<?xml version="1.0" encoding="UTF-8"?>
<testsuite xmlns:xsi="http://www.w3.org/2001/XMLSchema-instance" xsi:noNamespaceSchemaLocation="https://maven.apache.org/surefire/maven-surefire-plugin/xsd/surefire-test-report.xsd" name="org.apache.hadoop.ozone.client.rpc.TestBlockOutputStreamWithFailures" time="671.205" tests="8" errors="5" skipped="0" failures="1">
  <properties>
    <property name="awt.toolkit" value="sun.awt.X11.XToolkit"/>
    <property name="file.encoding.pkg" value="sun.io"/>
    <property name="java.specification.version" value="1.8"/>
    <property name="sun.cpu.isalist" value=""/>
    <property name="sun.jnu.encoding" value="UTF-8"/>
    <property name="java.class.path" value="/tmp/workdir/hadoop-ozone/integration-test/target/test-classes:/tmp/workdir/hadoop-ozone/integration-test/target/classes:/home/user/.m2/repository/org/apache/hadoop/hadoop-ozone-common/0.5.0-SNAPSHOT/hadoop-ozone-common-0.5.0-SNAPSHOT.jar:/home/user/.m2/repository/org/apache/commons/commons-compress/1.4.1/commons-compress-1.4.1.jar:/home/user/.m2/repository/org/tukaani/xz/1.0/xz-1.0.jar:/home/user/.m2/repository/org/apache/hadoop/hadoop-common/3.2.0/hadoop-common-3.2.0.jar:/home/user/.m2/repository/org/apache/hadoop/hadoop-hdfs/3.2.0/hadoop-hdfs-3.2.0.jar:/home/user/.m2/repository/org/apache/hadoop/hadoop-hdfs-client/3.2.0/hadoop-hdfs-client-3.2.0.jar:/home/user/.m2/repository/com/fasterxml/jackson/core/jackson-annotations/2.9.5/jackson-annotations-2.9.5.jar:/home/user/.m2/repository/org/apache/hadoop/hadoop-hdds-common/0.5.0-SNAPSHOT/hadoop-hdds-common-0.5.0-SNAPSHOT.jar:/home/user/.m2/repository/javax/annotation/javax.annotation-api/1.2/javax.annotation-api-1.2.jar:/home/user/.m2/repository/org/apache/ratis/ratis-server/0.4.0-2337318-SNAPSHOT/ratis-server-0.4.0-2337318-SNAPSHOT.jar:/home/user/.m2/repository/org/apache/ratis/ratis-thirdparty-misc/0.2.0/ratis-thirdparty-misc-0.2.0.jar:/home/user/.m2/repository/org/apache/ratis/ratis-proto/0.4.0-2337318-SNAPSHOT/ratis-proto-0.4.0-2337318-SNAPSHOT.jar:/home/user/.m2/repository/org/apache/ratis/ratis-common/0.4.0-2337318-SNAPSHOT/ratis-common-0.4.0-2337318-SNAPSHOT.jar:/home/user/.m2/repository/org/apache/ratis/ratis-client/0.4.0-2337318-SNAPSHOT/ratis-client-0.4.0-2337318-SNAPSHOT.jar:/home/user/.m2/repository/org/apache/ratis/ratis-metrics/0.4.0-2337318-SNAPSHOT/ratis-metrics-0.4.0-2337318-SNAPSHOT.jar:/home/user/.m2/repository/org/apache/ratis/ratis-netty/0.4.0-2337318-SNAPSHOT/ratis-netty-0.4.0-2337318-SNAPSHOT.jar:/home/user/.m2/repository/org/apache/ratis/ratis-grpc/0.4.0-2337318-SNAPSHOT/ratis-grpc-0.4.0-2337318-SNAPSHOT.jar:/home/user/.m2/repository/org/rocksdb/rocksdbjni/6.0.1/rocksdbjni-6.0.1.jar:/home/user/.m2/repository/org/apache/logging/log4j/log4j-api/2.11.0/log4j-api-2.11.0.jar:/home/user/.m2/repository/org/apache/logging/log4j/log4j-core/2.11.0/log4j-core-2.11.0.jar:/home/user/.m2/repository/com/lmax/disruptor/3.4.2/disruptor-3.4.2.jar:/home/user/.m2/repository/org/apache/commons/commons-pool2/2.6.0/commons-pool2-2.6.0.jar:/home/user/.m2/repository/org/bouncycastle/bcpkix-jdk15on/1.60/bcpkix-jdk15on-1.60.jar:/home/user/.m2/repository/commons-validator/commons-validator/1.6/commons-validator-1.6.jar:/home/user/.m2/repository/commons-digester/commons-digester/1.8.1/commons-digester-1.8.1.jar:/home/user/.m2/repository/io/jaegertracing/jaeger-client/0.33.1/jaeger-client-0.33.1.jar:/home/user/.m2/repository/io/jaegertracing/jaeger-thrift/0.33.1/jaeger-thrift-0.33.1.jar:/home/user/.m2/repository/org/apache/thrift/libthrift/0.11.0/libthrift-0.11.0.jar:/home/user/.m2/repository/com/squareup/okhttp3/okhttp/3.9.0/okhttp-3.9.0.jar:/home/user/.m2/repository/com/squareup/okio/okio/1.13.0/okio-1.13.0.jar:/home/user/.m2/repository/io/jaegertracing/jaeger-core/0.33.1/jaeger-core-0.33.1.jar:/home/user/.m2/repository/io/jaegertracing/jaeger-tracerresolver/0.33.1/jaeger-tracerresolver-0.33.1.jar:/home/user/.m2/repository/io/opentracing/contrib/opentracing-tracerresolver/0.1.5/opentracing-tracerresolver-0.1.5.jar:/home/user/.m2/repository/io/opentracing/opentracing-util/0.31.0/opentracing-util-0.31.0.jar:/home/user/.m2/repository/io/opentracing/opentracing-api/0.31.0/opentracing-api-0.31.0.jar:/home/user/.m2/repository/io/opentracing/opentracing-noop/0.31.0/opentracing-noop-0.31.0.jar:/home/user/.m2/repository/org/apache/hadoop/hadoop-hdds-server-framework/0.5.0-SNAPSHOT/hadoop-hdds-server-framework-0.5.0-SNAPSHOT.jar:/home/user/.m2/repository/org/apache/hadoop/hadoop-hdds-container-service/0.5.0-SNAPSHOT/hadoop-hdds-container-service-0.5.0-SNAPSHOT.jar:/home/user/.m2/repository/org/apache/hadoop/hadoop-hdds-client/0.5.0-SNAPSHOT/hadoop-hdds-client-0.5.0-SNAPSHOT.jar:/home/user/.m2/repository/org/apache/hadoop/hadoop-hdds-tools/0.5.0-SNAPSHOT/hadoop-hdds-tools-0.5.0-SNAPSHOT.jar:/home/user/.m2/repository/org/apache/hadoop/hadoop-hdds-server-scm/0.5.0-SNAPSHOT/hadoop-hdds-server-scm-0.5.0-SNAPSHOT.jar:/home/user/.m2/repository/org/apache/hadoop/hadoop-hdds-docs/0.5.0-SNAPSHOT/hadoop-hdds-docs-0.5.0-SNAPSHOT.jar:/home/user/.m2/repository/io/dropwizard/metrics/metrics-core/3.2.4/metrics-core-3.2.4.jar:/home/user/.m2/repository/org/hamcrest/hamcrest-all/1.3/hamcrest-all-1.3.jar:/home/user/.m2/repository/org/bouncycastle/bcprov-jdk15on/1.60/bcprov-jdk15on-1.60.jar:/home/user/.m2/repository/info/picocli/picocli/3.9.6/picocli-3.9.6.jar:/home/user/.m2/repository/com/google/protobuf/protobuf-java/2.5.0/protobuf-java-2.5.0.jar:/home/user/.m2/repository/com/google/guava/guava/11.0.2/guava-11.0.2.jar:/home/user/.m2/repository/org/apache/hadoop/hadoop-ozone-ozone-manager/0.5.0-SNAPSHOT/hadoop-ozone-ozone-manager-0.5.0-SNAPSHOT.jar:/home/user/.m2/repository/org/apache/hadoop/hadoop-minikdc/3.2.0/hadoop-minikdc-3.2.0.jar:/home/user/.m2/repository/commons-io/commons-io/2.5/commons-io-2.5.jar:/home/user/.m2/repository/org/apache/kerby/kerb-simplekdc/1.0.1/kerb-simplekdc-1.0.1.jar:/home/user/.m2/repository/org/apache/kerby/kerb-client/1.0.1/kerb-client-1.0.1.jar:/home/user/.m2/repository/org/apache/kerby/kerby-config/1.0.1/kerby-config-1.0.1.jar:/home/user/.m2/repository/org/apache/kerby/kerb-core/1.0.1/kerb-core-1.0.1.jar:/home/user/.m2/repository/org/apache/kerby/kerby-pkix/1.0.1/kerby-pkix-1.0.1.jar:/home/user/.m2/repository/org/apache/kerby/kerby-asn1/1.0.1/kerby-asn1-1.0.1.jar:/home/user/.m2/repository/org/apache/kerby/kerby-util/1.0.1/kerby-util-1.0.1.jar:/home/user/.m2/repository/org/apache/kerby/kerb-common/1.0.1/kerb-common-1.0.1.jar:/home/user/.m2/repository/org/apache/kerby/kerb-crypto/1.0.1/kerb-crypto-1.0.1.jar:/home/user/.m2/repository/org/apache/kerby/kerb-util/1.0.1/kerb-util-1.0.1.jar:/home/user/.m2/repository/org/apache/kerby/token-provider/1.0.1/token-provider-1.0.1.jar:/home/user/.m2/repository/org/apache/kerby/kerb-admin/1.0.1/kerb-admin-1.0.1.jar:/home/user/.m2/repository/org/apache/kerby/kerb-server/1.0.1/kerb-server-1.0.1.jar:/home/user/.m2/repository/org/apache/kerby/kerb-identity/1.0.1/kerb-identity-1.0.1.jar:/home/user/.m2/repository/org/apache/kerby/kerby-xdr/1.0.1/kerby-xdr-1.0.1.jar:/home/user/.m2/repository/org/slf4j/slf4j-log4j12/1.7.25/slf4j-log4j12-1.7.25.jar:/home/user/.m2/repository/org/apache/hadoop/hadoop-ozone-objectstore-service/0.5.0-SNAPSHOT/hadoop-ozone-objectstore-service-0.5.0-SNAPSHOT.jar:/home/user/.m2/repository/org/apache/hadoop/hadoop-ozone-s3gateway/0.5.0-SNAPSHOT/hadoop-ozone-s3gateway-0.5.0-SNAPSHOT.jar:/home/user/.m2/repository/org/jboss/weld/servlet/weld-servlet/2.4.7.Final/weld-servlet-2.4.7.Final.jar:/home/user/.m2/repository/org/glassfish/jersey/containers/jersey-container-servlet-core/2.27/jersey-container-servlet-core-2.27.jar:/home/user/.m2/repository/org/glassfish/hk2/external/javax.inject/2.5.0-b42/javax.inject-2.5.0-b42.jar:/home/user/.m2/repository/org/glassfish/jersey/core/jersey-common/2.27/jersey-common-2.27.jar:/home/user/.m2/repository/org/glassfish/hk2/osgi-resource-locator/1.0.1/osgi-resource-locator-1.0.1.jar:/home/user/.m2/repository/javax/ws/rs/javax.ws.rs-api/2.1/javax.ws.rs-api-2.1.jar:/home/user/.m2/repository/org/glassfish/jersey/ext/cdi/jersey-cdi1x/2.27/jersey-cdi1x-2.27.jar:/home/user/.m2/repository/org/glassfish/jersey/inject/jersey-hk2/2.27/jersey-hk2-2.27.jar:/home/user/.m2/repository/org/glassfish/hk2/hk2-locator/2.5.0-b42/hk2-locator-2.5.0-b42.jar:/home/user/.m2/repository/org/javassist/javassist/3.22.0-CR2/javassist-3.22.0-CR2.jar:/home/user/.m2/repository/org/glassfish/hk2/hk2-api/2.5.0/hk2-api-2.5.0.jar:/home/user/.m2/repository/org/glassfish/hk2/external/jakarta.inject/2.5.0/jakarta.inject-2.5.0.jar:/home/user/.m2/repository/org/glassfish/hk2/hk2-utils/2.5.0/hk2-utils-2.5.0.jar:/home/user/.m2/repository/jakarta/annotation/jakarta.annotation-api/1.3.4/jakarta.annotation-api-1.3.4.jar:/home/user/.m2/repository/org/glassfish/hk2/external/aopalliance-repackaged/2.5.0/aopalliance-repackaged-2.5.0.jar:/home/user/.m2/repository/com/fasterxml/jackson/dataformat/jackson-dataformat-xml/2.9.0/jackson-dataformat-xml-2.9.0.jar:/home/user/.m2/repository/com/fasterxml/jackson/core/jackson-core/2.9.5/jackson-core-2.9.5.jar:/home/user/.m2/repository/com/fasterxml/jackson/module/jackson-module-jaxb-annotations/2.9.5/jackson-module-jaxb-annotations-2.9.5.jar:/home/user/.m2/repository/javax/enterprise/cdi-api/1.2/cdi-api-1.2.jar:/home/user/.m2/repository/javax/el/javax.el-api/3.0.0/javax.el-api-3.0.0.jar:/home/user/.m2/repository/javax/interceptor/javax.interceptor-api/1.2/javax.interceptor-api-1.2.jar:/home/user/.m2/repository/javax/inject/javax.inject/1/javax.inject-1.jar:/home/user/.m2/repository/com/sun/xml/bind/jaxb-impl/2.3.0.1/jaxb-impl-2.3.0.1.jar:/home/user/.m2/repository/com/sun/xml/bind/jaxb-core/2.3.0.1/jaxb-core-2.3.0.1.jar:/home/user/.m2/repository/javax/xml/bind/jaxb-api/2.3.0/jaxb-api-2.3.0.jar:/home/user/.m2/repository/javax/activation/activation/1.1.1/activation-1.1.1.jar:/home/user/.m2/repository/org/apache/hadoop/hadoop-ozone-csi/0.5.0-SNAPSHOT/hadoop-ozone-csi-0.5.0-SNAPSHOT.jar:/home/user/.m2/repository/com/google/protobuf/protobuf-java-util/3.5.1/protobuf-java-util-3.5.1.jar:/home/user/.m2/repository/org/apache/hadoop/hadoop-hdds-config/0.5.0-SNAPSHOT/hadoop-hdds-config-0.5.0-SNAPSHOT.jar:/home/user/.m2/repository/io/grpc/grpc-netty/1.17.1/grpc-netty-1.17.1.jar:/home/user/.m2/repository/io/grpc/grpc-core/1.17.1/grpc-core-1.17.1.jar:/home/user/.m2/repository/io/grpc/grpc-context/1.17.1/grpc-context-1.17.1.jar:/home/user/.m2/repository/com/google/errorprone/error_prone_annotations/2.2.0/error_prone_annotations-2.2.0.jar:/home/user/.m2/repository/org/codehaus/mojo/animal-sniffer-annotations/1.17/animal-sniffer-annotations-1.17.jar:/home/user/.m2/repository/io/opencensus/opencensus-api/0.17.0/opencensus-api-0.17.0.jar:/home/user/.m2/repository/io/opencensus/opencensus-contrib-grpc-metrics/0.17.0/opencensus-contrib-grpc-metrics-0.17.0.jar:/home/user/.m2/repository/io/netty/netty-codec-http2/4.1.30.Final/netty-codec-http2-4.1.30.Final.jar:/home/user/.m2/repository/io/netty/netty-codec-http/4.1.30.Final/netty-codec-http-4.1.30.Final.jar:/home/user/.m2/repository/io/netty/netty-codec/4.1.30.Final/netty-codec-4.1.30.Final.jar:/home/user/.m2/repository/io/netty/netty-handler/4.1.30.Final/netty-handler-4.1.30.Final.jar:/home/user/.m2/repository/io/netty/netty-handler-proxy/4.1.30.Final/netty-handler-proxy-4.1.30.Final.jar:/home/user/.m2/repository/io/netty/netty-codec-socks/4.1.30.Final/netty-codec-socks-4.1.30.Final.jar:/home/user/.m2/repository/io/netty/netty-transport-native-epoll/4.1.30.Final/netty-transport-native-epoll-4.1.30.Final.jar:/home/user/.m2/repository/io/netty/netty-common/4.1.30.Final/netty-common-4.1.30.Final.jar:/home/user/.m2/repository/io/netty/netty-buffer/4.1.30.Final/netty-buffer-4.1.30.Final.jar:/home/user/.m2/repository/io/netty/netty-transport/4.1.30.Final/netty-transport-4.1.30.Final.jar:/home/user/.m2/repository/io/netty/netty-resolver/4.1.30.Final/netty-resolver-4.1.30.Final.jar:/home/user/.m2/repository/io/netty/netty-transport-native-unix-common/4.1.30.Final/netty-transport-native-unix-common-4.1.30.Final.jar:/home/user/.m2/repository/io/grpc/grpc-protobuf/1.17.1/grpc-protobuf-1.17.1.jar:/home/user/.m2/repository/com/google/api/grpc/proto-google-common-protos/1.0.0/proto-google-common-protos-1.0.0.jar:/home/user/.m2/repository/io/grpc/grpc-protobuf-lite/1.17.1/grpc-protobuf-lite-1.17.1.jar:/home/user/.m2/repository/io/grpc/grpc-stub/1.17.1/grpc-stub-1.17.1.jar:/home/user/.m2/repository/org/apache/hadoop/hadoop-ozone-recon/0.5.0-SNAPSHOT/hadoop-ozone-recon-0.5.0-SNAPSHOT.jar:/home/user/.m2/repository/org/apache/hadoop/hadoop-ozone-reconcodegen/0.5.0-SNAPSHOT/hadoop-ozone-reconcodegen-0.5.0-SNAPSHOT.jar:/home/user/.m2/repository/com/google/inject/extensions/guice-multibindings/4.0/guice-multibindings-4.0.jar:/home/user/.m2/repository/com/google/inject/guice/4.0/guice-4.0.jar:/home/user/.m2/repository/aopalliance/aopalliance/1.0/aopalliance-1.0.jar:/home/user/.m2/repository/com/google/inject/extensions/guice-servlet/4.0/guice-servlet-4.0.jar:/home/user/.m2/repository/org/glassfish/jersey/containers/jersey-container-servlet/2.27/jersey-container-servlet-2.27.jar:/home/user/.m2/repository/org/glassfish/hk2/guice-bridge/2.5.0/guice-bridge-2.5.0.jar:/home/user/.m2/repository/org/glassfish/jersey/core/jersey-server/2.27/jersey-server-2.27.jar:/home/user/.m2/repository/org/glassfish/jersey/core/jersey-client/2.27/jersey-client-2.27.jar:/home/user/.m2/repository/org/glassfish/jersey/media/jersey-media-jaxb/2.27/jersey-media-jaxb-2.27.jar:/home/user/.m2/repository/javax/validation/validation-api/1.1.0.Final/validation-api-1.1.0.Final.jar:/home/user/.m2/repository/org/glassfish/jersey/media/jersey-media-json-jackson/2.27/jersey-media-json-jackson-2.27.jar:/home/user/.m2/repository/org/glassfish/jersey/ext/jersey-entity-filtering/2.27/jersey-entity-filtering-2.27.jar:/home/user/.m2/repository/com/google/inject/extensions/guice-assistedinject/4.0/guice-assistedinject-4.0.jar:/home/user/.m2/repository/org/jooq/jooq/3.11.10/jooq-3.11.10.jar:/home/user/.m2/repository/org/jooq/jooq-meta/3.11.10/jooq-meta-3.11.10.jar:/home/user/.m2/repository/org/jooq/jooq-codegen/3.11.10/jooq-codegen-3.11.10.jar:/home/user/.m2/repository/com/jolbox/bonecp/0.8.0.RELEASE/bonecp-0.8.0.RELEASE.jar:/home/user/.m2/repository/org/xerial/sqlite-jdbc/3.25.2/sqlite-jdbc-3.25.2.jar:/home/user/.m2/repository/org/springframework/spring-jdbc/5.1.3.RELEASE/spring-jdbc-5.1.3.RELEASE.jar:/home/user/.m2/repository/org/springframework/spring-beans/5.1.3.RELEASE/spring-beans-5.1.3.RELEASE.jar:/home/user/.m2/repository/org/springframework/spring-core/5.1.3.RELEASE/spring-core-5.1.3.RELEASE.jar:/home/user/.m2/repository/org/springframework/spring-jcl/5.1.3.RELEASE/spring-jcl-5.1.3.RELEASE.jar:/home/user/.m2/repository/org/springframework/spring-tx/5.1.3.RELEASE/spring-tx-5.1.3.RELEASE.jar:/home/user/.m2/repository/org/apache/hadoop/hadoop-ozone-client/0.5.0-SNAPSHOT/hadoop-ozone-client-0.5.0-SNAPSHOT.jar:/home/user/.m2/repository/commons-lang/commons-lang/2.6/commons-lang-2.6.jar:/home/user/.m2/repository/org/apache/hadoop/hadoop-ozone-ozone-manager/0.5.0-SNAPSHOT/hadoop-ozone-ozone-manager-0.5.0-SNAPSHOT-tests.jar:/home/user/.m2/repository/junit/junit/4.11/junit-4.11.jar:/home/user/.m2/repository/org/hamcrest/hamcrest-core/1.3/hamcrest-core-1.3.jar:/home/user/.m2/repository/org/openjdk/jmh/jmh-core/1.19/jmh-core-1.19.jar:/home/user/.m2/repository/net/sf/jopt-simple/jopt-simple/4.6/jopt-simple-4.6.jar:/home/user/.m2/repository/org/apache/commons/commons-math3/3.1.1/commons-math3-3.1.1.jar:/home/user/.m2/repository/org/openjdk/jmh/jmh-generator-annprocess/1.19/jmh-generator-annprocess-1.19.jar:/home/user/.m2/repository/org/mockito/mockito-all/1.8.5/mockito-all-1.8.5.jar:/home/user/.m2/repository/org/apache/hadoop/hadoop-kms/3.2.0/hadoop-kms-3.2.0.jar:/home/user/.m2/repository/org/apache/hadoop/hadoop-auth/3.2.0/hadoop-auth-3.2.0.jar:/home/user/.m2/repository/com/nimbusds/nimbus-jose-jwt/4.41.1/nimbus-jose-jwt-4.41.1.jar:/home/user/.m2/repository/com/github/stephenc/jcip/jcip-annotations/1.0-1/jcip-annotations-1.0-1.jar:/home/user/.m2/repository/net/minidev/json-smart/2.3/json-smart-2.3.jar:/home/user/.m2/repository/net/minidev/accessors-smart/1.2/accessors-smart-1.2.jar:/home/user/.m2/repository/org/ow2/asm/asm/5.0.4/asm-5.0.4.jar:/home/user/.m2/repository/org/apache/curator/curator-framework/2.12.0/curator-framework-2.12.0.jar:/home/user/.m2/repository/com/sun/jersey/jersey-core/1.19/jersey-core-1.19.jar:/home/user/.m2/repository/javax/ws/rs/jsr311-api/1.1.1/jsr311-api-1.1.1.jar:/home/user/.m2/repository/com/sun/jersey/jersey-server/1.19/jersey-server-1.19.jar:/home/user/.m2/repository/javax/servlet/javax.servlet-api/3.1.0/javax.servlet-api-3.1.0.jar:/home/user/.m2/repository/org/eclipse/jetty/jetty-server/9.3.24.v20180605/jetty-server-9.3.24.v20180605.jar:/home/user/.m2/repository/org/eclipse/jetty/jetty-http/9.3.24.v20180605/jetty-http-9.3.24.v20180605.jar:/home/user/.m2/repository/org/eclipse/jetty/jetty-io/9.3.24.v20180605/jetty-io-9.3.24.v20180605.jar:/home/user/.m2/repository/org/eclipse/jetty/jetty-webapp/9.3.24.v20180605/jetty-webapp-9.3.24.v20180605.jar:/home/user/.m2/repository/org/eclipse/jetty/jetty-xml/9.3.24.v20180605/jetty-xml-9.3.24.v20180605.jar:/home/user/.m2/repository/log4j/log4j/1.2.17/log4j-1.2.17.jar:/home/user/.m2/repository/org/slf4j/slf4j-api/1.7.25/slf4j-api-1.7.25.jar:/home/user/.m2/repository/org/slf4j/jul-to-slf4j/1.7.25/jul-to-slf4j-1.7.25.jar:/home/user/.m2/repository/org/eclipse/jetty/jetty-util/9.3.24.v20180605/jetty-util-9.3.24.v20180605.jar:/home/user/.m2/repository/com/fasterxml/jackson/core/jackson-databind/2.9.5/jackson-databind-2.9.5.jar:/home/user/.m2/repository/org/apache/hadoop/hadoop-kms/3.2.0/hadoop-kms-3.2.0-tests.jar:/home/user/.m2/repository/org/apache/hadoop/hadoop-hdds-server-scm/0.5.0-SNAPSHOT/hadoop-hdds-server-scm-0.5.0-SNAPSHOT-tests.jar:/home/user/.m2/repository/org/apache/hadoop/hadoop-hdds-container-service/0.5.0-SNAPSHOT/hadoop-hdds-container-service-0.5.0-SNAPSHOT-tests.jar:/home/user/.m2/repository/org/yaml/snakeyaml/1.16/snakeyaml-1.16.jar:/home/user/.m2/repository/org/apache/hadoop/hadoop-common/3.2.0/hadoop-common-3.2.0-tests.jar:/home/user/.m2/repository/org/apache/hadoop/hadoop-annotations/3.2.0/hadoop-annotations-3.2.0.jar:/usr/lib/jvm/java-1.8-openjdk/jre/../lib/tools.jar:/home/user/.m2/repository/commons-cli/commons-cli/1.2/commons-cli-1.2.jar:/home/user/.m2/repository/org/apache/httpcomponents/httpclient/4.5.2/httpclient-4.5.2.jar:/home/user/.m2/repository/org/apache/httpcomponents/httpcore/4.4.4/httpcore-4.4.4.jar:/home/user/.m2/repository/commons-codec/commons-codec/1.11/commons-codec-1.11.jar:/home/user/.m2/repository/commons-net/commons-net/3.6/commons-net-3.6.jar:/home/user/.m2/repository/commons-collections/commons-collections/3.2.2/commons-collections-3.2.2.jar:/home/user/.m2/repository/org/eclipse/jetty/jetty-servlet/9.3.24.v20180605/jetty-servlet-9.3.24.v20180605.jar:/home/user/.m2/repository/org/eclipse/jetty/jetty-security/9.3.24.v20180605/jetty-security-9.3.24.v20180605.jar:/home/user/.m2/repository/javax/servlet/jsp/jsp-api/2.1/jsp-api-2.1.jar:/home/user/.m2/repository/com/sun/jersey/jersey-servlet/1.19/jersey-servlet-1.19.jar:/home/user/.m2/repository/com/sun/jersey/jersey-json/1.19/jersey-json-1.19.jar:/home/user/.m2/repository/org/codehaus/jettison/jettison/1.1/jettison-1.1.jar:/home/user/.m2/repository/org/codehaus/jackson/jackson-core-asl/1.9.13/jackson-core-asl-1.9.13.jar:/home/user/.m2/repository/org/codehaus/jackson/jackson-mapper-asl/1.9.13/jackson-mapper-asl-1.9.13.jar:/home/user/.m2/repository/org/codehaus/jackson/jackson-jaxrs/1.9.13/jackson-jaxrs-1.9.13.jar:/home/user/.m2/repository/org/codehaus/jackson/jackson-xc/1.9.13/jackson-xc-1.9.13.jar:/home/user/.m2/repository/commons-logging/commons-logging/1.1.3/commons-logging-1.1.3.jar:/home/user/.m2/repository/commons-beanutils/commons-beanutils/1.9.3/commons-beanutils-1.9.3.jar:/home/user/.m2/repository/org/apache/commons/commons-configuration2/2.1.1/commons-configuration2-2.1.1.jar:/home/user/.m2/repository/org/apache/commons/commons-lang3/3.7/commons-lang3-3.7.jar:/home/user/.m2/repository/org/apache/commons/commons-text/1.4/commons-text-1.4.jar:/home/user/.m2/repository/org/apache/avro/avro/1.7.7/avro-1.7.7.jar:/home/user/.m2/repository/com/thoughtworks/paranamer/paranamer/2.3/paranamer-2.3.jar:/home/user/.m2/repository/org/xerial/snappy/snappy-java/1.0.5/snappy-java-1.0.5.jar:/home/user/.m2/repository/com/google/re2j/re2j/1.1/re2j-1.1.jar:/home/user/.m2/repository/com/google/code/gson/gson/2.2.4/gson-2.2.4.jar:/home/user/.m2/repository/com/jcraft/jsch/0.1.54/jsch-0.1.54.jar:/home/user/.m2/repository/org/apache/curator/curator-client/2.12.0/curator-client-2.12.0.jar:/home/user/.m2/repository/org/apache/curator/curator-recipes/2.12.0/curator-recipes-2.12.0.jar:/home/user/.m2/repository/com/google/code/findbugs/jsr305/3.0.0/jsr305-3.0.0.jar:/home/user/.m2/repository/org/apache/htrace/htrace-core4/4.1.0-incubating/htrace-core4-4.1.0-incubating.jar:/home/user/.m2/repository/org/apache/zookeeper/zookeeper/3.4.13/zookeeper-3.4.13.jar:/home/user/.m2/repository/org/apache/yetus/audience-annotations/0.5.0/audience-annotations-0.5.0.jar:/home/user/.m2/repository/org/codehaus/woodstox/stax2-api/3.1.4/stax2-api-3.1.4.jar:/home/user/.m2/repository/com/fasterxml/woodstox/woodstox-core/5.0.3/woodstox-core-5.0.3.jar:/home/user/.m2/repository/dnsjava/dnsjava/2.1.7/dnsjava-2.1.7.jar:/home/user/.m2/repository/org/apache/hadoop/hadoop-hdfs/3.2.0/hadoop-hdfs-3.2.0-tests.jar:/home/user/.m2/repository/org/eclipse/jetty/jetty-util-ajax/9.3.24.v20180605/jetty-util-ajax-9.3.24.v20180605.jar:/home/user/.m2/repository/commons-daemon/commons-daemon/1.0.13/commons-daemon-1.0.13.jar:/home/user/.m2/repository/io/netty/netty/3.10.5.Final/netty-3.10.5.Final.jar:/home/user/.m2/repository/io/netty/netty-all/4.0.52.Final/netty-all-4.0.52.Final.jar:/home/user/.m2/repository/org/fusesource/leveldbjni/leveldbjni-all/1.8/leveldbjni-all-1.8.jar:"/>
    <property name="java.vm.vendor" value="IcedTea"/>
    <property name="sun.arch.data.model" value="64"/>
    <property name="test.build.dir" value="/tmp/workdir/hadoop-ozone/integration-test/target/test-dir"/>
    <property name="test.cache.data" value=""/>
    <property name="java.vendor.url" value="https://icedtea.classpath.org"/>
    <property name="user.timezone" value=""/>
    <property name="java.vm.specification.version" value="1.8"/>
    <property name="os.name" value="Linux"/>
    <property name="test.build.data" value="/tmp/workdir/hadoop-ozone/integration-test/target/test-dir"/>
    <property name="user.country" value="US"/>
    <property name="sun.java.launcher" value="SUN_STANDARD"/>
    <property name="sun.boot.library.path" value="/usr/lib/jvm/java-1.8-openjdk/jre/lib/amd64"/>
    <property name="sun.java.command" value="/tmp/workdir/hadoop-ozone/integration-test/target/surefire/surefirebooter9083809863466694294.jar /tmp/workdir/hadoop-ozone/integration-test/target/surefire 2019-07-13T16-10-13_940-jvmRun1 surefire6192939717683851530tmp surefire_283729650909881219378tmp"/>
    <property name="surefire.test.class.path" value="/tmp/workdir/hadoop-ozone/integration-test/target/test-classes:/tmp/workdir/hadoop-ozone/integration-test/target/classes:/home/user/.m2/repository/org/apache/hadoop/hadoop-ozone-common/0.5.0-SNAPSHOT/hadoop-ozone-common-0.5.0-SNAPSHOT.jar:/home/user/.m2/repository/org/apache/commons/commons-compress/1.4.1/commons-compress-1.4.1.jar:/home/user/.m2/repository/org/tukaani/xz/1.0/xz-1.0.jar:/home/user/.m2/repository/org/apache/hadoop/hadoop-common/3.2.0/hadoop-common-3.2.0.jar:/home/user/.m2/repository/org/apache/hadoop/hadoop-hdfs/3.2.0/hadoop-hdfs-3.2.0.jar:/home/user/.m2/repository/org/apache/hadoop/hadoop-hdfs-client/3.2.0/hadoop-hdfs-client-3.2.0.jar:/home/user/.m2/repository/com/fasterxml/jackson/core/jackson-annotations/2.9.5/jackson-annotations-2.9.5.jar:/home/user/.m2/repository/org/apache/hadoop/hadoop-hdds-common/0.5.0-SNAPSHOT/hadoop-hdds-common-0.5.0-SNAPSHOT.jar:/home/user/.m2/repository/javax/annotation/javax.annotation-api/1.2/javax.annotation-api-1.2.jar:/home/user/.m2/repository/org/apache/ratis/ratis-server/0.4.0-2337318-SNAPSHOT/ratis-server-0.4.0-2337318-SNAPSHOT.jar:/home/user/.m2/repository/org/apache/ratis/ratis-thirdparty-misc/0.2.0/ratis-thirdparty-misc-0.2.0.jar:/home/user/.m2/repository/org/apache/ratis/ratis-proto/0.4.0-2337318-SNAPSHOT/ratis-proto-0.4.0-2337318-SNAPSHOT.jar:/home/user/.m2/repository/org/apache/ratis/ratis-common/0.4.0-2337318-SNAPSHOT/ratis-common-0.4.0-2337318-SNAPSHOT.jar:/home/user/.m2/repository/org/apache/ratis/ratis-client/0.4.0-2337318-SNAPSHOT/ratis-client-0.4.0-2337318-SNAPSHOT.jar:/home/user/.m2/repository/org/apache/ratis/ratis-metrics/0.4.0-2337318-SNAPSHOT/ratis-metrics-0.4.0-2337318-SNAPSHOT.jar:/home/user/.m2/repository/org/apache/ratis/ratis-netty/0.4.0-2337318-SNAPSHOT/ratis-netty-0.4.0-2337318-SNAPSHOT.jar:/home/user/.m2/repository/org/apache/ratis/ratis-grpc/0.4.0-2337318-SNAPSHOT/ratis-grpc-0.4.0-2337318-SNAPSHOT.jar:/home/user/.m2/repository/org/rocksdb/rocksdbjni/6.0.1/rocksdbjni-6.0.1.jar:/home/user/.m2/repository/org/apache/logging/log4j/log4j-api/2.11.0/log4j-api-2.11.0.jar:/home/user/.m2/repository/org/apache/logging/log4j/log4j-core/2.11.0/log4j-core-2.11.0.jar:/home/user/.m2/repository/com/lmax/disruptor/3.4.2/disruptor-3.4.2.jar:/home/user/.m2/repository/org/apache/commons/commons-pool2/2.6.0/commons-pool2-2.6.0.jar:/home/user/.m2/repository/org/bouncycastle/bcpkix-jdk15on/1.60/bcpkix-jdk15on-1.60.jar:/home/user/.m2/repository/commons-validator/commons-validator/1.6/commons-validator-1.6.jar:/home/user/.m2/repository/commons-digester/commons-digester/1.8.1/commons-digester-1.8.1.jar:/home/user/.m2/repository/io/jaegertracing/jaeger-client/0.33.1/jaeger-client-0.33.1.jar:/home/user/.m2/repository/io/jaegertracing/jaeger-thrift/0.33.1/jaeger-thrift-0.33.1.jar:/home/user/.m2/repository/org/apache/thrift/libthrift/0.11.0/libthrift-0.11.0.jar:/home/user/.m2/repository/com/squareup/okhttp3/okhttp/3.9.0/okhttp-3.9.0.jar:/home/user/.m2/repository/com/squareup/okio/okio/1.13.0/okio-1.13.0.jar:/home/user/.m2/repository/io/jaegertracing/jaeger-core/0.33.1/jaeger-core-0.33.1.jar:/home/user/.m2/repository/io/jaegertracing/jaeger-tracerresolver/0.33.1/jaeger-tracerresolver-0.33.1.jar:/home/user/.m2/repository/io/opentracing/contrib/opentracing-tracerresolver/0.1.5/opentracing-tracerresolver-0.1.5.jar:/home/user/.m2/repository/io/opentracing/opentracing-util/0.31.0/opentracing-util-0.31.0.jar:/home/user/.m2/repository/io/opentracing/opentracing-api/0.31.0/opentracing-api-0.31.0.jar:/home/user/.m2/repository/io/opentracing/opentracing-noop/0.31.0/opentracing-noop-0.31.0.jar:/home/user/.m2/repository/org/apache/hadoop/hadoop-hdds-server-framework/0.5.0-SNAPSHOT/hadoop-hdds-server-framework-0.5.0-SNAPSHOT.jar:/home/user/.m2/repository/org/apache/hadoop/hadoop-hdds-container-service/0.5.0-SNAPSHOT/hadoop-hdds-container-service-0.5.0-SNAPSHOT.jar:/home/user/.m2/repository/org/apache/hadoop/hadoop-hdds-client/0.5.0-SNAPSHOT/hadoop-hdds-client-0.5.0-SNAPSHOT.jar:/home/user/.m2/repository/org/apache/hadoop/hadoop-hdds-tools/0.5.0-SNAPSHOT/hadoop-hdds-tools-0.5.0-SNAPSHOT.jar:/home/user/.m2/repository/org/apache/hadoop/hadoop-hdds-server-scm/0.5.0-SNAPSHOT/hadoop-hdds-server-scm-0.5.0-SNAPSHOT.jar:/home/user/.m2/repository/org/apache/hadoop/hadoop-hdds-docs/0.5.0-SNAPSHOT/hadoop-hdds-docs-0.5.0-SNAPSHOT.jar:/home/user/.m2/repository/io/dropwizard/metrics/metrics-core/3.2.4/metrics-core-3.2.4.jar:/home/user/.m2/repository/org/hamcrest/hamcrest-all/1.3/hamcrest-all-1.3.jar:/home/user/.m2/repository/org/bouncycastle/bcprov-jdk15on/1.60/bcprov-jdk15on-1.60.jar:/home/user/.m2/repository/info/picocli/picocli/3.9.6/picocli-3.9.6.jar:/home/user/.m2/repository/com/google/protobuf/protobuf-java/2.5.0/protobuf-java-2.5.0.jar:/home/user/.m2/repository/com/google/guava/guava/11.0.2/guava-11.0.2.jar:/home/user/.m2/repository/org/apache/hadoop/hadoop-ozone-ozone-manager/0.5.0-SNAPSHOT/hadoop-ozone-ozone-manager-0.5.0-SNAPSHOT.jar:/home/user/.m2/repository/org/apache/hadoop/hadoop-minikdc/3.2.0/hadoop-minikdc-3.2.0.jar:/home/user/.m2/repository/commons-io/commons-io/2.5/commons-io-2.5.jar:/home/user/.m2/repository/org/apache/kerby/kerb-simplekdc/1.0.1/kerb-simplekdc-1.0.1.jar:/home/user/.m2/repository/org/apache/kerby/kerb-client/1.0.1/kerb-client-1.0.1.jar:/home/user/.m2/repository/org/apache/kerby/kerby-config/1.0.1/kerby-config-1.0.1.jar:/home/user/.m2/repository/org/apache/kerby/kerb-core/1.0.1/kerb-core-1.0.1.jar:/home/user/.m2/repository/org/apache/kerby/kerby-pkix/1.0.1/kerby-pkix-1.0.1.jar:/home/user/.m2/repository/org/apache/kerby/kerby-asn1/1.0.1/kerby-asn1-1.0.1.jar:/home/user/.m2/repository/org/apache/kerby/kerby-util/1.0.1/kerby-util-1.0.1.jar:/home/user/.m2/repository/org/apache/kerby/kerb-common/1.0.1/kerb-common-1.0.1.jar:/home/user/.m2/repository/org/apache/kerby/kerb-crypto/1.0.1/kerb-crypto-1.0.1.jar:/home/user/.m2/repository/org/apache/kerby/kerb-util/1.0.1/kerb-util-1.0.1.jar:/home/user/.m2/repository/org/apache/kerby/token-provider/1.0.1/token-provider-1.0.1.jar:/home/user/.m2/repository/org/apache/kerby/kerb-admin/1.0.1/kerb-admin-1.0.1.jar:/home/user/.m2/repository/org/apache/kerby/kerb-server/1.0.1/kerb-server-1.0.1.jar:/home/user/.m2/repository/org/apache/kerby/kerb-identity/1.0.1/kerb-identity-1.0.1.jar:/home/user/.m2/repository/org/apache/kerby/kerby-xdr/1.0.1/kerby-xdr-1.0.1.jar:/home/user/.m2/repository/org/slf4j/slf4j-log4j12/1.7.25/slf4j-log4j12-1.7.25.jar:/home/user/.m2/repository/org/apache/hadoop/hadoop-ozone-objectstore-service/0.5.0-SNAPSHOT/hadoop-ozone-objectstore-service-0.5.0-SNAPSHOT.jar:/home/user/.m2/repository/org/apache/hadoop/hadoop-ozone-s3gateway/0.5.0-SNAPSHOT/hadoop-ozone-s3gateway-0.5.0-SNAPSHOT.jar:/home/user/.m2/repository/org/jboss/weld/servlet/weld-servlet/2.4.7.Final/weld-servlet-2.4.7.Final.jar:/home/user/.m2/repository/org/glassfish/jersey/containers/jersey-container-servlet-core/2.27/jersey-container-servlet-core-2.27.jar:/home/user/.m2/repository/org/glassfish/hk2/external/javax.inject/2.5.0-b42/javax.inject-2.5.0-b42.jar:/home/user/.m2/repository/org/glassfish/jersey/core/jersey-common/2.27/jersey-common-2.27.jar:/home/user/.m2/repository/org/glassfish/hk2/osgi-resource-locator/1.0.1/osgi-resource-locator-1.0.1.jar:/home/user/.m2/repository/javax/ws/rs/javax.ws.rs-api/2.1/javax.ws.rs-api-2.1.jar:/home/user/.m2/repository/org/glassfish/jersey/ext/cdi/jersey-cdi1x/2.27/jersey-cdi1x-2.27.jar:/home/user/.m2/repository/org/glassfish/jersey/inject/jersey-hk2/2.27/jersey-hk2-2.27.jar:/home/user/.m2/repository/org/glassfish/hk2/hk2-locator/2.5.0-b42/hk2-locator-2.5.0-b42.jar:/home/user/.m2/repository/org/javassist/javassist/3.22.0-CR2/javassist-3.22.0-CR2.jar:/home/user/.m2/repository/org/glassfish/hk2/hk2-api/2.5.0/hk2-api-2.5.0.jar:/home/user/.m2/repository/org/glassfish/hk2/external/jakarta.inject/2.5.0/jakarta.inject-2.5.0.jar:/home/user/.m2/repository/org/glassfish/hk2/hk2-utils/2.5.0/hk2-utils-2.5.0.jar:/home/user/.m2/repository/jakarta/annotation/jakarta.annotation-api/1.3.4/jakarta.annotation-api-1.3.4.jar:/home/user/.m2/repository/org/glassfish/hk2/external/aopalliance-repackaged/2.5.0/aopalliance-repackaged-2.5.0.jar:/home/user/.m2/repository/com/fasterxml/jackson/dataformat/jackson-dataformat-xml/2.9.0/jackson-dataformat-xml-2.9.0.jar:/home/user/.m2/repository/com/fasterxml/jackson/core/jackson-core/2.9.5/jackson-core-2.9.5.jar:/home/user/.m2/repository/com/fasterxml/jackson/module/jackson-module-jaxb-annotations/2.9.5/jackson-module-jaxb-annotations-2.9.5.jar:/home/user/.m2/repository/javax/enterprise/cdi-api/1.2/cdi-api-1.2.jar:/home/user/.m2/repository/javax/el/javax.el-api/3.0.0/javax.el-api-3.0.0.jar:/home/user/.m2/repository/javax/interceptor/javax.interceptor-api/1.2/javax.interceptor-api-1.2.jar:/home/user/.m2/repository/javax/inject/javax.inject/1/javax.inject-1.jar:/home/user/.m2/repository/com/sun/xml/bind/jaxb-impl/2.3.0.1/jaxb-impl-2.3.0.1.jar:/home/user/.m2/repository/com/sun/xml/bind/jaxb-core/2.3.0.1/jaxb-core-2.3.0.1.jar:/home/user/.m2/repository/javax/xml/bind/jaxb-api/2.3.0/jaxb-api-2.3.0.jar:/home/user/.m2/repository/javax/activation/activation/1.1.1/activation-1.1.1.jar:/home/user/.m2/repository/org/apache/hadoop/hadoop-ozone-csi/0.5.0-SNAPSHOT/hadoop-ozone-csi-0.5.0-SNAPSHOT.jar:/home/user/.m2/repository/com/google/protobuf/protobuf-java-util/3.5.1/protobuf-java-util-3.5.1.jar:/home/user/.m2/repository/org/apache/hadoop/hadoop-hdds-config/0.5.0-SNAPSHOT/hadoop-hdds-config-0.5.0-SNAPSHOT.jar:/home/user/.m2/repository/io/grpc/grpc-netty/1.17.1/grpc-netty-1.17.1.jar:/home/user/.m2/repository/io/grpc/grpc-core/1.17.1/grpc-core-1.17.1.jar:/home/user/.m2/repository/io/grpc/grpc-context/1.17.1/grpc-context-1.17.1.jar:/home/user/.m2/repository/com/google/errorprone/error_prone_annotations/2.2.0/error_prone_annotations-2.2.0.jar:/home/user/.m2/repository/org/codehaus/mojo/animal-sniffer-annotations/1.17/animal-sniffer-annotations-1.17.jar:/home/user/.m2/repository/io/opencensus/opencensus-api/0.17.0/opencensus-api-0.17.0.jar:/home/user/.m2/repository/io/opencensus/opencensus-contrib-grpc-metrics/0.17.0/opencensus-contrib-grpc-metrics-0.17.0.jar:/home/user/.m2/repository/io/netty/netty-codec-http2/4.1.30.Final/netty-codec-http2-4.1.30.Final.jar:/home/user/.m2/repository/io/netty/netty-codec-http/4.1.30.Final/netty-codec-http-4.1.30.Final.jar:/home/user/.m2/repository/io/netty/netty-codec/4.1.30.Final/netty-codec-4.1.30.Final.jar:/home/user/.m2/repository/io/netty/netty-handler/4.1.30.Final/netty-handler-4.1.30.Final.jar:/home/user/.m2/repository/io/netty/netty-handler-proxy/4.1.30.Final/netty-handler-proxy-4.1.30.Final.jar:/home/user/.m2/repository/io/netty/netty-codec-socks/4.1.30.Final/netty-codec-socks-4.1.30.Final.jar:/home/user/.m2/repository/io/netty/netty-transport-native-epoll/4.1.30.Final/netty-transport-native-epoll-4.1.30.Final.jar:/home/user/.m2/repository/io/netty/netty-common/4.1.30.Final/netty-common-4.1.30.Final.jar:/home/user/.m2/repository/io/netty/netty-buffer/4.1.30.Final/netty-buffer-4.1.30.Final.jar:/home/user/.m2/repository/io/netty/netty-transport/4.1.30.Final/netty-transport-4.1.30.Final.jar:/home/user/.m2/repository/io/netty/netty-resolver/4.1.30.Final/netty-resolver-4.1.30.Final.jar:/home/user/.m2/repository/io/netty/netty-transport-native-unix-common/4.1.30.Final/netty-transport-native-unix-common-4.1.30.Final.jar:/home/user/.m2/repository/io/grpc/grpc-protobuf/1.17.1/grpc-protobuf-1.17.1.jar:/home/user/.m2/repository/com/google/api/grpc/proto-google-common-protos/1.0.0/proto-google-common-protos-1.0.0.jar:/home/user/.m2/repository/io/grpc/grpc-protobuf-lite/1.17.1/grpc-protobuf-lite-1.17.1.jar:/home/user/.m2/repository/io/grpc/grpc-stub/1.17.1/grpc-stub-1.17.1.jar:/home/user/.m2/repository/org/apache/hadoop/hadoop-ozone-recon/0.5.0-SNAPSHOT/hadoop-ozone-recon-0.5.0-SNAPSHOT.jar:/home/user/.m2/repository/org/apache/hadoop/hadoop-ozone-reconcodegen/0.5.0-SNAPSHOT/hadoop-ozone-reconcodegen-0.5.0-SNAPSHOT.jar:/home/user/.m2/repository/com/google/inject/extensions/guice-multibindings/4.0/guice-multibindings-4.0.jar:/home/user/.m2/repository/com/google/inject/guice/4.0/guice-4.0.jar:/home/user/.m2/repository/aopalliance/aopalliance/1.0/aopalliance-1.0.jar:/home/user/.m2/repository/com/google/inject/extensions/guice-servlet/4.0/guice-servlet-4.0.jar:/home/user/.m2/repository/org/glassfish/jersey/containers/jersey-container-servlet/2.27/jersey-container-servlet-2.27.jar:/home/user/.m2/repository/org/glassfish/hk2/guice-bridge/2.5.0/guice-bridge-2.5.0.jar:/home/user/.m2/repository/org/glassfish/jersey/core/jersey-server/2.27/jersey-server-2.27.jar:/home/user/.m2/repository/org/glassfish/jersey/core/jersey-client/2.27/jersey-client-2.27.jar:/home/user/.m2/repository/org/glassfish/jersey/media/jersey-media-jaxb/2.27/jersey-media-jaxb-2.27.jar:/home/user/.m2/repository/javax/validation/validation-api/1.1.0.Final/validation-api-1.1.0.Final.jar:/home/user/.m2/repository/org/glassfish/jersey/media/jersey-media-json-jackson/2.27/jersey-media-json-jackson-2.27.jar:/home/user/.m2/repository/org/glassfish/jersey/ext/jersey-entity-filtering/2.27/jersey-entity-filtering-2.27.jar:/home/user/.m2/repository/com/google/inject/extensions/guice-assistedinject/4.0/guice-assistedinject-4.0.jar:/home/user/.m2/repository/org/jooq/jooq/3.11.10/jooq-3.11.10.jar:/home/user/.m2/repository/org/jooq/jooq-meta/3.11.10/jooq-meta-3.11.10.jar:/home/user/.m2/repository/org/jooq/jooq-codegen/3.11.10/jooq-codegen-3.11.10.jar:/home/user/.m2/repository/com/jolbox/bonecp/0.8.0.RELEASE/bonecp-0.8.0.RELEASE.jar:/home/user/.m2/repository/org/xerial/sqlite-jdbc/3.25.2/sqlite-jdbc-3.25.2.jar:/home/user/.m2/repository/org/springframework/spring-jdbc/5.1.3.RELEASE/spring-jdbc-5.1.3.RELEASE.jar:/home/user/.m2/repository/org/springframework/spring-beans/5.1.3.RELEASE/spring-beans-5.1.3.RELEASE.jar:/home/user/.m2/repository/org/springframework/spring-core/5.1.3.RELEASE/spring-core-5.1.3.RELEASE.jar:/home/user/.m2/repository/org/springframework/spring-jcl/5.1.3.RELEASE/spring-jcl-5.1.3.RELEASE.jar:/home/user/.m2/repository/org/springframework/spring-tx/5.1.3.RELEASE/spring-tx-5.1.3.RELEASE.jar:/home/user/.m2/repository/org/apache/hadoop/hadoop-ozone-client/0.5.0-SNAPSHOT/hadoop-ozone-client-0.5.0-SNAPSHOT.jar:/home/user/.m2/repository/commons-lang/commons-lang/2.6/commons-lang-2.6.jar:/home/user/.m2/repository/org/apache/hadoop/hadoop-ozone-ozone-manager/0.5.0-SNAPSHOT/hadoop-ozone-ozone-manager-0.5.0-SNAPSHOT-tests.jar:/home/user/.m2/repository/junit/junit/4.11/junit-4.11.jar:/home/user/.m2/repository/org/hamcrest/hamcrest-core/1.3/hamcrest-core-1.3.jar:/home/user/.m2/repository/org/openjdk/jmh/jmh-core/1.19/jmh-core-1.19.jar:/home/user/.m2/repository/net/sf/jopt-simple/jopt-simple/4.6/jopt-simple-4.6.jar:/home/user/.m2/repository/org/apache/commons/commons-math3/3.1.1/commons-math3-3.1.1.jar:/home/user/.m2/repository/org/openjdk/jmh/jmh-generator-annprocess/1.19/jmh-generator-annprocess-1.19.jar:/home/user/.m2/repository/org/mockito/mockito-all/1.8.5/mockito-all-1.8.5.jar:/home/user/.m2/repository/org/apache/hadoop/hadoop-kms/3.2.0/hadoop-kms-3.2.0.jar:/home/user/.m2/repository/org/apache/hadoop/hadoop-auth/3.2.0/hadoop-auth-3.2.0.jar:/home/user/.m2/repository/com/nimbusds/nimbus-jose-jwt/4.41.1/nimbus-jose-jwt-4.41.1.jar:/home/user/.m2/repository/com/github/stephenc/jcip/jcip-annotations/1.0-1/jcip-annotations-1.0-1.jar:/home/user/.m2/repository/net/minidev/json-smart/2.3/json-smart-2.3.jar:/home/user/.m2/repository/net/minidev/accessors-smart/1.2/accessors-smart-1.2.jar:/home/user/.m2/repository/org/ow2/asm/asm/5.0.4/asm-5.0.4.jar:/home/user/.m2/repository/org/apache/curator/curator-framework/2.12.0/curator-framework-2.12.0.jar:/home/user/.m2/repository/com/sun/jersey/jersey-core/1.19/jersey-core-1.19.jar:/home/user/.m2/repository/javax/ws/rs/jsr311-api/1.1.1/jsr311-api-1.1.1.jar:/home/user/.m2/repository/com/sun/jersey/jersey-server/1.19/jersey-server-1.19.jar:/home/user/.m2/repository/javax/servlet/javax.servlet-api/3.1.0/javax.servlet-api-3.1.0.jar:/home/user/.m2/repository/org/eclipse/jetty/jetty-server/9.3.24.v20180605/jetty-server-9.3.24.v20180605.jar:/home/user/.m2/repository/org/eclipse/jetty/jetty-http/9.3.24.v20180605/jetty-http-9.3.24.v20180605.jar:/home/user/.m2/repository/org/eclipse/jetty/jetty-io/9.3.24.v20180605/jetty-io-9.3.24.v20180605.jar:/home/user/.m2/repository/org/eclipse/jetty/jetty-webapp/9.3.24.v20180605/jetty-webapp-9.3.24.v20180605.jar:/home/user/.m2/repository/org/eclipse/jetty/jetty-xml/9.3.24.v20180605/jetty-xml-9.3.24.v20180605.jar:/home/user/.m2/repository/log4j/log4j/1.2.17/log4j-1.2.17.jar:/home/user/.m2/repository/org/slf4j/slf4j-api/1.7.25/slf4j-api-1.7.25.jar:/home/user/.m2/repository/org/slf4j/jul-to-slf4j/1.7.25/jul-to-slf4j-1.7.25.jar:/home/user/.m2/repository/org/eclipse/jetty/jetty-util/9.3.24.v20180605/jetty-util-9.3.24.v20180605.jar:/home/user/.m2/repository/com/fasterxml/jackson/core/jackson-databind/2.9.5/jackson-databind-2.9.5.jar:/home/user/.m2/repository/org/apache/hadoop/hadoop-kms/3.2.0/hadoop-kms-3.2.0-tests.jar:/home/user/.m2/repository/org/apache/hadoop/hadoop-hdds-server-scm/0.5.0-SNAPSHOT/hadoop-hdds-server-scm-0.5.0-SNAPSHOT-tests.jar:/home/user/.m2/repository/org/apache/hadoop/hadoop-hdds-container-service/0.5.0-SNAPSHOT/hadoop-hdds-container-service-0.5.0-SNAPSHOT-tests.jar:/home/user/.m2/repository/org/yaml/snakeyaml/1.16/snakeyaml-1.16.jar:/home/user/.m2/repository/org/apache/hadoop/hadoop-common/3.2.0/hadoop-common-3.2.0-tests.jar:/home/user/.m2/repository/org/apache/hadoop/hadoop-annotations/3.2.0/hadoop-annotations-3.2.0.jar:/usr/lib/jvm/java-1.8-openjdk/jre/../lib/tools.jar:/home/user/.m2/repository/commons-cli/commons-cli/1.2/commons-cli-1.2.jar:/home/user/.m2/repository/org/apache/httpcomponents/httpclient/4.5.2/httpclient-4.5.2.jar:/home/user/.m2/repository/org/apache/httpcomponents/httpcore/4.4.4/httpcore-4.4.4.jar:/home/user/.m2/repository/commons-codec/commons-codec/1.11/commons-codec-1.11.jar:/home/user/.m2/repository/commons-net/commons-net/3.6/commons-net-3.6.jar:/home/user/.m2/repository/commons-collections/commons-collections/3.2.2/commons-collections-3.2.2.jar:/home/user/.m2/repository/org/eclipse/jetty/jetty-servlet/9.3.24.v20180605/jetty-servlet-9.3.24.v20180605.jar:/home/user/.m2/repository/org/eclipse/jetty/jetty-security/9.3.24.v20180605/jetty-security-9.3.24.v20180605.jar:/home/user/.m2/repository/javax/servlet/jsp/jsp-api/2.1/jsp-api-2.1.jar:/home/user/.m2/repository/com/sun/jersey/jersey-servlet/1.19/jersey-servlet-1.19.jar:/home/user/.m2/repository/com/sun/jersey/jersey-json/1.19/jersey-json-1.19.jar:/home/user/.m2/repository/org/codehaus/jettison/jettison/1.1/jettison-1.1.jar:/home/user/.m2/repository/org/codehaus/jackson/jackson-core-asl/1.9.13/jackson-core-asl-1.9.13.jar:/home/user/.m2/repository/org/codehaus/jackson/jackson-mapper-asl/1.9.13/jackson-mapper-asl-1.9.13.jar:/home/user/.m2/repository/org/codehaus/jackson/jackson-jaxrs/1.9.13/jackson-jaxrs-1.9.13.jar:/home/user/.m2/repository/org/codehaus/jackson/jackson-xc/1.9.13/jackson-xc-1.9.13.jar:/home/user/.m2/repository/commons-logging/commons-logging/1.1.3/commons-logging-1.1.3.jar:/home/user/.m2/repository/commons-beanutils/commons-beanutils/1.9.3/commons-beanutils-1.9.3.jar:/home/user/.m2/repository/org/apache/commons/commons-configuration2/2.1.1/commons-configuration2-2.1.1.jar:/home/user/.m2/repository/org/apache/commons/commons-lang3/3.7/commons-lang3-3.7.jar:/home/user/.m2/repository/org/apache/commons/commons-text/1.4/commons-text-1.4.jar:/home/user/.m2/repository/org/apache/avro/avro/1.7.7/avro-1.7.7.jar:/home/user/.m2/repository/com/thoughtworks/paranamer/paranamer/2.3/paranamer-2.3.jar:/home/user/.m2/repository/org/xerial/snappy/snappy-java/1.0.5/snappy-java-1.0.5.jar:/home/user/.m2/repository/com/google/re2j/re2j/1.1/re2j-1.1.jar:/home/user/.m2/repository/com/google/code/gson/gson/2.2.4/gson-2.2.4.jar:/home/user/.m2/repository/com/jcraft/jsch/0.1.54/jsch-0.1.54.jar:/home/user/.m2/repository/org/apache/curator/curator-client/2.12.0/curator-client-2.12.0.jar:/home/user/.m2/repository/org/apache/curator/curator-recipes/2.12.0/curator-recipes-2.12.0.jar:/home/user/.m2/repository/com/google/code/findbugs/jsr305/3.0.0/jsr305-3.0.0.jar:/home/user/.m2/repository/org/apache/htrace/htrace-core4/4.1.0-incubating/htrace-core4-4.1.0-incubating.jar:/home/user/.m2/repository/org/apache/zookeeper/zookeeper/3.4.13/zookeeper-3.4.13.jar:/home/user/.m2/repository/org/apache/yetus/audience-annotations/0.5.0/audience-annotations-0.5.0.jar:/home/user/.m2/repository/org/codehaus/woodstox/stax2-api/3.1.4/stax2-api-3.1.4.jar:/home/user/.m2/repository/com/fasterxml/woodstox/woodstox-core/5.0.3/woodstox-core-5.0.3.jar:/home/user/.m2/repository/dnsjava/dnsjava/2.1.7/dnsjava-2.1.7.jar:/home/user/.m2/repository/org/apache/hadoop/hadoop-hdfs/3.2.0/hadoop-hdfs-3.2.0-tests.jar:/home/user/.m2/repository/org/eclipse/jetty/jetty-util-ajax/9.3.24.v20180605/jetty-util-ajax-9.3.24.v20180605.jar:/home/user/.m2/repository/commons-daemon/commons-daemon/1.0.13/commons-daemon-1.0.13.jar:/home/user/.m2/repository/io/netty/netty/3.10.5.Final/netty-3.10.5.Final.jar:/home/user/.m2/repository/io/netty/netty-all/4.0.52.Final/netty-all-4.0.52.Final.jar:/home/user/.m2/repository/org/fusesource/leveldbjni/leveldbjni-all/1.8/leveldbjni-all-1.8.jar:"/>
    <property name="sun.cpu.endian" value="little"/>
    <property name="user.home" value="/home/user"/>
    <property name="user.language" value="en"/>
    <property name="java.specification.vendor" value="Oracle Corporation"/>
    <property name="java.home" value="/usr/lib/jvm/java-1.8-openjdk/jre"/>
    <property name="java.security.krb5.conf" value="/tmp/workdir/hadoop-ozone/integration-test/target/test-classes/krb5.conf"/>
    <property name="basedir" value="/tmp/workdir/hadoop-ozone/integration-test"/>
    <property name="file.separator" value="/"/>
    <property name="line.separator" value="&#10;"/>
    <property name="java.vm.specification.vendor" value="Oracle Corporation"/>
    <property name="java.specification.name" value="Java Platform API Specification"/>
    <property name="java.awt.graphicsenv" value="sun.awt.X11GraphicsEnvironment"/>
    <property name="surefire.real.class.path" value="/tmp/workdir/hadoop-ozone/integration-test/target/surefire/surefirebooter9083809863466694294.jar"/>
    <property name="hadoop.log.dir" value="/tmp/workdir/hadoop-ozone/integration-test/target/log"/>
    <property name="sun.boot.class.path" value="/usr/lib/jvm/java-1.8-openjdk/jre/lib/resources.jar:/usr/lib/jvm/java-1.8-openjdk/jre/lib/rt.jar:/usr/lib/jvm/java-1.8-openjdk/jre/lib/sunrsasign.jar:/usr/lib/jvm/java-1.8-openjdk/jre/lib/jsse.jar:/usr/lib/jvm/java-1.8-openjdk/jre/lib/jce.jar:/usr/lib/jvm/java-1.8-openjdk/jre/lib/charsets.jar:/usr/lib/jvm/java-1.8-openjdk/jre/lib/jfr.jar:/usr/lib/jvm/java-1.8-openjdk/jre/classes"/>
    <property name="sun.management.compiler" value="HotSpot 64-Bit Tiered Compilers"/>
    <property name="java.runtime.version" value="1.8.0_212-b04"/>
    <property name="java.net.preferIPv4Stack" value="true"/>
    <property name="user.name" value="jenkins1000"/>
    <property name="path.separator" value=":"/>
    <property name="java.security.egd" value="file:///dev/urandom"/>
    <property name="os.version" value="3.10.0-957.12.2.el7.x86_64"/>
    <property name="java.endorsed.dirs" value="/usr/lib/jvm/java-1.8-openjdk/jre/lib/endorsed"/>
    <property name="java.runtime.name" value="OpenJDK Runtime Environment"/>
    <property name="file.encoding" value="UTF-8"/>
    <property name="java.vm.name" value="OpenJDK 64-Bit Server VM"/>
    <property name="test.build.webapps" value=""/>
    <property name="localRepository" value="/home/user/.m2/repository"/>
    <property name="java.vendor.url.bug" value="https://icedtea.classpath.org/bugzilla"/>
    <property name="java.io.tmpdir" value="/tmp"/>
    <property name="require.test.libhadoop" value=""/>
    <property name="java.version" value="1.8.0_212"/>
    <property name="user.dir" value="/tmp/workdir/hadoop-ozone/integration-test"/>
    <property name="os.arch" value="amd64"/>
    <property name="java.vm.specification.name" value="Java Virtual Machine Specification"/>
    <property name="test.build.classes" value="/tmp/workdir/hadoop-ozone/integration-test/target/test-classes"/>
    <property name="java.awt.printerjob" value="sun.print.PSPrinterJob"/>
    <property name="sun.os.patch.level" value="unknown"/>
    <property name="hadoop.tmp.dir" value="/tmp/workdir/hadoop-ozone/integration-test/target/tmp"/>
    <property name="java.library.path" value="/usr/lib/jvm/java-1.8-openjdk/jre/lib/amd64/server:/usr/lib/jvm/java-1.8-openjdk/jre/lib/amd64:/usr/lib/jvm/java-1.8-openjdk/jre/../lib/amd64:/tmp/workdir/hadoop-ozone/integration-test/target/native/target/usr/local/lib:/tmp/workdir/hadoop-ozone/integration-test/../../hadoop-common-project/hadoop-common/target/native/target/usr/local/lib:/usr/java/packages/lib/amd64:/usr/lib64:/lib64:/lib:/usr/lib"/>
    <property name="java.vm.info" value="mixed mode"/>
    <property name="java.vendor" value="IcedTea"/>
    <property name="java.vm.version" value="25.212-b04"/>
    <property name="java.ext.dirs" value="/usr/lib/jvm/java-1.8-openjdk/jre/lib/ext:/usr/java/packages/lib/ext"/>
    <property name="sun.io.unicode.encoding" value="UnicodeLittle"/>
    <property name="java.class.version" value="52.0"/>
  </properties>
  <testcase name="test2DatanodesFailure" classname="org.apache.hadoop.ozone.client.rpc.TestBlockOutputStreamWithFailures" time="42.829">
    <failure type="java.lang.AssertionError">java.lang.AssertionError
	at org.junit.Assert.fail(Assert.java:86)
	at org.junit.Assert.assertTrue(Assert.java:41)
	at org.junit.Assert.assertTrue(Assert.java:52)
	at org.apache.hadoop.ozone.client.rpc.TestBlockOutputStreamWithFailures.test2DatanodesFailure(TestBlockOutputStreamWithFailures.java:507)
	at sun.reflect.NativeMethodAccessorImpl.invoke0(Native Method)
	at sun.reflect.NativeMethodAccessorImpl.invoke(NativeMethodAccessorImpl.java:62)
	at sun.reflect.DelegatingMethodAccessorImpl.invoke(DelegatingMethodAccessorImpl.java:43)
	at java.lang.reflect.Method.invoke(Method.java:498)
	at org.junit.runners.model.FrameworkMethod$1.runReflectiveCall(FrameworkMethod.java:47)
	at org.junit.internal.runners.model.ReflectiveCallable.run(ReflectiveCallable.java:12)
	at org.junit.runners.model.FrameworkMethod.invokeExplosively(FrameworkMethod.java:44)
	at org.junit.internal.runners.statements.InvokeMethod.evaluate(InvokeMethod.java:17)
	at org.junit.internal.runners.statements.RunBefores.evaluate(RunBefores.java:26)
	at org.junit.internal.runners.statements.RunAfters.evaluate(RunAfters.java:27)
	at org.junit.runners.ParentRunner.runLeaf(ParentRunner.java:271)
	at org.junit.runners.BlockJUnit4ClassRunner.runChild(BlockJUnit4ClassRunner.java:70)
	at org.junit.runners.BlockJUnit4ClassRunner.runChild(BlockJUnit4ClassRunner.java:50)
	at org.junit.runners.ParentRunner$3.run(ParentRunner.java:238)
	at org.junit.runners.ParentRunner$1.schedule(ParentRunner.java:63)
	at org.junit.runners.ParentRunner.runChildren(ParentRunner.java:236)
	at org.junit.runners.ParentRunner.access$000(ParentRunner.java:53)
	at org.junit.runners.ParentRunner$2.evaluate(ParentRunner.java:229)
	at org.junit.runners.ParentRunner.run(ParentRunner.java:309)
	at org.apache.maven.surefire.junit4.JUnit4Provider.execute(JUnit4Provider.java:365)
	at org.apache.maven.surefire.junit4.JUnit4Provider.executeWithRerun(JUnit4Provider.java:273)
	at org.apache.maven.surefire.junit4.JUnit4Provider.executeTestSet(JUnit4Provider.java:238)
	at org.apache.maven.surefire.junit4.JUnit4Provider.invoke(JUnit4Provider.java:159)
	at org.apache.maven.surefire.booter.ForkedBooter.invokeProviderInSameClassLoader(ForkedBooter.java:384)
	at org.apache.maven.surefire.booter.ForkedBooter.runSuitesInProcess(ForkedBooter.java:345)
	at org.apache.maven.surefire.booter.ForkedBooter.execute(ForkedBooter.java:126)
	at org.apache.maven.surefire.booter.ForkedBooter.main(ForkedBooter.java:418)
</failure>
    <system-out><![CDATA[2019-07-13 16:26:17,201 WARN  server.ServerUtils (ServerUtils.java:getScmDbDir(145)) - ozone.scm.db.dirs is not configured. We recommend adding this setting. Falling back to ozone.metadata.dirs instead.
2019-07-13 16:26:17,280 WARN  server.ServerUtils (ServerUtils.java:getScmDbDir(145)) - ozone.scm.db.dirs is not configured. We recommend adding this setting. Falling back to ozone.metadata.dirs instead.
2019-07-13 16:26:17,282 WARN  server.ServerUtils (ServerUtils.java:getScmDbDir(145)) - ozone.scm.db.dirs is not configured. We recommend adding this setting. Falling back to ozone.metadata.dirs instead.
2019-07-13 16:26:17,296 INFO  util.log (Log.java:initialized(192)) - Logging initialized @773ms
2019-07-13 16:26:17,377 INFO  db.DBStoreBuilder (DBStoreBuilder.java:addTable(110)) - using custom profile for table: deletedBlocks
2019-07-13 16:26:17,377 INFO  db.DBStoreBuilder (DBStoreBuilder.java:processTables(161)) - Using default column profile:DBProfile.DISK for Table:deletedBlocks
2019-07-13 16:26:17,378 INFO  db.DBStoreBuilder (DBStoreBuilder.java:addTable(110)) - using custom profile for table: validCerts
2019-07-13 16:26:17,378 INFO  db.DBStoreBuilder (DBStoreBuilder.java:processTables(161)) - Using default column profile:DBProfile.DISK for Table:validCerts
2019-07-13 16:26:17,378 INFO  db.DBStoreBuilder (DBStoreBuilder.java:addTable(110)) - using custom profile for table: revokedCerts
2019-07-13 16:26:17,378 INFO  db.DBStoreBuilder (DBStoreBuilder.java:processTables(161)) - Using default column profile:DBProfile.DISK for Table:revokedCerts
2019-07-13 16:26:17,388 INFO  db.DBStoreBuilder (DBStoreBuilder.java:addTable(110)) - using custom profile for table: default
2019-07-13 16:26:17,388 INFO  db.DBStoreBuilder (DBStoreBuilder.java:processTables(167)) - Using default column profile:DBProfile.DISK for Table:default
2019-07-13 16:26:17,389 INFO  db.DBStoreBuilder (DBStoreBuilder.java:getDbProfile(198)) - Using default options. DBProfile.DISK
2019-07-13 16:26:17,466 INFO  net.NodeSchemaLoader (NodeSchemaLoader.java:loadSchemaFromFile(125)) - Loading file from sun.misc.CompoundEnumeration@3835c46
2019-07-13 16:26:17,468 INFO  net.NodeSchemaLoader (NodeSchemaLoader.java:loadSchema(171)) - Loading network topology layer schema file
2019-07-13 16:26:17,523 INFO  node.SCMNodeManager (SCMNodeManager.java:<init>(119)) - Entering startup safe mode.
2019-07-13 16:26:17,599 WARN  server.ServerUtils (ServerUtils.java:getScmDbDir(145)) - ozone.scm.db.dirs is not configured. We recommend adding this setting. Falling back to ozone.metadata.dirs instead.
2019-07-13 16:26:17,626 INFO  pipeline.SCMPipelineManager (SCMPipelineManager.java:initializePipelineState(126)) - No pipeline exists in current db
2019-07-13 16:26:17,627 WARN  server.ServerUtils (ServerUtils.java:getScmDbDir(145)) - ozone.scm.db.dirs is not configured. We recommend adding this setting. Falling back to ozone.metadata.dirs instead.
2019-07-13 16:26:17,683 WARN  events.EventQueue (EventQueue.java:fireEvent(175)) - No event handler registered for event TypedEvent{payloadType=SafeModeStatus, name='SafeModeStatus'}
2019-07-13 16:26:17,956 INFO  ipc.CallQueueManager (CallQueueManager.java:<init>(84)) - Using callQueue: class java.util.concurrent.LinkedBlockingQueue, queueCapacity: 2000, scheduler: class org.apache.hadoop.ipc.DefaultRpcScheduler, ipcBackoff: false.
2019-07-13 16:26:17,977 INFO  ipc.Server (Server.java:run(1074)) - Starting Socket Reader #1 for port 34823
2019-07-13 16:26:17,995 INFO  ipc.CallQueueManager (CallQueueManager.java:<init>(84)) - Using callQueue: class java.util.concurrent.LinkedBlockingQueue, queueCapacity: 2000, scheduler: class org.apache.hadoop.ipc.DefaultRpcScheduler, ipcBackoff: false.
2019-07-13 16:26:17,997 INFO  ipc.Server (Server.java:run(1074)) - Starting Socket Reader #1 for port 42062
2019-07-13 16:26:18,002 INFO  ipc.CallQueueManager (CallQueueManager.java:<init>(84)) - Using callQueue: class java.util.concurrent.LinkedBlockingQueue, queueCapacity: 2000, scheduler: class org.apache.hadoop.ipc.DefaultRpcScheduler, ipcBackoff: false.
2019-07-13 16:26:18,003 INFO  ipc.Server (Server.java:run(1074)) - Starting Socket Reader #1 for port 43322
2019-07-13 16:26:18,115 INFO  hdfs.DFSUtil (DFSUtil.java:httpServerTemplateForNNAndJN(1641)) - Starting Web-server for scm at: http://0.0.0.0:0
2019-07-13 16:26:18,246 INFO  server.AuthenticationFilter (AuthenticationFilter.java:constructSecretProvider(240)) - Unable to initialize FileSignerSecretProvider, falling back to use random secrets.
2019-07-13 16:26:18,254 WARN  http.HttpRequestLog (HttpRequestLog.java:getRequestLog(97)) - Jetty request log can only be enabled using Log4j
2019-07-13 16:26:18,261 INFO  http.HttpServer2 (HttpServer2.java:addGlobalFilter(975)) - Added global filter 'safety' (class=org.apache.hadoop.http.HttpServer2$QuotingInputFilter)
2019-07-13 16:26:18,264 INFO  http.HttpServer2 (HttpServer2.java:addFilter(948)) - Added filter static_user_filter (class=org.apache.hadoop.http.lib.StaticUserWebFilter$StaticUserFilter) to context scm
2019-07-13 16:26:18,264 INFO  http.HttpServer2 (HttpServer2.java:addFilter(958)) - Added filter static_user_filter (class=org.apache.hadoop.http.lib.StaticUserWebFilter$StaticUserFilter) to context static
2019-07-13 16:26:18,264 INFO  http.HttpServer2 (HttpServer2.java:addFilter(958)) - Added filter static_user_filter (class=org.apache.hadoop.http.lib.StaticUserWebFilter$StaticUserFilter) to context logs
2019-07-13 16:26:18,291 INFO  server.StorageContainerManager (StorageContainerManager.java:start(759)) - StorageContainerLocationProtocol RPC server is listening at /0.0.0.0:43322
2019-07-13 16:26:18,338 WARN  impl.MetricsConfig (MetricsConfig.java:loadFirst(134)) - Cannot locate configuration: tried hadoop-metrics2-storagecontainermanager.properties,hadoop-metrics2.properties
2019-07-13 16:26:18,348 INFO  impl.MetricsSystemImpl (MetricsSystemImpl.java:startTimer(374)) - Scheduled Metric snapshot period at 10 second(s).
2019-07-13 16:26:18,348 INFO  impl.MetricsSystemImpl (MetricsSystemImpl.java:start(191)) - StorageContainerManager metrics system started
2019-07-13 16:26:18,515 INFO  server.SCMClientProtocolServer (SCMClientProtocolServer.java:start(149)) - RPC server for Client  is listening at /0.0.0.0:43322
2019-07-13 16:26:18,515 INFO  ipc.Server (Server.java:run(1314)) - IPC Server Responder: starting
2019-07-13 16:26:18,516 INFO  ipc.Server (Server.java:run(1153)) - IPC Server listener on 43322: starting
2019-07-13 16:26:18,522 INFO  server.StorageContainerManager (StorageContainerManager.java:start(768)) - ScmBlockLocationProtocol RPC server is listening at /0.0.0.0:42062
2019-07-13 16:26:18,522 INFO  server.SCMBlockProtocolServer (SCMBlockProtocolServer.java:start(140)) - RPC server for Block Protocol is listening at /0.0.0.0:42062
2019-07-13 16:26:18,522 INFO  ipc.Server (Server.java:run(1314)) - IPC Server Responder: starting
2019-07-13 16:26:18,522 INFO  ipc.Server (Server.java:run(1153)) - IPC Server listener on 42062: starting
2019-07-13 16:26:18,527 INFO  server.StorageContainerManager (StorageContainerManager.java:start(772)) - ScmDatanodeProtocl RPC server is listening at /0.0.0.0:34823
2019-07-13 16:26:18,527 INFO  server.SCMDatanodeProtocolServer (SCMDatanodeProtocolServer.java:start(191)) - RPC server for DataNodes is listening at /0.0.0.0:34823
2019-07-13 16:26:18,528 INFO  ipc.Server (Server.java:run(1314)) - IPC Server Responder: starting
2019-07-13 16:26:18,528 INFO  ipc.Server (Server.java:run(1153)) - IPC Server listener on 34823: starting
2019-07-13 16:26:18,538 INFO  http.HttpServer2 (HttpServer2.java:bindListener(1191)) - Jetty bound to port 33533
2019-07-13 16:26:18,540 INFO  server.Server (Server.java:doStart(351)) - jetty-9.3.24.v20180605, build timestamp: 2018-06-05T17:11:56Z, git hash: 84205aa28f11a4f31f2a3b86d1bba2cc8ab69827
2019-07-13 16:26:18,572 INFO  handler.ContextHandler (ContextHandler.java:doStart(781)) - Started o.e.j.s.ServletContextHandler@6bbe2511{/logs,file:///tmp/workdir/hadoop-ozone/integration-test/target/log,AVAILABLE}
2019-07-13 16:26:18,573 INFO  handler.ContextHandler (ContextHandler.java:doStart(781)) - Started o.e.j.s.ServletContextHandler@76012793{/static,file:///tmp/workdir/hadoop-ozone/integration-test/target/test-classes/webapps/static,AVAILABLE}
2019-07-13 16:26:18,597 INFO  handler.ContextHandler (ContextHandler.java:doStart(781)) - Started o.e.j.w.WebAppContext@6a1d204a{/,file:///tmp/workdir/hadoop-ozone/integration-test/target/test-classes/webapps/scm/,AVAILABLE}{/scm}
2019-07-13 16:26:18,601 INFO  server.AbstractConnector (AbstractConnector.java:doStart(278)) - Started ServerConnector@9d157ff{HTTP/1.1,[http/1.1]}{0.0.0.0:33533}
2019-07-13 16:26:18,601 INFO  server.Server (Server.java:doStart(419)) - Started @2079ms
2019-07-13 16:26:18,602 INFO  server.BaseHttpServer (BaseHttpServer.java:updateConnectorAddress(207)) - HTTP server of SCM is listening at http://0.0.0.0:33533
2019-07-13 16:26:18,609 INFO  util.JvmPauseMonitor (JvmPauseMonitor.java:run(188)) - Starting JVM pause monitor
2019-07-13 16:26:18,610 WARN  server.ServerUtils (ServerUtils.java:getDBPath(222)) - ozone.om.db.dirs is not configured. We recommend adding this setting. Falling back to ozone.metadata.dirs instead.
2019-07-13 16:26:18,691 WARN  server.ServerUtils (ServerUtils.java:getDBPath(222)) - ozone.om.db.dirs is not configured. We recommend adding this setting. Falling back to ozone.metadata.dirs instead.
2019-07-13 16:26:18,692 INFO  om.OzoneManager (OzoneManager.java:setOMNodeDetails(630)) - OM Service ID is not set. Setting it to the default ID: omServiceIdDefault
2019-07-13 16:26:18,693 INFO  om.OzoneManager (OzoneManager.java:setOMNodeDetails(636)) - OM Node ID is not set. Setting it to the OmStorage's OmID: 62213991-9aae-40e4-a9d6-aba8b15f21b5
2019-07-13 16:26:18,693 INFO  om.OzoneManager (OzoneManager.java:loadOMHAConfigs(587)) - Found matching OM address with OMServiceId: null, OMNodeId: null, RPC Address: localhost:0 and Ratis port: 9872
2019-07-13 16:26:18,956 WARN  server.ServerUtils (ServerUtils.java:getDBPath(222)) - ozone.om.db.dirs is not configured. We recommend adding this setting. Falling back to ozone.metadata.dirs instead.
2019-07-13 16:26:18,969 INFO  db.DBStoreBuilder (DBStoreBuilder.java:addTable(110)) - using custom profile for table: userTable
2019-07-13 16:26:18,969 INFO  db.DBStoreBuilder (DBStoreBuilder.java:processTables(161)) - Using default column profile:DBProfile.DISK for Table:userTable
2019-07-13 16:26:18,970 INFO  db.DBStoreBuilder (DBStoreBuilder.java:addTable(110)) - using custom profile for table: volumeTable
2019-07-13 16:26:18,970 INFO  db.DBStoreBuilder (DBStoreBuilder.java:processTables(161)) - Using default column profile:DBProfile.DISK for Table:volumeTable
2019-07-13 16:26:18,971 INFO  db.DBStoreBuilder (DBStoreBuilder.java:addTable(110)) - using custom profile for table: bucketTable
2019-07-13 16:26:18,971 INFO  db.DBStoreBuilder (DBStoreBuilder.java:processTables(161)) - Using default column profile:DBProfile.DISK for Table:bucketTable
2019-07-13 16:26:18,971 INFO  db.DBStoreBuilder (DBStoreBuilder.java:addTable(110)) - using custom profile for table: keyTable
2019-07-13 16:26:18,972 INFO  db.DBStoreBuilder (DBStoreBuilder.java:processTables(161)) - Using default column profile:DBProfile.DISK for Table:keyTable
2019-07-13 16:26:18,972 INFO  db.DBStoreBuilder (DBStoreBuilder.java:addTable(110)) - using custom profile for table: deletedTable
2019-07-13 16:26:18,973 INFO  db.DBStoreBuilder (DBStoreBuilder.java:processTables(161)) - Using default column profile:DBProfile.DISK for Table:deletedTable
2019-07-13 16:26:18,973 INFO  db.DBStoreBuilder (DBStoreBuilder.java:addTable(110)) - using custom profile for table: openKeyTable
2019-07-13 16:26:18,973 INFO  db.DBStoreBuilder (DBStoreBuilder.java:processTables(161)) - Using default column profile:DBProfile.DISK for Table:openKeyTable
2019-07-13 16:26:18,974 INFO  db.DBStoreBuilder (DBStoreBuilder.java:addTable(110)) - using custom profile for table: s3Table
2019-07-13 16:26:18,974 INFO  db.DBStoreBuilder (DBStoreBuilder.java:processTables(161)) - Using default column profile:DBProfile.DISK for Table:s3Table
2019-07-13 16:26:18,975 INFO  db.DBStoreBuilder (DBStoreBuilder.java:addTable(110)) - using custom profile for table: multipartInfoTable
2019-07-13 16:26:18,975 INFO  db.DBStoreBuilder (DBStoreBuilder.java:processTables(161)) - Using default column profile:DBProfile.DISK for Table:multipartInfoTable
2019-07-13 16:26:18,976 INFO  db.DBStoreBuilder (DBStoreBuilder.java:addTable(110)) - using custom profile for table: dTokenTable
2019-07-13 16:26:18,976 INFO  db.DBStoreBuilder (DBStoreBuilder.java:processTables(161)) - Using default column profile:DBProfile.DISK for Table:dTokenTable
2019-07-13 16:26:18,976 INFO  db.DBStoreBuilder (DBStoreBuilder.java:addTable(110)) - using custom profile for table: s3SecretTable
2019-07-13 16:26:18,977 INFO  db.DBStoreBuilder (DBStoreBuilder.java:processTables(161)) - Using default column profile:DBProfile.DISK for Table:s3SecretTable
2019-07-13 16:26:18,977 INFO  db.DBStoreBuilder (DBStoreBuilder.java:addTable(110)) - using custom profile for table: prefixTable
2019-07-13 16:26:18,978 INFO  db.DBStoreBuilder (DBStoreBuilder.java:processTables(161)) - Using default column profile:DBProfile.DISK for Table:prefixTable
2019-07-13 16:26:18,978 INFO  db.DBStoreBuilder (DBStoreBuilder.java:addTable(110)) - using custom profile for table: default
2019-07-13 16:26:18,978 INFO  db.DBStoreBuilder (DBStoreBuilder.java:processTables(167)) - Using default column profile:DBProfile.DISK for Table:default
2019-07-13 16:26:18,979 INFO  db.DBStoreBuilder (DBStoreBuilder.java:getDbProfile(198)) - Using default options. DBProfile.DISK
2019-07-13 16:26:19,696 INFO  ipc.CallQueueManager (CallQueueManager.java:<init>(84)) - Using callQueue: class java.util.concurrent.LinkedBlockingQueue, queueCapacity: 2000, scheduler: class org.apache.hadoop.ipc.DefaultRpcScheduler, ipcBackoff: false.
2019-07-13 16:26:19,698 INFO  ipc.Server (Server.java:run(1074)) - Starting Socket Reader #1 for port 39566
2019-07-13 16:26:19,727 WARN  server.ServerUtils (ServerUtils.java:getDBPath(222)) - ozone.om.db.dirs is not configured. We recommend adding this setting. Falling back to ozone.metadata.dirs instead.
2019-07-13 16:26:19,727 INFO  om.OzoneManager (OzoneManager.java:start(1228)) - OzoneManager RPC server is listening at localhost/127.0.0.1:39566
2019-07-13 16:26:19,727 INFO  impl.MetricsSystemImpl (MetricsSystemImpl.java:init(158)) - OzoneManager metrics system started (again)
2019-07-13 16:26:19,729 INFO  ipc.Server (Server.java:run(1314)) - IPC Server Responder: starting
2019-07-13 16:26:19,730 INFO  ipc.Server (Server.java:run(1153)) - IPC Server listener on 39566: starting
2019-07-13 16:26:19,742 INFO  hdfs.DFSUtil (DFSUtil.java:httpServerTemplateForNNAndJN(1641)) - Starting Web-server for ozoneManager at: http://0.0.0.0:0
2019-07-13 16:26:19,744 INFO  server.AuthenticationFilter (AuthenticationFilter.java:constructSecretProvider(240)) - Unable to initialize FileSignerSecretProvider, falling back to use random secrets.
2019-07-13 16:26:19,745 WARN  http.HttpRequestLog (HttpRequestLog.java:getRequestLog(97)) - Jetty request log can only be enabled using Log4j
2019-07-13 16:26:19,749 INFO  http.HttpServer2 (HttpServer2.java:addGlobalFilter(975)) - Added global filter 'safety' (class=org.apache.hadoop.http.HttpServer2$QuotingInputFilter)
2019-07-13 16:26:19,751 INFO  http.HttpServer2 (HttpServer2.java:addFilter(948)) - Added filter static_user_filter (class=org.apache.hadoop.http.lib.StaticUserWebFilter$StaticUserFilter) to context ozoneManager
2019-07-13 16:26:19,751 INFO  http.HttpServer2 (HttpServer2.java:addFilter(958)) - Added filter static_user_filter (class=org.apache.hadoop.http.lib.StaticUserWebFilter$StaticUserFilter) to context static
2019-07-13 16:26:19,751 INFO  http.HttpServer2 (HttpServer2.java:addFilter(958)) - Added filter static_user_filter (class=org.apache.hadoop.http.lib.StaticUserWebFilter$StaticUserFilter) to context logs
2019-07-13 16:26:19,755 INFO  http.HttpServer2 (HttpServer2.java:bindListener(1191)) - Jetty bound to port 40136
2019-07-13 16:26:19,755 INFO  server.Server (Server.java:doStart(351)) - jetty-9.3.24.v20180605, build timestamp: 2018-06-05T17:11:56Z, git hash: 84205aa28f11a4f31f2a3b86d1bba2cc8ab69827
2019-07-13 16:26:19,757 INFO  handler.ContextHandler (ContextHandler.java:doStart(781)) - Started o.e.j.s.ServletContextHandler@6ac97b84{/logs,file:///tmp/workdir/hadoop-ozone/integration-test/target/log,AVAILABLE}
2019-07-13 16:26:19,758 INFO  handler.ContextHandler (ContextHandler.java:doStart(781)) - Started o.e.j.s.ServletContextHandler@35c09b94{/static,file:///tmp/workdir/hadoop-ozone/integration-test/target/test-classes/webapps/static,AVAILABLE}
2019-07-13 16:26:19,766 INFO  handler.ContextHandler (ContextHandler.java:doStart(781)) - Started o.e.j.w.WebAppContext@1b9c1b51{/,file:///tmp/workdir/hadoop-ozone/integration-test/target/test-classes/webapps/ozoneManager/,AVAILABLE}{/ozoneManager}
2019-07-13 16:26:19,766 INFO  server.AbstractConnector (AbstractConnector.java:doStart(278)) - Started ServerConnector@2e52fb3e{HTTP/1.1,[http/1.1]}{0.0.0.0:40136}
2019-07-13 16:26:19,767 INFO  server.Server (Server.java:doStart(419)) - Started @3244ms
2019-07-13 16:26:19,769 INFO  server.BaseHttpServer (BaseHttpServer.java:updateConnectorAddress(207)) - HTTP server of OZONEMANAGER is listening at http://0.0.0.0:40136
2019-07-13 16:26:20,070 INFO  impl.MetricsSystemImpl (MetricsSystemImpl.java:init(158)) - HddsDatanode metrics system started (again)
2019-07-13 16:26:20,156 INFO  ozone.HddsDatanodeService (HddsDatanodeService.java:start(185)) - HddsDatanodeService host:trunk-nightly-z92hn-1831959607 ip:192.168.5.187
2019-07-13 16:26:20,185 INFO  volume.HddsVolume (HddsVolume.java:<init>(176)) - Creating Volume: /tmp/workdir/hadoop-ozone/integration-test/target/test-dir/MiniOzoneClusterImpl-488cee6e-9812-43b4-a1dd-ea710523146f/datanode-0/data/containers/hdds of  storage type : DISK and capacity : 52710309888
2019-07-13 16:26:20,187 INFO  volume.VolumeSet (VolumeSet.java:initializeVolumeSet(170)) - Added Volume : /tmp/workdir/hadoop-ozone/integration-test/target/test-dir/MiniOzoneClusterImpl-488cee6e-9812-43b4-a1dd-ea710523146f/datanode-0/data/containers/hdds to VolumeSet
2019-07-13 16:26:20,190 INFO  volume.ThrottledAsyncChecker (ThrottledAsyncChecker.java:schedule(140)) - Scheduling a check for org.apache.hadoop.ozone.container.common.volume.HddsVolume@6fc3e1a4
2019-07-13 16:26:20,208 INFO  volume.HddsVolumeChecker (HddsVolumeChecker.java:checkAllVolumes(203)) - Scheduled health check for volume org.apache.hadoop.ozone.container.common.volume.HddsVolume@6fc3e1a4
2019-07-13 16:26:20,318 INFO  impl.RaftServerProxy (ConfUtils.java:logGet(43)) - raft.rpc.type = GRPC (default)
2019-07-13 16:26:20,382 INFO  grpc.GrpcFactory (GrpcFactory.java:checkPooledByteBufAllocatorUseCacheForAllThreads(45)) - PERFORMANCE WARNING: useCacheForAllThreads is true that may cause Netty to create a lot garbage objects and, as a result, trigger GC.
	It is recommended to disable useCacheForAllThreads by setting -Dorg.apache.ratis.thirdparty.io.netty.allocator.useCacheForAllThreads=false in command line.
2019-07-13 16:26:20,386 INFO  grpc.GrpcConfigKeys$Server (ConfUtils.java:logGet(43)) - raft.grpc.server.port = 0 (default)
2019-07-13 16:26:20,387 INFO  server.GrpcService (ConfUtils.java:logGet(43)) - raft.grpc.message.size.max = 33570816 (custom)
2019-07-13 16:26:20,388 INFO  server.RaftServerConfigKeys (ConfUtils.java:logGet(43)) - raft.server.log.appender.buffer.byte-limit = 33554432 (custom)
2019-07-13 16:26:20,389 INFO  server.GrpcService (ConfUtils.java:logGet(43)) - raft.grpc.flow.control.window = 1MB (=1048576) (default)
2019-07-13 16:26:20,390 INFO  server.RaftServerConfigKeys (ConfUtils.java:logGet(43)) - raft.server.rpc.request.timeout = 3000ms (default)
2019-07-13 16:26:20,545 INFO  server.RaftServerConfigKeys (ConfUtils.java:logGet(43)) - raft.server.storage.dir = [/tmp/workdir/hadoop-ozone/integration-test/target/test-dir/MiniOzoneClusterImpl-488cee6e-9812-43b4-a1dd-ea710523146f/datanode-0/data/ratis] (custom)
2019-07-13 16:26:20,598 INFO  replication.SimpleContainerDownloader (SimpleContainerDownloader.java:<init>(72)) - Starting container downloader service to copy containers to replicate.
2019-07-13 16:26:20,614 INFO  hdfs.DFSUtil (DFSUtil.java:httpServerTemplateForNNAndJN(1641)) - Starting Web-server for hddsDatanode at: http://0.0.0.0:0
2019-07-13 16:26:20,616 INFO  server.AuthenticationFilter (AuthenticationFilter.java:constructSecretProvider(240)) - Unable to initialize FileSignerSecretProvider, falling back to use random secrets.
2019-07-13 16:26:20,617 WARN  http.HttpRequestLog (HttpRequestLog.java:getRequestLog(97)) - Jetty request log can only be enabled using Log4j
2019-07-13 16:26:20,621 INFO  http.HttpServer2 (HttpServer2.java:addGlobalFilter(975)) - Added global filter 'safety' (class=org.apache.hadoop.http.HttpServer2$QuotingInputFilter)
2019-07-13 16:26:20,622 INFO  http.HttpServer2 (HttpServer2.java:addFilter(948)) - Added filter static_user_filter (class=org.apache.hadoop.http.lib.StaticUserWebFilter$StaticUserFilter) to context hddsDatanode
2019-07-13 16:26:20,623 INFO  http.HttpServer2 (HttpServer2.java:addFilter(958)) - Added filter static_user_filter (class=org.apache.hadoop.http.lib.StaticUserWebFilter$StaticUserFilter) to context logs
2019-07-13 16:26:20,623 INFO  http.HttpServer2 (HttpServer2.java:addFilter(958)) - Added filter static_user_filter (class=org.apache.hadoop.http.lib.StaticUserWebFilter$StaticUserFilter) to context static
2019-07-13 16:26:20,624 INFO  http.HttpServer2 (HttpServer2.java:bindListener(1191)) - Jetty bound to port 40516
2019-07-13 16:26:20,625 INFO  server.Server (Server.java:doStart(351)) - jetty-9.3.24.v20180605, build timestamp: 2018-06-05T17:11:56Z, git hash: 84205aa28f11a4f31f2a3b86d1bba2cc8ab69827
2019-07-13 16:26:20,627 INFO  handler.ContextHandler (ContextHandler.java:doStart(781)) - Started o.e.j.s.ServletContextHandler@304d0259{/logs,file:///tmp/workdir/hadoop-ozone/integration-test/target/log,AVAILABLE}
2019-07-13 16:26:20,628 INFO  handler.ContextHandler (ContextHandler.java:doStart(781)) - Started o.e.j.s.ServletContextHandler@2133661d{/static,jar:file:/home/user/.m2/repository/org/apache/hadoop/hadoop-hdds-container-service/0.5.0-SNAPSHOT/hadoop-hdds-container-service-0.5.0-SNAPSHOT.jar!/webapps/static,AVAILABLE}
2019-07-13 16:26:20,690 INFO  handler.ContextHandler (ContextHandler.java:doStart(781)) - Started o.e.j.w.WebAppContext@24e83d19{/,file:///tmp/jetty-0.0.0.0-40516-hddsDatanode-_-any-8178145598489337520.dir/webapp/,AVAILABLE}{/hddsDatanode}
2019-07-13 16:26:20,692 INFO  server.AbstractConnector (AbstractConnector.java:doStart(278)) - Started ServerConnector@5c080ef3{HTTP/1.1,[http/1.1]}{0.0.0.0:40516}
2019-07-13 16:26:20,693 INFO  server.Server (Server.java:doStart(419)) - Started @4170ms
2019-07-13 16:26:20,694 INFO  server.BaseHttpServer (BaseHttpServer.java:updateConnectorAddress(207)) - HTTP server of HDDSDATANODE is listening at http://0.0.0.0:40516
2019-07-13 16:26:21,859 INFO  ozone.HddsDatanodeService (HddsDatanodeService.java:startPlugins(396)) - Started plug-in org.apache.hadoop.ozone.web.OzoneHddsDatanodeService@b4732dc
2019-07-13 16:26:21,862 INFO  impl.MetricsSystemImpl (MetricsSystemImpl.java:init(158)) - HddsDatanode metrics system started (again)
2019-07-13 16:26:21,862 INFO  ozone.HddsDatanodeService (HddsDatanodeService.java:start(185)) - HddsDatanodeService host:trunk-nightly-z92hn-1831959607 ip:192.168.5.187
2019-07-13 16:26:21,868 INFO  util.JvmPauseMonitor (JvmPauseMonitor.java:run(188)) - Starting JVM pause monitor
2019-07-13 16:26:21,873 INFO  volume.HddsVolume (HddsVolume.java:<init>(176)) - Creating Volume: /tmp/workdir/hadoop-ozone/integration-test/target/test-dir/MiniOzoneClusterImpl-488cee6e-9812-43b4-a1dd-ea710523146f/datanode-1/data/containers/hdds of  storage type : DISK and capacity : 52710309888
2019-07-13 16:26:21,873 INFO  volume.VolumeSet (VolumeSet.java:initializeVolumeSet(170)) - Added Volume : /tmp/workdir/hadoop-ozone/integration-test/target/test-dir/MiniOzoneClusterImpl-488cee6e-9812-43b4-a1dd-ea710523146f/datanode-1/data/containers/hdds to VolumeSet
2019-07-13 16:26:21,874 INFO  volume.ThrottledAsyncChecker (ThrottledAsyncChecker.java:schedule(140)) - Scheduling a check for org.apache.hadoop.ozone.container.common.volume.HddsVolume@778a1250
2019-07-13 16:26:21,875 INFO  volume.HddsVolumeChecker (HddsVolumeChecker.java:checkAllVolumes(203)) - Scheduled health check for volume org.apache.hadoop.ozone.container.common.volume.HddsVolume@778a1250
2019-07-13 16:26:21,893 INFO  impl.RaftServerProxy (ConfUtils.java:logGet(43)) - raft.rpc.type = GRPC (default)
2019-07-13 16:26:21,893 INFO  grpc.GrpcFactory (GrpcFactory.java:checkPooledByteBufAllocatorUseCacheForAllThreads(45)) - PERFORMANCE WARNING: useCacheForAllThreads is true that may cause Netty to create a lot garbage objects and, as a result, trigger GC.
	It is recommended to disable useCacheForAllThreads by setting -Dorg.apache.ratis.thirdparty.io.netty.allocator.useCacheForAllThreads=false in command line.
2019-07-13 16:26:21,893 INFO  grpc.GrpcConfigKeys$Server (ConfUtils.java:logGet(43)) - raft.grpc.server.port = 0 (default)
2019-07-13 16:26:21,893 INFO  server.GrpcService (ConfUtils.java:logGet(43)) - raft.grpc.message.size.max = 33570816 (custom)
2019-07-13 16:26:21,894 INFO  server.RaftServerConfigKeys (ConfUtils.java:logGet(43)) - raft.server.log.appender.buffer.byte-limit = 33554432 (custom)
2019-07-13 16:26:21,894 INFO  server.GrpcService (ConfUtils.java:logGet(43)) - raft.grpc.flow.control.window = 1MB (=1048576) (default)
2019-07-13 16:26:21,894 INFO  server.RaftServerConfigKeys (ConfUtils.java:logGet(43)) - raft.server.rpc.request.timeout = 3000ms (default)
2019-07-13 16:26:21,895 INFO  server.RaftServerConfigKeys (ConfUtils.java:logGet(43)) - raft.server.storage.dir = [/tmp/workdir/hadoop-ozone/integration-test/target/test-dir/MiniOzoneClusterImpl-488cee6e-9812-43b4-a1dd-ea710523146f/datanode-1/data/ratis] (custom)
2019-07-13 16:26:21,895 INFO  replication.SimpleContainerDownloader (SimpleContainerDownloader.java:<init>(72)) - Starting container downloader service to copy containers to replicate.
2019-07-13 16:26:21,897 INFO  hdfs.DFSUtil (DFSUtil.java:httpServerTemplateForNNAndJN(1641)) - Starting Web-server for hddsDatanode at: http://0.0.0.0:0
2019-07-13 16:26:21,900 INFO  server.AuthenticationFilter (AuthenticationFilter.java:constructSecretProvider(240)) - Unable to initialize FileSignerSecretProvider, falling back to use random secrets.
2019-07-13 16:26:21,902 WARN  http.HttpRequestLog (HttpRequestLog.java:getRequestLog(97)) - Jetty request log can only be enabled using Log4j
2019-07-13 16:26:21,904 INFO  http.HttpServer2 (HttpServer2.java:addGlobalFilter(975)) - Added global filter 'safety' (class=org.apache.hadoop.http.HttpServer2$QuotingInputFilter)
2019-07-13 16:26:21,905 INFO  http.HttpServer2 (HttpServer2.java:addFilter(948)) - Added filter static_user_filter (class=org.apache.hadoop.http.lib.StaticUserWebFilter$StaticUserFilter) to context hddsDatanode
2019-07-13 16:26:21,906 INFO  http.HttpServer2 (HttpServer2.java:addFilter(958)) - Added filter static_user_filter (class=org.apache.hadoop.http.lib.StaticUserWebFilter$StaticUserFilter) to context static
2019-07-13 16:26:21,906 INFO  http.HttpServer2 (HttpServer2.java:addFilter(958)) - Added filter static_user_filter (class=org.apache.hadoop.http.lib.StaticUserWebFilter$StaticUserFilter) to context logs
2019-07-13 16:26:21,907 INFO  http.HttpServer2 (HttpServer2.java:bindListener(1191)) - Jetty bound to port 33882
2019-07-13 16:26:21,908 INFO  server.Server (Server.java:doStart(351)) - jetty-9.3.24.v20180605, build timestamp: 2018-06-05T17:11:56Z, git hash: 84205aa28f11a4f31f2a3b86d1bba2cc8ab69827
2019-07-13 16:26:21,911 INFO  handler.ContextHandler (ContextHandler.java:doStart(781)) - Started o.e.j.s.ServletContextHandler@359066bc{/logs,file:///tmp/workdir/hadoop-ozone/integration-test/target/log,AVAILABLE}
2019-07-13 16:26:21,912 INFO  handler.ContextHandler (ContextHandler.java:doStart(781)) - Started o.e.j.s.ServletContextHandler@364fd4ae{/static,jar:file:/home/user/.m2/repository/org/apache/hadoop/hadoop-hdds-container-service/0.5.0-SNAPSHOT/hadoop-hdds-container-service-0.5.0-SNAPSHOT.jar!/webapps/static,AVAILABLE}
2019-07-13 16:26:21,956 INFO  handler.ContextHandler (ContextHandler.java:doStart(781)) - Started o.e.j.w.WebAppContext@2e1eb85f{/,file:///tmp/jetty-0.0.0.0-33882-hddsDatanode-_-any-7099143682640770126.dir/webapp/,AVAILABLE}{/hddsDatanode}
2019-07-13 16:26:21,957 INFO  server.AbstractConnector (AbstractConnector.java:doStart(278)) - Started ServerConnector@ea7a4c3{HTTP/1.1,[http/1.1]}{0.0.0.0:33882}
2019-07-13 16:26:21,957 INFO  server.Server (Server.java:doStart(419)) - Started @5434ms
2019-07-13 16:26:21,959 INFO  server.BaseHttpServer (BaseHttpServer.java:updateConnectorAddress(207)) - HTTP server of HDDSDATANODE is listening at http://0.0.0.0:33882
2019-07-13 16:26:21,991 INFO  datanode.InitDatanodeState (InitDatanodeState.java:persistContainerDatanodeDetails(140)) - DatanodeDetails is persisted to /tmp/workdir/hadoop-ozone/integration-test/target/test-dir/MiniOzoneClusterImpl-488cee6e-9812-43b4-a1dd-ea710523146f/datanode-0/meta/datanode.id
2019-07-13 16:26:22,143 INFO  ozone.HddsDatanodeService (HddsDatanodeService.java:startPlugins(396)) - Started plug-in org.apache.hadoop.ozone.web.OzoneHddsDatanodeService@5729b410
2019-07-13 16:26:22,144 INFO  impl.MetricsSystemImpl (MetricsSystemImpl.java:init(158)) - HddsDatanode metrics system started (again)
2019-07-13 16:26:22,144 INFO  ozone.HddsDatanodeService (HddsDatanodeService.java:start(185)) - HddsDatanodeService host:trunk-nightly-z92hn-1831959607 ip:192.168.5.187
2019-07-13 16:26:22,145 INFO  util.JvmPauseMonitor (JvmPauseMonitor.java:run(188)) - Starting JVM pause monitor
2019-07-13 16:26:22,156 INFO  volume.HddsVolume (HddsVolume.java:<init>(176)) - Creating Volume: /tmp/workdir/hadoop-ozone/integration-test/target/test-dir/MiniOzoneClusterImpl-488cee6e-9812-43b4-a1dd-ea710523146f/datanode-2/data/containers/hdds of  storage type : DISK and capacity : 52710309888
2019-07-13 16:26:22,156 INFO  volume.VolumeSet (VolumeSet.java:initializeVolumeSet(170)) - Added Volume : /tmp/workdir/hadoop-ozone/integration-test/target/test-dir/MiniOzoneClusterImpl-488cee6e-9812-43b4-a1dd-ea710523146f/datanode-2/data/containers/hdds to VolumeSet
2019-07-13 16:26:22,156 INFO  volume.ThrottledAsyncChecker (ThrottledAsyncChecker.java:schedule(140)) - Scheduling a check for org.apache.hadoop.ozone.container.common.volume.HddsVolume@52b959df
2019-07-13 16:26:22,157 INFO  datanode.InitDatanodeState (InitDatanodeState.java:persistContainerDatanodeDetails(140)) - DatanodeDetails is persisted to /tmp/workdir/hadoop-ozone/integration-test/target/test-dir/MiniOzoneClusterImpl-488cee6e-9812-43b4-a1dd-ea710523146f/datanode-1/meta/datanode.id
2019-07-13 16:26:22,157 INFO  volume.HddsVolumeChecker (HddsVolumeChecker.java:checkAllVolumes(203)) - Scheduled health check for volume org.apache.hadoop.ozone.container.common.volume.HddsVolume@52b959df
2019-07-13 16:26:22,171 INFO  impl.RaftServerProxy (ConfUtils.java:logGet(43)) - raft.rpc.type = GRPC (default)
2019-07-13 16:26:22,171 INFO  grpc.GrpcFactory (GrpcFactory.java:checkPooledByteBufAllocatorUseCacheForAllThreads(45)) - PERFORMANCE WARNING: useCacheForAllThreads is true that may cause Netty to create a lot garbage objects and, as a result, trigger GC.
	It is recommended to disable useCacheForAllThreads by setting -Dorg.apache.ratis.thirdparty.io.netty.allocator.useCacheForAllThreads=false in command line.
2019-07-13 16:26:22,172 INFO  grpc.GrpcConfigKeys$Server (ConfUtils.java:logGet(43)) - raft.grpc.server.port = 0 (default)
2019-07-13 16:26:22,172 INFO  server.GrpcService (ConfUtils.java:logGet(43)) - raft.grpc.message.size.max = 33570816 (custom)
2019-07-13 16:26:22,172 INFO  server.RaftServerConfigKeys (ConfUtils.java:logGet(43)) - raft.server.log.appender.buffer.byte-limit = 33554432 (custom)
2019-07-13 16:26:22,173 INFO  server.GrpcService (ConfUtils.java:logGet(43)) - raft.grpc.flow.control.window = 1MB (=1048576) (default)
2019-07-13 16:26:22,173 INFO  server.RaftServerConfigKeys (ConfUtils.java:logGet(43)) - raft.server.rpc.request.timeout = 3000ms (default)
2019-07-13 16:26:22,173 INFO  server.RaftServerConfigKeys (ConfUtils.java:logGet(43)) - raft.server.storage.dir = [/tmp/workdir/hadoop-ozone/integration-test/target/test-dir/MiniOzoneClusterImpl-488cee6e-9812-43b4-a1dd-ea710523146f/datanode-2/data/ratis] (custom)
2019-07-13 16:26:22,174 INFO  replication.SimpleContainerDownloader (SimpleContainerDownloader.java:<init>(72)) - Starting container downloader service to copy containers to replicate.
2019-07-13 16:26:22,175 INFO  hdfs.DFSUtil (DFSUtil.java:httpServerTemplateForNNAndJN(1641)) - Starting Web-server for hddsDatanode at: http://0.0.0.0:0
2019-07-13 16:26:22,177 INFO  server.AuthenticationFilter (AuthenticationFilter.java:constructSecretProvider(240)) - Unable to initialize FileSignerSecretProvider, falling back to use random secrets.
2019-07-13 16:26:22,177 WARN  http.HttpRequestLog (HttpRequestLog.java:getRequestLog(97)) - Jetty request log can only be enabled using Log4j
2019-07-13 16:26:22,179 INFO  http.HttpServer2 (HttpServer2.java:addGlobalFilter(975)) - Added global filter 'safety' (class=org.apache.hadoop.http.HttpServer2$QuotingInputFilter)
2019-07-13 16:26:22,179 INFO  http.HttpServer2 (HttpServer2.java:addFilter(948)) - Added filter static_user_filter (class=org.apache.hadoop.http.lib.StaticUserWebFilter$StaticUserFilter) to context hddsDatanode
2019-07-13 16:26:22,179 INFO  http.HttpServer2 (HttpServer2.java:addFilter(958)) - Added filter static_user_filter (class=org.apache.hadoop.http.lib.StaticUserWebFilter$StaticUserFilter) to context static
2019-07-13 16:26:22,180 INFO  http.HttpServer2 (HttpServer2.java:addFilter(958)) - Added filter static_user_filter (class=org.apache.hadoop.http.lib.StaticUserWebFilter$StaticUserFilter) to context logs
2019-07-13 16:26:22,180 INFO  http.HttpServer2 (HttpServer2.java:bindListener(1191)) - Jetty bound to port 45519
2019-07-13 16:26:22,180 INFO  server.Server (Server.java:doStart(351)) - jetty-9.3.24.v20180605, build timestamp: 2018-06-05T17:11:56Z, git hash: 84205aa28f11a4f31f2a3b86d1bba2cc8ab69827
2019-07-13 16:26:22,182 INFO  handler.ContextHandler (ContextHandler.java:doStart(781)) - Started o.e.j.s.ServletContextHandler@631c6d11{/logs,file:///tmp/workdir/hadoop-ozone/integration-test/target/log,AVAILABLE}
2019-07-13 16:26:22,183 INFO  handler.ContextHandler (ContextHandler.java:doStart(781)) - Started o.e.j.s.ServletContextHandler@62ade015{/static,jar:file:/home/user/.m2/repository/org/apache/hadoop/hadoop-hdds-container-service/0.5.0-SNAPSHOT/hadoop-hdds-container-service-0.5.0-SNAPSHOT.jar!/webapps/static,AVAILABLE}
2019-07-13 16:26:22,211 INFO  handler.ContextHandler (ContextHandler.java:doStart(781)) - Started o.e.j.w.WebAppContext@7197b07f{/,file:///tmp/jetty-0.0.0.0-45519-hddsDatanode-_-any-4816719967105292717.dir/webapp/,AVAILABLE}{/hddsDatanode}
2019-07-13 16:26:22,212 INFO  server.AbstractConnector (AbstractConnector.java:doStart(278)) - Started ServerConnector@1f10fec6{HTTP/1.1,[http/1.1]}{0.0.0.0:45519}
2019-07-13 16:26:22,212 INFO  server.Server (Server.java:doStart(419)) - Started @5690ms
2019-07-13 16:26:22,214 INFO  server.BaseHttpServer (BaseHttpServer.java:updateConnectorAddress(207)) - HTTP server of HDDSDATANODE is listening at http://0.0.0.0:45519
2019-07-13 16:26:22,377 INFO  ozone.HddsDatanodeService (HddsDatanodeService.java:startPlugins(396)) - Started plug-in org.apache.hadoop.ozone.web.OzoneHddsDatanodeService@7436364d
2019-07-13 16:26:22,377 INFO  impl.MetricsSystemImpl (MetricsSystemImpl.java:init(158)) - HddsDatanode metrics system started (again)
2019-07-13 16:26:22,378 INFO  ozone.HddsDatanodeService (HddsDatanodeService.java:start(185)) - HddsDatanodeService host:trunk-nightly-z92hn-1831959607 ip:192.168.5.187
2019-07-13 16:26:22,380 INFO  util.JvmPauseMonitor (JvmPauseMonitor.java:run(188)) - Starting JVM pause monitor
2019-07-13 16:26:22,385 INFO  datanode.InitDatanodeState (InitDatanodeState.java:persistContainerDatanodeDetails(140)) - DatanodeDetails is persisted to /tmp/workdir/hadoop-ozone/integration-test/target/test-dir/MiniOzoneClusterImpl-488cee6e-9812-43b4-a1dd-ea710523146f/datanode-2/meta/datanode.id
2019-07-13 16:26:22,388 INFO  volume.HddsVolume (HddsVolume.java:<init>(176)) - Creating Volume: /tmp/workdir/hadoop-ozone/integration-test/target/test-dir/MiniOzoneClusterImpl-488cee6e-9812-43b4-a1dd-ea710523146f/datanode-3/data/containers/hdds of  storage type : DISK and capacity : 52710309888
2019-07-13 16:26:22,388 INFO  volume.VolumeSet (VolumeSet.java:initializeVolumeSet(170)) - Added Volume : /tmp/workdir/hadoop-ozone/integration-test/target/test-dir/MiniOzoneClusterImpl-488cee6e-9812-43b4-a1dd-ea710523146f/datanode-3/data/containers/hdds to VolumeSet
2019-07-13 16:26:22,388 INFO  volume.ThrottledAsyncChecker (ThrottledAsyncChecker.java:schedule(140)) - Scheduling a check for org.apache.hadoop.ozone.container.common.volume.HddsVolume@517704
2019-07-13 16:26:22,389 INFO  volume.HddsVolumeChecker (HddsVolumeChecker.java:checkAllVolumes(203)) - Scheduled health check for volume org.apache.hadoop.ozone.container.common.volume.HddsVolume@517704
2019-07-13 16:26:22,404 INFO  impl.RaftServerProxy (ConfUtils.java:logGet(43)) - raft.rpc.type = GRPC (default)
2019-07-13 16:26:22,404 INFO  grpc.GrpcFactory (GrpcFactory.java:checkPooledByteBufAllocatorUseCacheForAllThreads(45)) - PERFORMANCE WARNING: useCacheForAllThreads is true that may cause Netty to create a lot garbage objects and, as a result, trigger GC.
	It is recommended to disable useCacheForAllThreads by setting -Dorg.apache.ratis.thirdparty.io.netty.allocator.useCacheForAllThreads=false in command line.
2019-07-13 16:26:22,404 INFO  grpc.GrpcConfigKeys$Server (ConfUtils.java:logGet(43)) - raft.grpc.server.port = 0 (default)
2019-07-13 16:26:22,405 INFO  server.GrpcService (ConfUtils.java:logGet(43)) - raft.grpc.message.size.max = 33570816 (custom)
2019-07-13 16:26:22,405 INFO  server.RaftServerConfigKeys (ConfUtils.java:logGet(43)) - raft.server.log.appender.buffer.byte-limit = 33554432 (custom)
2019-07-13 16:26:22,405 INFO  server.GrpcService (ConfUtils.java:logGet(43)) - raft.grpc.flow.control.window = 1MB (=1048576) (default)
2019-07-13 16:26:22,405 INFO  server.RaftServerConfigKeys (ConfUtils.java:logGet(43)) - raft.server.rpc.request.timeout = 3000ms (default)
2019-07-13 16:26:22,406 INFO  server.RaftServerConfigKeys (ConfUtils.java:logGet(43)) - raft.server.storage.dir = [/tmp/workdir/hadoop-ozone/integration-test/target/test-dir/MiniOzoneClusterImpl-488cee6e-9812-43b4-a1dd-ea710523146f/datanode-3/data/ratis] (custom)
2019-07-13 16:26:22,406 INFO  replication.SimpleContainerDownloader (SimpleContainerDownloader.java:<init>(72)) - Starting container downloader service to copy containers to replicate.
2019-07-13 16:26:22,408 INFO  hdfs.DFSUtil (DFSUtil.java:httpServerTemplateForNNAndJN(1641)) - Starting Web-server for hddsDatanode at: http://0.0.0.0:0
2019-07-13 16:26:22,410 INFO  server.AuthenticationFilter (AuthenticationFilter.java:constructSecretProvider(240)) - Unable to initialize FileSignerSecretProvider, falling back to use random secrets.
2019-07-13 16:26:22,411 WARN  http.HttpRequestLog (HttpRequestLog.java:getRequestLog(97)) - Jetty request log can only be enabled using Log4j
2019-07-13 16:26:22,413 INFO  http.HttpServer2 (HttpServer2.java:addGlobalFilter(975)) - Added global filter 'safety' (class=org.apache.hadoop.http.HttpServer2$QuotingInputFilter)
2019-07-13 16:26:22,414 INFO  http.HttpServer2 (HttpServer2.java:addFilter(948)) - Added filter static_user_filter (class=org.apache.hadoop.http.lib.StaticUserWebFilter$StaticUserFilter) to context hddsDatanode
2019-07-13 16:26:22,415 INFO  http.HttpServer2 (HttpServer2.java:addFilter(958)) - Added filter static_user_filter (class=org.apache.hadoop.http.lib.StaticUserWebFilter$StaticUserFilter) to context static
2019-07-13 16:26:22,415 INFO  http.HttpServer2 (HttpServer2.java:addFilter(958)) - Added filter static_user_filter (class=org.apache.hadoop.http.lib.StaticUserWebFilter$StaticUserFilter) to context logs
2019-07-13 16:26:22,416 INFO  http.HttpServer2 (HttpServer2.java:bindListener(1191)) - Jetty bound to port 42361
2019-07-13 16:26:22,417 INFO  server.Server (Server.java:doStart(351)) - jetty-9.3.24.v20180605, build timestamp: 2018-06-05T17:11:56Z, git hash: 84205aa28f11a4f31f2a3b86d1bba2cc8ab69827
2019-07-13 16:26:22,422 INFO  handler.ContextHandler (ContextHandler.java:doStart(781)) - Started o.e.j.s.ServletContextHandler@1e30db85{/logs,file:///tmp/workdir/hadoop-ozone/integration-test/target/log,AVAILABLE}
2019-07-13 16:26:22,422 INFO  handler.ContextHandler (ContextHandler.java:doStart(781)) - Started o.e.j.s.ServletContextHandler@cc9ef8d{/static,jar:file:/home/user/.m2/repository/org/apache/hadoop/hadoop-hdds-container-service/0.5.0-SNAPSHOT/hadoop-hdds-container-service-0.5.0-SNAPSHOT.jar!/webapps/static,AVAILABLE}
2019-07-13 16:26:22,464 INFO  handler.ContextHandler (ContextHandler.java:doStart(781)) - Started o.e.j.w.WebAppContext@6a2d867d{/,file:///tmp/jetty-0.0.0.0-42361-hddsDatanode-_-any-8320007034950695836.dir/webapp/,AVAILABLE}{/hddsDatanode}
2019-07-13 16:26:22,464 INFO  server.AbstractConnector (AbstractConnector.java:doStart(278)) - Started ServerConnector@73bb1337{HTTP/1.1,[http/1.1]}{0.0.0.0:42361}
2019-07-13 16:26:22,465 INFO  server.Server (Server.java:doStart(419)) - Started @5943ms
2019-07-13 16:26:22,468 INFO  server.BaseHttpServer (BaseHttpServer.java:updateConnectorAddress(207)) - HTTP server of HDDSDATANODE is listening at http://0.0.0.0:42361
2019-07-13 16:26:22,607 INFO  ozone.HddsDatanodeService (HddsDatanodeService.java:startPlugins(396)) - Started plug-in org.apache.hadoop.ozone.web.OzoneHddsDatanodeService@65da01f4
2019-07-13 16:26:22,607 INFO  impl.MetricsSystemImpl (MetricsSystemImpl.java:init(158)) - HddsDatanode metrics system started (again)
2019-07-13 16:26:22,608 INFO  ozone.HddsDatanodeService (HddsDatanodeService.java:start(185)) - HddsDatanodeService host:trunk-nightly-z92hn-1831959607 ip:192.168.5.187
2019-07-13 16:26:22,609 INFO  util.JvmPauseMonitor (JvmPauseMonitor.java:run(188)) - Starting JVM pause monitor
2019-07-13 16:26:22,613 INFO  datanode.InitDatanodeState (InitDatanodeState.java:persistContainerDatanodeDetails(140)) - DatanodeDetails is persisted to /tmp/workdir/hadoop-ozone/integration-test/target/test-dir/MiniOzoneClusterImpl-488cee6e-9812-43b4-a1dd-ea710523146f/datanode-3/meta/datanode.id
2019-07-13 16:26:22,618 INFO  volume.HddsVolume (HddsVolume.java:<init>(176)) - Creating Volume: /tmp/workdir/hadoop-ozone/integration-test/target/test-dir/MiniOzoneClusterImpl-488cee6e-9812-43b4-a1dd-ea710523146f/datanode-4/data/containers/hdds of  storage type : DISK and capacity : 52710309888
2019-07-13 16:26:22,618 INFO  volume.VolumeSet (VolumeSet.java:initializeVolumeSet(170)) - Added Volume : /tmp/workdir/hadoop-ozone/integration-test/target/test-dir/MiniOzoneClusterImpl-488cee6e-9812-43b4-a1dd-ea710523146f/datanode-4/data/containers/hdds to VolumeSet
2019-07-13 16:26:22,618 INFO  volume.ThrottledAsyncChecker (ThrottledAsyncChecker.java:schedule(140)) - Scheduling a check for org.apache.hadoop.ozone.container.common.volume.HddsVolume@6b2fdffc
2019-07-13 16:26:22,619 INFO  volume.HddsVolumeChecker (HddsVolumeChecker.java:checkAllVolumes(203)) - Scheduled health check for volume org.apache.hadoop.ozone.container.common.volume.HddsVolume@6b2fdffc
2019-07-13 16:26:22,632 INFO  impl.RaftServerProxy (ConfUtils.java:logGet(43)) - raft.rpc.type = GRPC (default)
2019-07-13 16:26:22,632 INFO  grpc.GrpcFactory (GrpcFactory.java:checkPooledByteBufAllocatorUseCacheForAllThreads(45)) - PERFORMANCE WARNING: useCacheForAllThreads is true that may cause Netty to create a lot garbage objects and, as a result, trigger GC.
	It is recommended to disable useCacheForAllThreads by setting -Dorg.apache.ratis.thirdparty.io.netty.allocator.useCacheForAllThreads=false in command line.
2019-07-13 16:26:22,632 INFO  grpc.GrpcConfigKeys$Server (ConfUtils.java:logGet(43)) - raft.grpc.server.port = 0 (default)
2019-07-13 16:26:22,633 INFO  server.GrpcService (ConfUtils.java:logGet(43)) - raft.grpc.message.size.max = 33570816 (custom)
2019-07-13 16:26:22,633 INFO  server.RaftServerConfigKeys (ConfUtils.java:logGet(43)) - raft.server.log.appender.buffer.byte-limit = 33554432 (custom)
2019-07-13 16:26:22,633 INFO  server.GrpcService (ConfUtils.java:logGet(43)) - raft.grpc.flow.control.window = 1MB (=1048576) (default)
2019-07-13 16:26:22,633 INFO  server.RaftServerConfigKeys (ConfUtils.java:logGet(43)) - raft.server.rpc.request.timeout = 3000ms (default)
2019-07-13 16:26:22,634 INFO  server.RaftServerConfigKeys (ConfUtils.java:logGet(43)) - raft.server.storage.dir = [/tmp/workdir/hadoop-ozone/integration-test/target/test-dir/MiniOzoneClusterImpl-488cee6e-9812-43b4-a1dd-ea710523146f/datanode-4/data/ratis] (custom)
2019-07-13 16:26:22,634 INFO  replication.SimpleContainerDownloader (SimpleContainerDownloader.java:<init>(72)) - Starting container downloader service to copy containers to replicate.
2019-07-13 16:26:22,635 INFO  hdfs.DFSUtil (DFSUtil.java:httpServerTemplateForNNAndJN(1641)) - Starting Web-server for hddsDatanode at: http://0.0.0.0:0
2019-07-13 16:26:22,637 INFO  server.AuthenticationFilter (AuthenticationFilter.java:constructSecretProvider(240)) - Unable to initialize FileSignerSecretProvider, falling back to use random secrets.
2019-07-13 16:26:22,637 WARN  http.HttpRequestLog (HttpRequestLog.java:getRequestLog(97)) - Jetty request log can only be enabled using Log4j
2019-07-13 16:26:22,639 INFO  http.HttpServer2 (HttpServer2.java:addGlobalFilter(975)) - Added global filter 'safety' (class=org.apache.hadoop.http.HttpServer2$QuotingInputFilter)
2019-07-13 16:26:22,639 INFO  http.HttpServer2 (HttpServer2.java:addFilter(948)) - Added filter static_user_filter (class=org.apache.hadoop.http.lib.StaticUserWebFilter$StaticUserFilter) to context hddsDatanode
2019-07-13 16:26:22,640 INFO  http.HttpServer2 (HttpServer2.java:addFilter(958)) - Added filter static_user_filter (class=org.apache.hadoop.http.lib.StaticUserWebFilter$StaticUserFilter) to context logs
2019-07-13 16:26:22,640 INFO  http.HttpServer2 (HttpServer2.java:addFilter(958)) - Added filter static_user_filter (class=org.apache.hadoop.http.lib.StaticUserWebFilter$StaticUserFilter) to context static
2019-07-13 16:26:22,640 INFO  http.HttpServer2 (HttpServer2.java:bindListener(1191)) - Jetty bound to port 38696
2019-07-13 16:26:22,641 INFO  server.Server (Server.java:doStart(351)) - jetty-9.3.24.v20180605, build timestamp: 2018-06-05T17:11:56Z, git hash: 84205aa28f11a4f31f2a3b86d1bba2cc8ab69827
2019-07-13 16:26:22,643 INFO  handler.ContextHandler (ContextHandler.java:doStart(781)) - Started o.e.j.s.ServletContextHandler@615db358{/logs,file:///tmp/workdir/hadoop-ozone/integration-test/target/log,AVAILABLE}
2019-07-13 16:26:22,644 INFO  handler.ContextHandler (ContextHandler.java:doStart(781)) - Started o.e.j.s.ServletContextHandler@5fef0c19{/static,jar:file:/home/user/.m2/repository/org/apache/hadoop/hadoop-hdds-container-service/0.5.0-SNAPSHOT/hadoop-hdds-container-service-0.5.0-SNAPSHOT.jar!/webapps/static,AVAILABLE}
2019-07-13 16:26:22,671 INFO  handler.ContextHandler (ContextHandler.java:doStart(781)) - Started o.e.j.w.WebAppContext@367d34c0{/,file:///tmp/jetty-0.0.0.0-38696-hddsDatanode-_-any-480980027757611902.dir/webapp/,AVAILABLE}{/hddsDatanode}
2019-07-13 16:26:22,671 INFO  server.AbstractConnector (AbstractConnector.java:doStart(278)) - Started ServerConnector@4ce25e47{HTTP/1.1,[http/1.1]}{0.0.0.0:38696}
2019-07-13 16:26:22,672 INFO  server.Server (Server.java:doStart(419)) - Started @6150ms
2019-07-13 16:26:22,675 INFO  server.BaseHttpServer (BaseHttpServer.java:updateConnectorAddress(207)) - HTTP server of HDDSDATANODE is listening at http://0.0.0.0:38696
2019-07-13 16:26:22,840 INFO  ozone.HddsDatanodeService (HddsDatanodeService.java:startPlugins(396)) - Started plug-in org.apache.hadoop.ozone.web.OzoneHddsDatanodeService@15d236fd
2019-07-13 16:26:22,841 INFO  impl.MetricsSystemImpl (MetricsSystemImpl.java:init(158)) - HddsDatanode metrics system started (again)
2019-07-13 16:26:22,841 INFO  ozone.HddsDatanodeService (HddsDatanodeService.java:start(185)) - HddsDatanodeService host:trunk-nightly-z92hn-1831959607 ip:192.168.5.187
2019-07-13 16:26:22,844 INFO  util.JvmPauseMonitor (JvmPauseMonitor.java:run(188)) - Starting JVM pause monitor
2019-07-13 16:26:22,846 INFO  datanode.InitDatanodeState (InitDatanodeState.java:persistContainerDatanodeDetails(140)) - DatanodeDetails is persisted to /tmp/workdir/hadoop-ozone/integration-test/target/test-dir/MiniOzoneClusterImpl-488cee6e-9812-43b4-a1dd-ea710523146f/datanode-4/meta/datanode.id
2019-07-13 16:26:22,851 INFO  volume.HddsVolume (HddsVolume.java:<init>(176)) - Creating Volume: /tmp/workdir/hadoop-ozone/integration-test/target/test-dir/MiniOzoneClusterImpl-488cee6e-9812-43b4-a1dd-ea710523146f/datanode-5/data/containers/hdds of  storage type : DISK and capacity : 52710309888
2019-07-13 16:26:22,852 INFO  volume.VolumeSet (VolumeSet.java:initializeVolumeSet(170)) - Added Volume : /tmp/workdir/hadoop-ozone/integration-test/target/test-dir/MiniOzoneClusterImpl-488cee6e-9812-43b4-a1dd-ea710523146f/datanode-5/data/containers/hdds to VolumeSet
2019-07-13 16:26:22,852 INFO  volume.ThrottledAsyncChecker (ThrottledAsyncChecker.java:schedule(140)) - Scheduling a check for org.apache.hadoop.ozone.container.common.volume.HddsVolume@33eb0d4
2019-07-13 16:26:22,852 INFO  volume.HddsVolumeChecker (HddsVolumeChecker.java:checkAllVolumes(203)) - Scheduled health check for volume org.apache.hadoop.ozone.container.common.volume.HddsVolume@33eb0d4
2019-07-13 16:26:22,867 INFO  impl.RaftServerProxy (ConfUtils.java:logGet(43)) - raft.rpc.type = GRPC (default)
2019-07-13 16:26:22,868 INFO  grpc.GrpcFactory (GrpcFactory.java:checkPooledByteBufAllocatorUseCacheForAllThreads(45)) - PERFORMANCE WARNING: useCacheForAllThreads is true that may cause Netty to create a lot garbage objects and, as a result, trigger GC.
	It is recommended to disable useCacheForAllThreads by setting -Dorg.apache.ratis.thirdparty.io.netty.allocator.useCacheForAllThreads=false in command line.
2019-07-13 16:26:22,868 INFO  grpc.GrpcConfigKeys$Server (ConfUtils.java:logGet(43)) - raft.grpc.server.port = 0 (default)
2019-07-13 16:26:22,868 INFO  server.GrpcService (ConfUtils.java:logGet(43)) - raft.grpc.message.size.max = 33570816 (custom)
2019-07-13 16:26:22,869 INFO  server.RaftServerConfigKeys (ConfUtils.java:logGet(43)) - raft.server.log.appender.buffer.byte-limit = 33554432 (custom)
2019-07-13 16:26:22,869 INFO  server.GrpcService (ConfUtils.java:logGet(43)) - raft.grpc.flow.control.window = 1MB (=1048576) (default)
2019-07-13 16:26:22,869 INFO  server.RaftServerConfigKeys (ConfUtils.java:logGet(43)) - raft.server.rpc.request.timeout = 3000ms (default)
2019-07-13 16:26:22,870 INFO  server.RaftServerConfigKeys (ConfUtils.java:logGet(43)) - raft.server.storage.dir = [/tmp/workdir/hadoop-ozone/integration-test/target/test-dir/MiniOzoneClusterImpl-488cee6e-9812-43b4-a1dd-ea710523146f/datanode-5/data/ratis] (custom)
2019-07-13 16:26:22,870 INFO  replication.SimpleContainerDownloader (SimpleContainerDownloader.java:<init>(72)) - Starting container downloader service to copy containers to replicate.
2019-07-13 16:26:22,872 INFO  hdfs.DFSUtil (DFSUtil.java:httpServerTemplateForNNAndJN(1641)) - Starting Web-server for hddsDatanode at: http://0.0.0.0:0
2019-07-13 16:26:22,874 INFO  server.AuthenticationFilter (AuthenticationFilter.java:constructSecretProvider(240)) - Unable to initialize FileSignerSecretProvider, falling back to use random secrets.
2019-07-13 16:26:22,875 WARN  http.HttpRequestLog (HttpRequestLog.java:getRequestLog(97)) - Jetty request log can only be enabled using Log4j
2019-07-13 16:26:22,877 INFO  http.HttpServer2 (HttpServer2.java:addGlobalFilter(975)) - Added global filter 'safety' (class=org.apache.hadoop.http.HttpServer2$QuotingInputFilter)
2019-07-13 16:26:22,878 INFO  http.HttpServer2 (HttpServer2.java:addFilter(948)) - Added filter static_user_filter (class=org.apache.hadoop.http.lib.StaticUserWebFilter$StaticUserFilter) to context hddsDatanode
2019-07-13 16:26:22,879 INFO  http.HttpServer2 (HttpServer2.java:addFilter(958)) - Added filter static_user_filter (class=org.apache.hadoop.http.lib.StaticUserWebFilter$StaticUserFilter) to context static
2019-07-13 16:26:22,879 INFO  http.HttpServer2 (HttpServer2.java:addFilter(958)) - Added filter static_user_filter (class=org.apache.hadoop.http.lib.StaticUserWebFilter$StaticUserFilter) to context logs
2019-07-13 16:26:22,880 INFO  http.HttpServer2 (HttpServer2.java:bindListener(1191)) - Jetty bound to port 46133
2019-07-13 16:26:22,880 INFO  server.Server (Server.java:doStart(351)) - jetty-9.3.24.v20180605, build timestamp: 2018-06-05T17:11:56Z, git hash: 84205aa28f11a4f31f2a3b86d1bba2cc8ab69827
2019-07-13 16:26:22,886 INFO  handler.ContextHandler (ContextHandler.java:doStart(781)) - Started o.e.j.s.ServletContextHandler@6885ed19{/logs,file:///tmp/workdir/hadoop-ozone/integration-test/target/log,AVAILABLE}
2019-07-13 16:26:22,886 INFO  handler.ContextHandler (ContextHandler.java:doStart(781)) - Started o.e.j.s.ServletContextHandler@2d4a3e13{/static,jar:file:/home/user/.m2/repository/org/apache/hadoop/hadoop-hdds-container-service/0.5.0-SNAPSHOT/hadoop-hdds-container-service-0.5.0-SNAPSHOT.jar!/webapps/static,AVAILABLE}
2019-07-13 16:26:22,929 INFO  handler.ContextHandler (ContextHandler.java:doStart(781)) - Started o.e.j.w.WebAppContext@561f9d92{/,file:///tmp/jetty-0.0.0.0-46133-hddsDatanode-_-any-4622060158961390073.dir/webapp/,AVAILABLE}{/hddsDatanode}
2019-07-13 16:26:22,930 INFO  server.AbstractConnector (AbstractConnector.java:doStart(278)) - Started ServerConnector@1c84d80a{HTTP/1.1,[http/1.1]}{0.0.0.0:46133}
2019-07-13 16:26:22,930 INFO  server.Server (Server.java:doStart(419)) - Started @6407ms
2019-07-13 16:26:22,931 INFO  server.BaseHttpServer (BaseHttpServer.java:updateConnectorAddress(207)) - HTTP server of HDDSDATANODE is listening at http://0.0.0.0:46133
2019-07-13 16:26:23,079 INFO  ozone.HddsDatanodeService (HddsDatanodeService.java:startPlugins(396)) - Started plug-in org.apache.hadoop.ozone.web.OzoneHddsDatanodeService@16f15ae9
2019-07-13 16:26:23,079 INFO  impl.MetricsSystemImpl (MetricsSystemImpl.java:init(158)) - HddsDatanode metrics system started (again)
2019-07-13 16:26:23,080 INFO  ozone.HddsDatanodeService (HddsDatanodeService.java:start(185)) - HddsDatanodeService host:trunk-nightly-z92hn-1831959607 ip:192.168.5.187
2019-07-13 16:26:23,081 INFO  util.JvmPauseMonitor (JvmPauseMonitor.java:run(188)) - Starting JVM pause monitor
2019-07-13 16:26:23,085 INFO  datanode.InitDatanodeState (InitDatanodeState.java:persistContainerDatanodeDetails(140)) - DatanodeDetails is persisted to /tmp/workdir/hadoop-ozone/integration-test/target/test-dir/MiniOzoneClusterImpl-488cee6e-9812-43b4-a1dd-ea710523146f/datanode-5/meta/datanode.id
2019-07-13 16:26:23,089 INFO  volume.HddsVolume (HddsVolume.java:<init>(176)) - Creating Volume: /tmp/workdir/hadoop-ozone/integration-test/target/test-dir/MiniOzoneClusterImpl-488cee6e-9812-43b4-a1dd-ea710523146f/datanode-6/data/containers/hdds of  storage type : DISK and capacity : 52710309888
2019-07-13 16:26:23,090 INFO  volume.VolumeSet (VolumeSet.java:initializeVolumeSet(170)) - Added Volume : /tmp/workdir/hadoop-ozone/integration-test/target/test-dir/MiniOzoneClusterImpl-488cee6e-9812-43b4-a1dd-ea710523146f/datanode-6/data/containers/hdds to VolumeSet
2019-07-13 16:26:23,090 INFO  volume.ThrottledAsyncChecker (ThrottledAsyncChecker.java:schedule(140)) - Scheduling a check for org.apache.hadoop.ozone.container.common.volume.HddsVolume@2b79c8ff
2019-07-13 16:26:23,091 INFO  volume.HddsVolumeChecker (HddsVolumeChecker.java:checkAllVolumes(203)) - Scheduled health check for volume org.apache.hadoop.ozone.container.common.volume.HddsVolume@2b79c8ff
2019-07-13 16:26:23,109 INFO  impl.RaftServerProxy (ConfUtils.java:logGet(43)) - raft.rpc.type = GRPC (default)
2019-07-13 16:26:23,109 INFO  grpc.GrpcFactory (GrpcFactory.java:checkPooledByteBufAllocatorUseCacheForAllThreads(45)) - PERFORMANCE WARNING: useCacheForAllThreads is true that may cause Netty to create a lot garbage objects and, as a result, trigger GC.
	It is recommended to disable useCacheForAllThreads by setting -Dorg.apache.ratis.thirdparty.io.netty.allocator.useCacheForAllThreads=false in command line.
2019-07-13 16:26:23,109 INFO  grpc.GrpcConfigKeys$Server (ConfUtils.java:logGet(43)) - raft.grpc.server.port = 0 (default)
2019-07-13 16:26:23,110 INFO  server.GrpcService (ConfUtils.java:logGet(43)) - raft.grpc.message.size.max = 33570816 (custom)
2019-07-13 16:26:23,110 INFO  server.RaftServerConfigKeys (ConfUtils.java:logGet(43)) - raft.server.log.appender.buffer.byte-limit = 33554432 (custom)
2019-07-13 16:26:23,110 INFO  server.GrpcService (ConfUtils.java:logGet(43)) - raft.grpc.flow.control.window = 1MB (=1048576) (default)
2019-07-13 16:26:23,110 INFO  server.RaftServerConfigKeys (ConfUtils.java:logGet(43)) - raft.server.rpc.request.timeout = 3000ms (default)
2019-07-13 16:26:23,111 INFO  server.RaftServerConfigKeys (ConfUtils.java:logGet(43)) - raft.server.storage.dir = [/tmp/workdir/hadoop-ozone/integration-test/target/test-dir/MiniOzoneClusterImpl-488cee6e-9812-43b4-a1dd-ea710523146f/datanode-6/data/ratis] (custom)
2019-07-13 16:26:23,112 INFO  replication.SimpleContainerDownloader (SimpleContainerDownloader.java:<init>(72)) - Starting container downloader service to copy containers to replicate.
2019-07-13 16:26:23,113 INFO  hdfs.DFSUtil (DFSUtil.java:httpServerTemplateForNNAndJN(1641)) - Starting Web-server for hddsDatanode at: http://0.0.0.0:0
2019-07-13 16:26:23,115 INFO  server.AuthenticationFilter (AuthenticationFilter.java:constructSecretProvider(240)) - Unable to initialize FileSignerSecretProvider, falling back to use random secrets.
2019-07-13 16:26:23,116 WARN  http.HttpRequestLog (HttpRequestLog.java:getRequestLog(97)) - Jetty request log can only be enabled using Log4j
2019-07-13 16:26:23,118 INFO  http.HttpServer2 (HttpServer2.java:addGlobalFilter(975)) - Added global filter 'safety' (class=org.apache.hadoop.http.HttpServer2$QuotingInputFilter)
2019-07-13 16:26:23,119 INFO  http.HttpServer2 (HttpServer2.java:addFilter(948)) - Added filter static_user_filter (class=org.apache.hadoop.http.lib.StaticUserWebFilter$StaticUserFilter) to context hddsDatanode
2019-07-13 16:26:23,120 INFO  http.HttpServer2 (HttpServer2.java:addFilter(958)) - Added filter static_user_filter (class=org.apache.hadoop.http.lib.StaticUserWebFilter$StaticUserFilter) to context logs
2019-07-13 16:26:23,120 INFO  http.HttpServer2 (HttpServer2.java:addFilter(958)) - Added filter static_user_filter (class=org.apache.hadoop.http.lib.StaticUserWebFilter$StaticUserFilter) to context static
2019-07-13 16:26:23,121 INFO  http.HttpServer2 (HttpServer2.java:bindListener(1191)) - Jetty bound to port 34497
2019-07-13 16:26:23,121 INFO  server.Server (Server.java:doStart(351)) - jetty-9.3.24.v20180605, build timestamp: 2018-06-05T17:11:56Z, git hash: 84205aa28f11a4f31f2a3b86d1bba2cc8ab69827
2019-07-13 16:26:23,124 INFO  handler.ContextHandler (ContextHandler.java:doStart(781)) - Started o.e.j.s.ServletContextHandler@6568f998{/logs,file:///tmp/workdir/hadoop-ozone/integration-test/target/log,AVAILABLE}
2019-07-13 16:26:23,125 INFO  handler.ContextHandler (ContextHandler.java:doStart(781)) - Started o.e.j.s.ServletContextHandler@782fd504{/static,jar:file:/home/user/.m2/repository/org/apache/hadoop/hadoop-hdds-container-service/0.5.0-SNAPSHOT/hadoop-hdds-container-service-0.5.0-SNAPSHOT.jar!/webapps/static,AVAILABLE}
2019-07-13 16:26:23,167 INFO  handler.ContextHandler (ContextHandler.java:doStart(781)) - Started o.e.j.w.WebAppContext@418f0534{/,file:///tmp/jetty-0.0.0.0-34497-hddsDatanode-_-any-4642245719129573425.dir/webapp/,AVAILABLE}{/hddsDatanode}
2019-07-13 16:26:23,168 INFO  server.AbstractConnector (AbstractConnector.java:doStart(278)) - Started ServerConnector@3dfd7eaa{HTTP/1.1,[http/1.1]}{0.0.0.0:34497}
2019-07-13 16:26:23,169 INFO  server.Server (Server.java:doStart(419)) - Started @6646ms
2019-07-13 16:26:23,170 INFO  server.BaseHttpServer (BaseHttpServer.java:updateConnectorAddress(207)) - HTTP server of HDDSDATANODE is listening at http://0.0.0.0:34497
2019-07-13 16:26:23,382 INFO  ozone.HddsDatanodeService (HddsDatanodeService.java:startPlugins(396)) - Started plug-in org.apache.hadoop.ozone.web.OzoneHddsDatanodeService@28e7bb31
2019-07-13 16:26:23,384 INFO  ozone.MiniOzoneClusterImpl (MiniOzoneClusterImpl.java:lambda$waitForClusterToBeReady$0(142)) - Waiting for cluster to be ready. Got 0 of 7 DN Heartbeats.
2019-07-13 16:26:23,384 INFO  util.JvmPauseMonitor (JvmPauseMonitor.java:run(188)) - Starting JVM pause monitor
2019-07-13 16:26:23,386 INFO  datanode.InitDatanodeState (InitDatanodeState.java:persistContainerDatanodeDetails(140)) - DatanodeDetails is persisted to /tmp/workdir/hadoop-ozone/integration-test/target/test-dir/MiniOzoneClusterImpl-488cee6e-9812-43b4-a1dd-ea710523146f/datanode-6/meta/datanode.id
2019-07-13 16:26:23,929 INFO  ozoneimpl.OzoneContainer (OzoneContainer.java:start(186)) - Attempting to start container services.
2019-07-13 16:26:23,929 INFO  ozoneimpl.OzoneContainer (OzoneContainer.java:startContainerScrub(160)) - Background container scrubber has been disabled by hdds.containerscrub.enabled
2019-07-13 16:26:23,930 INFO  ratis.XceiverServerRatis (XceiverServerRatis.java:start(418)) - Starting XceiverServerRatis 70e4dd9f-3b94-4d19-ba43-f83a8be65831 at port 0
2019-07-13 16:26:23,953 INFO  impl.RaftServerProxy (RaftServerProxy.java:lambda$start$3(299)) - 70e4dd9f-3b94-4d19-ba43-f83a8be65831: start RPC server
2019-07-13 16:26:24,075 INFO  server.GrpcService (GrpcService.java:startImpl(149)) - 70e4dd9f-3b94-4d19-ba43-f83a8be65831: GrpcService started, listening on 0.0.0.0/0.0.0.0:44770
2019-07-13 16:26:24,076 INFO  ratis.XceiverServerRatis (XceiverServerRatis.java:start(428)) - XceiverServerRatis 70e4dd9f-3b94-4d19-ba43-f83a8be65831 is started using port 44770
2019-07-13 16:26:24,077 INFO  server.XceiverServerGrpc (XceiverServerGrpc.java:start(161)) - XceiverServerGrpc 70e4dd9f-3b94-4d19-ba43-f83a8be65831 is started using port 39909
2019-07-13 16:26:24,162 INFO  ozoneimpl.OzoneContainer (OzoneContainer.java:start(186)) - Attempting to start container services.
2019-07-13 16:26:24,164 INFO  ozoneimpl.OzoneContainer (OzoneContainer.java:startContainerScrub(160)) - Background container scrubber has been disabled by hdds.containerscrub.enabled
2019-07-13 16:26:24,164 INFO  ratis.XceiverServerRatis (XceiverServerRatis.java:start(418)) - Starting XceiverServerRatis d11a2b3f-362f-4936-97f0-fb201a013f3a at port 0
2019-07-13 16:26:24,172 INFO  impl.RaftServerProxy (RaftServerProxy.java:lambda$start$3(299)) - d11a2b3f-362f-4936-97f0-fb201a013f3a: start RPC server
2019-07-13 16:26:24,176 INFO  server.GrpcService (GrpcService.java:startImpl(149)) - d11a2b3f-362f-4936-97f0-fb201a013f3a: GrpcService started, listening on 0.0.0.0/0.0.0.0:40095
2019-07-13 16:26:24,176 INFO  ratis.XceiverServerRatis (XceiverServerRatis.java:start(428)) - XceiverServerRatis d11a2b3f-362f-4936-97f0-fb201a013f3a is started using port 40095
2019-07-13 16:26:24,179 INFO  server.XceiverServerGrpc (XceiverServerGrpc.java:start(161)) - XceiverServerGrpc d11a2b3f-362f-4936-97f0-fb201a013f3a is started using port 45112
2019-07-13 16:26:24,384 INFO  ozone.MiniOzoneClusterImpl (MiniOzoneClusterImpl.java:lambda$waitForClusterToBeReady$0(142)) - Waiting for cluster to be ready. Got 0 of 7 DN Heartbeats.
2019-07-13 16:26:24,389 INFO  ozoneimpl.OzoneContainer (OzoneContainer.java:start(186)) - Attempting to start container services.
2019-07-13 16:26:24,391 INFO  ozoneimpl.OzoneContainer (OzoneContainer.java:startContainerScrub(160)) - Background container scrubber has been disabled by hdds.containerscrub.enabled
2019-07-13 16:26:24,392 INFO  ratis.XceiverServerRatis (XceiverServerRatis.java:start(418)) - Starting XceiverServerRatis 044708e7-a52e-40ec-a4d3-fe217a065be8 at port 0
2019-07-13 16:26:24,401 INFO  impl.RaftServerProxy (RaftServerProxy.java:lambda$start$3(299)) - 044708e7-a52e-40ec-a4d3-fe217a065be8: start RPC server
2019-07-13 16:26:24,404 INFO  server.GrpcService (GrpcService.java:startImpl(149)) - 044708e7-a52e-40ec-a4d3-fe217a065be8: GrpcService started, listening on 0.0.0.0/0.0.0.0:44162
2019-07-13 16:26:24,404 INFO  ratis.XceiverServerRatis (XceiverServerRatis.java:start(428)) - XceiverServerRatis 044708e7-a52e-40ec-a4d3-fe217a065be8 is started using port 44162
2019-07-13 16:26:24,407 INFO  server.XceiverServerGrpc (XceiverServerGrpc.java:start(161)) - XceiverServerGrpc 044708e7-a52e-40ec-a4d3-fe217a065be8 is started using port 37202
2019-07-13 16:26:24,617 INFO  ozoneimpl.OzoneContainer (OzoneContainer.java:start(186)) - Attempting to start container services.
2019-07-13 16:26:24,620 INFO  ozoneimpl.OzoneContainer (OzoneContainer.java:startContainerScrub(160)) - Background container scrubber has been disabled by hdds.containerscrub.enabled
2019-07-13 16:26:24,620 INFO  ratis.XceiverServerRatis (XceiverServerRatis.java:start(418)) - Starting XceiverServerRatis 14325e5d-297b-4230-a948-14d0dd5163ac at port 0
2019-07-13 16:26:24,629 INFO  impl.RaftServerProxy (RaftServerProxy.java:lambda$start$3(299)) - 14325e5d-297b-4230-a948-14d0dd5163ac: start RPC server
2019-07-13 16:26:24,633 INFO  server.GrpcService (GrpcService.java:startImpl(149)) - 14325e5d-297b-4230-a948-14d0dd5163ac: GrpcService started, listening on 0.0.0.0/0.0.0.0:34354
2019-07-13 16:26:24,634 INFO  ratis.XceiverServerRatis (XceiverServerRatis.java:start(428)) - XceiverServerRatis 14325e5d-297b-4230-a948-14d0dd5163ac is started using port 34354
2019-07-13 16:26:24,639 INFO  server.XceiverServerGrpc (XceiverServerGrpc.java:start(161)) - XceiverServerGrpc 14325e5d-297b-4230-a948-14d0dd5163ac is started using port 43517
2019-07-13 16:26:24,869 INFO  ozoneimpl.OzoneContainer (OzoneContainer.java:start(186)) - Attempting to start container services.
2019-07-13 16:26:24,872 INFO  ozoneimpl.OzoneContainer (OzoneContainer.java:startContainerScrub(160)) - Background container scrubber has been disabled by hdds.containerscrub.enabled
2019-07-13 16:26:24,872 INFO  ratis.XceiverServerRatis (XceiverServerRatis.java:start(418)) - Starting XceiverServerRatis 29b6b04b-4a33-43a2-8f94-ee83b13355a5 at port 0
2019-07-13 16:26:24,881 INFO  impl.RaftServerProxy (RaftServerProxy.java:lambda$start$3(299)) - 29b6b04b-4a33-43a2-8f94-ee83b13355a5: start RPC server
2019-07-13 16:26:24,886 INFO  server.GrpcService (GrpcService.java:startImpl(149)) - 29b6b04b-4a33-43a2-8f94-ee83b13355a5: GrpcService started, listening on 0.0.0.0/0.0.0.0:39836
2019-07-13 16:26:24,886 INFO  ratis.XceiverServerRatis (XceiverServerRatis.java:start(428)) - XceiverServerRatis 29b6b04b-4a33-43a2-8f94-ee83b13355a5 is started using port 39836
2019-07-13 16:26:24,890 INFO  server.XceiverServerGrpc (XceiverServerGrpc.java:start(161)) - XceiverServerGrpc 29b6b04b-4a33-43a2-8f94-ee83b13355a5 is started using port 44348
2019-07-13 16:26:25,097 INFO  ozoneimpl.OzoneContainer (OzoneContainer.java:start(186)) - Attempting to start container services.
2019-07-13 16:26:25,101 INFO  ozoneimpl.OzoneContainer (OzoneContainer.java:startContainerScrub(160)) - Background container scrubber has been disabled by hdds.containerscrub.enabled
2019-07-13 16:26:25,101 INFO  ratis.XceiverServerRatis (XceiverServerRatis.java:start(418)) - Starting XceiverServerRatis d4583721-577b-4654-9040-19b2cb0aebc2 at port 0
2019-07-13 16:26:25,108 INFO  impl.RaftServerProxy (RaftServerProxy.java:lambda$start$3(299)) - d4583721-577b-4654-9040-19b2cb0aebc2: start RPC server
2019-07-13 16:26:25,112 INFO  server.GrpcService (GrpcService.java:startImpl(149)) - d4583721-577b-4654-9040-19b2cb0aebc2: GrpcService started, listening on 0.0.0.0/0.0.0.0:36774
2019-07-13 16:26:25,112 INFO  ratis.XceiverServerRatis (XceiverServerRatis.java:start(428)) - XceiverServerRatis d4583721-577b-4654-9040-19b2cb0aebc2 is started using port 36774
2019-07-13 16:26:25,116 INFO  server.XceiverServerGrpc (XceiverServerGrpc.java:start(161)) - XceiverServerGrpc d4583721-577b-4654-9040-19b2cb0aebc2 is started using port 46710
2019-07-13 16:26:25,385 INFO  ozone.MiniOzoneClusterImpl (MiniOzoneClusterImpl.java:lambda$waitForClusterToBeReady$0(142)) - Waiting for cluster to be ready. Got 0 of 7 DN Heartbeats.
2019-07-13 16:26:25,401 INFO  ozoneimpl.OzoneContainer (OzoneContainer.java:start(186)) - Attempting to start container services.
2019-07-13 16:26:25,404 INFO  ozoneimpl.OzoneContainer (OzoneContainer.java:startContainerScrub(160)) - Background container scrubber has been disabled by hdds.containerscrub.enabled
2019-07-13 16:26:25,405 INFO  ratis.XceiverServerRatis (XceiverServerRatis.java:start(418)) - Starting XceiverServerRatis 1febe8c9-3e68-41fc-803e-1e0a2dbb3f8a at port 0
2019-07-13 16:26:25,412 INFO  impl.RaftServerProxy (RaftServerProxy.java:lambda$start$3(299)) - 1febe8c9-3e68-41fc-803e-1e0a2dbb3f8a: start RPC server
2019-07-13 16:26:25,417 INFO  server.GrpcService (GrpcService.java:startImpl(149)) - 1febe8c9-3e68-41fc-803e-1e0a2dbb3f8a: GrpcService started, listening on 0.0.0.0/0.0.0.0:43712
2019-07-13 16:26:25,417 INFO  ratis.XceiverServerRatis (XceiverServerRatis.java:start(428)) - XceiverServerRatis 1febe8c9-3e68-41fc-803e-1e0a2dbb3f8a is started using port 43712
2019-07-13 16:26:25,421 INFO  server.XceiverServerGrpc (XceiverServerGrpc.java:start(161)) - XceiverServerGrpc 1febe8c9-3e68-41fc-803e-1e0a2dbb3f8a is started using port 36301
2019-07-13 16:26:25,918 INFO  net.NetworkTopology (NetworkTopologyImpl.java:add(110)) - Added a new node: /default-rack/192.168.5.187
2019-07-13 16:26:25,919 INFO  node.SCMNodeManager (SCMNodeManager.java:register(269)) - Registered Data node : 70e4dd9f-3b94-4d19-ba43-f83a8be65831{ip: 192.168.5.187, host: trunk-nightly-z92hn-1831959607, networkLocation: /default-rack, certSerialId: null}
2019-07-13 16:26:25,925 INFO  safemode.SCMSafeModeManager (DataNodeSafeModeRule.java:process(71)) - SCM in safe mode. 1 DataNodes registered, 1 required.
2019-07-13 16:26:25,926 INFO  safemode.SCMSafeModeManager (SCMSafeModeManager.java:validateSafeModeExitRules(177)) - ScmSafeModeManager, all rules are successfully validated
2019-07-13 16:26:25,926 INFO  safemode.SCMSafeModeManager (SCMSafeModeManager.java:exitSafeMode(193)) - SCM exiting safe mode.
2019-07-13 16:26:26,149 INFO  node.SCMNodeManager (SCMNodeManager.java:register(269)) - Registered Data node : d11a2b3f-362f-4936-97f0-fb201a013f3a{ip: 192.168.5.187, host: trunk-nightly-z92hn-1831959607, networkLocation: /default-rack, certSerialId: null}
2019-07-13 16:26:26,384 INFO  node.SCMNodeManager (SCMNodeManager.java:register(269)) - Registered Data node : 044708e7-a52e-40ec-a4d3-fe217a065be8{ip: 192.168.5.187, host: trunk-nightly-z92hn-1831959607, networkLocation: /default-rack, certSerialId: null}
2019-07-13 16:26:26,387 INFO  ozone.MiniOzoneClusterImpl (MiniOzoneClusterImpl.java:lambda$waitForClusterToBeReady$0(142)) - Waiting for cluster to be ready. Got 3 of 7 DN Heartbeats.
2019-07-13 16:26:26,827 INFO  node.SCMNodeManager (SCMNodeManager.java:register(269)) - Registered Data node : 14325e5d-297b-4230-a948-14d0dd5163ac{ip: 192.168.5.187, host: trunk-nightly-z92hn-1831959607, networkLocation: /default-rack, certSerialId: null}
2019-07-13 16:26:26,848 INFO  node.SCMNodeManager (SCMNodeManager.java:register(269)) - Registered Data node : 29b6b04b-4a33-43a2-8f94-ee83b13355a5{ip: 192.168.5.187, host: trunk-nightly-z92hn-1831959607, networkLocation: /default-rack, certSerialId: null}
2019-07-13 16:26:26,868 INFO  impl.RaftServerProxy (RaftServerProxy.java:addNew(89)) - 70e4dd9f-3b94-4d19-ba43-f83a8be65831: addNew group-AD5256851F1E:[70e4dd9f-3b94-4d19-ba43-f83a8be65831:192.168.5.187:44770] returns group-AD5256851F1E:java.util.concurrent.CompletableFuture@75e3d5cd[Not completed]
2019-07-13 16:26:26,882 INFO  impl.RaftServerImpl (RaftServerImpl.java:<init>(93)) - 70e4dd9f-3b94-4d19-ba43-f83a8be65831: new RaftServerImpl for group-AD5256851F1E:[70e4dd9f-3b94-4d19-ba43-f83a8be65831:192.168.5.187:44770] with ContainerStateMachine:uninitialized
2019-07-13 16:26:26,884 INFO  server.RaftServerConfigKeys (ConfUtils.java:logGet(43)) - raft.server.rpc.timeout.min = 5s (custom)
2019-07-13 16:26:26,884 INFO  server.RaftServerConfigKeys (ConfUtils.java:logGet(43)) - raft.server.rpc.timeout.max = 5200ms (custom)
2019-07-13 16:26:26,884 INFO  server.RaftServerConfigKeys (ConfUtils.java:logGet(43)) - raft.server.rpcslowness.timeout = 120s (custom)
2019-07-13 16:26:26,885 INFO  server.RaftServerConfigKeys (ConfUtils.java:logGet(43)) - raft.server.sleep.deviation.threshold = 300 (default)
2019-07-13 16:26:26,887 INFO  server.RaftServerConfigKeys (ConfUtils.java:logGet(43)) - raft.server.log.appender.install.snapshot.enabled = false (custom)
2019-07-13 16:26:26,897 INFO  impl.RaftServerImpl (ServerState.java:<init>(105)) - 70e4dd9f-3b94-4d19-ba43-f83a8be65831:group-AD5256851F1E ConfigurationManager, init=-1: [70e4dd9f-3b94-4d19-ba43-f83a8be65831:192.168.5.187:44770], old=null, confs=<EMPTY_MAP>
2019-07-13 16:26:26,897 INFO  server.RaftServerConfigKeys (ConfUtils.java:logGet(43)) - raft.server.storage.dir = [/tmp/workdir/hadoop-ozone/integration-test/target/test-dir/MiniOzoneClusterImpl-488cee6e-9812-43b4-a1dd-ea710523146f/datanode-0/data/ratis] (custom)
2019-07-13 16:26:26,907 INFO  storage.RaftStorageDirectory (RaftStorageDirectory.java:analyzeStorage(246)) - The storage directory /tmp/workdir/hadoop-ozone/integration-test/target/test-dir/MiniOzoneClusterImpl-488cee6e-9812-43b4-a1dd-ea710523146f/datanode-0/data/ratis/08560e24-919d-4c8e-885b-ad5256851f1e does not exist. Creating ...
2019-07-13 16:26:26,925 INFO  storage.RaftStorageDirectory (RaftStorageDirectory.java:tryLock(328)) - Lock on /tmp/workdir/hadoop-ozone/integration-test/target/test-dir/MiniOzoneClusterImpl-488cee6e-9812-43b4-a1dd-ea710523146f/datanode-0/data/ratis/08560e24-919d-4c8e-885b-ad5256851f1e/in_use.lock acquired by nodename 30505@trunk-nightly-z92hn-1831959607
2019-07-13 16:26:26,940 INFO  storage.RaftStorage (RaftStorage.java:format(72)) - Storage directory /tmp/workdir/hadoop-ozone/integration-test/target/test-dir/MiniOzoneClusterImpl-488cee6e-9812-43b4-a1dd-ea710523146f/datanode-0/data/ratis/08560e24-919d-4c8e-885b-ad5256851f1e has been successfully formatted.
2019-07-13 16:26:26,942 INFO  ratis.ContainerStateMachine (ContainerStateMachine.java:loadSnapshot(200)) - The snapshot info is null.Setting the last applied index to:(t:0, i:~)
2019-07-13 16:26:26,943 INFO  server.RaftServerConfigKeys (ConfUtils.java:logGet(43)) - raft.server.leader.election.timeout = 120s (custom)
2019-07-13 16:26:26,945 INFO  server.RaftServerConfigKeys (ConfUtils.java:logGet(43)) - raft.server.log.use.memory = false (default)
2019-07-13 16:26:26,951 INFO  server.RaftServerConfigKeys (ConfUtils.java:logGet(43)) - raft.server.log.purge.gap = 1000000000 (custom)
2019-07-13 16:26:26,952 INFO  server.RaftServerConfigKeys (ConfUtils.java:logGet(43)) - raft.server.log.appender.buffer.byte-limit = 33554432 (custom)
2019-07-13 16:26:26,954 INFO  server.RaftServerConfigKeys (ConfUtils.java:logGet(43)) - raft.server.log.segment.size.max = 1048576 (custom)
2019-07-13 16:26:26,959 INFO  server.RaftServerConfigKeys (ConfUtils.java:logGet(43)) - raft.server.log.segment.cache.num.max = 2 (custom)
2019-07-13 16:26:26,965 INFO  segmented.SegmentedRaftLogWorker (SegmentedRaftLogWorker.java:<init>(172)) - new 70e4dd9f-3b94-4d19-ba43-f83a8be65831-SegmentedRaftLogWorker:Storage Directory /tmp/workdir/hadoop-ozone/integration-test/target/test-dir/MiniOzoneClusterImpl-488cee6e-9812-43b4-a1dd-ea710523146f/datanode-0/data/ratis/08560e24-919d-4c8e-885b-ad5256851f1e for RaftStorage:Storage Directory /tmp/workdir/hadoop-ozone/integration-test/target/test-dir/MiniOzoneClusterImpl-488cee6e-9812-43b4-a1dd-ea710523146f/datanode-0/data/ratis/08560e24-919d-4c8e-885b-ad5256851f1e
2019-07-13 16:26:26,978 INFO  server.RaftServerConfigKeys (ConfUtils.java:logGet(43)) - raft.server.log.queue.byte-limit = 2147483647 (custom)
2019-07-13 16:26:26,979 INFO  server.RaftServerConfigKeys (ConfUtils.java:logGet(43)) - raft.server.log.queue.element-limit = 1024 (custom)
2019-07-13 16:26:26,988 INFO  server.RaftServerConfigKeys (ConfUtils.java:logGet(43)) - raft.server.log.segment.size.max = 1048576 (custom)
2019-07-13 16:26:26,988 INFO  server.RaftServerConfigKeys (ConfUtils.java:logGet(43)) - raft.server.log.preallocated.size = 16384 (custom)
2019-07-13 16:26:26,989 INFO  server.RaftServerConfigKeys (ConfUtils.java:logGet(43)) - raft.server.log.write.buffer.size = 33554432 (custom)
2019-07-13 16:26:26,989 INFO  server.RaftServerConfigKeys (ConfUtils.java:logGet(43)) - raft.server.log.force.sync.num = 128 (default)
2019-07-13 16:26:26,990 INFO  server.RaftServerConfigKeys (ConfUtils.java:logGet(43)) - raft.server.log.statemachine.data.sync = true (default)
2019-07-13 16:26:26,990 INFO  server.RaftServerConfigKeys (ConfUtils.java:logGet(43)) - raft.server.log.statemachine.data.sync.timeout = 10s (default)
2019-07-13 16:26:26,991 INFO  server.RaftServerConfigKeys (ConfUtils.java:logGet(43)) - raft.server.log.statemachine.data.sync.timeout.retry = -1 (default)
2019-07-13 16:26:27,000 INFO  server.RaftServerConfigKeys (ConfUtils.java:logGet(43)) - raft.server.log.statemachine.data.caching.enabled = true (custom)
2019-07-13 16:26:27,005 INFO  segmented.SegmentedRaftLogWorker (SegmentedRaftLogWorker.java:lambda$new$0(132)) - 70e4dd9f-3b94-4d19-ba43-f83a8be65831-SegmentedRaftLogWorker:Storage Directory /tmp/workdir/hadoop-ozone/integration-test/target/test-dir/MiniOzoneClusterImpl-488cee6e-9812-43b4-a1dd-ea710523146f/datanode-0/data/ratis/08560e24-919d-4c8e-885b-ad5256851f1e: flushIndex: setUnconditionally 0 -> -1
2019-07-13 16:26:27,011 INFO  server.RaftServerConfigKeys (ConfUtils.java:logGet(43)) - raft.server.snapshot.auto.trigger.enabled = true (custom)
2019-07-13 16:26:27,013 INFO  server.RaftServerConfigKeys (ConfUtils.java:logGet(43)) - raft.server.snapshot.auto.trigger.threshold = 10000 (custom)
2019-07-13 16:26:27,014 INFO  server.RaftServerConfigKeys (ConfUtils.java:logGet(43)) - raft.server.retrycache.expirytime = 600000ms (custom)
2019-07-13 16:26:27,033 INFO  impl.RaftServerImpl (RaftServerImpl.java:start(180)) - 70e4dd9f-3b94-4d19-ba43-f83a8be65831: start group-AD5256851F1E
2019-07-13 16:26:27,034 INFO  impl.RaftServerImpl (RaftServerImpl.java:setRole(171)) - 70e4dd9f-3b94-4d19-ba43-f83a8be65831:group-AD5256851F1E changes role from null to FOLLOWER at term 0 for startAsFollower
2019-07-13 16:26:27,035 INFO  impl.RoleInfo (RoleInfo.java:updateAndGet(143)) - 70e4dd9f-3b94-4d19-ba43-f83a8be65831: start FollowerState
2019-07-13 16:26:27,037 INFO  util.JmxRegister (JmxRegister.java:tryRegister(44)) - Successfully registered JMX Bean with object name Ratis:service=RaftServer,group=group-AD5256851F1E,id=70e4dd9f-3b94-4d19-ba43-f83a8be65831
2019-07-13 16:26:27,087 INFO  node.SCMNodeManager (SCMNodeManager.java:register(269)) - Registered Data node : d4583721-577b-4654-9040-19b2cb0aebc2{ip: 192.168.5.187, host: trunk-nightly-z92hn-1831959607, networkLocation: /default-rack, certSerialId: null}
2019-07-13 16:26:27,126 INFO  pipeline.PipelineStateManager (PipelineStateManager.java:addPipeline(56)) - Created pipeline Pipeline[ Id: 08560e24-919d-4c8e-885b-ad5256851f1e, Nodes: 70e4dd9f-3b94-4d19-ba43-f83a8be65831{ip: 192.168.5.187, host: trunk-nightly-z92hn-1831959607, networkLocation: /default-rack, certSerialId: null}, Type:RATIS, Factor:ONE, State:OPEN]
2019-07-13 16:26:27,158 INFO  impl.RaftServerProxy (RaftServerProxy.java:addNew(89)) - 14325e5d-297b-4230-a948-14d0dd5163ac: addNew group-44B7CD33DF47:[14325e5d-297b-4230-a948-14d0dd5163ac:192.168.5.187:34354] returns group-44B7CD33DF47:java.util.concurrent.CompletableFuture@5f7701bb[Not completed]
2019-07-13 16:26:27,208 INFO  impl.RaftServerImpl (RaftServerImpl.java:<init>(93)) - 14325e5d-297b-4230-a948-14d0dd5163ac: new RaftServerImpl for group-44B7CD33DF47:[14325e5d-297b-4230-a948-14d0dd5163ac:192.168.5.187:34354] with ContainerStateMachine:uninitialized
2019-07-13 16:26:27,210 INFO  server.RaftServerConfigKeys (ConfUtils.java:logGet(43)) - raft.server.rpc.timeout.min = 5s (custom)
2019-07-13 16:26:27,211 INFO  server.RaftServerConfigKeys (ConfUtils.java:logGet(43)) - raft.server.rpc.timeout.max = 5200ms (custom)
2019-07-13 16:26:27,211 INFO  server.RaftServerConfigKeys (ConfUtils.java:logGet(43)) - raft.server.rpcslowness.timeout = 120s (custom)
2019-07-13 16:26:27,211 INFO  server.RaftServerConfigKeys (ConfUtils.java:logGet(43)) - raft.server.sleep.deviation.threshold = 300 (default)
2019-07-13 16:26:27,211 INFO  server.RaftServerConfigKeys (ConfUtils.java:logGet(43)) - raft.server.log.appender.install.snapshot.enabled = false (custom)
2019-07-13 16:26:27,211 INFO  impl.RaftServerImpl (ServerState.java:<init>(105)) - 14325e5d-297b-4230-a948-14d0dd5163ac:group-44B7CD33DF47 ConfigurationManager, init=-1: [14325e5d-297b-4230-a948-14d0dd5163ac:192.168.5.187:34354], old=null, confs=<EMPTY_MAP>
2019-07-13 16:26:27,211 INFO  server.RaftServerConfigKeys (ConfUtils.java:logGet(43)) - raft.server.storage.dir = [/tmp/workdir/hadoop-ozone/integration-test/target/test-dir/MiniOzoneClusterImpl-488cee6e-9812-43b4-a1dd-ea710523146f/datanode-3/data/ratis] (custom)
2019-07-13 16:26:27,212 INFO  storage.RaftStorageDirectory (RaftStorageDirectory.java:analyzeStorage(246)) - The storage directory /tmp/workdir/hadoop-ozone/integration-test/target/test-dir/MiniOzoneClusterImpl-488cee6e-9812-43b4-a1dd-ea710523146f/datanode-3/data/ratis/04fc86bf-e7b8-4669-a540-44b7cd33df47 does not exist. Creating ...
2019-07-13 16:26:27,225 INFO  storage.RaftStorageDirectory (RaftStorageDirectory.java:tryLock(328)) - Lock on /tmp/workdir/hadoop-ozone/integration-test/target/test-dir/MiniOzoneClusterImpl-488cee6e-9812-43b4-a1dd-ea710523146f/datanode-3/data/ratis/04fc86bf-e7b8-4669-a540-44b7cd33df47/in_use.lock acquired by nodename 30505@trunk-nightly-z92hn-1831959607
2019-07-13 16:26:27,238 INFO  storage.RaftStorage (RaftStorage.java:format(72)) - Storage directory /tmp/workdir/hadoop-ozone/integration-test/target/test-dir/MiniOzoneClusterImpl-488cee6e-9812-43b4-a1dd-ea710523146f/datanode-3/data/ratis/04fc86bf-e7b8-4669-a540-44b7cd33df47 has been successfully formatted.
2019-07-13 16:26:27,239 INFO  ratis.ContainerStateMachine (ContainerStateMachine.java:loadSnapshot(200)) - The snapshot info is null.Setting the last applied index to:(t:0, i:~)
2019-07-13 16:26:27,240 INFO  server.RaftServerConfigKeys (ConfUtils.java:logGet(43)) - raft.server.leader.election.timeout = 120s (custom)
2019-07-13 16:26:27,241 INFO  server.RaftServerConfigKeys (ConfUtils.java:logGet(43)) - raft.server.log.use.memory = false (default)
2019-07-13 16:26:27,241 INFO  server.RaftServerConfigKeys (ConfUtils.java:logGet(43)) - raft.server.log.purge.gap = 1000000000 (custom)
2019-07-13 16:26:27,241 INFO  server.RaftServerConfigKeys (ConfUtils.java:logGet(43)) - raft.server.log.appender.buffer.byte-limit = 33554432 (custom)
2019-07-13 16:26:27,241 INFO  server.RaftServerConfigKeys (ConfUtils.java:logGet(43)) - raft.server.log.segment.size.max = 1048576 (custom)
2019-07-13 16:26:27,241 INFO  server.RaftServerConfigKeys (ConfUtils.java:logGet(43)) - raft.server.log.segment.cache.num.max = 2 (custom)
2019-07-13 16:26:27,241 INFO  segmented.SegmentedRaftLogWorker (SegmentedRaftLogWorker.java:<init>(172)) - new 14325e5d-297b-4230-a948-14d0dd5163ac-SegmentedRaftLogWorker:Storage Directory /tmp/workdir/hadoop-ozone/integration-test/target/test-dir/MiniOzoneClusterImpl-488cee6e-9812-43b4-a1dd-ea710523146f/datanode-3/data/ratis/04fc86bf-e7b8-4669-a540-44b7cd33df47 for RaftStorage:Storage Directory /tmp/workdir/hadoop-ozone/integration-test/target/test-dir/MiniOzoneClusterImpl-488cee6e-9812-43b4-a1dd-ea710523146f/datanode-3/data/ratis/04fc86bf-e7b8-4669-a540-44b7cd33df47
2019-07-13 16:26:27,242 INFO  server.RaftServerConfigKeys (ConfUtils.java:logGet(43)) - raft.server.log.queue.byte-limit = 2147483647 (custom)
2019-07-13 16:26:27,243 INFO  server.RaftServerConfigKeys (ConfUtils.java:logGet(43)) - raft.server.log.queue.element-limit = 1024 (custom)
2019-07-13 16:26:27,243 INFO  server.RaftServerConfigKeys (ConfUtils.java:logGet(43)) - raft.server.log.segment.size.max = 1048576 (custom)
2019-07-13 16:26:27,243 INFO  server.RaftServerConfigKeys (ConfUtils.java:logGet(43)) - raft.server.log.preallocated.size = 16384 (custom)
2019-07-13 16:26:27,243 INFO  server.RaftServerConfigKeys (ConfUtils.java:logGet(43)) - raft.server.log.write.buffer.size = 33554432 (custom)
2019-07-13 16:26:27,243 INFO  server.RaftServerConfigKeys (ConfUtils.java:logGet(43)) - raft.server.log.force.sync.num = 128 (default)
2019-07-13 16:26:27,243 INFO  server.RaftServerConfigKeys (ConfUtils.java:logGet(43)) - raft.server.log.statemachine.data.sync = true (default)
2019-07-13 16:26:27,243 INFO  server.RaftServerConfigKeys (ConfUtils.java:logGet(43)) - raft.server.log.statemachine.data.sync.timeout = 10s (default)
2019-07-13 16:26:27,244 INFO  server.RaftServerConfigKeys (ConfUtils.java:logGet(43)) - raft.server.log.statemachine.data.sync.timeout.retry = -1 (default)
2019-07-13 16:26:27,244 INFO  server.RaftServerConfigKeys (ConfUtils.java:logGet(43)) - raft.server.log.statemachine.data.caching.enabled = true (custom)
2019-07-13 16:26:27,244 INFO  segmented.SegmentedRaftLogWorker (SegmentedRaftLogWorker.java:lambda$new$0(132)) - 14325e5d-297b-4230-a948-14d0dd5163ac-SegmentedRaftLogWorker:Storage Directory /tmp/workdir/hadoop-ozone/integration-test/target/test-dir/MiniOzoneClusterImpl-488cee6e-9812-43b4-a1dd-ea710523146f/datanode-3/data/ratis/04fc86bf-e7b8-4669-a540-44b7cd33df47: flushIndex: setUnconditionally 0 -> -1
2019-07-13 16:26:27,245 INFO  server.RaftServerConfigKeys (ConfUtils.java:logGet(43)) - raft.server.snapshot.auto.trigger.enabled = true (custom)
2019-07-13 16:26:27,245 INFO  server.RaftServerConfigKeys (ConfUtils.java:logGet(43)) - raft.server.snapshot.auto.trigger.threshold = 10000 (custom)
2019-07-13 16:26:27,245 INFO  server.RaftServerConfigKeys (ConfUtils.java:logGet(43)) - raft.server.retrycache.expirytime = 600000ms (custom)
2019-07-13 16:26:27,245 INFO  impl.RaftServerImpl (RaftServerImpl.java:start(180)) - 14325e5d-297b-4230-a948-14d0dd5163ac: start group-44B7CD33DF47
2019-07-13 16:26:27,245 INFO  impl.RaftServerImpl (RaftServerImpl.java:setRole(171)) - 14325e5d-297b-4230-a948-14d0dd5163ac:group-44B7CD33DF47 changes role from null to FOLLOWER at term 0 for startAsFollower
2019-07-13 16:26:27,245 INFO  impl.RoleInfo (RoleInfo.java:updateAndGet(143)) - 14325e5d-297b-4230-a948-14d0dd5163ac: start FollowerState
2019-07-13 16:26:27,247 INFO  util.JmxRegister (JmxRegister.java:tryRegister(44)) - Successfully registered JMX Bean with object name Ratis:service=RaftServer,group=group-44B7CD33DF47,id=14325e5d-297b-4230-a948-14d0dd5163ac
2019-07-13 16:26:27,258 INFO  pipeline.PipelineStateManager (PipelineStateManager.java:addPipeline(56)) - Created pipeline Pipeline[ Id: 04fc86bf-e7b8-4669-a540-44b7cd33df47, Nodes: 14325e5d-297b-4230-a948-14d0dd5163ac{ip: 192.168.5.187, host: trunk-nightly-z92hn-1831959607, networkLocation: /default-rack, certSerialId: null}, Type:RATIS, Factor:ONE, State:OPEN]
2019-07-13 16:26:27,289 INFO  impl.RaftServerProxy (RaftServerProxy.java:addNew(89)) - d11a2b3f-362f-4936-97f0-fb201a013f3a: addNew group-BEC88C26569B:[d11a2b3f-362f-4936-97f0-fb201a013f3a:192.168.5.187:40095] returns group-BEC88C26569B:java.util.concurrent.CompletableFuture@767542a2[Not completed]
2019-07-13 16:26:27,304 INFO  impl.RaftServerImpl (RaftServerImpl.java:<init>(93)) - d11a2b3f-362f-4936-97f0-fb201a013f3a: new RaftServerImpl for group-BEC88C26569B:[d11a2b3f-362f-4936-97f0-fb201a013f3a:192.168.5.187:40095] with ContainerStateMachine:uninitialized
2019-07-13 16:26:27,306 INFO  server.RaftServerConfigKeys (ConfUtils.java:logGet(43)) - raft.server.rpc.timeout.min = 5s (custom)
2019-07-13 16:26:27,306 INFO  server.RaftServerConfigKeys (ConfUtils.java:logGet(43)) - raft.server.rpc.timeout.max = 5200ms (custom)
2019-07-13 16:26:27,306 INFO  server.RaftServerConfigKeys (ConfUtils.java:logGet(43)) - raft.server.rpcslowness.timeout = 120s (custom)
2019-07-13 16:26:27,306 INFO  server.RaftServerConfigKeys (ConfUtils.java:logGet(43)) - raft.server.sleep.deviation.threshold = 300 (default)
2019-07-13 16:26:27,307 INFO  server.RaftServerConfigKeys (ConfUtils.java:logGet(43)) - raft.server.log.appender.install.snapshot.enabled = false (custom)
2019-07-13 16:26:27,307 INFO  impl.RaftServerImpl (ServerState.java:<init>(105)) - d11a2b3f-362f-4936-97f0-fb201a013f3a:group-BEC88C26569B ConfigurationManager, init=-1: [d11a2b3f-362f-4936-97f0-fb201a013f3a:192.168.5.187:40095], old=null, confs=<EMPTY_MAP>
2019-07-13 16:26:27,307 INFO  server.RaftServerConfigKeys (ConfUtils.java:logGet(43)) - raft.server.storage.dir = [/tmp/workdir/hadoop-ozone/integration-test/target/test-dir/MiniOzoneClusterImpl-488cee6e-9812-43b4-a1dd-ea710523146f/datanode-1/data/ratis] (custom)
2019-07-13 16:26:27,307 INFO  storage.RaftStorageDirectory (RaftStorageDirectory.java:analyzeStorage(246)) - The storage directory /tmp/workdir/hadoop-ozone/integration-test/target/test-dir/MiniOzoneClusterImpl-488cee6e-9812-43b4-a1dd-ea710523146f/datanode-1/data/ratis/c72393d0-4ab6-46ed-9565-bec88c26569b does not exist. Creating ...
2019-07-13 16:26:27,312 INFO  storage.RaftStorageDirectory (RaftStorageDirectory.java:tryLock(328)) - Lock on /tmp/workdir/hadoop-ozone/integration-test/target/test-dir/MiniOzoneClusterImpl-488cee6e-9812-43b4-a1dd-ea710523146f/datanode-1/data/ratis/c72393d0-4ab6-46ed-9565-bec88c26569b/in_use.lock acquired by nodename 30505@trunk-nightly-z92hn-1831959607
2019-07-13 16:26:27,315 INFO  storage.RaftStorage (RaftStorage.java:format(72)) - Storage directory /tmp/workdir/hadoop-ozone/integration-test/target/test-dir/MiniOzoneClusterImpl-488cee6e-9812-43b4-a1dd-ea710523146f/datanode-1/data/ratis/c72393d0-4ab6-46ed-9565-bec88c26569b has been successfully formatted.
2019-07-13 16:26:27,315 INFO  ratis.ContainerStateMachine (ContainerStateMachine.java:loadSnapshot(200)) - The snapshot info is null.Setting the last applied index to:(t:0, i:~)
2019-07-13 16:26:27,316 INFO  server.RaftServerConfigKeys (ConfUtils.java:logGet(43)) - raft.server.leader.election.timeout = 120s (custom)
2019-07-13 16:26:27,316 INFO  server.RaftServerConfigKeys (ConfUtils.java:logGet(43)) - raft.server.log.use.memory = false (default)
2019-07-13 16:26:27,316 INFO  server.RaftServerConfigKeys (ConfUtils.java:logGet(43)) - raft.server.log.purge.gap = 1000000000 (custom)
2019-07-13 16:26:27,316 INFO  server.RaftServerConfigKeys (ConfUtils.java:logGet(43)) - raft.server.log.appender.buffer.byte-limit = 33554432 (custom)
2019-07-13 16:26:27,317 INFO  server.RaftServerConfigKeys (ConfUtils.java:logGet(43)) - raft.server.log.segment.size.max = 1048576 (custom)
2019-07-13 16:26:27,317 INFO  server.RaftServerConfigKeys (ConfUtils.java:logGet(43)) - raft.server.log.segment.cache.num.max = 2 (custom)
2019-07-13 16:26:27,317 INFO  segmented.SegmentedRaftLogWorker (SegmentedRaftLogWorker.java:<init>(172)) - new d11a2b3f-362f-4936-97f0-fb201a013f3a-SegmentedRaftLogWorker:Storage Directory /tmp/workdir/hadoop-ozone/integration-test/target/test-dir/MiniOzoneClusterImpl-488cee6e-9812-43b4-a1dd-ea710523146f/datanode-1/data/ratis/c72393d0-4ab6-46ed-9565-bec88c26569b for RaftStorage:Storage Directory /tmp/workdir/hadoop-ozone/integration-test/target/test-dir/MiniOzoneClusterImpl-488cee6e-9812-43b4-a1dd-ea710523146f/datanode-1/data/ratis/c72393d0-4ab6-46ed-9565-bec88c26569b
2019-07-13 16:26:27,317 INFO  server.RaftServerConfigKeys (ConfUtils.java:logGet(43)) - raft.server.log.queue.byte-limit = 2147483647 (custom)
2019-07-13 16:26:27,317 INFO  server.RaftServerConfigKeys (ConfUtils.java:logGet(43)) - raft.server.log.queue.element-limit = 1024 (custom)
2019-07-13 16:26:27,318 INFO  server.RaftServerConfigKeys (ConfUtils.java:logGet(43)) - raft.server.log.segment.size.max = 1048576 (custom)
2019-07-13 16:26:27,318 INFO  server.RaftServerConfigKeys (ConfUtils.java:logGet(43)) - raft.server.log.preallocated.size = 16384 (custom)
2019-07-13 16:26:27,318 INFO  server.RaftServerConfigKeys (ConfUtils.java:logGet(43)) - raft.server.log.write.buffer.size = 33554432 (custom)
2019-07-13 16:26:27,318 INFO  server.RaftServerConfigKeys (ConfUtils.java:logGet(43)) - raft.server.log.force.sync.num = 128 (default)
2019-07-13 16:26:27,318 INFO  server.RaftServerConfigKeys (ConfUtils.java:logGet(43)) - raft.server.log.statemachine.data.sync = true (default)
2019-07-13 16:26:27,319 INFO  server.RaftServerConfigKeys (ConfUtils.java:logGet(43)) - raft.server.log.statemachine.data.sync.timeout = 10s (default)
2019-07-13 16:26:27,319 INFO  server.RaftServerConfigKeys (ConfUtils.java:logGet(43)) - raft.server.log.statemachine.data.sync.timeout.retry = -1 (default)
2019-07-13 16:26:27,319 INFO  server.RaftServerConfigKeys (ConfUtils.java:logGet(43)) - raft.server.log.statemachine.data.caching.enabled = true (custom)
2019-07-13 16:26:27,320 INFO  segmented.SegmentedRaftLogWorker (SegmentedRaftLogWorker.java:lambda$new$0(132)) - d11a2b3f-362f-4936-97f0-fb201a013f3a-SegmentedRaftLogWorker:Storage Directory /tmp/workdir/hadoop-ozone/integration-test/target/test-dir/MiniOzoneClusterImpl-488cee6e-9812-43b4-a1dd-ea710523146f/datanode-1/data/ratis/c72393d0-4ab6-46ed-9565-bec88c26569b: flushIndex: setUnconditionally 0 -> -1
2019-07-13 16:26:27,320 INFO  server.RaftServerConfigKeys (ConfUtils.java:logGet(43)) - raft.server.snapshot.auto.trigger.enabled = true (custom)
2019-07-13 16:26:27,320 INFO  server.RaftServerConfigKeys (ConfUtils.java:logGet(43)) - raft.server.snapshot.auto.trigger.threshold = 10000 (custom)
2019-07-13 16:26:27,321 INFO  server.RaftServerConfigKeys (ConfUtils.java:logGet(43)) - raft.server.retrycache.expirytime = 600000ms (custom)
2019-07-13 16:26:27,321 INFO  impl.RaftServerImpl (RaftServerImpl.java:start(180)) - d11a2b3f-362f-4936-97f0-fb201a013f3a: start group-BEC88C26569B
2019-07-13 16:26:27,321 INFO  impl.RaftServerImpl (RaftServerImpl.java:setRole(171)) - d11a2b3f-362f-4936-97f0-fb201a013f3a:group-BEC88C26569B changes role from null to FOLLOWER at term 0 for startAsFollower
2019-07-13 16:26:27,321 INFO  impl.RoleInfo (RoleInfo.java:updateAndGet(143)) - d11a2b3f-362f-4936-97f0-fb201a013f3a: start FollowerState
2019-07-13 16:26:27,322 INFO  util.JmxRegister (JmxRegister.java:tryRegister(44)) - Successfully registered JMX Bean with object name Ratis:service=RaftServer,group=group-BEC88C26569B,id=d11a2b3f-362f-4936-97f0-fb201a013f3a
2019-07-13 16:26:27,335 INFO  pipeline.PipelineStateManager (PipelineStateManager.java:addPipeline(56)) - Created pipeline Pipeline[ Id: c72393d0-4ab6-46ed-9565-bec88c26569b, Nodes: d11a2b3f-362f-4936-97f0-fb201a013f3a{ip: 192.168.5.187, host: trunk-nightly-z92hn-1831959607, networkLocation: /default-rack, certSerialId: null}, Type:RATIS, Factor:ONE, State:OPEN]
2019-07-13 16:26:27,361 INFO  impl.RaftServerProxy (RaftServerProxy.java:addNew(89)) - d4583721-577b-4654-9040-19b2cb0aebc2: addNew group-A3AAAF0C124C:[d4583721-577b-4654-9040-19b2cb0aebc2:192.168.5.187:36774] returns group-A3AAAF0C124C:java.util.concurrent.CompletableFuture@64408d9a[Not completed]
2019-07-13 16:26:27,362 INFO  impl.RaftServerImpl (RaftServerImpl.java:<init>(93)) - d4583721-577b-4654-9040-19b2cb0aebc2: new RaftServerImpl for group-A3AAAF0C124C:[d4583721-577b-4654-9040-19b2cb0aebc2:192.168.5.187:36774] with ContainerStateMachine:uninitialized
2019-07-13 16:26:27,364 INFO  server.RaftServerConfigKeys (ConfUtils.java:logGet(43)) - raft.server.rpc.timeout.min = 5s (custom)
2019-07-13 16:26:27,365 INFO  server.RaftServerConfigKeys (ConfUtils.java:logGet(43)) - raft.server.rpc.timeout.max = 5200ms (custom)
2019-07-13 16:26:27,365 INFO  server.RaftServerConfigKeys (ConfUtils.java:logGet(43)) - raft.server.rpcslowness.timeout = 120s (custom)
2019-07-13 16:26:27,365 INFO  server.RaftServerConfigKeys (ConfUtils.java:logGet(43)) - raft.server.sleep.deviation.threshold = 300 (default)
2019-07-13 16:26:27,365 INFO  server.RaftServerConfigKeys (ConfUtils.java:logGet(43)) - raft.server.log.appender.install.snapshot.enabled = false (custom)
2019-07-13 16:26:27,365 INFO  impl.RaftServerImpl (ServerState.java:<init>(105)) - d4583721-577b-4654-9040-19b2cb0aebc2:group-A3AAAF0C124C ConfigurationManager, init=-1: [d4583721-577b-4654-9040-19b2cb0aebc2:192.168.5.187:36774], old=null, confs=<EMPTY_MAP>
2019-07-13 16:26:27,366 INFO  server.RaftServerConfigKeys (ConfUtils.java:logGet(43)) - raft.server.storage.dir = [/tmp/workdir/hadoop-ozone/integration-test/target/test-dir/MiniOzoneClusterImpl-488cee6e-9812-43b4-a1dd-ea710523146f/datanode-5/data/ratis] (custom)
2019-07-13 16:26:27,366 INFO  storage.RaftStorageDirectory (RaftStorageDirectory.java:analyzeStorage(246)) - The storage directory /tmp/workdir/hadoop-ozone/integration-test/target/test-dir/MiniOzoneClusterImpl-488cee6e-9812-43b4-a1dd-ea710523146f/datanode-5/data/ratis/b9357769-aca4-473f-89a8-a3aaaf0c124c does not exist. Creating ...
2019-07-13 16:26:27,378 INFO  storage.RaftStorageDirectory (RaftStorageDirectory.java:tryLock(328)) - Lock on /tmp/workdir/hadoop-ozone/integration-test/target/test-dir/MiniOzoneClusterImpl-488cee6e-9812-43b4-a1dd-ea710523146f/datanode-5/data/ratis/b9357769-aca4-473f-89a8-a3aaaf0c124c/in_use.lock acquired by nodename 30505@trunk-nightly-z92hn-1831959607
2019-07-13 16:26:27,381 INFO  storage.RaftStorage (RaftStorage.java:format(72)) - Storage directory /tmp/workdir/hadoop-ozone/integration-test/target/test-dir/MiniOzoneClusterImpl-488cee6e-9812-43b4-a1dd-ea710523146f/datanode-5/data/ratis/b9357769-aca4-473f-89a8-a3aaaf0c124c has been successfully formatted.
2019-07-13 16:26:27,381 INFO  ratis.ContainerStateMachine (ContainerStateMachine.java:loadSnapshot(200)) - The snapshot info is null.Setting the last applied index to:(t:0, i:~)
2019-07-13 16:26:27,381 INFO  server.RaftServerConfigKeys (ConfUtils.java:logGet(43)) - raft.server.leader.election.timeout = 120s (custom)
2019-07-13 16:26:27,382 INFO  server.RaftServerConfigKeys (ConfUtils.java:logGet(43)) - raft.server.log.use.memory = false (default)
2019-07-13 16:26:27,382 INFO  server.RaftServerConfigKeys (ConfUtils.java:logGet(43)) - raft.server.log.purge.gap = 1000000000 (custom)
2019-07-13 16:26:27,382 INFO  server.RaftServerConfigKeys (ConfUtils.java:logGet(43)) - raft.server.log.appender.buffer.byte-limit = 33554432 (custom)
2019-07-13 16:26:27,382 INFO  server.RaftServerConfigKeys (ConfUtils.java:logGet(43)) - raft.server.log.segment.size.max = 1048576 (custom)
2019-07-13 16:26:27,382 INFO  server.RaftServerConfigKeys (ConfUtils.java:logGet(43)) - raft.server.log.segment.cache.num.max = 2 (custom)
2019-07-13 16:26:27,383 INFO  segmented.SegmentedRaftLogWorker (SegmentedRaftLogWorker.java:<init>(172)) - new d4583721-577b-4654-9040-19b2cb0aebc2-SegmentedRaftLogWorker:Storage Directory /tmp/workdir/hadoop-ozone/integration-test/target/test-dir/MiniOzoneClusterImpl-488cee6e-9812-43b4-a1dd-ea710523146f/datanode-5/data/ratis/b9357769-aca4-473f-89a8-a3aaaf0c124c for RaftStorage:Storage Directory /tmp/workdir/hadoop-ozone/integration-test/target/test-dir/MiniOzoneClusterImpl-488cee6e-9812-43b4-a1dd-ea710523146f/datanode-5/data/ratis/b9357769-aca4-473f-89a8-a3aaaf0c124c
2019-07-13 16:26:27,383 INFO  server.RaftServerConfigKeys (ConfUtils.java:logGet(43)) - raft.server.log.queue.byte-limit = 2147483647 (custom)
2019-07-13 16:26:27,383 INFO  server.RaftServerConfigKeys (ConfUtils.java:logGet(43)) - raft.server.log.queue.element-limit = 1024 (custom)
2019-07-13 16:26:27,383 INFO  server.RaftServerConfigKeys (ConfUtils.java:logGet(43)) - raft.server.log.segment.size.max = 1048576 (custom)
2019-07-13 16:26:27,383 INFO  server.RaftServerConfigKeys (ConfUtils.java:logGet(43)) - raft.server.log.preallocated.size = 16384 (custom)
2019-07-13 16:26:27,384 INFO  server.RaftServerConfigKeys (ConfUtils.java:logGet(43)) - raft.server.log.write.buffer.size = 33554432 (custom)
2019-07-13 16:26:27,384 INFO  server.RaftServerConfigKeys (ConfUtils.java:logGet(43)) - raft.server.log.force.sync.num = 128 (default)
2019-07-13 16:26:27,384 INFO  server.RaftServerConfigKeys (ConfUtils.java:logGet(43)) - raft.server.log.statemachine.data.sync = true (default)
2019-07-13 16:26:27,384 INFO  server.RaftServerConfigKeys (ConfUtils.java:logGet(43)) - raft.server.log.statemachine.data.sync.timeout = 10s (default)
2019-07-13 16:26:27,384 INFO  server.RaftServerConfigKeys (ConfUtils.java:logGet(43)) - raft.server.log.statemachine.data.sync.timeout.retry = -1 (default)
2019-07-13 16:26:27,385 INFO  server.RaftServerConfigKeys (ConfUtils.java:logGet(43)) - raft.server.log.statemachine.data.caching.enabled = true (custom)
2019-07-13 16:26:27,385 INFO  segmented.SegmentedRaftLogWorker (SegmentedRaftLogWorker.java:lambda$new$0(132)) - d4583721-577b-4654-9040-19b2cb0aebc2-SegmentedRaftLogWorker:Storage Directory /tmp/workdir/hadoop-ozone/integration-test/target/test-dir/MiniOzoneClusterImpl-488cee6e-9812-43b4-a1dd-ea710523146f/datanode-5/data/ratis/b9357769-aca4-473f-89a8-a3aaaf0c124c: flushIndex: setUnconditionally 0 -> -1
2019-07-13 16:26:27,385 INFO  server.RaftServerConfigKeys (ConfUtils.java:logGet(43)) - raft.server.snapshot.auto.trigger.enabled = true (custom)
2019-07-13 16:26:27,386 INFO  server.RaftServerConfigKeys (ConfUtils.java:logGet(43)) - raft.server.snapshot.auto.trigger.threshold = 10000 (custom)
2019-07-13 16:26:27,388 INFO  ozone.MiniOzoneClusterImpl (MiniOzoneClusterImpl.java:lambda$waitForClusterToBeReady$0(142)) - Waiting for cluster to be ready. Got 6 of 7 DN Heartbeats.
2019-07-13 16:26:27,389 INFO  server.RaftServerConfigKeys (ConfUtils.java:logGet(43)) - raft.server.retrycache.expirytime = 600000ms (custom)
2019-07-13 16:26:27,390 INFO  impl.RaftServerImpl (RaftServerImpl.java:start(180)) - d4583721-577b-4654-9040-19b2cb0aebc2: start group-A3AAAF0C124C
2019-07-13 16:26:27,390 INFO  node.SCMNodeManager (SCMNodeManager.java:register(269)) - Registered Data node : 1febe8c9-3e68-41fc-803e-1e0a2dbb3f8a{ip: 192.168.5.187, host: trunk-nightly-z92hn-1831959607, networkLocation: /default-rack, certSerialId: null}
2019-07-13 16:26:27,390 INFO  impl.RaftServerImpl (RaftServerImpl.java:setRole(171)) - d4583721-577b-4654-9040-19b2cb0aebc2:group-A3AAAF0C124C changes role from null to FOLLOWER at term 0 for startAsFollower
2019-07-13 16:26:27,391 INFO  impl.RoleInfo (RoleInfo.java:updateAndGet(143)) - d4583721-577b-4654-9040-19b2cb0aebc2: start FollowerState
2019-07-13 16:26:27,391 INFO  util.JmxRegister (JmxRegister.java:tryRegister(44)) - Successfully registered JMX Bean with object name Ratis:service=RaftServer,group=group-A3AAAF0C124C,id=d4583721-577b-4654-9040-19b2cb0aebc2
2019-07-13 16:26:27,404 INFO  pipeline.PipelineStateManager (PipelineStateManager.java:addPipeline(56)) - Created pipeline Pipeline[ Id: b9357769-aca4-473f-89a8-a3aaaf0c124c, Nodes: d4583721-577b-4654-9040-19b2cb0aebc2{ip: 192.168.5.187, host: trunk-nightly-z92hn-1831959607, networkLocation: /default-rack, certSerialId: null}, Type:RATIS, Factor:ONE, State:OPEN]
2019-07-13 16:26:27,430 INFO  impl.RaftServerProxy (RaftServerProxy.java:addNew(89)) - 1febe8c9-3e68-41fc-803e-1e0a2dbb3f8a: addNew group-2A05FB5F0FFB:[1febe8c9-3e68-41fc-803e-1e0a2dbb3f8a:192.168.5.187:43712] returns group-2A05FB5F0FFB:java.util.concurrent.CompletableFuture@38673f2e[Not completed]
2019-07-13 16:26:27,432 INFO  impl.RaftServerImpl (RaftServerImpl.java:<init>(93)) - 1febe8c9-3e68-41fc-803e-1e0a2dbb3f8a: new RaftServerImpl for group-2A05FB5F0FFB:[1febe8c9-3e68-41fc-803e-1e0a2dbb3f8a:192.168.5.187:43712] with ContainerStateMachine:uninitialized
2019-07-13 16:26:27,434 INFO  server.RaftServerConfigKeys (ConfUtils.java:logGet(43)) - raft.server.rpc.timeout.min = 5s (custom)
2019-07-13 16:26:27,434 INFO  server.RaftServerConfigKeys (ConfUtils.java:logGet(43)) - raft.server.rpc.timeout.max = 5200ms (custom)
2019-07-13 16:26:27,434 INFO  server.RaftServerConfigKeys (ConfUtils.java:logGet(43)) - raft.server.rpcslowness.timeout = 120s (custom)
2019-07-13 16:26:27,434 INFO  server.RaftServerConfigKeys (ConfUtils.java:logGet(43)) - raft.server.sleep.deviation.threshold = 300 (default)
2019-07-13 16:26:27,434 INFO  server.RaftServerConfigKeys (ConfUtils.java:logGet(43)) - raft.server.log.appender.install.snapshot.enabled = false (custom)
2019-07-13 16:26:27,435 INFO  impl.RaftServerImpl (ServerState.java:<init>(105)) - 1febe8c9-3e68-41fc-803e-1e0a2dbb3f8a:group-2A05FB5F0FFB ConfigurationManager, init=-1: [1febe8c9-3e68-41fc-803e-1e0a2dbb3f8a:192.168.5.187:43712], old=null, confs=<EMPTY_MAP>
2019-07-13 16:26:27,435 INFO  server.RaftServerConfigKeys (ConfUtils.java:logGet(43)) - raft.server.storage.dir = [/tmp/workdir/hadoop-ozone/integration-test/target/test-dir/MiniOzoneClusterImpl-488cee6e-9812-43b4-a1dd-ea710523146f/datanode-6/data/ratis] (custom)
2019-07-13 16:26:27,435 INFO  storage.RaftStorageDirectory (RaftStorageDirectory.java:analyzeStorage(246)) - The storage directory /tmp/workdir/hadoop-ozone/integration-test/target/test-dir/MiniOzoneClusterImpl-488cee6e-9812-43b4-a1dd-ea710523146f/datanode-6/data/ratis/1b3b4717-9f25-4b74-9e57-2a05fb5f0ffb does not exist. Creating ...
2019-07-13 16:26:27,440 INFO  storage.RaftStorageDirectory (RaftStorageDirectory.java:tryLock(328)) - Lock on /tmp/workdir/hadoop-ozone/integration-test/target/test-dir/MiniOzoneClusterImpl-488cee6e-9812-43b4-a1dd-ea710523146f/datanode-6/data/ratis/1b3b4717-9f25-4b74-9e57-2a05fb5f0ffb/in_use.lock acquired by nodename 30505@trunk-nightly-z92hn-1831959607
2019-07-13 16:26:27,444 INFO  storage.RaftStorage (RaftStorage.java:format(72)) - Storage directory /tmp/workdir/hadoop-ozone/integration-test/target/test-dir/MiniOzoneClusterImpl-488cee6e-9812-43b4-a1dd-ea710523146f/datanode-6/data/ratis/1b3b4717-9f25-4b74-9e57-2a05fb5f0ffb has been successfully formatted.
2019-07-13 16:26:27,445 INFO  ratis.ContainerStateMachine (ContainerStateMachine.java:loadSnapshot(200)) - The snapshot info is null.Setting the last applied index to:(t:0, i:~)
2019-07-13 16:26:27,445 INFO  server.RaftServerConfigKeys (ConfUtils.java:logGet(43)) - raft.server.leader.election.timeout = 120s (custom)
2019-07-13 16:26:27,445 INFO  server.RaftServerConfigKeys (ConfUtils.java:logGet(43)) - raft.server.log.use.memory = false (default)
2019-07-13 16:26:27,445 INFO  server.RaftServerConfigKeys (ConfUtils.java:logGet(43)) - raft.server.log.purge.gap = 1000000000 (custom)
2019-07-13 16:26:27,445 INFO  server.RaftServerConfigKeys (ConfUtils.java:logGet(43)) - raft.server.log.appender.buffer.byte-limit = 33554432 (custom)
2019-07-13 16:26:27,446 INFO  server.RaftServerConfigKeys (ConfUtils.java:logGet(43)) - raft.server.log.segment.size.max = 1048576 (custom)
2019-07-13 16:26:27,446 INFO  server.RaftServerConfigKeys (ConfUtils.java:logGet(43)) - raft.server.log.segment.cache.num.max = 2 (custom)
2019-07-13 16:26:27,446 INFO  segmented.SegmentedRaftLogWorker (SegmentedRaftLogWorker.java:<init>(172)) - new 1febe8c9-3e68-41fc-803e-1e0a2dbb3f8a-SegmentedRaftLogWorker:Storage Directory /tmp/workdir/hadoop-ozone/integration-test/target/test-dir/MiniOzoneClusterImpl-488cee6e-9812-43b4-a1dd-ea710523146f/datanode-6/data/ratis/1b3b4717-9f25-4b74-9e57-2a05fb5f0ffb for RaftStorage:Storage Directory /tmp/workdir/hadoop-ozone/integration-test/target/test-dir/MiniOzoneClusterImpl-488cee6e-9812-43b4-a1dd-ea710523146f/datanode-6/data/ratis/1b3b4717-9f25-4b74-9e57-2a05fb5f0ffb
2019-07-13 16:26:27,446 INFO  server.RaftServerConfigKeys (ConfUtils.java:logGet(43)) - raft.server.log.queue.byte-limit = 2147483647 (custom)
2019-07-13 16:26:27,446 INFO  server.RaftServerConfigKeys (ConfUtils.java:logGet(43)) - raft.server.log.queue.element-limit = 1024 (custom)
2019-07-13 16:26:27,447 INFO  server.RaftServerConfigKeys (ConfUtils.java:logGet(43)) - raft.server.log.segment.size.max = 1048576 (custom)
2019-07-13 16:26:27,447 INFO  server.RaftServerConfigKeys (ConfUtils.java:logGet(43)) - raft.server.log.preallocated.size = 16384 (custom)
2019-07-13 16:26:27,447 INFO  server.RaftServerConfigKeys (ConfUtils.java:logGet(43)) - raft.server.log.write.buffer.size = 33554432 (custom)
2019-07-13 16:26:27,447 INFO  server.RaftServerConfigKeys (ConfUtils.java:logGet(43)) - raft.server.log.force.sync.num = 128 (default)
2019-07-13 16:26:27,448 INFO  server.RaftServerConfigKeys (ConfUtils.java:logGet(43)) - raft.server.log.statemachine.data.sync = true (default)
2019-07-13 16:26:27,448 INFO  server.RaftServerConfigKeys (ConfUtils.java:logGet(43)) - raft.server.log.statemachine.data.sync.timeout = 10s (default)
2019-07-13 16:26:27,448 INFO  server.RaftServerConfigKeys (ConfUtils.java:logGet(43)) - raft.server.log.statemachine.data.sync.timeout.retry = -1 (default)
2019-07-13 16:26:27,448 INFO  server.RaftServerConfigKeys (ConfUtils.java:logGet(43)) - raft.server.log.statemachine.data.caching.enabled = true (custom)
2019-07-13 16:26:27,449 INFO  segmented.SegmentedRaftLogWorker (SegmentedRaftLogWorker.java:lambda$new$0(132)) - 1febe8c9-3e68-41fc-803e-1e0a2dbb3f8a-SegmentedRaftLogWorker:Storage Directory /tmp/workdir/hadoop-ozone/integration-test/target/test-dir/MiniOzoneClusterImpl-488cee6e-9812-43b4-a1dd-ea710523146f/datanode-6/data/ratis/1b3b4717-9f25-4b74-9e57-2a05fb5f0ffb: flushIndex: setUnconditionally 0 -> -1
2019-07-13 16:26:27,449 INFO  server.RaftServerConfigKeys (ConfUtils.java:logGet(43)) - raft.server.snapshot.auto.trigger.enabled = true (custom)
2019-07-13 16:26:27,449 INFO  server.RaftServerConfigKeys (ConfUtils.java:logGet(43)) - raft.server.snapshot.auto.trigger.threshold = 10000 (custom)
2019-07-13 16:26:27,450 INFO  server.RaftServerConfigKeys (ConfUtils.java:logGet(43)) - raft.server.retrycache.expirytime = 600000ms (custom)
2019-07-13 16:26:27,450 INFO  impl.RaftServerImpl (RaftServerImpl.java:start(180)) - 1febe8c9-3e68-41fc-803e-1e0a2dbb3f8a: start group-2A05FB5F0FFB
2019-07-13 16:26:27,450 INFO  impl.RaftServerImpl (RaftServerImpl.java:setRole(171)) - 1febe8c9-3e68-41fc-803e-1e0a2dbb3f8a:group-2A05FB5F0FFB changes role from null to FOLLOWER at term 0 for startAsFollower
2019-07-13 16:26:27,450 INFO  impl.RoleInfo (RoleInfo.java:updateAndGet(143)) - 1febe8c9-3e68-41fc-803e-1e0a2dbb3f8a: start FollowerState
2019-07-13 16:26:27,451 INFO  util.JmxRegister (JmxRegister.java:tryRegister(44)) - Successfully registered JMX Bean with object name Ratis:service=RaftServer,group=group-2A05FB5F0FFB,id=1febe8c9-3e68-41fc-803e-1e0a2dbb3f8a
2019-07-13 16:26:27,463 INFO  pipeline.PipelineStateManager (PipelineStateManager.java:addPipeline(56)) - Created pipeline Pipeline[ Id: 1b3b4717-9f25-4b74-9e57-2a05fb5f0ffb, Nodes: 1febe8c9-3e68-41fc-803e-1e0a2dbb3f8a{ip: 192.168.5.187, host: trunk-nightly-z92hn-1831959607, networkLocation: /default-rack, certSerialId: null}, Type:RATIS, Factor:ONE, State:OPEN]
2019-07-13 16:26:27,493 INFO  impl.RaftServerProxy (RaftServerProxy.java:addNew(89)) - 29b6b04b-4a33-43a2-8f94-ee83b13355a5: addNew group-F7921697D03E:[29b6b04b-4a33-43a2-8f94-ee83b13355a5:192.168.5.187:39836] returns group-F7921697D03E:java.util.concurrent.CompletableFuture@3e4fb8a4[Not completed]
2019-07-13 16:26:27,495 INFO  impl.RaftServerImpl (RaftServerImpl.java:<init>(93)) - 29b6b04b-4a33-43a2-8f94-ee83b13355a5: new RaftServerImpl for group-F7921697D03E:[29b6b04b-4a33-43a2-8f94-ee83b13355a5:192.168.5.187:39836] with ContainerStateMachine:uninitialized
2019-07-13 16:26:27,496 INFO  server.RaftServerConfigKeys (ConfUtils.java:logGet(43)) - raft.server.rpc.timeout.min = 5s (custom)
2019-07-13 16:26:27,497 INFO  server.RaftServerConfigKeys (ConfUtils.java:logGet(43)) - raft.server.rpc.timeout.max = 5200ms (custom)
2019-07-13 16:26:27,497 INFO  server.RaftServerConfigKeys (ConfUtils.java:logGet(43)) - raft.server.rpcslowness.timeout = 120s (custom)
2019-07-13 16:26:27,497 INFO  server.RaftServerConfigKeys (ConfUtils.java:logGet(43)) - raft.server.sleep.deviation.threshold = 300 (default)
2019-07-13 16:26:27,497 INFO  server.RaftServerConfigKeys (ConfUtils.java:logGet(43)) - raft.server.log.appender.install.snapshot.enabled = false (custom)
2019-07-13 16:26:27,497 INFO  impl.RaftServerImpl (ServerState.java:<init>(105)) - 29b6b04b-4a33-43a2-8f94-ee83b13355a5:group-F7921697D03E ConfigurationManager, init=-1: [29b6b04b-4a33-43a2-8f94-ee83b13355a5:192.168.5.187:39836], old=null, confs=<EMPTY_MAP>
2019-07-13 16:26:27,497 INFO  server.RaftServerConfigKeys (ConfUtils.java:logGet(43)) - raft.server.storage.dir = [/tmp/workdir/hadoop-ozone/integration-test/target/test-dir/MiniOzoneClusterImpl-488cee6e-9812-43b4-a1dd-ea710523146f/datanode-4/data/ratis] (custom)
2019-07-13 16:26:27,498 INFO  storage.RaftStorageDirectory (RaftStorageDirectory.java:analyzeStorage(246)) - The storage directory /tmp/workdir/hadoop-ozone/integration-test/target/test-dir/MiniOzoneClusterImpl-488cee6e-9812-43b4-a1dd-ea710523146f/datanode-4/data/ratis/1cba6e65-123b-43c1-8394-f7921697d03e does not exist. Creating ...
2019-07-13 16:26:27,511 INFO  storage.RaftStorageDirectory (RaftStorageDirectory.java:tryLock(328)) - Lock on /tmp/workdir/hadoop-ozone/integration-test/target/test-dir/MiniOzoneClusterImpl-488cee6e-9812-43b4-a1dd-ea710523146f/datanode-4/data/ratis/1cba6e65-123b-43c1-8394-f7921697d03e/in_use.lock acquired by nodename 30505@trunk-nightly-z92hn-1831959607
2019-07-13 16:26:27,517 INFO  storage.RaftStorage (RaftStorage.java:format(72)) - Storage directory /tmp/workdir/hadoop-ozone/integration-test/target/test-dir/MiniOzoneClusterImpl-488cee6e-9812-43b4-a1dd-ea710523146f/datanode-4/data/ratis/1cba6e65-123b-43c1-8394-f7921697d03e has been successfully formatted.
2019-07-13 16:26:27,517 INFO  ratis.ContainerStateMachine (ContainerStateMachine.java:loadSnapshot(200)) - The snapshot info is null.Setting the last applied index to:(t:0, i:~)
2019-07-13 16:26:27,517 INFO  server.RaftServerConfigKeys (ConfUtils.java:logGet(43)) - raft.server.leader.election.timeout = 120s (custom)
2019-07-13 16:26:27,517 INFO  server.RaftServerConfigKeys (ConfUtils.java:logGet(43)) - raft.server.log.use.memory = false (default)
2019-07-13 16:26:27,517 INFO  server.RaftServerConfigKeys (ConfUtils.java:logGet(43)) - raft.server.log.purge.gap = 1000000000 (custom)
2019-07-13 16:26:27,517 INFO  server.RaftServerConfigKeys (ConfUtils.java:logGet(43)) - raft.server.log.appender.buffer.byte-limit = 33554432 (custom)
2019-07-13 16:26:27,518 INFO  server.RaftServerConfigKeys (ConfUtils.java:logGet(43)) - raft.server.log.segment.size.max = 1048576 (custom)
2019-07-13 16:26:27,518 INFO  server.RaftServerConfigKeys (ConfUtils.java:logGet(43)) - raft.server.log.segment.cache.num.max = 2 (custom)
2019-07-13 16:26:27,518 INFO  segmented.SegmentedRaftLogWorker (SegmentedRaftLogWorker.java:<init>(172)) - new 29b6b04b-4a33-43a2-8f94-ee83b13355a5-SegmentedRaftLogWorker:Storage Directory /tmp/workdir/hadoop-ozone/integration-test/target/test-dir/MiniOzoneClusterImpl-488cee6e-9812-43b4-a1dd-ea710523146f/datanode-4/data/ratis/1cba6e65-123b-43c1-8394-f7921697d03e for RaftStorage:Storage Directory /tmp/workdir/hadoop-ozone/integration-test/target/test-dir/MiniOzoneClusterImpl-488cee6e-9812-43b4-a1dd-ea710523146f/datanode-4/data/ratis/1cba6e65-123b-43c1-8394-f7921697d03e
2019-07-13 16:26:27,518 INFO  server.RaftServerConfigKeys (ConfUtils.java:logGet(43)) - raft.server.log.queue.byte-limit = 2147483647 (custom)
2019-07-13 16:26:27,518 INFO  server.RaftServerConfigKeys (ConfUtils.java:logGet(43)) - raft.server.log.queue.element-limit = 1024 (custom)
2019-07-13 16:26:27,519 INFO  server.RaftServerConfigKeys (ConfUtils.java:logGet(43)) - raft.server.log.segment.size.max = 1048576 (custom)
2019-07-13 16:26:27,519 INFO  server.RaftServerConfigKeys (ConfUtils.java:logGet(43)) - raft.server.log.preallocated.size = 16384 (custom)
2019-07-13 16:26:27,519 INFO  server.RaftServerConfigKeys (ConfUtils.java:logGet(43)) - raft.server.log.write.buffer.size = 33554432 (custom)
2019-07-13 16:26:27,519 INFO  server.RaftServerConfigKeys (ConfUtils.java:logGet(43)) - raft.server.log.force.sync.num = 128 (default)
2019-07-13 16:26:27,519 INFO  server.RaftServerConfigKeys (ConfUtils.java:logGet(43)) - raft.server.log.statemachine.data.sync = true (default)
2019-07-13 16:26:27,520 INFO  server.RaftServerConfigKeys (ConfUtils.java:logGet(43)) - raft.server.log.statemachine.data.sync.timeout = 10s (default)
2019-07-13 16:26:27,520 INFO  server.RaftServerConfigKeys (ConfUtils.java:logGet(43)) - raft.server.log.statemachine.data.sync.timeout.retry = -1 (default)
2019-07-13 16:26:27,520 INFO  server.RaftServerConfigKeys (ConfUtils.java:logGet(43)) - raft.server.log.statemachine.data.caching.enabled = true (custom)
2019-07-13 16:26:27,521 INFO  segmented.SegmentedRaftLogWorker (SegmentedRaftLogWorker.java:lambda$new$0(132)) - 29b6b04b-4a33-43a2-8f94-ee83b13355a5-SegmentedRaftLogWorker:Storage Directory /tmp/workdir/hadoop-ozone/integration-test/target/test-dir/MiniOzoneClusterImpl-488cee6e-9812-43b4-a1dd-ea710523146f/datanode-4/data/ratis/1cba6e65-123b-43c1-8394-f7921697d03e: flushIndex: setUnconditionally 0 -> -1
2019-07-13 16:26:27,521 INFO  server.RaftServerConfigKeys (ConfUtils.java:logGet(43)) - raft.server.snapshot.auto.trigger.enabled = true (custom)
2019-07-13 16:26:27,521 INFO  server.RaftServerConfigKeys (ConfUtils.java:logGet(43)) - raft.server.snapshot.auto.trigger.threshold = 10000 (custom)
2019-07-13 16:26:27,521 INFO  server.RaftServerConfigKeys (ConfUtils.java:logGet(43)) - raft.server.retrycache.expirytime = 600000ms (custom)
2019-07-13 16:26:27,521 INFO  impl.RaftServerImpl (RaftServerImpl.java:start(180)) - 29b6b04b-4a33-43a2-8f94-ee83b13355a5: start group-F7921697D03E
2019-07-13 16:26:27,522 INFO  impl.RaftServerImpl (RaftServerImpl.java:setRole(171)) - 29b6b04b-4a33-43a2-8f94-ee83b13355a5:group-F7921697D03E changes role from null to FOLLOWER at term 0 for startAsFollower
2019-07-13 16:26:27,522 INFO  impl.RoleInfo (RoleInfo.java:updateAndGet(143)) - 29b6b04b-4a33-43a2-8f94-ee83b13355a5: start FollowerState
2019-07-13 16:26:27,522 INFO  util.JmxRegister (JmxRegister.java:tryRegister(44)) - Successfully registered JMX Bean with object name Ratis:service=RaftServer,group=group-F7921697D03E,id=29b6b04b-4a33-43a2-8f94-ee83b13355a5
2019-07-13 16:26:27,534 INFO  pipeline.PipelineStateManager (PipelineStateManager.java:addPipeline(56)) - Created pipeline Pipeline[ Id: 1cba6e65-123b-43c1-8394-f7921697d03e, Nodes: 29b6b04b-4a33-43a2-8f94-ee83b13355a5{ip: 192.168.5.187, host: trunk-nightly-z92hn-1831959607, networkLocation: /default-rack, certSerialId: null}, Type:RATIS, Factor:ONE, State:OPEN]
2019-07-13 16:26:27,554 INFO  impl.RaftServerProxy (RaftServerProxy.java:addNew(89)) - 044708e7-a52e-40ec-a4d3-fe217a065be8: addNew group-5874A7E30EC5:[044708e7-a52e-40ec-a4d3-fe217a065be8:192.168.5.187:44162] returns group-5874A7E30EC5:java.util.concurrent.CompletableFuture@141f61ff[Not completed]
2019-07-13 16:26:27,557 INFO  impl.RaftServerImpl (RaftServerImpl.java:<init>(93)) - 044708e7-a52e-40ec-a4d3-fe217a065be8: new RaftServerImpl for group-5874A7E30EC5:[044708e7-a52e-40ec-a4d3-fe217a065be8:192.168.5.187:44162] with ContainerStateMachine:uninitialized
2019-07-13 16:26:27,559 INFO  server.RaftServerConfigKeys (ConfUtils.java:logGet(43)) - raft.server.rpc.timeout.min = 5s (custom)
2019-07-13 16:26:27,559 INFO  server.RaftServerConfigKeys (ConfUtils.java:logGet(43)) - raft.server.rpc.timeout.max = 5200ms (custom)
2019-07-13 16:26:27,559 INFO  server.RaftServerConfigKeys (ConfUtils.java:logGet(43)) - raft.server.rpcslowness.timeout = 120s (custom)
2019-07-13 16:26:27,559 INFO  server.RaftServerConfigKeys (ConfUtils.java:logGet(43)) - raft.server.sleep.deviation.threshold = 300 (default)
2019-07-13 16:26:27,560 INFO  server.RaftServerConfigKeys (ConfUtils.java:logGet(43)) - raft.server.log.appender.install.snapshot.enabled = false (custom)
2019-07-13 16:26:27,560 INFO  impl.RaftServerImpl (ServerState.java:<init>(105)) - 044708e7-a52e-40ec-a4d3-fe217a065be8:group-5874A7E30EC5 ConfigurationManager, init=-1: [044708e7-a52e-40ec-a4d3-fe217a065be8:192.168.5.187:44162], old=null, confs=<EMPTY_MAP>
2019-07-13 16:26:27,560 INFO  server.RaftServerConfigKeys (ConfUtils.java:logGet(43)) - raft.server.storage.dir = [/tmp/workdir/hadoop-ozone/integration-test/target/test-dir/MiniOzoneClusterImpl-488cee6e-9812-43b4-a1dd-ea710523146f/datanode-2/data/ratis] (custom)
2019-07-13 16:26:27,560 INFO  storage.RaftStorageDirectory (RaftStorageDirectory.java:analyzeStorage(246)) - The storage directory /tmp/workdir/hadoop-ozone/integration-test/target/test-dir/MiniOzoneClusterImpl-488cee6e-9812-43b4-a1dd-ea710523146f/datanode-2/data/ratis/3233232f-e93b-491f-8940-5874a7e30ec5 does not exist. Creating ...
2019-07-13 16:26:27,565 INFO  storage.RaftStorageDirectory (RaftStorageDirectory.java:tryLock(328)) - Lock on /tmp/workdir/hadoop-ozone/integration-test/target/test-dir/MiniOzoneClusterImpl-488cee6e-9812-43b4-a1dd-ea710523146f/datanode-2/data/ratis/3233232f-e93b-491f-8940-5874a7e30ec5/in_use.lock acquired by nodename 30505@trunk-nightly-z92hn-1831959607
2019-07-13 16:26:27,568 INFO  storage.RaftStorage (RaftStorage.java:format(72)) - Storage directory /tmp/workdir/hadoop-ozone/integration-test/target/test-dir/MiniOzoneClusterImpl-488cee6e-9812-43b4-a1dd-ea710523146f/datanode-2/data/ratis/3233232f-e93b-491f-8940-5874a7e30ec5 has been successfully formatted.
2019-07-13 16:26:27,568 INFO  ratis.ContainerStateMachine (ContainerStateMachine.java:loadSnapshot(200)) - The snapshot info is null.Setting the last applied index to:(t:0, i:~)
2019-07-13 16:26:27,568 INFO  server.RaftServerConfigKeys (ConfUtils.java:logGet(43)) - raft.server.leader.election.timeout = 120s (custom)
2019-07-13 16:26:27,569 INFO  server.RaftServerConfigKeys (ConfUtils.java:logGet(43)) - raft.server.log.use.memory = false (default)
2019-07-13 16:26:27,569 INFO  server.RaftServerConfigKeys (ConfUtils.java:logGet(43)) - raft.server.log.purge.gap = 1000000000 (custom)
2019-07-13 16:26:27,569 INFO  server.RaftServerConfigKeys (ConfUtils.java:logGet(43)) - raft.server.log.appender.buffer.byte-limit = 33554432 (custom)
2019-07-13 16:26:27,569 INFO  server.RaftServerConfigKeys (ConfUtils.java:logGet(43)) - raft.server.log.segment.size.max = 1048576 (custom)
2019-07-13 16:26:27,569 INFO  server.RaftServerConfigKeys (ConfUtils.java:logGet(43)) - raft.server.log.segment.cache.num.max = 2 (custom)
2019-07-13 16:26:27,569 INFO  segmented.SegmentedRaftLogWorker (SegmentedRaftLogWorker.java:<init>(172)) - new 044708e7-a52e-40ec-a4d3-fe217a065be8-SegmentedRaftLogWorker:Storage Directory /tmp/workdir/hadoop-ozone/integration-test/target/test-dir/MiniOzoneClusterImpl-488cee6e-9812-43b4-a1dd-ea710523146f/datanode-2/data/ratis/3233232f-e93b-491f-8940-5874a7e30ec5 for RaftStorage:Storage Directory /tmp/workdir/hadoop-ozone/integration-test/target/test-dir/MiniOzoneClusterImpl-488cee6e-9812-43b4-a1dd-ea710523146f/datanode-2/data/ratis/3233232f-e93b-491f-8940-5874a7e30ec5
2019-07-13 16:26:27,569 INFO  server.RaftServerConfigKeys (ConfUtils.java:logGet(43)) - raft.server.log.queue.byte-limit = 2147483647 (custom)
2019-07-13 16:26:27,569 INFO  server.RaftServerConfigKeys (ConfUtils.java:logGet(43)) - raft.server.log.queue.element-limit = 1024 (custom)
2019-07-13 16:26:27,570 INFO  server.RaftServerConfigKeys (ConfUtils.java:logGet(43)) - raft.server.log.segment.size.max = 1048576 (custom)
2019-07-13 16:26:27,570 INFO  server.RaftServerConfigKeys (ConfUtils.java:logGet(43)) - raft.server.log.preallocated.size = 16384 (custom)
2019-07-13 16:26:27,570 INFO  server.RaftServerConfigKeys (ConfUtils.java:logGet(43)) - raft.server.log.write.buffer.size = 33554432 (custom)
2019-07-13 16:26:27,570 INFO  server.RaftServerConfigKeys (ConfUtils.java:logGet(43)) - raft.server.log.force.sync.num = 128 (default)
2019-07-13 16:26:27,570 INFO  server.RaftServerConfigKeys (ConfUtils.java:logGet(43)) - raft.server.log.statemachine.data.sync = true (default)
2019-07-13 16:26:27,570 INFO  server.RaftServerConfigKeys (ConfUtils.java:logGet(43)) - raft.server.log.statemachine.data.sync.timeout = 10s (default)
2019-07-13 16:26:27,571 INFO  server.RaftServerConfigKeys (ConfUtils.java:logGet(43)) - raft.server.log.statemachine.data.sync.timeout.retry = -1 (default)
2019-07-13 16:26:27,571 INFO  server.RaftServerConfigKeys (ConfUtils.java:logGet(43)) - raft.server.log.statemachine.data.caching.enabled = true (custom)
2019-07-13 16:26:27,571 INFO  segmented.SegmentedRaftLogWorker (SegmentedRaftLogWorker.java:lambda$new$0(132)) - 044708e7-a52e-40ec-a4d3-fe217a065be8-SegmentedRaftLogWorker:Storage Directory /tmp/workdir/hadoop-ozone/integration-test/target/test-dir/MiniOzoneClusterImpl-488cee6e-9812-43b4-a1dd-ea710523146f/datanode-2/data/ratis/3233232f-e93b-491f-8940-5874a7e30ec5: flushIndex: setUnconditionally 0 -> -1
2019-07-13 16:26:27,572 INFO  server.RaftServerConfigKeys (ConfUtils.java:logGet(43)) - raft.server.snapshot.auto.trigger.enabled = true (custom)
2019-07-13 16:26:27,572 INFO  server.RaftServerConfigKeys (ConfUtils.java:logGet(43)) - raft.server.snapshot.auto.trigger.threshold = 10000 (custom)
2019-07-13 16:26:27,572 INFO  server.RaftServerConfigKeys (ConfUtils.java:logGet(43)) - raft.server.retrycache.expirytime = 600000ms (custom)
2019-07-13 16:26:27,572 INFO  impl.RaftServerImpl (RaftServerImpl.java:start(180)) - 044708e7-a52e-40ec-a4d3-fe217a065be8: start group-5874A7E30EC5
2019-07-13 16:26:27,572 INFO  impl.RaftServerImpl (RaftServerImpl.java:setRole(171)) - 044708e7-a52e-40ec-a4d3-fe217a065be8:group-5874A7E30EC5 changes role from null to FOLLOWER at term 0 for startAsFollower
2019-07-13 16:26:27,573 INFO  impl.RoleInfo (RoleInfo.java:updateAndGet(143)) - 044708e7-a52e-40ec-a4d3-fe217a065be8: start FollowerState
2019-07-13 16:26:27,573 INFO  util.JmxRegister (JmxRegister.java:tryRegister(44)) - Successfully registered JMX Bean with object name Ratis:service=RaftServer,group=group-5874A7E30EC5,id=044708e7-a52e-40ec-a4d3-fe217a065be8
2019-07-13 16:26:27,589 INFO  pipeline.PipelineStateManager (PipelineStateManager.java:addPipeline(56)) - Created pipeline Pipeline[ Id: 3233232f-e93b-491f-8940-5874a7e30ec5, Nodes: 044708e7-a52e-40ec-a4d3-fe217a065be8{ip: 192.168.5.187, host: trunk-nightly-z92hn-1831959607, networkLocation: /default-rack, certSerialId: null}, Type:RATIS, Factor:ONE, State:OPEN]
2019-07-13 16:26:27,625 INFO  impl.RaftServerProxy (RaftServerProxy.java:addNew(89)) - 14325e5d-297b-4230-a948-14d0dd5163ac: addNew group-C0FECA17D435:[14325e5d-297b-4230-a948-14d0dd5163ac:192.168.5.187:34354, d11a2b3f-362f-4936-97f0-fb201a013f3a:192.168.5.187:40095, 1febe8c9-3e68-41fc-803e-1e0a2dbb3f8a:192.168.5.187:43712] returns group-C0FECA17D435:java.util.concurrent.CompletableFuture@40f91c8a[Not completed]
2019-07-13 16:26:27,625 INFO  impl.RaftServerProxy (RaftServerProxy.java:addNew(89)) - 1febe8c9-3e68-41fc-803e-1e0a2dbb3f8a: addNew group-C0FECA17D435:[14325e5d-297b-4230-a948-14d0dd5163ac:192.168.5.187:34354, d11a2b3f-362f-4936-97f0-fb201a013f3a:192.168.5.187:40095, 1febe8c9-3e68-41fc-803e-1e0a2dbb3f8a:192.168.5.187:43712] returns group-C0FECA17D435:java.util.concurrent.CompletableFuture@2408773[Not completed]
2019-07-13 16:26:27,627 INFO  impl.RaftServerProxy (RaftServerProxy.java:addNew(89)) - d11a2b3f-362f-4936-97f0-fb201a013f3a: addNew group-C0FECA17D435:[14325e5d-297b-4230-a948-14d0dd5163ac:192.168.5.187:34354, d11a2b3f-362f-4936-97f0-fb201a013f3a:192.168.5.187:40095, 1febe8c9-3e68-41fc-803e-1e0a2dbb3f8a:192.168.5.187:43712] returns group-C0FECA17D435:java.util.concurrent.CompletableFuture@5fb9af1[Not completed]
2019-07-13 16:26:27,629 INFO  impl.RaftServerImpl (RaftServerImpl.java:<init>(93)) - 14325e5d-297b-4230-a948-14d0dd5163ac: new RaftServerImpl for group-C0FECA17D435:[14325e5d-297b-4230-a948-14d0dd5163ac:192.168.5.187:34354, d11a2b3f-362f-4936-97f0-fb201a013f3a:192.168.5.187:40095, 1febe8c9-3e68-41fc-803e-1e0a2dbb3f8a:192.168.5.187:43712] with ContainerStateMachine:uninitialized
2019-07-13 16:26:27,629 INFO  server.RaftServerConfigKeys (ConfUtils.java:logGet(43)) - raft.server.rpc.timeout.min = 5s (custom)
2019-07-13 16:26:27,629 INFO  server.RaftServerConfigKeys (ConfUtils.java:logGet(43)) - raft.server.rpc.timeout.max = 5200ms (custom)
2019-07-13 16:26:27,630 INFO  server.RaftServerConfigKeys (ConfUtils.java:logGet(43)) - raft.server.rpcslowness.timeout = 120s (custom)
2019-07-13 16:26:27,630 INFO  server.RaftServerConfigKeys (ConfUtils.java:logGet(43)) - raft.server.sleep.deviation.threshold = 300 (default)
2019-07-13 16:26:27,630 INFO  server.RaftServerConfigKeys (ConfUtils.java:logGet(43)) - raft.server.log.appender.install.snapshot.enabled = false (custom)
2019-07-13 16:26:27,630 INFO  impl.RaftServerImpl (ServerState.java:<init>(105)) - 14325e5d-297b-4230-a948-14d0dd5163ac:group-C0FECA17D435 ConfigurationManager, init=-1: [14325e5d-297b-4230-a948-14d0dd5163ac:192.168.5.187:34354, d11a2b3f-362f-4936-97f0-fb201a013f3a:192.168.5.187:40095, 1febe8c9-3e68-41fc-803e-1e0a2dbb3f8a:192.168.5.187:43712], old=null, confs=<EMPTY_MAP>
2019-07-13 16:26:27,630 INFO  impl.RaftServerImpl (RaftServerImpl.java:<init>(93)) - 1febe8c9-3e68-41fc-803e-1e0a2dbb3f8a: new RaftServerImpl for group-C0FECA17D435:[14325e5d-297b-4230-a948-14d0dd5163ac:192.168.5.187:34354, d11a2b3f-362f-4936-97f0-fb201a013f3a:192.168.5.187:40095, 1febe8c9-3e68-41fc-803e-1e0a2dbb3f8a:192.168.5.187:43712] with ContainerStateMachine:uninitialized
2019-07-13 16:26:27,630 INFO  server.RaftServerConfigKeys (ConfUtils.java:logGet(43)) - raft.server.storage.dir = [/tmp/workdir/hadoop-ozone/integration-test/target/test-dir/MiniOzoneClusterImpl-488cee6e-9812-43b4-a1dd-ea710523146f/datanode-3/data/ratis] (custom)
2019-07-13 16:26:27,631 INFO  server.RaftServerConfigKeys (ConfUtils.java:logGet(43)) - raft.server.rpc.timeout.min = 5s (custom)
2019-07-13 16:26:27,631 INFO  server.RaftServerConfigKeys (ConfUtils.java:logGet(43)) - raft.server.rpc.timeout.max = 5200ms (custom)
2019-07-13 16:26:27,631 INFO  storage.RaftStorageDirectory (RaftStorageDirectory.java:analyzeStorage(246)) - The storage directory /tmp/workdir/hadoop-ozone/integration-test/target/test-dir/MiniOzoneClusterImpl-488cee6e-9812-43b4-a1dd-ea710523146f/datanode-3/data/ratis/1deb054a-1776-42cb-8228-c0feca17d435 does not exist. Creating ...
2019-07-13 16:26:27,631 INFO  server.RaftServerConfigKeys (ConfUtils.java:logGet(43)) - raft.server.rpcslowness.timeout = 120s (custom)
2019-07-13 16:26:27,631 INFO  impl.RaftServerImpl (RaftServerImpl.java:<init>(93)) - d11a2b3f-362f-4936-97f0-fb201a013f3a: new RaftServerImpl for group-C0FECA17D435:[14325e5d-297b-4230-a948-14d0dd5163ac:192.168.5.187:34354, d11a2b3f-362f-4936-97f0-fb201a013f3a:192.168.5.187:40095, 1febe8c9-3e68-41fc-803e-1e0a2dbb3f8a:192.168.5.187:43712] with ContainerStateMachine:uninitialized
2019-07-13 16:26:27,631 INFO  server.RaftServerConfigKeys (ConfUtils.java:logGet(43)) - raft.server.sleep.deviation.threshold = 300 (default)
2019-07-13 16:26:27,632 INFO  server.RaftServerConfigKeys (ConfUtils.java:logGet(43)) - raft.server.rpc.timeout.min = 5s (custom)
2019-07-13 16:26:27,632 INFO  server.RaftServerConfigKeys (ConfUtils.java:logGet(43)) - raft.server.log.appender.install.snapshot.enabled = false (custom)
2019-07-13 16:26:27,632 INFO  server.RaftServerConfigKeys (ConfUtils.java:logGet(43)) - raft.server.rpc.timeout.max = 5200ms (custom)
2019-07-13 16:26:27,632 INFO  impl.RaftServerImpl (ServerState.java:<init>(105)) - 1febe8c9-3e68-41fc-803e-1e0a2dbb3f8a:group-C0FECA17D435 ConfigurationManager, init=-1: [14325e5d-297b-4230-a948-14d0dd5163ac:192.168.5.187:34354, d11a2b3f-362f-4936-97f0-fb201a013f3a:192.168.5.187:40095, 1febe8c9-3e68-41fc-803e-1e0a2dbb3f8a:192.168.5.187:43712], old=null, confs=<EMPTY_MAP>
2019-07-13 16:26:27,632 INFO  server.RaftServerConfigKeys (ConfUtils.java:logGet(43)) - raft.server.rpcslowness.timeout = 120s (custom)
2019-07-13 16:26:27,632 INFO  server.RaftServerConfigKeys (ConfUtils.java:logGet(43)) - raft.server.storage.dir = [/tmp/workdir/hadoop-ozone/integration-test/target/test-dir/MiniOzoneClusterImpl-488cee6e-9812-43b4-a1dd-ea710523146f/datanode-6/data/ratis] (custom)
2019-07-13 16:26:27,633 INFO  server.RaftServerConfigKeys (ConfUtils.java:logGet(43)) - raft.server.sleep.deviation.threshold = 300 (default)
2019-07-13 16:26:27,633 INFO  server.RaftServerConfigKeys (ConfUtils.java:logGet(43)) - raft.server.log.appender.install.snapshot.enabled = false (custom)
2019-07-13 16:26:27,633 INFO  storage.RaftStorageDirectory (RaftStorageDirectory.java:analyzeStorage(246)) - The storage directory /tmp/workdir/hadoop-ozone/integration-test/target/test-dir/MiniOzoneClusterImpl-488cee6e-9812-43b4-a1dd-ea710523146f/datanode-6/data/ratis/1deb054a-1776-42cb-8228-c0feca17d435 does not exist. Creating ...
2019-07-13 16:26:27,633 INFO  impl.RaftServerImpl (ServerState.java:<init>(105)) - d11a2b3f-362f-4936-97f0-fb201a013f3a:group-C0FECA17D435 ConfigurationManager, init=-1: [14325e5d-297b-4230-a948-14d0dd5163ac:192.168.5.187:34354, d11a2b3f-362f-4936-97f0-fb201a013f3a:192.168.5.187:40095, 1febe8c9-3e68-41fc-803e-1e0a2dbb3f8a:192.168.5.187:43712], old=null, confs=<EMPTY_MAP>
2019-07-13 16:26:27,634 INFO  server.RaftServerConfigKeys (ConfUtils.java:logGet(43)) - raft.server.storage.dir = [/tmp/workdir/hadoop-ozone/integration-test/target/test-dir/MiniOzoneClusterImpl-488cee6e-9812-43b4-a1dd-ea710523146f/datanode-1/data/ratis] (custom)
2019-07-13 16:26:27,634 INFO  storage.RaftStorageDirectory (RaftStorageDirectory.java:analyzeStorage(246)) - The storage directory /tmp/workdir/hadoop-ozone/integration-test/target/test-dir/MiniOzoneClusterImpl-488cee6e-9812-43b4-a1dd-ea710523146f/datanode-1/data/ratis/1deb054a-1776-42cb-8228-c0feca17d435 does not exist. Creating ...
2019-07-13 16:26:27,644 INFO  storage.RaftStorageDirectory (RaftStorageDirectory.java:tryLock(328)) - Lock on /tmp/workdir/hadoop-ozone/integration-test/target/test-dir/MiniOzoneClusterImpl-488cee6e-9812-43b4-a1dd-ea710523146f/datanode-1/data/ratis/1deb054a-1776-42cb-8228-c0feca17d435/in_use.lock acquired by nodename 30505@trunk-nightly-z92hn-1831959607
2019-07-13 16:26:27,644 INFO  storage.RaftStorageDirectory (RaftStorageDirectory.java:tryLock(328)) - Lock on /tmp/workdir/hadoop-ozone/integration-test/target/test-dir/MiniOzoneClusterImpl-488cee6e-9812-43b4-a1dd-ea710523146f/datanode-3/data/ratis/1deb054a-1776-42cb-8228-c0feca17d435/in_use.lock acquired by nodename 30505@trunk-nightly-z92hn-1831959607
2019-07-13 16:26:27,644 INFO  storage.RaftStorageDirectory (RaftStorageDirectory.java:tryLock(328)) - Lock on /tmp/workdir/hadoop-ozone/integration-test/target/test-dir/MiniOzoneClusterImpl-488cee6e-9812-43b4-a1dd-ea710523146f/datanode-6/data/ratis/1deb054a-1776-42cb-8228-c0feca17d435/in_use.lock acquired by nodename 30505@trunk-nightly-z92hn-1831959607
2019-07-13 16:26:27,650 INFO  storage.RaftStorage (RaftStorage.java:format(72)) - Storage directory /tmp/workdir/hadoop-ozone/integration-test/target/test-dir/MiniOzoneClusterImpl-488cee6e-9812-43b4-a1dd-ea710523146f/datanode-1/data/ratis/1deb054a-1776-42cb-8228-c0feca17d435 has been successfully formatted.
2019-07-13 16:26:27,650 INFO  storage.RaftStorage (RaftStorage.java:format(72)) - Storage directory /tmp/workdir/hadoop-ozone/integration-test/target/test-dir/MiniOzoneClusterImpl-488cee6e-9812-43b4-a1dd-ea710523146f/datanode-3/data/ratis/1deb054a-1776-42cb-8228-c0feca17d435 has been successfully formatted.
2019-07-13 16:26:27,650 INFO  storage.RaftStorage (RaftStorage.java:format(72)) - Storage directory /tmp/workdir/hadoop-ozone/integration-test/target/test-dir/MiniOzoneClusterImpl-488cee6e-9812-43b4-a1dd-ea710523146f/datanode-6/data/ratis/1deb054a-1776-42cb-8228-c0feca17d435 has been successfully formatted.
2019-07-13 16:26:27,650 INFO  ratis.ContainerStateMachine (ContainerStateMachine.java:loadSnapshot(200)) - The snapshot info is null.Setting the last applied index to:(t:0, i:~)
2019-07-13 16:26:27,651 INFO  ratis.ContainerStateMachine (ContainerStateMachine.java:loadSnapshot(200)) - The snapshot info is null.Setting the last applied index to:(t:0, i:~)
2019-07-13 16:26:27,650 INFO  ratis.ContainerStateMachine (ContainerStateMachine.java:loadSnapshot(200)) - The snapshot info is null.Setting the last applied index to:(t:0, i:~)
2019-07-13 16:26:27,651 INFO  server.RaftServerConfigKeys (ConfUtils.java:logGet(43)) - raft.server.leader.election.timeout = 120s (custom)
2019-07-13 16:26:27,651 INFO  server.RaftServerConfigKeys (ConfUtils.java:logGet(43)) - raft.server.log.use.memory = false (default)
2019-07-13 16:26:27,651 INFO  server.RaftServerConfigKeys (ConfUtils.java:logGet(43)) - raft.server.leader.election.timeout = 120s (custom)
2019-07-13 16:26:27,651 INFO  server.RaftServerConfigKeys (ConfUtils.java:logGet(43)) - raft.server.log.purge.gap = 1000000000 (custom)
2019-07-13 16:26:27,651 INFO  server.RaftServerConfigKeys (ConfUtils.java:logGet(43)) - raft.server.leader.election.timeout = 120s (custom)
2019-07-13 16:26:27,652 INFO  server.RaftServerConfigKeys (ConfUtils.java:logGet(43)) - raft.server.log.appender.buffer.byte-limit = 33554432 (custom)
2019-07-13 16:26:27,651 INFO  server.RaftServerConfigKeys (ConfUtils.java:logGet(43)) - raft.server.log.use.memory = false (default)
2019-07-13 16:26:27,652 INFO  server.RaftServerConfigKeys (ConfUtils.java:logGet(43)) - raft.server.log.segment.size.max = 1048576 (custom)
2019-07-13 16:26:27,652 INFO  server.RaftServerConfigKeys (ConfUtils.java:logGet(43)) - raft.server.log.use.memory = false (default)
2019-07-13 16:26:27,652 INFO  server.RaftServerConfigKeys (ConfUtils.java:logGet(43)) - raft.server.log.segment.cache.num.max = 2 (custom)
2019-07-13 16:26:27,652 INFO  server.RaftServerConfigKeys (ConfUtils.java:logGet(43)) - raft.server.log.purge.gap = 1000000000 (custom)
2019-07-13 16:26:27,652 INFO  segmented.SegmentedRaftLogWorker (SegmentedRaftLogWorker.java:<init>(172)) - new 1febe8c9-3e68-41fc-803e-1e0a2dbb3f8a-SegmentedRaftLogWorker:Storage Directory /tmp/workdir/hadoop-ozone/integration-test/target/test-dir/MiniOzoneClusterImpl-488cee6e-9812-43b4-a1dd-ea710523146f/datanode-6/data/ratis/1deb054a-1776-42cb-8228-c0feca17d435 for RaftStorage:Storage Directory /tmp/workdir/hadoop-ozone/integration-test/target/test-dir/MiniOzoneClusterImpl-488cee6e-9812-43b4-a1dd-ea710523146f/datanode-6/data/ratis/1deb054a-1776-42cb-8228-c0feca17d435
2019-07-13 16:26:27,652 INFO  server.RaftServerConfigKeys (ConfUtils.java:logGet(43)) - raft.server.log.purge.gap = 1000000000 (custom)
2019-07-13 16:26:27,653 INFO  server.RaftServerConfigKeys (ConfUtils.java:logGet(43)) - raft.server.log.queue.byte-limit = 2147483647 (custom)
2019-07-13 16:26:27,653 INFO  server.RaftServerConfigKeys (ConfUtils.java:logGet(43)) - raft.server.log.appender.buffer.byte-limit = 33554432 (custom)
2019-07-13 16:26:27,655 INFO  server.RaftServerConfigKeys (ConfUtils.java:logGet(43)) - raft.server.log.queue.element-limit = 1024 (custom)
2019-07-13 16:26:27,653 INFO  server.RaftServerConfigKeys (ConfUtils.java:logGet(43)) - raft.server.log.appender.buffer.byte-limit = 33554432 (custom)
2019-07-13 16:26:27,655 INFO  server.RaftServerConfigKeys (ConfUtils.java:logGet(43)) - raft.server.log.segment.size.max = 1048576 (custom)
2019-07-13 16:26:27,655 INFO  server.RaftServerConfigKeys (ConfUtils.java:logGet(43)) - raft.server.log.segment.size.max = 1048576 (custom)
2019-07-13 16:26:27,656 INFO  server.RaftServerConfigKeys (ConfUtils.java:logGet(43)) - raft.server.log.preallocated.size = 16384 (custom)
2019-07-13 16:26:27,655 INFO  server.RaftServerConfigKeys (ConfUtils.java:logGet(43)) - raft.server.log.segment.size.max = 1048576 (custom)
2019-07-13 16:26:27,656 INFO  server.RaftServerConfigKeys (ConfUtils.java:logGet(43)) - raft.server.log.write.buffer.size = 33554432 (custom)
2019-07-13 16:26:27,656 INFO  server.RaftServerConfigKeys (ConfUtils.java:logGet(43)) - raft.server.log.segment.cache.num.max = 2 (custom)
2019-07-13 16:26:27,656 INFO  server.RaftServerConfigKeys (ConfUtils.java:logGet(43)) - raft.server.log.force.sync.num = 128 (default)
2019-07-13 16:26:27,656 INFO  server.RaftServerConfigKeys (ConfUtils.java:logGet(43)) - raft.server.log.segment.cache.num.max = 2 (custom)
2019-07-13 16:26:27,657 INFO  server.RaftServerConfigKeys (ConfUtils.java:logGet(43)) - raft.server.log.statemachine.data.sync = true (default)
2019-07-13 16:26:27,656 INFO  segmented.SegmentedRaftLogWorker (SegmentedRaftLogWorker.java:<init>(172)) - new 14325e5d-297b-4230-a948-14d0dd5163ac-SegmentedRaftLogWorker:Storage Directory /tmp/workdir/hadoop-ozone/integration-test/target/test-dir/MiniOzoneClusterImpl-488cee6e-9812-43b4-a1dd-ea710523146f/datanode-3/data/ratis/1deb054a-1776-42cb-8228-c0feca17d435 for RaftStorage:Storage Directory /tmp/workdir/hadoop-ozone/integration-test/target/test-dir/MiniOzoneClusterImpl-488cee6e-9812-43b4-a1dd-ea710523146f/datanode-3/data/ratis/1deb054a-1776-42cb-8228-c0feca17d435
2019-07-13 16:26:27,657 INFO  server.RaftServerConfigKeys (ConfUtils.java:logGet(43)) - raft.server.log.statemachine.data.sync.timeout = 10s (default)
2019-07-13 16:26:27,657 INFO  segmented.SegmentedRaftLogWorker (SegmentedRaftLogWorker.java:<init>(172)) - new d11a2b3f-362f-4936-97f0-fb201a013f3a-SegmentedRaftLogWorker:Storage Directory /tmp/workdir/hadoop-ozone/integration-test/target/test-dir/MiniOzoneClusterImpl-488cee6e-9812-43b4-a1dd-ea710523146f/datanode-1/data/ratis/1deb054a-1776-42cb-8228-c0feca17d435 for RaftStorage:Storage Directory /tmp/workdir/hadoop-ozone/integration-test/target/test-dir/MiniOzoneClusterImpl-488cee6e-9812-43b4-a1dd-ea710523146f/datanode-1/data/ratis/1deb054a-1776-42cb-8228-c0feca17d435
2019-07-13 16:26:27,657 INFO  server.RaftServerConfigKeys (ConfUtils.java:logGet(43)) - raft.server.log.statemachine.data.sync.timeout.retry = -1 (default)
2019-07-13 16:26:27,657 INFO  server.RaftServerConfigKeys (ConfUtils.java:logGet(43)) - raft.server.log.queue.byte-limit = 2147483647 (custom)
2019-07-13 16:26:27,661 INFO  server.RaftServerConfigKeys (ConfUtils.java:logGet(43)) - raft.server.log.statemachine.data.caching.enabled = true (custom)
2019-07-13 16:26:27,659 INFO  server.RaftServerConfigKeys (ConfUtils.java:logGet(43)) - raft.server.log.queue.byte-limit = 2147483647 (custom)
2019-07-13 16:26:27,662 INFO  server.RaftServerConfigKeys (ConfUtils.java:logGet(43)) - raft.server.log.queue.element-limit = 1024 (custom)
2019-07-13 16:26:27,662 INFO  segmented.SegmentedRaftLogWorker (SegmentedRaftLogWorker.java:lambda$new$0(132)) - 1febe8c9-3e68-41fc-803e-1e0a2dbb3f8a-SegmentedRaftLogWorker:Storage Directory /tmp/workdir/hadoop-ozone/integration-test/target/test-dir/MiniOzoneClusterImpl-488cee6e-9812-43b4-a1dd-ea710523146f/datanode-6/data/ratis/1deb054a-1776-42cb-8228-c0feca17d435: flushIndex: setUnconditionally 0 -> -1
2019-07-13 16:26:27,662 INFO  server.RaftServerConfigKeys (ConfUtils.java:logGet(43)) - raft.server.log.queue.element-limit = 1024 (custom)
2019-07-13 16:26:27,662 INFO  server.RaftServerConfigKeys (ConfUtils.java:logGet(43)) - raft.server.log.segment.size.max = 1048576 (custom)
2019-07-13 16:26:27,663 INFO  server.RaftServerConfigKeys (ConfUtils.java:logGet(43)) - raft.server.snapshot.auto.trigger.enabled = true (custom)
2019-07-13 16:26:27,663 INFO  server.RaftServerConfigKeys (ConfUtils.java:logGet(43)) - raft.server.log.segment.size.max = 1048576 (custom)
2019-07-13 16:26:27,663 INFO  server.RaftServerConfigKeys (ConfUtils.java:logGet(43)) - raft.server.snapshot.auto.trigger.threshold = 10000 (custom)
2019-07-13 16:26:27,663 INFO  server.RaftServerConfigKeys (ConfUtils.java:logGet(43)) - raft.server.log.preallocated.size = 16384 (custom)
2019-07-13 16:26:27,663 INFO  server.RaftServerConfigKeys (ConfUtils.java:logGet(43)) - raft.server.retrycache.expirytime = 600000ms (custom)
2019-07-13 16:26:27,663 INFO  server.RaftServerConfigKeys (ConfUtils.java:logGet(43)) - raft.server.log.preallocated.size = 16384 (custom)
2019-07-13 16:26:27,664 INFO  impl.RaftServerImpl (RaftServerImpl.java:start(180)) - 1febe8c9-3e68-41fc-803e-1e0a2dbb3f8a: start group-C0FECA17D435
2019-07-13 16:26:27,663 INFO  server.RaftServerConfigKeys (ConfUtils.java:logGet(43)) - raft.server.log.write.buffer.size = 33554432 (custom)
2019-07-13 16:26:27,664 INFO  impl.RaftServerImpl (RaftServerImpl.java:setRole(171)) - 1febe8c9-3e68-41fc-803e-1e0a2dbb3f8a:group-C0FECA17D435 changes role from null to FOLLOWER at term 0 for startAsFollower
2019-07-13 16:26:27,664 INFO  server.RaftServerConfigKeys (ConfUtils.java:logGet(43)) - raft.server.log.write.buffer.size = 33554432 (custom)
2019-07-13 16:26:27,664 INFO  impl.RoleInfo (RoleInfo.java:updateAndGet(143)) - 1febe8c9-3e68-41fc-803e-1e0a2dbb3f8a: start FollowerState
2019-07-13 16:26:27,664 INFO  server.RaftServerConfigKeys (ConfUtils.java:logGet(43)) - raft.server.log.force.sync.num = 128 (default)
2019-07-13 16:26:27,664 INFO  server.RaftServerConfigKeys (ConfUtils.java:logGet(43)) - raft.server.log.force.sync.num = 128 (default)
2019-07-13 16:26:27,665 INFO  server.RaftServerConfigKeys (ConfUtils.java:logGet(43)) - raft.server.log.statemachine.data.sync = true (default)
2019-07-13 16:26:27,665 INFO  util.JmxRegister (JmxRegister.java:tryRegister(44)) - Successfully registered JMX Bean with object name Ratis:service=RaftServer,group=group-C0FECA17D435,id=1febe8c9-3e68-41fc-803e-1e0a2dbb3f8a
2019-07-13 16:26:27,665 INFO  server.RaftServerConfigKeys (ConfUtils.java:logGet(43)) - raft.server.log.statemachine.data.sync = true (default)
2019-07-13 16:26:27,665 INFO  server.RaftServerConfigKeys (ConfUtils.java:logGet(43)) - raft.server.log.statemachine.data.sync.timeout = 10s (default)
2019-07-13 16:26:27,665 INFO  server.RaftServerConfigKeys (ConfUtils.java:logGet(43)) - raft.server.log.statemachine.data.sync.timeout = 10s (default)
2019-07-13 16:26:27,666 INFO  server.RaftServerConfigKeys (ConfUtils.java:logGet(43)) - raft.server.log.statemachine.data.sync.timeout.retry = -1 (default)
2019-07-13 16:26:27,666 INFO  server.RaftServerConfigKeys (ConfUtils.java:logGet(43)) - raft.server.log.statemachine.data.sync.timeout.retry = -1 (default)
2019-07-13 16:26:27,666 INFO  server.RaftServerConfigKeys (ConfUtils.java:logGet(43)) - raft.server.log.statemachine.data.caching.enabled = true (custom)
2019-07-13 16:26:27,666 INFO  server.RaftServerConfigKeys (ConfUtils.java:logGet(43)) - raft.server.log.statemachine.data.caching.enabled = true (custom)
2019-07-13 16:26:27,666 INFO  segmented.SegmentedRaftLogWorker (SegmentedRaftLogWorker.java:lambda$new$0(132)) - 14325e5d-297b-4230-a948-14d0dd5163ac-SegmentedRaftLogWorker:Storage Directory /tmp/workdir/hadoop-ozone/integration-test/target/test-dir/MiniOzoneClusterImpl-488cee6e-9812-43b4-a1dd-ea710523146f/datanode-3/data/ratis/1deb054a-1776-42cb-8228-c0feca17d435: flushIndex: setUnconditionally 0 -> -1
2019-07-13 16:26:27,666 INFO  segmented.SegmentedRaftLogWorker (SegmentedRaftLogWorker.java:lambda$new$0(132)) - d11a2b3f-362f-4936-97f0-fb201a013f3a-SegmentedRaftLogWorker:Storage Directory /tmp/workdir/hadoop-ozone/integration-test/target/test-dir/MiniOzoneClusterImpl-488cee6e-9812-43b4-a1dd-ea710523146f/datanode-1/data/ratis/1deb054a-1776-42cb-8228-c0feca17d435: flushIndex: setUnconditionally 0 -> -1
2019-07-13 16:26:27,667 INFO  server.RaftServerConfigKeys (ConfUtils.java:logGet(43)) - raft.server.snapshot.auto.trigger.enabled = true (custom)
2019-07-13 16:26:27,667 INFO  server.RaftServerConfigKeys (ConfUtils.java:logGet(43)) - raft.server.snapshot.auto.trigger.enabled = true (custom)
2019-07-13 16:26:27,667 INFO  server.RaftServerConfigKeys (ConfUtils.java:logGet(43)) - raft.server.snapshot.auto.trigger.threshold = 10000 (custom)
2019-07-13 16:26:27,667 INFO  server.RaftServerConfigKeys (ConfUtils.java:logGet(43)) - raft.server.snapshot.auto.trigger.threshold = 10000 (custom)
2019-07-13 16:26:27,669 INFO  server.RaftServerConfigKeys (ConfUtils.java:logGet(43)) - raft.server.retrycache.expirytime = 600000ms (custom)
2019-07-13 16:26:27,669 INFO  server.RaftServerConfigKeys (ConfUtils.java:logGet(43)) - raft.server.retrycache.expirytime = 600000ms (custom)
2019-07-13 16:26:27,671 INFO  impl.RaftServerImpl (RaftServerImpl.java:start(180)) - 14325e5d-297b-4230-a948-14d0dd5163ac: start group-C0FECA17D435
2019-07-13 16:26:27,672 INFO  impl.RaftServerImpl (RaftServerImpl.java:start(180)) - d11a2b3f-362f-4936-97f0-fb201a013f3a: start group-C0FECA17D435
2019-07-13 16:26:27,672 INFO  impl.RaftServerImpl (RaftServerImpl.java:setRole(171)) - 14325e5d-297b-4230-a948-14d0dd5163ac:group-C0FECA17D435 changes role from null to FOLLOWER at term 0 for startAsFollower
2019-07-13 16:26:27,672 INFO  impl.RaftServerImpl (RaftServerImpl.java:setRole(171)) - d11a2b3f-362f-4936-97f0-fb201a013f3a:group-C0FECA17D435 changes role from null to FOLLOWER at term 0 for startAsFollower
2019-07-13 16:26:27,672 INFO  impl.RoleInfo (RoleInfo.java:updateAndGet(143)) - 14325e5d-297b-4230-a948-14d0dd5163ac: start FollowerState
2019-07-13 16:26:27,674 INFO  impl.RoleInfo (RoleInfo.java:updateAndGet(143)) - d11a2b3f-362f-4936-97f0-fb201a013f3a: start FollowerState
2019-07-13 16:26:27,676 INFO  util.JmxRegister (JmxRegister.java:tryRegister(44)) - Successfully registered JMX Bean with object name Ratis:service=RaftServer,group=group-C0FECA17D435,id=d11a2b3f-362f-4936-97f0-fb201a013f3a
2019-07-13 16:26:27,677 INFO  util.JmxRegister (JmxRegister.java:tryRegister(44)) - Successfully registered JMX Bean with object name Ratis:service=RaftServer,group=group-C0FECA17D435,id=14325e5d-297b-4230-a948-14d0dd5163ac
2019-07-13 16:26:27,693 INFO  pipeline.PipelineStateManager (PipelineStateManager.java:addPipeline(56)) - Created pipeline Pipeline[ Id: 1deb054a-1776-42cb-8228-c0feca17d435, Nodes: 14325e5d-297b-4230-a948-14d0dd5163ac{ip: 192.168.5.187, host: trunk-nightly-z92hn-1831959607, networkLocation: /default-rack, certSerialId: null}1febe8c9-3e68-41fc-803e-1e0a2dbb3f8a{ip: 192.168.5.187, host: trunk-nightly-z92hn-1831959607, networkLocation: /default-rack, certSerialId: null}d11a2b3f-362f-4936-97f0-fb201a013f3a{ip: 192.168.5.187, host: trunk-nightly-z92hn-1831959607, networkLocation: /default-rack, certSerialId: null}, Type:RATIS, Factor:THREE, State:OPEN]
2019-07-13 16:26:27,733 INFO  impl.RaftServerProxy (RaftServerProxy.java:addNew(89)) - 29b6b04b-4a33-43a2-8f94-ee83b13355a5: addNew group-349E2213627B:[d4583721-577b-4654-9040-19b2cb0aebc2:192.168.5.187:36774, 70e4dd9f-3b94-4d19-ba43-f83a8be65831:192.168.5.187:44770, 29b6b04b-4a33-43a2-8f94-ee83b13355a5:192.168.5.187:39836] returns group-349E2213627B:java.util.concurrent.CompletableFuture@34b41b89[Not completed]
2019-07-13 16:26:27,733 INFO  impl.RaftServerProxy (RaftServerProxy.java:addNew(89)) - d4583721-577b-4654-9040-19b2cb0aebc2: addNew group-349E2213627B:[d4583721-577b-4654-9040-19b2cb0aebc2:192.168.5.187:36774, 70e4dd9f-3b94-4d19-ba43-f83a8be65831:192.168.5.187:44770, 29b6b04b-4a33-43a2-8f94-ee83b13355a5:192.168.5.187:39836] returns group-349E2213627B:java.util.concurrent.CompletableFuture@8552d40[Not completed]
2019-07-13 16:26:27,736 INFO  impl.RaftServerProxy (RaftServerProxy.java:addNew(89)) - 70e4dd9f-3b94-4d19-ba43-f83a8be65831: addNew group-349E2213627B:[d4583721-577b-4654-9040-19b2cb0aebc2:192.168.5.187:36774, 70e4dd9f-3b94-4d19-ba43-f83a8be65831:192.168.5.187:44770, 29b6b04b-4a33-43a2-8f94-ee83b13355a5:192.168.5.187:39836] returns group-349E2213627B:java.util.concurrent.CompletableFuture@611571cf[Not completed]
2019-07-13 16:26:27,736 INFO  impl.RaftServerImpl (RaftServerImpl.java:<init>(93)) - 29b6b04b-4a33-43a2-8f94-ee83b13355a5: new RaftServerImpl for group-349E2213627B:[d4583721-577b-4654-9040-19b2cb0aebc2:192.168.5.187:36774, 70e4dd9f-3b94-4d19-ba43-f83a8be65831:192.168.5.187:44770, 29b6b04b-4a33-43a2-8f94-ee83b13355a5:192.168.5.187:39836] with ContainerStateMachine:uninitialized
2019-07-13 16:26:27,737 INFO  server.RaftServerConfigKeys (ConfUtils.java:logGet(43)) - raft.server.rpc.timeout.min = 5s (custom)
2019-07-13 16:26:27,737 INFO  server.RaftServerConfigKeys (ConfUtils.java:logGet(43)) - raft.server.rpc.timeout.max = 5200ms (custom)
2019-07-13 16:26:27,737 INFO  server.RaftServerConfigKeys (ConfUtils.java:logGet(43)) - raft.server.rpcslowness.timeout = 120s (custom)
2019-07-13 16:26:27,737 INFO  server.RaftServerConfigKeys (ConfUtils.java:logGet(43)) - raft.server.sleep.deviation.threshold = 300 (default)
2019-07-13 16:26:27,737 INFO  server.RaftServerConfigKeys (ConfUtils.java:logGet(43)) - raft.server.log.appender.install.snapshot.enabled = false (custom)
2019-07-13 16:26:27,737 INFO  impl.RaftServerImpl (ServerState.java:<init>(105)) - 29b6b04b-4a33-43a2-8f94-ee83b13355a5:group-349E2213627B ConfigurationManager, init=-1: [d4583721-577b-4654-9040-19b2cb0aebc2:192.168.5.187:36774, 70e4dd9f-3b94-4d19-ba43-f83a8be65831:192.168.5.187:44770, 29b6b04b-4a33-43a2-8f94-ee83b13355a5:192.168.5.187:39836], old=null, confs=<EMPTY_MAP>
2019-07-13 16:26:27,738 INFO  impl.RaftServerImpl (RaftServerImpl.java:<init>(93)) - d4583721-577b-4654-9040-19b2cb0aebc2: new RaftServerImpl for group-349E2213627B:[d4583721-577b-4654-9040-19b2cb0aebc2:192.168.5.187:36774, 70e4dd9f-3b94-4d19-ba43-f83a8be65831:192.168.5.187:44770, 29b6b04b-4a33-43a2-8f94-ee83b13355a5:192.168.5.187:39836] with ContainerStateMachine:uninitialized
2019-07-13 16:26:27,738 INFO  server.RaftServerConfigKeys (ConfUtils.java:logGet(43)) - raft.server.storage.dir = [/tmp/workdir/hadoop-ozone/integration-test/target/test-dir/MiniOzoneClusterImpl-488cee6e-9812-43b4-a1dd-ea710523146f/datanode-4/data/ratis] (custom)
2019-07-13 16:26:27,738 INFO  server.RaftServerConfigKeys (ConfUtils.java:logGet(43)) - raft.server.rpc.timeout.min = 5s (custom)
2019-07-13 16:26:27,738 INFO  server.RaftServerConfigKeys (ConfUtils.java:logGet(43)) - raft.server.rpc.timeout.max = 5200ms (custom)
2019-07-13 16:26:27,738 INFO  storage.RaftStorageDirectory (RaftStorageDirectory.java:analyzeStorage(246)) - The storage directory /tmp/workdir/hadoop-ozone/integration-test/target/test-dir/MiniOzoneClusterImpl-488cee6e-9812-43b4-a1dd-ea710523146f/datanode-4/data/ratis/05860783-9812-47f9-85f4-349e2213627b does not exist. Creating ...
2019-07-13 16:26:27,738 INFO  server.RaftServerConfigKeys (ConfUtils.java:logGet(43)) - raft.server.rpcslowness.timeout = 120s (custom)
2019-07-13 16:26:27,738 INFO  server.RaftServerConfigKeys (ConfUtils.java:logGet(43)) - raft.server.sleep.deviation.threshold = 300 (default)
2019-07-13 16:26:27,739 INFO  server.RaftServerConfigKeys (ConfUtils.java:logGet(43)) - raft.server.log.appender.install.snapshot.enabled = false (custom)
2019-07-13 16:26:27,739 INFO  impl.RaftServerImpl (ServerState.java:<init>(105)) - d4583721-577b-4654-9040-19b2cb0aebc2:group-349E2213627B ConfigurationManager, init=-1: [d4583721-577b-4654-9040-19b2cb0aebc2:192.168.5.187:36774, 70e4dd9f-3b94-4d19-ba43-f83a8be65831:192.168.5.187:44770, 29b6b04b-4a33-43a2-8f94-ee83b13355a5:192.168.5.187:39836], old=null, confs=<EMPTY_MAP>
2019-07-13 16:26:27,739 INFO  impl.RaftServerImpl (RaftServerImpl.java:<init>(93)) - 70e4dd9f-3b94-4d19-ba43-f83a8be65831: new RaftServerImpl for group-349E2213627B:[d4583721-577b-4654-9040-19b2cb0aebc2:192.168.5.187:36774, 70e4dd9f-3b94-4d19-ba43-f83a8be65831:192.168.5.187:44770, 29b6b04b-4a33-43a2-8f94-ee83b13355a5:192.168.5.187:39836] with ContainerStateMachine:uninitialized
2019-07-13 16:26:27,739 INFO  server.RaftServerConfigKeys (ConfUtils.java:logGet(43)) - raft.server.storage.dir = [/tmp/workdir/hadoop-ozone/integration-test/target/test-dir/MiniOzoneClusterImpl-488cee6e-9812-43b4-a1dd-ea710523146f/datanode-5/data/ratis] (custom)
2019-07-13 16:26:27,739 INFO  server.RaftServerConfigKeys (ConfUtils.java:logGet(43)) - raft.server.rpc.timeout.min = 5s (custom)
2019-07-13 16:26:27,739 INFO  server.RaftServerConfigKeys (ConfUtils.java:logGet(43)) - raft.server.rpc.timeout.max = 5200ms (custom)
2019-07-13 16:26:27,740 INFO  storage.RaftStorageDirectory (RaftStorageDirectory.java:analyzeStorage(246)) - The storage directory /tmp/workdir/hadoop-ozone/integration-test/target/test-dir/MiniOzoneClusterImpl-488cee6e-9812-43b4-a1dd-ea710523146f/datanode-5/data/ratis/05860783-9812-47f9-85f4-349e2213627b does not exist. Creating ...
2019-07-13 16:26:27,740 INFO  server.RaftServerConfigKeys (ConfUtils.java:logGet(43)) - raft.server.rpcslowness.timeout = 120s (custom)
2019-07-13 16:26:27,740 INFO  server.RaftServerConfigKeys (ConfUtils.java:logGet(43)) - raft.server.sleep.deviation.threshold = 300 (default)
2019-07-13 16:26:27,740 INFO  server.RaftServerConfigKeys (ConfUtils.java:logGet(43)) - raft.server.log.appender.install.snapshot.enabled = false (custom)
2019-07-13 16:26:27,740 INFO  impl.RaftServerImpl (ServerState.java:<init>(105)) - 70e4dd9f-3b94-4d19-ba43-f83a8be65831:group-349E2213627B ConfigurationManager, init=-1: [d4583721-577b-4654-9040-19b2cb0aebc2:192.168.5.187:36774, 70e4dd9f-3b94-4d19-ba43-f83a8be65831:192.168.5.187:44770, 29b6b04b-4a33-43a2-8f94-ee83b13355a5:192.168.5.187:39836], old=null, confs=<EMPTY_MAP>
2019-07-13 16:26:27,741 INFO  server.RaftServerConfigKeys (ConfUtils.java:logGet(43)) - raft.server.storage.dir = [/tmp/workdir/hadoop-ozone/integration-test/target/test-dir/MiniOzoneClusterImpl-488cee6e-9812-43b4-a1dd-ea710523146f/datanode-0/data/ratis] (custom)
2019-07-13 16:26:27,741 INFO  storage.RaftStorageDirectory (RaftStorageDirectory.java:analyzeStorage(246)) - The storage directory /tmp/workdir/hadoop-ozone/integration-test/target/test-dir/MiniOzoneClusterImpl-488cee6e-9812-43b4-a1dd-ea710523146f/datanode-0/data/ratis/05860783-9812-47f9-85f4-349e2213627b does not exist. Creating ...
2019-07-13 16:26:27,751 INFO  storage.RaftStorageDirectory (RaftStorageDirectory.java:tryLock(328)) - Lock on /tmp/workdir/hadoop-ozone/integration-test/target/test-dir/MiniOzoneClusterImpl-488cee6e-9812-43b4-a1dd-ea710523146f/datanode-4/data/ratis/05860783-9812-47f9-85f4-349e2213627b/in_use.lock acquired by nodename 30505@trunk-nightly-z92hn-1831959607
2019-07-13 16:26:27,751 INFO  storage.RaftStorageDirectory (RaftStorageDirectory.java:tryLock(328)) - Lock on /tmp/workdir/hadoop-ozone/integration-test/target/test-dir/MiniOzoneClusterImpl-488cee6e-9812-43b4-a1dd-ea710523146f/datanode-0/data/ratis/05860783-9812-47f9-85f4-349e2213627b/in_use.lock acquired by nodename 30505@trunk-nightly-z92hn-1831959607
2019-07-13 16:26:27,751 INFO  storage.RaftStorageDirectory (RaftStorageDirectory.java:tryLock(328)) - Lock on /tmp/workdir/hadoop-ozone/integration-test/target/test-dir/MiniOzoneClusterImpl-488cee6e-9812-43b4-a1dd-ea710523146f/datanode-5/data/ratis/05860783-9812-47f9-85f4-349e2213627b/in_use.lock acquired by nodename 30505@trunk-nightly-z92hn-1831959607
2019-07-13 16:26:27,760 INFO  storage.RaftStorage (RaftStorage.java:format(72)) - Storage directory /tmp/workdir/hadoop-ozone/integration-test/target/test-dir/MiniOzoneClusterImpl-488cee6e-9812-43b4-a1dd-ea710523146f/datanode-5/data/ratis/05860783-9812-47f9-85f4-349e2213627b has been successfully formatted.
2019-07-13 16:26:27,760 INFO  storage.RaftStorage (RaftStorage.java:format(72)) - Storage directory /tmp/workdir/hadoop-ozone/integration-test/target/test-dir/MiniOzoneClusterImpl-488cee6e-9812-43b4-a1dd-ea710523146f/datanode-0/data/ratis/05860783-9812-47f9-85f4-349e2213627b has been successfully formatted.
2019-07-13 16:26:27,761 INFO  ratis.ContainerStateMachine (ContainerStateMachine.java:loadSnapshot(200)) - The snapshot info is null.Setting the last applied index to:(t:0, i:~)
2019-07-13 16:26:27,760 INFO  storage.RaftStorage (RaftStorage.java:format(72)) - Storage directory /tmp/workdir/hadoop-ozone/integration-test/target/test-dir/MiniOzoneClusterImpl-488cee6e-9812-43b4-a1dd-ea710523146f/datanode-4/data/ratis/05860783-9812-47f9-85f4-349e2213627b has been successfully formatted.
2019-07-13 16:26:27,761 INFO  server.RaftServerConfigKeys (ConfUtils.java:logGet(43)) - raft.server.leader.election.timeout = 120s (custom)
2019-07-13 16:26:27,761 INFO  ratis.ContainerStateMachine (ContainerStateMachine.java:loadSnapshot(200)) - The snapshot info is null.Setting the last applied index to:(t:0, i:~)
2019-07-13 16:26:27,761 INFO  server.RaftServerConfigKeys (ConfUtils.java:logGet(43)) - raft.server.log.use.memory = false (default)
2019-07-13 16:26:27,761 INFO  ratis.ContainerStateMachine (ContainerStateMachine.java:loadSnapshot(200)) - The snapshot info is null.Setting the last applied index to:(t:0, i:~)
2019-07-13 16:26:27,762 INFO  server.RaftServerConfigKeys (ConfUtils.java:logGet(43)) - raft.server.log.purge.gap = 1000000000 (custom)
2019-07-13 16:26:27,762 INFO  server.RaftServerConfigKeys (ConfUtils.java:logGet(43)) - raft.server.leader.election.timeout = 120s (custom)
2019-07-13 16:26:27,762 INFO  server.RaftServerConfigKeys (ConfUtils.java:logGet(43)) - raft.server.log.appender.buffer.byte-limit = 33554432 (custom)
2019-07-13 16:26:27,762 INFO  server.RaftServerConfigKeys (ConfUtils.java:logGet(43)) - raft.server.leader.election.timeout = 120s (custom)
2019-07-13 16:26:27,762 INFO  server.RaftServerConfigKeys (ConfUtils.java:logGet(43)) - raft.server.log.segment.size.max = 1048576 (custom)
2019-07-13 16:26:27,762 INFO  server.RaftServerConfigKeys (ConfUtils.java:logGet(43)) - raft.server.log.use.memory = false (default)
2019-07-13 16:26:27,763 INFO  server.RaftServerConfigKeys (ConfUtils.java:logGet(43)) - raft.server.log.segment.cache.num.max = 2 (custom)
2019-07-13 16:26:27,762 INFO  server.RaftServerConfigKeys (ConfUtils.java:logGet(43)) - raft.server.log.use.memory = false (default)
2019-07-13 16:26:27,763 INFO  segmented.SegmentedRaftLogWorker (SegmentedRaftLogWorker.java:<init>(172)) - new d4583721-577b-4654-9040-19b2cb0aebc2-SegmentedRaftLogWorker:Storage Directory /tmp/workdir/hadoop-ozone/integration-test/target/test-dir/MiniOzoneClusterImpl-488cee6e-9812-43b4-a1dd-ea710523146f/datanode-5/data/ratis/05860783-9812-47f9-85f4-349e2213627b for RaftStorage:Storage Directory /tmp/workdir/hadoop-ozone/integration-test/target/test-dir/MiniOzoneClusterImpl-488cee6e-9812-43b4-a1dd-ea710523146f/datanode-5/data/ratis/05860783-9812-47f9-85f4-349e2213627b
2019-07-13 16:26:27,763 INFO  server.RaftServerConfigKeys (ConfUtils.java:logGet(43)) - raft.server.log.purge.gap = 1000000000 (custom)
2019-07-13 16:26:27,763 INFO  server.RaftServerConfigKeys (ConfUtils.java:logGet(43)) - raft.server.log.queue.byte-limit = 2147483647 (custom)
2019-07-13 16:26:27,763 INFO  server.RaftServerConfigKeys (ConfUtils.java:logGet(43)) - raft.server.log.purge.gap = 1000000000 (custom)
2019-07-13 16:26:27,766 INFO  server.RaftServerConfigKeys (ConfUtils.java:logGet(43)) - raft.server.log.queue.element-limit = 1024 (custom)
2019-07-13 16:26:27,765 INFO  server.RaftServerConfigKeys (ConfUtils.java:logGet(43)) - raft.server.log.appender.buffer.byte-limit = 33554432 (custom)
2019-07-13 16:26:27,766 INFO  server.RaftServerConfigKeys (ConfUtils.java:logGet(43)) - raft.server.log.segment.size.max = 1048576 (custom)
2019-07-13 16:26:27,766 INFO  server.RaftServerConfigKeys (ConfUtils.java:logGet(43)) - raft.server.log.appender.buffer.byte-limit = 33554432 (custom)
2019-07-13 16:26:27,766 INFO  server.RaftServerConfigKeys (ConfUtils.java:logGet(43)) - raft.server.log.preallocated.size = 16384 (custom)
2019-07-13 16:26:27,766 INFO  server.RaftServerConfigKeys (ConfUtils.java:logGet(43)) - raft.server.log.segment.size.max = 1048576 (custom)
2019-07-13 16:26:27,767 INFO  server.RaftServerConfigKeys (ConfUtils.java:logGet(43)) - raft.server.log.write.buffer.size = 33554432 (custom)
2019-07-13 16:26:27,766 INFO  server.RaftServerConfigKeys (ConfUtils.java:logGet(43)) - raft.server.log.segment.size.max = 1048576 (custom)
2019-07-13 16:26:27,767 INFO  server.RaftServerConfigKeys (ConfUtils.java:logGet(43)) - raft.server.log.force.sync.num = 128 (default)
2019-07-13 16:26:27,767 INFO  server.RaftServerConfigKeys (ConfUtils.java:logGet(43)) - raft.server.log.segment.cache.num.max = 2 (custom)
2019-07-13 16:26:27,767 INFO  server.RaftServerConfigKeys (ConfUtils.java:logGet(43)) - raft.server.log.statemachine.data.sync = true (default)
2019-07-13 16:26:27,767 INFO  server.RaftServerConfigKeys (ConfUtils.java:logGet(43)) - raft.server.log.segment.cache.num.max = 2 (custom)
2019-07-13 16:26:27,768 INFO  server.RaftServerConfigKeys (ConfUtils.java:logGet(43)) - raft.server.log.statemachine.data.sync.timeout = 10s (default)
2019-07-13 16:26:27,767 INFO  segmented.SegmentedRaftLogWorker (SegmentedRaftLogWorker.java:<init>(172)) - new 70e4dd9f-3b94-4d19-ba43-f83a8be65831-SegmentedRaftLogWorker:Storage Directory /tmp/workdir/hadoop-ozone/integration-test/target/test-dir/MiniOzoneClusterImpl-488cee6e-9812-43b4-a1dd-ea710523146f/datanode-0/data/ratis/05860783-9812-47f9-85f4-349e2213627b for RaftStorage:Storage Directory /tmp/workdir/hadoop-ozone/integration-test/target/test-dir/MiniOzoneClusterImpl-488cee6e-9812-43b4-a1dd-ea710523146f/datanode-0/data/ratis/05860783-9812-47f9-85f4-349e2213627b
2019-07-13 16:26:27,768 INFO  server.RaftServerConfigKeys (ConfUtils.java:logGet(43)) - raft.server.log.statemachine.data.sync.timeout.retry = -1 (default)
2019-07-13 16:26:27,768 INFO  segmented.SegmentedRaftLogWorker (SegmentedRaftLogWorker.java:<init>(172)) - new 29b6b04b-4a33-43a2-8f94-ee83b13355a5-SegmentedRaftLogWorker:Storage Directory /tmp/workdir/hadoop-ozone/integration-test/target/test-dir/MiniOzoneClusterImpl-488cee6e-9812-43b4-a1dd-ea710523146f/datanode-4/data/ratis/05860783-9812-47f9-85f4-349e2213627b for RaftStorage:Storage Directory /tmp/workdir/hadoop-ozone/integration-test/target/test-dir/MiniOzoneClusterImpl-488cee6e-9812-43b4-a1dd-ea710523146f/datanode-4/data/ratis/05860783-9812-47f9-85f4-349e2213627b
2019-07-13 16:26:27,768 INFO  server.RaftServerConfigKeys (ConfUtils.java:logGet(43)) - raft.server.log.queue.byte-limit = 2147483647 (custom)
2019-07-13 16:26:27,770 INFO  server.RaftServerConfigKeys (ConfUtils.java:logGet(43)) - raft.server.log.statemachine.data.caching.enabled = true (custom)
2019-07-13 16:26:27,770 INFO  server.RaftServerConfigKeys (ConfUtils.java:logGet(43)) - raft.server.log.queue.byte-limit = 2147483647 (custom)
2019-07-13 16:26:27,773 INFO  server.RaftServerConfigKeys (ConfUtils.java:logGet(43)) - raft.server.log.queue.element-limit = 1024 (custom)
2019-07-13 16:26:27,773 INFO  server.RaftServerConfigKeys (ConfUtils.java:logGet(43)) - raft.server.log.queue.element-limit = 1024 (custom)
2019-07-13 16:26:27,773 INFO  server.RaftServerConfigKeys (ConfUtils.java:logGet(43)) - raft.server.log.segment.size.max = 1048576 (custom)
2019-07-13 16:26:27,773 INFO  segmented.SegmentedRaftLogWorker (SegmentedRaftLogWorker.java:lambda$new$0(132)) - d4583721-577b-4654-9040-19b2cb0aebc2-SegmentedRaftLogWorker:Storage Directory /tmp/workdir/hadoop-ozone/integration-test/target/test-dir/MiniOzoneClusterImpl-488cee6e-9812-43b4-a1dd-ea710523146f/datanode-5/data/ratis/05860783-9812-47f9-85f4-349e2213627b: flushIndex: setUnconditionally 0 -> -1
2019-07-13 16:26:27,774 INFO  server.RaftServerConfigKeys (ConfUtils.java:logGet(43)) - raft.server.log.preallocated.size = 16384 (custom)
2019-07-13 16:26:27,773 INFO  server.RaftServerConfigKeys (ConfUtils.java:logGet(43)) - raft.server.log.segment.size.max = 1048576 (custom)
2019-07-13 16:26:27,774 INFO  server.RaftServerConfigKeys (ConfUtils.java:logGet(43)) - raft.server.snapshot.auto.trigger.enabled = true (custom)
2019-07-13 16:26:27,774 INFO  server.RaftServerConfigKeys (ConfUtils.java:logGet(43)) - raft.server.log.write.buffer.size = 33554432 (custom)
2019-07-13 16:26:27,774 INFO  server.RaftServerConfigKeys (ConfUtils.java:logGet(43)) - raft.server.snapshot.auto.trigger.threshold = 10000 (custom)
2019-07-13 16:26:27,774 INFO  server.RaftServerConfigKeys (ConfUtils.java:logGet(43)) - raft.server.log.preallocated.size = 16384 (custom)
2019-07-13 16:26:27,775 INFO  server.RaftServerConfigKeys (ConfUtils.java:logGet(43)) - raft.server.retrycache.expirytime = 600000ms (custom)
2019-07-13 16:26:27,774 INFO  server.RaftServerConfigKeys (ConfUtils.java:logGet(43)) - raft.server.log.force.sync.num = 128 (default)
2019-07-13 16:26:27,775 INFO  impl.RaftServerImpl (RaftServerImpl.java:start(180)) - d4583721-577b-4654-9040-19b2cb0aebc2: start group-349E2213627B
2019-07-13 16:26:27,775 INFO  server.RaftServerConfigKeys (ConfUtils.java:logGet(43)) - raft.server.log.write.buffer.size = 33554432 (custom)
2019-07-13 16:26:27,775 INFO  impl.RaftServerImpl (RaftServerImpl.java:setRole(171)) - d4583721-577b-4654-9040-19b2cb0aebc2:group-349E2213627B changes role from null to FOLLOWER at term 0 for startAsFollower
2019-07-13 16:26:27,775 INFO  server.RaftServerConfigKeys (ConfUtils.java:logGet(43)) - raft.server.log.statemachine.data.sync = true (default)
2019-07-13 16:26:27,776 INFO  impl.RoleInfo (RoleInfo.java:updateAndGet(143)) - d4583721-577b-4654-9040-19b2cb0aebc2: start FollowerState
2019-07-13 16:26:27,775 INFO  server.RaftServerConfigKeys (ConfUtils.java:logGet(43)) - raft.server.log.force.sync.num = 128 (default)
2019-07-13 16:26:27,776 INFO  server.RaftServerConfigKeys (ConfUtils.java:logGet(43)) - raft.server.log.statemachine.data.sync.timeout = 10s (default)
2019-07-13 16:26:27,776 INFO  util.JmxRegister (JmxRegister.java:tryRegister(44)) - Successfully registered JMX Bean with object name Ratis:service=RaftServer,group=group-349E2213627B,id=d4583721-577b-4654-9040-19b2cb0aebc2
2019-07-13 16:26:27,776 INFO  server.RaftServerConfigKeys (ConfUtils.java:logGet(43)) - raft.server.log.statemachine.data.sync = true (default)
2019-07-13 16:26:27,776 INFO  server.RaftServerConfigKeys (ConfUtils.java:logGet(43)) - raft.server.log.statemachine.data.sync.timeout.retry = -1 (default)
2019-07-13 16:26:27,777 INFO  server.RaftServerConfigKeys (ConfUtils.java:logGet(43)) - raft.server.log.statemachine.data.sync.timeout = 10s (default)
2019-07-13 16:26:27,777 INFO  server.RaftServerConfigKeys (ConfUtils.java:logGet(43)) - raft.server.log.statemachine.data.caching.enabled = true (custom)
2019-07-13 16:26:27,777 INFO  server.RaftServerConfigKeys (ConfUtils.java:logGet(43)) - raft.server.log.statemachine.data.sync.timeout.retry = -1 (default)
2019-07-13 16:26:27,778 INFO  segmented.SegmentedRaftLogWorker (SegmentedRaftLogWorker.java:lambda$new$0(132)) - 70e4dd9f-3b94-4d19-ba43-f83a8be65831-SegmentedRaftLogWorker:Storage Directory /tmp/workdir/hadoop-ozone/integration-test/target/test-dir/MiniOzoneClusterImpl-488cee6e-9812-43b4-a1dd-ea710523146f/datanode-0/data/ratis/05860783-9812-47f9-85f4-349e2213627b: flushIndex: setUnconditionally 0 -> -1
2019-07-13 16:26:27,778 INFO  server.RaftServerConfigKeys (ConfUtils.java:logGet(43)) - raft.server.log.statemachine.data.caching.enabled = true (custom)
2019-07-13 16:26:27,778 INFO  server.RaftServerConfigKeys (ConfUtils.java:logGet(43)) - raft.server.snapshot.auto.trigger.enabled = true (custom)
2019-07-13 16:26:27,778 INFO  segmented.SegmentedRaftLogWorker (SegmentedRaftLogWorker.java:lambda$new$0(132)) - 29b6b04b-4a33-43a2-8f94-ee83b13355a5-SegmentedRaftLogWorker:Storage Directory /tmp/workdir/hadoop-ozone/integration-test/target/test-dir/MiniOzoneClusterImpl-488cee6e-9812-43b4-a1dd-ea710523146f/datanode-4/data/ratis/05860783-9812-47f9-85f4-349e2213627b: flushIndex: setUnconditionally 0 -> -1
2019-07-13 16:26:27,778 INFO  server.RaftServerConfigKeys (ConfUtils.java:logGet(43)) - raft.server.snapshot.auto.trigger.threshold = 10000 (custom)
2019-07-13 16:26:27,779 INFO  server.RaftServerConfigKeys (ConfUtils.java:logGet(43)) - raft.server.snapshot.auto.trigger.enabled = true (custom)
2019-07-13 16:26:27,779 INFO  server.RaftServerConfigKeys (ConfUtils.java:logGet(43)) - raft.server.retrycache.expirytime = 600000ms (custom)
2019-07-13 16:26:27,779 INFO  server.RaftServerConfigKeys (ConfUtils.java:logGet(43)) - raft.server.snapshot.auto.trigger.threshold = 10000 (custom)
2019-07-13 16:26:27,781 INFO  impl.RaftServerImpl (RaftServerImpl.java:start(180)) - 70e4dd9f-3b94-4d19-ba43-f83a8be65831: start group-349E2213627B
2019-07-13 16:26:27,781 INFO  server.RaftServerConfigKeys (ConfUtils.java:logGet(43)) - raft.server.retrycache.expirytime = 600000ms (custom)
2019-07-13 16:26:27,781 INFO  impl.RaftServerImpl (RaftServerImpl.java:setRole(171)) - 70e4dd9f-3b94-4d19-ba43-f83a8be65831:group-349E2213627B changes role from null to FOLLOWER at term 0 for startAsFollower
2019-07-13 16:26:27,784 INFO  impl.RaftServerImpl (RaftServerImpl.java:start(180)) - 29b6b04b-4a33-43a2-8f94-ee83b13355a5: start group-349E2213627B
2019-07-13 16:26:27,784 INFO  impl.RoleInfo (RoleInfo.java:updateAndGet(143)) - 70e4dd9f-3b94-4d19-ba43-f83a8be65831: start FollowerState
2019-07-13 16:26:27,784 INFO  impl.RaftServerImpl (RaftServerImpl.java:setRole(171)) - 29b6b04b-4a33-43a2-8f94-ee83b13355a5:group-349E2213627B changes role from null to FOLLOWER at term 0 for startAsFollower
2019-07-13 16:26:27,786 INFO  impl.RoleInfo (RoleInfo.java:updateAndGet(143)) - 29b6b04b-4a33-43a2-8f94-ee83b13355a5: start FollowerState
2019-07-13 16:26:27,786 INFO  util.JmxRegister (JmxRegister.java:tryRegister(44)) - Successfully registered JMX Bean with object name Ratis:service=RaftServer,group=group-349E2213627B,id=70e4dd9f-3b94-4d19-ba43-f83a8be65831
2019-07-13 16:26:27,787 INFO  util.JmxRegister (JmxRegister.java:tryRegister(44)) - Successfully registered JMX Bean with object name Ratis:service=RaftServer,group=group-349E2213627B,id=29b6b04b-4a33-43a2-8f94-ee83b13355a5
2019-07-13 16:26:27,803 INFO  pipeline.PipelineStateManager (PipelineStateManager.java:addPipeline(56)) - Created pipeline Pipeline[ Id: 05860783-9812-47f9-85f4-349e2213627b, Nodes: 70e4dd9f-3b94-4d19-ba43-f83a8be65831{ip: 192.168.5.187, host: trunk-nightly-z92hn-1831959607, networkLocation: /default-rack, certSerialId: null}d4583721-577b-4654-9040-19b2cb0aebc2{ip: 192.168.5.187, host: trunk-nightly-z92hn-1831959607, networkLocation: /default-rack, certSerialId: null}29b6b04b-4a33-43a2-8f94-ee83b13355a5{ip: 192.168.5.187, host: trunk-nightly-z92hn-1831959607, networkLocation: /default-rack, certSerialId: null}, Type:RATIS, Factor:THREE, State:OPEN]
2019-07-13 16:26:28,390 INFO  ozone.MiniOzoneClusterImpl (MiniOzoneClusterImpl.java:lambda$waitForClusterToBeReady$0(142)) - Cluster is ready. Got 7 of 7 DN Heartbeats.
2019-07-13 16:26:28,735 INFO  rpc.RpcClient (RpcClient.java:createVolume(287)) - Creating Volume: testblockoutputstream, with jenkins1000 as owner.
2019-07-13 16:26:28,793 INFO  rpc.RpcClient (RpcClient.java:createBucket(424)) - Creating Bucket: testblockoutputstream/testblockoutputstream, with Versioning false and Storage Type set to DISK and Encryption set to false 
2019-07-13 16:26:28,928 INFO  container.ReplicationManager (ReplicationManager.java:start(155)) - Starting Replication Monitor Thread.
2019-07-13 16:26:28,936 INFO  container.ReplicationManager (ReplicationManager.java:run(207)) - Replication Monitor Thread took 4 milliseconds for processing 1 containers.
2019-07-13 16:26:29,114 INFO  client.GrpcClientProtocolClient (GrpcClientProtocolClient.java:onNext(255)) - client-551BDB50E0E3->14325e5d-297b-4230-a948-14d0dd5163ac: receive RaftClientReply:client-551BDB50E0E3->14325e5d-297b-4230-a948-14d0dd5163ac@group-C0FECA17D435, cid=13, FAILED org.apache.ratis.protocol.NotLeaderException: Server 14325e5d-297b-4230-a948-14d0dd5163ac is not the leader (null). Request must be sent to leader., logIndex=0, commits[14325e5d-297b-4230-a948-14d0dd5163ac:c-1]
2019-07-13 16:26:30,172 INFO  client.GrpcClientProtocolClient (GrpcClientProtocolClient.java:onNext(255)) - client-551BDB50E0E3->1febe8c9-3e68-41fc-803e-1e0a2dbb3f8a: receive RaftClientReply:client-551BDB50E0E3->1febe8c9-3e68-41fc-803e-1e0a2dbb3f8a@group-C0FECA17D435, cid=13, FAILED org.apache.ratis.protocol.NotLeaderException: Server 1febe8c9-3e68-41fc-803e-1e0a2dbb3f8a is not the leader (null). Request must be sent to leader., logIndex=0, commits[1febe8c9-3e68-41fc-803e-1e0a2dbb3f8a:c-1]
2019-07-13 16:26:31,214 INFO  client.GrpcClientProtocolClient (GrpcClientProtocolClient.java:onNext(255)) - client-551BDB50E0E3->14325e5d-297b-4230-a948-14d0dd5163ac: receive RaftClientReply:client-551BDB50E0E3->14325e5d-297b-4230-a948-14d0dd5163ac@group-C0FECA17D435, cid=13, FAILED org.apache.ratis.protocol.NotLeaderException: Server 14325e5d-297b-4230-a948-14d0dd5163ac is not the leader (null). Request must be sent to leader., logIndex=0, commits[14325e5d-297b-4230-a948-14d0dd5163ac:c-1]
2019-07-13 16:26:32,059 INFO  impl.FollowerState (FollowerState.java:run(106)) - 70e4dd9f-3b94-4d19-ba43-f83a8be65831:group-AD5256851F1E changes to CANDIDATE, lastRpcTime:5024, electionTimeout:5023ms
2019-07-13 16:26:32,060 INFO  impl.RoleInfo (RoleInfo.java:shutdownFollowerState(121)) - 70e4dd9f-3b94-4d19-ba43-f83a8be65831: shutdown FollowerState
2019-07-13 16:26:32,060 INFO  impl.RaftServerImpl (RaftServerImpl.java:setRole(171)) - 70e4dd9f-3b94-4d19-ba43-f83a8be65831:group-AD5256851F1E changes role from FOLLOWER to CANDIDATE at term 0 for changeToCandidate
2019-07-13 16:26:32,063 INFO  impl.RoleInfo (RoleInfo.java:updateAndGet(143)) - 70e4dd9f-3b94-4d19-ba43-f83a8be65831: start LeaderElection
2019-07-13 16:26:32,078 INFO  impl.LeaderElection (LeaderElection.java:askForVotes(181)) - 70e4dd9f-3b94-4d19-ba43-f83a8be65831:group-AD5256851F1E:LeaderElection1: begin an election at term 1 for -1: [70e4dd9f-3b94-4d19-ba43-f83a8be65831:192.168.5.187:44770], old=null
2019-07-13 16:26:32,080 INFO  impl.RoleInfo (RoleInfo.java:shutdownLeaderElection(134)) - 70e4dd9f-3b94-4d19-ba43-f83a8be65831: shutdown LeaderElection
2019-07-13 16:26:32,081 INFO  impl.RaftServerImpl (RaftServerImpl.java:setRole(171)) - 70e4dd9f-3b94-4d19-ba43-f83a8be65831:group-AD5256851F1E changes role from CANDIDATE to LEADER at term 1 for changeToLeader
2019-07-13 16:26:32,081 INFO  impl.RaftServerImpl (ServerState.java:setLeader(263)) - 70e4dd9f-3b94-4d19-ba43-f83a8be65831:group-AD5256851F1E change Leader from null to 70e4dd9f-3b94-4d19-ba43-f83a8be65831 at term 1 for becomeLeader, leader elected after 5138ms
2019-07-13 16:26:32,090 INFO  server.RaftServerConfigKeys (ConfUtils.java:logGet(43)) - raft.server.staging.catchup.gap = 1000 (default)
2019-07-13 16:26:32,090 INFO  server.RaftServerConfigKeys (ConfUtils.java:logGet(43)) - raft.server.rpc.sleep.time = 25ms (default)
2019-07-13 16:26:32,096 INFO  server.RaftServerConfigKeys (ConfUtils.java:logGet(43)) - raft.server.write.element-limit = 4096 (default)
2019-07-13 16:26:32,099 INFO  server.RaftServerConfigKeys (ConfUtils.java:logGet(43)) - raft.server.watch.timeout = 10s (default)
2019-07-13 16:26:32,099 INFO  server.RaftServerConfigKeys (ConfUtils.java:logGet(43)) - raft.server.watch.timeout.denomination = 1s (default)
2019-07-13 16:26:32,101 INFO  server.RaftServerConfigKeys (ConfUtils.java:logGet(43)) - raft.server.watch.element-limit = 65536 (default)
2019-07-13 16:26:32,111 INFO  impl.RoleInfo (RoleInfo.java:updateAndGet(143)) - 70e4dd9f-3b94-4d19-ba43-f83a8be65831: start LeaderState
2019-07-13 16:26:32,139 INFO  segmented.SegmentedRaftLogWorker (SegmentedRaftLogWorker.java:startLogSegment(380)) - 70e4dd9f-3b94-4d19-ba43-f83a8be65831-SegmentedRaftLogWorker:Storage Directory /tmp/workdir/hadoop-ozone/integration-test/target/test-dir/MiniOzoneClusterImpl-488cee6e-9812-43b4-a1dd-ea710523146f/datanode-0/data/ratis/08560e24-919d-4c8e-885b-ad5256851f1e: Starting segment from index:0
2019-07-13 16:26:32,148 INFO  impl.RaftServerImpl (ServerState.java:setRaftConf(361)) - 70e4dd9f-3b94-4d19-ba43-f83a8be65831:group-AD5256851F1E set configuration 0: [70e4dd9f-3b94-4d19-ba43-f83a8be65831:192.168.5.187:44770], old=null at 0
2019-07-13 16:26:32,241 INFO  client.GrpcClientProtocolClient (GrpcClientProtocolClient.java:onNext(255)) - client-551BDB50E0E3->1febe8c9-3e68-41fc-803e-1e0a2dbb3f8a: receive RaftClientReply:client-551BDB50E0E3->1febe8c9-3e68-41fc-803e-1e0a2dbb3f8a@group-C0FECA17D435, cid=13, FAILED org.apache.ratis.protocol.NotLeaderException: Server 1febe8c9-3e68-41fc-803e-1e0a2dbb3f8a is not the leader (null). Request must be sent to leader., logIndex=0, commits[1febe8c9-3e68-41fc-803e-1e0a2dbb3f8a:c-1]
2019-07-13 16:26:32,310 INFO  impl.FollowerState (FollowerState.java:run(106)) - 14325e5d-297b-4230-a948-14d0dd5163ac:group-44B7CD33DF47 changes to CANDIDATE, lastRpcTime:5064, electionTimeout:5063ms
2019-07-13 16:26:32,312 INFO  impl.RoleInfo (RoleInfo.java:shutdownFollowerState(121)) - 14325e5d-297b-4230-a948-14d0dd5163ac: shutdown FollowerState
2019-07-13 16:26:32,312 INFO  impl.RaftServerImpl (RaftServerImpl.java:setRole(171)) - 14325e5d-297b-4230-a948-14d0dd5163ac:group-44B7CD33DF47 changes role from FOLLOWER to CANDIDATE at term 0 for changeToCandidate
2019-07-13 16:26:32,313 INFO  impl.RoleInfo (RoleInfo.java:updateAndGet(143)) - 14325e5d-297b-4230-a948-14d0dd5163ac: start LeaderElection
2019-07-13 16:26:32,329 INFO  impl.LeaderElection (LeaderElection.java:askForVotes(181)) - 14325e5d-297b-4230-a948-14d0dd5163ac:group-44B7CD33DF47:LeaderElection2: begin an election at term 1 for -1: [14325e5d-297b-4230-a948-14d0dd5163ac:192.168.5.187:34354], old=null
2019-07-13 16:26:32,332 INFO  impl.RoleInfo (RoleInfo.java:shutdownLeaderElection(134)) - 14325e5d-297b-4230-a948-14d0dd5163ac: shutdown LeaderElection
2019-07-13 16:26:32,332 INFO  impl.RaftServerImpl (RaftServerImpl.java:setRole(171)) - 14325e5d-297b-4230-a948-14d0dd5163ac:group-44B7CD33DF47 changes role from CANDIDATE to LEADER at term 1 for changeToLeader
2019-07-13 16:26:32,332 INFO  impl.RaftServerImpl (ServerState.java:setLeader(263)) - 14325e5d-297b-4230-a948-14d0dd5163ac:group-44B7CD33DF47 change Leader from null to 14325e5d-297b-4230-a948-14d0dd5163ac at term 1 for becomeLeader, leader elected after 5091ms
2019-07-13 16:26:32,332 INFO  server.RaftServerConfigKeys (ConfUtils.java:logGet(43)) - raft.server.staging.catchup.gap = 1000 (default)
2019-07-13 16:26:32,333 INFO  server.RaftServerConfigKeys (ConfUtils.java:logGet(43)) - raft.server.rpc.sleep.time = 25ms (default)
2019-07-13 16:26:32,333 INFO  server.RaftServerConfigKeys (ConfUtils.java:logGet(43)) - raft.server.write.element-limit = 4096 (default)
2019-07-13 16:26:32,333 INFO  server.RaftServerConfigKeys (ConfUtils.java:logGet(43)) - raft.server.watch.timeout = 10s (default)
2019-07-13 16:26:32,333 INFO  server.RaftServerConfigKeys (ConfUtils.java:logGet(43)) - raft.server.watch.timeout.denomination = 1s (default)
2019-07-13 16:26:32,333 INFO  server.RaftServerConfigKeys (ConfUtils.java:logGet(43)) - raft.server.watch.element-limit = 65536 (default)
2019-07-13 16:26:32,334 INFO  impl.RoleInfo (RoleInfo.java:updateAndGet(143)) - 14325e5d-297b-4230-a948-14d0dd5163ac: start LeaderState
2019-07-13 16:26:32,334 INFO  segmented.SegmentedRaftLogWorker (SegmentedRaftLogWorker.java:startLogSegment(380)) - 14325e5d-297b-4230-a948-14d0dd5163ac-SegmentedRaftLogWorker:Storage Directory /tmp/workdir/hadoop-ozone/integration-test/target/test-dir/MiniOzoneClusterImpl-488cee6e-9812-43b4-a1dd-ea710523146f/datanode-3/data/ratis/04fc86bf-e7b8-4669-a540-44b7cd33df47: Starting segment from index:0
2019-07-13 16:26:32,335 INFO  impl.RaftServerImpl (ServerState.java:setRaftConf(361)) - 14325e5d-297b-4230-a948-14d0dd5163ac:group-44B7CD33DF47 set configuration 0: [14325e5d-297b-4230-a948-14d0dd5163ac:192.168.5.187:34354], old=null at 0
2019-07-13 16:26:32,362 INFO  segmented.SegmentedRaftLogWorker (SegmentedRaftLogWorker.java:execute(569)) - 70e4dd9f-3b94-4d19-ba43-f83a8be65831-SegmentedRaftLogWorker:Storage Directory /tmp/workdir/hadoop-ozone/integration-test/target/test-dir/MiniOzoneClusterImpl-488cee6e-9812-43b4-a1dd-ea710523146f/datanode-0/data/ratis/08560e24-919d-4c8e-885b-ad5256851f1e: created new log segment /tmp/workdir/hadoop-ozone/integration-test/target/test-dir/MiniOzoneClusterImpl-488cee6e-9812-43b4-a1dd-ea710523146f/datanode-0/data/ratis/08560e24-919d-4c8e-885b-ad5256851f1e/current/log_inprogress_0
2019-07-13 16:26:32,362 INFO  segmented.SegmentedRaftLogWorker (SegmentedRaftLogWorker.java:execute(569)) - 14325e5d-297b-4230-a948-14d0dd5163ac-SegmentedRaftLogWorker:Storage Directory /tmp/workdir/hadoop-ozone/integration-test/target/test-dir/MiniOzoneClusterImpl-488cee6e-9812-43b4-a1dd-ea710523146f/datanode-3/data/ratis/04fc86bf-e7b8-4669-a540-44b7cd33df47: created new log segment /tmp/workdir/hadoop-ozone/integration-test/target/test-dir/MiniOzoneClusterImpl-488cee6e-9812-43b4-a1dd-ea710523146f/datanode-3/data/ratis/04fc86bf-e7b8-4669-a540-44b7cd33df47/current/log_inprogress_0
2019-07-13 16:26:32,387 INFO  impl.FollowerState (FollowerState.java:run(106)) - d11a2b3f-362f-4936-97f0-fb201a013f3a:group-BEC88C26569B changes to CANDIDATE, lastRpcTime:5065, electionTimeout:5065ms
2019-07-13 16:26:32,389 INFO  impl.RoleInfo (RoleInfo.java:shutdownFollowerState(121)) - d11a2b3f-362f-4936-97f0-fb201a013f3a: shutdown FollowerState
2019-07-13 16:26:32,389 INFO  impl.RaftServerImpl (RaftServerImpl.java:setRole(171)) - d11a2b3f-362f-4936-97f0-fb201a013f3a:group-BEC88C26569B changes role from FOLLOWER to CANDIDATE at term 0 for changeToCandidate
2019-07-13 16:26:32,389 INFO  impl.RoleInfo (RoleInfo.java:updateAndGet(143)) - d11a2b3f-362f-4936-97f0-fb201a013f3a: start LeaderElection
2019-07-13 16:26:32,399 INFO  impl.LeaderElection (LeaderElection.java:askForVotes(181)) - d11a2b3f-362f-4936-97f0-fb201a013f3a:group-BEC88C26569B:LeaderElection3: begin an election at term 1 for -1: [d11a2b3f-362f-4936-97f0-fb201a013f3a:192.168.5.187:40095], old=null
2019-07-13 16:26:32,401 INFO  impl.RoleInfo (RoleInfo.java:shutdownLeaderElection(134)) - d11a2b3f-362f-4936-97f0-fb201a013f3a: shutdown LeaderElection
2019-07-13 16:26:32,401 INFO  impl.RaftServerImpl (RaftServerImpl.java:setRole(171)) - d11a2b3f-362f-4936-97f0-fb201a013f3a:group-BEC88C26569B changes role from CANDIDATE to LEADER at term 1 for changeToLeader
2019-07-13 16:26:32,401 INFO  impl.RaftServerImpl (ServerState.java:setLeader(263)) - d11a2b3f-362f-4936-97f0-fb201a013f3a:group-BEC88C26569B change Leader from null to d11a2b3f-362f-4936-97f0-fb201a013f3a at term 1 for becomeLeader, leader elected after 5085ms
2019-07-13 16:26:32,401 INFO  server.RaftServerConfigKeys (ConfUtils.java:logGet(43)) - raft.server.staging.catchup.gap = 1000 (default)
2019-07-13 16:26:32,402 INFO  server.RaftServerConfigKeys (ConfUtils.java:logGet(43)) - raft.server.rpc.sleep.time = 25ms (default)
2019-07-13 16:26:32,402 INFO  server.RaftServerConfigKeys (ConfUtils.java:logGet(43)) - raft.server.write.element-limit = 4096 (default)
2019-07-13 16:26:32,402 INFO  server.RaftServerConfigKeys (ConfUtils.java:logGet(43)) - raft.server.watch.timeout = 10s (default)
2019-07-13 16:26:32,402 INFO  server.RaftServerConfigKeys (ConfUtils.java:logGet(43)) - raft.server.watch.timeout.denomination = 1s (default)
2019-07-13 16:26:32,402 INFO  server.RaftServerConfigKeys (ConfUtils.java:logGet(43)) - raft.server.watch.element-limit = 65536 (default)
2019-07-13 16:26:32,403 INFO  impl.RoleInfo (RoleInfo.java:updateAndGet(143)) - d11a2b3f-362f-4936-97f0-fb201a013f3a: start LeaderState
2019-07-13 16:26:32,403 INFO  segmented.SegmentedRaftLogWorker (SegmentedRaftLogWorker.java:startLogSegment(380)) - d11a2b3f-362f-4936-97f0-fb201a013f3a-SegmentedRaftLogWorker:Storage Directory /tmp/workdir/hadoop-ozone/integration-test/target/test-dir/MiniOzoneClusterImpl-488cee6e-9812-43b4-a1dd-ea710523146f/datanode-1/data/ratis/c72393d0-4ab6-46ed-9565-bec88c26569b: Starting segment from index:0
2019-07-13 16:26:32,404 INFO  impl.RaftServerImpl (ServerState.java:setRaftConf(361)) - d11a2b3f-362f-4936-97f0-fb201a013f3a:group-BEC88C26569B set configuration 0: [d11a2b3f-362f-4936-97f0-fb201a013f3a:192.168.5.187:40095], old=null at 0
2019-07-13 16:26:32,434 INFO  segmented.SegmentedRaftLogWorker (SegmentedRaftLogWorker.java:execute(569)) - d11a2b3f-362f-4936-97f0-fb201a013f3a-SegmentedRaftLogWorker:Storage Directory /tmp/workdir/hadoop-ozone/integration-test/target/test-dir/MiniOzoneClusterImpl-488cee6e-9812-43b4-a1dd-ea710523146f/datanode-1/data/ratis/c72393d0-4ab6-46ed-9565-bec88c26569b: created new log segment /tmp/workdir/hadoop-ozone/integration-test/target/test-dir/MiniOzoneClusterImpl-488cee6e-9812-43b4-a1dd-ea710523146f/datanode-1/data/ratis/c72393d0-4ab6-46ed-9565-bec88c26569b/current/log_inprogress_0
2019-07-13 16:26:32,485 INFO  impl.FollowerState (FollowerState.java:run(106)) - d4583721-577b-4654-9040-19b2cb0aebc2:group-A3AAAF0C124C changes to CANDIDATE, lastRpcTime:5094, electionTimeout:5094ms
2019-07-13 16:26:32,486 INFO  impl.RoleInfo (RoleInfo.java:shutdownFollowerState(121)) - d4583721-577b-4654-9040-19b2cb0aebc2: shutdown FollowerState
2019-07-13 16:26:32,486 INFO  impl.RaftServerImpl (RaftServerImpl.java:setRole(171)) - d4583721-577b-4654-9040-19b2cb0aebc2:group-A3AAAF0C124C changes role from FOLLOWER to CANDIDATE at term 0 for changeToCandidate
2019-07-13 16:26:32,486 INFO  impl.RoleInfo (RoleInfo.java:updateAndGet(143)) - d4583721-577b-4654-9040-19b2cb0aebc2: start LeaderElection
2019-07-13 16:26:32,503 INFO  impl.LeaderElection (LeaderElection.java:askForVotes(181)) - d4583721-577b-4654-9040-19b2cb0aebc2:group-A3AAAF0C124C:LeaderElection4: begin an election at term 1 for -1: [d4583721-577b-4654-9040-19b2cb0aebc2:192.168.5.187:36774], old=null
2019-07-13 16:26:32,505 INFO  impl.RoleInfo (RoleInfo.java:shutdownLeaderElection(134)) - d4583721-577b-4654-9040-19b2cb0aebc2: shutdown LeaderElection
2019-07-13 16:26:32,505 INFO  impl.RaftServerImpl (RaftServerImpl.java:setRole(171)) - d4583721-577b-4654-9040-19b2cb0aebc2:group-A3AAAF0C124C changes role from CANDIDATE to LEADER at term 1 for changeToLeader
2019-07-13 16:26:32,505 INFO  impl.RaftServerImpl (ServerState.java:setLeader(263)) - d4583721-577b-4654-9040-19b2cb0aebc2:group-A3AAAF0C124C change Leader from null to d4583721-577b-4654-9040-19b2cb0aebc2 at term 1 for becomeLeader, leader elected after 5123ms
2019-07-13 16:26:32,506 INFO  server.RaftServerConfigKeys (ConfUtils.java:logGet(43)) - raft.server.staging.catchup.gap = 1000 (default)
2019-07-13 16:26:32,506 INFO  server.RaftServerConfigKeys (ConfUtils.java:logGet(43)) - raft.server.rpc.sleep.time = 25ms (default)
2019-07-13 16:26:32,506 INFO  server.RaftServerConfigKeys (ConfUtils.java:logGet(43)) - raft.server.write.element-limit = 4096 (default)
2019-07-13 16:26:32,506 INFO  server.RaftServerConfigKeys (ConfUtils.java:logGet(43)) - raft.server.watch.timeout = 10s (default)
2019-07-13 16:26:32,506 INFO  server.RaftServerConfigKeys (ConfUtils.java:logGet(43)) - raft.server.watch.timeout.denomination = 1s (default)
2019-07-13 16:26:32,507 INFO  server.RaftServerConfigKeys (ConfUtils.java:logGet(43)) - raft.server.watch.element-limit = 65536 (default)
2019-07-13 16:26:32,507 INFO  impl.RoleInfo (RoleInfo.java:updateAndGet(143)) - d4583721-577b-4654-9040-19b2cb0aebc2: start LeaderState
2019-07-13 16:26:32,507 INFO  segmented.SegmentedRaftLogWorker (SegmentedRaftLogWorker.java:startLogSegment(380)) - d4583721-577b-4654-9040-19b2cb0aebc2-SegmentedRaftLogWorker:Storage Directory /tmp/workdir/hadoop-ozone/integration-test/target/test-dir/MiniOzoneClusterImpl-488cee6e-9812-43b4-a1dd-ea710523146f/datanode-5/data/ratis/b9357769-aca4-473f-89a8-a3aaaf0c124c: Starting segment from index:0
2019-07-13 16:26:32,508 INFO  impl.RaftServerImpl (ServerState.java:setRaftConf(361)) - d4583721-577b-4654-9040-19b2cb0aebc2:group-A3AAAF0C124C set configuration 0: [d4583721-577b-4654-9040-19b2cb0aebc2:192.168.5.187:36774], old=null at 0
2019-07-13 16:26:32,533 INFO  segmented.SegmentedRaftLogWorker (SegmentedRaftLogWorker.java:execute(569)) - d4583721-577b-4654-9040-19b2cb0aebc2-SegmentedRaftLogWorker:Storage Directory /tmp/workdir/hadoop-ozone/integration-test/target/test-dir/MiniOzoneClusterImpl-488cee6e-9812-43b4-a1dd-ea710523146f/datanode-5/data/ratis/b9357769-aca4-473f-89a8-a3aaaf0c124c: created new log segment /tmp/workdir/hadoop-ozone/integration-test/target/test-dir/MiniOzoneClusterImpl-488cee6e-9812-43b4-a1dd-ea710523146f/datanode-5/data/ratis/b9357769-aca4-473f-89a8-a3aaaf0c124c/current/log_inprogress_0
2019-07-13 16:26:32,570 INFO  impl.FollowerState (FollowerState.java:run(106)) - 1febe8c9-3e68-41fc-803e-1e0a2dbb3f8a:group-2A05FB5F0FFB changes to CANDIDATE, lastRpcTime:5119, electionTimeout:5119ms
2019-07-13 16:26:32,570 INFO  impl.RoleInfo (RoleInfo.java:shutdownFollowerState(121)) - 1febe8c9-3e68-41fc-803e-1e0a2dbb3f8a: shutdown FollowerState
2019-07-13 16:26:32,570 INFO  impl.RaftServerImpl (RaftServerImpl.java:setRole(171)) - 1febe8c9-3e68-41fc-803e-1e0a2dbb3f8a:group-2A05FB5F0FFB changes role from FOLLOWER to CANDIDATE at term 0 for changeToCandidate
2019-07-13 16:26:32,571 INFO  impl.RoleInfo (RoleInfo.java:updateAndGet(143)) - 1febe8c9-3e68-41fc-803e-1e0a2dbb3f8a: start LeaderElection
2019-07-13 16:26:32,578 INFO  impl.FollowerState (FollowerState.java:run(106)) - 29b6b04b-4a33-43a2-8f94-ee83b13355a5:group-F7921697D03E changes to CANDIDATE, lastRpcTime:5056, electionTimeout:5056ms
2019-07-13 16:26:32,581 INFO  impl.RoleInfo (RoleInfo.java:shutdownFollowerState(121)) - 29b6b04b-4a33-43a2-8f94-ee83b13355a5: shutdown FollowerState
2019-07-13 16:26:32,581 INFO  impl.RaftServerImpl (RaftServerImpl.java:setRole(171)) - 29b6b04b-4a33-43a2-8f94-ee83b13355a5:group-F7921697D03E changes role from FOLLOWER to CANDIDATE at term 0 for changeToCandidate
2019-07-13 16:26:32,581 INFO  impl.RoleInfo (RoleInfo.java:updateAndGet(143)) - 29b6b04b-4a33-43a2-8f94-ee83b13355a5: start LeaderElection
2019-07-13 16:26:32,587 INFO  impl.LeaderElection (LeaderElection.java:askForVotes(181)) - 1febe8c9-3e68-41fc-803e-1e0a2dbb3f8a:group-2A05FB5F0FFB:LeaderElection5: begin an election at term 1 for -1: [1febe8c9-3e68-41fc-803e-1e0a2dbb3f8a:192.168.5.187:43712], old=null
2019-07-13 16:26:32,588 INFO  impl.RoleInfo (RoleInfo.java:shutdownLeaderElection(134)) - 1febe8c9-3e68-41fc-803e-1e0a2dbb3f8a: shutdown LeaderElection
2019-07-13 16:26:32,588 INFO  impl.RaftServerImpl (RaftServerImpl.java:setRole(171)) - 1febe8c9-3e68-41fc-803e-1e0a2dbb3f8a:group-2A05FB5F0FFB changes role from CANDIDATE to LEADER at term 1 for changeToLeader
2019-07-13 16:26:32,588 INFO  impl.RaftServerImpl (ServerState.java:setLeader(263)) - 1febe8c9-3e68-41fc-803e-1e0a2dbb3f8a:group-2A05FB5F0FFB change Leader from null to 1febe8c9-3e68-41fc-803e-1e0a2dbb3f8a at term 1 for becomeLeader, leader elected after 5142ms
2019-07-13 16:26:32,588 INFO  server.RaftServerConfigKeys (ConfUtils.java:logGet(43)) - raft.server.staging.catchup.gap = 1000 (default)
2019-07-13 16:26:32,588 INFO  server.RaftServerConfigKeys (ConfUtils.java:logGet(43)) - raft.server.rpc.sleep.time = 25ms (default)
2019-07-13 16:26:32,588 INFO  server.RaftServerConfigKeys (ConfUtils.java:logGet(43)) - raft.server.write.element-limit = 4096 (default)
2019-07-13 16:26:32,589 INFO  server.RaftServerConfigKeys (ConfUtils.java:logGet(43)) - raft.server.watch.timeout = 10s (default)
2019-07-13 16:26:32,589 INFO  server.RaftServerConfigKeys (ConfUtils.java:logGet(43)) - raft.server.watch.timeout.denomination = 1s (default)
2019-07-13 16:26:32,589 INFO  server.RaftServerConfigKeys (ConfUtils.java:logGet(43)) - raft.server.watch.element-limit = 65536 (default)
2019-07-13 16:26:32,589 INFO  impl.RoleInfo (RoleInfo.java:updateAndGet(143)) - 1febe8c9-3e68-41fc-803e-1e0a2dbb3f8a: start LeaderState
2019-07-13 16:26:32,590 INFO  segmented.SegmentedRaftLogWorker (SegmentedRaftLogWorker.java:startLogSegment(380)) - 1febe8c9-3e68-41fc-803e-1e0a2dbb3f8a-SegmentedRaftLogWorker:Storage Directory /tmp/workdir/hadoop-ozone/integration-test/target/test-dir/MiniOzoneClusterImpl-488cee6e-9812-43b4-a1dd-ea710523146f/datanode-6/data/ratis/1b3b4717-9f25-4b74-9e57-2a05fb5f0ffb: Starting segment from index:0
2019-07-13 16:26:32,590 INFO  impl.RaftServerImpl (ServerState.java:setRaftConf(361)) - 1febe8c9-3e68-41fc-803e-1e0a2dbb3f8a:group-2A05FB5F0FFB set configuration 0: [1febe8c9-3e68-41fc-803e-1e0a2dbb3f8a:192.168.5.187:43712], old=null at 0
2019-07-13 16:26:32,612 INFO  impl.FollowerState (FollowerState.java:run(106)) - 044708e7-a52e-40ec-a4d3-fe217a065be8:group-5874A7E30EC5 changes to CANDIDATE, lastRpcTime:5038, electionTimeout:5031ms
2019-07-13 16:26:32,612 INFO  impl.LeaderElection (LeaderElection.java:askForVotes(181)) - 29b6b04b-4a33-43a2-8f94-ee83b13355a5:group-F7921697D03E:LeaderElection6: begin an election at term 1 for -1: [29b6b04b-4a33-43a2-8f94-ee83b13355a5:192.168.5.187:39836], old=null
2019-07-13 16:26:32,612 INFO  impl.RoleInfo (RoleInfo.java:shutdownFollowerState(121)) - 044708e7-a52e-40ec-a4d3-fe217a065be8: shutdown FollowerState
2019-07-13 16:26:32,612 INFO  impl.RoleInfo (RoleInfo.java:shutdownLeaderElection(134)) - 29b6b04b-4a33-43a2-8f94-ee83b13355a5: shutdown LeaderElection
2019-07-13 16:26:32,612 INFO  impl.RaftServerImpl (RaftServerImpl.java:setRole(171)) - 044708e7-a52e-40ec-a4d3-fe217a065be8:group-5874A7E30EC5 changes role from FOLLOWER to CANDIDATE at term 0 for changeToCandidate
2019-07-13 16:26:32,612 INFO  impl.RaftServerImpl (RaftServerImpl.java:setRole(171)) - 29b6b04b-4a33-43a2-8f94-ee83b13355a5:group-F7921697D03E changes role from CANDIDATE to LEADER at term 1 for changeToLeader
2019-07-13 16:26:32,613 INFO  impl.RaftServerImpl (ServerState.java:setLeader(263)) - 29b6b04b-4a33-43a2-8f94-ee83b13355a5:group-F7921697D03E change Leader from null to 29b6b04b-4a33-43a2-8f94-ee83b13355a5 at term 1 for becomeLeader, leader elected after 5095ms
2019-07-13 16:26:32,613 INFO  impl.RoleInfo (RoleInfo.java:updateAndGet(143)) - 044708e7-a52e-40ec-a4d3-fe217a065be8: start LeaderElection
2019-07-13 16:26:32,613 INFO  server.RaftServerConfigKeys (ConfUtils.java:logGet(43)) - raft.server.staging.catchup.gap = 1000 (default)
2019-07-13 16:26:32,613 INFO  server.RaftServerConfigKeys (ConfUtils.java:logGet(43)) - raft.server.rpc.sleep.time = 25ms (default)
2019-07-13 16:26:32,619 INFO  segmented.SegmentedRaftLogWorker (SegmentedRaftLogWorker.java:execute(569)) - 1febe8c9-3e68-41fc-803e-1e0a2dbb3f8a-SegmentedRaftLogWorker:Storage Directory /tmp/workdir/hadoop-ozone/integration-test/target/test-dir/MiniOzoneClusterImpl-488cee6e-9812-43b4-a1dd-ea710523146f/datanode-6/data/ratis/1b3b4717-9f25-4b74-9e57-2a05fb5f0ffb: created new log segment /tmp/workdir/hadoop-ozone/integration-test/target/test-dir/MiniOzoneClusterImpl-488cee6e-9812-43b4-a1dd-ea710523146f/datanode-6/data/ratis/1b3b4717-9f25-4b74-9e57-2a05fb5f0ffb/current/log_inprogress_0
2019-07-13 16:26:32,619 INFO  server.RaftServerConfigKeys (ConfUtils.java:logGet(43)) - raft.server.write.element-limit = 4096 (default)
2019-07-13 16:26:32,619 INFO  server.RaftServerConfigKeys (ConfUtils.java:logGet(43)) - raft.server.watch.timeout = 10s (default)
2019-07-13 16:26:32,620 INFO  server.RaftServerConfigKeys (ConfUtils.java:logGet(43)) - raft.server.watch.timeout.denomination = 1s (default)
2019-07-13 16:26:32,620 INFO  server.RaftServerConfigKeys (ConfUtils.java:logGet(43)) - raft.server.watch.element-limit = 65536 (default)
2019-07-13 16:26:32,620 INFO  impl.RoleInfo (RoleInfo.java:updateAndGet(143)) - 29b6b04b-4a33-43a2-8f94-ee83b13355a5: start LeaderState
2019-07-13 16:26:32,620 INFO  segmented.SegmentedRaftLogWorker (SegmentedRaftLogWorker.java:startLogSegment(380)) - 29b6b04b-4a33-43a2-8f94-ee83b13355a5-SegmentedRaftLogWorker:Storage Directory /tmp/workdir/hadoop-ozone/integration-test/target/test-dir/MiniOzoneClusterImpl-488cee6e-9812-43b4-a1dd-ea710523146f/datanode-4/data/ratis/1cba6e65-123b-43c1-8394-f7921697d03e: Starting segment from index:0
2019-07-13 16:26:32,621 INFO  impl.RaftServerImpl (ServerState.java:setRaftConf(361)) - 29b6b04b-4a33-43a2-8f94-ee83b13355a5:group-F7921697D03E set configuration 0: [29b6b04b-4a33-43a2-8f94-ee83b13355a5:192.168.5.187:39836], old=null at 0
2019-07-13 16:26:32,641 INFO  impl.LeaderElection (LeaderElection.java:askForVotes(181)) - 044708e7-a52e-40ec-a4d3-fe217a065be8:group-5874A7E30EC5:LeaderElection7: begin an election at term 1 for -1: [044708e7-a52e-40ec-a4d3-fe217a065be8:192.168.5.187:44162], old=null
2019-07-13 16:26:32,652 INFO  impl.RoleInfo (RoleInfo.java:shutdownLeaderElection(134)) - 044708e7-a52e-40ec-a4d3-fe217a065be8: shutdown LeaderElection
2019-07-13 16:26:32,652 INFO  impl.RaftServerImpl (RaftServerImpl.java:setRole(171)) - 044708e7-a52e-40ec-a4d3-fe217a065be8:group-5874A7E30EC5 changes role from CANDIDATE to LEADER at term 1 for changeToLeader
2019-07-13 16:26:32,652 INFO  impl.RaftServerImpl (ServerState.java:setLeader(263)) - 044708e7-a52e-40ec-a4d3-fe217a065be8:group-5874A7E30EC5 change Leader from null to 044708e7-a52e-40ec-a4d3-fe217a065be8 at term 1 for becomeLeader, leader elected after 5083ms
2019-07-13 16:26:32,652 INFO  server.RaftServerConfigKeys (ConfUtils.java:logGet(43)) - raft.server.staging.catchup.gap = 1000 (default)
2019-07-13 16:26:32,652 INFO  server.RaftServerConfigKeys (ConfUtils.java:logGet(43)) - raft.server.rpc.sleep.time = 25ms (default)
2019-07-13 16:26:32,652 INFO  segmented.SegmentedRaftLogWorker (SegmentedRaftLogWorker.java:execute(569)) - 29b6b04b-4a33-43a2-8f94-ee83b13355a5-SegmentedRaftLogWorker:Storage Directory /tmp/workdir/hadoop-ozone/integration-test/target/test-dir/MiniOzoneClusterImpl-488cee6e-9812-43b4-a1dd-ea710523146f/datanode-4/data/ratis/1cba6e65-123b-43c1-8394-f7921697d03e: created new log segment /tmp/workdir/hadoop-ozone/integration-test/target/test-dir/MiniOzoneClusterImpl-488cee6e-9812-43b4-a1dd-ea710523146f/datanode-4/data/ratis/1cba6e65-123b-43c1-8394-f7921697d03e/current/log_inprogress_0
2019-07-13 16:26:32,654 INFO  server.RaftServerConfigKeys (ConfUtils.java:logGet(43)) - raft.server.write.element-limit = 4096 (default)
2019-07-13 16:26:32,654 INFO  server.RaftServerConfigKeys (ConfUtils.java:logGet(43)) - raft.server.watch.timeout = 10s (default)
2019-07-13 16:26:32,655 INFO  server.RaftServerConfigKeys (ConfUtils.java:logGet(43)) - raft.server.watch.timeout.denomination = 1s (default)
2019-07-13 16:26:32,655 INFO  server.RaftServerConfigKeys (ConfUtils.java:logGet(43)) - raft.server.watch.element-limit = 65536 (default)
2019-07-13 16:26:32,655 INFO  impl.RoleInfo (RoleInfo.java:updateAndGet(143)) - 044708e7-a52e-40ec-a4d3-fe217a065be8: start LeaderState
2019-07-13 16:26:32,655 INFO  segmented.SegmentedRaftLogWorker (SegmentedRaftLogWorker.java:startLogSegment(380)) - 044708e7-a52e-40ec-a4d3-fe217a065be8-SegmentedRaftLogWorker:Storage Directory /tmp/workdir/hadoop-ozone/integration-test/target/test-dir/MiniOzoneClusterImpl-488cee6e-9812-43b4-a1dd-ea710523146f/datanode-2/data/ratis/3233232f-e93b-491f-8940-5874a7e30ec5: Starting segment from index:0
2019-07-13 16:26:32,656 INFO  impl.RaftServerImpl (ServerState.java:setRaftConf(361)) - 044708e7-a52e-40ec-a4d3-fe217a065be8:group-5874A7E30EC5 set configuration 0: [044708e7-a52e-40ec-a4d3-fe217a065be8:192.168.5.187:44162], old=null at 0
2019-07-13 16:26:32,686 INFO  segmented.SegmentedRaftLogWorker (SegmentedRaftLogWorker.java:execute(569)) - 044708e7-a52e-40ec-a4d3-fe217a065be8-SegmentedRaftLogWorker:Storage Directory /tmp/workdir/hadoop-ozone/integration-test/target/test-dir/MiniOzoneClusterImpl-488cee6e-9812-43b4-a1dd-ea710523146f/datanode-2/data/ratis/3233232f-e93b-491f-8940-5874a7e30ec5: created new log segment /tmp/workdir/hadoop-ozone/integration-test/target/test-dir/MiniOzoneClusterImpl-488cee6e-9812-43b4-a1dd-ea710523146f/datanode-2/data/ratis/3233232f-e93b-491f-8940-5874a7e30ec5/current/log_inprogress_0
2019-07-13 16:26:32,695 INFO  impl.FollowerState (FollowerState.java:run(106)) - d11a2b3f-362f-4936-97f0-fb201a013f3a:group-C0FECA17D435 changes to CANDIDATE, lastRpcTime:5020, electionTimeout:5018ms
2019-07-13 16:26:32,695 INFO  impl.RoleInfo (RoleInfo.java:shutdownFollowerState(121)) - d11a2b3f-362f-4936-97f0-fb201a013f3a: shutdown FollowerState
2019-07-13 16:26:32,695 INFO  impl.RaftServerImpl (RaftServerImpl.java:setRole(171)) - d11a2b3f-362f-4936-97f0-fb201a013f3a:group-C0FECA17D435 changes role from FOLLOWER to CANDIDATE at term 0 for changeToCandidate
2019-07-13 16:26:32,695 INFO  impl.RoleInfo (RoleInfo.java:updateAndGet(143)) - d11a2b3f-362f-4936-97f0-fb201a013f3a: start LeaderElection
2019-07-13 16:26:32,705 INFO  impl.LeaderElection (LeaderElection.java:askForVotes(181)) - d11a2b3f-362f-4936-97f0-fb201a013f3a:group-C0FECA17D435:LeaderElection8: begin an election at term 1 for -1: [14325e5d-297b-4230-a948-14d0dd5163ac:192.168.5.187:34354, d11a2b3f-362f-4936-97f0-fb201a013f3a:192.168.5.187:40095, 1febe8c9-3e68-41fc-803e-1e0a2dbb3f8a:192.168.5.187:43712], old=null
2019-07-13 16:26:32,733 INFO  impl.RaftServerImpl (RaftServerImpl.java:setRole(171)) - 14325e5d-297b-4230-a948-14d0dd5163ac:group-C0FECA17D435 changes role from FOLLOWER to FOLLOWER at term 1 for recognizeCandidate:d11a2b3f-362f-4936-97f0-fb201a013f3a
2019-07-13 16:26:32,733 INFO  impl.RaftServerImpl (RaftServerImpl.java:setRole(171)) - 1febe8c9-3e68-41fc-803e-1e0a2dbb3f8a:group-C0FECA17D435 changes role from FOLLOWER to FOLLOWER at term 1 for recognizeCandidate:d11a2b3f-362f-4936-97f0-fb201a013f3a
2019-07-13 16:26:32,734 INFO  impl.RoleInfo (RoleInfo.java:shutdownFollowerState(121)) - 14325e5d-297b-4230-a948-14d0dd5163ac: shutdown FollowerState
2019-07-13 16:26:32,734 INFO  impl.RoleInfo (RoleInfo.java:shutdownFollowerState(121)) - 1febe8c9-3e68-41fc-803e-1e0a2dbb3f8a: shutdown FollowerState
2019-07-13 16:26:32,734 INFO  impl.RoleInfo (RoleInfo.java:updateAndGet(143)) - 14325e5d-297b-4230-a948-14d0dd5163ac: start FollowerState
2019-07-13 16:26:32,734 INFO  impl.FollowerState (FollowerState.java:run(114)) - 1febe8c9-3e68-41fc-803e-1e0a2dbb3f8a: FollowerState was interrupted: java.lang.InterruptedException: sleep interrupted
2019-07-13 16:26:32,734 INFO  impl.RoleInfo (RoleInfo.java:updateAndGet(143)) - 1febe8c9-3e68-41fc-803e-1e0a2dbb3f8a: start FollowerState
2019-07-13 16:26:32,734 INFO  impl.FollowerState (FollowerState.java:run(114)) - 14325e5d-297b-4230-a948-14d0dd5163ac: FollowerState was interrupted: java.lang.InterruptedException: sleep interrupted
2019-07-13 16:26:32,758 INFO  impl.LeaderElection (LeaderElection.java:logAndReturn(56)) - d11a2b3f-362f-4936-97f0-fb201a013f3a:group-C0FECA17D435:LeaderElection8: Election PASSED; received 1 response(s) [d11a2b3f-362f-4936-97f0-fb201a013f3a<-14325e5d-297b-4230-a948-14d0dd5163ac#0:OK-t1] and 0 exception(s); d11a2b3f-362f-4936-97f0-fb201a013f3a:t1, leader=null, voted=d11a2b3f-362f-4936-97f0-fb201a013f3a, raftlog=d11a2b3f-362f-4936-97f0-fb201a013f3a-SegmentedRaftLog:OPENED:c-1,f-1,i0, conf=-1: [14325e5d-297b-4230-a948-14d0dd5163ac:192.168.5.187:34354, d11a2b3f-362f-4936-97f0-fb201a013f3a:192.168.5.187:40095, 1febe8c9-3e68-41fc-803e-1e0a2dbb3f8a:192.168.5.187:43712], old=null
2019-07-13 16:26:32,759 INFO  impl.RoleInfo (RoleInfo.java:shutdownLeaderElection(134)) - d11a2b3f-362f-4936-97f0-fb201a013f3a: shutdown LeaderElection
2019-07-13 16:26:32,759 INFO  impl.RaftServerImpl (RaftServerImpl.java:setRole(171)) - d11a2b3f-362f-4936-97f0-fb201a013f3a:group-C0FECA17D435 changes role from CANDIDATE to LEADER at term 1 for changeToLeader
2019-07-13 16:26:32,762 INFO  impl.RaftServerImpl (ServerState.java:setLeader(263)) - d11a2b3f-362f-4936-97f0-fb201a013f3a:group-C0FECA17D435 change Leader from null to d11a2b3f-362f-4936-97f0-fb201a013f3a at term 1 for becomeLeader, leader elected after 5108ms
2019-07-13 16:26:32,762 INFO  server.RaftServerConfigKeys (ConfUtils.java:logGet(43)) - raft.server.staging.catchup.gap = 1000 (default)
2019-07-13 16:26:32,762 INFO  server.RaftServerConfigKeys (ConfUtils.java:logGet(43)) - raft.server.rpc.sleep.time = 25ms (default)
2019-07-13 16:26:32,762 INFO  server.RaftServerConfigKeys (ConfUtils.java:logGet(43)) - raft.server.write.element-limit = 4096 (default)
2019-07-13 16:26:32,763 INFO  server.RaftServerConfigKeys (ConfUtils.java:logGet(43)) - raft.server.watch.timeout = 10s (default)
2019-07-13 16:26:32,763 INFO  server.RaftServerConfigKeys (ConfUtils.java:logGet(43)) - raft.server.watch.timeout.denomination = 1s (default)
2019-07-13 16:26:32,763 INFO  server.RaftServerConfigKeys (ConfUtils.java:logGet(43)) - raft.server.watch.element-limit = 65536 (default)
2019-07-13 16:26:32,766 INFO  server.RaftServerConfigKeys (ConfUtils.java:logGet(43)) - raft.server.log.appender.snapshot.chunk.size.max = 16MB (=16777216) (default)
2019-07-13 16:26:32,767 INFO  server.RaftServerConfigKeys (ConfUtils.java:logGet(43)) - raft.server.log.appender.buffer.byte-limit = 33554432 (custom)
2019-07-13 16:26:32,768 INFO  server.RaftServerConfigKeys (ConfUtils.java:logGet(43)) - raft.server.log.appender.buffer.element-limit = 1 (custom)
2019-07-13 16:26:32,772 INFO  grpc.GrpcConfigKeys$Server (ConfUtils.java:logGet(43)) - raft.grpc.server.leader.outstanding.appends.max = 128 (default)
2019-07-13 16:26:32,772 INFO  server.RaftServerConfigKeys (ConfUtils.java:logGet(43)) - raft.server.rpc.request.timeout = 3000ms (default)
2019-07-13 16:26:32,772 INFO  server.RaftServerConfigKeys (ConfUtils.java:logGet(43)) - raft.server.log.appender.install.snapshot.enabled = false (custom)
2019-07-13 16:26:32,772 INFO  server.RaftServerConfigKeys (ConfUtils.java:logGet(43)) - raft.server.log.appender.snapshot.chunk.size.max = 16MB (=16777216) (default)
2019-07-13 16:26:32,773 INFO  server.RaftServerConfigKeys (ConfUtils.java:logGet(43)) - raft.server.log.appender.buffer.byte-limit = 33554432 (custom)
2019-07-13 16:26:32,773 INFO  server.RaftServerConfigKeys (ConfUtils.java:logGet(43)) - raft.server.log.appender.buffer.element-limit = 1 (custom)
2019-07-13 16:26:32,773 INFO  grpc.GrpcConfigKeys$Server (ConfUtils.java:logGet(43)) - raft.grpc.server.leader.outstanding.appends.max = 128 (default)
2019-07-13 16:26:32,773 INFO  server.RaftServerConfigKeys (ConfUtils.java:logGet(43)) - raft.server.rpc.request.timeout = 3000ms (default)
2019-07-13 16:26:32,774 INFO  server.RaftServerConfigKeys (ConfUtils.java:logGet(43)) - raft.server.log.appender.install.snapshot.enabled = false (custom)
2019-07-13 16:26:32,775 INFO  impl.RoleInfo (RoleInfo.java:updateAndGet(143)) - d11a2b3f-362f-4936-97f0-fb201a013f3a: start LeaderState
2019-07-13 16:26:32,776 INFO  segmented.SegmentedRaftLogWorker (SegmentedRaftLogWorker.java:startLogSegment(380)) - d11a2b3f-362f-4936-97f0-fb201a013f3a-SegmentedRaftLogWorker:Storage Directory /tmp/workdir/hadoop-ozone/integration-test/target/test-dir/MiniOzoneClusterImpl-488cee6e-9812-43b4-a1dd-ea710523146f/datanode-1/data/ratis/1deb054a-1776-42cb-8228-c0feca17d435: Starting segment from index:0
2019-07-13 16:26:32,777 INFO  impl.RaftServerImpl (ServerState.java:setRaftConf(361)) - d11a2b3f-362f-4936-97f0-fb201a013f3a:group-C0FECA17D435 set configuration 0: [14325e5d-297b-4230-a948-14d0dd5163ac:192.168.5.187:34354, d11a2b3f-362f-4936-97f0-fb201a013f3a:192.168.5.187:40095, 1febe8c9-3e68-41fc-803e-1e0a2dbb3f8a:192.168.5.187:43712], old=null at 0
2019-07-13 16:26:32,796 INFO  impl.FollowerState (FollowerState.java:run(106)) - 29b6b04b-4a33-43a2-8f94-ee83b13355a5:group-349E2213627B changes to CANDIDATE, lastRpcTime:5010, electionTimeout:5008ms
2019-07-13 16:26:32,798 INFO  impl.RoleInfo (RoleInfo.java:shutdownFollowerState(121)) - 29b6b04b-4a33-43a2-8f94-ee83b13355a5: shutdown FollowerState
2019-07-13 16:26:32,798 INFO  impl.RaftServerImpl (RaftServerImpl.java:setRole(171)) - 29b6b04b-4a33-43a2-8f94-ee83b13355a5:group-349E2213627B changes role from FOLLOWER to CANDIDATE at term 0 for changeToCandidate
2019-07-13 16:26:32,798 INFO  impl.RoleInfo (RoleInfo.java:updateAndGet(143)) - 29b6b04b-4a33-43a2-8f94-ee83b13355a5: start LeaderElection
2019-07-13 16:26:32,810 INFO  segmented.SegmentedRaftLogWorker (SegmentedRaftLogWorker.java:execute(569)) - d11a2b3f-362f-4936-97f0-fb201a013f3a-SegmentedRaftLogWorker:Storage Directory /tmp/workdir/hadoop-ozone/integration-test/target/test-dir/MiniOzoneClusterImpl-488cee6e-9812-43b4-a1dd-ea710523146f/datanode-1/data/ratis/1deb054a-1776-42cb-8228-c0feca17d435: created new log segment /tmp/workdir/hadoop-ozone/integration-test/target/test-dir/MiniOzoneClusterImpl-488cee6e-9812-43b4-a1dd-ea710523146f/datanode-1/data/ratis/1deb054a-1776-42cb-8228-c0feca17d435/current/log_inprogress_0
2019-07-13 16:26:32,810 INFO  impl.LeaderElection (LeaderElection.java:askForVotes(181)) - 29b6b04b-4a33-43a2-8f94-ee83b13355a5:group-349E2213627B:LeaderElection9: begin an election at term 1 for -1: [d4583721-577b-4654-9040-19b2cb0aebc2:192.168.5.187:36774, 70e4dd9f-3b94-4d19-ba43-f83a8be65831:192.168.5.187:44770, 29b6b04b-4a33-43a2-8f94-ee83b13355a5:192.168.5.187:39836], old=null
2019-07-13 16:26:32,845 INFO  impl.RaftServerImpl (RaftServerImpl.java:setRole(171)) - 70e4dd9f-3b94-4d19-ba43-f83a8be65831:group-349E2213627B changes role from FOLLOWER to FOLLOWER at term 1 for recognizeCandidate:29b6b04b-4a33-43a2-8f94-ee83b13355a5
2019-07-13 16:26:32,847 INFO  impl.RoleInfo (RoleInfo.java:shutdownFollowerState(121)) - 70e4dd9f-3b94-4d19-ba43-f83a8be65831: shutdown FollowerState
2019-07-13 16:26:32,849 INFO  impl.RaftServerImpl (RaftServerImpl.java:setRole(171)) - d4583721-577b-4654-9040-19b2cb0aebc2:group-349E2213627B changes role from FOLLOWER to FOLLOWER at term 1 for recognizeCandidate:29b6b04b-4a33-43a2-8f94-ee83b13355a5
2019-07-13 16:26:32,851 INFO  impl.FollowerState (FollowerState.java:run(114)) - 70e4dd9f-3b94-4d19-ba43-f83a8be65831: FollowerState was interrupted: java.lang.InterruptedException: sleep interrupted
2019-07-13 16:26:32,851 INFO  impl.RoleInfo (RoleInfo.java:shutdownFollowerState(121)) - d4583721-577b-4654-9040-19b2cb0aebc2: shutdown FollowerState
2019-07-13 16:26:32,851 INFO  impl.RoleInfo (RoleInfo.java:updateAndGet(143)) - 70e4dd9f-3b94-4d19-ba43-f83a8be65831: start FollowerState
2019-07-13 16:26:32,853 INFO  impl.RoleInfo (RoleInfo.java:updateAndGet(143)) - d4583721-577b-4654-9040-19b2cb0aebc2: start FollowerState
2019-07-13 16:26:32,853 INFO  impl.FollowerState (FollowerState.java:run(114)) - d4583721-577b-4654-9040-19b2cb0aebc2: FollowerState was interrupted: java.lang.InterruptedException: sleep interrupted
2019-07-13 16:26:32,863 INFO  impl.RaftServerImpl (ServerState.java:setLeader(263)) - 14325e5d-297b-4230-a948-14d0dd5163ac:group-C0FECA17D435 change Leader from null to d11a2b3f-362f-4936-97f0-fb201a013f3a at term 1 for appendEntries, leader elected after 5211ms
2019-07-13 16:26:32,863 INFO  impl.RaftServerImpl (ServerState.java:setLeader(263)) - 1febe8c9-3e68-41fc-803e-1e0a2dbb3f8a:group-C0FECA17D435 change Leader from null to d11a2b3f-362f-4936-97f0-fb201a013f3a at term 1 for appendEntries, leader elected after 5211ms
2019-07-13 16:26:32,886 INFO  impl.LeaderElection (LeaderElection.java:logAndReturn(56)) - 29b6b04b-4a33-43a2-8f94-ee83b13355a5:group-349E2213627B:LeaderElection9: Election PASSED; received 1 response(s) [29b6b04b-4a33-43a2-8f94-ee83b13355a5<-70e4dd9f-3b94-4d19-ba43-f83a8be65831#0:OK-t1] and 0 exception(s); 29b6b04b-4a33-43a2-8f94-ee83b13355a5:t1, leader=null, voted=29b6b04b-4a33-43a2-8f94-ee83b13355a5, raftlog=29b6b04b-4a33-43a2-8f94-ee83b13355a5-SegmentedRaftLog:OPENED:c-1,f-1,i0, conf=-1: [d4583721-577b-4654-9040-19b2cb0aebc2:192.168.5.187:36774, 70e4dd9f-3b94-4d19-ba43-f83a8be65831:192.168.5.187:44770, 29b6b04b-4a33-43a2-8f94-ee83b13355a5:192.168.5.187:39836], old=null
2019-07-13 16:26:32,886 INFO  impl.RoleInfo (RoleInfo.java:shutdownLeaderElection(134)) - 29b6b04b-4a33-43a2-8f94-ee83b13355a5: shutdown LeaderElection
2019-07-13 16:26:32,889 INFO  impl.RaftServerImpl (RaftServerImpl.java:setRole(171)) - 29b6b04b-4a33-43a2-8f94-ee83b13355a5:group-349E2213627B changes role from CANDIDATE to LEADER at term 1 for changeToLeader
2019-07-13 16:26:32,889 INFO  impl.RaftServerImpl (ServerState.java:setLeader(263)) - 29b6b04b-4a33-43a2-8f94-ee83b13355a5:group-349E2213627B change Leader from null to 29b6b04b-4a33-43a2-8f94-ee83b13355a5 at term 1 for becomeLeader, leader elected after 5127ms
2019-07-13 16:26:32,890 INFO  server.RaftServerConfigKeys (ConfUtils.java:logGet(43)) - raft.server.staging.catchup.gap = 1000 (default)
2019-07-13 16:26:32,890 INFO  server.RaftServerConfigKeys (ConfUtils.java:logGet(43)) - raft.server.rpc.sleep.time = 25ms (default)
2019-07-13 16:26:32,890 INFO  server.RaftServerConfigKeys (ConfUtils.java:logGet(43)) - raft.server.write.element-limit = 4096 (default)
2019-07-13 16:26:32,890 INFO  server.RaftServerConfigKeys (ConfUtils.java:logGet(43)) - raft.server.watch.timeout = 10s (default)
2019-07-13 16:26:32,890 INFO  server.RaftServerConfigKeys (ConfUtils.java:logGet(43)) - raft.server.watch.timeout.denomination = 1s (default)
2019-07-13 16:26:32,891 INFO  server.RaftServerConfigKeys (ConfUtils.java:logGet(43)) - raft.server.watch.element-limit = 65536 (default)
2019-07-13 16:26:32,891 INFO  server.RaftServerConfigKeys (ConfUtils.java:logGet(43)) - raft.server.log.appender.snapshot.chunk.size.max = 16MB (=16777216) (default)
2019-07-13 16:26:32,891 INFO  server.RaftServerConfigKeys (ConfUtils.java:logGet(43)) - raft.server.log.appender.buffer.byte-limit = 33554432 (custom)
2019-07-13 16:26:32,891 INFO  server.RaftServerConfigKeys (ConfUtils.java:logGet(43)) - raft.server.log.appender.buffer.element-limit = 1 (custom)
2019-07-13 16:26:32,892 INFO  grpc.GrpcConfigKeys$Server (ConfUtils.java:logGet(43)) - raft.grpc.server.leader.outstanding.appends.max = 128 (default)
2019-07-13 16:26:32,892 INFO  server.RaftServerConfigKeys (ConfUtils.java:logGet(43)) - raft.server.rpc.request.timeout = 3000ms (default)
2019-07-13 16:26:32,892 INFO  server.RaftServerConfigKeys (ConfUtils.java:logGet(43)) - raft.server.log.appender.install.snapshot.enabled = false (custom)
2019-07-13 16:26:32,892 INFO  server.RaftServerConfigKeys (ConfUtils.java:logGet(43)) - raft.server.log.appender.snapshot.chunk.size.max = 16MB (=16777216) (default)
2019-07-13 16:26:32,893 INFO  server.RaftServerConfigKeys (ConfUtils.java:logGet(43)) - raft.server.log.appender.buffer.byte-limit = 33554432 (custom)
2019-07-13 16:26:32,893 INFO  server.RaftServerConfigKeys (ConfUtils.java:logGet(43)) - raft.server.log.appender.buffer.element-limit = 1 (custom)
2019-07-13 16:26:32,893 INFO  grpc.GrpcConfigKeys$Server (ConfUtils.java:logGet(43)) - raft.grpc.server.leader.outstanding.appends.max = 128 (default)
2019-07-13 16:26:32,893 INFO  server.RaftServerConfigKeys (ConfUtils.java:logGet(43)) - raft.server.rpc.request.timeout = 3000ms (default)
2019-07-13 16:26:32,894 INFO  server.RaftServerConfigKeys (ConfUtils.java:logGet(43)) - raft.server.log.appender.install.snapshot.enabled = false (custom)
2019-07-13 16:26:32,894 INFO  impl.RoleInfo (RoleInfo.java:updateAndGet(143)) - 29b6b04b-4a33-43a2-8f94-ee83b13355a5: start LeaderState
2019-07-13 16:26:32,894 INFO  segmented.SegmentedRaftLogWorker (SegmentedRaftLogWorker.java:startLogSegment(380)) - 29b6b04b-4a33-43a2-8f94-ee83b13355a5-SegmentedRaftLogWorker:Storage Directory /tmp/workdir/hadoop-ozone/integration-test/target/test-dir/MiniOzoneClusterImpl-488cee6e-9812-43b4-a1dd-ea710523146f/datanode-4/data/ratis/05860783-9812-47f9-85f4-349e2213627b: Starting segment from index:0
2019-07-13 16:26:32,895 INFO  impl.RaftServerImpl (ServerState.java:setRaftConf(361)) - 29b6b04b-4a33-43a2-8f94-ee83b13355a5:group-349E2213627B set configuration 0: [d4583721-577b-4654-9040-19b2cb0aebc2:192.168.5.187:36774, 70e4dd9f-3b94-4d19-ba43-f83a8be65831:192.168.5.187:44770, 29b6b04b-4a33-43a2-8f94-ee83b13355a5:192.168.5.187:39836], old=null at 0
2019-07-13 16:26:32,922 INFO  segmented.SegmentedRaftLogWorker (SegmentedRaftLogWorker.java:execute(569)) - 29b6b04b-4a33-43a2-8f94-ee83b13355a5-SegmentedRaftLogWorker:Storage Directory /tmp/workdir/hadoop-ozone/integration-test/target/test-dir/MiniOzoneClusterImpl-488cee6e-9812-43b4-a1dd-ea710523146f/datanode-4/data/ratis/05860783-9812-47f9-85f4-349e2213627b: created new log segment /tmp/workdir/hadoop-ozone/integration-test/target/test-dir/MiniOzoneClusterImpl-488cee6e-9812-43b4-a1dd-ea710523146f/datanode-4/data/ratis/05860783-9812-47f9-85f4-349e2213627b/current/log_inprogress_0
2019-07-13 16:26:32,927 INFO  impl.RaftServerImpl (ServerState.java:setLeader(263)) - 70e4dd9f-3b94-4d19-ba43-f83a8be65831:group-349E2213627B change Leader from null to 29b6b04b-4a33-43a2-8f94-ee83b13355a5 at term 1 for appendEntries, leader elected after 5165ms
2019-07-13 16:26:32,929 INFO  impl.RaftServerImpl (ServerState.java:setLeader(263)) - d4583721-577b-4654-9040-19b2cb0aebc2:group-349E2213627B change Leader from null to 29b6b04b-4a33-43a2-8f94-ee83b13355a5 at term 1 for appendEntries, leader elected after 5168ms
2019-07-13 16:26:32,940 INFO  impl.RaftServerImpl (ServerState.java:setRaftConf(361)) - 70e4dd9f-3b94-4d19-ba43-f83a8be65831:group-349E2213627B set configuration 0: [d4583721-577b-4654-9040-19b2cb0aebc2:192.168.5.187:36774, 70e4dd9f-3b94-4d19-ba43-f83a8be65831:192.168.5.187:44770, 29b6b04b-4a33-43a2-8f94-ee83b13355a5:192.168.5.187:39836], old=null at 0
2019-07-13 16:26:32,941 INFO  impl.RaftServerImpl (ServerState.java:setRaftConf(361)) - 1febe8c9-3e68-41fc-803e-1e0a2dbb3f8a:group-C0FECA17D435 set configuration 0: [14325e5d-297b-4230-a948-14d0dd5163ac:192.168.5.187:34354, d11a2b3f-362f-4936-97f0-fb201a013f3a:192.168.5.187:40095, 1febe8c9-3e68-41fc-803e-1e0a2dbb3f8a:192.168.5.187:43712], old=null at 0
2019-07-13 16:26:32,941 INFO  segmented.SegmentedRaftLogWorker (SegmentedRaftLogWorker.java:startLogSegment(380)) - 70e4dd9f-3b94-4d19-ba43-f83a8be65831-SegmentedRaftLogWorker:Storage Directory /tmp/workdir/hadoop-ozone/integration-test/target/test-dir/MiniOzoneClusterImpl-488cee6e-9812-43b4-a1dd-ea710523146f/datanode-0/data/ratis/05860783-9812-47f9-85f4-349e2213627b: Starting segment from index:0
2019-07-13 16:26:32,940 INFO  impl.RaftServerImpl (ServerState.java:setRaftConf(361)) - 14325e5d-297b-4230-a948-14d0dd5163ac:group-C0FECA17D435 set configuration 0: [14325e5d-297b-4230-a948-14d0dd5163ac:192.168.5.187:34354, d11a2b3f-362f-4936-97f0-fb201a013f3a:192.168.5.187:40095, 1febe8c9-3e68-41fc-803e-1e0a2dbb3f8a:192.168.5.187:43712], old=null at 0
2019-07-13 16:26:32,940 INFO  impl.RaftServerImpl (ServerState.java:setRaftConf(361)) - d4583721-577b-4654-9040-19b2cb0aebc2:group-349E2213627B set configuration 0: [d4583721-577b-4654-9040-19b2cb0aebc2:192.168.5.187:36774, 70e4dd9f-3b94-4d19-ba43-f83a8be65831:192.168.5.187:44770, 29b6b04b-4a33-43a2-8f94-ee83b13355a5:192.168.5.187:39836], old=null at 0
2019-07-13 16:26:32,941 INFO  segmented.SegmentedRaftLogWorker (SegmentedRaftLogWorker.java:startLogSegment(380)) - 14325e5d-297b-4230-a948-14d0dd5163ac-SegmentedRaftLogWorker:Storage Directory /tmp/workdir/hadoop-ozone/integration-test/target/test-dir/MiniOzoneClusterImpl-488cee6e-9812-43b4-a1dd-ea710523146f/datanode-3/data/ratis/1deb054a-1776-42cb-8228-c0feca17d435: Starting segment from index:0
2019-07-13 16:26:32,941 INFO  segmented.SegmentedRaftLogWorker (SegmentedRaftLogWorker.java:startLogSegment(380)) - 1febe8c9-3e68-41fc-803e-1e0a2dbb3f8a-SegmentedRaftLogWorker:Storage Directory /tmp/workdir/hadoop-ozone/integration-test/target/test-dir/MiniOzoneClusterImpl-488cee6e-9812-43b4-a1dd-ea710523146f/datanode-6/data/ratis/1deb054a-1776-42cb-8228-c0feca17d435: Starting segment from index:0
2019-07-13 16:26:32,942 INFO  segmented.SegmentedRaftLogWorker (SegmentedRaftLogWorker.java:startLogSegment(380)) - d4583721-577b-4654-9040-19b2cb0aebc2-SegmentedRaftLogWorker:Storage Directory /tmp/workdir/hadoop-ozone/integration-test/target/test-dir/MiniOzoneClusterImpl-488cee6e-9812-43b4-a1dd-ea710523146f/datanode-5/data/ratis/05860783-9812-47f9-85f4-349e2213627b: Starting segment from index:0
2019-07-13 16:26:32,962 INFO  segmented.SegmentedRaftLogWorker (SegmentedRaftLogWorker.java:execute(569)) - 1febe8c9-3e68-41fc-803e-1e0a2dbb3f8a-SegmentedRaftLogWorker:Storage Directory /tmp/workdir/hadoop-ozone/integration-test/target/test-dir/MiniOzoneClusterImpl-488cee6e-9812-43b4-a1dd-ea710523146f/datanode-6/data/ratis/1deb054a-1776-42cb-8228-c0feca17d435: created new log segment /tmp/workdir/hadoop-ozone/integration-test/target/test-dir/MiniOzoneClusterImpl-488cee6e-9812-43b4-a1dd-ea710523146f/datanode-6/data/ratis/1deb054a-1776-42cb-8228-c0feca17d435/current/log_inprogress_0
2019-07-13 16:26:32,962 INFO  segmented.SegmentedRaftLogWorker (SegmentedRaftLogWorker.java:execute(569)) - 70e4dd9f-3b94-4d19-ba43-f83a8be65831-SegmentedRaftLogWorker:Storage Directory /tmp/workdir/hadoop-ozone/integration-test/target/test-dir/MiniOzoneClusterImpl-488cee6e-9812-43b4-a1dd-ea710523146f/datanode-0/data/ratis/05860783-9812-47f9-85f4-349e2213627b: created new log segment /tmp/workdir/hadoop-ozone/integration-test/target/test-dir/MiniOzoneClusterImpl-488cee6e-9812-43b4-a1dd-ea710523146f/datanode-0/data/ratis/05860783-9812-47f9-85f4-349e2213627b/current/log_inprogress_0
2019-07-13 16:26:32,962 INFO  segmented.SegmentedRaftLogWorker (SegmentedRaftLogWorker.java:execute(569)) - d4583721-577b-4654-9040-19b2cb0aebc2-SegmentedRaftLogWorker:Storage Directory /tmp/workdir/hadoop-ozone/integration-test/target/test-dir/MiniOzoneClusterImpl-488cee6e-9812-43b4-a1dd-ea710523146f/datanode-5/data/ratis/05860783-9812-47f9-85f4-349e2213627b: created new log segment /tmp/workdir/hadoop-ozone/integration-test/target/test-dir/MiniOzoneClusterImpl-488cee6e-9812-43b4-a1dd-ea710523146f/datanode-5/data/ratis/05860783-9812-47f9-85f4-349e2213627b/current/log_inprogress_0
2019-07-13 16:26:32,966 INFO  segmented.SegmentedRaftLogWorker (SegmentedRaftLogWorker.java:execute(569)) - 14325e5d-297b-4230-a948-14d0dd5163ac-SegmentedRaftLogWorker:Storage Directory /tmp/workdir/hadoop-ozone/integration-test/target/test-dir/MiniOzoneClusterImpl-488cee6e-9812-43b4-a1dd-ea710523146f/datanode-3/data/ratis/1deb054a-1776-42cb-8228-c0feca17d435: created new log segment /tmp/workdir/hadoop-ozone/integration-test/target/test-dir/MiniOzoneClusterImpl-488cee6e-9812-43b4-a1dd-ea710523146f/datanode-3/data/ratis/1deb054a-1776-42cb-8228-c0feca17d435/current/log_inprogress_0
2019-07-13 16:26:33,267 INFO  client.GrpcClientProtocolClient (GrpcClientProtocolClient.java:onNext(255)) - client-551BDB50E0E3->14325e5d-297b-4230-a948-14d0dd5163ac: receive RaftClientReply:client-551BDB50E0E3->14325e5d-297b-4230-a948-14d0dd5163ac@group-C0FECA17D435, cid=13, FAILED org.apache.ratis.protocol.NotLeaderException: Server 14325e5d-297b-4230-a948-14d0dd5163ac is not the leader (d11a2b3f-362f-4936-97f0-fb201a013f3a:192.168.5.187:40095). Request must be sent to leader., logIndex=0, commits[14325e5d-297b-4230-a948-14d0dd5163ac:c0, d11a2b3f-362f-4936-97f0-fb201a013f3a:c0, 1febe8c9-3e68-41fc-803e-1e0a2dbb3f8a:c-1]
2019-07-13 16:26:33,512 INFO  client.GrpcClientProtocolClient (GrpcClientProtocolClient.java:onNext(255)) - client-551BDB50E0E3->d11a2b3f-362f-4936-97f0-fb201a013f3a: receive RaftClientReply:client-551BDB50E0E3->d11a2b3f-362f-4936-97f0-fb201a013f3a@group-C0FECA17D435, cid=13, SUCCESS, logIndex=1, commits[d11a2b3f-362f-4936-97f0-fb201a013f3a:c1, 14325e5d-297b-4230-a948-14d0dd5163ac:c0, 1febe8c9-3e68-41fc-803e-1e0a2dbb3f8a:c0]
2019-07-13 16:26:33,545 INFO  client.GrpcClientProtocolClient (GrpcClientProtocolClient.java:onNext(255)) - client-551BDB50E0E3->d11a2b3f-362f-4936-97f0-fb201a013f3a: receive RaftClientReply:client-551BDB50E0E3->d11a2b3f-362f-4936-97f0-fb201a013f3a@group-C0FECA17D435, cid=14, SUCCESS, logIndex=3, commits[d11a2b3f-362f-4936-97f0-fb201a013f3a:c3, 14325e5d-297b-4230-a948-14d0dd5163ac:c2, 1febe8c9-3e68-41fc-803e-1e0a2dbb3f8a:c2]
2019-07-13 16:26:33,603 INFO  client.GrpcClientProtocolClient (GrpcClientProtocolClient.java:onNext(255)) - client-551BDB50E0E3->d11a2b3f-362f-4936-97f0-fb201a013f3a: receive RaftClientReply:client-551BDB50E0E3->d11a2b3f-362f-4936-97f0-fb201a013f3a@group-C0FECA17D435, cid=15, SUCCESS, logIndex=5, commits[d11a2b3f-362f-4936-97f0-fb201a013f3a:c12, 14325e5d-297b-4230-a948-14d0dd5163ac:c8, 1febe8c9-3e68-41fc-803e-1e0a2dbb3f8a:c8]
2019-07-13 16:26:33,605 INFO  client.GrpcClientProtocolClient (GrpcClientProtocolClient.java:onNext(255)) - client-551BDB50E0E3->d11a2b3f-362f-4936-97f0-fb201a013f3a: receive RaftClientReply:client-551BDB50E0E3->d11a2b3f-362f-4936-97f0-fb201a013f3a@group-C0FECA17D435, cid=16, SUCCESS, logIndex=6, commits[d11a2b3f-362f-4936-97f0-fb201a013f3a:c12, 14325e5d-297b-4230-a948-14d0dd5163ac:c8, 1febe8c9-3e68-41fc-803e-1e0a2dbb3f8a:c8]
2019-07-13 16:26:33,606 INFO  client.GrpcClientProtocolClient (GrpcClientProtocolClient.java:onNext(255)) - client-551BDB50E0E3->d11a2b3f-362f-4936-97f0-fb201a013f3a: receive RaftClientReply:client-551BDB50E0E3->d11a2b3f-362f-4936-97f0-fb201a013f3a@group-C0FECA17D435, cid=17, SUCCESS, logIndex=7, commits[d11a2b3f-362f-4936-97f0-fb201a013f3a:c12, 14325e5d-297b-4230-a948-14d0dd5163ac:c8, 1febe8c9-3e68-41fc-803e-1e0a2dbb3f8a:c8]
2019-07-13 16:26:33,690 INFO  client.GrpcClientProtocolClient (GrpcClientProtocolClient.java:onNext(255)) - client-551BDB50E0E3->d11a2b3f-362f-4936-97f0-fb201a013f3a: receive RaftClientReply:client-551BDB50E0E3->d11a2b3f-362f-4936-97f0-fb201a013f3a@group-C0FECA17D435, cid=18, SUCCESS, logIndex=8, commits[d11a2b3f-362f-4936-97f0-fb201a013f3a:c12, 14325e5d-297b-4230-a948-14d0dd5163ac:c8, 1febe8c9-3e68-41fc-803e-1e0a2dbb3f8a:c8]
2019-07-13 16:26:33,716 INFO  client.GrpcClientProtocolClient (GrpcClientProtocolClient.java:onNext(255)) - client-551BDB50E0E3->d11a2b3f-362f-4936-97f0-fb201a013f3a: receive RaftClientReply:client-551BDB50E0E3->d11a2b3f-362f-4936-97f0-fb201a013f3a@group-C0FECA17D435, cid=19, SUCCESS, logIndex=13, commits[d11a2b3f-362f-4936-97f0-fb201a013f3a:c13, 14325e5d-297b-4230-a948-14d0dd5163ac:c12, 1febe8c9-3e68-41fc-803e-1e0a2dbb3f8a:c12]
2019-07-13 16:26:33,718 INFO  client.GrpcClientProtocolClient (GrpcClientProtocolClient.java:onNext(255)) - client-551BDB50E0E3->d11a2b3f-362f-4936-97f0-fb201a013f3a: receive RaftClientReply:client-551BDB50E0E3->d11a2b3f-362f-4936-97f0-fb201a013f3a@group-C0FECA17D435, cid=20, SUCCESS, logIndex=14, commits[d11a2b3f-362f-4936-97f0-fb201a013f3a:c14, 14325e5d-297b-4230-a948-14d0dd5163ac:c12, 1febe8c9-3e68-41fc-803e-1e0a2dbb3f8a:c12]
2019-07-13 16:26:33,749 INFO  client.GrpcClientProtocolClient (GrpcClientProtocolClient.java:onNext(255)) - client-551BDB50E0E3->d11a2b3f-362f-4936-97f0-fb201a013f3a: receive RaftClientReply:client-551BDB50E0E3->d11a2b3f-362f-4936-97f0-fb201a013f3a@group-C0FECA17D435, cid=21, SUCCESS, logIndex=0, commits[d11a2b3f-362f-4936-97f0-fb201a013f3a:c16, 14325e5d-297b-4230-a948-14d0dd5163ac:c14, 1febe8c9-3e68-41fc-803e-1e0a2dbb3f8a:c14]
2019-07-13 16:26:33,751 INFO  datanode.ObjectStoreHandler (ObjectStoreHandler.java:close(155)) - Closing ObjectStoreHandler.
2019-07-13 16:26:33,752 INFO  ozone.HddsDatanodeService (HddsDatanodeService.java:stop(452)) - Stopped plug-in org.apache.hadoop.ozone.web.OzoneHddsDatanodeService@65da01f4
2019-07-13 16:26:34,482 INFO  statemachine.DatanodeStateMachine (DatanodeStateMachine.java:lambda$startDaemon$0(350)) - Ozone container server started.
2019-07-13 16:26:38,570 INFO  node.StaleNodeHandler (StaleNodeHandler.java:onMessage(58)) - Datanode 14325e5d-297b-4230-a948-14d0dd5163ac{ip: 192.168.5.187, host: trunk-nightly-z92hn-1831959607, networkLocation: /default-rack, certSerialId: null} moved to stale state. Finalizing its pipelines [PipelineID=04fc86bf-e7b8-4669-a540-44b7cd33df47, PipelineID=1deb054a-1776-42cb-8228-c0feca17d435]
2019-07-13 16:26:38,570 INFO  pipeline.SCMPipelineManager (SCMPipelineManager.java:finalizeAndDestroyPipeline(309)) - destroying pipeline:Pipeline[ Id: 04fc86bf-e7b8-4669-a540-44b7cd33df47, Nodes: 14325e5d-297b-4230-a948-14d0dd5163ac{ip: 192.168.5.187, host: trunk-nightly-z92hn-1831959607, networkLocation: /default-rack, certSerialId: null}, Type:RATIS, Factor:ONE, State:OPEN]
2019-07-13 16:26:38,572 INFO  pipeline.PipelineStateManager (PipelineStateManager.java:finalizePipeline(123)) - Pipeline Pipeline[ Id: 04fc86bf-e7b8-4669-a540-44b7cd33df47, Nodes: 14325e5d-297b-4230-a948-14d0dd5163ac{ip: 192.168.5.187, host: trunk-nightly-z92hn-1831959607, networkLocation: /default-rack, certSerialId: null}, Type:RATIS, Factor:ONE, State:CLOSED] moved to CLOSED state
2019-07-13 16:26:38,573 INFO  pipeline.SCMPipelineManager (SCMPipelineManager.java:finalizeAndDestroyPipeline(309)) - destroying pipeline:Pipeline[ Id: 1deb054a-1776-42cb-8228-c0feca17d435, Nodes: 14325e5d-297b-4230-a948-14d0dd5163ac{ip: 192.168.5.187, host: trunk-nightly-z92hn-1831959607, networkLocation: /default-rack, certSerialId: null}1febe8c9-3e68-41fc-803e-1e0a2dbb3f8a{ip: 192.168.5.187, host: trunk-nightly-z92hn-1831959607, networkLocation: /default-rack, certSerialId: null}d11a2b3f-362f-4936-97f0-fb201a013f3a{ip: 192.168.5.187, host: trunk-nightly-z92hn-1831959607, networkLocation: /default-rack, certSerialId: null}, Type:RATIS, Factor:THREE, State:OPEN]
2019-07-13 16:26:38,573 INFO  pipeline.PipelineStateManager (PipelineStateManager.java:finalizePipeline(123)) - Pipeline Pipeline[ Id: 1deb054a-1776-42cb-8228-c0feca17d435, Nodes: 14325e5d-297b-4230-a948-14d0dd5163ac{ip: 192.168.5.187, host: trunk-nightly-z92hn-1831959607, networkLocation: /default-rack, certSerialId: null}1febe8c9-3e68-41fc-803e-1e0a2dbb3f8a{ip: 192.168.5.187, host: trunk-nightly-z92hn-1831959607, networkLocation: /default-rack, certSerialId: null}d11a2b3f-362f-4936-97f0-fb201a013f3a{ip: 192.168.5.187, host: trunk-nightly-z92hn-1831959607, networkLocation: /default-rack, certSerialId: null}, Type:RATIS, Factor:THREE, State:CLOSED] moved to CLOSED state
2019-07-13 16:26:38,574 INFO  container.CloseContainerEventHandler (CloseContainerEventHandler.java:onMessage(61)) - Close container Event triggered for container : #1
2019-07-13 16:26:38,754 INFO  ozoneimpl.OzoneContainer (OzoneContainer.java:stop(199)) - Attempting to stop container services.
2019-07-13 16:26:38,757 INFO  impl.RaftServerProxy (RaftServerProxy.java:lambda$close$4(314)) - 14325e5d-297b-4230-a948-14d0dd5163ac: close
2019-07-13 16:26:38,759 INFO  impl.RaftServerImpl (RaftServerImpl.java:lambda$shutdown$3(245)) - 14325e5d-297b-4230-a948-14d0dd5163ac: shutdown group-44B7CD33DF47
2019-07-13 16:26:38,759 INFO  impl.RaftServerImpl (RaftServerImpl.java:lambda$shutdown$3(245)) - 14325e5d-297b-4230-a948-14d0dd5163ac: shutdown group-C0FECA17D435
2019-07-13 16:26:38,759 INFO  util.JmxRegister (JmxRegister.java:unregister(73)) - Successfully un-registered JMX Bean with object name Ratis:service=RaftServer,group=group-44B7CD33DF47,id=14325e5d-297b-4230-a948-14d0dd5163ac
2019-07-13 16:26:38,760 INFO  util.JmxRegister (JmxRegister.java:unregister(73)) - Successfully un-registered JMX Bean with object name Ratis:service=RaftServer,group=group-C0FECA17D435,id=14325e5d-297b-4230-a948-14d0dd5163ac
2019-07-13 16:26:38,760 INFO  impl.RoleInfo (RoleInfo.java:shutdownLeaderState(104)) - 14325e5d-297b-4230-a948-14d0dd5163ac: shutdown LeaderState
2019-07-13 16:26:38,760 INFO  impl.RoleInfo (RoleInfo.java:shutdownFollowerState(121)) - 14325e5d-297b-4230-a948-14d0dd5163ac: shutdown FollowerState
2019-07-13 16:26:38,761 INFO  impl.StateMachineUpdater (StateMachineUpdater.java:stopAndJoin(115)) - StateMachineUpdater:14325e5d-297b-4230-a948-14d0dd5163ac:group-C0FECA17D435: set stopIndex = 16
2019-07-13 16:26:38,761 INFO  ratis.ContainerStateMachine (ContainerStateMachine.java:takeSnapshot(246)) - Taking snapshot at termIndex:(t:1, i:14)
2019-07-13 16:26:38,761 INFO  impl.FollowerState (FollowerState.java:run(114)) - 14325e5d-297b-4230-a948-14d0dd5163ac: FollowerState was interrupted: java.lang.InterruptedException: sleep interrupted
2019-07-13 16:26:38,763 INFO  ratis.ContainerStateMachine (ContainerStateMachine.java:takeSnapshot(250)) - Taking a snapshot to file /tmp/workdir/hadoop-ozone/integration-test/target/test-dir/MiniOzoneClusterImpl-488cee6e-9812-43b4-a1dd-ea710523146f/datanode-3/data/ratis/1deb054a-1776-42cb-8228-c0feca17d435/sm/snapshot.1_14
2019-07-13 16:26:38,761 INFO  impl.PendingRequests (PendingRequests.java:sendNotLeaderResponses(202)) - 14325e5d-297b-4230-a948-14d0dd5163ac-PendingRequests: sendNotLeaderResponses
2019-07-13 16:26:38,767 INFO  impl.StateMachineUpdater (StateMachineUpdater.java:stopAndJoin(115)) - StateMachineUpdater:14325e5d-297b-4230-a948-14d0dd5163ac:group-44B7CD33DF47: set stopIndex = 0
2019-07-13 16:26:38,770 INFO  ratis.ContainerStateMachine (ContainerStateMachine.java:takeSnapshot(246)) - Taking snapshot at termIndex:(t:0, i:~)
2019-07-13 16:26:38,773 INFO  impl.RaftServerImpl (ServerState.java:close(394)) - 14325e5d-297b-4230-a948-14d0dd5163ac:group-44B7CD33DF47 closes. The last applied log index is 0
2019-07-13 16:26:38,775 INFO  segmented.SegmentedRaftLogWorker (SegmentedRaftLogWorker.java:run(313)) - 14325e5d-297b-4230-a948-14d0dd5163ac-SegmentedRaftLogWorker:Storage Directory /tmp/workdir/hadoop-ozone/integration-test/target/test-dir/MiniOzoneClusterImpl-488cee6e-9812-43b4-a1dd-ea710523146f/datanode-3/data/ratis/04fc86bf-e7b8-4669-a540-44b7cd33df47 was interrupted, exiting. There are 0 tasks remaining in the queue.
2019-07-13 16:26:38,778 INFO  segmented.SegmentedRaftLogWorker (SegmentedRaftLogWorker.java:close(228)) - 14325e5d-297b-4230-a948-14d0dd5163ac-SegmentedRaftLogWorker:Storage Directory /tmp/workdir/hadoop-ozone/integration-test/target/test-dir/MiniOzoneClusterImpl-488cee6e-9812-43b4-a1dd-ea710523146f/datanode-3/data/ratis/04fc86bf-e7b8-4669-a540-44b7cd33df47 close()
2019-07-13 16:26:38,787 INFO  impl.StateMachineUpdater (StateMachineUpdater.java:takeSnapshot(242)) - StateMachineUpdater:14325e5d-297b-4230-a948-14d0dd5163ac:group-C0FECA17D435: Took a snapshot at index 14
2019-07-13 16:26:38,787 INFO  impl.StateMachineUpdater (StateMachineUpdater.java:lambda$new$0(80)) - StateMachineUpdater:14325e5d-297b-4230-a948-14d0dd5163ac:group-C0FECA17D435: snapshotIndex: updateIncreasingly -1 -> 14
2019-07-13 16:26:38,792 INFO  impl.RaftServerImpl (ServerState.java:close(394)) - 14325e5d-297b-4230-a948-14d0dd5163ac:group-C0FECA17D435 closes. The last applied log index is 16
2019-07-13 16:26:38,792 INFO  segmented.SegmentedRaftLogWorker (SegmentedRaftLogWorker.java:run(313)) - 14325e5d-297b-4230-a948-14d0dd5163ac-SegmentedRaftLogWorker:Storage Directory /tmp/workdir/hadoop-ozone/integration-test/target/test-dir/MiniOzoneClusterImpl-488cee6e-9812-43b4-a1dd-ea710523146f/datanode-3/data/ratis/1deb054a-1776-42cb-8228-c0feca17d435 was interrupted, exiting. There are 0 tasks remaining in the queue.
2019-07-13 16:26:38,795 INFO  segmented.SegmentedRaftLogWorker (SegmentedRaftLogWorker.java:close(228)) - 14325e5d-297b-4230-a948-14d0dd5163ac-SegmentedRaftLogWorker:Storage Directory /tmp/workdir/hadoop-ozone/integration-test/target/test-dir/MiniOzoneClusterImpl-488cee6e-9812-43b4-a1dd-ea710523146f/datanode-3/data/ratis/1deb054a-1776-42cb-8228-c0feca17d435 close()
2019-07-13 16:26:38,799 INFO  server.GrpcService (GrpcService.java:closeImpl(155)) - 14325e5d-297b-4230-a948-14d0dd5163ac: shutdown server with port 34354 now
2019-07-13 16:26:38,804 INFO  server.GrpcService (GrpcService.java:closeImpl(163)) - 14325e5d-297b-4230-a948-14d0dd5163ac: shutdown server with port 34354 successfully
2019-07-13 16:26:38,805 WARN  server.GrpcServerProtocolService (LogUtils.java:warn(134)) - 14325e5d-297b-4230-a948-14d0dd5163ac: appendEntries onError: org.apache.ratis.thirdparty.io.grpc.StatusRuntimeException: CANCELLED: cancelled before receiving half close
2019-07-13 16:26:38,810 WARN  server.GrpcLogAppender (LogUtils.java:warn(134)) - d11a2b3f-362f-4936-97f0-fb201a013f3a->14325e5d-297b-4230-a948-14d0dd5163ac: Failed appendEntries: org.apache.ratis.thirdparty.io.grpc.StatusRuntimeException: CANCELLED: HTTP/2 error code: CANCEL
Received Rst Stream
2019-07-13 16:26:38,812 INFO  utils.BackgroundService (BackgroundService.java:shutdown(148)) - Shutting down service BlockDeletingService
2019-07-13 16:26:38,813 WARN  fs.CachingGetSpaceUsed (CachingGetSpaceUsed.java:run(183)) - Thread Interrupted waiting to refresh disk information: sleep interrupted
2019-07-13 16:26:38,813 INFO  impl.FollowerInfo (FollowerInfo.java:lambda$new$0(50)) - d11a2b3f-362f-4936-97f0-fb201a013f3a->14325e5d-297b-4230-a948-14d0dd5163ac: nextIndex: updateUnconditionally 17 -> 16
2019-07-13 16:26:38,836 INFO  statemachine.DatanodeStateMachine (DatanodeStateMachine.java:stopDaemon(395)) - Ozone container server stopped.
2019-07-13 16:26:38,839 INFO  handler.ContextHandler (ContextHandler.java:doStop(910)) - Stopped o.e.j.w.WebAppContext@6a2d867d{/,null,UNAVAILABLE}{/hddsDatanode}
2019-07-13 16:26:38,847 INFO  server.AbstractConnector (AbstractConnector.java:doStop(318)) - Stopped ServerConnector@73bb1337{HTTP/1.1,[http/1.1]}{0.0.0.0:0}
2019-07-13 16:26:38,847 INFO  handler.ContextHandler (ContextHandler.java:doStop(910)) - Stopped o.e.j.s.ServletContextHandler@cc9ef8d{/static,jar:file:/home/user/.m2/repository/org/apache/hadoop/hadoop-hdds-container-service/0.5.0-SNAPSHOT/hadoop-hdds-container-service-0.5.0-SNAPSHOT.jar!/webapps/static,UNAVAILABLE}
2019-07-13 16:26:38,847 INFO  handler.ContextHandler (ContextHandler.java:doStop(910)) - Stopped o.e.j.s.ServletContextHandler@1e30db85{/logs,file:///tmp/workdir/hadoop-ozone/integration-test/target/log,UNAVAILABLE}
2019-07-13 16:26:38,849 INFO  datanode.ObjectStoreHandler (ObjectStoreHandler.java:close(155)) - Closing ObjectStoreHandler.
2019-07-13 16:26:38,850 INFO  ozone.HddsDatanodeService (HddsDatanodeService.java:stop(452)) - Stopped plug-in org.apache.hadoop.ozone.web.OzoneHddsDatanodeService@28e7bb31
2019-07-13 16:26:39,488 INFO  statemachine.DatanodeStateMachine (DatanodeStateMachine.java:lambda$startDaemon$0(350)) - Ozone container server started.
2019-07-13 16:26:40,449 WARN  server.GrpcLogAppender (LogUtils.java:warn(134)) - d11a2b3f-362f-4936-97f0-fb201a013f3a->14325e5d-297b-4230-a948-14d0dd5163ac: Failed appendEntries: org.apache.ratis.thirdparty.io.grpc.StatusRuntimeException: UNAVAILABLE: io exception
2019-07-13 16:26:40,452 INFO  impl.FollowerInfo (FollowerInfo.java:lambda$new$0(50)) - d11a2b3f-362f-4936-97f0-fb201a013f3a->14325e5d-297b-4230-a948-14d0dd5163ac: nextIndex: updateUnconditionally 17 -> 16
2019-07-13 16:26:40,462 WARN  server.GrpcLogAppender (LogUtils.java:warn(134)) - d11a2b3f-362f-4936-97f0-fb201a013f3a->14325e5d-297b-4230-a948-14d0dd5163ac: Failed appendEntries: org.apache.ratis.thirdparty.io.grpc.StatusRuntimeException: UNAVAILABLE: io exception
2019-07-13 16:26:40,466 INFO  impl.FollowerInfo (FollowerInfo.java:lambda$new$0(50)) - d11a2b3f-362f-4936-97f0-fb201a013f3a->14325e5d-297b-4230-a948-14d0dd5163ac: nextIndex: updateUnconditionally 17 -> 16
2019-07-13 16:26:40,473 INFO  interfaces.Container (KeyValueContainer.java:compactDB(356)) - Container 1 is closed with bcsId 14.
2019-07-13 16:26:40,517 INFO  interfaces.Container (KeyValueContainer.java:compactDB(356)) - Container 1 is closed with bcsId 14.
2019-07-13 16:26:42,966 WARN  server.GrpcLogAppender (LogUtils.java:warn(134)) - d11a2b3f-362f-4936-97f0-fb201a013f3a->14325e5d-297b-4230-a948-14d0dd5163ac: Failed appendEntries: org.apache.ratis.thirdparty.io.grpc.StatusRuntimeException: UNAVAILABLE: io exception
2019-07-13 16:26:42,968 INFO  impl.FollowerInfo (FollowerInfo.java:lambda$new$0(50)) - d11a2b3f-362f-4936-97f0-fb201a013f3a->14325e5d-297b-4230-a948-14d0dd5163ac: nextIndex: updateUnconditionally 16 -> 15
2019-07-13 16:26:43,579 INFO  node.StaleNodeHandler (StaleNodeHandler.java:onMessage(58)) - Datanode 1febe8c9-3e68-41fc-803e-1e0a2dbb3f8a{ip: 192.168.5.187, host: trunk-nightly-z92hn-1831959607, networkLocation: /default-rack, certSerialId: null} moved to stale state. Finalizing its pipelines [PipelineID=1deb054a-1776-42cb-8228-c0feca17d435, PipelineID=1b3b4717-9f25-4b74-9e57-2a05fb5f0ffb]
2019-07-13 16:26:43,580 INFO  pipeline.SCMPipelineManager (SCMPipelineManager.java:finalizeAndDestroyPipeline(309)) - destroying pipeline:Pipeline[ Id: 1deb054a-1776-42cb-8228-c0feca17d435, Nodes: 14325e5d-297b-4230-a948-14d0dd5163ac{ip: 192.168.5.187, host: trunk-nightly-z92hn-1831959607, networkLocation: /default-rack, certSerialId: null}1febe8c9-3e68-41fc-803e-1e0a2dbb3f8a{ip: 192.168.5.187, host: trunk-nightly-z92hn-1831959607, networkLocation: /default-rack, certSerialId: null}d11a2b3f-362f-4936-97f0-fb201a013f3a{ip: 192.168.5.187, host: trunk-nightly-z92hn-1831959607, networkLocation: /default-rack, certSerialId: null}, Type:RATIS, Factor:THREE, State:CLOSED]
2019-07-13 16:26:43,580 INFO  pipeline.SCMPipelineManager (SCMPipelineManager.java:finalizeAndDestroyPipeline(309)) - destroying pipeline:Pipeline[ Id: 1b3b4717-9f25-4b74-9e57-2a05fb5f0ffb, Nodes: 1febe8c9-3e68-41fc-803e-1e0a2dbb3f8a{ip: 192.168.5.187, host: trunk-nightly-z92hn-1831959607, networkLocation: /default-rack, certSerialId: null}, Type:RATIS, Factor:ONE, State:OPEN]
2019-07-13 16:26:43,581 INFO  pipeline.PipelineStateManager (PipelineStateManager.java:finalizePipeline(123)) - Pipeline Pipeline[ Id: 1b3b4717-9f25-4b74-9e57-2a05fb5f0ffb, Nodes: 1febe8c9-3e68-41fc-803e-1e0a2dbb3f8a{ip: 192.168.5.187, host: trunk-nightly-z92hn-1831959607, networkLocation: /default-rack, certSerialId: null}, Type:RATIS, Factor:ONE, State:CLOSED] moved to CLOSED state
2019-07-13 16:26:43,851 INFO  ozoneimpl.OzoneContainer (OzoneContainer.java:stop(199)) - Attempting to stop container services.
2019-07-13 16:26:43,854 INFO  impl.RaftServerProxy (RaftServerProxy.java:lambda$close$4(314)) - 1febe8c9-3e68-41fc-803e-1e0a2dbb3f8a: close
2019-07-13 16:26:43,855 INFO  impl.RaftServerImpl (RaftServerImpl.java:lambda$shutdown$3(245)) - 1febe8c9-3e68-41fc-803e-1e0a2dbb3f8a: shutdown group-C0FECA17D435
2019-07-13 16:26:43,855 INFO  util.JmxRegister (JmxRegister.java:unregister(73)) - Successfully un-registered JMX Bean with object name Ratis:service=RaftServer,group=group-C0FECA17D435,id=1febe8c9-3e68-41fc-803e-1e0a2dbb3f8a
2019-07-13 16:26:43,856 INFO  impl.RoleInfo (RoleInfo.java:shutdownFollowerState(121)) - 1febe8c9-3e68-41fc-803e-1e0a2dbb3f8a: shutdown FollowerState
2019-07-13 16:26:43,856 INFO  impl.StateMachineUpdater (StateMachineUpdater.java:stopAndJoin(115)) - StateMachineUpdater:1febe8c9-3e68-41fc-803e-1e0a2dbb3f8a:group-C0FECA17D435: set stopIndex = 18
2019-07-13 16:26:43,856 INFO  impl.FollowerState (FollowerState.java:run(114)) - 1febe8c9-3e68-41fc-803e-1e0a2dbb3f8a: FollowerState was interrupted: java.lang.InterruptedException: sleep interrupted
2019-07-13 16:26:43,856 INFO  ratis.ContainerStateMachine (ContainerStateMachine.java:takeSnapshot(246)) - Taking snapshot at termIndex:(t:1, i:17)
2019-07-13 16:26:43,861 INFO  ratis.ContainerStateMachine (ContainerStateMachine.java:takeSnapshot(250)) - Taking a snapshot to file /tmp/workdir/hadoop-ozone/integration-test/target/test-dir/MiniOzoneClusterImpl-488cee6e-9812-43b4-a1dd-ea710523146f/datanode-6/data/ratis/1deb054a-1776-42cb-8228-c0feca17d435/sm/snapshot.1_17
2019-07-13 16:26:43,861 INFO  impl.StateMachineUpdater (StateMachineUpdater.java:takeSnapshot(242)) - StateMachineUpdater:1febe8c9-3e68-41fc-803e-1e0a2dbb3f8a:group-C0FECA17D435: Took a snapshot at index 17
2019-07-13 16:26:43,861 INFO  impl.StateMachineUpdater (StateMachineUpdater.java:lambda$new$0(80)) - StateMachineUpdater:1febe8c9-3e68-41fc-803e-1e0a2dbb3f8a:group-C0FECA17D435: snapshotIndex: updateIncreasingly -1 -> 17
2019-07-13 16:26:43,862 INFO  impl.RaftServerImpl (ServerState.java:close(394)) - 1febe8c9-3e68-41fc-803e-1e0a2dbb3f8a:group-C0FECA17D435 closes. The last applied log index is 18
2019-07-13 16:26:43,863 INFO  segmented.SegmentedRaftLogWorker (SegmentedRaftLogWorker.java:run(313)) - 1febe8c9-3e68-41fc-803e-1e0a2dbb3f8a-SegmentedRaftLogWorker:Storage Directory /tmp/workdir/hadoop-ozone/integration-test/target/test-dir/MiniOzoneClusterImpl-488cee6e-9812-43b4-a1dd-ea710523146f/datanode-6/data/ratis/1deb054a-1776-42cb-8228-c0feca17d435 was interrupted, exiting. There are 0 tasks remaining in the queue.
2019-07-13 16:26:43,865 INFO  segmented.SegmentedRaftLogWorker (SegmentedRaftLogWorker.java:close(228)) - 1febe8c9-3e68-41fc-803e-1e0a2dbb3f8a-SegmentedRaftLogWorker:Storage Directory /tmp/workdir/hadoop-ozone/integration-test/target/test-dir/MiniOzoneClusterImpl-488cee6e-9812-43b4-a1dd-ea710523146f/datanode-6/data/ratis/1deb054a-1776-42cb-8228-c0feca17d435 close()
2019-07-13 16:26:43,869 INFO  impl.RaftServerImpl (RaftServerImpl.java:lambda$shutdown$3(245)) - 1febe8c9-3e68-41fc-803e-1e0a2dbb3f8a: shutdown group-2A05FB5F0FFB
2019-07-13 16:26:43,869 INFO  util.JmxRegister (JmxRegister.java:unregister(73)) - Successfully un-registered JMX Bean with object name Ratis:service=RaftServer,group=group-2A05FB5F0FFB,id=1febe8c9-3e68-41fc-803e-1e0a2dbb3f8a
2019-07-13 16:26:43,869 INFO  impl.RoleInfo (RoleInfo.java:shutdownLeaderState(104)) - 1febe8c9-3e68-41fc-803e-1e0a2dbb3f8a: shutdown LeaderState
2019-07-13 16:26:43,870 INFO  impl.PendingRequests (PendingRequests.java:sendNotLeaderResponses(202)) - 1febe8c9-3e68-41fc-803e-1e0a2dbb3f8a-PendingRequests: sendNotLeaderResponses
2019-07-13 16:26:43,871 INFO  impl.StateMachineUpdater (StateMachineUpdater.java:stopAndJoin(115)) - StateMachineUpdater:1febe8c9-3e68-41fc-803e-1e0a2dbb3f8a:group-2A05FB5F0FFB: set stopIndex = 0
2019-07-13 16:26:43,871 INFO  ratis.ContainerStateMachine (ContainerStateMachine.java:takeSnapshot(246)) - Taking snapshot at termIndex:(t:0, i:~)
2019-07-13 16:26:43,873 INFO  impl.RaftServerImpl (ServerState.java:close(394)) - 1febe8c9-3e68-41fc-803e-1e0a2dbb3f8a:group-2A05FB5F0FFB closes. The last applied log index is 0
2019-07-13 16:26:43,874 INFO  segmented.SegmentedRaftLogWorker (SegmentedRaftLogWorker.java:run(313)) - 1febe8c9-3e68-41fc-803e-1e0a2dbb3f8a-SegmentedRaftLogWorker:Storage Directory /tmp/workdir/hadoop-ozone/integration-test/target/test-dir/MiniOzoneClusterImpl-488cee6e-9812-43b4-a1dd-ea710523146f/datanode-6/data/ratis/1b3b4717-9f25-4b74-9e57-2a05fb5f0ffb was interrupted, exiting. There are 0 tasks remaining in the queue.
2019-07-13 16:26:43,876 INFO  segmented.SegmentedRaftLogWorker (SegmentedRaftLogWorker.java:close(228)) - 1febe8c9-3e68-41fc-803e-1e0a2dbb3f8a-SegmentedRaftLogWorker:Storage Directory /tmp/workdir/hadoop-ozone/integration-test/target/test-dir/MiniOzoneClusterImpl-488cee6e-9812-43b4-a1dd-ea710523146f/datanode-6/data/ratis/1b3b4717-9f25-4b74-9e57-2a05fb5f0ffb close()
2019-07-13 16:26:43,880 INFO  server.GrpcService (GrpcService.java:closeImpl(155)) - 1febe8c9-3e68-41fc-803e-1e0a2dbb3f8a: shutdown server with port 43712 now
2019-07-13 16:26:43,881 WARN  server.GrpcServerProtocolService (LogUtils.java:warn(134)) - 1febe8c9-3e68-41fc-803e-1e0a2dbb3f8a: appendEntries onError: org.apache.ratis.thirdparty.io.grpc.StatusRuntimeException: CANCELLED: cancelled before receiving half close
2019-07-13 16:26:43,884 INFO  server.GrpcService (GrpcService.java:closeImpl(163)) - 1febe8c9-3e68-41fc-803e-1e0a2dbb3f8a: shutdown server with port 43712 successfully
2019-07-13 16:26:43,884 WARN  server.GrpcLogAppender (LogUtils.java:warn(134)) - d11a2b3f-362f-4936-97f0-fb201a013f3a->1febe8c9-3e68-41fc-803e-1e0a2dbb3f8a: Failed appendEntries: org.apache.ratis.thirdparty.io.grpc.StatusRuntimeException: CANCELLED: HTTP/2 error code: CANCEL
Received Rst Stream
2019-07-13 16:26:43,888 INFO  impl.FollowerInfo (FollowerInfo.java:lambda$new$0(50)) - d11a2b3f-362f-4936-97f0-fb201a013f3a->1febe8c9-3e68-41fc-803e-1e0a2dbb3f8a: nextIndex: updateUnconditionally 19 -> 18
2019-07-13 16:26:43,889 INFO  utils.BackgroundService (BackgroundService.java:shutdown(148)) - Shutting down service BlockDeletingService
2019-07-13 16:26:43,890 WARN  fs.CachingGetSpaceUsed (CachingGetSpaceUsed.java:run(183)) - Thread Interrupted waiting to refresh disk information: sleep interrupted
2019-07-13 16:26:43,917 INFO  statemachine.DatanodeStateMachine (DatanodeStateMachine.java:stopDaemon(395)) - Ozone container server stopped.
2019-07-13 16:26:43,930 INFO  handler.ContextHandler (ContextHandler.java:doStop(910)) - Stopped o.e.j.w.WebAppContext@418f0534{/,null,UNAVAILABLE}{/hddsDatanode}
2019-07-13 16:26:43,931 INFO  server.AbstractConnector (AbstractConnector.java:doStop(318)) - Stopped ServerConnector@3dfd7eaa{HTTP/1.1,[http/1.1]}{0.0.0.0:0}
2019-07-13 16:26:43,931 INFO  handler.ContextHandler (ContextHandler.java:doStop(910)) - Stopped o.e.j.s.ServletContextHandler@782fd504{/static,jar:file:/home/user/.m2/repository/org/apache/hadoop/hadoop-hdds-container-service/0.5.0-SNAPSHOT/hadoop-hdds-container-service-0.5.0-SNAPSHOT.jar!/webapps/static,UNAVAILABLE}
2019-07-13 16:26:43,932 INFO  handler.ContextHandler (ContextHandler.java:doStop(910)) - Stopped o.e.j.s.ServletContextHandler@6568f998{/logs,file:///tmp/workdir/hadoop-ozone/integration-test/target/log,UNAVAILABLE}
16:26:43.940 [grpc-default-executor-3] ERROR DNAudit - user=null | ip=null | op=WRITE_CHUNK {blockData=conID: 1 locID: 102435074142699521 bcsId: 14} | ret=FAILURE
org.apache.hadoop.hdds.scm.container.common.helpers.ContainerNotOpenException: Container 1 in CLOSED state
	at org.apache.hadoop.ozone.container.common.impl.HddsDispatcher.validateContainerCommand(HddsDispatcher.java:408) ~[hadoop-hdds-container-service-0.5.0-SNAPSHOT.jar:?]
	at org.apache.hadoop.ozone.container.common.transport.server.ratis.ContainerStateMachine.startTransaction(ContainerStateMachine.java:271) ~[hadoop-hdds-container-service-0.5.0-SNAPSHOT.jar:?]
	at org.apache.ratis.server.impl.RaftServerImpl.submitClientRequestAsync(RaftServerImpl.java:566) ~[ratis-server-0.4.0-2337318-SNAPSHOT.jar:0.4.0-2337318-SNAPSHOT]
	at org.apache.ratis.server.impl.RaftServerProxy.lambda$submitClientRequestAsync$7(RaftServerProxy.java:333) ~[ratis-server-0.4.0-2337318-SNAPSHOT.jar:0.4.0-2337318-SNAPSHOT]
	at org.apache.ratis.server.impl.RaftServerProxy.lambda$null$5(RaftServerProxy.java:328) ~[ratis-server-0.4.0-2337318-SNAPSHOT.jar:0.4.0-2337318-SNAPSHOT]
	at org.apache.ratis.util.JavaUtils.callAsUnchecked(JavaUtils.java:109) ~[ratis-common-0.4.0-2337318-SNAPSHOT.jar:0.4.0-2337318-SNAPSHOT]
	at org.apache.ratis.server.impl.RaftServerProxy.lambda$submitRequest$6(RaftServerProxy.java:328) ~[ratis-server-0.4.0-2337318-SNAPSHOT.jar:0.4.0-2337318-SNAPSHOT]
	at java.util.concurrent.CompletableFuture.uniComposeStage(CompletableFuture.java:981) ~[?:1.8.0_212]
	at java.util.concurrent.CompletableFuture.thenCompose(CompletableFuture.java:2124) ~[?:1.8.0_212]
	at org.apache.ratis.server.impl.RaftServerProxy.submitRequest(RaftServerProxy.java:327) ~[ratis-server-0.4.0-2337318-SNAPSHOT.jar:0.4.0-2337318-SNAPSHOT]
	at org.apache.ratis.server.impl.RaftServerProxy.submitClientRequestAsync(RaftServerProxy.java:333) ~[ratis-server-0.4.0-2337318-SNAPSHOT.jar:0.4.0-2337318-SNAPSHOT]
	at org.apache.ratis.grpc.client.GrpcClientProtocolService$RequestStreamObserver.processClientRequest(GrpcClientProtocolService.java:220) ~[ratis-grpc-0.4.0-2337318-SNAPSHOT.jar:0.4.0-2337318-SNAPSHOT]
	at org.apache.ratis.grpc.client.GrpcClientProtocolService$OrderedRequestStreamObserver.processClientRequest(GrpcClientProtocolService.java:326) ~[ratis-grpc-0.4.0-2337318-SNAPSHOT.jar:0.4.0-2337318-SNAPSHOT]
	at org.apache.ratis.util.SlidingWindow$Server.processRequestsFromHead(SlidingWindow.java:429) [ratis-common-0.4.0-2337318-SNAPSHOT.jar:0.4.0-2337318-SNAPSHOT]
	at org.apache.ratis.util.SlidingWindow$Server.receivedRequest(SlidingWindow.java:421) [ratis-common-0.4.0-2337318-SNAPSHOT.jar:0.4.0-2337318-SNAPSHOT]
	at org.apache.ratis.grpc.client.GrpcClientProtocolService$OrderedRequestStreamObserver.processClientRequest(GrpcClientProtocolService.java:345) [ratis-grpc-0.4.0-2337318-SNAPSHOT.jar:0.4.0-2337318-SNAPSHOT]
	at org.apache.ratis.grpc.client.GrpcClientProtocolService$RequestStreamObserver.onNext(GrpcClientProtocolService.java:240) [ratis-grpc-0.4.0-2337318-SNAPSHOT.jar:0.4.0-2337318-SNAPSHOT]
	at org.apache.ratis.grpc.client.GrpcClientProtocolService$RequestStreamObserver.onNext(GrpcClientProtocolService.java:168) [ratis-grpc-0.4.0-2337318-SNAPSHOT.jar:0.4.0-2337318-SNAPSHOT]
	at org.apache.ratis.thirdparty.io.grpc.stub.ServerCalls$StreamingServerCallHandler$StreamingServerCallListener.onMessage(ServerCalls.java:248) [ratis-thirdparty-misc-0.2.0.jar:0.2.0]
	at org.apache.ratis.thirdparty.io.grpc.internal.ServerCallImpl$ServerStreamListenerImpl.messagesAvailable(ServerCallImpl.java:263) [ratis-thirdparty-misc-0.2.0.jar:0.2.0]
	at org.apache.ratis.thirdparty.io.grpc.internal.ServerImpl$JumpToApplicationThreadServerStreamListener$1MessagesAvailable.runInContext(ServerImpl.java:686) [ratis-thirdparty-misc-0.2.0.jar:0.2.0]
	at org.apache.ratis.thirdparty.io.grpc.internal.ContextRunnable.run(ContextRunnable.java:37) [ratis-thirdparty-misc-0.2.0.jar:0.2.0]
	at org.apache.ratis.thirdparty.io.grpc.internal.SerializingExecutor.run(SerializingExecutor.java:123) [ratis-thirdparty-misc-0.2.0.jar:0.2.0]
	at java.util.concurrent.ThreadPoolExecutor.runWorker(ThreadPoolExecutor.java:1149) [?:1.8.0_212]
	at java.util.concurrent.ThreadPoolExecutor$Worker.run(ThreadPoolExecutor.java:624) [?:1.8.0_212]
	at java.lang.Thread.run(Thread.java:748) [?:1.8.0_212]
16:26:43.985 [grpc-default-executor-3] ERROR DNAudit - user=null | ip=null | op=WRITE_CHUNK {blockData=conID: 1 locID: 102435074142699521 bcsId: 14} | ret=FAILURE
org.apache.hadoop.hdds.scm.container.common.helpers.ContainerNotOpenException: Container 1 in CLOSED state
	at org.apache.hadoop.ozone.container.common.impl.HddsDispatcher.validateContainerCommand(HddsDispatcher.java:408) ~[hadoop-hdds-container-service-0.5.0-SNAPSHOT.jar:?]
	at org.apache.hadoop.ozone.container.common.transport.server.ratis.ContainerStateMachine.startTransaction(ContainerStateMachine.java:271) ~[hadoop-hdds-container-service-0.5.0-SNAPSHOT.jar:?]
	at org.apache.ratis.server.impl.RaftServerImpl.submitClientRequestAsync(RaftServerImpl.java:566) ~[ratis-server-0.4.0-2337318-SNAPSHOT.jar:0.4.0-2337318-SNAPSHOT]
	at org.apache.ratis.server.impl.RaftServerProxy.lambda$submitClientRequestAsync$7(RaftServerProxy.java:333) ~[ratis-server-0.4.0-2337318-SNAPSHOT.jar:0.4.0-2337318-SNAPSHOT]
	at org.apache.ratis.server.impl.RaftServerProxy.lambda$null$5(RaftServerProxy.java:328) ~[ratis-server-0.4.0-2337318-SNAPSHOT.jar:0.4.0-2337318-SNAPSHOT]
	at org.apache.ratis.util.JavaUtils.callAsUnchecked(JavaUtils.java:109) ~[ratis-common-0.4.0-2337318-SNAPSHOT.jar:0.4.0-2337318-SNAPSHOT]
	at org.apache.ratis.server.impl.RaftServerProxy.lambda$submitRequest$6(RaftServerProxy.java:328) ~[ratis-server-0.4.0-2337318-SNAPSHOT.jar:0.4.0-2337318-SNAPSHOT]
	at java.util.concurrent.CompletableFuture.uniComposeStage(CompletableFuture.java:981) ~[?:1.8.0_212]
	at java.util.concurrent.CompletableFuture.thenCompose(CompletableFuture.java:2124) ~[?:1.8.0_212]
	at org.apache.ratis.server.impl.RaftServerProxy.submitRequest(RaftServerProxy.java:327) ~[ratis-server-0.4.0-2337318-SNAPSHOT.jar:0.4.0-2337318-SNAPSHOT]
	at org.apache.ratis.server.impl.RaftServerProxy.submitClientRequestAsync(RaftServerProxy.java:333) ~[ratis-server-0.4.0-2337318-SNAPSHOT.jar:0.4.0-2337318-SNAPSHOT]
	at org.apache.ratis.grpc.client.GrpcClientProtocolService$RequestStreamObserver.processClientRequest(GrpcClientProtocolService.java:220) ~[ratis-grpc-0.4.0-2337318-SNAPSHOT.jar:0.4.0-2337318-SNAPSHOT]
	at org.apache.ratis.grpc.client.GrpcClientProtocolService$OrderedRequestStreamObserver.processClientRequest(GrpcClientProtocolService.java:326) ~[ratis-grpc-0.4.0-2337318-SNAPSHOT.jar:0.4.0-2337318-SNAPSHOT]
	at org.apache.ratis.util.SlidingWindow$Server.processRequestsFromHead(SlidingWindow.java:429) [ratis-common-0.4.0-2337318-SNAPSHOT.jar:0.4.0-2337318-SNAPSHOT]
	at org.apache.ratis.util.SlidingWindow$Server.receivedRequest(SlidingWindow.java:421) [ratis-common-0.4.0-2337318-SNAPSHOT.jar:0.4.0-2337318-SNAPSHOT]
	at org.apache.ratis.grpc.client.GrpcClientProtocolService$OrderedRequestStreamObserver.processClientRequest(GrpcClientProtocolService.java:345) [ratis-grpc-0.4.0-2337318-SNAPSHOT.jar:0.4.0-2337318-SNAPSHOT]
	at org.apache.ratis.grpc.client.GrpcClientProtocolService$RequestStreamObserver.onNext(GrpcClientProtocolService.java:240) [ratis-grpc-0.4.0-2337318-SNAPSHOT.jar:0.4.0-2337318-SNAPSHOT]
	at org.apache.ratis.grpc.client.GrpcClientProtocolService$RequestStreamObserver.onNext(GrpcClientProtocolService.java:168) [ratis-grpc-0.4.0-2337318-SNAPSHOT.jar:0.4.0-2337318-SNAPSHOT]
	at org.apache.ratis.thirdparty.io.grpc.stub.ServerCalls$StreamingServerCallHandler$StreamingServerCallListener.onMessage(ServerCalls.java:248) [ratis-thirdparty-misc-0.2.0.jar:0.2.0]
	at org.apache.ratis.thirdparty.io.grpc.internal.ServerCallImpl$ServerStreamListenerImpl.messagesAvailable(ServerCallImpl.java:263) [ratis-thirdparty-misc-0.2.0.jar:0.2.0]
	at org.apache.ratis.thirdparty.io.grpc.internal.ServerImpl$JumpToApplicationThreadServerStreamListener$1MessagesAvailable.runInContext(ServerImpl.java:686) [ratis-thirdparty-misc-0.2.0.jar:0.2.0]
	at org.apache.ratis.thirdparty.io.grpc.internal.ContextRunnable.run(ContextRunnable.java:37) [ratis-thirdparty-misc-0.2.0.jar:0.2.0]
	at org.apache.ratis.thirdparty.io.grpc.internal.SerializingExecutor.run(SerializingExecutor.java:123) [ratis-thirdparty-misc-0.2.0.jar:0.2.0]
	at java.util.concurrent.ThreadPoolExecutor.runWorker(ThreadPoolExecutor.java:1149) [?:1.8.0_212]
	at java.util.concurrent.ThreadPoolExecutor$Worker.run(ThreadPoolExecutor.java:624) [?:1.8.0_212]
	at java.lang.Thread.run(Thread.java:748) [?:1.8.0_212]
16:26:43.995 [grpc-default-executor-3] ERROR DNAudit - user=null | ip=null | op=PUT_BLOCK {blockData=[blockId=conID: 1 locID: 102435074142699521 bcsId: 0,size=650]} | ret=FAILURE
org.apache.hadoop.hdds.scm.container.common.helpers.ContainerNotOpenException: Container 1 in CLOSED state
	at org.apache.hadoop.ozone.container.common.impl.HddsDispatcher.validateContainerCommand(HddsDispatcher.java:408) ~[hadoop-hdds-container-service-0.5.0-SNAPSHOT.jar:?]
	at org.apache.hadoop.ozone.container.common.transport.server.ratis.ContainerStateMachine.startTransaction(ContainerStateMachine.java:271) ~[hadoop-hdds-container-service-0.5.0-SNAPSHOT.jar:?]
	at org.apache.ratis.server.impl.RaftServerImpl.submitClientRequestAsync(RaftServerImpl.java:566) ~[ratis-server-0.4.0-2337318-SNAPSHOT.jar:0.4.0-2337318-SNAPSHOT]
	at org.apache.ratis.server.impl.RaftServerProxy.lambda$submitClientRequestAsync$7(RaftServerProxy.java:333) ~[ratis-server-0.4.0-2337318-SNAPSHOT.jar:0.4.0-2337318-SNAPSHOT]
	at org.apache.ratis.server.impl.RaftServerProxy.lambda$null$5(RaftServerProxy.java:328) ~[ratis-server-0.4.0-2337318-SNAPSHOT.jar:0.4.0-2337318-SNAPSHOT]
	at org.apache.ratis.util.JavaUtils.callAsUnchecked(JavaUtils.java:109) ~[ratis-common-0.4.0-2337318-SNAPSHOT.jar:0.4.0-2337318-SNAPSHOT]
	at org.apache.ratis.server.impl.RaftServerProxy.lambda$submitRequest$6(RaftServerProxy.java:328) ~[ratis-server-0.4.0-2337318-SNAPSHOT.jar:0.4.0-2337318-SNAPSHOT]
	at java.util.concurrent.CompletableFuture.uniComposeStage(CompletableFuture.java:981) ~[?:1.8.0_212]
	at java.util.concurrent.CompletableFuture.thenCompose(CompletableFuture.java:2124) ~[?:1.8.0_212]
	at org.apache.ratis.server.impl.RaftServerProxy.submitRequest(RaftServerProxy.java:327) ~[ratis-server-0.4.0-2337318-SNAPSHOT.jar:0.4.0-2337318-SNAPSHOT]
	at org.apache.ratis.server.impl.RaftServerProxy.submitClientRequestAsync(RaftServerProxy.java:333) ~[ratis-server-0.4.0-2337318-SNAPSHOT.jar:0.4.0-2337318-SNAPSHOT]
	at org.apache.ratis.grpc.client.GrpcClientProtocolService$RequestStreamObserver.processClientRequest(GrpcClientProtocolService.java:220) ~[ratis-grpc-0.4.0-2337318-SNAPSHOT.jar:0.4.0-2337318-SNAPSHOT]
	at org.apache.ratis.grpc.client.GrpcClientProtocolService$OrderedRequestStreamObserver.processClientRequest(GrpcClientProtocolService.java:326) ~[ratis-grpc-0.4.0-2337318-SNAPSHOT.jar:0.4.0-2337318-SNAPSHOT]
	at org.apache.ratis.util.SlidingWindow$Server.processRequestsFromHead(SlidingWindow.java:429) [ratis-common-0.4.0-2337318-SNAPSHOT.jar:0.4.0-2337318-SNAPSHOT]
	at org.apache.ratis.util.SlidingWindow$Server.receivedRequest(SlidingWindow.java:421) [ratis-common-0.4.0-2337318-SNAPSHOT.jar:0.4.0-2337318-SNAPSHOT]
	at org.apache.ratis.grpc.client.GrpcClientProtocolService$OrderedRequestStreamObserver.processClientRequest(GrpcClientProtocolService.java:345) [ratis-grpc-0.4.0-2337318-SNAPSHOT.jar:0.4.0-2337318-SNAPSHOT]
	at org.apache.ratis.grpc.client.GrpcClientProtocolService$RequestStreamObserver.onNext(GrpcClientProtocolService.java:240) [ratis-grpc-0.4.0-2337318-SNAPSHOT.jar:0.4.0-2337318-SNAPSHOT]
	at org.apache.ratis.grpc.client.GrpcClientProtocolService$RequestStreamObserver.onNext(GrpcClientProtocolService.java:168) [ratis-grpc-0.4.0-2337318-SNAPSHOT.jar:0.4.0-2337318-SNAPSHOT]
	at org.apache.ratis.thirdparty.io.grpc.stub.ServerCalls$StreamingServerCallHandler$StreamingServerCallListener.onMessage(ServerCalls.java:248) [ratis-thirdparty-misc-0.2.0.jar:0.2.0]
	at org.apache.ratis.thirdparty.io.grpc.internal.ServerCallImpl$ServerStreamListenerImpl.messagesAvailable(ServerCallImpl.java:263) [ratis-thirdparty-misc-0.2.0.jar:0.2.0]
	at org.apache.ratis.thirdparty.io.grpc.internal.ServerImpl$JumpToApplicationThreadServerStreamListener$1MessagesAvailable.runInContext(ServerImpl.java:686) [ratis-thirdparty-misc-0.2.0.jar:0.2.0]
	at org.apache.ratis.thirdparty.io.grpc.internal.ContextRunnable.run(ContextRunnable.java:37) [ratis-thirdparty-misc-0.2.0.jar:0.2.0]
	at org.apache.ratis.thirdparty.io.grpc.internal.SerializingExecutor.run(SerializingExecutor.java:123) [ratis-thirdparty-misc-0.2.0.jar:0.2.0]
	at java.util.concurrent.ThreadPoolExecutor.runWorker(ThreadPoolExecutor.java:1149) [?:1.8.0_212]
	at java.util.concurrent.ThreadPoolExecutor$Worker.run(ThreadPoolExecutor.java:624) [?:1.8.0_212]
	at java.lang.Thread.run(Thread.java:748) [?:1.8.0_212]
2019-07-13 16:26:44,002 INFO  client.GrpcClientProtocolClient (GrpcClientProtocolClient.java:onNext(255)) - client-551BDB50E0E3->d11a2b3f-362f-4936-97f0-fb201a013f3a: receive RaftClientReply:client-551BDB50E0E3->d11a2b3f-362f-4936-97f0-fb201a013f3a@group-C0FECA17D435, cid=22, FAILED org.apache.ratis.protocol.StateMachineException: org.apache.hadoop.hdds.scm.container.common.helpers.ContainerNotOpenException from Server d11a2b3f-362f-4936-97f0-fb201a013f3a: Container 1 in CLOSED state, logIndex=0, commits[d11a2b3f-362f-4936-97f0-fb201a013f3a:c18, 14325e5d-297b-4230-a948-14d0dd5163ac:c16, 1febe8c9-3e68-41fc-803e-1e0a2dbb3f8a:c18]
16:26:44.003 [grpc-default-executor-3] ERROR DNAudit - user=null | ip=null | op=WRITE_CHUNK {blockData=conID: 1 locID: 102435074142699521 bcsId: 14} | ret=FAILURE
org.apache.hadoop.hdds.scm.container.common.helpers.ContainerNotOpenException: Container 1 in CLOSED state
	at org.apache.hadoop.ozone.container.common.impl.HddsDispatcher.validateContainerCommand(HddsDispatcher.java:408) ~[hadoop-hdds-container-service-0.5.0-SNAPSHOT.jar:?]
	at org.apache.hadoop.ozone.container.common.transport.server.ratis.ContainerStateMachine.startTransaction(ContainerStateMachine.java:271) ~[hadoop-hdds-container-service-0.5.0-SNAPSHOT.jar:?]
	at org.apache.ratis.server.impl.RaftServerImpl.submitClientRequestAsync(RaftServerImpl.java:566) ~[ratis-server-0.4.0-2337318-SNAPSHOT.jar:0.4.0-2337318-SNAPSHOT]
	at org.apache.ratis.server.impl.RaftServerProxy.lambda$submitClientRequestAsync$7(RaftServerProxy.java:333) ~[ratis-server-0.4.0-2337318-SNAPSHOT.jar:0.4.0-2337318-SNAPSHOT]
	at org.apache.ratis.server.impl.RaftServerProxy.lambda$null$5(RaftServerProxy.java:328) ~[ratis-server-0.4.0-2337318-SNAPSHOT.jar:0.4.0-2337318-SNAPSHOT]
	at org.apache.ratis.util.JavaUtils.callAsUnchecked(JavaUtils.java:109) ~[ratis-common-0.4.0-2337318-SNAPSHOT.jar:0.4.0-2337318-SNAPSHOT]
	at org.apache.ratis.server.impl.RaftServerProxy.lambda$submitRequest$6(RaftServerProxy.java:328) ~[ratis-server-0.4.0-2337318-SNAPSHOT.jar:0.4.0-2337318-SNAPSHOT]
	at java.util.concurrent.CompletableFuture.uniComposeStage(CompletableFuture.java:981) ~[?:1.8.0_212]
	at java.util.concurrent.CompletableFuture.thenCompose(CompletableFuture.java:2124) ~[?:1.8.0_212]
	at org.apache.ratis.server.impl.RaftServerProxy.submitRequest(RaftServerProxy.java:327) ~[ratis-server-0.4.0-2337318-SNAPSHOT.jar:0.4.0-2337318-SNAPSHOT]
	at org.apache.ratis.server.impl.RaftServerProxy.submitClientRequestAsync(RaftServerProxy.java:333) ~[ratis-server-0.4.0-2337318-SNAPSHOT.jar:0.4.0-2337318-SNAPSHOT]
	at org.apache.ratis.grpc.client.GrpcClientProtocolService$RequestStreamObserver.processClientRequest(GrpcClientProtocolService.java:220) ~[ratis-grpc-0.4.0-2337318-SNAPSHOT.jar:0.4.0-2337318-SNAPSHOT]
	at org.apache.ratis.grpc.client.GrpcClientProtocolService$OrderedRequestStreamObserver.processClientRequest(GrpcClientProtocolService.java:326) ~[ratis-grpc-0.4.0-2337318-SNAPSHOT.jar:0.4.0-2337318-SNAPSHOT]
	at org.apache.ratis.util.SlidingWindow$Server.processRequestsFromHead(SlidingWindow.java:429) [ratis-common-0.4.0-2337318-SNAPSHOT.jar:0.4.0-2337318-SNAPSHOT]
	at org.apache.ratis.util.SlidingWindow$Server.receivedRequest(SlidingWindow.java:421) [ratis-common-0.4.0-2337318-SNAPSHOT.jar:0.4.0-2337318-SNAPSHOT]
	at org.apache.ratis.grpc.client.GrpcClientProtocolService$OrderedRequestStreamObserver.processClientRequest(GrpcClientProtocolService.java:345) [ratis-grpc-0.4.0-2337318-SNAPSHOT.jar:0.4.0-2337318-SNAPSHOT]
	at org.apache.ratis.grpc.client.GrpcClientProtocolService$RequestStreamObserver.onNext(GrpcClientProtocolService.java:240) [ratis-grpc-0.4.0-2337318-SNAPSHOT.jar:0.4.0-2337318-SNAPSHOT]
	at org.apache.ratis.grpc.client.GrpcClientProtocolService$RequestStreamObserver.onNext(GrpcClientProtocolService.java:168) [ratis-grpc-0.4.0-2337318-SNAPSHOT.jar:0.4.0-2337318-SNAPSHOT]
	at org.apache.ratis.thirdparty.io.grpc.stub.ServerCalls$StreamingServerCallHandler$StreamingServerCallListener.onMessage(ServerCalls.java:248) [ratis-thirdparty-misc-0.2.0.jar:0.2.0]
	at org.apache.ratis.thirdparty.io.grpc.internal.ServerCallImpl$ServerStreamListenerImpl.messagesAvailable(ServerCallImpl.java:263) [ratis-thirdparty-misc-0.2.0.jar:0.2.0]
	at org.apache.ratis.thirdparty.io.grpc.internal.ServerImpl$JumpToApplicationThreadServerStreamListener$1MessagesAvailable.runInContext(ServerImpl.java:686) [ratis-thirdparty-misc-0.2.0.jar:0.2.0]
	at org.apache.ratis.thirdparty.io.grpc.internal.ContextRunnable.run(ContextRunnable.java:37) [ratis-thirdparty-misc-0.2.0.jar:0.2.0]
	at org.apache.ratis.thirdparty.io.grpc.internal.SerializingExecutor.run(SerializingExecutor.java:123) [ratis-thirdparty-misc-0.2.0.jar:0.2.0]
	at java.util.concurrent.ThreadPoolExecutor.runWorker(ThreadPoolExecutor.java:1149) [?:1.8.0_212]
	at java.util.concurrent.ThreadPoolExecutor$Worker.run(ThreadPoolExecutor.java:624) [?:1.8.0_212]
	at java.lang.Thread.run(Thread.java:748) [?:1.8.0_212]
2019-07-13 16:26:44,008 INFO  client.GrpcClientProtocolClient (GrpcClientProtocolClient.java:onNext(255)) - client-551BDB50E0E3->d11a2b3f-362f-4936-97f0-fb201a013f3a: receive RaftClientReply:client-551BDB50E0E3->d11a2b3f-362f-4936-97f0-fb201a013f3a@group-C0FECA17D435, cid=23, FAILED org.apache.ratis.protocol.StateMachineException: org.apache.hadoop.hdds.scm.container.common.helpers.ContainerNotOpenException from Server d11a2b3f-362f-4936-97f0-fb201a013f3a: Container 1 in CLOSED state, logIndex=0, commits[d11a2b3f-362f-4936-97f0-fb201a013f3a:c18, 14325e5d-297b-4230-a948-14d0dd5163ac:c16, 1febe8c9-3e68-41fc-803e-1e0a2dbb3f8a:c18]
2019-07-13 16:26:44,011 INFO  client.GrpcClientProtocolClient (GrpcClientProtocolClient.java:onNext(255)) - client-551BDB50E0E3->d11a2b3f-362f-4936-97f0-fb201a013f3a: receive RaftClientReply:client-551BDB50E0E3->d11a2b3f-362f-4936-97f0-fb201a013f3a@group-C0FECA17D435, cid=24, FAILED org.apache.ratis.protocol.StateMachineException: org.apache.hadoop.hdds.scm.container.common.helpers.ContainerNotOpenException from Server d11a2b3f-362f-4936-97f0-fb201a013f3a: Container 1 in CLOSED state, logIndex=0, commits[d11a2b3f-362f-4936-97f0-fb201a013f3a:c18, 14325e5d-297b-4230-a948-14d0dd5163ac:c16, 1febe8c9-3e68-41fc-803e-1e0a2dbb3f8a:c18]
16:26:44.010 [grpc-default-executor-3] ERROR DNAudit - user=null | ip=null | op=WRITE_CHUNK {blockData=conID: 1 locID: 102435074142699521 bcsId: 14} | ret=FAILURE
org.apache.hadoop.hdds.scm.container.common.helpers.ContainerNotOpenException: Container 1 in CLOSED state
	at org.apache.hadoop.ozone.container.common.impl.HddsDispatcher.validateContainerCommand(HddsDispatcher.java:408) ~[hadoop-hdds-container-service-0.5.0-SNAPSHOT.jar:?]
	at org.apache.hadoop.ozone.container.common.transport.server.ratis.ContainerStateMachine.startTransaction(ContainerStateMachine.java:271) ~[hadoop-hdds-container-service-0.5.0-SNAPSHOT.jar:?]
	at org.apache.ratis.server.impl.RaftServerImpl.submitClientRequestAsync(RaftServerImpl.java:566) ~[ratis-server-0.4.0-2337318-SNAPSHOT.jar:0.4.0-2337318-SNAPSHOT]
	at org.apache.ratis.server.impl.RaftServerProxy.lambda$submitClientRequestAsync$7(RaftServerProxy.java:333) ~[ratis-server-0.4.0-2337318-SNAPSHOT.jar:0.4.0-2337318-SNAPSHOT]
	at org.apache.ratis.server.impl.RaftServerProxy.lambda$null$5(RaftServerProxy.java:328) ~[ratis-server-0.4.0-2337318-SNAPSHOT.jar:0.4.0-2337318-SNAPSHOT]
	at org.apache.ratis.util.JavaUtils.callAsUnchecked(JavaUtils.java:109) ~[ratis-common-0.4.0-2337318-SNAPSHOT.jar:0.4.0-2337318-SNAPSHOT]
	at org.apache.ratis.server.impl.RaftServerProxy.lambda$submitRequest$6(RaftServerProxy.java:328) ~[ratis-server-0.4.0-2337318-SNAPSHOT.jar:0.4.0-2337318-SNAPSHOT]
	at java.util.concurrent.CompletableFuture.uniComposeStage(CompletableFuture.java:981) ~[?:1.8.0_212]
	at java.util.concurrent.CompletableFuture.thenCompose(CompletableFuture.java:2124) ~[?:1.8.0_212]
	at org.apache.ratis.server.impl.RaftServerProxy.submitRequest(RaftServerProxy.java:327) ~[ratis-server-0.4.0-2337318-SNAPSHOT.jar:0.4.0-2337318-SNAPSHOT]
	at org.apache.ratis.server.impl.RaftServerProxy.submitClientRequestAsync(RaftServerProxy.java:333) ~[ratis-server-0.4.0-2337318-SNAPSHOT.jar:0.4.0-2337318-SNAPSHOT]
	at org.apache.ratis.grpc.client.GrpcClientProtocolService$RequestStreamObserver.processClientRequest(GrpcClientProtocolService.java:220) ~[ratis-grpc-0.4.0-2337318-SNAPSHOT.jar:0.4.0-2337318-SNAPSHOT]
	at org.apache.ratis.grpc.client.GrpcClientProtocolService$OrderedRequestStreamObserver.processClientRequest(GrpcClientProtocolService.java:326) ~[ratis-grpc-0.4.0-2337318-SNAPSHOT.jar:0.4.0-2337318-SNAPSHOT]
	at org.apache.ratis.util.SlidingWindow$Server.processRequestsFromHead(SlidingWindow.java:429) [ratis-common-0.4.0-2337318-SNAPSHOT.jar:0.4.0-2337318-SNAPSHOT]
	at org.apache.ratis.util.SlidingWindow$Server.receivedRequest(SlidingWindow.java:421) [ratis-common-0.4.0-2337318-SNAPSHOT.jar:0.4.0-2337318-SNAPSHOT]
	at org.apache.ratis.grpc.client.GrpcClientProtocolService$OrderedRequestStreamObserver.processClientRequest(GrpcClientProtocolService.java:345) [ratis-grpc-0.4.0-2337318-SNAPSHOT.jar:0.4.0-2337318-SNAPSHOT]
	at org.apache.ratis.grpc.client.GrpcClientProtocolService$RequestStreamObserver.onNext(GrpcClientProtocolService.java:240) [ratis-grpc-0.4.0-2337318-SNAPSHOT.jar:0.4.0-2337318-SNAPSHOT]
	at org.apache.ratis.grpc.client.GrpcClientProtocolService$RequestStreamObserver.onNext(GrpcClientProtocolService.java:168) [ratis-grpc-0.4.0-2337318-SNAPSHOT.jar:0.4.0-2337318-SNAPSHOT]
	at org.apache.ratis.thirdparty.io.grpc.stub.ServerCalls$StreamingServerCallHandler$StreamingServerCallListener.onMessage(ServerCalls.java:248) [ratis-thirdparty-misc-0.2.0.jar:0.2.0]
	at org.apache.ratis.thirdparty.io.grpc.internal.ServerCallImpl$ServerStreamListenerImpl.messagesAvailable(ServerCallImpl.java:263) [ratis-thirdparty-misc-0.2.0.jar:0.2.0]
	at org.apache.ratis.thirdparty.io.grpc.internal.ServerImpl$JumpToApplicationThreadServerStreamListener$1MessagesAvailable.runInContext(ServerImpl.java:686) [ratis-thirdparty-misc-0.2.0.jar:0.2.0]
	at org.apache.ratis.thirdparty.io.grpc.internal.ContextRunnable.run(ContextRunnable.java:37) [ratis-thirdparty-misc-0.2.0.jar:0.2.0]
	at org.apache.ratis.thirdparty.io.grpc.internal.SerializingExecutor.run(SerializingExecutor.java:123) [ratis-thirdparty-misc-0.2.0.jar:0.2.0]
	at java.util.concurrent.ThreadPoolExecutor.runWorker(ThreadPoolExecutor.java:1149) [?:1.8.0_212]
	at java.util.concurrent.ThreadPoolExecutor$Worker.run(ThreadPoolExecutor.java:624) [?:1.8.0_212]
	at java.lang.Thread.run(Thread.java:748) [?:1.8.0_212]
2019-07-13 16:26:44,016 INFO  client.GrpcClientProtocolClient (GrpcClientProtocolClient.java:onNext(255)) - client-551BDB50E0E3->d11a2b3f-362f-4936-97f0-fb201a013f3a: receive RaftClientReply:client-551BDB50E0E3->d11a2b3f-362f-4936-97f0-fb201a013f3a@group-C0FECA17D435, cid=25, FAILED org.apache.ratis.protocol.StateMachineException: org.apache.hadoop.hdds.scm.container.common.helpers.ContainerNotOpenException from Server d11a2b3f-362f-4936-97f0-fb201a013f3a: Container 1 in CLOSED state, logIndex=0, commits[d11a2b3f-362f-4936-97f0-fb201a013f3a:c18, 14325e5d-297b-4230-a948-14d0dd5163ac:c16, 1febe8c9-3e68-41fc-803e-1e0a2dbb3f8a:c18]
16:26:44.017 [grpc-default-executor-3] ERROR DNAudit - user=null | ip=null | op=PUT_BLOCK {blockData=[blockId=conID: 1 locID: 102435074142699521 bcsId: 0,size=800]} | ret=FAILURE
org.apache.hadoop.hdds.scm.container.common.helpers.ContainerNotOpenException: Container 1 in CLOSED state
	at org.apache.hadoop.ozone.container.common.impl.HddsDispatcher.validateContainerCommand(HddsDispatcher.java:408) ~[hadoop-hdds-container-service-0.5.0-SNAPSHOT.jar:?]
	at org.apache.hadoop.ozone.container.common.transport.server.ratis.ContainerStateMachine.startTransaction(ContainerStateMachine.java:271) ~[hadoop-hdds-container-service-0.5.0-SNAPSHOT.jar:?]
	at org.apache.ratis.server.impl.RaftServerImpl.submitClientRequestAsync(RaftServerImpl.java:566) ~[ratis-server-0.4.0-2337318-SNAPSHOT.jar:0.4.0-2337318-SNAPSHOT]
	at org.apache.ratis.server.impl.RaftServerProxy.lambda$submitClientRequestAsync$7(RaftServerProxy.java:333) ~[ratis-server-0.4.0-2337318-SNAPSHOT.jar:0.4.0-2337318-SNAPSHOT]
	at org.apache.ratis.server.impl.RaftServerProxy.lambda$null$5(RaftServerProxy.java:328) ~[ratis-server-0.4.0-2337318-SNAPSHOT.jar:0.4.0-2337318-SNAPSHOT]
	at org.apache.ratis.util.JavaUtils.callAsUnchecked(JavaUtils.java:109) ~[ratis-common-0.4.0-2337318-SNAPSHOT.jar:0.4.0-2337318-SNAPSHOT]
	at org.apache.ratis.server.impl.RaftServerProxy.lambda$submitRequest$6(RaftServerProxy.java:328) ~[ratis-server-0.4.0-2337318-SNAPSHOT.jar:0.4.0-2337318-SNAPSHOT]
	at java.util.concurrent.CompletableFuture.uniComposeStage(CompletableFuture.java:981) ~[?:1.8.0_212]
	at java.util.concurrent.CompletableFuture.thenCompose(CompletableFuture.java:2124) ~[?:1.8.0_212]
	at org.apache.ratis.server.impl.RaftServerProxy.submitRequest(RaftServerProxy.java:327) ~[ratis-server-0.4.0-2337318-SNAPSHOT.jar:0.4.0-2337318-SNAPSHOT]
	at org.apache.ratis.server.impl.RaftServerProxy.submitClientRequestAsync(RaftServerProxy.java:333) ~[ratis-server-0.4.0-2337318-SNAPSHOT.jar:0.4.0-2337318-SNAPSHOT]
	at org.apache.ratis.grpc.client.GrpcClientProtocolService$RequestStreamObserver.processClientRequest(GrpcClientProtocolService.java:220) ~[ratis-grpc-0.4.0-2337318-SNAPSHOT.jar:0.4.0-2337318-SNAPSHOT]
	at org.apache.ratis.grpc.client.GrpcClientProtocolService$OrderedRequestStreamObserver.processClientRequest(GrpcClientProtocolService.java:326) ~[ratis-grpc-0.4.0-2337318-SNAPSHOT.jar:0.4.0-2337318-SNAPSHOT]
	at org.apache.ratis.util.SlidingWindow$Server.processRequestsFromHead(SlidingWindow.java:429) [ratis-common-0.4.0-2337318-SNAPSHOT.jar:0.4.0-2337318-SNAPSHOT]
	at org.apache.ratis.util.SlidingWindow$Server.receivedRequest(SlidingWindow.java:421) [ratis-common-0.4.0-2337318-SNAPSHOT.jar:0.4.0-2337318-SNAPSHOT]
	at org.apache.ratis.grpc.client.GrpcClientProtocolService$OrderedRequestStreamObserver.processClientRequest(GrpcClientProtocolService.java:345) [ratis-grpc-0.4.0-2337318-SNAPSHOT.jar:0.4.0-2337318-SNAPSHOT]
	at org.apache.ratis.grpc.client.GrpcClientProtocolService$RequestStreamObserver.onNext(GrpcClientProtocolService.java:240) [ratis-grpc-0.4.0-2337318-SNAPSHOT.jar:0.4.0-2337318-SNAPSHOT]
	at org.apache.ratis.grpc.client.GrpcClientProtocolService$RequestStreamObserver.onNext(GrpcClientProtocolService.java:168) [ratis-grpc-0.4.0-2337318-SNAPSHOT.jar:0.4.0-2337318-SNAPSHOT]
	at org.apache.ratis.thirdparty.io.grpc.stub.ServerCalls$StreamingServerCallHandler$StreamingServerCallListener.onMessage(ServerCalls.java:248) [ratis-thirdparty-misc-0.2.0.jar:0.2.0]
	at org.apache.ratis.thirdparty.io.grpc.internal.ServerCallImpl$ServerStreamListenerImpl.messagesAvailable(ServerCallImpl.java:263) [ratis-thirdparty-misc-0.2.0.jar:0.2.0]
	at org.apache.ratis.thirdparty.io.grpc.internal.ServerImpl$JumpToApplicationThreadServerStreamListener$1MessagesAvailable.runInContext(ServerImpl.java:686) [ratis-thirdparty-misc-0.2.0.jar:0.2.0]
	at org.apache.ratis.thirdparty.io.grpc.internal.ContextRunnable.run(ContextRunnable.java:37) [ratis-thirdparty-misc-0.2.0.jar:0.2.0]
	at org.apache.ratis.thirdparty.io.grpc.internal.SerializingExecutor.run(SerializingExecutor.java:123) [ratis-thirdparty-misc-0.2.0.jar:0.2.0]
	at java.util.concurrent.ThreadPoolExecutor.runWorker(ThreadPoolExecutor.java:1149) [?:1.8.0_212]
	at java.util.concurrent.ThreadPoolExecutor$Worker.run(ThreadPoolExecutor.java:624) [?:1.8.0_212]
	at java.lang.Thread.run(Thread.java:748) [?:1.8.0_212]
2019-07-13 16:26:44,022 INFO  client.GrpcClientProtocolClient (GrpcClientProtocolClient.java:onNext(255)) - client-551BDB50E0E3->d11a2b3f-362f-4936-97f0-fb201a013f3a: receive RaftClientReply:client-551BDB50E0E3->d11a2b3f-362f-4936-97f0-fb201a013f3a@group-C0FECA17D435, cid=26, FAILED org.apache.ratis.protocol.StateMachineException: org.apache.hadoop.hdds.scm.container.common.helpers.ContainerNotOpenException from Server d11a2b3f-362f-4936-97f0-fb201a013f3a: Container 1 in CLOSED state, logIndex=0, commits[d11a2b3f-362f-4936-97f0-fb201a013f3a:c18, 14325e5d-297b-4230-a948-14d0dd5163ac:c16, 1febe8c9-3e68-41fc-803e-1e0a2dbb3f8a:c18]
2019-07-13 16:26:44,025 INFO  client.GrpcClientProtocolClient (GrpcClientProtocolClient.java:onNext(255)) - client-551BDB50E0E3->d11a2b3f-362f-4936-97f0-fb201a013f3a: receive RaftClientReply:client-551BDB50E0E3->d11a2b3f-362f-4936-97f0-fb201a013f3a@group-C0FECA17D435, cid=27, FAILED org.apache.ratis.protocol.StateMachineException: org.apache.hadoop.hdds.scm.container.common.helpers.ContainerNotOpenException from Server d11a2b3f-362f-4936-97f0-fb201a013f3a: Container 1 in CLOSED state, logIndex=0, commits[d11a2b3f-362f-4936-97f0-fb201a013f3a:c18, 14325e5d-297b-4230-a948-14d0dd5163ac:c16, 1febe8c9-3e68-41fc-803e-1e0a2dbb3f8a:c18]
2019-07-13 16:26:44,080 INFO  client.GrpcClientProtocolClient (GrpcClientProtocolClient.java:onNext(255)) - client-D0EB6E1ED4FD->70e4dd9f-3b94-4d19-ba43-f83a8be65831: receive RaftClientReply:client-D0EB6E1ED4FD->70e4dd9f-3b94-4d19-ba43-f83a8be65831@group-349E2213627B, cid=28, FAILED org.apache.ratis.protocol.NotLeaderException: Server 70e4dd9f-3b94-4d19-ba43-f83a8be65831 is not the leader (29b6b04b-4a33-43a2-8f94-ee83b13355a5:192.168.5.187:39836). Request must be sent to leader., logIndex=0, commits[70e4dd9f-3b94-4d19-ba43-f83a8be65831:c0, d4583721-577b-4654-9040-19b2cb0aebc2:c0, 29b6b04b-4a33-43a2-8f94-ee83b13355a5:c0]
2019-07-13 16:26:44,247 INFO  client.GrpcClientProtocolClient (GrpcClientProtocolClient.java:onNext(255)) - client-D0EB6E1ED4FD->29b6b04b-4a33-43a2-8f94-ee83b13355a5: receive RaftClientReply:client-D0EB6E1ED4FD->29b6b04b-4a33-43a2-8f94-ee83b13355a5@group-349E2213627B, cid=28, SUCCESS, logIndex=1, commits[29b6b04b-4a33-43a2-8f94-ee83b13355a5:c1, d4583721-577b-4654-9040-19b2cb0aebc2:c0, 70e4dd9f-3b94-4d19-ba43-f83a8be65831:c0]
2019-07-13 16:26:44,276 INFO  client.GrpcClientProtocolClient (GrpcClientProtocolClient.java:onNext(255)) - client-D0EB6E1ED4FD->29b6b04b-4a33-43a2-8f94-ee83b13355a5: receive RaftClientReply:client-D0EB6E1ED4FD->29b6b04b-4a33-43a2-8f94-ee83b13355a5@group-349E2213627B, cid=29, SUCCESS, logIndex=3, commits[29b6b04b-4a33-43a2-8f94-ee83b13355a5:c3, d4583721-577b-4654-9040-19b2cb0aebc2:c2, 70e4dd9f-3b94-4d19-ba43-f83a8be65831:c2]
2019-07-13 16:26:44,331 INFO  client.GrpcClientProtocolClient (GrpcClientProtocolClient.java:onNext(255)) - client-D0EB6E1ED4FD->29b6b04b-4a33-43a2-8f94-ee83b13355a5: receive RaftClientReply:client-D0EB6E1ED4FD->29b6b04b-4a33-43a2-8f94-ee83b13355a5@group-349E2213627B, cid=30, SUCCESS, logIndex=4, commits[29b6b04b-4a33-43a2-8f94-ee83b13355a5:c12, d4583721-577b-4654-9040-19b2cb0aebc2:c7, 70e4dd9f-3b94-4d19-ba43-f83a8be65831:c7]
2019-07-13 16:26:44,332 INFO  client.GrpcClientProtocolClient (GrpcClientProtocolClient.java:onNext(255)) - client-D0EB6E1ED4FD->29b6b04b-4a33-43a2-8f94-ee83b13355a5: receive RaftClientReply:client-D0EB6E1ED4FD->29b6b04b-4a33-43a2-8f94-ee83b13355a5@group-349E2213627B, cid=31, SUCCESS, logIndex=5, commits[29b6b04b-4a33-43a2-8f94-ee83b13355a5:c12, d4583721-577b-4654-9040-19b2cb0aebc2:c7, 70e4dd9f-3b94-4d19-ba43-f83a8be65831:c7]
2019-07-13 16:26:44,333 INFO  client.GrpcClientProtocolClient (GrpcClientProtocolClient.java:onNext(255)) - client-D0EB6E1ED4FD->29b6b04b-4a33-43a2-8f94-ee83b13355a5: receive RaftClientReply:client-D0EB6E1ED4FD->29b6b04b-4a33-43a2-8f94-ee83b13355a5@group-349E2213627B, cid=32, SUCCESS, logIndex=6, commits[29b6b04b-4a33-43a2-8f94-ee83b13355a5:c12, d4583721-577b-4654-9040-19b2cb0aebc2:c7, 70e4dd9f-3b94-4d19-ba43-f83a8be65831:c7]
2019-07-13 16:26:44,373 INFO  client.GrpcClientProtocolClient (GrpcClientProtocolClient.java:onNext(255)) - client-D0EB6E1ED4FD->29b6b04b-4a33-43a2-8f94-ee83b13355a5: receive RaftClientReply:client-D0EB6E1ED4FD->29b6b04b-4a33-43a2-8f94-ee83b13355a5@group-349E2213627B, cid=33, SUCCESS, logIndex=7, commits[29b6b04b-4a33-43a2-8f94-ee83b13355a5:c12, d4583721-577b-4654-9040-19b2cb0aebc2:c7, 70e4dd9f-3b94-4d19-ba43-f83a8be65831:c7]
2019-07-13 16:26:44,392 INFO  client.GrpcClientProtocolClient (GrpcClientProtocolClient.java:onNext(255)) - client-D0EB6E1ED4FD->29b6b04b-4a33-43a2-8f94-ee83b13355a5: receive RaftClientReply:client-D0EB6E1ED4FD->29b6b04b-4a33-43a2-8f94-ee83b13355a5@group-349E2213627B, cid=34, SUCCESS, logIndex=13, commits[29b6b04b-4a33-43a2-8f94-ee83b13355a5:c13, d4583721-577b-4654-9040-19b2cb0aebc2:c12, 70e4dd9f-3b94-4d19-ba43-f83a8be65831:c12]
2019-07-13 16:26:44,393 INFO  client.GrpcClientProtocolClient (GrpcClientProtocolClient.java:onNext(255)) - client-D0EB6E1ED4FD->29b6b04b-4a33-43a2-8f94-ee83b13355a5: receive RaftClientReply:client-D0EB6E1ED4FD->29b6b04b-4a33-43a2-8f94-ee83b13355a5@group-349E2213627B, cid=35, SUCCESS, logIndex=14, commits[29b6b04b-4a33-43a2-8f94-ee83b13355a5:c14, d4583721-577b-4654-9040-19b2cb0aebc2:c12, 70e4dd9f-3b94-4d19-ba43-f83a8be65831:c12]
2019-07-13 16:26:44,408 INFO  client.GrpcClientProtocolClient (GrpcClientProtocolClient.java:onNext(255)) - client-D0EB6E1ED4FD->29b6b04b-4a33-43a2-8f94-ee83b13355a5: receive RaftClientReply:client-D0EB6E1ED4FD->29b6b04b-4a33-43a2-8f94-ee83b13355a5@group-349E2213627B, cid=36, SUCCESS, logIndex=0, commits[29b6b04b-4a33-43a2-8f94-ee83b13355a5:c16, d4583721-577b-4654-9040-19b2cb0aebc2:c14, 70e4dd9f-3b94-4d19-ba43-f83a8be65831:c14]
2019-07-13 16:26:44,410 INFO  ozone.MiniOzoneClusterImpl (MiniOzoneClusterImpl.java:shutdown(321)) - Shutting down the Mini Ozone Cluster
2019-07-13 16:26:44,410 INFO  ozone.MiniOzoneClusterImpl (MiniOzoneClusterImpl.java:stop(336)) - Stopping the Mini Ozone Cluster
2019-07-13 16:26:44,410 INFO  ozone.MiniOzoneClusterImpl (MiniOzoneClusterImpl.java:stop(338)) - Stopping the OzoneManager
2019-07-13 16:26:44,411 INFO  ipc.Server (Server.java:stop(3082)) - Stopping server on 39566
2019-07-13 16:26:44,411 INFO  ipc.Server (Server.java:run(1185)) - Stopping IPC Server listener on 39566
2019-07-13 16:26:44,412 INFO  utils.BackgroundService (BackgroundService.java:shutdown(148)) - Shutting down service KeyDeletingService
2019-07-13 16:26:44,414 INFO  ipc.Server (Server.java:run(1319)) - Stopping IPC Server Responder
2019-07-13 16:26:44,415 INFO  handler.ContextHandler (ContextHandler.java:doStop(910)) - Stopped o.e.j.w.WebAppContext@1b9c1b51{/,null,UNAVAILABLE}{/ozoneManager}
2019-07-13 16:26:44,416 INFO  server.AbstractConnector (AbstractConnector.java:doStop(318)) - Stopped ServerConnector@2e52fb3e{HTTP/1.1,[http/1.1]}{0.0.0.0:0}
2019-07-13 16:26:44,417 INFO  handler.ContextHandler (ContextHandler.java:doStop(910)) - Stopped o.e.j.s.ServletContextHandler@35c09b94{/static,file:///tmp/workdir/hadoop-ozone/integration-test/target/test-classes/webapps/static,UNAVAILABLE}
2019-07-13 16:26:44,417 INFO  handler.ContextHandler (ContextHandler.java:doStop(910)) - Stopped o.e.j.s.ServletContextHandler@6ac97b84{/logs,file:///tmp/workdir/hadoop-ozone/integration-test/target/log,UNAVAILABLE}
2019-07-13 16:26:44,422 INFO  ozone.MiniOzoneClusterImpl (MiniOzoneClusterImpl.java:stop(344)) - Shutting the HddsDatanodes
2019-07-13 16:26:44,423 INFO  datanode.ObjectStoreHandler (ObjectStoreHandler.java:close(155)) - Closing ObjectStoreHandler.
2019-07-13 16:26:44,423 INFO  datanode.ObjectStoreHandler (ObjectStoreHandler.java:close(155)) - Closing ObjectStoreHandler.
2019-07-13 16:26:44,425 INFO  ozone.HddsDatanodeService (HddsDatanodeService.java:stop(452)) - Stopped plug-in org.apache.hadoop.ozone.web.OzoneHddsDatanodeService@15d236fd
2019-07-13 16:26:44,425 INFO  ozone.HddsDatanodeService (HddsDatanodeService.java:stop(452)) - Stopped plug-in org.apache.hadoop.ozone.web.OzoneHddsDatanodeService@5729b410
2019-07-13 16:26:44,474 INFO  statemachine.DatanodeStateMachine (DatanodeStateMachine.java:lambda$startDaemon$0(350)) - Ozone container server started.
2019-07-13 16:26:45,225 INFO  statemachine.DatanodeStateMachine (DatanodeStateMachine.java:lambda$startDaemon$0(350)) - Ozone container server started.
2019-07-13 16:26:45,471 WARN  server.GrpcLogAppender (LogUtils.java:warn(134)) - d11a2b3f-362f-4936-97f0-fb201a013f3a->1febe8c9-3e68-41fc-803e-1e0a2dbb3f8a: Failed appendEntries: org.apache.ratis.thirdparty.io.grpc.StatusRuntimeException: UNAVAILABLE: io exception
2019-07-13 16:26:45,471 WARN  server.GrpcLogAppender (LogUtils.java:warn(134)) - d11a2b3f-362f-4936-97f0-fb201a013f3a->14325e5d-297b-4230-a948-14d0dd5163ac: Failed appendEntries: org.apache.ratis.thirdparty.io.grpc.StatusRuntimeException: UNAVAILABLE: io exception
2019-07-13 16:26:45,473 INFO  impl.FollowerInfo (FollowerInfo.java:lambda$new$0(50)) - d11a2b3f-362f-4936-97f0-fb201a013f3a->1febe8c9-3e68-41fc-803e-1e0a2dbb3f8a: nextIndex: updateUnconditionally 18 -> 17
2019-07-13 16:26:45,475 INFO  impl.FollowerInfo (FollowerInfo.java:lambda$new$0(50)) - d11a2b3f-362f-4936-97f0-fb201a013f3a->14325e5d-297b-4230-a948-14d0dd5163ac: nextIndex: updateUnconditionally 15 -> 14
2019-07-13 16:26:47,974 WARN  server.GrpcLogAppender (LogUtils.java:warn(134)) - d11a2b3f-362f-4936-97f0-fb201a013f3a->14325e5d-297b-4230-a948-14d0dd5163ac: Failed appendEntries: org.apache.ratis.thirdparty.io.grpc.StatusRuntimeException: UNAVAILABLE: io exception
2019-07-13 16:26:47,974 WARN  server.GrpcLogAppender (LogUtils.java:warn(134)) - d11a2b3f-362f-4936-97f0-fb201a013f3a->1febe8c9-3e68-41fc-803e-1e0a2dbb3f8a: Failed appendEntries: org.apache.ratis.thirdparty.io.grpc.StatusRuntimeException: UNAVAILABLE: io exception
2019-07-13 16:26:47,976 INFO  impl.FollowerInfo (FollowerInfo.java:lambda$new$0(50)) - d11a2b3f-362f-4936-97f0-fb201a013f3a->14325e5d-297b-4230-a948-14d0dd5163ac: nextIndex: updateUnconditionally 14 -> 13
2019-07-13 16:26:47,978 INFO  impl.FollowerInfo (FollowerInfo.java:lambda$new$0(50)) - d11a2b3f-362f-4936-97f0-fb201a013f3a->1febe8c9-3e68-41fc-803e-1e0a2dbb3f8a: nextIndex: updateUnconditionally 17 -> 16
2019-07-13 16:26:48,488 INFO  node.StaleNodeHandler (StaleNodeHandler.java:onMessage(58)) - Datanode d11a2b3f-362f-4936-97f0-fb201a013f3a{ip: 192.168.5.187, host: trunk-nightly-z92hn-1831959607, networkLocation: /default-rack, certSerialId: null} moved to stale state. Finalizing its pipelines [PipelineID=c72393d0-4ab6-46ed-9565-bec88c26569b, PipelineID=1deb054a-1776-42cb-8228-c0feca17d435]
2019-07-13 16:26:48,489 INFO  pipeline.SCMPipelineManager (SCMPipelineManager.java:finalizeAndDestroyPipeline(309)) - destroying pipeline:Pipeline[ Id: c72393d0-4ab6-46ed-9565-bec88c26569b, Nodes: d11a2b3f-362f-4936-97f0-fb201a013f3a{ip: 192.168.5.187, host: trunk-nightly-z92hn-1831959607, networkLocation: /default-rack, certSerialId: null}, Type:RATIS, Factor:ONE, State:OPEN]
2019-07-13 16:26:48,489 INFO  pipeline.PipelineStateManager (PipelineStateManager.java:finalizePipeline(123)) - Pipeline Pipeline[ Id: c72393d0-4ab6-46ed-9565-bec88c26569b, Nodes: d11a2b3f-362f-4936-97f0-fb201a013f3a{ip: 192.168.5.187, host: trunk-nightly-z92hn-1831959607, networkLocation: /default-rack, certSerialId: null}, Type:RATIS, Factor:ONE, State:CLOSED] moved to CLOSED state
2019-07-13 16:26:48,489 INFO  pipeline.SCMPipelineManager (SCMPipelineManager.java:finalizeAndDestroyPipeline(309)) - destroying pipeline:Pipeline[ Id: 1deb054a-1776-42cb-8228-c0feca17d435, Nodes: 14325e5d-297b-4230-a948-14d0dd5163ac{ip: 192.168.5.187, host: trunk-nightly-z92hn-1831959607, networkLocation: /default-rack, certSerialId: null}1febe8c9-3e68-41fc-803e-1e0a2dbb3f8a{ip: 192.168.5.187, host: trunk-nightly-z92hn-1831959607, networkLocation: /default-rack, certSerialId: null}d11a2b3f-362f-4936-97f0-fb201a013f3a{ip: 192.168.5.187, host: trunk-nightly-z92hn-1831959607, networkLocation: /default-rack, certSerialId: null}, Type:RATIS, Factor:THREE, State:CLOSED]
2019-07-13 16:26:49,290 INFO  node.StaleNodeHandler (StaleNodeHandler.java:onMessage(58)) - Datanode 29b6b04b-4a33-43a2-8f94-ee83b13355a5{ip: 192.168.5.187, host: trunk-nightly-z92hn-1831959607, networkLocation: /default-rack, certSerialId: null} moved to stale state. Finalizing its pipelines [PipelineID=1cba6e65-123b-43c1-8394-f7921697d03e, PipelineID=05860783-9812-47f9-85f4-349e2213627b]
2019-07-13 16:26:49,290 INFO  pipeline.SCMPipelineManager (SCMPipelineManager.java:finalizeAndDestroyPipeline(309)) - destroying pipeline:Pipeline[ Id: 1cba6e65-123b-43c1-8394-f7921697d03e, Nodes: 29b6b04b-4a33-43a2-8f94-ee83b13355a5{ip: 192.168.5.187, host: trunk-nightly-z92hn-1831959607, networkLocation: /default-rack, certSerialId: null}, Type:RATIS, Factor:ONE, State:OPEN]
2019-07-13 16:26:49,290 INFO  pipeline.PipelineStateManager (PipelineStateManager.java:finalizePipeline(123)) - Pipeline Pipeline[ Id: 1cba6e65-123b-43c1-8394-f7921697d03e, Nodes: 29b6b04b-4a33-43a2-8f94-ee83b13355a5{ip: 192.168.5.187, host: trunk-nightly-z92hn-1831959607, networkLocation: /default-rack, certSerialId: null}, Type:RATIS, Factor:ONE, State:CLOSED] moved to CLOSED state
2019-07-13 16:26:49,290 INFO  pipeline.SCMPipelineManager (SCMPipelineManager.java:finalizeAndDestroyPipeline(309)) - destroying pipeline:Pipeline[ Id: 05860783-9812-47f9-85f4-349e2213627b, Nodes: 70e4dd9f-3b94-4d19-ba43-f83a8be65831{ip: 192.168.5.187, host: trunk-nightly-z92hn-1831959607, networkLocation: /default-rack, certSerialId: null}d4583721-577b-4654-9040-19b2cb0aebc2{ip: 192.168.5.187, host: trunk-nightly-z92hn-1831959607, networkLocation: /default-rack, certSerialId: null}29b6b04b-4a33-43a2-8f94-ee83b13355a5{ip: 192.168.5.187, host: trunk-nightly-z92hn-1831959607, networkLocation: /default-rack, certSerialId: null}, Type:RATIS, Factor:THREE, State:OPEN]
2019-07-13 16:26:49,291 INFO  pipeline.PipelineStateManager (PipelineStateManager.java:finalizePipeline(123)) - Pipeline Pipeline[ Id: 05860783-9812-47f9-85f4-349e2213627b, Nodes: 70e4dd9f-3b94-4d19-ba43-f83a8be65831{ip: 192.168.5.187, host: trunk-nightly-z92hn-1831959607, networkLocation: /default-rack, certSerialId: null}d4583721-577b-4654-9040-19b2cb0aebc2{ip: 192.168.5.187, host: trunk-nightly-z92hn-1831959607, networkLocation: /default-rack, certSerialId: null}29b6b04b-4a33-43a2-8f94-ee83b13355a5{ip: 192.168.5.187, host: trunk-nightly-z92hn-1831959607, networkLocation: /default-rack, certSerialId: null}, Type:RATIS, Factor:THREE, State:CLOSED] moved to CLOSED state
2019-07-13 16:26:49,291 INFO  container.CloseContainerEventHandler (CloseContainerEventHandler.java:onMessage(61)) - Close container Event triggered for container : #2
2019-07-13 16:26:49,426 INFO  ozoneimpl.OzoneContainer (OzoneContainer.java:stop(199)) - Attempting to stop container services.
2019-07-13 16:26:49,428 INFO  ozoneimpl.OzoneContainer (OzoneContainer.java:stop(199)) - Attempting to stop container services.
2019-07-13 16:26:49,429 INFO  impl.RaftServerProxy (RaftServerProxy.java:lambda$close$4(314)) - 29b6b04b-4a33-43a2-8f94-ee83b13355a5: close
2019-07-13 16:26:49,429 INFO  impl.RaftServerProxy (RaftServerProxy.java:lambda$close$4(314)) - d11a2b3f-362f-4936-97f0-fb201a013f3a: close
2019-07-13 16:26:49,430 INFO  impl.RaftServerImpl (RaftServerImpl.java:lambda$shutdown$3(245)) - 29b6b04b-4a33-43a2-8f94-ee83b13355a5: shutdown group-F7921697D03E
2019-07-13 16:26:49,430 INFO  impl.RaftServerImpl (RaftServerImpl.java:lambda$shutdown$3(245)) - d11a2b3f-362f-4936-97f0-fb201a013f3a: shutdown group-BEC88C26569B
2019-07-13 16:26:49,430 INFO  util.JmxRegister (JmxRegister.java:unregister(73)) - Successfully un-registered JMX Bean with object name Ratis:service=RaftServer,group=group-F7921697D03E,id=29b6b04b-4a33-43a2-8f94-ee83b13355a5
2019-07-13 16:26:49,431 INFO  util.JmxRegister (JmxRegister.java:unregister(73)) - Successfully un-registered JMX Bean with object name Ratis:service=RaftServer,group=group-BEC88C26569B,id=d11a2b3f-362f-4936-97f0-fb201a013f3a
2019-07-13 16:26:49,431 INFO  impl.RoleInfo (RoleInfo.java:shutdownLeaderState(104)) - 29b6b04b-4a33-43a2-8f94-ee83b13355a5: shutdown LeaderState
2019-07-13 16:26:49,431 INFO  impl.RoleInfo (RoleInfo.java:shutdownLeaderState(104)) - d11a2b3f-362f-4936-97f0-fb201a013f3a: shutdown LeaderState
2019-07-13 16:26:49,432 INFO  impl.PendingRequests (PendingRequests.java:sendNotLeaderResponses(202)) - 29b6b04b-4a33-43a2-8f94-ee83b13355a5-PendingRequests: sendNotLeaderResponses
2019-07-13 16:26:49,432 INFO  impl.PendingRequests (PendingRequests.java:sendNotLeaderResponses(202)) - d11a2b3f-362f-4936-97f0-fb201a013f3a-PendingRequests: sendNotLeaderResponses
2019-07-13 16:26:49,435 INFO  impl.StateMachineUpdater (StateMachineUpdater.java:stopAndJoin(115)) - StateMachineUpdater:29b6b04b-4a33-43a2-8f94-ee83b13355a5:group-F7921697D03E: set stopIndex = 0
2019-07-13 16:26:49,435 INFO  ratis.ContainerStateMachine (ContainerStateMachine.java:takeSnapshot(246)) - Taking snapshot at termIndex:(t:0, i:~)
2019-07-13 16:26:49,435 INFO  ratis.ContainerStateMachine (ContainerStateMachine.java:takeSnapshot(246)) - Taking snapshot at termIndex:(t:0, i:~)
2019-07-13 16:26:49,435 INFO  impl.StateMachineUpdater (StateMachineUpdater.java:stopAndJoin(115)) - StateMachineUpdater:d11a2b3f-362f-4936-97f0-fb201a013f3a:group-BEC88C26569B: set stopIndex = 0
2019-07-13 16:26:49,439 INFO  impl.RaftServerImpl (ServerState.java:close(394)) - d11a2b3f-362f-4936-97f0-fb201a013f3a:group-BEC88C26569B closes. The last applied log index is 0
2019-07-13 16:26:49,439 INFO  impl.RaftServerImpl (ServerState.java:close(394)) - 29b6b04b-4a33-43a2-8f94-ee83b13355a5:group-F7921697D03E closes. The last applied log index is 0
2019-07-13 16:26:49,440 INFO  segmented.SegmentedRaftLogWorker (SegmentedRaftLogWorker.java:run(313)) - d11a2b3f-362f-4936-97f0-fb201a013f3a-SegmentedRaftLogWorker:Storage Directory /tmp/workdir/hadoop-ozone/integration-test/target/test-dir/MiniOzoneClusterImpl-488cee6e-9812-43b4-a1dd-ea710523146f/datanode-1/data/ratis/c72393d0-4ab6-46ed-9565-bec88c26569b was interrupted, exiting. There are 0 tasks remaining in the queue.
2019-07-13 16:26:49,440 INFO  segmented.SegmentedRaftLogWorker (SegmentedRaftLogWorker.java:run(313)) - 29b6b04b-4a33-43a2-8f94-ee83b13355a5-SegmentedRaftLogWorker:Storage Directory /tmp/workdir/hadoop-ozone/integration-test/target/test-dir/MiniOzoneClusterImpl-488cee6e-9812-43b4-a1dd-ea710523146f/datanode-4/data/ratis/1cba6e65-123b-43c1-8394-f7921697d03e was interrupted, exiting. There are 0 tasks remaining in the queue.
2019-07-13 16:26:49,442 INFO  segmented.SegmentedRaftLogWorker (SegmentedRaftLogWorker.java:close(228)) - d11a2b3f-362f-4936-97f0-fb201a013f3a-SegmentedRaftLogWorker:Storage Directory /tmp/workdir/hadoop-ozone/integration-test/target/test-dir/MiniOzoneClusterImpl-488cee6e-9812-43b4-a1dd-ea710523146f/datanode-1/data/ratis/c72393d0-4ab6-46ed-9565-bec88c26569b close()
2019-07-13 16:26:49,447 INFO  impl.RaftServerImpl (RaftServerImpl.java:lambda$shutdown$3(245)) - d11a2b3f-362f-4936-97f0-fb201a013f3a: shutdown group-C0FECA17D435
2019-07-13 16:26:49,448 INFO  util.JmxRegister (JmxRegister.java:unregister(73)) - Successfully un-registered JMX Bean with object name Ratis:service=RaftServer,group=group-C0FECA17D435,id=d11a2b3f-362f-4936-97f0-fb201a013f3a
2019-07-13 16:26:49,448 INFO  impl.RoleInfo (RoleInfo.java:shutdownLeaderState(104)) - d11a2b3f-362f-4936-97f0-fb201a013f3a: shutdown LeaderState
2019-07-13 16:26:49,452 INFO  impl.PendingRequests (PendingRequests.java:sendNotLeaderResponses(202)) - d11a2b3f-362f-4936-97f0-fb201a013f3a-PendingRequests: sendNotLeaderResponses
2019-07-13 16:26:49,452 WARN  server.GrpcLogAppender (GrpcLogAppender.java:mayWait(143)) - GrpcLogAppender(d11a2b3f-362f-4936-97f0-fb201a013f3a->14325e5d-297b-4230-a948-14d0dd5163ac): Wait interrupted by java.lang.InterruptedException
2019-07-13 16:26:49,452 WARN  server.GrpcLogAppender (GrpcLogAppender.java:mayWait(143)) - GrpcLogAppender(d11a2b3f-362f-4936-97f0-fb201a013f3a->1febe8c9-3e68-41fc-803e-1e0a2dbb3f8a): Wait interrupted by java.lang.InterruptedException
2019-07-13 16:26:49,463 INFO  segmented.SegmentedRaftLogWorker (SegmentedRaftLogWorker.java:close(228)) - 29b6b04b-4a33-43a2-8f94-ee83b13355a5-SegmentedRaftLogWorker:Storage Directory /tmp/workdir/hadoop-ozone/integration-test/target/test-dir/MiniOzoneClusterImpl-488cee6e-9812-43b4-a1dd-ea710523146f/datanode-4/data/ratis/1cba6e65-123b-43c1-8394-f7921697d03e close()
2019-07-13 16:26:49,467 INFO  impl.RaftServerImpl (RaftServerImpl.java:lambda$shutdown$3(245)) - 29b6b04b-4a33-43a2-8f94-ee83b13355a5: shutdown group-349E2213627B
2019-07-13 16:26:49,467 INFO  util.JmxRegister (JmxRegister.java:unregister(73)) - Successfully un-registered JMX Bean with object name Ratis:service=RaftServer,group=group-349E2213627B,id=29b6b04b-4a33-43a2-8f94-ee83b13355a5
2019-07-13 16:26:49,468 INFO  impl.RoleInfo (RoleInfo.java:shutdownLeaderState(104)) - 29b6b04b-4a33-43a2-8f94-ee83b13355a5: shutdown LeaderState
2019-07-13 16:26:49,471 WARN  server.GrpcLogAppender (GrpcLogAppender.java:mayWait(143)) - GrpcLogAppender(29b6b04b-4a33-43a2-8f94-ee83b13355a5->70e4dd9f-3b94-4d19-ba43-f83a8be65831): Wait interrupted by java.lang.InterruptedException
2019-07-13 16:26:49,471 WARN  server.GrpcLogAppender (GrpcLogAppender.java:mayWait(143)) - GrpcLogAppender(29b6b04b-4a33-43a2-8f94-ee83b13355a5->d4583721-577b-4654-9040-19b2cb0aebc2): Wait interrupted by java.lang.InterruptedException
2019-07-13 16:26:49,471 INFO  impl.PendingRequests (PendingRequests.java:sendNotLeaderResponses(202)) - 29b6b04b-4a33-43a2-8f94-ee83b13355a5-PendingRequests: sendNotLeaderResponses
2019-07-13 16:26:49,476 INFO  ratis.ContainerStateMachine (ContainerStateMachine.java:takeSnapshot(246)) - Taking snapshot at termIndex:(t:1, i:18)
2019-07-13 16:26:49,476 INFO  ratis.ContainerStateMachine (ContainerStateMachine.java:takeSnapshot(250)) - Taking a snapshot to file /tmp/workdir/hadoop-ozone/integration-test/target/test-dir/MiniOzoneClusterImpl-488cee6e-9812-43b4-a1dd-ea710523146f/datanode-1/data/ratis/1deb054a-1776-42cb-8228-c0feca17d435/sm/snapshot.1_18
2019-07-13 16:26:49,480 INFO  server.GrpcServerProtocolService (GrpcServerProtocolService.java:onCompleted(104)) - 70e4dd9f-3b94-4d19-ba43-f83a8be65831: appendEntries completed
2019-07-13 16:26:49,475 INFO  impl.StateMachineUpdater (StateMachineUpdater.java:stopAndJoin(115)) - StateMachineUpdater:d11a2b3f-362f-4936-97f0-fb201a013f3a:group-C0FECA17D435: set stopIndex = 18
2019-07-13 16:26:49,480 INFO  impl.StateMachineUpdater (StateMachineUpdater.java:takeSnapshot(242)) - StateMachineUpdater:d11a2b3f-362f-4936-97f0-fb201a013f3a:group-C0FECA17D435: Took a snapshot at index 18
2019-07-13 16:26:49,480 INFO  ratis.ContainerStateMachine (ContainerStateMachine.java:takeSnapshot(246)) - Taking snapshot at termIndex:(t:1, i:14)
2019-07-13 16:26:49,485 INFO  ratis.ContainerStateMachine (ContainerStateMachine.java:takeSnapshot(250)) - Taking a snapshot to file /tmp/workdir/hadoop-ozone/integration-test/target/test-dir/MiniOzoneClusterImpl-488cee6e-9812-43b4-a1dd-ea710523146f/datanode-4/data/ratis/05860783-9812-47f9-85f4-349e2213627b/sm/snapshot.1_14
2019-07-13 16:26:49,485 INFO  server.GrpcLogAppender (GrpcLogAppender.java:onCompleted(292)) - 29b6b04b-4a33-43a2-8f94-ee83b13355a5->70e4dd9f-3b94-4d19-ba43-f83a8be65831: follower responses appendEntries COMPLETED
2019-07-13 16:26:49,480 INFO  impl.StateMachineUpdater (StateMachineUpdater.java:stopAndJoin(115)) - StateMachineUpdater:29b6b04b-4a33-43a2-8f94-ee83b13355a5:group-349E2213627B: set stopIndex = 16
2019-07-13 16:26:49,480 INFO  server.GrpcServerProtocolService (GrpcServerProtocolService.java:onCompleted(104)) - d4583721-577b-4654-9040-19b2cb0aebc2: appendEntries completed
2019-07-13 16:26:49,489 INFO  impl.FollowerInfo (FollowerInfo.java:lambda$new$0(50)) - 29b6b04b-4a33-43a2-8f94-ee83b13355a5->70e4dd9f-3b94-4d19-ba43-f83a8be65831: nextIndex: updateUnconditionally 17 -> 16
2019-07-13 16:26:49,489 INFO  impl.StateMachineUpdater (StateMachineUpdater.java:takeSnapshot(242)) - StateMachineUpdater:29b6b04b-4a33-43a2-8f94-ee83b13355a5:group-349E2213627B: Took a snapshot at index 14
2019-07-13 16:26:49,490 INFO  impl.StateMachineUpdater (StateMachineUpdater.java:lambda$new$0(80)) - StateMachineUpdater:29b6b04b-4a33-43a2-8f94-ee83b13355a5:group-349E2213627B: snapshotIndex: updateIncreasingly -1 -> 14
2019-07-13 16:26:49,483 INFO  impl.StateMachineUpdater (StateMachineUpdater.java:lambda$new$0(80)) - StateMachineUpdater:d11a2b3f-362f-4936-97f0-fb201a013f3a:group-C0FECA17D435: snapshotIndex: updateIncreasingly -1 -> 18
2019-07-13 16:26:49,492 INFO  server.GrpcLogAppender (GrpcLogAppender.java:onCompleted(292)) - 29b6b04b-4a33-43a2-8f94-ee83b13355a5->d4583721-577b-4654-9040-19b2cb0aebc2: follower responses appendEntries COMPLETED
2019-07-13 16:26:49,492 INFO  impl.RaftServerImpl (ServerState.java:close(394)) - d11a2b3f-362f-4936-97f0-fb201a013f3a:group-C0FECA17D435 closes. The last applied log index is 18
2019-07-13 16:26:49,492 INFO  impl.RaftServerImpl (ServerState.java:close(394)) - 29b6b04b-4a33-43a2-8f94-ee83b13355a5:group-349E2213627B closes. The last applied log index is 16
2019-07-13 16:26:49,495 INFO  segmented.SegmentedRaftLogWorker (SegmentedRaftLogWorker.java:run(313)) - d11a2b3f-362f-4936-97f0-fb201a013f3a-SegmentedRaftLogWorker:Storage Directory /tmp/workdir/hadoop-ozone/integration-test/target/test-dir/MiniOzoneClusterImpl-488cee6e-9812-43b4-a1dd-ea710523146f/datanode-1/data/ratis/1deb054a-1776-42cb-8228-c0feca17d435 was interrupted, exiting. There are 0 tasks remaining in the queue.
2019-07-13 16:26:49,495 INFO  segmented.SegmentedRaftLogWorker (SegmentedRaftLogWorker.java:run(313)) - 29b6b04b-4a33-43a2-8f94-ee83b13355a5-SegmentedRaftLogWorker:Storage Directory /tmp/workdir/hadoop-ozone/integration-test/target/test-dir/MiniOzoneClusterImpl-488cee6e-9812-43b4-a1dd-ea710523146f/datanode-4/data/ratis/05860783-9812-47f9-85f4-349e2213627b was interrupted, exiting. There are 0 tasks remaining in the queue.
2019-07-13 16:26:49,494 INFO  impl.FollowerInfo (FollowerInfo.java:lambda$new$0(50)) - 29b6b04b-4a33-43a2-8f94-ee83b13355a5->d4583721-577b-4654-9040-19b2cb0aebc2: nextIndex: updateUnconditionally 17 -> 16
2019-07-13 16:26:49,497 INFO  segmented.SegmentedRaftLogWorker (SegmentedRaftLogWorker.java:close(228)) - d11a2b3f-362f-4936-97f0-fb201a013f3a-SegmentedRaftLogWorker:Storage Directory /tmp/workdir/hadoop-ozone/integration-test/target/test-dir/MiniOzoneClusterImpl-488cee6e-9812-43b4-a1dd-ea710523146f/datanode-1/data/ratis/1deb054a-1776-42cb-8228-c0feca17d435 close()
2019-07-13 16:26:49,499 INFO  segmented.SegmentedRaftLogWorker (SegmentedRaftLogWorker.java:close(228)) - 29b6b04b-4a33-43a2-8f94-ee83b13355a5-SegmentedRaftLogWorker:Storage Directory /tmp/workdir/hadoop-ozone/integration-test/target/test-dir/MiniOzoneClusterImpl-488cee6e-9812-43b4-a1dd-ea710523146f/datanode-4/data/ratis/05860783-9812-47f9-85f4-349e2213627b close()
2019-07-13 16:26:49,502 INFO  server.GrpcService (GrpcService.java:closeImpl(155)) - d11a2b3f-362f-4936-97f0-fb201a013f3a: shutdown server with port 40095 now
2019-07-13 16:26:49,505 INFO  server.GrpcService (GrpcService.java:closeImpl(155)) - 29b6b04b-4a33-43a2-8f94-ee83b13355a5: shutdown server with port 39836 now
2019-07-13 16:26:49,506 INFO  server.GrpcService (GrpcService.java:closeImpl(163)) - d11a2b3f-362f-4936-97f0-fb201a013f3a: shutdown server with port 40095 successfully
2019-07-13 16:26:49,508 WARN  client.GrpcClientProtocolService (LogUtils.java:warn(134)) - 1-UnorderedRequestStreamObserver1: onError: org.apache.ratis.thirdparty.io.grpc.StatusRuntimeException: CANCELLED: cancelled before receiving half close
2019-07-13 16:26:49,509 WARN  client.GrpcClientProtocolService (LogUtils.java:warn(134)) - 1-UnorderedRequestStreamObserver1: onError: org.apache.ratis.thirdparty.io.grpc.StatusRuntimeException: CANCELLED: cancelled before receiving half close
2019-07-13 16:26:49,508 INFO  server.GrpcService (GrpcService.java:closeImpl(163)) - 29b6b04b-4a33-43a2-8f94-ee83b13355a5: shutdown server with port 39836 successfully
2019-07-13 16:26:49,515 INFO  utils.BackgroundService (BackgroundService.java:shutdown(148)) - Shutting down service BlockDeletingService
2019-07-13 16:26:49,517 WARN  fs.CachingGetSpaceUsed (CachingGetSpaceUsed.java:run(183)) - Thread Interrupted waiting to refresh disk information: sleep interrupted
2019-07-13 16:26:49,519 INFO  utils.BackgroundService (BackgroundService.java:shutdown(148)) - Shutting down service BlockDeletingService
2019-07-13 16:26:49,521 WARN  fs.CachingGetSpaceUsed (CachingGetSpaceUsed.java:run(183)) - Thread Interrupted waiting to refresh disk information: sleep interrupted
2019-07-13 16:26:49,543 INFO  statemachine.DatanodeStateMachine (DatanodeStateMachine.java:stopDaemon(395)) - Ozone container server stopped.
2019-07-13 16:26:49,548 INFO  statemachine.DatanodeStateMachine (DatanodeStateMachine.java:stopDaemon(395)) - Ozone container server stopped.
2019-07-13 16:26:49,558 INFO  handler.ContextHandler (ContextHandler.java:doStop(910)) - Stopped o.e.j.w.WebAppContext@2e1eb85f{/,null,UNAVAILABLE}{/hddsDatanode}
2019-07-13 16:26:49,558 INFO  handler.ContextHandler (ContextHandler.java:doStop(910)) - Stopped o.e.j.w.WebAppContext@367d34c0{/,null,UNAVAILABLE}{/hddsDatanode}
2019-07-13 16:26:49,558 INFO  server.AbstractConnector (AbstractConnector.java:doStop(318)) - Stopped ServerConnector@ea7a4c3{HTTP/1.1,[http/1.1]}{0.0.0.0:0}
2019-07-13 16:26:49,559 INFO  server.AbstractConnector (AbstractConnector.java:doStop(318)) - Stopped ServerConnector@4ce25e47{HTTP/1.1,[http/1.1]}{0.0.0.0:0}
2019-07-13 16:26:49,560 INFO  handler.ContextHandler (ContextHandler.java:doStop(910)) - Stopped o.e.j.s.ServletContextHandler@364fd4ae{/static,jar:file:/home/user/.m2/repository/org/apache/hadoop/hadoop-hdds-container-service/0.5.0-SNAPSHOT/hadoop-hdds-container-service-0.5.0-SNAPSHOT.jar!/webapps/static,UNAVAILABLE}
2019-07-13 16:26:49,560 INFO  handler.ContextHandler (ContextHandler.java:doStop(910)) - Stopped o.e.j.s.ServletContextHandler@5fef0c19{/static,jar:file:/home/user/.m2/repository/org/apache/hadoop/hadoop-hdds-container-service/0.5.0-SNAPSHOT/hadoop-hdds-container-service-0.5.0-SNAPSHOT.jar!/webapps/static,UNAVAILABLE}
2019-07-13 16:26:49,561 INFO  handler.ContextHandler (ContextHandler.java:doStop(910)) - Stopped o.e.j.s.ServletContextHandler@359066bc{/logs,file:///tmp/workdir/hadoop-ozone/integration-test/target/log,UNAVAILABLE}
2019-07-13 16:26:49,562 INFO  handler.ContextHandler (ContextHandler.java:doStop(910)) - Stopped o.e.j.s.ServletContextHandler@615db358{/logs,file:///tmp/workdir/hadoop-ozone/integration-test/target/log,UNAVAILABLE}
2019-07-13 16:26:49,562 INFO  datanode.ObjectStoreHandler (ObjectStoreHandler.java:close(155)) - Closing ObjectStoreHandler.
2019-07-13 16:26:49,563 INFO  ozone.HddsDatanodeService (HddsDatanodeService.java:stop(452)) - Stopped plug-in org.apache.hadoop.ozone.web.OzoneHddsDatanodeService@7436364d
2019-07-13 16:26:49,563 INFO  datanode.ObjectStoreHandler (ObjectStoreHandler.java:close(155)) - Closing ObjectStoreHandler.
2019-07-13 16:26:49,563 INFO  ozone.HddsDatanodeService (HddsDatanodeService.java:stop(452)) - Stopped plug-in org.apache.hadoop.ozone.web.OzoneHddsDatanodeService@16f15ae9
2019-07-13 16:26:50,225 INFO  statemachine.DatanodeStateMachine (DatanodeStateMachine.java:lambda$startDaemon$0(350)) - Ozone container server started.
2019-07-13 16:26:50,385 INFO  statemachine.DatanodeStateMachine (DatanodeStateMachine.java:lambda$startDaemon$0(350)) - Ozone container server started.
2019-07-13 16:26:54,299 INFO  node.StaleNodeHandler (StaleNodeHandler.java:onMessage(58)) - Datanode d4583721-577b-4654-9040-19b2cb0aebc2{ip: 192.168.5.187, host: trunk-nightly-z92hn-1831959607, networkLocation: /default-rack, certSerialId: null} moved to stale state. Finalizing its pipelines [PipelineID=b9357769-aca4-473f-89a8-a3aaaf0c124c, PipelineID=05860783-9812-47f9-85f4-349e2213627b]
2019-07-13 16:26:54,299 INFO  pipeline.SCMPipelineManager (SCMPipelineManager.java:finalizeAndDestroyPipeline(309)) - destroying pipeline:Pipeline[ Id: b9357769-aca4-473f-89a8-a3aaaf0c124c, Nodes: d4583721-577b-4654-9040-19b2cb0aebc2{ip: 192.168.5.187, host: trunk-nightly-z92hn-1831959607, networkLocation: /default-rack, certSerialId: null}, Type:RATIS, Factor:ONE, State:OPEN]
2019-07-13 16:26:54,300 INFO  pipeline.PipelineStateManager (PipelineStateManager.java:finalizePipeline(123)) - Pipeline Pipeline[ Id: b9357769-aca4-473f-89a8-a3aaaf0c124c, Nodes: d4583721-577b-4654-9040-19b2cb0aebc2{ip: 192.168.5.187, host: trunk-nightly-z92hn-1831959607, networkLocation: /default-rack, certSerialId: null}, Type:RATIS, Factor:ONE, State:CLOSED] moved to CLOSED state
2019-07-13 16:26:54,300 INFO  pipeline.SCMPipelineManager (SCMPipelineManager.java:finalizeAndDestroyPipeline(309)) - destroying pipeline:Pipeline[ Id: 05860783-9812-47f9-85f4-349e2213627b, Nodes: 70e4dd9f-3b94-4d19-ba43-f83a8be65831{ip: 192.168.5.187, host: trunk-nightly-z92hn-1831959607, networkLocation: /default-rack, certSerialId: null}d4583721-577b-4654-9040-19b2cb0aebc2{ip: 192.168.5.187, host: trunk-nightly-z92hn-1831959607, networkLocation: /default-rack, certSerialId: null}29b6b04b-4a33-43a2-8f94-ee83b13355a5{ip: 192.168.5.187, host: trunk-nightly-z92hn-1831959607, networkLocation: /default-rack, certSerialId: null}, Type:RATIS, Factor:THREE, State:CLOSED]
2019-07-13 16:26:54,399 INFO  node.StaleNodeHandler (StaleNodeHandler.java:onMessage(58)) - Datanode 044708e7-a52e-40ec-a4d3-fe217a065be8{ip: 192.168.5.187, host: trunk-nightly-z92hn-1831959607, networkLocation: /default-rack, certSerialId: null} moved to stale state. Finalizing its pipelines [PipelineID=3233232f-e93b-491f-8940-5874a7e30ec5]
2019-07-13 16:26:54,399 INFO  pipeline.SCMPipelineManager (SCMPipelineManager.java:finalizeAndDestroyPipeline(309)) - destroying pipeline:Pipeline[ Id: 3233232f-e93b-491f-8940-5874a7e30ec5, Nodes: 044708e7-a52e-40ec-a4d3-fe217a065be8{ip: 192.168.5.187, host: trunk-nightly-z92hn-1831959607, networkLocation: /default-rack, certSerialId: null}, Type:RATIS, Factor:ONE, State:OPEN]
2019-07-13 16:26:54,399 INFO  pipeline.PipelineStateManager (PipelineStateManager.java:finalizePipeline(123)) - Pipeline Pipeline[ Id: 3233232f-e93b-491f-8940-5874a7e30ec5, Nodes: 044708e7-a52e-40ec-a4d3-fe217a065be8{ip: 192.168.5.187, host: trunk-nightly-z92hn-1831959607, networkLocation: /default-rack, certSerialId: null}, Type:RATIS, Factor:ONE, State:CLOSED] moved to CLOSED state
2019-07-13 16:26:54,564 INFO  ozoneimpl.OzoneContainer (OzoneContainer.java:stop(199)) - Attempting to stop container services.
2019-07-13 16:26:54,564 INFO  ozoneimpl.OzoneContainer (OzoneContainer.java:stop(199)) - Attempting to stop container services.
2019-07-13 16:26:54,568 INFO  impl.RaftServerProxy (RaftServerProxy.java:lambda$close$4(314)) - 044708e7-a52e-40ec-a4d3-fe217a065be8: close
2019-07-13 16:26:54,568 INFO  impl.RaftServerProxy (RaftServerProxy.java:lambda$close$4(314)) - d4583721-577b-4654-9040-19b2cb0aebc2: close
2019-07-13 16:26:54,569 INFO  impl.RaftServerImpl (RaftServerImpl.java:lambda$shutdown$3(245)) - d4583721-577b-4654-9040-19b2cb0aebc2: shutdown group-A3AAAF0C124C
2019-07-13 16:26:54,569 INFO  impl.RaftServerImpl (RaftServerImpl.java:lambda$shutdown$3(245)) - 044708e7-a52e-40ec-a4d3-fe217a065be8: shutdown group-5874A7E30EC5
2019-07-13 16:26:54,569 INFO  util.JmxRegister (JmxRegister.java:unregister(73)) - Successfully un-registered JMX Bean with object name Ratis:service=RaftServer,group=group-A3AAAF0C124C,id=d4583721-577b-4654-9040-19b2cb0aebc2
2019-07-13 16:26:54,570 INFO  util.JmxRegister (JmxRegister.java:unregister(73)) - Successfully un-registered JMX Bean with object name Ratis:service=RaftServer,group=group-5874A7E30EC5,id=044708e7-a52e-40ec-a4d3-fe217a065be8
2019-07-13 16:26:54,570 INFO  impl.RoleInfo (RoleInfo.java:shutdownLeaderState(104)) - d4583721-577b-4654-9040-19b2cb0aebc2: shutdown LeaderState
2019-07-13 16:26:54,570 INFO  impl.RoleInfo (RoleInfo.java:shutdownLeaderState(104)) - 044708e7-a52e-40ec-a4d3-fe217a065be8: shutdown LeaderState
2019-07-13 16:26:54,571 INFO  impl.PendingRequests (PendingRequests.java:sendNotLeaderResponses(202)) - d4583721-577b-4654-9040-19b2cb0aebc2-PendingRequests: sendNotLeaderResponses
2019-07-13 16:26:54,571 INFO  impl.PendingRequests (PendingRequests.java:sendNotLeaderResponses(202)) - 044708e7-a52e-40ec-a4d3-fe217a065be8-PendingRequests: sendNotLeaderResponses
2019-07-13 16:26:54,572 INFO  impl.StateMachineUpdater (StateMachineUpdater.java:stopAndJoin(115)) - StateMachineUpdater:d4583721-577b-4654-9040-19b2cb0aebc2:group-A3AAAF0C124C: set stopIndex = 0
2019-07-13 16:26:54,573 INFO  ratis.ContainerStateMachine (ContainerStateMachine.java:takeSnapshot(246)) - Taking snapshot at termIndex:(t:0, i:~)
2019-07-13 16:26:54,573 INFO  ratis.ContainerStateMachine (ContainerStateMachine.java:takeSnapshot(246)) - Taking snapshot at termIndex:(t:0, i:~)
2019-07-13 16:26:54,572 INFO  impl.StateMachineUpdater (StateMachineUpdater.java:stopAndJoin(115)) - StateMachineUpdater:044708e7-a52e-40ec-a4d3-fe217a065be8:group-5874A7E30EC5: set stopIndex = 0
2019-07-13 16:26:54,573 INFO  impl.RaftServerImpl (ServerState.java:close(394)) - d4583721-577b-4654-9040-19b2cb0aebc2:group-A3AAAF0C124C closes. The last applied log index is 0
2019-07-13 16:26:54,574 INFO  impl.RaftServerImpl (ServerState.java:close(394)) - 044708e7-a52e-40ec-a4d3-fe217a065be8:group-5874A7E30EC5 closes. The last applied log index is 0
2019-07-13 16:26:54,574 INFO  segmented.SegmentedRaftLogWorker (SegmentedRaftLogWorker.java:run(313)) - d4583721-577b-4654-9040-19b2cb0aebc2-SegmentedRaftLogWorker:Storage Directory /tmp/workdir/hadoop-ozone/integration-test/target/test-dir/MiniOzoneClusterImpl-488cee6e-9812-43b4-a1dd-ea710523146f/datanode-5/data/ratis/b9357769-aca4-473f-89a8-a3aaaf0c124c was interrupted, exiting. There are 0 tasks remaining in the queue.
2019-07-13 16:26:54,575 INFO  segmented.SegmentedRaftLogWorker (SegmentedRaftLogWorker.java:run(313)) - 044708e7-a52e-40ec-a4d3-fe217a065be8-SegmentedRaftLogWorker:Storage Directory /tmp/workdir/hadoop-ozone/integration-test/target/test-dir/MiniOzoneClusterImpl-488cee6e-9812-43b4-a1dd-ea710523146f/datanode-2/data/ratis/3233232f-e93b-491f-8940-5874a7e30ec5 was interrupted, exiting. There are 0 tasks remaining in the queue.
2019-07-13 16:26:54,578 INFO  segmented.SegmentedRaftLogWorker (SegmentedRaftLogWorker.java:close(228)) - d4583721-577b-4654-9040-19b2cb0aebc2-SegmentedRaftLogWorker:Storage Directory /tmp/workdir/hadoop-ozone/integration-test/target/test-dir/MiniOzoneClusterImpl-488cee6e-9812-43b4-a1dd-ea710523146f/datanode-5/data/ratis/b9357769-aca4-473f-89a8-a3aaaf0c124c close()
2019-07-13 16:26:54,578 INFO  segmented.SegmentedRaftLogWorker (SegmentedRaftLogWorker.java:close(228)) - 044708e7-a52e-40ec-a4d3-fe217a065be8-SegmentedRaftLogWorker:Storage Directory /tmp/workdir/hadoop-ozone/integration-test/target/test-dir/MiniOzoneClusterImpl-488cee6e-9812-43b4-a1dd-ea710523146f/datanode-2/data/ratis/3233232f-e93b-491f-8940-5874a7e30ec5 close()
2019-07-13 16:26:54,581 INFO  impl.RaftServerImpl (RaftServerImpl.java:lambda$shutdown$3(245)) - d4583721-577b-4654-9040-19b2cb0aebc2: shutdown group-349E2213627B
2019-07-13 16:26:54,588 INFO  server.GrpcService (GrpcService.java:closeImpl(155)) - 044708e7-a52e-40ec-a4d3-fe217a065be8: shutdown server with port 44162 now
2019-07-13 16:26:54,588 INFO  util.JmxRegister (JmxRegister.java:unregister(73)) - Successfully un-registered JMX Bean with object name Ratis:service=RaftServer,group=group-349E2213627B,id=d4583721-577b-4654-9040-19b2cb0aebc2
2019-07-13 16:26:54,589 INFO  impl.RoleInfo (RoleInfo.java:shutdownFollowerState(121)) - d4583721-577b-4654-9040-19b2cb0aebc2: shutdown FollowerState
2019-07-13 16:26:54,591 INFO  server.GrpcService (GrpcService.java:closeImpl(163)) - 044708e7-a52e-40ec-a4d3-fe217a065be8: shutdown server with port 44162 successfully
2019-07-13 16:26:54,591 INFO  impl.FollowerState (FollowerState.java:run(114)) - d4583721-577b-4654-9040-19b2cb0aebc2: FollowerState was interrupted: java.lang.InterruptedException: sleep interrupted
2019-07-13 16:26:54,591 INFO  ratis.ContainerStateMachine (ContainerStateMachine.java:takeSnapshot(246)) - Taking snapshot at termIndex:(t:1, i:14)
2019-07-13 16:26:54,591 INFO  impl.StateMachineUpdater (StateMachineUpdater.java:stopAndJoin(115)) - StateMachineUpdater:d4583721-577b-4654-9040-19b2cb0aebc2:group-349E2213627B: set stopIndex = 16
2019-07-13 16:26:54,594 INFO  ratis.ContainerStateMachine (ContainerStateMachine.java:takeSnapshot(250)) - Taking a snapshot to file /tmp/workdir/hadoop-ozone/integration-test/target/test-dir/MiniOzoneClusterImpl-488cee6e-9812-43b4-a1dd-ea710523146f/datanode-5/data/ratis/05860783-9812-47f9-85f4-349e2213627b/sm/snapshot.1_14
2019-07-13 16:26:54,595 INFO  impl.StateMachineUpdater (StateMachineUpdater.java:takeSnapshot(242)) - StateMachineUpdater:d4583721-577b-4654-9040-19b2cb0aebc2:group-349E2213627B: Took a snapshot at index 14
2019-07-13 16:26:54,596 INFO  impl.StateMachineUpdater (StateMachineUpdater.java:lambda$new$0(80)) - StateMachineUpdater:d4583721-577b-4654-9040-19b2cb0aebc2:group-349E2213627B: snapshotIndex: updateIncreasingly -1 -> 14
2019-07-13 16:26:54,597 INFO  impl.RaftServerImpl (ServerState.java:close(394)) - d4583721-577b-4654-9040-19b2cb0aebc2:group-349E2213627B closes. The last applied log index is 16
2019-07-13 16:26:54,597 INFO  segmented.SegmentedRaftLogWorker (SegmentedRaftLogWorker.java:run(313)) - d4583721-577b-4654-9040-19b2cb0aebc2-SegmentedRaftLogWorker:Storage Directory /tmp/workdir/hadoop-ozone/integration-test/target/test-dir/MiniOzoneClusterImpl-488cee6e-9812-43b4-a1dd-ea710523146f/datanode-5/data/ratis/05860783-9812-47f9-85f4-349e2213627b was interrupted, exiting. There are 0 tasks remaining in the queue.
2019-07-13 16:26:54,598 INFO  segmented.SegmentedRaftLogWorker (SegmentedRaftLogWorker.java:close(228)) - d4583721-577b-4654-9040-19b2cb0aebc2-SegmentedRaftLogWorker:Storage Directory /tmp/workdir/hadoop-ozone/integration-test/target/test-dir/MiniOzoneClusterImpl-488cee6e-9812-43b4-a1dd-ea710523146f/datanode-5/data/ratis/05860783-9812-47f9-85f4-349e2213627b close()
2019-07-13 16:26:54,601 INFO  server.GrpcService (GrpcService.java:closeImpl(155)) - d4583721-577b-4654-9040-19b2cb0aebc2: shutdown server with port 36774 now
2019-07-13 16:26:54,601 INFO  server.GrpcService (GrpcService.java:closeImpl(163)) - d4583721-577b-4654-9040-19b2cb0aebc2: shutdown server with port 36774 successfully
2019-07-13 16:26:54,603 INFO  utils.BackgroundService (BackgroundService.java:shutdown(148)) - Shutting down service BlockDeletingService
2019-07-13 16:26:54,607 WARN  fs.CachingGetSpaceUsed (CachingGetSpaceUsed.java:run(183)) - Thread Interrupted waiting to refresh disk information: sleep interrupted
2019-07-13 16:26:54,610 INFO  utils.BackgroundService (BackgroundService.java:shutdown(148)) - Shutting down service BlockDeletingService
2019-07-13 16:26:54,612 WARN  fs.CachingGetSpaceUsed (CachingGetSpaceUsed.java:run(183)) - Thread Interrupted waiting to refresh disk information: sleep interrupted
2019-07-13 16:26:54,635 INFO  statemachine.DatanodeStateMachine (DatanodeStateMachine.java:stopDaemon(395)) - Ozone container server stopped.
2019-07-13 16:26:54,638 INFO  statemachine.DatanodeStateMachine (DatanodeStateMachine.java:stopDaemon(395)) - Ozone container server stopped.
2019-07-13 16:26:54,655 INFO  handler.ContextHandler (ContextHandler.java:doStop(910)) - Stopped o.e.j.w.WebAppContext@7197b07f{/,null,UNAVAILABLE}{/hddsDatanode}
2019-07-13 16:26:54,655 INFO  handler.ContextHandler (ContextHandler.java:doStop(910)) - Stopped o.e.j.w.WebAppContext@561f9d92{/,null,UNAVAILABLE}{/hddsDatanode}
2019-07-13 16:26:54,656 INFO  server.AbstractConnector (AbstractConnector.java:doStop(318)) - Stopped ServerConnector@1c84d80a{HTTP/1.1,[http/1.1]}{0.0.0.0:0}
2019-07-13 16:26:54,656 INFO  server.AbstractConnector (AbstractConnector.java:doStop(318)) - Stopped ServerConnector@1f10fec6{HTTP/1.1,[http/1.1]}{0.0.0.0:0}
2019-07-13 16:26:54,657 INFO  handler.ContextHandler (ContextHandler.java:doStop(910)) - Stopped o.e.j.s.ServletContextHandler@2d4a3e13{/static,jar:file:/home/user/.m2/repository/org/apache/hadoop/hadoop-hdds-container-service/0.5.0-SNAPSHOT/hadoop-hdds-container-service-0.5.0-SNAPSHOT.jar!/webapps/static,UNAVAILABLE}
2019-07-13 16:26:54,658 INFO  handler.ContextHandler (ContextHandler.java:doStop(910)) - Stopped o.e.j.s.ServletContextHandler@62ade015{/static,jar:file:/home/user/.m2/repository/org/apache/hadoop/hadoop-hdds-container-service/0.5.0-SNAPSHOT/hadoop-hdds-container-service-0.5.0-SNAPSHOT.jar!/webapps/static,UNAVAILABLE}
2019-07-13 16:26:54,659 INFO  handler.ContextHandler (ContextHandler.java:doStop(910)) - Stopped o.e.j.s.ServletContextHandler@6885ed19{/logs,file:///tmp/workdir/hadoop-ozone/integration-test/target/log,UNAVAILABLE}
2019-07-13 16:26:54,660 INFO  handler.ContextHandler (ContextHandler.java:doStop(910)) - Stopped o.e.j.s.ServletContextHandler@631c6d11{/logs,file:///tmp/workdir/hadoop-ozone/integration-test/target/log,UNAVAILABLE}
2019-07-13 16:26:54,662 INFO  datanode.ObjectStoreHandler (ObjectStoreHandler.java:close(155)) - Closing ObjectStoreHandler.
2019-07-13 16:26:54,663 INFO  ozone.HddsDatanodeService (HddsDatanodeService.java:stop(452)) - Stopped plug-in org.apache.hadoop.ozone.web.OzoneHddsDatanodeService@b4732dc
2019-07-13 16:26:55,233 INFO  statemachine.DatanodeStateMachine (DatanodeStateMachine.java:lambda$startDaemon$0(350)) - Ozone container server started.
2019-07-13 16:26:58,426 INFO  impl.FollowerState (FollowerState.java:run(106)) - 70e4dd9f-3b94-4d19-ba43-f83a8be65831:group-349E2213627B changes to CANDIDATE, lastRpcTime:9015, electionTimeout:5093ms
2019-07-13 16:26:58,426 INFO  impl.RoleInfo (RoleInfo.java:shutdownFollowerState(121)) - 70e4dd9f-3b94-4d19-ba43-f83a8be65831: shutdown FollowerState
2019-07-13 16:26:58,427 INFO  impl.RaftServerImpl (RaftServerImpl.java:setRole(171)) - 70e4dd9f-3b94-4d19-ba43-f83a8be65831:group-349E2213627B changes role from FOLLOWER to CANDIDATE at term 1 for changeToCandidate
2019-07-13 16:26:58,427 INFO  impl.RoleInfo (RoleInfo.java:updateAndGet(143)) - 70e4dd9f-3b94-4d19-ba43-f83a8be65831: start LeaderElection
2019-07-13 16:26:58,429 INFO  impl.RaftServerImpl (ServerState.java:setLeader(263)) - 70e4dd9f-3b94-4d19-ba43-f83a8be65831:group-349E2213627B change Leader from 29b6b04b-4a33-43a2-8f94-ee83b13355a5 to null at term 1 for initElection
2019-07-13 16:26:58,456 INFO  impl.LeaderElection (LeaderElection.java:askForVotes(181)) - 70e4dd9f-3b94-4d19-ba43-f83a8be65831:group-349E2213627B:LeaderElection10: begin an election at term 2 for 0: [d4583721-577b-4654-9040-19b2cb0aebc2:192.168.5.187:36774, 70e4dd9f-3b94-4d19-ba43-f83a8be65831:192.168.5.187:44770, 29b6b04b-4a33-43a2-8f94-ee83b13355a5:192.168.5.187:39836], old=null
2019-07-13 16:26:58,469 INFO  impl.LeaderElection (LogUtils.java:infoOrTrace(149)) - 70e4dd9f-3b94-4d19-ba43-f83a8be65831:group-349E2213627B:LeaderElection10 got exception when requesting votes: {}
java.util.concurrent.ExecutionException: org.apache.ratis.thirdparty.io.grpc.StatusRuntimeException: UNAVAILABLE: io exception
	at java.util.concurrent.FutureTask.report(FutureTask.java:122)
	at java.util.concurrent.FutureTask.get(FutureTask.java:192)
	at org.apache.ratis.server.impl.LeaderElection.waitForResults(LeaderElection.java:262)
	at org.apache.ratis.server.impl.LeaderElection.askForVotes(LeaderElection.java:200)
	at org.apache.ratis.server.impl.LeaderElection.run(LeaderElection.java:130)
	at java.lang.Thread.run(Thread.java:748)
Caused by: org.apache.ratis.thirdparty.io.grpc.StatusRuntimeException: UNAVAILABLE: io exception
	at org.apache.ratis.thirdparty.io.grpc.stub.ClientCalls.toStatusRuntimeException(ClientCalls.java:233)
	at org.apache.ratis.thirdparty.io.grpc.stub.ClientCalls.getUnchecked(ClientCalls.java:214)
	at org.apache.ratis.thirdparty.io.grpc.stub.ClientCalls.blockingUnaryCall(ClientCalls.java:139)
	at org.apache.ratis.proto.grpc.RaftServerProtocolServiceGrpc$RaftServerProtocolServiceBlockingStub.requestVote(RaftServerProtocolServiceGrpc.java:265)
	at org.apache.ratis.grpc.server.GrpcServerProtocolClient.requestVote(GrpcServerProtocolClient.java:83)
	at org.apache.ratis.grpc.server.GrpcService.requestVote(GrpcService.java:195)
	at org.apache.ratis.server.impl.LeaderElection.lambda$submitRequests$1(LeaderElection.java:237)
	at java.util.concurrent.FutureTask.run(FutureTask.java:266)
	at java.util.concurrent.Executors$RunnableAdapter.call(Executors.java:511)
	at java.util.concurrent.FutureTask.run(FutureTask.java:266)
	at java.util.concurrent.ThreadPoolExecutor.runWorker(ThreadPoolExecutor.java:1149)
	at java.util.concurrent.ThreadPoolExecutor$Worker.run(ThreadPoolExecutor.java:624)
	... 1 more
Caused by: org.apache.ratis.thirdparty.io.netty.channel.AbstractChannel$AnnotatedConnectException: Connection refused: /192.168.5.187:39836
	at sun.nio.ch.SocketChannelImpl.checkConnect(Native Method)
	at sun.nio.ch.SocketChannelImpl.finishConnect(SocketChannelImpl.java:717)
	at org.apache.ratis.thirdparty.io.netty.channel.socket.nio.NioSocketChannel.doFinishConnect(NioSocketChannel.java:327)
	at org.apache.ratis.thirdparty.io.netty.channel.nio.AbstractNioChannel$AbstractNioUnsafe.finishConnect(AbstractNioChannel.java:340)
	at org.apache.ratis.thirdparty.io.netty.channel.nio.NioEventLoop.processSelectedKey(NioEventLoop.java:632)
	at org.apache.ratis.thirdparty.io.netty.channel.nio.NioEventLoop.processSelectedKeysOptimized(NioEventLoop.java:579)
	at org.apache.ratis.thirdparty.io.netty.channel.nio.NioEventLoop.processSelectedKeys(NioEventLoop.java:496)
	at org.apache.ratis.thirdparty.io.netty.channel.nio.NioEventLoop.run(NioEventLoop.java:458)
	at org.apache.ratis.thirdparty.io.netty.util.concurrent.SingleThreadEventExecutor$5.run(SingleThreadEventExecutor.java:897)
	at org.apache.ratis.thirdparty.io.netty.util.concurrent.FastThreadLocalRunnable.run(FastThreadLocalRunnable.java:30)
	... 1 more
Caused by: java.net.ConnectException: Connection refused
	... 11 more
2019-07-13 16:26:58,473 INFO  impl.LeaderElection (LogUtils.java:infoOrTrace(149)) - 70e4dd9f-3b94-4d19-ba43-f83a8be65831:group-349E2213627B:LeaderElection10 got exception when requesting votes: {}
java.util.concurrent.ExecutionException: org.apache.ratis.thirdparty.io.grpc.StatusRuntimeException: UNAVAILABLE: io exception
	at java.util.concurrent.FutureTask.report(FutureTask.java:122)
	at java.util.concurrent.FutureTask.get(FutureTask.java:192)
	at org.apache.ratis.server.impl.LeaderElection.waitForResults(LeaderElection.java:262)
	at org.apache.ratis.server.impl.LeaderElection.askForVotes(LeaderElection.java:200)
	at org.apache.ratis.server.impl.LeaderElection.run(LeaderElection.java:130)
	at java.lang.Thread.run(Thread.java:748)
Caused by: org.apache.ratis.thirdparty.io.grpc.StatusRuntimeException: UNAVAILABLE: io exception
	at org.apache.ratis.thirdparty.io.grpc.stub.ClientCalls.toStatusRuntimeException(ClientCalls.java:233)
	at org.apache.ratis.thirdparty.io.grpc.stub.ClientCalls.getUnchecked(ClientCalls.java:214)
	at org.apache.ratis.thirdparty.io.grpc.stub.ClientCalls.blockingUnaryCall(ClientCalls.java:139)
	at org.apache.ratis.proto.grpc.RaftServerProtocolServiceGrpc$RaftServerProtocolServiceBlockingStub.requestVote(RaftServerProtocolServiceGrpc.java:265)
	at org.apache.ratis.grpc.server.GrpcServerProtocolClient.requestVote(GrpcServerProtocolClient.java:83)
	at org.apache.ratis.grpc.server.GrpcService.requestVote(GrpcService.java:195)
	at org.apache.ratis.server.impl.LeaderElection.lambda$submitRequests$1(LeaderElection.java:237)
	at java.util.concurrent.FutureTask.run(FutureTask.java:266)
	at java.util.concurrent.Executors$RunnableAdapter.call(Executors.java:511)
	at java.util.concurrent.FutureTask.run(FutureTask.java:266)
	at java.util.concurrent.ThreadPoolExecutor.runWorker(ThreadPoolExecutor.java:1149)
	at java.util.concurrent.ThreadPoolExecutor$Worker.run(ThreadPoolExecutor.java:624)
	... 1 more
Caused by: org.apache.ratis.thirdparty.io.netty.channel.AbstractChannel$AnnotatedConnectException: Connection refused: /192.168.5.187:36774
	at sun.nio.ch.SocketChannelImpl.checkConnect(Native Method)
	at sun.nio.ch.SocketChannelImpl.finishConnect(SocketChannelImpl.java:717)
	at org.apache.ratis.thirdparty.io.netty.channel.socket.nio.NioSocketChannel.doFinishConnect(NioSocketChannel.java:327)
	at org.apache.ratis.thirdparty.io.netty.channel.nio.AbstractNioChannel$AbstractNioUnsafe.finishConnect(AbstractNioChannel.java:340)
	at org.apache.ratis.thirdparty.io.netty.channel.nio.NioEventLoop.processSelectedKey(NioEventLoop.java:632)
	at org.apache.ratis.thirdparty.io.netty.channel.nio.NioEventLoop.processSelectedKeysOptimized(NioEventLoop.java:579)
	at org.apache.ratis.thirdparty.io.netty.channel.nio.NioEventLoop.processSelectedKeys(NioEventLoop.java:496)
	at org.apache.ratis.thirdparty.io.netty.channel.nio.NioEventLoop.run(NioEventLoop.java:458)
	at org.apache.ratis.thirdparty.io.netty.util.concurrent.SingleThreadEventExecutor$5.run(SingleThreadEventExecutor.java:897)
	at org.apache.ratis.thirdparty.io.netty.util.concurrent.FastThreadLocalRunnable.run(FastThreadLocalRunnable.java:30)
	... 1 more
Caused by: java.net.ConnectException: Connection refused
	... 11 more
2019-07-13 16:26:58,474 INFO  impl.LeaderElection (LeaderElection.java:logAndReturn(56)) - 70e4dd9f-3b94-4d19-ba43-f83a8be65831:group-349E2213627B:LeaderElection10: Election REJECTED; received 0 response(s) [] and 2 exception(s); 70e4dd9f-3b94-4d19-ba43-f83a8be65831:t2, leader=null, voted=70e4dd9f-3b94-4d19-ba43-f83a8be65831, raftlog=70e4dd9f-3b94-4d19-ba43-f83a8be65831-SegmentedRaftLog:OPENED:c16,f16,i16, conf=0: [d4583721-577b-4654-9040-19b2cb0aebc2:192.168.5.187:36774, 70e4dd9f-3b94-4d19-ba43-f83a8be65831:192.168.5.187:44770, 29b6b04b-4a33-43a2-8f94-ee83b13355a5:192.168.5.187:39836], old=null
2019-07-13 16:26:58,475 INFO  impl.LeaderElection (LogUtils.java:infoOrTrace(149)) -   Exception 0: {}
java.util.concurrent.ExecutionException: org.apache.ratis.thirdparty.io.grpc.StatusRuntimeException: UNAVAILABLE: io exception
	at java.util.concurrent.FutureTask.report(FutureTask.java:122)
	at java.util.concurrent.FutureTask.get(FutureTask.java:192)
	at org.apache.ratis.server.impl.LeaderElection.waitForResults(LeaderElection.java:262)
	at org.apache.ratis.server.impl.LeaderElection.askForVotes(LeaderElection.java:200)
	at org.apache.ratis.server.impl.LeaderElection.run(LeaderElection.java:130)
	at java.lang.Thread.run(Thread.java:748)
Caused by: org.apache.ratis.thirdparty.io.grpc.StatusRuntimeException: UNAVAILABLE: io exception
	at org.apache.ratis.thirdparty.io.grpc.stub.ClientCalls.toStatusRuntimeException(ClientCalls.java:233)
	at org.apache.ratis.thirdparty.io.grpc.stub.ClientCalls.getUnchecked(ClientCalls.java:214)
	at org.apache.ratis.thirdparty.io.grpc.stub.ClientCalls.blockingUnaryCall(ClientCalls.java:139)
	at org.apache.ratis.proto.grpc.RaftServerProtocolServiceGrpc$RaftServerProtocolServiceBlockingStub.requestVote(RaftServerProtocolServiceGrpc.java:265)
	at org.apache.ratis.grpc.server.GrpcServerProtocolClient.requestVote(GrpcServerProtocolClient.java:83)
	at org.apache.ratis.grpc.server.GrpcService.requestVote(GrpcService.java:195)
	at org.apache.ratis.server.impl.LeaderElection.lambda$submitRequests$1(LeaderElection.java:237)
	at java.util.concurrent.FutureTask.run(FutureTask.java:266)
	at java.util.concurrent.Executors$RunnableAdapter.call(Executors.java:511)
	at java.util.concurrent.FutureTask.run(FutureTask.java:266)
	at java.util.concurrent.ThreadPoolExecutor.runWorker(ThreadPoolExecutor.java:1149)
	at java.util.concurrent.ThreadPoolExecutor$Worker.run(ThreadPoolExecutor.java:624)
	... 1 more
Caused by: org.apache.ratis.thirdparty.io.netty.channel.AbstractChannel$AnnotatedConnectException: Connection refused: /192.168.5.187:39836
	at sun.nio.ch.SocketChannelImpl.checkConnect(Native Method)
	at sun.nio.ch.SocketChannelImpl.finishConnect(SocketChannelImpl.java:717)
	at org.apache.ratis.thirdparty.io.netty.channel.socket.nio.NioSocketChannel.doFinishConnect(NioSocketChannel.java:327)
	at org.apache.ratis.thirdparty.io.netty.channel.nio.AbstractNioChannel$AbstractNioUnsafe.finishConnect(AbstractNioChannel.java:340)
	at org.apache.ratis.thirdparty.io.netty.channel.nio.NioEventLoop.processSelectedKey(NioEventLoop.java:632)
	at org.apache.ratis.thirdparty.io.netty.channel.nio.NioEventLoop.processSelectedKeysOptimized(NioEventLoop.java:579)
	at org.apache.ratis.thirdparty.io.netty.channel.nio.NioEventLoop.processSelectedKeys(NioEventLoop.java:496)
	at org.apache.ratis.thirdparty.io.netty.channel.nio.NioEventLoop.run(NioEventLoop.java:458)
	at org.apache.ratis.thirdparty.io.netty.util.concurrent.SingleThreadEventExecutor$5.run(SingleThreadEventExecutor.java:897)
	at org.apache.ratis.thirdparty.io.netty.util.concurrent.FastThreadLocalRunnable.run(FastThreadLocalRunnable.java:30)
	... 1 more
Caused by: java.net.ConnectException: Connection refused
	... 11 more
2019-07-13 16:26:58,476 INFO  impl.LeaderElection (LogUtils.java:infoOrTrace(149)) -   Exception 1: {}
java.util.concurrent.ExecutionException: org.apache.ratis.thirdparty.io.grpc.StatusRuntimeException: UNAVAILABLE: io exception
	at java.util.concurrent.FutureTask.report(FutureTask.java:122)
	at java.util.concurrent.FutureTask.get(FutureTask.java:192)
	at org.apache.ratis.server.impl.LeaderElection.waitForResults(LeaderElection.java:262)
	at org.apache.ratis.server.impl.LeaderElection.askForVotes(LeaderElection.java:200)
	at org.apache.ratis.server.impl.LeaderElection.run(LeaderElection.java:130)
	at java.lang.Thread.run(Thread.java:748)
Caused by: org.apache.ratis.thirdparty.io.grpc.StatusRuntimeException: UNAVAILABLE: io exception
	at org.apache.ratis.thirdparty.io.grpc.stub.ClientCalls.toStatusRuntimeException(ClientCalls.java:233)
	at org.apache.ratis.thirdparty.io.grpc.stub.ClientCalls.getUnchecked(ClientCalls.java:214)
	at org.apache.ratis.thirdparty.io.grpc.stub.ClientCalls.blockingUnaryCall(ClientCalls.java:139)
	at org.apache.ratis.proto.grpc.RaftServerProtocolServiceGrpc$RaftServerProtocolServiceBlockingStub.requestVote(RaftServerProtocolServiceGrpc.java:265)
	at org.apache.ratis.grpc.server.GrpcServerProtocolClient.requestVote(GrpcServerProtocolClient.java:83)
	at org.apache.ratis.grpc.server.GrpcService.requestVote(GrpcService.java:195)
	at org.apache.ratis.server.impl.LeaderElection.lambda$submitRequests$1(LeaderElection.java:237)
	at java.util.concurrent.FutureTask.run(FutureTask.java:266)
	at java.util.concurrent.Executors$RunnableAdapter.call(Executors.java:511)
	at java.util.concurrent.FutureTask.run(FutureTask.java:266)
	at java.util.concurrent.ThreadPoolExecutor.runWorker(ThreadPoolExecutor.java:1149)
	at java.util.concurrent.ThreadPoolExecutor$Worker.run(ThreadPoolExecutor.java:624)
	... 1 more
Caused by: org.apache.ratis.thirdparty.io.netty.channel.AbstractChannel$AnnotatedConnectException: Connection refused: /192.168.5.187:36774
	at sun.nio.ch.SocketChannelImpl.checkConnect(Native Method)
	at sun.nio.ch.SocketChannelImpl.finishConnect(SocketChannelImpl.java:717)
	at org.apache.ratis.thirdparty.io.netty.channel.socket.nio.NioSocketChannel.doFinishConnect(NioSocketChannel.java:327)
	at org.apache.ratis.thirdparty.io.netty.channel.nio.AbstractNioChannel$AbstractNioUnsafe.finishConnect(AbstractNioChannel.java:340)
	at org.apache.ratis.thirdparty.io.netty.channel.nio.NioEventLoop.processSelectedKey(NioEventLoop.java:632)
	at org.apache.ratis.thirdparty.io.netty.channel.nio.NioEventLoop.processSelectedKeysOptimized(NioEventLoop.java:579)
	at org.apache.ratis.thirdparty.io.netty.channel.nio.NioEventLoop.processSelectedKeys(NioEventLoop.java:496)
	at org.apache.ratis.thirdparty.io.netty.channel.nio.NioEventLoop.run(NioEventLoop.java:458)
	at org.apache.ratis.thirdparty.io.netty.util.concurrent.SingleThreadEventExecutor$5.run(SingleThreadEventExecutor.java:897)
	at org.apache.ratis.thirdparty.io.netty.util.concurrent.FastThreadLocalRunnable.run(FastThreadLocalRunnable.java:30)
	... 1 more
Caused by: java.net.ConnectException: Connection refused
	... 11 more
2019-07-13 16:26:58,476 INFO  impl.RaftServerImpl (RaftServerImpl.java:setRole(171)) - 70e4dd9f-3b94-4d19-ba43-f83a8be65831:group-349E2213627B changes role from CANDIDATE to FOLLOWER at term 2 for DISCOVERED_A_NEW_TERM
2019-07-13 16:26:58,477 INFO  impl.RoleInfo (RoleInfo.java:shutdownLeaderElection(134)) - 70e4dd9f-3b94-4d19-ba43-f83a8be65831: shutdown LeaderElection
2019-07-13 16:26:58,478 INFO  impl.RoleInfo (RoleInfo.java:updateAndGet(143)) - 70e4dd9f-3b94-4d19-ba43-f83a8be65831: start FollowerState
2019-07-13 16:26:59,309 INFO  node.StaleNodeHandler (StaleNodeHandler.java:onMessage(58)) - Datanode 70e4dd9f-3b94-4d19-ba43-f83a8be65831{ip: 192.168.5.187, host: trunk-nightly-z92hn-1831959607, networkLocation: /default-rack, certSerialId: null} moved to stale state. Finalizing its pipelines [PipelineID=08560e24-919d-4c8e-885b-ad5256851f1e, PipelineID=05860783-9812-47f9-85f4-349e2213627b]
2019-07-13 16:26:59,311 INFO  pipeline.SCMPipelineManager (SCMPipelineManager.java:finalizeAndDestroyPipeline(309)) - destroying pipeline:Pipeline[ Id: 08560e24-919d-4c8e-885b-ad5256851f1e, Nodes: 70e4dd9f-3b94-4d19-ba43-f83a8be65831{ip: 192.168.5.187, host: trunk-nightly-z92hn-1831959607, networkLocation: /default-rack, certSerialId: null}, Type:RATIS, Factor:ONE, State:OPEN]
2019-07-13 16:26:59,311 INFO  pipeline.PipelineStateManager (PipelineStateManager.java:finalizePipeline(123)) - Pipeline Pipeline[ Id: 08560e24-919d-4c8e-885b-ad5256851f1e, Nodes: 70e4dd9f-3b94-4d19-ba43-f83a8be65831{ip: 192.168.5.187, host: trunk-nightly-z92hn-1831959607, networkLocation: /default-rack, certSerialId: null}, Type:RATIS, Factor:ONE, State:CLOSED] moved to CLOSED state
2019-07-13 16:26:59,312 INFO  pipeline.SCMPipelineManager (SCMPipelineManager.java:finalizeAndDestroyPipeline(309)) - destroying pipeline:Pipeline[ Id: 05860783-9812-47f9-85f4-349e2213627b, Nodes: 70e4dd9f-3b94-4d19-ba43-f83a8be65831{ip: 192.168.5.187, host: trunk-nightly-z92hn-1831959607, networkLocation: /default-rack, certSerialId: null}d4583721-577b-4654-9040-19b2cb0aebc2{ip: 192.168.5.187, host: trunk-nightly-z92hn-1831959607, networkLocation: /default-rack, certSerialId: null}29b6b04b-4a33-43a2-8f94-ee83b13355a5{ip: 192.168.5.187, host: trunk-nightly-z92hn-1831959607, networkLocation: /default-rack, certSerialId: null}, Type:RATIS, Factor:THREE, State:CLOSED]
2019-07-13 16:26:59,664 INFO  ozoneimpl.OzoneContainer (OzoneContainer.java:stop(199)) - Attempting to stop container services.
2019-07-13 16:26:59,665 INFO  impl.RaftServerProxy (RaftServerProxy.java:lambda$close$4(314)) - 70e4dd9f-3b94-4d19-ba43-f83a8be65831: close
2019-07-13 16:26:59,665 INFO  impl.RaftServerImpl (RaftServerImpl.java:lambda$shutdown$3(245)) - 70e4dd9f-3b94-4d19-ba43-f83a8be65831: shutdown group-AD5256851F1E
2019-07-13 16:26:59,665 INFO  util.JmxRegister (JmxRegister.java:unregister(73)) - Successfully un-registered JMX Bean with object name Ratis:service=RaftServer,group=group-AD5256851F1E,id=70e4dd9f-3b94-4d19-ba43-f83a8be65831
2019-07-13 16:26:59,666 INFO  impl.RoleInfo (RoleInfo.java:shutdownLeaderState(104)) - 70e4dd9f-3b94-4d19-ba43-f83a8be65831: shutdown LeaderState
2019-07-13 16:26:59,666 INFO  impl.PendingRequests (PendingRequests.java:sendNotLeaderResponses(202)) - 70e4dd9f-3b94-4d19-ba43-f83a8be65831-PendingRequests: sendNotLeaderResponses
2019-07-13 16:26:59,666 INFO  impl.StateMachineUpdater (StateMachineUpdater.java:stopAndJoin(115)) - StateMachineUpdater:70e4dd9f-3b94-4d19-ba43-f83a8be65831:group-AD5256851F1E: set stopIndex = 0
2019-07-13 16:26:59,667 INFO  ratis.ContainerStateMachine (ContainerStateMachine.java:takeSnapshot(246)) - Taking snapshot at termIndex:(t:0, i:~)
2019-07-13 16:26:59,668 INFO  impl.RaftServerImpl (ServerState.java:close(394)) - 70e4dd9f-3b94-4d19-ba43-f83a8be65831:group-AD5256851F1E closes. The last applied log index is 0
2019-07-13 16:26:59,669 INFO  segmented.SegmentedRaftLogWorker (SegmentedRaftLogWorker.java:run(313)) - 70e4dd9f-3b94-4d19-ba43-f83a8be65831-SegmentedRaftLogWorker:Storage Directory /tmp/workdir/hadoop-ozone/integration-test/target/test-dir/MiniOzoneClusterImpl-488cee6e-9812-43b4-a1dd-ea710523146f/datanode-0/data/ratis/08560e24-919d-4c8e-885b-ad5256851f1e was interrupted, exiting. There are 0 tasks remaining in the queue.
2019-07-13 16:26:59,669 INFO  segmented.SegmentedRaftLogWorker (SegmentedRaftLogWorker.java:close(228)) - 70e4dd9f-3b94-4d19-ba43-f83a8be65831-SegmentedRaftLogWorker:Storage Directory /tmp/workdir/hadoop-ozone/integration-test/target/test-dir/MiniOzoneClusterImpl-488cee6e-9812-43b4-a1dd-ea710523146f/datanode-0/data/ratis/08560e24-919d-4c8e-885b-ad5256851f1e close()
2019-07-13 16:26:59,671 INFO  impl.RaftServerImpl (RaftServerImpl.java:lambda$shutdown$3(245)) - 70e4dd9f-3b94-4d19-ba43-f83a8be65831: shutdown group-349E2213627B
2019-07-13 16:26:59,671 INFO  util.JmxRegister (JmxRegister.java:unregister(73)) - Successfully un-registered JMX Bean with object name Ratis:service=RaftServer,group=group-349E2213627B,id=70e4dd9f-3b94-4d19-ba43-f83a8be65831
2019-07-13 16:26:59,671 INFO  impl.RoleInfo (RoleInfo.java:shutdownFollowerState(121)) - 70e4dd9f-3b94-4d19-ba43-f83a8be65831: shutdown FollowerState
2019-07-13 16:26:59,671 INFO  impl.StateMachineUpdater (StateMachineUpdater.java:stopAndJoin(115)) - StateMachineUpdater:70e4dd9f-3b94-4d19-ba43-f83a8be65831:group-349E2213627B: set stopIndex = 16
2019-07-13 16:26:59,672 INFO  ratis.ContainerStateMachine (ContainerStateMachine.java:takeSnapshot(246)) - Taking snapshot at termIndex:(t:1, i:14)
2019-07-13 16:26:59,672 INFO  impl.FollowerState (FollowerState.java:run(114)) - 70e4dd9f-3b94-4d19-ba43-f83a8be65831: FollowerState was interrupted: java.lang.InterruptedException: sleep interrupted
2019-07-13 16:26:59,672 INFO  ratis.ContainerStateMachine (ContainerStateMachine.java:takeSnapshot(250)) - Taking a snapshot to file /tmp/workdir/hadoop-ozone/integration-test/target/test-dir/MiniOzoneClusterImpl-488cee6e-9812-43b4-a1dd-ea710523146f/datanode-0/data/ratis/05860783-9812-47f9-85f4-349e2213627b/sm/snapshot.1_14
2019-07-13 16:26:59,673 INFO  impl.StateMachineUpdater (StateMachineUpdater.java:takeSnapshot(242)) - StateMachineUpdater:70e4dd9f-3b94-4d19-ba43-f83a8be65831:group-349E2213627B: Took a snapshot at index 14
2019-07-13 16:26:59,673 INFO  impl.StateMachineUpdater (StateMachineUpdater.java:lambda$new$0(80)) - StateMachineUpdater:70e4dd9f-3b94-4d19-ba43-f83a8be65831:group-349E2213627B: snapshotIndex: updateIncreasingly -1 -> 14
2019-07-13 16:26:59,674 INFO  impl.RaftServerImpl (ServerState.java:close(394)) - 70e4dd9f-3b94-4d19-ba43-f83a8be65831:group-349E2213627B closes. The last applied log index is 16
2019-07-13 16:26:59,674 INFO  segmented.SegmentedRaftLogWorker (SegmentedRaftLogWorker.java:run(313)) - 70e4dd9f-3b94-4d19-ba43-f83a8be65831-SegmentedRaftLogWorker:Storage Directory /tmp/workdir/hadoop-ozone/integration-test/target/test-dir/MiniOzoneClusterImpl-488cee6e-9812-43b4-a1dd-ea710523146f/datanode-0/data/ratis/05860783-9812-47f9-85f4-349e2213627b was interrupted, exiting. There are 0 tasks remaining in the queue.
2019-07-13 16:26:59,675 INFO  segmented.SegmentedRaftLogWorker (SegmentedRaftLogWorker.java:close(228)) - 70e4dd9f-3b94-4d19-ba43-f83a8be65831-SegmentedRaftLogWorker:Storage Directory /tmp/workdir/hadoop-ozone/integration-test/target/test-dir/MiniOzoneClusterImpl-488cee6e-9812-43b4-a1dd-ea710523146f/datanode-0/data/ratis/05860783-9812-47f9-85f4-349e2213627b close()
2019-07-13 16:26:59,676 INFO  server.GrpcService (GrpcService.java:closeImpl(155)) - 70e4dd9f-3b94-4d19-ba43-f83a8be65831: shutdown server with port 44770 now
2019-07-13 16:26:59,678 INFO  server.GrpcService (GrpcService.java:closeImpl(163)) - 70e4dd9f-3b94-4d19-ba43-f83a8be65831: shutdown server with port 44770 successfully
2019-07-13 16:26:59,686 INFO  utils.BackgroundService (BackgroundService.java:shutdown(148)) - Shutting down service BlockDeletingService
2019-07-13 16:26:59,689 WARN  fs.CachingGetSpaceUsed (CachingGetSpaceUsed.java:run(183)) - Thread Interrupted waiting to refresh disk information: sleep interrupted
2019-07-13 16:26:59,709 INFO  statemachine.DatanodeStateMachine (DatanodeStateMachine.java:stopDaemon(395)) - Ozone container server stopped.
2019-07-13 16:26:59,722 INFO  handler.ContextHandler (ContextHandler.java:doStop(910)) - Stopped o.e.j.w.WebAppContext@24e83d19{/,null,UNAVAILABLE}{/hddsDatanode}
2019-07-13 16:26:59,723 INFO  server.AbstractConnector (AbstractConnector.java:doStop(318)) - Stopped ServerConnector@5c080ef3{HTTP/1.1,[http/1.1]}{0.0.0.0:0}
2019-07-13 16:26:59,724 INFO  handler.ContextHandler (ContextHandler.java:doStop(910)) - Stopped o.e.j.s.ServletContextHandler@2133661d{/static,jar:file:/home/user/.m2/repository/org/apache/hadoop/hadoop-hdds-container-service/0.5.0-SNAPSHOT/hadoop-hdds-container-service-0.5.0-SNAPSHOT.jar!/webapps/static,UNAVAILABLE}
2019-07-13 16:26:59,724 INFO  handler.ContextHandler (ContextHandler.java:doStop(910)) - Stopped o.e.j.s.ServletContextHandler@304d0259{/logs,file:///tmp/workdir/hadoop-ozone/integration-test/target/log,UNAVAILABLE}
2019-07-13 16:26:59,726 INFO  ozone.MiniOzoneClusterImpl (MiniOzoneClusterImpl.java:stop(353)) - Stopping the StorageContainerManager
2019-07-13 16:26:59,727 INFO  server.StorageContainerManager (StorageContainerManager.java:stop(796)) - Stopping Replication Manager Service.
2019-07-13 16:26:59,727 INFO  container.ReplicationManager (ReplicationManager.java:stop(187)) - Stopping Replication Monitor Thread.
2019-07-13 16:26:59,727 INFO  server.StorageContainerManager (StorageContainerManager.java:stop(803)) - Stopping Lease Manager of the command watchers
2019-07-13 16:26:59,728 INFO  server.StorageContainerManager (StorageContainerManager.java:stop(810)) - Stopping datanode service RPC server
2019-07-13 16:26:59,728 INFO  server.SCMDatanodeProtocolServer (SCMDatanodeProtocolServer.java:stop(375)) - Stopping the RPC server for DataNodes
2019-07-13 16:26:59,728 INFO  ipc.Server (Server.java:stop(3082)) - Stopping server on 34823
2019-07-13 16:26:59,729 INFO  ipc.Server (Server.java:run(1185)) - Stopping IPC Server listener on 34823
2019-07-13 16:26:59,731 INFO  ipc.Server (Server.java:run(1319)) - Stopping IPC Server Responder
2019-07-13 16:26:59,810 WARN  node.NodeStateManager (NodeStateManager.java:scheduleNextHealthCheck(631)) - Current Thread is interrupted, shutting down HB processing thread for Node Manager.
2019-07-13 16:26:59,810 INFO  server.StorageContainerManager (StorageContainerManager.java:stop(818)) - Stopping block service RPC server
2019-07-13 16:26:59,810 INFO  server.SCMBlockProtocolServer (SCMBlockProtocolServer.java:stop(148)) - Stopping the RPC server for Block Protocol
2019-07-13 16:26:59,811 INFO  ipc.Server (Server.java:stop(3082)) - Stopping server on 42062
2019-07-13 16:26:59,812 INFO  server.StorageContainerManager (StorageContainerManager.java:stop(825)) - Stopping the StorageContainerLocationProtocol RPC server
2019-07-13 16:26:59,813 INFO  ipc.Server (Server.java:run(1185)) - Stopping IPC Server listener on 42062
2019-07-13 16:26:59,813 INFO  server.SCMClientProtocolServer (SCMClientProtocolServer.java:stop(157)) - Stopping the RPC server for Client Protocol
2019-07-13 16:26:59,813 INFO  ipc.Server (Server.java:run(1319)) - Stopping IPC Server Responder
2019-07-13 16:26:59,814 INFO  ipc.Server (Server.java:stop(3082)) - Stopping server on 43322
2019-07-13 16:26:59,816 INFO  server.StorageContainerManager (StorageContainerManager.java:stop(832)) - Stopping Storage Container Manager HTTP server.
2019-07-13 16:26:59,816 INFO  ipc.Server (Server.java:run(1185)) - Stopping IPC Server listener on 43322
2019-07-13 16:26:59,816 INFO  ipc.Server (Server.java:run(1319)) - Stopping IPC Server Responder
2019-07-13 16:26:59,818 INFO  handler.ContextHandler (ContextHandler.java:doStop(910)) - Stopped o.e.j.w.WebAppContext@6a1d204a{/,null,UNAVAILABLE}{/scm}
2019-07-13 16:26:59,820 INFO  server.AbstractConnector (AbstractConnector.java:doStop(318)) - Stopped ServerConnector@9d157ff{HTTP/1.1,[http/1.1]}{0.0.0.0:0}
2019-07-13 16:26:59,820 INFO  handler.ContextHandler (ContextHandler.java:doStop(910)) - Stopped o.e.j.s.ServletContextHandler@76012793{/static,file:///tmp/workdir/hadoop-ozone/integration-test/target/test-classes/webapps/static,UNAVAILABLE}
2019-07-13 16:26:59,821 INFO  handler.ContextHandler (ContextHandler.java:doStop(910)) - Stopped o.e.j.s.ServletContextHandler@6bbe2511{/logs,file:///tmp/workdir/hadoop-ozone/integration-test/target/log,UNAVAILABLE}
2019-07-13 16:26:59,823 INFO  server.StorageContainerManager (StorageContainerManager.java:stop(843)) - Stopping Block Manager Service.
2019-07-13 16:26:59,823 INFO  utils.BackgroundService (BackgroundService.java:shutdown(148)) - Shutting down service SCMBlockDeletingService
2019-07-13 16:26:59,825 INFO  utils.BackgroundService (BackgroundService.java:shutdown(148)) - Shutting down service SCMBlockDeletingService
2019-07-13 16:26:59,826 INFO  server.StorageContainerManager (StorageContainerManager.java:stop(865)) - Stopping SCM Event Queue.
2019-07-13 16:26:59,834 INFO  impl.MetricsSystemImpl (MetricsSystemImpl.java:stop(210)) - Stopping HddsDatanode metrics system...
2019-07-13 16:26:59,841 INFO  impl.MetricsSystemImpl (MetricsSystemImpl.java:stop(216)) - HddsDatanode metrics system stopped.
]]></system-out>
    <system-err><![CDATA[ERROR StatusLogger No Log4j 2 configuration file found. Using default configuration (logging only errors to the console), or user programmatically provided configurations. Set system property 'log4j2.debug' to show Log4j 2 internal initialization logging. See https://logging.apache.org/log4j/2.x/manual/configuration.html for instructions on how to configure Log4j 2
Jul 13, 2019 4:26:20 PM com.sun.jersey.server.impl.application.WebApplicationImpl _initiate
INFO: Initiating Jersey application, version 'Jersey: 1.19 02/11/2015 03:25 AM'
Jul 13, 2019 4:26:21 PM com.sun.jersey.server.impl.application.WebApplicationImpl _initiate
INFO: Initiating Jersey application, version 'Jersey: 1.19 02/11/2015 03:25 AM'
Jul 13, 2019 4:26:22 PM com.sun.jersey.server.impl.application.WebApplicationImpl _initiate
INFO: Initiating Jersey application, version 'Jersey: 1.19 02/11/2015 03:25 AM'
Jul 13, 2019 4:26:22 PM com.sun.jersey.server.impl.application.WebApplicationImpl _initiate
INFO: Initiating Jersey application, version 'Jersey: 1.19 02/11/2015 03:25 AM'
Jul 13, 2019 4:26:22 PM com.sun.jersey.server.impl.application.WebApplicationImpl _initiate
INFO: Initiating Jersey application, version 'Jersey: 1.19 02/11/2015 03:25 AM'
Jul 13, 2019 4:26:22 PM com.sun.jersey.server.impl.application.WebApplicationImpl _initiate
INFO: Initiating Jersey application, version 'Jersey: 1.19 02/11/2015 03:25 AM'
Jul 13, 2019 4:26:23 PM com.sun.jersey.server.impl.application.WebApplicationImpl _initiate
INFO: Initiating Jersey application, version 'Jersey: 1.19 02/11/2015 03:25 AM'
]]></system-err>
  </testcase>
  <testcase name="testDatanodeFailureWithPreAllocation" classname="org.apache.hadoop.ozone.client.rpc.TestBlockOutputStreamWithFailures" time="225.09"/>
  <testcase name="testDatanodeFailureWithSingleNodeRatis" classname="org.apache.hadoop.ozone.client.rpc.TestBlockOutputStreamWithFailures" time="224.405"/>
  <testcase name="testWatchForCommitWithSingleNodeRatis" classname="org.apache.hadoop.ozone.client.rpc.TestBlockOutputStreamWithFailures" time="34.257">
    <error type="java.lang.IllegalArgumentException">java.lang.IllegalArgumentException
	at com.google.common.base.Preconditions.checkArgument(Preconditions.java:72)
	at org.apache.hadoop.hdds.scm.XceiverClientManager.acquireClient(XceiverClientManager.java:150)
	at org.apache.hadoop.hdds.scm.XceiverClientManager.acquireClientForReadData(XceiverClientManager.java:143)
	at org.apache.hadoop.hdds.scm.storage.BlockInputStream.getChunkInfos(BlockInputStream.java:154)
	at org.apache.hadoop.hdds.scm.storage.BlockInputStream.initialize(BlockInputStream.java:118)
	at org.apache.hadoop.hdds.scm.storage.BlockInputStream.read(BlockInputStream.java:222)
	at org.apache.hadoop.ozone.client.io.KeyInputStream.read(KeyInputStream.java:171)
	at org.apache.hadoop.ozone.client.io.OzoneInputStream.read(OzoneInputStream.java:47)
	at java.io.InputStream.read(InputStream.java:101)
	at org.apache.hadoop.ozone.container.ContainerTestHelper.validateData(ContainerTestHelper.java:709)
	at org.apache.hadoop.ozone.client.rpc.TestBlockOutputStreamWithFailures.validateData(TestBlockOutputStreamWithFailures.java:1212)
	at org.apache.hadoop.ozone.client.rpc.TestBlockOutputStreamWithFailures.testWatchForCommitWithSingleNodeRatis(TestBlockOutputStreamWithFailures.java:914)
	at sun.reflect.NativeMethodAccessorImpl.invoke0(Native Method)
	at sun.reflect.NativeMethodAccessorImpl.invoke(NativeMethodAccessorImpl.java:62)
	at sun.reflect.DelegatingMethodAccessorImpl.invoke(DelegatingMethodAccessorImpl.java:43)
	at java.lang.reflect.Method.invoke(Method.java:498)
	at org.junit.runners.model.FrameworkMethod$1.runReflectiveCall(FrameworkMethod.java:47)
	at org.junit.internal.runners.model.ReflectiveCallable.run(ReflectiveCallable.java:12)
	at org.junit.runners.model.FrameworkMethod.invokeExplosively(FrameworkMethod.java:44)
	at org.junit.internal.runners.statements.InvokeMethod.evaluate(InvokeMethod.java:17)
	at org.junit.internal.runners.statements.RunBefores.evaluate(RunBefores.java:26)
	at org.junit.internal.runners.statements.RunAfters.evaluate(RunAfters.java:27)
	at org.junit.runners.ParentRunner.runLeaf(ParentRunner.java:271)
	at org.junit.runners.BlockJUnit4ClassRunner.runChild(BlockJUnit4ClassRunner.java:70)
	at org.junit.runners.BlockJUnit4ClassRunner.runChild(BlockJUnit4ClassRunner.java:50)
	at org.junit.runners.ParentRunner$3.run(ParentRunner.java:238)
	at org.junit.runners.ParentRunner$1.schedule(ParentRunner.java:63)
	at org.junit.runners.ParentRunner.runChildren(ParentRunner.java:236)
	at org.junit.runners.ParentRunner.access$000(ParentRunner.java:53)
	at org.junit.runners.ParentRunner$2.evaluate(ParentRunner.java:229)
	at org.junit.runners.ParentRunner.run(ParentRunner.java:309)
	at org.apache.maven.surefire.junit4.JUnit4Provider.execute(JUnit4Provider.java:365)
	at org.apache.maven.surefire.junit4.JUnit4Provider.executeWithRerun(JUnit4Provider.java:273)
	at org.apache.maven.surefire.junit4.JUnit4Provider.executeTestSet(JUnit4Provider.java:238)
	at org.apache.maven.surefire.junit4.JUnit4Provider.invoke(JUnit4Provider.java:159)
	at org.apache.maven.surefire.booter.ForkedBooter.invokeProviderInSameClassLoader(ForkedBooter.java:384)
	at org.apache.maven.surefire.booter.ForkedBooter.runSuitesInProcess(ForkedBooter.java:345)
	at org.apache.maven.surefire.booter.ForkedBooter.execute(ForkedBooter.java:126)
	at org.apache.maven.surefire.booter.ForkedBooter.main(ForkedBooter.java:418)
</error>
    <system-out><![CDATA[2019-07-13 16:34:29,416 WARN  server.ServerUtils (ServerUtils.java:getScmDbDir(145)) - ozone.scm.db.dirs is not configured. We recommend adding this setting. Falling back to ozone.metadata.dirs instead.
2019-07-13 16:34:29,434 WARN  server.ServerUtils (ServerUtils.java:getScmDbDir(145)) - ozone.scm.db.dirs is not configured. We recommend adding this setting. Falling back to ozone.metadata.dirs instead.
2019-07-13 16:34:29,434 WARN  server.ServerUtils (ServerUtils.java:getScmDbDir(145)) - ozone.scm.db.dirs is not configured. We recommend adding this setting. Falling back to ozone.metadata.dirs instead.
2019-07-13 16:34:29,435 INFO  db.DBStoreBuilder (DBStoreBuilder.java:addTable(110)) - using custom profile for table: deletedBlocks
2019-07-13 16:34:29,435 INFO  db.DBStoreBuilder (DBStoreBuilder.java:processTables(161)) - Using default column profile:DBProfile.DISK for Table:deletedBlocks
2019-07-13 16:34:29,435 INFO  db.DBStoreBuilder (DBStoreBuilder.java:addTable(110)) - using custom profile for table: validCerts
2019-07-13 16:34:29,436 INFO  db.DBStoreBuilder (DBStoreBuilder.java:processTables(161)) - Using default column profile:DBProfile.DISK for Table:validCerts
2019-07-13 16:34:29,436 INFO  db.DBStoreBuilder (DBStoreBuilder.java:addTable(110)) - using custom profile for table: revokedCerts
2019-07-13 16:34:29,436 INFO  db.DBStoreBuilder (DBStoreBuilder.java:processTables(161)) - Using default column profile:DBProfile.DISK for Table:revokedCerts
2019-07-13 16:34:29,437 INFO  db.DBStoreBuilder (DBStoreBuilder.java:addTable(110)) - using custom profile for table: default
2019-07-13 16:34:29,437 INFO  db.DBStoreBuilder (DBStoreBuilder.java:processTables(167)) - Using default column profile:DBProfile.DISK for Table:default
2019-07-13 16:34:29,437 INFO  db.DBStoreBuilder (DBStoreBuilder.java:getDbProfile(198)) - Using default options. DBProfile.DISK
2019-07-13 16:34:29,545 INFO  net.NodeSchemaLoader (NodeSchemaLoader.java:loadSchemaFromFile(125)) - Loading file from sun.misc.CompoundEnumeration@6d57b264
2019-07-13 16:34:29,545 INFO  net.NodeSchemaLoader (NodeSchemaLoader.java:loadSchema(171)) - Loading network topology layer schema file
2019-07-13 16:34:29,553 INFO  node.SCMNodeManager (SCMNodeManager.java:<init>(119)) - Entering startup safe mode.
2019-07-13 16:34:29,554 WARN  server.ServerUtils (ServerUtils.java:getScmDbDir(145)) - ozone.scm.db.dirs is not configured. We recommend adding this setting. Falling back to ozone.metadata.dirs instead.
2019-07-13 16:34:29,592 INFO  pipeline.SCMPipelineManager (SCMPipelineManager.java:initializePipelineState(126)) - No pipeline exists in current db
2019-07-13 16:34:29,592 WARN  server.ServerUtils (ServerUtils.java:getScmDbDir(145)) - ozone.scm.db.dirs is not configured. We recommend adding this setting. Falling back to ozone.metadata.dirs instead.
2019-07-13 16:34:29,618 WARN  events.EventQueue (EventQueue.java:fireEvent(175)) - No event handler registered for event TypedEvent{payloadType=SafeModeStatus, name='SafeModeStatus'}
2019-07-13 16:34:29,619 INFO  ipc.CallQueueManager (CallQueueManager.java:<init>(84)) - Using callQueue: class java.util.concurrent.LinkedBlockingQueue, queueCapacity: 2000, scheduler: class org.apache.hadoop.ipc.DefaultRpcScheduler, ipcBackoff: false.
2019-07-13 16:34:29,620 INFO  ipc.Server (Server.java:run(1074)) - Starting Socket Reader #1 for port 36322
2019-07-13 16:34:29,622 INFO  ipc.CallQueueManager (CallQueueManager.java:<init>(84)) - Using callQueue: class java.util.concurrent.LinkedBlockingQueue, queueCapacity: 2000, scheduler: class org.apache.hadoop.ipc.DefaultRpcScheduler, ipcBackoff: false.
2019-07-13 16:34:29,623 INFO  ipc.Server (Server.java:run(1074)) - Starting Socket Reader #1 for port 41695
2019-07-13 16:34:29,625 INFO  ipc.CallQueueManager (CallQueueManager.java:<init>(84)) - Using callQueue: class java.util.concurrent.LinkedBlockingQueue, queueCapacity: 2000, scheduler: class org.apache.hadoop.ipc.DefaultRpcScheduler, ipcBackoff: false.
2019-07-13 16:34:29,626 INFO  ipc.Server (Server.java:run(1074)) - Starting Socket Reader #1 for port 33151
2019-07-13 16:34:29,628 INFO  hdfs.DFSUtil (DFSUtil.java:httpServerTemplateForNNAndJN(1641)) - Starting Web-server for scm at: http://0.0.0.0:0
2019-07-13 16:34:29,630 INFO  server.AuthenticationFilter (AuthenticationFilter.java:constructSecretProvider(240)) - Unable to initialize FileSignerSecretProvider, falling back to use random secrets.
2019-07-13 16:34:29,631 WARN  http.HttpRequestLog (HttpRequestLog.java:getRequestLog(97)) - Jetty request log can only be enabled using Log4j
2019-07-13 16:34:29,634 INFO  http.HttpServer2 (HttpServer2.java:addGlobalFilter(975)) - Added global filter 'safety' (class=org.apache.hadoop.http.HttpServer2$QuotingInputFilter)
2019-07-13 16:34:29,634 INFO  http.HttpServer2 (HttpServer2.java:addFilter(948)) - Added filter static_user_filter (class=org.apache.hadoop.http.lib.StaticUserWebFilter$StaticUserFilter) to context scm
2019-07-13 16:34:29,635 INFO  http.HttpServer2 (HttpServer2.java:addFilter(958)) - Added filter static_user_filter (class=org.apache.hadoop.http.lib.StaticUserWebFilter$StaticUserFilter) to context static
2019-07-13 16:34:29,635 INFO  http.HttpServer2 (HttpServer2.java:addFilter(958)) - Added filter static_user_filter (class=org.apache.hadoop.http.lib.StaticUserWebFilter$StaticUserFilter) to context logs
2019-07-13 16:34:29,638 INFO  server.StorageContainerManager (StorageContainerManager.java:start(759)) - StorageContainerLocationProtocol RPC server is listening at /0.0.0.0:33151
2019-07-13 16:34:29,640 WARN  impl.MetricsConfig (MetricsConfig.java:loadFirst(134)) - Cannot locate configuration: tried hadoop-metrics2-storagecontainermanager.properties,hadoop-metrics2.properties
2019-07-13 16:34:29,641 INFO  impl.MetricsSystemImpl (MetricsSystemImpl.java:startTimer(374)) - Scheduled Metric snapshot period at 10 second(s).
2019-07-13 16:34:29,642 INFO  impl.MetricsSystemImpl (MetricsSystemImpl.java:start(191)) - StorageContainerManager metrics system started
2019-07-13 16:34:29,712 INFO  server.SCMClientProtocolServer (SCMClientProtocolServer.java:start(149)) - RPC server for Client  is listening at /0.0.0.0:33151
2019-07-13 16:34:29,713 INFO  ipc.Server (Server.java:run(1314)) - IPC Server Responder: starting
2019-07-13 16:34:29,714 INFO  ipc.Server (Server.java:run(1153)) - IPC Server listener on 33151: starting
2019-07-13 16:34:29,717 INFO  server.StorageContainerManager (StorageContainerManager.java:start(768)) - ScmBlockLocationProtocol RPC server is listening at /0.0.0.0:41695
2019-07-13 16:34:29,717 INFO  server.SCMBlockProtocolServer (SCMBlockProtocolServer.java:start(140)) - RPC server for Block Protocol is listening at /0.0.0.0:41695
2019-07-13 16:34:29,718 INFO  ipc.Server (Server.java:run(1314)) - IPC Server Responder: starting
2019-07-13 16:34:29,718 INFO  ipc.Server (Server.java:run(1153)) - IPC Server listener on 41695: starting
2019-07-13 16:34:29,722 INFO  server.StorageContainerManager (StorageContainerManager.java:start(772)) - ScmDatanodeProtocl RPC server is listening at /0.0.0.0:36322
2019-07-13 16:34:29,722 INFO  server.SCMDatanodeProtocolServer (SCMDatanodeProtocolServer.java:start(191)) - RPC server for DataNodes is listening at /0.0.0.0:36322
2019-07-13 16:34:29,723 INFO  ipc.Server (Server.java:run(1314)) - IPC Server Responder: starting
2019-07-13 16:34:29,724 INFO  ipc.Server (Server.java:run(1153)) - IPC Server listener on 36322: starting
2019-07-13 16:34:29,727 INFO  http.HttpServer2 (HttpServer2.java:bindListener(1191)) - Jetty bound to port 43700
2019-07-13 16:34:29,727 INFO  server.Server (Server.java:doStart(351)) - jetty-9.3.24.v20180605, build timestamp: 2018-06-05T17:11:56Z, git hash: 84205aa28f11a4f31f2a3b86d1bba2cc8ab69827
2019-07-13 16:34:29,729 INFO  handler.ContextHandler (ContextHandler.java:doStart(781)) - Started o.e.j.s.ServletContextHandler@1b901f7b{/logs,file:///tmp/workdir/hadoop-ozone/integration-test/target/log,AVAILABLE}
2019-07-13 16:34:29,730 INFO  handler.ContextHandler (ContextHandler.java:doStart(781)) - Started o.e.j.s.ServletContextHandler@1a1e38ab{/static,file:///tmp/workdir/hadoop-ozone/integration-test/target/test-classes/webapps/static,AVAILABLE}
2019-07-13 16:34:29,735 INFO  handler.ContextHandler (ContextHandler.java:doStart(781)) - Started o.e.j.w.WebAppContext@c931728{/,file:///tmp/workdir/hadoop-ozone/integration-test/target/test-classes/webapps/scm/,AVAILABLE}{/scm}
2019-07-13 16:34:29,735 INFO  server.AbstractConnector (AbstractConnector.java:doStart(278)) - Started ServerConnector@477e5b69{HTTP/1.1,[http/1.1]}{0.0.0.0:43700}
2019-07-13 16:34:29,736 INFO  server.Server (Server.java:doStart(419)) - Started @493213ms
2019-07-13 16:34:29,737 INFO  server.BaseHttpServer (BaseHttpServer.java:updateConnectorAddress(207)) - HTTP server of SCM is listening at http://0.0.0.0:43700
2019-07-13 16:34:29,738 WARN  server.ServerUtils (ServerUtils.java:getDBPath(222)) - ozone.om.db.dirs is not configured. We recommend adding this setting. Falling back to ozone.metadata.dirs instead.
2019-07-13 16:34:29,738 INFO  util.JvmPauseMonitor (JvmPauseMonitor.java:run(188)) - Starting JVM pause monitor
2019-07-13 16:34:29,750 WARN  server.ServerUtils (ServerUtils.java:getDBPath(222)) - ozone.om.db.dirs is not configured. We recommend adding this setting. Falling back to ozone.metadata.dirs instead.
2019-07-13 16:34:29,751 INFO  om.OzoneManager (OzoneManager.java:setOMNodeDetails(630)) - OM Service ID is not set. Setting it to the default ID: omServiceIdDefault
2019-07-13 16:34:29,751 INFO  om.OzoneManager (OzoneManager.java:setOMNodeDetails(636)) - OM Node ID is not set. Setting it to the OmStorage's OmID: 4aaca14c-7f0a-4b43-98fa-715a3efe277e
2019-07-13 16:34:29,751 INFO  om.OzoneManager (OzoneManager.java:loadOMHAConfigs(587)) - Found matching OM address with OMServiceId: null, OMNodeId: null, RPC Address: localhost:0 and Ratis port: 9872
2019-07-13 16:34:29,759 WARN  server.ServerUtils (ServerUtils.java:getDBPath(222)) - ozone.om.db.dirs is not configured. We recommend adding this setting. Falling back to ozone.metadata.dirs instead.
2019-07-13 16:34:29,759 INFO  db.DBStoreBuilder (DBStoreBuilder.java:addTable(110)) - using custom profile for table: userTable
2019-07-13 16:34:29,759 INFO  db.DBStoreBuilder (DBStoreBuilder.java:processTables(161)) - Using default column profile:DBProfile.DISK for Table:userTable
2019-07-13 16:34:29,760 INFO  db.DBStoreBuilder (DBStoreBuilder.java:addTable(110)) - using custom profile for table: volumeTable
2019-07-13 16:34:29,760 INFO  db.DBStoreBuilder (DBStoreBuilder.java:processTables(161)) - Using default column profile:DBProfile.DISK for Table:volumeTable
2019-07-13 16:34:29,760 INFO  db.DBStoreBuilder (DBStoreBuilder.java:addTable(110)) - using custom profile for table: bucketTable
2019-07-13 16:34:29,760 INFO  db.DBStoreBuilder (DBStoreBuilder.java:processTables(161)) - Using default column profile:DBProfile.DISK for Table:bucketTable
2019-07-13 16:34:29,761 INFO  db.DBStoreBuilder (DBStoreBuilder.java:addTable(110)) - using custom profile for table: keyTable
2019-07-13 16:34:29,761 INFO  db.DBStoreBuilder (DBStoreBuilder.java:processTables(161)) - Using default column profile:DBProfile.DISK for Table:keyTable
2019-07-13 16:34:29,761 INFO  db.DBStoreBuilder (DBStoreBuilder.java:addTable(110)) - using custom profile for table: deletedTable
2019-07-13 16:34:29,761 INFO  db.DBStoreBuilder (DBStoreBuilder.java:processTables(161)) - Using default column profile:DBProfile.DISK for Table:deletedTable
2019-07-13 16:34:29,761 INFO  db.DBStoreBuilder (DBStoreBuilder.java:addTable(110)) - using custom profile for table: openKeyTable
2019-07-13 16:34:29,762 INFO  db.DBStoreBuilder (DBStoreBuilder.java:processTables(161)) - Using default column profile:DBProfile.DISK for Table:openKeyTable
2019-07-13 16:34:29,762 INFO  db.DBStoreBuilder (DBStoreBuilder.java:addTable(110)) - using custom profile for table: s3Table
2019-07-13 16:34:29,762 INFO  db.DBStoreBuilder (DBStoreBuilder.java:processTables(161)) - Using default column profile:DBProfile.DISK for Table:s3Table
2019-07-13 16:34:29,762 INFO  db.DBStoreBuilder (DBStoreBuilder.java:addTable(110)) - using custom profile for table: multipartInfoTable
2019-07-13 16:34:29,762 INFO  db.DBStoreBuilder (DBStoreBuilder.java:processTables(161)) - Using default column profile:DBProfile.DISK for Table:multipartInfoTable
2019-07-13 16:34:29,763 INFO  db.DBStoreBuilder (DBStoreBuilder.java:addTable(110)) - using custom profile for table: dTokenTable
2019-07-13 16:34:29,763 INFO  db.DBStoreBuilder (DBStoreBuilder.java:processTables(161)) - Using default column profile:DBProfile.DISK for Table:dTokenTable
2019-07-13 16:34:29,763 INFO  db.DBStoreBuilder (DBStoreBuilder.java:addTable(110)) - using custom profile for table: s3SecretTable
2019-07-13 16:34:29,763 INFO  db.DBStoreBuilder (DBStoreBuilder.java:processTables(161)) - Using default column profile:DBProfile.DISK for Table:s3SecretTable
2019-07-13 16:34:29,763 INFO  db.DBStoreBuilder (DBStoreBuilder.java:addTable(110)) - using custom profile for table: prefixTable
2019-07-13 16:34:29,764 INFO  db.DBStoreBuilder (DBStoreBuilder.java:processTables(161)) - Using default column profile:DBProfile.DISK for Table:prefixTable
2019-07-13 16:34:29,764 INFO  db.DBStoreBuilder (DBStoreBuilder.java:addTable(110)) - using custom profile for table: default
2019-07-13 16:34:29,764 INFO  db.DBStoreBuilder (DBStoreBuilder.java:processTables(167)) - Using default column profile:DBProfile.DISK for Table:default
2019-07-13 16:34:29,764 INFO  db.DBStoreBuilder (DBStoreBuilder.java:getDbProfile(198)) - Using default options. DBProfile.DISK
2019-07-13 16:34:30,133 INFO  ipc.CallQueueManager (CallQueueManager.java:<init>(84)) - Using callQueue: class java.util.concurrent.LinkedBlockingQueue, queueCapacity: 2000, scheduler: class org.apache.hadoop.ipc.DefaultRpcScheduler, ipcBackoff: false.
2019-07-13 16:34:30,134 INFO  ipc.Server (Server.java:run(1074)) - Starting Socket Reader #1 for port 38634
2019-07-13 16:34:30,147 WARN  server.ServerUtils (ServerUtils.java:getDBPath(222)) - ozone.om.db.dirs is not configured. We recommend adding this setting. Falling back to ozone.metadata.dirs instead.
2019-07-13 16:34:30,147 INFO  om.OzoneManager (OzoneManager.java:start(1228)) - OzoneManager RPC server is listening at localhost/127.0.0.1:38634
2019-07-13 16:34:30,147 INFO  impl.MetricsSystemImpl (MetricsSystemImpl.java:init(158)) - OzoneManager metrics system started (again)
2019-07-13 16:34:30,148 INFO  ipc.Server (Server.java:run(1314)) - IPC Server Responder: starting
2019-07-13 16:34:30,148 INFO  ipc.Server (Server.java:run(1153)) - IPC Server listener on 38634: starting
2019-07-13 16:34:30,156 INFO  hdfs.DFSUtil (DFSUtil.java:httpServerTemplateForNNAndJN(1641)) - Starting Web-server for ozoneManager at: http://0.0.0.0:0
2019-07-13 16:34:30,157 INFO  server.AuthenticationFilter (AuthenticationFilter.java:constructSecretProvider(240)) - Unable to initialize FileSignerSecretProvider, falling back to use random secrets.
2019-07-13 16:34:30,158 WARN  http.HttpRequestLog (HttpRequestLog.java:getRequestLog(97)) - Jetty request log can only be enabled using Log4j
2019-07-13 16:34:30,159 INFO  http.HttpServer2 (HttpServer2.java:addGlobalFilter(975)) - Added global filter 'safety' (class=org.apache.hadoop.http.HttpServer2$QuotingInputFilter)
2019-07-13 16:34:30,159 INFO  http.HttpServer2 (HttpServer2.java:addFilter(948)) - Added filter static_user_filter (class=org.apache.hadoop.http.lib.StaticUserWebFilter$StaticUserFilter) to context ozoneManager
2019-07-13 16:34:30,159 INFO  http.HttpServer2 (HttpServer2.java:addFilter(958)) - Added filter static_user_filter (class=org.apache.hadoop.http.lib.StaticUserWebFilter$StaticUserFilter) to context static
2019-07-13 16:34:30,160 INFO  http.HttpServer2 (HttpServer2.java:addFilter(958)) - Added filter static_user_filter (class=org.apache.hadoop.http.lib.StaticUserWebFilter$StaticUserFilter) to context logs
2019-07-13 16:34:30,160 INFO  http.HttpServer2 (HttpServer2.java:bindListener(1191)) - Jetty bound to port 43831
2019-07-13 16:34:30,160 INFO  server.Server (Server.java:doStart(351)) - jetty-9.3.24.v20180605, build timestamp: 2018-06-05T17:11:56Z, git hash: 84205aa28f11a4f31f2a3b86d1bba2cc8ab69827
2019-07-13 16:34:30,162 INFO  handler.ContextHandler (ContextHandler.java:doStart(781)) - Started o.e.j.s.ServletContextHandler@5b827796{/logs,file:///tmp/workdir/hadoop-ozone/integration-test/target/log,AVAILABLE}
2019-07-13 16:34:30,163 INFO  handler.ContextHandler (ContextHandler.java:doStart(781)) - Started o.e.j.s.ServletContextHandler@7d108063{/static,file:///tmp/workdir/hadoop-ozone/integration-test/target/test-classes/webapps/static,AVAILABLE}
2019-07-13 16:34:30,167 INFO  handler.ContextHandler (ContextHandler.java:doStart(781)) - Started o.e.j.w.WebAppContext@71ac5723{/,file:///tmp/workdir/hadoop-ozone/integration-test/target/test-classes/webapps/ozoneManager/,AVAILABLE}{/ozoneManager}
2019-07-13 16:34:30,167 INFO  server.AbstractConnector (AbstractConnector.java:doStart(278)) - Started ServerConnector@7bb3294c{HTTP/1.1,[http/1.1]}{0.0.0.0:43831}
2019-07-13 16:34:30,168 INFO  server.Server (Server.java:doStart(419)) - Started @493645ms
2019-07-13 16:34:30,169 INFO  server.BaseHttpServer (BaseHttpServer.java:updateConnectorAddress(207)) - HTTP server of OZONEMANAGER is listening at http://0.0.0.0:43831
2019-07-13 16:34:30,182 INFO  impl.MetricsSystemImpl (MetricsSystemImpl.java:init(158)) - HddsDatanode metrics system started (again)
2019-07-13 16:34:30,183 INFO  ozone.HddsDatanodeService (HddsDatanodeService.java:start(185)) - HddsDatanodeService host:trunk-nightly-z92hn-1831959607 ip:192.168.5.187
2019-07-13 16:34:30,193 INFO  volume.HddsVolume (HddsVolume.java:<init>(176)) - Creating Volume: /tmp/workdir/hadoop-ozone/integration-test/target/test-dir/MiniOzoneClusterImpl-057be10f-cdfd-47e1-b7d7-538f995da6ce/datanode-0/data/containers/hdds of  storage type : DISK and capacity : 52710309888
2019-07-13 16:34:30,193 INFO  volume.VolumeSet (VolumeSet.java:initializeVolumeSet(170)) - Added Volume : /tmp/workdir/hadoop-ozone/integration-test/target/test-dir/MiniOzoneClusterImpl-057be10f-cdfd-47e1-b7d7-538f995da6ce/datanode-0/data/containers/hdds to VolumeSet
2019-07-13 16:34:30,193 INFO  volume.ThrottledAsyncChecker (ThrottledAsyncChecker.java:schedule(140)) - Scheduling a check for org.apache.hadoop.ozone.container.common.volume.HddsVolume@1299c874
2019-07-13 16:34:30,194 INFO  volume.HddsVolumeChecker (HddsVolumeChecker.java:checkAllVolumes(203)) - Scheduled health check for volume org.apache.hadoop.ozone.container.common.volume.HddsVolume@1299c874
2019-07-13 16:34:30,207 INFO  impl.RaftServerProxy (ConfUtils.java:logGet(43)) - raft.rpc.type = GRPC (default)
2019-07-13 16:34:30,207 INFO  grpc.GrpcFactory (GrpcFactory.java:checkPooledByteBufAllocatorUseCacheForAllThreads(45)) - PERFORMANCE WARNING: useCacheForAllThreads is true that may cause Netty to create a lot garbage objects and, as a result, trigger GC.
	It is recommended to disable useCacheForAllThreads by setting -Dorg.apache.ratis.thirdparty.io.netty.allocator.useCacheForAllThreads=false in command line.
2019-07-13 16:34:30,207 INFO  grpc.GrpcConfigKeys$Server (ConfUtils.java:logGet(43)) - raft.grpc.server.port = 0 (default)
2019-07-13 16:34:30,207 INFO  server.GrpcService (ConfUtils.java:logGet(43)) - raft.grpc.message.size.max = 33570816 (custom)
2019-07-13 16:34:30,208 INFO  server.RaftServerConfigKeys (ConfUtils.java:logGet(43)) - raft.server.log.appender.buffer.byte-limit = 33554432 (custom)
2019-07-13 16:34:30,208 INFO  server.GrpcService (ConfUtils.java:logGet(43)) - raft.grpc.flow.control.window = 1MB (=1048576) (default)
2019-07-13 16:34:30,208 INFO  server.RaftServerConfigKeys (ConfUtils.java:logGet(43)) - raft.server.rpc.request.timeout = 3000ms (default)
2019-07-13 16:34:30,208 INFO  server.RaftServerConfigKeys (ConfUtils.java:logGet(43)) - raft.server.storage.dir = [/tmp/workdir/hadoop-ozone/integration-test/target/test-dir/MiniOzoneClusterImpl-057be10f-cdfd-47e1-b7d7-538f995da6ce/datanode-0/data/ratis] (custom)
2019-07-13 16:34:30,209 INFO  replication.SimpleContainerDownloader (SimpleContainerDownloader.java:<init>(72)) - Starting container downloader service to copy containers to replicate.
2019-07-13 16:34:30,210 INFO  hdfs.DFSUtil (DFSUtil.java:httpServerTemplateForNNAndJN(1641)) - Starting Web-server for hddsDatanode at: http://0.0.0.0:0
2019-07-13 16:34:30,211 INFO  server.AuthenticationFilter (AuthenticationFilter.java:constructSecretProvider(240)) - Unable to initialize FileSignerSecretProvider, falling back to use random secrets.
2019-07-13 16:34:30,211 WARN  http.HttpRequestLog (HttpRequestLog.java:getRequestLog(97)) - Jetty request log can only be enabled using Log4j
2019-07-13 16:34:30,212 INFO  http.HttpServer2 (HttpServer2.java:addGlobalFilter(975)) - Added global filter 'safety' (class=org.apache.hadoop.http.HttpServer2$QuotingInputFilter)
2019-07-13 16:34:30,213 INFO  http.HttpServer2 (HttpServer2.java:addFilter(948)) - Added filter static_user_filter (class=org.apache.hadoop.http.lib.StaticUserWebFilter$StaticUserFilter) to context hddsDatanode
2019-07-13 16:34:30,213 INFO  http.HttpServer2 (HttpServer2.java:addFilter(958)) - Added filter static_user_filter (class=org.apache.hadoop.http.lib.StaticUserWebFilter$StaticUserFilter) to context logs
2019-07-13 16:34:30,213 INFO  http.HttpServer2 (HttpServer2.java:addFilter(958)) - Added filter static_user_filter (class=org.apache.hadoop.http.lib.StaticUserWebFilter$StaticUserFilter) to context static
2019-07-13 16:34:30,214 INFO  http.HttpServer2 (HttpServer2.java:bindListener(1191)) - Jetty bound to port 35430
2019-07-13 16:34:30,214 INFO  server.Server (Server.java:doStart(351)) - jetty-9.3.24.v20180605, build timestamp: 2018-06-05T17:11:56Z, git hash: 84205aa28f11a4f31f2a3b86d1bba2cc8ab69827
2019-07-13 16:34:30,216 INFO  handler.ContextHandler (ContextHandler.java:doStart(781)) - Started o.e.j.s.ServletContextHandler@c247b02{/logs,file:///tmp/workdir/hadoop-ozone/integration-test/target/log,AVAILABLE}
2019-07-13 16:34:30,216 INFO  handler.ContextHandler (ContextHandler.java:doStart(781)) - Started o.e.j.s.ServletContextHandler@76c85485{/static,jar:file:/home/user/.m2/repository/org/apache/hadoop/hadoop-hdds-container-service/0.5.0-SNAPSHOT/hadoop-hdds-container-service-0.5.0-SNAPSHOT.jar!/webapps/static,AVAILABLE}
2019-07-13 16:34:30,242 INFO  handler.ContextHandler (ContextHandler.java:doStart(781)) - Started o.e.j.w.WebAppContext@f4c3e9{/,file:///tmp/jetty-0.0.0.0-35430-hddsDatanode-_-any-8614866269651479648.dir/webapp/,AVAILABLE}{/hddsDatanode}
2019-07-13 16:34:30,242 INFO  server.AbstractConnector (AbstractConnector.java:doStart(278)) - Started ServerConnector@25890ce3{HTTP/1.1,[http/1.1]}{0.0.0.0:35430}
2019-07-13 16:34:30,244 INFO  server.Server (Server.java:doStart(419)) - Started @493720ms
2019-07-13 16:34:30,244 INFO  server.BaseHttpServer (BaseHttpServer.java:updateConnectorAddress(207)) - HTTP server of HDDSDATANODE is listening at http://0.0.0.0:35430
2019-07-13 16:34:30,350 INFO  ozone.HddsDatanodeService (HddsDatanodeService.java:startPlugins(396)) - Started plug-in org.apache.hadoop.ozone.web.OzoneHddsDatanodeService@47393345
2019-07-13 16:34:30,350 INFO  impl.MetricsSystemImpl (MetricsSystemImpl.java:init(158)) - HddsDatanode metrics system started (again)
2019-07-13 16:34:30,350 INFO  ozone.HddsDatanodeService (HddsDatanodeService.java:start(185)) - HddsDatanodeService host:trunk-nightly-z92hn-1831959607 ip:192.168.5.187
2019-07-13 16:34:30,351 INFO  util.JvmPauseMonitor (JvmPauseMonitor.java:run(188)) - Starting JVM pause monitor
2019-07-13 16:34:30,353 INFO  datanode.InitDatanodeState (InitDatanodeState.java:persistContainerDatanodeDetails(140)) - DatanodeDetails is persisted to /tmp/workdir/hadoop-ozone/integration-test/target/test-dir/MiniOzoneClusterImpl-057be10f-cdfd-47e1-b7d7-538f995da6ce/datanode-0/meta/datanode.id
2019-07-13 16:34:30,359 INFO  volume.HddsVolume (HddsVolume.java:<init>(176)) - Creating Volume: /tmp/workdir/hadoop-ozone/integration-test/target/test-dir/MiniOzoneClusterImpl-057be10f-cdfd-47e1-b7d7-538f995da6ce/datanode-1/data/containers/hdds of  storage type : DISK and capacity : 52710309888
2019-07-13 16:34:30,359 INFO  volume.VolumeSet (VolumeSet.java:initializeVolumeSet(170)) - Added Volume : /tmp/workdir/hadoop-ozone/integration-test/target/test-dir/MiniOzoneClusterImpl-057be10f-cdfd-47e1-b7d7-538f995da6ce/datanode-1/data/containers/hdds to VolumeSet
2019-07-13 16:34:30,359 INFO  volume.ThrottledAsyncChecker (ThrottledAsyncChecker.java:schedule(140)) - Scheduling a check for org.apache.hadoop.ozone.container.common.volume.HddsVolume@4d682397
2019-07-13 16:34:30,360 INFO  volume.HddsVolumeChecker (HddsVolumeChecker.java:checkAllVolumes(203)) - Scheduled health check for volume org.apache.hadoop.ozone.container.common.volume.HddsVolume@4d682397
2019-07-13 16:34:30,379 INFO  impl.RaftServerProxy (ConfUtils.java:logGet(43)) - raft.rpc.type = GRPC (default)
2019-07-13 16:34:30,380 INFO  grpc.GrpcFactory (GrpcFactory.java:checkPooledByteBufAllocatorUseCacheForAllThreads(45)) - PERFORMANCE WARNING: useCacheForAllThreads is true that may cause Netty to create a lot garbage objects and, as a result, trigger GC.
	It is recommended to disable useCacheForAllThreads by setting -Dorg.apache.ratis.thirdparty.io.netty.allocator.useCacheForAllThreads=false in command line.
2019-07-13 16:34:30,380 INFO  grpc.GrpcConfigKeys$Server (ConfUtils.java:logGet(43)) - raft.grpc.server.port = 0 (default)
2019-07-13 16:34:30,380 INFO  server.GrpcService (ConfUtils.java:logGet(43)) - raft.grpc.message.size.max = 33570816 (custom)
2019-07-13 16:34:30,380 INFO  server.RaftServerConfigKeys (ConfUtils.java:logGet(43)) - raft.server.log.appender.buffer.byte-limit = 33554432 (custom)
2019-07-13 16:34:30,381 INFO  server.GrpcService (ConfUtils.java:logGet(43)) - raft.grpc.flow.control.window = 1MB (=1048576) (default)
2019-07-13 16:34:30,381 INFO  server.RaftServerConfigKeys (ConfUtils.java:logGet(43)) - raft.server.rpc.request.timeout = 3000ms (default)
2019-07-13 16:34:30,382 INFO  server.RaftServerConfigKeys (ConfUtils.java:logGet(43)) - raft.server.storage.dir = [/tmp/workdir/hadoop-ozone/integration-test/target/test-dir/MiniOzoneClusterImpl-057be10f-cdfd-47e1-b7d7-538f995da6ce/datanode-1/data/ratis] (custom)
2019-07-13 16:34:30,382 INFO  replication.SimpleContainerDownloader (SimpleContainerDownloader.java:<init>(72)) - Starting container downloader service to copy containers to replicate.
2019-07-13 16:34:30,383 INFO  hdfs.DFSUtil (DFSUtil.java:httpServerTemplateForNNAndJN(1641)) - Starting Web-server for hddsDatanode at: http://0.0.0.0:0
2019-07-13 16:34:30,384 INFO  server.AuthenticationFilter (AuthenticationFilter.java:constructSecretProvider(240)) - Unable to initialize FileSignerSecretProvider, falling back to use random secrets.
2019-07-13 16:34:30,385 WARN  http.HttpRequestLog (HttpRequestLog.java:getRequestLog(97)) - Jetty request log can only be enabled using Log4j
2019-07-13 16:34:30,386 INFO  http.HttpServer2 (HttpServer2.java:addGlobalFilter(975)) - Added global filter 'safety' (class=org.apache.hadoop.http.HttpServer2$QuotingInputFilter)
2019-07-13 16:34:30,386 INFO  http.HttpServer2 (HttpServer2.java:addFilter(948)) - Added filter static_user_filter (class=org.apache.hadoop.http.lib.StaticUserWebFilter$StaticUserFilter) to context hddsDatanode
2019-07-13 16:34:30,386 INFO  http.HttpServer2 (HttpServer2.java:addFilter(958)) - Added filter static_user_filter (class=org.apache.hadoop.http.lib.StaticUserWebFilter$StaticUserFilter) to context logs
2019-07-13 16:34:30,387 INFO  http.HttpServer2 (HttpServer2.java:addFilter(958)) - Added filter static_user_filter (class=org.apache.hadoop.http.lib.StaticUserWebFilter$StaticUserFilter) to context static
2019-07-13 16:34:30,387 INFO  http.HttpServer2 (HttpServer2.java:bindListener(1191)) - Jetty bound to port 38367
2019-07-13 16:34:30,387 INFO  server.Server (Server.java:doStart(351)) - jetty-9.3.24.v20180605, build timestamp: 2018-06-05T17:11:56Z, git hash: 84205aa28f11a4f31f2a3b86d1bba2cc8ab69827
2019-07-13 16:34:30,389 INFO  handler.ContextHandler (ContextHandler.java:doStart(781)) - Started o.e.j.s.ServletContextHandler@1784a296{/logs,file:///tmp/workdir/hadoop-ozone/integration-test/target/log,AVAILABLE}
2019-07-13 16:34:30,389 INFO  handler.ContextHandler (ContextHandler.java:doStart(781)) - Started o.e.j.s.ServletContextHandler@4af6839c{/static,jar:file:/home/user/.m2/repository/org/apache/hadoop/hadoop-hdds-container-service/0.5.0-SNAPSHOT/hadoop-hdds-container-service-0.5.0-SNAPSHOT.jar!/webapps/static,AVAILABLE}
2019-07-13 16:34:30,416 INFO  handler.ContextHandler (ContextHandler.java:doStart(781)) - Started o.e.j.w.WebAppContext@5ca10d0e{/,file:///tmp/jetty-0.0.0.0-38367-hddsDatanode-_-any-372940183531182575.dir/webapp/,AVAILABLE}{/hddsDatanode}
2019-07-13 16:34:30,416 INFO  server.AbstractConnector (AbstractConnector.java:doStart(278)) - Started ServerConnector@34604b32{HTTP/1.1,[http/1.1]}{0.0.0.0:38367}
2019-07-13 16:34:30,416 INFO  server.Server (Server.java:doStart(419)) - Started @493894ms
2019-07-13 16:34:30,418 INFO  server.BaseHttpServer (BaseHttpServer.java:updateConnectorAddress(207)) - HTTP server of HDDSDATANODE is listening at http://0.0.0.0:38367
2019-07-13 16:34:30,752 INFO  ozone.HddsDatanodeService (HddsDatanodeService.java:startPlugins(396)) - Started plug-in org.apache.hadoop.ozone.web.OzoneHddsDatanodeService@689ea211
2019-07-13 16:34:30,753 INFO  impl.MetricsSystemImpl (MetricsSystemImpl.java:init(158)) - HddsDatanode metrics system started (again)
2019-07-13 16:34:30,753 INFO  ozone.HddsDatanodeService (HddsDatanodeService.java:start(185)) - HddsDatanodeService host:trunk-nightly-z92hn-1831959607 ip:192.168.5.187
2019-07-13 16:34:30,754 INFO  util.JvmPauseMonitor (JvmPauseMonitor.java:run(188)) - Starting JVM pause monitor
2019-07-13 16:34:30,756 INFO  datanode.InitDatanodeState (InitDatanodeState.java:persistContainerDatanodeDetails(140)) - DatanodeDetails is persisted to /tmp/workdir/hadoop-ozone/integration-test/target/test-dir/MiniOzoneClusterImpl-057be10f-cdfd-47e1-b7d7-538f995da6ce/datanode-1/meta/datanode.id
2019-07-13 16:34:30,763 INFO  volume.HddsVolume (HddsVolume.java:<init>(176)) - Creating Volume: /tmp/workdir/hadoop-ozone/integration-test/target/test-dir/MiniOzoneClusterImpl-057be10f-cdfd-47e1-b7d7-538f995da6ce/datanode-2/data/containers/hdds of  storage type : DISK and capacity : 52710309888
2019-07-13 16:34:30,763 INFO  volume.VolumeSet (VolumeSet.java:initializeVolumeSet(170)) - Added Volume : /tmp/workdir/hadoop-ozone/integration-test/target/test-dir/MiniOzoneClusterImpl-057be10f-cdfd-47e1-b7d7-538f995da6ce/datanode-2/data/containers/hdds to VolumeSet
2019-07-13 16:34:30,763 INFO  volume.ThrottledAsyncChecker (ThrottledAsyncChecker.java:schedule(140)) - Scheduling a check for org.apache.hadoop.ozone.container.common.volume.HddsVolume@22a1d77b
2019-07-13 16:34:30,764 INFO  volume.HddsVolumeChecker (HddsVolumeChecker.java:checkAllVolumes(203)) - Scheduled health check for volume org.apache.hadoop.ozone.container.common.volume.HddsVolume@22a1d77b
2019-07-13 16:34:30,782 INFO  impl.RaftServerProxy (ConfUtils.java:logGet(43)) - raft.rpc.type = GRPC (default)
2019-07-13 16:34:30,782 INFO  grpc.GrpcFactory (GrpcFactory.java:checkPooledByteBufAllocatorUseCacheForAllThreads(45)) - PERFORMANCE WARNING: useCacheForAllThreads is true that may cause Netty to create a lot garbage objects and, as a result, trigger GC.
	It is recommended to disable useCacheForAllThreads by setting -Dorg.apache.ratis.thirdparty.io.netty.allocator.useCacheForAllThreads=false in command line.
2019-07-13 16:34:30,783 INFO  grpc.GrpcConfigKeys$Server (ConfUtils.java:logGet(43)) - raft.grpc.server.port = 0 (default)
2019-07-13 16:34:30,783 INFO  server.GrpcService (ConfUtils.java:logGet(43)) - raft.grpc.message.size.max = 33570816 (custom)
2019-07-13 16:34:30,783 INFO  server.RaftServerConfigKeys (ConfUtils.java:logGet(43)) - raft.server.log.appender.buffer.byte-limit = 33554432 (custom)
2019-07-13 16:34:30,783 INFO  server.GrpcService (ConfUtils.java:logGet(43)) - raft.grpc.flow.control.window = 1MB (=1048576) (default)
2019-07-13 16:34:30,784 INFO  server.RaftServerConfigKeys (ConfUtils.java:logGet(43)) - raft.server.rpc.request.timeout = 3000ms (default)
2019-07-13 16:34:30,784 INFO  server.RaftServerConfigKeys (ConfUtils.java:logGet(43)) - raft.server.storage.dir = [/tmp/workdir/hadoop-ozone/integration-test/target/test-dir/MiniOzoneClusterImpl-057be10f-cdfd-47e1-b7d7-538f995da6ce/datanode-2/data/ratis] (custom)
2019-07-13 16:34:30,785 INFO  replication.SimpleContainerDownloader (SimpleContainerDownloader.java:<init>(72)) - Starting container downloader service to copy containers to replicate.
2019-07-13 16:34:30,786 INFO  hdfs.DFSUtil (DFSUtil.java:httpServerTemplateForNNAndJN(1641)) - Starting Web-server for hddsDatanode at: http://0.0.0.0:0
2019-07-13 16:34:30,787 INFO  server.AuthenticationFilter (AuthenticationFilter.java:constructSecretProvider(240)) - Unable to initialize FileSignerSecretProvider, falling back to use random secrets.
2019-07-13 16:34:30,788 WARN  http.HttpRequestLog (HttpRequestLog.java:getRequestLog(97)) - Jetty request log can only be enabled using Log4j
2019-07-13 16:34:30,789 INFO  http.HttpServer2 (HttpServer2.java:addGlobalFilter(975)) - Added global filter 'safety' (class=org.apache.hadoop.http.HttpServer2$QuotingInputFilter)
2019-07-13 16:34:30,790 INFO  http.HttpServer2 (HttpServer2.java:addFilter(948)) - Added filter static_user_filter (class=org.apache.hadoop.http.lib.StaticUserWebFilter$StaticUserFilter) to context hddsDatanode
2019-07-13 16:34:30,790 INFO  http.HttpServer2 (HttpServer2.java:addFilter(958)) - Added filter static_user_filter (class=org.apache.hadoop.http.lib.StaticUserWebFilter$StaticUserFilter) to context static
2019-07-13 16:34:30,790 INFO  http.HttpServer2 (HttpServer2.java:addFilter(958)) - Added filter static_user_filter (class=org.apache.hadoop.http.lib.StaticUserWebFilter$StaticUserFilter) to context logs
2019-07-13 16:34:30,790 INFO  http.HttpServer2 (HttpServer2.java:bindListener(1191)) - Jetty bound to port 38558
2019-07-13 16:34:30,791 INFO  server.Server (Server.java:doStart(351)) - jetty-9.3.24.v20180605, build timestamp: 2018-06-05T17:11:56Z, git hash: 84205aa28f11a4f31f2a3b86d1bba2cc8ab69827
2019-07-13 16:34:30,792 INFO  handler.ContextHandler (ContextHandler.java:doStart(781)) - Started o.e.j.s.ServletContextHandler@3398ed12{/logs,file:///tmp/workdir/hadoop-ozone/integration-test/target/log,AVAILABLE}
2019-07-13 16:34:30,793 INFO  handler.ContextHandler (ContextHandler.java:doStart(781)) - Started o.e.j.s.ServletContextHandler@64e247e{/static,jar:file:/home/user/.m2/repository/org/apache/hadoop/hadoop-hdds-container-service/0.5.0-SNAPSHOT/hadoop-hdds-container-service-0.5.0-SNAPSHOT.jar!/webapps/static,AVAILABLE}
2019-07-13 16:34:30,821 INFO  handler.ContextHandler (ContextHandler.java:doStart(781)) - Started o.e.j.w.WebAppContext@1e12fdcf{/,file:///tmp/jetty-0.0.0.0-38558-hddsDatanode-_-any-6966880007141548599.dir/webapp/,AVAILABLE}{/hddsDatanode}
2019-07-13 16:34:30,822 INFO  server.AbstractConnector (AbstractConnector.java:doStart(278)) - Started ServerConnector@1d0fc0bc{HTTP/1.1,[http/1.1]}{0.0.0.0:38558}
2019-07-13 16:34:30,822 INFO  server.Server (Server.java:doStart(419)) - Started @494299ms
2019-07-13 16:34:30,824 INFO  server.BaseHttpServer (BaseHttpServer.java:updateConnectorAddress(207)) - HTTP server of HDDSDATANODE is listening at http://0.0.0.0:38558
2019-07-13 16:34:30,923 INFO  ozone.HddsDatanodeService (HddsDatanodeService.java:startPlugins(396)) - Started plug-in org.apache.hadoop.ozone.web.OzoneHddsDatanodeService@799557c8
2019-07-13 16:34:30,923 INFO  impl.MetricsSystemImpl (MetricsSystemImpl.java:init(158)) - HddsDatanode metrics system started (again)
2019-07-13 16:34:30,923 INFO  ozone.HddsDatanodeService (HddsDatanodeService.java:start(185)) - HddsDatanodeService host:trunk-nightly-z92hn-1831959607 ip:192.168.5.187
2019-07-13 16:34:30,924 INFO  util.JvmPauseMonitor (JvmPauseMonitor.java:run(188)) - Starting JVM pause monitor
2019-07-13 16:34:30,926 INFO  datanode.InitDatanodeState (InitDatanodeState.java:persistContainerDatanodeDetails(140)) - DatanodeDetails is persisted to /tmp/workdir/hadoop-ozone/integration-test/target/test-dir/MiniOzoneClusterImpl-057be10f-cdfd-47e1-b7d7-538f995da6ce/datanode-2/meta/datanode.id
2019-07-13 16:34:30,933 INFO  volume.HddsVolume (HddsVolume.java:<init>(176)) - Creating Volume: /tmp/workdir/hadoop-ozone/integration-test/target/test-dir/MiniOzoneClusterImpl-057be10f-cdfd-47e1-b7d7-538f995da6ce/datanode-3/data/containers/hdds of  storage type : DISK and capacity : 52710309888
2019-07-13 16:34:30,933 INFO  volume.VolumeSet (VolumeSet.java:initializeVolumeSet(170)) - Added Volume : /tmp/workdir/hadoop-ozone/integration-test/target/test-dir/MiniOzoneClusterImpl-057be10f-cdfd-47e1-b7d7-538f995da6ce/datanode-3/data/containers/hdds to VolumeSet
2019-07-13 16:34:30,934 INFO  volume.ThrottledAsyncChecker (ThrottledAsyncChecker.java:schedule(140)) - Scheduling a check for org.apache.hadoop.ozone.container.common.volume.HddsVolume@55465bfc
2019-07-13 16:34:30,934 INFO  volume.HddsVolumeChecker (HddsVolumeChecker.java:checkAllVolumes(203)) - Scheduled health check for volume org.apache.hadoop.ozone.container.common.volume.HddsVolume@55465bfc
2019-07-13 16:34:30,954 INFO  impl.RaftServerProxy (ConfUtils.java:logGet(43)) - raft.rpc.type = GRPC (default)
2019-07-13 16:34:30,954 INFO  grpc.GrpcFactory (GrpcFactory.java:checkPooledByteBufAllocatorUseCacheForAllThreads(45)) - PERFORMANCE WARNING: useCacheForAllThreads is true that may cause Netty to create a lot garbage objects and, as a result, trigger GC.
	It is recommended to disable useCacheForAllThreads by setting -Dorg.apache.ratis.thirdparty.io.netty.allocator.useCacheForAllThreads=false in command line.
2019-07-13 16:34:30,954 INFO  grpc.GrpcConfigKeys$Server (ConfUtils.java:logGet(43)) - raft.grpc.server.port = 0 (default)
2019-07-13 16:34:30,954 INFO  server.GrpcService (ConfUtils.java:logGet(43)) - raft.grpc.message.size.max = 33570816 (custom)
2019-07-13 16:34:30,955 INFO  server.RaftServerConfigKeys (ConfUtils.java:logGet(43)) - raft.server.log.appender.buffer.byte-limit = 33554432 (custom)
2019-07-13 16:34:30,955 INFO  server.GrpcService (ConfUtils.java:logGet(43)) - raft.grpc.flow.control.window = 1MB (=1048576) (default)
2019-07-13 16:34:30,955 INFO  server.RaftServerConfigKeys (ConfUtils.java:logGet(43)) - raft.server.rpc.request.timeout = 3000ms (default)
2019-07-13 16:34:30,956 INFO  server.RaftServerConfigKeys (ConfUtils.java:logGet(43)) - raft.server.storage.dir = [/tmp/workdir/hadoop-ozone/integration-test/target/test-dir/MiniOzoneClusterImpl-057be10f-cdfd-47e1-b7d7-538f995da6ce/datanode-3/data/ratis] (custom)
2019-07-13 16:34:30,956 INFO  replication.SimpleContainerDownloader (SimpleContainerDownloader.java:<init>(72)) - Starting container downloader service to copy containers to replicate.
2019-07-13 16:34:30,958 INFO  hdfs.DFSUtil (DFSUtil.java:httpServerTemplateForNNAndJN(1641)) - Starting Web-server for hddsDatanode at: http://0.0.0.0:0
2019-07-13 16:34:30,959 INFO  server.AuthenticationFilter (AuthenticationFilter.java:constructSecretProvider(240)) - Unable to initialize FileSignerSecretProvider, falling back to use random secrets.
2019-07-13 16:34:30,960 WARN  http.HttpRequestLog (HttpRequestLog.java:getRequestLog(97)) - Jetty request log can only be enabled using Log4j
2019-07-13 16:34:30,961 INFO  http.HttpServer2 (HttpServer2.java:addGlobalFilter(975)) - Added global filter 'safety' (class=org.apache.hadoop.http.HttpServer2$QuotingInputFilter)
2019-07-13 16:34:30,961 INFO  http.HttpServer2 (HttpServer2.java:addFilter(948)) - Added filter static_user_filter (class=org.apache.hadoop.http.lib.StaticUserWebFilter$StaticUserFilter) to context hddsDatanode
2019-07-13 16:34:30,962 INFO  http.HttpServer2 (HttpServer2.java:addFilter(958)) - Added filter static_user_filter (class=org.apache.hadoop.http.lib.StaticUserWebFilter$StaticUserFilter) to context logs
2019-07-13 16:34:30,962 INFO  http.HttpServer2 (HttpServer2.java:addFilter(958)) - Added filter static_user_filter (class=org.apache.hadoop.http.lib.StaticUserWebFilter$StaticUserFilter) to context static
2019-07-13 16:34:30,962 INFO  http.HttpServer2 (HttpServer2.java:bindListener(1191)) - Jetty bound to port 37491
2019-07-13 16:34:30,963 INFO  server.Server (Server.java:doStart(351)) - jetty-9.3.24.v20180605, build timestamp: 2018-06-05T17:11:56Z, git hash: 84205aa28f11a4f31f2a3b86d1bba2cc8ab69827
2019-07-13 16:34:30,964 INFO  handler.ContextHandler (ContextHandler.java:doStart(781)) - Started o.e.j.s.ServletContextHandler@68e62b3b{/logs,file:///tmp/workdir/hadoop-ozone/integration-test/target/log,AVAILABLE}
2019-07-13 16:34:30,965 INFO  handler.ContextHandler (ContextHandler.java:doStart(781)) - Started o.e.j.s.ServletContextHandler@17e4beda{/static,jar:file:/home/user/.m2/repository/org/apache/hadoop/hadoop-hdds-container-service/0.5.0-SNAPSHOT/hadoop-hdds-container-service-0.5.0-SNAPSHOT.jar!/webapps/static,AVAILABLE}
2019-07-13 16:34:30,995 INFO  handler.ContextHandler (ContextHandler.java:doStart(781)) - Started o.e.j.w.WebAppContext@406d922{/,file:///tmp/jetty-0.0.0.0-37491-hddsDatanode-_-any-6711910485224732562.dir/webapp/,AVAILABLE}{/hddsDatanode}
2019-07-13 16:34:30,996 INFO  server.AbstractConnector (AbstractConnector.java:doStart(278)) - Started ServerConnector@56017274{HTTP/1.1,[http/1.1]}{0.0.0.0:37491}
2019-07-13 16:34:30,996 INFO  server.Server (Server.java:doStart(419)) - Started @494473ms
2019-07-13 16:34:30,998 INFO  server.BaseHttpServer (BaseHttpServer.java:updateConnectorAddress(207)) - HTTP server of HDDSDATANODE is listening at http://0.0.0.0:37491
2019-07-13 16:34:31,098 INFO  ozone.HddsDatanodeService (HddsDatanodeService.java:startPlugins(396)) - Started plug-in org.apache.hadoop.ozone.web.OzoneHddsDatanodeService@1d1da00b
2019-07-13 16:34:31,098 INFO  impl.MetricsSystemImpl (MetricsSystemImpl.java:init(158)) - HddsDatanode metrics system started (again)
2019-07-13 16:34:31,098 INFO  ozone.HddsDatanodeService (HddsDatanodeService.java:start(185)) - HddsDatanodeService host:trunk-nightly-z92hn-1831959607 ip:192.168.5.187
2019-07-13 16:34:31,100 INFO  util.JvmPauseMonitor (JvmPauseMonitor.java:run(188)) - Starting JVM pause monitor
2019-07-13 16:34:31,101 INFO  datanode.InitDatanodeState (InitDatanodeState.java:persistContainerDatanodeDetails(140)) - DatanodeDetails is persisted to /tmp/workdir/hadoop-ozone/integration-test/target/test-dir/MiniOzoneClusterImpl-057be10f-cdfd-47e1-b7d7-538f995da6ce/datanode-3/meta/datanode.id
2019-07-13 16:34:31,108 INFO  volume.HddsVolume (HddsVolume.java:<init>(176)) - Creating Volume: /tmp/workdir/hadoop-ozone/integration-test/target/test-dir/MiniOzoneClusterImpl-057be10f-cdfd-47e1-b7d7-538f995da6ce/datanode-4/data/containers/hdds of  storage type : DISK and capacity : 52710309888
2019-07-13 16:34:31,109 INFO  volume.VolumeSet (VolumeSet.java:initializeVolumeSet(170)) - Added Volume : /tmp/workdir/hadoop-ozone/integration-test/target/test-dir/MiniOzoneClusterImpl-057be10f-cdfd-47e1-b7d7-538f995da6ce/datanode-4/data/containers/hdds to VolumeSet
2019-07-13 16:34:31,109 INFO  volume.ThrottledAsyncChecker (ThrottledAsyncChecker.java:schedule(140)) - Scheduling a check for org.apache.hadoop.ozone.container.common.volume.HddsVolume@55a29589
2019-07-13 16:34:31,109 INFO  volume.HddsVolumeChecker (HddsVolumeChecker.java:checkAllVolumes(203)) - Scheduled health check for volume org.apache.hadoop.ozone.container.common.volume.HddsVolume@55a29589
2019-07-13 16:34:31,123 INFO  impl.RaftServerProxy (ConfUtils.java:logGet(43)) - raft.rpc.type = GRPC (default)
2019-07-13 16:34:31,123 INFO  grpc.GrpcFactory (GrpcFactory.java:checkPooledByteBufAllocatorUseCacheForAllThreads(45)) - PERFORMANCE WARNING: useCacheForAllThreads is true that may cause Netty to create a lot garbage objects and, as a result, trigger GC.
	It is recommended to disable useCacheForAllThreads by setting -Dorg.apache.ratis.thirdparty.io.netty.allocator.useCacheForAllThreads=false in command line.
2019-07-13 16:34:31,123 INFO  grpc.GrpcConfigKeys$Server (ConfUtils.java:logGet(43)) - raft.grpc.server.port = 0 (default)
2019-07-13 16:34:31,123 INFO  server.GrpcService (ConfUtils.java:logGet(43)) - raft.grpc.message.size.max = 33570816 (custom)
2019-07-13 16:34:31,124 INFO  server.RaftServerConfigKeys (ConfUtils.java:logGet(43)) - raft.server.log.appender.buffer.byte-limit = 33554432 (custom)
2019-07-13 16:34:31,124 INFO  server.GrpcService (ConfUtils.java:logGet(43)) - raft.grpc.flow.control.window = 1MB (=1048576) (default)
2019-07-13 16:34:31,124 INFO  server.RaftServerConfigKeys (ConfUtils.java:logGet(43)) - raft.server.rpc.request.timeout = 3000ms (default)
2019-07-13 16:34:31,124 INFO  server.RaftServerConfigKeys (ConfUtils.java:logGet(43)) - raft.server.storage.dir = [/tmp/workdir/hadoop-ozone/integration-test/target/test-dir/MiniOzoneClusterImpl-057be10f-cdfd-47e1-b7d7-538f995da6ce/datanode-4/data/ratis] (custom)
2019-07-13 16:34:31,125 INFO  replication.SimpleContainerDownloader (SimpleContainerDownloader.java:<init>(72)) - Starting container downloader service to copy containers to replicate.
2019-07-13 16:34:31,126 INFO  hdfs.DFSUtil (DFSUtil.java:httpServerTemplateForNNAndJN(1641)) - Starting Web-server for hddsDatanode at: http://0.0.0.0:0
2019-07-13 16:34:31,128 INFO  server.AuthenticationFilter (AuthenticationFilter.java:constructSecretProvider(240)) - Unable to initialize FileSignerSecretProvider, falling back to use random secrets.
2019-07-13 16:34:31,129 WARN  http.HttpRequestLog (HttpRequestLog.java:getRequestLog(97)) - Jetty request log can only be enabled using Log4j
2019-07-13 16:34:31,131 INFO  http.HttpServer2 (HttpServer2.java:addGlobalFilter(975)) - Added global filter 'safety' (class=org.apache.hadoop.http.HttpServer2$QuotingInputFilter)
2019-07-13 16:34:31,131 INFO  http.HttpServer2 (HttpServer2.java:addFilter(948)) - Added filter static_user_filter (class=org.apache.hadoop.http.lib.StaticUserWebFilter$StaticUserFilter) to context hddsDatanode
2019-07-13 16:34:31,132 INFO  http.HttpServer2 (HttpServer2.java:addFilter(958)) - Added filter static_user_filter (class=org.apache.hadoop.http.lib.StaticUserWebFilter$StaticUserFilter) to context logs
2019-07-13 16:34:31,132 INFO  http.HttpServer2 (HttpServer2.java:addFilter(958)) - Added filter static_user_filter (class=org.apache.hadoop.http.lib.StaticUserWebFilter$StaticUserFilter) to context static
2019-07-13 16:34:31,133 INFO  http.HttpServer2 (HttpServer2.java:bindListener(1191)) - Jetty bound to port 39703
2019-07-13 16:34:31,133 INFO  server.Server (Server.java:doStart(351)) - jetty-9.3.24.v20180605, build timestamp: 2018-06-05T17:11:56Z, git hash: 84205aa28f11a4f31f2a3b86d1bba2cc8ab69827
2019-07-13 16:34:31,135 INFO  handler.ContextHandler (ContextHandler.java:doStart(781)) - Started o.e.j.s.ServletContextHandler@4cc28ad0{/logs,file:///tmp/workdir/hadoop-ozone/integration-test/target/log,AVAILABLE}
2019-07-13 16:34:31,135 INFO  handler.ContextHandler (ContextHandler.java:doStart(781)) - Started o.e.j.s.ServletContextHandler@28f081ad{/static,jar:file:/home/user/.m2/repository/org/apache/hadoop/hadoop-hdds-container-service/0.5.0-SNAPSHOT/hadoop-hdds-container-service-0.5.0-SNAPSHOT.jar!/webapps/static,AVAILABLE}
2019-07-13 16:34:31,176 INFO  handler.ContextHandler (ContextHandler.java:doStart(781)) - Started o.e.j.w.WebAppContext@377d55{/,file:///tmp/jetty-0.0.0.0-39703-hddsDatanode-_-any-2251393266550050697.dir/webapp/,AVAILABLE}{/hddsDatanode}
2019-07-13 16:34:31,177 INFO  server.AbstractConnector (AbstractConnector.java:doStart(278)) - Started ServerConnector@193c810{HTTP/1.1,[http/1.1]}{0.0.0.0:39703}
2019-07-13 16:34:31,178 INFO  server.Server (Server.java:doStart(419)) - Started @494656ms
2019-07-13 16:34:31,179 INFO  server.BaseHttpServer (BaseHttpServer.java:updateConnectorAddress(207)) - HTTP server of HDDSDATANODE is listening at http://0.0.0.0:39703
2019-07-13 16:34:31,310 INFO  ozone.HddsDatanodeService (HddsDatanodeService.java:startPlugins(396)) - Started plug-in org.apache.hadoop.ozone.web.OzoneHddsDatanodeService@9e092b5
2019-07-13 16:34:31,310 INFO  impl.MetricsSystemImpl (MetricsSystemImpl.java:init(158)) - HddsDatanode metrics system started (again)
2019-07-13 16:34:31,311 INFO  ozone.HddsDatanodeService (HddsDatanodeService.java:start(185)) - HddsDatanodeService host:trunk-nightly-z92hn-1831959607 ip:192.168.5.187
2019-07-13 16:34:31,312 INFO  util.JvmPauseMonitor (JvmPauseMonitor.java:run(188)) - Starting JVM pause monitor
2019-07-13 16:34:31,313 INFO  datanode.InitDatanodeState (InitDatanodeState.java:persistContainerDatanodeDetails(140)) - DatanodeDetails is persisted to /tmp/workdir/hadoop-ozone/integration-test/target/test-dir/MiniOzoneClusterImpl-057be10f-cdfd-47e1-b7d7-538f995da6ce/datanode-4/meta/datanode.id
2019-07-13 16:34:31,321 INFO  volume.HddsVolume (HddsVolume.java:<init>(176)) - Creating Volume: /tmp/workdir/hadoop-ozone/integration-test/target/test-dir/MiniOzoneClusterImpl-057be10f-cdfd-47e1-b7d7-538f995da6ce/datanode-5/data/containers/hdds of  storage type : DISK and capacity : 52710309888
2019-07-13 16:34:31,321 INFO  volume.VolumeSet (VolumeSet.java:initializeVolumeSet(170)) - Added Volume : /tmp/workdir/hadoop-ozone/integration-test/target/test-dir/MiniOzoneClusterImpl-057be10f-cdfd-47e1-b7d7-538f995da6ce/datanode-5/data/containers/hdds to VolumeSet
2019-07-13 16:34:31,321 INFO  volume.ThrottledAsyncChecker (ThrottledAsyncChecker.java:schedule(140)) - Scheduling a check for org.apache.hadoop.ozone.container.common.volume.HddsVolume@25134e01
2019-07-13 16:34:31,322 INFO  volume.HddsVolumeChecker (HddsVolumeChecker.java:checkAllVolumes(203)) - Scheduled health check for volume org.apache.hadoop.ozone.container.common.volume.HddsVolume@25134e01
2019-07-13 16:34:31,336 INFO  impl.RaftServerProxy (ConfUtils.java:logGet(43)) - raft.rpc.type = GRPC (default)
2019-07-13 16:34:31,336 INFO  grpc.GrpcFactory (GrpcFactory.java:checkPooledByteBufAllocatorUseCacheForAllThreads(45)) - PERFORMANCE WARNING: useCacheForAllThreads is true that may cause Netty to create a lot garbage objects and, as a result, trigger GC.
	It is recommended to disable useCacheForAllThreads by setting -Dorg.apache.ratis.thirdparty.io.netty.allocator.useCacheForAllThreads=false in command line.
2019-07-13 16:34:31,336 INFO  grpc.GrpcConfigKeys$Server (ConfUtils.java:logGet(43)) - raft.grpc.server.port = 0 (default)
2019-07-13 16:34:31,336 INFO  server.GrpcService (ConfUtils.java:logGet(43)) - raft.grpc.message.size.max = 33570816 (custom)
2019-07-13 16:34:31,337 INFO  server.RaftServerConfigKeys (ConfUtils.java:logGet(43)) - raft.server.log.appender.buffer.byte-limit = 33554432 (custom)
2019-07-13 16:34:31,337 INFO  server.GrpcService (ConfUtils.java:logGet(43)) - raft.grpc.flow.control.window = 1MB (=1048576) (default)
2019-07-13 16:34:31,337 INFO  server.RaftServerConfigKeys (ConfUtils.java:logGet(43)) - raft.server.rpc.request.timeout = 3000ms (default)
2019-07-13 16:34:31,337 INFO  server.RaftServerConfigKeys (ConfUtils.java:logGet(43)) - raft.server.storage.dir = [/tmp/workdir/hadoop-ozone/integration-test/target/test-dir/MiniOzoneClusterImpl-057be10f-cdfd-47e1-b7d7-538f995da6ce/datanode-5/data/ratis] (custom)
2019-07-13 16:34:31,338 INFO  replication.SimpleContainerDownloader (SimpleContainerDownloader.java:<init>(72)) - Starting container downloader service to copy containers to replicate.
2019-07-13 16:34:31,339 INFO  hdfs.DFSUtil (DFSUtil.java:httpServerTemplateForNNAndJN(1641)) - Starting Web-server for hddsDatanode at: http://0.0.0.0:0
2019-07-13 16:34:31,340 INFO  server.AuthenticationFilter (AuthenticationFilter.java:constructSecretProvider(240)) - Unable to initialize FileSignerSecretProvider, falling back to use random secrets.
2019-07-13 16:34:31,340 WARN  http.HttpRequestLog (HttpRequestLog.java:getRequestLog(97)) - Jetty request log can only be enabled using Log4j
2019-07-13 16:34:31,342 INFO  http.HttpServer2 (HttpServer2.java:addGlobalFilter(975)) - Added global filter 'safety' (class=org.apache.hadoop.http.HttpServer2$QuotingInputFilter)
2019-07-13 16:34:31,343 INFO  http.HttpServer2 (HttpServer2.java:addFilter(948)) - Added filter static_user_filter (class=org.apache.hadoop.http.lib.StaticUserWebFilter$StaticUserFilter) to context hddsDatanode
2019-07-13 16:34:31,343 INFO  http.HttpServer2 (HttpServer2.java:addFilter(958)) - Added filter static_user_filter (class=org.apache.hadoop.http.lib.StaticUserWebFilter$StaticUserFilter) to context static
2019-07-13 16:34:31,343 INFO  http.HttpServer2 (HttpServer2.java:addFilter(958)) - Added filter static_user_filter (class=org.apache.hadoop.http.lib.StaticUserWebFilter$StaticUserFilter) to context logs
2019-07-13 16:34:31,344 INFO  http.HttpServer2 (HttpServer2.java:bindListener(1191)) - Jetty bound to port 43338
2019-07-13 16:34:31,345 INFO  server.Server (Server.java:doStart(351)) - jetty-9.3.24.v20180605, build timestamp: 2018-06-05T17:11:56Z, git hash: 84205aa28f11a4f31f2a3b86d1bba2cc8ab69827
2019-07-13 16:34:31,346 INFO  handler.ContextHandler (ContextHandler.java:doStart(781)) - Started o.e.j.s.ServletContextHandler@4981b83{/logs,file:///tmp/workdir/hadoop-ozone/integration-test/target/log,AVAILABLE}
2019-07-13 16:34:31,347 INFO  handler.ContextHandler (ContextHandler.java:doStart(781)) - Started o.e.j.s.ServletContextHandler@2ef812b{/static,jar:file:/home/user/.m2/repository/org/apache/hadoop/hadoop-hdds-container-service/0.5.0-SNAPSHOT/hadoop-hdds-container-service-0.5.0-SNAPSHOT.jar!/webapps/static,AVAILABLE}
2019-07-13 16:34:31,376 INFO  handler.ContextHandler (ContextHandler.java:doStart(781)) - Started o.e.j.w.WebAppContext@2cf97875{/,file:///tmp/jetty-0.0.0.0-43338-hddsDatanode-_-any-5987656303059216222.dir/webapp/,AVAILABLE}{/hddsDatanode}
2019-07-13 16:34:31,377 INFO  server.AbstractConnector (AbstractConnector.java:doStart(278)) - Started ServerConnector@2e7563f6{HTTP/1.1,[http/1.1]}{0.0.0.0:43338}
2019-07-13 16:34:31,379 INFO  server.Server (Server.java:doStart(419)) - Started @494856ms
2019-07-13 16:34:31,380 INFO  server.BaseHttpServer (BaseHttpServer.java:updateConnectorAddress(207)) - HTTP server of HDDSDATANODE is listening at http://0.0.0.0:43338
2019-07-13 16:34:31,484 INFO  ozone.HddsDatanodeService (HddsDatanodeService.java:startPlugins(396)) - Started plug-in org.apache.hadoop.ozone.web.OzoneHddsDatanodeService@58dea0a7
2019-07-13 16:34:31,485 INFO  impl.MetricsSystemImpl (MetricsSystemImpl.java:init(158)) - HddsDatanode metrics system started (again)
2019-07-13 16:34:31,485 INFO  ozone.HddsDatanodeService (HddsDatanodeService.java:start(185)) - HddsDatanodeService host:trunk-nightly-z92hn-1831959607 ip:192.168.5.187
2019-07-13 16:34:31,486 INFO  util.JvmPauseMonitor (JvmPauseMonitor.java:run(188)) - Starting JVM pause monitor
2019-07-13 16:34:31,488 INFO  datanode.InitDatanodeState (InitDatanodeState.java:persistContainerDatanodeDetails(140)) - DatanodeDetails is persisted to /tmp/workdir/hadoop-ozone/integration-test/target/test-dir/MiniOzoneClusterImpl-057be10f-cdfd-47e1-b7d7-538f995da6ce/datanode-5/meta/datanode.id
2019-07-13 16:34:31,496 INFO  volume.HddsVolume (HddsVolume.java:<init>(176)) - Creating Volume: /tmp/workdir/hadoop-ozone/integration-test/target/test-dir/MiniOzoneClusterImpl-057be10f-cdfd-47e1-b7d7-538f995da6ce/datanode-6/data/containers/hdds of  storage type : DISK and capacity : 52710309888
2019-07-13 16:34:31,497 INFO  volume.VolumeSet (VolumeSet.java:initializeVolumeSet(170)) - Added Volume : /tmp/workdir/hadoop-ozone/integration-test/target/test-dir/MiniOzoneClusterImpl-057be10f-cdfd-47e1-b7d7-538f995da6ce/datanode-6/data/containers/hdds to VolumeSet
2019-07-13 16:34:31,497 INFO  volume.ThrottledAsyncChecker (ThrottledAsyncChecker.java:schedule(140)) - Scheduling a check for org.apache.hadoop.ozone.container.common.volume.HddsVolume@3ac76ad9
2019-07-13 16:34:31,497 INFO  volume.HddsVolumeChecker (HddsVolumeChecker.java:checkAllVolumes(203)) - Scheduled health check for volume org.apache.hadoop.ozone.container.common.volume.HddsVolume@3ac76ad9
2019-07-13 16:34:31,513 INFO  impl.RaftServerProxy (ConfUtils.java:logGet(43)) - raft.rpc.type = GRPC (default)
2019-07-13 16:34:31,513 INFO  grpc.GrpcFactory (GrpcFactory.java:checkPooledByteBufAllocatorUseCacheForAllThreads(45)) - PERFORMANCE WARNING: useCacheForAllThreads is true that may cause Netty to create a lot garbage objects and, as a result, trigger GC.
	It is recommended to disable useCacheForAllThreads by setting -Dorg.apache.ratis.thirdparty.io.netty.allocator.useCacheForAllThreads=false in command line.
2019-07-13 16:34:31,513 INFO  grpc.GrpcConfigKeys$Server (ConfUtils.java:logGet(43)) - raft.grpc.server.port = 0 (default)
2019-07-13 16:34:31,514 INFO  server.GrpcService (ConfUtils.java:logGet(43)) - raft.grpc.message.size.max = 33570816 (custom)
2019-07-13 16:34:31,514 INFO  server.RaftServerConfigKeys (ConfUtils.java:logGet(43)) - raft.server.log.appender.buffer.byte-limit = 33554432 (custom)
2019-07-13 16:34:31,514 INFO  server.GrpcService (ConfUtils.java:logGet(43)) - raft.grpc.flow.control.window = 1MB (=1048576) (default)
2019-07-13 16:34:31,514 INFO  server.RaftServerConfigKeys (ConfUtils.java:logGet(43)) - raft.server.rpc.request.timeout = 3000ms (default)
2019-07-13 16:34:31,515 INFO  server.RaftServerConfigKeys (ConfUtils.java:logGet(43)) - raft.server.storage.dir = [/tmp/workdir/hadoop-ozone/integration-test/target/test-dir/MiniOzoneClusterImpl-057be10f-cdfd-47e1-b7d7-538f995da6ce/datanode-6/data/ratis] (custom)
2019-07-13 16:34:31,515 INFO  replication.SimpleContainerDownloader (SimpleContainerDownloader.java:<init>(72)) - Starting container downloader service to copy containers to replicate.
2019-07-13 16:34:31,518 INFO  hdfs.DFSUtil (DFSUtil.java:httpServerTemplateForNNAndJN(1641)) - Starting Web-server for hddsDatanode at: http://0.0.0.0:0
2019-07-13 16:34:31,519 INFO  server.AuthenticationFilter (AuthenticationFilter.java:constructSecretProvider(240)) - Unable to initialize FileSignerSecretProvider, falling back to use random secrets.
2019-07-13 16:34:31,519 WARN  http.HttpRequestLog (HttpRequestLog.java:getRequestLog(97)) - Jetty request log can only be enabled using Log4j
2019-07-13 16:34:31,520 INFO  http.HttpServer2 (HttpServer2.java:addGlobalFilter(975)) - Added global filter 'safety' (class=org.apache.hadoop.http.HttpServer2$QuotingInputFilter)
2019-07-13 16:34:31,521 INFO  http.HttpServer2 (HttpServer2.java:addFilter(948)) - Added filter static_user_filter (class=org.apache.hadoop.http.lib.StaticUserWebFilter$StaticUserFilter) to context hddsDatanode
2019-07-13 16:34:31,521 INFO  http.HttpServer2 (HttpServer2.java:addFilter(958)) - Added filter static_user_filter (class=org.apache.hadoop.http.lib.StaticUserWebFilter$StaticUserFilter) to context static
2019-07-13 16:34:31,521 INFO  http.HttpServer2 (HttpServer2.java:addFilter(958)) - Added filter static_user_filter (class=org.apache.hadoop.http.lib.StaticUserWebFilter$StaticUserFilter) to context logs
2019-07-13 16:34:31,522 INFO  http.HttpServer2 (HttpServer2.java:bindListener(1191)) - Jetty bound to port 41550
2019-07-13 16:34:31,522 INFO  server.Server (Server.java:doStart(351)) - jetty-9.3.24.v20180605, build timestamp: 2018-06-05T17:11:56Z, git hash: 84205aa28f11a4f31f2a3b86d1bba2cc8ab69827
2019-07-13 16:34:31,523 INFO  handler.ContextHandler (ContextHandler.java:doStart(781)) - Started o.e.j.s.ServletContextHandler@7842260f{/logs,file:///tmp/workdir/hadoop-ozone/integration-test/target/log,AVAILABLE}
2019-07-13 16:34:31,524 INFO  handler.ContextHandler (ContextHandler.java:doStart(781)) - Started o.e.j.s.ServletContextHandler@44ec6637{/static,jar:file:/home/user/.m2/repository/org/apache/hadoop/hadoop-hdds-container-service/0.5.0-SNAPSHOT/hadoop-hdds-container-service-0.5.0-SNAPSHOT.jar!/webapps/static,AVAILABLE}
2019-07-13 16:34:31,550 INFO  handler.ContextHandler (ContextHandler.java:doStart(781)) - Started o.e.j.w.WebAppContext@55e3b64d{/,file:///tmp/jetty-0.0.0.0-41550-hddsDatanode-_-any-7423729097420793649.dir/webapp/,AVAILABLE}{/hddsDatanode}
2019-07-13 16:34:31,551 INFO  server.AbstractConnector (AbstractConnector.java:doStart(278)) - Started ServerConnector@52f71d2{HTTP/1.1,[http/1.1]}{0.0.0.0:41550}
2019-07-13 16:34:31,551 INFO  server.Server (Server.java:doStart(419)) - Started @495028ms
2019-07-13 16:34:31,553 INFO  server.BaseHttpServer (BaseHttpServer.java:updateConnectorAddress(207)) - HTTP server of HDDSDATANODE is listening at http://0.0.0.0:41550
2019-07-13 16:34:31,658 INFO  ozone.HddsDatanodeService (HddsDatanodeService.java:startPlugins(396)) - Started plug-in org.apache.hadoop.ozone.web.OzoneHddsDatanodeService@798d8247
2019-07-13 16:34:31,658 INFO  ozone.MiniOzoneClusterImpl (MiniOzoneClusterImpl.java:lambda$waitForClusterToBeReady$0(142)) - Waiting for cluster to be ready. Got 0 of 7 DN Heartbeats.
2019-07-13 16:34:31,660 INFO  util.JvmPauseMonitor (JvmPauseMonitor.java:run(188)) - Starting JVM pause monitor
2019-07-13 16:34:31,660 INFO  datanode.InitDatanodeState (InitDatanodeState.java:persistContainerDatanodeDetails(140)) - DatanodeDetails is persisted to /tmp/workdir/hadoop-ozone/integration-test/target/test-dir/MiniOzoneClusterImpl-057be10f-cdfd-47e1-b7d7-538f995da6ce/datanode-6/meta/datanode.id
2019-07-13 16:34:32,378 INFO  ozoneimpl.OzoneContainer (OzoneContainer.java:start(186)) - Attempting to start container services.
2019-07-13 16:34:32,378 INFO  ozoneimpl.OzoneContainer (OzoneContainer.java:startContainerScrub(160)) - Background container scrubber has been disabled by hdds.containerscrub.enabled
2019-07-13 16:34:32,378 INFO  ratis.XceiverServerRatis (XceiverServerRatis.java:start(418)) - Starting XceiverServerRatis cc2ff633-c256-42b3-8ded-7fd88c6ffef3 at port 0
2019-07-13 16:34:32,386 INFO  impl.RaftServerProxy (RaftServerProxy.java:lambda$start$3(299)) - cc2ff633-c256-42b3-8ded-7fd88c6ffef3: start RPC server
2019-07-13 16:34:32,387 INFO  server.GrpcService (GrpcService.java:startImpl(149)) - cc2ff633-c256-42b3-8ded-7fd88c6ffef3: GrpcService started, listening on 0.0.0.0/0.0.0.0:37117
2019-07-13 16:34:32,388 INFO  ratis.XceiverServerRatis (XceiverServerRatis.java:start(428)) - XceiverServerRatis cc2ff633-c256-42b3-8ded-7fd88c6ffef3 is started using port 37117
2019-07-13 16:34:32,395 INFO  server.XceiverServerGrpc (XceiverServerGrpc.java:start(161)) - XceiverServerGrpc cc2ff633-c256-42b3-8ded-7fd88c6ffef3 is started using port 43351
2019-07-13 16:34:32,659 INFO  ozone.MiniOzoneClusterImpl (MiniOzoneClusterImpl.java:lambda$waitForClusterToBeReady$0(142)) - Waiting for cluster to be ready. Got 0 of 7 DN Heartbeats.
2019-07-13 16:34:32,760 INFO  ozoneimpl.OzoneContainer (OzoneContainer.java:start(186)) - Attempting to start container services.
2019-07-13 16:34:32,760 INFO  ozoneimpl.OzoneContainer (OzoneContainer.java:startContainerScrub(160)) - Background container scrubber has been disabled by hdds.containerscrub.enabled
2019-07-13 16:34:32,760 INFO  ratis.XceiverServerRatis (XceiverServerRatis.java:start(418)) - Starting XceiverServerRatis 2220433e-68f2-49b3-b11f-e91f19d4dd5b at port 0
2019-07-13 16:34:32,767 INFO  impl.RaftServerProxy (RaftServerProxy.java:lambda$start$3(299)) - 2220433e-68f2-49b3-b11f-e91f19d4dd5b: start RPC server
2019-07-13 16:34:32,768 INFO  server.GrpcService (GrpcService.java:startImpl(149)) - 2220433e-68f2-49b3-b11f-e91f19d4dd5b: GrpcService started, listening on 0.0.0.0/0.0.0.0:40364
2019-07-13 16:34:32,768 INFO  ratis.XceiverServerRatis (XceiverServerRatis.java:start(428)) - XceiverServerRatis 2220433e-68f2-49b3-b11f-e91f19d4dd5b is started using port 40364
2019-07-13 16:34:32,769 INFO  server.XceiverServerGrpc (XceiverServerGrpc.java:start(161)) - XceiverServerGrpc 2220433e-68f2-49b3-b11f-e91f19d4dd5b is started using port 38645
2019-07-13 16:34:32,945 INFO  ozoneimpl.OzoneContainer (OzoneContainer.java:start(186)) - Attempting to start container services.
2019-07-13 16:34:32,946 INFO  ozoneimpl.OzoneContainer (OzoneContainer.java:startContainerScrub(160)) - Background container scrubber has been disabled by hdds.containerscrub.enabled
2019-07-13 16:34:32,946 INFO  ratis.XceiverServerRatis (XceiverServerRatis.java:start(418)) - Starting XceiverServerRatis d210e418-bc3f-4a59-9997-0a1dd79a5e4f at port 0
2019-07-13 16:34:32,953 INFO  impl.RaftServerProxy (RaftServerProxy.java:lambda$start$3(299)) - d210e418-bc3f-4a59-9997-0a1dd79a5e4f: start RPC server
2019-07-13 16:34:32,954 INFO  server.GrpcService (GrpcService.java:startImpl(149)) - d210e418-bc3f-4a59-9997-0a1dd79a5e4f: GrpcService started, listening on 0.0.0.0/0.0.0.0:44122
2019-07-13 16:34:32,954 INFO  ratis.XceiverServerRatis (XceiverServerRatis.java:start(428)) - XceiverServerRatis d210e418-bc3f-4a59-9997-0a1dd79a5e4f is started using port 44122
2019-07-13 16:34:32,955 INFO  server.XceiverServerGrpc (XceiverServerGrpc.java:start(161)) - XceiverServerGrpc d210e418-bc3f-4a59-9997-0a1dd79a5e4f is started using port 37252
2019-07-13 16:34:33,111 INFO  ozoneimpl.OzoneContainer (OzoneContainer.java:start(186)) - Attempting to start container services.
2019-07-13 16:34:33,112 INFO  ozoneimpl.OzoneContainer (OzoneContainer.java:startContainerScrub(160)) - Background container scrubber has been disabled by hdds.containerscrub.enabled
2019-07-13 16:34:33,112 INFO  ratis.XceiverServerRatis (XceiverServerRatis.java:start(418)) - Starting XceiverServerRatis 80fdcb8a-4dcf-476b-8901-e3585c02748e at port 0
2019-07-13 16:34:33,119 INFO  impl.RaftServerProxy (RaftServerProxy.java:lambda$start$3(299)) - 80fdcb8a-4dcf-476b-8901-e3585c02748e: start RPC server
2019-07-13 16:34:33,122 INFO  server.GrpcService (GrpcService.java:startImpl(149)) - 80fdcb8a-4dcf-476b-8901-e3585c02748e: GrpcService started, listening on 0.0.0.0/0.0.0.0:35716
2019-07-13 16:34:33,122 INFO  ratis.XceiverServerRatis (XceiverServerRatis.java:start(428)) - XceiverServerRatis 80fdcb8a-4dcf-476b-8901-e3585c02748e is started using port 35716
2019-07-13 16:34:33,124 INFO  server.XceiverServerGrpc (XceiverServerGrpc.java:start(161)) - XceiverServerGrpc 80fdcb8a-4dcf-476b-8901-e3585c02748e is started using port 36863
2019-07-13 16:34:33,317 INFO  ozoneimpl.OzoneContainer (OzoneContainer.java:start(186)) - Attempting to start container services.
2019-07-13 16:34:33,317 INFO  ozoneimpl.OzoneContainer (OzoneContainer.java:startContainerScrub(160)) - Background container scrubber has been disabled by hdds.containerscrub.enabled
2019-07-13 16:34:33,317 INFO  ratis.XceiverServerRatis (XceiverServerRatis.java:start(418)) - Starting XceiverServerRatis 64d8d0d8-69cb-4bd4-87b3-5f7337c18ef9 at port 0
2019-07-13 16:34:33,325 INFO  impl.RaftServerProxy (RaftServerProxy.java:lambda$start$3(299)) - 64d8d0d8-69cb-4bd4-87b3-5f7337c18ef9: start RPC server
2019-07-13 16:34:33,326 INFO  server.GrpcService (GrpcService.java:startImpl(149)) - 64d8d0d8-69cb-4bd4-87b3-5f7337c18ef9: GrpcService started, listening on 0.0.0.0/0.0.0.0:36693
2019-07-13 16:34:33,326 INFO  ratis.XceiverServerRatis (XceiverServerRatis.java:start(428)) - XceiverServerRatis 64d8d0d8-69cb-4bd4-87b3-5f7337c18ef9 is started using port 36693
2019-07-13 16:34:33,326 INFO  server.XceiverServerGrpc (XceiverServerGrpc.java:start(161)) - XceiverServerGrpc 64d8d0d8-69cb-4bd4-87b3-5f7337c18ef9 is started using port 44221
2019-07-13 16:34:33,499 INFO  ozoneimpl.OzoneContainer (OzoneContainer.java:start(186)) - Attempting to start container services.
2019-07-13 16:34:33,499 INFO  ozoneimpl.OzoneContainer (OzoneContainer.java:startContainerScrub(160)) - Background container scrubber has been disabled by hdds.containerscrub.enabled
2019-07-13 16:34:33,499 INFO  ratis.XceiverServerRatis (XceiverServerRatis.java:start(418)) - Starting XceiverServerRatis 0d8de9e7-9fe7-4911-8019-c6c2c0b14636 at port 0
2019-07-13 16:34:33,507 INFO  impl.RaftServerProxy (RaftServerProxy.java:lambda$start$3(299)) - 0d8de9e7-9fe7-4911-8019-c6c2c0b14636: start RPC server
2019-07-13 16:34:33,520 INFO  server.GrpcService (GrpcService.java:startImpl(149)) - 0d8de9e7-9fe7-4911-8019-c6c2c0b14636: GrpcService started, listening on 0.0.0.0/0.0.0.0:36713
2019-07-13 16:34:33,520 INFO  ratis.XceiverServerRatis (XceiverServerRatis.java:start(428)) - XceiverServerRatis 0d8de9e7-9fe7-4911-8019-c6c2c0b14636 is started using port 36713
2019-07-13 16:34:33,521 INFO  server.XceiverServerGrpc (XceiverServerGrpc.java:start(161)) - XceiverServerGrpc 0d8de9e7-9fe7-4911-8019-c6c2c0b14636 is started using port 34543
2019-07-13 16:34:33,659 INFO  ozone.MiniOzoneClusterImpl (MiniOzoneClusterImpl.java:lambda$waitForClusterToBeReady$0(142)) - Waiting for cluster to be ready. Got 0 of 7 DN Heartbeats.
2019-07-13 16:34:33,665 INFO  ozoneimpl.OzoneContainer (OzoneContainer.java:start(186)) - Attempting to start container services.
2019-07-13 16:34:33,666 INFO  ozoneimpl.OzoneContainer (OzoneContainer.java:startContainerScrub(160)) - Background container scrubber has been disabled by hdds.containerscrub.enabled
2019-07-13 16:34:33,666 INFO  ratis.XceiverServerRatis (XceiverServerRatis.java:start(418)) - Starting XceiverServerRatis 9cdddb5d-8f3a-464c-a422-38eea483236b at port 0
2019-07-13 16:34:33,673 INFO  impl.RaftServerProxy (RaftServerProxy.java:lambda$start$3(299)) - 9cdddb5d-8f3a-464c-a422-38eea483236b: start RPC server
2019-07-13 16:34:33,674 INFO  server.GrpcService (GrpcService.java:startImpl(149)) - 9cdddb5d-8f3a-464c-a422-38eea483236b: GrpcService started, listening on 0.0.0.0/0.0.0.0:39021
2019-07-13 16:34:33,674 INFO  ratis.XceiverServerRatis (XceiverServerRatis.java:start(428)) - XceiverServerRatis 9cdddb5d-8f3a-464c-a422-38eea483236b is started using port 39021
2019-07-13 16:34:33,675 INFO  server.XceiverServerGrpc (XceiverServerGrpc.java:start(161)) - XceiverServerGrpc 9cdddb5d-8f3a-464c-a422-38eea483236b is started using port 44441
2019-07-13 16:34:34,357 INFO  net.NetworkTopology (NetworkTopologyImpl.java:add(110)) - Added a new node: /default-rack/192.168.5.187
2019-07-13 16:34:34,359 INFO  node.SCMNodeManager (SCMNodeManager.java:register(269)) - Registered Data node : cc2ff633-c256-42b3-8ded-7fd88c6ffef3{ip: 192.168.5.187, host: trunk-nightly-z92hn-1831959607, networkLocation: /default-rack, certSerialId: null}
2019-07-13 16:34:34,361 INFO  safemode.SCMSafeModeManager (DataNodeSafeModeRule.java:process(71)) - SCM in safe mode. 1 DataNodes registered, 1 required.
2019-07-13 16:34:34,363 INFO  safemode.SCMSafeModeManager (SCMSafeModeManager.java:validateSafeModeExitRules(177)) - ScmSafeModeManager, all rules are successfully validated
2019-07-13 16:34:34,363 INFO  safemode.SCMSafeModeManager (SCMSafeModeManager.java:exitSafeMode(193)) - SCM exiting safe mode.
2019-07-13 16:34:34,386 INFO  impl.RaftServerProxy (RaftServerProxy.java:addNew(89)) - cc2ff633-c256-42b3-8ded-7fd88c6ffef3: addNew group-6AED29438D9B:[cc2ff633-c256-42b3-8ded-7fd88c6ffef3:192.168.5.187:37117] returns group-6AED29438D9B:java.util.concurrent.CompletableFuture@6752aee1[Not completed]
2019-07-13 16:34:34,388 INFO  impl.RaftServerImpl (RaftServerImpl.java:<init>(93)) - cc2ff633-c256-42b3-8ded-7fd88c6ffef3: new RaftServerImpl for group-6AED29438D9B:[cc2ff633-c256-42b3-8ded-7fd88c6ffef3:192.168.5.187:37117] with ContainerStateMachine:uninitialized
2019-07-13 16:34:34,388 INFO  server.RaftServerConfigKeys (ConfUtils.java:logGet(43)) - raft.server.rpc.timeout.min = 5s (custom)
2019-07-13 16:34:34,388 INFO  server.RaftServerConfigKeys (ConfUtils.java:logGet(43)) - raft.server.rpc.timeout.max = 5200ms (custom)
2019-07-13 16:34:34,388 INFO  server.RaftServerConfigKeys (ConfUtils.java:logGet(43)) - raft.server.rpcslowness.timeout = 120s (custom)
2019-07-13 16:34:34,388 INFO  server.RaftServerConfigKeys (ConfUtils.java:logGet(43)) - raft.server.sleep.deviation.threshold = 300 (default)
2019-07-13 16:34:34,388 INFO  server.RaftServerConfigKeys (ConfUtils.java:logGet(43)) - raft.server.log.appender.install.snapshot.enabled = false (custom)
2019-07-13 16:34:34,388 INFO  impl.RaftServerImpl (ServerState.java:<init>(105)) - cc2ff633-c256-42b3-8ded-7fd88c6ffef3:group-6AED29438D9B ConfigurationManager, init=-1: [cc2ff633-c256-42b3-8ded-7fd88c6ffef3:192.168.5.187:37117], old=null, confs=<EMPTY_MAP>
2019-07-13 16:34:34,389 INFO  server.RaftServerConfigKeys (ConfUtils.java:logGet(43)) - raft.server.storage.dir = [/tmp/workdir/hadoop-ozone/integration-test/target/test-dir/MiniOzoneClusterImpl-057be10f-cdfd-47e1-b7d7-538f995da6ce/datanode-0/data/ratis] (custom)
2019-07-13 16:34:34,389 INFO  storage.RaftStorageDirectory (RaftStorageDirectory.java:analyzeStorage(246)) - The storage directory /tmp/workdir/hadoop-ozone/integration-test/target/test-dir/MiniOzoneClusterImpl-057be10f-cdfd-47e1-b7d7-538f995da6ce/datanode-0/data/ratis/6230bef9-71df-4217-8aca-6aed29438d9b does not exist. Creating ...
2019-07-13 16:34:34,406 INFO  storage.RaftStorageDirectory (RaftStorageDirectory.java:tryLock(328)) - Lock on /tmp/workdir/hadoop-ozone/integration-test/target/test-dir/MiniOzoneClusterImpl-057be10f-cdfd-47e1-b7d7-538f995da6ce/datanode-0/data/ratis/6230bef9-71df-4217-8aca-6aed29438d9b/in_use.lock acquired by nodename 30505@trunk-nightly-z92hn-1831959607
2019-07-13 16:34:34,418 INFO  storage.RaftStorage (RaftStorage.java:format(72)) - Storage directory /tmp/workdir/hadoop-ozone/integration-test/target/test-dir/MiniOzoneClusterImpl-057be10f-cdfd-47e1-b7d7-538f995da6ce/datanode-0/data/ratis/6230bef9-71df-4217-8aca-6aed29438d9b has been successfully formatted.
2019-07-13 16:34:34,418 INFO  ratis.ContainerStateMachine (ContainerStateMachine.java:loadSnapshot(200)) - The snapshot info is null.Setting the last applied index to:(t:0, i:~)
2019-07-13 16:34:34,418 INFO  server.RaftServerConfigKeys (ConfUtils.java:logGet(43)) - raft.server.leader.election.timeout = 120s (custom)
2019-07-13 16:34:34,418 INFO  server.RaftServerConfigKeys (ConfUtils.java:logGet(43)) - raft.server.log.use.memory = false (default)
2019-07-13 16:34:34,418 INFO  server.RaftServerConfigKeys (ConfUtils.java:logGet(43)) - raft.server.log.purge.gap = 1000000000 (custom)
2019-07-13 16:34:34,419 INFO  server.RaftServerConfigKeys (ConfUtils.java:logGet(43)) - raft.server.log.appender.buffer.byte-limit = 33554432 (custom)
2019-07-13 16:34:34,419 INFO  server.RaftServerConfigKeys (ConfUtils.java:logGet(43)) - raft.server.log.segment.size.max = 1048576 (custom)
2019-07-13 16:34:34,419 INFO  server.RaftServerConfigKeys (ConfUtils.java:logGet(43)) - raft.server.log.segment.cache.num.max = 2 (custom)
2019-07-13 16:34:34,419 INFO  segmented.SegmentedRaftLogWorker (SegmentedRaftLogWorker.java:<init>(172)) - new cc2ff633-c256-42b3-8ded-7fd88c6ffef3-SegmentedRaftLogWorker:Storage Directory /tmp/workdir/hadoop-ozone/integration-test/target/test-dir/MiniOzoneClusterImpl-057be10f-cdfd-47e1-b7d7-538f995da6ce/datanode-0/data/ratis/6230bef9-71df-4217-8aca-6aed29438d9b for RaftStorage:Storage Directory /tmp/workdir/hadoop-ozone/integration-test/target/test-dir/MiniOzoneClusterImpl-057be10f-cdfd-47e1-b7d7-538f995da6ce/datanode-0/data/ratis/6230bef9-71df-4217-8aca-6aed29438d9b
2019-07-13 16:34:34,419 INFO  server.RaftServerConfigKeys (ConfUtils.java:logGet(43)) - raft.server.log.queue.byte-limit = 2147483647 (custom)
2019-07-13 16:34:34,419 INFO  server.RaftServerConfigKeys (ConfUtils.java:logGet(43)) - raft.server.log.queue.element-limit = 1024 (custom)
2019-07-13 16:34:34,420 INFO  server.RaftServerConfigKeys (ConfUtils.java:logGet(43)) - raft.server.log.segment.size.max = 1048576 (custom)
2019-07-13 16:34:34,420 INFO  server.RaftServerConfigKeys (ConfUtils.java:logGet(43)) - raft.server.log.preallocated.size = 16384 (custom)
2019-07-13 16:34:34,420 INFO  server.RaftServerConfigKeys (ConfUtils.java:logGet(43)) - raft.server.log.write.buffer.size = 33554432 (custom)
2019-07-13 16:34:34,420 INFO  server.RaftServerConfigKeys (ConfUtils.java:logGet(43)) - raft.server.log.force.sync.num = 128 (default)
2019-07-13 16:34:34,420 INFO  server.RaftServerConfigKeys (ConfUtils.java:logGet(43)) - raft.server.log.statemachine.data.sync = true (default)
2019-07-13 16:34:34,420 INFO  server.RaftServerConfigKeys (ConfUtils.java:logGet(43)) - raft.server.log.statemachine.data.sync.timeout = 10s (default)
2019-07-13 16:34:34,420 INFO  server.RaftServerConfigKeys (ConfUtils.java:logGet(43)) - raft.server.log.statemachine.data.sync.timeout.retry = -1 (default)
2019-07-13 16:34:34,421 INFO  server.RaftServerConfigKeys (ConfUtils.java:logGet(43)) - raft.server.log.statemachine.data.caching.enabled = true (custom)
2019-07-13 16:34:34,421 INFO  segmented.SegmentedRaftLogWorker (SegmentedRaftLogWorker.java:lambda$new$0(132)) - cc2ff633-c256-42b3-8ded-7fd88c6ffef3-SegmentedRaftLogWorker:Storage Directory /tmp/workdir/hadoop-ozone/integration-test/target/test-dir/MiniOzoneClusterImpl-057be10f-cdfd-47e1-b7d7-538f995da6ce/datanode-0/data/ratis/6230bef9-71df-4217-8aca-6aed29438d9b: flushIndex: setUnconditionally 0 -> -1
2019-07-13 16:34:34,421 INFO  server.RaftServerConfigKeys (ConfUtils.java:logGet(43)) - raft.server.snapshot.auto.trigger.enabled = true (custom)
2019-07-13 16:34:34,421 INFO  server.RaftServerConfigKeys (ConfUtils.java:logGet(43)) - raft.server.snapshot.auto.trigger.threshold = 10000 (custom)
2019-07-13 16:34:34,422 INFO  server.RaftServerConfigKeys (ConfUtils.java:logGet(43)) - raft.server.retrycache.expirytime = 600000ms (custom)
2019-07-13 16:34:34,422 INFO  impl.RaftServerImpl (RaftServerImpl.java:start(180)) - cc2ff633-c256-42b3-8ded-7fd88c6ffef3: start group-6AED29438D9B
2019-07-13 16:34:34,422 INFO  impl.RaftServerImpl (RaftServerImpl.java:setRole(171)) - cc2ff633-c256-42b3-8ded-7fd88c6ffef3:group-6AED29438D9B changes role from null to FOLLOWER at term 0 for startAsFollower
2019-07-13 16:34:34,422 INFO  impl.RoleInfo (RoleInfo.java:updateAndGet(143)) - cc2ff633-c256-42b3-8ded-7fd88c6ffef3: start FollowerState
2019-07-13 16:34:34,423 INFO  util.JmxRegister (JmxRegister.java:tryRegister(44)) - Successfully registered JMX Bean with object name Ratis:service=RaftServer,group=group-6AED29438D9B,id=cc2ff633-c256-42b3-8ded-7fd88c6ffef3
2019-07-13 16:34:34,428 INFO  pipeline.PipelineStateManager (PipelineStateManager.java:addPipeline(56)) - Created pipeline Pipeline[ Id: 6230bef9-71df-4217-8aca-6aed29438d9b, Nodes: cc2ff633-c256-42b3-8ded-7fd88c6ffef3{ip: 192.168.5.187, host: trunk-nightly-z92hn-1831959607, networkLocation: /default-rack, certSerialId: null}, Type:RATIS, Factor:ONE, State:OPEN]
2019-07-13 16:34:34,660 INFO  ozone.MiniOzoneClusterImpl (MiniOzoneClusterImpl.java:lambda$waitForClusterToBeReady$0(142)) - Waiting for cluster to be ready. Got 1 of 7 DN Heartbeats.
2019-07-13 16:34:34,755 INFO  node.SCMNodeManager (SCMNodeManager.java:register(269)) - Registered Data node : 2220433e-68f2-49b3-b11f-e91f19d4dd5b{ip: 192.168.5.187, host: trunk-nightly-z92hn-1831959607, networkLocation: /default-rack, certSerialId: null}
2019-07-13 16:34:34,773 INFO  impl.RaftServerProxy (RaftServerProxy.java:addNew(89)) - 2220433e-68f2-49b3-b11f-e91f19d4dd5b: addNew group-D89FF11B8CCD:[2220433e-68f2-49b3-b11f-e91f19d4dd5b:192.168.5.187:40364] returns group-D89FF11B8CCD:java.util.concurrent.CompletableFuture@4e8008c3[Not completed]
2019-07-13 16:34:34,775 INFO  impl.RaftServerImpl (RaftServerImpl.java:<init>(93)) - 2220433e-68f2-49b3-b11f-e91f19d4dd5b: new RaftServerImpl for group-D89FF11B8CCD:[2220433e-68f2-49b3-b11f-e91f19d4dd5b:192.168.5.187:40364] with ContainerStateMachine:uninitialized
2019-07-13 16:34:34,775 INFO  server.RaftServerConfigKeys (ConfUtils.java:logGet(43)) - raft.server.rpc.timeout.min = 5s (custom)
2019-07-13 16:34:34,775 INFO  server.RaftServerConfigKeys (ConfUtils.java:logGet(43)) - raft.server.rpc.timeout.max = 5200ms (custom)
2019-07-13 16:34:34,775 INFO  server.RaftServerConfigKeys (ConfUtils.java:logGet(43)) - raft.server.rpcslowness.timeout = 120s (custom)
2019-07-13 16:34:34,775 INFO  server.RaftServerConfigKeys (ConfUtils.java:logGet(43)) - raft.server.sleep.deviation.threshold = 300 (default)
2019-07-13 16:34:34,775 INFO  server.RaftServerConfigKeys (ConfUtils.java:logGet(43)) - raft.server.log.appender.install.snapshot.enabled = false (custom)
2019-07-13 16:34:34,775 INFO  impl.RaftServerImpl (ServerState.java:<init>(105)) - 2220433e-68f2-49b3-b11f-e91f19d4dd5b:group-D89FF11B8CCD ConfigurationManager, init=-1: [2220433e-68f2-49b3-b11f-e91f19d4dd5b:192.168.5.187:40364], old=null, confs=<EMPTY_MAP>
2019-07-13 16:34:34,776 INFO  server.RaftServerConfigKeys (ConfUtils.java:logGet(43)) - raft.server.storage.dir = [/tmp/workdir/hadoop-ozone/integration-test/target/test-dir/MiniOzoneClusterImpl-057be10f-cdfd-47e1-b7d7-538f995da6ce/datanode-1/data/ratis] (custom)
2019-07-13 16:34:34,776 INFO  storage.RaftStorageDirectory (RaftStorageDirectory.java:analyzeStorage(246)) - The storage directory /tmp/workdir/hadoop-ozone/integration-test/target/test-dir/MiniOzoneClusterImpl-057be10f-cdfd-47e1-b7d7-538f995da6ce/datanode-1/data/ratis/61066071-7c50-4732-ae9d-d89ff11b8ccd does not exist. Creating ...
2019-07-13 16:34:34,790 INFO  storage.RaftStorageDirectory (RaftStorageDirectory.java:tryLock(328)) - Lock on /tmp/workdir/hadoop-ozone/integration-test/target/test-dir/MiniOzoneClusterImpl-057be10f-cdfd-47e1-b7d7-538f995da6ce/datanode-1/data/ratis/61066071-7c50-4732-ae9d-d89ff11b8ccd/in_use.lock acquired by nodename 30505@trunk-nightly-z92hn-1831959607
2019-07-13 16:34:34,801 INFO  storage.RaftStorage (RaftStorage.java:format(72)) - Storage directory /tmp/workdir/hadoop-ozone/integration-test/target/test-dir/MiniOzoneClusterImpl-057be10f-cdfd-47e1-b7d7-538f995da6ce/datanode-1/data/ratis/61066071-7c50-4732-ae9d-d89ff11b8ccd has been successfully formatted.
2019-07-13 16:34:34,801 INFO  ratis.ContainerStateMachine (ContainerStateMachine.java:loadSnapshot(200)) - The snapshot info is null.Setting the last applied index to:(t:0, i:~)
2019-07-13 16:34:34,801 INFO  server.RaftServerConfigKeys (ConfUtils.java:logGet(43)) - raft.server.leader.election.timeout = 120s (custom)
2019-07-13 16:34:34,801 INFO  server.RaftServerConfigKeys (ConfUtils.java:logGet(43)) - raft.server.log.use.memory = false (default)
2019-07-13 16:34:34,802 INFO  server.RaftServerConfigKeys (ConfUtils.java:logGet(43)) - raft.server.log.purge.gap = 1000000000 (custom)
2019-07-13 16:34:34,802 INFO  server.RaftServerConfigKeys (ConfUtils.java:logGet(43)) - raft.server.log.appender.buffer.byte-limit = 33554432 (custom)
2019-07-13 16:34:34,802 INFO  server.RaftServerConfigKeys (ConfUtils.java:logGet(43)) - raft.server.log.segment.size.max = 1048576 (custom)
2019-07-13 16:34:34,802 INFO  server.RaftServerConfigKeys (ConfUtils.java:logGet(43)) - raft.server.log.segment.cache.num.max = 2 (custom)
2019-07-13 16:34:34,802 INFO  segmented.SegmentedRaftLogWorker (SegmentedRaftLogWorker.java:<init>(172)) - new 2220433e-68f2-49b3-b11f-e91f19d4dd5b-SegmentedRaftLogWorker:Storage Directory /tmp/workdir/hadoop-ozone/integration-test/target/test-dir/MiniOzoneClusterImpl-057be10f-cdfd-47e1-b7d7-538f995da6ce/datanode-1/data/ratis/61066071-7c50-4732-ae9d-d89ff11b8ccd for RaftStorage:Storage Directory /tmp/workdir/hadoop-ozone/integration-test/target/test-dir/MiniOzoneClusterImpl-057be10f-cdfd-47e1-b7d7-538f995da6ce/datanode-1/data/ratis/61066071-7c50-4732-ae9d-d89ff11b8ccd
2019-07-13 16:34:34,802 INFO  server.RaftServerConfigKeys (ConfUtils.java:logGet(43)) - raft.server.log.queue.byte-limit = 2147483647 (custom)
2019-07-13 16:34:34,803 INFO  server.RaftServerConfigKeys (ConfUtils.java:logGet(43)) - raft.server.log.queue.element-limit = 1024 (custom)
2019-07-13 16:34:34,803 INFO  server.RaftServerConfigKeys (ConfUtils.java:logGet(43)) - raft.server.log.segment.size.max = 1048576 (custom)
2019-07-13 16:34:34,803 INFO  server.RaftServerConfigKeys (ConfUtils.java:logGet(43)) - raft.server.log.preallocated.size = 16384 (custom)
2019-07-13 16:34:34,803 INFO  server.RaftServerConfigKeys (ConfUtils.java:logGet(43)) - raft.server.log.write.buffer.size = 33554432 (custom)
2019-07-13 16:34:34,803 INFO  server.RaftServerConfigKeys (ConfUtils.java:logGet(43)) - raft.server.log.force.sync.num = 128 (default)
2019-07-13 16:34:34,803 INFO  server.RaftServerConfigKeys (ConfUtils.java:logGet(43)) - raft.server.log.statemachine.data.sync = true (default)
2019-07-13 16:34:34,804 INFO  server.RaftServerConfigKeys (ConfUtils.java:logGet(43)) - raft.server.log.statemachine.data.sync.timeout = 10s (default)
2019-07-13 16:34:34,804 INFO  server.RaftServerConfigKeys (ConfUtils.java:logGet(43)) - raft.server.log.statemachine.data.sync.timeout.retry = -1 (default)
2019-07-13 16:34:34,804 INFO  server.RaftServerConfigKeys (ConfUtils.java:logGet(43)) - raft.server.log.statemachine.data.caching.enabled = true (custom)
2019-07-13 16:34:34,804 INFO  segmented.SegmentedRaftLogWorker (SegmentedRaftLogWorker.java:lambda$new$0(132)) - 2220433e-68f2-49b3-b11f-e91f19d4dd5b-SegmentedRaftLogWorker:Storage Directory /tmp/workdir/hadoop-ozone/integration-test/target/test-dir/MiniOzoneClusterImpl-057be10f-cdfd-47e1-b7d7-538f995da6ce/datanode-1/data/ratis/61066071-7c50-4732-ae9d-d89ff11b8ccd: flushIndex: setUnconditionally 0 -> -1
2019-07-13 16:34:34,805 INFO  server.RaftServerConfigKeys (ConfUtils.java:logGet(43)) - raft.server.snapshot.auto.trigger.enabled = true (custom)
2019-07-13 16:34:34,805 INFO  server.RaftServerConfigKeys (ConfUtils.java:logGet(43)) - raft.server.snapshot.auto.trigger.threshold = 10000 (custom)
2019-07-13 16:34:34,805 INFO  server.RaftServerConfigKeys (ConfUtils.java:logGet(43)) - raft.server.retrycache.expirytime = 600000ms (custom)
2019-07-13 16:34:34,805 INFO  impl.RaftServerImpl (RaftServerImpl.java:start(180)) - 2220433e-68f2-49b3-b11f-e91f19d4dd5b: start group-D89FF11B8CCD
2019-07-13 16:34:34,805 INFO  impl.RaftServerImpl (RaftServerImpl.java:setRole(171)) - 2220433e-68f2-49b3-b11f-e91f19d4dd5b:group-D89FF11B8CCD changes role from null to FOLLOWER at term 0 for startAsFollower
2019-07-13 16:34:34,806 INFO  impl.RoleInfo (RoleInfo.java:updateAndGet(143)) - 2220433e-68f2-49b3-b11f-e91f19d4dd5b: start FollowerState
2019-07-13 16:34:34,806 INFO  util.JmxRegister (JmxRegister.java:tryRegister(44)) - Successfully registered JMX Bean with object name Ratis:service=RaftServer,group=group-D89FF11B8CCD,id=2220433e-68f2-49b3-b11f-e91f19d4dd5b
2019-07-13 16:34:34,811 INFO  pipeline.PipelineStateManager (PipelineStateManager.java:addPipeline(56)) - Created pipeline Pipeline[ Id: 61066071-7c50-4732-ae9d-d89ff11b8ccd, Nodes: 2220433e-68f2-49b3-b11f-e91f19d4dd5b{ip: 192.168.5.187, host: trunk-nightly-z92hn-1831959607, networkLocation: /default-rack, certSerialId: null}, Type:RATIS, Factor:ONE, State:OPEN]
2019-07-13 16:34:34,925 INFO  node.SCMNodeManager (SCMNodeManager.java:register(269)) - Registered Data node : d210e418-bc3f-4a59-9997-0a1dd79a5e4f{ip: 192.168.5.187, host: trunk-nightly-z92hn-1831959607, networkLocation: /default-rack, certSerialId: null}
2019-07-13 16:34:34,935 INFO  impl.RaftServerProxy (RaftServerProxy.java:addNew(89)) - d210e418-bc3f-4a59-9997-0a1dd79a5e4f: addNew group-79B0F3E16E74:[d210e418-bc3f-4a59-9997-0a1dd79a5e4f:192.168.5.187:44122] returns group-79B0F3E16E74:java.util.concurrent.CompletableFuture@70dd8e6d[Not completed]
2019-07-13 16:34:34,936 INFO  impl.RaftServerImpl (RaftServerImpl.java:<init>(93)) - d210e418-bc3f-4a59-9997-0a1dd79a5e4f: new RaftServerImpl for group-79B0F3E16E74:[d210e418-bc3f-4a59-9997-0a1dd79a5e4f:192.168.5.187:44122] with ContainerStateMachine:uninitialized
2019-07-13 16:34:34,936 INFO  server.RaftServerConfigKeys (ConfUtils.java:logGet(43)) - raft.server.rpc.timeout.min = 5s (custom)
2019-07-13 16:34:34,936 INFO  server.RaftServerConfigKeys (ConfUtils.java:logGet(43)) - raft.server.rpc.timeout.max = 5200ms (custom)
2019-07-13 16:34:34,936 INFO  server.RaftServerConfigKeys (ConfUtils.java:logGet(43)) - raft.server.rpcslowness.timeout = 120s (custom)
2019-07-13 16:34:34,936 INFO  server.RaftServerConfigKeys (ConfUtils.java:logGet(43)) - raft.server.sleep.deviation.threshold = 300 (default)
2019-07-13 16:34:34,936 INFO  server.RaftServerConfigKeys (ConfUtils.java:logGet(43)) - raft.server.log.appender.install.snapshot.enabled = false (custom)
2019-07-13 16:34:34,936 INFO  impl.RaftServerImpl (ServerState.java:<init>(105)) - d210e418-bc3f-4a59-9997-0a1dd79a5e4f:group-79B0F3E16E74 ConfigurationManager, init=-1: [d210e418-bc3f-4a59-9997-0a1dd79a5e4f:192.168.5.187:44122], old=null, confs=<EMPTY_MAP>
2019-07-13 16:34:34,937 INFO  server.RaftServerConfigKeys (ConfUtils.java:logGet(43)) - raft.server.storage.dir = [/tmp/workdir/hadoop-ozone/integration-test/target/test-dir/MiniOzoneClusterImpl-057be10f-cdfd-47e1-b7d7-538f995da6ce/datanode-2/data/ratis] (custom)
2019-07-13 16:34:34,937 INFO  storage.RaftStorageDirectory (RaftStorageDirectory.java:analyzeStorage(246)) - The storage directory /tmp/workdir/hadoop-ozone/integration-test/target/test-dir/MiniOzoneClusterImpl-057be10f-cdfd-47e1-b7d7-538f995da6ce/datanode-2/data/ratis/ebb0c18c-108c-4907-bbe8-79b0f3e16e74 does not exist. Creating ...
2019-07-13 16:34:34,949 INFO  storage.RaftStorageDirectory (RaftStorageDirectory.java:tryLock(328)) - Lock on /tmp/workdir/hadoop-ozone/integration-test/target/test-dir/MiniOzoneClusterImpl-057be10f-cdfd-47e1-b7d7-538f995da6ce/datanode-2/data/ratis/ebb0c18c-108c-4907-bbe8-79b0f3e16e74/in_use.lock acquired by nodename 30505@trunk-nightly-z92hn-1831959607
2019-07-13 16:34:34,960 INFO  storage.RaftStorage (RaftStorage.java:format(72)) - Storage directory /tmp/workdir/hadoop-ozone/integration-test/target/test-dir/MiniOzoneClusterImpl-057be10f-cdfd-47e1-b7d7-538f995da6ce/datanode-2/data/ratis/ebb0c18c-108c-4907-bbe8-79b0f3e16e74 has been successfully formatted.
2019-07-13 16:34:34,960 INFO  ratis.ContainerStateMachine (ContainerStateMachine.java:loadSnapshot(200)) - The snapshot info is null.Setting the last applied index to:(t:0, i:~)
2019-07-13 16:34:34,961 INFO  server.RaftServerConfigKeys (ConfUtils.java:logGet(43)) - raft.server.leader.election.timeout = 120s (custom)
2019-07-13 16:34:34,961 INFO  server.RaftServerConfigKeys (ConfUtils.java:logGet(43)) - raft.server.log.use.memory = false (default)
2019-07-13 16:34:34,961 INFO  server.RaftServerConfigKeys (ConfUtils.java:logGet(43)) - raft.server.log.purge.gap = 1000000000 (custom)
2019-07-13 16:34:34,961 INFO  server.RaftServerConfigKeys (ConfUtils.java:logGet(43)) - raft.server.log.appender.buffer.byte-limit = 33554432 (custom)
2019-07-13 16:34:34,961 INFO  server.RaftServerConfigKeys (ConfUtils.java:logGet(43)) - raft.server.log.segment.size.max = 1048576 (custom)
2019-07-13 16:34:34,961 INFO  server.RaftServerConfigKeys (ConfUtils.java:logGet(43)) - raft.server.log.segment.cache.num.max = 2 (custom)
2019-07-13 16:34:34,961 INFO  segmented.SegmentedRaftLogWorker (SegmentedRaftLogWorker.java:<init>(172)) - new d210e418-bc3f-4a59-9997-0a1dd79a5e4f-SegmentedRaftLogWorker:Storage Directory /tmp/workdir/hadoop-ozone/integration-test/target/test-dir/MiniOzoneClusterImpl-057be10f-cdfd-47e1-b7d7-538f995da6ce/datanode-2/data/ratis/ebb0c18c-108c-4907-bbe8-79b0f3e16e74 for RaftStorage:Storage Directory /tmp/workdir/hadoop-ozone/integration-test/target/test-dir/MiniOzoneClusterImpl-057be10f-cdfd-47e1-b7d7-538f995da6ce/datanode-2/data/ratis/ebb0c18c-108c-4907-bbe8-79b0f3e16e74
2019-07-13 16:34:34,962 INFO  server.RaftServerConfigKeys (ConfUtils.java:logGet(43)) - raft.server.log.queue.byte-limit = 2147483647 (custom)
2019-07-13 16:34:34,962 INFO  server.RaftServerConfigKeys (ConfUtils.java:logGet(43)) - raft.server.log.queue.element-limit = 1024 (custom)
2019-07-13 16:34:34,962 INFO  server.RaftServerConfigKeys (ConfUtils.java:logGet(43)) - raft.server.log.segment.size.max = 1048576 (custom)
2019-07-13 16:34:34,962 INFO  server.RaftServerConfigKeys (ConfUtils.java:logGet(43)) - raft.server.log.preallocated.size = 16384 (custom)
2019-07-13 16:34:34,962 INFO  server.RaftServerConfigKeys (ConfUtils.java:logGet(43)) - raft.server.log.write.buffer.size = 33554432 (custom)
2019-07-13 16:34:34,962 INFO  server.RaftServerConfigKeys (ConfUtils.java:logGet(43)) - raft.server.log.force.sync.num = 128 (default)
2019-07-13 16:34:34,963 INFO  server.RaftServerConfigKeys (ConfUtils.java:logGet(43)) - raft.server.log.statemachine.data.sync = true (default)
2019-07-13 16:34:34,963 INFO  server.RaftServerConfigKeys (ConfUtils.java:logGet(43)) - raft.server.log.statemachine.data.sync.timeout = 10s (default)
2019-07-13 16:34:34,963 INFO  server.RaftServerConfigKeys (ConfUtils.java:logGet(43)) - raft.server.log.statemachine.data.sync.timeout.retry = -1 (default)
2019-07-13 16:34:34,963 INFO  server.RaftServerConfigKeys (ConfUtils.java:logGet(43)) - raft.server.log.statemachine.data.caching.enabled = true (custom)
2019-07-13 16:34:34,964 INFO  segmented.SegmentedRaftLogWorker (SegmentedRaftLogWorker.java:lambda$new$0(132)) - d210e418-bc3f-4a59-9997-0a1dd79a5e4f-SegmentedRaftLogWorker:Storage Directory /tmp/workdir/hadoop-ozone/integration-test/target/test-dir/MiniOzoneClusterImpl-057be10f-cdfd-47e1-b7d7-538f995da6ce/datanode-2/data/ratis/ebb0c18c-108c-4907-bbe8-79b0f3e16e74: flushIndex: setUnconditionally 0 -> -1
2019-07-13 16:34:34,964 INFO  server.RaftServerConfigKeys (ConfUtils.java:logGet(43)) - raft.server.snapshot.auto.trigger.enabled = true (custom)
2019-07-13 16:34:34,964 INFO  server.RaftServerConfigKeys (ConfUtils.java:logGet(43)) - raft.server.snapshot.auto.trigger.threshold = 10000 (custom)
2019-07-13 16:34:34,964 INFO  server.RaftServerConfigKeys (ConfUtils.java:logGet(43)) - raft.server.retrycache.expirytime = 600000ms (custom)
2019-07-13 16:34:34,964 INFO  impl.RaftServerImpl (RaftServerImpl.java:start(180)) - d210e418-bc3f-4a59-9997-0a1dd79a5e4f: start group-79B0F3E16E74
2019-07-13 16:34:34,965 INFO  impl.RaftServerImpl (RaftServerImpl.java:setRole(171)) - d210e418-bc3f-4a59-9997-0a1dd79a5e4f:group-79B0F3E16E74 changes role from null to FOLLOWER at term 0 for startAsFollower
2019-07-13 16:34:34,965 INFO  impl.RoleInfo (RoleInfo.java:updateAndGet(143)) - d210e418-bc3f-4a59-9997-0a1dd79a5e4f: start FollowerState
2019-07-13 16:34:34,965 INFO  util.JmxRegister (JmxRegister.java:tryRegister(44)) - Successfully registered JMX Bean with object name Ratis:service=RaftServer,group=group-79B0F3E16E74,id=d210e418-bc3f-4a59-9997-0a1dd79a5e4f
2019-07-13 16:34:34,970 INFO  pipeline.PipelineStateManager (PipelineStateManager.java:addPipeline(56)) - Created pipeline Pipeline[ Id: ebb0c18c-108c-4907-bbe8-79b0f3e16e74, Nodes: d210e418-bc3f-4a59-9997-0a1dd79a5e4f{ip: 192.168.5.187, host: trunk-nightly-z92hn-1831959607, networkLocation: /default-rack, certSerialId: null}, Type:RATIS, Factor:ONE, State:OPEN]
2019-07-13 16:34:34,985 INFO  impl.RaftServerProxy (RaftServerProxy.java:addNew(89)) - 2220433e-68f2-49b3-b11f-e91f19d4dd5b: addNew group-522A381D71B0:[2220433e-68f2-49b3-b11f-e91f19d4dd5b:192.168.5.187:40364, cc2ff633-c256-42b3-8ded-7fd88c6ffef3:192.168.5.187:37117, d210e418-bc3f-4a59-9997-0a1dd79a5e4f:192.168.5.187:44122] returns group-522A381D71B0:java.util.concurrent.CompletableFuture@3f8ee003[Not completed]
2019-07-13 16:34:34,988 INFO  impl.RaftServerProxy (RaftServerProxy.java:addNew(89)) - d210e418-bc3f-4a59-9997-0a1dd79a5e4f: addNew group-522A381D71B0:[2220433e-68f2-49b3-b11f-e91f19d4dd5b:192.168.5.187:40364, cc2ff633-c256-42b3-8ded-7fd88c6ffef3:192.168.5.187:37117, d210e418-bc3f-4a59-9997-0a1dd79a5e4f:192.168.5.187:44122] returns group-522A381D71B0:java.util.concurrent.CompletableFuture@8941724[Not completed]
2019-07-13 16:34:34,988 INFO  impl.RaftServerProxy (RaftServerProxy.java:addNew(89)) - cc2ff633-c256-42b3-8ded-7fd88c6ffef3: addNew group-522A381D71B0:[2220433e-68f2-49b3-b11f-e91f19d4dd5b:192.168.5.187:40364, cc2ff633-c256-42b3-8ded-7fd88c6ffef3:192.168.5.187:37117, d210e418-bc3f-4a59-9997-0a1dd79a5e4f:192.168.5.187:44122] returns group-522A381D71B0:java.util.concurrent.CompletableFuture@6781c362[Not completed]
2019-07-13 16:34:34,988 INFO  impl.RaftServerImpl (RaftServerImpl.java:<init>(93)) - 2220433e-68f2-49b3-b11f-e91f19d4dd5b: new RaftServerImpl for group-522A381D71B0:[2220433e-68f2-49b3-b11f-e91f19d4dd5b:192.168.5.187:40364, cc2ff633-c256-42b3-8ded-7fd88c6ffef3:192.168.5.187:37117, d210e418-bc3f-4a59-9997-0a1dd79a5e4f:192.168.5.187:44122] with ContainerStateMachine:uninitialized
2019-07-13 16:34:34,988 INFO  server.RaftServerConfigKeys (ConfUtils.java:logGet(43)) - raft.server.rpc.timeout.min = 5s (custom)
2019-07-13 16:34:34,988 INFO  server.RaftServerConfigKeys (ConfUtils.java:logGet(43)) - raft.server.rpc.timeout.max = 5200ms (custom)
2019-07-13 16:34:34,988 INFO  server.RaftServerConfigKeys (ConfUtils.java:logGet(43)) - raft.server.rpcslowness.timeout = 120s (custom)
2019-07-13 16:34:34,989 INFO  server.RaftServerConfigKeys (ConfUtils.java:logGet(43)) - raft.server.sleep.deviation.threshold = 300 (default)
2019-07-13 16:34:34,989 INFO  server.RaftServerConfigKeys (ConfUtils.java:logGet(43)) - raft.server.log.appender.install.snapshot.enabled = false (custom)
2019-07-13 16:34:34,989 INFO  impl.RaftServerImpl (ServerState.java:<init>(105)) - 2220433e-68f2-49b3-b11f-e91f19d4dd5b:group-522A381D71B0 ConfigurationManager, init=-1: [2220433e-68f2-49b3-b11f-e91f19d4dd5b:192.168.5.187:40364, cc2ff633-c256-42b3-8ded-7fd88c6ffef3:192.168.5.187:37117, d210e418-bc3f-4a59-9997-0a1dd79a5e4f:192.168.5.187:44122], old=null, confs=<EMPTY_MAP>
2019-07-13 16:34:34,989 INFO  impl.RaftServerImpl (RaftServerImpl.java:<init>(93)) - cc2ff633-c256-42b3-8ded-7fd88c6ffef3: new RaftServerImpl for group-522A381D71B0:[2220433e-68f2-49b3-b11f-e91f19d4dd5b:192.168.5.187:40364, cc2ff633-c256-42b3-8ded-7fd88c6ffef3:192.168.5.187:37117, d210e418-bc3f-4a59-9997-0a1dd79a5e4f:192.168.5.187:44122] with ContainerStateMachine:uninitialized
2019-07-13 16:34:34,989 INFO  server.RaftServerConfigKeys (ConfUtils.java:logGet(43)) - raft.server.storage.dir = [/tmp/workdir/hadoop-ozone/integration-test/target/test-dir/MiniOzoneClusterImpl-057be10f-cdfd-47e1-b7d7-538f995da6ce/datanode-1/data/ratis] (custom)
2019-07-13 16:34:34,989 INFO  server.RaftServerConfigKeys (ConfUtils.java:logGet(43)) - raft.server.rpc.timeout.min = 5s (custom)
2019-07-13 16:34:34,989 INFO  server.RaftServerConfigKeys (ConfUtils.java:logGet(43)) - raft.server.rpc.timeout.max = 5200ms (custom)
2019-07-13 16:34:34,990 INFO  storage.RaftStorageDirectory (RaftStorageDirectory.java:analyzeStorage(246)) - The storage directory /tmp/workdir/hadoop-ozone/integration-test/target/test-dir/MiniOzoneClusterImpl-057be10f-cdfd-47e1-b7d7-538f995da6ce/datanode-1/data/ratis/6a6e5413-1fca-478c-8b7f-522a381d71b0 does not exist. Creating ...
2019-07-13 16:34:34,989 INFO  impl.RaftServerImpl (RaftServerImpl.java:<init>(93)) - d210e418-bc3f-4a59-9997-0a1dd79a5e4f: new RaftServerImpl for group-522A381D71B0:[2220433e-68f2-49b3-b11f-e91f19d4dd5b:192.168.5.187:40364, cc2ff633-c256-42b3-8ded-7fd88c6ffef3:192.168.5.187:37117, d210e418-bc3f-4a59-9997-0a1dd79a5e4f:192.168.5.187:44122] with ContainerStateMachine:uninitialized
2019-07-13 16:34:34,990 INFO  server.RaftServerConfigKeys (ConfUtils.java:logGet(43)) - raft.server.rpcslowness.timeout = 120s (custom)
2019-07-13 16:34:34,990 INFO  server.RaftServerConfigKeys (ConfUtils.java:logGet(43)) - raft.server.rpc.timeout.min = 5s (custom)
2019-07-13 16:34:34,990 INFO  server.RaftServerConfigKeys (ConfUtils.java:logGet(43)) - raft.server.sleep.deviation.threshold = 300 (default)
2019-07-13 16:34:34,990 INFO  server.RaftServerConfigKeys (ConfUtils.java:logGet(43)) - raft.server.rpc.timeout.max = 5200ms (custom)
2019-07-13 16:34:34,990 INFO  server.RaftServerConfigKeys (ConfUtils.java:logGet(43)) - raft.server.log.appender.install.snapshot.enabled = false (custom)
2019-07-13 16:34:34,990 INFO  server.RaftServerConfigKeys (ConfUtils.java:logGet(43)) - raft.server.rpcslowness.timeout = 120s (custom)
2019-07-13 16:34:34,991 INFO  impl.RaftServerImpl (ServerState.java:<init>(105)) - cc2ff633-c256-42b3-8ded-7fd88c6ffef3:group-522A381D71B0 ConfigurationManager, init=-1: [2220433e-68f2-49b3-b11f-e91f19d4dd5b:192.168.5.187:40364, cc2ff633-c256-42b3-8ded-7fd88c6ffef3:192.168.5.187:37117, d210e418-bc3f-4a59-9997-0a1dd79a5e4f:192.168.5.187:44122], old=null, confs=<EMPTY_MAP>
2019-07-13 16:34:34,991 INFO  server.RaftServerConfigKeys (ConfUtils.java:logGet(43)) - raft.server.sleep.deviation.threshold = 300 (default)
2019-07-13 16:34:34,991 INFO  server.RaftServerConfigKeys (ConfUtils.java:logGet(43)) - raft.server.storage.dir = [/tmp/workdir/hadoop-ozone/integration-test/target/test-dir/MiniOzoneClusterImpl-057be10f-cdfd-47e1-b7d7-538f995da6ce/datanode-0/data/ratis] (custom)
2019-07-13 16:34:34,991 INFO  server.RaftServerConfigKeys (ConfUtils.java:logGet(43)) - raft.server.log.appender.install.snapshot.enabled = false (custom)
2019-07-13 16:34:34,991 INFO  impl.RaftServerImpl (ServerState.java:<init>(105)) - d210e418-bc3f-4a59-9997-0a1dd79a5e4f:group-522A381D71B0 ConfigurationManager, init=-1: [2220433e-68f2-49b3-b11f-e91f19d4dd5b:192.168.5.187:40364, cc2ff633-c256-42b3-8ded-7fd88c6ffef3:192.168.5.187:37117, d210e418-bc3f-4a59-9997-0a1dd79a5e4f:192.168.5.187:44122], old=null, confs=<EMPTY_MAP>
2019-07-13 16:34:34,991 INFO  storage.RaftStorageDirectory (RaftStorageDirectory.java:analyzeStorage(246)) - The storage directory /tmp/workdir/hadoop-ozone/integration-test/target/test-dir/MiniOzoneClusterImpl-057be10f-cdfd-47e1-b7d7-538f995da6ce/datanode-0/data/ratis/6a6e5413-1fca-478c-8b7f-522a381d71b0 does not exist. Creating ...
2019-07-13 16:34:34,992 INFO  server.RaftServerConfigKeys (ConfUtils.java:logGet(43)) - raft.server.storage.dir = [/tmp/workdir/hadoop-ozone/integration-test/target/test-dir/MiniOzoneClusterImpl-057be10f-cdfd-47e1-b7d7-538f995da6ce/datanode-2/data/ratis] (custom)
2019-07-13 16:34:34,992 INFO  storage.RaftStorageDirectory (RaftStorageDirectory.java:analyzeStorage(246)) - The storage directory /tmp/workdir/hadoop-ozone/integration-test/target/test-dir/MiniOzoneClusterImpl-057be10f-cdfd-47e1-b7d7-538f995da6ce/datanode-2/data/ratis/6a6e5413-1fca-478c-8b7f-522a381d71b0 does not exist. Creating ...
2019-07-13 16:34:34,997 INFO  storage.RaftStorageDirectory (RaftStorageDirectory.java:tryLock(328)) - Lock on /tmp/workdir/hadoop-ozone/integration-test/target/test-dir/MiniOzoneClusterImpl-057be10f-cdfd-47e1-b7d7-538f995da6ce/datanode-1/data/ratis/6a6e5413-1fca-478c-8b7f-522a381d71b0/in_use.lock acquired by nodename 30505@trunk-nightly-z92hn-1831959607
2019-07-13 16:34:34,997 INFO  storage.RaftStorageDirectory (RaftStorageDirectory.java:tryLock(328)) - Lock on /tmp/workdir/hadoop-ozone/integration-test/target/test-dir/MiniOzoneClusterImpl-057be10f-cdfd-47e1-b7d7-538f995da6ce/datanode-2/data/ratis/6a6e5413-1fca-478c-8b7f-522a381d71b0/in_use.lock acquired by nodename 30505@trunk-nightly-z92hn-1831959607
2019-07-13 16:34:34,997 INFO  storage.RaftStorageDirectory (RaftStorageDirectory.java:tryLock(328)) - Lock on /tmp/workdir/hadoop-ozone/integration-test/target/test-dir/MiniOzoneClusterImpl-057be10f-cdfd-47e1-b7d7-538f995da6ce/datanode-0/data/ratis/6a6e5413-1fca-478c-8b7f-522a381d71b0/in_use.lock acquired by nodename 30505@trunk-nightly-z92hn-1831959607
2019-07-13 16:34:35,009 INFO  storage.RaftStorage (RaftStorage.java:format(72)) - Storage directory /tmp/workdir/hadoop-ozone/integration-test/target/test-dir/MiniOzoneClusterImpl-057be10f-cdfd-47e1-b7d7-538f995da6ce/datanode-1/data/ratis/6a6e5413-1fca-478c-8b7f-522a381d71b0 has been successfully formatted.
2019-07-13 16:34:35,009 INFO  storage.RaftStorage (RaftStorage.java:format(72)) - Storage directory /tmp/workdir/hadoop-ozone/integration-test/target/test-dir/MiniOzoneClusterImpl-057be10f-cdfd-47e1-b7d7-538f995da6ce/datanode-0/data/ratis/6a6e5413-1fca-478c-8b7f-522a381d71b0 has been successfully formatted.
2019-07-13 16:34:35,009 INFO  storage.RaftStorage (RaftStorage.java:format(72)) - Storage directory /tmp/workdir/hadoop-ozone/integration-test/target/test-dir/MiniOzoneClusterImpl-057be10f-cdfd-47e1-b7d7-538f995da6ce/datanode-2/data/ratis/6a6e5413-1fca-478c-8b7f-522a381d71b0 has been successfully formatted.
2019-07-13 16:34:35,009 INFO  ratis.ContainerStateMachine (ContainerStateMachine.java:loadSnapshot(200)) - The snapshot info is null.Setting the last applied index to:(t:0, i:~)
2019-07-13 16:34:35,009 INFO  ratis.ContainerStateMachine (ContainerStateMachine.java:loadSnapshot(200)) - The snapshot info is null.Setting the last applied index to:(t:0, i:~)
2019-07-13 16:34:35,010 INFO  server.RaftServerConfigKeys (ConfUtils.java:logGet(43)) - raft.server.leader.election.timeout = 120s (custom)
2019-07-13 16:34:35,010 INFO  ratis.ContainerStateMachine (ContainerStateMachine.java:loadSnapshot(200)) - The snapshot info is null.Setting the last applied index to:(t:0, i:~)
2019-07-13 16:34:35,010 INFO  server.RaftServerConfigKeys (ConfUtils.java:logGet(43)) - raft.server.log.use.memory = false (default)
2019-07-13 16:34:35,010 INFO  server.RaftServerConfigKeys (ConfUtils.java:logGet(43)) - raft.server.leader.election.timeout = 120s (custom)
2019-07-13 16:34:35,010 INFO  server.RaftServerConfigKeys (ConfUtils.java:logGet(43)) - raft.server.log.purge.gap = 1000000000 (custom)
2019-07-13 16:34:35,010 INFO  server.RaftServerConfigKeys (ConfUtils.java:logGet(43)) - raft.server.log.appender.buffer.byte-limit = 33554432 (custom)
2019-07-13 16:34:35,010 INFO  server.RaftServerConfigKeys (ConfUtils.java:logGet(43)) - raft.server.leader.election.timeout = 120s (custom)
2019-07-13 16:34:35,011 INFO  server.RaftServerConfigKeys (ConfUtils.java:logGet(43)) - raft.server.log.segment.size.max = 1048576 (custom)
2019-07-13 16:34:35,010 INFO  server.RaftServerConfigKeys (ConfUtils.java:logGet(43)) - raft.server.log.use.memory = false (default)
2019-07-13 16:34:35,011 INFO  server.RaftServerConfigKeys (ConfUtils.java:logGet(43)) - raft.server.log.segment.cache.num.max = 2 (custom)
2019-07-13 16:34:35,011 INFO  server.RaftServerConfigKeys (ConfUtils.java:logGet(43)) - raft.server.log.use.memory = false (default)
2019-07-13 16:34:35,011 INFO  segmented.SegmentedRaftLogWorker (SegmentedRaftLogWorker.java:<init>(172)) - new cc2ff633-c256-42b3-8ded-7fd88c6ffef3-SegmentedRaftLogWorker:Storage Directory /tmp/workdir/hadoop-ozone/integration-test/target/test-dir/MiniOzoneClusterImpl-057be10f-cdfd-47e1-b7d7-538f995da6ce/datanode-0/data/ratis/6a6e5413-1fca-478c-8b7f-522a381d71b0 for RaftStorage:Storage Directory /tmp/workdir/hadoop-ozone/integration-test/target/test-dir/MiniOzoneClusterImpl-057be10f-cdfd-47e1-b7d7-538f995da6ce/datanode-0/data/ratis/6a6e5413-1fca-478c-8b7f-522a381d71b0
2019-07-13 16:34:35,011 INFO  server.RaftServerConfigKeys (ConfUtils.java:logGet(43)) - raft.server.log.purge.gap = 1000000000 (custom)
2019-07-13 16:34:35,012 INFO  server.RaftServerConfigKeys (ConfUtils.java:logGet(43)) - raft.server.log.queue.byte-limit = 2147483647 (custom)
2019-07-13 16:34:35,011 INFO  server.RaftServerConfigKeys (ConfUtils.java:logGet(43)) - raft.server.log.purge.gap = 1000000000 (custom)
2019-07-13 16:34:35,012 INFO  server.RaftServerConfigKeys (ConfUtils.java:logGet(43)) - raft.server.log.queue.element-limit = 1024 (custom)
2019-07-13 16:34:35,012 INFO  server.RaftServerConfigKeys (ConfUtils.java:logGet(43)) - raft.server.log.appender.buffer.byte-limit = 33554432 (custom)
2019-07-13 16:34:35,012 INFO  server.RaftServerConfigKeys (ConfUtils.java:logGet(43)) - raft.server.log.segment.size.max = 1048576 (custom)
2019-07-13 16:34:35,013 INFO  server.RaftServerConfigKeys (ConfUtils.java:logGet(43)) - raft.server.log.preallocated.size = 16384 (custom)
2019-07-13 16:34:35,012 INFO  server.RaftServerConfigKeys (ConfUtils.java:logGet(43)) - raft.server.log.appender.buffer.byte-limit = 33554432 (custom)
2019-07-13 16:34:35,013 INFO  server.RaftServerConfigKeys (ConfUtils.java:logGet(43)) - raft.server.log.write.buffer.size = 33554432 (custom)
2019-07-13 16:34:35,013 INFO  server.RaftServerConfigKeys (ConfUtils.java:logGet(43)) - raft.server.log.force.sync.num = 128 (default)
2019-07-13 16:34:35,012 INFO  server.RaftServerConfigKeys (ConfUtils.java:logGet(43)) - raft.server.log.segment.size.max = 1048576 (custom)
2019-07-13 16:34:35,013 INFO  server.RaftServerConfigKeys (ConfUtils.java:logGet(43)) - raft.server.log.statemachine.data.sync = true (default)
2019-07-13 16:34:35,014 INFO  server.RaftServerConfigKeys (ConfUtils.java:logGet(43)) - raft.server.log.statemachine.data.sync.timeout = 10s (default)
2019-07-13 16:34:35,013 INFO  server.RaftServerConfigKeys (ConfUtils.java:logGet(43)) - raft.server.log.segment.size.max = 1048576 (custom)
2019-07-13 16:34:35,014 INFO  server.RaftServerConfigKeys (ConfUtils.java:logGet(43)) - raft.server.log.statemachine.data.sync.timeout.retry = -1 (default)
2019-07-13 16:34:35,013 INFO  server.RaftServerConfigKeys (ConfUtils.java:logGet(43)) - raft.server.log.segment.cache.num.max = 2 (custom)
2019-07-13 16:34:35,014 INFO  server.RaftServerConfigKeys (ConfUtils.java:logGet(43)) - raft.server.log.statemachine.data.caching.enabled = true (custom)
2019-07-13 16:34:35,014 INFO  server.RaftServerConfigKeys (ConfUtils.java:logGet(43)) - raft.server.log.segment.cache.num.max = 2 (custom)
2019-07-13 16:34:35,014 INFO  segmented.SegmentedRaftLogWorker (SegmentedRaftLogWorker.java:<init>(172)) - new 2220433e-68f2-49b3-b11f-e91f19d4dd5b-SegmentedRaftLogWorker:Storage Directory /tmp/workdir/hadoop-ozone/integration-test/target/test-dir/MiniOzoneClusterImpl-057be10f-cdfd-47e1-b7d7-538f995da6ce/datanode-1/data/ratis/6a6e5413-1fca-478c-8b7f-522a381d71b0 for RaftStorage:Storage Directory /tmp/workdir/hadoop-ozone/integration-test/target/test-dir/MiniOzoneClusterImpl-057be10f-cdfd-47e1-b7d7-538f995da6ce/datanode-1/data/ratis/6a6e5413-1fca-478c-8b7f-522a381d71b0
2019-07-13 16:34:35,015 INFO  segmented.SegmentedRaftLogWorker (SegmentedRaftLogWorker.java:lambda$new$0(132)) - cc2ff633-c256-42b3-8ded-7fd88c6ffef3-SegmentedRaftLogWorker:Storage Directory /tmp/workdir/hadoop-ozone/integration-test/target/test-dir/MiniOzoneClusterImpl-057be10f-cdfd-47e1-b7d7-538f995da6ce/datanode-0/data/ratis/6a6e5413-1fca-478c-8b7f-522a381d71b0: flushIndex: setUnconditionally 0 -> -1
2019-07-13 16:34:35,015 INFO  segmented.SegmentedRaftLogWorker (SegmentedRaftLogWorker.java:<init>(172)) - new d210e418-bc3f-4a59-9997-0a1dd79a5e4f-SegmentedRaftLogWorker:Storage Directory /tmp/workdir/hadoop-ozone/integration-test/target/test-dir/MiniOzoneClusterImpl-057be10f-cdfd-47e1-b7d7-538f995da6ce/datanode-2/data/ratis/6a6e5413-1fca-478c-8b7f-522a381d71b0 for RaftStorage:Storage Directory /tmp/workdir/hadoop-ozone/integration-test/target/test-dir/MiniOzoneClusterImpl-057be10f-cdfd-47e1-b7d7-538f995da6ce/datanode-2/data/ratis/6a6e5413-1fca-478c-8b7f-522a381d71b0
2019-07-13 16:34:35,015 INFO  server.RaftServerConfigKeys (ConfUtils.java:logGet(43)) - raft.server.log.queue.byte-limit = 2147483647 (custom)
2019-07-13 16:34:35,015 INFO  server.RaftServerConfigKeys (ConfUtils.java:logGet(43)) - raft.server.log.queue.byte-limit = 2147483647 (custom)
2019-07-13 16:34:35,015 INFO  server.RaftServerConfigKeys (ConfUtils.java:logGet(43)) - raft.server.log.queue.element-limit = 1024 (custom)
2019-07-13 16:34:35,015 INFO  server.RaftServerConfigKeys (ConfUtils.java:logGet(43)) - raft.server.snapshot.auto.trigger.enabled = true (custom)
2019-07-13 16:34:35,016 INFO  server.RaftServerConfigKeys (ConfUtils.java:logGet(43)) - raft.server.log.segment.size.max = 1048576 (custom)
2019-07-13 16:34:35,016 INFO  server.RaftServerConfigKeys (ConfUtils.java:logGet(43)) - raft.server.log.preallocated.size = 16384 (custom)
2019-07-13 16:34:35,016 INFO  server.RaftServerConfigKeys (ConfUtils.java:logGet(43)) - raft.server.log.queue.element-limit = 1024 (custom)
2019-07-13 16:34:35,016 INFO  server.RaftServerConfigKeys (ConfUtils.java:logGet(43)) - raft.server.log.write.buffer.size = 33554432 (custom)
2019-07-13 16:34:35,017 INFO  server.RaftServerConfigKeys (ConfUtils.java:logGet(43)) - raft.server.log.force.sync.num = 128 (default)
2019-07-13 16:34:35,016 INFO  server.RaftServerConfigKeys (ConfUtils.java:logGet(43)) - raft.server.snapshot.auto.trigger.threshold = 10000 (custom)
2019-07-13 16:34:35,017 INFO  server.RaftServerConfigKeys (ConfUtils.java:logGet(43)) - raft.server.log.statemachine.data.sync = true (default)
2019-07-13 16:34:35,017 INFO  server.RaftServerConfigKeys (ConfUtils.java:logGet(43)) - raft.server.log.statemachine.data.sync.timeout = 10s (default)
2019-07-13 16:34:35,016 INFO  server.RaftServerConfigKeys (ConfUtils.java:logGet(43)) - raft.server.log.segment.size.max = 1048576 (custom)
2019-07-13 16:34:35,017 INFO  server.RaftServerConfigKeys (ConfUtils.java:logGet(43)) - raft.server.log.statemachine.data.sync.timeout.retry = -1 (default)
2019-07-13 16:34:35,017 INFO  server.RaftServerConfigKeys (ConfUtils.java:logGet(43)) - raft.server.retrycache.expirytime = 600000ms (custom)
2019-07-13 16:34:35,018 INFO  server.RaftServerConfigKeys (ConfUtils.java:logGet(43)) - raft.server.log.statemachine.data.caching.enabled = true (custom)
2019-07-13 16:34:35,017 INFO  server.RaftServerConfigKeys (ConfUtils.java:logGet(43)) - raft.server.log.preallocated.size = 16384 (custom)
2019-07-13 16:34:35,018 INFO  segmented.SegmentedRaftLogWorker (SegmentedRaftLogWorker.java:lambda$new$0(132)) - d210e418-bc3f-4a59-9997-0a1dd79a5e4f-SegmentedRaftLogWorker:Storage Directory /tmp/workdir/hadoop-ozone/integration-test/target/test-dir/MiniOzoneClusterImpl-057be10f-cdfd-47e1-b7d7-538f995da6ce/datanode-2/data/ratis/6a6e5413-1fca-478c-8b7f-522a381d71b0: flushIndex: setUnconditionally 0 -> -1
2019-07-13 16:34:35,018 INFO  impl.RaftServerImpl (RaftServerImpl.java:start(180)) - cc2ff633-c256-42b3-8ded-7fd88c6ffef3: start group-522A381D71B0
2019-07-13 16:34:35,018 INFO  server.RaftServerConfigKeys (ConfUtils.java:logGet(43)) - raft.server.log.write.buffer.size = 33554432 (custom)
2019-07-13 16:34:35,019 INFO  server.RaftServerConfigKeys (ConfUtils.java:logGet(43)) - raft.server.snapshot.auto.trigger.enabled = true (custom)
2019-07-13 16:34:35,018 INFO  impl.RaftServerImpl (RaftServerImpl.java:setRole(171)) - cc2ff633-c256-42b3-8ded-7fd88c6ffef3:group-522A381D71B0 changes role from null to FOLLOWER at term 0 for startAsFollower
2019-07-13 16:34:35,019 INFO  server.RaftServerConfigKeys (ConfUtils.java:logGet(43)) - raft.server.snapshot.auto.trigger.threshold = 10000 (custom)
2019-07-13 16:34:35,019 INFO  server.RaftServerConfigKeys (ConfUtils.java:logGet(43)) - raft.server.log.force.sync.num = 128 (default)
2019-07-13 16:34:35,019 INFO  server.RaftServerConfigKeys (ConfUtils.java:logGet(43)) - raft.server.retrycache.expirytime = 600000ms (custom)
2019-07-13 16:34:35,019 INFO  impl.RoleInfo (RoleInfo.java:updateAndGet(143)) - cc2ff633-c256-42b3-8ded-7fd88c6ffef3: start FollowerState
2019-07-13 16:34:35,019 INFO  impl.RaftServerImpl (RaftServerImpl.java:start(180)) - d210e418-bc3f-4a59-9997-0a1dd79a5e4f: start group-522A381D71B0
2019-07-13 16:34:35,020 INFO  impl.RaftServerImpl (RaftServerImpl.java:setRole(171)) - d210e418-bc3f-4a59-9997-0a1dd79a5e4f:group-522A381D71B0 changes role from null to FOLLOWER at term 0 for startAsFollower
2019-07-13 16:34:35,019 INFO  server.RaftServerConfigKeys (ConfUtils.java:logGet(43)) - raft.server.log.statemachine.data.sync = true (default)
2019-07-13 16:34:35,020 INFO  util.JmxRegister (JmxRegister.java:tryRegister(44)) - Successfully registered JMX Bean with object name Ratis:service=RaftServer,group=group-522A381D71B0,id=cc2ff633-c256-42b3-8ded-7fd88c6ffef3
2019-07-13 16:34:35,020 INFO  impl.RoleInfo (RoleInfo.java:updateAndGet(143)) - d210e418-bc3f-4a59-9997-0a1dd79a5e4f: start FollowerState
2019-07-13 16:34:35,020 INFO  server.RaftServerConfigKeys (ConfUtils.java:logGet(43)) - raft.server.log.statemachine.data.sync.timeout = 10s (default)
2019-07-13 16:34:35,021 INFO  server.RaftServerConfigKeys (ConfUtils.java:logGet(43)) - raft.server.log.statemachine.data.sync.timeout.retry = -1 (default)
2019-07-13 16:34:35,021 INFO  util.JmxRegister (JmxRegister.java:tryRegister(44)) - Successfully registered JMX Bean with object name Ratis:service=RaftServer,group=group-522A381D71B0,id=d210e418-bc3f-4a59-9997-0a1dd79a5e4f
2019-07-13 16:34:35,021 INFO  server.RaftServerConfigKeys (ConfUtils.java:logGet(43)) - raft.server.log.statemachine.data.caching.enabled = true (custom)
2019-07-13 16:34:35,021 INFO  segmented.SegmentedRaftLogWorker (SegmentedRaftLogWorker.java:lambda$new$0(132)) - 2220433e-68f2-49b3-b11f-e91f19d4dd5b-SegmentedRaftLogWorker:Storage Directory /tmp/workdir/hadoop-ozone/integration-test/target/test-dir/MiniOzoneClusterImpl-057be10f-cdfd-47e1-b7d7-538f995da6ce/datanode-1/data/ratis/6a6e5413-1fca-478c-8b7f-522a381d71b0: flushIndex: setUnconditionally 0 -> -1
2019-07-13 16:34:35,024 INFO  server.RaftServerConfigKeys (ConfUtils.java:logGet(43)) - raft.server.snapshot.auto.trigger.enabled = true (custom)
2019-07-13 16:34:35,024 INFO  server.RaftServerConfigKeys (ConfUtils.java:logGet(43)) - raft.server.snapshot.auto.trigger.threshold = 10000 (custom)
2019-07-13 16:34:35,027 INFO  server.RaftServerConfigKeys (ConfUtils.java:logGet(43)) - raft.server.retrycache.expirytime = 600000ms (custom)
2019-07-13 16:34:35,027 INFO  impl.RaftServerImpl (RaftServerImpl.java:start(180)) - 2220433e-68f2-49b3-b11f-e91f19d4dd5b: start group-522A381D71B0
2019-07-13 16:34:35,027 INFO  impl.RaftServerImpl (RaftServerImpl.java:setRole(171)) - 2220433e-68f2-49b3-b11f-e91f19d4dd5b:group-522A381D71B0 changes role from null to FOLLOWER at term 0 for startAsFollower
2019-07-13 16:34:35,027 INFO  impl.RoleInfo (RoleInfo.java:updateAndGet(143)) - 2220433e-68f2-49b3-b11f-e91f19d4dd5b: start FollowerState
2019-07-13 16:34:35,028 INFO  util.JmxRegister (JmxRegister.java:tryRegister(44)) - Successfully registered JMX Bean with object name Ratis:service=RaftServer,group=group-522A381D71B0,id=2220433e-68f2-49b3-b11f-e91f19d4dd5b
2019-07-13 16:34:35,040 INFO  pipeline.PipelineStateManager (PipelineStateManager.java:addPipeline(56)) - Created pipeline Pipeline[ Id: 6a6e5413-1fca-478c-8b7f-522a381d71b0, Nodes: cc2ff633-c256-42b3-8ded-7fd88c6ffef3{ip: 192.168.5.187, host: trunk-nightly-z92hn-1831959607, networkLocation: /default-rack, certSerialId: null}2220433e-68f2-49b3-b11f-e91f19d4dd5b{ip: 192.168.5.187, host: trunk-nightly-z92hn-1831959607, networkLocation: /default-rack, certSerialId: null}d210e418-bc3f-4a59-9997-0a1dd79a5e4f{ip: 192.168.5.187, host: trunk-nightly-z92hn-1831959607, networkLocation: /default-rack, certSerialId: null}, Type:RATIS, Factor:THREE, State:OPEN]
2019-07-13 16:34:35,101 INFO  node.SCMNodeManager (SCMNodeManager.java:register(269)) - Registered Data node : 80fdcb8a-4dcf-476b-8901-e3585c02748e{ip: 192.168.5.187, host: trunk-nightly-z92hn-1831959607, networkLocation: /default-rack, certSerialId: null}
2019-07-13 16:34:35,113 INFO  impl.RaftServerProxy (RaftServerProxy.java:addNew(89)) - 80fdcb8a-4dcf-476b-8901-e3585c02748e: addNew group-F1757146BD82:[80fdcb8a-4dcf-476b-8901-e3585c02748e:192.168.5.187:35716] returns group-F1757146BD82:java.util.concurrent.CompletableFuture@4ab303db[Not completed]
2019-07-13 16:34:35,114 INFO  impl.RaftServerImpl (RaftServerImpl.java:<init>(93)) - 80fdcb8a-4dcf-476b-8901-e3585c02748e: new RaftServerImpl for group-F1757146BD82:[80fdcb8a-4dcf-476b-8901-e3585c02748e:192.168.5.187:35716] with ContainerStateMachine:uninitialized
2019-07-13 16:34:35,114 INFO  server.RaftServerConfigKeys (ConfUtils.java:logGet(43)) - raft.server.rpc.timeout.min = 5s (custom)
2019-07-13 16:34:35,114 INFO  server.RaftServerConfigKeys (ConfUtils.java:logGet(43)) - raft.server.rpc.timeout.max = 5200ms (custom)
2019-07-13 16:34:35,114 INFO  server.RaftServerConfigKeys (ConfUtils.java:logGet(43)) - raft.server.rpcslowness.timeout = 120s (custom)
2019-07-13 16:34:35,115 INFO  server.RaftServerConfigKeys (ConfUtils.java:logGet(43)) - raft.server.sleep.deviation.threshold = 300 (default)
2019-07-13 16:34:35,115 INFO  server.RaftServerConfigKeys (ConfUtils.java:logGet(43)) - raft.server.log.appender.install.snapshot.enabled = false (custom)
2019-07-13 16:34:35,115 INFO  impl.RaftServerImpl (ServerState.java:<init>(105)) - 80fdcb8a-4dcf-476b-8901-e3585c02748e:group-F1757146BD82 ConfigurationManager, init=-1: [80fdcb8a-4dcf-476b-8901-e3585c02748e:192.168.5.187:35716], old=null, confs=<EMPTY_MAP>
2019-07-13 16:34:35,115 INFO  server.RaftServerConfigKeys (ConfUtils.java:logGet(43)) - raft.server.storage.dir = [/tmp/workdir/hadoop-ozone/integration-test/target/test-dir/MiniOzoneClusterImpl-057be10f-cdfd-47e1-b7d7-538f995da6ce/datanode-3/data/ratis] (custom)
2019-07-13 16:34:35,116 INFO  storage.RaftStorageDirectory (RaftStorageDirectory.java:analyzeStorage(246)) - The storage directory /tmp/workdir/hadoop-ozone/integration-test/target/test-dir/MiniOzoneClusterImpl-057be10f-cdfd-47e1-b7d7-538f995da6ce/datanode-3/data/ratis/2498674a-5dfa-48a8-84e6-f1757146bd82 does not exist. Creating ...
2019-07-13 16:34:35,138 INFO  storage.RaftStorageDirectory (RaftStorageDirectory.java:tryLock(328)) - Lock on /tmp/workdir/hadoop-ozone/integration-test/target/test-dir/MiniOzoneClusterImpl-057be10f-cdfd-47e1-b7d7-538f995da6ce/datanode-3/data/ratis/2498674a-5dfa-48a8-84e6-f1757146bd82/in_use.lock acquired by nodename 30505@trunk-nightly-z92hn-1831959607
2019-07-13 16:34:35,150 INFO  storage.RaftStorage (RaftStorage.java:format(72)) - Storage directory /tmp/workdir/hadoop-ozone/integration-test/target/test-dir/MiniOzoneClusterImpl-057be10f-cdfd-47e1-b7d7-538f995da6ce/datanode-3/data/ratis/2498674a-5dfa-48a8-84e6-f1757146bd82 has been successfully formatted.
2019-07-13 16:34:35,150 INFO  ratis.ContainerStateMachine (ContainerStateMachine.java:loadSnapshot(200)) - The snapshot info is null.Setting the last applied index to:(t:0, i:~)
2019-07-13 16:34:35,150 INFO  server.RaftServerConfigKeys (ConfUtils.java:logGet(43)) - raft.server.leader.election.timeout = 120s (custom)
2019-07-13 16:34:35,150 INFO  server.RaftServerConfigKeys (ConfUtils.java:logGet(43)) - raft.server.log.use.memory = false (default)
2019-07-13 16:34:35,150 INFO  server.RaftServerConfigKeys (ConfUtils.java:logGet(43)) - raft.server.log.purge.gap = 1000000000 (custom)
2019-07-13 16:34:35,150 INFO  server.RaftServerConfigKeys (ConfUtils.java:logGet(43)) - raft.server.log.appender.buffer.byte-limit = 33554432 (custom)
2019-07-13 16:34:35,151 INFO  server.RaftServerConfigKeys (ConfUtils.java:logGet(43)) - raft.server.log.segment.size.max = 1048576 (custom)
2019-07-13 16:34:35,151 INFO  server.RaftServerConfigKeys (ConfUtils.java:logGet(43)) - raft.server.log.segment.cache.num.max = 2 (custom)
2019-07-13 16:34:35,151 INFO  segmented.SegmentedRaftLogWorker (SegmentedRaftLogWorker.java:<init>(172)) - new 80fdcb8a-4dcf-476b-8901-e3585c02748e-SegmentedRaftLogWorker:Storage Directory /tmp/workdir/hadoop-ozone/integration-test/target/test-dir/MiniOzoneClusterImpl-057be10f-cdfd-47e1-b7d7-538f995da6ce/datanode-3/data/ratis/2498674a-5dfa-48a8-84e6-f1757146bd82 for RaftStorage:Storage Directory /tmp/workdir/hadoop-ozone/integration-test/target/test-dir/MiniOzoneClusterImpl-057be10f-cdfd-47e1-b7d7-538f995da6ce/datanode-3/data/ratis/2498674a-5dfa-48a8-84e6-f1757146bd82
2019-07-13 16:34:35,151 INFO  server.RaftServerConfigKeys (ConfUtils.java:logGet(43)) - raft.server.log.queue.byte-limit = 2147483647 (custom)
2019-07-13 16:34:35,151 INFO  server.RaftServerConfigKeys (ConfUtils.java:logGet(43)) - raft.server.log.queue.element-limit = 1024 (custom)
2019-07-13 16:34:35,152 INFO  server.RaftServerConfigKeys (ConfUtils.java:logGet(43)) - raft.server.log.segment.size.max = 1048576 (custom)
2019-07-13 16:34:35,152 INFO  server.RaftServerConfigKeys (ConfUtils.java:logGet(43)) - raft.server.log.preallocated.size = 16384 (custom)
2019-07-13 16:34:35,152 INFO  server.RaftServerConfigKeys (ConfUtils.java:logGet(43)) - raft.server.log.write.buffer.size = 33554432 (custom)
2019-07-13 16:34:35,152 INFO  server.RaftServerConfigKeys (ConfUtils.java:logGet(43)) - raft.server.log.force.sync.num = 128 (default)
2019-07-13 16:34:35,152 INFO  server.RaftServerConfigKeys (ConfUtils.java:logGet(43)) - raft.server.log.statemachine.data.sync = true (default)
2019-07-13 16:34:35,153 INFO  server.RaftServerConfigKeys (ConfUtils.java:logGet(43)) - raft.server.log.statemachine.data.sync.timeout = 10s (default)
2019-07-13 16:34:35,153 INFO  server.RaftServerConfigKeys (ConfUtils.java:logGet(43)) - raft.server.log.statemachine.data.sync.timeout.retry = -1 (default)
2019-07-13 16:34:35,153 INFO  server.RaftServerConfigKeys (ConfUtils.java:logGet(43)) - raft.server.log.statemachine.data.caching.enabled = true (custom)
2019-07-13 16:34:35,153 INFO  segmented.SegmentedRaftLogWorker (SegmentedRaftLogWorker.java:lambda$new$0(132)) - 80fdcb8a-4dcf-476b-8901-e3585c02748e-SegmentedRaftLogWorker:Storage Directory /tmp/workdir/hadoop-ozone/integration-test/target/test-dir/MiniOzoneClusterImpl-057be10f-cdfd-47e1-b7d7-538f995da6ce/datanode-3/data/ratis/2498674a-5dfa-48a8-84e6-f1757146bd82: flushIndex: setUnconditionally 0 -> -1
2019-07-13 16:34:35,154 INFO  server.RaftServerConfigKeys (ConfUtils.java:logGet(43)) - raft.server.snapshot.auto.trigger.enabled = true (custom)
2019-07-13 16:34:35,154 INFO  server.RaftServerConfigKeys (ConfUtils.java:logGet(43)) - raft.server.snapshot.auto.trigger.threshold = 10000 (custom)
2019-07-13 16:34:35,154 INFO  server.RaftServerConfigKeys (ConfUtils.java:logGet(43)) - raft.server.retrycache.expirytime = 600000ms (custom)
2019-07-13 16:34:35,154 INFO  impl.RaftServerImpl (RaftServerImpl.java:start(180)) - 80fdcb8a-4dcf-476b-8901-e3585c02748e: start group-F1757146BD82
2019-07-13 16:34:35,154 INFO  impl.RaftServerImpl (RaftServerImpl.java:setRole(171)) - 80fdcb8a-4dcf-476b-8901-e3585c02748e:group-F1757146BD82 changes role from null to FOLLOWER at term 0 for startAsFollower
2019-07-13 16:34:35,155 INFO  impl.RoleInfo (RoleInfo.java:updateAndGet(143)) - 80fdcb8a-4dcf-476b-8901-e3585c02748e: start FollowerState
2019-07-13 16:34:35,155 INFO  util.JmxRegister (JmxRegister.java:tryRegister(44)) - Successfully registered JMX Bean with object name Ratis:service=RaftServer,group=group-F1757146BD82,id=80fdcb8a-4dcf-476b-8901-e3585c02748e
2019-07-13 16:34:35,160 INFO  pipeline.PipelineStateManager (PipelineStateManager.java:addPipeline(56)) - Created pipeline Pipeline[ Id: 2498674a-5dfa-48a8-84e6-f1757146bd82, Nodes: 80fdcb8a-4dcf-476b-8901-e3585c02748e{ip: 192.168.5.187, host: trunk-nightly-z92hn-1831959607, networkLocation: /default-rack, certSerialId: null}, Type:RATIS, Factor:ONE, State:OPEN]
2019-07-13 16:34:35,314 INFO  node.SCMNodeManager (SCMNodeManager.java:register(269)) - Registered Data node : 64d8d0d8-69cb-4bd4-87b3-5f7337c18ef9{ip: 192.168.5.187, host: trunk-nightly-z92hn-1831959607, networkLocation: /default-rack, certSerialId: null}
2019-07-13 16:34:35,327 INFO  impl.RaftServerProxy (RaftServerProxy.java:addNew(89)) - 64d8d0d8-69cb-4bd4-87b3-5f7337c18ef9: addNew group-F08183A72607:[64d8d0d8-69cb-4bd4-87b3-5f7337c18ef9:192.168.5.187:36693] returns group-F08183A72607:java.util.concurrent.CompletableFuture@21bd7ea2[Not completed]
2019-07-13 16:34:35,328 INFO  impl.RaftServerImpl (RaftServerImpl.java:<init>(93)) - 64d8d0d8-69cb-4bd4-87b3-5f7337c18ef9: new RaftServerImpl for group-F08183A72607:[64d8d0d8-69cb-4bd4-87b3-5f7337c18ef9:192.168.5.187:36693] with ContainerStateMachine:uninitialized
2019-07-13 16:34:35,328 INFO  server.RaftServerConfigKeys (ConfUtils.java:logGet(43)) - raft.server.rpc.timeout.min = 5s (custom)
2019-07-13 16:34:35,329 INFO  server.RaftServerConfigKeys (ConfUtils.java:logGet(43)) - raft.server.rpc.timeout.max = 5200ms (custom)
2019-07-13 16:34:35,329 INFO  server.RaftServerConfigKeys (ConfUtils.java:logGet(43)) - raft.server.rpcslowness.timeout = 120s (custom)
2019-07-13 16:34:35,329 INFO  server.RaftServerConfigKeys (ConfUtils.java:logGet(43)) - raft.server.sleep.deviation.threshold = 300 (default)
2019-07-13 16:34:35,329 INFO  server.RaftServerConfigKeys (ConfUtils.java:logGet(43)) - raft.server.log.appender.install.snapshot.enabled = false (custom)
2019-07-13 16:34:35,329 INFO  impl.RaftServerImpl (ServerState.java:<init>(105)) - 64d8d0d8-69cb-4bd4-87b3-5f7337c18ef9:group-F08183A72607 ConfigurationManager, init=-1: [64d8d0d8-69cb-4bd4-87b3-5f7337c18ef9:192.168.5.187:36693], old=null, confs=<EMPTY_MAP>
2019-07-13 16:34:35,329 INFO  server.RaftServerConfigKeys (ConfUtils.java:logGet(43)) - raft.server.storage.dir = [/tmp/workdir/hadoop-ozone/integration-test/target/test-dir/MiniOzoneClusterImpl-057be10f-cdfd-47e1-b7d7-538f995da6ce/datanode-4/data/ratis] (custom)
2019-07-13 16:34:35,330 INFO  storage.RaftStorageDirectory (RaftStorageDirectory.java:analyzeStorage(246)) - The storage directory /tmp/workdir/hadoop-ozone/integration-test/target/test-dir/MiniOzoneClusterImpl-057be10f-cdfd-47e1-b7d7-538f995da6ce/datanode-4/data/ratis/efe6797a-f313-4d75-af06-f08183a72607 does not exist. Creating ...
2019-07-13 16:34:35,345 INFO  storage.RaftStorageDirectory (RaftStorageDirectory.java:tryLock(328)) - Lock on /tmp/workdir/hadoop-ozone/integration-test/target/test-dir/MiniOzoneClusterImpl-057be10f-cdfd-47e1-b7d7-538f995da6ce/datanode-4/data/ratis/efe6797a-f313-4d75-af06-f08183a72607/in_use.lock acquired by nodename 30505@trunk-nightly-z92hn-1831959607
2019-07-13 16:34:35,356 INFO  storage.RaftStorage (RaftStorage.java:format(72)) - Storage directory /tmp/workdir/hadoop-ozone/integration-test/target/test-dir/MiniOzoneClusterImpl-057be10f-cdfd-47e1-b7d7-538f995da6ce/datanode-4/data/ratis/efe6797a-f313-4d75-af06-f08183a72607 has been successfully formatted.
2019-07-13 16:34:35,357 INFO  ratis.ContainerStateMachine (ContainerStateMachine.java:loadSnapshot(200)) - The snapshot info is null.Setting the last applied index to:(t:0, i:~)
2019-07-13 16:34:35,357 INFO  server.RaftServerConfigKeys (ConfUtils.java:logGet(43)) - raft.server.leader.election.timeout = 120s (custom)
2019-07-13 16:34:35,357 INFO  server.RaftServerConfigKeys (ConfUtils.java:logGet(43)) - raft.server.log.use.memory = false (default)
2019-07-13 16:34:35,357 INFO  server.RaftServerConfigKeys (ConfUtils.java:logGet(43)) - raft.server.log.purge.gap = 1000000000 (custom)
2019-07-13 16:34:35,357 INFO  server.RaftServerConfigKeys (ConfUtils.java:logGet(43)) - raft.server.log.appender.buffer.byte-limit = 33554432 (custom)
2019-07-13 16:34:35,357 INFO  server.RaftServerConfigKeys (ConfUtils.java:logGet(43)) - raft.server.log.segment.size.max = 1048576 (custom)
2019-07-13 16:34:35,358 INFO  server.RaftServerConfigKeys (ConfUtils.java:logGet(43)) - raft.server.log.segment.cache.num.max = 2 (custom)
2019-07-13 16:34:35,358 INFO  segmented.SegmentedRaftLogWorker (SegmentedRaftLogWorker.java:<init>(172)) - new 64d8d0d8-69cb-4bd4-87b3-5f7337c18ef9-SegmentedRaftLogWorker:Storage Directory /tmp/workdir/hadoop-ozone/integration-test/target/test-dir/MiniOzoneClusterImpl-057be10f-cdfd-47e1-b7d7-538f995da6ce/datanode-4/data/ratis/efe6797a-f313-4d75-af06-f08183a72607 for RaftStorage:Storage Directory /tmp/workdir/hadoop-ozone/integration-test/target/test-dir/MiniOzoneClusterImpl-057be10f-cdfd-47e1-b7d7-538f995da6ce/datanode-4/data/ratis/efe6797a-f313-4d75-af06-f08183a72607
2019-07-13 16:34:35,358 INFO  server.RaftServerConfigKeys (ConfUtils.java:logGet(43)) - raft.server.log.queue.byte-limit = 2147483647 (custom)
2019-07-13 16:34:35,358 INFO  server.RaftServerConfigKeys (ConfUtils.java:logGet(43)) - raft.server.log.queue.element-limit = 1024 (custom)
2019-07-13 16:34:35,358 INFO  server.RaftServerConfigKeys (ConfUtils.java:logGet(43)) - raft.server.log.segment.size.max = 1048576 (custom)
2019-07-13 16:34:35,358 INFO  server.RaftServerConfigKeys (ConfUtils.java:logGet(43)) - raft.server.log.preallocated.size = 16384 (custom)
2019-07-13 16:34:35,359 INFO  server.RaftServerConfigKeys (ConfUtils.java:logGet(43)) - raft.server.log.write.buffer.size = 33554432 (custom)
2019-07-13 16:34:35,359 INFO  server.RaftServerConfigKeys (ConfUtils.java:logGet(43)) - raft.server.log.force.sync.num = 128 (default)
2019-07-13 16:34:35,359 INFO  server.RaftServerConfigKeys (ConfUtils.java:logGet(43)) - raft.server.log.statemachine.data.sync = true (default)
2019-07-13 16:34:35,359 INFO  server.RaftServerConfigKeys (ConfUtils.java:logGet(43)) - raft.server.log.statemachine.data.sync.timeout = 10s (default)
2019-07-13 16:34:35,359 INFO  server.RaftServerConfigKeys (ConfUtils.java:logGet(43)) - raft.server.log.statemachine.data.sync.timeout.retry = -1 (default)
2019-07-13 16:34:35,360 INFO  server.RaftServerConfigKeys (ConfUtils.java:logGet(43)) - raft.server.log.statemachine.data.caching.enabled = true (custom)
2019-07-13 16:34:35,360 INFO  segmented.SegmentedRaftLogWorker (SegmentedRaftLogWorker.java:lambda$new$0(132)) - 64d8d0d8-69cb-4bd4-87b3-5f7337c18ef9-SegmentedRaftLogWorker:Storage Directory /tmp/workdir/hadoop-ozone/integration-test/target/test-dir/MiniOzoneClusterImpl-057be10f-cdfd-47e1-b7d7-538f995da6ce/datanode-4/data/ratis/efe6797a-f313-4d75-af06-f08183a72607: flushIndex: setUnconditionally 0 -> -1
2019-07-13 16:34:35,360 INFO  server.RaftServerConfigKeys (ConfUtils.java:logGet(43)) - raft.server.snapshot.auto.trigger.enabled = true (custom)
2019-07-13 16:34:35,360 INFO  server.RaftServerConfigKeys (ConfUtils.java:logGet(43)) - raft.server.snapshot.auto.trigger.threshold = 10000 (custom)
2019-07-13 16:34:35,361 INFO  server.RaftServerConfigKeys (ConfUtils.java:logGet(43)) - raft.server.retrycache.expirytime = 600000ms (custom)
2019-07-13 16:34:35,361 INFO  impl.RaftServerImpl (RaftServerImpl.java:start(180)) - 64d8d0d8-69cb-4bd4-87b3-5f7337c18ef9: start group-F08183A72607
2019-07-13 16:34:35,361 INFO  impl.RaftServerImpl (RaftServerImpl.java:setRole(171)) - 64d8d0d8-69cb-4bd4-87b3-5f7337c18ef9:group-F08183A72607 changes role from null to FOLLOWER at term 0 for startAsFollower
2019-07-13 16:34:35,361 INFO  impl.RoleInfo (RoleInfo.java:updateAndGet(143)) - 64d8d0d8-69cb-4bd4-87b3-5f7337c18ef9: start FollowerState
2019-07-13 16:34:35,362 INFO  util.JmxRegister (JmxRegister.java:tryRegister(44)) - Successfully registered JMX Bean with object name Ratis:service=RaftServer,group=group-F08183A72607,id=64d8d0d8-69cb-4bd4-87b3-5f7337c18ef9
2019-07-13 16:34:35,366 INFO  pipeline.PipelineStateManager (PipelineStateManager.java:addPipeline(56)) - Created pipeline Pipeline[ Id: efe6797a-f313-4d75-af06-f08183a72607, Nodes: 64d8d0d8-69cb-4bd4-87b3-5f7337c18ef9{ip: 192.168.5.187, host: trunk-nightly-z92hn-1831959607, networkLocation: /default-rack, certSerialId: null}, Type:RATIS, Factor:ONE, State:OPEN]
2019-07-13 16:34:35,487 INFO  node.SCMNodeManager (SCMNodeManager.java:register(269)) - Registered Data node : 0d8de9e7-9fe7-4911-8019-c6c2c0b14636{ip: 192.168.5.187, host: trunk-nightly-z92hn-1831959607, networkLocation: /default-rack, certSerialId: null}
2019-07-13 16:34:35,499 INFO  impl.RaftServerProxy (RaftServerProxy.java:addNew(89)) - 0d8de9e7-9fe7-4911-8019-c6c2c0b14636: addNew group-6B05DC5B3B02:[0d8de9e7-9fe7-4911-8019-c6c2c0b14636:192.168.5.187:36713] returns group-6B05DC5B3B02:java.util.concurrent.CompletableFuture@47ce5006[Not completed]
2019-07-13 16:34:35,500 INFO  impl.RaftServerImpl (RaftServerImpl.java:<init>(93)) - 0d8de9e7-9fe7-4911-8019-c6c2c0b14636: new RaftServerImpl for group-6B05DC5B3B02:[0d8de9e7-9fe7-4911-8019-c6c2c0b14636:192.168.5.187:36713] with ContainerStateMachine:uninitialized
2019-07-13 16:34:35,500 INFO  server.RaftServerConfigKeys (ConfUtils.java:logGet(43)) - raft.server.rpc.timeout.min = 5s (custom)
2019-07-13 16:34:35,500 INFO  server.RaftServerConfigKeys (ConfUtils.java:logGet(43)) - raft.server.rpc.timeout.max = 5200ms (custom)
2019-07-13 16:34:35,500 INFO  server.RaftServerConfigKeys (ConfUtils.java:logGet(43)) - raft.server.rpcslowness.timeout = 120s (custom)
2019-07-13 16:34:35,501 INFO  server.RaftServerConfigKeys (ConfUtils.java:logGet(43)) - raft.server.sleep.deviation.threshold = 300 (default)
2019-07-13 16:34:35,501 INFO  server.RaftServerConfigKeys (ConfUtils.java:logGet(43)) - raft.server.log.appender.install.snapshot.enabled = false (custom)
2019-07-13 16:34:35,501 INFO  impl.RaftServerImpl (ServerState.java:<init>(105)) - 0d8de9e7-9fe7-4911-8019-c6c2c0b14636:group-6B05DC5B3B02 ConfigurationManager, init=-1: [0d8de9e7-9fe7-4911-8019-c6c2c0b14636:192.168.5.187:36713], old=null, confs=<EMPTY_MAP>
2019-07-13 16:34:35,501 INFO  server.RaftServerConfigKeys (ConfUtils.java:logGet(43)) - raft.server.storage.dir = [/tmp/workdir/hadoop-ozone/integration-test/target/test-dir/MiniOzoneClusterImpl-057be10f-cdfd-47e1-b7d7-538f995da6ce/datanode-5/data/ratis] (custom)
2019-07-13 16:34:35,502 INFO  storage.RaftStorageDirectory (RaftStorageDirectory.java:analyzeStorage(246)) - The storage directory /tmp/workdir/hadoop-ozone/integration-test/target/test-dir/MiniOzoneClusterImpl-057be10f-cdfd-47e1-b7d7-538f995da6ce/datanode-5/data/ratis/b3f5314d-6a58-4d9e-9d04-6b05dc5b3b02 does not exist. Creating ...
2019-07-13 16:34:35,513 INFO  storage.RaftStorageDirectory (RaftStorageDirectory.java:tryLock(328)) - Lock on /tmp/workdir/hadoop-ozone/integration-test/target/test-dir/MiniOzoneClusterImpl-057be10f-cdfd-47e1-b7d7-538f995da6ce/datanode-5/data/ratis/b3f5314d-6a58-4d9e-9d04-6b05dc5b3b02/in_use.lock acquired by nodename 30505@trunk-nightly-z92hn-1831959607
2019-07-13 16:34:35,533 INFO  storage.RaftStorage (RaftStorage.java:format(72)) - Storage directory /tmp/workdir/hadoop-ozone/integration-test/target/test-dir/MiniOzoneClusterImpl-057be10f-cdfd-47e1-b7d7-538f995da6ce/datanode-5/data/ratis/b3f5314d-6a58-4d9e-9d04-6b05dc5b3b02 has been successfully formatted.
2019-07-13 16:34:35,533 INFO  ratis.ContainerStateMachine (ContainerStateMachine.java:loadSnapshot(200)) - The snapshot info is null.Setting the last applied index to:(t:0, i:~)
2019-07-13 16:34:35,533 INFO  server.RaftServerConfigKeys (ConfUtils.java:logGet(43)) - raft.server.leader.election.timeout = 120s (custom)
2019-07-13 16:34:35,533 INFO  server.RaftServerConfigKeys (ConfUtils.java:logGet(43)) - raft.server.log.use.memory = false (default)
2019-07-13 16:34:35,534 INFO  server.RaftServerConfigKeys (ConfUtils.java:logGet(43)) - raft.server.log.purge.gap = 1000000000 (custom)
2019-07-13 16:34:35,534 INFO  server.RaftServerConfigKeys (ConfUtils.java:logGet(43)) - raft.server.log.appender.buffer.byte-limit = 33554432 (custom)
2019-07-13 16:34:35,534 INFO  server.RaftServerConfigKeys (ConfUtils.java:logGet(43)) - raft.server.log.segment.size.max = 1048576 (custom)
2019-07-13 16:34:35,534 INFO  server.RaftServerConfigKeys (ConfUtils.java:logGet(43)) - raft.server.log.segment.cache.num.max = 2 (custom)
2019-07-13 16:34:35,534 INFO  segmented.SegmentedRaftLogWorker (SegmentedRaftLogWorker.java:<init>(172)) - new 0d8de9e7-9fe7-4911-8019-c6c2c0b14636-SegmentedRaftLogWorker:Storage Directory /tmp/workdir/hadoop-ozone/integration-test/target/test-dir/MiniOzoneClusterImpl-057be10f-cdfd-47e1-b7d7-538f995da6ce/datanode-5/data/ratis/b3f5314d-6a58-4d9e-9d04-6b05dc5b3b02 for RaftStorage:Storage Directory /tmp/workdir/hadoop-ozone/integration-test/target/test-dir/MiniOzoneClusterImpl-057be10f-cdfd-47e1-b7d7-538f995da6ce/datanode-5/data/ratis/b3f5314d-6a58-4d9e-9d04-6b05dc5b3b02
2019-07-13 16:34:35,535 INFO  server.RaftServerConfigKeys (ConfUtils.java:logGet(43)) - raft.server.log.queue.byte-limit = 2147483647 (custom)
2019-07-13 16:34:35,535 INFO  server.RaftServerConfigKeys (ConfUtils.java:logGet(43)) - raft.server.log.queue.element-limit = 1024 (custom)
2019-07-13 16:34:35,535 INFO  server.RaftServerConfigKeys (ConfUtils.java:logGet(43)) - raft.server.log.segment.size.max = 1048576 (custom)
2019-07-13 16:34:35,535 INFO  server.RaftServerConfigKeys (ConfUtils.java:logGet(43)) - raft.server.log.preallocated.size = 16384 (custom)
2019-07-13 16:34:35,535 INFO  server.RaftServerConfigKeys (ConfUtils.java:logGet(43)) - raft.server.log.write.buffer.size = 33554432 (custom)
2019-07-13 16:34:35,535 INFO  server.RaftServerConfigKeys (ConfUtils.java:logGet(43)) - raft.server.log.force.sync.num = 128 (default)
2019-07-13 16:34:35,536 INFO  server.RaftServerConfigKeys (ConfUtils.java:logGet(43)) - raft.server.log.statemachine.data.sync = true (default)
2019-07-13 16:34:35,536 INFO  server.RaftServerConfigKeys (ConfUtils.java:logGet(43)) - raft.server.log.statemachine.data.sync.timeout = 10s (default)
2019-07-13 16:34:35,536 INFO  server.RaftServerConfigKeys (ConfUtils.java:logGet(43)) - raft.server.log.statemachine.data.sync.timeout.retry = -1 (default)
2019-07-13 16:34:35,536 INFO  server.RaftServerConfigKeys (ConfUtils.java:logGet(43)) - raft.server.log.statemachine.data.caching.enabled = true (custom)
2019-07-13 16:34:35,537 INFO  segmented.SegmentedRaftLogWorker (SegmentedRaftLogWorker.java:lambda$new$0(132)) - 0d8de9e7-9fe7-4911-8019-c6c2c0b14636-SegmentedRaftLogWorker:Storage Directory /tmp/workdir/hadoop-ozone/integration-test/target/test-dir/MiniOzoneClusterImpl-057be10f-cdfd-47e1-b7d7-538f995da6ce/datanode-5/data/ratis/b3f5314d-6a58-4d9e-9d04-6b05dc5b3b02: flushIndex: setUnconditionally 0 -> -1
2019-07-13 16:34:35,537 INFO  server.RaftServerConfigKeys (ConfUtils.java:logGet(43)) - raft.server.snapshot.auto.trigger.enabled = true (custom)
2019-07-13 16:34:35,537 INFO  server.RaftServerConfigKeys (ConfUtils.java:logGet(43)) - raft.server.snapshot.auto.trigger.threshold = 10000 (custom)
2019-07-13 16:34:35,537 INFO  server.RaftServerConfigKeys (ConfUtils.java:logGet(43)) - raft.server.retrycache.expirytime = 600000ms (custom)
2019-07-13 16:34:35,537 INFO  impl.RaftServerImpl (RaftServerImpl.java:start(180)) - 0d8de9e7-9fe7-4911-8019-c6c2c0b14636: start group-6B05DC5B3B02
2019-07-13 16:34:35,538 INFO  impl.RaftServerImpl (RaftServerImpl.java:setRole(171)) - 0d8de9e7-9fe7-4911-8019-c6c2c0b14636:group-6B05DC5B3B02 changes role from null to FOLLOWER at term 0 for startAsFollower
2019-07-13 16:34:35,538 INFO  impl.RoleInfo (RoleInfo.java:updateAndGet(143)) - 0d8de9e7-9fe7-4911-8019-c6c2c0b14636: start FollowerState
2019-07-13 16:34:35,538 INFO  util.JmxRegister (JmxRegister.java:tryRegister(44)) - Successfully registered JMX Bean with object name Ratis:service=RaftServer,group=group-6B05DC5B3B02,id=0d8de9e7-9fe7-4911-8019-c6c2c0b14636
2019-07-13 16:34:35,543 INFO  pipeline.PipelineStateManager (PipelineStateManager.java:addPipeline(56)) - Created pipeline Pipeline[ Id: b3f5314d-6a58-4d9e-9d04-6b05dc5b3b02, Nodes: 0d8de9e7-9fe7-4911-8019-c6c2c0b14636{ip: 192.168.5.187, host: trunk-nightly-z92hn-1831959607, networkLocation: /default-rack, certSerialId: null}, Type:RATIS, Factor:ONE, State:OPEN]
2019-07-13 16:34:35,566 INFO  impl.RaftServerProxy (RaftServerProxy.java:addNew(89)) - 80fdcb8a-4dcf-476b-8901-e3585c02748e: addNew group-F3DEBDE82E42:[0d8de9e7-9fe7-4911-8019-c6c2c0b14636:192.168.5.187:36713, 64d8d0d8-69cb-4bd4-87b3-5f7337c18ef9:192.168.5.187:36693, 80fdcb8a-4dcf-476b-8901-e3585c02748e:192.168.5.187:35716] returns group-F3DEBDE82E42:java.util.concurrent.CompletableFuture@37c825d5[Not completed]
2019-07-13 16:34:35,566 INFO  impl.RaftServerProxy (RaftServerProxy.java:addNew(89)) - 0d8de9e7-9fe7-4911-8019-c6c2c0b14636: addNew group-F3DEBDE82E42:[0d8de9e7-9fe7-4911-8019-c6c2c0b14636:192.168.5.187:36713, 64d8d0d8-69cb-4bd4-87b3-5f7337c18ef9:192.168.5.187:36693, 80fdcb8a-4dcf-476b-8901-e3585c02748e:192.168.5.187:35716] returns group-F3DEBDE82E42:java.util.concurrent.CompletableFuture@2c79c368[Not completed]
2019-07-13 16:34:35,566 INFO  impl.RaftServerProxy (RaftServerProxy.java:addNew(89)) - 64d8d0d8-69cb-4bd4-87b3-5f7337c18ef9: addNew group-F3DEBDE82E42:[0d8de9e7-9fe7-4911-8019-c6c2c0b14636:192.168.5.187:36713, 64d8d0d8-69cb-4bd4-87b3-5f7337c18ef9:192.168.5.187:36693, 80fdcb8a-4dcf-476b-8901-e3585c02748e:192.168.5.187:35716] returns group-F3DEBDE82E42:java.util.concurrent.CompletableFuture@6e89edab[Not completed]
2019-07-13 16:34:35,567 INFO  impl.RaftServerImpl (RaftServerImpl.java:<init>(93)) - 80fdcb8a-4dcf-476b-8901-e3585c02748e: new RaftServerImpl for group-F3DEBDE82E42:[0d8de9e7-9fe7-4911-8019-c6c2c0b14636:192.168.5.187:36713, 64d8d0d8-69cb-4bd4-87b3-5f7337c18ef9:192.168.5.187:36693, 80fdcb8a-4dcf-476b-8901-e3585c02748e:192.168.5.187:35716] with ContainerStateMachine:uninitialized
2019-07-13 16:34:35,567 INFO  server.RaftServerConfigKeys (ConfUtils.java:logGet(43)) - raft.server.rpc.timeout.min = 5s (custom)
2019-07-13 16:34:35,568 INFO  server.RaftServerConfigKeys (ConfUtils.java:logGet(43)) - raft.server.rpc.timeout.max = 5200ms (custom)
2019-07-13 16:34:35,568 INFO  server.RaftServerConfigKeys (ConfUtils.java:logGet(43)) - raft.server.rpcslowness.timeout = 120s (custom)
2019-07-13 16:34:35,568 INFO  server.RaftServerConfigKeys (ConfUtils.java:logGet(43)) - raft.server.sleep.deviation.threshold = 300 (default)
2019-07-13 16:34:35,568 INFO  impl.RaftServerImpl (RaftServerImpl.java:<init>(93)) - 64d8d0d8-69cb-4bd4-87b3-5f7337c18ef9: new RaftServerImpl for group-F3DEBDE82E42:[0d8de9e7-9fe7-4911-8019-c6c2c0b14636:192.168.5.187:36713, 64d8d0d8-69cb-4bd4-87b3-5f7337c18ef9:192.168.5.187:36693, 80fdcb8a-4dcf-476b-8901-e3585c02748e:192.168.5.187:35716] with ContainerStateMachine:uninitialized
2019-07-13 16:34:35,568 INFO  server.RaftServerConfigKeys (ConfUtils.java:logGet(43)) - raft.server.log.appender.install.snapshot.enabled = false (custom)
2019-07-13 16:34:35,568 INFO  server.RaftServerConfigKeys (ConfUtils.java:logGet(43)) - raft.server.rpc.timeout.min = 5s (custom)
2019-07-13 16:34:35,568 INFO  impl.RaftServerImpl (RaftServerImpl.java:<init>(93)) - 0d8de9e7-9fe7-4911-8019-c6c2c0b14636: new RaftServerImpl for group-F3DEBDE82E42:[0d8de9e7-9fe7-4911-8019-c6c2c0b14636:192.168.5.187:36713, 64d8d0d8-69cb-4bd4-87b3-5f7337c18ef9:192.168.5.187:36693, 80fdcb8a-4dcf-476b-8901-e3585c02748e:192.168.5.187:35716] with ContainerStateMachine:uninitialized
2019-07-13 16:34:35,568 INFO  impl.RaftServerImpl (ServerState.java:<init>(105)) - 80fdcb8a-4dcf-476b-8901-e3585c02748e:group-F3DEBDE82E42 ConfigurationManager, init=-1: [0d8de9e7-9fe7-4911-8019-c6c2c0b14636:192.168.5.187:36713, 64d8d0d8-69cb-4bd4-87b3-5f7337c18ef9:192.168.5.187:36693, 80fdcb8a-4dcf-476b-8901-e3585c02748e:192.168.5.187:35716], old=null, confs=<EMPTY_MAP>
2019-07-13 16:34:35,569 INFO  server.RaftServerConfigKeys (ConfUtils.java:logGet(43)) - raft.server.rpc.timeout.min = 5s (custom)
2019-07-13 16:34:35,569 INFO  server.RaftServerConfigKeys (ConfUtils.java:logGet(43)) - raft.server.rpc.timeout.max = 5200ms (custom)
2019-07-13 16:34:35,569 INFO  server.RaftServerConfigKeys (ConfUtils.java:logGet(43)) - raft.server.rpc.timeout.max = 5200ms (custom)
2019-07-13 16:34:35,569 INFO  server.RaftServerConfigKeys (ConfUtils.java:logGet(43)) - raft.server.storage.dir = [/tmp/workdir/hadoop-ozone/integration-test/target/test-dir/MiniOzoneClusterImpl-057be10f-cdfd-47e1-b7d7-538f995da6ce/datanode-3/data/ratis] (custom)
2019-07-13 16:34:35,569 INFO  server.RaftServerConfigKeys (ConfUtils.java:logGet(43)) - raft.server.rpcslowness.timeout = 120s (custom)
2019-07-13 16:34:35,569 INFO  server.RaftServerConfigKeys (ConfUtils.java:logGet(43)) - raft.server.rpcslowness.timeout = 120s (custom)
2019-07-13 16:34:35,570 INFO  storage.RaftStorageDirectory (RaftStorageDirectory.java:analyzeStorage(246)) - The storage directory /tmp/workdir/hadoop-ozone/integration-test/target/test-dir/MiniOzoneClusterImpl-057be10f-cdfd-47e1-b7d7-538f995da6ce/datanode-3/data/ratis/e3239f62-6903-4561-98ed-f3debde82e42 does not exist. Creating ...
2019-07-13 16:34:35,570 INFO  server.RaftServerConfigKeys (ConfUtils.java:logGet(43)) - raft.server.sleep.deviation.threshold = 300 (default)
2019-07-13 16:34:35,570 INFO  server.RaftServerConfigKeys (ConfUtils.java:logGet(43)) - raft.server.sleep.deviation.threshold = 300 (default)
2019-07-13 16:34:35,570 INFO  server.RaftServerConfigKeys (ConfUtils.java:logGet(43)) - raft.server.log.appender.install.snapshot.enabled = false (custom)
2019-07-13 16:34:35,570 INFO  server.RaftServerConfigKeys (ConfUtils.java:logGet(43)) - raft.server.log.appender.install.snapshot.enabled = false (custom)
2019-07-13 16:34:35,570 INFO  impl.RaftServerImpl (ServerState.java:<init>(105)) - 0d8de9e7-9fe7-4911-8019-c6c2c0b14636:group-F3DEBDE82E42 ConfigurationManager, init=-1: [0d8de9e7-9fe7-4911-8019-c6c2c0b14636:192.168.5.187:36713, 64d8d0d8-69cb-4bd4-87b3-5f7337c18ef9:192.168.5.187:36693, 80fdcb8a-4dcf-476b-8901-e3585c02748e:192.168.5.187:35716], old=null, confs=<EMPTY_MAP>
2019-07-13 16:34:35,570 INFO  impl.RaftServerImpl (ServerState.java:<init>(105)) - 64d8d0d8-69cb-4bd4-87b3-5f7337c18ef9:group-F3DEBDE82E42 ConfigurationManager, init=-1: [0d8de9e7-9fe7-4911-8019-c6c2c0b14636:192.168.5.187:36713, 64d8d0d8-69cb-4bd4-87b3-5f7337c18ef9:192.168.5.187:36693, 80fdcb8a-4dcf-476b-8901-e3585c02748e:192.168.5.187:35716], old=null, confs=<EMPTY_MAP>
2019-07-13 16:34:35,571 INFO  server.RaftServerConfigKeys (ConfUtils.java:logGet(43)) - raft.server.storage.dir = [/tmp/workdir/hadoop-ozone/integration-test/target/test-dir/MiniOzoneClusterImpl-057be10f-cdfd-47e1-b7d7-538f995da6ce/datanode-5/data/ratis] (custom)
2019-07-13 16:34:35,571 INFO  server.RaftServerConfigKeys (ConfUtils.java:logGet(43)) - raft.server.storage.dir = [/tmp/workdir/hadoop-ozone/integration-test/target/test-dir/MiniOzoneClusterImpl-057be10f-cdfd-47e1-b7d7-538f995da6ce/datanode-4/data/ratis] (custom)
2019-07-13 16:34:35,571 INFO  storage.RaftStorageDirectory (RaftStorageDirectory.java:analyzeStorage(246)) - The storage directory /tmp/workdir/hadoop-ozone/integration-test/target/test-dir/MiniOzoneClusterImpl-057be10f-cdfd-47e1-b7d7-538f995da6ce/datanode-5/data/ratis/e3239f62-6903-4561-98ed-f3debde82e42 does not exist. Creating ...
2019-07-13 16:34:35,571 INFO  storage.RaftStorageDirectory (RaftStorageDirectory.java:analyzeStorage(246)) - The storage directory /tmp/workdir/hadoop-ozone/integration-test/target/test-dir/MiniOzoneClusterImpl-057be10f-cdfd-47e1-b7d7-538f995da6ce/datanode-4/data/ratis/e3239f62-6903-4561-98ed-f3debde82e42 does not exist. Creating ...
2019-07-13 16:34:35,585 INFO  storage.RaftStorageDirectory (RaftStorageDirectory.java:tryLock(328)) - Lock on /tmp/workdir/hadoop-ozone/integration-test/target/test-dir/MiniOzoneClusterImpl-057be10f-cdfd-47e1-b7d7-538f995da6ce/datanode-4/data/ratis/e3239f62-6903-4561-98ed-f3debde82e42/in_use.lock acquired by nodename 30505@trunk-nightly-z92hn-1831959607
2019-07-13 16:34:35,585 INFO  storage.RaftStorageDirectory (RaftStorageDirectory.java:tryLock(328)) - Lock on /tmp/workdir/hadoop-ozone/integration-test/target/test-dir/MiniOzoneClusterImpl-057be10f-cdfd-47e1-b7d7-538f995da6ce/datanode-5/data/ratis/e3239f62-6903-4561-98ed-f3debde82e42/in_use.lock acquired by nodename 30505@trunk-nightly-z92hn-1831959607
2019-07-13 16:34:35,585 INFO  storage.RaftStorageDirectory (RaftStorageDirectory.java:tryLock(328)) - Lock on /tmp/workdir/hadoop-ozone/integration-test/target/test-dir/MiniOzoneClusterImpl-057be10f-cdfd-47e1-b7d7-538f995da6ce/datanode-3/data/ratis/e3239f62-6903-4561-98ed-f3debde82e42/in_use.lock acquired by nodename 30505@trunk-nightly-z92hn-1831959607
2019-07-13 16:34:35,589 INFO  storage.RaftStorage (RaftStorage.java:format(72)) - Storage directory /tmp/workdir/hadoop-ozone/integration-test/target/test-dir/MiniOzoneClusterImpl-057be10f-cdfd-47e1-b7d7-538f995da6ce/datanode-5/data/ratis/e3239f62-6903-4561-98ed-f3debde82e42 has been successfully formatted.
2019-07-13 16:34:35,589 INFO  storage.RaftStorage (RaftStorage.java:format(72)) - Storage directory /tmp/workdir/hadoop-ozone/integration-test/target/test-dir/MiniOzoneClusterImpl-057be10f-cdfd-47e1-b7d7-538f995da6ce/datanode-4/data/ratis/e3239f62-6903-4561-98ed-f3debde82e42 has been successfully formatted.
2019-07-13 16:34:35,589 INFO  storage.RaftStorage (RaftStorage.java:format(72)) - Storage directory /tmp/workdir/hadoop-ozone/integration-test/target/test-dir/MiniOzoneClusterImpl-057be10f-cdfd-47e1-b7d7-538f995da6ce/datanode-3/data/ratis/e3239f62-6903-4561-98ed-f3debde82e42 has been successfully formatted.
2019-07-13 16:34:35,590 INFO  ratis.ContainerStateMachine (ContainerStateMachine.java:loadSnapshot(200)) - The snapshot info is null.Setting the last applied index to:(t:0, i:~)
2019-07-13 16:34:35,590 INFO  ratis.ContainerStateMachine (ContainerStateMachine.java:loadSnapshot(200)) - The snapshot info is null.Setting the last applied index to:(t:0, i:~)
2019-07-13 16:34:35,590 INFO  server.RaftServerConfigKeys (ConfUtils.java:logGet(43)) - raft.server.leader.election.timeout = 120s (custom)
2019-07-13 16:34:35,590 INFO  ratis.ContainerStateMachine (ContainerStateMachine.java:loadSnapshot(200)) - The snapshot info is null.Setting the last applied index to:(t:0, i:~)
2019-07-13 16:34:35,590 INFO  server.RaftServerConfigKeys (ConfUtils.java:logGet(43)) - raft.server.log.use.memory = false (default)
2019-07-13 16:34:35,590 INFO  server.RaftServerConfigKeys (ConfUtils.java:logGet(43)) - raft.server.leader.election.timeout = 120s (custom)
2019-07-13 16:34:35,591 INFO  server.RaftServerConfigKeys (ConfUtils.java:logGet(43)) - raft.server.log.purge.gap = 1000000000 (custom)
2019-07-13 16:34:35,591 INFO  server.RaftServerConfigKeys (ConfUtils.java:logGet(43)) - raft.server.log.appender.buffer.byte-limit = 33554432 (custom)
2019-07-13 16:34:35,591 INFO  server.RaftServerConfigKeys (ConfUtils.java:logGet(43)) - raft.server.leader.election.timeout = 120s (custom)
2019-07-13 16:34:35,591 INFO  server.RaftServerConfigKeys (ConfUtils.java:logGet(43)) - raft.server.log.segment.size.max = 1048576 (custom)
2019-07-13 16:34:35,591 INFO  server.RaftServerConfigKeys (ConfUtils.java:logGet(43)) - raft.server.log.use.memory = false (default)
2019-07-13 16:34:35,591 INFO  server.RaftServerConfigKeys (ConfUtils.java:logGet(43)) - raft.server.log.segment.cache.num.max = 2 (custom)
2019-07-13 16:34:35,591 INFO  server.RaftServerConfigKeys (ConfUtils.java:logGet(43)) - raft.server.log.use.memory = false (default)
2019-07-13 16:34:35,592 INFO  segmented.SegmentedRaftLogWorker (SegmentedRaftLogWorker.java:<init>(172)) - new 64d8d0d8-69cb-4bd4-87b3-5f7337c18ef9-SegmentedRaftLogWorker:Storage Directory /tmp/workdir/hadoop-ozone/integration-test/target/test-dir/MiniOzoneClusterImpl-057be10f-cdfd-47e1-b7d7-538f995da6ce/datanode-4/data/ratis/e3239f62-6903-4561-98ed-f3debde82e42 for RaftStorage:Storage Directory /tmp/workdir/hadoop-ozone/integration-test/target/test-dir/MiniOzoneClusterImpl-057be10f-cdfd-47e1-b7d7-538f995da6ce/datanode-4/data/ratis/e3239f62-6903-4561-98ed-f3debde82e42
2019-07-13 16:34:35,592 INFO  server.RaftServerConfigKeys (ConfUtils.java:logGet(43)) - raft.server.log.purge.gap = 1000000000 (custom)
2019-07-13 16:34:35,592 INFO  server.RaftServerConfigKeys (ConfUtils.java:logGet(43)) - raft.server.log.queue.byte-limit = 2147483647 (custom)
2019-07-13 16:34:35,592 INFO  server.RaftServerConfigKeys (ConfUtils.java:logGet(43)) - raft.server.log.queue.element-limit = 1024 (custom)
2019-07-13 16:34:35,592 INFO  server.RaftServerConfigKeys (ConfUtils.java:logGet(43)) - raft.server.log.purge.gap = 1000000000 (custom)
2019-07-13 16:34:35,593 INFO  server.RaftServerConfigKeys (ConfUtils.java:logGet(43)) - raft.server.log.segment.size.max = 1048576 (custom)
2019-07-13 16:34:35,592 INFO  server.RaftServerConfigKeys (ConfUtils.java:logGet(43)) - raft.server.log.appender.buffer.byte-limit = 33554432 (custom)
2019-07-13 16:34:35,593 INFO  server.RaftServerConfigKeys (ConfUtils.java:logGet(43)) - raft.server.log.preallocated.size = 16384 (custom)
2019-07-13 16:34:35,593 INFO  server.RaftServerConfigKeys (ConfUtils.java:logGet(43)) - raft.server.log.appender.buffer.byte-limit = 33554432 (custom)
2019-07-13 16:34:35,593 INFO  server.RaftServerConfigKeys (ConfUtils.java:logGet(43)) - raft.server.log.write.buffer.size = 33554432 (custom)
2019-07-13 16:34:35,593 INFO  server.RaftServerConfigKeys (ConfUtils.java:logGet(43)) - raft.server.log.segment.size.max = 1048576 (custom)
2019-07-13 16:34:35,594 INFO  server.RaftServerConfigKeys (ConfUtils.java:logGet(43)) - raft.server.log.force.sync.num = 128 (default)
2019-07-13 16:34:35,593 INFO  server.RaftServerConfigKeys (ConfUtils.java:logGet(43)) - raft.server.log.segment.size.max = 1048576 (custom)
2019-07-13 16:34:35,594 INFO  server.RaftServerConfigKeys (ConfUtils.java:logGet(43)) - raft.server.log.statemachine.data.sync = true (default)
2019-07-13 16:34:35,594 INFO  server.RaftServerConfigKeys (ConfUtils.java:logGet(43)) - raft.server.log.segment.cache.num.max = 2 (custom)
2019-07-13 16:34:35,594 INFO  server.RaftServerConfigKeys (ConfUtils.java:logGet(43)) - raft.server.log.statemachine.data.sync.timeout = 10s (default)
2019-07-13 16:34:35,594 INFO  server.RaftServerConfigKeys (ConfUtils.java:logGet(43)) - raft.server.log.statemachine.data.sync.timeout.retry = -1 (default)
2019-07-13 16:34:35,594 INFO  server.RaftServerConfigKeys (ConfUtils.java:logGet(43)) - raft.server.log.segment.cache.num.max = 2 (custom)
2019-07-13 16:34:35,595 INFO  server.RaftServerConfigKeys (ConfUtils.java:logGet(43)) - raft.server.log.statemachine.data.caching.enabled = true (custom)
2019-07-13 16:34:35,594 INFO  segmented.SegmentedRaftLogWorker (SegmentedRaftLogWorker.java:<init>(172)) - new 0d8de9e7-9fe7-4911-8019-c6c2c0b14636-SegmentedRaftLogWorker:Storage Directory /tmp/workdir/hadoop-ozone/integration-test/target/test-dir/MiniOzoneClusterImpl-057be10f-cdfd-47e1-b7d7-538f995da6ce/datanode-5/data/ratis/e3239f62-6903-4561-98ed-f3debde82e42 for RaftStorage:Storage Directory /tmp/workdir/hadoop-ozone/integration-test/target/test-dir/MiniOzoneClusterImpl-057be10f-cdfd-47e1-b7d7-538f995da6ce/datanode-5/data/ratis/e3239f62-6903-4561-98ed-f3debde82e42
2019-07-13 16:34:35,595 INFO  segmented.SegmentedRaftLogWorker (SegmentedRaftLogWorker.java:<init>(172)) - new 80fdcb8a-4dcf-476b-8901-e3585c02748e-SegmentedRaftLogWorker:Storage Directory /tmp/workdir/hadoop-ozone/integration-test/target/test-dir/MiniOzoneClusterImpl-057be10f-cdfd-47e1-b7d7-538f995da6ce/datanode-3/data/ratis/e3239f62-6903-4561-98ed-f3debde82e42 for RaftStorage:Storage Directory /tmp/workdir/hadoop-ozone/integration-test/target/test-dir/MiniOzoneClusterImpl-057be10f-cdfd-47e1-b7d7-538f995da6ce/datanode-3/data/ratis/e3239f62-6903-4561-98ed-f3debde82e42
2019-07-13 16:34:35,595 INFO  segmented.SegmentedRaftLogWorker (SegmentedRaftLogWorker.java:lambda$new$0(132)) - 64d8d0d8-69cb-4bd4-87b3-5f7337c18ef9-SegmentedRaftLogWorker:Storage Directory /tmp/workdir/hadoop-ozone/integration-test/target/test-dir/MiniOzoneClusterImpl-057be10f-cdfd-47e1-b7d7-538f995da6ce/datanode-4/data/ratis/e3239f62-6903-4561-98ed-f3debde82e42: flushIndex: setUnconditionally 0 -> -1
2019-07-13 16:34:35,595 INFO  server.RaftServerConfigKeys (ConfUtils.java:logGet(43)) - raft.server.log.queue.byte-limit = 2147483647 (custom)
2019-07-13 16:34:35,595 INFO  server.RaftServerConfigKeys (ConfUtils.java:logGet(43)) - raft.server.log.queue.byte-limit = 2147483647 (custom)
2019-07-13 16:34:35,596 INFO  server.RaftServerConfigKeys (ConfUtils.java:logGet(43)) - raft.server.snapshot.auto.trigger.enabled = true (custom)
2019-07-13 16:34:35,596 INFO  server.RaftServerConfigKeys (ConfUtils.java:logGet(43)) - raft.server.log.queue.element-limit = 1024 (custom)
2019-07-13 16:34:35,596 INFO  server.RaftServerConfigKeys (ConfUtils.java:logGet(43)) - raft.server.snapshot.auto.trigger.threshold = 10000 (custom)
2019-07-13 16:34:35,596 INFO  server.RaftServerConfigKeys (ConfUtils.java:logGet(43)) - raft.server.log.queue.element-limit = 1024 (custom)
2019-07-13 16:34:35,596 INFO  server.RaftServerConfigKeys (ConfUtils.java:logGet(43)) - raft.server.retrycache.expirytime = 600000ms (custom)
2019-07-13 16:34:35,596 INFO  server.RaftServerConfigKeys (ConfUtils.java:logGet(43)) - raft.server.log.segment.size.max = 1048576 (custom)
2019-07-13 16:34:35,596 INFO  impl.RaftServerImpl (RaftServerImpl.java:start(180)) - 64d8d0d8-69cb-4bd4-87b3-5f7337c18ef9: start group-F3DEBDE82E42
2019-07-13 16:34:35,596 INFO  server.RaftServerConfigKeys (ConfUtils.java:logGet(43)) - raft.server.log.segment.size.max = 1048576 (custom)
2019-07-13 16:34:35,597 INFO  impl.RaftServerImpl (RaftServerImpl.java:setRole(171)) - 64d8d0d8-69cb-4bd4-87b3-5f7337c18ef9:group-F3DEBDE82E42 changes role from null to FOLLOWER at term 0 for startAsFollower
2019-07-13 16:34:35,597 INFO  server.RaftServerConfigKeys (ConfUtils.java:logGet(43)) - raft.server.log.preallocated.size = 16384 (custom)
2019-07-13 16:34:35,597 INFO  impl.RoleInfo (RoleInfo.java:updateAndGet(143)) - 64d8d0d8-69cb-4bd4-87b3-5f7337c18ef9: start FollowerState
2019-07-13 16:34:35,597 INFO  server.RaftServerConfigKeys (ConfUtils.java:logGet(43)) - raft.server.log.preallocated.size = 16384 (custom)
2019-07-13 16:34:35,597 INFO  server.RaftServerConfigKeys (ConfUtils.java:logGet(43)) - raft.server.log.write.buffer.size = 33554432 (custom)
2019-07-13 16:34:35,598 INFO  util.JmxRegister (JmxRegister.java:tryRegister(44)) - Successfully registered JMX Bean with object name Ratis:service=RaftServer,group=group-F3DEBDE82E42,id=64d8d0d8-69cb-4bd4-87b3-5f7337c18ef9
2019-07-13 16:34:35,597 INFO  server.RaftServerConfigKeys (ConfUtils.java:logGet(43)) - raft.server.log.write.buffer.size = 33554432 (custom)
2019-07-13 16:34:35,598 INFO  server.RaftServerConfigKeys (ConfUtils.java:logGet(43)) - raft.server.log.force.sync.num = 128 (default)
2019-07-13 16:34:35,598 INFO  server.RaftServerConfigKeys (ConfUtils.java:logGet(43)) - raft.server.log.force.sync.num = 128 (default)
2019-07-13 16:34:35,598 INFO  server.RaftServerConfigKeys (ConfUtils.java:logGet(43)) - raft.server.log.statemachine.data.sync = true (default)
2019-07-13 16:34:35,598 INFO  server.RaftServerConfigKeys (ConfUtils.java:logGet(43)) - raft.server.log.statemachine.data.sync = true (default)
2019-07-13 16:34:35,598 INFO  server.RaftServerConfigKeys (ConfUtils.java:logGet(43)) - raft.server.log.statemachine.data.sync.timeout = 10s (default)
2019-07-13 16:34:35,599 INFO  server.RaftServerConfigKeys (ConfUtils.java:logGet(43)) - raft.server.log.statemachine.data.sync.timeout = 10s (default)
2019-07-13 16:34:35,599 INFO  server.RaftServerConfigKeys (ConfUtils.java:logGet(43)) - raft.server.log.statemachine.data.sync.timeout.retry = -1 (default)
2019-07-13 16:34:35,599 INFO  server.RaftServerConfigKeys (ConfUtils.java:logGet(43)) - raft.server.log.statemachine.data.sync.timeout.retry = -1 (default)
2019-07-13 16:34:35,601 INFO  server.RaftServerConfigKeys (ConfUtils.java:logGet(43)) - raft.server.log.statemachine.data.caching.enabled = true (custom)
2019-07-13 16:34:35,602 INFO  server.RaftServerConfigKeys (ConfUtils.java:logGet(43)) - raft.server.log.statemachine.data.caching.enabled = true (custom)
2019-07-13 16:34:35,602 INFO  segmented.SegmentedRaftLogWorker (SegmentedRaftLogWorker.java:lambda$new$0(132)) - 0d8de9e7-9fe7-4911-8019-c6c2c0b14636-SegmentedRaftLogWorker:Storage Directory /tmp/workdir/hadoop-ozone/integration-test/target/test-dir/MiniOzoneClusterImpl-057be10f-cdfd-47e1-b7d7-538f995da6ce/datanode-5/data/ratis/e3239f62-6903-4561-98ed-f3debde82e42: flushIndex: setUnconditionally 0 -> -1
2019-07-13 16:34:35,602 INFO  segmented.SegmentedRaftLogWorker (SegmentedRaftLogWorker.java:lambda$new$0(132)) - 80fdcb8a-4dcf-476b-8901-e3585c02748e-SegmentedRaftLogWorker:Storage Directory /tmp/workdir/hadoop-ozone/integration-test/target/test-dir/MiniOzoneClusterImpl-057be10f-cdfd-47e1-b7d7-538f995da6ce/datanode-3/data/ratis/e3239f62-6903-4561-98ed-f3debde82e42: flushIndex: setUnconditionally 0 -> -1
2019-07-13 16:34:35,602 INFO  server.RaftServerConfigKeys (ConfUtils.java:logGet(43)) - raft.server.snapshot.auto.trigger.enabled = true (custom)
2019-07-13 16:34:35,603 INFO  server.RaftServerConfigKeys (ConfUtils.java:logGet(43)) - raft.server.snapshot.auto.trigger.threshold = 10000 (custom)
2019-07-13 16:34:35,603 INFO  server.RaftServerConfigKeys (ConfUtils.java:logGet(43)) - raft.server.snapshot.auto.trigger.enabled = true (custom)
2019-07-13 16:34:35,603 INFO  server.RaftServerConfigKeys (ConfUtils.java:logGet(43)) - raft.server.retrycache.expirytime = 600000ms (custom)
2019-07-13 16:34:35,603 INFO  server.RaftServerConfigKeys (ConfUtils.java:logGet(43)) - raft.server.snapshot.auto.trigger.threshold = 10000 (custom)
2019-07-13 16:34:35,603 INFO  impl.RaftServerImpl (RaftServerImpl.java:start(180)) - 0d8de9e7-9fe7-4911-8019-c6c2c0b14636: start group-F3DEBDE82E42
2019-07-13 16:34:35,603 INFO  server.RaftServerConfigKeys (ConfUtils.java:logGet(43)) - raft.server.retrycache.expirytime = 600000ms (custom)
2019-07-13 16:34:35,603 INFO  impl.RaftServerImpl (RaftServerImpl.java:setRole(171)) - 0d8de9e7-9fe7-4911-8019-c6c2c0b14636:group-F3DEBDE82E42 changes role from null to FOLLOWER at term 0 for startAsFollower
2019-07-13 16:34:35,603 INFO  impl.RaftServerImpl (RaftServerImpl.java:start(180)) - 80fdcb8a-4dcf-476b-8901-e3585c02748e: start group-F3DEBDE82E42
2019-07-13 16:34:35,604 INFO  impl.RoleInfo (RoleInfo.java:updateAndGet(143)) - 0d8de9e7-9fe7-4911-8019-c6c2c0b14636: start FollowerState
2019-07-13 16:34:35,604 INFO  impl.RaftServerImpl (RaftServerImpl.java:setRole(171)) - 80fdcb8a-4dcf-476b-8901-e3585c02748e:group-F3DEBDE82E42 changes role from null to FOLLOWER at term 0 for startAsFollower
2019-07-13 16:34:35,604 INFO  impl.RoleInfo (RoleInfo.java:updateAndGet(143)) - 80fdcb8a-4dcf-476b-8901-e3585c02748e: start FollowerState
2019-07-13 16:34:35,604 INFO  util.JmxRegister (JmxRegister.java:tryRegister(44)) - Successfully registered JMX Bean with object name Ratis:service=RaftServer,group=group-F3DEBDE82E42,id=0d8de9e7-9fe7-4911-8019-c6c2c0b14636
2019-07-13 16:34:35,604 INFO  util.JmxRegister (JmxRegister.java:tryRegister(44)) - Successfully registered JMX Bean with object name Ratis:service=RaftServer,group=group-F3DEBDE82E42,id=80fdcb8a-4dcf-476b-8901-e3585c02748e
2019-07-13 16:34:35,612 INFO  pipeline.PipelineStateManager (PipelineStateManager.java:addPipeline(56)) - Created pipeline Pipeline[ Id: e3239f62-6903-4561-98ed-f3debde82e42, Nodes: 0d8de9e7-9fe7-4911-8019-c6c2c0b14636{ip: 192.168.5.187, host: trunk-nightly-z92hn-1831959607, networkLocation: /default-rack, certSerialId: null}80fdcb8a-4dcf-476b-8901-e3585c02748e{ip: 192.168.5.187, host: trunk-nightly-z92hn-1831959607, networkLocation: /default-rack, certSerialId: null}64d8d0d8-69cb-4bd4-87b3-5f7337c18ef9{ip: 192.168.5.187, host: trunk-nightly-z92hn-1831959607, networkLocation: /default-rack, certSerialId: null}, Type:RATIS, Factor:THREE, State:OPEN]
2019-07-13 16:34:35,660 INFO  ozone.MiniOzoneClusterImpl (MiniOzoneClusterImpl.java:lambda$waitForClusterToBeReady$0(142)) - Waiting for cluster to be ready. Got 6 of 7 DN Heartbeats.
2019-07-13 16:34:35,660 INFO  node.SCMNodeManager (SCMNodeManager.java:register(269)) - Registered Data node : 9cdddb5d-8f3a-464c-a422-38eea483236b{ip: 192.168.5.187, host: trunk-nightly-z92hn-1831959607, networkLocation: /default-rack, certSerialId: null}
2019-07-13 16:34:35,681 INFO  impl.RaftServerProxy (RaftServerProxy.java:addNew(89)) - 9cdddb5d-8f3a-464c-a422-38eea483236b: addNew group-0FA2369CFB42:[9cdddb5d-8f3a-464c-a422-38eea483236b:192.168.5.187:39021] returns group-0FA2369CFB42:java.util.concurrent.CompletableFuture@345912ec[Not completed]
2019-07-13 16:34:35,683 INFO  impl.RaftServerImpl (RaftServerImpl.java:<init>(93)) - 9cdddb5d-8f3a-464c-a422-38eea483236b: new RaftServerImpl for group-0FA2369CFB42:[9cdddb5d-8f3a-464c-a422-38eea483236b:192.168.5.187:39021] with ContainerStateMachine:uninitialized
2019-07-13 16:34:35,683 INFO  server.RaftServerConfigKeys (ConfUtils.java:logGet(43)) - raft.server.rpc.timeout.min = 5s (custom)
2019-07-13 16:34:35,683 INFO  server.RaftServerConfigKeys (ConfUtils.java:logGet(43)) - raft.server.rpc.timeout.max = 5200ms (custom)
2019-07-13 16:34:35,683 INFO  server.RaftServerConfigKeys (ConfUtils.java:logGet(43)) - raft.server.rpcslowness.timeout = 120s (custom)
2019-07-13 16:34:35,683 INFO  server.RaftServerConfigKeys (ConfUtils.java:logGet(43)) - raft.server.sleep.deviation.threshold = 300 (default)
2019-07-13 16:34:35,683 INFO  server.RaftServerConfigKeys (ConfUtils.java:logGet(43)) - raft.server.log.appender.install.snapshot.enabled = false (custom)
2019-07-13 16:34:35,684 INFO  impl.RaftServerImpl (ServerState.java:<init>(105)) - 9cdddb5d-8f3a-464c-a422-38eea483236b:group-0FA2369CFB42 ConfigurationManager, init=-1: [9cdddb5d-8f3a-464c-a422-38eea483236b:192.168.5.187:39021], old=null, confs=<EMPTY_MAP>
2019-07-13 16:34:35,684 INFO  server.RaftServerConfigKeys (ConfUtils.java:logGet(43)) - raft.server.storage.dir = [/tmp/workdir/hadoop-ozone/integration-test/target/test-dir/MiniOzoneClusterImpl-057be10f-cdfd-47e1-b7d7-538f995da6ce/datanode-6/data/ratis] (custom)
2019-07-13 16:34:35,684 INFO  storage.RaftStorageDirectory (RaftStorageDirectory.java:analyzeStorage(246)) - The storage directory /tmp/workdir/hadoop-ozone/integration-test/target/test-dir/MiniOzoneClusterImpl-057be10f-cdfd-47e1-b7d7-538f995da6ce/datanode-6/data/ratis/6179ae5e-958d-45aa-a9bf-0fa2369cfb42 does not exist. Creating ...
2019-07-13 16:34:35,698 INFO  storage.RaftStorageDirectory (RaftStorageDirectory.java:tryLock(328)) - Lock on /tmp/workdir/hadoop-ozone/integration-test/target/test-dir/MiniOzoneClusterImpl-057be10f-cdfd-47e1-b7d7-538f995da6ce/datanode-6/data/ratis/6179ae5e-958d-45aa-a9bf-0fa2369cfb42/in_use.lock acquired by nodename 30505@trunk-nightly-z92hn-1831959607
2019-07-13 16:34:35,702 INFO  storage.RaftStorage (RaftStorage.java:format(72)) - Storage directory /tmp/workdir/hadoop-ozone/integration-test/target/test-dir/MiniOzoneClusterImpl-057be10f-cdfd-47e1-b7d7-538f995da6ce/datanode-6/data/ratis/6179ae5e-958d-45aa-a9bf-0fa2369cfb42 has been successfully formatted.
2019-07-13 16:34:35,702 INFO  ratis.ContainerStateMachine (ContainerStateMachine.java:loadSnapshot(200)) - The snapshot info is null.Setting the last applied index to:(t:0, i:~)
2019-07-13 16:34:35,702 INFO  server.RaftServerConfigKeys (ConfUtils.java:logGet(43)) - raft.server.leader.election.timeout = 120s (custom)
2019-07-13 16:34:35,702 INFO  server.RaftServerConfigKeys (ConfUtils.java:logGet(43)) - raft.server.log.use.memory = false (default)
2019-07-13 16:34:35,702 INFO  server.RaftServerConfigKeys (ConfUtils.java:logGet(43)) - raft.server.log.purge.gap = 1000000000 (custom)
2019-07-13 16:34:35,703 INFO  server.RaftServerConfigKeys (ConfUtils.java:logGet(43)) - raft.server.log.appender.buffer.byte-limit = 33554432 (custom)
2019-07-13 16:34:35,703 INFO  server.RaftServerConfigKeys (ConfUtils.java:logGet(43)) - raft.server.log.segment.size.max = 1048576 (custom)
2019-07-13 16:34:35,703 INFO  server.RaftServerConfigKeys (ConfUtils.java:logGet(43)) - raft.server.log.segment.cache.num.max = 2 (custom)
2019-07-13 16:34:35,703 INFO  segmented.SegmentedRaftLogWorker (SegmentedRaftLogWorker.java:<init>(172)) - new 9cdddb5d-8f3a-464c-a422-38eea483236b-SegmentedRaftLogWorker:Storage Directory /tmp/workdir/hadoop-ozone/integration-test/target/test-dir/MiniOzoneClusterImpl-057be10f-cdfd-47e1-b7d7-538f995da6ce/datanode-6/data/ratis/6179ae5e-958d-45aa-a9bf-0fa2369cfb42 for RaftStorage:Storage Directory /tmp/workdir/hadoop-ozone/integration-test/target/test-dir/MiniOzoneClusterImpl-057be10f-cdfd-47e1-b7d7-538f995da6ce/datanode-6/data/ratis/6179ae5e-958d-45aa-a9bf-0fa2369cfb42
2019-07-13 16:34:35,703 INFO  server.RaftServerConfigKeys (ConfUtils.java:logGet(43)) - raft.server.log.queue.byte-limit = 2147483647 (custom)
2019-07-13 16:34:35,703 INFO  server.RaftServerConfigKeys (ConfUtils.java:logGet(43)) - raft.server.log.queue.element-limit = 1024 (custom)
2019-07-13 16:34:35,704 INFO  server.RaftServerConfigKeys (ConfUtils.java:logGet(43)) - raft.server.log.segment.size.max = 1048576 (custom)
2019-07-13 16:34:35,704 INFO  server.RaftServerConfigKeys (ConfUtils.java:logGet(43)) - raft.server.log.preallocated.size = 16384 (custom)
2019-07-13 16:34:35,704 INFO  server.RaftServerConfigKeys (ConfUtils.java:logGet(43)) - raft.server.log.write.buffer.size = 33554432 (custom)
2019-07-13 16:34:35,704 INFO  server.RaftServerConfigKeys (ConfUtils.java:logGet(43)) - raft.server.log.force.sync.num = 128 (default)
2019-07-13 16:34:35,704 INFO  server.RaftServerConfigKeys (ConfUtils.java:logGet(43)) - raft.server.log.statemachine.data.sync = true (default)
2019-07-13 16:34:35,704 INFO  server.RaftServerConfigKeys (ConfUtils.java:logGet(43)) - raft.server.log.statemachine.data.sync.timeout = 10s (default)
2019-07-13 16:34:35,705 INFO  server.RaftServerConfigKeys (ConfUtils.java:logGet(43)) - raft.server.log.statemachine.data.sync.timeout.retry = -1 (default)
2019-07-13 16:34:35,705 INFO  server.RaftServerConfigKeys (ConfUtils.java:logGet(43)) - raft.server.log.statemachine.data.caching.enabled = true (custom)
2019-07-13 16:34:35,705 INFO  segmented.SegmentedRaftLogWorker (SegmentedRaftLogWorker.java:lambda$new$0(132)) - 9cdddb5d-8f3a-464c-a422-38eea483236b-SegmentedRaftLogWorker:Storage Directory /tmp/workdir/hadoop-ozone/integration-test/target/test-dir/MiniOzoneClusterImpl-057be10f-cdfd-47e1-b7d7-538f995da6ce/datanode-6/data/ratis/6179ae5e-958d-45aa-a9bf-0fa2369cfb42: flushIndex: setUnconditionally 0 -> -1
2019-07-13 16:34:35,706 INFO  server.RaftServerConfigKeys (ConfUtils.java:logGet(43)) - raft.server.snapshot.auto.trigger.enabled = true (custom)
2019-07-13 16:34:35,706 INFO  server.RaftServerConfigKeys (ConfUtils.java:logGet(43)) - raft.server.snapshot.auto.trigger.threshold = 10000 (custom)
2019-07-13 16:34:35,706 INFO  server.RaftServerConfigKeys (ConfUtils.java:logGet(43)) - raft.server.retrycache.expirytime = 600000ms (custom)
2019-07-13 16:34:35,706 INFO  impl.RaftServerImpl (RaftServerImpl.java:start(180)) - 9cdddb5d-8f3a-464c-a422-38eea483236b: start group-0FA2369CFB42
2019-07-13 16:34:35,706 INFO  impl.RaftServerImpl (RaftServerImpl.java:setRole(171)) - 9cdddb5d-8f3a-464c-a422-38eea483236b:group-0FA2369CFB42 changes role from null to FOLLOWER at term 0 for startAsFollower
2019-07-13 16:34:35,707 INFO  impl.RoleInfo (RoleInfo.java:updateAndGet(143)) - 9cdddb5d-8f3a-464c-a422-38eea483236b: start FollowerState
2019-07-13 16:34:35,707 INFO  util.JmxRegister (JmxRegister.java:tryRegister(44)) - Successfully registered JMX Bean with object name Ratis:service=RaftServer,group=group-0FA2369CFB42,id=9cdddb5d-8f3a-464c-a422-38eea483236b
2019-07-13 16:34:35,711 INFO  pipeline.PipelineStateManager (PipelineStateManager.java:addPipeline(56)) - Created pipeline Pipeline[ Id: 6179ae5e-958d-45aa-a9bf-0fa2369cfb42, Nodes: 9cdddb5d-8f3a-464c-a422-38eea483236b{ip: 192.168.5.187, host: trunk-nightly-z92hn-1831959607, networkLocation: /default-rack, certSerialId: null}, Type:RATIS, Factor:ONE, State:OPEN]
2019-07-13 16:34:36,661 INFO  ozone.MiniOzoneClusterImpl (MiniOzoneClusterImpl.java:lambda$waitForClusterToBeReady$0(142)) - Cluster is ready. Got 7 of 7 DN Heartbeats.
2019-07-13 16:34:36,728 INFO  rpc.RpcClient (RpcClient.java:createVolume(287)) - Creating Volume: testblockoutputstream, with jenkins1000 as owner.
2019-07-13 16:34:36,753 INFO  rpc.RpcClient (RpcClient.java:createBucket(424)) - Creating Bucket: testblockoutputstream/testblockoutputstream, with Versioning false and Storage Type set to DISK and Encryption set to false 
2019-07-13 16:34:36,781 INFO  client.GrpcClientProtocolClient (GrpcClientProtocolClient.java:onNext(255)) - client-79CEE0236AFC->0d8de9e7-9fe7-4911-8019-c6c2c0b14636: receive RaftClientReply:client-79CEE0236AFC->0d8de9e7-9fe7-4911-8019-c6c2c0b14636@group-6B05DC5B3B02, cid=140, FAILED org.apache.ratis.protocol.NotLeaderException: Server 0d8de9e7-9fe7-4911-8019-c6c2c0b14636 is not the leader (null). Request must be sent to leader., logIndex=0, commits[0d8de9e7-9fe7-4911-8019-c6c2c0b14636:c-1]
2019-07-13 16:34:37,364 INFO  container.ReplicationManager (ReplicationManager.java:start(155)) - Starting Replication Monitor Thread.
2019-07-13 16:34:37,368 INFO  container.ReplicationManager (ReplicationManager.java:run(207)) - Replication Monitor Thread took 0 milliseconds for processing 1 containers.
2019-07-13 16:34:38,799 INFO  client.GrpcClientProtocolClient (GrpcClientProtocolClient.java:onNext(255)) - client-79CEE0236AFC->0d8de9e7-9fe7-4911-8019-c6c2c0b14636: receive RaftClientReply:client-79CEE0236AFC->0d8de9e7-9fe7-4911-8019-c6c2c0b14636@group-6B05DC5B3B02, cid=140, FAILED org.apache.ratis.protocol.NotLeaderException: Server 0d8de9e7-9fe7-4911-8019-c6c2c0b14636 is not the leader (null). Request must be sent to leader., logIndex=0, commits[0d8de9e7-9fe7-4911-8019-c6c2c0b14636:c-1]
2019-07-13 16:34:39,607 INFO  impl.FollowerState (FollowerState.java:run(106)) - cc2ff633-c256-42b3-8ded-7fd88c6ffef3:group-6AED29438D9B changes to CANDIDATE, lastRpcTime:5184, electionTimeout:5184ms
2019-07-13 16:34:39,607 INFO  impl.RoleInfo (RoleInfo.java:shutdownFollowerState(121)) - cc2ff633-c256-42b3-8ded-7fd88c6ffef3: shutdown FollowerState
2019-07-13 16:34:39,607 INFO  impl.RaftServerImpl (RaftServerImpl.java:setRole(171)) - cc2ff633-c256-42b3-8ded-7fd88c6ffef3:group-6AED29438D9B changes role from FOLLOWER to CANDIDATE at term 0 for changeToCandidate
2019-07-13 16:34:39,607 INFO  impl.RoleInfo (RoleInfo.java:updateAndGet(143)) - cc2ff633-c256-42b3-8ded-7fd88c6ffef3: start LeaderElection
2019-07-13 16:34:39,641 INFO  impl.LeaderElection (LeaderElection.java:askForVotes(181)) - cc2ff633-c256-42b3-8ded-7fd88c6ffef3:group-6AED29438D9B:LeaderElection37: begin an election at term 1 for -1: [cc2ff633-c256-42b3-8ded-7fd88c6ffef3:192.168.5.187:37117], old=null
2019-07-13 16:34:39,641 INFO  impl.RoleInfo (RoleInfo.java:shutdownLeaderElection(134)) - cc2ff633-c256-42b3-8ded-7fd88c6ffef3: shutdown LeaderElection
2019-07-13 16:34:39,641 INFO  impl.RaftServerImpl (RaftServerImpl.java:setRole(171)) - cc2ff633-c256-42b3-8ded-7fd88c6ffef3:group-6AED29438D9B changes role from CANDIDATE to LEADER at term 1 for changeToLeader
2019-07-13 16:34:39,641 INFO  impl.RaftServerImpl (ServerState.java:setLeader(263)) - cc2ff633-c256-42b3-8ded-7fd88c6ffef3:group-6AED29438D9B change Leader from null to cc2ff633-c256-42b3-8ded-7fd88c6ffef3 at term 1 for becomeLeader, leader elected after 5223ms
2019-07-13 16:34:39,641 INFO  server.RaftServerConfigKeys (ConfUtils.java:logGet(43)) - raft.server.staging.catchup.gap = 1000 (default)
2019-07-13 16:34:39,641 INFO  server.RaftServerConfigKeys (ConfUtils.java:logGet(43)) - raft.server.rpc.sleep.time = 25ms (default)
2019-07-13 16:34:39,642 INFO  server.RaftServerConfigKeys (ConfUtils.java:logGet(43)) - raft.server.write.element-limit = 4096 (default)
2019-07-13 16:34:39,642 INFO  server.RaftServerConfigKeys (ConfUtils.java:logGet(43)) - raft.server.watch.timeout = 10s (default)
2019-07-13 16:34:39,642 INFO  server.RaftServerConfigKeys (ConfUtils.java:logGet(43)) - raft.server.watch.timeout.denomination = 1s (default)
2019-07-13 16:34:39,642 INFO  server.RaftServerConfigKeys (ConfUtils.java:logGet(43)) - raft.server.watch.element-limit = 65536 (default)
2019-07-13 16:34:39,642 INFO  impl.RoleInfo (RoleInfo.java:updateAndGet(143)) - cc2ff633-c256-42b3-8ded-7fd88c6ffef3: start LeaderState
2019-07-13 16:34:39,643 INFO  segmented.SegmentedRaftLogWorker (SegmentedRaftLogWorker.java:startLogSegment(380)) - cc2ff633-c256-42b3-8ded-7fd88c6ffef3-SegmentedRaftLogWorker:Storage Directory /tmp/workdir/hadoop-ozone/integration-test/target/test-dir/MiniOzoneClusterImpl-057be10f-cdfd-47e1-b7d7-538f995da6ce/datanode-0/data/ratis/6230bef9-71df-4217-8aca-6aed29438d9b: Starting segment from index:0
2019-07-13 16:34:39,643 INFO  impl.RaftServerImpl (ServerState.java:setRaftConf(361)) - cc2ff633-c256-42b3-8ded-7fd88c6ffef3:group-6AED29438D9B set configuration 0: [cc2ff633-c256-42b3-8ded-7fd88c6ffef3:192.168.5.187:37117], old=null at 0
2019-07-13 16:34:39,683 INFO  segmented.SegmentedRaftLogWorker (SegmentedRaftLogWorker.java:execute(569)) - cc2ff633-c256-42b3-8ded-7fd88c6ffef3-SegmentedRaftLogWorker:Storage Directory /tmp/workdir/hadoop-ozone/integration-test/target/test-dir/MiniOzoneClusterImpl-057be10f-cdfd-47e1-b7d7-538f995da6ce/datanode-0/data/ratis/6230bef9-71df-4217-8aca-6aed29438d9b: created new log segment /tmp/workdir/hadoop-ozone/integration-test/target/test-dir/MiniOzoneClusterImpl-057be10f-cdfd-47e1-b7d7-538f995da6ce/datanode-0/data/ratis/6230bef9-71df-4217-8aca-6aed29438d9b/current/log_inprogress_0
2019-07-13 16:34:39,942 INFO  impl.FollowerState (FollowerState.java:run(106)) - 2220433e-68f2-49b3-b11f-e91f19d4dd5b:group-D89FF11B8CCD changes to CANDIDATE, lastRpcTime:5136, electionTimeout:5136ms
2019-07-13 16:34:39,942 INFO  impl.RoleInfo (RoleInfo.java:shutdownFollowerState(121)) - 2220433e-68f2-49b3-b11f-e91f19d4dd5b: shutdown FollowerState
2019-07-13 16:34:39,942 INFO  impl.RaftServerImpl (RaftServerImpl.java:setRole(171)) - 2220433e-68f2-49b3-b11f-e91f19d4dd5b:group-D89FF11B8CCD changes role from FOLLOWER to CANDIDATE at term 0 for changeToCandidate
2019-07-13 16:34:39,943 INFO  impl.RoleInfo (RoleInfo.java:updateAndGet(143)) - 2220433e-68f2-49b3-b11f-e91f19d4dd5b: start LeaderElection
2019-07-13 16:34:39,956 INFO  impl.LeaderElection (LeaderElection.java:askForVotes(181)) - 2220433e-68f2-49b3-b11f-e91f19d4dd5b:group-D89FF11B8CCD:LeaderElection38: begin an election at term 1 for -1: [2220433e-68f2-49b3-b11f-e91f19d4dd5b:192.168.5.187:40364], old=null
2019-07-13 16:34:39,956 INFO  impl.RoleInfo (RoleInfo.java:shutdownLeaderElection(134)) - 2220433e-68f2-49b3-b11f-e91f19d4dd5b: shutdown LeaderElection
2019-07-13 16:34:39,956 INFO  impl.RaftServerImpl (RaftServerImpl.java:setRole(171)) - 2220433e-68f2-49b3-b11f-e91f19d4dd5b:group-D89FF11B8CCD changes role from CANDIDATE to LEADER at term 1 for changeToLeader
2019-07-13 16:34:39,956 INFO  impl.RaftServerImpl (ServerState.java:setLeader(263)) - 2220433e-68f2-49b3-b11f-e91f19d4dd5b:group-D89FF11B8CCD change Leader from null to 2220433e-68f2-49b3-b11f-e91f19d4dd5b at term 1 for becomeLeader, leader elected after 5155ms
2019-07-13 16:34:39,957 INFO  server.RaftServerConfigKeys (ConfUtils.java:logGet(43)) - raft.server.staging.catchup.gap = 1000 (default)
2019-07-13 16:34:39,957 INFO  server.RaftServerConfigKeys (ConfUtils.java:logGet(43)) - raft.server.rpc.sleep.time = 25ms (default)
2019-07-13 16:34:39,957 INFO  server.RaftServerConfigKeys (ConfUtils.java:logGet(43)) - raft.server.write.element-limit = 4096 (default)
2019-07-13 16:34:39,957 INFO  server.RaftServerConfigKeys (ConfUtils.java:logGet(43)) - raft.server.watch.timeout = 10s (default)
2019-07-13 16:34:39,957 INFO  server.RaftServerConfigKeys (ConfUtils.java:logGet(43)) - raft.server.watch.timeout.denomination = 1s (default)
2019-07-13 16:34:39,957 INFO  server.RaftServerConfigKeys (ConfUtils.java:logGet(43)) - raft.server.watch.element-limit = 65536 (default)
2019-07-13 16:34:39,958 INFO  impl.RoleInfo (RoleInfo.java:updateAndGet(143)) - 2220433e-68f2-49b3-b11f-e91f19d4dd5b: start LeaderState
2019-07-13 16:34:39,958 INFO  segmented.SegmentedRaftLogWorker (SegmentedRaftLogWorker.java:startLogSegment(380)) - 2220433e-68f2-49b3-b11f-e91f19d4dd5b-SegmentedRaftLogWorker:Storage Directory /tmp/workdir/hadoop-ozone/integration-test/target/test-dir/MiniOzoneClusterImpl-057be10f-cdfd-47e1-b7d7-538f995da6ce/datanode-1/data/ratis/61066071-7c50-4732-ae9d-d89ff11b8ccd: Starting segment from index:0
2019-07-13 16:34:39,958 INFO  impl.RaftServerImpl (ServerState.java:setRaftConf(361)) - 2220433e-68f2-49b3-b11f-e91f19d4dd5b:group-D89FF11B8CCD set configuration 0: [2220433e-68f2-49b3-b11f-e91f19d4dd5b:192.168.5.187:40364], old=null at 0
2019-07-13 16:34:39,989 INFO  segmented.SegmentedRaftLogWorker (SegmentedRaftLogWorker.java:execute(569)) - 2220433e-68f2-49b3-b11f-e91f19d4dd5b-SegmentedRaftLogWorker:Storage Directory /tmp/workdir/hadoop-ozone/integration-test/target/test-dir/MiniOzoneClusterImpl-057be10f-cdfd-47e1-b7d7-538f995da6ce/datanode-1/data/ratis/61066071-7c50-4732-ae9d-d89ff11b8ccd: created new log segment /tmp/workdir/hadoop-ozone/integration-test/target/test-dir/MiniOzoneClusterImpl-057be10f-cdfd-47e1-b7d7-538f995da6ce/datanode-1/data/ratis/61066071-7c50-4732-ae9d-d89ff11b8ccd/current/log_inprogress_0
2019-07-13 16:34:40,031 INFO  impl.FollowerState (FollowerState.java:run(106)) - d210e418-bc3f-4a59-9997-0a1dd79a5e4f:group-79B0F3E16E74 changes to CANDIDATE, lastRpcTime:5066, electionTimeout:5066ms
2019-07-13 16:34:40,031 INFO  impl.RoleInfo (RoleInfo.java:shutdownFollowerState(121)) - d210e418-bc3f-4a59-9997-0a1dd79a5e4f: shutdown FollowerState
2019-07-13 16:34:40,032 INFO  impl.RaftServerImpl (RaftServerImpl.java:setRole(171)) - d210e418-bc3f-4a59-9997-0a1dd79a5e4f:group-79B0F3E16E74 changes role from FOLLOWER to CANDIDATE at term 0 for changeToCandidate
2019-07-13 16:34:40,032 INFO  impl.RoleInfo (RoleInfo.java:updateAndGet(143)) - d210e418-bc3f-4a59-9997-0a1dd79a5e4f: start LeaderElection
2019-07-13 16:34:40,055 INFO  impl.LeaderElection (LeaderElection.java:askForVotes(181)) - d210e418-bc3f-4a59-9997-0a1dd79a5e4f:group-79B0F3E16E74:LeaderElection39: begin an election at term 1 for -1: [d210e418-bc3f-4a59-9997-0a1dd79a5e4f:192.168.5.187:44122], old=null
2019-07-13 16:34:40,055 INFO  impl.RoleInfo (RoleInfo.java:shutdownLeaderElection(134)) - d210e418-bc3f-4a59-9997-0a1dd79a5e4f: shutdown LeaderElection
2019-07-13 16:34:40,055 INFO  impl.RaftServerImpl (RaftServerImpl.java:setRole(171)) - d210e418-bc3f-4a59-9997-0a1dd79a5e4f:group-79B0F3E16E74 changes role from CANDIDATE to LEADER at term 1 for changeToLeader
2019-07-13 16:34:40,056 INFO  impl.RaftServerImpl (ServerState.java:setLeader(263)) - d210e418-bc3f-4a59-9997-0a1dd79a5e4f:group-79B0F3E16E74 change Leader from null to d210e418-bc3f-4a59-9997-0a1dd79a5e4f at term 1 for becomeLeader, leader elected after 5095ms
2019-07-13 16:34:40,056 INFO  server.RaftServerConfigKeys (ConfUtils.java:logGet(43)) - raft.server.staging.catchup.gap = 1000 (default)
2019-07-13 16:34:40,056 INFO  server.RaftServerConfigKeys (ConfUtils.java:logGet(43)) - raft.server.rpc.sleep.time = 25ms (default)
2019-07-13 16:34:40,056 INFO  server.RaftServerConfigKeys (ConfUtils.java:logGet(43)) - raft.server.write.element-limit = 4096 (default)
2019-07-13 16:34:40,056 INFO  server.RaftServerConfigKeys (ConfUtils.java:logGet(43)) - raft.server.watch.timeout = 10s (default)
2019-07-13 16:34:40,057 INFO  server.RaftServerConfigKeys (ConfUtils.java:logGet(43)) - raft.server.watch.timeout.denomination = 1s (default)
2019-07-13 16:34:40,057 INFO  server.RaftServerConfigKeys (ConfUtils.java:logGet(43)) - raft.server.watch.element-limit = 65536 (default)
2019-07-13 16:34:40,057 INFO  impl.RoleInfo (RoleInfo.java:updateAndGet(143)) - d210e418-bc3f-4a59-9997-0a1dd79a5e4f: start LeaderState
2019-07-13 16:34:40,057 INFO  segmented.SegmentedRaftLogWorker (SegmentedRaftLogWorker.java:startLogSegment(380)) - d210e418-bc3f-4a59-9997-0a1dd79a5e4f-SegmentedRaftLogWorker:Storage Directory /tmp/workdir/hadoop-ozone/integration-test/target/test-dir/MiniOzoneClusterImpl-057be10f-cdfd-47e1-b7d7-538f995da6ce/datanode-2/data/ratis/ebb0c18c-108c-4907-bbe8-79b0f3e16e74: Starting segment from index:0
2019-07-13 16:34:40,058 INFO  impl.RaftServerImpl (ServerState.java:setRaftConf(361)) - d210e418-bc3f-4a59-9997-0a1dd79a5e4f:group-79B0F3E16E74 set configuration 0: [d210e418-bc3f-4a59-9997-0a1dd79a5e4f:192.168.5.187:44122], old=null at 0
2019-07-13 16:34:40,065 INFO  impl.FollowerState (FollowerState.java:run(106)) - cc2ff633-c256-42b3-8ded-7fd88c6ffef3:group-522A381D71B0 changes to CANDIDATE, lastRpcTime:5046, electionTimeout:5045ms
2019-07-13 16:34:40,065 INFO  impl.RoleInfo (RoleInfo.java:shutdownFollowerState(121)) - cc2ff633-c256-42b3-8ded-7fd88c6ffef3: shutdown FollowerState
2019-07-13 16:34:40,065 INFO  impl.RaftServerImpl (RaftServerImpl.java:setRole(171)) - cc2ff633-c256-42b3-8ded-7fd88c6ffef3:group-522A381D71B0 changes role from FOLLOWER to CANDIDATE at term 0 for changeToCandidate
2019-07-13 16:34:40,066 INFO  impl.RoleInfo (RoleInfo.java:updateAndGet(143)) - cc2ff633-c256-42b3-8ded-7fd88c6ffef3: start LeaderElection
2019-07-13 16:34:40,101 INFO  segmented.SegmentedRaftLogWorker (SegmentedRaftLogWorker.java:execute(569)) - d210e418-bc3f-4a59-9997-0a1dd79a5e4f-SegmentedRaftLogWorker:Storage Directory /tmp/workdir/hadoop-ozone/integration-test/target/test-dir/MiniOzoneClusterImpl-057be10f-cdfd-47e1-b7d7-538f995da6ce/datanode-2/data/ratis/ebb0c18c-108c-4907-bbe8-79b0f3e16e74: created new log segment /tmp/workdir/hadoop-ozone/integration-test/target/test-dir/MiniOzoneClusterImpl-057be10f-cdfd-47e1-b7d7-538f995da6ce/datanode-2/data/ratis/ebb0c18c-108c-4907-bbe8-79b0f3e16e74/current/log_inprogress_0
2019-07-13 16:34:40,101 INFO  impl.LeaderElection (LeaderElection.java:askForVotes(181)) - cc2ff633-c256-42b3-8ded-7fd88c6ffef3:group-522A381D71B0:LeaderElection40: begin an election at term 1 for -1: [2220433e-68f2-49b3-b11f-e91f19d4dd5b:192.168.5.187:40364, cc2ff633-c256-42b3-8ded-7fd88c6ffef3:192.168.5.187:37117, d210e418-bc3f-4a59-9997-0a1dd79a5e4f:192.168.5.187:44122], old=null
2019-07-13 16:34:40,111 INFO  impl.RaftServerImpl (RaftServerImpl.java:setRole(171)) - d210e418-bc3f-4a59-9997-0a1dd79a5e4f:group-522A381D71B0 changes role from FOLLOWER to FOLLOWER at term 1 for recognizeCandidate:cc2ff633-c256-42b3-8ded-7fd88c6ffef3
2019-07-13 16:34:40,113 INFO  impl.RaftServerImpl (RaftServerImpl.java:setRole(171)) - 2220433e-68f2-49b3-b11f-e91f19d4dd5b:group-522A381D71B0 changes role from FOLLOWER to FOLLOWER at term 1 for recognizeCandidate:cc2ff633-c256-42b3-8ded-7fd88c6ffef3
2019-07-13 16:34:40,113 INFO  impl.RoleInfo (RoleInfo.java:shutdownFollowerState(121)) - d210e418-bc3f-4a59-9997-0a1dd79a5e4f: shutdown FollowerState
2019-07-13 16:34:40,114 INFO  impl.RoleInfo (RoleInfo.java:shutdownFollowerState(121)) - 2220433e-68f2-49b3-b11f-e91f19d4dd5b: shutdown FollowerState
2019-07-13 16:34:40,114 INFO  impl.FollowerState (FollowerState.java:run(114)) - d210e418-bc3f-4a59-9997-0a1dd79a5e4f: FollowerState was interrupted: java.lang.InterruptedException: sleep interrupted
2019-07-13 16:34:40,114 INFO  impl.FollowerState (FollowerState.java:run(114)) - 2220433e-68f2-49b3-b11f-e91f19d4dd5b: FollowerState was interrupted: java.lang.InterruptedException: sleep interrupted
2019-07-13 16:34:40,114 INFO  impl.RoleInfo (RoleInfo.java:updateAndGet(143)) - d210e418-bc3f-4a59-9997-0a1dd79a5e4f: start FollowerState
2019-07-13 16:34:40,114 INFO  impl.RoleInfo (RoleInfo.java:updateAndGet(143)) - 2220433e-68f2-49b3-b11f-e91f19d4dd5b: start FollowerState
2019-07-13 16:34:40,137 INFO  impl.LeaderElection (LeaderElection.java:logAndReturn(56)) - cc2ff633-c256-42b3-8ded-7fd88c6ffef3:group-522A381D71B0:LeaderElection40: Election PASSED; received 1 response(s) [cc2ff633-c256-42b3-8ded-7fd88c6ffef3<-d210e418-bc3f-4a59-9997-0a1dd79a5e4f#0:OK-t1] and 0 exception(s); cc2ff633-c256-42b3-8ded-7fd88c6ffef3:t1, leader=null, voted=cc2ff633-c256-42b3-8ded-7fd88c6ffef3, raftlog=cc2ff633-c256-42b3-8ded-7fd88c6ffef3-SegmentedRaftLog:OPENED:c-1,f-1,i0, conf=-1: [2220433e-68f2-49b3-b11f-e91f19d4dd5b:192.168.5.187:40364, cc2ff633-c256-42b3-8ded-7fd88c6ffef3:192.168.5.187:37117, d210e418-bc3f-4a59-9997-0a1dd79a5e4f:192.168.5.187:44122], old=null
2019-07-13 16:34:40,137 INFO  impl.RoleInfo (RoleInfo.java:shutdownLeaderElection(134)) - cc2ff633-c256-42b3-8ded-7fd88c6ffef3: shutdown LeaderElection
2019-07-13 16:34:40,138 INFO  impl.RaftServerImpl (RaftServerImpl.java:setRole(171)) - cc2ff633-c256-42b3-8ded-7fd88c6ffef3:group-522A381D71B0 changes role from CANDIDATE to LEADER at term 1 for changeToLeader
2019-07-13 16:34:40,138 INFO  impl.RaftServerImpl (ServerState.java:setLeader(263)) - cc2ff633-c256-42b3-8ded-7fd88c6ffef3:group-522A381D71B0 change Leader from null to cc2ff633-c256-42b3-8ded-7fd88c6ffef3 at term 1 for becomeLeader, leader elected after 5128ms
2019-07-13 16:34:40,138 INFO  server.RaftServerConfigKeys (ConfUtils.java:logGet(43)) - raft.server.staging.catchup.gap = 1000 (default)
2019-07-13 16:34:40,138 INFO  server.RaftServerConfigKeys (ConfUtils.java:logGet(43)) - raft.server.rpc.sleep.time = 25ms (default)
2019-07-13 16:34:40,138 INFO  server.RaftServerConfigKeys (ConfUtils.java:logGet(43)) - raft.server.write.element-limit = 4096 (default)
2019-07-13 16:34:40,138 INFO  server.RaftServerConfigKeys (ConfUtils.java:logGet(43)) - raft.server.watch.timeout = 10s (default)
2019-07-13 16:34:40,138 INFO  server.RaftServerConfigKeys (ConfUtils.java:logGet(43)) - raft.server.watch.timeout.denomination = 1s (default)
2019-07-13 16:34:40,139 INFO  server.RaftServerConfigKeys (ConfUtils.java:logGet(43)) - raft.server.watch.element-limit = 65536 (default)
2019-07-13 16:34:40,139 INFO  server.RaftServerConfigKeys (ConfUtils.java:logGet(43)) - raft.server.log.appender.snapshot.chunk.size.max = 16MB (=16777216) (default)
2019-07-13 16:34:40,139 INFO  server.RaftServerConfigKeys (ConfUtils.java:logGet(43)) - raft.server.log.appender.buffer.byte-limit = 33554432 (custom)
2019-07-13 16:34:40,139 INFO  server.RaftServerConfigKeys (ConfUtils.java:logGet(43)) - raft.server.log.appender.buffer.element-limit = 1 (custom)
2019-07-13 16:34:40,140 INFO  grpc.GrpcConfigKeys$Server (ConfUtils.java:logGet(43)) - raft.grpc.server.leader.outstanding.appends.max = 128 (default)
2019-07-13 16:34:40,140 INFO  server.RaftServerConfigKeys (ConfUtils.java:logGet(43)) - raft.server.rpc.request.timeout = 3000ms (default)
2019-07-13 16:34:40,140 INFO  server.RaftServerConfigKeys (ConfUtils.java:logGet(43)) - raft.server.log.appender.install.snapshot.enabled = false (custom)
2019-07-13 16:34:40,140 INFO  server.RaftServerConfigKeys (ConfUtils.java:logGet(43)) - raft.server.log.appender.snapshot.chunk.size.max = 16MB (=16777216) (default)
2019-07-13 16:34:40,140 INFO  server.RaftServerConfigKeys (ConfUtils.java:logGet(43)) - raft.server.log.appender.buffer.byte-limit = 33554432 (custom)
2019-07-13 16:34:40,140 INFO  server.RaftServerConfigKeys (ConfUtils.java:logGet(43)) - raft.server.log.appender.buffer.element-limit = 1 (custom)
2019-07-13 16:34:40,141 INFO  grpc.GrpcConfigKeys$Server (ConfUtils.java:logGet(43)) - raft.grpc.server.leader.outstanding.appends.max = 128 (default)
2019-07-13 16:34:40,141 INFO  server.RaftServerConfigKeys (ConfUtils.java:logGet(43)) - raft.server.rpc.request.timeout = 3000ms (default)
2019-07-13 16:34:40,141 INFO  server.RaftServerConfigKeys (ConfUtils.java:logGet(43)) - raft.server.log.appender.install.snapshot.enabled = false (custom)
2019-07-13 16:34:40,141 INFO  impl.RoleInfo (RoleInfo.java:updateAndGet(143)) - cc2ff633-c256-42b3-8ded-7fd88c6ffef3: start LeaderState
2019-07-13 16:34:40,141 INFO  segmented.SegmentedRaftLogWorker (SegmentedRaftLogWorker.java:startLogSegment(380)) - cc2ff633-c256-42b3-8ded-7fd88c6ffef3-SegmentedRaftLogWorker:Storage Directory /tmp/workdir/hadoop-ozone/integration-test/target/test-dir/MiniOzoneClusterImpl-057be10f-cdfd-47e1-b7d7-538f995da6ce/datanode-0/data/ratis/6a6e5413-1fca-478c-8b7f-522a381d71b0: Starting segment from index:0
2019-07-13 16:34:40,142 INFO  impl.RaftServerImpl (ServerState.java:setRaftConf(361)) - cc2ff633-c256-42b3-8ded-7fd88c6ffef3:group-522A381D71B0 set configuration 0: [2220433e-68f2-49b3-b11f-e91f19d4dd5b:192.168.5.187:40364, cc2ff633-c256-42b3-8ded-7fd88c6ffef3:192.168.5.187:37117, d210e418-bc3f-4a59-9997-0a1dd79a5e4f:192.168.5.187:44122], old=null at 0
2019-07-13 16:34:40,163 INFO  impl.RaftServerImpl (ServerState.java:setLeader(263)) - d210e418-bc3f-4a59-9997-0a1dd79a5e4f:group-522A381D71B0 change Leader from null to cc2ff633-c256-42b3-8ded-7fd88c6ffef3 at term 1 for appendEntries, leader elected after 5152ms
2019-07-13 16:34:40,163 INFO  impl.RaftServerImpl (ServerState.java:setLeader(263)) - 2220433e-68f2-49b3-b11f-e91f19d4dd5b:group-522A381D71B0 change Leader from null to cc2ff633-c256-42b3-8ded-7fd88c6ffef3 at term 1 for appendEntries, leader elected after 5153ms
2019-07-13 16:34:40,169 INFO  impl.RaftServerImpl (ServerState.java:setRaftConf(361)) - 2220433e-68f2-49b3-b11f-e91f19d4dd5b:group-522A381D71B0 set configuration 0: [2220433e-68f2-49b3-b11f-e91f19d4dd5b:192.168.5.187:40364, cc2ff633-c256-42b3-8ded-7fd88c6ffef3:192.168.5.187:37117, d210e418-bc3f-4a59-9997-0a1dd79a5e4f:192.168.5.187:44122], old=null at 0
2019-07-13 16:34:40,169 INFO  impl.RaftServerImpl (ServerState.java:setRaftConf(361)) - d210e418-bc3f-4a59-9997-0a1dd79a5e4f:group-522A381D71B0 set configuration 0: [2220433e-68f2-49b3-b11f-e91f19d4dd5b:192.168.5.187:40364, cc2ff633-c256-42b3-8ded-7fd88c6ffef3:192.168.5.187:37117, d210e418-bc3f-4a59-9997-0a1dd79a5e4f:192.168.5.187:44122], old=null at 0
2019-07-13 16:34:40,170 INFO  segmented.SegmentedRaftLogWorker (SegmentedRaftLogWorker.java:startLogSegment(380)) - 2220433e-68f2-49b3-b11f-e91f19d4dd5b-SegmentedRaftLogWorker:Storage Directory /tmp/workdir/hadoop-ozone/integration-test/target/test-dir/MiniOzoneClusterImpl-057be10f-cdfd-47e1-b7d7-538f995da6ce/datanode-1/data/ratis/6a6e5413-1fca-478c-8b7f-522a381d71b0: Starting segment from index:0
2019-07-13 16:34:40,170 INFO  segmented.SegmentedRaftLogWorker (SegmentedRaftLogWorker.java:startLogSegment(380)) - d210e418-bc3f-4a59-9997-0a1dd79a5e4f-SegmentedRaftLogWorker:Storage Directory /tmp/workdir/hadoop-ozone/integration-test/target/test-dir/MiniOzoneClusterImpl-057be10f-cdfd-47e1-b7d7-538f995da6ce/datanode-2/data/ratis/6a6e5413-1fca-478c-8b7f-522a381d71b0: Starting segment from index:0
2019-07-13 16:34:40,175 INFO  segmented.SegmentedRaftLogWorker (SegmentedRaftLogWorker.java:execute(569)) - cc2ff633-c256-42b3-8ded-7fd88c6ffef3-SegmentedRaftLogWorker:Storage Directory /tmp/workdir/hadoop-ozone/integration-test/target/test-dir/MiniOzoneClusterImpl-057be10f-cdfd-47e1-b7d7-538f995da6ce/datanode-0/data/ratis/6a6e5413-1fca-478c-8b7f-522a381d71b0: created new log segment /tmp/workdir/hadoop-ozone/integration-test/target/test-dir/MiniOzoneClusterImpl-057be10f-cdfd-47e1-b7d7-538f995da6ce/datanode-0/data/ratis/6a6e5413-1fca-478c-8b7f-522a381d71b0/current/log_inprogress_0
2019-07-13 16:34:40,197 INFO  segmented.SegmentedRaftLogWorker (SegmentedRaftLogWorker.java:execute(569)) - 2220433e-68f2-49b3-b11f-e91f19d4dd5b-SegmentedRaftLogWorker:Storage Directory /tmp/workdir/hadoop-ozone/integration-test/target/test-dir/MiniOzoneClusterImpl-057be10f-cdfd-47e1-b7d7-538f995da6ce/datanode-1/data/ratis/6a6e5413-1fca-478c-8b7f-522a381d71b0: created new log segment /tmp/workdir/hadoop-ozone/integration-test/target/test-dir/MiniOzoneClusterImpl-057be10f-cdfd-47e1-b7d7-538f995da6ce/datanode-1/data/ratis/6a6e5413-1fca-478c-8b7f-522a381d71b0/current/log_inprogress_0
2019-07-13 16:34:40,197 INFO  segmented.SegmentedRaftLogWorker (SegmentedRaftLogWorker.java:execute(569)) - d210e418-bc3f-4a59-9997-0a1dd79a5e4f-SegmentedRaftLogWorker:Storage Directory /tmp/workdir/hadoop-ozone/integration-test/target/test-dir/MiniOzoneClusterImpl-057be10f-cdfd-47e1-b7d7-538f995da6ce/datanode-2/data/ratis/6a6e5413-1fca-478c-8b7f-522a381d71b0: created new log segment /tmp/workdir/hadoop-ozone/integration-test/target/test-dir/MiniOzoneClusterImpl-057be10f-cdfd-47e1-b7d7-538f995da6ce/datanode-2/data/ratis/6a6e5413-1fca-478c-8b7f-522a381d71b0/current/log_inprogress_0
2019-07-13 16:34:40,231 INFO  impl.FollowerState (FollowerState.java:run(106)) - 80fdcb8a-4dcf-476b-8901-e3585c02748e:group-F1757146BD82 changes to CANDIDATE, lastRpcTime:5076, electionTimeout:5076ms
2019-07-13 16:34:40,231 INFO  impl.RoleInfo (RoleInfo.java:shutdownFollowerState(121)) - 80fdcb8a-4dcf-476b-8901-e3585c02748e: shutdown FollowerState
2019-07-13 16:34:40,232 INFO  impl.RaftServerImpl (RaftServerImpl.java:setRole(171)) - 80fdcb8a-4dcf-476b-8901-e3585c02748e:group-F1757146BD82 changes role from FOLLOWER to CANDIDATE at term 0 for changeToCandidate
2019-07-13 16:34:40,232 INFO  impl.RoleInfo (RoleInfo.java:updateAndGet(143)) - 80fdcb8a-4dcf-476b-8901-e3585c02748e: start LeaderElection
2019-07-13 16:34:40,252 INFO  impl.LeaderElection (LeaderElection.java:askForVotes(181)) - 80fdcb8a-4dcf-476b-8901-e3585c02748e:group-F1757146BD82:LeaderElection41: begin an election at term 1 for -1: [80fdcb8a-4dcf-476b-8901-e3585c02748e:192.168.5.187:35716], old=null
2019-07-13 16:34:40,252 INFO  impl.RoleInfo (RoleInfo.java:shutdownLeaderElection(134)) - 80fdcb8a-4dcf-476b-8901-e3585c02748e: shutdown LeaderElection
2019-07-13 16:34:40,252 INFO  impl.RaftServerImpl (RaftServerImpl.java:setRole(171)) - 80fdcb8a-4dcf-476b-8901-e3585c02748e:group-F1757146BD82 changes role from CANDIDATE to LEADER at term 1 for changeToLeader
2019-07-13 16:34:40,252 INFO  impl.RaftServerImpl (ServerState.java:setLeader(263)) - 80fdcb8a-4dcf-476b-8901-e3585c02748e:group-F1757146BD82 change Leader from null to 80fdcb8a-4dcf-476b-8901-e3585c02748e at term 1 for becomeLeader, leader elected after 5102ms
2019-07-13 16:34:40,253 INFO  server.RaftServerConfigKeys (ConfUtils.java:logGet(43)) - raft.server.staging.catchup.gap = 1000 (default)
2019-07-13 16:34:40,253 INFO  server.RaftServerConfigKeys (ConfUtils.java:logGet(43)) - raft.server.rpc.sleep.time = 25ms (default)
2019-07-13 16:34:40,253 INFO  server.RaftServerConfigKeys (ConfUtils.java:logGet(43)) - raft.server.write.element-limit = 4096 (default)
2019-07-13 16:34:40,253 INFO  server.RaftServerConfigKeys (ConfUtils.java:logGet(43)) - raft.server.watch.timeout = 10s (default)
2019-07-13 16:34:40,253 INFO  server.RaftServerConfigKeys (ConfUtils.java:logGet(43)) - raft.server.watch.timeout.denomination = 1s (default)
2019-07-13 16:34:40,253 INFO  server.RaftServerConfigKeys (ConfUtils.java:logGet(43)) - raft.server.watch.element-limit = 65536 (default)
2019-07-13 16:34:40,254 INFO  impl.RoleInfo (RoleInfo.java:updateAndGet(143)) - 80fdcb8a-4dcf-476b-8901-e3585c02748e: start LeaderState
2019-07-13 16:34:40,254 INFO  segmented.SegmentedRaftLogWorker (SegmentedRaftLogWorker.java:startLogSegment(380)) - 80fdcb8a-4dcf-476b-8901-e3585c02748e-SegmentedRaftLogWorker:Storage Directory /tmp/workdir/hadoop-ozone/integration-test/target/test-dir/MiniOzoneClusterImpl-057be10f-cdfd-47e1-b7d7-538f995da6ce/datanode-3/data/ratis/2498674a-5dfa-48a8-84e6-f1757146bd82: Starting segment from index:0
2019-07-13 16:34:40,254 INFO  impl.RaftServerImpl (ServerState.java:setRaftConf(361)) - 80fdcb8a-4dcf-476b-8901-e3585c02748e:group-F1757146BD82 set configuration 0: [80fdcb8a-4dcf-476b-8901-e3585c02748e:192.168.5.187:35716], old=null at 0
2019-07-13 16:34:40,294 INFO  segmented.SegmentedRaftLogWorker (SegmentedRaftLogWorker.java:execute(569)) - 80fdcb8a-4dcf-476b-8901-e3585c02748e-SegmentedRaftLogWorker:Storage Directory /tmp/workdir/hadoop-ozone/integration-test/target/test-dir/MiniOzoneClusterImpl-057be10f-cdfd-47e1-b7d7-538f995da6ce/datanode-3/data/ratis/2498674a-5dfa-48a8-84e6-f1757146bd82: created new log segment /tmp/workdir/hadoop-ozone/integration-test/target/test-dir/MiniOzoneClusterImpl-057be10f-cdfd-47e1-b7d7-538f995da6ce/datanode-3/data/ratis/2498674a-5dfa-48a8-84e6-f1757146bd82/current/log_inprogress_0
2019-07-13 16:34:40,413 INFO  impl.FollowerState (FollowerState.java:run(106)) - 64d8d0d8-69cb-4bd4-87b3-5f7337c18ef9:group-F08183A72607 changes to CANDIDATE, lastRpcTime:5051, electionTimeout:5051ms
2019-07-13 16:34:40,413 INFO  impl.RoleInfo (RoleInfo.java:shutdownFollowerState(121)) - 64d8d0d8-69cb-4bd4-87b3-5f7337c18ef9: shutdown FollowerState
2019-07-13 16:34:40,413 INFO  impl.RaftServerImpl (RaftServerImpl.java:setRole(171)) - 64d8d0d8-69cb-4bd4-87b3-5f7337c18ef9:group-F08183A72607 changes role from FOLLOWER to CANDIDATE at term 0 for changeToCandidate
2019-07-13 16:34:40,413 INFO  impl.RoleInfo (RoleInfo.java:updateAndGet(143)) - 64d8d0d8-69cb-4bd4-87b3-5f7337c18ef9: start LeaderElection
2019-07-13 16:34:40,432 INFO  impl.LeaderElection (LeaderElection.java:askForVotes(181)) - 64d8d0d8-69cb-4bd4-87b3-5f7337c18ef9:group-F08183A72607:LeaderElection42: begin an election at term 1 for -1: [64d8d0d8-69cb-4bd4-87b3-5f7337c18ef9:192.168.5.187:36693], old=null
2019-07-13 16:34:40,432 INFO  impl.RoleInfo (RoleInfo.java:shutdownLeaderElection(134)) - 64d8d0d8-69cb-4bd4-87b3-5f7337c18ef9: shutdown LeaderElection
2019-07-13 16:34:40,433 INFO  impl.RaftServerImpl (RaftServerImpl.java:setRole(171)) - 64d8d0d8-69cb-4bd4-87b3-5f7337c18ef9:group-F08183A72607 changes role from CANDIDATE to LEADER at term 1 for changeToLeader
2019-07-13 16:34:40,433 INFO  impl.RaftServerImpl (ServerState.java:setLeader(263)) - 64d8d0d8-69cb-4bd4-87b3-5f7337c18ef9:group-F08183A72607 change Leader from null to 64d8d0d8-69cb-4bd4-87b3-5f7337c18ef9 at term 1 for becomeLeader, leader elected after 5075ms
2019-07-13 16:34:40,433 INFO  server.RaftServerConfigKeys (ConfUtils.java:logGet(43)) - raft.server.staging.catchup.gap = 1000 (default)
2019-07-13 16:34:40,433 INFO  server.RaftServerConfigKeys (ConfUtils.java:logGet(43)) - raft.server.rpc.sleep.time = 25ms (default)
2019-07-13 16:34:40,433 INFO  server.RaftServerConfigKeys (ConfUtils.java:logGet(43)) - raft.server.write.element-limit = 4096 (default)
2019-07-13 16:34:40,433 INFO  server.RaftServerConfigKeys (ConfUtils.java:logGet(43)) - raft.server.watch.timeout = 10s (default)
2019-07-13 16:34:40,434 INFO  server.RaftServerConfigKeys (ConfUtils.java:logGet(43)) - raft.server.watch.timeout.denomination = 1s (default)
2019-07-13 16:34:40,434 INFO  server.RaftServerConfigKeys (ConfUtils.java:logGet(43)) - raft.server.watch.element-limit = 65536 (default)
2019-07-13 16:34:40,434 INFO  impl.RoleInfo (RoleInfo.java:updateAndGet(143)) - 64d8d0d8-69cb-4bd4-87b3-5f7337c18ef9: start LeaderState
2019-07-13 16:34:40,434 INFO  segmented.SegmentedRaftLogWorker (SegmentedRaftLogWorker.java:startLogSegment(380)) - 64d8d0d8-69cb-4bd4-87b3-5f7337c18ef9-SegmentedRaftLogWorker:Storage Directory /tmp/workdir/hadoop-ozone/integration-test/target/test-dir/MiniOzoneClusterImpl-057be10f-cdfd-47e1-b7d7-538f995da6ce/datanode-4/data/ratis/efe6797a-f313-4d75-af06-f08183a72607: Starting segment from index:0
2019-07-13 16:34:40,435 INFO  impl.RaftServerImpl (ServerState.java:setRaftConf(361)) - 64d8d0d8-69cb-4bd4-87b3-5f7337c18ef9:group-F08183A72607 set configuration 0: [64d8d0d8-69cb-4bd4-87b3-5f7337c18ef9:192.168.5.187:36693], old=null at 0
2019-07-13 16:34:40,457 INFO  segmented.SegmentedRaftLogWorker (SegmentedRaftLogWorker.java:execute(569)) - 64d8d0d8-69cb-4bd4-87b3-5f7337c18ef9-SegmentedRaftLogWorker:Storage Directory /tmp/workdir/hadoop-ozone/integration-test/target/test-dir/MiniOzoneClusterImpl-057be10f-cdfd-47e1-b7d7-538f995da6ce/datanode-4/data/ratis/efe6797a-f313-4d75-af06-f08183a72607: created new log segment /tmp/workdir/hadoop-ozone/integration-test/target/test-dir/MiniOzoneClusterImpl-057be10f-cdfd-47e1-b7d7-538f995da6ce/datanode-4/data/ratis/efe6797a-f313-4d75-af06-f08183a72607/current/log_inprogress_0
2019-07-13 16:34:40,569 INFO  impl.FollowerState (FollowerState.java:run(106)) - 0d8de9e7-9fe7-4911-8019-c6c2c0b14636:group-6B05DC5B3B02 changes to CANDIDATE, lastRpcTime:5031, electionTimeout:5031ms
2019-07-13 16:34:40,569 INFO  impl.RoleInfo (RoleInfo.java:shutdownFollowerState(121)) - 0d8de9e7-9fe7-4911-8019-c6c2c0b14636: shutdown FollowerState
2019-07-13 16:34:40,570 INFO  impl.RaftServerImpl (RaftServerImpl.java:setRole(171)) - 0d8de9e7-9fe7-4911-8019-c6c2c0b14636:group-6B05DC5B3B02 changes role from FOLLOWER to CANDIDATE at term 0 for changeToCandidate
2019-07-13 16:34:40,570 INFO  impl.RoleInfo (RoleInfo.java:updateAndGet(143)) - 0d8de9e7-9fe7-4911-8019-c6c2c0b14636: start LeaderElection
2019-07-13 16:34:40,592 INFO  impl.LeaderElection (LeaderElection.java:askForVotes(181)) - 0d8de9e7-9fe7-4911-8019-c6c2c0b14636:group-6B05DC5B3B02:LeaderElection43: begin an election at term 1 for -1: [0d8de9e7-9fe7-4911-8019-c6c2c0b14636:192.168.5.187:36713], old=null
2019-07-13 16:34:40,592 INFO  impl.RoleInfo (RoleInfo.java:shutdownLeaderElection(134)) - 0d8de9e7-9fe7-4911-8019-c6c2c0b14636: shutdown LeaderElection
2019-07-13 16:34:40,592 INFO  impl.RaftServerImpl (RaftServerImpl.java:setRole(171)) - 0d8de9e7-9fe7-4911-8019-c6c2c0b14636:group-6B05DC5B3B02 changes role from CANDIDATE to LEADER at term 1 for changeToLeader
2019-07-13 16:34:40,592 INFO  impl.RaftServerImpl (ServerState.java:setLeader(263)) - 0d8de9e7-9fe7-4911-8019-c6c2c0b14636:group-6B05DC5B3B02 change Leader from null to 0d8de9e7-9fe7-4911-8019-c6c2c0b14636 at term 1 for becomeLeader, leader elected after 5059ms
2019-07-13 16:34:40,593 INFO  server.RaftServerConfigKeys (ConfUtils.java:logGet(43)) - raft.server.staging.catchup.gap = 1000 (default)
2019-07-13 16:34:40,593 INFO  server.RaftServerConfigKeys (ConfUtils.java:logGet(43)) - raft.server.rpc.sleep.time = 25ms (default)
2019-07-13 16:34:40,593 INFO  server.RaftServerConfigKeys (ConfUtils.java:logGet(43)) - raft.server.write.element-limit = 4096 (default)
2019-07-13 16:34:40,593 INFO  server.RaftServerConfigKeys (ConfUtils.java:logGet(43)) - raft.server.watch.timeout = 10s (default)
2019-07-13 16:34:40,593 INFO  server.RaftServerConfigKeys (ConfUtils.java:logGet(43)) - raft.server.watch.timeout.denomination = 1s (default)
2019-07-13 16:34:40,593 INFO  server.RaftServerConfigKeys (ConfUtils.java:logGet(43)) - raft.server.watch.element-limit = 65536 (default)
2019-07-13 16:34:40,593 INFO  impl.RoleInfo (RoleInfo.java:updateAndGet(143)) - 0d8de9e7-9fe7-4911-8019-c6c2c0b14636: start LeaderState
2019-07-13 16:34:40,594 INFO  segmented.SegmentedRaftLogWorker (SegmentedRaftLogWorker.java:startLogSegment(380)) - 0d8de9e7-9fe7-4911-8019-c6c2c0b14636-SegmentedRaftLogWorker:Storage Directory /tmp/workdir/hadoop-ozone/integration-test/target/test-dir/MiniOzoneClusterImpl-057be10f-cdfd-47e1-b7d7-538f995da6ce/datanode-5/data/ratis/b3f5314d-6a58-4d9e-9d04-6b05dc5b3b02: Starting segment from index:0
2019-07-13 16:34:40,594 INFO  impl.RaftServerImpl (ServerState.java:setRaftConf(361)) - 0d8de9e7-9fe7-4911-8019-c6c2c0b14636:group-6B05DC5B3B02 set configuration 0: [0d8de9e7-9fe7-4911-8019-c6c2c0b14636:192.168.5.187:36713], old=null at 0
2019-07-13 16:34:40,622 INFO  segmented.SegmentedRaftLogWorker (SegmentedRaftLogWorker.java:execute(569)) - 0d8de9e7-9fe7-4911-8019-c6c2c0b14636-SegmentedRaftLogWorker:Storage Directory /tmp/workdir/hadoop-ozone/integration-test/target/test-dir/MiniOzoneClusterImpl-057be10f-cdfd-47e1-b7d7-538f995da6ce/datanode-5/data/ratis/b3f5314d-6a58-4d9e-9d04-6b05dc5b3b02: created new log segment /tmp/workdir/hadoop-ozone/integration-test/target/test-dir/MiniOzoneClusterImpl-057be10f-cdfd-47e1-b7d7-538f995da6ce/datanode-5/data/ratis/b3f5314d-6a58-4d9e-9d04-6b05dc5b3b02/current/log_inprogress_0
2019-07-13 16:34:40,632 INFO  impl.FollowerState (FollowerState.java:run(106)) - 64d8d0d8-69cb-4bd4-87b3-5f7337c18ef9:group-F3DEBDE82E42 changes to CANDIDATE, lastRpcTime:5034, electionTimeout:5034ms
2019-07-13 16:34:40,632 INFO  impl.RoleInfo (RoleInfo.java:shutdownFollowerState(121)) - 64d8d0d8-69cb-4bd4-87b3-5f7337c18ef9: shutdown FollowerState
2019-07-13 16:34:40,632 INFO  impl.RaftServerImpl (RaftServerImpl.java:setRole(171)) - 64d8d0d8-69cb-4bd4-87b3-5f7337c18ef9:group-F3DEBDE82E42 changes role from FOLLOWER to CANDIDATE at term 0 for changeToCandidate
2019-07-13 16:34:40,632 INFO  impl.RoleInfo (RoleInfo.java:updateAndGet(143)) - 64d8d0d8-69cb-4bd4-87b3-5f7337c18ef9: start LeaderElection
2019-07-13 16:34:40,642 INFO  impl.LeaderElection (LeaderElection.java:askForVotes(181)) - 64d8d0d8-69cb-4bd4-87b3-5f7337c18ef9:group-F3DEBDE82E42:LeaderElection44: begin an election at term 1 for -1: [0d8de9e7-9fe7-4911-8019-c6c2c0b14636:192.168.5.187:36713, 64d8d0d8-69cb-4bd4-87b3-5f7337c18ef9:192.168.5.187:36693, 80fdcb8a-4dcf-476b-8901-e3585c02748e:192.168.5.187:35716], old=null
2019-07-13 16:34:40,651 INFO  impl.RaftServerImpl (RaftServerImpl.java:setRole(171)) - 80fdcb8a-4dcf-476b-8901-e3585c02748e:group-F3DEBDE82E42 changes role from FOLLOWER to FOLLOWER at term 1 for recognizeCandidate:64d8d0d8-69cb-4bd4-87b3-5f7337c18ef9
2019-07-13 16:34:40,651 INFO  impl.RaftServerImpl (RaftServerImpl.java:setRole(171)) - 0d8de9e7-9fe7-4911-8019-c6c2c0b14636:group-F3DEBDE82E42 changes role from FOLLOWER to FOLLOWER at term 1 for recognizeCandidate:64d8d0d8-69cb-4bd4-87b3-5f7337c18ef9
2019-07-13 16:34:40,652 INFO  impl.RoleInfo (RoleInfo.java:shutdownFollowerState(121)) - 80fdcb8a-4dcf-476b-8901-e3585c02748e: shutdown FollowerState
2019-07-13 16:34:40,652 INFO  impl.RoleInfo (RoleInfo.java:shutdownFollowerState(121)) - 0d8de9e7-9fe7-4911-8019-c6c2c0b14636: shutdown FollowerState
2019-07-13 16:34:40,652 INFO  impl.RoleInfo (RoleInfo.java:updateAndGet(143)) - 80fdcb8a-4dcf-476b-8901-e3585c02748e: start FollowerState
2019-07-13 16:34:40,652 INFO  impl.FollowerState (FollowerState.java:run(114)) - 0d8de9e7-9fe7-4911-8019-c6c2c0b14636: FollowerState was interrupted: java.lang.InterruptedException: sleep interrupted
2019-07-13 16:34:40,652 INFO  impl.RoleInfo (RoleInfo.java:updateAndGet(143)) - 0d8de9e7-9fe7-4911-8019-c6c2c0b14636: start FollowerState
2019-07-13 16:34:40,652 INFO  impl.FollowerState (FollowerState.java:run(114)) - 80fdcb8a-4dcf-476b-8901-e3585c02748e: FollowerState was interrupted: java.lang.InterruptedException: sleep interrupted
2019-07-13 16:34:40,660 INFO  impl.LeaderElection (LeaderElection.java:logAndReturn(56)) - 64d8d0d8-69cb-4bd4-87b3-5f7337c18ef9:group-F3DEBDE82E42:LeaderElection44: Election PASSED; received 1 response(s) [64d8d0d8-69cb-4bd4-87b3-5f7337c18ef9<-0d8de9e7-9fe7-4911-8019-c6c2c0b14636#0:OK-t1] and 0 exception(s); 64d8d0d8-69cb-4bd4-87b3-5f7337c18ef9:t1, leader=null, voted=64d8d0d8-69cb-4bd4-87b3-5f7337c18ef9, raftlog=64d8d0d8-69cb-4bd4-87b3-5f7337c18ef9-SegmentedRaftLog:OPENED:c-1,f-1,i0, conf=-1: [0d8de9e7-9fe7-4911-8019-c6c2c0b14636:192.168.5.187:36713, 64d8d0d8-69cb-4bd4-87b3-5f7337c18ef9:192.168.5.187:36693, 80fdcb8a-4dcf-476b-8901-e3585c02748e:192.168.5.187:35716], old=null
2019-07-13 16:34:40,660 INFO  impl.RoleInfo (RoleInfo.java:shutdownLeaderElection(134)) - 64d8d0d8-69cb-4bd4-87b3-5f7337c18ef9: shutdown LeaderElection
2019-07-13 16:34:40,660 INFO  impl.RaftServerImpl (RaftServerImpl.java:setRole(171)) - 64d8d0d8-69cb-4bd4-87b3-5f7337c18ef9:group-F3DEBDE82E42 changes role from CANDIDATE to LEADER at term 1 for changeToLeader
2019-07-13 16:34:40,660 INFO  impl.RaftServerImpl (ServerState.java:setLeader(263)) - 64d8d0d8-69cb-4bd4-87b3-5f7337c18ef9:group-F3DEBDE82E42 change Leader from null to 64d8d0d8-69cb-4bd4-87b3-5f7337c18ef9 at term 1 for becomeLeader, leader elected after 5070ms
2019-07-13 16:34:40,661 INFO  server.RaftServerConfigKeys (ConfUtils.java:logGet(43)) - raft.server.staging.catchup.gap = 1000 (default)
2019-07-13 16:34:40,661 INFO  server.RaftServerConfigKeys (ConfUtils.java:logGet(43)) - raft.server.rpc.sleep.time = 25ms (default)
2019-07-13 16:34:40,661 INFO  server.RaftServerConfigKeys (ConfUtils.java:logGet(43)) - raft.server.write.element-limit = 4096 (default)
2019-07-13 16:34:40,661 INFO  server.RaftServerConfigKeys (ConfUtils.java:logGet(43)) - raft.server.watch.timeout = 10s (default)
2019-07-13 16:34:40,661 INFO  server.RaftServerConfigKeys (ConfUtils.java:logGet(43)) - raft.server.watch.timeout.denomination = 1s (default)
2019-07-13 16:34:40,661 INFO  server.RaftServerConfigKeys (ConfUtils.java:logGet(43)) - raft.server.watch.element-limit = 65536 (default)
2019-07-13 16:34:40,662 INFO  server.RaftServerConfigKeys (ConfUtils.java:logGet(43)) - raft.server.log.appender.snapshot.chunk.size.max = 16MB (=16777216) (default)
2019-07-13 16:34:40,662 INFO  server.RaftServerConfigKeys (ConfUtils.java:logGet(43)) - raft.server.log.appender.buffer.byte-limit = 33554432 (custom)
2019-07-13 16:34:40,662 INFO  server.RaftServerConfigKeys (ConfUtils.java:logGet(43)) - raft.server.log.appender.buffer.element-limit = 1 (custom)
2019-07-13 16:34:40,662 INFO  grpc.GrpcConfigKeys$Server (ConfUtils.java:logGet(43)) - raft.grpc.server.leader.outstanding.appends.max = 128 (default)
2019-07-13 16:34:40,662 INFO  server.RaftServerConfigKeys (ConfUtils.java:logGet(43)) - raft.server.rpc.request.timeout = 3000ms (default)
2019-07-13 16:34:40,663 INFO  server.RaftServerConfigKeys (ConfUtils.java:logGet(43)) - raft.server.log.appender.install.snapshot.enabled = false (custom)
2019-07-13 16:34:40,663 INFO  server.RaftServerConfigKeys (ConfUtils.java:logGet(43)) - raft.server.log.appender.snapshot.chunk.size.max = 16MB (=16777216) (default)
2019-07-13 16:34:40,663 INFO  server.RaftServerConfigKeys (ConfUtils.java:logGet(43)) - raft.server.log.appender.buffer.byte-limit = 33554432 (custom)
2019-07-13 16:34:40,663 INFO  server.RaftServerConfigKeys (ConfUtils.java:logGet(43)) - raft.server.log.appender.buffer.element-limit = 1 (custom)
2019-07-13 16:34:40,663 INFO  grpc.GrpcConfigKeys$Server (ConfUtils.java:logGet(43)) - raft.grpc.server.leader.outstanding.appends.max = 128 (default)
2019-07-13 16:34:40,664 INFO  server.RaftServerConfigKeys (ConfUtils.java:logGet(43)) - raft.server.rpc.request.timeout = 3000ms (default)
2019-07-13 16:34:40,664 INFO  server.RaftServerConfigKeys (ConfUtils.java:logGet(43)) - raft.server.log.appender.install.snapshot.enabled = false (custom)
2019-07-13 16:34:40,664 INFO  impl.RoleInfo (RoleInfo.java:updateAndGet(143)) - 64d8d0d8-69cb-4bd4-87b3-5f7337c18ef9: start LeaderState
2019-07-13 16:34:40,664 INFO  segmented.SegmentedRaftLogWorker (SegmentedRaftLogWorker.java:startLogSegment(380)) - 64d8d0d8-69cb-4bd4-87b3-5f7337c18ef9-SegmentedRaftLogWorker:Storage Directory /tmp/workdir/hadoop-ozone/integration-test/target/test-dir/MiniOzoneClusterImpl-057be10f-cdfd-47e1-b7d7-538f995da6ce/datanode-4/data/ratis/e3239f62-6903-4561-98ed-f3debde82e42: Starting segment from index:0
2019-07-13 16:34:40,665 INFO  impl.RaftServerImpl (ServerState.java:setRaftConf(361)) - 64d8d0d8-69cb-4bd4-87b3-5f7337c18ef9:group-F3DEBDE82E42 set configuration 0: [0d8de9e7-9fe7-4911-8019-c6c2c0b14636:192.168.5.187:36713, 64d8d0d8-69cb-4bd4-87b3-5f7337c18ef9:192.168.5.187:36693, 80fdcb8a-4dcf-476b-8901-e3585c02748e:192.168.5.187:35716], old=null at 0
2019-07-13 16:34:40,698 INFO  impl.RaftServerImpl (ServerState.java:setLeader(263)) - 0d8de9e7-9fe7-4911-8019-c6c2c0b14636:group-F3DEBDE82E42 change Leader from null to 64d8d0d8-69cb-4bd4-87b3-5f7337c18ef9 at term 1 for appendEntries, leader elected after 5108ms
2019-07-13 16:34:40,698 INFO  impl.RaftServerImpl (ServerState.java:setLeader(263)) - 80fdcb8a-4dcf-476b-8901-e3585c02748e:group-F3DEBDE82E42 change Leader from null to 64d8d0d8-69cb-4bd4-87b3-5f7337c18ef9 at term 1 for appendEntries, leader elected after 5107ms
2019-07-13 16:34:40,701 INFO  impl.RaftServerImpl (ServerState.java:setRaftConf(361)) - 0d8de9e7-9fe7-4911-8019-c6c2c0b14636:group-F3DEBDE82E42 set configuration 0: [0d8de9e7-9fe7-4911-8019-c6c2c0b14636:192.168.5.187:36713, 64d8d0d8-69cb-4bd4-87b3-5f7337c18ef9:192.168.5.187:36693, 80fdcb8a-4dcf-476b-8901-e3585c02748e:192.168.5.187:35716], old=null at 0
2019-07-13 16:34:40,701 INFO  segmented.SegmentedRaftLogWorker (SegmentedRaftLogWorker.java:startLogSegment(380)) - 0d8de9e7-9fe7-4911-8019-c6c2c0b14636-SegmentedRaftLogWorker:Storage Directory /tmp/workdir/hadoop-ozone/integration-test/target/test-dir/MiniOzoneClusterImpl-057be10f-cdfd-47e1-b7d7-538f995da6ce/datanode-5/data/ratis/e3239f62-6903-4561-98ed-f3debde82e42: Starting segment from index:0
2019-07-13 16:34:40,701 INFO  impl.RaftServerImpl (ServerState.java:setRaftConf(361)) - 80fdcb8a-4dcf-476b-8901-e3585c02748e:group-F3DEBDE82E42 set configuration 0: [0d8de9e7-9fe7-4911-8019-c6c2c0b14636:192.168.5.187:36713, 64d8d0d8-69cb-4bd4-87b3-5f7337c18ef9:192.168.5.187:36693, 80fdcb8a-4dcf-476b-8901-e3585c02748e:192.168.5.187:35716], old=null at 0
2019-07-13 16:34:40,702 INFO  segmented.SegmentedRaftLogWorker (SegmentedRaftLogWorker.java:startLogSegment(380)) - 80fdcb8a-4dcf-476b-8901-e3585c02748e-SegmentedRaftLogWorker:Storage Directory /tmp/workdir/hadoop-ozone/integration-test/target/test-dir/MiniOzoneClusterImpl-057be10f-cdfd-47e1-b7d7-538f995da6ce/datanode-3/data/ratis/e3239f62-6903-4561-98ed-f3debde82e42: Starting segment from index:0
2019-07-13 16:34:40,710 INFO  segmented.SegmentedRaftLogWorker (SegmentedRaftLogWorker.java:execute(569)) - 64d8d0d8-69cb-4bd4-87b3-5f7337c18ef9-SegmentedRaftLogWorker:Storage Directory /tmp/workdir/hadoop-ozone/integration-test/target/test-dir/MiniOzoneClusterImpl-057be10f-cdfd-47e1-b7d7-538f995da6ce/datanode-4/data/ratis/e3239f62-6903-4561-98ed-f3debde82e42: created new log segment /tmp/workdir/hadoop-ozone/integration-test/target/test-dir/MiniOzoneClusterImpl-057be10f-cdfd-47e1-b7d7-538f995da6ce/datanode-4/data/ratis/e3239f62-6903-4561-98ed-f3debde82e42/current/log_inprogress_0
2019-07-13 16:34:40,734 INFO  segmented.SegmentedRaftLogWorker (SegmentedRaftLogWorker.java:execute(569)) - 0d8de9e7-9fe7-4911-8019-c6c2c0b14636-SegmentedRaftLogWorker:Storage Directory /tmp/workdir/hadoop-ozone/integration-test/target/test-dir/MiniOzoneClusterImpl-057be10f-cdfd-47e1-b7d7-538f995da6ce/datanode-5/data/ratis/e3239f62-6903-4561-98ed-f3debde82e42: created new log segment /tmp/workdir/hadoop-ozone/integration-test/target/test-dir/MiniOzoneClusterImpl-057be10f-cdfd-47e1-b7d7-538f995da6ce/datanode-5/data/ratis/e3239f62-6903-4561-98ed-f3debde82e42/current/log_inprogress_0
2019-07-13 16:34:40,734 INFO  segmented.SegmentedRaftLogWorker (SegmentedRaftLogWorker.java:execute(569)) - 80fdcb8a-4dcf-476b-8901-e3585c02748e-SegmentedRaftLogWorker:Storage Directory /tmp/workdir/hadoop-ozone/integration-test/target/test-dir/MiniOzoneClusterImpl-057be10f-cdfd-47e1-b7d7-538f995da6ce/datanode-3/data/ratis/e3239f62-6903-4561-98ed-f3debde82e42: created new log segment /tmp/workdir/hadoop-ozone/integration-test/target/test-dir/MiniOzoneClusterImpl-057be10f-cdfd-47e1-b7d7-538f995da6ce/datanode-3/data/ratis/e3239f62-6903-4561-98ed-f3debde82e42/current/log_inprogress_0
2019-07-13 16:34:40,746 INFO  impl.FollowerState (FollowerState.java:run(106)) - 9cdddb5d-8f3a-464c-a422-38eea483236b:group-0FA2369CFB42 changes to CANDIDATE, lastRpcTime:5039, electionTimeout:5039ms
2019-07-13 16:34:40,746 INFO  impl.RoleInfo (RoleInfo.java:shutdownFollowerState(121)) - 9cdddb5d-8f3a-464c-a422-38eea483236b: shutdown FollowerState
2019-07-13 16:34:40,746 INFO  impl.RaftServerImpl (RaftServerImpl.java:setRole(171)) - 9cdddb5d-8f3a-464c-a422-38eea483236b:group-0FA2369CFB42 changes role from FOLLOWER to CANDIDATE at term 0 for changeToCandidate
2019-07-13 16:34:40,746 INFO  impl.RoleInfo (RoleInfo.java:updateAndGet(143)) - 9cdddb5d-8f3a-464c-a422-38eea483236b: start LeaderElection
2019-07-13 16:34:40,758 INFO  impl.LeaderElection (LeaderElection.java:askForVotes(181)) - 9cdddb5d-8f3a-464c-a422-38eea483236b:group-0FA2369CFB42:LeaderElection45: begin an election at term 1 for -1: [9cdddb5d-8f3a-464c-a422-38eea483236b:192.168.5.187:39021], old=null
2019-07-13 16:34:40,758 INFO  impl.RoleInfo (RoleInfo.java:shutdownLeaderElection(134)) - 9cdddb5d-8f3a-464c-a422-38eea483236b: shutdown LeaderElection
2019-07-13 16:34:40,758 INFO  impl.RaftServerImpl (RaftServerImpl.java:setRole(171)) - 9cdddb5d-8f3a-464c-a422-38eea483236b:group-0FA2369CFB42 changes role from CANDIDATE to LEADER at term 1 for changeToLeader
2019-07-13 16:34:40,758 INFO  impl.RaftServerImpl (ServerState.java:setLeader(263)) - 9cdddb5d-8f3a-464c-a422-38eea483236b:group-0FA2369CFB42 change Leader from null to 9cdddb5d-8f3a-464c-a422-38eea483236b at term 1 for becomeLeader, leader elected after 5055ms
2019-07-13 16:34:40,758 INFO  server.RaftServerConfigKeys (ConfUtils.java:logGet(43)) - raft.server.staging.catchup.gap = 1000 (default)
2019-07-13 16:34:40,758 INFO  server.RaftServerConfigKeys (ConfUtils.java:logGet(43)) - raft.server.rpc.sleep.time = 25ms (default)
2019-07-13 16:34:40,759 INFO  server.RaftServerConfigKeys (ConfUtils.java:logGet(43)) - raft.server.write.element-limit = 4096 (default)
2019-07-13 16:34:40,759 INFO  server.RaftServerConfigKeys (ConfUtils.java:logGet(43)) - raft.server.watch.timeout = 10s (default)
2019-07-13 16:34:40,759 INFO  server.RaftServerConfigKeys (ConfUtils.java:logGet(43)) - raft.server.watch.timeout.denomination = 1s (default)
2019-07-13 16:34:40,759 INFO  server.RaftServerConfigKeys (ConfUtils.java:logGet(43)) - raft.server.watch.element-limit = 65536 (default)
2019-07-13 16:34:40,759 INFO  impl.RoleInfo (RoleInfo.java:updateAndGet(143)) - 9cdddb5d-8f3a-464c-a422-38eea483236b: start LeaderState
2019-07-13 16:34:40,760 INFO  segmented.SegmentedRaftLogWorker (SegmentedRaftLogWorker.java:startLogSegment(380)) - 9cdddb5d-8f3a-464c-a422-38eea483236b-SegmentedRaftLogWorker:Storage Directory /tmp/workdir/hadoop-ozone/integration-test/target/test-dir/MiniOzoneClusterImpl-057be10f-cdfd-47e1-b7d7-538f995da6ce/datanode-6/data/ratis/6179ae5e-958d-45aa-a9bf-0fa2369cfb42: Starting segment from index:0
2019-07-13 16:34:40,760 INFO  impl.RaftServerImpl (ServerState.java:setRaftConf(361)) - 9cdddb5d-8f3a-464c-a422-38eea483236b:group-0FA2369CFB42 set configuration 0: [9cdddb5d-8f3a-464c-a422-38eea483236b:192.168.5.187:39021], old=null at 0
2019-07-13 16:34:40,789 INFO  segmented.SegmentedRaftLogWorker (SegmentedRaftLogWorker.java:execute(569)) - 9cdddb5d-8f3a-464c-a422-38eea483236b-SegmentedRaftLogWorker:Storage Directory /tmp/workdir/hadoop-ozone/integration-test/target/test-dir/MiniOzoneClusterImpl-057be10f-cdfd-47e1-b7d7-538f995da6ce/datanode-6/data/ratis/6179ae5e-958d-45aa-a9bf-0fa2369cfb42: created new log segment /tmp/workdir/hadoop-ozone/integration-test/target/test-dir/MiniOzoneClusterImpl-057be10f-cdfd-47e1-b7d7-538f995da6ce/datanode-6/data/ratis/6179ae5e-958d-45aa-a9bf-0fa2369cfb42/current/log_inprogress_0
2019-07-13 16:34:40,870 INFO  client.GrpcClientProtocolClient (GrpcClientProtocolClient.java:onNext(255)) - client-79CEE0236AFC->0d8de9e7-9fe7-4911-8019-c6c2c0b14636: receive RaftClientReply:client-79CEE0236AFC->0d8de9e7-9fe7-4911-8019-c6c2c0b14636@group-6B05DC5B3B02, cid=140, SUCCESS, logIndex=1, commits[0d8de9e7-9fe7-4911-8019-c6c2c0b14636:c1]
2019-07-13 16:34:40,890 INFO  client.GrpcClientProtocolClient (GrpcClientProtocolClient.java:onNext(255)) - client-79CEE0236AFC->0d8de9e7-9fe7-4911-8019-c6c2c0b14636: receive RaftClientReply:client-79CEE0236AFC->0d8de9e7-9fe7-4911-8019-c6c2c0b14636@group-6B05DC5B3B02, cid=141, SUCCESS, logIndex=3, commits[0d8de9e7-9fe7-4911-8019-c6c2c0b14636:c3]
2019-07-13 16:34:40,948 INFO  client.GrpcClientProtocolClient (GrpcClientProtocolClient.java:onNext(255)) - client-79CEE0236AFC->0d8de9e7-9fe7-4911-8019-c6c2c0b14636: receive RaftClientReply:client-79CEE0236AFC->0d8de9e7-9fe7-4911-8019-c6c2c0b14636@group-6B05DC5B3B02, cid=142, SUCCESS, logIndex=4, commits[0d8de9e7-9fe7-4911-8019-c6c2c0b14636:c9]
2019-07-13 16:34:40,949 INFO  client.GrpcClientProtocolClient (GrpcClientProtocolClient.java:onNext(255)) - client-79CEE0236AFC->0d8de9e7-9fe7-4911-8019-c6c2c0b14636: receive RaftClientReply:client-79CEE0236AFC->0d8de9e7-9fe7-4911-8019-c6c2c0b14636@group-6B05DC5B3B02, cid=143, SUCCESS, logIndex=5, commits[0d8de9e7-9fe7-4911-8019-c6c2c0b14636:c9]
2019-07-13 16:34:40,949 INFO  client.GrpcClientProtocolClient (GrpcClientProtocolClient.java:onNext(255)) - client-79CEE0236AFC->0d8de9e7-9fe7-4911-8019-c6c2c0b14636: receive RaftClientReply:client-79CEE0236AFC->0d8de9e7-9fe7-4911-8019-c6c2c0b14636@group-6B05DC5B3B02, cid=144, SUCCESS, logIndex=6, commits[0d8de9e7-9fe7-4911-8019-c6c2c0b14636:c9]
2019-07-13 16:34:40,950 INFO  client.GrpcClientProtocolClient (GrpcClientProtocolClient.java:onNext(255)) - client-79CEE0236AFC->0d8de9e7-9fe7-4911-8019-c6c2c0b14636: receive RaftClientReply:client-79CEE0236AFC->0d8de9e7-9fe7-4911-8019-c6c2c0b14636@group-6B05DC5B3B02, cid=145, SUCCESS, logIndex=7, commits[0d8de9e7-9fe7-4911-8019-c6c2c0b14636:c9]
2019-07-13 16:34:40,965 INFO  client.GrpcClientProtocolClient (GrpcClientProtocolClient.java:onNext(255)) - client-79CEE0236AFC->0d8de9e7-9fe7-4911-8019-c6c2c0b14636: receive RaftClientReply:client-79CEE0236AFC->0d8de9e7-9fe7-4911-8019-c6c2c0b14636@group-6B05DC5B3B02, cid=146, SUCCESS, logIndex=10, commits[0d8de9e7-9fe7-4911-8019-c6c2c0b14636:c11]
2019-07-13 16:34:40,966 INFO  client.GrpcClientProtocolClient (GrpcClientProtocolClient.java:onNext(255)) - client-79CEE0236AFC->0d8de9e7-9fe7-4911-8019-c6c2c0b14636: receive RaftClientReply:client-79CEE0236AFC->0d8de9e7-9fe7-4911-8019-c6c2c0b14636@group-6B05DC5B3B02, cid=147, SUCCESS, logIndex=11, commits[0d8de9e7-9fe7-4911-8019-c6c2c0b14636:c11]
2019-07-13 16:34:40,969 INFO  container.CloseContainerEventHandler (CloseContainerEventHandler.java:onMessage(61)) - Close container Event triggered for container : #1
2019-07-13 16:34:42,915 INFO  interfaces.Container (KeyValueContainer.java:compactDB(356)) - Container 1 is closed with bcsId 11.
16:34:42.983 [grpc-default-executor-8] ERROR DNAudit - user=null | ip=null | op=WRITE_CHUNK {blockData=conID: 1 locID: 102435106112536587 bcsId: 11} | ret=FAILURE
org.apache.hadoop.hdds.scm.container.common.helpers.ContainerNotOpenException: Container 1 in CLOSED state
	at org.apache.hadoop.ozone.container.common.impl.HddsDispatcher.validateContainerCommand(HddsDispatcher.java:408) ~[hadoop-hdds-container-service-0.5.0-SNAPSHOT.jar:?]
	at org.apache.hadoop.ozone.container.common.transport.server.ratis.ContainerStateMachine.startTransaction(ContainerStateMachine.java:271) ~[hadoop-hdds-container-service-0.5.0-SNAPSHOT.jar:?]
	at org.apache.ratis.server.impl.RaftServerImpl.submitClientRequestAsync(RaftServerImpl.java:566) ~[ratis-server-0.4.0-2337318-SNAPSHOT.jar:0.4.0-2337318-SNAPSHOT]
	at org.apache.ratis.server.impl.RaftServerProxy.lambda$submitClientRequestAsync$7(RaftServerProxy.java:333) ~[ratis-server-0.4.0-2337318-SNAPSHOT.jar:0.4.0-2337318-SNAPSHOT]
	at org.apache.ratis.server.impl.RaftServerProxy.lambda$null$5(RaftServerProxy.java:328) ~[ratis-server-0.4.0-2337318-SNAPSHOT.jar:0.4.0-2337318-SNAPSHOT]
	at org.apache.ratis.util.JavaUtils.callAsUnchecked(JavaUtils.java:109) ~[ratis-common-0.4.0-2337318-SNAPSHOT.jar:0.4.0-2337318-SNAPSHOT]
	at org.apache.ratis.server.impl.RaftServerProxy.lambda$submitRequest$6(RaftServerProxy.java:328) ~[ratis-server-0.4.0-2337318-SNAPSHOT.jar:0.4.0-2337318-SNAPSHOT]
	at java.util.concurrent.CompletableFuture.uniComposeStage(CompletableFuture.java:981) ~[?:1.8.0_212]
	at java.util.concurrent.CompletableFuture.thenCompose(CompletableFuture.java:2124) ~[?:1.8.0_212]
	at org.apache.ratis.server.impl.RaftServerProxy.submitRequest(RaftServerProxy.java:327) ~[ratis-server-0.4.0-2337318-SNAPSHOT.jar:0.4.0-2337318-SNAPSHOT]
	at org.apache.ratis.server.impl.RaftServerProxy.submitClientRequestAsync(RaftServerProxy.java:333) ~[ratis-server-0.4.0-2337318-SNAPSHOT.jar:0.4.0-2337318-SNAPSHOT]
	at org.apache.ratis.grpc.client.GrpcClientProtocolService$RequestStreamObserver.processClientRequest(GrpcClientProtocolService.java:220) ~[ratis-grpc-0.4.0-2337318-SNAPSHOT.jar:0.4.0-2337318-SNAPSHOT]
	at org.apache.ratis.grpc.client.GrpcClientProtocolService$OrderedRequestStreamObserver.processClientRequest(GrpcClientProtocolService.java:326) ~[ratis-grpc-0.4.0-2337318-SNAPSHOT.jar:0.4.0-2337318-SNAPSHOT]
	at org.apache.ratis.util.SlidingWindow$Server.processRequestsFromHead(SlidingWindow.java:429) [ratis-common-0.4.0-2337318-SNAPSHOT.jar:0.4.0-2337318-SNAPSHOT]
	at org.apache.ratis.util.SlidingWindow$Server.receivedRequest(SlidingWindow.java:421) [ratis-common-0.4.0-2337318-SNAPSHOT.jar:0.4.0-2337318-SNAPSHOT]
	at org.apache.ratis.grpc.client.GrpcClientProtocolService$OrderedRequestStreamObserver.processClientRequest(GrpcClientProtocolService.java:345) [ratis-grpc-0.4.0-2337318-SNAPSHOT.jar:0.4.0-2337318-SNAPSHOT]
	at org.apache.ratis.grpc.client.GrpcClientProtocolService$RequestStreamObserver.onNext(GrpcClientProtocolService.java:240) [ratis-grpc-0.4.0-2337318-SNAPSHOT.jar:0.4.0-2337318-SNAPSHOT]
	at org.apache.ratis.grpc.client.GrpcClientProtocolService$RequestStreamObserver.onNext(GrpcClientProtocolService.java:168) [ratis-grpc-0.4.0-2337318-SNAPSHOT.jar:0.4.0-2337318-SNAPSHOT]
	at org.apache.ratis.thirdparty.io.grpc.stub.ServerCalls$StreamingServerCallHandler$StreamingServerCallListener.onMessage(ServerCalls.java:248) [ratis-thirdparty-misc-0.2.0.jar:0.2.0]
	at org.apache.ratis.thirdparty.io.grpc.internal.ServerCallImpl$ServerStreamListenerImpl.messagesAvailable(ServerCallImpl.java:263) [ratis-thirdparty-misc-0.2.0.jar:0.2.0]
	at org.apache.ratis.thirdparty.io.grpc.internal.ServerImpl$JumpToApplicationThreadServerStreamListener$1MessagesAvailable.runInContext(ServerImpl.java:686) [ratis-thirdparty-misc-0.2.0.jar:0.2.0]
	at org.apache.ratis.thirdparty.io.grpc.internal.ContextRunnable.run(ContextRunnable.java:37) [ratis-thirdparty-misc-0.2.0.jar:0.2.0]
	at org.apache.ratis.thirdparty.io.grpc.internal.SerializingExecutor.run(SerializingExecutor.java:123) [ratis-thirdparty-misc-0.2.0.jar:0.2.0]
	at java.util.concurrent.ThreadPoolExecutor.runWorker(ThreadPoolExecutor.java:1149) [?:1.8.0_212]
	at java.util.concurrent.ThreadPoolExecutor$Worker.run(ThreadPoolExecutor.java:624) [?:1.8.0_212]
	at java.lang.Thread.run(Thread.java:748) [?:1.8.0_212]
16:34:42.993 [grpc-default-executor-8] ERROR DNAudit - user=null | ip=null | op=WRITE_CHUNK {blockData=conID: 1 locID: 102435106112536587 bcsId: 11} | ret=FAILURE
org.apache.hadoop.hdds.scm.container.common.helpers.ContainerNotOpenException: Container 1 in CLOSED state
	at org.apache.hadoop.ozone.container.common.impl.HddsDispatcher.validateContainerCommand(HddsDispatcher.java:408) ~[hadoop-hdds-container-service-0.5.0-SNAPSHOT.jar:?]
	at org.apache.hadoop.ozone.container.common.transport.server.ratis.ContainerStateMachine.startTransaction(ContainerStateMachine.java:271) ~[hadoop-hdds-container-service-0.5.0-SNAPSHOT.jar:?]
	at org.apache.ratis.server.impl.RaftServerImpl.submitClientRequestAsync(RaftServerImpl.java:566) ~[ratis-server-0.4.0-2337318-SNAPSHOT.jar:0.4.0-2337318-SNAPSHOT]
	at org.apache.ratis.server.impl.RaftServerProxy.lambda$submitClientRequestAsync$7(RaftServerProxy.java:333) ~[ratis-server-0.4.0-2337318-SNAPSHOT.jar:0.4.0-2337318-SNAPSHOT]
	at org.apache.ratis.server.impl.RaftServerProxy.lambda$null$5(RaftServerProxy.java:328) ~[ratis-server-0.4.0-2337318-SNAPSHOT.jar:0.4.0-2337318-SNAPSHOT]
	at org.apache.ratis.util.JavaUtils.callAsUnchecked(JavaUtils.java:109) ~[ratis-common-0.4.0-2337318-SNAPSHOT.jar:0.4.0-2337318-SNAPSHOT]
	at org.apache.ratis.server.impl.RaftServerProxy.lambda$submitRequest$6(RaftServerProxy.java:328) ~[ratis-server-0.4.0-2337318-SNAPSHOT.jar:0.4.0-2337318-SNAPSHOT]
	at java.util.concurrent.CompletableFuture.uniComposeStage(CompletableFuture.java:981) ~[?:1.8.0_212]
	at java.util.concurrent.CompletableFuture.thenCompose(CompletableFuture.java:2124) ~[?:1.8.0_212]
	at org.apache.ratis.server.impl.RaftServerProxy.submitRequest(RaftServerProxy.java:327) ~[ratis-server-0.4.0-2337318-SNAPSHOT.jar:0.4.0-2337318-SNAPSHOT]
	at org.apache.ratis.server.impl.RaftServerProxy.submitClientRequestAsync(RaftServerProxy.java:333) ~[ratis-server-0.4.0-2337318-SNAPSHOT.jar:0.4.0-2337318-SNAPSHOT]
	at org.apache.ratis.grpc.client.GrpcClientProtocolService$RequestStreamObserver.processClientRequest(GrpcClientProtocolService.java:220) ~[ratis-grpc-0.4.0-2337318-SNAPSHOT.jar:0.4.0-2337318-SNAPSHOT]
	at org.apache.ratis.grpc.client.GrpcClientProtocolService$OrderedRequestStreamObserver.processClientRequest(GrpcClientProtocolService.java:326) ~[ratis-grpc-0.4.0-2337318-SNAPSHOT.jar:0.4.0-2337318-SNAPSHOT]
	at org.apache.ratis.util.SlidingWindow$Server.processRequestsFromHead(SlidingWindow.java:429) [ratis-common-0.4.0-2337318-SNAPSHOT.jar:0.4.0-2337318-SNAPSHOT]
	at org.apache.ratis.util.SlidingWindow$Server.receivedRequest(SlidingWindow.java:421) [ratis-common-0.4.0-2337318-SNAPSHOT.jar:0.4.0-2337318-SNAPSHOT]
	at org.apache.ratis.grpc.client.GrpcClientProtocolService$OrderedRequestStreamObserver.processClientRequest(GrpcClientProtocolService.java:345) [ratis-grpc-0.4.0-2337318-SNAPSHOT.jar:0.4.0-2337318-SNAPSHOT]
	at org.apache.ratis.grpc.client.GrpcClientProtocolService$RequestStreamObserver.onNext(GrpcClientProtocolService.java:240) [ratis-grpc-0.4.0-2337318-SNAPSHOT.jar:0.4.0-2337318-SNAPSHOT]
	at org.apache.ratis.grpc.client.GrpcClientProtocolService$RequestStreamObserver.onNext(GrpcClientProtocolService.java:168) [ratis-grpc-0.4.0-2337318-SNAPSHOT.jar:0.4.0-2337318-SNAPSHOT]
	at org.apache.ratis.thirdparty.io.grpc.stub.ServerCalls$StreamingServerCallHandler$StreamingServerCallListener.onMessage(ServerCalls.java:248) [ratis-thirdparty-misc-0.2.0.jar:0.2.0]
	at org.apache.ratis.thirdparty.io.grpc.internal.ServerCallImpl$ServerStreamListenerImpl.messagesAvailable(ServerCallImpl.java:263) [ratis-thirdparty-misc-0.2.0.jar:0.2.0]
	at org.apache.ratis.thirdparty.io.grpc.internal.ServerImpl$JumpToApplicationThreadServerStreamListener$1MessagesAvailable.runInContext(ServerImpl.java:686) [ratis-thirdparty-misc-0.2.0.jar:0.2.0]
	at org.apache.ratis.thirdparty.io.grpc.internal.ContextRunnable.run(ContextRunnable.java:37) [ratis-thirdparty-misc-0.2.0.jar:0.2.0]
	at org.apache.ratis.thirdparty.io.grpc.internal.SerializingExecutor.run(SerializingExecutor.java:123) [ratis-thirdparty-misc-0.2.0.jar:0.2.0]
	at java.util.concurrent.ThreadPoolExecutor.runWorker(ThreadPoolExecutor.java:1149) [?:1.8.0_212]
	at java.util.concurrent.ThreadPoolExecutor$Worker.run(ThreadPoolExecutor.java:624) [?:1.8.0_212]
	at java.lang.Thread.run(Thread.java:748) [?:1.8.0_212]
2019-07-13 16:34:43,000 INFO  client.GrpcClientProtocolClient (GrpcClientProtocolClient.java:onNext(255)) - client-79CEE0236AFC->0d8de9e7-9fe7-4911-8019-c6c2c0b14636: receive RaftClientReply:client-79CEE0236AFC->0d8de9e7-9fe7-4911-8019-c6c2c0b14636@group-6B05DC5B3B02, cid=148, FAILED org.apache.ratis.protocol.StateMachineException: org.apache.hadoop.hdds.scm.container.common.helpers.ContainerNotOpenException from Server 0d8de9e7-9fe7-4911-8019-c6c2c0b14636: Container 1 in CLOSED state, logIndex=0, commits[0d8de9e7-9fe7-4911-8019-c6c2c0b14636:c14]
16:34:43.001 [grpc-default-executor-8] ERROR DNAudit - user=null | ip=null | op=PUT_BLOCK {blockData=[blockId=conID: 1 locID: 102435106112536587 bcsId: 0,size=650]} | ret=FAILURE
org.apache.hadoop.hdds.scm.container.common.helpers.ContainerNotOpenException: Container 1 in CLOSED state
	at org.apache.hadoop.ozone.container.common.impl.HddsDispatcher.validateContainerCommand(HddsDispatcher.java:408) ~[hadoop-hdds-container-service-0.5.0-SNAPSHOT.jar:?]
	at org.apache.hadoop.ozone.container.common.transport.server.ratis.ContainerStateMachine.startTransaction(ContainerStateMachine.java:271) ~[hadoop-hdds-container-service-0.5.0-SNAPSHOT.jar:?]
	at org.apache.ratis.server.impl.RaftServerImpl.submitClientRequestAsync(RaftServerImpl.java:566) ~[ratis-server-0.4.0-2337318-SNAPSHOT.jar:0.4.0-2337318-SNAPSHOT]
	at org.apache.ratis.server.impl.RaftServerProxy.lambda$submitClientRequestAsync$7(RaftServerProxy.java:333) ~[ratis-server-0.4.0-2337318-SNAPSHOT.jar:0.4.0-2337318-SNAPSHOT]
	at org.apache.ratis.server.impl.RaftServerProxy.lambda$null$5(RaftServerProxy.java:328) ~[ratis-server-0.4.0-2337318-SNAPSHOT.jar:0.4.0-2337318-SNAPSHOT]
	at org.apache.ratis.util.JavaUtils.callAsUnchecked(JavaUtils.java:109) ~[ratis-common-0.4.0-2337318-SNAPSHOT.jar:0.4.0-2337318-SNAPSHOT]
	at org.apache.ratis.server.impl.RaftServerProxy.lambda$submitRequest$6(RaftServerProxy.java:328) ~[ratis-server-0.4.0-2337318-SNAPSHOT.jar:0.4.0-2337318-SNAPSHOT]
	at java.util.concurrent.CompletableFuture.uniComposeStage(CompletableFuture.java:981) ~[?:1.8.0_212]
	at java.util.concurrent.CompletableFuture.thenCompose(CompletableFuture.java:2124) ~[?:1.8.0_212]
	at org.apache.ratis.server.impl.RaftServerProxy.submitRequest(RaftServerProxy.java:327) ~[ratis-server-0.4.0-2337318-SNAPSHOT.jar:0.4.0-2337318-SNAPSHOT]
	at org.apache.ratis.server.impl.RaftServerProxy.submitClientRequestAsync(RaftServerProxy.java:333) ~[ratis-server-0.4.0-2337318-SNAPSHOT.jar:0.4.0-2337318-SNAPSHOT]
	at org.apache.ratis.grpc.client.GrpcClientProtocolService$RequestStreamObserver.processClientRequest(GrpcClientProtocolService.java:220) ~[ratis-grpc-0.4.0-2337318-SNAPSHOT.jar:0.4.0-2337318-SNAPSHOT]
	at org.apache.ratis.grpc.client.GrpcClientProtocolService$OrderedRequestStreamObserver.processClientRequest(GrpcClientProtocolService.java:326) ~[ratis-grpc-0.4.0-2337318-SNAPSHOT.jar:0.4.0-2337318-SNAPSHOT]
	at org.apache.ratis.util.SlidingWindow$Server.processRequestsFromHead(SlidingWindow.java:429) [ratis-common-0.4.0-2337318-SNAPSHOT.jar:0.4.0-2337318-SNAPSHOT]
	at org.apache.ratis.util.SlidingWindow$Server.receivedRequest(SlidingWindow.java:421) [ratis-common-0.4.0-2337318-SNAPSHOT.jar:0.4.0-2337318-SNAPSHOT]
	at org.apache.ratis.grpc.client.GrpcClientProtocolService$OrderedRequestStreamObserver.processClientRequest(GrpcClientProtocolService.java:345) [ratis-grpc-0.4.0-2337318-SNAPSHOT.jar:0.4.0-2337318-SNAPSHOT]
	at org.apache.ratis.grpc.client.GrpcClientProtocolService$RequestStreamObserver.onNext(GrpcClientProtocolService.java:240) [ratis-grpc-0.4.0-2337318-SNAPSHOT.jar:0.4.0-2337318-SNAPSHOT]
	at org.apache.ratis.grpc.client.GrpcClientProtocolService$RequestStreamObserver.onNext(GrpcClientProtocolService.java:168) [ratis-grpc-0.4.0-2337318-SNAPSHOT.jar:0.4.0-2337318-SNAPSHOT]
	at org.apache.ratis.thirdparty.io.grpc.stub.ServerCalls$StreamingServerCallHandler$StreamingServerCallListener.onMessage(ServerCalls.java:248) [ratis-thirdparty-misc-0.2.0.jar:0.2.0]
	at org.apache.ratis.thirdparty.io.grpc.internal.ServerCallImpl$ServerStreamListenerImpl.messagesAvailable(ServerCallImpl.java:263) [ratis-thirdparty-misc-0.2.0.jar:0.2.0]
	at org.apache.ratis.thirdparty.io.grpc.internal.ServerImpl$JumpToApplicationThreadServerStreamListener$1MessagesAvailable.runInContext(ServerImpl.java:686) [ratis-thirdparty-misc-0.2.0.jar:0.2.0]
	at org.apache.ratis.thirdparty.io.grpc.internal.ContextRunnable.run(ContextRunnable.java:37) [ratis-thirdparty-misc-0.2.0.jar:0.2.0]
	at org.apache.ratis.thirdparty.io.grpc.internal.SerializingExecutor.run(SerializingExecutor.java:123) [ratis-thirdparty-misc-0.2.0.jar:0.2.0]
	at java.util.concurrent.ThreadPoolExecutor.runWorker(ThreadPoolExecutor.java:1149) [?:1.8.0_212]
	at java.util.concurrent.ThreadPoolExecutor$Worker.run(ThreadPoolExecutor.java:624) [?:1.8.0_212]
	at java.lang.Thread.run(Thread.java:748) [?:1.8.0_212]
2019-07-13 16:34:43,002 INFO  client.GrpcClientProtocolClient (GrpcClientProtocolClient.java:onNext(255)) - client-79CEE0236AFC->0d8de9e7-9fe7-4911-8019-c6c2c0b14636: receive RaftClientReply:client-79CEE0236AFC->0d8de9e7-9fe7-4911-8019-c6c2c0b14636@group-6B05DC5B3B02, cid=149, FAILED org.apache.ratis.protocol.StateMachineException: org.apache.hadoop.hdds.scm.container.common.helpers.ContainerNotOpenException from Server 0d8de9e7-9fe7-4911-8019-c6c2c0b14636: Container 1 in CLOSED state, logIndex=0, commits[0d8de9e7-9fe7-4911-8019-c6c2c0b14636:c14]
16:34:43.008 [grpc-default-executor-7] ERROR DNAudit - user=null | ip=null | op=WRITE_CHUNK {blockData=conID: 1 locID: 102435106112536587 bcsId: 11} | ret=FAILURE
org.apache.hadoop.hdds.scm.container.common.helpers.ContainerNotOpenException: Container 1 in CLOSED state
	at org.apache.hadoop.ozone.container.common.impl.HddsDispatcher.validateContainerCommand(HddsDispatcher.java:408) ~[hadoop-hdds-container-service-0.5.0-SNAPSHOT.jar:?]
	at org.apache.hadoop.ozone.container.common.transport.server.ratis.ContainerStateMachine.startTransaction(ContainerStateMachine.java:271) ~[hadoop-hdds-container-service-0.5.0-SNAPSHOT.jar:?]
	at org.apache.ratis.server.impl.RaftServerImpl.submitClientRequestAsync(RaftServerImpl.java:566) ~[ratis-server-0.4.0-2337318-SNAPSHOT.jar:0.4.0-2337318-SNAPSHOT]
	at org.apache.ratis.server.impl.RaftServerProxy.lambda$submitClientRequestAsync$7(RaftServerProxy.java:333) ~[ratis-server-0.4.0-2337318-SNAPSHOT.jar:0.4.0-2337318-SNAPSHOT]
	at org.apache.ratis.server.impl.RaftServerProxy.lambda$null$5(RaftServerProxy.java:328) ~[ratis-server-0.4.0-2337318-SNAPSHOT.jar:0.4.0-2337318-SNAPSHOT]
	at org.apache.ratis.util.JavaUtils.callAsUnchecked(JavaUtils.java:109) ~[ratis-common-0.4.0-2337318-SNAPSHOT.jar:0.4.0-2337318-SNAPSHOT]
	at org.apache.ratis.server.impl.RaftServerProxy.lambda$submitRequest$6(RaftServerProxy.java:328) ~[ratis-server-0.4.0-2337318-SNAPSHOT.jar:0.4.0-2337318-SNAPSHOT]
	at java.util.concurrent.CompletableFuture.uniComposeStage(CompletableFuture.java:981) ~[?:1.8.0_212]
	at java.util.concurrent.CompletableFuture.thenCompose(CompletableFuture.java:2124) ~[?:1.8.0_212]
	at org.apache.ratis.server.impl.RaftServerProxy.submitRequest(RaftServerProxy.java:327) ~[ratis-server-0.4.0-2337318-SNAPSHOT.jar:0.4.0-2337318-SNAPSHOT]
	at org.apache.ratis.server.impl.RaftServerProxy.submitClientRequestAsync(RaftServerProxy.java:333) ~[ratis-server-0.4.0-2337318-SNAPSHOT.jar:0.4.0-2337318-SNAPSHOT]
	at org.apache.ratis.grpc.client.GrpcClientProtocolService$RequestStreamObserver.processClientRequest(GrpcClientProtocolService.java:220) ~[ratis-grpc-0.4.0-2337318-SNAPSHOT.jar:0.4.0-2337318-SNAPSHOT]
	at org.apache.ratis.grpc.client.GrpcClientProtocolService$OrderedRequestStreamObserver.processClientRequest(GrpcClientProtocolService.java:326) ~[ratis-grpc-0.4.0-2337318-SNAPSHOT.jar:0.4.0-2337318-SNAPSHOT]
	at org.apache.ratis.util.SlidingWindow$Server.processRequestsFromHead(SlidingWindow.java:429) [ratis-common-0.4.0-2337318-SNAPSHOT.jar:0.4.0-2337318-SNAPSHOT]
	at org.apache.ratis.util.SlidingWindow$Server.receivedRequest(SlidingWindow.java:421) [ratis-common-0.4.0-2337318-SNAPSHOT.jar:0.4.0-2337318-SNAPSHOT]
	at org.apache.ratis.grpc.client.GrpcClientProtocolService$OrderedRequestStreamObserver.processClientRequest(GrpcClientProtocolService.java:345) [ratis-grpc-0.4.0-2337318-SNAPSHOT.jar:0.4.0-2337318-SNAPSHOT]
	at org.apache.ratis.grpc.client.GrpcClientProtocolService$RequestStreamObserver.onNext(GrpcClientProtocolService.java:240) [ratis-grpc-0.4.0-2337318-SNAPSHOT.jar:0.4.0-2337318-SNAPSHOT]
	at org.apache.ratis.grpc.client.GrpcClientProtocolService$RequestStreamObserver.onNext(GrpcClientProtocolService.java:168) [ratis-grpc-0.4.0-2337318-SNAPSHOT.jar:0.4.0-2337318-SNAPSHOT]
	at org.apache.ratis.thirdparty.io.grpc.stub.ServerCalls$StreamingServerCallHandler$StreamingServerCallListener.onMessage(ServerCalls.java:248) [ratis-thirdparty-misc-0.2.0.jar:0.2.0]
	at org.apache.ratis.thirdparty.io.grpc.internal.ServerCallImpl$ServerStreamListenerImpl.messagesAvailable(ServerCallImpl.java:263) [ratis-thirdparty-misc-0.2.0.jar:0.2.0]
	at org.apache.ratis.thirdparty.io.grpc.internal.ServerImpl$JumpToApplicationThreadServerStreamListener$1MessagesAvailable.runInContext(ServerImpl.java:686) [ratis-thirdparty-misc-0.2.0.jar:0.2.0]
	at org.apache.ratis.thirdparty.io.grpc.internal.ContextRunnable.run(ContextRunnable.java:37) [ratis-thirdparty-misc-0.2.0.jar:0.2.0]
	at org.apache.ratis.thirdparty.io.grpc.internal.SerializingExecutor.run(SerializingExecutor.java:123) [ratis-thirdparty-misc-0.2.0.jar:0.2.0]
	at java.util.concurrent.ThreadPoolExecutor.runWorker(ThreadPoolExecutor.java:1149) [?:1.8.0_212]
	at java.util.concurrent.ThreadPoolExecutor$Worker.run(ThreadPoolExecutor.java:624) [?:1.8.0_212]
	at java.lang.Thread.run(Thread.java:748) [?:1.8.0_212]
2019-07-13 16:34:43,010 INFO  client.GrpcClientProtocolClient (GrpcClientProtocolClient.java:onNext(255)) - client-79CEE0236AFC->0d8de9e7-9fe7-4911-8019-c6c2c0b14636: receive RaftClientReply:client-79CEE0236AFC->0d8de9e7-9fe7-4911-8019-c6c2c0b14636@group-6B05DC5B3B02, cid=150, FAILED org.apache.ratis.protocol.StateMachineException: org.apache.hadoop.hdds.scm.container.common.helpers.ContainerNotOpenException from Server 0d8de9e7-9fe7-4911-8019-c6c2c0b14636: Container 1 in CLOSED state, logIndex=0, commits[0d8de9e7-9fe7-4911-8019-c6c2c0b14636:c14]
16:34:43.010 [grpc-default-executor-7] ERROR DNAudit - user=null | ip=null | op=WRITE_CHUNK {blockData=conID: 1 locID: 102435106112536587 bcsId: 11} | ret=FAILURE
org.apache.hadoop.hdds.scm.container.common.helpers.ContainerNotOpenException: Container 1 in CLOSED state
	at org.apache.hadoop.ozone.container.common.impl.HddsDispatcher.validateContainerCommand(HddsDispatcher.java:408) ~[hadoop-hdds-container-service-0.5.0-SNAPSHOT.jar:?]
	at org.apache.hadoop.ozone.container.common.transport.server.ratis.ContainerStateMachine.startTransaction(ContainerStateMachine.java:271) ~[hadoop-hdds-container-service-0.5.0-SNAPSHOT.jar:?]
	at org.apache.ratis.server.impl.RaftServerImpl.submitClientRequestAsync(RaftServerImpl.java:566) ~[ratis-server-0.4.0-2337318-SNAPSHOT.jar:0.4.0-2337318-SNAPSHOT]
	at org.apache.ratis.server.impl.RaftServerProxy.lambda$submitClientRequestAsync$7(RaftServerProxy.java:333) ~[ratis-server-0.4.0-2337318-SNAPSHOT.jar:0.4.0-2337318-SNAPSHOT]
	at org.apache.ratis.server.impl.RaftServerProxy.lambda$null$5(RaftServerProxy.java:328) ~[ratis-server-0.4.0-2337318-SNAPSHOT.jar:0.4.0-2337318-SNAPSHOT]
	at org.apache.ratis.util.JavaUtils.callAsUnchecked(JavaUtils.java:109) ~[ratis-common-0.4.0-2337318-SNAPSHOT.jar:0.4.0-2337318-SNAPSHOT]
	at org.apache.ratis.server.impl.RaftServerProxy.lambda$submitRequest$6(RaftServerProxy.java:328) ~[ratis-server-0.4.0-2337318-SNAPSHOT.jar:0.4.0-2337318-SNAPSHOT]
	at java.util.concurrent.CompletableFuture.uniComposeStage(CompletableFuture.java:981) ~[?:1.8.0_212]
	at java.util.concurrent.CompletableFuture.thenCompose(CompletableFuture.java:2124) ~[?:1.8.0_212]
	at org.apache.ratis.server.impl.RaftServerProxy.submitRequest(RaftServerProxy.java:327) ~[ratis-server-0.4.0-2337318-SNAPSHOT.jar:0.4.0-2337318-SNAPSHOT]
	at org.apache.ratis.server.impl.RaftServerProxy.submitClientRequestAsync(RaftServerProxy.java:333) ~[ratis-server-0.4.0-2337318-SNAPSHOT.jar:0.4.0-2337318-SNAPSHOT]
	at org.apache.ratis.grpc.client.GrpcClientProtocolService$RequestStreamObserver.processClientRequest(GrpcClientProtocolService.java:220) ~[ratis-grpc-0.4.0-2337318-SNAPSHOT.jar:0.4.0-2337318-SNAPSHOT]
	at org.apache.ratis.grpc.client.GrpcClientProtocolService$OrderedRequestStreamObserver.processClientRequest(GrpcClientProtocolService.java:326) ~[ratis-grpc-0.4.0-2337318-SNAPSHOT.jar:0.4.0-2337318-SNAPSHOT]
	at org.apache.ratis.util.SlidingWindow$Server.processRequestsFromHead(SlidingWindow.java:429) [ratis-common-0.4.0-2337318-SNAPSHOT.jar:0.4.0-2337318-SNAPSHOT]
	at org.apache.ratis.util.SlidingWindow$Server.receivedRequest(SlidingWindow.java:421) [ratis-common-0.4.0-2337318-SNAPSHOT.jar:0.4.0-2337318-SNAPSHOT]
	at org.apache.ratis.grpc.client.GrpcClientProtocolService$OrderedRequestStreamObserver.processClientRequest(GrpcClientProtocolService.java:345) [ratis-grpc-0.4.0-2337318-SNAPSHOT.jar:0.4.0-2337318-SNAPSHOT]
	at org.apache.ratis.grpc.client.GrpcClientProtocolService$RequestStreamObserver.onNext(GrpcClientProtocolService.java:240) [ratis-grpc-0.4.0-2337318-SNAPSHOT.jar:0.4.0-2337318-SNAPSHOT]
	at org.apache.ratis.grpc.client.GrpcClientProtocolService$RequestStreamObserver.onNext(GrpcClientProtocolService.java:168) [ratis-grpc-0.4.0-2337318-SNAPSHOT.jar:0.4.0-2337318-SNAPSHOT]
	at org.apache.ratis.thirdparty.io.grpc.stub.ServerCalls$StreamingServerCallHandler$StreamingServerCallListener.onMessage(ServerCalls.java:248) [ratis-thirdparty-misc-0.2.0.jar:0.2.0]
	at org.apache.ratis.thirdparty.io.grpc.internal.ServerCallImpl$ServerStreamListenerImpl.messagesAvailable(ServerCallImpl.java:263) [ratis-thirdparty-misc-0.2.0.jar:0.2.0]
	at org.apache.ratis.thirdparty.io.grpc.internal.ServerImpl$JumpToApplicationThreadServerStreamListener$1MessagesAvailable.runInContext(ServerImpl.java:686) [ratis-thirdparty-misc-0.2.0.jar:0.2.0]
	at org.apache.ratis.thirdparty.io.grpc.internal.ContextRunnable.run(ContextRunnable.java:37) [ratis-thirdparty-misc-0.2.0.jar:0.2.0]
	at org.apache.ratis.thirdparty.io.grpc.internal.SerializingExecutor.run(SerializingExecutor.java:123) [ratis-thirdparty-misc-0.2.0.jar:0.2.0]
	at java.util.concurrent.ThreadPoolExecutor.runWorker(ThreadPoolExecutor.java:1149) [?:1.8.0_212]
	at java.util.concurrent.ThreadPoolExecutor$Worker.run(ThreadPoolExecutor.java:624) [?:1.8.0_212]
	at java.lang.Thread.run(Thread.java:748) [?:1.8.0_212]
2019-07-13 16:34:43,022 INFO  client.GrpcClientProtocolClient (GrpcClientProtocolClient.java:onNext(255)) - client-79CEE0236AFC->0d8de9e7-9fe7-4911-8019-c6c2c0b14636: receive RaftClientReply:client-79CEE0236AFC->0d8de9e7-9fe7-4911-8019-c6c2c0b14636@group-6B05DC5B3B02, cid=151, FAILED org.apache.ratis.protocol.StateMachineException: org.apache.hadoop.hdds.scm.container.common.helpers.ContainerNotOpenException from Server 0d8de9e7-9fe7-4911-8019-c6c2c0b14636: Container 1 in CLOSED state, logIndex=0, commits[0d8de9e7-9fe7-4911-8019-c6c2c0b14636:c14]
16:34:43.023 [grpc-default-executor-7] ERROR DNAudit - user=null | ip=null | op=PUT_BLOCK {blockData=[blockId=conID: 1 locID: 102435106112536587 bcsId: 0,size=800]} | ret=FAILURE
org.apache.hadoop.hdds.scm.container.common.helpers.ContainerNotOpenException: Container 1 in CLOSED state
	at org.apache.hadoop.ozone.container.common.impl.HddsDispatcher.validateContainerCommand(HddsDispatcher.java:408) ~[hadoop-hdds-container-service-0.5.0-SNAPSHOT.jar:?]
	at org.apache.hadoop.ozone.container.common.transport.server.ratis.ContainerStateMachine.startTransaction(ContainerStateMachine.java:271) ~[hadoop-hdds-container-service-0.5.0-SNAPSHOT.jar:?]
	at org.apache.ratis.server.impl.RaftServerImpl.submitClientRequestAsync(RaftServerImpl.java:566) ~[ratis-server-0.4.0-2337318-SNAPSHOT.jar:0.4.0-2337318-SNAPSHOT]
	at org.apache.ratis.server.impl.RaftServerProxy.lambda$submitClientRequestAsync$7(RaftServerProxy.java:333) ~[ratis-server-0.4.0-2337318-SNAPSHOT.jar:0.4.0-2337318-SNAPSHOT]
	at org.apache.ratis.server.impl.RaftServerProxy.lambda$null$5(RaftServerProxy.java:328) ~[ratis-server-0.4.0-2337318-SNAPSHOT.jar:0.4.0-2337318-SNAPSHOT]
	at org.apache.ratis.util.JavaUtils.callAsUnchecked(JavaUtils.java:109) ~[ratis-common-0.4.0-2337318-SNAPSHOT.jar:0.4.0-2337318-SNAPSHOT]
	at org.apache.ratis.server.impl.RaftServerProxy.lambda$submitRequest$6(RaftServerProxy.java:328) ~[ratis-server-0.4.0-2337318-SNAPSHOT.jar:0.4.0-2337318-SNAPSHOT]
	at java.util.concurrent.CompletableFuture.uniComposeStage(CompletableFuture.java:981) ~[?:1.8.0_212]
	at java.util.concurrent.CompletableFuture.thenCompose(CompletableFuture.java:2124) ~[?:1.8.0_212]
	at org.apache.ratis.server.impl.RaftServerProxy.submitRequest(RaftServerProxy.java:327) ~[ratis-server-0.4.0-2337318-SNAPSHOT.jar:0.4.0-2337318-SNAPSHOT]
	at org.apache.ratis.server.impl.RaftServerProxy.submitClientRequestAsync(RaftServerProxy.java:333) ~[ratis-server-0.4.0-2337318-SNAPSHOT.jar:0.4.0-2337318-SNAPSHOT]
	at org.apache.ratis.grpc.client.GrpcClientProtocolService$RequestStreamObserver.processClientRequest(GrpcClientProtocolService.java:220) ~[ratis-grpc-0.4.0-2337318-SNAPSHOT.jar:0.4.0-2337318-SNAPSHOT]
	at org.apache.ratis.grpc.client.GrpcClientProtocolService$OrderedRequestStreamObserver.processClientRequest(GrpcClientProtocolService.java:326) ~[ratis-grpc-0.4.0-2337318-SNAPSHOT.jar:0.4.0-2337318-SNAPSHOT]
	at org.apache.ratis.util.SlidingWindow$Server.processRequestsFromHead(SlidingWindow.java:429) [ratis-common-0.4.0-2337318-SNAPSHOT.jar:0.4.0-2337318-SNAPSHOT]
	at org.apache.ratis.util.SlidingWindow$Server.receivedRequest(SlidingWindow.java:421) [ratis-common-0.4.0-2337318-SNAPSHOT.jar:0.4.0-2337318-SNAPSHOT]
	at org.apache.ratis.grpc.client.GrpcClientProtocolService$OrderedRequestStreamObserver.processClientRequest(GrpcClientProtocolService.java:345) [ratis-grpc-0.4.0-2337318-SNAPSHOT.jar:0.4.0-2337318-SNAPSHOT]
	at org.apache.ratis.grpc.client.GrpcClientProtocolService$RequestStreamObserver.onNext(GrpcClientProtocolService.java:240) [ratis-grpc-0.4.0-2337318-SNAPSHOT.jar:0.4.0-2337318-SNAPSHOT]
	at org.apache.ratis.grpc.client.GrpcClientProtocolService$RequestStreamObserver.onNext(GrpcClientProtocolService.java:168) [ratis-grpc-0.4.0-2337318-SNAPSHOT.jar:0.4.0-2337318-SNAPSHOT]
	at org.apache.ratis.thirdparty.io.grpc.stub.ServerCalls$StreamingServerCallHandler$StreamingServerCallListener.onMessage(ServerCalls.java:248) [ratis-thirdparty-misc-0.2.0.jar:0.2.0]
	at org.apache.ratis.thirdparty.io.grpc.internal.ServerCallImpl$ServerStreamListenerImpl.messagesAvailable(ServerCallImpl.java:263) [ratis-thirdparty-misc-0.2.0.jar:0.2.0]
	at org.apache.ratis.thirdparty.io.grpc.internal.ServerImpl$JumpToApplicationThreadServerStreamListener$1MessagesAvailable.runInContext(ServerImpl.java:686) [ratis-thirdparty-misc-0.2.0.jar:0.2.0]
	at org.apache.ratis.thirdparty.io.grpc.internal.ContextRunnable.run(ContextRunnable.java:37) [ratis-thirdparty-misc-0.2.0.jar:0.2.0]
	at org.apache.ratis.thirdparty.io.grpc.internal.SerializingExecutor.run(SerializingExecutor.java:123) [ratis-thirdparty-misc-0.2.0.jar:0.2.0]
	at java.util.concurrent.ThreadPoolExecutor.runWorker(ThreadPoolExecutor.java:1149) [?:1.8.0_212]
	at java.util.concurrent.ThreadPoolExecutor$Worker.run(ThreadPoolExecutor.java:624) [?:1.8.0_212]
	at java.lang.Thread.run(Thread.java:748) [?:1.8.0_212]
2019-07-13 16:34:43,024 INFO  client.GrpcClientProtocolClient (GrpcClientProtocolClient.java:onNext(255)) - client-79CEE0236AFC->0d8de9e7-9fe7-4911-8019-c6c2c0b14636: receive RaftClientReply:client-79CEE0236AFC->0d8de9e7-9fe7-4911-8019-c6c2c0b14636@group-6B05DC5B3B02, cid=152, FAILED org.apache.ratis.protocol.StateMachineException: org.apache.hadoop.hdds.scm.container.common.helpers.ContainerNotOpenException from Server 0d8de9e7-9fe7-4911-8019-c6c2c0b14636: Container 1 in CLOSED state, logIndex=0, commits[0d8de9e7-9fe7-4911-8019-c6c2c0b14636:c14]
2019-07-13 16:34:43,031 INFO  client.GrpcClientProtocolClient (GrpcClientProtocolClient.java:onNext(255)) - client-79CEE0236AFC->0d8de9e7-9fe7-4911-8019-c6c2c0b14636: receive RaftClientReply:client-79CEE0236AFC->0d8de9e7-9fe7-4911-8019-c6c2c0b14636@group-6B05DC5B3B02, cid=153, FAILED org.apache.ratis.protocol.StateMachineException: org.apache.hadoop.hdds.scm.container.common.helpers.ContainerNotOpenException from Server 0d8de9e7-9fe7-4911-8019-c6c2c0b14636: Container 1 in CLOSED state, logIndex=0, commits[0d8de9e7-9fe7-4911-8019-c6c2c0b14636:c14]
2019-07-13 16:34:43,122 INFO  client.GrpcClientProtocolClient (GrpcClientProtocolClient.java:onNext(255)) - client-82F75A27D5F7->d210e418-bc3f-4a59-9997-0a1dd79a5e4f: receive RaftClientReply:client-82F75A27D5F7->d210e418-bc3f-4a59-9997-0a1dd79a5e4f@group-79B0F3E16E74, cid=154, SUCCESS, logIndex=1, commits[d210e418-bc3f-4a59-9997-0a1dd79a5e4f:c1]
2019-07-13 16:34:43,155 INFO  client.GrpcClientProtocolClient (GrpcClientProtocolClient.java:onNext(255)) - client-82F75A27D5F7->d210e418-bc3f-4a59-9997-0a1dd79a5e4f: receive RaftClientReply:client-82F75A27D5F7->d210e418-bc3f-4a59-9997-0a1dd79a5e4f@group-79B0F3E16E74, cid=155, SUCCESS, logIndex=3, commits[d210e418-bc3f-4a59-9997-0a1dd79a5e4f:c4]
2019-07-13 16:34:43,204 INFO  client.GrpcClientProtocolClient (GrpcClientProtocolClient.java:onNext(255)) - client-82F75A27D5F7->d210e418-bc3f-4a59-9997-0a1dd79a5e4f: receive RaftClientReply:client-82F75A27D5F7->d210e418-bc3f-4a59-9997-0a1dd79a5e4f@group-79B0F3E16E74, cid=156, SUCCESS, logIndex=4, commits[d210e418-bc3f-4a59-9997-0a1dd79a5e4f:c9]
2019-07-13 16:34:43,207 INFO  client.GrpcClientProtocolClient (GrpcClientProtocolClient.java:onNext(255)) - client-82F75A27D5F7->d210e418-bc3f-4a59-9997-0a1dd79a5e4f: receive RaftClientReply:client-82F75A27D5F7->d210e418-bc3f-4a59-9997-0a1dd79a5e4f@group-79B0F3E16E74, cid=157, SUCCESS, logIndex=5, commits[d210e418-bc3f-4a59-9997-0a1dd79a5e4f:c9]
2019-07-13 16:34:43,208 INFO  client.GrpcClientProtocolClient (GrpcClientProtocolClient.java:onNext(255)) - client-82F75A27D5F7->d210e418-bc3f-4a59-9997-0a1dd79a5e4f: receive RaftClientReply:client-82F75A27D5F7->d210e418-bc3f-4a59-9997-0a1dd79a5e4f@group-79B0F3E16E74, cid=158, SUCCESS, logIndex=6, commits[d210e418-bc3f-4a59-9997-0a1dd79a5e4f:c9]
2019-07-13 16:34:43,209 INFO  client.GrpcClientProtocolClient (GrpcClientProtocolClient.java:onNext(255)) - client-82F75A27D5F7->d210e418-bc3f-4a59-9997-0a1dd79a5e4f: receive RaftClientReply:client-82F75A27D5F7->d210e418-bc3f-4a59-9997-0a1dd79a5e4f@group-79B0F3E16E74, cid=159, SUCCESS, logIndex=7, commits[d210e418-bc3f-4a59-9997-0a1dd79a5e4f:c9]
2019-07-13 16:34:43,223 INFO  client.GrpcClientProtocolClient (GrpcClientProtocolClient.java:onNext(255)) - client-82F75A27D5F7->d210e418-bc3f-4a59-9997-0a1dd79a5e4f: receive RaftClientReply:client-82F75A27D5F7->d210e418-bc3f-4a59-9997-0a1dd79a5e4f@group-79B0F3E16E74, cid=160, SUCCESS, logIndex=10, commits[d210e418-bc3f-4a59-9997-0a1dd79a5e4f:c10]
2019-07-13 16:34:43,227 INFO  client.GrpcClientProtocolClient (GrpcClientProtocolClient.java:onNext(255)) - client-82F75A27D5F7->d210e418-bc3f-4a59-9997-0a1dd79a5e4f: receive RaftClientReply:client-82F75A27D5F7->d210e418-bc3f-4a59-9997-0a1dd79a5e4f@group-79B0F3E16E74, cid=161, SUCCESS, logIndex=11, commits[d210e418-bc3f-4a59-9997-0a1dd79a5e4f:c11]
2019-07-13 16:34:43,243 INFO  pipeline.Pipeline (Pipeline.java:getProtobufMessage(195)) - Serialize pipeline PipelineID=ebb0c18c-108c-4907-bbe8-79b0f3e16e74 with nodesInOrder{ }
2019-07-13 16:34:43,244 INFO  ozone.MiniOzoneClusterImpl (MiniOzoneClusterImpl.java:shutdown(321)) - Shutting down the Mini Ozone Cluster
2019-07-13 16:34:43,245 INFO  ozone.MiniOzoneClusterImpl (MiniOzoneClusterImpl.java:stop(336)) - Stopping the Mini Ozone Cluster
2019-07-13 16:34:43,245 INFO  ozone.MiniOzoneClusterImpl (MiniOzoneClusterImpl.java:stop(338)) - Stopping the OzoneManager
2019-07-13 16:34:43,245 INFO  ipc.Server (Server.java:stop(3082)) - Stopping server on 38634
2019-07-13 16:34:43,251 INFO  ipc.Server (Server.java:run(1185)) - Stopping IPC Server listener on 38634
2019-07-13 16:34:43,251 INFO  utils.BackgroundService (BackgroundService.java:shutdown(148)) - Shutting down service KeyDeletingService
2019-07-13 16:34:43,254 INFO  ipc.Server (Server.java:run(1319)) - Stopping IPC Server Responder
2019-07-13 16:34:43,278 INFO  handler.ContextHandler (ContextHandler.java:doStop(910)) - Stopped o.e.j.w.WebAppContext@71ac5723{/,null,UNAVAILABLE}{/ozoneManager}
2019-07-13 16:34:43,278 INFO  server.AbstractConnector (AbstractConnector.java:doStop(318)) - Stopped ServerConnector@7bb3294c{HTTP/1.1,[http/1.1]}{0.0.0.0:0}
2019-07-13 16:34:43,279 INFO  handler.ContextHandler (ContextHandler.java:doStop(910)) - Stopped o.e.j.s.ServletContextHandler@7d108063{/static,file:///tmp/workdir/hadoop-ozone/integration-test/target/test-classes/webapps/static,UNAVAILABLE}
2019-07-13 16:34:43,279 INFO  handler.ContextHandler (ContextHandler.java:doStop(910)) - Stopped o.e.j.s.ServletContextHandler@5b827796{/logs,file:///tmp/workdir/hadoop-ozone/integration-test/target/log,UNAVAILABLE}
2019-07-13 16:34:43,282 INFO  ozone.MiniOzoneClusterImpl (MiniOzoneClusterImpl.java:stop(344)) - Shutting the HddsDatanodes
2019-07-13 16:34:43,282 INFO  datanode.ObjectStoreHandler (ObjectStoreHandler.java:close(155)) - Closing ObjectStoreHandler.
2019-07-13 16:34:43,282 INFO  datanode.ObjectStoreHandler (ObjectStoreHandler.java:close(155)) - Closing ObjectStoreHandler.
2019-07-13 16:34:43,283 INFO  ozone.HddsDatanodeService (HddsDatanodeService.java:stop(452)) - Stopped plug-in org.apache.hadoop.ozone.web.OzoneHddsDatanodeService@9e092b5
2019-07-13 16:34:43,283 INFO  ozone.HddsDatanodeService (HddsDatanodeService.java:stop(452)) - Stopped plug-in org.apache.hadoop.ozone.web.OzoneHddsDatanodeService@689ea211
2019-07-13 16:34:43,312 INFO  statemachine.DatanodeStateMachine (DatanodeStateMachine.java:lambda$startDaemon$0(350)) - Ozone container server started.
2019-07-13 16:34:43,755 INFO  statemachine.DatanodeStateMachine (DatanodeStateMachine.java:lambda$startDaemon$0(350)) - Ozone container server started.
2019-07-13 16:34:47,386 INFO  node.StaleNodeHandler (StaleNodeHandler.java:onMessage(58)) - Datanode 64d8d0d8-69cb-4bd4-87b3-5f7337c18ef9{ip: 192.168.5.187, host: trunk-nightly-z92hn-1831959607, networkLocation: /default-rack, certSerialId: null} moved to stale state. Finalizing its pipelines [PipelineID=e3239f62-6903-4561-98ed-f3debde82e42, PipelineID=efe6797a-f313-4d75-af06-f08183a72607]
2019-07-13 16:34:47,387 INFO  pipeline.SCMPipelineManager (SCMPipelineManager.java:finalizeAndDestroyPipeline(309)) - destroying pipeline:Pipeline[ Id: e3239f62-6903-4561-98ed-f3debde82e42, Nodes: 0d8de9e7-9fe7-4911-8019-c6c2c0b14636{ip: 192.168.5.187, host: trunk-nightly-z92hn-1831959607, networkLocation: /default-rack, certSerialId: null}80fdcb8a-4dcf-476b-8901-e3585c02748e{ip: 192.168.5.187, host: trunk-nightly-z92hn-1831959607, networkLocation: /default-rack, certSerialId: null}64d8d0d8-69cb-4bd4-87b3-5f7337c18ef9{ip: 192.168.5.187, host: trunk-nightly-z92hn-1831959607, networkLocation: /default-rack, certSerialId: null}, Type:RATIS, Factor:THREE, State:OPEN]
2019-07-13 16:34:47,387 INFO  pipeline.PipelineStateManager (PipelineStateManager.java:finalizePipeline(123)) - Pipeline Pipeline[ Id: e3239f62-6903-4561-98ed-f3debde82e42, Nodes: 0d8de9e7-9fe7-4911-8019-c6c2c0b14636{ip: 192.168.5.187, host: trunk-nightly-z92hn-1831959607, networkLocation: /default-rack, certSerialId: null}80fdcb8a-4dcf-476b-8901-e3585c02748e{ip: 192.168.5.187, host: trunk-nightly-z92hn-1831959607, networkLocation: /default-rack, certSerialId: null}64d8d0d8-69cb-4bd4-87b3-5f7337c18ef9{ip: 192.168.5.187, host: trunk-nightly-z92hn-1831959607, networkLocation: /default-rack, certSerialId: null}, Type:RATIS, Factor:THREE, State:CLOSED] moved to CLOSED state
2019-07-13 16:34:47,387 INFO  pipeline.SCMPipelineManager (SCMPipelineManager.java:finalizeAndDestroyPipeline(309)) - destroying pipeline:Pipeline[ Id: efe6797a-f313-4d75-af06-f08183a72607, Nodes: 64d8d0d8-69cb-4bd4-87b3-5f7337c18ef9{ip: 192.168.5.187, host: trunk-nightly-z92hn-1831959607, networkLocation: /default-rack, certSerialId: null}, Type:RATIS, Factor:ONE, State:OPEN]
2019-07-13 16:34:47,388 INFO  pipeline.PipelineStateManager (PipelineStateManager.java:finalizePipeline(123)) - Pipeline Pipeline[ Id: efe6797a-f313-4d75-af06-f08183a72607, Nodes: 64d8d0d8-69cb-4bd4-87b3-5f7337c18ef9{ip: 192.168.5.187, host: trunk-nightly-z92hn-1831959607, networkLocation: /default-rack, certSerialId: null}, Type:RATIS, Factor:ONE, State:CLOSED] moved to CLOSED state
2019-07-13 16:34:47,787 INFO  node.StaleNodeHandler (StaleNodeHandler.java:onMessage(58)) - Datanode 2220433e-68f2-49b3-b11f-e91f19d4dd5b{ip: 192.168.5.187, host: trunk-nightly-z92hn-1831959607, networkLocation: /default-rack, certSerialId: null} moved to stale state. Finalizing its pipelines [PipelineID=61066071-7c50-4732-ae9d-d89ff11b8ccd, PipelineID=6a6e5413-1fca-478c-8b7f-522a381d71b0]
2019-07-13 16:34:47,787 INFO  pipeline.SCMPipelineManager (SCMPipelineManager.java:finalizeAndDestroyPipeline(309)) - destroying pipeline:Pipeline[ Id: 61066071-7c50-4732-ae9d-d89ff11b8ccd, Nodes: 2220433e-68f2-49b3-b11f-e91f19d4dd5b{ip: 192.168.5.187, host: trunk-nightly-z92hn-1831959607, networkLocation: /default-rack, certSerialId: null}, Type:RATIS, Factor:ONE, State:OPEN]
2019-07-13 16:34:47,787 INFO  pipeline.PipelineStateManager (PipelineStateManager.java:finalizePipeline(123)) - Pipeline Pipeline[ Id: 61066071-7c50-4732-ae9d-d89ff11b8ccd, Nodes: 2220433e-68f2-49b3-b11f-e91f19d4dd5b{ip: 192.168.5.187, host: trunk-nightly-z92hn-1831959607, networkLocation: /default-rack, certSerialId: null}, Type:RATIS, Factor:ONE, State:CLOSED] moved to CLOSED state
2019-07-13 16:34:47,787 INFO  pipeline.SCMPipelineManager (SCMPipelineManager.java:finalizeAndDestroyPipeline(309)) - destroying pipeline:Pipeline[ Id: 6a6e5413-1fca-478c-8b7f-522a381d71b0, Nodes: cc2ff633-c256-42b3-8ded-7fd88c6ffef3{ip: 192.168.5.187, host: trunk-nightly-z92hn-1831959607, networkLocation: /default-rack, certSerialId: null}2220433e-68f2-49b3-b11f-e91f19d4dd5b{ip: 192.168.5.187, host: trunk-nightly-z92hn-1831959607, networkLocation: /default-rack, certSerialId: null}d210e418-bc3f-4a59-9997-0a1dd79a5e4f{ip: 192.168.5.187, host: trunk-nightly-z92hn-1831959607, networkLocation: /default-rack, certSerialId: null}, Type:RATIS, Factor:THREE, State:OPEN]
2019-07-13 16:34:47,787 INFO  pipeline.PipelineStateManager (PipelineStateManager.java:finalizePipeline(123)) - Pipeline Pipeline[ Id: 6a6e5413-1fca-478c-8b7f-522a381d71b0, Nodes: cc2ff633-c256-42b3-8ded-7fd88c6ffef3{ip: 192.168.5.187, host: trunk-nightly-z92hn-1831959607, networkLocation: /default-rack, certSerialId: null}2220433e-68f2-49b3-b11f-e91f19d4dd5b{ip: 192.168.5.187, host: trunk-nightly-z92hn-1831959607, networkLocation: /default-rack, certSerialId: null}d210e418-bc3f-4a59-9997-0a1dd79a5e4f{ip: 192.168.5.187, host: trunk-nightly-z92hn-1831959607, networkLocation: /default-rack, certSerialId: null}, Type:RATIS, Factor:THREE, State:CLOSED] moved to CLOSED state
2019-07-13 16:34:48,284 INFO  ozoneimpl.OzoneContainer (OzoneContainer.java:stop(199)) - Attempting to stop container services.
2019-07-13 16:34:48,284 INFO  ozoneimpl.OzoneContainer (OzoneContainer.java:stop(199)) - Attempting to stop container services.
2019-07-13 16:34:48,285 INFO  impl.RaftServerProxy (RaftServerProxy.java:lambda$close$4(314)) - 2220433e-68f2-49b3-b11f-e91f19d4dd5b: close
2019-07-13 16:34:48,285 INFO  impl.RaftServerProxy (RaftServerProxy.java:lambda$close$4(314)) - 64d8d0d8-69cb-4bd4-87b3-5f7337c18ef9: close
2019-07-13 16:34:48,285 INFO  impl.RaftServerImpl (RaftServerImpl.java:lambda$shutdown$3(245)) - 2220433e-68f2-49b3-b11f-e91f19d4dd5b: shutdown group-D89FF11B8CCD
2019-07-13 16:34:48,286 INFO  impl.RaftServerImpl (RaftServerImpl.java:lambda$shutdown$3(245)) - 64d8d0d8-69cb-4bd4-87b3-5f7337c18ef9: shutdown group-F3DEBDE82E42
2019-07-13 16:34:48,286 INFO  util.JmxRegister (JmxRegister.java:unregister(73)) - Successfully un-registered JMX Bean with object name Ratis:service=RaftServer,group=group-D89FF11B8CCD,id=2220433e-68f2-49b3-b11f-e91f19d4dd5b
2019-07-13 16:34:48,286 INFO  util.JmxRegister (JmxRegister.java:unregister(73)) - Successfully un-registered JMX Bean with object name Ratis:service=RaftServer,group=group-F3DEBDE82E42,id=64d8d0d8-69cb-4bd4-87b3-5f7337c18ef9
2019-07-13 16:34:48,287 INFO  impl.RoleInfo (RoleInfo.java:shutdownLeaderState(104)) - 2220433e-68f2-49b3-b11f-e91f19d4dd5b: shutdown LeaderState
2019-07-13 16:34:48,287 INFO  impl.RoleInfo (RoleInfo.java:shutdownLeaderState(104)) - 64d8d0d8-69cb-4bd4-87b3-5f7337c18ef9: shutdown LeaderState
2019-07-13 16:34:48,287 INFO  impl.PendingRequests (PendingRequests.java:sendNotLeaderResponses(202)) - 2220433e-68f2-49b3-b11f-e91f19d4dd5b-PendingRequests: sendNotLeaderResponses
2019-07-13 16:34:48,292 WARN  server.GrpcLogAppender (GrpcLogAppender.java:mayWait(143)) - GrpcLogAppender(64d8d0d8-69cb-4bd4-87b3-5f7337c18ef9->0d8de9e7-9fe7-4911-8019-c6c2c0b14636): Wait interrupted by java.lang.InterruptedException
2019-07-13 16:34:48,293 INFO  ratis.ContainerStateMachine (ContainerStateMachine.java:takeSnapshot(246)) - Taking snapshot at termIndex:(t:0, i:~)
2019-07-13 16:34:48,292 WARN  server.GrpcLogAppender (GrpcLogAppender.java:mayWait(143)) - GrpcLogAppender(64d8d0d8-69cb-4bd4-87b3-5f7337c18ef9->80fdcb8a-4dcf-476b-8901-e3585c02748e): Wait interrupted by java.lang.InterruptedException
2019-07-13 16:34:48,293 INFO  server.GrpcServerProtocolService (GrpcServerProtocolService.java:onCompleted(104)) - 0d8de9e7-9fe7-4911-8019-c6c2c0b14636: appendEntries completed
2019-07-13 16:34:48,292 INFO  impl.PendingRequests (PendingRequests.java:sendNotLeaderResponses(202)) - 64d8d0d8-69cb-4bd4-87b3-5f7337c18ef9-PendingRequests: sendNotLeaderResponses
2019-07-13 16:34:48,293 INFO  server.GrpcServerProtocolService (GrpcServerProtocolService.java:onCompleted(104)) - 80fdcb8a-4dcf-476b-8901-e3585c02748e: appendEntries completed
2019-07-13 16:34:48,296 INFO  server.GrpcLogAppender (GrpcLogAppender.java:onCompleted(292)) - 64d8d0d8-69cb-4bd4-87b3-5f7337c18ef9->0d8de9e7-9fe7-4911-8019-c6c2c0b14636: follower responses appendEntries COMPLETED
2019-07-13 16:34:48,293 INFO  impl.StateMachineUpdater (StateMachineUpdater.java:stopAndJoin(115)) - StateMachineUpdater:2220433e-68f2-49b3-b11f-e91f19d4dd5b:group-D89FF11B8CCD: set stopIndex = 0
2019-07-13 16:34:48,297 INFO  impl.FollowerInfo (FollowerInfo.java:lambda$new$0(50)) - 64d8d0d8-69cb-4bd4-87b3-5f7337c18ef9->0d8de9e7-9fe7-4911-8019-c6c2c0b14636: nextIndex: updateUnconditionally 1 -> 0
2019-07-13 16:34:48,297 INFO  server.GrpcLogAppender (GrpcLogAppender.java:onCompleted(292)) - 64d8d0d8-69cb-4bd4-87b3-5f7337c18ef9->80fdcb8a-4dcf-476b-8901-e3585c02748e: follower responses appendEntries COMPLETED
2019-07-13 16:34:48,296 INFO  ratis.ContainerStateMachine (ContainerStateMachine.java:takeSnapshot(246)) - Taking snapshot at termIndex:(t:0, i:~)
2019-07-13 16:34:48,296 INFO  impl.StateMachineUpdater (StateMachineUpdater.java:stopAndJoin(115)) - StateMachineUpdater:64d8d0d8-69cb-4bd4-87b3-5f7337c18ef9:group-F3DEBDE82E42: set stopIndex = 0
2019-07-13 16:34:48,298 INFO  impl.FollowerInfo (FollowerInfo.java:lambda$new$0(50)) - 64d8d0d8-69cb-4bd4-87b3-5f7337c18ef9->80fdcb8a-4dcf-476b-8901-e3585c02748e: nextIndex: updateUnconditionally 1 -> 0
2019-07-13 16:34:48,297 INFO  impl.RaftServerImpl (ServerState.java:close(394)) - 2220433e-68f2-49b3-b11f-e91f19d4dd5b:group-D89FF11B8CCD closes. The last applied log index is 0
2019-07-13 16:34:48,298 INFO  impl.RaftServerImpl (ServerState.java:close(394)) - 64d8d0d8-69cb-4bd4-87b3-5f7337c18ef9:group-F3DEBDE82E42 closes. The last applied log index is 0
2019-07-13 16:34:48,299 INFO  segmented.SegmentedRaftLogWorker (SegmentedRaftLogWorker.java:run(313)) - 2220433e-68f2-49b3-b11f-e91f19d4dd5b-SegmentedRaftLogWorker:Storage Directory /tmp/workdir/hadoop-ozone/integration-test/target/test-dir/MiniOzoneClusterImpl-057be10f-cdfd-47e1-b7d7-538f995da6ce/datanode-1/data/ratis/61066071-7c50-4732-ae9d-d89ff11b8ccd was interrupted, exiting. There are 0 tasks remaining in the queue.
2019-07-13 16:34:48,299 INFO  segmented.SegmentedRaftLogWorker (SegmentedRaftLogWorker.java:run(313)) - 64d8d0d8-69cb-4bd4-87b3-5f7337c18ef9-SegmentedRaftLogWorker:Storage Directory /tmp/workdir/hadoop-ozone/integration-test/target/test-dir/MiniOzoneClusterImpl-057be10f-cdfd-47e1-b7d7-538f995da6ce/datanode-4/data/ratis/e3239f62-6903-4561-98ed-f3debde82e42 was interrupted, exiting. There are 0 tasks remaining in the queue.
2019-07-13 16:34:48,304 INFO  segmented.SegmentedRaftLogWorker (SegmentedRaftLogWorker.java:close(228)) - 2220433e-68f2-49b3-b11f-e91f19d4dd5b-SegmentedRaftLogWorker:Storage Directory /tmp/workdir/hadoop-ozone/integration-test/target/test-dir/MiniOzoneClusterImpl-057be10f-cdfd-47e1-b7d7-538f995da6ce/datanode-1/data/ratis/61066071-7c50-4732-ae9d-d89ff11b8ccd close()
2019-07-13 16:34:48,320 INFO  impl.RaftServerImpl (RaftServerImpl.java:lambda$shutdown$3(245)) - 2220433e-68f2-49b3-b11f-e91f19d4dd5b: shutdown group-522A381D71B0
2019-07-13 16:34:48,320 INFO  segmented.SegmentedRaftLogWorker (SegmentedRaftLogWorker.java:close(228)) - 64d8d0d8-69cb-4bd4-87b3-5f7337c18ef9-SegmentedRaftLogWorker:Storage Directory /tmp/workdir/hadoop-ozone/integration-test/target/test-dir/MiniOzoneClusterImpl-057be10f-cdfd-47e1-b7d7-538f995da6ce/datanode-4/data/ratis/e3239f62-6903-4561-98ed-f3debde82e42 close()
2019-07-13 16:34:48,321 INFO  util.JmxRegister (JmxRegister.java:unregister(73)) - Successfully un-registered JMX Bean with object name Ratis:service=RaftServer,group=group-522A381D71B0,id=2220433e-68f2-49b3-b11f-e91f19d4dd5b
2019-07-13 16:34:48,323 INFO  impl.RaftServerImpl (RaftServerImpl.java:lambda$shutdown$3(245)) - 64d8d0d8-69cb-4bd4-87b3-5f7337c18ef9: shutdown group-F08183A72607
2019-07-13 16:34:48,324 INFO  impl.RoleInfo (RoleInfo.java:shutdownFollowerState(121)) - 2220433e-68f2-49b3-b11f-e91f19d4dd5b: shutdown FollowerState
2019-07-13 16:34:48,324 INFO  util.JmxRegister (JmxRegister.java:unregister(73)) - Successfully un-registered JMX Bean with object name Ratis:service=RaftServer,group=group-F08183A72607,id=64d8d0d8-69cb-4bd4-87b3-5f7337c18ef9
2019-07-13 16:34:48,325 INFO  impl.RoleInfo (RoleInfo.java:shutdownLeaderState(104)) - 64d8d0d8-69cb-4bd4-87b3-5f7337c18ef9: shutdown LeaderState
2019-07-13 16:34:48,324 INFO  impl.FollowerState (FollowerState.java:run(114)) - 2220433e-68f2-49b3-b11f-e91f19d4dd5b: FollowerState was interrupted: java.lang.InterruptedException: sleep interrupted
2019-07-13 16:34:48,324 INFO  impl.StateMachineUpdater (StateMachineUpdater.java:stopAndJoin(115)) - StateMachineUpdater:2220433e-68f2-49b3-b11f-e91f19d4dd5b:group-522A381D71B0: set stopIndex = 0
2019-07-13 16:34:48,324 INFO  ratis.ContainerStateMachine (ContainerStateMachine.java:takeSnapshot(246)) - Taking snapshot at termIndex:(t:0, i:~)
2019-07-13 16:34:48,325 INFO  impl.PendingRequests (PendingRequests.java:sendNotLeaderResponses(202)) - 64d8d0d8-69cb-4bd4-87b3-5f7337c18ef9-PendingRequests: sendNotLeaderResponses
2019-07-13 16:34:48,326 INFO  impl.RaftServerImpl (ServerState.java:close(394)) - 2220433e-68f2-49b3-b11f-e91f19d4dd5b:group-522A381D71B0 closes. The last applied log index is 0
2019-07-13 16:34:48,326 INFO  ratis.ContainerStateMachine (ContainerStateMachine.java:takeSnapshot(246)) - Taking snapshot at termIndex:(t:0, i:~)
2019-07-13 16:34:48,326 INFO  impl.StateMachineUpdater (StateMachineUpdater.java:stopAndJoin(115)) - StateMachineUpdater:64d8d0d8-69cb-4bd4-87b3-5f7337c18ef9:group-F08183A72607: set stopIndex = 0
2019-07-13 16:34:48,327 INFO  impl.RaftServerImpl (ServerState.java:close(394)) - 64d8d0d8-69cb-4bd4-87b3-5f7337c18ef9:group-F08183A72607 closes. The last applied log index is 0
2019-07-13 16:34:48,327 INFO  segmented.SegmentedRaftLogWorker (SegmentedRaftLogWorker.java:run(313)) - 2220433e-68f2-49b3-b11f-e91f19d4dd5b-SegmentedRaftLogWorker:Storage Directory /tmp/workdir/hadoop-ozone/integration-test/target/test-dir/MiniOzoneClusterImpl-057be10f-cdfd-47e1-b7d7-538f995da6ce/datanode-1/data/ratis/6a6e5413-1fca-478c-8b7f-522a381d71b0 was interrupted, exiting. There are 0 tasks remaining in the queue.
2019-07-13 16:34:48,328 INFO  segmented.SegmentedRaftLogWorker (SegmentedRaftLogWorker.java:run(313)) - 64d8d0d8-69cb-4bd4-87b3-5f7337c18ef9-SegmentedRaftLogWorker:Storage Directory /tmp/workdir/hadoop-ozone/integration-test/target/test-dir/MiniOzoneClusterImpl-057be10f-cdfd-47e1-b7d7-538f995da6ce/datanode-4/data/ratis/efe6797a-f313-4d75-af06-f08183a72607 was interrupted, exiting. There are 0 tasks remaining in the queue.
2019-07-13 16:34:48,330 INFO  segmented.SegmentedRaftLogWorker (SegmentedRaftLogWorker.java:close(228)) - 2220433e-68f2-49b3-b11f-e91f19d4dd5b-SegmentedRaftLogWorker:Storage Directory /tmp/workdir/hadoop-ozone/integration-test/target/test-dir/MiniOzoneClusterImpl-057be10f-cdfd-47e1-b7d7-538f995da6ce/datanode-1/data/ratis/6a6e5413-1fca-478c-8b7f-522a381d71b0 close()
2019-07-13 16:34:48,332 INFO  segmented.SegmentedRaftLogWorker (SegmentedRaftLogWorker.java:close(228)) - 64d8d0d8-69cb-4bd4-87b3-5f7337c18ef9-SegmentedRaftLogWorker:Storage Directory /tmp/workdir/hadoop-ozone/integration-test/target/test-dir/MiniOzoneClusterImpl-057be10f-cdfd-47e1-b7d7-538f995da6ce/datanode-4/data/ratis/efe6797a-f313-4d75-af06-f08183a72607 close()
2019-07-13 16:34:48,335 INFO  server.GrpcService (GrpcService.java:closeImpl(155)) - 2220433e-68f2-49b3-b11f-e91f19d4dd5b: shutdown server with port 40364 now
2019-07-13 16:34:48,337 INFO  server.GrpcService (GrpcService.java:closeImpl(155)) - 64d8d0d8-69cb-4bd4-87b3-5f7337c18ef9: shutdown server with port 36693 now
2019-07-13 16:34:48,340 INFO  server.GrpcService (GrpcService.java:closeImpl(163)) - 64d8d0d8-69cb-4bd4-87b3-5f7337c18ef9: shutdown server with port 36693 successfully
2019-07-13 16:34:48,342 WARN  server.GrpcLogAppender (LogUtils.java:warn(134)) - cc2ff633-c256-42b3-8ded-7fd88c6ffef3->2220433e-68f2-49b3-b11f-e91f19d4dd5b: Failed appendEntries: org.apache.ratis.thirdparty.io.grpc.StatusRuntimeException: CANCELLED: HTTP/2 error code: CANCEL
Received Rst Stream
2019-07-13 16:34:48,342 INFO  server.GrpcService (GrpcService.java:closeImpl(163)) - 2220433e-68f2-49b3-b11f-e91f19d4dd5b: shutdown server with port 40364 successfully
2019-07-13 16:34:48,342 WARN  server.GrpcServerProtocolService (LogUtils.java:warn(134)) - 2220433e-68f2-49b3-b11f-e91f19d4dd5b: appendEntries onError: org.apache.ratis.thirdparty.io.grpc.StatusRuntimeException: CANCELLED: cancelled before receiving half close
2019-07-13 16:34:48,342 INFO  impl.FollowerInfo (FollowerInfo.java:lambda$new$0(50)) - cc2ff633-c256-42b3-8ded-7fd88c6ffef3->2220433e-68f2-49b3-b11f-e91f19d4dd5b: nextIndex: updateUnconditionally 1 -> 0
2019-07-13 16:34:48,343 INFO  utils.BackgroundService (BackgroundService.java:shutdown(148)) - Shutting down service BlockDeletingService
2019-07-13 16:34:48,344 INFO  utils.BackgroundService (BackgroundService.java:shutdown(148)) - Shutting down service BlockDeletingService
2019-07-13 16:34:48,351 WARN  fs.CachingGetSpaceUsed (CachingGetSpaceUsed.java:run(183)) - Thread Interrupted waiting to refresh disk information: sleep interrupted
2019-07-13 16:34:48,351 WARN  fs.CachingGetSpaceUsed (CachingGetSpaceUsed.java:run(183)) - Thread Interrupted waiting to refresh disk information: sleep interrupted
2019-07-13 16:34:48,370 INFO  statemachine.DatanodeStateMachine (DatanodeStateMachine.java:stopDaemon(395)) - Ozone container server stopped.
2019-07-13 16:34:48,379 INFO  statemachine.DatanodeStateMachine (DatanodeStateMachine.java:stopDaemon(395)) - Ozone container server stopped.
2019-07-13 16:34:48,387 INFO  handler.ContextHandler (ContextHandler.java:doStop(910)) - Stopped o.e.j.w.WebAppContext@5ca10d0e{/,null,UNAVAILABLE}{/hddsDatanode}
2019-07-13 16:34:48,387 INFO  handler.ContextHandler (ContextHandler.java:doStop(910)) - Stopped o.e.j.w.WebAppContext@377d55{/,null,UNAVAILABLE}{/hddsDatanode}
2019-07-13 16:34:48,387 INFO  server.AbstractConnector (AbstractConnector.java:doStop(318)) - Stopped ServerConnector@34604b32{HTTP/1.1,[http/1.1]}{0.0.0.0:0}
2019-07-13 16:34:48,389 INFO  handler.ContextHandler (ContextHandler.java:doStop(910)) - Stopped o.e.j.s.ServletContextHandler@4af6839c{/static,jar:file:/home/user/.m2/repository/org/apache/hadoop/hadoop-hdds-container-service/0.5.0-SNAPSHOT/hadoop-hdds-container-service-0.5.0-SNAPSHOT.jar!/webapps/static,UNAVAILABLE}
2019-07-13 16:34:48,389 INFO  server.AbstractConnector (AbstractConnector.java:doStop(318)) - Stopped ServerConnector@193c810{HTTP/1.1,[http/1.1]}{0.0.0.0:0}
2019-07-13 16:34:48,391 INFO  handler.ContextHandler (ContextHandler.java:doStop(910)) - Stopped o.e.j.s.ServletContextHandler@1784a296{/logs,file:///tmp/workdir/hadoop-ozone/integration-test/target/log,UNAVAILABLE}
2019-07-13 16:34:48,391 INFO  handler.ContextHandler (ContextHandler.java:doStop(910)) - Stopped o.e.j.s.ServletContextHandler@28f081ad{/static,jar:file:/home/user/.m2/repository/org/apache/hadoop/hadoop-hdds-container-service/0.5.0-SNAPSHOT/hadoop-hdds-container-service-0.5.0-SNAPSHOT.jar!/webapps/static,UNAVAILABLE}
2019-07-13 16:34:48,392 INFO  datanode.ObjectStoreHandler (ObjectStoreHandler.java:close(155)) - Closing ObjectStoreHandler.
2019-07-13 16:34:48,392 INFO  handler.ContextHandler (ContextHandler.java:doStop(910)) - Stopped o.e.j.s.ServletContextHandler@4cc28ad0{/logs,file:///tmp/workdir/hadoop-ozone/integration-test/target/log,UNAVAILABLE}
2019-07-13 16:34:48,392 INFO  ozone.HddsDatanodeService (HddsDatanodeService.java:stop(452)) - Stopped plug-in org.apache.hadoop.ozone.web.OzoneHddsDatanodeService@799557c8
2019-07-13 16:34:48,393 INFO  datanode.ObjectStoreHandler (ObjectStoreHandler.java:close(155)) - Closing ObjectStoreHandler.
2019-07-13 16:34:48,394 INFO  ozone.HddsDatanodeService (HddsDatanodeService.java:stop(452)) - Stopped plug-in org.apache.hadoop.ozone.web.OzoneHddsDatanodeService@1d1da00b
2019-07-13 16:34:49,097 INFO  statemachine.DatanodeStateMachine (DatanodeStateMachine.java:lambda$startDaemon$0(350)) - Ozone container server started.
2019-07-13 16:34:49,099 INFO  statemachine.DatanodeStateMachine (DatanodeStateMachine.java:lambda$startDaemon$0(350)) - Ozone container server started.
2019-07-13 16:34:50,218 WARN  server.GrpcLogAppender (LogUtils.java:warn(134)) - cc2ff633-c256-42b3-8ded-7fd88c6ffef3->2220433e-68f2-49b3-b11f-e91f19d4dd5b: Failed appendEntries: org.apache.ratis.thirdparty.io.grpc.StatusRuntimeException: UNAVAILABLE: io exception
2019-07-13 16:34:50,218 INFO  impl.FollowerInfo (FollowerInfo.java:lambda$new$0(50)) - cc2ff633-c256-42b3-8ded-7fd88c6ffef3->2220433e-68f2-49b3-b11f-e91f19d4dd5b: nextIndex: updateUnconditionally 0 -> 0
2019-07-13 16:34:52,719 WARN  server.GrpcLogAppender (LogUtils.java:warn(134)) - cc2ff633-c256-42b3-8ded-7fd88c6ffef3->2220433e-68f2-49b3-b11f-e91f19d4dd5b: Failed appendEntries: org.apache.ratis.thirdparty.io.grpc.StatusRuntimeException: UNAVAILABLE: io exception
2019-07-13 16:34:52,719 INFO  impl.FollowerInfo (FollowerInfo.java:lambda$new$0(50)) - cc2ff633-c256-42b3-8ded-7fd88c6ffef3->2220433e-68f2-49b3-b11f-e91f19d4dd5b: nextIndex: updateUnconditionally 0 -> 0
2019-07-13 16:34:53,194 INFO  node.StaleNodeHandler (StaleNodeHandler.java:onMessage(58)) - Datanode d210e418-bc3f-4a59-9997-0a1dd79a5e4f{ip: 192.168.5.187, host: trunk-nightly-z92hn-1831959607, networkLocation: /default-rack, certSerialId: null} moved to stale state. Finalizing its pipelines [PipelineID=6a6e5413-1fca-478c-8b7f-522a381d71b0, PipelineID=ebb0c18c-108c-4907-bbe8-79b0f3e16e74]
2019-07-13 16:34:53,194 INFO  pipeline.SCMPipelineManager (SCMPipelineManager.java:finalizeAndDestroyPipeline(309)) - destroying pipeline:Pipeline[ Id: 6a6e5413-1fca-478c-8b7f-522a381d71b0, Nodes: cc2ff633-c256-42b3-8ded-7fd88c6ffef3{ip: 192.168.5.187, host: trunk-nightly-z92hn-1831959607, networkLocation: /default-rack, certSerialId: null}2220433e-68f2-49b3-b11f-e91f19d4dd5b{ip: 192.168.5.187, host: trunk-nightly-z92hn-1831959607, networkLocation: /default-rack, certSerialId: null}d210e418-bc3f-4a59-9997-0a1dd79a5e4f{ip: 192.168.5.187, host: trunk-nightly-z92hn-1831959607, networkLocation: /default-rack, certSerialId: null}, Type:RATIS, Factor:THREE, State:CLOSED]
2019-07-13 16:34:53,195 INFO  pipeline.SCMPipelineManager (SCMPipelineManager.java:finalizeAndDestroyPipeline(309)) - destroying pipeline:Pipeline[ Id: ebb0c18c-108c-4907-bbe8-79b0f3e16e74, Nodes: d210e418-bc3f-4a59-9997-0a1dd79a5e4f{ip: 192.168.5.187, host: trunk-nightly-z92hn-1831959607, networkLocation: /default-rack, certSerialId: null}, Type:RATIS, Factor:ONE, State:OPEN]
2019-07-13 16:34:53,195 INFO  pipeline.PipelineStateManager (PipelineStateManager.java:finalizePipeline(123)) - Pipeline Pipeline[ Id: ebb0c18c-108c-4907-bbe8-79b0f3e16e74, Nodes: d210e418-bc3f-4a59-9997-0a1dd79a5e4f{ip: 192.168.5.187, host: trunk-nightly-z92hn-1831959607, networkLocation: /default-rack, certSerialId: null}, Type:RATIS, Factor:ONE, State:CLOSED] moved to CLOSED state
2019-07-13 16:34:53,195 INFO  container.CloseContainerEventHandler (CloseContainerEventHandler.java:onMessage(61)) - Close container Event triggered for container : #2
2019-07-13 16:34:53,195 INFO  node.StaleNodeHandler (StaleNodeHandler.java:onMessage(58)) - Datanode 80fdcb8a-4dcf-476b-8901-e3585c02748e{ip: 192.168.5.187, host: trunk-nightly-z92hn-1831959607, networkLocation: /default-rack, certSerialId: null} moved to stale state. Finalizing its pipelines [PipelineID=2498674a-5dfa-48a8-84e6-f1757146bd82, PipelineID=e3239f62-6903-4561-98ed-f3debde82e42]
2019-07-13 16:34:53,195 INFO  pipeline.SCMPipelineManager (SCMPipelineManager.java:finalizeAndDestroyPipeline(309)) - destroying pipeline:Pipeline[ Id: 2498674a-5dfa-48a8-84e6-f1757146bd82, Nodes: 80fdcb8a-4dcf-476b-8901-e3585c02748e{ip: 192.168.5.187, host: trunk-nightly-z92hn-1831959607, networkLocation: /default-rack, certSerialId: null}, Type:RATIS, Factor:ONE, State:OPEN]
2019-07-13 16:34:53,196 INFO  pipeline.PipelineStateManager (PipelineStateManager.java:finalizePipeline(123)) - Pipeline Pipeline[ Id: 2498674a-5dfa-48a8-84e6-f1757146bd82, Nodes: 80fdcb8a-4dcf-476b-8901-e3585c02748e{ip: 192.168.5.187, host: trunk-nightly-z92hn-1831959607, networkLocation: /default-rack, certSerialId: null}, Type:RATIS, Factor:ONE, State:CLOSED] moved to CLOSED state
2019-07-13 16:34:53,196 INFO  pipeline.SCMPipelineManager (SCMPipelineManager.java:finalizeAndDestroyPipeline(309)) - destroying pipeline:Pipeline[ Id: e3239f62-6903-4561-98ed-f3debde82e42, Nodes: 0d8de9e7-9fe7-4911-8019-c6c2c0b14636{ip: 192.168.5.187, host: trunk-nightly-z92hn-1831959607, networkLocation: /default-rack, certSerialId: null}80fdcb8a-4dcf-476b-8901-e3585c02748e{ip: 192.168.5.187, host: trunk-nightly-z92hn-1831959607, networkLocation: /default-rack, certSerialId: null}64d8d0d8-69cb-4bd4-87b3-5f7337c18ef9{ip: 192.168.5.187, host: trunk-nightly-z92hn-1831959607, networkLocation: /default-rack, certSerialId: null}, Type:RATIS, Factor:THREE, State:CLOSED]
2019-07-13 16:34:53,393 INFO  ozoneimpl.OzoneContainer (OzoneContainer.java:stop(199)) - Attempting to stop container services.
2019-07-13 16:34:53,394 INFO  impl.RaftServerProxy (RaftServerProxy.java:lambda$close$4(314)) - d210e418-bc3f-4a59-9997-0a1dd79a5e4f: close
2019-07-13 16:34:53,394 INFO  impl.RaftServerImpl (RaftServerImpl.java:lambda$shutdown$3(245)) - d210e418-bc3f-4a59-9997-0a1dd79a5e4f: shutdown group-522A381D71B0
2019-07-13 16:34:53,394 INFO  ozoneimpl.OzoneContainer (OzoneContainer.java:stop(199)) - Attempting to stop container services.
2019-07-13 16:34:53,394 INFO  util.JmxRegister (JmxRegister.java:unregister(73)) - Successfully un-registered JMX Bean with object name Ratis:service=RaftServer,group=group-522A381D71B0,id=d210e418-bc3f-4a59-9997-0a1dd79a5e4f
2019-07-13 16:34:53,395 INFO  impl.RaftServerProxy (RaftServerProxy.java:lambda$close$4(314)) - 80fdcb8a-4dcf-476b-8901-e3585c02748e: close
2019-07-13 16:34:53,395 INFO  impl.RoleInfo (RoleInfo.java:shutdownFollowerState(121)) - d210e418-bc3f-4a59-9997-0a1dd79a5e4f: shutdown FollowerState
2019-07-13 16:34:53,395 INFO  impl.RaftServerImpl (RaftServerImpl.java:lambda$shutdown$3(245)) - 80fdcb8a-4dcf-476b-8901-e3585c02748e: shutdown group-F1757146BD82
2019-07-13 16:34:53,396 INFO  ratis.ContainerStateMachine (ContainerStateMachine.java:takeSnapshot(246)) - Taking snapshot at termIndex:(t:0, i:~)
2019-07-13 16:34:53,396 INFO  impl.FollowerState (FollowerState.java:run(114)) - d210e418-bc3f-4a59-9997-0a1dd79a5e4f: FollowerState was interrupted: java.lang.InterruptedException: sleep interrupted
2019-07-13 16:34:53,396 INFO  impl.StateMachineUpdater (StateMachineUpdater.java:stopAndJoin(115)) - StateMachineUpdater:d210e418-bc3f-4a59-9997-0a1dd79a5e4f:group-522A381D71B0: set stopIndex = 0
2019-07-13 16:34:53,397 INFO  impl.RaftServerImpl (ServerState.java:close(394)) - d210e418-bc3f-4a59-9997-0a1dd79a5e4f:group-522A381D71B0 closes. The last applied log index is 0
2019-07-13 16:34:53,396 INFO  util.JmxRegister (JmxRegister.java:unregister(73)) - Successfully un-registered JMX Bean with object name Ratis:service=RaftServer,group=group-F1757146BD82,id=80fdcb8a-4dcf-476b-8901-e3585c02748e
2019-07-13 16:34:53,397 INFO  segmented.SegmentedRaftLogWorker (SegmentedRaftLogWorker.java:run(313)) - d210e418-bc3f-4a59-9997-0a1dd79a5e4f-SegmentedRaftLogWorker:Storage Directory /tmp/workdir/hadoop-ozone/integration-test/target/test-dir/MiniOzoneClusterImpl-057be10f-cdfd-47e1-b7d7-538f995da6ce/datanode-2/data/ratis/6a6e5413-1fca-478c-8b7f-522a381d71b0 was interrupted, exiting. There are 0 tasks remaining in the queue.
2019-07-13 16:34:53,397 INFO  impl.RoleInfo (RoleInfo.java:shutdownLeaderState(104)) - 80fdcb8a-4dcf-476b-8901-e3585c02748e: shutdown LeaderState
2019-07-13 16:34:53,400 INFO  segmented.SegmentedRaftLogWorker (SegmentedRaftLogWorker.java:close(228)) - d210e418-bc3f-4a59-9997-0a1dd79a5e4f-SegmentedRaftLogWorker:Storage Directory /tmp/workdir/hadoop-ozone/integration-test/target/test-dir/MiniOzoneClusterImpl-057be10f-cdfd-47e1-b7d7-538f995da6ce/datanode-2/data/ratis/6a6e5413-1fca-478c-8b7f-522a381d71b0 close()
2019-07-13 16:34:53,400 INFO  impl.PendingRequests (PendingRequests.java:sendNotLeaderResponses(202)) - 80fdcb8a-4dcf-476b-8901-e3585c02748e-PendingRequests: sendNotLeaderResponses
2019-07-13 16:34:53,402 INFO  impl.RaftServerImpl (RaftServerImpl.java:lambda$shutdown$3(245)) - d210e418-bc3f-4a59-9997-0a1dd79a5e4f: shutdown group-79B0F3E16E74
2019-07-13 16:34:53,403 INFO  ratis.ContainerStateMachine (ContainerStateMachine.java:takeSnapshot(246)) - Taking snapshot at termIndex:(t:0, i:~)
2019-07-13 16:34:53,403 INFO  impl.StateMachineUpdater (StateMachineUpdater.java:stopAndJoin(115)) - StateMachineUpdater:80fdcb8a-4dcf-476b-8901-e3585c02748e:group-F1757146BD82: set stopIndex = 0
2019-07-13 16:34:53,403 INFO  util.JmxRegister (JmxRegister.java:unregister(73)) - Successfully un-registered JMX Bean with object name Ratis:service=RaftServer,group=group-79B0F3E16E74,id=d210e418-bc3f-4a59-9997-0a1dd79a5e4f
2019-07-13 16:34:53,404 INFO  impl.RaftServerImpl (ServerState.java:close(394)) - 80fdcb8a-4dcf-476b-8901-e3585c02748e:group-F1757146BD82 closes. The last applied log index is 0
2019-07-13 16:34:53,404 INFO  impl.RoleInfo (RoleInfo.java:shutdownLeaderState(104)) - d210e418-bc3f-4a59-9997-0a1dd79a5e4f: shutdown LeaderState
2019-07-13 16:34:53,404 INFO  segmented.SegmentedRaftLogWorker (SegmentedRaftLogWorker.java:run(313)) - 80fdcb8a-4dcf-476b-8901-e3585c02748e-SegmentedRaftLogWorker:Storage Directory /tmp/workdir/hadoop-ozone/integration-test/target/test-dir/MiniOzoneClusterImpl-057be10f-cdfd-47e1-b7d7-538f995da6ce/datanode-3/data/ratis/2498674a-5dfa-48a8-84e6-f1757146bd82 was interrupted, exiting. There are 0 tasks remaining in the queue.
2019-07-13 16:34:53,405 INFO  impl.PendingRequests (PendingRequests.java:sendNotLeaderResponses(202)) - d210e418-bc3f-4a59-9997-0a1dd79a5e4f-PendingRequests: sendNotLeaderResponses
2019-07-13 16:34:53,413 INFO  impl.StateMachineUpdater (StateMachineUpdater.java:stopAndJoin(115)) - StateMachineUpdater:d210e418-bc3f-4a59-9997-0a1dd79a5e4f:group-79B0F3E16E74: set stopIndex = 13
2019-07-13 16:34:53,413 INFO  segmented.SegmentedRaftLogWorker (SegmentedRaftLogWorker.java:close(228)) - 80fdcb8a-4dcf-476b-8901-e3585c02748e-SegmentedRaftLogWorker:Storage Directory /tmp/workdir/hadoop-ozone/integration-test/target/test-dir/MiniOzoneClusterImpl-057be10f-cdfd-47e1-b7d7-538f995da6ce/datanode-3/data/ratis/2498674a-5dfa-48a8-84e6-f1757146bd82 close()
2019-07-13 16:34:53,413 INFO  ratis.ContainerStateMachine (ContainerStateMachine.java:takeSnapshot(246)) - Taking snapshot at termIndex:(t:1, i:11)
2019-07-13 16:34:53,417 INFO  impl.RaftServerImpl (RaftServerImpl.java:lambda$shutdown$3(245)) - 80fdcb8a-4dcf-476b-8901-e3585c02748e: shutdown group-F3DEBDE82E42
2019-07-13 16:34:53,417 INFO  ratis.ContainerStateMachine (ContainerStateMachine.java:takeSnapshot(250)) - Taking a snapshot to file /tmp/workdir/hadoop-ozone/integration-test/target/test-dir/MiniOzoneClusterImpl-057be10f-cdfd-47e1-b7d7-538f995da6ce/datanode-2/data/ratis/ebb0c18c-108c-4907-bbe8-79b0f3e16e74/sm/snapshot.1_11
2019-07-13 16:34:53,418 INFO  util.JmxRegister (JmxRegister.java:unregister(73)) - Successfully un-registered JMX Bean with object name Ratis:service=RaftServer,group=group-F3DEBDE82E42,id=80fdcb8a-4dcf-476b-8901-e3585c02748e
2019-07-13 16:34:53,418 INFO  impl.StateMachineUpdater (StateMachineUpdater.java:takeSnapshot(242)) - StateMachineUpdater:d210e418-bc3f-4a59-9997-0a1dd79a5e4f:group-79B0F3E16E74: Took a snapshot at index 11
2019-07-13 16:34:53,418 INFO  impl.RoleInfo (RoleInfo.java:shutdownFollowerState(121)) - 80fdcb8a-4dcf-476b-8901-e3585c02748e: shutdown FollowerState
2019-07-13 16:34:53,418 INFO  impl.StateMachineUpdater (StateMachineUpdater.java:lambda$new$0(80)) - StateMachineUpdater:d210e418-bc3f-4a59-9997-0a1dd79a5e4f:group-79B0F3E16E74: snapshotIndex: updateIncreasingly -1 -> 11
2019-07-13 16:34:53,419 INFO  ratis.ContainerStateMachine (ContainerStateMachine.java:takeSnapshot(246)) - Taking snapshot at termIndex:(t:0, i:~)
2019-07-13 16:34:53,419 INFO  impl.FollowerState (FollowerState.java:run(114)) - 80fdcb8a-4dcf-476b-8901-e3585c02748e: FollowerState was interrupted: java.lang.InterruptedException: sleep interrupted
2019-07-13 16:34:53,419 INFO  impl.StateMachineUpdater (StateMachineUpdater.java:stopAndJoin(115)) - StateMachineUpdater:80fdcb8a-4dcf-476b-8901-e3585c02748e:group-F3DEBDE82E42: set stopIndex = 0
2019-07-13 16:34:53,419 INFO  impl.RaftServerImpl (ServerState.java:close(394)) - d210e418-bc3f-4a59-9997-0a1dd79a5e4f:group-79B0F3E16E74 closes. The last applied log index is 13
2019-07-13 16:34:53,421 INFO  impl.RaftServerImpl (ServerState.java:close(394)) - 80fdcb8a-4dcf-476b-8901-e3585c02748e:group-F3DEBDE82E42 closes. The last applied log index is 0
2019-07-13 16:34:53,422 INFO  segmented.SegmentedRaftLogWorker (SegmentedRaftLogWorker.java:run(313)) - d210e418-bc3f-4a59-9997-0a1dd79a5e4f-SegmentedRaftLogWorker:Storage Directory /tmp/workdir/hadoop-ozone/integration-test/target/test-dir/MiniOzoneClusterImpl-057be10f-cdfd-47e1-b7d7-538f995da6ce/datanode-2/data/ratis/ebb0c18c-108c-4907-bbe8-79b0f3e16e74 was interrupted, exiting. There are 0 tasks remaining in the queue.
2019-07-13 16:34:53,422 INFO  segmented.SegmentedRaftLogWorker (SegmentedRaftLogWorker.java:run(313)) - 80fdcb8a-4dcf-476b-8901-e3585c02748e-SegmentedRaftLogWorker:Storage Directory /tmp/workdir/hadoop-ozone/integration-test/target/test-dir/MiniOzoneClusterImpl-057be10f-cdfd-47e1-b7d7-538f995da6ce/datanode-3/data/ratis/e3239f62-6903-4561-98ed-f3debde82e42 was interrupted, exiting. There are 0 tasks remaining in the queue.
2019-07-13 16:34:53,424 INFO  segmented.SegmentedRaftLogWorker (SegmentedRaftLogWorker.java:close(228)) - d210e418-bc3f-4a59-9997-0a1dd79a5e4f-SegmentedRaftLogWorker:Storage Directory /tmp/workdir/hadoop-ozone/integration-test/target/test-dir/MiniOzoneClusterImpl-057be10f-cdfd-47e1-b7d7-538f995da6ce/datanode-2/data/ratis/ebb0c18c-108c-4907-bbe8-79b0f3e16e74 close()
2019-07-13 16:34:53,426 INFO  segmented.SegmentedRaftLogWorker (SegmentedRaftLogWorker.java:close(228)) - 80fdcb8a-4dcf-476b-8901-e3585c02748e-SegmentedRaftLogWorker:Storage Directory /tmp/workdir/hadoop-ozone/integration-test/target/test-dir/MiniOzoneClusterImpl-057be10f-cdfd-47e1-b7d7-538f995da6ce/datanode-3/data/ratis/e3239f62-6903-4561-98ed-f3debde82e42 close()
2019-07-13 16:34:53,428 INFO  server.GrpcService (GrpcService.java:closeImpl(155)) - d210e418-bc3f-4a59-9997-0a1dd79a5e4f: shutdown server with port 44122 now
2019-07-13 16:34:53,430 INFO  server.GrpcService (GrpcService.java:closeImpl(155)) - 80fdcb8a-4dcf-476b-8901-e3585c02748e: shutdown server with port 35716 now
2019-07-13 16:34:53,432 WARN  server.GrpcServerProtocolService (LogUtils.java:warn(134)) - d210e418-bc3f-4a59-9997-0a1dd79a5e4f: appendEntries onError: org.apache.ratis.thirdparty.io.grpc.StatusRuntimeException: CANCELLED: cancelled before receiving half close
2019-07-13 16:34:53,432 INFO  server.GrpcService (GrpcService.java:closeImpl(163)) - 80fdcb8a-4dcf-476b-8901-e3585c02748e: shutdown server with port 35716 successfully
2019-07-13 16:34:53,432 WARN  server.GrpcLogAppender (LogUtils.java:warn(134)) - cc2ff633-c256-42b3-8ded-7fd88c6ffef3->d210e418-bc3f-4a59-9997-0a1dd79a5e4f: Failed appendEntries: org.apache.ratis.thirdparty.io.grpc.StatusRuntimeException: CANCELLED: HTTP/2 error code: CANCEL
Received Rst Stream
2019-07-13 16:34:53,432 INFO  server.GrpcService (GrpcService.java:closeImpl(163)) - d210e418-bc3f-4a59-9997-0a1dd79a5e4f: shutdown server with port 44122 successfully
2019-07-13 16:34:53,433 INFO  impl.FollowerInfo (FollowerInfo.java:lambda$new$0(50)) - cc2ff633-c256-42b3-8ded-7fd88c6ffef3->d210e418-bc3f-4a59-9997-0a1dd79a5e4f: nextIndex: updateUnconditionally 1 -> 0
2019-07-13 16:34:53,434 INFO  utils.BackgroundService (BackgroundService.java:shutdown(148)) - Shutting down service BlockDeletingService
2019-07-13 16:34:53,435 WARN  fs.CachingGetSpaceUsed (CachingGetSpaceUsed.java:run(183)) - Thread Interrupted waiting to refresh disk information: sleep interrupted
2019-07-13 16:34:53,438 INFO  utils.BackgroundService (BackgroundService.java:shutdown(148)) - Shutting down service BlockDeletingService
2019-07-13 16:34:53,440 WARN  fs.CachingGetSpaceUsed (CachingGetSpaceUsed.java:run(183)) - Thread Interrupted waiting to refresh disk information: sleep interrupted
2019-07-13 16:34:53,455 INFO  statemachine.DatanodeStateMachine (DatanodeStateMachine.java:stopDaemon(395)) - Ozone container server stopped.
2019-07-13 16:34:53,464 INFO  statemachine.DatanodeStateMachine (DatanodeStateMachine.java:stopDaemon(395)) - Ozone container server stopped.
2019-07-13 16:34:53,471 INFO  handler.ContextHandler (ContextHandler.java:doStop(910)) - Stopped o.e.j.w.WebAppContext@1e12fdcf{/,null,UNAVAILABLE}{/hddsDatanode}
2019-07-13 16:34:53,471 INFO  handler.ContextHandler (ContextHandler.java:doStop(910)) - Stopped o.e.j.w.WebAppContext@406d922{/,null,UNAVAILABLE}{/hddsDatanode}
2019-07-13 16:34:53,472 INFO  server.AbstractConnector (AbstractConnector.java:doStop(318)) - Stopped ServerConnector@1d0fc0bc{HTTP/1.1,[http/1.1]}{0.0.0.0:0}
2019-07-13 16:34:53,473 INFO  server.AbstractConnector (AbstractConnector.java:doStop(318)) - Stopped ServerConnector@56017274{HTTP/1.1,[http/1.1]}{0.0.0.0:0}
2019-07-13 16:34:53,473 INFO  handler.ContextHandler (ContextHandler.java:doStop(910)) - Stopped o.e.j.s.ServletContextHandler@64e247e{/static,jar:file:/home/user/.m2/repository/org/apache/hadoop/hadoop-hdds-container-service/0.5.0-SNAPSHOT/hadoop-hdds-container-service-0.5.0-SNAPSHOT.jar!/webapps/static,UNAVAILABLE}
2019-07-13 16:34:53,474 INFO  handler.ContextHandler (ContextHandler.java:doStop(910)) - Stopped o.e.j.s.ServletContextHandler@17e4beda{/static,jar:file:/home/user/.m2/repository/org/apache/hadoop/hadoop-hdds-container-service/0.5.0-SNAPSHOT/hadoop-hdds-container-service-0.5.0-SNAPSHOT.jar!/webapps/static,UNAVAILABLE}
2019-07-13 16:34:53,475 INFO  handler.ContextHandler (ContextHandler.java:doStop(910)) - Stopped o.e.j.s.ServletContextHandler@3398ed12{/logs,file:///tmp/workdir/hadoop-ozone/integration-test/target/log,UNAVAILABLE}
2019-07-13 16:34:53,476 INFO  handler.ContextHandler (ContextHandler.java:doStop(910)) - Stopped o.e.j.s.ServletContextHandler@68e62b3b{/logs,file:///tmp/workdir/hadoop-ozone/integration-test/target/log,UNAVAILABLE}
2019-07-13 16:34:53,476 INFO  datanode.ObjectStoreHandler (ObjectStoreHandler.java:close(155)) - Closing ObjectStoreHandler.
2019-07-13 16:34:53,476 INFO  datanode.ObjectStoreHandler (ObjectStoreHandler.java:close(155)) - Closing ObjectStoreHandler.
2019-07-13 16:34:53,477 INFO  ozone.HddsDatanodeService (HddsDatanodeService.java:stop(452)) - Stopped plug-in org.apache.hadoop.ozone.web.OzoneHddsDatanodeService@47393345
2019-07-13 16:34:53,477 INFO  ozone.HddsDatanodeService (HddsDatanodeService.java:stop(452)) - Stopped plug-in org.apache.hadoop.ozone.web.OzoneHddsDatanodeService@798d8247
2019-07-13 16:34:53,662 INFO  statemachine.DatanodeStateMachine (DatanodeStateMachine.java:lambda$startDaemon$0(350)) - Ozone container server started.
2019-07-13 16:34:54,352 INFO  statemachine.DatanodeStateMachine (DatanodeStateMachine.java:lambda$startDaemon$0(350)) - Ozone container server started.
2019-07-13 16:34:55,220 WARN  server.GrpcLogAppender (LogUtils.java:warn(134)) - cc2ff633-c256-42b3-8ded-7fd88c6ffef3->2220433e-68f2-49b3-b11f-e91f19d4dd5b: Failed appendEntries: org.apache.ratis.thirdparty.io.grpc.StatusRuntimeException: UNAVAILABLE: io exception
2019-07-13 16:34:55,220 INFO  impl.FollowerInfo (FollowerInfo.java:lambda$new$0(50)) - cc2ff633-c256-42b3-8ded-7fd88c6ffef3->2220433e-68f2-49b3-b11f-e91f19d4dd5b: nextIndex: updateUnconditionally 0 -> 0
2019-07-13 16:34:55,222 WARN  server.GrpcLogAppender (LogUtils.java:warn(134)) - cc2ff633-c256-42b3-8ded-7fd88c6ffef3->d210e418-bc3f-4a59-9997-0a1dd79a5e4f: Failed appendEntries: org.apache.ratis.thirdparty.io.grpc.StatusRuntimeException: UNAVAILABLE: io exception
2019-07-13 16:34:55,222 INFO  impl.FollowerInfo (FollowerInfo.java:lambda$new$0(50)) - cc2ff633-c256-42b3-8ded-7fd88c6ffef3->d210e418-bc3f-4a59-9997-0a1dd79a5e4f: nextIndex: updateUnconditionally 0 -> 0
2019-07-13 16:34:55,889 INFO  impl.FollowerState (FollowerState.java:run(106)) - 0d8de9e7-9fe7-4911-8019-c6c2c0b14636:group-F3DEBDE82E42 changes to CANDIDATE, lastRpcTime:7623, electionTimeout:5104ms
2019-07-13 16:34:55,890 INFO  impl.RoleInfo (RoleInfo.java:shutdownFollowerState(121)) - 0d8de9e7-9fe7-4911-8019-c6c2c0b14636: shutdown FollowerState
2019-07-13 16:34:55,890 INFO  impl.RaftServerImpl (RaftServerImpl.java:setRole(171)) - 0d8de9e7-9fe7-4911-8019-c6c2c0b14636:group-F3DEBDE82E42 changes role from FOLLOWER to CANDIDATE at term 1 for changeToCandidate
2019-07-13 16:34:55,890 INFO  impl.RoleInfo (RoleInfo.java:updateAndGet(143)) - 0d8de9e7-9fe7-4911-8019-c6c2c0b14636: start LeaderElection
2019-07-13 16:34:55,892 INFO  impl.RaftServerImpl (ServerState.java:setLeader(263)) - 0d8de9e7-9fe7-4911-8019-c6c2c0b14636:group-F3DEBDE82E42 change Leader from 64d8d0d8-69cb-4bd4-87b3-5f7337c18ef9 to null at term 1 for initElection
2019-07-13 16:34:55,901 INFO  impl.LeaderElection (LeaderElection.java:askForVotes(181)) - 0d8de9e7-9fe7-4911-8019-c6c2c0b14636:group-F3DEBDE82E42:LeaderElection46: begin an election at term 2 for 0: [0d8de9e7-9fe7-4911-8019-c6c2c0b14636:192.168.5.187:36713, 64d8d0d8-69cb-4bd4-87b3-5f7337c18ef9:192.168.5.187:36693, 80fdcb8a-4dcf-476b-8901-e3585c02748e:192.168.5.187:35716], old=null
2019-07-13 16:34:55,904 INFO  impl.LeaderElection (LogUtils.java:infoOrTrace(149)) - 0d8de9e7-9fe7-4911-8019-c6c2c0b14636:group-F3DEBDE82E42:LeaderElection46 got exception when requesting votes: {}
java.util.concurrent.ExecutionException: org.apache.ratis.thirdparty.io.grpc.StatusRuntimeException: UNAVAILABLE: io exception
	at java.util.concurrent.FutureTask.report(FutureTask.java:122)
	at java.util.concurrent.FutureTask.get(FutureTask.java:192)
	at org.apache.ratis.server.impl.LeaderElection.waitForResults(LeaderElection.java:262)
	at org.apache.ratis.server.impl.LeaderElection.askForVotes(LeaderElection.java:200)
	at org.apache.ratis.server.impl.LeaderElection.run(LeaderElection.java:130)
	at java.lang.Thread.run(Thread.java:748)
Caused by: org.apache.ratis.thirdparty.io.grpc.StatusRuntimeException: UNAVAILABLE: io exception
	at org.apache.ratis.thirdparty.io.grpc.stub.ClientCalls.toStatusRuntimeException(ClientCalls.java:233)
	at org.apache.ratis.thirdparty.io.grpc.stub.ClientCalls.getUnchecked(ClientCalls.java:214)
	at org.apache.ratis.thirdparty.io.grpc.stub.ClientCalls.blockingUnaryCall(ClientCalls.java:139)
	at org.apache.ratis.proto.grpc.RaftServerProtocolServiceGrpc$RaftServerProtocolServiceBlockingStub.requestVote(RaftServerProtocolServiceGrpc.java:265)
	at org.apache.ratis.grpc.server.GrpcServerProtocolClient.requestVote(GrpcServerProtocolClient.java:83)
	at org.apache.ratis.grpc.server.GrpcService.requestVote(GrpcService.java:195)
	at org.apache.ratis.server.impl.LeaderElection.lambda$submitRequests$1(LeaderElection.java:237)
	at java.util.concurrent.FutureTask.run(FutureTask.java:266)
	at java.util.concurrent.Executors$RunnableAdapter.call(Executors.java:511)
	at java.util.concurrent.FutureTask.run(FutureTask.java:266)
	at java.util.concurrent.ThreadPoolExecutor.runWorker(ThreadPoolExecutor.java:1149)
	at java.util.concurrent.ThreadPoolExecutor$Worker.run(ThreadPoolExecutor.java:624)
	... 1 more
Caused by: org.apache.ratis.thirdparty.io.netty.channel.AbstractChannel$AnnotatedConnectException: Connection refused: /192.168.5.187:35716
	at sun.nio.ch.SocketChannelImpl.checkConnect(Native Method)
	at sun.nio.ch.SocketChannelImpl.finishConnect(SocketChannelImpl.java:717)
	at org.apache.ratis.thirdparty.io.netty.channel.socket.nio.NioSocketChannel.doFinishConnect(NioSocketChannel.java:327)
	at org.apache.ratis.thirdparty.io.netty.channel.nio.AbstractNioChannel$AbstractNioUnsafe.finishConnect(AbstractNioChannel.java:340)
	at org.apache.ratis.thirdparty.io.netty.channel.nio.NioEventLoop.processSelectedKey(NioEventLoop.java:632)
	at org.apache.ratis.thirdparty.io.netty.channel.nio.NioEventLoop.processSelectedKeysOptimized(NioEventLoop.java:579)
	at org.apache.ratis.thirdparty.io.netty.channel.nio.NioEventLoop.processSelectedKeys(NioEventLoop.java:496)
	at org.apache.ratis.thirdparty.io.netty.channel.nio.NioEventLoop.run(NioEventLoop.java:458)
	at org.apache.ratis.thirdparty.io.netty.util.concurrent.SingleThreadEventExecutor$5.run(SingleThreadEventExecutor.java:897)
	at org.apache.ratis.thirdparty.io.netty.util.concurrent.FastThreadLocalRunnable.run(FastThreadLocalRunnable.java:30)
	... 1 more
Caused by: java.net.ConnectException: Connection refused
	... 11 more
2019-07-13 16:34:55,906 INFO  impl.LeaderElection (LogUtils.java:infoOrTrace(149)) - 0d8de9e7-9fe7-4911-8019-c6c2c0b14636:group-F3DEBDE82E42:LeaderElection46 got exception when requesting votes: {}
java.util.concurrent.ExecutionException: org.apache.ratis.thirdparty.io.grpc.StatusRuntimeException: UNAVAILABLE: io exception
	at java.util.concurrent.FutureTask.report(FutureTask.java:122)
	at java.util.concurrent.FutureTask.get(FutureTask.java:192)
	at org.apache.ratis.server.impl.LeaderElection.waitForResults(LeaderElection.java:262)
	at org.apache.ratis.server.impl.LeaderElection.askForVotes(LeaderElection.java:200)
	at org.apache.ratis.server.impl.LeaderElection.run(LeaderElection.java:130)
	at java.lang.Thread.run(Thread.java:748)
Caused by: org.apache.ratis.thirdparty.io.grpc.StatusRuntimeException: UNAVAILABLE: io exception
	at org.apache.ratis.thirdparty.io.grpc.stub.ClientCalls.toStatusRuntimeException(ClientCalls.java:233)
	at org.apache.ratis.thirdparty.io.grpc.stub.ClientCalls.getUnchecked(ClientCalls.java:214)
	at org.apache.ratis.thirdparty.io.grpc.stub.ClientCalls.blockingUnaryCall(ClientCalls.java:139)
	at org.apache.ratis.proto.grpc.RaftServerProtocolServiceGrpc$RaftServerProtocolServiceBlockingStub.requestVote(RaftServerProtocolServiceGrpc.java:265)
	at org.apache.ratis.grpc.server.GrpcServerProtocolClient.requestVote(GrpcServerProtocolClient.java:83)
	at org.apache.ratis.grpc.server.GrpcService.requestVote(GrpcService.java:195)
	at org.apache.ratis.server.impl.LeaderElection.lambda$submitRequests$1(LeaderElection.java:237)
	at java.util.concurrent.FutureTask.run(FutureTask.java:266)
	at java.util.concurrent.Executors$RunnableAdapter.call(Executors.java:511)
	at java.util.concurrent.FutureTask.run(FutureTask.java:266)
	at java.util.concurrent.ThreadPoolExecutor.runWorker(ThreadPoolExecutor.java:1149)
	at java.util.concurrent.ThreadPoolExecutor$Worker.run(ThreadPoolExecutor.java:624)
	... 1 more
Caused by: org.apache.ratis.thirdparty.io.netty.channel.AbstractChannel$AnnotatedConnectException: Connection refused: /192.168.5.187:36693
	at sun.nio.ch.SocketChannelImpl.checkConnect(Native Method)
	at sun.nio.ch.SocketChannelImpl.finishConnect(SocketChannelImpl.java:717)
	at org.apache.ratis.thirdparty.io.netty.channel.socket.nio.NioSocketChannel.doFinishConnect(NioSocketChannel.java:327)
	at org.apache.ratis.thirdparty.io.netty.channel.nio.AbstractNioChannel$AbstractNioUnsafe.finishConnect(AbstractNioChannel.java:340)
	at org.apache.ratis.thirdparty.io.netty.channel.nio.NioEventLoop.processSelectedKey(NioEventLoop.java:632)
	at org.apache.ratis.thirdparty.io.netty.channel.nio.NioEventLoop.processSelectedKeysOptimized(NioEventLoop.java:579)
	at org.apache.ratis.thirdparty.io.netty.channel.nio.NioEventLoop.processSelectedKeys(NioEventLoop.java:496)
	at org.apache.ratis.thirdparty.io.netty.channel.nio.NioEventLoop.run(NioEventLoop.java:458)
	at org.apache.ratis.thirdparty.io.netty.util.concurrent.SingleThreadEventExecutor$5.run(SingleThreadEventExecutor.java:897)
	at org.apache.ratis.thirdparty.io.netty.util.concurrent.FastThreadLocalRunnable.run(FastThreadLocalRunnable.java:30)
	... 1 more
Caused by: java.net.ConnectException: Connection refused
	... 11 more
2019-07-13 16:34:55,907 INFO  impl.LeaderElection (LeaderElection.java:logAndReturn(56)) - 0d8de9e7-9fe7-4911-8019-c6c2c0b14636:group-F3DEBDE82E42:LeaderElection46: Election REJECTED; received 0 response(s) [] and 2 exception(s); 0d8de9e7-9fe7-4911-8019-c6c2c0b14636:t2, leader=null, voted=0d8de9e7-9fe7-4911-8019-c6c2c0b14636, raftlog=0d8de9e7-9fe7-4911-8019-c6c2c0b14636-SegmentedRaftLog:OPENED:c0,f0,i0, conf=0: [0d8de9e7-9fe7-4911-8019-c6c2c0b14636:192.168.5.187:36713, 64d8d0d8-69cb-4bd4-87b3-5f7337c18ef9:192.168.5.187:36693, 80fdcb8a-4dcf-476b-8901-e3585c02748e:192.168.5.187:35716], old=null
2019-07-13 16:34:55,907 INFO  impl.LeaderElection (LogUtils.java:infoOrTrace(149)) -   Exception 0: {}
java.util.concurrent.ExecutionException: org.apache.ratis.thirdparty.io.grpc.StatusRuntimeException: UNAVAILABLE: io exception
	at java.util.concurrent.FutureTask.report(FutureTask.java:122)
	at java.util.concurrent.FutureTask.get(FutureTask.java:192)
	at org.apache.ratis.server.impl.LeaderElection.waitForResults(LeaderElection.java:262)
	at org.apache.ratis.server.impl.LeaderElection.askForVotes(LeaderElection.java:200)
	at org.apache.ratis.server.impl.LeaderElection.run(LeaderElection.java:130)
	at java.lang.Thread.run(Thread.java:748)
Caused by: org.apache.ratis.thirdparty.io.grpc.StatusRuntimeException: UNAVAILABLE: io exception
	at org.apache.ratis.thirdparty.io.grpc.stub.ClientCalls.toStatusRuntimeException(ClientCalls.java:233)
	at org.apache.ratis.thirdparty.io.grpc.stub.ClientCalls.getUnchecked(ClientCalls.java:214)
	at org.apache.ratis.thirdparty.io.grpc.stub.ClientCalls.blockingUnaryCall(ClientCalls.java:139)
	at org.apache.ratis.proto.grpc.RaftServerProtocolServiceGrpc$RaftServerProtocolServiceBlockingStub.requestVote(RaftServerProtocolServiceGrpc.java:265)
	at org.apache.ratis.grpc.server.GrpcServerProtocolClient.requestVote(GrpcServerProtocolClient.java:83)
	at org.apache.ratis.grpc.server.GrpcService.requestVote(GrpcService.java:195)
	at org.apache.ratis.server.impl.LeaderElection.lambda$submitRequests$1(LeaderElection.java:237)
	at java.util.concurrent.FutureTask.run(FutureTask.java:266)
	at java.util.concurrent.Executors$RunnableAdapter.call(Executors.java:511)
	at java.util.concurrent.FutureTask.run(FutureTask.java:266)
	at java.util.concurrent.ThreadPoolExecutor.runWorker(ThreadPoolExecutor.java:1149)
	at java.util.concurrent.ThreadPoolExecutor$Worker.run(ThreadPoolExecutor.java:624)
	... 1 more
Caused by: org.apache.ratis.thirdparty.io.netty.channel.AbstractChannel$AnnotatedConnectException: Connection refused: /192.168.5.187:35716
	at sun.nio.ch.SocketChannelImpl.checkConnect(Native Method)
	at sun.nio.ch.SocketChannelImpl.finishConnect(SocketChannelImpl.java:717)
	at org.apache.ratis.thirdparty.io.netty.channel.socket.nio.NioSocketChannel.doFinishConnect(NioSocketChannel.java:327)
	at org.apache.ratis.thirdparty.io.netty.channel.nio.AbstractNioChannel$AbstractNioUnsafe.finishConnect(AbstractNioChannel.java:340)
	at org.apache.ratis.thirdparty.io.netty.channel.nio.NioEventLoop.processSelectedKey(NioEventLoop.java:632)
	at org.apache.ratis.thirdparty.io.netty.channel.nio.NioEventLoop.processSelectedKeysOptimized(NioEventLoop.java:579)
	at org.apache.ratis.thirdparty.io.netty.channel.nio.NioEventLoop.processSelectedKeys(NioEventLoop.java:496)
	at org.apache.ratis.thirdparty.io.netty.channel.nio.NioEventLoop.run(NioEventLoop.java:458)
	at org.apache.ratis.thirdparty.io.netty.util.concurrent.SingleThreadEventExecutor$5.run(SingleThreadEventExecutor.java:897)
	at org.apache.ratis.thirdparty.io.netty.util.concurrent.FastThreadLocalRunnable.run(FastThreadLocalRunnable.java:30)
	... 1 more
Caused by: java.net.ConnectException: Connection refused
	... 11 more
2019-07-13 16:34:55,908 INFO  impl.LeaderElection (LogUtils.java:infoOrTrace(149)) -   Exception 1: {}
java.util.concurrent.ExecutionException: org.apache.ratis.thirdparty.io.grpc.StatusRuntimeException: UNAVAILABLE: io exception
	at java.util.concurrent.FutureTask.report(FutureTask.java:122)
	at java.util.concurrent.FutureTask.get(FutureTask.java:192)
	at org.apache.ratis.server.impl.LeaderElection.waitForResults(LeaderElection.java:262)
	at org.apache.ratis.server.impl.LeaderElection.askForVotes(LeaderElection.java:200)
	at org.apache.ratis.server.impl.LeaderElection.run(LeaderElection.java:130)
	at java.lang.Thread.run(Thread.java:748)
Caused by: org.apache.ratis.thirdparty.io.grpc.StatusRuntimeException: UNAVAILABLE: io exception
	at org.apache.ratis.thirdparty.io.grpc.stub.ClientCalls.toStatusRuntimeException(ClientCalls.java:233)
	at org.apache.ratis.thirdparty.io.grpc.stub.ClientCalls.getUnchecked(ClientCalls.java:214)
	at org.apache.ratis.thirdparty.io.grpc.stub.ClientCalls.blockingUnaryCall(ClientCalls.java:139)
	at org.apache.ratis.proto.grpc.RaftServerProtocolServiceGrpc$RaftServerProtocolServiceBlockingStub.requestVote(RaftServerProtocolServiceGrpc.java:265)
	at org.apache.ratis.grpc.server.GrpcServerProtocolClient.requestVote(GrpcServerProtocolClient.java:83)
	at org.apache.ratis.grpc.server.GrpcService.requestVote(GrpcService.java:195)
	at org.apache.ratis.server.impl.LeaderElection.lambda$submitRequests$1(LeaderElection.java:237)
	at java.util.concurrent.FutureTask.run(FutureTask.java:266)
	at java.util.concurrent.Executors$RunnableAdapter.call(Executors.java:511)
	at java.util.concurrent.FutureTask.run(FutureTask.java:266)
	at java.util.concurrent.ThreadPoolExecutor.runWorker(ThreadPoolExecutor.java:1149)
	at java.util.concurrent.ThreadPoolExecutor$Worker.run(ThreadPoolExecutor.java:624)
	... 1 more
Caused by: org.apache.ratis.thirdparty.io.netty.channel.AbstractChannel$AnnotatedConnectException: Connection refused: /192.168.5.187:36693
	at sun.nio.ch.SocketChannelImpl.checkConnect(Native Method)
	at sun.nio.ch.SocketChannelImpl.finishConnect(SocketChannelImpl.java:717)
	at org.apache.ratis.thirdparty.io.netty.channel.socket.nio.NioSocketChannel.doFinishConnect(NioSocketChannel.java:327)
	at org.apache.ratis.thirdparty.io.netty.channel.nio.AbstractNioChannel$AbstractNioUnsafe.finishConnect(AbstractNioChannel.java:340)
	at org.apache.ratis.thirdparty.io.netty.channel.nio.NioEventLoop.processSelectedKey(NioEventLoop.java:632)
	at org.apache.ratis.thirdparty.io.netty.channel.nio.NioEventLoop.processSelectedKeysOptimized(NioEventLoop.java:579)
	at org.apache.ratis.thirdparty.io.netty.channel.nio.NioEventLoop.processSelectedKeys(NioEventLoop.java:496)
	at org.apache.ratis.thirdparty.io.netty.channel.nio.NioEventLoop.run(NioEventLoop.java:458)
	at org.apache.ratis.thirdparty.io.netty.util.concurrent.SingleThreadEventExecutor$5.run(SingleThreadEventExecutor.java:897)
	at org.apache.ratis.thirdparty.io.netty.util.concurrent.FastThreadLocalRunnable.run(FastThreadLocalRunnable.java:30)
	... 1 more
Caused by: java.net.ConnectException: Connection refused
	... 11 more
2019-07-13 16:34:55,908 INFO  impl.RaftServerImpl (RaftServerImpl.java:setRole(171)) - 0d8de9e7-9fe7-4911-8019-c6c2c0b14636:group-F3DEBDE82E42 changes role from CANDIDATE to FOLLOWER at term 2 for DISCOVERED_A_NEW_TERM
2019-07-13 16:34:55,908 INFO  impl.RoleInfo (RoleInfo.java:shutdownLeaderElection(134)) - 0d8de9e7-9fe7-4911-8019-c6c2c0b14636: shutdown LeaderElection
2019-07-13 16:34:55,908 INFO  impl.RoleInfo (RoleInfo.java:updateAndGet(143)) - 0d8de9e7-9fe7-4911-8019-c6c2c0b14636: start FollowerState
2019-07-13 16:34:57,701 INFO  node.StaleNodeHandler (StaleNodeHandler.java:onMessage(58)) - Datanode 9cdddb5d-8f3a-464c-a422-38eea483236b{ip: 192.168.5.187, host: trunk-nightly-z92hn-1831959607, networkLocation: /default-rack, certSerialId: null} moved to stale state. Finalizing its pipelines [PipelineID=6179ae5e-958d-45aa-a9bf-0fa2369cfb42]
2019-07-13 16:34:57,702 INFO  pipeline.SCMPipelineManager (SCMPipelineManager.java:finalizeAndDestroyPipeline(309)) - destroying pipeline:Pipeline[ Id: 6179ae5e-958d-45aa-a9bf-0fa2369cfb42, Nodes: 9cdddb5d-8f3a-464c-a422-38eea483236b{ip: 192.168.5.187, host: trunk-nightly-z92hn-1831959607, networkLocation: /default-rack, certSerialId: null}, Type:RATIS, Factor:ONE, State:OPEN]
2019-07-13 16:34:57,702 INFO  pipeline.PipelineStateManager (PipelineStateManager.java:finalizePipeline(123)) - Pipeline Pipeline[ Id: 6179ae5e-958d-45aa-a9bf-0fa2369cfb42, Nodes: 9cdddb5d-8f3a-464c-a422-38eea483236b{ip: 192.168.5.187, host: trunk-nightly-z92hn-1831959607, networkLocation: /default-rack, certSerialId: null}, Type:RATIS, Factor:ONE, State:CLOSED] moved to CLOSED state
2019-07-13 16:34:57,720 WARN  server.GrpcLogAppender (LogUtils.java:warn(134)) - cc2ff633-c256-42b3-8ded-7fd88c6ffef3->2220433e-68f2-49b3-b11f-e91f19d4dd5b: Failed appendEntries: org.apache.ratis.thirdparty.io.grpc.StatusRuntimeException: UNAVAILABLE: io exception
2019-07-13 16:34:57,721 INFO  impl.FollowerInfo (FollowerInfo.java:lambda$new$0(50)) - cc2ff633-c256-42b3-8ded-7fd88c6ffef3->2220433e-68f2-49b3-b11f-e91f19d4dd5b: nextIndex: updateUnconditionally 0 -> 0
2019-07-13 16:34:57,722 WARN  server.GrpcLogAppender (LogUtils.java:warn(134)) - cc2ff633-c256-42b3-8ded-7fd88c6ffef3->d210e418-bc3f-4a59-9997-0a1dd79a5e4f: Failed appendEntries: org.apache.ratis.thirdparty.io.grpc.StatusRuntimeException: UNAVAILABLE: io exception
2019-07-13 16:34:57,722 INFO  impl.FollowerInfo (FollowerInfo.java:lambda$new$0(50)) - cc2ff633-c256-42b3-8ded-7fd88c6ffef3->d210e418-bc3f-4a59-9997-0a1dd79a5e4f: nextIndex: updateUnconditionally 0 -> 0
2019-07-13 16:34:58,402 INFO  node.StaleNodeHandler (StaleNodeHandler.java:onMessage(58)) - Datanode cc2ff633-c256-42b3-8ded-7fd88c6ffef3{ip: 192.168.5.187, host: trunk-nightly-z92hn-1831959607, networkLocation: /default-rack, certSerialId: null} moved to stale state. Finalizing its pipelines [PipelineID=6a6e5413-1fca-478c-8b7f-522a381d71b0, PipelineID=6230bef9-71df-4217-8aca-6aed29438d9b]
2019-07-13 16:34:58,403 INFO  pipeline.SCMPipelineManager (SCMPipelineManager.java:finalizeAndDestroyPipeline(309)) - destroying pipeline:Pipeline[ Id: 6a6e5413-1fca-478c-8b7f-522a381d71b0, Nodes: cc2ff633-c256-42b3-8ded-7fd88c6ffef3{ip: 192.168.5.187, host: trunk-nightly-z92hn-1831959607, networkLocation: /default-rack, certSerialId: null}2220433e-68f2-49b3-b11f-e91f19d4dd5b{ip: 192.168.5.187, host: trunk-nightly-z92hn-1831959607, networkLocation: /default-rack, certSerialId: null}d210e418-bc3f-4a59-9997-0a1dd79a5e4f{ip: 192.168.5.187, host: trunk-nightly-z92hn-1831959607, networkLocation: /default-rack, certSerialId: null}, Type:RATIS, Factor:THREE, State:CLOSED]
2019-07-13 16:34:58,403 INFO  pipeline.SCMPipelineManager (SCMPipelineManager.java:finalizeAndDestroyPipeline(309)) - destroying pipeline:Pipeline[ Id: 6230bef9-71df-4217-8aca-6aed29438d9b, Nodes: cc2ff633-c256-42b3-8ded-7fd88c6ffef3{ip: 192.168.5.187, host: trunk-nightly-z92hn-1831959607, networkLocation: /default-rack, certSerialId: null}, Type:RATIS, Factor:ONE, State:OPEN]
2019-07-13 16:34:58,403 INFO  pipeline.PipelineStateManager (PipelineStateManager.java:finalizePipeline(123)) - Pipeline Pipeline[ Id: 6230bef9-71df-4217-8aca-6aed29438d9b, Nodes: cc2ff633-c256-42b3-8ded-7fd88c6ffef3{ip: 192.168.5.187, host: trunk-nightly-z92hn-1831959607, networkLocation: /default-rack, certSerialId: null}, Type:RATIS, Factor:ONE, State:CLOSED] moved to CLOSED state
2019-07-13 16:34:58,478 INFO  ozoneimpl.OzoneContainer (OzoneContainer.java:stop(199)) - Attempting to stop container services.
2019-07-13 16:34:58,478 INFO  ozoneimpl.OzoneContainer (OzoneContainer.java:stop(199)) - Attempting to stop container services.
2019-07-13 16:34:58,478 INFO  impl.RaftServerProxy (RaftServerProxy.java:lambda$close$4(314)) - cc2ff633-c256-42b3-8ded-7fd88c6ffef3: close
2019-07-13 16:34:58,479 INFO  impl.RaftServerProxy (RaftServerProxy.java:lambda$close$4(314)) - 9cdddb5d-8f3a-464c-a422-38eea483236b: close
2019-07-13 16:34:58,479 INFO  impl.RaftServerImpl (RaftServerImpl.java:lambda$shutdown$3(245)) - cc2ff633-c256-42b3-8ded-7fd88c6ffef3: shutdown group-522A381D71B0
2019-07-13 16:34:58,479 INFO  impl.RaftServerImpl (RaftServerImpl.java:lambda$shutdown$3(245)) - 9cdddb5d-8f3a-464c-a422-38eea483236b: shutdown group-0FA2369CFB42
2019-07-13 16:34:58,479 INFO  util.JmxRegister (JmxRegister.java:unregister(73)) - Successfully un-registered JMX Bean with object name Ratis:service=RaftServer,group=group-522A381D71B0,id=cc2ff633-c256-42b3-8ded-7fd88c6ffef3
2019-07-13 16:34:58,480 INFO  util.JmxRegister (JmxRegister.java:unregister(73)) - Successfully un-registered JMX Bean with object name Ratis:service=RaftServer,group=group-0FA2369CFB42,id=9cdddb5d-8f3a-464c-a422-38eea483236b
2019-07-13 16:34:58,480 INFO  impl.RoleInfo (RoleInfo.java:shutdownLeaderState(104)) - 9cdddb5d-8f3a-464c-a422-38eea483236b: shutdown LeaderState
2019-07-13 16:34:58,480 INFO  impl.RoleInfo (RoleInfo.java:shutdownLeaderState(104)) - cc2ff633-c256-42b3-8ded-7fd88c6ffef3: shutdown LeaderState
2019-07-13 16:34:58,481 INFO  impl.PendingRequests (PendingRequests.java:sendNotLeaderResponses(202)) - 9cdddb5d-8f3a-464c-a422-38eea483236b-PendingRequests: sendNotLeaderResponses
2019-07-13 16:34:58,490 WARN  server.GrpcLogAppender (GrpcLogAppender.java:mayWait(143)) - GrpcLogAppender(cc2ff633-c256-42b3-8ded-7fd88c6ffef3->d210e418-bc3f-4a59-9997-0a1dd79a5e4f): Wait interrupted by java.lang.InterruptedException
2019-07-13 16:34:58,490 WARN  server.GrpcLogAppender (GrpcLogAppender.java:mayWait(143)) - GrpcLogAppender(cc2ff633-c256-42b3-8ded-7fd88c6ffef3->2220433e-68f2-49b3-b11f-e91f19d4dd5b): Wait interrupted by java.lang.InterruptedException
2019-07-13 16:34:58,490 INFO  impl.PendingRequests (PendingRequests.java:sendNotLeaderResponses(202)) - cc2ff633-c256-42b3-8ded-7fd88c6ffef3-PendingRequests: sendNotLeaderResponses
2019-07-13 16:34:58,490 INFO  ratis.ContainerStateMachine (ContainerStateMachine.java:takeSnapshot(246)) - Taking snapshot at termIndex:(t:0, i:~)
2019-07-13 16:34:58,491 INFO  ratis.ContainerStateMachine (ContainerStateMachine.java:takeSnapshot(246)) - Taking snapshot at termIndex:(t:0, i:~)
2019-07-13 16:34:58,490 INFO  impl.StateMachineUpdater (StateMachineUpdater.java:stopAndJoin(115)) - StateMachineUpdater:9cdddb5d-8f3a-464c-a422-38eea483236b:group-0FA2369CFB42: set stopIndex = 0
2019-07-13 16:34:58,491 INFO  impl.RaftServerImpl (ServerState.java:close(394)) - 9cdddb5d-8f3a-464c-a422-38eea483236b:group-0FA2369CFB42 closes. The last applied log index is 0
2019-07-13 16:34:58,491 INFO  impl.StateMachineUpdater (StateMachineUpdater.java:stopAndJoin(115)) - StateMachineUpdater:cc2ff633-c256-42b3-8ded-7fd88c6ffef3:group-522A381D71B0: set stopIndex = 0
2019-07-13 16:34:58,492 INFO  segmented.SegmentedRaftLogWorker (SegmentedRaftLogWorker.java:run(313)) - 9cdddb5d-8f3a-464c-a422-38eea483236b-SegmentedRaftLogWorker:Storage Directory /tmp/workdir/hadoop-ozone/integration-test/target/test-dir/MiniOzoneClusterImpl-057be10f-cdfd-47e1-b7d7-538f995da6ce/datanode-6/data/ratis/6179ae5e-958d-45aa-a9bf-0fa2369cfb42 was interrupted, exiting. There are 0 tasks remaining in the queue.
2019-07-13 16:34:58,492 INFO  impl.RaftServerImpl (ServerState.java:close(394)) - cc2ff633-c256-42b3-8ded-7fd88c6ffef3:group-522A381D71B0 closes. The last applied log index is 0
2019-07-13 16:34:58,494 INFO  segmented.SegmentedRaftLogWorker (SegmentedRaftLogWorker.java:close(228)) - 9cdddb5d-8f3a-464c-a422-38eea483236b-SegmentedRaftLogWorker:Storage Directory /tmp/workdir/hadoop-ozone/integration-test/target/test-dir/MiniOzoneClusterImpl-057be10f-cdfd-47e1-b7d7-538f995da6ce/datanode-6/data/ratis/6179ae5e-958d-45aa-a9bf-0fa2369cfb42 close()
2019-07-13 16:34:58,494 INFO  segmented.SegmentedRaftLogWorker (SegmentedRaftLogWorker.java:run(313)) - cc2ff633-c256-42b3-8ded-7fd88c6ffef3-SegmentedRaftLogWorker:Storage Directory /tmp/workdir/hadoop-ozone/integration-test/target/test-dir/MiniOzoneClusterImpl-057be10f-cdfd-47e1-b7d7-538f995da6ce/datanode-0/data/ratis/6a6e5413-1fca-478c-8b7f-522a381d71b0 was interrupted, exiting. There are 0 tasks remaining in the queue.
2019-07-13 16:34:58,496 INFO  server.GrpcService (GrpcService.java:closeImpl(155)) - 9cdddb5d-8f3a-464c-a422-38eea483236b: shutdown server with port 39021 now
2019-07-13 16:34:58,498 INFO  segmented.SegmentedRaftLogWorker (SegmentedRaftLogWorker.java:close(228)) - cc2ff633-c256-42b3-8ded-7fd88c6ffef3-SegmentedRaftLogWorker:Storage Directory /tmp/workdir/hadoop-ozone/integration-test/target/test-dir/MiniOzoneClusterImpl-057be10f-cdfd-47e1-b7d7-538f995da6ce/datanode-0/data/ratis/6a6e5413-1fca-478c-8b7f-522a381d71b0 close()
2019-07-13 16:34:58,504 INFO  server.GrpcService (GrpcService.java:closeImpl(163)) - 9cdddb5d-8f3a-464c-a422-38eea483236b: shutdown server with port 39021 successfully
2019-07-13 16:34:58,504 INFO  impl.RaftServerImpl (RaftServerImpl.java:lambda$shutdown$3(245)) - cc2ff633-c256-42b3-8ded-7fd88c6ffef3: shutdown group-6AED29438D9B
2019-07-13 16:34:58,505 INFO  util.JmxRegister (JmxRegister.java:unregister(73)) - Successfully un-registered JMX Bean with object name Ratis:service=RaftServer,group=group-6AED29438D9B,id=cc2ff633-c256-42b3-8ded-7fd88c6ffef3
2019-07-13 16:34:58,505 INFO  impl.RoleInfo (RoleInfo.java:shutdownLeaderState(104)) - cc2ff633-c256-42b3-8ded-7fd88c6ffef3: shutdown LeaderState
2019-07-13 16:34:58,505 INFO  impl.PendingRequests (PendingRequests.java:sendNotLeaderResponses(202)) - cc2ff633-c256-42b3-8ded-7fd88c6ffef3-PendingRequests: sendNotLeaderResponses
2019-07-13 16:34:58,505 INFO  impl.StateMachineUpdater (StateMachineUpdater.java:stopAndJoin(115)) - StateMachineUpdater:cc2ff633-c256-42b3-8ded-7fd88c6ffef3:group-6AED29438D9B: set stopIndex = 0
2019-07-13 16:34:58,505 INFO  ratis.ContainerStateMachine (ContainerStateMachine.java:takeSnapshot(246)) - Taking snapshot at termIndex:(t:0, i:~)
2019-07-13 16:34:58,506 INFO  impl.RaftServerImpl (ServerState.java:close(394)) - cc2ff633-c256-42b3-8ded-7fd88c6ffef3:group-6AED29438D9B closes. The last applied log index is 0
2019-07-13 16:34:58,506 INFO  segmented.SegmentedRaftLogWorker (SegmentedRaftLogWorker.java:run(313)) - cc2ff633-c256-42b3-8ded-7fd88c6ffef3-SegmentedRaftLogWorker:Storage Directory /tmp/workdir/hadoop-ozone/integration-test/target/test-dir/MiniOzoneClusterImpl-057be10f-cdfd-47e1-b7d7-538f995da6ce/datanode-0/data/ratis/6230bef9-71df-4217-8aca-6aed29438d9b was interrupted, exiting. There are 0 tasks remaining in the queue.
2019-07-13 16:34:58,507 INFO  segmented.SegmentedRaftLogWorker (SegmentedRaftLogWorker.java:close(228)) - cc2ff633-c256-42b3-8ded-7fd88c6ffef3-SegmentedRaftLogWorker:Storage Directory /tmp/workdir/hadoop-ozone/integration-test/target/test-dir/MiniOzoneClusterImpl-057be10f-cdfd-47e1-b7d7-538f995da6ce/datanode-0/data/ratis/6230bef9-71df-4217-8aca-6aed29438d9b close()
2019-07-13 16:34:58,507 INFO  server.GrpcService (GrpcService.java:closeImpl(155)) - cc2ff633-c256-42b3-8ded-7fd88c6ffef3: shutdown server with port 37117 now
2019-07-13 16:34:58,507 INFO  utils.BackgroundService (BackgroundService.java:shutdown(148)) - Shutting down service BlockDeletingService
2019-07-13 16:34:58,507 INFO  server.GrpcService (GrpcService.java:closeImpl(163)) - cc2ff633-c256-42b3-8ded-7fd88c6ffef3: shutdown server with port 37117 successfully
2019-07-13 16:34:58,508 WARN  fs.CachingGetSpaceUsed (CachingGetSpaceUsed.java:run(183)) - Thread Interrupted waiting to refresh disk information: sleep interrupted
2019-07-13 16:34:58,509 INFO  utils.BackgroundService (BackgroundService.java:shutdown(148)) - Shutting down service BlockDeletingService
2019-07-13 16:34:58,514 WARN  fs.CachingGetSpaceUsed (CachingGetSpaceUsed.java:run(183)) - Thread Interrupted waiting to refresh disk information: sleep interrupted
2019-07-13 16:34:58,527 INFO  statemachine.DatanodeStateMachine (DatanodeStateMachine.java:stopDaemon(395)) - Ozone container server stopped.
2019-07-13 16:34:58,531 INFO  statemachine.DatanodeStateMachine (DatanodeStateMachine.java:stopDaemon(395)) - Ozone container server stopped.
2019-07-13 16:34:58,540 INFO  handler.ContextHandler (ContextHandler.java:doStop(910)) - Stopped o.e.j.w.WebAppContext@55e3b64d{/,null,UNAVAILABLE}{/hddsDatanode}
2019-07-13 16:34:58,540 INFO  handler.ContextHandler (ContextHandler.java:doStop(910)) - Stopped o.e.j.w.WebAppContext@f4c3e9{/,null,UNAVAILABLE}{/hddsDatanode}
2019-07-13 16:34:58,541 INFO  server.AbstractConnector (AbstractConnector.java:doStop(318)) - Stopped ServerConnector@52f71d2{HTTP/1.1,[http/1.1]}{0.0.0.0:0}
2019-07-13 16:34:58,542 INFO  handler.ContextHandler (ContextHandler.java:doStop(910)) - Stopped o.e.j.s.ServletContextHandler@44ec6637{/static,jar:file:/home/user/.m2/repository/org/apache/hadoop/hadoop-hdds-container-service/0.5.0-SNAPSHOT/hadoop-hdds-container-service-0.5.0-SNAPSHOT.jar!/webapps/static,UNAVAILABLE}
2019-07-13 16:34:58,542 INFO  handler.ContextHandler (ContextHandler.java:doStop(910)) - Stopped o.e.j.s.ServletContextHandler@7842260f{/logs,file:///tmp/workdir/hadoop-ozone/integration-test/target/log,UNAVAILABLE}
2019-07-13 16:34:58,542 INFO  server.AbstractConnector (AbstractConnector.java:doStop(318)) - Stopped ServerConnector@25890ce3{HTTP/1.1,[http/1.1]}{0.0.0.0:0}
2019-07-13 16:34:58,544 INFO  handler.ContextHandler (ContextHandler.java:doStop(910)) - Stopped o.e.j.s.ServletContextHandler@76c85485{/static,jar:file:/home/user/.m2/repository/org/apache/hadoop/hadoop-hdds-container-service/0.5.0-SNAPSHOT/hadoop-hdds-container-service-0.5.0-SNAPSHOT.jar!/webapps/static,UNAVAILABLE}
2019-07-13 16:34:58,544 INFO  datanode.ObjectStoreHandler (ObjectStoreHandler.java:close(155)) - Closing ObjectStoreHandler.
2019-07-13 16:34:58,545 INFO  handler.ContextHandler (ContextHandler.java:doStop(910)) - Stopped o.e.j.s.ServletContextHandler@c247b02{/logs,file:///tmp/workdir/hadoop-ozone/integration-test/target/log,UNAVAILABLE}
2019-07-13 16:34:58,546 INFO  ozone.HddsDatanodeService (HddsDatanodeService.java:stop(452)) - Stopped plug-in org.apache.hadoop.ozone.web.OzoneHddsDatanodeService@58dea0a7
2019-07-13 16:34:58,923 INFO  statemachine.DatanodeStateMachine (DatanodeStateMachine.java:lambda$startDaemon$0(350)) - Ozone container server started.
2019-07-13 16:35:00,972 INFO  impl.FollowerState (FollowerState.java:run(106)) - 0d8de9e7-9fe7-4911-8019-c6c2c0b14636:group-F3DEBDE82E42 changes to CANDIDATE, lastRpcTime:5063, electionTimeout:5063ms
2019-07-13 16:35:00,972 INFO  impl.RoleInfo (RoleInfo.java:shutdownFollowerState(121)) - 0d8de9e7-9fe7-4911-8019-c6c2c0b14636: shutdown FollowerState
2019-07-13 16:35:00,972 INFO  impl.RaftServerImpl (RaftServerImpl.java:setRole(171)) - 0d8de9e7-9fe7-4911-8019-c6c2c0b14636:group-F3DEBDE82E42 changes role from FOLLOWER to CANDIDATE at term 2 for changeToCandidate
2019-07-13 16:35:00,972 INFO  impl.RoleInfo (RoleInfo.java:updateAndGet(143)) - 0d8de9e7-9fe7-4911-8019-c6c2c0b14636: start LeaderElection
2019-07-13 16:35:00,989 INFO  impl.LeaderElection (LeaderElection.java:askForVotes(181)) - 0d8de9e7-9fe7-4911-8019-c6c2c0b14636:group-F3DEBDE82E42:LeaderElection47: begin an election at term 3 for 0: [0d8de9e7-9fe7-4911-8019-c6c2c0b14636:192.168.5.187:36713, 64d8d0d8-69cb-4bd4-87b3-5f7337c18ef9:192.168.5.187:36693, 80fdcb8a-4dcf-476b-8901-e3585c02748e:192.168.5.187:35716], old=null
2019-07-13 16:35:00,991 INFO  impl.LeaderElection (LogUtils.java:infoOrTrace(149)) - 0d8de9e7-9fe7-4911-8019-c6c2c0b14636:group-F3DEBDE82E42:LeaderElection47 got exception when requesting votes: {}
java.util.concurrent.ExecutionException: org.apache.ratis.thirdparty.io.grpc.StatusRuntimeException: UNAVAILABLE: io exception
	at java.util.concurrent.FutureTask.report(FutureTask.java:122)
	at java.util.concurrent.FutureTask.get(FutureTask.java:192)
	at org.apache.ratis.server.impl.LeaderElection.waitForResults(LeaderElection.java:262)
	at org.apache.ratis.server.impl.LeaderElection.askForVotes(LeaderElection.java:200)
	at org.apache.ratis.server.impl.LeaderElection.run(LeaderElection.java:130)
	at java.lang.Thread.run(Thread.java:748)
Caused by: org.apache.ratis.thirdparty.io.grpc.StatusRuntimeException: UNAVAILABLE: io exception
	at org.apache.ratis.thirdparty.io.grpc.stub.ClientCalls.toStatusRuntimeException(ClientCalls.java:233)
	at org.apache.ratis.thirdparty.io.grpc.stub.ClientCalls.getUnchecked(ClientCalls.java:214)
	at org.apache.ratis.thirdparty.io.grpc.stub.ClientCalls.blockingUnaryCall(ClientCalls.java:139)
	at org.apache.ratis.proto.grpc.RaftServerProtocolServiceGrpc$RaftServerProtocolServiceBlockingStub.requestVote(RaftServerProtocolServiceGrpc.java:265)
	at org.apache.ratis.grpc.server.GrpcServerProtocolClient.requestVote(GrpcServerProtocolClient.java:83)
	at org.apache.ratis.grpc.server.GrpcService.requestVote(GrpcService.java:195)
	at org.apache.ratis.server.impl.LeaderElection.lambda$submitRequests$1(LeaderElection.java:237)
	at java.util.concurrent.FutureTask.run(FutureTask.java:266)
	at java.util.concurrent.Executors$RunnableAdapter.call(Executors.java:511)
	at java.util.concurrent.FutureTask.run(FutureTask.java:266)
	at java.util.concurrent.ThreadPoolExecutor.runWorker(ThreadPoolExecutor.java:1149)
	at java.util.concurrent.ThreadPoolExecutor$Worker.run(ThreadPoolExecutor.java:624)
	... 1 more
Caused by: org.apache.ratis.thirdparty.io.netty.channel.AbstractChannel$AnnotatedConnectException: Connection refused: /192.168.5.187:35716
	at sun.nio.ch.SocketChannelImpl.checkConnect(Native Method)
	at sun.nio.ch.SocketChannelImpl.finishConnect(SocketChannelImpl.java:717)
	at org.apache.ratis.thirdparty.io.netty.channel.socket.nio.NioSocketChannel.doFinishConnect(NioSocketChannel.java:327)
	at org.apache.ratis.thirdparty.io.netty.channel.nio.AbstractNioChannel$AbstractNioUnsafe.finishConnect(AbstractNioChannel.java:340)
	at org.apache.ratis.thirdparty.io.netty.channel.nio.NioEventLoop.processSelectedKey(NioEventLoop.java:632)
	at org.apache.ratis.thirdparty.io.netty.channel.nio.NioEventLoop.processSelectedKeysOptimized(NioEventLoop.java:579)
	at org.apache.ratis.thirdparty.io.netty.channel.nio.NioEventLoop.processSelectedKeys(NioEventLoop.java:496)
	at org.apache.ratis.thirdparty.io.netty.channel.nio.NioEventLoop.run(NioEventLoop.java:458)
	at org.apache.ratis.thirdparty.io.netty.util.concurrent.SingleThreadEventExecutor$5.run(SingleThreadEventExecutor.java:897)
	at org.apache.ratis.thirdparty.io.netty.util.concurrent.FastThreadLocalRunnable.run(FastThreadLocalRunnable.java:30)
	... 1 more
Caused by: java.net.ConnectException: Connection refused
	... 11 more
2019-07-13 16:35:00,992 INFO  impl.LeaderElection (LogUtils.java:infoOrTrace(149)) - 0d8de9e7-9fe7-4911-8019-c6c2c0b14636:group-F3DEBDE82E42:LeaderElection47 got exception when requesting votes: {}
java.util.concurrent.ExecutionException: org.apache.ratis.thirdparty.io.grpc.StatusRuntimeException: UNAVAILABLE: io exception
	at java.util.concurrent.FutureTask.report(FutureTask.java:122)
	at java.util.concurrent.FutureTask.get(FutureTask.java:192)
	at org.apache.ratis.server.impl.LeaderElection.waitForResults(LeaderElection.java:262)
	at org.apache.ratis.server.impl.LeaderElection.askForVotes(LeaderElection.java:200)
	at org.apache.ratis.server.impl.LeaderElection.run(LeaderElection.java:130)
	at java.lang.Thread.run(Thread.java:748)
Caused by: org.apache.ratis.thirdparty.io.grpc.StatusRuntimeException: UNAVAILABLE: io exception
	at org.apache.ratis.thirdparty.io.grpc.stub.ClientCalls.toStatusRuntimeException(ClientCalls.java:233)
	at org.apache.ratis.thirdparty.io.grpc.stub.ClientCalls.getUnchecked(ClientCalls.java:214)
	at org.apache.ratis.thirdparty.io.grpc.stub.ClientCalls.blockingUnaryCall(ClientCalls.java:139)
	at org.apache.ratis.proto.grpc.RaftServerProtocolServiceGrpc$RaftServerProtocolServiceBlockingStub.requestVote(RaftServerProtocolServiceGrpc.java:265)
	at org.apache.ratis.grpc.server.GrpcServerProtocolClient.requestVote(GrpcServerProtocolClient.java:83)
	at org.apache.ratis.grpc.server.GrpcService.requestVote(GrpcService.java:195)
	at org.apache.ratis.server.impl.LeaderElection.lambda$submitRequests$1(LeaderElection.java:237)
	at java.util.concurrent.FutureTask.run(FutureTask.java:266)
	at java.util.concurrent.Executors$RunnableAdapter.call(Executors.java:511)
	at java.util.concurrent.FutureTask.run(FutureTask.java:266)
	at java.util.concurrent.ThreadPoolExecutor.runWorker(ThreadPoolExecutor.java:1149)
	at java.util.concurrent.ThreadPoolExecutor$Worker.run(ThreadPoolExecutor.java:624)
	... 1 more
Caused by: org.apache.ratis.thirdparty.io.netty.channel.AbstractChannel$AnnotatedConnectException: Connection refused: /192.168.5.187:36693
	at sun.nio.ch.SocketChannelImpl.checkConnect(Native Method)
	at sun.nio.ch.SocketChannelImpl.finishConnect(SocketChannelImpl.java:717)
	at org.apache.ratis.thirdparty.io.netty.channel.socket.nio.NioSocketChannel.doFinishConnect(NioSocketChannel.java:327)
	at org.apache.ratis.thirdparty.io.netty.channel.nio.AbstractNioChannel$AbstractNioUnsafe.finishConnect(AbstractNioChannel.java:340)
	at org.apache.ratis.thirdparty.io.netty.channel.nio.NioEventLoop.processSelectedKey(NioEventLoop.java:632)
	at org.apache.ratis.thirdparty.io.netty.channel.nio.NioEventLoop.processSelectedKeysOptimized(NioEventLoop.java:579)
	at org.apache.ratis.thirdparty.io.netty.channel.nio.NioEventLoop.processSelectedKeys(NioEventLoop.java:496)
	at org.apache.ratis.thirdparty.io.netty.channel.nio.NioEventLoop.run(NioEventLoop.java:458)
	at org.apache.ratis.thirdparty.io.netty.util.concurrent.SingleThreadEventExecutor$5.run(SingleThreadEventExecutor.java:897)
	at org.apache.ratis.thirdparty.io.netty.util.concurrent.FastThreadLocalRunnable.run(FastThreadLocalRunnable.java:30)
	... 1 more
Caused by: java.net.ConnectException: Connection refused
	... 11 more
2019-07-13 16:35:00,994 INFO  impl.LeaderElection (LeaderElection.java:logAndReturn(56)) - 0d8de9e7-9fe7-4911-8019-c6c2c0b14636:group-F3DEBDE82E42:LeaderElection47: Election REJECTED; received 0 response(s) [] and 2 exception(s); 0d8de9e7-9fe7-4911-8019-c6c2c0b14636:t3, leader=null, voted=0d8de9e7-9fe7-4911-8019-c6c2c0b14636, raftlog=0d8de9e7-9fe7-4911-8019-c6c2c0b14636-SegmentedRaftLog:OPENED:c0,f0,i0, conf=0: [0d8de9e7-9fe7-4911-8019-c6c2c0b14636:192.168.5.187:36713, 64d8d0d8-69cb-4bd4-87b3-5f7337c18ef9:192.168.5.187:36693, 80fdcb8a-4dcf-476b-8901-e3585c02748e:192.168.5.187:35716], old=null
2019-07-13 16:35:00,994 INFO  impl.LeaderElection (LogUtils.java:infoOrTrace(149)) -   Exception 0: {}
java.util.concurrent.ExecutionException: org.apache.ratis.thirdparty.io.grpc.StatusRuntimeException: UNAVAILABLE: io exception
	at java.util.concurrent.FutureTask.report(FutureTask.java:122)
	at java.util.concurrent.FutureTask.get(FutureTask.java:192)
	at org.apache.ratis.server.impl.LeaderElection.waitForResults(LeaderElection.java:262)
	at org.apache.ratis.server.impl.LeaderElection.askForVotes(LeaderElection.java:200)
	at org.apache.ratis.server.impl.LeaderElection.run(LeaderElection.java:130)
	at java.lang.Thread.run(Thread.java:748)
Caused by: org.apache.ratis.thirdparty.io.grpc.StatusRuntimeException: UNAVAILABLE: io exception
	at org.apache.ratis.thirdparty.io.grpc.stub.ClientCalls.toStatusRuntimeException(ClientCalls.java:233)
	at org.apache.ratis.thirdparty.io.grpc.stub.ClientCalls.getUnchecked(ClientCalls.java:214)
	at org.apache.ratis.thirdparty.io.grpc.stub.ClientCalls.blockingUnaryCall(ClientCalls.java:139)
	at org.apache.ratis.proto.grpc.RaftServerProtocolServiceGrpc$RaftServerProtocolServiceBlockingStub.requestVote(RaftServerProtocolServiceGrpc.java:265)
	at org.apache.ratis.grpc.server.GrpcServerProtocolClient.requestVote(GrpcServerProtocolClient.java:83)
	at org.apache.ratis.grpc.server.GrpcService.requestVote(GrpcService.java:195)
	at org.apache.ratis.server.impl.LeaderElection.lambda$submitRequests$1(LeaderElection.java:237)
	at java.util.concurrent.FutureTask.run(FutureTask.java:266)
	at java.util.concurrent.Executors$RunnableAdapter.call(Executors.java:511)
	at java.util.concurrent.FutureTask.run(FutureTask.java:266)
	at java.util.concurrent.ThreadPoolExecutor.runWorker(ThreadPoolExecutor.java:1149)
	at java.util.concurrent.ThreadPoolExecutor$Worker.run(ThreadPoolExecutor.java:624)
	... 1 more
Caused by: org.apache.ratis.thirdparty.io.netty.channel.AbstractChannel$AnnotatedConnectException: Connection refused: /192.168.5.187:35716
	at sun.nio.ch.SocketChannelImpl.checkConnect(Native Method)
	at sun.nio.ch.SocketChannelImpl.finishConnect(SocketChannelImpl.java:717)
	at org.apache.ratis.thirdparty.io.netty.channel.socket.nio.NioSocketChannel.doFinishConnect(NioSocketChannel.java:327)
	at org.apache.ratis.thirdparty.io.netty.channel.nio.AbstractNioChannel$AbstractNioUnsafe.finishConnect(AbstractNioChannel.java:340)
	at org.apache.ratis.thirdparty.io.netty.channel.nio.NioEventLoop.processSelectedKey(NioEventLoop.java:632)
	at org.apache.ratis.thirdparty.io.netty.channel.nio.NioEventLoop.processSelectedKeysOptimized(NioEventLoop.java:579)
	at org.apache.ratis.thirdparty.io.netty.channel.nio.NioEventLoop.processSelectedKeys(NioEventLoop.java:496)
	at org.apache.ratis.thirdparty.io.netty.channel.nio.NioEventLoop.run(NioEventLoop.java:458)
	at org.apache.ratis.thirdparty.io.netty.util.concurrent.SingleThreadEventExecutor$5.run(SingleThreadEventExecutor.java:897)
	at org.apache.ratis.thirdparty.io.netty.util.concurrent.FastThreadLocalRunnable.run(FastThreadLocalRunnable.java:30)
	... 1 more
Caused by: java.net.ConnectException: Connection refused
	... 11 more
2019-07-13 16:35:00,994 INFO  impl.LeaderElection (LogUtils.java:infoOrTrace(149)) -   Exception 1: {}
java.util.concurrent.ExecutionException: org.apache.ratis.thirdparty.io.grpc.StatusRuntimeException: UNAVAILABLE: io exception
	at java.util.concurrent.FutureTask.report(FutureTask.java:122)
	at java.util.concurrent.FutureTask.get(FutureTask.java:192)
	at org.apache.ratis.server.impl.LeaderElection.waitForResults(LeaderElection.java:262)
	at org.apache.ratis.server.impl.LeaderElection.askForVotes(LeaderElection.java:200)
	at org.apache.ratis.server.impl.LeaderElection.run(LeaderElection.java:130)
	at java.lang.Thread.run(Thread.java:748)
Caused by: org.apache.ratis.thirdparty.io.grpc.StatusRuntimeException: UNAVAILABLE: io exception
	at org.apache.ratis.thirdparty.io.grpc.stub.ClientCalls.toStatusRuntimeException(ClientCalls.java:233)
	at org.apache.ratis.thirdparty.io.grpc.stub.ClientCalls.getUnchecked(ClientCalls.java:214)
	at org.apache.ratis.thirdparty.io.grpc.stub.ClientCalls.blockingUnaryCall(ClientCalls.java:139)
	at org.apache.ratis.proto.grpc.RaftServerProtocolServiceGrpc$RaftServerProtocolServiceBlockingStub.requestVote(RaftServerProtocolServiceGrpc.java:265)
	at org.apache.ratis.grpc.server.GrpcServerProtocolClient.requestVote(GrpcServerProtocolClient.java:83)
	at org.apache.ratis.grpc.server.GrpcService.requestVote(GrpcService.java:195)
	at org.apache.ratis.server.impl.LeaderElection.lambda$submitRequests$1(LeaderElection.java:237)
	at java.util.concurrent.FutureTask.run(FutureTask.java:266)
	at java.util.concurrent.Executors$RunnableAdapter.call(Executors.java:511)
	at java.util.concurrent.FutureTask.run(FutureTask.java:266)
	at java.util.concurrent.ThreadPoolExecutor.runWorker(ThreadPoolExecutor.java:1149)
	at java.util.concurrent.ThreadPoolExecutor$Worker.run(ThreadPoolExecutor.java:624)
	... 1 more
Caused by: org.apache.ratis.thirdparty.io.netty.channel.AbstractChannel$AnnotatedConnectException: Connection refused: /192.168.5.187:36693
	at sun.nio.ch.SocketChannelImpl.checkConnect(Native Method)
	at sun.nio.ch.SocketChannelImpl.finishConnect(SocketChannelImpl.java:717)
	at org.apache.ratis.thirdparty.io.netty.channel.socket.nio.NioSocketChannel.doFinishConnect(NioSocketChannel.java:327)
	at org.apache.ratis.thirdparty.io.netty.channel.nio.AbstractNioChannel$AbstractNioUnsafe.finishConnect(AbstractNioChannel.java:340)
	at org.apache.ratis.thirdparty.io.netty.channel.nio.NioEventLoop.processSelectedKey(NioEventLoop.java:632)
	at org.apache.ratis.thirdparty.io.netty.channel.nio.NioEventLoop.processSelectedKeysOptimized(NioEventLoop.java:579)
	at org.apache.ratis.thirdparty.io.netty.channel.nio.NioEventLoop.processSelectedKeys(NioEventLoop.java:496)
	at org.apache.ratis.thirdparty.io.netty.channel.nio.NioEventLoop.run(NioEventLoop.java:458)
	at org.apache.ratis.thirdparty.io.netty.util.concurrent.SingleThreadEventExecutor$5.run(SingleThreadEventExecutor.java:897)
	at org.apache.ratis.thirdparty.io.netty.util.concurrent.FastThreadLocalRunnable.run(FastThreadLocalRunnable.java:30)
	... 1 more
Caused by: java.net.ConnectException: Connection refused
	... 11 more
2019-07-13 16:35:00,994 INFO  impl.RaftServerImpl (RaftServerImpl.java:setRole(171)) - 0d8de9e7-9fe7-4911-8019-c6c2c0b14636:group-F3DEBDE82E42 changes role from CANDIDATE to FOLLOWER at term 3 for DISCOVERED_A_NEW_TERM
2019-07-13 16:35:00,995 INFO  impl.RoleInfo (RoleInfo.java:shutdownLeaderElection(134)) - 0d8de9e7-9fe7-4911-8019-c6c2c0b14636: shutdown LeaderElection
2019-07-13 16:35:00,995 INFO  impl.RoleInfo (RoleInfo.java:updateAndGet(143)) - 0d8de9e7-9fe7-4911-8019-c6c2c0b14636: start FollowerState
2019-07-13 16:35:03,010 INFO  node.StaleNodeHandler (StaleNodeHandler.java:onMessage(58)) - Datanode 0d8de9e7-9fe7-4911-8019-c6c2c0b14636{ip: 192.168.5.187, host: trunk-nightly-z92hn-1831959607, networkLocation: /default-rack, certSerialId: null} moved to stale state. Finalizing its pipelines [PipelineID=b3f5314d-6a58-4d9e-9d04-6b05dc5b3b02, PipelineID=e3239f62-6903-4561-98ed-f3debde82e42]
2019-07-13 16:35:03,010 INFO  pipeline.SCMPipelineManager (SCMPipelineManager.java:finalizeAndDestroyPipeline(309)) - destroying pipeline:Pipeline[ Id: b3f5314d-6a58-4d9e-9d04-6b05dc5b3b02, Nodes: 0d8de9e7-9fe7-4911-8019-c6c2c0b14636{ip: 192.168.5.187, host: trunk-nightly-z92hn-1831959607, networkLocation: /default-rack, certSerialId: null}, Type:RATIS, Factor:ONE, State:OPEN]
2019-07-13 16:35:03,011 INFO  pipeline.PipelineStateManager (PipelineStateManager.java:finalizePipeline(123)) - Pipeline Pipeline[ Id: b3f5314d-6a58-4d9e-9d04-6b05dc5b3b02, Nodes: 0d8de9e7-9fe7-4911-8019-c6c2c0b14636{ip: 192.168.5.187, host: trunk-nightly-z92hn-1831959607, networkLocation: /default-rack, certSerialId: null}, Type:RATIS, Factor:ONE, State:CLOSED] moved to CLOSED state
2019-07-13 16:35:03,011 INFO  pipeline.SCMPipelineManager (SCMPipelineManager.java:finalizeAndDestroyPipeline(309)) - destroying pipeline:Pipeline[ Id: e3239f62-6903-4561-98ed-f3debde82e42, Nodes: 0d8de9e7-9fe7-4911-8019-c6c2c0b14636{ip: 192.168.5.187, host: trunk-nightly-z92hn-1831959607, networkLocation: /default-rack, certSerialId: null}80fdcb8a-4dcf-476b-8901-e3585c02748e{ip: 192.168.5.187, host: trunk-nightly-z92hn-1831959607, networkLocation: /default-rack, certSerialId: null}64d8d0d8-69cb-4bd4-87b3-5f7337c18ef9{ip: 192.168.5.187, host: trunk-nightly-z92hn-1831959607, networkLocation: /default-rack, certSerialId: null}, Type:RATIS, Factor:THREE, State:CLOSED]
2019-07-13 16:35:03,547 INFO  ozoneimpl.OzoneContainer (OzoneContainer.java:stop(199)) - Attempting to stop container services.
2019-07-13 16:35:03,548 INFO  impl.RaftServerProxy (RaftServerProxy.java:lambda$close$4(314)) - 0d8de9e7-9fe7-4911-8019-c6c2c0b14636: close
2019-07-13 16:35:03,548 INFO  impl.RaftServerImpl (RaftServerImpl.java:lambda$shutdown$3(245)) - 0d8de9e7-9fe7-4911-8019-c6c2c0b14636: shutdown group-6B05DC5B3B02
2019-07-13 16:35:03,549 INFO  impl.RaftServerImpl (RaftServerImpl.java:lambda$shutdown$3(245)) - 0d8de9e7-9fe7-4911-8019-c6c2c0b14636: shutdown group-F3DEBDE82E42
2019-07-13 16:35:03,549 INFO  util.JmxRegister (JmxRegister.java:unregister(73)) - Successfully un-registered JMX Bean with object name Ratis:service=RaftServer,group=group-6B05DC5B3B02,id=0d8de9e7-9fe7-4911-8019-c6c2c0b14636
2019-07-13 16:35:03,549 INFO  util.JmxRegister (JmxRegister.java:unregister(73)) - Successfully un-registered JMX Bean with object name Ratis:service=RaftServer,group=group-F3DEBDE82E42,id=0d8de9e7-9fe7-4911-8019-c6c2c0b14636
2019-07-13 16:35:03,550 INFO  impl.RoleInfo (RoleInfo.java:shutdownLeaderState(104)) - 0d8de9e7-9fe7-4911-8019-c6c2c0b14636: shutdown LeaderState
2019-07-13 16:35:03,550 INFO  impl.RoleInfo (RoleInfo.java:shutdownFollowerState(121)) - 0d8de9e7-9fe7-4911-8019-c6c2c0b14636: shutdown FollowerState
2019-07-13 16:35:03,550 INFO  impl.PendingRequests (PendingRequests.java:sendNotLeaderResponses(202)) - 0d8de9e7-9fe7-4911-8019-c6c2c0b14636-PendingRequests: sendNotLeaderResponses
2019-07-13 16:35:03,551 INFO  ratis.ContainerStateMachine (ContainerStateMachine.java:takeSnapshot(246)) - Taking snapshot at termIndex:(t:0, i:~)
2019-07-13 16:35:03,551 INFO  impl.FollowerState (FollowerState.java:run(114)) - 0d8de9e7-9fe7-4911-8019-c6c2c0b14636: FollowerState was interrupted: java.lang.InterruptedException: sleep interrupted
2019-07-13 16:35:03,550 INFO  impl.StateMachineUpdater (StateMachineUpdater.java:stopAndJoin(115)) - StateMachineUpdater:0d8de9e7-9fe7-4911-8019-c6c2c0b14636:group-F3DEBDE82E42: set stopIndex = 0
2019-07-13 16:35:03,557 INFO  impl.RaftServerImpl (ServerState.java:close(394)) - 0d8de9e7-9fe7-4911-8019-c6c2c0b14636:group-F3DEBDE82E42 closes. The last applied log index is 0
2019-07-13 16:35:03,557 INFO  ratis.ContainerStateMachine (ContainerStateMachine.java:takeSnapshot(246)) - Taking snapshot at termIndex:(t:1, i:14)
2019-07-13 16:35:03,559 INFO  segmented.SegmentedRaftLogWorker (SegmentedRaftLogWorker.java:run(313)) - 0d8de9e7-9fe7-4911-8019-c6c2c0b14636-SegmentedRaftLogWorker:Storage Directory /tmp/workdir/hadoop-ozone/integration-test/target/test-dir/MiniOzoneClusterImpl-057be10f-cdfd-47e1-b7d7-538f995da6ce/datanode-5/data/ratis/e3239f62-6903-4561-98ed-f3debde82e42 was interrupted, exiting. There are 0 tasks remaining in the queue.
2019-07-13 16:35:03,557 INFO  impl.StateMachineUpdater (StateMachineUpdater.java:stopAndJoin(115)) - StateMachineUpdater:0d8de9e7-9fe7-4911-8019-c6c2c0b14636:group-6B05DC5B3B02: set stopIndex = 14
2019-07-13 16:35:03,559 INFO  ratis.ContainerStateMachine (ContainerStateMachine.java:takeSnapshot(250)) - Taking a snapshot to file /tmp/workdir/hadoop-ozone/integration-test/target/test-dir/MiniOzoneClusterImpl-057be10f-cdfd-47e1-b7d7-538f995da6ce/datanode-5/data/ratis/b3f5314d-6a58-4d9e-9d04-6b05dc5b3b02/sm/snapshot.1_14
2019-07-13 16:35:03,560 INFO  segmented.SegmentedRaftLogWorker (SegmentedRaftLogWorker.java:close(228)) - 0d8de9e7-9fe7-4911-8019-c6c2c0b14636-SegmentedRaftLogWorker:Storage Directory /tmp/workdir/hadoop-ozone/integration-test/target/test-dir/MiniOzoneClusterImpl-057be10f-cdfd-47e1-b7d7-538f995da6ce/datanode-5/data/ratis/e3239f62-6903-4561-98ed-f3debde82e42 close()
2019-07-13 16:35:03,560 INFO  impl.StateMachineUpdater (StateMachineUpdater.java:takeSnapshot(242)) - StateMachineUpdater:0d8de9e7-9fe7-4911-8019-c6c2c0b14636:group-6B05DC5B3B02: Took a snapshot at index 14
2019-07-13 16:35:03,560 INFO  impl.StateMachineUpdater (StateMachineUpdater.java:lambda$new$0(80)) - StateMachineUpdater:0d8de9e7-9fe7-4911-8019-c6c2c0b14636:group-6B05DC5B3B02: snapshotIndex: updateIncreasingly -1 -> 14
2019-07-13 16:35:03,560 INFO  impl.RaftServerImpl (ServerState.java:close(394)) - 0d8de9e7-9fe7-4911-8019-c6c2c0b14636:group-6B05DC5B3B02 closes. The last applied log index is 14
2019-07-13 16:35:03,561 INFO  segmented.SegmentedRaftLogWorker (SegmentedRaftLogWorker.java:run(313)) - 0d8de9e7-9fe7-4911-8019-c6c2c0b14636-SegmentedRaftLogWorker:Storage Directory /tmp/workdir/hadoop-ozone/integration-test/target/test-dir/MiniOzoneClusterImpl-057be10f-cdfd-47e1-b7d7-538f995da6ce/datanode-5/data/ratis/b3f5314d-6a58-4d9e-9d04-6b05dc5b3b02 was interrupted, exiting. There are 0 tasks remaining in the queue.
2019-07-13 16:35:03,561 INFO  segmented.SegmentedRaftLogWorker (SegmentedRaftLogWorker.java:close(228)) - 0d8de9e7-9fe7-4911-8019-c6c2c0b14636-SegmentedRaftLogWorker:Storage Directory /tmp/workdir/hadoop-ozone/integration-test/target/test-dir/MiniOzoneClusterImpl-057be10f-cdfd-47e1-b7d7-538f995da6ce/datanode-5/data/ratis/b3f5314d-6a58-4d9e-9d04-6b05dc5b3b02 close()
2019-07-13 16:35:03,562 INFO  server.GrpcService (GrpcService.java:closeImpl(155)) - 0d8de9e7-9fe7-4911-8019-c6c2c0b14636: shutdown server with port 36713 now
2019-07-13 16:35:03,563 INFO  server.GrpcService (GrpcService.java:closeImpl(163)) - 0d8de9e7-9fe7-4911-8019-c6c2c0b14636: shutdown server with port 36713 successfully
2019-07-13 16:35:03,564 INFO  utils.BackgroundService (BackgroundService.java:shutdown(148)) - Shutting down service BlockDeletingService
2019-07-13 16:35:03,566 WARN  fs.CachingGetSpaceUsed (CachingGetSpaceUsed.java:run(183)) - Thread Interrupted waiting to refresh disk information: sleep interrupted
2019-07-13 16:35:03,583 INFO  statemachine.DatanodeStateMachine (DatanodeStateMachine.java:stopDaemon(395)) - Ozone container server stopped.
2019-07-13 16:35:03,584 INFO  handler.ContextHandler (ContextHandler.java:doStop(910)) - Stopped o.e.j.w.WebAppContext@2cf97875{/,null,UNAVAILABLE}{/hddsDatanode}
2019-07-13 16:35:03,585 INFO  server.AbstractConnector (AbstractConnector.java:doStop(318)) - Stopped ServerConnector@2e7563f6{HTTP/1.1,[http/1.1]}{0.0.0.0:0}
2019-07-13 16:35:03,585 INFO  handler.ContextHandler (ContextHandler.java:doStop(910)) - Stopped o.e.j.s.ServletContextHandler@2ef812b{/static,jar:file:/home/user/.m2/repository/org/apache/hadoop/hadoop-hdds-container-service/0.5.0-SNAPSHOT/hadoop-hdds-container-service-0.5.0-SNAPSHOT.jar!/webapps/static,UNAVAILABLE}
2019-07-13 16:35:03,586 INFO  handler.ContextHandler (ContextHandler.java:doStop(910)) - Stopped o.e.j.s.ServletContextHandler@4981b83{/logs,file:///tmp/workdir/hadoop-ozone/integration-test/target/log,UNAVAILABLE}
2019-07-13 16:35:03,587 INFO  ozone.MiniOzoneClusterImpl (MiniOzoneClusterImpl.java:stop(353)) - Stopping the StorageContainerManager
2019-07-13 16:35:03,587 INFO  server.StorageContainerManager (StorageContainerManager.java:stop(796)) - Stopping Replication Manager Service.
2019-07-13 16:35:03,587 INFO  container.ReplicationManager (ReplicationManager.java:stop(187)) - Stopping Replication Monitor Thread.
2019-07-13 16:35:03,587 INFO  server.StorageContainerManager (StorageContainerManager.java:stop(803)) - Stopping Lease Manager of the command watchers
2019-07-13 16:35:03,587 INFO  server.StorageContainerManager (StorageContainerManager.java:stop(810)) - Stopping datanode service RPC server
2019-07-13 16:35:03,588 INFO  server.SCMDatanodeProtocolServer (SCMDatanodeProtocolServer.java:stop(375)) - Stopping the RPC server for DataNodes
2019-07-13 16:35:03,588 INFO  ipc.Server (Server.java:stop(3082)) - Stopping server on 36322
2019-07-13 16:35:03,590 INFO  ipc.Server (Server.java:run(1185)) - Stopping IPC Server listener on 36322
2019-07-13 16:35:03,590 INFO  ipc.Server (Server.java:run(1319)) - Stopping IPC Server Responder
2019-07-13 16:35:03,611 WARN  node.NodeStateManager (NodeStateManager.java:scheduleNextHealthCheck(631)) - Current Thread is interrupted, shutting down HB processing thread for Node Manager.
2019-07-13 16:35:03,611 INFO  server.StorageContainerManager (StorageContainerManager.java:stop(818)) - Stopping block service RPC server
2019-07-13 16:35:03,611 INFO  server.SCMBlockProtocolServer (SCMBlockProtocolServer.java:stop(148)) - Stopping the RPC server for Block Protocol
2019-07-13 16:35:03,611 INFO  ipc.Server (Server.java:stop(3082)) - Stopping server on 41695
2019-07-13 16:35:03,613 INFO  ipc.Server (Server.java:run(1185)) - Stopping IPC Server listener on 41695
2019-07-13 16:35:03,613 INFO  ipc.Server (Server.java:run(1319)) - Stopping IPC Server Responder
2019-07-13 16:35:03,613 INFO  server.StorageContainerManager (StorageContainerManager.java:stop(825)) - Stopping the StorageContainerLocationProtocol RPC server
2019-07-13 16:35:03,614 INFO  server.SCMClientProtocolServer (SCMClientProtocolServer.java:stop(157)) - Stopping the RPC server for Client Protocol
2019-07-13 16:35:03,614 INFO  ipc.Server (Server.java:stop(3082)) - Stopping server on 33151
2019-07-13 16:35:03,618 INFO  ipc.Server (Server.java:run(1185)) - Stopping IPC Server listener on 33151
2019-07-13 16:35:03,618 INFO  ipc.Server (Server.java:run(1319)) - Stopping IPC Server Responder
2019-07-13 16:35:03,618 INFO  server.StorageContainerManager (StorageContainerManager.java:stop(832)) - Stopping Storage Container Manager HTTP server.
2019-07-13 16:35:03,620 INFO  handler.ContextHandler (ContextHandler.java:doStop(910)) - Stopped o.e.j.w.WebAppContext@c931728{/,null,UNAVAILABLE}{/scm}
2019-07-13 16:35:03,620 INFO  server.AbstractConnector (AbstractConnector.java:doStop(318)) - Stopped ServerConnector@477e5b69{HTTP/1.1,[http/1.1]}{0.0.0.0:0}
2019-07-13 16:35:03,621 INFO  handler.ContextHandler (ContextHandler.java:doStop(910)) - Stopped o.e.j.s.ServletContextHandler@1a1e38ab{/static,file:///tmp/workdir/hadoop-ozone/integration-test/target/test-classes/webapps/static,UNAVAILABLE}
2019-07-13 16:35:03,621 INFO  handler.ContextHandler (ContextHandler.java:doStop(910)) - Stopped o.e.j.s.ServletContextHandler@1b901f7b{/logs,file:///tmp/workdir/hadoop-ozone/integration-test/target/log,UNAVAILABLE}
2019-07-13 16:35:03,622 INFO  server.StorageContainerManager (StorageContainerManager.java:stop(843)) - Stopping Block Manager Service.
2019-07-13 16:35:03,622 INFO  utils.BackgroundService (BackgroundService.java:shutdown(148)) - Shutting down service SCMBlockDeletingService
2019-07-13 16:35:03,622 INFO  utils.BackgroundService (BackgroundService.java:shutdown(148)) - Shutting down service SCMBlockDeletingService
2019-07-13 16:35:03,622 INFO  server.StorageContainerManager (StorageContainerManager.java:stop(865)) - Stopping SCM Event Queue.
2019-07-13 16:35:03,626 INFO  impl.MetricsSystemImpl (MetricsSystemImpl.java:stop(210)) - Stopping HddsDatanode metrics system...
2019-07-13 16:35:03,630 INFO  impl.MetricsSystemImpl (MetricsSystemImpl.java:stop(216)) - HddsDatanode metrics system stopped.
]]></system-out>
    <system-err><![CDATA[Jul 13, 2019 4:34:30 PM com.sun.jersey.server.impl.application.WebApplicationImpl _initiate
INFO: Initiating Jersey application, version 'Jersey: 1.19 02/11/2015 03:25 AM'
Jul 13, 2019 4:34:30 PM com.sun.jersey.server.impl.application.WebApplicationImpl _initiate
INFO: Initiating Jersey application, version 'Jersey: 1.19 02/11/2015 03:25 AM'
Jul 13, 2019 4:34:30 PM com.sun.jersey.server.impl.application.WebApplicationImpl _initiate
INFO: Initiating Jersey application, version 'Jersey: 1.19 02/11/2015 03:25 AM'
Jul 13, 2019 4:34:31 PM com.sun.jersey.server.impl.application.WebApplicationImpl _initiate
INFO: Initiating Jersey application, version 'Jersey: 1.19 02/11/2015 03:25 AM'
Jul 13, 2019 4:34:31 PM com.sun.jersey.server.impl.application.WebApplicationImpl _initiate
INFO: Initiating Jersey application, version 'Jersey: 1.19 02/11/2015 03:25 AM'
Jul 13, 2019 4:34:31 PM com.sun.jersey.server.impl.application.WebApplicationImpl _initiate
INFO: Initiating Jersey application, version 'Jersey: 1.19 02/11/2015 03:25 AM'
Jul 13, 2019 4:34:31 PM com.sun.jersey.server.impl.application.WebApplicationImpl _initiate
INFO: Initiating Jersey application, version 'Jersey: 1.19 02/11/2015 03:25 AM'
Jul 13, 2019 4:34:34 PM org.apache.ratis.thirdparty.io.grpc.internal.ManagedChannelOrphanWrapper$ManagedChannelReference cleanQueue
SEVERE: *~*~*~ Channel ManagedChannelImpl{logId=2339, target=192.168.5.187:42241} was not shutdown properly!!! ~*~*~*
    Make sure to call shutdown()/shutdownNow() and wait until awaitTermination() returns true.
java.lang.RuntimeException: ManagedChannel allocation site
	at org.apache.ratis.thirdparty.io.grpc.internal.ManagedChannelOrphanWrapper$ManagedChannelReference.<init>(ManagedChannelOrphanWrapper.java:103)
	at org.apache.ratis.thirdparty.io.grpc.internal.ManagedChannelOrphanWrapper.<init>(ManagedChannelOrphanWrapper.java:53)
	at org.apache.ratis.thirdparty.io.grpc.internal.ManagedChannelOrphanWrapper.<init>(ManagedChannelOrphanWrapper.java:44)
	at org.apache.ratis.thirdparty.io.grpc.internal.AbstractManagedChannelImplBuilder.build(AbstractManagedChannelImplBuilder.java:411)
	at org.apache.hadoop.hdds.scm.XceiverClientGrpc.connectToDatanode(XceiverClientGrpc.java:172)
	at org.apache.hadoop.hdds.scm.XceiverClientGrpc.reconnect(XceiverClientGrpc.java:417)
	at org.apache.hadoop.hdds.scm.XceiverClientGrpc.sendCommandAsync(XceiverClientGrpc.java:366)
	at org.apache.hadoop.hdds.scm.XceiverClientGrpc.sendCommandWithRetry(XceiverClientGrpc.java:279)
	at org.apache.hadoop.hdds.scm.XceiverClientGrpc.sendCommandWithTraceIDAndRetry(XceiverClientGrpc.java:248)
	at org.apache.hadoop.hdds.scm.XceiverClientGrpc.sendCommand(XceiverClientGrpc.java:231)
	at org.apache.hadoop.hdds.scm.storage.ContainerProtocolCalls.getBlock(ContainerProtocolCalls.java:118)
	at org.apache.hadoop.hdds.scm.storage.BlockInputStream.getChunkInfos(BlockInputStream.java:167)
	at org.apache.hadoop.hdds.scm.storage.BlockInputStream.initialize(BlockInputStream.java:118)
	at org.apache.hadoop.hdds.scm.storage.BlockInputStream.read(BlockInputStream.java:222)
	at org.apache.hadoop.ozone.client.io.KeyInputStream.read(KeyInputStream.java:171)
	at org.apache.hadoop.ozone.client.io.OzoneInputStream.read(OzoneInputStream.java:47)
	at java.io.InputStream.read(InputStream.java:101)
	at org.apache.hadoop.ozone.container.ContainerTestHelper.validateData(ContainerTestHelper.java:709)
	at org.apache.hadoop.ozone.client.rpc.TestBlockOutputStreamWithFailures.validateData(TestBlockOutputStreamWithFailures.java:1212)
	at org.apache.hadoop.ozone.client.rpc.TestBlockOutputStreamWithFailures.testDatanodeFailureWithSingleNodeRatis(TestBlockOutputStreamWithFailures.java:1054)
	at sun.reflect.NativeMethodAccessorImpl.invoke0(Native Method)
	at sun.reflect.NativeMethodAccessorImpl.invoke(NativeMethodAccessorImpl.java:62)
	at sun.reflect.DelegatingMethodAccessorImpl.invoke(DelegatingMethodAccessorImpl.java:43)
	at java.lang.reflect.Method.invoke(Method.java:498)
	at org.junit.runners.model.FrameworkMethod$1.runReflectiveCall(FrameworkMethod.java:47)
	at org.junit.internal.runners.model.ReflectiveCallable.run(ReflectiveCallable.java:12)
	at org.junit.runners.model.FrameworkMethod.invokeExplosively(FrameworkMethod.java:44)
	at org.junit.internal.runners.statements.InvokeMethod.evaluate(InvokeMethod.java:17)
	at org.junit.internal.runners.statements.RunBefores.evaluate(RunBefores.java:26)
	at org.junit.internal.runners.statements.RunAfters.evaluate(RunAfters.java:27)
	at org.junit.runners.ParentRunner.runLeaf(ParentRunner.java:271)
	at org.junit.runners.BlockJUnit4ClassRunner.runChild(BlockJUnit4ClassRunner.java:70)
	at org.junit.runners.BlockJUnit4ClassRunner.runChild(BlockJUnit4ClassRunner.java:50)
	at org.junit.runners.ParentRunner$3.run(ParentRunner.java:238)
	at org.junit.runners.ParentRunner$1.schedule(ParentRunner.java:63)
	at org.junit.runners.ParentRunner.runChildren(ParentRunner.java:236)
	at org.junit.runners.ParentRunner.access$000(ParentRunner.java:53)
	at org.junit.runners.ParentRunner$2.evaluate(ParentRunner.java:229)
	at org.junit.runners.ParentRunner.run(ParentRunner.java:309)
	at org.apache.maven.surefire.junit4.JUnit4Provider.execute(JUnit4Provider.java:365)
	at org.apache.maven.surefire.junit4.JUnit4Provider.executeWithRerun(JUnit4Provider.java:273)
	at org.apache.maven.surefire.junit4.JUnit4Provider.executeTestSet(JUnit4Provider.java:238)
	at org.apache.maven.surefire.junit4.JUnit4Provider.invoke(JUnit4Provider.java:159)
	at org.apache.maven.surefire.booter.ForkedBooter.invokeProviderInSameClassLoader(ForkedBooter.java:384)
	at org.apache.maven.surefire.booter.ForkedBooter.runSuitesInProcess(ForkedBooter.java:345)
	at org.apache.maven.surefire.booter.ForkedBooter.execute(ForkedBooter.java:126)
	at org.apache.maven.surefire.booter.ForkedBooter.main(ForkedBooter.java:418)

Jul 13, 2019 4:34:34 PM org.apache.ratis.thirdparty.io.grpc.internal.ManagedChannelOrphanWrapper$ManagedChannelReference cleanQueue
SEVERE: *~*~*~ Channel ManagedChannelImpl{logId=2300, target=192.168.5.187:37424} was not shutdown properly!!! ~*~*~*
    Make sure to call shutdown()/shutdownNow() and wait until awaitTermination() returns true.
java.lang.RuntimeException: ManagedChannel allocation site
	at org.apache.ratis.thirdparty.io.grpc.internal.ManagedChannelOrphanWrapper$ManagedChannelReference.<init>(ManagedChannelOrphanWrapper.java:103)
	at org.apache.ratis.thirdparty.io.grpc.internal.ManagedChannelOrphanWrapper.<init>(ManagedChannelOrphanWrapper.java:53)
	at org.apache.ratis.thirdparty.io.grpc.internal.ManagedChannelOrphanWrapper.<init>(ManagedChannelOrphanWrapper.java:44)
	at org.apache.ratis.thirdparty.io.grpc.internal.AbstractManagedChannelImplBuilder.build(AbstractManagedChannelImplBuilder.java:411)
	at org.apache.ratis.grpc.client.GrpcClientProtocolClient.<init>(GrpcClientProtocolClient.java:119)
	at org.apache.ratis.grpc.client.GrpcClientRpc.lambda$new$0(GrpcClientRpc.java:55)
	at org.apache.ratis.util.PeerProxyMap$PeerAndProxy.lambda$getProxy$0(PeerProxyMap.java:61)
	at org.apache.ratis.util.LifeCycle.startAndTransition(LifeCycle.java:202)
	at org.apache.ratis.util.PeerProxyMap$PeerAndProxy.getProxy(PeerProxyMap.java:60)
	at org.apache.ratis.util.PeerProxyMap.getProxy(PeerProxyMap.java:107)
	at org.apache.ratis.grpc.client.GrpcClientRpc.sendRequestAsync(GrpcClientRpc.java:66)
	at org.apache.ratis.client.impl.OrderedAsync.sendRequest(OrderedAsync.java:208)
	at org.apache.ratis.client.impl.OrderedAsync.sendRequestWithRetry(OrderedAsync.java:169)
	at org.apache.ratis.util.SlidingWindow$Client.sendOrDelayRequest(SlidingWindow.java:278)
	at org.apache.ratis.util.SlidingWindow$Client.retry(SlidingWindow.java:294)
	at org.apache.ratis.client.impl.OrderedAsync.lambda$scheduleWithTimeout$7(OrderedAsync.java:195)
	at org.apache.ratis.util.TimeoutScheduler.lambda$onTimeout$0(TimeoutScheduler.java:85)
	at org.apache.ratis.util.TimeoutScheduler.lambda$onTimeout$1(TimeoutScheduler.java:104)
	at org.apache.ratis.util.LogUtils.runAndLog(LogUtils.java:50)
	at org.apache.ratis.util.LogUtils$1.run(LogUtils.java:91)
	at java.util.concurrent.Executors$RunnableAdapter.call(Executors.java:511)
	at java.util.concurrent.FutureTask.run(FutureTask.java:266)
	at java.util.concurrent.ScheduledThreadPoolExecutor$ScheduledFutureTask.access$201(ScheduledThreadPoolExecutor.java:180)
	at java.util.concurrent.ScheduledThreadPoolExecutor$ScheduledFutureTask.run(ScheduledThreadPoolExecutor.java:293)
	at java.util.concurrent.ThreadPoolExecutor.runWorker(ThreadPoolExecutor.java:1149)
	at java.util.concurrent.ThreadPoolExecutor$Worker.run(ThreadPoolExecutor.java:624)
	at java.lang.Thread.run(Thread.java:748)

Jul 13, 2019 4:34:34 PM org.apache.ratis.thirdparty.io.grpc.internal.ManagedChannelOrphanWrapper$ManagedChannelReference cleanQueue
SEVERE: *~*~*~ Channel ManagedChannelImpl{logId=2304, target=192.168.5.187:45384} was not shutdown properly!!! ~*~*~*
    Make sure to call shutdown()/shutdownNow() and wait until awaitTermination() returns true.
java.lang.RuntimeException: ManagedChannel allocation site
	at org.apache.ratis.thirdparty.io.grpc.internal.ManagedChannelOrphanWrapper$ManagedChannelReference.<init>(ManagedChannelOrphanWrapper.java:103)
	at org.apache.ratis.thirdparty.io.grpc.internal.ManagedChannelOrphanWrapper.<init>(ManagedChannelOrphanWrapper.java:53)
	at org.apache.ratis.thirdparty.io.grpc.internal.ManagedChannelOrphanWrapper.<init>(ManagedChannelOrphanWrapper.java:44)
	at org.apache.ratis.thirdparty.io.grpc.internal.AbstractManagedChannelImplBuilder.build(AbstractManagedChannelImplBuilder.java:411)
	at org.apache.ratis.grpc.client.GrpcClientProtocolClient.<init>(GrpcClientProtocolClient.java:119)
	at org.apache.ratis.grpc.client.GrpcClientRpc.lambda$new$0(GrpcClientRpc.java:55)
	at org.apache.ratis.util.PeerProxyMap$PeerAndProxy.lambda$getProxy$0(PeerProxyMap.java:61)
	at org.apache.ratis.util.LifeCycle.startAndTransition(LifeCycle.java:202)
	at org.apache.ratis.util.PeerProxyMap$PeerAndProxy.getProxy(PeerProxyMap.java:60)
	at org.apache.ratis.util.PeerProxyMap.getProxy(PeerProxyMap.java:107)
	at org.apache.ratis.grpc.client.GrpcClientRpc.sendRequestAsync(GrpcClientRpc.java:66)
	at org.apache.ratis.client.impl.OrderedAsync.sendRequest(OrderedAsync.java:208)
	at org.apache.ratis.client.impl.OrderedAsync.sendRequestWithRetry(OrderedAsync.java:169)
	at org.apache.ratis.util.SlidingWindow$Client.sendOrDelayRequest(SlidingWindow.java:278)
	at org.apache.ratis.util.SlidingWindow$Client.submitNewRequest(SlidingWindow.java:257)
	at org.apache.ratis.client.impl.OrderedAsync.send(OrderedAsync.java:155)
	at org.apache.ratis.client.impl.RaftClientImpl.sendAsync(RaftClientImpl.java:145)
	at org.apache.ratis.client.impl.RaftClientImpl.sendAsync(RaftClientImpl.java:125)
	at org.apache.hadoop.hdds.scm.XceiverClientRatis.sendRequestAsync(XceiverClientRatis.java:224)
	at org.apache.hadoop.hdds.scm.XceiverClientRatis.sendCommandAsync(XceiverClientRatis.java:302)
	at org.apache.hadoop.hdds.scm.storage.ContainerProtocolCalls.writeChunkAsync(ContainerProtocolCalls.java:310)
	at org.apache.hadoop.hdds.scm.storage.BlockOutputStream.writeChunkToContainer(BlockOutputStream.java:610)
	at org.apache.hadoop.hdds.scm.storage.BlockOutputStream.writeChunk(BlockOutputStream.java:467)
	at org.apache.hadoop.hdds.scm.storage.BlockOutputStream.writeOnRetry(BlockOutputStream.java:293)
	at org.apache.hadoop.ozone.client.io.BlockOutputStreamEntry.writeOnRetry(BlockOutputStreamEntry.java:200)
	at org.apache.hadoop.ozone.client.io.KeyOutputStream.handleWrite(KeyOutputStream.java:209)
	at org.apache.hadoop.ozone.client.io.KeyOutputStream.handleRetry(KeyOutputStream.java:376)
	at org.apache.hadoop.ozone.client.io.KeyOutputStream.handleException(KeyOutputStream.java:325)
	at org.apache.hadoop.ozone.client.io.KeyOutputStream.handleFlushOrClose(KeyOutputStream.java:448)
	at org.apache.hadoop.ozone.client.io.KeyOutputStream.handleWrite(KeyOutputStream.java:235)
	at org.apache.hadoop.ozone.client.io.KeyOutputStream.write(KeyOutputStream.java:193)
	at org.apache.hadoop.ozone.client.io.OzoneOutputStream.write(OzoneOutputStream.java:49)
	at java.io.OutputStream.write(OutputStream.java:75)
	at org.apache.hadoop.ozone.client.rpc.TestBlockOutputStreamWithFailures.testDatanodeFailureWithSingleNodeRatis(TestBlockOutputStreamWithFailures.java:1017)
	at sun.reflect.NativeMethodAccessorImpl.invoke0(Native Method)
	at sun.reflect.NativeMethodAccessorImpl.invoke(NativeMethodAccessorImpl.java:62)
	at sun.reflect.DelegatingMethodAccessorImpl.invoke(DelegatingMethodAccessorImpl.java:43)
	at java.lang.reflect.Method.invoke(Method.java:498)
	at org.junit.runners.model.FrameworkMethod$1.runReflectiveCall(FrameworkMethod.java:47)
	at org.junit.internal.runners.model.ReflectiveCallable.run(ReflectiveCallable.java:12)
	at org.junit.runners.model.FrameworkMethod.invokeExplosively(FrameworkMethod.java:44)
	at org.junit.internal.runners.statements.InvokeMethod.evaluate(InvokeMethod.java:17)
	at org.junit.internal.runners.statements.RunBefores.evaluate(RunBefores.java:26)
	at org.junit.internal.runners.statements.RunAfters.evaluate(RunAfters.java:27)
	at org.junit.runners.ParentRunner.runLeaf(ParentRunner.java:271)
	at org.junit.runners.BlockJUnit4ClassRunner.runChild(BlockJUnit4ClassRunner.java:70)
	at org.junit.runners.BlockJUnit4ClassRunner.runChild(BlockJUnit4ClassRunner.java:50)
	at org.junit.runners.ParentRunner$3.run(ParentRunner.java:238)
	at org.junit.runners.ParentRunner$1.schedule(ParentRunner.java:63)
	at org.junit.runners.ParentRunner.runChildren(ParentRunner.java:236)
	at org.junit.runners.ParentRunner.access$000(ParentRunner.java:53)
	at org.junit.runners.ParentRunner$2.evaluate(ParentRunner.java:229)
	at org.junit.runners.ParentRunner.run(ParentRunner.java:309)
	at org.apache.maven.surefire.junit4.JUnit4Provider.execute(JUnit4Provider.java:365)
	at org.apache.maven.surefire.junit4.JUnit4Provider.executeWithRerun(JUnit4Provider.java:273)
	at org.apache.maven.surefire.junit4.JUnit4Provider.executeTestSet(JUnit4Provider.java:238)
	at org.apache.maven.surefire.junit4.JUnit4Provider.invoke(JUnit4Provider.java:159)
	at org.apache.maven.surefire.booter.ForkedBooter.invokeProviderInSameClassLoader(ForkedBooter.java:384)
	at org.apache.maven.surefire.booter.ForkedBooter.runSuitesInProcess(ForkedBooter.java:345)
	at org.apache.maven.surefire.booter.ForkedBooter.execute(ForkedBooter.java:126)
	at org.apache.maven.surefire.booter.ForkedBooter.main(ForkedBooter.java:418)

Jul 13, 2019 4:34:34 PM org.apache.ratis.thirdparty.io.grpc.internal.ManagedChannelOrphanWrapper$ManagedChannelReference cleanQueue
SEVERE: *~*~*~ Channel ManagedChannelImpl{logId=2334, target=192.168.5.187:45861} was not shutdown properly!!! ~*~*~*
    Make sure to call shutdown()/shutdownNow() and wait until awaitTermination() returns true.
java.lang.RuntimeException: ManagedChannel allocation site
	at org.apache.ratis.thirdparty.io.grpc.internal.ManagedChannelOrphanWrapper$ManagedChannelReference.<init>(ManagedChannelOrphanWrapper.java:103)
	at org.apache.ratis.thirdparty.io.grpc.internal.ManagedChannelOrphanWrapper.<init>(ManagedChannelOrphanWrapper.java:53)
	at org.apache.ratis.thirdparty.io.grpc.internal.ManagedChannelOrphanWrapper.<init>(ManagedChannelOrphanWrapper.java:44)
	at org.apache.ratis.thirdparty.io.grpc.internal.AbstractManagedChannelImplBuilder.build(AbstractManagedChannelImplBuilder.java:411)
	at org.apache.hadoop.hdds.scm.XceiverClientGrpc.connectToDatanode(XceiverClientGrpc.java:172)
	at org.apache.hadoop.hdds.scm.XceiverClientGrpc.reconnect(XceiverClientGrpc.java:417)
	at org.apache.hadoop.hdds.scm.XceiverClientGrpc.sendCommandAsync(XceiverClientGrpc.java:366)
	at org.apache.hadoop.hdds.scm.XceiverClientGrpc.sendCommandWithRetry(XceiverClientGrpc.java:279)
	at org.apache.hadoop.hdds.scm.XceiverClientGrpc.sendCommandWithTraceIDAndRetry(XceiverClientGrpc.java:248)
	at org.apache.hadoop.hdds.scm.XceiverClientGrpc.sendCommand(XceiverClientGrpc.java:231)
	at org.apache.hadoop.hdds.scm.storage.ContainerProtocolCalls.getBlock(ContainerProtocolCalls.java:118)
	at org.apache.hadoop.hdds.scm.storage.BlockInputStream.getChunkInfos(BlockInputStream.java:167)
	at org.apache.hadoop.hdds.scm.storage.BlockInputStream.initialize(BlockInputStream.java:118)
	at org.apache.hadoop.hdds.scm.storage.BlockInputStream.read(BlockInputStream.java:222)
	at org.apache.hadoop.ozone.client.io.KeyInputStream.read(KeyInputStream.java:171)
	at org.apache.hadoop.ozone.client.io.OzoneInputStream.read(OzoneInputStream.java:47)
	at java.io.InputStream.read(InputStream.java:101)
	at org.apache.hadoop.ozone.container.ContainerTestHelper.validateData(ContainerTestHelper.java:709)
	at org.apache.hadoop.ozone.client.rpc.TestBlockOutputStreamWithFailures.validateData(TestBlockOutputStreamWithFailures.java:1212)
	at org.apache.hadoop.ozone.client.rpc.TestBlockOutputStreamWithFailures.testDatanodeFailureWithSingleNodeRatis(TestBlockOutputStreamWithFailures.java:1054)
	at sun.reflect.NativeMethodAccessorImpl.invoke0(Native Method)
	at sun.reflect.NativeMethodAccessorImpl.invoke(NativeMethodAccessorImpl.java:62)
	at sun.reflect.DelegatingMethodAccessorImpl.invoke(DelegatingMethodAccessorImpl.java:43)
	at java.lang.reflect.Method.invoke(Method.java:498)
	at org.junit.runners.model.FrameworkMethod$1.runReflectiveCall(FrameworkMethod.java:47)
	at org.junit.internal.runners.model.ReflectiveCallable.run(ReflectiveCallable.java:12)
	at org.junit.runners.model.FrameworkMethod.invokeExplosively(FrameworkMethod.java:44)
	at org.junit.internal.runners.statements.InvokeMethod.evaluate(InvokeMethod.java:17)
	at org.junit.internal.runners.statements.RunBefores.evaluate(RunBefores.java:26)
	at org.junit.internal.runners.statements.RunAfters.evaluate(RunAfters.java:27)
	at org.junit.runners.ParentRunner.runLeaf(ParentRunner.java:271)
	at org.junit.runners.BlockJUnit4ClassRunner.runChild(BlockJUnit4ClassRunner.java:70)
	at org.junit.runners.BlockJUnit4ClassRunner.runChild(BlockJUnit4ClassRunner.java:50)
	at org.junit.runners.ParentRunner$3.run(ParentRunner.java:238)
	at org.junit.runners.ParentRunner$1.schedule(ParentRunner.java:63)
	at org.junit.runners.ParentRunner.runChildren(ParentRunner.java:236)
	at org.junit.runners.ParentRunner.access$000(ParentRunner.java:53)
	at org.junit.runners.ParentRunner$2.evaluate(ParentRunner.java:229)
	at org.junit.runners.ParentRunner.run(ParentRunner.java:309)
	at org.apache.maven.surefire.junit4.JUnit4Provider.execute(JUnit4Provider.java:365)
	at org.apache.maven.surefire.junit4.JUnit4Provider.executeWithRerun(JUnit4Provider.java:273)
	at org.apache.maven.surefire.junit4.JUnit4Provider.executeTestSet(JUnit4Provider.java:238)
	at org.apache.maven.surefire.junit4.JUnit4Provider.invoke(JUnit4Provider.java:159)
	at org.apache.maven.surefire.booter.ForkedBooter.invokeProviderInSameClassLoader(ForkedBooter.java:384)
	at org.apache.maven.surefire.booter.ForkedBooter.runSuitesInProcess(ForkedBooter.java:345)
	at org.apache.maven.surefire.booter.ForkedBooter.execute(ForkedBooter.java:126)
	at org.apache.maven.surefire.booter.ForkedBooter.main(ForkedBooter.java:418)

]]></system-err>
  </testcase>
  <testcase name="testWatchForCommitDatanodeFailure" classname="org.apache.hadoop.ozone.client.rpc.TestBlockOutputStreamWithFailures" time="33.056">
    <error type="java.lang.UnsupportedOperationException">java.lang.UnsupportedOperationException
	at java.util.AbstractList.add(AbstractList.java:148)
	at java.util.AbstractList.add(AbstractList.java:108)
	at java.util.AbstractCollection.addAll(AbstractCollection.java:344)
	at org.apache.hadoop.hdds.scm.storage.BlockOutputStream.watchForCommit(BlockOutputStream.java:363)
	at org.apache.hadoop.hdds.scm.storage.BlockOutputStream.handleFlush(BlockOutputStream.java:487)
	at org.apache.hadoop.hdds.scm.storage.BlockOutputStream.close(BlockOutputStream.java:501)
	at org.apache.hadoop.ozone.client.io.BlockOutputStreamEntry.close(BlockOutputStreamEntry.java:143)
	at org.apache.hadoop.ozone.client.io.KeyOutputStream.handleFlushOrClose(KeyOutputStream.java:438)
	at org.apache.hadoop.ozone.client.io.KeyOutputStream.handleWrite(KeyOutputStream.java:235)
	at org.apache.hadoop.ozone.client.io.KeyOutputStream.write(KeyOutputStream.java:193)
	at org.apache.hadoop.ozone.client.io.OzoneOutputStream.write(OzoneOutputStream.java:49)
	at java.io.OutputStream.write(OutputStream.java:75)
	at org.apache.hadoop.ozone.client.rpc.TestBlockOutputStreamWithFailures.testWatchForCommitDatanodeFailure(TestBlockOutputStreamWithFailures.java:363)
	at sun.reflect.NativeMethodAccessorImpl.invoke0(Native Method)
	at sun.reflect.NativeMethodAccessorImpl.invoke(NativeMethodAccessorImpl.java:62)
	at sun.reflect.DelegatingMethodAccessorImpl.invoke(DelegatingMethodAccessorImpl.java:43)
	at java.lang.reflect.Method.invoke(Method.java:498)
	at org.junit.runners.model.FrameworkMethod$1.runReflectiveCall(FrameworkMethod.java:47)
	at org.junit.internal.runners.model.ReflectiveCallable.run(ReflectiveCallable.java:12)
	at org.junit.runners.model.FrameworkMethod.invokeExplosively(FrameworkMethod.java:44)
	at org.junit.internal.runners.statements.InvokeMethod.evaluate(InvokeMethod.java:17)
	at org.junit.internal.runners.statements.RunBefores.evaluate(RunBefores.java:26)
	at org.junit.internal.runners.statements.RunAfters.evaluate(RunAfters.java:27)
	at org.junit.runners.ParentRunner.runLeaf(ParentRunner.java:271)
	at org.junit.runners.BlockJUnit4ClassRunner.runChild(BlockJUnit4ClassRunner.java:70)
	at org.junit.runners.BlockJUnit4ClassRunner.runChild(BlockJUnit4ClassRunner.java:50)
	at org.junit.runners.ParentRunner$3.run(ParentRunner.java:238)
	at org.junit.runners.ParentRunner$1.schedule(ParentRunner.java:63)
	at org.junit.runners.ParentRunner.runChildren(ParentRunner.java:236)
	at org.junit.runners.ParentRunner.access$000(ParentRunner.java:53)
	at org.junit.runners.ParentRunner$2.evaluate(ParentRunner.java:229)
	at org.junit.runners.ParentRunner.run(ParentRunner.java:309)
	at org.apache.maven.surefire.junit4.JUnit4Provider.execute(JUnit4Provider.java:365)
	at org.apache.maven.surefire.junit4.JUnit4Provider.executeWithRerun(JUnit4Provider.java:273)
	at org.apache.maven.surefire.junit4.JUnit4Provider.executeTestSet(JUnit4Provider.java:238)
	at org.apache.maven.surefire.junit4.JUnit4Provider.invoke(JUnit4Provider.java:159)
	at org.apache.maven.surefire.booter.ForkedBooter.invokeProviderInSameClassLoader(ForkedBooter.java:384)
	at org.apache.maven.surefire.booter.ForkedBooter.runSuitesInProcess(ForkedBooter.java:345)
	at org.apache.maven.surefire.booter.ForkedBooter.execute(ForkedBooter.java:126)
	at org.apache.maven.surefire.booter.ForkedBooter.main(ForkedBooter.java:418)
</error>
    <system-out><![CDATA[2019-07-13 16:35:03,672 WARN  server.ServerUtils (ServerUtils.java:getScmDbDir(145)) - ozone.scm.db.dirs is not configured. We recommend adding this setting. Falling back to ozone.metadata.dirs instead.
2019-07-13 16:35:03,690 WARN  server.ServerUtils (ServerUtils.java:getScmDbDir(145)) - ozone.scm.db.dirs is not configured. We recommend adding this setting. Falling back to ozone.metadata.dirs instead.
2019-07-13 16:35:03,690 WARN  server.ServerUtils (ServerUtils.java:getScmDbDir(145)) - ozone.scm.db.dirs is not configured. We recommend adding this setting. Falling back to ozone.metadata.dirs instead.
2019-07-13 16:35:03,691 INFO  db.DBStoreBuilder (DBStoreBuilder.java:addTable(110)) - using custom profile for table: deletedBlocks
2019-07-13 16:35:03,691 INFO  db.DBStoreBuilder (DBStoreBuilder.java:processTables(161)) - Using default column profile:DBProfile.DISK for Table:deletedBlocks
2019-07-13 16:35:03,691 INFO  db.DBStoreBuilder (DBStoreBuilder.java:addTable(110)) - using custom profile for table: validCerts
2019-07-13 16:35:03,691 INFO  db.DBStoreBuilder (DBStoreBuilder.java:processTables(161)) - Using default column profile:DBProfile.DISK for Table:validCerts
2019-07-13 16:35:03,692 INFO  db.DBStoreBuilder (DBStoreBuilder.java:addTable(110)) - using custom profile for table: revokedCerts
2019-07-13 16:35:03,692 INFO  db.DBStoreBuilder (DBStoreBuilder.java:processTables(161)) - Using default column profile:DBProfile.DISK for Table:revokedCerts
2019-07-13 16:35:03,692 INFO  db.DBStoreBuilder (DBStoreBuilder.java:addTable(110)) - using custom profile for table: default
2019-07-13 16:35:03,692 INFO  db.DBStoreBuilder (DBStoreBuilder.java:processTables(167)) - Using default column profile:DBProfile.DISK for Table:default
2019-07-13 16:35:03,693 INFO  db.DBStoreBuilder (DBStoreBuilder.java:getDbProfile(198)) - Using default options. DBProfile.DISK
2019-07-13 16:35:03,814 INFO  net.NodeSchemaLoader (NodeSchemaLoader.java:loadSchemaFromFile(125)) - Loading file from sun.misc.CompoundEnumeration@4dfe56dc
2019-07-13 16:35:03,814 INFO  net.NodeSchemaLoader (NodeSchemaLoader.java:loadSchema(171)) - Loading network topology layer schema file
2019-07-13 16:35:03,819 INFO  node.SCMNodeManager (SCMNodeManager.java:<init>(119)) - Entering startup safe mode.
2019-07-13 16:35:03,820 WARN  server.ServerUtils (ServerUtils.java:getScmDbDir(145)) - ozone.scm.db.dirs is not configured. We recommend adding this setting. Falling back to ozone.metadata.dirs instead.
2019-07-13 16:35:03,867 INFO  pipeline.SCMPipelineManager (SCMPipelineManager.java:initializePipelineState(126)) - No pipeline exists in current db
2019-07-13 16:35:03,867 WARN  server.ServerUtils (ServerUtils.java:getScmDbDir(145)) - ozone.scm.db.dirs is not configured. We recommend adding this setting. Falling back to ozone.metadata.dirs instead.
2019-07-13 16:35:03,907 WARN  events.EventQueue (EventQueue.java:fireEvent(175)) - No event handler registered for event TypedEvent{payloadType=SafeModeStatus, name='SafeModeStatus'}
2019-07-13 16:35:03,908 INFO  ipc.CallQueueManager (CallQueueManager.java:<init>(84)) - Using callQueue: class java.util.concurrent.LinkedBlockingQueue, queueCapacity: 2000, scheduler: class org.apache.hadoop.ipc.DefaultRpcScheduler, ipcBackoff: false.
2019-07-13 16:35:03,909 INFO  ipc.Server (Server.java:run(1074)) - Starting Socket Reader #1 for port 38902
2019-07-13 16:35:03,911 INFO  ipc.CallQueueManager (CallQueueManager.java:<init>(84)) - Using callQueue: class java.util.concurrent.LinkedBlockingQueue, queueCapacity: 2000, scheduler: class org.apache.hadoop.ipc.DefaultRpcScheduler, ipcBackoff: false.
2019-07-13 16:35:03,912 INFO  ipc.Server (Server.java:run(1074)) - Starting Socket Reader #1 for port 35138
2019-07-13 16:35:03,914 INFO  ipc.CallQueueManager (CallQueueManager.java:<init>(84)) - Using callQueue: class java.util.concurrent.LinkedBlockingQueue, queueCapacity: 2000, scheduler: class org.apache.hadoop.ipc.DefaultRpcScheduler, ipcBackoff: false.
2019-07-13 16:35:03,915 INFO  ipc.Server (Server.java:run(1074)) - Starting Socket Reader #1 for port 43570
2019-07-13 16:35:03,917 INFO  hdfs.DFSUtil (DFSUtil.java:httpServerTemplateForNNAndJN(1641)) - Starting Web-server for scm at: http://0.0.0.0:0
2019-07-13 16:35:03,919 INFO  server.AuthenticationFilter (AuthenticationFilter.java:constructSecretProvider(240)) - Unable to initialize FileSignerSecretProvider, falling back to use random secrets.
2019-07-13 16:35:03,920 WARN  http.HttpRequestLog (HttpRequestLog.java:getRequestLog(97)) - Jetty request log can only be enabled using Log4j
2019-07-13 16:35:03,923 INFO  http.HttpServer2 (HttpServer2.java:addGlobalFilter(975)) - Added global filter 'safety' (class=org.apache.hadoop.http.HttpServer2$QuotingInputFilter)
2019-07-13 16:35:03,923 INFO  http.HttpServer2 (HttpServer2.java:addFilter(948)) - Added filter static_user_filter (class=org.apache.hadoop.http.lib.StaticUserWebFilter$StaticUserFilter) to context scm
2019-07-13 16:35:03,924 INFO  http.HttpServer2 (HttpServer2.java:addFilter(958)) - Added filter static_user_filter (class=org.apache.hadoop.http.lib.StaticUserWebFilter$StaticUserFilter) to context static
2019-07-13 16:35:03,924 INFO  http.HttpServer2 (HttpServer2.java:addFilter(958)) - Added filter static_user_filter (class=org.apache.hadoop.http.lib.StaticUserWebFilter$StaticUserFilter) to context logs
2019-07-13 16:35:03,926 INFO  server.StorageContainerManager (StorageContainerManager.java:start(759)) - StorageContainerLocationProtocol RPC server is listening at /0.0.0.0:43570
2019-07-13 16:35:03,929 WARN  impl.MetricsConfig (MetricsConfig.java:loadFirst(134)) - Cannot locate configuration: tried hadoop-metrics2-storagecontainermanager.properties,hadoop-metrics2.properties
2019-07-13 16:35:03,930 INFO  impl.MetricsSystemImpl (MetricsSystemImpl.java:startTimer(374)) - Scheduled Metric snapshot period at 10 second(s).
2019-07-13 16:35:03,930 INFO  impl.MetricsSystemImpl (MetricsSystemImpl.java:start(191)) - StorageContainerManager metrics system started
2019-07-13 16:35:03,978 INFO  server.SCMClientProtocolServer (SCMClientProtocolServer.java:start(149)) - RPC server for Client  is listening at /0.0.0.0:43570
2019-07-13 16:35:03,979 INFO  ipc.Server (Server.java:run(1314)) - IPC Server Responder: starting
2019-07-13 16:35:03,979 INFO  ipc.Server (Server.java:run(1153)) - IPC Server listener on 43570: starting
2019-07-13 16:35:03,983 INFO  server.StorageContainerManager (StorageContainerManager.java:start(768)) - ScmBlockLocationProtocol RPC server is listening at /0.0.0.0:35138
2019-07-13 16:35:03,983 INFO  server.SCMBlockProtocolServer (SCMBlockProtocolServer.java:start(140)) - RPC server for Block Protocol is listening at /0.0.0.0:35138
2019-07-13 16:35:03,984 INFO  ipc.Server (Server.java:run(1314)) - IPC Server Responder: starting
2019-07-13 16:35:03,984 INFO  ipc.Server (Server.java:run(1153)) - IPC Server listener on 35138: starting
2019-07-13 16:35:03,988 INFO  server.StorageContainerManager (StorageContainerManager.java:start(772)) - ScmDatanodeProtocl RPC server is listening at /0.0.0.0:38902
2019-07-13 16:35:03,988 INFO  server.SCMDatanodeProtocolServer (SCMDatanodeProtocolServer.java:start(191)) - RPC server for DataNodes is listening at /0.0.0.0:38902
2019-07-13 16:35:03,988 INFO  ipc.Server (Server.java:run(1314)) - IPC Server Responder: starting
2019-07-13 16:35:03,988 INFO  ipc.Server (Server.java:run(1153)) - IPC Server listener on 38902: starting
2019-07-13 16:35:03,992 INFO  http.HttpServer2 (HttpServer2.java:bindListener(1191)) - Jetty bound to port 40650
2019-07-13 16:35:03,992 INFO  server.Server (Server.java:doStart(351)) - jetty-9.3.24.v20180605, build timestamp: 2018-06-05T17:11:56Z, git hash: 84205aa28f11a4f31f2a3b86d1bba2cc8ab69827
2019-07-13 16:35:03,994 INFO  handler.ContextHandler (ContextHandler.java:doStart(781)) - Started o.e.j.s.ServletContextHandler@14af9f51{/logs,file:///tmp/workdir/hadoop-ozone/integration-test/target/log,AVAILABLE}
2019-07-13 16:35:03,994 INFO  handler.ContextHandler (ContextHandler.java:doStart(781)) - Started o.e.j.s.ServletContextHandler@4f466207{/static,file:///tmp/workdir/hadoop-ozone/integration-test/target/test-classes/webapps/static,AVAILABLE}
2019-07-13 16:35:03,999 INFO  handler.ContextHandler (ContextHandler.java:doStart(781)) - Started o.e.j.w.WebAppContext@6e140753{/,file:///tmp/workdir/hadoop-ozone/integration-test/target/test-classes/webapps/scm/,AVAILABLE}{/scm}
2019-07-13 16:35:03,999 INFO  server.AbstractConnector (AbstractConnector.java:doStart(278)) - Started ServerConnector@53bc6492{HTTP/1.1,[http/1.1]}{0.0.0.0:40650}
2019-07-13 16:35:04,000 INFO  server.Server (Server.java:doStart(419)) - Started @527477ms
2019-07-13 16:35:04,001 INFO  server.BaseHttpServer (BaseHttpServer.java:updateConnectorAddress(207)) - HTTP server of SCM is listening at http://0.0.0.0:40650
2019-07-13 16:35:04,001 WARN  server.ServerUtils (ServerUtils.java:getDBPath(222)) - ozone.om.db.dirs is not configured. We recommend adding this setting. Falling back to ozone.metadata.dirs instead.
2019-07-13 16:35:04,002 INFO  util.JvmPauseMonitor (JvmPauseMonitor.java:run(188)) - Starting JVM pause monitor
2019-07-13 16:35:04,014 WARN  server.ServerUtils (ServerUtils.java:getDBPath(222)) - ozone.om.db.dirs is not configured. We recommend adding this setting. Falling back to ozone.metadata.dirs instead.
2019-07-13 16:35:04,014 INFO  om.OzoneManager (OzoneManager.java:setOMNodeDetails(630)) - OM Service ID is not set. Setting it to the default ID: omServiceIdDefault
2019-07-13 16:35:04,014 INFO  om.OzoneManager (OzoneManager.java:setOMNodeDetails(636)) - OM Node ID is not set. Setting it to the OmStorage's OmID: 5d1132fe-cb03-4e3a-9962-176364017ef1
2019-07-13 16:35:04,015 INFO  om.OzoneManager (OzoneManager.java:loadOMHAConfigs(587)) - Found matching OM address with OMServiceId: null, OMNodeId: null, RPC Address: localhost:0 and Ratis port: 9872
2019-07-13 16:35:04,020 WARN  server.ServerUtils (ServerUtils.java:getDBPath(222)) - ozone.om.db.dirs is not configured. We recommend adding this setting. Falling back to ozone.metadata.dirs instead.
2019-07-13 16:35:04,020 INFO  db.DBStoreBuilder (DBStoreBuilder.java:addTable(110)) - using custom profile for table: userTable
2019-07-13 16:35:04,020 INFO  db.DBStoreBuilder (DBStoreBuilder.java:processTables(161)) - Using default column profile:DBProfile.DISK for Table:userTable
2019-07-13 16:35:04,021 INFO  db.DBStoreBuilder (DBStoreBuilder.java:addTable(110)) - using custom profile for table: volumeTable
2019-07-13 16:35:04,021 INFO  db.DBStoreBuilder (DBStoreBuilder.java:processTables(161)) - Using default column profile:DBProfile.DISK for Table:volumeTable
2019-07-13 16:35:04,021 INFO  db.DBStoreBuilder (DBStoreBuilder.java:addTable(110)) - using custom profile for table: bucketTable
2019-07-13 16:35:04,021 INFO  db.DBStoreBuilder (DBStoreBuilder.java:processTables(161)) - Using default column profile:DBProfile.DISK for Table:bucketTable
2019-07-13 16:35:04,021 INFO  db.DBStoreBuilder (DBStoreBuilder.java:addTable(110)) - using custom profile for table: keyTable
2019-07-13 16:35:04,022 INFO  db.DBStoreBuilder (DBStoreBuilder.java:processTables(161)) - Using default column profile:DBProfile.DISK for Table:keyTable
2019-07-13 16:35:04,022 INFO  db.DBStoreBuilder (DBStoreBuilder.java:addTable(110)) - using custom profile for table: deletedTable
2019-07-13 16:35:04,022 INFO  db.DBStoreBuilder (DBStoreBuilder.java:processTables(161)) - Using default column profile:DBProfile.DISK for Table:deletedTable
2019-07-13 16:35:04,022 INFO  db.DBStoreBuilder (DBStoreBuilder.java:addTable(110)) - using custom profile for table: openKeyTable
2019-07-13 16:35:04,022 INFO  db.DBStoreBuilder (DBStoreBuilder.java:processTables(161)) - Using default column profile:DBProfile.DISK for Table:openKeyTable
2019-07-13 16:35:04,023 INFO  db.DBStoreBuilder (DBStoreBuilder.java:addTable(110)) - using custom profile for table: s3Table
2019-07-13 16:35:04,023 INFO  db.DBStoreBuilder (DBStoreBuilder.java:processTables(161)) - Using default column profile:DBProfile.DISK for Table:s3Table
2019-07-13 16:35:04,023 INFO  db.DBStoreBuilder (DBStoreBuilder.java:addTable(110)) - using custom profile for table: multipartInfoTable
2019-07-13 16:35:04,023 INFO  db.DBStoreBuilder (DBStoreBuilder.java:processTables(161)) - Using default column profile:DBProfile.DISK for Table:multipartInfoTable
2019-07-13 16:35:04,023 INFO  db.DBStoreBuilder (DBStoreBuilder.java:addTable(110)) - using custom profile for table: dTokenTable
2019-07-13 16:35:04,024 INFO  db.DBStoreBuilder (DBStoreBuilder.java:processTables(161)) - Using default column profile:DBProfile.DISK for Table:dTokenTable
2019-07-13 16:35:04,024 INFO  db.DBStoreBuilder (DBStoreBuilder.java:addTable(110)) - using custom profile for table: s3SecretTable
2019-07-13 16:35:04,024 INFO  db.DBStoreBuilder (DBStoreBuilder.java:processTables(161)) - Using default column profile:DBProfile.DISK for Table:s3SecretTable
2019-07-13 16:35:04,024 INFO  db.DBStoreBuilder (DBStoreBuilder.java:addTable(110)) - using custom profile for table: prefixTable
2019-07-13 16:35:04,024 INFO  db.DBStoreBuilder (DBStoreBuilder.java:processTables(161)) - Using default column profile:DBProfile.DISK for Table:prefixTable
2019-07-13 16:35:04,025 INFO  db.DBStoreBuilder (DBStoreBuilder.java:addTable(110)) - using custom profile for table: default
2019-07-13 16:35:04,025 INFO  db.DBStoreBuilder (DBStoreBuilder.java:processTables(167)) - Using default column profile:DBProfile.DISK for Table:default
2019-07-13 16:35:04,025 INFO  db.DBStoreBuilder (DBStoreBuilder.java:getDbProfile(198)) - Using default options. DBProfile.DISK
2019-07-13 16:35:04,369 INFO  ipc.CallQueueManager (CallQueueManager.java:<init>(84)) - Using callQueue: class java.util.concurrent.LinkedBlockingQueue, queueCapacity: 2000, scheduler: class org.apache.hadoop.ipc.DefaultRpcScheduler, ipcBackoff: false.
2019-07-13 16:35:04,370 INFO  ipc.Server (Server.java:run(1074)) - Starting Socket Reader #1 for port 39039
2019-07-13 16:35:04,384 WARN  server.ServerUtils (ServerUtils.java:getDBPath(222)) - ozone.om.db.dirs is not configured. We recommend adding this setting. Falling back to ozone.metadata.dirs instead.
2019-07-13 16:35:04,384 INFO  om.OzoneManager (OzoneManager.java:start(1228)) - OzoneManager RPC server is listening at localhost/127.0.0.1:39039
2019-07-13 16:35:04,384 INFO  impl.MetricsSystemImpl (MetricsSystemImpl.java:init(158)) - OzoneManager metrics system started (again)
2019-07-13 16:35:04,385 INFO  ipc.Server (Server.java:run(1314)) - IPC Server Responder: starting
2019-07-13 16:35:04,385 INFO  ipc.Server (Server.java:run(1153)) - IPC Server listener on 39039: starting
2019-07-13 16:35:04,391 INFO  hdfs.DFSUtil (DFSUtil.java:httpServerTemplateForNNAndJN(1641)) - Starting Web-server for ozoneManager at: http://0.0.0.0:0
2019-07-13 16:35:04,392 INFO  server.AuthenticationFilter (AuthenticationFilter.java:constructSecretProvider(240)) - Unable to initialize FileSignerSecretProvider, falling back to use random secrets.
2019-07-13 16:35:04,393 WARN  http.HttpRequestLog (HttpRequestLog.java:getRequestLog(97)) - Jetty request log can only be enabled using Log4j
2019-07-13 16:35:04,394 INFO  http.HttpServer2 (HttpServer2.java:addGlobalFilter(975)) - Added global filter 'safety' (class=org.apache.hadoop.http.HttpServer2$QuotingInputFilter)
2019-07-13 16:35:04,394 INFO  http.HttpServer2 (HttpServer2.java:addFilter(948)) - Added filter static_user_filter (class=org.apache.hadoop.http.lib.StaticUserWebFilter$StaticUserFilter) to context ozoneManager
2019-07-13 16:35:04,395 INFO  http.HttpServer2 (HttpServer2.java:addFilter(958)) - Added filter static_user_filter (class=org.apache.hadoop.http.lib.StaticUserWebFilter$StaticUserFilter) to context logs
2019-07-13 16:35:04,395 INFO  http.HttpServer2 (HttpServer2.java:addFilter(958)) - Added filter static_user_filter (class=org.apache.hadoop.http.lib.StaticUserWebFilter$StaticUserFilter) to context static
2019-07-13 16:35:04,395 INFO  http.HttpServer2 (HttpServer2.java:bindListener(1191)) - Jetty bound to port 38596
2019-07-13 16:35:04,395 INFO  server.Server (Server.java:doStart(351)) - jetty-9.3.24.v20180605, build timestamp: 2018-06-05T17:11:56Z, git hash: 84205aa28f11a4f31f2a3b86d1bba2cc8ab69827
2019-07-13 16:35:04,397 INFO  handler.ContextHandler (ContextHandler.java:doStart(781)) - Started o.e.j.s.ServletContextHandler@5f662dd{/logs,file:///tmp/workdir/hadoop-ozone/integration-test/target/log,AVAILABLE}
2019-07-13 16:35:04,397 INFO  handler.ContextHandler (ContextHandler.java:doStart(781)) - Started o.e.j.s.ServletContextHandler@760ac834{/static,file:///tmp/workdir/hadoop-ozone/integration-test/target/test-classes/webapps/static,AVAILABLE}
2019-07-13 16:35:04,402 INFO  handler.ContextHandler (ContextHandler.java:doStart(781)) - Started o.e.j.w.WebAppContext@712dd0b0{/,file:///tmp/workdir/hadoop-ozone/integration-test/target/test-classes/webapps/ozoneManager/,AVAILABLE}{/ozoneManager}
2019-07-13 16:35:04,403 INFO  server.AbstractConnector (AbstractConnector.java:doStart(278)) - Started ServerConnector@6b3284{HTTP/1.1,[http/1.1]}{0.0.0.0:38596}
2019-07-13 16:35:04,404 INFO  server.Server (Server.java:doStart(419)) - Started @527881ms
2019-07-13 16:35:04,405 INFO  server.BaseHttpServer (BaseHttpServer.java:updateConnectorAddress(207)) - HTTP server of OZONEMANAGER is listening at http://0.0.0.0:38596
2019-07-13 16:35:04,424 INFO  impl.MetricsSystemImpl (MetricsSystemImpl.java:init(158)) - HddsDatanode metrics system started (again)
2019-07-13 16:35:04,424 INFO  ozone.HddsDatanodeService (HddsDatanodeService.java:start(185)) - HddsDatanodeService host:trunk-nightly-z92hn-1831959607 ip:192.168.5.187
2019-07-13 16:35:04,436 INFO  volume.HddsVolume (HddsVolume.java:<init>(176)) - Creating Volume: /tmp/workdir/hadoop-ozone/integration-test/target/test-dir/MiniOzoneClusterImpl-693975b3-5718-46d1-a40b-7368a7ae1527/datanode-0/data/containers/hdds of  storage type : DISK and capacity : 52710309888
2019-07-13 16:35:04,436 INFO  volume.VolumeSet (VolumeSet.java:initializeVolumeSet(170)) - Added Volume : /tmp/workdir/hadoop-ozone/integration-test/target/test-dir/MiniOzoneClusterImpl-693975b3-5718-46d1-a40b-7368a7ae1527/datanode-0/data/containers/hdds to VolumeSet
2019-07-13 16:35:04,437 INFO  volume.ThrottledAsyncChecker (ThrottledAsyncChecker.java:schedule(140)) - Scheduling a check for org.apache.hadoop.ozone.container.common.volume.HddsVolume@1bd5b1c8
2019-07-13 16:35:04,437 INFO  volume.HddsVolumeChecker (HddsVolumeChecker.java:checkAllVolumes(203)) - Scheduled health check for volume org.apache.hadoop.ozone.container.common.volume.HddsVolume@1bd5b1c8
2019-07-13 16:35:04,456 INFO  impl.RaftServerProxy (ConfUtils.java:logGet(43)) - raft.rpc.type = GRPC (default)
2019-07-13 16:35:04,456 INFO  grpc.GrpcFactory (GrpcFactory.java:checkPooledByteBufAllocatorUseCacheForAllThreads(45)) - PERFORMANCE WARNING: useCacheForAllThreads is true that may cause Netty to create a lot garbage objects and, as a result, trigger GC.
	It is recommended to disable useCacheForAllThreads by setting -Dorg.apache.ratis.thirdparty.io.netty.allocator.useCacheForAllThreads=false in command line.
2019-07-13 16:35:04,456 INFO  grpc.GrpcConfigKeys$Server (ConfUtils.java:logGet(43)) - raft.grpc.server.port = 0 (default)
2019-07-13 16:35:04,457 INFO  server.GrpcService (ConfUtils.java:logGet(43)) - raft.grpc.message.size.max = 33570816 (custom)
2019-07-13 16:35:04,457 INFO  server.RaftServerConfigKeys (ConfUtils.java:logGet(43)) - raft.server.log.appender.buffer.byte-limit = 33554432 (custom)
2019-07-13 16:35:04,457 INFO  server.GrpcService (ConfUtils.java:logGet(43)) - raft.grpc.flow.control.window = 1MB (=1048576) (default)
2019-07-13 16:35:04,457 INFO  server.RaftServerConfigKeys (ConfUtils.java:logGet(43)) - raft.server.rpc.request.timeout = 3000ms (default)
2019-07-13 16:35:04,458 INFO  server.RaftServerConfigKeys (ConfUtils.java:logGet(43)) - raft.server.storage.dir = [/tmp/workdir/hadoop-ozone/integration-test/target/test-dir/MiniOzoneClusterImpl-693975b3-5718-46d1-a40b-7368a7ae1527/datanode-0/data/ratis] (custom)
2019-07-13 16:35:04,459 INFO  replication.SimpleContainerDownloader (SimpleContainerDownloader.java:<init>(72)) - Starting container downloader service to copy containers to replicate.
2019-07-13 16:35:04,460 INFO  hdfs.DFSUtil (DFSUtil.java:httpServerTemplateForNNAndJN(1641)) - Starting Web-server for hddsDatanode at: http://0.0.0.0:0
2019-07-13 16:35:04,461 INFO  server.AuthenticationFilter (AuthenticationFilter.java:constructSecretProvider(240)) - Unable to initialize FileSignerSecretProvider, falling back to use random secrets.
2019-07-13 16:35:04,461 WARN  http.HttpRequestLog (HttpRequestLog.java:getRequestLog(97)) - Jetty request log can only be enabled using Log4j
2019-07-13 16:35:04,463 INFO  http.HttpServer2 (HttpServer2.java:addGlobalFilter(975)) - Added global filter 'safety' (class=org.apache.hadoop.http.HttpServer2$QuotingInputFilter)
2019-07-13 16:35:04,463 INFO  http.HttpServer2 (HttpServer2.java:addFilter(948)) - Added filter static_user_filter (class=org.apache.hadoop.http.lib.StaticUserWebFilter$StaticUserFilter) to context hddsDatanode
2019-07-13 16:35:04,463 INFO  http.HttpServer2 (HttpServer2.java:addFilter(958)) - Added filter static_user_filter (class=org.apache.hadoop.http.lib.StaticUserWebFilter$StaticUserFilter) to context static
2019-07-13 16:35:04,464 INFO  http.HttpServer2 (HttpServer2.java:addFilter(958)) - Added filter static_user_filter (class=org.apache.hadoop.http.lib.StaticUserWebFilter$StaticUserFilter) to context logs
2019-07-13 16:35:04,464 INFO  http.HttpServer2 (HttpServer2.java:bindListener(1191)) - Jetty bound to port 43857
2019-07-13 16:35:04,465 INFO  server.Server (Server.java:doStart(351)) - jetty-9.3.24.v20180605, build timestamp: 2018-06-05T17:11:56Z, git hash: 84205aa28f11a4f31f2a3b86d1bba2cc8ab69827
2019-07-13 16:35:04,467 INFO  handler.ContextHandler (ContextHandler.java:doStart(781)) - Started o.e.j.s.ServletContextHandler@5a183fa6{/logs,file:///tmp/workdir/hadoop-ozone/integration-test/target/log,AVAILABLE}
2019-07-13 16:35:04,467 INFO  handler.ContextHandler (ContextHandler.java:doStart(781)) - Started o.e.j.s.ServletContextHandler@292b7a02{/static,jar:file:/home/user/.m2/repository/org/apache/hadoop/hadoop-hdds-container-service/0.5.0-SNAPSHOT/hadoop-hdds-container-service-0.5.0-SNAPSHOT.jar!/webapps/static,AVAILABLE}
2019-07-13 16:35:04,494 INFO  handler.ContextHandler (ContextHandler.java:doStart(781)) - Started o.e.j.w.WebAppContext@2898c70d{/,file:///tmp/jetty-0.0.0.0-43857-hddsDatanode-_-any-4643877210304319779.dir/webapp/,AVAILABLE}{/hddsDatanode}
2019-07-13 16:35:04,494 INFO  server.AbstractConnector (AbstractConnector.java:doStart(278)) - Started ServerConnector@ec67be1{HTTP/1.1,[http/1.1]}{0.0.0.0:43857}
2019-07-13 16:35:04,495 INFO  server.Server (Server.java:doStart(419)) - Started @527973ms
2019-07-13 16:35:04,496 INFO  server.BaseHttpServer (BaseHttpServer.java:updateConnectorAddress(207)) - HTTP server of HDDSDATANODE is listening at http://0.0.0.0:43857
2019-07-13 16:35:04,604 INFO  ozone.HddsDatanodeService (HddsDatanodeService.java:startPlugins(396)) - Started plug-in org.apache.hadoop.ozone.web.OzoneHddsDatanodeService@58397dd
2019-07-13 16:35:04,604 INFO  impl.MetricsSystemImpl (MetricsSystemImpl.java:init(158)) - HddsDatanode metrics system started (again)
2019-07-13 16:35:04,604 INFO  ozone.HddsDatanodeService (HddsDatanodeService.java:start(185)) - HddsDatanodeService host:trunk-nightly-z92hn-1831959607 ip:192.168.5.187
2019-07-13 16:35:04,605 INFO  util.JvmPauseMonitor (JvmPauseMonitor.java:run(188)) - Starting JVM pause monitor
2019-07-13 16:35:04,607 INFO  datanode.InitDatanodeState (InitDatanodeState.java:persistContainerDatanodeDetails(140)) - DatanodeDetails is persisted to /tmp/workdir/hadoop-ozone/integration-test/target/test-dir/MiniOzoneClusterImpl-693975b3-5718-46d1-a40b-7368a7ae1527/datanode-0/meta/datanode.id
2019-07-13 16:35:04,615 INFO  volume.HddsVolume (HddsVolume.java:<init>(176)) - Creating Volume: /tmp/workdir/hadoop-ozone/integration-test/target/test-dir/MiniOzoneClusterImpl-693975b3-5718-46d1-a40b-7368a7ae1527/datanode-1/data/containers/hdds of  storage type : DISK and capacity : 52710309888
2019-07-13 16:35:04,615 INFO  volume.VolumeSet (VolumeSet.java:initializeVolumeSet(170)) - Added Volume : /tmp/workdir/hadoop-ozone/integration-test/target/test-dir/MiniOzoneClusterImpl-693975b3-5718-46d1-a40b-7368a7ae1527/datanode-1/data/containers/hdds to VolumeSet
2019-07-13 16:35:04,616 INFO  volume.ThrottledAsyncChecker (ThrottledAsyncChecker.java:schedule(140)) - Scheduling a check for org.apache.hadoop.ozone.container.common.volume.HddsVolume@2f53e07d
2019-07-13 16:35:04,616 INFO  volume.HddsVolumeChecker (HddsVolumeChecker.java:checkAllVolumes(203)) - Scheduled health check for volume org.apache.hadoop.ozone.container.common.volume.HddsVolume@2f53e07d
2019-07-13 16:35:04,629 INFO  impl.RaftServerProxy (ConfUtils.java:logGet(43)) - raft.rpc.type = GRPC (default)
2019-07-13 16:35:04,629 INFO  grpc.GrpcFactory (GrpcFactory.java:checkPooledByteBufAllocatorUseCacheForAllThreads(45)) - PERFORMANCE WARNING: useCacheForAllThreads is true that may cause Netty to create a lot garbage objects and, as a result, trigger GC.
	It is recommended to disable useCacheForAllThreads by setting -Dorg.apache.ratis.thirdparty.io.netty.allocator.useCacheForAllThreads=false in command line.
2019-07-13 16:35:04,629 INFO  grpc.GrpcConfigKeys$Server (ConfUtils.java:logGet(43)) - raft.grpc.server.port = 0 (default)
2019-07-13 16:35:04,629 INFO  server.GrpcService (ConfUtils.java:logGet(43)) - raft.grpc.message.size.max = 33570816 (custom)
2019-07-13 16:35:04,629 INFO  server.RaftServerConfigKeys (ConfUtils.java:logGet(43)) - raft.server.log.appender.buffer.byte-limit = 33554432 (custom)
2019-07-13 16:35:04,629 INFO  server.GrpcService (ConfUtils.java:logGet(43)) - raft.grpc.flow.control.window = 1MB (=1048576) (default)
2019-07-13 16:35:04,630 INFO  server.RaftServerConfigKeys (ConfUtils.java:logGet(43)) - raft.server.rpc.request.timeout = 3000ms (default)
2019-07-13 16:35:04,630 INFO  server.RaftServerConfigKeys (ConfUtils.java:logGet(43)) - raft.server.storage.dir = [/tmp/workdir/hadoop-ozone/integration-test/target/test-dir/MiniOzoneClusterImpl-693975b3-5718-46d1-a40b-7368a7ae1527/datanode-1/data/ratis] (custom)
2019-07-13 16:35:04,630 INFO  replication.SimpleContainerDownloader (SimpleContainerDownloader.java:<init>(72)) - Starting container downloader service to copy containers to replicate.
2019-07-13 16:35:04,631 INFO  hdfs.DFSUtil (DFSUtil.java:httpServerTemplateForNNAndJN(1641)) - Starting Web-server for hddsDatanode at: http://0.0.0.0:0
2019-07-13 16:35:04,632 INFO  server.AuthenticationFilter (AuthenticationFilter.java:constructSecretProvider(240)) - Unable to initialize FileSignerSecretProvider, falling back to use random secrets.
2019-07-13 16:35:04,633 WARN  http.HttpRequestLog (HttpRequestLog.java:getRequestLog(97)) - Jetty request log can only be enabled using Log4j
2019-07-13 16:35:04,634 INFO  http.HttpServer2 (HttpServer2.java:addGlobalFilter(975)) - Added global filter 'safety' (class=org.apache.hadoop.http.HttpServer2$QuotingInputFilter)
2019-07-13 16:35:04,634 INFO  http.HttpServer2 (HttpServer2.java:addFilter(948)) - Added filter static_user_filter (class=org.apache.hadoop.http.lib.StaticUserWebFilter$StaticUserFilter) to context hddsDatanode
2019-07-13 16:35:04,634 INFO  http.HttpServer2 (HttpServer2.java:addFilter(958)) - Added filter static_user_filter (class=org.apache.hadoop.http.lib.StaticUserWebFilter$StaticUserFilter) to context static
2019-07-13 16:35:04,634 INFO  http.HttpServer2 (HttpServer2.java:addFilter(958)) - Added filter static_user_filter (class=org.apache.hadoop.http.lib.StaticUserWebFilter$StaticUserFilter) to context logs
2019-07-13 16:35:04,635 INFO  http.HttpServer2 (HttpServer2.java:bindListener(1191)) - Jetty bound to port 45193
2019-07-13 16:35:04,635 INFO  server.Server (Server.java:doStart(351)) - jetty-9.3.24.v20180605, build timestamp: 2018-06-05T17:11:56Z, git hash: 84205aa28f11a4f31f2a3b86d1bba2cc8ab69827
2019-07-13 16:35:04,636 INFO  handler.ContextHandler (ContextHandler.java:doStart(781)) - Started o.e.j.s.ServletContextHandler@5013c6bc{/logs,file:///tmp/workdir/hadoop-ozone/integration-test/target/log,AVAILABLE}
2019-07-13 16:35:04,637 INFO  handler.ContextHandler (ContextHandler.java:doStart(781)) - Started o.e.j.s.ServletContextHandler@741687d4{/static,jar:file:/home/user/.m2/repository/org/apache/hadoop/hadoop-hdds-container-service/0.5.0-SNAPSHOT/hadoop-hdds-container-service-0.5.0-SNAPSHOT.jar!/webapps/static,AVAILABLE}
2019-07-13 16:35:04,663 INFO  handler.ContextHandler (ContextHandler.java:doStart(781)) - Started o.e.j.w.WebAppContext@6a9b8f33{/,file:///tmp/jetty-0.0.0.0-45193-hddsDatanode-_-any-5909988926468820641.dir/webapp/,AVAILABLE}{/hddsDatanode}
2019-07-13 16:35:04,663 INFO  server.AbstractConnector (AbstractConnector.java:doStart(278)) - Started ServerConnector@5ac8916d{HTTP/1.1,[http/1.1]}{0.0.0.0:45193}
2019-07-13 16:35:04,663 INFO  server.Server (Server.java:doStart(419)) - Started @528141ms
2019-07-13 16:35:04,665 INFO  server.BaseHttpServer (BaseHttpServer.java:updateConnectorAddress(207)) - HTTP server of HDDSDATANODE is listening at http://0.0.0.0:45193
2019-07-13 16:35:04,764 INFO  ozone.HddsDatanodeService (HddsDatanodeService.java:startPlugins(396)) - Started plug-in org.apache.hadoop.ozone.web.OzoneHddsDatanodeService@3e9e7a70
2019-07-13 16:35:04,764 INFO  impl.MetricsSystemImpl (MetricsSystemImpl.java:init(158)) - HddsDatanode metrics system started (again)
2019-07-13 16:35:04,764 INFO  ozone.HddsDatanodeService (HddsDatanodeService.java:start(185)) - HddsDatanodeService host:trunk-nightly-z92hn-1831959607 ip:192.168.5.187
2019-07-13 16:35:04,765 INFO  util.JvmPauseMonitor (JvmPauseMonitor.java:run(188)) - Starting JVM pause monitor
2019-07-13 16:35:04,766 INFO  datanode.InitDatanodeState (InitDatanodeState.java:persistContainerDatanodeDetails(140)) - DatanodeDetails is persisted to /tmp/workdir/hadoop-ozone/integration-test/target/test-dir/MiniOzoneClusterImpl-693975b3-5718-46d1-a40b-7368a7ae1527/datanode-1/meta/datanode.id
2019-07-13 16:35:04,775 INFO  volume.HddsVolume (HddsVolume.java:<init>(176)) - Creating Volume: /tmp/workdir/hadoop-ozone/integration-test/target/test-dir/MiniOzoneClusterImpl-693975b3-5718-46d1-a40b-7368a7ae1527/datanode-2/data/containers/hdds of  storage type : DISK and capacity : 52710309888
2019-07-13 16:35:04,775 INFO  volume.VolumeSet (VolumeSet.java:initializeVolumeSet(170)) - Added Volume : /tmp/workdir/hadoop-ozone/integration-test/target/test-dir/MiniOzoneClusterImpl-693975b3-5718-46d1-a40b-7368a7ae1527/datanode-2/data/containers/hdds to VolumeSet
2019-07-13 16:35:04,775 INFO  volume.ThrottledAsyncChecker (ThrottledAsyncChecker.java:schedule(140)) - Scheduling a check for org.apache.hadoop.ozone.container.common.volume.HddsVolume@33602729
2019-07-13 16:35:04,776 INFO  volume.HddsVolumeChecker (HddsVolumeChecker.java:checkAllVolumes(203)) - Scheduled health check for volume org.apache.hadoop.ozone.container.common.volume.HddsVolume@33602729
2019-07-13 16:35:04,788 INFO  impl.RaftServerProxy (ConfUtils.java:logGet(43)) - raft.rpc.type = GRPC (default)
2019-07-13 16:35:04,789 INFO  grpc.GrpcFactory (GrpcFactory.java:checkPooledByteBufAllocatorUseCacheForAllThreads(45)) - PERFORMANCE WARNING: useCacheForAllThreads is true that may cause Netty to create a lot garbage objects and, as a result, trigger GC.
	It is recommended to disable useCacheForAllThreads by setting -Dorg.apache.ratis.thirdparty.io.netty.allocator.useCacheForAllThreads=false in command line.
2019-07-13 16:35:04,789 INFO  grpc.GrpcConfigKeys$Server (ConfUtils.java:logGet(43)) - raft.grpc.server.port = 0 (default)
2019-07-13 16:35:04,789 INFO  server.GrpcService (ConfUtils.java:logGet(43)) - raft.grpc.message.size.max = 33570816 (custom)
2019-07-13 16:35:04,789 INFO  server.RaftServerConfigKeys (ConfUtils.java:logGet(43)) - raft.server.log.appender.buffer.byte-limit = 33554432 (custom)
2019-07-13 16:35:04,789 INFO  server.GrpcService (ConfUtils.java:logGet(43)) - raft.grpc.flow.control.window = 1MB (=1048576) (default)
2019-07-13 16:35:04,789 INFO  server.RaftServerConfigKeys (ConfUtils.java:logGet(43)) - raft.server.rpc.request.timeout = 3000ms (default)
2019-07-13 16:35:04,790 INFO  server.RaftServerConfigKeys (ConfUtils.java:logGet(43)) - raft.server.storage.dir = [/tmp/workdir/hadoop-ozone/integration-test/target/test-dir/MiniOzoneClusterImpl-693975b3-5718-46d1-a40b-7368a7ae1527/datanode-2/data/ratis] (custom)
2019-07-13 16:35:04,790 INFO  replication.SimpleContainerDownloader (SimpleContainerDownloader.java:<init>(72)) - Starting container downloader service to copy containers to replicate.
2019-07-13 16:35:04,791 INFO  hdfs.DFSUtil (DFSUtil.java:httpServerTemplateForNNAndJN(1641)) - Starting Web-server for hddsDatanode at: http://0.0.0.0:0
2019-07-13 16:35:04,792 INFO  server.AuthenticationFilter (AuthenticationFilter.java:constructSecretProvider(240)) - Unable to initialize FileSignerSecretProvider, falling back to use random secrets.
2019-07-13 16:35:04,793 WARN  http.HttpRequestLog (HttpRequestLog.java:getRequestLog(97)) - Jetty request log can only be enabled using Log4j
2019-07-13 16:35:04,794 INFO  http.HttpServer2 (HttpServer2.java:addGlobalFilter(975)) - Added global filter 'safety' (class=org.apache.hadoop.http.HttpServer2$QuotingInputFilter)
2019-07-13 16:35:04,794 INFO  http.HttpServer2 (HttpServer2.java:addFilter(948)) - Added filter static_user_filter (class=org.apache.hadoop.http.lib.StaticUserWebFilter$StaticUserFilter) to context hddsDatanode
2019-07-13 16:35:04,794 INFO  http.HttpServer2 (HttpServer2.java:addFilter(958)) - Added filter static_user_filter (class=org.apache.hadoop.http.lib.StaticUserWebFilter$StaticUserFilter) to context static
2019-07-13 16:35:04,794 INFO  http.HttpServer2 (HttpServer2.java:addFilter(958)) - Added filter static_user_filter (class=org.apache.hadoop.http.lib.StaticUserWebFilter$StaticUserFilter) to context logs
2019-07-13 16:35:04,795 INFO  http.HttpServer2 (HttpServer2.java:bindListener(1191)) - Jetty bound to port 34807
2019-07-13 16:35:04,795 INFO  server.Server (Server.java:doStart(351)) - jetty-9.3.24.v20180605, build timestamp: 2018-06-05T17:11:56Z, git hash: 84205aa28f11a4f31f2a3b86d1bba2cc8ab69827
2019-07-13 16:35:04,796 INFO  handler.ContextHandler (ContextHandler.java:doStart(781)) - Started o.e.j.s.ServletContextHandler@6f404bc6{/logs,file:///tmp/workdir/hadoop-ozone/integration-test/target/log,AVAILABLE}
2019-07-13 16:35:04,797 INFO  handler.ContextHandler (ContextHandler.java:doStart(781)) - Started o.e.j.s.ServletContextHandler@2f46bc25{/static,jar:file:/home/user/.m2/repository/org/apache/hadoop/hadoop-hdds-container-service/0.5.0-SNAPSHOT/hadoop-hdds-container-service-0.5.0-SNAPSHOT.jar!/webapps/static,AVAILABLE}
2019-07-13 16:35:04,823 INFO  handler.ContextHandler (ContextHandler.java:doStart(781)) - Started o.e.j.w.WebAppContext@4d1a763c{/,file:///tmp/jetty-0.0.0.0-34807-hddsDatanode-_-any-5164360606244285240.dir/webapp/,AVAILABLE}{/hddsDatanode}
2019-07-13 16:35:04,823 INFO  server.AbstractConnector (AbstractConnector.java:doStart(278)) - Started ServerConnector@1d5ec2ed{HTTP/1.1,[http/1.1]}{0.0.0.0:34807}
2019-07-13 16:35:04,823 INFO  server.Server (Server.java:doStart(419)) - Started @528300ms
2019-07-13 16:35:04,825 INFO  server.BaseHttpServer (BaseHttpServer.java:updateConnectorAddress(207)) - HTTP server of HDDSDATANODE is listening at http://0.0.0.0:34807
2019-07-13 16:35:04,923 INFO  ozone.HddsDatanodeService (HddsDatanodeService.java:startPlugins(396)) - Started plug-in org.apache.hadoop.ozone.web.OzoneHddsDatanodeService@7b1bb01c
2019-07-13 16:35:04,923 INFO  impl.MetricsSystemImpl (MetricsSystemImpl.java:init(158)) - HddsDatanode metrics system started (again)
2019-07-13 16:35:04,923 INFO  ozone.HddsDatanodeService (HddsDatanodeService.java:start(185)) - HddsDatanodeService host:trunk-nightly-z92hn-1831959607 ip:192.168.5.187
2019-07-13 16:35:04,924 INFO  util.JvmPauseMonitor (JvmPauseMonitor.java:run(188)) - Starting JVM pause monitor
2019-07-13 16:35:04,926 INFO  datanode.InitDatanodeState (InitDatanodeState.java:persistContainerDatanodeDetails(140)) - DatanodeDetails is persisted to /tmp/workdir/hadoop-ozone/integration-test/target/test-dir/MiniOzoneClusterImpl-693975b3-5718-46d1-a40b-7368a7ae1527/datanode-2/meta/datanode.id
2019-07-13 16:35:04,935 INFO  volume.HddsVolume (HddsVolume.java:<init>(176)) - Creating Volume: /tmp/workdir/hadoop-ozone/integration-test/target/test-dir/MiniOzoneClusterImpl-693975b3-5718-46d1-a40b-7368a7ae1527/datanode-3/data/containers/hdds of  storage type : DISK and capacity : 52710309888
2019-07-13 16:35:04,935 INFO  volume.VolumeSet (VolumeSet.java:initializeVolumeSet(170)) - Added Volume : /tmp/workdir/hadoop-ozone/integration-test/target/test-dir/MiniOzoneClusterImpl-693975b3-5718-46d1-a40b-7368a7ae1527/datanode-3/data/containers/hdds to VolumeSet
2019-07-13 16:35:04,935 INFO  volume.ThrottledAsyncChecker (ThrottledAsyncChecker.java:schedule(140)) - Scheduling a check for org.apache.hadoop.ozone.container.common.volume.HddsVolume@5cc28282
2019-07-13 16:35:04,935 INFO  volume.HddsVolumeChecker (HddsVolumeChecker.java:checkAllVolumes(203)) - Scheduled health check for volume org.apache.hadoop.ozone.container.common.volume.HddsVolume@5cc28282
2019-07-13 16:35:04,948 INFO  impl.RaftServerProxy (ConfUtils.java:logGet(43)) - raft.rpc.type = GRPC (default)
2019-07-13 16:35:04,949 INFO  grpc.GrpcFactory (GrpcFactory.java:checkPooledByteBufAllocatorUseCacheForAllThreads(45)) - PERFORMANCE WARNING: useCacheForAllThreads is true that may cause Netty to create a lot garbage objects and, as a result, trigger GC.
	It is recommended to disable useCacheForAllThreads by setting -Dorg.apache.ratis.thirdparty.io.netty.allocator.useCacheForAllThreads=false in command line.
2019-07-13 16:35:04,949 INFO  grpc.GrpcConfigKeys$Server (ConfUtils.java:logGet(43)) - raft.grpc.server.port = 0 (default)
2019-07-13 16:35:04,949 INFO  server.GrpcService (ConfUtils.java:logGet(43)) - raft.grpc.message.size.max = 33570816 (custom)
2019-07-13 16:35:04,949 INFO  server.RaftServerConfigKeys (ConfUtils.java:logGet(43)) - raft.server.log.appender.buffer.byte-limit = 33554432 (custom)
2019-07-13 16:35:04,949 INFO  server.GrpcService (ConfUtils.java:logGet(43)) - raft.grpc.flow.control.window = 1MB (=1048576) (default)
2019-07-13 16:35:04,949 INFO  server.RaftServerConfigKeys (ConfUtils.java:logGet(43)) - raft.server.rpc.request.timeout = 3000ms (default)
2019-07-13 16:35:04,950 INFO  server.RaftServerConfigKeys (ConfUtils.java:logGet(43)) - raft.server.storage.dir = [/tmp/workdir/hadoop-ozone/integration-test/target/test-dir/MiniOzoneClusterImpl-693975b3-5718-46d1-a40b-7368a7ae1527/datanode-3/data/ratis] (custom)
2019-07-13 16:35:04,950 INFO  replication.SimpleContainerDownloader (SimpleContainerDownloader.java:<init>(72)) - Starting container downloader service to copy containers to replicate.
2019-07-13 16:35:04,951 INFO  hdfs.DFSUtil (DFSUtil.java:httpServerTemplateForNNAndJN(1641)) - Starting Web-server for hddsDatanode at: http://0.0.0.0:0
2019-07-13 16:35:04,952 INFO  server.AuthenticationFilter (AuthenticationFilter.java:constructSecretProvider(240)) - Unable to initialize FileSignerSecretProvider, falling back to use random secrets.
2019-07-13 16:35:04,953 WARN  http.HttpRequestLog (HttpRequestLog.java:getRequestLog(97)) - Jetty request log can only be enabled using Log4j
2019-07-13 16:35:04,954 INFO  http.HttpServer2 (HttpServer2.java:addGlobalFilter(975)) - Added global filter 'safety' (class=org.apache.hadoop.http.HttpServer2$QuotingInputFilter)
2019-07-13 16:35:04,954 INFO  http.HttpServer2 (HttpServer2.java:addFilter(948)) - Added filter static_user_filter (class=org.apache.hadoop.http.lib.StaticUserWebFilter$StaticUserFilter) to context hddsDatanode
2019-07-13 16:35:04,954 INFO  http.HttpServer2 (HttpServer2.java:addFilter(958)) - Added filter static_user_filter (class=org.apache.hadoop.http.lib.StaticUserWebFilter$StaticUserFilter) to context static
2019-07-13 16:35:04,954 INFO  http.HttpServer2 (HttpServer2.java:addFilter(958)) - Added filter static_user_filter (class=org.apache.hadoop.http.lib.StaticUserWebFilter$StaticUserFilter) to context logs
2019-07-13 16:35:04,955 INFO  http.HttpServer2 (HttpServer2.java:bindListener(1191)) - Jetty bound to port 37474
2019-07-13 16:35:04,955 INFO  server.Server (Server.java:doStart(351)) - jetty-9.3.24.v20180605, build timestamp: 2018-06-05T17:11:56Z, git hash: 84205aa28f11a4f31f2a3b86d1bba2cc8ab69827
2019-07-13 16:35:04,956 INFO  handler.ContextHandler (ContextHandler.java:doStart(781)) - Started o.e.j.s.ServletContextHandler@52b2c255{/logs,file:///tmp/workdir/hadoop-ozone/integration-test/target/log,AVAILABLE}
2019-07-13 16:35:04,957 INFO  handler.ContextHandler (ContextHandler.java:doStart(781)) - Started o.e.j.s.ServletContextHandler@18f8c76d{/static,jar:file:/home/user/.m2/repository/org/apache/hadoop/hadoop-hdds-container-service/0.5.0-SNAPSHOT/hadoop-hdds-container-service-0.5.0-SNAPSHOT.jar!/webapps/static,AVAILABLE}
2019-07-13 16:35:04,982 INFO  handler.ContextHandler (ContextHandler.java:doStart(781)) - Started o.e.j.w.WebAppContext@9214725{/,file:///tmp/jetty-0.0.0.0-37474-hddsDatanode-_-any-7129791017227811665.dir/webapp/,AVAILABLE}{/hddsDatanode}
2019-07-13 16:35:04,983 INFO  server.AbstractConnector (AbstractConnector.java:doStart(278)) - Started ServerConnector@289d9f0d{HTTP/1.1,[http/1.1]}{0.0.0.0:37474}
2019-07-13 16:35:04,983 INFO  server.Server (Server.java:doStart(419)) - Started @528460ms
2019-07-13 16:35:04,985 INFO  server.BaseHttpServer (BaseHttpServer.java:updateConnectorAddress(207)) - HTTP server of HDDSDATANODE is listening at http://0.0.0.0:37474
2019-07-13 16:35:05,082 INFO  ozone.HddsDatanodeService (HddsDatanodeService.java:startPlugins(396)) - Started plug-in org.apache.hadoop.ozone.web.OzoneHddsDatanodeService@3b09582d
2019-07-13 16:35:05,083 INFO  impl.MetricsSystemImpl (MetricsSystemImpl.java:init(158)) - HddsDatanode metrics system started (again)
2019-07-13 16:35:05,083 INFO  ozone.HddsDatanodeService (HddsDatanodeService.java:start(185)) - HddsDatanodeService host:trunk-nightly-z92hn-1831959607 ip:192.168.5.187
2019-07-13 16:35:05,084 INFO  util.JvmPauseMonitor (JvmPauseMonitor.java:run(188)) - Starting JVM pause monitor
2019-07-13 16:35:05,085 INFO  datanode.InitDatanodeState (InitDatanodeState.java:persistContainerDatanodeDetails(140)) - DatanodeDetails is persisted to /tmp/workdir/hadoop-ozone/integration-test/target/test-dir/MiniOzoneClusterImpl-693975b3-5718-46d1-a40b-7368a7ae1527/datanode-3/meta/datanode.id
2019-07-13 16:35:05,094 INFO  volume.HddsVolume (HddsVolume.java:<init>(176)) - Creating Volume: /tmp/workdir/hadoop-ozone/integration-test/target/test-dir/MiniOzoneClusterImpl-693975b3-5718-46d1-a40b-7368a7ae1527/datanode-4/data/containers/hdds of  storage type : DISK and capacity : 52710309888
2019-07-13 16:35:05,094 INFO  volume.VolumeSet (VolumeSet.java:initializeVolumeSet(170)) - Added Volume : /tmp/workdir/hadoop-ozone/integration-test/target/test-dir/MiniOzoneClusterImpl-693975b3-5718-46d1-a40b-7368a7ae1527/datanode-4/data/containers/hdds to VolumeSet
2019-07-13 16:35:05,095 INFO  volume.ThrottledAsyncChecker (ThrottledAsyncChecker.java:schedule(140)) - Scheduling a check for org.apache.hadoop.ozone.container.common.volume.HddsVolume@2d6abfc7
2019-07-13 16:35:05,095 INFO  volume.HddsVolumeChecker (HddsVolumeChecker.java:checkAllVolumes(203)) - Scheduled health check for volume org.apache.hadoop.ozone.container.common.volume.HddsVolume@2d6abfc7
2019-07-13 16:35:05,108 INFO  impl.RaftServerProxy (ConfUtils.java:logGet(43)) - raft.rpc.type = GRPC (default)
2019-07-13 16:35:05,108 INFO  grpc.GrpcFactory (GrpcFactory.java:checkPooledByteBufAllocatorUseCacheForAllThreads(45)) - PERFORMANCE WARNING: useCacheForAllThreads is true that may cause Netty to create a lot garbage objects and, as a result, trigger GC.
	It is recommended to disable useCacheForAllThreads by setting -Dorg.apache.ratis.thirdparty.io.netty.allocator.useCacheForAllThreads=false in command line.
2019-07-13 16:35:05,109 INFO  grpc.GrpcConfigKeys$Server (ConfUtils.java:logGet(43)) - raft.grpc.server.port = 0 (default)
2019-07-13 16:35:05,109 INFO  server.GrpcService (ConfUtils.java:logGet(43)) - raft.grpc.message.size.max = 33570816 (custom)
2019-07-13 16:35:05,109 INFO  server.RaftServerConfigKeys (ConfUtils.java:logGet(43)) - raft.server.log.appender.buffer.byte-limit = 33554432 (custom)
2019-07-13 16:35:05,109 INFO  server.GrpcService (ConfUtils.java:logGet(43)) - raft.grpc.flow.control.window = 1MB (=1048576) (default)
2019-07-13 16:35:05,109 INFO  server.RaftServerConfigKeys (ConfUtils.java:logGet(43)) - raft.server.rpc.request.timeout = 3000ms (default)
2019-07-13 16:35:05,110 INFO  server.RaftServerConfigKeys (ConfUtils.java:logGet(43)) - raft.server.storage.dir = [/tmp/workdir/hadoop-ozone/integration-test/target/test-dir/MiniOzoneClusterImpl-693975b3-5718-46d1-a40b-7368a7ae1527/datanode-4/data/ratis] (custom)
2019-07-13 16:35:05,110 INFO  replication.SimpleContainerDownloader (SimpleContainerDownloader.java:<init>(72)) - Starting container downloader service to copy containers to replicate.
2019-07-13 16:35:05,111 INFO  hdfs.DFSUtil (DFSUtil.java:httpServerTemplateForNNAndJN(1641)) - Starting Web-server for hddsDatanode at: http://0.0.0.0:0
2019-07-13 16:35:05,112 INFO  server.AuthenticationFilter (AuthenticationFilter.java:constructSecretProvider(240)) - Unable to initialize FileSignerSecretProvider, falling back to use random secrets.
2019-07-13 16:35:05,112 WARN  http.HttpRequestLog (HttpRequestLog.java:getRequestLog(97)) - Jetty request log can only be enabled using Log4j
2019-07-13 16:35:05,113 INFO  http.HttpServer2 (HttpServer2.java:addGlobalFilter(975)) - Added global filter 'safety' (class=org.apache.hadoop.http.HttpServer2$QuotingInputFilter)
2019-07-13 16:35:05,114 INFO  http.HttpServer2 (HttpServer2.java:addFilter(948)) - Added filter static_user_filter (class=org.apache.hadoop.http.lib.StaticUserWebFilter$StaticUserFilter) to context hddsDatanode
2019-07-13 16:35:05,114 INFO  http.HttpServer2 (HttpServer2.java:addFilter(958)) - Added filter static_user_filter (class=org.apache.hadoop.http.lib.StaticUserWebFilter$StaticUserFilter) to context static
2019-07-13 16:35:05,114 INFO  http.HttpServer2 (HttpServer2.java:addFilter(958)) - Added filter static_user_filter (class=org.apache.hadoop.http.lib.StaticUserWebFilter$StaticUserFilter) to context logs
2019-07-13 16:35:05,115 INFO  http.HttpServer2 (HttpServer2.java:bindListener(1191)) - Jetty bound to port 34158
2019-07-13 16:35:05,115 INFO  server.Server (Server.java:doStart(351)) - jetty-9.3.24.v20180605, build timestamp: 2018-06-05T17:11:56Z, git hash: 84205aa28f11a4f31f2a3b86d1bba2cc8ab69827
2019-07-13 16:35:05,116 INFO  handler.ContextHandler (ContextHandler.java:doStart(781)) - Started o.e.j.s.ServletContextHandler@741f8cf{/logs,file:///tmp/workdir/hadoop-ozone/integration-test/target/log,AVAILABLE}
2019-07-13 16:35:05,116 INFO  handler.ContextHandler (ContextHandler.java:doStart(781)) - Started o.e.j.s.ServletContextHandler@1df8ea34{/static,jar:file:/home/user/.m2/repository/org/apache/hadoop/hadoop-hdds-container-service/0.5.0-SNAPSHOT/hadoop-hdds-container-service-0.5.0-SNAPSHOT.jar!/webapps/static,AVAILABLE}
2019-07-13 16:35:05,142 INFO  handler.ContextHandler (ContextHandler.java:doStart(781)) - Started o.e.j.w.WebAppContext@2b26d289{/,file:///tmp/jetty-0.0.0.0-34158-hddsDatanode-_-any-142958968022954892.dir/webapp/,AVAILABLE}{/hddsDatanode}
2019-07-13 16:35:05,143 INFO  server.AbstractConnector (AbstractConnector.java:doStart(278)) - Started ServerConnector@7f680a9a{HTTP/1.1,[http/1.1]}{0.0.0.0:34158}
2019-07-13 16:35:05,143 INFO  server.Server (Server.java:doStart(419)) - Started @528620ms
2019-07-13 16:35:05,145 INFO  server.BaseHttpServer (BaseHttpServer.java:updateConnectorAddress(207)) - HTTP server of HDDSDATANODE is listening at http://0.0.0.0:34158
2019-07-13 16:35:05,395 INFO  ozone.HddsDatanodeService (HddsDatanodeService.java:startPlugins(396)) - Started plug-in org.apache.hadoop.ozone.web.OzoneHddsDatanodeService@2199e1a4
2019-07-13 16:35:05,396 INFO  impl.MetricsSystemImpl (MetricsSystemImpl.java:init(158)) - HddsDatanode metrics system started (again)
2019-07-13 16:35:05,396 INFO  ozone.HddsDatanodeService (HddsDatanodeService.java:start(185)) - HddsDatanodeService host:trunk-nightly-z92hn-1831959607 ip:192.168.5.187
2019-07-13 16:35:05,397 INFO  util.JvmPauseMonitor (JvmPauseMonitor.java:run(188)) - Starting JVM pause monitor
2019-07-13 16:35:05,399 INFO  datanode.InitDatanodeState (InitDatanodeState.java:persistContainerDatanodeDetails(140)) - DatanodeDetails is persisted to /tmp/workdir/hadoop-ozone/integration-test/target/test-dir/MiniOzoneClusterImpl-693975b3-5718-46d1-a40b-7368a7ae1527/datanode-4/meta/datanode.id
2019-07-13 16:35:05,408 INFO  volume.HddsVolume (HddsVolume.java:<init>(176)) - Creating Volume: /tmp/workdir/hadoop-ozone/integration-test/target/test-dir/MiniOzoneClusterImpl-693975b3-5718-46d1-a40b-7368a7ae1527/datanode-5/data/containers/hdds of  storage type : DISK and capacity : 52710309888
2019-07-13 16:35:05,408 INFO  volume.VolumeSet (VolumeSet.java:initializeVolumeSet(170)) - Added Volume : /tmp/workdir/hadoop-ozone/integration-test/target/test-dir/MiniOzoneClusterImpl-693975b3-5718-46d1-a40b-7368a7ae1527/datanode-5/data/containers/hdds to VolumeSet
2019-07-13 16:35:05,408 INFO  volume.ThrottledAsyncChecker (ThrottledAsyncChecker.java:schedule(140)) - Scheduling a check for org.apache.hadoop.ozone.container.common.volume.HddsVolume@428440f2
2019-07-13 16:35:05,409 INFO  volume.HddsVolumeChecker (HddsVolumeChecker.java:checkAllVolumes(203)) - Scheduled health check for volume org.apache.hadoop.ozone.container.common.volume.HddsVolume@428440f2
2019-07-13 16:35:05,427 INFO  impl.RaftServerProxy (ConfUtils.java:logGet(43)) - raft.rpc.type = GRPC (default)
2019-07-13 16:35:05,427 INFO  grpc.GrpcFactory (GrpcFactory.java:checkPooledByteBufAllocatorUseCacheForAllThreads(45)) - PERFORMANCE WARNING: useCacheForAllThreads is true that may cause Netty to create a lot garbage objects and, as a result, trigger GC.
	It is recommended to disable useCacheForAllThreads by setting -Dorg.apache.ratis.thirdparty.io.netty.allocator.useCacheForAllThreads=false in command line.
2019-07-13 16:35:05,427 INFO  grpc.GrpcConfigKeys$Server (ConfUtils.java:logGet(43)) - raft.grpc.server.port = 0 (default)
2019-07-13 16:35:05,427 INFO  server.GrpcService (ConfUtils.java:logGet(43)) - raft.grpc.message.size.max = 33570816 (custom)
2019-07-13 16:35:05,428 INFO  server.RaftServerConfigKeys (ConfUtils.java:logGet(43)) - raft.server.log.appender.buffer.byte-limit = 33554432 (custom)
2019-07-13 16:35:05,428 INFO  server.GrpcService (ConfUtils.java:logGet(43)) - raft.grpc.flow.control.window = 1MB (=1048576) (default)
2019-07-13 16:35:05,428 INFO  server.RaftServerConfigKeys (ConfUtils.java:logGet(43)) - raft.server.rpc.request.timeout = 3000ms (default)
2019-07-13 16:35:05,429 INFO  server.RaftServerConfigKeys (ConfUtils.java:logGet(43)) - raft.server.storage.dir = [/tmp/workdir/hadoop-ozone/integration-test/target/test-dir/MiniOzoneClusterImpl-693975b3-5718-46d1-a40b-7368a7ae1527/datanode-5/data/ratis] (custom)
2019-07-13 16:35:05,429 INFO  replication.SimpleContainerDownloader (SimpleContainerDownloader.java:<init>(72)) - Starting container downloader service to copy containers to replicate.
2019-07-13 16:35:05,430 INFO  hdfs.DFSUtil (DFSUtil.java:httpServerTemplateForNNAndJN(1641)) - Starting Web-server for hddsDatanode at: http://0.0.0.0:0
2019-07-13 16:35:05,432 INFO  server.AuthenticationFilter (AuthenticationFilter.java:constructSecretProvider(240)) - Unable to initialize FileSignerSecretProvider, falling back to use random secrets.
2019-07-13 16:35:05,433 WARN  http.HttpRequestLog (HttpRequestLog.java:getRequestLog(97)) - Jetty request log can only be enabled using Log4j
2019-07-13 16:35:05,435 INFO  http.HttpServer2 (HttpServer2.java:addGlobalFilter(975)) - Added global filter 'safety' (class=org.apache.hadoop.http.HttpServer2$QuotingInputFilter)
2019-07-13 16:35:05,435 INFO  http.HttpServer2 (HttpServer2.java:addFilter(948)) - Added filter static_user_filter (class=org.apache.hadoop.http.lib.StaticUserWebFilter$StaticUserFilter) to context hddsDatanode
2019-07-13 16:35:05,436 INFO  http.HttpServer2 (HttpServer2.java:addFilter(958)) - Added filter static_user_filter (class=org.apache.hadoop.http.lib.StaticUserWebFilter$StaticUserFilter) to context logs
2019-07-13 16:35:05,436 INFO  http.HttpServer2 (HttpServer2.java:addFilter(958)) - Added filter static_user_filter (class=org.apache.hadoop.http.lib.StaticUserWebFilter$StaticUserFilter) to context static
2019-07-13 16:35:05,437 INFO  http.HttpServer2 (HttpServer2.java:bindListener(1191)) - Jetty bound to port 46257
2019-07-13 16:35:05,437 INFO  server.Server (Server.java:doStart(351)) - jetty-9.3.24.v20180605, build timestamp: 2018-06-05T17:11:56Z, git hash: 84205aa28f11a4f31f2a3b86d1bba2cc8ab69827
2019-07-13 16:35:05,439 INFO  handler.ContextHandler (ContextHandler.java:doStart(781)) - Started o.e.j.s.ServletContextHandler@7a9e44ff{/logs,file:///tmp/workdir/hadoop-ozone/integration-test/target/log,AVAILABLE}
2019-07-13 16:35:05,440 INFO  handler.ContextHandler (ContextHandler.java:doStart(781)) - Started o.e.j.s.ServletContextHandler@13a35d3b{/static,jar:file:/home/user/.m2/repository/org/apache/hadoop/hadoop-hdds-container-service/0.5.0-SNAPSHOT/hadoop-hdds-container-service-0.5.0-SNAPSHOT.jar!/webapps/static,AVAILABLE}
2019-07-13 16:35:05,483 INFO  handler.ContextHandler (ContextHandler.java:doStart(781)) - Started o.e.j.w.WebAppContext@4ce9985f{/,file:///tmp/jetty-0.0.0.0-46257-hddsDatanode-_-any-4142759285702158786.dir/webapp/,AVAILABLE}{/hddsDatanode}
2019-07-13 16:35:05,483 INFO  server.AbstractConnector (AbstractConnector.java:doStart(278)) - Started ServerConnector@4283f29b{HTTP/1.1,[http/1.1]}{0.0.0.0:46257}
2019-07-13 16:35:05,485 INFO  server.Server (Server.java:doStart(419)) - Started @528962ms
2019-07-13 16:35:05,486 INFO  server.BaseHttpServer (BaseHttpServer.java:updateConnectorAddress(207)) - HTTP server of HDDSDATANODE is listening at http://0.0.0.0:46257
2019-07-13 16:35:05,596 INFO  ozone.HddsDatanodeService (HddsDatanodeService.java:startPlugins(396)) - Started plug-in org.apache.hadoop.ozone.web.OzoneHddsDatanodeService@6237927a
2019-07-13 16:35:05,596 INFO  impl.MetricsSystemImpl (MetricsSystemImpl.java:init(158)) - HddsDatanode metrics system started (again)
2019-07-13 16:35:05,596 INFO  ozone.HddsDatanodeService (HddsDatanodeService.java:start(185)) - HddsDatanodeService host:trunk-nightly-z92hn-1831959607 ip:192.168.5.187
2019-07-13 16:35:05,597 INFO  util.JvmPauseMonitor (JvmPauseMonitor.java:run(188)) - Starting JVM pause monitor
2019-07-13 16:35:05,599 INFO  datanode.InitDatanodeState (InitDatanodeState.java:persistContainerDatanodeDetails(140)) - DatanodeDetails is persisted to /tmp/workdir/hadoop-ozone/integration-test/target/test-dir/MiniOzoneClusterImpl-693975b3-5718-46d1-a40b-7368a7ae1527/datanode-5/meta/datanode.id
2019-07-13 16:35:05,607 INFO  volume.HddsVolume (HddsVolume.java:<init>(176)) - Creating Volume: /tmp/workdir/hadoop-ozone/integration-test/target/test-dir/MiniOzoneClusterImpl-693975b3-5718-46d1-a40b-7368a7ae1527/datanode-6/data/containers/hdds of  storage type : DISK and capacity : 52710309888
2019-07-13 16:35:05,608 INFO  volume.VolumeSet (VolumeSet.java:initializeVolumeSet(170)) - Added Volume : /tmp/workdir/hadoop-ozone/integration-test/target/test-dir/MiniOzoneClusterImpl-693975b3-5718-46d1-a40b-7368a7ae1527/datanode-6/data/containers/hdds to VolumeSet
2019-07-13 16:35:05,608 INFO  volume.ThrottledAsyncChecker (ThrottledAsyncChecker.java:schedule(140)) - Scheduling a check for org.apache.hadoop.ozone.container.common.volume.HddsVolume@6b862f17
2019-07-13 16:35:05,608 INFO  volume.HddsVolumeChecker (HddsVolumeChecker.java:checkAllVolumes(203)) - Scheduled health check for volume org.apache.hadoop.ozone.container.common.volume.HddsVolume@6b862f17
2019-07-13 16:35:05,627 INFO  impl.RaftServerProxy (ConfUtils.java:logGet(43)) - raft.rpc.type = GRPC (default)
2019-07-13 16:35:05,628 INFO  grpc.GrpcFactory (GrpcFactory.java:checkPooledByteBufAllocatorUseCacheForAllThreads(45)) - PERFORMANCE WARNING: useCacheForAllThreads is true that may cause Netty to create a lot garbage objects and, as a result, trigger GC.
	It is recommended to disable useCacheForAllThreads by setting -Dorg.apache.ratis.thirdparty.io.netty.allocator.useCacheForAllThreads=false in command line.
2019-07-13 16:35:05,628 INFO  grpc.GrpcConfigKeys$Server (ConfUtils.java:logGet(43)) - raft.grpc.server.port = 0 (default)
2019-07-13 16:35:05,628 INFO  server.GrpcService (ConfUtils.java:logGet(43)) - raft.grpc.message.size.max = 33570816 (custom)
2019-07-13 16:35:05,628 INFO  server.RaftServerConfigKeys (ConfUtils.java:logGet(43)) - raft.server.log.appender.buffer.byte-limit = 33554432 (custom)
2019-07-13 16:35:05,628 INFO  server.GrpcService (ConfUtils.java:logGet(43)) - raft.grpc.flow.control.window = 1MB (=1048576) (default)
2019-07-13 16:35:05,629 INFO  server.RaftServerConfigKeys (ConfUtils.java:logGet(43)) - raft.server.rpc.request.timeout = 3000ms (default)
2019-07-13 16:35:05,629 INFO  server.RaftServerConfigKeys (ConfUtils.java:logGet(43)) - raft.server.storage.dir = [/tmp/workdir/hadoop-ozone/integration-test/target/test-dir/MiniOzoneClusterImpl-693975b3-5718-46d1-a40b-7368a7ae1527/datanode-6/data/ratis] (custom)
2019-07-13 16:35:05,629 INFO  replication.SimpleContainerDownloader (SimpleContainerDownloader.java:<init>(72)) - Starting container downloader service to copy containers to replicate.
2019-07-13 16:35:05,630 INFO  hdfs.DFSUtil (DFSUtil.java:httpServerTemplateForNNAndJN(1641)) - Starting Web-server for hddsDatanode at: http://0.0.0.0:0
2019-07-13 16:35:05,632 INFO  server.AuthenticationFilter (AuthenticationFilter.java:constructSecretProvider(240)) - Unable to initialize FileSignerSecretProvider, falling back to use random secrets.
2019-07-13 16:35:05,632 WARN  http.HttpRequestLog (HttpRequestLog.java:getRequestLog(97)) - Jetty request log can only be enabled using Log4j
2019-07-13 16:35:05,633 INFO  http.HttpServer2 (HttpServer2.java:addGlobalFilter(975)) - Added global filter 'safety' (class=org.apache.hadoop.http.HttpServer2$QuotingInputFilter)
2019-07-13 16:35:05,634 INFO  http.HttpServer2 (HttpServer2.java:addFilter(948)) - Added filter static_user_filter (class=org.apache.hadoop.http.lib.StaticUserWebFilter$StaticUserFilter) to context hddsDatanode
2019-07-13 16:35:05,634 INFO  http.HttpServer2 (HttpServer2.java:addFilter(958)) - Added filter static_user_filter (class=org.apache.hadoop.http.lib.StaticUserWebFilter$StaticUserFilter) to context logs
2019-07-13 16:35:05,634 INFO  http.HttpServer2 (HttpServer2.java:addFilter(958)) - Added filter static_user_filter (class=org.apache.hadoop.http.lib.StaticUserWebFilter$StaticUserFilter) to context static
2019-07-13 16:35:05,634 INFO  http.HttpServer2 (HttpServer2.java:bindListener(1191)) - Jetty bound to port 40387
2019-07-13 16:35:05,635 INFO  server.Server (Server.java:doStart(351)) - jetty-9.3.24.v20180605, build timestamp: 2018-06-05T17:11:56Z, git hash: 84205aa28f11a4f31f2a3b86d1bba2cc8ab69827
2019-07-13 16:35:05,636 INFO  handler.ContextHandler (ContextHandler.java:doStart(781)) - Started o.e.j.s.ServletContextHandler@4a29520e{/logs,file:///tmp/workdir/hadoop-ozone/integration-test/target/log,AVAILABLE}
2019-07-13 16:35:05,636 INFO  handler.ContextHandler (ContextHandler.java:doStart(781)) - Started o.e.j.s.ServletContextHandler@3a9a12a1{/static,jar:file:/home/user/.m2/repository/org/apache/hadoop/hadoop-hdds-container-service/0.5.0-SNAPSHOT/hadoop-hdds-container-service-0.5.0-SNAPSHOT.jar!/webapps/static,AVAILABLE}
2019-07-13 16:35:05,662 INFO  handler.ContextHandler (ContextHandler.java:doStart(781)) - Started o.e.j.w.WebAppContext@58052571{/,file:///tmp/jetty-0.0.0.0-40387-hddsDatanode-_-any-1338463784026295609.dir/webapp/,AVAILABLE}{/hddsDatanode}
2019-07-13 16:35:05,662 INFO  server.AbstractConnector (AbstractConnector.java:doStart(278)) - Started ServerConnector@1464a177{HTTP/1.1,[http/1.1]}{0.0.0.0:40387}
2019-07-13 16:35:05,663 INFO  server.Server (Server.java:doStart(419)) - Started @529140ms
2019-07-13 16:35:05,670 INFO  server.BaseHttpServer (BaseHttpServer.java:updateConnectorAddress(207)) - HTTP server of HDDSDATANODE is listening at http://0.0.0.0:40387
2019-07-13 16:35:05,767 INFO  ozone.HddsDatanodeService (HddsDatanodeService.java:startPlugins(396)) - Started plug-in org.apache.hadoop.ozone.web.OzoneHddsDatanodeService@26e588b7
2019-07-13 16:35:05,768 INFO  ozone.MiniOzoneClusterImpl (MiniOzoneClusterImpl.java:lambda$waitForClusterToBeReady$0(142)) - Waiting for cluster to be ready. Got 0 of 7 DN Heartbeats.
2019-07-13 16:35:05,769 INFO  util.JvmPauseMonitor (JvmPauseMonitor.java:run(188)) - Starting JVM pause monitor
2019-07-13 16:35:05,770 INFO  datanode.InitDatanodeState (InitDatanodeState.java:persistContainerDatanodeDetails(140)) - DatanodeDetails is persisted to /tmp/workdir/hadoop-ozone/integration-test/target/test-dir/MiniOzoneClusterImpl-693975b3-5718-46d1-a40b-7368a7ae1527/datanode-6/meta/datanode.id
2019-07-13 16:35:06,628 INFO  ozoneimpl.OzoneContainer (OzoneContainer.java:start(186)) - Attempting to start container services.
2019-07-13 16:35:06,628 INFO  ozoneimpl.OzoneContainer (OzoneContainer.java:startContainerScrub(160)) - Background container scrubber has been disabled by hdds.containerscrub.enabled
2019-07-13 16:35:06,628 INFO  ratis.XceiverServerRatis (XceiverServerRatis.java:start(418)) - Starting XceiverServerRatis c7d1ea11-7113-4264-995b-e989effa6b06 at port 0
2019-07-13 16:35:06,636 INFO  impl.RaftServerProxy (RaftServerProxy.java:lambda$start$3(299)) - c7d1ea11-7113-4264-995b-e989effa6b06: start RPC server
2019-07-13 16:35:06,637 INFO  server.GrpcService (GrpcService.java:startImpl(149)) - c7d1ea11-7113-4264-995b-e989effa6b06: GrpcService started, listening on 0.0.0.0/0.0.0.0:43946
2019-07-13 16:35:06,637 INFO  ratis.XceiverServerRatis (XceiverServerRatis.java:start(428)) - XceiverServerRatis c7d1ea11-7113-4264-995b-e989effa6b06 is started using port 43946
2019-07-13 16:35:06,638 INFO  server.XceiverServerGrpc (XceiverServerGrpc.java:start(161)) - XceiverServerGrpc c7d1ea11-7113-4264-995b-e989effa6b06 is started using port 39863
2019-07-13 16:35:06,768 INFO  ozone.MiniOzoneClusterImpl (MiniOzoneClusterImpl.java:lambda$waitForClusterToBeReady$0(142)) - Waiting for cluster to be ready. Got 0 of 7 DN Heartbeats.
2019-07-13 16:35:06,781 INFO  ozoneimpl.OzoneContainer (OzoneContainer.java:start(186)) - Attempting to start container services.
2019-07-13 16:35:06,781 INFO  ozoneimpl.OzoneContainer (OzoneContainer.java:startContainerScrub(160)) - Background container scrubber has been disabled by hdds.containerscrub.enabled
2019-07-13 16:35:06,782 INFO  ratis.XceiverServerRatis (XceiverServerRatis.java:start(418)) - Starting XceiverServerRatis c76d1c65-67b2-450d-ae52-65665312ef17 at port 0
2019-07-13 16:35:06,790 INFO  impl.RaftServerProxy (RaftServerProxy.java:lambda$start$3(299)) - c76d1c65-67b2-450d-ae52-65665312ef17: start RPC server
2019-07-13 16:35:06,790 INFO  server.GrpcService (GrpcService.java:startImpl(149)) - c76d1c65-67b2-450d-ae52-65665312ef17: GrpcService started, listening on 0.0.0.0/0.0.0.0:37040
2019-07-13 16:35:06,790 INFO  ratis.XceiverServerRatis (XceiverServerRatis.java:start(428)) - XceiverServerRatis c76d1c65-67b2-450d-ae52-65665312ef17 is started using port 37040
2019-07-13 16:35:06,792 INFO  server.XceiverServerGrpc (XceiverServerGrpc.java:start(161)) - XceiverServerGrpc c76d1c65-67b2-450d-ae52-65665312ef17 is started using port 41725
2019-07-13 16:35:06,938 INFO  ozoneimpl.OzoneContainer (OzoneContainer.java:start(186)) - Attempting to start container services.
2019-07-13 16:35:06,938 INFO  ozoneimpl.OzoneContainer (OzoneContainer.java:startContainerScrub(160)) - Background container scrubber has been disabled by hdds.containerscrub.enabled
2019-07-13 16:35:06,938 INFO  ratis.XceiverServerRatis (XceiverServerRatis.java:start(418)) - Starting XceiverServerRatis 96b6e699-3a35-4882-9e02-2a1e86df0e6d at port 0
2019-07-13 16:35:06,946 INFO  impl.RaftServerProxy (RaftServerProxy.java:lambda$start$3(299)) - 96b6e699-3a35-4882-9e02-2a1e86df0e6d: start RPC server
2019-07-13 16:35:06,946 INFO  server.GrpcService (GrpcService.java:startImpl(149)) - 96b6e699-3a35-4882-9e02-2a1e86df0e6d: GrpcService started, listening on 0.0.0.0/0.0.0.0:38385
2019-07-13 16:35:06,946 INFO  ratis.XceiverServerRatis (XceiverServerRatis.java:start(428)) - XceiverServerRatis 96b6e699-3a35-4882-9e02-2a1e86df0e6d is started using port 38385
2019-07-13 16:35:06,948 INFO  server.XceiverServerGrpc (XceiverServerGrpc.java:start(161)) - XceiverServerGrpc 96b6e699-3a35-4882-9e02-2a1e86df0e6d is started using port 34470
2019-07-13 16:35:07,091 INFO  ozoneimpl.OzoneContainer (OzoneContainer.java:start(186)) - Attempting to start container services.
2019-07-13 16:35:07,091 INFO  ozoneimpl.OzoneContainer (OzoneContainer.java:startContainerScrub(160)) - Background container scrubber has been disabled by hdds.containerscrub.enabled
2019-07-13 16:35:07,091 INFO  ratis.XceiverServerRatis (XceiverServerRatis.java:start(418)) - Starting XceiverServerRatis 1994cf6e-8caa-4a35-8bc9-e1784edec90e at port 0
2019-07-13 16:35:07,100 INFO  impl.RaftServerProxy (RaftServerProxy.java:lambda$start$3(299)) - 1994cf6e-8caa-4a35-8bc9-e1784edec90e: start RPC server
2019-07-13 16:35:07,100 INFO  server.GrpcService (GrpcService.java:startImpl(149)) - 1994cf6e-8caa-4a35-8bc9-e1784edec90e: GrpcService started, listening on 0.0.0.0/0.0.0.0:45646
2019-07-13 16:35:07,100 INFO  ratis.XceiverServerRatis (XceiverServerRatis.java:start(428)) - XceiverServerRatis 1994cf6e-8caa-4a35-8bc9-e1784edec90e is started using port 45646
2019-07-13 16:35:07,101 INFO  server.XceiverServerGrpc (XceiverServerGrpc.java:start(161)) - XceiverServerGrpc 1994cf6e-8caa-4a35-8bc9-e1784edec90e is started using port 33596
2019-07-13 16:35:07,420 INFO  ozoneimpl.OzoneContainer (OzoneContainer.java:start(186)) - Attempting to start container services.
2019-07-13 16:35:07,420 INFO  ozoneimpl.OzoneContainer (OzoneContainer.java:startContainerScrub(160)) - Background container scrubber has been disabled by hdds.containerscrub.enabled
2019-07-13 16:35:07,420 INFO  ratis.XceiverServerRatis (XceiverServerRatis.java:start(418)) - Starting XceiverServerRatis b01d5846-82d3-4539-ab5a-18c880ca4812 at port 0
2019-07-13 16:35:07,427 INFO  impl.RaftServerProxy (RaftServerProxy.java:lambda$start$3(299)) - b01d5846-82d3-4539-ab5a-18c880ca4812: start RPC server
2019-07-13 16:35:07,428 INFO  server.GrpcService (GrpcService.java:startImpl(149)) - b01d5846-82d3-4539-ab5a-18c880ca4812: GrpcService started, listening on 0.0.0.0/0.0.0.0:33126
2019-07-13 16:35:07,428 INFO  ratis.XceiverServerRatis (XceiverServerRatis.java:start(428)) - XceiverServerRatis b01d5846-82d3-4539-ab5a-18c880ca4812 is started using port 33126
2019-07-13 16:35:07,429 INFO  server.XceiverServerGrpc (XceiverServerGrpc.java:start(161)) - XceiverServerGrpc b01d5846-82d3-4539-ab5a-18c880ca4812 is started using port 35561
2019-07-13 16:35:07,602 INFO  ozoneimpl.OzoneContainer (OzoneContainer.java:start(186)) - Attempting to start container services.
2019-07-13 16:35:07,602 INFO  ozoneimpl.OzoneContainer (OzoneContainer.java:startContainerScrub(160)) - Background container scrubber has been disabled by hdds.containerscrub.enabled
2019-07-13 16:35:07,602 INFO  ratis.XceiverServerRatis (XceiverServerRatis.java:start(418)) - Starting XceiverServerRatis 65466353-f6f4-496f-8faf-31035af9c270 at port 0
2019-07-13 16:35:07,610 INFO  impl.RaftServerProxy (RaftServerProxy.java:lambda$start$3(299)) - 65466353-f6f4-496f-8faf-31035af9c270: start RPC server
2019-07-13 16:35:07,611 INFO  server.GrpcService (GrpcService.java:startImpl(149)) - 65466353-f6f4-496f-8faf-31035af9c270: GrpcService started, listening on 0.0.0.0/0.0.0.0:38666
2019-07-13 16:35:07,611 INFO  ratis.XceiverServerRatis (XceiverServerRatis.java:start(428)) - XceiverServerRatis 65466353-f6f4-496f-8faf-31035af9c270 is started using port 38666
2019-07-13 16:35:07,611 INFO  server.XceiverServerGrpc (XceiverServerGrpc.java:start(161)) - XceiverServerGrpc 65466353-f6f4-496f-8faf-31035af9c270 is started using port 40862
2019-07-13 16:35:07,769 INFO  ozone.MiniOzoneClusterImpl (MiniOzoneClusterImpl.java:lambda$waitForClusterToBeReady$0(142)) - Waiting for cluster to be ready. Got 0 of 7 DN Heartbeats.
2019-07-13 16:35:07,782 INFO  ozoneimpl.OzoneContainer (OzoneContainer.java:start(186)) - Attempting to start container services.
2019-07-13 16:35:07,782 INFO  ozoneimpl.OzoneContainer (OzoneContainer.java:startContainerScrub(160)) - Background container scrubber has been disabled by hdds.containerscrub.enabled
2019-07-13 16:35:07,782 INFO  ratis.XceiverServerRatis (XceiverServerRatis.java:start(418)) - Starting XceiverServerRatis 03b56f89-1fa1-4e2a-8397-42f15f2e49a9 at port 0
2019-07-13 16:35:07,789 INFO  impl.RaftServerProxy (RaftServerProxy.java:lambda$start$3(299)) - 03b56f89-1fa1-4e2a-8397-42f15f2e49a9: start RPC server
2019-07-13 16:35:07,790 INFO  server.GrpcService (GrpcService.java:startImpl(149)) - 03b56f89-1fa1-4e2a-8397-42f15f2e49a9: GrpcService started, listening on 0.0.0.0/0.0.0.0:35094
2019-07-13 16:35:07,790 INFO  ratis.XceiverServerRatis (XceiverServerRatis.java:start(428)) - XceiverServerRatis 03b56f89-1fa1-4e2a-8397-42f15f2e49a9 is started using port 35094
2019-07-13 16:35:07,801 INFO  server.XceiverServerGrpc (XceiverServerGrpc.java:start(161)) - XceiverServerGrpc 03b56f89-1fa1-4e2a-8397-42f15f2e49a9 is started using port 42964
2019-07-13 16:35:08,610 INFO  net.NetworkTopology (NetworkTopologyImpl.java:add(110)) - Added a new node: /default-rack/192.168.5.187
2019-07-13 16:35:08,613 INFO  node.SCMNodeManager (SCMNodeManager.java:register(269)) - Registered Data node : c7d1ea11-7113-4264-995b-e989effa6b06{ip: 192.168.5.187, host: trunk-nightly-z92hn-1831959607, networkLocation: /default-rack, certSerialId: null}
2019-07-13 16:35:08,614 INFO  safemode.SCMSafeModeManager (DataNodeSafeModeRule.java:process(71)) - SCM in safe mode. 1 DataNodes registered, 1 required.
2019-07-13 16:35:08,616 INFO  safemode.SCMSafeModeManager (SCMSafeModeManager.java:validateSafeModeExitRules(177)) - ScmSafeModeManager, all rules are successfully validated
2019-07-13 16:35:08,616 INFO  safemode.SCMSafeModeManager (SCMSafeModeManager.java:exitSafeMode(193)) - SCM exiting safe mode.
2019-07-13 16:35:08,632 INFO  impl.RaftServerProxy (RaftServerProxy.java:addNew(89)) - c7d1ea11-7113-4264-995b-e989effa6b06: addNew group-E615A5240D8C:[c7d1ea11-7113-4264-995b-e989effa6b06:192.168.5.187:43946] returns group-E615A5240D8C:java.util.concurrent.CompletableFuture@73197aa4[Not completed]
2019-07-13 16:35:08,633 INFO  impl.RaftServerImpl (RaftServerImpl.java:<init>(93)) - c7d1ea11-7113-4264-995b-e989effa6b06: new RaftServerImpl for group-E615A5240D8C:[c7d1ea11-7113-4264-995b-e989effa6b06:192.168.5.187:43946] with ContainerStateMachine:uninitialized
2019-07-13 16:35:08,633 INFO  server.RaftServerConfigKeys (ConfUtils.java:logGet(43)) - raft.server.rpc.timeout.min = 5s (custom)
2019-07-13 16:35:08,633 INFO  server.RaftServerConfigKeys (ConfUtils.java:logGet(43)) - raft.server.rpc.timeout.max = 5200ms (custom)
2019-07-13 16:35:08,633 INFO  server.RaftServerConfigKeys (ConfUtils.java:logGet(43)) - raft.server.rpcslowness.timeout = 120s (custom)
2019-07-13 16:35:08,633 INFO  server.RaftServerConfigKeys (ConfUtils.java:logGet(43)) - raft.server.sleep.deviation.threshold = 300 (default)
2019-07-13 16:35:08,634 INFO  server.RaftServerConfigKeys (ConfUtils.java:logGet(43)) - raft.server.log.appender.install.snapshot.enabled = false (custom)
2019-07-13 16:35:08,634 INFO  impl.RaftServerImpl (ServerState.java:<init>(105)) - c7d1ea11-7113-4264-995b-e989effa6b06:group-E615A5240D8C ConfigurationManager, init=-1: [c7d1ea11-7113-4264-995b-e989effa6b06:192.168.5.187:43946], old=null, confs=<EMPTY_MAP>
2019-07-13 16:35:08,634 INFO  server.RaftServerConfigKeys (ConfUtils.java:logGet(43)) - raft.server.storage.dir = [/tmp/workdir/hadoop-ozone/integration-test/target/test-dir/MiniOzoneClusterImpl-693975b3-5718-46d1-a40b-7368a7ae1527/datanode-0/data/ratis] (custom)
2019-07-13 16:35:08,634 INFO  storage.RaftStorageDirectory (RaftStorageDirectory.java:analyzeStorage(246)) - The storage directory /tmp/workdir/hadoop-ozone/integration-test/target/test-dir/MiniOzoneClusterImpl-693975b3-5718-46d1-a40b-7368a7ae1527/datanode-0/data/ratis/afab2392-e2f7-484a-8ebb-e615a5240d8c does not exist. Creating ...
2019-07-13 16:35:08,650 INFO  storage.RaftStorageDirectory (RaftStorageDirectory.java:tryLock(328)) - Lock on /tmp/workdir/hadoop-ozone/integration-test/target/test-dir/MiniOzoneClusterImpl-693975b3-5718-46d1-a40b-7368a7ae1527/datanode-0/data/ratis/afab2392-e2f7-484a-8ebb-e615a5240d8c/in_use.lock acquired by nodename 30505@trunk-nightly-z92hn-1831959607
2019-07-13 16:35:08,662 INFO  storage.RaftStorage (RaftStorage.java:format(72)) - Storage directory /tmp/workdir/hadoop-ozone/integration-test/target/test-dir/MiniOzoneClusterImpl-693975b3-5718-46d1-a40b-7368a7ae1527/datanode-0/data/ratis/afab2392-e2f7-484a-8ebb-e615a5240d8c has been successfully formatted.
2019-07-13 16:35:08,663 INFO  ratis.ContainerStateMachine (ContainerStateMachine.java:loadSnapshot(200)) - The snapshot info is null.Setting the last applied index to:(t:0, i:~)
2019-07-13 16:35:08,663 INFO  server.RaftServerConfigKeys (ConfUtils.java:logGet(43)) - raft.server.leader.election.timeout = 120s (custom)
2019-07-13 16:35:08,663 INFO  server.RaftServerConfigKeys (ConfUtils.java:logGet(43)) - raft.server.log.use.memory = false (default)
2019-07-13 16:35:08,663 INFO  server.RaftServerConfigKeys (ConfUtils.java:logGet(43)) - raft.server.log.purge.gap = 1000000000 (custom)
2019-07-13 16:35:08,663 INFO  server.RaftServerConfigKeys (ConfUtils.java:logGet(43)) - raft.server.log.appender.buffer.byte-limit = 33554432 (custom)
2019-07-13 16:35:08,663 INFO  server.RaftServerConfigKeys (ConfUtils.java:logGet(43)) - raft.server.log.segment.size.max = 1048576 (custom)
2019-07-13 16:35:08,664 INFO  server.RaftServerConfigKeys (ConfUtils.java:logGet(43)) - raft.server.log.segment.cache.num.max = 2 (custom)
2019-07-13 16:35:08,664 INFO  segmented.SegmentedRaftLogWorker (SegmentedRaftLogWorker.java:<init>(172)) - new c7d1ea11-7113-4264-995b-e989effa6b06-SegmentedRaftLogWorker:Storage Directory /tmp/workdir/hadoop-ozone/integration-test/target/test-dir/MiniOzoneClusterImpl-693975b3-5718-46d1-a40b-7368a7ae1527/datanode-0/data/ratis/afab2392-e2f7-484a-8ebb-e615a5240d8c for RaftStorage:Storage Directory /tmp/workdir/hadoop-ozone/integration-test/target/test-dir/MiniOzoneClusterImpl-693975b3-5718-46d1-a40b-7368a7ae1527/datanode-0/data/ratis/afab2392-e2f7-484a-8ebb-e615a5240d8c
2019-07-13 16:35:08,664 INFO  server.RaftServerConfigKeys (ConfUtils.java:logGet(43)) - raft.server.log.queue.byte-limit = 2147483647 (custom)
2019-07-13 16:35:08,664 INFO  server.RaftServerConfigKeys (ConfUtils.java:logGet(43)) - raft.server.log.queue.element-limit = 1024 (custom)
2019-07-13 16:35:08,665 INFO  server.RaftServerConfigKeys (ConfUtils.java:logGet(43)) - raft.server.log.segment.size.max = 1048576 (custom)
2019-07-13 16:35:08,665 INFO  server.RaftServerConfigKeys (ConfUtils.java:logGet(43)) - raft.server.log.preallocated.size = 16384 (custom)
2019-07-13 16:35:08,665 INFO  server.RaftServerConfigKeys (ConfUtils.java:logGet(43)) - raft.server.log.write.buffer.size = 33554432 (custom)
2019-07-13 16:35:08,665 INFO  server.RaftServerConfigKeys (ConfUtils.java:logGet(43)) - raft.server.log.force.sync.num = 128 (default)
2019-07-13 16:35:08,665 INFO  server.RaftServerConfigKeys (ConfUtils.java:logGet(43)) - raft.server.log.statemachine.data.sync = true (default)
2019-07-13 16:35:08,665 INFO  server.RaftServerConfigKeys (ConfUtils.java:logGet(43)) - raft.server.log.statemachine.data.sync.timeout = 10s (default)
2019-07-13 16:35:08,665 INFO  server.RaftServerConfigKeys (ConfUtils.java:logGet(43)) - raft.server.log.statemachine.data.sync.timeout.retry = -1 (default)
2019-07-13 16:35:08,666 INFO  server.RaftServerConfigKeys (ConfUtils.java:logGet(43)) - raft.server.log.statemachine.data.caching.enabled = true (custom)
2019-07-13 16:35:08,666 INFO  segmented.SegmentedRaftLogWorker (SegmentedRaftLogWorker.java:lambda$new$0(132)) - c7d1ea11-7113-4264-995b-e989effa6b06-SegmentedRaftLogWorker:Storage Directory /tmp/workdir/hadoop-ozone/integration-test/target/test-dir/MiniOzoneClusterImpl-693975b3-5718-46d1-a40b-7368a7ae1527/datanode-0/data/ratis/afab2392-e2f7-484a-8ebb-e615a5240d8c: flushIndex: setUnconditionally 0 -> -1
2019-07-13 16:35:08,667 INFO  server.RaftServerConfigKeys (ConfUtils.java:logGet(43)) - raft.server.snapshot.auto.trigger.enabled = true (custom)
2019-07-13 16:35:08,667 INFO  server.RaftServerConfigKeys (ConfUtils.java:logGet(43)) - raft.server.snapshot.auto.trigger.threshold = 10000 (custom)
2019-07-13 16:35:08,667 INFO  server.RaftServerConfigKeys (ConfUtils.java:logGet(43)) - raft.server.retrycache.expirytime = 600000ms (custom)
2019-07-13 16:35:08,667 INFO  impl.RaftServerImpl (RaftServerImpl.java:start(180)) - c7d1ea11-7113-4264-995b-e989effa6b06: start group-E615A5240D8C
2019-07-13 16:35:08,667 INFO  impl.RaftServerImpl (RaftServerImpl.java:setRole(171)) - c7d1ea11-7113-4264-995b-e989effa6b06:group-E615A5240D8C changes role from null to FOLLOWER at term 0 for startAsFollower
2019-07-13 16:35:08,667 INFO  impl.RoleInfo (RoleInfo.java:updateAndGet(143)) - c7d1ea11-7113-4264-995b-e989effa6b06: start FollowerState
2019-07-13 16:35:08,669 INFO  util.JmxRegister (JmxRegister.java:tryRegister(44)) - Successfully registered JMX Bean with object name Ratis:service=RaftServer,group=group-E615A5240D8C,id=c7d1ea11-7113-4264-995b-e989effa6b06
2019-07-13 16:35:08,675 INFO  pipeline.PipelineStateManager (PipelineStateManager.java:addPipeline(56)) - Created pipeline Pipeline[ Id: afab2392-e2f7-484a-8ebb-e615a5240d8c, Nodes: c7d1ea11-7113-4264-995b-e989effa6b06{ip: 192.168.5.187, host: trunk-nightly-z92hn-1831959607, networkLocation: /default-rack, certSerialId: null}, Type:RATIS, Factor:ONE, State:OPEN]
2019-07-13 16:35:08,768 INFO  node.SCMNodeManager (SCMNodeManager.java:register(269)) - Registered Data node : c76d1c65-67b2-450d-ae52-65665312ef17{ip: 192.168.5.187, host: trunk-nightly-z92hn-1831959607, networkLocation: /default-rack, certSerialId: null}
2019-07-13 16:35:08,769 INFO  ozone.MiniOzoneClusterImpl (MiniOzoneClusterImpl.java:lambda$waitForClusterToBeReady$0(142)) - Waiting for cluster to be ready. Got 2 of 7 DN Heartbeats.
2019-07-13 16:35:08,780 INFO  impl.RaftServerProxy (RaftServerProxy.java:addNew(89)) - c76d1c65-67b2-450d-ae52-65665312ef17: addNew group-F0E42CB4E284:[c76d1c65-67b2-450d-ae52-65665312ef17:192.168.5.187:37040] returns group-F0E42CB4E284:java.util.concurrent.CompletableFuture@371d1773[Not completed]
2019-07-13 16:35:08,781 INFO  impl.RaftServerImpl (RaftServerImpl.java:<init>(93)) - c76d1c65-67b2-450d-ae52-65665312ef17: new RaftServerImpl for group-F0E42CB4E284:[c76d1c65-67b2-450d-ae52-65665312ef17:192.168.5.187:37040] with ContainerStateMachine:uninitialized
2019-07-13 16:35:08,781 INFO  server.RaftServerConfigKeys (ConfUtils.java:logGet(43)) - raft.server.rpc.timeout.min = 5s (custom)
2019-07-13 16:35:08,782 INFO  server.RaftServerConfigKeys (ConfUtils.java:logGet(43)) - raft.server.rpc.timeout.max = 5200ms (custom)
2019-07-13 16:35:08,782 INFO  server.RaftServerConfigKeys (ConfUtils.java:logGet(43)) - raft.server.rpcslowness.timeout = 120s (custom)
2019-07-13 16:35:08,782 INFO  server.RaftServerConfigKeys (ConfUtils.java:logGet(43)) - raft.server.sleep.deviation.threshold = 300 (default)
2019-07-13 16:35:08,782 INFO  server.RaftServerConfigKeys (ConfUtils.java:logGet(43)) - raft.server.log.appender.install.snapshot.enabled = false (custom)
2019-07-13 16:35:08,782 INFO  impl.RaftServerImpl (ServerState.java:<init>(105)) - c76d1c65-67b2-450d-ae52-65665312ef17:group-F0E42CB4E284 ConfigurationManager, init=-1: [c76d1c65-67b2-450d-ae52-65665312ef17:192.168.5.187:37040], old=null, confs=<EMPTY_MAP>
2019-07-13 16:35:08,782 INFO  server.RaftServerConfigKeys (ConfUtils.java:logGet(43)) - raft.server.storage.dir = [/tmp/workdir/hadoop-ozone/integration-test/target/test-dir/MiniOzoneClusterImpl-693975b3-5718-46d1-a40b-7368a7ae1527/datanode-1/data/ratis] (custom)
2019-07-13 16:35:08,783 INFO  storage.RaftStorageDirectory (RaftStorageDirectory.java:analyzeStorage(246)) - The storage directory /tmp/workdir/hadoop-ozone/integration-test/target/test-dir/MiniOzoneClusterImpl-693975b3-5718-46d1-a40b-7368a7ae1527/datanode-1/data/ratis/dff2c96c-6b1f-4bf2-a99c-f0e42cb4e284 does not exist. Creating ...
2019-07-13 16:35:08,804 INFO  storage.RaftStorageDirectory (RaftStorageDirectory.java:tryLock(328)) - Lock on /tmp/workdir/hadoop-ozone/integration-test/target/test-dir/MiniOzoneClusterImpl-693975b3-5718-46d1-a40b-7368a7ae1527/datanode-1/data/ratis/dff2c96c-6b1f-4bf2-a99c-f0e42cb4e284/in_use.lock acquired by nodename 30505@trunk-nightly-z92hn-1831959607
2019-07-13 16:35:08,815 INFO  storage.RaftStorage (RaftStorage.java:format(72)) - Storage directory /tmp/workdir/hadoop-ozone/integration-test/target/test-dir/MiniOzoneClusterImpl-693975b3-5718-46d1-a40b-7368a7ae1527/datanode-1/data/ratis/dff2c96c-6b1f-4bf2-a99c-f0e42cb4e284 has been successfully formatted.
2019-07-13 16:35:08,816 INFO  ratis.ContainerStateMachine (ContainerStateMachine.java:loadSnapshot(200)) - The snapshot info is null.Setting the last applied index to:(t:0, i:~)
2019-07-13 16:35:08,816 INFO  server.RaftServerConfigKeys (ConfUtils.java:logGet(43)) - raft.server.leader.election.timeout = 120s (custom)
2019-07-13 16:35:08,816 INFO  server.RaftServerConfigKeys (ConfUtils.java:logGet(43)) - raft.server.log.use.memory = false (default)
2019-07-13 16:35:08,816 INFO  server.RaftServerConfigKeys (ConfUtils.java:logGet(43)) - raft.server.log.purge.gap = 1000000000 (custom)
2019-07-13 16:35:08,816 INFO  server.RaftServerConfigKeys (ConfUtils.java:logGet(43)) - raft.server.log.appender.buffer.byte-limit = 33554432 (custom)
2019-07-13 16:35:08,816 INFO  server.RaftServerConfigKeys (ConfUtils.java:logGet(43)) - raft.server.log.segment.size.max = 1048576 (custom)
2019-07-13 16:35:08,817 INFO  server.RaftServerConfigKeys (ConfUtils.java:logGet(43)) - raft.server.log.segment.cache.num.max = 2 (custom)
2019-07-13 16:35:08,817 INFO  segmented.SegmentedRaftLogWorker (SegmentedRaftLogWorker.java:<init>(172)) - new c76d1c65-67b2-450d-ae52-65665312ef17-SegmentedRaftLogWorker:Storage Directory /tmp/workdir/hadoop-ozone/integration-test/target/test-dir/MiniOzoneClusterImpl-693975b3-5718-46d1-a40b-7368a7ae1527/datanode-1/data/ratis/dff2c96c-6b1f-4bf2-a99c-f0e42cb4e284 for RaftStorage:Storage Directory /tmp/workdir/hadoop-ozone/integration-test/target/test-dir/MiniOzoneClusterImpl-693975b3-5718-46d1-a40b-7368a7ae1527/datanode-1/data/ratis/dff2c96c-6b1f-4bf2-a99c-f0e42cb4e284
2019-07-13 16:35:08,817 INFO  server.RaftServerConfigKeys (ConfUtils.java:logGet(43)) - raft.server.log.queue.byte-limit = 2147483647 (custom)
2019-07-13 16:35:08,817 INFO  server.RaftServerConfigKeys (ConfUtils.java:logGet(43)) - raft.server.log.queue.element-limit = 1024 (custom)
2019-07-13 16:35:08,817 INFO  server.RaftServerConfigKeys (ConfUtils.java:logGet(43)) - raft.server.log.segment.size.max = 1048576 (custom)
2019-07-13 16:35:08,818 INFO  server.RaftServerConfigKeys (ConfUtils.java:logGet(43)) - raft.server.log.preallocated.size = 16384 (custom)
2019-07-13 16:35:08,818 INFO  server.RaftServerConfigKeys (ConfUtils.java:logGet(43)) - raft.server.log.write.buffer.size = 33554432 (custom)
2019-07-13 16:35:08,818 INFO  server.RaftServerConfigKeys (ConfUtils.java:logGet(43)) - raft.server.log.force.sync.num = 128 (default)
2019-07-13 16:35:08,818 INFO  server.RaftServerConfigKeys (ConfUtils.java:logGet(43)) - raft.server.log.statemachine.data.sync = true (default)
2019-07-13 16:35:08,818 INFO  server.RaftServerConfigKeys (ConfUtils.java:logGet(43)) - raft.server.log.statemachine.data.sync.timeout = 10s (default)
2019-07-13 16:35:08,818 INFO  server.RaftServerConfigKeys (ConfUtils.java:logGet(43)) - raft.server.log.statemachine.data.sync.timeout.retry = -1 (default)
2019-07-13 16:35:08,819 INFO  server.RaftServerConfigKeys (ConfUtils.java:logGet(43)) - raft.server.log.statemachine.data.caching.enabled = true (custom)
2019-07-13 16:35:08,819 INFO  segmented.SegmentedRaftLogWorker (SegmentedRaftLogWorker.java:lambda$new$0(132)) - c76d1c65-67b2-450d-ae52-65665312ef17-SegmentedRaftLogWorker:Storage Directory /tmp/workdir/hadoop-ozone/integration-test/target/test-dir/MiniOzoneClusterImpl-693975b3-5718-46d1-a40b-7368a7ae1527/datanode-1/data/ratis/dff2c96c-6b1f-4bf2-a99c-f0e42cb4e284: flushIndex: setUnconditionally 0 -> -1
2019-07-13 16:35:08,819 INFO  server.RaftServerConfigKeys (ConfUtils.java:logGet(43)) - raft.server.snapshot.auto.trigger.enabled = true (custom)
2019-07-13 16:35:08,819 INFO  server.RaftServerConfigKeys (ConfUtils.java:logGet(43)) - raft.server.snapshot.auto.trigger.threshold = 10000 (custom)
2019-07-13 16:35:08,820 INFO  server.RaftServerConfigKeys (ConfUtils.java:logGet(43)) - raft.server.retrycache.expirytime = 600000ms (custom)
2019-07-13 16:35:08,820 INFO  impl.RaftServerImpl (RaftServerImpl.java:start(180)) - c76d1c65-67b2-450d-ae52-65665312ef17: start group-F0E42CB4E284
2019-07-13 16:35:08,820 INFO  impl.RaftServerImpl (RaftServerImpl.java:setRole(171)) - c76d1c65-67b2-450d-ae52-65665312ef17:group-F0E42CB4E284 changes role from null to FOLLOWER at term 0 for startAsFollower
2019-07-13 16:35:08,820 INFO  impl.RoleInfo (RoleInfo.java:updateAndGet(143)) - c76d1c65-67b2-450d-ae52-65665312ef17: start FollowerState
2019-07-13 16:35:08,820 INFO  util.JmxRegister (JmxRegister.java:tryRegister(44)) - Successfully registered JMX Bean with object name Ratis:service=RaftServer,group=group-F0E42CB4E284,id=c76d1c65-67b2-450d-ae52-65665312ef17
2019-07-13 16:35:08,827 INFO  pipeline.PipelineStateManager (PipelineStateManager.java:addPipeline(56)) - Created pipeline Pipeline[ Id: dff2c96c-6b1f-4bf2-a99c-f0e42cb4e284, Nodes: c76d1c65-67b2-450d-ae52-65665312ef17{ip: 192.168.5.187, host: trunk-nightly-z92hn-1831959607, networkLocation: /default-rack, certSerialId: null}, Type:RATIS, Factor:ONE, State:OPEN]
2019-07-13 16:35:08,926 INFO  node.SCMNodeManager (SCMNodeManager.java:register(269)) - Registered Data node : 96b6e699-3a35-4882-9e02-2a1e86df0e6d{ip: 192.168.5.187, host: trunk-nightly-z92hn-1831959607, networkLocation: /default-rack, certSerialId: null}
2019-07-13 16:35:08,936 INFO  impl.RaftServerProxy (RaftServerProxy.java:addNew(89)) - 96b6e699-3a35-4882-9e02-2a1e86df0e6d: addNew group-B34DF4FB9634:[96b6e699-3a35-4882-9e02-2a1e86df0e6d:192.168.5.187:38385] returns group-B34DF4FB9634:java.util.concurrent.CompletableFuture@5efd1a35[Not completed]
2019-07-13 16:35:08,936 INFO  impl.RaftServerImpl (RaftServerImpl.java:<init>(93)) - 96b6e699-3a35-4882-9e02-2a1e86df0e6d: new RaftServerImpl for group-B34DF4FB9634:[96b6e699-3a35-4882-9e02-2a1e86df0e6d:192.168.5.187:38385] with ContainerStateMachine:uninitialized
2019-07-13 16:35:08,936 INFO  server.RaftServerConfigKeys (ConfUtils.java:logGet(43)) - raft.server.rpc.timeout.min = 5s (custom)
2019-07-13 16:35:08,937 INFO  server.RaftServerConfigKeys (ConfUtils.java:logGet(43)) - raft.server.rpc.timeout.max = 5200ms (custom)
2019-07-13 16:35:08,937 INFO  server.RaftServerConfigKeys (ConfUtils.java:logGet(43)) - raft.server.rpcslowness.timeout = 120s (custom)
2019-07-13 16:35:08,937 INFO  server.RaftServerConfigKeys (ConfUtils.java:logGet(43)) - raft.server.sleep.deviation.threshold = 300 (default)
2019-07-13 16:35:08,937 INFO  server.RaftServerConfigKeys (ConfUtils.java:logGet(43)) - raft.server.log.appender.install.snapshot.enabled = false (custom)
2019-07-13 16:35:08,937 INFO  impl.RaftServerImpl (ServerState.java:<init>(105)) - 96b6e699-3a35-4882-9e02-2a1e86df0e6d:group-B34DF4FB9634 ConfigurationManager, init=-1: [96b6e699-3a35-4882-9e02-2a1e86df0e6d:192.168.5.187:38385], old=null, confs=<EMPTY_MAP>
2019-07-13 16:35:08,937 INFO  server.RaftServerConfigKeys (ConfUtils.java:logGet(43)) - raft.server.storage.dir = [/tmp/workdir/hadoop-ozone/integration-test/target/test-dir/MiniOzoneClusterImpl-693975b3-5718-46d1-a40b-7368a7ae1527/datanode-2/data/ratis] (custom)
2019-07-13 16:35:08,938 INFO  storage.RaftStorageDirectory (RaftStorageDirectory.java:analyzeStorage(246)) - The storage directory /tmp/workdir/hadoop-ozone/integration-test/target/test-dir/MiniOzoneClusterImpl-693975b3-5718-46d1-a40b-7368a7ae1527/datanode-2/data/ratis/2fc9e74e-0d5f-4825-b144-b34df4fb9634 does not exist. Creating ...
2019-07-13 16:35:08,950 INFO  storage.RaftStorageDirectory (RaftStorageDirectory.java:tryLock(328)) - Lock on /tmp/workdir/hadoop-ozone/integration-test/target/test-dir/MiniOzoneClusterImpl-693975b3-5718-46d1-a40b-7368a7ae1527/datanode-2/data/ratis/2fc9e74e-0d5f-4825-b144-b34df4fb9634/in_use.lock acquired by nodename 30505@trunk-nightly-z92hn-1831959607
2019-07-13 16:35:08,953 INFO  storage.RaftStorage (RaftStorage.java:format(72)) - Storage directory /tmp/workdir/hadoop-ozone/integration-test/target/test-dir/MiniOzoneClusterImpl-693975b3-5718-46d1-a40b-7368a7ae1527/datanode-2/data/ratis/2fc9e74e-0d5f-4825-b144-b34df4fb9634 has been successfully formatted.
2019-07-13 16:35:08,953 INFO  ratis.ContainerStateMachine (ContainerStateMachine.java:loadSnapshot(200)) - The snapshot info is null.Setting the last applied index to:(t:0, i:~)
2019-07-13 16:35:08,953 INFO  server.RaftServerConfigKeys (ConfUtils.java:logGet(43)) - raft.server.leader.election.timeout = 120s (custom)
2019-07-13 16:35:08,953 INFO  server.RaftServerConfigKeys (ConfUtils.java:logGet(43)) - raft.server.log.use.memory = false (default)
2019-07-13 16:35:08,954 INFO  server.RaftServerConfigKeys (ConfUtils.java:logGet(43)) - raft.server.log.purge.gap = 1000000000 (custom)
2019-07-13 16:35:08,954 INFO  server.RaftServerConfigKeys (ConfUtils.java:logGet(43)) - raft.server.log.appender.buffer.byte-limit = 33554432 (custom)
2019-07-13 16:35:08,954 INFO  server.RaftServerConfigKeys (ConfUtils.java:logGet(43)) - raft.server.log.segment.size.max = 1048576 (custom)
2019-07-13 16:35:08,954 INFO  server.RaftServerConfigKeys (ConfUtils.java:logGet(43)) - raft.server.log.segment.cache.num.max = 2 (custom)
2019-07-13 16:35:08,954 INFO  segmented.SegmentedRaftLogWorker (SegmentedRaftLogWorker.java:<init>(172)) - new 96b6e699-3a35-4882-9e02-2a1e86df0e6d-SegmentedRaftLogWorker:Storage Directory /tmp/workdir/hadoop-ozone/integration-test/target/test-dir/MiniOzoneClusterImpl-693975b3-5718-46d1-a40b-7368a7ae1527/datanode-2/data/ratis/2fc9e74e-0d5f-4825-b144-b34df4fb9634 for RaftStorage:Storage Directory /tmp/workdir/hadoop-ozone/integration-test/target/test-dir/MiniOzoneClusterImpl-693975b3-5718-46d1-a40b-7368a7ae1527/datanode-2/data/ratis/2fc9e74e-0d5f-4825-b144-b34df4fb9634
2019-07-13 16:35:08,954 INFO  server.RaftServerConfigKeys (ConfUtils.java:logGet(43)) - raft.server.log.queue.byte-limit = 2147483647 (custom)
2019-07-13 16:35:08,954 INFO  server.RaftServerConfigKeys (ConfUtils.java:logGet(43)) - raft.server.log.queue.element-limit = 1024 (custom)
2019-07-13 16:35:08,955 INFO  server.RaftServerConfigKeys (ConfUtils.java:logGet(43)) - raft.server.log.segment.size.max = 1048576 (custom)
2019-07-13 16:35:08,955 INFO  server.RaftServerConfigKeys (ConfUtils.java:logGet(43)) - raft.server.log.preallocated.size = 16384 (custom)
2019-07-13 16:35:08,955 INFO  server.RaftServerConfigKeys (ConfUtils.java:logGet(43)) - raft.server.log.write.buffer.size = 33554432 (custom)
2019-07-13 16:35:08,955 INFO  server.RaftServerConfigKeys (ConfUtils.java:logGet(43)) - raft.server.log.force.sync.num = 128 (default)
2019-07-13 16:35:08,955 INFO  server.RaftServerConfigKeys (ConfUtils.java:logGet(43)) - raft.server.log.statemachine.data.sync = true (default)
2019-07-13 16:35:08,955 INFO  server.RaftServerConfigKeys (ConfUtils.java:logGet(43)) - raft.server.log.statemachine.data.sync.timeout = 10s (default)
2019-07-13 16:35:08,955 INFO  server.RaftServerConfigKeys (ConfUtils.java:logGet(43)) - raft.server.log.statemachine.data.sync.timeout.retry = -1 (default)
2019-07-13 16:35:08,956 INFO  server.RaftServerConfigKeys (ConfUtils.java:logGet(43)) - raft.server.log.statemachine.data.caching.enabled = true (custom)
2019-07-13 16:35:08,956 INFO  segmented.SegmentedRaftLogWorker (SegmentedRaftLogWorker.java:lambda$new$0(132)) - 96b6e699-3a35-4882-9e02-2a1e86df0e6d-SegmentedRaftLogWorker:Storage Directory /tmp/workdir/hadoop-ozone/integration-test/target/test-dir/MiniOzoneClusterImpl-693975b3-5718-46d1-a40b-7368a7ae1527/datanode-2/data/ratis/2fc9e74e-0d5f-4825-b144-b34df4fb9634: flushIndex: setUnconditionally 0 -> -1
2019-07-13 16:35:08,956 INFO  server.RaftServerConfigKeys (ConfUtils.java:logGet(43)) - raft.server.snapshot.auto.trigger.enabled = true (custom)
2019-07-13 16:35:08,956 INFO  server.RaftServerConfigKeys (ConfUtils.java:logGet(43)) - raft.server.snapshot.auto.trigger.threshold = 10000 (custom)
2019-07-13 16:35:08,956 INFO  server.RaftServerConfigKeys (ConfUtils.java:logGet(43)) - raft.server.retrycache.expirytime = 600000ms (custom)
2019-07-13 16:35:08,957 INFO  impl.RaftServerImpl (RaftServerImpl.java:start(180)) - 96b6e699-3a35-4882-9e02-2a1e86df0e6d: start group-B34DF4FB9634
2019-07-13 16:35:08,957 INFO  impl.RaftServerImpl (RaftServerImpl.java:setRole(171)) - 96b6e699-3a35-4882-9e02-2a1e86df0e6d:group-B34DF4FB9634 changes role from null to FOLLOWER at term 0 for startAsFollower
2019-07-13 16:35:08,957 INFO  impl.RoleInfo (RoleInfo.java:updateAndGet(143)) - 96b6e699-3a35-4882-9e02-2a1e86df0e6d: start FollowerState
2019-07-13 16:35:08,957 INFO  util.JmxRegister (JmxRegister.java:tryRegister(44)) - Successfully registered JMX Bean with object name Ratis:service=RaftServer,group=group-B34DF4FB9634,id=96b6e699-3a35-4882-9e02-2a1e86df0e6d
2019-07-13 16:35:08,961 INFO  pipeline.PipelineStateManager (PipelineStateManager.java:addPipeline(56)) - Created pipeline Pipeline[ Id: 2fc9e74e-0d5f-4825-b144-b34df4fb9634, Nodes: 96b6e699-3a35-4882-9e02-2a1e86df0e6d{ip: 192.168.5.187, host: trunk-nightly-z92hn-1831959607, networkLocation: /default-rack, certSerialId: null}, Type:RATIS, Factor:ONE, State:OPEN]
2019-07-13 16:35:08,976 INFO  impl.RaftServerProxy (RaftServerProxy.java:addNew(89)) - 96b6e699-3a35-4882-9e02-2a1e86df0e6d: addNew group-CA16FC05437E:[c76d1c65-67b2-450d-ae52-65665312ef17:192.168.5.187:37040, 96b6e699-3a35-4882-9e02-2a1e86df0e6d:192.168.5.187:38385, c7d1ea11-7113-4264-995b-e989effa6b06:192.168.5.187:43946] returns group-CA16FC05437E:java.util.concurrent.CompletableFuture@67ae5bd2[Not completed]
2019-07-13 16:35:08,976 INFO  impl.RaftServerProxy (RaftServerProxy.java:addNew(89)) - c76d1c65-67b2-450d-ae52-65665312ef17: addNew group-CA16FC05437E:[c76d1c65-67b2-450d-ae52-65665312ef17:192.168.5.187:37040, 96b6e699-3a35-4882-9e02-2a1e86df0e6d:192.168.5.187:38385, c7d1ea11-7113-4264-995b-e989effa6b06:192.168.5.187:43946] returns group-CA16FC05437E:java.util.concurrent.CompletableFuture@62edbb88[Not completed]
2019-07-13 16:35:08,979 INFO  impl.RaftServerProxy (RaftServerProxy.java:addNew(89)) - c7d1ea11-7113-4264-995b-e989effa6b06: addNew group-CA16FC05437E:[c76d1c65-67b2-450d-ae52-65665312ef17:192.168.5.187:37040, 96b6e699-3a35-4882-9e02-2a1e86df0e6d:192.168.5.187:38385, c7d1ea11-7113-4264-995b-e989effa6b06:192.168.5.187:43946] returns group-CA16FC05437E:java.util.concurrent.CompletableFuture@f82d947[Not completed]
2019-07-13 16:35:08,979 INFO  impl.RaftServerImpl (RaftServerImpl.java:<init>(93)) - 96b6e699-3a35-4882-9e02-2a1e86df0e6d: new RaftServerImpl for group-CA16FC05437E:[c76d1c65-67b2-450d-ae52-65665312ef17:192.168.5.187:37040, 96b6e699-3a35-4882-9e02-2a1e86df0e6d:192.168.5.187:38385, c7d1ea11-7113-4264-995b-e989effa6b06:192.168.5.187:43946] with ContainerStateMachine:uninitialized
2019-07-13 16:35:08,980 INFO  server.RaftServerConfigKeys (ConfUtils.java:logGet(43)) - raft.server.rpc.timeout.min = 5s (custom)
2019-07-13 16:35:08,980 INFO  server.RaftServerConfigKeys (ConfUtils.java:logGet(43)) - raft.server.rpc.timeout.max = 5200ms (custom)
2019-07-13 16:35:08,980 INFO  server.RaftServerConfigKeys (ConfUtils.java:logGet(43)) - raft.server.rpcslowness.timeout = 120s (custom)
2019-07-13 16:35:08,980 INFO  server.RaftServerConfigKeys (ConfUtils.java:logGet(43)) - raft.server.sleep.deviation.threshold = 300 (default)
2019-07-13 16:35:08,980 INFO  server.RaftServerConfigKeys (ConfUtils.java:logGet(43)) - raft.server.log.appender.install.snapshot.enabled = false (custom)
2019-07-13 16:35:08,980 INFO  impl.RaftServerImpl (ServerState.java:<init>(105)) - 96b6e699-3a35-4882-9e02-2a1e86df0e6d:group-CA16FC05437E ConfigurationManager, init=-1: [c76d1c65-67b2-450d-ae52-65665312ef17:192.168.5.187:37040, 96b6e699-3a35-4882-9e02-2a1e86df0e6d:192.168.5.187:38385, c7d1ea11-7113-4264-995b-e989effa6b06:192.168.5.187:43946], old=null, confs=<EMPTY_MAP>
2019-07-13 16:35:08,981 INFO  server.RaftServerConfigKeys (ConfUtils.java:logGet(43)) - raft.server.storage.dir = [/tmp/workdir/hadoop-ozone/integration-test/target/test-dir/MiniOzoneClusterImpl-693975b3-5718-46d1-a40b-7368a7ae1527/datanode-2/data/ratis] (custom)
2019-07-13 16:35:08,981 INFO  impl.RaftServerImpl (RaftServerImpl.java:<init>(93)) - c76d1c65-67b2-450d-ae52-65665312ef17: new RaftServerImpl for group-CA16FC05437E:[c76d1c65-67b2-450d-ae52-65665312ef17:192.168.5.187:37040, 96b6e699-3a35-4882-9e02-2a1e86df0e6d:192.168.5.187:38385, c7d1ea11-7113-4264-995b-e989effa6b06:192.168.5.187:43946] with ContainerStateMachine:uninitialized
2019-07-13 16:35:08,981 INFO  server.RaftServerConfigKeys (ConfUtils.java:logGet(43)) - raft.server.rpc.timeout.min = 5s (custom)
2019-07-13 16:35:08,981 INFO  storage.RaftStorageDirectory (RaftStorageDirectory.java:analyzeStorage(246)) - The storage directory /tmp/workdir/hadoop-ozone/integration-test/target/test-dir/MiniOzoneClusterImpl-693975b3-5718-46d1-a40b-7368a7ae1527/datanode-2/data/ratis/8666b954-f0cb-4215-8427-ca16fc05437e does not exist. Creating ...
2019-07-13 16:35:08,981 INFO  server.RaftServerConfigKeys (ConfUtils.java:logGet(43)) - raft.server.rpc.timeout.max = 5200ms (custom)
2019-07-13 16:35:08,981 INFO  impl.RaftServerImpl (RaftServerImpl.java:<init>(93)) - c7d1ea11-7113-4264-995b-e989effa6b06: new RaftServerImpl for group-CA16FC05437E:[c76d1c65-67b2-450d-ae52-65665312ef17:192.168.5.187:37040, 96b6e699-3a35-4882-9e02-2a1e86df0e6d:192.168.5.187:38385, c7d1ea11-7113-4264-995b-e989effa6b06:192.168.5.187:43946] with ContainerStateMachine:uninitialized
2019-07-13 16:35:08,981 INFO  server.RaftServerConfigKeys (ConfUtils.java:logGet(43)) - raft.server.rpcslowness.timeout = 120s (custom)
2019-07-13 16:35:08,981 INFO  server.RaftServerConfigKeys (ConfUtils.java:logGet(43)) - raft.server.rpc.timeout.min = 5s (custom)
2019-07-13 16:35:08,982 INFO  server.RaftServerConfigKeys (ConfUtils.java:logGet(43)) - raft.server.sleep.deviation.threshold = 300 (default)
2019-07-13 16:35:08,982 INFO  server.RaftServerConfigKeys (ConfUtils.java:logGet(43)) - raft.server.rpc.timeout.max = 5200ms (custom)
2019-07-13 16:35:08,982 INFO  server.RaftServerConfigKeys (ConfUtils.java:logGet(43)) - raft.server.log.appender.install.snapshot.enabled = false (custom)
2019-07-13 16:35:08,982 INFO  server.RaftServerConfigKeys (ConfUtils.java:logGet(43)) - raft.server.rpcslowness.timeout = 120s (custom)
2019-07-13 16:35:08,982 INFO  impl.RaftServerImpl (ServerState.java:<init>(105)) - c76d1c65-67b2-450d-ae52-65665312ef17:group-CA16FC05437E ConfigurationManager, init=-1: [c76d1c65-67b2-450d-ae52-65665312ef17:192.168.5.187:37040, 96b6e699-3a35-4882-9e02-2a1e86df0e6d:192.168.5.187:38385, c7d1ea11-7113-4264-995b-e989effa6b06:192.168.5.187:43946], old=null, confs=<EMPTY_MAP>
2019-07-13 16:35:08,982 INFO  server.RaftServerConfigKeys (ConfUtils.java:logGet(43)) - raft.server.sleep.deviation.threshold = 300 (default)
2019-07-13 16:35:08,983 INFO  server.RaftServerConfigKeys (ConfUtils.java:logGet(43)) - raft.server.storage.dir = [/tmp/workdir/hadoop-ozone/integration-test/target/test-dir/MiniOzoneClusterImpl-693975b3-5718-46d1-a40b-7368a7ae1527/datanode-1/data/ratis] (custom)
2019-07-13 16:35:08,983 INFO  server.RaftServerConfigKeys (ConfUtils.java:logGet(43)) - raft.server.log.appender.install.snapshot.enabled = false (custom)
2019-07-13 16:35:08,983 INFO  impl.RaftServerImpl (ServerState.java:<init>(105)) - c7d1ea11-7113-4264-995b-e989effa6b06:group-CA16FC05437E ConfigurationManager, init=-1: [c76d1c65-67b2-450d-ae52-65665312ef17:192.168.5.187:37040, 96b6e699-3a35-4882-9e02-2a1e86df0e6d:192.168.5.187:38385, c7d1ea11-7113-4264-995b-e989effa6b06:192.168.5.187:43946], old=null, confs=<EMPTY_MAP>
2019-07-13 16:35:08,983 INFO  storage.RaftStorageDirectory (RaftStorageDirectory.java:analyzeStorage(246)) - The storage directory /tmp/workdir/hadoop-ozone/integration-test/target/test-dir/MiniOzoneClusterImpl-693975b3-5718-46d1-a40b-7368a7ae1527/datanode-1/data/ratis/8666b954-f0cb-4215-8427-ca16fc05437e does not exist. Creating ...
2019-07-13 16:35:08,983 INFO  server.RaftServerConfigKeys (ConfUtils.java:logGet(43)) - raft.server.storage.dir = [/tmp/workdir/hadoop-ozone/integration-test/target/test-dir/MiniOzoneClusterImpl-693975b3-5718-46d1-a40b-7368a7ae1527/datanode-0/data/ratis] (custom)
2019-07-13 16:35:08,984 INFO  storage.RaftStorageDirectory (RaftStorageDirectory.java:analyzeStorage(246)) - The storage directory /tmp/workdir/hadoop-ozone/integration-test/target/test-dir/MiniOzoneClusterImpl-693975b3-5718-46d1-a40b-7368a7ae1527/datanode-0/data/ratis/8666b954-f0cb-4215-8427-ca16fc05437e does not exist. Creating ...
2019-07-13 16:35:08,993 INFO  storage.RaftStorageDirectory (RaftStorageDirectory.java:tryLock(328)) - Lock on /tmp/workdir/hadoop-ozone/integration-test/target/test-dir/MiniOzoneClusterImpl-693975b3-5718-46d1-a40b-7368a7ae1527/datanode-1/data/ratis/8666b954-f0cb-4215-8427-ca16fc05437e/in_use.lock acquired by nodename 30505@trunk-nightly-z92hn-1831959607
2019-07-13 16:35:08,993 INFO  storage.RaftStorageDirectory (RaftStorageDirectory.java:tryLock(328)) - Lock on /tmp/workdir/hadoop-ozone/integration-test/target/test-dir/MiniOzoneClusterImpl-693975b3-5718-46d1-a40b-7368a7ae1527/datanode-0/data/ratis/8666b954-f0cb-4215-8427-ca16fc05437e/in_use.lock acquired by nodename 30505@trunk-nightly-z92hn-1831959607
2019-07-13 16:35:08,993 INFO  storage.RaftStorageDirectory (RaftStorageDirectory.java:tryLock(328)) - Lock on /tmp/workdir/hadoop-ozone/integration-test/target/test-dir/MiniOzoneClusterImpl-693975b3-5718-46d1-a40b-7368a7ae1527/datanode-2/data/ratis/8666b954-f0cb-4215-8427-ca16fc05437e/in_use.lock acquired by nodename 30505@trunk-nightly-z92hn-1831959607
2019-07-13 16:35:09,008 INFO  storage.RaftStorage (RaftStorage.java:format(72)) - Storage directory /tmp/workdir/hadoop-ozone/integration-test/target/test-dir/MiniOzoneClusterImpl-693975b3-5718-46d1-a40b-7368a7ae1527/datanode-1/data/ratis/8666b954-f0cb-4215-8427-ca16fc05437e has been successfully formatted.
2019-07-13 16:35:09,008 INFO  storage.RaftStorage (RaftStorage.java:format(72)) - Storage directory /tmp/workdir/hadoop-ozone/integration-test/target/test-dir/MiniOzoneClusterImpl-693975b3-5718-46d1-a40b-7368a7ae1527/datanode-0/data/ratis/8666b954-f0cb-4215-8427-ca16fc05437e has been successfully formatted.
2019-07-13 16:35:09,008 INFO  storage.RaftStorage (RaftStorage.java:format(72)) - Storage directory /tmp/workdir/hadoop-ozone/integration-test/target/test-dir/MiniOzoneClusterImpl-693975b3-5718-46d1-a40b-7368a7ae1527/datanode-2/data/ratis/8666b954-f0cb-4215-8427-ca16fc05437e has been successfully formatted.
2019-07-13 16:35:09,008 INFO  ratis.ContainerStateMachine (ContainerStateMachine.java:loadSnapshot(200)) - The snapshot info is null.Setting the last applied index to:(t:0, i:~)
2019-07-13 16:35:09,008 INFO  ratis.ContainerStateMachine (ContainerStateMachine.java:loadSnapshot(200)) - The snapshot info is null.Setting the last applied index to:(t:0, i:~)
2019-07-13 16:35:09,008 INFO  ratis.ContainerStateMachine (ContainerStateMachine.java:loadSnapshot(200)) - The snapshot info is null.Setting the last applied index to:(t:0, i:~)
2019-07-13 16:35:09,009 INFO  server.RaftServerConfigKeys (ConfUtils.java:logGet(43)) - raft.server.leader.election.timeout = 120s (custom)
2019-07-13 16:35:09,008 INFO  server.RaftServerConfigKeys (ConfUtils.java:logGet(43)) - raft.server.leader.election.timeout = 120s (custom)
2019-07-13 16:35:09,009 INFO  server.RaftServerConfigKeys (ConfUtils.java:logGet(43)) - raft.server.log.use.memory = false (default)
2019-07-13 16:35:09,009 INFO  server.RaftServerConfigKeys (ConfUtils.java:logGet(43)) - raft.server.leader.election.timeout = 120s (custom)
2019-07-13 16:35:09,009 INFO  server.RaftServerConfigKeys (ConfUtils.java:logGet(43)) - raft.server.log.purge.gap = 1000000000 (custom)
2019-07-13 16:35:09,009 INFO  server.RaftServerConfigKeys (ConfUtils.java:logGet(43)) - raft.server.log.use.memory = false (default)
2019-07-13 16:35:09,010 INFO  server.RaftServerConfigKeys (ConfUtils.java:logGet(43)) - raft.server.log.appender.buffer.byte-limit = 33554432 (custom)
2019-07-13 16:35:09,009 INFO  server.RaftServerConfigKeys (ConfUtils.java:logGet(43)) - raft.server.log.use.memory = false (default)
2019-07-13 16:35:09,010 INFO  server.RaftServerConfigKeys (ConfUtils.java:logGet(43)) - raft.server.log.segment.size.max = 1048576 (custom)
2019-07-13 16:35:09,010 INFO  server.RaftServerConfigKeys (ConfUtils.java:logGet(43)) - raft.server.log.purge.gap = 1000000000 (custom)
2019-07-13 16:35:09,010 INFO  server.RaftServerConfigKeys (ConfUtils.java:logGet(43)) - raft.server.log.segment.cache.num.max = 2 (custom)
2019-07-13 16:35:09,010 INFO  server.RaftServerConfigKeys (ConfUtils.java:logGet(43)) - raft.server.log.purge.gap = 1000000000 (custom)
2019-07-13 16:35:09,010 INFO  segmented.SegmentedRaftLogWorker (SegmentedRaftLogWorker.java:<init>(172)) - new 96b6e699-3a35-4882-9e02-2a1e86df0e6d-SegmentedRaftLogWorker:Storage Directory /tmp/workdir/hadoop-ozone/integration-test/target/test-dir/MiniOzoneClusterImpl-693975b3-5718-46d1-a40b-7368a7ae1527/datanode-2/data/ratis/8666b954-f0cb-4215-8427-ca16fc05437e for RaftStorage:Storage Directory /tmp/workdir/hadoop-ozone/integration-test/target/test-dir/MiniOzoneClusterImpl-693975b3-5718-46d1-a40b-7368a7ae1527/datanode-2/data/ratis/8666b954-f0cb-4215-8427-ca16fc05437e
2019-07-13 16:35:09,010 INFO  server.RaftServerConfigKeys (ConfUtils.java:logGet(43)) - raft.server.log.appender.buffer.byte-limit = 33554432 (custom)
2019-07-13 16:35:09,011 INFO  server.RaftServerConfigKeys (ConfUtils.java:logGet(43)) - raft.server.log.queue.byte-limit = 2147483647 (custom)
2019-07-13 16:35:09,011 INFO  server.RaftServerConfigKeys (ConfUtils.java:logGet(43)) - raft.server.log.queue.element-limit = 1024 (custom)
2019-07-13 16:35:09,011 INFO  server.RaftServerConfigKeys (ConfUtils.java:logGet(43)) - raft.server.log.appender.buffer.byte-limit = 33554432 (custom)
2019-07-13 16:35:09,011 INFO  server.RaftServerConfigKeys (ConfUtils.java:logGet(43)) - raft.server.log.segment.size.max = 1048576 (custom)
2019-07-13 16:35:09,011 INFO  server.RaftServerConfigKeys (ConfUtils.java:logGet(43)) - raft.server.log.segment.size.max = 1048576 (custom)
2019-07-13 16:35:09,012 INFO  server.RaftServerConfigKeys (ConfUtils.java:logGet(43)) - raft.server.log.preallocated.size = 16384 (custom)
2019-07-13 16:35:09,012 INFO  server.RaftServerConfigKeys (ConfUtils.java:logGet(43)) - raft.server.log.write.buffer.size = 33554432 (custom)
2019-07-13 16:35:09,012 INFO  server.RaftServerConfigKeys (ConfUtils.java:logGet(43)) - raft.server.log.segment.size.max = 1048576 (custom)
2019-07-13 16:35:09,012 INFO  server.RaftServerConfigKeys (ConfUtils.java:logGet(43)) - raft.server.log.force.sync.num = 128 (default)
2019-07-13 16:35:09,012 INFO  server.RaftServerConfigKeys (ConfUtils.java:logGet(43)) - raft.server.log.segment.cache.num.max = 2 (custom)
2019-07-13 16:35:09,013 INFO  server.RaftServerConfigKeys (ConfUtils.java:logGet(43)) - raft.server.log.statemachine.data.sync = true (default)
2019-07-13 16:35:09,012 INFO  server.RaftServerConfigKeys (ConfUtils.java:logGet(43)) - raft.server.log.segment.cache.num.max = 2 (custom)
2019-07-13 16:35:09,013 INFO  server.RaftServerConfigKeys (ConfUtils.java:logGet(43)) - raft.server.log.statemachine.data.sync.timeout = 10s (default)
2019-07-13 16:35:09,013 INFO  segmented.SegmentedRaftLogWorker (SegmentedRaftLogWorker.java:<init>(172)) - new c7d1ea11-7113-4264-995b-e989effa6b06-SegmentedRaftLogWorker:Storage Directory /tmp/workdir/hadoop-ozone/integration-test/target/test-dir/MiniOzoneClusterImpl-693975b3-5718-46d1-a40b-7368a7ae1527/datanode-0/data/ratis/8666b954-f0cb-4215-8427-ca16fc05437e for RaftStorage:Storage Directory /tmp/workdir/hadoop-ozone/integration-test/target/test-dir/MiniOzoneClusterImpl-693975b3-5718-46d1-a40b-7368a7ae1527/datanode-0/data/ratis/8666b954-f0cb-4215-8427-ca16fc05437e
2019-07-13 16:35:09,013 INFO  server.RaftServerConfigKeys (ConfUtils.java:logGet(43)) - raft.server.log.statemachine.data.sync.timeout.retry = -1 (default)
2019-07-13 16:35:09,013 INFO  segmented.SegmentedRaftLogWorker (SegmentedRaftLogWorker.java:<init>(172)) - new c76d1c65-67b2-450d-ae52-65665312ef17-SegmentedRaftLogWorker:Storage Directory /tmp/workdir/hadoop-ozone/integration-test/target/test-dir/MiniOzoneClusterImpl-693975b3-5718-46d1-a40b-7368a7ae1527/datanode-1/data/ratis/8666b954-f0cb-4215-8427-ca16fc05437e for RaftStorage:Storage Directory /tmp/workdir/hadoop-ozone/integration-test/target/test-dir/MiniOzoneClusterImpl-693975b3-5718-46d1-a40b-7368a7ae1527/datanode-1/data/ratis/8666b954-f0cb-4215-8427-ca16fc05437e
2019-07-13 16:35:09,014 INFO  server.RaftServerConfigKeys (ConfUtils.java:logGet(43)) - raft.server.log.statemachine.data.caching.enabled = true (custom)
2019-07-13 16:35:09,013 INFO  server.RaftServerConfigKeys (ConfUtils.java:logGet(43)) - raft.server.log.queue.byte-limit = 2147483647 (custom)
2019-07-13 16:35:09,014 INFO  server.RaftServerConfigKeys (ConfUtils.java:logGet(43)) - raft.server.log.queue.byte-limit = 2147483647 (custom)
2019-07-13 16:35:09,014 INFO  segmented.SegmentedRaftLogWorker (SegmentedRaftLogWorker.java:lambda$new$0(132)) - 96b6e699-3a35-4882-9e02-2a1e86df0e6d-SegmentedRaftLogWorker:Storage Directory /tmp/workdir/hadoop-ozone/integration-test/target/test-dir/MiniOzoneClusterImpl-693975b3-5718-46d1-a40b-7368a7ae1527/datanode-2/data/ratis/8666b954-f0cb-4215-8427-ca16fc05437e: flushIndex: setUnconditionally 0 -> -1
2019-07-13 16:35:09,014 INFO  server.RaftServerConfigKeys (ConfUtils.java:logGet(43)) - raft.server.log.queue.element-limit = 1024 (custom)
2019-07-13 16:35:09,014 INFO  server.RaftServerConfigKeys (ConfUtils.java:logGet(43)) - raft.server.log.queue.element-limit = 1024 (custom)
2019-07-13 16:35:09,015 INFO  server.RaftServerConfigKeys (ConfUtils.java:logGet(43)) - raft.server.snapshot.auto.trigger.enabled = true (custom)
2019-07-13 16:35:09,015 INFO  server.RaftServerConfigKeys (ConfUtils.java:logGet(43)) - raft.server.log.segment.size.max = 1048576 (custom)
2019-07-13 16:35:09,015 INFO  server.RaftServerConfigKeys (ConfUtils.java:logGet(43)) - raft.server.snapshot.auto.trigger.threshold = 10000 (custom)
2019-07-13 16:35:09,015 INFO  server.RaftServerConfigKeys (ConfUtils.java:logGet(43)) - raft.server.log.segment.size.max = 1048576 (custom)
2019-07-13 16:35:09,015 INFO  server.RaftServerConfigKeys (ConfUtils.java:logGet(43)) - raft.server.retrycache.expirytime = 600000ms (custom)
2019-07-13 16:35:09,015 INFO  server.RaftServerConfigKeys (ConfUtils.java:logGet(43)) - raft.server.log.preallocated.size = 16384 (custom)
2019-07-13 16:35:09,016 INFO  impl.RaftServerImpl (RaftServerImpl.java:start(180)) - 96b6e699-3a35-4882-9e02-2a1e86df0e6d: start group-CA16FC05437E
2019-07-13 16:35:09,015 INFO  server.RaftServerConfigKeys (ConfUtils.java:logGet(43)) - raft.server.log.preallocated.size = 16384 (custom)
2019-07-13 16:35:09,016 INFO  impl.RaftServerImpl (RaftServerImpl.java:setRole(171)) - 96b6e699-3a35-4882-9e02-2a1e86df0e6d:group-CA16FC05437E changes role from null to FOLLOWER at term 0 for startAsFollower
2019-07-13 16:35:09,016 INFO  server.RaftServerConfigKeys (ConfUtils.java:logGet(43)) - raft.server.log.write.buffer.size = 33554432 (custom)
2019-07-13 16:35:09,016 INFO  impl.RoleInfo (RoleInfo.java:updateAndGet(143)) - 96b6e699-3a35-4882-9e02-2a1e86df0e6d: start FollowerState
2019-07-13 16:35:09,016 INFO  server.RaftServerConfigKeys (ConfUtils.java:logGet(43)) - raft.server.log.write.buffer.size = 33554432 (custom)
2019-07-13 16:35:09,016 INFO  server.RaftServerConfigKeys (ConfUtils.java:logGet(43)) - raft.server.log.force.sync.num = 128 (default)
2019-07-13 16:35:09,029 INFO  util.JmxRegister (JmxRegister.java:tryRegister(44)) - Successfully registered JMX Bean with object name Ratis:service=RaftServer,group=group-CA16FC05437E,id=96b6e699-3a35-4882-9e02-2a1e86df0e6d
2019-07-13 16:35:09,017 INFO  server.RaftServerConfigKeys (ConfUtils.java:logGet(43)) - raft.server.log.force.sync.num = 128 (default)
2019-07-13 16:35:09,030 INFO  server.RaftServerConfigKeys (ConfUtils.java:logGet(43)) - raft.server.log.statemachine.data.sync = true (default)
2019-07-13 16:35:09,030 INFO  server.RaftServerConfigKeys (ConfUtils.java:logGet(43)) - raft.server.log.statemachine.data.sync = true (default)
2019-07-13 16:35:09,038 INFO  server.RaftServerConfigKeys (ConfUtils.java:logGet(43)) - raft.server.log.statemachine.data.sync.timeout = 10s (default)
2019-07-13 16:35:09,038 INFO  server.RaftServerConfigKeys (ConfUtils.java:logGet(43)) - raft.server.log.statemachine.data.sync.timeout = 10s (default)
2019-07-13 16:35:09,038 INFO  server.RaftServerConfigKeys (ConfUtils.java:logGet(43)) - raft.server.log.statemachine.data.sync.timeout.retry = -1 (default)
2019-07-13 16:35:09,038 INFO  server.RaftServerConfigKeys (ConfUtils.java:logGet(43)) - raft.server.log.statemachine.data.sync.timeout.retry = -1 (default)
2019-07-13 16:35:09,038 INFO  server.RaftServerConfigKeys (ConfUtils.java:logGet(43)) - raft.server.log.statemachine.data.caching.enabled = true (custom)
2019-07-13 16:35:09,041 INFO  server.RaftServerConfigKeys (ConfUtils.java:logGet(43)) - raft.server.log.statemachine.data.caching.enabled = true (custom)
2019-07-13 16:35:09,041 INFO  segmented.SegmentedRaftLogWorker (SegmentedRaftLogWorker.java:lambda$new$0(132)) - c7d1ea11-7113-4264-995b-e989effa6b06-SegmentedRaftLogWorker:Storage Directory /tmp/workdir/hadoop-ozone/integration-test/target/test-dir/MiniOzoneClusterImpl-693975b3-5718-46d1-a40b-7368a7ae1527/datanode-0/data/ratis/8666b954-f0cb-4215-8427-ca16fc05437e: flushIndex: setUnconditionally 0 -> -1
2019-07-13 16:35:09,041 INFO  segmented.SegmentedRaftLogWorker (SegmentedRaftLogWorker.java:lambda$new$0(132)) - c76d1c65-67b2-450d-ae52-65665312ef17-SegmentedRaftLogWorker:Storage Directory /tmp/workdir/hadoop-ozone/integration-test/target/test-dir/MiniOzoneClusterImpl-693975b3-5718-46d1-a40b-7368a7ae1527/datanode-1/data/ratis/8666b954-f0cb-4215-8427-ca16fc05437e: flushIndex: setUnconditionally 0 -> -1
2019-07-13 16:35:09,042 INFO  server.RaftServerConfigKeys (ConfUtils.java:logGet(43)) - raft.server.snapshot.auto.trigger.enabled = true (custom)
2019-07-13 16:35:09,042 INFO  server.RaftServerConfigKeys (ConfUtils.java:logGet(43)) - raft.server.snapshot.auto.trigger.threshold = 10000 (custom)
2019-07-13 16:35:09,042 INFO  server.RaftServerConfigKeys (ConfUtils.java:logGet(43)) - raft.server.snapshot.auto.trigger.enabled = true (custom)
2019-07-13 16:35:09,042 INFO  server.RaftServerConfigKeys (ConfUtils.java:logGet(43)) - raft.server.retrycache.expirytime = 600000ms (custom)
2019-07-13 16:35:09,042 INFO  server.RaftServerConfigKeys (ConfUtils.java:logGet(43)) - raft.server.snapshot.auto.trigger.threshold = 10000 (custom)
2019-07-13 16:35:09,042 INFO  impl.RaftServerImpl (RaftServerImpl.java:start(180)) - c7d1ea11-7113-4264-995b-e989effa6b06: start group-CA16FC05437E
2019-07-13 16:35:09,042 INFO  server.RaftServerConfigKeys (ConfUtils.java:logGet(43)) - raft.server.retrycache.expirytime = 600000ms (custom)
2019-07-13 16:35:09,043 INFO  impl.RaftServerImpl (RaftServerImpl.java:setRole(171)) - c7d1ea11-7113-4264-995b-e989effa6b06:group-CA16FC05437E changes role from null to FOLLOWER at term 0 for startAsFollower
2019-07-13 16:35:09,043 INFO  impl.RaftServerImpl (RaftServerImpl.java:start(180)) - c76d1c65-67b2-450d-ae52-65665312ef17: start group-CA16FC05437E
2019-07-13 16:35:09,043 INFO  impl.RoleInfo (RoleInfo.java:updateAndGet(143)) - c7d1ea11-7113-4264-995b-e989effa6b06: start FollowerState
2019-07-13 16:35:09,043 INFO  impl.RaftServerImpl (RaftServerImpl.java:setRole(171)) - c76d1c65-67b2-450d-ae52-65665312ef17:group-CA16FC05437E changes role from null to FOLLOWER at term 0 for startAsFollower
2019-07-13 16:35:09,043 INFO  impl.RoleInfo (RoleInfo.java:updateAndGet(143)) - c76d1c65-67b2-450d-ae52-65665312ef17: start FollowerState
2019-07-13 16:35:09,043 INFO  util.JmxRegister (JmxRegister.java:tryRegister(44)) - Successfully registered JMX Bean with object name Ratis:service=RaftServer,group=group-CA16FC05437E,id=c7d1ea11-7113-4264-995b-e989effa6b06
2019-07-13 16:35:09,044 INFO  util.JmxRegister (JmxRegister.java:tryRegister(44)) - Successfully registered JMX Bean with object name Ratis:service=RaftServer,group=group-CA16FC05437E,id=c76d1c65-67b2-450d-ae52-65665312ef17
2019-07-13 16:35:09,050 INFO  pipeline.PipelineStateManager (PipelineStateManager.java:addPipeline(56)) - Created pipeline Pipeline[ Id: 8666b954-f0cb-4215-8427-ca16fc05437e, Nodes: c76d1c65-67b2-450d-ae52-65665312ef17{ip: 192.168.5.187, host: trunk-nightly-z92hn-1831959607, networkLocation: /default-rack, certSerialId: null}96b6e699-3a35-4882-9e02-2a1e86df0e6d{ip: 192.168.5.187, host: trunk-nightly-z92hn-1831959607, networkLocation: /default-rack, certSerialId: null}c7d1ea11-7113-4264-995b-e989effa6b06{ip: 192.168.5.187, host: trunk-nightly-z92hn-1831959607, networkLocation: /default-rack, certSerialId: null}, Type:RATIS, Factor:THREE, State:OPEN]
2019-07-13 16:35:09,086 INFO  node.SCMNodeManager (SCMNodeManager.java:register(269)) - Registered Data node : 1994cf6e-8caa-4a35-8bc9-e1784edec90e{ip: 192.168.5.187, host: trunk-nightly-z92hn-1831959607, networkLocation: /default-rack, certSerialId: null}
2019-07-13 16:35:09,095 INFO  impl.RaftServerProxy (RaftServerProxy.java:addNew(89)) - 1994cf6e-8caa-4a35-8bc9-e1784edec90e: addNew group-74B1FA6A476F:[1994cf6e-8caa-4a35-8bc9-e1784edec90e:192.168.5.187:45646] returns group-74B1FA6A476F:java.util.concurrent.CompletableFuture@6f5a1adc[Not completed]
2019-07-13 16:35:09,096 INFO  impl.RaftServerImpl (RaftServerImpl.java:<init>(93)) - 1994cf6e-8caa-4a35-8bc9-e1784edec90e: new RaftServerImpl for group-74B1FA6A476F:[1994cf6e-8caa-4a35-8bc9-e1784edec90e:192.168.5.187:45646] with ContainerStateMachine:uninitialized
2019-07-13 16:35:09,096 INFO  server.RaftServerConfigKeys (ConfUtils.java:logGet(43)) - raft.server.rpc.timeout.min = 5s (custom)
2019-07-13 16:35:09,097 INFO  server.RaftServerConfigKeys (ConfUtils.java:logGet(43)) - raft.server.rpc.timeout.max = 5200ms (custom)
2019-07-13 16:35:09,097 INFO  server.RaftServerConfigKeys (ConfUtils.java:logGet(43)) - raft.server.rpcslowness.timeout = 120s (custom)
2019-07-13 16:35:09,097 INFO  server.RaftServerConfigKeys (ConfUtils.java:logGet(43)) - raft.server.sleep.deviation.threshold = 300 (default)
2019-07-13 16:35:09,097 INFO  server.RaftServerConfigKeys (ConfUtils.java:logGet(43)) - raft.server.log.appender.install.snapshot.enabled = false (custom)
2019-07-13 16:35:09,097 INFO  impl.RaftServerImpl (ServerState.java:<init>(105)) - 1994cf6e-8caa-4a35-8bc9-e1784edec90e:group-74B1FA6A476F ConfigurationManager, init=-1: [1994cf6e-8caa-4a35-8bc9-e1784edec90e:192.168.5.187:45646], old=null, confs=<EMPTY_MAP>
2019-07-13 16:35:09,097 INFO  server.RaftServerConfigKeys (ConfUtils.java:logGet(43)) - raft.server.storage.dir = [/tmp/workdir/hadoop-ozone/integration-test/target/test-dir/MiniOzoneClusterImpl-693975b3-5718-46d1-a40b-7368a7ae1527/datanode-3/data/ratis] (custom)
2019-07-13 16:35:09,098 INFO  storage.RaftStorageDirectory (RaftStorageDirectory.java:analyzeStorage(246)) - The storage directory /tmp/workdir/hadoop-ozone/integration-test/target/test-dir/MiniOzoneClusterImpl-693975b3-5718-46d1-a40b-7368a7ae1527/datanode-3/data/ratis/9790abec-1c6b-478e-991d-74b1fa6a476f does not exist. Creating ...
2019-07-13 16:35:09,109 INFO  storage.RaftStorageDirectory (RaftStorageDirectory.java:tryLock(328)) - Lock on /tmp/workdir/hadoop-ozone/integration-test/target/test-dir/MiniOzoneClusterImpl-693975b3-5718-46d1-a40b-7368a7ae1527/datanode-3/data/ratis/9790abec-1c6b-478e-991d-74b1fa6a476f/in_use.lock acquired by nodename 30505@trunk-nightly-z92hn-1831959607
2019-07-13 16:35:09,121 INFO  storage.RaftStorage (RaftStorage.java:format(72)) - Storage directory /tmp/workdir/hadoop-ozone/integration-test/target/test-dir/MiniOzoneClusterImpl-693975b3-5718-46d1-a40b-7368a7ae1527/datanode-3/data/ratis/9790abec-1c6b-478e-991d-74b1fa6a476f has been successfully formatted.
2019-07-13 16:35:09,122 INFO  ratis.ContainerStateMachine (ContainerStateMachine.java:loadSnapshot(200)) - The snapshot info is null.Setting the last applied index to:(t:0, i:~)
2019-07-13 16:35:09,122 INFO  server.RaftServerConfigKeys (ConfUtils.java:logGet(43)) - raft.server.leader.election.timeout = 120s (custom)
2019-07-13 16:35:09,122 INFO  server.RaftServerConfigKeys (ConfUtils.java:logGet(43)) - raft.server.log.use.memory = false (default)
2019-07-13 16:35:09,122 INFO  server.RaftServerConfigKeys (ConfUtils.java:logGet(43)) - raft.server.log.purge.gap = 1000000000 (custom)
2019-07-13 16:35:09,122 INFO  server.RaftServerConfigKeys (ConfUtils.java:logGet(43)) - raft.server.log.appender.buffer.byte-limit = 33554432 (custom)
2019-07-13 16:35:09,122 INFO  server.RaftServerConfigKeys (ConfUtils.java:logGet(43)) - raft.server.log.segment.size.max = 1048576 (custom)
2019-07-13 16:35:09,123 INFO  server.RaftServerConfigKeys (ConfUtils.java:logGet(43)) - raft.server.log.segment.cache.num.max = 2 (custom)
2019-07-13 16:35:09,123 INFO  segmented.SegmentedRaftLogWorker (SegmentedRaftLogWorker.java:<init>(172)) - new 1994cf6e-8caa-4a35-8bc9-e1784edec90e-SegmentedRaftLogWorker:Storage Directory /tmp/workdir/hadoop-ozone/integration-test/target/test-dir/MiniOzoneClusterImpl-693975b3-5718-46d1-a40b-7368a7ae1527/datanode-3/data/ratis/9790abec-1c6b-478e-991d-74b1fa6a476f for RaftStorage:Storage Directory /tmp/workdir/hadoop-ozone/integration-test/target/test-dir/MiniOzoneClusterImpl-693975b3-5718-46d1-a40b-7368a7ae1527/datanode-3/data/ratis/9790abec-1c6b-478e-991d-74b1fa6a476f
2019-07-13 16:35:09,123 INFO  server.RaftServerConfigKeys (ConfUtils.java:logGet(43)) - raft.server.log.queue.byte-limit = 2147483647 (custom)
2019-07-13 16:35:09,123 INFO  server.RaftServerConfigKeys (ConfUtils.java:logGet(43)) - raft.server.log.queue.element-limit = 1024 (custom)
2019-07-13 16:35:09,123 INFO  server.RaftServerConfigKeys (ConfUtils.java:logGet(43)) - raft.server.log.segment.size.max = 1048576 (custom)
2019-07-13 16:35:09,124 INFO  server.RaftServerConfigKeys (ConfUtils.java:logGet(43)) - raft.server.log.preallocated.size = 16384 (custom)
2019-07-13 16:35:09,124 INFO  server.RaftServerConfigKeys (ConfUtils.java:logGet(43)) - raft.server.log.write.buffer.size = 33554432 (custom)
2019-07-13 16:35:09,124 INFO  server.RaftServerConfigKeys (ConfUtils.java:logGet(43)) - raft.server.log.force.sync.num = 128 (default)
2019-07-13 16:35:09,124 INFO  server.RaftServerConfigKeys (ConfUtils.java:logGet(43)) - raft.server.log.statemachine.data.sync = true (default)
2019-07-13 16:35:09,124 INFO  server.RaftServerConfigKeys (ConfUtils.java:logGet(43)) - raft.server.log.statemachine.data.sync.timeout = 10s (default)
2019-07-13 16:35:09,124 INFO  server.RaftServerConfigKeys (ConfUtils.java:logGet(43)) - raft.server.log.statemachine.data.sync.timeout.retry = -1 (default)
2019-07-13 16:35:09,125 INFO  server.RaftServerConfigKeys (ConfUtils.java:logGet(43)) - raft.server.log.statemachine.data.caching.enabled = true (custom)
2019-07-13 16:35:09,125 INFO  segmented.SegmentedRaftLogWorker (SegmentedRaftLogWorker.java:lambda$new$0(132)) - 1994cf6e-8caa-4a35-8bc9-e1784edec90e-SegmentedRaftLogWorker:Storage Directory /tmp/workdir/hadoop-ozone/integration-test/target/test-dir/MiniOzoneClusterImpl-693975b3-5718-46d1-a40b-7368a7ae1527/datanode-3/data/ratis/9790abec-1c6b-478e-991d-74b1fa6a476f: flushIndex: setUnconditionally 0 -> -1
2019-07-13 16:35:09,126 INFO  server.RaftServerConfigKeys (ConfUtils.java:logGet(43)) - raft.server.snapshot.auto.trigger.enabled = true (custom)
2019-07-13 16:35:09,126 INFO  server.RaftServerConfigKeys (ConfUtils.java:logGet(43)) - raft.server.snapshot.auto.trigger.threshold = 10000 (custom)
2019-07-13 16:35:09,126 INFO  server.RaftServerConfigKeys (ConfUtils.java:logGet(43)) - raft.server.retrycache.expirytime = 600000ms (custom)
2019-07-13 16:35:09,126 INFO  impl.RaftServerImpl (RaftServerImpl.java:start(180)) - 1994cf6e-8caa-4a35-8bc9-e1784edec90e: start group-74B1FA6A476F
2019-07-13 16:35:09,126 INFO  impl.RaftServerImpl (RaftServerImpl.java:setRole(171)) - 1994cf6e-8caa-4a35-8bc9-e1784edec90e:group-74B1FA6A476F changes role from null to FOLLOWER at term 0 for startAsFollower
2019-07-13 16:35:09,126 INFO  impl.RoleInfo (RoleInfo.java:updateAndGet(143)) - 1994cf6e-8caa-4a35-8bc9-e1784edec90e: start FollowerState
2019-07-13 16:35:09,127 INFO  util.JmxRegister (JmxRegister.java:tryRegister(44)) - Successfully registered JMX Bean with object name Ratis:service=RaftServer,group=group-74B1FA6A476F,id=1994cf6e-8caa-4a35-8bc9-e1784edec90e
2019-07-13 16:35:09,131 INFO  pipeline.PipelineStateManager (PipelineStateManager.java:addPipeline(56)) - Created pipeline Pipeline[ Id: 9790abec-1c6b-478e-991d-74b1fa6a476f, Nodes: 1994cf6e-8caa-4a35-8bc9-e1784edec90e{ip: 192.168.5.187, host: trunk-nightly-z92hn-1831959607, networkLocation: /default-rack, certSerialId: null}, Type:RATIS, Factor:ONE, State:OPEN]
2019-07-13 16:35:09,398 INFO  node.SCMNodeManager (SCMNodeManager.java:register(269)) - Registered Data node : b01d5846-82d3-4539-ab5a-18c880ca4812{ip: 192.168.5.187, host: trunk-nightly-z92hn-1831959607, networkLocation: /default-rack, certSerialId: null}
2019-07-13 16:35:09,408 INFO  impl.RaftServerProxy (RaftServerProxy.java:addNew(89)) - b01d5846-82d3-4539-ab5a-18c880ca4812: addNew group-FD05CA609CE0:[b01d5846-82d3-4539-ab5a-18c880ca4812:192.168.5.187:33126] returns group-FD05CA609CE0:java.util.concurrent.CompletableFuture@5f9561b7[Not completed]
2019-07-13 16:35:09,409 INFO  impl.RaftServerImpl (RaftServerImpl.java:<init>(93)) - b01d5846-82d3-4539-ab5a-18c880ca4812: new RaftServerImpl for group-FD05CA609CE0:[b01d5846-82d3-4539-ab5a-18c880ca4812:192.168.5.187:33126] with ContainerStateMachine:uninitialized
2019-07-13 16:35:09,409 INFO  server.RaftServerConfigKeys (ConfUtils.java:logGet(43)) - raft.server.rpc.timeout.min = 5s (custom)
2019-07-13 16:35:09,409 INFO  server.RaftServerConfigKeys (ConfUtils.java:logGet(43)) - raft.server.rpc.timeout.max = 5200ms (custom)
2019-07-13 16:35:09,409 INFO  server.RaftServerConfigKeys (ConfUtils.java:logGet(43)) - raft.server.rpcslowness.timeout = 120s (custom)
2019-07-13 16:35:09,410 INFO  server.RaftServerConfigKeys (ConfUtils.java:logGet(43)) - raft.server.sleep.deviation.threshold = 300 (default)
2019-07-13 16:35:09,410 INFO  server.RaftServerConfigKeys (ConfUtils.java:logGet(43)) - raft.server.log.appender.install.snapshot.enabled = false (custom)
2019-07-13 16:35:09,410 INFO  impl.RaftServerImpl (ServerState.java:<init>(105)) - b01d5846-82d3-4539-ab5a-18c880ca4812:group-FD05CA609CE0 ConfigurationManager, init=-1: [b01d5846-82d3-4539-ab5a-18c880ca4812:192.168.5.187:33126], old=null, confs=<EMPTY_MAP>
2019-07-13 16:35:09,410 INFO  server.RaftServerConfigKeys (ConfUtils.java:logGet(43)) - raft.server.storage.dir = [/tmp/workdir/hadoop-ozone/integration-test/target/test-dir/MiniOzoneClusterImpl-693975b3-5718-46d1-a40b-7368a7ae1527/datanode-4/data/ratis] (custom)
2019-07-13 16:35:09,410 INFO  storage.RaftStorageDirectory (RaftStorageDirectory.java:analyzeStorage(246)) - The storage directory /tmp/workdir/hadoop-ozone/integration-test/target/test-dir/MiniOzoneClusterImpl-693975b3-5718-46d1-a40b-7368a7ae1527/datanode-4/data/ratis/ac6aad58-c73f-4b96-88eb-fd05ca609ce0 does not exist. Creating ...
2019-07-13 16:35:09,423 INFO  storage.RaftStorageDirectory (RaftStorageDirectory.java:tryLock(328)) - Lock on /tmp/workdir/hadoop-ozone/integration-test/target/test-dir/MiniOzoneClusterImpl-693975b3-5718-46d1-a40b-7368a7ae1527/datanode-4/data/ratis/ac6aad58-c73f-4b96-88eb-fd05ca609ce0/in_use.lock acquired by nodename 30505@trunk-nightly-z92hn-1831959607
2019-07-13 16:35:09,434 INFO  storage.RaftStorage (RaftStorage.java:format(72)) - Storage directory /tmp/workdir/hadoop-ozone/integration-test/target/test-dir/MiniOzoneClusterImpl-693975b3-5718-46d1-a40b-7368a7ae1527/datanode-4/data/ratis/ac6aad58-c73f-4b96-88eb-fd05ca609ce0 has been successfully formatted.
2019-07-13 16:35:09,435 INFO  ratis.ContainerStateMachine (ContainerStateMachine.java:loadSnapshot(200)) - The snapshot info is null.Setting the last applied index to:(t:0, i:~)
2019-07-13 16:35:09,435 INFO  server.RaftServerConfigKeys (ConfUtils.java:logGet(43)) - raft.server.leader.election.timeout = 120s (custom)
2019-07-13 16:35:09,435 INFO  server.RaftServerConfigKeys (ConfUtils.java:logGet(43)) - raft.server.log.use.memory = false (default)
2019-07-13 16:35:09,435 INFO  server.RaftServerConfigKeys (ConfUtils.java:logGet(43)) - raft.server.log.purge.gap = 1000000000 (custom)
2019-07-13 16:35:09,435 INFO  server.RaftServerConfigKeys (ConfUtils.java:logGet(43)) - raft.server.log.appender.buffer.byte-limit = 33554432 (custom)
2019-07-13 16:35:09,435 INFO  server.RaftServerConfigKeys (ConfUtils.java:logGet(43)) - raft.server.log.segment.size.max = 1048576 (custom)
2019-07-13 16:35:09,436 INFO  server.RaftServerConfigKeys (ConfUtils.java:logGet(43)) - raft.server.log.segment.cache.num.max = 2 (custom)
2019-07-13 16:35:09,436 INFO  segmented.SegmentedRaftLogWorker (SegmentedRaftLogWorker.java:<init>(172)) - new b01d5846-82d3-4539-ab5a-18c880ca4812-SegmentedRaftLogWorker:Storage Directory /tmp/workdir/hadoop-ozone/integration-test/target/test-dir/MiniOzoneClusterImpl-693975b3-5718-46d1-a40b-7368a7ae1527/datanode-4/data/ratis/ac6aad58-c73f-4b96-88eb-fd05ca609ce0 for RaftStorage:Storage Directory /tmp/workdir/hadoop-ozone/integration-test/target/test-dir/MiniOzoneClusterImpl-693975b3-5718-46d1-a40b-7368a7ae1527/datanode-4/data/ratis/ac6aad58-c73f-4b96-88eb-fd05ca609ce0
2019-07-13 16:35:09,436 INFO  server.RaftServerConfigKeys (ConfUtils.java:logGet(43)) - raft.server.log.queue.byte-limit = 2147483647 (custom)
2019-07-13 16:35:09,436 INFO  server.RaftServerConfigKeys (ConfUtils.java:logGet(43)) - raft.server.log.queue.element-limit = 1024 (custom)
2019-07-13 16:35:09,436 INFO  server.RaftServerConfigKeys (ConfUtils.java:logGet(43)) - raft.server.log.segment.size.max = 1048576 (custom)
2019-07-13 16:35:09,437 INFO  server.RaftServerConfigKeys (ConfUtils.java:logGet(43)) - raft.server.log.preallocated.size = 16384 (custom)
2019-07-13 16:35:09,437 INFO  server.RaftServerConfigKeys (ConfUtils.java:logGet(43)) - raft.server.log.write.buffer.size = 33554432 (custom)
2019-07-13 16:35:09,437 INFO  server.RaftServerConfigKeys (ConfUtils.java:logGet(43)) - raft.server.log.force.sync.num = 128 (default)
2019-07-13 16:35:09,437 INFO  server.RaftServerConfigKeys (ConfUtils.java:logGet(43)) - raft.server.log.statemachine.data.sync = true (default)
2019-07-13 16:35:09,437 INFO  server.RaftServerConfigKeys (ConfUtils.java:logGet(43)) - raft.server.log.statemachine.data.sync.timeout = 10s (default)
2019-07-13 16:35:09,437 INFO  server.RaftServerConfigKeys (ConfUtils.java:logGet(43)) - raft.server.log.statemachine.data.sync.timeout.retry = -1 (default)
2019-07-13 16:35:09,438 INFO  server.RaftServerConfigKeys (ConfUtils.java:logGet(43)) - raft.server.log.statemachine.data.caching.enabled = true (custom)
2019-07-13 16:35:09,438 INFO  segmented.SegmentedRaftLogWorker (SegmentedRaftLogWorker.java:lambda$new$0(132)) - b01d5846-82d3-4539-ab5a-18c880ca4812-SegmentedRaftLogWorker:Storage Directory /tmp/workdir/hadoop-ozone/integration-test/target/test-dir/MiniOzoneClusterImpl-693975b3-5718-46d1-a40b-7368a7ae1527/datanode-4/data/ratis/ac6aad58-c73f-4b96-88eb-fd05ca609ce0: flushIndex: setUnconditionally 0 -> -1
2019-07-13 16:35:09,438 INFO  server.RaftServerConfigKeys (ConfUtils.java:logGet(43)) - raft.server.snapshot.auto.trigger.enabled = true (custom)
2019-07-13 16:35:09,438 INFO  server.RaftServerConfigKeys (ConfUtils.java:logGet(43)) - raft.server.snapshot.auto.trigger.threshold = 10000 (custom)
2019-07-13 16:35:09,439 INFO  server.RaftServerConfigKeys (ConfUtils.java:logGet(43)) - raft.server.retrycache.expirytime = 600000ms (custom)
2019-07-13 16:35:09,439 INFO  impl.RaftServerImpl (RaftServerImpl.java:start(180)) - b01d5846-82d3-4539-ab5a-18c880ca4812: start group-FD05CA609CE0
2019-07-13 16:35:09,439 INFO  impl.RaftServerImpl (RaftServerImpl.java:setRole(171)) - b01d5846-82d3-4539-ab5a-18c880ca4812:group-FD05CA609CE0 changes role from null to FOLLOWER at term 0 for startAsFollower
2019-07-13 16:35:09,439 INFO  impl.RoleInfo (RoleInfo.java:updateAndGet(143)) - b01d5846-82d3-4539-ab5a-18c880ca4812: start FollowerState
2019-07-13 16:35:09,439 INFO  util.JmxRegister (JmxRegister.java:tryRegister(44)) - Successfully registered JMX Bean with object name Ratis:service=RaftServer,group=group-FD05CA609CE0,id=b01d5846-82d3-4539-ab5a-18c880ca4812
2019-07-13 16:35:09,444 INFO  pipeline.PipelineStateManager (PipelineStateManager.java:addPipeline(56)) - Created pipeline Pipeline[ Id: ac6aad58-c73f-4b96-88eb-fd05ca609ce0, Nodes: b01d5846-82d3-4539-ab5a-18c880ca4812{ip: 192.168.5.187, host: trunk-nightly-z92hn-1831959607, networkLocation: /default-rack, certSerialId: null}, Type:RATIS, Factor:ONE, State:OPEN]
2019-07-13 16:35:09,599 INFO  node.SCMNodeManager (SCMNodeManager.java:register(269)) - Registered Data node : 65466353-f6f4-496f-8faf-31035af9c270{ip: 192.168.5.187, host: trunk-nightly-z92hn-1831959607, networkLocation: /default-rack, certSerialId: null}
2019-07-13 16:35:09,610 INFO  impl.RaftServerProxy (RaftServerProxy.java:addNew(89)) - 65466353-f6f4-496f-8faf-31035af9c270: addNew group-88E77E55B9D8:[65466353-f6f4-496f-8faf-31035af9c270:192.168.5.187:38666] returns group-88E77E55B9D8:java.util.concurrent.CompletableFuture@5b437e31[Not completed]
2019-07-13 16:35:09,611 INFO  impl.RaftServerImpl (RaftServerImpl.java:<init>(93)) - 65466353-f6f4-496f-8faf-31035af9c270: new RaftServerImpl for group-88E77E55B9D8:[65466353-f6f4-496f-8faf-31035af9c270:192.168.5.187:38666] with ContainerStateMachine:uninitialized
2019-07-13 16:35:09,611 INFO  server.RaftServerConfigKeys (ConfUtils.java:logGet(43)) - raft.server.rpc.timeout.min = 5s (custom)
2019-07-13 16:35:09,611 INFO  server.RaftServerConfigKeys (ConfUtils.java:logGet(43)) - raft.server.rpc.timeout.max = 5200ms (custom)
2019-07-13 16:35:09,612 INFO  server.RaftServerConfigKeys (ConfUtils.java:logGet(43)) - raft.server.rpcslowness.timeout = 120s (custom)
2019-07-13 16:35:09,612 INFO  server.RaftServerConfigKeys (ConfUtils.java:logGet(43)) - raft.server.sleep.deviation.threshold = 300 (default)
2019-07-13 16:35:09,612 INFO  server.RaftServerConfigKeys (ConfUtils.java:logGet(43)) - raft.server.log.appender.install.snapshot.enabled = false (custom)
2019-07-13 16:35:09,612 INFO  impl.RaftServerImpl (ServerState.java:<init>(105)) - 65466353-f6f4-496f-8faf-31035af9c270:group-88E77E55B9D8 ConfigurationManager, init=-1: [65466353-f6f4-496f-8faf-31035af9c270:192.168.5.187:38666], old=null, confs=<EMPTY_MAP>
2019-07-13 16:35:09,612 INFO  server.RaftServerConfigKeys (ConfUtils.java:logGet(43)) - raft.server.storage.dir = [/tmp/workdir/hadoop-ozone/integration-test/target/test-dir/MiniOzoneClusterImpl-693975b3-5718-46d1-a40b-7368a7ae1527/datanode-5/data/ratis] (custom)
2019-07-13 16:35:09,613 INFO  storage.RaftStorageDirectory (RaftStorageDirectory.java:analyzeStorage(246)) - The storage directory /tmp/workdir/hadoop-ozone/integration-test/target/test-dir/MiniOzoneClusterImpl-693975b3-5718-46d1-a40b-7368a7ae1527/datanode-5/data/ratis/26a0c46b-04f0-455b-ac7b-88e77e55b9d8 does not exist. Creating ...
2019-07-13 16:35:09,618 INFO  storage.RaftStorageDirectory (RaftStorageDirectory.java:tryLock(328)) - Lock on /tmp/workdir/hadoop-ozone/integration-test/target/test-dir/MiniOzoneClusterImpl-693975b3-5718-46d1-a40b-7368a7ae1527/datanode-5/data/ratis/26a0c46b-04f0-455b-ac7b-88e77e55b9d8/in_use.lock acquired by nodename 30505@trunk-nightly-z92hn-1831959607
2019-07-13 16:35:09,621 INFO  storage.RaftStorage (RaftStorage.java:format(72)) - Storage directory /tmp/workdir/hadoop-ozone/integration-test/target/test-dir/MiniOzoneClusterImpl-693975b3-5718-46d1-a40b-7368a7ae1527/datanode-5/data/ratis/26a0c46b-04f0-455b-ac7b-88e77e55b9d8 has been successfully formatted.
2019-07-13 16:35:09,621 INFO  ratis.ContainerStateMachine (ContainerStateMachine.java:loadSnapshot(200)) - The snapshot info is null.Setting the last applied index to:(t:0, i:~)
2019-07-13 16:35:09,622 INFO  server.RaftServerConfigKeys (ConfUtils.java:logGet(43)) - raft.server.leader.election.timeout = 120s (custom)
2019-07-13 16:35:09,622 INFO  server.RaftServerConfigKeys (ConfUtils.java:logGet(43)) - raft.server.log.use.memory = false (default)
2019-07-13 16:35:09,622 INFO  server.RaftServerConfigKeys (ConfUtils.java:logGet(43)) - raft.server.log.purge.gap = 1000000000 (custom)
2019-07-13 16:35:09,622 INFO  server.RaftServerConfigKeys (ConfUtils.java:logGet(43)) - raft.server.log.appender.buffer.byte-limit = 33554432 (custom)
2019-07-13 16:35:09,622 INFO  server.RaftServerConfigKeys (ConfUtils.java:logGet(43)) - raft.server.log.segment.size.max = 1048576 (custom)
2019-07-13 16:35:09,622 INFO  server.RaftServerConfigKeys (ConfUtils.java:logGet(43)) - raft.server.log.segment.cache.num.max = 2 (custom)
2019-07-13 16:35:09,623 INFO  segmented.SegmentedRaftLogWorker (SegmentedRaftLogWorker.java:<init>(172)) - new 65466353-f6f4-496f-8faf-31035af9c270-SegmentedRaftLogWorker:Storage Directory /tmp/workdir/hadoop-ozone/integration-test/target/test-dir/MiniOzoneClusterImpl-693975b3-5718-46d1-a40b-7368a7ae1527/datanode-5/data/ratis/26a0c46b-04f0-455b-ac7b-88e77e55b9d8 for RaftStorage:Storage Directory /tmp/workdir/hadoop-ozone/integration-test/target/test-dir/MiniOzoneClusterImpl-693975b3-5718-46d1-a40b-7368a7ae1527/datanode-5/data/ratis/26a0c46b-04f0-455b-ac7b-88e77e55b9d8
2019-07-13 16:35:09,623 INFO  server.RaftServerConfigKeys (ConfUtils.java:logGet(43)) - raft.server.log.queue.byte-limit = 2147483647 (custom)
2019-07-13 16:35:09,623 INFO  server.RaftServerConfigKeys (ConfUtils.java:logGet(43)) - raft.server.log.queue.element-limit = 1024 (custom)
2019-07-13 16:35:09,623 INFO  server.RaftServerConfigKeys (ConfUtils.java:logGet(43)) - raft.server.log.segment.size.max = 1048576 (custom)
2019-07-13 16:35:09,623 INFO  server.RaftServerConfigKeys (ConfUtils.java:logGet(43)) - raft.server.log.preallocated.size = 16384 (custom)
2019-07-13 16:35:09,623 INFO  server.RaftServerConfigKeys (ConfUtils.java:logGet(43)) - raft.server.log.write.buffer.size = 33554432 (custom)
2019-07-13 16:35:09,624 INFO  server.RaftServerConfigKeys (ConfUtils.java:logGet(43)) - raft.server.log.force.sync.num = 128 (default)
2019-07-13 16:35:09,624 INFO  server.RaftServerConfigKeys (ConfUtils.java:logGet(43)) - raft.server.log.statemachine.data.sync = true (default)
2019-07-13 16:35:09,624 INFO  server.RaftServerConfigKeys (ConfUtils.java:logGet(43)) - raft.server.log.statemachine.data.sync.timeout = 10s (default)
2019-07-13 16:35:09,624 INFO  server.RaftServerConfigKeys (ConfUtils.java:logGet(43)) - raft.server.log.statemachine.data.sync.timeout.retry = -1 (default)
2019-07-13 16:35:09,624 INFO  server.RaftServerConfigKeys (ConfUtils.java:logGet(43)) - raft.server.log.statemachine.data.caching.enabled = true (custom)
2019-07-13 16:35:09,625 INFO  segmented.SegmentedRaftLogWorker (SegmentedRaftLogWorker.java:lambda$new$0(132)) - 65466353-f6f4-496f-8faf-31035af9c270-SegmentedRaftLogWorker:Storage Directory /tmp/workdir/hadoop-ozone/integration-test/target/test-dir/MiniOzoneClusterImpl-693975b3-5718-46d1-a40b-7368a7ae1527/datanode-5/data/ratis/26a0c46b-04f0-455b-ac7b-88e77e55b9d8: flushIndex: setUnconditionally 0 -> -1
2019-07-13 16:35:09,625 INFO  server.RaftServerConfigKeys (ConfUtils.java:logGet(43)) - raft.server.snapshot.auto.trigger.enabled = true (custom)
2019-07-13 16:35:09,625 INFO  server.RaftServerConfigKeys (ConfUtils.java:logGet(43)) - raft.server.snapshot.auto.trigger.threshold = 10000 (custom)
2019-07-13 16:35:09,625 INFO  server.RaftServerConfigKeys (ConfUtils.java:logGet(43)) - raft.server.retrycache.expirytime = 600000ms (custom)
2019-07-13 16:35:09,626 INFO  impl.RaftServerImpl (RaftServerImpl.java:start(180)) - 65466353-f6f4-496f-8faf-31035af9c270: start group-88E77E55B9D8
2019-07-13 16:35:09,626 INFO  impl.RaftServerImpl (RaftServerImpl.java:setRole(171)) - 65466353-f6f4-496f-8faf-31035af9c270:group-88E77E55B9D8 changes role from null to FOLLOWER at term 0 for startAsFollower
2019-07-13 16:35:09,626 INFO  impl.RoleInfo (RoleInfo.java:updateAndGet(143)) - 65466353-f6f4-496f-8faf-31035af9c270: start FollowerState
2019-07-13 16:35:09,626 INFO  util.JmxRegister (JmxRegister.java:tryRegister(44)) - Successfully registered JMX Bean with object name Ratis:service=RaftServer,group=group-88E77E55B9D8,id=65466353-f6f4-496f-8faf-31035af9c270
2019-07-13 16:35:09,631 INFO  pipeline.PipelineStateManager (PipelineStateManager.java:addPipeline(56)) - Created pipeline Pipeline[ Id: 26a0c46b-04f0-455b-ac7b-88e77e55b9d8, Nodes: 65466353-f6f4-496f-8faf-31035af9c270{ip: 192.168.5.187, host: trunk-nightly-z92hn-1831959607, networkLocation: /default-rack, certSerialId: null}, Type:RATIS, Factor:ONE, State:OPEN]
2019-07-13 16:35:09,648 INFO  impl.RaftServerProxy (RaftServerProxy.java:addNew(89)) - 1994cf6e-8caa-4a35-8bc9-e1784edec90e: addNew group-765AA58DD5E6:[65466353-f6f4-496f-8faf-31035af9c270:192.168.5.187:38666, 1994cf6e-8caa-4a35-8bc9-e1784edec90e:192.168.5.187:45646, b01d5846-82d3-4539-ab5a-18c880ca4812:192.168.5.187:33126] returns group-765AA58DD5E6:java.util.concurrent.CompletableFuture@1e81ec8a[Not completed]
2019-07-13 16:35:09,651 INFO  impl.RaftServerImpl (RaftServerImpl.java:<init>(93)) - 1994cf6e-8caa-4a35-8bc9-e1784edec90e: new RaftServerImpl for group-765AA58DD5E6:[65466353-f6f4-496f-8faf-31035af9c270:192.168.5.187:38666, 1994cf6e-8caa-4a35-8bc9-e1784edec90e:192.168.5.187:45646, b01d5846-82d3-4539-ab5a-18c880ca4812:192.168.5.187:33126] with ContainerStateMachine:uninitialized
2019-07-13 16:35:09,651 INFO  impl.RaftServerProxy (RaftServerProxy.java:addNew(89)) - b01d5846-82d3-4539-ab5a-18c880ca4812: addNew group-765AA58DD5E6:[65466353-f6f4-496f-8faf-31035af9c270:192.168.5.187:38666, 1994cf6e-8caa-4a35-8bc9-e1784edec90e:192.168.5.187:45646, b01d5846-82d3-4539-ab5a-18c880ca4812:192.168.5.187:33126] returns group-765AA58DD5E6:java.util.concurrent.CompletableFuture@113f2529[Not completed]
2019-07-13 16:35:09,654 INFO  server.RaftServerConfigKeys (ConfUtils.java:logGet(43)) - raft.server.rpc.timeout.min = 5s (custom)
2019-07-13 16:35:09,654 INFO  impl.RaftServerProxy (RaftServerProxy.java:addNew(89)) - 65466353-f6f4-496f-8faf-31035af9c270: addNew group-765AA58DD5E6:[65466353-f6f4-496f-8faf-31035af9c270:192.168.5.187:38666, 1994cf6e-8caa-4a35-8bc9-e1784edec90e:192.168.5.187:45646, b01d5846-82d3-4539-ab5a-18c880ca4812:192.168.5.187:33126] returns group-765AA58DD5E6:java.util.concurrent.CompletableFuture@7f3ae0b5[Not completed]
2019-07-13 16:35:09,654 INFO  server.RaftServerConfigKeys (ConfUtils.java:logGet(43)) - raft.server.rpc.timeout.max = 5200ms (custom)
2019-07-13 16:35:09,654 INFO  impl.RaftServerImpl (RaftServerImpl.java:<init>(93)) - b01d5846-82d3-4539-ab5a-18c880ca4812: new RaftServerImpl for group-765AA58DD5E6:[65466353-f6f4-496f-8faf-31035af9c270:192.168.5.187:38666, 1994cf6e-8caa-4a35-8bc9-e1784edec90e:192.168.5.187:45646, b01d5846-82d3-4539-ab5a-18c880ca4812:192.168.5.187:33126] with ContainerStateMachine:uninitialized
2019-07-13 16:35:09,655 INFO  server.RaftServerConfigKeys (ConfUtils.java:logGet(43)) - raft.server.rpcslowness.timeout = 120s (custom)
2019-07-13 16:35:09,655 INFO  server.RaftServerConfigKeys (ConfUtils.java:logGet(43)) - raft.server.rpc.timeout.min = 5s (custom)
2019-07-13 16:35:09,655 INFO  impl.RaftServerImpl (RaftServerImpl.java:<init>(93)) - 65466353-f6f4-496f-8faf-31035af9c270: new RaftServerImpl for group-765AA58DD5E6:[65466353-f6f4-496f-8faf-31035af9c270:192.168.5.187:38666, 1994cf6e-8caa-4a35-8bc9-e1784edec90e:192.168.5.187:45646, b01d5846-82d3-4539-ab5a-18c880ca4812:192.168.5.187:33126] with ContainerStateMachine:uninitialized
2019-07-13 16:35:09,655 INFO  server.RaftServerConfigKeys (ConfUtils.java:logGet(43)) - raft.server.sleep.deviation.threshold = 300 (default)
2019-07-13 16:35:09,655 INFO  server.RaftServerConfigKeys (ConfUtils.java:logGet(43)) - raft.server.rpc.timeout.min = 5s (custom)
2019-07-13 16:35:09,655 INFO  server.RaftServerConfigKeys (ConfUtils.java:logGet(43)) - raft.server.rpc.timeout.max = 5200ms (custom)
2019-07-13 16:35:09,655 INFO  server.RaftServerConfigKeys (ConfUtils.java:logGet(43)) - raft.server.rpc.timeout.max = 5200ms (custom)
2019-07-13 16:35:09,655 INFO  server.RaftServerConfigKeys (ConfUtils.java:logGet(43)) - raft.server.log.appender.install.snapshot.enabled = false (custom)
2019-07-13 16:35:09,656 INFO  server.RaftServerConfigKeys (ConfUtils.java:logGet(43)) - raft.server.rpcslowness.timeout = 120s (custom)
2019-07-13 16:35:09,656 INFO  server.RaftServerConfigKeys (ConfUtils.java:logGet(43)) - raft.server.sleep.deviation.threshold = 300 (default)
2019-07-13 16:35:09,656 INFO  server.RaftServerConfigKeys (ConfUtils.java:logGet(43)) - raft.server.rpcslowness.timeout = 120s (custom)
2019-07-13 16:35:09,656 INFO  server.RaftServerConfigKeys (ConfUtils.java:logGet(43)) - raft.server.log.appender.install.snapshot.enabled = false (custom)
2019-07-13 16:35:09,656 INFO  impl.RaftServerImpl (ServerState.java:<init>(105)) - 1994cf6e-8caa-4a35-8bc9-e1784edec90e:group-765AA58DD5E6 ConfigurationManager, init=-1: [65466353-f6f4-496f-8faf-31035af9c270:192.168.5.187:38666, 1994cf6e-8caa-4a35-8bc9-e1784edec90e:192.168.5.187:45646, b01d5846-82d3-4539-ab5a-18c880ca4812:192.168.5.187:33126], old=null, confs=<EMPTY_MAP>
2019-07-13 16:35:09,656 INFO  impl.RaftServerImpl (ServerState.java:<init>(105)) - 65466353-f6f4-496f-8faf-31035af9c270:group-765AA58DD5E6 ConfigurationManager, init=-1: [65466353-f6f4-496f-8faf-31035af9c270:192.168.5.187:38666, 1994cf6e-8caa-4a35-8bc9-e1784edec90e:192.168.5.187:45646, b01d5846-82d3-4539-ab5a-18c880ca4812:192.168.5.187:33126], old=null, confs=<EMPTY_MAP>
2019-07-13 16:35:09,656 INFO  server.RaftServerConfigKeys (ConfUtils.java:logGet(43)) - raft.server.sleep.deviation.threshold = 300 (default)
2019-07-13 16:35:09,657 INFO  server.RaftServerConfigKeys (ConfUtils.java:logGet(43)) - raft.server.storage.dir = [/tmp/workdir/hadoop-ozone/integration-test/target/test-dir/MiniOzoneClusterImpl-693975b3-5718-46d1-a40b-7368a7ae1527/datanode-5/data/ratis] (custom)
2019-07-13 16:35:09,657 INFO  server.RaftServerConfigKeys (ConfUtils.java:logGet(43)) - raft.server.storage.dir = [/tmp/workdir/hadoop-ozone/integration-test/target/test-dir/MiniOzoneClusterImpl-693975b3-5718-46d1-a40b-7368a7ae1527/datanode-3/data/ratis] (custom)
2019-07-13 16:35:09,657 INFO  server.RaftServerConfigKeys (ConfUtils.java:logGet(43)) - raft.server.log.appender.install.snapshot.enabled = false (custom)
2019-07-13 16:35:09,657 INFO  storage.RaftStorageDirectory (RaftStorageDirectory.java:analyzeStorage(246)) - The storage directory /tmp/workdir/hadoop-ozone/integration-test/target/test-dir/MiniOzoneClusterImpl-693975b3-5718-46d1-a40b-7368a7ae1527/datanode-5/data/ratis/4a88c411-9ca5-4d15-97cc-765aa58dd5e6 does not exist. Creating ...
2019-07-13 16:35:09,657 INFO  storage.RaftStorageDirectory (RaftStorageDirectory.java:analyzeStorage(246)) - The storage directory /tmp/workdir/hadoop-ozone/integration-test/target/test-dir/MiniOzoneClusterImpl-693975b3-5718-46d1-a40b-7368a7ae1527/datanode-3/data/ratis/4a88c411-9ca5-4d15-97cc-765aa58dd5e6 does not exist. Creating ...
2019-07-13 16:35:09,657 INFO  impl.RaftServerImpl (ServerState.java:<init>(105)) - b01d5846-82d3-4539-ab5a-18c880ca4812:group-765AA58DD5E6 ConfigurationManager, init=-1: [65466353-f6f4-496f-8faf-31035af9c270:192.168.5.187:38666, 1994cf6e-8caa-4a35-8bc9-e1784edec90e:192.168.5.187:45646, b01d5846-82d3-4539-ab5a-18c880ca4812:192.168.5.187:33126], old=null, confs=<EMPTY_MAP>
2019-07-13 16:35:09,658 INFO  server.RaftServerConfigKeys (ConfUtils.java:logGet(43)) - raft.server.storage.dir = [/tmp/workdir/hadoop-ozone/integration-test/target/test-dir/MiniOzoneClusterImpl-693975b3-5718-46d1-a40b-7368a7ae1527/datanode-4/data/ratis] (custom)
2019-07-13 16:35:09,658 INFO  storage.RaftStorageDirectory (RaftStorageDirectory.java:analyzeStorage(246)) - The storage directory /tmp/workdir/hadoop-ozone/integration-test/target/test-dir/MiniOzoneClusterImpl-693975b3-5718-46d1-a40b-7368a7ae1527/datanode-4/data/ratis/4a88c411-9ca5-4d15-97cc-765aa58dd5e6 does not exist. Creating ...
2019-07-13 16:35:09,670 INFO  storage.RaftStorageDirectory (RaftStorageDirectory.java:tryLock(328)) - Lock on /tmp/workdir/hadoop-ozone/integration-test/target/test-dir/MiniOzoneClusterImpl-693975b3-5718-46d1-a40b-7368a7ae1527/datanode-3/data/ratis/4a88c411-9ca5-4d15-97cc-765aa58dd5e6/in_use.lock acquired by nodename 30505@trunk-nightly-z92hn-1831959607
2019-07-13 16:35:09,670 INFO  storage.RaftStorageDirectory (RaftStorageDirectory.java:tryLock(328)) - Lock on /tmp/workdir/hadoop-ozone/integration-test/target/test-dir/MiniOzoneClusterImpl-693975b3-5718-46d1-a40b-7368a7ae1527/datanode-5/data/ratis/4a88c411-9ca5-4d15-97cc-765aa58dd5e6/in_use.lock acquired by nodename 30505@trunk-nightly-z92hn-1831959607
2019-07-13 16:35:09,670 INFO  storage.RaftStorageDirectory (RaftStorageDirectory.java:tryLock(328)) - Lock on /tmp/workdir/hadoop-ozone/integration-test/target/test-dir/MiniOzoneClusterImpl-693975b3-5718-46d1-a40b-7368a7ae1527/datanode-4/data/ratis/4a88c411-9ca5-4d15-97cc-765aa58dd5e6/in_use.lock acquired by nodename 30505@trunk-nightly-z92hn-1831959607
2019-07-13 16:35:09,675 INFO  storage.RaftStorage (RaftStorage.java:format(72)) - Storage directory /tmp/workdir/hadoop-ozone/integration-test/target/test-dir/MiniOzoneClusterImpl-693975b3-5718-46d1-a40b-7368a7ae1527/datanode-3/data/ratis/4a88c411-9ca5-4d15-97cc-765aa58dd5e6 has been successfully formatted.
2019-07-13 16:35:09,675 INFO  storage.RaftStorage (RaftStorage.java:format(72)) - Storage directory /tmp/workdir/hadoop-ozone/integration-test/target/test-dir/MiniOzoneClusterImpl-693975b3-5718-46d1-a40b-7368a7ae1527/datanode-5/data/ratis/4a88c411-9ca5-4d15-97cc-765aa58dd5e6 has been successfully formatted.
2019-07-13 16:35:09,675 INFO  storage.RaftStorage (RaftStorage.java:format(72)) - Storage directory /tmp/workdir/hadoop-ozone/integration-test/target/test-dir/MiniOzoneClusterImpl-693975b3-5718-46d1-a40b-7368a7ae1527/datanode-4/data/ratis/4a88c411-9ca5-4d15-97cc-765aa58dd5e6 has been successfully formatted.
2019-07-13 16:35:09,675 INFO  ratis.ContainerStateMachine (ContainerStateMachine.java:loadSnapshot(200)) - The snapshot info is null.Setting the last applied index to:(t:0, i:~)
2019-07-13 16:35:09,675 INFO  ratis.ContainerStateMachine (ContainerStateMachine.java:loadSnapshot(200)) - The snapshot info is null.Setting the last applied index to:(t:0, i:~)
2019-07-13 16:35:09,675 INFO  server.RaftServerConfigKeys (ConfUtils.java:logGet(43)) - raft.server.leader.election.timeout = 120s (custom)
2019-07-13 16:35:09,675 INFO  ratis.ContainerStateMachine (ContainerStateMachine.java:loadSnapshot(200)) - The snapshot info is null.Setting the last applied index to:(t:0, i:~)
2019-07-13 16:35:09,676 INFO  server.RaftServerConfigKeys (ConfUtils.java:logGet(43)) - raft.server.log.use.memory = false (default)
2019-07-13 16:35:09,676 INFO  server.RaftServerConfigKeys (ConfUtils.java:logGet(43)) - raft.server.leader.election.timeout = 120s (custom)
2019-07-13 16:35:09,676 INFO  server.RaftServerConfigKeys (ConfUtils.java:logGet(43)) - raft.server.log.purge.gap = 1000000000 (custom)
2019-07-13 16:35:09,676 INFO  server.RaftServerConfigKeys (ConfUtils.java:logGet(43)) - raft.server.leader.election.timeout = 120s (custom)
2019-07-13 16:35:09,676 INFO  server.RaftServerConfigKeys (ConfUtils.java:logGet(43)) - raft.server.log.appender.buffer.byte-limit = 33554432 (custom)
2019-07-13 16:35:09,676 INFO  server.RaftServerConfigKeys (ConfUtils.java:logGet(43)) - raft.server.log.use.memory = false (default)
2019-07-13 16:35:09,677 INFO  server.RaftServerConfigKeys (ConfUtils.java:logGet(43)) - raft.server.log.segment.size.max = 1048576 (custom)
2019-07-13 16:35:09,676 INFO  server.RaftServerConfigKeys (ConfUtils.java:logGet(43)) - raft.server.log.use.memory = false (default)
2019-07-13 16:35:09,677 INFO  server.RaftServerConfigKeys (ConfUtils.java:logGet(43)) - raft.server.log.segment.cache.num.max = 2 (custom)
2019-07-13 16:35:09,677 INFO  server.RaftServerConfigKeys (ConfUtils.java:logGet(43)) - raft.server.log.purge.gap = 1000000000 (custom)
2019-07-13 16:35:09,677 INFO  segmented.SegmentedRaftLogWorker (SegmentedRaftLogWorker.java:<init>(172)) - new 65466353-f6f4-496f-8faf-31035af9c270-SegmentedRaftLogWorker:Storage Directory /tmp/workdir/hadoop-ozone/integration-test/target/test-dir/MiniOzoneClusterImpl-693975b3-5718-46d1-a40b-7368a7ae1527/datanode-5/data/ratis/4a88c411-9ca5-4d15-97cc-765aa58dd5e6 for RaftStorage:Storage Directory /tmp/workdir/hadoop-ozone/integration-test/target/test-dir/MiniOzoneClusterImpl-693975b3-5718-46d1-a40b-7368a7ae1527/datanode-5/data/ratis/4a88c411-9ca5-4d15-97cc-765aa58dd5e6
2019-07-13 16:35:09,677 INFO  server.RaftServerConfigKeys (ConfUtils.java:logGet(43)) - raft.server.log.purge.gap = 1000000000 (custom)
2019-07-13 16:35:09,678 INFO  server.RaftServerConfigKeys (ConfUtils.java:logGet(43)) - raft.server.log.queue.byte-limit = 2147483647 (custom)
2019-07-13 16:35:09,677 INFO  server.RaftServerConfigKeys (ConfUtils.java:logGet(43)) - raft.server.log.appender.buffer.byte-limit = 33554432 (custom)
2019-07-13 16:35:09,678 INFO  server.RaftServerConfigKeys (ConfUtils.java:logGet(43)) - raft.server.log.queue.element-limit = 1024 (custom)
2019-07-13 16:35:09,678 INFO  server.RaftServerConfigKeys (ConfUtils.java:logGet(43)) - raft.server.log.appender.buffer.byte-limit = 33554432 (custom)
2019-07-13 16:35:09,678 INFO  server.RaftServerConfigKeys (ConfUtils.java:logGet(43)) - raft.server.log.segment.size.max = 1048576 (custom)
2019-07-13 16:35:09,678 INFO  server.RaftServerConfigKeys (ConfUtils.java:logGet(43)) - raft.server.log.segment.size.max = 1048576 (custom)
2019-07-13 16:35:09,678 INFO  server.RaftServerConfigKeys (ConfUtils.java:logGet(43)) - raft.server.log.segment.size.max = 1048576 (custom)
2019-07-13 16:35:09,679 INFO  server.RaftServerConfigKeys (ConfUtils.java:logGet(43)) - raft.server.log.preallocated.size = 16384 (custom)
2019-07-13 16:35:09,679 INFO  server.RaftServerConfigKeys (ConfUtils.java:logGet(43)) - raft.server.log.write.buffer.size = 33554432 (custom)
2019-07-13 16:35:09,679 INFO  server.RaftServerConfigKeys (ConfUtils.java:logGet(43)) - raft.server.log.segment.cache.num.max = 2 (custom)
2019-07-13 16:35:09,679 INFO  server.RaftServerConfigKeys (ConfUtils.java:logGet(43)) - raft.server.log.force.sync.num = 128 (default)
2019-07-13 16:35:09,679 INFO  server.RaftServerConfigKeys (ConfUtils.java:logGet(43)) - raft.server.log.segment.cache.num.max = 2 (custom)
2019-07-13 16:35:09,680 INFO  server.RaftServerConfigKeys (ConfUtils.java:logGet(43)) - raft.server.log.statemachine.data.sync = true (default)
2019-07-13 16:35:09,680 INFO  server.RaftServerConfigKeys (ConfUtils.java:logGet(43)) - raft.server.log.statemachine.data.sync.timeout = 10s (default)
2019-07-13 16:35:09,679 INFO  segmented.SegmentedRaftLogWorker (SegmentedRaftLogWorker.java:<init>(172)) - new b01d5846-82d3-4539-ab5a-18c880ca4812-SegmentedRaftLogWorker:Storage Directory /tmp/workdir/hadoop-ozone/integration-test/target/test-dir/MiniOzoneClusterImpl-693975b3-5718-46d1-a40b-7368a7ae1527/datanode-4/data/ratis/4a88c411-9ca5-4d15-97cc-765aa58dd5e6 for RaftStorage:Storage Directory /tmp/workdir/hadoop-ozone/integration-test/target/test-dir/MiniOzoneClusterImpl-693975b3-5718-46d1-a40b-7368a7ae1527/datanode-4/data/ratis/4a88c411-9ca5-4d15-97cc-765aa58dd5e6
2019-07-13 16:35:09,680 INFO  server.RaftServerConfigKeys (ConfUtils.java:logGet(43)) - raft.server.log.statemachine.data.sync.timeout.retry = -1 (default)
2019-07-13 16:35:09,680 INFO  segmented.SegmentedRaftLogWorker (SegmentedRaftLogWorker.java:<init>(172)) - new 1994cf6e-8caa-4a35-8bc9-e1784edec90e-SegmentedRaftLogWorker:Storage Directory /tmp/workdir/hadoop-ozone/integration-test/target/test-dir/MiniOzoneClusterImpl-693975b3-5718-46d1-a40b-7368a7ae1527/datanode-3/data/ratis/4a88c411-9ca5-4d15-97cc-765aa58dd5e6 for RaftStorage:Storage Directory /tmp/workdir/hadoop-ozone/integration-test/target/test-dir/MiniOzoneClusterImpl-693975b3-5718-46d1-a40b-7368a7ae1527/datanode-3/data/ratis/4a88c411-9ca5-4d15-97cc-765aa58dd5e6
2019-07-13 16:35:09,681 INFO  server.RaftServerConfigKeys (ConfUtils.java:logGet(43)) - raft.server.log.statemachine.data.caching.enabled = true (custom)
2019-07-13 16:35:09,680 INFO  server.RaftServerConfigKeys (ConfUtils.java:logGet(43)) - raft.server.log.queue.byte-limit = 2147483647 (custom)
2019-07-13 16:35:09,681 INFO  server.RaftServerConfigKeys (ConfUtils.java:logGet(43)) - raft.server.log.queue.byte-limit = 2147483647 (custom)
2019-07-13 16:35:09,681 INFO  server.RaftServerConfigKeys (ConfUtils.java:logGet(43)) - raft.server.log.queue.element-limit = 1024 (custom)
2019-07-13 16:35:09,681 INFO  server.RaftServerConfigKeys (ConfUtils.java:logGet(43)) - raft.server.log.queue.element-limit = 1024 (custom)
2019-07-13 16:35:09,681 INFO  server.RaftServerConfigKeys (ConfUtils.java:logGet(43)) - raft.server.log.segment.size.max = 1048576 (custom)
2019-07-13 16:35:09,682 INFO  segmented.SegmentedRaftLogWorker (SegmentedRaftLogWorker.java:lambda$new$0(132)) - 65466353-f6f4-496f-8faf-31035af9c270-SegmentedRaftLogWorker:Storage Directory /tmp/workdir/hadoop-ozone/integration-test/target/test-dir/MiniOzoneClusterImpl-693975b3-5718-46d1-a40b-7368a7ae1527/datanode-5/data/ratis/4a88c411-9ca5-4d15-97cc-765aa58dd5e6: flushIndex: setUnconditionally 0 -> -1
2019-07-13 16:35:09,682 INFO  server.RaftServerConfigKeys (ConfUtils.java:logGet(43)) - raft.server.log.preallocated.size = 16384 (custom)
2019-07-13 16:35:09,681 INFO  server.RaftServerConfigKeys (ConfUtils.java:logGet(43)) - raft.server.log.segment.size.max = 1048576 (custom)
2019-07-13 16:35:09,682 INFO  server.RaftServerConfigKeys (ConfUtils.java:logGet(43)) - raft.server.snapshot.auto.trigger.enabled = true (custom)
2019-07-13 16:35:09,682 INFO  server.RaftServerConfigKeys (ConfUtils.java:logGet(43)) - raft.server.snapshot.auto.trigger.threshold = 10000 (custom)
2019-07-13 16:35:09,682 INFO  server.RaftServerConfigKeys (ConfUtils.java:logGet(43)) - raft.server.log.write.buffer.size = 33554432 (custom)
2019-07-13 16:35:09,682 INFO  server.RaftServerConfigKeys (ConfUtils.java:logGet(43)) - raft.server.retrycache.expirytime = 600000ms (custom)
2019-07-13 16:35:09,682 INFO  server.RaftServerConfigKeys (ConfUtils.java:logGet(43)) - raft.server.log.preallocated.size = 16384 (custom)
2019-07-13 16:35:09,683 INFO  impl.RaftServerImpl (RaftServerImpl.java:start(180)) - 65466353-f6f4-496f-8faf-31035af9c270: start group-765AA58DD5E6
2019-07-13 16:35:09,683 INFO  impl.RaftServerImpl (RaftServerImpl.java:setRole(171)) - 65466353-f6f4-496f-8faf-31035af9c270:group-765AA58DD5E6 changes role from null to FOLLOWER at term 0 for startAsFollower
2019-07-13 16:35:09,683 INFO  server.RaftServerConfigKeys (ConfUtils.java:logGet(43)) - raft.server.log.force.sync.num = 128 (default)
2019-07-13 16:35:09,683 INFO  impl.RoleInfo (RoleInfo.java:updateAndGet(143)) - 65466353-f6f4-496f-8faf-31035af9c270: start FollowerState
2019-07-13 16:35:09,683 INFO  server.RaftServerConfigKeys (ConfUtils.java:logGet(43)) - raft.server.log.write.buffer.size = 33554432 (custom)
2019-07-13 16:35:09,684 INFO  server.RaftServerConfigKeys (ConfUtils.java:logGet(43)) - raft.server.log.force.sync.num = 128 (default)
2019-07-13 16:35:09,684 INFO  util.JmxRegister (JmxRegister.java:tryRegister(44)) - Successfully registered JMX Bean with object name Ratis:service=RaftServer,group=group-765AA58DD5E6,id=65466353-f6f4-496f-8faf-31035af9c270
2019-07-13 16:35:09,683 INFO  server.RaftServerConfigKeys (ConfUtils.java:logGet(43)) - raft.server.log.statemachine.data.sync = true (default)
2019-07-13 16:35:09,684 INFO  server.RaftServerConfigKeys (ConfUtils.java:logGet(43)) - raft.server.log.statemachine.data.sync = true (default)
2019-07-13 16:35:09,684 INFO  server.RaftServerConfigKeys (ConfUtils.java:logGet(43)) - raft.server.log.statemachine.data.sync.timeout = 10s (default)
2019-07-13 16:35:09,684 INFO  server.RaftServerConfigKeys (ConfUtils.java:logGet(43)) - raft.server.log.statemachine.data.sync.timeout = 10s (default)
2019-07-13 16:35:09,684 INFO  server.RaftServerConfigKeys (ConfUtils.java:logGet(43)) - raft.server.log.statemachine.data.sync.timeout.retry = -1 (default)
2019-07-13 16:35:09,685 INFO  server.RaftServerConfigKeys (ConfUtils.java:logGet(43)) - raft.server.log.statemachine.data.sync.timeout.retry = -1 (default)
2019-07-13 16:35:09,685 INFO  server.RaftServerConfigKeys (ConfUtils.java:logGet(43)) - raft.server.log.statemachine.data.caching.enabled = true (custom)
2019-07-13 16:35:09,685 INFO  server.RaftServerConfigKeys (ConfUtils.java:logGet(43)) - raft.server.log.statemachine.data.caching.enabled = true (custom)
2019-07-13 16:35:09,688 INFO  segmented.SegmentedRaftLogWorker (SegmentedRaftLogWorker.java:lambda$new$0(132)) - b01d5846-82d3-4539-ab5a-18c880ca4812-SegmentedRaftLogWorker:Storage Directory /tmp/workdir/hadoop-ozone/integration-test/target/test-dir/MiniOzoneClusterImpl-693975b3-5718-46d1-a40b-7368a7ae1527/datanode-4/data/ratis/4a88c411-9ca5-4d15-97cc-765aa58dd5e6: flushIndex: setUnconditionally 0 -> -1
2019-07-13 16:35:09,688 INFO  segmented.SegmentedRaftLogWorker (SegmentedRaftLogWorker.java:lambda$new$0(132)) - 1994cf6e-8caa-4a35-8bc9-e1784edec90e-SegmentedRaftLogWorker:Storage Directory /tmp/workdir/hadoop-ozone/integration-test/target/test-dir/MiniOzoneClusterImpl-693975b3-5718-46d1-a40b-7368a7ae1527/datanode-3/data/ratis/4a88c411-9ca5-4d15-97cc-765aa58dd5e6: flushIndex: setUnconditionally 0 -> -1
2019-07-13 16:35:09,688 INFO  server.RaftServerConfigKeys (ConfUtils.java:logGet(43)) - raft.server.snapshot.auto.trigger.enabled = true (custom)
2019-07-13 16:35:09,688 INFO  server.RaftServerConfigKeys (ConfUtils.java:logGet(43)) - raft.server.snapshot.auto.trigger.threshold = 10000 (custom)
2019-07-13 16:35:09,688 INFO  server.RaftServerConfigKeys (ConfUtils.java:logGet(43)) - raft.server.snapshot.auto.trigger.enabled = true (custom)
2019-07-13 16:35:09,688 INFO  server.RaftServerConfigKeys (ConfUtils.java:logGet(43)) - raft.server.retrycache.expirytime = 600000ms (custom)
2019-07-13 16:35:09,689 INFO  server.RaftServerConfigKeys (ConfUtils.java:logGet(43)) - raft.server.snapshot.auto.trigger.threshold = 10000 (custom)
2019-07-13 16:35:09,689 INFO  impl.RaftServerImpl (RaftServerImpl.java:start(180)) - b01d5846-82d3-4539-ab5a-18c880ca4812: start group-765AA58DD5E6
2019-07-13 16:35:09,689 INFO  server.RaftServerConfigKeys (ConfUtils.java:logGet(43)) - raft.server.retrycache.expirytime = 600000ms (custom)
2019-07-13 16:35:09,689 INFO  impl.RaftServerImpl (RaftServerImpl.java:setRole(171)) - b01d5846-82d3-4539-ab5a-18c880ca4812:group-765AA58DD5E6 changes role from null to FOLLOWER at term 0 for startAsFollower
2019-07-13 16:35:09,689 INFO  impl.RaftServerImpl (RaftServerImpl.java:start(180)) - 1994cf6e-8caa-4a35-8bc9-e1784edec90e: start group-765AA58DD5E6
2019-07-13 16:35:09,689 INFO  impl.RoleInfo (RoleInfo.java:updateAndGet(143)) - b01d5846-82d3-4539-ab5a-18c880ca4812: start FollowerState
2019-07-13 16:35:09,689 INFO  impl.RaftServerImpl (RaftServerImpl.java:setRole(171)) - 1994cf6e-8caa-4a35-8bc9-e1784edec90e:group-765AA58DD5E6 changes role from null to FOLLOWER at term 0 for startAsFollower
2019-07-13 16:35:09,690 INFO  impl.RoleInfo (RoleInfo.java:updateAndGet(143)) - 1994cf6e-8caa-4a35-8bc9-e1784edec90e: start FollowerState
2019-07-13 16:35:09,690 INFO  util.JmxRegister (JmxRegister.java:tryRegister(44)) - Successfully registered JMX Bean with object name Ratis:service=RaftServer,group=group-765AA58DD5E6,id=b01d5846-82d3-4539-ab5a-18c880ca4812
2019-07-13 16:35:09,690 INFO  util.JmxRegister (JmxRegister.java:tryRegister(44)) - Successfully registered JMX Bean with object name Ratis:service=RaftServer,group=group-765AA58DD5E6,id=1994cf6e-8caa-4a35-8bc9-e1784edec90e
2019-07-13 16:35:09,698 INFO  pipeline.PipelineStateManager (PipelineStateManager.java:addPipeline(56)) - Created pipeline Pipeline[ Id: 4a88c411-9ca5-4d15-97cc-765aa58dd5e6, Nodes: 1994cf6e-8caa-4a35-8bc9-e1784edec90e{ip: 192.168.5.187, host: trunk-nightly-z92hn-1831959607, networkLocation: /default-rack, certSerialId: null}b01d5846-82d3-4539-ab5a-18c880ca4812{ip: 192.168.5.187, host: trunk-nightly-z92hn-1831959607, networkLocation: /default-rack, certSerialId: null}65466353-f6f4-496f-8faf-31035af9c270{ip: 192.168.5.187, host: trunk-nightly-z92hn-1831959607, networkLocation: /default-rack, certSerialId: null}, Type:RATIS, Factor:THREE, State:OPEN]
2019-07-13 16:35:09,770 INFO  ozone.MiniOzoneClusterImpl (MiniOzoneClusterImpl.java:lambda$waitForClusterToBeReady$0(142)) - Waiting for cluster to be ready. Got 6 of 7 DN Heartbeats.
2019-07-13 16:35:09,771 INFO  node.SCMNodeManager (SCMNodeManager.java:register(269)) - Registered Data node : 03b56f89-1fa1-4e2a-8397-42f15f2e49a9{ip: 192.168.5.187, host: trunk-nightly-z92hn-1831959607, networkLocation: /default-rack, certSerialId: null}
2019-07-13 16:35:09,780 INFO  impl.RaftServerProxy (RaftServerProxy.java:addNew(89)) - 03b56f89-1fa1-4e2a-8397-42f15f2e49a9: addNew group-A440E75F9955:[03b56f89-1fa1-4e2a-8397-42f15f2e49a9:192.168.5.187:35094] returns group-A440E75F9955:java.util.concurrent.CompletableFuture@21d711e[Not completed]
2019-07-13 16:35:09,781 INFO  impl.RaftServerImpl (RaftServerImpl.java:<init>(93)) - 03b56f89-1fa1-4e2a-8397-42f15f2e49a9: new RaftServerImpl for group-A440E75F9955:[03b56f89-1fa1-4e2a-8397-42f15f2e49a9:192.168.5.187:35094] with ContainerStateMachine:uninitialized
2019-07-13 16:35:09,781 INFO  server.RaftServerConfigKeys (ConfUtils.java:logGet(43)) - raft.server.rpc.timeout.min = 5s (custom)
2019-07-13 16:35:09,781 INFO  server.RaftServerConfigKeys (ConfUtils.java:logGet(43)) - raft.server.rpc.timeout.max = 5200ms (custom)
2019-07-13 16:35:09,781 INFO  server.RaftServerConfigKeys (ConfUtils.java:logGet(43)) - raft.server.rpcslowness.timeout = 120s (custom)
2019-07-13 16:35:09,781 INFO  server.RaftServerConfigKeys (ConfUtils.java:logGet(43)) - raft.server.sleep.deviation.threshold = 300 (default)
2019-07-13 16:35:09,782 INFO  server.RaftServerConfigKeys (ConfUtils.java:logGet(43)) - raft.server.log.appender.install.snapshot.enabled = false (custom)
2019-07-13 16:35:09,782 INFO  impl.RaftServerImpl (ServerState.java:<init>(105)) - 03b56f89-1fa1-4e2a-8397-42f15f2e49a9:group-A440E75F9955 ConfigurationManager, init=-1: [03b56f89-1fa1-4e2a-8397-42f15f2e49a9:192.168.5.187:35094], old=null, confs=<EMPTY_MAP>
2019-07-13 16:35:09,782 INFO  server.RaftServerConfigKeys (ConfUtils.java:logGet(43)) - raft.server.storage.dir = [/tmp/workdir/hadoop-ozone/integration-test/target/test-dir/MiniOzoneClusterImpl-693975b3-5718-46d1-a40b-7368a7ae1527/datanode-6/data/ratis] (custom)
2019-07-13 16:35:09,782 INFO  storage.RaftStorageDirectory (RaftStorageDirectory.java:analyzeStorage(246)) - The storage directory /tmp/workdir/hadoop-ozone/integration-test/target/test-dir/MiniOzoneClusterImpl-693975b3-5718-46d1-a40b-7368a7ae1527/datanode-6/data/ratis/8383830d-7f17-40ea-af8f-a440e75f9955 does not exist. Creating ...
2019-07-13 16:35:09,794 INFO  storage.RaftStorageDirectory (RaftStorageDirectory.java:tryLock(328)) - Lock on /tmp/workdir/hadoop-ozone/integration-test/target/test-dir/MiniOzoneClusterImpl-693975b3-5718-46d1-a40b-7368a7ae1527/datanode-6/data/ratis/8383830d-7f17-40ea-af8f-a440e75f9955/in_use.lock acquired by nodename 30505@trunk-nightly-z92hn-1831959607
2019-07-13 16:35:09,805 INFO  storage.RaftStorage (RaftStorage.java:format(72)) - Storage directory /tmp/workdir/hadoop-ozone/integration-test/target/test-dir/MiniOzoneClusterImpl-693975b3-5718-46d1-a40b-7368a7ae1527/datanode-6/data/ratis/8383830d-7f17-40ea-af8f-a440e75f9955 has been successfully formatted.
2019-07-13 16:35:09,805 INFO  ratis.ContainerStateMachine (ContainerStateMachine.java:loadSnapshot(200)) - The snapshot info is null.Setting the last applied index to:(t:0, i:~)
2019-07-13 16:35:09,805 INFO  server.RaftServerConfigKeys (ConfUtils.java:logGet(43)) - raft.server.leader.election.timeout = 120s (custom)
2019-07-13 16:35:09,805 INFO  server.RaftServerConfigKeys (ConfUtils.java:logGet(43)) - raft.server.log.use.memory = false (default)
2019-07-13 16:35:09,805 INFO  server.RaftServerConfigKeys (ConfUtils.java:logGet(43)) - raft.server.log.purge.gap = 1000000000 (custom)
2019-07-13 16:35:09,806 INFO  server.RaftServerConfigKeys (ConfUtils.java:logGet(43)) - raft.server.log.appender.buffer.byte-limit = 33554432 (custom)
2019-07-13 16:35:09,806 INFO  server.RaftServerConfigKeys (ConfUtils.java:logGet(43)) - raft.server.log.segment.size.max = 1048576 (custom)
2019-07-13 16:35:09,806 INFO  server.RaftServerConfigKeys (ConfUtils.java:logGet(43)) - raft.server.log.segment.cache.num.max = 2 (custom)
2019-07-13 16:35:09,806 INFO  segmented.SegmentedRaftLogWorker (SegmentedRaftLogWorker.java:<init>(172)) - new 03b56f89-1fa1-4e2a-8397-42f15f2e49a9-SegmentedRaftLogWorker:Storage Directory /tmp/workdir/hadoop-ozone/integration-test/target/test-dir/MiniOzoneClusterImpl-693975b3-5718-46d1-a40b-7368a7ae1527/datanode-6/data/ratis/8383830d-7f17-40ea-af8f-a440e75f9955 for RaftStorage:Storage Directory /tmp/workdir/hadoop-ozone/integration-test/target/test-dir/MiniOzoneClusterImpl-693975b3-5718-46d1-a40b-7368a7ae1527/datanode-6/data/ratis/8383830d-7f17-40ea-af8f-a440e75f9955
2019-07-13 16:35:09,806 INFO  server.RaftServerConfigKeys (ConfUtils.java:logGet(43)) - raft.server.log.queue.byte-limit = 2147483647 (custom)
2019-07-13 16:35:09,806 INFO  server.RaftServerConfigKeys (ConfUtils.java:logGet(43)) - raft.server.log.queue.element-limit = 1024 (custom)
2019-07-13 16:35:09,807 INFO  server.RaftServerConfigKeys (ConfUtils.java:logGet(43)) - raft.server.log.segment.size.max = 1048576 (custom)
2019-07-13 16:35:09,807 INFO  server.RaftServerConfigKeys (ConfUtils.java:logGet(43)) - raft.server.log.preallocated.size = 16384 (custom)
2019-07-13 16:35:09,807 INFO  server.RaftServerConfigKeys (ConfUtils.java:logGet(43)) - raft.server.log.write.buffer.size = 33554432 (custom)
2019-07-13 16:35:09,807 INFO  server.RaftServerConfigKeys (ConfUtils.java:logGet(43)) - raft.server.log.force.sync.num = 128 (default)
2019-07-13 16:35:09,807 INFO  server.RaftServerConfigKeys (ConfUtils.java:logGet(43)) - raft.server.log.statemachine.data.sync = true (default)
2019-07-13 16:35:09,807 INFO  server.RaftServerConfigKeys (ConfUtils.java:logGet(43)) - raft.server.log.statemachine.data.sync.timeout = 10s (default)
2019-07-13 16:35:09,807 INFO  server.RaftServerConfigKeys (ConfUtils.java:logGet(43)) - raft.server.log.statemachine.data.sync.timeout.retry = -1 (default)
2019-07-13 16:35:09,808 INFO  server.RaftServerConfigKeys (ConfUtils.java:logGet(43)) - raft.server.log.statemachine.data.caching.enabled = true (custom)
2019-07-13 16:35:09,808 INFO  segmented.SegmentedRaftLogWorker (SegmentedRaftLogWorker.java:lambda$new$0(132)) - 03b56f89-1fa1-4e2a-8397-42f15f2e49a9-SegmentedRaftLogWorker:Storage Directory /tmp/workdir/hadoop-ozone/integration-test/target/test-dir/MiniOzoneClusterImpl-693975b3-5718-46d1-a40b-7368a7ae1527/datanode-6/data/ratis/8383830d-7f17-40ea-af8f-a440e75f9955: flushIndex: setUnconditionally 0 -> -1
2019-07-13 16:35:09,808 INFO  server.RaftServerConfigKeys (ConfUtils.java:logGet(43)) - raft.server.snapshot.auto.trigger.enabled = true (custom)
2019-07-13 16:35:09,808 INFO  server.RaftServerConfigKeys (ConfUtils.java:logGet(43)) - raft.server.snapshot.auto.trigger.threshold = 10000 (custom)
2019-07-13 16:35:09,809 INFO  server.RaftServerConfigKeys (ConfUtils.java:logGet(43)) - raft.server.retrycache.expirytime = 600000ms (custom)
2019-07-13 16:35:09,809 INFO  impl.RaftServerImpl (RaftServerImpl.java:start(180)) - 03b56f89-1fa1-4e2a-8397-42f15f2e49a9: start group-A440E75F9955
2019-07-13 16:35:09,809 INFO  impl.RaftServerImpl (RaftServerImpl.java:setRole(171)) - 03b56f89-1fa1-4e2a-8397-42f15f2e49a9:group-A440E75F9955 changes role from null to FOLLOWER at term 0 for startAsFollower
2019-07-13 16:35:09,809 INFO  impl.RoleInfo (RoleInfo.java:updateAndGet(143)) - 03b56f89-1fa1-4e2a-8397-42f15f2e49a9: start FollowerState
2019-07-13 16:35:09,809 INFO  util.JmxRegister (JmxRegister.java:tryRegister(44)) - Successfully registered JMX Bean with object name Ratis:service=RaftServer,group=group-A440E75F9955,id=03b56f89-1fa1-4e2a-8397-42f15f2e49a9
2019-07-13 16:35:09,815 INFO  pipeline.PipelineStateManager (PipelineStateManager.java:addPipeline(56)) - Created pipeline Pipeline[ Id: 8383830d-7f17-40ea-af8f-a440e75f9955, Nodes: 03b56f89-1fa1-4e2a-8397-42f15f2e49a9{ip: 192.168.5.187, host: trunk-nightly-z92hn-1831959607, networkLocation: /default-rack, certSerialId: null}, Type:RATIS, Factor:ONE, State:OPEN]
2019-07-13 16:35:10,771 INFO  ozone.MiniOzoneClusterImpl (MiniOzoneClusterImpl.java:lambda$waitForClusterToBeReady$0(142)) - Cluster is ready. Got 7 of 7 DN Heartbeats.
2019-07-13 16:35:10,803 INFO  rpc.RpcClient (RpcClient.java:createVolume(287)) - Creating Volume: testblockoutputstream, with jenkins1000 as owner.
2019-07-13 16:35:10,817 INFO  rpc.RpcClient (RpcClient.java:createBucket(424)) - Creating Bucket: testblockoutputstream/testblockoutputstream, with Versioning false and Storage Type set to DISK and Encryption set to false 
2019-07-13 16:35:10,847 INFO  client.GrpcClientProtocolClient (GrpcClientProtocolClient.java:onNext(255)) - client-21C90FACD24F->1994cf6e-8caa-4a35-8bc9-e1784edec90e: receive RaftClientReply:client-21C90FACD24F->1994cf6e-8caa-4a35-8bc9-e1784edec90e@group-765AA58DD5E6, cid=175, FAILED org.apache.ratis.protocol.NotLeaderException: Server 1994cf6e-8caa-4a35-8bc9-e1784edec90e is not the leader (null). Request must be sent to leader., logIndex=0, commits[1994cf6e-8caa-4a35-8bc9-e1784edec90e:c-1]
2019-07-13 16:35:11,617 INFO  container.ReplicationManager (ReplicationManager.java:start(155)) - Starting Replication Monitor Thread.
2019-07-13 16:35:11,622 INFO  container.ReplicationManager (ReplicationManager.java:run(207)) - Replication Monitor Thread took 0 milliseconds for processing 1 containers.
2019-07-13 16:35:11,865 INFO  client.GrpcClientProtocolClient (GrpcClientProtocolClient.java:onNext(255)) - client-21C90FACD24F->65466353-f6f4-496f-8faf-31035af9c270: receive RaftClientReply:client-21C90FACD24F->65466353-f6f4-496f-8faf-31035af9c270@group-765AA58DD5E6, cid=175, FAILED org.apache.ratis.protocol.NotLeaderException: Server 65466353-f6f4-496f-8faf-31035af9c270 is not the leader (null). Request must be sent to leader., logIndex=0, commits[65466353-f6f4-496f-8faf-31035af9c270:c-1]
2019-07-13 16:35:12,878 INFO  client.GrpcClientProtocolClient (GrpcClientProtocolClient.java:onNext(255)) - client-21C90FACD24F->1994cf6e-8caa-4a35-8bc9-e1784edec90e: receive RaftClientReply:client-21C90FACD24F->1994cf6e-8caa-4a35-8bc9-e1784edec90e@group-765AA58DD5E6, cid=175, FAILED org.apache.ratis.protocol.NotLeaderException: Server 1994cf6e-8caa-4a35-8bc9-e1784edec90e is not the leader (null). Request must be sent to leader., logIndex=0, commits[1994cf6e-8caa-4a35-8bc9-e1784edec90e:c-1]
2019-07-13 16:35:13,767 INFO  impl.FollowerState (FollowerState.java:run(106)) - c7d1ea11-7113-4264-995b-e989effa6b06:group-E615A5240D8C changes to CANDIDATE, lastRpcTime:5099, electionTimeout:5099ms
2019-07-13 16:35:13,767 INFO  impl.RoleInfo (RoleInfo.java:shutdownFollowerState(121)) - c7d1ea11-7113-4264-995b-e989effa6b06: shutdown FollowerState
2019-07-13 16:35:13,768 INFO  impl.RaftServerImpl (RaftServerImpl.java:setRole(171)) - c7d1ea11-7113-4264-995b-e989effa6b06:group-E615A5240D8C changes role from FOLLOWER to CANDIDATE at term 0 for changeToCandidate
2019-07-13 16:35:13,768 INFO  impl.RoleInfo (RoleInfo.java:updateAndGet(143)) - c7d1ea11-7113-4264-995b-e989effa6b06: start LeaderElection
2019-07-13 16:35:13,789 INFO  impl.LeaderElection (LeaderElection.java:askForVotes(181)) - c7d1ea11-7113-4264-995b-e989effa6b06:group-E615A5240D8C:LeaderElection48: begin an election at term 1 for -1: [c7d1ea11-7113-4264-995b-e989effa6b06:192.168.5.187:43946], old=null
2019-07-13 16:35:13,789 INFO  impl.RoleInfo (RoleInfo.java:shutdownLeaderElection(134)) - c7d1ea11-7113-4264-995b-e989effa6b06: shutdown LeaderElection
2019-07-13 16:35:13,789 INFO  impl.RaftServerImpl (RaftServerImpl.java:setRole(171)) - c7d1ea11-7113-4264-995b-e989effa6b06:group-E615A5240D8C changes role from CANDIDATE to LEADER at term 1 for changeToLeader
2019-07-13 16:35:13,789 INFO  impl.RaftServerImpl (ServerState.java:setLeader(263)) - c7d1ea11-7113-4264-995b-e989effa6b06:group-E615A5240D8C change Leader from null to c7d1ea11-7113-4264-995b-e989effa6b06 at term 1 for becomeLeader, leader elected after 5126ms
2019-07-13 16:35:13,789 INFO  server.RaftServerConfigKeys (ConfUtils.java:logGet(43)) - raft.server.staging.catchup.gap = 1000 (default)
2019-07-13 16:35:13,790 INFO  server.RaftServerConfigKeys (ConfUtils.java:logGet(43)) - raft.server.rpc.sleep.time = 25ms (default)
2019-07-13 16:35:13,790 INFO  server.RaftServerConfigKeys (ConfUtils.java:logGet(43)) - raft.server.write.element-limit = 4096 (default)
2019-07-13 16:35:13,790 INFO  server.RaftServerConfigKeys (ConfUtils.java:logGet(43)) - raft.server.watch.timeout = 10s (default)
2019-07-13 16:35:13,790 INFO  server.RaftServerConfigKeys (ConfUtils.java:logGet(43)) - raft.server.watch.timeout.denomination = 1s (default)
2019-07-13 16:35:13,790 INFO  server.RaftServerConfigKeys (ConfUtils.java:logGet(43)) - raft.server.watch.element-limit = 65536 (default)
2019-07-13 16:35:13,791 INFO  impl.RoleInfo (RoleInfo.java:updateAndGet(143)) - c7d1ea11-7113-4264-995b-e989effa6b06: start LeaderState
2019-07-13 16:35:13,791 INFO  segmented.SegmentedRaftLogWorker (SegmentedRaftLogWorker.java:startLogSegment(380)) - c7d1ea11-7113-4264-995b-e989effa6b06-SegmentedRaftLogWorker:Storage Directory /tmp/workdir/hadoop-ozone/integration-test/target/test-dir/MiniOzoneClusterImpl-693975b3-5718-46d1-a40b-7368a7ae1527/datanode-0/data/ratis/afab2392-e2f7-484a-8ebb-e615a5240d8c: Starting segment from index:0
2019-07-13 16:35:13,792 INFO  impl.RaftServerImpl (ServerState.java:setRaftConf(361)) - c7d1ea11-7113-4264-995b-e989effa6b06:group-E615A5240D8C set configuration 0: [c7d1ea11-7113-4264-995b-e989effa6b06:192.168.5.187:43946], old=null at 0
2019-07-13 16:35:13,833 INFO  impl.FollowerState (FollowerState.java:run(106)) - c76d1c65-67b2-450d-ae52-65665312ef17:group-F0E42CB4E284 changes to CANDIDATE, lastRpcTime:5012, electionTimeout:5012ms
2019-07-13 16:35:13,833 INFO  impl.RoleInfo (RoleInfo.java:shutdownFollowerState(121)) - c76d1c65-67b2-450d-ae52-65665312ef17: shutdown FollowerState
2019-07-13 16:35:13,833 INFO  impl.RaftServerImpl (RaftServerImpl.java:setRole(171)) - c76d1c65-67b2-450d-ae52-65665312ef17:group-F0E42CB4E284 changes role from FOLLOWER to CANDIDATE at term 0 for changeToCandidate
2019-07-13 16:35:13,833 INFO  impl.RoleInfo (RoleInfo.java:updateAndGet(143)) - c76d1c65-67b2-450d-ae52-65665312ef17: start LeaderElection
2019-07-13 16:35:13,839 INFO  segmented.SegmentedRaftLogWorker (SegmentedRaftLogWorker.java:execute(569)) - c7d1ea11-7113-4264-995b-e989effa6b06-SegmentedRaftLogWorker:Storage Directory /tmp/workdir/hadoop-ozone/integration-test/target/test-dir/MiniOzoneClusterImpl-693975b3-5718-46d1-a40b-7368a7ae1527/datanode-0/data/ratis/afab2392-e2f7-484a-8ebb-e615a5240d8c: created new log segment /tmp/workdir/hadoop-ozone/integration-test/target/test-dir/MiniOzoneClusterImpl-693975b3-5718-46d1-a40b-7368a7ae1527/datanode-0/data/ratis/afab2392-e2f7-484a-8ebb-e615a5240d8c/current/log_inprogress_0
2019-07-13 16:35:13,864 INFO  impl.LeaderElection (LeaderElection.java:askForVotes(181)) - c76d1c65-67b2-450d-ae52-65665312ef17:group-F0E42CB4E284:LeaderElection49: begin an election at term 1 for -1: [c76d1c65-67b2-450d-ae52-65665312ef17:192.168.5.187:37040], old=null
2019-07-13 16:35:13,864 INFO  impl.RoleInfo (RoleInfo.java:shutdownLeaderElection(134)) - c76d1c65-67b2-450d-ae52-65665312ef17: shutdown LeaderElection
2019-07-13 16:35:13,865 INFO  impl.RaftServerImpl (RaftServerImpl.java:setRole(171)) - c76d1c65-67b2-450d-ae52-65665312ef17:group-F0E42CB4E284 changes role from CANDIDATE to LEADER at term 1 for changeToLeader
2019-07-13 16:35:13,865 INFO  impl.RaftServerImpl (ServerState.java:setLeader(263)) - c76d1c65-67b2-450d-ae52-65665312ef17:group-F0E42CB4E284 change Leader from null to c76d1c65-67b2-450d-ae52-65665312ef17 at term 1 for becomeLeader, leader elected after 5048ms
2019-07-13 16:35:13,865 INFO  server.RaftServerConfigKeys (ConfUtils.java:logGet(43)) - raft.server.staging.catchup.gap = 1000 (default)
2019-07-13 16:35:13,865 INFO  server.RaftServerConfigKeys (ConfUtils.java:logGet(43)) - raft.server.rpc.sleep.time = 25ms (default)
2019-07-13 16:35:13,865 INFO  server.RaftServerConfigKeys (ConfUtils.java:logGet(43)) - raft.server.write.element-limit = 4096 (default)
2019-07-13 16:35:13,865 INFO  server.RaftServerConfigKeys (ConfUtils.java:logGet(43)) - raft.server.watch.timeout = 10s (default)
2019-07-13 16:35:13,865 INFO  server.RaftServerConfigKeys (ConfUtils.java:logGet(43)) - raft.server.watch.timeout.denomination = 1s (default)
2019-07-13 16:35:13,866 INFO  server.RaftServerConfigKeys (ConfUtils.java:logGet(43)) - raft.server.watch.element-limit = 65536 (default)
2019-07-13 16:35:13,866 INFO  impl.RoleInfo (RoleInfo.java:updateAndGet(143)) - c76d1c65-67b2-450d-ae52-65665312ef17: start LeaderState
2019-07-13 16:35:13,866 INFO  segmented.SegmentedRaftLogWorker (SegmentedRaftLogWorker.java:startLogSegment(380)) - c76d1c65-67b2-450d-ae52-65665312ef17-SegmentedRaftLogWorker:Storage Directory /tmp/workdir/hadoop-ozone/integration-test/target/test-dir/MiniOzoneClusterImpl-693975b3-5718-46d1-a40b-7368a7ae1527/datanode-1/data/ratis/dff2c96c-6b1f-4bf2-a99c-f0e42cb4e284: Starting segment from index:0
2019-07-13 16:35:13,866 INFO  impl.RaftServerImpl (ServerState.java:setRaftConf(361)) - c76d1c65-67b2-450d-ae52-65665312ef17:group-F0E42CB4E284 set configuration 0: [c76d1c65-67b2-450d-ae52-65665312ef17:192.168.5.187:37040], old=null at 0
2019-07-13 16:35:13,897 INFO  client.GrpcClientProtocolClient (GrpcClientProtocolClient.java:onNext(255)) - client-21C90FACD24F->b01d5846-82d3-4539-ab5a-18c880ca4812: receive RaftClientReply:client-21C90FACD24F->b01d5846-82d3-4539-ab5a-18c880ca4812@group-765AA58DD5E6, cid=175, FAILED org.apache.ratis.protocol.NotLeaderException: Server b01d5846-82d3-4539-ab5a-18c880ca4812 is not the leader (null). Request must be sent to leader., logIndex=0, commits[b01d5846-82d3-4539-ab5a-18c880ca4812:c-1]
2019-07-13 16:35:13,912 INFO  segmented.SegmentedRaftLogWorker (SegmentedRaftLogWorker.java:execute(569)) - c76d1c65-67b2-450d-ae52-65665312ef17-SegmentedRaftLogWorker:Storage Directory /tmp/workdir/hadoop-ozone/integration-test/target/test-dir/MiniOzoneClusterImpl-693975b3-5718-46d1-a40b-7368a7ae1527/datanode-1/data/ratis/dff2c96c-6b1f-4bf2-a99c-f0e42cb4e284: created new log segment /tmp/workdir/hadoop-ozone/integration-test/target/test-dir/MiniOzoneClusterImpl-693975b3-5718-46d1-a40b-7368a7ae1527/datanode-1/data/ratis/dff2c96c-6b1f-4bf2-a99c-f0e42cb4e284/current/log_inprogress_0
2019-07-13 16:35:14,085 INFO  impl.FollowerState (FollowerState.java:run(106)) - 96b6e699-3a35-4882-9e02-2a1e86df0e6d:group-B34DF4FB9634 changes to CANDIDATE, lastRpcTime:5127, electionTimeout:5127ms
2019-07-13 16:35:14,085 INFO  impl.RoleInfo (RoleInfo.java:shutdownFollowerState(121)) - 96b6e699-3a35-4882-9e02-2a1e86df0e6d: shutdown FollowerState
2019-07-13 16:35:14,085 INFO  impl.RaftServerImpl (RaftServerImpl.java:setRole(171)) - 96b6e699-3a35-4882-9e02-2a1e86df0e6d:group-B34DF4FB9634 changes role from FOLLOWER to CANDIDATE at term 0 for changeToCandidate
2019-07-13 16:35:14,086 INFO  impl.RoleInfo (RoleInfo.java:updateAndGet(143)) - 96b6e699-3a35-4882-9e02-2a1e86df0e6d: start LeaderElection
2019-07-13 16:35:14,103 INFO  impl.LeaderElection (LeaderElection.java:askForVotes(181)) - 96b6e699-3a35-4882-9e02-2a1e86df0e6d:group-B34DF4FB9634:LeaderElection50: begin an election at term 1 for -1: [96b6e699-3a35-4882-9e02-2a1e86df0e6d:192.168.5.187:38385], old=null
2019-07-13 16:35:14,103 INFO  impl.RoleInfo (RoleInfo.java:shutdownLeaderElection(134)) - 96b6e699-3a35-4882-9e02-2a1e86df0e6d: shutdown LeaderElection
2019-07-13 16:35:14,103 INFO  impl.RaftServerImpl (RaftServerImpl.java:setRole(171)) - 96b6e699-3a35-4882-9e02-2a1e86df0e6d:group-B34DF4FB9634 changes role from CANDIDATE to LEADER at term 1 for changeToLeader
2019-07-13 16:35:14,103 INFO  impl.RaftServerImpl (ServerState.java:setLeader(263)) - 96b6e699-3a35-4882-9e02-2a1e86df0e6d:group-B34DF4FB9634 change Leader from null to 96b6e699-3a35-4882-9e02-2a1e86df0e6d at term 1 for becomeLeader, leader elected after 5150ms
2019-07-13 16:35:14,104 INFO  server.RaftServerConfigKeys (ConfUtils.java:logGet(43)) - raft.server.staging.catchup.gap = 1000 (default)
2019-07-13 16:35:14,104 INFO  server.RaftServerConfigKeys (ConfUtils.java:logGet(43)) - raft.server.rpc.sleep.time = 25ms (default)
2019-07-13 16:35:14,104 INFO  server.RaftServerConfigKeys (ConfUtils.java:logGet(43)) - raft.server.write.element-limit = 4096 (default)
2019-07-13 16:35:14,105 INFO  server.RaftServerConfigKeys (ConfUtils.java:logGet(43)) - raft.server.watch.timeout = 10s (default)
2019-07-13 16:35:14,105 INFO  server.RaftServerConfigKeys (ConfUtils.java:logGet(43)) - raft.server.watch.timeout.denomination = 1s (default)
2019-07-13 16:35:14,105 INFO  server.RaftServerConfigKeys (ConfUtils.java:logGet(43)) - raft.server.watch.element-limit = 65536 (default)
2019-07-13 16:35:14,105 INFO  impl.RoleInfo (RoleInfo.java:updateAndGet(143)) - 96b6e699-3a35-4882-9e02-2a1e86df0e6d: start LeaderState
2019-07-13 16:35:14,106 INFO  segmented.SegmentedRaftLogWorker (SegmentedRaftLogWorker.java:startLogSegment(380)) - 96b6e699-3a35-4882-9e02-2a1e86df0e6d-SegmentedRaftLogWorker:Storage Directory /tmp/workdir/hadoop-ozone/integration-test/target/test-dir/MiniOzoneClusterImpl-693975b3-5718-46d1-a40b-7368a7ae1527/datanode-2/data/ratis/2fc9e74e-0d5f-4825-b144-b34df4fb9634: Starting segment from index:0
2019-07-13 16:35:14,106 INFO  impl.RaftServerImpl (ServerState.java:setRaftConf(361)) - 96b6e699-3a35-4882-9e02-2a1e86df0e6d:group-B34DF4FB9634 set configuration 0: [96b6e699-3a35-4882-9e02-2a1e86df0e6d:192.168.5.187:38385], old=null at 0
2019-07-13 16:35:14,126 INFO  impl.FollowerState (FollowerState.java:run(106)) - c76d1c65-67b2-450d-ae52-65665312ef17:group-CA16FC05437E changes to CANDIDATE, lastRpcTime:5082, electionTimeout:5082ms
2019-07-13 16:35:14,126 INFO  impl.RoleInfo (RoleInfo.java:shutdownFollowerState(121)) - c76d1c65-67b2-450d-ae52-65665312ef17: shutdown FollowerState
2019-07-13 16:35:14,126 INFO  impl.RaftServerImpl (RaftServerImpl.java:setRole(171)) - c76d1c65-67b2-450d-ae52-65665312ef17:group-CA16FC05437E changes role from FOLLOWER to CANDIDATE at term 0 for changeToCandidate
2019-07-13 16:35:14,126 INFO  impl.RoleInfo (RoleInfo.java:updateAndGet(143)) - c76d1c65-67b2-450d-ae52-65665312ef17: start LeaderElection
2019-07-13 16:35:14,136 INFO  segmented.SegmentedRaftLogWorker (SegmentedRaftLogWorker.java:execute(569)) - 96b6e699-3a35-4882-9e02-2a1e86df0e6d-SegmentedRaftLogWorker:Storage Directory /tmp/workdir/hadoop-ozone/integration-test/target/test-dir/MiniOzoneClusterImpl-693975b3-5718-46d1-a40b-7368a7ae1527/datanode-2/data/ratis/2fc9e74e-0d5f-4825-b144-b34df4fb9634: created new log segment /tmp/workdir/hadoop-ozone/integration-test/target/test-dir/MiniOzoneClusterImpl-693975b3-5718-46d1-a40b-7368a7ae1527/datanode-2/data/ratis/2fc9e74e-0d5f-4825-b144-b34df4fb9634/current/log_inprogress_0
2019-07-13 16:35:14,136 INFO  impl.LeaderElection (LeaderElection.java:askForVotes(181)) - c76d1c65-67b2-450d-ae52-65665312ef17:group-CA16FC05437E:LeaderElection51: begin an election at term 1 for -1: [c76d1c65-67b2-450d-ae52-65665312ef17:192.168.5.187:37040, 96b6e699-3a35-4882-9e02-2a1e86df0e6d:192.168.5.187:38385, c7d1ea11-7113-4264-995b-e989effa6b06:192.168.5.187:43946], old=null
2019-07-13 16:35:14,156 INFO  impl.FollowerState (FollowerState.java:run(106)) - 96b6e699-3a35-4882-9e02-2a1e86df0e6d:group-CA16FC05437E changes to CANDIDATE, lastRpcTime:5140, electionTimeout:5116ms
2019-07-13 16:35:14,156 INFO  impl.RoleInfo (RoleInfo.java:shutdownFollowerState(121)) - 96b6e699-3a35-4882-9e02-2a1e86df0e6d: shutdown FollowerState
2019-07-13 16:35:14,156 INFO  impl.RaftServerImpl (RaftServerImpl.java:setRole(171)) - 96b6e699-3a35-4882-9e02-2a1e86df0e6d:group-CA16FC05437E changes role from FOLLOWER to CANDIDATE at term 0 for changeToCandidate
2019-07-13 16:35:14,157 INFO  impl.RaftServerImpl (RaftServerImpl.java:setRole(171)) - c7d1ea11-7113-4264-995b-e989effa6b06:group-CA16FC05437E changes role from FOLLOWER to FOLLOWER at term 1 for recognizeCandidate:c76d1c65-67b2-450d-ae52-65665312ef17
2019-07-13 16:35:14,159 INFO  impl.RoleInfo (RoleInfo.java:shutdownFollowerState(121)) - c7d1ea11-7113-4264-995b-e989effa6b06: shutdown FollowerState
2019-07-13 16:35:14,159 INFO  impl.RoleInfo (RoleInfo.java:updateAndGet(143)) - 96b6e699-3a35-4882-9e02-2a1e86df0e6d: start LeaderElection
2019-07-13 16:35:14,159 INFO  impl.RoleInfo (RoleInfo.java:updateAndGet(143)) - c7d1ea11-7113-4264-995b-e989effa6b06: start FollowerState
2019-07-13 16:35:14,159 INFO  impl.FollowerState (FollowerState.java:run(114)) - c7d1ea11-7113-4264-995b-e989effa6b06: FollowerState was interrupted: java.lang.InterruptedException: sleep interrupted
2019-07-13 16:35:14,161 INFO  impl.RaftServerImpl (RaftServerImpl.java:setRole(171)) - 96b6e699-3a35-4882-9e02-2a1e86df0e6d:group-CA16FC05437E changes role from CANDIDATE to FOLLOWER at term 1 for recognizeCandidate:c76d1c65-67b2-450d-ae52-65665312ef17
2019-07-13 16:35:14,163 INFO  impl.RoleInfo (RoleInfo.java:shutdownLeaderElection(134)) - 96b6e699-3a35-4882-9e02-2a1e86df0e6d: shutdown LeaderElection
2019-07-13 16:35:14,164 INFO  impl.RoleInfo (RoleInfo.java:updateAndGet(143)) - 96b6e699-3a35-4882-9e02-2a1e86df0e6d: start FollowerState
2019-07-13 16:35:14,181 INFO  impl.LeaderElection (LeaderElection.java:logAndReturn(56)) - c76d1c65-67b2-450d-ae52-65665312ef17:group-CA16FC05437E:LeaderElection51: Election PASSED; received 1 response(s) [c76d1c65-67b2-450d-ae52-65665312ef17<-c7d1ea11-7113-4264-995b-e989effa6b06#0:OK-t1] and 0 exception(s); c76d1c65-67b2-450d-ae52-65665312ef17:t1, leader=null, voted=c76d1c65-67b2-450d-ae52-65665312ef17, raftlog=c76d1c65-67b2-450d-ae52-65665312ef17-SegmentedRaftLog:OPENED:c-1,f-1,i0, conf=-1: [c76d1c65-67b2-450d-ae52-65665312ef17:192.168.5.187:37040, 96b6e699-3a35-4882-9e02-2a1e86df0e6d:192.168.5.187:38385, c7d1ea11-7113-4264-995b-e989effa6b06:192.168.5.187:43946], old=null
2019-07-13 16:35:14,181 INFO  impl.RoleInfo (RoleInfo.java:shutdownLeaderElection(134)) - c76d1c65-67b2-450d-ae52-65665312ef17: shutdown LeaderElection
2019-07-13 16:35:14,181 INFO  impl.RaftServerImpl (RaftServerImpl.java:setRole(171)) - c76d1c65-67b2-450d-ae52-65665312ef17:group-CA16FC05437E changes role from CANDIDATE to LEADER at term 1 for changeToLeader
2019-07-13 16:35:14,181 INFO  impl.RaftServerImpl (ServerState.java:setLeader(263)) - c76d1c65-67b2-450d-ae52-65665312ef17:group-CA16FC05437E change Leader from null to c76d1c65-67b2-450d-ae52-65665312ef17 at term 1 for becomeLeader, leader elected after 5172ms
2019-07-13 16:35:14,181 INFO  server.RaftServerConfigKeys (ConfUtils.java:logGet(43)) - raft.server.staging.catchup.gap = 1000 (default)
2019-07-13 16:35:14,181 INFO  server.RaftServerConfigKeys (ConfUtils.java:logGet(43)) - raft.server.rpc.sleep.time = 25ms (default)
2019-07-13 16:35:14,182 INFO  server.RaftServerConfigKeys (ConfUtils.java:logGet(43)) - raft.server.write.element-limit = 4096 (default)
2019-07-13 16:35:14,182 INFO  server.RaftServerConfigKeys (ConfUtils.java:logGet(43)) - raft.server.watch.timeout = 10s (default)
2019-07-13 16:35:14,182 INFO  server.RaftServerConfigKeys (ConfUtils.java:logGet(43)) - raft.server.watch.timeout.denomination = 1s (default)
2019-07-13 16:35:14,182 INFO  server.RaftServerConfigKeys (ConfUtils.java:logGet(43)) - raft.server.watch.element-limit = 65536 (default)
2019-07-13 16:35:14,182 INFO  server.RaftServerConfigKeys (ConfUtils.java:logGet(43)) - raft.server.log.appender.snapshot.chunk.size.max = 16MB (=16777216) (default)
2019-07-13 16:35:14,183 INFO  server.RaftServerConfigKeys (ConfUtils.java:logGet(43)) - raft.server.log.appender.buffer.byte-limit = 33554432 (custom)
2019-07-13 16:35:14,183 INFO  server.RaftServerConfigKeys (ConfUtils.java:logGet(43)) - raft.server.log.appender.buffer.element-limit = 1 (custom)
2019-07-13 16:35:14,183 INFO  grpc.GrpcConfigKeys$Server (ConfUtils.java:logGet(43)) - raft.grpc.server.leader.outstanding.appends.max = 128 (default)
2019-07-13 16:35:14,183 INFO  server.RaftServerConfigKeys (ConfUtils.java:logGet(43)) - raft.server.rpc.request.timeout = 3000ms (default)
2019-07-13 16:35:14,184 INFO  server.RaftServerConfigKeys (ConfUtils.java:logGet(43)) - raft.server.log.appender.install.snapshot.enabled = false (custom)
2019-07-13 16:35:14,184 INFO  server.RaftServerConfigKeys (ConfUtils.java:logGet(43)) - raft.server.log.appender.snapshot.chunk.size.max = 16MB (=16777216) (default)
2019-07-13 16:35:14,184 INFO  server.RaftServerConfigKeys (ConfUtils.java:logGet(43)) - raft.server.log.appender.buffer.byte-limit = 33554432 (custom)
2019-07-13 16:35:14,184 INFO  server.RaftServerConfigKeys (ConfUtils.java:logGet(43)) - raft.server.log.appender.buffer.element-limit = 1 (custom)
2019-07-13 16:35:14,184 INFO  grpc.GrpcConfigKeys$Server (ConfUtils.java:logGet(43)) - raft.grpc.server.leader.outstanding.appends.max = 128 (default)
2019-07-13 16:35:14,185 INFO  server.RaftServerConfigKeys (ConfUtils.java:logGet(43)) - raft.server.rpc.request.timeout = 3000ms (default)
2019-07-13 16:35:14,185 INFO  server.RaftServerConfigKeys (ConfUtils.java:logGet(43)) - raft.server.log.appender.install.snapshot.enabled = false (custom)
2019-07-13 16:35:14,185 INFO  impl.RoleInfo (RoleInfo.java:updateAndGet(143)) - c76d1c65-67b2-450d-ae52-65665312ef17: start LeaderState
2019-07-13 16:35:14,185 INFO  segmented.SegmentedRaftLogWorker (SegmentedRaftLogWorker.java:startLogSegment(380)) - c76d1c65-67b2-450d-ae52-65665312ef17-SegmentedRaftLogWorker:Storage Directory /tmp/workdir/hadoop-ozone/integration-test/target/test-dir/MiniOzoneClusterImpl-693975b3-5718-46d1-a40b-7368a7ae1527/datanode-1/data/ratis/8666b954-f0cb-4215-8427-ca16fc05437e: Starting segment from index:0
2019-07-13 16:35:14,186 INFO  impl.RaftServerImpl (ServerState.java:setRaftConf(361)) - c76d1c65-67b2-450d-ae52-65665312ef17:group-CA16FC05437E set configuration 0: [c76d1c65-67b2-450d-ae52-65665312ef17:192.168.5.187:37040, 96b6e699-3a35-4882-9e02-2a1e86df0e6d:192.168.5.187:38385, c7d1ea11-7113-4264-995b-e989effa6b06:192.168.5.187:43946], old=null at 0
2019-07-13 16:35:14,205 INFO  impl.LeaderElection (LeaderElection.java:askForVotes(181)) - 96b6e699-3a35-4882-9e02-2a1e86df0e6d:group-CA16FC05437E:LeaderElection52: begin an election at term 2 for -1: [c76d1c65-67b2-450d-ae52-65665312ef17:192.168.5.187:37040, 96b6e699-3a35-4882-9e02-2a1e86df0e6d:192.168.5.187:38385, c7d1ea11-7113-4264-995b-e989effa6b06:192.168.5.187:43946], old=null
2019-07-13 16:35:14,216 INFO  impl.RaftServerImpl (ServerState.java:setLeader(263)) - c7d1ea11-7113-4264-995b-e989effa6b06:group-CA16FC05437E change Leader from null to c76d1c65-67b2-450d-ae52-65665312ef17 at term 1 for appendEntries, leader elected after 5207ms
2019-07-13 16:35:14,216 INFO  segmented.SegmentedRaftLogWorker (SegmentedRaftLogWorker.java:execute(569)) - c76d1c65-67b2-450d-ae52-65665312ef17-SegmentedRaftLogWorker:Storage Directory /tmp/workdir/hadoop-ozone/integration-test/target/test-dir/MiniOzoneClusterImpl-693975b3-5718-46d1-a40b-7368a7ae1527/datanode-1/data/ratis/8666b954-f0cb-4215-8427-ca16fc05437e: created new log segment /tmp/workdir/hadoop-ozone/integration-test/target/test-dir/MiniOzoneClusterImpl-693975b3-5718-46d1-a40b-7368a7ae1527/datanode-1/data/ratis/8666b954-f0cb-4215-8427-ca16fc05437e/current/log_inprogress_0
2019-07-13 16:35:14,216 INFO  impl.LeaderElection (LeaderElection.java:logAndReturn(56)) - 96b6e699-3a35-4882-9e02-2a1e86df0e6d:group-CA16FC05437E:LeaderElection52: Election REJECTED; received 0 response(s) [] and 0 exception(s); 96b6e699-3a35-4882-9e02-2a1e86df0e6d:t2, leader=null, voted=96b6e699-3a35-4882-9e02-2a1e86df0e6d, raftlog=96b6e699-3a35-4882-9e02-2a1e86df0e6d-SegmentedRaftLog:OPENED:c-1,f-1,i0, conf=-1: [c76d1c65-67b2-450d-ae52-65665312ef17:192.168.5.187:37040, 96b6e699-3a35-4882-9e02-2a1e86df0e6d:192.168.5.187:38385, c7d1ea11-7113-4264-995b-e989effa6b06:192.168.5.187:43946], old=null
2019-07-13 16:35:14,224 INFO  impl.RaftServerImpl (ServerState.java:setRaftConf(361)) - c7d1ea11-7113-4264-995b-e989effa6b06:group-CA16FC05437E set configuration 0: [c76d1c65-67b2-450d-ae52-65665312ef17:192.168.5.187:37040, 96b6e699-3a35-4882-9e02-2a1e86df0e6d:192.168.5.187:38385, c7d1ea11-7113-4264-995b-e989effa6b06:192.168.5.187:43946], old=null at 0
2019-07-13 16:35:14,227 INFO  impl.RaftServerImpl (ServerState.java:setLeader(263)) - c7d1ea11-7113-4264-995b-e989effa6b06:group-CA16FC05437E change Leader from c76d1c65-67b2-450d-ae52-65665312ef17 to null at term 2 for updateCurrentTerm
2019-07-13 16:35:14,230 INFO  impl.RaftServerImpl (RaftServerImpl.java:setRole(171)) - c7d1ea11-7113-4264-995b-e989effa6b06:group-CA16FC05437E changes role from FOLLOWER to FOLLOWER at term 2 for recognizeCandidate:96b6e699-3a35-4882-9e02-2a1e86df0e6d
2019-07-13 16:35:14,230 INFO  impl.RaftServerImpl (ServerState.java:setLeader(263)) - c76d1c65-67b2-450d-ae52-65665312ef17:group-CA16FC05437E change Leader from c76d1c65-67b2-450d-ae52-65665312ef17 to null at term 2 for updateCurrentTerm
2019-07-13 16:35:14,227 INFO  segmented.SegmentedRaftLogWorker (SegmentedRaftLogWorker.java:startLogSegment(380)) - c7d1ea11-7113-4264-995b-e989effa6b06-SegmentedRaftLogWorker:Storage Directory /tmp/workdir/hadoop-ozone/integration-test/target/test-dir/MiniOzoneClusterImpl-693975b3-5718-46d1-a40b-7368a7ae1527/datanode-0/data/ratis/8666b954-f0cb-4215-8427-ca16fc05437e: Starting segment from index:0
2019-07-13 16:35:14,230 INFO  impl.RaftServerImpl (RaftServerImpl.java:setRole(171)) - c76d1c65-67b2-450d-ae52-65665312ef17:group-CA16FC05437E changes role from LEADER to FOLLOWER at term 2 for stepDown
2019-07-13 16:35:14,230 INFO  impl.RoleInfo (RoleInfo.java:shutdownFollowerState(121)) - c7d1ea11-7113-4264-995b-e989effa6b06: shutdown FollowerState
2019-07-13 16:35:14,231 INFO  impl.RoleInfo (RoleInfo.java:shutdownLeaderState(104)) - c76d1c65-67b2-450d-ae52-65665312ef17: shutdown LeaderState
2019-07-13 16:35:14,231 INFO  impl.FollowerState (FollowerState.java:run(114)) - c7d1ea11-7113-4264-995b-e989effa6b06: FollowerState was interrupted: java.lang.InterruptedException: sleep interrupted
2019-07-13 16:35:14,254 WARN  server.GrpcLogAppender (GrpcLogAppender.java:mayWait(143)) - GrpcLogAppender(c76d1c65-67b2-450d-ae52-65665312ef17->c7d1ea11-7113-4264-995b-e989effa6b06): Wait interrupted by java.lang.InterruptedException
2019-07-13 16:35:14,231 INFO  impl.RoleInfo (RoleInfo.java:updateAndGet(143)) - c7d1ea11-7113-4264-995b-e989effa6b06: start FollowerState
2019-07-13 16:35:14,256 INFO  impl.PendingRequests (PendingRequests.java:sendNotLeaderResponses(202)) - c76d1c65-67b2-450d-ae52-65665312ef17-PendingRequests: sendNotLeaderResponses
2019-07-13 16:35:14,256 WARN  server.GrpcLogAppender (GrpcLogAppender.java:mayWait(143)) - GrpcLogAppender(c76d1c65-67b2-450d-ae52-65665312ef17->96b6e699-3a35-4882-9e02-2a1e86df0e6d): Wait interrupted by java.lang.InterruptedException
2019-07-13 16:35:14,257 INFO  server.GrpcServerProtocolService (GrpcServerProtocolService.java:onCompleted(104)) - c7d1ea11-7113-4264-995b-e989effa6b06: appendEntries completed
2019-07-13 16:35:14,257 INFO  impl.RoleInfo (RoleInfo.java:updateAndGet(143)) - c76d1c65-67b2-450d-ae52-65665312ef17: start FollowerState
2019-07-13 16:35:14,260 INFO  server.GrpcLogAppender (GrpcLogAppender.java:onCompleted(292)) - c76d1c65-67b2-450d-ae52-65665312ef17->c7d1ea11-7113-4264-995b-e989effa6b06: follower responses appendEntries COMPLETED
2019-07-13 16:35:14,260 INFO  server.GrpcServerProtocolService (GrpcServerProtocolService.java:onCompleted(104)) - 96b6e699-3a35-4882-9e02-2a1e86df0e6d: appendEntries completed
2019-07-13 16:35:14,261 INFO  impl.FollowerInfo (FollowerInfo.java:lambda$new$0(50)) - c76d1c65-67b2-450d-ae52-65665312ef17->c7d1ea11-7113-4264-995b-e989effa6b06: nextIndex: updateUnconditionally 1 -> 0
2019-07-13 16:35:14,268 INFO  segmented.SegmentedRaftLogWorker (SegmentedRaftLogWorker.java:execute(569)) - c7d1ea11-7113-4264-995b-e989effa6b06-SegmentedRaftLogWorker:Storage Directory /tmp/workdir/hadoop-ozone/integration-test/target/test-dir/MiniOzoneClusterImpl-693975b3-5718-46d1-a40b-7368a7ae1527/datanode-0/data/ratis/8666b954-f0cb-4215-8427-ca16fc05437e: created new log segment /tmp/workdir/hadoop-ozone/integration-test/target/test-dir/MiniOzoneClusterImpl-693975b3-5718-46d1-a40b-7368a7ae1527/datanode-0/data/ratis/8666b954-f0cb-4215-8427-ca16fc05437e/current/log_inprogress_0
2019-07-13 16:35:14,277 INFO  impl.RaftServerImpl (RaftServerImpl.java:setRole(171)) - c76d1c65-67b2-450d-ae52-65665312ef17:group-CA16FC05437E changes role from FOLLOWER to FOLLOWER at term 2 for recognizeCandidate:96b6e699-3a35-4882-9e02-2a1e86df0e6d
2019-07-13 16:35:14,277 INFO  impl.RoleInfo (RoleInfo.java:shutdownFollowerState(121)) - c76d1c65-67b2-450d-ae52-65665312ef17: shutdown FollowerState
2019-07-13 16:35:14,277 INFO  impl.RoleInfo (RoleInfo.java:updateAndGet(143)) - c76d1c65-67b2-450d-ae52-65665312ef17: start FollowerState
2019-07-13 16:35:14,277 INFO  impl.FollowerState (FollowerState.java:run(114)) - c76d1c65-67b2-450d-ae52-65665312ef17: FollowerState was interrupted: java.lang.InterruptedException: sleep interrupted
2019-07-13 16:35:14,284 INFO  server.GrpcLogAppender (GrpcLogAppender.java:onCompleted(292)) - c76d1c65-67b2-450d-ae52-65665312ef17->96b6e699-3a35-4882-9e02-2a1e86df0e6d: follower responses appendEntries COMPLETED
2019-07-13 16:35:14,285 INFO  impl.FollowerInfo (FollowerInfo.java:lambda$new$0(50)) - c76d1c65-67b2-450d-ae52-65665312ef17->96b6e699-3a35-4882-9e02-2a1e86df0e6d: nextIndex: updateUnconditionally 1 -> 0
2019-07-13 16:35:14,310 INFO  impl.FollowerState (FollowerState.java:run(106)) - 1994cf6e-8caa-4a35-8bc9-e1784edec90e:group-74B1FA6A476F changes to CANDIDATE, lastRpcTime:5183, electionTimeout:5183ms
2019-07-13 16:35:14,310 INFO  impl.RoleInfo (RoleInfo.java:shutdownFollowerState(121)) - 1994cf6e-8caa-4a35-8bc9-e1784edec90e: shutdown FollowerState
2019-07-13 16:35:14,310 INFO  impl.RaftServerImpl (RaftServerImpl.java:setRole(171)) - 1994cf6e-8caa-4a35-8bc9-e1784edec90e:group-74B1FA6A476F changes role from FOLLOWER to CANDIDATE at term 0 for changeToCandidate
2019-07-13 16:35:14,310 INFO  impl.RoleInfo (RoleInfo.java:updateAndGet(143)) - 1994cf6e-8caa-4a35-8bc9-e1784edec90e: start LeaderElection
2019-07-13 16:35:14,320 INFO  impl.LeaderElection (LeaderElection.java:askForVotes(181)) - 1994cf6e-8caa-4a35-8bc9-e1784edec90e:group-74B1FA6A476F:LeaderElection53: begin an election at term 1 for -1: [1994cf6e-8caa-4a35-8bc9-e1784edec90e:192.168.5.187:45646], old=null
2019-07-13 16:35:14,320 INFO  impl.RoleInfo (RoleInfo.java:shutdownLeaderElection(134)) - 1994cf6e-8caa-4a35-8bc9-e1784edec90e: shutdown LeaderElection
2019-07-13 16:35:14,320 INFO  impl.RaftServerImpl (RaftServerImpl.java:setRole(171)) - 1994cf6e-8caa-4a35-8bc9-e1784edec90e:group-74B1FA6A476F changes role from CANDIDATE to LEADER at term 1 for changeToLeader
2019-07-13 16:35:14,320 INFO  impl.RaftServerImpl (ServerState.java:setLeader(263)) - 1994cf6e-8caa-4a35-8bc9-e1784edec90e:group-74B1FA6A476F change Leader from null to 1994cf6e-8caa-4a35-8bc9-e1784edec90e at term 1 for becomeLeader, leader elected after 5198ms
2019-07-13 16:35:14,321 INFO  server.RaftServerConfigKeys (ConfUtils.java:logGet(43)) - raft.server.staging.catchup.gap = 1000 (default)
2019-07-13 16:35:14,321 INFO  server.RaftServerConfigKeys (ConfUtils.java:logGet(43)) - raft.server.rpc.sleep.time = 25ms (default)
2019-07-13 16:35:14,321 INFO  server.RaftServerConfigKeys (ConfUtils.java:logGet(43)) - raft.server.write.element-limit = 4096 (default)
2019-07-13 16:35:14,321 INFO  server.RaftServerConfigKeys (ConfUtils.java:logGet(43)) - raft.server.watch.timeout = 10s (default)
2019-07-13 16:35:14,321 INFO  server.RaftServerConfigKeys (ConfUtils.java:logGet(43)) - raft.server.watch.timeout.denomination = 1s (default)
2019-07-13 16:35:14,321 INFO  server.RaftServerConfigKeys (ConfUtils.java:logGet(43)) - raft.server.watch.element-limit = 65536 (default)
2019-07-13 16:35:14,322 INFO  impl.RoleInfo (RoleInfo.java:updateAndGet(143)) - 1994cf6e-8caa-4a35-8bc9-e1784edec90e: start LeaderState
2019-07-13 16:35:14,322 INFO  segmented.SegmentedRaftLogWorker (SegmentedRaftLogWorker.java:startLogSegment(380)) - 1994cf6e-8caa-4a35-8bc9-e1784edec90e-SegmentedRaftLogWorker:Storage Directory /tmp/workdir/hadoop-ozone/integration-test/target/test-dir/MiniOzoneClusterImpl-693975b3-5718-46d1-a40b-7368a7ae1527/datanode-3/data/ratis/9790abec-1c6b-478e-991d-74b1fa6a476f: Starting segment from index:0
2019-07-13 16:35:14,322 INFO  impl.RaftServerImpl (ServerState.java:setRaftConf(361)) - 1994cf6e-8caa-4a35-8bc9-e1784edec90e:group-74B1FA6A476F set configuration 0: [1994cf6e-8caa-4a35-8bc9-e1784edec90e:192.168.5.187:45646], old=null at 0
2019-07-13 16:35:14,354 INFO  segmented.SegmentedRaftLogWorker (SegmentedRaftLogWorker.java:execute(569)) - 1994cf6e-8caa-4a35-8bc9-e1784edec90e-SegmentedRaftLogWorker:Storage Directory /tmp/workdir/hadoop-ozone/integration-test/target/test-dir/MiniOzoneClusterImpl-693975b3-5718-46d1-a40b-7368a7ae1527/datanode-3/data/ratis/9790abec-1c6b-478e-991d-74b1fa6a476f: created new log segment /tmp/workdir/hadoop-ozone/integration-test/target/test-dir/MiniOzoneClusterImpl-693975b3-5718-46d1-a40b-7368a7ae1527/datanode-3/data/ratis/9790abec-1c6b-478e-991d-74b1fa6a476f/current/log_inprogress_0
2019-07-13 16:35:14,497 INFO  impl.FollowerState (FollowerState.java:run(106)) - b01d5846-82d3-4539-ab5a-18c880ca4812:group-FD05CA609CE0 changes to CANDIDATE, lastRpcTime:5057, electionTimeout:5057ms
2019-07-13 16:35:14,497 INFO  impl.RoleInfo (RoleInfo.java:shutdownFollowerState(121)) - b01d5846-82d3-4539-ab5a-18c880ca4812: shutdown FollowerState
2019-07-13 16:35:14,497 INFO  impl.RaftServerImpl (RaftServerImpl.java:setRole(171)) - b01d5846-82d3-4539-ab5a-18c880ca4812:group-FD05CA609CE0 changes role from FOLLOWER to CANDIDATE at term 0 for changeToCandidate
2019-07-13 16:35:14,497 INFO  impl.RoleInfo (RoleInfo.java:updateAndGet(143)) - b01d5846-82d3-4539-ab5a-18c880ca4812: start LeaderElection
2019-07-13 16:35:14,508 INFO  impl.LeaderElection (LeaderElection.java:askForVotes(181)) - b01d5846-82d3-4539-ab5a-18c880ca4812:group-FD05CA609CE0:LeaderElection54: begin an election at term 1 for -1: [b01d5846-82d3-4539-ab5a-18c880ca4812:192.168.5.187:33126], old=null
2019-07-13 16:35:14,508 INFO  impl.RoleInfo (RoleInfo.java:shutdownLeaderElection(134)) - b01d5846-82d3-4539-ab5a-18c880ca4812: shutdown LeaderElection
2019-07-13 16:35:14,509 INFO  impl.RaftServerImpl (RaftServerImpl.java:setRole(171)) - b01d5846-82d3-4539-ab5a-18c880ca4812:group-FD05CA609CE0 changes role from CANDIDATE to LEADER at term 1 for changeToLeader
2019-07-13 16:35:14,509 INFO  impl.RaftServerImpl (ServerState.java:setLeader(263)) - b01d5846-82d3-4539-ab5a-18c880ca4812:group-FD05CA609CE0 change Leader from null to b01d5846-82d3-4539-ab5a-18c880ca4812 at term 1 for becomeLeader, leader elected after 5073ms
2019-07-13 16:35:14,509 INFO  server.RaftServerConfigKeys (ConfUtils.java:logGet(43)) - raft.server.staging.catchup.gap = 1000 (default)
2019-07-13 16:35:14,509 INFO  server.RaftServerConfigKeys (ConfUtils.java:logGet(43)) - raft.server.rpc.sleep.time = 25ms (default)
2019-07-13 16:35:14,509 INFO  server.RaftServerConfigKeys (ConfUtils.java:logGet(43)) - raft.server.write.element-limit = 4096 (default)
2019-07-13 16:35:14,509 INFO  server.RaftServerConfigKeys (ConfUtils.java:logGet(43)) - raft.server.watch.timeout = 10s (default)
2019-07-13 16:35:14,510 INFO  server.RaftServerConfigKeys (ConfUtils.java:logGet(43)) - raft.server.watch.timeout.denomination = 1s (default)
2019-07-13 16:35:14,510 INFO  server.RaftServerConfigKeys (ConfUtils.java:logGet(43)) - raft.server.watch.element-limit = 65536 (default)
2019-07-13 16:35:14,510 INFO  impl.RoleInfo (RoleInfo.java:updateAndGet(143)) - b01d5846-82d3-4539-ab5a-18c880ca4812: start LeaderState
2019-07-13 16:35:14,510 INFO  segmented.SegmentedRaftLogWorker (SegmentedRaftLogWorker.java:startLogSegment(380)) - b01d5846-82d3-4539-ab5a-18c880ca4812-SegmentedRaftLogWorker:Storage Directory /tmp/workdir/hadoop-ozone/integration-test/target/test-dir/MiniOzoneClusterImpl-693975b3-5718-46d1-a40b-7368a7ae1527/datanode-4/data/ratis/ac6aad58-c73f-4b96-88eb-fd05ca609ce0: Starting segment from index:0
2019-07-13 16:35:14,511 INFO  impl.RaftServerImpl (ServerState.java:setRaftConf(361)) - b01d5846-82d3-4539-ab5a-18c880ca4812:group-FD05CA609CE0 set configuration 0: [b01d5846-82d3-4539-ab5a-18c880ca4812:192.168.5.187:33126], old=null at 0
2019-07-13 16:35:14,534 INFO  segmented.SegmentedRaftLogWorker (SegmentedRaftLogWorker.java:execute(569)) - b01d5846-82d3-4539-ab5a-18c880ca4812-SegmentedRaftLogWorker:Storage Directory /tmp/workdir/hadoop-ozone/integration-test/target/test-dir/MiniOzoneClusterImpl-693975b3-5718-46d1-a40b-7368a7ae1527/datanode-4/data/ratis/ac6aad58-c73f-4b96-88eb-fd05ca609ce0: created new log segment /tmp/workdir/hadoop-ozone/integration-test/target/test-dir/MiniOzoneClusterImpl-693975b3-5718-46d1-a40b-7368a7ae1527/datanode-4/data/ratis/ac6aad58-c73f-4b96-88eb-fd05ca609ce0/current/log_inprogress_0
2019-07-13 16:35:14,741 INFO  impl.FollowerState (FollowerState.java:run(106)) - 65466353-f6f4-496f-8faf-31035af9c270:group-765AA58DD5E6 changes to CANDIDATE, lastRpcTime:5057, electionTimeout:5057ms
2019-07-13 16:35:14,741 INFO  impl.RoleInfo (RoleInfo.java:shutdownFollowerState(121)) - 65466353-f6f4-496f-8faf-31035af9c270: shutdown FollowerState
2019-07-13 16:35:14,741 INFO  impl.RaftServerImpl (RaftServerImpl.java:setRole(171)) - 65466353-f6f4-496f-8faf-31035af9c270:group-765AA58DD5E6 changes role from FOLLOWER to CANDIDATE at term 0 for changeToCandidate
2019-07-13 16:35:14,741 INFO  impl.RoleInfo (RoleInfo.java:updateAndGet(143)) - 65466353-f6f4-496f-8faf-31035af9c270: start LeaderElection
2019-07-13 16:35:14,751 INFO  impl.LeaderElection (LeaderElection.java:askForVotes(181)) - 65466353-f6f4-496f-8faf-31035af9c270:group-765AA58DD5E6:LeaderElection55: begin an election at term 1 for -1: [65466353-f6f4-496f-8faf-31035af9c270:192.168.5.187:38666, 1994cf6e-8caa-4a35-8bc9-e1784edec90e:192.168.5.187:45646, b01d5846-82d3-4539-ab5a-18c880ca4812:192.168.5.187:33126], old=null
2019-07-13 16:35:14,758 INFO  impl.RaftServerImpl (RaftServerImpl.java:setRole(171)) - 1994cf6e-8caa-4a35-8bc9-e1784edec90e:group-765AA58DD5E6 changes role from FOLLOWER to FOLLOWER at term 1 for recognizeCandidate:65466353-f6f4-496f-8faf-31035af9c270
2019-07-13 16:35:14,760 INFO  impl.RaftServerImpl (RaftServerImpl.java:setRole(171)) - b01d5846-82d3-4539-ab5a-18c880ca4812:group-765AA58DD5E6 changes role from FOLLOWER to FOLLOWER at term 1 for recognizeCandidate:65466353-f6f4-496f-8faf-31035af9c270
2019-07-13 16:35:14,761 INFO  impl.RoleInfo (RoleInfo.java:shutdownFollowerState(121)) - 1994cf6e-8caa-4a35-8bc9-e1784edec90e: shutdown FollowerState
2019-07-13 16:35:14,761 INFO  impl.RoleInfo (RoleInfo.java:shutdownFollowerState(121)) - b01d5846-82d3-4539-ab5a-18c880ca4812: shutdown FollowerState
2019-07-13 16:35:14,761 INFO  impl.RoleInfo (RoleInfo.java:updateAndGet(143)) - 1994cf6e-8caa-4a35-8bc9-e1784edec90e: start FollowerState
2019-07-13 16:35:14,761 INFO  impl.RoleInfo (RoleInfo.java:updateAndGet(143)) - b01d5846-82d3-4539-ab5a-18c880ca4812: start FollowerState
2019-07-13 16:35:14,761 INFO  impl.FollowerState (FollowerState.java:run(114)) - 1994cf6e-8caa-4a35-8bc9-e1784edec90e: FollowerState was interrupted: java.lang.InterruptedException: sleep interrupted
2019-07-13 16:35:14,761 INFO  impl.FollowerState (FollowerState.java:run(114)) - b01d5846-82d3-4539-ab5a-18c880ca4812: FollowerState was interrupted: java.lang.InterruptedException: sleep interrupted
2019-07-13 16:35:14,767 INFO  impl.FollowerState (FollowerState.java:run(106)) - 65466353-f6f4-496f-8faf-31035af9c270:group-88E77E55B9D8 changes to CANDIDATE, lastRpcTime:5141, electionTimeout:5141ms
2019-07-13 16:35:14,768 INFO  impl.RoleInfo (RoleInfo.java:shutdownFollowerState(121)) - 65466353-f6f4-496f-8faf-31035af9c270: shutdown FollowerState
2019-07-13 16:35:14,768 INFO  impl.RaftServerImpl (RaftServerImpl.java:setRole(171)) - 65466353-f6f4-496f-8faf-31035af9c270:group-88E77E55B9D8 changes role from FOLLOWER to CANDIDATE at term 0 for changeToCandidate
2019-07-13 16:35:14,768 INFO  impl.RoleInfo (RoleInfo.java:updateAndGet(143)) - 65466353-f6f4-496f-8faf-31035af9c270: start LeaderElection
2019-07-13 16:35:14,778 INFO  impl.LeaderElection (LeaderElection.java:askForVotes(181)) - 65466353-f6f4-496f-8faf-31035af9c270:group-88E77E55B9D8:LeaderElection56: begin an election at term 1 for -1: [65466353-f6f4-496f-8faf-31035af9c270:192.168.5.187:38666], old=null
2019-07-13 16:35:14,779 INFO  impl.RoleInfo (RoleInfo.java:shutdownLeaderElection(134)) - 65466353-f6f4-496f-8faf-31035af9c270: shutdown LeaderElection
2019-07-13 16:35:14,779 INFO  impl.RaftServerImpl (RaftServerImpl.java:setRole(171)) - 65466353-f6f4-496f-8faf-31035af9c270:group-88E77E55B9D8 changes role from CANDIDATE to LEADER at term 1 for changeToLeader
2019-07-13 16:35:14,779 INFO  impl.RaftServerImpl (ServerState.java:setLeader(263)) - 65466353-f6f4-496f-8faf-31035af9c270:group-88E77E55B9D8 change Leader from null to 65466353-f6f4-496f-8faf-31035af9c270 at term 1 for becomeLeader, leader elected after 5157ms
2019-07-13 16:35:14,779 INFO  server.RaftServerConfigKeys (ConfUtils.java:logGet(43)) - raft.server.staging.catchup.gap = 1000 (default)
2019-07-13 16:35:14,779 INFO  server.RaftServerConfigKeys (ConfUtils.java:logGet(43)) - raft.server.rpc.sleep.time = 25ms (default)
2019-07-13 16:35:14,781 INFO  server.RaftServerConfigKeys (ConfUtils.java:logGet(43)) - raft.server.write.element-limit = 4096 (default)
2019-07-13 16:35:14,782 INFO  server.RaftServerConfigKeys (ConfUtils.java:logGet(43)) - raft.server.watch.timeout = 10s (default)
2019-07-13 16:35:14,782 INFO  impl.LeaderElection (LeaderElection.java:logAndReturn(56)) - 65466353-f6f4-496f-8faf-31035af9c270:group-765AA58DD5E6:LeaderElection55: Election PASSED; received 1 response(s) [65466353-f6f4-496f-8faf-31035af9c270<-b01d5846-82d3-4539-ab5a-18c880ca4812#0:OK-t1] and 0 exception(s); 65466353-f6f4-496f-8faf-31035af9c270:t1, leader=null, voted=65466353-f6f4-496f-8faf-31035af9c270, raftlog=65466353-f6f4-496f-8faf-31035af9c270-SegmentedRaftLog:OPENED:c-1,f-1,i0, conf=-1: [65466353-f6f4-496f-8faf-31035af9c270:192.168.5.187:38666, 1994cf6e-8caa-4a35-8bc9-e1784edec90e:192.168.5.187:45646, b01d5846-82d3-4539-ab5a-18c880ca4812:192.168.5.187:33126], old=null
2019-07-13 16:35:14,782 INFO  server.RaftServerConfigKeys (ConfUtils.java:logGet(43)) - raft.server.watch.timeout.denomination = 1s (default)
2019-07-13 16:35:14,782 INFO  impl.RoleInfo (RoleInfo.java:shutdownLeaderElection(134)) - 65466353-f6f4-496f-8faf-31035af9c270: shutdown LeaderElection
2019-07-13 16:35:14,782 INFO  server.RaftServerConfigKeys (ConfUtils.java:logGet(43)) - raft.server.watch.element-limit = 65536 (default)
2019-07-13 16:35:14,782 INFO  impl.RaftServerImpl (RaftServerImpl.java:setRole(171)) - 65466353-f6f4-496f-8faf-31035af9c270:group-765AA58DD5E6 changes role from CANDIDATE to LEADER at term 1 for changeToLeader
2019-07-13 16:35:14,783 INFO  impl.RoleInfo (RoleInfo.java:updateAndGet(143)) - 65466353-f6f4-496f-8faf-31035af9c270: start LeaderState
2019-07-13 16:35:14,783 INFO  impl.RaftServerImpl (ServerState.java:setLeader(263)) - 65466353-f6f4-496f-8faf-31035af9c270:group-765AA58DD5E6 change Leader from null to 65466353-f6f4-496f-8faf-31035af9c270 at term 1 for becomeLeader, leader elected after 5107ms
2019-07-13 16:35:14,783 INFO  segmented.SegmentedRaftLogWorker (SegmentedRaftLogWorker.java:startLogSegment(380)) - 65466353-f6f4-496f-8faf-31035af9c270-SegmentedRaftLogWorker:Storage Directory /tmp/workdir/hadoop-ozone/integration-test/target/test-dir/MiniOzoneClusterImpl-693975b3-5718-46d1-a40b-7368a7ae1527/datanode-5/data/ratis/26a0c46b-04f0-455b-ac7b-88e77e55b9d8: Starting segment from index:0
2019-07-13 16:35:14,783 INFO  server.RaftServerConfigKeys (ConfUtils.java:logGet(43)) - raft.server.staging.catchup.gap = 1000 (default)
2019-07-13 16:35:14,783 INFO  server.RaftServerConfigKeys (ConfUtils.java:logGet(43)) - raft.server.rpc.sleep.time = 25ms (default)
2019-07-13 16:35:14,783 INFO  server.RaftServerConfigKeys (ConfUtils.java:logGet(43)) - raft.server.write.element-limit = 4096 (default)
2019-07-13 16:35:14,783 INFO  impl.RaftServerImpl (ServerState.java:setRaftConf(361)) - 65466353-f6f4-496f-8faf-31035af9c270:group-88E77E55B9D8 set configuration 0: [65466353-f6f4-496f-8faf-31035af9c270:192.168.5.187:38666], old=null at 0
2019-07-13 16:35:14,783 INFO  server.RaftServerConfigKeys (ConfUtils.java:logGet(43)) - raft.server.watch.timeout = 10s (default)
2019-07-13 16:35:14,804 INFO  server.RaftServerConfigKeys (ConfUtils.java:logGet(43)) - raft.server.watch.timeout.denomination = 1s (default)
2019-07-13 16:35:14,804 INFO  server.RaftServerConfigKeys (ConfUtils.java:logGet(43)) - raft.server.watch.element-limit = 65536 (default)
2019-07-13 16:35:14,804 INFO  server.RaftServerConfigKeys (ConfUtils.java:logGet(43)) - raft.server.log.appender.snapshot.chunk.size.max = 16MB (=16777216) (default)
2019-07-13 16:35:14,804 INFO  server.RaftServerConfigKeys (ConfUtils.java:logGet(43)) - raft.server.log.appender.buffer.byte-limit = 33554432 (custom)
2019-07-13 16:35:14,805 INFO  server.RaftServerConfigKeys (ConfUtils.java:logGet(43)) - raft.server.log.appender.buffer.element-limit = 1 (custom)
2019-07-13 16:35:14,805 INFO  grpc.GrpcConfigKeys$Server (ConfUtils.java:logGet(43)) - raft.grpc.server.leader.outstanding.appends.max = 128 (default)
2019-07-13 16:35:14,805 INFO  server.RaftServerConfigKeys (ConfUtils.java:logGet(43)) - raft.server.rpc.request.timeout = 3000ms (default)
2019-07-13 16:35:14,805 INFO  server.RaftServerConfigKeys (ConfUtils.java:logGet(43)) - raft.server.log.appender.install.snapshot.enabled = false (custom)
2019-07-13 16:35:14,805 INFO  server.RaftServerConfigKeys (ConfUtils.java:logGet(43)) - raft.server.log.appender.snapshot.chunk.size.max = 16MB (=16777216) (default)
2019-07-13 16:35:14,805 INFO  server.RaftServerConfigKeys (ConfUtils.java:logGet(43)) - raft.server.log.appender.buffer.byte-limit = 33554432 (custom)
2019-07-13 16:35:14,806 INFO  server.RaftServerConfigKeys (ConfUtils.java:logGet(43)) - raft.server.log.appender.buffer.element-limit = 1 (custom)
2019-07-13 16:35:14,806 INFO  grpc.GrpcConfigKeys$Server (ConfUtils.java:logGet(43)) - raft.grpc.server.leader.outstanding.appends.max = 128 (default)
2019-07-13 16:35:14,806 INFO  server.RaftServerConfigKeys (ConfUtils.java:logGet(43)) - raft.server.rpc.request.timeout = 3000ms (default)
2019-07-13 16:35:14,806 INFO  server.RaftServerConfigKeys (ConfUtils.java:logGet(43)) - raft.server.log.appender.install.snapshot.enabled = false (custom)
2019-07-13 16:35:14,806 INFO  impl.RoleInfo (RoleInfo.java:updateAndGet(143)) - 65466353-f6f4-496f-8faf-31035af9c270: start LeaderState
2019-07-13 16:35:14,807 INFO  segmented.SegmentedRaftLogWorker (SegmentedRaftLogWorker.java:startLogSegment(380)) - 65466353-f6f4-496f-8faf-31035af9c270-SegmentedRaftLogWorker:Storage Directory /tmp/workdir/hadoop-ozone/integration-test/target/test-dir/MiniOzoneClusterImpl-693975b3-5718-46d1-a40b-7368a7ae1527/datanode-5/data/ratis/4a88c411-9ca5-4d15-97cc-765aa58dd5e6: Starting segment from index:0
2019-07-13 16:35:14,807 INFO  impl.RaftServerImpl (ServerState.java:setRaftConf(361)) - 65466353-f6f4-496f-8faf-31035af9c270:group-765AA58DD5E6 set configuration 0: [65466353-f6f4-496f-8faf-31035af9c270:192.168.5.187:38666, 1994cf6e-8caa-4a35-8bc9-e1784edec90e:192.168.5.187:45646, b01d5846-82d3-4539-ab5a-18c880ca4812:192.168.5.187:33126], old=null at 0
2019-07-13 16:35:14,829 INFO  impl.RaftServerImpl (ServerState.java:setLeader(263)) - b01d5846-82d3-4539-ab5a-18c880ca4812:group-765AA58DD5E6 change Leader from null to 65466353-f6f4-496f-8faf-31035af9c270 at term 1 for appendEntries, leader elected after 5153ms
2019-07-13 16:35:14,830 INFO  segmented.SegmentedRaftLogWorker (SegmentedRaftLogWorker.java:execute(569)) - 65466353-f6f4-496f-8faf-31035af9c270-SegmentedRaftLogWorker:Storage Directory /tmp/workdir/hadoop-ozone/integration-test/target/test-dir/MiniOzoneClusterImpl-693975b3-5718-46d1-a40b-7368a7ae1527/datanode-5/data/ratis/26a0c46b-04f0-455b-ac7b-88e77e55b9d8: created new log segment /tmp/workdir/hadoop-ozone/integration-test/target/test-dir/MiniOzoneClusterImpl-693975b3-5718-46d1-a40b-7368a7ae1527/datanode-5/data/ratis/26a0c46b-04f0-455b-ac7b-88e77e55b9d8/current/log_inprogress_0
2019-07-13 16:35:14,832 INFO  impl.RaftServerImpl (ServerState.java:setLeader(263)) - 1994cf6e-8caa-4a35-8bc9-e1784edec90e:group-765AA58DD5E6 change Leader from null to 65466353-f6f4-496f-8faf-31035af9c270 at term 1 for appendEntries, leader elected after 5156ms
2019-07-13 16:35:14,834 INFO  impl.RaftServerImpl (ServerState.java:setRaftConf(361)) - 1994cf6e-8caa-4a35-8bc9-e1784edec90e:group-765AA58DD5E6 set configuration 0: [65466353-f6f4-496f-8faf-31035af9c270:192.168.5.187:38666, 1994cf6e-8caa-4a35-8bc9-e1784edec90e:192.168.5.187:45646, b01d5846-82d3-4539-ab5a-18c880ca4812:192.168.5.187:33126], old=null at 0
2019-07-13 16:35:14,834 INFO  impl.RaftServerImpl (ServerState.java:setRaftConf(361)) - b01d5846-82d3-4539-ab5a-18c880ca4812:group-765AA58DD5E6 set configuration 0: [65466353-f6f4-496f-8faf-31035af9c270:192.168.5.187:38666, 1994cf6e-8caa-4a35-8bc9-e1784edec90e:192.168.5.187:45646, b01d5846-82d3-4539-ab5a-18c880ca4812:192.168.5.187:33126], old=null at 0
2019-07-13 16:35:14,835 INFO  segmented.SegmentedRaftLogWorker (SegmentedRaftLogWorker.java:execute(569)) - 65466353-f6f4-496f-8faf-31035af9c270-SegmentedRaftLogWorker:Storage Directory /tmp/workdir/hadoop-ozone/integration-test/target/test-dir/MiniOzoneClusterImpl-693975b3-5718-46d1-a40b-7368a7ae1527/datanode-5/data/ratis/4a88c411-9ca5-4d15-97cc-765aa58dd5e6: created new log segment /tmp/workdir/hadoop-ozone/integration-test/target/test-dir/MiniOzoneClusterImpl-693975b3-5718-46d1-a40b-7368a7ae1527/datanode-5/data/ratis/4a88c411-9ca5-4d15-97cc-765aa58dd5e6/current/log_inprogress_0
2019-07-13 16:35:14,835 INFO  segmented.SegmentedRaftLogWorker (SegmentedRaftLogWorker.java:startLogSegment(380)) - 1994cf6e-8caa-4a35-8bc9-e1784edec90e-SegmentedRaftLogWorker:Storage Directory /tmp/workdir/hadoop-ozone/integration-test/target/test-dir/MiniOzoneClusterImpl-693975b3-5718-46d1-a40b-7368a7ae1527/datanode-3/data/ratis/4a88c411-9ca5-4d15-97cc-765aa58dd5e6: Starting segment from index:0
2019-07-13 16:35:14,835 INFO  segmented.SegmentedRaftLogWorker (SegmentedRaftLogWorker.java:startLogSegment(380)) - b01d5846-82d3-4539-ab5a-18c880ca4812-SegmentedRaftLogWorker:Storage Directory /tmp/workdir/hadoop-ozone/integration-test/target/test-dir/MiniOzoneClusterImpl-693975b3-5718-46d1-a40b-7368a7ae1527/datanode-4/data/ratis/4a88c411-9ca5-4d15-97cc-765aa58dd5e6: Starting segment from index:0
2019-07-13 16:35:14,865 INFO  segmented.SegmentedRaftLogWorker (SegmentedRaftLogWorker.java:execute(569)) - b01d5846-82d3-4539-ab5a-18c880ca4812-SegmentedRaftLogWorker:Storage Directory /tmp/workdir/hadoop-ozone/integration-test/target/test-dir/MiniOzoneClusterImpl-693975b3-5718-46d1-a40b-7368a7ae1527/datanode-4/data/ratis/4a88c411-9ca5-4d15-97cc-765aa58dd5e6: created new log segment /tmp/workdir/hadoop-ozone/integration-test/target/test-dir/MiniOzoneClusterImpl-693975b3-5718-46d1-a40b-7368a7ae1527/datanode-4/data/ratis/4a88c411-9ca5-4d15-97cc-765aa58dd5e6/current/log_inprogress_0
2019-07-13 16:35:14,865 INFO  segmented.SegmentedRaftLogWorker (SegmentedRaftLogWorker.java:execute(569)) - 1994cf6e-8caa-4a35-8bc9-e1784edec90e-SegmentedRaftLogWorker:Storage Directory /tmp/workdir/hadoop-ozone/integration-test/target/test-dir/MiniOzoneClusterImpl-693975b3-5718-46d1-a40b-7368a7ae1527/datanode-3/data/ratis/4a88c411-9ca5-4d15-97cc-765aa58dd5e6: created new log segment /tmp/workdir/hadoop-ozone/integration-test/target/test-dir/MiniOzoneClusterImpl-693975b3-5718-46d1-a40b-7368a7ae1527/datanode-3/data/ratis/4a88c411-9ca5-4d15-97cc-765aa58dd5e6/current/log_inprogress_0
2019-07-13 16:35:14,877 INFO  impl.FollowerState (FollowerState.java:run(106)) - 03b56f89-1fa1-4e2a-8397-42f15f2e49a9:group-A440E75F9955 changes to CANDIDATE, lastRpcTime:5067, electionTimeout:5067ms
2019-07-13 16:35:14,877 INFO  impl.RoleInfo (RoleInfo.java:shutdownFollowerState(121)) - 03b56f89-1fa1-4e2a-8397-42f15f2e49a9: shutdown FollowerState
2019-07-13 16:35:14,877 INFO  impl.RaftServerImpl (RaftServerImpl.java:setRole(171)) - 03b56f89-1fa1-4e2a-8397-42f15f2e49a9:group-A440E75F9955 changes role from FOLLOWER to CANDIDATE at term 0 for changeToCandidate
2019-07-13 16:35:14,877 INFO  impl.RoleInfo (RoleInfo.java:updateAndGet(143)) - 03b56f89-1fa1-4e2a-8397-42f15f2e49a9: start LeaderElection
2019-07-13 16:35:14,895 INFO  impl.LeaderElection (LeaderElection.java:askForVotes(181)) - 03b56f89-1fa1-4e2a-8397-42f15f2e49a9:group-A440E75F9955:LeaderElection57: begin an election at term 1 for -1: [03b56f89-1fa1-4e2a-8397-42f15f2e49a9:192.168.5.187:35094], old=null
2019-07-13 16:35:14,895 INFO  impl.RoleInfo (RoleInfo.java:shutdownLeaderElection(134)) - 03b56f89-1fa1-4e2a-8397-42f15f2e49a9: shutdown LeaderElection
2019-07-13 16:35:14,896 INFO  impl.RaftServerImpl (RaftServerImpl.java:setRole(171)) - 03b56f89-1fa1-4e2a-8397-42f15f2e49a9:group-A440E75F9955 changes role from CANDIDATE to LEADER at term 1 for changeToLeader
2019-07-13 16:35:14,896 INFO  impl.RaftServerImpl (ServerState.java:setLeader(263)) - 03b56f89-1fa1-4e2a-8397-42f15f2e49a9:group-A440E75F9955 change Leader from null to 03b56f89-1fa1-4e2a-8397-42f15f2e49a9 at term 1 for becomeLeader, leader elected after 5090ms
2019-07-13 16:35:14,896 INFO  server.RaftServerConfigKeys (ConfUtils.java:logGet(43)) - raft.server.staging.catchup.gap = 1000 (default)
2019-07-13 16:35:14,896 INFO  server.RaftServerConfigKeys (ConfUtils.java:logGet(43)) - raft.server.rpc.sleep.time = 25ms (default)
2019-07-13 16:35:14,896 INFO  server.RaftServerConfigKeys (ConfUtils.java:logGet(43)) - raft.server.write.element-limit = 4096 (default)
2019-07-13 16:35:14,896 INFO  server.RaftServerConfigKeys (ConfUtils.java:logGet(43)) - raft.server.watch.timeout = 10s (default)
2019-07-13 16:35:14,897 INFO  server.RaftServerConfigKeys (ConfUtils.java:logGet(43)) - raft.server.watch.timeout.denomination = 1s (default)
2019-07-13 16:35:14,897 INFO  server.RaftServerConfigKeys (ConfUtils.java:logGet(43)) - raft.server.watch.element-limit = 65536 (default)
2019-07-13 16:35:14,897 INFO  impl.RoleInfo (RoleInfo.java:updateAndGet(143)) - 03b56f89-1fa1-4e2a-8397-42f15f2e49a9: start LeaderState
2019-07-13 16:35:14,897 INFO  segmented.SegmentedRaftLogWorker (SegmentedRaftLogWorker.java:startLogSegment(380)) - 03b56f89-1fa1-4e2a-8397-42f15f2e49a9-SegmentedRaftLogWorker:Storage Directory /tmp/workdir/hadoop-ozone/integration-test/target/test-dir/MiniOzoneClusterImpl-693975b3-5718-46d1-a40b-7368a7ae1527/datanode-6/data/ratis/8383830d-7f17-40ea-af8f-a440e75f9955: Starting segment from index:0
2019-07-13 16:35:14,898 INFO  impl.RaftServerImpl (ServerState.java:setRaftConf(361)) - 03b56f89-1fa1-4e2a-8397-42f15f2e49a9:group-A440E75F9955 set configuration 0: [03b56f89-1fa1-4e2a-8397-42f15f2e49a9:192.168.5.187:35094], old=null at 0
2019-07-13 16:35:14,922 INFO  segmented.SegmentedRaftLogWorker (SegmentedRaftLogWorker.java:execute(569)) - 03b56f89-1fa1-4e2a-8397-42f15f2e49a9-SegmentedRaftLogWorker:Storage Directory /tmp/workdir/hadoop-ozone/integration-test/target/test-dir/MiniOzoneClusterImpl-693975b3-5718-46d1-a40b-7368a7ae1527/datanode-6/data/ratis/8383830d-7f17-40ea-af8f-a440e75f9955: created new log segment /tmp/workdir/hadoop-ozone/integration-test/target/test-dir/MiniOzoneClusterImpl-693975b3-5718-46d1-a40b-7368a7ae1527/datanode-6/data/ratis/8383830d-7f17-40ea-af8f-a440e75f9955/current/log_inprogress_0
2019-07-13 16:35:15,050 INFO  client.GrpcClientProtocolClient (GrpcClientProtocolClient.java:onNext(255)) - client-21C90FACD24F->65466353-f6f4-496f-8faf-31035af9c270: receive RaftClientReply:client-21C90FACD24F->65466353-f6f4-496f-8faf-31035af9c270@group-765AA58DD5E6, cid=175, SUCCESS, logIndex=1, commits[65466353-f6f4-496f-8faf-31035af9c270:c1, 1994cf6e-8caa-4a35-8bc9-e1784edec90e:c0, b01d5846-82d3-4539-ab5a-18c880ca4812:c0]
2019-07-13 16:35:15,078 INFO  client.GrpcClientProtocolClient (GrpcClientProtocolClient.java:onNext(255)) - client-21C90FACD24F->65466353-f6f4-496f-8faf-31035af9c270: receive RaftClientReply:client-21C90FACD24F->65466353-f6f4-496f-8faf-31035af9c270@group-765AA58DD5E6, cid=176, SUCCESS, logIndex=3, commits[65466353-f6f4-496f-8faf-31035af9c270:c4, 1994cf6e-8caa-4a35-8bc9-e1784edec90e:c2, b01d5846-82d3-4539-ab5a-18c880ca4812:c2]
2019-07-13 16:35:15,116 INFO  client.GrpcClientProtocolClient (GrpcClientProtocolClient.java:onNext(255)) - client-21C90FACD24F->65466353-f6f4-496f-8faf-31035af9c270: receive RaftClientReply:client-21C90FACD24F->65466353-f6f4-496f-8faf-31035af9c270@group-765AA58DD5E6, cid=177, SUCCESS, logIndex=4, commits[65466353-f6f4-496f-8faf-31035af9c270:c12, 1994cf6e-8caa-4a35-8bc9-e1784edec90e:c7, b01d5846-82d3-4539-ab5a-18c880ca4812:c7]
2019-07-13 16:35:15,116 INFO  client.GrpcClientProtocolClient (GrpcClientProtocolClient.java:onNext(255)) - client-21C90FACD24F->65466353-f6f4-496f-8faf-31035af9c270: receive RaftClientReply:client-21C90FACD24F->65466353-f6f4-496f-8faf-31035af9c270@group-765AA58DD5E6, cid=178, SUCCESS, logIndex=5, commits[65466353-f6f4-496f-8faf-31035af9c270:c12, 1994cf6e-8caa-4a35-8bc9-e1784edec90e:c7, b01d5846-82d3-4539-ab5a-18c880ca4812:c7]
2019-07-13 16:35:15,117 INFO  client.GrpcClientProtocolClient (GrpcClientProtocolClient.java:onNext(255)) - client-21C90FACD24F->65466353-f6f4-496f-8faf-31035af9c270: receive RaftClientReply:client-21C90FACD24F->65466353-f6f4-496f-8faf-31035af9c270@group-765AA58DD5E6, cid=179, SUCCESS, logIndex=6, commits[65466353-f6f4-496f-8faf-31035af9c270:c12, 1994cf6e-8caa-4a35-8bc9-e1784edec90e:c7, b01d5846-82d3-4539-ab5a-18c880ca4812:c7]
2019-07-13 16:35:15,186 INFO  client.GrpcClientProtocolClient (GrpcClientProtocolClient.java:onNext(255)) - client-21C90FACD24F->65466353-f6f4-496f-8faf-31035af9c270: receive RaftClientReply:client-21C90FACD24F->65466353-f6f4-496f-8faf-31035af9c270@group-765AA58DD5E6, cid=180, SUCCESS, logIndex=7, commits[65466353-f6f4-496f-8faf-31035af9c270:c12, 1994cf6e-8caa-4a35-8bc9-e1784edec90e:c7, b01d5846-82d3-4539-ab5a-18c880ca4812:c7]
2019-07-13 16:35:15,203 INFO  client.GrpcClientProtocolClient (GrpcClientProtocolClient.java:onNext(255)) - client-21C90FACD24F->65466353-f6f4-496f-8faf-31035af9c270: receive RaftClientReply:client-21C90FACD24F->65466353-f6f4-496f-8faf-31035af9c270@group-765AA58DD5E6, cid=181, SUCCESS, logIndex=13, commits[65466353-f6f4-496f-8faf-31035af9c270:c14, 1994cf6e-8caa-4a35-8bc9-e1784edec90e:c12, b01d5846-82d3-4539-ab5a-18c880ca4812:c12]
2019-07-13 16:35:15,204 INFO  client.GrpcClientProtocolClient (GrpcClientProtocolClient.java:onNext(255)) - client-21C90FACD24F->65466353-f6f4-496f-8faf-31035af9c270: receive RaftClientReply:client-21C90FACD24F->65466353-f6f4-496f-8faf-31035af9c270@group-765AA58DD5E6, cid=182, SUCCESS, logIndex=14, commits[65466353-f6f4-496f-8faf-31035af9c270:c14, 1994cf6e-8caa-4a35-8bc9-e1784edec90e:c12, b01d5846-82d3-4539-ab5a-18c880ca4812:c12]
2019-07-13 16:35:15,217 INFO  client.GrpcClientProtocolClient (GrpcClientProtocolClient.java:onNext(255)) - client-21C90FACD24F->65466353-f6f4-496f-8faf-31035af9c270: receive RaftClientReply:client-21C90FACD24F->65466353-f6f4-496f-8faf-31035af9c270@group-765AA58DD5E6, cid=183, SUCCESS, logIndex=0, commits[65466353-f6f4-496f-8faf-31035af9c270:c15, 1994cf6e-8caa-4a35-8bc9-e1784edec90e:c14, b01d5846-82d3-4539-ab5a-18c880ca4812:c14]
2019-07-13 16:35:15,217 INFO  datanode.ObjectStoreHandler (ObjectStoreHandler.java:close(155)) - Closing ObjectStoreHandler.
2019-07-13 16:35:15,218 INFO  ozone.HddsDatanodeService (HddsDatanodeService.java:stop(452)) - Stopped plug-in org.apache.hadoop.ozone.web.OzoneHddsDatanodeService@3b09582d
2019-07-13 16:35:16,034 INFO  statemachine.DatanodeStateMachine (DatanodeStateMachine.java:lambda$startDaemon$0(350)) - Ozone container server started.
2019-07-13 16:35:19,166 INFO  impl.FollowerState (FollowerState.java:run(106)) - 96b6e699-3a35-4882-9e02-2a1e86df0e6d:group-CA16FC05437E changes to CANDIDATE, lastRpcTime:5002, electionTimeout:5002ms
2019-07-13 16:35:19,166 INFO  impl.RoleInfo (RoleInfo.java:shutdownFollowerState(121)) - 96b6e699-3a35-4882-9e02-2a1e86df0e6d: shutdown FollowerState
2019-07-13 16:35:19,167 INFO  impl.RaftServerImpl (RaftServerImpl.java:setRole(171)) - 96b6e699-3a35-4882-9e02-2a1e86df0e6d:group-CA16FC05437E changes role from FOLLOWER to CANDIDATE at term 2 for changeToCandidate
2019-07-13 16:35:19,167 INFO  impl.RoleInfo (RoleInfo.java:updateAndGet(143)) - 96b6e699-3a35-4882-9e02-2a1e86df0e6d: start LeaderElection
2019-07-13 16:35:19,185 INFO  impl.LeaderElection (LeaderElection.java:askForVotes(181)) - 96b6e699-3a35-4882-9e02-2a1e86df0e6d:group-CA16FC05437E:LeaderElection58: begin an election at term 3 for -1: [c76d1c65-67b2-450d-ae52-65665312ef17:192.168.5.187:37040, 96b6e699-3a35-4882-9e02-2a1e86df0e6d:192.168.5.187:38385, c7d1ea11-7113-4264-995b-e989effa6b06:192.168.5.187:43946], old=null
2019-07-13 16:35:19,190 INFO  impl.RaftServerImpl (RaftServerImpl.java:setRole(171)) - c7d1ea11-7113-4264-995b-e989effa6b06:group-CA16FC05437E changes role from FOLLOWER to FOLLOWER at term 3 for recognizeCandidate:96b6e699-3a35-4882-9e02-2a1e86df0e6d
2019-07-13 16:35:19,190 INFO  impl.RaftServerImpl (RaftServerImpl.java:setRole(171)) - c76d1c65-67b2-450d-ae52-65665312ef17:group-CA16FC05437E changes role from FOLLOWER to FOLLOWER at term 3 for recognizeCandidate:96b6e699-3a35-4882-9e02-2a1e86df0e6d
2019-07-13 16:35:19,190 INFO  impl.RoleInfo (RoleInfo.java:shutdownFollowerState(121)) - c7d1ea11-7113-4264-995b-e989effa6b06: shutdown FollowerState
2019-07-13 16:35:19,191 INFO  impl.RoleInfo (RoleInfo.java:shutdownFollowerState(121)) - c76d1c65-67b2-450d-ae52-65665312ef17: shutdown FollowerState
2019-07-13 16:35:19,191 INFO  impl.FollowerState (FollowerState.java:run(114)) - c7d1ea11-7113-4264-995b-e989effa6b06: FollowerState was interrupted: java.lang.InterruptedException: sleep interrupted
2019-07-13 16:35:19,191 INFO  impl.RoleInfo (RoleInfo.java:updateAndGet(143)) - c7d1ea11-7113-4264-995b-e989effa6b06: start FollowerState
2019-07-13 16:35:19,191 INFO  impl.FollowerState (FollowerState.java:run(114)) - c76d1c65-67b2-450d-ae52-65665312ef17: FollowerState was interrupted: java.lang.InterruptedException: sleep interrupted
2019-07-13 16:35:19,191 INFO  impl.RoleInfo (RoleInfo.java:updateAndGet(143)) - c76d1c65-67b2-450d-ae52-65665312ef17: start FollowerState
2019-07-13 16:35:19,211 INFO  impl.LeaderElection (LeaderElection.java:logAndReturn(56)) - 96b6e699-3a35-4882-9e02-2a1e86df0e6d:group-CA16FC05437E:LeaderElection58: Election REJECTED; received 2 response(s) [96b6e699-3a35-4882-9e02-2a1e86df0e6d<-c76d1c65-67b2-450d-ae52-65665312ef17#0:FAIL-t3, 96b6e699-3a35-4882-9e02-2a1e86df0e6d<-c7d1ea11-7113-4264-995b-e989effa6b06#0:FAIL-t3] and 0 exception(s); 96b6e699-3a35-4882-9e02-2a1e86df0e6d:t3, leader=null, voted=96b6e699-3a35-4882-9e02-2a1e86df0e6d, raftlog=96b6e699-3a35-4882-9e02-2a1e86df0e6d-SegmentedRaftLog:OPENED:c-1,f-1,i0, conf=-1: [c76d1c65-67b2-450d-ae52-65665312ef17:192.168.5.187:37040, 96b6e699-3a35-4882-9e02-2a1e86df0e6d:192.168.5.187:38385, c7d1ea11-7113-4264-995b-e989effa6b06:192.168.5.187:43946], old=null
2019-07-13 16:35:19,211 INFO  impl.RaftServerImpl (RaftServerImpl.java:setRole(171)) - 96b6e699-3a35-4882-9e02-2a1e86df0e6d:group-CA16FC05437E changes role from CANDIDATE to FOLLOWER at term 3 for DISCOVERED_A_NEW_TERM
2019-07-13 16:35:19,211 INFO  impl.RoleInfo (RoleInfo.java:shutdownLeaderElection(134)) - 96b6e699-3a35-4882-9e02-2a1e86df0e6d: shutdown LeaderElection
2019-07-13 16:35:19,211 INFO  impl.RoleInfo (RoleInfo.java:updateAndGet(143)) - 96b6e699-3a35-4882-9e02-2a1e86df0e6d: start FollowerState
2019-07-13 16:35:20,041 INFO  node.StaleNodeHandler (StaleNodeHandler.java:onMessage(58)) - Datanode 1994cf6e-8caa-4a35-8bc9-e1784edec90e{ip: 192.168.5.187, host: trunk-nightly-z92hn-1831959607, networkLocation: /default-rack, certSerialId: null} moved to stale state. Finalizing its pipelines [PipelineID=9790abec-1c6b-478e-991d-74b1fa6a476f, PipelineID=4a88c411-9ca5-4d15-97cc-765aa58dd5e6]
2019-07-13 16:35:20,041 INFO  pipeline.SCMPipelineManager (SCMPipelineManager.java:finalizeAndDestroyPipeline(309)) - destroying pipeline:Pipeline[ Id: 9790abec-1c6b-478e-991d-74b1fa6a476f, Nodes: 1994cf6e-8caa-4a35-8bc9-e1784edec90e{ip: 192.168.5.187, host: trunk-nightly-z92hn-1831959607, networkLocation: /default-rack, certSerialId: null}, Type:RATIS, Factor:ONE, State:OPEN]
2019-07-13 16:35:20,042 INFO  pipeline.PipelineStateManager (PipelineStateManager.java:finalizePipeline(123)) - Pipeline Pipeline[ Id: 9790abec-1c6b-478e-991d-74b1fa6a476f, Nodes: 1994cf6e-8caa-4a35-8bc9-e1784edec90e{ip: 192.168.5.187, host: trunk-nightly-z92hn-1831959607, networkLocation: /default-rack, certSerialId: null}, Type:RATIS, Factor:ONE, State:CLOSED] moved to CLOSED state
2019-07-13 16:35:20,042 INFO  pipeline.SCMPipelineManager (SCMPipelineManager.java:finalizeAndDestroyPipeline(309)) - destroying pipeline:Pipeline[ Id: 4a88c411-9ca5-4d15-97cc-765aa58dd5e6, Nodes: 1994cf6e-8caa-4a35-8bc9-e1784edec90e{ip: 192.168.5.187, host: trunk-nightly-z92hn-1831959607, networkLocation: /default-rack, certSerialId: null}b01d5846-82d3-4539-ab5a-18c880ca4812{ip: 192.168.5.187, host: trunk-nightly-z92hn-1831959607, networkLocation: /default-rack, certSerialId: null}65466353-f6f4-496f-8faf-31035af9c270{ip: 192.168.5.187, host: trunk-nightly-z92hn-1831959607, networkLocation: /default-rack, certSerialId: null}, Type:RATIS, Factor:THREE, State:OPEN]
2019-07-13 16:35:20,042 INFO  pipeline.PipelineStateManager (PipelineStateManager.java:finalizePipeline(123)) - Pipeline Pipeline[ Id: 4a88c411-9ca5-4d15-97cc-765aa58dd5e6, Nodes: 1994cf6e-8caa-4a35-8bc9-e1784edec90e{ip: 192.168.5.187, host: trunk-nightly-z92hn-1831959607, networkLocation: /default-rack, certSerialId: null}b01d5846-82d3-4539-ab5a-18c880ca4812{ip: 192.168.5.187, host: trunk-nightly-z92hn-1831959607, networkLocation: /default-rack, certSerialId: null}65466353-f6f4-496f-8faf-31035af9c270{ip: 192.168.5.187, host: trunk-nightly-z92hn-1831959607, networkLocation: /default-rack, certSerialId: null}, Type:RATIS, Factor:THREE, State:CLOSED] moved to CLOSED state
2019-07-13 16:35:20,043 INFO  container.CloseContainerEventHandler (CloseContainerEventHandler.java:onMessage(61)) - Close container Event triggered for container : #1
2019-07-13 16:35:20,219 INFO  ozoneimpl.OzoneContainer (OzoneContainer.java:stop(199)) - Attempting to stop container services.
2019-07-13 16:35:20,220 INFO  impl.RaftServerProxy (RaftServerProxy.java:lambda$close$4(314)) - 1994cf6e-8caa-4a35-8bc9-e1784edec90e: close
2019-07-13 16:35:20,221 INFO  impl.RaftServerImpl (RaftServerImpl.java:lambda$shutdown$3(245)) - 1994cf6e-8caa-4a35-8bc9-e1784edec90e: shutdown group-74B1FA6A476F
2019-07-13 16:35:20,221 INFO  util.JmxRegister (JmxRegister.java:unregister(73)) - Successfully un-registered JMX Bean with object name Ratis:service=RaftServer,group=group-74B1FA6A476F,id=1994cf6e-8caa-4a35-8bc9-e1784edec90e
2019-07-13 16:35:20,222 INFO  impl.RoleInfo (RoleInfo.java:shutdownLeaderState(104)) - 1994cf6e-8caa-4a35-8bc9-e1784edec90e: shutdown LeaderState
2019-07-13 16:35:20,222 INFO  impl.PendingRequests (PendingRequests.java:sendNotLeaderResponses(202)) - 1994cf6e-8caa-4a35-8bc9-e1784edec90e-PendingRequests: sendNotLeaderResponses
2019-07-13 16:35:20,223 INFO  impl.StateMachineUpdater (StateMachineUpdater.java:stopAndJoin(115)) - StateMachineUpdater:1994cf6e-8caa-4a35-8bc9-e1784edec90e:group-74B1FA6A476F: set stopIndex = 0
2019-07-13 16:35:20,223 INFO  ratis.ContainerStateMachine (ContainerStateMachine.java:takeSnapshot(246)) - Taking snapshot at termIndex:(t:0, i:~)
2019-07-13 16:35:20,225 INFO  impl.RaftServerImpl (ServerState.java:close(394)) - 1994cf6e-8caa-4a35-8bc9-e1784edec90e:group-74B1FA6A476F closes. The last applied log index is 0
2019-07-13 16:35:20,226 INFO  segmented.SegmentedRaftLogWorker (SegmentedRaftLogWorker.java:run(313)) - 1994cf6e-8caa-4a35-8bc9-e1784edec90e-SegmentedRaftLogWorker:Storage Directory /tmp/workdir/hadoop-ozone/integration-test/target/test-dir/MiniOzoneClusterImpl-693975b3-5718-46d1-a40b-7368a7ae1527/datanode-3/data/ratis/9790abec-1c6b-478e-991d-74b1fa6a476f was interrupted, exiting. There are 0 tasks remaining in the queue.
2019-07-13 16:35:20,232 INFO  segmented.SegmentedRaftLogWorker (SegmentedRaftLogWorker.java:close(228)) - 1994cf6e-8caa-4a35-8bc9-e1784edec90e-SegmentedRaftLogWorker:Storage Directory /tmp/workdir/hadoop-ozone/integration-test/target/test-dir/MiniOzoneClusterImpl-693975b3-5718-46d1-a40b-7368a7ae1527/datanode-3/data/ratis/9790abec-1c6b-478e-991d-74b1fa6a476f close()
2019-07-13 16:35:20,237 INFO  impl.RaftServerImpl (RaftServerImpl.java:lambda$shutdown$3(245)) - 1994cf6e-8caa-4a35-8bc9-e1784edec90e: shutdown group-765AA58DD5E6
2019-07-13 16:35:20,238 INFO  util.JmxRegister (JmxRegister.java:unregister(73)) - Successfully un-registered JMX Bean with object name Ratis:service=RaftServer,group=group-765AA58DD5E6,id=1994cf6e-8caa-4a35-8bc9-e1784edec90e
2019-07-13 16:35:20,238 INFO  impl.RoleInfo (RoleInfo.java:shutdownFollowerState(121)) - 1994cf6e-8caa-4a35-8bc9-e1784edec90e: shutdown FollowerState
2019-07-13 16:35:20,238 INFO  impl.StateMachineUpdater (StateMachineUpdater.java:stopAndJoin(115)) - StateMachineUpdater:1994cf6e-8caa-4a35-8bc9-e1784edec90e:group-765AA58DD5E6: set stopIndex = 16
2019-07-13 16:35:20,238 INFO  ratis.ContainerStateMachine (ContainerStateMachine.java:takeSnapshot(246)) - Taking snapshot at termIndex:(t:1, i:14)
2019-07-13 16:35:20,238 INFO  impl.FollowerState (FollowerState.java:run(114)) - 1994cf6e-8caa-4a35-8bc9-e1784edec90e: FollowerState was interrupted: java.lang.InterruptedException: sleep interrupted
2019-07-13 16:35:20,239 INFO  ratis.ContainerStateMachine (ContainerStateMachine.java:takeSnapshot(250)) - Taking a snapshot to file /tmp/workdir/hadoop-ozone/integration-test/target/test-dir/MiniOzoneClusterImpl-693975b3-5718-46d1-a40b-7368a7ae1527/datanode-3/data/ratis/4a88c411-9ca5-4d15-97cc-765aa58dd5e6/sm/snapshot.1_14
2019-07-13 16:35:20,242 INFO  impl.StateMachineUpdater (StateMachineUpdater.java:takeSnapshot(242)) - StateMachineUpdater:1994cf6e-8caa-4a35-8bc9-e1784edec90e:group-765AA58DD5E6: Took a snapshot at index 14
2019-07-13 16:35:20,242 INFO  impl.StateMachineUpdater (StateMachineUpdater.java:lambda$new$0(80)) - StateMachineUpdater:1994cf6e-8caa-4a35-8bc9-e1784edec90e:group-765AA58DD5E6: snapshotIndex: updateIncreasingly -1 -> 14
2019-07-13 16:35:20,242 INFO  impl.RaftServerImpl (ServerState.java:close(394)) - 1994cf6e-8caa-4a35-8bc9-e1784edec90e:group-765AA58DD5E6 closes. The last applied log index is 16
2019-07-13 16:35:20,243 INFO  segmented.SegmentedRaftLogWorker (SegmentedRaftLogWorker.java:run(313)) - 1994cf6e-8caa-4a35-8bc9-e1784edec90e-SegmentedRaftLogWorker:Storage Directory /tmp/workdir/hadoop-ozone/integration-test/target/test-dir/MiniOzoneClusterImpl-693975b3-5718-46d1-a40b-7368a7ae1527/datanode-3/data/ratis/4a88c411-9ca5-4d15-97cc-765aa58dd5e6 was interrupted, exiting. There are 0 tasks remaining in the queue.
2019-07-13 16:35:20,245 INFO  segmented.SegmentedRaftLogWorker (SegmentedRaftLogWorker.java:close(228)) - 1994cf6e-8caa-4a35-8bc9-e1784edec90e-SegmentedRaftLogWorker:Storage Directory /tmp/workdir/hadoop-ozone/integration-test/target/test-dir/MiniOzoneClusterImpl-693975b3-5718-46d1-a40b-7368a7ae1527/datanode-3/data/ratis/4a88c411-9ca5-4d15-97cc-765aa58dd5e6 close()
2019-07-13 16:35:20,250 INFO  server.GrpcService (GrpcService.java:closeImpl(155)) - 1994cf6e-8caa-4a35-8bc9-e1784edec90e: shutdown server with port 45646 now
2019-07-13 16:35:20,251 WARN  server.GrpcServerProtocolService (LogUtils.java:warn(134)) - 1994cf6e-8caa-4a35-8bc9-e1784edec90e: appendEntries onError: org.apache.ratis.thirdparty.io.grpc.StatusRuntimeException: CANCELLED: cancelled before receiving half close
2019-07-13 16:35:20,254 INFO  server.GrpcService (GrpcService.java:closeImpl(163)) - 1994cf6e-8caa-4a35-8bc9-e1784edec90e: shutdown server with port 45646 successfully
2019-07-13 16:35:20,254 WARN  server.GrpcLogAppender (LogUtils.java:warn(134)) - 65466353-f6f4-496f-8faf-31035af9c270->1994cf6e-8caa-4a35-8bc9-e1784edec90e: Failed appendEntries: org.apache.ratis.thirdparty.io.grpc.StatusRuntimeException: CANCELLED: HTTP/2 error code: CANCEL
Received Rst Stream
2019-07-13 16:35:20,254 INFO  impl.FollowerInfo (FollowerInfo.java:lambda$new$0(50)) - 65466353-f6f4-496f-8faf-31035af9c270->1994cf6e-8caa-4a35-8bc9-e1784edec90e: nextIndex: updateUnconditionally 17 -> 16
2019-07-13 16:35:20,255 INFO  utils.BackgroundService (BackgroundService.java:shutdown(148)) - Shutting down service BlockDeletingService
2019-07-13 16:35:20,257 WARN  fs.CachingGetSpaceUsed (CachingGetSpaceUsed.java:run(183)) - Thread Interrupted waiting to refresh disk information: sleep interrupted
2019-07-13 16:35:20,281 INFO  statemachine.DatanodeStateMachine (DatanodeStateMachine.java:stopDaemon(395)) - Ozone container server stopped.
2019-07-13 16:35:20,282 INFO  handler.ContextHandler (ContextHandler.java:doStop(910)) - Stopped o.e.j.w.WebAppContext@9214725{/,null,UNAVAILABLE}{/hddsDatanode}
2019-07-13 16:35:20,283 INFO  server.AbstractConnector (AbstractConnector.java:doStop(318)) - Stopped ServerConnector@289d9f0d{HTTP/1.1,[http/1.1]}{0.0.0.0:0}
2019-07-13 16:35:20,283 INFO  handler.ContextHandler (ContextHandler.java:doStop(910)) - Stopped o.e.j.s.ServletContextHandler@18f8c76d{/static,jar:file:/home/user/.m2/repository/org/apache/hadoop/hadoop-hdds-container-service/0.5.0-SNAPSHOT/hadoop-hdds-container-service-0.5.0-SNAPSHOT.jar!/webapps/static,UNAVAILABLE}
2019-07-13 16:35:20,284 INFO  handler.ContextHandler (ContextHandler.java:doStop(910)) - Stopped o.e.j.s.ServletContextHandler@52b2c255{/logs,file:///tmp/workdir/hadoop-ozone/integration-test/target/log,UNAVAILABLE}
2019-07-13 16:35:20,290 WARN  server.GrpcLogAppender (LogUtils.java:warn(134)) - 65466353-f6f4-496f-8faf-31035af9c270->1994cf6e-8caa-4a35-8bc9-e1784edec90e: Failed appendEntries: org.apache.ratis.thirdparty.io.grpc.StatusRuntimeException: UNAVAILABLE: io exception
2019-07-13 16:35:20,291 INFO  impl.FollowerInfo (FollowerInfo.java:lambda$new$0(50)) - 65466353-f6f4-496f-8faf-31035af9c270->1994cf6e-8caa-4a35-8bc9-e1784edec90e: nextIndex: updateUnconditionally 17 -> 16
2019-07-13 16:35:20,293 WARN  server.GrpcLogAppender (LogUtils.java:warn(134)) - 65466353-f6f4-496f-8faf-31035af9c270->1994cf6e-8caa-4a35-8bc9-e1784edec90e: Failed appendEntries: org.apache.ratis.thirdparty.io.grpc.StatusRuntimeException: UNAVAILABLE: io exception
2019-07-13 16:35:20,293 INFO  impl.FollowerInfo (FollowerInfo.java:lambda$new$0(50)) - 65466353-f6f4-496f-8faf-31035af9c270->1994cf6e-8caa-4a35-8bc9-e1784edec90e: nextIndex: updateUnconditionally 17 -> 16
2019-07-13 16:35:20,294 WARN  server.GrpcLogAppender (LogUtils.java:warn(134)) - 65466353-f6f4-496f-8faf-31035af9c270->1994cf6e-8caa-4a35-8bc9-e1784edec90e: Failed appendEntries: org.apache.ratis.thirdparty.io.grpc.StatusRuntimeException: UNAVAILABLE: io exception
2019-07-13 16:35:20,295 INFO  impl.FollowerInfo (FollowerInfo.java:lambda$new$0(50)) - 65466353-f6f4-496f-8faf-31035af9c270->1994cf6e-8caa-4a35-8bc9-e1784edec90e: nextIndex: updateUnconditionally 17 -> 16
2019-07-13 16:35:20,305 WARN  server.GrpcLogAppender (LogUtils.java:warn(134)) - 65466353-f6f4-496f-8faf-31035af9c270->1994cf6e-8caa-4a35-8bc9-e1784edec90e: Failed appendEntries: org.apache.ratis.thirdparty.io.grpc.StatusRuntimeException: UNAVAILABLE: io exception
2019-07-13 16:35:20,305 INFO  impl.FollowerInfo (FollowerInfo.java:lambda$new$0(50)) - 65466353-f6f4-496f-8faf-31035af9c270->1994cf6e-8caa-4a35-8bc9-e1784edec90e: nextIndex: updateUnconditionally 17 -> 16
2019-07-13 16:35:20,305 INFO  client.GrpcClientProtocolClient (GrpcClientProtocolClient.java:onNext(255)) - client-21C90FACD24F->65466353-f6f4-496f-8faf-31035af9c270: receive RaftClientReply:client-21C90FACD24F->65466353-f6f4-496f-8faf-31035af9c270@group-765AA58DD5E6, cid=184, SUCCESS, logIndex=17, commits[65466353-f6f4-496f-8faf-31035af9c270:c20, 1994cf6e-8caa-4a35-8bc9-e1784edec90e:c16, b01d5846-82d3-4539-ab5a-18c880ca4812:c16]
2019-07-13 16:35:20,306 INFO  client.GrpcClientProtocolClient (GrpcClientProtocolClient.java:onNext(255)) - client-21C90FACD24F->65466353-f6f4-496f-8faf-31035af9c270: receive RaftClientReply:client-21C90FACD24F->65466353-f6f4-496f-8faf-31035af9c270@group-765AA58DD5E6, cid=185, SUCCESS, logIndex=18, commits[65466353-f6f4-496f-8faf-31035af9c270:c22, 1994cf6e-8caa-4a35-8bc9-e1784edec90e:c16, b01d5846-82d3-4539-ab5a-18c880ca4812:c16]
2019-07-13 16:35:20,307 INFO  client.GrpcClientProtocolClient (GrpcClientProtocolClient.java:onNext(255)) - client-21C90FACD24F->65466353-f6f4-496f-8faf-31035af9c270: receive RaftClientReply:client-21C90FACD24F->65466353-f6f4-496f-8faf-31035af9c270@group-765AA58DD5E6, cid=186, SUCCESS, logIndex=19, commits[65466353-f6f4-496f-8faf-31035af9c270:c22, 1994cf6e-8caa-4a35-8bc9-e1784edec90e:c16, b01d5846-82d3-4539-ab5a-18c880ca4812:c16]
2019-07-13 16:35:20,308 INFO  client.GrpcClientProtocolClient (GrpcClientProtocolClient.java:onNext(255)) - client-21C90FACD24F->65466353-f6f4-496f-8faf-31035af9c270: receive RaftClientReply:client-21C90FACD24F->65466353-f6f4-496f-8faf-31035af9c270@group-765AA58DD5E6, cid=187, SUCCESS, logIndex=20, commits[65466353-f6f4-496f-8faf-31035af9c270:c22, 1994cf6e-8caa-4a35-8bc9-e1784edec90e:c16, b01d5846-82d3-4539-ab5a-18c880ca4812:c16]
2019-07-13 16:35:20,308 INFO  client.GrpcClientProtocolClient (GrpcClientProtocolClient.java:onNext(255)) - client-21C90FACD24F->65466353-f6f4-496f-8faf-31035af9c270: receive RaftClientReply:client-21C90FACD24F->65466353-f6f4-496f-8faf-31035af9c270@group-765AA58DD5E6, cid=188, SUCCESS, logIndex=21, commits[65466353-f6f4-496f-8faf-31035af9c270:c22, 1994cf6e-8caa-4a35-8bc9-e1784edec90e:c16, b01d5846-82d3-4539-ab5a-18c880ca4812:c16]
2019-07-13 16:35:20,309 INFO  client.GrpcClientProtocolClient (GrpcClientProtocolClient.java:onNext(255)) - client-21C90FACD24F->65466353-f6f4-496f-8faf-31035af9c270: receive RaftClientReply:client-21C90FACD24F->65466353-f6f4-496f-8faf-31035af9c270@group-765AA58DD5E6, cid=189, SUCCESS, logIndex=22, commits[65466353-f6f4-496f-8faf-31035af9c270:c22, 1994cf6e-8caa-4a35-8bc9-e1784edec90e:c16, b01d5846-82d3-4539-ab5a-18c880ca4812:c16]
2019-07-13 16:35:20,317 WARN  server.GrpcLogAppender (LogUtils.java:warn(134)) - 65466353-f6f4-496f-8faf-31035af9c270->1994cf6e-8caa-4a35-8bc9-e1784edec90e: Failed appendEntries: org.apache.ratis.thirdparty.io.grpc.StatusRuntimeException: UNAVAILABLE: io exception
2019-07-13 16:35:20,320 INFO  impl.FollowerInfo (FollowerInfo.java:lambda$new$0(50)) - 65466353-f6f4-496f-8faf-31035af9c270->1994cf6e-8caa-4a35-8bc9-e1784edec90e: nextIndex: updateUnconditionally 17 -> 16
2019-07-13 16:35:20,321 WARN  server.GrpcLogAppender (LogUtils.java:warn(134)) - 65466353-f6f4-496f-8faf-31035af9c270->1994cf6e-8caa-4a35-8bc9-e1784edec90e: Failed appendEntries: org.apache.ratis.thirdparty.io.grpc.StatusRuntimeException: UNAVAILABLE: io exception
2019-07-13 16:35:20,321 INFO  impl.FollowerInfo (FollowerInfo.java:lambda$new$0(50)) - 65466353-f6f4-496f-8faf-31035af9c270->1994cf6e-8caa-4a35-8bc9-e1784edec90e: nextIndex: updateUnconditionally 17 -> 16
2019-07-13 16:35:21,310 WARN  scm.XceiverClientRatis (XceiverClientRatis.java:watchForCommit(262)) - 3 way commit failed on pipeline Pipeline[ Id: 4a88c411-9ca5-4d15-97cc-765aa58dd5e6, Nodes: 1994cf6e-8caa-4a35-8bc9-e1784edec90e{ip: 192.168.5.187, host: trunk-nightly-z92hn-1831959607, networkLocation: /default-rack, certSerialId: null}b01d5846-82d3-4539-ab5a-18c880ca4812{ip: 192.168.5.187, host: trunk-nightly-z92hn-1831959607, networkLocation: /default-rack, certSerialId: null}65466353-f6f4-496f-8faf-31035af9c270{ip: 192.168.5.187, host: trunk-nightly-z92hn-1831959607, networkLocation: /default-rack, certSerialId: null}, Type:RATIS, Factor:THREE, State:OPEN]
java.util.concurrent.TimeoutException
	at java.util.concurrent.CompletableFuture.timedGet(CompletableFuture.java:1771)
	at java.util.concurrent.CompletableFuture.get(CompletableFuture.java:1915)
	at org.apache.hadoop.hdds.scm.XceiverClientRatis.watchForCommit(XceiverClientRatis.java:259)
	at org.apache.hadoop.hdds.scm.storage.CommitWatcher.watchForCommit(CommitWatcher.java:194)
	at org.apache.hadoop.hdds.scm.storage.CommitWatcher.watchOnLastIndex(CommitWatcher.java:157)
	at org.apache.hadoop.hdds.scm.storage.BlockOutputStream.watchForCommit(BlockOutputStream.java:355)
	at org.apache.hadoop.hdds.scm.storage.BlockOutputStream.handleFlush(BlockOutputStream.java:487)
	at org.apache.hadoop.hdds.scm.storage.BlockOutputStream.close(BlockOutputStream.java:501)
	at org.apache.hadoop.ozone.client.io.BlockOutputStreamEntry.close(BlockOutputStreamEntry.java:143)
	at org.apache.hadoop.ozone.client.io.KeyOutputStream.handleFlushOrClose(KeyOutputStream.java:438)
	at org.apache.hadoop.ozone.client.io.KeyOutputStream.handleWrite(KeyOutputStream.java:235)
	at org.apache.hadoop.ozone.client.io.KeyOutputStream.write(KeyOutputStream.java:193)
	at org.apache.hadoop.ozone.client.io.OzoneOutputStream.write(OzoneOutputStream.java:49)
	at java.io.OutputStream.write(OutputStream.java:75)
	at org.apache.hadoop.ozone.client.rpc.TestBlockOutputStreamWithFailures.testWatchForCommitDatanodeFailure(TestBlockOutputStreamWithFailures.java:363)
	at sun.reflect.NativeMethodAccessorImpl.invoke0(Native Method)
	at sun.reflect.NativeMethodAccessorImpl.invoke(NativeMethodAccessorImpl.java:62)
	at sun.reflect.DelegatingMethodAccessorImpl.invoke(DelegatingMethodAccessorImpl.java:43)
	at java.lang.reflect.Method.invoke(Method.java:498)
	at org.junit.runners.model.FrameworkMethod$1.runReflectiveCall(FrameworkMethod.java:47)
	at org.junit.internal.runners.model.ReflectiveCallable.run(ReflectiveCallable.java:12)
	at org.junit.runners.model.FrameworkMethod.invokeExplosively(FrameworkMethod.java:44)
	at org.junit.internal.runners.statements.InvokeMethod.evaluate(InvokeMethod.java:17)
	at org.junit.internal.runners.statements.RunBefores.evaluate(RunBefores.java:26)
	at org.junit.internal.runners.statements.RunAfters.evaluate(RunAfters.java:27)
	at org.junit.runners.ParentRunner.runLeaf(ParentRunner.java:271)
	at org.junit.runners.BlockJUnit4ClassRunner.runChild(BlockJUnit4ClassRunner.java:70)
	at org.junit.runners.BlockJUnit4ClassRunner.runChild(BlockJUnit4ClassRunner.java:50)
	at org.junit.runners.ParentRunner$3.run(ParentRunner.java:238)
	at org.junit.runners.ParentRunner$1.schedule(ParentRunner.java:63)
	at org.junit.runners.ParentRunner.runChildren(ParentRunner.java:236)
	at org.junit.runners.ParentRunner.access$000(ParentRunner.java:53)
	at org.junit.runners.ParentRunner$2.evaluate(ParentRunner.java:229)
	at org.junit.runners.ParentRunner.run(ParentRunner.java:309)
	at org.apache.maven.surefire.junit4.JUnit4Provider.execute(JUnit4Provider.java:365)
	at org.apache.maven.surefire.junit4.JUnit4Provider.executeWithRerun(JUnit4Provider.java:273)
	at org.apache.maven.surefire.junit4.JUnit4Provider.executeTestSet(JUnit4Provider.java:238)
	at org.apache.maven.surefire.junit4.JUnit4Provider.invoke(JUnit4Provider.java:159)
	at org.apache.maven.surefire.booter.ForkedBooter.invokeProviderInSameClassLoader(ForkedBooter.java:384)
	at org.apache.maven.surefire.booter.ForkedBooter.runSuitesInProcess(ForkedBooter.java:345)
	at org.apache.maven.surefire.booter.ForkedBooter.execute(ForkedBooter.java:126)
	at org.apache.maven.surefire.booter.ForkedBooter.main(ForkedBooter.java:418)
2019-07-13 16:35:21,314 INFO  client.GrpcClientProtocolClient (GrpcClientProtocolClient.java:onNext(255)) - client-21C90FACD24F->65466353-f6f4-496f-8faf-31035af9c270: receive RaftClientReply:client-21C90FACD24F->65466353-f6f4-496f-8faf-31035af9c270@group-765AA58DD5E6, cid=191, SUCCESS, logIndex=0, commits[65466353-f6f4-496f-8faf-31035af9c270:c25, 1994cf6e-8caa-4a35-8bc9-e1784edec90e:c16, b01d5846-82d3-4539-ab5a-18c880ca4812:c22]
2019-07-13 16:35:21,317 INFO  scm.XceiverClientRatis (XceiverClientRatis.java:lambda$watchForCommit$7(280)) - Could not commit index 22 on pipeline Pipeline[ Id: 4a88c411-9ca5-4d15-97cc-765aa58dd5e6, Nodes: 1994cf6e-8caa-4a35-8bc9-e1784edec90e{ip: 192.168.5.187, host: trunk-nightly-z92hn-1831959607, networkLocation: /default-rack, certSerialId: null}b01d5846-82d3-4539-ab5a-18c880ca4812{ip: 192.168.5.187, host: trunk-nightly-z92hn-1831959607, networkLocation: /default-rack, certSerialId: null}65466353-f6f4-496f-8faf-31035af9c270{ip: 192.168.5.187, host: trunk-nightly-z92hn-1831959607, networkLocation: /default-rack, certSerialId: null}, Type:RATIS, Factor:THREE, State:OPEN] to all the nodes. Server 1994cf6e-8caa-4a35-8bc9-e1784edec90e has failed. Committed by majority.
2019-07-13 16:35:21,317 WARN  storage.BlockOutputStream (BlockOutputStream.java:watchForCommit(361)) - Failed to commit BlockId conID: 1 locID: 102435108344954894 bcsId: 22 on Pipeline[ Id: 4a88c411-9ca5-4d15-97cc-765aa58dd5e6, Nodes: 1994cf6e-8caa-4a35-8bc9-e1784edec90e{ip: 192.168.5.187, host: trunk-nightly-z92hn-1831959607, networkLocation: /default-rack, certSerialId: null}b01d5846-82d3-4539-ab5a-18c880ca4812{ip: 192.168.5.187, host: trunk-nightly-z92hn-1831959607, networkLocation: /default-rack, certSerialId: null}65466353-f6f4-496f-8faf-31035af9c270{ip: 192.168.5.187, host: trunk-nightly-z92hn-1831959607, networkLocation: /default-rack, certSerialId: null}, Type:RATIS, Factor:THREE, State:OPEN]. Failed nodes: [1994cf6e-8caa-4a35-8bc9-e1784edec90e{ip: null, host: null, networkLocation: /default-rack, certSerialId: null}]
2019-07-13 16:35:21,318 INFO  ozone.MiniOzoneClusterImpl (MiniOzoneClusterImpl.java:shutdown(321)) - Shutting down the Mini Ozone Cluster
2019-07-13 16:35:21,318 INFO  ozone.MiniOzoneClusterImpl (MiniOzoneClusterImpl.java:stop(336)) - Stopping the Mini Ozone Cluster
2019-07-13 16:35:21,318 INFO  ozone.MiniOzoneClusterImpl (MiniOzoneClusterImpl.java:stop(338)) - Stopping the OzoneManager
2019-07-13 16:35:21,319 INFO  ipc.Server (Server.java:stop(3082)) - Stopping server on 39039
2019-07-13 16:35:21,328 INFO  ipc.Server (Server.java:run(1185)) - Stopping IPC Server listener on 39039
2019-07-13 16:35:21,330 INFO  utils.BackgroundService (BackgroundService.java:shutdown(148)) - Shutting down service KeyDeletingService
2019-07-13 16:35:21,333 INFO  ipc.Server (Server.java:run(1319)) - Stopping IPC Server Responder
2019-07-13 16:35:21,368 INFO  handler.ContextHandler (ContextHandler.java:doStop(910)) - Stopped o.e.j.w.WebAppContext@712dd0b0{/,null,UNAVAILABLE}{/ozoneManager}
2019-07-13 16:35:21,368 INFO  server.AbstractConnector (AbstractConnector.java:doStop(318)) - Stopped ServerConnector@6b3284{HTTP/1.1,[http/1.1]}{0.0.0.0:0}
2019-07-13 16:35:21,369 INFO  handler.ContextHandler (ContextHandler.java:doStop(910)) - Stopped o.e.j.s.ServletContextHandler@760ac834{/static,file:///tmp/workdir/hadoop-ozone/integration-test/target/test-classes/webapps/static,UNAVAILABLE}
2019-07-13 16:35:21,369 INFO  handler.ContextHandler (ContextHandler.java:doStop(910)) - Stopped o.e.j.s.ServletContextHandler@5f662dd{/logs,file:///tmp/workdir/hadoop-ozone/integration-test/target/log,UNAVAILABLE}
2019-07-13 16:35:21,383 INFO  ozone.MiniOzoneClusterImpl (MiniOzoneClusterImpl.java:stop(344)) - Shutting the HddsDatanodes
2019-07-13 16:35:21,384 INFO  datanode.ObjectStoreHandler (ObjectStoreHandler.java:close(155)) - Closing ObjectStoreHandler.
2019-07-13 16:35:21,384 INFO  datanode.ObjectStoreHandler (ObjectStoreHandler.java:close(155)) - Closing ObjectStoreHandler.
2019-07-13 16:35:21,384 INFO  ozone.HddsDatanodeService (HddsDatanodeService.java:stop(452)) - Stopped plug-in org.apache.hadoop.ozone.web.OzoneHddsDatanodeService@2199e1a4
2019-07-13 16:35:21,384 INFO  ozone.HddsDatanodeService (HddsDatanodeService.java:stop(452)) - Stopped plug-in org.apache.hadoop.ozone.web.OzoneHddsDatanodeService@3e9e7a70
2019-07-13 16:35:21,770 INFO  statemachine.DatanodeStateMachine (DatanodeStateMachine.java:lambda$startDaemon$0(350)) - Ozone container server started.
2019-07-13 16:35:22,039 INFO  statemachine.DatanodeStateMachine (DatanodeStateMachine.java:lambda$startDaemon$0(350)) - Ozone container server started.
2019-07-13 16:35:22,040 WARN  server.GrpcLogAppender (LogUtils.java:warn(134)) - 65466353-f6f4-496f-8faf-31035af9c270->1994cf6e-8caa-4a35-8bc9-e1784edec90e: Failed appendEntries: org.apache.ratis.thirdparty.io.grpc.StatusRuntimeException: UNAVAILABLE: io exception
2019-07-13 16:35:22,041 INFO  impl.FollowerInfo (FollowerInfo.java:lambda$new$0(50)) - 65466353-f6f4-496f-8faf-31035af9c270->1994cf6e-8caa-4a35-8bc9-e1784edec90e: nextIndex: updateUnconditionally 17 -> 16
2019-07-13 16:35:22,052 WARN  server.GrpcLogAppender (LogUtils.java:warn(134)) - 65466353-f6f4-496f-8faf-31035af9c270->1994cf6e-8caa-4a35-8bc9-e1784edec90e: Failed appendEntries: org.apache.ratis.thirdparty.io.grpc.StatusRuntimeException: UNAVAILABLE: io exception
2019-07-13 16:35:22,052 INFO  impl.FollowerInfo (FollowerInfo.java:lambda$new$0(50)) - 65466353-f6f4-496f-8faf-31035af9c270->1994cf6e-8caa-4a35-8bc9-e1784edec90e: nextIndex: updateUnconditionally 17 -> 16
2019-07-13 16:35:22,063 WARN  server.GrpcLogAppender (LogUtils.java:warn(134)) - 65466353-f6f4-496f-8faf-31035af9c270->1994cf6e-8caa-4a35-8bc9-e1784edec90e: Failed appendEntries: org.apache.ratis.thirdparty.io.grpc.StatusRuntimeException: UNAVAILABLE: io exception
2019-07-13 16:35:22,064 INFO  impl.FollowerInfo (FollowerInfo.java:lambda$new$0(50)) - 65466353-f6f4-496f-8faf-31035af9c270->1994cf6e-8caa-4a35-8bc9-e1784edec90e: nextIndex: updateUnconditionally 17 -> 16
2019-07-13 16:35:22,084 INFO  interfaces.Container (KeyValueContainer.java:compactDB(356)) - Container 1 is closed with bcsId 22.
2019-07-13 16:35:22,090 INFO  interfaces.Container (KeyValueContainer.java:compactDB(356)) - Container 1 is closed with bcsId 22.
2019-07-13 16:35:24,255 INFO  impl.FollowerState (FollowerState.java:run(106)) - c7d1ea11-7113-4264-995b-e989effa6b06:group-CA16FC05437E changes to CANDIDATE, lastRpcTime:5064, electionTimeout:5059ms
2019-07-13 16:35:24,256 INFO  impl.RoleInfo (RoleInfo.java:shutdownFollowerState(121)) - c7d1ea11-7113-4264-995b-e989effa6b06: shutdown FollowerState
2019-07-13 16:35:24,256 INFO  impl.RaftServerImpl (RaftServerImpl.java:setRole(171)) - c7d1ea11-7113-4264-995b-e989effa6b06:group-CA16FC05437E changes role from FOLLOWER to CANDIDATE at term 3 for changeToCandidate
2019-07-13 16:35:24,256 INFO  impl.RoleInfo (RoleInfo.java:updateAndGet(143)) - c7d1ea11-7113-4264-995b-e989effa6b06: start LeaderElection
2019-07-13 16:35:24,286 INFO  impl.FollowerState (FollowerState.java:run(106)) - c76d1c65-67b2-450d-ae52-65665312ef17:group-CA16FC05437E changes to CANDIDATE, lastRpcTime:5094, electionTimeout:5089ms
2019-07-13 16:35:24,286 INFO  impl.RoleInfo (RoleInfo.java:shutdownFollowerState(121)) - c76d1c65-67b2-450d-ae52-65665312ef17: shutdown FollowerState
2019-07-13 16:35:24,286 INFO  impl.RaftServerImpl (RaftServerImpl.java:setRole(171)) - c76d1c65-67b2-450d-ae52-65665312ef17:group-CA16FC05437E changes role from FOLLOWER to CANDIDATE at term 3 for changeToCandidate
2019-07-13 16:35:24,287 INFO  impl.RoleInfo (RoleInfo.java:updateAndGet(143)) - c76d1c65-67b2-450d-ae52-65665312ef17: start LeaderElection
2019-07-13 16:35:24,291 INFO  impl.LeaderElection (LeaderElection.java:askForVotes(181)) - c7d1ea11-7113-4264-995b-e989effa6b06:group-CA16FC05437E:LeaderElection59: begin an election at term 4 for 0: [c76d1c65-67b2-450d-ae52-65665312ef17:192.168.5.187:37040, 96b6e699-3a35-4882-9e02-2a1e86df0e6d:192.168.5.187:38385, c7d1ea11-7113-4264-995b-e989effa6b06:192.168.5.187:43946], old=null
2019-07-13 16:35:24,291 INFO  impl.LeaderElection (LeaderElection.java:askForVotes(181)) - c76d1c65-67b2-450d-ae52-65665312ef17:group-CA16FC05437E:LeaderElection60: begin an election at term 4 for 0: [c76d1c65-67b2-450d-ae52-65665312ef17:192.168.5.187:37040, 96b6e699-3a35-4882-9e02-2a1e86df0e6d:192.168.5.187:38385, c7d1ea11-7113-4264-995b-e989effa6b06:192.168.5.187:43946], old=null
2019-07-13 16:35:24,302 INFO  impl.RaftServerImpl (RaftServerImpl.java:setRole(171)) - 96b6e699-3a35-4882-9e02-2a1e86df0e6d:group-CA16FC05437E changes role from FOLLOWER to FOLLOWER at term 4 for recognizeCandidate:c7d1ea11-7113-4264-995b-e989effa6b06
2019-07-13 16:35:24,304 INFO  impl.RoleInfo (RoleInfo.java:shutdownFollowerState(121)) - 96b6e699-3a35-4882-9e02-2a1e86df0e6d: shutdown FollowerState
2019-07-13 16:35:24,305 INFO  impl.RoleInfo (RoleInfo.java:updateAndGet(143)) - 96b6e699-3a35-4882-9e02-2a1e86df0e6d: start FollowerState
2019-07-13 16:35:24,305 INFO  impl.FollowerState (FollowerState.java:run(114)) - 96b6e699-3a35-4882-9e02-2a1e86df0e6d: FollowerState was interrupted: java.lang.InterruptedException: sleep interrupted
2019-07-13 16:35:24,327 INFO  impl.LeaderElection (LeaderElection.java:logAndReturn(56)) - c76d1c65-67b2-450d-ae52-65665312ef17:group-CA16FC05437E:LeaderElection60: Election REJECTED; received 2 response(s) [c76d1c65-67b2-450d-ae52-65665312ef17<-96b6e699-3a35-4882-9e02-2a1e86df0e6d#0:FAIL-t4, c76d1c65-67b2-450d-ae52-65665312ef17<-c7d1ea11-7113-4264-995b-e989effa6b06#0:FAIL-t4] and 0 exception(s); c76d1c65-67b2-450d-ae52-65665312ef17:t4, leader=null, voted=c76d1c65-67b2-450d-ae52-65665312ef17, raftlog=c76d1c65-67b2-450d-ae52-65665312ef17-SegmentedRaftLog:OPENED:c0,f0,i0, conf=0: [c76d1c65-67b2-450d-ae52-65665312ef17:192.168.5.187:37040, 96b6e699-3a35-4882-9e02-2a1e86df0e6d:192.168.5.187:38385, c7d1ea11-7113-4264-995b-e989effa6b06:192.168.5.187:43946], old=null
2019-07-13 16:35:24,328 INFO  impl.LeaderElection (LeaderElection.java:logAndReturn(56)) - c7d1ea11-7113-4264-995b-e989effa6b06:group-CA16FC05437E:LeaderElection59: Election PASSED; received 2 response(s) [c7d1ea11-7113-4264-995b-e989effa6b06<-c76d1c65-67b2-450d-ae52-65665312ef17#0:FAIL-t4, c7d1ea11-7113-4264-995b-e989effa6b06<-96b6e699-3a35-4882-9e02-2a1e86df0e6d#0:OK-t4] and 0 exception(s); c7d1ea11-7113-4264-995b-e989effa6b06:t4, leader=null, voted=c7d1ea11-7113-4264-995b-e989effa6b06, raftlog=c7d1ea11-7113-4264-995b-e989effa6b06-SegmentedRaftLog:OPENED:c-1,f0,i0, conf=0: [c76d1c65-67b2-450d-ae52-65665312ef17:192.168.5.187:37040, 96b6e699-3a35-4882-9e02-2a1e86df0e6d:192.168.5.187:38385, c7d1ea11-7113-4264-995b-e989effa6b06:192.168.5.187:43946], old=null
2019-07-13 16:35:24,328 INFO  impl.RaftServerImpl (RaftServerImpl.java:setRole(171)) - c76d1c65-67b2-450d-ae52-65665312ef17:group-CA16FC05437E changes role from CANDIDATE to FOLLOWER at term 4 for DISCOVERED_A_NEW_TERM
2019-07-13 16:35:24,328 INFO  impl.RoleInfo (RoleInfo.java:shutdownLeaderElection(134)) - c7d1ea11-7113-4264-995b-e989effa6b06: shutdown LeaderElection
2019-07-13 16:35:24,328 INFO  impl.RoleInfo (RoleInfo.java:shutdownLeaderElection(134)) - c76d1c65-67b2-450d-ae52-65665312ef17: shutdown LeaderElection
2019-07-13 16:35:24,328 INFO  impl.RaftServerImpl (RaftServerImpl.java:setRole(171)) - c7d1ea11-7113-4264-995b-e989effa6b06:group-CA16FC05437E changes role from CANDIDATE to LEADER at term 4 for changeToLeader
2019-07-13 16:35:24,328 INFO  impl.RoleInfo (RoleInfo.java:updateAndGet(143)) - c76d1c65-67b2-450d-ae52-65665312ef17: start FollowerState
2019-07-13 16:35:24,328 INFO  impl.RaftServerImpl (ServerState.java:setLeader(263)) - c7d1ea11-7113-4264-995b-e989effa6b06:group-CA16FC05437E change Leader from null to c7d1ea11-7113-4264-995b-e989effa6b06 at term 4 for becomeLeader, leader elected after 10101ms
2019-07-13 16:35:24,329 INFO  server.RaftServerConfigKeys (ConfUtils.java:logGet(43)) - raft.server.staging.catchup.gap = 1000 (default)
2019-07-13 16:35:24,329 INFO  server.RaftServerConfigKeys (ConfUtils.java:logGet(43)) - raft.server.rpc.sleep.time = 25ms (default)
2019-07-13 16:35:24,329 INFO  server.RaftServerConfigKeys (ConfUtils.java:logGet(43)) - raft.server.write.element-limit = 4096 (default)
2019-07-13 16:35:24,329 INFO  server.RaftServerConfigKeys (ConfUtils.java:logGet(43)) - raft.server.watch.timeout = 10s (default)
2019-07-13 16:35:24,329 INFO  server.RaftServerConfigKeys (ConfUtils.java:logGet(43)) - raft.server.watch.timeout.denomination = 1s (default)
2019-07-13 16:35:24,330 INFO  server.RaftServerConfigKeys (ConfUtils.java:logGet(43)) - raft.server.watch.element-limit = 65536 (default)
2019-07-13 16:35:24,330 INFO  server.RaftServerConfigKeys (ConfUtils.java:logGet(43)) - raft.server.log.appender.snapshot.chunk.size.max = 16MB (=16777216) (default)
2019-07-13 16:35:24,330 INFO  server.RaftServerConfigKeys (ConfUtils.java:logGet(43)) - raft.server.log.appender.buffer.byte-limit = 33554432 (custom)
2019-07-13 16:35:24,330 INFO  server.RaftServerConfigKeys (ConfUtils.java:logGet(43)) - raft.server.log.appender.buffer.element-limit = 1 (custom)
2019-07-13 16:35:24,330 INFO  grpc.GrpcConfigKeys$Server (ConfUtils.java:logGet(43)) - raft.grpc.server.leader.outstanding.appends.max = 128 (default)
2019-07-13 16:35:24,331 INFO  server.RaftServerConfigKeys (ConfUtils.java:logGet(43)) - raft.server.rpc.request.timeout = 3000ms (default)
2019-07-13 16:35:24,331 INFO  server.RaftServerConfigKeys (ConfUtils.java:logGet(43)) - raft.server.log.appender.install.snapshot.enabled = false (custom)
2019-07-13 16:35:24,331 INFO  server.RaftServerConfigKeys (ConfUtils.java:logGet(43)) - raft.server.log.appender.snapshot.chunk.size.max = 16MB (=16777216) (default)
2019-07-13 16:35:24,331 INFO  server.RaftServerConfigKeys (ConfUtils.java:logGet(43)) - raft.server.log.appender.buffer.byte-limit = 33554432 (custom)
2019-07-13 16:35:24,331 INFO  server.RaftServerConfigKeys (ConfUtils.java:logGet(43)) - raft.server.log.appender.buffer.element-limit = 1 (custom)
2019-07-13 16:35:24,332 INFO  grpc.GrpcConfigKeys$Server (ConfUtils.java:logGet(43)) - raft.grpc.server.leader.outstanding.appends.max = 128 (default)
2019-07-13 16:35:24,332 INFO  server.RaftServerConfigKeys (ConfUtils.java:logGet(43)) - raft.server.rpc.request.timeout = 3000ms (default)
2019-07-13 16:35:24,332 INFO  server.RaftServerConfigKeys (ConfUtils.java:logGet(43)) - raft.server.log.appender.install.snapshot.enabled = false (custom)
2019-07-13 16:35:24,332 INFO  impl.RoleInfo (RoleInfo.java:updateAndGet(143)) - c7d1ea11-7113-4264-995b-e989effa6b06: start LeaderState
2019-07-13 16:35:24,333 INFO  segmented.SegmentedRaftLogWorker (SegmentedRaftLogWorker.java:rollLogSegment(385)) - c7d1ea11-7113-4264-995b-e989effa6b06-SegmentedRaftLogWorker:Storage Directory /tmp/workdir/hadoop-ozone/integration-test/target/test-dir/MiniOzoneClusterImpl-693975b3-5718-46d1-a40b-7368a7ae1527/datanode-0/data/ratis/8666b954-f0cb-4215-8427-ca16fc05437e: Rolling segment log-0_0 to index:0
2019-07-13 16:35:24,335 INFO  impl.RaftServerImpl (ServerState.java:setRaftConf(361)) - c7d1ea11-7113-4264-995b-e989effa6b06:group-CA16FC05437E set configuration 1: [c76d1c65-67b2-450d-ae52-65665312ef17:192.168.5.187:37040, 96b6e699-3a35-4882-9e02-2a1e86df0e6d:192.168.5.187:38385, c7d1ea11-7113-4264-995b-e989effa6b06:192.168.5.187:43946], old=null at 1
2019-07-13 16:35:24,336 INFO  segmented.SegmentedRaftLogWorker (SegmentedRaftLogWorker.java:execute(526)) - c7d1ea11-7113-4264-995b-e989effa6b06-SegmentedRaftLogWorker:Storage Directory /tmp/workdir/hadoop-ozone/integration-test/target/test-dir/MiniOzoneClusterImpl-693975b3-5718-46d1-a40b-7368a7ae1527/datanode-0/data/ratis/8666b954-f0cb-4215-8427-ca16fc05437e: Rolled log segment from /tmp/workdir/hadoop-ozone/integration-test/target/test-dir/MiniOzoneClusterImpl-693975b3-5718-46d1-a40b-7368a7ae1527/datanode-0/data/ratis/8666b954-f0cb-4215-8427-ca16fc05437e/current/log_inprogress_0 to /tmp/workdir/hadoop-ozone/integration-test/target/test-dir/MiniOzoneClusterImpl-693975b3-5718-46d1-a40b-7368a7ae1527/datanode-0/data/ratis/8666b954-f0cb-4215-8427-ca16fc05437e/current/log_0-0
2019-07-13 16:35:24,337 INFO  impl.RaftServerImpl (ServerState.java:setLeader(263)) - c76d1c65-67b2-450d-ae52-65665312ef17:group-CA16FC05437E change Leader from null to c7d1ea11-7113-4264-995b-e989effa6b06 at term 4 for appendEntries, leader elected after 10106ms
2019-07-13 16:35:24,337 INFO  impl.RaftServerImpl (ServerState.java:setLeader(263)) - 96b6e699-3a35-4882-9e02-2a1e86df0e6d:group-CA16FC05437E change Leader from null to c7d1ea11-7113-4264-995b-e989effa6b06 at term 4 for appendEntries, leader elected after 15328ms
2019-07-13 16:35:24,337 INFO  impl.RaftServerImpl (RaftServerImpl.java:checkInconsistentAppendEntries(999)) - 96b6e699-3a35-4882-9e02-2a1e86df0e6d: Failed appendEntries as previous log entry ((t:1, i:0)) is not found
2019-07-13 16:35:24,338 INFO  impl.RaftServerImpl (RaftServerImpl.java:checkInconsistentAppendEntries(972)) - 96b6e699-3a35-4882-9e02-2a1e86df0e6d: inconsistency entries. Reply:c7d1ea11-7113-4264-995b-e989effa6b06<-96b6e699-3a35-4882-9e02-2a1e86df0e6d#0:FAIL,INCONSISTENCY,nextIndex:0,term:4,followerCommit:-1
2019-07-13 16:35:24,339 INFO  impl.RaftServerImpl (ServerState.java:setRaftConf(361)) - c76d1c65-67b2-450d-ae52-65665312ef17:group-CA16FC05437E set configuration 1: [c76d1c65-67b2-450d-ae52-65665312ef17:192.168.5.187:37040, 96b6e699-3a35-4882-9e02-2a1e86df0e6d:192.168.5.187:38385, c7d1ea11-7113-4264-995b-e989effa6b06:192.168.5.187:43946], old=null at 1
2019-07-13 16:35:24,339 INFO  impl.FollowerInfo (FollowerInfo.java:lambda$new$0(50)) - c7d1ea11-7113-4264-995b-e989effa6b06->96b6e699-3a35-4882-9e02-2a1e86df0e6d: nextIndex: updateUnconditionally 1 -> 0
2019-07-13 16:35:24,340 INFO  segmented.SegmentedRaftLogWorker (SegmentedRaftLogWorker.java:rollLogSegment(385)) - c76d1c65-67b2-450d-ae52-65665312ef17-SegmentedRaftLogWorker:Storage Directory /tmp/workdir/hadoop-ozone/integration-test/target/test-dir/MiniOzoneClusterImpl-693975b3-5718-46d1-a40b-7368a7ae1527/datanode-1/data/ratis/8666b954-f0cb-4215-8427-ca16fc05437e: Rolling segment log-0_0 to index:0
2019-07-13 16:35:24,340 INFO  segmented.SegmentedRaftLogWorker (SegmentedRaftLogWorker.java:execute(526)) - c76d1c65-67b2-450d-ae52-65665312ef17-SegmentedRaftLogWorker:Storage Directory /tmp/workdir/hadoop-ozone/integration-test/target/test-dir/MiniOzoneClusterImpl-693975b3-5718-46d1-a40b-7368a7ae1527/datanode-1/data/ratis/8666b954-f0cb-4215-8427-ca16fc05437e: Rolled log segment from /tmp/workdir/hadoop-ozone/integration-test/target/test-dir/MiniOzoneClusterImpl-693975b3-5718-46d1-a40b-7368a7ae1527/datanode-1/data/ratis/8666b954-f0cb-4215-8427-ca16fc05437e/current/log_inprogress_0 to /tmp/workdir/hadoop-ozone/integration-test/target/test-dir/MiniOzoneClusterImpl-693975b3-5718-46d1-a40b-7368a7ae1527/datanode-1/data/ratis/8666b954-f0cb-4215-8427-ca16fc05437e/current/log_0-0
2019-07-13 16:35:24,341 INFO  impl.RaftServerImpl (ServerState.java:setRaftConf(361)) - 96b6e699-3a35-4882-9e02-2a1e86df0e6d:group-CA16FC05437E set configuration 0: [c76d1c65-67b2-450d-ae52-65665312ef17:192.168.5.187:37040, 96b6e699-3a35-4882-9e02-2a1e86df0e6d:192.168.5.187:38385, c7d1ea11-7113-4264-995b-e989effa6b06:192.168.5.187:43946], old=null at 0
2019-07-13 16:35:24,341 INFO  segmented.SegmentedRaftLogWorker (SegmentedRaftLogWorker.java:startLogSegment(380)) - 96b6e699-3a35-4882-9e02-2a1e86df0e6d-SegmentedRaftLogWorker:Storage Directory /tmp/workdir/hadoop-ozone/integration-test/target/test-dir/MiniOzoneClusterImpl-693975b3-5718-46d1-a40b-7368a7ae1527/datanode-2/data/ratis/8666b954-f0cb-4215-8427-ca16fc05437e: Starting segment from index:0
2019-07-13 16:35:24,341 INFO  impl.RaftServerImpl (ServerState.java:setRaftConf(361)) - 96b6e699-3a35-4882-9e02-2a1e86df0e6d:group-CA16FC05437E set configuration 1: [c76d1c65-67b2-450d-ae52-65665312ef17:192.168.5.187:37040, 96b6e699-3a35-4882-9e02-2a1e86df0e6d:192.168.5.187:38385, c7d1ea11-7113-4264-995b-e989effa6b06:192.168.5.187:43946], old=null at 1
2019-07-13 16:35:24,342 INFO  segmented.SegmentedRaftLogWorker (SegmentedRaftLogWorker.java:rollLogSegment(385)) - 96b6e699-3a35-4882-9e02-2a1e86df0e6d-SegmentedRaftLogWorker:Storage Directory /tmp/workdir/hadoop-ozone/integration-test/target/test-dir/MiniOzoneClusterImpl-693975b3-5718-46d1-a40b-7368a7ae1527/datanode-2/data/ratis/8666b954-f0cb-4215-8427-ca16fc05437e: Rolling segment log-0_0 to index:0
2019-07-13 16:35:24,367 INFO  segmented.SegmentedRaftLogWorker (SegmentedRaftLogWorker.java:execute(569)) - 96b6e699-3a35-4882-9e02-2a1e86df0e6d-SegmentedRaftLogWorker:Storage Directory /tmp/workdir/hadoop-ozone/integration-test/target/test-dir/MiniOzoneClusterImpl-693975b3-5718-46d1-a40b-7368a7ae1527/datanode-2/data/ratis/8666b954-f0cb-4215-8427-ca16fc05437e: created new log segment /tmp/workdir/hadoop-ozone/integration-test/target/test-dir/MiniOzoneClusterImpl-693975b3-5718-46d1-a40b-7368a7ae1527/datanode-2/data/ratis/8666b954-f0cb-4215-8427-ca16fc05437e/current/log_inprogress_0
2019-07-13 16:35:24,367 INFO  segmented.SegmentedRaftLogWorker (SegmentedRaftLogWorker.java:execute(569)) - c76d1c65-67b2-450d-ae52-65665312ef17-SegmentedRaftLogWorker:Storage Directory /tmp/workdir/hadoop-ozone/integration-test/target/test-dir/MiniOzoneClusterImpl-693975b3-5718-46d1-a40b-7368a7ae1527/datanode-1/data/ratis/8666b954-f0cb-4215-8427-ca16fc05437e: created new log segment /tmp/workdir/hadoop-ozone/integration-test/target/test-dir/MiniOzoneClusterImpl-693975b3-5718-46d1-a40b-7368a7ae1527/datanode-1/data/ratis/8666b954-f0cb-4215-8427-ca16fc05437e/current/log_inprogress_1
2019-07-13 16:35:24,367 INFO  segmented.SegmentedRaftLogWorker (SegmentedRaftLogWorker.java:execute(569)) - c7d1ea11-7113-4264-995b-e989effa6b06-SegmentedRaftLogWorker:Storage Directory /tmp/workdir/hadoop-ozone/integration-test/target/test-dir/MiniOzoneClusterImpl-693975b3-5718-46d1-a40b-7368a7ae1527/datanode-0/data/ratis/8666b954-f0cb-4215-8427-ca16fc05437e: created new log segment /tmp/workdir/hadoop-ozone/integration-test/target/test-dir/MiniOzoneClusterImpl-693975b3-5718-46d1-a40b-7368a7ae1527/datanode-0/data/ratis/8666b954-f0cb-4215-8427-ca16fc05437e/current/log_inprogress_1
2019-07-13 16:35:24,379 INFO  segmented.SegmentedRaftLogWorker (SegmentedRaftLogWorker.java:execute(526)) - 96b6e699-3a35-4882-9e02-2a1e86df0e6d-SegmentedRaftLogWorker:Storage Directory /tmp/workdir/hadoop-ozone/integration-test/target/test-dir/MiniOzoneClusterImpl-693975b3-5718-46d1-a40b-7368a7ae1527/datanode-2/data/ratis/8666b954-f0cb-4215-8427-ca16fc05437e: Rolled log segment from /tmp/workdir/hadoop-ozone/integration-test/target/test-dir/MiniOzoneClusterImpl-693975b3-5718-46d1-a40b-7368a7ae1527/datanode-2/data/ratis/8666b954-f0cb-4215-8427-ca16fc05437e/current/log_inprogress_0 to /tmp/workdir/hadoop-ozone/integration-test/target/test-dir/MiniOzoneClusterImpl-693975b3-5718-46d1-a40b-7368a7ae1527/datanode-2/data/ratis/8666b954-f0cb-4215-8427-ca16fc05437e/current/log_0-0
2019-07-13 16:35:24,407 INFO  segmented.SegmentedRaftLogWorker (SegmentedRaftLogWorker.java:execute(569)) - 96b6e699-3a35-4882-9e02-2a1e86df0e6d-SegmentedRaftLogWorker:Storage Directory /tmp/workdir/hadoop-ozone/integration-test/target/test-dir/MiniOzoneClusterImpl-693975b3-5718-46d1-a40b-7368a7ae1527/datanode-2/data/ratis/8666b954-f0cb-4215-8427-ca16fc05437e: created new log segment /tmp/workdir/hadoop-ozone/integration-test/target/test-dir/MiniOzoneClusterImpl-693975b3-5718-46d1-a40b-7368a7ae1527/datanode-2/data/ratis/8666b954-f0cb-4215-8427-ca16fc05437e/current/log_inprogress_1
2019-07-13 16:35:24,565 WARN  server.GrpcLogAppender (LogUtils.java:warn(134)) - 65466353-f6f4-496f-8faf-31035af9c270->1994cf6e-8caa-4a35-8bc9-e1784edec90e: Failed appendEntries: org.apache.ratis.thirdparty.io.grpc.StatusRuntimeException: UNAVAILABLE: io exception
2019-07-13 16:35:24,565 INFO  impl.FollowerInfo (FollowerInfo.java:lambda$new$0(50)) - 65466353-f6f4-496f-8faf-31035af9c270->1994cf6e-8caa-4a35-8bc9-e1784edec90e: nextIndex: updateUnconditionally 16 -> 15
2019-07-13 16:35:25,852 INFO  node.StaleNodeHandler (StaleNodeHandler.java:onMessage(58)) - Datanode c76d1c65-67b2-450d-ae52-65665312ef17{ip: 192.168.5.187, host: trunk-nightly-z92hn-1831959607, networkLocation: /default-rack, certSerialId: null} moved to stale state. Finalizing its pipelines [PipelineID=8666b954-f0cb-4215-8427-ca16fc05437e, PipelineID=dff2c96c-6b1f-4bf2-a99c-f0e42cb4e284]
2019-07-13 16:35:25,852 INFO  pipeline.SCMPipelineManager (SCMPipelineManager.java:finalizeAndDestroyPipeline(309)) - destroying pipeline:Pipeline[ Id: 8666b954-f0cb-4215-8427-ca16fc05437e, Nodes: c76d1c65-67b2-450d-ae52-65665312ef17{ip: 192.168.5.187, host: trunk-nightly-z92hn-1831959607, networkLocation: /default-rack, certSerialId: null}96b6e699-3a35-4882-9e02-2a1e86df0e6d{ip: 192.168.5.187, host: trunk-nightly-z92hn-1831959607, networkLocation: /default-rack, certSerialId: null}c7d1ea11-7113-4264-995b-e989effa6b06{ip: 192.168.5.187, host: trunk-nightly-z92hn-1831959607, networkLocation: /default-rack, certSerialId: null}, Type:RATIS, Factor:THREE, State:OPEN]
2019-07-13 16:35:25,852 INFO  pipeline.PipelineStateManager (PipelineStateManager.java:finalizePipeline(123)) - Pipeline Pipeline[ Id: 8666b954-f0cb-4215-8427-ca16fc05437e, Nodes: c76d1c65-67b2-450d-ae52-65665312ef17{ip: 192.168.5.187, host: trunk-nightly-z92hn-1831959607, networkLocation: /default-rack, certSerialId: null}96b6e699-3a35-4882-9e02-2a1e86df0e6d{ip: 192.168.5.187, host: trunk-nightly-z92hn-1831959607, networkLocation: /default-rack, certSerialId: null}c7d1ea11-7113-4264-995b-e989effa6b06{ip: 192.168.5.187, host: trunk-nightly-z92hn-1831959607, networkLocation: /default-rack, certSerialId: null}, Type:RATIS, Factor:THREE, State:CLOSED] moved to CLOSED state
2019-07-13 16:35:25,852 INFO  pipeline.SCMPipelineManager (SCMPipelineManager.java:finalizeAndDestroyPipeline(309)) - destroying pipeline:Pipeline[ Id: dff2c96c-6b1f-4bf2-a99c-f0e42cb4e284, Nodes: c76d1c65-67b2-450d-ae52-65665312ef17{ip: 192.168.5.187, host: trunk-nightly-z92hn-1831959607, networkLocation: /default-rack, certSerialId: null}, Type:RATIS, Factor:ONE, State:OPEN]
2019-07-13 16:35:25,853 INFO  pipeline.PipelineStateManager (PipelineStateManager.java:finalizePipeline(123)) - Pipeline Pipeline[ Id: dff2c96c-6b1f-4bf2-a99c-f0e42cb4e284, Nodes: c76d1c65-67b2-450d-ae52-65665312ef17{ip: 192.168.5.187, host: trunk-nightly-z92hn-1831959607, networkLocation: /default-rack, certSerialId: null}, Type:RATIS, Factor:ONE, State:CLOSED] moved to CLOSED state
2019-07-13 16:35:26,052 INFO  node.StaleNodeHandler (StaleNodeHandler.java:onMessage(58)) - Datanode b01d5846-82d3-4539-ab5a-18c880ca4812{ip: 192.168.5.187, host: trunk-nightly-z92hn-1831959607, networkLocation: /default-rack, certSerialId: null} moved to stale state. Finalizing its pipelines [PipelineID=4a88c411-9ca5-4d15-97cc-765aa58dd5e6, PipelineID=ac6aad58-c73f-4b96-88eb-fd05ca609ce0]
2019-07-13 16:35:26,052 INFO  pipeline.SCMPipelineManager (SCMPipelineManager.java:finalizeAndDestroyPipeline(309)) - destroying pipeline:Pipeline[ Id: 4a88c411-9ca5-4d15-97cc-765aa58dd5e6, Nodes: 1994cf6e-8caa-4a35-8bc9-e1784edec90e{ip: 192.168.5.187, host: trunk-nightly-z92hn-1831959607, networkLocation: /default-rack, certSerialId: null}b01d5846-82d3-4539-ab5a-18c880ca4812{ip: 192.168.5.187, host: trunk-nightly-z92hn-1831959607, networkLocation: /default-rack, certSerialId: null}65466353-f6f4-496f-8faf-31035af9c270{ip: 192.168.5.187, host: trunk-nightly-z92hn-1831959607, networkLocation: /default-rack, certSerialId: null}, Type:RATIS, Factor:THREE, State:CLOSED]
2019-07-13 16:35:26,053 INFO  pipeline.SCMPipelineManager (SCMPipelineManager.java:finalizeAndDestroyPipeline(309)) - destroying pipeline:Pipeline[ Id: ac6aad58-c73f-4b96-88eb-fd05ca609ce0, Nodes: b01d5846-82d3-4539-ab5a-18c880ca4812{ip: 192.168.5.187, host: trunk-nightly-z92hn-1831959607, networkLocation: /default-rack, certSerialId: null}, Type:RATIS, Factor:ONE, State:OPEN]
2019-07-13 16:35:26,053 INFO  pipeline.PipelineStateManager (PipelineStateManager.java:finalizePipeline(123)) - Pipeline Pipeline[ Id: ac6aad58-c73f-4b96-88eb-fd05ca609ce0, Nodes: b01d5846-82d3-4539-ab5a-18c880ca4812{ip: 192.168.5.187, host: trunk-nightly-z92hn-1831959607, networkLocation: /default-rack, certSerialId: null}, Type:RATIS, Factor:ONE, State:CLOSED] moved to CLOSED state
2019-07-13 16:35:26,385 INFO  ozoneimpl.OzoneContainer (OzoneContainer.java:stop(199)) - Attempting to stop container services.
2019-07-13 16:35:26,385 INFO  ozoneimpl.OzoneContainer (OzoneContainer.java:stop(199)) - Attempting to stop container services.
2019-07-13 16:35:26,386 INFO  impl.RaftServerProxy (RaftServerProxy.java:lambda$close$4(314)) - b01d5846-82d3-4539-ab5a-18c880ca4812: close
2019-07-13 16:35:26,386 INFO  impl.RaftServerProxy (RaftServerProxy.java:lambda$close$4(314)) - c76d1c65-67b2-450d-ae52-65665312ef17: close
2019-07-13 16:35:26,387 INFO  impl.RaftServerImpl (RaftServerImpl.java:lambda$shutdown$3(245)) - b01d5846-82d3-4539-ab5a-18c880ca4812: shutdown group-765AA58DD5E6
2019-07-13 16:35:26,387 INFO  impl.RaftServerImpl (RaftServerImpl.java:lambda$shutdown$3(245)) - c76d1c65-67b2-450d-ae52-65665312ef17: shutdown group-CA16FC05437E
2019-07-13 16:35:26,387 INFO  util.JmxRegister (JmxRegister.java:unregister(73)) - Successfully un-registered JMX Bean with object name Ratis:service=RaftServer,group=group-765AA58DD5E6,id=b01d5846-82d3-4539-ab5a-18c880ca4812
2019-07-13 16:35:26,388 INFO  util.JmxRegister (JmxRegister.java:unregister(73)) - Successfully un-registered JMX Bean with object name Ratis:service=RaftServer,group=group-CA16FC05437E,id=c76d1c65-67b2-450d-ae52-65665312ef17
2019-07-13 16:35:26,388 INFO  impl.RoleInfo (RoleInfo.java:shutdownFollowerState(121)) - b01d5846-82d3-4539-ab5a-18c880ca4812: shutdown FollowerState
2019-07-13 16:35:26,388 INFO  impl.RoleInfo (RoleInfo.java:shutdownFollowerState(121)) - c76d1c65-67b2-450d-ae52-65665312ef17: shutdown FollowerState
2019-07-13 16:35:26,389 INFO  impl.FollowerState (FollowerState.java:run(114)) - b01d5846-82d3-4539-ab5a-18c880ca4812: FollowerState was interrupted: java.lang.InterruptedException: sleep interrupted
2019-07-13 16:35:26,389 INFO  ratis.ContainerStateMachine (ContainerStateMachine.java:takeSnapshot(246)) - Taking snapshot at termIndex:(t:0, i:~)
2019-07-13 16:35:26,389 INFO  ratis.ContainerStateMachine (ContainerStateMachine.java:takeSnapshot(246)) - Taking snapshot at termIndex:(t:1, i:26)
2019-07-13 16:35:26,389 INFO  impl.StateMachineUpdater (StateMachineUpdater.java:stopAndJoin(115)) - StateMachineUpdater:b01d5846-82d3-4539-ab5a-18c880ca4812:group-765AA58DD5E6: set stopIndex = 27
2019-07-13 16:35:26,390 INFO  ratis.ContainerStateMachine (ContainerStateMachine.java:takeSnapshot(250)) - Taking a snapshot to file /tmp/workdir/hadoop-ozone/integration-test/target/test-dir/MiniOzoneClusterImpl-693975b3-5718-46d1-a40b-7368a7ae1527/datanode-4/data/ratis/4a88c411-9ca5-4d15-97cc-765aa58dd5e6/sm/snapshot.1_26
2019-07-13 16:35:26,389 INFO  impl.FollowerState (FollowerState.java:run(114)) - c76d1c65-67b2-450d-ae52-65665312ef17: FollowerState was interrupted: java.lang.InterruptedException: sleep interrupted
2019-07-13 16:35:26,389 INFO  impl.StateMachineUpdater (StateMachineUpdater.java:stopAndJoin(115)) - StateMachineUpdater:c76d1c65-67b2-450d-ae52-65665312ef17:group-CA16FC05437E: set stopIndex = 1
2019-07-13 16:35:26,394 INFO  impl.StateMachineUpdater (StateMachineUpdater.java:takeSnapshot(242)) - StateMachineUpdater:b01d5846-82d3-4539-ab5a-18c880ca4812:group-765AA58DD5E6: Took a snapshot at index 26
2019-07-13 16:35:26,394 INFO  impl.RaftServerImpl (ServerState.java:close(394)) - c76d1c65-67b2-450d-ae52-65665312ef17:group-CA16FC05437E closes. The last applied log index is 1
2019-07-13 16:35:26,395 INFO  impl.StateMachineUpdater (StateMachineUpdater.java:lambda$new$0(80)) - StateMachineUpdater:b01d5846-82d3-4539-ab5a-18c880ca4812:group-765AA58DD5E6: snapshotIndex: updateIncreasingly -1 -> 26
2019-07-13 16:35:26,395 INFO  segmented.SegmentedRaftLogWorker (SegmentedRaftLogWorker.java:run(313)) - c76d1c65-67b2-450d-ae52-65665312ef17-SegmentedRaftLogWorker:Storage Directory /tmp/workdir/hadoop-ozone/integration-test/target/test-dir/MiniOzoneClusterImpl-693975b3-5718-46d1-a40b-7368a7ae1527/datanode-1/data/ratis/8666b954-f0cb-4215-8427-ca16fc05437e was interrupted, exiting. There are 0 tasks remaining in the queue.
2019-07-13 16:35:26,398 INFO  impl.RaftServerImpl (ServerState.java:close(394)) - b01d5846-82d3-4539-ab5a-18c880ca4812:group-765AA58DD5E6 closes. The last applied log index is 27
2019-07-13 16:35:26,398 INFO  segmented.SegmentedRaftLogWorker (SegmentedRaftLogWorker.java:close(228)) - c76d1c65-67b2-450d-ae52-65665312ef17-SegmentedRaftLogWorker:Storage Directory /tmp/workdir/hadoop-ozone/integration-test/target/test-dir/MiniOzoneClusterImpl-693975b3-5718-46d1-a40b-7368a7ae1527/datanode-1/data/ratis/8666b954-f0cb-4215-8427-ca16fc05437e close()
2019-07-13 16:35:26,398 INFO  segmented.SegmentedRaftLogWorker (SegmentedRaftLogWorker.java:run(313)) - b01d5846-82d3-4539-ab5a-18c880ca4812-SegmentedRaftLogWorker:Storage Directory /tmp/workdir/hadoop-ozone/integration-test/target/test-dir/MiniOzoneClusterImpl-693975b3-5718-46d1-a40b-7368a7ae1527/datanode-4/data/ratis/4a88c411-9ca5-4d15-97cc-765aa58dd5e6 was interrupted, exiting. There are 0 tasks remaining in the queue.
2019-07-13 16:35:26,405 INFO  impl.RaftServerImpl (RaftServerImpl.java:lambda$shutdown$3(245)) - c76d1c65-67b2-450d-ae52-65665312ef17: shutdown group-F0E42CB4E284
2019-07-13 16:35:26,405 INFO  segmented.SegmentedRaftLogWorker (SegmentedRaftLogWorker.java:close(228)) - b01d5846-82d3-4539-ab5a-18c880ca4812-SegmentedRaftLogWorker:Storage Directory /tmp/workdir/hadoop-ozone/integration-test/target/test-dir/MiniOzoneClusterImpl-693975b3-5718-46d1-a40b-7368a7ae1527/datanode-4/data/ratis/4a88c411-9ca5-4d15-97cc-765aa58dd5e6 close()
2019-07-13 16:35:26,405 INFO  util.JmxRegister (JmxRegister.java:unregister(73)) - Successfully un-registered JMX Bean with object name Ratis:service=RaftServer,group=group-F0E42CB4E284,id=c76d1c65-67b2-450d-ae52-65665312ef17
2019-07-13 16:35:26,410 INFO  impl.RaftServerImpl (RaftServerImpl.java:lambda$shutdown$3(245)) - b01d5846-82d3-4539-ab5a-18c880ca4812: shutdown group-FD05CA609CE0
2019-07-13 16:35:26,410 INFO  impl.RoleInfo (RoleInfo.java:shutdownLeaderState(104)) - c76d1c65-67b2-450d-ae52-65665312ef17: shutdown LeaderState
2019-07-13 16:35:26,410 INFO  util.JmxRegister (JmxRegister.java:unregister(73)) - Successfully un-registered JMX Bean with object name Ratis:service=RaftServer,group=group-FD05CA609CE0,id=b01d5846-82d3-4539-ab5a-18c880ca4812
2019-07-13 16:35:26,411 INFO  impl.PendingRequests (PendingRequests.java:sendNotLeaderResponses(202)) - c76d1c65-67b2-450d-ae52-65665312ef17-PendingRequests: sendNotLeaderResponses
2019-07-13 16:35:26,411 INFO  impl.RoleInfo (RoleInfo.java:shutdownLeaderState(104)) - b01d5846-82d3-4539-ab5a-18c880ca4812: shutdown LeaderState
2019-07-13 16:35:26,411 INFO  ratis.ContainerStateMachine (ContainerStateMachine.java:takeSnapshot(246)) - Taking snapshot at termIndex:(t:0, i:~)
2019-07-13 16:35:26,411 INFO  impl.StateMachineUpdater (StateMachineUpdater.java:stopAndJoin(115)) - StateMachineUpdater:c76d1c65-67b2-450d-ae52-65665312ef17:group-F0E42CB4E284: set stopIndex = 0
2019-07-13 16:35:26,412 INFO  impl.RaftServerImpl (ServerState.java:close(394)) - c76d1c65-67b2-450d-ae52-65665312ef17:group-F0E42CB4E284 closes. The last applied log index is 0
2019-07-13 16:35:26,412 INFO  impl.PendingRequests (PendingRequests.java:sendNotLeaderResponses(202)) - b01d5846-82d3-4539-ab5a-18c880ca4812-PendingRequests: sendNotLeaderResponses
2019-07-13 16:35:26,412 INFO  segmented.SegmentedRaftLogWorker (SegmentedRaftLogWorker.java:run(313)) - c76d1c65-67b2-450d-ae52-65665312ef17-SegmentedRaftLogWorker:Storage Directory /tmp/workdir/hadoop-ozone/integration-test/target/test-dir/MiniOzoneClusterImpl-693975b3-5718-46d1-a40b-7368a7ae1527/datanode-1/data/ratis/dff2c96c-6b1f-4bf2-a99c-f0e42cb4e284 was interrupted, exiting. There are 0 tasks remaining in the queue.
2019-07-13 16:35:26,413 INFO  ratis.ContainerStateMachine (ContainerStateMachine.java:takeSnapshot(246)) - Taking snapshot at termIndex:(t:0, i:~)
2019-07-13 16:35:26,413 INFO  impl.StateMachineUpdater (StateMachineUpdater.java:stopAndJoin(115)) - StateMachineUpdater:b01d5846-82d3-4539-ab5a-18c880ca4812:group-FD05CA609CE0: set stopIndex = 0
2019-07-13 16:35:26,415 INFO  impl.RaftServerImpl (ServerState.java:close(394)) - b01d5846-82d3-4539-ab5a-18c880ca4812:group-FD05CA609CE0 closes. The last applied log index is 0
2019-07-13 16:35:26,415 INFO  segmented.SegmentedRaftLogWorker (SegmentedRaftLogWorker.java:close(228)) - c76d1c65-67b2-450d-ae52-65665312ef17-SegmentedRaftLogWorker:Storage Directory /tmp/workdir/hadoop-ozone/integration-test/target/test-dir/MiniOzoneClusterImpl-693975b3-5718-46d1-a40b-7368a7ae1527/datanode-1/data/ratis/dff2c96c-6b1f-4bf2-a99c-f0e42cb4e284 close()
2019-07-13 16:35:26,416 INFO  segmented.SegmentedRaftLogWorker (SegmentedRaftLogWorker.java:run(313)) - b01d5846-82d3-4539-ab5a-18c880ca4812-SegmentedRaftLogWorker:Storage Directory /tmp/workdir/hadoop-ozone/integration-test/target/test-dir/MiniOzoneClusterImpl-693975b3-5718-46d1-a40b-7368a7ae1527/datanode-4/data/ratis/ac6aad58-c73f-4b96-88eb-fd05ca609ce0 was interrupted, exiting. There are 0 tasks remaining in the queue.
2019-07-13 16:35:26,421 INFO  server.GrpcService (GrpcService.java:closeImpl(155)) - c76d1c65-67b2-450d-ae52-65665312ef17: shutdown server with port 37040 now
2019-07-13 16:35:26,423 INFO  segmented.SegmentedRaftLogWorker (SegmentedRaftLogWorker.java:close(228)) - b01d5846-82d3-4539-ab5a-18c880ca4812-SegmentedRaftLogWorker:Storage Directory /tmp/workdir/hadoop-ozone/integration-test/target/test-dir/MiniOzoneClusterImpl-693975b3-5718-46d1-a40b-7368a7ae1527/datanode-4/data/ratis/ac6aad58-c73f-4b96-88eb-fd05ca609ce0 close()
2019-07-13 16:35:26,434 INFO  server.GrpcService (GrpcService.java:closeImpl(155)) - b01d5846-82d3-4539-ab5a-18c880ca4812: shutdown server with port 33126 now
2019-07-13 16:35:26,434 WARN  server.GrpcServerProtocolService (LogUtils.java:warn(134)) - c76d1c65-67b2-450d-ae52-65665312ef17: appendEntries onError: org.apache.ratis.thirdparty.io.grpc.StatusRuntimeException: CANCELLED: cancelled before receiving half close
2019-07-13 16:35:26,435 INFO  server.GrpcService (GrpcService.java:closeImpl(163)) - c76d1c65-67b2-450d-ae52-65665312ef17: shutdown server with port 37040 successfully
2019-07-13 16:35:26,437 WARN  server.GrpcLogAppender (LogUtils.java:warn(134)) - c7d1ea11-7113-4264-995b-e989effa6b06->c76d1c65-67b2-450d-ae52-65665312ef17: Failed appendEntries: org.apache.ratis.thirdparty.io.grpc.StatusRuntimeException: CANCELLED: HTTP/2 error code: CANCEL
Received Rst Stream
2019-07-13 16:35:26,440 WARN  server.GrpcServerProtocolService (LogUtils.java:warn(134)) - b01d5846-82d3-4539-ab5a-18c880ca4812: appendEntries onError: org.apache.ratis.thirdparty.io.grpc.StatusRuntimeException: CANCELLED: cancelled before receiving half close
2019-07-13 16:35:26,440 INFO  server.GrpcService (GrpcService.java:closeImpl(163)) - b01d5846-82d3-4539-ab5a-18c880ca4812: shutdown server with port 33126 successfully
2019-07-13 16:35:26,441 WARN  server.GrpcLogAppender (LogUtils.java:warn(134)) - 65466353-f6f4-496f-8faf-31035af9c270->b01d5846-82d3-4539-ab5a-18c880ca4812: Failed appendEntries: org.apache.ratis.thirdparty.io.grpc.StatusRuntimeException: CANCELLED: HTTP/2 error code: CANCEL
Received Rst Stream
2019-07-13 16:35:26,440 INFO  impl.FollowerInfo (FollowerInfo.java:lambda$new$0(50)) - c7d1ea11-7113-4264-995b-e989effa6b06->c76d1c65-67b2-450d-ae52-65665312ef17: nextIndex: updateUnconditionally 3 -> 2
2019-07-13 16:35:26,441 INFO  impl.FollowerInfo (FollowerInfo.java:lambda$new$0(50)) - 65466353-f6f4-496f-8faf-31035af9c270->b01d5846-82d3-4539-ab5a-18c880ca4812: nextIndex: updateUnconditionally 28 -> 27
2019-07-13 16:35:26,442 INFO  utils.BackgroundService (BackgroundService.java:shutdown(148)) - Shutting down service BlockDeletingService
2019-07-13 16:35:26,444 INFO  utils.BackgroundService (BackgroundService.java:shutdown(148)) - Shutting down service BlockDeletingService
2019-07-13 16:35:26,451 WARN  fs.CachingGetSpaceUsed (CachingGetSpaceUsed.java:run(183)) - Thread Interrupted waiting to refresh disk information: sleep interrupted
2019-07-13 16:35:26,451 WARN  fs.CachingGetSpaceUsed (CachingGetSpaceUsed.java:run(183)) - Thread Interrupted waiting to refresh disk information: sleep interrupted
2019-07-13 16:35:26,473 INFO  statemachine.DatanodeStateMachine (DatanodeStateMachine.java:stopDaemon(395)) - Ozone container server stopped.
2019-07-13 16:35:26,474 INFO  statemachine.DatanodeStateMachine (DatanodeStateMachine.java:stopDaemon(395)) - Ozone container server stopped.
2019-07-13 16:35:26,491 INFO  handler.ContextHandler (ContextHandler.java:doStop(910)) - Stopped o.e.j.w.WebAppContext@2b26d289{/,null,UNAVAILABLE}{/hddsDatanode}
2019-07-13 16:35:26,492 INFO  handler.ContextHandler (ContextHandler.java:doStop(910)) - Stopped o.e.j.w.WebAppContext@6a9b8f33{/,null,UNAVAILABLE}{/hddsDatanode}
2019-07-13 16:35:26,493 INFO  server.AbstractConnector (AbstractConnector.java:doStop(318)) - Stopped ServerConnector@7f680a9a{HTTP/1.1,[http/1.1]}{0.0.0.0:0}
2019-07-13 16:35:26,493 INFO  server.AbstractConnector (AbstractConnector.java:doStop(318)) - Stopped ServerConnector@5ac8916d{HTTP/1.1,[http/1.1]}{0.0.0.0:0}
2019-07-13 16:35:26,493 INFO  handler.ContextHandler (ContextHandler.java:doStop(910)) - Stopped o.e.j.s.ServletContextHandler@1df8ea34{/static,jar:file:/home/user/.m2/repository/org/apache/hadoop/hadoop-hdds-container-service/0.5.0-SNAPSHOT/hadoop-hdds-container-service-0.5.0-SNAPSHOT.jar!/webapps/static,UNAVAILABLE}
2019-07-13 16:35:26,495 INFO  handler.ContextHandler (ContextHandler.java:doStop(910)) - Stopped o.e.j.s.ServletContextHandler@741687d4{/static,jar:file:/home/user/.m2/repository/org/apache/hadoop/hadoop-hdds-container-service/0.5.0-SNAPSHOT/hadoop-hdds-container-service-0.5.0-SNAPSHOT.jar!/webapps/static,UNAVAILABLE}
2019-07-13 16:35:26,495 INFO  handler.ContextHandler (ContextHandler.java:doStop(910)) - Stopped o.e.j.s.ServletContextHandler@741f8cf{/logs,file:///tmp/workdir/hadoop-ozone/integration-test/target/log,UNAVAILABLE}
2019-07-13 16:35:26,497 INFO  handler.ContextHandler (ContextHandler.java:doStop(910)) - Stopped o.e.j.s.ServletContextHandler@5013c6bc{/logs,file:///tmp/workdir/hadoop-ozone/integration-test/target/log,UNAVAILABLE}
2019-07-13 16:35:26,499 INFO  datanode.ObjectStoreHandler (ObjectStoreHandler.java:close(155)) - Closing ObjectStoreHandler.
2019-07-13 16:35:26,499 INFO  datanode.ObjectStoreHandler (ObjectStoreHandler.java:close(155)) - Closing ObjectStoreHandler.
2019-07-13 16:35:26,499 INFO  ozone.HddsDatanodeService (HddsDatanodeService.java:stop(452)) - Stopped plug-in org.apache.hadoop.ozone.web.OzoneHddsDatanodeService@26e588b7
2019-07-13 16:35:26,499 INFO  ozone.HddsDatanodeService (HddsDatanodeService.java:stop(452)) - Stopped plug-in org.apache.hadoop.ozone.web.OzoneHddsDatanodeService@7b1bb01c
2019-07-13 16:35:26,777 INFO  statemachine.DatanodeStateMachine (DatanodeStateMachine.java:lambda$startDaemon$0(350)) - Ozone container server started.
2019-07-13 16:35:26,898 WARN  server.GrpcLogAppender (LogUtils.java:warn(134)) - c7d1ea11-7113-4264-995b-e989effa6b06->c76d1c65-67b2-450d-ae52-65665312ef17: Failed appendEntries: org.apache.ratis.thirdparty.io.grpc.StatusRuntimeException: UNAVAILABLE: io exception
2019-07-13 16:35:26,898 INFO  impl.FollowerInfo (FollowerInfo.java:lambda$new$0(50)) - c7d1ea11-7113-4264-995b-e989effa6b06->c76d1c65-67b2-450d-ae52-65665312ef17: nextIndex: updateUnconditionally 2 -> 1
2019-07-13 16:35:26,929 INFO  statemachine.DatanodeStateMachine (DatanodeStateMachine.java:lambda$startDaemon$0(350)) - Ozone container server started.
2019-07-13 16:35:27,065 WARN  server.GrpcLogAppender (LogUtils.java:warn(134)) - 65466353-f6f4-496f-8faf-31035af9c270->1994cf6e-8caa-4a35-8bc9-e1784edec90e: Failed appendEntries: org.apache.ratis.thirdparty.io.grpc.StatusRuntimeException: UNAVAILABLE: io exception
2019-07-13 16:35:27,065 INFO  impl.FollowerInfo (FollowerInfo.java:lambda$new$0(50)) - 65466353-f6f4-496f-8faf-31035af9c270->1994cf6e-8caa-4a35-8bc9-e1784edec90e: nextIndex: updateUnconditionally 15 -> 14
2019-07-13 16:35:27,066 WARN  server.GrpcLogAppender (LogUtils.java:warn(134)) - 65466353-f6f4-496f-8faf-31035af9c270->b01d5846-82d3-4539-ab5a-18c880ca4812: Failed appendEntries: org.apache.ratis.thirdparty.io.grpc.StatusRuntimeException: UNAVAILABLE: io exception
2019-07-13 16:35:27,066 INFO  impl.FollowerInfo (FollowerInfo.java:lambda$new$0(50)) - 65466353-f6f4-496f-8faf-31035af9c270->b01d5846-82d3-4539-ab5a-18c880ca4812: nextIndex: updateUnconditionally 27 -> 26
2019-07-13 16:35:29,398 WARN  server.GrpcLogAppender (LogUtils.java:warn(134)) - c7d1ea11-7113-4264-995b-e989effa6b06->c76d1c65-67b2-450d-ae52-65665312ef17: Failed appendEntries: org.apache.ratis.thirdparty.io.grpc.StatusRuntimeException: UNAVAILABLE: io exception
2019-07-13 16:35:29,399 INFO  impl.FollowerInfo (FollowerInfo.java:lambda$new$0(50)) - c7d1ea11-7113-4264-995b-e989effa6b06->c76d1c65-67b2-450d-ae52-65665312ef17: nextIndex: updateUnconditionally 1 -> 0
2019-07-13 16:35:29,566 WARN  server.GrpcLogAppender (LogUtils.java:warn(134)) - 65466353-f6f4-496f-8faf-31035af9c270->1994cf6e-8caa-4a35-8bc9-e1784edec90e: Failed appendEntries: org.apache.ratis.thirdparty.io.grpc.StatusRuntimeException: UNAVAILABLE: io exception
2019-07-13 16:35:29,567 INFO  impl.FollowerInfo (FollowerInfo.java:lambda$new$0(50)) - 65466353-f6f4-496f-8faf-31035af9c270->1994cf6e-8caa-4a35-8bc9-e1784edec90e: nextIndex: updateUnconditionally 14 -> 13
2019-07-13 16:35:29,567 WARN  server.GrpcLogAppender (LogUtils.java:warn(134)) - 65466353-f6f4-496f-8faf-31035af9c270->b01d5846-82d3-4539-ab5a-18c880ca4812: Failed appendEntries: org.apache.ratis.thirdparty.io.grpc.StatusRuntimeException: UNAVAILABLE: io exception
2019-07-13 16:35:29,567 INFO  impl.FollowerInfo (FollowerInfo.java:lambda$new$0(50)) - 65466353-f6f4-496f-8faf-31035af9c270->b01d5846-82d3-4539-ab5a-18c880ca4812: nextIndex: updateUnconditionally 26 -> 25
2019-07-13 16:35:30,857 INFO  client.GrpcClientProtocolService (GrpcClientProtocolService.java:lambda$processClientRequest$0(278)) - Failed RaftClientRequest:client-21C90FACD24F->65466353-f6f4-496f-8faf-31035af9c270@group-765AA58DD5E6, cid=190, seq=0, Watch-ALL_COMMITTED(22), Message:<EMPTY>, reply=RaftClientReply:client-21C90FACD24F->65466353-f6f4-496f-8faf-31035af9c270@group-765AA58DD5E6, cid=190, FAILED org.apache.ratis.protocol.NotReplicatedException: Request with call Id 190 and log index 22 is not yet replicated to ALL_COMMITTED, logIndex=22, commits[65466353-f6f4-496f-8faf-31035af9c270:c27, 1994cf6e-8caa-4a35-8bc9-e1784edec90e:c16, b01d5846-82d3-4539-ab5a-18c880ca4812:c27]
2019-07-13 16:35:30,859 INFO  node.StaleNodeHandler (StaleNodeHandler.java:onMessage(58)) - Datanode 03b56f89-1fa1-4e2a-8397-42f15f2e49a9{ip: 192.168.5.187, host: trunk-nightly-z92hn-1831959607, networkLocation: /default-rack, certSerialId: null} moved to stale state. Finalizing its pipelines [PipelineID=8383830d-7f17-40ea-af8f-a440e75f9955]
2019-07-13 16:35:30,859 INFO  pipeline.SCMPipelineManager (SCMPipelineManager.java:finalizeAndDestroyPipeline(309)) - destroying pipeline:Pipeline[ Id: 8383830d-7f17-40ea-af8f-a440e75f9955, Nodes: 03b56f89-1fa1-4e2a-8397-42f15f2e49a9{ip: 192.168.5.187, host: trunk-nightly-z92hn-1831959607, networkLocation: /default-rack, certSerialId: null}, Type:RATIS, Factor:ONE, State:OPEN]
2019-07-13 16:35:30,859 INFO  pipeline.PipelineStateManager (PipelineStateManager.java:finalizePipeline(123)) - Pipeline Pipeline[ Id: 8383830d-7f17-40ea-af8f-a440e75f9955, Nodes: 03b56f89-1fa1-4e2a-8397-42f15f2e49a9{ip: 192.168.5.187, host: trunk-nightly-z92hn-1831959607, networkLocation: /default-rack, certSerialId: null}, Type:RATIS, Factor:ONE, State:CLOSED] moved to CLOSED state
2019-07-13 16:35:30,864 INFO  client.GrpcClientProtocolClient (GrpcClientProtocolClient.java:onNext(255)) - client-21C90FACD24F->65466353-f6f4-496f-8faf-31035af9c270: receive RaftClientReply:client-21C90FACD24F->65466353-f6f4-496f-8faf-31035af9c270@group-765AA58DD5E6, cid=190, FAILED org.apache.ratis.protocol.NotReplicatedException: Request with call Id 190 and log index 22 is not yet replicated to ALL_COMMITTED, logIndex=22, commits[65466353-f6f4-496f-8faf-31035af9c270:c27, 1994cf6e-8caa-4a35-8bc9-e1784edec90e:c16, b01d5846-82d3-4539-ab5a-18c880ca4812:c27]
2019-07-13 16:35:30,959 INFO  node.StaleNodeHandler (StaleNodeHandler.java:onMessage(58)) - Datanode 96b6e699-3a35-4882-9e02-2a1e86df0e6d{ip: 192.168.5.187, host: trunk-nightly-z92hn-1831959607, networkLocation: /default-rack, certSerialId: null} moved to stale state. Finalizing its pipelines [PipelineID=8666b954-f0cb-4215-8427-ca16fc05437e, PipelineID=2fc9e74e-0d5f-4825-b144-b34df4fb9634]
2019-07-13 16:35:30,959 INFO  pipeline.SCMPipelineManager (SCMPipelineManager.java:finalizeAndDestroyPipeline(309)) - destroying pipeline:Pipeline[ Id: 8666b954-f0cb-4215-8427-ca16fc05437e, Nodes: c76d1c65-67b2-450d-ae52-65665312ef17{ip: 192.168.5.187, host: trunk-nightly-z92hn-1831959607, networkLocation: /default-rack, certSerialId: null}96b6e699-3a35-4882-9e02-2a1e86df0e6d{ip: 192.168.5.187, host: trunk-nightly-z92hn-1831959607, networkLocation: /default-rack, certSerialId: null}c7d1ea11-7113-4264-995b-e989effa6b06{ip: 192.168.5.187, host: trunk-nightly-z92hn-1831959607, networkLocation: /default-rack, certSerialId: null}, Type:RATIS, Factor:THREE, State:CLOSED]
2019-07-13 16:35:30,959 INFO  pipeline.SCMPipelineManager (SCMPipelineManager.java:finalizeAndDestroyPipeline(309)) - destroying pipeline:Pipeline[ Id: 2fc9e74e-0d5f-4825-b144-b34df4fb9634, Nodes: 96b6e699-3a35-4882-9e02-2a1e86df0e6d{ip: 192.168.5.187, host: trunk-nightly-z92hn-1831959607, networkLocation: /default-rack, certSerialId: null}, Type:RATIS, Factor:ONE, State:OPEN]
2019-07-13 16:35:30,959 INFO  pipeline.PipelineStateManager (PipelineStateManager.java:finalizePipeline(123)) - Pipeline Pipeline[ Id: 2fc9e74e-0d5f-4825-b144-b34df4fb9634, Nodes: 96b6e699-3a35-4882-9e02-2a1e86df0e6d{ip: 192.168.5.187, host: trunk-nightly-z92hn-1831959607, networkLocation: /default-rack, certSerialId: null}, Type:RATIS, Factor:ONE, State:CLOSED] moved to CLOSED state
2019-07-13 16:35:31,500 INFO  ozoneimpl.OzoneContainer (OzoneContainer.java:stop(199)) - Attempting to stop container services.
2019-07-13 16:35:31,500 INFO  ozoneimpl.OzoneContainer (OzoneContainer.java:stop(199)) - Attempting to stop container services.
2019-07-13 16:35:31,501 INFO  impl.RaftServerProxy (RaftServerProxy.java:lambda$close$4(314)) - 96b6e699-3a35-4882-9e02-2a1e86df0e6d: close
2019-07-13 16:35:31,501 INFO  impl.RaftServerProxy (RaftServerProxy.java:lambda$close$4(314)) - 03b56f89-1fa1-4e2a-8397-42f15f2e49a9: close
2019-07-13 16:35:31,502 INFO  impl.RaftServerImpl (RaftServerImpl.java:lambda$shutdown$3(245)) - 96b6e699-3a35-4882-9e02-2a1e86df0e6d: shutdown group-CA16FC05437E
2019-07-13 16:35:31,502 INFO  impl.RaftServerImpl (RaftServerImpl.java:lambda$shutdown$3(245)) - 03b56f89-1fa1-4e2a-8397-42f15f2e49a9: shutdown group-A440E75F9955
2019-07-13 16:35:31,502 INFO  util.JmxRegister (JmxRegister.java:unregister(73)) - Successfully un-registered JMX Bean with object name Ratis:service=RaftServer,group=group-CA16FC05437E,id=96b6e699-3a35-4882-9e02-2a1e86df0e6d
2019-07-13 16:35:31,503 INFO  util.JmxRegister (JmxRegister.java:unregister(73)) - Successfully un-registered JMX Bean with object name Ratis:service=RaftServer,group=group-A440E75F9955,id=03b56f89-1fa1-4e2a-8397-42f15f2e49a9
2019-07-13 16:35:31,503 INFO  impl.RoleInfo (RoleInfo.java:shutdownFollowerState(121)) - 96b6e699-3a35-4882-9e02-2a1e86df0e6d: shutdown FollowerState
2019-07-13 16:35:31,503 INFO  impl.RoleInfo (RoleInfo.java:shutdownLeaderState(104)) - 03b56f89-1fa1-4e2a-8397-42f15f2e49a9: shutdown LeaderState
2019-07-13 16:35:31,504 INFO  impl.FollowerState (FollowerState.java:run(114)) - 96b6e699-3a35-4882-9e02-2a1e86df0e6d: FollowerState was interrupted: java.lang.InterruptedException: sleep interrupted
2019-07-13 16:35:31,504 INFO  ratis.ContainerStateMachine (ContainerStateMachine.java:takeSnapshot(246)) - Taking snapshot at termIndex:(t:0, i:~)
2019-07-13 16:35:31,504 INFO  impl.StateMachineUpdater (StateMachineUpdater.java:stopAndJoin(115)) - StateMachineUpdater:96b6e699-3a35-4882-9e02-2a1e86df0e6d:group-CA16FC05437E: set stopIndex = 2
2019-07-13 16:35:31,504 INFO  impl.PendingRequests (PendingRequests.java:sendNotLeaderResponses(202)) - 03b56f89-1fa1-4e2a-8397-42f15f2e49a9-PendingRequests: sendNotLeaderResponses
2019-07-13 16:35:31,507 INFO  impl.RaftServerImpl (ServerState.java:close(394)) - 96b6e699-3a35-4882-9e02-2a1e86df0e6d:group-CA16FC05437E closes. The last applied log index is 2
2019-07-13 16:35:31,508 INFO  ratis.ContainerStateMachine (ContainerStateMachine.java:takeSnapshot(246)) - Taking snapshot at termIndex:(t:0, i:~)
2019-07-13 16:35:31,508 INFO  impl.StateMachineUpdater (StateMachineUpdater.java:stopAndJoin(115)) - StateMachineUpdater:03b56f89-1fa1-4e2a-8397-42f15f2e49a9:group-A440E75F9955: set stopIndex = 0
2019-07-13 16:35:31,508 INFO  segmented.SegmentedRaftLogWorker (SegmentedRaftLogWorker.java:run(313)) - 96b6e699-3a35-4882-9e02-2a1e86df0e6d-SegmentedRaftLogWorker:Storage Directory /tmp/workdir/hadoop-ozone/integration-test/target/test-dir/MiniOzoneClusterImpl-693975b3-5718-46d1-a40b-7368a7ae1527/datanode-2/data/ratis/8666b954-f0cb-4215-8427-ca16fc05437e was interrupted, exiting. There are 0 tasks remaining in the queue.
2019-07-13 16:35:31,508 INFO  impl.RaftServerImpl (ServerState.java:close(394)) - 03b56f89-1fa1-4e2a-8397-42f15f2e49a9:group-A440E75F9955 closes. The last applied log index is 0
2019-07-13 16:35:31,510 INFO  segmented.SegmentedRaftLogWorker (SegmentedRaftLogWorker.java:close(228)) - 96b6e699-3a35-4882-9e02-2a1e86df0e6d-SegmentedRaftLogWorker:Storage Directory /tmp/workdir/hadoop-ozone/integration-test/target/test-dir/MiniOzoneClusterImpl-693975b3-5718-46d1-a40b-7368a7ae1527/datanode-2/data/ratis/8666b954-f0cb-4215-8427-ca16fc05437e close()
2019-07-13 16:35:31,511 INFO  segmented.SegmentedRaftLogWorker (SegmentedRaftLogWorker.java:run(313)) - 03b56f89-1fa1-4e2a-8397-42f15f2e49a9-SegmentedRaftLogWorker:Storage Directory /tmp/workdir/hadoop-ozone/integration-test/target/test-dir/MiniOzoneClusterImpl-693975b3-5718-46d1-a40b-7368a7ae1527/datanode-6/data/ratis/8383830d-7f17-40ea-af8f-a440e75f9955 was interrupted, exiting. There are 0 tasks remaining in the queue.
2019-07-13 16:35:31,514 INFO  impl.RaftServerImpl (RaftServerImpl.java:lambda$shutdown$3(245)) - 96b6e699-3a35-4882-9e02-2a1e86df0e6d: shutdown group-B34DF4FB9634
2019-07-13 16:35:31,516 INFO  segmented.SegmentedRaftLogWorker (SegmentedRaftLogWorker.java:close(228)) - 03b56f89-1fa1-4e2a-8397-42f15f2e49a9-SegmentedRaftLogWorker:Storage Directory /tmp/workdir/hadoop-ozone/integration-test/target/test-dir/MiniOzoneClusterImpl-693975b3-5718-46d1-a40b-7368a7ae1527/datanode-6/data/ratis/8383830d-7f17-40ea-af8f-a440e75f9955 close()
2019-07-13 16:35:31,516 INFO  util.JmxRegister (JmxRegister.java:unregister(73)) - Successfully un-registered JMX Bean with object name Ratis:service=RaftServer,group=group-B34DF4FB9634,id=96b6e699-3a35-4882-9e02-2a1e86df0e6d
2019-07-13 16:35:31,520 INFO  server.GrpcService (GrpcService.java:closeImpl(155)) - 03b56f89-1fa1-4e2a-8397-42f15f2e49a9: shutdown server with port 35094 now
2019-07-13 16:35:31,520 INFO  impl.RoleInfo (RoleInfo.java:shutdownLeaderState(104)) - 96b6e699-3a35-4882-9e02-2a1e86df0e6d: shutdown LeaderState
2019-07-13 16:35:31,523 INFO  impl.PendingRequests (PendingRequests.java:sendNotLeaderResponses(202)) - 96b6e699-3a35-4882-9e02-2a1e86df0e6d-PendingRequests: sendNotLeaderResponses
2019-07-13 16:35:31,523 INFO  server.GrpcService (GrpcService.java:closeImpl(163)) - 03b56f89-1fa1-4e2a-8397-42f15f2e49a9: shutdown server with port 35094 successfully
2019-07-13 16:35:31,523 INFO  ratis.ContainerStateMachine (ContainerStateMachine.java:takeSnapshot(246)) - Taking snapshot at termIndex:(t:0, i:~)
2019-07-13 16:35:31,523 INFO  impl.StateMachineUpdater (StateMachineUpdater.java:stopAndJoin(115)) - StateMachineUpdater:96b6e699-3a35-4882-9e02-2a1e86df0e6d:group-B34DF4FB9634: set stopIndex = 0
2019-07-13 16:35:31,524 INFO  impl.RaftServerImpl (ServerState.java:close(394)) - 96b6e699-3a35-4882-9e02-2a1e86df0e6d:group-B34DF4FB9634 closes. The last applied log index is 0
2019-07-13 16:35:31,524 INFO  segmented.SegmentedRaftLogWorker (SegmentedRaftLogWorker.java:run(313)) - 96b6e699-3a35-4882-9e02-2a1e86df0e6d-SegmentedRaftLogWorker:Storage Directory /tmp/workdir/hadoop-ozone/integration-test/target/test-dir/MiniOzoneClusterImpl-693975b3-5718-46d1-a40b-7368a7ae1527/datanode-2/data/ratis/2fc9e74e-0d5f-4825-b144-b34df4fb9634 was interrupted, exiting. There are 0 tasks remaining in the queue.
2019-07-13 16:35:31,526 INFO  segmented.SegmentedRaftLogWorker (SegmentedRaftLogWorker.java:close(228)) - 96b6e699-3a35-4882-9e02-2a1e86df0e6d-SegmentedRaftLogWorker:Storage Directory /tmp/workdir/hadoop-ozone/integration-test/target/test-dir/MiniOzoneClusterImpl-693975b3-5718-46d1-a40b-7368a7ae1527/datanode-2/data/ratis/2fc9e74e-0d5f-4825-b144-b34df4fb9634 close()
2019-07-13 16:35:31,529 INFO  server.GrpcService (GrpcService.java:closeImpl(155)) - 96b6e699-3a35-4882-9e02-2a1e86df0e6d: shutdown server with port 38385 now
2019-07-13 16:35:31,531 WARN  server.GrpcServerProtocolService (LogUtils.java:warn(134)) - 96b6e699-3a35-4882-9e02-2a1e86df0e6d: appendEntries onError: org.apache.ratis.thirdparty.io.grpc.StatusRuntimeException: CANCELLED: cancelled before receiving half close
2019-07-13 16:35:31,531 INFO  server.GrpcService (GrpcService.java:closeImpl(163)) - 96b6e699-3a35-4882-9e02-2a1e86df0e6d: shutdown server with port 38385 successfully
2019-07-13 16:35:31,531 WARN  server.GrpcLogAppender (LogUtils.java:warn(134)) - c7d1ea11-7113-4264-995b-e989effa6b06->96b6e699-3a35-4882-9e02-2a1e86df0e6d: Failed appendEntries: org.apache.ratis.thirdparty.io.grpc.StatusRuntimeException: CANCELLED: HTTP/2 error code: CANCEL
Received Rst Stream
2019-07-13 16:35:31,532 INFO  impl.FollowerInfo (FollowerInfo.java:lambda$new$0(50)) - c7d1ea11-7113-4264-995b-e989effa6b06->96b6e699-3a35-4882-9e02-2a1e86df0e6d: nextIndex: updateUnconditionally 3 -> 2
2019-07-13 16:35:31,533 INFO  utils.BackgroundService (BackgroundService.java:shutdown(148)) - Shutting down service BlockDeletingService
2019-07-13 16:35:31,534 INFO  utils.BackgroundService (BackgroundService.java:shutdown(148)) - Shutting down service BlockDeletingService
2019-07-13 16:35:31,541 WARN  fs.CachingGetSpaceUsed (CachingGetSpaceUsed.java:run(183)) - Thread Interrupted waiting to refresh disk information: sleep interrupted
2019-07-13 16:35:31,541 WARN  fs.CachingGetSpaceUsed (CachingGetSpaceUsed.java:run(183)) - Thread Interrupted waiting to refresh disk information: sleep interrupted
2019-07-13 16:35:31,556 INFO  statemachine.DatanodeStateMachine (DatanodeStateMachine.java:stopDaemon(395)) - Ozone container server stopped.
2019-07-13 16:35:31,561 INFO  handler.ContextHandler (ContextHandler.java:doStop(910)) - Stopped o.e.j.w.WebAppContext@4d1a763c{/,null,UNAVAILABLE}{/hddsDatanode}
2019-07-13 16:35:31,562 INFO  server.AbstractConnector (AbstractConnector.java:doStop(318)) - Stopped ServerConnector@1d5ec2ed{HTTP/1.1,[http/1.1]}{0.0.0.0:0}
2019-07-13 16:35:31,563 INFO  handler.ContextHandler (ContextHandler.java:doStop(910)) - Stopped o.e.j.s.ServletContextHandler@2f46bc25{/static,jar:file:/home/user/.m2/repository/org/apache/hadoop/hadoop-hdds-container-service/0.5.0-SNAPSHOT/hadoop-hdds-container-service-0.5.0-SNAPSHOT.jar!/webapps/static,UNAVAILABLE}
2019-07-13 16:35:31,565 INFO  handler.ContextHandler (ContextHandler.java:doStop(910)) - Stopped o.e.j.s.ServletContextHandler@6f404bc6{/logs,file:///tmp/workdir/hadoop-ozone/integration-test/target/log,UNAVAILABLE}
2019-07-13 16:35:31,568 INFO  datanode.ObjectStoreHandler (ObjectStoreHandler.java:close(155)) - Closing ObjectStoreHandler.
2019-07-13 16:35:31,569 INFO  statemachine.DatanodeStateMachine (DatanodeStateMachine.java:stopDaemon(395)) - Ozone container server stopped.
2019-07-13 16:35:31,570 INFO  ozone.HddsDatanodeService (HddsDatanodeService.java:stop(452)) - Stopped plug-in org.apache.hadoop.ozone.web.OzoneHddsDatanodeService@58397dd
2019-07-13 16:35:31,570 INFO  handler.ContextHandler (ContextHandler.java:doStop(910)) - Stopped o.e.j.w.WebAppContext@58052571{/,null,UNAVAILABLE}{/hddsDatanode}
2019-07-13 16:35:31,572 INFO  server.AbstractConnector (AbstractConnector.java:doStop(318)) - Stopped ServerConnector@1464a177{HTTP/1.1,[http/1.1]}{0.0.0.0:0}
2019-07-13 16:35:31,573 INFO  handler.ContextHandler (ContextHandler.java:doStop(910)) - Stopped o.e.j.s.ServletContextHandler@3a9a12a1{/static,jar:file:/home/user/.m2/repository/org/apache/hadoop/hadoop-hdds-container-service/0.5.0-SNAPSHOT/hadoop-hdds-container-service-0.5.0-SNAPSHOT.jar!/webapps/static,UNAVAILABLE}
2019-07-13 16:35:31,573 INFO  handler.ContextHandler (ContextHandler.java:doStop(910)) - Stopped o.e.j.s.ServletContextHandler@4a29520e{/logs,file:///tmp/workdir/hadoop-ozone/integration-test/target/log,UNAVAILABLE}
2019-07-13 16:35:31,574 INFO  datanode.ObjectStoreHandler (ObjectStoreHandler.java:close(155)) - Closing ObjectStoreHandler.
2019-07-13 16:35:31,575 INFO  ozone.HddsDatanodeService (HddsDatanodeService.java:stop(452)) - Stopped plug-in org.apache.hadoop.ozone.web.OzoneHddsDatanodeService@6237927a
2019-07-13 16:35:31,607 INFO  statemachine.DatanodeStateMachine (DatanodeStateMachine.java:lambda$startDaemon$0(350)) - Ozone container server started.
2019-07-13 16:35:31,899 WARN  server.GrpcLogAppender (LogUtils.java:warn(134)) - c7d1ea11-7113-4264-995b-e989effa6b06->c76d1c65-67b2-450d-ae52-65665312ef17: Failed appendEntries: org.apache.ratis.thirdparty.io.grpc.StatusRuntimeException: UNAVAILABLE: io exception
2019-07-13 16:35:31,899 INFO  impl.FollowerInfo (FollowerInfo.java:lambda$new$0(50)) - c7d1ea11-7113-4264-995b-e989effa6b06->c76d1c65-67b2-450d-ae52-65665312ef17: nextIndex: updateUnconditionally 0 -> 0
2019-07-13 16:35:31,915 WARN  server.GrpcLogAppender (LogUtils.java:warn(134)) - c7d1ea11-7113-4264-995b-e989effa6b06->96b6e699-3a35-4882-9e02-2a1e86df0e6d: Failed appendEntries: org.apache.ratis.thirdparty.io.grpc.StatusRuntimeException: UNAVAILABLE: io exception
2019-07-13 16:35:31,916 INFO  impl.FollowerInfo (FollowerInfo.java:lambda$new$0(50)) - c7d1ea11-7113-4264-995b-e989effa6b06->96b6e699-3a35-4882-9e02-2a1e86df0e6d: nextIndex: updateUnconditionally 2 -> 1
2019-07-13 16:35:32,066 WARN  server.GrpcLogAppender (LogUtils.java:warn(134)) - 65466353-f6f4-496f-8faf-31035af9c270->1994cf6e-8caa-4a35-8bc9-e1784edec90e: Failed appendEntries: org.apache.ratis.thirdparty.io.grpc.StatusRuntimeException: UNAVAILABLE: io exception
2019-07-13 16:35:32,067 INFO  impl.FollowerInfo (FollowerInfo.java:lambda$new$0(50)) - 65466353-f6f4-496f-8faf-31035af9c270->1994cf6e-8caa-4a35-8bc9-e1784edec90e: nextIndex: updateUnconditionally 13 -> 12
2019-07-13 16:35:32,067 WARN  server.GrpcLogAppender (LogUtils.java:warn(134)) - 65466353-f6f4-496f-8faf-31035af9c270->b01d5846-82d3-4539-ab5a-18c880ca4812: Failed appendEntries: org.apache.ratis.thirdparty.io.grpc.StatusRuntimeException: UNAVAILABLE: io exception
2019-07-13 16:35:32,068 INFO  impl.FollowerInfo (FollowerInfo.java:lambda$new$0(50)) - 65466353-f6f4-496f-8faf-31035af9c270->b01d5846-82d3-4539-ab5a-18c880ca4812: nextIndex: updateUnconditionally 25 -> 24
2019-07-13 16:35:32,087 INFO  statemachine.DatanodeStateMachine (DatanodeStateMachine.java:lambda$startDaemon$0(350)) - Ozone container server started.
2019-07-13 16:35:34,400 WARN  server.GrpcLogAppender (LogUtils.java:warn(134)) - c7d1ea11-7113-4264-995b-e989effa6b06->c76d1c65-67b2-450d-ae52-65665312ef17: Failed appendEntries: org.apache.ratis.thirdparty.io.grpc.StatusRuntimeException: UNAVAILABLE: io exception
2019-07-13 16:35:34,400 INFO  impl.FollowerInfo (FollowerInfo.java:lambda$new$0(50)) - c7d1ea11-7113-4264-995b-e989effa6b06->c76d1c65-67b2-450d-ae52-65665312ef17: nextIndex: updateUnconditionally 0 -> 0
2019-07-13 16:35:34,416 WARN  server.GrpcLogAppender (LogUtils.java:warn(134)) - c7d1ea11-7113-4264-995b-e989effa6b06->96b6e699-3a35-4882-9e02-2a1e86df0e6d: Failed appendEntries: org.apache.ratis.thirdparty.io.grpc.StatusRuntimeException: UNAVAILABLE: io exception
2019-07-13 16:35:34,417 INFO  impl.FollowerInfo (FollowerInfo.java:lambda$new$0(50)) - c7d1ea11-7113-4264-995b-e989effa6b06->96b6e699-3a35-4882-9e02-2a1e86df0e6d: nextIndex: updateUnconditionally 1 -> 0
2019-07-13 16:35:34,567 WARN  server.GrpcLogAppender (LogUtils.java:warn(134)) - 65466353-f6f4-496f-8faf-31035af9c270->1994cf6e-8caa-4a35-8bc9-e1784edec90e: Failed appendEntries: org.apache.ratis.thirdparty.io.grpc.StatusRuntimeException: UNAVAILABLE: io exception
2019-07-13 16:35:34,567 INFO  impl.FollowerInfo (FollowerInfo.java:lambda$new$0(50)) - 65466353-f6f4-496f-8faf-31035af9c270->1994cf6e-8caa-4a35-8bc9-e1784edec90e: nextIndex: updateUnconditionally 12 -> 11
2019-07-13 16:35:34,567 WARN  server.GrpcLogAppender (LogUtils.java:warn(134)) - 65466353-f6f4-496f-8faf-31035af9c270->b01d5846-82d3-4539-ab5a-18c880ca4812: Failed appendEntries: org.apache.ratis.thirdparty.io.grpc.StatusRuntimeException: UNAVAILABLE: io exception
2019-07-13 16:35:34,568 INFO  impl.FollowerInfo (FollowerInfo.java:lambda$new$0(50)) - 65466353-f6f4-496f-8faf-31035af9c270->b01d5846-82d3-4539-ab5a-18c880ca4812: nextIndex: updateUnconditionally 24 -> 23
2019-07-13 16:35:34,858 INFO  client.GrpcClientProtocolService (GrpcClientProtocolService.java:lambda$processClientRequest$0(278)) - Failed RaftClientRequest:client-21C90FACD24F->65466353-f6f4-496f-8faf-31035af9c270@group-765AA58DD5E6, cid=190, seq=0, Watch-ALL_COMMITTED(22), Message:<EMPTY>, reply=RaftClientReply:client-21C90FACD24F->65466353-f6f4-496f-8faf-31035af9c270@group-765AA58DD5E6, cid=190, FAILED org.apache.ratis.protocol.NotReplicatedException: Request with call Id 190 and log index 22 is not yet replicated to ALL_COMMITTED, logIndex=22, commits[65466353-f6f4-496f-8faf-31035af9c270:c27, 1994cf6e-8caa-4a35-8bc9-e1784edec90e:c16, b01d5846-82d3-4539-ab5a-18c880ca4812:c27]
2019-07-13 16:35:34,859 INFO  client.GrpcClientProtocolClient (GrpcClientProtocolClient.java:onNext(255)) - client-21C90FACD24F->65466353-f6f4-496f-8faf-31035af9c270: receive RaftClientReply:client-21C90FACD24F->65466353-f6f4-496f-8faf-31035af9c270@group-765AA58DD5E6, cid=190, FAILED org.apache.ratis.protocol.NotReplicatedException: Request with call Id 190 and log index 22 is not yet replicated to ALL_COMMITTED, logIndex=22, commits[65466353-f6f4-496f-8faf-31035af9c270:c27, 1994cf6e-8caa-4a35-8bc9-e1784edec90e:c16, b01d5846-82d3-4539-ab5a-18c880ca4812:c27]
2019-07-13 16:35:35,666 INFO  node.StaleNodeHandler (StaleNodeHandler.java:onMessage(58)) - Datanode c7d1ea11-7113-4264-995b-e989effa6b06{ip: 192.168.5.187, host: trunk-nightly-z92hn-1831959607, networkLocation: /default-rack, certSerialId: null} moved to stale state. Finalizing its pipelines [PipelineID=afab2392-e2f7-484a-8ebb-e615a5240d8c, PipelineID=8666b954-f0cb-4215-8427-ca16fc05437e]
2019-07-13 16:35:35,667 INFO  pipeline.SCMPipelineManager (SCMPipelineManager.java:finalizeAndDestroyPipeline(309)) - destroying pipeline:Pipeline[ Id: afab2392-e2f7-484a-8ebb-e615a5240d8c, Nodes: c7d1ea11-7113-4264-995b-e989effa6b06{ip: 192.168.5.187, host: trunk-nightly-z92hn-1831959607, networkLocation: /default-rack, certSerialId: null}, Type:RATIS, Factor:ONE, State:OPEN]
2019-07-13 16:35:35,667 INFO  pipeline.PipelineStateManager (PipelineStateManager.java:finalizePipeline(123)) - Pipeline Pipeline[ Id: afab2392-e2f7-484a-8ebb-e615a5240d8c, Nodes: c7d1ea11-7113-4264-995b-e989effa6b06{ip: 192.168.5.187, host: trunk-nightly-z92hn-1831959607, networkLocation: /default-rack, certSerialId: null}, Type:RATIS, Factor:ONE, State:CLOSED] moved to CLOSED state
2019-07-13 16:35:35,667 INFO  pipeline.SCMPipelineManager (SCMPipelineManager.java:finalizeAndDestroyPipeline(309)) - destroying pipeline:Pipeline[ Id: 8666b954-f0cb-4215-8427-ca16fc05437e, Nodes: c76d1c65-67b2-450d-ae52-65665312ef17{ip: 192.168.5.187, host: trunk-nightly-z92hn-1831959607, networkLocation: /default-rack, certSerialId: null}96b6e699-3a35-4882-9e02-2a1e86df0e6d{ip: 192.168.5.187, host: trunk-nightly-z92hn-1831959607, networkLocation: /default-rack, certSerialId: null}c7d1ea11-7113-4264-995b-e989effa6b06{ip: 192.168.5.187, host: trunk-nightly-z92hn-1831959607, networkLocation: /default-rack, certSerialId: null}, Type:RATIS, Factor:THREE, State:CLOSED]
2019-07-13 16:35:36,167 INFO  node.StaleNodeHandler (StaleNodeHandler.java:onMessage(58)) - Datanode 65466353-f6f4-496f-8faf-31035af9c270{ip: 192.168.5.187, host: trunk-nightly-z92hn-1831959607, networkLocation: /default-rack, certSerialId: null} moved to stale state. Finalizing its pipelines [PipelineID=26a0c46b-04f0-455b-ac7b-88e77e55b9d8, PipelineID=4a88c411-9ca5-4d15-97cc-765aa58dd5e6]
2019-07-13 16:35:36,167 INFO  pipeline.SCMPipelineManager (SCMPipelineManager.java:finalizeAndDestroyPipeline(309)) - destroying pipeline:Pipeline[ Id: 26a0c46b-04f0-455b-ac7b-88e77e55b9d8, Nodes: 65466353-f6f4-496f-8faf-31035af9c270{ip: 192.168.5.187, host: trunk-nightly-z92hn-1831959607, networkLocation: /default-rack, certSerialId: null}, Type:RATIS, Factor:ONE, State:OPEN]
2019-07-13 16:35:36,168 INFO  pipeline.PipelineStateManager (PipelineStateManager.java:finalizePipeline(123)) - Pipeline Pipeline[ Id: 26a0c46b-04f0-455b-ac7b-88e77e55b9d8, Nodes: 65466353-f6f4-496f-8faf-31035af9c270{ip: 192.168.5.187, host: trunk-nightly-z92hn-1831959607, networkLocation: /default-rack, certSerialId: null}, Type:RATIS, Factor:ONE, State:CLOSED] moved to CLOSED state
2019-07-13 16:35:36,168 INFO  pipeline.SCMPipelineManager (SCMPipelineManager.java:finalizeAndDestroyPipeline(309)) - destroying pipeline:Pipeline[ Id: 4a88c411-9ca5-4d15-97cc-765aa58dd5e6, Nodes: 1994cf6e-8caa-4a35-8bc9-e1784edec90e{ip: 192.168.5.187, host: trunk-nightly-z92hn-1831959607, networkLocation: /default-rack, certSerialId: null}b01d5846-82d3-4539-ab5a-18c880ca4812{ip: 192.168.5.187, host: trunk-nightly-z92hn-1831959607, networkLocation: /default-rack, certSerialId: null}65466353-f6f4-496f-8faf-31035af9c270{ip: 192.168.5.187, host: trunk-nightly-z92hn-1831959607, networkLocation: /default-rack, certSerialId: null}, Type:RATIS, Factor:THREE, State:CLOSED]
2019-07-13 16:35:36,570 INFO  ozoneimpl.OzoneContainer (OzoneContainer.java:stop(199)) - Attempting to stop container services.
2019-07-13 16:35:36,571 INFO  impl.RaftServerProxy (RaftServerProxy.java:lambda$close$4(314)) - c7d1ea11-7113-4264-995b-e989effa6b06: close
2019-07-13 16:35:36,571 INFO  impl.RaftServerImpl (RaftServerImpl.java:lambda$shutdown$3(245)) - c7d1ea11-7113-4264-995b-e989effa6b06: shutdown group-E615A5240D8C
2019-07-13 16:35:36,572 INFO  util.JmxRegister (JmxRegister.java:unregister(73)) - Successfully un-registered JMX Bean with object name Ratis:service=RaftServer,group=group-E615A5240D8C,id=c7d1ea11-7113-4264-995b-e989effa6b06
2019-07-13 16:35:36,572 INFO  impl.RoleInfo (RoleInfo.java:shutdownLeaderState(104)) - c7d1ea11-7113-4264-995b-e989effa6b06: shutdown LeaderState
2019-07-13 16:35:36,572 INFO  impl.PendingRequests (PendingRequests.java:sendNotLeaderResponses(202)) - c7d1ea11-7113-4264-995b-e989effa6b06-PendingRequests: sendNotLeaderResponses
2019-07-13 16:35:36,573 INFO  impl.StateMachineUpdater (StateMachineUpdater.java:stopAndJoin(115)) - StateMachineUpdater:c7d1ea11-7113-4264-995b-e989effa6b06:group-E615A5240D8C: set stopIndex = 0
2019-07-13 16:35:36,573 INFO  ratis.ContainerStateMachine (ContainerStateMachine.java:takeSnapshot(246)) - Taking snapshot at termIndex:(t:0, i:~)
2019-07-13 16:35:36,573 INFO  impl.RaftServerImpl (ServerState.java:close(394)) - c7d1ea11-7113-4264-995b-e989effa6b06:group-E615A5240D8C closes. The last applied log index is 0
2019-07-13 16:35:36,574 INFO  segmented.SegmentedRaftLogWorker (SegmentedRaftLogWorker.java:run(313)) - c7d1ea11-7113-4264-995b-e989effa6b06-SegmentedRaftLogWorker:Storage Directory /tmp/workdir/hadoop-ozone/integration-test/target/test-dir/MiniOzoneClusterImpl-693975b3-5718-46d1-a40b-7368a7ae1527/datanode-0/data/ratis/afab2392-e2f7-484a-8ebb-e615a5240d8c was interrupted, exiting. There are 0 tasks remaining in the queue.
2019-07-13 16:35:36,576 INFO  segmented.SegmentedRaftLogWorker (SegmentedRaftLogWorker.java:close(228)) - c7d1ea11-7113-4264-995b-e989effa6b06-SegmentedRaftLogWorker:Storage Directory /tmp/workdir/hadoop-ozone/integration-test/target/test-dir/MiniOzoneClusterImpl-693975b3-5718-46d1-a40b-7368a7ae1527/datanode-0/data/ratis/afab2392-e2f7-484a-8ebb-e615a5240d8c close()
2019-07-13 16:35:36,577 INFO  ozoneimpl.OzoneContainer (OzoneContainer.java:stop(199)) - Attempting to stop container services.
2019-07-13 16:35:36,579 INFO  impl.RaftServerImpl (RaftServerImpl.java:lambda$shutdown$3(245)) - c7d1ea11-7113-4264-995b-e989effa6b06: shutdown group-CA16FC05437E
2019-07-13 16:35:36,580 INFO  impl.RaftServerProxy (RaftServerProxy.java:lambda$close$4(314)) - 65466353-f6f4-496f-8faf-31035af9c270: close
2019-07-13 16:35:36,580 INFO  util.JmxRegister (JmxRegister.java:unregister(73)) - Successfully un-registered JMX Bean with object name Ratis:service=RaftServer,group=group-CA16FC05437E,id=c7d1ea11-7113-4264-995b-e989effa6b06
2019-07-13 16:35:36,580 INFO  impl.RaftServerImpl (RaftServerImpl.java:lambda$shutdown$3(245)) - 65466353-f6f4-496f-8faf-31035af9c270: shutdown group-88E77E55B9D8
2019-07-13 16:35:36,581 INFO  util.JmxRegister (JmxRegister.java:unregister(73)) - Successfully un-registered JMX Bean with object name Ratis:service=RaftServer,group=group-88E77E55B9D8,id=65466353-f6f4-496f-8faf-31035af9c270
2019-07-13 16:35:36,581 INFO  impl.RoleInfo (RoleInfo.java:shutdownLeaderState(104)) - 65466353-f6f4-496f-8faf-31035af9c270: shutdown LeaderState
2019-07-13 16:35:36,581 INFO  impl.RoleInfo (RoleInfo.java:shutdownLeaderState(104)) - c7d1ea11-7113-4264-995b-e989effa6b06: shutdown LeaderState
2019-07-13 16:35:36,582 INFO  impl.PendingRequests (PendingRequests.java:sendNotLeaderResponses(202)) - 65466353-f6f4-496f-8faf-31035af9c270-PendingRequests: sendNotLeaderResponses
2019-07-13 16:35:36,584 WARN  server.GrpcLogAppender (GrpcLogAppender.java:mayWait(143)) - GrpcLogAppender(c7d1ea11-7113-4264-995b-e989effa6b06->96b6e699-3a35-4882-9e02-2a1e86df0e6d): Wait interrupted by java.lang.InterruptedException
2019-07-13 16:35:36,584 WARN  server.GrpcLogAppender (GrpcLogAppender.java:mayWait(143)) - GrpcLogAppender(c7d1ea11-7113-4264-995b-e989effa6b06->c76d1c65-67b2-450d-ae52-65665312ef17): Wait interrupted by java.lang.InterruptedException
2019-07-13 16:35:36,584 INFO  impl.PendingRequests (PendingRequests.java:sendNotLeaderResponses(202)) - c7d1ea11-7113-4264-995b-e989effa6b06-PendingRequests: sendNotLeaderResponses
2019-07-13 16:35:36,585 INFO  ratis.ContainerStateMachine (ContainerStateMachine.java:takeSnapshot(246)) - Taking snapshot at termIndex:(t:0, i:~)
2019-07-13 16:35:36,585 INFO  impl.StateMachineUpdater (StateMachineUpdater.java:stopAndJoin(115)) - StateMachineUpdater:65466353-f6f4-496f-8faf-31035af9c270:group-88E77E55B9D8: set stopIndex = 0
2019-07-13 16:35:36,593 INFO  ratis.ContainerStateMachine (ContainerStateMachine.java:takeSnapshot(246)) - Taking snapshot at termIndex:(t:0, i:~)
2019-07-13 16:35:36,593 INFO  impl.StateMachineUpdater (StateMachineUpdater.java:stopAndJoin(115)) - StateMachineUpdater:c7d1ea11-7113-4264-995b-e989effa6b06:group-CA16FC05437E: set stopIndex = 2
2019-07-13 16:35:36,594 INFO  impl.RaftServerImpl (ServerState.java:close(394)) - c7d1ea11-7113-4264-995b-e989effa6b06:group-CA16FC05437E closes. The last applied log index is 2
2019-07-13 16:35:36,593 INFO  impl.RaftServerImpl (ServerState.java:close(394)) - 65466353-f6f4-496f-8faf-31035af9c270:group-88E77E55B9D8 closes. The last applied log index is 0
2019-07-13 16:35:36,594 INFO  segmented.SegmentedRaftLogWorker (SegmentedRaftLogWorker.java:run(313)) - c7d1ea11-7113-4264-995b-e989effa6b06-SegmentedRaftLogWorker:Storage Directory /tmp/workdir/hadoop-ozone/integration-test/target/test-dir/MiniOzoneClusterImpl-693975b3-5718-46d1-a40b-7368a7ae1527/datanode-0/data/ratis/8666b954-f0cb-4215-8427-ca16fc05437e was interrupted, exiting. There are 0 tasks remaining in the queue.
2019-07-13 16:35:36,594 INFO  segmented.SegmentedRaftLogWorker (SegmentedRaftLogWorker.java:run(313)) - 65466353-f6f4-496f-8faf-31035af9c270-SegmentedRaftLogWorker:Storage Directory /tmp/workdir/hadoop-ozone/integration-test/target/test-dir/MiniOzoneClusterImpl-693975b3-5718-46d1-a40b-7368a7ae1527/datanode-5/data/ratis/26a0c46b-04f0-455b-ac7b-88e77e55b9d8 was interrupted, exiting. There are 0 tasks remaining in the queue.
2019-07-13 16:35:36,596 INFO  segmented.SegmentedRaftLogWorker (SegmentedRaftLogWorker.java:close(228)) - c7d1ea11-7113-4264-995b-e989effa6b06-SegmentedRaftLogWorker:Storage Directory /tmp/workdir/hadoop-ozone/integration-test/target/test-dir/MiniOzoneClusterImpl-693975b3-5718-46d1-a40b-7368a7ae1527/datanode-0/data/ratis/8666b954-f0cb-4215-8427-ca16fc05437e close()
2019-07-13 16:35:36,597 INFO  segmented.SegmentedRaftLogWorker (SegmentedRaftLogWorker.java:close(228)) - 65466353-f6f4-496f-8faf-31035af9c270-SegmentedRaftLogWorker:Storage Directory /tmp/workdir/hadoop-ozone/integration-test/target/test-dir/MiniOzoneClusterImpl-693975b3-5718-46d1-a40b-7368a7ae1527/datanode-5/data/ratis/26a0c46b-04f0-455b-ac7b-88e77e55b9d8 close()
2019-07-13 16:35:36,599 INFO  server.GrpcService (GrpcService.java:closeImpl(155)) - c7d1ea11-7113-4264-995b-e989effa6b06: shutdown server with port 43946 now
2019-07-13 16:35:36,604 INFO  impl.RaftServerImpl (RaftServerImpl.java:lambda$shutdown$3(245)) - 65466353-f6f4-496f-8faf-31035af9c270: shutdown group-765AA58DD5E6
2019-07-13 16:35:36,604 INFO  server.GrpcService (GrpcService.java:closeImpl(163)) - c7d1ea11-7113-4264-995b-e989effa6b06: shutdown server with port 43946 successfully
2019-07-13 16:35:36,605 INFO  util.JmxRegister (JmxRegister.java:unregister(73)) - Successfully un-registered JMX Bean with object name Ratis:service=RaftServer,group=group-765AA58DD5E6,id=65466353-f6f4-496f-8faf-31035af9c270
2019-07-13 16:35:36,605 INFO  impl.RoleInfo (RoleInfo.java:shutdownLeaderState(104)) - 65466353-f6f4-496f-8faf-31035af9c270: shutdown LeaderState
2019-07-13 16:35:36,608 INFO  impl.PendingRequests (PendingRequests.java:sendNotLeaderResponses(202)) - 65466353-f6f4-496f-8faf-31035af9c270-PendingRequests: sendNotLeaderResponses
2019-07-13 16:35:36,608 WARN  server.GrpcLogAppender (GrpcLogAppender.java:mayWait(143)) - GrpcLogAppender(65466353-f6f4-496f-8faf-31035af9c270->b01d5846-82d3-4539-ab5a-18c880ca4812): Wait interrupted by java.lang.InterruptedException
2019-07-13 16:35:36,609 WARN  server.GrpcLogAppender (GrpcLogAppender.java:mayWait(143)) - GrpcLogAppender(65466353-f6f4-496f-8faf-31035af9c270->1994cf6e-8caa-4a35-8bc9-e1784edec90e): Wait interrupted by java.lang.InterruptedException
2019-07-13 16:35:36,610 INFO  impl.StateMachineUpdater (StateMachineUpdater.java:stopAndJoin(115)) - StateMachineUpdater:65466353-f6f4-496f-8faf-31035af9c270:group-765AA58DD5E6: set stopIndex = 27
2019-07-13 16:35:36,610 INFO  ratis.ContainerStateMachine (ContainerStateMachine.java:takeSnapshot(246)) - Taking snapshot at termIndex:(t:1, i:27)
2019-07-13 16:35:36,610 INFO  ratis.ContainerStateMachine (ContainerStateMachine.java:takeSnapshot(250)) - Taking a snapshot to file /tmp/workdir/hadoop-ozone/integration-test/target/test-dir/MiniOzoneClusterImpl-693975b3-5718-46d1-a40b-7368a7ae1527/datanode-5/data/ratis/4a88c411-9ca5-4d15-97cc-765aa58dd5e6/sm/snapshot.1_27
2019-07-13 16:35:36,610 INFO  client.GrpcClientProtocolService (GrpcClientProtocolService.java:lambda$processClientRequest$0(278)) - Failed RaftClientRequest:client-21C90FACD24F->65466353-f6f4-496f-8faf-31035af9c270@group-765AA58DD5E6, cid=190, seq=0, Watch-ALL_COMMITTED(22), Message:<EMPTY>, reply=RaftClientReply:client-21C90FACD24F->65466353-f6f4-496f-8faf-31035af9c270@group-765AA58DD5E6, cid=190, FAILED org.apache.ratis.protocol.NotLeaderException: Server 65466353-f6f4-496f-8faf-31035af9c270 is not the leader (null). Request must be sent to leader., logIndex=0, commits[65466353-f6f4-496f-8faf-31035af9c270:c27]
2019-07-13 16:35:36,612 INFO  impl.StateMachineUpdater (StateMachineUpdater.java:takeSnapshot(242)) - StateMachineUpdater:65466353-f6f4-496f-8faf-31035af9c270:group-765AA58DD5E6: Took a snapshot at index 27
2019-07-13 16:35:36,612 INFO  impl.StateMachineUpdater (StateMachineUpdater.java:lambda$new$0(80)) - StateMachineUpdater:65466353-f6f4-496f-8faf-31035af9c270:group-765AA58DD5E6: snapshotIndex: updateIncreasingly -1 -> 27
2019-07-13 16:35:36,613 INFO  impl.RaftServerImpl (ServerState.java:close(394)) - 65466353-f6f4-496f-8faf-31035af9c270:group-765AA58DD5E6 closes. The last applied log index is 27
2019-07-13 16:35:36,613 INFO  utils.BackgroundService (BackgroundService.java:shutdown(148)) - Shutting down service BlockDeletingService
2019-07-13 16:35:36,613 INFO  segmented.SegmentedRaftLogWorker (SegmentedRaftLogWorker.java:run(313)) - 65466353-f6f4-496f-8faf-31035af9c270-SegmentedRaftLogWorker:Storage Directory /tmp/workdir/hadoop-ozone/integration-test/target/test-dir/MiniOzoneClusterImpl-693975b3-5718-46d1-a40b-7368a7ae1527/datanode-5/data/ratis/4a88c411-9ca5-4d15-97cc-765aa58dd5e6 was interrupted, exiting. There are 0 tasks remaining in the queue.
2019-07-13 16:35:36,613 INFO  client.GrpcClientProtocolClient (GrpcClientProtocolClient.java:onNext(255)) - client-21C90FACD24F->65466353-f6f4-496f-8faf-31035af9c270: receive RaftClientReply:client-21C90FACD24F->65466353-f6f4-496f-8faf-31035af9c270@group-765AA58DD5E6, cid=190, FAILED org.apache.ratis.protocol.NotLeaderException: Server 65466353-f6f4-496f-8faf-31035af9c270 is not the leader (null). Request must be sent to leader., logIndex=0, commits[65466353-f6f4-496f-8faf-31035af9c270:c27]
2019-07-13 16:35:36,614 INFO  segmented.SegmentedRaftLogWorker (SegmentedRaftLogWorker.java:close(228)) - 65466353-f6f4-496f-8faf-31035af9c270-SegmentedRaftLogWorker:Storage Directory /tmp/workdir/hadoop-ozone/integration-test/target/test-dir/MiniOzoneClusterImpl-693975b3-5718-46d1-a40b-7368a7ae1527/datanode-5/data/ratis/4a88c411-9ca5-4d15-97cc-765aa58dd5e6 close()
2019-07-13 16:35:36,616 INFO  server.GrpcService (GrpcService.java:closeImpl(155)) - 65466353-f6f4-496f-8faf-31035af9c270: shutdown server with port 38666 now
2019-07-13 16:35:36,616 WARN  client.GrpcClientProtocolService (LogUtils.java:warn(134)) - 2-UnorderedRequestStreamObserver2: onError: org.apache.ratis.thirdparty.io.grpc.StatusRuntimeException: CANCELLED: cancelled before receiving half close
2019-07-13 16:35:36,617 WARN  fs.CachingGetSpaceUsed (CachingGetSpaceUsed.java:run(183)) - Thread Interrupted waiting to refresh disk information: sleep interrupted
2019-07-13 16:35:36,617 INFO  server.GrpcService (GrpcService.java:closeImpl(163)) - 65466353-f6f4-496f-8faf-31035af9c270: shutdown server with port 38666 successfully
2019-07-13 16:35:36,620 INFO  utils.BackgroundService (BackgroundService.java:shutdown(148)) - Shutting down service BlockDeletingService
2019-07-13 16:35:36,624 WARN  fs.CachingGetSpaceUsed (CachingGetSpaceUsed.java:run(183)) - Thread Interrupted waiting to refresh disk information: sleep interrupted
2019-07-13 16:35:36,640 INFO  statemachine.DatanodeStateMachine (DatanodeStateMachine.java:stopDaemon(395)) - Ozone container server stopped.
2019-07-13 16:35:36,641 INFO  statemachine.DatanodeStateMachine (DatanodeStateMachine.java:stopDaemon(395)) - Ozone container server stopped.
2019-07-13 16:35:36,644 INFO  handler.ContextHandler (ContextHandler.java:doStop(910)) - Stopped o.e.j.w.WebAppContext@4ce9985f{/,null,UNAVAILABLE}{/hddsDatanode}
2019-07-13 16:35:36,646 INFO  handler.ContextHandler (ContextHandler.java:doStop(910)) - Stopped o.e.j.w.WebAppContext@2898c70d{/,null,UNAVAILABLE}{/hddsDatanode}
2019-07-13 16:35:36,646 INFO  server.AbstractConnector (AbstractConnector.java:doStop(318)) - Stopped ServerConnector@4283f29b{HTTP/1.1,[http/1.1]}{0.0.0.0:0}
2019-07-13 16:35:36,646 INFO  server.AbstractConnector (AbstractConnector.java:doStop(318)) - Stopped ServerConnector@ec67be1{HTTP/1.1,[http/1.1]}{0.0.0.0:0}
2019-07-13 16:35:36,646 INFO  handler.ContextHandler (ContextHandler.java:doStop(910)) - Stopped o.e.j.s.ServletContextHandler@13a35d3b{/static,jar:file:/home/user/.m2/repository/org/apache/hadoop/hadoop-hdds-container-service/0.5.0-SNAPSHOT/hadoop-hdds-container-service-0.5.0-SNAPSHOT.jar!/webapps/static,UNAVAILABLE}
2019-07-13 16:35:36,648 INFO  handler.ContextHandler (ContextHandler.java:doStop(910)) - Stopped o.e.j.s.ServletContextHandler@292b7a02{/static,jar:file:/home/user/.m2/repository/org/apache/hadoop/hadoop-hdds-container-service/0.5.0-SNAPSHOT/hadoop-hdds-container-service-0.5.0-SNAPSHOT.jar!/webapps/static,UNAVAILABLE}
2019-07-13 16:35:36,648 INFO  handler.ContextHandler (ContextHandler.java:doStop(910)) - Stopped o.e.j.s.ServletContextHandler@7a9e44ff{/logs,file:///tmp/workdir/hadoop-ozone/integration-test/target/log,UNAVAILABLE}
2019-07-13 16:35:36,649 INFO  handler.ContextHandler (ContextHandler.java:doStop(910)) - Stopped o.e.j.s.ServletContextHandler@5a183fa6{/logs,file:///tmp/workdir/hadoop-ozone/integration-test/target/log,UNAVAILABLE}
2019-07-13 16:35:36,651 INFO  ozone.MiniOzoneClusterImpl (MiniOzoneClusterImpl.java:stop(353)) - Stopping the StorageContainerManager
2019-07-13 16:35:36,651 INFO  server.StorageContainerManager (StorageContainerManager.java:stop(796)) - Stopping Replication Manager Service.
2019-07-13 16:35:36,651 INFO  container.ReplicationManager (ReplicationManager.java:stop(187)) - Stopping Replication Monitor Thread.
2019-07-13 16:35:36,651 INFO  server.StorageContainerManager (StorageContainerManager.java:stop(803)) - Stopping Lease Manager of the command watchers
2019-07-13 16:35:36,651 INFO  server.StorageContainerManager (StorageContainerManager.java:stop(810)) - Stopping datanode service RPC server
2019-07-13 16:35:36,651 INFO  server.SCMDatanodeProtocolServer (SCMDatanodeProtocolServer.java:stop(375)) - Stopping the RPC server for DataNodes
2019-07-13 16:35:36,652 INFO  ipc.Server (Server.java:stop(3082)) - Stopping server on 38902
2019-07-13 16:35:36,654 INFO  ipc.Server (Server.java:run(1185)) - Stopping IPC Server listener on 38902
2019-07-13 16:35:36,654 INFO  ipc.Server (Server.java:run(1319)) - Stopping IPC Server Responder
2019-07-13 16:35:36,668 WARN  node.NodeStateManager (NodeStateManager.java:scheduleNextHealthCheck(631)) - Current Thread is interrupted, shutting down HB processing thread for Node Manager.
2019-07-13 16:35:36,668 INFO  server.StorageContainerManager (StorageContainerManager.java:stop(818)) - Stopping block service RPC server
2019-07-13 16:35:36,668 INFO  server.SCMBlockProtocolServer (SCMBlockProtocolServer.java:stop(148)) - Stopping the RPC server for Block Protocol
2019-07-13 16:35:36,668 INFO  ipc.Server (Server.java:stop(3082)) - Stopping server on 35138
2019-07-13 16:35:36,670 INFO  ipc.Server (Server.java:run(1185)) - Stopping IPC Server listener on 35138
2019-07-13 16:35:36,670 INFO  server.StorageContainerManager (StorageContainerManager.java:stop(825)) - Stopping the StorageContainerLocationProtocol RPC server
2019-07-13 16:35:36,670 INFO  server.SCMClientProtocolServer (SCMClientProtocolServer.java:stop(157)) - Stopping the RPC server for Client Protocol
2019-07-13 16:35:36,671 INFO  ipc.Server (Server.java:stop(3082)) - Stopping server on 43570
2019-07-13 16:35:36,670 INFO  ipc.Server (Server.java:run(1319)) - Stopping IPC Server Responder
2019-07-13 16:35:36,672 INFO  ipc.Server (Server.java:run(1185)) - Stopping IPC Server listener on 43570
2019-07-13 16:35:36,673 INFO  server.StorageContainerManager (StorageContainerManager.java:stop(832)) - Stopping Storage Container Manager HTTP server.
2019-07-13 16:35:36,673 INFO  ipc.Server (Server.java:run(1319)) - Stopping IPC Server Responder
2019-07-13 16:35:36,673 INFO  handler.ContextHandler (ContextHandler.java:doStop(910)) - Stopped o.e.j.w.WebAppContext@6e140753{/,null,UNAVAILABLE}{/scm}
2019-07-13 16:35:36,674 INFO  server.AbstractConnector (AbstractConnector.java:doStop(318)) - Stopped ServerConnector@53bc6492{HTTP/1.1,[http/1.1]}{0.0.0.0:0}
2019-07-13 16:35:36,674 INFO  handler.ContextHandler (ContextHandler.java:doStop(910)) - Stopped o.e.j.s.ServletContextHandler@4f466207{/static,file:///tmp/workdir/hadoop-ozone/integration-test/target/test-classes/webapps/static,UNAVAILABLE}
2019-07-13 16:35:36,674 INFO  handler.ContextHandler (ContextHandler.java:doStop(910)) - Stopped o.e.j.s.ServletContextHandler@14af9f51{/logs,file:///tmp/workdir/hadoop-ozone/integration-test/target/log,UNAVAILABLE}
2019-07-13 16:35:36,675 INFO  server.StorageContainerManager (StorageContainerManager.java:stop(843)) - Stopping Block Manager Service.
2019-07-13 16:35:36,675 INFO  utils.BackgroundService (BackgroundService.java:shutdown(148)) - Shutting down service SCMBlockDeletingService
2019-07-13 16:35:36,676 INFO  utils.BackgroundService (BackgroundService.java:shutdown(148)) - Shutting down service SCMBlockDeletingService
2019-07-13 16:35:36,676 INFO  server.StorageContainerManager (StorageContainerManager.java:stop(865)) - Stopping SCM Event Queue.
2019-07-13 16:35:36,680 INFO  impl.MetricsSystemImpl (MetricsSystemImpl.java:stop(210)) - Stopping HddsDatanode metrics system...
2019-07-13 16:35:36,688 INFO  impl.MetricsSystemImpl (MetricsSystemImpl.java:stop(216)) - HddsDatanode metrics system stopped.
]]></system-out>
    <system-err><![CDATA[Jul 13, 2019 4:35:04 PM com.sun.jersey.server.impl.application.WebApplicationImpl _initiate
INFO: Initiating Jersey application, version 'Jersey: 1.19 02/11/2015 03:25 AM'
Jul 13, 2019 4:35:04 PM com.sun.jersey.server.impl.application.WebApplicationImpl _initiate
INFO: Initiating Jersey application, version 'Jersey: 1.19 02/11/2015 03:25 AM'
Jul 13, 2019 4:35:04 PM com.sun.jersey.server.impl.application.WebApplicationImpl _initiate
INFO: Initiating Jersey application, version 'Jersey: 1.19 02/11/2015 03:25 AM'
Jul 13, 2019 4:35:04 PM com.sun.jersey.server.impl.application.WebApplicationImpl _initiate
INFO: Initiating Jersey application, version 'Jersey: 1.19 02/11/2015 03:25 AM'
Jul 13, 2019 4:35:05 PM com.sun.jersey.server.impl.application.WebApplicationImpl _initiate
INFO: Initiating Jersey application, version 'Jersey: 1.19 02/11/2015 03:25 AM'
Jul 13, 2019 4:35:05 PM com.sun.jersey.server.impl.application.WebApplicationImpl _initiate
INFO: Initiating Jersey application, version 'Jersey: 1.19 02/11/2015 03:25 AM'
Jul 13, 2019 4:35:05 PM com.sun.jersey.server.impl.application.WebApplicationImpl _initiate
INFO: Initiating Jersey application, version 'Jersey: 1.19 02/11/2015 03:25 AM'
Jul 13, 2019 4:35:08 PM org.apache.ratis.thirdparty.io.grpc.internal.ManagedChannelOrphanWrapper$ManagedChannelReference cleanQueue
SEVERE: *~*~*~ Channel ManagedChannelImpl{logId=2517, target=192.168.5.187:36713} was not shutdown properly!!! ~*~*~*
    Make sure to call shutdown()/shutdownNow() and wait until awaitTermination() returns true.
java.lang.RuntimeException: ManagedChannel allocation site
	at org.apache.ratis.thirdparty.io.grpc.internal.ManagedChannelOrphanWrapper$ManagedChannelReference.<init>(ManagedChannelOrphanWrapper.java:103)
	at org.apache.ratis.thirdparty.io.grpc.internal.ManagedChannelOrphanWrapper.<init>(ManagedChannelOrphanWrapper.java:53)
	at org.apache.ratis.thirdparty.io.grpc.internal.ManagedChannelOrphanWrapper.<init>(ManagedChannelOrphanWrapper.java:44)
	at org.apache.ratis.thirdparty.io.grpc.internal.AbstractManagedChannelImplBuilder.build(AbstractManagedChannelImplBuilder.java:411)
	at org.apache.ratis.grpc.client.GrpcClientProtocolClient.<init>(GrpcClientProtocolClient.java:119)
	at org.apache.ratis.grpc.client.GrpcClientRpc.lambda$new$0(GrpcClientRpc.java:55)
	at org.apache.ratis.util.PeerProxyMap$PeerAndProxy.lambda$getProxy$0(PeerProxyMap.java:61)
	at org.apache.ratis.util.LifeCycle.startAndTransition(LifeCycle.java:202)
	at org.apache.ratis.util.PeerProxyMap$PeerAndProxy.getProxy(PeerProxyMap.java:60)
	at org.apache.ratis.util.PeerProxyMap.getProxy(PeerProxyMap.java:107)
	at org.apache.ratis.grpc.client.GrpcClientRpc.sendRequestAsync(GrpcClientRpc.java:66)
	at org.apache.ratis.client.impl.OrderedAsync.sendRequest(OrderedAsync.java:208)
	at org.apache.ratis.client.impl.OrderedAsync.sendRequestWithRetry(OrderedAsync.java:169)
	at org.apache.ratis.util.SlidingWindow$Client.sendOrDelayRequest(SlidingWindow.java:278)
	at org.apache.ratis.util.SlidingWindow$Client.retry(SlidingWindow.java:294)
	at org.apache.ratis.client.impl.OrderedAsync.lambda$scheduleWithTimeout$7(OrderedAsync.java:195)
	at org.apache.ratis.util.TimeoutScheduler.lambda$onTimeout$0(TimeoutScheduler.java:85)
	at org.apache.ratis.util.TimeoutScheduler.lambda$onTimeout$1(TimeoutScheduler.java:104)
	at org.apache.ratis.util.LogUtils.runAndLog(LogUtils.java:50)
	at org.apache.ratis.util.LogUtils$1.run(LogUtils.java:91)
	at java.util.concurrent.Executors$RunnableAdapter.call(Executors.java:511)
	at java.util.concurrent.FutureTask.run(FutureTask.java:266)
	at java.util.concurrent.ScheduledThreadPoolExecutor$ScheduledFutureTask.access$201(ScheduledThreadPoolExecutor.java:180)
	at java.util.concurrent.ScheduledThreadPoolExecutor$ScheduledFutureTask.run(ScheduledThreadPoolExecutor.java:293)
	at java.util.concurrent.ThreadPoolExecutor.runWorker(ThreadPoolExecutor.java:1149)
	at java.util.concurrent.ThreadPoolExecutor$Worker.run(ThreadPoolExecutor.java:624)
	at java.lang.Thread.run(Thread.java:748)

Jul 13, 2019 4:35:08 PM org.apache.ratis.thirdparty.io.grpc.internal.ManagedChannelOrphanWrapper$ManagedChannelReference cleanQueue
SEVERE: *~*~*~ Channel ManagedChannelImpl{logId=2522, target=192.168.5.187:44122} was not shutdown properly!!! ~*~*~*
    Make sure to call shutdown()/shutdownNow() and wait until awaitTermination() returns true.
java.lang.RuntimeException: ManagedChannel allocation site
	at org.apache.ratis.thirdparty.io.grpc.internal.ManagedChannelOrphanWrapper$ManagedChannelReference.<init>(ManagedChannelOrphanWrapper.java:103)
	at org.apache.ratis.thirdparty.io.grpc.internal.ManagedChannelOrphanWrapper.<init>(ManagedChannelOrphanWrapper.java:53)
	at org.apache.ratis.thirdparty.io.grpc.internal.ManagedChannelOrphanWrapper.<init>(ManagedChannelOrphanWrapper.java:44)
	at org.apache.ratis.thirdparty.io.grpc.internal.AbstractManagedChannelImplBuilder.build(AbstractManagedChannelImplBuilder.java:411)
	at org.apache.ratis.grpc.client.GrpcClientProtocolClient.<init>(GrpcClientProtocolClient.java:119)
	at org.apache.ratis.grpc.client.GrpcClientRpc.lambda$new$0(GrpcClientRpc.java:55)
	at org.apache.ratis.util.PeerProxyMap$PeerAndProxy.lambda$getProxy$0(PeerProxyMap.java:61)
	at org.apache.ratis.util.LifeCycle.startAndTransition(LifeCycle.java:202)
	at org.apache.ratis.util.PeerProxyMap$PeerAndProxy.getProxy(PeerProxyMap.java:60)
	at org.apache.ratis.util.PeerProxyMap.getProxy(PeerProxyMap.java:107)
	at org.apache.ratis.grpc.client.GrpcClientRpc.sendRequestAsync(GrpcClientRpc.java:66)
	at org.apache.ratis.client.impl.OrderedAsync.sendRequest(OrderedAsync.java:208)
	at org.apache.ratis.client.impl.OrderedAsync.sendRequestWithRetry(OrderedAsync.java:169)
	at org.apache.ratis.util.SlidingWindow$Client.sendOrDelayRequest(SlidingWindow.java:278)
	at org.apache.ratis.util.SlidingWindow$Client.submitNewRequest(SlidingWindow.java:257)
	at org.apache.ratis.client.impl.OrderedAsync.send(OrderedAsync.java:155)
	at org.apache.ratis.client.impl.RaftClientImpl.sendAsync(RaftClientImpl.java:145)
	at org.apache.ratis.client.impl.RaftClientImpl.sendAsync(RaftClientImpl.java:125)
	at org.apache.hadoop.hdds.scm.XceiverClientRatis.sendRequestAsync(XceiverClientRatis.java:224)
	at org.apache.hadoop.hdds.scm.XceiverClientRatis.sendCommandAsync(XceiverClientRatis.java:302)
	at org.apache.hadoop.hdds.scm.storage.ContainerProtocolCalls.writeChunkAsync(ContainerProtocolCalls.java:310)
	at org.apache.hadoop.hdds.scm.storage.BlockOutputStream.writeChunkToContainer(BlockOutputStream.java:610)
	at org.apache.hadoop.hdds.scm.storage.BlockOutputStream.writeChunk(BlockOutputStream.java:467)
	at org.apache.hadoop.hdds.scm.storage.BlockOutputStream.writeOnRetry(BlockOutputStream.java:293)
	at org.apache.hadoop.ozone.client.io.BlockOutputStreamEntry.writeOnRetry(BlockOutputStreamEntry.java:200)
	at org.apache.hadoop.ozone.client.io.KeyOutputStream.handleWrite(KeyOutputStream.java:209)
	at org.apache.hadoop.ozone.client.io.KeyOutputStream.handleRetry(KeyOutputStream.java:376)
	at org.apache.hadoop.ozone.client.io.KeyOutputStream.handleException(KeyOutputStream.java:325)
	at org.apache.hadoop.ozone.client.io.KeyOutputStream.handleFlushOrClose(KeyOutputStream.java:448)
	at org.apache.hadoop.ozone.client.io.KeyOutputStream.handleWrite(KeyOutputStream.java:235)
	at org.apache.hadoop.ozone.client.io.KeyOutputStream.write(KeyOutputStream.java:193)
	at org.apache.hadoop.ozone.client.io.OzoneOutputStream.write(OzoneOutputStream.java:49)
	at java.io.OutputStream.write(OutputStream.java:75)
	at org.apache.hadoop.ozone.client.rpc.TestBlockOutputStreamWithFailures.testWatchForCommitWithSingleNodeRatis(TestBlockOutputStreamWithFailures.java:881)
	at sun.reflect.NativeMethodAccessorImpl.invoke0(Native Method)
	at sun.reflect.NativeMethodAccessorImpl.invoke(NativeMethodAccessorImpl.java:62)
	at sun.reflect.DelegatingMethodAccessorImpl.invoke(DelegatingMethodAccessorImpl.java:43)
	at java.lang.reflect.Method.invoke(Method.java:498)
	at org.junit.runners.model.FrameworkMethod$1.runReflectiveCall(FrameworkMethod.java:47)
	at org.junit.internal.runners.model.ReflectiveCallable.run(ReflectiveCallable.java:12)
	at org.junit.runners.model.FrameworkMethod.invokeExplosively(FrameworkMethod.java:44)
	at org.junit.internal.runners.statements.InvokeMethod.evaluate(InvokeMethod.java:17)
	at org.junit.internal.runners.statements.RunBefores.evaluate(RunBefores.java:26)
	at org.junit.internal.runners.statements.RunAfters.evaluate(RunAfters.java:27)
	at org.junit.runners.ParentRunner.runLeaf(ParentRunner.java:271)
	at org.junit.runners.BlockJUnit4ClassRunner.runChild(BlockJUnit4ClassRunner.java:70)
	at org.junit.runners.BlockJUnit4ClassRunner.runChild(BlockJUnit4ClassRunner.java:50)
	at org.junit.runners.ParentRunner$3.run(ParentRunner.java:238)
	at org.junit.runners.ParentRunner$1.schedule(ParentRunner.java:63)
	at org.junit.runners.ParentRunner.runChildren(ParentRunner.java:236)
	at org.junit.runners.ParentRunner.access$000(ParentRunner.java:53)
	at org.junit.runners.ParentRunner$2.evaluate(ParentRunner.java:229)
	at org.junit.runners.ParentRunner.run(ParentRunner.java:309)
	at org.apache.maven.surefire.junit4.JUnit4Provider.execute(JUnit4Provider.java:365)
	at org.apache.maven.surefire.junit4.JUnit4Provider.executeWithRerun(JUnit4Provider.java:273)
	at org.apache.maven.surefire.junit4.JUnit4Provider.executeTestSet(JUnit4Provider.java:238)
	at org.apache.maven.surefire.junit4.JUnit4Provider.invoke(JUnit4Provider.java:159)
	at org.apache.maven.surefire.booter.ForkedBooter.invokeProviderInSameClassLoader(ForkedBooter.java:384)
	at org.apache.maven.surefire.booter.ForkedBooter.runSuitesInProcess(ForkedBooter.java:345)
	at org.apache.maven.surefire.booter.ForkedBooter.execute(ForkedBooter.java:126)
	at org.apache.maven.surefire.booter.ForkedBooter.main(ForkedBooter.java:418)

]]></system-err>
  </testcase>
  <testcase name="testFailureWithPrimeSizedData" classname="org.apache.hadoop.ozone.client.rpc.TestBlockOutputStreamWithFailures" time="34.215">
    <error type="java.lang.IllegalArgumentException">java.lang.IllegalArgumentException
	at com.google.common.base.Preconditions.checkArgument(Preconditions.java:72)
	at org.apache.hadoop.hdds.scm.XceiverClientManager.acquireClient(XceiverClientManager.java:150)
	at org.apache.hadoop.hdds.scm.XceiverClientManager.acquireClientForReadData(XceiverClientManager.java:143)
	at org.apache.hadoop.hdds.scm.storage.BlockInputStream.getChunkInfos(BlockInputStream.java:154)
	at org.apache.hadoop.hdds.scm.storage.BlockInputStream.initialize(BlockInputStream.java:118)
	at org.apache.hadoop.hdds.scm.storage.BlockInputStream.read(BlockInputStream.java:222)
	at org.apache.hadoop.ozone.client.io.KeyInputStream.read(KeyInputStream.java:171)
	at org.apache.hadoop.ozone.client.io.OzoneInputStream.read(OzoneInputStream.java:47)
	at java.io.InputStream.read(InputStream.java:101)
	at org.apache.hadoop.ozone.container.ContainerTestHelper.validateData(ContainerTestHelper.java:709)
	at org.apache.hadoop.ozone.client.rpc.TestBlockOutputStreamWithFailures.validateData(TestBlockOutputStreamWithFailures.java:1212)
	at org.apache.hadoop.ozone.client.rpc.TestBlockOutputStreamWithFailures.testFailureWithPrimeSizedData(TestBlockOutputStreamWithFailures.java:658)
	at sun.reflect.NativeMethodAccessorImpl.invoke0(Native Method)
	at sun.reflect.NativeMethodAccessorImpl.invoke(NativeMethodAccessorImpl.java:62)
	at sun.reflect.DelegatingMethodAccessorImpl.invoke(DelegatingMethodAccessorImpl.java:43)
	at java.lang.reflect.Method.invoke(Method.java:498)
	at org.junit.runners.model.FrameworkMethod$1.runReflectiveCall(FrameworkMethod.java:47)
	at org.junit.internal.runners.model.ReflectiveCallable.run(ReflectiveCallable.java:12)
	at org.junit.runners.model.FrameworkMethod.invokeExplosively(FrameworkMethod.java:44)
	at org.junit.internal.runners.statements.InvokeMethod.evaluate(InvokeMethod.java:17)
	at org.junit.internal.runners.statements.RunBefores.evaluate(RunBefores.java:26)
	at org.junit.internal.runners.statements.RunAfters.evaluate(RunAfters.java:27)
	at org.junit.runners.ParentRunner.runLeaf(ParentRunner.java:271)
	at org.junit.runners.BlockJUnit4ClassRunner.runChild(BlockJUnit4ClassRunner.java:70)
	at org.junit.runners.BlockJUnit4ClassRunner.runChild(BlockJUnit4ClassRunner.java:50)
	at org.junit.runners.ParentRunner$3.run(ParentRunner.java:238)
	at org.junit.runners.ParentRunner$1.schedule(ParentRunner.java:63)
	at org.junit.runners.ParentRunner.runChildren(ParentRunner.java:236)
	at org.junit.runners.ParentRunner.access$000(ParentRunner.java:53)
	at org.junit.runners.ParentRunner$2.evaluate(ParentRunner.java:229)
	at org.junit.runners.ParentRunner.run(ParentRunner.java:309)
	at org.apache.maven.surefire.junit4.JUnit4Provider.execute(JUnit4Provider.java:365)
	at org.apache.maven.surefire.junit4.JUnit4Provider.executeWithRerun(JUnit4Provider.java:273)
	at org.apache.maven.surefire.junit4.JUnit4Provider.executeTestSet(JUnit4Provider.java:238)
	at org.apache.maven.surefire.junit4.JUnit4Provider.invoke(JUnit4Provider.java:159)
	at org.apache.maven.surefire.booter.ForkedBooter.invokeProviderInSameClassLoader(ForkedBooter.java:384)
	at org.apache.maven.surefire.booter.ForkedBooter.runSuitesInProcess(ForkedBooter.java:345)
	at org.apache.maven.surefire.booter.ForkedBooter.execute(ForkedBooter.java:126)
	at org.apache.maven.surefire.booter.ForkedBooter.main(ForkedBooter.java:418)
</error>
    <system-out><![CDATA[2019-07-13 16:35:36,725 WARN  server.ServerUtils (ServerUtils.java:getScmDbDir(145)) - ozone.scm.db.dirs is not configured. We recommend adding this setting. Falling back to ozone.metadata.dirs instead.
2019-07-13 16:35:36,751 WARN  server.ServerUtils (ServerUtils.java:getScmDbDir(145)) - ozone.scm.db.dirs is not configured. We recommend adding this setting. Falling back to ozone.metadata.dirs instead.
2019-07-13 16:35:36,752 WARN  server.ServerUtils (ServerUtils.java:getScmDbDir(145)) - ozone.scm.db.dirs is not configured. We recommend adding this setting. Falling back to ozone.metadata.dirs instead.
2019-07-13 16:35:36,752 INFO  db.DBStoreBuilder (DBStoreBuilder.java:addTable(110)) - using custom profile for table: deletedBlocks
2019-07-13 16:35:36,752 INFO  db.DBStoreBuilder (DBStoreBuilder.java:processTables(161)) - Using default column profile:DBProfile.DISK for Table:deletedBlocks
2019-07-13 16:35:36,753 INFO  db.DBStoreBuilder (DBStoreBuilder.java:addTable(110)) - using custom profile for table: validCerts
2019-07-13 16:35:36,753 INFO  db.DBStoreBuilder (DBStoreBuilder.java:processTables(161)) - Using default column profile:DBProfile.DISK for Table:validCerts
2019-07-13 16:35:36,753 INFO  db.DBStoreBuilder (DBStoreBuilder.java:addTable(110)) - using custom profile for table: revokedCerts
2019-07-13 16:35:36,754 INFO  db.DBStoreBuilder (DBStoreBuilder.java:processTables(161)) - Using default column profile:DBProfile.DISK for Table:revokedCerts
2019-07-13 16:35:36,754 INFO  db.DBStoreBuilder (DBStoreBuilder.java:addTable(110)) - using custom profile for table: default
2019-07-13 16:35:36,754 INFO  db.DBStoreBuilder (DBStoreBuilder.java:processTables(167)) - Using default column profile:DBProfile.DISK for Table:default
2019-07-13 16:35:36,755 INFO  db.DBStoreBuilder (DBStoreBuilder.java:getDbProfile(198)) - Using default options. DBProfile.DISK
2019-07-13 16:35:36,910 INFO  net.NodeSchemaLoader (NodeSchemaLoader.java:loadSchemaFromFile(125)) - Loading file from sun.misc.CompoundEnumeration@1f1b69bb
2019-07-13 16:35:36,910 INFO  net.NodeSchemaLoader (NodeSchemaLoader.java:loadSchema(171)) - Loading network topology layer schema file
2019-07-13 16:35:36,916 INFO  node.SCMNodeManager (SCMNodeManager.java:<init>(119)) - Entering startup safe mode.
2019-07-13 16:35:36,917 WARN  server.ServerUtils (ServerUtils.java:getScmDbDir(145)) - ozone.scm.db.dirs is not configured. We recommend adding this setting. Falling back to ozone.metadata.dirs instead.
2019-07-13 16:35:36,948 INFO  pipeline.SCMPipelineManager (SCMPipelineManager.java:initializePipelineState(126)) - No pipeline exists in current db
2019-07-13 16:35:36,948 WARN  server.ServerUtils (ServerUtils.java:getScmDbDir(145)) - ozone.scm.db.dirs is not configured. We recommend adding this setting. Falling back to ozone.metadata.dirs instead.
2019-07-13 16:35:36,980 WARN  events.EventQueue (EventQueue.java:fireEvent(175)) - No event handler registered for event TypedEvent{payloadType=SafeModeStatus, name='SafeModeStatus'}
2019-07-13 16:35:36,981 INFO  ipc.CallQueueManager (CallQueueManager.java:<init>(84)) - Using callQueue: class java.util.concurrent.LinkedBlockingQueue, queueCapacity: 2000, scheduler: class org.apache.hadoop.ipc.DefaultRpcScheduler, ipcBackoff: false.
2019-07-13 16:35:36,982 INFO  ipc.Server (Server.java:run(1074)) - Starting Socket Reader #1 for port 34560
2019-07-13 16:35:36,984 INFO  ipc.CallQueueManager (CallQueueManager.java:<init>(84)) - Using callQueue: class java.util.concurrent.LinkedBlockingQueue, queueCapacity: 2000, scheduler: class org.apache.hadoop.ipc.DefaultRpcScheduler, ipcBackoff: false.
2019-07-13 16:35:36,985 INFO  ipc.Server (Server.java:run(1074)) - Starting Socket Reader #1 for port 33444
2019-07-13 16:35:36,986 INFO  ipc.CallQueueManager (CallQueueManager.java:<init>(84)) - Using callQueue: class java.util.concurrent.LinkedBlockingQueue, queueCapacity: 2000, scheduler: class org.apache.hadoop.ipc.DefaultRpcScheduler, ipcBackoff: false.
2019-07-13 16:35:36,987 INFO  ipc.Server (Server.java:run(1074)) - Starting Socket Reader #1 for port 35949
2019-07-13 16:35:36,991 INFO  hdfs.DFSUtil (DFSUtil.java:httpServerTemplateForNNAndJN(1641)) - Starting Web-server for scm at: http://0.0.0.0:0
2019-07-13 16:35:36,996 INFO  server.AuthenticationFilter (AuthenticationFilter.java:constructSecretProvider(240)) - Unable to initialize FileSignerSecretProvider, falling back to use random secrets.
2019-07-13 16:35:36,996 WARN  http.HttpRequestLog (HttpRequestLog.java:getRequestLog(97)) - Jetty request log can only be enabled using Log4j
2019-07-13 16:35:36,998 INFO  http.HttpServer2 (HttpServer2.java:addGlobalFilter(975)) - Added global filter 'safety' (class=org.apache.hadoop.http.HttpServer2$QuotingInputFilter)
2019-07-13 16:35:36,999 INFO  http.HttpServer2 (HttpServer2.java:addFilter(948)) - Added filter static_user_filter (class=org.apache.hadoop.http.lib.StaticUserWebFilter$StaticUserFilter) to context scm
2019-07-13 16:35:36,999 INFO  http.HttpServer2 (HttpServer2.java:addFilter(958)) - Added filter static_user_filter (class=org.apache.hadoop.http.lib.StaticUserWebFilter$StaticUserFilter) to context logs
2019-07-13 16:35:36,999 INFO  http.HttpServer2 (HttpServer2.java:addFilter(958)) - Added filter static_user_filter (class=org.apache.hadoop.http.lib.StaticUserWebFilter$StaticUserFilter) to context static
2019-07-13 16:35:37,001 INFO  server.StorageContainerManager (StorageContainerManager.java:start(759)) - StorageContainerLocationProtocol RPC server is listening at /0.0.0.0:35949
2019-07-13 16:35:37,004 WARN  impl.MetricsConfig (MetricsConfig.java:loadFirst(134)) - Cannot locate configuration: tried hadoop-metrics2-storagecontainermanager.properties,hadoop-metrics2.properties
2019-07-13 16:35:37,005 INFO  impl.MetricsSystemImpl (MetricsSystemImpl.java:startTimer(374)) - Scheduled Metric snapshot period at 10 second(s).
2019-07-13 16:35:37,005 INFO  impl.MetricsSystemImpl (MetricsSystemImpl.java:start(191)) - StorageContainerManager metrics system started
2019-07-13 16:35:37,063 INFO  server.SCMClientProtocolServer (SCMClientProtocolServer.java:start(149)) - RPC server for Client  is listening at /0.0.0.0:35949
2019-07-13 16:35:37,064 INFO  ipc.Server (Server.java:run(1314)) - IPC Server Responder: starting
2019-07-13 16:35:37,064 INFO  ipc.Server (Server.java:run(1153)) - IPC Server listener on 35949: starting
2019-07-13 16:35:37,068 INFO  server.StorageContainerManager (StorageContainerManager.java:start(768)) - ScmBlockLocationProtocol RPC server is listening at /0.0.0.0:33444
2019-07-13 16:35:37,068 INFO  server.SCMBlockProtocolServer (SCMBlockProtocolServer.java:start(140)) - RPC server for Block Protocol is listening at /0.0.0.0:33444
2019-07-13 16:35:37,069 INFO  ipc.Server (Server.java:run(1314)) - IPC Server Responder: starting
2019-07-13 16:35:37,069 INFO  ipc.Server (Server.java:run(1153)) - IPC Server listener on 33444: starting
2019-07-13 16:35:37,073 INFO  server.StorageContainerManager (StorageContainerManager.java:start(772)) - ScmDatanodeProtocl RPC server is listening at /0.0.0.0:34560
2019-07-13 16:35:37,073 INFO  server.SCMDatanodeProtocolServer (SCMDatanodeProtocolServer.java:start(191)) - RPC server for DataNodes is listening at /0.0.0.0:34560
2019-07-13 16:35:37,073 INFO  ipc.Server (Server.java:run(1314)) - IPC Server Responder: starting
2019-07-13 16:35:37,074 INFO  ipc.Server (Server.java:run(1153)) - IPC Server listener on 34560: starting
2019-07-13 16:35:37,078 INFO  http.HttpServer2 (HttpServer2.java:bindListener(1191)) - Jetty bound to port 34404
2019-07-13 16:35:37,078 INFO  server.Server (Server.java:doStart(351)) - jetty-9.3.24.v20180605, build timestamp: 2018-06-05T17:11:56Z, git hash: 84205aa28f11a4f31f2a3b86d1bba2cc8ab69827
2019-07-13 16:35:37,080 INFO  handler.ContextHandler (ContextHandler.java:doStart(781)) - Started o.e.j.s.ServletContextHandler@117e9a56{/logs,file:///tmp/workdir/hadoop-ozone/integration-test/target/log,AVAILABLE}
2019-07-13 16:35:37,081 INFO  handler.ContextHandler (ContextHandler.java:doStart(781)) - Started o.e.j.s.ServletContextHandler@443819d5{/static,file:///tmp/workdir/hadoop-ozone/integration-test/target/test-classes/webapps/static,AVAILABLE}
2019-07-13 16:35:37,085 INFO  handler.ContextHandler (ContextHandler.java:doStart(781)) - Started o.e.j.w.WebAppContext@3cdafb82{/,file:///tmp/workdir/hadoop-ozone/integration-test/target/test-classes/webapps/scm/,AVAILABLE}{/scm}
2019-07-13 16:35:37,085 INFO  server.AbstractConnector (AbstractConnector.java:doStart(278)) - Started ServerConnector@28f663de{HTTP/1.1,[http/1.1]}{0.0.0.0:34404}
2019-07-13 16:35:37,086 INFO  server.Server (Server.java:doStart(419)) - Started @560564ms
2019-07-13 16:35:37,087 INFO  server.BaseHttpServer (BaseHttpServer.java:updateConnectorAddress(207)) - HTTP server of SCM is listening at http://0.0.0.0:34404
2019-07-13 16:35:37,088 WARN  server.ServerUtils (ServerUtils.java:getDBPath(222)) - ozone.om.db.dirs is not configured. We recommend adding this setting. Falling back to ozone.metadata.dirs instead.
2019-07-13 16:35:37,089 INFO  util.JvmPauseMonitor (JvmPauseMonitor.java:run(188)) - Starting JVM pause monitor
2019-07-13 16:35:37,094 WARN  server.ServerUtils (ServerUtils.java:getDBPath(222)) - ozone.om.db.dirs is not configured. We recommend adding this setting. Falling back to ozone.metadata.dirs instead.
2019-07-13 16:35:37,095 INFO  om.OzoneManager (OzoneManager.java:setOMNodeDetails(630)) - OM Service ID is not set. Setting it to the default ID: omServiceIdDefault
2019-07-13 16:35:37,095 INFO  om.OzoneManager (OzoneManager.java:setOMNodeDetails(636)) - OM Node ID is not set. Setting it to the OmStorage's OmID: b8d41136-6dbd-455c-9f9f-34096fb146c7
2019-07-13 16:35:37,095 INFO  om.OzoneManager (OzoneManager.java:loadOMHAConfigs(587)) - Found matching OM address with OMServiceId: null, OMNodeId: null, RPC Address: localhost:0 and Ratis port: 9872
2019-07-13 16:35:37,101 WARN  server.ServerUtils (ServerUtils.java:getDBPath(222)) - ozone.om.db.dirs is not configured. We recommend adding this setting. Falling back to ozone.metadata.dirs instead.
2019-07-13 16:35:37,102 INFO  db.DBStoreBuilder (DBStoreBuilder.java:addTable(110)) - using custom profile for table: userTable
2019-07-13 16:35:37,102 INFO  db.DBStoreBuilder (DBStoreBuilder.java:processTables(161)) - Using default column profile:DBProfile.DISK for Table:userTable
2019-07-13 16:35:37,102 INFO  db.DBStoreBuilder (DBStoreBuilder.java:addTable(110)) - using custom profile for table: volumeTable
2019-07-13 16:35:37,103 INFO  db.DBStoreBuilder (DBStoreBuilder.java:processTables(161)) - Using default column profile:DBProfile.DISK for Table:volumeTable
2019-07-13 16:35:37,103 INFO  db.DBStoreBuilder (DBStoreBuilder.java:addTable(110)) - using custom profile for table: bucketTable
2019-07-13 16:35:37,103 INFO  db.DBStoreBuilder (DBStoreBuilder.java:processTables(161)) - Using default column profile:DBProfile.DISK for Table:bucketTable
2019-07-13 16:35:37,103 INFO  db.DBStoreBuilder (DBStoreBuilder.java:addTable(110)) - using custom profile for table: keyTable
2019-07-13 16:35:37,104 INFO  db.DBStoreBuilder (DBStoreBuilder.java:processTables(161)) - Using default column profile:DBProfile.DISK for Table:keyTable
2019-07-13 16:35:37,104 INFO  db.DBStoreBuilder (DBStoreBuilder.java:addTable(110)) - using custom profile for table: deletedTable
2019-07-13 16:35:37,104 INFO  db.DBStoreBuilder (DBStoreBuilder.java:processTables(161)) - Using default column profile:DBProfile.DISK for Table:deletedTable
2019-07-13 16:35:37,104 INFO  db.DBStoreBuilder (DBStoreBuilder.java:addTable(110)) - using custom profile for table: openKeyTable
2019-07-13 16:35:37,105 INFO  db.DBStoreBuilder (DBStoreBuilder.java:processTables(161)) - Using default column profile:DBProfile.DISK for Table:openKeyTable
2019-07-13 16:35:37,105 INFO  db.DBStoreBuilder (DBStoreBuilder.java:addTable(110)) - using custom profile for table: s3Table
2019-07-13 16:35:37,105 INFO  db.DBStoreBuilder (DBStoreBuilder.java:processTables(161)) - Using default column profile:DBProfile.DISK for Table:s3Table
2019-07-13 16:35:37,105 INFO  db.DBStoreBuilder (DBStoreBuilder.java:addTable(110)) - using custom profile for table: multipartInfoTable
2019-07-13 16:35:37,106 INFO  db.DBStoreBuilder (DBStoreBuilder.java:processTables(161)) - Using default column profile:DBProfile.DISK for Table:multipartInfoTable
2019-07-13 16:35:37,106 INFO  db.DBStoreBuilder (DBStoreBuilder.java:addTable(110)) - using custom profile for table: dTokenTable
2019-07-13 16:35:37,106 INFO  db.DBStoreBuilder (DBStoreBuilder.java:processTables(161)) - Using default column profile:DBProfile.DISK for Table:dTokenTable
2019-07-13 16:35:37,106 INFO  db.DBStoreBuilder (DBStoreBuilder.java:addTable(110)) - using custom profile for table: s3SecretTable
2019-07-13 16:35:37,107 INFO  db.DBStoreBuilder (DBStoreBuilder.java:processTables(161)) - Using default column profile:DBProfile.DISK for Table:s3SecretTable
2019-07-13 16:35:37,107 INFO  db.DBStoreBuilder (DBStoreBuilder.java:addTable(110)) - using custom profile for table: prefixTable
2019-07-13 16:35:37,107 INFO  db.DBStoreBuilder (DBStoreBuilder.java:processTables(161)) - Using default column profile:DBProfile.DISK for Table:prefixTable
2019-07-13 16:35:37,107 INFO  db.DBStoreBuilder (DBStoreBuilder.java:addTable(110)) - using custom profile for table: default
2019-07-13 16:35:37,108 INFO  db.DBStoreBuilder (DBStoreBuilder.java:processTables(167)) - Using default column profile:DBProfile.DISK for Table:default
2019-07-13 16:35:37,108 INFO  db.DBStoreBuilder (DBStoreBuilder.java:getDbProfile(198)) - Using default options. DBProfile.DISK
2019-07-13 16:35:37,466 INFO  ipc.CallQueueManager (CallQueueManager.java:<init>(84)) - Using callQueue: class java.util.concurrent.LinkedBlockingQueue, queueCapacity: 2000, scheduler: class org.apache.hadoop.ipc.DefaultRpcScheduler, ipcBackoff: false.
2019-07-13 16:35:37,467 INFO  ipc.Server (Server.java:run(1074)) - Starting Socket Reader #1 for port 37671
2019-07-13 16:35:37,485 WARN  server.ServerUtils (ServerUtils.java:getDBPath(222)) - ozone.om.db.dirs is not configured. We recommend adding this setting. Falling back to ozone.metadata.dirs instead.
2019-07-13 16:35:37,485 INFO  om.OzoneManager (OzoneManager.java:start(1228)) - OzoneManager RPC server is listening at localhost/127.0.0.1:37671
2019-07-13 16:35:37,486 INFO  impl.MetricsSystemImpl (MetricsSystemImpl.java:init(158)) - OzoneManager metrics system started (again)
2019-07-13 16:35:37,487 INFO  ipc.Server (Server.java:run(1314)) - IPC Server Responder: starting
2019-07-13 16:35:37,487 INFO  ipc.Server (Server.java:run(1153)) - IPC Server listener on 37671: starting
2019-07-13 16:35:37,498 INFO  hdfs.DFSUtil (DFSUtil.java:httpServerTemplateForNNAndJN(1641)) - Starting Web-server for ozoneManager at: http://0.0.0.0:0
2019-07-13 16:35:37,500 INFO  server.AuthenticationFilter (AuthenticationFilter.java:constructSecretProvider(240)) - Unable to initialize FileSignerSecretProvider, falling back to use random secrets.
2019-07-13 16:35:37,501 WARN  http.HttpRequestLog (HttpRequestLog.java:getRequestLog(97)) - Jetty request log can only be enabled using Log4j
2019-07-13 16:35:37,503 INFO  http.HttpServer2 (HttpServer2.java:addGlobalFilter(975)) - Added global filter 'safety' (class=org.apache.hadoop.http.HttpServer2$QuotingInputFilter)
2019-07-13 16:35:37,504 INFO  http.HttpServer2 (HttpServer2.java:addFilter(948)) - Added filter static_user_filter (class=org.apache.hadoop.http.lib.StaticUserWebFilter$StaticUserFilter) to context ozoneManager
2019-07-13 16:35:37,504 INFO  http.HttpServer2 (HttpServer2.java:addFilter(958)) - Added filter static_user_filter (class=org.apache.hadoop.http.lib.StaticUserWebFilter$StaticUserFilter) to context logs
2019-07-13 16:35:37,504 INFO  http.HttpServer2 (HttpServer2.java:addFilter(958)) - Added filter static_user_filter (class=org.apache.hadoop.http.lib.StaticUserWebFilter$StaticUserFilter) to context static
2019-07-13 16:35:37,505 INFO  http.HttpServer2 (HttpServer2.java:bindListener(1191)) - Jetty bound to port 37722
2019-07-13 16:35:37,505 INFO  server.Server (Server.java:doStart(351)) - jetty-9.3.24.v20180605, build timestamp: 2018-06-05T17:11:56Z, git hash: 84205aa28f11a4f31f2a3b86d1bba2cc8ab69827
2019-07-13 16:35:37,507 INFO  handler.ContextHandler (ContextHandler.java:doStart(781)) - Started o.e.j.s.ServletContextHandler@97842a0{/logs,file:///tmp/workdir/hadoop-ozone/integration-test/target/log,AVAILABLE}
2019-07-13 16:35:37,508 INFO  handler.ContextHandler (ContextHandler.java:doStart(781)) - Started o.e.j.s.ServletContextHandler@41628b4f{/static,file:///tmp/workdir/hadoop-ozone/integration-test/target/test-classes/webapps/static,AVAILABLE}
2019-07-13 16:35:37,513 INFO  handler.ContextHandler (ContextHandler.java:doStart(781)) - Started o.e.j.w.WebAppContext@672710d5{/,file:///tmp/workdir/hadoop-ozone/integration-test/target/test-classes/webapps/ozoneManager/,AVAILABLE}{/ozoneManager}
2019-07-13 16:35:37,514 INFO  server.AbstractConnector (AbstractConnector.java:doStart(278)) - Started ServerConnector@55880c{HTTP/1.1,[http/1.1]}{0.0.0.0:37722}
2019-07-13 16:35:37,515 INFO  server.Server (Server.java:doStart(419)) - Started @560992ms
2019-07-13 16:35:37,516 INFO  server.BaseHttpServer (BaseHttpServer.java:updateConnectorAddress(207)) - HTTP server of OZONEMANAGER is listening at http://0.0.0.0:37722
2019-07-13 16:35:37,533 INFO  impl.MetricsSystemImpl (MetricsSystemImpl.java:init(158)) - HddsDatanode metrics system started (again)
2019-07-13 16:35:37,533 INFO  ozone.HddsDatanodeService (HddsDatanodeService.java:start(185)) - HddsDatanodeService host:trunk-nightly-z92hn-1831959607 ip:192.168.5.187
2019-07-13 16:35:37,546 INFO  volume.HddsVolume (HddsVolume.java:<init>(176)) - Creating Volume: /tmp/workdir/hadoop-ozone/integration-test/target/test-dir/MiniOzoneClusterImpl-7cdf904c-cbcd-4688-ac37-82b6c94e7bff/datanode-0/data/containers/hdds of  storage type : DISK and capacity : 52710309888
2019-07-13 16:35:37,546 INFO  volume.VolumeSet (VolumeSet.java:initializeVolumeSet(170)) - Added Volume : /tmp/workdir/hadoop-ozone/integration-test/target/test-dir/MiniOzoneClusterImpl-7cdf904c-cbcd-4688-ac37-82b6c94e7bff/datanode-0/data/containers/hdds to VolumeSet
2019-07-13 16:35:37,546 INFO  volume.ThrottledAsyncChecker (ThrottledAsyncChecker.java:schedule(140)) - Scheduling a check for org.apache.hadoop.ozone.container.common.volume.HddsVolume@17eb5661
2019-07-13 16:35:37,547 INFO  volume.HddsVolumeChecker (HddsVolumeChecker.java:checkAllVolumes(203)) - Scheduled health check for volume org.apache.hadoop.ozone.container.common.volume.HddsVolume@17eb5661
2019-07-13 16:35:37,566 INFO  impl.RaftServerProxy (ConfUtils.java:logGet(43)) - raft.rpc.type = GRPC (default)
2019-07-13 16:35:37,567 INFO  grpc.GrpcFactory (GrpcFactory.java:checkPooledByteBufAllocatorUseCacheForAllThreads(45)) - PERFORMANCE WARNING: useCacheForAllThreads is true that may cause Netty to create a lot garbage objects and, as a result, trigger GC.
	It is recommended to disable useCacheForAllThreads by setting -Dorg.apache.ratis.thirdparty.io.netty.allocator.useCacheForAllThreads=false in command line.
2019-07-13 16:35:37,567 INFO  grpc.GrpcConfigKeys$Server (ConfUtils.java:logGet(43)) - raft.grpc.server.port = 0 (default)
2019-07-13 16:35:37,567 INFO  server.GrpcService (ConfUtils.java:logGet(43)) - raft.grpc.message.size.max = 33570816 (custom)
2019-07-13 16:35:37,568 INFO  server.RaftServerConfigKeys (ConfUtils.java:logGet(43)) - raft.server.log.appender.buffer.byte-limit = 33554432 (custom)
2019-07-13 16:35:37,568 INFO  server.GrpcService (ConfUtils.java:logGet(43)) - raft.grpc.flow.control.window = 1MB (=1048576) (default)
2019-07-13 16:35:37,568 INFO  server.RaftServerConfigKeys (ConfUtils.java:logGet(43)) - raft.server.rpc.request.timeout = 3000ms (default)
2019-07-13 16:35:37,569 INFO  server.RaftServerConfigKeys (ConfUtils.java:logGet(43)) - raft.server.storage.dir = [/tmp/workdir/hadoop-ozone/integration-test/target/test-dir/MiniOzoneClusterImpl-7cdf904c-cbcd-4688-ac37-82b6c94e7bff/datanode-0/data/ratis] (custom)
2019-07-13 16:35:37,570 INFO  replication.SimpleContainerDownloader (SimpleContainerDownloader.java:<init>(72)) - Starting container downloader service to copy containers to replicate.
2019-07-13 16:35:37,571 INFO  hdfs.DFSUtil (DFSUtil.java:httpServerTemplateForNNAndJN(1641)) - Starting Web-server for hddsDatanode at: http://0.0.0.0:0
2019-07-13 16:35:37,572 INFO  server.AuthenticationFilter (AuthenticationFilter.java:constructSecretProvider(240)) - Unable to initialize FileSignerSecretProvider, falling back to use random secrets.
2019-07-13 16:35:37,573 WARN  http.HttpRequestLog (HttpRequestLog.java:getRequestLog(97)) - Jetty request log can only be enabled using Log4j
2019-07-13 16:35:37,574 INFO  http.HttpServer2 (HttpServer2.java:addGlobalFilter(975)) - Added global filter 'safety' (class=org.apache.hadoop.http.HttpServer2$QuotingInputFilter)
2019-07-13 16:35:37,575 INFO  http.HttpServer2 (HttpServer2.java:addFilter(948)) - Added filter static_user_filter (class=org.apache.hadoop.http.lib.StaticUserWebFilter$StaticUserFilter) to context hddsDatanode
2019-07-13 16:35:37,575 INFO  http.HttpServer2 (HttpServer2.java:addFilter(958)) - Added filter static_user_filter (class=org.apache.hadoop.http.lib.StaticUserWebFilter$StaticUserFilter) to context logs
2019-07-13 16:35:37,575 INFO  http.HttpServer2 (HttpServer2.java:addFilter(958)) - Added filter static_user_filter (class=org.apache.hadoop.http.lib.StaticUserWebFilter$StaticUserFilter) to context static
2019-07-13 16:35:37,576 INFO  http.HttpServer2 (HttpServer2.java:bindListener(1191)) - Jetty bound to port 40335
2019-07-13 16:35:37,576 INFO  server.Server (Server.java:doStart(351)) - jetty-9.3.24.v20180605, build timestamp: 2018-06-05T17:11:56Z, git hash: 84205aa28f11a4f31f2a3b86d1bba2cc8ab69827
2019-07-13 16:35:37,578 INFO  handler.ContextHandler (ContextHandler.java:doStart(781)) - Started o.e.j.s.ServletContextHandler@7296675e{/logs,file:///tmp/workdir/hadoop-ozone/integration-test/target/log,AVAILABLE}
2019-07-13 16:35:37,578 INFO  handler.ContextHandler (ContextHandler.java:doStart(781)) - Started o.e.j.s.ServletContextHandler@57be0d93{/static,jar:file:/home/user/.m2/repository/org/apache/hadoop/hadoop-hdds-container-service/0.5.0-SNAPSHOT/hadoop-hdds-container-service-0.5.0-SNAPSHOT.jar!/webapps/static,AVAILABLE}
2019-07-13 16:35:37,612 INFO  handler.ContextHandler (ContextHandler.java:doStart(781)) - Started o.e.j.w.WebAppContext@7b13ae73{/,file:///tmp/jetty-0.0.0.0-40335-hddsDatanode-_-any-4520071037881836755.dir/webapp/,AVAILABLE}{/hddsDatanode}
2019-07-13 16:35:37,613 INFO  server.AbstractConnector (AbstractConnector.java:doStart(278)) - Started ServerConnector@2dbfb843{HTTP/1.1,[http/1.1]}{0.0.0.0:40335}
2019-07-13 16:35:37,614 INFO  server.Server (Server.java:doStart(419)) - Started @561091ms
2019-07-13 16:35:37,614 INFO  server.BaseHttpServer (BaseHttpServer.java:updateConnectorAddress(207)) - HTTP server of HDDSDATANODE is listening at http://0.0.0.0:40335
2019-07-13 16:35:37,723 INFO  ozone.HddsDatanodeService (HddsDatanodeService.java:startPlugins(396)) - Started plug-in org.apache.hadoop.ozone.web.OzoneHddsDatanodeService@5d571179
2019-07-13 16:35:37,723 INFO  impl.MetricsSystemImpl (MetricsSystemImpl.java:init(158)) - HddsDatanode metrics system started (again)
2019-07-13 16:35:37,723 INFO  ozone.HddsDatanodeService (HddsDatanodeService.java:start(185)) - HddsDatanodeService host:trunk-nightly-z92hn-1831959607 ip:192.168.5.187
2019-07-13 16:35:37,725 INFO  util.JvmPauseMonitor (JvmPauseMonitor.java:run(188)) - Starting JVM pause monitor
2019-07-13 16:35:37,726 INFO  datanode.InitDatanodeState (InitDatanodeState.java:persistContainerDatanodeDetails(140)) - DatanodeDetails is persisted to /tmp/workdir/hadoop-ozone/integration-test/target/test-dir/MiniOzoneClusterImpl-7cdf904c-cbcd-4688-ac37-82b6c94e7bff/datanode-0/meta/datanode.id
2019-07-13 16:35:37,734 INFO  volume.HddsVolume (HddsVolume.java:<init>(176)) - Creating Volume: /tmp/workdir/hadoop-ozone/integration-test/target/test-dir/MiniOzoneClusterImpl-7cdf904c-cbcd-4688-ac37-82b6c94e7bff/datanode-1/data/containers/hdds of  storage type : DISK and capacity : 52710309888
2019-07-13 16:35:37,734 INFO  volume.VolumeSet (VolumeSet.java:initializeVolumeSet(170)) - Added Volume : /tmp/workdir/hadoop-ozone/integration-test/target/test-dir/MiniOzoneClusterImpl-7cdf904c-cbcd-4688-ac37-82b6c94e7bff/datanode-1/data/containers/hdds to VolumeSet
2019-07-13 16:35:37,735 INFO  volume.ThrottledAsyncChecker (ThrottledAsyncChecker.java:schedule(140)) - Scheduling a check for org.apache.hadoop.ozone.container.common.volume.HddsVolume@3d0f2154
2019-07-13 16:35:37,735 INFO  volume.HddsVolumeChecker (HddsVolumeChecker.java:checkAllVolumes(203)) - Scheduled health check for volume org.apache.hadoop.ozone.container.common.volume.HddsVolume@3d0f2154
2019-07-13 16:35:37,759 INFO  impl.RaftServerProxy (ConfUtils.java:logGet(43)) - raft.rpc.type = GRPC (default)
2019-07-13 16:35:37,759 INFO  grpc.GrpcFactory (GrpcFactory.java:checkPooledByteBufAllocatorUseCacheForAllThreads(45)) - PERFORMANCE WARNING: useCacheForAllThreads is true that may cause Netty to create a lot garbage objects and, as a result, trigger GC.
	It is recommended to disable useCacheForAllThreads by setting -Dorg.apache.ratis.thirdparty.io.netty.allocator.useCacheForAllThreads=false in command line.
2019-07-13 16:35:37,759 INFO  grpc.GrpcConfigKeys$Server (ConfUtils.java:logGet(43)) - raft.grpc.server.port = 0 (default)
2019-07-13 16:35:37,759 INFO  server.GrpcService (ConfUtils.java:logGet(43)) - raft.grpc.message.size.max = 33570816 (custom)
2019-07-13 16:35:37,760 INFO  server.RaftServerConfigKeys (ConfUtils.java:logGet(43)) - raft.server.log.appender.buffer.byte-limit = 33554432 (custom)
2019-07-13 16:35:37,760 INFO  server.GrpcService (ConfUtils.java:logGet(43)) - raft.grpc.flow.control.window = 1MB (=1048576) (default)
2019-07-13 16:35:37,760 INFO  server.RaftServerConfigKeys (ConfUtils.java:logGet(43)) - raft.server.rpc.request.timeout = 3000ms (default)
2019-07-13 16:35:37,761 INFO  server.RaftServerConfigKeys (ConfUtils.java:logGet(43)) - raft.server.storage.dir = [/tmp/workdir/hadoop-ozone/integration-test/target/test-dir/MiniOzoneClusterImpl-7cdf904c-cbcd-4688-ac37-82b6c94e7bff/datanode-1/data/ratis] (custom)
2019-07-13 16:35:37,761 INFO  replication.SimpleContainerDownloader (SimpleContainerDownloader.java:<init>(72)) - Starting container downloader service to copy containers to replicate.
2019-07-13 16:35:37,763 INFO  hdfs.DFSUtil (DFSUtil.java:httpServerTemplateForNNAndJN(1641)) - Starting Web-server for hddsDatanode at: http://0.0.0.0:0
2019-07-13 16:35:37,764 INFO  server.AuthenticationFilter (AuthenticationFilter.java:constructSecretProvider(240)) - Unable to initialize FileSignerSecretProvider, falling back to use random secrets.
2019-07-13 16:35:37,765 WARN  http.HttpRequestLog (HttpRequestLog.java:getRequestLog(97)) - Jetty request log can only be enabled using Log4j
2019-07-13 16:35:37,767 INFO  http.HttpServer2 (HttpServer2.java:addGlobalFilter(975)) - Added global filter 'safety' (class=org.apache.hadoop.http.HttpServer2$QuotingInputFilter)
2019-07-13 16:35:37,767 INFO  http.HttpServer2 (HttpServer2.java:addFilter(948)) - Added filter static_user_filter (class=org.apache.hadoop.http.lib.StaticUserWebFilter$StaticUserFilter) to context hddsDatanode
2019-07-13 16:35:37,768 INFO  http.HttpServer2 (HttpServer2.java:addFilter(958)) - Added filter static_user_filter (class=org.apache.hadoop.http.lib.StaticUserWebFilter$StaticUserFilter) to context logs
2019-07-13 16:35:37,768 INFO  http.HttpServer2 (HttpServer2.java:addFilter(958)) - Added filter static_user_filter (class=org.apache.hadoop.http.lib.StaticUserWebFilter$StaticUserFilter) to context static
2019-07-13 16:35:37,769 INFO  http.HttpServer2 (HttpServer2.java:bindListener(1191)) - Jetty bound to port 42387
2019-07-13 16:35:37,769 INFO  server.Server (Server.java:doStart(351)) - jetty-9.3.24.v20180605, build timestamp: 2018-06-05T17:11:56Z, git hash: 84205aa28f11a4f31f2a3b86d1bba2cc8ab69827
2019-07-13 16:35:37,771 INFO  handler.ContextHandler (ContextHandler.java:doStart(781)) - Started o.e.j.s.ServletContextHandler@6fca831e{/logs,file:///tmp/workdir/hadoop-ozone/integration-test/target/log,AVAILABLE}
2019-07-13 16:35:37,772 INFO  handler.ContextHandler (ContextHandler.java:doStart(781)) - Started o.e.j.s.ServletContextHandler@31b11287{/static,jar:file:/home/user/.m2/repository/org/apache/hadoop/hadoop-hdds-container-service/0.5.0-SNAPSHOT/hadoop-hdds-container-service-0.5.0-SNAPSHOT.jar!/webapps/static,AVAILABLE}
2019-07-13 16:35:37,815 INFO  handler.ContextHandler (ContextHandler.java:doStart(781)) - Started o.e.j.w.WebAppContext@bb9bad9{/,file:///tmp/jetty-0.0.0.0-42387-hddsDatanode-_-any-3863967103407611704.dir/webapp/,AVAILABLE}{/hddsDatanode}
2019-07-13 16:35:37,815 INFO  server.AbstractConnector (AbstractConnector.java:doStart(278)) - Started ServerConnector@1435feb6{HTTP/1.1,[http/1.1]}{0.0.0.0:42387}
2019-07-13 16:35:37,817 INFO  server.Server (Server.java:doStart(419)) - Started @561294ms
2019-07-13 16:35:37,817 INFO  server.BaseHttpServer (BaseHttpServer.java:updateConnectorAddress(207)) - HTTP server of HDDSDATANODE is listening at http://0.0.0.0:42387
2019-07-13 16:35:37,925 INFO  ozone.HddsDatanodeService (HddsDatanodeService.java:startPlugins(396)) - Started plug-in org.apache.hadoop.ozone.web.OzoneHddsDatanodeService@542adcfa
2019-07-13 16:35:37,925 INFO  impl.MetricsSystemImpl (MetricsSystemImpl.java:init(158)) - HddsDatanode metrics system started (again)
2019-07-13 16:35:37,925 INFO  ozone.HddsDatanodeService (HddsDatanodeService.java:start(185)) - HddsDatanodeService host:trunk-nightly-z92hn-1831959607 ip:192.168.5.187
2019-07-13 16:35:37,926 INFO  util.JvmPauseMonitor (JvmPauseMonitor.java:run(188)) - Starting JVM pause monitor
2019-07-13 16:35:37,928 INFO  datanode.InitDatanodeState (InitDatanodeState.java:persistContainerDatanodeDetails(140)) - DatanodeDetails is persisted to /tmp/workdir/hadoop-ozone/integration-test/target/test-dir/MiniOzoneClusterImpl-7cdf904c-cbcd-4688-ac37-82b6c94e7bff/datanode-1/meta/datanode.id
2019-07-13 16:35:37,936 INFO  volume.HddsVolume (HddsVolume.java:<init>(176)) - Creating Volume: /tmp/workdir/hadoop-ozone/integration-test/target/test-dir/MiniOzoneClusterImpl-7cdf904c-cbcd-4688-ac37-82b6c94e7bff/datanode-2/data/containers/hdds of  storage type : DISK and capacity : 52710309888
2019-07-13 16:35:37,936 INFO  volume.VolumeSet (VolumeSet.java:initializeVolumeSet(170)) - Added Volume : /tmp/workdir/hadoop-ozone/integration-test/target/test-dir/MiniOzoneClusterImpl-7cdf904c-cbcd-4688-ac37-82b6c94e7bff/datanode-2/data/containers/hdds to VolumeSet
2019-07-13 16:35:37,937 INFO  volume.ThrottledAsyncChecker (ThrottledAsyncChecker.java:schedule(140)) - Scheduling a check for org.apache.hadoop.ozone.container.common.volume.HddsVolume@39b265c9
2019-07-13 16:35:37,937 INFO  volume.HddsVolumeChecker (HddsVolumeChecker.java:checkAllVolumes(203)) - Scheduled health check for volume org.apache.hadoop.ozone.container.common.volume.HddsVolume@39b265c9
2019-07-13 16:35:37,955 INFO  impl.RaftServerProxy (ConfUtils.java:logGet(43)) - raft.rpc.type = GRPC (default)
2019-07-13 16:35:37,955 INFO  grpc.GrpcFactory (GrpcFactory.java:checkPooledByteBufAllocatorUseCacheForAllThreads(45)) - PERFORMANCE WARNING: useCacheForAllThreads is true that may cause Netty to create a lot garbage objects and, as a result, trigger GC.
	It is recommended to disable useCacheForAllThreads by setting -Dorg.apache.ratis.thirdparty.io.netty.allocator.useCacheForAllThreads=false in command line.
2019-07-13 16:35:37,956 INFO  grpc.GrpcConfigKeys$Server (ConfUtils.java:logGet(43)) - raft.grpc.server.port = 0 (default)
2019-07-13 16:35:37,956 INFO  server.GrpcService (ConfUtils.java:logGet(43)) - raft.grpc.message.size.max = 33570816 (custom)
2019-07-13 16:35:37,956 INFO  server.RaftServerConfigKeys (ConfUtils.java:logGet(43)) - raft.server.log.appender.buffer.byte-limit = 33554432 (custom)
2019-07-13 16:35:37,956 INFO  server.GrpcService (ConfUtils.java:logGet(43)) - raft.grpc.flow.control.window = 1MB (=1048576) (default)
2019-07-13 16:35:37,957 INFO  server.RaftServerConfigKeys (ConfUtils.java:logGet(43)) - raft.server.rpc.request.timeout = 3000ms (default)
2019-07-13 16:35:37,957 INFO  server.RaftServerConfigKeys (ConfUtils.java:logGet(43)) - raft.server.storage.dir = [/tmp/workdir/hadoop-ozone/integration-test/target/test-dir/MiniOzoneClusterImpl-7cdf904c-cbcd-4688-ac37-82b6c94e7bff/datanode-2/data/ratis] (custom)
2019-07-13 16:35:37,958 INFO  replication.SimpleContainerDownloader (SimpleContainerDownloader.java:<init>(72)) - Starting container downloader service to copy containers to replicate.
2019-07-13 16:35:37,959 INFO  hdfs.DFSUtil (DFSUtil.java:httpServerTemplateForNNAndJN(1641)) - Starting Web-server for hddsDatanode at: http://0.0.0.0:0
2019-07-13 16:35:37,960 INFO  server.AuthenticationFilter (AuthenticationFilter.java:constructSecretProvider(240)) - Unable to initialize FileSignerSecretProvider, falling back to use random secrets.
2019-07-13 16:35:37,960 WARN  http.HttpRequestLog (HttpRequestLog.java:getRequestLog(97)) - Jetty request log can only be enabled using Log4j
2019-07-13 16:35:37,961 INFO  http.HttpServer2 (HttpServer2.java:addGlobalFilter(975)) - Added global filter 'safety' (class=org.apache.hadoop.http.HttpServer2$QuotingInputFilter)
2019-07-13 16:35:37,962 INFO  http.HttpServer2 (HttpServer2.java:addFilter(948)) - Added filter static_user_filter (class=org.apache.hadoop.http.lib.StaticUserWebFilter$StaticUserFilter) to context hddsDatanode
2019-07-13 16:35:37,962 INFO  http.HttpServer2 (HttpServer2.java:addFilter(958)) - Added filter static_user_filter (class=org.apache.hadoop.http.lib.StaticUserWebFilter$StaticUserFilter) to context static
2019-07-13 16:35:37,962 INFO  http.HttpServer2 (HttpServer2.java:addFilter(958)) - Added filter static_user_filter (class=org.apache.hadoop.http.lib.StaticUserWebFilter$StaticUserFilter) to context logs
2019-07-13 16:35:37,962 INFO  http.HttpServer2 (HttpServer2.java:bindListener(1191)) - Jetty bound to port 43857
2019-07-13 16:35:37,963 INFO  server.Server (Server.java:doStart(351)) - jetty-9.3.24.v20180605, build timestamp: 2018-06-05T17:11:56Z, git hash: 84205aa28f11a4f31f2a3b86d1bba2cc8ab69827
2019-07-13 16:35:37,964 INFO  handler.ContextHandler (ContextHandler.java:doStart(781)) - Started o.e.j.s.ServletContextHandler@879f852{/logs,file:///tmp/workdir/hadoop-ozone/integration-test/target/log,AVAILABLE}
2019-07-13 16:35:37,964 INFO  handler.ContextHandler (ContextHandler.java:doStart(781)) - Started o.e.j.s.ServletContextHandler@2a0a178f{/static,jar:file:/home/user/.m2/repository/org/apache/hadoop/hadoop-hdds-container-service/0.5.0-SNAPSHOT/hadoop-hdds-container-service-0.5.0-SNAPSHOT.jar!/webapps/static,AVAILABLE}
2019-07-13 16:35:37,990 INFO  handler.ContextHandler (ContextHandler.java:doStart(781)) - Started o.e.j.w.WebAppContext@4228a2f6{/,file:///tmp/jetty-0.0.0.0-43857-hddsDatanode-_-any-6416525272599056561.dir/webapp/,AVAILABLE}{/hddsDatanode}
2019-07-13 16:35:37,991 INFO  server.AbstractConnector (AbstractConnector.java:doStart(278)) - Started ServerConnector@5e91b051{HTTP/1.1,[http/1.1]}{0.0.0.0:43857}
2019-07-13 16:35:37,991 INFO  server.Server (Server.java:doStart(419)) - Started @561468ms
2019-07-13 16:35:37,993 INFO  server.BaseHttpServer (BaseHttpServer.java:updateConnectorAddress(207)) - HTTP server of HDDSDATANODE is listening at http://0.0.0.0:43857
2019-07-13 16:35:38,090 INFO  ozone.HddsDatanodeService (HddsDatanodeService.java:startPlugins(396)) - Started plug-in org.apache.hadoop.ozone.web.OzoneHddsDatanodeService@68b59e2f
2019-07-13 16:35:38,090 INFO  impl.MetricsSystemImpl (MetricsSystemImpl.java:init(158)) - HddsDatanode metrics system started (again)
2019-07-13 16:35:38,090 INFO  ozone.HddsDatanodeService (HddsDatanodeService.java:start(185)) - HddsDatanodeService host:trunk-nightly-z92hn-1831959607 ip:192.168.5.187
2019-07-13 16:35:38,092 INFO  util.JvmPauseMonitor (JvmPauseMonitor.java:run(188)) - Starting JVM pause monitor
2019-07-13 16:35:38,093 INFO  datanode.InitDatanodeState (InitDatanodeState.java:persistContainerDatanodeDetails(140)) - DatanodeDetails is persisted to /tmp/workdir/hadoop-ozone/integration-test/target/test-dir/MiniOzoneClusterImpl-7cdf904c-cbcd-4688-ac37-82b6c94e7bff/datanode-2/meta/datanode.id
2019-07-13 16:35:38,102 INFO  volume.HddsVolume (HddsVolume.java:<init>(176)) - Creating Volume: /tmp/workdir/hadoop-ozone/integration-test/target/test-dir/MiniOzoneClusterImpl-7cdf904c-cbcd-4688-ac37-82b6c94e7bff/datanode-3/data/containers/hdds of  storage type : DISK and capacity : 52710309888
2019-07-13 16:35:38,103 INFO  volume.VolumeSet (VolumeSet.java:initializeVolumeSet(170)) - Added Volume : /tmp/workdir/hadoop-ozone/integration-test/target/test-dir/MiniOzoneClusterImpl-7cdf904c-cbcd-4688-ac37-82b6c94e7bff/datanode-3/data/containers/hdds to VolumeSet
2019-07-13 16:35:38,103 INFO  volume.ThrottledAsyncChecker (ThrottledAsyncChecker.java:schedule(140)) - Scheduling a check for org.apache.hadoop.ozone.container.common.volume.HddsVolume@2c48eb31
2019-07-13 16:35:38,103 INFO  volume.HddsVolumeChecker (HddsVolumeChecker.java:checkAllVolumes(203)) - Scheduled health check for volume org.apache.hadoop.ozone.container.common.volume.HddsVolume@2c48eb31
2019-07-13 16:35:38,117 INFO  impl.RaftServerProxy (ConfUtils.java:logGet(43)) - raft.rpc.type = GRPC (default)
2019-07-13 16:35:38,117 INFO  grpc.GrpcFactory (GrpcFactory.java:checkPooledByteBufAllocatorUseCacheForAllThreads(45)) - PERFORMANCE WARNING: useCacheForAllThreads is true that may cause Netty to create a lot garbage objects and, as a result, trigger GC.
	It is recommended to disable useCacheForAllThreads by setting -Dorg.apache.ratis.thirdparty.io.netty.allocator.useCacheForAllThreads=false in command line.
2019-07-13 16:35:38,117 INFO  grpc.GrpcConfigKeys$Server (ConfUtils.java:logGet(43)) - raft.grpc.server.port = 0 (default)
2019-07-13 16:35:38,117 INFO  server.GrpcService (ConfUtils.java:logGet(43)) - raft.grpc.message.size.max = 33570816 (custom)
2019-07-13 16:35:38,117 INFO  server.RaftServerConfigKeys (ConfUtils.java:logGet(43)) - raft.server.log.appender.buffer.byte-limit = 33554432 (custom)
2019-07-13 16:35:38,117 INFO  server.GrpcService (ConfUtils.java:logGet(43)) - raft.grpc.flow.control.window = 1MB (=1048576) (default)
2019-07-13 16:35:38,118 INFO  server.RaftServerConfigKeys (ConfUtils.java:logGet(43)) - raft.server.rpc.request.timeout = 3000ms (default)
2019-07-13 16:35:38,118 INFO  server.RaftServerConfigKeys (ConfUtils.java:logGet(43)) - raft.server.storage.dir = [/tmp/workdir/hadoop-ozone/integration-test/target/test-dir/MiniOzoneClusterImpl-7cdf904c-cbcd-4688-ac37-82b6c94e7bff/datanode-3/data/ratis] (custom)
2019-07-13 16:35:38,118 INFO  replication.SimpleContainerDownloader (SimpleContainerDownloader.java:<init>(72)) - Starting container downloader service to copy containers to replicate.
2019-07-13 16:35:38,119 INFO  hdfs.DFSUtil (DFSUtil.java:httpServerTemplateForNNAndJN(1641)) - Starting Web-server for hddsDatanode at: http://0.0.0.0:0
2019-07-13 16:35:38,121 INFO  server.AuthenticationFilter (AuthenticationFilter.java:constructSecretProvider(240)) - Unable to initialize FileSignerSecretProvider, falling back to use random secrets.
2019-07-13 16:35:38,121 WARN  http.HttpRequestLog (HttpRequestLog.java:getRequestLog(97)) - Jetty request log can only be enabled using Log4j
2019-07-13 16:35:38,122 INFO  http.HttpServer2 (HttpServer2.java:addGlobalFilter(975)) - Added global filter 'safety' (class=org.apache.hadoop.http.HttpServer2$QuotingInputFilter)
2019-07-13 16:35:38,122 INFO  http.HttpServer2 (HttpServer2.java:addFilter(948)) - Added filter static_user_filter (class=org.apache.hadoop.http.lib.StaticUserWebFilter$StaticUserFilter) to context hddsDatanode
2019-07-13 16:35:38,122 INFO  http.HttpServer2 (HttpServer2.java:addFilter(958)) - Added filter static_user_filter (class=org.apache.hadoop.http.lib.StaticUserWebFilter$StaticUserFilter) to context logs
2019-07-13 16:35:38,123 INFO  http.HttpServer2 (HttpServer2.java:addFilter(958)) - Added filter static_user_filter (class=org.apache.hadoop.http.lib.StaticUserWebFilter$StaticUserFilter) to context static
2019-07-13 16:35:38,123 INFO  http.HttpServer2 (HttpServer2.java:bindListener(1191)) - Jetty bound to port 33269
2019-07-13 16:35:38,123 INFO  server.Server (Server.java:doStart(351)) - jetty-9.3.24.v20180605, build timestamp: 2018-06-05T17:11:56Z, git hash: 84205aa28f11a4f31f2a3b86d1bba2cc8ab69827
2019-07-13 16:35:38,125 INFO  handler.ContextHandler (ContextHandler.java:doStart(781)) - Started o.e.j.s.ServletContextHandler@2d839402{/logs,file:///tmp/workdir/hadoop-ozone/integration-test/target/log,AVAILABLE}
2019-07-13 16:35:38,125 INFO  handler.ContextHandler (ContextHandler.java:doStart(781)) - Started o.e.j.s.ServletContextHandler@645a9649{/static,jar:file:/home/user/.m2/repository/org/apache/hadoop/hadoop-hdds-container-service/0.5.0-SNAPSHOT/hadoop-hdds-container-service-0.5.0-SNAPSHOT.jar!/webapps/static,AVAILABLE}
2019-07-13 16:35:38,155 INFO  handler.ContextHandler (ContextHandler.java:doStart(781)) - Started o.e.j.w.WebAppContext@6cfa20c1{/,file:///tmp/jetty-0.0.0.0-33269-hddsDatanode-_-any-8700238015746945324.dir/webapp/,AVAILABLE}{/hddsDatanode}
2019-07-13 16:35:38,156 INFO  server.AbstractConnector (AbstractConnector.java:doStart(278)) - Started ServerConnector@46e2a773{HTTP/1.1,[http/1.1]}{0.0.0.0:33269}
2019-07-13 16:35:38,157 INFO  server.Server (Server.java:doStart(419)) - Started @561635ms
2019-07-13 16:35:38,158 INFO  server.BaseHttpServer (BaseHttpServer.java:updateConnectorAddress(207)) - HTTP server of HDDSDATANODE is listening at http://0.0.0.0:33269
2019-07-13 16:35:38,261 INFO  ozone.HddsDatanodeService (HddsDatanodeService.java:startPlugins(396)) - Started plug-in org.apache.hadoop.ozone.web.OzoneHddsDatanodeService@6da5cb1
2019-07-13 16:35:38,262 INFO  impl.MetricsSystemImpl (MetricsSystemImpl.java:init(158)) - HddsDatanode metrics system started (again)
2019-07-13 16:35:38,262 INFO  ozone.HddsDatanodeService (HddsDatanodeService.java:start(185)) - HddsDatanodeService host:trunk-nightly-z92hn-1831959607 ip:192.168.5.187
2019-07-13 16:35:38,263 INFO  util.JvmPauseMonitor (JvmPauseMonitor.java:run(188)) - Starting JVM pause monitor
2019-07-13 16:35:38,264 INFO  datanode.InitDatanodeState (InitDatanodeState.java:persistContainerDatanodeDetails(140)) - DatanodeDetails is persisted to /tmp/workdir/hadoop-ozone/integration-test/target/test-dir/MiniOzoneClusterImpl-7cdf904c-cbcd-4688-ac37-82b6c94e7bff/datanode-3/meta/datanode.id
2019-07-13 16:35:38,281 INFO  volume.HddsVolume (HddsVolume.java:<init>(176)) - Creating Volume: /tmp/workdir/hadoop-ozone/integration-test/target/test-dir/MiniOzoneClusterImpl-7cdf904c-cbcd-4688-ac37-82b6c94e7bff/datanode-4/data/containers/hdds of  storage type : DISK and capacity : 52710309888
2019-07-13 16:35:38,282 INFO  volume.VolumeSet (VolumeSet.java:initializeVolumeSet(170)) - Added Volume : /tmp/workdir/hadoop-ozone/integration-test/target/test-dir/MiniOzoneClusterImpl-7cdf904c-cbcd-4688-ac37-82b6c94e7bff/datanode-4/data/containers/hdds to VolumeSet
2019-07-13 16:35:38,282 INFO  volume.ThrottledAsyncChecker (ThrottledAsyncChecker.java:schedule(140)) - Scheduling a check for org.apache.hadoop.ozone.container.common.volume.HddsVolume@1f6c0e8a
2019-07-13 16:35:38,283 INFO  volume.HddsVolumeChecker (HddsVolumeChecker.java:checkAllVolumes(203)) - Scheduled health check for volume org.apache.hadoop.ozone.container.common.volume.HddsVolume@1f6c0e8a
2019-07-13 16:35:38,300 INFO  impl.RaftServerProxy (ConfUtils.java:logGet(43)) - raft.rpc.type = GRPC (default)
2019-07-13 16:35:38,301 INFO  grpc.GrpcFactory (GrpcFactory.java:checkPooledByteBufAllocatorUseCacheForAllThreads(45)) - PERFORMANCE WARNING: useCacheForAllThreads is true that may cause Netty to create a lot garbage objects and, as a result, trigger GC.
	It is recommended to disable useCacheForAllThreads by setting -Dorg.apache.ratis.thirdparty.io.netty.allocator.useCacheForAllThreads=false in command line.
2019-07-13 16:35:38,301 INFO  grpc.GrpcConfigKeys$Server (ConfUtils.java:logGet(43)) - raft.grpc.server.port = 0 (default)
2019-07-13 16:35:38,301 INFO  server.GrpcService (ConfUtils.java:logGet(43)) - raft.grpc.message.size.max = 33570816 (custom)
2019-07-13 16:35:38,302 INFO  server.RaftServerConfigKeys (ConfUtils.java:logGet(43)) - raft.server.log.appender.buffer.byte-limit = 33554432 (custom)
2019-07-13 16:35:38,302 INFO  server.GrpcService (ConfUtils.java:logGet(43)) - raft.grpc.flow.control.window = 1MB (=1048576) (default)
2019-07-13 16:35:38,302 INFO  server.RaftServerConfigKeys (ConfUtils.java:logGet(43)) - raft.server.rpc.request.timeout = 3000ms (default)
2019-07-13 16:35:38,303 INFO  server.RaftServerConfigKeys (ConfUtils.java:logGet(43)) - raft.server.storage.dir = [/tmp/workdir/hadoop-ozone/integration-test/target/test-dir/MiniOzoneClusterImpl-7cdf904c-cbcd-4688-ac37-82b6c94e7bff/datanode-4/data/ratis] (custom)
2019-07-13 16:35:38,303 INFO  replication.SimpleContainerDownloader (SimpleContainerDownloader.java:<init>(72)) - Starting container downloader service to copy containers to replicate.
2019-07-13 16:35:38,304 INFO  hdfs.DFSUtil (DFSUtil.java:httpServerTemplateForNNAndJN(1641)) - Starting Web-server for hddsDatanode at: http://0.0.0.0:0
2019-07-13 16:35:38,306 INFO  server.AuthenticationFilter (AuthenticationFilter.java:constructSecretProvider(240)) - Unable to initialize FileSignerSecretProvider, falling back to use random secrets.
2019-07-13 16:35:38,307 WARN  http.HttpRequestLog (HttpRequestLog.java:getRequestLog(97)) - Jetty request log can only be enabled using Log4j
2019-07-13 16:35:38,308 INFO  http.HttpServer2 (HttpServer2.java:addGlobalFilter(975)) - Added global filter 'safety' (class=org.apache.hadoop.http.HttpServer2$QuotingInputFilter)
2019-07-13 16:35:38,309 INFO  http.HttpServer2 (HttpServer2.java:addFilter(948)) - Added filter static_user_filter (class=org.apache.hadoop.http.lib.StaticUserWebFilter$StaticUserFilter) to context hddsDatanode
2019-07-13 16:35:38,309 INFO  http.HttpServer2 (HttpServer2.java:addFilter(958)) - Added filter static_user_filter (class=org.apache.hadoop.http.lib.StaticUserWebFilter$StaticUserFilter) to context static
2019-07-13 16:35:38,310 INFO  http.HttpServer2 (HttpServer2.java:addFilter(958)) - Added filter static_user_filter (class=org.apache.hadoop.http.lib.StaticUserWebFilter$StaticUserFilter) to context logs
2019-07-13 16:35:38,310 INFO  http.HttpServer2 (HttpServer2.java:bindListener(1191)) - Jetty bound to port 39943
2019-07-13 16:35:38,311 INFO  server.Server (Server.java:doStart(351)) - jetty-9.3.24.v20180605, build timestamp: 2018-06-05T17:11:56Z, git hash: 84205aa28f11a4f31f2a3b86d1bba2cc8ab69827
2019-07-13 16:35:38,313 INFO  handler.ContextHandler (ContextHandler.java:doStart(781)) - Started o.e.j.s.ServletContextHandler@5e60e639{/logs,file:///tmp/workdir/hadoop-ozone/integration-test/target/log,AVAILABLE}
2019-07-13 16:35:38,313 INFO  handler.ContextHandler (ContextHandler.java:doStart(781)) - Started o.e.j.s.ServletContextHandler@7f6b3f4c{/static,jar:file:/home/user/.m2/repository/org/apache/hadoop/hadoop-hdds-container-service/0.5.0-SNAPSHOT/hadoop-hdds-container-service-0.5.0-SNAPSHOT.jar!/webapps/static,AVAILABLE}
2019-07-13 16:35:38,353 INFO  handler.ContextHandler (ContextHandler.java:doStart(781)) - Started o.e.j.w.WebAppContext@1aae50f9{/,file:///tmp/jetty-0.0.0.0-39943-hddsDatanode-_-any-2426491951661928874.dir/webapp/,AVAILABLE}{/hddsDatanode}
2019-07-13 16:35:38,353 INFO  server.AbstractConnector (AbstractConnector.java:doStart(278)) - Started ServerConnector@2b53d6fc{HTTP/1.1,[http/1.1]}{0.0.0.0:39943}
2019-07-13 16:35:38,354 INFO  server.Server (Server.java:doStart(419)) - Started @561832ms
2019-07-13 16:35:38,355 INFO  server.BaseHttpServer (BaseHttpServer.java:updateConnectorAddress(207)) - HTTP server of HDDSDATANODE is listening at http://0.0.0.0:39943
2019-07-13 16:35:38,467 INFO  ozone.HddsDatanodeService (HddsDatanodeService.java:startPlugins(396)) - Started plug-in org.apache.hadoop.ozone.web.OzoneHddsDatanodeService@58182d7
2019-07-13 16:35:38,467 INFO  impl.MetricsSystemImpl (MetricsSystemImpl.java:init(158)) - HddsDatanode metrics system started (again)
2019-07-13 16:35:38,467 INFO  ozone.HddsDatanodeService (HddsDatanodeService.java:start(185)) - HddsDatanodeService host:trunk-nightly-z92hn-1831959607 ip:192.168.5.187
2019-07-13 16:35:38,468 INFO  util.JvmPauseMonitor (JvmPauseMonitor.java:run(188)) - Starting JVM pause monitor
2019-07-13 16:35:38,469 INFO  datanode.InitDatanodeState (InitDatanodeState.java:persistContainerDatanodeDetails(140)) - DatanodeDetails is persisted to /tmp/workdir/hadoop-ozone/integration-test/target/test-dir/MiniOzoneClusterImpl-7cdf904c-cbcd-4688-ac37-82b6c94e7bff/datanode-4/meta/datanode.id
2019-07-13 16:35:38,478 INFO  volume.HddsVolume (HddsVolume.java:<init>(176)) - Creating Volume: /tmp/workdir/hadoop-ozone/integration-test/target/test-dir/MiniOzoneClusterImpl-7cdf904c-cbcd-4688-ac37-82b6c94e7bff/datanode-5/data/containers/hdds of  storage type : DISK and capacity : 52710309888
2019-07-13 16:35:38,478 INFO  volume.VolumeSet (VolumeSet.java:initializeVolumeSet(170)) - Added Volume : /tmp/workdir/hadoop-ozone/integration-test/target/test-dir/MiniOzoneClusterImpl-7cdf904c-cbcd-4688-ac37-82b6c94e7bff/datanode-5/data/containers/hdds to VolumeSet
2019-07-13 16:35:38,479 INFO  volume.ThrottledAsyncChecker (ThrottledAsyncChecker.java:schedule(140)) - Scheduling a check for org.apache.hadoop.ozone.container.common.volume.HddsVolume@69abff1d
2019-07-13 16:35:38,479 INFO  volume.HddsVolumeChecker (HddsVolumeChecker.java:checkAllVolumes(203)) - Scheduled health check for volume org.apache.hadoop.ozone.container.common.volume.HddsVolume@69abff1d
2019-07-13 16:35:38,493 INFO  impl.RaftServerProxy (ConfUtils.java:logGet(43)) - raft.rpc.type = GRPC (default)
2019-07-13 16:35:38,493 INFO  grpc.GrpcFactory (GrpcFactory.java:checkPooledByteBufAllocatorUseCacheForAllThreads(45)) - PERFORMANCE WARNING: useCacheForAllThreads is true that may cause Netty to create a lot garbage objects and, as a result, trigger GC.
	It is recommended to disable useCacheForAllThreads by setting -Dorg.apache.ratis.thirdparty.io.netty.allocator.useCacheForAllThreads=false in command line.
2019-07-13 16:35:38,493 INFO  grpc.GrpcConfigKeys$Server (ConfUtils.java:logGet(43)) - raft.grpc.server.port = 0 (default)
2019-07-13 16:35:38,493 INFO  server.GrpcService (ConfUtils.java:logGet(43)) - raft.grpc.message.size.max = 33570816 (custom)
2019-07-13 16:35:38,494 INFO  server.RaftServerConfigKeys (ConfUtils.java:logGet(43)) - raft.server.log.appender.buffer.byte-limit = 33554432 (custom)
2019-07-13 16:35:38,494 INFO  server.GrpcService (ConfUtils.java:logGet(43)) - raft.grpc.flow.control.window = 1MB (=1048576) (default)
2019-07-13 16:35:38,494 INFO  server.RaftServerConfigKeys (ConfUtils.java:logGet(43)) - raft.server.rpc.request.timeout = 3000ms (default)
2019-07-13 16:35:38,494 INFO  server.RaftServerConfigKeys (ConfUtils.java:logGet(43)) - raft.server.storage.dir = [/tmp/workdir/hadoop-ozone/integration-test/target/test-dir/MiniOzoneClusterImpl-7cdf904c-cbcd-4688-ac37-82b6c94e7bff/datanode-5/data/ratis] (custom)
2019-07-13 16:35:38,495 INFO  replication.SimpleContainerDownloader (SimpleContainerDownloader.java:<init>(72)) - Starting container downloader service to copy containers to replicate.
2019-07-13 16:35:38,496 INFO  hdfs.DFSUtil (DFSUtil.java:httpServerTemplateForNNAndJN(1641)) - Starting Web-server for hddsDatanode at: http://0.0.0.0:0
2019-07-13 16:35:38,497 INFO  server.AuthenticationFilter (AuthenticationFilter.java:constructSecretProvider(240)) - Unable to initialize FileSignerSecretProvider, falling back to use random secrets.
2019-07-13 16:35:38,497 WARN  http.HttpRequestLog (HttpRequestLog.java:getRequestLog(97)) - Jetty request log can only be enabled using Log4j
2019-07-13 16:35:38,498 INFO  http.HttpServer2 (HttpServer2.java:addGlobalFilter(975)) - Added global filter 'safety' (class=org.apache.hadoop.http.HttpServer2$QuotingInputFilter)
2019-07-13 16:35:38,498 INFO  http.HttpServer2 (HttpServer2.java:addFilter(948)) - Added filter static_user_filter (class=org.apache.hadoop.http.lib.StaticUserWebFilter$StaticUserFilter) to context hddsDatanode
2019-07-13 16:35:38,499 INFO  http.HttpServer2 (HttpServer2.java:addFilter(958)) - Added filter static_user_filter (class=org.apache.hadoop.http.lib.StaticUserWebFilter$StaticUserFilter) to context static
2019-07-13 16:35:38,499 INFO  http.HttpServer2 (HttpServer2.java:addFilter(958)) - Added filter static_user_filter (class=org.apache.hadoop.http.lib.StaticUserWebFilter$StaticUserFilter) to context logs
2019-07-13 16:35:38,499 INFO  http.HttpServer2 (HttpServer2.java:bindListener(1191)) - Jetty bound to port 44129
2019-07-13 16:35:38,499 INFO  server.Server (Server.java:doStart(351)) - jetty-9.3.24.v20180605, build timestamp: 2018-06-05T17:11:56Z, git hash: 84205aa28f11a4f31f2a3b86d1bba2cc8ab69827
2019-07-13 16:35:38,501 INFO  handler.ContextHandler (ContextHandler.java:doStart(781)) - Started o.e.j.s.ServletContextHandler@4eb5cdae{/logs,file:///tmp/workdir/hadoop-ozone/integration-test/target/log,AVAILABLE}
2019-07-13 16:35:38,501 INFO  handler.ContextHandler (ContextHandler.java:doStart(781)) - Started o.e.j.s.ServletContextHandler@1e9d5d79{/static,jar:file:/home/user/.m2/repository/org/apache/hadoop/hadoop-hdds-container-service/0.5.0-SNAPSHOT/hadoop-hdds-container-service-0.5.0-SNAPSHOT.jar!/webapps/static,AVAILABLE}
2019-07-13 16:35:38,527 INFO  handler.ContextHandler (ContextHandler.java:doStart(781)) - Started o.e.j.w.WebAppContext@139224ab{/,file:///tmp/jetty-0.0.0.0-44129-hddsDatanode-_-any-7880461114807061513.dir/webapp/,AVAILABLE}{/hddsDatanode}
2019-07-13 16:35:38,527 INFO  server.AbstractConnector (AbstractConnector.java:doStart(278)) - Started ServerConnector@26db7540{HTTP/1.1,[http/1.1]}{0.0.0.0:44129}
2019-07-13 16:35:38,527 INFO  server.Server (Server.java:doStart(419)) - Started @562004ms
2019-07-13 16:35:38,529 INFO  server.BaseHttpServer (BaseHttpServer.java:updateConnectorAddress(207)) - HTTP server of HDDSDATANODE is listening at http://0.0.0.0:44129
2019-07-13 16:35:38,625 INFO  ozone.HddsDatanodeService (HddsDatanodeService.java:startPlugins(396)) - Started plug-in org.apache.hadoop.ozone.web.OzoneHddsDatanodeService@6cf7de4e
2019-07-13 16:35:38,626 INFO  impl.MetricsSystemImpl (MetricsSystemImpl.java:init(158)) - HddsDatanode metrics system started (again)
2019-07-13 16:35:38,626 INFO  ozone.HddsDatanodeService (HddsDatanodeService.java:start(185)) - HddsDatanodeService host:trunk-nightly-z92hn-1831959607 ip:192.168.5.187
2019-07-13 16:35:38,627 INFO  util.JvmPauseMonitor (JvmPauseMonitor.java:run(188)) - Starting JVM pause monitor
2019-07-13 16:35:38,628 INFO  datanode.InitDatanodeState (InitDatanodeState.java:persistContainerDatanodeDetails(140)) - DatanodeDetails is persisted to /tmp/workdir/hadoop-ozone/integration-test/target/test-dir/MiniOzoneClusterImpl-7cdf904c-cbcd-4688-ac37-82b6c94e7bff/datanode-5/meta/datanode.id
2019-07-13 16:35:38,638 INFO  volume.HddsVolume (HddsVolume.java:<init>(176)) - Creating Volume: /tmp/workdir/hadoop-ozone/integration-test/target/test-dir/MiniOzoneClusterImpl-7cdf904c-cbcd-4688-ac37-82b6c94e7bff/datanode-6/data/containers/hdds of  storage type : DISK and capacity : 52710309888
2019-07-13 16:35:38,638 INFO  volume.VolumeSet (VolumeSet.java:initializeVolumeSet(170)) - Added Volume : /tmp/workdir/hadoop-ozone/integration-test/target/test-dir/MiniOzoneClusterImpl-7cdf904c-cbcd-4688-ac37-82b6c94e7bff/datanode-6/data/containers/hdds to VolumeSet
2019-07-13 16:35:38,638 INFO  volume.ThrottledAsyncChecker (ThrottledAsyncChecker.java:schedule(140)) - Scheduling a check for org.apache.hadoop.ozone.container.common.volume.HddsVolume@3656a6cd
2019-07-13 16:35:38,638 INFO  volume.HddsVolumeChecker (HddsVolumeChecker.java:checkAllVolumes(203)) - Scheduled health check for volume org.apache.hadoop.ozone.container.common.volume.HddsVolume@3656a6cd
2019-07-13 16:35:38,654 INFO  impl.RaftServerProxy (ConfUtils.java:logGet(43)) - raft.rpc.type = GRPC (default)
2019-07-13 16:35:38,654 INFO  grpc.GrpcFactory (GrpcFactory.java:checkPooledByteBufAllocatorUseCacheForAllThreads(45)) - PERFORMANCE WARNING: useCacheForAllThreads is true that may cause Netty to create a lot garbage objects and, as a result, trigger GC.
	It is recommended to disable useCacheForAllThreads by setting -Dorg.apache.ratis.thirdparty.io.netty.allocator.useCacheForAllThreads=false in command line.
2019-07-13 16:35:38,655 INFO  grpc.GrpcConfigKeys$Server (ConfUtils.java:logGet(43)) - raft.grpc.server.port = 0 (default)
2019-07-13 16:35:38,655 INFO  server.GrpcService (ConfUtils.java:logGet(43)) - raft.grpc.message.size.max = 33570816 (custom)
2019-07-13 16:35:38,655 INFO  server.RaftServerConfigKeys (ConfUtils.java:logGet(43)) - raft.server.log.appender.buffer.byte-limit = 33554432 (custom)
2019-07-13 16:35:38,655 INFO  server.GrpcService (ConfUtils.java:logGet(43)) - raft.grpc.flow.control.window = 1MB (=1048576) (default)
2019-07-13 16:35:38,655 INFO  server.RaftServerConfigKeys (ConfUtils.java:logGet(43)) - raft.server.rpc.request.timeout = 3000ms (default)
2019-07-13 16:35:38,656 INFO  server.RaftServerConfigKeys (ConfUtils.java:logGet(43)) - raft.server.storage.dir = [/tmp/workdir/hadoop-ozone/integration-test/target/test-dir/MiniOzoneClusterImpl-7cdf904c-cbcd-4688-ac37-82b6c94e7bff/datanode-6/data/ratis] (custom)
2019-07-13 16:35:38,656 INFO  replication.SimpleContainerDownloader (SimpleContainerDownloader.java:<init>(72)) - Starting container downloader service to copy containers to replicate.
2019-07-13 16:35:38,658 INFO  hdfs.DFSUtil (DFSUtil.java:httpServerTemplateForNNAndJN(1641)) - Starting Web-server for hddsDatanode at: http://0.0.0.0:0
2019-07-13 16:35:38,660 INFO  server.AuthenticationFilter (AuthenticationFilter.java:constructSecretProvider(240)) - Unable to initialize FileSignerSecretProvider, falling back to use random secrets.
2019-07-13 16:35:38,660 WARN  http.HttpRequestLog (HttpRequestLog.java:getRequestLog(97)) - Jetty request log can only be enabled using Log4j
2019-07-13 16:35:38,662 INFO  http.HttpServer2 (HttpServer2.java:addGlobalFilter(975)) - Added global filter 'safety' (class=org.apache.hadoop.http.HttpServer2$QuotingInputFilter)
2019-07-13 16:35:38,662 INFO  http.HttpServer2 (HttpServer2.java:addFilter(948)) - Added filter static_user_filter (class=org.apache.hadoop.http.lib.StaticUserWebFilter$StaticUserFilter) to context hddsDatanode
2019-07-13 16:35:38,662 INFO  http.HttpServer2 (HttpServer2.java:addFilter(958)) - Added filter static_user_filter (class=org.apache.hadoop.http.lib.StaticUserWebFilter$StaticUserFilter) to context static
2019-07-13 16:35:38,662 INFO  http.HttpServer2 (HttpServer2.java:addFilter(958)) - Added filter static_user_filter (class=org.apache.hadoop.http.lib.StaticUserWebFilter$StaticUserFilter) to context logs
2019-07-13 16:35:38,663 INFO  http.HttpServer2 (HttpServer2.java:bindListener(1191)) - Jetty bound to port 36117
2019-07-13 16:35:38,663 INFO  server.Server (Server.java:doStart(351)) - jetty-9.3.24.v20180605, build timestamp: 2018-06-05T17:11:56Z, git hash: 84205aa28f11a4f31f2a3b86d1bba2cc8ab69827
2019-07-13 16:35:38,665 INFO  handler.ContextHandler (ContextHandler.java:doStart(781)) - Started o.e.j.s.ServletContextHandler@72b88762{/logs,file:///tmp/workdir/hadoop-ozone/integration-test/target/log,AVAILABLE}
2019-07-13 16:35:38,665 INFO  handler.ContextHandler (ContextHandler.java:doStart(781)) - Started o.e.j.s.ServletContextHandler@2b85fc{/static,jar:file:/home/user/.m2/repository/org/apache/hadoop/hadoop-hdds-container-service/0.5.0-SNAPSHOT/hadoop-hdds-container-service-0.5.0-SNAPSHOT.jar!/webapps/static,AVAILABLE}
2019-07-13 16:35:38,691 INFO  handler.ContextHandler (ContextHandler.java:doStart(781)) - Started o.e.j.w.WebAppContext@54ebacdc{/,file:///tmp/jetty-0.0.0.0-36117-hddsDatanode-_-any-6916702488880776233.dir/webapp/,AVAILABLE}{/hddsDatanode}
2019-07-13 16:35:38,692 INFO  server.AbstractConnector (AbstractConnector.java:doStart(278)) - Started ServerConnector@618c387d{HTTP/1.1,[http/1.1]}{0.0.0.0:36117}
2019-07-13 16:35:38,694 INFO  server.Server (Server.java:doStart(419)) - Started @562172ms
2019-07-13 16:35:38,695 INFO  server.BaseHttpServer (BaseHttpServer.java:updateConnectorAddress(207)) - HTTP server of HDDSDATANODE is listening at http://0.0.0.0:36117
2019-07-13 16:35:38,975 INFO  ozone.HddsDatanodeService (HddsDatanodeService.java:startPlugins(396)) - Started plug-in org.apache.hadoop.ozone.web.OzoneHddsDatanodeService@45a0ba61
2019-07-13 16:35:38,976 INFO  ozone.MiniOzoneClusterImpl (MiniOzoneClusterImpl.java:lambda$waitForClusterToBeReady$0(142)) - Waiting for cluster to be ready. Got 0 of 7 DN Heartbeats.
2019-07-13 16:35:38,977 INFO  util.JvmPauseMonitor (JvmPauseMonitor.java:run(188)) - Starting JVM pause monitor
2019-07-13 16:35:38,981 INFO  datanode.InitDatanodeState (InitDatanodeState.java:persistContainerDatanodeDetails(140)) - DatanodeDetails is persisted to /tmp/workdir/hadoop-ozone/integration-test/target/test-dir/MiniOzoneClusterImpl-7cdf904c-cbcd-4688-ac37-82b6c94e7bff/datanode-6/meta/datanode.id
2019-07-13 16:35:39,740 INFO  ozoneimpl.OzoneContainer (OzoneContainer.java:start(186)) - Attempting to start container services.
2019-07-13 16:35:39,740 INFO  ozoneimpl.OzoneContainer (OzoneContainer.java:startContainerScrub(160)) - Background container scrubber has been disabled by hdds.containerscrub.enabled
2019-07-13 16:35:39,740 INFO  ratis.XceiverServerRatis (XceiverServerRatis.java:start(418)) - Starting XceiverServerRatis 8d176e4f-2c0f-4011-b4ab-9c159ff7b365 at port 0
2019-07-13 16:35:39,748 INFO  impl.RaftServerProxy (RaftServerProxy.java:lambda$start$3(299)) - 8d176e4f-2c0f-4011-b4ab-9c159ff7b365: start RPC server
2019-07-13 16:35:39,750 INFO  server.GrpcService (GrpcService.java:startImpl(149)) - 8d176e4f-2c0f-4011-b4ab-9c159ff7b365: GrpcService started, listening on 0.0.0.0/0.0.0.0:36564
2019-07-13 16:35:39,750 INFO  ratis.XceiverServerRatis (XceiverServerRatis.java:start(428)) - XceiverServerRatis 8d176e4f-2c0f-4011-b4ab-9c159ff7b365 is started using port 36564
2019-07-13 16:35:39,751 INFO  server.XceiverServerGrpc (XceiverServerGrpc.java:start(161)) - XceiverServerGrpc 8d176e4f-2c0f-4011-b4ab-9c159ff7b365 is started using port 46150
2019-07-13 16:35:39,941 INFO  ozoneimpl.OzoneContainer (OzoneContainer.java:start(186)) - Attempting to start container services.
2019-07-13 16:35:39,941 INFO  ozoneimpl.OzoneContainer (OzoneContainer.java:startContainerScrub(160)) - Background container scrubber has been disabled by hdds.containerscrub.enabled
2019-07-13 16:35:39,942 INFO  ratis.XceiverServerRatis (XceiverServerRatis.java:start(418)) - Starting XceiverServerRatis 51aa53b0-526e-4007-8aae-2a4e36760f72 at port 0
2019-07-13 16:35:39,949 INFO  impl.RaftServerProxy (RaftServerProxy.java:lambda$start$3(299)) - 51aa53b0-526e-4007-8aae-2a4e36760f72: start RPC server
2019-07-13 16:35:39,952 INFO  server.GrpcService (GrpcService.java:startImpl(149)) - 51aa53b0-526e-4007-8aae-2a4e36760f72: GrpcService started, listening on 0.0.0.0/0.0.0.0:40345
2019-07-13 16:35:39,952 INFO  ratis.XceiverServerRatis (XceiverServerRatis.java:start(428)) - XceiverServerRatis 51aa53b0-526e-4007-8aae-2a4e36760f72 is started using port 40345
2019-07-13 16:35:39,954 INFO  server.XceiverServerGrpc (XceiverServerGrpc.java:start(161)) - XceiverServerGrpc 51aa53b0-526e-4007-8aae-2a4e36760f72 is started using port 42233
2019-07-13 16:35:39,976 INFO  ozone.MiniOzoneClusterImpl (MiniOzoneClusterImpl.java:lambda$waitForClusterToBeReady$0(142)) - Waiting for cluster to be ready. Got 0 of 7 DN Heartbeats.
2019-07-13 16:35:40,097 INFO  ozoneimpl.OzoneContainer (OzoneContainer.java:start(186)) - Attempting to start container services.
2019-07-13 16:35:40,097 INFO  ozoneimpl.OzoneContainer (OzoneContainer.java:startContainerScrub(160)) - Background container scrubber has been disabled by hdds.containerscrub.enabled
2019-07-13 16:35:40,097 INFO  ratis.XceiverServerRatis (XceiverServerRatis.java:start(418)) - Starting XceiverServerRatis e76ebeb5-19b0-4107-ac96-bb6964534b89 at port 0
2019-07-13 16:35:40,106 INFO  impl.RaftServerProxy (RaftServerProxy.java:lambda$start$3(299)) - e76ebeb5-19b0-4107-ac96-bb6964534b89: start RPC server
2019-07-13 16:35:40,108 INFO  server.GrpcService (GrpcService.java:startImpl(149)) - e76ebeb5-19b0-4107-ac96-bb6964534b89: GrpcService started, listening on 0.0.0.0/0.0.0.0:40104
2019-07-13 16:35:40,108 INFO  ratis.XceiverServerRatis (XceiverServerRatis.java:start(428)) - XceiverServerRatis e76ebeb5-19b0-4107-ac96-bb6964534b89 is started using port 40104
2019-07-13 16:35:40,116 INFO  server.XceiverServerGrpc (XceiverServerGrpc.java:start(161)) - XceiverServerGrpc e76ebeb5-19b0-4107-ac96-bb6964534b89 is started using port 43124
2019-07-13 16:35:40,267 INFO  ozoneimpl.OzoneContainer (OzoneContainer.java:start(186)) - Attempting to start container services.
2019-07-13 16:35:40,267 INFO  ozoneimpl.OzoneContainer (OzoneContainer.java:startContainerScrub(160)) - Background container scrubber has been disabled by hdds.containerscrub.enabled
2019-07-13 16:35:40,268 INFO  ratis.XceiverServerRatis (XceiverServerRatis.java:start(418)) - Starting XceiverServerRatis 7e17895d-54f0-486b-b768-5d611b8730aa at port 0
2019-07-13 16:35:40,275 INFO  impl.RaftServerProxy (RaftServerProxy.java:lambda$start$3(299)) - 7e17895d-54f0-486b-b768-5d611b8730aa: start RPC server
2019-07-13 16:35:40,278 INFO  server.GrpcService (GrpcService.java:startImpl(149)) - 7e17895d-54f0-486b-b768-5d611b8730aa: GrpcService started, listening on 0.0.0.0/0.0.0.0:33673
2019-07-13 16:35:40,278 INFO  ratis.XceiverServerRatis (XceiverServerRatis.java:start(428)) - XceiverServerRatis 7e17895d-54f0-486b-b768-5d611b8730aa is started using port 33673
2019-07-13 16:35:40,278 INFO  server.XceiverServerGrpc (XceiverServerGrpc.java:start(161)) - XceiverServerGrpc 7e17895d-54f0-486b-b768-5d611b8730aa is started using port 45642
2019-07-13 16:35:40,481 INFO  ozoneimpl.OzoneContainer (OzoneContainer.java:start(186)) - Attempting to start container services.
2019-07-13 16:35:40,482 INFO  ozoneimpl.OzoneContainer (OzoneContainer.java:startContainerScrub(160)) - Background container scrubber has been disabled by hdds.containerscrub.enabled
2019-07-13 16:35:40,482 INFO  ratis.XceiverServerRatis (XceiverServerRatis.java:start(418)) - Starting XceiverServerRatis e8474009-539d-469d-b3a0-e20c29ccb728 at port 0
2019-07-13 16:35:40,489 INFO  impl.RaftServerProxy (RaftServerProxy.java:lambda$start$3(299)) - e8474009-539d-469d-b3a0-e20c29ccb728: start RPC server
2019-07-13 16:35:40,492 INFO  server.GrpcService (GrpcService.java:startImpl(149)) - e8474009-539d-469d-b3a0-e20c29ccb728: GrpcService started, listening on 0.0.0.0/0.0.0.0:40058
2019-07-13 16:35:40,492 INFO  ratis.XceiverServerRatis (XceiverServerRatis.java:start(428)) - XceiverServerRatis e8474009-539d-469d-b3a0-e20c29ccb728 is started using port 40058
2019-07-13 16:35:40,495 INFO  server.XceiverServerGrpc (XceiverServerGrpc.java:start(161)) - XceiverServerGrpc e8474009-539d-469d-b3a0-e20c29ccb728 is started using port 46749
2019-07-13 16:35:40,645 INFO  ozoneimpl.OzoneContainer (OzoneContainer.java:start(186)) - Attempting to start container services.
2019-07-13 16:35:40,645 INFO  ozoneimpl.OzoneContainer (OzoneContainer.java:startContainerScrub(160)) - Background container scrubber has been disabled by hdds.containerscrub.enabled
2019-07-13 16:35:40,645 INFO  ratis.XceiverServerRatis (XceiverServerRatis.java:start(418)) - Starting XceiverServerRatis 1cd7b9af-ef64-42a5-ae20-92e50e9c0352 at port 0
2019-07-13 16:35:40,652 INFO  impl.RaftServerProxy (RaftServerProxy.java:lambda$start$3(299)) - 1cd7b9af-ef64-42a5-ae20-92e50e9c0352: start RPC server
2019-07-13 16:35:40,653 INFO  server.GrpcService (GrpcService.java:startImpl(149)) - 1cd7b9af-ef64-42a5-ae20-92e50e9c0352: GrpcService started, listening on 0.0.0.0/0.0.0.0:34222
2019-07-13 16:35:40,654 INFO  ratis.XceiverServerRatis (XceiverServerRatis.java:start(428)) - XceiverServerRatis 1cd7b9af-ef64-42a5-ae20-92e50e9c0352 is started using port 34222
2019-07-13 16:35:40,666 INFO  server.XceiverServerGrpc (XceiverServerGrpc.java:start(161)) - XceiverServerGrpc 1cd7b9af-ef64-42a5-ae20-92e50e9c0352 is started using port 35065
2019-07-13 16:35:40,976 INFO  ozone.MiniOzoneClusterImpl (MiniOzoneClusterImpl.java:lambda$waitForClusterToBeReady$0(142)) - Waiting for cluster to be ready. Got 0 of 7 DN Heartbeats.
2019-07-13 16:35:40,983 INFO  ozoneimpl.OzoneContainer (OzoneContainer.java:start(186)) - Attempting to start container services.
2019-07-13 16:35:40,983 INFO  ozoneimpl.OzoneContainer (OzoneContainer.java:startContainerScrub(160)) - Background container scrubber has been disabled by hdds.containerscrub.enabled
2019-07-13 16:35:40,983 INFO  ratis.XceiverServerRatis (XceiverServerRatis.java:start(418)) - Starting XceiverServerRatis 2c482ecb-d025-408e-a9d0-069b6cd60f7a at port 0
2019-07-13 16:35:40,991 INFO  impl.RaftServerProxy (RaftServerProxy.java:lambda$start$3(299)) - 2c482ecb-d025-408e-a9d0-069b6cd60f7a: start RPC server
2019-07-13 16:35:40,994 INFO  server.GrpcService (GrpcService.java:startImpl(149)) - 2c482ecb-d025-408e-a9d0-069b6cd60f7a: GrpcService started, listening on 0.0.0.0/0.0.0.0:39994
2019-07-13 16:35:40,994 INFO  ratis.XceiverServerRatis (XceiverServerRatis.java:start(428)) - XceiverServerRatis 2c482ecb-d025-408e-a9d0-069b6cd60f7a is started using port 39994
2019-07-13 16:35:40,994 INFO  server.XceiverServerGrpc (XceiverServerGrpc.java:start(161)) - XceiverServerGrpc 2c482ecb-d025-408e-a9d0-069b6cd60f7a is started using port 40052
2019-07-13 16:35:41,730 INFO  net.NetworkTopology (NetworkTopologyImpl.java:add(110)) - Added a new node: /default-rack/192.168.5.187
2019-07-13 16:35:41,733 INFO  node.SCMNodeManager (SCMNodeManager.java:register(269)) - Registered Data node : 8d176e4f-2c0f-4011-b4ab-9c159ff7b365{ip: 192.168.5.187, host: trunk-nightly-z92hn-1831959607, networkLocation: /default-rack, certSerialId: null}
2019-07-13 16:35:41,734 INFO  safemode.SCMSafeModeManager (DataNodeSafeModeRule.java:process(71)) - SCM in safe mode. 1 DataNodes registered, 1 required.
2019-07-13 16:35:41,736 INFO  safemode.SCMSafeModeManager (SCMSafeModeManager.java:validateSafeModeExitRules(177)) - ScmSafeModeManager, all rules are successfully validated
2019-07-13 16:35:41,736 INFO  safemode.SCMSafeModeManager (SCMSafeModeManager.java:exitSafeMode(193)) - SCM exiting safe mode.
2019-07-13 16:35:41,750 INFO  impl.RaftServerProxy (RaftServerProxy.java:addNew(89)) - 8d176e4f-2c0f-4011-b4ab-9c159ff7b365: addNew group-FACEAD079884:[8d176e4f-2c0f-4011-b4ab-9c159ff7b365:192.168.5.187:36564] returns group-FACEAD079884:java.util.concurrent.CompletableFuture@4446a557[Not completed]
2019-07-13 16:35:41,752 INFO  impl.RaftServerImpl (RaftServerImpl.java:<init>(93)) - 8d176e4f-2c0f-4011-b4ab-9c159ff7b365: new RaftServerImpl for group-FACEAD079884:[8d176e4f-2c0f-4011-b4ab-9c159ff7b365:192.168.5.187:36564] with ContainerStateMachine:uninitialized
2019-07-13 16:35:41,752 INFO  server.RaftServerConfigKeys (ConfUtils.java:logGet(43)) - raft.server.rpc.timeout.min = 5s (custom)
2019-07-13 16:35:41,752 INFO  server.RaftServerConfigKeys (ConfUtils.java:logGet(43)) - raft.server.rpc.timeout.max = 5200ms (custom)
2019-07-13 16:35:41,752 INFO  server.RaftServerConfigKeys (ConfUtils.java:logGet(43)) - raft.server.rpcslowness.timeout = 120s (custom)
2019-07-13 16:35:41,752 INFO  server.RaftServerConfigKeys (ConfUtils.java:logGet(43)) - raft.server.sleep.deviation.threshold = 300 (default)
2019-07-13 16:35:41,752 INFO  server.RaftServerConfigKeys (ConfUtils.java:logGet(43)) - raft.server.log.appender.install.snapshot.enabled = false (custom)
2019-07-13 16:35:41,753 INFO  impl.RaftServerImpl (ServerState.java:<init>(105)) - 8d176e4f-2c0f-4011-b4ab-9c159ff7b365:group-FACEAD079884 ConfigurationManager, init=-1: [8d176e4f-2c0f-4011-b4ab-9c159ff7b365:192.168.5.187:36564], old=null, confs=<EMPTY_MAP>
2019-07-13 16:35:41,753 INFO  server.RaftServerConfigKeys (ConfUtils.java:logGet(43)) - raft.server.storage.dir = [/tmp/workdir/hadoop-ozone/integration-test/target/test-dir/MiniOzoneClusterImpl-7cdf904c-cbcd-4688-ac37-82b6c94e7bff/datanode-0/data/ratis] (custom)
2019-07-13 16:35:41,753 INFO  storage.RaftStorageDirectory (RaftStorageDirectory.java:analyzeStorage(246)) - The storage directory /tmp/workdir/hadoop-ozone/integration-test/target/test-dir/MiniOzoneClusterImpl-7cdf904c-cbcd-4688-ac37-82b6c94e7bff/datanode-0/data/ratis/dd238063-545d-4fb4-891d-facead079884 does not exist. Creating ...
2019-07-13 16:35:41,758 INFO  storage.RaftStorageDirectory (RaftStorageDirectory.java:tryLock(328)) - Lock on /tmp/workdir/hadoop-ozone/integration-test/target/test-dir/MiniOzoneClusterImpl-7cdf904c-cbcd-4688-ac37-82b6c94e7bff/datanode-0/data/ratis/dd238063-545d-4fb4-891d-facead079884/in_use.lock acquired by nodename 30505@trunk-nightly-z92hn-1831959607
2019-07-13 16:35:41,761 INFO  storage.RaftStorage (RaftStorage.java:format(72)) - Storage directory /tmp/workdir/hadoop-ozone/integration-test/target/test-dir/MiniOzoneClusterImpl-7cdf904c-cbcd-4688-ac37-82b6c94e7bff/datanode-0/data/ratis/dd238063-545d-4fb4-891d-facead079884 has been successfully formatted.
2019-07-13 16:35:41,761 INFO  ratis.ContainerStateMachine (ContainerStateMachine.java:loadSnapshot(200)) - The snapshot info is null.Setting the last applied index to:(t:0, i:~)
2019-07-13 16:35:41,762 INFO  server.RaftServerConfigKeys (ConfUtils.java:logGet(43)) - raft.server.leader.election.timeout = 120s (custom)
2019-07-13 16:35:41,762 INFO  server.RaftServerConfigKeys (ConfUtils.java:logGet(43)) - raft.server.log.use.memory = false (default)
2019-07-13 16:35:41,762 INFO  server.RaftServerConfigKeys (ConfUtils.java:logGet(43)) - raft.server.log.purge.gap = 1000000000 (custom)
2019-07-13 16:35:41,762 INFO  server.RaftServerConfigKeys (ConfUtils.java:logGet(43)) - raft.server.log.appender.buffer.byte-limit = 33554432 (custom)
2019-07-13 16:35:41,762 INFO  server.RaftServerConfigKeys (ConfUtils.java:logGet(43)) - raft.server.log.segment.size.max = 1048576 (custom)
2019-07-13 16:35:41,762 INFO  server.RaftServerConfigKeys (ConfUtils.java:logGet(43)) - raft.server.log.segment.cache.num.max = 2 (custom)
2019-07-13 16:35:41,763 INFO  segmented.SegmentedRaftLogWorker (SegmentedRaftLogWorker.java:<init>(172)) - new 8d176e4f-2c0f-4011-b4ab-9c159ff7b365-SegmentedRaftLogWorker:Storage Directory /tmp/workdir/hadoop-ozone/integration-test/target/test-dir/MiniOzoneClusterImpl-7cdf904c-cbcd-4688-ac37-82b6c94e7bff/datanode-0/data/ratis/dd238063-545d-4fb4-891d-facead079884 for RaftStorage:Storage Directory /tmp/workdir/hadoop-ozone/integration-test/target/test-dir/MiniOzoneClusterImpl-7cdf904c-cbcd-4688-ac37-82b6c94e7bff/datanode-0/data/ratis/dd238063-545d-4fb4-891d-facead079884
2019-07-13 16:35:41,763 INFO  server.RaftServerConfigKeys (ConfUtils.java:logGet(43)) - raft.server.log.queue.byte-limit = 2147483647 (custom)
2019-07-13 16:35:41,763 INFO  server.RaftServerConfigKeys (ConfUtils.java:logGet(43)) - raft.server.log.queue.element-limit = 1024 (custom)
2019-07-13 16:35:41,764 INFO  server.RaftServerConfigKeys (ConfUtils.java:logGet(43)) - raft.server.log.segment.size.max = 1048576 (custom)
2019-07-13 16:35:41,764 INFO  server.RaftServerConfigKeys (ConfUtils.java:logGet(43)) - raft.server.log.preallocated.size = 16384 (custom)
2019-07-13 16:35:41,764 INFO  server.RaftServerConfigKeys (ConfUtils.java:logGet(43)) - raft.server.log.write.buffer.size = 33554432 (custom)
2019-07-13 16:35:41,764 INFO  server.RaftServerConfigKeys (ConfUtils.java:logGet(43)) - raft.server.log.force.sync.num = 128 (default)
2019-07-13 16:35:41,764 INFO  server.RaftServerConfigKeys (ConfUtils.java:logGet(43)) - raft.server.log.statemachine.data.sync = true (default)
2019-07-13 16:35:41,764 INFO  server.RaftServerConfigKeys (ConfUtils.java:logGet(43)) - raft.server.log.statemachine.data.sync.timeout = 10s (default)
2019-07-13 16:35:41,764 INFO  server.RaftServerConfigKeys (ConfUtils.java:logGet(43)) - raft.server.log.statemachine.data.sync.timeout.retry = -1 (default)
2019-07-13 16:35:41,765 INFO  server.RaftServerConfigKeys (ConfUtils.java:logGet(43)) - raft.server.log.statemachine.data.caching.enabled = true (custom)
2019-07-13 16:35:41,765 INFO  segmented.SegmentedRaftLogWorker (SegmentedRaftLogWorker.java:lambda$new$0(132)) - 8d176e4f-2c0f-4011-b4ab-9c159ff7b365-SegmentedRaftLogWorker:Storage Directory /tmp/workdir/hadoop-ozone/integration-test/target/test-dir/MiniOzoneClusterImpl-7cdf904c-cbcd-4688-ac37-82b6c94e7bff/datanode-0/data/ratis/dd238063-545d-4fb4-891d-facead079884: flushIndex: setUnconditionally 0 -> -1
2019-07-13 16:35:41,766 INFO  server.RaftServerConfigKeys (ConfUtils.java:logGet(43)) - raft.server.snapshot.auto.trigger.enabled = true (custom)
2019-07-13 16:35:41,766 INFO  server.RaftServerConfigKeys (ConfUtils.java:logGet(43)) - raft.server.snapshot.auto.trigger.threshold = 10000 (custom)
2019-07-13 16:35:41,766 INFO  server.RaftServerConfigKeys (ConfUtils.java:logGet(43)) - raft.server.retrycache.expirytime = 600000ms (custom)
2019-07-13 16:35:41,766 INFO  impl.RaftServerImpl (RaftServerImpl.java:start(180)) - 8d176e4f-2c0f-4011-b4ab-9c159ff7b365: start group-FACEAD079884
2019-07-13 16:35:41,766 INFO  impl.RaftServerImpl (RaftServerImpl.java:setRole(171)) - 8d176e4f-2c0f-4011-b4ab-9c159ff7b365:group-FACEAD079884 changes role from null to FOLLOWER at term 0 for startAsFollower
2019-07-13 16:35:41,766 INFO  impl.RoleInfo (RoleInfo.java:updateAndGet(143)) - 8d176e4f-2c0f-4011-b4ab-9c159ff7b365: start FollowerState
2019-07-13 16:35:41,768 INFO  util.JmxRegister (JmxRegister.java:tryRegister(44)) - Successfully registered JMX Bean with object name Ratis:service=RaftServer,group=group-FACEAD079884,id=8d176e4f-2c0f-4011-b4ab-9c159ff7b365
2019-07-13 16:35:41,772 INFO  pipeline.PipelineStateManager (PipelineStateManager.java:addPipeline(56)) - Created pipeline Pipeline[ Id: dd238063-545d-4fb4-891d-facead079884, Nodes: 8d176e4f-2c0f-4011-b4ab-9c159ff7b365{ip: 192.168.5.187, host: trunk-nightly-z92hn-1831959607, networkLocation: /default-rack, certSerialId: null}, Type:RATIS, Factor:ONE, State:OPEN]
2019-07-13 16:35:41,928 INFO  node.SCMNodeManager (SCMNodeManager.java:register(269)) - Registered Data node : 51aa53b0-526e-4007-8aae-2a4e36760f72{ip: 192.168.5.187, host: trunk-nightly-z92hn-1831959607, networkLocation: /default-rack, certSerialId: null}
2019-07-13 16:35:41,939 INFO  impl.RaftServerProxy (RaftServerProxy.java:addNew(89)) - 51aa53b0-526e-4007-8aae-2a4e36760f72: addNew group-CAFC1BE6CD85:[51aa53b0-526e-4007-8aae-2a4e36760f72:192.168.5.187:40345] returns group-CAFC1BE6CD85:java.util.concurrent.CompletableFuture@ed92da5[Not completed]
2019-07-13 16:35:41,940 INFO  impl.RaftServerImpl (RaftServerImpl.java:<init>(93)) - 51aa53b0-526e-4007-8aae-2a4e36760f72: new RaftServerImpl for group-CAFC1BE6CD85:[51aa53b0-526e-4007-8aae-2a4e36760f72:192.168.5.187:40345] with ContainerStateMachine:uninitialized
2019-07-13 16:35:41,940 INFO  server.RaftServerConfigKeys (ConfUtils.java:logGet(43)) - raft.server.rpc.timeout.min = 5s (custom)
2019-07-13 16:35:41,940 INFO  server.RaftServerConfigKeys (ConfUtils.java:logGet(43)) - raft.server.rpc.timeout.max = 5200ms (custom)
2019-07-13 16:35:41,940 INFO  server.RaftServerConfigKeys (ConfUtils.java:logGet(43)) - raft.server.rpcslowness.timeout = 120s (custom)
2019-07-13 16:35:41,940 INFO  server.RaftServerConfigKeys (ConfUtils.java:logGet(43)) - raft.server.sleep.deviation.threshold = 300 (default)
2019-07-13 16:35:41,941 INFO  server.RaftServerConfigKeys (ConfUtils.java:logGet(43)) - raft.server.log.appender.install.snapshot.enabled = false (custom)
2019-07-13 16:35:41,941 INFO  impl.RaftServerImpl (ServerState.java:<init>(105)) - 51aa53b0-526e-4007-8aae-2a4e36760f72:group-CAFC1BE6CD85 ConfigurationManager, init=-1: [51aa53b0-526e-4007-8aae-2a4e36760f72:192.168.5.187:40345], old=null, confs=<EMPTY_MAP>
2019-07-13 16:35:41,941 INFO  server.RaftServerConfigKeys (ConfUtils.java:logGet(43)) - raft.server.storage.dir = [/tmp/workdir/hadoop-ozone/integration-test/target/test-dir/MiniOzoneClusterImpl-7cdf904c-cbcd-4688-ac37-82b6c94e7bff/datanode-1/data/ratis] (custom)
2019-07-13 16:35:41,941 INFO  storage.RaftStorageDirectory (RaftStorageDirectory.java:analyzeStorage(246)) - The storage directory /tmp/workdir/hadoop-ozone/integration-test/target/test-dir/MiniOzoneClusterImpl-7cdf904c-cbcd-4688-ac37-82b6c94e7bff/datanode-1/data/ratis/6b9ba69f-891d-45ed-90c8-cafc1be6cd85 does not exist. Creating ...
2019-07-13 16:35:41,946 INFO  storage.RaftStorageDirectory (RaftStorageDirectory.java:tryLock(328)) - Lock on /tmp/workdir/hadoop-ozone/integration-test/target/test-dir/MiniOzoneClusterImpl-7cdf904c-cbcd-4688-ac37-82b6c94e7bff/datanode-1/data/ratis/6b9ba69f-891d-45ed-90c8-cafc1be6cd85/in_use.lock acquired by nodename 30505@trunk-nightly-z92hn-1831959607
2019-07-13 16:35:41,949 INFO  storage.RaftStorage (RaftStorage.java:format(72)) - Storage directory /tmp/workdir/hadoop-ozone/integration-test/target/test-dir/MiniOzoneClusterImpl-7cdf904c-cbcd-4688-ac37-82b6c94e7bff/datanode-1/data/ratis/6b9ba69f-891d-45ed-90c8-cafc1be6cd85 has been successfully formatted.
2019-07-13 16:35:41,949 INFO  ratis.ContainerStateMachine (ContainerStateMachine.java:loadSnapshot(200)) - The snapshot info is null.Setting the last applied index to:(t:0, i:~)
2019-07-13 16:35:41,950 INFO  server.RaftServerConfigKeys (ConfUtils.java:logGet(43)) - raft.server.leader.election.timeout = 120s (custom)
2019-07-13 16:35:41,950 INFO  server.RaftServerConfigKeys (ConfUtils.java:logGet(43)) - raft.server.log.use.memory = false (default)
2019-07-13 16:35:41,950 INFO  server.RaftServerConfigKeys (ConfUtils.java:logGet(43)) - raft.server.log.purge.gap = 1000000000 (custom)
2019-07-13 16:35:41,950 INFO  server.RaftServerConfigKeys (ConfUtils.java:logGet(43)) - raft.server.log.appender.buffer.byte-limit = 33554432 (custom)
2019-07-13 16:35:41,950 INFO  server.RaftServerConfigKeys (ConfUtils.java:logGet(43)) - raft.server.log.segment.size.max = 1048576 (custom)
2019-07-13 16:35:41,950 INFO  server.RaftServerConfigKeys (ConfUtils.java:logGet(43)) - raft.server.log.segment.cache.num.max = 2 (custom)
2019-07-13 16:35:41,951 INFO  segmented.SegmentedRaftLogWorker (SegmentedRaftLogWorker.java:<init>(172)) - new 51aa53b0-526e-4007-8aae-2a4e36760f72-SegmentedRaftLogWorker:Storage Directory /tmp/workdir/hadoop-ozone/integration-test/target/test-dir/MiniOzoneClusterImpl-7cdf904c-cbcd-4688-ac37-82b6c94e7bff/datanode-1/data/ratis/6b9ba69f-891d-45ed-90c8-cafc1be6cd85 for RaftStorage:Storage Directory /tmp/workdir/hadoop-ozone/integration-test/target/test-dir/MiniOzoneClusterImpl-7cdf904c-cbcd-4688-ac37-82b6c94e7bff/datanode-1/data/ratis/6b9ba69f-891d-45ed-90c8-cafc1be6cd85
2019-07-13 16:35:41,951 INFO  server.RaftServerConfigKeys (ConfUtils.java:logGet(43)) - raft.server.log.queue.byte-limit = 2147483647 (custom)
2019-07-13 16:35:41,951 INFO  server.RaftServerConfigKeys (ConfUtils.java:logGet(43)) - raft.server.log.queue.element-limit = 1024 (custom)
2019-07-13 16:35:41,951 INFO  server.RaftServerConfigKeys (ConfUtils.java:logGet(43)) - raft.server.log.segment.size.max = 1048576 (custom)
2019-07-13 16:35:41,951 INFO  server.RaftServerConfigKeys (ConfUtils.java:logGet(43)) - raft.server.log.preallocated.size = 16384 (custom)
2019-07-13 16:35:41,951 INFO  server.RaftServerConfigKeys (ConfUtils.java:logGet(43)) - raft.server.log.write.buffer.size = 33554432 (custom)
2019-07-13 16:35:41,951 INFO  server.RaftServerConfigKeys (ConfUtils.java:logGet(43)) - raft.server.log.force.sync.num = 128 (default)
2019-07-13 16:35:41,952 INFO  server.RaftServerConfigKeys (ConfUtils.java:logGet(43)) - raft.server.log.statemachine.data.sync = true (default)
2019-07-13 16:35:41,952 INFO  server.RaftServerConfigKeys (ConfUtils.java:logGet(43)) - raft.server.log.statemachine.data.sync.timeout = 10s (default)
2019-07-13 16:35:41,952 INFO  server.RaftServerConfigKeys (ConfUtils.java:logGet(43)) - raft.server.log.statemachine.data.sync.timeout.retry = -1 (default)
2019-07-13 16:35:41,952 INFO  server.RaftServerConfigKeys (ConfUtils.java:logGet(43)) - raft.server.log.statemachine.data.caching.enabled = true (custom)
2019-07-13 16:35:41,952 INFO  segmented.SegmentedRaftLogWorker (SegmentedRaftLogWorker.java:lambda$new$0(132)) - 51aa53b0-526e-4007-8aae-2a4e36760f72-SegmentedRaftLogWorker:Storage Directory /tmp/workdir/hadoop-ozone/integration-test/target/test-dir/MiniOzoneClusterImpl-7cdf904c-cbcd-4688-ac37-82b6c94e7bff/datanode-1/data/ratis/6b9ba69f-891d-45ed-90c8-cafc1be6cd85: flushIndex: setUnconditionally 0 -> -1
2019-07-13 16:35:41,953 INFO  server.RaftServerConfigKeys (ConfUtils.java:logGet(43)) - raft.server.snapshot.auto.trigger.enabled = true (custom)
2019-07-13 16:35:41,953 INFO  server.RaftServerConfigKeys (ConfUtils.java:logGet(43)) - raft.server.snapshot.auto.trigger.threshold = 10000 (custom)
2019-07-13 16:35:41,953 INFO  server.RaftServerConfigKeys (ConfUtils.java:logGet(43)) - raft.server.retrycache.expirytime = 600000ms (custom)
2019-07-13 16:35:41,953 INFO  impl.RaftServerImpl (RaftServerImpl.java:start(180)) - 51aa53b0-526e-4007-8aae-2a4e36760f72: start group-CAFC1BE6CD85
2019-07-13 16:35:41,953 INFO  impl.RaftServerImpl (RaftServerImpl.java:setRole(171)) - 51aa53b0-526e-4007-8aae-2a4e36760f72:group-CAFC1BE6CD85 changes role from null to FOLLOWER at term 0 for startAsFollower
2019-07-13 16:35:41,954 INFO  impl.RoleInfo (RoleInfo.java:updateAndGet(143)) - 51aa53b0-526e-4007-8aae-2a4e36760f72: start FollowerState
2019-07-13 16:35:41,954 INFO  util.JmxRegister (JmxRegister.java:tryRegister(44)) - Successfully registered JMX Bean with object name Ratis:service=RaftServer,group=group-CAFC1BE6CD85,id=51aa53b0-526e-4007-8aae-2a4e36760f72
2019-07-13 16:35:41,958 INFO  pipeline.PipelineStateManager (PipelineStateManager.java:addPipeline(56)) - Created pipeline Pipeline[ Id: 6b9ba69f-891d-45ed-90c8-cafc1be6cd85, Nodes: 51aa53b0-526e-4007-8aae-2a4e36760f72{ip: 192.168.5.187, host: trunk-nightly-z92hn-1831959607, networkLocation: /default-rack, certSerialId: null}, Type:RATIS, Factor:ONE, State:OPEN]
2019-07-13 16:35:41,977 INFO  ozone.MiniOzoneClusterImpl (MiniOzoneClusterImpl.java:lambda$waitForClusterToBeReady$0(142)) - Waiting for cluster to be ready. Got 2 of 7 DN Heartbeats.
2019-07-13 16:35:42,093 INFO  node.SCMNodeManager (SCMNodeManager.java:register(269)) - Registered Data node : e76ebeb5-19b0-4107-ac96-bb6964534b89{ip: 192.168.5.187, host: trunk-nightly-z92hn-1831959607, networkLocation: /default-rack, certSerialId: null}
2019-07-13 16:35:42,111 INFO  impl.RaftServerProxy (RaftServerProxy.java:addNew(89)) - e76ebeb5-19b0-4107-ac96-bb6964534b89: addNew group-F13ABADECAAA:[e76ebeb5-19b0-4107-ac96-bb6964534b89:192.168.5.187:40104] returns group-F13ABADECAAA:java.util.concurrent.CompletableFuture@77acbf31[Not completed]
2019-07-13 16:35:42,112 INFO  impl.RaftServerImpl (RaftServerImpl.java:<init>(93)) - e76ebeb5-19b0-4107-ac96-bb6964534b89: new RaftServerImpl for group-F13ABADECAAA:[e76ebeb5-19b0-4107-ac96-bb6964534b89:192.168.5.187:40104] with ContainerStateMachine:uninitialized
2019-07-13 16:35:42,112 INFO  server.RaftServerConfigKeys (ConfUtils.java:logGet(43)) - raft.server.rpc.timeout.min = 5s (custom)
2019-07-13 16:35:42,113 INFO  server.RaftServerConfigKeys (ConfUtils.java:logGet(43)) - raft.server.rpc.timeout.max = 5200ms (custom)
2019-07-13 16:35:42,113 INFO  server.RaftServerConfigKeys (ConfUtils.java:logGet(43)) - raft.server.rpcslowness.timeout = 120s (custom)
2019-07-13 16:35:42,113 INFO  server.RaftServerConfigKeys (ConfUtils.java:logGet(43)) - raft.server.sleep.deviation.threshold = 300 (default)
2019-07-13 16:35:42,113 INFO  server.RaftServerConfigKeys (ConfUtils.java:logGet(43)) - raft.server.log.appender.install.snapshot.enabled = false (custom)
2019-07-13 16:35:42,113 INFO  impl.RaftServerImpl (ServerState.java:<init>(105)) - e76ebeb5-19b0-4107-ac96-bb6964534b89:group-F13ABADECAAA ConfigurationManager, init=-1: [e76ebeb5-19b0-4107-ac96-bb6964534b89:192.168.5.187:40104], old=null, confs=<EMPTY_MAP>
2019-07-13 16:35:42,113 INFO  server.RaftServerConfigKeys (ConfUtils.java:logGet(43)) - raft.server.storage.dir = [/tmp/workdir/hadoop-ozone/integration-test/target/test-dir/MiniOzoneClusterImpl-7cdf904c-cbcd-4688-ac37-82b6c94e7bff/datanode-2/data/ratis] (custom)
2019-07-13 16:35:42,114 INFO  storage.RaftStorageDirectory (RaftStorageDirectory.java:analyzeStorage(246)) - The storage directory /tmp/workdir/hadoop-ozone/integration-test/target/test-dir/MiniOzoneClusterImpl-7cdf904c-cbcd-4688-ac37-82b6c94e7bff/datanode-2/data/ratis/f91094f0-939e-4157-8718-f13abadecaaa does not exist. Creating ...
2019-07-13 16:35:42,125 INFO  storage.RaftStorageDirectory (RaftStorageDirectory.java:tryLock(328)) - Lock on /tmp/workdir/hadoop-ozone/integration-test/target/test-dir/MiniOzoneClusterImpl-7cdf904c-cbcd-4688-ac37-82b6c94e7bff/datanode-2/data/ratis/f91094f0-939e-4157-8718-f13abadecaaa/in_use.lock acquired by nodename 30505@trunk-nightly-z92hn-1831959607
2019-07-13 16:35:42,137 INFO  storage.RaftStorage (RaftStorage.java:format(72)) - Storage directory /tmp/workdir/hadoop-ozone/integration-test/target/test-dir/MiniOzoneClusterImpl-7cdf904c-cbcd-4688-ac37-82b6c94e7bff/datanode-2/data/ratis/f91094f0-939e-4157-8718-f13abadecaaa has been successfully formatted.
2019-07-13 16:35:42,137 INFO  ratis.ContainerStateMachine (ContainerStateMachine.java:loadSnapshot(200)) - The snapshot info is null.Setting the last applied index to:(t:0, i:~)
2019-07-13 16:35:42,137 INFO  server.RaftServerConfigKeys (ConfUtils.java:logGet(43)) - raft.server.leader.election.timeout = 120s (custom)
2019-07-13 16:35:42,138 INFO  server.RaftServerConfigKeys (ConfUtils.java:logGet(43)) - raft.server.log.use.memory = false (default)
2019-07-13 16:35:42,138 INFO  server.RaftServerConfigKeys (ConfUtils.java:logGet(43)) - raft.server.log.purge.gap = 1000000000 (custom)
2019-07-13 16:35:42,138 INFO  server.RaftServerConfigKeys (ConfUtils.java:logGet(43)) - raft.server.log.appender.buffer.byte-limit = 33554432 (custom)
2019-07-13 16:35:42,138 INFO  server.RaftServerConfigKeys (ConfUtils.java:logGet(43)) - raft.server.log.segment.size.max = 1048576 (custom)
2019-07-13 16:35:42,138 INFO  server.RaftServerConfigKeys (ConfUtils.java:logGet(43)) - raft.server.log.segment.cache.num.max = 2 (custom)
2019-07-13 16:35:42,138 INFO  segmented.SegmentedRaftLogWorker (SegmentedRaftLogWorker.java:<init>(172)) - new e76ebeb5-19b0-4107-ac96-bb6964534b89-SegmentedRaftLogWorker:Storage Directory /tmp/workdir/hadoop-ozone/integration-test/target/test-dir/MiniOzoneClusterImpl-7cdf904c-cbcd-4688-ac37-82b6c94e7bff/datanode-2/data/ratis/f91094f0-939e-4157-8718-f13abadecaaa for RaftStorage:Storage Directory /tmp/workdir/hadoop-ozone/integration-test/target/test-dir/MiniOzoneClusterImpl-7cdf904c-cbcd-4688-ac37-82b6c94e7bff/datanode-2/data/ratis/f91094f0-939e-4157-8718-f13abadecaaa
2019-07-13 16:35:42,139 INFO  server.RaftServerConfigKeys (ConfUtils.java:logGet(43)) - raft.server.log.queue.byte-limit = 2147483647 (custom)
2019-07-13 16:35:42,139 INFO  server.RaftServerConfigKeys (ConfUtils.java:logGet(43)) - raft.server.log.queue.element-limit = 1024 (custom)
2019-07-13 16:35:42,139 INFO  server.RaftServerConfigKeys (ConfUtils.java:logGet(43)) - raft.server.log.segment.size.max = 1048576 (custom)
2019-07-13 16:35:42,139 INFO  server.RaftServerConfigKeys (ConfUtils.java:logGet(43)) - raft.server.log.preallocated.size = 16384 (custom)
2019-07-13 16:35:42,139 INFO  server.RaftServerConfigKeys (ConfUtils.java:logGet(43)) - raft.server.log.write.buffer.size = 33554432 (custom)
2019-07-13 16:35:42,140 INFO  server.RaftServerConfigKeys (ConfUtils.java:logGet(43)) - raft.server.log.force.sync.num = 128 (default)
2019-07-13 16:35:42,140 INFO  server.RaftServerConfigKeys (ConfUtils.java:logGet(43)) - raft.server.log.statemachine.data.sync = true (default)
2019-07-13 16:35:42,140 INFO  server.RaftServerConfigKeys (ConfUtils.java:logGet(43)) - raft.server.log.statemachine.data.sync.timeout = 10s (default)
2019-07-13 16:35:42,140 INFO  server.RaftServerConfigKeys (ConfUtils.java:logGet(43)) - raft.server.log.statemachine.data.sync.timeout.retry = -1 (default)
2019-07-13 16:35:42,140 INFO  server.RaftServerConfigKeys (ConfUtils.java:logGet(43)) - raft.server.log.statemachine.data.caching.enabled = true (custom)
2019-07-13 16:35:42,141 INFO  segmented.SegmentedRaftLogWorker (SegmentedRaftLogWorker.java:lambda$new$0(132)) - e76ebeb5-19b0-4107-ac96-bb6964534b89-SegmentedRaftLogWorker:Storage Directory /tmp/workdir/hadoop-ozone/integration-test/target/test-dir/MiniOzoneClusterImpl-7cdf904c-cbcd-4688-ac37-82b6c94e7bff/datanode-2/data/ratis/f91094f0-939e-4157-8718-f13abadecaaa: flushIndex: setUnconditionally 0 -> -1
2019-07-13 16:35:42,141 INFO  server.RaftServerConfigKeys (ConfUtils.java:logGet(43)) - raft.server.snapshot.auto.trigger.enabled = true (custom)
2019-07-13 16:35:42,141 INFO  server.RaftServerConfigKeys (ConfUtils.java:logGet(43)) - raft.server.snapshot.auto.trigger.threshold = 10000 (custom)
2019-07-13 16:35:42,141 INFO  server.RaftServerConfigKeys (ConfUtils.java:logGet(43)) - raft.server.retrycache.expirytime = 600000ms (custom)
2019-07-13 16:35:42,142 INFO  impl.RaftServerImpl (RaftServerImpl.java:start(180)) - e76ebeb5-19b0-4107-ac96-bb6964534b89: start group-F13ABADECAAA
2019-07-13 16:35:42,142 INFO  impl.RaftServerImpl (RaftServerImpl.java:setRole(171)) - e76ebeb5-19b0-4107-ac96-bb6964534b89:group-F13ABADECAAA changes role from null to FOLLOWER at term 0 for startAsFollower
2019-07-13 16:35:42,142 INFO  impl.RoleInfo (RoleInfo.java:updateAndGet(143)) - e76ebeb5-19b0-4107-ac96-bb6964534b89: start FollowerState
2019-07-13 16:35:42,142 INFO  util.JmxRegister (JmxRegister.java:tryRegister(44)) - Successfully registered JMX Bean with object name Ratis:service=RaftServer,group=group-F13ABADECAAA,id=e76ebeb5-19b0-4107-ac96-bb6964534b89
2019-07-13 16:35:42,147 INFO  pipeline.PipelineStateManager (PipelineStateManager.java:addPipeline(56)) - Created pipeline Pipeline[ Id: f91094f0-939e-4157-8718-f13abadecaaa, Nodes: e76ebeb5-19b0-4107-ac96-bb6964534b89{ip: 192.168.5.187, host: trunk-nightly-z92hn-1831959607, networkLocation: /default-rack, certSerialId: null}, Type:RATIS, Factor:ONE, State:OPEN]
2019-07-13 16:35:42,166 INFO  impl.RaftServerProxy (RaftServerProxy.java:addNew(89)) - 51aa53b0-526e-4007-8aae-2a4e36760f72: addNew group-09652ED9C2F7:[8d176e4f-2c0f-4011-b4ab-9c159ff7b365:192.168.5.187:36564, 51aa53b0-526e-4007-8aae-2a4e36760f72:192.168.5.187:40345, e76ebeb5-19b0-4107-ac96-bb6964534b89:192.168.5.187:40104] returns group-09652ED9C2F7:java.util.concurrent.CompletableFuture@1b1ca82[Not completed]
2019-07-13 16:35:42,169 INFO  impl.RaftServerProxy (RaftServerProxy.java:addNew(89)) - 8d176e4f-2c0f-4011-b4ab-9c159ff7b365: addNew group-09652ED9C2F7:[8d176e4f-2c0f-4011-b4ab-9c159ff7b365:192.168.5.187:36564, 51aa53b0-526e-4007-8aae-2a4e36760f72:192.168.5.187:40345, e76ebeb5-19b0-4107-ac96-bb6964534b89:192.168.5.187:40104] returns group-09652ED9C2F7:java.util.concurrent.CompletableFuture@6d2fc6b6[Not completed]
2019-07-13 16:35:42,169 INFO  impl.RaftServerProxy (RaftServerProxy.java:addNew(89)) - e76ebeb5-19b0-4107-ac96-bb6964534b89: addNew group-09652ED9C2F7:[8d176e4f-2c0f-4011-b4ab-9c159ff7b365:192.168.5.187:36564, 51aa53b0-526e-4007-8aae-2a4e36760f72:192.168.5.187:40345, e76ebeb5-19b0-4107-ac96-bb6964534b89:192.168.5.187:40104] returns group-09652ED9C2F7:java.util.concurrent.CompletableFuture@27e25192[Not completed]
2019-07-13 16:35:42,170 INFO  impl.RaftServerImpl (RaftServerImpl.java:<init>(93)) - 8d176e4f-2c0f-4011-b4ab-9c159ff7b365: new RaftServerImpl for group-09652ED9C2F7:[8d176e4f-2c0f-4011-b4ab-9c159ff7b365:192.168.5.187:36564, 51aa53b0-526e-4007-8aae-2a4e36760f72:192.168.5.187:40345, e76ebeb5-19b0-4107-ac96-bb6964534b89:192.168.5.187:40104] with ContainerStateMachine:uninitialized
2019-07-13 16:35:42,170 INFO  server.RaftServerConfigKeys (ConfUtils.java:logGet(43)) - raft.server.rpc.timeout.min = 5s (custom)
2019-07-13 16:35:42,171 INFO  server.RaftServerConfigKeys (ConfUtils.java:logGet(43)) - raft.server.rpc.timeout.max = 5200ms (custom)
2019-07-13 16:35:42,171 INFO  server.RaftServerConfigKeys (ConfUtils.java:logGet(43)) - raft.server.rpcslowness.timeout = 120s (custom)
2019-07-13 16:35:42,171 INFO  impl.RaftServerImpl (RaftServerImpl.java:<init>(93)) - e76ebeb5-19b0-4107-ac96-bb6964534b89: new RaftServerImpl for group-09652ED9C2F7:[8d176e4f-2c0f-4011-b4ab-9c159ff7b365:192.168.5.187:36564, 51aa53b0-526e-4007-8aae-2a4e36760f72:192.168.5.187:40345, e76ebeb5-19b0-4107-ac96-bb6964534b89:192.168.5.187:40104] with ContainerStateMachine:uninitialized
2019-07-13 16:35:42,171 INFO  server.RaftServerConfigKeys (ConfUtils.java:logGet(43)) - raft.server.sleep.deviation.threshold = 300 (default)
2019-07-13 16:35:42,171 INFO  impl.RaftServerImpl (RaftServerImpl.java:<init>(93)) - 51aa53b0-526e-4007-8aae-2a4e36760f72: new RaftServerImpl for group-09652ED9C2F7:[8d176e4f-2c0f-4011-b4ab-9c159ff7b365:192.168.5.187:36564, 51aa53b0-526e-4007-8aae-2a4e36760f72:192.168.5.187:40345, e76ebeb5-19b0-4107-ac96-bb6964534b89:192.168.5.187:40104] with ContainerStateMachine:uninitialized
2019-07-13 16:35:42,171 INFO  server.RaftServerConfigKeys (ConfUtils.java:logGet(43)) - raft.server.rpc.timeout.min = 5s (custom)
2019-07-13 16:35:42,171 INFO  server.RaftServerConfigKeys (ConfUtils.java:logGet(43)) - raft.server.rpc.timeout.min = 5s (custom)
2019-07-13 16:35:42,172 INFO  server.RaftServerConfigKeys (ConfUtils.java:logGet(43)) - raft.server.rpc.timeout.max = 5200ms (custom)
2019-07-13 16:35:42,171 INFO  server.RaftServerConfigKeys (ConfUtils.java:logGet(43)) - raft.server.log.appender.install.snapshot.enabled = false (custom)
2019-07-13 16:35:42,172 INFO  server.RaftServerConfigKeys (ConfUtils.java:logGet(43)) - raft.server.rpcslowness.timeout = 120s (custom)
2019-07-13 16:35:42,171 INFO  server.RaftServerConfigKeys (ConfUtils.java:logGet(43)) - raft.server.rpc.timeout.max = 5200ms (custom)
2019-07-13 16:35:42,172 INFO  server.RaftServerConfigKeys (ConfUtils.java:logGet(43)) - raft.server.sleep.deviation.threshold = 300 (default)
2019-07-13 16:35:42,172 INFO  server.RaftServerConfigKeys (ConfUtils.java:logGet(43)) - raft.server.log.appender.install.snapshot.enabled = false (custom)
2019-07-13 16:35:42,172 INFO  impl.RaftServerImpl (ServerState.java:<init>(105)) - 8d176e4f-2c0f-4011-b4ab-9c159ff7b365:group-09652ED9C2F7 ConfigurationManager, init=-1: [8d176e4f-2c0f-4011-b4ab-9c159ff7b365:192.168.5.187:36564, 51aa53b0-526e-4007-8aae-2a4e36760f72:192.168.5.187:40345, e76ebeb5-19b0-4107-ac96-bb6964534b89:192.168.5.187:40104], old=null, confs=<EMPTY_MAP>
2019-07-13 16:35:42,173 INFO  impl.RaftServerImpl (ServerState.java:<init>(105)) - 51aa53b0-526e-4007-8aae-2a4e36760f72:group-09652ED9C2F7 ConfigurationManager, init=-1: [8d176e4f-2c0f-4011-b4ab-9c159ff7b365:192.168.5.187:36564, 51aa53b0-526e-4007-8aae-2a4e36760f72:192.168.5.187:40345, e76ebeb5-19b0-4107-ac96-bb6964534b89:192.168.5.187:40104], old=null, confs=<EMPTY_MAP>
2019-07-13 16:35:42,173 INFO  server.RaftServerConfigKeys (ConfUtils.java:logGet(43)) - raft.server.storage.dir = [/tmp/workdir/hadoop-ozone/integration-test/target/test-dir/MiniOzoneClusterImpl-7cdf904c-cbcd-4688-ac37-82b6c94e7bff/datanode-0/data/ratis] (custom)
2019-07-13 16:35:42,172 INFO  server.RaftServerConfigKeys (ConfUtils.java:logGet(43)) - raft.server.rpcslowness.timeout = 120s (custom)
2019-07-13 16:35:42,173 INFO  server.RaftServerConfigKeys (ConfUtils.java:logGet(43)) - raft.server.storage.dir = [/tmp/workdir/hadoop-ozone/integration-test/target/test-dir/MiniOzoneClusterImpl-7cdf904c-cbcd-4688-ac37-82b6c94e7bff/datanode-1/data/ratis] (custom)
2019-07-13 16:35:42,173 INFO  storage.RaftStorageDirectory (RaftStorageDirectory.java:analyzeStorage(246)) - The storage directory /tmp/workdir/hadoop-ozone/integration-test/target/test-dir/MiniOzoneClusterImpl-7cdf904c-cbcd-4688-ac37-82b6c94e7bff/datanode-0/data/ratis/a454d92f-843c-423f-91b9-09652ed9c2f7 does not exist. Creating ...
2019-07-13 16:35:42,173 INFO  server.RaftServerConfigKeys (ConfUtils.java:logGet(43)) - raft.server.sleep.deviation.threshold = 300 (default)
2019-07-13 16:35:42,174 INFO  storage.RaftStorageDirectory (RaftStorageDirectory.java:analyzeStorage(246)) - The storage directory /tmp/workdir/hadoop-ozone/integration-test/target/test-dir/MiniOzoneClusterImpl-7cdf904c-cbcd-4688-ac37-82b6c94e7bff/datanode-1/data/ratis/a454d92f-843c-423f-91b9-09652ed9c2f7 does not exist. Creating ...
2019-07-13 16:35:42,174 INFO  server.RaftServerConfigKeys (ConfUtils.java:logGet(43)) - raft.server.log.appender.install.snapshot.enabled = false (custom)
2019-07-13 16:35:42,174 INFO  impl.RaftServerImpl (ServerState.java:<init>(105)) - e76ebeb5-19b0-4107-ac96-bb6964534b89:group-09652ED9C2F7 ConfigurationManager, init=-1: [8d176e4f-2c0f-4011-b4ab-9c159ff7b365:192.168.5.187:36564, 51aa53b0-526e-4007-8aae-2a4e36760f72:192.168.5.187:40345, e76ebeb5-19b0-4107-ac96-bb6964534b89:192.168.5.187:40104], old=null, confs=<EMPTY_MAP>
2019-07-13 16:35:42,174 INFO  server.RaftServerConfigKeys (ConfUtils.java:logGet(43)) - raft.server.storage.dir = [/tmp/workdir/hadoop-ozone/integration-test/target/test-dir/MiniOzoneClusterImpl-7cdf904c-cbcd-4688-ac37-82b6c94e7bff/datanode-2/data/ratis] (custom)
2019-07-13 16:35:42,175 INFO  storage.RaftStorageDirectory (RaftStorageDirectory.java:analyzeStorage(246)) - The storage directory /tmp/workdir/hadoop-ozone/integration-test/target/test-dir/MiniOzoneClusterImpl-7cdf904c-cbcd-4688-ac37-82b6c94e7bff/datanode-2/data/ratis/a454d92f-843c-423f-91b9-09652ed9c2f7 does not exist. Creating ...
2019-07-13 16:35:42,186 INFO  storage.RaftStorageDirectory (RaftStorageDirectory.java:tryLock(328)) - Lock on /tmp/workdir/hadoop-ozone/integration-test/target/test-dir/MiniOzoneClusterImpl-7cdf904c-cbcd-4688-ac37-82b6c94e7bff/datanode-1/data/ratis/a454d92f-843c-423f-91b9-09652ed9c2f7/in_use.lock acquired by nodename 30505@trunk-nightly-z92hn-1831959607
2019-07-13 16:35:42,186 INFO  storage.RaftStorageDirectory (RaftStorageDirectory.java:tryLock(328)) - Lock on /tmp/workdir/hadoop-ozone/integration-test/target/test-dir/MiniOzoneClusterImpl-7cdf904c-cbcd-4688-ac37-82b6c94e7bff/datanode-2/data/ratis/a454d92f-843c-423f-91b9-09652ed9c2f7/in_use.lock acquired by nodename 30505@trunk-nightly-z92hn-1831959607
2019-07-13 16:35:42,186 INFO  storage.RaftStorageDirectory (RaftStorageDirectory.java:tryLock(328)) - Lock on /tmp/workdir/hadoop-ozone/integration-test/target/test-dir/MiniOzoneClusterImpl-7cdf904c-cbcd-4688-ac37-82b6c94e7bff/datanode-0/data/ratis/a454d92f-843c-423f-91b9-09652ed9c2f7/in_use.lock acquired by nodename 30505@trunk-nightly-z92hn-1831959607
2019-07-13 16:35:42,197 INFO  storage.RaftStorage (RaftStorage.java:format(72)) - Storage directory /tmp/workdir/hadoop-ozone/integration-test/target/test-dir/MiniOzoneClusterImpl-7cdf904c-cbcd-4688-ac37-82b6c94e7bff/datanode-2/data/ratis/a454d92f-843c-423f-91b9-09652ed9c2f7 has been successfully formatted.
2019-07-13 16:35:42,197 INFO  storage.RaftStorage (RaftStorage.java:format(72)) - Storage directory /tmp/workdir/hadoop-ozone/integration-test/target/test-dir/MiniOzoneClusterImpl-7cdf904c-cbcd-4688-ac37-82b6c94e7bff/datanode-1/data/ratis/a454d92f-843c-423f-91b9-09652ed9c2f7 has been successfully formatted.
2019-07-13 16:35:42,197 INFO  storage.RaftStorage (RaftStorage.java:format(72)) - Storage directory /tmp/workdir/hadoop-ozone/integration-test/target/test-dir/MiniOzoneClusterImpl-7cdf904c-cbcd-4688-ac37-82b6c94e7bff/datanode-0/data/ratis/a454d92f-843c-423f-91b9-09652ed9c2f7 has been successfully formatted.
2019-07-13 16:35:42,198 INFO  ratis.ContainerStateMachine (ContainerStateMachine.java:loadSnapshot(200)) - The snapshot info is null.Setting the last applied index to:(t:0, i:~)
2019-07-13 16:35:42,198 INFO  ratis.ContainerStateMachine (ContainerStateMachine.java:loadSnapshot(200)) - The snapshot info is null.Setting the last applied index to:(t:0, i:~)
2019-07-13 16:35:42,198 INFO  server.RaftServerConfigKeys (ConfUtils.java:logGet(43)) - raft.server.leader.election.timeout = 120s (custom)
2019-07-13 16:35:42,198 INFO  ratis.ContainerStateMachine (ContainerStateMachine.java:loadSnapshot(200)) - The snapshot info is null.Setting the last applied index to:(t:0, i:~)
2019-07-13 16:35:42,198 INFO  server.RaftServerConfigKeys (ConfUtils.java:logGet(43)) - raft.server.log.use.memory = false (default)
2019-07-13 16:35:42,198 INFO  server.RaftServerConfigKeys (ConfUtils.java:logGet(43)) - raft.server.leader.election.timeout = 120s (custom)
2019-07-13 16:35:42,199 INFO  server.RaftServerConfigKeys (ConfUtils.java:logGet(43)) - raft.server.log.purge.gap = 1000000000 (custom)
2019-07-13 16:35:42,198 INFO  server.RaftServerConfigKeys (ConfUtils.java:logGet(43)) - raft.server.leader.election.timeout = 120s (custom)
2019-07-13 16:35:42,199 INFO  server.RaftServerConfigKeys (ConfUtils.java:logGet(43)) - raft.server.log.appender.buffer.byte-limit = 33554432 (custom)
2019-07-13 16:35:42,199 INFO  server.RaftServerConfigKeys (ConfUtils.java:logGet(43)) - raft.server.log.use.memory = false (default)
2019-07-13 16:35:42,199 INFO  server.RaftServerConfigKeys (ConfUtils.java:logGet(43)) - raft.server.log.segment.size.max = 1048576 (custom)
2019-07-13 16:35:42,199 INFO  server.RaftServerConfigKeys (ConfUtils.java:logGet(43)) - raft.server.log.use.memory = false (default)
2019-07-13 16:35:42,199 INFO  server.RaftServerConfigKeys (ConfUtils.java:logGet(43)) - raft.server.log.segment.cache.num.max = 2 (custom)
2019-07-13 16:35:42,199 INFO  server.RaftServerConfigKeys (ConfUtils.java:logGet(43)) - raft.server.log.purge.gap = 1000000000 (custom)
2019-07-13 16:35:42,200 INFO  segmented.SegmentedRaftLogWorker (SegmentedRaftLogWorker.java:<init>(172)) - new 51aa53b0-526e-4007-8aae-2a4e36760f72-SegmentedRaftLogWorker:Storage Directory /tmp/workdir/hadoop-ozone/integration-test/target/test-dir/MiniOzoneClusterImpl-7cdf904c-cbcd-4688-ac37-82b6c94e7bff/datanode-1/data/ratis/a454d92f-843c-423f-91b9-09652ed9c2f7 for RaftStorage:Storage Directory /tmp/workdir/hadoop-ozone/integration-test/target/test-dir/MiniOzoneClusterImpl-7cdf904c-cbcd-4688-ac37-82b6c94e7bff/datanode-1/data/ratis/a454d92f-843c-423f-91b9-09652ed9c2f7
2019-07-13 16:35:42,200 INFO  server.RaftServerConfigKeys (ConfUtils.java:logGet(43)) - raft.server.log.purge.gap = 1000000000 (custom)
2019-07-13 16:35:42,200 INFO  server.RaftServerConfigKeys (ConfUtils.java:logGet(43)) - raft.server.log.queue.byte-limit = 2147483647 (custom)
2019-07-13 16:35:42,200 INFO  server.RaftServerConfigKeys (ConfUtils.java:logGet(43)) - raft.server.log.queue.element-limit = 1024 (custom)
2019-07-13 16:35:42,200 INFO  server.RaftServerConfigKeys (ConfUtils.java:logGet(43)) - raft.server.log.appender.buffer.byte-limit = 33554432 (custom)
2019-07-13 16:35:42,201 INFO  server.RaftServerConfigKeys (ConfUtils.java:logGet(43)) - raft.server.log.segment.size.max = 1048576 (custom)
2019-07-13 16:35:42,200 INFO  server.RaftServerConfigKeys (ConfUtils.java:logGet(43)) - raft.server.log.appender.buffer.byte-limit = 33554432 (custom)
2019-07-13 16:35:42,201 INFO  server.RaftServerConfigKeys (ConfUtils.java:logGet(43)) - raft.server.log.preallocated.size = 16384 (custom)
2019-07-13 16:35:42,201 INFO  server.RaftServerConfigKeys (ConfUtils.java:logGet(43)) - raft.server.log.segment.size.max = 1048576 (custom)
2019-07-13 16:35:42,201 INFO  server.RaftServerConfigKeys (ConfUtils.java:logGet(43)) - raft.server.log.write.buffer.size = 33554432 (custom)
2019-07-13 16:35:42,202 INFO  server.RaftServerConfigKeys (ConfUtils.java:logGet(43)) - raft.server.log.force.sync.num = 128 (default)
2019-07-13 16:35:42,201 INFO  server.RaftServerConfigKeys (ConfUtils.java:logGet(43)) - raft.server.log.segment.size.max = 1048576 (custom)
2019-07-13 16:35:42,202 INFO  server.RaftServerConfigKeys (ConfUtils.java:logGet(43)) - raft.server.log.statemachine.data.sync = true (default)
2019-07-13 16:35:42,202 INFO  server.RaftServerConfigKeys (ConfUtils.java:logGet(43)) - raft.server.log.statemachine.data.sync.timeout = 10s (default)
2019-07-13 16:35:42,201 INFO  server.RaftServerConfigKeys (ConfUtils.java:logGet(43)) - raft.server.log.segment.cache.num.max = 2 (custom)
2019-07-13 16:35:42,202 INFO  server.RaftServerConfigKeys (ConfUtils.java:logGet(43)) - raft.server.log.statemachine.data.sync.timeout.retry = -1 (default)
2019-07-13 16:35:42,202 INFO  server.RaftServerConfigKeys (ConfUtils.java:logGet(43)) - raft.server.log.segment.cache.num.max = 2 (custom)
2019-07-13 16:35:42,203 INFO  server.RaftServerConfigKeys (ConfUtils.java:logGet(43)) - raft.server.log.statemachine.data.caching.enabled = true (custom)
2019-07-13 16:35:42,202 INFO  segmented.SegmentedRaftLogWorker (SegmentedRaftLogWorker.java:<init>(172)) - new e76ebeb5-19b0-4107-ac96-bb6964534b89-SegmentedRaftLogWorker:Storage Directory /tmp/workdir/hadoop-ozone/integration-test/target/test-dir/MiniOzoneClusterImpl-7cdf904c-cbcd-4688-ac37-82b6c94e7bff/datanode-2/data/ratis/a454d92f-843c-423f-91b9-09652ed9c2f7 for RaftStorage:Storage Directory /tmp/workdir/hadoop-ozone/integration-test/target/test-dir/MiniOzoneClusterImpl-7cdf904c-cbcd-4688-ac37-82b6c94e7bff/datanode-2/data/ratis/a454d92f-843c-423f-91b9-09652ed9c2f7
2019-07-13 16:35:42,203 INFO  segmented.SegmentedRaftLogWorker (SegmentedRaftLogWorker.java:<init>(172)) - new 8d176e4f-2c0f-4011-b4ab-9c159ff7b365-SegmentedRaftLogWorker:Storage Directory /tmp/workdir/hadoop-ozone/integration-test/target/test-dir/MiniOzoneClusterImpl-7cdf904c-cbcd-4688-ac37-82b6c94e7bff/datanode-0/data/ratis/a454d92f-843c-423f-91b9-09652ed9c2f7 for RaftStorage:Storage Directory /tmp/workdir/hadoop-ozone/integration-test/target/test-dir/MiniOzoneClusterImpl-7cdf904c-cbcd-4688-ac37-82b6c94e7bff/datanode-0/data/ratis/a454d92f-843c-423f-91b9-09652ed9c2f7
2019-07-13 16:35:42,203 INFO  segmented.SegmentedRaftLogWorker (SegmentedRaftLogWorker.java:lambda$new$0(132)) - 51aa53b0-526e-4007-8aae-2a4e36760f72-SegmentedRaftLogWorker:Storage Directory /tmp/workdir/hadoop-ozone/integration-test/target/test-dir/MiniOzoneClusterImpl-7cdf904c-cbcd-4688-ac37-82b6c94e7bff/datanode-1/data/ratis/a454d92f-843c-423f-91b9-09652ed9c2f7: flushIndex: setUnconditionally 0 -> -1
2019-07-13 16:35:42,203 INFO  server.RaftServerConfigKeys (ConfUtils.java:logGet(43)) - raft.server.log.queue.byte-limit = 2147483647 (custom)
2019-07-13 16:35:42,203 INFO  server.RaftServerConfigKeys (ConfUtils.java:logGet(43)) - raft.server.log.queue.byte-limit = 2147483647 (custom)
2019-07-13 16:35:42,204 INFO  server.RaftServerConfigKeys (ConfUtils.java:logGet(43)) - raft.server.snapshot.auto.trigger.enabled = true (custom)
2019-07-13 16:35:42,203 INFO  server.RaftServerConfigKeys (ConfUtils.java:logGet(43)) - raft.server.log.queue.element-limit = 1024 (custom)
2019-07-13 16:35:42,204 INFO  server.RaftServerConfigKeys (ConfUtils.java:logGet(43)) - raft.server.snapshot.auto.trigger.threshold = 10000 (custom)
2019-07-13 16:35:42,204 INFO  server.RaftServerConfigKeys (ConfUtils.java:logGet(43)) - raft.server.log.queue.element-limit = 1024 (custom)
2019-07-13 16:35:42,204 INFO  server.RaftServerConfigKeys (ConfUtils.java:logGet(43)) - raft.server.retrycache.expirytime = 600000ms (custom)
2019-07-13 16:35:42,204 INFO  server.RaftServerConfigKeys (ConfUtils.java:logGet(43)) - raft.server.log.segment.size.max = 1048576 (custom)
2019-07-13 16:35:42,204 INFO  impl.RaftServerImpl (RaftServerImpl.java:start(180)) - 51aa53b0-526e-4007-8aae-2a4e36760f72: start group-09652ED9C2F7
2019-07-13 16:35:42,204 INFO  server.RaftServerConfigKeys (ConfUtils.java:logGet(43)) - raft.server.log.segment.size.max = 1048576 (custom)
2019-07-13 16:35:42,205 INFO  impl.RaftServerImpl (RaftServerImpl.java:setRole(171)) - 51aa53b0-526e-4007-8aae-2a4e36760f72:group-09652ED9C2F7 changes role from null to FOLLOWER at term 0 for startAsFollower
2019-07-13 16:35:42,205 INFO  impl.RoleInfo (RoleInfo.java:updateAndGet(143)) - 51aa53b0-526e-4007-8aae-2a4e36760f72: start FollowerState
2019-07-13 16:35:42,205 INFO  server.RaftServerConfigKeys (ConfUtils.java:logGet(43)) - raft.server.log.preallocated.size = 16384 (custom)
2019-07-13 16:35:42,205 INFO  server.RaftServerConfigKeys (ConfUtils.java:logGet(43)) - raft.server.log.preallocated.size = 16384 (custom)
2019-07-13 16:35:42,205 INFO  server.RaftServerConfigKeys (ConfUtils.java:logGet(43)) - raft.server.log.write.buffer.size = 33554432 (custom)
2019-07-13 16:35:42,205 INFO  util.JmxRegister (JmxRegister.java:tryRegister(44)) - Successfully registered JMX Bean with object name Ratis:service=RaftServer,group=group-09652ED9C2F7,id=51aa53b0-526e-4007-8aae-2a4e36760f72
2019-07-13 16:35:42,205 INFO  server.RaftServerConfigKeys (ConfUtils.java:logGet(43)) - raft.server.log.write.buffer.size = 33554432 (custom)
2019-07-13 16:35:42,206 INFO  server.RaftServerConfigKeys (ConfUtils.java:logGet(43)) - raft.server.log.force.sync.num = 128 (default)
2019-07-13 16:35:42,206 INFO  server.RaftServerConfigKeys (ConfUtils.java:logGet(43)) - raft.server.log.force.sync.num = 128 (default)
2019-07-13 16:35:42,206 INFO  server.RaftServerConfigKeys (ConfUtils.java:logGet(43)) - raft.server.log.statemachine.data.sync = true (default)
2019-07-13 16:35:42,206 INFO  server.RaftServerConfigKeys (ConfUtils.java:logGet(43)) - raft.server.log.statemachine.data.sync = true (default)
2019-07-13 16:35:42,206 INFO  server.RaftServerConfigKeys (ConfUtils.java:logGet(43)) - raft.server.log.statemachine.data.sync.timeout = 10s (default)
2019-07-13 16:35:42,206 INFO  server.RaftServerConfigKeys (ConfUtils.java:logGet(43)) - raft.server.log.statemachine.data.sync.timeout = 10s (default)
2019-07-13 16:35:42,207 INFO  server.RaftServerConfigKeys (ConfUtils.java:logGet(43)) - raft.server.log.statemachine.data.sync.timeout.retry = -1 (default)
2019-07-13 16:35:42,207 INFO  server.RaftServerConfigKeys (ConfUtils.java:logGet(43)) - raft.server.log.statemachine.data.sync.timeout.retry = -1 (default)
2019-07-13 16:35:42,209 INFO  server.RaftServerConfigKeys (ConfUtils.java:logGet(43)) - raft.server.log.statemachine.data.caching.enabled = true (custom)
2019-07-13 16:35:42,209 INFO  server.RaftServerConfigKeys (ConfUtils.java:logGet(43)) - raft.server.log.statemachine.data.caching.enabled = true (custom)
2019-07-13 16:35:42,210 INFO  segmented.SegmentedRaftLogWorker (SegmentedRaftLogWorker.java:lambda$new$0(132)) - e76ebeb5-19b0-4107-ac96-bb6964534b89-SegmentedRaftLogWorker:Storage Directory /tmp/workdir/hadoop-ozone/integration-test/target/test-dir/MiniOzoneClusterImpl-7cdf904c-cbcd-4688-ac37-82b6c94e7bff/datanode-2/data/ratis/a454d92f-843c-423f-91b9-09652ed9c2f7: flushIndex: setUnconditionally 0 -> -1
2019-07-13 16:35:42,210 INFO  segmented.SegmentedRaftLogWorker (SegmentedRaftLogWorker.java:lambda$new$0(132)) - 8d176e4f-2c0f-4011-b4ab-9c159ff7b365-SegmentedRaftLogWorker:Storage Directory /tmp/workdir/hadoop-ozone/integration-test/target/test-dir/MiniOzoneClusterImpl-7cdf904c-cbcd-4688-ac37-82b6c94e7bff/datanode-0/data/ratis/a454d92f-843c-423f-91b9-09652ed9c2f7: flushIndex: setUnconditionally 0 -> -1
2019-07-13 16:35:42,210 INFO  server.RaftServerConfigKeys (ConfUtils.java:logGet(43)) - raft.server.snapshot.auto.trigger.enabled = true (custom)
2019-07-13 16:35:42,210 INFO  server.RaftServerConfigKeys (ConfUtils.java:logGet(43)) - raft.server.snapshot.auto.trigger.threshold = 10000 (custom)
2019-07-13 16:35:42,210 INFO  server.RaftServerConfigKeys (ConfUtils.java:logGet(43)) - raft.server.snapshot.auto.trigger.enabled = true (custom)
2019-07-13 16:35:42,210 INFO  server.RaftServerConfigKeys (ConfUtils.java:logGet(43)) - raft.server.retrycache.expirytime = 600000ms (custom)
2019-07-13 16:35:42,210 INFO  server.RaftServerConfigKeys (ConfUtils.java:logGet(43)) - raft.server.snapshot.auto.trigger.threshold = 10000 (custom)
2019-07-13 16:35:42,210 INFO  impl.RaftServerImpl (RaftServerImpl.java:start(180)) - e76ebeb5-19b0-4107-ac96-bb6964534b89: start group-09652ED9C2F7
2019-07-13 16:35:42,211 INFO  server.RaftServerConfigKeys (ConfUtils.java:logGet(43)) - raft.server.retrycache.expirytime = 600000ms (custom)
2019-07-13 16:35:42,211 INFO  impl.RaftServerImpl (RaftServerImpl.java:setRole(171)) - e76ebeb5-19b0-4107-ac96-bb6964534b89:group-09652ED9C2F7 changes role from null to FOLLOWER at term 0 for startAsFollower
2019-07-13 16:35:42,211 INFO  impl.RaftServerImpl (RaftServerImpl.java:start(180)) - 8d176e4f-2c0f-4011-b4ab-9c159ff7b365: start group-09652ED9C2F7
2019-07-13 16:35:42,211 INFO  impl.RoleInfo (RoleInfo.java:updateAndGet(143)) - e76ebeb5-19b0-4107-ac96-bb6964534b89: start FollowerState
2019-07-13 16:35:42,211 INFO  impl.RaftServerImpl (RaftServerImpl.java:setRole(171)) - 8d176e4f-2c0f-4011-b4ab-9c159ff7b365:group-09652ED9C2F7 changes role from null to FOLLOWER at term 0 for startAsFollower
2019-07-13 16:35:42,211 INFO  impl.RoleInfo (RoleInfo.java:updateAndGet(143)) - 8d176e4f-2c0f-4011-b4ab-9c159ff7b365: start FollowerState
2019-07-13 16:35:42,211 INFO  util.JmxRegister (JmxRegister.java:tryRegister(44)) - Successfully registered JMX Bean with object name Ratis:service=RaftServer,group=group-09652ED9C2F7,id=e76ebeb5-19b0-4107-ac96-bb6964534b89
2019-07-13 16:35:42,212 INFO  util.JmxRegister (JmxRegister.java:tryRegister(44)) - Successfully registered JMX Bean with object name Ratis:service=RaftServer,group=group-09652ED9C2F7,id=8d176e4f-2c0f-4011-b4ab-9c159ff7b365
2019-07-13 16:35:42,218 INFO  pipeline.PipelineStateManager (PipelineStateManager.java:addPipeline(56)) - Created pipeline Pipeline[ Id: a454d92f-843c-423f-91b9-09652ed9c2f7, Nodes: 51aa53b0-526e-4007-8aae-2a4e36760f72{ip: 192.168.5.187, host: trunk-nightly-z92hn-1831959607, networkLocation: /default-rack, certSerialId: null}e76ebeb5-19b0-4107-ac96-bb6964534b89{ip: 192.168.5.187, host: trunk-nightly-z92hn-1831959607, networkLocation: /default-rack, certSerialId: null}8d176e4f-2c0f-4011-b4ab-9c159ff7b365{ip: 192.168.5.187, host: trunk-nightly-z92hn-1831959607, networkLocation: /default-rack, certSerialId: null}, Type:RATIS, Factor:THREE, State:OPEN]
2019-07-13 16:35:42,264 INFO  node.SCMNodeManager (SCMNodeManager.java:register(269)) - Registered Data node : 7e17895d-54f0-486b-b768-5d611b8730aa{ip: 192.168.5.187, host: trunk-nightly-z92hn-1831959607, networkLocation: /default-rack, certSerialId: null}
2019-07-13 16:35:42,273 INFO  impl.RaftServerProxy (RaftServerProxy.java:addNew(89)) - 7e17895d-54f0-486b-b768-5d611b8730aa: addNew group-20229CE01CC5:[7e17895d-54f0-486b-b768-5d611b8730aa:192.168.5.187:33673] returns group-20229CE01CC5:java.util.concurrent.CompletableFuture@82f5187[Not completed]
2019-07-13 16:35:42,274 INFO  impl.RaftServerImpl (RaftServerImpl.java:<init>(93)) - 7e17895d-54f0-486b-b768-5d611b8730aa: new RaftServerImpl for group-20229CE01CC5:[7e17895d-54f0-486b-b768-5d611b8730aa:192.168.5.187:33673] with ContainerStateMachine:uninitialized
2019-07-13 16:35:42,274 INFO  server.RaftServerConfigKeys (ConfUtils.java:logGet(43)) - raft.server.rpc.timeout.min = 5s (custom)
2019-07-13 16:35:42,275 INFO  server.RaftServerConfigKeys (ConfUtils.java:logGet(43)) - raft.server.rpc.timeout.max = 5200ms (custom)
2019-07-13 16:35:42,275 INFO  server.RaftServerConfigKeys (ConfUtils.java:logGet(43)) - raft.server.rpcslowness.timeout = 120s (custom)
2019-07-13 16:35:42,275 INFO  server.RaftServerConfigKeys (ConfUtils.java:logGet(43)) - raft.server.sleep.deviation.threshold = 300 (default)
2019-07-13 16:35:42,275 INFO  server.RaftServerConfigKeys (ConfUtils.java:logGet(43)) - raft.server.log.appender.install.snapshot.enabled = false (custom)
2019-07-13 16:35:42,275 INFO  impl.RaftServerImpl (ServerState.java:<init>(105)) - 7e17895d-54f0-486b-b768-5d611b8730aa:group-20229CE01CC5 ConfigurationManager, init=-1: [7e17895d-54f0-486b-b768-5d611b8730aa:192.168.5.187:33673], old=null, confs=<EMPTY_MAP>
2019-07-13 16:35:42,275 INFO  server.RaftServerConfigKeys (ConfUtils.java:logGet(43)) - raft.server.storage.dir = [/tmp/workdir/hadoop-ozone/integration-test/target/test-dir/MiniOzoneClusterImpl-7cdf904c-cbcd-4688-ac37-82b6c94e7bff/datanode-3/data/ratis] (custom)
2019-07-13 16:35:42,276 INFO  storage.RaftStorageDirectory (RaftStorageDirectory.java:analyzeStorage(246)) - The storage directory /tmp/workdir/hadoop-ozone/integration-test/target/test-dir/MiniOzoneClusterImpl-7cdf904c-cbcd-4688-ac37-82b6c94e7bff/datanode-3/data/ratis/9bf73482-a1bb-4926-8219-20229ce01cc5 does not exist. Creating ...
2019-07-13 16:35:42,281 INFO  storage.RaftStorageDirectory (RaftStorageDirectory.java:tryLock(328)) - Lock on /tmp/workdir/hadoop-ozone/integration-test/target/test-dir/MiniOzoneClusterImpl-7cdf904c-cbcd-4688-ac37-82b6c94e7bff/datanode-3/data/ratis/9bf73482-a1bb-4926-8219-20229ce01cc5/in_use.lock acquired by nodename 30505@trunk-nightly-z92hn-1831959607
2019-07-13 16:35:42,292 INFO  storage.RaftStorage (RaftStorage.java:format(72)) - Storage directory /tmp/workdir/hadoop-ozone/integration-test/target/test-dir/MiniOzoneClusterImpl-7cdf904c-cbcd-4688-ac37-82b6c94e7bff/datanode-3/data/ratis/9bf73482-a1bb-4926-8219-20229ce01cc5 has been successfully formatted.
2019-07-13 16:35:42,293 INFO  ratis.ContainerStateMachine (ContainerStateMachine.java:loadSnapshot(200)) - The snapshot info is null.Setting the last applied index to:(t:0, i:~)
2019-07-13 16:35:42,293 INFO  server.RaftServerConfigKeys (ConfUtils.java:logGet(43)) - raft.server.leader.election.timeout = 120s (custom)
2019-07-13 16:35:42,293 INFO  server.RaftServerConfigKeys (ConfUtils.java:logGet(43)) - raft.server.log.use.memory = false (default)
2019-07-13 16:35:42,293 INFO  server.RaftServerConfigKeys (ConfUtils.java:logGet(43)) - raft.server.log.purge.gap = 1000000000 (custom)
2019-07-13 16:35:42,293 INFO  server.RaftServerConfigKeys (ConfUtils.java:logGet(43)) - raft.server.log.appender.buffer.byte-limit = 33554432 (custom)
2019-07-13 16:35:42,293 INFO  server.RaftServerConfigKeys (ConfUtils.java:logGet(43)) - raft.server.log.segment.size.max = 1048576 (custom)
2019-07-13 16:35:42,293 INFO  server.RaftServerConfigKeys (ConfUtils.java:logGet(43)) - raft.server.log.segment.cache.num.max = 2 (custom)
2019-07-13 16:35:42,294 INFO  segmented.SegmentedRaftLogWorker (SegmentedRaftLogWorker.java:<init>(172)) - new 7e17895d-54f0-486b-b768-5d611b8730aa-SegmentedRaftLogWorker:Storage Directory /tmp/workdir/hadoop-ozone/integration-test/target/test-dir/MiniOzoneClusterImpl-7cdf904c-cbcd-4688-ac37-82b6c94e7bff/datanode-3/data/ratis/9bf73482-a1bb-4926-8219-20229ce01cc5 for RaftStorage:Storage Directory /tmp/workdir/hadoop-ozone/integration-test/target/test-dir/MiniOzoneClusterImpl-7cdf904c-cbcd-4688-ac37-82b6c94e7bff/datanode-3/data/ratis/9bf73482-a1bb-4926-8219-20229ce01cc5
2019-07-13 16:35:42,294 INFO  server.RaftServerConfigKeys (ConfUtils.java:logGet(43)) - raft.server.log.queue.byte-limit = 2147483647 (custom)
2019-07-13 16:35:42,294 INFO  server.RaftServerConfigKeys (ConfUtils.java:logGet(43)) - raft.server.log.queue.element-limit = 1024 (custom)
2019-07-13 16:35:42,294 INFO  server.RaftServerConfigKeys (ConfUtils.java:logGet(43)) - raft.server.log.segment.size.max = 1048576 (custom)
2019-07-13 16:35:42,294 INFO  server.RaftServerConfigKeys (ConfUtils.java:logGet(43)) - raft.server.log.preallocated.size = 16384 (custom)
2019-07-13 16:35:42,295 INFO  server.RaftServerConfigKeys (ConfUtils.java:logGet(43)) - raft.server.log.write.buffer.size = 33554432 (custom)
2019-07-13 16:35:42,295 INFO  server.RaftServerConfigKeys (ConfUtils.java:logGet(43)) - raft.server.log.force.sync.num = 128 (default)
2019-07-13 16:35:42,295 INFO  server.RaftServerConfigKeys (ConfUtils.java:logGet(43)) - raft.server.log.statemachine.data.sync = true (default)
2019-07-13 16:35:42,295 INFO  server.RaftServerConfigKeys (ConfUtils.java:logGet(43)) - raft.server.log.statemachine.data.sync.timeout = 10s (default)
2019-07-13 16:35:42,295 INFO  server.RaftServerConfigKeys (ConfUtils.java:logGet(43)) - raft.server.log.statemachine.data.sync.timeout.retry = -1 (default)
2019-07-13 16:35:42,295 INFO  server.RaftServerConfigKeys (ConfUtils.java:logGet(43)) - raft.server.log.statemachine.data.caching.enabled = true (custom)
2019-07-13 16:35:42,296 INFO  segmented.SegmentedRaftLogWorker (SegmentedRaftLogWorker.java:lambda$new$0(132)) - 7e17895d-54f0-486b-b768-5d611b8730aa-SegmentedRaftLogWorker:Storage Directory /tmp/workdir/hadoop-ozone/integration-test/target/test-dir/MiniOzoneClusterImpl-7cdf904c-cbcd-4688-ac37-82b6c94e7bff/datanode-3/data/ratis/9bf73482-a1bb-4926-8219-20229ce01cc5: flushIndex: setUnconditionally 0 -> -1
2019-07-13 16:35:42,296 INFO  server.RaftServerConfigKeys (ConfUtils.java:logGet(43)) - raft.server.snapshot.auto.trigger.enabled = true (custom)
2019-07-13 16:35:42,296 INFO  server.RaftServerConfigKeys (ConfUtils.java:logGet(43)) - raft.server.snapshot.auto.trigger.threshold = 10000 (custom)
2019-07-13 16:35:42,297 INFO  server.RaftServerConfigKeys (ConfUtils.java:logGet(43)) - raft.server.retrycache.expirytime = 600000ms (custom)
2019-07-13 16:35:42,297 INFO  impl.RaftServerImpl (RaftServerImpl.java:start(180)) - 7e17895d-54f0-486b-b768-5d611b8730aa: start group-20229CE01CC5
2019-07-13 16:35:42,297 INFO  impl.RaftServerImpl (RaftServerImpl.java:setRole(171)) - 7e17895d-54f0-486b-b768-5d611b8730aa:group-20229CE01CC5 changes role from null to FOLLOWER at term 0 for startAsFollower
2019-07-13 16:35:42,297 INFO  impl.RoleInfo (RoleInfo.java:updateAndGet(143)) - 7e17895d-54f0-486b-b768-5d611b8730aa: start FollowerState
2019-07-13 16:35:42,297 INFO  util.JmxRegister (JmxRegister.java:tryRegister(44)) - Successfully registered JMX Bean with object name Ratis:service=RaftServer,group=group-20229CE01CC5,id=7e17895d-54f0-486b-b768-5d611b8730aa
2019-07-13 16:35:42,302 INFO  pipeline.PipelineStateManager (PipelineStateManager.java:addPipeline(56)) - Created pipeline Pipeline[ Id: 9bf73482-a1bb-4926-8219-20229ce01cc5, Nodes: 7e17895d-54f0-486b-b768-5d611b8730aa{ip: 192.168.5.187, host: trunk-nightly-z92hn-1831959607, networkLocation: /default-rack, certSerialId: null}, Type:RATIS, Factor:ONE, State:OPEN]
2019-07-13 16:35:42,470 INFO  node.SCMNodeManager (SCMNodeManager.java:register(269)) - Registered Data node : e8474009-539d-469d-b3a0-e20c29ccb728{ip: 192.168.5.187, host: trunk-nightly-z92hn-1831959607, networkLocation: /default-rack, certSerialId: null}
2019-07-13 16:35:42,480 INFO  impl.RaftServerProxy (RaftServerProxy.java:addNew(89)) - e8474009-539d-469d-b3a0-e20c29ccb728: addNew group-1A855B887996:[e8474009-539d-469d-b3a0-e20c29ccb728:192.168.5.187:40058] returns group-1A855B887996:java.util.concurrent.CompletableFuture@24da2de6[Not completed]
2019-07-13 16:35:42,481 INFO  impl.RaftServerImpl (RaftServerImpl.java:<init>(93)) - e8474009-539d-469d-b3a0-e20c29ccb728: new RaftServerImpl for group-1A855B887996:[e8474009-539d-469d-b3a0-e20c29ccb728:192.168.5.187:40058] with ContainerStateMachine:uninitialized
2019-07-13 16:35:42,482 INFO  server.RaftServerConfigKeys (ConfUtils.java:logGet(43)) - raft.server.rpc.timeout.min = 5s (custom)
2019-07-13 16:35:42,482 INFO  server.RaftServerConfigKeys (ConfUtils.java:logGet(43)) - raft.server.rpc.timeout.max = 5200ms (custom)
2019-07-13 16:35:42,482 INFO  server.RaftServerConfigKeys (ConfUtils.java:logGet(43)) - raft.server.rpcslowness.timeout = 120s (custom)
2019-07-13 16:35:42,482 INFO  server.RaftServerConfigKeys (ConfUtils.java:logGet(43)) - raft.server.sleep.deviation.threshold = 300 (default)
2019-07-13 16:35:42,482 INFO  server.RaftServerConfigKeys (ConfUtils.java:logGet(43)) - raft.server.log.appender.install.snapshot.enabled = false (custom)
2019-07-13 16:35:42,482 INFO  impl.RaftServerImpl (ServerState.java:<init>(105)) - e8474009-539d-469d-b3a0-e20c29ccb728:group-1A855B887996 ConfigurationManager, init=-1: [e8474009-539d-469d-b3a0-e20c29ccb728:192.168.5.187:40058], old=null, confs=<EMPTY_MAP>
2019-07-13 16:35:42,482 INFO  server.RaftServerConfigKeys (ConfUtils.java:logGet(43)) - raft.server.storage.dir = [/tmp/workdir/hadoop-ozone/integration-test/target/test-dir/MiniOzoneClusterImpl-7cdf904c-cbcd-4688-ac37-82b6c94e7bff/datanode-4/data/ratis] (custom)
2019-07-13 16:35:42,483 INFO  storage.RaftStorageDirectory (RaftStorageDirectory.java:analyzeStorage(246)) - The storage directory /tmp/workdir/hadoop-ozone/integration-test/target/test-dir/MiniOzoneClusterImpl-7cdf904c-cbcd-4688-ac37-82b6c94e7bff/datanode-4/data/ratis/6d1003b0-5eb9-473d-9241-1a855b887996 does not exist. Creating ...
2019-07-13 16:35:42,502 INFO  storage.RaftStorageDirectory (RaftStorageDirectory.java:tryLock(328)) - Lock on /tmp/workdir/hadoop-ozone/integration-test/target/test-dir/MiniOzoneClusterImpl-7cdf904c-cbcd-4688-ac37-82b6c94e7bff/datanode-4/data/ratis/6d1003b0-5eb9-473d-9241-1a855b887996/in_use.lock acquired by nodename 30505@trunk-nightly-z92hn-1831959607
2019-07-13 16:35:42,513 INFO  storage.RaftStorage (RaftStorage.java:format(72)) - Storage directory /tmp/workdir/hadoop-ozone/integration-test/target/test-dir/MiniOzoneClusterImpl-7cdf904c-cbcd-4688-ac37-82b6c94e7bff/datanode-4/data/ratis/6d1003b0-5eb9-473d-9241-1a855b887996 has been successfully formatted.
2019-07-13 16:35:42,513 INFO  ratis.ContainerStateMachine (ContainerStateMachine.java:loadSnapshot(200)) - The snapshot info is null.Setting the last applied index to:(t:0, i:~)
2019-07-13 16:35:42,514 INFO  server.RaftServerConfigKeys (ConfUtils.java:logGet(43)) - raft.server.leader.election.timeout = 120s (custom)
2019-07-13 16:35:42,514 INFO  server.RaftServerConfigKeys (ConfUtils.java:logGet(43)) - raft.server.log.use.memory = false (default)
2019-07-13 16:35:42,514 INFO  server.RaftServerConfigKeys (ConfUtils.java:logGet(43)) - raft.server.log.purge.gap = 1000000000 (custom)
2019-07-13 16:35:42,514 INFO  server.RaftServerConfigKeys (ConfUtils.java:logGet(43)) - raft.server.log.appender.buffer.byte-limit = 33554432 (custom)
2019-07-13 16:35:42,514 INFO  server.RaftServerConfigKeys (ConfUtils.java:logGet(43)) - raft.server.log.segment.size.max = 1048576 (custom)
2019-07-13 16:35:42,514 INFO  server.RaftServerConfigKeys (ConfUtils.java:logGet(43)) - raft.server.log.segment.cache.num.max = 2 (custom)
2019-07-13 16:35:42,515 INFO  segmented.SegmentedRaftLogWorker (SegmentedRaftLogWorker.java:<init>(172)) - new e8474009-539d-469d-b3a0-e20c29ccb728-SegmentedRaftLogWorker:Storage Directory /tmp/workdir/hadoop-ozone/integration-test/target/test-dir/MiniOzoneClusterImpl-7cdf904c-cbcd-4688-ac37-82b6c94e7bff/datanode-4/data/ratis/6d1003b0-5eb9-473d-9241-1a855b887996 for RaftStorage:Storage Directory /tmp/workdir/hadoop-ozone/integration-test/target/test-dir/MiniOzoneClusterImpl-7cdf904c-cbcd-4688-ac37-82b6c94e7bff/datanode-4/data/ratis/6d1003b0-5eb9-473d-9241-1a855b887996
2019-07-13 16:35:42,515 INFO  server.RaftServerConfigKeys (ConfUtils.java:logGet(43)) - raft.server.log.queue.byte-limit = 2147483647 (custom)
2019-07-13 16:35:42,515 INFO  server.RaftServerConfigKeys (ConfUtils.java:logGet(43)) - raft.server.log.queue.element-limit = 1024 (custom)
2019-07-13 16:35:42,515 INFO  server.RaftServerConfigKeys (ConfUtils.java:logGet(43)) - raft.server.log.segment.size.max = 1048576 (custom)
2019-07-13 16:35:42,515 INFO  server.RaftServerConfigKeys (ConfUtils.java:logGet(43)) - raft.server.log.preallocated.size = 16384 (custom)
2019-07-13 16:35:42,515 INFO  server.RaftServerConfigKeys (ConfUtils.java:logGet(43)) - raft.server.log.write.buffer.size = 33554432 (custom)
2019-07-13 16:35:42,516 INFO  server.RaftServerConfigKeys (ConfUtils.java:logGet(43)) - raft.server.log.force.sync.num = 128 (default)
2019-07-13 16:35:42,516 INFO  server.RaftServerConfigKeys (ConfUtils.java:logGet(43)) - raft.server.log.statemachine.data.sync = true (default)
2019-07-13 16:35:42,516 INFO  server.RaftServerConfigKeys (ConfUtils.java:logGet(43)) - raft.server.log.statemachine.data.sync.timeout = 10s (default)
2019-07-13 16:35:42,516 INFO  server.RaftServerConfigKeys (ConfUtils.java:logGet(43)) - raft.server.log.statemachine.data.sync.timeout.retry = -1 (default)
2019-07-13 16:35:42,516 INFO  server.RaftServerConfigKeys (ConfUtils.java:logGet(43)) - raft.server.log.statemachine.data.caching.enabled = true (custom)
2019-07-13 16:35:42,517 INFO  segmented.SegmentedRaftLogWorker (SegmentedRaftLogWorker.java:lambda$new$0(132)) - e8474009-539d-469d-b3a0-e20c29ccb728-SegmentedRaftLogWorker:Storage Directory /tmp/workdir/hadoop-ozone/integration-test/target/test-dir/MiniOzoneClusterImpl-7cdf904c-cbcd-4688-ac37-82b6c94e7bff/datanode-4/data/ratis/6d1003b0-5eb9-473d-9241-1a855b887996: flushIndex: setUnconditionally 0 -> -1
2019-07-13 16:35:42,517 INFO  server.RaftServerConfigKeys (ConfUtils.java:logGet(43)) - raft.server.snapshot.auto.trigger.enabled = true (custom)
2019-07-13 16:35:42,517 INFO  server.RaftServerConfigKeys (ConfUtils.java:logGet(43)) - raft.server.snapshot.auto.trigger.threshold = 10000 (custom)
2019-07-13 16:35:42,517 INFO  server.RaftServerConfigKeys (ConfUtils.java:logGet(43)) - raft.server.retrycache.expirytime = 600000ms (custom)
2019-07-13 16:35:42,518 INFO  impl.RaftServerImpl (RaftServerImpl.java:start(180)) - e8474009-539d-469d-b3a0-e20c29ccb728: start group-1A855B887996
2019-07-13 16:35:42,518 INFO  impl.RaftServerImpl (RaftServerImpl.java:setRole(171)) - e8474009-539d-469d-b3a0-e20c29ccb728:group-1A855B887996 changes role from null to FOLLOWER at term 0 for startAsFollower
2019-07-13 16:35:42,518 INFO  impl.RoleInfo (RoleInfo.java:updateAndGet(143)) - e8474009-539d-469d-b3a0-e20c29ccb728: start FollowerState
2019-07-13 16:35:42,518 INFO  util.JmxRegister (JmxRegister.java:tryRegister(44)) - Successfully registered JMX Bean with object name Ratis:service=RaftServer,group=group-1A855B887996,id=e8474009-539d-469d-b3a0-e20c29ccb728
2019-07-13 16:35:42,523 INFO  pipeline.PipelineStateManager (PipelineStateManager.java:addPipeline(56)) - Created pipeline Pipeline[ Id: 6d1003b0-5eb9-473d-9241-1a855b887996, Nodes: e8474009-539d-469d-b3a0-e20c29ccb728{ip: 192.168.5.187, host: trunk-nightly-z92hn-1831959607, networkLocation: /default-rack, certSerialId: null}, Type:RATIS, Factor:ONE, State:OPEN]
2019-07-13 16:35:42,628 INFO  node.SCMNodeManager (SCMNodeManager.java:register(269)) - Registered Data node : 1cd7b9af-ef64-42a5-ae20-92e50e9c0352{ip: 192.168.5.187, host: trunk-nightly-z92hn-1831959607, networkLocation: /default-rack, certSerialId: null}
2019-07-13 16:35:42,637 INFO  impl.RaftServerProxy (RaftServerProxy.java:addNew(89)) - 1cd7b9af-ef64-42a5-ae20-92e50e9c0352: addNew group-434CE92CEA62:[1cd7b9af-ef64-42a5-ae20-92e50e9c0352:192.168.5.187:34222] returns group-434CE92CEA62:java.util.concurrent.CompletableFuture@31bbf766[Not completed]
2019-07-13 16:35:42,638 INFO  impl.RaftServerImpl (RaftServerImpl.java:<init>(93)) - 1cd7b9af-ef64-42a5-ae20-92e50e9c0352: new RaftServerImpl for group-434CE92CEA62:[1cd7b9af-ef64-42a5-ae20-92e50e9c0352:192.168.5.187:34222] with ContainerStateMachine:uninitialized
2019-07-13 16:35:42,638 INFO  server.RaftServerConfigKeys (ConfUtils.java:logGet(43)) - raft.server.rpc.timeout.min = 5s (custom)
2019-07-13 16:35:42,638 INFO  server.RaftServerConfigKeys (ConfUtils.java:logGet(43)) - raft.server.rpc.timeout.max = 5200ms (custom)
2019-07-13 16:35:42,638 INFO  server.RaftServerConfigKeys (ConfUtils.java:logGet(43)) - raft.server.rpcslowness.timeout = 120s (custom)
2019-07-13 16:35:42,639 INFO  server.RaftServerConfigKeys (ConfUtils.java:logGet(43)) - raft.server.sleep.deviation.threshold = 300 (default)
2019-07-13 16:35:42,639 INFO  server.RaftServerConfigKeys (ConfUtils.java:logGet(43)) - raft.server.log.appender.install.snapshot.enabled = false (custom)
2019-07-13 16:35:42,639 INFO  impl.RaftServerImpl (ServerState.java:<init>(105)) - 1cd7b9af-ef64-42a5-ae20-92e50e9c0352:group-434CE92CEA62 ConfigurationManager, init=-1: [1cd7b9af-ef64-42a5-ae20-92e50e9c0352:192.168.5.187:34222], old=null, confs=<EMPTY_MAP>
2019-07-13 16:35:42,639 INFO  server.RaftServerConfigKeys (ConfUtils.java:logGet(43)) - raft.server.storage.dir = [/tmp/workdir/hadoop-ozone/integration-test/target/test-dir/MiniOzoneClusterImpl-7cdf904c-cbcd-4688-ac37-82b6c94e7bff/datanode-5/data/ratis] (custom)
2019-07-13 16:35:42,640 INFO  storage.RaftStorageDirectory (RaftStorageDirectory.java:analyzeStorage(246)) - The storage directory /tmp/workdir/hadoop-ozone/integration-test/target/test-dir/MiniOzoneClusterImpl-7cdf904c-cbcd-4688-ac37-82b6c94e7bff/datanode-5/data/ratis/205ac87f-d20c-4928-b184-434ce92cea62 does not exist. Creating ...
2019-07-13 16:35:42,659 INFO  storage.RaftStorageDirectory (RaftStorageDirectory.java:tryLock(328)) - Lock on /tmp/workdir/hadoop-ozone/integration-test/target/test-dir/MiniOzoneClusterImpl-7cdf904c-cbcd-4688-ac37-82b6c94e7bff/datanode-5/data/ratis/205ac87f-d20c-4928-b184-434ce92cea62/in_use.lock acquired by nodename 30505@trunk-nightly-z92hn-1831959607
2019-07-13 16:35:42,662 INFO  storage.RaftStorage (RaftStorage.java:format(72)) - Storage directory /tmp/workdir/hadoop-ozone/integration-test/target/test-dir/MiniOzoneClusterImpl-7cdf904c-cbcd-4688-ac37-82b6c94e7bff/datanode-5/data/ratis/205ac87f-d20c-4928-b184-434ce92cea62 has been successfully formatted.
2019-07-13 16:35:42,662 INFO  ratis.ContainerStateMachine (ContainerStateMachine.java:loadSnapshot(200)) - The snapshot info is null.Setting the last applied index to:(t:0, i:~)
2019-07-13 16:35:42,663 INFO  server.RaftServerConfigKeys (ConfUtils.java:logGet(43)) - raft.server.leader.election.timeout = 120s (custom)
2019-07-13 16:35:42,663 INFO  server.RaftServerConfigKeys (ConfUtils.java:logGet(43)) - raft.server.log.use.memory = false (default)
2019-07-13 16:35:42,663 INFO  server.RaftServerConfigKeys (ConfUtils.java:logGet(43)) - raft.server.log.purge.gap = 1000000000 (custom)
2019-07-13 16:35:42,663 INFO  server.RaftServerConfigKeys (ConfUtils.java:logGet(43)) - raft.server.log.appender.buffer.byte-limit = 33554432 (custom)
2019-07-13 16:35:42,663 INFO  server.RaftServerConfigKeys (ConfUtils.java:logGet(43)) - raft.server.log.segment.size.max = 1048576 (custom)
2019-07-13 16:35:42,664 INFO  server.RaftServerConfigKeys (ConfUtils.java:logGet(43)) - raft.server.log.segment.cache.num.max = 2 (custom)
2019-07-13 16:35:42,664 INFO  segmented.SegmentedRaftLogWorker (SegmentedRaftLogWorker.java:<init>(172)) - new 1cd7b9af-ef64-42a5-ae20-92e50e9c0352-SegmentedRaftLogWorker:Storage Directory /tmp/workdir/hadoop-ozone/integration-test/target/test-dir/MiniOzoneClusterImpl-7cdf904c-cbcd-4688-ac37-82b6c94e7bff/datanode-5/data/ratis/205ac87f-d20c-4928-b184-434ce92cea62 for RaftStorage:Storage Directory /tmp/workdir/hadoop-ozone/integration-test/target/test-dir/MiniOzoneClusterImpl-7cdf904c-cbcd-4688-ac37-82b6c94e7bff/datanode-5/data/ratis/205ac87f-d20c-4928-b184-434ce92cea62
2019-07-13 16:35:42,664 INFO  server.RaftServerConfigKeys (ConfUtils.java:logGet(43)) - raft.server.log.queue.byte-limit = 2147483647 (custom)
2019-07-13 16:35:42,664 INFO  server.RaftServerConfigKeys (ConfUtils.java:logGet(43)) - raft.server.log.queue.element-limit = 1024 (custom)
2019-07-13 16:35:42,664 INFO  server.RaftServerConfigKeys (ConfUtils.java:logGet(43)) - raft.server.log.segment.size.max = 1048576 (custom)
2019-07-13 16:35:42,665 INFO  server.RaftServerConfigKeys (ConfUtils.java:logGet(43)) - raft.server.log.preallocated.size = 16384 (custom)
2019-07-13 16:35:42,665 INFO  server.RaftServerConfigKeys (ConfUtils.java:logGet(43)) - raft.server.log.write.buffer.size = 33554432 (custom)
2019-07-13 16:35:42,665 INFO  server.RaftServerConfigKeys (ConfUtils.java:logGet(43)) - raft.server.log.force.sync.num = 128 (default)
2019-07-13 16:35:42,665 INFO  server.RaftServerConfigKeys (ConfUtils.java:logGet(43)) - raft.server.log.statemachine.data.sync = true (default)
2019-07-13 16:35:42,665 INFO  server.RaftServerConfigKeys (ConfUtils.java:logGet(43)) - raft.server.log.statemachine.data.sync.timeout = 10s (default)
2019-07-13 16:35:42,665 INFO  server.RaftServerConfigKeys (ConfUtils.java:logGet(43)) - raft.server.log.statemachine.data.sync.timeout.retry = -1 (default)
2019-07-13 16:35:42,666 INFO  server.RaftServerConfigKeys (ConfUtils.java:logGet(43)) - raft.server.log.statemachine.data.caching.enabled = true (custom)
2019-07-13 16:35:42,666 INFO  segmented.SegmentedRaftLogWorker (SegmentedRaftLogWorker.java:lambda$new$0(132)) - 1cd7b9af-ef64-42a5-ae20-92e50e9c0352-SegmentedRaftLogWorker:Storage Directory /tmp/workdir/hadoop-ozone/integration-test/target/test-dir/MiniOzoneClusterImpl-7cdf904c-cbcd-4688-ac37-82b6c94e7bff/datanode-5/data/ratis/205ac87f-d20c-4928-b184-434ce92cea62: flushIndex: setUnconditionally 0 -> -1
2019-07-13 16:35:42,666 INFO  server.RaftServerConfigKeys (ConfUtils.java:logGet(43)) - raft.server.snapshot.auto.trigger.enabled = true (custom)
2019-07-13 16:35:42,667 INFO  server.RaftServerConfigKeys (ConfUtils.java:logGet(43)) - raft.server.snapshot.auto.trigger.threshold = 10000 (custom)
2019-07-13 16:35:42,667 INFO  server.RaftServerConfigKeys (ConfUtils.java:logGet(43)) - raft.server.retrycache.expirytime = 600000ms (custom)
2019-07-13 16:35:42,667 INFO  impl.RaftServerImpl (RaftServerImpl.java:start(180)) - 1cd7b9af-ef64-42a5-ae20-92e50e9c0352: start group-434CE92CEA62
2019-07-13 16:35:42,667 INFO  impl.RaftServerImpl (RaftServerImpl.java:setRole(171)) - 1cd7b9af-ef64-42a5-ae20-92e50e9c0352:group-434CE92CEA62 changes role from null to FOLLOWER at term 0 for startAsFollower
2019-07-13 16:35:42,667 INFO  impl.RoleInfo (RoleInfo.java:updateAndGet(143)) - 1cd7b9af-ef64-42a5-ae20-92e50e9c0352: start FollowerState
2019-07-13 16:35:42,668 INFO  util.JmxRegister (JmxRegister.java:tryRegister(44)) - Successfully registered JMX Bean with object name Ratis:service=RaftServer,group=group-434CE92CEA62,id=1cd7b9af-ef64-42a5-ae20-92e50e9c0352
2019-07-13 16:35:42,672 INFO  pipeline.PipelineStateManager (PipelineStateManager.java:addPipeline(56)) - Created pipeline Pipeline[ Id: 205ac87f-d20c-4928-b184-434ce92cea62, Nodes: 1cd7b9af-ef64-42a5-ae20-92e50e9c0352{ip: 192.168.5.187, host: trunk-nightly-z92hn-1831959607, networkLocation: /default-rack, certSerialId: null}, Type:RATIS, Factor:ONE, State:OPEN]
2019-07-13 16:35:42,700 INFO  impl.RaftServerProxy (RaftServerProxy.java:addNew(89)) - 1cd7b9af-ef64-42a5-ae20-92e50e9c0352: addNew group-2388C896E468:[1cd7b9af-ef64-42a5-ae20-92e50e9c0352:192.168.5.187:34222, 7e17895d-54f0-486b-b768-5d611b8730aa:192.168.5.187:33673, e8474009-539d-469d-b3a0-e20c29ccb728:192.168.5.187:40058] returns group-2388C896E468:java.util.concurrent.CompletableFuture@4de52ddd[Not completed]
2019-07-13 16:35:42,700 INFO  impl.RaftServerProxy (RaftServerProxy.java:addNew(89)) - e8474009-539d-469d-b3a0-e20c29ccb728: addNew group-2388C896E468:[1cd7b9af-ef64-42a5-ae20-92e50e9c0352:192.168.5.187:34222, 7e17895d-54f0-486b-b768-5d611b8730aa:192.168.5.187:33673, e8474009-539d-469d-b3a0-e20c29ccb728:192.168.5.187:40058] returns group-2388C896E468:java.util.concurrent.CompletableFuture@3083edaf[Not completed]
2019-07-13 16:35:42,700 INFO  impl.RaftServerProxy (RaftServerProxy.java:addNew(89)) - 7e17895d-54f0-486b-b768-5d611b8730aa: addNew group-2388C896E468:[1cd7b9af-ef64-42a5-ae20-92e50e9c0352:192.168.5.187:34222, 7e17895d-54f0-486b-b768-5d611b8730aa:192.168.5.187:33673, e8474009-539d-469d-b3a0-e20c29ccb728:192.168.5.187:40058] returns group-2388C896E468:java.util.concurrent.CompletableFuture@2ff6e08b[Not completed]
2019-07-13 16:35:42,701 INFO  impl.RaftServerImpl (RaftServerImpl.java:<init>(93)) - 1cd7b9af-ef64-42a5-ae20-92e50e9c0352: new RaftServerImpl for group-2388C896E468:[1cd7b9af-ef64-42a5-ae20-92e50e9c0352:192.168.5.187:34222, 7e17895d-54f0-486b-b768-5d611b8730aa:192.168.5.187:33673, e8474009-539d-469d-b3a0-e20c29ccb728:192.168.5.187:40058] with ContainerStateMachine:uninitialized
2019-07-13 16:35:42,701 INFO  server.RaftServerConfigKeys (ConfUtils.java:logGet(43)) - raft.server.rpc.timeout.min = 5s (custom)
2019-07-13 16:35:42,702 INFO  server.RaftServerConfigKeys (ConfUtils.java:logGet(43)) - raft.server.rpc.timeout.max = 5200ms (custom)
2019-07-13 16:35:42,702 INFO  impl.RaftServerImpl (RaftServerImpl.java:<init>(93)) - e8474009-539d-469d-b3a0-e20c29ccb728: new RaftServerImpl for group-2388C896E468:[1cd7b9af-ef64-42a5-ae20-92e50e9c0352:192.168.5.187:34222, 7e17895d-54f0-486b-b768-5d611b8730aa:192.168.5.187:33673, e8474009-539d-469d-b3a0-e20c29ccb728:192.168.5.187:40058] with ContainerStateMachine:uninitialized
2019-07-13 16:35:42,702 INFO  server.RaftServerConfigKeys (ConfUtils.java:logGet(43)) - raft.server.rpcslowness.timeout = 120s (custom)
2019-07-13 16:35:42,702 INFO  server.RaftServerConfigKeys (ConfUtils.java:logGet(43)) - raft.server.rpc.timeout.min = 5s (custom)
2019-07-13 16:35:42,702 INFO  impl.RaftServerImpl (RaftServerImpl.java:<init>(93)) - 7e17895d-54f0-486b-b768-5d611b8730aa: new RaftServerImpl for group-2388C896E468:[1cd7b9af-ef64-42a5-ae20-92e50e9c0352:192.168.5.187:34222, 7e17895d-54f0-486b-b768-5d611b8730aa:192.168.5.187:33673, e8474009-539d-469d-b3a0-e20c29ccb728:192.168.5.187:40058] with ContainerStateMachine:uninitialized
2019-07-13 16:35:42,702 INFO  server.RaftServerConfigKeys (ConfUtils.java:logGet(43)) - raft.server.sleep.deviation.threshold = 300 (default)
2019-07-13 16:35:42,702 INFO  server.RaftServerConfigKeys (ConfUtils.java:logGet(43)) - raft.server.rpc.timeout.min = 5s (custom)
2019-07-13 16:35:42,703 INFO  server.RaftServerConfigKeys (ConfUtils.java:logGet(43)) - raft.server.rpc.timeout.max = 5200ms (custom)
2019-07-13 16:35:42,702 INFO  server.RaftServerConfigKeys (ConfUtils.java:logGet(43)) - raft.server.rpc.timeout.max = 5200ms (custom)
2019-07-13 16:35:42,703 INFO  server.RaftServerConfigKeys (ConfUtils.java:logGet(43)) - raft.server.rpcslowness.timeout = 120s (custom)
2019-07-13 16:35:42,702 INFO  server.RaftServerConfigKeys (ConfUtils.java:logGet(43)) - raft.server.log.appender.install.snapshot.enabled = false (custom)
2019-07-13 16:35:42,703 INFO  server.RaftServerConfigKeys (ConfUtils.java:logGet(43)) - raft.server.sleep.deviation.threshold = 300 (default)
2019-07-13 16:35:42,703 INFO  server.RaftServerConfigKeys (ConfUtils.java:logGet(43)) - raft.server.log.appender.install.snapshot.enabled = false (custom)
2019-07-13 16:35:42,703 INFO  server.RaftServerConfigKeys (ConfUtils.java:logGet(43)) - raft.server.rpcslowness.timeout = 120s (custom)
2019-07-13 16:35:42,703 INFO  impl.RaftServerImpl (ServerState.java:<init>(105)) - 7e17895d-54f0-486b-b768-5d611b8730aa:group-2388C896E468 ConfigurationManager, init=-1: [1cd7b9af-ef64-42a5-ae20-92e50e9c0352:192.168.5.187:34222, 7e17895d-54f0-486b-b768-5d611b8730aa:192.168.5.187:33673, e8474009-539d-469d-b3a0-e20c29ccb728:192.168.5.187:40058], old=null, confs=<EMPTY_MAP>
2019-07-13 16:35:42,703 INFO  impl.RaftServerImpl (ServerState.java:<init>(105)) - 1cd7b9af-ef64-42a5-ae20-92e50e9c0352:group-2388C896E468 ConfigurationManager, init=-1: [1cd7b9af-ef64-42a5-ae20-92e50e9c0352:192.168.5.187:34222, 7e17895d-54f0-486b-b768-5d611b8730aa:192.168.5.187:33673, e8474009-539d-469d-b3a0-e20c29ccb728:192.168.5.187:40058], old=null, confs=<EMPTY_MAP>
2019-07-13 16:35:42,704 INFO  server.RaftServerConfigKeys (ConfUtils.java:logGet(43)) - raft.server.storage.dir = [/tmp/workdir/hadoop-ozone/integration-test/target/test-dir/MiniOzoneClusterImpl-7cdf904c-cbcd-4688-ac37-82b6c94e7bff/datanode-3/data/ratis] (custom)
2019-07-13 16:35:42,704 INFO  server.RaftServerConfigKeys (ConfUtils.java:logGet(43)) - raft.server.sleep.deviation.threshold = 300 (default)
2019-07-13 16:35:42,704 INFO  server.RaftServerConfigKeys (ConfUtils.java:logGet(43)) - raft.server.storage.dir = [/tmp/workdir/hadoop-ozone/integration-test/target/test-dir/MiniOzoneClusterImpl-7cdf904c-cbcd-4688-ac37-82b6c94e7bff/datanode-5/data/ratis] (custom)
2019-07-13 16:35:42,704 INFO  storage.RaftStorageDirectory (RaftStorageDirectory.java:analyzeStorage(246)) - The storage directory /tmp/workdir/hadoop-ozone/integration-test/target/test-dir/MiniOzoneClusterImpl-7cdf904c-cbcd-4688-ac37-82b6c94e7bff/datanode-3/data/ratis/9d2f3b8c-d025-4132-86e9-2388c896e468 does not exist. Creating ...
2019-07-13 16:35:42,704 INFO  server.RaftServerConfigKeys (ConfUtils.java:logGet(43)) - raft.server.log.appender.install.snapshot.enabled = false (custom)
2019-07-13 16:35:42,705 INFO  storage.RaftStorageDirectory (RaftStorageDirectory.java:analyzeStorage(246)) - The storage directory /tmp/workdir/hadoop-ozone/integration-test/target/test-dir/MiniOzoneClusterImpl-7cdf904c-cbcd-4688-ac37-82b6c94e7bff/datanode-5/data/ratis/9d2f3b8c-d025-4132-86e9-2388c896e468 does not exist. Creating ...
2019-07-13 16:35:42,705 INFO  impl.RaftServerImpl (ServerState.java:<init>(105)) - e8474009-539d-469d-b3a0-e20c29ccb728:group-2388C896E468 ConfigurationManager, init=-1: [1cd7b9af-ef64-42a5-ae20-92e50e9c0352:192.168.5.187:34222, 7e17895d-54f0-486b-b768-5d611b8730aa:192.168.5.187:33673, e8474009-539d-469d-b3a0-e20c29ccb728:192.168.5.187:40058], old=null, confs=<EMPTY_MAP>
2019-07-13 16:35:42,705 INFO  server.RaftServerConfigKeys (ConfUtils.java:logGet(43)) - raft.server.storage.dir = [/tmp/workdir/hadoop-ozone/integration-test/target/test-dir/MiniOzoneClusterImpl-7cdf904c-cbcd-4688-ac37-82b6c94e7bff/datanode-4/data/ratis] (custom)
2019-07-13 16:35:42,705 INFO  storage.RaftStorageDirectory (RaftStorageDirectory.java:analyzeStorage(246)) - The storage directory /tmp/workdir/hadoop-ozone/integration-test/target/test-dir/MiniOzoneClusterImpl-7cdf904c-cbcd-4688-ac37-82b6c94e7bff/datanode-4/data/ratis/9d2f3b8c-d025-4132-86e9-2388c896e468 does not exist. Creating ...
2019-07-13 16:35:42,717 INFO  storage.RaftStorageDirectory (RaftStorageDirectory.java:tryLock(328)) - Lock on /tmp/workdir/hadoop-ozone/integration-test/target/test-dir/MiniOzoneClusterImpl-7cdf904c-cbcd-4688-ac37-82b6c94e7bff/datanode-5/data/ratis/9d2f3b8c-d025-4132-86e9-2388c896e468/in_use.lock acquired by nodename 30505@trunk-nightly-z92hn-1831959607
2019-07-13 16:35:42,717 INFO  storage.RaftStorageDirectory (RaftStorageDirectory.java:tryLock(328)) - Lock on /tmp/workdir/hadoop-ozone/integration-test/target/test-dir/MiniOzoneClusterImpl-7cdf904c-cbcd-4688-ac37-82b6c94e7bff/datanode-4/data/ratis/9d2f3b8c-d025-4132-86e9-2388c896e468/in_use.lock acquired by nodename 30505@trunk-nightly-z92hn-1831959607
2019-07-13 16:35:42,717 INFO  storage.RaftStorageDirectory (RaftStorageDirectory.java:tryLock(328)) - Lock on /tmp/workdir/hadoop-ozone/integration-test/target/test-dir/MiniOzoneClusterImpl-7cdf904c-cbcd-4688-ac37-82b6c94e7bff/datanode-3/data/ratis/9d2f3b8c-d025-4132-86e9-2388c896e468/in_use.lock acquired by nodename 30505@trunk-nightly-z92hn-1831959607
2019-07-13 16:35:42,722 INFO  storage.RaftStorage (RaftStorage.java:format(72)) - Storage directory /tmp/workdir/hadoop-ozone/integration-test/target/test-dir/MiniOzoneClusterImpl-7cdf904c-cbcd-4688-ac37-82b6c94e7bff/datanode-3/data/ratis/9d2f3b8c-d025-4132-86e9-2388c896e468 has been successfully formatted.
2019-07-13 16:35:42,722 INFO  storage.RaftStorage (RaftStorage.java:format(72)) - Storage directory /tmp/workdir/hadoop-ozone/integration-test/target/test-dir/MiniOzoneClusterImpl-7cdf904c-cbcd-4688-ac37-82b6c94e7bff/datanode-5/data/ratis/9d2f3b8c-d025-4132-86e9-2388c896e468 has been successfully formatted.
2019-07-13 16:35:42,723 INFO  ratis.ContainerStateMachine (ContainerStateMachine.java:loadSnapshot(200)) - The snapshot info is null.Setting the last applied index to:(t:0, i:~)
2019-07-13 16:35:42,723 INFO  ratis.ContainerStateMachine (ContainerStateMachine.java:loadSnapshot(200)) - The snapshot info is null.Setting the last applied index to:(t:0, i:~)
2019-07-13 16:35:42,723 INFO  server.RaftServerConfigKeys (ConfUtils.java:logGet(43)) - raft.server.leader.election.timeout = 120s (custom)
2019-07-13 16:35:42,723 INFO  server.RaftServerConfigKeys (ConfUtils.java:logGet(43)) - raft.server.log.use.memory = false (default)
2019-07-13 16:35:42,723 INFO  server.RaftServerConfigKeys (ConfUtils.java:logGet(43)) - raft.server.leader.election.timeout = 120s (custom)
2019-07-13 16:35:42,724 INFO  server.RaftServerConfigKeys (ConfUtils.java:logGet(43)) - raft.server.log.purge.gap = 1000000000 (custom)
2019-07-13 16:35:42,724 INFO  server.RaftServerConfigKeys (ConfUtils.java:logGet(43)) - raft.server.log.appender.buffer.byte-limit = 33554432 (custom)
2019-07-13 16:35:42,724 INFO  server.RaftServerConfigKeys (ConfUtils.java:logGet(43)) - raft.server.log.use.memory = false (default)
2019-07-13 16:35:42,724 INFO  server.RaftServerConfigKeys (ConfUtils.java:logGet(43)) - raft.server.log.segment.size.max = 1048576 (custom)
2019-07-13 16:35:42,725 INFO  server.RaftServerConfigKeys (ConfUtils.java:logGet(43)) - raft.server.log.segment.cache.num.max = 2 (custom)
2019-07-13 16:35:42,725 INFO  segmented.SegmentedRaftLogWorker (SegmentedRaftLogWorker.java:<init>(172)) - new 7e17895d-54f0-486b-b768-5d611b8730aa-SegmentedRaftLogWorker:Storage Directory /tmp/workdir/hadoop-ozone/integration-test/target/test-dir/MiniOzoneClusterImpl-7cdf904c-cbcd-4688-ac37-82b6c94e7bff/datanode-3/data/ratis/9d2f3b8c-d025-4132-86e9-2388c896e468 for RaftStorage:Storage Directory /tmp/workdir/hadoop-ozone/integration-test/target/test-dir/MiniOzoneClusterImpl-7cdf904c-cbcd-4688-ac37-82b6c94e7bff/datanode-3/data/ratis/9d2f3b8c-d025-4132-86e9-2388c896e468
2019-07-13 16:35:42,725 INFO  server.RaftServerConfigKeys (ConfUtils.java:logGet(43)) - raft.server.log.purge.gap = 1000000000 (custom)
2019-07-13 16:35:42,725 INFO  server.RaftServerConfigKeys (ConfUtils.java:logGet(43)) - raft.server.log.queue.byte-limit = 2147483647 (custom)
2019-07-13 16:35:42,726 INFO  server.RaftServerConfigKeys (ConfUtils.java:logGet(43)) - raft.server.log.queue.element-limit = 1024 (custom)
2019-07-13 16:35:42,726 INFO  server.RaftServerConfigKeys (ConfUtils.java:logGet(43)) - raft.server.log.appender.buffer.byte-limit = 33554432 (custom)
2019-07-13 16:35:42,726 INFO  server.RaftServerConfigKeys (ConfUtils.java:logGet(43)) - raft.server.log.segment.size.max = 1048576 (custom)
2019-07-13 16:35:42,726 INFO  storage.RaftStorage (RaftStorage.java:format(72)) - Storage directory /tmp/workdir/hadoop-ozone/integration-test/target/test-dir/MiniOzoneClusterImpl-7cdf904c-cbcd-4688-ac37-82b6c94e7bff/datanode-4/data/ratis/9d2f3b8c-d025-4132-86e9-2388c896e468 has been successfully formatted.
2019-07-13 16:35:42,726 INFO  server.RaftServerConfigKeys (ConfUtils.java:logGet(43)) - raft.server.log.preallocated.size = 16384 (custom)
2019-07-13 16:35:42,726 INFO  server.RaftServerConfigKeys (ConfUtils.java:logGet(43)) - raft.server.log.segment.size.max = 1048576 (custom)
2019-07-13 16:35:42,727 INFO  server.RaftServerConfigKeys (ConfUtils.java:logGet(43)) - raft.server.log.write.buffer.size = 33554432 (custom)
2019-07-13 16:35:42,727 INFO  ratis.ContainerStateMachine (ContainerStateMachine.java:loadSnapshot(200)) - The snapshot info is null.Setting the last applied index to:(t:0, i:~)
2019-07-13 16:35:42,727 INFO  server.RaftServerConfigKeys (ConfUtils.java:logGet(43)) - raft.server.log.force.sync.num = 128 (default)
2019-07-13 16:35:42,727 INFO  server.RaftServerConfigKeys (ConfUtils.java:logGet(43)) - raft.server.log.segment.cache.num.max = 2 (custom)
2019-07-13 16:35:42,728 INFO  server.RaftServerConfigKeys (ConfUtils.java:logGet(43)) - raft.server.log.statemachine.data.sync = true (default)
2019-07-13 16:35:42,727 INFO  server.RaftServerConfigKeys (ConfUtils.java:logGet(43)) - raft.server.leader.election.timeout = 120s (custom)
2019-07-13 16:35:42,728 INFO  server.RaftServerConfigKeys (ConfUtils.java:logGet(43)) - raft.server.log.statemachine.data.sync.timeout = 10s (default)
2019-07-13 16:35:42,728 INFO  segmented.SegmentedRaftLogWorker (SegmentedRaftLogWorker.java:<init>(172)) - new 1cd7b9af-ef64-42a5-ae20-92e50e9c0352-SegmentedRaftLogWorker:Storage Directory /tmp/workdir/hadoop-ozone/integration-test/target/test-dir/MiniOzoneClusterImpl-7cdf904c-cbcd-4688-ac37-82b6c94e7bff/datanode-5/data/ratis/9d2f3b8c-d025-4132-86e9-2388c896e468 for RaftStorage:Storage Directory /tmp/workdir/hadoop-ozone/integration-test/target/test-dir/MiniOzoneClusterImpl-7cdf904c-cbcd-4688-ac37-82b6c94e7bff/datanode-5/data/ratis/9d2f3b8c-d025-4132-86e9-2388c896e468
2019-07-13 16:35:42,728 INFO  server.RaftServerConfigKeys (ConfUtils.java:logGet(43)) - raft.server.log.statemachine.data.sync.timeout.retry = -1 (default)
2019-07-13 16:35:42,728 INFO  server.RaftServerConfigKeys (ConfUtils.java:logGet(43)) - raft.server.log.use.memory = false (default)
2019-07-13 16:35:42,729 INFO  server.RaftServerConfigKeys (ConfUtils.java:logGet(43)) - raft.server.log.statemachine.data.caching.enabled = true (custom)
2019-07-13 16:35:42,728 INFO  server.RaftServerConfigKeys (ConfUtils.java:logGet(43)) - raft.server.log.queue.byte-limit = 2147483647 (custom)
2019-07-13 16:35:42,729 INFO  server.RaftServerConfigKeys (ConfUtils.java:logGet(43)) - raft.server.log.purge.gap = 1000000000 (custom)
2019-07-13 16:35:42,729 INFO  segmented.SegmentedRaftLogWorker (SegmentedRaftLogWorker.java:lambda$new$0(132)) - 7e17895d-54f0-486b-b768-5d611b8730aa-SegmentedRaftLogWorker:Storage Directory /tmp/workdir/hadoop-ozone/integration-test/target/test-dir/MiniOzoneClusterImpl-7cdf904c-cbcd-4688-ac37-82b6c94e7bff/datanode-3/data/ratis/9d2f3b8c-d025-4132-86e9-2388c896e468: flushIndex: setUnconditionally 0 -> -1
2019-07-13 16:35:42,729 INFO  server.RaftServerConfigKeys (ConfUtils.java:logGet(43)) - raft.server.log.queue.element-limit = 1024 (custom)
2019-07-13 16:35:42,729 INFO  server.RaftServerConfigKeys (ConfUtils.java:logGet(43)) - raft.server.log.appender.buffer.byte-limit = 33554432 (custom)
2019-07-13 16:35:42,730 INFO  server.RaftServerConfigKeys (ConfUtils.java:logGet(43)) - raft.server.snapshot.auto.trigger.enabled = true (custom)
2019-07-13 16:35:42,730 INFO  server.RaftServerConfigKeys (ConfUtils.java:logGet(43)) - raft.server.log.segment.size.max = 1048576 (custom)
2019-07-13 16:35:42,730 INFO  server.RaftServerConfigKeys (ConfUtils.java:logGet(43)) - raft.server.snapshot.auto.trigger.threshold = 10000 (custom)
2019-07-13 16:35:42,730 INFO  server.RaftServerConfigKeys (ConfUtils.java:logGet(43)) - raft.server.log.segment.size.max = 1048576 (custom)
2019-07-13 16:35:42,730 INFO  server.RaftServerConfigKeys (ConfUtils.java:logGet(43)) - raft.server.retrycache.expirytime = 600000ms (custom)
2019-07-13 16:35:42,730 INFO  server.RaftServerConfigKeys (ConfUtils.java:logGet(43)) - raft.server.log.preallocated.size = 16384 (custom)
2019-07-13 16:35:42,730 INFO  impl.RaftServerImpl (RaftServerImpl.java:start(180)) - 7e17895d-54f0-486b-b768-5d611b8730aa: start group-2388C896E468
2019-07-13 16:35:42,730 INFO  server.RaftServerConfigKeys (ConfUtils.java:logGet(43)) - raft.server.log.segment.cache.num.max = 2 (custom)
2019-07-13 16:35:42,731 INFO  impl.RaftServerImpl (RaftServerImpl.java:setRole(171)) - 7e17895d-54f0-486b-b768-5d611b8730aa:group-2388C896E468 changes role from null to FOLLOWER at term 0 for startAsFollower
2019-07-13 16:35:42,731 INFO  server.RaftServerConfigKeys (ConfUtils.java:logGet(43)) - raft.server.log.write.buffer.size = 33554432 (custom)
2019-07-13 16:35:42,731 INFO  impl.RoleInfo (RoleInfo.java:updateAndGet(143)) - 7e17895d-54f0-486b-b768-5d611b8730aa: start FollowerState
2019-07-13 16:35:42,731 INFO  segmented.SegmentedRaftLogWorker (SegmentedRaftLogWorker.java:<init>(172)) - new e8474009-539d-469d-b3a0-e20c29ccb728-SegmentedRaftLogWorker:Storage Directory /tmp/workdir/hadoop-ozone/integration-test/target/test-dir/MiniOzoneClusterImpl-7cdf904c-cbcd-4688-ac37-82b6c94e7bff/datanode-4/data/ratis/9d2f3b8c-d025-4132-86e9-2388c896e468 for RaftStorage:Storage Directory /tmp/workdir/hadoop-ozone/integration-test/target/test-dir/MiniOzoneClusterImpl-7cdf904c-cbcd-4688-ac37-82b6c94e7bff/datanode-4/data/ratis/9d2f3b8c-d025-4132-86e9-2388c896e468
2019-07-13 16:35:42,731 INFO  server.RaftServerConfigKeys (ConfUtils.java:logGet(43)) - raft.server.log.force.sync.num = 128 (default)
2019-07-13 16:35:42,732 INFO  server.RaftServerConfigKeys (ConfUtils.java:logGet(43)) - raft.server.log.queue.byte-limit = 2147483647 (custom)
2019-07-13 16:35:42,732 INFO  util.JmxRegister (JmxRegister.java:tryRegister(44)) - Successfully registered JMX Bean with object name Ratis:service=RaftServer,group=group-2388C896E468,id=7e17895d-54f0-486b-b768-5d611b8730aa
2019-07-13 16:35:42,732 INFO  server.RaftServerConfigKeys (ConfUtils.java:logGet(43)) - raft.server.log.statemachine.data.sync = true (default)
2019-07-13 16:35:42,732 INFO  server.RaftServerConfigKeys (ConfUtils.java:logGet(43)) - raft.server.log.queue.element-limit = 1024 (custom)
2019-07-13 16:35:42,732 INFO  server.RaftServerConfigKeys (ConfUtils.java:logGet(43)) - raft.server.log.statemachine.data.sync.timeout = 10s (default)
2019-07-13 16:35:42,732 INFO  server.RaftServerConfigKeys (ConfUtils.java:logGet(43)) - raft.server.log.segment.size.max = 1048576 (custom)
2019-07-13 16:35:42,733 INFO  server.RaftServerConfigKeys (ConfUtils.java:logGet(43)) - raft.server.log.statemachine.data.sync.timeout.retry = -1 (default)
2019-07-13 16:35:42,733 INFO  server.RaftServerConfigKeys (ConfUtils.java:logGet(43)) - raft.server.log.preallocated.size = 16384 (custom)
2019-07-13 16:35:42,733 INFO  server.RaftServerConfigKeys (ConfUtils.java:logGet(43)) - raft.server.log.statemachine.data.caching.enabled = true (custom)
2019-07-13 16:35:42,733 INFO  server.RaftServerConfigKeys (ConfUtils.java:logGet(43)) - raft.server.log.write.buffer.size = 33554432 (custom)
2019-07-13 16:35:42,733 INFO  server.RaftServerConfigKeys (ConfUtils.java:logGet(43)) - raft.server.log.force.sync.num = 128 (default)
2019-07-13 16:35:42,733 INFO  segmented.SegmentedRaftLogWorker (SegmentedRaftLogWorker.java:lambda$new$0(132)) - 1cd7b9af-ef64-42a5-ae20-92e50e9c0352-SegmentedRaftLogWorker:Storage Directory /tmp/workdir/hadoop-ozone/integration-test/target/test-dir/MiniOzoneClusterImpl-7cdf904c-cbcd-4688-ac37-82b6c94e7bff/datanode-5/data/ratis/9d2f3b8c-d025-4132-86e9-2388c896e468: flushIndex: setUnconditionally 0 -> -1
2019-07-13 16:35:42,734 INFO  server.RaftServerConfigKeys (ConfUtils.java:logGet(43)) - raft.server.log.statemachine.data.sync = true (default)
2019-07-13 16:35:42,738 INFO  server.RaftServerConfigKeys (ConfUtils.java:logGet(43)) - raft.server.snapshot.auto.trigger.enabled = true (custom)
2019-07-13 16:35:42,738 INFO  server.RaftServerConfigKeys (ConfUtils.java:logGet(43)) - raft.server.log.statemachine.data.sync.timeout = 10s (default)
2019-07-13 16:35:42,738 INFO  server.RaftServerConfigKeys (ConfUtils.java:logGet(43)) - raft.server.snapshot.auto.trigger.threshold = 10000 (custom)
2019-07-13 16:35:42,738 INFO  server.RaftServerConfigKeys (ConfUtils.java:logGet(43)) - raft.server.log.statemachine.data.sync.timeout.retry = -1 (default)
2019-07-13 16:35:42,738 INFO  server.RaftServerConfigKeys (ConfUtils.java:logGet(43)) - raft.server.retrycache.expirytime = 600000ms (custom)
2019-07-13 16:35:42,738 INFO  server.RaftServerConfigKeys (ConfUtils.java:logGet(43)) - raft.server.log.statemachine.data.caching.enabled = true (custom)
2019-07-13 16:35:42,739 INFO  impl.RaftServerImpl (RaftServerImpl.java:start(180)) - 1cd7b9af-ef64-42a5-ae20-92e50e9c0352: start group-2388C896E468
2019-07-13 16:35:42,739 INFO  impl.RaftServerImpl (RaftServerImpl.java:setRole(171)) - 1cd7b9af-ef64-42a5-ae20-92e50e9c0352:group-2388C896E468 changes role from null to FOLLOWER at term 0 for startAsFollower
2019-07-13 16:35:42,739 INFO  segmented.SegmentedRaftLogWorker (SegmentedRaftLogWorker.java:lambda$new$0(132)) - e8474009-539d-469d-b3a0-e20c29ccb728-SegmentedRaftLogWorker:Storage Directory /tmp/workdir/hadoop-ozone/integration-test/target/test-dir/MiniOzoneClusterImpl-7cdf904c-cbcd-4688-ac37-82b6c94e7bff/datanode-4/data/ratis/9d2f3b8c-d025-4132-86e9-2388c896e468: flushIndex: setUnconditionally 0 -> -1
2019-07-13 16:35:42,739 INFO  impl.RoleInfo (RoleInfo.java:updateAndGet(143)) - 1cd7b9af-ef64-42a5-ae20-92e50e9c0352: start FollowerState
2019-07-13 16:35:42,739 INFO  server.RaftServerConfigKeys (ConfUtils.java:logGet(43)) - raft.server.snapshot.auto.trigger.enabled = true (custom)
2019-07-13 16:35:42,739 INFO  server.RaftServerConfigKeys (ConfUtils.java:logGet(43)) - raft.server.snapshot.auto.trigger.threshold = 10000 (custom)
2019-07-13 16:35:42,740 INFO  util.JmxRegister (JmxRegister.java:tryRegister(44)) - Successfully registered JMX Bean with object name Ratis:service=RaftServer,group=group-2388C896E468,id=1cd7b9af-ef64-42a5-ae20-92e50e9c0352
2019-07-13 16:35:42,740 INFO  server.RaftServerConfigKeys (ConfUtils.java:logGet(43)) - raft.server.retrycache.expirytime = 600000ms (custom)
2019-07-13 16:35:42,740 INFO  impl.RaftServerImpl (RaftServerImpl.java:start(180)) - e8474009-539d-469d-b3a0-e20c29ccb728: start group-2388C896E468
2019-07-13 16:35:42,740 INFO  impl.RaftServerImpl (RaftServerImpl.java:setRole(171)) - e8474009-539d-469d-b3a0-e20c29ccb728:group-2388C896E468 changes role from null to FOLLOWER at term 0 for startAsFollower
2019-07-13 16:35:42,740 INFO  impl.RoleInfo (RoleInfo.java:updateAndGet(143)) - e8474009-539d-469d-b3a0-e20c29ccb728: start FollowerState
2019-07-13 16:35:42,741 INFO  util.JmxRegister (JmxRegister.java:tryRegister(44)) - Successfully registered JMX Bean with object name Ratis:service=RaftServer,group=group-2388C896E468,id=e8474009-539d-469d-b3a0-e20c29ccb728
2019-07-13 16:35:42,748 INFO  pipeline.PipelineStateManager (PipelineStateManager.java:addPipeline(56)) - Created pipeline Pipeline[ Id: 9d2f3b8c-d025-4132-86e9-2388c896e468, Nodes: 1cd7b9af-ef64-42a5-ae20-92e50e9c0352{ip: 192.168.5.187, host: trunk-nightly-z92hn-1831959607, networkLocation: /default-rack, certSerialId: null}7e17895d-54f0-486b-b768-5d611b8730aa{ip: 192.168.5.187, host: trunk-nightly-z92hn-1831959607, networkLocation: /default-rack, certSerialId: null}e8474009-539d-469d-b3a0-e20c29ccb728{ip: 192.168.5.187, host: trunk-nightly-z92hn-1831959607, networkLocation: /default-rack, certSerialId: null}, Type:RATIS, Factor:THREE, State:OPEN]
2019-07-13 16:35:42,977 INFO  ozone.MiniOzoneClusterImpl (MiniOzoneClusterImpl.java:lambda$waitForClusterToBeReady$0(142)) - Waiting for cluster to be ready. Got 6 of 7 DN Heartbeats.
2019-07-13 16:35:42,979 INFO  node.SCMNodeManager (SCMNodeManager.java:register(269)) - Registered Data node : 2c482ecb-d025-408e-a9d0-069b6cd60f7a{ip: 192.168.5.187, host: trunk-nightly-z92hn-1831959607, networkLocation: /default-rack, certSerialId: null}
2019-07-13 16:35:42,989 INFO  impl.RaftServerProxy (RaftServerProxy.java:addNew(89)) - 2c482ecb-d025-408e-a9d0-069b6cd60f7a: addNew group-9E7FAEF1EB8F:[2c482ecb-d025-408e-a9d0-069b6cd60f7a:192.168.5.187:39994] returns group-9E7FAEF1EB8F:java.util.concurrent.CompletableFuture@4542b2e6[Not completed]
2019-07-13 16:35:42,990 INFO  impl.RaftServerImpl (RaftServerImpl.java:<init>(93)) - 2c482ecb-d025-408e-a9d0-069b6cd60f7a: new RaftServerImpl for group-9E7FAEF1EB8F:[2c482ecb-d025-408e-a9d0-069b6cd60f7a:192.168.5.187:39994] with ContainerStateMachine:uninitialized
2019-07-13 16:35:42,990 INFO  server.RaftServerConfigKeys (ConfUtils.java:logGet(43)) - raft.server.rpc.timeout.min = 5s (custom)
2019-07-13 16:35:42,991 INFO  server.RaftServerConfigKeys (ConfUtils.java:logGet(43)) - raft.server.rpc.timeout.max = 5200ms (custom)
2019-07-13 16:35:42,991 INFO  server.RaftServerConfigKeys (ConfUtils.java:logGet(43)) - raft.server.rpcslowness.timeout = 120s (custom)
2019-07-13 16:35:42,991 INFO  server.RaftServerConfigKeys (ConfUtils.java:logGet(43)) - raft.server.sleep.deviation.threshold = 300 (default)
2019-07-13 16:35:42,991 INFO  server.RaftServerConfigKeys (ConfUtils.java:logGet(43)) - raft.server.log.appender.install.snapshot.enabled = false (custom)
2019-07-13 16:35:42,991 INFO  impl.RaftServerImpl (ServerState.java:<init>(105)) - 2c482ecb-d025-408e-a9d0-069b6cd60f7a:group-9E7FAEF1EB8F ConfigurationManager, init=-1: [2c482ecb-d025-408e-a9d0-069b6cd60f7a:192.168.5.187:39994], old=null, confs=<EMPTY_MAP>
2019-07-13 16:35:42,991 INFO  server.RaftServerConfigKeys (ConfUtils.java:logGet(43)) - raft.server.storage.dir = [/tmp/workdir/hadoop-ozone/integration-test/target/test-dir/MiniOzoneClusterImpl-7cdf904c-cbcd-4688-ac37-82b6c94e7bff/datanode-6/data/ratis] (custom)
2019-07-13 16:35:42,992 INFO  storage.RaftStorageDirectory (RaftStorageDirectory.java:analyzeStorage(246)) - The storage directory /tmp/workdir/hadoop-ozone/integration-test/target/test-dir/MiniOzoneClusterImpl-7cdf904c-cbcd-4688-ac37-82b6c94e7bff/datanode-6/data/ratis/14ae872a-ff79-404f-8575-9e7faef1eb8f does not exist. Creating ...
2019-07-13 16:35:43,005 INFO  storage.RaftStorageDirectory (RaftStorageDirectory.java:tryLock(328)) - Lock on /tmp/workdir/hadoop-ozone/integration-test/target/test-dir/MiniOzoneClusterImpl-7cdf904c-cbcd-4688-ac37-82b6c94e7bff/datanode-6/data/ratis/14ae872a-ff79-404f-8575-9e7faef1eb8f/in_use.lock acquired by nodename 30505@trunk-nightly-z92hn-1831959607
2019-07-13 16:35:43,018 INFO  storage.RaftStorage (RaftStorage.java:format(72)) - Storage directory /tmp/workdir/hadoop-ozone/integration-test/target/test-dir/MiniOzoneClusterImpl-7cdf904c-cbcd-4688-ac37-82b6c94e7bff/datanode-6/data/ratis/14ae872a-ff79-404f-8575-9e7faef1eb8f has been successfully formatted.
2019-07-13 16:35:43,018 INFO  ratis.ContainerStateMachine (ContainerStateMachine.java:loadSnapshot(200)) - The snapshot info is null.Setting the last applied index to:(t:0, i:~)
2019-07-13 16:35:43,018 INFO  server.RaftServerConfigKeys (ConfUtils.java:logGet(43)) - raft.server.leader.election.timeout = 120s (custom)
2019-07-13 16:35:43,018 INFO  server.RaftServerConfigKeys (ConfUtils.java:logGet(43)) - raft.server.log.use.memory = false (default)
2019-07-13 16:35:43,019 INFO  server.RaftServerConfigKeys (ConfUtils.java:logGet(43)) - raft.server.log.purge.gap = 1000000000 (custom)
2019-07-13 16:35:43,019 INFO  server.RaftServerConfigKeys (ConfUtils.java:logGet(43)) - raft.server.log.appender.buffer.byte-limit = 33554432 (custom)
2019-07-13 16:35:43,019 INFO  server.RaftServerConfigKeys (ConfUtils.java:logGet(43)) - raft.server.log.segment.size.max = 1048576 (custom)
2019-07-13 16:35:43,019 INFO  server.RaftServerConfigKeys (ConfUtils.java:logGet(43)) - raft.server.log.segment.cache.num.max = 2 (custom)
2019-07-13 16:35:43,019 INFO  segmented.SegmentedRaftLogWorker (SegmentedRaftLogWorker.java:<init>(172)) - new 2c482ecb-d025-408e-a9d0-069b6cd60f7a-SegmentedRaftLogWorker:Storage Directory /tmp/workdir/hadoop-ozone/integration-test/target/test-dir/MiniOzoneClusterImpl-7cdf904c-cbcd-4688-ac37-82b6c94e7bff/datanode-6/data/ratis/14ae872a-ff79-404f-8575-9e7faef1eb8f for RaftStorage:Storage Directory /tmp/workdir/hadoop-ozone/integration-test/target/test-dir/MiniOzoneClusterImpl-7cdf904c-cbcd-4688-ac37-82b6c94e7bff/datanode-6/data/ratis/14ae872a-ff79-404f-8575-9e7faef1eb8f
2019-07-13 16:35:43,019 INFO  server.RaftServerConfigKeys (ConfUtils.java:logGet(43)) - raft.server.log.queue.byte-limit = 2147483647 (custom)
2019-07-13 16:35:43,020 INFO  server.RaftServerConfigKeys (ConfUtils.java:logGet(43)) - raft.server.log.queue.element-limit = 1024 (custom)
2019-07-13 16:35:43,020 INFO  server.RaftServerConfigKeys (ConfUtils.java:logGet(43)) - raft.server.log.segment.size.max = 1048576 (custom)
2019-07-13 16:35:43,020 INFO  server.RaftServerConfigKeys (ConfUtils.java:logGet(43)) - raft.server.log.preallocated.size = 16384 (custom)
2019-07-13 16:35:43,020 INFO  server.RaftServerConfigKeys (ConfUtils.java:logGet(43)) - raft.server.log.write.buffer.size = 33554432 (custom)
2019-07-13 16:35:43,020 INFO  server.RaftServerConfigKeys (ConfUtils.java:logGet(43)) - raft.server.log.force.sync.num = 128 (default)
2019-07-13 16:35:43,020 INFO  server.RaftServerConfigKeys (ConfUtils.java:logGet(43)) - raft.server.log.statemachine.data.sync = true (default)
2019-07-13 16:35:43,021 INFO  server.RaftServerConfigKeys (ConfUtils.java:logGet(43)) - raft.server.log.statemachine.data.sync.timeout = 10s (default)
2019-07-13 16:35:43,021 INFO  server.RaftServerConfigKeys (ConfUtils.java:logGet(43)) - raft.server.log.statemachine.data.sync.timeout.retry = -1 (default)
2019-07-13 16:35:43,021 INFO  server.RaftServerConfigKeys (ConfUtils.java:logGet(43)) - raft.server.log.statemachine.data.caching.enabled = true (custom)
2019-07-13 16:35:43,021 INFO  segmented.SegmentedRaftLogWorker (SegmentedRaftLogWorker.java:lambda$new$0(132)) - 2c482ecb-d025-408e-a9d0-069b6cd60f7a-SegmentedRaftLogWorker:Storage Directory /tmp/workdir/hadoop-ozone/integration-test/target/test-dir/MiniOzoneClusterImpl-7cdf904c-cbcd-4688-ac37-82b6c94e7bff/datanode-6/data/ratis/14ae872a-ff79-404f-8575-9e7faef1eb8f: flushIndex: setUnconditionally 0 -> -1
2019-07-13 16:35:43,022 INFO  server.RaftServerConfigKeys (ConfUtils.java:logGet(43)) - raft.server.snapshot.auto.trigger.enabled = true (custom)
2019-07-13 16:35:43,022 INFO  server.RaftServerConfigKeys (ConfUtils.java:logGet(43)) - raft.server.snapshot.auto.trigger.threshold = 10000 (custom)
2019-07-13 16:35:43,022 INFO  server.RaftServerConfigKeys (ConfUtils.java:logGet(43)) - raft.server.retrycache.expirytime = 600000ms (custom)
2019-07-13 16:35:43,022 INFO  impl.RaftServerImpl (RaftServerImpl.java:start(180)) - 2c482ecb-d025-408e-a9d0-069b6cd60f7a: start group-9E7FAEF1EB8F
2019-07-13 16:35:43,022 INFO  impl.RaftServerImpl (RaftServerImpl.java:setRole(171)) - 2c482ecb-d025-408e-a9d0-069b6cd60f7a:group-9E7FAEF1EB8F changes role from null to FOLLOWER at term 0 for startAsFollower
2019-07-13 16:35:43,023 INFO  impl.RoleInfo (RoleInfo.java:updateAndGet(143)) - 2c482ecb-d025-408e-a9d0-069b6cd60f7a: start FollowerState
2019-07-13 16:35:43,023 INFO  util.JmxRegister (JmxRegister.java:tryRegister(44)) - Successfully registered JMX Bean with object name Ratis:service=RaftServer,group=group-9E7FAEF1EB8F,id=2c482ecb-d025-408e-a9d0-069b6cd60f7a
2019-07-13 16:35:43,028 INFO  pipeline.PipelineStateManager (PipelineStateManager.java:addPipeline(56)) - Created pipeline Pipeline[ Id: 14ae872a-ff79-404f-8575-9e7faef1eb8f, Nodes: 2c482ecb-d025-408e-a9d0-069b6cd60f7a{ip: 192.168.5.187, host: trunk-nightly-z92hn-1831959607, networkLocation: /default-rack, certSerialId: null}, Type:RATIS, Factor:ONE, State:OPEN]
2019-07-13 16:35:43,978 INFO  ozone.MiniOzoneClusterImpl (MiniOzoneClusterImpl.java:lambda$waitForClusterToBeReady$0(142)) - Cluster is ready. Got 7 of 7 DN Heartbeats.
2019-07-13 16:35:44,012 INFO  rpc.RpcClient (RpcClient.java:createVolume(287)) - Creating Volume: testblockoutputstream, with jenkins1000 as owner.
2019-07-13 16:35:44,028 INFO  rpc.RpcClient (RpcClient.java:createBucket(424)) - Creating Bucket: testblockoutputstream/testblockoutputstream, with Versioning false and Storage Type set to DISK and Encryption set to false 
2019-07-13 16:35:44,058 INFO  client.GrpcClientProtocolClient (GrpcClientProtocolClient.java:onNext(255)) - client-2C1C55541668->51aa53b0-526e-4007-8aae-2a4e36760f72: receive RaftClientReply:client-2C1C55541668->51aa53b0-526e-4007-8aae-2a4e36760f72@group-09652ED9C2F7, cid=205, FAILED org.apache.ratis.protocol.NotLeaderException: Server 51aa53b0-526e-4007-8aae-2a4e36760f72 is not the leader (null). Request must be sent to leader., logIndex=0, commits[51aa53b0-526e-4007-8aae-2a4e36760f72:c-1]
2019-07-13 16:35:44,738 INFO  container.ReplicationManager (ReplicationManager.java:start(155)) - Starting Replication Monitor Thread.
2019-07-13 16:35:44,741 INFO  container.ReplicationManager (ReplicationManager.java:run(207)) - Replication Monitor Thread took 0 milliseconds for processing 1 containers.
2019-07-13 16:35:45,077 INFO  client.GrpcClientProtocolClient (GrpcClientProtocolClient.java:onNext(255)) - client-2C1C55541668->8d176e4f-2c0f-4011-b4ab-9c159ff7b365: receive RaftClientReply:client-2C1C55541668->8d176e4f-2c0f-4011-b4ab-9c159ff7b365@group-09652ED9C2F7, cid=205, FAILED org.apache.ratis.protocol.NotLeaderException: Server 8d176e4f-2c0f-4011-b4ab-9c159ff7b365 is not the leader (null). Request must be sent to leader., logIndex=0, commits[8d176e4f-2c0f-4011-b4ab-9c159ff7b365:c-1]
2019-07-13 16:35:46,093 INFO  client.GrpcClientProtocolClient (GrpcClientProtocolClient.java:onNext(255)) - client-2C1C55541668->51aa53b0-526e-4007-8aae-2a4e36760f72: receive RaftClientReply:client-2C1C55541668->51aa53b0-526e-4007-8aae-2a4e36760f72@group-09652ED9C2F7, cid=205, FAILED org.apache.ratis.protocol.NotLeaderException: Server 51aa53b0-526e-4007-8aae-2a4e36760f72 is not the leader (null). Request must be sent to leader., logIndex=0, commits[51aa53b0-526e-4007-8aae-2a4e36760f72:c-1]
2019-07-13 16:35:46,959 INFO  impl.FollowerState (FollowerState.java:run(106)) - 8d176e4f-2c0f-4011-b4ab-9c159ff7b365:group-FACEAD079884 changes to CANDIDATE, lastRpcTime:5192, electionTimeout:5192ms
2019-07-13 16:35:46,959 INFO  impl.RoleInfo (RoleInfo.java:shutdownFollowerState(121)) - 8d176e4f-2c0f-4011-b4ab-9c159ff7b365: shutdown FollowerState
2019-07-13 16:35:46,959 INFO  impl.RaftServerImpl (RaftServerImpl.java:setRole(171)) - 8d176e4f-2c0f-4011-b4ab-9c159ff7b365:group-FACEAD079884 changes role from FOLLOWER to CANDIDATE at term 0 for changeToCandidate
2019-07-13 16:35:46,959 INFO  impl.RoleInfo (RoleInfo.java:updateAndGet(143)) - 8d176e4f-2c0f-4011-b4ab-9c159ff7b365: start LeaderElection
2019-07-13 16:35:46,965 INFO  impl.FollowerState (FollowerState.java:run(106)) - 51aa53b0-526e-4007-8aae-2a4e36760f72:group-CAFC1BE6CD85 changes to CANDIDATE, lastRpcTime:5011, electionTimeout:5006ms
2019-07-13 16:35:46,968 INFO  impl.RoleInfo (RoleInfo.java:shutdownFollowerState(121)) - 51aa53b0-526e-4007-8aae-2a4e36760f72: shutdown FollowerState
2019-07-13 16:35:46,968 INFO  impl.RaftServerImpl (RaftServerImpl.java:setRole(171)) - 51aa53b0-526e-4007-8aae-2a4e36760f72:group-CAFC1BE6CD85 changes role from FOLLOWER to CANDIDATE at term 0 for changeToCandidate
2019-07-13 16:35:46,968 INFO  impl.RoleInfo (RoleInfo.java:updateAndGet(143)) - 51aa53b0-526e-4007-8aae-2a4e36760f72: start LeaderElection
2019-07-13 16:35:46,984 INFO  impl.LeaderElection (LeaderElection.java:askForVotes(181)) - 8d176e4f-2c0f-4011-b4ab-9c159ff7b365:group-FACEAD079884:LeaderElection61: begin an election at term 1 for -1: [8d176e4f-2c0f-4011-b4ab-9c159ff7b365:192.168.5.187:36564], old=null
2019-07-13 16:35:46,984 INFO  impl.LeaderElection (LeaderElection.java:askForVotes(181)) - 51aa53b0-526e-4007-8aae-2a4e36760f72:group-CAFC1BE6CD85:LeaderElection62: begin an election at term 1 for -1: [51aa53b0-526e-4007-8aae-2a4e36760f72:192.168.5.187:40345], old=null
2019-07-13 16:35:46,984 INFO  impl.RoleInfo (RoleInfo.java:shutdownLeaderElection(134)) - 8d176e4f-2c0f-4011-b4ab-9c159ff7b365: shutdown LeaderElection
2019-07-13 16:35:46,985 INFO  impl.RoleInfo (RoleInfo.java:shutdownLeaderElection(134)) - 51aa53b0-526e-4007-8aae-2a4e36760f72: shutdown LeaderElection
2019-07-13 16:35:46,985 INFO  impl.RaftServerImpl (RaftServerImpl.java:setRole(171)) - 8d176e4f-2c0f-4011-b4ab-9c159ff7b365:group-FACEAD079884 changes role from CANDIDATE to LEADER at term 1 for changeToLeader
2019-07-13 16:35:46,985 INFO  impl.RaftServerImpl (RaftServerImpl.java:setRole(171)) - 51aa53b0-526e-4007-8aae-2a4e36760f72:group-CAFC1BE6CD85 changes role from CANDIDATE to LEADER at term 1 for changeToLeader
2019-07-13 16:35:46,985 INFO  impl.RaftServerImpl (ServerState.java:setLeader(263)) - 8d176e4f-2c0f-4011-b4ab-9c159ff7b365:group-FACEAD079884 change Leader from null to 8d176e4f-2c0f-4011-b4ab-9c159ff7b365 at term 1 for becomeLeader, leader elected after 5223ms
2019-07-13 16:35:46,985 INFO  impl.RaftServerImpl (ServerState.java:setLeader(263)) - 51aa53b0-526e-4007-8aae-2a4e36760f72:group-CAFC1BE6CD85 change Leader from null to 51aa53b0-526e-4007-8aae-2a4e36760f72 at term 1 for becomeLeader, leader elected after 5035ms
2019-07-13 16:35:46,985 INFO  server.RaftServerConfigKeys (ConfUtils.java:logGet(43)) - raft.server.staging.catchup.gap = 1000 (default)
2019-07-13 16:35:46,985 INFO  server.RaftServerConfigKeys (ConfUtils.java:logGet(43)) - raft.server.staging.catchup.gap = 1000 (default)
2019-07-13 16:35:46,986 INFO  server.RaftServerConfigKeys (ConfUtils.java:logGet(43)) - raft.server.rpc.sleep.time = 25ms (default)
2019-07-13 16:35:46,986 INFO  server.RaftServerConfigKeys (ConfUtils.java:logGet(43)) - raft.server.rpc.sleep.time = 25ms (default)
2019-07-13 16:35:46,986 INFO  server.RaftServerConfigKeys (ConfUtils.java:logGet(43)) - raft.server.write.element-limit = 4096 (default)
2019-07-13 16:35:46,986 INFO  server.RaftServerConfigKeys (ConfUtils.java:logGet(43)) - raft.server.write.element-limit = 4096 (default)
2019-07-13 16:35:46,986 INFO  server.RaftServerConfigKeys (ConfUtils.java:logGet(43)) - raft.server.watch.timeout = 10s (default)
2019-07-13 16:35:46,986 INFO  server.RaftServerConfigKeys (ConfUtils.java:logGet(43)) - raft.server.watch.timeout = 10s (default)
2019-07-13 16:35:46,986 INFO  server.RaftServerConfigKeys (ConfUtils.java:logGet(43)) - raft.server.watch.timeout.denomination = 1s (default)
2019-07-13 16:35:46,987 INFO  server.RaftServerConfigKeys (ConfUtils.java:logGet(43)) - raft.server.watch.timeout.denomination = 1s (default)
2019-07-13 16:35:46,987 INFO  server.RaftServerConfigKeys (ConfUtils.java:logGet(43)) - raft.server.watch.element-limit = 65536 (default)
2019-07-13 16:35:46,987 INFO  server.RaftServerConfigKeys (ConfUtils.java:logGet(43)) - raft.server.watch.element-limit = 65536 (default)
2019-07-13 16:35:46,987 INFO  impl.RoleInfo (RoleInfo.java:updateAndGet(143)) - 8d176e4f-2c0f-4011-b4ab-9c159ff7b365: start LeaderState
2019-07-13 16:35:46,987 INFO  impl.RoleInfo (RoleInfo.java:updateAndGet(143)) - 51aa53b0-526e-4007-8aae-2a4e36760f72: start LeaderState
2019-07-13 16:35:46,988 INFO  segmented.SegmentedRaftLogWorker (SegmentedRaftLogWorker.java:startLogSegment(380)) - 8d176e4f-2c0f-4011-b4ab-9c159ff7b365-SegmentedRaftLogWorker:Storage Directory /tmp/workdir/hadoop-ozone/integration-test/target/test-dir/MiniOzoneClusterImpl-7cdf904c-cbcd-4688-ac37-82b6c94e7bff/datanode-0/data/ratis/dd238063-545d-4fb4-891d-facead079884: Starting segment from index:0
2019-07-13 16:35:46,988 INFO  segmented.SegmentedRaftLogWorker (SegmentedRaftLogWorker.java:startLogSegment(380)) - 51aa53b0-526e-4007-8aae-2a4e36760f72-SegmentedRaftLogWorker:Storage Directory /tmp/workdir/hadoop-ozone/integration-test/target/test-dir/MiniOzoneClusterImpl-7cdf904c-cbcd-4688-ac37-82b6c94e7bff/datanode-1/data/ratis/6b9ba69f-891d-45ed-90c8-cafc1be6cd85: Starting segment from index:0
2019-07-13 16:35:46,988 INFO  impl.RaftServerImpl (ServerState.java:setRaftConf(361)) - 8d176e4f-2c0f-4011-b4ab-9c159ff7b365:group-FACEAD079884 set configuration 0: [8d176e4f-2c0f-4011-b4ab-9c159ff7b365:192.168.5.187:36564], old=null at 0
2019-07-13 16:35:46,988 INFO  impl.RaftServerImpl (ServerState.java:setRaftConf(361)) - 51aa53b0-526e-4007-8aae-2a4e36760f72:group-CAFC1BE6CD85 set configuration 0: [51aa53b0-526e-4007-8aae-2a4e36760f72:192.168.5.187:40345], old=null at 0
2019-07-13 16:35:47,020 INFO  segmented.SegmentedRaftLogWorker (SegmentedRaftLogWorker.java:execute(569)) - 8d176e4f-2c0f-4011-b4ab-9c159ff7b365-SegmentedRaftLogWorker:Storage Directory /tmp/workdir/hadoop-ozone/integration-test/target/test-dir/MiniOzoneClusterImpl-7cdf904c-cbcd-4688-ac37-82b6c94e7bff/datanode-0/data/ratis/dd238063-545d-4fb4-891d-facead079884: created new log segment /tmp/workdir/hadoop-ozone/integration-test/target/test-dir/MiniOzoneClusterImpl-7cdf904c-cbcd-4688-ac37-82b6c94e7bff/datanode-0/data/ratis/dd238063-545d-4fb4-891d-facead079884/current/log_inprogress_0
2019-07-13 16:35:47,020 INFO  segmented.SegmentedRaftLogWorker (SegmentedRaftLogWorker.java:execute(569)) - 51aa53b0-526e-4007-8aae-2a4e36760f72-SegmentedRaftLogWorker:Storage Directory /tmp/workdir/hadoop-ozone/integration-test/target/test-dir/MiniOzoneClusterImpl-7cdf904c-cbcd-4688-ac37-82b6c94e7bff/datanode-1/data/ratis/6b9ba69f-891d-45ed-90c8-cafc1be6cd85: created new log segment /tmp/workdir/hadoop-ozone/integration-test/target/test-dir/MiniOzoneClusterImpl-7cdf904c-cbcd-4688-ac37-82b6c94e7bff/datanode-1/data/ratis/6b9ba69f-891d-45ed-90c8-cafc1be6cd85/current/log_inprogress_0
2019-07-13 16:35:47,105 INFO  client.GrpcClientProtocolClient (GrpcClientProtocolClient.java:onNext(255)) - client-2C1C55541668->8d176e4f-2c0f-4011-b4ab-9c159ff7b365: receive RaftClientReply:client-2C1C55541668->8d176e4f-2c0f-4011-b4ab-9c159ff7b365@group-09652ED9C2F7, cid=205, FAILED org.apache.ratis.protocol.NotLeaderException: Server 8d176e4f-2c0f-4011-b4ab-9c159ff7b365 is not the leader (null). Request must be sent to leader., logIndex=0, commits[8d176e4f-2c0f-4011-b4ab-9c159ff7b365:c-1]
2019-07-13 16:35:47,198 INFO  impl.FollowerState (FollowerState.java:run(106)) - e76ebeb5-19b0-4107-ac96-bb6964534b89:group-F13ABADECAAA changes to CANDIDATE, lastRpcTime:5055, electionTimeout:5055ms
2019-07-13 16:35:47,198 INFO  impl.RoleInfo (RoleInfo.java:shutdownFollowerState(121)) - e76ebeb5-19b0-4107-ac96-bb6964534b89: shutdown FollowerState
2019-07-13 16:35:47,198 INFO  impl.RaftServerImpl (RaftServerImpl.java:setRole(171)) - e76ebeb5-19b0-4107-ac96-bb6964534b89:group-F13ABADECAAA changes role from FOLLOWER to CANDIDATE at term 0 for changeToCandidate
2019-07-13 16:35:47,198 INFO  impl.RoleInfo (RoleInfo.java:updateAndGet(143)) - e76ebeb5-19b0-4107-ac96-bb6964534b89: start LeaderElection
2019-07-13 16:35:47,220 INFO  impl.LeaderElection (LeaderElection.java:askForVotes(181)) - e76ebeb5-19b0-4107-ac96-bb6964534b89:group-F13ABADECAAA:LeaderElection63: begin an election at term 1 for -1: [e76ebeb5-19b0-4107-ac96-bb6964534b89:192.168.5.187:40104], old=null
2019-07-13 16:35:47,220 INFO  impl.RoleInfo (RoleInfo.java:shutdownLeaderElection(134)) - e76ebeb5-19b0-4107-ac96-bb6964534b89: shutdown LeaderElection
2019-07-13 16:35:47,220 INFO  impl.RaftServerImpl (RaftServerImpl.java:setRole(171)) - e76ebeb5-19b0-4107-ac96-bb6964534b89:group-F13ABADECAAA changes role from CANDIDATE to LEADER at term 1 for changeToLeader
2019-07-13 16:35:47,220 INFO  impl.RaftServerImpl (ServerState.java:setLeader(263)) - e76ebeb5-19b0-4107-ac96-bb6964534b89:group-F13ABADECAAA change Leader from null to e76ebeb5-19b0-4107-ac96-bb6964534b89 at term 1 for becomeLeader, leader elected after 5082ms
2019-07-13 16:35:47,220 INFO  server.RaftServerConfigKeys (ConfUtils.java:logGet(43)) - raft.server.staging.catchup.gap = 1000 (default)
2019-07-13 16:35:47,221 INFO  server.RaftServerConfigKeys (ConfUtils.java:logGet(43)) - raft.server.rpc.sleep.time = 25ms (default)
2019-07-13 16:35:47,221 INFO  server.RaftServerConfigKeys (ConfUtils.java:logGet(43)) - raft.server.write.element-limit = 4096 (default)
2019-07-13 16:35:47,221 INFO  server.RaftServerConfigKeys (ConfUtils.java:logGet(43)) - raft.server.watch.timeout = 10s (default)
2019-07-13 16:35:47,221 INFO  server.RaftServerConfigKeys (ConfUtils.java:logGet(43)) - raft.server.watch.timeout.denomination = 1s (default)
2019-07-13 16:35:47,221 INFO  server.RaftServerConfigKeys (ConfUtils.java:logGet(43)) - raft.server.watch.element-limit = 65536 (default)
2019-07-13 16:35:47,221 INFO  impl.RoleInfo (RoleInfo.java:updateAndGet(143)) - e76ebeb5-19b0-4107-ac96-bb6964534b89: start LeaderState
2019-07-13 16:35:47,222 INFO  segmented.SegmentedRaftLogWorker (SegmentedRaftLogWorker.java:startLogSegment(380)) - e76ebeb5-19b0-4107-ac96-bb6964534b89-SegmentedRaftLogWorker:Storage Directory /tmp/workdir/hadoop-ozone/integration-test/target/test-dir/MiniOzoneClusterImpl-7cdf904c-cbcd-4688-ac37-82b6c94e7bff/datanode-2/data/ratis/f91094f0-939e-4157-8718-f13abadecaaa: Starting segment from index:0
2019-07-13 16:35:47,222 INFO  impl.RaftServerImpl (ServerState.java:setRaftConf(361)) - e76ebeb5-19b0-4107-ac96-bb6964534b89:group-F13ABADECAAA set configuration 0: [e76ebeb5-19b0-4107-ac96-bb6964534b89:192.168.5.187:40104], old=null at 0
2019-07-13 16:35:47,245 INFO  impl.FollowerState (FollowerState.java:run(106)) - 51aa53b0-526e-4007-8aae-2a4e36760f72:group-09652ED9C2F7 changes to CANDIDATE, lastRpcTime:5039, electionTimeout:5039ms
2019-07-13 16:35:47,245 INFO  impl.RoleInfo (RoleInfo.java:shutdownFollowerState(121)) - 51aa53b0-526e-4007-8aae-2a4e36760f72: shutdown FollowerState
2019-07-13 16:35:47,245 INFO  impl.RaftServerImpl (RaftServerImpl.java:setRole(171)) - 51aa53b0-526e-4007-8aae-2a4e36760f72:group-09652ED9C2F7 changes role from FOLLOWER to CANDIDATE at term 0 for changeToCandidate
2019-07-13 16:35:47,245 INFO  impl.RoleInfo (RoleInfo.java:updateAndGet(143)) - 51aa53b0-526e-4007-8aae-2a4e36760f72: start LeaderElection
2019-07-13 16:35:47,255 INFO  segmented.SegmentedRaftLogWorker (SegmentedRaftLogWorker.java:execute(569)) - e76ebeb5-19b0-4107-ac96-bb6964534b89-SegmentedRaftLogWorker:Storage Directory /tmp/workdir/hadoop-ozone/integration-test/target/test-dir/MiniOzoneClusterImpl-7cdf904c-cbcd-4688-ac37-82b6c94e7bff/datanode-2/data/ratis/f91094f0-939e-4157-8718-f13abadecaaa: created new log segment /tmp/workdir/hadoop-ozone/integration-test/target/test-dir/MiniOzoneClusterImpl-7cdf904c-cbcd-4688-ac37-82b6c94e7bff/datanode-2/data/ratis/f91094f0-939e-4157-8718-f13abadecaaa/current/log_inprogress_0
2019-07-13 16:35:47,255 INFO  impl.LeaderElection (LeaderElection.java:askForVotes(181)) - 51aa53b0-526e-4007-8aae-2a4e36760f72:group-09652ED9C2F7:LeaderElection64: begin an election at term 1 for -1: [8d176e4f-2c0f-4011-b4ab-9c159ff7b365:192.168.5.187:36564, 51aa53b0-526e-4007-8aae-2a4e36760f72:192.168.5.187:40345, e76ebeb5-19b0-4107-ac96-bb6964534b89:192.168.5.187:40104], old=null
2019-07-13 16:35:47,264 INFO  impl.RaftServerImpl (RaftServerImpl.java:setRole(171)) - 8d176e4f-2c0f-4011-b4ab-9c159ff7b365:group-09652ED9C2F7 changes role from FOLLOWER to FOLLOWER at term 1 for recognizeCandidate:51aa53b0-526e-4007-8aae-2a4e36760f72
2019-07-13 16:35:47,267 INFO  impl.RaftServerImpl (RaftServerImpl.java:setRole(171)) - e76ebeb5-19b0-4107-ac96-bb6964534b89:group-09652ED9C2F7 changes role from FOLLOWER to FOLLOWER at term 1 for recognizeCandidate:51aa53b0-526e-4007-8aae-2a4e36760f72
2019-07-13 16:35:47,267 INFO  impl.RoleInfo (RoleInfo.java:shutdownFollowerState(121)) - 8d176e4f-2c0f-4011-b4ab-9c159ff7b365: shutdown FollowerState
2019-07-13 16:35:47,267 INFO  impl.RoleInfo (RoleInfo.java:shutdownFollowerState(121)) - e76ebeb5-19b0-4107-ac96-bb6964534b89: shutdown FollowerState
2019-07-13 16:35:47,267 INFO  impl.FollowerState (FollowerState.java:run(114)) - 8d176e4f-2c0f-4011-b4ab-9c159ff7b365: FollowerState was interrupted: java.lang.InterruptedException: sleep interrupted
2019-07-13 16:35:47,268 INFO  impl.FollowerState (FollowerState.java:run(114)) - e76ebeb5-19b0-4107-ac96-bb6964534b89: FollowerState was interrupted: java.lang.InterruptedException: sleep interrupted
2019-07-13 16:35:47,267 INFO  impl.RoleInfo (RoleInfo.java:updateAndGet(143)) - 8d176e4f-2c0f-4011-b4ab-9c159ff7b365: start FollowerState
2019-07-13 16:35:47,267 INFO  impl.RoleInfo (RoleInfo.java:updateAndGet(143)) - e76ebeb5-19b0-4107-ac96-bb6964534b89: start FollowerState
2019-07-13 16:35:47,287 INFO  impl.LeaderElection (LeaderElection.java:logAndReturn(56)) - 51aa53b0-526e-4007-8aae-2a4e36760f72:group-09652ED9C2F7:LeaderElection64: Election PASSED; received 1 response(s) [51aa53b0-526e-4007-8aae-2a4e36760f72<-8d176e4f-2c0f-4011-b4ab-9c159ff7b365#0:OK-t1] and 0 exception(s); 51aa53b0-526e-4007-8aae-2a4e36760f72:t1, leader=null, voted=51aa53b0-526e-4007-8aae-2a4e36760f72, raftlog=51aa53b0-526e-4007-8aae-2a4e36760f72-SegmentedRaftLog:OPENED:c-1,f-1,i0, conf=-1: [8d176e4f-2c0f-4011-b4ab-9c159ff7b365:192.168.5.187:36564, 51aa53b0-526e-4007-8aae-2a4e36760f72:192.168.5.187:40345, e76ebeb5-19b0-4107-ac96-bb6964534b89:192.168.5.187:40104], old=null
2019-07-13 16:35:47,287 INFO  impl.RoleInfo (RoleInfo.java:shutdownLeaderElection(134)) - 51aa53b0-526e-4007-8aae-2a4e36760f72: shutdown LeaderElection
2019-07-13 16:35:47,287 INFO  impl.RaftServerImpl (RaftServerImpl.java:setRole(171)) - 51aa53b0-526e-4007-8aae-2a4e36760f72:group-09652ED9C2F7 changes role from CANDIDATE to LEADER at term 1 for changeToLeader
2019-07-13 16:35:47,287 INFO  impl.RaftServerImpl (ServerState.java:setLeader(263)) - 51aa53b0-526e-4007-8aae-2a4e36760f72:group-09652ED9C2F7 change Leader from null to 51aa53b0-526e-4007-8aae-2a4e36760f72 at term 1 for becomeLeader, leader elected after 5088ms
2019-07-13 16:35:47,287 INFO  server.RaftServerConfigKeys (ConfUtils.java:logGet(43)) - raft.server.staging.catchup.gap = 1000 (default)
2019-07-13 16:35:47,287 INFO  server.RaftServerConfigKeys (ConfUtils.java:logGet(43)) - raft.server.rpc.sleep.time = 25ms (default)
2019-07-13 16:35:47,287 INFO  server.RaftServerConfigKeys (ConfUtils.java:logGet(43)) - raft.server.write.element-limit = 4096 (default)
2019-07-13 16:35:47,288 INFO  server.RaftServerConfigKeys (ConfUtils.java:logGet(43)) - raft.server.watch.timeout = 10s (default)
2019-07-13 16:35:47,288 INFO  server.RaftServerConfigKeys (ConfUtils.java:logGet(43)) - raft.server.watch.timeout.denomination = 1s (default)
2019-07-13 16:35:47,288 INFO  server.RaftServerConfigKeys (ConfUtils.java:logGet(43)) - raft.server.watch.element-limit = 65536 (default)
2019-07-13 16:35:47,288 INFO  server.RaftServerConfigKeys (ConfUtils.java:logGet(43)) - raft.server.log.appender.snapshot.chunk.size.max = 16MB (=16777216) (default)
2019-07-13 16:35:47,288 INFO  server.RaftServerConfigKeys (ConfUtils.java:logGet(43)) - raft.server.log.appender.buffer.byte-limit = 33554432 (custom)
2019-07-13 16:35:47,288 INFO  server.RaftServerConfigKeys (ConfUtils.java:logGet(43)) - raft.server.log.appender.buffer.element-limit = 1 (custom)
2019-07-13 16:35:47,289 INFO  grpc.GrpcConfigKeys$Server (ConfUtils.java:logGet(43)) - raft.grpc.server.leader.outstanding.appends.max = 128 (default)
2019-07-13 16:35:47,289 INFO  server.RaftServerConfigKeys (ConfUtils.java:logGet(43)) - raft.server.rpc.request.timeout = 3000ms (default)
2019-07-13 16:35:47,289 INFO  server.RaftServerConfigKeys (ConfUtils.java:logGet(43)) - raft.server.log.appender.install.snapshot.enabled = false (custom)
2019-07-13 16:35:47,289 INFO  server.RaftServerConfigKeys (ConfUtils.java:logGet(43)) - raft.server.log.appender.snapshot.chunk.size.max = 16MB (=16777216) (default)
2019-07-13 16:35:47,289 INFO  server.RaftServerConfigKeys (ConfUtils.java:logGet(43)) - raft.server.log.appender.buffer.byte-limit = 33554432 (custom)
2019-07-13 16:35:47,290 INFO  server.RaftServerConfigKeys (ConfUtils.java:logGet(43)) - raft.server.log.appender.buffer.element-limit = 1 (custom)
2019-07-13 16:35:47,290 INFO  grpc.GrpcConfigKeys$Server (ConfUtils.java:logGet(43)) - raft.grpc.server.leader.outstanding.appends.max = 128 (default)
2019-07-13 16:35:47,290 INFO  server.RaftServerConfigKeys (ConfUtils.java:logGet(43)) - raft.server.rpc.request.timeout = 3000ms (default)
2019-07-13 16:35:47,290 INFO  server.RaftServerConfigKeys (ConfUtils.java:logGet(43)) - raft.server.log.appender.install.snapshot.enabled = false (custom)
2019-07-13 16:35:47,290 INFO  impl.RoleInfo (RoleInfo.java:updateAndGet(143)) - 51aa53b0-526e-4007-8aae-2a4e36760f72: start LeaderState
2019-07-13 16:35:47,291 INFO  segmented.SegmentedRaftLogWorker (SegmentedRaftLogWorker.java:startLogSegment(380)) - 51aa53b0-526e-4007-8aae-2a4e36760f72-SegmentedRaftLogWorker:Storage Directory /tmp/workdir/hadoop-ozone/integration-test/target/test-dir/MiniOzoneClusterImpl-7cdf904c-cbcd-4688-ac37-82b6c94e7bff/datanode-1/data/ratis/a454d92f-843c-423f-91b9-09652ed9c2f7: Starting segment from index:0
2019-07-13 16:35:47,311 INFO  impl.RaftServerImpl (ServerState.java:setRaftConf(361)) - 51aa53b0-526e-4007-8aae-2a4e36760f72:group-09652ED9C2F7 set configuration 0: [8d176e4f-2c0f-4011-b4ab-9c159ff7b365:192.168.5.187:36564, 51aa53b0-526e-4007-8aae-2a4e36760f72:192.168.5.187:40345, e76ebeb5-19b0-4107-ac96-bb6964534b89:192.168.5.187:40104], old=null at 0
2019-07-13 16:35:47,315 INFO  impl.RaftServerImpl (ServerState.java:setLeader(263)) - e76ebeb5-19b0-4107-ac96-bb6964534b89:group-09652ED9C2F7 change Leader from null to 51aa53b0-526e-4007-8aae-2a4e36760f72 at term 1 for appendEntries, leader elected after 5116ms
2019-07-13 16:35:47,318 INFO  impl.RaftServerImpl (ServerState.java:setLeader(263)) - 8d176e4f-2c0f-4011-b4ab-9c159ff7b365:group-09652ED9C2F7 change Leader from null to 51aa53b0-526e-4007-8aae-2a4e36760f72 at term 1 for appendEntries, leader elected after 5119ms
2019-07-13 16:35:47,320 INFO  impl.RaftServerImpl (ServerState.java:setRaftConf(361)) - e76ebeb5-19b0-4107-ac96-bb6964534b89:group-09652ED9C2F7 set configuration 0: [8d176e4f-2c0f-4011-b4ab-9c159ff7b365:192.168.5.187:36564, 51aa53b0-526e-4007-8aae-2a4e36760f72:192.168.5.187:40345, e76ebeb5-19b0-4107-ac96-bb6964534b89:192.168.5.187:40104], old=null at 0
2019-07-13 16:35:47,320 INFO  impl.RaftServerImpl (ServerState.java:setRaftConf(361)) - 8d176e4f-2c0f-4011-b4ab-9c159ff7b365:group-09652ED9C2F7 set configuration 0: [8d176e4f-2c0f-4011-b4ab-9c159ff7b365:192.168.5.187:36564, 51aa53b0-526e-4007-8aae-2a4e36760f72:192.168.5.187:40345, e76ebeb5-19b0-4107-ac96-bb6964534b89:192.168.5.187:40104], old=null at 0
2019-07-13 16:35:47,320 INFO  segmented.SegmentedRaftLogWorker (SegmentedRaftLogWorker.java:startLogSegment(380)) - e76ebeb5-19b0-4107-ac96-bb6964534b89-SegmentedRaftLogWorker:Storage Directory /tmp/workdir/hadoop-ozone/integration-test/target/test-dir/MiniOzoneClusterImpl-7cdf904c-cbcd-4688-ac37-82b6c94e7bff/datanode-2/data/ratis/a454d92f-843c-423f-91b9-09652ed9c2f7: Starting segment from index:0
2019-07-13 16:35:47,320 INFO  segmented.SegmentedRaftLogWorker (SegmentedRaftLogWorker.java:startLogSegment(380)) - 8d176e4f-2c0f-4011-b4ab-9c159ff7b365-SegmentedRaftLogWorker:Storage Directory /tmp/workdir/hadoop-ozone/integration-test/target/test-dir/MiniOzoneClusterImpl-7cdf904c-cbcd-4688-ac37-82b6c94e7bff/datanode-0/data/ratis/a454d92f-843c-423f-91b9-09652ed9c2f7: Starting segment from index:0
2019-07-13 16:35:47,322 INFO  segmented.SegmentedRaftLogWorker (SegmentedRaftLogWorker.java:execute(569)) - 51aa53b0-526e-4007-8aae-2a4e36760f72-SegmentedRaftLogWorker:Storage Directory /tmp/workdir/hadoop-ozone/integration-test/target/test-dir/MiniOzoneClusterImpl-7cdf904c-cbcd-4688-ac37-82b6c94e7bff/datanode-1/data/ratis/a454d92f-843c-423f-91b9-09652ed9c2f7: created new log segment /tmp/workdir/hadoop-ozone/integration-test/target/test-dir/MiniOzoneClusterImpl-7cdf904c-cbcd-4688-ac37-82b6c94e7bff/datanode-1/data/ratis/a454d92f-843c-423f-91b9-09652ed9c2f7/current/log_inprogress_0
2019-07-13 16:35:47,343 INFO  segmented.SegmentedRaftLogWorker (SegmentedRaftLogWorker.java:execute(569)) - e76ebeb5-19b0-4107-ac96-bb6964534b89-SegmentedRaftLogWorker:Storage Directory /tmp/workdir/hadoop-ozone/integration-test/target/test-dir/MiniOzoneClusterImpl-7cdf904c-cbcd-4688-ac37-82b6c94e7bff/datanode-2/data/ratis/a454d92f-843c-423f-91b9-09652ed9c2f7: created new log segment /tmp/workdir/hadoop-ozone/integration-test/target/test-dir/MiniOzoneClusterImpl-7cdf904c-cbcd-4688-ac37-82b6c94e7bff/datanode-2/data/ratis/a454d92f-843c-423f-91b9-09652ed9c2f7/current/log_inprogress_0
2019-07-13 16:35:47,343 INFO  segmented.SegmentedRaftLogWorker (SegmentedRaftLogWorker.java:execute(569)) - 8d176e4f-2c0f-4011-b4ab-9c159ff7b365-SegmentedRaftLogWorker:Storage Directory /tmp/workdir/hadoop-ozone/integration-test/target/test-dir/MiniOzoneClusterImpl-7cdf904c-cbcd-4688-ac37-82b6c94e7bff/datanode-0/data/ratis/a454d92f-843c-423f-91b9-09652ed9c2f7: created new log segment /tmp/workdir/hadoop-ozone/integration-test/target/test-dir/MiniOzoneClusterImpl-7cdf904c-cbcd-4688-ac37-82b6c94e7bff/datanode-0/data/ratis/a454d92f-843c-423f-91b9-09652ed9c2f7/current/log_inprogress_0
2019-07-13 16:35:47,408 INFO  impl.FollowerState (FollowerState.java:run(106)) - 7e17895d-54f0-486b-b768-5d611b8730aa:group-20229CE01CC5 changes to CANDIDATE, lastRpcTime:5110, electionTimeout:5110ms
2019-07-13 16:35:47,408 INFO  impl.RoleInfo (RoleInfo.java:shutdownFollowerState(121)) - 7e17895d-54f0-486b-b768-5d611b8730aa: shutdown FollowerState
2019-07-13 16:35:47,408 INFO  impl.RaftServerImpl (RaftServerImpl.java:setRole(171)) - 7e17895d-54f0-486b-b768-5d611b8730aa:group-20229CE01CC5 changes role from FOLLOWER to CANDIDATE at term 0 for changeToCandidate
2019-07-13 16:35:47,408 INFO  impl.RoleInfo (RoleInfo.java:updateAndGet(143)) - 7e17895d-54f0-486b-b768-5d611b8730aa: start LeaderElection
2019-07-13 16:35:47,430 INFO  impl.LeaderElection (LeaderElection.java:askForVotes(181)) - 7e17895d-54f0-486b-b768-5d611b8730aa:group-20229CE01CC5:LeaderElection65: begin an election at term 1 for -1: [7e17895d-54f0-486b-b768-5d611b8730aa:192.168.5.187:33673], old=null
2019-07-13 16:35:47,431 INFO  impl.RoleInfo (RoleInfo.java:shutdownLeaderElection(134)) - 7e17895d-54f0-486b-b768-5d611b8730aa: shutdown LeaderElection
2019-07-13 16:35:47,431 INFO  impl.RaftServerImpl (RaftServerImpl.java:setRole(171)) - 7e17895d-54f0-486b-b768-5d611b8730aa:group-20229CE01CC5 changes role from CANDIDATE to LEADER at term 1 for changeToLeader
2019-07-13 16:35:47,431 INFO  impl.RaftServerImpl (ServerState.java:setLeader(263)) - 7e17895d-54f0-486b-b768-5d611b8730aa:group-20229CE01CC5 change Leader from null to 7e17895d-54f0-486b-b768-5d611b8730aa at term 1 for becomeLeader, leader elected after 5138ms
2019-07-13 16:35:47,431 INFO  server.RaftServerConfigKeys (ConfUtils.java:logGet(43)) - raft.server.staging.catchup.gap = 1000 (default)
2019-07-13 16:35:47,431 INFO  server.RaftServerConfigKeys (ConfUtils.java:logGet(43)) - raft.server.rpc.sleep.time = 25ms (default)
2019-07-13 16:35:47,431 INFO  server.RaftServerConfigKeys (ConfUtils.java:logGet(43)) - raft.server.write.element-limit = 4096 (default)
2019-07-13 16:35:47,432 INFO  server.RaftServerConfigKeys (ConfUtils.java:logGet(43)) - raft.server.watch.timeout = 10s (default)
2019-07-13 16:35:47,432 INFO  server.RaftServerConfigKeys (ConfUtils.java:logGet(43)) - raft.server.watch.timeout.denomination = 1s (default)
2019-07-13 16:35:47,432 INFO  server.RaftServerConfigKeys (ConfUtils.java:logGet(43)) - raft.server.watch.element-limit = 65536 (default)
2019-07-13 16:35:47,432 INFO  impl.RoleInfo (RoleInfo.java:updateAndGet(143)) - 7e17895d-54f0-486b-b768-5d611b8730aa: start LeaderState
2019-07-13 16:35:47,432 INFO  segmented.SegmentedRaftLogWorker (SegmentedRaftLogWorker.java:startLogSegment(380)) - 7e17895d-54f0-486b-b768-5d611b8730aa-SegmentedRaftLogWorker:Storage Directory /tmp/workdir/hadoop-ozone/integration-test/target/test-dir/MiniOzoneClusterImpl-7cdf904c-cbcd-4688-ac37-82b6c94e7bff/datanode-3/data/ratis/9bf73482-a1bb-4926-8219-20229ce01cc5: Starting segment from index:0
2019-07-13 16:35:47,433 INFO  impl.RaftServerImpl (ServerState.java:setRaftConf(361)) - 7e17895d-54f0-486b-b768-5d611b8730aa:group-20229CE01CC5 set configuration 0: [7e17895d-54f0-486b-b768-5d611b8730aa:192.168.5.187:33673], old=null at 0
2019-07-13 16:35:47,462 INFO  segmented.SegmentedRaftLogWorker (SegmentedRaftLogWorker.java:execute(569)) - 7e17895d-54f0-486b-b768-5d611b8730aa-SegmentedRaftLogWorker:Storage Directory /tmp/workdir/hadoop-ozone/integration-test/target/test-dir/MiniOzoneClusterImpl-7cdf904c-cbcd-4688-ac37-82b6c94e7bff/datanode-3/data/ratis/9bf73482-a1bb-4926-8219-20229ce01cc5: created new log segment /tmp/workdir/hadoop-ozone/integration-test/target/test-dir/MiniOzoneClusterImpl-7cdf904c-cbcd-4688-ac37-82b6c94e7bff/datanode-3/data/ratis/9bf73482-a1bb-4926-8219-20229ce01cc5/current/log_inprogress_0
2019-07-13 16:35:47,552 INFO  impl.FollowerState (FollowerState.java:run(106)) - e8474009-539d-469d-b3a0-e20c29ccb728:group-1A855B887996 changes to CANDIDATE, lastRpcTime:5033, electionTimeout:5033ms
2019-07-13 16:35:47,552 INFO  impl.RoleInfo (RoleInfo.java:shutdownFollowerState(121)) - e8474009-539d-469d-b3a0-e20c29ccb728: shutdown FollowerState
2019-07-13 16:35:47,552 INFO  impl.RaftServerImpl (RaftServerImpl.java:setRole(171)) - e8474009-539d-469d-b3a0-e20c29ccb728:group-1A855B887996 changes role from FOLLOWER to CANDIDATE at term 0 for changeToCandidate
2019-07-13 16:35:47,552 INFO  impl.RoleInfo (RoleInfo.java:updateAndGet(143)) - e8474009-539d-469d-b3a0-e20c29ccb728: start LeaderElection
2019-07-13 16:35:47,566 INFO  impl.LeaderElection (LeaderElection.java:askForVotes(181)) - e8474009-539d-469d-b3a0-e20c29ccb728:group-1A855B887996:LeaderElection66: begin an election at term 1 for -1: [e8474009-539d-469d-b3a0-e20c29ccb728:192.168.5.187:40058], old=null
2019-07-13 16:35:47,566 INFO  impl.RoleInfo (RoleInfo.java:shutdownLeaderElection(134)) - e8474009-539d-469d-b3a0-e20c29ccb728: shutdown LeaderElection
2019-07-13 16:35:47,566 INFO  impl.RaftServerImpl (RaftServerImpl.java:setRole(171)) - e8474009-539d-469d-b3a0-e20c29ccb728:group-1A855B887996 changes role from CANDIDATE to LEADER at term 1 for changeToLeader
2019-07-13 16:35:47,566 INFO  impl.RaftServerImpl (ServerState.java:setLeader(263)) - e8474009-539d-469d-b3a0-e20c29ccb728:group-1A855B887996 change Leader from null to e8474009-539d-469d-b3a0-e20c29ccb728 at term 1 for becomeLeader, leader elected after 5052ms
2019-07-13 16:35:47,566 INFO  server.RaftServerConfigKeys (ConfUtils.java:logGet(43)) - raft.server.staging.catchup.gap = 1000 (default)
2019-07-13 16:35:47,567 INFO  server.RaftServerConfigKeys (ConfUtils.java:logGet(43)) - raft.server.rpc.sleep.time = 25ms (default)
2019-07-13 16:35:47,567 INFO  server.RaftServerConfigKeys (ConfUtils.java:logGet(43)) - raft.server.write.element-limit = 4096 (default)
2019-07-13 16:35:47,567 INFO  server.RaftServerConfigKeys (ConfUtils.java:logGet(43)) - raft.server.watch.timeout = 10s (default)
2019-07-13 16:35:47,567 INFO  server.RaftServerConfigKeys (ConfUtils.java:logGet(43)) - raft.server.watch.timeout.denomination = 1s (default)
2019-07-13 16:35:47,567 INFO  server.RaftServerConfigKeys (ConfUtils.java:logGet(43)) - raft.server.watch.element-limit = 65536 (default)
2019-07-13 16:35:47,568 INFO  impl.RoleInfo (RoleInfo.java:updateAndGet(143)) - e8474009-539d-469d-b3a0-e20c29ccb728: start LeaderState
2019-07-13 16:35:47,568 INFO  segmented.SegmentedRaftLogWorker (SegmentedRaftLogWorker.java:startLogSegment(380)) - e8474009-539d-469d-b3a0-e20c29ccb728-SegmentedRaftLogWorker:Storage Directory /tmp/workdir/hadoop-ozone/integration-test/target/test-dir/MiniOzoneClusterImpl-7cdf904c-cbcd-4688-ac37-82b6c94e7bff/datanode-4/data/ratis/6d1003b0-5eb9-473d-9241-1a855b887996: Starting segment from index:0
2019-07-13 16:35:47,568 INFO  impl.RaftServerImpl (ServerState.java:setRaftConf(361)) - e8474009-539d-469d-b3a0-e20c29ccb728:group-1A855B887996 set configuration 0: [e8474009-539d-469d-b3a0-e20c29ccb728:192.168.5.187:40058], old=null at 0
2019-07-13 16:35:47,597 INFO  segmented.SegmentedRaftLogWorker (SegmentedRaftLogWorker.java:execute(569)) - e8474009-539d-469d-b3a0-e20c29ccb728-SegmentedRaftLogWorker:Storage Directory /tmp/workdir/hadoop-ozone/integration-test/target/test-dir/MiniOzoneClusterImpl-7cdf904c-cbcd-4688-ac37-82b6c94e7bff/datanode-4/data/ratis/6d1003b0-5eb9-473d-9241-1a855b887996: created new log segment /tmp/workdir/hadoop-ozone/integration-test/target/test-dir/MiniOzoneClusterImpl-7cdf904c-cbcd-4688-ac37-82b6c94e7bff/datanode-4/data/ratis/6d1003b0-5eb9-473d-9241-1a855b887996/current/log_inprogress_0
2019-07-13 16:35:47,793 INFO  impl.FollowerState (FollowerState.java:run(106)) - 1cd7b9af-ef64-42a5-ae20-92e50e9c0352:group-434CE92CEA62 changes to CANDIDATE, lastRpcTime:5125, electionTimeout:5125ms
2019-07-13 16:35:47,793 INFO  impl.RoleInfo (RoleInfo.java:shutdownFollowerState(121)) - 1cd7b9af-ef64-42a5-ae20-92e50e9c0352: shutdown FollowerState
2019-07-13 16:35:47,793 INFO  impl.RaftServerImpl (RaftServerImpl.java:setRole(171)) - 1cd7b9af-ef64-42a5-ae20-92e50e9c0352:group-434CE92CEA62 changes role from FOLLOWER to CANDIDATE at term 0 for changeToCandidate
2019-07-13 16:35:47,793 INFO  impl.RoleInfo (RoleInfo.java:updateAndGet(143)) - 1cd7b9af-ef64-42a5-ae20-92e50e9c0352: start LeaderElection
2019-07-13 16:35:47,814 INFO  impl.LeaderElection (LeaderElection.java:askForVotes(181)) - 1cd7b9af-ef64-42a5-ae20-92e50e9c0352:group-434CE92CEA62:LeaderElection67: begin an election at term 1 for -1: [1cd7b9af-ef64-42a5-ae20-92e50e9c0352:192.168.5.187:34222], old=null
2019-07-13 16:35:47,814 INFO  impl.RoleInfo (RoleInfo.java:shutdownLeaderElection(134)) - 1cd7b9af-ef64-42a5-ae20-92e50e9c0352: shutdown LeaderElection
2019-07-13 16:35:47,815 INFO  impl.RaftServerImpl (RaftServerImpl.java:setRole(171)) - 1cd7b9af-ef64-42a5-ae20-92e50e9c0352:group-434CE92CEA62 changes role from CANDIDATE to LEADER at term 1 for changeToLeader
2019-07-13 16:35:47,815 INFO  impl.RaftServerImpl (ServerState.java:setLeader(263)) - 1cd7b9af-ef64-42a5-ae20-92e50e9c0352:group-434CE92CEA62 change Leader from null to 1cd7b9af-ef64-42a5-ae20-92e50e9c0352 at term 1 for becomeLeader, leader elected after 5152ms
2019-07-13 16:35:47,815 INFO  server.RaftServerConfigKeys (ConfUtils.java:logGet(43)) - raft.server.staging.catchup.gap = 1000 (default)
2019-07-13 16:35:47,815 INFO  server.RaftServerConfigKeys (ConfUtils.java:logGet(43)) - raft.server.rpc.sleep.time = 25ms (default)
2019-07-13 16:35:47,815 INFO  server.RaftServerConfigKeys (ConfUtils.java:logGet(43)) - raft.server.write.element-limit = 4096 (default)
2019-07-13 16:35:47,815 INFO  server.RaftServerConfigKeys (ConfUtils.java:logGet(43)) - raft.server.watch.timeout = 10s (default)
2019-07-13 16:35:47,816 INFO  server.RaftServerConfigKeys (ConfUtils.java:logGet(43)) - raft.server.watch.timeout.denomination = 1s (default)
2019-07-13 16:35:47,816 INFO  server.RaftServerConfigKeys (ConfUtils.java:logGet(43)) - raft.server.watch.element-limit = 65536 (default)
2019-07-13 16:35:47,816 INFO  impl.RoleInfo (RoleInfo.java:updateAndGet(143)) - 1cd7b9af-ef64-42a5-ae20-92e50e9c0352: start LeaderState
2019-07-13 16:35:47,816 INFO  segmented.SegmentedRaftLogWorker (SegmentedRaftLogWorker.java:startLogSegment(380)) - 1cd7b9af-ef64-42a5-ae20-92e50e9c0352-SegmentedRaftLogWorker:Storage Directory /tmp/workdir/hadoop-ozone/integration-test/target/test-dir/MiniOzoneClusterImpl-7cdf904c-cbcd-4688-ac37-82b6c94e7bff/datanode-5/data/ratis/205ac87f-d20c-4928-b184-434ce92cea62: Starting segment from index:0
2019-07-13 16:35:47,817 INFO  impl.RaftServerImpl (ServerState.java:setRaftConf(361)) - 1cd7b9af-ef64-42a5-ae20-92e50e9c0352:group-434CE92CEA62 set configuration 0: [1cd7b9af-ef64-42a5-ae20-92e50e9c0352:192.168.5.187:34222], old=null at 0
2019-07-13 16:35:47,820 INFO  impl.FollowerState (FollowerState.java:run(106)) - e8474009-539d-469d-b3a0-e20c29ccb728:group-2388C896E468 changes to CANDIDATE, lastRpcTime:5080, electionTimeout:5077ms
2019-07-13 16:35:47,821 INFO  impl.RoleInfo (RoleInfo.java:shutdownFollowerState(121)) - e8474009-539d-469d-b3a0-e20c29ccb728: shutdown FollowerState
2019-07-13 16:35:47,821 INFO  impl.RaftServerImpl (RaftServerImpl.java:setRole(171)) - e8474009-539d-469d-b3a0-e20c29ccb728:group-2388C896E468 changes role from FOLLOWER to CANDIDATE at term 0 for changeToCandidate
2019-07-13 16:35:47,821 INFO  impl.RoleInfo (RoleInfo.java:updateAndGet(143)) - e8474009-539d-469d-b3a0-e20c29ccb728: start LeaderElection
2019-07-13 16:35:47,842 INFO  segmented.SegmentedRaftLogWorker (SegmentedRaftLogWorker.java:execute(569)) - 1cd7b9af-ef64-42a5-ae20-92e50e9c0352-SegmentedRaftLogWorker:Storage Directory /tmp/workdir/hadoop-ozone/integration-test/target/test-dir/MiniOzoneClusterImpl-7cdf904c-cbcd-4688-ac37-82b6c94e7bff/datanode-5/data/ratis/205ac87f-d20c-4928-b184-434ce92cea62: created new log segment /tmp/workdir/hadoop-ozone/integration-test/target/test-dir/MiniOzoneClusterImpl-7cdf904c-cbcd-4688-ac37-82b6c94e7bff/datanode-5/data/ratis/205ac87f-d20c-4928-b184-434ce92cea62/current/log_inprogress_0
2019-07-13 16:35:47,846 INFO  impl.LeaderElection (LeaderElection.java:askForVotes(181)) - e8474009-539d-469d-b3a0-e20c29ccb728:group-2388C896E468:LeaderElection68: begin an election at term 1 for -1: [1cd7b9af-ef64-42a5-ae20-92e50e9c0352:192.168.5.187:34222, 7e17895d-54f0-486b-b768-5d611b8730aa:192.168.5.187:33673, e8474009-539d-469d-b3a0-e20c29ccb728:192.168.5.187:40058], old=null
2019-07-13 16:35:47,857 INFO  impl.RaftServerImpl (RaftServerImpl.java:setRole(171)) - 7e17895d-54f0-486b-b768-5d611b8730aa:group-2388C896E468 changes role from FOLLOWER to FOLLOWER at term 1 for recognizeCandidate:e8474009-539d-469d-b3a0-e20c29ccb728
2019-07-13 16:35:47,870 INFO  impl.RoleInfo (RoleInfo.java:shutdownFollowerState(121)) - 7e17895d-54f0-486b-b768-5d611b8730aa: shutdown FollowerState
2019-07-13 16:35:47,873 INFO  impl.RaftServerImpl (RaftServerImpl.java:setRole(171)) - 1cd7b9af-ef64-42a5-ae20-92e50e9c0352:group-2388C896E468 changes role from FOLLOWER to FOLLOWER at term 1 for recognizeCandidate:e8474009-539d-469d-b3a0-e20c29ccb728
2019-07-13 16:35:47,873 INFO  impl.FollowerState (FollowerState.java:run(114)) - 7e17895d-54f0-486b-b768-5d611b8730aa: FollowerState was interrupted: java.lang.InterruptedException: sleep interrupted
2019-07-13 16:35:47,873 INFO  impl.RoleInfo (RoleInfo.java:updateAndGet(143)) - 7e17895d-54f0-486b-b768-5d611b8730aa: start FollowerState
2019-07-13 16:35:47,873 INFO  impl.RoleInfo (RoleInfo.java:shutdownFollowerState(121)) - 1cd7b9af-ef64-42a5-ae20-92e50e9c0352: shutdown FollowerState
2019-07-13 16:35:47,876 INFO  impl.RoleInfo (RoleInfo.java:updateAndGet(143)) - 1cd7b9af-ef64-42a5-ae20-92e50e9c0352: start FollowerState
2019-07-13 16:35:47,876 INFO  impl.FollowerState (FollowerState.java:run(114)) - 1cd7b9af-ef64-42a5-ae20-92e50e9c0352: FollowerState was interrupted: java.lang.InterruptedException: sleep interrupted
2019-07-13 16:35:47,899 INFO  impl.LeaderElection (LeaderElection.java:logAndReturn(56)) - e8474009-539d-469d-b3a0-e20c29ccb728:group-2388C896E468:LeaderElection68: Election PASSED; received 1 response(s) [e8474009-539d-469d-b3a0-e20c29ccb728<-7e17895d-54f0-486b-b768-5d611b8730aa#0:OK-t1] and 0 exception(s); e8474009-539d-469d-b3a0-e20c29ccb728:t1, leader=null, voted=e8474009-539d-469d-b3a0-e20c29ccb728, raftlog=e8474009-539d-469d-b3a0-e20c29ccb728-SegmentedRaftLog:OPENED:c-1,f-1,i0, conf=-1: [1cd7b9af-ef64-42a5-ae20-92e50e9c0352:192.168.5.187:34222, 7e17895d-54f0-486b-b768-5d611b8730aa:192.168.5.187:33673, e8474009-539d-469d-b3a0-e20c29ccb728:192.168.5.187:40058], old=null
2019-07-13 16:35:47,899 INFO  impl.RoleInfo (RoleInfo.java:shutdownLeaderElection(134)) - e8474009-539d-469d-b3a0-e20c29ccb728: shutdown LeaderElection
2019-07-13 16:35:47,899 INFO  impl.RaftServerImpl (RaftServerImpl.java:setRole(171)) - e8474009-539d-469d-b3a0-e20c29ccb728:group-2388C896E468 changes role from CANDIDATE to LEADER at term 1 for changeToLeader
2019-07-13 16:35:47,899 INFO  impl.RaftServerImpl (ServerState.java:setLeader(263)) - e8474009-539d-469d-b3a0-e20c29ccb728:group-2388C896E468 change Leader from null to e8474009-539d-469d-b3a0-e20c29ccb728 at term 1 for becomeLeader, leader elected after 5172ms
2019-07-13 16:35:47,900 INFO  server.RaftServerConfigKeys (ConfUtils.java:logGet(43)) - raft.server.staging.catchup.gap = 1000 (default)
2019-07-13 16:35:47,900 INFO  server.RaftServerConfigKeys (ConfUtils.java:logGet(43)) - raft.server.rpc.sleep.time = 25ms (default)
2019-07-13 16:35:47,900 INFO  server.RaftServerConfigKeys (ConfUtils.java:logGet(43)) - raft.server.write.element-limit = 4096 (default)
2019-07-13 16:35:47,900 INFO  server.RaftServerConfigKeys (ConfUtils.java:logGet(43)) - raft.server.watch.timeout = 10s (default)
2019-07-13 16:35:47,900 INFO  server.RaftServerConfigKeys (ConfUtils.java:logGet(43)) - raft.server.watch.timeout.denomination = 1s (default)
2019-07-13 16:35:47,900 INFO  server.RaftServerConfigKeys (ConfUtils.java:logGet(43)) - raft.server.watch.element-limit = 65536 (default)
2019-07-13 16:35:47,901 INFO  server.RaftServerConfigKeys (ConfUtils.java:logGet(43)) - raft.server.log.appender.snapshot.chunk.size.max = 16MB (=16777216) (default)
2019-07-13 16:35:47,901 INFO  server.RaftServerConfigKeys (ConfUtils.java:logGet(43)) - raft.server.log.appender.buffer.byte-limit = 33554432 (custom)
2019-07-13 16:35:47,901 INFO  server.RaftServerConfigKeys (ConfUtils.java:logGet(43)) - raft.server.log.appender.buffer.element-limit = 1 (custom)
2019-07-13 16:35:47,901 INFO  grpc.GrpcConfigKeys$Server (ConfUtils.java:logGet(43)) - raft.grpc.server.leader.outstanding.appends.max = 128 (default)
2019-07-13 16:35:47,901 INFO  server.RaftServerConfigKeys (ConfUtils.java:logGet(43)) - raft.server.rpc.request.timeout = 3000ms (default)
2019-07-13 16:35:47,902 INFO  server.RaftServerConfigKeys (ConfUtils.java:logGet(43)) - raft.server.log.appender.install.snapshot.enabled = false (custom)
2019-07-13 16:35:47,902 INFO  server.RaftServerConfigKeys (ConfUtils.java:logGet(43)) - raft.server.log.appender.snapshot.chunk.size.max = 16MB (=16777216) (default)
2019-07-13 16:35:47,902 INFO  server.RaftServerConfigKeys (ConfUtils.java:logGet(43)) - raft.server.log.appender.buffer.byte-limit = 33554432 (custom)
2019-07-13 16:35:47,902 INFO  server.RaftServerConfigKeys (ConfUtils.java:logGet(43)) - raft.server.log.appender.buffer.element-limit = 1 (custom)
2019-07-13 16:35:47,902 INFO  grpc.GrpcConfigKeys$Server (ConfUtils.java:logGet(43)) - raft.grpc.server.leader.outstanding.appends.max = 128 (default)
2019-07-13 16:35:47,903 INFO  server.RaftServerConfigKeys (ConfUtils.java:logGet(43)) - raft.server.rpc.request.timeout = 3000ms (default)
2019-07-13 16:35:47,903 INFO  server.RaftServerConfigKeys (ConfUtils.java:logGet(43)) - raft.server.log.appender.install.snapshot.enabled = false (custom)
2019-07-13 16:35:47,903 INFO  impl.RoleInfo (RoleInfo.java:updateAndGet(143)) - e8474009-539d-469d-b3a0-e20c29ccb728: start LeaderState
2019-07-13 16:35:47,903 INFO  segmented.SegmentedRaftLogWorker (SegmentedRaftLogWorker.java:startLogSegment(380)) - e8474009-539d-469d-b3a0-e20c29ccb728-SegmentedRaftLogWorker:Storage Directory /tmp/workdir/hadoop-ozone/integration-test/target/test-dir/MiniOzoneClusterImpl-7cdf904c-cbcd-4688-ac37-82b6c94e7bff/datanode-4/data/ratis/9d2f3b8c-d025-4132-86e9-2388c896e468: Starting segment from index:0
2019-07-13 16:35:47,904 INFO  impl.RaftServerImpl (ServerState.java:setRaftConf(361)) - e8474009-539d-469d-b3a0-e20c29ccb728:group-2388C896E468 set configuration 0: [1cd7b9af-ef64-42a5-ae20-92e50e9c0352:192.168.5.187:34222, 7e17895d-54f0-486b-b768-5d611b8730aa:192.168.5.187:33673, e8474009-539d-469d-b3a0-e20c29ccb728:192.168.5.187:40058], old=null at 0
2019-07-13 16:35:47,925 INFO  impl.RaftServerImpl (ServerState.java:setLeader(263)) - 1cd7b9af-ef64-42a5-ae20-92e50e9c0352:group-2388C896E468 change Leader from null to e8474009-539d-469d-b3a0-e20c29ccb728 at term 1 for appendEntries, leader elected after 5201ms
2019-07-13 16:35:47,928 INFO  impl.RaftServerImpl (ServerState.java:setLeader(263)) - 7e17895d-54f0-486b-b768-5d611b8730aa:group-2388C896E468 change Leader from null to e8474009-539d-469d-b3a0-e20c29ccb728 at term 1 for appendEntries, leader elected after 5204ms
2019-07-13 16:35:47,930 INFO  impl.RaftServerImpl (ServerState.java:setRaftConf(361)) - 1cd7b9af-ef64-42a5-ae20-92e50e9c0352:group-2388C896E468 set configuration 0: [1cd7b9af-ef64-42a5-ae20-92e50e9c0352:192.168.5.187:34222, 7e17895d-54f0-486b-b768-5d611b8730aa:192.168.5.187:33673, e8474009-539d-469d-b3a0-e20c29ccb728:192.168.5.187:40058], old=null at 0
2019-07-13 16:35:47,930 INFO  impl.RaftServerImpl (ServerState.java:setRaftConf(361)) - 7e17895d-54f0-486b-b768-5d611b8730aa:group-2388C896E468 set configuration 0: [1cd7b9af-ef64-42a5-ae20-92e50e9c0352:192.168.5.187:34222, 7e17895d-54f0-486b-b768-5d611b8730aa:192.168.5.187:33673, e8474009-539d-469d-b3a0-e20c29ccb728:192.168.5.187:40058], old=null at 0
2019-07-13 16:35:47,930 INFO  segmented.SegmentedRaftLogWorker (SegmentedRaftLogWorker.java:startLogSegment(380)) - 1cd7b9af-ef64-42a5-ae20-92e50e9c0352-SegmentedRaftLogWorker:Storage Directory /tmp/workdir/hadoop-ozone/integration-test/target/test-dir/MiniOzoneClusterImpl-7cdf904c-cbcd-4688-ac37-82b6c94e7bff/datanode-5/data/ratis/9d2f3b8c-d025-4132-86e9-2388c896e468: Starting segment from index:0
2019-07-13 16:35:47,930 INFO  segmented.SegmentedRaftLogWorker (SegmentedRaftLogWorker.java:startLogSegment(380)) - 7e17895d-54f0-486b-b768-5d611b8730aa-SegmentedRaftLogWorker:Storage Directory /tmp/workdir/hadoop-ozone/integration-test/target/test-dir/MiniOzoneClusterImpl-7cdf904c-cbcd-4688-ac37-82b6c94e7bff/datanode-3/data/ratis/9d2f3b8c-d025-4132-86e9-2388c896e468: Starting segment from index:0
2019-07-13 16:35:47,937 INFO  segmented.SegmentedRaftLogWorker (SegmentedRaftLogWorker.java:execute(569)) - e8474009-539d-469d-b3a0-e20c29ccb728-SegmentedRaftLogWorker:Storage Directory /tmp/workdir/hadoop-ozone/integration-test/target/test-dir/MiniOzoneClusterImpl-7cdf904c-cbcd-4688-ac37-82b6c94e7bff/datanode-4/data/ratis/9d2f3b8c-d025-4132-86e9-2388c896e468: created new log segment /tmp/workdir/hadoop-ozone/integration-test/target/test-dir/MiniOzoneClusterImpl-7cdf904c-cbcd-4688-ac37-82b6c94e7bff/datanode-4/data/ratis/9d2f3b8c-d025-4132-86e9-2388c896e468/current/log_inprogress_0
2019-07-13 16:35:47,952 INFO  segmented.SegmentedRaftLogWorker (SegmentedRaftLogWorker.java:execute(569)) - 1cd7b9af-ef64-42a5-ae20-92e50e9c0352-SegmentedRaftLogWorker:Storage Directory /tmp/workdir/hadoop-ozone/integration-test/target/test-dir/MiniOzoneClusterImpl-7cdf904c-cbcd-4688-ac37-82b6c94e7bff/datanode-5/data/ratis/9d2f3b8c-d025-4132-86e9-2388c896e468: created new log segment /tmp/workdir/hadoop-ozone/integration-test/target/test-dir/MiniOzoneClusterImpl-7cdf904c-cbcd-4688-ac37-82b6c94e7bff/datanode-5/data/ratis/9d2f3b8c-d025-4132-86e9-2388c896e468/current/log_inprogress_0
2019-07-13 16:35:47,952 INFO  segmented.SegmentedRaftLogWorker (SegmentedRaftLogWorker.java:execute(569)) - 7e17895d-54f0-486b-b768-5d611b8730aa-SegmentedRaftLogWorker:Storage Directory /tmp/workdir/hadoop-ozone/integration-test/target/test-dir/MiniOzoneClusterImpl-7cdf904c-cbcd-4688-ac37-82b6c94e7bff/datanode-3/data/ratis/9d2f3b8c-d025-4132-86e9-2388c896e468: created new log segment /tmp/workdir/hadoop-ozone/integration-test/target/test-dir/MiniOzoneClusterImpl-7cdf904c-cbcd-4688-ac37-82b6c94e7bff/datanode-3/data/ratis/9d2f3b8c-d025-4132-86e9-2388c896e468/current/log_inprogress_0
2019-07-13 16:35:48,113 INFO  impl.FollowerState (FollowerState.java:run(106)) - 2c482ecb-d025-408e-a9d0-069b6cd60f7a:group-9E7FAEF1EB8F changes to CANDIDATE, lastRpcTime:5090, electionTimeout:5090ms
2019-07-13 16:35:48,113 INFO  impl.RoleInfo (RoleInfo.java:shutdownFollowerState(121)) - 2c482ecb-d025-408e-a9d0-069b6cd60f7a: shutdown FollowerState
2019-07-13 16:35:48,113 INFO  impl.RaftServerImpl (RaftServerImpl.java:setRole(171)) - 2c482ecb-d025-408e-a9d0-069b6cd60f7a:group-9E7FAEF1EB8F changes role from FOLLOWER to CANDIDATE at term 0 for changeToCandidate
2019-07-13 16:35:48,114 INFO  impl.RoleInfo (RoleInfo.java:updateAndGet(143)) - 2c482ecb-d025-408e-a9d0-069b6cd60f7a: start LeaderElection
2019-07-13 16:35:48,127 INFO  impl.LeaderElection (LeaderElection.java:askForVotes(181)) - 2c482ecb-d025-408e-a9d0-069b6cd60f7a:group-9E7FAEF1EB8F:LeaderElection69: begin an election at term 1 for -1: [2c482ecb-d025-408e-a9d0-069b6cd60f7a:192.168.5.187:39994], old=null
2019-07-13 16:35:48,127 INFO  impl.RoleInfo (RoleInfo.java:shutdownLeaderElection(134)) - 2c482ecb-d025-408e-a9d0-069b6cd60f7a: shutdown LeaderElection
2019-07-13 16:35:48,127 INFO  impl.RaftServerImpl (RaftServerImpl.java:setRole(171)) - 2c482ecb-d025-408e-a9d0-069b6cd60f7a:group-9E7FAEF1EB8F changes role from CANDIDATE to LEADER at term 1 for changeToLeader
2019-07-13 16:35:48,127 INFO  impl.RaftServerImpl (ServerState.java:setLeader(263)) - 2c482ecb-d025-408e-a9d0-069b6cd60f7a:group-9E7FAEF1EB8F change Leader from null to 2c482ecb-d025-408e-a9d0-069b6cd60f7a at term 1 for becomeLeader, leader elected after 5109ms
2019-07-13 16:35:48,128 INFO  server.RaftServerConfigKeys (ConfUtils.java:logGet(43)) - raft.server.staging.catchup.gap = 1000 (default)
2019-07-13 16:35:48,128 INFO  server.RaftServerConfigKeys (ConfUtils.java:logGet(43)) - raft.server.rpc.sleep.time = 25ms (default)
2019-07-13 16:35:48,128 INFO  server.RaftServerConfigKeys (ConfUtils.java:logGet(43)) - raft.server.write.element-limit = 4096 (default)
2019-07-13 16:35:48,128 INFO  server.RaftServerConfigKeys (ConfUtils.java:logGet(43)) - raft.server.watch.timeout = 10s (default)
2019-07-13 16:35:48,128 INFO  server.RaftServerConfigKeys (ConfUtils.java:logGet(43)) - raft.server.watch.timeout.denomination = 1s (default)
2019-07-13 16:35:48,128 INFO  server.RaftServerConfigKeys (ConfUtils.java:logGet(43)) - raft.server.watch.element-limit = 65536 (default)
2019-07-13 16:35:48,129 INFO  impl.RoleInfo (RoleInfo.java:updateAndGet(143)) - 2c482ecb-d025-408e-a9d0-069b6cd60f7a: start LeaderState
2019-07-13 16:35:48,129 INFO  segmented.SegmentedRaftLogWorker (SegmentedRaftLogWorker.java:startLogSegment(380)) - 2c482ecb-d025-408e-a9d0-069b6cd60f7a-SegmentedRaftLogWorker:Storage Directory /tmp/workdir/hadoop-ozone/integration-test/target/test-dir/MiniOzoneClusterImpl-7cdf904c-cbcd-4688-ac37-82b6c94e7bff/datanode-6/data/ratis/14ae872a-ff79-404f-8575-9e7faef1eb8f: Starting segment from index:0
2019-07-13 16:35:48,129 INFO  impl.RaftServerImpl (ServerState.java:setRaftConf(361)) - 2c482ecb-d025-408e-a9d0-069b6cd60f7a:group-9E7FAEF1EB8F set configuration 0: [2c482ecb-d025-408e-a9d0-069b6cd60f7a:192.168.5.187:39994], old=null at 0
2019-07-13 16:35:48,164 INFO  segmented.SegmentedRaftLogWorker (SegmentedRaftLogWorker.java:execute(569)) - 2c482ecb-d025-408e-a9d0-069b6cd60f7a-SegmentedRaftLogWorker:Storage Directory /tmp/workdir/hadoop-ozone/integration-test/target/test-dir/MiniOzoneClusterImpl-7cdf904c-cbcd-4688-ac37-82b6c94e7bff/datanode-6/data/ratis/14ae872a-ff79-404f-8575-9e7faef1eb8f: created new log segment /tmp/workdir/hadoop-ozone/integration-test/target/test-dir/MiniOzoneClusterImpl-7cdf904c-cbcd-4688-ac37-82b6c94e7bff/datanode-6/data/ratis/14ae872a-ff79-404f-8575-9e7faef1eb8f/current/log_inprogress_0
2019-07-13 16:35:48,201 INFO  client.GrpcClientProtocolClient (GrpcClientProtocolClient.java:onNext(255)) - client-2C1C55541668->51aa53b0-526e-4007-8aae-2a4e36760f72: receive RaftClientReply:client-2C1C55541668->51aa53b0-526e-4007-8aae-2a4e36760f72@group-09652ED9C2F7, cid=205, SUCCESS, logIndex=1, commits[51aa53b0-526e-4007-8aae-2a4e36760f72:c1, 8d176e4f-2c0f-4011-b4ab-9c159ff7b365:c0, e76ebeb5-19b0-4107-ac96-bb6964534b89:c0]
2019-07-13 16:35:48,211 INFO  client.GrpcClientProtocolClient (GrpcClientProtocolClient.java:onNext(255)) - client-2C1C55541668->51aa53b0-526e-4007-8aae-2a4e36760f72: receive RaftClientReply:client-2C1C55541668->51aa53b0-526e-4007-8aae-2a4e36760f72@group-09652ED9C2F7, cid=206, SUCCESS, logIndex=3, commits[51aa53b0-526e-4007-8aae-2a4e36760f72:c4, 8d176e4f-2c0f-4011-b4ab-9c159ff7b365:c1, e76ebeb5-19b0-4107-ac96-bb6964534b89:c1]
2019-07-13 16:35:48,244 INFO  client.GrpcClientProtocolClient (GrpcClientProtocolClient.java:onNext(255)) - client-2C1C55541668->51aa53b0-526e-4007-8aae-2a4e36760f72: receive RaftClientReply:client-2C1C55541668->51aa53b0-526e-4007-8aae-2a4e36760f72@group-09652ED9C2F7, cid=207, SUCCESS, logIndex=4, commits[51aa53b0-526e-4007-8aae-2a4e36760f72:c6, 8d176e4f-2c0f-4011-b4ab-9c159ff7b365:c4, e76ebeb5-19b0-4107-ac96-bb6964534b89:c4]
2019-07-13 16:35:48,246 INFO  container.CloseContainerEventHandler (CloseContainerEventHandler.java:onMessage(61)) - Close container Event triggered for container : #1
2019-07-13 16:35:48,246 INFO  container.CloseContainerEventHandler (CloseContainerEventHandler.java:onMessage(61)) - Close container Event triggered for container : #1
2019-07-13 16:35:48,246 INFO  container.CloseContainerEventHandler (CloseContainerEventHandler.java:onMessage(61)) - Close container Event triggered for container : #1
2019-07-13 16:35:50,209 INFO  interfaces.Container (KeyValueContainer.java:compactDB(356)) - Container 1 is closed with bcsId 4.
2019-07-13 16:35:50,214 INFO  interfaces.Container (KeyValueContainer.java:compactDB(356)) - Container 1 is closed with bcsId 4.
2019-07-13 16:35:50,218 INFO  interfaces.Container (KeyValueContainer.java:compactDB(356)) - Container 1 is closed with bcsId 4.
16:35:50.250 [grpc-default-executor-6] ERROR DNAudit - user=null | ip=null | op=WRITE_CHUNK {blockData=conID: 1 locID: 102435110521470992 bcsId: 4} | ret=FAILURE
org.apache.hadoop.hdds.scm.container.common.helpers.ContainerNotOpenException: Container 1 in CLOSED state
	at org.apache.hadoop.ozone.container.common.impl.HddsDispatcher.validateContainerCommand(HddsDispatcher.java:408) ~[hadoop-hdds-container-service-0.5.0-SNAPSHOT.jar:?]
	at org.apache.hadoop.ozone.container.common.transport.server.ratis.ContainerStateMachine.startTransaction(ContainerStateMachine.java:271) ~[hadoop-hdds-container-service-0.5.0-SNAPSHOT.jar:?]
	at org.apache.ratis.server.impl.RaftServerImpl.submitClientRequestAsync(RaftServerImpl.java:566) ~[ratis-server-0.4.0-2337318-SNAPSHOT.jar:0.4.0-2337318-SNAPSHOT]
	at org.apache.ratis.server.impl.RaftServerProxy.lambda$submitClientRequestAsync$7(RaftServerProxy.java:333) ~[ratis-server-0.4.0-2337318-SNAPSHOT.jar:0.4.0-2337318-SNAPSHOT]
	at org.apache.ratis.server.impl.RaftServerProxy.lambda$null$5(RaftServerProxy.java:328) ~[ratis-server-0.4.0-2337318-SNAPSHOT.jar:0.4.0-2337318-SNAPSHOT]
	at org.apache.ratis.util.JavaUtils.callAsUnchecked(JavaUtils.java:109) ~[ratis-common-0.4.0-2337318-SNAPSHOT.jar:0.4.0-2337318-SNAPSHOT]
	at org.apache.ratis.server.impl.RaftServerProxy.lambda$submitRequest$6(RaftServerProxy.java:328) ~[ratis-server-0.4.0-2337318-SNAPSHOT.jar:0.4.0-2337318-SNAPSHOT]
	at java.util.concurrent.CompletableFuture.uniComposeStage(CompletableFuture.java:981) ~[?:1.8.0_212]
	at java.util.concurrent.CompletableFuture.thenCompose(CompletableFuture.java:2124) ~[?:1.8.0_212]
	at org.apache.ratis.server.impl.RaftServerProxy.submitRequest(RaftServerProxy.java:327) ~[ratis-server-0.4.0-2337318-SNAPSHOT.jar:0.4.0-2337318-SNAPSHOT]
	at org.apache.ratis.server.impl.RaftServerProxy.submitClientRequestAsync(RaftServerProxy.java:333) ~[ratis-server-0.4.0-2337318-SNAPSHOT.jar:0.4.0-2337318-SNAPSHOT]
	at org.apache.ratis.grpc.client.GrpcClientProtocolService$RequestStreamObserver.processClientRequest(GrpcClientProtocolService.java:220) ~[ratis-grpc-0.4.0-2337318-SNAPSHOT.jar:0.4.0-2337318-SNAPSHOT]
	at org.apache.ratis.grpc.client.GrpcClientProtocolService$OrderedRequestStreamObserver.processClientRequest(GrpcClientProtocolService.java:326) ~[ratis-grpc-0.4.0-2337318-SNAPSHOT.jar:0.4.0-2337318-SNAPSHOT]
	at org.apache.ratis.util.SlidingWindow$Server.processRequestsFromHead(SlidingWindow.java:429) [ratis-common-0.4.0-2337318-SNAPSHOT.jar:0.4.0-2337318-SNAPSHOT]
	at org.apache.ratis.util.SlidingWindow$Server.receivedRequest(SlidingWindow.java:421) [ratis-common-0.4.0-2337318-SNAPSHOT.jar:0.4.0-2337318-SNAPSHOT]
	at org.apache.ratis.grpc.client.GrpcClientProtocolService$OrderedRequestStreamObserver.processClientRequest(GrpcClientProtocolService.java:345) [ratis-grpc-0.4.0-2337318-SNAPSHOT.jar:0.4.0-2337318-SNAPSHOT]
	at org.apache.ratis.grpc.client.GrpcClientProtocolService$RequestStreamObserver.onNext(GrpcClientProtocolService.java:240) [ratis-grpc-0.4.0-2337318-SNAPSHOT.jar:0.4.0-2337318-SNAPSHOT]
	at org.apache.ratis.grpc.client.GrpcClientProtocolService$RequestStreamObserver.onNext(GrpcClientProtocolService.java:168) [ratis-grpc-0.4.0-2337318-SNAPSHOT.jar:0.4.0-2337318-SNAPSHOT]
	at org.apache.ratis.thirdparty.io.grpc.stub.ServerCalls$StreamingServerCallHandler$StreamingServerCallListener.onMessage(ServerCalls.java:248) [ratis-thirdparty-misc-0.2.0.jar:0.2.0]
	at org.apache.ratis.thirdparty.io.grpc.internal.ServerCallImpl$ServerStreamListenerImpl.messagesAvailable(ServerCallImpl.java:263) [ratis-thirdparty-misc-0.2.0.jar:0.2.0]
	at org.apache.ratis.thirdparty.io.grpc.internal.ServerImpl$JumpToApplicationThreadServerStreamListener$1MessagesAvailable.runInContext(ServerImpl.java:686) [ratis-thirdparty-misc-0.2.0.jar:0.2.0]
	at org.apache.ratis.thirdparty.io.grpc.internal.ContextRunnable.run(ContextRunnable.java:37) [ratis-thirdparty-misc-0.2.0.jar:0.2.0]
	at org.apache.ratis.thirdparty.io.grpc.internal.SerializingExecutor.run(SerializingExecutor.java:123) [ratis-thirdparty-misc-0.2.0.jar:0.2.0]
	at java.util.concurrent.ThreadPoolExecutor.runWorker(ThreadPoolExecutor.java:1149) [?:1.8.0_212]
	at java.util.concurrent.ThreadPoolExecutor$Worker.run(ThreadPoolExecutor.java:624) [?:1.8.0_212]
	at java.lang.Thread.run(Thread.java:748) [?:1.8.0_212]
16:35:50.259 [grpc-default-executor-6] ERROR DNAudit - user=null | ip=null | op=WRITE_CHUNK {blockData=conID: 1 locID: 102435110521470992 bcsId: 4} | ret=FAILURE
org.apache.hadoop.hdds.scm.container.common.helpers.ContainerNotOpenException: Container 1 in CLOSED state
	at org.apache.hadoop.ozone.container.common.impl.HddsDispatcher.validateContainerCommand(HddsDispatcher.java:408) ~[hadoop-hdds-container-service-0.5.0-SNAPSHOT.jar:?]
	at org.apache.hadoop.ozone.container.common.transport.server.ratis.ContainerStateMachine.startTransaction(ContainerStateMachine.java:271) ~[hadoop-hdds-container-service-0.5.0-SNAPSHOT.jar:?]
	at org.apache.ratis.server.impl.RaftServerImpl.submitClientRequestAsync(RaftServerImpl.java:566) ~[ratis-server-0.4.0-2337318-SNAPSHOT.jar:0.4.0-2337318-SNAPSHOT]
	at org.apache.ratis.server.impl.RaftServerProxy.lambda$submitClientRequestAsync$7(RaftServerProxy.java:333) ~[ratis-server-0.4.0-2337318-SNAPSHOT.jar:0.4.0-2337318-SNAPSHOT]
	at org.apache.ratis.server.impl.RaftServerProxy.lambda$null$5(RaftServerProxy.java:328) ~[ratis-server-0.4.0-2337318-SNAPSHOT.jar:0.4.0-2337318-SNAPSHOT]
	at org.apache.ratis.util.JavaUtils.callAsUnchecked(JavaUtils.java:109) ~[ratis-common-0.4.0-2337318-SNAPSHOT.jar:0.4.0-2337318-SNAPSHOT]
	at org.apache.ratis.server.impl.RaftServerProxy.lambda$submitRequest$6(RaftServerProxy.java:328) ~[ratis-server-0.4.0-2337318-SNAPSHOT.jar:0.4.0-2337318-SNAPSHOT]
	at java.util.concurrent.CompletableFuture.uniComposeStage(CompletableFuture.java:981) ~[?:1.8.0_212]
	at java.util.concurrent.CompletableFuture.thenCompose(CompletableFuture.java:2124) ~[?:1.8.0_212]
	at org.apache.ratis.server.impl.RaftServerProxy.submitRequest(RaftServerProxy.java:327) ~[ratis-server-0.4.0-2337318-SNAPSHOT.jar:0.4.0-2337318-SNAPSHOT]
	at org.apache.ratis.server.impl.RaftServerProxy.submitClientRequestAsync(RaftServerProxy.java:333) ~[ratis-server-0.4.0-2337318-SNAPSHOT.jar:0.4.0-2337318-SNAPSHOT]
	at org.apache.ratis.grpc.client.GrpcClientProtocolService$RequestStreamObserver.processClientRequest(GrpcClientProtocolService.java:220) ~[ratis-grpc-0.4.0-2337318-SNAPSHOT.jar:0.4.0-2337318-SNAPSHOT]
	at org.apache.ratis.grpc.client.GrpcClientProtocolService$OrderedRequestStreamObserver.processClientRequest(GrpcClientProtocolService.java:326) ~[ratis-grpc-0.4.0-2337318-SNAPSHOT.jar:0.4.0-2337318-SNAPSHOT]
	at org.apache.ratis.util.SlidingWindow$Server.processRequestsFromHead(SlidingWindow.java:429) [ratis-common-0.4.0-2337318-SNAPSHOT.jar:0.4.0-2337318-SNAPSHOT]
	at org.apache.ratis.util.SlidingWindow$Server.receivedRequest(SlidingWindow.java:421) [ratis-common-0.4.0-2337318-SNAPSHOT.jar:0.4.0-2337318-SNAPSHOT]
	at org.apache.ratis.grpc.client.GrpcClientProtocolService$OrderedRequestStreamObserver.processClientRequest(GrpcClientProtocolService.java:345) [ratis-grpc-0.4.0-2337318-SNAPSHOT.jar:0.4.0-2337318-SNAPSHOT]
	at org.apache.ratis.grpc.client.GrpcClientProtocolService$RequestStreamObserver.onNext(GrpcClientProtocolService.java:240) [ratis-grpc-0.4.0-2337318-SNAPSHOT.jar:0.4.0-2337318-SNAPSHOT]
	at org.apache.ratis.grpc.client.GrpcClientProtocolService$RequestStreamObserver.onNext(GrpcClientProtocolService.java:168) [ratis-grpc-0.4.0-2337318-SNAPSHOT.jar:0.4.0-2337318-SNAPSHOT]
	at org.apache.ratis.thirdparty.io.grpc.stub.ServerCalls$StreamingServerCallHandler$StreamingServerCallListener.onMessage(ServerCalls.java:248) [ratis-thirdparty-misc-0.2.0.jar:0.2.0]
	at org.apache.ratis.thirdparty.io.grpc.internal.ServerCallImpl$ServerStreamListenerImpl.messagesAvailable(ServerCallImpl.java:263) [ratis-thirdparty-misc-0.2.0.jar:0.2.0]
	at org.apache.ratis.thirdparty.io.grpc.internal.ServerImpl$JumpToApplicationThreadServerStreamListener$1MessagesAvailable.runInContext(ServerImpl.java:686) [ratis-thirdparty-misc-0.2.0.jar:0.2.0]
	at org.apache.ratis.thirdparty.io.grpc.internal.ContextRunnable.run(ContextRunnable.java:37) [ratis-thirdparty-misc-0.2.0.jar:0.2.0]
	at org.apache.ratis.thirdparty.io.grpc.internal.SerializingExecutor.run(SerializingExecutor.java:123) [ratis-thirdparty-misc-0.2.0.jar:0.2.0]
	at java.util.concurrent.ThreadPoolExecutor.runWorker(ThreadPoolExecutor.java:1149) [?:1.8.0_212]
	at java.util.concurrent.ThreadPoolExecutor$Worker.run(ThreadPoolExecutor.java:624) [?:1.8.0_212]
	at java.lang.Thread.run(Thread.java:748) [?:1.8.0_212]
2019-07-13 16:35:50,261 INFO  client.GrpcClientProtocolClient (GrpcClientProtocolClient.java:onNext(255)) - client-2C1C55541668->51aa53b0-526e-4007-8aae-2a4e36760f72: receive RaftClientReply:client-2C1C55541668->51aa53b0-526e-4007-8aae-2a4e36760f72@group-09652ED9C2F7, cid=208, FAILED org.apache.ratis.protocol.StateMachineException: org.apache.hadoop.hdds.scm.container.common.helpers.ContainerNotOpenException from Server 51aa53b0-526e-4007-8aae-2a4e36760f72: Container 1 in CLOSED state, logIndex=0, commits[51aa53b0-526e-4007-8aae-2a4e36760f72:c8, 8d176e4f-2c0f-4011-b4ab-9c159ff7b365:c7, e76ebeb5-19b0-4107-ac96-bb6964534b89:c7]
2019-07-13 16:35:50,267 INFO  client.GrpcClientProtocolClient (GrpcClientProtocolClient.java:onNext(255)) - client-2C1C55541668->51aa53b0-526e-4007-8aae-2a4e36760f72: receive RaftClientReply:client-2C1C55541668->51aa53b0-526e-4007-8aae-2a4e36760f72@group-09652ED9C2F7, cid=209, FAILED org.apache.ratis.protocol.StateMachineException: org.apache.hadoop.hdds.scm.container.common.helpers.ContainerNotOpenException from Server 51aa53b0-526e-4007-8aae-2a4e36760f72: Container 1 in CLOSED state, logIndex=0, commits[51aa53b0-526e-4007-8aae-2a4e36760f72:c8, 8d176e4f-2c0f-4011-b4ab-9c159ff7b365:c7, e76ebeb5-19b0-4107-ac96-bb6964534b89:c7]
16:35:50.267 [grpc-default-executor-6] ERROR DNAudit - user=null | ip=null | op=PUT_BLOCK {blockData=[blockId=conID: 1 locID: 102435110521470992 bcsId: 0,size=334]} | ret=FAILURE
org.apache.hadoop.hdds.scm.container.common.helpers.ContainerNotOpenException: Container 1 in CLOSED state
	at org.apache.hadoop.ozone.container.common.impl.HddsDispatcher.validateContainerCommand(HddsDispatcher.java:408) ~[hadoop-hdds-container-service-0.5.0-SNAPSHOT.jar:?]
	at org.apache.hadoop.ozone.container.common.transport.server.ratis.ContainerStateMachine.startTransaction(ContainerStateMachine.java:271) ~[hadoop-hdds-container-service-0.5.0-SNAPSHOT.jar:?]
	at org.apache.ratis.server.impl.RaftServerImpl.submitClientRequestAsync(RaftServerImpl.java:566) ~[ratis-server-0.4.0-2337318-SNAPSHOT.jar:0.4.0-2337318-SNAPSHOT]
	at org.apache.ratis.server.impl.RaftServerProxy.lambda$submitClientRequestAsync$7(RaftServerProxy.java:333) ~[ratis-server-0.4.0-2337318-SNAPSHOT.jar:0.4.0-2337318-SNAPSHOT]
	at org.apache.ratis.server.impl.RaftServerProxy.lambda$null$5(RaftServerProxy.java:328) ~[ratis-server-0.4.0-2337318-SNAPSHOT.jar:0.4.0-2337318-SNAPSHOT]
	at org.apache.ratis.util.JavaUtils.callAsUnchecked(JavaUtils.java:109) ~[ratis-common-0.4.0-2337318-SNAPSHOT.jar:0.4.0-2337318-SNAPSHOT]
	at org.apache.ratis.server.impl.RaftServerProxy.lambda$submitRequest$6(RaftServerProxy.java:328) ~[ratis-server-0.4.0-2337318-SNAPSHOT.jar:0.4.0-2337318-SNAPSHOT]
	at java.util.concurrent.CompletableFuture.uniComposeStage(CompletableFuture.java:981) ~[?:1.8.0_212]
	at java.util.concurrent.CompletableFuture.thenCompose(CompletableFuture.java:2124) ~[?:1.8.0_212]
	at org.apache.ratis.server.impl.RaftServerProxy.submitRequest(RaftServerProxy.java:327) ~[ratis-server-0.4.0-2337318-SNAPSHOT.jar:0.4.0-2337318-SNAPSHOT]
	at org.apache.ratis.server.impl.RaftServerProxy.submitClientRequestAsync(RaftServerProxy.java:333) ~[ratis-server-0.4.0-2337318-SNAPSHOT.jar:0.4.0-2337318-SNAPSHOT]
	at org.apache.ratis.grpc.client.GrpcClientProtocolService$RequestStreamObserver.processClientRequest(GrpcClientProtocolService.java:220) ~[ratis-grpc-0.4.0-2337318-SNAPSHOT.jar:0.4.0-2337318-SNAPSHOT]
	at org.apache.ratis.grpc.client.GrpcClientProtocolService$OrderedRequestStreamObserver.processClientRequest(GrpcClientProtocolService.java:326) ~[ratis-grpc-0.4.0-2337318-SNAPSHOT.jar:0.4.0-2337318-SNAPSHOT]
	at org.apache.ratis.util.SlidingWindow$Server.processRequestsFromHead(SlidingWindow.java:429) [ratis-common-0.4.0-2337318-SNAPSHOT.jar:0.4.0-2337318-SNAPSHOT]
	at org.apache.ratis.util.SlidingWindow$Server.receivedRequest(SlidingWindow.java:421) [ratis-common-0.4.0-2337318-SNAPSHOT.jar:0.4.0-2337318-SNAPSHOT]
	at org.apache.ratis.grpc.client.GrpcClientProtocolService$OrderedRequestStreamObserver.processClientRequest(GrpcClientProtocolService.java:345) [ratis-grpc-0.4.0-2337318-SNAPSHOT.jar:0.4.0-2337318-SNAPSHOT]
	at org.apache.ratis.grpc.client.GrpcClientProtocolService$RequestStreamObserver.onNext(GrpcClientProtocolService.java:240) [ratis-grpc-0.4.0-2337318-SNAPSHOT.jar:0.4.0-2337318-SNAPSHOT]
	at org.apache.ratis.grpc.client.GrpcClientProtocolService$RequestStreamObserver.onNext(GrpcClientProtocolService.java:168) [ratis-grpc-0.4.0-2337318-SNAPSHOT.jar:0.4.0-2337318-SNAPSHOT]
	at org.apache.ratis.thirdparty.io.grpc.stub.ServerCalls$StreamingServerCallHandler$StreamingServerCallListener.onMessage(ServerCalls.java:248) [ratis-thirdparty-misc-0.2.0.jar:0.2.0]
	at org.apache.ratis.thirdparty.io.grpc.internal.ServerCallImpl$ServerStreamListenerImpl.messagesAvailable(ServerCallImpl.java:263) [ratis-thirdparty-misc-0.2.0.jar:0.2.0]
	at org.apache.ratis.thirdparty.io.grpc.internal.ServerImpl$JumpToApplicationThreadServerStreamListener$1MessagesAvailable.runInContext(ServerImpl.java:686) [ratis-thirdparty-misc-0.2.0.jar:0.2.0]
	at org.apache.ratis.thirdparty.io.grpc.internal.ContextRunnable.run(ContextRunnable.java:37) [ratis-thirdparty-misc-0.2.0.jar:0.2.0]
	at org.apache.ratis.thirdparty.io.grpc.internal.SerializingExecutor.run(SerializingExecutor.java:123) [ratis-thirdparty-misc-0.2.0.jar:0.2.0]
	at java.util.concurrent.ThreadPoolExecutor.runWorker(ThreadPoolExecutor.java:1149) [?:1.8.0_212]
	at java.util.concurrent.ThreadPoolExecutor$Worker.run(ThreadPoolExecutor.java:624) [?:1.8.0_212]
	at java.lang.Thread.run(Thread.java:748) [?:1.8.0_212]
2019-07-13 16:35:50,275 INFO  client.GrpcClientProtocolClient (GrpcClientProtocolClient.java:onNext(255)) - client-2C1C55541668->51aa53b0-526e-4007-8aae-2a4e36760f72: receive RaftClientReply:client-2C1C55541668->51aa53b0-526e-4007-8aae-2a4e36760f72@group-09652ED9C2F7, cid=210, FAILED org.apache.ratis.protocol.StateMachineException: org.apache.hadoop.hdds.scm.container.common.helpers.ContainerNotOpenException from Server 51aa53b0-526e-4007-8aae-2a4e36760f72: Container 1 in CLOSED state, logIndex=0, commits[51aa53b0-526e-4007-8aae-2a4e36760f72:c8, 8d176e4f-2c0f-4011-b4ab-9c159ff7b365:c7, e76ebeb5-19b0-4107-ac96-bb6964534b89:c7]
2019-07-13 16:35:50,397 INFO  client.GrpcClientProtocolClient (GrpcClientProtocolClient.java:onNext(255)) - client-2C1C55541668->51aa53b0-526e-4007-8aae-2a4e36760f72: receive RaftClientReply:client-2C1C55541668->51aa53b0-526e-4007-8aae-2a4e36760f72@group-09652ED9C2F7, cid=211, SUCCESS, logIndex=9, commits[51aa53b0-526e-4007-8aae-2a4e36760f72:c11, 8d176e4f-2c0f-4011-b4ab-9c159ff7b365:c8, e76ebeb5-19b0-4107-ac96-bb6964534b89:c8]
2019-07-13 16:35:50,398 INFO  client.GrpcClientProtocolClient (GrpcClientProtocolClient.java:onNext(255)) - client-2C1C55541668->51aa53b0-526e-4007-8aae-2a4e36760f72: receive RaftClientReply:client-2C1C55541668->51aa53b0-526e-4007-8aae-2a4e36760f72@group-09652ED9C2F7, cid=212, SUCCESS, logIndex=10, commits[51aa53b0-526e-4007-8aae-2a4e36760f72:c11, 8d176e4f-2c0f-4011-b4ab-9c159ff7b365:c8, e76ebeb5-19b0-4107-ac96-bb6964534b89:c8]
2019-07-13 16:35:50,433 INFO  client.GrpcClientProtocolClient (GrpcClientProtocolClient.java:onNext(255)) - client-2C1C55541668->51aa53b0-526e-4007-8aae-2a4e36760f72: receive RaftClientReply:client-2C1C55541668->51aa53b0-526e-4007-8aae-2a4e36760f72@group-09652ED9C2F7, cid=213, SUCCESS, logIndex=11, commits[51aa53b0-526e-4007-8aae-2a4e36760f72:c14, 8d176e4f-2c0f-4011-b4ab-9c159ff7b365:c11, e76ebeb5-19b0-4107-ac96-bb6964534b89:c11]
2019-07-13 16:35:50,455 INFO  pipeline.Pipeline (Pipeline.java:getProtobufMessage(195)) - Serialize pipeline PipelineID=a454d92f-843c-423f-91b9-09652ed9c2f7 with nodesInOrder{ }
2019-07-13 16:35:50,457 INFO  ozone.MiniOzoneClusterImpl (MiniOzoneClusterImpl.java:shutdown(321)) - Shutting down the Mini Ozone Cluster
2019-07-13 16:35:50,457 INFO  ozone.MiniOzoneClusterImpl (MiniOzoneClusterImpl.java:stop(336)) - Stopping the Mini Ozone Cluster
2019-07-13 16:35:50,457 INFO  ozone.MiniOzoneClusterImpl (MiniOzoneClusterImpl.java:stop(338)) - Stopping the OzoneManager
2019-07-13 16:35:50,458 INFO  ipc.Server (Server.java:stop(3082)) - Stopping server on 37671
2019-07-13 16:35:50,481 INFO  utils.BackgroundService (BackgroundService.java:shutdown(148)) - Shutting down service KeyDeletingService
2019-07-13 16:35:50,481 INFO  ipc.Server (Server.java:run(1319)) - Stopping IPC Server Responder
2019-07-13 16:35:50,481 INFO  ipc.Server (Server.java:run(1185)) - Stopping IPC Server listener on 37671
2019-07-13 16:35:50,506 INFO  handler.ContextHandler (ContextHandler.java:doStop(910)) - Stopped o.e.j.w.WebAppContext@672710d5{/,null,UNAVAILABLE}{/ozoneManager}
2019-07-13 16:35:50,507 INFO  server.AbstractConnector (AbstractConnector.java:doStop(318)) - Stopped ServerConnector@55880c{HTTP/1.1,[http/1.1]}{0.0.0.0:0}
2019-07-13 16:35:50,507 INFO  handler.ContextHandler (ContextHandler.java:doStop(910)) - Stopped o.e.j.s.ServletContextHandler@41628b4f{/static,file:///tmp/workdir/hadoop-ozone/integration-test/target/test-classes/webapps/static,UNAVAILABLE}
2019-07-13 16:35:50,508 INFO  handler.ContextHandler (ContextHandler.java:doStop(910)) - Stopped o.e.j.s.ServletContextHandler@97842a0{/logs,file:///tmp/workdir/hadoop-ozone/integration-test/target/log,UNAVAILABLE}
2019-07-13 16:35:50,511 INFO  ozone.MiniOzoneClusterImpl (MiniOzoneClusterImpl.java:stop(344)) - Shutting the HddsDatanodes
2019-07-13 16:35:50,511 INFO  datanode.ObjectStoreHandler (ObjectStoreHandler.java:close(155)) - Closing ObjectStoreHandler.
2019-07-13 16:35:50,511 INFO  datanode.ObjectStoreHandler (ObjectStoreHandler.java:close(155)) - Closing ObjectStoreHandler.
2019-07-13 16:35:50,511 INFO  ozone.HddsDatanodeService (HddsDatanodeService.java:stop(452)) - Stopped plug-in org.apache.hadoop.ozone.web.OzoneHddsDatanodeService@58182d7
2019-07-13 16:35:50,512 INFO  ozone.HddsDatanodeService (HddsDatanodeService.java:stop(452)) - Stopped plug-in org.apache.hadoop.ozone.web.OzoneHddsDatanodeService@542adcfa
2019-07-13 16:35:51,385 INFO  statemachine.DatanodeStateMachine (DatanodeStateMachine.java:lambda$startDaemon$0(350)) - Ozone container server started.
2019-07-13 16:35:51,475 INFO  statemachine.DatanodeStateMachine (DatanodeStateMachine.java:lambda$startDaemon$0(350)) - Ozone container server started.
2019-07-13 16:35:55,447 INFO  node.StaleNodeHandler (StaleNodeHandler.java:onMessage(58)) - Datanode 51aa53b0-526e-4007-8aae-2a4e36760f72{ip: 192.168.5.187, host: trunk-nightly-z92hn-1831959607, networkLocation: /default-rack, certSerialId: null} moved to stale state. Finalizing its pipelines [PipelineID=6b9ba69f-891d-45ed-90c8-cafc1be6cd85, PipelineID=a454d92f-843c-423f-91b9-09652ed9c2f7]
2019-07-13 16:35:55,448 INFO  pipeline.SCMPipelineManager (SCMPipelineManager.java:finalizeAndDestroyPipeline(309)) - destroying pipeline:Pipeline[ Id: 6b9ba69f-891d-45ed-90c8-cafc1be6cd85, Nodes: 51aa53b0-526e-4007-8aae-2a4e36760f72{ip: 192.168.5.187, host: trunk-nightly-z92hn-1831959607, networkLocation: /default-rack, certSerialId: null}, Type:RATIS, Factor:ONE, State:OPEN]
2019-07-13 16:35:55,448 INFO  pipeline.PipelineStateManager (PipelineStateManager.java:finalizePipeline(123)) - Pipeline Pipeline[ Id: 6b9ba69f-891d-45ed-90c8-cafc1be6cd85, Nodes: 51aa53b0-526e-4007-8aae-2a4e36760f72{ip: 192.168.5.187, host: trunk-nightly-z92hn-1831959607, networkLocation: /default-rack, certSerialId: null}, Type:RATIS, Factor:ONE, State:CLOSED] moved to CLOSED state
2019-07-13 16:35:55,448 INFO  pipeline.SCMPipelineManager (SCMPipelineManager.java:finalizeAndDestroyPipeline(309)) - destroying pipeline:Pipeline[ Id: a454d92f-843c-423f-91b9-09652ed9c2f7, Nodes: 51aa53b0-526e-4007-8aae-2a4e36760f72{ip: 192.168.5.187, host: trunk-nightly-z92hn-1831959607, networkLocation: /default-rack, certSerialId: null}e76ebeb5-19b0-4107-ac96-bb6964534b89{ip: 192.168.5.187, host: trunk-nightly-z92hn-1831959607, networkLocation: /default-rack, certSerialId: null}8d176e4f-2c0f-4011-b4ab-9c159ff7b365{ip: 192.168.5.187, host: trunk-nightly-z92hn-1831959607, networkLocation: /default-rack, certSerialId: null}, Type:RATIS, Factor:THREE, State:OPEN]
2019-07-13 16:35:55,448 INFO  pipeline.PipelineStateManager (PipelineStateManager.java:finalizePipeline(123)) - Pipeline Pipeline[ Id: a454d92f-843c-423f-91b9-09652ed9c2f7, Nodes: 51aa53b0-526e-4007-8aae-2a4e36760f72{ip: 192.168.5.187, host: trunk-nightly-z92hn-1831959607, networkLocation: /default-rack, certSerialId: null}e76ebeb5-19b0-4107-ac96-bb6964534b89{ip: 192.168.5.187, host: trunk-nightly-z92hn-1831959607, networkLocation: /default-rack, certSerialId: null}8d176e4f-2c0f-4011-b4ab-9c159ff7b365{ip: 192.168.5.187, host: trunk-nightly-z92hn-1831959607, networkLocation: /default-rack, certSerialId: null}, Type:RATIS, Factor:THREE, State:CLOSED] moved to CLOSED state
2019-07-13 16:35:55,449 INFO  container.CloseContainerEventHandler (CloseContainerEventHandler.java:onMessage(61)) - Close container Event triggered for container : #2
2019-07-13 16:35:55,512 INFO  ozoneimpl.OzoneContainer (OzoneContainer.java:stop(199)) - Attempting to stop container services.
2019-07-13 16:35:55,512 INFO  ozoneimpl.OzoneContainer (OzoneContainer.java:stop(199)) - Attempting to stop container services.
2019-07-13 16:35:55,513 INFO  impl.RaftServerProxy (RaftServerProxy.java:lambda$close$4(314)) - e8474009-539d-469d-b3a0-e20c29ccb728: close
2019-07-13 16:35:55,513 INFO  impl.RaftServerProxy (RaftServerProxy.java:lambda$close$4(314)) - 51aa53b0-526e-4007-8aae-2a4e36760f72: close
2019-07-13 16:35:55,513 INFO  impl.RaftServerImpl (RaftServerImpl.java:lambda$shutdown$3(245)) - e8474009-539d-469d-b3a0-e20c29ccb728: shutdown group-2388C896E468
2019-07-13 16:35:55,514 INFO  impl.RaftServerImpl (RaftServerImpl.java:lambda$shutdown$3(245)) - 51aa53b0-526e-4007-8aae-2a4e36760f72: shutdown group-CAFC1BE6CD85
2019-07-13 16:35:55,514 INFO  util.JmxRegister (JmxRegister.java:unregister(73)) - Successfully un-registered JMX Bean with object name Ratis:service=RaftServer,group=group-2388C896E468,id=e8474009-539d-469d-b3a0-e20c29ccb728
2019-07-13 16:35:55,515 INFO  util.JmxRegister (JmxRegister.java:unregister(73)) - Successfully un-registered JMX Bean with object name Ratis:service=RaftServer,group=group-CAFC1BE6CD85,id=51aa53b0-526e-4007-8aae-2a4e36760f72
2019-07-13 16:35:55,515 INFO  impl.RoleInfo (RoleInfo.java:shutdownLeaderState(104)) - e8474009-539d-469d-b3a0-e20c29ccb728: shutdown LeaderState
2019-07-13 16:35:55,515 INFO  impl.RoleInfo (RoleInfo.java:shutdownLeaderState(104)) - 51aa53b0-526e-4007-8aae-2a4e36760f72: shutdown LeaderState
2019-07-13 16:35:55,522 WARN  server.GrpcLogAppender (GrpcLogAppender.java:mayWait(143)) - GrpcLogAppender(e8474009-539d-469d-b3a0-e20c29ccb728->7e17895d-54f0-486b-b768-5d611b8730aa): Wait interrupted by java.lang.InterruptedException
2019-07-13 16:35:55,522 WARN  server.GrpcLogAppender (GrpcLogAppender.java:mayWait(143)) - GrpcLogAppender(e8474009-539d-469d-b3a0-e20c29ccb728->1cd7b9af-ef64-42a5-ae20-92e50e9c0352): Wait interrupted by java.lang.InterruptedException
2019-07-13 16:35:55,522 INFO  impl.PendingRequests (PendingRequests.java:sendNotLeaderResponses(202)) - e8474009-539d-469d-b3a0-e20c29ccb728-PendingRequests: sendNotLeaderResponses
2019-07-13 16:35:55,522 INFO  server.GrpcServerProtocolService (GrpcServerProtocolService.java:onCompleted(104)) - 1cd7b9af-ef64-42a5-ae20-92e50e9c0352: appendEntries completed
2019-07-13 16:35:55,523 INFO  ratis.ContainerStateMachine (ContainerStateMachine.java:takeSnapshot(246)) - Taking snapshot at termIndex:(t:0, i:~)
2019-07-13 16:35:55,522 INFO  server.GrpcServerProtocolService (GrpcServerProtocolService.java:onCompleted(104)) - 7e17895d-54f0-486b-b768-5d611b8730aa: appendEntries completed
2019-07-13 16:35:55,522 INFO  impl.PendingRequests (PendingRequests.java:sendNotLeaderResponses(202)) - 51aa53b0-526e-4007-8aae-2a4e36760f72-PendingRequests: sendNotLeaderResponses
2019-07-13 16:35:55,526 INFO  server.GrpcLogAppender (GrpcLogAppender.java:onCompleted(292)) - e8474009-539d-469d-b3a0-e20c29ccb728->1cd7b9af-ef64-42a5-ae20-92e50e9c0352: follower responses appendEntries COMPLETED
2019-07-13 16:35:55,523 INFO  impl.StateMachineUpdater (StateMachineUpdater.java:stopAndJoin(115)) - StateMachineUpdater:e8474009-539d-469d-b3a0-e20c29ccb728:group-2388C896E468: set stopIndex = 0
2019-07-13 16:35:55,529 INFO  impl.FollowerInfo (FollowerInfo.java:lambda$new$0(50)) - e8474009-539d-469d-b3a0-e20c29ccb728->1cd7b9af-ef64-42a5-ae20-92e50e9c0352: nextIndex: updateUnconditionally 1 -> 0
2019-07-13 16:35:55,528 INFO  ratis.ContainerStateMachine (ContainerStateMachine.java:takeSnapshot(246)) - Taking snapshot at termIndex:(t:0, i:~)
2019-07-13 16:35:55,528 INFO  impl.StateMachineUpdater (StateMachineUpdater.java:stopAndJoin(115)) - StateMachineUpdater:51aa53b0-526e-4007-8aae-2a4e36760f72:group-CAFC1BE6CD85: set stopIndex = 0
2019-07-13 16:35:55,528 INFO  server.GrpcLogAppender (GrpcLogAppender.java:onCompleted(292)) - e8474009-539d-469d-b3a0-e20c29ccb728->7e17895d-54f0-486b-b768-5d611b8730aa: follower responses appendEntries COMPLETED
2019-07-13 16:35:55,530 INFO  impl.RaftServerImpl (ServerState.java:close(394)) - 51aa53b0-526e-4007-8aae-2a4e36760f72:group-CAFC1BE6CD85 closes. The last applied log index is 0
2019-07-13 16:35:55,529 INFO  impl.RaftServerImpl (ServerState.java:close(394)) - e8474009-539d-469d-b3a0-e20c29ccb728:group-2388C896E468 closes. The last applied log index is 0
2019-07-13 16:35:55,530 INFO  segmented.SegmentedRaftLogWorker (SegmentedRaftLogWorker.java:run(313)) - 51aa53b0-526e-4007-8aae-2a4e36760f72-SegmentedRaftLogWorker:Storage Directory /tmp/workdir/hadoop-ozone/integration-test/target/test-dir/MiniOzoneClusterImpl-7cdf904c-cbcd-4688-ac37-82b6c94e7bff/datanode-1/data/ratis/6b9ba69f-891d-45ed-90c8-cafc1be6cd85 was interrupted, exiting. There are 0 tasks remaining in the queue.
2019-07-13 16:35:55,530 INFO  impl.FollowerInfo (FollowerInfo.java:lambda$new$0(50)) - e8474009-539d-469d-b3a0-e20c29ccb728->7e17895d-54f0-486b-b768-5d611b8730aa: nextIndex: updateUnconditionally 1 -> 0
2019-07-13 16:35:55,533 INFO  segmented.SegmentedRaftLogWorker (SegmentedRaftLogWorker.java:close(228)) - 51aa53b0-526e-4007-8aae-2a4e36760f72-SegmentedRaftLogWorker:Storage Directory /tmp/workdir/hadoop-ozone/integration-test/target/test-dir/MiniOzoneClusterImpl-7cdf904c-cbcd-4688-ac37-82b6c94e7bff/datanode-1/data/ratis/6b9ba69f-891d-45ed-90c8-cafc1be6cd85 close()
2019-07-13 16:35:55,531 INFO  segmented.SegmentedRaftLogWorker (SegmentedRaftLogWorker.java:run(313)) - e8474009-539d-469d-b3a0-e20c29ccb728-SegmentedRaftLogWorker:Storage Directory /tmp/workdir/hadoop-ozone/integration-test/target/test-dir/MiniOzoneClusterImpl-7cdf904c-cbcd-4688-ac37-82b6c94e7bff/datanode-4/data/ratis/9d2f3b8c-d025-4132-86e9-2388c896e468 was interrupted, exiting. There are 0 tasks remaining in the queue.
2019-07-13 16:35:55,538 INFO  impl.RaftServerImpl (RaftServerImpl.java:lambda$shutdown$3(245)) - 51aa53b0-526e-4007-8aae-2a4e36760f72: shutdown group-09652ED9C2F7
2019-07-13 16:35:55,541 INFO  segmented.SegmentedRaftLogWorker (SegmentedRaftLogWorker.java:close(228)) - e8474009-539d-469d-b3a0-e20c29ccb728-SegmentedRaftLogWorker:Storage Directory /tmp/workdir/hadoop-ozone/integration-test/target/test-dir/MiniOzoneClusterImpl-7cdf904c-cbcd-4688-ac37-82b6c94e7bff/datanode-4/data/ratis/9d2f3b8c-d025-4132-86e9-2388c896e468 close()
2019-07-13 16:35:55,541 INFO  util.JmxRegister (JmxRegister.java:unregister(73)) - Successfully un-registered JMX Bean with object name Ratis:service=RaftServer,group=group-09652ED9C2F7,id=51aa53b0-526e-4007-8aae-2a4e36760f72
2019-07-13 16:35:55,546 INFO  impl.RaftServerImpl (RaftServerImpl.java:lambda$shutdown$3(245)) - e8474009-539d-469d-b3a0-e20c29ccb728: shutdown group-1A855B887996
2019-07-13 16:35:55,547 INFO  util.JmxRegister (JmxRegister.java:unregister(73)) - Successfully un-registered JMX Bean with object name Ratis:service=RaftServer,group=group-1A855B887996,id=e8474009-539d-469d-b3a0-e20c29ccb728
2019-07-13 16:35:55,547 INFO  impl.RoleInfo (RoleInfo.java:shutdownLeaderState(104)) - e8474009-539d-469d-b3a0-e20c29ccb728: shutdown LeaderState
2019-07-13 16:35:55,547 INFO  node.StaleNodeHandler (StaleNodeHandler.java:onMessage(58)) - Datanode e8474009-539d-469d-b3a0-e20c29ccb728{ip: 192.168.5.187, host: trunk-nightly-z92hn-1831959607, networkLocation: /default-rack, certSerialId: null} moved to stale state. Finalizing its pipelines [PipelineID=9d2f3b8c-d025-4132-86e9-2388c896e468, PipelineID=6d1003b0-5eb9-473d-9241-1a855b887996]
2019-07-13 16:35:55,546 INFO  impl.RoleInfo (RoleInfo.java:shutdownLeaderState(104)) - 51aa53b0-526e-4007-8aae-2a4e36760f72: shutdown LeaderState
2019-07-13 16:35:55,548 INFO  pipeline.SCMPipelineManager (SCMPipelineManager.java:finalizeAndDestroyPipeline(309)) - destroying pipeline:Pipeline[ Id: 9d2f3b8c-d025-4132-86e9-2388c896e468, Nodes: 1cd7b9af-ef64-42a5-ae20-92e50e9c0352{ip: 192.168.5.187, host: trunk-nightly-z92hn-1831959607, networkLocation: /default-rack, certSerialId: null}7e17895d-54f0-486b-b768-5d611b8730aa{ip: 192.168.5.187, host: trunk-nightly-z92hn-1831959607, networkLocation: /default-rack, certSerialId: null}e8474009-539d-469d-b3a0-e20c29ccb728{ip: 192.168.5.187, host: trunk-nightly-z92hn-1831959607, networkLocation: /default-rack, certSerialId: null}, Type:RATIS, Factor:THREE, State:OPEN]
2019-07-13 16:35:55,547 INFO  impl.PendingRequests (PendingRequests.java:sendNotLeaderResponses(202)) - e8474009-539d-469d-b3a0-e20c29ccb728-PendingRequests: sendNotLeaderResponses
2019-07-13 16:35:55,552 INFO  pipeline.PipelineStateManager (PipelineStateManager.java:finalizePipeline(123)) - Pipeline Pipeline[ Id: 9d2f3b8c-d025-4132-86e9-2388c896e468, Nodes: 1cd7b9af-ef64-42a5-ae20-92e50e9c0352{ip: 192.168.5.187, host: trunk-nightly-z92hn-1831959607, networkLocation: /default-rack, certSerialId: null}7e17895d-54f0-486b-b768-5d611b8730aa{ip: 192.168.5.187, host: trunk-nightly-z92hn-1831959607, networkLocation: /default-rack, certSerialId: null}e8474009-539d-469d-b3a0-e20c29ccb728{ip: 192.168.5.187, host: trunk-nightly-z92hn-1831959607, networkLocation: /default-rack, certSerialId: null}, Type:RATIS, Factor:THREE, State:CLOSED] moved to CLOSED state
2019-07-13 16:35:55,552 WARN  server.GrpcLogAppender (GrpcLogAppender.java:mayWait(143)) - GrpcLogAppender(51aa53b0-526e-4007-8aae-2a4e36760f72->e76ebeb5-19b0-4107-ac96-bb6964534b89): Wait interrupted by java.lang.InterruptedException
2019-07-13 16:35:55,552 WARN  server.GrpcLogAppender (GrpcLogAppender.java:mayWait(143)) - GrpcLogAppender(51aa53b0-526e-4007-8aae-2a4e36760f72->8d176e4f-2c0f-4011-b4ab-9c159ff7b365): Wait interrupted by java.lang.InterruptedException
2019-07-13 16:35:55,552 INFO  impl.PendingRequests (PendingRequests.java:sendNotLeaderResponses(202)) - 51aa53b0-526e-4007-8aae-2a4e36760f72-PendingRequests: sendNotLeaderResponses
2019-07-13 16:35:55,554 INFO  server.GrpcServerProtocolService (GrpcServerProtocolService.java:onCompleted(104)) - 8d176e4f-2c0f-4011-b4ab-9c159ff7b365: appendEntries completed
2019-07-13 16:35:55,553 INFO  server.GrpcServerProtocolService (GrpcServerProtocolService.java:onCompleted(104)) - e76ebeb5-19b0-4107-ac96-bb6964534b89: appendEntries completed
2019-07-13 16:35:55,553 INFO  pipeline.SCMPipelineManager (SCMPipelineManager.java:finalizeAndDestroyPipeline(309)) - destroying pipeline:Pipeline[ Id: 6d1003b0-5eb9-473d-9241-1a855b887996, Nodes: e8474009-539d-469d-b3a0-e20c29ccb728{ip: 192.168.5.187, host: trunk-nightly-z92hn-1831959607, networkLocation: /default-rack, certSerialId: null}, Type:RATIS, Factor:ONE, State:OPEN]
2019-07-13 16:35:55,553 INFO  ratis.ContainerStateMachine (ContainerStateMachine.java:takeSnapshot(246)) - Taking snapshot at termIndex:(t:0, i:~)
2019-07-13 16:35:55,553 INFO  impl.StateMachineUpdater (StateMachineUpdater.java:stopAndJoin(115)) - StateMachineUpdater:e8474009-539d-469d-b3a0-e20c29ccb728:group-1A855B887996: set stopIndex = 0
2019-07-13 16:35:55,558 INFO  server.GrpcLogAppender (GrpcLogAppender.java:onCompleted(292)) - 51aa53b0-526e-4007-8aae-2a4e36760f72->e76ebeb5-19b0-4107-ac96-bb6964534b89: follower responses appendEntries COMPLETED
2019-07-13 16:35:55,558 INFO  server.GrpcLogAppender (GrpcLogAppender.java:onCompleted(292)) - 51aa53b0-526e-4007-8aae-2a4e36760f72->8d176e4f-2c0f-4011-b4ab-9c159ff7b365: follower responses appendEntries COMPLETED
2019-07-13 16:35:55,558 INFO  pipeline.PipelineStateManager (PipelineStateManager.java:finalizePipeline(123)) - Pipeline Pipeline[ Id: 6d1003b0-5eb9-473d-9241-1a855b887996, Nodes: e8474009-539d-469d-b3a0-e20c29ccb728{ip: 192.168.5.187, host: trunk-nightly-z92hn-1831959607, networkLocation: /default-rack, certSerialId: null}, Type:RATIS, Factor:ONE, State:CLOSED] moved to CLOSED state
2019-07-13 16:35:55,558 INFO  ratis.ContainerStateMachine (ContainerStateMachine.java:takeSnapshot(246)) - Taking snapshot at termIndex:(t:1, i:14)
2019-07-13 16:35:55,558 INFO  impl.StateMachineUpdater (StateMachineUpdater.java:stopAndJoin(115)) - StateMachineUpdater:51aa53b0-526e-4007-8aae-2a4e36760f72:group-09652ED9C2F7: set stopIndex = 14
2019-07-13 16:35:55,560 INFO  ratis.ContainerStateMachine (ContainerStateMachine.java:takeSnapshot(250)) - Taking a snapshot to file /tmp/workdir/hadoop-ozone/integration-test/target/test-dir/MiniOzoneClusterImpl-7cdf904c-cbcd-4688-ac37-82b6c94e7bff/datanode-1/data/ratis/a454d92f-843c-423f-91b9-09652ed9c2f7/sm/snapshot.1_14
2019-07-13 16:35:55,559 INFO  impl.FollowerInfo (FollowerInfo.java:lambda$new$0(50)) - 51aa53b0-526e-4007-8aae-2a4e36760f72->8d176e4f-2c0f-4011-b4ab-9c159ff7b365: nextIndex: updateUnconditionally 15 -> 14
2019-07-13 16:35:55,559 INFO  impl.FollowerInfo (FollowerInfo.java:lambda$new$0(50)) - 51aa53b0-526e-4007-8aae-2a4e36760f72->e76ebeb5-19b0-4107-ac96-bb6964534b89: nextIndex: updateUnconditionally 15 -> 14
2019-07-13 16:35:55,559 INFO  impl.RaftServerImpl (ServerState.java:close(394)) - e8474009-539d-469d-b3a0-e20c29ccb728:group-1A855B887996 closes. The last applied log index is 0
2019-07-13 16:35:55,560 INFO  impl.StateMachineUpdater (StateMachineUpdater.java:takeSnapshot(242)) - StateMachineUpdater:51aa53b0-526e-4007-8aae-2a4e36760f72:group-09652ED9C2F7: Took a snapshot at index 14
2019-07-13 16:35:55,561 INFO  segmented.SegmentedRaftLogWorker (SegmentedRaftLogWorker.java:run(313)) - e8474009-539d-469d-b3a0-e20c29ccb728-SegmentedRaftLogWorker:Storage Directory /tmp/workdir/hadoop-ozone/integration-test/target/test-dir/MiniOzoneClusterImpl-7cdf904c-cbcd-4688-ac37-82b6c94e7bff/datanode-4/data/ratis/6d1003b0-5eb9-473d-9241-1a855b887996 was interrupted, exiting. There are 0 tasks remaining in the queue.
2019-07-13 16:35:55,561 INFO  impl.StateMachineUpdater (StateMachineUpdater.java:lambda$new$0(80)) - StateMachineUpdater:51aa53b0-526e-4007-8aae-2a4e36760f72:group-09652ED9C2F7: snapshotIndex: updateIncreasingly -1 -> 14
2019-07-13 16:35:55,564 INFO  segmented.SegmentedRaftLogWorker (SegmentedRaftLogWorker.java:close(228)) - e8474009-539d-469d-b3a0-e20c29ccb728-SegmentedRaftLogWorker:Storage Directory /tmp/workdir/hadoop-ozone/integration-test/target/test-dir/MiniOzoneClusterImpl-7cdf904c-cbcd-4688-ac37-82b6c94e7bff/datanode-4/data/ratis/6d1003b0-5eb9-473d-9241-1a855b887996 close()
2019-07-13 16:35:55,564 INFO  impl.RaftServerImpl (ServerState.java:close(394)) - 51aa53b0-526e-4007-8aae-2a4e36760f72:group-09652ED9C2F7 closes. The last applied log index is 14
2019-07-13 16:35:55,568 INFO  server.GrpcService (GrpcService.java:closeImpl(155)) - e8474009-539d-469d-b3a0-e20c29ccb728: shutdown server with port 40058 now
2019-07-13 16:35:55,569 INFO  segmented.SegmentedRaftLogWorker (SegmentedRaftLogWorker.java:run(313)) - 51aa53b0-526e-4007-8aae-2a4e36760f72-SegmentedRaftLogWorker:Storage Directory /tmp/workdir/hadoop-ozone/integration-test/target/test-dir/MiniOzoneClusterImpl-7cdf904c-cbcd-4688-ac37-82b6c94e7bff/datanode-1/data/ratis/a454d92f-843c-423f-91b9-09652ed9c2f7 was interrupted, exiting. There are 0 tasks remaining in the queue.
2019-07-13 16:35:55,571 INFO  server.GrpcService (GrpcService.java:closeImpl(163)) - e8474009-539d-469d-b3a0-e20c29ccb728: shutdown server with port 40058 successfully
2019-07-13 16:35:55,571 INFO  segmented.SegmentedRaftLogWorker (SegmentedRaftLogWorker.java:close(228)) - 51aa53b0-526e-4007-8aae-2a4e36760f72-SegmentedRaftLogWorker:Storage Directory /tmp/workdir/hadoop-ozone/integration-test/target/test-dir/MiniOzoneClusterImpl-7cdf904c-cbcd-4688-ac37-82b6c94e7bff/datanode-1/data/ratis/a454d92f-843c-423f-91b9-09652ed9c2f7 close()
2019-07-13 16:35:55,577 INFO  server.GrpcService (GrpcService.java:closeImpl(155)) - 51aa53b0-526e-4007-8aae-2a4e36760f72: shutdown server with port 40345 now
2019-07-13 16:35:55,577 INFO  utils.BackgroundService (BackgroundService.java:shutdown(148)) - Shutting down service BlockDeletingService
2019-07-13 16:35:55,577 INFO  server.GrpcService (GrpcService.java:closeImpl(163)) - 51aa53b0-526e-4007-8aae-2a4e36760f72: shutdown server with port 40345 successfully
2019-07-13 16:35:55,579 WARN  fs.CachingGetSpaceUsed (CachingGetSpaceUsed.java:run(183)) - Thread Interrupted waiting to refresh disk information: sleep interrupted
2019-07-13 16:35:55,580 INFO  utils.BackgroundService (BackgroundService.java:shutdown(148)) - Shutting down service BlockDeletingService
2019-07-13 16:35:55,581 WARN  fs.CachingGetSpaceUsed (CachingGetSpaceUsed.java:run(183)) - Thread Interrupted waiting to refresh disk information: sleep interrupted
2019-07-13 16:35:55,604 INFO  statemachine.DatanodeStateMachine (DatanodeStateMachine.java:stopDaemon(395)) - Ozone container server stopped.
2019-07-13 16:35:55,604 INFO  statemachine.DatanodeStateMachine (DatanodeStateMachine.java:stopDaemon(395)) - Ozone container server stopped.
2019-07-13 16:35:55,612 INFO  handler.ContextHandler (ContextHandler.java:doStop(910)) - Stopped o.e.j.w.WebAppContext@bb9bad9{/,null,UNAVAILABLE}{/hddsDatanode}
2019-07-13 16:35:55,612 INFO  handler.ContextHandler (ContextHandler.java:doStop(910)) - Stopped o.e.j.w.WebAppContext@1aae50f9{/,null,UNAVAILABLE}{/hddsDatanode}
2019-07-13 16:35:55,613 INFO  server.AbstractConnector (AbstractConnector.java:doStop(318)) - Stopped ServerConnector@1435feb6{HTTP/1.1,[http/1.1]}{0.0.0.0:0}
2019-07-13 16:35:55,613 INFO  server.AbstractConnector (AbstractConnector.java:doStop(318)) - Stopped ServerConnector@2b53d6fc{HTTP/1.1,[http/1.1]}{0.0.0.0:0}
2019-07-13 16:35:55,621 INFO  handler.ContextHandler (ContextHandler.java:doStop(910)) - Stopped o.e.j.s.ServletContextHandler@31b11287{/static,jar:file:/home/user/.m2/repository/org/apache/hadoop/hadoop-hdds-container-service/0.5.0-SNAPSHOT/hadoop-hdds-container-service-0.5.0-SNAPSHOT.jar!/webapps/static,UNAVAILABLE}
2019-07-13 16:35:55,622 INFO  handler.ContextHandler (ContextHandler.java:doStop(910)) - Stopped o.e.j.s.ServletContextHandler@7f6b3f4c{/static,jar:file:/home/user/.m2/repository/org/apache/hadoop/hadoop-hdds-container-service/0.5.0-SNAPSHOT/hadoop-hdds-container-service-0.5.0-SNAPSHOT.jar!/webapps/static,UNAVAILABLE}
2019-07-13 16:35:55,622 INFO  handler.ContextHandler (ContextHandler.java:doStop(910)) - Stopped o.e.j.s.ServletContextHandler@6fca831e{/logs,file:///tmp/workdir/hadoop-ozone/integration-test/target/log,UNAVAILABLE}
2019-07-13 16:35:55,622 INFO  handler.ContextHandler (ContextHandler.java:doStop(910)) - Stopped o.e.j.s.ServletContextHandler@5e60e639{/logs,file:///tmp/workdir/hadoop-ozone/integration-test/target/log,UNAVAILABLE}
2019-07-13 16:35:55,623 INFO  datanode.ObjectStoreHandler (ObjectStoreHandler.java:close(155)) - Closing ObjectStoreHandler.
2019-07-13 16:35:55,623 INFO  ozone.HddsDatanodeService (HddsDatanodeService.java:stop(452)) - Stopped plug-in org.apache.hadoop.ozone.web.OzoneHddsDatanodeService@68b59e2f
2019-07-13 16:35:55,623 INFO  datanode.ObjectStoreHandler (ObjectStoreHandler.java:close(155)) - Closing ObjectStoreHandler.
2019-07-13 16:35:55,624 INFO  ozone.HddsDatanodeService (HddsDatanodeService.java:stop(452)) - Stopped plug-in org.apache.hadoop.ozone.web.OzoneHddsDatanodeService@6da5cb1
2019-07-13 16:35:56,265 INFO  statemachine.DatanodeStateMachine (DatanodeStateMachine.java:lambda$startDaemon$0(350)) - Ozone container server started.
2019-07-13 16:35:56,386 INFO  statemachine.DatanodeStateMachine (DatanodeStateMachine.java:lambda$startDaemon$0(350)) - Ozone container server started.
2019-07-13 16:36:00,354 INFO  node.StaleNodeHandler (StaleNodeHandler.java:onMessage(58)) - Datanode 7e17895d-54f0-486b-b768-5d611b8730aa{ip: 192.168.5.187, host: trunk-nightly-z92hn-1831959607, networkLocation: /default-rack, certSerialId: null} moved to stale state. Finalizing its pipelines [PipelineID=9bf73482-a1bb-4926-8219-20229ce01cc5, PipelineID=9d2f3b8c-d025-4132-86e9-2388c896e468]
2019-07-13 16:36:00,354 INFO  pipeline.SCMPipelineManager (SCMPipelineManager.java:finalizeAndDestroyPipeline(309)) - destroying pipeline:Pipeline[ Id: 9bf73482-a1bb-4926-8219-20229ce01cc5, Nodes: 7e17895d-54f0-486b-b768-5d611b8730aa{ip: 192.168.5.187, host: trunk-nightly-z92hn-1831959607, networkLocation: /default-rack, certSerialId: null}, Type:RATIS, Factor:ONE, State:OPEN]
2019-07-13 16:36:00,354 INFO  pipeline.PipelineStateManager (PipelineStateManager.java:finalizePipeline(123)) - Pipeline Pipeline[ Id: 9bf73482-a1bb-4926-8219-20229ce01cc5, Nodes: 7e17895d-54f0-486b-b768-5d611b8730aa{ip: 192.168.5.187, host: trunk-nightly-z92hn-1831959607, networkLocation: /default-rack, certSerialId: null}, Type:RATIS, Factor:ONE, State:CLOSED] moved to CLOSED state
2019-07-13 16:36:00,354 INFO  pipeline.SCMPipelineManager (SCMPipelineManager.java:finalizeAndDestroyPipeline(309)) - destroying pipeline:Pipeline[ Id: 9d2f3b8c-d025-4132-86e9-2388c896e468, Nodes: 1cd7b9af-ef64-42a5-ae20-92e50e9c0352{ip: 192.168.5.187, host: trunk-nightly-z92hn-1831959607, networkLocation: /default-rack, certSerialId: null}7e17895d-54f0-486b-b768-5d611b8730aa{ip: 192.168.5.187, host: trunk-nightly-z92hn-1831959607, networkLocation: /default-rack, certSerialId: null}e8474009-539d-469d-b3a0-e20c29ccb728{ip: 192.168.5.187, host: trunk-nightly-z92hn-1831959607, networkLocation: /default-rack, certSerialId: null}, Type:RATIS, Factor:THREE, State:CLOSED]
2019-07-13 16:36:00,454 INFO  node.StaleNodeHandler (StaleNodeHandler.java:onMessage(58)) - Datanode e76ebeb5-19b0-4107-ac96-bb6964534b89{ip: 192.168.5.187, host: trunk-nightly-z92hn-1831959607, networkLocation: /default-rack, certSerialId: null} moved to stale state. Finalizing its pipelines [PipelineID=a454d92f-843c-423f-91b9-09652ed9c2f7, PipelineID=f91094f0-939e-4157-8718-f13abadecaaa]
2019-07-13 16:36:00,454 INFO  pipeline.SCMPipelineManager (SCMPipelineManager.java:finalizeAndDestroyPipeline(309)) - destroying pipeline:Pipeline[ Id: a454d92f-843c-423f-91b9-09652ed9c2f7, Nodes: 51aa53b0-526e-4007-8aae-2a4e36760f72{ip: 192.168.5.187, host: trunk-nightly-z92hn-1831959607, networkLocation: /default-rack, certSerialId: null}e76ebeb5-19b0-4107-ac96-bb6964534b89{ip: 192.168.5.187, host: trunk-nightly-z92hn-1831959607, networkLocation: /default-rack, certSerialId: null}8d176e4f-2c0f-4011-b4ab-9c159ff7b365{ip: 192.168.5.187, host: trunk-nightly-z92hn-1831959607, networkLocation: /default-rack, certSerialId: null}, Type:RATIS, Factor:THREE, State:CLOSED]
2019-07-13 16:36:00,454 INFO  pipeline.SCMPipelineManager (SCMPipelineManager.java:finalizeAndDestroyPipeline(309)) - destroying pipeline:Pipeline[ Id: f91094f0-939e-4157-8718-f13abadecaaa, Nodes: e76ebeb5-19b0-4107-ac96-bb6964534b89{ip: 192.168.5.187, host: trunk-nightly-z92hn-1831959607, networkLocation: /default-rack, certSerialId: null}, Type:RATIS, Factor:ONE, State:OPEN]
2019-07-13 16:36:00,454 INFO  pipeline.PipelineStateManager (PipelineStateManager.java:finalizePipeline(123)) - Pipeline Pipeline[ Id: f91094f0-939e-4157-8718-f13abadecaaa, Nodes: e76ebeb5-19b0-4107-ac96-bb6964534b89{ip: 192.168.5.187, host: trunk-nightly-z92hn-1831959607, networkLocation: /default-rack, certSerialId: null}, Type:RATIS, Factor:ONE, State:CLOSED] moved to CLOSED state
2019-07-13 16:36:00,624 INFO  ozoneimpl.OzoneContainer (OzoneContainer.java:stop(199)) - Attempting to stop container services.
2019-07-13 16:36:00,625 INFO  ozoneimpl.OzoneContainer (OzoneContainer.java:stop(199)) - Attempting to stop container services.
2019-07-13 16:36:00,625 INFO  impl.RaftServerProxy (RaftServerProxy.java:lambda$close$4(314)) - e76ebeb5-19b0-4107-ac96-bb6964534b89: close
2019-07-13 16:36:00,625 INFO  impl.RaftServerProxy (RaftServerProxy.java:lambda$close$4(314)) - 7e17895d-54f0-486b-b768-5d611b8730aa: close
2019-07-13 16:36:00,625 INFO  impl.RaftServerImpl (RaftServerImpl.java:lambda$shutdown$3(245)) - e76ebeb5-19b0-4107-ac96-bb6964534b89: shutdown group-09652ED9C2F7
2019-07-13 16:36:00,626 INFO  impl.RaftServerImpl (RaftServerImpl.java:lambda$shutdown$3(245)) - 7e17895d-54f0-486b-b768-5d611b8730aa: shutdown group-20229CE01CC5
2019-07-13 16:36:00,626 INFO  util.JmxRegister (JmxRegister.java:unregister(73)) - Successfully un-registered JMX Bean with object name Ratis:service=RaftServer,group=group-09652ED9C2F7,id=e76ebeb5-19b0-4107-ac96-bb6964534b89
2019-07-13 16:36:00,626 INFO  util.JmxRegister (JmxRegister.java:unregister(73)) - Successfully un-registered JMX Bean with object name Ratis:service=RaftServer,group=group-20229CE01CC5,id=7e17895d-54f0-486b-b768-5d611b8730aa
2019-07-13 16:36:00,627 INFO  impl.RoleInfo (RoleInfo.java:shutdownFollowerState(121)) - e76ebeb5-19b0-4107-ac96-bb6964534b89: shutdown FollowerState
2019-07-13 16:36:00,627 INFO  impl.RoleInfo (RoleInfo.java:shutdownLeaderState(104)) - 7e17895d-54f0-486b-b768-5d611b8730aa: shutdown LeaderState
2019-07-13 16:36:00,628 INFO  impl.FollowerState (FollowerState.java:run(114)) - e76ebeb5-19b0-4107-ac96-bb6964534b89: FollowerState was interrupted: java.lang.InterruptedException: sleep interrupted
2019-07-13 16:36:00,628 INFO  ratis.ContainerStateMachine (ContainerStateMachine.java:takeSnapshot(246)) - Taking snapshot at termIndex:(t:1, i:11)
2019-07-13 16:36:00,631 INFO  ratis.ContainerStateMachine (ContainerStateMachine.java:takeSnapshot(250)) - Taking a snapshot to file /tmp/workdir/hadoop-ozone/integration-test/target/test-dir/MiniOzoneClusterImpl-7cdf904c-cbcd-4688-ac37-82b6c94e7bff/datanode-2/data/ratis/a454d92f-843c-423f-91b9-09652ed9c2f7/sm/snapshot.1_11
2019-07-13 16:36:00,628 INFO  impl.StateMachineUpdater (StateMachineUpdater.java:stopAndJoin(115)) - StateMachineUpdater:e76ebeb5-19b0-4107-ac96-bb6964534b89:group-09652ED9C2F7: set stopIndex = 14
2019-07-13 16:36:00,628 INFO  impl.PendingRequests (PendingRequests.java:sendNotLeaderResponses(202)) - 7e17895d-54f0-486b-b768-5d611b8730aa-PendingRequests: sendNotLeaderResponses
2019-07-13 16:36:00,632 INFO  impl.StateMachineUpdater (StateMachineUpdater.java:takeSnapshot(242)) - StateMachineUpdater:e76ebeb5-19b0-4107-ac96-bb6964534b89:group-09652ED9C2F7: Took a snapshot at index 11
2019-07-13 16:36:00,632 INFO  impl.StateMachineUpdater (StateMachineUpdater.java:stopAndJoin(115)) - StateMachineUpdater:7e17895d-54f0-486b-b768-5d611b8730aa:group-20229CE01CC5: set stopIndex = 0
2019-07-13 16:36:00,632 INFO  ratis.ContainerStateMachine (ContainerStateMachine.java:takeSnapshot(246)) - Taking snapshot at termIndex:(t:0, i:~)
2019-07-13 16:36:00,632 INFO  impl.StateMachineUpdater (StateMachineUpdater.java:lambda$new$0(80)) - StateMachineUpdater:e76ebeb5-19b0-4107-ac96-bb6964534b89:group-09652ED9C2F7: snapshotIndex: updateIncreasingly -1 -> 11
2019-07-13 16:36:00,633 INFO  impl.RaftServerImpl (ServerState.java:close(394)) - 7e17895d-54f0-486b-b768-5d611b8730aa:group-20229CE01CC5 closes. The last applied log index is 0
2019-07-13 16:36:00,633 INFO  impl.RaftServerImpl (ServerState.java:close(394)) - e76ebeb5-19b0-4107-ac96-bb6964534b89:group-09652ED9C2F7 closes. The last applied log index is 14
2019-07-13 16:36:00,634 INFO  segmented.SegmentedRaftLogWorker (SegmentedRaftLogWorker.java:run(313)) - 7e17895d-54f0-486b-b768-5d611b8730aa-SegmentedRaftLogWorker:Storage Directory /tmp/workdir/hadoop-ozone/integration-test/target/test-dir/MiniOzoneClusterImpl-7cdf904c-cbcd-4688-ac37-82b6c94e7bff/datanode-3/data/ratis/9bf73482-a1bb-4926-8219-20229ce01cc5 was interrupted, exiting. There are 0 tasks remaining in the queue.
2019-07-13 16:36:00,634 INFO  segmented.SegmentedRaftLogWorker (SegmentedRaftLogWorker.java:run(313)) - e76ebeb5-19b0-4107-ac96-bb6964534b89-SegmentedRaftLogWorker:Storage Directory /tmp/workdir/hadoop-ozone/integration-test/target/test-dir/MiniOzoneClusterImpl-7cdf904c-cbcd-4688-ac37-82b6c94e7bff/datanode-2/data/ratis/a454d92f-843c-423f-91b9-09652ed9c2f7 was interrupted, exiting. There are 0 tasks remaining in the queue.
2019-07-13 16:36:00,639 INFO  segmented.SegmentedRaftLogWorker (SegmentedRaftLogWorker.java:close(228)) - 7e17895d-54f0-486b-b768-5d611b8730aa-SegmentedRaftLogWorker:Storage Directory /tmp/workdir/hadoop-ozone/integration-test/target/test-dir/MiniOzoneClusterImpl-7cdf904c-cbcd-4688-ac37-82b6c94e7bff/datanode-3/data/ratis/9bf73482-a1bb-4926-8219-20229ce01cc5 close()
2019-07-13 16:36:00,639 INFO  segmented.SegmentedRaftLogWorker (SegmentedRaftLogWorker.java:close(228)) - e76ebeb5-19b0-4107-ac96-bb6964534b89-SegmentedRaftLogWorker:Storage Directory /tmp/workdir/hadoop-ozone/integration-test/target/test-dir/MiniOzoneClusterImpl-7cdf904c-cbcd-4688-ac37-82b6c94e7bff/datanode-2/data/ratis/a454d92f-843c-423f-91b9-09652ed9c2f7 close()
2019-07-13 16:36:00,643 INFO  impl.RaftServerImpl (RaftServerImpl.java:lambda$shutdown$3(245)) - 7e17895d-54f0-486b-b768-5d611b8730aa: shutdown group-2388C896E468
2019-07-13 16:36:00,646 INFO  impl.RaftServerImpl (RaftServerImpl.java:lambda$shutdown$3(245)) - e76ebeb5-19b0-4107-ac96-bb6964534b89: shutdown group-F13ABADECAAA
2019-07-13 16:36:00,647 INFO  util.JmxRegister (JmxRegister.java:unregister(73)) - Successfully un-registered JMX Bean with object name Ratis:service=RaftServer,group=group-2388C896E468,id=7e17895d-54f0-486b-b768-5d611b8730aa
2019-07-13 16:36:00,647 INFO  util.JmxRegister (JmxRegister.java:unregister(73)) - Successfully un-registered JMX Bean with object name Ratis:service=RaftServer,group=group-F13ABADECAAA,id=e76ebeb5-19b0-4107-ac96-bb6964534b89
2019-07-13 16:36:00,647 INFO  impl.RoleInfo (RoleInfo.java:shutdownFollowerState(121)) - 7e17895d-54f0-486b-b768-5d611b8730aa: shutdown FollowerState
2019-07-13 16:36:00,648 INFO  impl.RoleInfo (RoleInfo.java:shutdownLeaderState(104)) - e76ebeb5-19b0-4107-ac96-bb6964534b89: shutdown LeaderState
2019-07-13 16:36:00,648 INFO  impl.FollowerState (FollowerState.java:run(114)) - 7e17895d-54f0-486b-b768-5d611b8730aa: FollowerState was interrupted: java.lang.InterruptedException: sleep interrupted
2019-07-13 16:36:00,648 INFO  ratis.ContainerStateMachine (ContainerStateMachine.java:takeSnapshot(246)) - Taking snapshot at termIndex:(t:0, i:~)
2019-07-13 16:36:00,648 INFO  impl.StateMachineUpdater (StateMachineUpdater.java:stopAndJoin(115)) - StateMachineUpdater:7e17895d-54f0-486b-b768-5d611b8730aa:group-2388C896E468: set stopIndex = 0
2019-07-13 16:36:00,648 INFO  impl.PendingRequests (PendingRequests.java:sendNotLeaderResponses(202)) - e76ebeb5-19b0-4107-ac96-bb6964534b89-PendingRequests: sendNotLeaderResponses
2019-07-13 16:36:00,651 INFO  impl.RaftServerImpl (ServerState.java:close(394)) - 7e17895d-54f0-486b-b768-5d611b8730aa:group-2388C896E468 closes. The last applied log index is 0
2019-07-13 16:36:00,651 INFO  ratis.ContainerStateMachine (ContainerStateMachine.java:takeSnapshot(246)) - Taking snapshot at termIndex:(t:0, i:~)
2019-07-13 16:36:00,651 INFO  impl.StateMachineUpdater (StateMachineUpdater.java:stopAndJoin(115)) - StateMachineUpdater:e76ebeb5-19b0-4107-ac96-bb6964534b89:group-F13ABADECAAA: set stopIndex = 0
2019-07-13 16:36:00,652 INFO  segmented.SegmentedRaftLogWorker (SegmentedRaftLogWorker.java:run(313)) - 7e17895d-54f0-486b-b768-5d611b8730aa-SegmentedRaftLogWorker:Storage Directory /tmp/workdir/hadoop-ozone/integration-test/target/test-dir/MiniOzoneClusterImpl-7cdf904c-cbcd-4688-ac37-82b6c94e7bff/datanode-3/data/ratis/9d2f3b8c-d025-4132-86e9-2388c896e468 was interrupted, exiting. There are 0 tasks remaining in the queue.
2019-07-13 16:36:00,652 INFO  impl.RaftServerImpl (ServerState.java:close(394)) - e76ebeb5-19b0-4107-ac96-bb6964534b89:group-F13ABADECAAA closes. The last applied log index is 0
2019-07-13 16:36:00,654 INFO  segmented.SegmentedRaftLogWorker (SegmentedRaftLogWorker.java:close(228)) - 7e17895d-54f0-486b-b768-5d611b8730aa-SegmentedRaftLogWorker:Storage Directory /tmp/workdir/hadoop-ozone/integration-test/target/test-dir/MiniOzoneClusterImpl-7cdf904c-cbcd-4688-ac37-82b6c94e7bff/datanode-3/data/ratis/9d2f3b8c-d025-4132-86e9-2388c896e468 close()
2019-07-13 16:36:00,654 INFO  segmented.SegmentedRaftLogWorker (SegmentedRaftLogWorker.java:run(313)) - e76ebeb5-19b0-4107-ac96-bb6964534b89-SegmentedRaftLogWorker:Storage Directory /tmp/workdir/hadoop-ozone/integration-test/target/test-dir/MiniOzoneClusterImpl-7cdf904c-cbcd-4688-ac37-82b6c94e7bff/datanode-2/data/ratis/f91094f0-939e-4157-8718-f13abadecaaa was interrupted, exiting. There are 0 tasks remaining in the queue.
2019-07-13 16:36:00,665 INFO  server.GrpcService (GrpcService.java:closeImpl(155)) - 7e17895d-54f0-486b-b768-5d611b8730aa: shutdown server with port 33673 now
2019-07-13 16:36:00,667 INFO  segmented.SegmentedRaftLogWorker (SegmentedRaftLogWorker.java:close(228)) - e76ebeb5-19b0-4107-ac96-bb6964534b89-SegmentedRaftLogWorker:Storage Directory /tmp/workdir/hadoop-ozone/integration-test/target/test-dir/MiniOzoneClusterImpl-7cdf904c-cbcd-4688-ac37-82b6c94e7bff/datanode-2/data/ratis/f91094f0-939e-4157-8718-f13abadecaaa close()
2019-07-13 16:36:00,667 INFO  server.GrpcService (GrpcService.java:closeImpl(163)) - 7e17895d-54f0-486b-b768-5d611b8730aa: shutdown server with port 33673 successfully
2019-07-13 16:36:00,669 INFO  server.GrpcService (GrpcService.java:closeImpl(155)) - e76ebeb5-19b0-4107-ac96-bb6964534b89: shutdown server with port 40104 now
2019-07-13 16:36:00,670 INFO  server.GrpcService (GrpcService.java:closeImpl(163)) - e76ebeb5-19b0-4107-ac96-bb6964534b89: shutdown server with port 40104 successfully
2019-07-13 16:36:00,671 INFO  utils.BackgroundService (BackgroundService.java:shutdown(148)) - Shutting down service BlockDeletingService
2019-07-13 16:36:00,671 INFO  utils.BackgroundService (BackgroundService.java:shutdown(148)) - Shutting down service BlockDeletingService
2019-07-13 16:36:00,673 WARN  fs.CachingGetSpaceUsed (CachingGetSpaceUsed.java:run(183)) - Thread Interrupted waiting to refresh disk information: sleep interrupted
2019-07-13 16:36:00,678 WARN  fs.CachingGetSpaceUsed (CachingGetSpaceUsed.java:run(183)) - Thread Interrupted waiting to refresh disk information: sleep interrupted
2019-07-13 16:36:00,693 INFO  statemachine.DatanodeStateMachine (DatanodeStateMachine.java:stopDaemon(395)) - Ozone container server stopped.
2019-07-13 16:36:00,710 INFO  statemachine.DatanodeStateMachine (DatanodeStateMachine.java:stopDaemon(395)) - Ozone container server stopped.
2019-07-13 16:36:00,711 INFO  handler.ContextHandler (ContextHandler.java:doStop(910)) - Stopped o.e.j.w.WebAppContext@4228a2f6{/,null,UNAVAILABLE}{/hddsDatanode}
2019-07-13 16:36:00,712 INFO  server.AbstractConnector (AbstractConnector.java:doStop(318)) - Stopped ServerConnector@5e91b051{HTTP/1.1,[http/1.1]}{0.0.0.0:0}
2019-07-13 16:36:00,712 INFO  handler.ContextHandler (ContextHandler.java:doStop(910)) - Stopped o.e.j.w.WebAppContext@6cfa20c1{/,null,UNAVAILABLE}{/hddsDatanode}
2019-07-13 16:36:00,713 INFO  handler.ContextHandler (ContextHandler.java:doStop(910)) - Stopped o.e.j.s.ServletContextHandler@2a0a178f{/static,jar:file:/home/user/.m2/repository/org/apache/hadoop/hadoop-hdds-container-service/0.5.0-SNAPSHOT/hadoop-hdds-container-service-0.5.0-SNAPSHOT.jar!/webapps/static,UNAVAILABLE}
2019-07-13 16:36:00,713 INFO  server.AbstractConnector (AbstractConnector.java:doStop(318)) - Stopped ServerConnector@46e2a773{HTTP/1.1,[http/1.1]}{0.0.0.0:0}
2019-07-13 16:36:00,713 INFO  handler.ContextHandler (ContextHandler.java:doStop(910)) - Stopped o.e.j.s.ServletContextHandler@879f852{/logs,file:///tmp/workdir/hadoop-ozone/integration-test/target/log,UNAVAILABLE}
2019-07-13 16:36:00,714 INFO  handler.ContextHandler (ContextHandler.java:doStop(910)) - Stopped o.e.j.s.ServletContextHandler@645a9649{/static,jar:file:/home/user/.m2/repository/org/apache/hadoop/hadoop-hdds-container-service/0.5.0-SNAPSHOT/hadoop-hdds-container-service-0.5.0-SNAPSHOT.jar!/webapps/static,UNAVAILABLE}
2019-07-13 16:36:00,714 INFO  datanode.ObjectStoreHandler (ObjectStoreHandler.java:close(155)) - Closing ObjectStoreHandler.
2019-07-13 16:36:00,714 INFO  handler.ContextHandler (ContextHandler.java:doStop(910)) - Stopped o.e.j.s.ServletContextHandler@2d839402{/logs,file:///tmp/workdir/hadoop-ozone/integration-test/target/log,UNAVAILABLE}
2019-07-13 16:36:00,715 INFO  ozone.HddsDatanodeService (HddsDatanodeService.java:stop(452)) - Stopped plug-in org.apache.hadoop.ozone.web.OzoneHddsDatanodeService@5d571179
2019-07-13 16:36:00,715 INFO  datanode.ObjectStoreHandler (ObjectStoreHandler.java:close(155)) - Closing ObjectStoreHandler.
2019-07-13 16:36:00,715 INFO  ozone.HddsDatanodeService (HddsDatanodeService.java:stop(452)) - Stopped plug-in org.apache.hadoop.ozone.web.OzoneHddsDatanodeService@45a0ba61
2019-07-13 16:36:00,979 INFO  statemachine.DatanodeStateMachine (DatanodeStateMachine.java:lambda$startDaemon$0(350)) - Ozone container server started.
2019-07-13 16:36:01,389 INFO  statemachine.DatanodeStateMachine (DatanodeStateMachine.java:lambda$startDaemon$0(350)) - Ozone container server started.
2019-07-13 16:36:02,622 INFO  impl.FollowerState (FollowerState.java:run(106)) - 8d176e4f-2c0f-4011-b4ab-9c159ff7b365:group-09652ED9C2F7 changes to CANDIDATE, lastRpcTime:7209, electionTimeout:5175ms
2019-07-13 16:36:02,623 INFO  impl.RoleInfo (RoleInfo.java:shutdownFollowerState(121)) - 8d176e4f-2c0f-4011-b4ab-9c159ff7b365: shutdown FollowerState
2019-07-13 16:36:02,623 INFO  impl.RaftServerImpl (RaftServerImpl.java:setRole(171)) - 8d176e4f-2c0f-4011-b4ab-9c159ff7b365:group-09652ED9C2F7 changes role from FOLLOWER to CANDIDATE at term 1 for changeToCandidate
2019-07-13 16:36:02,623 INFO  impl.RoleInfo (RoleInfo.java:updateAndGet(143)) - 8d176e4f-2c0f-4011-b4ab-9c159ff7b365: start LeaderElection
2019-07-13 16:36:02,626 INFO  impl.RaftServerImpl (ServerState.java:setLeader(263)) - 8d176e4f-2c0f-4011-b4ab-9c159ff7b365:group-09652ED9C2F7 change Leader from 51aa53b0-526e-4007-8aae-2a4e36760f72 to null at term 1 for initElection
2019-07-13 16:36:02,640 INFO  impl.LeaderElection (LeaderElection.java:askForVotes(181)) - 8d176e4f-2c0f-4011-b4ab-9c159ff7b365:group-09652ED9C2F7:LeaderElection70: begin an election at term 2 for 0: [8d176e4f-2c0f-4011-b4ab-9c159ff7b365:192.168.5.187:36564, 51aa53b0-526e-4007-8aae-2a4e36760f72:192.168.5.187:40345, e76ebeb5-19b0-4107-ac96-bb6964534b89:192.168.5.187:40104], old=null
2019-07-13 16:36:02,642 INFO  impl.LeaderElection (LogUtils.java:infoOrTrace(149)) - 8d176e4f-2c0f-4011-b4ab-9c159ff7b365:group-09652ED9C2F7:LeaderElection70 got exception when requesting votes: {}
java.util.concurrent.ExecutionException: org.apache.ratis.thirdparty.io.grpc.StatusRuntimeException: UNAVAILABLE: io exception
	at java.util.concurrent.FutureTask.report(FutureTask.java:122)
	at java.util.concurrent.FutureTask.get(FutureTask.java:192)
	at org.apache.ratis.server.impl.LeaderElection.waitForResults(LeaderElection.java:262)
	at org.apache.ratis.server.impl.LeaderElection.askForVotes(LeaderElection.java:200)
	at org.apache.ratis.server.impl.LeaderElection.run(LeaderElection.java:130)
	at java.lang.Thread.run(Thread.java:748)
Caused by: org.apache.ratis.thirdparty.io.grpc.StatusRuntimeException: UNAVAILABLE: io exception
	at org.apache.ratis.thirdparty.io.grpc.stub.ClientCalls.toStatusRuntimeException(ClientCalls.java:233)
	at org.apache.ratis.thirdparty.io.grpc.stub.ClientCalls.getUnchecked(ClientCalls.java:214)
	at org.apache.ratis.thirdparty.io.grpc.stub.ClientCalls.blockingUnaryCall(ClientCalls.java:139)
	at org.apache.ratis.proto.grpc.RaftServerProtocolServiceGrpc$RaftServerProtocolServiceBlockingStub.requestVote(RaftServerProtocolServiceGrpc.java:265)
	at org.apache.ratis.grpc.server.GrpcServerProtocolClient.requestVote(GrpcServerProtocolClient.java:83)
	at org.apache.ratis.grpc.server.GrpcService.requestVote(GrpcService.java:195)
	at org.apache.ratis.server.impl.LeaderElection.lambda$submitRequests$1(LeaderElection.java:237)
	at java.util.concurrent.FutureTask.run(FutureTask.java:266)
	at java.util.concurrent.Executors$RunnableAdapter.call(Executors.java:511)
	at java.util.concurrent.FutureTask.run(FutureTask.java:266)
	at java.util.concurrent.ThreadPoolExecutor.runWorker(ThreadPoolExecutor.java:1149)
	at java.util.concurrent.ThreadPoolExecutor$Worker.run(ThreadPoolExecutor.java:624)
	... 1 more
Caused by: org.apache.ratis.thirdparty.io.netty.channel.AbstractChannel$AnnotatedConnectException: Connection refused: /192.168.5.187:40345
	at sun.nio.ch.SocketChannelImpl.checkConnect(Native Method)
	at sun.nio.ch.SocketChannelImpl.finishConnect(SocketChannelImpl.java:717)
	at org.apache.ratis.thirdparty.io.netty.channel.socket.nio.NioSocketChannel.doFinishConnect(NioSocketChannel.java:327)
	at org.apache.ratis.thirdparty.io.netty.channel.nio.AbstractNioChannel$AbstractNioUnsafe.finishConnect(AbstractNioChannel.java:340)
	at org.apache.ratis.thirdparty.io.netty.channel.nio.NioEventLoop.processSelectedKey(NioEventLoop.java:632)
	at org.apache.ratis.thirdparty.io.netty.channel.nio.NioEventLoop.processSelectedKeysOptimized(NioEventLoop.java:579)
	at org.apache.ratis.thirdparty.io.netty.channel.nio.NioEventLoop.processSelectedKeys(NioEventLoop.java:496)
	at org.apache.ratis.thirdparty.io.netty.channel.nio.NioEventLoop.run(NioEventLoop.java:458)
	at org.apache.ratis.thirdparty.io.netty.util.concurrent.SingleThreadEventExecutor$5.run(SingleThreadEventExecutor.java:897)
	at org.apache.ratis.thirdparty.io.netty.util.concurrent.FastThreadLocalRunnable.run(FastThreadLocalRunnable.java:30)
	... 1 more
Caused by: java.net.ConnectException: Connection refused
	... 11 more
2019-07-13 16:36:02,645 INFO  impl.LeaderElection (LogUtils.java:infoOrTrace(149)) - 8d176e4f-2c0f-4011-b4ab-9c159ff7b365:group-09652ED9C2F7:LeaderElection70 got exception when requesting votes: {}
java.util.concurrent.ExecutionException: org.apache.ratis.thirdparty.io.grpc.StatusRuntimeException: UNAVAILABLE: io exception
	at java.util.concurrent.FutureTask.report(FutureTask.java:122)
	at java.util.concurrent.FutureTask.get(FutureTask.java:192)
	at org.apache.ratis.server.impl.LeaderElection.waitForResults(LeaderElection.java:262)
	at org.apache.ratis.server.impl.LeaderElection.askForVotes(LeaderElection.java:200)
	at org.apache.ratis.server.impl.LeaderElection.run(LeaderElection.java:130)
	at java.lang.Thread.run(Thread.java:748)
Caused by: org.apache.ratis.thirdparty.io.grpc.StatusRuntimeException: UNAVAILABLE: io exception
	at org.apache.ratis.thirdparty.io.grpc.stub.ClientCalls.toStatusRuntimeException(ClientCalls.java:233)
	at org.apache.ratis.thirdparty.io.grpc.stub.ClientCalls.getUnchecked(ClientCalls.java:214)
	at org.apache.ratis.thirdparty.io.grpc.stub.ClientCalls.blockingUnaryCall(ClientCalls.java:139)
	at org.apache.ratis.proto.grpc.RaftServerProtocolServiceGrpc$RaftServerProtocolServiceBlockingStub.requestVote(RaftServerProtocolServiceGrpc.java:265)
	at org.apache.ratis.grpc.server.GrpcServerProtocolClient.requestVote(GrpcServerProtocolClient.java:83)
	at org.apache.ratis.grpc.server.GrpcService.requestVote(GrpcService.java:195)
	at org.apache.ratis.server.impl.LeaderElection.lambda$submitRequests$1(LeaderElection.java:237)
	at java.util.concurrent.FutureTask.run(FutureTask.java:266)
	at java.util.concurrent.Executors$RunnableAdapter.call(Executors.java:511)
	at java.util.concurrent.FutureTask.run(FutureTask.java:266)
	at java.util.concurrent.ThreadPoolExecutor.runWorker(ThreadPoolExecutor.java:1149)
	at java.util.concurrent.ThreadPoolExecutor$Worker.run(ThreadPoolExecutor.java:624)
	... 1 more
Caused by: org.apache.ratis.thirdparty.io.netty.channel.AbstractChannel$AnnotatedConnectException: Connection refused: /192.168.5.187:40104
	at sun.nio.ch.SocketChannelImpl.checkConnect(Native Method)
	at sun.nio.ch.SocketChannelImpl.finishConnect(SocketChannelImpl.java:717)
	at org.apache.ratis.thirdparty.io.netty.channel.socket.nio.NioSocketChannel.doFinishConnect(NioSocketChannel.java:327)
	at org.apache.ratis.thirdparty.io.netty.channel.nio.AbstractNioChannel$AbstractNioUnsafe.finishConnect(AbstractNioChannel.java:340)
	at org.apache.ratis.thirdparty.io.netty.channel.nio.NioEventLoop.processSelectedKey(NioEventLoop.java:632)
	at org.apache.ratis.thirdparty.io.netty.channel.nio.NioEventLoop.processSelectedKeysOptimized(NioEventLoop.java:579)
	at org.apache.ratis.thirdparty.io.netty.channel.nio.NioEventLoop.processSelectedKeys(NioEventLoop.java:496)
	at org.apache.ratis.thirdparty.io.netty.channel.nio.NioEventLoop.run(NioEventLoop.java:458)
	at org.apache.ratis.thirdparty.io.netty.util.concurrent.SingleThreadEventExecutor$5.run(SingleThreadEventExecutor.java:897)
	at org.apache.ratis.thirdparty.io.netty.util.concurrent.FastThreadLocalRunnable.run(FastThreadLocalRunnable.java:30)
	... 1 more
Caused by: java.net.ConnectException: Connection refused
	... 11 more
2019-07-13 16:36:02,646 INFO  impl.LeaderElection (LeaderElection.java:logAndReturn(56)) - 8d176e4f-2c0f-4011-b4ab-9c159ff7b365:group-09652ED9C2F7:LeaderElection70: Election REJECTED; received 0 response(s) [] and 2 exception(s); 8d176e4f-2c0f-4011-b4ab-9c159ff7b365:t2, leader=null, voted=8d176e4f-2c0f-4011-b4ab-9c159ff7b365, raftlog=8d176e4f-2c0f-4011-b4ab-9c159ff7b365-SegmentedRaftLog:OPENED:c14,f14,i14, conf=0: [8d176e4f-2c0f-4011-b4ab-9c159ff7b365:192.168.5.187:36564, 51aa53b0-526e-4007-8aae-2a4e36760f72:192.168.5.187:40345, e76ebeb5-19b0-4107-ac96-bb6964534b89:192.168.5.187:40104], old=null
2019-07-13 16:36:02,647 INFO  impl.LeaderElection (LogUtils.java:infoOrTrace(149)) -   Exception 0: {}
java.util.concurrent.ExecutionException: org.apache.ratis.thirdparty.io.grpc.StatusRuntimeException: UNAVAILABLE: io exception
	at java.util.concurrent.FutureTask.report(FutureTask.java:122)
	at java.util.concurrent.FutureTask.get(FutureTask.java:192)
	at org.apache.ratis.server.impl.LeaderElection.waitForResults(LeaderElection.java:262)
	at org.apache.ratis.server.impl.LeaderElection.askForVotes(LeaderElection.java:200)
	at org.apache.ratis.server.impl.LeaderElection.run(LeaderElection.java:130)
	at java.lang.Thread.run(Thread.java:748)
Caused by: org.apache.ratis.thirdparty.io.grpc.StatusRuntimeException: UNAVAILABLE: io exception
	at org.apache.ratis.thirdparty.io.grpc.stub.ClientCalls.toStatusRuntimeException(ClientCalls.java:233)
	at org.apache.ratis.thirdparty.io.grpc.stub.ClientCalls.getUnchecked(ClientCalls.java:214)
	at org.apache.ratis.thirdparty.io.grpc.stub.ClientCalls.blockingUnaryCall(ClientCalls.java:139)
	at org.apache.ratis.proto.grpc.RaftServerProtocolServiceGrpc$RaftServerProtocolServiceBlockingStub.requestVote(RaftServerProtocolServiceGrpc.java:265)
	at org.apache.ratis.grpc.server.GrpcServerProtocolClient.requestVote(GrpcServerProtocolClient.java:83)
	at org.apache.ratis.grpc.server.GrpcService.requestVote(GrpcService.java:195)
	at org.apache.ratis.server.impl.LeaderElection.lambda$submitRequests$1(LeaderElection.java:237)
	at java.util.concurrent.FutureTask.run(FutureTask.java:266)
	at java.util.concurrent.Executors$RunnableAdapter.call(Executors.java:511)
	at java.util.concurrent.FutureTask.run(FutureTask.java:266)
	at java.util.concurrent.ThreadPoolExecutor.runWorker(ThreadPoolExecutor.java:1149)
	at java.util.concurrent.ThreadPoolExecutor$Worker.run(ThreadPoolExecutor.java:624)
	... 1 more
Caused by: org.apache.ratis.thirdparty.io.netty.channel.AbstractChannel$AnnotatedConnectException: Connection refused: /192.168.5.187:40345
	at sun.nio.ch.SocketChannelImpl.checkConnect(Native Method)
	at sun.nio.ch.SocketChannelImpl.finishConnect(SocketChannelImpl.java:717)
	at org.apache.ratis.thirdparty.io.netty.channel.socket.nio.NioSocketChannel.doFinishConnect(NioSocketChannel.java:327)
	at org.apache.ratis.thirdparty.io.netty.channel.nio.AbstractNioChannel$AbstractNioUnsafe.finishConnect(AbstractNioChannel.java:340)
	at org.apache.ratis.thirdparty.io.netty.channel.nio.NioEventLoop.processSelectedKey(NioEventLoop.java:632)
	at org.apache.ratis.thirdparty.io.netty.channel.nio.NioEventLoop.processSelectedKeysOptimized(NioEventLoop.java:579)
	at org.apache.ratis.thirdparty.io.netty.channel.nio.NioEventLoop.processSelectedKeys(NioEventLoop.java:496)
	at org.apache.ratis.thirdparty.io.netty.channel.nio.NioEventLoop.run(NioEventLoop.java:458)
	at org.apache.ratis.thirdparty.io.netty.util.concurrent.SingleThreadEventExecutor$5.run(SingleThreadEventExecutor.java:897)
	at org.apache.ratis.thirdparty.io.netty.util.concurrent.FastThreadLocalRunnable.run(FastThreadLocalRunnable.java:30)
	... 1 more
Caused by: java.net.ConnectException: Connection refused
	... 11 more
2019-07-13 16:36:02,647 INFO  impl.LeaderElection (LogUtils.java:infoOrTrace(149)) -   Exception 1: {}
java.util.concurrent.ExecutionException: org.apache.ratis.thirdparty.io.grpc.StatusRuntimeException: UNAVAILABLE: io exception
	at java.util.concurrent.FutureTask.report(FutureTask.java:122)
	at java.util.concurrent.FutureTask.get(FutureTask.java:192)
	at org.apache.ratis.server.impl.LeaderElection.waitForResults(LeaderElection.java:262)
	at org.apache.ratis.server.impl.LeaderElection.askForVotes(LeaderElection.java:200)
	at org.apache.ratis.server.impl.LeaderElection.run(LeaderElection.java:130)
	at java.lang.Thread.run(Thread.java:748)
Caused by: org.apache.ratis.thirdparty.io.grpc.StatusRuntimeException: UNAVAILABLE: io exception
	at org.apache.ratis.thirdparty.io.grpc.stub.ClientCalls.toStatusRuntimeException(ClientCalls.java:233)
	at org.apache.ratis.thirdparty.io.grpc.stub.ClientCalls.getUnchecked(ClientCalls.java:214)
	at org.apache.ratis.thirdparty.io.grpc.stub.ClientCalls.blockingUnaryCall(ClientCalls.java:139)
	at org.apache.ratis.proto.grpc.RaftServerProtocolServiceGrpc$RaftServerProtocolServiceBlockingStub.requestVote(RaftServerProtocolServiceGrpc.java:265)
	at org.apache.ratis.grpc.server.GrpcServerProtocolClient.requestVote(GrpcServerProtocolClient.java:83)
	at org.apache.ratis.grpc.server.GrpcService.requestVote(GrpcService.java:195)
	at org.apache.ratis.server.impl.LeaderElection.lambda$submitRequests$1(LeaderElection.java:237)
	at java.util.concurrent.FutureTask.run(FutureTask.java:266)
	at java.util.concurrent.Executors$RunnableAdapter.call(Executors.java:511)
	at java.util.concurrent.FutureTask.run(FutureTask.java:266)
	at java.util.concurrent.ThreadPoolExecutor.runWorker(ThreadPoolExecutor.java:1149)
	at java.util.concurrent.ThreadPoolExecutor$Worker.run(ThreadPoolExecutor.java:624)
	... 1 more
Caused by: org.apache.ratis.thirdparty.io.netty.channel.AbstractChannel$AnnotatedConnectException: Connection refused: /192.168.5.187:40104
	at sun.nio.ch.SocketChannelImpl.checkConnect(Native Method)
	at sun.nio.ch.SocketChannelImpl.finishConnect(SocketChannelImpl.java:717)
	at org.apache.ratis.thirdparty.io.netty.channel.socket.nio.NioSocketChannel.doFinishConnect(NioSocketChannel.java:327)
	at org.apache.ratis.thirdparty.io.netty.channel.nio.AbstractNioChannel$AbstractNioUnsafe.finishConnect(AbstractNioChannel.java:340)
	at org.apache.ratis.thirdparty.io.netty.channel.nio.NioEventLoop.processSelectedKey(NioEventLoop.java:632)
	at org.apache.ratis.thirdparty.io.netty.channel.nio.NioEventLoop.processSelectedKeysOptimized(NioEventLoop.java:579)
	at org.apache.ratis.thirdparty.io.netty.channel.nio.NioEventLoop.processSelectedKeys(NioEventLoop.java:496)
	at org.apache.ratis.thirdparty.io.netty.channel.nio.NioEventLoop.run(NioEventLoop.java:458)
	at org.apache.ratis.thirdparty.io.netty.util.concurrent.SingleThreadEventExecutor$5.run(SingleThreadEventExecutor.java:897)
	at org.apache.ratis.thirdparty.io.netty.util.concurrent.FastThreadLocalRunnable.run(FastThreadLocalRunnable.java:30)
	... 1 more
Caused by: java.net.ConnectException: Connection refused
	... 11 more
2019-07-13 16:36:02,647 INFO  impl.RaftServerImpl (RaftServerImpl.java:setRole(171)) - 8d176e4f-2c0f-4011-b4ab-9c159ff7b365:group-09652ED9C2F7 changes role from CANDIDATE to FOLLOWER at term 2 for DISCOVERED_A_NEW_TERM
2019-07-13 16:36:02,647 INFO  impl.RoleInfo (RoleInfo.java:shutdownLeaderElection(134)) - 8d176e4f-2c0f-4011-b4ab-9c159ff7b365: shutdown LeaderElection
2019-07-13 16:36:02,647 INFO  impl.RoleInfo (RoleInfo.java:updateAndGet(143)) - 8d176e4f-2c0f-4011-b4ab-9c159ff7b365: start FollowerState
2019-07-13 16:36:03,149 INFO  impl.FollowerState (FollowerState.java:run(106)) - 1cd7b9af-ef64-42a5-ae20-92e50e9c0352:group-2388C896E468 changes to CANDIDATE, lastRpcTime:7690, electionTimeout:5123ms
2019-07-13 16:36:03,149 INFO  impl.RoleInfo (RoleInfo.java:shutdownFollowerState(121)) - 1cd7b9af-ef64-42a5-ae20-92e50e9c0352: shutdown FollowerState
2019-07-13 16:36:03,149 INFO  impl.RaftServerImpl (RaftServerImpl.java:setRole(171)) - 1cd7b9af-ef64-42a5-ae20-92e50e9c0352:group-2388C896E468 changes role from FOLLOWER to CANDIDATE at term 1 for changeToCandidate
2019-07-13 16:36:03,149 INFO  impl.RoleInfo (RoleInfo.java:updateAndGet(143)) - 1cd7b9af-ef64-42a5-ae20-92e50e9c0352: start LeaderElection
2019-07-13 16:36:03,151 INFO  impl.RaftServerImpl (ServerState.java:setLeader(263)) - 1cd7b9af-ef64-42a5-ae20-92e50e9c0352:group-2388C896E468 change Leader from e8474009-539d-469d-b3a0-e20c29ccb728 to null at term 1 for initElection
2019-07-13 16:36:03,164 INFO  impl.LeaderElection (LeaderElection.java:askForVotes(181)) - 1cd7b9af-ef64-42a5-ae20-92e50e9c0352:group-2388C896E468:LeaderElection71: begin an election at term 2 for 0: [1cd7b9af-ef64-42a5-ae20-92e50e9c0352:192.168.5.187:34222, 7e17895d-54f0-486b-b768-5d611b8730aa:192.168.5.187:33673, e8474009-539d-469d-b3a0-e20c29ccb728:192.168.5.187:40058], old=null
2019-07-13 16:36:03,167 INFO  impl.LeaderElection (LogUtils.java:infoOrTrace(149)) - 1cd7b9af-ef64-42a5-ae20-92e50e9c0352:group-2388C896E468:LeaderElection71 got exception when requesting votes: {}
java.util.concurrent.ExecutionException: org.apache.ratis.thirdparty.io.grpc.StatusRuntimeException: UNAVAILABLE: io exception
	at java.util.concurrent.FutureTask.report(FutureTask.java:122)
	at java.util.concurrent.FutureTask.get(FutureTask.java:192)
	at org.apache.ratis.server.impl.LeaderElection.waitForResults(LeaderElection.java:262)
	at org.apache.ratis.server.impl.LeaderElection.askForVotes(LeaderElection.java:200)
	at org.apache.ratis.server.impl.LeaderElection.run(LeaderElection.java:130)
	at java.lang.Thread.run(Thread.java:748)
Caused by: org.apache.ratis.thirdparty.io.grpc.StatusRuntimeException: UNAVAILABLE: io exception
	at org.apache.ratis.thirdparty.io.grpc.stub.ClientCalls.toStatusRuntimeException(ClientCalls.java:233)
	at org.apache.ratis.thirdparty.io.grpc.stub.ClientCalls.getUnchecked(ClientCalls.java:214)
	at org.apache.ratis.thirdparty.io.grpc.stub.ClientCalls.blockingUnaryCall(ClientCalls.java:139)
	at org.apache.ratis.proto.grpc.RaftServerProtocolServiceGrpc$RaftServerProtocolServiceBlockingStub.requestVote(RaftServerProtocolServiceGrpc.java:265)
	at org.apache.ratis.grpc.server.GrpcServerProtocolClient.requestVote(GrpcServerProtocolClient.java:83)
	at org.apache.ratis.grpc.server.GrpcService.requestVote(GrpcService.java:195)
	at org.apache.ratis.server.impl.LeaderElection.lambda$submitRequests$1(LeaderElection.java:237)
	at java.util.concurrent.FutureTask.run(FutureTask.java:266)
	at java.util.concurrent.Executors$RunnableAdapter.call(Executors.java:511)
	at java.util.concurrent.FutureTask.run(FutureTask.java:266)
	at java.util.concurrent.ThreadPoolExecutor.runWorker(ThreadPoolExecutor.java:1149)
	at java.util.concurrent.ThreadPoolExecutor$Worker.run(ThreadPoolExecutor.java:624)
	... 1 more
Caused by: org.apache.ratis.thirdparty.io.netty.channel.AbstractChannel$AnnotatedConnectException: Connection refused: /192.168.5.187:33673
	at sun.nio.ch.SocketChannelImpl.checkConnect(Native Method)
	at sun.nio.ch.SocketChannelImpl.finishConnect(SocketChannelImpl.java:717)
	at org.apache.ratis.thirdparty.io.netty.channel.socket.nio.NioSocketChannel.doFinishConnect(NioSocketChannel.java:327)
	at org.apache.ratis.thirdparty.io.netty.channel.nio.AbstractNioChannel$AbstractNioUnsafe.finishConnect(AbstractNioChannel.java:340)
	at org.apache.ratis.thirdparty.io.netty.channel.nio.NioEventLoop.processSelectedKey(NioEventLoop.java:632)
	at org.apache.ratis.thirdparty.io.netty.channel.nio.NioEventLoop.processSelectedKeysOptimized(NioEventLoop.java:579)
	at org.apache.ratis.thirdparty.io.netty.channel.nio.NioEventLoop.processSelectedKeys(NioEventLoop.java:496)
	at org.apache.ratis.thirdparty.io.netty.channel.nio.NioEventLoop.run(NioEventLoop.java:458)
	at org.apache.ratis.thirdparty.io.netty.util.concurrent.SingleThreadEventExecutor$5.run(SingleThreadEventExecutor.java:897)
	at org.apache.ratis.thirdparty.io.netty.util.concurrent.FastThreadLocalRunnable.run(FastThreadLocalRunnable.java:30)
	... 1 more
Caused by: java.net.ConnectException: Connection refused
	... 11 more
2019-07-13 16:36:03,168 INFO  impl.LeaderElection (LogUtils.java:infoOrTrace(149)) - 1cd7b9af-ef64-42a5-ae20-92e50e9c0352:group-2388C896E468:LeaderElection71 got exception when requesting votes: {}
java.util.concurrent.ExecutionException: org.apache.ratis.thirdparty.io.grpc.StatusRuntimeException: UNAVAILABLE: io exception
	at java.util.concurrent.FutureTask.report(FutureTask.java:122)
	at java.util.concurrent.FutureTask.get(FutureTask.java:192)
	at org.apache.ratis.server.impl.LeaderElection.waitForResults(LeaderElection.java:262)
	at org.apache.ratis.server.impl.LeaderElection.askForVotes(LeaderElection.java:200)
	at org.apache.ratis.server.impl.LeaderElection.run(LeaderElection.java:130)
	at java.lang.Thread.run(Thread.java:748)
Caused by: org.apache.ratis.thirdparty.io.grpc.StatusRuntimeException: UNAVAILABLE: io exception
	at org.apache.ratis.thirdparty.io.grpc.stub.ClientCalls.toStatusRuntimeException(ClientCalls.java:233)
	at org.apache.ratis.thirdparty.io.grpc.stub.ClientCalls.getUnchecked(ClientCalls.java:214)
	at org.apache.ratis.thirdparty.io.grpc.stub.ClientCalls.blockingUnaryCall(ClientCalls.java:139)
	at org.apache.ratis.proto.grpc.RaftServerProtocolServiceGrpc$RaftServerProtocolServiceBlockingStub.requestVote(RaftServerProtocolServiceGrpc.java:265)
	at org.apache.ratis.grpc.server.GrpcServerProtocolClient.requestVote(GrpcServerProtocolClient.java:83)
	at org.apache.ratis.grpc.server.GrpcService.requestVote(GrpcService.java:195)
	at org.apache.ratis.server.impl.LeaderElection.lambda$submitRequests$1(LeaderElection.java:237)
	at java.util.concurrent.FutureTask.run(FutureTask.java:266)
	at java.util.concurrent.Executors$RunnableAdapter.call(Executors.java:511)
	at java.util.concurrent.FutureTask.run(FutureTask.java:266)
	at java.util.concurrent.ThreadPoolExecutor.runWorker(ThreadPoolExecutor.java:1149)
	at java.util.concurrent.ThreadPoolExecutor$Worker.run(ThreadPoolExecutor.java:624)
	... 1 more
Caused by: org.apache.ratis.thirdparty.io.netty.channel.AbstractChannel$AnnotatedConnectException: Connection refused: /192.168.5.187:40058
	at sun.nio.ch.SocketChannelImpl.checkConnect(Native Method)
	at sun.nio.ch.SocketChannelImpl.finishConnect(SocketChannelImpl.java:717)
	at org.apache.ratis.thirdparty.io.netty.channel.socket.nio.NioSocketChannel.doFinishConnect(NioSocketChannel.java:327)
	at org.apache.ratis.thirdparty.io.netty.channel.nio.AbstractNioChannel$AbstractNioUnsafe.finishConnect(AbstractNioChannel.java:340)
	at org.apache.ratis.thirdparty.io.netty.channel.nio.NioEventLoop.processSelectedKey(NioEventLoop.java:632)
	at org.apache.ratis.thirdparty.io.netty.channel.nio.NioEventLoop.processSelectedKeysOptimized(NioEventLoop.java:579)
	at org.apache.ratis.thirdparty.io.netty.channel.nio.NioEventLoop.processSelectedKeys(NioEventLoop.java:496)
	at org.apache.ratis.thirdparty.io.netty.channel.nio.NioEventLoop.run(NioEventLoop.java:458)
	at org.apache.ratis.thirdparty.io.netty.util.concurrent.SingleThreadEventExecutor$5.run(SingleThreadEventExecutor.java:897)
	at org.apache.ratis.thirdparty.io.netty.util.concurrent.FastThreadLocalRunnable.run(FastThreadLocalRunnable.java:30)
	... 1 more
Caused by: java.net.ConnectException: Connection refused
	... 11 more
2019-07-13 16:36:03,170 INFO  impl.LeaderElection (LeaderElection.java:logAndReturn(56)) - 1cd7b9af-ef64-42a5-ae20-92e50e9c0352:group-2388C896E468:LeaderElection71: Election REJECTED; received 0 response(s) [] and 2 exception(s); 1cd7b9af-ef64-42a5-ae20-92e50e9c0352:t2, leader=null, voted=1cd7b9af-ef64-42a5-ae20-92e50e9c0352, raftlog=1cd7b9af-ef64-42a5-ae20-92e50e9c0352-SegmentedRaftLog:OPENED:c0,f0,i0, conf=0: [1cd7b9af-ef64-42a5-ae20-92e50e9c0352:192.168.5.187:34222, 7e17895d-54f0-486b-b768-5d611b8730aa:192.168.5.187:33673, e8474009-539d-469d-b3a0-e20c29ccb728:192.168.5.187:40058], old=null
2019-07-13 16:36:03,170 INFO  impl.LeaderElection (LogUtils.java:infoOrTrace(149)) -   Exception 0: {}
java.util.concurrent.ExecutionException: org.apache.ratis.thirdparty.io.grpc.StatusRuntimeException: UNAVAILABLE: io exception
	at java.util.concurrent.FutureTask.report(FutureTask.java:122)
	at java.util.concurrent.FutureTask.get(FutureTask.java:192)
	at org.apache.ratis.server.impl.LeaderElection.waitForResults(LeaderElection.java:262)
	at org.apache.ratis.server.impl.LeaderElection.askForVotes(LeaderElection.java:200)
	at org.apache.ratis.server.impl.LeaderElection.run(LeaderElection.java:130)
	at java.lang.Thread.run(Thread.java:748)
Caused by: org.apache.ratis.thirdparty.io.grpc.StatusRuntimeException: UNAVAILABLE: io exception
	at org.apache.ratis.thirdparty.io.grpc.stub.ClientCalls.toStatusRuntimeException(ClientCalls.java:233)
	at org.apache.ratis.thirdparty.io.grpc.stub.ClientCalls.getUnchecked(ClientCalls.java:214)
	at org.apache.ratis.thirdparty.io.grpc.stub.ClientCalls.blockingUnaryCall(ClientCalls.java:139)
	at org.apache.ratis.proto.grpc.RaftServerProtocolServiceGrpc$RaftServerProtocolServiceBlockingStub.requestVote(RaftServerProtocolServiceGrpc.java:265)
	at org.apache.ratis.grpc.server.GrpcServerProtocolClient.requestVote(GrpcServerProtocolClient.java:83)
	at org.apache.ratis.grpc.server.GrpcService.requestVote(GrpcService.java:195)
	at org.apache.ratis.server.impl.LeaderElection.lambda$submitRequests$1(LeaderElection.java:237)
	at java.util.concurrent.FutureTask.run(FutureTask.java:266)
	at java.util.concurrent.Executors$RunnableAdapter.call(Executors.java:511)
	at java.util.concurrent.FutureTask.run(FutureTask.java:266)
	at java.util.concurrent.ThreadPoolExecutor.runWorker(ThreadPoolExecutor.java:1149)
	at java.util.concurrent.ThreadPoolExecutor$Worker.run(ThreadPoolExecutor.java:624)
	... 1 more
Caused by: org.apache.ratis.thirdparty.io.netty.channel.AbstractChannel$AnnotatedConnectException: Connection refused: /192.168.5.187:33673
	at sun.nio.ch.SocketChannelImpl.checkConnect(Native Method)
	at sun.nio.ch.SocketChannelImpl.finishConnect(SocketChannelImpl.java:717)
	at org.apache.ratis.thirdparty.io.netty.channel.socket.nio.NioSocketChannel.doFinishConnect(NioSocketChannel.java:327)
	at org.apache.ratis.thirdparty.io.netty.channel.nio.AbstractNioChannel$AbstractNioUnsafe.finishConnect(AbstractNioChannel.java:340)
	at org.apache.ratis.thirdparty.io.netty.channel.nio.NioEventLoop.processSelectedKey(NioEventLoop.java:632)
	at org.apache.ratis.thirdparty.io.netty.channel.nio.NioEventLoop.processSelectedKeysOptimized(NioEventLoop.java:579)
	at org.apache.ratis.thirdparty.io.netty.channel.nio.NioEventLoop.processSelectedKeys(NioEventLoop.java:496)
	at org.apache.ratis.thirdparty.io.netty.channel.nio.NioEventLoop.run(NioEventLoop.java:458)
	at org.apache.ratis.thirdparty.io.netty.util.concurrent.SingleThreadEventExecutor$5.run(SingleThreadEventExecutor.java:897)
	at org.apache.ratis.thirdparty.io.netty.util.concurrent.FastThreadLocalRunnable.run(FastThreadLocalRunnable.java:30)
	... 1 more
Caused by: java.net.ConnectException: Connection refused
	... 11 more
2019-07-13 16:36:03,171 INFO  impl.LeaderElection (LogUtils.java:infoOrTrace(149)) -   Exception 1: {}
java.util.concurrent.ExecutionException: org.apache.ratis.thirdparty.io.grpc.StatusRuntimeException: UNAVAILABLE: io exception
	at java.util.concurrent.FutureTask.report(FutureTask.java:122)
	at java.util.concurrent.FutureTask.get(FutureTask.java:192)
	at org.apache.ratis.server.impl.LeaderElection.waitForResults(LeaderElection.java:262)
	at org.apache.ratis.server.impl.LeaderElection.askForVotes(LeaderElection.java:200)
	at org.apache.ratis.server.impl.LeaderElection.run(LeaderElection.java:130)
	at java.lang.Thread.run(Thread.java:748)
Caused by: org.apache.ratis.thirdparty.io.grpc.StatusRuntimeException: UNAVAILABLE: io exception
	at org.apache.ratis.thirdparty.io.grpc.stub.ClientCalls.toStatusRuntimeException(ClientCalls.java:233)
	at org.apache.ratis.thirdparty.io.grpc.stub.ClientCalls.getUnchecked(ClientCalls.java:214)
	at org.apache.ratis.thirdparty.io.grpc.stub.ClientCalls.blockingUnaryCall(ClientCalls.java:139)
	at org.apache.ratis.proto.grpc.RaftServerProtocolServiceGrpc$RaftServerProtocolServiceBlockingStub.requestVote(RaftServerProtocolServiceGrpc.java:265)
	at org.apache.ratis.grpc.server.GrpcServerProtocolClient.requestVote(GrpcServerProtocolClient.java:83)
	at org.apache.ratis.grpc.server.GrpcService.requestVote(GrpcService.java:195)
	at org.apache.ratis.server.impl.LeaderElection.lambda$submitRequests$1(LeaderElection.java:237)
	at java.util.concurrent.FutureTask.run(FutureTask.java:266)
	at java.util.concurrent.Executors$RunnableAdapter.call(Executors.java:511)
	at java.util.concurrent.FutureTask.run(FutureTask.java:266)
	at java.util.concurrent.ThreadPoolExecutor.runWorker(ThreadPoolExecutor.java:1149)
	at java.util.concurrent.ThreadPoolExecutor$Worker.run(ThreadPoolExecutor.java:624)
	... 1 more
Caused by: org.apache.ratis.thirdparty.io.netty.channel.AbstractChannel$AnnotatedConnectException: Connection refused: /192.168.5.187:40058
	at sun.nio.ch.SocketChannelImpl.checkConnect(Native Method)
	at sun.nio.ch.SocketChannelImpl.finishConnect(SocketChannelImpl.java:717)
	at org.apache.ratis.thirdparty.io.netty.channel.socket.nio.NioSocketChannel.doFinishConnect(NioSocketChannel.java:327)
	at org.apache.ratis.thirdparty.io.netty.channel.nio.AbstractNioChannel$AbstractNioUnsafe.finishConnect(AbstractNioChannel.java:340)
	at org.apache.ratis.thirdparty.io.netty.channel.nio.NioEventLoop.processSelectedKey(NioEventLoop.java:632)
	at org.apache.ratis.thirdparty.io.netty.channel.nio.NioEventLoop.processSelectedKeysOptimized(NioEventLoop.java:579)
	at org.apache.ratis.thirdparty.io.netty.channel.nio.NioEventLoop.processSelectedKeys(NioEventLoop.java:496)
	at org.apache.ratis.thirdparty.io.netty.channel.nio.NioEventLoop.run(NioEventLoop.java:458)
	at org.apache.ratis.thirdparty.io.netty.util.concurrent.SingleThreadEventExecutor$5.run(SingleThreadEventExecutor.java:897)
	at org.apache.ratis.thirdparty.io.netty.util.concurrent.FastThreadLocalRunnable.run(FastThreadLocalRunnable.java:30)
	... 1 more
Caused by: java.net.ConnectException: Connection refused
	... 11 more
2019-07-13 16:36:03,171 INFO  impl.RaftServerImpl (RaftServerImpl.java:setRole(171)) - 1cd7b9af-ef64-42a5-ae20-92e50e9c0352:group-2388C896E468 changes role from CANDIDATE to FOLLOWER at term 2 for DISCOVERED_A_NEW_TERM
2019-07-13 16:36:03,171 INFO  impl.RoleInfo (RoleInfo.java:shutdownLeaderElection(134)) - 1cd7b9af-ef64-42a5-ae20-92e50e9c0352: shutdown LeaderElection
2019-07-13 16:36:03,171 INFO  impl.RoleInfo (RoleInfo.java:updateAndGet(143)) - 1cd7b9af-ef64-42a5-ae20-92e50e9c0352: start FollowerState
2019-07-13 16:36:05,060 INFO  node.StaleNodeHandler (StaleNodeHandler.java:onMessage(58)) - Datanode 2c482ecb-d025-408e-a9d0-069b6cd60f7a{ip: 192.168.5.187, host: trunk-nightly-z92hn-1831959607, networkLocation: /default-rack, certSerialId: null} moved to stale state. Finalizing its pipelines [PipelineID=14ae872a-ff79-404f-8575-9e7faef1eb8f]
2019-07-13 16:36:05,060 INFO  pipeline.SCMPipelineManager (SCMPipelineManager.java:finalizeAndDestroyPipeline(309)) - destroying pipeline:Pipeline[ Id: 14ae872a-ff79-404f-8575-9e7faef1eb8f, Nodes: 2c482ecb-d025-408e-a9d0-069b6cd60f7a{ip: 192.168.5.187, host: trunk-nightly-z92hn-1831959607, networkLocation: /default-rack, certSerialId: null}, Type:RATIS, Factor:ONE, State:OPEN]
2019-07-13 16:36:05,061 INFO  pipeline.PipelineStateManager (PipelineStateManager.java:finalizePipeline(123)) - Pipeline Pipeline[ Id: 14ae872a-ff79-404f-8575-9e7faef1eb8f, Nodes: 2c482ecb-d025-408e-a9d0-069b6cd60f7a{ip: 192.168.5.187, host: trunk-nightly-z92hn-1831959607, networkLocation: /default-rack, certSerialId: null}, Type:RATIS, Factor:ONE, State:CLOSED] moved to CLOSED state
2019-07-13 16:36:05,460 INFO  node.StaleNodeHandler (StaleNodeHandler.java:onMessage(58)) - Datanode 8d176e4f-2c0f-4011-b4ab-9c159ff7b365{ip: 192.168.5.187, host: trunk-nightly-z92hn-1831959607, networkLocation: /default-rack, certSerialId: null} moved to stale state. Finalizing its pipelines [PipelineID=dd238063-545d-4fb4-891d-facead079884, PipelineID=a454d92f-843c-423f-91b9-09652ed9c2f7]
2019-07-13 16:36:05,461 INFO  pipeline.SCMPipelineManager (SCMPipelineManager.java:finalizeAndDestroyPipeline(309)) - destroying pipeline:Pipeline[ Id: dd238063-545d-4fb4-891d-facead079884, Nodes: 8d176e4f-2c0f-4011-b4ab-9c159ff7b365{ip: 192.168.5.187, host: trunk-nightly-z92hn-1831959607, networkLocation: /default-rack, certSerialId: null}, Type:RATIS, Factor:ONE, State:OPEN]
2019-07-13 16:36:05,461 INFO  pipeline.PipelineStateManager (PipelineStateManager.java:finalizePipeline(123)) - Pipeline Pipeline[ Id: dd238063-545d-4fb4-891d-facead079884, Nodes: 8d176e4f-2c0f-4011-b4ab-9c159ff7b365{ip: 192.168.5.187, host: trunk-nightly-z92hn-1831959607, networkLocation: /default-rack, certSerialId: null}, Type:RATIS, Factor:ONE, State:CLOSED] moved to CLOSED state
2019-07-13 16:36:05,461 INFO  pipeline.SCMPipelineManager (SCMPipelineManager.java:finalizeAndDestroyPipeline(309)) - destroying pipeline:Pipeline[ Id: a454d92f-843c-423f-91b9-09652ed9c2f7, Nodes: 51aa53b0-526e-4007-8aae-2a4e36760f72{ip: 192.168.5.187, host: trunk-nightly-z92hn-1831959607, networkLocation: /default-rack, certSerialId: null}e76ebeb5-19b0-4107-ac96-bb6964534b89{ip: 192.168.5.187, host: trunk-nightly-z92hn-1831959607, networkLocation: /default-rack, certSerialId: null}8d176e4f-2c0f-4011-b4ab-9c159ff7b365{ip: 192.168.5.187, host: trunk-nightly-z92hn-1831959607, networkLocation: /default-rack, certSerialId: null}, Type:RATIS, Factor:THREE, State:CLOSED]
2019-07-13 16:36:05,715 INFO  ozoneimpl.OzoneContainer (OzoneContainer.java:stop(199)) - Attempting to stop container services.
2019-07-13 16:36:05,716 INFO  impl.RaftServerProxy (RaftServerProxy.java:lambda$close$4(314)) - 8d176e4f-2c0f-4011-b4ab-9c159ff7b365: close
2019-07-13 16:36:05,716 INFO  impl.RaftServerImpl (RaftServerImpl.java:lambda$shutdown$3(245)) - 8d176e4f-2c0f-4011-b4ab-9c159ff7b365: shutdown group-FACEAD079884
2019-07-13 16:36:05,716 INFO  ozoneimpl.OzoneContainer (OzoneContainer.java:stop(199)) - Attempting to stop container services.
2019-07-13 16:36:05,717 INFO  util.JmxRegister (JmxRegister.java:unregister(73)) - Successfully un-registered JMX Bean with object name Ratis:service=RaftServer,group=group-FACEAD079884,id=8d176e4f-2c0f-4011-b4ab-9c159ff7b365
2019-07-13 16:36:05,717 INFO  impl.RaftServerProxy (RaftServerProxy.java:lambda$close$4(314)) - 2c482ecb-d025-408e-a9d0-069b6cd60f7a: close
2019-07-13 16:36:05,717 INFO  impl.RoleInfo (RoleInfo.java:shutdownLeaderState(104)) - 8d176e4f-2c0f-4011-b4ab-9c159ff7b365: shutdown LeaderState
2019-07-13 16:36:05,718 INFO  impl.RaftServerImpl (RaftServerImpl.java:lambda$shutdown$3(245)) - 2c482ecb-d025-408e-a9d0-069b6cd60f7a: shutdown group-9E7FAEF1EB8F
2019-07-13 16:36:05,718 INFO  impl.PendingRequests (PendingRequests.java:sendNotLeaderResponses(202)) - 8d176e4f-2c0f-4011-b4ab-9c159ff7b365-PendingRequests: sendNotLeaderResponses
2019-07-13 16:36:05,718 INFO  util.JmxRegister (JmxRegister.java:unregister(73)) - Successfully un-registered JMX Bean with object name Ratis:service=RaftServer,group=group-9E7FAEF1EB8F,id=2c482ecb-d025-408e-a9d0-069b6cd60f7a
2019-07-13 16:36:05,719 INFO  ratis.ContainerStateMachine (ContainerStateMachine.java:takeSnapshot(246)) - Taking snapshot at termIndex:(t:0, i:~)
2019-07-13 16:36:05,719 INFO  impl.StateMachineUpdater (StateMachineUpdater.java:stopAndJoin(115)) - StateMachineUpdater:8d176e4f-2c0f-4011-b4ab-9c159ff7b365:group-FACEAD079884: set stopIndex = 0
2019-07-13 16:36:05,719 INFO  impl.RoleInfo (RoleInfo.java:shutdownLeaderState(104)) - 2c482ecb-d025-408e-a9d0-069b6cd60f7a: shutdown LeaderState
2019-07-13 16:36:05,720 INFO  impl.RaftServerImpl (ServerState.java:close(394)) - 8d176e4f-2c0f-4011-b4ab-9c159ff7b365:group-FACEAD079884 closes. The last applied log index is 0
2019-07-13 16:36:05,720 INFO  impl.PendingRequests (PendingRequests.java:sendNotLeaderResponses(202)) - 2c482ecb-d025-408e-a9d0-069b6cd60f7a-PendingRequests: sendNotLeaderResponses
2019-07-13 16:36:05,720 INFO  segmented.SegmentedRaftLogWorker (SegmentedRaftLogWorker.java:run(313)) - 8d176e4f-2c0f-4011-b4ab-9c159ff7b365-SegmentedRaftLogWorker:Storage Directory /tmp/workdir/hadoop-ozone/integration-test/target/test-dir/MiniOzoneClusterImpl-7cdf904c-cbcd-4688-ac37-82b6c94e7bff/datanode-0/data/ratis/dd238063-545d-4fb4-891d-facead079884 was interrupted, exiting. There are 0 tasks remaining in the queue.
2019-07-13 16:36:05,721 INFO  impl.StateMachineUpdater (StateMachineUpdater.java:stopAndJoin(115)) - StateMachineUpdater:2c482ecb-d025-408e-a9d0-069b6cd60f7a:group-9E7FAEF1EB8F: set stopIndex = 0
2019-07-13 16:36:05,724 INFO  segmented.SegmentedRaftLogWorker (SegmentedRaftLogWorker.java:close(228)) - 8d176e4f-2c0f-4011-b4ab-9c159ff7b365-SegmentedRaftLogWorker:Storage Directory /tmp/workdir/hadoop-ozone/integration-test/target/test-dir/MiniOzoneClusterImpl-7cdf904c-cbcd-4688-ac37-82b6c94e7bff/datanode-0/data/ratis/dd238063-545d-4fb4-891d-facead079884 close()
2019-07-13 16:36:05,721 INFO  ratis.ContainerStateMachine (ContainerStateMachine.java:takeSnapshot(246)) - Taking snapshot at termIndex:(t:0, i:~)
2019-07-13 16:36:05,726 INFO  impl.RaftServerImpl (RaftServerImpl.java:lambda$shutdown$3(245)) - 8d176e4f-2c0f-4011-b4ab-9c159ff7b365: shutdown group-09652ED9C2F7
2019-07-13 16:36:05,726 INFO  impl.RaftServerImpl (ServerState.java:close(394)) - 2c482ecb-d025-408e-a9d0-069b6cd60f7a:group-9E7FAEF1EB8F closes. The last applied log index is 0
2019-07-13 16:36:05,726 INFO  util.JmxRegister (JmxRegister.java:unregister(73)) - Successfully un-registered JMX Bean with object name Ratis:service=RaftServer,group=group-09652ED9C2F7,id=8d176e4f-2c0f-4011-b4ab-9c159ff7b365
2019-07-13 16:36:05,727 INFO  segmented.SegmentedRaftLogWorker (SegmentedRaftLogWorker.java:run(313)) - 2c482ecb-d025-408e-a9d0-069b6cd60f7a-SegmentedRaftLogWorker:Storage Directory /tmp/workdir/hadoop-ozone/integration-test/target/test-dir/MiniOzoneClusterImpl-7cdf904c-cbcd-4688-ac37-82b6c94e7bff/datanode-6/data/ratis/14ae872a-ff79-404f-8575-9e7faef1eb8f was interrupted, exiting. There are 0 tasks remaining in the queue.
2019-07-13 16:36:05,727 INFO  impl.RoleInfo (RoleInfo.java:shutdownFollowerState(121)) - 8d176e4f-2c0f-4011-b4ab-9c159ff7b365: shutdown FollowerState
2019-07-13 16:36:05,729 INFO  segmented.SegmentedRaftLogWorker (SegmentedRaftLogWorker.java:close(228)) - 2c482ecb-d025-408e-a9d0-069b6cd60f7a-SegmentedRaftLogWorker:Storage Directory /tmp/workdir/hadoop-ozone/integration-test/target/test-dir/MiniOzoneClusterImpl-7cdf904c-cbcd-4688-ac37-82b6c94e7bff/datanode-6/data/ratis/14ae872a-ff79-404f-8575-9e7faef1eb8f close()
2019-07-13 16:36:05,729 INFO  ratis.ContainerStateMachine (ContainerStateMachine.java:takeSnapshot(246)) - Taking snapshot at termIndex:(t:1, i:11)
2019-07-13 16:36:05,731 INFO  ratis.ContainerStateMachine (ContainerStateMachine.java:takeSnapshot(250)) - Taking a snapshot to file /tmp/workdir/hadoop-ozone/integration-test/target/test-dir/MiniOzoneClusterImpl-7cdf904c-cbcd-4688-ac37-82b6c94e7bff/datanode-0/data/ratis/a454d92f-843c-423f-91b9-09652ed9c2f7/sm/snapshot.1_11
2019-07-13 16:36:05,729 INFO  impl.FollowerState (FollowerState.java:run(114)) - 8d176e4f-2c0f-4011-b4ab-9c159ff7b365: FollowerState was interrupted: java.lang.InterruptedException: sleep interrupted
2019-07-13 16:36:05,729 INFO  impl.StateMachineUpdater (StateMachineUpdater.java:stopAndJoin(115)) - StateMachineUpdater:8d176e4f-2c0f-4011-b4ab-9c159ff7b365:group-09652ED9C2F7: set stopIndex = 14
2019-07-13 16:36:05,734 INFO  impl.StateMachineUpdater (StateMachineUpdater.java:takeSnapshot(242)) - StateMachineUpdater:8d176e4f-2c0f-4011-b4ab-9c159ff7b365:group-09652ED9C2F7: Took a snapshot at index 11
2019-07-13 16:36:05,731 INFO  server.GrpcService (GrpcService.java:closeImpl(155)) - 2c482ecb-d025-408e-a9d0-069b6cd60f7a: shutdown server with port 39994 now
2019-07-13 16:36:05,734 INFO  impl.StateMachineUpdater (StateMachineUpdater.java:lambda$new$0(80)) - StateMachineUpdater:8d176e4f-2c0f-4011-b4ab-9c159ff7b365:group-09652ED9C2F7: snapshotIndex: updateIncreasingly -1 -> 11
2019-07-13 16:36:05,736 INFO  server.GrpcService (GrpcService.java:closeImpl(163)) - 2c482ecb-d025-408e-a9d0-069b6cd60f7a: shutdown server with port 39994 successfully
2019-07-13 16:36:05,736 INFO  impl.RaftServerImpl (ServerState.java:close(394)) - 8d176e4f-2c0f-4011-b4ab-9c159ff7b365:group-09652ED9C2F7 closes. The last applied log index is 14
2019-07-13 16:36:05,738 INFO  segmented.SegmentedRaftLogWorker (SegmentedRaftLogWorker.java:run(313)) - 8d176e4f-2c0f-4011-b4ab-9c159ff7b365-SegmentedRaftLogWorker:Storage Directory /tmp/workdir/hadoop-ozone/integration-test/target/test-dir/MiniOzoneClusterImpl-7cdf904c-cbcd-4688-ac37-82b6c94e7bff/datanode-0/data/ratis/a454d92f-843c-423f-91b9-09652ed9c2f7 was interrupted, exiting. There are 0 tasks remaining in the queue.
2019-07-13 16:36:05,738 INFO  utils.BackgroundService (BackgroundService.java:shutdown(148)) - Shutting down service BlockDeletingService
2019-07-13 16:36:05,740 INFO  segmented.SegmentedRaftLogWorker (SegmentedRaftLogWorker.java:close(228)) - 8d176e4f-2c0f-4011-b4ab-9c159ff7b365-SegmentedRaftLogWorker:Storage Directory /tmp/workdir/hadoop-ozone/integration-test/target/test-dir/MiniOzoneClusterImpl-7cdf904c-cbcd-4688-ac37-82b6c94e7bff/datanode-0/data/ratis/a454d92f-843c-423f-91b9-09652ed9c2f7 close()
2019-07-13 16:36:05,743 INFO  server.GrpcService (GrpcService.java:closeImpl(155)) - 8d176e4f-2c0f-4011-b4ab-9c159ff7b365: shutdown server with port 36564 now
2019-07-13 16:36:05,743 INFO  server.GrpcService (GrpcService.java:closeImpl(163)) - 8d176e4f-2c0f-4011-b4ab-9c159ff7b365: shutdown server with port 36564 successfully
2019-07-13 16:36:05,743 WARN  fs.CachingGetSpaceUsed (CachingGetSpaceUsed.java:run(183)) - Thread Interrupted waiting to refresh disk information: sleep interrupted
2019-07-13 16:36:05,745 INFO  utils.BackgroundService (BackgroundService.java:shutdown(148)) - Shutting down service BlockDeletingService
2019-07-13 16:36:05,748 WARN  fs.CachingGetSpaceUsed (CachingGetSpaceUsed.java:run(183)) - Thread Interrupted waiting to refresh disk information: sleep interrupted
2019-07-13 16:36:05,761 INFO  statemachine.DatanodeStateMachine (DatanodeStateMachine.java:stopDaemon(395)) - Ozone container server stopped.
2019-07-13 16:36:05,770 INFO  statemachine.DatanodeStateMachine (DatanodeStateMachine.java:stopDaemon(395)) - Ozone container server stopped.
2019-07-13 16:36:05,781 INFO  handler.ContextHandler (ContextHandler.java:doStop(910)) - Stopped o.e.j.w.WebAppContext@54ebacdc{/,null,UNAVAILABLE}{/hddsDatanode}
2019-07-13 16:36:05,783 INFO  handler.ContextHandler (ContextHandler.java:doStop(910)) - Stopped o.e.j.w.WebAppContext@7b13ae73{/,null,UNAVAILABLE}{/hddsDatanode}
2019-07-13 16:36:05,783 INFO  server.AbstractConnector (AbstractConnector.java:doStop(318)) - Stopped ServerConnector@618c387d{HTTP/1.1,[http/1.1]}{0.0.0.0:0}
2019-07-13 16:36:05,783 INFO  server.AbstractConnector (AbstractConnector.java:doStop(318)) - Stopped ServerConnector@2dbfb843{HTTP/1.1,[http/1.1]}{0.0.0.0:0}
2019-07-13 16:36:05,784 INFO  handler.ContextHandler (ContextHandler.java:doStop(910)) - Stopped o.e.j.s.ServletContextHandler@2b85fc{/static,jar:file:/home/user/.m2/repository/org/apache/hadoop/hadoop-hdds-container-service/0.5.0-SNAPSHOT/hadoop-hdds-container-service-0.5.0-SNAPSHOT.jar!/webapps/static,UNAVAILABLE}
2019-07-13 16:36:05,784 INFO  handler.ContextHandler (ContextHandler.java:doStop(910)) - Stopped o.e.j.s.ServletContextHandler@57be0d93{/static,jar:file:/home/user/.m2/repository/org/apache/hadoop/hadoop-hdds-container-service/0.5.0-SNAPSHOT/hadoop-hdds-container-service-0.5.0-SNAPSHOT.jar!/webapps/static,UNAVAILABLE}
2019-07-13 16:36:05,784 INFO  handler.ContextHandler (ContextHandler.java:doStop(910)) - Stopped o.e.j.s.ServletContextHandler@72b88762{/logs,file:///tmp/workdir/hadoop-ozone/integration-test/target/log,UNAVAILABLE}
2019-07-13 16:36:05,785 INFO  handler.ContextHandler (ContextHandler.java:doStop(910)) - Stopped o.e.j.s.ServletContextHandler@7296675e{/logs,file:///tmp/workdir/hadoop-ozone/integration-test/target/log,UNAVAILABLE}
2019-07-13 16:36:05,785 INFO  datanode.ObjectStoreHandler (ObjectStoreHandler.java:close(155)) - Closing ObjectStoreHandler.
2019-07-13 16:36:05,786 INFO  ozone.HddsDatanodeService (HddsDatanodeService.java:stop(452)) - Stopped plug-in org.apache.hadoop.ozone.web.OzoneHddsDatanodeService@6cf7de4e
2019-07-13 16:36:06,632 INFO  statemachine.DatanodeStateMachine (DatanodeStateMachine.java:lambda$startDaemon$0(350)) - Ozone container server started.
2019-07-13 16:36:08,245 INFO  impl.FollowerState (FollowerState.java:run(106)) - 1cd7b9af-ef64-42a5-ae20-92e50e9c0352:group-2388C896E468 changes to CANDIDATE, lastRpcTime:5073, electionTimeout:5073ms
2019-07-13 16:36:08,245 INFO  impl.RoleInfo (RoleInfo.java:shutdownFollowerState(121)) - 1cd7b9af-ef64-42a5-ae20-92e50e9c0352: shutdown FollowerState
2019-07-13 16:36:08,245 INFO  impl.RaftServerImpl (RaftServerImpl.java:setRole(171)) - 1cd7b9af-ef64-42a5-ae20-92e50e9c0352:group-2388C896E468 changes role from FOLLOWER to CANDIDATE at term 2 for changeToCandidate
2019-07-13 16:36:08,245 INFO  impl.RoleInfo (RoleInfo.java:updateAndGet(143)) - 1cd7b9af-ef64-42a5-ae20-92e50e9c0352: start LeaderElection
2019-07-13 16:36:08,262 INFO  impl.LeaderElection (LeaderElection.java:askForVotes(181)) - 1cd7b9af-ef64-42a5-ae20-92e50e9c0352:group-2388C896E468:LeaderElection72: begin an election at term 3 for 0: [1cd7b9af-ef64-42a5-ae20-92e50e9c0352:192.168.5.187:34222, 7e17895d-54f0-486b-b768-5d611b8730aa:192.168.5.187:33673, e8474009-539d-469d-b3a0-e20c29ccb728:192.168.5.187:40058], old=null
2019-07-13 16:36:08,263 INFO  impl.LeaderElection (LogUtils.java:infoOrTrace(149)) - 1cd7b9af-ef64-42a5-ae20-92e50e9c0352:group-2388C896E468:LeaderElection72 got exception when requesting votes: {}
java.util.concurrent.ExecutionException: org.apache.ratis.thirdparty.io.grpc.StatusRuntimeException: UNAVAILABLE: io exception
	at java.util.concurrent.FutureTask.report(FutureTask.java:122)
	at java.util.concurrent.FutureTask.get(FutureTask.java:192)
	at org.apache.ratis.server.impl.LeaderElection.waitForResults(LeaderElection.java:262)
	at org.apache.ratis.server.impl.LeaderElection.askForVotes(LeaderElection.java:200)
	at org.apache.ratis.server.impl.LeaderElection.run(LeaderElection.java:130)
	at java.lang.Thread.run(Thread.java:748)
Caused by: org.apache.ratis.thirdparty.io.grpc.StatusRuntimeException: UNAVAILABLE: io exception
	at org.apache.ratis.thirdparty.io.grpc.stub.ClientCalls.toStatusRuntimeException(ClientCalls.java:233)
	at org.apache.ratis.thirdparty.io.grpc.stub.ClientCalls.getUnchecked(ClientCalls.java:214)
	at org.apache.ratis.thirdparty.io.grpc.stub.ClientCalls.blockingUnaryCall(ClientCalls.java:139)
	at org.apache.ratis.proto.grpc.RaftServerProtocolServiceGrpc$RaftServerProtocolServiceBlockingStub.requestVote(RaftServerProtocolServiceGrpc.java:265)
	at org.apache.ratis.grpc.server.GrpcServerProtocolClient.requestVote(GrpcServerProtocolClient.java:83)
	at org.apache.ratis.grpc.server.GrpcService.requestVote(GrpcService.java:195)
	at org.apache.ratis.server.impl.LeaderElection.lambda$submitRequests$1(LeaderElection.java:237)
	at java.util.concurrent.FutureTask.run(FutureTask.java:266)
	at java.util.concurrent.Executors$RunnableAdapter.call(Executors.java:511)
	at java.util.concurrent.FutureTask.run(FutureTask.java:266)
	at java.util.concurrent.ThreadPoolExecutor.runWorker(ThreadPoolExecutor.java:1149)
	at java.util.concurrent.ThreadPoolExecutor$Worker.run(ThreadPoolExecutor.java:624)
	... 1 more
Caused by: org.apache.ratis.thirdparty.io.netty.channel.AbstractChannel$AnnotatedConnectException: Connection refused: /192.168.5.187:33673
	at sun.nio.ch.SocketChannelImpl.checkConnect(Native Method)
	at sun.nio.ch.SocketChannelImpl.finishConnect(SocketChannelImpl.java:717)
	at org.apache.ratis.thirdparty.io.netty.channel.socket.nio.NioSocketChannel.doFinishConnect(NioSocketChannel.java:327)
	at org.apache.ratis.thirdparty.io.netty.channel.nio.AbstractNioChannel$AbstractNioUnsafe.finishConnect(AbstractNioChannel.java:340)
	at org.apache.ratis.thirdparty.io.netty.channel.nio.NioEventLoop.processSelectedKey(NioEventLoop.java:632)
	at org.apache.ratis.thirdparty.io.netty.channel.nio.NioEventLoop.processSelectedKeysOptimized(NioEventLoop.java:579)
	at org.apache.ratis.thirdparty.io.netty.channel.nio.NioEventLoop.processSelectedKeys(NioEventLoop.java:496)
	at org.apache.ratis.thirdparty.io.netty.channel.nio.NioEventLoop.run(NioEventLoop.java:458)
	at org.apache.ratis.thirdparty.io.netty.util.concurrent.SingleThreadEventExecutor$5.run(SingleThreadEventExecutor.java:897)
	at org.apache.ratis.thirdparty.io.netty.util.concurrent.FastThreadLocalRunnable.run(FastThreadLocalRunnable.java:30)
	... 1 more
Caused by: java.net.ConnectException: Connection refused
	... 11 more
2019-07-13 16:36:08,265 INFO  impl.LeaderElection (LogUtils.java:infoOrTrace(149)) - 1cd7b9af-ef64-42a5-ae20-92e50e9c0352:group-2388C896E468:LeaderElection72 got exception when requesting votes: {}
java.util.concurrent.ExecutionException: org.apache.ratis.thirdparty.io.grpc.StatusRuntimeException: UNAVAILABLE: io exception
	at java.util.concurrent.FutureTask.report(FutureTask.java:122)
	at java.util.concurrent.FutureTask.get(FutureTask.java:192)
	at org.apache.ratis.server.impl.LeaderElection.waitForResults(LeaderElection.java:262)
	at org.apache.ratis.server.impl.LeaderElection.askForVotes(LeaderElection.java:200)
	at org.apache.ratis.server.impl.LeaderElection.run(LeaderElection.java:130)
	at java.lang.Thread.run(Thread.java:748)
Caused by: org.apache.ratis.thirdparty.io.grpc.StatusRuntimeException: UNAVAILABLE: io exception
	at org.apache.ratis.thirdparty.io.grpc.stub.ClientCalls.toStatusRuntimeException(ClientCalls.java:233)
	at org.apache.ratis.thirdparty.io.grpc.stub.ClientCalls.getUnchecked(ClientCalls.java:214)
	at org.apache.ratis.thirdparty.io.grpc.stub.ClientCalls.blockingUnaryCall(ClientCalls.java:139)
	at org.apache.ratis.proto.grpc.RaftServerProtocolServiceGrpc$RaftServerProtocolServiceBlockingStub.requestVote(RaftServerProtocolServiceGrpc.java:265)
	at org.apache.ratis.grpc.server.GrpcServerProtocolClient.requestVote(GrpcServerProtocolClient.java:83)
	at org.apache.ratis.grpc.server.GrpcService.requestVote(GrpcService.java:195)
	at org.apache.ratis.server.impl.LeaderElection.lambda$submitRequests$1(LeaderElection.java:237)
	at java.util.concurrent.FutureTask.run(FutureTask.java:266)
	at java.util.concurrent.Executors$RunnableAdapter.call(Executors.java:511)
	at java.util.concurrent.FutureTask.run(FutureTask.java:266)
	at java.util.concurrent.ThreadPoolExecutor.runWorker(ThreadPoolExecutor.java:1149)
	at java.util.concurrent.ThreadPoolExecutor$Worker.run(ThreadPoolExecutor.java:624)
	... 1 more
Caused by: org.apache.ratis.thirdparty.io.netty.channel.AbstractChannel$AnnotatedConnectException: Connection refused: /192.168.5.187:40058
	at sun.nio.ch.SocketChannelImpl.checkConnect(Native Method)
	at sun.nio.ch.SocketChannelImpl.finishConnect(SocketChannelImpl.java:717)
	at org.apache.ratis.thirdparty.io.netty.channel.socket.nio.NioSocketChannel.doFinishConnect(NioSocketChannel.java:327)
	at org.apache.ratis.thirdparty.io.netty.channel.nio.AbstractNioChannel$AbstractNioUnsafe.finishConnect(AbstractNioChannel.java:340)
	at org.apache.ratis.thirdparty.io.netty.channel.nio.NioEventLoop.processSelectedKey(NioEventLoop.java:632)
	at org.apache.ratis.thirdparty.io.netty.channel.nio.NioEventLoop.processSelectedKeysOptimized(NioEventLoop.java:579)
	at org.apache.ratis.thirdparty.io.netty.channel.nio.NioEventLoop.processSelectedKeys(NioEventLoop.java:496)
	at org.apache.ratis.thirdparty.io.netty.channel.nio.NioEventLoop.run(NioEventLoop.java:458)
	at org.apache.ratis.thirdparty.io.netty.util.concurrent.SingleThreadEventExecutor$5.run(SingleThreadEventExecutor.java:897)
	at org.apache.ratis.thirdparty.io.netty.util.concurrent.FastThreadLocalRunnable.run(FastThreadLocalRunnable.java:30)
	... 1 more
Caused by: java.net.ConnectException: Connection refused
	... 11 more
2019-07-13 16:36:08,267 INFO  impl.LeaderElection (LeaderElection.java:logAndReturn(56)) - 1cd7b9af-ef64-42a5-ae20-92e50e9c0352:group-2388C896E468:LeaderElection72: Election REJECTED; received 0 response(s) [] and 2 exception(s); 1cd7b9af-ef64-42a5-ae20-92e50e9c0352:t3, leader=null, voted=1cd7b9af-ef64-42a5-ae20-92e50e9c0352, raftlog=1cd7b9af-ef64-42a5-ae20-92e50e9c0352-SegmentedRaftLog:OPENED:c0,f0,i0, conf=0: [1cd7b9af-ef64-42a5-ae20-92e50e9c0352:192.168.5.187:34222, 7e17895d-54f0-486b-b768-5d611b8730aa:192.168.5.187:33673, e8474009-539d-469d-b3a0-e20c29ccb728:192.168.5.187:40058], old=null
2019-07-13 16:36:08,267 INFO  impl.LeaderElection (LogUtils.java:infoOrTrace(149)) -   Exception 0: {}
java.util.concurrent.ExecutionException: org.apache.ratis.thirdparty.io.grpc.StatusRuntimeException: UNAVAILABLE: io exception
	at java.util.concurrent.FutureTask.report(FutureTask.java:122)
	at java.util.concurrent.FutureTask.get(FutureTask.java:192)
	at org.apache.ratis.server.impl.LeaderElection.waitForResults(LeaderElection.java:262)
	at org.apache.ratis.server.impl.LeaderElection.askForVotes(LeaderElection.java:200)
	at org.apache.ratis.server.impl.LeaderElection.run(LeaderElection.java:130)
	at java.lang.Thread.run(Thread.java:748)
Caused by: org.apache.ratis.thirdparty.io.grpc.StatusRuntimeException: UNAVAILABLE: io exception
	at org.apache.ratis.thirdparty.io.grpc.stub.ClientCalls.toStatusRuntimeException(ClientCalls.java:233)
	at org.apache.ratis.thirdparty.io.grpc.stub.ClientCalls.getUnchecked(ClientCalls.java:214)
	at org.apache.ratis.thirdparty.io.grpc.stub.ClientCalls.blockingUnaryCall(ClientCalls.java:139)
	at org.apache.ratis.proto.grpc.RaftServerProtocolServiceGrpc$RaftServerProtocolServiceBlockingStub.requestVote(RaftServerProtocolServiceGrpc.java:265)
	at org.apache.ratis.grpc.server.GrpcServerProtocolClient.requestVote(GrpcServerProtocolClient.java:83)
	at org.apache.ratis.grpc.server.GrpcService.requestVote(GrpcService.java:195)
	at org.apache.ratis.server.impl.LeaderElection.lambda$submitRequests$1(LeaderElection.java:237)
	at java.util.concurrent.FutureTask.run(FutureTask.java:266)
	at java.util.concurrent.Executors$RunnableAdapter.call(Executors.java:511)
	at java.util.concurrent.FutureTask.run(FutureTask.java:266)
	at java.util.concurrent.ThreadPoolExecutor.runWorker(ThreadPoolExecutor.java:1149)
	at java.util.concurrent.ThreadPoolExecutor$Worker.run(ThreadPoolExecutor.java:624)
	... 1 more
Caused by: org.apache.ratis.thirdparty.io.netty.channel.AbstractChannel$AnnotatedConnectException: Connection refused: /192.168.5.187:33673
	at sun.nio.ch.SocketChannelImpl.checkConnect(Native Method)
	at sun.nio.ch.SocketChannelImpl.finishConnect(SocketChannelImpl.java:717)
	at org.apache.ratis.thirdparty.io.netty.channel.socket.nio.NioSocketChannel.doFinishConnect(NioSocketChannel.java:327)
	at org.apache.ratis.thirdparty.io.netty.channel.nio.AbstractNioChannel$AbstractNioUnsafe.finishConnect(AbstractNioChannel.java:340)
	at org.apache.ratis.thirdparty.io.netty.channel.nio.NioEventLoop.processSelectedKey(NioEventLoop.java:632)
	at org.apache.ratis.thirdparty.io.netty.channel.nio.NioEventLoop.processSelectedKeysOptimized(NioEventLoop.java:579)
	at org.apache.ratis.thirdparty.io.netty.channel.nio.NioEventLoop.processSelectedKeys(NioEventLoop.java:496)
	at org.apache.ratis.thirdparty.io.netty.channel.nio.NioEventLoop.run(NioEventLoop.java:458)
	at org.apache.ratis.thirdparty.io.netty.util.concurrent.SingleThreadEventExecutor$5.run(SingleThreadEventExecutor.java:897)
	at org.apache.ratis.thirdparty.io.netty.util.concurrent.FastThreadLocalRunnable.run(FastThreadLocalRunnable.java:30)
	... 1 more
Caused by: java.net.ConnectException: Connection refused
	... 11 more
2019-07-13 16:36:08,267 INFO  impl.LeaderElection (LogUtils.java:infoOrTrace(149)) -   Exception 1: {}
java.util.concurrent.ExecutionException: org.apache.ratis.thirdparty.io.grpc.StatusRuntimeException: UNAVAILABLE: io exception
	at java.util.concurrent.FutureTask.report(FutureTask.java:122)
	at java.util.concurrent.FutureTask.get(FutureTask.java:192)
	at org.apache.ratis.server.impl.LeaderElection.waitForResults(LeaderElection.java:262)
	at org.apache.ratis.server.impl.LeaderElection.askForVotes(LeaderElection.java:200)
	at org.apache.ratis.server.impl.LeaderElection.run(LeaderElection.java:130)
	at java.lang.Thread.run(Thread.java:748)
Caused by: org.apache.ratis.thirdparty.io.grpc.StatusRuntimeException: UNAVAILABLE: io exception
	at org.apache.ratis.thirdparty.io.grpc.stub.ClientCalls.toStatusRuntimeException(ClientCalls.java:233)
	at org.apache.ratis.thirdparty.io.grpc.stub.ClientCalls.getUnchecked(ClientCalls.java:214)
	at org.apache.ratis.thirdparty.io.grpc.stub.ClientCalls.blockingUnaryCall(ClientCalls.java:139)
	at org.apache.ratis.proto.grpc.RaftServerProtocolServiceGrpc$RaftServerProtocolServiceBlockingStub.requestVote(RaftServerProtocolServiceGrpc.java:265)
	at org.apache.ratis.grpc.server.GrpcServerProtocolClient.requestVote(GrpcServerProtocolClient.java:83)
	at org.apache.ratis.grpc.server.GrpcService.requestVote(GrpcService.java:195)
	at org.apache.ratis.server.impl.LeaderElection.lambda$submitRequests$1(LeaderElection.java:237)
	at java.util.concurrent.FutureTask.run(FutureTask.java:266)
	at java.util.concurrent.Executors$RunnableAdapter.call(Executors.java:511)
	at java.util.concurrent.FutureTask.run(FutureTask.java:266)
	at java.util.concurrent.ThreadPoolExecutor.runWorker(ThreadPoolExecutor.java:1149)
	at java.util.concurrent.ThreadPoolExecutor$Worker.run(ThreadPoolExecutor.java:624)
	... 1 more
Caused by: org.apache.ratis.thirdparty.io.netty.channel.AbstractChannel$AnnotatedConnectException: Connection refused: /192.168.5.187:40058
	at sun.nio.ch.SocketChannelImpl.checkConnect(Native Method)
	at sun.nio.ch.SocketChannelImpl.finishConnect(SocketChannelImpl.java:717)
	at org.apache.ratis.thirdparty.io.netty.channel.socket.nio.NioSocketChannel.doFinishConnect(NioSocketChannel.java:327)
	at org.apache.ratis.thirdparty.io.netty.channel.nio.AbstractNioChannel$AbstractNioUnsafe.finishConnect(AbstractNioChannel.java:340)
	at org.apache.ratis.thirdparty.io.netty.channel.nio.NioEventLoop.processSelectedKey(NioEventLoop.java:632)
	at org.apache.ratis.thirdparty.io.netty.channel.nio.NioEventLoop.processSelectedKeysOptimized(NioEventLoop.java:579)
	at org.apache.ratis.thirdparty.io.netty.channel.nio.NioEventLoop.processSelectedKeys(NioEventLoop.java:496)
	at org.apache.ratis.thirdparty.io.netty.channel.nio.NioEventLoop.run(NioEventLoop.java:458)
	at org.apache.ratis.thirdparty.io.netty.util.concurrent.SingleThreadEventExecutor$5.run(SingleThreadEventExecutor.java:897)
	at org.apache.ratis.thirdparty.io.netty.util.concurrent.FastThreadLocalRunnable.run(FastThreadLocalRunnable.java:30)
	... 1 more
Caused by: java.net.ConnectException: Connection refused
	... 11 more
2019-07-13 16:36:08,268 INFO  impl.RaftServerImpl (RaftServerImpl.java:setRole(171)) - 1cd7b9af-ef64-42a5-ae20-92e50e9c0352:group-2388C896E468 changes role from CANDIDATE to FOLLOWER at term 3 for DISCOVERED_A_NEW_TERM
2019-07-13 16:36:08,268 INFO  impl.RoleInfo (RoleInfo.java:shutdownLeaderElection(134)) - 1cd7b9af-ef64-42a5-ae20-92e50e9c0352: shutdown LeaderElection
2019-07-13 16:36:08,268 INFO  impl.RoleInfo (RoleInfo.java:updateAndGet(143)) - 1cd7b9af-ef64-42a5-ae20-92e50e9c0352: start FollowerState
2019-07-13 16:36:10,668 INFO  node.StaleNodeHandler (StaleNodeHandler.java:onMessage(58)) - Datanode 1cd7b9af-ef64-42a5-ae20-92e50e9c0352{ip: 192.168.5.187, host: trunk-nightly-z92hn-1831959607, networkLocation: /default-rack, certSerialId: null} moved to stale state. Finalizing its pipelines [PipelineID=205ac87f-d20c-4928-b184-434ce92cea62, PipelineID=9d2f3b8c-d025-4132-86e9-2388c896e468]
2019-07-13 16:36:10,668 INFO  pipeline.SCMPipelineManager (SCMPipelineManager.java:finalizeAndDestroyPipeline(309)) - destroying pipeline:Pipeline[ Id: 205ac87f-d20c-4928-b184-434ce92cea62, Nodes: 1cd7b9af-ef64-42a5-ae20-92e50e9c0352{ip: 192.168.5.187, host: trunk-nightly-z92hn-1831959607, networkLocation: /default-rack, certSerialId: null}, Type:RATIS, Factor:ONE, State:OPEN]
2019-07-13 16:36:10,669 INFO  pipeline.PipelineStateManager (PipelineStateManager.java:finalizePipeline(123)) - Pipeline Pipeline[ Id: 205ac87f-d20c-4928-b184-434ce92cea62, Nodes: 1cd7b9af-ef64-42a5-ae20-92e50e9c0352{ip: 192.168.5.187, host: trunk-nightly-z92hn-1831959607, networkLocation: /default-rack, certSerialId: null}, Type:RATIS, Factor:ONE, State:CLOSED] moved to CLOSED state
2019-07-13 16:36:10,669 INFO  pipeline.SCMPipelineManager (SCMPipelineManager.java:finalizeAndDestroyPipeline(309)) - destroying pipeline:Pipeline[ Id: 9d2f3b8c-d025-4132-86e9-2388c896e468, Nodes: 1cd7b9af-ef64-42a5-ae20-92e50e9c0352{ip: 192.168.5.187, host: trunk-nightly-z92hn-1831959607, networkLocation: /default-rack, certSerialId: null}7e17895d-54f0-486b-b768-5d611b8730aa{ip: 192.168.5.187, host: trunk-nightly-z92hn-1831959607, networkLocation: /default-rack, certSerialId: null}e8474009-539d-469d-b3a0-e20c29ccb728{ip: 192.168.5.187, host: trunk-nightly-z92hn-1831959607, networkLocation: /default-rack, certSerialId: null}, Type:RATIS, Factor:THREE, State:CLOSED]
2019-07-13 16:36:10,786 INFO  ozoneimpl.OzoneContainer (OzoneContainer.java:stop(199)) - Attempting to stop container services.
2019-07-13 16:36:10,787 INFO  impl.RaftServerProxy (RaftServerProxy.java:lambda$close$4(314)) - 1cd7b9af-ef64-42a5-ae20-92e50e9c0352: close
2019-07-13 16:36:10,788 INFO  impl.RaftServerImpl (RaftServerImpl.java:lambda$shutdown$3(245)) - 1cd7b9af-ef64-42a5-ae20-92e50e9c0352: shutdown group-434CE92CEA62
2019-07-13 16:36:10,788 INFO  impl.RaftServerImpl (RaftServerImpl.java:lambda$shutdown$3(245)) - 1cd7b9af-ef64-42a5-ae20-92e50e9c0352: shutdown group-2388C896E468
2019-07-13 16:36:10,788 INFO  util.JmxRegister (JmxRegister.java:unregister(73)) - Successfully un-registered JMX Bean with object name Ratis:service=RaftServer,group=group-434CE92CEA62,id=1cd7b9af-ef64-42a5-ae20-92e50e9c0352
2019-07-13 16:36:10,789 INFO  impl.RoleInfo (RoleInfo.java:shutdownLeaderState(104)) - 1cd7b9af-ef64-42a5-ae20-92e50e9c0352: shutdown LeaderState
2019-07-13 16:36:10,789 INFO  util.JmxRegister (JmxRegister.java:unregister(73)) - Successfully un-registered JMX Bean with object name Ratis:service=RaftServer,group=group-2388C896E468,id=1cd7b9af-ef64-42a5-ae20-92e50e9c0352
2019-07-13 16:36:10,790 INFO  impl.PendingRequests (PendingRequests.java:sendNotLeaderResponses(202)) - 1cd7b9af-ef64-42a5-ae20-92e50e9c0352-PendingRequests: sendNotLeaderResponses
2019-07-13 16:36:10,790 INFO  impl.RoleInfo (RoleInfo.java:shutdownFollowerState(121)) - 1cd7b9af-ef64-42a5-ae20-92e50e9c0352: shutdown FollowerState
2019-07-13 16:36:10,790 INFO  impl.StateMachineUpdater (StateMachineUpdater.java:stopAndJoin(115)) - StateMachineUpdater:1cd7b9af-ef64-42a5-ae20-92e50e9c0352:group-434CE92CEA62: set stopIndex = 0
2019-07-13 16:36:10,791 INFO  impl.FollowerState (FollowerState.java:run(114)) - 1cd7b9af-ef64-42a5-ae20-92e50e9c0352: FollowerState was interrupted: java.lang.InterruptedException: sleep interrupted
2019-07-13 16:36:10,791 INFO  ratis.ContainerStateMachine (ContainerStateMachine.java:takeSnapshot(246)) - Taking snapshot at termIndex:(t:0, i:~)
2019-07-13 16:36:10,790 INFO  ratis.ContainerStateMachine (ContainerStateMachine.java:takeSnapshot(246)) - Taking snapshot at termIndex:(t:0, i:~)
2019-07-13 16:36:10,790 INFO  impl.StateMachineUpdater (StateMachineUpdater.java:stopAndJoin(115)) - StateMachineUpdater:1cd7b9af-ef64-42a5-ae20-92e50e9c0352:group-2388C896E468: set stopIndex = 0
2019-07-13 16:36:10,793 INFO  impl.RaftServerImpl (ServerState.java:close(394)) - 1cd7b9af-ef64-42a5-ae20-92e50e9c0352:group-434CE92CEA62 closes. The last applied log index is 0
2019-07-13 16:36:10,793 INFO  impl.RaftServerImpl (ServerState.java:close(394)) - 1cd7b9af-ef64-42a5-ae20-92e50e9c0352:group-2388C896E468 closes. The last applied log index is 0
2019-07-13 16:36:10,794 INFO  segmented.SegmentedRaftLogWorker (SegmentedRaftLogWorker.java:run(313)) - 1cd7b9af-ef64-42a5-ae20-92e50e9c0352-SegmentedRaftLogWorker:Storage Directory /tmp/workdir/hadoop-ozone/integration-test/target/test-dir/MiniOzoneClusterImpl-7cdf904c-cbcd-4688-ac37-82b6c94e7bff/datanode-5/data/ratis/205ac87f-d20c-4928-b184-434ce92cea62 was interrupted, exiting. There are 0 tasks remaining in the queue.
2019-07-13 16:36:10,794 INFO  segmented.SegmentedRaftLogWorker (SegmentedRaftLogWorker.java:run(313)) - 1cd7b9af-ef64-42a5-ae20-92e50e9c0352-SegmentedRaftLogWorker:Storage Directory /tmp/workdir/hadoop-ozone/integration-test/target/test-dir/MiniOzoneClusterImpl-7cdf904c-cbcd-4688-ac37-82b6c94e7bff/datanode-5/data/ratis/9d2f3b8c-d025-4132-86e9-2388c896e468 was interrupted, exiting. There are 0 tasks remaining in the queue.
2019-07-13 16:36:10,796 INFO  segmented.SegmentedRaftLogWorker (SegmentedRaftLogWorker.java:close(228)) - 1cd7b9af-ef64-42a5-ae20-92e50e9c0352-SegmentedRaftLogWorker:Storage Directory /tmp/workdir/hadoop-ozone/integration-test/target/test-dir/MiniOzoneClusterImpl-7cdf904c-cbcd-4688-ac37-82b6c94e7bff/datanode-5/data/ratis/205ac87f-d20c-4928-b184-434ce92cea62 close()
2019-07-13 16:36:10,797 INFO  segmented.SegmentedRaftLogWorker (SegmentedRaftLogWorker.java:close(228)) - 1cd7b9af-ef64-42a5-ae20-92e50e9c0352-SegmentedRaftLogWorker:Storage Directory /tmp/workdir/hadoop-ozone/integration-test/target/test-dir/MiniOzoneClusterImpl-7cdf904c-cbcd-4688-ac37-82b6c94e7bff/datanode-5/data/ratis/9d2f3b8c-d025-4132-86e9-2388c896e468 close()
2019-07-13 16:36:10,804 INFO  server.GrpcService (GrpcService.java:closeImpl(155)) - 1cd7b9af-ef64-42a5-ae20-92e50e9c0352: shutdown server with port 34222 now
2019-07-13 16:36:10,805 INFO  server.GrpcService (GrpcService.java:closeImpl(163)) - 1cd7b9af-ef64-42a5-ae20-92e50e9c0352: shutdown server with port 34222 successfully
2019-07-13 16:36:10,806 INFO  utils.BackgroundService (BackgroundService.java:shutdown(148)) - Shutting down service BlockDeletingService
2019-07-13 16:36:10,807 WARN  fs.CachingGetSpaceUsed (CachingGetSpaceUsed.java:run(183)) - Thread Interrupted waiting to refresh disk information: sleep interrupted
2019-07-13 16:36:10,823 INFO  statemachine.DatanodeStateMachine (DatanodeStateMachine.java:stopDaemon(395)) - Ozone container server stopped.
2019-07-13 16:36:10,835 INFO  handler.ContextHandler (ContextHandler.java:doStop(910)) - Stopped o.e.j.w.WebAppContext@139224ab{/,null,UNAVAILABLE}{/hddsDatanode}
2019-07-13 16:36:10,836 INFO  server.AbstractConnector (AbstractConnector.java:doStop(318)) - Stopped ServerConnector@26db7540{HTTP/1.1,[http/1.1]}{0.0.0.0:0}
2019-07-13 16:36:10,836 INFO  handler.ContextHandler (ContextHandler.java:doStop(910)) - Stopped o.e.j.s.ServletContextHandler@1e9d5d79{/static,jar:file:/home/user/.m2/repository/org/apache/hadoop/hadoop-hdds-container-service/0.5.0-SNAPSHOT/hadoop-hdds-container-service-0.5.0-SNAPSHOT.jar!/webapps/static,UNAVAILABLE}
2019-07-13 16:36:10,837 INFO  handler.ContextHandler (ContextHandler.java:doStop(910)) - Stopped o.e.j.s.ServletContextHandler@4eb5cdae{/logs,file:///tmp/workdir/hadoop-ozone/integration-test/target/log,UNAVAILABLE}
2019-07-13 16:36:10,838 INFO  ozone.MiniOzoneClusterImpl (MiniOzoneClusterImpl.java:stop(353)) - Stopping the StorageContainerManager
2019-07-13 16:36:10,838 INFO  server.StorageContainerManager (StorageContainerManager.java:stop(796)) - Stopping Replication Manager Service.
2019-07-13 16:36:10,838 INFO  container.ReplicationManager (ReplicationManager.java:stop(187)) - Stopping Replication Monitor Thread.
2019-07-13 16:36:10,838 INFO  server.StorageContainerManager (StorageContainerManager.java:stop(803)) - Stopping Lease Manager of the command watchers
2019-07-13 16:36:10,838 INFO  server.StorageContainerManager (StorageContainerManager.java:stop(810)) - Stopping datanode service RPC server
2019-07-13 16:36:10,839 INFO  server.SCMDatanodeProtocolServer (SCMDatanodeProtocolServer.java:stop(375)) - Stopping the RPC server for DataNodes
2019-07-13 16:36:10,839 INFO  ipc.Server (Server.java:stop(3082)) - Stopping server on 34560
2019-07-13 16:36:10,841 INFO  ipc.Server (Server.java:run(1185)) - Stopping IPC Server listener on 34560
2019-07-13 16:36:10,844 INFO  ipc.Server (Server.java:run(1319)) - Stopping IPC Server Responder
2019-07-13 16:36:10,868 WARN  node.NodeStateManager (NodeStateManager.java:scheduleNextHealthCheck(631)) - Current Thread is interrupted, shutting down HB processing thread for Node Manager.
2019-07-13 16:36:10,868 INFO  server.StorageContainerManager (StorageContainerManager.java:stop(818)) - Stopping block service RPC server
2019-07-13 16:36:10,869 INFO  server.SCMBlockProtocolServer (SCMBlockProtocolServer.java:stop(148)) - Stopping the RPC server for Block Protocol
2019-07-13 16:36:10,869 INFO  ipc.Server (Server.java:stop(3082)) - Stopping server on 33444
2019-07-13 16:36:10,871 INFO  server.StorageContainerManager (StorageContainerManager.java:stop(825)) - Stopping the StorageContainerLocationProtocol RPC server
2019-07-13 16:36:10,871 INFO  server.SCMClientProtocolServer (SCMClientProtocolServer.java:stop(157)) - Stopping the RPC server for Client Protocol
2019-07-13 16:36:10,872 INFO  ipc.Server (Server.java:run(1319)) - Stopping IPC Server Responder
2019-07-13 16:36:10,872 INFO  ipc.Server (Server.java:stop(3082)) - Stopping server on 35949
2019-07-13 16:36:10,872 INFO  ipc.Server (Server.java:run(1185)) - Stopping IPC Server listener on 33444
2019-07-13 16:36:10,874 INFO  ipc.Server (Server.java:run(1185)) - Stopping IPC Server listener on 35949
2019-07-13 16:36:10,877 INFO  server.StorageContainerManager (StorageContainerManager.java:stop(832)) - Stopping Storage Container Manager HTTP server.
2019-07-13 16:36:10,879 INFO  ipc.Server (Server.java:run(1319)) - Stopping IPC Server Responder
2019-07-13 16:36:10,879 INFO  handler.ContextHandler (ContextHandler.java:doStop(910)) - Stopped o.e.j.w.WebAppContext@3cdafb82{/,null,UNAVAILABLE}{/scm}
2019-07-13 16:36:10,880 INFO  server.AbstractConnector (AbstractConnector.java:doStop(318)) - Stopped ServerConnector@28f663de{HTTP/1.1,[http/1.1]}{0.0.0.0:0}
2019-07-13 16:36:10,880 INFO  handler.ContextHandler (ContextHandler.java:doStop(910)) - Stopped o.e.j.s.ServletContextHandler@443819d5{/static,file:///tmp/workdir/hadoop-ozone/integration-test/target/test-classes/webapps/static,UNAVAILABLE}
2019-07-13 16:36:10,881 INFO  handler.ContextHandler (ContextHandler.java:doStop(910)) - Stopped o.e.j.s.ServletContextHandler@117e9a56{/logs,file:///tmp/workdir/hadoop-ozone/integration-test/target/log,UNAVAILABLE}
2019-07-13 16:36:10,882 INFO  server.StorageContainerManager (StorageContainerManager.java:stop(843)) - Stopping Block Manager Service.
2019-07-13 16:36:10,882 INFO  utils.BackgroundService (BackgroundService.java:shutdown(148)) - Shutting down service SCMBlockDeletingService
2019-07-13 16:36:10,882 INFO  utils.BackgroundService (BackgroundService.java:shutdown(148)) - Shutting down service SCMBlockDeletingService
2019-07-13 16:36:10,883 INFO  server.StorageContainerManager (StorageContainerManager.java:stop(865)) - Stopping SCM Event Queue.
2019-07-13 16:36:10,887 INFO  impl.MetricsSystemImpl (MetricsSystemImpl.java:stop(210)) - Stopping HddsDatanode metrics system...
2019-07-13 16:36:10,895 INFO  impl.MetricsSystemImpl (MetricsSystemImpl.java:stop(216)) - HddsDatanode metrics system stopped.
]]></system-out>
    <system-err><![CDATA[Jul 13, 2019 4:35:37 PM com.sun.jersey.server.impl.application.WebApplicationImpl _initiate
INFO: Initiating Jersey application, version 'Jersey: 1.19 02/11/2015 03:25 AM'
Jul 13, 2019 4:35:37 PM com.sun.jersey.server.impl.application.WebApplicationImpl _initiate
INFO: Initiating Jersey application, version 'Jersey: 1.19 02/11/2015 03:25 AM'
Jul 13, 2019 4:35:37 PM com.sun.jersey.server.impl.application.WebApplicationImpl _initiate
INFO: Initiating Jersey application, version 'Jersey: 1.19 02/11/2015 03:25 AM'
Jul 13, 2019 4:35:38 PM com.sun.jersey.server.impl.application.WebApplicationImpl _initiate
INFO: Initiating Jersey application, version 'Jersey: 1.19 02/11/2015 03:25 AM'
Jul 13, 2019 4:35:38 PM com.sun.jersey.server.impl.application.WebApplicationImpl _initiate
INFO: Initiating Jersey application, version 'Jersey: 1.19 02/11/2015 03:25 AM'
Jul 13, 2019 4:35:38 PM com.sun.jersey.server.impl.application.WebApplicationImpl _initiate
INFO: Initiating Jersey application, version 'Jersey: 1.19 02/11/2015 03:25 AM'
Jul 13, 2019 4:35:38 PM com.sun.jersey.server.impl.application.WebApplicationImpl _initiate
INFO: Initiating Jersey application, version 'Jersey: 1.19 02/11/2015 03:25 AM'
Jul 13, 2019 4:35:41 PM org.apache.ratis.thirdparty.io.grpc.internal.ManagedChannelOrphanWrapper$ManagedChannelReference cleanQueue
SEVERE: *~*~*~ Channel ManagedChannelImpl{logId=2722, target=192.168.5.187:38666} was not shutdown properly!!! ~*~*~*
    Make sure to call shutdown()/shutdownNow() and wait until awaitTermination() returns true.
java.lang.RuntimeException: ManagedChannel allocation site
	at org.apache.ratis.thirdparty.io.grpc.internal.ManagedChannelOrphanWrapper$ManagedChannelReference.<init>(ManagedChannelOrphanWrapper.java:103)
	at org.apache.ratis.thirdparty.io.grpc.internal.ManagedChannelOrphanWrapper.<init>(ManagedChannelOrphanWrapper.java:53)
	at org.apache.ratis.thirdparty.io.grpc.internal.ManagedChannelOrphanWrapper.<init>(ManagedChannelOrphanWrapper.java:44)
	at org.apache.ratis.thirdparty.io.grpc.internal.AbstractManagedChannelImplBuilder.build(AbstractManagedChannelImplBuilder.java:411)
	at org.apache.ratis.grpc.client.GrpcClientProtocolClient.<init>(GrpcClientProtocolClient.java:119)
	at org.apache.ratis.grpc.client.GrpcClientRpc.lambda$new$0(GrpcClientRpc.java:55)
	at org.apache.ratis.util.PeerProxyMap$PeerAndProxy.lambda$getProxy$0(PeerProxyMap.java:61)
	at org.apache.ratis.util.LifeCycle.startAndTransition(LifeCycle.java:202)
	at org.apache.ratis.util.PeerProxyMap$PeerAndProxy.getProxy(PeerProxyMap.java:60)
	at org.apache.ratis.util.PeerProxyMap.getProxy(PeerProxyMap.java:107)
	at org.apache.ratis.grpc.client.GrpcClientRpc.sendRequestAsync(GrpcClientRpc.java:66)
	at org.apache.ratis.client.impl.OrderedAsync.sendRequest(OrderedAsync.java:208)
	at org.apache.ratis.client.impl.OrderedAsync.sendRequestWithRetry(OrderedAsync.java:169)
	at org.apache.ratis.util.SlidingWindow$Client.sendOrDelayRequest(SlidingWindow.java:278)
	at org.apache.ratis.util.SlidingWindow$Client.retry(SlidingWindow.java:294)
	at org.apache.ratis.client.impl.OrderedAsync.lambda$scheduleWithTimeout$7(OrderedAsync.java:195)
	at org.apache.ratis.util.TimeoutScheduler.lambda$onTimeout$0(TimeoutScheduler.java:85)
	at org.apache.ratis.util.TimeoutScheduler.lambda$onTimeout$1(TimeoutScheduler.java:104)
	at org.apache.ratis.util.LogUtils.runAndLog(LogUtils.java:50)
	at org.apache.ratis.util.LogUtils$1.run(LogUtils.java:91)
	at java.util.concurrent.Executors$RunnableAdapter.call(Executors.java:511)
	at java.util.concurrent.FutureTask.run(FutureTask.java:266)
	at java.util.concurrent.ScheduledThreadPoolExecutor$ScheduledFutureTask.access$201(ScheduledThreadPoolExecutor.java:180)
	at java.util.concurrent.ScheduledThreadPoolExecutor$ScheduledFutureTask.run(ScheduledThreadPoolExecutor.java:293)
	at java.util.concurrent.ThreadPoolExecutor.runWorker(ThreadPoolExecutor.java:1149)
	at java.util.concurrent.ThreadPoolExecutor$Worker.run(ThreadPoolExecutor.java:624)
	at java.lang.Thread.run(Thread.java:748)

]]></system-err>
  </testcase>
  <testcase name="testWatchForCommitWithCloseContainerException" classname="org.apache.hadoop.ozone.client.rpc.TestBlockOutputStreamWithFailures" time="39.843">
    <error type="java.lang.IllegalArgumentException">java.lang.IllegalArgumentException
	at com.google.common.base.Preconditions.checkArgument(Preconditions.java:72)
	at org.apache.hadoop.hdds.scm.XceiverClientManager.acquireClient(XceiverClientManager.java:150)
	at org.apache.hadoop.hdds.scm.XceiverClientManager.acquireClientForReadData(XceiverClientManager.java:143)
	at org.apache.hadoop.hdds.scm.storage.BlockInputStream.getChunkInfos(BlockInputStream.java:154)
	at org.apache.hadoop.hdds.scm.storage.BlockInputStream.initialize(BlockInputStream.java:118)
	at org.apache.hadoop.hdds.scm.storage.BlockInputStream.read(BlockInputStream.java:222)
	at org.apache.hadoop.ozone.client.io.KeyInputStream.read(KeyInputStream.java:171)
	at org.apache.hadoop.ozone.client.io.OzoneInputStream.read(OzoneInputStream.java:47)
	at java.io.InputStream.read(InputStream.java:101)
	at org.apache.hadoop.ozone.container.ContainerTestHelper.validateData(ContainerTestHelper.java:709)
	at org.apache.hadoop.ozone.client.rpc.TestBlockOutputStreamWithFailures.validateData(TestBlockOutputStreamWithFailures.java:1212)
	at org.apache.hadoop.ozone.client.rpc.TestBlockOutputStreamWithFailures.testWatchForCommitWithCloseContainerException(TestBlockOutputStreamWithFailures.java:260)
	at sun.reflect.NativeMethodAccessorImpl.invoke0(Native Method)
	at sun.reflect.NativeMethodAccessorImpl.invoke(NativeMethodAccessorImpl.java:62)
	at sun.reflect.DelegatingMethodAccessorImpl.invoke(DelegatingMethodAccessorImpl.java:43)
	at java.lang.reflect.Method.invoke(Method.java:498)
	at org.junit.runners.model.FrameworkMethod$1.runReflectiveCall(FrameworkMethod.java:47)
	at org.junit.internal.runners.model.ReflectiveCallable.run(ReflectiveCallable.java:12)
	at org.junit.runners.model.FrameworkMethod.invokeExplosively(FrameworkMethod.java:44)
	at org.junit.internal.runners.statements.InvokeMethod.evaluate(InvokeMethod.java:17)
	at org.junit.internal.runners.statements.RunBefores.evaluate(RunBefores.java:26)
	at org.junit.internal.runners.statements.RunAfters.evaluate(RunAfters.java:27)
	at org.junit.runners.ParentRunner.runLeaf(ParentRunner.java:271)
	at org.junit.runners.BlockJUnit4ClassRunner.runChild(BlockJUnit4ClassRunner.java:70)
	at org.junit.runners.BlockJUnit4ClassRunner.runChild(BlockJUnit4ClassRunner.java:50)
	at org.junit.runners.ParentRunner$3.run(ParentRunner.java:238)
	at org.junit.runners.ParentRunner$1.schedule(ParentRunner.java:63)
	at org.junit.runners.ParentRunner.runChildren(ParentRunner.java:236)
	at org.junit.runners.ParentRunner.access$000(ParentRunner.java:53)
	at org.junit.runners.ParentRunner$2.evaluate(ParentRunner.java:229)
	at org.junit.runners.ParentRunner.run(ParentRunner.java:309)
	at org.apache.maven.surefire.junit4.JUnit4Provider.execute(JUnit4Provider.java:365)
	at org.apache.maven.surefire.junit4.JUnit4Provider.executeWithRerun(JUnit4Provider.java:273)
	at org.apache.maven.surefire.junit4.JUnit4Provider.executeTestSet(JUnit4Provider.java:238)
	at org.apache.maven.surefire.junit4.JUnit4Provider.invoke(JUnit4Provider.java:159)
	at org.apache.maven.surefire.booter.ForkedBooter.invokeProviderInSameClassLoader(ForkedBooter.java:384)
	at org.apache.maven.surefire.booter.ForkedBooter.runSuitesInProcess(ForkedBooter.java:345)
	at org.apache.maven.surefire.booter.ForkedBooter.execute(ForkedBooter.java:126)
	at org.apache.maven.surefire.booter.ForkedBooter.main(ForkedBooter.java:418)
</error>
    <system-out><![CDATA[2019-07-13 16:36:10,942 WARN  server.ServerUtils (ServerUtils.java:getScmDbDir(145)) - ozone.scm.db.dirs is not configured. We recommend adding this setting. Falling back to ozone.metadata.dirs instead.
2019-07-13 16:36:10,968 WARN  server.ServerUtils (ServerUtils.java:getScmDbDir(145)) - ozone.scm.db.dirs is not configured. We recommend adding this setting. Falling back to ozone.metadata.dirs instead.
2019-07-13 16:36:10,969 WARN  server.ServerUtils (ServerUtils.java:getScmDbDir(145)) - ozone.scm.db.dirs is not configured. We recommend adding this setting. Falling back to ozone.metadata.dirs instead.
2019-07-13 16:36:10,969 INFO  db.DBStoreBuilder (DBStoreBuilder.java:addTable(110)) - using custom profile for table: deletedBlocks
2019-07-13 16:36:10,970 INFO  db.DBStoreBuilder (DBStoreBuilder.java:processTables(161)) - Using default column profile:DBProfile.DISK for Table:deletedBlocks
2019-07-13 16:36:10,970 INFO  db.DBStoreBuilder (DBStoreBuilder.java:addTable(110)) - using custom profile for table: validCerts
2019-07-13 16:36:10,970 INFO  db.DBStoreBuilder (DBStoreBuilder.java:processTables(161)) - Using default column profile:DBProfile.DISK for Table:validCerts
2019-07-13 16:36:10,970 INFO  db.DBStoreBuilder (DBStoreBuilder.java:addTable(110)) - using custom profile for table: revokedCerts
2019-07-13 16:36:10,971 INFO  db.DBStoreBuilder (DBStoreBuilder.java:processTables(161)) - Using default column profile:DBProfile.DISK for Table:revokedCerts
2019-07-13 16:36:10,971 INFO  db.DBStoreBuilder (DBStoreBuilder.java:addTable(110)) - using custom profile for table: default
2019-07-13 16:36:10,971 INFO  db.DBStoreBuilder (DBStoreBuilder.java:processTables(167)) - Using default column profile:DBProfile.DISK for Table:default
2019-07-13 16:36:10,971 INFO  db.DBStoreBuilder (DBStoreBuilder.java:getDbProfile(198)) - Using default options. DBProfile.DISK
2019-07-13 16:36:11,131 INFO  net.NodeSchemaLoader (NodeSchemaLoader.java:loadSchemaFromFile(125)) - Loading file from sun.misc.CompoundEnumeration@63b95a30
2019-07-13 16:36:11,131 INFO  net.NodeSchemaLoader (NodeSchemaLoader.java:loadSchema(171)) - Loading network topology layer schema file
2019-07-13 16:36:11,136 INFO  node.SCMNodeManager (SCMNodeManager.java:<init>(119)) - Entering startup safe mode.
2019-07-13 16:36:11,137 WARN  server.ServerUtils (ServerUtils.java:getScmDbDir(145)) - ozone.scm.db.dirs is not configured. We recommend adding this setting. Falling back to ozone.metadata.dirs instead.
2019-07-13 16:36:11,174 INFO  pipeline.SCMPipelineManager (SCMPipelineManager.java:initializePipelineState(126)) - No pipeline exists in current db
2019-07-13 16:36:11,174 WARN  server.ServerUtils (ServerUtils.java:getScmDbDir(145)) - ozone.scm.db.dirs is not configured. We recommend adding this setting. Falling back to ozone.metadata.dirs instead.
2019-07-13 16:36:11,218 WARN  events.EventQueue (EventQueue.java:fireEvent(175)) - No event handler registered for event TypedEvent{payloadType=SafeModeStatus, name='SafeModeStatus'}
2019-07-13 16:36:11,219 INFO  ipc.CallQueueManager (CallQueueManager.java:<init>(84)) - Using callQueue: class java.util.concurrent.LinkedBlockingQueue, queueCapacity: 2000, scheduler: class org.apache.hadoop.ipc.DefaultRpcScheduler, ipcBackoff: false.
2019-07-13 16:36:11,220 INFO  ipc.Server (Server.java:run(1074)) - Starting Socket Reader #1 for port 40572
2019-07-13 16:36:11,222 INFO  ipc.CallQueueManager (CallQueueManager.java:<init>(84)) - Using callQueue: class java.util.concurrent.LinkedBlockingQueue, queueCapacity: 2000, scheduler: class org.apache.hadoop.ipc.DefaultRpcScheduler, ipcBackoff: false.
2019-07-13 16:36:11,223 INFO  ipc.Server (Server.java:run(1074)) - Starting Socket Reader #1 for port 34061
2019-07-13 16:36:11,224 INFO  ipc.CallQueueManager (CallQueueManager.java:<init>(84)) - Using callQueue: class java.util.concurrent.LinkedBlockingQueue, queueCapacity: 2000, scheduler: class org.apache.hadoop.ipc.DefaultRpcScheduler, ipcBackoff: false.
2019-07-13 16:36:11,225 INFO  ipc.Server (Server.java:run(1074)) - Starting Socket Reader #1 for port 36928
2019-07-13 16:36:11,228 INFO  hdfs.DFSUtil (DFSUtil.java:httpServerTemplateForNNAndJN(1641)) - Starting Web-server for scm at: http://0.0.0.0:0
2019-07-13 16:36:11,231 INFO  server.AuthenticationFilter (AuthenticationFilter.java:constructSecretProvider(240)) - Unable to initialize FileSignerSecretProvider, falling back to use random secrets.
2019-07-13 16:36:11,231 WARN  http.HttpRequestLog (HttpRequestLog.java:getRequestLog(97)) - Jetty request log can only be enabled using Log4j
2019-07-13 16:36:11,233 INFO  http.HttpServer2 (HttpServer2.java:addGlobalFilter(975)) - Added global filter 'safety' (class=org.apache.hadoop.http.HttpServer2$QuotingInputFilter)
2019-07-13 16:36:11,234 INFO  http.HttpServer2 (HttpServer2.java:addFilter(948)) - Added filter static_user_filter (class=org.apache.hadoop.http.lib.StaticUserWebFilter$StaticUserFilter) to context scm
2019-07-13 16:36:11,234 INFO  http.HttpServer2 (HttpServer2.java:addFilter(958)) - Added filter static_user_filter (class=org.apache.hadoop.http.lib.StaticUserWebFilter$StaticUserFilter) to context logs
2019-07-13 16:36:11,234 INFO  http.HttpServer2 (HttpServer2.java:addFilter(958)) - Added filter static_user_filter (class=org.apache.hadoop.http.lib.StaticUserWebFilter$StaticUserFilter) to context static
2019-07-13 16:36:11,237 INFO  server.StorageContainerManager (StorageContainerManager.java:start(759)) - StorageContainerLocationProtocol RPC server is listening at /0.0.0.0:36928
2019-07-13 16:36:11,239 WARN  impl.MetricsConfig (MetricsConfig.java:loadFirst(134)) - Cannot locate configuration: tried hadoop-metrics2-storagecontainermanager.properties,hadoop-metrics2.properties
2019-07-13 16:36:11,240 INFO  impl.MetricsSystemImpl (MetricsSystemImpl.java:startTimer(374)) - Scheduled Metric snapshot period at 10 second(s).
2019-07-13 16:36:11,240 INFO  impl.MetricsSystemImpl (MetricsSystemImpl.java:start(191)) - StorageContainerManager metrics system started
2019-07-13 16:36:11,305 INFO  server.SCMClientProtocolServer (SCMClientProtocolServer.java:start(149)) - RPC server for Client  is listening at /0.0.0.0:36928
2019-07-13 16:36:11,305 INFO  ipc.Server (Server.java:run(1314)) - IPC Server Responder: starting
2019-07-13 16:36:11,306 INFO  ipc.Server (Server.java:run(1153)) - IPC Server listener on 36928: starting
2019-07-13 16:36:11,310 INFO  server.StorageContainerManager (StorageContainerManager.java:start(768)) - ScmBlockLocationProtocol RPC server is listening at /0.0.0.0:34061
2019-07-13 16:36:11,310 INFO  server.SCMBlockProtocolServer (SCMBlockProtocolServer.java:start(140)) - RPC server for Block Protocol is listening at /0.0.0.0:34061
2019-07-13 16:36:11,311 INFO  ipc.Server (Server.java:run(1314)) - IPC Server Responder: starting
2019-07-13 16:36:11,311 INFO  ipc.Server (Server.java:run(1153)) - IPC Server listener on 34061: starting
2019-07-13 16:36:11,315 INFO  server.StorageContainerManager (StorageContainerManager.java:start(772)) - ScmDatanodeProtocl RPC server is listening at /0.0.0.0:40572
2019-07-13 16:36:11,315 INFO  server.SCMDatanodeProtocolServer (SCMDatanodeProtocolServer.java:start(191)) - RPC server for DataNodes is listening at /0.0.0.0:40572
2019-07-13 16:36:11,316 INFO  ipc.Server (Server.java:run(1314)) - IPC Server Responder: starting
2019-07-13 16:36:11,317 INFO  ipc.Server (Server.java:run(1153)) - IPC Server listener on 40572: starting
2019-07-13 16:36:11,321 INFO  http.HttpServer2 (HttpServer2.java:bindListener(1191)) - Jetty bound to port 41895
2019-07-13 16:36:11,321 INFO  server.Server (Server.java:doStart(351)) - jetty-9.3.24.v20180605, build timestamp: 2018-06-05T17:11:56Z, git hash: 84205aa28f11a4f31f2a3b86d1bba2cc8ab69827
2019-07-13 16:36:11,323 INFO  handler.ContextHandler (ContextHandler.java:doStart(781)) - Started o.e.j.s.ServletContextHandler@63604641{/logs,file:///tmp/workdir/hadoop-ozone/integration-test/target/log,AVAILABLE}
2019-07-13 16:36:11,323 INFO  handler.ContextHandler (ContextHandler.java:doStart(781)) - Started o.e.j.s.ServletContextHandler@74bca236{/static,file:///tmp/workdir/hadoop-ozone/integration-test/target/test-classes/webapps/static,AVAILABLE}
2019-07-13 16:36:11,327 INFO  handler.ContextHandler (ContextHandler.java:doStart(781)) - Started o.e.j.w.WebAppContext@6f96d39f{/,file:///tmp/workdir/hadoop-ozone/integration-test/target/test-classes/webapps/scm/,AVAILABLE}{/scm}
2019-07-13 16:36:11,328 INFO  server.AbstractConnector (AbstractConnector.java:doStart(278)) - Started ServerConnector@5f49c09d{HTTP/1.1,[http/1.1]}{0.0.0.0:41895}
2019-07-13 16:36:11,329 INFO  server.Server (Server.java:doStart(419)) - Started @594806ms
2019-07-13 16:36:11,330 INFO  server.BaseHttpServer (BaseHttpServer.java:updateConnectorAddress(207)) - HTTP server of SCM is listening at http://0.0.0.0:41895
2019-07-13 16:36:11,330 WARN  server.ServerUtils (ServerUtils.java:getDBPath(222)) - ozone.om.db.dirs is not configured. We recommend adding this setting. Falling back to ozone.metadata.dirs instead.
2019-07-13 16:36:11,331 INFO  util.JvmPauseMonitor (JvmPauseMonitor.java:run(188)) - Starting JVM pause monitor
2019-07-13 16:36:11,346 WARN  server.ServerUtils (ServerUtils.java:getDBPath(222)) - ozone.om.db.dirs is not configured. We recommend adding this setting. Falling back to ozone.metadata.dirs instead.
2019-07-13 16:36:11,346 INFO  om.OzoneManager (OzoneManager.java:setOMNodeDetails(630)) - OM Service ID is not set. Setting it to the default ID: omServiceIdDefault
2019-07-13 16:36:11,347 INFO  om.OzoneManager (OzoneManager.java:setOMNodeDetails(636)) - OM Node ID is not set. Setting it to the OmStorage's OmID: 78a608db-940a-4047-947f-8f2801ace977
2019-07-13 16:36:11,347 INFO  om.OzoneManager (OzoneManager.java:loadOMHAConfigs(587)) - Found matching OM address with OMServiceId: null, OMNodeId: null, RPC Address: localhost:0 and Ratis port: 9872
2019-07-13 16:36:11,353 WARN  server.ServerUtils (ServerUtils.java:getDBPath(222)) - ozone.om.db.dirs is not configured. We recommend adding this setting. Falling back to ozone.metadata.dirs instead.
2019-07-13 16:36:11,354 INFO  db.DBStoreBuilder (DBStoreBuilder.java:addTable(110)) - using custom profile for table: userTable
2019-07-13 16:36:11,354 INFO  db.DBStoreBuilder (DBStoreBuilder.java:processTables(161)) - Using default column profile:DBProfile.DISK for Table:userTable
2019-07-13 16:36:11,354 INFO  db.DBStoreBuilder (DBStoreBuilder.java:addTable(110)) - using custom profile for table: volumeTable
2019-07-13 16:36:11,354 INFO  db.DBStoreBuilder (DBStoreBuilder.java:processTables(161)) - Using default column profile:DBProfile.DISK for Table:volumeTable
2019-07-13 16:36:11,354 INFO  db.DBStoreBuilder (DBStoreBuilder.java:addTable(110)) - using custom profile for table: bucketTable
2019-07-13 16:36:11,354 INFO  db.DBStoreBuilder (DBStoreBuilder.java:processTables(161)) - Using default column profile:DBProfile.DISK for Table:bucketTable
2019-07-13 16:36:11,355 INFO  db.DBStoreBuilder (DBStoreBuilder.java:addTable(110)) - using custom profile for table: keyTable
2019-07-13 16:36:11,355 INFO  db.DBStoreBuilder (DBStoreBuilder.java:processTables(161)) - Using default column profile:DBProfile.DISK for Table:keyTable
2019-07-13 16:36:11,355 INFO  db.DBStoreBuilder (DBStoreBuilder.java:addTable(110)) - using custom profile for table: deletedTable
2019-07-13 16:36:11,355 INFO  db.DBStoreBuilder (DBStoreBuilder.java:processTables(161)) - Using default column profile:DBProfile.DISK for Table:deletedTable
2019-07-13 16:36:11,355 INFO  db.DBStoreBuilder (DBStoreBuilder.java:addTable(110)) - using custom profile for table: openKeyTable
2019-07-13 16:36:11,356 INFO  db.DBStoreBuilder (DBStoreBuilder.java:processTables(161)) - Using default column profile:DBProfile.DISK for Table:openKeyTable
2019-07-13 16:36:11,356 INFO  db.DBStoreBuilder (DBStoreBuilder.java:addTable(110)) - using custom profile for table: s3Table
2019-07-13 16:36:11,356 INFO  db.DBStoreBuilder (DBStoreBuilder.java:processTables(161)) - Using default column profile:DBProfile.DISK for Table:s3Table
2019-07-13 16:36:11,356 INFO  db.DBStoreBuilder (DBStoreBuilder.java:addTable(110)) - using custom profile for table: multipartInfoTable
2019-07-13 16:36:11,356 INFO  db.DBStoreBuilder (DBStoreBuilder.java:processTables(161)) - Using default column profile:DBProfile.DISK for Table:multipartInfoTable
2019-07-13 16:36:11,357 INFO  db.DBStoreBuilder (DBStoreBuilder.java:addTable(110)) - using custom profile for table: dTokenTable
2019-07-13 16:36:11,357 INFO  db.DBStoreBuilder (DBStoreBuilder.java:processTables(161)) - Using default column profile:DBProfile.DISK for Table:dTokenTable
2019-07-13 16:36:11,357 INFO  db.DBStoreBuilder (DBStoreBuilder.java:addTable(110)) - using custom profile for table: s3SecretTable
2019-07-13 16:36:11,357 INFO  db.DBStoreBuilder (DBStoreBuilder.java:processTables(161)) - Using default column profile:DBProfile.DISK for Table:s3SecretTable
2019-07-13 16:36:11,357 INFO  db.DBStoreBuilder (DBStoreBuilder.java:addTable(110)) - using custom profile for table: prefixTable
2019-07-13 16:36:11,358 INFO  db.DBStoreBuilder (DBStoreBuilder.java:processTables(161)) - Using default column profile:DBProfile.DISK for Table:prefixTable
2019-07-13 16:36:11,358 INFO  db.DBStoreBuilder (DBStoreBuilder.java:addTable(110)) - using custom profile for table: default
2019-07-13 16:36:11,358 INFO  db.DBStoreBuilder (DBStoreBuilder.java:processTables(167)) - Using default column profile:DBProfile.DISK for Table:default
2019-07-13 16:36:11,358 INFO  db.DBStoreBuilder (DBStoreBuilder.java:getDbProfile(198)) - Using default options. DBProfile.DISK
2019-07-13 16:36:11,744 INFO  ipc.CallQueueManager (CallQueueManager.java:<init>(84)) - Using callQueue: class java.util.concurrent.LinkedBlockingQueue, queueCapacity: 2000, scheduler: class org.apache.hadoop.ipc.DefaultRpcScheduler, ipcBackoff: false.
2019-07-13 16:36:11,745 INFO  ipc.Server (Server.java:run(1074)) - Starting Socket Reader #1 for port 44385
2019-07-13 16:36:11,763 WARN  server.ServerUtils (ServerUtils.java:getDBPath(222)) - ozone.om.db.dirs is not configured. We recommend adding this setting. Falling back to ozone.metadata.dirs instead.
2019-07-13 16:36:11,763 INFO  om.OzoneManager (OzoneManager.java:start(1228)) - OzoneManager RPC server is listening at localhost/127.0.0.1:44385
2019-07-13 16:36:11,763 INFO  impl.MetricsSystemImpl (MetricsSystemImpl.java:init(158)) - OzoneManager metrics system started (again)
2019-07-13 16:36:11,764 INFO  ipc.Server (Server.java:run(1314)) - IPC Server Responder: starting
2019-07-13 16:36:11,764 INFO  ipc.Server (Server.java:run(1153)) - IPC Server listener on 44385: starting
2019-07-13 16:36:11,770 INFO  hdfs.DFSUtil (DFSUtil.java:httpServerTemplateForNNAndJN(1641)) - Starting Web-server for ozoneManager at: http://0.0.0.0:0
2019-07-13 16:36:11,772 INFO  server.AuthenticationFilter (AuthenticationFilter.java:constructSecretProvider(240)) - Unable to initialize FileSignerSecretProvider, falling back to use random secrets.
2019-07-13 16:36:11,773 WARN  http.HttpRequestLog (HttpRequestLog.java:getRequestLog(97)) - Jetty request log can only be enabled using Log4j
2019-07-13 16:36:11,775 INFO  http.HttpServer2 (HttpServer2.java:addGlobalFilter(975)) - Added global filter 'safety' (class=org.apache.hadoop.http.HttpServer2$QuotingInputFilter)
2019-07-13 16:36:11,775 INFO  http.HttpServer2 (HttpServer2.java:addFilter(948)) - Added filter static_user_filter (class=org.apache.hadoop.http.lib.StaticUserWebFilter$StaticUserFilter) to context ozoneManager
2019-07-13 16:36:11,776 INFO  http.HttpServer2 (HttpServer2.java:addFilter(958)) - Added filter static_user_filter (class=org.apache.hadoop.http.lib.StaticUserWebFilter$StaticUserFilter) to context static
2019-07-13 16:36:11,776 INFO  http.HttpServer2 (HttpServer2.java:addFilter(958)) - Added filter static_user_filter (class=org.apache.hadoop.http.lib.StaticUserWebFilter$StaticUserFilter) to context logs
2019-07-13 16:36:11,777 INFO  http.HttpServer2 (HttpServer2.java:bindListener(1191)) - Jetty bound to port 39760
2019-07-13 16:36:11,777 INFO  server.Server (Server.java:doStart(351)) - jetty-9.3.24.v20180605, build timestamp: 2018-06-05T17:11:56Z, git hash: 84205aa28f11a4f31f2a3b86d1bba2cc8ab69827
2019-07-13 16:36:11,779 INFO  handler.ContextHandler (ContextHandler.java:doStart(781)) - Started o.e.j.s.ServletContextHandler@21bf94d3{/logs,file:///tmp/workdir/hadoop-ozone/integration-test/target/log,AVAILABLE}
2019-07-13 16:36:11,779 INFO  handler.ContextHandler (ContextHandler.java:doStart(781)) - Started o.e.j.s.ServletContextHandler@7479b19a{/static,file:///tmp/workdir/hadoop-ozone/integration-test/target/test-classes/webapps/static,AVAILABLE}
2019-07-13 16:36:11,784 INFO  handler.ContextHandler (ContextHandler.java:doStart(781)) - Started o.e.j.w.WebAppContext@274f51ad{/,file:///tmp/workdir/hadoop-ozone/integration-test/target/test-classes/webapps/ozoneManager/,AVAILABLE}{/ozoneManager}
2019-07-13 16:36:11,784 INFO  server.AbstractConnector (AbstractConnector.java:doStart(278)) - Started ServerConnector@33c976b1{HTTP/1.1,[http/1.1]}{0.0.0.0:39760}
2019-07-13 16:36:11,786 INFO  server.Server (Server.java:doStart(419)) - Started @595263ms
2019-07-13 16:36:11,786 INFO  server.BaseHttpServer (BaseHttpServer.java:updateConnectorAddress(207)) - HTTP server of OZONEMANAGER is listening at http://0.0.0.0:39760
2019-07-13 16:36:11,802 INFO  impl.MetricsSystemImpl (MetricsSystemImpl.java:init(158)) - HddsDatanode metrics system started (again)
2019-07-13 16:36:11,802 INFO  ozone.HddsDatanodeService (HddsDatanodeService.java:start(185)) - HddsDatanodeService host:trunk-nightly-z92hn-1831959607 ip:192.168.5.187
2019-07-13 16:36:11,814 INFO  volume.HddsVolume (HddsVolume.java:<init>(176)) - Creating Volume: /tmp/workdir/hadoop-ozone/integration-test/target/test-dir/MiniOzoneClusterImpl-8a4f94c6-6d05-4673-8985-c7ce61029340/datanode-0/data/containers/hdds of  storage type : DISK and capacity : 52710309888
2019-07-13 16:36:11,814 INFO  volume.VolumeSet (VolumeSet.java:initializeVolumeSet(170)) - Added Volume : /tmp/workdir/hadoop-ozone/integration-test/target/test-dir/MiniOzoneClusterImpl-8a4f94c6-6d05-4673-8985-c7ce61029340/datanode-0/data/containers/hdds to VolumeSet
2019-07-13 16:36:11,814 INFO  volume.ThrottledAsyncChecker (ThrottledAsyncChecker.java:schedule(140)) - Scheduling a check for org.apache.hadoop.ozone.container.common.volume.HddsVolume@7ddf193a
2019-07-13 16:36:11,815 INFO  volume.HddsVolumeChecker (HddsVolumeChecker.java:checkAllVolumes(203)) - Scheduled health check for volume org.apache.hadoop.ozone.container.common.volume.HddsVolume@7ddf193a
2019-07-13 16:36:11,827 INFO  impl.RaftServerProxy (ConfUtils.java:logGet(43)) - raft.rpc.type = GRPC (default)
2019-07-13 16:36:11,828 INFO  grpc.GrpcFactory (GrpcFactory.java:checkPooledByteBufAllocatorUseCacheForAllThreads(45)) - PERFORMANCE WARNING: useCacheForAllThreads is true that may cause Netty to create a lot garbage objects and, as a result, trigger GC.
	It is recommended to disable useCacheForAllThreads by setting -Dorg.apache.ratis.thirdparty.io.netty.allocator.useCacheForAllThreads=false in command line.
2019-07-13 16:36:11,828 INFO  grpc.GrpcConfigKeys$Server (ConfUtils.java:logGet(43)) - raft.grpc.server.port = 0 (default)
2019-07-13 16:36:11,828 INFO  server.GrpcService (ConfUtils.java:logGet(43)) - raft.grpc.message.size.max = 33570816 (custom)
2019-07-13 16:36:11,828 INFO  server.RaftServerConfigKeys (ConfUtils.java:logGet(43)) - raft.server.log.appender.buffer.byte-limit = 33554432 (custom)
2019-07-13 16:36:11,828 INFO  server.GrpcService (ConfUtils.java:logGet(43)) - raft.grpc.flow.control.window = 1MB (=1048576) (default)
2019-07-13 16:36:11,829 INFO  server.RaftServerConfigKeys (ConfUtils.java:logGet(43)) - raft.server.rpc.request.timeout = 3000ms (default)
2019-07-13 16:36:11,829 INFO  server.RaftServerConfigKeys (ConfUtils.java:logGet(43)) - raft.server.storage.dir = [/tmp/workdir/hadoop-ozone/integration-test/target/test-dir/MiniOzoneClusterImpl-8a4f94c6-6d05-4673-8985-c7ce61029340/datanode-0/data/ratis] (custom)
2019-07-13 16:36:11,829 INFO  replication.SimpleContainerDownloader (SimpleContainerDownloader.java:<init>(72)) - Starting container downloader service to copy containers to replicate.
2019-07-13 16:36:11,832 INFO  hdfs.DFSUtil (DFSUtil.java:httpServerTemplateForNNAndJN(1641)) - Starting Web-server for hddsDatanode at: http://0.0.0.0:0
2019-07-13 16:36:11,833 INFO  server.AuthenticationFilter (AuthenticationFilter.java:constructSecretProvider(240)) - Unable to initialize FileSignerSecretProvider, falling back to use random secrets.
2019-07-13 16:36:11,834 WARN  http.HttpRequestLog (HttpRequestLog.java:getRequestLog(97)) - Jetty request log can only be enabled using Log4j
2019-07-13 16:36:11,835 INFO  http.HttpServer2 (HttpServer2.java:addGlobalFilter(975)) - Added global filter 'safety' (class=org.apache.hadoop.http.HttpServer2$QuotingInputFilter)
2019-07-13 16:36:11,835 INFO  http.HttpServer2 (HttpServer2.java:addFilter(948)) - Added filter static_user_filter (class=org.apache.hadoop.http.lib.StaticUserWebFilter$StaticUserFilter) to context hddsDatanode
2019-07-13 16:36:11,836 INFO  http.HttpServer2 (HttpServer2.java:addFilter(958)) - Added filter static_user_filter (class=org.apache.hadoop.http.lib.StaticUserWebFilter$StaticUserFilter) to context static
2019-07-13 16:36:11,836 INFO  http.HttpServer2 (HttpServer2.java:addFilter(958)) - Added filter static_user_filter (class=org.apache.hadoop.http.lib.StaticUserWebFilter$StaticUserFilter) to context logs
2019-07-13 16:36:11,836 INFO  http.HttpServer2 (HttpServer2.java:bindListener(1191)) - Jetty bound to port 37249
2019-07-13 16:36:11,836 INFO  server.Server (Server.java:doStart(351)) - jetty-9.3.24.v20180605, build timestamp: 2018-06-05T17:11:56Z, git hash: 84205aa28f11a4f31f2a3b86d1bba2cc8ab69827
2019-07-13 16:36:11,838 INFO  handler.ContextHandler (ContextHandler.java:doStart(781)) - Started o.e.j.s.ServletContextHandler@5f5caea5{/logs,file:///tmp/workdir/hadoop-ozone/integration-test/target/log,AVAILABLE}
2019-07-13 16:36:11,839 INFO  handler.ContextHandler (ContextHandler.java:doStart(781)) - Started o.e.j.s.ServletContextHandler@60ee1a29{/static,jar:file:/home/user/.m2/repository/org/apache/hadoop/hadoop-hdds-container-service/0.5.0-SNAPSHOT/hadoop-hdds-container-service-0.5.0-SNAPSHOT.jar!/webapps/static,AVAILABLE}
2019-07-13 16:36:11,880 INFO  handler.ContextHandler (ContextHandler.java:doStart(781)) - Started o.e.j.w.WebAppContext@4f143176{/,file:///tmp/jetty-0.0.0.0-37249-hddsDatanode-_-any-1329166057041453454.dir/webapp/,AVAILABLE}{/hddsDatanode}
2019-07-13 16:36:11,881 INFO  server.AbstractConnector (AbstractConnector.java:doStart(278)) - Started ServerConnector@12568b11{HTTP/1.1,[http/1.1]}{0.0.0.0:37249}
2019-07-13 16:36:11,882 INFO  server.Server (Server.java:doStart(419)) - Started @595359ms
2019-07-13 16:36:11,883 INFO  server.BaseHttpServer (BaseHttpServer.java:updateConnectorAddress(207)) - HTTP server of HDDSDATANODE is listening at http://0.0.0.0:37249
2019-07-13 16:36:12,011 INFO  ozone.HddsDatanodeService (HddsDatanodeService.java:startPlugins(396)) - Started plug-in org.apache.hadoop.ozone.web.OzoneHddsDatanodeService@72a4f3f
2019-07-13 16:36:12,012 INFO  impl.MetricsSystemImpl (MetricsSystemImpl.java:init(158)) - HddsDatanode metrics system started (again)
2019-07-13 16:36:12,012 INFO  ozone.HddsDatanodeService (HddsDatanodeService.java:start(185)) - HddsDatanodeService host:trunk-nightly-z92hn-1831959607 ip:192.168.5.187
2019-07-13 16:36:12,013 INFO  util.JvmPauseMonitor (JvmPauseMonitor.java:run(188)) - Starting JVM pause monitor
2019-07-13 16:36:12,014 INFO  datanode.InitDatanodeState (InitDatanodeState.java:persistContainerDatanodeDetails(140)) - DatanodeDetails is persisted to /tmp/workdir/hadoop-ozone/integration-test/target/test-dir/MiniOzoneClusterImpl-8a4f94c6-6d05-4673-8985-c7ce61029340/datanode-0/meta/datanode.id
2019-07-13 16:36:12,024 INFO  volume.HddsVolume (HddsVolume.java:<init>(176)) - Creating Volume: /tmp/workdir/hadoop-ozone/integration-test/target/test-dir/MiniOzoneClusterImpl-8a4f94c6-6d05-4673-8985-c7ce61029340/datanode-1/data/containers/hdds of  storage type : DISK and capacity : 52710309888
2019-07-13 16:36:12,024 INFO  volume.VolumeSet (VolumeSet.java:initializeVolumeSet(170)) - Added Volume : /tmp/workdir/hadoop-ozone/integration-test/target/test-dir/MiniOzoneClusterImpl-8a4f94c6-6d05-4673-8985-c7ce61029340/datanode-1/data/containers/hdds to VolumeSet
2019-07-13 16:36:12,024 INFO  volume.ThrottledAsyncChecker (ThrottledAsyncChecker.java:schedule(140)) - Scheduling a check for org.apache.hadoop.ozone.container.common.volume.HddsVolume@672c6b93
2019-07-13 16:36:12,025 INFO  volume.HddsVolumeChecker (HddsVolumeChecker.java:checkAllVolumes(203)) - Scheduled health check for volume org.apache.hadoop.ozone.container.common.volume.HddsVolume@672c6b93
2019-07-13 16:36:12,045 INFO  impl.RaftServerProxy (ConfUtils.java:logGet(43)) - raft.rpc.type = GRPC (default)
2019-07-13 16:36:12,045 INFO  grpc.GrpcFactory (GrpcFactory.java:checkPooledByteBufAllocatorUseCacheForAllThreads(45)) - PERFORMANCE WARNING: useCacheForAllThreads is true that may cause Netty to create a lot garbage objects and, as a result, trigger GC.
	It is recommended to disable useCacheForAllThreads by setting -Dorg.apache.ratis.thirdparty.io.netty.allocator.useCacheForAllThreads=false in command line.
2019-07-13 16:36:12,046 INFO  grpc.GrpcConfigKeys$Server (ConfUtils.java:logGet(43)) - raft.grpc.server.port = 0 (default)
2019-07-13 16:36:12,046 INFO  server.GrpcService (ConfUtils.java:logGet(43)) - raft.grpc.message.size.max = 33570816 (custom)
2019-07-13 16:36:12,046 INFO  server.RaftServerConfigKeys (ConfUtils.java:logGet(43)) - raft.server.log.appender.buffer.byte-limit = 33554432 (custom)
2019-07-13 16:36:12,047 INFO  server.GrpcService (ConfUtils.java:logGet(43)) - raft.grpc.flow.control.window = 1MB (=1048576) (default)
2019-07-13 16:36:12,047 INFO  server.RaftServerConfigKeys (ConfUtils.java:logGet(43)) - raft.server.rpc.request.timeout = 3000ms (default)
2019-07-13 16:36:12,048 INFO  server.RaftServerConfigKeys (ConfUtils.java:logGet(43)) - raft.server.storage.dir = [/tmp/workdir/hadoop-ozone/integration-test/target/test-dir/MiniOzoneClusterImpl-8a4f94c6-6d05-4673-8985-c7ce61029340/datanode-1/data/ratis] (custom)
2019-07-13 16:36:12,048 INFO  replication.SimpleContainerDownloader (SimpleContainerDownloader.java:<init>(72)) - Starting container downloader service to copy containers to replicate.
2019-07-13 16:36:12,050 INFO  hdfs.DFSUtil (DFSUtil.java:httpServerTemplateForNNAndJN(1641)) - Starting Web-server for hddsDatanode at: http://0.0.0.0:0
2019-07-13 16:36:12,051 INFO  server.AuthenticationFilter (AuthenticationFilter.java:constructSecretProvider(240)) - Unable to initialize FileSignerSecretProvider, falling back to use random secrets.
2019-07-13 16:36:12,052 WARN  http.HttpRequestLog (HttpRequestLog.java:getRequestLog(97)) - Jetty request log can only be enabled using Log4j
2019-07-13 16:36:12,054 INFO  http.HttpServer2 (HttpServer2.java:addGlobalFilter(975)) - Added global filter 'safety' (class=org.apache.hadoop.http.HttpServer2$QuotingInputFilter)
2019-07-13 16:36:12,055 INFO  http.HttpServer2 (HttpServer2.java:addFilter(948)) - Added filter static_user_filter (class=org.apache.hadoop.http.lib.StaticUserWebFilter$StaticUserFilter) to context hddsDatanode
2019-07-13 16:36:12,055 INFO  http.HttpServer2 (HttpServer2.java:addFilter(958)) - Added filter static_user_filter (class=org.apache.hadoop.http.lib.StaticUserWebFilter$StaticUserFilter) to context logs
2019-07-13 16:36:12,055 INFO  http.HttpServer2 (HttpServer2.java:addFilter(958)) - Added filter static_user_filter (class=org.apache.hadoop.http.lib.StaticUserWebFilter$StaticUserFilter) to context static
2019-07-13 16:36:12,056 INFO  http.HttpServer2 (HttpServer2.java:bindListener(1191)) - Jetty bound to port 43970
2019-07-13 16:36:12,056 INFO  server.Server (Server.java:doStart(351)) - jetty-9.3.24.v20180605, build timestamp: 2018-06-05T17:11:56Z, git hash: 84205aa28f11a4f31f2a3b86d1bba2cc8ab69827
2019-07-13 16:36:12,058 INFO  handler.ContextHandler (ContextHandler.java:doStart(781)) - Started o.e.j.s.ServletContextHandler@32bff23d{/logs,file:///tmp/workdir/hadoop-ozone/integration-test/target/log,AVAILABLE}
2019-07-13 16:36:12,058 INFO  handler.ContextHandler (ContextHandler.java:doStart(781)) - Started o.e.j.s.ServletContextHandler@23f4aaeb{/static,jar:file:/home/user/.m2/repository/org/apache/hadoop/hadoop-hdds-container-service/0.5.0-SNAPSHOT/hadoop-hdds-container-service-0.5.0-SNAPSHOT.jar!/webapps/static,AVAILABLE}
2019-07-13 16:36:12,093 INFO  handler.ContextHandler (ContextHandler.java:doStart(781)) - Started o.e.j.w.WebAppContext@26c6be2d{/,file:///tmp/jetty-0.0.0.0-43970-hddsDatanode-_-any-8540895275786332279.dir/webapp/,AVAILABLE}{/hddsDatanode}
2019-07-13 16:36:12,094 INFO  server.AbstractConnector (AbstractConnector.java:doStart(278)) - Started ServerConnector@796affb8{HTTP/1.1,[http/1.1]}{0.0.0.0:43970}
2019-07-13 16:36:12,095 INFO  server.Server (Server.java:doStart(419)) - Started @595573ms
2019-07-13 16:36:12,096 INFO  server.BaseHttpServer (BaseHttpServer.java:updateConnectorAddress(207)) - HTTP server of HDDSDATANODE is listening at http://0.0.0.0:43970
2019-07-13 16:36:12,198 INFO  ozone.HddsDatanodeService (HddsDatanodeService.java:startPlugins(396)) - Started plug-in org.apache.hadoop.ozone.web.OzoneHddsDatanodeService@30628ef9
2019-07-13 16:36:12,198 INFO  impl.MetricsSystemImpl (MetricsSystemImpl.java:init(158)) - HddsDatanode metrics system started (again)
2019-07-13 16:36:12,199 INFO  ozone.HddsDatanodeService (HddsDatanodeService.java:start(185)) - HddsDatanodeService host:trunk-nightly-z92hn-1831959607 ip:192.168.5.187
2019-07-13 16:36:12,200 INFO  util.JvmPauseMonitor (JvmPauseMonitor.java:run(188)) - Starting JVM pause monitor
2019-07-13 16:36:12,201 INFO  datanode.InitDatanodeState (InitDatanodeState.java:persistContainerDatanodeDetails(140)) - DatanodeDetails is persisted to /tmp/workdir/hadoop-ozone/integration-test/target/test-dir/MiniOzoneClusterImpl-8a4f94c6-6d05-4673-8985-c7ce61029340/datanode-1/meta/datanode.id
2019-07-13 16:36:12,212 INFO  volume.HddsVolume (HddsVolume.java:<init>(176)) - Creating Volume: /tmp/workdir/hadoop-ozone/integration-test/target/test-dir/MiniOzoneClusterImpl-8a4f94c6-6d05-4673-8985-c7ce61029340/datanode-2/data/containers/hdds of  storage type : DISK and capacity : 52710309888
2019-07-13 16:36:12,212 INFO  volume.VolumeSet (VolumeSet.java:initializeVolumeSet(170)) - Added Volume : /tmp/workdir/hadoop-ozone/integration-test/target/test-dir/MiniOzoneClusterImpl-8a4f94c6-6d05-4673-8985-c7ce61029340/datanode-2/data/containers/hdds to VolumeSet
2019-07-13 16:36:12,212 INFO  volume.ThrottledAsyncChecker (ThrottledAsyncChecker.java:schedule(140)) - Scheduling a check for org.apache.hadoop.ozone.container.common.volume.HddsVolume@2523730b
2019-07-13 16:36:12,213 INFO  volume.HddsVolumeChecker (HddsVolumeChecker.java:checkAllVolumes(203)) - Scheduled health check for volume org.apache.hadoop.ozone.container.common.volume.HddsVolume@2523730b
2019-07-13 16:36:12,226 INFO  impl.RaftServerProxy (ConfUtils.java:logGet(43)) - raft.rpc.type = GRPC (default)
2019-07-13 16:36:12,226 INFO  grpc.GrpcFactory (GrpcFactory.java:checkPooledByteBufAllocatorUseCacheForAllThreads(45)) - PERFORMANCE WARNING: useCacheForAllThreads is true that may cause Netty to create a lot garbage objects and, as a result, trigger GC.
	It is recommended to disable useCacheForAllThreads by setting -Dorg.apache.ratis.thirdparty.io.netty.allocator.useCacheForAllThreads=false in command line.
2019-07-13 16:36:12,226 INFO  grpc.GrpcConfigKeys$Server (ConfUtils.java:logGet(43)) - raft.grpc.server.port = 0 (default)
2019-07-13 16:36:12,226 INFO  server.GrpcService (ConfUtils.java:logGet(43)) - raft.grpc.message.size.max = 33570816 (custom)
2019-07-13 16:36:12,226 INFO  server.RaftServerConfigKeys (ConfUtils.java:logGet(43)) - raft.server.log.appender.buffer.byte-limit = 33554432 (custom)
2019-07-13 16:36:12,227 INFO  server.GrpcService (ConfUtils.java:logGet(43)) - raft.grpc.flow.control.window = 1MB (=1048576) (default)
2019-07-13 16:36:12,227 INFO  server.RaftServerConfigKeys (ConfUtils.java:logGet(43)) - raft.server.rpc.request.timeout = 3000ms (default)
2019-07-13 16:36:12,227 INFO  server.RaftServerConfigKeys (ConfUtils.java:logGet(43)) - raft.server.storage.dir = [/tmp/workdir/hadoop-ozone/integration-test/target/test-dir/MiniOzoneClusterImpl-8a4f94c6-6d05-4673-8985-c7ce61029340/datanode-2/data/ratis] (custom)
2019-07-13 16:36:12,227 INFO  replication.SimpleContainerDownloader (SimpleContainerDownloader.java:<init>(72)) - Starting container downloader service to copy containers to replicate.
2019-07-13 16:36:12,229 INFO  hdfs.DFSUtil (DFSUtil.java:httpServerTemplateForNNAndJN(1641)) - Starting Web-server for hddsDatanode at: http://0.0.0.0:0
2019-07-13 16:36:12,230 INFO  server.AuthenticationFilter (AuthenticationFilter.java:constructSecretProvider(240)) - Unable to initialize FileSignerSecretProvider, falling back to use random secrets.
2019-07-13 16:36:12,230 WARN  http.HttpRequestLog (HttpRequestLog.java:getRequestLog(97)) - Jetty request log can only be enabled using Log4j
2019-07-13 16:36:12,231 INFO  http.HttpServer2 (HttpServer2.java:addGlobalFilter(975)) - Added global filter 'safety' (class=org.apache.hadoop.http.HttpServer2$QuotingInputFilter)
2019-07-13 16:36:12,231 INFO  http.HttpServer2 (HttpServer2.java:addFilter(948)) - Added filter static_user_filter (class=org.apache.hadoop.http.lib.StaticUserWebFilter$StaticUserFilter) to context hddsDatanode
2019-07-13 16:36:12,231 INFO  http.HttpServer2 (HttpServer2.java:addFilter(958)) - Added filter static_user_filter (class=org.apache.hadoop.http.lib.StaticUserWebFilter$StaticUserFilter) to context logs
2019-07-13 16:36:12,232 INFO  http.HttpServer2 (HttpServer2.java:addFilter(958)) - Added filter static_user_filter (class=org.apache.hadoop.http.lib.StaticUserWebFilter$StaticUserFilter) to context static
2019-07-13 16:36:12,232 INFO  http.HttpServer2 (HttpServer2.java:bindListener(1191)) - Jetty bound to port 38801
2019-07-13 16:36:12,232 INFO  server.Server (Server.java:doStart(351)) - jetty-9.3.24.v20180605, build timestamp: 2018-06-05T17:11:56Z, git hash: 84205aa28f11a4f31f2a3b86d1bba2cc8ab69827
2019-07-13 16:36:12,234 INFO  handler.ContextHandler (ContextHandler.java:doStart(781)) - Started o.e.j.s.ServletContextHandler@2f24e1f3{/logs,file:///tmp/workdir/hadoop-ozone/integration-test/target/log,AVAILABLE}
2019-07-13 16:36:12,234 INFO  handler.ContextHandler (ContextHandler.java:doStart(781)) - Started o.e.j.s.ServletContextHandler@36aacc46{/static,jar:file:/home/user/.m2/repository/org/apache/hadoop/hadoop-hdds-container-service/0.5.0-SNAPSHOT/hadoop-hdds-container-service-0.5.0-SNAPSHOT.jar!/webapps/static,AVAILABLE}
2019-07-13 16:36:12,260 INFO  handler.ContextHandler (ContextHandler.java:doStart(781)) - Started o.e.j.w.WebAppContext@5920c4ed{/,file:///tmp/jetty-0.0.0.0-38801-hddsDatanode-_-any-160267500524249894.dir/webapp/,AVAILABLE}{/hddsDatanode}
2019-07-13 16:36:12,260 INFO  server.AbstractConnector (AbstractConnector.java:doStart(278)) - Started ServerConnector@5a1c0bcc{HTTP/1.1,[http/1.1]}{0.0.0.0:38801}
2019-07-13 16:36:12,260 INFO  server.Server (Server.java:doStart(419)) - Started @595737ms
2019-07-13 16:36:12,262 INFO  server.BaseHttpServer (BaseHttpServer.java:updateConnectorAddress(207)) - HTTP server of HDDSDATANODE is listening at http://0.0.0.0:38801
2019-07-13 16:36:12,393 INFO  ozone.HddsDatanodeService (HddsDatanodeService.java:startPlugins(396)) - Started plug-in org.apache.hadoop.ozone.web.OzoneHddsDatanodeService@1a288163
2019-07-13 16:36:12,393 INFO  impl.MetricsSystemImpl (MetricsSystemImpl.java:init(158)) - HddsDatanode metrics system started (again)
2019-07-13 16:36:12,394 INFO  ozone.HddsDatanodeService (HddsDatanodeService.java:start(185)) - HddsDatanodeService host:trunk-nightly-z92hn-1831959607 ip:192.168.5.187
2019-07-13 16:36:12,395 INFO  util.JvmPauseMonitor (JvmPauseMonitor.java:run(188)) - Starting JVM pause monitor
2019-07-13 16:36:12,396 INFO  datanode.InitDatanodeState (InitDatanodeState.java:persistContainerDatanodeDetails(140)) - DatanodeDetails is persisted to /tmp/workdir/hadoop-ozone/integration-test/target/test-dir/MiniOzoneClusterImpl-8a4f94c6-6d05-4673-8985-c7ce61029340/datanode-2/meta/datanode.id
2019-07-13 16:36:12,407 INFO  volume.HddsVolume (HddsVolume.java:<init>(176)) - Creating Volume: /tmp/workdir/hadoop-ozone/integration-test/target/test-dir/MiniOzoneClusterImpl-8a4f94c6-6d05-4673-8985-c7ce61029340/datanode-3/data/containers/hdds of  storage type : DISK and capacity : 52710309888
2019-07-13 16:36:12,407 INFO  volume.VolumeSet (VolumeSet.java:initializeVolumeSet(170)) - Added Volume : /tmp/workdir/hadoop-ozone/integration-test/target/test-dir/MiniOzoneClusterImpl-8a4f94c6-6d05-4673-8985-c7ce61029340/datanode-3/data/containers/hdds to VolumeSet
2019-07-13 16:36:12,407 INFO  volume.ThrottledAsyncChecker (ThrottledAsyncChecker.java:schedule(140)) - Scheduling a check for org.apache.hadoop.ozone.container.common.volume.HddsVolume@78b906d
2019-07-13 16:36:12,408 INFO  volume.HddsVolumeChecker (HddsVolumeChecker.java:checkAllVolumes(203)) - Scheduled health check for volume org.apache.hadoop.ozone.container.common.volume.HddsVolume@78b906d
2019-07-13 16:36:12,424 INFO  impl.RaftServerProxy (ConfUtils.java:logGet(43)) - raft.rpc.type = GRPC (default)
2019-07-13 16:36:12,424 INFO  grpc.GrpcFactory (GrpcFactory.java:checkPooledByteBufAllocatorUseCacheForAllThreads(45)) - PERFORMANCE WARNING: useCacheForAllThreads is true that may cause Netty to create a lot garbage objects and, as a result, trigger GC.
	It is recommended to disable useCacheForAllThreads by setting -Dorg.apache.ratis.thirdparty.io.netty.allocator.useCacheForAllThreads=false in command line.
2019-07-13 16:36:12,425 INFO  grpc.GrpcConfigKeys$Server (ConfUtils.java:logGet(43)) - raft.grpc.server.port = 0 (default)
2019-07-13 16:36:12,425 INFO  server.GrpcService (ConfUtils.java:logGet(43)) - raft.grpc.message.size.max = 33570816 (custom)
2019-07-13 16:36:12,425 INFO  server.RaftServerConfigKeys (ConfUtils.java:logGet(43)) - raft.server.log.appender.buffer.byte-limit = 33554432 (custom)
2019-07-13 16:36:12,425 INFO  server.GrpcService (ConfUtils.java:logGet(43)) - raft.grpc.flow.control.window = 1MB (=1048576) (default)
2019-07-13 16:36:12,426 INFO  server.RaftServerConfigKeys (ConfUtils.java:logGet(43)) - raft.server.rpc.request.timeout = 3000ms (default)
2019-07-13 16:36:12,426 INFO  server.RaftServerConfigKeys (ConfUtils.java:logGet(43)) - raft.server.storage.dir = [/tmp/workdir/hadoop-ozone/integration-test/target/test-dir/MiniOzoneClusterImpl-8a4f94c6-6d05-4673-8985-c7ce61029340/datanode-3/data/ratis] (custom)
2019-07-13 16:36:12,427 INFO  replication.SimpleContainerDownloader (SimpleContainerDownloader.java:<init>(72)) - Starting container downloader service to copy containers to replicate.
2019-07-13 16:36:12,428 INFO  hdfs.DFSUtil (DFSUtil.java:httpServerTemplateForNNAndJN(1641)) - Starting Web-server for hddsDatanode at: http://0.0.0.0:0
2019-07-13 16:36:12,430 INFO  server.AuthenticationFilter (AuthenticationFilter.java:constructSecretProvider(240)) - Unable to initialize FileSignerSecretProvider, falling back to use random secrets.
2019-07-13 16:36:12,430 WARN  http.HttpRequestLog (HttpRequestLog.java:getRequestLog(97)) - Jetty request log can only be enabled using Log4j
2019-07-13 16:36:12,432 INFO  http.HttpServer2 (HttpServer2.java:addGlobalFilter(975)) - Added global filter 'safety' (class=org.apache.hadoop.http.HttpServer2$QuotingInputFilter)
2019-07-13 16:36:12,433 INFO  http.HttpServer2 (HttpServer2.java:addFilter(948)) - Added filter static_user_filter (class=org.apache.hadoop.http.lib.StaticUserWebFilter$StaticUserFilter) to context hddsDatanode
2019-07-13 16:36:12,433 INFO  http.HttpServer2 (HttpServer2.java:addFilter(958)) - Added filter static_user_filter (class=org.apache.hadoop.http.lib.StaticUserWebFilter$StaticUserFilter) to context logs
2019-07-13 16:36:12,433 INFO  http.HttpServer2 (HttpServer2.java:addFilter(958)) - Added filter static_user_filter (class=org.apache.hadoop.http.lib.StaticUserWebFilter$StaticUserFilter) to context static
2019-07-13 16:36:12,434 INFO  http.HttpServer2 (HttpServer2.java:bindListener(1191)) - Jetty bound to port 36010
2019-07-13 16:36:12,434 INFO  server.Server (Server.java:doStart(351)) - jetty-9.3.24.v20180605, build timestamp: 2018-06-05T17:11:56Z, git hash: 84205aa28f11a4f31f2a3b86d1bba2cc8ab69827
2019-07-13 16:36:12,436 INFO  handler.ContextHandler (ContextHandler.java:doStart(781)) - Started o.e.j.s.ServletContextHandler@3e51beda{/logs,file:///tmp/workdir/hadoop-ozone/integration-test/target/log,AVAILABLE}
2019-07-13 16:36:12,437 INFO  handler.ContextHandler (ContextHandler.java:doStart(781)) - Started o.e.j.s.ServletContextHandler@24fc91a3{/static,jar:file:/home/user/.m2/repository/org/apache/hadoop/hadoop-hdds-container-service/0.5.0-SNAPSHOT/hadoop-hdds-container-service-0.5.0-SNAPSHOT.jar!/webapps/static,AVAILABLE}
2019-07-13 16:36:12,477 INFO  handler.ContextHandler (ContextHandler.java:doStart(781)) - Started o.e.j.w.WebAppContext@6ff879e5{/,file:///tmp/jetty-0.0.0.0-36010-hddsDatanode-_-any-7256442323410717857.dir/webapp/,AVAILABLE}{/hddsDatanode}
2019-07-13 16:36:12,478 INFO  server.AbstractConnector (AbstractConnector.java:doStart(278)) - Started ServerConnector@7080e8fc{HTTP/1.1,[http/1.1]}{0.0.0.0:36010}
2019-07-13 16:36:12,479 INFO  server.Server (Server.java:doStart(419)) - Started @595956ms
2019-07-13 16:36:12,480 INFO  server.BaseHttpServer (BaseHttpServer.java:updateConnectorAddress(207)) - HTTP server of HDDSDATANODE is listening at http://0.0.0.0:36010
2019-07-13 16:36:12,581 INFO  ozone.HddsDatanodeService (HddsDatanodeService.java:startPlugins(396)) - Started plug-in org.apache.hadoop.ozone.web.OzoneHddsDatanodeService@2779acb2
2019-07-13 16:36:12,581 INFO  impl.MetricsSystemImpl (MetricsSystemImpl.java:init(158)) - HddsDatanode metrics system started (again)
2019-07-13 16:36:12,581 INFO  ozone.HddsDatanodeService (HddsDatanodeService.java:start(185)) - HddsDatanodeService host:trunk-nightly-z92hn-1831959607 ip:192.168.5.187
2019-07-13 16:36:12,582 INFO  util.JvmPauseMonitor (JvmPauseMonitor.java:run(188)) - Starting JVM pause monitor
2019-07-13 16:36:12,584 INFO  datanode.InitDatanodeState (InitDatanodeState.java:persistContainerDatanodeDetails(140)) - DatanodeDetails is persisted to /tmp/workdir/hadoop-ozone/integration-test/target/test-dir/MiniOzoneClusterImpl-8a4f94c6-6d05-4673-8985-c7ce61029340/datanode-3/meta/datanode.id
2019-07-13 16:36:12,593 INFO  volume.HddsVolume (HddsVolume.java:<init>(176)) - Creating Volume: /tmp/workdir/hadoop-ozone/integration-test/target/test-dir/MiniOzoneClusterImpl-8a4f94c6-6d05-4673-8985-c7ce61029340/datanode-4/data/containers/hdds of  storage type : DISK and capacity : 52710309888
2019-07-13 16:36:12,594 INFO  volume.VolumeSet (VolumeSet.java:initializeVolumeSet(170)) - Added Volume : /tmp/workdir/hadoop-ozone/integration-test/target/test-dir/MiniOzoneClusterImpl-8a4f94c6-6d05-4673-8985-c7ce61029340/datanode-4/data/containers/hdds to VolumeSet
2019-07-13 16:36:12,594 INFO  volume.ThrottledAsyncChecker (ThrottledAsyncChecker.java:schedule(140)) - Scheduling a check for org.apache.hadoop.ozone.container.common.volume.HddsVolume@749330a8
2019-07-13 16:36:12,594 INFO  volume.HddsVolumeChecker (HddsVolumeChecker.java:checkAllVolumes(203)) - Scheduled health check for volume org.apache.hadoop.ozone.container.common.volume.HddsVolume@749330a8
2019-07-13 16:36:12,607 INFO  impl.RaftServerProxy (ConfUtils.java:logGet(43)) - raft.rpc.type = GRPC (default)
2019-07-13 16:36:12,607 INFO  grpc.GrpcFactory (GrpcFactory.java:checkPooledByteBufAllocatorUseCacheForAllThreads(45)) - PERFORMANCE WARNING: useCacheForAllThreads is true that may cause Netty to create a lot garbage objects and, as a result, trigger GC.
	It is recommended to disable useCacheForAllThreads by setting -Dorg.apache.ratis.thirdparty.io.netty.allocator.useCacheForAllThreads=false in command line.
2019-07-13 16:36:12,607 INFO  grpc.GrpcConfigKeys$Server (ConfUtils.java:logGet(43)) - raft.grpc.server.port = 0 (default)
2019-07-13 16:36:12,607 INFO  server.GrpcService (ConfUtils.java:logGet(43)) - raft.grpc.message.size.max = 33570816 (custom)
2019-07-13 16:36:12,607 INFO  server.RaftServerConfigKeys (ConfUtils.java:logGet(43)) - raft.server.log.appender.buffer.byte-limit = 33554432 (custom)
2019-07-13 16:36:12,607 INFO  server.GrpcService (ConfUtils.java:logGet(43)) - raft.grpc.flow.control.window = 1MB (=1048576) (default)
2019-07-13 16:36:12,608 INFO  server.RaftServerConfigKeys (ConfUtils.java:logGet(43)) - raft.server.rpc.request.timeout = 3000ms (default)
2019-07-13 16:36:12,608 INFO  server.RaftServerConfigKeys (ConfUtils.java:logGet(43)) - raft.server.storage.dir = [/tmp/workdir/hadoop-ozone/integration-test/target/test-dir/MiniOzoneClusterImpl-8a4f94c6-6d05-4673-8985-c7ce61029340/datanode-4/data/ratis] (custom)
2019-07-13 16:36:12,608 INFO  replication.SimpleContainerDownloader (SimpleContainerDownloader.java:<init>(72)) - Starting container downloader service to copy containers to replicate.
2019-07-13 16:36:12,609 INFO  hdfs.DFSUtil (DFSUtil.java:httpServerTemplateForNNAndJN(1641)) - Starting Web-server for hddsDatanode at: http://0.0.0.0:0
2019-07-13 16:36:12,610 INFO  server.AuthenticationFilter (AuthenticationFilter.java:constructSecretProvider(240)) - Unable to initialize FileSignerSecretProvider, falling back to use random secrets.
2019-07-13 16:36:12,611 WARN  http.HttpRequestLog (HttpRequestLog.java:getRequestLog(97)) - Jetty request log can only be enabled using Log4j
2019-07-13 16:36:12,612 INFO  http.HttpServer2 (HttpServer2.java:addGlobalFilter(975)) - Added global filter 'safety' (class=org.apache.hadoop.http.HttpServer2$QuotingInputFilter)
2019-07-13 16:36:12,612 INFO  http.HttpServer2 (HttpServer2.java:addFilter(948)) - Added filter static_user_filter (class=org.apache.hadoop.http.lib.StaticUserWebFilter$StaticUserFilter) to context hddsDatanode
2019-07-13 16:36:12,612 INFO  http.HttpServer2 (HttpServer2.java:addFilter(958)) - Added filter static_user_filter (class=org.apache.hadoop.http.lib.StaticUserWebFilter$StaticUserFilter) to context logs
2019-07-13 16:36:12,612 INFO  http.HttpServer2 (HttpServer2.java:addFilter(958)) - Added filter static_user_filter (class=org.apache.hadoop.http.lib.StaticUserWebFilter$StaticUserFilter) to context static
2019-07-13 16:36:12,613 INFO  http.HttpServer2 (HttpServer2.java:bindListener(1191)) - Jetty bound to port 37359
2019-07-13 16:36:12,613 INFO  server.Server (Server.java:doStart(351)) - jetty-9.3.24.v20180605, build timestamp: 2018-06-05T17:11:56Z, git hash: 84205aa28f11a4f31f2a3b86d1bba2cc8ab69827
2019-07-13 16:36:12,615 INFO  handler.ContextHandler (ContextHandler.java:doStart(781)) - Started o.e.j.s.ServletContextHandler@5fb7b227{/logs,file:///tmp/workdir/hadoop-ozone/integration-test/target/log,AVAILABLE}
2019-07-13 16:36:12,615 INFO  handler.ContextHandler (ContextHandler.java:doStart(781)) - Started o.e.j.s.ServletContextHandler@12aa9370{/static,jar:file:/home/user/.m2/repository/org/apache/hadoop/hadoop-hdds-container-service/0.5.0-SNAPSHOT/hadoop-hdds-container-service-0.5.0-SNAPSHOT.jar!/webapps/static,AVAILABLE}
2019-07-13 16:36:12,641 INFO  handler.ContextHandler (ContextHandler.java:doStart(781)) - Started o.e.j.w.WebAppContext@1fdc2d45{/,file:///tmp/jetty-0.0.0.0-37359-hddsDatanode-_-any-9219105137507771078.dir/webapp/,AVAILABLE}{/hddsDatanode}
2019-07-13 16:36:12,641 INFO  server.AbstractConnector (AbstractConnector.java:doStart(278)) - Started ServerConnector@65fc2639{HTTP/1.1,[http/1.1]}{0.0.0.0:37359}
2019-07-13 16:36:12,641 INFO  server.Server (Server.java:doStart(419)) - Started @596119ms
2019-07-13 16:36:12,643 INFO  server.BaseHttpServer (BaseHttpServer.java:updateConnectorAddress(207)) - HTTP server of HDDSDATANODE is listening at http://0.0.0.0:37359
2019-07-13 16:36:12,738 INFO  ozone.HddsDatanodeService (HddsDatanodeService.java:startPlugins(396)) - Started plug-in org.apache.hadoop.ozone.web.OzoneHddsDatanodeService@6a1b51a7
2019-07-13 16:36:12,738 INFO  impl.MetricsSystemImpl (MetricsSystemImpl.java:init(158)) - HddsDatanode metrics system started (again)
2019-07-13 16:36:12,739 INFO  ozone.HddsDatanodeService (HddsDatanodeService.java:start(185)) - HddsDatanodeService host:trunk-nightly-z92hn-1831959607 ip:192.168.5.187
2019-07-13 16:36:12,740 INFO  util.JvmPauseMonitor (JvmPauseMonitor.java:run(188)) - Starting JVM pause monitor
2019-07-13 16:36:12,741 INFO  datanode.InitDatanodeState (InitDatanodeState.java:persistContainerDatanodeDetails(140)) - DatanodeDetails is persisted to /tmp/workdir/hadoop-ozone/integration-test/target/test-dir/MiniOzoneClusterImpl-8a4f94c6-6d05-4673-8985-c7ce61029340/datanode-4/meta/datanode.id
2019-07-13 16:36:12,753 INFO  volume.HddsVolume (HddsVolume.java:<init>(176)) - Creating Volume: /tmp/workdir/hadoop-ozone/integration-test/target/test-dir/MiniOzoneClusterImpl-8a4f94c6-6d05-4673-8985-c7ce61029340/datanode-5/data/containers/hdds of  storage type : DISK and capacity : 52710309888
2019-07-13 16:36:12,753 INFO  volume.VolumeSet (VolumeSet.java:initializeVolumeSet(170)) - Added Volume : /tmp/workdir/hadoop-ozone/integration-test/target/test-dir/MiniOzoneClusterImpl-8a4f94c6-6d05-4673-8985-c7ce61029340/datanode-5/data/containers/hdds to VolumeSet
2019-07-13 16:36:12,754 INFO  volume.ThrottledAsyncChecker (ThrottledAsyncChecker.java:schedule(140)) - Scheduling a check for org.apache.hadoop.ozone.container.common.volume.HddsVolume@7c87c960
2019-07-13 16:36:12,754 INFO  volume.HddsVolumeChecker (HddsVolumeChecker.java:checkAllVolumes(203)) - Scheduled health check for volume org.apache.hadoop.ozone.container.common.volume.HddsVolume@7c87c960
2019-07-13 16:36:12,768 INFO  impl.RaftServerProxy (ConfUtils.java:logGet(43)) - raft.rpc.type = GRPC (default)
2019-07-13 16:36:12,768 INFO  grpc.GrpcFactory (GrpcFactory.java:checkPooledByteBufAllocatorUseCacheForAllThreads(45)) - PERFORMANCE WARNING: useCacheForAllThreads is true that may cause Netty to create a lot garbage objects and, as a result, trigger GC.
	It is recommended to disable useCacheForAllThreads by setting -Dorg.apache.ratis.thirdparty.io.netty.allocator.useCacheForAllThreads=false in command line.
2019-07-13 16:36:12,768 INFO  grpc.GrpcConfigKeys$Server (ConfUtils.java:logGet(43)) - raft.grpc.server.port = 0 (default)
2019-07-13 16:36:12,768 INFO  server.GrpcService (ConfUtils.java:logGet(43)) - raft.grpc.message.size.max = 33570816 (custom)
2019-07-13 16:36:12,768 INFO  server.RaftServerConfigKeys (ConfUtils.java:logGet(43)) - raft.server.log.appender.buffer.byte-limit = 33554432 (custom)
2019-07-13 16:36:12,769 INFO  server.GrpcService (ConfUtils.java:logGet(43)) - raft.grpc.flow.control.window = 1MB (=1048576) (default)
2019-07-13 16:36:12,769 INFO  server.RaftServerConfigKeys (ConfUtils.java:logGet(43)) - raft.server.rpc.request.timeout = 3000ms (default)
2019-07-13 16:36:12,769 INFO  server.RaftServerConfigKeys (ConfUtils.java:logGet(43)) - raft.server.storage.dir = [/tmp/workdir/hadoop-ozone/integration-test/target/test-dir/MiniOzoneClusterImpl-8a4f94c6-6d05-4673-8985-c7ce61029340/datanode-5/data/ratis] (custom)
2019-07-13 16:36:12,770 INFO  replication.SimpleContainerDownloader (SimpleContainerDownloader.java:<init>(72)) - Starting container downloader service to copy containers to replicate.
2019-07-13 16:36:12,770 INFO  hdfs.DFSUtil (DFSUtil.java:httpServerTemplateForNNAndJN(1641)) - Starting Web-server for hddsDatanode at: http://0.0.0.0:0
2019-07-13 16:36:12,772 INFO  server.AuthenticationFilter (AuthenticationFilter.java:constructSecretProvider(240)) - Unable to initialize FileSignerSecretProvider, falling back to use random secrets.
2019-07-13 16:36:12,772 WARN  http.HttpRequestLog (HttpRequestLog.java:getRequestLog(97)) - Jetty request log can only be enabled using Log4j
2019-07-13 16:36:12,773 INFO  http.HttpServer2 (HttpServer2.java:addGlobalFilter(975)) - Added global filter 'safety' (class=org.apache.hadoop.http.HttpServer2$QuotingInputFilter)
2019-07-13 16:36:12,773 INFO  http.HttpServer2 (HttpServer2.java:addFilter(948)) - Added filter static_user_filter (class=org.apache.hadoop.http.lib.StaticUserWebFilter$StaticUserFilter) to context hddsDatanode
2019-07-13 16:36:12,773 INFO  http.HttpServer2 (HttpServer2.java:addFilter(958)) - Added filter static_user_filter (class=org.apache.hadoop.http.lib.StaticUserWebFilter$StaticUserFilter) to context static
2019-07-13 16:36:12,774 INFO  http.HttpServer2 (HttpServer2.java:addFilter(958)) - Added filter static_user_filter (class=org.apache.hadoop.http.lib.StaticUserWebFilter$StaticUserFilter) to context logs
2019-07-13 16:36:12,774 INFO  http.HttpServer2 (HttpServer2.java:bindListener(1191)) - Jetty bound to port 36125
2019-07-13 16:36:12,774 INFO  server.Server (Server.java:doStart(351)) - jetty-9.3.24.v20180605, build timestamp: 2018-06-05T17:11:56Z, git hash: 84205aa28f11a4f31f2a3b86d1bba2cc8ab69827
2019-07-13 16:36:12,776 INFO  handler.ContextHandler (ContextHandler.java:doStart(781)) - Started o.e.j.s.ServletContextHandler@4c55d3ce{/logs,file:///tmp/workdir/hadoop-ozone/integration-test/target/log,AVAILABLE}
2019-07-13 16:36:12,776 INFO  handler.ContextHandler (ContextHandler.java:doStart(781)) - Started o.e.j.s.ServletContextHandler@6bbcb69f{/static,jar:file:/home/user/.m2/repository/org/apache/hadoop/hadoop-hdds-container-service/0.5.0-SNAPSHOT/hadoop-hdds-container-service-0.5.0-SNAPSHOT.jar!/webapps/static,AVAILABLE}
2019-07-13 16:36:12,802 INFO  handler.ContextHandler (ContextHandler.java:doStart(781)) - Started o.e.j.w.WebAppContext@184d73af{/,file:///tmp/jetty-0.0.0.0-36125-hddsDatanode-_-any-5156245467105096116.dir/webapp/,AVAILABLE}{/hddsDatanode}
2019-07-13 16:36:12,802 INFO  server.AbstractConnector (AbstractConnector.java:doStart(278)) - Started ServerConnector@7ef9c234{HTTP/1.1,[http/1.1]}{0.0.0.0:36125}
2019-07-13 16:36:12,803 INFO  server.Server (Server.java:doStart(419)) - Started @596280ms
2019-07-13 16:36:12,806 INFO  server.BaseHttpServer (BaseHttpServer.java:updateConnectorAddress(207)) - HTTP server of HDDSDATANODE is listening at http://0.0.0.0:36125
2019-07-13 16:36:12,902 INFO  ozone.HddsDatanodeService (HddsDatanodeService.java:startPlugins(396)) - Started plug-in org.apache.hadoop.ozone.web.OzoneHddsDatanodeService@11932248
2019-07-13 16:36:12,902 INFO  impl.MetricsSystemImpl (MetricsSystemImpl.java:init(158)) - HddsDatanode metrics system started (again)
2019-07-13 16:36:12,903 INFO  ozone.HddsDatanodeService (HddsDatanodeService.java:start(185)) - HddsDatanodeService host:trunk-nightly-z92hn-1831959607 ip:192.168.5.187
2019-07-13 16:36:12,904 INFO  util.JvmPauseMonitor (JvmPauseMonitor.java:run(188)) - Starting JVM pause monitor
2019-07-13 16:36:12,905 INFO  datanode.InitDatanodeState (InitDatanodeState.java:persistContainerDatanodeDetails(140)) - DatanodeDetails is persisted to /tmp/workdir/hadoop-ozone/integration-test/target/test-dir/MiniOzoneClusterImpl-8a4f94c6-6d05-4673-8985-c7ce61029340/datanode-5/meta/datanode.id
2019-07-13 16:36:12,916 INFO  volume.HddsVolume (HddsVolume.java:<init>(176)) - Creating Volume: /tmp/workdir/hadoop-ozone/integration-test/target/test-dir/MiniOzoneClusterImpl-8a4f94c6-6d05-4673-8985-c7ce61029340/datanode-6/data/containers/hdds of  storage type : DISK and capacity : 52710309888
2019-07-13 16:36:12,917 INFO  volume.VolumeSet (VolumeSet.java:initializeVolumeSet(170)) - Added Volume : /tmp/workdir/hadoop-ozone/integration-test/target/test-dir/MiniOzoneClusterImpl-8a4f94c6-6d05-4673-8985-c7ce61029340/datanode-6/data/containers/hdds to VolumeSet
2019-07-13 16:36:12,917 INFO  volume.ThrottledAsyncChecker (ThrottledAsyncChecker.java:schedule(140)) - Scheduling a check for org.apache.hadoop.ozone.container.common.volume.HddsVolume@3b33b54e
2019-07-13 16:36:12,917 INFO  volume.HddsVolumeChecker (HddsVolumeChecker.java:checkAllVolumes(203)) - Scheduled health check for volume org.apache.hadoop.ozone.container.common.volume.HddsVolume@3b33b54e
2019-07-13 16:36:12,931 INFO  impl.RaftServerProxy (ConfUtils.java:logGet(43)) - raft.rpc.type = GRPC (default)
2019-07-13 16:36:12,931 INFO  grpc.GrpcFactory (GrpcFactory.java:checkPooledByteBufAllocatorUseCacheForAllThreads(45)) - PERFORMANCE WARNING: useCacheForAllThreads is true that may cause Netty to create a lot garbage objects and, as a result, trigger GC.
	It is recommended to disable useCacheForAllThreads by setting -Dorg.apache.ratis.thirdparty.io.netty.allocator.useCacheForAllThreads=false in command line.
2019-07-13 16:36:12,931 INFO  grpc.GrpcConfigKeys$Server (ConfUtils.java:logGet(43)) - raft.grpc.server.port = 0 (default)
2019-07-13 16:36:12,931 INFO  server.GrpcService (ConfUtils.java:logGet(43)) - raft.grpc.message.size.max = 33570816 (custom)
2019-07-13 16:36:12,932 INFO  server.RaftServerConfigKeys (ConfUtils.java:logGet(43)) - raft.server.log.appender.buffer.byte-limit = 33554432 (custom)
2019-07-13 16:36:12,932 INFO  server.GrpcService (ConfUtils.java:logGet(43)) - raft.grpc.flow.control.window = 1MB (=1048576) (default)
2019-07-13 16:36:12,932 INFO  server.RaftServerConfigKeys (ConfUtils.java:logGet(43)) - raft.server.rpc.request.timeout = 3000ms (default)
2019-07-13 16:36:12,932 INFO  server.RaftServerConfigKeys (ConfUtils.java:logGet(43)) - raft.server.storage.dir = [/tmp/workdir/hadoop-ozone/integration-test/target/test-dir/MiniOzoneClusterImpl-8a4f94c6-6d05-4673-8985-c7ce61029340/datanode-6/data/ratis] (custom)
2019-07-13 16:36:12,933 INFO  replication.SimpleContainerDownloader (SimpleContainerDownloader.java:<init>(72)) - Starting container downloader service to copy containers to replicate.
2019-07-13 16:36:12,934 INFO  hdfs.DFSUtil (DFSUtil.java:httpServerTemplateForNNAndJN(1641)) - Starting Web-server for hddsDatanode at: http://0.0.0.0:0
2019-07-13 16:36:12,935 INFO  server.AuthenticationFilter (AuthenticationFilter.java:constructSecretProvider(240)) - Unable to initialize FileSignerSecretProvider, falling back to use random secrets.
2019-07-13 16:36:12,935 WARN  http.HttpRequestLog (HttpRequestLog.java:getRequestLog(97)) - Jetty request log can only be enabled using Log4j
2019-07-13 16:36:12,936 INFO  http.HttpServer2 (HttpServer2.java:addGlobalFilter(975)) - Added global filter 'safety' (class=org.apache.hadoop.http.HttpServer2$QuotingInputFilter)
2019-07-13 16:36:12,936 INFO  http.HttpServer2 (HttpServer2.java:addFilter(948)) - Added filter static_user_filter (class=org.apache.hadoop.http.lib.StaticUserWebFilter$StaticUserFilter) to context hddsDatanode
2019-07-13 16:36:12,937 INFO  http.HttpServer2 (HttpServer2.java:addFilter(958)) - Added filter static_user_filter (class=org.apache.hadoop.http.lib.StaticUserWebFilter$StaticUserFilter) to context static
2019-07-13 16:36:12,937 INFO  http.HttpServer2 (HttpServer2.java:addFilter(958)) - Added filter static_user_filter (class=org.apache.hadoop.http.lib.StaticUserWebFilter$StaticUserFilter) to context logs
2019-07-13 16:36:12,937 INFO  http.HttpServer2 (HttpServer2.java:bindListener(1191)) - Jetty bound to port 38159
2019-07-13 16:36:12,937 INFO  server.Server (Server.java:doStart(351)) - jetty-9.3.24.v20180605, build timestamp: 2018-06-05T17:11:56Z, git hash: 84205aa28f11a4f31f2a3b86d1bba2cc8ab69827
2019-07-13 16:36:12,939 INFO  handler.ContextHandler (ContextHandler.java:doStart(781)) - Started o.e.j.s.ServletContextHandler@7820a19d{/logs,file:///tmp/workdir/hadoop-ozone/integration-test/target/log,AVAILABLE}
2019-07-13 16:36:12,939 INFO  handler.ContextHandler (ContextHandler.java:doStart(781)) - Started o.e.j.s.ServletContextHandler@27cd156a{/static,jar:file:/home/user/.m2/repository/org/apache/hadoop/hadoop-hdds-container-service/0.5.0-SNAPSHOT/hadoop-hdds-container-service-0.5.0-SNAPSHOT.jar!/webapps/static,AVAILABLE}
2019-07-13 16:36:12,965 INFO  handler.ContextHandler (ContextHandler.java:doStart(781)) - Started o.e.j.w.WebAppContext@64f248ea{/,file:///tmp/jetty-0.0.0.0-38159-hddsDatanode-_-any-1162098120356672294.dir/webapp/,AVAILABLE}{/hddsDatanode}
2019-07-13 16:36:12,965 INFO  server.AbstractConnector (AbstractConnector.java:doStart(278)) - Started ServerConnector@6ab36cee{HTTP/1.1,[http/1.1]}{0.0.0.0:38159}
2019-07-13 16:36:12,966 INFO  server.Server (Server.java:doStart(419)) - Started @596443ms
2019-07-13 16:36:12,968 INFO  server.BaseHttpServer (BaseHttpServer.java:updateConnectorAddress(207)) - HTTP server of HDDSDATANODE is listening at http://0.0.0.0:38159
2019-07-13 16:36:13,063 INFO  ozone.HddsDatanodeService (HddsDatanodeService.java:startPlugins(396)) - Started plug-in org.apache.hadoop.ozone.web.OzoneHddsDatanodeService@4b8cf10f
2019-07-13 16:36:13,064 INFO  ozone.MiniOzoneClusterImpl (MiniOzoneClusterImpl.java:lambda$waitForClusterToBeReady$0(142)) - Waiting for cluster to be ready. Got 0 of 7 DN Heartbeats.
2019-07-13 16:36:13,065 INFO  util.JvmPauseMonitor (JvmPauseMonitor.java:run(188)) - Starting JVM pause monitor
2019-07-13 16:36:13,066 INFO  datanode.InitDatanodeState (InitDatanodeState.java:persistContainerDatanodeDetails(140)) - DatanodeDetails is persisted to /tmp/workdir/hadoop-ozone/integration-test/target/test-dir/MiniOzoneClusterImpl-8a4f94c6-6d05-4673-8985-c7ce61029340/datanode-6/meta/datanode.id
2019-07-13 16:36:14,027 INFO  ozoneimpl.OzoneContainer (OzoneContainer.java:start(186)) - Attempting to start container services.
2019-07-13 16:36:14,027 INFO  ozoneimpl.OzoneContainer (OzoneContainer.java:startContainerScrub(160)) - Background container scrubber has been disabled by hdds.containerscrub.enabled
2019-07-13 16:36:14,027 INFO  ratis.XceiverServerRatis (XceiverServerRatis.java:start(418)) - Starting XceiverServerRatis 2e16940d-77b0-406b-ab4f-aeb5a35dc975 at port 0
2019-07-13 16:36:14,035 INFO  impl.RaftServerProxy (RaftServerProxy.java:lambda$start$3(299)) - 2e16940d-77b0-406b-ab4f-aeb5a35dc975: start RPC server
2019-07-13 16:36:14,037 INFO  server.GrpcService (GrpcService.java:startImpl(149)) - 2e16940d-77b0-406b-ab4f-aeb5a35dc975: GrpcService started, listening on 0.0.0.0/0.0.0.0:45827
2019-07-13 16:36:14,037 INFO  ratis.XceiverServerRatis (XceiverServerRatis.java:start(428)) - XceiverServerRatis 2e16940d-77b0-406b-ab4f-aeb5a35dc975 is started using port 45827
2019-07-13 16:36:14,039 INFO  server.XceiverServerGrpc (XceiverServerGrpc.java:start(161)) - XceiverServerGrpc 2e16940d-77b0-406b-ab4f-aeb5a35dc975 is started using port 45726
2019-07-13 16:36:14,064 INFO  ozone.MiniOzoneClusterImpl (MiniOzoneClusterImpl.java:lambda$waitForClusterToBeReady$0(142)) - Waiting for cluster to be ready. Got 0 of 7 DN Heartbeats.
2019-07-13 16:36:14,223 INFO  ozoneimpl.OzoneContainer (OzoneContainer.java:start(186)) - Attempting to start container services.
2019-07-13 16:36:14,223 INFO  ozoneimpl.OzoneContainer (OzoneContainer.java:startContainerScrub(160)) - Background container scrubber has been disabled by hdds.containerscrub.enabled
2019-07-13 16:36:14,223 INFO  ratis.XceiverServerRatis (XceiverServerRatis.java:start(418)) - Starting XceiverServerRatis b1698c79-6c1e-4696-b1c8-e50474debd09 at port 0
2019-07-13 16:36:14,231 INFO  impl.RaftServerProxy (RaftServerProxy.java:lambda$start$3(299)) - b1698c79-6c1e-4696-b1c8-e50474debd09: start RPC server
2019-07-13 16:36:14,232 INFO  server.GrpcService (GrpcService.java:startImpl(149)) - b1698c79-6c1e-4696-b1c8-e50474debd09: GrpcService started, listening on 0.0.0.0/0.0.0.0:37212
2019-07-13 16:36:14,232 INFO  ratis.XceiverServerRatis (XceiverServerRatis.java:start(428)) - XceiverServerRatis b1698c79-6c1e-4696-b1c8-e50474debd09 is started using port 37212
2019-07-13 16:36:14,234 INFO  server.XceiverServerGrpc (XceiverServerGrpc.java:start(161)) - XceiverServerGrpc b1698c79-6c1e-4696-b1c8-e50474debd09 is started using port 42533
2019-07-13 16:36:14,400 INFO  ozoneimpl.OzoneContainer (OzoneContainer.java:start(186)) - Attempting to start container services.
2019-07-13 16:36:14,400 INFO  ozoneimpl.OzoneContainer (OzoneContainer.java:startContainerScrub(160)) - Background container scrubber has been disabled by hdds.containerscrub.enabled
2019-07-13 16:36:14,400 INFO  ratis.XceiverServerRatis (XceiverServerRatis.java:start(418)) - Starting XceiverServerRatis 5e4e48d9-7c0e-4eee-bd59-3427149a0d7c at port 0
2019-07-13 16:36:14,408 INFO  impl.RaftServerProxy (RaftServerProxy.java:lambda$start$3(299)) - 5e4e48d9-7c0e-4eee-bd59-3427149a0d7c: start RPC server
2019-07-13 16:36:14,411 INFO  server.GrpcService (GrpcService.java:startImpl(149)) - 5e4e48d9-7c0e-4eee-bd59-3427149a0d7c: GrpcService started, listening on 0.0.0.0/0.0.0.0:34716
2019-07-13 16:36:14,411 INFO  ratis.XceiverServerRatis (XceiverServerRatis.java:start(428)) - XceiverServerRatis 5e4e48d9-7c0e-4eee-bd59-3427149a0d7c is started using port 34716
2019-07-13 16:36:14,411 INFO  server.XceiverServerGrpc (XceiverServerGrpc.java:start(161)) - XceiverServerGrpc 5e4e48d9-7c0e-4eee-bd59-3427149a0d7c is started using port 40024
2019-07-13 16:36:14,587 INFO  ozoneimpl.OzoneContainer (OzoneContainer.java:start(186)) - Attempting to start container services.
2019-07-13 16:36:14,587 INFO  ozoneimpl.OzoneContainer (OzoneContainer.java:startContainerScrub(160)) - Background container scrubber has been disabled by hdds.containerscrub.enabled
2019-07-13 16:36:14,588 INFO  ratis.XceiverServerRatis (XceiverServerRatis.java:start(418)) - Starting XceiverServerRatis a5f89e50-d2fe-4554-884e-b37dd0441734 at port 0
2019-07-13 16:36:14,595 INFO  impl.RaftServerProxy (RaftServerProxy.java:lambda$start$3(299)) - a5f89e50-d2fe-4554-884e-b37dd0441734: start RPC server
2019-07-13 16:36:14,596 INFO  server.GrpcService (GrpcService.java:startImpl(149)) - a5f89e50-d2fe-4554-884e-b37dd0441734: GrpcService started, listening on 0.0.0.0/0.0.0.0:39423
2019-07-13 16:36:14,596 INFO  ratis.XceiverServerRatis (XceiverServerRatis.java:start(428)) - XceiverServerRatis a5f89e50-d2fe-4554-884e-b37dd0441734 is started using port 39423
2019-07-13 16:36:14,597 INFO  server.XceiverServerGrpc (XceiverServerGrpc.java:start(161)) - XceiverServerGrpc a5f89e50-d2fe-4554-884e-b37dd0441734 is started using port 39611
2019-07-13 16:36:14,751 INFO  ozoneimpl.OzoneContainer (OzoneContainer.java:start(186)) - Attempting to start container services.
2019-07-13 16:36:14,752 INFO  ozoneimpl.OzoneContainer (OzoneContainer.java:startContainerScrub(160)) - Background container scrubber has been disabled by hdds.containerscrub.enabled
2019-07-13 16:36:14,752 INFO  ratis.XceiverServerRatis (XceiverServerRatis.java:start(418)) - Starting XceiverServerRatis 8be3c74b-a425-4f91-859e-d13726acc04f at port 0
2019-07-13 16:36:14,759 INFO  impl.RaftServerProxy (RaftServerProxy.java:lambda$start$3(299)) - 8be3c74b-a425-4f91-859e-d13726acc04f: start RPC server
2019-07-13 16:36:14,760 INFO  server.GrpcService (GrpcService.java:startImpl(149)) - 8be3c74b-a425-4f91-859e-d13726acc04f: GrpcService started, listening on 0.0.0.0/0.0.0.0:39626
2019-07-13 16:36:14,760 INFO  ratis.XceiverServerRatis (XceiverServerRatis.java:start(428)) - XceiverServerRatis 8be3c74b-a425-4f91-859e-d13726acc04f is started using port 39626
2019-07-13 16:36:14,761 INFO  server.XceiverServerGrpc (XceiverServerGrpc.java:start(161)) - XceiverServerGrpc 8be3c74b-a425-4f91-859e-d13726acc04f is started using port 36799
2019-07-13 16:36:14,922 INFO  ozoneimpl.OzoneContainer (OzoneContainer.java:start(186)) - Attempting to start container services.
2019-07-13 16:36:14,922 INFO  ozoneimpl.OzoneContainer (OzoneContainer.java:startContainerScrub(160)) - Background container scrubber has been disabled by hdds.containerscrub.enabled
2019-07-13 16:36:14,922 INFO  ratis.XceiverServerRatis (XceiverServerRatis.java:start(418)) - Starting XceiverServerRatis 742e875a-ad32-4ced-857e-d968cc0b4574 at port 0
2019-07-13 16:36:14,929 INFO  impl.RaftServerProxy (RaftServerProxy.java:lambda$start$3(299)) - 742e875a-ad32-4ced-857e-d968cc0b4574: start RPC server
2019-07-13 16:36:14,930 INFO  server.GrpcService (GrpcService.java:startImpl(149)) - 742e875a-ad32-4ced-857e-d968cc0b4574: GrpcService started, listening on 0.0.0.0/0.0.0.0:43823
2019-07-13 16:36:14,930 INFO  ratis.XceiverServerRatis (XceiverServerRatis.java:start(428)) - XceiverServerRatis 742e875a-ad32-4ced-857e-d968cc0b4574 is started using port 43823
2019-07-13 16:36:14,931 INFO  server.XceiverServerGrpc (XceiverServerGrpc.java:start(161)) - XceiverServerGrpc 742e875a-ad32-4ced-857e-d968cc0b4574 is started using port 45877
2019-07-13 16:36:15,064 INFO  ozone.MiniOzoneClusterImpl (MiniOzoneClusterImpl.java:lambda$waitForClusterToBeReady$0(142)) - Waiting for cluster to be ready. Got 0 of 7 DN Heartbeats.
2019-07-13 16:36:15,070 INFO  ozoneimpl.OzoneContainer (OzoneContainer.java:start(186)) - Attempting to start container services.
2019-07-13 16:36:15,070 INFO  ozoneimpl.OzoneContainer (OzoneContainer.java:startContainerScrub(160)) - Background container scrubber has been disabled by hdds.containerscrub.enabled
2019-07-13 16:36:15,071 INFO  ratis.XceiverServerRatis (XceiverServerRatis.java:start(418)) - Starting XceiverServerRatis 57ac8228-d0ce-493b-93f5-b5bae33fa105 at port 0
2019-07-13 16:36:15,078 INFO  impl.RaftServerProxy (RaftServerProxy.java:lambda$start$3(299)) - 57ac8228-d0ce-493b-93f5-b5bae33fa105: start RPC server
2019-07-13 16:36:15,078 INFO  server.GrpcService (GrpcService.java:startImpl(149)) - 57ac8228-d0ce-493b-93f5-b5bae33fa105: GrpcService started, listening on 0.0.0.0/0.0.0.0:36677
2019-07-13 16:36:15,079 INFO  ratis.XceiverServerRatis (XceiverServerRatis.java:start(428)) - XceiverServerRatis 57ac8228-d0ce-493b-93f5-b5bae33fa105 is started using port 36677
2019-07-13 16:36:15,083 INFO  server.XceiverServerGrpc (XceiverServerGrpc.java:start(161)) - XceiverServerGrpc 57ac8228-d0ce-493b-93f5-b5bae33fa105 is started using port 39025
2019-07-13 16:36:16,020 INFO  net.NetworkTopology (NetworkTopologyImpl.java:add(110)) - Added a new node: /default-rack/192.168.5.187
2019-07-13 16:36:16,023 INFO  node.SCMNodeManager (SCMNodeManager.java:register(269)) - Registered Data node : 2e16940d-77b0-406b-ab4f-aeb5a35dc975{ip: 192.168.5.187, host: trunk-nightly-z92hn-1831959607, networkLocation: /default-rack, certSerialId: null}
2019-07-13 16:36:16,024 INFO  safemode.SCMSafeModeManager (DataNodeSafeModeRule.java:process(71)) - SCM in safe mode. 1 DataNodes registered, 1 required.
2019-07-13 16:36:16,028 INFO  safemode.SCMSafeModeManager (SCMSafeModeManager.java:validateSafeModeExitRules(177)) - ScmSafeModeManager, all rules are successfully validated
2019-07-13 16:36:16,028 INFO  safemode.SCMSafeModeManager (SCMSafeModeManager.java:exitSafeMode(193)) - SCM exiting safe mode.
2019-07-13 16:36:16,037 INFO  impl.RaftServerProxy (RaftServerProxy.java:addNew(89)) - 2e16940d-77b0-406b-ab4f-aeb5a35dc975: addNew group-CD4F440B7138:[2e16940d-77b0-406b-ab4f-aeb5a35dc975:192.168.5.187:45827] returns group-CD4F440B7138:java.util.concurrent.CompletableFuture@654af753[Not completed]
2019-07-13 16:36:16,038 INFO  impl.RaftServerImpl (RaftServerImpl.java:<init>(93)) - 2e16940d-77b0-406b-ab4f-aeb5a35dc975: new RaftServerImpl for group-CD4F440B7138:[2e16940d-77b0-406b-ab4f-aeb5a35dc975:192.168.5.187:45827] with ContainerStateMachine:uninitialized
2019-07-13 16:36:16,039 INFO  server.RaftServerConfigKeys (ConfUtils.java:logGet(43)) - raft.server.rpc.timeout.min = 5s (custom)
2019-07-13 16:36:16,039 INFO  server.RaftServerConfigKeys (ConfUtils.java:logGet(43)) - raft.server.rpc.timeout.max = 5200ms (custom)
2019-07-13 16:36:16,039 INFO  server.RaftServerConfigKeys (ConfUtils.java:logGet(43)) - raft.server.rpcslowness.timeout = 120s (custom)
2019-07-13 16:36:16,039 INFO  server.RaftServerConfigKeys (ConfUtils.java:logGet(43)) - raft.server.sleep.deviation.threshold = 300 (default)
2019-07-13 16:36:16,039 INFO  server.RaftServerConfigKeys (ConfUtils.java:logGet(43)) - raft.server.log.appender.install.snapshot.enabled = false (custom)
2019-07-13 16:36:16,039 INFO  impl.RaftServerImpl (ServerState.java:<init>(105)) - 2e16940d-77b0-406b-ab4f-aeb5a35dc975:group-CD4F440B7138 ConfigurationManager, init=-1: [2e16940d-77b0-406b-ab4f-aeb5a35dc975:192.168.5.187:45827], old=null, confs=<EMPTY_MAP>
2019-07-13 16:36:16,039 INFO  server.RaftServerConfigKeys (ConfUtils.java:logGet(43)) - raft.server.storage.dir = [/tmp/workdir/hadoop-ozone/integration-test/target/test-dir/MiniOzoneClusterImpl-8a4f94c6-6d05-4673-8985-c7ce61029340/datanode-0/data/ratis] (custom)
2019-07-13 16:36:16,040 INFO  storage.RaftStorageDirectory (RaftStorageDirectory.java:analyzeStorage(246)) - The storage directory /tmp/workdir/hadoop-ozone/integration-test/target/test-dir/MiniOzoneClusterImpl-8a4f94c6-6d05-4673-8985-c7ce61029340/datanode-0/data/ratis/6779bf37-bed0-4ee7-bde4-cd4f440b7138 does not exist. Creating ...
2019-07-13 16:36:16,044 INFO  storage.RaftStorageDirectory (RaftStorageDirectory.java:tryLock(328)) - Lock on /tmp/workdir/hadoop-ozone/integration-test/target/test-dir/MiniOzoneClusterImpl-8a4f94c6-6d05-4673-8985-c7ce61029340/datanode-0/data/ratis/6779bf37-bed0-4ee7-bde4-cd4f440b7138/in_use.lock acquired by nodename 30505@trunk-nightly-z92hn-1831959607
2019-07-13 16:36:16,047 INFO  storage.RaftStorage (RaftStorage.java:format(72)) - Storage directory /tmp/workdir/hadoop-ozone/integration-test/target/test-dir/MiniOzoneClusterImpl-8a4f94c6-6d05-4673-8985-c7ce61029340/datanode-0/data/ratis/6779bf37-bed0-4ee7-bde4-cd4f440b7138 has been successfully formatted.
2019-07-13 16:36:16,047 INFO  ratis.ContainerStateMachine (ContainerStateMachine.java:loadSnapshot(200)) - The snapshot info is null.Setting the last applied index to:(t:0, i:~)
2019-07-13 16:36:16,048 INFO  server.RaftServerConfigKeys (ConfUtils.java:logGet(43)) - raft.server.leader.election.timeout = 120s (custom)
2019-07-13 16:36:16,048 INFO  server.RaftServerConfigKeys (ConfUtils.java:logGet(43)) - raft.server.log.use.memory = false (default)
2019-07-13 16:36:16,048 INFO  server.RaftServerConfigKeys (ConfUtils.java:logGet(43)) - raft.server.log.purge.gap = 1000000000 (custom)
2019-07-13 16:36:16,048 INFO  server.RaftServerConfigKeys (ConfUtils.java:logGet(43)) - raft.server.log.appender.buffer.byte-limit = 33554432 (custom)
2019-07-13 16:36:16,048 INFO  server.RaftServerConfigKeys (ConfUtils.java:logGet(43)) - raft.server.log.segment.size.max = 1048576 (custom)
2019-07-13 16:36:16,048 INFO  server.RaftServerConfigKeys (ConfUtils.java:logGet(43)) - raft.server.log.segment.cache.num.max = 2 (custom)
2019-07-13 16:36:16,048 INFO  segmented.SegmentedRaftLogWorker (SegmentedRaftLogWorker.java:<init>(172)) - new 2e16940d-77b0-406b-ab4f-aeb5a35dc975-SegmentedRaftLogWorker:Storage Directory /tmp/workdir/hadoop-ozone/integration-test/target/test-dir/MiniOzoneClusterImpl-8a4f94c6-6d05-4673-8985-c7ce61029340/datanode-0/data/ratis/6779bf37-bed0-4ee7-bde4-cd4f440b7138 for RaftStorage:Storage Directory /tmp/workdir/hadoop-ozone/integration-test/target/test-dir/MiniOzoneClusterImpl-8a4f94c6-6d05-4673-8985-c7ce61029340/datanode-0/data/ratis/6779bf37-bed0-4ee7-bde4-cd4f440b7138
2019-07-13 16:36:16,049 INFO  server.RaftServerConfigKeys (ConfUtils.java:logGet(43)) - raft.server.log.queue.byte-limit = 2147483647 (custom)
2019-07-13 16:36:16,049 INFO  server.RaftServerConfigKeys (ConfUtils.java:logGet(43)) - raft.server.log.queue.element-limit = 1024 (custom)
2019-07-13 16:36:16,049 INFO  server.RaftServerConfigKeys (ConfUtils.java:logGet(43)) - raft.server.log.segment.size.max = 1048576 (custom)
2019-07-13 16:36:16,049 INFO  server.RaftServerConfigKeys (ConfUtils.java:logGet(43)) - raft.server.log.preallocated.size = 16384 (custom)
2019-07-13 16:36:16,049 INFO  server.RaftServerConfigKeys (ConfUtils.java:logGet(43)) - raft.server.log.write.buffer.size = 33554432 (custom)
2019-07-13 16:36:16,049 INFO  server.RaftServerConfigKeys (ConfUtils.java:logGet(43)) - raft.server.log.force.sync.num = 128 (default)
2019-07-13 16:36:16,050 INFO  server.RaftServerConfigKeys (ConfUtils.java:logGet(43)) - raft.server.log.statemachine.data.sync = true (default)
2019-07-13 16:36:16,050 INFO  server.RaftServerConfigKeys (ConfUtils.java:logGet(43)) - raft.server.log.statemachine.data.sync.timeout = 10s (default)
2019-07-13 16:36:16,050 INFO  server.RaftServerConfigKeys (ConfUtils.java:logGet(43)) - raft.server.log.statemachine.data.sync.timeout.retry = -1 (default)
2019-07-13 16:36:16,050 INFO  server.RaftServerConfigKeys (ConfUtils.java:logGet(43)) - raft.server.log.statemachine.data.caching.enabled = true (custom)
2019-07-13 16:36:16,050 INFO  segmented.SegmentedRaftLogWorker (SegmentedRaftLogWorker.java:lambda$new$0(132)) - 2e16940d-77b0-406b-ab4f-aeb5a35dc975-SegmentedRaftLogWorker:Storage Directory /tmp/workdir/hadoop-ozone/integration-test/target/test-dir/MiniOzoneClusterImpl-8a4f94c6-6d05-4673-8985-c7ce61029340/datanode-0/data/ratis/6779bf37-bed0-4ee7-bde4-cd4f440b7138: flushIndex: setUnconditionally 0 -> -1
2019-07-13 16:36:16,051 INFO  server.RaftServerConfigKeys (ConfUtils.java:logGet(43)) - raft.server.snapshot.auto.trigger.enabled = true (custom)
2019-07-13 16:36:16,051 INFO  server.RaftServerConfigKeys (ConfUtils.java:logGet(43)) - raft.server.snapshot.auto.trigger.threshold = 10000 (custom)
2019-07-13 16:36:16,051 INFO  server.RaftServerConfigKeys (ConfUtils.java:logGet(43)) - raft.server.retrycache.expirytime = 600000ms (custom)
2019-07-13 16:36:16,051 INFO  impl.RaftServerImpl (RaftServerImpl.java:start(180)) - 2e16940d-77b0-406b-ab4f-aeb5a35dc975: start group-CD4F440B7138
2019-07-13 16:36:16,052 INFO  impl.RaftServerImpl (RaftServerImpl.java:setRole(171)) - 2e16940d-77b0-406b-ab4f-aeb5a35dc975:group-CD4F440B7138 changes role from null to FOLLOWER at term 0 for startAsFollower
2019-07-13 16:36:16,052 INFO  impl.RoleInfo (RoleInfo.java:updateAndGet(143)) - 2e16940d-77b0-406b-ab4f-aeb5a35dc975: start FollowerState
2019-07-13 16:36:16,052 INFO  util.JmxRegister (JmxRegister.java:tryRegister(44)) - Successfully registered JMX Bean with object name Ratis:service=RaftServer,group=group-CD4F440B7138,id=2e16940d-77b0-406b-ab4f-aeb5a35dc975
2019-07-13 16:36:16,056 INFO  pipeline.PipelineStateManager (PipelineStateManager.java:addPipeline(56)) - Created pipeline Pipeline[ Id: 6779bf37-bed0-4ee7-bde4-cd4f440b7138, Nodes: 2e16940d-77b0-406b-ab4f-aeb5a35dc975{ip: 192.168.5.187, host: trunk-nightly-z92hn-1831959607, networkLocation: /default-rack, certSerialId: null}, Type:RATIS, Factor:ONE, State:OPEN]
2019-07-13 16:36:16,065 INFO  ozone.MiniOzoneClusterImpl (MiniOzoneClusterImpl.java:lambda$waitForClusterToBeReady$0(142)) - Waiting for cluster to be ready. Got 1 of 7 DN Heartbeats.
2019-07-13 16:36:16,201 INFO  node.SCMNodeManager (SCMNodeManager.java:register(269)) - Registered Data node : b1698c79-6c1e-4696-b1c8-e50474debd09{ip: 192.168.5.187, host: trunk-nightly-z92hn-1831959607, networkLocation: /default-rack, certSerialId: null}
2019-07-13 16:36:16,225 INFO  impl.RaftServerProxy (RaftServerProxy.java:addNew(89)) - b1698c79-6c1e-4696-b1c8-e50474debd09: addNew group-EA87B489BF96:[b1698c79-6c1e-4696-b1c8-e50474debd09:192.168.5.187:37212] returns group-EA87B489BF96:java.util.concurrent.CompletableFuture@180eab44[Not completed]
2019-07-13 16:36:16,226 INFO  impl.RaftServerImpl (RaftServerImpl.java:<init>(93)) - b1698c79-6c1e-4696-b1c8-e50474debd09: new RaftServerImpl for group-EA87B489BF96:[b1698c79-6c1e-4696-b1c8-e50474debd09:192.168.5.187:37212] with ContainerStateMachine:uninitialized
2019-07-13 16:36:16,226 INFO  server.RaftServerConfigKeys (ConfUtils.java:logGet(43)) - raft.server.rpc.timeout.min = 5s (custom)
2019-07-13 16:36:16,226 INFO  server.RaftServerConfigKeys (ConfUtils.java:logGet(43)) - raft.server.rpc.timeout.max = 5200ms (custom)
2019-07-13 16:36:16,226 INFO  server.RaftServerConfigKeys (ConfUtils.java:logGet(43)) - raft.server.rpcslowness.timeout = 120s (custom)
2019-07-13 16:36:16,226 INFO  server.RaftServerConfigKeys (ConfUtils.java:logGet(43)) - raft.server.sleep.deviation.threshold = 300 (default)
2019-07-13 16:36:16,226 INFO  server.RaftServerConfigKeys (ConfUtils.java:logGet(43)) - raft.server.log.appender.install.snapshot.enabled = false (custom)
2019-07-13 16:36:16,227 INFO  impl.RaftServerImpl (ServerState.java:<init>(105)) - b1698c79-6c1e-4696-b1c8-e50474debd09:group-EA87B489BF96 ConfigurationManager, init=-1: [b1698c79-6c1e-4696-b1c8-e50474debd09:192.168.5.187:37212], old=null, confs=<EMPTY_MAP>
2019-07-13 16:36:16,227 INFO  server.RaftServerConfigKeys (ConfUtils.java:logGet(43)) - raft.server.storage.dir = [/tmp/workdir/hadoop-ozone/integration-test/target/test-dir/MiniOzoneClusterImpl-8a4f94c6-6d05-4673-8985-c7ce61029340/datanode-1/data/ratis] (custom)
2019-07-13 16:36:16,227 INFO  storage.RaftStorageDirectory (RaftStorageDirectory.java:analyzeStorage(246)) - The storage directory /tmp/workdir/hadoop-ozone/integration-test/target/test-dir/MiniOzoneClusterImpl-8a4f94c6-6d05-4673-8985-c7ce61029340/datanode-1/data/ratis/31f313c6-df36-48ea-bdc6-ea87b489bf96 does not exist. Creating ...
2019-07-13 16:36:16,255 INFO  storage.RaftStorageDirectory (RaftStorageDirectory.java:tryLock(328)) - Lock on /tmp/workdir/hadoop-ozone/integration-test/target/test-dir/MiniOzoneClusterImpl-8a4f94c6-6d05-4673-8985-c7ce61029340/datanode-1/data/ratis/31f313c6-df36-48ea-bdc6-ea87b489bf96/in_use.lock acquired by nodename 30505@trunk-nightly-z92hn-1831959607
2019-07-13 16:36:16,266 INFO  storage.RaftStorage (RaftStorage.java:format(72)) - Storage directory /tmp/workdir/hadoop-ozone/integration-test/target/test-dir/MiniOzoneClusterImpl-8a4f94c6-6d05-4673-8985-c7ce61029340/datanode-1/data/ratis/31f313c6-df36-48ea-bdc6-ea87b489bf96 has been successfully formatted.
2019-07-13 16:36:16,266 INFO  ratis.ContainerStateMachine (ContainerStateMachine.java:loadSnapshot(200)) - The snapshot info is null.Setting the last applied index to:(t:0, i:~)
2019-07-13 16:36:16,267 INFO  server.RaftServerConfigKeys (ConfUtils.java:logGet(43)) - raft.server.leader.election.timeout = 120s (custom)
2019-07-13 16:36:16,267 INFO  server.RaftServerConfigKeys (ConfUtils.java:logGet(43)) - raft.server.log.use.memory = false (default)
2019-07-13 16:36:16,267 INFO  server.RaftServerConfigKeys (ConfUtils.java:logGet(43)) - raft.server.log.purge.gap = 1000000000 (custom)
2019-07-13 16:36:16,267 INFO  server.RaftServerConfigKeys (ConfUtils.java:logGet(43)) - raft.server.log.appender.buffer.byte-limit = 33554432 (custom)
2019-07-13 16:36:16,267 INFO  server.RaftServerConfigKeys (ConfUtils.java:logGet(43)) - raft.server.log.segment.size.max = 1048576 (custom)
2019-07-13 16:36:16,267 INFO  server.RaftServerConfigKeys (ConfUtils.java:logGet(43)) - raft.server.log.segment.cache.num.max = 2 (custom)
2019-07-13 16:36:16,267 INFO  segmented.SegmentedRaftLogWorker (SegmentedRaftLogWorker.java:<init>(172)) - new b1698c79-6c1e-4696-b1c8-e50474debd09-SegmentedRaftLogWorker:Storage Directory /tmp/workdir/hadoop-ozone/integration-test/target/test-dir/MiniOzoneClusterImpl-8a4f94c6-6d05-4673-8985-c7ce61029340/datanode-1/data/ratis/31f313c6-df36-48ea-bdc6-ea87b489bf96 for RaftStorage:Storage Directory /tmp/workdir/hadoop-ozone/integration-test/target/test-dir/MiniOzoneClusterImpl-8a4f94c6-6d05-4673-8985-c7ce61029340/datanode-1/data/ratis/31f313c6-df36-48ea-bdc6-ea87b489bf96
2019-07-13 16:36:16,268 INFO  server.RaftServerConfigKeys (ConfUtils.java:logGet(43)) - raft.server.log.queue.byte-limit = 2147483647 (custom)
2019-07-13 16:36:16,268 INFO  server.RaftServerConfigKeys (ConfUtils.java:logGet(43)) - raft.server.log.queue.element-limit = 1024 (custom)
2019-07-13 16:36:16,268 INFO  server.RaftServerConfigKeys (ConfUtils.java:logGet(43)) - raft.server.log.segment.size.max = 1048576 (custom)
2019-07-13 16:36:16,268 INFO  server.RaftServerConfigKeys (ConfUtils.java:logGet(43)) - raft.server.log.preallocated.size = 16384 (custom)
2019-07-13 16:36:16,268 INFO  server.RaftServerConfigKeys (ConfUtils.java:logGet(43)) - raft.server.log.write.buffer.size = 33554432 (custom)
2019-07-13 16:36:16,268 INFO  server.RaftServerConfigKeys (ConfUtils.java:logGet(43)) - raft.server.log.force.sync.num = 128 (default)
2019-07-13 16:36:16,269 INFO  server.RaftServerConfigKeys (ConfUtils.java:logGet(43)) - raft.server.log.statemachine.data.sync = true (default)
2019-07-13 16:36:16,269 INFO  server.RaftServerConfigKeys (ConfUtils.java:logGet(43)) - raft.server.log.statemachine.data.sync.timeout = 10s (default)
2019-07-13 16:36:16,269 INFO  server.RaftServerConfigKeys (ConfUtils.java:logGet(43)) - raft.server.log.statemachine.data.sync.timeout.retry = -1 (default)
2019-07-13 16:36:16,269 INFO  server.RaftServerConfigKeys (ConfUtils.java:logGet(43)) - raft.server.log.statemachine.data.caching.enabled = true (custom)
2019-07-13 16:36:16,270 INFO  segmented.SegmentedRaftLogWorker (SegmentedRaftLogWorker.java:lambda$new$0(132)) - b1698c79-6c1e-4696-b1c8-e50474debd09-SegmentedRaftLogWorker:Storage Directory /tmp/workdir/hadoop-ozone/integration-test/target/test-dir/MiniOzoneClusterImpl-8a4f94c6-6d05-4673-8985-c7ce61029340/datanode-1/data/ratis/31f313c6-df36-48ea-bdc6-ea87b489bf96: flushIndex: setUnconditionally 0 -> -1
2019-07-13 16:36:16,270 INFO  server.RaftServerConfigKeys (ConfUtils.java:logGet(43)) - raft.server.snapshot.auto.trigger.enabled = true (custom)
2019-07-13 16:36:16,270 INFO  server.RaftServerConfigKeys (ConfUtils.java:logGet(43)) - raft.server.snapshot.auto.trigger.threshold = 10000 (custom)
2019-07-13 16:36:16,270 INFO  server.RaftServerConfigKeys (ConfUtils.java:logGet(43)) - raft.server.retrycache.expirytime = 600000ms (custom)
2019-07-13 16:36:16,270 INFO  impl.RaftServerImpl (RaftServerImpl.java:start(180)) - b1698c79-6c1e-4696-b1c8-e50474debd09: start group-EA87B489BF96
2019-07-13 16:36:16,271 INFO  impl.RaftServerImpl (RaftServerImpl.java:setRole(171)) - b1698c79-6c1e-4696-b1c8-e50474debd09:group-EA87B489BF96 changes role from null to FOLLOWER at term 0 for startAsFollower
2019-07-13 16:36:16,271 INFO  impl.RoleInfo (RoleInfo.java:updateAndGet(143)) - b1698c79-6c1e-4696-b1c8-e50474debd09: start FollowerState
2019-07-13 16:36:16,271 INFO  util.JmxRegister (JmxRegister.java:tryRegister(44)) - Successfully registered JMX Bean with object name Ratis:service=RaftServer,group=group-EA87B489BF96,id=b1698c79-6c1e-4696-b1c8-e50474debd09
2019-07-13 16:36:16,276 INFO  pipeline.PipelineStateManager (PipelineStateManager.java:addPipeline(56)) - Created pipeline Pipeline[ Id: 31f313c6-df36-48ea-bdc6-ea87b489bf96, Nodes: b1698c79-6c1e-4696-b1c8-e50474debd09{ip: 192.168.5.187, host: trunk-nightly-z92hn-1831959607, networkLocation: /default-rack, certSerialId: null}, Type:RATIS, Factor:ONE, State:OPEN]
2019-07-13 16:36:16,396 INFO  node.SCMNodeManager (SCMNodeManager.java:register(269)) - Registered Data node : 5e4e48d9-7c0e-4eee-bd59-3427149a0d7c{ip: 192.168.5.187, host: trunk-nightly-z92hn-1831959607, networkLocation: /default-rack, certSerialId: null}
2019-07-13 16:36:16,405 INFO  impl.RaftServerProxy (RaftServerProxy.java:addNew(89)) - 5e4e48d9-7c0e-4eee-bd59-3427149a0d7c: addNew group-162CDBD7F019:[5e4e48d9-7c0e-4eee-bd59-3427149a0d7c:192.168.5.187:34716] returns group-162CDBD7F019:java.util.concurrent.CompletableFuture@44e9ddfd[Not completed]
2019-07-13 16:36:16,406 INFO  impl.RaftServerImpl (RaftServerImpl.java:<init>(93)) - 5e4e48d9-7c0e-4eee-bd59-3427149a0d7c: new RaftServerImpl for group-162CDBD7F019:[5e4e48d9-7c0e-4eee-bd59-3427149a0d7c:192.168.5.187:34716] with ContainerStateMachine:uninitialized
2019-07-13 16:36:16,406 INFO  server.RaftServerConfigKeys (ConfUtils.java:logGet(43)) - raft.server.rpc.timeout.min = 5s (custom)
2019-07-13 16:36:16,406 INFO  server.RaftServerConfigKeys (ConfUtils.java:logGet(43)) - raft.server.rpc.timeout.max = 5200ms (custom)
2019-07-13 16:36:16,406 INFO  server.RaftServerConfigKeys (ConfUtils.java:logGet(43)) - raft.server.rpcslowness.timeout = 120s (custom)
2019-07-13 16:36:16,406 INFO  server.RaftServerConfigKeys (ConfUtils.java:logGet(43)) - raft.server.sleep.deviation.threshold = 300 (default)
2019-07-13 16:36:16,406 INFO  server.RaftServerConfigKeys (ConfUtils.java:logGet(43)) - raft.server.log.appender.install.snapshot.enabled = false (custom)
2019-07-13 16:36:16,407 INFO  impl.RaftServerImpl (ServerState.java:<init>(105)) - 5e4e48d9-7c0e-4eee-bd59-3427149a0d7c:group-162CDBD7F019 ConfigurationManager, init=-1: [5e4e48d9-7c0e-4eee-bd59-3427149a0d7c:192.168.5.187:34716], old=null, confs=<EMPTY_MAP>
2019-07-13 16:36:16,407 INFO  server.RaftServerConfigKeys (ConfUtils.java:logGet(43)) - raft.server.storage.dir = [/tmp/workdir/hadoop-ozone/integration-test/target/test-dir/MiniOzoneClusterImpl-8a4f94c6-6d05-4673-8985-c7ce61029340/datanode-2/data/ratis] (custom)
2019-07-13 16:36:16,407 INFO  storage.RaftStorageDirectory (RaftStorageDirectory.java:analyzeStorage(246)) - The storage directory /tmp/workdir/hadoop-ozone/integration-test/target/test-dir/MiniOzoneClusterImpl-8a4f94c6-6d05-4673-8985-c7ce61029340/datanode-2/data/ratis/1ffcb854-9967-4c38-a604-162cdbd7f019 does not exist. Creating ...
2019-07-13 16:36:16,419 INFO  storage.RaftStorageDirectory (RaftStorageDirectory.java:tryLock(328)) - Lock on /tmp/workdir/hadoop-ozone/integration-test/target/test-dir/MiniOzoneClusterImpl-8a4f94c6-6d05-4673-8985-c7ce61029340/datanode-2/data/ratis/1ffcb854-9967-4c38-a604-162cdbd7f019/in_use.lock acquired by nodename 30505@trunk-nightly-z92hn-1831959607
2019-07-13 16:36:16,423 INFO  storage.RaftStorage (RaftStorage.java:format(72)) - Storage directory /tmp/workdir/hadoop-ozone/integration-test/target/test-dir/MiniOzoneClusterImpl-8a4f94c6-6d05-4673-8985-c7ce61029340/datanode-2/data/ratis/1ffcb854-9967-4c38-a604-162cdbd7f019 has been successfully formatted.
2019-07-13 16:36:16,423 INFO  ratis.ContainerStateMachine (ContainerStateMachine.java:loadSnapshot(200)) - The snapshot info is null.Setting the last applied index to:(t:0, i:~)
2019-07-13 16:36:16,423 INFO  server.RaftServerConfigKeys (ConfUtils.java:logGet(43)) - raft.server.leader.election.timeout = 120s (custom)
2019-07-13 16:36:16,423 INFO  server.RaftServerConfigKeys (ConfUtils.java:logGet(43)) - raft.server.log.use.memory = false (default)
2019-07-13 16:36:16,423 INFO  server.RaftServerConfigKeys (ConfUtils.java:logGet(43)) - raft.server.log.purge.gap = 1000000000 (custom)
2019-07-13 16:36:16,423 INFO  server.RaftServerConfigKeys (ConfUtils.java:logGet(43)) - raft.server.log.appender.buffer.byte-limit = 33554432 (custom)
2019-07-13 16:36:16,424 INFO  server.RaftServerConfigKeys (ConfUtils.java:logGet(43)) - raft.server.log.segment.size.max = 1048576 (custom)
2019-07-13 16:36:16,424 INFO  server.RaftServerConfigKeys (ConfUtils.java:logGet(43)) - raft.server.log.segment.cache.num.max = 2 (custom)
2019-07-13 16:36:16,424 INFO  segmented.SegmentedRaftLogWorker (SegmentedRaftLogWorker.java:<init>(172)) - new 5e4e48d9-7c0e-4eee-bd59-3427149a0d7c-SegmentedRaftLogWorker:Storage Directory /tmp/workdir/hadoop-ozone/integration-test/target/test-dir/MiniOzoneClusterImpl-8a4f94c6-6d05-4673-8985-c7ce61029340/datanode-2/data/ratis/1ffcb854-9967-4c38-a604-162cdbd7f019 for RaftStorage:Storage Directory /tmp/workdir/hadoop-ozone/integration-test/target/test-dir/MiniOzoneClusterImpl-8a4f94c6-6d05-4673-8985-c7ce61029340/datanode-2/data/ratis/1ffcb854-9967-4c38-a604-162cdbd7f019
2019-07-13 16:36:16,424 INFO  server.RaftServerConfigKeys (ConfUtils.java:logGet(43)) - raft.server.log.queue.byte-limit = 2147483647 (custom)
2019-07-13 16:36:16,424 INFO  server.RaftServerConfigKeys (ConfUtils.java:logGet(43)) - raft.server.log.queue.element-limit = 1024 (custom)
2019-07-13 16:36:16,425 INFO  server.RaftServerConfigKeys (ConfUtils.java:logGet(43)) - raft.server.log.segment.size.max = 1048576 (custom)
2019-07-13 16:36:16,425 INFO  server.RaftServerConfigKeys (ConfUtils.java:logGet(43)) - raft.server.log.preallocated.size = 16384 (custom)
2019-07-13 16:36:16,425 INFO  server.RaftServerConfigKeys (ConfUtils.java:logGet(43)) - raft.server.log.write.buffer.size = 33554432 (custom)
2019-07-13 16:36:16,425 INFO  server.RaftServerConfigKeys (ConfUtils.java:logGet(43)) - raft.server.log.force.sync.num = 128 (default)
2019-07-13 16:36:16,425 INFO  server.RaftServerConfigKeys (ConfUtils.java:logGet(43)) - raft.server.log.statemachine.data.sync = true (default)
2019-07-13 16:36:16,425 INFO  server.RaftServerConfigKeys (ConfUtils.java:logGet(43)) - raft.server.log.statemachine.data.sync.timeout = 10s (default)
2019-07-13 16:36:16,426 INFO  server.RaftServerConfigKeys (ConfUtils.java:logGet(43)) - raft.server.log.statemachine.data.sync.timeout.retry = -1 (default)
2019-07-13 16:36:16,426 INFO  server.RaftServerConfigKeys (ConfUtils.java:logGet(43)) - raft.server.log.statemachine.data.caching.enabled = true (custom)
2019-07-13 16:36:16,426 INFO  segmented.SegmentedRaftLogWorker (SegmentedRaftLogWorker.java:lambda$new$0(132)) - 5e4e48d9-7c0e-4eee-bd59-3427149a0d7c-SegmentedRaftLogWorker:Storage Directory /tmp/workdir/hadoop-ozone/integration-test/target/test-dir/MiniOzoneClusterImpl-8a4f94c6-6d05-4673-8985-c7ce61029340/datanode-2/data/ratis/1ffcb854-9967-4c38-a604-162cdbd7f019: flushIndex: setUnconditionally 0 -> -1
2019-07-13 16:36:16,427 INFO  server.RaftServerConfigKeys (ConfUtils.java:logGet(43)) - raft.server.snapshot.auto.trigger.enabled = true (custom)
2019-07-13 16:36:16,427 INFO  server.RaftServerConfigKeys (ConfUtils.java:logGet(43)) - raft.server.snapshot.auto.trigger.threshold = 10000 (custom)
2019-07-13 16:36:16,427 INFO  server.RaftServerConfigKeys (ConfUtils.java:logGet(43)) - raft.server.retrycache.expirytime = 600000ms (custom)
2019-07-13 16:36:16,427 INFO  impl.RaftServerImpl (RaftServerImpl.java:start(180)) - 5e4e48d9-7c0e-4eee-bd59-3427149a0d7c: start group-162CDBD7F019
2019-07-13 16:36:16,427 INFO  impl.RaftServerImpl (RaftServerImpl.java:setRole(171)) - 5e4e48d9-7c0e-4eee-bd59-3427149a0d7c:group-162CDBD7F019 changes role from null to FOLLOWER at term 0 for startAsFollower
2019-07-13 16:36:16,427 INFO  impl.RoleInfo (RoleInfo.java:updateAndGet(143)) - 5e4e48d9-7c0e-4eee-bd59-3427149a0d7c: start FollowerState
2019-07-13 16:36:16,428 INFO  util.JmxRegister (JmxRegister.java:tryRegister(44)) - Successfully registered JMX Bean with object name Ratis:service=RaftServer,group=group-162CDBD7F019,id=5e4e48d9-7c0e-4eee-bd59-3427149a0d7c
2019-07-13 16:36:16,432 INFO  pipeline.PipelineStateManager (PipelineStateManager.java:addPipeline(56)) - Created pipeline Pipeline[ Id: 1ffcb854-9967-4c38-a604-162cdbd7f019, Nodes: 5e4e48d9-7c0e-4eee-bd59-3427149a0d7c{ip: 192.168.5.187, host: trunk-nightly-z92hn-1831959607, networkLocation: /default-rack, certSerialId: null}, Type:RATIS, Factor:ONE, State:OPEN]
2019-07-13 16:36:16,445 INFO  impl.RaftServerProxy (RaftServerProxy.java:addNew(89)) - b1698c79-6c1e-4696-b1c8-e50474debd09: addNew group-F8FA5917D36E:[b1698c79-6c1e-4696-b1c8-e50474debd09:192.168.5.187:37212, 2e16940d-77b0-406b-ab4f-aeb5a35dc975:192.168.5.187:45827, 5e4e48d9-7c0e-4eee-bd59-3427149a0d7c:192.168.5.187:34716] returns group-F8FA5917D36E:java.util.concurrent.CompletableFuture@3723e0a9[Not completed]
2019-07-13 16:36:16,447 INFO  impl.RaftServerProxy (RaftServerProxy.java:addNew(89)) - 5e4e48d9-7c0e-4eee-bd59-3427149a0d7c: addNew group-F8FA5917D36E:[b1698c79-6c1e-4696-b1c8-e50474debd09:192.168.5.187:37212, 2e16940d-77b0-406b-ab4f-aeb5a35dc975:192.168.5.187:45827, 5e4e48d9-7c0e-4eee-bd59-3427149a0d7c:192.168.5.187:34716] returns group-F8FA5917D36E:java.util.concurrent.CompletableFuture@62ec8713[Not completed]
2019-07-13 16:36:16,447 INFO  impl.RaftServerProxy (RaftServerProxy.java:addNew(89)) - 2e16940d-77b0-406b-ab4f-aeb5a35dc975: addNew group-F8FA5917D36E:[b1698c79-6c1e-4696-b1c8-e50474debd09:192.168.5.187:37212, 2e16940d-77b0-406b-ab4f-aeb5a35dc975:192.168.5.187:45827, 5e4e48d9-7c0e-4eee-bd59-3427149a0d7c:192.168.5.187:34716] returns group-F8FA5917D36E:java.util.concurrent.CompletableFuture@151df05b[Not completed]
2019-07-13 16:36:16,448 INFO  impl.RaftServerImpl (RaftServerImpl.java:<init>(93)) - b1698c79-6c1e-4696-b1c8-e50474debd09: new RaftServerImpl for group-F8FA5917D36E:[b1698c79-6c1e-4696-b1c8-e50474debd09:192.168.5.187:37212, 2e16940d-77b0-406b-ab4f-aeb5a35dc975:192.168.5.187:45827, 5e4e48d9-7c0e-4eee-bd59-3427149a0d7c:192.168.5.187:34716] with ContainerStateMachine:uninitialized
2019-07-13 16:36:16,448 INFO  server.RaftServerConfigKeys (ConfUtils.java:logGet(43)) - raft.server.rpc.timeout.min = 5s (custom)
2019-07-13 16:36:16,448 INFO  server.RaftServerConfigKeys (ConfUtils.java:logGet(43)) - raft.server.rpc.timeout.max = 5200ms (custom)
2019-07-13 16:36:16,448 INFO  impl.RaftServerImpl (RaftServerImpl.java:<init>(93)) - 2e16940d-77b0-406b-ab4f-aeb5a35dc975: new RaftServerImpl for group-F8FA5917D36E:[b1698c79-6c1e-4696-b1c8-e50474debd09:192.168.5.187:37212, 2e16940d-77b0-406b-ab4f-aeb5a35dc975:192.168.5.187:45827, 5e4e48d9-7c0e-4eee-bd59-3427149a0d7c:192.168.5.187:34716] with ContainerStateMachine:uninitialized
2019-07-13 16:36:16,448 INFO  server.RaftServerConfigKeys (ConfUtils.java:logGet(43)) - raft.server.rpcslowness.timeout = 120s (custom)
2019-07-13 16:36:16,448 INFO  server.RaftServerConfigKeys (ConfUtils.java:logGet(43)) - raft.server.rpc.timeout.min = 5s (custom)
2019-07-13 16:36:16,449 INFO  impl.RaftServerImpl (RaftServerImpl.java:<init>(93)) - 5e4e48d9-7c0e-4eee-bd59-3427149a0d7c: new RaftServerImpl for group-F8FA5917D36E:[b1698c79-6c1e-4696-b1c8-e50474debd09:192.168.5.187:37212, 2e16940d-77b0-406b-ab4f-aeb5a35dc975:192.168.5.187:45827, 5e4e48d9-7c0e-4eee-bd59-3427149a0d7c:192.168.5.187:34716] with ContainerStateMachine:uninitialized
2019-07-13 16:36:16,449 INFO  server.RaftServerConfigKeys (ConfUtils.java:logGet(43)) - raft.server.sleep.deviation.threshold = 300 (default)
2019-07-13 16:36:16,449 INFO  server.RaftServerConfigKeys (ConfUtils.java:logGet(43)) - raft.server.rpc.timeout.min = 5s (custom)
2019-07-13 16:36:16,449 INFO  server.RaftServerConfigKeys (ConfUtils.java:logGet(43)) - raft.server.rpc.timeout.max = 5200ms (custom)
2019-07-13 16:36:16,449 INFO  server.RaftServerConfigKeys (ConfUtils.java:logGet(43)) - raft.server.rpc.timeout.max = 5200ms (custom)
2019-07-13 16:36:16,449 INFO  server.RaftServerConfigKeys (ConfUtils.java:logGet(43)) - raft.server.rpcslowness.timeout = 120s (custom)
2019-07-13 16:36:16,450 INFO  server.RaftServerConfigKeys (ConfUtils.java:logGet(43)) - raft.server.sleep.deviation.threshold = 300 (default)
2019-07-13 16:36:16,449 INFO  server.RaftServerConfigKeys (ConfUtils.java:logGet(43)) - raft.server.log.appender.install.snapshot.enabled = false (custom)
2019-07-13 16:36:16,450 INFO  server.RaftServerConfigKeys (ConfUtils.java:logGet(43)) - raft.server.log.appender.install.snapshot.enabled = false (custom)
2019-07-13 16:36:16,450 INFO  server.RaftServerConfigKeys (ConfUtils.java:logGet(43)) - raft.server.rpcslowness.timeout = 120s (custom)
2019-07-13 16:36:16,450 INFO  impl.RaftServerImpl (ServerState.java:<init>(105)) - 5e4e48d9-7c0e-4eee-bd59-3427149a0d7c:group-F8FA5917D36E ConfigurationManager, init=-1: [b1698c79-6c1e-4696-b1c8-e50474debd09:192.168.5.187:37212, 2e16940d-77b0-406b-ab4f-aeb5a35dc975:192.168.5.187:45827, 5e4e48d9-7c0e-4eee-bd59-3427149a0d7c:192.168.5.187:34716], old=null, confs=<EMPTY_MAP>
2019-07-13 16:36:16,450 INFO  impl.RaftServerImpl (ServerState.java:<init>(105)) - b1698c79-6c1e-4696-b1c8-e50474debd09:group-F8FA5917D36E ConfigurationManager, init=-1: [b1698c79-6c1e-4696-b1c8-e50474debd09:192.168.5.187:37212, 2e16940d-77b0-406b-ab4f-aeb5a35dc975:192.168.5.187:45827, 5e4e48d9-7c0e-4eee-bd59-3427149a0d7c:192.168.5.187:34716], old=null, confs=<EMPTY_MAP>
2019-07-13 16:36:16,450 INFO  server.RaftServerConfigKeys (ConfUtils.java:logGet(43)) - raft.server.storage.dir = [/tmp/workdir/hadoop-ozone/integration-test/target/test-dir/MiniOzoneClusterImpl-8a4f94c6-6d05-4673-8985-c7ce61029340/datanode-2/data/ratis] (custom)
2019-07-13 16:36:16,450 INFO  server.RaftServerConfigKeys (ConfUtils.java:logGet(43)) - raft.server.sleep.deviation.threshold = 300 (default)
2019-07-13 16:36:16,451 INFO  server.RaftServerConfigKeys (ConfUtils.java:logGet(43)) - raft.server.storage.dir = [/tmp/workdir/hadoop-ozone/integration-test/target/test-dir/MiniOzoneClusterImpl-8a4f94c6-6d05-4673-8985-c7ce61029340/datanode-1/data/ratis] (custom)
2019-07-13 16:36:16,451 INFO  storage.RaftStorageDirectory (RaftStorageDirectory.java:analyzeStorage(246)) - The storage directory /tmp/workdir/hadoop-ozone/integration-test/target/test-dir/MiniOzoneClusterImpl-8a4f94c6-6d05-4673-8985-c7ce61029340/datanode-2/data/ratis/5eb98c4e-7727-4c18-92df-f8fa5917d36e does not exist. Creating ...
2019-07-13 16:36:16,451 INFO  server.RaftServerConfigKeys (ConfUtils.java:logGet(43)) - raft.server.log.appender.install.snapshot.enabled = false (custom)
2019-07-13 16:36:16,451 INFO  storage.RaftStorageDirectory (RaftStorageDirectory.java:analyzeStorage(246)) - The storage directory /tmp/workdir/hadoop-ozone/integration-test/target/test-dir/MiniOzoneClusterImpl-8a4f94c6-6d05-4673-8985-c7ce61029340/datanode-1/data/ratis/5eb98c4e-7727-4c18-92df-f8fa5917d36e does not exist. Creating ...
2019-07-13 16:36:16,451 INFO  impl.RaftServerImpl (ServerState.java:<init>(105)) - 2e16940d-77b0-406b-ab4f-aeb5a35dc975:group-F8FA5917D36E ConfigurationManager, init=-1: [b1698c79-6c1e-4696-b1c8-e50474debd09:192.168.5.187:37212, 2e16940d-77b0-406b-ab4f-aeb5a35dc975:192.168.5.187:45827, 5e4e48d9-7c0e-4eee-bd59-3427149a0d7c:192.168.5.187:34716], old=null, confs=<EMPTY_MAP>
2019-07-13 16:36:16,452 INFO  server.RaftServerConfigKeys (ConfUtils.java:logGet(43)) - raft.server.storage.dir = [/tmp/workdir/hadoop-ozone/integration-test/target/test-dir/MiniOzoneClusterImpl-8a4f94c6-6d05-4673-8985-c7ce61029340/datanode-0/data/ratis] (custom)
2019-07-13 16:36:16,452 INFO  storage.RaftStorageDirectory (RaftStorageDirectory.java:analyzeStorage(246)) - The storage directory /tmp/workdir/hadoop-ozone/integration-test/target/test-dir/MiniOzoneClusterImpl-8a4f94c6-6d05-4673-8985-c7ce61029340/datanode-0/data/ratis/5eb98c4e-7727-4c18-92df-f8fa5917d36e does not exist. Creating ...
2019-07-13 16:36:16,480 INFO  storage.RaftStorageDirectory (RaftStorageDirectory.java:tryLock(328)) - Lock on /tmp/workdir/hadoop-ozone/integration-test/target/test-dir/MiniOzoneClusterImpl-8a4f94c6-6d05-4673-8985-c7ce61029340/datanode-1/data/ratis/5eb98c4e-7727-4c18-92df-f8fa5917d36e/in_use.lock acquired by nodename 30505@trunk-nightly-z92hn-1831959607
2019-07-13 16:36:16,480 INFO  storage.RaftStorageDirectory (RaftStorageDirectory.java:tryLock(328)) - Lock on /tmp/workdir/hadoop-ozone/integration-test/target/test-dir/MiniOzoneClusterImpl-8a4f94c6-6d05-4673-8985-c7ce61029340/datanode-0/data/ratis/5eb98c4e-7727-4c18-92df-f8fa5917d36e/in_use.lock acquired by nodename 30505@trunk-nightly-z92hn-1831959607
2019-07-13 16:36:16,480 INFO  storage.RaftStorageDirectory (RaftStorageDirectory.java:tryLock(328)) - Lock on /tmp/workdir/hadoop-ozone/integration-test/target/test-dir/MiniOzoneClusterImpl-8a4f94c6-6d05-4673-8985-c7ce61029340/datanode-2/data/ratis/5eb98c4e-7727-4c18-92df-f8fa5917d36e/in_use.lock acquired by nodename 30505@trunk-nightly-z92hn-1831959607
2019-07-13 16:36:16,492 INFO  storage.RaftStorage (RaftStorage.java:format(72)) - Storage directory /tmp/workdir/hadoop-ozone/integration-test/target/test-dir/MiniOzoneClusterImpl-8a4f94c6-6d05-4673-8985-c7ce61029340/datanode-0/data/ratis/5eb98c4e-7727-4c18-92df-f8fa5917d36e has been successfully formatted.
2019-07-13 16:36:16,492 INFO  storage.RaftStorage (RaftStorage.java:format(72)) - Storage directory /tmp/workdir/hadoop-ozone/integration-test/target/test-dir/MiniOzoneClusterImpl-8a4f94c6-6d05-4673-8985-c7ce61029340/datanode-2/data/ratis/5eb98c4e-7727-4c18-92df-f8fa5917d36e has been successfully formatted.
2019-07-13 16:36:16,492 INFO  storage.RaftStorage (RaftStorage.java:format(72)) - Storage directory /tmp/workdir/hadoop-ozone/integration-test/target/test-dir/MiniOzoneClusterImpl-8a4f94c6-6d05-4673-8985-c7ce61029340/datanode-1/data/ratis/5eb98c4e-7727-4c18-92df-f8fa5917d36e has been successfully formatted.
2019-07-13 16:36:16,492 INFO  ratis.ContainerStateMachine (ContainerStateMachine.java:loadSnapshot(200)) - The snapshot info is null.Setting the last applied index to:(t:0, i:~)
2019-07-13 16:36:16,492 INFO  ratis.ContainerStateMachine (ContainerStateMachine.java:loadSnapshot(200)) - The snapshot info is null.Setting the last applied index to:(t:0, i:~)
2019-07-13 16:36:16,493 INFO  server.RaftServerConfigKeys (ConfUtils.java:logGet(43)) - raft.server.leader.election.timeout = 120s (custom)
2019-07-13 16:36:16,493 INFO  server.RaftServerConfigKeys (ConfUtils.java:logGet(43)) - raft.server.log.use.memory = false (default)
2019-07-13 16:36:16,493 INFO  ratis.ContainerStateMachine (ContainerStateMachine.java:loadSnapshot(200)) - The snapshot info is null.Setting the last applied index to:(t:0, i:~)
2019-07-13 16:36:16,493 INFO  server.RaftServerConfigKeys (ConfUtils.java:logGet(43)) - raft.server.log.purge.gap = 1000000000 (custom)
2019-07-13 16:36:16,493 INFO  server.RaftServerConfigKeys (ConfUtils.java:logGet(43)) - raft.server.leader.election.timeout = 120s (custom)
2019-07-13 16:36:16,493 INFO  server.RaftServerConfigKeys (ConfUtils.java:logGet(43)) - raft.server.log.appender.buffer.byte-limit = 33554432 (custom)
2019-07-13 16:36:16,493 INFO  server.RaftServerConfigKeys (ConfUtils.java:logGet(43)) - raft.server.leader.election.timeout = 120s (custom)
2019-07-13 16:36:16,494 INFO  server.RaftServerConfigKeys (ConfUtils.java:logGet(43)) - raft.server.log.segment.size.max = 1048576 (custom)
2019-07-13 16:36:16,494 INFO  server.RaftServerConfigKeys (ConfUtils.java:logGet(43)) - raft.server.log.segment.cache.num.max = 2 (custom)
2019-07-13 16:36:16,494 INFO  server.RaftServerConfigKeys (ConfUtils.java:logGet(43)) - raft.server.log.use.memory = false (default)
2019-07-13 16:36:16,494 INFO  segmented.SegmentedRaftLogWorker (SegmentedRaftLogWorker.java:<init>(172)) - new 5e4e48d9-7c0e-4eee-bd59-3427149a0d7c-SegmentedRaftLogWorker:Storage Directory /tmp/workdir/hadoop-ozone/integration-test/target/test-dir/MiniOzoneClusterImpl-8a4f94c6-6d05-4673-8985-c7ce61029340/datanode-2/data/ratis/5eb98c4e-7727-4c18-92df-f8fa5917d36e for RaftStorage:Storage Directory /tmp/workdir/hadoop-ozone/integration-test/target/test-dir/MiniOzoneClusterImpl-8a4f94c6-6d05-4673-8985-c7ce61029340/datanode-2/data/ratis/5eb98c4e-7727-4c18-92df-f8fa5917d36e
2019-07-13 16:36:16,495 INFO  server.RaftServerConfigKeys (ConfUtils.java:logGet(43)) - raft.server.log.queue.byte-limit = 2147483647 (custom)
2019-07-13 16:36:16,494 INFO  server.RaftServerConfigKeys (ConfUtils.java:logGet(43)) - raft.server.log.use.memory = false (default)
2019-07-13 16:36:16,495 INFO  server.RaftServerConfigKeys (ConfUtils.java:logGet(43)) - raft.server.log.queue.element-limit = 1024 (custom)
2019-07-13 16:36:16,494 INFO  server.RaftServerConfigKeys (ConfUtils.java:logGet(43)) - raft.server.log.purge.gap = 1000000000 (custom)
2019-07-13 16:36:16,495 INFO  server.RaftServerConfigKeys (ConfUtils.java:logGet(43)) - raft.server.log.segment.size.max = 1048576 (custom)
2019-07-13 16:36:16,495 INFO  server.RaftServerConfigKeys (ConfUtils.java:logGet(43)) - raft.server.log.purge.gap = 1000000000 (custom)
2019-07-13 16:36:16,495 INFO  server.RaftServerConfigKeys (ConfUtils.java:logGet(43)) - raft.server.log.preallocated.size = 16384 (custom)
2019-07-13 16:36:16,496 INFO  server.RaftServerConfigKeys (ConfUtils.java:logGet(43)) - raft.server.log.write.buffer.size = 33554432 (custom)
2019-07-13 16:36:16,495 INFO  server.RaftServerConfigKeys (ConfUtils.java:logGet(43)) - raft.server.log.appender.buffer.byte-limit = 33554432 (custom)
2019-07-13 16:36:16,496 INFO  server.RaftServerConfigKeys (ConfUtils.java:logGet(43)) - raft.server.log.force.sync.num = 128 (default)
2019-07-13 16:36:16,496 INFO  server.RaftServerConfigKeys (ConfUtils.java:logGet(43)) - raft.server.log.statemachine.data.sync = true (default)
2019-07-13 16:36:16,496 INFO  server.RaftServerConfigKeys (ConfUtils.java:logGet(43)) - raft.server.log.appender.buffer.byte-limit = 33554432 (custom)
2019-07-13 16:36:16,496 INFO  server.RaftServerConfigKeys (ConfUtils.java:logGet(43)) - raft.server.log.statemachine.data.sync.timeout = 10s (default)
2019-07-13 16:36:16,496 INFO  server.RaftServerConfigKeys (ConfUtils.java:logGet(43)) - raft.server.log.segment.size.max = 1048576 (custom)
2019-07-13 16:36:16,497 INFO  server.RaftServerConfigKeys (ConfUtils.java:logGet(43)) - raft.server.log.statemachine.data.sync.timeout.retry = -1 (default)
2019-07-13 16:36:16,496 INFO  server.RaftServerConfigKeys (ConfUtils.java:logGet(43)) - raft.server.log.segment.size.max = 1048576 (custom)
2019-07-13 16:36:16,497 INFO  server.RaftServerConfigKeys (ConfUtils.java:logGet(43)) - raft.server.log.statemachine.data.caching.enabled = true (custom)
2019-07-13 16:36:16,497 INFO  server.RaftServerConfigKeys (ConfUtils.java:logGet(43)) - raft.server.log.segment.cache.num.max = 2 (custom)
2019-07-13 16:36:16,497 INFO  segmented.SegmentedRaftLogWorker (SegmentedRaftLogWorker.java:lambda$new$0(132)) - 5e4e48d9-7c0e-4eee-bd59-3427149a0d7c-SegmentedRaftLogWorker:Storage Directory /tmp/workdir/hadoop-ozone/integration-test/target/test-dir/MiniOzoneClusterImpl-8a4f94c6-6d05-4673-8985-c7ce61029340/datanode-2/data/ratis/5eb98c4e-7727-4c18-92df-f8fa5917d36e: flushIndex: setUnconditionally 0 -> -1
2019-07-13 16:36:16,497 INFO  server.RaftServerConfigKeys (ConfUtils.java:logGet(43)) - raft.server.log.segment.cache.num.max = 2 (custom)
2019-07-13 16:36:16,497 INFO  segmented.SegmentedRaftLogWorker (SegmentedRaftLogWorker.java:<init>(172)) - new 2e16940d-77b0-406b-ab4f-aeb5a35dc975-SegmentedRaftLogWorker:Storage Directory /tmp/workdir/hadoop-ozone/integration-test/target/test-dir/MiniOzoneClusterImpl-8a4f94c6-6d05-4673-8985-c7ce61029340/datanode-0/data/ratis/5eb98c4e-7727-4c18-92df-f8fa5917d36e for RaftStorage:Storage Directory /tmp/workdir/hadoop-ozone/integration-test/target/test-dir/MiniOzoneClusterImpl-8a4f94c6-6d05-4673-8985-c7ce61029340/datanode-0/data/ratis/5eb98c4e-7727-4c18-92df-f8fa5917d36e
2019-07-13 16:36:16,498 INFO  server.RaftServerConfigKeys (ConfUtils.java:logGet(43)) - raft.server.snapshot.auto.trigger.enabled = true (custom)
2019-07-13 16:36:16,498 INFO  segmented.SegmentedRaftLogWorker (SegmentedRaftLogWorker.java:<init>(172)) - new b1698c79-6c1e-4696-b1c8-e50474debd09-SegmentedRaftLogWorker:Storage Directory /tmp/workdir/hadoop-ozone/integration-test/target/test-dir/MiniOzoneClusterImpl-8a4f94c6-6d05-4673-8985-c7ce61029340/datanode-1/data/ratis/5eb98c4e-7727-4c18-92df-f8fa5917d36e for RaftStorage:Storage Directory /tmp/workdir/hadoop-ozone/integration-test/target/test-dir/MiniOzoneClusterImpl-8a4f94c6-6d05-4673-8985-c7ce61029340/datanode-1/data/ratis/5eb98c4e-7727-4c18-92df-f8fa5917d36e
2019-07-13 16:36:16,498 INFO  server.RaftServerConfigKeys (ConfUtils.java:logGet(43)) - raft.server.snapshot.auto.trigger.threshold = 10000 (custom)
2019-07-13 16:36:16,498 INFO  server.RaftServerConfigKeys (ConfUtils.java:logGet(43)) - raft.server.log.queue.byte-limit = 2147483647 (custom)
2019-07-13 16:36:16,498 INFO  server.RaftServerConfigKeys (ConfUtils.java:logGet(43)) - raft.server.retrycache.expirytime = 600000ms (custom)
2019-07-13 16:36:16,498 INFO  server.RaftServerConfigKeys (ConfUtils.java:logGet(43)) - raft.server.log.queue.byte-limit = 2147483647 (custom)
2019-07-13 16:36:16,499 INFO  impl.RaftServerImpl (RaftServerImpl.java:start(180)) - 5e4e48d9-7c0e-4eee-bd59-3427149a0d7c: start group-F8FA5917D36E
2019-07-13 16:36:16,499 INFO  impl.RaftServerImpl (RaftServerImpl.java:setRole(171)) - 5e4e48d9-7c0e-4eee-bd59-3427149a0d7c:group-F8FA5917D36E changes role from null to FOLLOWER at term 0 for startAsFollower
2019-07-13 16:36:16,499 INFO  server.RaftServerConfigKeys (ConfUtils.java:logGet(43)) - raft.server.log.queue.element-limit = 1024 (custom)
2019-07-13 16:36:16,499 INFO  impl.RoleInfo (RoleInfo.java:updateAndGet(143)) - 5e4e48d9-7c0e-4eee-bd59-3427149a0d7c: start FollowerState
2019-07-13 16:36:16,499 INFO  server.RaftServerConfigKeys (ConfUtils.java:logGet(43)) - raft.server.log.queue.element-limit = 1024 (custom)
2019-07-13 16:36:16,499 INFO  server.RaftServerConfigKeys (ConfUtils.java:logGet(43)) - raft.server.log.segment.size.max = 1048576 (custom)
2019-07-13 16:36:16,500 INFO  util.JmxRegister (JmxRegister.java:tryRegister(44)) - Successfully registered JMX Bean with object name Ratis:service=RaftServer,group=group-F8FA5917D36E,id=5e4e48d9-7c0e-4eee-bd59-3427149a0d7c
2019-07-13 16:36:16,500 INFO  server.RaftServerConfigKeys (ConfUtils.java:logGet(43)) - raft.server.log.segment.size.max = 1048576 (custom)
2019-07-13 16:36:16,500 INFO  server.RaftServerConfigKeys (ConfUtils.java:logGet(43)) - raft.server.log.preallocated.size = 16384 (custom)
2019-07-13 16:36:16,500 INFO  server.RaftServerConfigKeys (ConfUtils.java:logGet(43)) - raft.server.log.preallocated.size = 16384 (custom)
2019-07-13 16:36:16,500 INFO  server.RaftServerConfigKeys (ConfUtils.java:logGet(43)) - raft.server.log.write.buffer.size = 33554432 (custom)
2019-07-13 16:36:16,500 INFO  server.RaftServerConfigKeys (ConfUtils.java:logGet(43)) - raft.server.log.write.buffer.size = 33554432 (custom)
2019-07-13 16:36:16,501 INFO  server.RaftServerConfigKeys (ConfUtils.java:logGet(43)) - raft.server.log.force.sync.num = 128 (default)
2019-07-13 16:36:16,501 INFO  server.RaftServerConfigKeys (ConfUtils.java:logGet(43)) - raft.server.log.force.sync.num = 128 (default)
2019-07-13 16:36:16,501 INFO  server.RaftServerConfigKeys (ConfUtils.java:logGet(43)) - raft.server.log.statemachine.data.sync = true (default)
2019-07-13 16:36:16,504 INFO  server.RaftServerConfigKeys (ConfUtils.java:logGet(43)) - raft.server.log.statemachine.data.sync = true (default)
2019-07-13 16:36:16,504 INFO  server.RaftServerConfigKeys (ConfUtils.java:logGet(43)) - raft.server.log.statemachine.data.sync.timeout = 10s (default)
2019-07-13 16:36:16,504 INFO  server.RaftServerConfigKeys (ConfUtils.java:logGet(43)) - raft.server.log.statemachine.data.sync.timeout.retry = -1 (default)
2019-07-13 16:36:16,504 INFO  server.RaftServerConfigKeys (ConfUtils.java:logGet(43)) - raft.server.log.statemachine.data.sync.timeout = 10s (default)
2019-07-13 16:36:16,504 INFO  server.RaftServerConfigKeys (ConfUtils.java:logGet(43)) - raft.server.log.statemachine.data.caching.enabled = true (custom)
2019-07-13 16:36:16,504 INFO  server.RaftServerConfigKeys (ConfUtils.java:logGet(43)) - raft.server.log.statemachine.data.sync.timeout.retry = -1 (default)
2019-07-13 16:36:16,505 INFO  segmented.SegmentedRaftLogWorker (SegmentedRaftLogWorker.java:lambda$new$0(132)) - 2e16940d-77b0-406b-ab4f-aeb5a35dc975-SegmentedRaftLogWorker:Storage Directory /tmp/workdir/hadoop-ozone/integration-test/target/test-dir/MiniOzoneClusterImpl-8a4f94c6-6d05-4673-8985-c7ce61029340/datanode-0/data/ratis/5eb98c4e-7727-4c18-92df-f8fa5917d36e: flushIndex: setUnconditionally 0 -> -1
2019-07-13 16:36:16,505 INFO  server.RaftServerConfigKeys (ConfUtils.java:logGet(43)) - raft.server.log.statemachine.data.caching.enabled = true (custom)
2019-07-13 16:36:16,505 INFO  server.RaftServerConfigKeys (ConfUtils.java:logGet(43)) - raft.server.snapshot.auto.trigger.enabled = true (custom)
2019-07-13 16:36:16,505 INFO  segmented.SegmentedRaftLogWorker (SegmentedRaftLogWorker.java:lambda$new$0(132)) - b1698c79-6c1e-4696-b1c8-e50474debd09-SegmentedRaftLogWorker:Storage Directory /tmp/workdir/hadoop-ozone/integration-test/target/test-dir/MiniOzoneClusterImpl-8a4f94c6-6d05-4673-8985-c7ce61029340/datanode-1/data/ratis/5eb98c4e-7727-4c18-92df-f8fa5917d36e: flushIndex: setUnconditionally 0 -> -1
2019-07-13 16:36:16,505 INFO  server.RaftServerConfigKeys (ConfUtils.java:logGet(43)) - raft.server.snapshot.auto.trigger.threshold = 10000 (custom)
2019-07-13 16:36:16,506 INFO  server.RaftServerConfigKeys (ConfUtils.java:logGet(43)) - raft.server.retrycache.expirytime = 600000ms (custom)
2019-07-13 16:36:16,506 INFO  server.RaftServerConfigKeys (ConfUtils.java:logGet(43)) - raft.server.snapshot.auto.trigger.enabled = true (custom)
2019-07-13 16:36:16,506 INFO  impl.RaftServerImpl (RaftServerImpl.java:start(180)) - 2e16940d-77b0-406b-ab4f-aeb5a35dc975: start group-F8FA5917D36E
2019-07-13 16:36:16,506 INFO  server.RaftServerConfigKeys (ConfUtils.java:logGet(43)) - raft.server.snapshot.auto.trigger.threshold = 10000 (custom)
2019-07-13 16:36:16,506 INFO  impl.RaftServerImpl (RaftServerImpl.java:setRole(171)) - 2e16940d-77b0-406b-ab4f-aeb5a35dc975:group-F8FA5917D36E changes role from null to FOLLOWER at term 0 for startAsFollower
2019-07-13 16:36:16,506 INFO  server.RaftServerConfigKeys (ConfUtils.java:logGet(43)) - raft.server.retrycache.expirytime = 600000ms (custom)
2019-07-13 16:36:16,506 INFO  impl.RoleInfo (RoleInfo.java:updateAndGet(143)) - 2e16940d-77b0-406b-ab4f-aeb5a35dc975: start FollowerState
2019-07-13 16:36:16,507 INFO  impl.RaftServerImpl (RaftServerImpl.java:start(180)) - b1698c79-6c1e-4696-b1c8-e50474debd09: start group-F8FA5917D36E
2019-07-13 16:36:16,507 INFO  impl.RaftServerImpl (RaftServerImpl.java:setRole(171)) - b1698c79-6c1e-4696-b1c8-e50474debd09:group-F8FA5917D36E changes role from null to FOLLOWER at term 0 for startAsFollower
2019-07-13 16:36:16,507 INFO  impl.RoleInfo (RoleInfo.java:updateAndGet(143)) - b1698c79-6c1e-4696-b1c8-e50474debd09: start FollowerState
2019-07-13 16:36:16,507 INFO  util.JmxRegister (JmxRegister.java:tryRegister(44)) - Successfully registered JMX Bean with object name Ratis:service=RaftServer,group=group-F8FA5917D36E,id=2e16940d-77b0-406b-ab4f-aeb5a35dc975
2019-07-13 16:36:16,507 INFO  util.JmxRegister (JmxRegister.java:tryRegister(44)) - Successfully registered JMX Bean with object name Ratis:service=RaftServer,group=group-F8FA5917D36E,id=b1698c79-6c1e-4696-b1c8-e50474debd09
2019-07-13 16:36:16,514 INFO  pipeline.PipelineStateManager (PipelineStateManager.java:addPipeline(56)) - Created pipeline Pipeline[ Id: 5eb98c4e-7727-4c18-92df-f8fa5917d36e, Nodes: 2e16940d-77b0-406b-ab4f-aeb5a35dc975{ip: 192.168.5.187, host: trunk-nightly-z92hn-1831959607, networkLocation: /default-rack, certSerialId: null}b1698c79-6c1e-4696-b1c8-e50474debd09{ip: 192.168.5.187, host: trunk-nightly-z92hn-1831959607, networkLocation: /default-rack, certSerialId: null}5e4e48d9-7c0e-4eee-bd59-3427149a0d7c{ip: 192.168.5.187, host: trunk-nightly-z92hn-1831959607, networkLocation: /default-rack, certSerialId: null}, Type:RATIS, Factor:THREE, State:OPEN]
2019-07-13 16:36:16,583 INFO  node.SCMNodeManager (SCMNodeManager.java:register(269)) - Registered Data node : a5f89e50-d2fe-4554-884e-b37dd0441734{ip: 192.168.5.187, host: trunk-nightly-z92hn-1831959607, networkLocation: /default-rack, certSerialId: null}
2019-07-13 16:36:16,593 INFO  impl.RaftServerProxy (RaftServerProxy.java:addNew(89)) - a5f89e50-d2fe-4554-884e-b37dd0441734: addNew group-8F8D71072B38:[a5f89e50-d2fe-4554-884e-b37dd0441734:192.168.5.187:39423] returns group-8F8D71072B38:java.util.concurrent.CompletableFuture@19f645ec[Not completed]
2019-07-13 16:36:16,594 INFO  impl.RaftServerImpl (RaftServerImpl.java:<init>(93)) - a5f89e50-d2fe-4554-884e-b37dd0441734: new RaftServerImpl for group-8F8D71072B38:[a5f89e50-d2fe-4554-884e-b37dd0441734:192.168.5.187:39423] with ContainerStateMachine:uninitialized
2019-07-13 16:36:16,594 INFO  server.RaftServerConfigKeys (ConfUtils.java:logGet(43)) - raft.server.rpc.timeout.min = 5s (custom)
2019-07-13 16:36:16,594 INFO  server.RaftServerConfigKeys (ConfUtils.java:logGet(43)) - raft.server.rpc.timeout.max = 5200ms (custom)
2019-07-13 16:36:16,594 INFO  server.RaftServerConfigKeys (ConfUtils.java:logGet(43)) - raft.server.rpcslowness.timeout = 120s (custom)
2019-07-13 16:36:16,594 INFO  server.RaftServerConfigKeys (ConfUtils.java:logGet(43)) - raft.server.sleep.deviation.threshold = 300 (default)
2019-07-13 16:36:16,594 INFO  server.RaftServerConfigKeys (ConfUtils.java:logGet(43)) - raft.server.log.appender.install.snapshot.enabled = false (custom)
2019-07-13 16:36:16,595 INFO  impl.RaftServerImpl (ServerState.java:<init>(105)) - a5f89e50-d2fe-4554-884e-b37dd0441734:group-8F8D71072B38 ConfigurationManager, init=-1: [a5f89e50-d2fe-4554-884e-b37dd0441734:192.168.5.187:39423], old=null, confs=<EMPTY_MAP>
2019-07-13 16:36:16,595 INFO  server.RaftServerConfigKeys (ConfUtils.java:logGet(43)) - raft.server.storage.dir = [/tmp/workdir/hadoop-ozone/integration-test/target/test-dir/MiniOzoneClusterImpl-8a4f94c6-6d05-4673-8985-c7ce61029340/datanode-3/data/ratis] (custom)
2019-07-13 16:36:16,595 INFO  storage.RaftStorageDirectory (RaftStorageDirectory.java:analyzeStorage(246)) - The storage directory /tmp/workdir/hadoop-ozone/integration-test/target/test-dir/MiniOzoneClusterImpl-8a4f94c6-6d05-4673-8985-c7ce61029340/datanode-3/data/ratis/6515a22e-9ad7-4cfb-8281-8f8d71072b38 does not exist. Creating ...
2019-07-13 16:36:16,599 INFO  storage.RaftStorageDirectory (RaftStorageDirectory.java:tryLock(328)) - Lock on /tmp/workdir/hadoop-ozone/integration-test/target/test-dir/MiniOzoneClusterImpl-8a4f94c6-6d05-4673-8985-c7ce61029340/datanode-3/data/ratis/6515a22e-9ad7-4cfb-8281-8f8d71072b38/in_use.lock acquired by nodename 30505@trunk-nightly-z92hn-1831959607
2019-07-13 16:36:16,611 INFO  storage.RaftStorage (RaftStorage.java:format(72)) - Storage directory /tmp/workdir/hadoop-ozone/integration-test/target/test-dir/MiniOzoneClusterImpl-8a4f94c6-6d05-4673-8985-c7ce61029340/datanode-3/data/ratis/6515a22e-9ad7-4cfb-8281-8f8d71072b38 has been successfully formatted.
2019-07-13 16:36:16,611 INFO  ratis.ContainerStateMachine (ContainerStateMachine.java:loadSnapshot(200)) - The snapshot info is null.Setting the last applied index to:(t:0, i:~)
2019-07-13 16:36:16,612 INFO  server.RaftServerConfigKeys (ConfUtils.java:logGet(43)) - raft.server.leader.election.timeout = 120s (custom)
2019-07-13 16:36:16,612 INFO  server.RaftServerConfigKeys (ConfUtils.java:logGet(43)) - raft.server.log.use.memory = false (default)
2019-07-13 16:36:16,612 INFO  server.RaftServerConfigKeys (ConfUtils.java:logGet(43)) - raft.server.log.purge.gap = 1000000000 (custom)
2019-07-13 16:36:16,612 INFO  server.RaftServerConfigKeys (ConfUtils.java:logGet(43)) - raft.server.log.appender.buffer.byte-limit = 33554432 (custom)
2019-07-13 16:36:16,612 INFO  server.RaftServerConfigKeys (ConfUtils.java:logGet(43)) - raft.server.log.segment.size.max = 1048576 (custom)
2019-07-13 16:36:16,612 INFO  server.RaftServerConfigKeys (ConfUtils.java:logGet(43)) - raft.server.log.segment.cache.num.max = 2 (custom)
2019-07-13 16:36:16,612 INFO  segmented.SegmentedRaftLogWorker (SegmentedRaftLogWorker.java:<init>(172)) - new a5f89e50-d2fe-4554-884e-b37dd0441734-SegmentedRaftLogWorker:Storage Directory /tmp/workdir/hadoop-ozone/integration-test/target/test-dir/MiniOzoneClusterImpl-8a4f94c6-6d05-4673-8985-c7ce61029340/datanode-3/data/ratis/6515a22e-9ad7-4cfb-8281-8f8d71072b38 for RaftStorage:Storage Directory /tmp/workdir/hadoop-ozone/integration-test/target/test-dir/MiniOzoneClusterImpl-8a4f94c6-6d05-4673-8985-c7ce61029340/datanode-3/data/ratis/6515a22e-9ad7-4cfb-8281-8f8d71072b38
2019-07-13 16:36:16,613 INFO  server.RaftServerConfigKeys (ConfUtils.java:logGet(43)) - raft.server.log.queue.byte-limit = 2147483647 (custom)
2019-07-13 16:36:16,613 INFO  server.RaftServerConfigKeys (ConfUtils.java:logGet(43)) - raft.server.log.queue.element-limit = 1024 (custom)
2019-07-13 16:36:16,613 INFO  server.RaftServerConfigKeys (ConfUtils.java:logGet(43)) - raft.server.log.segment.size.max = 1048576 (custom)
2019-07-13 16:36:16,613 INFO  server.RaftServerConfigKeys (ConfUtils.java:logGet(43)) - raft.server.log.preallocated.size = 16384 (custom)
2019-07-13 16:36:16,613 INFO  server.RaftServerConfigKeys (ConfUtils.java:logGet(43)) - raft.server.log.write.buffer.size = 33554432 (custom)
2019-07-13 16:36:16,613 INFO  server.RaftServerConfigKeys (ConfUtils.java:logGet(43)) - raft.server.log.force.sync.num = 128 (default)
2019-07-13 16:36:16,614 INFO  server.RaftServerConfigKeys (ConfUtils.java:logGet(43)) - raft.server.log.statemachine.data.sync = true (default)
2019-07-13 16:36:16,614 INFO  server.RaftServerConfigKeys (ConfUtils.java:logGet(43)) - raft.server.log.statemachine.data.sync.timeout = 10s (default)
2019-07-13 16:36:16,614 INFO  server.RaftServerConfigKeys (ConfUtils.java:logGet(43)) - raft.server.log.statemachine.data.sync.timeout.retry = -1 (default)
2019-07-13 16:36:16,614 INFO  server.RaftServerConfigKeys (ConfUtils.java:logGet(43)) - raft.server.log.statemachine.data.caching.enabled = true (custom)
2019-07-13 16:36:16,614 INFO  segmented.SegmentedRaftLogWorker (SegmentedRaftLogWorker.java:lambda$new$0(132)) - a5f89e50-d2fe-4554-884e-b37dd0441734-SegmentedRaftLogWorker:Storage Directory /tmp/workdir/hadoop-ozone/integration-test/target/test-dir/MiniOzoneClusterImpl-8a4f94c6-6d05-4673-8985-c7ce61029340/datanode-3/data/ratis/6515a22e-9ad7-4cfb-8281-8f8d71072b38: flushIndex: setUnconditionally 0 -> -1
2019-07-13 16:36:16,615 INFO  server.RaftServerConfigKeys (ConfUtils.java:logGet(43)) - raft.server.snapshot.auto.trigger.enabled = true (custom)
2019-07-13 16:36:16,615 INFO  server.RaftServerConfigKeys (ConfUtils.java:logGet(43)) - raft.server.snapshot.auto.trigger.threshold = 10000 (custom)
2019-07-13 16:36:16,615 INFO  server.RaftServerConfigKeys (ConfUtils.java:logGet(43)) - raft.server.retrycache.expirytime = 600000ms (custom)
2019-07-13 16:36:16,615 INFO  impl.RaftServerImpl (RaftServerImpl.java:start(180)) - a5f89e50-d2fe-4554-884e-b37dd0441734: start group-8F8D71072B38
2019-07-13 16:36:16,615 INFO  impl.RaftServerImpl (RaftServerImpl.java:setRole(171)) - a5f89e50-d2fe-4554-884e-b37dd0441734:group-8F8D71072B38 changes role from null to FOLLOWER at term 0 for startAsFollower
2019-07-13 16:36:16,615 INFO  impl.RoleInfo (RoleInfo.java:updateAndGet(143)) - a5f89e50-d2fe-4554-884e-b37dd0441734: start FollowerState
2019-07-13 16:36:16,627 INFO  util.JmxRegister (JmxRegister.java:tryRegister(44)) - Successfully registered JMX Bean with object name Ratis:service=RaftServer,group=group-8F8D71072B38,id=a5f89e50-d2fe-4554-884e-b37dd0441734
2019-07-13 16:36:16,640 INFO  pipeline.PipelineStateManager (PipelineStateManager.java:addPipeline(56)) - Created pipeline Pipeline[ Id: 6515a22e-9ad7-4cfb-8281-8f8d71072b38, Nodes: a5f89e50-d2fe-4554-884e-b37dd0441734{ip: 192.168.5.187, host: trunk-nightly-z92hn-1831959607, networkLocation: /default-rack, certSerialId: null}, Type:RATIS, Factor:ONE, State:OPEN]
2019-07-13 16:36:16,740 INFO  node.SCMNodeManager (SCMNodeManager.java:register(269)) - Registered Data node : 8be3c74b-a425-4f91-859e-d13726acc04f{ip: 192.168.5.187, host: trunk-nightly-z92hn-1831959607, networkLocation: /default-rack, certSerialId: null}
2019-07-13 16:36:16,751 INFO  impl.RaftServerProxy (RaftServerProxy.java:addNew(89)) - 8be3c74b-a425-4f91-859e-d13726acc04f: addNew group-876AD0D03393:[8be3c74b-a425-4f91-859e-d13726acc04f:192.168.5.187:39626] returns group-876AD0D03393:java.util.concurrent.CompletableFuture@4e71b837[Not completed]
2019-07-13 16:36:16,752 INFO  impl.RaftServerImpl (RaftServerImpl.java:<init>(93)) - 8be3c74b-a425-4f91-859e-d13726acc04f: new RaftServerImpl for group-876AD0D03393:[8be3c74b-a425-4f91-859e-d13726acc04f:192.168.5.187:39626] with ContainerStateMachine:uninitialized
2019-07-13 16:36:16,752 INFO  server.RaftServerConfigKeys (ConfUtils.java:logGet(43)) - raft.server.rpc.timeout.min = 5s (custom)
2019-07-13 16:36:16,752 INFO  server.RaftServerConfigKeys (ConfUtils.java:logGet(43)) - raft.server.rpc.timeout.max = 5200ms (custom)
2019-07-13 16:36:16,752 INFO  server.RaftServerConfigKeys (ConfUtils.java:logGet(43)) - raft.server.rpcslowness.timeout = 120s (custom)
2019-07-13 16:36:16,752 INFO  server.RaftServerConfigKeys (ConfUtils.java:logGet(43)) - raft.server.sleep.deviation.threshold = 300 (default)
2019-07-13 16:36:16,752 INFO  server.RaftServerConfigKeys (ConfUtils.java:logGet(43)) - raft.server.log.appender.install.snapshot.enabled = false (custom)
2019-07-13 16:36:16,752 INFO  impl.RaftServerImpl (ServerState.java:<init>(105)) - 8be3c74b-a425-4f91-859e-d13726acc04f:group-876AD0D03393 ConfigurationManager, init=-1: [8be3c74b-a425-4f91-859e-d13726acc04f:192.168.5.187:39626], old=null, confs=<EMPTY_MAP>
2019-07-13 16:36:16,753 INFO  server.RaftServerConfigKeys (ConfUtils.java:logGet(43)) - raft.server.storage.dir = [/tmp/workdir/hadoop-ozone/integration-test/target/test-dir/MiniOzoneClusterImpl-8a4f94c6-6d05-4673-8985-c7ce61029340/datanode-4/data/ratis] (custom)
2019-07-13 16:36:16,753 INFO  storage.RaftStorageDirectory (RaftStorageDirectory.java:analyzeStorage(246)) - The storage directory /tmp/workdir/hadoop-ozone/integration-test/target/test-dir/MiniOzoneClusterImpl-8a4f94c6-6d05-4673-8985-c7ce61029340/datanode-4/data/ratis/cafde855-35e6-4e30-b0e1-876ad0d03393 does not exist. Creating ...
2019-07-13 16:36:16,764 INFO  storage.RaftStorageDirectory (RaftStorageDirectory.java:tryLock(328)) - Lock on /tmp/workdir/hadoop-ozone/integration-test/target/test-dir/MiniOzoneClusterImpl-8a4f94c6-6d05-4673-8985-c7ce61029340/datanode-4/data/ratis/cafde855-35e6-4e30-b0e1-876ad0d03393/in_use.lock acquired by nodename 30505@trunk-nightly-z92hn-1831959607
2019-07-13 16:36:16,775 INFO  storage.RaftStorage (RaftStorage.java:format(72)) - Storage directory /tmp/workdir/hadoop-ozone/integration-test/target/test-dir/MiniOzoneClusterImpl-8a4f94c6-6d05-4673-8985-c7ce61029340/datanode-4/data/ratis/cafde855-35e6-4e30-b0e1-876ad0d03393 has been successfully formatted.
2019-07-13 16:36:16,776 INFO  ratis.ContainerStateMachine (ContainerStateMachine.java:loadSnapshot(200)) - The snapshot info is null.Setting the last applied index to:(t:0, i:~)
2019-07-13 16:36:16,776 INFO  server.RaftServerConfigKeys (ConfUtils.java:logGet(43)) - raft.server.leader.election.timeout = 120s (custom)
2019-07-13 16:36:16,776 INFO  server.RaftServerConfigKeys (ConfUtils.java:logGet(43)) - raft.server.log.use.memory = false (default)
2019-07-13 16:36:16,776 INFO  server.RaftServerConfigKeys (ConfUtils.java:logGet(43)) - raft.server.log.purge.gap = 1000000000 (custom)
2019-07-13 16:36:16,776 INFO  server.RaftServerConfigKeys (ConfUtils.java:logGet(43)) - raft.server.log.appender.buffer.byte-limit = 33554432 (custom)
2019-07-13 16:36:16,777 INFO  server.RaftServerConfigKeys (ConfUtils.java:logGet(43)) - raft.server.log.segment.size.max = 1048576 (custom)
2019-07-13 16:36:16,777 INFO  server.RaftServerConfigKeys (ConfUtils.java:logGet(43)) - raft.server.log.segment.cache.num.max = 2 (custom)
2019-07-13 16:36:16,777 INFO  segmented.SegmentedRaftLogWorker (SegmentedRaftLogWorker.java:<init>(172)) - new 8be3c74b-a425-4f91-859e-d13726acc04f-SegmentedRaftLogWorker:Storage Directory /tmp/workdir/hadoop-ozone/integration-test/target/test-dir/MiniOzoneClusterImpl-8a4f94c6-6d05-4673-8985-c7ce61029340/datanode-4/data/ratis/cafde855-35e6-4e30-b0e1-876ad0d03393 for RaftStorage:Storage Directory /tmp/workdir/hadoop-ozone/integration-test/target/test-dir/MiniOzoneClusterImpl-8a4f94c6-6d05-4673-8985-c7ce61029340/datanode-4/data/ratis/cafde855-35e6-4e30-b0e1-876ad0d03393
2019-07-13 16:36:16,777 INFO  server.RaftServerConfigKeys (ConfUtils.java:logGet(43)) - raft.server.log.queue.byte-limit = 2147483647 (custom)
2019-07-13 16:36:16,777 INFO  server.RaftServerConfigKeys (ConfUtils.java:logGet(43)) - raft.server.log.queue.element-limit = 1024 (custom)
2019-07-13 16:36:16,777 INFO  server.RaftServerConfigKeys (ConfUtils.java:logGet(43)) - raft.server.log.segment.size.max = 1048576 (custom)
2019-07-13 16:36:16,778 INFO  server.RaftServerConfigKeys (ConfUtils.java:logGet(43)) - raft.server.log.preallocated.size = 16384 (custom)
2019-07-13 16:36:16,778 INFO  server.RaftServerConfigKeys (ConfUtils.java:logGet(43)) - raft.server.log.write.buffer.size = 33554432 (custom)
2019-07-13 16:36:16,778 INFO  server.RaftServerConfigKeys (ConfUtils.java:logGet(43)) - raft.server.log.force.sync.num = 128 (default)
2019-07-13 16:36:16,778 INFO  server.RaftServerConfigKeys (ConfUtils.java:logGet(43)) - raft.server.log.statemachine.data.sync = true (default)
2019-07-13 16:36:16,778 INFO  server.RaftServerConfigKeys (ConfUtils.java:logGet(43)) - raft.server.log.statemachine.data.sync.timeout = 10s (default)
2019-07-13 16:36:16,778 INFO  server.RaftServerConfigKeys (ConfUtils.java:logGet(43)) - raft.server.log.statemachine.data.sync.timeout.retry = -1 (default)
2019-07-13 16:36:16,779 INFO  server.RaftServerConfigKeys (ConfUtils.java:logGet(43)) - raft.server.log.statemachine.data.caching.enabled = true (custom)
2019-07-13 16:36:16,779 INFO  segmented.SegmentedRaftLogWorker (SegmentedRaftLogWorker.java:lambda$new$0(132)) - 8be3c74b-a425-4f91-859e-d13726acc04f-SegmentedRaftLogWorker:Storage Directory /tmp/workdir/hadoop-ozone/integration-test/target/test-dir/MiniOzoneClusterImpl-8a4f94c6-6d05-4673-8985-c7ce61029340/datanode-4/data/ratis/cafde855-35e6-4e30-b0e1-876ad0d03393: flushIndex: setUnconditionally 0 -> -1
2019-07-13 16:36:16,779 INFO  server.RaftServerConfigKeys (ConfUtils.java:logGet(43)) - raft.server.snapshot.auto.trigger.enabled = true (custom)
2019-07-13 16:36:16,780 INFO  server.RaftServerConfigKeys (ConfUtils.java:logGet(43)) - raft.server.snapshot.auto.trigger.threshold = 10000 (custom)
2019-07-13 16:36:16,780 INFO  server.RaftServerConfigKeys (ConfUtils.java:logGet(43)) - raft.server.retrycache.expirytime = 600000ms (custom)
2019-07-13 16:36:16,780 INFO  impl.RaftServerImpl (RaftServerImpl.java:start(180)) - 8be3c74b-a425-4f91-859e-d13726acc04f: start group-876AD0D03393
2019-07-13 16:36:16,780 INFO  impl.RaftServerImpl (RaftServerImpl.java:setRole(171)) - 8be3c74b-a425-4f91-859e-d13726acc04f:group-876AD0D03393 changes role from null to FOLLOWER at term 0 for startAsFollower
2019-07-13 16:36:16,780 INFO  impl.RoleInfo (RoleInfo.java:updateAndGet(143)) - 8be3c74b-a425-4f91-859e-d13726acc04f: start FollowerState
2019-07-13 16:36:16,781 INFO  util.JmxRegister (JmxRegister.java:tryRegister(44)) - Successfully registered JMX Bean with object name Ratis:service=RaftServer,group=group-876AD0D03393,id=8be3c74b-a425-4f91-859e-d13726acc04f
2019-07-13 16:36:16,785 INFO  pipeline.PipelineStateManager (PipelineStateManager.java:addPipeline(56)) - Created pipeline Pipeline[ Id: cafde855-35e6-4e30-b0e1-876ad0d03393, Nodes: 8be3c74b-a425-4f91-859e-d13726acc04f{ip: 192.168.5.187, host: trunk-nightly-z92hn-1831959607, networkLocation: /default-rack, certSerialId: null}, Type:RATIS, Factor:ONE, State:OPEN]
2019-07-13 16:36:16,905 INFO  node.SCMNodeManager (SCMNodeManager.java:register(269)) - Registered Data node : 742e875a-ad32-4ced-857e-d968cc0b4574{ip: 192.168.5.187, host: trunk-nightly-z92hn-1831959607, networkLocation: /default-rack, certSerialId: null}
2019-07-13 16:36:16,914 INFO  impl.RaftServerProxy (RaftServerProxy.java:addNew(89)) - 742e875a-ad32-4ced-857e-d968cc0b4574: addNew group-0FC9860EADDE:[742e875a-ad32-4ced-857e-d968cc0b4574:192.168.5.187:43823] returns group-0FC9860EADDE:java.util.concurrent.CompletableFuture@77668b18[Not completed]
2019-07-13 16:36:16,915 INFO  impl.RaftServerImpl (RaftServerImpl.java:<init>(93)) - 742e875a-ad32-4ced-857e-d968cc0b4574: new RaftServerImpl for group-0FC9860EADDE:[742e875a-ad32-4ced-857e-d968cc0b4574:192.168.5.187:43823] with ContainerStateMachine:uninitialized
2019-07-13 16:36:16,915 INFO  server.RaftServerConfigKeys (ConfUtils.java:logGet(43)) - raft.server.rpc.timeout.min = 5s (custom)
2019-07-13 16:36:16,915 INFO  server.RaftServerConfigKeys (ConfUtils.java:logGet(43)) - raft.server.rpc.timeout.max = 5200ms (custom)
2019-07-13 16:36:16,916 INFO  server.RaftServerConfigKeys (ConfUtils.java:logGet(43)) - raft.server.rpcslowness.timeout = 120s (custom)
2019-07-13 16:36:16,916 INFO  server.RaftServerConfigKeys (ConfUtils.java:logGet(43)) - raft.server.sleep.deviation.threshold = 300 (default)
2019-07-13 16:36:16,916 INFO  server.RaftServerConfigKeys (ConfUtils.java:logGet(43)) - raft.server.log.appender.install.snapshot.enabled = false (custom)
2019-07-13 16:36:16,916 INFO  impl.RaftServerImpl (ServerState.java:<init>(105)) - 742e875a-ad32-4ced-857e-d968cc0b4574:group-0FC9860EADDE ConfigurationManager, init=-1: [742e875a-ad32-4ced-857e-d968cc0b4574:192.168.5.187:43823], old=null, confs=<EMPTY_MAP>
2019-07-13 16:36:16,916 INFO  server.RaftServerConfigKeys (ConfUtils.java:logGet(43)) - raft.server.storage.dir = [/tmp/workdir/hadoop-ozone/integration-test/target/test-dir/MiniOzoneClusterImpl-8a4f94c6-6d05-4673-8985-c7ce61029340/datanode-5/data/ratis] (custom)
2019-07-13 16:36:16,917 INFO  storage.RaftStorageDirectory (RaftStorageDirectory.java:analyzeStorage(246)) - The storage directory /tmp/workdir/hadoop-ozone/integration-test/target/test-dir/MiniOzoneClusterImpl-8a4f94c6-6d05-4673-8985-c7ce61029340/datanode-5/data/ratis/bc78d86e-9e6b-4f12-8ceb-0fc9860eadde does not exist. Creating ...
2019-07-13 16:36:16,940 INFO  storage.RaftStorageDirectory (RaftStorageDirectory.java:tryLock(328)) - Lock on /tmp/workdir/hadoop-ozone/integration-test/target/test-dir/MiniOzoneClusterImpl-8a4f94c6-6d05-4673-8985-c7ce61029340/datanode-5/data/ratis/bc78d86e-9e6b-4f12-8ceb-0fc9860eadde/in_use.lock acquired by nodename 30505@trunk-nightly-z92hn-1831959607
2019-07-13 16:36:16,951 INFO  storage.RaftStorage (RaftStorage.java:format(72)) - Storage directory /tmp/workdir/hadoop-ozone/integration-test/target/test-dir/MiniOzoneClusterImpl-8a4f94c6-6d05-4673-8985-c7ce61029340/datanode-5/data/ratis/bc78d86e-9e6b-4f12-8ceb-0fc9860eadde has been successfully formatted.
2019-07-13 16:36:16,951 INFO  ratis.ContainerStateMachine (ContainerStateMachine.java:loadSnapshot(200)) - The snapshot info is null.Setting the last applied index to:(t:0, i:~)
2019-07-13 16:36:16,952 INFO  server.RaftServerConfigKeys (ConfUtils.java:logGet(43)) - raft.server.leader.election.timeout = 120s (custom)
2019-07-13 16:36:16,952 INFO  server.RaftServerConfigKeys (ConfUtils.java:logGet(43)) - raft.server.log.use.memory = false (default)
2019-07-13 16:36:16,952 INFO  server.RaftServerConfigKeys (ConfUtils.java:logGet(43)) - raft.server.log.purge.gap = 1000000000 (custom)
2019-07-13 16:36:16,952 INFO  server.RaftServerConfigKeys (ConfUtils.java:logGet(43)) - raft.server.log.appender.buffer.byte-limit = 33554432 (custom)
2019-07-13 16:36:16,952 INFO  server.RaftServerConfigKeys (ConfUtils.java:logGet(43)) - raft.server.log.segment.size.max = 1048576 (custom)
2019-07-13 16:36:16,953 INFO  server.RaftServerConfigKeys (ConfUtils.java:logGet(43)) - raft.server.log.segment.cache.num.max = 2 (custom)
2019-07-13 16:36:16,953 INFO  segmented.SegmentedRaftLogWorker (SegmentedRaftLogWorker.java:<init>(172)) - new 742e875a-ad32-4ced-857e-d968cc0b4574-SegmentedRaftLogWorker:Storage Directory /tmp/workdir/hadoop-ozone/integration-test/target/test-dir/MiniOzoneClusterImpl-8a4f94c6-6d05-4673-8985-c7ce61029340/datanode-5/data/ratis/bc78d86e-9e6b-4f12-8ceb-0fc9860eadde for RaftStorage:Storage Directory /tmp/workdir/hadoop-ozone/integration-test/target/test-dir/MiniOzoneClusterImpl-8a4f94c6-6d05-4673-8985-c7ce61029340/datanode-5/data/ratis/bc78d86e-9e6b-4f12-8ceb-0fc9860eadde
2019-07-13 16:36:16,953 INFO  server.RaftServerConfigKeys (ConfUtils.java:logGet(43)) - raft.server.log.queue.byte-limit = 2147483647 (custom)
2019-07-13 16:36:16,953 INFO  server.RaftServerConfigKeys (ConfUtils.java:logGet(43)) - raft.server.log.queue.element-limit = 1024 (custom)
2019-07-13 16:36:16,953 INFO  server.RaftServerConfigKeys (ConfUtils.java:logGet(43)) - raft.server.log.segment.size.max = 1048576 (custom)
2019-07-13 16:36:16,954 INFO  server.RaftServerConfigKeys (ConfUtils.java:logGet(43)) - raft.server.log.preallocated.size = 16384 (custom)
2019-07-13 16:36:16,954 INFO  server.RaftServerConfigKeys (ConfUtils.java:logGet(43)) - raft.server.log.write.buffer.size = 33554432 (custom)
2019-07-13 16:36:16,954 INFO  server.RaftServerConfigKeys (ConfUtils.java:logGet(43)) - raft.server.log.force.sync.num = 128 (default)
2019-07-13 16:36:16,954 INFO  server.RaftServerConfigKeys (ConfUtils.java:logGet(43)) - raft.server.log.statemachine.data.sync = true (default)
2019-07-13 16:36:16,954 INFO  server.RaftServerConfigKeys (ConfUtils.java:logGet(43)) - raft.server.log.statemachine.data.sync.timeout = 10s (default)
2019-07-13 16:36:16,954 INFO  server.RaftServerConfigKeys (ConfUtils.java:logGet(43)) - raft.server.log.statemachine.data.sync.timeout.retry = -1 (default)
2019-07-13 16:36:16,955 INFO  server.RaftServerConfigKeys (ConfUtils.java:logGet(43)) - raft.server.log.statemachine.data.caching.enabled = true (custom)
2019-07-13 16:36:16,955 INFO  segmented.SegmentedRaftLogWorker (SegmentedRaftLogWorker.java:lambda$new$0(132)) - 742e875a-ad32-4ced-857e-d968cc0b4574-SegmentedRaftLogWorker:Storage Directory /tmp/workdir/hadoop-ozone/integration-test/target/test-dir/MiniOzoneClusterImpl-8a4f94c6-6d05-4673-8985-c7ce61029340/datanode-5/data/ratis/bc78d86e-9e6b-4f12-8ceb-0fc9860eadde: flushIndex: setUnconditionally 0 -> -1
2019-07-13 16:36:16,955 INFO  server.RaftServerConfigKeys (ConfUtils.java:logGet(43)) - raft.server.snapshot.auto.trigger.enabled = true (custom)
2019-07-13 16:36:16,956 INFO  server.RaftServerConfigKeys (ConfUtils.java:logGet(43)) - raft.server.snapshot.auto.trigger.threshold = 10000 (custom)
2019-07-13 16:36:16,956 INFO  server.RaftServerConfigKeys (ConfUtils.java:logGet(43)) - raft.server.retrycache.expirytime = 600000ms (custom)
2019-07-13 16:36:16,956 INFO  impl.RaftServerImpl (RaftServerImpl.java:start(180)) - 742e875a-ad32-4ced-857e-d968cc0b4574: start group-0FC9860EADDE
2019-07-13 16:36:16,956 INFO  impl.RaftServerImpl (RaftServerImpl.java:setRole(171)) - 742e875a-ad32-4ced-857e-d968cc0b4574:group-0FC9860EADDE changes role from null to FOLLOWER at term 0 for startAsFollower
2019-07-13 16:36:16,956 INFO  impl.RoleInfo (RoleInfo.java:updateAndGet(143)) - 742e875a-ad32-4ced-857e-d968cc0b4574: start FollowerState
2019-07-13 16:36:16,957 INFO  util.JmxRegister (JmxRegister.java:tryRegister(44)) - Successfully registered JMX Bean with object name Ratis:service=RaftServer,group=group-0FC9860EADDE,id=742e875a-ad32-4ced-857e-d968cc0b4574
2019-07-13 16:36:16,961 INFO  pipeline.PipelineStateManager (PipelineStateManager.java:addPipeline(56)) - Created pipeline Pipeline[ Id: bc78d86e-9e6b-4f12-8ceb-0fc9860eadde, Nodes: 742e875a-ad32-4ced-857e-d968cc0b4574{ip: 192.168.5.187, host: trunk-nightly-z92hn-1831959607, networkLocation: /default-rack, certSerialId: null}, Type:RATIS, Factor:ONE, State:OPEN]
2019-07-13 16:36:16,973 INFO  impl.RaftServerProxy (RaftServerProxy.java:addNew(89)) - 742e875a-ad32-4ced-857e-d968cc0b4574: addNew group-CE77E5FC2FCC:[742e875a-ad32-4ced-857e-d968cc0b4574:192.168.5.187:43823, a5f89e50-d2fe-4554-884e-b37dd0441734:192.168.5.187:39423, 8be3c74b-a425-4f91-859e-d13726acc04f:192.168.5.187:39626] returns group-CE77E5FC2FCC:java.util.concurrent.CompletableFuture@5c4b4aa2[Not completed]
2019-07-13 16:36:16,976 INFO  impl.RaftServerProxy (RaftServerProxy.java:addNew(89)) - 8be3c74b-a425-4f91-859e-d13726acc04f: addNew group-CE77E5FC2FCC:[742e875a-ad32-4ced-857e-d968cc0b4574:192.168.5.187:43823, a5f89e50-d2fe-4554-884e-b37dd0441734:192.168.5.187:39423, 8be3c74b-a425-4f91-859e-d13726acc04f:192.168.5.187:39626] returns group-CE77E5FC2FCC:java.util.concurrent.CompletableFuture@4de412c7[Not completed]
2019-07-13 16:36:16,979 INFO  impl.RaftServerProxy (RaftServerProxy.java:addNew(89)) - a5f89e50-d2fe-4554-884e-b37dd0441734: addNew group-CE77E5FC2FCC:[742e875a-ad32-4ced-857e-d968cc0b4574:192.168.5.187:43823, a5f89e50-d2fe-4554-884e-b37dd0441734:192.168.5.187:39423, 8be3c74b-a425-4f91-859e-d13726acc04f:192.168.5.187:39626] returns group-CE77E5FC2FCC:java.util.concurrent.CompletableFuture@4b0084bc[Not completed]
2019-07-13 16:36:16,979 INFO  impl.RaftServerImpl (RaftServerImpl.java:<init>(93)) - 742e875a-ad32-4ced-857e-d968cc0b4574: new RaftServerImpl for group-CE77E5FC2FCC:[742e875a-ad32-4ced-857e-d968cc0b4574:192.168.5.187:43823, a5f89e50-d2fe-4554-884e-b37dd0441734:192.168.5.187:39423, 8be3c74b-a425-4f91-859e-d13726acc04f:192.168.5.187:39626] with ContainerStateMachine:uninitialized
2019-07-13 16:36:16,979 INFO  server.RaftServerConfigKeys (ConfUtils.java:logGet(43)) - raft.server.rpc.timeout.min = 5s (custom)
2019-07-13 16:36:16,979 INFO  server.RaftServerConfigKeys (ConfUtils.java:logGet(43)) - raft.server.rpc.timeout.max = 5200ms (custom)
2019-07-13 16:36:16,980 INFO  server.RaftServerConfigKeys (ConfUtils.java:logGet(43)) - raft.server.rpcslowness.timeout = 120s (custom)
2019-07-13 16:36:16,980 INFO  impl.RaftServerImpl (RaftServerImpl.java:<init>(93)) - 8be3c74b-a425-4f91-859e-d13726acc04f: new RaftServerImpl for group-CE77E5FC2FCC:[742e875a-ad32-4ced-857e-d968cc0b4574:192.168.5.187:43823, a5f89e50-d2fe-4554-884e-b37dd0441734:192.168.5.187:39423, 8be3c74b-a425-4f91-859e-d13726acc04f:192.168.5.187:39626] with ContainerStateMachine:uninitialized
2019-07-13 16:36:16,980 INFO  server.RaftServerConfigKeys (ConfUtils.java:logGet(43)) - raft.server.sleep.deviation.threshold = 300 (default)
2019-07-13 16:36:16,980 INFO  server.RaftServerConfigKeys (ConfUtils.java:logGet(43)) - raft.server.rpc.timeout.min = 5s (custom)
2019-07-13 16:36:16,980 INFO  impl.RaftServerImpl (RaftServerImpl.java:<init>(93)) - a5f89e50-d2fe-4554-884e-b37dd0441734: new RaftServerImpl for group-CE77E5FC2FCC:[742e875a-ad32-4ced-857e-d968cc0b4574:192.168.5.187:43823, a5f89e50-d2fe-4554-884e-b37dd0441734:192.168.5.187:39423, 8be3c74b-a425-4f91-859e-d13726acc04f:192.168.5.187:39626] with ContainerStateMachine:uninitialized
2019-07-13 16:36:16,980 INFO  server.RaftServerConfigKeys (ConfUtils.java:logGet(43)) - raft.server.log.appender.install.snapshot.enabled = false (custom)
2019-07-13 16:36:16,980 INFO  server.RaftServerConfigKeys (ConfUtils.java:logGet(43)) - raft.server.rpc.timeout.min = 5s (custom)
2019-07-13 16:36:16,980 INFO  server.RaftServerConfigKeys (ConfUtils.java:logGet(43)) - raft.server.rpc.timeout.max = 5200ms (custom)
2019-07-13 16:36:16,981 INFO  server.RaftServerConfigKeys (ConfUtils.java:logGet(43)) - raft.server.rpc.timeout.max = 5200ms (custom)
2019-07-13 16:36:16,981 INFO  server.RaftServerConfigKeys (ConfUtils.java:logGet(43)) - raft.server.rpcslowness.timeout = 120s (custom)
2019-07-13 16:36:16,980 INFO  impl.RaftServerImpl (ServerState.java:<init>(105)) - 742e875a-ad32-4ced-857e-d968cc0b4574:group-CE77E5FC2FCC ConfigurationManager, init=-1: [742e875a-ad32-4ced-857e-d968cc0b4574:192.168.5.187:43823, a5f89e50-d2fe-4554-884e-b37dd0441734:192.168.5.187:39423, 8be3c74b-a425-4f91-859e-d13726acc04f:192.168.5.187:39626], old=null, confs=<EMPTY_MAP>
2019-07-13 16:36:16,981 INFO  server.RaftServerConfigKeys (ConfUtils.java:logGet(43)) - raft.server.sleep.deviation.threshold = 300 (default)
2019-07-13 16:36:16,981 INFO  server.RaftServerConfigKeys (ConfUtils.java:logGet(43)) - raft.server.rpcslowness.timeout = 120s (custom)
2019-07-13 16:36:16,981 INFO  server.RaftServerConfigKeys (ConfUtils.java:logGet(43)) - raft.server.log.appender.install.snapshot.enabled = false (custom)
2019-07-13 16:36:16,981 INFO  server.RaftServerConfigKeys (ConfUtils.java:logGet(43)) - raft.server.storage.dir = [/tmp/workdir/hadoop-ozone/integration-test/target/test-dir/MiniOzoneClusterImpl-8a4f94c6-6d05-4673-8985-c7ce61029340/datanode-5/data/ratis] (custom)
2019-07-13 16:36:16,982 INFO  impl.RaftServerImpl (ServerState.java:<init>(105)) - a5f89e50-d2fe-4554-884e-b37dd0441734:group-CE77E5FC2FCC ConfigurationManager, init=-1: [742e875a-ad32-4ced-857e-d968cc0b4574:192.168.5.187:43823, a5f89e50-d2fe-4554-884e-b37dd0441734:192.168.5.187:39423, 8be3c74b-a425-4f91-859e-d13726acc04f:192.168.5.187:39626], old=null, confs=<EMPTY_MAP>
2019-07-13 16:36:16,981 INFO  server.RaftServerConfigKeys (ConfUtils.java:logGet(43)) - raft.server.sleep.deviation.threshold = 300 (default)
2019-07-13 16:36:16,982 INFO  storage.RaftStorageDirectory (RaftStorageDirectory.java:analyzeStorage(246)) - The storage directory /tmp/workdir/hadoop-ozone/integration-test/target/test-dir/MiniOzoneClusterImpl-8a4f94c6-6d05-4673-8985-c7ce61029340/datanode-5/data/ratis/85ae8afa-4e9e-4030-817d-ce77e5fc2fcc does not exist. Creating ...
2019-07-13 16:36:16,982 INFO  server.RaftServerConfigKeys (ConfUtils.java:logGet(43)) - raft.server.storage.dir = [/tmp/workdir/hadoop-ozone/integration-test/target/test-dir/MiniOzoneClusterImpl-8a4f94c6-6d05-4673-8985-c7ce61029340/datanode-3/data/ratis] (custom)
2019-07-13 16:36:16,982 INFO  server.RaftServerConfigKeys (ConfUtils.java:logGet(43)) - raft.server.log.appender.install.snapshot.enabled = false (custom)
2019-07-13 16:36:16,983 INFO  impl.RaftServerImpl (ServerState.java:<init>(105)) - 8be3c74b-a425-4f91-859e-d13726acc04f:group-CE77E5FC2FCC ConfigurationManager, init=-1: [742e875a-ad32-4ced-857e-d968cc0b4574:192.168.5.187:43823, a5f89e50-d2fe-4554-884e-b37dd0441734:192.168.5.187:39423, 8be3c74b-a425-4f91-859e-d13726acc04f:192.168.5.187:39626], old=null, confs=<EMPTY_MAP>
2019-07-13 16:36:16,983 INFO  storage.RaftStorageDirectory (RaftStorageDirectory.java:analyzeStorage(246)) - The storage directory /tmp/workdir/hadoop-ozone/integration-test/target/test-dir/MiniOzoneClusterImpl-8a4f94c6-6d05-4673-8985-c7ce61029340/datanode-3/data/ratis/85ae8afa-4e9e-4030-817d-ce77e5fc2fcc does not exist. Creating ...
2019-07-13 16:36:16,983 INFO  server.RaftServerConfigKeys (ConfUtils.java:logGet(43)) - raft.server.storage.dir = [/tmp/workdir/hadoop-ozone/integration-test/target/test-dir/MiniOzoneClusterImpl-8a4f94c6-6d05-4673-8985-c7ce61029340/datanode-4/data/ratis] (custom)
2019-07-13 16:36:16,983 INFO  storage.RaftStorageDirectory (RaftStorageDirectory.java:analyzeStorage(246)) - The storage directory /tmp/workdir/hadoop-ozone/integration-test/target/test-dir/MiniOzoneClusterImpl-8a4f94c6-6d05-4673-8985-c7ce61029340/datanode-4/data/ratis/85ae8afa-4e9e-4030-817d-ce77e5fc2fcc does not exist. Creating ...
2019-07-13 16:36:16,994 INFO  storage.RaftStorageDirectory (RaftStorageDirectory.java:tryLock(328)) - Lock on /tmp/workdir/hadoop-ozone/integration-test/target/test-dir/MiniOzoneClusterImpl-8a4f94c6-6d05-4673-8985-c7ce61029340/datanode-5/data/ratis/85ae8afa-4e9e-4030-817d-ce77e5fc2fcc/in_use.lock acquired by nodename 30505@trunk-nightly-z92hn-1831959607
2019-07-13 16:36:16,994 INFO  storage.RaftStorageDirectory (RaftStorageDirectory.java:tryLock(328)) - Lock on /tmp/workdir/hadoop-ozone/integration-test/target/test-dir/MiniOzoneClusterImpl-8a4f94c6-6d05-4673-8985-c7ce61029340/datanode-4/data/ratis/85ae8afa-4e9e-4030-817d-ce77e5fc2fcc/in_use.lock acquired by nodename 30505@trunk-nightly-z92hn-1831959607
2019-07-13 16:36:16,994 INFO  storage.RaftStorageDirectory (RaftStorageDirectory.java:tryLock(328)) - Lock on /tmp/workdir/hadoop-ozone/integration-test/target/test-dir/MiniOzoneClusterImpl-8a4f94c6-6d05-4673-8985-c7ce61029340/datanode-3/data/ratis/85ae8afa-4e9e-4030-817d-ce77e5fc2fcc/in_use.lock acquired by nodename 30505@trunk-nightly-z92hn-1831959607
2019-07-13 16:36:17,016 INFO  storage.RaftStorage (RaftStorage.java:format(72)) - Storage directory /tmp/workdir/hadoop-ozone/integration-test/target/test-dir/MiniOzoneClusterImpl-8a4f94c6-6d05-4673-8985-c7ce61029340/datanode-5/data/ratis/85ae8afa-4e9e-4030-817d-ce77e5fc2fcc has been successfully formatted.
2019-07-13 16:36:17,016 INFO  storage.RaftStorage (RaftStorage.java:format(72)) - Storage directory /tmp/workdir/hadoop-ozone/integration-test/target/test-dir/MiniOzoneClusterImpl-8a4f94c6-6d05-4673-8985-c7ce61029340/datanode-3/data/ratis/85ae8afa-4e9e-4030-817d-ce77e5fc2fcc has been successfully formatted.
2019-07-13 16:36:17,016 INFO  storage.RaftStorage (RaftStorage.java:format(72)) - Storage directory /tmp/workdir/hadoop-ozone/integration-test/target/test-dir/MiniOzoneClusterImpl-8a4f94c6-6d05-4673-8985-c7ce61029340/datanode-4/data/ratis/85ae8afa-4e9e-4030-817d-ce77e5fc2fcc has been successfully formatted.
2019-07-13 16:36:17,017 INFO  ratis.ContainerStateMachine (ContainerStateMachine.java:loadSnapshot(200)) - The snapshot info is null.Setting the last applied index to:(t:0, i:~)
2019-07-13 16:36:17,017 INFO  ratis.ContainerStateMachine (ContainerStateMachine.java:loadSnapshot(200)) - The snapshot info is null.Setting the last applied index to:(t:0, i:~)
2019-07-13 16:36:17,017 INFO  server.RaftServerConfigKeys (ConfUtils.java:logGet(43)) - raft.server.leader.election.timeout = 120s (custom)
2019-07-13 16:36:17,017 INFO  ratis.ContainerStateMachine (ContainerStateMachine.java:loadSnapshot(200)) - The snapshot info is null.Setting the last applied index to:(t:0, i:~)
2019-07-13 16:36:17,018 INFO  server.RaftServerConfigKeys (ConfUtils.java:logGet(43)) - raft.server.log.use.memory = false (default)
2019-07-13 16:36:17,017 INFO  server.RaftServerConfigKeys (ConfUtils.java:logGet(43)) - raft.server.leader.election.timeout = 120s (custom)
2019-07-13 16:36:17,018 INFO  server.RaftServerConfigKeys (ConfUtils.java:logGet(43)) - raft.server.log.purge.gap = 1000000000 (custom)
2019-07-13 16:36:17,018 INFO  server.RaftServerConfigKeys (ConfUtils.java:logGet(43)) - raft.server.leader.election.timeout = 120s (custom)
2019-07-13 16:36:17,018 INFO  server.RaftServerConfigKeys (ConfUtils.java:logGet(43)) - raft.server.log.appender.buffer.byte-limit = 33554432 (custom)
2019-07-13 16:36:17,018 INFO  server.RaftServerConfigKeys (ConfUtils.java:logGet(43)) - raft.server.log.use.memory = false (default)
2019-07-13 16:36:17,018 INFO  server.RaftServerConfigKeys (ConfUtils.java:logGet(43)) - raft.server.log.segment.size.max = 1048576 (custom)
2019-07-13 16:36:17,018 INFO  server.RaftServerConfigKeys (ConfUtils.java:logGet(43)) - raft.server.log.use.memory = false (default)
2019-07-13 16:36:17,019 INFO  server.RaftServerConfigKeys (ConfUtils.java:logGet(43)) - raft.server.log.segment.cache.num.max = 2 (custom)
2019-07-13 16:36:17,019 INFO  server.RaftServerConfigKeys (ConfUtils.java:logGet(43)) - raft.server.log.purge.gap = 1000000000 (custom)
2019-07-13 16:36:17,019 INFO  segmented.SegmentedRaftLogWorker (SegmentedRaftLogWorker.java:<init>(172)) - new a5f89e50-d2fe-4554-884e-b37dd0441734-SegmentedRaftLogWorker:Storage Directory /tmp/workdir/hadoop-ozone/integration-test/target/test-dir/MiniOzoneClusterImpl-8a4f94c6-6d05-4673-8985-c7ce61029340/datanode-3/data/ratis/85ae8afa-4e9e-4030-817d-ce77e5fc2fcc for RaftStorage:Storage Directory /tmp/workdir/hadoop-ozone/integration-test/target/test-dir/MiniOzoneClusterImpl-8a4f94c6-6d05-4673-8985-c7ce61029340/datanode-3/data/ratis/85ae8afa-4e9e-4030-817d-ce77e5fc2fcc
2019-07-13 16:36:17,019 INFO  server.RaftServerConfigKeys (ConfUtils.java:logGet(43)) - raft.server.log.purge.gap = 1000000000 (custom)
2019-07-13 16:36:17,019 INFO  server.RaftServerConfigKeys (ConfUtils.java:logGet(43)) - raft.server.log.queue.byte-limit = 2147483647 (custom)
2019-07-13 16:36:17,019 INFO  server.RaftServerConfigKeys (ConfUtils.java:logGet(43)) - raft.server.log.appender.buffer.byte-limit = 33554432 (custom)
2019-07-13 16:36:17,020 INFO  server.RaftServerConfigKeys (ConfUtils.java:logGet(43)) - raft.server.log.queue.element-limit = 1024 (custom)
2019-07-13 16:36:17,020 INFO  server.RaftServerConfigKeys (ConfUtils.java:logGet(43)) - raft.server.log.appender.buffer.byte-limit = 33554432 (custom)
2019-07-13 16:36:17,020 INFO  server.RaftServerConfigKeys (ConfUtils.java:logGet(43)) - raft.server.log.segment.size.max = 1048576 (custom)
2019-07-13 16:36:17,020 INFO  server.RaftServerConfigKeys (ConfUtils.java:logGet(43)) - raft.server.log.preallocated.size = 16384 (custom)
2019-07-13 16:36:17,020 INFO  server.RaftServerConfigKeys (ConfUtils.java:logGet(43)) - raft.server.log.segment.size.max = 1048576 (custom)
2019-07-13 16:36:17,021 INFO  server.RaftServerConfigKeys (ConfUtils.java:logGet(43)) - raft.server.log.write.buffer.size = 33554432 (custom)
2019-07-13 16:36:17,021 INFO  server.RaftServerConfigKeys (ConfUtils.java:logGet(43)) - raft.server.log.force.sync.num = 128 (default)
2019-07-13 16:36:17,020 INFO  server.RaftServerConfigKeys (ConfUtils.java:logGet(43)) - raft.server.log.segment.size.max = 1048576 (custom)
2019-07-13 16:36:17,021 INFO  server.RaftServerConfigKeys (ConfUtils.java:logGet(43)) - raft.server.log.statemachine.data.sync = true (default)
2019-07-13 16:36:17,021 INFO  server.RaftServerConfigKeys (ConfUtils.java:logGet(43)) - raft.server.log.statemachine.data.sync.timeout = 10s (default)
2019-07-13 16:36:17,021 INFO  server.RaftServerConfigKeys (ConfUtils.java:logGet(43)) - raft.server.log.segment.cache.num.max = 2 (custom)
2019-07-13 16:36:17,022 INFO  server.RaftServerConfigKeys (ConfUtils.java:logGet(43)) - raft.server.log.statemachine.data.sync.timeout.retry = -1 (default)
2019-07-13 16:36:17,021 INFO  server.RaftServerConfigKeys (ConfUtils.java:logGet(43)) - raft.server.log.segment.cache.num.max = 2 (custom)
2019-07-13 16:36:17,022 INFO  server.RaftServerConfigKeys (ConfUtils.java:logGet(43)) - raft.server.log.statemachine.data.caching.enabled = true (custom)
2019-07-13 16:36:17,022 INFO  segmented.SegmentedRaftLogWorker (SegmentedRaftLogWorker.java:<init>(172)) - new 742e875a-ad32-4ced-857e-d968cc0b4574-SegmentedRaftLogWorker:Storage Directory /tmp/workdir/hadoop-ozone/integration-test/target/test-dir/MiniOzoneClusterImpl-8a4f94c6-6d05-4673-8985-c7ce61029340/datanode-5/data/ratis/85ae8afa-4e9e-4030-817d-ce77e5fc2fcc for RaftStorage:Storage Directory /tmp/workdir/hadoop-ozone/integration-test/target/test-dir/MiniOzoneClusterImpl-8a4f94c6-6d05-4673-8985-c7ce61029340/datanode-5/data/ratis/85ae8afa-4e9e-4030-817d-ce77e5fc2fcc
2019-07-13 16:36:17,022 INFO  segmented.SegmentedRaftLogWorker (SegmentedRaftLogWorker.java:<init>(172)) - new 8be3c74b-a425-4f91-859e-d13726acc04f-SegmentedRaftLogWorker:Storage Directory /tmp/workdir/hadoop-ozone/integration-test/target/test-dir/MiniOzoneClusterImpl-8a4f94c6-6d05-4673-8985-c7ce61029340/datanode-4/data/ratis/85ae8afa-4e9e-4030-817d-ce77e5fc2fcc for RaftStorage:Storage Directory /tmp/workdir/hadoop-ozone/integration-test/target/test-dir/MiniOzoneClusterImpl-8a4f94c6-6d05-4673-8985-c7ce61029340/datanode-4/data/ratis/85ae8afa-4e9e-4030-817d-ce77e5fc2fcc
2019-07-13 16:36:17,023 INFO  server.RaftServerConfigKeys (ConfUtils.java:logGet(43)) - raft.server.log.queue.byte-limit = 2147483647 (custom)
2019-07-13 16:36:17,023 INFO  segmented.SegmentedRaftLogWorker (SegmentedRaftLogWorker.java:lambda$new$0(132)) - a5f89e50-d2fe-4554-884e-b37dd0441734-SegmentedRaftLogWorker:Storage Directory /tmp/workdir/hadoop-ozone/integration-test/target/test-dir/MiniOzoneClusterImpl-8a4f94c6-6d05-4673-8985-c7ce61029340/datanode-3/data/ratis/85ae8afa-4e9e-4030-817d-ce77e5fc2fcc: flushIndex: setUnconditionally 0 -> -1
2019-07-13 16:36:17,023 INFO  server.RaftServerConfigKeys (ConfUtils.java:logGet(43)) - raft.server.log.queue.element-limit = 1024 (custom)
2019-07-13 16:36:17,023 INFO  server.RaftServerConfigKeys (ConfUtils.java:logGet(43)) - raft.server.log.queue.byte-limit = 2147483647 (custom)
2019-07-13 16:36:17,023 INFO  server.RaftServerConfigKeys (ConfUtils.java:logGet(43)) - raft.server.log.segment.size.max = 1048576 (custom)
2019-07-13 16:36:17,023 INFO  server.RaftServerConfigKeys (ConfUtils.java:logGet(43)) - raft.server.snapshot.auto.trigger.enabled = true (custom)
2019-07-13 16:36:17,024 INFO  server.RaftServerConfigKeys (ConfUtils.java:logGet(43)) - raft.server.log.preallocated.size = 16384 (custom)
2019-07-13 16:36:17,023 INFO  server.RaftServerConfigKeys (ConfUtils.java:logGet(43)) - raft.server.log.queue.element-limit = 1024 (custom)
2019-07-13 16:36:17,024 INFO  server.RaftServerConfigKeys (ConfUtils.java:logGet(43)) - raft.server.log.write.buffer.size = 33554432 (custom)
2019-07-13 16:36:17,024 INFO  server.RaftServerConfigKeys (ConfUtils.java:logGet(43)) - raft.server.snapshot.auto.trigger.threshold = 10000 (custom)
2019-07-13 16:36:17,024 INFO  server.RaftServerConfigKeys (ConfUtils.java:logGet(43)) - raft.server.log.force.sync.num = 128 (default)
2019-07-13 16:36:17,024 INFO  server.RaftServerConfigKeys (ConfUtils.java:logGet(43)) - raft.server.log.segment.size.max = 1048576 (custom)
2019-07-13 16:36:17,025 INFO  server.RaftServerConfigKeys (ConfUtils.java:logGet(43)) - raft.server.log.statemachine.data.sync = true (default)
2019-07-13 16:36:17,024 INFO  server.RaftServerConfigKeys (ConfUtils.java:logGet(43)) - raft.server.retrycache.expirytime = 600000ms (custom)
2019-07-13 16:36:17,025 INFO  server.RaftServerConfigKeys (ConfUtils.java:logGet(43)) - raft.server.log.statemachine.data.sync.timeout = 10s (default)
2019-07-13 16:36:17,025 INFO  server.RaftServerConfigKeys (ConfUtils.java:logGet(43)) - raft.server.log.preallocated.size = 16384 (custom)
2019-07-13 16:36:17,025 INFO  server.RaftServerConfigKeys (ConfUtils.java:logGet(43)) - raft.server.log.statemachine.data.sync.timeout.retry = -1 (default)
2019-07-13 16:36:17,025 INFO  impl.RaftServerImpl (RaftServerImpl.java:start(180)) - a5f89e50-d2fe-4554-884e-b37dd0441734: start group-CE77E5FC2FCC
2019-07-13 16:36:17,026 INFO  server.RaftServerConfigKeys (ConfUtils.java:logGet(43)) - raft.server.log.statemachine.data.caching.enabled = true (custom)
2019-07-13 16:36:17,025 INFO  server.RaftServerConfigKeys (ConfUtils.java:logGet(43)) - raft.server.log.write.buffer.size = 33554432 (custom)
2019-07-13 16:36:17,026 INFO  segmented.SegmentedRaftLogWorker (SegmentedRaftLogWorker.java:lambda$new$0(132)) - 742e875a-ad32-4ced-857e-d968cc0b4574-SegmentedRaftLogWorker:Storage Directory /tmp/workdir/hadoop-ozone/integration-test/target/test-dir/MiniOzoneClusterImpl-8a4f94c6-6d05-4673-8985-c7ce61029340/datanode-5/data/ratis/85ae8afa-4e9e-4030-817d-ce77e5fc2fcc: flushIndex: setUnconditionally 0 -> -1
2019-07-13 16:36:17,026 INFO  impl.RaftServerImpl (RaftServerImpl.java:setRole(171)) - a5f89e50-d2fe-4554-884e-b37dd0441734:group-CE77E5FC2FCC changes role from null to FOLLOWER at term 0 for startAsFollower
2019-07-13 16:36:17,026 INFO  server.RaftServerConfigKeys (ConfUtils.java:logGet(43)) - raft.server.log.force.sync.num = 128 (default)
2019-07-13 16:36:17,026 INFO  server.RaftServerConfigKeys (ConfUtils.java:logGet(43)) - raft.server.snapshot.auto.trigger.enabled = true (custom)
2019-07-13 16:36:17,026 INFO  impl.RoleInfo (RoleInfo.java:updateAndGet(143)) - a5f89e50-d2fe-4554-884e-b37dd0441734: start FollowerState
2019-07-13 16:36:17,027 INFO  server.RaftServerConfigKeys (ConfUtils.java:logGet(43)) - raft.server.snapshot.auto.trigger.threshold = 10000 (custom)
2019-07-13 16:36:17,027 INFO  server.RaftServerConfigKeys (ConfUtils.java:logGet(43)) - raft.server.log.statemachine.data.sync = true (default)
2019-07-13 16:36:17,027 INFO  util.JmxRegister (JmxRegister.java:tryRegister(44)) - Successfully registered JMX Bean with object name Ratis:service=RaftServer,group=group-CE77E5FC2FCC,id=a5f89e50-d2fe-4554-884e-b37dd0441734
2019-07-13 16:36:17,027 INFO  server.RaftServerConfigKeys (ConfUtils.java:logGet(43)) - raft.server.retrycache.expirytime = 600000ms (custom)
2019-07-13 16:36:17,027 INFO  server.RaftServerConfigKeys (ConfUtils.java:logGet(43)) - raft.server.log.statemachine.data.sync.timeout = 10s (default)
2019-07-13 16:36:17,028 INFO  impl.RaftServerImpl (RaftServerImpl.java:start(180)) - 742e875a-ad32-4ced-857e-d968cc0b4574: start group-CE77E5FC2FCC
2019-07-13 16:36:17,028 INFO  server.RaftServerConfigKeys (ConfUtils.java:logGet(43)) - raft.server.log.statemachine.data.sync.timeout.retry = -1 (default)
2019-07-13 16:36:17,028 INFO  impl.RaftServerImpl (RaftServerImpl.java:setRole(171)) - 742e875a-ad32-4ced-857e-d968cc0b4574:group-CE77E5FC2FCC changes role from null to FOLLOWER at term 0 for startAsFollower
2019-07-13 16:36:17,028 INFO  server.RaftServerConfigKeys (ConfUtils.java:logGet(43)) - raft.server.log.statemachine.data.caching.enabled = true (custom)
2019-07-13 16:36:17,028 INFO  impl.RoleInfo (RoleInfo.java:updateAndGet(143)) - 742e875a-ad32-4ced-857e-d968cc0b4574: start FollowerState
2019-07-13 16:36:17,029 INFO  segmented.SegmentedRaftLogWorker (SegmentedRaftLogWorker.java:lambda$new$0(132)) - 8be3c74b-a425-4f91-859e-d13726acc04f-SegmentedRaftLogWorker:Storage Directory /tmp/workdir/hadoop-ozone/integration-test/target/test-dir/MiniOzoneClusterImpl-8a4f94c6-6d05-4673-8985-c7ce61029340/datanode-4/data/ratis/85ae8afa-4e9e-4030-817d-ce77e5fc2fcc: flushIndex: setUnconditionally 0 -> -1
2019-07-13 16:36:17,029 INFO  util.JmxRegister (JmxRegister.java:tryRegister(44)) - Successfully registered JMX Bean with object name Ratis:service=RaftServer,group=group-CE77E5FC2FCC,id=742e875a-ad32-4ced-857e-d968cc0b4574
2019-07-13 16:36:17,032 INFO  server.RaftServerConfigKeys (ConfUtils.java:logGet(43)) - raft.server.snapshot.auto.trigger.enabled = true (custom)
2019-07-13 16:36:17,032 INFO  server.RaftServerConfigKeys (ConfUtils.java:logGet(43)) - raft.server.snapshot.auto.trigger.threshold = 10000 (custom)
2019-07-13 16:36:17,032 INFO  server.RaftServerConfigKeys (ConfUtils.java:logGet(43)) - raft.server.retrycache.expirytime = 600000ms (custom)
2019-07-13 16:36:17,032 INFO  impl.RaftServerImpl (RaftServerImpl.java:start(180)) - 8be3c74b-a425-4f91-859e-d13726acc04f: start group-CE77E5FC2FCC
2019-07-13 16:36:17,032 INFO  impl.RaftServerImpl (RaftServerImpl.java:setRole(171)) - 8be3c74b-a425-4f91-859e-d13726acc04f:group-CE77E5FC2FCC changes role from null to FOLLOWER at term 0 for startAsFollower
2019-07-13 16:36:17,032 INFO  impl.RoleInfo (RoleInfo.java:updateAndGet(143)) - 8be3c74b-a425-4f91-859e-d13726acc04f: start FollowerState
2019-07-13 16:36:17,035 INFO  util.JmxRegister (JmxRegister.java:tryRegister(44)) - Successfully registered JMX Bean with object name Ratis:service=RaftServer,group=group-CE77E5FC2FCC,id=8be3c74b-a425-4f91-859e-d13726acc04f
2019-07-13 16:36:17,039 INFO  pipeline.PipelineStateManager (PipelineStateManager.java:addPipeline(56)) - Created pipeline Pipeline[ Id: 85ae8afa-4e9e-4030-817d-ce77e5fc2fcc, Nodes: a5f89e50-d2fe-4554-884e-b37dd0441734{ip: 192.168.5.187, host: trunk-nightly-z92hn-1831959607, networkLocation: /default-rack, certSerialId: null}742e875a-ad32-4ced-857e-d968cc0b4574{ip: 192.168.5.187, host: trunk-nightly-z92hn-1831959607, networkLocation: /default-rack, certSerialId: null}8be3c74b-a425-4f91-859e-d13726acc04f{ip: 192.168.5.187, host: trunk-nightly-z92hn-1831959607, networkLocation: /default-rack, certSerialId: null}, Type:RATIS, Factor:THREE, State:OPEN]
2019-07-13 16:36:17,065 INFO  ozone.MiniOzoneClusterImpl (MiniOzoneClusterImpl.java:lambda$waitForClusterToBeReady$0(142)) - Waiting for cluster to be ready. Got 6 of 7 DN Heartbeats.
2019-07-13 16:36:17,065 INFO  node.SCMNodeManager (SCMNodeManager.java:register(269)) - Registered Data node : 57ac8228-d0ce-493b-93f5-b5bae33fa105{ip: 192.168.5.187, host: trunk-nightly-z92hn-1831959607, networkLocation: /default-rack, certSerialId: null}
2019-07-13 16:36:17,075 INFO  impl.RaftServerProxy (RaftServerProxy.java:addNew(89)) - 57ac8228-d0ce-493b-93f5-b5bae33fa105: addNew group-5CB528EB4524:[57ac8228-d0ce-493b-93f5-b5bae33fa105:192.168.5.187:36677] returns group-5CB528EB4524:java.util.concurrent.CompletableFuture@198c730[Not completed]
2019-07-13 16:36:17,076 INFO  impl.RaftServerImpl (RaftServerImpl.java:<init>(93)) - 57ac8228-d0ce-493b-93f5-b5bae33fa105: new RaftServerImpl for group-5CB528EB4524:[57ac8228-d0ce-493b-93f5-b5bae33fa105:192.168.5.187:36677] with ContainerStateMachine:uninitialized
2019-07-13 16:36:17,076 INFO  server.RaftServerConfigKeys (ConfUtils.java:logGet(43)) - raft.server.rpc.timeout.min = 5s (custom)
2019-07-13 16:36:17,076 INFO  server.RaftServerConfigKeys (ConfUtils.java:logGet(43)) - raft.server.rpc.timeout.max = 5200ms (custom)
2019-07-13 16:36:17,076 INFO  server.RaftServerConfigKeys (ConfUtils.java:logGet(43)) - raft.server.rpcslowness.timeout = 120s (custom)
2019-07-13 16:36:17,076 INFO  server.RaftServerConfigKeys (ConfUtils.java:logGet(43)) - raft.server.sleep.deviation.threshold = 300 (default)
2019-07-13 16:36:17,076 INFO  server.RaftServerConfigKeys (ConfUtils.java:logGet(43)) - raft.server.log.appender.install.snapshot.enabled = false (custom)
2019-07-13 16:36:17,077 INFO  impl.RaftServerImpl (ServerState.java:<init>(105)) - 57ac8228-d0ce-493b-93f5-b5bae33fa105:group-5CB528EB4524 ConfigurationManager, init=-1: [57ac8228-d0ce-493b-93f5-b5bae33fa105:192.168.5.187:36677], old=null, confs=<EMPTY_MAP>
2019-07-13 16:36:17,077 INFO  server.RaftServerConfigKeys (ConfUtils.java:logGet(43)) - raft.server.storage.dir = [/tmp/workdir/hadoop-ozone/integration-test/target/test-dir/MiniOzoneClusterImpl-8a4f94c6-6d05-4673-8985-c7ce61029340/datanode-6/data/ratis] (custom)
2019-07-13 16:36:17,077 INFO  storage.RaftStorageDirectory (RaftStorageDirectory.java:analyzeStorage(246)) - The storage directory /tmp/workdir/hadoop-ozone/integration-test/target/test-dir/MiniOzoneClusterImpl-8a4f94c6-6d05-4673-8985-c7ce61029340/datanode-6/data/ratis/c8cca338-4911-45aa-9c53-5cb528eb4524 does not exist. Creating ...
2019-07-13 16:36:17,082 INFO  storage.RaftStorageDirectory (RaftStorageDirectory.java:tryLock(328)) - Lock on /tmp/workdir/hadoop-ozone/integration-test/target/test-dir/MiniOzoneClusterImpl-8a4f94c6-6d05-4673-8985-c7ce61029340/datanode-6/data/ratis/c8cca338-4911-45aa-9c53-5cb528eb4524/in_use.lock acquired by nodename 30505@trunk-nightly-z92hn-1831959607
2019-07-13 16:36:17,094 INFO  storage.RaftStorage (RaftStorage.java:format(72)) - Storage directory /tmp/workdir/hadoop-ozone/integration-test/target/test-dir/MiniOzoneClusterImpl-8a4f94c6-6d05-4673-8985-c7ce61029340/datanode-6/data/ratis/c8cca338-4911-45aa-9c53-5cb528eb4524 has been successfully formatted.
2019-07-13 16:36:17,094 INFO  ratis.ContainerStateMachine (ContainerStateMachine.java:loadSnapshot(200)) - The snapshot info is null.Setting the last applied index to:(t:0, i:~)
2019-07-13 16:36:17,094 INFO  server.RaftServerConfigKeys (ConfUtils.java:logGet(43)) - raft.server.leader.election.timeout = 120s (custom)
2019-07-13 16:36:17,094 INFO  server.RaftServerConfigKeys (ConfUtils.java:logGet(43)) - raft.server.log.use.memory = false (default)
2019-07-13 16:36:17,094 INFO  server.RaftServerConfigKeys (ConfUtils.java:logGet(43)) - raft.server.log.purge.gap = 1000000000 (custom)
2019-07-13 16:36:17,094 INFO  server.RaftServerConfigKeys (ConfUtils.java:logGet(43)) - raft.server.log.appender.buffer.byte-limit = 33554432 (custom)
2019-07-13 16:36:17,095 INFO  server.RaftServerConfigKeys (ConfUtils.java:logGet(43)) - raft.server.log.segment.size.max = 1048576 (custom)
2019-07-13 16:36:17,095 INFO  server.RaftServerConfigKeys (ConfUtils.java:logGet(43)) - raft.server.log.segment.cache.num.max = 2 (custom)
2019-07-13 16:36:17,095 INFO  segmented.SegmentedRaftLogWorker (SegmentedRaftLogWorker.java:<init>(172)) - new 57ac8228-d0ce-493b-93f5-b5bae33fa105-SegmentedRaftLogWorker:Storage Directory /tmp/workdir/hadoop-ozone/integration-test/target/test-dir/MiniOzoneClusterImpl-8a4f94c6-6d05-4673-8985-c7ce61029340/datanode-6/data/ratis/c8cca338-4911-45aa-9c53-5cb528eb4524 for RaftStorage:Storage Directory /tmp/workdir/hadoop-ozone/integration-test/target/test-dir/MiniOzoneClusterImpl-8a4f94c6-6d05-4673-8985-c7ce61029340/datanode-6/data/ratis/c8cca338-4911-45aa-9c53-5cb528eb4524
2019-07-13 16:36:17,095 INFO  server.RaftServerConfigKeys (ConfUtils.java:logGet(43)) - raft.server.log.queue.byte-limit = 2147483647 (custom)
2019-07-13 16:36:17,095 INFO  server.RaftServerConfigKeys (ConfUtils.java:logGet(43)) - raft.server.log.queue.element-limit = 1024 (custom)
2019-07-13 16:36:17,095 INFO  server.RaftServerConfigKeys (ConfUtils.java:logGet(43)) - raft.server.log.segment.size.max = 1048576 (custom)
2019-07-13 16:36:17,096 INFO  server.RaftServerConfigKeys (ConfUtils.java:logGet(43)) - raft.server.log.preallocated.size = 16384 (custom)
2019-07-13 16:36:17,096 INFO  server.RaftServerConfigKeys (ConfUtils.java:logGet(43)) - raft.server.log.write.buffer.size = 33554432 (custom)
2019-07-13 16:36:17,096 INFO  server.RaftServerConfigKeys (ConfUtils.java:logGet(43)) - raft.server.log.force.sync.num = 128 (default)
2019-07-13 16:36:17,096 INFO  server.RaftServerConfigKeys (ConfUtils.java:logGet(43)) - raft.server.log.statemachine.data.sync = true (default)
2019-07-13 16:36:17,096 INFO  server.RaftServerConfigKeys (ConfUtils.java:logGet(43)) - raft.server.log.statemachine.data.sync.timeout = 10s (default)
2019-07-13 16:36:17,096 INFO  server.RaftServerConfigKeys (ConfUtils.java:logGet(43)) - raft.server.log.statemachine.data.sync.timeout.retry = -1 (default)
2019-07-13 16:36:17,097 INFO  server.RaftServerConfigKeys (ConfUtils.java:logGet(43)) - raft.server.log.statemachine.data.caching.enabled = true (custom)
2019-07-13 16:36:17,097 INFO  segmented.SegmentedRaftLogWorker (SegmentedRaftLogWorker.java:lambda$new$0(132)) - 57ac8228-d0ce-493b-93f5-b5bae33fa105-SegmentedRaftLogWorker:Storage Directory /tmp/workdir/hadoop-ozone/integration-test/target/test-dir/MiniOzoneClusterImpl-8a4f94c6-6d05-4673-8985-c7ce61029340/datanode-6/data/ratis/c8cca338-4911-45aa-9c53-5cb528eb4524: flushIndex: setUnconditionally 0 -> -1
2019-07-13 16:36:17,097 INFO  server.RaftServerConfigKeys (ConfUtils.java:logGet(43)) - raft.server.snapshot.auto.trigger.enabled = true (custom)
2019-07-13 16:36:17,097 INFO  server.RaftServerConfigKeys (ConfUtils.java:logGet(43)) - raft.server.snapshot.auto.trigger.threshold = 10000 (custom)
2019-07-13 16:36:17,097 INFO  server.RaftServerConfigKeys (ConfUtils.java:logGet(43)) - raft.server.retrycache.expirytime = 600000ms (custom)
2019-07-13 16:36:17,098 INFO  impl.RaftServerImpl (RaftServerImpl.java:start(180)) - 57ac8228-d0ce-493b-93f5-b5bae33fa105: start group-5CB528EB4524
2019-07-13 16:36:17,098 INFO  impl.RaftServerImpl (RaftServerImpl.java:setRole(171)) - 57ac8228-d0ce-493b-93f5-b5bae33fa105:group-5CB528EB4524 changes role from null to FOLLOWER at term 0 for startAsFollower
2019-07-13 16:36:17,098 INFO  impl.RoleInfo (RoleInfo.java:updateAndGet(143)) - 57ac8228-d0ce-493b-93f5-b5bae33fa105: start FollowerState
2019-07-13 16:36:17,098 INFO  util.JmxRegister (JmxRegister.java:tryRegister(44)) - Successfully registered JMX Bean with object name Ratis:service=RaftServer,group=group-5CB528EB4524,id=57ac8228-d0ce-493b-93f5-b5bae33fa105
2019-07-13 16:36:17,102 INFO  pipeline.PipelineStateManager (PipelineStateManager.java:addPipeline(56)) - Created pipeline Pipeline[ Id: c8cca338-4911-45aa-9c53-5cb528eb4524, Nodes: 57ac8228-d0ce-493b-93f5-b5bae33fa105{ip: 192.168.5.187, host: trunk-nightly-z92hn-1831959607, networkLocation: /default-rack, certSerialId: null}, Type:RATIS, Factor:ONE, State:OPEN]
2019-07-13 16:36:18,066 INFO  ozone.MiniOzoneClusterImpl (MiniOzoneClusterImpl.java:lambda$waitForClusterToBeReady$0(142)) - Cluster is ready. Got 7 of 7 DN Heartbeats.
2019-07-13 16:36:18,098 INFO  rpc.RpcClient (RpcClient.java:createVolume(287)) - Creating Volume: testblockoutputstream, with jenkins1000 as owner.
2019-07-13 16:36:18,113 INFO  rpc.RpcClient (RpcClient.java:createBucket(424)) - Creating Bucket: testblockoutputstream/testblockoutputstream, with Versioning false and Storage Type set to DISK and Encryption set to false 
2019-07-13 16:36:18,142 INFO  client.GrpcClientProtocolClient (GrpcClientProtocolClient.java:onNext(255)) - client-5FC3BEB185E3->2e16940d-77b0-406b-ab4f-aeb5a35dc975: receive RaftClientReply:client-5FC3BEB185E3->2e16940d-77b0-406b-ab4f-aeb5a35dc975@group-F8FA5917D36E, cid=227, FAILED org.apache.ratis.protocol.NotLeaderException: Server 2e16940d-77b0-406b-ab4f-aeb5a35dc975 is not the leader (null). Request must be sent to leader., logIndex=0, commits[2e16940d-77b0-406b-ab4f-aeb5a35dc975:c-1]
2019-07-13 16:36:19,029 INFO  container.ReplicationManager (ReplicationManager.java:start(155)) - Starting Replication Monitor Thread.
2019-07-13 16:36:19,034 INFO  container.ReplicationManager (ReplicationManager.java:run(207)) - Replication Monitor Thread took 1 milliseconds for processing 1 containers.
2019-07-13 16:36:19,162 INFO  client.GrpcClientProtocolClient (GrpcClientProtocolClient.java:onNext(255)) - client-5FC3BEB185E3->5e4e48d9-7c0e-4eee-bd59-3427149a0d7c: receive RaftClientReply:client-5FC3BEB185E3->5e4e48d9-7c0e-4eee-bd59-3427149a0d7c@group-F8FA5917D36E, cid=227, FAILED org.apache.ratis.protocol.NotLeaderException: Server 5e4e48d9-7c0e-4eee-bd59-3427149a0d7c is not the leader (null). Request must be sent to leader., logIndex=0, commits[5e4e48d9-7c0e-4eee-bd59-3427149a0d7c:c-1]
2019-07-13 16:36:20,177 INFO  client.GrpcClientProtocolClient (GrpcClientProtocolClient.java:onNext(255)) - client-5FC3BEB185E3->b1698c79-6c1e-4696-b1c8-e50474debd09: receive RaftClientReply:client-5FC3BEB185E3->b1698c79-6c1e-4696-b1c8-e50474debd09@group-F8FA5917D36E, cid=227, FAILED org.apache.ratis.protocol.NotLeaderException: Server b1698c79-6c1e-4696-b1c8-e50474debd09 is not the leader (null). Request must be sent to leader., logIndex=0, commits[b1698c79-6c1e-4696-b1c8-e50474debd09:c-1]
2019-07-13 16:36:21,189 INFO  client.GrpcClientProtocolClient (GrpcClientProtocolClient.java:onNext(255)) - client-5FC3BEB185E3->5e4e48d9-7c0e-4eee-bd59-3427149a0d7c: receive RaftClientReply:client-5FC3BEB185E3->5e4e48d9-7c0e-4eee-bd59-3427149a0d7c@group-F8FA5917D36E, cid=227, FAILED org.apache.ratis.protocol.NotLeaderException: Server 5e4e48d9-7c0e-4eee-bd59-3427149a0d7c is not the leader (null). Request must be sent to leader., logIndex=0, commits[5e4e48d9-7c0e-4eee-bd59-3427149a0d7c:c-1]
2019-07-13 16:36:21,229 INFO  impl.FollowerState (FollowerState.java:run(106)) - 2e16940d-77b0-406b-ab4f-aeb5a35dc975:group-CD4F440B7138 changes to CANDIDATE, lastRpcTime:5177, electionTimeout:5177ms
2019-07-13 16:36:21,229 INFO  impl.RoleInfo (RoleInfo.java:shutdownFollowerState(121)) - 2e16940d-77b0-406b-ab4f-aeb5a35dc975: shutdown FollowerState
2019-07-13 16:36:21,230 INFO  impl.RaftServerImpl (RaftServerImpl.java:setRole(171)) - 2e16940d-77b0-406b-ab4f-aeb5a35dc975:group-CD4F440B7138 changes role from FOLLOWER to CANDIDATE at term 0 for changeToCandidate
2019-07-13 16:36:21,230 INFO  impl.RoleInfo (RoleInfo.java:updateAndGet(143)) - 2e16940d-77b0-406b-ab4f-aeb5a35dc975: start LeaderElection
2019-07-13 16:36:21,252 INFO  impl.LeaderElection (LeaderElection.java:askForVotes(181)) - 2e16940d-77b0-406b-ab4f-aeb5a35dc975:group-CD4F440B7138:LeaderElection73: begin an election at term 1 for -1: [2e16940d-77b0-406b-ab4f-aeb5a35dc975:192.168.5.187:45827], old=null
2019-07-13 16:36:21,253 INFO  impl.RoleInfo (RoleInfo.java:shutdownLeaderElection(134)) - 2e16940d-77b0-406b-ab4f-aeb5a35dc975: shutdown LeaderElection
2019-07-13 16:36:21,253 INFO  impl.RaftServerImpl (RaftServerImpl.java:setRole(171)) - 2e16940d-77b0-406b-ab4f-aeb5a35dc975:group-CD4F440B7138 changes role from CANDIDATE to LEADER at term 1 for changeToLeader
2019-07-13 16:36:21,253 INFO  impl.RaftServerImpl (ServerState.java:setLeader(263)) - 2e16940d-77b0-406b-ab4f-aeb5a35dc975:group-CD4F440B7138 change Leader from null to 2e16940d-77b0-406b-ab4f-aeb5a35dc975 at term 1 for becomeLeader, leader elected after 5205ms
2019-07-13 16:36:21,253 INFO  server.RaftServerConfigKeys (ConfUtils.java:logGet(43)) - raft.server.staging.catchup.gap = 1000 (default)
2019-07-13 16:36:21,253 INFO  server.RaftServerConfigKeys (ConfUtils.java:logGet(43)) - raft.server.rpc.sleep.time = 25ms (default)
2019-07-13 16:36:21,254 INFO  server.RaftServerConfigKeys (ConfUtils.java:logGet(43)) - raft.server.write.element-limit = 4096 (default)
2019-07-13 16:36:21,254 INFO  server.RaftServerConfigKeys (ConfUtils.java:logGet(43)) - raft.server.watch.timeout = 10s (default)
2019-07-13 16:36:21,254 INFO  server.RaftServerConfigKeys (ConfUtils.java:logGet(43)) - raft.server.watch.timeout.denomination = 1s (default)
2019-07-13 16:36:21,254 INFO  server.RaftServerConfigKeys (ConfUtils.java:logGet(43)) - raft.server.watch.element-limit = 65536 (default)
2019-07-13 16:36:21,254 INFO  impl.RoleInfo (RoleInfo.java:updateAndGet(143)) - 2e16940d-77b0-406b-ab4f-aeb5a35dc975: start LeaderState
2019-07-13 16:36:21,255 INFO  segmented.SegmentedRaftLogWorker (SegmentedRaftLogWorker.java:startLogSegment(380)) - 2e16940d-77b0-406b-ab4f-aeb5a35dc975-SegmentedRaftLogWorker:Storage Directory /tmp/workdir/hadoop-ozone/integration-test/target/test-dir/MiniOzoneClusterImpl-8a4f94c6-6d05-4673-8985-c7ce61029340/datanode-0/data/ratis/6779bf37-bed0-4ee7-bde4-cd4f440b7138: Starting segment from index:0
2019-07-13 16:36:21,255 INFO  impl.RaftServerImpl (ServerState.java:setRaftConf(361)) - 2e16940d-77b0-406b-ab4f-aeb5a35dc975:group-CD4F440B7138 set configuration 0: [2e16940d-77b0-406b-ab4f-aeb5a35dc975:192.168.5.187:45827], old=null at 0
2019-07-13 16:36:21,293 INFO  segmented.SegmentedRaftLogWorker (SegmentedRaftLogWorker.java:execute(569)) - 2e16940d-77b0-406b-ab4f-aeb5a35dc975-SegmentedRaftLogWorker:Storage Directory /tmp/workdir/hadoop-ozone/integration-test/target/test-dir/MiniOzoneClusterImpl-8a4f94c6-6d05-4673-8985-c7ce61029340/datanode-0/data/ratis/6779bf37-bed0-4ee7-bde4-cd4f440b7138: created new log segment /tmp/workdir/hadoop-ozone/integration-test/target/test-dir/MiniOzoneClusterImpl-8a4f94c6-6d05-4673-8985-c7ce61029340/datanode-0/data/ratis/6779bf37-bed0-4ee7-bde4-cd4f440b7138/current/log_inprogress_0
2019-07-13 16:36:21,397 INFO  impl.FollowerState (FollowerState.java:run(106)) - b1698c79-6c1e-4696-b1c8-e50474debd09:group-EA87B489BF96 changes to CANDIDATE, lastRpcTime:5126, electionTimeout:5126ms
2019-07-13 16:36:21,397 INFO  impl.RoleInfo (RoleInfo.java:shutdownFollowerState(121)) - b1698c79-6c1e-4696-b1c8-e50474debd09: shutdown FollowerState
2019-07-13 16:36:21,398 INFO  impl.RaftServerImpl (RaftServerImpl.java:setRole(171)) - b1698c79-6c1e-4696-b1c8-e50474debd09:group-EA87B489BF96 changes role from FOLLOWER to CANDIDATE at term 0 for changeToCandidate
2019-07-13 16:36:21,398 INFO  impl.RoleInfo (RoleInfo.java:updateAndGet(143)) - b1698c79-6c1e-4696-b1c8-e50474debd09: start LeaderElection
2019-07-13 16:36:21,416 INFO  impl.LeaderElection (LeaderElection.java:askForVotes(181)) - b1698c79-6c1e-4696-b1c8-e50474debd09:group-EA87B489BF96:LeaderElection74: begin an election at term 1 for -1: [b1698c79-6c1e-4696-b1c8-e50474debd09:192.168.5.187:37212], old=null
2019-07-13 16:36:21,416 INFO  impl.RoleInfo (RoleInfo.java:shutdownLeaderElection(134)) - b1698c79-6c1e-4696-b1c8-e50474debd09: shutdown LeaderElection
2019-07-13 16:36:21,416 INFO  impl.RaftServerImpl (RaftServerImpl.java:setRole(171)) - b1698c79-6c1e-4696-b1c8-e50474debd09:group-EA87B489BF96 changes role from CANDIDATE to LEADER at term 1 for changeToLeader
2019-07-13 16:36:21,416 INFO  impl.RaftServerImpl (ServerState.java:setLeader(263)) - b1698c79-6c1e-4696-b1c8-e50474debd09:group-EA87B489BF96 change Leader from null to b1698c79-6c1e-4696-b1c8-e50474debd09 at term 1 for becomeLeader, leader elected after 5149ms
2019-07-13 16:36:21,416 INFO  server.RaftServerConfigKeys (ConfUtils.java:logGet(43)) - raft.server.staging.catchup.gap = 1000 (default)
2019-07-13 16:36:21,416 INFO  server.RaftServerConfigKeys (ConfUtils.java:logGet(43)) - raft.server.rpc.sleep.time = 25ms (default)
2019-07-13 16:36:21,417 INFO  server.RaftServerConfigKeys (ConfUtils.java:logGet(43)) - raft.server.write.element-limit = 4096 (default)
2019-07-13 16:36:21,417 INFO  server.RaftServerConfigKeys (ConfUtils.java:logGet(43)) - raft.server.watch.timeout = 10s (default)
2019-07-13 16:36:21,417 INFO  server.RaftServerConfigKeys (ConfUtils.java:logGet(43)) - raft.server.watch.timeout.denomination = 1s (default)
2019-07-13 16:36:21,417 INFO  server.RaftServerConfigKeys (ConfUtils.java:logGet(43)) - raft.server.watch.element-limit = 65536 (default)
2019-07-13 16:36:21,417 INFO  impl.RoleInfo (RoleInfo.java:updateAndGet(143)) - b1698c79-6c1e-4696-b1c8-e50474debd09: start LeaderState
2019-07-13 16:36:21,418 INFO  segmented.SegmentedRaftLogWorker (SegmentedRaftLogWorker.java:startLogSegment(380)) - b1698c79-6c1e-4696-b1c8-e50474debd09-SegmentedRaftLogWorker:Storage Directory /tmp/workdir/hadoop-ozone/integration-test/target/test-dir/MiniOzoneClusterImpl-8a4f94c6-6d05-4673-8985-c7ce61029340/datanode-1/data/ratis/31f313c6-df36-48ea-bdc6-ea87b489bf96: Starting segment from index:0
2019-07-13 16:36:21,418 INFO  impl.RaftServerImpl (ServerState.java:setRaftConf(361)) - b1698c79-6c1e-4696-b1c8-e50474debd09:group-EA87B489BF96 set configuration 0: [b1698c79-6c1e-4696-b1c8-e50474debd09:192.168.5.187:37212], old=null at 0
2019-07-13 16:36:21,459 INFO  segmented.SegmentedRaftLogWorker (SegmentedRaftLogWorker.java:execute(569)) - b1698c79-6c1e-4696-b1c8-e50474debd09-SegmentedRaftLogWorker:Storage Directory /tmp/workdir/hadoop-ozone/integration-test/target/test-dir/MiniOzoneClusterImpl-8a4f94c6-6d05-4673-8985-c7ce61029340/datanode-1/data/ratis/31f313c6-df36-48ea-bdc6-ea87b489bf96: created new log segment /tmp/workdir/hadoop-ozone/integration-test/target/test-dir/MiniOzoneClusterImpl-8a4f94c6-6d05-4673-8985-c7ce61029340/datanode-1/data/ratis/31f313c6-df36-48ea-bdc6-ea87b489bf96/current/log_inprogress_0
2019-07-13 16:36:21,529 INFO  impl.FollowerState (FollowerState.java:run(106)) - 5e4e48d9-7c0e-4eee-bd59-3427149a0d7c:group-162CDBD7F019 changes to CANDIDATE, lastRpcTime:5101, electionTimeout:5101ms
2019-07-13 16:36:21,529 INFO  impl.RoleInfo (RoleInfo.java:shutdownFollowerState(121)) - 5e4e48d9-7c0e-4eee-bd59-3427149a0d7c: shutdown FollowerState
2019-07-13 16:36:21,529 INFO  impl.RaftServerImpl (RaftServerImpl.java:setRole(171)) - 5e4e48d9-7c0e-4eee-bd59-3427149a0d7c:group-162CDBD7F019 changes role from FOLLOWER to CANDIDATE at term 0 for changeToCandidate
2019-07-13 16:36:21,529 INFO  impl.RoleInfo (RoleInfo.java:updateAndGet(143)) - 5e4e48d9-7c0e-4eee-bd59-3427149a0d7c: start LeaderElection
2019-07-13 16:36:21,542 INFO  impl.LeaderElection (LeaderElection.java:askForVotes(181)) - 5e4e48d9-7c0e-4eee-bd59-3427149a0d7c:group-162CDBD7F019:LeaderElection75: begin an election at term 1 for -1: [5e4e48d9-7c0e-4eee-bd59-3427149a0d7c:192.168.5.187:34716], old=null
2019-07-13 16:36:21,542 INFO  impl.RoleInfo (RoleInfo.java:shutdownLeaderElection(134)) - 5e4e48d9-7c0e-4eee-bd59-3427149a0d7c: shutdown LeaderElection
2019-07-13 16:36:21,542 INFO  impl.RaftServerImpl (RaftServerImpl.java:setRole(171)) - 5e4e48d9-7c0e-4eee-bd59-3427149a0d7c:group-162CDBD7F019 changes role from CANDIDATE to LEADER at term 1 for changeToLeader
2019-07-13 16:36:21,542 INFO  impl.RaftServerImpl (ServerState.java:setLeader(263)) - 5e4e48d9-7c0e-4eee-bd59-3427149a0d7c:group-162CDBD7F019 change Leader from null to 5e4e48d9-7c0e-4eee-bd59-3427149a0d7c at term 1 for becomeLeader, leader elected after 5119ms
2019-07-13 16:36:21,542 INFO  server.RaftServerConfigKeys (ConfUtils.java:logGet(43)) - raft.server.staging.catchup.gap = 1000 (default)
2019-07-13 16:36:21,542 INFO  server.RaftServerConfigKeys (ConfUtils.java:logGet(43)) - raft.server.rpc.sleep.time = 25ms (default)
2019-07-13 16:36:21,543 INFO  server.RaftServerConfigKeys (ConfUtils.java:logGet(43)) - raft.server.write.element-limit = 4096 (default)
2019-07-13 16:36:21,543 INFO  server.RaftServerConfigKeys (ConfUtils.java:logGet(43)) - raft.server.watch.timeout = 10s (default)
2019-07-13 16:36:21,543 INFO  server.RaftServerConfigKeys (ConfUtils.java:logGet(43)) - raft.server.watch.timeout.denomination = 1s (default)
2019-07-13 16:36:21,543 INFO  server.RaftServerConfigKeys (ConfUtils.java:logGet(43)) - raft.server.watch.element-limit = 65536 (default)
2019-07-13 16:36:21,543 INFO  impl.RoleInfo (RoleInfo.java:updateAndGet(143)) - 5e4e48d9-7c0e-4eee-bd59-3427149a0d7c: start LeaderState
2019-07-13 16:36:21,544 INFO  segmented.SegmentedRaftLogWorker (SegmentedRaftLogWorker.java:startLogSegment(380)) - 5e4e48d9-7c0e-4eee-bd59-3427149a0d7c-SegmentedRaftLogWorker:Storage Directory /tmp/workdir/hadoop-ozone/integration-test/target/test-dir/MiniOzoneClusterImpl-8a4f94c6-6d05-4673-8985-c7ce61029340/datanode-2/data/ratis/1ffcb854-9967-4c38-a604-162cdbd7f019: Starting segment from index:0
2019-07-13 16:36:21,544 INFO  impl.RaftServerImpl (ServerState.java:setRaftConf(361)) - 5e4e48d9-7c0e-4eee-bd59-3427149a0d7c:group-162CDBD7F019 set configuration 0: [5e4e48d9-7c0e-4eee-bd59-3427149a0d7c:192.168.5.187:34716], old=null at 0
2019-07-13 16:36:21,564 INFO  impl.FollowerState (FollowerState.java:run(106)) - 2e16940d-77b0-406b-ab4f-aeb5a35dc975:group-F8FA5917D36E changes to CANDIDATE, lastRpcTime:5057, electionTimeout:5057ms
2019-07-13 16:36:21,564 INFO  impl.RoleInfo (RoleInfo.java:shutdownFollowerState(121)) - 2e16940d-77b0-406b-ab4f-aeb5a35dc975: shutdown FollowerState
2019-07-13 16:36:21,564 INFO  impl.RaftServerImpl (RaftServerImpl.java:setRole(171)) - 2e16940d-77b0-406b-ab4f-aeb5a35dc975:group-F8FA5917D36E changes role from FOLLOWER to CANDIDATE at term 0 for changeToCandidate
2019-07-13 16:36:21,564 INFO  impl.RoleInfo (RoleInfo.java:updateAndGet(143)) - 2e16940d-77b0-406b-ab4f-aeb5a35dc975: start LeaderElection
2019-07-13 16:36:21,571 INFO  segmented.SegmentedRaftLogWorker (SegmentedRaftLogWorker.java:execute(569)) - 5e4e48d9-7c0e-4eee-bd59-3427149a0d7c-SegmentedRaftLogWorker:Storage Directory /tmp/workdir/hadoop-ozone/integration-test/target/test-dir/MiniOzoneClusterImpl-8a4f94c6-6d05-4673-8985-c7ce61029340/datanode-2/data/ratis/1ffcb854-9967-4c38-a604-162cdbd7f019: created new log segment /tmp/workdir/hadoop-ozone/integration-test/target/test-dir/MiniOzoneClusterImpl-8a4f94c6-6d05-4673-8985-c7ce61029340/datanode-2/data/ratis/1ffcb854-9967-4c38-a604-162cdbd7f019/current/log_inprogress_0
2019-07-13 16:36:21,574 INFO  impl.LeaderElection (LeaderElection.java:askForVotes(181)) - 2e16940d-77b0-406b-ab4f-aeb5a35dc975:group-F8FA5917D36E:LeaderElection76: begin an election at term 1 for -1: [b1698c79-6c1e-4696-b1c8-e50474debd09:192.168.5.187:37212, 2e16940d-77b0-406b-ab4f-aeb5a35dc975:192.168.5.187:45827, 5e4e48d9-7c0e-4eee-bd59-3427149a0d7c:192.168.5.187:34716], old=null
2019-07-13 16:36:21,580 INFO  impl.FollowerState (FollowerState.java:run(106)) - b1698c79-6c1e-4696-b1c8-e50474debd09:group-F8FA5917D36E changes to CANDIDATE, lastRpcTime:5072, electionTimeout:5072ms
2019-07-13 16:36:21,580 INFO  impl.RaftServerImpl (RaftServerImpl.java:setRole(171)) - 5e4e48d9-7c0e-4eee-bd59-3427149a0d7c:group-F8FA5917D36E changes role from FOLLOWER to FOLLOWER at term 1 for recognizeCandidate:2e16940d-77b0-406b-ab4f-aeb5a35dc975
2019-07-13 16:36:21,582 INFO  impl.RoleInfo (RoleInfo.java:shutdownFollowerState(121)) - b1698c79-6c1e-4696-b1c8-e50474debd09: shutdown FollowerState
2019-07-13 16:36:21,582 INFO  impl.RoleInfo (RoleInfo.java:shutdownFollowerState(121)) - 5e4e48d9-7c0e-4eee-bd59-3427149a0d7c: shutdown FollowerState
2019-07-13 16:36:21,582 INFO  impl.RaftServerImpl (RaftServerImpl.java:setRole(171)) - b1698c79-6c1e-4696-b1c8-e50474debd09:group-F8FA5917D36E changes role from FOLLOWER to CANDIDATE at term 0 for changeToCandidate
2019-07-13 16:36:21,582 INFO  impl.FollowerState (FollowerState.java:run(114)) - 5e4e48d9-7c0e-4eee-bd59-3427149a0d7c: FollowerState was interrupted: java.lang.InterruptedException: sleep interrupted
2019-07-13 16:36:21,582 INFO  impl.RoleInfo (RoleInfo.java:updateAndGet(143)) - 5e4e48d9-7c0e-4eee-bd59-3427149a0d7c: start FollowerState
2019-07-13 16:36:21,582 INFO  impl.RoleInfo (RoleInfo.java:updateAndGet(143)) - b1698c79-6c1e-4696-b1c8-e50474debd09: start LeaderElection
2019-07-13 16:36:21,587 INFO  impl.RaftServerImpl (RaftServerImpl.java:setRole(171)) - b1698c79-6c1e-4696-b1c8-e50474debd09:group-F8FA5917D36E changes role from CANDIDATE to FOLLOWER at term 1 for recognizeCandidate:2e16940d-77b0-406b-ab4f-aeb5a35dc975
2019-07-13 16:36:21,587 INFO  impl.RoleInfo (RoleInfo.java:shutdownLeaderElection(134)) - b1698c79-6c1e-4696-b1c8-e50474debd09: shutdown LeaderElection
2019-07-13 16:36:21,587 INFO  impl.RoleInfo (RoleInfo.java:updateAndGet(143)) - b1698c79-6c1e-4696-b1c8-e50474debd09: start FollowerState
2019-07-13 16:36:21,613 INFO  impl.LeaderElection (LeaderElection.java:askForVotes(181)) - b1698c79-6c1e-4696-b1c8-e50474debd09:group-F8FA5917D36E:LeaderElection77: begin an election at term 2 for -1: [b1698c79-6c1e-4696-b1c8-e50474debd09:192.168.5.187:37212, 2e16940d-77b0-406b-ab4f-aeb5a35dc975:192.168.5.187:45827, 5e4e48d9-7c0e-4eee-bd59-3427149a0d7c:192.168.5.187:34716], old=null
2019-07-13 16:36:21,613 INFO  impl.LeaderElection (LeaderElection.java:logAndReturn(56)) - 2e16940d-77b0-406b-ab4f-aeb5a35dc975:group-F8FA5917D36E:LeaderElection76: Election PASSED; received 2 response(s) [2e16940d-77b0-406b-ab4f-aeb5a35dc975<-b1698c79-6c1e-4696-b1c8-e50474debd09#0:FAIL-t1, 2e16940d-77b0-406b-ab4f-aeb5a35dc975<-5e4e48d9-7c0e-4eee-bd59-3427149a0d7c#0:OK-t1] and 0 exception(s); 2e16940d-77b0-406b-ab4f-aeb5a35dc975:t1, leader=null, voted=2e16940d-77b0-406b-ab4f-aeb5a35dc975, raftlog=2e16940d-77b0-406b-ab4f-aeb5a35dc975-SegmentedRaftLog:OPENED:c-1,f-1,i0, conf=-1: [b1698c79-6c1e-4696-b1c8-e50474debd09:192.168.5.187:37212, 2e16940d-77b0-406b-ab4f-aeb5a35dc975:192.168.5.187:45827, 5e4e48d9-7c0e-4eee-bd59-3427149a0d7c:192.168.5.187:34716], old=null
2019-07-13 16:36:21,613 INFO  impl.RoleInfo (RoleInfo.java:shutdownLeaderElection(134)) - 2e16940d-77b0-406b-ab4f-aeb5a35dc975: shutdown LeaderElection
2019-07-13 16:36:21,613 INFO  impl.LeaderElection (LeaderElection.java:logAndReturn(56)) - b1698c79-6c1e-4696-b1c8-e50474debd09:group-F8FA5917D36E:LeaderElection77: Election REJECTED; received 0 response(s) [] and 0 exception(s); b1698c79-6c1e-4696-b1c8-e50474debd09:t2, leader=null, voted=b1698c79-6c1e-4696-b1c8-e50474debd09, raftlog=b1698c79-6c1e-4696-b1c8-e50474debd09-SegmentedRaftLog:OPENED:c-1,f-1,i0, conf=-1: [b1698c79-6c1e-4696-b1c8-e50474debd09:192.168.5.187:37212, 2e16940d-77b0-406b-ab4f-aeb5a35dc975:192.168.5.187:45827, 5e4e48d9-7c0e-4eee-bd59-3427149a0d7c:192.168.5.187:34716], old=null
2019-07-13 16:36:21,613 INFO  impl.RaftServerImpl (RaftServerImpl.java:setRole(171)) - 2e16940d-77b0-406b-ab4f-aeb5a35dc975:group-F8FA5917D36E changes role from CANDIDATE to LEADER at term 1 for changeToLeader
2019-07-13 16:36:21,613 INFO  impl.RaftServerImpl (ServerState.java:setLeader(263)) - 2e16940d-77b0-406b-ab4f-aeb5a35dc975:group-F8FA5917D36E change Leader from null to 2e16940d-77b0-406b-ab4f-aeb5a35dc975 at term 1 for becomeLeader, leader elected after 5120ms
2019-07-13 16:36:21,614 INFO  server.RaftServerConfigKeys (ConfUtils.java:logGet(43)) - raft.server.staging.catchup.gap = 1000 (default)
2019-07-13 16:36:21,614 INFO  server.RaftServerConfigKeys (ConfUtils.java:logGet(43)) - raft.server.rpc.sleep.time = 25ms (default)
2019-07-13 16:36:21,614 INFO  server.RaftServerConfigKeys (ConfUtils.java:logGet(43)) - raft.server.write.element-limit = 4096 (default)
2019-07-13 16:36:21,614 INFO  server.RaftServerConfigKeys (ConfUtils.java:logGet(43)) - raft.server.watch.timeout = 10s (default)
2019-07-13 16:36:21,614 INFO  server.RaftServerConfigKeys (ConfUtils.java:logGet(43)) - raft.server.watch.timeout.denomination = 1s (default)
2019-07-13 16:36:21,614 INFO  server.RaftServerConfigKeys (ConfUtils.java:logGet(43)) - raft.server.watch.element-limit = 65536 (default)
2019-07-13 16:36:21,614 INFO  server.RaftServerConfigKeys (ConfUtils.java:logGet(43)) - raft.server.log.appender.snapshot.chunk.size.max = 16MB (=16777216) (default)
2019-07-13 16:36:21,615 INFO  server.RaftServerConfigKeys (ConfUtils.java:logGet(43)) - raft.server.log.appender.buffer.byte-limit = 33554432 (custom)
2019-07-13 16:36:21,615 INFO  server.RaftServerConfigKeys (ConfUtils.java:logGet(43)) - raft.server.log.appender.buffer.element-limit = 1 (custom)
2019-07-13 16:36:21,615 INFO  grpc.GrpcConfigKeys$Server (ConfUtils.java:logGet(43)) - raft.grpc.server.leader.outstanding.appends.max = 128 (default)
2019-07-13 16:36:21,615 INFO  server.RaftServerConfigKeys (ConfUtils.java:logGet(43)) - raft.server.rpc.request.timeout = 3000ms (default)
2019-07-13 16:36:21,616 INFO  server.RaftServerConfigKeys (ConfUtils.java:logGet(43)) - raft.server.log.appender.install.snapshot.enabled = false (custom)
2019-07-13 16:36:21,616 INFO  server.RaftServerConfigKeys (ConfUtils.java:logGet(43)) - raft.server.log.appender.snapshot.chunk.size.max = 16MB (=16777216) (default)
2019-07-13 16:36:21,616 INFO  server.RaftServerConfigKeys (ConfUtils.java:logGet(43)) - raft.server.log.appender.buffer.byte-limit = 33554432 (custom)
2019-07-13 16:36:21,616 INFO  server.RaftServerConfigKeys (ConfUtils.java:logGet(43)) - raft.server.log.appender.buffer.element-limit = 1 (custom)
2019-07-13 16:36:21,616 INFO  grpc.GrpcConfigKeys$Server (ConfUtils.java:logGet(43)) - raft.grpc.server.leader.outstanding.appends.max = 128 (default)
2019-07-13 16:36:21,616 INFO  server.RaftServerConfigKeys (ConfUtils.java:logGet(43)) - raft.server.rpc.request.timeout = 3000ms (default)
2019-07-13 16:36:21,624 INFO  impl.RaftServerImpl (RaftServerImpl.java:setRole(171)) - 5e4e48d9-7c0e-4eee-bd59-3427149a0d7c:group-F8FA5917D36E changes role from FOLLOWER to FOLLOWER at term 2 for recognizeCandidate:b1698c79-6c1e-4696-b1c8-e50474debd09
2019-07-13 16:36:21,624 INFO  server.RaftServerConfigKeys (ConfUtils.java:logGet(43)) - raft.server.log.appender.install.snapshot.enabled = false (custom)
2019-07-13 16:36:21,625 INFO  impl.RoleInfo (RoleInfo.java:shutdownFollowerState(121)) - 5e4e48d9-7c0e-4eee-bd59-3427149a0d7c: shutdown FollowerState
2019-07-13 16:36:21,625 INFO  impl.RoleInfo (RoleInfo.java:updateAndGet(143)) - 2e16940d-77b0-406b-ab4f-aeb5a35dc975: start LeaderState
2019-07-13 16:36:21,625 INFO  impl.RoleInfo (RoleInfo.java:updateAndGet(143)) - 5e4e48d9-7c0e-4eee-bd59-3427149a0d7c: start FollowerState
2019-07-13 16:36:21,625 INFO  segmented.SegmentedRaftLogWorker (SegmentedRaftLogWorker.java:startLogSegment(380)) - 2e16940d-77b0-406b-ab4f-aeb5a35dc975-SegmentedRaftLogWorker:Storage Directory /tmp/workdir/hadoop-ozone/integration-test/target/test-dir/MiniOzoneClusterImpl-8a4f94c6-6d05-4673-8985-c7ce61029340/datanode-0/data/ratis/5eb98c4e-7727-4c18-92df-f8fa5917d36e: Starting segment from index:0
2019-07-13 16:36:21,625 INFO  impl.FollowerState (FollowerState.java:run(114)) - 5e4e48d9-7c0e-4eee-bd59-3427149a0d7c: FollowerState was interrupted: java.lang.InterruptedException: sleep interrupted
2019-07-13 16:36:21,628 INFO  impl.RaftServerImpl (ServerState.java:setRaftConf(361)) - 2e16940d-77b0-406b-ab4f-aeb5a35dc975:group-F8FA5917D36E set configuration 0: [b1698c79-6c1e-4696-b1c8-e50474debd09:192.168.5.187:37212, 2e16940d-77b0-406b-ab4f-aeb5a35dc975:192.168.5.187:45827, 5e4e48d9-7c0e-4eee-bd59-3427149a0d7c:192.168.5.187:34716], old=null at 0
2019-07-13 16:36:21,628 INFO  impl.RaftServerImpl (ServerState.java:setLeader(263)) - 2e16940d-77b0-406b-ab4f-aeb5a35dc975:group-F8FA5917D36E change Leader from 2e16940d-77b0-406b-ab4f-aeb5a35dc975 to null at term 2 for updateCurrentTerm
2019-07-13 16:36:21,628 INFO  impl.RaftServerImpl (RaftServerImpl.java:setRole(171)) - 2e16940d-77b0-406b-ab4f-aeb5a35dc975:group-F8FA5917D36E changes role from LEADER to FOLLOWER at term 2 for recognizeCandidate:b1698c79-6c1e-4696-b1c8-e50474debd09
2019-07-13 16:36:21,628 INFO  impl.RoleInfo (RoleInfo.java:shutdownLeaderState(104)) - 2e16940d-77b0-406b-ab4f-aeb5a35dc975: shutdown LeaderState
2019-07-13 16:36:21,645 INFO  impl.PendingRequests (PendingRequests.java:sendNotLeaderResponses(202)) - 2e16940d-77b0-406b-ab4f-aeb5a35dc975-PendingRequests: sendNotLeaderResponses
2019-07-13 16:36:21,646 WARN  server.GrpcLogAppender (GrpcLogAppender.java:mayWait(143)) - GrpcLogAppender(2e16940d-77b0-406b-ab4f-aeb5a35dc975->5e4e48d9-7c0e-4eee-bd59-3427149a0d7c): Wait interrupted by java.lang.InterruptedException
2019-07-13 16:36:21,646 WARN  server.GrpcLogAppender (GrpcLogAppender.java:mayWait(143)) - GrpcLogAppender(2e16940d-77b0-406b-ab4f-aeb5a35dc975->b1698c79-6c1e-4696-b1c8-e50474debd09): Wait interrupted by java.lang.InterruptedException
2019-07-13 16:36:21,646 INFO  impl.RoleInfo (RoleInfo.java:updateAndGet(143)) - 2e16940d-77b0-406b-ab4f-aeb5a35dc975: start FollowerState
2019-07-13 16:36:21,646 INFO  server.GrpcServerProtocolService (GrpcServerProtocolService.java:onCompleted(104)) - 5e4e48d9-7c0e-4eee-bd59-3427149a0d7c: appendEntries completed
2019-07-13 16:36:21,646 INFO  server.GrpcServerProtocolService (GrpcServerProtocolService.java:onCompleted(104)) - b1698c79-6c1e-4696-b1c8-e50474debd09: appendEntries completed
2019-07-13 16:36:21,657 INFO  segmented.SegmentedRaftLogWorker (SegmentedRaftLogWorker.java:execute(569)) - 2e16940d-77b0-406b-ab4f-aeb5a35dc975-SegmentedRaftLogWorker:Storage Directory /tmp/workdir/hadoop-ozone/integration-test/target/test-dir/MiniOzoneClusterImpl-8a4f94c6-6d05-4673-8985-c7ce61029340/datanode-0/data/ratis/5eb98c4e-7727-4c18-92df-f8fa5917d36e: created new log segment /tmp/workdir/hadoop-ozone/integration-test/target/test-dir/MiniOzoneClusterImpl-8a4f94c6-6d05-4673-8985-c7ce61029340/datanode-0/data/ratis/5eb98c4e-7727-4c18-92df-f8fa5917d36e/current/log_inprogress_0
2019-07-13 16:36:21,657 INFO  server.GrpcLogAppender (GrpcLogAppender.java:onCompleted(292)) - 2e16940d-77b0-406b-ab4f-aeb5a35dc975->b1698c79-6c1e-4696-b1c8-e50474debd09: follower responses appendEntries COMPLETED
2019-07-13 16:36:21,657 INFO  server.GrpcLogAppender (GrpcLogAppender.java:onCompleted(292)) - 2e16940d-77b0-406b-ab4f-aeb5a35dc975->5e4e48d9-7c0e-4eee-bd59-3427149a0d7c: follower responses appendEntries COMPLETED
2019-07-13 16:36:21,659 INFO  impl.FollowerInfo (FollowerInfo.java:lambda$new$0(50)) - 2e16940d-77b0-406b-ab4f-aeb5a35dc975->b1698c79-6c1e-4696-b1c8-e50474debd09: nextIndex: updateUnconditionally 0 -> 0
2019-07-13 16:36:21,659 INFO  impl.FollowerInfo (FollowerInfo.java:lambda$new$0(50)) - 2e16940d-77b0-406b-ab4f-aeb5a35dc975->5e4e48d9-7c0e-4eee-bd59-3427149a0d7c: nextIndex: updateUnconditionally 0 -> 0
2019-07-13 16:36:21,776 INFO  impl.FollowerState (FollowerState.java:run(106)) - a5f89e50-d2fe-4554-884e-b37dd0441734:group-8F8D71072B38 changes to CANDIDATE, lastRpcTime:5160, electionTimeout:5149ms
2019-07-13 16:36:21,776 INFO  impl.RoleInfo (RoleInfo.java:shutdownFollowerState(121)) - a5f89e50-d2fe-4554-884e-b37dd0441734: shutdown FollowerState
2019-07-13 16:36:21,776 INFO  impl.RaftServerImpl (RaftServerImpl.java:setRole(171)) - a5f89e50-d2fe-4554-884e-b37dd0441734:group-8F8D71072B38 changes role from FOLLOWER to CANDIDATE at term 0 for changeToCandidate
2019-07-13 16:36:21,776 INFO  impl.RoleInfo (RoleInfo.java:updateAndGet(143)) - a5f89e50-d2fe-4554-884e-b37dd0441734: start LeaderElection
2019-07-13 16:36:21,806 INFO  impl.LeaderElection (LeaderElection.java:askForVotes(181)) - a5f89e50-d2fe-4554-884e-b37dd0441734:group-8F8D71072B38:LeaderElection78: begin an election at term 1 for -1: [a5f89e50-d2fe-4554-884e-b37dd0441734:192.168.5.187:39423], old=null
2019-07-13 16:36:21,806 INFO  impl.RoleInfo (RoleInfo.java:shutdownLeaderElection(134)) - a5f89e50-d2fe-4554-884e-b37dd0441734: shutdown LeaderElection
2019-07-13 16:36:21,806 INFO  impl.RaftServerImpl (RaftServerImpl.java:setRole(171)) - a5f89e50-d2fe-4554-884e-b37dd0441734:group-8F8D71072B38 changes role from CANDIDATE to LEADER at term 1 for changeToLeader
2019-07-13 16:36:21,806 INFO  impl.RaftServerImpl (ServerState.java:setLeader(263)) - a5f89e50-d2fe-4554-884e-b37dd0441734:group-8F8D71072B38 change Leader from null to a5f89e50-d2fe-4554-884e-b37dd0441734 at term 1 for becomeLeader, leader elected after 5194ms
2019-07-13 16:36:21,806 INFO  server.RaftServerConfigKeys (ConfUtils.java:logGet(43)) - raft.server.staging.catchup.gap = 1000 (default)
2019-07-13 16:36:21,806 INFO  server.RaftServerConfigKeys (ConfUtils.java:logGet(43)) - raft.server.rpc.sleep.time = 25ms (default)
2019-07-13 16:36:21,807 INFO  server.RaftServerConfigKeys (ConfUtils.java:logGet(43)) - raft.server.write.element-limit = 4096 (default)
2019-07-13 16:36:21,807 INFO  server.RaftServerConfigKeys (ConfUtils.java:logGet(43)) - raft.server.watch.timeout = 10s (default)
2019-07-13 16:36:21,807 INFO  server.RaftServerConfigKeys (ConfUtils.java:logGet(43)) - raft.server.watch.timeout.denomination = 1s (default)
2019-07-13 16:36:21,807 INFO  server.RaftServerConfigKeys (ConfUtils.java:logGet(43)) - raft.server.watch.element-limit = 65536 (default)
2019-07-13 16:36:21,807 INFO  impl.RoleInfo (RoleInfo.java:updateAndGet(143)) - a5f89e50-d2fe-4554-884e-b37dd0441734: start LeaderState
2019-07-13 16:36:21,807 INFO  segmented.SegmentedRaftLogWorker (SegmentedRaftLogWorker.java:startLogSegment(380)) - a5f89e50-d2fe-4554-884e-b37dd0441734-SegmentedRaftLogWorker:Storage Directory /tmp/workdir/hadoop-ozone/integration-test/target/test-dir/MiniOzoneClusterImpl-8a4f94c6-6d05-4673-8985-c7ce61029340/datanode-3/data/ratis/6515a22e-9ad7-4cfb-8281-8f8d71072b38: Starting segment from index:0
2019-07-13 16:36:21,808 INFO  impl.RaftServerImpl (ServerState.java:setRaftConf(361)) - a5f89e50-d2fe-4554-884e-b37dd0441734:group-8F8D71072B38 set configuration 0: [a5f89e50-d2fe-4554-884e-b37dd0441734:192.168.5.187:39423], old=null at 0
2019-07-13 16:36:21,834 INFO  segmented.SegmentedRaftLogWorker (SegmentedRaftLogWorker.java:execute(569)) - a5f89e50-d2fe-4554-884e-b37dd0441734-SegmentedRaftLogWorker:Storage Directory /tmp/workdir/hadoop-ozone/integration-test/target/test-dir/MiniOzoneClusterImpl-8a4f94c6-6d05-4673-8985-c7ce61029340/datanode-3/data/ratis/6515a22e-9ad7-4cfb-8281-8f8d71072b38: created new log segment /tmp/workdir/hadoop-ozone/integration-test/target/test-dir/MiniOzoneClusterImpl-8a4f94c6-6d05-4673-8985-c7ce61029340/datanode-3/data/ratis/6515a22e-9ad7-4cfb-8281-8f8d71072b38/current/log_inprogress_0
2019-07-13 16:36:21,963 INFO  impl.FollowerState (FollowerState.java:run(106)) - 8be3c74b-a425-4f91-859e-d13726acc04f:group-876AD0D03393 changes to CANDIDATE, lastRpcTime:5182, electionTimeout:5182ms
2019-07-13 16:36:21,963 INFO  impl.RoleInfo (RoleInfo.java:shutdownFollowerState(121)) - 8be3c74b-a425-4f91-859e-d13726acc04f: shutdown FollowerState
2019-07-13 16:36:21,963 INFO  impl.RaftServerImpl (RaftServerImpl.java:setRole(171)) - 8be3c74b-a425-4f91-859e-d13726acc04f:group-876AD0D03393 changes role from FOLLOWER to CANDIDATE at term 0 for changeToCandidate
2019-07-13 16:36:21,963 INFO  impl.RoleInfo (RoleInfo.java:updateAndGet(143)) - 8be3c74b-a425-4f91-859e-d13726acc04f: start LeaderElection
2019-07-13 16:36:21,988 INFO  impl.LeaderElection (LeaderElection.java:askForVotes(181)) - 8be3c74b-a425-4f91-859e-d13726acc04f:group-876AD0D03393:LeaderElection79: begin an election at term 1 for -1: [8be3c74b-a425-4f91-859e-d13726acc04f:192.168.5.187:39626], old=null
2019-07-13 16:36:21,988 INFO  impl.RoleInfo (RoleInfo.java:shutdownLeaderElection(134)) - 8be3c74b-a425-4f91-859e-d13726acc04f: shutdown LeaderElection
2019-07-13 16:36:21,988 INFO  impl.RaftServerImpl (RaftServerImpl.java:setRole(171)) - 8be3c74b-a425-4f91-859e-d13726acc04f:group-876AD0D03393 changes role from CANDIDATE to LEADER at term 1 for changeToLeader
2019-07-13 16:36:21,989 INFO  impl.RaftServerImpl (ServerState.java:setLeader(263)) - 8be3c74b-a425-4f91-859e-d13726acc04f:group-876AD0D03393 change Leader from null to 8be3c74b-a425-4f91-859e-d13726acc04f at term 1 for becomeLeader, leader elected after 5212ms
2019-07-13 16:36:21,989 INFO  server.RaftServerConfigKeys (ConfUtils.java:logGet(43)) - raft.server.staging.catchup.gap = 1000 (default)
2019-07-13 16:36:21,989 INFO  server.RaftServerConfigKeys (ConfUtils.java:logGet(43)) - raft.server.rpc.sleep.time = 25ms (default)
2019-07-13 16:36:21,989 INFO  server.RaftServerConfigKeys (ConfUtils.java:logGet(43)) - raft.server.write.element-limit = 4096 (default)
2019-07-13 16:36:21,989 INFO  server.RaftServerConfigKeys (ConfUtils.java:logGet(43)) - raft.server.watch.timeout = 10s (default)
2019-07-13 16:36:21,989 INFO  server.RaftServerConfigKeys (ConfUtils.java:logGet(43)) - raft.server.watch.timeout.denomination = 1s (default)
2019-07-13 16:36:21,989 INFO  server.RaftServerConfigKeys (ConfUtils.java:logGet(43)) - raft.server.watch.element-limit = 65536 (default)
2019-07-13 16:36:21,990 INFO  impl.RoleInfo (RoleInfo.java:updateAndGet(143)) - 8be3c74b-a425-4f91-859e-d13726acc04f: start LeaderState
2019-07-13 16:36:21,990 INFO  segmented.SegmentedRaftLogWorker (SegmentedRaftLogWorker.java:startLogSegment(380)) - 8be3c74b-a425-4f91-859e-d13726acc04f-SegmentedRaftLogWorker:Storage Directory /tmp/workdir/hadoop-ozone/integration-test/target/test-dir/MiniOzoneClusterImpl-8a4f94c6-6d05-4673-8985-c7ce61029340/datanode-4/data/ratis/cafde855-35e6-4e30-b0e1-876ad0d03393: Starting segment from index:0
2019-07-13 16:36:21,990 INFO  impl.RaftServerImpl (ServerState.java:setRaftConf(361)) - 8be3c74b-a425-4f91-859e-d13726acc04f:group-876AD0D03393 set configuration 0: [8be3c74b-a425-4f91-859e-d13726acc04f:192.168.5.187:39626], old=null at 0
2019-07-13 16:36:22,025 INFO  segmented.SegmentedRaftLogWorker (SegmentedRaftLogWorker.java:execute(569)) - 8be3c74b-a425-4f91-859e-d13726acc04f-SegmentedRaftLogWorker:Storage Directory /tmp/workdir/hadoop-ozone/integration-test/target/test-dir/MiniOzoneClusterImpl-8a4f94c6-6d05-4673-8985-c7ce61029340/datanode-4/data/ratis/cafde855-35e6-4e30-b0e1-876ad0d03393: created new log segment /tmp/workdir/hadoop-ozone/integration-test/target/test-dir/MiniOzoneClusterImpl-8a4f94c6-6d05-4673-8985-c7ce61029340/datanode-4/data/ratis/cafde855-35e6-4e30-b0e1-876ad0d03393/current/log_inprogress_0
2019-07-13 16:36:22,026 INFO  impl.FollowerState (FollowerState.java:run(106)) - 742e875a-ad32-4ced-857e-d968cc0b4574:group-0FC9860EADDE changes to CANDIDATE, lastRpcTime:5069, electionTimeout:5069ms
2019-07-13 16:36:22,026 INFO  impl.RoleInfo (RoleInfo.java:shutdownFollowerState(121)) - 742e875a-ad32-4ced-857e-d968cc0b4574: shutdown FollowerState
2019-07-13 16:36:22,026 INFO  impl.RaftServerImpl (RaftServerImpl.java:setRole(171)) - 742e875a-ad32-4ced-857e-d968cc0b4574:group-0FC9860EADDE changes role from FOLLOWER to CANDIDATE at term 0 for changeToCandidate
2019-07-13 16:36:22,026 INFO  impl.RoleInfo (RoleInfo.java:updateAndGet(143)) - 742e875a-ad32-4ced-857e-d968cc0b4574: start LeaderElection
2019-07-13 16:36:22,037 INFO  impl.LeaderElection (LeaderElection.java:askForVotes(181)) - 742e875a-ad32-4ced-857e-d968cc0b4574:group-0FC9860EADDE:LeaderElection80: begin an election at term 1 for -1: [742e875a-ad32-4ced-857e-d968cc0b4574:192.168.5.187:43823], old=null
2019-07-13 16:36:22,037 INFO  impl.RoleInfo (RoleInfo.java:shutdownLeaderElection(134)) - 742e875a-ad32-4ced-857e-d968cc0b4574: shutdown LeaderElection
2019-07-13 16:36:22,038 INFO  impl.RaftServerImpl (RaftServerImpl.java:setRole(171)) - 742e875a-ad32-4ced-857e-d968cc0b4574:group-0FC9860EADDE changes role from CANDIDATE to LEADER at term 1 for changeToLeader
2019-07-13 16:36:22,038 INFO  impl.RaftServerImpl (ServerState.java:setLeader(263)) - 742e875a-ad32-4ced-857e-d968cc0b4574:group-0FC9860EADDE change Leader from null to 742e875a-ad32-4ced-857e-d968cc0b4574 at term 1 for becomeLeader, leader elected after 5085ms
2019-07-13 16:36:22,038 INFO  server.RaftServerConfigKeys (ConfUtils.java:logGet(43)) - raft.server.staging.catchup.gap = 1000 (default)
2019-07-13 16:36:22,038 INFO  server.RaftServerConfigKeys (ConfUtils.java:logGet(43)) - raft.server.rpc.sleep.time = 25ms (default)
2019-07-13 16:36:22,038 INFO  server.RaftServerConfigKeys (ConfUtils.java:logGet(43)) - raft.server.write.element-limit = 4096 (default)
2019-07-13 16:36:22,038 INFO  server.RaftServerConfigKeys (ConfUtils.java:logGet(43)) - raft.server.watch.timeout = 10s (default)
2019-07-13 16:36:22,038 INFO  server.RaftServerConfigKeys (ConfUtils.java:logGet(43)) - raft.server.watch.timeout.denomination = 1s (default)
2019-07-13 16:36:22,038 INFO  server.RaftServerConfigKeys (ConfUtils.java:logGet(43)) - raft.server.watch.element-limit = 65536 (default)
2019-07-13 16:36:22,039 INFO  impl.RoleInfo (RoleInfo.java:updateAndGet(143)) - 742e875a-ad32-4ced-857e-d968cc0b4574: start LeaderState
2019-07-13 16:36:22,039 INFO  segmented.SegmentedRaftLogWorker (SegmentedRaftLogWorker.java:startLogSegment(380)) - 742e875a-ad32-4ced-857e-d968cc0b4574-SegmentedRaftLogWorker:Storage Directory /tmp/workdir/hadoop-ozone/integration-test/target/test-dir/MiniOzoneClusterImpl-8a4f94c6-6d05-4673-8985-c7ce61029340/datanode-5/data/ratis/bc78d86e-9e6b-4f12-8ceb-0fc9860eadde: Starting segment from index:0
2019-07-13 16:36:22,039 INFO  impl.RaftServerImpl (ServerState.java:setRaftConf(361)) - 742e875a-ad32-4ced-857e-d968cc0b4574:group-0FC9860EADDE set configuration 0: [742e875a-ad32-4ced-857e-d968cc0b4574:192.168.5.187:43823], old=null at 0
2019-07-13 16:36:22,060 INFO  impl.FollowerState (FollowerState.java:run(106)) - a5f89e50-d2fe-4554-884e-b37dd0441734:group-CE77E5FC2FCC changes to CANDIDATE, lastRpcTime:5034, electionTimeout:5019ms
2019-07-13 16:36:22,061 INFO  impl.RoleInfo (RoleInfo.java:shutdownFollowerState(121)) - a5f89e50-d2fe-4554-884e-b37dd0441734: shutdown FollowerState
2019-07-13 16:36:22,061 INFO  impl.RaftServerImpl (RaftServerImpl.java:setRole(171)) - a5f89e50-d2fe-4554-884e-b37dd0441734:group-CE77E5FC2FCC changes role from FOLLOWER to CANDIDATE at term 0 for changeToCandidate
2019-07-13 16:36:22,061 INFO  impl.RoleInfo (RoleInfo.java:updateAndGet(143)) - a5f89e50-d2fe-4554-884e-b37dd0441734: start LeaderElection
2019-07-13 16:36:22,074 INFO  segmented.SegmentedRaftLogWorker (SegmentedRaftLogWorker.java:execute(569)) - 742e875a-ad32-4ced-857e-d968cc0b4574-SegmentedRaftLogWorker:Storage Directory /tmp/workdir/hadoop-ozone/integration-test/target/test-dir/MiniOzoneClusterImpl-8a4f94c6-6d05-4673-8985-c7ce61029340/datanode-5/data/ratis/bc78d86e-9e6b-4f12-8ceb-0fc9860eadde: created new log segment /tmp/workdir/hadoop-ozone/integration-test/target/test-dir/MiniOzoneClusterImpl-8a4f94c6-6d05-4673-8985-c7ce61029340/datanode-5/data/ratis/bc78d86e-9e6b-4f12-8ceb-0fc9860eadde/current/log_inprogress_0
2019-07-13 16:36:22,074 INFO  impl.LeaderElection (LeaderElection.java:askForVotes(181)) - a5f89e50-d2fe-4554-884e-b37dd0441734:group-CE77E5FC2FCC:LeaderElection81: begin an election at term 1 for -1: [742e875a-ad32-4ced-857e-d968cc0b4574:192.168.5.187:43823, a5f89e50-d2fe-4554-884e-b37dd0441734:192.168.5.187:39423, 8be3c74b-a425-4f91-859e-d13726acc04f:192.168.5.187:39626], old=null
2019-07-13 16:36:22,081 INFO  impl.RaftServerImpl (RaftServerImpl.java:setRole(171)) - 742e875a-ad32-4ced-857e-d968cc0b4574:group-CE77E5FC2FCC changes role from FOLLOWER to FOLLOWER at term 1 for recognizeCandidate:a5f89e50-d2fe-4554-884e-b37dd0441734
2019-07-13 16:36:22,083 INFO  impl.RaftServerImpl (RaftServerImpl.java:setRole(171)) - 8be3c74b-a425-4f91-859e-d13726acc04f:group-CE77E5FC2FCC changes role from FOLLOWER to FOLLOWER at term 1 for recognizeCandidate:a5f89e50-d2fe-4554-884e-b37dd0441734
2019-07-13 16:36:22,083 INFO  impl.RoleInfo (RoleInfo.java:shutdownFollowerState(121)) - 742e875a-ad32-4ced-857e-d968cc0b4574: shutdown FollowerState
2019-07-13 16:36:22,084 INFO  impl.RoleInfo (RoleInfo.java:shutdownFollowerState(121)) - 8be3c74b-a425-4f91-859e-d13726acc04f: shutdown FollowerState
2019-07-13 16:36:22,084 INFO  impl.FollowerState (FollowerState.java:run(114)) - 742e875a-ad32-4ced-857e-d968cc0b4574: FollowerState was interrupted: java.lang.InterruptedException: sleep interrupted
2019-07-13 16:36:22,084 INFO  impl.RoleInfo (RoleInfo.java:updateAndGet(143)) - 8be3c74b-a425-4f91-859e-d13726acc04f: start FollowerState
2019-07-13 16:36:22,084 INFO  impl.RoleInfo (RoleInfo.java:updateAndGet(143)) - 742e875a-ad32-4ced-857e-d968cc0b4574: start FollowerState
2019-07-13 16:36:22,084 INFO  impl.FollowerState (FollowerState.java:run(114)) - 8be3c74b-a425-4f91-859e-d13726acc04f: FollowerState was interrupted: java.lang.InterruptedException: sleep interrupted
2019-07-13 16:36:22,107 INFO  impl.LeaderElection (LeaderElection.java:logAndReturn(56)) - a5f89e50-d2fe-4554-884e-b37dd0441734:group-CE77E5FC2FCC:LeaderElection81: Election PASSED; received 1 response(s) [a5f89e50-d2fe-4554-884e-b37dd0441734<-742e875a-ad32-4ced-857e-d968cc0b4574#0:OK-t1] and 0 exception(s); a5f89e50-d2fe-4554-884e-b37dd0441734:t1, leader=null, voted=a5f89e50-d2fe-4554-884e-b37dd0441734, raftlog=a5f89e50-d2fe-4554-884e-b37dd0441734-SegmentedRaftLog:OPENED:c-1,f-1,i0, conf=-1: [742e875a-ad32-4ced-857e-d968cc0b4574:192.168.5.187:43823, a5f89e50-d2fe-4554-884e-b37dd0441734:192.168.5.187:39423, 8be3c74b-a425-4f91-859e-d13726acc04f:192.168.5.187:39626], old=null
2019-07-13 16:36:22,107 INFO  impl.RoleInfo (RoleInfo.java:shutdownLeaderElection(134)) - a5f89e50-d2fe-4554-884e-b37dd0441734: shutdown LeaderElection
2019-07-13 16:36:22,107 INFO  impl.RaftServerImpl (RaftServerImpl.java:setRole(171)) - a5f89e50-d2fe-4554-884e-b37dd0441734:group-CE77E5FC2FCC changes role from CANDIDATE to LEADER at term 1 for changeToLeader
2019-07-13 16:36:22,107 INFO  impl.RaftServerImpl (ServerState.java:setLeader(263)) - a5f89e50-d2fe-4554-884e-b37dd0441734:group-CE77E5FC2FCC change Leader from null to a5f89e50-d2fe-4554-884e-b37dd0441734 at term 1 for becomeLeader, leader elected after 5089ms
2019-07-13 16:36:22,107 INFO  server.RaftServerConfigKeys (ConfUtils.java:logGet(43)) - raft.server.staging.catchup.gap = 1000 (default)
2019-07-13 16:36:22,107 INFO  server.RaftServerConfigKeys (ConfUtils.java:logGet(43)) - raft.server.rpc.sleep.time = 25ms (default)
2019-07-13 16:36:22,108 INFO  server.RaftServerConfigKeys (ConfUtils.java:logGet(43)) - raft.server.write.element-limit = 4096 (default)
2019-07-13 16:36:22,108 INFO  server.RaftServerConfigKeys (ConfUtils.java:logGet(43)) - raft.server.watch.timeout = 10s (default)
2019-07-13 16:36:22,108 INFO  server.RaftServerConfigKeys (ConfUtils.java:logGet(43)) - raft.server.watch.timeout.denomination = 1s (default)
2019-07-13 16:36:22,108 INFO  server.RaftServerConfigKeys (ConfUtils.java:logGet(43)) - raft.server.watch.element-limit = 65536 (default)
2019-07-13 16:36:22,108 INFO  server.RaftServerConfigKeys (ConfUtils.java:logGet(43)) - raft.server.log.appender.snapshot.chunk.size.max = 16MB (=16777216) (default)
2019-07-13 16:36:22,109 INFO  server.RaftServerConfigKeys (ConfUtils.java:logGet(43)) - raft.server.log.appender.buffer.byte-limit = 33554432 (custom)
2019-07-13 16:36:22,109 INFO  server.RaftServerConfigKeys (ConfUtils.java:logGet(43)) - raft.server.log.appender.buffer.element-limit = 1 (custom)
2019-07-13 16:36:22,109 INFO  grpc.GrpcConfigKeys$Server (ConfUtils.java:logGet(43)) - raft.grpc.server.leader.outstanding.appends.max = 128 (default)
2019-07-13 16:36:22,109 INFO  server.RaftServerConfigKeys (ConfUtils.java:logGet(43)) - raft.server.rpc.request.timeout = 3000ms (default)
2019-07-13 16:36:22,109 INFO  server.RaftServerConfigKeys (ConfUtils.java:logGet(43)) - raft.server.log.appender.install.snapshot.enabled = false (custom)
2019-07-13 16:36:22,110 INFO  server.RaftServerConfigKeys (ConfUtils.java:logGet(43)) - raft.server.log.appender.snapshot.chunk.size.max = 16MB (=16777216) (default)
2019-07-13 16:36:22,110 INFO  server.RaftServerConfigKeys (ConfUtils.java:logGet(43)) - raft.server.log.appender.buffer.byte-limit = 33554432 (custom)
2019-07-13 16:36:22,110 INFO  server.RaftServerConfigKeys (ConfUtils.java:logGet(43)) - raft.server.log.appender.buffer.element-limit = 1 (custom)
2019-07-13 16:36:22,110 INFO  grpc.GrpcConfigKeys$Server (ConfUtils.java:logGet(43)) - raft.grpc.server.leader.outstanding.appends.max = 128 (default)
2019-07-13 16:36:22,110 INFO  server.RaftServerConfigKeys (ConfUtils.java:logGet(43)) - raft.server.rpc.request.timeout = 3000ms (default)
2019-07-13 16:36:22,110 INFO  server.RaftServerConfigKeys (ConfUtils.java:logGet(43)) - raft.server.log.appender.install.snapshot.enabled = false (custom)
2019-07-13 16:36:22,111 INFO  impl.RoleInfo (RoleInfo.java:updateAndGet(143)) - a5f89e50-d2fe-4554-884e-b37dd0441734: start LeaderState
2019-07-13 16:36:22,111 INFO  segmented.SegmentedRaftLogWorker (SegmentedRaftLogWorker.java:startLogSegment(380)) - a5f89e50-d2fe-4554-884e-b37dd0441734-SegmentedRaftLogWorker:Storage Directory /tmp/workdir/hadoop-ozone/integration-test/target/test-dir/MiniOzoneClusterImpl-8a4f94c6-6d05-4673-8985-c7ce61029340/datanode-3/data/ratis/85ae8afa-4e9e-4030-817d-ce77e5fc2fcc: Starting segment from index:0
2019-07-13 16:36:22,112 INFO  impl.RaftServerImpl (ServerState.java:setRaftConf(361)) - a5f89e50-d2fe-4554-884e-b37dd0441734:group-CE77E5FC2FCC set configuration 0: [742e875a-ad32-4ced-857e-d968cc0b4574:192.168.5.187:43823, a5f89e50-d2fe-4554-884e-b37dd0441734:192.168.5.187:39423, 8be3c74b-a425-4f91-859e-d13726acc04f:192.168.5.187:39626], old=null at 0
2019-07-13 16:36:22,133 INFO  impl.RaftServerImpl (ServerState.java:setLeader(263)) - 742e875a-ad32-4ced-857e-d968cc0b4574:group-CE77E5FC2FCC change Leader from null to a5f89e50-d2fe-4554-884e-b37dd0441734 at term 1 for appendEntries, leader elected after 5115ms
2019-07-13 16:36:22,135 INFO  impl.RaftServerImpl (ServerState.java:setLeader(263)) - 8be3c74b-a425-4f91-859e-d13726acc04f:group-CE77E5FC2FCC change Leader from null to a5f89e50-d2fe-4554-884e-b37dd0441734 at term 1 for appendEntries, leader elected after 5117ms
2019-07-13 16:36:22,137 INFO  impl.RaftServerImpl (ServerState.java:setRaftConf(361)) - 742e875a-ad32-4ced-857e-d968cc0b4574:group-CE77E5FC2FCC set configuration 0: [742e875a-ad32-4ced-857e-d968cc0b4574:192.168.5.187:43823, a5f89e50-d2fe-4554-884e-b37dd0441734:192.168.5.187:39423, 8be3c74b-a425-4f91-859e-d13726acc04f:192.168.5.187:39626], old=null at 0
2019-07-13 16:36:22,137 INFO  segmented.SegmentedRaftLogWorker (SegmentedRaftLogWorker.java:startLogSegment(380)) - 742e875a-ad32-4ced-857e-d968cc0b4574-SegmentedRaftLogWorker:Storage Directory /tmp/workdir/hadoop-ozone/integration-test/target/test-dir/MiniOzoneClusterImpl-8a4f94c6-6d05-4673-8985-c7ce61029340/datanode-5/data/ratis/85ae8afa-4e9e-4030-817d-ce77e5fc2fcc: Starting segment from index:0
2019-07-13 16:36:22,137 INFO  impl.RaftServerImpl (ServerState.java:setRaftConf(361)) - 8be3c74b-a425-4f91-859e-d13726acc04f:group-CE77E5FC2FCC set configuration 0: [742e875a-ad32-4ced-857e-d968cc0b4574:192.168.5.187:43823, a5f89e50-d2fe-4554-884e-b37dd0441734:192.168.5.187:39423, 8be3c74b-a425-4f91-859e-d13726acc04f:192.168.5.187:39626], old=null at 0
2019-07-13 16:36:22,138 INFO  segmented.SegmentedRaftLogWorker (SegmentedRaftLogWorker.java:startLogSegment(380)) - 8be3c74b-a425-4f91-859e-d13726acc04f-SegmentedRaftLogWorker:Storage Directory /tmp/workdir/hadoop-ozone/integration-test/target/test-dir/MiniOzoneClusterImpl-8a4f94c6-6d05-4673-8985-c7ce61029340/datanode-4/data/ratis/85ae8afa-4e9e-4030-817d-ce77e5fc2fcc: Starting segment from index:0
2019-07-13 16:36:22,151 INFO  segmented.SegmentedRaftLogWorker (SegmentedRaftLogWorker.java:execute(569)) - a5f89e50-d2fe-4554-884e-b37dd0441734-SegmentedRaftLogWorker:Storage Directory /tmp/workdir/hadoop-ozone/integration-test/target/test-dir/MiniOzoneClusterImpl-8a4f94c6-6d05-4673-8985-c7ce61029340/datanode-3/data/ratis/85ae8afa-4e9e-4030-817d-ce77e5fc2fcc: created new log segment /tmp/workdir/hadoop-ozone/integration-test/target/test-dir/MiniOzoneClusterImpl-8a4f94c6-6d05-4673-8985-c7ce61029340/datanode-3/data/ratis/85ae8afa-4e9e-4030-817d-ce77e5fc2fcc/current/log_inprogress_0
2019-07-13 16:36:22,162 INFO  segmented.SegmentedRaftLogWorker (SegmentedRaftLogWorker.java:execute(569)) - 742e875a-ad32-4ced-857e-d968cc0b4574-SegmentedRaftLogWorker:Storage Directory /tmp/workdir/hadoop-ozone/integration-test/target/test-dir/MiniOzoneClusterImpl-8a4f94c6-6d05-4673-8985-c7ce61029340/datanode-5/data/ratis/85ae8afa-4e9e-4030-817d-ce77e5fc2fcc: created new log segment /tmp/workdir/hadoop-ozone/integration-test/target/test-dir/MiniOzoneClusterImpl-8a4f94c6-6d05-4673-8985-c7ce61029340/datanode-5/data/ratis/85ae8afa-4e9e-4030-817d-ce77e5fc2fcc/current/log_inprogress_0
2019-07-13 16:36:22,162 INFO  segmented.SegmentedRaftLogWorker (SegmentedRaftLogWorker.java:execute(569)) - 8be3c74b-a425-4f91-859e-d13726acc04f-SegmentedRaftLogWorker:Storage Directory /tmp/workdir/hadoop-ozone/integration-test/target/test-dir/MiniOzoneClusterImpl-8a4f94c6-6d05-4673-8985-c7ce61029340/datanode-4/data/ratis/85ae8afa-4e9e-4030-817d-ce77e5fc2fcc: created new log segment /tmp/workdir/hadoop-ozone/integration-test/target/test-dir/MiniOzoneClusterImpl-8a4f94c6-6d05-4673-8985-c7ce61029340/datanode-4/data/ratis/85ae8afa-4e9e-4030-817d-ce77e5fc2fcc/current/log_inprogress_0
2019-07-13 16:36:22,202 INFO  client.GrpcClientProtocolClient (GrpcClientProtocolClient.java:onNext(255)) - client-5FC3BEB185E3->2e16940d-77b0-406b-ab4f-aeb5a35dc975: receive RaftClientReply:client-5FC3BEB185E3->2e16940d-77b0-406b-ab4f-aeb5a35dc975@group-F8FA5917D36E, cid=227, FAILED org.apache.ratis.protocol.NotLeaderException: Server 2e16940d-77b0-406b-ab4f-aeb5a35dc975 is not the leader (null). Request must be sent to leader., logIndex=0, commits[2e16940d-77b0-406b-ab4f-aeb5a35dc975:c-1, b1698c79-6c1e-4696-b1c8-e50474debd09:c-1, 5e4e48d9-7c0e-4eee-bd59-3427149a0d7c:c-1]
2019-07-13 16:36:22,210 INFO  impl.FollowerState (FollowerState.java:run(106)) - 57ac8228-d0ce-493b-93f5-b5bae33fa105:group-5CB528EB4524 changes to CANDIDATE, lastRpcTime:5112, electionTimeout:5112ms
2019-07-13 16:36:22,211 INFO  impl.RoleInfo (RoleInfo.java:shutdownFollowerState(121)) - 57ac8228-d0ce-493b-93f5-b5bae33fa105: shutdown FollowerState
2019-07-13 16:36:22,211 INFO  impl.RaftServerImpl (RaftServerImpl.java:setRole(171)) - 57ac8228-d0ce-493b-93f5-b5bae33fa105:group-5CB528EB4524 changes role from FOLLOWER to CANDIDATE at term 0 for changeToCandidate
2019-07-13 16:36:22,211 INFO  impl.RoleInfo (RoleInfo.java:updateAndGet(143)) - 57ac8228-d0ce-493b-93f5-b5bae33fa105: start LeaderElection
2019-07-13 16:36:22,226 INFO  impl.LeaderElection (LeaderElection.java:askForVotes(181)) - 57ac8228-d0ce-493b-93f5-b5bae33fa105:group-5CB528EB4524:LeaderElection82: begin an election at term 1 for -1: [57ac8228-d0ce-493b-93f5-b5bae33fa105:192.168.5.187:36677], old=null
2019-07-13 16:36:22,226 INFO  impl.RoleInfo (RoleInfo.java:shutdownLeaderElection(134)) - 57ac8228-d0ce-493b-93f5-b5bae33fa105: shutdown LeaderElection
2019-07-13 16:36:22,226 INFO  impl.RaftServerImpl (RaftServerImpl.java:setRole(171)) - 57ac8228-d0ce-493b-93f5-b5bae33fa105:group-5CB528EB4524 changes role from CANDIDATE to LEADER at term 1 for changeToLeader
2019-07-13 16:36:22,226 INFO  impl.RaftServerImpl (ServerState.java:setLeader(263)) - 57ac8228-d0ce-493b-93f5-b5bae33fa105:group-5CB528EB4524 change Leader from null to 57ac8228-d0ce-493b-93f5-b5bae33fa105 at term 1 for becomeLeader, leader elected after 5132ms
2019-07-13 16:36:22,226 INFO  server.RaftServerConfigKeys (ConfUtils.java:logGet(43)) - raft.server.staging.catchup.gap = 1000 (default)
2019-07-13 16:36:22,226 INFO  server.RaftServerConfigKeys (ConfUtils.java:logGet(43)) - raft.server.rpc.sleep.time = 25ms (default)
2019-07-13 16:36:22,227 INFO  server.RaftServerConfigKeys (ConfUtils.java:logGet(43)) - raft.server.write.element-limit = 4096 (default)
2019-07-13 16:36:22,227 INFO  server.RaftServerConfigKeys (ConfUtils.java:logGet(43)) - raft.server.watch.timeout = 10s (default)
2019-07-13 16:36:22,227 INFO  server.RaftServerConfigKeys (ConfUtils.java:logGet(43)) - raft.server.watch.timeout.denomination = 1s (default)
2019-07-13 16:36:22,227 INFO  server.RaftServerConfigKeys (ConfUtils.java:logGet(43)) - raft.server.watch.element-limit = 65536 (default)
2019-07-13 16:36:22,227 INFO  impl.RoleInfo (RoleInfo.java:updateAndGet(143)) - 57ac8228-d0ce-493b-93f5-b5bae33fa105: start LeaderState
2019-07-13 16:36:22,228 INFO  segmented.SegmentedRaftLogWorker (SegmentedRaftLogWorker.java:startLogSegment(380)) - 57ac8228-d0ce-493b-93f5-b5bae33fa105-SegmentedRaftLogWorker:Storage Directory /tmp/workdir/hadoop-ozone/integration-test/target/test-dir/MiniOzoneClusterImpl-8a4f94c6-6d05-4673-8985-c7ce61029340/datanode-6/data/ratis/c8cca338-4911-45aa-9c53-5cb528eb4524: Starting segment from index:0
2019-07-13 16:36:22,228 INFO  impl.RaftServerImpl (ServerState.java:setRaftConf(361)) - 57ac8228-d0ce-493b-93f5-b5bae33fa105:group-5CB528EB4524 set configuration 0: [57ac8228-d0ce-493b-93f5-b5bae33fa105:192.168.5.187:36677], old=null at 0
2019-07-13 16:36:22,256 INFO  segmented.SegmentedRaftLogWorker (SegmentedRaftLogWorker.java:execute(569)) - 57ac8228-d0ce-493b-93f5-b5bae33fa105-SegmentedRaftLogWorker:Storage Directory /tmp/workdir/hadoop-ozone/integration-test/target/test-dir/MiniOzoneClusterImpl-8a4f94c6-6d05-4673-8985-c7ce61029340/datanode-6/data/ratis/c8cca338-4911-45aa-9c53-5cb528eb4524: created new log segment /tmp/workdir/hadoop-ozone/integration-test/target/test-dir/MiniOzoneClusterImpl-8a4f94c6-6d05-4673-8985-c7ce61029340/datanode-6/data/ratis/c8cca338-4911-45aa-9c53-5cb528eb4524/current/log_inprogress_0
2019-07-13 16:36:23,213 INFO  client.GrpcClientProtocolClient (GrpcClientProtocolClient.java:onNext(255)) - client-5FC3BEB185E3->5e4e48d9-7c0e-4eee-bd59-3427149a0d7c: receive RaftClientReply:client-5FC3BEB185E3->5e4e48d9-7c0e-4eee-bd59-3427149a0d7c@group-F8FA5917D36E, cid=227, FAILED org.apache.ratis.protocol.NotLeaderException: Server 5e4e48d9-7c0e-4eee-bd59-3427149a0d7c is not the leader (null). Request must be sent to leader., logIndex=0, commits[5e4e48d9-7c0e-4eee-bd59-3427149a0d7c:c-1]
2019-07-13 16:36:24,229 INFO  client.GrpcClientProtocolClient (GrpcClientProtocolClient.java:onNext(255)) - client-5FC3BEB185E3->2e16940d-77b0-406b-ab4f-aeb5a35dc975: receive RaftClientReply:client-5FC3BEB185E3->2e16940d-77b0-406b-ab4f-aeb5a35dc975@group-F8FA5917D36E, cid=227, FAILED org.apache.ratis.protocol.NotLeaderException: Server 2e16940d-77b0-406b-ab4f-aeb5a35dc975 is not the leader (null). Request must be sent to leader., logIndex=0, commits[2e16940d-77b0-406b-ab4f-aeb5a35dc975:c-1, b1698c79-6c1e-4696-b1c8-e50474debd09:c-1, 5e4e48d9-7c0e-4eee-bd59-3427149a0d7c:c-1]
2019-07-13 16:36:25,241 INFO  client.GrpcClientProtocolClient (GrpcClientProtocolClient.java:onNext(255)) - client-5FC3BEB185E3->5e4e48d9-7c0e-4eee-bd59-3427149a0d7c: receive RaftClientReply:client-5FC3BEB185E3->5e4e48d9-7c0e-4eee-bd59-3427149a0d7c@group-F8FA5917D36E, cid=227, FAILED org.apache.ratis.protocol.NotLeaderException: Server 5e4e48d9-7c0e-4eee-bd59-3427149a0d7c is not the leader (null). Request must be sent to leader., logIndex=0, commits[5e4e48d9-7c0e-4eee-bd59-3427149a0d7c:c-1]
2019-07-13 16:36:26,254 INFO  client.GrpcClientProtocolClient (GrpcClientProtocolClient.java:onNext(255)) - client-5FC3BEB185E3->b1698c79-6c1e-4696-b1c8-e50474debd09: receive RaftClientReply:client-5FC3BEB185E3->b1698c79-6c1e-4696-b1c8-e50474debd09@group-F8FA5917D36E, cid=227, FAILED org.apache.ratis.protocol.NotLeaderException: Server b1698c79-6c1e-4696-b1c8-e50474debd09 is not the leader (null). Request must be sent to leader., logIndex=0, commits[b1698c79-6c1e-4696-b1c8-e50474debd09:c-1]
2019-07-13 16:36:26,728 INFO  impl.FollowerState (FollowerState.java:run(106)) - b1698c79-6c1e-4696-b1c8-e50474debd09:group-F8FA5917D36E changes to CANDIDATE, lastRpcTime:5140, electionTimeout:5140ms
2019-07-13 16:36:26,728 INFO  impl.RoleInfo (RoleInfo.java:shutdownFollowerState(121)) - b1698c79-6c1e-4696-b1c8-e50474debd09: shutdown FollowerState
2019-07-13 16:36:26,728 INFO  impl.RaftServerImpl (RaftServerImpl.java:setRole(171)) - b1698c79-6c1e-4696-b1c8-e50474debd09:group-F8FA5917D36E changes role from FOLLOWER to CANDIDATE at term 2 for changeToCandidate
2019-07-13 16:36:26,728 INFO  impl.RoleInfo (RoleInfo.java:updateAndGet(143)) - b1698c79-6c1e-4696-b1c8-e50474debd09: start LeaderElection
2019-07-13 16:36:26,754 INFO  impl.LeaderElection (LeaderElection.java:askForVotes(181)) - b1698c79-6c1e-4696-b1c8-e50474debd09:group-F8FA5917D36E:LeaderElection83: begin an election at term 3 for -1: [b1698c79-6c1e-4696-b1c8-e50474debd09:192.168.5.187:37212, 2e16940d-77b0-406b-ab4f-aeb5a35dc975:192.168.5.187:45827, 5e4e48d9-7c0e-4eee-bd59-3427149a0d7c:192.168.5.187:34716], old=null
2019-07-13 16:36:26,759 INFO  impl.RaftServerImpl (RaftServerImpl.java:setRole(171)) - 2e16940d-77b0-406b-ab4f-aeb5a35dc975:group-F8FA5917D36E changes role from FOLLOWER to FOLLOWER at term 3 for recognizeCandidate:b1698c79-6c1e-4696-b1c8-e50474debd09
2019-07-13 16:36:26,759 INFO  impl.RaftServerImpl (RaftServerImpl.java:setRole(171)) - 5e4e48d9-7c0e-4eee-bd59-3427149a0d7c:group-F8FA5917D36E changes role from FOLLOWER to FOLLOWER at term 3 for recognizeCandidate:b1698c79-6c1e-4696-b1c8-e50474debd09
2019-07-13 16:36:26,760 INFO  impl.RoleInfo (RoleInfo.java:shutdownFollowerState(121)) - 2e16940d-77b0-406b-ab4f-aeb5a35dc975: shutdown FollowerState
2019-07-13 16:36:26,760 INFO  impl.RoleInfo (RoleInfo.java:shutdownFollowerState(121)) - 5e4e48d9-7c0e-4eee-bd59-3427149a0d7c: shutdown FollowerState
2019-07-13 16:36:26,760 INFO  impl.FollowerState (FollowerState.java:run(114)) - 2e16940d-77b0-406b-ab4f-aeb5a35dc975: FollowerState was interrupted: java.lang.InterruptedException: sleep interrupted
2019-07-13 16:36:26,760 INFO  impl.RoleInfo (RoleInfo.java:updateAndGet(143)) - 2e16940d-77b0-406b-ab4f-aeb5a35dc975: start FollowerState
2019-07-13 16:36:26,760 INFO  impl.FollowerState (FollowerState.java:run(114)) - 5e4e48d9-7c0e-4eee-bd59-3427149a0d7c: FollowerState was interrupted: java.lang.InterruptedException: sleep interrupted
2019-07-13 16:36:26,760 INFO  impl.RoleInfo (RoleInfo.java:updateAndGet(143)) - 5e4e48d9-7c0e-4eee-bd59-3427149a0d7c: start FollowerState
2019-07-13 16:36:26,787 INFO  impl.LeaderElection (LeaderElection.java:logAndReturn(56)) - b1698c79-6c1e-4696-b1c8-e50474debd09:group-F8FA5917D36E:LeaderElection83: Election PASSED; received 2 response(s) [b1698c79-6c1e-4696-b1c8-e50474debd09<-2e16940d-77b0-406b-ab4f-aeb5a35dc975#0:FAIL-t3, b1698c79-6c1e-4696-b1c8-e50474debd09<-5e4e48d9-7c0e-4eee-bd59-3427149a0d7c#0:OK-t3] and 0 exception(s); b1698c79-6c1e-4696-b1c8-e50474debd09:t3, leader=null, voted=b1698c79-6c1e-4696-b1c8-e50474debd09, raftlog=b1698c79-6c1e-4696-b1c8-e50474debd09-SegmentedRaftLog:OPENED:c-1,f-1,i0, conf=-1: [b1698c79-6c1e-4696-b1c8-e50474debd09:192.168.5.187:37212, 2e16940d-77b0-406b-ab4f-aeb5a35dc975:192.168.5.187:45827, 5e4e48d9-7c0e-4eee-bd59-3427149a0d7c:192.168.5.187:34716], old=null
2019-07-13 16:36:26,787 INFO  impl.RoleInfo (RoleInfo.java:shutdownLeaderElection(134)) - b1698c79-6c1e-4696-b1c8-e50474debd09: shutdown LeaderElection
2019-07-13 16:36:26,787 INFO  impl.RaftServerImpl (RaftServerImpl.java:setRole(171)) - b1698c79-6c1e-4696-b1c8-e50474debd09:group-F8FA5917D36E changes role from CANDIDATE to LEADER at term 3 for changeToLeader
2019-07-13 16:36:26,788 INFO  impl.RaftServerImpl (ServerState.java:setLeader(263)) - b1698c79-6c1e-4696-b1c8-e50474debd09:group-F8FA5917D36E change Leader from null to b1698c79-6c1e-4696-b1c8-e50474debd09 at term 3 for becomeLeader, leader elected after 10294ms
2019-07-13 16:36:26,788 INFO  server.RaftServerConfigKeys (ConfUtils.java:logGet(43)) - raft.server.staging.catchup.gap = 1000 (default)
2019-07-13 16:36:26,788 INFO  server.RaftServerConfigKeys (ConfUtils.java:logGet(43)) - raft.server.rpc.sleep.time = 25ms (default)
2019-07-13 16:36:26,788 INFO  server.RaftServerConfigKeys (ConfUtils.java:logGet(43)) - raft.server.write.element-limit = 4096 (default)
2019-07-13 16:36:26,788 INFO  server.RaftServerConfigKeys (ConfUtils.java:logGet(43)) - raft.server.watch.timeout = 10s (default)
2019-07-13 16:36:26,788 INFO  server.RaftServerConfigKeys (ConfUtils.java:logGet(43)) - raft.server.watch.timeout.denomination = 1s (default)
2019-07-13 16:36:26,789 INFO  server.RaftServerConfigKeys (ConfUtils.java:logGet(43)) - raft.server.watch.element-limit = 65536 (default)
2019-07-13 16:36:26,789 INFO  server.RaftServerConfigKeys (ConfUtils.java:logGet(43)) - raft.server.log.appender.snapshot.chunk.size.max = 16MB (=16777216) (default)
2019-07-13 16:36:26,789 INFO  server.RaftServerConfigKeys (ConfUtils.java:logGet(43)) - raft.server.log.appender.buffer.byte-limit = 33554432 (custom)
2019-07-13 16:36:26,789 INFO  server.RaftServerConfigKeys (ConfUtils.java:logGet(43)) - raft.server.log.appender.buffer.element-limit = 1 (custom)
2019-07-13 16:36:26,789 INFO  grpc.GrpcConfigKeys$Server (ConfUtils.java:logGet(43)) - raft.grpc.server.leader.outstanding.appends.max = 128 (default)
2019-07-13 16:36:26,790 INFO  server.RaftServerConfigKeys (ConfUtils.java:logGet(43)) - raft.server.rpc.request.timeout = 3000ms (default)
2019-07-13 16:36:26,790 INFO  server.RaftServerConfigKeys (ConfUtils.java:logGet(43)) - raft.server.log.appender.install.snapshot.enabled = false (custom)
2019-07-13 16:36:26,790 INFO  server.RaftServerConfigKeys (ConfUtils.java:logGet(43)) - raft.server.log.appender.snapshot.chunk.size.max = 16MB (=16777216) (default)
2019-07-13 16:36:26,790 INFO  server.RaftServerConfigKeys (ConfUtils.java:logGet(43)) - raft.server.log.appender.buffer.byte-limit = 33554432 (custom)
2019-07-13 16:36:26,790 INFO  server.RaftServerConfigKeys (ConfUtils.java:logGet(43)) - raft.server.log.appender.buffer.element-limit = 1 (custom)
2019-07-13 16:36:26,791 INFO  grpc.GrpcConfigKeys$Server (ConfUtils.java:logGet(43)) - raft.grpc.server.leader.outstanding.appends.max = 128 (default)
2019-07-13 16:36:26,791 INFO  server.RaftServerConfigKeys (ConfUtils.java:logGet(43)) - raft.server.rpc.request.timeout = 3000ms (default)
2019-07-13 16:36:26,791 INFO  server.RaftServerConfigKeys (ConfUtils.java:logGet(43)) - raft.server.log.appender.install.snapshot.enabled = false (custom)
2019-07-13 16:36:26,791 INFO  impl.RoleInfo (RoleInfo.java:updateAndGet(143)) - b1698c79-6c1e-4696-b1c8-e50474debd09: start LeaderState
2019-07-13 16:36:26,791 INFO  segmented.SegmentedRaftLogWorker (SegmentedRaftLogWorker.java:startLogSegment(380)) - b1698c79-6c1e-4696-b1c8-e50474debd09-SegmentedRaftLogWorker:Storage Directory /tmp/workdir/hadoop-ozone/integration-test/target/test-dir/MiniOzoneClusterImpl-8a4f94c6-6d05-4673-8985-c7ce61029340/datanode-1/data/ratis/5eb98c4e-7727-4c18-92df-f8fa5917d36e: Starting segment from index:0
2019-07-13 16:36:26,792 INFO  impl.RaftServerImpl (ServerState.java:setRaftConf(361)) - b1698c79-6c1e-4696-b1c8-e50474debd09:group-F8FA5917D36E set configuration 0: [b1698c79-6c1e-4696-b1c8-e50474debd09:192.168.5.187:37212, 2e16940d-77b0-406b-ab4f-aeb5a35dc975:192.168.5.187:45827, 5e4e48d9-7c0e-4eee-bd59-3427149a0d7c:192.168.5.187:34716], old=null at 0
2019-07-13 16:36:26,795 INFO  impl.RaftServerImpl (ServerState.java:setLeader(263)) - 2e16940d-77b0-406b-ab4f-aeb5a35dc975:group-F8FA5917D36E change Leader from null to b1698c79-6c1e-4696-b1c8-e50474debd09 at term 3 for appendEntries, leader elected after 5166ms
2019-07-13 16:36:26,795 INFO  impl.RaftServerImpl (ServerState.java:setLeader(263)) - 5e4e48d9-7c0e-4eee-bd59-3427149a0d7c:group-F8FA5917D36E change Leader from null to b1698c79-6c1e-4696-b1c8-e50474debd09 at term 3 for appendEntries, leader elected after 10302ms
2019-07-13 16:36:26,816 INFO  impl.RaftServerImpl (ServerState.java:setRaftConf(361)) - 5e4e48d9-7c0e-4eee-bd59-3427149a0d7c:group-F8FA5917D36E set configuration 0: [b1698c79-6c1e-4696-b1c8-e50474debd09:192.168.5.187:37212, 2e16940d-77b0-406b-ab4f-aeb5a35dc975:192.168.5.187:45827, 5e4e48d9-7c0e-4eee-bd59-3427149a0d7c:192.168.5.187:34716], old=null at 0
2019-07-13 16:36:26,816 INFO  impl.RaftServerImpl (ServerState.java:setRaftConf(361)) - 2e16940d-77b0-406b-ab4f-aeb5a35dc975:group-F8FA5917D36E set configuration 0: [b1698c79-6c1e-4696-b1c8-e50474debd09:192.168.5.187:37212, 2e16940d-77b0-406b-ab4f-aeb5a35dc975:192.168.5.187:45827, 5e4e48d9-7c0e-4eee-bd59-3427149a0d7c:192.168.5.187:34716], old=null at 0
2019-07-13 16:36:26,816 INFO  segmented.SegmentedRaftLogWorker (SegmentedRaftLogWorker.java:startLogSegment(380)) - 5e4e48d9-7c0e-4eee-bd59-3427149a0d7c-SegmentedRaftLogWorker:Storage Directory /tmp/workdir/hadoop-ozone/integration-test/target/test-dir/MiniOzoneClusterImpl-8a4f94c6-6d05-4673-8985-c7ce61029340/datanode-2/data/ratis/5eb98c4e-7727-4c18-92df-f8fa5917d36e: Starting segment from index:0
2019-07-13 16:36:26,820 INFO  segmented.SegmentedRaftLogWorker (SegmentedRaftLogWorker.java:truncate(396)) - 2e16940d-77b0-406b-ab4f-aeb5a35dc975-SegmentedRaftLogWorker:Storage Directory /tmp/workdir/hadoop-ozone/integration-test/target/test-dir/MiniOzoneClusterImpl-8a4f94c6-6d05-4673-8985-c7ce61029340/datanode-0/data/ratis/5eb98c4e-7727-4c18-92df-f8fa5917d36e: Truncating segments toTruncate: null
  toDelete: [(0, 0) isOpen? true, length=0, newEndIndex=-1], start index 0
2019-07-13 16:36:26,821 INFO  segmented.SegmentedRaftLogWorker (SegmentedRaftLogWorker.java:startLogSegment(380)) - 2e16940d-77b0-406b-ab4f-aeb5a35dc975-SegmentedRaftLogWorker:Storage Directory /tmp/workdir/hadoop-ozone/integration-test/target/test-dir/MiniOzoneClusterImpl-8a4f94c6-6d05-4673-8985-c7ce61029340/datanode-0/data/ratis/5eb98c4e-7727-4c18-92df-f8fa5917d36e: Starting segment from index:0
2019-07-13 16:36:26,822 INFO  segmented.SegmentedRaftLogWorker (SegmentedRaftLogWorker.java:execute(633)) - 2e16940d-77b0-406b-ab4f-aeb5a35dc975-SegmentedRaftLogWorker:Storage Directory /tmp/workdir/hadoop-ozone/integration-test/target/test-dir/MiniOzoneClusterImpl-8a4f94c6-6d05-4673-8985-c7ce61029340/datanode-0/data/ratis/5eb98c4e-7727-4c18-92df-f8fa5917d36e: Deleted log file /tmp/workdir/hadoop-ozone/integration-test/target/test-dir/MiniOzoneClusterImpl-8a4f94c6-6d05-4673-8985-c7ce61029340/datanode-0/data/ratis/5eb98c4e-7727-4c18-92df-f8fa5917d36e/current/log_inprogress_0
2019-07-13 16:36:26,823 INFO  segmented.SegmentedRaftLogWorker (SegmentedRaftLogWorker.java:lambda$new$0(132)) - 2e16940d-77b0-406b-ab4f-aeb5a35dc975-SegmentedRaftLogWorker:Storage Directory /tmp/workdir/hadoop-ozone/integration-test/target/test-dir/MiniOzoneClusterImpl-8a4f94c6-6d05-4673-8985-c7ce61029340/datanode-0/data/ratis/5eb98c4e-7727-4c18-92df-f8fa5917d36e: flushIndex: setUnconditionally 0 -> -1
2019-07-13 16:36:26,827 INFO  segmented.SegmentedRaftLogWorker (SegmentedRaftLogWorker.java:execute(569)) - b1698c79-6c1e-4696-b1c8-e50474debd09-SegmentedRaftLogWorker:Storage Directory /tmp/workdir/hadoop-ozone/integration-test/target/test-dir/MiniOzoneClusterImpl-8a4f94c6-6d05-4673-8985-c7ce61029340/datanode-1/data/ratis/5eb98c4e-7727-4c18-92df-f8fa5917d36e: created new log segment /tmp/workdir/hadoop-ozone/integration-test/target/test-dir/MiniOzoneClusterImpl-8a4f94c6-6d05-4673-8985-c7ce61029340/datanode-1/data/ratis/5eb98c4e-7727-4c18-92df-f8fa5917d36e/current/log_inprogress_0
2019-07-13 16:36:26,858 INFO  segmented.SegmentedRaftLogWorker (SegmentedRaftLogWorker.java:execute(569)) - 5e4e48d9-7c0e-4eee-bd59-3427149a0d7c-SegmentedRaftLogWorker:Storage Directory /tmp/workdir/hadoop-ozone/integration-test/target/test-dir/MiniOzoneClusterImpl-8a4f94c6-6d05-4673-8985-c7ce61029340/datanode-2/data/ratis/5eb98c4e-7727-4c18-92df-f8fa5917d36e: created new log segment /tmp/workdir/hadoop-ozone/integration-test/target/test-dir/MiniOzoneClusterImpl-8a4f94c6-6d05-4673-8985-c7ce61029340/datanode-2/data/ratis/5eb98c4e-7727-4c18-92df-f8fa5917d36e/current/log_inprogress_0
2019-07-13 16:36:26,858 INFO  segmented.SegmentedRaftLogWorker (SegmentedRaftLogWorker.java:execute(569)) - 2e16940d-77b0-406b-ab4f-aeb5a35dc975-SegmentedRaftLogWorker:Storage Directory /tmp/workdir/hadoop-ozone/integration-test/target/test-dir/MiniOzoneClusterImpl-8a4f94c6-6d05-4673-8985-c7ce61029340/datanode-0/data/ratis/5eb98c4e-7727-4c18-92df-f8fa5917d36e: created new log segment /tmp/workdir/hadoop-ozone/integration-test/target/test-dir/MiniOzoneClusterImpl-8a4f94c6-6d05-4673-8985-c7ce61029340/datanode-0/data/ratis/5eb98c4e-7727-4c18-92df-f8fa5917d36e/current/log_inprogress_0
2019-07-13 16:36:27,278 INFO  client.GrpcClientProtocolClient (GrpcClientProtocolClient.java:onNext(255)) - client-5FC3BEB185E3->5e4e48d9-7c0e-4eee-bd59-3427149a0d7c: receive RaftClientReply:client-5FC3BEB185E3->5e4e48d9-7c0e-4eee-bd59-3427149a0d7c@group-F8FA5917D36E, cid=227, FAILED org.apache.ratis.protocol.NotLeaderException: Server 5e4e48d9-7c0e-4eee-bd59-3427149a0d7c is not the leader (b1698c79-6c1e-4696-b1c8-e50474debd09:192.168.5.187:37212). Request must be sent to leader., logIndex=0, commits[5e4e48d9-7c0e-4eee-bd59-3427149a0d7c:c-1, b1698c79-6c1e-4696-b1c8-e50474debd09:c-1, 2e16940d-77b0-406b-ab4f-aeb5a35dc975:c-1]
2019-07-13 16:36:27,418 INFO  client.GrpcClientProtocolClient (GrpcClientProtocolClient.java:onNext(255)) - client-5FC3BEB185E3->b1698c79-6c1e-4696-b1c8-e50474debd09: receive RaftClientReply:client-5FC3BEB185E3->b1698c79-6c1e-4696-b1c8-e50474debd09@group-F8FA5917D36E, cid=227, SUCCESS, logIndex=1, commits[b1698c79-6c1e-4696-b1c8-e50474debd09:c1, 2e16940d-77b0-406b-ab4f-aeb5a35dc975:c0, 5e4e48d9-7c0e-4eee-bd59-3427149a0d7c:c0]
2019-07-13 16:36:27,441 INFO  client.GrpcClientProtocolClient (GrpcClientProtocolClient.java:onNext(255)) - client-5FC3BEB185E3->b1698c79-6c1e-4696-b1c8-e50474debd09: receive RaftClientReply:client-5FC3BEB185E3->b1698c79-6c1e-4696-b1c8-e50474debd09@group-F8FA5917D36E, cid=228, SUCCESS, logIndex=3, commits[b1698c79-6c1e-4696-b1c8-e50474debd09:c4, 2e16940d-77b0-406b-ab4f-aeb5a35dc975:c1, 5e4e48d9-7c0e-4eee-bd59-3427149a0d7c:c1]
2019-07-13 16:36:27,496 INFO  client.GrpcClientProtocolClient (GrpcClientProtocolClient.java:onNext(255)) - client-5FC3BEB185E3->b1698c79-6c1e-4696-b1c8-e50474debd09: receive RaftClientReply:client-5FC3BEB185E3->b1698c79-6c1e-4696-b1c8-e50474debd09@group-F8FA5917D36E, cid=229, SUCCESS, logIndex=4, commits[b1698c79-6c1e-4696-b1c8-e50474debd09:c12, 2e16940d-77b0-406b-ab4f-aeb5a35dc975:c7, 5e4e48d9-7c0e-4eee-bd59-3427149a0d7c:c7]
2019-07-13 16:36:27,496 INFO  client.GrpcClientProtocolClient (GrpcClientProtocolClient.java:onNext(255)) - client-5FC3BEB185E3->b1698c79-6c1e-4696-b1c8-e50474debd09: receive RaftClientReply:client-5FC3BEB185E3->b1698c79-6c1e-4696-b1c8-e50474debd09@group-F8FA5917D36E, cid=230, SUCCESS, logIndex=5, commits[b1698c79-6c1e-4696-b1c8-e50474debd09:c12, 2e16940d-77b0-406b-ab4f-aeb5a35dc975:c7, 5e4e48d9-7c0e-4eee-bd59-3427149a0d7c:c7]
2019-07-13 16:36:27,497 INFO  client.GrpcClientProtocolClient (GrpcClientProtocolClient.java:onNext(255)) - client-5FC3BEB185E3->b1698c79-6c1e-4696-b1c8-e50474debd09: receive RaftClientReply:client-5FC3BEB185E3->b1698c79-6c1e-4696-b1c8-e50474debd09@group-F8FA5917D36E, cid=231, SUCCESS, logIndex=6, commits[b1698c79-6c1e-4696-b1c8-e50474debd09:c12, 2e16940d-77b0-406b-ab4f-aeb5a35dc975:c7, 5e4e48d9-7c0e-4eee-bd59-3427149a0d7c:c7]
2019-07-13 16:36:27,590 INFO  client.GrpcClientProtocolClient (GrpcClientProtocolClient.java:onNext(255)) - client-5FC3BEB185E3->b1698c79-6c1e-4696-b1c8-e50474debd09: receive RaftClientReply:client-5FC3BEB185E3->b1698c79-6c1e-4696-b1c8-e50474debd09@group-F8FA5917D36E, cid=232, SUCCESS, logIndex=7, commits[b1698c79-6c1e-4696-b1c8-e50474debd09:c12, 2e16940d-77b0-406b-ab4f-aeb5a35dc975:c7, 5e4e48d9-7c0e-4eee-bd59-3427149a0d7c:c7]
2019-07-13 16:36:27,602 INFO  client.GrpcClientProtocolClient (GrpcClientProtocolClient.java:onNext(255)) - client-5FC3BEB185E3->b1698c79-6c1e-4696-b1c8-e50474debd09: receive RaftClientReply:client-5FC3BEB185E3->b1698c79-6c1e-4696-b1c8-e50474debd09@group-F8FA5917D36E, cid=233, SUCCESS, logIndex=13, commits[b1698c79-6c1e-4696-b1c8-e50474debd09:c14, 2e16940d-77b0-406b-ab4f-aeb5a35dc975:c12, 5e4e48d9-7c0e-4eee-bd59-3427149a0d7c:c12]
2019-07-13 16:36:27,603 INFO  client.GrpcClientProtocolClient (GrpcClientProtocolClient.java:onNext(255)) - client-5FC3BEB185E3->b1698c79-6c1e-4696-b1c8-e50474debd09: receive RaftClientReply:client-5FC3BEB185E3->b1698c79-6c1e-4696-b1c8-e50474debd09@group-F8FA5917D36E, cid=234, SUCCESS, logIndex=14, commits[b1698c79-6c1e-4696-b1c8-e50474debd09:c14, 2e16940d-77b0-406b-ab4f-aeb5a35dc975:c12, 5e4e48d9-7c0e-4eee-bd59-3427149a0d7c:c12]
2019-07-13 16:36:27,616 INFO  client.GrpcClientProtocolClient (GrpcClientProtocolClient.java:onNext(255)) - client-5FC3BEB185E3->b1698c79-6c1e-4696-b1c8-e50474debd09: receive RaftClientReply:client-5FC3BEB185E3->b1698c79-6c1e-4696-b1c8-e50474debd09@group-F8FA5917D36E, cid=235, SUCCESS, logIndex=0, commits[b1698c79-6c1e-4696-b1c8-e50474debd09:c15, 2e16940d-77b0-406b-ab4f-aeb5a35dc975:c14, 5e4e48d9-7c0e-4eee-bd59-3427149a0d7c:c14]
2019-07-13 16:36:27,618 INFO  container.CloseContainerEventHandler (CloseContainerEventHandler.java:onMessage(61)) - Close container Event triggered for container : #1
2019-07-13 16:36:27,618 INFO  container.CloseContainerEventHandler (CloseContainerEventHandler.java:onMessage(61)) - Close container Event triggered for container : #1
2019-07-13 16:36:27,618 INFO  container.CloseContainerEventHandler (CloseContainerEventHandler.java:onMessage(61)) - Close container Event triggered for container : #1
2019-07-13 16:36:29,489 INFO  interfaces.Container (KeyValueContainer.java:compactDB(356)) - Container 1 is closed with bcsId 14.
2019-07-13 16:36:29,507 INFO  interfaces.Container (KeyValueContainer.java:compactDB(356)) - Container 1 is closed with bcsId 14.
2019-07-13 16:36:29,510 INFO  interfaces.Container (KeyValueContainer.java:compactDB(356)) - Container 1 is closed with bcsId 14.
16:36:29.619 [grpc-default-executor-7] ERROR DNAudit - user=null | ip=null | op=WRITE_CHUNK {blockData=conID: 1 locID: 102435112755265555 bcsId: 14} | ret=FAILURE
org.apache.hadoop.hdds.scm.container.common.helpers.ContainerNotOpenException: Container 1 in CLOSED state
	at org.apache.hadoop.ozone.container.common.impl.HddsDispatcher.validateContainerCommand(HddsDispatcher.java:408) ~[hadoop-hdds-container-service-0.5.0-SNAPSHOT.jar:?]
	at org.apache.hadoop.ozone.container.common.transport.server.ratis.ContainerStateMachine.startTransaction(ContainerStateMachine.java:271) ~[hadoop-hdds-container-service-0.5.0-SNAPSHOT.jar:?]
	at org.apache.ratis.server.impl.RaftServerImpl.submitClientRequestAsync(RaftServerImpl.java:566) ~[ratis-server-0.4.0-2337318-SNAPSHOT.jar:0.4.0-2337318-SNAPSHOT]
	at org.apache.ratis.server.impl.RaftServerProxy.lambda$submitClientRequestAsync$7(RaftServerProxy.java:333) ~[ratis-server-0.4.0-2337318-SNAPSHOT.jar:0.4.0-2337318-SNAPSHOT]
	at org.apache.ratis.server.impl.RaftServerProxy.lambda$null$5(RaftServerProxy.java:328) ~[ratis-server-0.4.0-2337318-SNAPSHOT.jar:0.4.0-2337318-SNAPSHOT]
	at org.apache.ratis.util.JavaUtils.callAsUnchecked(JavaUtils.java:109) ~[ratis-common-0.4.0-2337318-SNAPSHOT.jar:0.4.0-2337318-SNAPSHOT]
	at org.apache.ratis.server.impl.RaftServerProxy.lambda$submitRequest$6(RaftServerProxy.java:328) ~[ratis-server-0.4.0-2337318-SNAPSHOT.jar:0.4.0-2337318-SNAPSHOT]
	at java.util.concurrent.CompletableFuture.uniComposeStage(CompletableFuture.java:981) ~[?:1.8.0_212]
	at java.util.concurrent.CompletableFuture.thenCompose(CompletableFuture.java:2124) ~[?:1.8.0_212]
	at org.apache.ratis.server.impl.RaftServerProxy.submitRequest(RaftServerProxy.java:327) ~[ratis-server-0.4.0-2337318-SNAPSHOT.jar:0.4.0-2337318-SNAPSHOT]
	at org.apache.ratis.server.impl.RaftServerProxy.submitClientRequestAsync(RaftServerProxy.java:333) ~[ratis-server-0.4.0-2337318-SNAPSHOT.jar:0.4.0-2337318-SNAPSHOT]
	at org.apache.ratis.grpc.client.GrpcClientProtocolService$RequestStreamObserver.processClientRequest(GrpcClientProtocolService.java:220) ~[ratis-grpc-0.4.0-2337318-SNAPSHOT.jar:0.4.0-2337318-SNAPSHOT]
	at org.apache.ratis.grpc.client.GrpcClientProtocolService$OrderedRequestStreamObserver.processClientRequest(GrpcClientProtocolService.java:326) ~[ratis-grpc-0.4.0-2337318-SNAPSHOT.jar:0.4.0-2337318-SNAPSHOT]
	at org.apache.ratis.util.SlidingWindow$Server.processRequestsFromHead(SlidingWindow.java:429) [ratis-common-0.4.0-2337318-SNAPSHOT.jar:0.4.0-2337318-SNAPSHOT]
	at org.apache.ratis.util.SlidingWindow$Server.receivedRequest(SlidingWindow.java:421) [ratis-common-0.4.0-2337318-SNAPSHOT.jar:0.4.0-2337318-SNAPSHOT]
	at org.apache.ratis.grpc.client.GrpcClientProtocolService$OrderedRequestStreamObserver.processClientRequest(GrpcClientProtocolService.java:345) [ratis-grpc-0.4.0-2337318-SNAPSHOT.jar:0.4.0-2337318-SNAPSHOT]
	at org.apache.ratis.grpc.client.GrpcClientProtocolService$RequestStreamObserver.onNext(GrpcClientProtocolService.java:240) [ratis-grpc-0.4.0-2337318-SNAPSHOT.jar:0.4.0-2337318-SNAPSHOT]
	at org.apache.ratis.grpc.client.GrpcClientProtocolService$RequestStreamObserver.onNext(GrpcClientProtocolService.java:168) [ratis-grpc-0.4.0-2337318-SNAPSHOT.jar:0.4.0-2337318-SNAPSHOT]
	at org.apache.ratis.thirdparty.io.grpc.stub.ServerCalls$StreamingServerCallHandler$StreamingServerCallListener.onMessage(ServerCalls.java:248) [ratis-thirdparty-misc-0.2.0.jar:0.2.0]
	at org.apache.ratis.thirdparty.io.grpc.internal.ServerCallImpl$ServerStreamListenerImpl.messagesAvailable(ServerCallImpl.java:263) [ratis-thirdparty-misc-0.2.0.jar:0.2.0]
	at org.apache.ratis.thirdparty.io.grpc.internal.ServerImpl$JumpToApplicationThreadServerStreamListener$1MessagesAvailable.runInContext(ServerImpl.java:686) [ratis-thirdparty-misc-0.2.0.jar:0.2.0]
	at org.apache.ratis.thirdparty.io.grpc.internal.ContextRunnable.run(ContextRunnable.java:37) [ratis-thirdparty-misc-0.2.0.jar:0.2.0]
	at org.apache.ratis.thirdparty.io.grpc.internal.SerializingExecutor.run(SerializingExecutor.java:123) [ratis-thirdparty-misc-0.2.0.jar:0.2.0]
	at java.util.concurrent.ThreadPoolExecutor.runWorker(ThreadPoolExecutor.java:1149) [?:1.8.0_212]
	at java.util.concurrent.ThreadPoolExecutor$Worker.run(ThreadPoolExecutor.java:624) [?:1.8.0_212]
	at java.lang.Thread.run(Thread.java:748) [?:1.8.0_212]
16:36:29.621 [grpc-default-executor-7] ERROR DNAudit - user=null | ip=null | op=WRITE_CHUNK {blockData=conID: 1 locID: 102435112755265555 bcsId: 14} | ret=FAILURE
org.apache.hadoop.hdds.scm.container.common.helpers.ContainerNotOpenException: Container 1 in CLOSED state
	at org.apache.hadoop.ozone.container.common.impl.HddsDispatcher.validateContainerCommand(HddsDispatcher.java:408) ~[hadoop-hdds-container-service-0.5.0-SNAPSHOT.jar:?]
	at org.apache.hadoop.ozone.container.common.transport.server.ratis.ContainerStateMachine.startTransaction(ContainerStateMachine.java:271) ~[hadoop-hdds-container-service-0.5.0-SNAPSHOT.jar:?]
	at org.apache.ratis.server.impl.RaftServerImpl.submitClientRequestAsync(RaftServerImpl.java:566) ~[ratis-server-0.4.0-2337318-SNAPSHOT.jar:0.4.0-2337318-SNAPSHOT]
	at org.apache.ratis.server.impl.RaftServerProxy.lambda$submitClientRequestAsync$7(RaftServerProxy.java:333) ~[ratis-server-0.4.0-2337318-SNAPSHOT.jar:0.4.0-2337318-SNAPSHOT]
	at org.apache.ratis.server.impl.RaftServerProxy.lambda$null$5(RaftServerProxy.java:328) ~[ratis-server-0.4.0-2337318-SNAPSHOT.jar:0.4.0-2337318-SNAPSHOT]
	at org.apache.ratis.util.JavaUtils.callAsUnchecked(JavaUtils.java:109) ~[ratis-common-0.4.0-2337318-SNAPSHOT.jar:0.4.0-2337318-SNAPSHOT]
	at org.apache.ratis.server.impl.RaftServerProxy.lambda$submitRequest$6(RaftServerProxy.java:328) ~[ratis-server-0.4.0-2337318-SNAPSHOT.jar:0.4.0-2337318-SNAPSHOT]
	at java.util.concurrent.CompletableFuture.uniComposeStage(CompletableFuture.java:981) ~[?:1.8.0_212]
	at java.util.concurrent.CompletableFuture.thenCompose(CompletableFuture.java:2124) ~[?:1.8.0_212]
	at org.apache.ratis.server.impl.RaftServerProxy.submitRequest(RaftServerProxy.java:327) ~[ratis-server-0.4.0-2337318-SNAPSHOT.jar:0.4.0-2337318-SNAPSHOT]
	at org.apache.ratis.server.impl.RaftServerProxy.submitClientRequestAsync(RaftServerProxy.java:333) ~[ratis-server-0.4.0-2337318-SNAPSHOT.jar:0.4.0-2337318-SNAPSHOT]
	at org.apache.ratis.grpc.client.GrpcClientProtocolService$RequestStreamObserver.processClientRequest(GrpcClientProtocolService.java:220) ~[ratis-grpc-0.4.0-2337318-SNAPSHOT.jar:0.4.0-2337318-SNAPSHOT]
	at org.apache.ratis.grpc.client.GrpcClientProtocolService$OrderedRequestStreamObserver.processClientRequest(GrpcClientProtocolService.java:326) ~[ratis-grpc-0.4.0-2337318-SNAPSHOT.jar:0.4.0-2337318-SNAPSHOT]
	at org.apache.ratis.util.SlidingWindow$Server.processRequestsFromHead(SlidingWindow.java:429) [ratis-common-0.4.0-2337318-SNAPSHOT.jar:0.4.0-2337318-SNAPSHOT]
	at org.apache.ratis.util.SlidingWindow$Server.receivedRequest(SlidingWindow.java:421) [ratis-common-0.4.0-2337318-SNAPSHOT.jar:0.4.0-2337318-SNAPSHOT]
	at org.apache.ratis.grpc.client.GrpcClientProtocolService$OrderedRequestStreamObserver.processClientRequest(GrpcClientProtocolService.java:345) [ratis-grpc-0.4.0-2337318-SNAPSHOT.jar:0.4.0-2337318-SNAPSHOT]
	at org.apache.ratis.grpc.client.GrpcClientProtocolService$RequestStreamObserver.onNext(GrpcClientProtocolService.java:240) [ratis-grpc-0.4.0-2337318-SNAPSHOT.jar:0.4.0-2337318-SNAPSHOT]
	at org.apache.ratis.grpc.client.GrpcClientProtocolService$RequestStreamObserver.onNext(GrpcClientProtocolService.java:168) [ratis-grpc-0.4.0-2337318-SNAPSHOT.jar:0.4.0-2337318-SNAPSHOT]
	at org.apache.ratis.thirdparty.io.grpc.stub.ServerCalls$StreamingServerCallHandler$StreamingServerCallListener.onMessage(ServerCalls.java:248) [ratis-thirdparty-misc-0.2.0.jar:0.2.0]
	at org.apache.ratis.thirdparty.io.grpc.internal.ServerCallImpl$ServerStreamListenerImpl.messagesAvailable(ServerCallImpl.java:263) [ratis-thirdparty-misc-0.2.0.jar:0.2.0]
	at org.apache.ratis.thirdparty.io.grpc.internal.ServerImpl$JumpToApplicationThreadServerStreamListener$1MessagesAvailable.runInContext(ServerImpl.java:686) [ratis-thirdparty-misc-0.2.0.jar:0.2.0]
	at org.apache.ratis.thirdparty.io.grpc.internal.ContextRunnable.run(ContextRunnable.java:37) [ratis-thirdparty-misc-0.2.0.jar:0.2.0]
	at org.apache.ratis.thirdparty.io.grpc.internal.SerializingExecutor.run(SerializingExecutor.java:123) [ratis-thirdparty-misc-0.2.0.jar:0.2.0]
	at java.util.concurrent.ThreadPoolExecutor.runWorker(ThreadPoolExecutor.java:1149) [?:1.8.0_212]
	at java.util.concurrent.ThreadPoolExecutor$Worker.run(ThreadPoolExecutor.java:624) [?:1.8.0_212]
	at java.lang.Thread.run(Thread.java:748) [?:1.8.0_212]
16:36:29.648 [grpc-default-executor-7] ERROR DNAudit - user=null | ip=null | op=PUT_BLOCK {blockData=[blockId=conID: 1 locID: 102435112755265555 bcsId: 0,size=650]} | ret=FAILURE
org.apache.hadoop.hdds.scm.container.common.helpers.ContainerNotOpenException: Container 1 in CLOSED state
	at org.apache.hadoop.ozone.container.common.impl.HddsDispatcher.validateContainerCommand(HddsDispatcher.java:408) ~[hadoop-hdds-container-service-0.5.0-SNAPSHOT.jar:?]
	at org.apache.hadoop.ozone.container.common.transport.server.ratis.ContainerStateMachine.startTransaction(ContainerStateMachine.java:271) ~[hadoop-hdds-container-service-0.5.0-SNAPSHOT.jar:?]
	at org.apache.ratis.server.impl.RaftServerImpl.submitClientRequestAsync(RaftServerImpl.java:566) ~[ratis-server-0.4.0-2337318-SNAPSHOT.jar:0.4.0-2337318-SNAPSHOT]
	at org.apache.ratis.server.impl.RaftServerProxy.lambda$submitClientRequestAsync$7(RaftServerProxy.java:333) ~[ratis-server-0.4.0-2337318-SNAPSHOT.jar:0.4.0-2337318-SNAPSHOT]
	at org.apache.ratis.server.impl.RaftServerProxy.lambda$null$5(RaftServerProxy.java:328) ~[ratis-server-0.4.0-2337318-SNAPSHOT.jar:0.4.0-2337318-SNAPSHOT]
	at org.apache.ratis.util.JavaUtils.callAsUnchecked(JavaUtils.java:109) ~[ratis-common-0.4.0-2337318-SNAPSHOT.jar:0.4.0-2337318-SNAPSHOT]
	at org.apache.ratis.server.impl.RaftServerProxy.lambda$submitRequest$6(RaftServerProxy.java:328) ~[ratis-server-0.4.0-2337318-SNAPSHOT.jar:0.4.0-2337318-SNAPSHOT]
	at java.util.concurrent.CompletableFuture.uniComposeStage(CompletableFuture.java:981) ~[?:1.8.0_212]
	at java.util.concurrent.CompletableFuture.thenCompose(CompletableFuture.java:2124) ~[?:1.8.0_212]
	at org.apache.ratis.server.impl.RaftServerProxy.submitRequest(RaftServerProxy.java:327) ~[ratis-server-0.4.0-2337318-SNAPSHOT.jar:0.4.0-2337318-SNAPSHOT]
	at org.apache.ratis.server.impl.RaftServerProxy.submitClientRequestAsync(RaftServerProxy.java:333) ~[ratis-server-0.4.0-2337318-SNAPSHOT.jar:0.4.0-2337318-SNAPSHOT]
	at org.apache.ratis.grpc.client.GrpcClientProtocolService$RequestStreamObserver.processClientRequest(GrpcClientProtocolService.java:220) ~[ratis-grpc-0.4.0-2337318-SNAPSHOT.jar:0.4.0-2337318-SNAPSHOT]
	at org.apache.ratis.grpc.client.GrpcClientProtocolService$OrderedRequestStreamObserver.processClientRequest(GrpcClientProtocolService.java:326) ~[ratis-grpc-0.4.0-2337318-SNAPSHOT.jar:0.4.0-2337318-SNAPSHOT]
	at org.apache.ratis.util.SlidingWindow$Server.processRequestsFromHead(SlidingWindow.java:429) [ratis-common-0.4.0-2337318-SNAPSHOT.jar:0.4.0-2337318-SNAPSHOT]
	at org.apache.ratis.util.SlidingWindow$Server.receivedRequest(SlidingWindow.java:421) [ratis-common-0.4.0-2337318-SNAPSHOT.jar:0.4.0-2337318-SNAPSHOT]
	at org.apache.ratis.grpc.client.GrpcClientProtocolService$OrderedRequestStreamObserver.processClientRequest(GrpcClientProtocolService.java:345) [ratis-grpc-0.4.0-2337318-SNAPSHOT.jar:0.4.0-2337318-SNAPSHOT]
	at org.apache.ratis.grpc.client.GrpcClientProtocolService$RequestStreamObserver.onNext(GrpcClientProtocolService.java:240) [ratis-grpc-0.4.0-2337318-SNAPSHOT.jar:0.4.0-2337318-SNAPSHOT]
	at org.apache.ratis.grpc.client.GrpcClientProtocolService$RequestStreamObserver.onNext(GrpcClientProtocolService.java:168) [ratis-grpc-0.4.0-2337318-SNAPSHOT.jar:0.4.0-2337318-SNAPSHOT]
	at org.apache.ratis.thirdparty.io.grpc.stub.ServerCalls$StreamingServerCallHandler$StreamingServerCallListener.onMessage(ServerCalls.java:248) [ratis-thirdparty-misc-0.2.0.jar:0.2.0]
	at org.apache.ratis.thirdparty.io.grpc.internal.ServerCallImpl$ServerStreamListenerImpl.messagesAvailable(ServerCallImpl.java:263) [ratis-thirdparty-misc-0.2.0.jar:0.2.0]
	at org.apache.ratis.thirdparty.io.grpc.internal.ServerImpl$JumpToApplicationThreadServerStreamListener$1MessagesAvailable.runInContext(ServerImpl.java:686) [ratis-thirdparty-misc-0.2.0.jar:0.2.0]
	at org.apache.ratis.thirdparty.io.grpc.internal.ContextRunnable.run(ContextRunnable.java:37) [ratis-thirdparty-misc-0.2.0.jar:0.2.0]
	at org.apache.ratis.thirdparty.io.grpc.internal.SerializingExecutor.run(SerializingExecutor.java:123) [ratis-thirdparty-misc-0.2.0.jar:0.2.0]
	at java.util.concurrent.ThreadPoolExecutor.runWorker(ThreadPoolExecutor.java:1149) [?:1.8.0_212]
	at java.util.concurrent.ThreadPoolExecutor$Worker.run(ThreadPoolExecutor.java:624) [?:1.8.0_212]
	at java.lang.Thread.run(Thread.java:748) [?:1.8.0_212]
2019-07-13 16:36:29,648 INFO  client.GrpcClientProtocolClient (GrpcClientProtocolClient.java:onNext(255)) - client-5FC3BEB185E3->b1698c79-6c1e-4696-b1c8-e50474debd09: receive RaftClientReply:client-5FC3BEB185E3->b1698c79-6c1e-4696-b1c8-e50474debd09@group-F8FA5917D36E, cid=236, FAILED org.apache.ratis.protocol.StateMachineException: org.apache.hadoop.hdds.scm.container.common.helpers.ContainerNotOpenException from Server b1698c79-6c1e-4696-b1c8-e50474debd09: Container 1 in CLOSED state, logIndex=0, commits[b1698c79-6c1e-4696-b1c8-e50474debd09:c18, 2e16940d-77b0-406b-ab4f-aeb5a35dc975:c17, 5e4e48d9-7c0e-4eee-bd59-3427149a0d7c:c17]
2019-07-13 16:36:29,655 INFO  client.GrpcClientProtocolClient (GrpcClientProtocolClient.java:onNext(255)) - client-5FC3BEB185E3->b1698c79-6c1e-4696-b1c8-e50474debd09: receive RaftClientReply:client-5FC3BEB185E3->b1698c79-6c1e-4696-b1c8-e50474debd09@group-F8FA5917D36E, cid=237, FAILED org.apache.ratis.protocol.StateMachineException: org.apache.hadoop.hdds.scm.container.common.helpers.ContainerNotOpenException from Server b1698c79-6c1e-4696-b1c8-e50474debd09: Container 1 in CLOSED state, logIndex=0, commits[b1698c79-6c1e-4696-b1c8-e50474debd09:c18, 2e16940d-77b0-406b-ab4f-aeb5a35dc975:c17, 5e4e48d9-7c0e-4eee-bd59-3427149a0d7c:c17]
16:36:29.655 [grpc-default-executor-7] ERROR DNAudit - user=null | ip=null | op=WRITE_CHUNK {blockData=conID: 1 locID: 102435112755265555 bcsId: 14} | ret=FAILURE
org.apache.hadoop.hdds.scm.container.common.helpers.ContainerNotOpenException: Container 1 in CLOSED state
	at org.apache.hadoop.ozone.container.common.impl.HddsDispatcher.validateContainerCommand(HddsDispatcher.java:408) ~[hadoop-hdds-container-service-0.5.0-SNAPSHOT.jar:?]
	at org.apache.hadoop.ozone.container.common.transport.server.ratis.ContainerStateMachine.startTransaction(ContainerStateMachine.java:271) ~[hadoop-hdds-container-service-0.5.0-SNAPSHOT.jar:?]
	at org.apache.ratis.server.impl.RaftServerImpl.submitClientRequestAsync(RaftServerImpl.java:566) ~[ratis-server-0.4.0-2337318-SNAPSHOT.jar:0.4.0-2337318-SNAPSHOT]
	at org.apache.ratis.server.impl.RaftServerProxy.lambda$submitClientRequestAsync$7(RaftServerProxy.java:333) ~[ratis-server-0.4.0-2337318-SNAPSHOT.jar:0.4.0-2337318-SNAPSHOT]
	at org.apache.ratis.server.impl.RaftServerProxy.lambda$null$5(RaftServerProxy.java:328) ~[ratis-server-0.4.0-2337318-SNAPSHOT.jar:0.4.0-2337318-SNAPSHOT]
	at org.apache.ratis.util.JavaUtils.callAsUnchecked(JavaUtils.java:109) ~[ratis-common-0.4.0-2337318-SNAPSHOT.jar:0.4.0-2337318-SNAPSHOT]
	at org.apache.ratis.server.impl.RaftServerProxy.lambda$submitRequest$6(RaftServerProxy.java:328) ~[ratis-server-0.4.0-2337318-SNAPSHOT.jar:0.4.0-2337318-SNAPSHOT]
	at java.util.concurrent.CompletableFuture.uniComposeStage(CompletableFuture.java:981) ~[?:1.8.0_212]
	at java.util.concurrent.CompletableFuture.thenCompose(CompletableFuture.java:2124) ~[?:1.8.0_212]
	at org.apache.ratis.server.impl.RaftServerProxy.submitRequest(RaftServerProxy.java:327) ~[ratis-server-0.4.0-2337318-SNAPSHOT.jar:0.4.0-2337318-SNAPSHOT]
	at org.apache.ratis.server.impl.RaftServerProxy.submitClientRequestAsync(RaftServerProxy.java:333) ~[ratis-server-0.4.0-2337318-SNAPSHOT.jar:0.4.0-2337318-SNAPSHOT]
	at org.apache.ratis.grpc.client.GrpcClientProtocolService$RequestStreamObserver.processClientRequest(GrpcClientProtocolService.java:220) ~[ratis-grpc-0.4.0-2337318-SNAPSHOT.jar:0.4.0-2337318-SNAPSHOT]
	at org.apache.ratis.grpc.client.GrpcClientProtocolService$OrderedRequestStreamObserver.processClientRequest(GrpcClientProtocolService.java:326) ~[ratis-grpc-0.4.0-2337318-SNAPSHOT.jar:0.4.0-2337318-SNAPSHOT]
	at org.apache.ratis.util.SlidingWindow$Server.processRequestsFromHead(SlidingWindow.java:429) [ratis-common-0.4.0-2337318-SNAPSHOT.jar:0.4.0-2337318-SNAPSHOT]
	at org.apache.ratis.util.SlidingWindow$Server.receivedRequest(SlidingWindow.java:421) [ratis-common-0.4.0-2337318-SNAPSHOT.jar:0.4.0-2337318-SNAPSHOT]
	at org.apache.ratis.grpc.client.GrpcClientProtocolService$OrderedRequestStreamObserver.processClientRequest(GrpcClientProtocolService.java:345) [ratis-grpc-0.4.0-2337318-SNAPSHOT.jar:0.4.0-2337318-SNAPSHOT]
	at org.apache.ratis.grpc.client.GrpcClientProtocolService$RequestStreamObserver.onNext(GrpcClientProtocolService.java:240) [ratis-grpc-0.4.0-2337318-SNAPSHOT.jar:0.4.0-2337318-SNAPSHOT]
	at org.apache.ratis.grpc.client.GrpcClientProtocolService$RequestStreamObserver.onNext(GrpcClientProtocolService.java:168) [ratis-grpc-0.4.0-2337318-SNAPSHOT.jar:0.4.0-2337318-SNAPSHOT]
	at org.apache.ratis.thirdparty.io.grpc.stub.ServerCalls$StreamingServerCallHandler$StreamingServerCallListener.onMessage(ServerCalls.java:248) [ratis-thirdparty-misc-0.2.0.jar:0.2.0]
	at org.apache.ratis.thirdparty.io.grpc.internal.ServerCallImpl$ServerStreamListenerImpl.messagesAvailable(ServerCallImpl.java:263) [ratis-thirdparty-misc-0.2.0.jar:0.2.0]
	at org.apache.ratis.thirdparty.io.grpc.internal.ServerImpl$JumpToApplicationThreadServerStreamListener$1MessagesAvailable.runInContext(ServerImpl.java:686) [ratis-thirdparty-misc-0.2.0.jar:0.2.0]
	at org.apache.ratis.thirdparty.io.grpc.internal.ContextRunnable.run(ContextRunnable.java:37) [ratis-thirdparty-misc-0.2.0.jar:0.2.0]
	at org.apache.ratis.thirdparty.io.grpc.internal.SerializingExecutor.run(SerializingExecutor.java:123) [ratis-thirdparty-misc-0.2.0.jar:0.2.0]
	at java.util.concurrent.ThreadPoolExecutor.runWorker(ThreadPoolExecutor.java:1149) [?:1.8.0_212]
	at java.util.concurrent.ThreadPoolExecutor$Worker.run(ThreadPoolExecutor.java:624) [?:1.8.0_212]
	at java.lang.Thread.run(Thread.java:748) [?:1.8.0_212]
2019-07-13 16:36:29,656 INFO  client.GrpcClientProtocolClient (GrpcClientProtocolClient.java:onNext(255)) - client-5FC3BEB185E3->b1698c79-6c1e-4696-b1c8-e50474debd09: receive RaftClientReply:client-5FC3BEB185E3->b1698c79-6c1e-4696-b1c8-e50474debd09@group-F8FA5917D36E, cid=238, FAILED org.apache.ratis.protocol.StateMachineException: org.apache.hadoop.hdds.scm.container.common.helpers.ContainerNotOpenException from Server b1698c79-6c1e-4696-b1c8-e50474debd09: Container 1 in CLOSED state, logIndex=0, commits[b1698c79-6c1e-4696-b1c8-e50474debd09:c18, 2e16940d-77b0-406b-ab4f-aeb5a35dc975:c17, 5e4e48d9-7c0e-4eee-bd59-3427149a0d7c:c17]
2019-07-13 16:36:29,663 INFO  client.GrpcClientProtocolClient (GrpcClientProtocolClient.java:onNext(255)) - client-5FC3BEB185E3->b1698c79-6c1e-4696-b1c8-e50474debd09: receive RaftClientReply:client-5FC3BEB185E3->b1698c79-6c1e-4696-b1c8-e50474debd09@group-F8FA5917D36E, cid=239, FAILED org.apache.ratis.protocol.StateMachineException: org.apache.hadoop.hdds.scm.container.common.helpers.ContainerNotOpenException from Server b1698c79-6c1e-4696-b1c8-e50474debd09: Container 1 in CLOSED state, logIndex=0, commits[b1698c79-6c1e-4696-b1c8-e50474debd09:c18, 2e16940d-77b0-406b-ab4f-aeb5a35dc975:c17, 5e4e48d9-7c0e-4eee-bd59-3427149a0d7c:c17]
16:36:29.662 [grpc-default-executor-7] ERROR DNAudit - user=null | ip=null | op=WRITE_CHUNK {blockData=conID: 1 locID: 102435112755265555 bcsId: 14} | ret=FAILURE
org.apache.hadoop.hdds.scm.container.common.helpers.ContainerNotOpenException: Container 1 in CLOSED state
	at org.apache.hadoop.ozone.container.common.impl.HddsDispatcher.validateContainerCommand(HddsDispatcher.java:408) ~[hadoop-hdds-container-service-0.5.0-SNAPSHOT.jar:?]
	at org.apache.hadoop.ozone.container.common.transport.server.ratis.ContainerStateMachine.startTransaction(ContainerStateMachine.java:271) ~[hadoop-hdds-container-service-0.5.0-SNAPSHOT.jar:?]
	at org.apache.ratis.server.impl.RaftServerImpl.submitClientRequestAsync(RaftServerImpl.java:566) ~[ratis-server-0.4.0-2337318-SNAPSHOT.jar:0.4.0-2337318-SNAPSHOT]
	at org.apache.ratis.server.impl.RaftServerProxy.lambda$submitClientRequestAsync$7(RaftServerProxy.java:333) ~[ratis-server-0.4.0-2337318-SNAPSHOT.jar:0.4.0-2337318-SNAPSHOT]
	at org.apache.ratis.server.impl.RaftServerProxy.lambda$null$5(RaftServerProxy.java:328) ~[ratis-server-0.4.0-2337318-SNAPSHOT.jar:0.4.0-2337318-SNAPSHOT]
	at org.apache.ratis.util.JavaUtils.callAsUnchecked(JavaUtils.java:109) ~[ratis-common-0.4.0-2337318-SNAPSHOT.jar:0.4.0-2337318-SNAPSHOT]
	at org.apache.ratis.server.impl.RaftServerProxy.lambda$submitRequest$6(RaftServerProxy.java:328) ~[ratis-server-0.4.0-2337318-SNAPSHOT.jar:0.4.0-2337318-SNAPSHOT]
	at java.util.concurrent.CompletableFuture.uniComposeStage(CompletableFuture.java:981) ~[?:1.8.0_212]
	at java.util.concurrent.CompletableFuture.thenCompose(CompletableFuture.java:2124) ~[?:1.8.0_212]
	at org.apache.ratis.server.impl.RaftServerProxy.submitRequest(RaftServerProxy.java:327) ~[ratis-server-0.4.0-2337318-SNAPSHOT.jar:0.4.0-2337318-SNAPSHOT]
	at org.apache.ratis.server.impl.RaftServerProxy.submitClientRequestAsync(RaftServerProxy.java:333) ~[ratis-server-0.4.0-2337318-SNAPSHOT.jar:0.4.0-2337318-SNAPSHOT]
	at org.apache.ratis.grpc.client.GrpcClientProtocolService$RequestStreamObserver.processClientRequest(GrpcClientProtocolService.java:220) ~[ratis-grpc-0.4.0-2337318-SNAPSHOT.jar:0.4.0-2337318-SNAPSHOT]
	at org.apache.ratis.grpc.client.GrpcClientProtocolService$OrderedRequestStreamObserver.processClientRequest(GrpcClientProtocolService.java:326) ~[ratis-grpc-0.4.0-2337318-SNAPSHOT.jar:0.4.0-2337318-SNAPSHOT]
	at org.apache.ratis.util.SlidingWindow$Server.processRequestsFromHead(SlidingWindow.java:429) [ratis-common-0.4.0-2337318-SNAPSHOT.jar:0.4.0-2337318-SNAPSHOT]
	at org.apache.ratis.util.SlidingWindow$Server.receivedRequest(SlidingWindow.java:421) [ratis-common-0.4.0-2337318-SNAPSHOT.jar:0.4.0-2337318-SNAPSHOT]
	at org.apache.ratis.grpc.client.GrpcClientProtocolService$OrderedRequestStreamObserver.processClientRequest(GrpcClientProtocolService.java:345) [ratis-grpc-0.4.0-2337318-SNAPSHOT.jar:0.4.0-2337318-SNAPSHOT]
	at org.apache.ratis.grpc.client.GrpcClientProtocolService$RequestStreamObserver.onNext(GrpcClientProtocolService.java:240) [ratis-grpc-0.4.0-2337318-SNAPSHOT.jar:0.4.0-2337318-SNAPSHOT]
	at org.apache.ratis.grpc.client.GrpcClientProtocolService$RequestStreamObserver.onNext(GrpcClientProtocolService.java:168) [ratis-grpc-0.4.0-2337318-SNAPSHOT.jar:0.4.0-2337318-SNAPSHOT]
	at org.apache.ratis.thirdparty.io.grpc.stub.ServerCalls$StreamingServerCallHandler$StreamingServerCallListener.onMessage(ServerCalls.java:248) [ratis-thirdparty-misc-0.2.0.jar:0.2.0]
	at org.apache.ratis.thirdparty.io.grpc.internal.ServerCallImpl$ServerStreamListenerImpl.messagesAvailable(ServerCallImpl.java:263) [ratis-thirdparty-misc-0.2.0.jar:0.2.0]
	at org.apache.ratis.thirdparty.io.grpc.internal.ServerImpl$JumpToApplicationThreadServerStreamListener$1MessagesAvailable.runInContext(ServerImpl.java:686) [ratis-thirdparty-misc-0.2.0.jar:0.2.0]
	at org.apache.ratis.thirdparty.io.grpc.internal.ContextRunnable.run(ContextRunnable.java:37) [ratis-thirdparty-misc-0.2.0.jar:0.2.0]
	at org.apache.ratis.thirdparty.io.grpc.internal.SerializingExecutor.run(SerializingExecutor.java:123) [ratis-thirdparty-misc-0.2.0.jar:0.2.0]
	at java.util.concurrent.ThreadPoolExecutor.runWorker(ThreadPoolExecutor.java:1149) [?:1.8.0_212]
	at java.util.concurrent.ThreadPoolExecutor$Worker.run(ThreadPoolExecutor.java:624) [?:1.8.0_212]
	at java.lang.Thread.run(Thread.java:748) [?:1.8.0_212]
2019-07-13 16:36:29,676 INFO  client.GrpcClientProtocolClient (GrpcClientProtocolClient.java:onNext(255)) - client-5FC3BEB185E3->b1698c79-6c1e-4696-b1c8-e50474debd09: receive RaftClientReply:client-5FC3BEB185E3->b1698c79-6c1e-4696-b1c8-e50474debd09@group-F8FA5917D36E, cid=240, FAILED org.apache.ratis.protocol.StateMachineException: org.apache.hadoop.hdds.scm.container.common.helpers.ContainerNotOpenException from Server b1698c79-6c1e-4696-b1c8-e50474debd09: Container 1 in CLOSED state, logIndex=0, commits[b1698c79-6c1e-4696-b1c8-e50474debd09:c18, 2e16940d-77b0-406b-ab4f-aeb5a35dc975:c17, 5e4e48d9-7c0e-4eee-bd59-3427149a0d7c:c17]
16:36:29.675 [grpc-default-executor-7] ERROR DNAudit - user=null | ip=null | op=PUT_BLOCK {blockData=[blockId=conID: 1 locID: 102435112755265555 bcsId: 0,size=800]} | ret=FAILURE
org.apache.hadoop.hdds.scm.container.common.helpers.ContainerNotOpenException: Container 1 in CLOSED state
	at org.apache.hadoop.ozone.container.common.impl.HddsDispatcher.validateContainerCommand(HddsDispatcher.java:408) ~[hadoop-hdds-container-service-0.5.0-SNAPSHOT.jar:?]
	at org.apache.hadoop.ozone.container.common.transport.server.ratis.ContainerStateMachine.startTransaction(ContainerStateMachine.java:271) ~[hadoop-hdds-container-service-0.5.0-SNAPSHOT.jar:?]
	at org.apache.ratis.server.impl.RaftServerImpl.submitClientRequestAsync(RaftServerImpl.java:566) ~[ratis-server-0.4.0-2337318-SNAPSHOT.jar:0.4.0-2337318-SNAPSHOT]
	at org.apache.ratis.server.impl.RaftServerProxy.lambda$submitClientRequestAsync$7(RaftServerProxy.java:333) ~[ratis-server-0.4.0-2337318-SNAPSHOT.jar:0.4.0-2337318-SNAPSHOT]
	at org.apache.ratis.server.impl.RaftServerProxy.lambda$null$5(RaftServerProxy.java:328) ~[ratis-server-0.4.0-2337318-SNAPSHOT.jar:0.4.0-2337318-SNAPSHOT]
	at org.apache.ratis.util.JavaUtils.callAsUnchecked(JavaUtils.java:109) ~[ratis-common-0.4.0-2337318-SNAPSHOT.jar:0.4.0-2337318-SNAPSHOT]
	at org.apache.ratis.server.impl.RaftServerProxy.lambda$submitRequest$6(RaftServerProxy.java:328) ~[ratis-server-0.4.0-2337318-SNAPSHOT.jar:0.4.0-2337318-SNAPSHOT]
	at java.util.concurrent.CompletableFuture.uniComposeStage(CompletableFuture.java:981) ~[?:1.8.0_212]
	at java.util.concurrent.CompletableFuture.thenCompose(CompletableFuture.java:2124) ~[?:1.8.0_212]
	at org.apache.ratis.server.impl.RaftServerProxy.submitRequest(RaftServerProxy.java:327) ~[ratis-server-0.4.0-2337318-SNAPSHOT.jar:0.4.0-2337318-SNAPSHOT]
	at org.apache.ratis.server.impl.RaftServerProxy.submitClientRequestAsync(RaftServerProxy.java:333) ~[ratis-server-0.4.0-2337318-SNAPSHOT.jar:0.4.0-2337318-SNAPSHOT]
	at org.apache.ratis.grpc.client.GrpcClientProtocolService$RequestStreamObserver.processClientRequest(GrpcClientProtocolService.java:220) ~[ratis-grpc-0.4.0-2337318-SNAPSHOT.jar:0.4.0-2337318-SNAPSHOT]
	at org.apache.ratis.grpc.client.GrpcClientProtocolService$OrderedRequestStreamObserver.processClientRequest(GrpcClientProtocolService.java:326) ~[ratis-grpc-0.4.0-2337318-SNAPSHOT.jar:0.4.0-2337318-SNAPSHOT]
	at org.apache.ratis.util.SlidingWindow$Server.processRequestsFromHead(SlidingWindow.java:429) [ratis-common-0.4.0-2337318-SNAPSHOT.jar:0.4.0-2337318-SNAPSHOT]
	at org.apache.ratis.util.SlidingWindow$Server.receivedRequest(SlidingWindow.java:421) [ratis-common-0.4.0-2337318-SNAPSHOT.jar:0.4.0-2337318-SNAPSHOT]
	at org.apache.ratis.grpc.client.GrpcClientProtocolService$OrderedRequestStreamObserver.processClientRequest(GrpcClientProtocolService.java:345) [ratis-grpc-0.4.0-2337318-SNAPSHOT.jar:0.4.0-2337318-SNAPSHOT]
	at org.apache.ratis.grpc.client.GrpcClientProtocolService$RequestStreamObserver.onNext(GrpcClientProtocolService.java:240) [ratis-grpc-0.4.0-2337318-SNAPSHOT.jar:0.4.0-2337318-SNAPSHOT]
	at org.apache.ratis.grpc.client.GrpcClientProtocolService$RequestStreamObserver.onNext(GrpcClientProtocolService.java:168) [ratis-grpc-0.4.0-2337318-SNAPSHOT.jar:0.4.0-2337318-SNAPSHOT]
	at org.apache.ratis.thirdparty.io.grpc.stub.ServerCalls$StreamingServerCallHandler$StreamingServerCallListener.onMessage(ServerCalls.java:248) [ratis-thirdparty-misc-0.2.0.jar:0.2.0]
	at org.apache.ratis.thirdparty.io.grpc.internal.ServerCallImpl$ServerStreamListenerImpl.messagesAvailable(ServerCallImpl.java:263) [ratis-thirdparty-misc-0.2.0.jar:0.2.0]
	at org.apache.ratis.thirdparty.io.grpc.internal.ServerImpl$JumpToApplicationThreadServerStreamListener$1MessagesAvailable.runInContext(ServerImpl.java:686) [ratis-thirdparty-misc-0.2.0.jar:0.2.0]
	at org.apache.ratis.thirdparty.io.grpc.internal.ContextRunnable.run(ContextRunnable.java:37) [ratis-thirdparty-misc-0.2.0.jar:0.2.0]
	at org.apache.ratis.thirdparty.io.grpc.internal.SerializingExecutor.run(SerializingExecutor.java:123) [ratis-thirdparty-misc-0.2.0.jar:0.2.0]
	at java.util.concurrent.ThreadPoolExecutor.runWorker(ThreadPoolExecutor.java:1149) [?:1.8.0_212]
	at java.util.concurrent.ThreadPoolExecutor$Worker.run(ThreadPoolExecutor.java:624) [?:1.8.0_212]
	at java.lang.Thread.run(Thread.java:748) [?:1.8.0_212]
2019-07-13 16:36:29,682 INFO  client.GrpcClientProtocolClient (GrpcClientProtocolClient.java:onNext(255)) - client-5FC3BEB185E3->b1698c79-6c1e-4696-b1c8-e50474debd09: receive RaftClientReply:client-5FC3BEB185E3->b1698c79-6c1e-4696-b1c8-e50474debd09@group-F8FA5917D36E, cid=241, FAILED org.apache.ratis.protocol.StateMachineException: org.apache.hadoop.hdds.scm.container.common.helpers.ContainerNotOpenException from Server b1698c79-6c1e-4696-b1c8-e50474debd09: Container 1 in CLOSED state, logIndex=0, commits[b1698c79-6c1e-4696-b1c8-e50474debd09:c18, 2e16940d-77b0-406b-ab4f-aeb5a35dc975:c17, 5e4e48d9-7c0e-4eee-bd59-3427149a0d7c:c17]
2019-07-13 16:36:29,831 INFO  client.GrpcClientProtocolClient (GrpcClientProtocolClient.java:onNext(255)) - client-AA9691C789D8->a5f89e50-d2fe-4554-884e-b37dd0441734: receive RaftClientReply:client-AA9691C789D8->a5f89e50-d2fe-4554-884e-b37dd0441734@group-CE77E5FC2FCC, cid=242, SUCCESS, logIndex=1, commits[a5f89e50-d2fe-4554-884e-b37dd0441734:c1, 742e875a-ad32-4ced-857e-d968cc0b4574:c0, 8be3c74b-a425-4f91-859e-d13726acc04f:c0]
2019-07-13 16:36:29,860 INFO  client.GrpcClientProtocolClient (GrpcClientProtocolClient.java:onNext(255)) - client-AA9691C789D8->a5f89e50-d2fe-4554-884e-b37dd0441734: receive RaftClientReply:client-AA9691C789D8->a5f89e50-d2fe-4554-884e-b37dd0441734@group-CE77E5FC2FCC, cid=243, SUCCESS, logIndex=3, commits[a5f89e50-d2fe-4554-884e-b37dd0441734:c4, 742e875a-ad32-4ced-857e-d968cc0b4574:c2, 8be3c74b-a425-4f91-859e-d13726acc04f:c2]
2019-07-13 16:36:29,898 INFO  client.GrpcClientProtocolClient (GrpcClientProtocolClient.java:onNext(255)) - client-AA9691C789D8->a5f89e50-d2fe-4554-884e-b37dd0441734: receive RaftClientReply:client-AA9691C789D8->a5f89e50-d2fe-4554-884e-b37dd0441734@group-CE77E5FC2FCC, cid=244, SUCCESS, logIndex=4, commits[a5f89e50-d2fe-4554-884e-b37dd0441734:c11, 742e875a-ad32-4ced-857e-d968cc0b4574:c7, 8be3c74b-a425-4f91-859e-d13726acc04f:c7]
2019-07-13 16:36:29,899 INFO  client.GrpcClientProtocolClient (GrpcClientProtocolClient.java:onNext(255)) - client-AA9691C789D8->a5f89e50-d2fe-4554-884e-b37dd0441734: receive RaftClientReply:client-AA9691C789D8->a5f89e50-d2fe-4554-884e-b37dd0441734@group-CE77E5FC2FCC, cid=245, SUCCESS, logIndex=5, commits[a5f89e50-d2fe-4554-884e-b37dd0441734:c11, 742e875a-ad32-4ced-857e-d968cc0b4574:c7, 8be3c74b-a425-4f91-859e-d13726acc04f:c7]
2019-07-13 16:36:29,899 INFO  client.GrpcClientProtocolClient (GrpcClientProtocolClient.java:onNext(255)) - client-AA9691C789D8->a5f89e50-d2fe-4554-884e-b37dd0441734: receive RaftClientReply:client-AA9691C789D8->a5f89e50-d2fe-4554-884e-b37dd0441734@group-CE77E5FC2FCC, cid=246, SUCCESS, logIndex=6, commits[a5f89e50-d2fe-4554-884e-b37dd0441734:c11, 742e875a-ad32-4ced-857e-d968cc0b4574:c7, 8be3c74b-a425-4f91-859e-d13726acc04f:c7]
2019-07-13 16:36:29,990 INFO  client.GrpcClientProtocolClient (GrpcClientProtocolClient.java:onNext(255)) - client-AA9691C789D8->a5f89e50-d2fe-4554-884e-b37dd0441734: receive RaftClientReply:client-AA9691C789D8->a5f89e50-d2fe-4554-884e-b37dd0441734@group-CE77E5FC2FCC, cid=247, SUCCESS, logIndex=7, commits[a5f89e50-d2fe-4554-884e-b37dd0441734:c11, 742e875a-ad32-4ced-857e-d968cc0b4574:c7, 8be3c74b-a425-4f91-859e-d13726acc04f:c7]
2019-07-13 16:36:29,999 INFO  client.GrpcClientProtocolClient (GrpcClientProtocolClient.java:onNext(255)) - client-AA9691C789D8->a5f89e50-d2fe-4554-884e-b37dd0441734: receive RaftClientReply:client-AA9691C789D8->a5f89e50-d2fe-4554-884e-b37dd0441734@group-CE77E5FC2FCC, cid=248, SUCCESS, logIndex=12, commits[a5f89e50-d2fe-4554-884e-b37dd0441734:c13, 742e875a-ad32-4ced-857e-d968cc0b4574:c11, 8be3c74b-a425-4f91-859e-d13726acc04f:c11]
2019-07-13 16:36:30,000 INFO  client.GrpcClientProtocolClient (GrpcClientProtocolClient.java:onNext(255)) - client-AA9691C789D8->a5f89e50-d2fe-4554-884e-b37dd0441734: receive RaftClientReply:client-AA9691C789D8->a5f89e50-d2fe-4554-884e-b37dd0441734@group-CE77E5FC2FCC, cid=249, SUCCESS, logIndex=13, commits[a5f89e50-d2fe-4554-884e-b37dd0441734:c13, 742e875a-ad32-4ced-857e-d968cc0b4574:c11, 8be3c74b-a425-4f91-859e-d13726acc04f:c11]
2019-07-13 16:36:30,015 INFO  client.GrpcClientProtocolClient (GrpcClientProtocolClient.java:onNext(255)) - client-AA9691C789D8->a5f89e50-d2fe-4554-884e-b37dd0441734: receive RaftClientReply:client-AA9691C789D8->a5f89e50-d2fe-4554-884e-b37dd0441734@group-CE77E5FC2FCC, cid=250, SUCCESS, logIndex=0, commits[a5f89e50-d2fe-4554-884e-b37dd0441734:c15, 742e875a-ad32-4ced-857e-d968cc0b4574:c13, 8be3c74b-a425-4f91-859e-d13726acc04f:c13]
2019-07-13 16:36:30,053 INFO  pipeline.Pipeline (Pipeline.java:getProtobufMessage(195)) - Serialize pipeline PipelineID=85ae8afa-4e9e-4030-817d-ce77e5fc2fcc with nodesInOrder{ }
2019-07-13 16:36:30,054 INFO  ozone.MiniOzoneClusterImpl (MiniOzoneClusterImpl.java:shutdown(321)) - Shutting down the Mini Ozone Cluster
2019-07-13 16:36:30,055 INFO  ozone.MiniOzoneClusterImpl (MiniOzoneClusterImpl.java:stop(336)) - Stopping the Mini Ozone Cluster
2019-07-13 16:36:30,055 INFO  ozone.MiniOzoneClusterImpl (MiniOzoneClusterImpl.java:stop(338)) - Stopping the OzoneManager
2019-07-13 16:36:30,055 INFO  ipc.Server (Server.java:stop(3082)) - Stopping server on 44385
2019-07-13 16:36:30,071 INFO  ipc.Server (Server.java:run(1185)) - Stopping IPC Server listener on 44385
2019-07-13 16:36:30,072 INFO  utils.BackgroundService (BackgroundService.java:shutdown(148)) - Shutting down service KeyDeletingService
2019-07-13 16:36:30,075 INFO  ipc.Server (Server.java:run(1319)) - Stopping IPC Server Responder
2019-07-13 16:36:30,099 INFO  handler.ContextHandler (ContextHandler.java:doStop(910)) - Stopped o.e.j.w.WebAppContext@274f51ad{/,null,UNAVAILABLE}{/ozoneManager}
2019-07-13 16:36:30,109 INFO  server.AbstractConnector (AbstractConnector.java:doStop(318)) - Stopped ServerConnector@33c976b1{HTTP/1.1,[http/1.1]}{0.0.0.0:0}
2019-07-13 16:36:30,110 INFO  handler.ContextHandler (ContextHandler.java:doStop(910)) - Stopped o.e.j.s.ServletContextHandler@7479b19a{/static,file:///tmp/workdir/hadoop-ozone/integration-test/target/test-classes/webapps/static,UNAVAILABLE}
2019-07-13 16:36:30,110 INFO  handler.ContextHandler (ContextHandler.java:doStop(910)) - Stopped o.e.j.s.ServletContextHandler@21bf94d3{/logs,file:///tmp/workdir/hadoop-ozone/integration-test/target/log,UNAVAILABLE}
2019-07-13 16:36:30,113 INFO  ozone.MiniOzoneClusterImpl (MiniOzoneClusterImpl.java:stop(344)) - Shutting the HddsDatanodes
2019-07-13 16:36:30,113 INFO  datanode.ObjectStoreHandler (ObjectStoreHandler.java:close(155)) - Closing ObjectStoreHandler.
2019-07-13 16:36:30,113 INFO  datanode.ObjectStoreHandler (ObjectStoreHandler.java:close(155)) - Closing ObjectStoreHandler.
2019-07-13 16:36:30,113 INFO  ozone.HddsDatanodeService (HddsDatanodeService.java:stop(452)) - Stopped plug-in org.apache.hadoop.ozone.web.OzoneHddsDatanodeService@6a1b51a7
2019-07-13 16:36:30,113 INFO  ozone.HddsDatanodeService (HddsDatanodeService.java:stop(452)) - Stopped plug-in org.apache.hadoop.ozone.web.OzoneHddsDatanodeService@30628ef9
2019-07-13 16:36:30,491 INFO  statemachine.DatanodeStateMachine (DatanodeStateMachine.java:lambda$startDaemon$0(350)) - Ozone container server started.
2019-07-13 16:36:30,815 INFO  statemachine.DatanodeStateMachine (DatanodeStateMachine.java:lambda$startDaemon$0(350)) - Ozone container server started.
2019-07-13 16:36:34,589 INFO  node.StaleNodeHandler (StaleNodeHandler.java:onMessage(58)) - Datanode b1698c79-6c1e-4696-b1c8-e50474debd09{ip: 192.168.5.187, host: trunk-nightly-z92hn-1831959607, networkLocation: /default-rack, certSerialId: null} moved to stale state. Finalizing its pipelines [PipelineID=5eb98c4e-7727-4c18-92df-f8fa5917d36e, PipelineID=31f313c6-df36-48ea-bdc6-ea87b489bf96]
2019-07-13 16:36:34,590 INFO  pipeline.SCMPipelineManager (SCMPipelineManager.java:finalizeAndDestroyPipeline(309)) - destroying pipeline:Pipeline[ Id: 5eb98c4e-7727-4c18-92df-f8fa5917d36e, Nodes: 2e16940d-77b0-406b-ab4f-aeb5a35dc975{ip: 192.168.5.187, host: trunk-nightly-z92hn-1831959607, networkLocation: /default-rack, certSerialId: null}b1698c79-6c1e-4696-b1c8-e50474debd09{ip: 192.168.5.187, host: trunk-nightly-z92hn-1831959607, networkLocation: /default-rack, certSerialId: null}5e4e48d9-7c0e-4eee-bd59-3427149a0d7c{ip: 192.168.5.187, host: trunk-nightly-z92hn-1831959607, networkLocation: /default-rack, certSerialId: null}, Type:RATIS, Factor:THREE, State:OPEN]
2019-07-13 16:36:34,590 INFO  pipeline.PipelineStateManager (PipelineStateManager.java:finalizePipeline(123)) - Pipeline Pipeline[ Id: 5eb98c4e-7727-4c18-92df-f8fa5917d36e, Nodes: 2e16940d-77b0-406b-ab4f-aeb5a35dc975{ip: 192.168.5.187, host: trunk-nightly-z92hn-1831959607, networkLocation: /default-rack, certSerialId: null}b1698c79-6c1e-4696-b1c8-e50474debd09{ip: 192.168.5.187, host: trunk-nightly-z92hn-1831959607, networkLocation: /default-rack, certSerialId: null}5e4e48d9-7c0e-4eee-bd59-3427149a0d7c{ip: 192.168.5.187, host: trunk-nightly-z92hn-1831959607, networkLocation: /default-rack, certSerialId: null}, Type:RATIS, Factor:THREE, State:CLOSED] moved to CLOSED state
2019-07-13 16:36:34,590 INFO  pipeline.SCMPipelineManager (SCMPipelineManager.java:finalizeAndDestroyPipeline(309)) - destroying pipeline:Pipeline[ Id: 31f313c6-df36-48ea-bdc6-ea87b489bf96, Nodes: b1698c79-6c1e-4696-b1c8-e50474debd09{ip: 192.168.5.187, host: trunk-nightly-z92hn-1831959607, networkLocation: /default-rack, certSerialId: null}, Type:RATIS, Factor:ONE, State:OPEN]
2019-07-13 16:36:34,590 INFO  pipeline.PipelineStateManager (PipelineStateManager.java:finalizePipeline(123)) - Pipeline Pipeline[ Id: 31f313c6-df36-48ea-bdc6-ea87b489bf96, Nodes: b1698c79-6c1e-4696-b1c8-e50474debd09{ip: 192.168.5.187, host: trunk-nightly-z92hn-1831959607, networkLocation: /default-rack, certSerialId: null}, Type:RATIS, Factor:ONE, State:CLOSED] moved to CLOSED state
2019-07-13 16:36:34,890 INFO  node.StaleNodeHandler (StaleNodeHandler.java:onMessage(58)) - Datanode 8be3c74b-a425-4f91-859e-d13726acc04f{ip: 192.168.5.187, host: trunk-nightly-z92hn-1831959607, networkLocation: /default-rack, certSerialId: null} moved to stale state. Finalizing its pipelines [PipelineID=85ae8afa-4e9e-4030-817d-ce77e5fc2fcc, PipelineID=cafde855-35e6-4e30-b0e1-876ad0d03393]
2019-07-13 16:36:34,890 INFO  pipeline.SCMPipelineManager (SCMPipelineManager.java:finalizeAndDestroyPipeline(309)) - destroying pipeline:Pipeline[ Id: 85ae8afa-4e9e-4030-817d-ce77e5fc2fcc, Nodes: a5f89e50-d2fe-4554-884e-b37dd0441734{ip: 192.168.5.187, host: trunk-nightly-z92hn-1831959607, networkLocation: /default-rack, certSerialId: null}742e875a-ad32-4ced-857e-d968cc0b4574{ip: 192.168.5.187, host: trunk-nightly-z92hn-1831959607, networkLocation: /default-rack, certSerialId: null}8be3c74b-a425-4f91-859e-d13726acc04f{ip: 192.168.5.187, host: trunk-nightly-z92hn-1831959607, networkLocation: /default-rack, certSerialId: null}, Type:RATIS, Factor:THREE, State:OPEN]
2019-07-13 16:36:34,890 INFO  pipeline.PipelineStateManager (PipelineStateManager.java:finalizePipeline(123)) - Pipeline Pipeline[ Id: 85ae8afa-4e9e-4030-817d-ce77e5fc2fcc, Nodes: a5f89e50-d2fe-4554-884e-b37dd0441734{ip: 192.168.5.187, host: trunk-nightly-z92hn-1831959607, networkLocation: /default-rack, certSerialId: null}742e875a-ad32-4ced-857e-d968cc0b4574{ip: 192.168.5.187, host: trunk-nightly-z92hn-1831959607, networkLocation: /default-rack, certSerialId: null}8be3c74b-a425-4f91-859e-d13726acc04f{ip: 192.168.5.187, host: trunk-nightly-z92hn-1831959607, networkLocation: /default-rack, certSerialId: null}, Type:RATIS, Factor:THREE, State:CLOSED] moved to CLOSED state
2019-07-13 16:36:34,890 INFO  container.CloseContainerEventHandler (CloseContainerEventHandler.java:onMessage(61)) - Close container Event triggered for container : #2
2019-07-13 16:36:34,890 INFO  pipeline.SCMPipelineManager (SCMPipelineManager.java:finalizeAndDestroyPipeline(309)) - destroying pipeline:Pipeline[ Id: cafde855-35e6-4e30-b0e1-876ad0d03393, Nodes: 8be3c74b-a425-4f91-859e-d13726acc04f{ip: 192.168.5.187, host: trunk-nightly-z92hn-1831959607, networkLocation: /default-rack, certSerialId: null}, Type:RATIS, Factor:ONE, State:OPEN]
2019-07-13 16:36:34,891 INFO  pipeline.PipelineStateManager (PipelineStateManager.java:finalizePipeline(123)) - Pipeline Pipeline[ Id: cafde855-35e6-4e30-b0e1-876ad0d03393, Nodes: 8be3c74b-a425-4f91-859e-d13726acc04f{ip: 192.168.5.187, host: trunk-nightly-z92hn-1831959607, networkLocation: /default-rack, certSerialId: null}, Type:RATIS, Factor:ONE, State:CLOSED] moved to CLOSED state
2019-07-13 16:36:35,117 INFO  ozoneimpl.OzoneContainer (OzoneContainer.java:stop(199)) - Attempting to stop container services.
2019-07-13 16:36:35,117 INFO  ozoneimpl.OzoneContainer (OzoneContainer.java:stop(199)) - Attempting to stop container services.
2019-07-13 16:36:35,117 INFO  impl.RaftServerProxy (RaftServerProxy.java:lambda$close$4(314)) - b1698c79-6c1e-4696-b1c8-e50474debd09: close
2019-07-13 16:36:35,118 INFO  impl.RaftServerProxy (RaftServerProxy.java:lambda$close$4(314)) - 8be3c74b-a425-4f91-859e-d13726acc04f: close
2019-07-13 16:36:35,118 INFO  impl.RaftServerImpl (RaftServerImpl.java:lambda$shutdown$3(245)) - b1698c79-6c1e-4696-b1c8-e50474debd09: shutdown group-F8FA5917D36E
2019-07-13 16:36:35,118 INFO  impl.RaftServerImpl (RaftServerImpl.java:lambda$shutdown$3(245)) - 8be3c74b-a425-4f91-859e-d13726acc04f: shutdown group-CE77E5FC2FCC
2019-07-13 16:36:35,119 INFO  util.JmxRegister (JmxRegister.java:unregister(73)) - Successfully un-registered JMX Bean with object name Ratis:service=RaftServer,group=group-F8FA5917D36E,id=b1698c79-6c1e-4696-b1c8-e50474debd09
2019-07-13 16:36:35,119 INFO  util.JmxRegister (JmxRegister.java:unregister(73)) - Successfully un-registered JMX Bean with object name Ratis:service=RaftServer,group=group-CE77E5FC2FCC,id=8be3c74b-a425-4f91-859e-d13726acc04f
2019-07-13 16:36:35,120 INFO  impl.RoleInfo (RoleInfo.java:shutdownFollowerState(121)) - 8be3c74b-a425-4f91-859e-d13726acc04f: shutdown FollowerState
2019-07-13 16:36:35,120 INFO  impl.StateMachineUpdater (StateMachineUpdater.java:stopAndJoin(115)) - StateMachineUpdater:8be3c74b-a425-4f91-859e-d13726acc04f:group-CE77E5FC2FCC: set stopIndex = 15
2019-07-13 16:36:35,119 INFO  impl.RoleInfo (RoleInfo.java:shutdownLeaderState(104)) - b1698c79-6c1e-4696-b1c8-e50474debd09: shutdown LeaderState
2019-07-13 16:36:35,120 INFO  impl.FollowerState (FollowerState.java:run(114)) - 8be3c74b-a425-4f91-859e-d13726acc04f: FollowerState was interrupted: java.lang.InterruptedException: sleep interrupted
2019-07-13 16:36:35,126 INFO  impl.PendingRequests (PendingRequests.java:sendNotLeaderResponses(202)) - b1698c79-6c1e-4696-b1c8-e50474debd09-PendingRequests: sendNotLeaderResponses
2019-07-13 16:36:35,120 INFO  ratis.ContainerStateMachine (ContainerStateMachine.java:takeSnapshot(246)) - Taking snapshot at termIndex:(t:1, i:13)
2019-07-13 16:36:35,129 INFO  ratis.ContainerStateMachine (ContainerStateMachine.java:takeSnapshot(250)) - Taking a snapshot to file /tmp/workdir/hadoop-ozone/integration-test/target/test-dir/MiniOzoneClusterImpl-8a4f94c6-6d05-4673-8985-c7ce61029340/datanode-4/data/ratis/85ae8afa-4e9e-4030-817d-ce77e5fc2fcc/sm/snapshot.1_13
2019-07-13 16:36:35,129 INFO  impl.StateMachineUpdater (StateMachineUpdater.java:stopAndJoin(115)) - StateMachineUpdater:b1698c79-6c1e-4696-b1c8-e50474debd09:group-F8FA5917D36E: set stopIndex = 18
2019-07-13 16:36:35,126 WARN  server.GrpcLogAppender (GrpcLogAppender.java:mayWait(143)) - GrpcLogAppender(b1698c79-6c1e-4696-b1c8-e50474debd09->5e4e48d9-7c0e-4eee-bd59-3427149a0d7c): Wait interrupted by java.lang.InterruptedException
2019-07-13 16:36:35,126 WARN  server.GrpcLogAppender (GrpcLogAppender.java:mayWait(143)) - GrpcLogAppender(b1698c79-6c1e-4696-b1c8-e50474debd09->2e16940d-77b0-406b-ab4f-aeb5a35dc975): Wait interrupted by java.lang.InterruptedException
2019-07-13 16:36:35,129 INFO  impl.StateMachineUpdater (StateMachineUpdater.java:takeSnapshot(242)) - StateMachineUpdater:8be3c74b-a425-4f91-859e-d13726acc04f:group-CE77E5FC2FCC: Took a snapshot at index 13
2019-07-13 16:36:35,130 INFO  server.GrpcServerProtocolService (GrpcServerProtocolService.java:onCompleted(104)) - 5e4e48d9-7c0e-4eee-bd59-3427149a0d7c: appendEntries completed
2019-07-13 16:36:35,129 INFO  ratis.ContainerStateMachine (ContainerStateMachine.java:takeSnapshot(246)) - Taking snapshot at termIndex:(t:3, i:18)
2019-07-13 16:36:35,130 INFO  server.GrpcServerProtocolService (GrpcServerProtocolService.java:onCompleted(104)) - 2e16940d-77b0-406b-ab4f-aeb5a35dc975: appendEntries completed
2019-07-13 16:36:35,130 INFO  impl.StateMachineUpdater (StateMachineUpdater.java:lambda$new$0(80)) - StateMachineUpdater:8be3c74b-a425-4f91-859e-d13726acc04f:group-CE77E5FC2FCC: snapshotIndex: updateIncreasingly -1 -> 13
2019-07-13 16:36:35,130 INFO  server.GrpcLogAppender (GrpcLogAppender.java:onCompleted(292)) - b1698c79-6c1e-4696-b1c8-e50474debd09->5e4e48d9-7c0e-4eee-bd59-3427149a0d7c: follower responses appendEntries COMPLETED
2019-07-13 16:36:35,136 INFO  server.GrpcLogAppender (GrpcLogAppender.java:onCompleted(292)) - b1698c79-6c1e-4696-b1c8-e50474debd09->2e16940d-77b0-406b-ab4f-aeb5a35dc975: follower responses appendEntries COMPLETED
2019-07-13 16:36:35,130 INFO  ratis.ContainerStateMachine (ContainerStateMachine.java:takeSnapshot(250)) - Taking a snapshot to file /tmp/workdir/hadoop-ozone/integration-test/target/test-dir/MiniOzoneClusterImpl-8a4f94c6-6d05-4673-8985-c7ce61029340/datanode-1/data/ratis/5eb98c4e-7727-4c18-92df-f8fa5917d36e/sm/snapshot.3_18
2019-07-13 16:36:35,136 INFO  impl.FollowerInfo (FollowerInfo.java:lambda$new$0(50)) - b1698c79-6c1e-4696-b1c8-e50474debd09->2e16940d-77b0-406b-ab4f-aeb5a35dc975: nextIndex: updateUnconditionally 19 -> 18
2019-07-13 16:36:35,136 INFO  impl.FollowerInfo (FollowerInfo.java:lambda$new$0(50)) - b1698c79-6c1e-4696-b1c8-e50474debd09->5e4e48d9-7c0e-4eee-bd59-3427149a0d7c: nextIndex: updateUnconditionally 19 -> 18
2019-07-13 16:36:35,136 INFO  impl.RaftServerImpl (ServerState.java:close(394)) - 8be3c74b-a425-4f91-859e-d13726acc04f:group-CE77E5FC2FCC closes. The last applied log index is 15
2019-07-13 16:36:35,138 INFO  segmented.SegmentedRaftLogWorker (SegmentedRaftLogWorker.java:run(313)) - 8be3c74b-a425-4f91-859e-d13726acc04f-SegmentedRaftLogWorker:Storage Directory /tmp/workdir/hadoop-ozone/integration-test/target/test-dir/MiniOzoneClusterImpl-8a4f94c6-6d05-4673-8985-c7ce61029340/datanode-4/data/ratis/85ae8afa-4e9e-4030-817d-ce77e5fc2fcc was interrupted, exiting. There are 0 tasks remaining in the queue.
2019-07-13 16:36:35,141 INFO  segmented.SegmentedRaftLogWorker (SegmentedRaftLogWorker.java:close(228)) - 8be3c74b-a425-4f91-859e-d13726acc04f-SegmentedRaftLogWorker:Storage Directory /tmp/workdir/hadoop-ozone/integration-test/target/test-dir/MiniOzoneClusterImpl-8a4f94c6-6d05-4673-8985-c7ce61029340/datanode-4/data/ratis/85ae8afa-4e9e-4030-817d-ce77e5fc2fcc close()
2019-07-13 16:36:35,141 INFO  impl.StateMachineUpdater (StateMachineUpdater.java:takeSnapshot(242)) - StateMachineUpdater:b1698c79-6c1e-4696-b1c8-e50474debd09:group-F8FA5917D36E: Took a snapshot at index 18
2019-07-13 16:36:35,147 INFO  impl.RaftServerImpl (RaftServerImpl.java:lambda$shutdown$3(245)) - 8be3c74b-a425-4f91-859e-d13726acc04f: shutdown group-876AD0D03393
2019-07-13 16:36:35,147 INFO  impl.StateMachineUpdater (StateMachineUpdater.java:lambda$new$0(80)) - StateMachineUpdater:b1698c79-6c1e-4696-b1c8-e50474debd09:group-F8FA5917D36E: snapshotIndex: updateIncreasingly -1 -> 18
2019-07-13 16:36:35,147 INFO  util.JmxRegister (JmxRegister.java:unregister(73)) - Successfully un-registered JMX Bean with object name Ratis:service=RaftServer,group=group-876AD0D03393,id=8be3c74b-a425-4f91-859e-d13726acc04f
2019-07-13 16:36:35,148 INFO  impl.RoleInfo (RoleInfo.java:shutdownLeaderState(104)) - 8be3c74b-a425-4f91-859e-d13726acc04f: shutdown LeaderState
2019-07-13 16:36:35,148 INFO  impl.RaftServerImpl (ServerState.java:close(394)) - b1698c79-6c1e-4696-b1c8-e50474debd09:group-F8FA5917D36E closes. The last applied log index is 18
2019-07-13 16:36:35,148 INFO  impl.PendingRequests (PendingRequests.java:sendNotLeaderResponses(202)) - 8be3c74b-a425-4f91-859e-d13726acc04f-PendingRequests: sendNotLeaderResponses
2019-07-13 16:36:35,149 INFO  segmented.SegmentedRaftLogWorker (SegmentedRaftLogWorker.java:run(313)) - b1698c79-6c1e-4696-b1c8-e50474debd09-SegmentedRaftLogWorker:Storage Directory /tmp/workdir/hadoop-ozone/integration-test/target/test-dir/MiniOzoneClusterImpl-8a4f94c6-6d05-4673-8985-c7ce61029340/datanode-1/data/ratis/5eb98c4e-7727-4c18-92df-f8fa5917d36e was interrupted, exiting. There are 0 tasks remaining in the queue.
2019-07-13 16:36:35,149 INFO  impl.StateMachineUpdater (StateMachineUpdater.java:stopAndJoin(115)) - StateMachineUpdater:8be3c74b-a425-4f91-859e-d13726acc04f:group-876AD0D03393: set stopIndex = 0
2019-07-13 16:36:35,152 INFO  segmented.SegmentedRaftLogWorker (SegmentedRaftLogWorker.java:close(228)) - b1698c79-6c1e-4696-b1c8-e50474debd09-SegmentedRaftLogWorker:Storage Directory /tmp/workdir/hadoop-ozone/integration-test/target/test-dir/MiniOzoneClusterImpl-8a4f94c6-6d05-4673-8985-c7ce61029340/datanode-1/data/ratis/5eb98c4e-7727-4c18-92df-f8fa5917d36e close()
2019-07-13 16:36:35,149 INFO  ratis.ContainerStateMachine (ContainerStateMachine.java:takeSnapshot(246)) - Taking snapshot at termIndex:(t:0, i:~)
2019-07-13 16:36:35,157 INFO  impl.RaftServerImpl (RaftServerImpl.java:lambda$shutdown$3(245)) - b1698c79-6c1e-4696-b1c8-e50474debd09: shutdown group-EA87B489BF96
2019-07-13 16:36:35,157 INFO  impl.RaftServerImpl (ServerState.java:close(394)) - 8be3c74b-a425-4f91-859e-d13726acc04f:group-876AD0D03393 closes. The last applied log index is 0
2019-07-13 16:36:35,157 INFO  util.JmxRegister (JmxRegister.java:unregister(73)) - Successfully un-registered JMX Bean with object name Ratis:service=RaftServer,group=group-EA87B489BF96,id=b1698c79-6c1e-4696-b1c8-e50474debd09
2019-07-13 16:36:35,158 INFO  segmented.SegmentedRaftLogWorker (SegmentedRaftLogWorker.java:run(313)) - 8be3c74b-a425-4f91-859e-d13726acc04f-SegmentedRaftLogWorker:Storage Directory /tmp/workdir/hadoop-ozone/integration-test/target/test-dir/MiniOzoneClusterImpl-8a4f94c6-6d05-4673-8985-c7ce61029340/datanode-4/data/ratis/cafde855-35e6-4e30-b0e1-876ad0d03393 was interrupted, exiting. There are 0 tasks remaining in the queue.
2019-07-13 16:36:35,158 INFO  impl.RoleInfo (RoleInfo.java:shutdownLeaderState(104)) - b1698c79-6c1e-4696-b1c8-e50474debd09: shutdown LeaderState
2019-07-13 16:36:35,161 INFO  segmented.SegmentedRaftLogWorker (SegmentedRaftLogWorker.java:close(228)) - 8be3c74b-a425-4f91-859e-d13726acc04f-SegmentedRaftLogWorker:Storage Directory /tmp/workdir/hadoop-ozone/integration-test/target/test-dir/MiniOzoneClusterImpl-8a4f94c6-6d05-4673-8985-c7ce61029340/datanode-4/data/ratis/cafde855-35e6-4e30-b0e1-876ad0d03393 close()
2019-07-13 16:36:35,161 INFO  impl.PendingRequests (PendingRequests.java:sendNotLeaderResponses(202)) - b1698c79-6c1e-4696-b1c8-e50474debd09-PendingRequests: sendNotLeaderResponses
2019-07-13 16:36:35,166 INFO  server.GrpcService (GrpcService.java:closeImpl(155)) - 8be3c74b-a425-4f91-859e-d13726acc04f: shutdown server with port 39626 now
2019-07-13 16:36:35,166 INFO  ratis.ContainerStateMachine (ContainerStateMachine.java:takeSnapshot(246)) - Taking snapshot at termIndex:(t:0, i:~)
2019-07-13 16:36:35,166 INFO  impl.StateMachineUpdater (StateMachineUpdater.java:stopAndJoin(115)) - StateMachineUpdater:b1698c79-6c1e-4696-b1c8-e50474debd09:group-EA87B489BF96: set stopIndex = 0
2019-07-13 16:36:35,167 INFO  impl.RaftServerImpl (ServerState.java:close(394)) - b1698c79-6c1e-4696-b1c8-e50474debd09:group-EA87B489BF96 closes. The last applied log index is 0
2019-07-13 16:36:35,167 WARN  server.GrpcServerProtocolService (LogUtils.java:warn(134)) - 8be3c74b-a425-4f91-859e-d13726acc04f: appendEntries onError: org.apache.ratis.thirdparty.io.grpc.StatusRuntimeException: CANCELLED: cancelled before receiving half close
2019-07-13 16:36:35,170 INFO  segmented.SegmentedRaftLogWorker (SegmentedRaftLogWorker.java:run(313)) - b1698c79-6c1e-4696-b1c8-e50474debd09-SegmentedRaftLogWorker:Storage Directory /tmp/workdir/hadoop-ozone/integration-test/target/test-dir/MiniOzoneClusterImpl-8a4f94c6-6d05-4673-8985-c7ce61029340/datanode-1/data/ratis/31f313c6-df36-48ea-bdc6-ea87b489bf96 was interrupted, exiting. There are 0 tasks remaining in the queue.
2019-07-13 16:36:35,170 INFO  server.GrpcService (GrpcService.java:closeImpl(163)) - 8be3c74b-a425-4f91-859e-d13726acc04f: shutdown server with port 39626 successfully
2019-07-13 16:36:35,173 INFO  segmented.SegmentedRaftLogWorker (SegmentedRaftLogWorker.java:close(228)) - b1698c79-6c1e-4696-b1c8-e50474debd09-SegmentedRaftLogWorker:Storage Directory /tmp/workdir/hadoop-ozone/integration-test/target/test-dir/MiniOzoneClusterImpl-8a4f94c6-6d05-4673-8985-c7ce61029340/datanode-1/data/ratis/31f313c6-df36-48ea-bdc6-ea87b489bf96 close()
2019-07-13 16:36:35,170 WARN  server.GrpcLogAppender (LogUtils.java:warn(134)) - a5f89e50-d2fe-4554-884e-b37dd0441734->8be3c74b-a425-4f91-859e-d13726acc04f: Failed appendEntries: org.apache.ratis.thirdparty.io.grpc.StatusRuntimeException: CANCELLED: HTTP/2 error code: CANCEL
Received Rst Stream
2019-07-13 16:36:35,180 INFO  server.GrpcService (GrpcService.java:closeImpl(155)) - b1698c79-6c1e-4696-b1c8-e50474debd09: shutdown server with port 37212 now
2019-07-13 16:36:35,180 INFO  impl.FollowerInfo (FollowerInfo.java:lambda$new$0(50)) - a5f89e50-d2fe-4554-884e-b37dd0441734->8be3c74b-a425-4f91-859e-d13726acc04f: nextIndex: updateUnconditionally 16 -> 15
2019-07-13 16:36:35,180 INFO  server.GrpcService (GrpcService.java:closeImpl(163)) - b1698c79-6c1e-4696-b1c8-e50474debd09: shutdown server with port 37212 successfully
2019-07-13 16:36:35,180 WARN  client.GrpcClientProtocolService (LogUtils.java:warn(134)) - 3-UnorderedRequestStreamObserver3: onError: org.apache.ratis.thirdparty.io.grpc.StatusRuntimeException: CANCELLED: cancelled before receiving half close
2019-07-13 16:36:35,185 INFO  utils.BackgroundService (BackgroundService.java:shutdown(148)) - Shutting down service BlockDeletingService
2019-07-13 16:36:35,191 INFO  utils.BackgroundService (BackgroundService.java:shutdown(148)) - Shutting down service BlockDeletingService
2019-07-13 16:36:35,191 WARN  fs.CachingGetSpaceUsed (CachingGetSpaceUsed.java:run(183)) - Thread Interrupted waiting to refresh disk information: sleep interrupted
2019-07-13 16:36:35,194 WARN  fs.CachingGetSpaceUsed (CachingGetSpaceUsed.java:run(183)) - Thread Interrupted waiting to refresh disk information: sleep interrupted
2019-07-13 16:36:35,396 INFO  statemachine.DatanodeStateMachine (DatanodeStateMachine.java:stopDaemon(395)) - Ozone container server stopped.
2019-07-13 16:36:35,408 INFO  handler.ContextHandler (ContextHandler.java:doStop(910)) - Stopped o.e.j.w.WebAppContext@26c6be2d{/,null,UNAVAILABLE}{/hddsDatanode}
2019-07-13 16:36:35,409 INFO  server.AbstractConnector (AbstractConnector.java:doStop(318)) - Stopped ServerConnector@796affb8{HTTP/1.1,[http/1.1]}{0.0.0.0:0}
2019-07-13 16:36:35,411 INFO  handler.ContextHandler (ContextHandler.java:doStop(910)) - Stopped o.e.j.s.ServletContextHandler@23f4aaeb{/static,jar:file:/home/user/.m2/repository/org/apache/hadoop/hadoop-hdds-container-service/0.5.0-SNAPSHOT/hadoop-hdds-container-service-0.5.0-SNAPSHOT.jar!/webapps/static,UNAVAILABLE}
2019-07-13 16:36:35,413 INFO  handler.ContextHandler (ContextHandler.java:doStop(910)) - Stopped o.e.j.s.ServletContextHandler@32bff23d{/logs,file:///tmp/workdir/hadoop-ozone/integration-test/target/log,UNAVAILABLE}
2019-07-13 16:36:35,433 INFO  datanode.ObjectStoreHandler (ObjectStoreHandler.java:close(155)) - Closing ObjectStoreHandler.
2019-07-13 16:36:35,465 INFO  ozone.HddsDatanodeService (HddsDatanodeService.java:stop(452)) - Stopped plug-in org.apache.hadoop.ozone.web.OzoneHddsDatanodeService@1a288163
2019-07-13 16:36:35,481 INFO  statemachine.DatanodeStateMachine (DatanodeStateMachine.java:stopDaemon(395)) - Ozone container server stopped.
2019-07-13 16:36:35,482 INFO  handler.ContextHandler (ContextHandler.java:doStop(910)) - Stopped o.e.j.w.WebAppContext@1fdc2d45{/,null,UNAVAILABLE}{/hddsDatanode}
2019-07-13 16:36:35,483 INFO  server.AbstractConnector (AbstractConnector.java:doStop(318)) - Stopped ServerConnector@65fc2639{HTTP/1.1,[http/1.1]}{0.0.0.0:0}
2019-07-13 16:36:35,483 INFO  handler.ContextHandler (ContextHandler.java:doStop(910)) - Stopped o.e.j.s.ServletContextHandler@12aa9370{/static,jar:file:/home/user/.m2/repository/org/apache/hadoop/hadoop-hdds-container-service/0.5.0-SNAPSHOT/hadoop-hdds-container-service-0.5.0-SNAPSHOT.jar!/webapps/static,UNAVAILABLE}
2019-07-13 16:36:35,484 INFO  handler.ContextHandler (ContextHandler.java:doStop(910)) - Stopped o.e.j.s.ServletContextHandler@5fb7b227{/logs,file:///tmp/workdir/hadoop-ozone/integration-test/target/log,UNAVAILABLE}
2019-07-13 16:36:35,485 INFO  datanode.ObjectStoreHandler (ObjectStoreHandler.java:close(155)) - Closing ObjectStoreHandler.
2019-07-13 16:36:35,485 INFO  ozone.HddsDatanodeService (HddsDatanodeService.java:stop(452)) - Stopped plug-in org.apache.hadoop.ozone.web.OzoneHddsDatanodeService@2779acb2
2019-07-13 16:36:35,509 INFO  statemachine.DatanodeStateMachine (DatanodeStateMachine.java:lambda$startDaemon$0(350)) - Ozone container server started.
2019-07-13 16:36:35,799 INFO  statemachine.DatanodeStateMachine (DatanodeStateMachine.java:lambda$startDaemon$0(350)) - Ozone container server started.
2019-07-13 16:36:37,521 WARN  server.GrpcLogAppender (LogUtils.java:warn(134)) - a5f89e50-d2fe-4554-884e-b37dd0441734->8be3c74b-a425-4f91-859e-d13726acc04f: Failed appendEntries: org.apache.ratis.thirdparty.io.grpc.StatusRuntimeException: UNAVAILABLE: io exception
2019-07-13 16:36:37,521 INFO  impl.FollowerInfo (FollowerInfo.java:lambda$new$0(50)) - a5f89e50-d2fe-4554-884e-b37dd0441734->8be3c74b-a425-4f91-859e-d13726acc04f: nextIndex: updateUnconditionally 15 -> 14
2019-07-13 16:36:39,593 INFO  node.StaleNodeHandler (StaleNodeHandler.java:onMessage(58)) - Datanode 5e4e48d9-7c0e-4eee-bd59-3427149a0d7c{ip: 192.168.5.187, host: trunk-nightly-z92hn-1831959607, networkLocation: /default-rack, certSerialId: null} moved to stale state. Finalizing its pipelines [PipelineID=1ffcb854-9967-4c38-a604-162cdbd7f019, PipelineID=5eb98c4e-7727-4c18-92df-f8fa5917d36e]
2019-07-13 16:36:39,593 INFO  pipeline.SCMPipelineManager (SCMPipelineManager.java:finalizeAndDestroyPipeline(309)) - destroying pipeline:Pipeline[ Id: 1ffcb854-9967-4c38-a604-162cdbd7f019, Nodes: 5e4e48d9-7c0e-4eee-bd59-3427149a0d7c{ip: 192.168.5.187, host: trunk-nightly-z92hn-1831959607, networkLocation: /default-rack, certSerialId: null}, Type:RATIS, Factor:ONE, State:OPEN]
2019-07-13 16:36:39,594 INFO  pipeline.PipelineStateManager (PipelineStateManager.java:finalizePipeline(123)) - Pipeline Pipeline[ Id: 1ffcb854-9967-4c38-a604-162cdbd7f019, Nodes: 5e4e48d9-7c0e-4eee-bd59-3427149a0d7c{ip: 192.168.5.187, host: trunk-nightly-z92hn-1831959607, networkLocation: /default-rack, certSerialId: null}, Type:RATIS, Factor:ONE, State:CLOSED] moved to CLOSED state
2019-07-13 16:36:39,594 INFO  pipeline.SCMPipelineManager (SCMPipelineManager.java:finalizeAndDestroyPipeline(309)) - destroying pipeline:Pipeline[ Id: 5eb98c4e-7727-4c18-92df-f8fa5917d36e, Nodes: 2e16940d-77b0-406b-ab4f-aeb5a35dc975{ip: 192.168.5.187, host: trunk-nightly-z92hn-1831959607, networkLocation: /default-rack, certSerialId: null}b1698c79-6c1e-4696-b1c8-e50474debd09{ip: 192.168.5.187, host: trunk-nightly-z92hn-1831959607, networkLocation: /default-rack, certSerialId: null}5e4e48d9-7c0e-4eee-bd59-3427149a0d7c{ip: 192.168.5.187, host: trunk-nightly-z92hn-1831959607, networkLocation: /default-rack, certSerialId: null}, Type:RATIS, Factor:THREE, State:CLOSED]
2019-07-13 16:36:39,893 INFO  node.StaleNodeHandler (StaleNodeHandler.java:onMessage(58)) - Datanode a5f89e50-d2fe-4554-884e-b37dd0441734{ip: 192.168.5.187, host: trunk-nightly-z92hn-1831959607, networkLocation: /default-rack, certSerialId: null} moved to stale state. Finalizing its pipelines [PipelineID=85ae8afa-4e9e-4030-817d-ce77e5fc2fcc, PipelineID=6515a22e-9ad7-4cfb-8281-8f8d71072b38]
2019-07-13 16:36:39,894 INFO  pipeline.SCMPipelineManager (SCMPipelineManager.java:finalizeAndDestroyPipeline(309)) - destroying pipeline:Pipeline[ Id: 85ae8afa-4e9e-4030-817d-ce77e5fc2fcc, Nodes: a5f89e50-d2fe-4554-884e-b37dd0441734{ip: 192.168.5.187, host: trunk-nightly-z92hn-1831959607, networkLocation: /default-rack, certSerialId: null}742e875a-ad32-4ced-857e-d968cc0b4574{ip: 192.168.5.187, host: trunk-nightly-z92hn-1831959607, networkLocation: /default-rack, certSerialId: null}8be3c74b-a425-4f91-859e-d13726acc04f{ip: 192.168.5.187, host: trunk-nightly-z92hn-1831959607, networkLocation: /default-rack, certSerialId: null}, Type:RATIS, Factor:THREE, State:CLOSED]
2019-07-13 16:36:39,894 INFO  pipeline.SCMPipelineManager (SCMPipelineManager.java:finalizeAndDestroyPipeline(309)) - destroying pipeline:Pipeline[ Id: 6515a22e-9ad7-4cfb-8281-8f8d71072b38, Nodes: a5f89e50-d2fe-4554-884e-b37dd0441734{ip: 192.168.5.187, host: trunk-nightly-z92hn-1831959607, networkLocation: /default-rack, certSerialId: null}, Type:RATIS, Factor:ONE, State:OPEN]
2019-07-13 16:36:39,894 INFO  pipeline.PipelineStateManager (PipelineStateManager.java:finalizePipeline(123)) - Pipeline Pipeline[ Id: 6515a22e-9ad7-4cfb-8281-8f8d71072b38, Nodes: a5f89e50-d2fe-4554-884e-b37dd0441734{ip: 192.168.5.187, host: trunk-nightly-z92hn-1831959607, networkLocation: /default-rack, certSerialId: null}, Type:RATIS, Factor:ONE, State:CLOSED] moved to CLOSED state
2019-07-13 16:36:40,021 WARN  server.GrpcLogAppender (LogUtils.java:warn(134)) - a5f89e50-d2fe-4554-884e-b37dd0441734->8be3c74b-a425-4f91-859e-d13726acc04f: Failed appendEntries: org.apache.ratis.thirdparty.io.grpc.StatusRuntimeException: UNAVAILABLE: io exception
2019-07-13 16:36:40,021 INFO  impl.FollowerInfo (FollowerInfo.java:lambda$new$0(50)) - a5f89e50-d2fe-4554-884e-b37dd0441734->8be3c74b-a425-4f91-859e-d13726acc04f: nextIndex: updateUnconditionally 14 -> 13
2019-07-13 16:36:40,468 INFO  ozoneimpl.OzoneContainer (OzoneContainer.java:stop(199)) - Attempting to stop container services.
2019-07-13 16:36:40,468 INFO  impl.RaftServerProxy (RaftServerProxy.java:lambda$close$4(314)) - 5e4e48d9-7c0e-4eee-bd59-3427149a0d7c: close
2019-07-13 16:36:40,469 INFO  impl.RaftServerImpl (RaftServerImpl.java:lambda$shutdown$3(245)) - 5e4e48d9-7c0e-4eee-bd59-3427149a0d7c: shutdown group-162CDBD7F019
2019-07-13 16:36:40,469 INFO  util.JmxRegister (JmxRegister.java:unregister(73)) - Successfully un-registered JMX Bean with object name Ratis:service=RaftServer,group=group-162CDBD7F019,id=5e4e48d9-7c0e-4eee-bd59-3427149a0d7c
2019-07-13 16:36:40,469 INFO  impl.RoleInfo (RoleInfo.java:shutdownLeaderState(104)) - 5e4e48d9-7c0e-4eee-bd59-3427149a0d7c: shutdown LeaderState
2019-07-13 16:36:40,470 INFO  impl.PendingRequests (PendingRequests.java:sendNotLeaderResponses(202)) - 5e4e48d9-7c0e-4eee-bd59-3427149a0d7c-PendingRequests: sendNotLeaderResponses
2019-07-13 16:36:40,470 INFO  impl.StateMachineUpdater (StateMachineUpdater.java:stopAndJoin(115)) - StateMachineUpdater:5e4e48d9-7c0e-4eee-bd59-3427149a0d7c:group-162CDBD7F019: set stopIndex = 0
2019-07-13 16:36:40,470 INFO  ratis.ContainerStateMachine (ContainerStateMachine.java:takeSnapshot(246)) - Taking snapshot at termIndex:(t:0, i:~)
2019-07-13 16:36:40,471 INFO  impl.RaftServerImpl (ServerState.java:close(394)) - 5e4e48d9-7c0e-4eee-bd59-3427149a0d7c:group-162CDBD7F019 closes. The last applied log index is 0
2019-07-13 16:36:40,471 INFO  segmented.SegmentedRaftLogWorker (SegmentedRaftLogWorker.java:run(313)) - 5e4e48d9-7c0e-4eee-bd59-3427149a0d7c-SegmentedRaftLogWorker:Storage Directory /tmp/workdir/hadoop-ozone/integration-test/target/test-dir/MiniOzoneClusterImpl-8a4f94c6-6d05-4673-8985-c7ce61029340/datanode-2/data/ratis/1ffcb854-9967-4c38-a604-162cdbd7f019 was interrupted, exiting. There are 0 tasks remaining in the queue.
2019-07-13 16:36:40,475 INFO  segmented.SegmentedRaftLogWorker (SegmentedRaftLogWorker.java:close(228)) - 5e4e48d9-7c0e-4eee-bd59-3427149a0d7c-SegmentedRaftLogWorker:Storage Directory /tmp/workdir/hadoop-ozone/integration-test/target/test-dir/MiniOzoneClusterImpl-8a4f94c6-6d05-4673-8985-c7ce61029340/datanode-2/data/ratis/1ffcb854-9967-4c38-a604-162cdbd7f019 close()
2019-07-13 16:36:40,489 INFO  impl.RaftServerImpl (RaftServerImpl.java:lambda$shutdown$3(245)) - 5e4e48d9-7c0e-4eee-bd59-3427149a0d7c: shutdown group-F8FA5917D36E
2019-07-13 16:36:40,489 INFO  ozoneimpl.OzoneContainer (OzoneContainer.java:stop(199)) - Attempting to stop container services.
2019-07-13 16:36:40,489 INFO  util.JmxRegister (JmxRegister.java:unregister(73)) - Successfully un-registered JMX Bean with object name Ratis:service=RaftServer,group=group-F8FA5917D36E,id=5e4e48d9-7c0e-4eee-bd59-3427149a0d7c
2019-07-13 16:36:40,490 INFO  impl.RaftServerProxy (RaftServerProxy.java:lambda$close$4(314)) - a5f89e50-d2fe-4554-884e-b37dd0441734: close
2019-07-13 16:36:40,490 INFO  impl.RoleInfo (RoleInfo.java:shutdownFollowerState(121)) - 5e4e48d9-7c0e-4eee-bd59-3427149a0d7c: shutdown FollowerState
2019-07-13 16:36:40,491 INFO  impl.RaftServerImpl (RaftServerImpl.java:lambda$shutdown$3(245)) - a5f89e50-d2fe-4554-884e-b37dd0441734: shutdown group-CE77E5FC2FCC
2019-07-13 16:36:40,492 INFO  util.JmxRegister (JmxRegister.java:unregister(73)) - Successfully un-registered JMX Bean with object name Ratis:service=RaftServer,group=group-CE77E5FC2FCC,id=a5f89e50-d2fe-4554-884e-b37dd0441734
2019-07-13 16:36:40,492 INFO  impl.RoleInfo (RoleInfo.java:shutdownLeaderState(104)) - a5f89e50-d2fe-4554-884e-b37dd0441734: shutdown LeaderState
2019-07-13 16:36:40,491 INFO  impl.FollowerState (FollowerState.java:run(114)) - 5e4e48d9-7c0e-4eee-bd59-3427149a0d7c: FollowerState was interrupted: java.lang.InterruptedException: sleep interrupted
2019-07-13 16:36:40,497 WARN  server.GrpcLogAppender (GrpcLogAppender.java:mayWait(143)) - GrpcLogAppender(a5f89e50-d2fe-4554-884e-b37dd0441734->742e875a-ad32-4ced-857e-d968cc0b4574): Wait interrupted by java.lang.InterruptedException
2019-07-13 16:36:40,491 INFO  ratis.ContainerStateMachine (ContainerStateMachine.java:takeSnapshot(246)) - Taking snapshot at termIndex:(t:3, i:17)
2019-07-13 16:36:40,499 INFO  ratis.ContainerStateMachine (ContainerStateMachine.java:takeSnapshot(250)) - Taking a snapshot to file /tmp/workdir/hadoop-ozone/integration-test/target/test-dir/MiniOzoneClusterImpl-8a4f94c6-6d05-4673-8985-c7ce61029340/datanode-2/data/ratis/5eb98c4e-7727-4c18-92df-f8fa5917d36e/sm/snapshot.3_17
2019-07-13 16:36:40,491 INFO  impl.StateMachineUpdater (StateMachineUpdater.java:stopAndJoin(115)) - StateMachineUpdater:5e4e48d9-7c0e-4eee-bd59-3427149a0d7c:group-F8FA5917D36E: set stopIndex = 18
2019-07-13 16:36:40,499 INFO  impl.StateMachineUpdater (StateMachineUpdater.java:takeSnapshot(242)) - StateMachineUpdater:5e4e48d9-7c0e-4eee-bd59-3427149a0d7c:group-F8FA5917D36E: Took a snapshot at index 17
2019-07-13 16:36:40,499 INFO  impl.StateMachineUpdater (StateMachineUpdater.java:lambda$new$0(80)) - StateMachineUpdater:5e4e48d9-7c0e-4eee-bd59-3427149a0d7c:group-F8FA5917D36E: snapshotIndex: updateIncreasingly -1 -> 17
2019-07-13 16:36:40,499 INFO  server.GrpcServerProtocolService (GrpcServerProtocolService.java:onCompleted(104)) - 742e875a-ad32-4ced-857e-d968cc0b4574: appendEntries completed
2019-07-13 16:36:40,497 WARN  server.GrpcLogAppender (GrpcLogAppender.java:mayWait(143)) - GrpcLogAppender(a5f89e50-d2fe-4554-884e-b37dd0441734->8be3c74b-a425-4f91-859e-d13726acc04f): Wait interrupted by java.lang.InterruptedException
2019-07-13 16:36:40,497 INFO  impl.PendingRequests (PendingRequests.java:sendNotLeaderResponses(202)) - a5f89e50-d2fe-4554-884e-b37dd0441734-PendingRequests: sendNotLeaderResponses
2019-07-13 16:36:40,500 INFO  server.GrpcLogAppender (GrpcLogAppender.java:onCompleted(292)) - a5f89e50-d2fe-4554-884e-b37dd0441734->742e875a-ad32-4ced-857e-d968cc0b4574: follower responses appendEntries COMPLETED
2019-07-13 16:36:40,505 INFO  impl.StateMachineUpdater (StateMachineUpdater.java:stopAndJoin(115)) - StateMachineUpdater:a5f89e50-d2fe-4554-884e-b37dd0441734:group-CE77E5FC2FCC: set stopIndex = 15
2019-07-13 16:36:40,500 INFO  impl.RaftServerImpl (ServerState.java:close(394)) - 5e4e48d9-7c0e-4eee-bd59-3427149a0d7c:group-F8FA5917D36E closes. The last applied log index is 18
2019-07-13 16:36:40,505 INFO  ratis.ContainerStateMachine (ContainerStateMachine.java:takeSnapshot(246)) - Taking snapshot at termIndex:(t:1, i:13)
2019-07-13 16:36:40,508 INFO  segmented.SegmentedRaftLogWorker (SegmentedRaftLogWorker.java:run(313)) - 5e4e48d9-7c0e-4eee-bd59-3427149a0d7c-SegmentedRaftLogWorker:Storage Directory /tmp/workdir/hadoop-ozone/integration-test/target/test-dir/MiniOzoneClusterImpl-8a4f94c6-6d05-4673-8985-c7ce61029340/datanode-2/data/ratis/5eb98c4e-7727-4c18-92df-f8fa5917d36e was interrupted, exiting. There are 0 tasks remaining in the queue.
2019-07-13 16:36:40,505 INFO  impl.FollowerInfo (FollowerInfo.java:lambda$new$0(50)) - a5f89e50-d2fe-4554-884e-b37dd0441734->742e875a-ad32-4ced-857e-d968cc0b4574: nextIndex: updateUnconditionally 16 -> 15
2019-07-13 16:36:40,508 INFO  segmented.SegmentedRaftLogWorker (SegmentedRaftLogWorker.java:close(228)) - 5e4e48d9-7c0e-4eee-bd59-3427149a0d7c-SegmentedRaftLogWorker:Storage Directory /tmp/workdir/hadoop-ozone/integration-test/target/test-dir/MiniOzoneClusterImpl-8a4f94c6-6d05-4673-8985-c7ce61029340/datanode-2/data/ratis/5eb98c4e-7727-4c18-92df-f8fa5917d36e close()
2019-07-13 16:36:40,508 INFO  ratis.ContainerStateMachine (ContainerStateMachine.java:takeSnapshot(250)) - Taking a snapshot to file /tmp/workdir/hadoop-ozone/integration-test/target/test-dir/MiniOzoneClusterImpl-8a4f94c6-6d05-4673-8985-c7ce61029340/datanode-3/data/ratis/85ae8afa-4e9e-4030-817d-ce77e5fc2fcc/sm/snapshot.1_13
2019-07-13 16:36:40,510 INFO  server.GrpcService (GrpcService.java:closeImpl(155)) - 5e4e48d9-7c0e-4eee-bd59-3427149a0d7c: shutdown server with port 34716 now
2019-07-13 16:36:40,511 INFO  impl.StateMachineUpdater (StateMachineUpdater.java:takeSnapshot(242)) - StateMachineUpdater:a5f89e50-d2fe-4554-884e-b37dd0441734:group-CE77E5FC2FCC: Took a snapshot at index 13
2019-07-13 16:36:40,511 INFO  impl.StateMachineUpdater (StateMachineUpdater.java:lambda$new$0(80)) - StateMachineUpdater:a5f89e50-d2fe-4554-884e-b37dd0441734:group-CE77E5FC2FCC: snapshotIndex: updateIncreasingly -1 -> 13
2019-07-13 16:36:40,511 INFO  server.GrpcService (GrpcService.java:closeImpl(163)) - 5e4e48d9-7c0e-4eee-bd59-3427149a0d7c: shutdown server with port 34716 successfully
2019-07-13 16:36:40,511 INFO  impl.RaftServerImpl (ServerState.java:close(394)) - a5f89e50-d2fe-4554-884e-b37dd0441734:group-CE77E5FC2FCC closes. The last applied log index is 15
2019-07-13 16:36:40,512 INFO  segmented.SegmentedRaftLogWorker (SegmentedRaftLogWorker.java:run(313)) - a5f89e50-d2fe-4554-884e-b37dd0441734-SegmentedRaftLogWorker:Storage Directory /tmp/workdir/hadoop-ozone/integration-test/target/test-dir/MiniOzoneClusterImpl-8a4f94c6-6d05-4673-8985-c7ce61029340/datanode-3/data/ratis/85ae8afa-4e9e-4030-817d-ce77e5fc2fcc was interrupted, exiting. There are 0 tasks remaining in the queue.
2019-07-13 16:36:40,512 INFO  segmented.SegmentedRaftLogWorker (SegmentedRaftLogWorker.java:close(228)) - a5f89e50-d2fe-4554-884e-b37dd0441734-SegmentedRaftLogWorker:Storage Directory /tmp/workdir/hadoop-ozone/integration-test/target/test-dir/MiniOzoneClusterImpl-8a4f94c6-6d05-4673-8985-c7ce61029340/datanode-3/data/ratis/85ae8afa-4e9e-4030-817d-ce77e5fc2fcc close()
2019-07-13 16:36:40,515 INFO  impl.RaftServerImpl (RaftServerImpl.java:lambda$shutdown$3(245)) - a5f89e50-d2fe-4554-884e-b37dd0441734: shutdown group-8F8D71072B38
2019-07-13 16:36:40,515 INFO  util.JmxRegister (JmxRegister.java:unregister(73)) - Successfully un-registered JMX Bean with object name Ratis:service=RaftServer,group=group-8F8D71072B38,id=a5f89e50-d2fe-4554-884e-b37dd0441734
2019-07-13 16:36:40,516 INFO  impl.RoleInfo (RoleInfo.java:shutdownLeaderState(104)) - a5f89e50-d2fe-4554-884e-b37dd0441734: shutdown LeaderState
2019-07-13 16:36:40,516 INFO  impl.PendingRequests (PendingRequests.java:sendNotLeaderResponses(202)) - a5f89e50-d2fe-4554-884e-b37dd0441734-PendingRequests: sendNotLeaderResponses
2019-07-13 16:36:40,517 INFO  impl.StateMachineUpdater (StateMachineUpdater.java:stopAndJoin(115)) - StateMachineUpdater:a5f89e50-d2fe-4554-884e-b37dd0441734:group-8F8D71072B38: set stopIndex = 0
2019-07-13 16:36:40,517 INFO  ratis.ContainerStateMachine (ContainerStateMachine.java:takeSnapshot(246)) - Taking snapshot at termIndex:(t:0, i:~)
2019-07-13 16:36:40,517 INFO  impl.RaftServerImpl (ServerState.java:close(394)) - a5f89e50-d2fe-4554-884e-b37dd0441734:group-8F8D71072B38 closes. The last applied log index is 0
2019-07-13 16:36:40,518 INFO  segmented.SegmentedRaftLogWorker (SegmentedRaftLogWorker.java:run(313)) - a5f89e50-d2fe-4554-884e-b37dd0441734-SegmentedRaftLogWorker:Storage Directory /tmp/workdir/hadoop-ozone/integration-test/target/test-dir/MiniOzoneClusterImpl-8a4f94c6-6d05-4673-8985-c7ce61029340/datanode-3/data/ratis/6515a22e-9ad7-4cfb-8281-8f8d71072b38 was interrupted, exiting. There are 0 tasks remaining in the queue.
2019-07-13 16:36:40,518 INFO  segmented.SegmentedRaftLogWorker (SegmentedRaftLogWorker.java:close(228)) - a5f89e50-d2fe-4554-884e-b37dd0441734-SegmentedRaftLogWorker:Storage Directory /tmp/workdir/hadoop-ozone/integration-test/target/test-dir/MiniOzoneClusterImpl-8a4f94c6-6d05-4673-8985-c7ce61029340/datanode-3/data/ratis/6515a22e-9ad7-4cfb-8281-8f8d71072b38 close()
2019-07-13 16:36:40,521 INFO  server.GrpcService (GrpcService.java:closeImpl(155)) - a5f89e50-d2fe-4554-884e-b37dd0441734: shutdown server with port 39423 now
2019-07-13 16:36:40,521 INFO  utils.BackgroundService (BackgroundService.java:shutdown(148)) - Shutting down service BlockDeletingService
2019-07-13 16:36:40,524 WARN  client.GrpcClientProtocolService (LogUtils.java:warn(134)) - 1-UnorderedRequestStreamObserver1: onError: org.apache.ratis.thirdparty.io.grpc.StatusRuntimeException: CANCELLED: cancelled before receiving half close
2019-07-13 16:36:40,524 WARN  fs.CachingGetSpaceUsed (CachingGetSpaceUsed.java:run(183)) - Thread Interrupted waiting to refresh disk information: sleep interrupted
2019-07-13 16:36:40,524 INFO  server.GrpcService (GrpcService.java:closeImpl(163)) - a5f89e50-d2fe-4554-884e-b37dd0441734: shutdown server with port 39423 successfully
2019-07-13 16:36:40,526 INFO  utils.BackgroundService (BackgroundService.java:shutdown(148)) - Shutting down service BlockDeletingService
2019-07-13 16:36:40,527 WARN  fs.CachingGetSpaceUsed (CachingGetSpaceUsed.java:run(183)) - Thread Interrupted waiting to refresh disk information: sleep interrupted
2019-07-13 16:36:40,543 INFO  statemachine.DatanodeStateMachine (DatanodeStateMachine.java:stopDaemon(395)) - Ozone container server stopped.
2019-07-13 16:36:40,556 INFO  handler.ContextHandler (ContextHandler.java:doStop(910)) - Stopped o.e.j.w.WebAppContext@5920c4ed{/,null,UNAVAILABLE}{/hddsDatanode}
2019-07-13 16:36:40,556 INFO  server.AbstractConnector (AbstractConnector.java:doStop(318)) - Stopped ServerConnector@5a1c0bcc{HTTP/1.1,[http/1.1]}{0.0.0.0:0}
2019-07-13 16:36:40,558 INFO  handler.ContextHandler (ContextHandler.java:doStop(910)) - Stopped o.e.j.s.ServletContextHandler@36aacc46{/static,jar:file:/home/user/.m2/repository/org/apache/hadoop/hadoop-hdds-container-service/0.5.0-SNAPSHOT/hadoop-hdds-container-service-0.5.0-SNAPSHOT.jar!/webapps/static,UNAVAILABLE}
2019-07-13 16:36:40,560 INFO  handler.ContextHandler (ContextHandler.java:doStop(910)) - Stopped o.e.j.s.ServletContextHandler@2f24e1f3{/logs,file:///tmp/workdir/hadoop-ozone/integration-test/target/log,UNAVAILABLE}
2019-07-13 16:36:40,561 INFO  datanode.ObjectStoreHandler (ObjectStoreHandler.java:close(155)) - Closing ObjectStoreHandler.
2019-07-13 16:36:40,561 INFO  ozone.HddsDatanodeService (HddsDatanodeService.java:stop(452)) - Stopped plug-in org.apache.hadoop.ozone.web.OzoneHddsDatanodeService@72a4f3f
2019-07-13 16:36:40,570 INFO  statemachine.DatanodeStateMachine (DatanodeStateMachine.java:stopDaemon(395)) - Ozone container server stopped.
2019-07-13 16:36:40,571 INFO  handler.ContextHandler (ContextHandler.java:doStop(910)) - Stopped o.e.j.w.WebAppContext@6ff879e5{/,null,UNAVAILABLE}{/hddsDatanode}
2019-07-13 16:36:40,571 INFO  server.AbstractConnector (AbstractConnector.java:doStop(318)) - Stopped ServerConnector@7080e8fc{HTTP/1.1,[http/1.1]}{0.0.0.0:0}
2019-07-13 16:36:40,572 INFO  handler.ContextHandler (ContextHandler.java:doStop(910)) - Stopped o.e.j.s.ServletContextHandler@24fc91a3{/static,jar:file:/home/user/.m2/repository/org/apache/hadoop/hadoop-hdds-container-service/0.5.0-SNAPSHOT/hadoop-hdds-container-service-0.5.0-SNAPSHOT.jar!/webapps/static,UNAVAILABLE}
2019-07-13 16:36:40,572 INFO  handler.ContextHandler (ContextHandler.java:doStop(910)) - Stopped o.e.j.s.ServletContextHandler@3e51beda{/logs,file:///tmp/workdir/hadoop-ozone/integration-test/target/log,UNAVAILABLE}
2019-07-13 16:36:40,573 INFO  datanode.ObjectStoreHandler (ObjectStoreHandler.java:close(155)) - Closing ObjectStoreHandler.
2019-07-13 16:36:40,574 INFO  ozone.HddsDatanodeService (HddsDatanodeService.java:stop(452)) - Stopped plug-in org.apache.hadoop.ozone.web.OzoneHddsDatanodeService@4b8cf10f
2019-07-13 16:36:41,071 INFO  statemachine.DatanodeStateMachine (DatanodeStateMachine.java:lambda$startDaemon$0(350)) - Ozone container server started.
2019-07-13 16:36:41,511 INFO  statemachine.DatanodeStateMachine (DatanodeStateMachine.java:lambda$startDaemon$0(350)) - Ozone container server started.
2019-07-13 16:36:42,080 INFO  impl.FollowerState (FollowerState.java:run(106)) - 2e16940d-77b0-406b-ab4f-aeb5a35dc975:group-F8FA5917D36E changes to CANDIDATE, lastRpcTime:7642, electionTimeout:5170ms
2019-07-13 16:36:42,081 INFO  impl.RoleInfo (RoleInfo.java:shutdownFollowerState(121)) - 2e16940d-77b0-406b-ab4f-aeb5a35dc975: shutdown FollowerState
2019-07-13 16:36:42,081 INFO  impl.RaftServerImpl (RaftServerImpl.java:setRole(171)) - 2e16940d-77b0-406b-ab4f-aeb5a35dc975:group-F8FA5917D36E changes role from FOLLOWER to CANDIDATE at term 3 for changeToCandidate
2019-07-13 16:36:42,081 INFO  impl.RoleInfo (RoleInfo.java:updateAndGet(143)) - 2e16940d-77b0-406b-ab4f-aeb5a35dc975: start LeaderElection
2019-07-13 16:36:42,084 INFO  impl.RaftServerImpl (ServerState.java:setLeader(263)) - 2e16940d-77b0-406b-ab4f-aeb5a35dc975:group-F8FA5917D36E change Leader from b1698c79-6c1e-4696-b1c8-e50474debd09 to null at term 3 for initElection
2019-07-13 16:36:42,093 INFO  impl.LeaderElection (LeaderElection.java:askForVotes(181)) - 2e16940d-77b0-406b-ab4f-aeb5a35dc975:group-F8FA5917D36E:LeaderElection84: begin an election at term 4 for 0: [b1698c79-6c1e-4696-b1c8-e50474debd09:192.168.5.187:37212, 2e16940d-77b0-406b-ab4f-aeb5a35dc975:192.168.5.187:45827, 5e4e48d9-7c0e-4eee-bd59-3427149a0d7c:192.168.5.187:34716], old=null
2019-07-13 16:36:42,096 INFO  impl.LeaderElection (LogUtils.java:infoOrTrace(149)) - 2e16940d-77b0-406b-ab4f-aeb5a35dc975:group-F8FA5917D36E:LeaderElection84 got exception when requesting votes: {}
java.util.concurrent.ExecutionException: org.apache.ratis.thirdparty.io.grpc.StatusRuntimeException: UNAVAILABLE: io exception
	at java.util.concurrent.FutureTask.report(FutureTask.java:122)
	at java.util.concurrent.FutureTask.get(FutureTask.java:192)
	at org.apache.ratis.server.impl.LeaderElection.waitForResults(LeaderElection.java:262)
	at org.apache.ratis.server.impl.LeaderElection.askForVotes(LeaderElection.java:200)
	at org.apache.ratis.server.impl.LeaderElection.run(LeaderElection.java:130)
	at java.lang.Thread.run(Thread.java:748)
Caused by: org.apache.ratis.thirdparty.io.grpc.StatusRuntimeException: UNAVAILABLE: io exception
	at org.apache.ratis.thirdparty.io.grpc.stub.ClientCalls.toStatusRuntimeException(ClientCalls.java:233)
	at org.apache.ratis.thirdparty.io.grpc.stub.ClientCalls.getUnchecked(ClientCalls.java:214)
	at org.apache.ratis.thirdparty.io.grpc.stub.ClientCalls.blockingUnaryCall(ClientCalls.java:139)
	at org.apache.ratis.proto.grpc.RaftServerProtocolServiceGrpc$RaftServerProtocolServiceBlockingStub.requestVote(RaftServerProtocolServiceGrpc.java:265)
	at org.apache.ratis.grpc.server.GrpcServerProtocolClient.requestVote(GrpcServerProtocolClient.java:83)
	at org.apache.ratis.grpc.server.GrpcService.requestVote(GrpcService.java:195)
	at org.apache.ratis.server.impl.LeaderElection.lambda$submitRequests$1(LeaderElection.java:237)
	at java.util.concurrent.FutureTask.run(FutureTask.java:266)
	at java.util.concurrent.Executors$RunnableAdapter.call(Executors.java:511)
	at java.util.concurrent.FutureTask.run(FutureTask.java:266)
	at java.util.concurrent.ThreadPoolExecutor.runWorker(ThreadPoolExecutor.java:1149)
	at java.util.concurrent.ThreadPoolExecutor$Worker.run(ThreadPoolExecutor.java:624)
	... 1 more
Caused by: org.apache.ratis.thirdparty.io.netty.channel.AbstractChannel$AnnotatedConnectException: Connection refused: /192.168.5.187:37212
	at sun.nio.ch.SocketChannelImpl.checkConnect(Native Method)
	at sun.nio.ch.SocketChannelImpl.finishConnect(SocketChannelImpl.java:717)
	at org.apache.ratis.thirdparty.io.netty.channel.socket.nio.NioSocketChannel.doFinishConnect(NioSocketChannel.java:327)
	at org.apache.ratis.thirdparty.io.netty.channel.nio.AbstractNioChannel$AbstractNioUnsafe.finishConnect(AbstractNioChannel.java:340)
	at org.apache.ratis.thirdparty.io.netty.channel.nio.NioEventLoop.processSelectedKey(NioEventLoop.java:632)
	at org.apache.ratis.thirdparty.io.netty.channel.nio.NioEventLoop.processSelectedKeysOptimized(NioEventLoop.java:579)
	at org.apache.ratis.thirdparty.io.netty.channel.nio.NioEventLoop.processSelectedKeys(NioEventLoop.java:496)
	at org.apache.ratis.thirdparty.io.netty.channel.nio.NioEventLoop.run(NioEventLoop.java:458)
	at org.apache.ratis.thirdparty.io.netty.util.concurrent.SingleThreadEventExecutor$5.run(SingleThreadEventExecutor.java:897)
	at org.apache.ratis.thirdparty.io.netty.util.concurrent.FastThreadLocalRunnable.run(FastThreadLocalRunnable.java:30)
	... 1 more
Caused by: java.net.ConnectException: Connection refused
	... 11 more
2019-07-13 16:36:42,098 INFO  impl.LeaderElection (LogUtils.java:infoOrTrace(149)) - 2e16940d-77b0-406b-ab4f-aeb5a35dc975:group-F8FA5917D36E:LeaderElection84 got exception when requesting votes: {}
java.util.concurrent.ExecutionException: org.apache.ratis.thirdparty.io.grpc.StatusRuntimeException: UNAVAILABLE: io exception
	at java.util.concurrent.FutureTask.report(FutureTask.java:122)
	at java.util.concurrent.FutureTask.get(FutureTask.java:192)
	at org.apache.ratis.server.impl.LeaderElection.waitForResults(LeaderElection.java:262)
	at org.apache.ratis.server.impl.LeaderElection.askForVotes(LeaderElection.java:200)
	at org.apache.ratis.server.impl.LeaderElection.run(LeaderElection.java:130)
	at java.lang.Thread.run(Thread.java:748)
Caused by: org.apache.ratis.thirdparty.io.grpc.StatusRuntimeException: UNAVAILABLE: io exception
	at org.apache.ratis.thirdparty.io.grpc.stub.ClientCalls.toStatusRuntimeException(ClientCalls.java:233)
	at org.apache.ratis.thirdparty.io.grpc.stub.ClientCalls.getUnchecked(ClientCalls.java:214)
	at org.apache.ratis.thirdparty.io.grpc.stub.ClientCalls.blockingUnaryCall(ClientCalls.java:139)
	at org.apache.ratis.proto.grpc.RaftServerProtocolServiceGrpc$RaftServerProtocolServiceBlockingStub.requestVote(RaftServerProtocolServiceGrpc.java:265)
	at org.apache.ratis.grpc.server.GrpcServerProtocolClient.requestVote(GrpcServerProtocolClient.java:83)
	at org.apache.ratis.grpc.server.GrpcService.requestVote(GrpcService.java:195)
	at org.apache.ratis.server.impl.LeaderElection.lambda$submitRequests$1(LeaderElection.java:237)
	at java.util.concurrent.FutureTask.run(FutureTask.java:266)
	at java.util.concurrent.Executors$RunnableAdapter.call(Executors.java:511)
	at java.util.concurrent.FutureTask.run(FutureTask.java:266)
	at java.util.concurrent.ThreadPoolExecutor.runWorker(ThreadPoolExecutor.java:1149)
	at java.util.concurrent.ThreadPoolExecutor$Worker.run(ThreadPoolExecutor.java:624)
	... 1 more
Caused by: org.apache.ratis.thirdparty.io.netty.channel.AbstractChannel$AnnotatedConnectException: Connection refused: /192.168.5.187:34716
	at sun.nio.ch.SocketChannelImpl.checkConnect(Native Method)
	at sun.nio.ch.SocketChannelImpl.finishConnect(SocketChannelImpl.java:717)
	at org.apache.ratis.thirdparty.io.netty.channel.socket.nio.NioSocketChannel.doFinishConnect(NioSocketChannel.java:327)
	at org.apache.ratis.thirdparty.io.netty.channel.nio.AbstractNioChannel$AbstractNioUnsafe.finishConnect(AbstractNioChannel.java:340)
	at org.apache.ratis.thirdparty.io.netty.channel.nio.NioEventLoop.processSelectedKey(NioEventLoop.java:632)
	at org.apache.ratis.thirdparty.io.netty.channel.nio.NioEventLoop.processSelectedKeysOptimized(NioEventLoop.java:579)
	at org.apache.ratis.thirdparty.io.netty.channel.nio.NioEventLoop.processSelectedKeys(NioEventLoop.java:496)
	at org.apache.ratis.thirdparty.io.netty.channel.nio.NioEventLoop.run(NioEventLoop.java:458)
	at org.apache.ratis.thirdparty.io.netty.util.concurrent.SingleThreadEventExecutor$5.run(SingleThreadEventExecutor.java:897)
	at org.apache.ratis.thirdparty.io.netty.util.concurrent.FastThreadLocalRunnable.run(FastThreadLocalRunnable.java:30)
	... 1 more
Caused by: java.net.ConnectException: Connection refused
	... 11 more
2019-07-13 16:36:42,100 INFO  impl.LeaderElection (LeaderElection.java:logAndReturn(56)) - 2e16940d-77b0-406b-ab4f-aeb5a35dc975:group-F8FA5917D36E:LeaderElection84: Election REJECTED; received 0 response(s) [] and 2 exception(s); 2e16940d-77b0-406b-ab4f-aeb5a35dc975:t4, leader=null, voted=2e16940d-77b0-406b-ab4f-aeb5a35dc975, raftlog=2e16940d-77b0-406b-ab4f-aeb5a35dc975-SegmentedRaftLog:OPENED:c18,f18,i18, conf=0: [b1698c79-6c1e-4696-b1c8-e50474debd09:192.168.5.187:37212, 2e16940d-77b0-406b-ab4f-aeb5a35dc975:192.168.5.187:45827, 5e4e48d9-7c0e-4eee-bd59-3427149a0d7c:192.168.5.187:34716], old=null
2019-07-13 16:36:42,100 INFO  impl.LeaderElection (LogUtils.java:infoOrTrace(149)) -   Exception 0: {}
java.util.concurrent.ExecutionException: org.apache.ratis.thirdparty.io.grpc.StatusRuntimeException: UNAVAILABLE: io exception
	at java.util.concurrent.FutureTask.report(FutureTask.java:122)
	at java.util.concurrent.FutureTask.get(FutureTask.java:192)
	at org.apache.ratis.server.impl.LeaderElection.waitForResults(LeaderElection.java:262)
	at org.apache.ratis.server.impl.LeaderElection.askForVotes(LeaderElection.java:200)
	at org.apache.ratis.server.impl.LeaderElection.run(LeaderElection.java:130)
	at java.lang.Thread.run(Thread.java:748)
Caused by: org.apache.ratis.thirdparty.io.grpc.StatusRuntimeException: UNAVAILABLE: io exception
	at org.apache.ratis.thirdparty.io.grpc.stub.ClientCalls.toStatusRuntimeException(ClientCalls.java:233)
	at org.apache.ratis.thirdparty.io.grpc.stub.ClientCalls.getUnchecked(ClientCalls.java:214)
	at org.apache.ratis.thirdparty.io.grpc.stub.ClientCalls.blockingUnaryCall(ClientCalls.java:139)
	at org.apache.ratis.proto.grpc.RaftServerProtocolServiceGrpc$RaftServerProtocolServiceBlockingStub.requestVote(RaftServerProtocolServiceGrpc.java:265)
	at org.apache.ratis.grpc.server.GrpcServerProtocolClient.requestVote(GrpcServerProtocolClient.java:83)
	at org.apache.ratis.grpc.server.GrpcService.requestVote(GrpcService.java:195)
	at org.apache.ratis.server.impl.LeaderElection.lambda$submitRequests$1(LeaderElection.java:237)
	at java.util.concurrent.FutureTask.run(FutureTask.java:266)
	at java.util.concurrent.Executors$RunnableAdapter.call(Executors.java:511)
	at java.util.concurrent.FutureTask.run(FutureTask.java:266)
	at java.util.concurrent.ThreadPoolExecutor.runWorker(ThreadPoolExecutor.java:1149)
	at java.util.concurrent.ThreadPoolExecutor$Worker.run(ThreadPoolExecutor.java:624)
	... 1 more
Caused by: org.apache.ratis.thirdparty.io.netty.channel.AbstractChannel$AnnotatedConnectException: Connection refused: /192.168.5.187:37212
	at sun.nio.ch.SocketChannelImpl.checkConnect(Native Method)
	at sun.nio.ch.SocketChannelImpl.finishConnect(SocketChannelImpl.java:717)
	at org.apache.ratis.thirdparty.io.netty.channel.socket.nio.NioSocketChannel.doFinishConnect(NioSocketChannel.java:327)
	at org.apache.ratis.thirdparty.io.netty.channel.nio.AbstractNioChannel$AbstractNioUnsafe.finishConnect(AbstractNioChannel.java:340)
	at org.apache.ratis.thirdparty.io.netty.channel.nio.NioEventLoop.processSelectedKey(NioEventLoop.java:632)
	at org.apache.ratis.thirdparty.io.netty.channel.nio.NioEventLoop.processSelectedKeysOptimized(NioEventLoop.java:579)
	at org.apache.ratis.thirdparty.io.netty.channel.nio.NioEventLoop.processSelectedKeys(NioEventLoop.java:496)
	at org.apache.ratis.thirdparty.io.netty.channel.nio.NioEventLoop.run(NioEventLoop.java:458)
	at org.apache.ratis.thirdparty.io.netty.util.concurrent.SingleThreadEventExecutor$5.run(SingleThreadEventExecutor.java:897)
	at org.apache.ratis.thirdparty.io.netty.util.concurrent.FastThreadLocalRunnable.run(FastThreadLocalRunnable.java:30)
	... 1 more
Caused by: java.net.ConnectException: Connection refused
	... 11 more
2019-07-13 16:36:42,100 INFO  impl.LeaderElection (LogUtils.java:infoOrTrace(149)) -   Exception 1: {}
java.util.concurrent.ExecutionException: org.apache.ratis.thirdparty.io.grpc.StatusRuntimeException: UNAVAILABLE: io exception
	at java.util.concurrent.FutureTask.report(FutureTask.java:122)
	at java.util.concurrent.FutureTask.get(FutureTask.java:192)
	at org.apache.ratis.server.impl.LeaderElection.waitForResults(LeaderElection.java:262)
	at org.apache.ratis.server.impl.LeaderElection.askForVotes(LeaderElection.java:200)
	at org.apache.ratis.server.impl.LeaderElection.run(LeaderElection.java:130)
	at java.lang.Thread.run(Thread.java:748)
Caused by: org.apache.ratis.thirdparty.io.grpc.StatusRuntimeException: UNAVAILABLE: io exception
	at org.apache.ratis.thirdparty.io.grpc.stub.ClientCalls.toStatusRuntimeException(ClientCalls.java:233)
	at org.apache.ratis.thirdparty.io.grpc.stub.ClientCalls.getUnchecked(ClientCalls.java:214)
	at org.apache.ratis.thirdparty.io.grpc.stub.ClientCalls.blockingUnaryCall(ClientCalls.java:139)
	at org.apache.ratis.proto.grpc.RaftServerProtocolServiceGrpc$RaftServerProtocolServiceBlockingStub.requestVote(RaftServerProtocolServiceGrpc.java:265)
	at org.apache.ratis.grpc.server.GrpcServerProtocolClient.requestVote(GrpcServerProtocolClient.java:83)
	at org.apache.ratis.grpc.server.GrpcService.requestVote(GrpcService.java:195)
	at org.apache.ratis.server.impl.LeaderElection.lambda$submitRequests$1(LeaderElection.java:237)
	at java.util.concurrent.FutureTask.run(FutureTask.java:266)
	at java.util.concurrent.Executors$RunnableAdapter.call(Executors.java:511)
	at java.util.concurrent.FutureTask.run(FutureTask.java:266)
	at java.util.concurrent.ThreadPoolExecutor.runWorker(ThreadPoolExecutor.java:1149)
	at java.util.concurrent.ThreadPoolExecutor$Worker.run(ThreadPoolExecutor.java:624)
	... 1 more
Caused by: org.apache.ratis.thirdparty.io.netty.channel.AbstractChannel$AnnotatedConnectException: Connection refused: /192.168.5.187:34716
	at sun.nio.ch.SocketChannelImpl.checkConnect(Native Method)
	at sun.nio.ch.SocketChannelImpl.finishConnect(SocketChannelImpl.java:717)
	at org.apache.ratis.thirdparty.io.netty.channel.socket.nio.NioSocketChannel.doFinishConnect(NioSocketChannel.java:327)
	at org.apache.ratis.thirdparty.io.netty.channel.nio.AbstractNioChannel$AbstractNioUnsafe.finishConnect(AbstractNioChannel.java:340)
	at org.apache.ratis.thirdparty.io.netty.channel.nio.NioEventLoop.processSelectedKey(NioEventLoop.java:632)
	at org.apache.ratis.thirdparty.io.netty.channel.nio.NioEventLoop.processSelectedKeysOptimized(NioEventLoop.java:579)
	at org.apache.ratis.thirdparty.io.netty.channel.nio.NioEventLoop.processSelectedKeys(NioEventLoop.java:496)
	at org.apache.ratis.thirdparty.io.netty.channel.nio.NioEventLoop.run(NioEventLoop.java:458)
	at org.apache.ratis.thirdparty.io.netty.util.concurrent.SingleThreadEventExecutor$5.run(SingleThreadEventExecutor.java:897)
	at org.apache.ratis.thirdparty.io.netty.util.concurrent.FastThreadLocalRunnable.run(FastThreadLocalRunnable.java:30)
	... 1 more
Caused by: java.net.ConnectException: Connection refused
	... 11 more
2019-07-13 16:36:42,101 INFO  impl.RaftServerImpl (RaftServerImpl.java:setRole(171)) - 2e16940d-77b0-406b-ab4f-aeb5a35dc975:group-F8FA5917D36E changes role from CANDIDATE to FOLLOWER at term 4 for DISCOVERED_A_NEW_TERM
2019-07-13 16:36:42,101 INFO  impl.RoleInfo (RoleInfo.java:shutdownLeaderElection(134)) - 2e16940d-77b0-406b-ab4f-aeb5a35dc975: shutdown LeaderElection
2019-07-13 16:36:42,101 INFO  impl.RoleInfo (RoleInfo.java:updateAndGet(143)) - 2e16940d-77b0-406b-ab4f-aeb5a35dc975: start FollowerState
2019-07-13 16:36:45,102 INFO  node.StaleNodeHandler (StaleNodeHandler.java:onMessage(58)) - Datanode 57ac8228-d0ce-493b-93f5-b5bae33fa105{ip: 192.168.5.187, host: trunk-nightly-z92hn-1831959607, networkLocation: /default-rack, certSerialId: null} moved to stale state. Finalizing its pipelines [PipelineID=c8cca338-4911-45aa-9c53-5cb528eb4524]
2019-07-13 16:36:45,102 INFO  pipeline.SCMPipelineManager (SCMPipelineManager.java:finalizeAndDestroyPipeline(309)) - destroying pipeline:Pipeline[ Id: c8cca338-4911-45aa-9c53-5cb528eb4524, Nodes: 57ac8228-d0ce-493b-93f5-b5bae33fa105{ip: 192.168.5.187, host: trunk-nightly-z92hn-1831959607, networkLocation: /default-rack, certSerialId: null}, Type:RATIS, Factor:ONE, State:OPEN]
2019-07-13 16:36:45,102 INFO  pipeline.PipelineStateManager (PipelineStateManager.java:finalizePipeline(123)) - Pipeline Pipeline[ Id: c8cca338-4911-45aa-9c53-5cb528eb4524, Nodes: 57ac8228-d0ce-493b-93f5-b5bae33fa105{ip: 192.168.5.187, host: trunk-nightly-z92hn-1831959607, networkLocation: /default-rack, certSerialId: null}, Type:RATIS, Factor:ONE, State:CLOSED] moved to CLOSED state
2019-07-13 16:36:45,562 INFO  ozoneimpl.OzoneContainer (OzoneContainer.java:stop(199)) - Attempting to stop container services.
2019-07-13 16:36:45,562 INFO  impl.RaftServerProxy (RaftServerProxy.java:lambda$close$4(314)) - 2e16940d-77b0-406b-ab4f-aeb5a35dc975: close
2019-07-13 16:36:45,563 INFO  impl.RaftServerImpl (RaftServerImpl.java:lambda$shutdown$3(245)) - 2e16940d-77b0-406b-ab4f-aeb5a35dc975: shutdown group-CD4F440B7138
2019-07-13 16:36:45,563 INFO  util.JmxRegister (JmxRegister.java:unregister(73)) - Successfully un-registered JMX Bean with object name Ratis:service=RaftServer,group=group-CD4F440B7138,id=2e16940d-77b0-406b-ab4f-aeb5a35dc975
2019-07-13 16:36:45,563 INFO  impl.RoleInfo (RoleInfo.java:shutdownLeaderState(104)) - 2e16940d-77b0-406b-ab4f-aeb5a35dc975: shutdown LeaderState
2019-07-13 16:36:45,564 INFO  impl.PendingRequests (PendingRequests.java:sendNotLeaderResponses(202)) - 2e16940d-77b0-406b-ab4f-aeb5a35dc975-PendingRequests: sendNotLeaderResponses
2019-07-13 16:36:45,564 INFO  impl.StateMachineUpdater (StateMachineUpdater.java:stopAndJoin(115)) - StateMachineUpdater:2e16940d-77b0-406b-ab4f-aeb5a35dc975:group-CD4F440B7138: set stopIndex = 0
2019-07-13 16:36:45,564 INFO  ratis.ContainerStateMachine (ContainerStateMachine.java:takeSnapshot(246)) - Taking snapshot at termIndex:(t:0, i:~)
2019-07-13 16:36:45,565 INFO  impl.RaftServerImpl (ServerState.java:close(394)) - 2e16940d-77b0-406b-ab4f-aeb5a35dc975:group-CD4F440B7138 closes. The last applied log index is 0
2019-07-13 16:36:45,565 INFO  segmented.SegmentedRaftLogWorker (SegmentedRaftLogWorker.java:run(313)) - 2e16940d-77b0-406b-ab4f-aeb5a35dc975-SegmentedRaftLogWorker:Storage Directory /tmp/workdir/hadoop-ozone/integration-test/target/test-dir/MiniOzoneClusterImpl-8a4f94c6-6d05-4673-8985-c7ce61029340/datanode-0/data/ratis/6779bf37-bed0-4ee7-bde4-cd4f440b7138 was interrupted, exiting. There are 0 tasks remaining in the queue.
2019-07-13 16:36:45,565 INFO  segmented.SegmentedRaftLogWorker (SegmentedRaftLogWorker.java:close(228)) - 2e16940d-77b0-406b-ab4f-aeb5a35dc975-SegmentedRaftLogWorker:Storage Directory /tmp/workdir/hadoop-ozone/integration-test/target/test-dir/MiniOzoneClusterImpl-8a4f94c6-6d05-4673-8985-c7ce61029340/datanode-0/data/ratis/6779bf37-bed0-4ee7-bde4-cd4f440b7138 close()
2019-07-13 16:36:45,568 INFO  impl.RaftServerImpl (RaftServerImpl.java:lambda$shutdown$3(245)) - 2e16940d-77b0-406b-ab4f-aeb5a35dc975: shutdown group-F8FA5917D36E
2019-07-13 16:36:45,568 INFO  util.JmxRegister (JmxRegister.java:unregister(73)) - Successfully un-registered JMX Bean with object name Ratis:service=RaftServer,group=group-F8FA5917D36E,id=2e16940d-77b0-406b-ab4f-aeb5a35dc975
2019-07-13 16:36:45,569 INFO  impl.RoleInfo (RoleInfo.java:shutdownFollowerState(121)) - 2e16940d-77b0-406b-ab4f-aeb5a35dc975: shutdown FollowerState
2019-07-13 16:36:45,569 INFO  impl.StateMachineUpdater (StateMachineUpdater.java:stopAndJoin(115)) - StateMachineUpdater:2e16940d-77b0-406b-ab4f-aeb5a35dc975:group-F8FA5917D36E: set stopIndex = 18
2019-07-13 16:36:45,569 INFO  impl.FollowerState (FollowerState.java:run(114)) - 2e16940d-77b0-406b-ab4f-aeb5a35dc975: FollowerState was interrupted: java.lang.InterruptedException: sleep interrupted
2019-07-13 16:36:45,569 INFO  ratis.ContainerStateMachine (ContainerStateMachine.java:takeSnapshot(246)) - Taking snapshot at termIndex:(t:3, i:17)
2019-07-13 16:36:45,571 INFO  ratis.ContainerStateMachine (ContainerStateMachine.java:takeSnapshot(250)) - Taking a snapshot to file /tmp/workdir/hadoop-ozone/integration-test/target/test-dir/MiniOzoneClusterImpl-8a4f94c6-6d05-4673-8985-c7ce61029340/datanode-0/data/ratis/5eb98c4e-7727-4c18-92df-f8fa5917d36e/sm/snapshot.3_17
2019-07-13 16:36:45,572 INFO  impl.StateMachineUpdater (StateMachineUpdater.java:takeSnapshot(242)) - StateMachineUpdater:2e16940d-77b0-406b-ab4f-aeb5a35dc975:group-F8FA5917D36E: Took a snapshot at index 17
2019-07-13 16:36:45,572 INFO  impl.StateMachineUpdater (StateMachineUpdater.java:lambda$new$0(80)) - StateMachineUpdater:2e16940d-77b0-406b-ab4f-aeb5a35dc975:group-F8FA5917D36E: snapshotIndex: updateIncreasingly -1 -> 17
2019-07-13 16:36:45,572 INFO  impl.RaftServerImpl (ServerState.java:close(394)) - 2e16940d-77b0-406b-ab4f-aeb5a35dc975:group-F8FA5917D36E closes. The last applied log index is 18
2019-07-13 16:36:45,573 INFO  segmented.SegmentedRaftLogWorker (SegmentedRaftLogWorker.java:run(313)) - 2e16940d-77b0-406b-ab4f-aeb5a35dc975-SegmentedRaftLogWorker:Storage Directory /tmp/workdir/hadoop-ozone/integration-test/target/test-dir/MiniOzoneClusterImpl-8a4f94c6-6d05-4673-8985-c7ce61029340/datanode-0/data/ratis/5eb98c4e-7727-4c18-92df-f8fa5917d36e was interrupted, exiting. There are 0 tasks remaining in the queue.
2019-07-13 16:36:45,573 INFO  segmented.SegmentedRaftLogWorker (SegmentedRaftLogWorker.java:close(228)) - 2e16940d-77b0-406b-ab4f-aeb5a35dc975-SegmentedRaftLogWorker:Storage Directory /tmp/workdir/hadoop-ozone/integration-test/target/test-dir/MiniOzoneClusterImpl-8a4f94c6-6d05-4673-8985-c7ce61029340/datanode-0/data/ratis/5eb98c4e-7727-4c18-92df-f8fa5917d36e close()
2019-07-13 16:36:45,575 INFO  server.GrpcService (GrpcService.java:closeImpl(155)) - 2e16940d-77b0-406b-ab4f-aeb5a35dc975: shutdown server with port 45827 now
2019-07-13 16:36:45,575 INFO  ozoneimpl.OzoneContainer (OzoneContainer.java:stop(199)) - Attempting to stop container services.
2019-07-13 16:36:45,575 INFO  server.GrpcService (GrpcService.java:closeImpl(163)) - 2e16940d-77b0-406b-ab4f-aeb5a35dc975: shutdown server with port 45827 successfully
2019-07-13 16:36:45,576 INFO  impl.RaftServerProxy (RaftServerProxy.java:lambda$close$4(314)) - 57ac8228-d0ce-493b-93f5-b5bae33fa105: close
2019-07-13 16:36:45,576 INFO  impl.RaftServerImpl (RaftServerImpl.java:lambda$shutdown$3(245)) - 57ac8228-d0ce-493b-93f5-b5bae33fa105: shutdown group-5CB528EB4524
2019-07-13 16:36:45,577 INFO  util.JmxRegister (JmxRegister.java:unregister(73)) - Successfully un-registered JMX Bean with object name Ratis:service=RaftServer,group=group-5CB528EB4524,id=57ac8228-d0ce-493b-93f5-b5bae33fa105
2019-07-13 16:36:45,577 INFO  impl.RoleInfo (RoleInfo.java:shutdownLeaderState(104)) - 57ac8228-d0ce-493b-93f5-b5bae33fa105: shutdown LeaderState
2019-07-13 16:36:45,577 INFO  utils.BackgroundService (BackgroundService.java:shutdown(148)) - Shutting down service BlockDeletingService
2019-07-13 16:36:45,578 INFO  impl.PendingRequests (PendingRequests.java:sendNotLeaderResponses(202)) - 57ac8228-d0ce-493b-93f5-b5bae33fa105-PendingRequests: sendNotLeaderResponses
2019-07-13 16:36:45,578 INFO  impl.StateMachineUpdater (StateMachineUpdater.java:stopAndJoin(115)) - StateMachineUpdater:57ac8228-d0ce-493b-93f5-b5bae33fa105:group-5CB528EB4524: set stopIndex = 0
2019-07-13 16:36:45,579 INFO  ratis.ContainerStateMachine (ContainerStateMachine.java:takeSnapshot(246)) - Taking snapshot at termIndex:(t:0, i:~)
2019-07-13 16:36:45,579 WARN  fs.CachingGetSpaceUsed (CachingGetSpaceUsed.java:run(183)) - Thread Interrupted waiting to refresh disk information: sleep interrupted
2019-07-13 16:36:45,579 INFO  impl.RaftServerImpl (ServerState.java:close(394)) - 57ac8228-d0ce-493b-93f5-b5bae33fa105:group-5CB528EB4524 closes. The last applied log index is 0
2019-07-13 16:36:45,580 INFO  segmented.SegmentedRaftLogWorker (SegmentedRaftLogWorker.java:run(313)) - 57ac8228-d0ce-493b-93f5-b5bae33fa105-SegmentedRaftLogWorker:Storage Directory /tmp/workdir/hadoop-ozone/integration-test/target/test-dir/MiniOzoneClusterImpl-8a4f94c6-6d05-4673-8985-c7ce61029340/datanode-6/data/ratis/c8cca338-4911-45aa-9c53-5cb528eb4524 was interrupted, exiting. There are 0 tasks remaining in the queue.
2019-07-13 16:36:45,580 INFO  segmented.SegmentedRaftLogWorker (SegmentedRaftLogWorker.java:close(228)) - 57ac8228-d0ce-493b-93f5-b5bae33fa105-SegmentedRaftLogWorker:Storage Directory /tmp/workdir/hadoop-ozone/integration-test/target/test-dir/MiniOzoneClusterImpl-8a4f94c6-6d05-4673-8985-c7ce61029340/datanode-6/data/ratis/c8cca338-4911-45aa-9c53-5cb528eb4524 close()
2019-07-13 16:36:45,583 INFO  server.GrpcService (GrpcService.java:closeImpl(155)) - 57ac8228-d0ce-493b-93f5-b5bae33fa105: shutdown server with port 36677 now
2019-07-13 16:36:45,585 INFO  server.GrpcService (GrpcService.java:closeImpl(163)) - 57ac8228-d0ce-493b-93f5-b5bae33fa105: shutdown server with port 36677 successfully
2019-07-13 16:36:45,589 INFO  utils.BackgroundService (BackgroundService.java:shutdown(148)) - Shutting down service BlockDeletingService
2019-07-13 16:36:45,591 WARN  fs.CachingGetSpaceUsed (CachingGetSpaceUsed.java:run(183)) - Thread Interrupted waiting to refresh disk information: sleep interrupted
2019-07-13 16:36:45,603 INFO  node.StaleNodeHandler (StaleNodeHandler.java:onMessage(58)) - Datanode 2e16940d-77b0-406b-ab4f-aeb5a35dc975{ip: 192.168.5.187, host: trunk-nightly-z92hn-1831959607, networkLocation: /default-rack, certSerialId: null} moved to stale state. Finalizing its pipelines [PipelineID=6779bf37-bed0-4ee7-bde4-cd4f440b7138, PipelineID=5eb98c4e-7727-4c18-92df-f8fa5917d36e]
2019-07-13 16:36:45,604 INFO  statemachine.DatanodeStateMachine (DatanodeStateMachine.java:stopDaemon(395)) - Ozone container server stopped.
2019-07-13 16:36:45,605 INFO  pipeline.SCMPipelineManager (SCMPipelineManager.java:finalizeAndDestroyPipeline(309)) - destroying pipeline:Pipeline[ Id: 6779bf37-bed0-4ee7-bde4-cd4f440b7138, Nodes: 2e16940d-77b0-406b-ab4f-aeb5a35dc975{ip: 192.168.5.187, host: trunk-nightly-z92hn-1831959607, networkLocation: /default-rack, certSerialId: null}, Type:RATIS, Factor:ONE, State:OPEN]
2019-07-13 16:36:45,607 INFO  pipeline.PipelineStateManager (PipelineStateManager.java:finalizePipeline(123)) - Pipeline Pipeline[ Id: 6779bf37-bed0-4ee7-bde4-cd4f440b7138, Nodes: 2e16940d-77b0-406b-ab4f-aeb5a35dc975{ip: 192.168.5.187, host: trunk-nightly-z92hn-1831959607, networkLocation: /default-rack, certSerialId: null}, Type:RATIS, Factor:ONE, State:CLOSED] moved to CLOSED state
2019-07-13 16:36:45,607 INFO  pipeline.SCMPipelineManager (SCMPipelineManager.java:finalizeAndDestroyPipeline(309)) - destroying pipeline:Pipeline[ Id: 5eb98c4e-7727-4c18-92df-f8fa5917d36e, Nodes: 2e16940d-77b0-406b-ab4f-aeb5a35dc975{ip: 192.168.5.187, host: trunk-nightly-z92hn-1831959607, networkLocation: /default-rack, certSerialId: null}b1698c79-6c1e-4696-b1c8-e50474debd09{ip: 192.168.5.187, host: trunk-nightly-z92hn-1831959607, networkLocation: /default-rack, certSerialId: null}5e4e48d9-7c0e-4eee-bd59-3427149a0d7c{ip: 192.168.5.187, host: trunk-nightly-z92hn-1831959607, networkLocation: /default-rack, certSerialId: null}, Type:RATIS, Factor:THREE, State:CLOSED]
2019-07-13 16:36:45,617 INFO  statemachine.DatanodeStateMachine (DatanodeStateMachine.java:stopDaemon(395)) - Ozone container server stopped.
2019-07-13 16:36:45,619 INFO  handler.ContextHandler (ContextHandler.java:doStop(910)) - Stopped o.e.j.w.WebAppContext@4f143176{/,null,UNAVAILABLE}{/hddsDatanode}
2019-07-13 16:36:45,619 INFO  handler.ContextHandler (ContextHandler.java:doStop(910)) - Stopped o.e.j.w.WebAppContext@64f248ea{/,null,UNAVAILABLE}{/hddsDatanode}
2019-07-13 16:36:45,620 INFO  server.AbstractConnector (AbstractConnector.java:doStop(318)) - Stopped ServerConnector@12568b11{HTTP/1.1,[http/1.1]}{0.0.0.0:0}
2019-07-13 16:36:45,620 INFO  server.AbstractConnector (AbstractConnector.java:doStop(318)) - Stopped ServerConnector@6ab36cee{HTTP/1.1,[http/1.1]}{0.0.0.0:0}
2019-07-13 16:36:45,621 INFO  handler.ContextHandler (ContextHandler.java:doStop(910)) - Stopped o.e.j.s.ServletContextHandler@60ee1a29{/static,jar:file:/home/user/.m2/repository/org/apache/hadoop/hadoop-hdds-container-service/0.5.0-SNAPSHOT/hadoop-hdds-container-service-0.5.0-SNAPSHOT.jar!/webapps/static,UNAVAILABLE}
2019-07-13 16:36:45,622 INFO  handler.ContextHandler (ContextHandler.java:doStop(910)) - Stopped o.e.j.s.ServletContextHandler@27cd156a{/static,jar:file:/home/user/.m2/repository/org/apache/hadoop/hadoop-hdds-container-service/0.5.0-SNAPSHOT/hadoop-hdds-container-service-0.5.0-SNAPSHOT.jar!/webapps/static,UNAVAILABLE}
2019-07-13 16:36:45,624 INFO  handler.ContextHandler (ContextHandler.java:doStop(910)) - Stopped o.e.j.s.ServletContextHandler@5f5caea5{/logs,file:///tmp/workdir/hadoop-ozone/integration-test/target/log,UNAVAILABLE}
2019-07-13 16:36:45,624 INFO  handler.ContextHandler (ContextHandler.java:doStop(910)) - Stopped o.e.j.s.ServletContextHandler@7820a19d{/logs,file:///tmp/workdir/hadoop-ozone/integration-test/target/log,UNAVAILABLE}
2019-07-13 16:36:45,625 INFO  datanode.ObjectStoreHandler (ObjectStoreHandler.java:close(155)) - Closing ObjectStoreHandler.
2019-07-13 16:36:45,625 INFO  ozone.HddsDatanodeService (HddsDatanodeService.java:stop(452)) - Stopped plug-in org.apache.hadoop.ozone.web.OzoneHddsDatanodeService@11932248
2019-07-13 16:36:45,824 INFO  statemachine.DatanodeStateMachine (DatanodeStateMachine.java:lambda$startDaemon$0(350)) - Ozone container server started.
2019-07-13 16:36:47,692 INFO  impl.FollowerState (FollowerState.java:run(106)) - 742e875a-ad32-4ced-857e-d968cc0b4574:group-CE77E5FC2FCC changes to CANDIDATE, lastRpcTime:7672, electionTimeout:5141ms
2019-07-13 16:36:47,693 INFO  impl.RoleInfo (RoleInfo.java:shutdownFollowerState(121)) - 742e875a-ad32-4ced-857e-d968cc0b4574: shutdown FollowerState
2019-07-13 16:36:47,693 INFO  impl.RaftServerImpl (RaftServerImpl.java:setRole(171)) - 742e875a-ad32-4ced-857e-d968cc0b4574:group-CE77E5FC2FCC changes role from FOLLOWER to CANDIDATE at term 1 for changeToCandidate
2019-07-13 16:36:47,693 INFO  impl.RoleInfo (RoleInfo.java:updateAndGet(143)) - 742e875a-ad32-4ced-857e-d968cc0b4574: start LeaderElection
2019-07-13 16:36:47,694 INFO  impl.RaftServerImpl (ServerState.java:setLeader(263)) - 742e875a-ad32-4ced-857e-d968cc0b4574:group-CE77E5FC2FCC change Leader from a5f89e50-d2fe-4554-884e-b37dd0441734 to null at term 1 for initElection
2019-07-13 16:36:47,707 INFO  impl.LeaderElection (LeaderElection.java:askForVotes(181)) - 742e875a-ad32-4ced-857e-d968cc0b4574:group-CE77E5FC2FCC:LeaderElection85: begin an election at term 2 for 0: [742e875a-ad32-4ced-857e-d968cc0b4574:192.168.5.187:43823, a5f89e50-d2fe-4554-884e-b37dd0441734:192.168.5.187:39423, 8be3c74b-a425-4f91-859e-d13726acc04f:192.168.5.187:39626], old=null
2019-07-13 16:36:47,709 INFO  impl.LeaderElection (LogUtils.java:infoOrTrace(149)) - 742e875a-ad32-4ced-857e-d968cc0b4574:group-CE77E5FC2FCC:LeaderElection85 got exception when requesting votes: {}
java.util.concurrent.ExecutionException: org.apache.ratis.thirdparty.io.grpc.StatusRuntimeException: UNAVAILABLE: io exception
	at java.util.concurrent.FutureTask.report(FutureTask.java:122)
	at java.util.concurrent.FutureTask.get(FutureTask.java:192)
	at org.apache.ratis.server.impl.LeaderElection.waitForResults(LeaderElection.java:262)
	at org.apache.ratis.server.impl.LeaderElection.askForVotes(LeaderElection.java:200)
	at org.apache.ratis.server.impl.LeaderElection.run(LeaderElection.java:130)
	at java.lang.Thread.run(Thread.java:748)
Caused by: org.apache.ratis.thirdparty.io.grpc.StatusRuntimeException: UNAVAILABLE: io exception
	at org.apache.ratis.thirdparty.io.grpc.stub.ClientCalls.toStatusRuntimeException(ClientCalls.java:233)
	at org.apache.ratis.thirdparty.io.grpc.stub.ClientCalls.getUnchecked(ClientCalls.java:214)
	at org.apache.ratis.thirdparty.io.grpc.stub.ClientCalls.blockingUnaryCall(ClientCalls.java:139)
	at org.apache.ratis.proto.grpc.RaftServerProtocolServiceGrpc$RaftServerProtocolServiceBlockingStub.requestVote(RaftServerProtocolServiceGrpc.java:265)
	at org.apache.ratis.grpc.server.GrpcServerProtocolClient.requestVote(GrpcServerProtocolClient.java:83)
	at org.apache.ratis.grpc.server.GrpcService.requestVote(GrpcService.java:195)
	at org.apache.ratis.server.impl.LeaderElection.lambda$submitRequests$1(LeaderElection.java:237)
	at java.util.concurrent.FutureTask.run(FutureTask.java:266)
	at java.util.concurrent.Executors$RunnableAdapter.call(Executors.java:511)
	at java.util.concurrent.FutureTask.run(FutureTask.java:266)
	at java.util.concurrent.ThreadPoolExecutor.runWorker(ThreadPoolExecutor.java:1149)
	at java.util.concurrent.ThreadPoolExecutor$Worker.run(ThreadPoolExecutor.java:624)
	... 1 more
Caused by: org.apache.ratis.thirdparty.io.netty.channel.AbstractChannel$AnnotatedConnectException: Connection refused: /192.168.5.187:39626
	at sun.nio.ch.SocketChannelImpl.checkConnect(Native Method)
	at sun.nio.ch.SocketChannelImpl.finishConnect(SocketChannelImpl.java:717)
	at org.apache.ratis.thirdparty.io.netty.channel.socket.nio.NioSocketChannel.doFinishConnect(NioSocketChannel.java:327)
	at org.apache.ratis.thirdparty.io.netty.channel.nio.AbstractNioChannel$AbstractNioUnsafe.finishConnect(AbstractNioChannel.java:340)
	at org.apache.ratis.thirdparty.io.netty.channel.nio.NioEventLoop.processSelectedKey(NioEventLoop.java:632)
	at org.apache.ratis.thirdparty.io.netty.channel.nio.NioEventLoop.processSelectedKeysOptimized(NioEventLoop.java:579)
	at org.apache.ratis.thirdparty.io.netty.channel.nio.NioEventLoop.processSelectedKeys(NioEventLoop.java:496)
	at org.apache.ratis.thirdparty.io.netty.channel.nio.NioEventLoop.run(NioEventLoop.java:458)
	at org.apache.ratis.thirdparty.io.netty.util.concurrent.SingleThreadEventExecutor$5.run(SingleThreadEventExecutor.java:897)
	at org.apache.ratis.thirdparty.io.netty.util.concurrent.FastThreadLocalRunnable.run(FastThreadLocalRunnable.java:30)
	... 1 more
Caused by: java.net.ConnectException: Connection refused
	... 11 more
2019-07-13 16:36:47,711 INFO  impl.LeaderElection (LogUtils.java:infoOrTrace(149)) - 742e875a-ad32-4ced-857e-d968cc0b4574:group-CE77E5FC2FCC:LeaderElection85 got exception when requesting votes: {}
java.util.concurrent.ExecutionException: org.apache.ratis.thirdparty.io.grpc.StatusRuntimeException: UNAVAILABLE: io exception
	at java.util.concurrent.FutureTask.report(FutureTask.java:122)
	at java.util.concurrent.FutureTask.get(FutureTask.java:192)
	at org.apache.ratis.server.impl.LeaderElection.waitForResults(LeaderElection.java:262)
	at org.apache.ratis.server.impl.LeaderElection.askForVotes(LeaderElection.java:200)
	at org.apache.ratis.server.impl.LeaderElection.run(LeaderElection.java:130)
	at java.lang.Thread.run(Thread.java:748)
Caused by: org.apache.ratis.thirdparty.io.grpc.StatusRuntimeException: UNAVAILABLE: io exception
	at org.apache.ratis.thirdparty.io.grpc.stub.ClientCalls.toStatusRuntimeException(ClientCalls.java:233)
	at org.apache.ratis.thirdparty.io.grpc.stub.ClientCalls.getUnchecked(ClientCalls.java:214)
	at org.apache.ratis.thirdparty.io.grpc.stub.ClientCalls.blockingUnaryCall(ClientCalls.java:139)
	at org.apache.ratis.proto.grpc.RaftServerProtocolServiceGrpc$RaftServerProtocolServiceBlockingStub.requestVote(RaftServerProtocolServiceGrpc.java:265)
	at org.apache.ratis.grpc.server.GrpcServerProtocolClient.requestVote(GrpcServerProtocolClient.java:83)
	at org.apache.ratis.grpc.server.GrpcService.requestVote(GrpcService.java:195)
	at org.apache.ratis.server.impl.LeaderElection.lambda$submitRequests$1(LeaderElection.java:237)
	at java.util.concurrent.FutureTask.run(FutureTask.java:266)
	at java.util.concurrent.Executors$RunnableAdapter.call(Executors.java:511)
	at java.util.concurrent.FutureTask.run(FutureTask.java:266)
	at java.util.concurrent.ThreadPoolExecutor.runWorker(ThreadPoolExecutor.java:1149)
	at java.util.concurrent.ThreadPoolExecutor$Worker.run(ThreadPoolExecutor.java:624)
	... 1 more
Caused by: org.apache.ratis.thirdparty.io.netty.channel.AbstractChannel$AnnotatedConnectException: Connection refused: /192.168.5.187:39423
	at sun.nio.ch.SocketChannelImpl.checkConnect(Native Method)
	at sun.nio.ch.SocketChannelImpl.finishConnect(SocketChannelImpl.java:717)
	at org.apache.ratis.thirdparty.io.netty.channel.socket.nio.NioSocketChannel.doFinishConnect(NioSocketChannel.java:327)
	at org.apache.ratis.thirdparty.io.netty.channel.nio.AbstractNioChannel$AbstractNioUnsafe.finishConnect(AbstractNioChannel.java:340)
	at org.apache.ratis.thirdparty.io.netty.channel.nio.NioEventLoop.processSelectedKey(NioEventLoop.java:632)
	at org.apache.ratis.thirdparty.io.netty.channel.nio.NioEventLoop.processSelectedKeysOptimized(NioEventLoop.java:579)
	at org.apache.ratis.thirdparty.io.netty.channel.nio.NioEventLoop.processSelectedKeys(NioEventLoop.java:496)
	at org.apache.ratis.thirdparty.io.netty.channel.nio.NioEventLoop.run(NioEventLoop.java:458)
	at org.apache.ratis.thirdparty.io.netty.util.concurrent.SingleThreadEventExecutor$5.run(SingleThreadEventExecutor.java:897)
	at org.apache.ratis.thirdparty.io.netty.util.concurrent.FastThreadLocalRunnable.run(FastThreadLocalRunnable.java:30)
	... 1 more
Caused by: java.net.ConnectException: Connection refused
	... 11 more
2019-07-13 16:36:47,720 INFO  impl.LeaderElection (LeaderElection.java:logAndReturn(56)) - 742e875a-ad32-4ced-857e-d968cc0b4574:group-CE77E5FC2FCC:LeaderElection85: Election REJECTED; received 0 response(s) [] and 2 exception(s); 742e875a-ad32-4ced-857e-d968cc0b4574:t2, leader=null, voted=742e875a-ad32-4ced-857e-d968cc0b4574, raftlog=742e875a-ad32-4ced-857e-d968cc0b4574-SegmentedRaftLog:OPENED:c15,f15,i15, conf=0: [742e875a-ad32-4ced-857e-d968cc0b4574:192.168.5.187:43823, a5f89e50-d2fe-4554-884e-b37dd0441734:192.168.5.187:39423, 8be3c74b-a425-4f91-859e-d13726acc04f:192.168.5.187:39626], old=null
2019-07-13 16:36:47,721 INFO  impl.LeaderElection (LogUtils.java:infoOrTrace(149)) -   Exception 0: {}
java.util.concurrent.ExecutionException: org.apache.ratis.thirdparty.io.grpc.StatusRuntimeException: UNAVAILABLE: io exception
	at java.util.concurrent.FutureTask.report(FutureTask.java:122)
	at java.util.concurrent.FutureTask.get(FutureTask.java:192)
	at org.apache.ratis.server.impl.LeaderElection.waitForResults(LeaderElection.java:262)
	at org.apache.ratis.server.impl.LeaderElection.askForVotes(LeaderElection.java:200)
	at org.apache.ratis.server.impl.LeaderElection.run(LeaderElection.java:130)
	at java.lang.Thread.run(Thread.java:748)
Caused by: org.apache.ratis.thirdparty.io.grpc.StatusRuntimeException: UNAVAILABLE: io exception
	at org.apache.ratis.thirdparty.io.grpc.stub.ClientCalls.toStatusRuntimeException(ClientCalls.java:233)
	at org.apache.ratis.thirdparty.io.grpc.stub.ClientCalls.getUnchecked(ClientCalls.java:214)
	at org.apache.ratis.thirdparty.io.grpc.stub.ClientCalls.blockingUnaryCall(ClientCalls.java:139)
	at org.apache.ratis.proto.grpc.RaftServerProtocolServiceGrpc$RaftServerProtocolServiceBlockingStub.requestVote(RaftServerProtocolServiceGrpc.java:265)
	at org.apache.ratis.grpc.server.GrpcServerProtocolClient.requestVote(GrpcServerProtocolClient.java:83)
	at org.apache.ratis.grpc.server.GrpcService.requestVote(GrpcService.java:195)
	at org.apache.ratis.server.impl.LeaderElection.lambda$submitRequests$1(LeaderElection.java:237)
	at java.util.concurrent.FutureTask.run(FutureTask.java:266)
	at java.util.concurrent.Executors$RunnableAdapter.call(Executors.java:511)
	at java.util.concurrent.FutureTask.run(FutureTask.java:266)
	at java.util.concurrent.ThreadPoolExecutor.runWorker(ThreadPoolExecutor.java:1149)
	at java.util.concurrent.ThreadPoolExecutor$Worker.run(ThreadPoolExecutor.java:624)
	... 1 more
Caused by: org.apache.ratis.thirdparty.io.netty.channel.AbstractChannel$AnnotatedConnectException: Connection refused: /192.168.5.187:39626
	at sun.nio.ch.SocketChannelImpl.checkConnect(Native Method)
	at sun.nio.ch.SocketChannelImpl.finishConnect(SocketChannelImpl.java:717)
	at org.apache.ratis.thirdparty.io.netty.channel.socket.nio.NioSocketChannel.doFinishConnect(NioSocketChannel.java:327)
	at org.apache.ratis.thirdparty.io.netty.channel.nio.AbstractNioChannel$AbstractNioUnsafe.finishConnect(AbstractNioChannel.java:340)
	at org.apache.ratis.thirdparty.io.netty.channel.nio.NioEventLoop.processSelectedKey(NioEventLoop.java:632)
	at org.apache.ratis.thirdparty.io.netty.channel.nio.NioEventLoop.processSelectedKeysOptimized(NioEventLoop.java:579)
	at org.apache.ratis.thirdparty.io.netty.channel.nio.NioEventLoop.processSelectedKeys(NioEventLoop.java:496)
	at org.apache.ratis.thirdparty.io.netty.channel.nio.NioEventLoop.run(NioEventLoop.java:458)
	at org.apache.ratis.thirdparty.io.netty.util.concurrent.SingleThreadEventExecutor$5.run(SingleThreadEventExecutor.java:897)
	at org.apache.ratis.thirdparty.io.netty.util.concurrent.FastThreadLocalRunnable.run(FastThreadLocalRunnable.java:30)
	... 1 more
Caused by: java.net.ConnectException: Connection refused
	... 11 more
2019-07-13 16:36:47,721 INFO  impl.LeaderElection (LogUtils.java:infoOrTrace(149)) -   Exception 1: {}
java.util.concurrent.ExecutionException: org.apache.ratis.thirdparty.io.grpc.StatusRuntimeException: UNAVAILABLE: io exception
	at java.util.concurrent.FutureTask.report(FutureTask.java:122)
	at java.util.concurrent.FutureTask.get(FutureTask.java:192)
	at org.apache.ratis.server.impl.LeaderElection.waitForResults(LeaderElection.java:262)
	at org.apache.ratis.server.impl.LeaderElection.askForVotes(LeaderElection.java:200)
	at org.apache.ratis.server.impl.LeaderElection.run(LeaderElection.java:130)
	at java.lang.Thread.run(Thread.java:748)
Caused by: org.apache.ratis.thirdparty.io.grpc.StatusRuntimeException: UNAVAILABLE: io exception
	at org.apache.ratis.thirdparty.io.grpc.stub.ClientCalls.toStatusRuntimeException(ClientCalls.java:233)
	at org.apache.ratis.thirdparty.io.grpc.stub.ClientCalls.getUnchecked(ClientCalls.java:214)
	at org.apache.ratis.thirdparty.io.grpc.stub.ClientCalls.blockingUnaryCall(ClientCalls.java:139)
	at org.apache.ratis.proto.grpc.RaftServerProtocolServiceGrpc$RaftServerProtocolServiceBlockingStub.requestVote(RaftServerProtocolServiceGrpc.java:265)
	at org.apache.ratis.grpc.server.GrpcServerProtocolClient.requestVote(GrpcServerProtocolClient.java:83)
	at org.apache.ratis.grpc.server.GrpcService.requestVote(GrpcService.java:195)
	at org.apache.ratis.server.impl.LeaderElection.lambda$submitRequests$1(LeaderElection.java:237)
	at java.util.concurrent.FutureTask.run(FutureTask.java:266)
	at java.util.concurrent.Executors$RunnableAdapter.call(Executors.java:511)
	at java.util.concurrent.FutureTask.run(FutureTask.java:266)
	at java.util.concurrent.ThreadPoolExecutor.runWorker(ThreadPoolExecutor.java:1149)
	at java.util.concurrent.ThreadPoolExecutor$Worker.run(ThreadPoolExecutor.java:624)
	... 1 more
Caused by: org.apache.ratis.thirdparty.io.netty.channel.AbstractChannel$AnnotatedConnectException: Connection refused: /192.168.5.187:39423
	at sun.nio.ch.SocketChannelImpl.checkConnect(Native Method)
	at sun.nio.ch.SocketChannelImpl.finishConnect(SocketChannelImpl.java:717)
	at org.apache.ratis.thirdparty.io.netty.channel.socket.nio.NioSocketChannel.doFinishConnect(NioSocketChannel.java:327)
	at org.apache.ratis.thirdparty.io.netty.channel.nio.AbstractNioChannel$AbstractNioUnsafe.finishConnect(AbstractNioChannel.java:340)
	at org.apache.ratis.thirdparty.io.netty.channel.nio.NioEventLoop.processSelectedKey(NioEventLoop.java:632)
	at org.apache.ratis.thirdparty.io.netty.channel.nio.NioEventLoop.processSelectedKeysOptimized(NioEventLoop.java:579)
	at org.apache.ratis.thirdparty.io.netty.channel.nio.NioEventLoop.processSelectedKeys(NioEventLoop.java:496)
	at org.apache.ratis.thirdparty.io.netty.channel.nio.NioEventLoop.run(NioEventLoop.java:458)
	at org.apache.ratis.thirdparty.io.netty.util.concurrent.SingleThreadEventExecutor$5.run(SingleThreadEventExecutor.java:897)
	at org.apache.ratis.thirdparty.io.netty.util.concurrent.FastThreadLocalRunnable.run(FastThreadLocalRunnable.java:30)
	... 1 more
Caused by: java.net.ConnectException: Connection refused
	... 11 more
2019-07-13 16:36:47,721 INFO  impl.RaftServerImpl (RaftServerImpl.java:setRole(171)) - 742e875a-ad32-4ced-857e-d968cc0b4574:group-CE77E5FC2FCC changes role from CANDIDATE to FOLLOWER at term 2 for DISCOVERED_A_NEW_TERM
2019-07-13 16:36:47,721 INFO  impl.RoleInfo (RoleInfo.java:shutdownLeaderElection(134)) - 742e875a-ad32-4ced-857e-d968cc0b4574: shutdown LeaderElection
2019-07-13 16:36:47,721 INFO  impl.RoleInfo (RoleInfo.java:updateAndGet(143)) - 742e875a-ad32-4ced-857e-d968cc0b4574: start FollowerState
2019-07-13 16:36:49,908 INFO  node.StaleNodeHandler (StaleNodeHandler.java:onMessage(58)) - Datanode 742e875a-ad32-4ced-857e-d968cc0b4574{ip: 192.168.5.187, host: trunk-nightly-z92hn-1831959607, networkLocation: /default-rack, certSerialId: null} moved to stale state. Finalizing its pipelines [PipelineID=85ae8afa-4e9e-4030-817d-ce77e5fc2fcc, PipelineID=bc78d86e-9e6b-4f12-8ceb-0fc9860eadde]
2019-07-13 16:36:49,908 INFO  pipeline.SCMPipelineManager (SCMPipelineManager.java:finalizeAndDestroyPipeline(309)) - destroying pipeline:Pipeline[ Id: 85ae8afa-4e9e-4030-817d-ce77e5fc2fcc, Nodes: a5f89e50-d2fe-4554-884e-b37dd0441734{ip: 192.168.5.187, host: trunk-nightly-z92hn-1831959607, networkLocation: /default-rack, certSerialId: null}742e875a-ad32-4ced-857e-d968cc0b4574{ip: 192.168.5.187, host: trunk-nightly-z92hn-1831959607, networkLocation: /default-rack, certSerialId: null}8be3c74b-a425-4f91-859e-d13726acc04f{ip: 192.168.5.187, host: trunk-nightly-z92hn-1831959607, networkLocation: /default-rack, certSerialId: null}, Type:RATIS, Factor:THREE, State:CLOSED]
2019-07-13 16:36:49,909 INFO  pipeline.SCMPipelineManager (SCMPipelineManager.java:finalizeAndDestroyPipeline(309)) - destroying pipeline:Pipeline[ Id: bc78d86e-9e6b-4f12-8ceb-0fc9860eadde, Nodes: 742e875a-ad32-4ced-857e-d968cc0b4574{ip: 192.168.5.187, host: trunk-nightly-z92hn-1831959607, networkLocation: /default-rack, certSerialId: null}, Type:RATIS, Factor:ONE, State:OPEN]
2019-07-13 16:36:49,909 INFO  pipeline.PipelineStateManager (PipelineStateManager.java:finalizePipeline(123)) - Pipeline Pipeline[ Id: bc78d86e-9e6b-4f12-8ceb-0fc9860eadde, Nodes: 742e875a-ad32-4ced-857e-d968cc0b4574{ip: 192.168.5.187, host: trunk-nightly-z92hn-1831959607, networkLocation: /default-rack, certSerialId: null}, Type:RATIS, Factor:ONE, State:CLOSED] moved to CLOSED state
2019-07-13 16:36:50,626 INFO  ozoneimpl.OzoneContainer (OzoneContainer.java:stop(199)) - Attempting to stop container services.
2019-07-13 16:36:50,627 INFO  impl.RaftServerProxy (RaftServerProxy.java:lambda$close$4(314)) - 742e875a-ad32-4ced-857e-d968cc0b4574: close
2019-07-13 16:36:50,628 INFO  impl.RaftServerImpl (RaftServerImpl.java:lambda$shutdown$3(245)) - 742e875a-ad32-4ced-857e-d968cc0b4574: shutdown group-CE77E5FC2FCC
2019-07-13 16:36:50,628 INFO  impl.RaftServerImpl (RaftServerImpl.java:lambda$shutdown$3(245)) - 742e875a-ad32-4ced-857e-d968cc0b4574: shutdown group-0FC9860EADDE
2019-07-13 16:36:50,628 INFO  util.JmxRegister (JmxRegister.java:unregister(73)) - Successfully un-registered JMX Bean with object name Ratis:service=RaftServer,group=group-CE77E5FC2FCC,id=742e875a-ad32-4ced-857e-d968cc0b4574
2019-07-13 16:36:50,628 INFO  util.JmxRegister (JmxRegister.java:unregister(73)) - Successfully un-registered JMX Bean with object name Ratis:service=RaftServer,group=group-0FC9860EADDE,id=742e875a-ad32-4ced-857e-d968cc0b4574
2019-07-13 16:36:50,629 INFO  impl.RoleInfo (RoleInfo.java:shutdownFollowerState(121)) - 742e875a-ad32-4ced-857e-d968cc0b4574: shutdown FollowerState
2019-07-13 16:36:50,629 INFO  impl.RoleInfo (RoleInfo.java:shutdownLeaderState(104)) - 742e875a-ad32-4ced-857e-d968cc0b4574: shutdown LeaderState
2019-07-13 16:36:50,630 INFO  impl.FollowerState (FollowerState.java:run(114)) - 742e875a-ad32-4ced-857e-d968cc0b4574: FollowerState was interrupted: java.lang.InterruptedException: sleep interrupted
2019-07-13 16:36:50,630 INFO  ratis.ContainerStateMachine (ContainerStateMachine.java:takeSnapshot(246)) - Taking snapshot at termIndex:(t:1, i:13)
2019-07-13 16:36:50,632 INFO  ratis.ContainerStateMachine (ContainerStateMachine.java:takeSnapshot(250)) - Taking a snapshot to file /tmp/workdir/hadoop-ozone/integration-test/target/test-dir/MiniOzoneClusterImpl-8a4f94c6-6d05-4673-8985-c7ce61029340/datanode-5/data/ratis/85ae8afa-4e9e-4030-817d-ce77e5fc2fcc/sm/snapshot.1_13
2019-07-13 16:36:50,629 INFO  impl.StateMachineUpdater (StateMachineUpdater.java:stopAndJoin(115)) - StateMachineUpdater:742e875a-ad32-4ced-857e-d968cc0b4574:group-CE77E5FC2FCC: set stopIndex = 15
2019-07-13 16:36:50,632 INFO  impl.StateMachineUpdater (StateMachineUpdater.java:takeSnapshot(242)) - StateMachineUpdater:742e875a-ad32-4ced-857e-d968cc0b4574:group-CE77E5FC2FCC: Took a snapshot at index 13
2019-07-13 16:36:50,630 INFO  impl.PendingRequests (PendingRequests.java:sendNotLeaderResponses(202)) - 742e875a-ad32-4ced-857e-d968cc0b4574-PendingRequests: sendNotLeaderResponses
2019-07-13 16:36:50,633 INFO  ratis.ContainerStateMachine (ContainerStateMachine.java:takeSnapshot(246)) - Taking snapshot at termIndex:(t:0, i:~)
2019-07-13 16:36:50,633 INFO  impl.StateMachineUpdater (StateMachineUpdater.java:lambda$new$0(80)) - StateMachineUpdater:742e875a-ad32-4ced-857e-d968cc0b4574:group-CE77E5FC2FCC: snapshotIndex: updateIncreasingly -1 -> 13
2019-07-13 16:36:50,633 INFO  impl.StateMachineUpdater (StateMachineUpdater.java:stopAndJoin(115)) - StateMachineUpdater:742e875a-ad32-4ced-857e-d968cc0b4574:group-0FC9860EADDE: set stopIndex = 0
2019-07-13 16:36:50,634 INFO  impl.RaftServerImpl (ServerState.java:close(394)) - 742e875a-ad32-4ced-857e-d968cc0b4574:group-0FC9860EADDE closes. The last applied log index is 0
2019-07-13 16:36:50,634 INFO  impl.RaftServerImpl (ServerState.java:close(394)) - 742e875a-ad32-4ced-857e-d968cc0b4574:group-CE77E5FC2FCC closes. The last applied log index is 15
2019-07-13 16:36:50,634 INFO  segmented.SegmentedRaftLogWorker (SegmentedRaftLogWorker.java:run(313)) - 742e875a-ad32-4ced-857e-d968cc0b4574-SegmentedRaftLogWorker:Storage Directory /tmp/workdir/hadoop-ozone/integration-test/target/test-dir/MiniOzoneClusterImpl-8a4f94c6-6d05-4673-8985-c7ce61029340/datanode-5/data/ratis/bc78d86e-9e6b-4f12-8ceb-0fc9860eadde was interrupted, exiting. There are 0 tasks remaining in the queue.
2019-07-13 16:36:50,634 INFO  segmented.SegmentedRaftLogWorker (SegmentedRaftLogWorker.java:run(313)) - 742e875a-ad32-4ced-857e-d968cc0b4574-SegmentedRaftLogWorker:Storage Directory /tmp/workdir/hadoop-ozone/integration-test/target/test-dir/MiniOzoneClusterImpl-8a4f94c6-6d05-4673-8985-c7ce61029340/datanode-5/data/ratis/85ae8afa-4e9e-4030-817d-ce77e5fc2fcc was interrupted, exiting. There are 0 tasks remaining in the queue.
2019-07-13 16:36:50,635 INFO  segmented.SegmentedRaftLogWorker (SegmentedRaftLogWorker.java:close(228)) - 742e875a-ad32-4ced-857e-d968cc0b4574-SegmentedRaftLogWorker:Storage Directory /tmp/workdir/hadoop-ozone/integration-test/target/test-dir/MiniOzoneClusterImpl-8a4f94c6-6d05-4673-8985-c7ce61029340/datanode-5/data/ratis/85ae8afa-4e9e-4030-817d-ce77e5fc2fcc close()
2019-07-13 16:36:50,635 INFO  segmented.SegmentedRaftLogWorker (SegmentedRaftLogWorker.java:close(228)) - 742e875a-ad32-4ced-857e-d968cc0b4574-SegmentedRaftLogWorker:Storage Directory /tmp/workdir/hadoop-ozone/integration-test/target/test-dir/MiniOzoneClusterImpl-8a4f94c6-6d05-4673-8985-c7ce61029340/datanode-5/data/ratis/bc78d86e-9e6b-4f12-8ceb-0fc9860eadde close()
2019-07-13 16:36:50,638 INFO  server.GrpcService (GrpcService.java:closeImpl(155)) - 742e875a-ad32-4ced-857e-d968cc0b4574: shutdown server with port 43823 now
2019-07-13 16:36:50,639 INFO  server.GrpcService (GrpcService.java:closeImpl(163)) - 742e875a-ad32-4ced-857e-d968cc0b4574: shutdown server with port 43823 successfully
2019-07-13 16:36:50,640 INFO  utils.BackgroundService (BackgroundService.java:shutdown(148)) - Shutting down service BlockDeletingService
2019-07-13 16:36:50,643 WARN  fs.CachingGetSpaceUsed (CachingGetSpaceUsed.java:run(183)) - Thread Interrupted waiting to refresh disk information: sleep interrupted
2019-07-13 16:36:50,661 INFO  statemachine.DatanodeStateMachine (DatanodeStateMachine.java:stopDaemon(395)) - Ozone container server stopped.
2019-07-13 16:36:50,673 INFO  handler.ContextHandler (ContextHandler.java:doStop(910)) - Stopped o.e.j.w.WebAppContext@184d73af{/,null,UNAVAILABLE}{/hddsDatanode}
2019-07-13 16:36:50,674 INFO  server.AbstractConnector (AbstractConnector.java:doStop(318)) - Stopped ServerConnector@7ef9c234{HTTP/1.1,[http/1.1]}{0.0.0.0:0}
2019-07-13 16:36:50,675 INFO  handler.ContextHandler (ContextHandler.java:doStop(910)) - Stopped o.e.j.s.ServletContextHandler@6bbcb69f{/static,jar:file:/home/user/.m2/repository/org/apache/hadoop/hadoop-hdds-container-service/0.5.0-SNAPSHOT/hadoop-hdds-container-service-0.5.0-SNAPSHOT.jar!/webapps/static,UNAVAILABLE}
2019-07-13 16:36:50,675 INFO  handler.ContextHandler (ContextHandler.java:doStop(910)) - Stopped o.e.j.s.ServletContextHandler@4c55d3ce{/logs,file:///tmp/workdir/hadoop-ozone/integration-test/target/log,UNAVAILABLE}
2019-07-13 16:36:50,676 INFO  ozone.MiniOzoneClusterImpl (MiniOzoneClusterImpl.java:stop(353)) - Stopping the StorageContainerManager
2019-07-13 16:36:50,676 INFO  server.StorageContainerManager (StorageContainerManager.java:stop(796)) - Stopping Replication Manager Service.
2019-07-13 16:36:50,676 INFO  container.ReplicationManager (ReplicationManager.java:stop(187)) - Stopping Replication Monitor Thread.
2019-07-13 16:36:50,677 INFO  server.StorageContainerManager (StorageContainerManager.java:stop(803)) - Stopping Lease Manager of the command watchers
2019-07-13 16:36:50,677 INFO  server.StorageContainerManager (StorageContainerManager.java:stop(810)) - Stopping datanode service RPC server
2019-07-13 16:36:50,677 INFO  server.SCMDatanodeProtocolServer (SCMDatanodeProtocolServer.java:stop(375)) - Stopping the RPC server for DataNodes
2019-07-13 16:36:50,677 INFO  ipc.Server (Server.java:stop(3082)) - Stopping server on 40572
2019-07-13 16:36:50,679 INFO  ipc.Server (Server.java:run(1185)) - Stopping IPC Server listener on 40572
2019-07-13 16:36:50,680 INFO  ipc.Server (Server.java:run(1319)) - Stopping IPC Server Responder
2019-07-13 16:36:50,709 WARN  node.NodeStateManager (NodeStateManager.java:scheduleNextHealthCheck(631)) - Current Thread is interrupted, shutting down HB processing thread for Node Manager.
2019-07-13 16:36:50,709 INFO  server.StorageContainerManager (StorageContainerManager.java:stop(818)) - Stopping block service RPC server
2019-07-13 16:36:50,710 INFO  server.SCMBlockProtocolServer (SCMBlockProtocolServer.java:stop(148)) - Stopping the RPC server for Block Protocol
2019-07-13 16:36:50,710 INFO  ipc.Server (Server.java:stop(3082)) - Stopping server on 34061
2019-07-13 16:36:50,712 INFO  ipc.Server (Server.java:run(1185)) - Stopping IPC Server listener on 34061
2019-07-13 16:36:50,712 INFO  server.StorageContainerManager (StorageContainerManager.java:stop(825)) - Stopping the StorageContainerLocationProtocol RPC server
2019-07-13 16:36:50,713 INFO  server.SCMClientProtocolServer (SCMClientProtocolServer.java:stop(157)) - Stopping the RPC server for Client Protocol
2019-07-13 16:36:50,714 INFO  ipc.Server (Server.java:stop(3082)) - Stopping server on 36928
2019-07-13 16:36:50,713 INFO  ipc.Server (Server.java:run(1319)) - Stopping IPC Server Responder
2019-07-13 16:36:50,716 INFO  ipc.Server (Server.java:run(1185)) - Stopping IPC Server listener on 36928
2019-07-13 16:36:50,716 INFO  server.StorageContainerManager (StorageContainerManager.java:stop(832)) - Stopping Storage Container Manager HTTP server.
2019-07-13 16:36:50,717 INFO  ipc.Server (Server.java:run(1319)) - Stopping IPC Server Responder
2019-07-13 16:36:50,718 INFO  handler.ContextHandler (ContextHandler.java:doStop(910)) - Stopped o.e.j.w.WebAppContext@6f96d39f{/,null,UNAVAILABLE}{/scm}
2019-07-13 16:36:50,719 INFO  server.AbstractConnector (AbstractConnector.java:doStop(318)) - Stopped ServerConnector@5f49c09d{HTTP/1.1,[http/1.1]}{0.0.0.0:0}
2019-07-13 16:36:50,719 INFO  handler.ContextHandler (ContextHandler.java:doStop(910)) - Stopped o.e.j.s.ServletContextHandler@74bca236{/static,file:///tmp/workdir/hadoop-ozone/integration-test/target/test-classes/webapps/static,UNAVAILABLE}
2019-07-13 16:36:50,720 INFO  handler.ContextHandler (ContextHandler.java:doStop(910)) - Stopped o.e.j.s.ServletContextHandler@63604641{/logs,file:///tmp/workdir/hadoop-ozone/integration-test/target/log,UNAVAILABLE}
2019-07-13 16:36:50,721 INFO  server.StorageContainerManager (StorageContainerManager.java:stop(843)) - Stopping Block Manager Service.
2019-07-13 16:36:50,721 INFO  utils.BackgroundService (BackgroundService.java:shutdown(148)) - Shutting down service SCMBlockDeletingService
2019-07-13 16:36:50,721 INFO  utils.BackgroundService (BackgroundService.java:shutdown(148)) - Shutting down service SCMBlockDeletingService
2019-07-13 16:36:50,721 INFO  server.StorageContainerManager (StorageContainerManager.java:stop(865)) - Stopping SCM Event Queue.
2019-07-13 16:36:50,726 INFO  impl.MetricsSystemImpl (MetricsSystemImpl.java:stop(210)) - Stopping HddsDatanode metrics system...
2019-07-13 16:36:50,737 INFO  impl.MetricsSystemImpl (MetricsSystemImpl.java:stop(216)) - HddsDatanode metrics system stopped.
]]></system-out>
    <system-err><![CDATA[Jul 13, 2019 4:36:11 PM com.sun.jersey.server.impl.application.WebApplicationImpl _initiate
INFO: Initiating Jersey application, version 'Jersey: 1.19 02/11/2015 03:25 AM'
Jul 13, 2019 4:36:12 PM com.sun.jersey.server.impl.application.WebApplicationImpl _initiate
INFO: Initiating Jersey application, version 'Jersey: 1.19 02/11/2015 03:25 AM'
Jul 13, 2019 4:36:12 PM com.sun.jersey.server.impl.application.WebApplicationImpl _initiate
INFO: Initiating Jersey application, version 'Jersey: 1.19 02/11/2015 03:25 AM'
Jul 13, 2019 4:36:12 PM com.sun.jersey.server.impl.application.WebApplicationImpl _initiate
INFO: Initiating Jersey application, version 'Jersey: 1.19 02/11/2015 03:25 AM'
Jul 13, 2019 4:36:12 PM com.sun.jersey.server.impl.application.WebApplicationImpl _initiate
INFO: Initiating Jersey application, version 'Jersey: 1.19 02/11/2015 03:25 AM'
Jul 13, 2019 4:36:12 PM com.sun.jersey.server.impl.application.WebApplicationImpl _initiate
INFO: Initiating Jersey application, version 'Jersey: 1.19 02/11/2015 03:25 AM'
Jul 13, 2019 4:36:12 PM com.sun.jersey.server.impl.application.WebApplicationImpl _initiate
INFO: Initiating Jersey application, version 'Jersey: 1.19 02/11/2015 03:25 AM'
Jul 13, 2019 4:36:37 PM org.apache.ratis.thirdparty.io.grpc.internal.ManagedChannelOrphanWrapper$ManagedChannelReference cleanQueue
SEVERE: *~*~*~ Channel ManagedChannelImpl{logId=2990, target=192.168.5.187:40345} was not shutdown properly!!! ~*~*~*
    Make sure to call shutdown()/shutdownNow() and wait until awaitTermination() returns true.
java.lang.RuntimeException: ManagedChannel allocation site
	at org.apache.ratis.thirdparty.io.grpc.internal.ManagedChannelOrphanWrapper$ManagedChannelReference.<init>(ManagedChannelOrphanWrapper.java:103)
	at org.apache.ratis.thirdparty.io.grpc.internal.ManagedChannelOrphanWrapper.<init>(ManagedChannelOrphanWrapper.java:53)
	at org.apache.ratis.thirdparty.io.grpc.internal.ManagedChannelOrphanWrapper.<init>(ManagedChannelOrphanWrapper.java:44)
	at org.apache.ratis.thirdparty.io.grpc.internal.AbstractManagedChannelImplBuilder.build(AbstractManagedChannelImplBuilder.java:411)
	at org.apache.ratis.grpc.client.GrpcClientProtocolClient.<init>(GrpcClientProtocolClient.java:119)
	at org.apache.ratis.grpc.client.GrpcClientRpc.lambda$new$0(GrpcClientRpc.java:55)
	at org.apache.ratis.util.PeerProxyMap$PeerAndProxy.lambda$getProxy$0(PeerProxyMap.java:61)
	at org.apache.ratis.util.LifeCycle.startAndTransition(LifeCycle.java:202)
	at org.apache.ratis.util.PeerProxyMap$PeerAndProxy.getProxy(PeerProxyMap.java:60)
	at org.apache.ratis.util.PeerProxyMap.getProxy(PeerProxyMap.java:107)
	at org.apache.ratis.grpc.client.GrpcClientRpc.sendRequestAsync(GrpcClientRpc.java:66)
	at org.apache.ratis.client.impl.OrderedAsync.sendRequest(OrderedAsync.java:208)
	at org.apache.ratis.client.impl.OrderedAsync.sendRequestWithRetry(OrderedAsync.java:169)
	at org.apache.ratis.util.SlidingWindow$Client.sendOrDelayRequest(SlidingWindow.java:278)
	at org.apache.ratis.util.SlidingWindow$Client.retry(SlidingWindow.java:294)
	at org.apache.ratis.client.impl.OrderedAsync.lambda$scheduleWithTimeout$7(OrderedAsync.java:195)
	at org.apache.ratis.util.TimeoutScheduler.lambda$onTimeout$0(TimeoutScheduler.java:85)
	at org.apache.ratis.util.TimeoutScheduler.lambda$onTimeout$1(TimeoutScheduler.java:104)
	at org.apache.ratis.util.LogUtils.runAndLog(LogUtils.java:50)
	at org.apache.ratis.util.LogUtils$1.run(LogUtils.java:91)
	at java.util.concurrent.Executors$RunnableAdapter.call(Executors.java:511)
	at java.util.concurrent.FutureTask.run(FutureTask.java:266)
	at java.util.concurrent.ScheduledThreadPoolExecutor$ScheduledFutureTask.access$201(ScheduledThreadPoolExecutor.java:180)
	at java.util.concurrent.ScheduledThreadPoolExecutor$ScheduledFutureTask.run(ScheduledThreadPoolExecutor.java:293)
	at java.util.concurrent.ThreadPoolExecutor.runWorker(ThreadPoolExecutor.java:1149)
	at java.util.concurrent.ThreadPoolExecutor$Worker.run(ThreadPoolExecutor.java:624)
	at java.lang.Thread.run(Thread.java:748)

]]></system-err>
  </testcase>
  <testcase name="testExceptionDuringClose" classname="org.apache.hadoop.ozone.client.rpc.TestBlockOutputStreamWithFailures" time="37.313">
    <error type="java.lang.IllegalArgumentException">java.lang.IllegalArgumentException
	at com.google.common.base.Preconditions.checkArgument(Preconditions.java:72)
	at org.apache.hadoop.hdds.scm.XceiverClientManager.acquireClient(XceiverClientManager.java:150)
	at org.apache.hadoop.hdds.scm.XceiverClientManager.acquireClientForReadData(XceiverClientManager.java:143)
	at org.apache.hadoop.hdds.scm.storage.BlockInputStream.getChunkInfos(BlockInputStream.java:154)
	at org.apache.hadoop.hdds.scm.storage.BlockInputStream.initialize(BlockInputStream.java:118)
	at org.apache.hadoop.hdds.scm.storage.BlockInputStream.read(BlockInputStream.java:222)
	at org.apache.hadoop.ozone.client.io.KeyInputStream.read(KeyInputStream.java:171)
	at org.apache.hadoop.ozone.client.io.OzoneInputStream.read(OzoneInputStream.java:47)
	at java.io.InputStream.read(InputStream.java:101)
	at org.apache.hadoop.ozone.container.ContainerTestHelper.validateData(ContainerTestHelper.java:709)
	at org.apache.hadoop.ozone.client.rpc.TestBlockOutputStreamWithFailures.validateData(TestBlockOutputStreamWithFailures.java:1212)
	at org.apache.hadoop.ozone.client.rpc.TestBlockOutputStreamWithFailures.testExceptionDuringClose(TestBlockOutputStreamWithFailures.java:773)
	at sun.reflect.NativeMethodAccessorImpl.invoke0(Native Method)
	at sun.reflect.NativeMethodAccessorImpl.invoke(NativeMethodAccessorImpl.java:62)
	at sun.reflect.DelegatingMethodAccessorImpl.invoke(DelegatingMethodAccessorImpl.java:43)
	at java.lang.reflect.Method.invoke(Method.java:498)
	at org.junit.runners.model.FrameworkMethod$1.runReflectiveCall(FrameworkMethod.java:47)
	at org.junit.internal.runners.model.ReflectiveCallable.run(ReflectiveCallable.java:12)
	at org.junit.runners.model.FrameworkMethod.invokeExplosively(FrameworkMethod.java:44)
	at org.junit.internal.runners.statements.InvokeMethod.evaluate(InvokeMethod.java:17)
	at org.junit.internal.runners.statements.RunBefores.evaluate(RunBefores.java:26)
	at org.junit.internal.runners.statements.RunAfters.evaluate(RunAfters.java:27)
	at org.junit.runners.ParentRunner.runLeaf(ParentRunner.java:271)
	at org.junit.runners.BlockJUnit4ClassRunner.runChild(BlockJUnit4ClassRunner.java:70)
	at org.junit.runners.BlockJUnit4ClassRunner.runChild(BlockJUnit4ClassRunner.java:50)
	at org.junit.runners.ParentRunner$3.run(ParentRunner.java:238)
	at org.junit.runners.ParentRunner$1.schedule(ParentRunner.java:63)
	at org.junit.runners.ParentRunner.runChildren(ParentRunner.java:236)
	at org.junit.runners.ParentRunner.access$000(ParentRunner.java:53)
	at org.junit.runners.ParentRunner$2.evaluate(ParentRunner.java:229)
	at org.junit.runners.ParentRunner.run(ParentRunner.java:309)
	at org.apache.maven.surefire.junit4.JUnit4Provider.execute(JUnit4Provider.java:365)
	at org.apache.maven.surefire.junit4.JUnit4Provider.executeWithRerun(JUnit4Provider.java:273)
	at org.apache.maven.surefire.junit4.JUnit4Provider.executeTestSet(JUnit4Provider.java:238)
	at org.apache.maven.surefire.junit4.JUnit4Provider.invoke(JUnit4Provider.java:159)
	at org.apache.maven.surefire.booter.ForkedBooter.invokeProviderInSameClassLoader(ForkedBooter.java:384)
	at org.apache.maven.surefire.booter.ForkedBooter.runSuitesInProcess(ForkedBooter.java:345)
	at org.apache.maven.surefire.booter.ForkedBooter.execute(ForkedBooter.java:126)
	at org.apache.maven.surefire.booter.ForkedBooter.main(ForkedBooter.java:418)
</error>
    <system-out><![CDATA[2019-07-13 16:36:50,784 WARN  server.ServerUtils (ServerUtils.java:getScmDbDir(145)) - ozone.scm.db.dirs is not configured. We recommend adding this setting. Falling back to ozone.metadata.dirs instead.
2019-07-13 16:36:50,801 WARN  server.ServerUtils (ServerUtils.java:getScmDbDir(145)) - ozone.scm.db.dirs is not configured. We recommend adding this setting. Falling back to ozone.metadata.dirs instead.
2019-07-13 16:36:50,801 WARN  server.ServerUtils (ServerUtils.java:getScmDbDir(145)) - ozone.scm.db.dirs is not configured. We recommend adding this setting. Falling back to ozone.metadata.dirs instead.
2019-07-13 16:36:50,801 INFO  db.DBStoreBuilder (DBStoreBuilder.java:addTable(110)) - using custom profile for table: deletedBlocks
2019-07-13 16:36:50,802 INFO  db.DBStoreBuilder (DBStoreBuilder.java:processTables(161)) - Using default column profile:DBProfile.DISK for Table:deletedBlocks
2019-07-13 16:36:50,802 INFO  db.DBStoreBuilder (DBStoreBuilder.java:addTable(110)) - using custom profile for table: validCerts
2019-07-13 16:36:50,802 INFO  db.DBStoreBuilder (DBStoreBuilder.java:processTables(161)) - Using default column profile:DBProfile.DISK for Table:validCerts
2019-07-13 16:36:50,802 INFO  db.DBStoreBuilder (DBStoreBuilder.java:addTable(110)) - using custom profile for table: revokedCerts
2019-07-13 16:36:50,802 INFO  db.DBStoreBuilder (DBStoreBuilder.java:processTables(161)) - Using default column profile:DBProfile.DISK for Table:revokedCerts
2019-07-13 16:36:50,803 INFO  db.DBStoreBuilder (DBStoreBuilder.java:addTable(110)) - using custom profile for table: default
2019-07-13 16:36:50,803 INFO  db.DBStoreBuilder (DBStoreBuilder.java:processTables(167)) - Using default column profile:DBProfile.DISK for Table:default
2019-07-13 16:36:50,803 INFO  db.DBStoreBuilder (DBStoreBuilder.java:getDbProfile(198)) - Using default options. DBProfile.DISK
2019-07-13 16:36:50,952 INFO  net.NodeSchemaLoader (NodeSchemaLoader.java:loadSchemaFromFile(125)) - Loading file from sun.misc.CompoundEnumeration@59171a5d
2019-07-13 16:36:50,953 INFO  net.NodeSchemaLoader (NodeSchemaLoader.java:loadSchema(171)) - Loading network topology layer schema file
2019-07-13 16:36:50,958 INFO  node.SCMNodeManager (SCMNodeManager.java:<init>(119)) - Entering startup safe mode.
2019-07-13 16:36:50,959 WARN  server.ServerUtils (ServerUtils.java:getScmDbDir(145)) - ozone.scm.db.dirs is not configured. We recommend adding this setting. Falling back to ozone.metadata.dirs instead.
2019-07-13 16:36:50,996 INFO  pipeline.SCMPipelineManager (SCMPipelineManager.java:initializePipelineState(126)) - No pipeline exists in current db
2019-07-13 16:36:50,997 WARN  server.ServerUtils (ServerUtils.java:getScmDbDir(145)) - ozone.scm.db.dirs is not configured. We recommend adding this setting. Falling back to ozone.metadata.dirs instead.
2019-07-13 16:36:51,029 WARN  events.EventQueue (EventQueue.java:fireEvent(175)) - No event handler registered for event TypedEvent{payloadType=SafeModeStatus, name='SafeModeStatus'}
2019-07-13 16:36:51,030 INFO  ipc.CallQueueManager (CallQueueManager.java:<init>(84)) - Using callQueue: class java.util.concurrent.LinkedBlockingQueue, queueCapacity: 2000, scheduler: class org.apache.hadoop.ipc.DefaultRpcScheduler, ipcBackoff: false.
2019-07-13 16:36:51,031 INFO  ipc.Server (Server.java:run(1074)) - Starting Socket Reader #1 for port 44396
2019-07-13 16:36:51,033 INFO  ipc.CallQueueManager (CallQueueManager.java:<init>(84)) - Using callQueue: class java.util.concurrent.LinkedBlockingQueue, queueCapacity: 2000, scheduler: class org.apache.hadoop.ipc.DefaultRpcScheduler, ipcBackoff: false.
2019-07-13 16:36:51,033 INFO  ipc.Server (Server.java:run(1074)) - Starting Socket Reader #1 for port 39846
2019-07-13 16:36:51,035 INFO  ipc.CallQueueManager (CallQueueManager.java:<init>(84)) - Using callQueue: class java.util.concurrent.LinkedBlockingQueue, queueCapacity: 2000, scheduler: class org.apache.hadoop.ipc.DefaultRpcScheduler, ipcBackoff: false.
2019-07-13 16:36:51,036 INFO  ipc.Server (Server.java:run(1074)) - Starting Socket Reader #1 for port 38187
2019-07-13 16:36:51,040 INFO  hdfs.DFSUtil (DFSUtil.java:httpServerTemplateForNNAndJN(1641)) - Starting Web-server for scm at: http://0.0.0.0:0
2019-07-13 16:36:51,042 INFO  server.AuthenticationFilter (AuthenticationFilter.java:constructSecretProvider(240)) - Unable to initialize FileSignerSecretProvider, falling back to use random secrets.
2019-07-13 16:36:51,042 WARN  http.HttpRequestLog (HttpRequestLog.java:getRequestLog(97)) - Jetty request log can only be enabled using Log4j
2019-07-13 16:36:51,045 INFO  http.HttpServer2 (HttpServer2.java:addGlobalFilter(975)) - Added global filter 'safety' (class=org.apache.hadoop.http.HttpServer2$QuotingInputFilter)
2019-07-13 16:36:51,045 INFO  http.HttpServer2 (HttpServer2.java:addFilter(948)) - Added filter static_user_filter (class=org.apache.hadoop.http.lib.StaticUserWebFilter$StaticUserFilter) to context scm
2019-07-13 16:36:51,045 INFO  http.HttpServer2 (HttpServer2.java:addFilter(958)) - Added filter static_user_filter (class=org.apache.hadoop.http.lib.StaticUserWebFilter$StaticUserFilter) to context static
2019-07-13 16:36:51,046 INFO  http.HttpServer2 (HttpServer2.java:addFilter(958)) - Added filter static_user_filter (class=org.apache.hadoop.http.lib.StaticUserWebFilter$StaticUserFilter) to context logs
2019-07-13 16:36:51,047 INFO  server.StorageContainerManager (StorageContainerManager.java:start(759)) - StorageContainerLocationProtocol RPC server is listening at /0.0.0.0:38187
2019-07-13 16:36:51,050 WARN  impl.MetricsConfig (MetricsConfig.java:loadFirst(134)) - Cannot locate configuration: tried hadoop-metrics2-storagecontainermanager.properties,hadoop-metrics2.properties
2019-07-13 16:36:51,051 INFO  impl.MetricsSystemImpl (MetricsSystemImpl.java:startTimer(374)) - Scheduled Metric snapshot period at 10 second(s).
2019-07-13 16:36:51,051 INFO  impl.MetricsSystemImpl (MetricsSystemImpl.java:start(191)) - StorageContainerManager metrics system started
2019-07-13 16:36:51,113 INFO  server.SCMClientProtocolServer (SCMClientProtocolServer.java:start(149)) - RPC server for Client  is listening at /0.0.0.0:38187
2019-07-13 16:36:51,114 INFO  ipc.Server (Server.java:run(1314)) - IPC Server Responder: starting
2019-07-13 16:36:51,114 INFO  ipc.Server (Server.java:run(1153)) - IPC Server listener on 38187: starting
2019-07-13 16:36:51,118 INFO  server.StorageContainerManager (StorageContainerManager.java:start(768)) - ScmBlockLocationProtocol RPC server is listening at /0.0.0.0:39846
2019-07-13 16:36:51,118 INFO  server.SCMBlockProtocolServer (SCMBlockProtocolServer.java:start(140)) - RPC server for Block Protocol is listening at /0.0.0.0:39846
2019-07-13 16:36:51,119 INFO  ipc.Server (Server.java:run(1314)) - IPC Server Responder: starting
2019-07-13 16:36:51,119 INFO  ipc.Server (Server.java:run(1153)) - IPC Server listener on 39846: starting
2019-07-13 16:36:51,123 INFO  server.StorageContainerManager (StorageContainerManager.java:start(772)) - ScmDatanodeProtocl RPC server is listening at /0.0.0.0:44396
2019-07-13 16:36:51,123 INFO  server.SCMDatanodeProtocolServer (SCMDatanodeProtocolServer.java:start(191)) - RPC server for DataNodes is listening at /0.0.0.0:44396
2019-07-13 16:36:51,124 INFO  ipc.Server (Server.java:run(1314)) - IPC Server Responder: starting
2019-07-13 16:36:51,124 INFO  ipc.Server (Server.java:run(1153)) - IPC Server listener on 44396: starting
2019-07-13 16:36:51,128 INFO  http.HttpServer2 (HttpServer2.java:bindListener(1191)) - Jetty bound to port 35235
2019-07-13 16:36:51,128 INFO  server.Server (Server.java:doStart(351)) - jetty-9.3.24.v20180605, build timestamp: 2018-06-05T17:11:56Z, git hash: 84205aa28f11a4f31f2a3b86d1bba2cc8ab69827
2019-07-13 16:36:51,130 INFO  handler.ContextHandler (ContextHandler.java:doStart(781)) - Started o.e.j.s.ServletContextHandler@7b5ffde0{/logs,file:///tmp/workdir/hadoop-ozone/integration-test/target/log,AVAILABLE}
2019-07-13 16:36:51,131 INFO  handler.ContextHandler (ContextHandler.java:doStart(781)) - Started o.e.j.s.ServletContextHandler@550a78ed{/static,file:///tmp/workdir/hadoop-ozone/integration-test/target/test-classes/webapps/static,AVAILABLE}
2019-07-13 16:36:51,135 INFO  handler.ContextHandler (ContextHandler.java:doStart(781)) - Started o.e.j.w.WebAppContext@1ab64f66{/,file:///tmp/workdir/hadoop-ozone/integration-test/target/test-classes/webapps/scm/,AVAILABLE}{/scm}
2019-07-13 16:36:51,135 INFO  server.AbstractConnector (AbstractConnector.java:doStart(278)) - Started ServerConnector@23595dd9{HTTP/1.1,[http/1.1]}{0.0.0.0:35235}
2019-07-13 16:36:51,138 INFO  server.Server (Server.java:doStart(419)) - Started @634615ms
2019-07-13 16:36:51,139 INFO  server.BaseHttpServer (BaseHttpServer.java:updateConnectorAddress(207)) - HTTP server of SCM is listening at http://0.0.0.0:35235
2019-07-13 16:36:51,139 WARN  server.ServerUtils (ServerUtils.java:getDBPath(222)) - ozone.om.db.dirs is not configured. We recommend adding this setting. Falling back to ozone.metadata.dirs instead.
2019-07-13 16:36:51,142 INFO  util.JvmPauseMonitor (JvmPauseMonitor.java:run(188)) - Starting JVM pause monitor
2019-07-13 16:36:51,146 WARN  server.ServerUtils (ServerUtils.java:getDBPath(222)) - ozone.om.db.dirs is not configured. We recommend adding this setting. Falling back to ozone.metadata.dirs instead.
2019-07-13 16:36:51,147 INFO  om.OzoneManager (OzoneManager.java:setOMNodeDetails(630)) - OM Service ID is not set. Setting it to the default ID: omServiceIdDefault
2019-07-13 16:36:51,147 INFO  om.OzoneManager (OzoneManager.java:setOMNodeDetails(636)) - OM Node ID is not set. Setting it to the OmStorage's OmID: d2697893-4d68-4b0c-909e-e9d5e732696b
2019-07-13 16:36:51,147 INFO  om.OzoneManager (OzoneManager.java:loadOMHAConfigs(587)) - Found matching OM address with OMServiceId: null, OMNodeId: null, RPC Address: localhost:0 and Ratis port: 9872
2019-07-13 16:36:51,154 WARN  server.ServerUtils (ServerUtils.java:getDBPath(222)) - ozone.om.db.dirs is not configured. We recommend adding this setting. Falling back to ozone.metadata.dirs instead.
2019-07-13 16:36:51,154 INFO  db.DBStoreBuilder (DBStoreBuilder.java:addTable(110)) - using custom profile for table: userTable
2019-07-13 16:36:51,154 INFO  db.DBStoreBuilder (DBStoreBuilder.java:processTables(161)) - Using default column profile:DBProfile.DISK for Table:userTable
2019-07-13 16:36:51,154 INFO  db.DBStoreBuilder (DBStoreBuilder.java:addTable(110)) - using custom profile for table: volumeTable
2019-07-13 16:36:51,154 INFO  db.DBStoreBuilder (DBStoreBuilder.java:processTables(161)) - Using default column profile:DBProfile.DISK for Table:volumeTable
2019-07-13 16:36:51,155 INFO  db.DBStoreBuilder (DBStoreBuilder.java:addTable(110)) - using custom profile for table: bucketTable
2019-07-13 16:36:51,155 INFO  db.DBStoreBuilder (DBStoreBuilder.java:processTables(161)) - Using default column profile:DBProfile.DISK for Table:bucketTable
2019-07-13 16:36:51,155 INFO  db.DBStoreBuilder (DBStoreBuilder.java:addTable(110)) - using custom profile for table: keyTable
2019-07-13 16:36:51,155 INFO  db.DBStoreBuilder (DBStoreBuilder.java:processTables(161)) - Using default column profile:DBProfile.DISK for Table:keyTable
2019-07-13 16:36:51,155 INFO  db.DBStoreBuilder (DBStoreBuilder.java:addTable(110)) - using custom profile for table: deletedTable
2019-07-13 16:36:51,156 INFO  db.DBStoreBuilder (DBStoreBuilder.java:processTables(161)) - Using default column profile:DBProfile.DISK for Table:deletedTable
2019-07-13 16:36:51,156 INFO  db.DBStoreBuilder (DBStoreBuilder.java:addTable(110)) - using custom profile for table: openKeyTable
2019-07-13 16:36:51,156 INFO  db.DBStoreBuilder (DBStoreBuilder.java:processTables(161)) - Using default column profile:DBProfile.DISK for Table:openKeyTable
2019-07-13 16:36:51,156 INFO  db.DBStoreBuilder (DBStoreBuilder.java:addTable(110)) - using custom profile for table: s3Table
2019-07-13 16:36:51,156 INFO  db.DBStoreBuilder (DBStoreBuilder.java:processTables(161)) - Using default column profile:DBProfile.DISK for Table:s3Table
2019-07-13 16:36:51,157 INFO  db.DBStoreBuilder (DBStoreBuilder.java:addTable(110)) - using custom profile for table: multipartInfoTable
2019-07-13 16:36:51,157 INFO  db.DBStoreBuilder (DBStoreBuilder.java:processTables(161)) - Using default column profile:DBProfile.DISK for Table:multipartInfoTable
2019-07-13 16:36:51,157 INFO  db.DBStoreBuilder (DBStoreBuilder.java:addTable(110)) - using custom profile for table: dTokenTable
2019-07-13 16:36:51,157 INFO  db.DBStoreBuilder (DBStoreBuilder.java:processTables(161)) - Using default column profile:DBProfile.DISK for Table:dTokenTable
2019-07-13 16:36:51,157 INFO  db.DBStoreBuilder (DBStoreBuilder.java:addTable(110)) - using custom profile for table: s3SecretTable
2019-07-13 16:36:51,157 INFO  db.DBStoreBuilder (DBStoreBuilder.java:processTables(161)) - Using default column profile:DBProfile.DISK for Table:s3SecretTable
2019-07-13 16:36:51,157 INFO  db.DBStoreBuilder (DBStoreBuilder.java:addTable(110)) - using custom profile for table: prefixTable
2019-07-13 16:36:51,158 INFO  db.DBStoreBuilder (DBStoreBuilder.java:processTables(161)) - Using default column profile:DBProfile.DISK for Table:prefixTable
2019-07-13 16:36:51,158 INFO  db.DBStoreBuilder (DBStoreBuilder.java:addTable(110)) - using custom profile for table: default
2019-07-13 16:36:51,158 INFO  db.DBStoreBuilder (DBStoreBuilder.java:processTables(167)) - Using default column profile:DBProfile.DISK for Table:default
2019-07-13 16:36:51,158 INFO  db.DBStoreBuilder (DBStoreBuilder.java:getDbProfile(198)) - Using default options. DBProfile.DISK
2019-07-13 16:36:51,537 INFO  ipc.CallQueueManager (CallQueueManager.java:<init>(84)) - Using callQueue: class java.util.concurrent.LinkedBlockingQueue, queueCapacity: 2000, scheduler: class org.apache.hadoop.ipc.DefaultRpcScheduler, ipcBackoff: false.
2019-07-13 16:36:51,538 INFO  ipc.Server (Server.java:run(1074)) - Starting Socket Reader #1 for port 44099
2019-07-13 16:36:51,555 WARN  server.ServerUtils (ServerUtils.java:getDBPath(222)) - ozone.om.db.dirs is not configured. We recommend adding this setting. Falling back to ozone.metadata.dirs instead.
2019-07-13 16:36:51,556 INFO  om.OzoneManager (OzoneManager.java:start(1228)) - OzoneManager RPC server is listening at localhost/127.0.0.1:44099
2019-07-13 16:36:51,556 INFO  impl.MetricsSystemImpl (MetricsSystemImpl.java:init(158)) - OzoneManager metrics system started (again)
2019-07-13 16:36:51,557 INFO  ipc.Server (Server.java:run(1314)) - IPC Server Responder: starting
2019-07-13 16:36:51,557 INFO  ipc.Server (Server.java:run(1153)) - IPC Server listener on 44099: starting
2019-07-13 16:36:51,568 INFO  hdfs.DFSUtil (DFSUtil.java:httpServerTemplateForNNAndJN(1641)) - Starting Web-server for ozoneManager at: http://0.0.0.0:0
2019-07-13 16:36:51,569 INFO  server.AuthenticationFilter (AuthenticationFilter.java:constructSecretProvider(240)) - Unable to initialize FileSignerSecretProvider, falling back to use random secrets.
2019-07-13 16:36:51,570 WARN  http.HttpRequestLog (HttpRequestLog.java:getRequestLog(97)) - Jetty request log can only be enabled using Log4j
2019-07-13 16:36:51,572 INFO  http.HttpServer2 (HttpServer2.java:addGlobalFilter(975)) - Added global filter 'safety' (class=org.apache.hadoop.http.HttpServer2$QuotingInputFilter)
2019-07-13 16:36:51,572 INFO  http.HttpServer2 (HttpServer2.java:addFilter(948)) - Added filter static_user_filter (class=org.apache.hadoop.http.lib.StaticUserWebFilter$StaticUserFilter) to context ozoneManager
2019-07-13 16:36:51,572 INFO  http.HttpServer2 (HttpServer2.java:addFilter(958)) - Added filter static_user_filter (class=org.apache.hadoop.http.lib.StaticUserWebFilter$StaticUserFilter) to context logs
2019-07-13 16:36:51,573 INFO  http.HttpServer2 (HttpServer2.java:addFilter(958)) - Added filter static_user_filter (class=org.apache.hadoop.http.lib.StaticUserWebFilter$StaticUserFilter) to context static
2019-07-13 16:36:51,574 INFO  http.HttpServer2 (HttpServer2.java:bindListener(1191)) - Jetty bound to port 43749
2019-07-13 16:36:51,574 INFO  server.Server (Server.java:doStart(351)) - jetty-9.3.24.v20180605, build timestamp: 2018-06-05T17:11:56Z, git hash: 84205aa28f11a4f31f2a3b86d1bba2cc8ab69827
2019-07-13 16:36:51,576 INFO  handler.ContextHandler (ContextHandler.java:doStart(781)) - Started o.e.j.s.ServletContextHandler@596c6c3e{/logs,file:///tmp/workdir/hadoop-ozone/integration-test/target/log,AVAILABLE}
2019-07-13 16:36:51,576 INFO  handler.ContextHandler (ContextHandler.java:doStart(781)) - Started o.e.j.s.ServletContextHandler@13c02cec{/static,file:///tmp/workdir/hadoop-ozone/integration-test/target/test-classes/webapps/static,AVAILABLE}
2019-07-13 16:36:51,581 INFO  handler.ContextHandler (ContextHandler.java:doStart(781)) - Started o.e.j.w.WebAppContext@3697a307{/,file:///tmp/workdir/hadoop-ozone/integration-test/target/test-classes/webapps/ozoneManager/,AVAILABLE}{/ozoneManager}
2019-07-13 16:36:51,581 INFO  server.AbstractConnector (AbstractConnector.java:doStart(278)) - Started ServerConnector@4632d697{HTTP/1.1,[http/1.1]}{0.0.0.0:43749}
2019-07-13 16:36:51,582 INFO  server.Server (Server.java:doStart(419)) - Started @635060ms
2019-07-13 16:36:51,585 INFO  server.BaseHttpServer (BaseHttpServer.java:updateConnectorAddress(207)) - HTTP server of OZONEMANAGER is listening at http://0.0.0.0:43749
2019-07-13 16:36:51,601 INFO  impl.MetricsSystemImpl (MetricsSystemImpl.java:init(158)) - HddsDatanode metrics system started (again)
2019-07-13 16:36:51,602 INFO  ozone.HddsDatanodeService (HddsDatanodeService.java:start(185)) - HddsDatanodeService host:trunk-nightly-z92hn-1831959607 ip:192.168.5.187
2019-07-13 16:36:51,615 INFO  volume.HddsVolume (HddsVolume.java:<init>(176)) - Creating Volume: /tmp/workdir/hadoop-ozone/integration-test/target/test-dir/MiniOzoneClusterImpl-ff639893-bec4-4f82-8d2e-9b96d860749a/datanode-0/data/containers/hdds of  storage type : DISK and capacity : 52710309888
2019-07-13 16:36:51,615 INFO  volume.VolumeSet (VolumeSet.java:initializeVolumeSet(170)) - Added Volume : /tmp/workdir/hadoop-ozone/integration-test/target/test-dir/MiniOzoneClusterImpl-ff639893-bec4-4f82-8d2e-9b96d860749a/datanode-0/data/containers/hdds to VolumeSet
2019-07-13 16:36:51,616 INFO  volume.ThrottledAsyncChecker (ThrottledAsyncChecker.java:schedule(140)) - Scheduling a check for org.apache.hadoop.ozone.container.common.volume.HddsVolume@5c47ef5f
2019-07-13 16:36:51,616 INFO  volume.HddsVolumeChecker (HddsVolumeChecker.java:checkAllVolumes(203)) - Scheduled health check for volume org.apache.hadoop.ozone.container.common.volume.HddsVolume@5c47ef5f
2019-07-13 16:36:51,632 INFO  impl.RaftServerProxy (ConfUtils.java:logGet(43)) - raft.rpc.type = GRPC (default)
2019-07-13 16:36:51,632 INFO  grpc.GrpcFactory (GrpcFactory.java:checkPooledByteBufAllocatorUseCacheForAllThreads(45)) - PERFORMANCE WARNING: useCacheForAllThreads is true that may cause Netty to create a lot garbage objects and, as a result, trigger GC.
	It is recommended to disable useCacheForAllThreads by setting -Dorg.apache.ratis.thirdparty.io.netty.allocator.useCacheForAllThreads=false in command line.
2019-07-13 16:36:51,633 INFO  grpc.GrpcConfigKeys$Server (ConfUtils.java:logGet(43)) - raft.grpc.server.port = 0 (default)
2019-07-13 16:36:51,633 INFO  server.GrpcService (ConfUtils.java:logGet(43)) - raft.grpc.message.size.max = 33570816 (custom)
2019-07-13 16:36:51,633 INFO  server.RaftServerConfigKeys (ConfUtils.java:logGet(43)) - raft.server.log.appender.buffer.byte-limit = 33554432 (custom)
2019-07-13 16:36:51,633 INFO  server.GrpcService (ConfUtils.java:logGet(43)) - raft.grpc.flow.control.window = 1MB (=1048576) (default)
2019-07-13 16:36:51,633 INFO  server.RaftServerConfigKeys (ConfUtils.java:logGet(43)) - raft.server.rpc.request.timeout = 3000ms (default)
2019-07-13 16:36:51,634 INFO  server.RaftServerConfigKeys (ConfUtils.java:logGet(43)) - raft.server.storage.dir = [/tmp/workdir/hadoop-ozone/integration-test/target/test-dir/MiniOzoneClusterImpl-ff639893-bec4-4f82-8d2e-9b96d860749a/datanode-0/data/ratis] (custom)
2019-07-13 16:36:51,635 INFO  replication.SimpleContainerDownloader (SimpleContainerDownloader.java:<init>(72)) - Starting container downloader service to copy containers to replicate.
2019-07-13 16:36:51,636 INFO  hdfs.DFSUtil (DFSUtil.java:httpServerTemplateForNNAndJN(1641)) - Starting Web-server for hddsDatanode at: http://0.0.0.0:0
2019-07-13 16:36:51,637 INFO  server.AuthenticationFilter (AuthenticationFilter.java:constructSecretProvider(240)) - Unable to initialize FileSignerSecretProvider, falling back to use random secrets.
2019-07-13 16:36:51,638 WARN  http.HttpRequestLog (HttpRequestLog.java:getRequestLog(97)) - Jetty request log can only be enabled using Log4j
2019-07-13 16:36:51,639 INFO  http.HttpServer2 (HttpServer2.java:addGlobalFilter(975)) - Added global filter 'safety' (class=org.apache.hadoop.http.HttpServer2$QuotingInputFilter)
2019-07-13 16:36:51,639 INFO  http.HttpServer2 (HttpServer2.java:addFilter(948)) - Added filter static_user_filter (class=org.apache.hadoop.http.lib.StaticUserWebFilter$StaticUserFilter) to context hddsDatanode
2019-07-13 16:36:51,640 INFO  http.HttpServer2 (HttpServer2.java:addFilter(958)) - Added filter static_user_filter (class=org.apache.hadoop.http.lib.StaticUserWebFilter$StaticUserFilter) to context logs
2019-07-13 16:36:51,640 INFO  http.HttpServer2 (HttpServer2.java:addFilter(958)) - Added filter static_user_filter (class=org.apache.hadoop.http.lib.StaticUserWebFilter$StaticUserFilter) to context static
2019-07-13 16:36:51,640 INFO  http.HttpServer2 (HttpServer2.java:bindListener(1191)) - Jetty bound to port 39394
2019-07-13 16:36:51,641 INFO  server.Server (Server.java:doStart(351)) - jetty-9.3.24.v20180605, build timestamp: 2018-06-05T17:11:56Z, git hash: 84205aa28f11a4f31f2a3b86d1bba2cc8ab69827
2019-07-13 16:36:51,645 INFO  handler.ContextHandler (ContextHandler.java:doStart(781)) - Started o.e.j.s.ServletContextHandler@4dc24d88{/logs,file:///tmp/workdir/hadoop-ozone/integration-test/target/log,AVAILABLE}
2019-07-13 16:36:51,646 INFO  handler.ContextHandler (ContextHandler.java:doStart(781)) - Started o.e.j.s.ServletContextHandler@1e364cea{/static,jar:file:/home/user/.m2/repository/org/apache/hadoop/hadoop-hdds-container-service/0.5.0-SNAPSHOT/hadoop-hdds-container-service-0.5.0-SNAPSHOT.jar!/webapps/static,AVAILABLE}
2019-07-13 16:36:51,675 INFO  handler.ContextHandler (ContextHandler.java:doStart(781)) - Started o.e.j.w.WebAppContext@37930f48{/,file:///tmp/jetty-0.0.0.0-39394-hddsDatanode-_-any-1997859270984884939.dir/webapp/,AVAILABLE}{/hddsDatanode}
2019-07-13 16:36:51,676 INFO  server.AbstractConnector (AbstractConnector.java:doStart(278)) - Started ServerConnector@58084f58{HTTP/1.1,[http/1.1]}{0.0.0.0:39394}
2019-07-13 16:36:51,677 INFO  server.Server (Server.java:doStart(419)) - Started @635154ms
2019-07-13 16:36:51,678 INFO  server.BaseHttpServer (BaseHttpServer.java:updateConnectorAddress(207)) - HTTP server of HDDSDATANODE is listening at http://0.0.0.0:39394
2019-07-13 16:36:51,799 INFO  ozone.HddsDatanodeService (HddsDatanodeService.java:startPlugins(396)) - Started plug-in org.apache.hadoop.ozone.web.OzoneHddsDatanodeService@356285d9
2019-07-13 16:36:51,799 INFO  impl.MetricsSystemImpl (MetricsSystemImpl.java:init(158)) - HddsDatanode metrics system started (again)
2019-07-13 16:36:51,799 INFO  ozone.HddsDatanodeService (HddsDatanodeService.java:start(185)) - HddsDatanodeService host:trunk-nightly-z92hn-1831959607 ip:192.168.5.187
2019-07-13 16:36:51,801 INFO  util.JvmPauseMonitor (JvmPauseMonitor.java:run(188)) - Starting JVM pause monitor
2019-07-13 16:36:51,802 INFO  datanode.InitDatanodeState (InitDatanodeState.java:persistContainerDatanodeDetails(140)) - DatanodeDetails is persisted to /tmp/workdir/hadoop-ozone/integration-test/target/test-dir/MiniOzoneClusterImpl-ff639893-bec4-4f82-8d2e-9b96d860749a/datanode-0/meta/datanode.id
2019-07-13 16:36:51,812 INFO  volume.HddsVolume (HddsVolume.java:<init>(176)) - Creating Volume: /tmp/workdir/hadoop-ozone/integration-test/target/test-dir/MiniOzoneClusterImpl-ff639893-bec4-4f82-8d2e-9b96d860749a/datanode-1/data/containers/hdds of  storage type : DISK and capacity : 52710309888
2019-07-13 16:36:51,812 INFO  volume.VolumeSet (VolumeSet.java:initializeVolumeSet(170)) - Added Volume : /tmp/workdir/hadoop-ozone/integration-test/target/test-dir/MiniOzoneClusterImpl-ff639893-bec4-4f82-8d2e-9b96d860749a/datanode-1/data/containers/hdds to VolumeSet
2019-07-13 16:36:51,812 INFO  volume.ThrottledAsyncChecker (ThrottledAsyncChecker.java:schedule(140)) - Scheduling a check for org.apache.hadoop.ozone.container.common.volume.HddsVolume@30a1e459
2019-07-13 16:36:51,813 INFO  volume.HddsVolumeChecker (HddsVolumeChecker.java:checkAllVolumes(203)) - Scheduled health check for volume org.apache.hadoop.ozone.container.common.volume.HddsVolume@30a1e459
2019-07-13 16:36:51,826 INFO  impl.RaftServerProxy (ConfUtils.java:logGet(43)) - raft.rpc.type = GRPC (default)
2019-07-13 16:36:51,826 INFO  grpc.GrpcFactory (GrpcFactory.java:checkPooledByteBufAllocatorUseCacheForAllThreads(45)) - PERFORMANCE WARNING: useCacheForAllThreads is true that may cause Netty to create a lot garbage objects and, as a result, trigger GC.
	It is recommended to disable useCacheForAllThreads by setting -Dorg.apache.ratis.thirdparty.io.netty.allocator.useCacheForAllThreads=false in command line.
2019-07-13 16:36:51,826 INFO  grpc.GrpcConfigKeys$Server (ConfUtils.java:logGet(43)) - raft.grpc.server.port = 0 (default)
2019-07-13 16:36:51,826 INFO  server.GrpcService (ConfUtils.java:logGet(43)) - raft.grpc.message.size.max = 33570816 (custom)
2019-07-13 16:36:51,826 INFO  server.RaftServerConfigKeys (ConfUtils.java:logGet(43)) - raft.server.log.appender.buffer.byte-limit = 33554432 (custom)
2019-07-13 16:36:51,827 INFO  server.GrpcService (ConfUtils.java:logGet(43)) - raft.grpc.flow.control.window = 1MB (=1048576) (default)
2019-07-13 16:36:51,827 INFO  server.RaftServerConfigKeys (ConfUtils.java:logGet(43)) - raft.server.rpc.request.timeout = 3000ms (default)
2019-07-13 16:36:51,827 INFO  server.RaftServerConfigKeys (ConfUtils.java:logGet(43)) - raft.server.storage.dir = [/tmp/workdir/hadoop-ozone/integration-test/target/test-dir/MiniOzoneClusterImpl-ff639893-bec4-4f82-8d2e-9b96d860749a/datanode-1/data/ratis] (custom)
2019-07-13 16:36:51,827 INFO  replication.SimpleContainerDownloader (SimpleContainerDownloader.java:<init>(72)) - Starting container downloader service to copy containers to replicate.
2019-07-13 16:36:51,829 INFO  hdfs.DFSUtil (DFSUtil.java:httpServerTemplateForNNAndJN(1641)) - Starting Web-server for hddsDatanode at: http://0.0.0.0:0
2019-07-13 16:36:51,831 INFO  server.AuthenticationFilter (AuthenticationFilter.java:constructSecretProvider(240)) - Unable to initialize FileSignerSecretProvider, falling back to use random secrets.
2019-07-13 16:36:51,831 WARN  http.HttpRequestLog (HttpRequestLog.java:getRequestLog(97)) - Jetty request log can only be enabled using Log4j
2019-07-13 16:36:51,833 INFO  http.HttpServer2 (HttpServer2.java:addGlobalFilter(975)) - Added global filter 'safety' (class=org.apache.hadoop.http.HttpServer2$QuotingInputFilter)
2019-07-13 16:36:51,834 INFO  http.HttpServer2 (HttpServer2.java:addFilter(948)) - Added filter static_user_filter (class=org.apache.hadoop.http.lib.StaticUserWebFilter$StaticUserFilter) to context hddsDatanode
2019-07-13 16:36:51,834 INFO  http.HttpServer2 (HttpServer2.java:addFilter(958)) - Added filter static_user_filter (class=org.apache.hadoop.http.lib.StaticUserWebFilter$StaticUserFilter) to context logs
2019-07-13 16:36:51,834 INFO  http.HttpServer2 (HttpServer2.java:addFilter(958)) - Added filter static_user_filter (class=org.apache.hadoop.http.lib.StaticUserWebFilter$StaticUserFilter) to context static
2019-07-13 16:36:51,835 INFO  http.HttpServer2 (HttpServer2.java:bindListener(1191)) - Jetty bound to port 44542
2019-07-13 16:36:51,835 INFO  server.Server (Server.java:doStart(351)) - jetty-9.3.24.v20180605, build timestamp: 2018-06-05T17:11:56Z, git hash: 84205aa28f11a4f31f2a3b86d1bba2cc8ab69827
2019-07-13 16:36:51,837 INFO  handler.ContextHandler (ContextHandler.java:doStart(781)) - Started o.e.j.s.ServletContextHandler@1fe8a2fc{/logs,file:///tmp/workdir/hadoop-ozone/integration-test/target/log,AVAILABLE}
2019-07-13 16:36:51,838 INFO  handler.ContextHandler (ContextHandler.java:doStart(781)) - Started o.e.j.s.ServletContextHandler@cc64e22{/static,jar:file:/home/user/.m2/repository/org/apache/hadoop/hadoop-hdds-container-service/0.5.0-SNAPSHOT/hadoop-hdds-container-service-0.5.0-SNAPSHOT.jar!/webapps/static,AVAILABLE}
2019-07-13 16:36:51,883 INFO  handler.ContextHandler (ContextHandler.java:doStart(781)) - Started o.e.j.w.WebAppContext@6804a46a{/,file:///tmp/jetty-0.0.0.0-44542-hddsDatanode-_-any-1803868445025557306.dir/webapp/,AVAILABLE}{/hddsDatanode}
2019-07-13 16:36:51,883 INFO  server.AbstractConnector (AbstractConnector.java:doStart(278)) - Started ServerConnector@3df3e1e9{HTTP/1.1,[http/1.1]}{0.0.0.0:44542}
2019-07-13 16:36:51,887 INFO  server.Server (Server.java:doStart(419)) - Started @635364ms
2019-07-13 16:36:51,888 INFO  server.BaseHttpServer (BaseHttpServer.java:updateConnectorAddress(207)) - HTTP server of HDDSDATANODE is listening at http://0.0.0.0:44542
2019-07-13 16:36:51,995 INFO  ozone.HddsDatanodeService (HddsDatanodeService.java:startPlugins(396)) - Started plug-in org.apache.hadoop.ozone.web.OzoneHddsDatanodeService@44a3b4d9
2019-07-13 16:36:51,995 INFO  impl.MetricsSystemImpl (MetricsSystemImpl.java:init(158)) - HddsDatanode metrics system started (again)
2019-07-13 16:36:51,995 INFO  ozone.HddsDatanodeService (HddsDatanodeService.java:start(185)) - HddsDatanodeService host:trunk-nightly-z92hn-1831959607 ip:192.168.5.187
2019-07-13 16:36:51,997 INFO  util.JvmPauseMonitor (JvmPauseMonitor.java:run(188)) - Starting JVM pause monitor
2019-07-13 16:36:51,998 INFO  datanode.InitDatanodeState (InitDatanodeState.java:persistContainerDatanodeDetails(140)) - DatanodeDetails is persisted to /tmp/workdir/hadoop-ozone/integration-test/target/test-dir/MiniOzoneClusterImpl-ff639893-bec4-4f82-8d2e-9b96d860749a/datanode-1/meta/datanode.id
2019-07-13 16:36:52,009 INFO  volume.HddsVolume (HddsVolume.java:<init>(176)) - Creating Volume: /tmp/workdir/hadoop-ozone/integration-test/target/test-dir/MiniOzoneClusterImpl-ff639893-bec4-4f82-8d2e-9b96d860749a/datanode-2/data/containers/hdds of  storage type : DISK and capacity : 52710309888
2019-07-13 16:36:52,010 INFO  volume.VolumeSet (VolumeSet.java:initializeVolumeSet(170)) - Added Volume : /tmp/workdir/hadoop-ozone/integration-test/target/test-dir/MiniOzoneClusterImpl-ff639893-bec4-4f82-8d2e-9b96d860749a/datanode-2/data/containers/hdds to VolumeSet
2019-07-13 16:36:52,010 INFO  volume.ThrottledAsyncChecker (ThrottledAsyncChecker.java:schedule(140)) - Scheduling a check for org.apache.hadoop.ozone.container.common.volume.HddsVolume@3ee9eaa7
2019-07-13 16:36:52,011 INFO  volume.HddsVolumeChecker (HddsVolumeChecker.java:checkAllVolumes(203)) - Scheduled health check for volume org.apache.hadoop.ozone.container.common.volume.HddsVolume@3ee9eaa7
2019-07-13 16:36:52,029 INFO  impl.RaftServerProxy (ConfUtils.java:logGet(43)) - raft.rpc.type = GRPC (default)
2019-07-13 16:36:52,030 INFO  grpc.GrpcFactory (GrpcFactory.java:checkPooledByteBufAllocatorUseCacheForAllThreads(45)) - PERFORMANCE WARNING: useCacheForAllThreads is true that may cause Netty to create a lot garbage objects and, as a result, trigger GC.
	It is recommended to disable useCacheForAllThreads by setting -Dorg.apache.ratis.thirdparty.io.netty.allocator.useCacheForAllThreads=false in command line.
2019-07-13 16:36:52,030 INFO  grpc.GrpcConfigKeys$Server (ConfUtils.java:logGet(43)) - raft.grpc.server.port = 0 (default)
2019-07-13 16:36:52,030 INFO  server.GrpcService (ConfUtils.java:logGet(43)) - raft.grpc.message.size.max = 33570816 (custom)
2019-07-13 16:36:52,030 INFO  server.RaftServerConfigKeys (ConfUtils.java:logGet(43)) - raft.server.log.appender.buffer.byte-limit = 33554432 (custom)
2019-07-13 16:36:52,030 INFO  server.GrpcService (ConfUtils.java:logGet(43)) - raft.grpc.flow.control.window = 1MB (=1048576) (default)
2019-07-13 16:36:52,031 INFO  server.RaftServerConfigKeys (ConfUtils.java:logGet(43)) - raft.server.rpc.request.timeout = 3000ms (default)
2019-07-13 16:36:52,031 INFO  server.RaftServerConfigKeys (ConfUtils.java:logGet(43)) - raft.server.storage.dir = [/tmp/workdir/hadoop-ozone/integration-test/target/test-dir/MiniOzoneClusterImpl-ff639893-bec4-4f82-8d2e-9b96d860749a/datanode-2/data/ratis] (custom)
2019-07-13 16:36:52,032 INFO  replication.SimpleContainerDownloader (SimpleContainerDownloader.java:<init>(72)) - Starting container downloader service to copy containers to replicate.
2019-07-13 16:36:52,033 INFO  hdfs.DFSUtil (DFSUtil.java:httpServerTemplateForNNAndJN(1641)) - Starting Web-server for hddsDatanode at: http://0.0.0.0:0
2019-07-13 16:36:52,034 INFO  server.AuthenticationFilter (AuthenticationFilter.java:constructSecretProvider(240)) - Unable to initialize FileSignerSecretProvider, falling back to use random secrets.
2019-07-13 16:36:52,035 WARN  http.HttpRequestLog (HttpRequestLog.java:getRequestLog(97)) - Jetty request log can only be enabled using Log4j
2019-07-13 16:36:52,036 INFO  http.HttpServer2 (HttpServer2.java:addGlobalFilter(975)) - Added global filter 'safety' (class=org.apache.hadoop.http.HttpServer2$QuotingInputFilter)
2019-07-13 16:36:52,036 INFO  http.HttpServer2 (HttpServer2.java:addFilter(948)) - Added filter static_user_filter (class=org.apache.hadoop.http.lib.StaticUserWebFilter$StaticUserFilter) to context hddsDatanode
2019-07-13 16:36:52,036 INFO  http.HttpServer2 (HttpServer2.java:addFilter(958)) - Added filter static_user_filter (class=org.apache.hadoop.http.lib.StaticUserWebFilter$StaticUserFilter) to context logs
2019-07-13 16:36:52,036 INFO  http.HttpServer2 (HttpServer2.java:addFilter(958)) - Added filter static_user_filter (class=org.apache.hadoop.http.lib.StaticUserWebFilter$StaticUserFilter) to context static
2019-07-13 16:36:52,037 INFO  http.HttpServer2 (HttpServer2.java:bindListener(1191)) - Jetty bound to port 38787
2019-07-13 16:36:52,037 INFO  server.Server (Server.java:doStart(351)) - jetty-9.3.24.v20180605, build timestamp: 2018-06-05T17:11:56Z, git hash: 84205aa28f11a4f31f2a3b86d1bba2cc8ab69827
2019-07-13 16:36:52,039 INFO  handler.ContextHandler (ContextHandler.java:doStart(781)) - Started o.e.j.s.ServletContextHandler@57fefa97{/logs,file:///tmp/workdir/hadoop-ozone/integration-test/target/log,AVAILABLE}
2019-07-13 16:36:52,039 INFO  handler.ContextHandler (ContextHandler.java:doStart(781)) - Started o.e.j.s.ServletContextHandler@28a4ac78{/static,jar:file:/home/user/.m2/repository/org/apache/hadoop/hadoop-hdds-container-service/0.5.0-SNAPSHOT/hadoop-hdds-container-service-0.5.0-SNAPSHOT.jar!/webapps/static,AVAILABLE}
2019-07-13 16:36:52,065 INFO  handler.ContextHandler (ContextHandler.java:doStart(781)) - Started o.e.j.w.WebAppContext@5418225f{/,file:///tmp/jetty-0.0.0.0-38787-hddsDatanode-_-any-7050570238532953907.dir/webapp/,AVAILABLE}{/hddsDatanode}
2019-07-13 16:36:52,065 INFO  server.AbstractConnector (AbstractConnector.java:doStart(278)) - Started ServerConnector@65bcc339{HTTP/1.1,[http/1.1]}{0.0.0.0:38787}
2019-07-13 16:36:52,066 INFO  server.Server (Server.java:doStart(419)) - Started @635543ms
2019-07-13 16:36:52,068 INFO  server.BaseHttpServer (BaseHttpServer.java:updateConnectorAddress(207)) - HTTP server of HDDSDATANODE is listening at http://0.0.0.0:38787
2019-07-13 16:36:52,195 INFO  ozone.HddsDatanodeService (HddsDatanodeService.java:startPlugins(396)) - Started plug-in org.apache.hadoop.ozone.web.OzoneHddsDatanodeService@10dba2e3
2019-07-13 16:36:52,196 INFO  impl.MetricsSystemImpl (MetricsSystemImpl.java:init(158)) - HddsDatanode metrics system started (again)
2019-07-13 16:36:52,196 INFO  ozone.HddsDatanodeService (HddsDatanodeService.java:start(185)) - HddsDatanodeService host:trunk-nightly-z92hn-1831959607 ip:192.168.5.187
2019-07-13 16:36:52,197 INFO  util.JvmPauseMonitor (JvmPauseMonitor.java:run(188)) - Starting JVM pause monitor
2019-07-13 16:36:52,199 INFO  datanode.InitDatanodeState (InitDatanodeState.java:persistContainerDatanodeDetails(140)) - DatanodeDetails is persisted to /tmp/workdir/hadoop-ozone/integration-test/target/test-dir/MiniOzoneClusterImpl-ff639893-bec4-4f82-8d2e-9b96d860749a/datanode-2/meta/datanode.id
2019-07-13 16:36:52,211 INFO  volume.HddsVolume (HddsVolume.java:<init>(176)) - Creating Volume: /tmp/workdir/hadoop-ozone/integration-test/target/test-dir/MiniOzoneClusterImpl-ff639893-bec4-4f82-8d2e-9b96d860749a/datanode-3/data/containers/hdds of  storage type : DISK and capacity : 52710309888
2019-07-13 16:36:52,211 INFO  volume.VolumeSet (VolumeSet.java:initializeVolumeSet(170)) - Added Volume : /tmp/workdir/hadoop-ozone/integration-test/target/test-dir/MiniOzoneClusterImpl-ff639893-bec4-4f82-8d2e-9b96d860749a/datanode-3/data/containers/hdds to VolumeSet
2019-07-13 16:36:52,212 INFO  volume.ThrottledAsyncChecker (ThrottledAsyncChecker.java:schedule(140)) - Scheduling a check for org.apache.hadoop.ozone.container.common.volume.HddsVolume@3e4aabde
2019-07-13 16:36:52,212 INFO  volume.HddsVolumeChecker (HddsVolumeChecker.java:checkAllVolumes(203)) - Scheduled health check for volume org.apache.hadoop.ozone.container.common.volume.HddsVolume@3e4aabde
2019-07-13 16:36:52,227 INFO  impl.RaftServerProxy (ConfUtils.java:logGet(43)) - raft.rpc.type = GRPC (default)
2019-07-13 16:36:52,228 INFO  grpc.GrpcFactory (GrpcFactory.java:checkPooledByteBufAllocatorUseCacheForAllThreads(45)) - PERFORMANCE WARNING: useCacheForAllThreads is true that may cause Netty to create a lot garbage objects and, as a result, trigger GC.
	It is recommended to disable useCacheForAllThreads by setting -Dorg.apache.ratis.thirdparty.io.netty.allocator.useCacheForAllThreads=false in command line.
2019-07-13 16:36:52,228 INFO  grpc.GrpcConfigKeys$Server (ConfUtils.java:logGet(43)) - raft.grpc.server.port = 0 (default)
2019-07-13 16:36:52,228 INFO  server.GrpcService (ConfUtils.java:logGet(43)) - raft.grpc.message.size.max = 33570816 (custom)
2019-07-13 16:36:52,228 INFO  server.RaftServerConfigKeys (ConfUtils.java:logGet(43)) - raft.server.log.appender.buffer.byte-limit = 33554432 (custom)
2019-07-13 16:36:52,228 INFO  server.GrpcService (ConfUtils.java:logGet(43)) - raft.grpc.flow.control.window = 1MB (=1048576) (default)
2019-07-13 16:36:52,229 INFO  server.RaftServerConfigKeys (ConfUtils.java:logGet(43)) - raft.server.rpc.request.timeout = 3000ms (default)
2019-07-13 16:36:52,229 INFO  server.RaftServerConfigKeys (ConfUtils.java:logGet(43)) - raft.server.storage.dir = [/tmp/workdir/hadoop-ozone/integration-test/target/test-dir/MiniOzoneClusterImpl-ff639893-bec4-4f82-8d2e-9b96d860749a/datanode-3/data/ratis] (custom)
2019-07-13 16:36:52,229 INFO  replication.SimpleContainerDownloader (SimpleContainerDownloader.java:<init>(72)) - Starting container downloader service to copy containers to replicate.
2019-07-13 16:36:52,231 INFO  hdfs.DFSUtil (DFSUtil.java:httpServerTemplateForNNAndJN(1641)) - Starting Web-server for hddsDatanode at: http://0.0.0.0:0
2019-07-13 16:36:52,232 INFO  server.AuthenticationFilter (AuthenticationFilter.java:constructSecretProvider(240)) - Unable to initialize FileSignerSecretProvider, falling back to use random secrets.
2019-07-13 16:36:52,233 WARN  http.HttpRequestLog (HttpRequestLog.java:getRequestLog(97)) - Jetty request log can only be enabled using Log4j
2019-07-13 16:36:52,235 INFO  http.HttpServer2 (HttpServer2.java:addGlobalFilter(975)) - Added global filter 'safety' (class=org.apache.hadoop.http.HttpServer2$QuotingInputFilter)
2019-07-13 16:36:52,235 INFO  http.HttpServer2 (HttpServer2.java:addFilter(948)) - Added filter static_user_filter (class=org.apache.hadoop.http.lib.StaticUserWebFilter$StaticUserFilter) to context hddsDatanode
2019-07-13 16:36:52,236 INFO  http.HttpServer2 (HttpServer2.java:addFilter(958)) - Added filter static_user_filter (class=org.apache.hadoop.http.lib.StaticUserWebFilter$StaticUserFilter) to context logs
2019-07-13 16:36:52,236 INFO  http.HttpServer2 (HttpServer2.java:addFilter(958)) - Added filter static_user_filter (class=org.apache.hadoop.http.lib.StaticUserWebFilter$StaticUserFilter) to context static
2019-07-13 16:36:52,237 INFO  http.HttpServer2 (HttpServer2.java:bindListener(1191)) - Jetty bound to port 38846
2019-07-13 16:36:52,237 INFO  server.Server (Server.java:doStart(351)) - jetty-9.3.24.v20180605, build timestamp: 2018-06-05T17:11:56Z, git hash: 84205aa28f11a4f31f2a3b86d1bba2cc8ab69827
2019-07-13 16:36:52,239 INFO  handler.ContextHandler (ContextHandler.java:doStart(781)) - Started o.e.j.s.ServletContextHandler@3c403b36{/logs,file:///tmp/workdir/hadoop-ozone/integration-test/target/log,AVAILABLE}
2019-07-13 16:36:52,240 INFO  handler.ContextHandler (ContextHandler.java:doStart(781)) - Started o.e.j.s.ServletContextHandler@48c372db{/static,jar:file:/home/user/.m2/repository/org/apache/hadoop/hadoop-hdds-container-service/0.5.0-SNAPSHOT/hadoop-hdds-container-service-0.5.0-SNAPSHOT.jar!/webapps/static,AVAILABLE}
2019-07-13 16:36:52,282 INFO  handler.ContextHandler (ContextHandler.java:doStart(781)) - Started o.e.j.w.WebAppContext@229d5d14{/,file:///tmp/jetty-0.0.0.0-38846-hddsDatanode-_-any-1990279073214057845.dir/webapp/,AVAILABLE}{/hddsDatanode}
2019-07-13 16:36:52,283 INFO  server.AbstractConnector (AbstractConnector.java:doStart(278)) - Started ServerConnector@40957c86{HTTP/1.1,[http/1.1]}{0.0.0.0:38846}
2019-07-13 16:36:52,285 INFO  server.Server (Server.java:doStart(419)) - Started @635762ms
2019-07-13 16:36:52,285 INFO  server.BaseHttpServer (BaseHttpServer.java:updateConnectorAddress(207)) - HTTP server of HDDSDATANODE is listening at http://0.0.0.0:38846
2019-07-13 16:36:52,393 INFO  ozone.HddsDatanodeService (HddsDatanodeService.java:startPlugins(396)) - Started plug-in org.apache.hadoop.ozone.web.OzoneHddsDatanodeService@3ca26839
2019-07-13 16:36:52,394 INFO  impl.MetricsSystemImpl (MetricsSystemImpl.java:init(158)) - HddsDatanode metrics system started (again)
2019-07-13 16:36:52,394 INFO  ozone.HddsDatanodeService (HddsDatanodeService.java:start(185)) - HddsDatanodeService host:trunk-nightly-z92hn-1831959607 ip:192.168.5.187
2019-07-13 16:36:52,395 INFO  util.JvmPauseMonitor (JvmPauseMonitor.java:run(188)) - Starting JVM pause monitor
2019-07-13 16:36:52,396 INFO  datanode.InitDatanodeState (InitDatanodeState.java:persistContainerDatanodeDetails(140)) - DatanodeDetails is persisted to /tmp/workdir/hadoop-ozone/integration-test/target/test-dir/MiniOzoneClusterImpl-ff639893-bec4-4f82-8d2e-9b96d860749a/datanode-3/meta/datanode.id
2019-07-13 16:36:52,407 INFO  volume.HddsVolume (HddsVolume.java:<init>(176)) - Creating Volume: /tmp/workdir/hadoop-ozone/integration-test/target/test-dir/MiniOzoneClusterImpl-ff639893-bec4-4f82-8d2e-9b96d860749a/datanode-4/data/containers/hdds of  storage type : DISK and capacity : 52710309888
2019-07-13 16:36:52,408 INFO  volume.VolumeSet (VolumeSet.java:initializeVolumeSet(170)) - Added Volume : /tmp/workdir/hadoop-ozone/integration-test/target/test-dir/MiniOzoneClusterImpl-ff639893-bec4-4f82-8d2e-9b96d860749a/datanode-4/data/containers/hdds to VolumeSet
2019-07-13 16:36:52,408 INFO  volume.ThrottledAsyncChecker (ThrottledAsyncChecker.java:schedule(140)) - Scheduling a check for org.apache.hadoop.ozone.container.common.volume.HddsVolume@5fae1b
2019-07-13 16:36:52,408 INFO  volume.HddsVolumeChecker (HddsVolumeChecker.java:checkAllVolumes(203)) - Scheduled health check for volume org.apache.hadoop.ozone.container.common.volume.HddsVolume@5fae1b
2019-07-13 16:36:52,420 INFO  impl.RaftServerProxy (ConfUtils.java:logGet(43)) - raft.rpc.type = GRPC (default)
2019-07-13 16:36:52,421 INFO  grpc.GrpcFactory (GrpcFactory.java:checkPooledByteBufAllocatorUseCacheForAllThreads(45)) - PERFORMANCE WARNING: useCacheForAllThreads is true that may cause Netty to create a lot garbage objects and, as a result, trigger GC.
	It is recommended to disable useCacheForAllThreads by setting -Dorg.apache.ratis.thirdparty.io.netty.allocator.useCacheForAllThreads=false in command line.
2019-07-13 16:36:52,421 INFO  grpc.GrpcConfigKeys$Server (ConfUtils.java:logGet(43)) - raft.grpc.server.port = 0 (default)
2019-07-13 16:36:52,421 INFO  server.GrpcService (ConfUtils.java:logGet(43)) - raft.grpc.message.size.max = 33570816 (custom)
2019-07-13 16:36:52,421 INFO  server.RaftServerConfigKeys (ConfUtils.java:logGet(43)) - raft.server.log.appender.buffer.byte-limit = 33554432 (custom)
2019-07-13 16:36:52,421 INFO  server.GrpcService (ConfUtils.java:logGet(43)) - raft.grpc.flow.control.window = 1MB (=1048576) (default)
2019-07-13 16:36:52,421 INFO  server.RaftServerConfigKeys (ConfUtils.java:logGet(43)) - raft.server.rpc.request.timeout = 3000ms (default)
2019-07-13 16:36:52,422 INFO  server.RaftServerConfigKeys (ConfUtils.java:logGet(43)) - raft.server.storage.dir = [/tmp/workdir/hadoop-ozone/integration-test/target/test-dir/MiniOzoneClusterImpl-ff639893-bec4-4f82-8d2e-9b96d860749a/datanode-4/data/ratis] (custom)
2019-07-13 16:36:52,422 INFO  replication.SimpleContainerDownloader (SimpleContainerDownloader.java:<init>(72)) - Starting container downloader service to copy containers to replicate.
2019-07-13 16:36:52,423 INFO  hdfs.DFSUtil (DFSUtil.java:httpServerTemplateForNNAndJN(1641)) - Starting Web-server for hddsDatanode at: http://0.0.0.0:0
2019-07-13 16:36:52,424 INFO  server.AuthenticationFilter (AuthenticationFilter.java:constructSecretProvider(240)) - Unable to initialize FileSignerSecretProvider, falling back to use random secrets.
2019-07-13 16:36:52,424 WARN  http.HttpRequestLog (HttpRequestLog.java:getRequestLog(97)) - Jetty request log can only be enabled using Log4j
2019-07-13 16:36:52,425 INFO  http.HttpServer2 (HttpServer2.java:addGlobalFilter(975)) - Added global filter 'safety' (class=org.apache.hadoop.http.HttpServer2$QuotingInputFilter)
2019-07-13 16:36:52,425 INFO  http.HttpServer2 (HttpServer2.java:addFilter(948)) - Added filter static_user_filter (class=org.apache.hadoop.http.lib.StaticUserWebFilter$StaticUserFilter) to context hddsDatanode
2019-07-13 16:36:52,426 INFO  http.HttpServer2 (HttpServer2.java:addFilter(958)) - Added filter static_user_filter (class=org.apache.hadoop.http.lib.StaticUserWebFilter$StaticUserFilter) to context static
2019-07-13 16:36:52,426 INFO  http.HttpServer2 (HttpServer2.java:addFilter(958)) - Added filter static_user_filter (class=org.apache.hadoop.http.lib.StaticUserWebFilter$StaticUserFilter) to context logs
2019-07-13 16:36:52,426 INFO  http.HttpServer2 (HttpServer2.java:bindListener(1191)) - Jetty bound to port 39849
2019-07-13 16:36:52,426 INFO  server.Server (Server.java:doStart(351)) - jetty-9.3.24.v20180605, build timestamp: 2018-06-05T17:11:56Z, git hash: 84205aa28f11a4f31f2a3b86d1bba2cc8ab69827
2019-07-13 16:36:52,429 INFO  handler.ContextHandler (ContextHandler.java:doStart(781)) - Started o.e.j.s.ServletContextHandler@4d6f8691{/logs,file:///tmp/workdir/hadoop-ozone/integration-test/target/log,AVAILABLE}
2019-07-13 16:36:52,429 INFO  handler.ContextHandler (ContextHandler.java:doStart(781)) - Started o.e.j.s.ServletContextHandler@35798cd0{/static,jar:file:/home/user/.m2/repository/org/apache/hadoop/hadoop-hdds-container-service/0.5.0-SNAPSHOT/hadoop-hdds-container-service-0.5.0-SNAPSHOT.jar!/webapps/static,AVAILABLE}
2019-07-13 16:36:52,455 INFO  handler.ContextHandler (ContextHandler.java:doStart(781)) - Started o.e.j.w.WebAppContext@3333b099{/,file:///tmp/jetty-0.0.0.0-39849-hddsDatanode-_-any-8577359606653720597.dir/webapp/,AVAILABLE}{/hddsDatanode}
2019-07-13 16:36:52,455 INFO  server.AbstractConnector (AbstractConnector.java:doStart(278)) - Started ServerConnector@281e2637{HTTP/1.1,[http/1.1]}{0.0.0.0:39849}
2019-07-13 16:36:52,455 INFO  server.Server (Server.java:doStart(419)) - Started @635932ms
2019-07-13 16:36:52,457 INFO  server.BaseHttpServer (BaseHttpServer.java:updateConnectorAddress(207)) - HTTP server of HDDSDATANODE is listening at http://0.0.0.0:39849
2019-07-13 16:36:52,552 INFO  ozone.HddsDatanodeService (HddsDatanodeService.java:startPlugins(396)) - Started plug-in org.apache.hadoop.ozone.web.OzoneHddsDatanodeService@112dfb03
2019-07-13 16:36:52,552 INFO  impl.MetricsSystemImpl (MetricsSystemImpl.java:init(158)) - HddsDatanode metrics system started (again)
2019-07-13 16:36:52,552 INFO  ozone.HddsDatanodeService (HddsDatanodeService.java:start(185)) - HddsDatanodeService host:trunk-nightly-z92hn-1831959607 ip:192.168.5.187
2019-07-13 16:36:52,553 INFO  util.JvmPauseMonitor (JvmPauseMonitor.java:run(188)) - Starting JVM pause monitor
2019-07-13 16:36:52,554 INFO  datanode.InitDatanodeState (InitDatanodeState.java:persistContainerDatanodeDetails(140)) - DatanodeDetails is persisted to /tmp/workdir/hadoop-ozone/integration-test/target/test-dir/MiniOzoneClusterImpl-ff639893-bec4-4f82-8d2e-9b96d860749a/datanode-4/meta/datanode.id
2019-07-13 16:36:52,566 INFO  volume.HddsVolume (HddsVolume.java:<init>(176)) - Creating Volume: /tmp/workdir/hadoop-ozone/integration-test/target/test-dir/MiniOzoneClusterImpl-ff639893-bec4-4f82-8d2e-9b96d860749a/datanode-5/data/containers/hdds of  storage type : DISK and capacity : 52710309888
2019-07-13 16:36:52,566 INFO  volume.VolumeSet (VolumeSet.java:initializeVolumeSet(170)) - Added Volume : /tmp/workdir/hadoop-ozone/integration-test/target/test-dir/MiniOzoneClusterImpl-ff639893-bec4-4f82-8d2e-9b96d860749a/datanode-5/data/containers/hdds to VolumeSet
2019-07-13 16:36:52,566 INFO  volume.ThrottledAsyncChecker (ThrottledAsyncChecker.java:schedule(140)) - Scheduling a check for org.apache.hadoop.ozone.container.common.volume.HddsVolume@67ee26af
2019-07-13 16:36:52,567 INFO  volume.HddsVolumeChecker (HddsVolumeChecker.java:checkAllVolumes(203)) - Scheduled health check for volume org.apache.hadoop.ozone.container.common.volume.HddsVolume@67ee26af
2019-07-13 16:36:52,580 INFO  impl.RaftServerProxy (ConfUtils.java:logGet(43)) - raft.rpc.type = GRPC (default)
2019-07-13 16:36:52,580 INFO  grpc.GrpcFactory (GrpcFactory.java:checkPooledByteBufAllocatorUseCacheForAllThreads(45)) - PERFORMANCE WARNING: useCacheForAllThreads is true that may cause Netty to create a lot garbage objects and, as a result, trigger GC.
	It is recommended to disable useCacheForAllThreads by setting -Dorg.apache.ratis.thirdparty.io.netty.allocator.useCacheForAllThreads=false in command line.
2019-07-13 16:36:52,580 INFO  grpc.GrpcConfigKeys$Server (ConfUtils.java:logGet(43)) - raft.grpc.server.port = 0 (default)
2019-07-13 16:36:52,580 INFO  server.GrpcService (ConfUtils.java:logGet(43)) - raft.grpc.message.size.max = 33570816 (custom)
2019-07-13 16:36:52,581 INFO  server.RaftServerConfigKeys (ConfUtils.java:logGet(43)) - raft.server.log.appender.buffer.byte-limit = 33554432 (custom)
2019-07-13 16:36:52,581 INFO  server.GrpcService (ConfUtils.java:logGet(43)) - raft.grpc.flow.control.window = 1MB (=1048576) (default)
2019-07-13 16:36:52,581 INFO  server.RaftServerConfigKeys (ConfUtils.java:logGet(43)) - raft.server.rpc.request.timeout = 3000ms (default)
2019-07-13 16:36:52,581 INFO  server.RaftServerConfigKeys (ConfUtils.java:logGet(43)) - raft.server.storage.dir = [/tmp/workdir/hadoop-ozone/integration-test/target/test-dir/MiniOzoneClusterImpl-ff639893-bec4-4f82-8d2e-9b96d860749a/datanode-5/data/ratis] (custom)
2019-07-13 16:36:52,582 INFO  replication.SimpleContainerDownloader (SimpleContainerDownloader.java:<init>(72)) - Starting container downloader service to copy containers to replicate.
2019-07-13 16:36:52,583 INFO  hdfs.DFSUtil (DFSUtil.java:httpServerTemplateForNNAndJN(1641)) - Starting Web-server for hddsDatanode at: http://0.0.0.0:0
2019-07-13 16:36:52,583 INFO  server.AuthenticationFilter (AuthenticationFilter.java:constructSecretProvider(240)) - Unable to initialize FileSignerSecretProvider, falling back to use random secrets.
2019-07-13 16:36:52,584 WARN  http.HttpRequestLog (HttpRequestLog.java:getRequestLog(97)) - Jetty request log can only be enabled using Log4j
2019-07-13 16:36:52,585 INFO  http.HttpServer2 (HttpServer2.java:addGlobalFilter(975)) - Added global filter 'safety' (class=org.apache.hadoop.http.HttpServer2$QuotingInputFilter)
2019-07-13 16:36:52,585 INFO  http.HttpServer2 (HttpServer2.java:addFilter(948)) - Added filter static_user_filter (class=org.apache.hadoop.http.lib.StaticUserWebFilter$StaticUserFilter) to context hddsDatanode
2019-07-13 16:36:52,585 INFO  http.HttpServer2 (HttpServer2.java:addFilter(958)) - Added filter static_user_filter (class=org.apache.hadoop.http.lib.StaticUserWebFilter$StaticUserFilter) to context static
2019-07-13 16:36:52,585 INFO  http.HttpServer2 (HttpServer2.java:addFilter(958)) - Added filter static_user_filter (class=org.apache.hadoop.http.lib.StaticUserWebFilter$StaticUserFilter) to context logs
2019-07-13 16:36:52,586 INFO  http.HttpServer2 (HttpServer2.java:bindListener(1191)) - Jetty bound to port 35950
2019-07-13 16:36:52,586 INFO  server.Server (Server.java:doStart(351)) - jetty-9.3.24.v20180605, build timestamp: 2018-06-05T17:11:56Z, git hash: 84205aa28f11a4f31f2a3b86d1bba2cc8ab69827
2019-07-13 16:36:52,587 INFO  handler.ContextHandler (ContextHandler.java:doStart(781)) - Started o.e.j.s.ServletContextHandler@c95213a{/logs,file:///tmp/workdir/hadoop-ozone/integration-test/target/log,AVAILABLE}
2019-07-13 16:36:52,588 INFO  handler.ContextHandler (ContextHandler.java:doStart(781)) - Started o.e.j.s.ServletContextHandler@77eab063{/static,jar:file:/home/user/.m2/repository/org/apache/hadoop/hadoop-hdds-container-service/0.5.0-SNAPSHOT/hadoop-hdds-container-service-0.5.0-SNAPSHOT.jar!/webapps/static,AVAILABLE}
2019-07-13 16:36:52,614 INFO  handler.ContextHandler (ContextHandler.java:doStart(781)) - Started o.e.j.w.WebAppContext@7356f0e0{/,file:///tmp/jetty-0.0.0.0-35950-hddsDatanode-_-any-368720274781911173.dir/webapp/,AVAILABLE}{/hddsDatanode}
2019-07-13 16:36:52,614 INFO  server.AbstractConnector (AbstractConnector.java:doStart(278)) - Started ServerConnector@7fdef973{HTTP/1.1,[http/1.1]}{0.0.0.0:35950}
2019-07-13 16:36:52,614 INFO  server.Server (Server.java:doStart(419)) - Started @636091ms
2019-07-13 16:36:52,616 INFO  server.BaseHttpServer (BaseHttpServer.java:updateConnectorAddress(207)) - HTTP server of HDDSDATANODE is listening at http://0.0.0.0:35950
2019-07-13 16:36:52,753 INFO  ozone.HddsDatanodeService (HddsDatanodeService.java:startPlugins(396)) - Started plug-in org.apache.hadoop.ozone.web.OzoneHddsDatanodeService@911a6cd
2019-07-13 16:36:52,754 INFO  impl.MetricsSystemImpl (MetricsSystemImpl.java:init(158)) - HddsDatanode metrics system started (again)
2019-07-13 16:36:52,754 INFO  ozone.HddsDatanodeService (HddsDatanodeService.java:start(185)) - HddsDatanodeService host:trunk-nightly-z92hn-1831959607 ip:192.168.5.187
2019-07-13 16:36:52,755 INFO  util.JvmPauseMonitor (JvmPauseMonitor.java:run(188)) - Starting JVM pause monitor
2019-07-13 16:36:52,756 INFO  datanode.InitDatanodeState (InitDatanodeState.java:persistContainerDatanodeDetails(140)) - DatanodeDetails is persisted to /tmp/workdir/hadoop-ozone/integration-test/target/test-dir/MiniOzoneClusterImpl-ff639893-bec4-4f82-8d2e-9b96d860749a/datanode-5/meta/datanode.id
2019-07-13 16:36:52,768 INFO  volume.HddsVolume (HddsVolume.java:<init>(176)) - Creating Volume: /tmp/workdir/hadoop-ozone/integration-test/target/test-dir/MiniOzoneClusterImpl-ff639893-bec4-4f82-8d2e-9b96d860749a/datanode-6/data/containers/hdds of  storage type : DISK and capacity : 52710309888
2019-07-13 16:36:52,769 INFO  volume.VolumeSet (VolumeSet.java:initializeVolumeSet(170)) - Added Volume : /tmp/workdir/hadoop-ozone/integration-test/target/test-dir/MiniOzoneClusterImpl-ff639893-bec4-4f82-8d2e-9b96d860749a/datanode-6/data/containers/hdds to VolumeSet
2019-07-13 16:36:52,769 INFO  volume.ThrottledAsyncChecker (ThrottledAsyncChecker.java:schedule(140)) - Scheduling a check for org.apache.hadoop.ozone.container.common.volume.HddsVolume@69e4e90b
2019-07-13 16:36:52,770 INFO  volume.HddsVolumeChecker (HddsVolumeChecker.java:checkAllVolumes(203)) - Scheduled health check for volume org.apache.hadoop.ozone.container.common.volume.HddsVolume@69e4e90b
2019-07-13 16:36:52,784 INFO  impl.RaftServerProxy (ConfUtils.java:logGet(43)) - raft.rpc.type = GRPC (default)
2019-07-13 16:36:52,784 INFO  grpc.GrpcFactory (GrpcFactory.java:checkPooledByteBufAllocatorUseCacheForAllThreads(45)) - PERFORMANCE WARNING: useCacheForAllThreads is true that may cause Netty to create a lot garbage objects and, as a result, trigger GC.
	It is recommended to disable useCacheForAllThreads by setting -Dorg.apache.ratis.thirdparty.io.netty.allocator.useCacheForAllThreads=false in command line.
2019-07-13 16:36:52,784 INFO  grpc.GrpcConfigKeys$Server (ConfUtils.java:logGet(43)) - raft.grpc.server.port = 0 (default)
2019-07-13 16:36:52,785 INFO  server.GrpcService (ConfUtils.java:logGet(43)) - raft.grpc.message.size.max = 33570816 (custom)
2019-07-13 16:36:52,785 INFO  server.RaftServerConfigKeys (ConfUtils.java:logGet(43)) - raft.server.log.appender.buffer.byte-limit = 33554432 (custom)
2019-07-13 16:36:52,785 INFO  server.GrpcService (ConfUtils.java:logGet(43)) - raft.grpc.flow.control.window = 1MB (=1048576) (default)
2019-07-13 16:36:52,785 INFO  server.RaftServerConfigKeys (ConfUtils.java:logGet(43)) - raft.server.rpc.request.timeout = 3000ms (default)
2019-07-13 16:36:52,786 INFO  server.RaftServerConfigKeys (ConfUtils.java:logGet(43)) - raft.server.storage.dir = [/tmp/workdir/hadoop-ozone/integration-test/target/test-dir/MiniOzoneClusterImpl-ff639893-bec4-4f82-8d2e-9b96d860749a/datanode-6/data/ratis] (custom)
2019-07-13 16:36:52,786 INFO  replication.SimpleContainerDownloader (SimpleContainerDownloader.java:<init>(72)) - Starting container downloader service to copy containers to replicate.
2019-07-13 16:36:52,787 INFO  hdfs.DFSUtil (DFSUtil.java:httpServerTemplateForNNAndJN(1641)) - Starting Web-server for hddsDatanode at: http://0.0.0.0:0
2019-07-13 16:36:52,789 INFO  server.AuthenticationFilter (AuthenticationFilter.java:constructSecretProvider(240)) - Unable to initialize FileSignerSecretProvider, falling back to use random secrets.
2019-07-13 16:36:52,790 WARN  http.HttpRequestLog (HttpRequestLog.java:getRequestLog(97)) - Jetty request log can only be enabled using Log4j
2019-07-13 16:36:52,791 INFO  http.HttpServer2 (HttpServer2.java:addGlobalFilter(975)) - Added global filter 'safety' (class=org.apache.hadoop.http.HttpServer2$QuotingInputFilter)
2019-07-13 16:36:52,792 INFO  http.HttpServer2 (HttpServer2.java:addFilter(948)) - Added filter static_user_filter (class=org.apache.hadoop.http.lib.StaticUserWebFilter$StaticUserFilter) to context hddsDatanode
2019-07-13 16:36:52,792 INFO  http.HttpServer2 (HttpServer2.java:addFilter(958)) - Added filter static_user_filter (class=org.apache.hadoop.http.lib.StaticUserWebFilter$StaticUserFilter) to context logs
2019-07-13 16:36:52,792 INFO  http.HttpServer2 (HttpServer2.java:addFilter(958)) - Added filter static_user_filter (class=org.apache.hadoop.http.lib.StaticUserWebFilter$StaticUserFilter) to context static
2019-07-13 16:36:52,793 INFO  http.HttpServer2 (HttpServer2.java:bindListener(1191)) - Jetty bound to port 42103
2019-07-13 16:36:52,794 INFO  server.Server (Server.java:doStart(351)) - jetty-9.3.24.v20180605, build timestamp: 2018-06-05T17:11:56Z, git hash: 84205aa28f11a4f31f2a3b86d1bba2cc8ab69827
2019-07-13 16:36:52,796 INFO  handler.ContextHandler (ContextHandler.java:doStart(781)) - Started o.e.j.s.ServletContextHandler@17e77d57{/logs,file:///tmp/workdir/hadoop-ozone/integration-test/target/log,AVAILABLE}
2019-07-13 16:36:52,796 INFO  handler.ContextHandler (ContextHandler.java:doStart(781)) - Started o.e.j.s.ServletContextHandler@5deae5ef{/static,jar:file:/home/user/.m2/repository/org/apache/hadoop/hadoop-hdds-container-service/0.5.0-SNAPSHOT/hadoop-hdds-container-service-0.5.0-SNAPSHOT.jar!/webapps/static,AVAILABLE}
2019-07-13 16:36:52,839 INFO  handler.ContextHandler (ContextHandler.java:doStart(781)) - Started o.e.j.w.WebAppContext@2330af4f{/,file:///tmp/jetty-0.0.0.0-42103-hddsDatanode-_-any-265554724805924663.dir/webapp/,AVAILABLE}{/hddsDatanode}
2019-07-13 16:36:52,840 INFO  server.AbstractConnector (AbstractConnector.java:doStart(278)) - Started ServerConnector@eb3ceb4{HTTP/1.1,[http/1.1]}{0.0.0.0:42103}
2019-07-13 16:36:52,842 INFO  server.Server (Server.java:doStart(419)) - Started @636317ms
2019-07-13 16:36:52,842 INFO  server.BaseHttpServer (BaseHttpServer.java:updateConnectorAddress(207)) - HTTP server of HDDSDATANODE is listening at http://0.0.0.0:42103
2019-07-13 16:36:52,951 INFO  ozone.HddsDatanodeService (HddsDatanodeService.java:startPlugins(396)) - Started plug-in org.apache.hadoop.ozone.web.OzoneHddsDatanodeService@2869ef63
2019-07-13 16:36:52,951 INFO  ozone.MiniOzoneClusterImpl (MiniOzoneClusterImpl.java:lambda$waitForClusterToBeReady$0(142)) - Waiting for cluster to be ready. Got 0 of 7 DN Heartbeats.
2019-07-13 16:36:52,953 INFO  util.JvmPauseMonitor (JvmPauseMonitor.java:run(188)) - Starting JVM pause monitor
2019-07-13 16:36:52,954 INFO  datanode.InitDatanodeState (InitDatanodeState.java:persistContainerDatanodeDetails(140)) - DatanodeDetails is persisted to /tmp/workdir/hadoop-ozone/integration-test/target/test-dir/MiniOzoneClusterImpl-ff639893-bec4-4f82-8d2e-9b96d860749a/datanode-6/meta/datanode.id
2019-07-13 16:36:53,816 INFO  ozoneimpl.OzoneContainer (OzoneContainer.java:start(186)) - Attempting to start container services.
2019-07-13 16:36:53,816 INFO  ozoneimpl.OzoneContainer (OzoneContainer.java:startContainerScrub(160)) - Background container scrubber has been disabled by hdds.containerscrub.enabled
2019-07-13 16:36:53,817 INFO  ratis.XceiverServerRatis (XceiverServerRatis.java:start(418)) - Starting XceiverServerRatis 7ba4b158-ac09-4538-907e-38781997cb7b at port 0
2019-07-13 16:36:53,824 INFO  impl.RaftServerProxy (RaftServerProxy.java:lambda$start$3(299)) - 7ba4b158-ac09-4538-907e-38781997cb7b: start RPC server
2019-07-13 16:36:53,833 INFO  server.GrpcService (GrpcService.java:startImpl(149)) - 7ba4b158-ac09-4538-907e-38781997cb7b: GrpcService started, listening on 0.0.0.0/0.0.0.0:39363
2019-07-13 16:36:53,833 INFO  ratis.XceiverServerRatis (XceiverServerRatis.java:start(428)) - XceiverServerRatis 7ba4b158-ac09-4538-907e-38781997cb7b is started using port 39363
2019-07-13 16:36:53,834 INFO  server.XceiverServerGrpc (XceiverServerGrpc.java:start(161)) - XceiverServerGrpc 7ba4b158-ac09-4538-907e-38781997cb7b is started using port 37907
2019-07-13 16:36:53,952 INFO  ozone.MiniOzoneClusterImpl (MiniOzoneClusterImpl.java:lambda$waitForClusterToBeReady$0(142)) - Waiting for cluster to be ready. Got 0 of 7 DN Heartbeats.
2019-07-13 16:36:54,010 INFO  ozoneimpl.OzoneContainer (OzoneContainer.java:start(186)) - Attempting to start container services.
2019-07-13 16:36:54,010 INFO  ozoneimpl.OzoneContainer (OzoneContainer.java:startContainerScrub(160)) - Background container scrubber has been disabled by hdds.containerscrub.enabled
2019-07-13 16:36:54,010 INFO  ratis.XceiverServerRatis (XceiverServerRatis.java:start(418)) - Starting XceiverServerRatis 4aa21327-2828-4bcf-afee-bc0e28759617 at port 0
2019-07-13 16:36:54,019 INFO  impl.RaftServerProxy (RaftServerProxy.java:lambda$start$3(299)) - 4aa21327-2828-4bcf-afee-bc0e28759617: start RPC server
2019-07-13 16:36:54,020 INFO  server.GrpcService (GrpcService.java:startImpl(149)) - 4aa21327-2828-4bcf-afee-bc0e28759617: GrpcService started, listening on 0.0.0.0/0.0.0.0:43143
2019-07-13 16:36:54,020 INFO  ratis.XceiverServerRatis (XceiverServerRatis.java:start(428)) - XceiverServerRatis 4aa21327-2828-4bcf-afee-bc0e28759617 is started using port 43143
2019-07-13 16:36:54,020 INFO  server.XceiverServerGrpc (XceiverServerGrpc.java:start(161)) - XceiverServerGrpc 4aa21327-2828-4bcf-afee-bc0e28759617 is started using port 38807
2019-07-13 16:36:54,203 INFO  ozoneimpl.OzoneContainer (OzoneContainer.java:start(186)) - Attempting to start container services.
2019-07-13 16:36:54,203 INFO  ozoneimpl.OzoneContainer (OzoneContainer.java:startContainerScrub(160)) - Background container scrubber has been disabled by hdds.containerscrub.enabled
2019-07-13 16:36:54,203 INFO  ratis.XceiverServerRatis (XceiverServerRatis.java:start(418)) - Starting XceiverServerRatis 385dbeb7-bcfc-4c9d-9cc8-2a0122c6df21 at port 0
2019-07-13 16:36:54,210 INFO  impl.RaftServerProxy (RaftServerProxy.java:lambda$start$3(299)) - 385dbeb7-bcfc-4c9d-9cc8-2a0122c6df21: start RPC server
2019-07-13 16:36:54,211 INFO  server.GrpcService (GrpcService.java:startImpl(149)) - 385dbeb7-bcfc-4c9d-9cc8-2a0122c6df21: GrpcService started, listening on 0.0.0.0/0.0.0.0:45629
2019-07-13 16:36:54,211 INFO  ratis.XceiverServerRatis (XceiverServerRatis.java:start(428)) - XceiverServerRatis 385dbeb7-bcfc-4c9d-9cc8-2a0122c6df21 is started using port 45629
2019-07-13 16:36:54,222 INFO  server.XceiverServerGrpc (XceiverServerGrpc.java:start(161)) - XceiverServerGrpc 385dbeb7-bcfc-4c9d-9cc8-2a0122c6df21 is started using port 39142
2019-07-13 16:36:54,401 INFO  ozoneimpl.OzoneContainer (OzoneContainer.java:start(186)) - Attempting to start container services.
2019-07-13 16:36:54,401 INFO  ozoneimpl.OzoneContainer (OzoneContainer.java:startContainerScrub(160)) - Background container scrubber has been disabled by hdds.containerscrub.enabled
2019-07-13 16:36:54,401 INFO  ratis.XceiverServerRatis (XceiverServerRatis.java:start(418)) - Starting XceiverServerRatis 1e98dda5-7541-4657-b55c-d3eb0b5d2574 at port 0
2019-07-13 16:36:54,409 INFO  impl.RaftServerProxy (RaftServerProxy.java:lambda$start$3(299)) - 1e98dda5-7541-4657-b55c-d3eb0b5d2574: start RPC server
2019-07-13 16:36:54,409 INFO  server.GrpcService (GrpcService.java:startImpl(149)) - 1e98dda5-7541-4657-b55c-d3eb0b5d2574: GrpcService started, listening on 0.0.0.0/0.0.0.0:46209
2019-07-13 16:36:54,410 INFO  ratis.XceiverServerRatis (XceiverServerRatis.java:start(428)) - XceiverServerRatis 1e98dda5-7541-4657-b55c-d3eb0b5d2574 is started using port 46209
2019-07-13 16:36:54,410 INFO  server.XceiverServerGrpc (XceiverServerGrpc.java:start(161)) - XceiverServerGrpc 1e98dda5-7541-4657-b55c-d3eb0b5d2574 is started using port 45317
2019-07-13 16:36:54,566 INFO  ozoneimpl.OzoneContainer (OzoneContainer.java:start(186)) - Attempting to start container services.
2019-07-13 16:36:54,566 INFO  ozoneimpl.OzoneContainer (OzoneContainer.java:startContainerScrub(160)) - Background container scrubber has been disabled by hdds.containerscrub.enabled
2019-07-13 16:36:54,566 INFO  ratis.XceiverServerRatis (XceiverServerRatis.java:start(418)) - Starting XceiverServerRatis 36ae1c90-1a2d-489e-92cd-e60a8d4b511f at port 0
2019-07-13 16:36:54,574 INFO  impl.RaftServerProxy (RaftServerProxy.java:lambda$start$3(299)) - 36ae1c90-1a2d-489e-92cd-e60a8d4b511f: start RPC server
2019-07-13 16:36:54,577 INFO  server.GrpcService (GrpcService.java:startImpl(149)) - 36ae1c90-1a2d-489e-92cd-e60a8d4b511f: GrpcService started, listening on 0.0.0.0/0.0.0.0:45344
2019-07-13 16:36:54,577 INFO  ratis.XceiverServerRatis (XceiverServerRatis.java:start(428)) - XceiverServerRatis 36ae1c90-1a2d-489e-92cd-e60a8d4b511f is started using port 45344
2019-07-13 16:36:54,578 INFO  server.XceiverServerGrpc (XceiverServerGrpc.java:start(161)) - XceiverServerGrpc 36ae1c90-1a2d-489e-92cd-e60a8d4b511f is started using port 37932
2019-07-13 16:36:54,761 INFO  ozoneimpl.OzoneContainer (OzoneContainer.java:start(186)) - Attempting to start container services.
2019-07-13 16:36:54,761 INFO  ozoneimpl.OzoneContainer (OzoneContainer.java:startContainerScrub(160)) - Background container scrubber has been disabled by hdds.containerscrub.enabled
2019-07-13 16:36:54,761 INFO  ratis.XceiverServerRatis (XceiverServerRatis.java:start(418)) - Starting XceiverServerRatis 3714f87c-c20b-462c-a483-4e53e291f7de at port 0
2019-07-13 16:36:54,769 INFO  impl.RaftServerProxy (RaftServerProxy.java:lambda$start$3(299)) - 3714f87c-c20b-462c-a483-4e53e291f7de: start RPC server
2019-07-13 16:36:54,772 INFO  server.GrpcService (GrpcService.java:startImpl(149)) - 3714f87c-c20b-462c-a483-4e53e291f7de: GrpcService started, listening on 0.0.0.0/0.0.0.0:45707
2019-07-13 16:36:54,772 INFO  ratis.XceiverServerRatis (XceiverServerRatis.java:start(428)) - XceiverServerRatis 3714f87c-c20b-462c-a483-4e53e291f7de is started using port 45707
2019-07-13 16:36:54,773 INFO  server.XceiverServerGrpc (XceiverServerGrpc.java:start(161)) - XceiverServerGrpc 3714f87c-c20b-462c-a483-4e53e291f7de is started using port 44569
2019-07-13 16:36:54,952 INFO  ozone.MiniOzoneClusterImpl (MiniOzoneClusterImpl.java:lambda$waitForClusterToBeReady$0(142)) - Waiting for cluster to be ready. Got 0 of 7 DN Heartbeats.
2019-07-13 16:36:54,965 INFO  ozoneimpl.OzoneContainer (OzoneContainer.java:start(186)) - Attempting to start container services.
2019-07-13 16:36:54,965 INFO  ozoneimpl.OzoneContainer (OzoneContainer.java:startContainerScrub(160)) - Background container scrubber has been disabled by hdds.containerscrub.enabled
2019-07-13 16:36:54,965 INFO  ratis.XceiverServerRatis (XceiverServerRatis.java:start(418)) - Starting XceiverServerRatis 40667cbd-de47-4e73-8501-f4e9e13bd91c at port 0
2019-07-13 16:36:54,973 INFO  impl.RaftServerProxy (RaftServerProxy.java:lambda$start$3(299)) - 40667cbd-de47-4e73-8501-f4e9e13bd91c: start RPC server
2019-07-13 16:36:54,973 INFO  server.GrpcService (GrpcService.java:startImpl(149)) - 40667cbd-de47-4e73-8501-f4e9e13bd91c: GrpcService started, listening on 0.0.0.0/0.0.0.0:33904
2019-07-13 16:36:54,973 INFO  ratis.XceiverServerRatis (XceiverServerRatis.java:start(428)) - XceiverServerRatis 40667cbd-de47-4e73-8501-f4e9e13bd91c is started using port 33904
2019-07-13 16:36:54,976 INFO  server.XceiverServerGrpc (XceiverServerGrpc.java:start(161)) - XceiverServerGrpc 40667cbd-de47-4e73-8501-f4e9e13bd91c is started using port 46688
2019-07-13 16:36:55,806 INFO  net.NetworkTopology (NetworkTopologyImpl.java:add(110)) - Added a new node: /default-rack/192.168.5.187
2019-07-13 16:36:55,809 INFO  node.SCMNodeManager (SCMNodeManager.java:register(269)) - Registered Data node : 7ba4b158-ac09-4538-907e-38781997cb7b{ip: 192.168.5.187, host: trunk-nightly-z92hn-1831959607, networkLocation: /default-rack, certSerialId: null}
2019-07-13 16:36:55,810 INFO  safemode.SCMSafeModeManager (DataNodeSafeModeRule.java:process(71)) - SCM in safe mode. 1 DataNodes registered, 1 required.
2019-07-13 16:36:55,813 INFO  safemode.SCMSafeModeManager (SCMSafeModeManager.java:validateSafeModeExitRules(177)) - ScmSafeModeManager, all rules are successfully validated
2019-07-13 16:36:55,813 INFO  safemode.SCMSafeModeManager (SCMSafeModeManager.java:exitSafeMode(193)) - SCM exiting safe mode.
2019-07-13 16:36:55,825 INFO  impl.RaftServerProxy (RaftServerProxy.java:addNew(89)) - 7ba4b158-ac09-4538-907e-38781997cb7b: addNew group-3EADC8ED0018:[7ba4b158-ac09-4538-907e-38781997cb7b:192.168.5.187:39363] returns group-3EADC8ED0018:java.util.concurrent.CompletableFuture@d075e3b[Not completed]
2019-07-13 16:36:55,827 INFO  impl.RaftServerImpl (RaftServerImpl.java:<init>(93)) - 7ba4b158-ac09-4538-907e-38781997cb7b: new RaftServerImpl for group-3EADC8ED0018:[7ba4b158-ac09-4538-907e-38781997cb7b:192.168.5.187:39363] with ContainerStateMachine:uninitialized
2019-07-13 16:36:55,827 INFO  server.RaftServerConfigKeys (ConfUtils.java:logGet(43)) - raft.server.rpc.timeout.min = 5s (custom)
2019-07-13 16:36:55,827 INFO  server.RaftServerConfigKeys (ConfUtils.java:logGet(43)) - raft.server.rpc.timeout.max = 5200ms (custom)
2019-07-13 16:36:55,827 INFO  server.RaftServerConfigKeys (ConfUtils.java:logGet(43)) - raft.server.rpcslowness.timeout = 120s (custom)
2019-07-13 16:36:55,827 INFO  server.RaftServerConfigKeys (ConfUtils.java:logGet(43)) - raft.server.sleep.deviation.threshold = 300 (default)
2019-07-13 16:36:55,827 INFO  server.RaftServerConfigKeys (ConfUtils.java:logGet(43)) - raft.server.log.appender.install.snapshot.enabled = false (custom)
2019-07-13 16:36:55,828 INFO  impl.RaftServerImpl (ServerState.java:<init>(105)) - 7ba4b158-ac09-4538-907e-38781997cb7b:group-3EADC8ED0018 ConfigurationManager, init=-1: [7ba4b158-ac09-4538-907e-38781997cb7b:192.168.5.187:39363], old=null, confs=<EMPTY_MAP>
2019-07-13 16:36:55,828 INFO  server.RaftServerConfigKeys (ConfUtils.java:logGet(43)) - raft.server.storage.dir = [/tmp/workdir/hadoop-ozone/integration-test/target/test-dir/MiniOzoneClusterImpl-ff639893-bec4-4f82-8d2e-9b96d860749a/datanode-0/data/ratis] (custom)
2019-07-13 16:36:55,828 INFO  storage.RaftStorageDirectory (RaftStorageDirectory.java:analyzeStorage(246)) - The storage directory /tmp/workdir/hadoop-ozone/integration-test/target/test-dir/MiniOzoneClusterImpl-ff639893-bec4-4f82-8d2e-9b96d860749a/datanode-0/data/ratis/8e79dc95-bea0-40ed-b7b4-3eadc8ed0018 does not exist. Creating ...
2019-07-13 16:36:55,841 INFO  storage.RaftStorageDirectory (RaftStorageDirectory.java:tryLock(328)) - Lock on /tmp/workdir/hadoop-ozone/integration-test/target/test-dir/MiniOzoneClusterImpl-ff639893-bec4-4f82-8d2e-9b96d860749a/datanode-0/data/ratis/8e79dc95-bea0-40ed-b7b4-3eadc8ed0018/in_use.lock acquired by nodename 30505@trunk-nightly-z92hn-1831959607
2019-07-13 16:36:55,853 INFO  storage.RaftStorage (RaftStorage.java:format(72)) - Storage directory /tmp/workdir/hadoop-ozone/integration-test/target/test-dir/MiniOzoneClusterImpl-ff639893-bec4-4f82-8d2e-9b96d860749a/datanode-0/data/ratis/8e79dc95-bea0-40ed-b7b4-3eadc8ed0018 has been successfully formatted.
2019-07-13 16:36:55,853 INFO  ratis.ContainerStateMachine (ContainerStateMachine.java:loadSnapshot(200)) - The snapshot info is null.Setting the last applied index to:(t:0, i:~)
2019-07-13 16:36:55,853 INFO  server.RaftServerConfigKeys (ConfUtils.java:logGet(43)) - raft.server.leader.election.timeout = 120s (custom)
2019-07-13 16:36:55,853 INFO  server.RaftServerConfigKeys (ConfUtils.java:logGet(43)) - raft.server.log.use.memory = false (default)
2019-07-13 16:36:55,854 INFO  server.RaftServerConfigKeys (ConfUtils.java:logGet(43)) - raft.server.log.purge.gap = 1000000000 (custom)
2019-07-13 16:36:55,854 INFO  server.RaftServerConfigKeys (ConfUtils.java:logGet(43)) - raft.server.log.appender.buffer.byte-limit = 33554432 (custom)
2019-07-13 16:36:55,854 INFO  server.RaftServerConfigKeys (ConfUtils.java:logGet(43)) - raft.server.log.segment.size.max = 1048576 (custom)
2019-07-13 16:36:55,854 INFO  server.RaftServerConfigKeys (ConfUtils.java:logGet(43)) - raft.server.log.segment.cache.num.max = 2 (custom)
2019-07-13 16:36:55,854 INFO  segmented.SegmentedRaftLogWorker (SegmentedRaftLogWorker.java:<init>(172)) - new 7ba4b158-ac09-4538-907e-38781997cb7b-SegmentedRaftLogWorker:Storage Directory /tmp/workdir/hadoop-ozone/integration-test/target/test-dir/MiniOzoneClusterImpl-ff639893-bec4-4f82-8d2e-9b96d860749a/datanode-0/data/ratis/8e79dc95-bea0-40ed-b7b4-3eadc8ed0018 for RaftStorage:Storage Directory /tmp/workdir/hadoop-ozone/integration-test/target/test-dir/MiniOzoneClusterImpl-ff639893-bec4-4f82-8d2e-9b96d860749a/datanode-0/data/ratis/8e79dc95-bea0-40ed-b7b4-3eadc8ed0018
2019-07-13 16:36:55,855 INFO  server.RaftServerConfigKeys (ConfUtils.java:logGet(43)) - raft.server.log.queue.byte-limit = 2147483647 (custom)
2019-07-13 16:36:55,855 INFO  server.RaftServerConfigKeys (ConfUtils.java:logGet(43)) - raft.server.log.queue.element-limit = 1024 (custom)
2019-07-13 16:36:55,855 INFO  server.RaftServerConfigKeys (ConfUtils.java:logGet(43)) - raft.server.log.segment.size.max = 1048576 (custom)
2019-07-13 16:36:55,855 INFO  server.RaftServerConfigKeys (ConfUtils.java:logGet(43)) - raft.server.log.preallocated.size = 16384 (custom)
2019-07-13 16:36:55,856 INFO  server.RaftServerConfigKeys (ConfUtils.java:logGet(43)) - raft.server.log.write.buffer.size = 33554432 (custom)
2019-07-13 16:36:55,856 INFO  server.RaftServerConfigKeys (ConfUtils.java:logGet(43)) - raft.server.log.force.sync.num = 128 (default)
2019-07-13 16:36:55,856 INFO  server.RaftServerConfigKeys (ConfUtils.java:logGet(43)) - raft.server.log.statemachine.data.sync = true (default)
2019-07-13 16:36:55,856 INFO  server.RaftServerConfigKeys (ConfUtils.java:logGet(43)) - raft.server.log.statemachine.data.sync.timeout = 10s (default)
2019-07-13 16:36:55,856 INFO  server.RaftServerConfigKeys (ConfUtils.java:logGet(43)) - raft.server.log.statemachine.data.sync.timeout.retry = -1 (default)
2019-07-13 16:36:55,857 INFO  server.RaftServerConfigKeys (ConfUtils.java:logGet(43)) - raft.server.log.statemachine.data.caching.enabled = true (custom)
2019-07-13 16:36:55,857 INFO  segmented.SegmentedRaftLogWorker (SegmentedRaftLogWorker.java:lambda$new$0(132)) - 7ba4b158-ac09-4538-907e-38781997cb7b-SegmentedRaftLogWorker:Storage Directory /tmp/workdir/hadoop-ozone/integration-test/target/test-dir/MiniOzoneClusterImpl-ff639893-bec4-4f82-8d2e-9b96d860749a/datanode-0/data/ratis/8e79dc95-bea0-40ed-b7b4-3eadc8ed0018: flushIndex: setUnconditionally 0 -> -1
2019-07-13 16:36:55,857 INFO  server.RaftServerConfigKeys (ConfUtils.java:logGet(43)) - raft.server.snapshot.auto.trigger.enabled = true (custom)
2019-07-13 16:36:55,858 INFO  server.RaftServerConfigKeys (ConfUtils.java:logGet(43)) - raft.server.snapshot.auto.trigger.threshold = 10000 (custom)
2019-07-13 16:36:55,858 INFO  server.RaftServerConfigKeys (ConfUtils.java:logGet(43)) - raft.server.retrycache.expirytime = 600000ms (custom)
2019-07-13 16:36:55,858 INFO  impl.RaftServerImpl (RaftServerImpl.java:start(180)) - 7ba4b158-ac09-4538-907e-38781997cb7b: start group-3EADC8ED0018
2019-07-13 16:36:55,858 INFO  impl.RaftServerImpl (RaftServerImpl.java:setRole(171)) - 7ba4b158-ac09-4538-907e-38781997cb7b:group-3EADC8ED0018 changes role from null to FOLLOWER at term 0 for startAsFollower
2019-07-13 16:36:55,858 INFO  impl.RoleInfo (RoleInfo.java:updateAndGet(143)) - 7ba4b158-ac09-4538-907e-38781997cb7b: start FollowerState
2019-07-13 16:36:55,859 INFO  util.JmxRegister (JmxRegister.java:tryRegister(44)) - Successfully registered JMX Bean with object name Ratis:service=RaftServer,group=group-3EADC8ED0018,id=7ba4b158-ac09-4538-907e-38781997cb7b
2019-07-13 16:36:55,864 INFO  pipeline.PipelineStateManager (PipelineStateManager.java:addPipeline(56)) - Created pipeline Pipeline[ Id: 8e79dc95-bea0-40ed-b7b4-3eadc8ed0018, Nodes: 7ba4b158-ac09-4538-907e-38781997cb7b{ip: 192.168.5.187, host: trunk-nightly-z92hn-1831959607, networkLocation: /default-rack, certSerialId: null}, Type:RATIS, Factor:ONE, State:OPEN]
2019-07-13 16:36:55,953 INFO  ozone.MiniOzoneClusterImpl (MiniOzoneClusterImpl.java:lambda$waitForClusterToBeReady$0(142)) - Waiting for cluster to be ready. Got 1 of 7 DN Heartbeats.
2019-07-13 16:36:55,998 INFO  node.SCMNodeManager (SCMNodeManager.java:register(269)) - Registered Data node : 4aa21327-2828-4bcf-afee-bc0e28759617{ip: 192.168.5.187, host: trunk-nightly-z92hn-1831959607, networkLocation: /default-rack, certSerialId: null}
2019-07-13 16:36:56,007 INFO  impl.RaftServerProxy (RaftServerProxy.java:addNew(89)) - 4aa21327-2828-4bcf-afee-bc0e28759617: addNew group-7CFA629C0F79:[4aa21327-2828-4bcf-afee-bc0e28759617:192.168.5.187:43143] returns group-7CFA629C0F79:java.util.concurrent.CompletableFuture@6fa0d742[Not completed]
2019-07-13 16:36:56,008 INFO  impl.RaftServerImpl (RaftServerImpl.java:<init>(93)) - 4aa21327-2828-4bcf-afee-bc0e28759617: new RaftServerImpl for group-7CFA629C0F79:[4aa21327-2828-4bcf-afee-bc0e28759617:192.168.5.187:43143] with ContainerStateMachine:uninitialized
2019-07-13 16:36:56,008 INFO  server.RaftServerConfigKeys (ConfUtils.java:logGet(43)) - raft.server.rpc.timeout.min = 5s (custom)
2019-07-13 16:36:56,008 INFO  server.RaftServerConfigKeys (ConfUtils.java:logGet(43)) - raft.server.rpc.timeout.max = 5200ms (custom)
2019-07-13 16:36:56,008 INFO  server.RaftServerConfigKeys (ConfUtils.java:logGet(43)) - raft.server.rpcslowness.timeout = 120s (custom)
2019-07-13 16:36:56,008 INFO  server.RaftServerConfigKeys (ConfUtils.java:logGet(43)) - raft.server.sleep.deviation.threshold = 300 (default)
2019-07-13 16:36:56,008 INFO  server.RaftServerConfigKeys (ConfUtils.java:logGet(43)) - raft.server.log.appender.install.snapshot.enabled = false (custom)
2019-07-13 16:36:56,008 INFO  impl.RaftServerImpl (ServerState.java:<init>(105)) - 4aa21327-2828-4bcf-afee-bc0e28759617:group-7CFA629C0F79 ConfigurationManager, init=-1: [4aa21327-2828-4bcf-afee-bc0e28759617:192.168.5.187:43143], old=null, confs=<EMPTY_MAP>
2019-07-13 16:36:56,009 INFO  server.RaftServerConfigKeys (ConfUtils.java:logGet(43)) - raft.server.storage.dir = [/tmp/workdir/hadoop-ozone/integration-test/target/test-dir/MiniOzoneClusterImpl-ff639893-bec4-4f82-8d2e-9b96d860749a/datanode-1/data/ratis] (custom)
2019-07-13 16:36:56,009 INFO  storage.RaftStorageDirectory (RaftStorageDirectory.java:analyzeStorage(246)) - The storage directory /tmp/workdir/hadoop-ozone/integration-test/target/test-dir/MiniOzoneClusterImpl-ff639893-bec4-4f82-8d2e-9b96d860749a/datanode-1/data/ratis/9ad6bd57-5776-46b5-8883-7cfa629c0f79 does not exist. Creating ...
2019-07-13 16:36:56,020 INFO  storage.RaftStorageDirectory (RaftStorageDirectory.java:tryLock(328)) - Lock on /tmp/workdir/hadoop-ozone/integration-test/target/test-dir/MiniOzoneClusterImpl-ff639893-bec4-4f82-8d2e-9b96d860749a/datanode-1/data/ratis/9ad6bd57-5776-46b5-8883-7cfa629c0f79/in_use.lock acquired by nodename 30505@trunk-nightly-z92hn-1831959607
2019-07-13 16:36:56,032 INFO  storage.RaftStorage (RaftStorage.java:format(72)) - Storage directory /tmp/workdir/hadoop-ozone/integration-test/target/test-dir/MiniOzoneClusterImpl-ff639893-bec4-4f82-8d2e-9b96d860749a/datanode-1/data/ratis/9ad6bd57-5776-46b5-8883-7cfa629c0f79 has been successfully formatted.
2019-07-13 16:36:56,032 INFO  ratis.ContainerStateMachine (ContainerStateMachine.java:loadSnapshot(200)) - The snapshot info is null.Setting the last applied index to:(t:0, i:~)
2019-07-13 16:36:56,032 INFO  server.RaftServerConfigKeys (ConfUtils.java:logGet(43)) - raft.server.leader.election.timeout = 120s (custom)
2019-07-13 16:36:56,032 INFO  server.RaftServerConfigKeys (ConfUtils.java:logGet(43)) - raft.server.log.use.memory = false (default)
2019-07-13 16:36:56,032 INFO  server.RaftServerConfigKeys (ConfUtils.java:logGet(43)) - raft.server.log.purge.gap = 1000000000 (custom)
2019-07-13 16:36:56,032 INFO  server.RaftServerConfigKeys (ConfUtils.java:logGet(43)) - raft.server.log.appender.buffer.byte-limit = 33554432 (custom)
2019-07-13 16:36:56,033 INFO  server.RaftServerConfigKeys (ConfUtils.java:logGet(43)) - raft.server.log.segment.size.max = 1048576 (custom)
2019-07-13 16:36:56,033 INFO  server.RaftServerConfigKeys (ConfUtils.java:logGet(43)) - raft.server.log.segment.cache.num.max = 2 (custom)
2019-07-13 16:36:56,033 INFO  segmented.SegmentedRaftLogWorker (SegmentedRaftLogWorker.java:<init>(172)) - new 4aa21327-2828-4bcf-afee-bc0e28759617-SegmentedRaftLogWorker:Storage Directory /tmp/workdir/hadoop-ozone/integration-test/target/test-dir/MiniOzoneClusterImpl-ff639893-bec4-4f82-8d2e-9b96d860749a/datanode-1/data/ratis/9ad6bd57-5776-46b5-8883-7cfa629c0f79 for RaftStorage:Storage Directory /tmp/workdir/hadoop-ozone/integration-test/target/test-dir/MiniOzoneClusterImpl-ff639893-bec4-4f82-8d2e-9b96d860749a/datanode-1/data/ratis/9ad6bd57-5776-46b5-8883-7cfa629c0f79
2019-07-13 16:36:56,033 INFO  server.RaftServerConfigKeys (ConfUtils.java:logGet(43)) - raft.server.log.queue.byte-limit = 2147483647 (custom)
2019-07-13 16:36:56,033 INFO  server.RaftServerConfigKeys (ConfUtils.java:logGet(43)) - raft.server.log.queue.element-limit = 1024 (custom)
2019-07-13 16:36:56,033 INFO  server.RaftServerConfigKeys (ConfUtils.java:logGet(43)) - raft.server.log.segment.size.max = 1048576 (custom)
2019-07-13 16:36:56,034 INFO  server.RaftServerConfigKeys (ConfUtils.java:logGet(43)) - raft.server.log.preallocated.size = 16384 (custom)
2019-07-13 16:36:56,034 INFO  server.RaftServerConfigKeys (ConfUtils.java:logGet(43)) - raft.server.log.write.buffer.size = 33554432 (custom)
2019-07-13 16:36:56,034 INFO  server.RaftServerConfigKeys (ConfUtils.java:logGet(43)) - raft.server.log.force.sync.num = 128 (default)
2019-07-13 16:36:56,034 INFO  server.RaftServerConfigKeys (ConfUtils.java:logGet(43)) - raft.server.log.statemachine.data.sync = true (default)
2019-07-13 16:36:56,034 INFO  server.RaftServerConfigKeys (ConfUtils.java:logGet(43)) - raft.server.log.statemachine.data.sync.timeout = 10s (default)
2019-07-13 16:36:56,034 INFO  server.RaftServerConfigKeys (ConfUtils.java:logGet(43)) - raft.server.log.statemachine.data.sync.timeout.retry = -1 (default)
2019-07-13 16:36:56,035 INFO  server.RaftServerConfigKeys (ConfUtils.java:logGet(43)) - raft.server.log.statemachine.data.caching.enabled = true (custom)
2019-07-13 16:36:56,035 INFO  segmented.SegmentedRaftLogWorker (SegmentedRaftLogWorker.java:lambda$new$0(132)) - 4aa21327-2828-4bcf-afee-bc0e28759617-SegmentedRaftLogWorker:Storage Directory /tmp/workdir/hadoop-ozone/integration-test/target/test-dir/MiniOzoneClusterImpl-ff639893-bec4-4f82-8d2e-9b96d860749a/datanode-1/data/ratis/9ad6bd57-5776-46b5-8883-7cfa629c0f79: flushIndex: setUnconditionally 0 -> -1
2019-07-13 16:36:56,035 INFO  server.RaftServerConfigKeys (ConfUtils.java:logGet(43)) - raft.server.snapshot.auto.trigger.enabled = true (custom)
2019-07-13 16:36:56,036 INFO  server.RaftServerConfigKeys (ConfUtils.java:logGet(43)) - raft.server.snapshot.auto.trigger.threshold = 10000 (custom)
2019-07-13 16:36:56,036 INFO  server.RaftServerConfigKeys (ConfUtils.java:logGet(43)) - raft.server.retrycache.expirytime = 600000ms (custom)
2019-07-13 16:36:56,036 INFO  impl.RaftServerImpl (RaftServerImpl.java:start(180)) - 4aa21327-2828-4bcf-afee-bc0e28759617: start group-7CFA629C0F79
2019-07-13 16:36:56,036 INFO  impl.RaftServerImpl (RaftServerImpl.java:setRole(171)) - 4aa21327-2828-4bcf-afee-bc0e28759617:group-7CFA629C0F79 changes role from null to FOLLOWER at term 0 for startAsFollower
2019-07-13 16:36:56,036 INFO  impl.RoleInfo (RoleInfo.java:updateAndGet(143)) - 4aa21327-2828-4bcf-afee-bc0e28759617: start FollowerState
2019-07-13 16:36:56,037 INFO  util.JmxRegister (JmxRegister.java:tryRegister(44)) - Successfully registered JMX Bean with object name Ratis:service=RaftServer,group=group-7CFA629C0F79,id=4aa21327-2828-4bcf-afee-bc0e28759617
2019-07-13 16:36:56,041 INFO  pipeline.PipelineStateManager (PipelineStateManager.java:addPipeline(56)) - Created pipeline Pipeline[ Id: 9ad6bd57-5776-46b5-8883-7cfa629c0f79, Nodes: 4aa21327-2828-4bcf-afee-bc0e28759617{ip: 192.168.5.187, host: trunk-nightly-z92hn-1831959607, networkLocation: /default-rack, certSerialId: null}, Type:RATIS, Factor:ONE, State:OPEN]
2019-07-13 16:36:56,199 INFO  node.SCMNodeManager (SCMNodeManager.java:register(269)) - Registered Data node : 385dbeb7-bcfc-4c9d-9cc8-2a0122c6df21{ip: 192.168.5.187, host: trunk-nightly-z92hn-1831959607, networkLocation: /default-rack, certSerialId: null}
2019-07-13 16:36:56,209 INFO  impl.RaftServerProxy (RaftServerProxy.java:addNew(89)) - 385dbeb7-bcfc-4c9d-9cc8-2a0122c6df21: addNew group-C0BF1210B8CB:[385dbeb7-bcfc-4c9d-9cc8-2a0122c6df21:192.168.5.187:45629] returns group-C0BF1210B8CB:java.util.concurrent.CompletableFuture@5af4514a[Not completed]
2019-07-13 16:36:56,210 INFO  impl.RaftServerImpl (RaftServerImpl.java:<init>(93)) - 385dbeb7-bcfc-4c9d-9cc8-2a0122c6df21: new RaftServerImpl for group-C0BF1210B8CB:[385dbeb7-bcfc-4c9d-9cc8-2a0122c6df21:192.168.5.187:45629] with ContainerStateMachine:uninitialized
2019-07-13 16:36:56,210 INFO  server.RaftServerConfigKeys (ConfUtils.java:logGet(43)) - raft.server.rpc.timeout.min = 5s (custom)
2019-07-13 16:36:56,210 INFO  server.RaftServerConfigKeys (ConfUtils.java:logGet(43)) - raft.server.rpc.timeout.max = 5200ms (custom)
2019-07-13 16:36:56,210 INFO  server.RaftServerConfigKeys (ConfUtils.java:logGet(43)) - raft.server.rpcslowness.timeout = 120s (custom)
2019-07-13 16:36:56,210 INFO  server.RaftServerConfigKeys (ConfUtils.java:logGet(43)) - raft.server.sleep.deviation.threshold = 300 (default)
2019-07-13 16:36:56,210 INFO  server.RaftServerConfigKeys (ConfUtils.java:logGet(43)) - raft.server.log.appender.install.snapshot.enabled = false (custom)
2019-07-13 16:36:56,211 INFO  impl.RaftServerImpl (ServerState.java:<init>(105)) - 385dbeb7-bcfc-4c9d-9cc8-2a0122c6df21:group-C0BF1210B8CB ConfigurationManager, init=-1: [385dbeb7-bcfc-4c9d-9cc8-2a0122c6df21:192.168.5.187:45629], old=null, confs=<EMPTY_MAP>
2019-07-13 16:36:56,211 INFO  server.RaftServerConfigKeys (ConfUtils.java:logGet(43)) - raft.server.storage.dir = [/tmp/workdir/hadoop-ozone/integration-test/target/test-dir/MiniOzoneClusterImpl-ff639893-bec4-4f82-8d2e-9b96d860749a/datanode-2/data/ratis] (custom)
2019-07-13 16:36:56,211 INFO  storage.RaftStorageDirectory (RaftStorageDirectory.java:analyzeStorage(246)) - The storage directory /tmp/workdir/hadoop-ozone/integration-test/target/test-dir/MiniOzoneClusterImpl-ff639893-bec4-4f82-8d2e-9b96d860749a/datanode-2/data/ratis/e10d0ad5-3cd9-4a0c-858f-c0bf1210b8cb does not exist. Creating ...
2019-07-13 16:36:56,215 INFO  storage.RaftStorageDirectory (RaftStorageDirectory.java:tryLock(328)) - Lock on /tmp/workdir/hadoop-ozone/integration-test/target/test-dir/MiniOzoneClusterImpl-ff639893-bec4-4f82-8d2e-9b96d860749a/datanode-2/data/ratis/e10d0ad5-3cd9-4a0c-858f-c0bf1210b8cb/in_use.lock acquired by nodename 30505@trunk-nightly-z92hn-1831959607
2019-07-13 16:36:56,227 INFO  storage.RaftStorage (RaftStorage.java:format(72)) - Storage directory /tmp/workdir/hadoop-ozone/integration-test/target/test-dir/MiniOzoneClusterImpl-ff639893-bec4-4f82-8d2e-9b96d860749a/datanode-2/data/ratis/e10d0ad5-3cd9-4a0c-858f-c0bf1210b8cb has been successfully formatted.
2019-07-13 16:36:56,227 INFO  ratis.ContainerStateMachine (ContainerStateMachine.java:loadSnapshot(200)) - The snapshot info is null.Setting the last applied index to:(t:0, i:~)
2019-07-13 16:36:56,227 INFO  server.RaftServerConfigKeys (ConfUtils.java:logGet(43)) - raft.server.leader.election.timeout = 120s (custom)
2019-07-13 16:36:56,228 INFO  server.RaftServerConfigKeys (ConfUtils.java:logGet(43)) - raft.server.log.use.memory = false (default)
2019-07-13 16:36:56,228 INFO  server.RaftServerConfigKeys (ConfUtils.java:logGet(43)) - raft.server.log.purge.gap = 1000000000 (custom)
2019-07-13 16:36:56,228 INFO  server.RaftServerConfigKeys (ConfUtils.java:logGet(43)) - raft.server.log.appender.buffer.byte-limit = 33554432 (custom)
2019-07-13 16:36:56,228 INFO  server.RaftServerConfigKeys (ConfUtils.java:logGet(43)) - raft.server.log.segment.size.max = 1048576 (custom)
2019-07-13 16:36:56,228 INFO  server.RaftServerConfigKeys (ConfUtils.java:logGet(43)) - raft.server.log.segment.cache.num.max = 2 (custom)
2019-07-13 16:36:56,228 INFO  segmented.SegmentedRaftLogWorker (SegmentedRaftLogWorker.java:<init>(172)) - new 385dbeb7-bcfc-4c9d-9cc8-2a0122c6df21-SegmentedRaftLogWorker:Storage Directory /tmp/workdir/hadoop-ozone/integration-test/target/test-dir/MiniOzoneClusterImpl-ff639893-bec4-4f82-8d2e-9b96d860749a/datanode-2/data/ratis/e10d0ad5-3cd9-4a0c-858f-c0bf1210b8cb for RaftStorage:Storage Directory /tmp/workdir/hadoop-ozone/integration-test/target/test-dir/MiniOzoneClusterImpl-ff639893-bec4-4f82-8d2e-9b96d860749a/datanode-2/data/ratis/e10d0ad5-3cd9-4a0c-858f-c0bf1210b8cb
2019-07-13 16:36:56,229 INFO  server.RaftServerConfigKeys (ConfUtils.java:logGet(43)) - raft.server.log.queue.byte-limit = 2147483647 (custom)
2019-07-13 16:36:56,229 INFO  server.RaftServerConfigKeys (ConfUtils.java:logGet(43)) - raft.server.log.queue.element-limit = 1024 (custom)
2019-07-13 16:36:56,229 INFO  server.RaftServerConfigKeys (ConfUtils.java:logGet(43)) - raft.server.log.segment.size.max = 1048576 (custom)
2019-07-13 16:36:56,229 INFO  server.RaftServerConfigKeys (ConfUtils.java:logGet(43)) - raft.server.log.preallocated.size = 16384 (custom)
2019-07-13 16:36:56,229 INFO  server.RaftServerConfigKeys (ConfUtils.java:logGet(43)) - raft.server.log.write.buffer.size = 33554432 (custom)
2019-07-13 16:36:56,229 INFO  server.RaftServerConfigKeys (ConfUtils.java:logGet(43)) - raft.server.log.force.sync.num = 128 (default)
2019-07-13 16:36:56,230 INFO  server.RaftServerConfigKeys (ConfUtils.java:logGet(43)) - raft.server.log.statemachine.data.sync = true (default)
2019-07-13 16:36:56,230 INFO  server.RaftServerConfigKeys (ConfUtils.java:logGet(43)) - raft.server.log.statemachine.data.sync.timeout = 10s (default)
2019-07-13 16:36:56,230 INFO  server.RaftServerConfigKeys (ConfUtils.java:logGet(43)) - raft.server.log.statemachine.data.sync.timeout.retry = -1 (default)
2019-07-13 16:36:56,230 INFO  server.RaftServerConfigKeys (ConfUtils.java:logGet(43)) - raft.server.log.statemachine.data.caching.enabled = true (custom)
2019-07-13 16:36:56,230 INFO  segmented.SegmentedRaftLogWorker (SegmentedRaftLogWorker.java:lambda$new$0(132)) - 385dbeb7-bcfc-4c9d-9cc8-2a0122c6df21-SegmentedRaftLogWorker:Storage Directory /tmp/workdir/hadoop-ozone/integration-test/target/test-dir/MiniOzoneClusterImpl-ff639893-bec4-4f82-8d2e-9b96d860749a/datanode-2/data/ratis/e10d0ad5-3cd9-4a0c-858f-c0bf1210b8cb: flushIndex: setUnconditionally 0 -> -1
2019-07-13 16:36:56,234 INFO  server.RaftServerConfigKeys (ConfUtils.java:logGet(43)) - raft.server.snapshot.auto.trigger.enabled = true (custom)
2019-07-13 16:36:56,234 INFO  server.RaftServerConfigKeys (ConfUtils.java:logGet(43)) - raft.server.snapshot.auto.trigger.threshold = 10000 (custom)
2019-07-13 16:36:56,234 INFO  server.RaftServerConfigKeys (ConfUtils.java:logGet(43)) - raft.server.retrycache.expirytime = 600000ms (custom)
2019-07-13 16:36:56,234 INFO  impl.RaftServerImpl (RaftServerImpl.java:start(180)) - 385dbeb7-bcfc-4c9d-9cc8-2a0122c6df21: start group-C0BF1210B8CB
2019-07-13 16:36:56,234 INFO  impl.RaftServerImpl (RaftServerImpl.java:setRole(171)) - 385dbeb7-bcfc-4c9d-9cc8-2a0122c6df21:group-C0BF1210B8CB changes role from null to FOLLOWER at term 0 for startAsFollower
2019-07-13 16:36:56,234 INFO  impl.RoleInfo (RoleInfo.java:updateAndGet(143)) - 385dbeb7-bcfc-4c9d-9cc8-2a0122c6df21: start FollowerState
2019-07-13 16:36:56,235 INFO  util.JmxRegister (JmxRegister.java:tryRegister(44)) - Successfully registered JMX Bean with object name Ratis:service=RaftServer,group=group-C0BF1210B8CB,id=385dbeb7-bcfc-4c9d-9cc8-2a0122c6df21
2019-07-13 16:36:56,239 INFO  pipeline.PipelineStateManager (PipelineStateManager.java:addPipeline(56)) - Created pipeline Pipeline[ Id: e10d0ad5-3cd9-4a0c-858f-c0bf1210b8cb, Nodes: 385dbeb7-bcfc-4c9d-9cc8-2a0122c6df21{ip: 192.168.5.187, host: trunk-nightly-z92hn-1831959607, networkLocation: /default-rack, certSerialId: null}, Type:RATIS, Factor:ONE, State:OPEN]
2019-07-13 16:36:56,255 INFO  impl.RaftServerProxy (RaftServerProxy.java:addNew(89)) - 385dbeb7-bcfc-4c9d-9cc8-2a0122c6df21: addNew group-C4134929D265:[4aa21327-2828-4bcf-afee-bc0e28759617:192.168.5.187:43143, 385dbeb7-bcfc-4c9d-9cc8-2a0122c6df21:192.168.5.187:45629, 7ba4b158-ac09-4538-907e-38781997cb7b:192.168.5.187:39363] returns group-C4134929D265:java.util.concurrent.CompletableFuture@35bd3276[Not completed]
2019-07-13 16:36:56,258 INFO  impl.RaftServerProxy (RaftServerProxy.java:addNew(89)) - 7ba4b158-ac09-4538-907e-38781997cb7b: addNew group-C4134929D265:[4aa21327-2828-4bcf-afee-bc0e28759617:192.168.5.187:43143, 385dbeb7-bcfc-4c9d-9cc8-2a0122c6df21:192.168.5.187:45629, 7ba4b158-ac09-4538-907e-38781997cb7b:192.168.5.187:39363] returns group-C4134929D265:java.util.concurrent.CompletableFuture@b136ea0[Not completed]
2019-07-13 16:36:56,261 INFO  impl.RaftServerProxy (RaftServerProxy.java:addNew(89)) - 4aa21327-2828-4bcf-afee-bc0e28759617: addNew group-C4134929D265:[4aa21327-2828-4bcf-afee-bc0e28759617:192.168.5.187:43143, 385dbeb7-bcfc-4c9d-9cc8-2a0122c6df21:192.168.5.187:45629, 7ba4b158-ac09-4538-907e-38781997cb7b:192.168.5.187:39363] returns group-C4134929D265:java.util.concurrent.CompletableFuture@6a1b55fe[Not completed]
2019-07-13 16:36:56,261 INFO  impl.RaftServerImpl (RaftServerImpl.java:<init>(93)) - 385dbeb7-bcfc-4c9d-9cc8-2a0122c6df21: new RaftServerImpl for group-C4134929D265:[4aa21327-2828-4bcf-afee-bc0e28759617:192.168.5.187:43143, 385dbeb7-bcfc-4c9d-9cc8-2a0122c6df21:192.168.5.187:45629, 7ba4b158-ac09-4538-907e-38781997cb7b:192.168.5.187:39363] with ContainerStateMachine:uninitialized
2019-07-13 16:36:56,261 INFO  server.RaftServerConfigKeys (ConfUtils.java:logGet(43)) - raft.server.rpc.timeout.min = 5s (custom)
2019-07-13 16:36:56,261 INFO  impl.RaftServerImpl (RaftServerImpl.java:<init>(93)) - 7ba4b158-ac09-4538-907e-38781997cb7b: new RaftServerImpl for group-C4134929D265:[4aa21327-2828-4bcf-afee-bc0e28759617:192.168.5.187:43143, 385dbeb7-bcfc-4c9d-9cc8-2a0122c6df21:192.168.5.187:45629, 7ba4b158-ac09-4538-907e-38781997cb7b:192.168.5.187:39363] with ContainerStateMachine:uninitialized
2019-07-13 16:36:56,262 INFO  server.RaftServerConfigKeys (ConfUtils.java:logGet(43)) - raft.server.rpc.timeout.max = 5200ms (custom)
2019-07-13 16:36:56,262 INFO  server.RaftServerConfigKeys (ConfUtils.java:logGet(43)) - raft.server.rpc.timeout.min = 5s (custom)
2019-07-13 16:36:56,262 INFO  server.RaftServerConfigKeys (ConfUtils.java:logGet(43)) - raft.server.rpcslowness.timeout = 120s (custom)
2019-07-13 16:36:56,262 INFO  impl.RaftServerImpl (RaftServerImpl.java:<init>(93)) - 4aa21327-2828-4bcf-afee-bc0e28759617: new RaftServerImpl for group-C4134929D265:[4aa21327-2828-4bcf-afee-bc0e28759617:192.168.5.187:43143, 385dbeb7-bcfc-4c9d-9cc8-2a0122c6df21:192.168.5.187:45629, 7ba4b158-ac09-4538-907e-38781997cb7b:192.168.5.187:39363] with ContainerStateMachine:uninitialized
2019-07-13 16:36:56,262 INFO  server.RaftServerConfigKeys (ConfUtils.java:logGet(43)) - raft.server.sleep.deviation.threshold = 300 (default)
2019-07-13 16:36:56,262 INFO  server.RaftServerConfigKeys (ConfUtils.java:logGet(43)) - raft.server.log.appender.install.snapshot.enabled = false (custom)
2019-07-13 16:36:56,262 INFO  server.RaftServerConfigKeys (ConfUtils.java:logGet(43)) - raft.server.rpc.timeout.max = 5200ms (custom)
2019-07-13 16:36:56,263 INFO  impl.RaftServerImpl (ServerState.java:<init>(105)) - 385dbeb7-bcfc-4c9d-9cc8-2a0122c6df21:group-C4134929D265 ConfigurationManager, init=-1: [4aa21327-2828-4bcf-afee-bc0e28759617:192.168.5.187:43143, 385dbeb7-bcfc-4c9d-9cc8-2a0122c6df21:192.168.5.187:45629, 7ba4b158-ac09-4538-907e-38781997cb7b:192.168.5.187:39363], old=null, confs=<EMPTY_MAP>
2019-07-13 16:36:56,262 INFO  server.RaftServerConfigKeys (ConfUtils.java:logGet(43)) - raft.server.rpc.timeout.min = 5s (custom)
2019-07-13 16:36:56,263 INFO  server.RaftServerConfigKeys (ConfUtils.java:logGet(43)) - raft.server.storage.dir = [/tmp/workdir/hadoop-ozone/integration-test/target/test-dir/MiniOzoneClusterImpl-ff639893-bec4-4f82-8d2e-9b96d860749a/datanode-2/data/ratis] (custom)
2019-07-13 16:36:56,263 INFO  server.RaftServerConfigKeys (ConfUtils.java:logGet(43)) - raft.server.rpcslowness.timeout = 120s (custom)
2019-07-13 16:36:56,263 INFO  server.RaftServerConfigKeys (ConfUtils.java:logGet(43)) - raft.server.sleep.deviation.threshold = 300 (default)
2019-07-13 16:36:56,263 INFO  server.RaftServerConfigKeys (ConfUtils.java:logGet(43)) - raft.server.rpc.timeout.max = 5200ms (custom)
2019-07-13 16:36:56,264 INFO  server.RaftServerConfigKeys (ConfUtils.java:logGet(43)) - raft.server.log.appender.install.snapshot.enabled = false (custom)
2019-07-13 16:36:56,263 INFO  storage.RaftStorageDirectory (RaftStorageDirectory.java:analyzeStorage(246)) - The storage directory /tmp/workdir/hadoop-ozone/integration-test/target/test-dir/MiniOzoneClusterImpl-ff639893-bec4-4f82-8d2e-9b96d860749a/datanode-2/data/ratis/7a067149-c987-4b6a-972d-c4134929d265 does not exist. Creating ...
2019-07-13 16:36:56,264 INFO  impl.RaftServerImpl (ServerState.java:<init>(105)) - 7ba4b158-ac09-4538-907e-38781997cb7b:group-C4134929D265 ConfigurationManager, init=-1: [4aa21327-2828-4bcf-afee-bc0e28759617:192.168.5.187:43143, 385dbeb7-bcfc-4c9d-9cc8-2a0122c6df21:192.168.5.187:45629, 7ba4b158-ac09-4538-907e-38781997cb7b:192.168.5.187:39363], old=null, confs=<EMPTY_MAP>
2019-07-13 16:36:56,264 INFO  server.RaftServerConfigKeys (ConfUtils.java:logGet(43)) - raft.server.rpcslowness.timeout = 120s (custom)
2019-07-13 16:36:56,264 INFO  server.RaftServerConfigKeys (ConfUtils.java:logGet(43)) - raft.server.storage.dir = [/tmp/workdir/hadoop-ozone/integration-test/target/test-dir/MiniOzoneClusterImpl-ff639893-bec4-4f82-8d2e-9b96d860749a/datanode-0/data/ratis] (custom)
2019-07-13 16:36:56,264 INFO  server.RaftServerConfigKeys (ConfUtils.java:logGet(43)) - raft.server.sleep.deviation.threshold = 300 (default)
2019-07-13 16:36:56,265 INFO  server.RaftServerConfigKeys (ConfUtils.java:logGet(43)) - raft.server.log.appender.install.snapshot.enabled = false (custom)
2019-07-13 16:36:56,265 INFO  storage.RaftStorageDirectory (RaftStorageDirectory.java:analyzeStorage(246)) - The storage directory /tmp/workdir/hadoop-ozone/integration-test/target/test-dir/MiniOzoneClusterImpl-ff639893-bec4-4f82-8d2e-9b96d860749a/datanode-0/data/ratis/7a067149-c987-4b6a-972d-c4134929d265 does not exist. Creating ...
2019-07-13 16:36:56,265 INFO  impl.RaftServerImpl (ServerState.java:<init>(105)) - 4aa21327-2828-4bcf-afee-bc0e28759617:group-C4134929D265 ConfigurationManager, init=-1: [4aa21327-2828-4bcf-afee-bc0e28759617:192.168.5.187:43143, 385dbeb7-bcfc-4c9d-9cc8-2a0122c6df21:192.168.5.187:45629, 7ba4b158-ac09-4538-907e-38781997cb7b:192.168.5.187:39363], old=null, confs=<EMPTY_MAP>
2019-07-13 16:36:56,265 INFO  server.RaftServerConfigKeys (ConfUtils.java:logGet(43)) - raft.server.storage.dir = [/tmp/workdir/hadoop-ozone/integration-test/target/test-dir/MiniOzoneClusterImpl-ff639893-bec4-4f82-8d2e-9b96d860749a/datanode-1/data/ratis] (custom)
2019-07-13 16:36:56,265 INFO  storage.RaftStorageDirectory (RaftStorageDirectory.java:analyzeStorage(246)) - The storage directory /tmp/workdir/hadoop-ozone/integration-test/target/test-dir/MiniOzoneClusterImpl-ff639893-bec4-4f82-8d2e-9b96d860749a/datanode-1/data/ratis/7a067149-c987-4b6a-972d-c4134929d265 does not exist. Creating ...
2019-07-13 16:36:56,276 INFO  storage.RaftStorageDirectory (RaftStorageDirectory.java:tryLock(328)) - Lock on /tmp/workdir/hadoop-ozone/integration-test/target/test-dir/MiniOzoneClusterImpl-ff639893-bec4-4f82-8d2e-9b96d860749a/datanode-1/data/ratis/7a067149-c987-4b6a-972d-c4134929d265/in_use.lock acquired by nodename 30505@trunk-nightly-z92hn-1831959607
2019-07-13 16:36:56,276 INFO  storage.RaftStorageDirectory (RaftStorageDirectory.java:tryLock(328)) - Lock on /tmp/workdir/hadoop-ozone/integration-test/target/test-dir/MiniOzoneClusterImpl-ff639893-bec4-4f82-8d2e-9b96d860749a/datanode-2/data/ratis/7a067149-c987-4b6a-972d-c4134929d265/in_use.lock acquired by nodename 30505@trunk-nightly-z92hn-1831959607
2019-07-13 16:36:56,276 INFO  storage.RaftStorageDirectory (RaftStorageDirectory.java:tryLock(328)) - Lock on /tmp/workdir/hadoop-ozone/integration-test/target/test-dir/MiniOzoneClusterImpl-ff639893-bec4-4f82-8d2e-9b96d860749a/datanode-0/data/ratis/7a067149-c987-4b6a-972d-c4134929d265/in_use.lock acquired by nodename 30505@trunk-nightly-z92hn-1831959607
2019-07-13 16:36:56,306 INFO  storage.RaftStorage (RaftStorage.java:format(72)) - Storage directory /tmp/workdir/hadoop-ozone/integration-test/target/test-dir/MiniOzoneClusterImpl-ff639893-bec4-4f82-8d2e-9b96d860749a/datanode-0/data/ratis/7a067149-c987-4b6a-972d-c4134929d265 has been successfully formatted.
2019-07-13 16:36:56,306 INFO  storage.RaftStorage (RaftStorage.java:format(72)) - Storage directory /tmp/workdir/hadoop-ozone/integration-test/target/test-dir/MiniOzoneClusterImpl-ff639893-bec4-4f82-8d2e-9b96d860749a/datanode-1/data/ratis/7a067149-c987-4b6a-972d-c4134929d265 has been successfully formatted.
2019-07-13 16:36:56,306 INFO  storage.RaftStorage (RaftStorage.java:format(72)) - Storage directory /tmp/workdir/hadoop-ozone/integration-test/target/test-dir/MiniOzoneClusterImpl-ff639893-bec4-4f82-8d2e-9b96d860749a/datanode-2/data/ratis/7a067149-c987-4b6a-972d-c4134929d265 has been successfully formatted.
2019-07-13 16:36:56,306 INFO  ratis.ContainerStateMachine (ContainerStateMachine.java:loadSnapshot(200)) - The snapshot info is null.Setting the last applied index to:(t:0, i:~)
2019-07-13 16:36:56,306 INFO  ratis.ContainerStateMachine (ContainerStateMachine.java:loadSnapshot(200)) - The snapshot info is null.Setting the last applied index to:(t:0, i:~)
2019-07-13 16:36:56,307 INFO  server.RaftServerConfigKeys (ConfUtils.java:logGet(43)) - raft.server.leader.election.timeout = 120s (custom)
2019-07-13 16:36:56,307 INFO  ratis.ContainerStateMachine (ContainerStateMachine.java:loadSnapshot(200)) - The snapshot info is null.Setting the last applied index to:(t:0, i:~)
2019-07-13 16:36:56,307 INFO  server.RaftServerConfigKeys (ConfUtils.java:logGet(43)) - raft.server.log.use.memory = false (default)
2019-07-13 16:36:56,307 INFO  server.RaftServerConfigKeys (ConfUtils.java:logGet(43)) - raft.server.leader.election.timeout = 120s (custom)
2019-07-13 16:36:56,307 INFO  server.RaftServerConfigKeys (ConfUtils.java:logGet(43)) - raft.server.log.purge.gap = 1000000000 (custom)
2019-07-13 16:36:56,307 INFO  server.RaftServerConfigKeys (ConfUtils.java:logGet(43)) - raft.server.leader.election.timeout = 120s (custom)
2019-07-13 16:36:56,308 INFO  server.RaftServerConfigKeys (ConfUtils.java:logGet(43)) - raft.server.log.appender.buffer.byte-limit = 33554432 (custom)
2019-07-13 16:36:56,307 INFO  server.RaftServerConfigKeys (ConfUtils.java:logGet(43)) - raft.server.log.use.memory = false (default)
2019-07-13 16:36:56,308 INFO  server.RaftServerConfigKeys (ConfUtils.java:logGet(43)) - raft.server.log.segment.size.max = 1048576 (custom)
2019-07-13 16:36:56,308 INFO  server.RaftServerConfigKeys (ConfUtils.java:logGet(43)) - raft.server.log.use.memory = false (default)
2019-07-13 16:36:56,308 INFO  server.RaftServerConfigKeys (ConfUtils.java:logGet(43)) - raft.server.log.segment.cache.num.max = 2 (custom)
2019-07-13 16:36:56,308 INFO  server.RaftServerConfigKeys (ConfUtils.java:logGet(43)) - raft.server.log.purge.gap = 1000000000 (custom)
2019-07-13 16:36:56,309 INFO  segmented.SegmentedRaftLogWorker (SegmentedRaftLogWorker.java:<init>(172)) - new 4aa21327-2828-4bcf-afee-bc0e28759617-SegmentedRaftLogWorker:Storage Directory /tmp/workdir/hadoop-ozone/integration-test/target/test-dir/MiniOzoneClusterImpl-ff639893-bec4-4f82-8d2e-9b96d860749a/datanode-1/data/ratis/7a067149-c987-4b6a-972d-c4134929d265 for RaftStorage:Storage Directory /tmp/workdir/hadoop-ozone/integration-test/target/test-dir/MiniOzoneClusterImpl-ff639893-bec4-4f82-8d2e-9b96d860749a/datanode-1/data/ratis/7a067149-c987-4b6a-972d-c4134929d265
2019-07-13 16:36:56,308 INFO  server.RaftServerConfigKeys (ConfUtils.java:logGet(43)) - raft.server.log.purge.gap = 1000000000 (custom)
2019-07-13 16:36:56,309 INFO  server.RaftServerConfigKeys (ConfUtils.java:logGet(43)) - raft.server.log.queue.byte-limit = 2147483647 (custom)
2019-07-13 16:36:56,309 INFO  server.RaftServerConfigKeys (ConfUtils.java:logGet(43)) - raft.server.log.appender.buffer.byte-limit = 33554432 (custom)
2019-07-13 16:36:56,309 INFO  server.RaftServerConfigKeys (ConfUtils.java:logGet(43)) - raft.server.log.queue.element-limit = 1024 (custom)
2019-07-13 16:36:56,309 INFO  server.RaftServerConfigKeys (ConfUtils.java:logGet(43)) - raft.server.log.appender.buffer.byte-limit = 33554432 (custom)
2019-07-13 16:36:56,309 INFO  server.RaftServerConfigKeys (ConfUtils.java:logGet(43)) - raft.server.log.segment.size.max = 1048576 (custom)
2019-07-13 16:36:56,309 INFO  server.RaftServerConfigKeys (ConfUtils.java:logGet(43)) - raft.server.log.segment.size.max = 1048576 (custom)
2019-07-13 16:36:56,310 INFO  server.RaftServerConfigKeys (ConfUtils.java:logGet(43)) - raft.server.log.preallocated.size = 16384 (custom)
2019-07-13 16:36:56,310 INFO  server.RaftServerConfigKeys (ConfUtils.java:logGet(43)) - raft.server.log.write.buffer.size = 33554432 (custom)
2019-07-13 16:36:56,310 INFO  server.RaftServerConfigKeys (ConfUtils.java:logGet(43)) - raft.server.log.segment.size.max = 1048576 (custom)
2019-07-13 16:36:56,310 INFO  server.RaftServerConfigKeys (ConfUtils.java:logGet(43)) - raft.server.log.force.sync.num = 128 (default)
2019-07-13 16:36:56,311 INFO  server.RaftServerConfigKeys (ConfUtils.java:logGet(43)) - raft.server.log.statemachine.data.sync = true (default)
2019-07-13 16:36:56,310 INFO  server.RaftServerConfigKeys (ConfUtils.java:logGet(43)) - raft.server.log.segment.cache.num.max = 2 (custom)
2019-07-13 16:36:56,311 INFO  server.RaftServerConfigKeys (ConfUtils.java:logGet(43)) - raft.server.log.statemachine.data.sync.timeout = 10s (default)
2019-07-13 16:36:56,311 INFO  server.RaftServerConfigKeys (ConfUtils.java:logGet(43)) - raft.server.log.statemachine.data.sync.timeout.retry = -1 (default)
2019-07-13 16:36:56,310 INFO  server.RaftServerConfigKeys (ConfUtils.java:logGet(43)) - raft.server.log.segment.cache.num.max = 2 (custom)
2019-07-13 16:36:56,311 INFO  server.RaftServerConfigKeys (ConfUtils.java:logGet(43)) - raft.server.log.statemachine.data.caching.enabled = true (custom)
2019-07-13 16:36:56,311 INFO  segmented.SegmentedRaftLogWorker (SegmentedRaftLogWorker.java:<init>(172)) - new 7ba4b158-ac09-4538-907e-38781997cb7b-SegmentedRaftLogWorker:Storage Directory /tmp/workdir/hadoop-ozone/integration-test/target/test-dir/MiniOzoneClusterImpl-ff639893-bec4-4f82-8d2e-9b96d860749a/datanode-0/data/ratis/7a067149-c987-4b6a-972d-c4134929d265 for RaftStorage:Storage Directory /tmp/workdir/hadoop-ozone/integration-test/target/test-dir/MiniOzoneClusterImpl-ff639893-bec4-4f82-8d2e-9b96d860749a/datanode-0/data/ratis/7a067149-c987-4b6a-972d-c4134929d265
2019-07-13 16:36:56,312 INFO  segmented.SegmentedRaftLogWorker (SegmentedRaftLogWorker.java:lambda$new$0(132)) - 4aa21327-2828-4bcf-afee-bc0e28759617-SegmentedRaftLogWorker:Storage Directory /tmp/workdir/hadoop-ozone/integration-test/target/test-dir/MiniOzoneClusterImpl-ff639893-bec4-4f82-8d2e-9b96d860749a/datanode-1/data/ratis/7a067149-c987-4b6a-972d-c4134929d265: flushIndex: setUnconditionally 0 -> -1
2019-07-13 16:36:56,311 INFO  segmented.SegmentedRaftLogWorker (SegmentedRaftLogWorker.java:<init>(172)) - new 385dbeb7-bcfc-4c9d-9cc8-2a0122c6df21-SegmentedRaftLogWorker:Storage Directory /tmp/workdir/hadoop-ozone/integration-test/target/test-dir/MiniOzoneClusterImpl-ff639893-bec4-4f82-8d2e-9b96d860749a/datanode-2/data/ratis/7a067149-c987-4b6a-972d-c4134929d265 for RaftStorage:Storage Directory /tmp/workdir/hadoop-ozone/integration-test/target/test-dir/MiniOzoneClusterImpl-ff639893-bec4-4f82-8d2e-9b96d860749a/datanode-2/data/ratis/7a067149-c987-4b6a-972d-c4134929d265
2019-07-13 16:36:56,312 INFO  server.RaftServerConfigKeys (ConfUtils.java:logGet(43)) - raft.server.snapshot.auto.trigger.enabled = true (custom)
2019-07-13 16:36:56,312 INFO  server.RaftServerConfigKeys (ConfUtils.java:logGet(43)) - raft.server.snapshot.auto.trigger.threshold = 10000 (custom)
2019-07-13 16:36:56,312 INFO  server.RaftServerConfigKeys (ConfUtils.java:logGet(43)) - raft.server.log.queue.byte-limit = 2147483647 (custom)
2019-07-13 16:36:56,312 INFO  server.RaftServerConfigKeys (ConfUtils.java:logGet(43)) - raft.server.retrycache.expirytime = 600000ms (custom)
2019-07-13 16:36:56,312 INFO  server.RaftServerConfigKeys (ConfUtils.java:logGet(43)) - raft.server.log.queue.byte-limit = 2147483647 (custom)
2019-07-13 16:36:56,313 INFO  impl.RaftServerImpl (RaftServerImpl.java:start(180)) - 4aa21327-2828-4bcf-afee-bc0e28759617: start group-C4134929D265
2019-07-13 16:36:56,313 INFO  impl.RaftServerImpl (RaftServerImpl.java:setRole(171)) - 4aa21327-2828-4bcf-afee-bc0e28759617:group-C4134929D265 changes role from null to FOLLOWER at term 0 for startAsFollower
2019-07-13 16:36:56,313 INFO  server.RaftServerConfigKeys (ConfUtils.java:logGet(43)) - raft.server.log.queue.element-limit = 1024 (custom)
2019-07-13 16:36:56,313 INFO  impl.RoleInfo (RoleInfo.java:updateAndGet(143)) - 4aa21327-2828-4bcf-afee-bc0e28759617: start FollowerState
2019-07-13 16:36:56,313 INFO  server.RaftServerConfigKeys (ConfUtils.java:logGet(43)) - raft.server.log.queue.element-limit = 1024 (custom)
2019-07-13 16:36:56,313 INFO  server.RaftServerConfigKeys (ConfUtils.java:logGet(43)) - raft.server.log.segment.size.max = 1048576 (custom)
2019-07-13 16:36:56,314 INFO  server.RaftServerConfigKeys (ConfUtils.java:logGet(43)) - raft.server.log.segment.size.max = 1048576 (custom)
2019-07-13 16:36:56,314 INFO  util.JmxRegister (JmxRegister.java:tryRegister(44)) - Successfully registered JMX Bean with object name Ratis:service=RaftServer,group=group-C4134929D265,id=4aa21327-2828-4bcf-afee-bc0e28759617
2019-07-13 16:36:56,314 INFO  server.RaftServerConfigKeys (ConfUtils.java:logGet(43)) - raft.server.log.preallocated.size = 16384 (custom)
2019-07-13 16:36:56,314 INFO  server.RaftServerConfigKeys (ConfUtils.java:logGet(43)) - raft.server.log.write.buffer.size = 33554432 (custom)
2019-07-13 16:36:56,314 INFO  server.RaftServerConfigKeys (ConfUtils.java:logGet(43)) - raft.server.log.preallocated.size = 16384 (custom)
2019-07-13 16:36:56,315 INFO  server.RaftServerConfigKeys (ConfUtils.java:logGet(43)) - raft.server.log.force.sync.num = 128 (default)
2019-07-13 16:36:56,315 INFO  server.RaftServerConfigKeys (ConfUtils.java:logGet(43)) - raft.server.log.write.buffer.size = 33554432 (custom)
2019-07-13 16:36:56,315 INFO  server.RaftServerConfigKeys (ConfUtils.java:logGet(43)) - raft.server.log.statemachine.data.sync = true (default)
2019-07-13 16:36:56,315 INFO  server.RaftServerConfigKeys (ConfUtils.java:logGet(43)) - raft.server.log.force.sync.num = 128 (default)
2019-07-13 16:36:56,318 INFO  server.RaftServerConfigKeys (ConfUtils.java:logGet(43)) - raft.server.log.statemachine.data.sync = true (default)
2019-07-13 16:36:56,315 INFO  server.RaftServerConfigKeys (ConfUtils.java:logGet(43)) - raft.server.log.statemachine.data.sync.timeout = 10s (default)
2019-07-13 16:36:56,318 INFO  server.RaftServerConfigKeys (ConfUtils.java:logGet(43)) - raft.server.log.statemachine.data.sync.timeout = 10s (default)
2019-07-13 16:36:56,319 INFO  server.RaftServerConfigKeys (ConfUtils.java:logGet(43)) - raft.server.log.statemachine.data.sync.timeout.retry = -1 (default)
2019-07-13 16:36:56,319 INFO  server.RaftServerConfigKeys (ConfUtils.java:logGet(43)) - raft.server.log.statemachine.data.sync.timeout.retry = -1 (default)
2019-07-13 16:36:56,319 INFO  server.RaftServerConfigKeys (ConfUtils.java:logGet(43)) - raft.server.log.statemachine.data.caching.enabled = true (custom)
2019-07-13 16:36:56,319 INFO  server.RaftServerConfigKeys (ConfUtils.java:logGet(43)) - raft.server.log.statemachine.data.caching.enabled = true (custom)
2019-07-13 16:36:56,319 INFO  segmented.SegmentedRaftLogWorker (SegmentedRaftLogWorker.java:lambda$new$0(132)) - 385dbeb7-bcfc-4c9d-9cc8-2a0122c6df21-SegmentedRaftLogWorker:Storage Directory /tmp/workdir/hadoop-ozone/integration-test/target/test-dir/MiniOzoneClusterImpl-ff639893-bec4-4f82-8d2e-9b96d860749a/datanode-2/data/ratis/7a067149-c987-4b6a-972d-c4134929d265: flushIndex: setUnconditionally 0 -> -1
2019-07-13 16:36:56,320 INFO  segmented.SegmentedRaftLogWorker (SegmentedRaftLogWorker.java:lambda$new$0(132)) - 7ba4b158-ac09-4538-907e-38781997cb7b-SegmentedRaftLogWorker:Storage Directory /tmp/workdir/hadoop-ozone/integration-test/target/test-dir/MiniOzoneClusterImpl-ff639893-bec4-4f82-8d2e-9b96d860749a/datanode-0/data/ratis/7a067149-c987-4b6a-972d-c4134929d265: flushIndex: setUnconditionally 0 -> -1
2019-07-13 16:36:56,320 INFO  server.RaftServerConfigKeys (ConfUtils.java:logGet(43)) - raft.server.snapshot.auto.trigger.enabled = true (custom)
2019-07-13 16:36:56,320 INFO  server.RaftServerConfigKeys (ConfUtils.java:logGet(43)) - raft.server.snapshot.auto.trigger.threshold = 10000 (custom)
2019-07-13 16:36:56,320 INFO  server.RaftServerConfigKeys (ConfUtils.java:logGet(43)) - raft.server.snapshot.auto.trigger.enabled = true (custom)
2019-07-13 16:36:56,320 INFO  server.RaftServerConfigKeys (ConfUtils.java:logGet(43)) - raft.server.retrycache.expirytime = 600000ms (custom)
2019-07-13 16:36:56,320 INFO  server.RaftServerConfigKeys (ConfUtils.java:logGet(43)) - raft.server.snapshot.auto.trigger.threshold = 10000 (custom)
2019-07-13 16:36:56,320 INFO  impl.RaftServerImpl (RaftServerImpl.java:start(180)) - 385dbeb7-bcfc-4c9d-9cc8-2a0122c6df21: start group-C4134929D265
2019-07-13 16:36:56,320 INFO  server.RaftServerConfigKeys (ConfUtils.java:logGet(43)) - raft.server.retrycache.expirytime = 600000ms (custom)
2019-07-13 16:36:56,321 INFO  impl.RaftServerImpl (RaftServerImpl.java:setRole(171)) - 385dbeb7-bcfc-4c9d-9cc8-2a0122c6df21:group-C4134929D265 changes role from null to FOLLOWER at term 0 for startAsFollower
2019-07-13 16:36:56,321 INFO  impl.RaftServerImpl (RaftServerImpl.java:start(180)) - 7ba4b158-ac09-4538-907e-38781997cb7b: start group-C4134929D265
2019-07-13 16:36:56,321 INFO  impl.RoleInfo (RoleInfo.java:updateAndGet(143)) - 385dbeb7-bcfc-4c9d-9cc8-2a0122c6df21: start FollowerState
2019-07-13 16:36:56,321 INFO  impl.RaftServerImpl (RaftServerImpl.java:setRole(171)) - 7ba4b158-ac09-4538-907e-38781997cb7b:group-C4134929D265 changes role from null to FOLLOWER at term 0 for startAsFollower
2019-07-13 16:36:56,321 INFO  impl.RoleInfo (RoleInfo.java:updateAndGet(143)) - 7ba4b158-ac09-4538-907e-38781997cb7b: start FollowerState
2019-07-13 16:36:56,321 INFO  util.JmxRegister (JmxRegister.java:tryRegister(44)) - Successfully registered JMX Bean with object name Ratis:service=RaftServer,group=group-C4134929D265,id=385dbeb7-bcfc-4c9d-9cc8-2a0122c6df21
2019-07-13 16:36:56,322 INFO  util.JmxRegister (JmxRegister.java:tryRegister(44)) - Successfully registered JMX Bean with object name Ratis:service=RaftServer,group=group-C4134929D265,id=7ba4b158-ac09-4538-907e-38781997cb7b
2019-07-13 16:36:56,329 INFO  pipeline.PipelineStateManager (PipelineStateManager.java:addPipeline(56)) - Created pipeline Pipeline[ Id: 7a067149-c987-4b6a-972d-c4134929d265, Nodes: 4aa21327-2828-4bcf-afee-bc0e28759617{ip: 192.168.5.187, host: trunk-nightly-z92hn-1831959607, networkLocation: /default-rack, certSerialId: null}385dbeb7-bcfc-4c9d-9cc8-2a0122c6df21{ip: 192.168.5.187, host: trunk-nightly-z92hn-1831959607, networkLocation: /default-rack, certSerialId: null}7ba4b158-ac09-4538-907e-38781997cb7b{ip: 192.168.5.187, host: trunk-nightly-z92hn-1831959607, networkLocation: /default-rack, certSerialId: null}, Type:RATIS, Factor:THREE, State:OPEN]
2019-07-13 16:36:56,397 INFO  node.SCMNodeManager (SCMNodeManager.java:register(269)) - Registered Data node : 1e98dda5-7541-4657-b55c-d3eb0b5d2574{ip: 192.168.5.187, host: trunk-nightly-z92hn-1831959607, networkLocation: /default-rack, certSerialId: null}
2019-07-13 16:36:56,408 INFO  impl.RaftServerProxy (RaftServerProxy.java:addNew(89)) - 1e98dda5-7541-4657-b55c-d3eb0b5d2574: addNew group-691ED3A45783:[1e98dda5-7541-4657-b55c-d3eb0b5d2574:192.168.5.187:46209] returns group-691ED3A45783:java.util.concurrent.CompletableFuture@69d8f501[Not completed]
2019-07-13 16:36:56,409 INFO  impl.RaftServerImpl (RaftServerImpl.java:<init>(93)) - 1e98dda5-7541-4657-b55c-d3eb0b5d2574: new RaftServerImpl for group-691ED3A45783:[1e98dda5-7541-4657-b55c-d3eb0b5d2574:192.168.5.187:46209] with ContainerStateMachine:uninitialized
2019-07-13 16:36:56,409 INFO  server.RaftServerConfigKeys (ConfUtils.java:logGet(43)) - raft.server.rpc.timeout.min = 5s (custom)
2019-07-13 16:36:56,409 INFO  server.RaftServerConfigKeys (ConfUtils.java:logGet(43)) - raft.server.rpc.timeout.max = 5200ms (custom)
2019-07-13 16:36:56,409 INFO  server.RaftServerConfigKeys (ConfUtils.java:logGet(43)) - raft.server.rpcslowness.timeout = 120s (custom)
2019-07-13 16:36:56,409 INFO  server.RaftServerConfigKeys (ConfUtils.java:logGet(43)) - raft.server.sleep.deviation.threshold = 300 (default)
2019-07-13 16:36:56,410 INFO  server.RaftServerConfigKeys (ConfUtils.java:logGet(43)) - raft.server.log.appender.install.snapshot.enabled = false (custom)
2019-07-13 16:36:56,410 INFO  impl.RaftServerImpl (ServerState.java:<init>(105)) - 1e98dda5-7541-4657-b55c-d3eb0b5d2574:group-691ED3A45783 ConfigurationManager, init=-1: [1e98dda5-7541-4657-b55c-d3eb0b5d2574:192.168.5.187:46209], old=null, confs=<EMPTY_MAP>
2019-07-13 16:36:56,410 INFO  server.RaftServerConfigKeys (ConfUtils.java:logGet(43)) - raft.server.storage.dir = [/tmp/workdir/hadoop-ozone/integration-test/target/test-dir/MiniOzoneClusterImpl-ff639893-bec4-4f82-8d2e-9b96d860749a/datanode-3/data/ratis] (custom)
2019-07-13 16:36:56,410 INFO  storage.RaftStorageDirectory (RaftStorageDirectory.java:analyzeStorage(246)) - The storage directory /tmp/workdir/hadoop-ozone/integration-test/target/test-dir/MiniOzoneClusterImpl-ff639893-bec4-4f82-8d2e-9b96d860749a/datanode-3/data/ratis/736ca4e0-1901-45c0-be4b-691ed3a45783 does not exist. Creating ...
2019-07-13 16:36:56,422 INFO  storage.RaftStorageDirectory (RaftStorageDirectory.java:tryLock(328)) - Lock on /tmp/workdir/hadoop-ozone/integration-test/target/test-dir/MiniOzoneClusterImpl-ff639893-bec4-4f82-8d2e-9b96d860749a/datanode-3/data/ratis/736ca4e0-1901-45c0-be4b-691ed3a45783/in_use.lock acquired by nodename 30505@trunk-nightly-z92hn-1831959607
2019-07-13 16:36:56,433 INFO  storage.RaftStorage (RaftStorage.java:format(72)) - Storage directory /tmp/workdir/hadoop-ozone/integration-test/target/test-dir/MiniOzoneClusterImpl-ff639893-bec4-4f82-8d2e-9b96d860749a/datanode-3/data/ratis/736ca4e0-1901-45c0-be4b-691ed3a45783 has been successfully formatted.
2019-07-13 16:36:56,434 INFO  ratis.ContainerStateMachine (ContainerStateMachine.java:loadSnapshot(200)) - The snapshot info is null.Setting the last applied index to:(t:0, i:~)
2019-07-13 16:36:56,434 INFO  server.RaftServerConfigKeys (ConfUtils.java:logGet(43)) - raft.server.leader.election.timeout = 120s (custom)
2019-07-13 16:36:56,434 INFO  server.RaftServerConfigKeys (ConfUtils.java:logGet(43)) - raft.server.log.use.memory = false (default)
2019-07-13 16:36:56,434 INFO  server.RaftServerConfigKeys (ConfUtils.java:logGet(43)) - raft.server.log.purge.gap = 1000000000 (custom)
2019-07-13 16:36:56,434 INFO  server.RaftServerConfigKeys (ConfUtils.java:logGet(43)) - raft.server.log.appender.buffer.byte-limit = 33554432 (custom)
2019-07-13 16:36:56,434 INFO  server.RaftServerConfigKeys (ConfUtils.java:logGet(43)) - raft.server.log.segment.size.max = 1048576 (custom)
2019-07-13 16:36:56,435 INFO  server.RaftServerConfigKeys (ConfUtils.java:logGet(43)) - raft.server.log.segment.cache.num.max = 2 (custom)
2019-07-13 16:36:56,435 INFO  segmented.SegmentedRaftLogWorker (SegmentedRaftLogWorker.java:<init>(172)) - new 1e98dda5-7541-4657-b55c-d3eb0b5d2574-SegmentedRaftLogWorker:Storage Directory /tmp/workdir/hadoop-ozone/integration-test/target/test-dir/MiniOzoneClusterImpl-ff639893-bec4-4f82-8d2e-9b96d860749a/datanode-3/data/ratis/736ca4e0-1901-45c0-be4b-691ed3a45783 for RaftStorage:Storage Directory /tmp/workdir/hadoop-ozone/integration-test/target/test-dir/MiniOzoneClusterImpl-ff639893-bec4-4f82-8d2e-9b96d860749a/datanode-3/data/ratis/736ca4e0-1901-45c0-be4b-691ed3a45783
2019-07-13 16:36:56,435 INFO  server.RaftServerConfigKeys (ConfUtils.java:logGet(43)) - raft.server.log.queue.byte-limit = 2147483647 (custom)
2019-07-13 16:36:56,435 INFO  server.RaftServerConfigKeys (ConfUtils.java:logGet(43)) - raft.server.log.queue.element-limit = 1024 (custom)
2019-07-13 16:36:56,435 INFO  server.RaftServerConfigKeys (ConfUtils.java:logGet(43)) - raft.server.log.segment.size.max = 1048576 (custom)
2019-07-13 16:36:56,436 INFO  server.RaftServerConfigKeys (ConfUtils.java:logGet(43)) - raft.server.log.preallocated.size = 16384 (custom)
2019-07-13 16:36:56,436 INFO  server.RaftServerConfigKeys (ConfUtils.java:logGet(43)) - raft.server.log.write.buffer.size = 33554432 (custom)
2019-07-13 16:36:56,436 INFO  server.RaftServerConfigKeys (ConfUtils.java:logGet(43)) - raft.server.log.force.sync.num = 128 (default)
2019-07-13 16:36:56,436 INFO  server.RaftServerConfigKeys (ConfUtils.java:logGet(43)) - raft.server.log.statemachine.data.sync = true (default)
2019-07-13 16:36:56,436 INFO  server.RaftServerConfigKeys (ConfUtils.java:logGet(43)) - raft.server.log.statemachine.data.sync.timeout = 10s (default)
2019-07-13 16:36:56,436 INFO  server.RaftServerConfigKeys (ConfUtils.java:logGet(43)) - raft.server.log.statemachine.data.sync.timeout.retry = -1 (default)
2019-07-13 16:36:56,437 INFO  server.RaftServerConfigKeys (ConfUtils.java:logGet(43)) - raft.server.log.statemachine.data.caching.enabled = true (custom)
2019-07-13 16:36:56,437 INFO  segmented.SegmentedRaftLogWorker (SegmentedRaftLogWorker.java:lambda$new$0(132)) - 1e98dda5-7541-4657-b55c-d3eb0b5d2574-SegmentedRaftLogWorker:Storage Directory /tmp/workdir/hadoop-ozone/integration-test/target/test-dir/MiniOzoneClusterImpl-ff639893-bec4-4f82-8d2e-9b96d860749a/datanode-3/data/ratis/736ca4e0-1901-45c0-be4b-691ed3a45783: flushIndex: setUnconditionally 0 -> -1
2019-07-13 16:36:56,437 INFO  server.RaftServerConfigKeys (ConfUtils.java:logGet(43)) - raft.server.snapshot.auto.trigger.enabled = true (custom)
2019-07-13 16:36:56,437 INFO  server.RaftServerConfigKeys (ConfUtils.java:logGet(43)) - raft.server.snapshot.auto.trigger.threshold = 10000 (custom)
2019-07-13 16:36:56,438 INFO  server.RaftServerConfigKeys (ConfUtils.java:logGet(43)) - raft.server.retrycache.expirytime = 600000ms (custom)
2019-07-13 16:36:56,438 INFO  impl.RaftServerImpl (RaftServerImpl.java:start(180)) - 1e98dda5-7541-4657-b55c-d3eb0b5d2574: start group-691ED3A45783
2019-07-13 16:36:56,438 INFO  impl.RaftServerImpl (RaftServerImpl.java:setRole(171)) - 1e98dda5-7541-4657-b55c-d3eb0b5d2574:group-691ED3A45783 changes role from null to FOLLOWER at term 0 for startAsFollower
2019-07-13 16:36:56,438 INFO  impl.RoleInfo (RoleInfo.java:updateAndGet(143)) - 1e98dda5-7541-4657-b55c-d3eb0b5d2574: start FollowerState
2019-07-13 16:36:56,438 INFO  util.JmxRegister (JmxRegister.java:tryRegister(44)) - Successfully registered JMX Bean with object name Ratis:service=RaftServer,group=group-691ED3A45783,id=1e98dda5-7541-4657-b55c-d3eb0b5d2574
2019-07-13 16:36:56,452 INFO  pipeline.PipelineStateManager (PipelineStateManager.java:addPipeline(56)) - Created pipeline Pipeline[ Id: 736ca4e0-1901-45c0-be4b-691ed3a45783, Nodes: 1e98dda5-7541-4657-b55c-d3eb0b5d2574{ip: 192.168.5.187, host: trunk-nightly-z92hn-1831959607, networkLocation: /default-rack, certSerialId: null}, Type:RATIS, Factor:ONE, State:OPEN]
2019-07-13 16:36:56,554 INFO  node.SCMNodeManager (SCMNodeManager.java:register(269)) - Registered Data node : 36ae1c90-1a2d-489e-92cd-e60a8d4b511f{ip: 192.168.5.187, host: trunk-nightly-z92hn-1831959607, networkLocation: /default-rack, certSerialId: null}
2019-07-13 16:36:56,566 INFO  impl.RaftServerProxy (RaftServerProxy.java:addNew(89)) - 36ae1c90-1a2d-489e-92cd-e60a8d4b511f: addNew group-20F5A04D3790:[36ae1c90-1a2d-489e-92cd-e60a8d4b511f:192.168.5.187:45344] returns group-20F5A04D3790:java.util.concurrent.CompletableFuture@706923e4[Not completed]
2019-07-13 16:36:56,567 INFO  impl.RaftServerImpl (RaftServerImpl.java:<init>(93)) - 36ae1c90-1a2d-489e-92cd-e60a8d4b511f: new RaftServerImpl for group-20F5A04D3790:[36ae1c90-1a2d-489e-92cd-e60a8d4b511f:192.168.5.187:45344] with ContainerStateMachine:uninitialized
2019-07-13 16:36:56,567 INFO  server.RaftServerConfigKeys (ConfUtils.java:logGet(43)) - raft.server.rpc.timeout.min = 5s (custom)
2019-07-13 16:36:56,567 INFO  server.RaftServerConfigKeys (ConfUtils.java:logGet(43)) - raft.server.rpc.timeout.max = 5200ms (custom)
2019-07-13 16:36:56,567 INFO  server.RaftServerConfigKeys (ConfUtils.java:logGet(43)) - raft.server.rpcslowness.timeout = 120s (custom)
2019-07-13 16:36:56,567 INFO  server.RaftServerConfigKeys (ConfUtils.java:logGet(43)) - raft.server.sleep.deviation.threshold = 300 (default)
2019-07-13 16:36:56,567 INFO  server.RaftServerConfigKeys (ConfUtils.java:logGet(43)) - raft.server.log.appender.install.snapshot.enabled = false (custom)
2019-07-13 16:36:56,568 INFO  impl.RaftServerImpl (ServerState.java:<init>(105)) - 36ae1c90-1a2d-489e-92cd-e60a8d4b511f:group-20F5A04D3790 ConfigurationManager, init=-1: [36ae1c90-1a2d-489e-92cd-e60a8d4b511f:192.168.5.187:45344], old=null, confs=<EMPTY_MAP>
2019-07-13 16:36:56,568 INFO  server.RaftServerConfigKeys (ConfUtils.java:logGet(43)) - raft.server.storage.dir = [/tmp/workdir/hadoop-ozone/integration-test/target/test-dir/MiniOzoneClusterImpl-ff639893-bec4-4f82-8d2e-9b96d860749a/datanode-4/data/ratis] (custom)
2019-07-13 16:36:56,568 INFO  storage.RaftStorageDirectory (RaftStorageDirectory.java:analyzeStorage(246)) - The storage directory /tmp/workdir/hadoop-ozone/integration-test/target/test-dir/MiniOzoneClusterImpl-ff639893-bec4-4f82-8d2e-9b96d860749a/datanode-4/data/ratis/495e2770-d0e3-45a9-9c6b-20f5a04d3790 does not exist. Creating ...
2019-07-13 16:36:56,572 INFO  storage.RaftStorageDirectory (RaftStorageDirectory.java:tryLock(328)) - Lock on /tmp/workdir/hadoop-ozone/integration-test/target/test-dir/MiniOzoneClusterImpl-ff639893-bec4-4f82-8d2e-9b96d860749a/datanode-4/data/ratis/495e2770-d0e3-45a9-9c6b-20f5a04d3790/in_use.lock acquired by nodename 30505@trunk-nightly-z92hn-1831959607
2019-07-13 16:36:56,584 INFO  storage.RaftStorage (RaftStorage.java:format(72)) - Storage directory /tmp/workdir/hadoop-ozone/integration-test/target/test-dir/MiniOzoneClusterImpl-ff639893-bec4-4f82-8d2e-9b96d860749a/datanode-4/data/ratis/495e2770-d0e3-45a9-9c6b-20f5a04d3790 has been successfully formatted.
2019-07-13 16:36:56,584 INFO  ratis.ContainerStateMachine (ContainerStateMachine.java:loadSnapshot(200)) - The snapshot info is null.Setting the last applied index to:(t:0, i:~)
2019-07-13 16:36:56,584 INFO  server.RaftServerConfigKeys (ConfUtils.java:logGet(43)) - raft.server.leader.election.timeout = 120s (custom)
2019-07-13 16:36:56,584 INFO  server.RaftServerConfigKeys (ConfUtils.java:logGet(43)) - raft.server.log.use.memory = false (default)
2019-07-13 16:36:56,584 INFO  server.RaftServerConfigKeys (ConfUtils.java:logGet(43)) - raft.server.log.purge.gap = 1000000000 (custom)
2019-07-13 16:36:56,584 INFO  server.RaftServerConfigKeys (ConfUtils.java:logGet(43)) - raft.server.log.appender.buffer.byte-limit = 33554432 (custom)
2019-07-13 16:36:56,585 INFO  server.RaftServerConfigKeys (ConfUtils.java:logGet(43)) - raft.server.log.segment.size.max = 1048576 (custom)
2019-07-13 16:36:56,585 INFO  server.RaftServerConfigKeys (ConfUtils.java:logGet(43)) - raft.server.log.segment.cache.num.max = 2 (custom)
2019-07-13 16:36:56,585 INFO  segmented.SegmentedRaftLogWorker (SegmentedRaftLogWorker.java:<init>(172)) - new 36ae1c90-1a2d-489e-92cd-e60a8d4b511f-SegmentedRaftLogWorker:Storage Directory /tmp/workdir/hadoop-ozone/integration-test/target/test-dir/MiniOzoneClusterImpl-ff639893-bec4-4f82-8d2e-9b96d860749a/datanode-4/data/ratis/495e2770-d0e3-45a9-9c6b-20f5a04d3790 for RaftStorage:Storage Directory /tmp/workdir/hadoop-ozone/integration-test/target/test-dir/MiniOzoneClusterImpl-ff639893-bec4-4f82-8d2e-9b96d860749a/datanode-4/data/ratis/495e2770-d0e3-45a9-9c6b-20f5a04d3790
2019-07-13 16:36:56,585 INFO  server.RaftServerConfigKeys (ConfUtils.java:logGet(43)) - raft.server.log.queue.byte-limit = 2147483647 (custom)
2019-07-13 16:36:56,585 INFO  server.RaftServerConfigKeys (ConfUtils.java:logGet(43)) - raft.server.log.queue.element-limit = 1024 (custom)
2019-07-13 16:36:56,585 INFO  server.RaftServerConfigKeys (ConfUtils.java:logGet(43)) - raft.server.log.segment.size.max = 1048576 (custom)
2019-07-13 16:36:56,586 INFO  server.RaftServerConfigKeys (ConfUtils.java:logGet(43)) - raft.server.log.preallocated.size = 16384 (custom)
2019-07-13 16:36:56,586 INFO  server.RaftServerConfigKeys (ConfUtils.java:logGet(43)) - raft.server.log.write.buffer.size = 33554432 (custom)
2019-07-13 16:36:56,586 INFO  server.RaftServerConfigKeys (ConfUtils.java:logGet(43)) - raft.server.log.force.sync.num = 128 (default)
2019-07-13 16:36:56,586 INFO  server.RaftServerConfigKeys (ConfUtils.java:logGet(43)) - raft.server.log.statemachine.data.sync = true (default)
2019-07-13 16:36:56,586 INFO  server.RaftServerConfigKeys (ConfUtils.java:logGet(43)) - raft.server.log.statemachine.data.sync.timeout = 10s (default)
2019-07-13 16:36:56,586 INFO  server.RaftServerConfigKeys (ConfUtils.java:logGet(43)) - raft.server.log.statemachine.data.sync.timeout.retry = -1 (default)
2019-07-13 16:36:56,587 INFO  server.RaftServerConfigKeys (ConfUtils.java:logGet(43)) - raft.server.log.statemachine.data.caching.enabled = true (custom)
2019-07-13 16:36:56,587 INFO  segmented.SegmentedRaftLogWorker (SegmentedRaftLogWorker.java:lambda$new$0(132)) - 36ae1c90-1a2d-489e-92cd-e60a8d4b511f-SegmentedRaftLogWorker:Storage Directory /tmp/workdir/hadoop-ozone/integration-test/target/test-dir/MiniOzoneClusterImpl-ff639893-bec4-4f82-8d2e-9b96d860749a/datanode-4/data/ratis/495e2770-d0e3-45a9-9c6b-20f5a04d3790: flushIndex: setUnconditionally 0 -> -1
2019-07-13 16:36:56,587 INFO  server.RaftServerConfigKeys (ConfUtils.java:logGet(43)) - raft.server.snapshot.auto.trigger.enabled = true (custom)
2019-07-13 16:36:56,587 INFO  server.RaftServerConfigKeys (ConfUtils.java:logGet(43)) - raft.server.snapshot.auto.trigger.threshold = 10000 (custom)
2019-07-13 16:36:56,588 INFO  server.RaftServerConfigKeys (ConfUtils.java:logGet(43)) - raft.server.retrycache.expirytime = 600000ms (custom)
2019-07-13 16:36:56,588 INFO  impl.RaftServerImpl (RaftServerImpl.java:start(180)) - 36ae1c90-1a2d-489e-92cd-e60a8d4b511f: start group-20F5A04D3790
2019-07-13 16:36:56,588 INFO  impl.RaftServerImpl (RaftServerImpl.java:setRole(171)) - 36ae1c90-1a2d-489e-92cd-e60a8d4b511f:group-20F5A04D3790 changes role from null to FOLLOWER at term 0 for startAsFollower
2019-07-13 16:36:56,588 INFO  impl.RoleInfo (RoleInfo.java:updateAndGet(143)) - 36ae1c90-1a2d-489e-92cd-e60a8d4b511f: start FollowerState
2019-07-13 16:36:56,588 INFO  util.JmxRegister (JmxRegister.java:tryRegister(44)) - Successfully registered JMX Bean with object name Ratis:service=RaftServer,group=group-20F5A04D3790,id=36ae1c90-1a2d-489e-92cd-e60a8d4b511f
2019-07-13 16:36:56,593 INFO  pipeline.PipelineStateManager (PipelineStateManager.java:addPipeline(56)) - Created pipeline Pipeline[ Id: 495e2770-d0e3-45a9-9c6b-20f5a04d3790, Nodes: 36ae1c90-1a2d-489e-92cd-e60a8d4b511f{ip: 192.168.5.187, host: trunk-nightly-z92hn-1831959607, networkLocation: /default-rack, certSerialId: null}, Type:RATIS, Factor:ONE, State:OPEN]
2019-07-13 16:36:56,756 INFO  node.SCMNodeManager (SCMNodeManager.java:register(269)) - Registered Data node : 3714f87c-c20b-462c-a483-4e53e291f7de{ip: 192.168.5.187, host: trunk-nightly-z92hn-1831959607, networkLocation: /default-rack, certSerialId: null}
2019-07-13 16:36:56,769 INFO  impl.RaftServerProxy (RaftServerProxy.java:addNew(89)) - 3714f87c-c20b-462c-a483-4e53e291f7de: addNew group-AEB4371A4D0D:[3714f87c-c20b-462c-a483-4e53e291f7de:192.168.5.187:45707] returns group-AEB4371A4D0D:java.util.concurrent.CompletableFuture@5dae0af3[Not completed]
2019-07-13 16:36:56,770 INFO  impl.RaftServerImpl (RaftServerImpl.java:<init>(93)) - 3714f87c-c20b-462c-a483-4e53e291f7de: new RaftServerImpl for group-AEB4371A4D0D:[3714f87c-c20b-462c-a483-4e53e291f7de:192.168.5.187:45707] with ContainerStateMachine:uninitialized
2019-07-13 16:36:56,770 INFO  server.RaftServerConfigKeys (ConfUtils.java:logGet(43)) - raft.server.rpc.timeout.min = 5s (custom)
2019-07-13 16:36:56,770 INFO  server.RaftServerConfigKeys (ConfUtils.java:logGet(43)) - raft.server.rpc.timeout.max = 5200ms (custom)
2019-07-13 16:36:56,770 INFO  server.RaftServerConfigKeys (ConfUtils.java:logGet(43)) - raft.server.rpcslowness.timeout = 120s (custom)
2019-07-13 16:36:56,770 INFO  server.RaftServerConfigKeys (ConfUtils.java:logGet(43)) - raft.server.sleep.deviation.threshold = 300 (default)
2019-07-13 16:36:56,771 INFO  server.RaftServerConfigKeys (ConfUtils.java:logGet(43)) - raft.server.log.appender.install.snapshot.enabled = false (custom)
2019-07-13 16:36:56,771 INFO  impl.RaftServerImpl (ServerState.java:<init>(105)) - 3714f87c-c20b-462c-a483-4e53e291f7de:group-AEB4371A4D0D ConfigurationManager, init=-1: [3714f87c-c20b-462c-a483-4e53e291f7de:192.168.5.187:45707], old=null, confs=<EMPTY_MAP>
2019-07-13 16:36:56,771 INFO  server.RaftServerConfigKeys (ConfUtils.java:logGet(43)) - raft.server.storage.dir = [/tmp/workdir/hadoop-ozone/integration-test/target/test-dir/MiniOzoneClusterImpl-ff639893-bec4-4f82-8d2e-9b96d860749a/datanode-5/data/ratis] (custom)
2019-07-13 16:36:56,771 INFO  storage.RaftStorageDirectory (RaftStorageDirectory.java:analyzeStorage(246)) - The storage directory /tmp/workdir/hadoop-ozone/integration-test/target/test-dir/MiniOzoneClusterImpl-ff639893-bec4-4f82-8d2e-9b96d860749a/datanode-5/data/ratis/74bf6b96-13ac-4c1b-b277-aeb4371a4d0d does not exist. Creating ...
2019-07-13 16:36:56,783 INFO  storage.RaftStorageDirectory (RaftStorageDirectory.java:tryLock(328)) - Lock on /tmp/workdir/hadoop-ozone/integration-test/target/test-dir/MiniOzoneClusterImpl-ff639893-bec4-4f82-8d2e-9b96d860749a/datanode-5/data/ratis/74bf6b96-13ac-4c1b-b277-aeb4371a4d0d/in_use.lock acquired by nodename 30505@trunk-nightly-z92hn-1831959607
2019-07-13 16:36:56,790 INFO  storage.RaftStorage (RaftStorage.java:format(72)) - Storage directory /tmp/workdir/hadoop-ozone/integration-test/target/test-dir/MiniOzoneClusterImpl-ff639893-bec4-4f82-8d2e-9b96d860749a/datanode-5/data/ratis/74bf6b96-13ac-4c1b-b277-aeb4371a4d0d has been successfully formatted.
2019-07-13 16:36:56,791 INFO  ratis.ContainerStateMachine (ContainerStateMachine.java:loadSnapshot(200)) - The snapshot info is null.Setting the last applied index to:(t:0, i:~)
2019-07-13 16:36:56,791 INFO  server.RaftServerConfigKeys (ConfUtils.java:logGet(43)) - raft.server.leader.election.timeout = 120s (custom)
2019-07-13 16:36:56,791 INFO  server.RaftServerConfigKeys (ConfUtils.java:logGet(43)) - raft.server.log.use.memory = false (default)
2019-07-13 16:36:56,791 INFO  server.RaftServerConfigKeys (ConfUtils.java:logGet(43)) - raft.server.log.purge.gap = 1000000000 (custom)
2019-07-13 16:36:56,791 INFO  server.RaftServerConfigKeys (ConfUtils.java:logGet(43)) - raft.server.log.appender.buffer.byte-limit = 33554432 (custom)
2019-07-13 16:36:56,791 INFO  server.RaftServerConfigKeys (ConfUtils.java:logGet(43)) - raft.server.log.segment.size.max = 1048576 (custom)
2019-07-13 16:36:56,792 INFO  server.RaftServerConfigKeys (ConfUtils.java:logGet(43)) - raft.server.log.segment.cache.num.max = 2 (custom)
2019-07-13 16:36:56,792 INFO  segmented.SegmentedRaftLogWorker (SegmentedRaftLogWorker.java:<init>(172)) - new 3714f87c-c20b-462c-a483-4e53e291f7de-SegmentedRaftLogWorker:Storage Directory /tmp/workdir/hadoop-ozone/integration-test/target/test-dir/MiniOzoneClusterImpl-ff639893-bec4-4f82-8d2e-9b96d860749a/datanode-5/data/ratis/74bf6b96-13ac-4c1b-b277-aeb4371a4d0d for RaftStorage:Storage Directory /tmp/workdir/hadoop-ozone/integration-test/target/test-dir/MiniOzoneClusterImpl-ff639893-bec4-4f82-8d2e-9b96d860749a/datanode-5/data/ratis/74bf6b96-13ac-4c1b-b277-aeb4371a4d0d
2019-07-13 16:36:56,792 INFO  server.RaftServerConfigKeys (ConfUtils.java:logGet(43)) - raft.server.log.queue.byte-limit = 2147483647 (custom)
2019-07-13 16:36:56,792 INFO  server.RaftServerConfigKeys (ConfUtils.java:logGet(43)) - raft.server.log.queue.element-limit = 1024 (custom)
2019-07-13 16:36:56,792 INFO  server.RaftServerConfigKeys (ConfUtils.java:logGet(43)) - raft.server.log.segment.size.max = 1048576 (custom)
2019-07-13 16:36:56,792 INFO  server.RaftServerConfigKeys (ConfUtils.java:logGet(43)) - raft.server.log.preallocated.size = 16384 (custom)
2019-07-13 16:36:56,793 INFO  server.RaftServerConfigKeys (ConfUtils.java:logGet(43)) - raft.server.log.write.buffer.size = 33554432 (custom)
2019-07-13 16:36:56,793 INFO  server.RaftServerConfigKeys (ConfUtils.java:logGet(43)) - raft.server.log.force.sync.num = 128 (default)
2019-07-13 16:36:56,793 INFO  server.RaftServerConfigKeys (ConfUtils.java:logGet(43)) - raft.server.log.statemachine.data.sync = true (default)
2019-07-13 16:36:56,793 INFO  server.RaftServerConfigKeys (ConfUtils.java:logGet(43)) - raft.server.log.statemachine.data.sync.timeout = 10s (default)
2019-07-13 16:36:56,793 INFO  server.RaftServerConfigKeys (ConfUtils.java:logGet(43)) - raft.server.log.statemachine.data.sync.timeout.retry = -1 (default)
2019-07-13 16:36:56,793 INFO  server.RaftServerConfigKeys (ConfUtils.java:logGet(43)) - raft.server.log.statemachine.data.caching.enabled = true (custom)
2019-07-13 16:36:56,794 INFO  segmented.SegmentedRaftLogWorker (SegmentedRaftLogWorker.java:lambda$new$0(132)) - 3714f87c-c20b-462c-a483-4e53e291f7de-SegmentedRaftLogWorker:Storage Directory /tmp/workdir/hadoop-ozone/integration-test/target/test-dir/MiniOzoneClusterImpl-ff639893-bec4-4f82-8d2e-9b96d860749a/datanode-5/data/ratis/74bf6b96-13ac-4c1b-b277-aeb4371a4d0d: flushIndex: setUnconditionally 0 -> -1
2019-07-13 16:36:56,794 INFO  server.RaftServerConfigKeys (ConfUtils.java:logGet(43)) - raft.server.snapshot.auto.trigger.enabled = true (custom)
2019-07-13 16:36:56,794 INFO  server.RaftServerConfigKeys (ConfUtils.java:logGet(43)) - raft.server.snapshot.auto.trigger.threshold = 10000 (custom)
2019-07-13 16:36:56,794 INFO  server.RaftServerConfigKeys (ConfUtils.java:logGet(43)) - raft.server.retrycache.expirytime = 600000ms (custom)
2019-07-13 16:36:56,795 INFO  impl.RaftServerImpl (RaftServerImpl.java:start(180)) - 3714f87c-c20b-462c-a483-4e53e291f7de: start group-AEB4371A4D0D
2019-07-13 16:36:56,795 INFO  impl.RaftServerImpl (RaftServerImpl.java:setRole(171)) - 3714f87c-c20b-462c-a483-4e53e291f7de:group-AEB4371A4D0D changes role from null to FOLLOWER at term 0 for startAsFollower
2019-07-13 16:36:56,795 INFO  impl.RoleInfo (RoleInfo.java:updateAndGet(143)) - 3714f87c-c20b-462c-a483-4e53e291f7de: start FollowerState
2019-07-13 16:36:56,795 INFO  util.JmxRegister (JmxRegister.java:tryRegister(44)) - Successfully registered JMX Bean with object name Ratis:service=RaftServer,group=group-AEB4371A4D0D,id=3714f87c-c20b-462c-a483-4e53e291f7de
2019-07-13 16:36:56,800 INFO  pipeline.PipelineStateManager (PipelineStateManager.java:addPipeline(56)) - Created pipeline Pipeline[ Id: 74bf6b96-13ac-4c1b-b277-aeb4371a4d0d, Nodes: 3714f87c-c20b-462c-a483-4e53e291f7de{ip: 192.168.5.187, host: trunk-nightly-z92hn-1831959607, networkLocation: /default-rack, certSerialId: null}, Type:RATIS, Factor:ONE, State:OPEN]
2019-07-13 16:36:56,814 INFO  impl.RaftServerProxy (RaftServerProxy.java:addNew(89)) - 36ae1c90-1a2d-489e-92cd-e60a8d4b511f: addNew group-7D7226622F26:[3714f87c-c20b-462c-a483-4e53e291f7de:192.168.5.187:45707, 36ae1c90-1a2d-489e-92cd-e60a8d4b511f:192.168.5.187:45344, 1e98dda5-7541-4657-b55c-d3eb0b5d2574:192.168.5.187:46209] returns group-7D7226622F26:java.util.concurrent.CompletableFuture@7b5c720[Not completed]
2019-07-13 16:36:56,814 INFO  impl.RaftServerProxy (RaftServerProxy.java:addNew(89)) - 1e98dda5-7541-4657-b55c-d3eb0b5d2574: addNew group-7D7226622F26:[3714f87c-c20b-462c-a483-4e53e291f7de:192.168.5.187:45707, 36ae1c90-1a2d-489e-92cd-e60a8d4b511f:192.168.5.187:45344, 1e98dda5-7541-4657-b55c-d3eb0b5d2574:192.168.5.187:46209] returns group-7D7226622F26:java.util.concurrent.CompletableFuture@4d058387[Not completed]
2019-07-13 16:36:56,814 INFO  impl.RaftServerProxy (RaftServerProxy.java:addNew(89)) - 3714f87c-c20b-462c-a483-4e53e291f7de: addNew group-7D7226622F26:[3714f87c-c20b-462c-a483-4e53e291f7de:192.168.5.187:45707, 36ae1c90-1a2d-489e-92cd-e60a8d4b511f:192.168.5.187:45344, 1e98dda5-7541-4657-b55c-d3eb0b5d2574:192.168.5.187:46209] returns group-7D7226622F26:java.util.concurrent.CompletableFuture@72d81726[Not completed]
2019-07-13 16:36:56,816 INFO  impl.RaftServerImpl (RaftServerImpl.java:<init>(93)) - 3714f87c-c20b-462c-a483-4e53e291f7de: new RaftServerImpl for group-7D7226622F26:[3714f87c-c20b-462c-a483-4e53e291f7de:192.168.5.187:45707, 36ae1c90-1a2d-489e-92cd-e60a8d4b511f:192.168.5.187:45344, 1e98dda5-7541-4657-b55c-d3eb0b5d2574:192.168.5.187:46209] with ContainerStateMachine:uninitialized
2019-07-13 16:36:56,816 INFO  server.RaftServerConfigKeys (ConfUtils.java:logGet(43)) - raft.server.rpc.timeout.min = 5s (custom)
2019-07-13 16:36:56,816 INFO  server.RaftServerConfigKeys (ConfUtils.java:logGet(43)) - raft.server.rpc.timeout.max = 5200ms (custom)
2019-07-13 16:36:56,816 INFO  server.RaftServerConfigKeys (ConfUtils.java:logGet(43)) - raft.server.rpcslowness.timeout = 120s (custom)
2019-07-13 16:36:56,816 INFO  impl.RaftServerImpl (RaftServerImpl.java:<init>(93)) - 36ae1c90-1a2d-489e-92cd-e60a8d4b511f: new RaftServerImpl for group-7D7226622F26:[3714f87c-c20b-462c-a483-4e53e291f7de:192.168.5.187:45707, 36ae1c90-1a2d-489e-92cd-e60a8d4b511f:192.168.5.187:45344, 1e98dda5-7541-4657-b55c-d3eb0b5d2574:192.168.5.187:46209] with ContainerStateMachine:uninitialized
2019-07-13 16:36:56,816 INFO  server.RaftServerConfigKeys (ConfUtils.java:logGet(43)) - raft.server.sleep.deviation.threshold = 300 (default)
2019-07-13 16:36:56,816 INFO  server.RaftServerConfigKeys (ConfUtils.java:logGet(43)) - raft.server.rpc.timeout.min = 5s (custom)
2019-07-13 16:36:56,816 INFO  impl.RaftServerImpl (RaftServerImpl.java:<init>(93)) - 1e98dda5-7541-4657-b55c-d3eb0b5d2574: new RaftServerImpl for group-7D7226622F26:[3714f87c-c20b-462c-a483-4e53e291f7de:192.168.5.187:45707, 36ae1c90-1a2d-489e-92cd-e60a8d4b511f:192.168.5.187:45344, 1e98dda5-7541-4657-b55c-d3eb0b5d2574:192.168.5.187:46209] with ContainerStateMachine:uninitialized
2019-07-13 16:36:56,816 INFO  server.RaftServerConfigKeys (ConfUtils.java:logGet(43)) - raft.server.log.appender.install.snapshot.enabled = false (custom)
2019-07-13 16:36:56,817 INFO  server.RaftServerConfigKeys (ConfUtils.java:logGet(43)) - raft.server.rpc.timeout.min = 5s (custom)
2019-07-13 16:36:56,817 INFO  server.RaftServerConfigKeys (ConfUtils.java:logGet(43)) - raft.server.rpc.timeout.max = 5200ms (custom)
2019-07-13 16:36:56,817 INFO  server.RaftServerConfigKeys (ConfUtils.java:logGet(43)) - raft.server.rpc.timeout.max = 5200ms (custom)
2019-07-13 16:36:56,817 INFO  impl.RaftServerImpl (ServerState.java:<init>(105)) - 3714f87c-c20b-462c-a483-4e53e291f7de:group-7D7226622F26 ConfigurationManager, init=-1: [3714f87c-c20b-462c-a483-4e53e291f7de:192.168.5.187:45707, 36ae1c90-1a2d-489e-92cd-e60a8d4b511f:192.168.5.187:45344, 1e98dda5-7541-4657-b55c-d3eb0b5d2574:192.168.5.187:46209], old=null, confs=<EMPTY_MAP>
2019-07-13 16:36:56,817 INFO  server.RaftServerConfigKeys (ConfUtils.java:logGet(43)) - raft.server.rpcslowness.timeout = 120s (custom)
2019-07-13 16:36:56,818 INFO  server.RaftServerConfigKeys (ConfUtils.java:logGet(43)) - raft.server.sleep.deviation.threshold = 300 (default)
2019-07-13 16:36:56,817 INFO  server.RaftServerConfigKeys (ConfUtils.java:logGet(43)) - raft.server.rpcslowness.timeout = 120s (custom)
2019-07-13 16:36:56,818 INFO  server.RaftServerConfigKeys (ConfUtils.java:logGet(43)) - raft.server.log.appender.install.snapshot.enabled = false (custom)
2019-07-13 16:36:56,817 INFO  server.RaftServerConfigKeys (ConfUtils.java:logGet(43)) - raft.server.storage.dir = [/tmp/workdir/hadoop-ozone/integration-test/target/test-dir/MiniOzoneClusterImpl-ff639893-bec4-4f82-8d2e-9b96d860749a/datanode-5/data/ratis] (custom)
2019-07-13 16:36:56,818 INFO  impl.RaftServerImpl (ServerState.java:<init>(105)) - 1e98dda5-7541-4657-b55c-d3eb0b5d2574:group-7D7226622F26 ConfigurationManager, init=-1: [3714f87c-c20b-462c-a483-4e53e291f7de:192.168.5.187:45707, 36ae1c90-1a2d-489e-92cd-e60a8d4b511f:192.168.5.187:45344, 1e98dda5-7541-4657-b55c-d3eb0b5d2574:192.168.5.187:46209], old=null, confs=<EMPTY_MAP>
2019-07-13 16:36:56,818 INFO  server.RaftServerConfigKeys (ConfUtils.java:logGet(43)) - raft.server.sleep.deviation.threshold = 300 (default)
2019-07-13 16:36:56,818 INFO  server.RaftServerConfigKeys (ConfUtils.java:logGet(43)) - raft.server.storage.dir = [/tmp/workdir/hadoop-ozone/integration-test/target/test-dir/MiniOzoneClusterImpl-ff639893-bec4-4f82-8d2e-9b96d860749a/datanode-3/data/ratis] (custom)
2019-07-13 16:36:56,818 INFO  storage.RaftStorageDirectory (RaftStorageDirectory.java:analyzeStorage(246)) - The storage directory /tmp/workdir/hadoop-ozone/integration-test/target/test-dir/MiniOzoneClusterImpl-ff639893-bec4-4f82-8d2e-9b96d860749a/datanode-5/data/ratis/dfffe400-27f5-48c9-b6fa-7d7226622f26 does not exist. Creating ...
2019-07-13 16:36:56,819 INFO  server.RaftServerConfigKeys (ConfUtils.java:logGet(43)) - raft.server.log.appender.install.snapshot.enabled = false (custom)
2019-07-13 16:36:56,819 INFO  storage.RaftStorageDirectory (RaftStorageDirectory.java:analyzeStorage(246)) - The storage directory /tmp/workdir/hadoop-ozone/integration-test/target/test-dir/MiniOzoneClusterImpl-ff639893-bec4-4f82-8d2e-9b96d860749a/datanode-3/data/ratis/dfffe400-27f5-48c9-b6fa-7d7226622f26 does not exist. Creating ...
2019-07-13 16:36:56,819 INFO  impl.RaftServerImpl (ServerState.java:<init>(105)) - 36ae1c90-1a2d-489e-92cd-e60a8d4b511f:group-7D7226622F26 ConfigurationManager, init=-1: [3714f87c-c20b-462c-a483-4e53e291f7de:192.168.5.187:45707, 36ae1c90-1a2d-489e-92cd-e60a8d4b511f:192.168.5.187:45344, 1e98dda5-7541-4657-b55c-d3eb0b5d2574:192.168.5.187:46209], old=null, confs=<EMPTY_MAP>
2019-07-13 16:36:56,819 INFO  server.RaftServerConfigKeys (ConfUtils.java:logGet(43)) - raft.server.storage.dir = [/tmp/workdir/hadoop-ozone/integration-test/target/test-dir/MiniOzoneClusterImpl-ff639893-bec4-4f82-8d2e-9b96d860749a/datanode-4/data/ratis] (custom)
2019-07-13 16:36:56,820 INFO  storage.RaftStorageDirectory (RaftStorageDirectory.java:analyzeStorage(246)) - The storage directory /tmp/workdir/hadoop-ozone/integration-test/target/test-dir/MiniOzoneClusterImpl-ff639893-bec4-4f82-8d2e-9b96d860749a/datanode-4/data/ratis/dfffe400-27f5-48c9-b6fa-7d7226622f26 does not exist. Creating ...
2019-07-13 16:36:56,824 INFO  storage.RaftStorageDirectory (RaftStorageDirectory.java:tryLock(328)) - Lock on /tmp/workdir/hadoop-ozone/integration-test/target/test-dir/MiniOzoneClusterImpl-ff639893-bec4-4f82-8d2e-9b96d860749a/datanode-5/data/ratis/dfffe400-27f5-48c9-b6fa-7d7226622f26/in_use.lock acquired by nodename 30505@trunk-nightly-z92hn-1831959607
2019-07-13 16:36:56,824 INFO  storage.RaftStorageDirectory (RaftStorageDirectory.java:tryLock(328)) - Lock on /tmp/workdir/hadoop-ozone/integration-test/target/test-dir/MiniOzoneClusterImpl-ff639893-bec4-4f82-8d2e-9b96d860749a/datanode-4/data/ratis/dfffe400-27f5-48c9-b6fa-7d7226622f26/in_use.lock acquired by nodename 30505@trunk-nightly-z92hn-1831959607
2019-07-13 16:36:56,824 INFO  storage.RaftStorageDirectory (RaftStorageDirectory.java:tryLock(328)) - Lock on /tmp/workdir/hadoop-ozone/integration-test/target/test-dir/MiniOzoneClusterImpl-ff639893-bec4-4f82-8d2e-9b96d860749a/datanode-3/data/ratis/dfffe400-27f5-48c9-b6fa-7d7226622f26/in_use.lock acquired by nodename 30505@trunk-nightly-z92hn-1831959607
2019-07-13 16:36:56,828 INFO  storage.RaftStorage (RaftStorage.java:format(72)) - Storage directory /tmp/workdir/hadoop-ozone/integration-test/target/test-dir/MiniOzoneClusterImpl-ff639893-bec4-4f82-8d2e-9b96d860749a/datanode-5/data/ratis/dfffe400-27f5-48c9-b6fa-7d7226622f26 has been successfully formatted.
2019-07-13 16:36:56,828 INFO  storage.RaftStorage (RaftStorage.java:format(72)) - Storage directory /tmp/workdir/hadoop-ozone/integration-test/target/test-dir/MiniOzoneClusterImpl-ff639893-bec4-4f82-8d2e-9b96d860749a/datanode-4/data/ratis/dfffe400-27f5-48c9-b6fa-7d7226622f26 has been successfully formatted.
2019-07-13 16:36:56,828 INFO  storage.RaftStorage (RaftStorage.java:format(72)) - Storage directory /tmp/workdir/hadoop-ozone/integration-test/target/test-dir/MiniOzoneClusterImpl-ff639893-bec4-4f82-8d2e-9b96d860749a/datanode-3/data/ratis/dfffe400-27f5-48c9-b6fa-7d7226622f26 has been successfully formatted.
2019-07-13 16:36:56,828 INFO  ratis.ContainerStateMachine (ContainerStateMachine.java:loadSnapshot(200)) - The snapshot info is null.Setting the last applied index to:(t:0, i:~)
2019-07-13 16:36:56,829 INFO  ratis.ContainerStateMachine (ContainerStateMachine.java:loadSnapshot(200)) - The snapshot info is null.Setting the last applied index to:(t:0, i:~)
2019-07-13 16:36:56,828 INFO  ratis.ContainerStateMachine (ContainerStateMachine.java:loadSnapshot(200)) - The snapshot info is null.Setting the last applied index to:(t:0, i:~)
2019-07-13 16:36:56,829 INFO  server.RaftServerConfigKeys (ConfUtils.java:logGet(43)) - raft.server.leader.election.timeout = 120s (custom)
2019-07-13 16:36:56,829 INFO  server.RaftServerConfigKeys (ConfUtils.java:logGet(43)) - raft.server.leader.election.timeout = 120s (custom)
2019-07-13 16:36:56,829 INFO  server.RaftServerConfigKeys (ConfUtils.java:logGet(43)) - raft.server.log.use.memory = false (default)
2019-07-13 16:36:56,829 INFO  server.RaftServerConfigKeys (ConfUtils.java:logGet(43)) - raft.server.leader.election.timeout = 120s (custom)
2019-07-13 16:36:56,829 INFO  server.RaftServerConfigKeys (ConfUtils.java:logGet(43)) - raft.server.log.purge.gap = 1000000000 (custom)
2019-07-13 16:36:56,829 INFO  server.RaftServerConfigKeys (ConfUtils.java:logGet(43)) - raft.server.log.use.memory = false (default)
2019-07-13 16:36:56,830 INFO  server.RaftServerConfigKeys (ConfUtils.java:logGet(43)) - raft.server.log.appender.buffer.byte-limit = 33554432 (custom)
2019-07-13 16:36:56,830 INFO  server.RaftServerConfigKeys (ConfUtils.java:logGet(43)) - raft.server.log.use.memory = false (default)
2019-07-13 16:36:56,830 INFO  server.RaftServerConfigKeys (ConfUtils.java:logGet(43)) - raft.server.log.segment.size.max = 1048576 (custom)
2019-07-13 16:36:56,830 INFO  server.RaftServerConfigKeys (ConfUtils.java:logGet(43)) - raft.server.log.purge.gap = 1000000000 (custom)
2019-07-13 16:36:56,830 INFO  server.RaftServerConfigKeys (ConfUtils.java:logGet(43)) - raft.server.log.segment.cache.num.max = 2 (custom)
2019-07-13 16:36:56,830 INFO  server.RaftServerConfigKeys (ConfUtils.java:logGet(43)) - raft.server.log.purge.gap = 1000000000 (custom)
2019-07-13 16:36:56,831 INFO  segmented.SegmentedRaftLogWorker (SegmentedRaftLogWorker.java:<init>(172)) - new 1e98dda5-7541-4657-b55c-d3eb0b5d2574-SegmentedRaftLogWorker:Storage Directory /tmp/workdir/hadoop-ozone/integration-test/target/test-dir/MiniOzoneClusterImpl-ff639893-bec4-4f82-8d2e-9b96d860749a/datanode-3/data/ratis/dfffe400-27f5-48c9-b6fa-7d7226622f26 for RaftStorage:Storage Directory /tmp/workdir/hadoop-ozone/integration-test/target/test-dir/MiniOzoneClusterImpl-ff639893-bec4-4f82-8d2e-9b96d860749a/datanode-3/data/ratis/dfffe400-27f5-48c9-b6fa-7d7226622f26
2019-07-13 16:36:56,830 INFO  server.RaftServerConfigKeys (ConfUtils.java:logGet(43)) - raft.server.log.appender.buffer.byte-limit = 33554432 (custom)
2019-07-13 16:36:56,831 INFO  server.RaftServerConfigKeys (ConfUtils.java:logGet(43)) - raft.server.log.queue.byte-limit = 2147483647 (custom)
2019-07-13 16:36:56,831 INFO  server.RaftServerConfigKeys (ConfUtils.java:logGet(43)) - raft.server.log.appender.buffer.byte-limit = 33554432 (custom)
2019-07-13 16:36:56,831 INFO  server.RaftServerConfigKeys (ConfUtils.java:logGet(43)) - raft.server.log.queue.element-limit = 1024 (custom)
2019-07-13 16:36:56,831 INFO  server.RaftServerConfigKeys (ConfUtils.java:logGet(43)) - raft.server.log.segment.size.max = 1048576 (custom)
2019-07-13 16:36:56,832 INFO  server.RaftServerConfigKeys (ConfUtils.java:logGet(43)) - raft.server.log.segment.size.max = 1048576 (custom)
2019-07-13 16:36:56,831 INFO  server.RaftServerConfigKeys (ConfUtils.java:logGet(43)) - raft.server.log.segment.size.max = 1048576 (custom)
2019-07-13 16:36:56,832 INFO  server.RaftServerConfigKeys (ConfUtils.java:logGet(43)) - raft.server.log.preallocated.size = 16384 (custom)
2019-07-13 16:36:56,832 INFO  server.RaftServerConfigKeys (ConfUtils.java:logGet(43)) - raft.server.log.segment.cache.num.max = 2 (custom)
2019-07-13 16:36:56,832 INFO  server.RaftServerConfigKeys (ConfUtils.java:logGet(43)) - raft.server.log.write.buffer.size = 33554432 (custom)
2019-07-13 16:36:56,833 INFO  server.RaftServerConfigKeys (ConfUtils.java:logGet(43)) - raft.server.log.force.sync.num = 128 (default)
2019-07-13 16:36:56,832 INFO  server.RaftServerConfigKeys (ConfUtils.java:logGet(43)) - raft.server.log.segment.cache.num.max = 2 (custom)
2019-07-13 16:36:56,833 INFO  server.RaftServerConfigKeys (ConfUtils.java:logGet(43)) - raft.server.log.statemachine.data.sync = true (default)
2019-07-13 16:36:56,833 INFO  server.RaftServerConfigKeys (ConfUtils.java:logGet(43)) - raft.server.log.statemachine.data.sync.timeout = 10s (default)
2019-07-13 16:36:56,832 INFO  segmented.SegmentedRaftLogWorker (SegmentedRaftLogWorker.java:<init>(172)) - new 36ae1c90-1a2d-489e-92cd-e60a8d4b511f-SegmentedRaftLogWorker:Storage Directory /tmp/workdir/hadoop-ozone/integration-test/target/test-dir/MiniOzoneClusterImpl-ff639893-bec4-4f82-8d2e-9b96d860749a/datanode-4/data/ratis/dfffe400-27f5-48c9-b6fa-7d7226622f26 for RaftStorage:Storage Directory /tmp/workdir/hadoop-ozone/integration-test/target/test-dir/MiniOzoneClusterImpl-ff639893-bec4-4f82-8d2e-9b96d860749a/datanode-4/data/ratis/dfffe400-27f5-48c9-b6fa-7d7226622f26
2019-07-13 16:36:56,833 INFO  server.RaftServerConfigKeys (ConfUtils.java:logGet(43)) - raft.server.log.statemachine.data.sync.timeout.retry = -1 (default)
2019-07-13 16:36:56,833 INFO  segmented.SegmentedRaftLogWorker (SegmentedRaftLogWorker.java:<init>(172)) - new 3714f87c-c20b-462c-a483-4e53e291f7de-SegmentedRaftLogWorker:Storage Directory /tmp/workdir/hadoop-ozone/integration-test/target/test-dir/MiniOzoneClusterImpl-ff639893-bec4-4f82-8d2e-9b96d860749a/datanode-5/data/ratis/dfffe400-27f5-48c9-b6fa-7d7226622f26 for RaftStorage:Storage Directory /tmp/workdir/hadoop-ozone/integration-test/target/test-dir/MiniOzoneClusterImpl-ff639893-bec4-4f82-8d2e-9b96d860749a/datanode-5/data/ratis/dfffe400-27f5-48c9-b6fa-7d7226622f26
2019-07-13 16:36:56,834 INFO  server.RaftServerConfigKeys (ConfUtils.java:logGet(43)) - raft.server.log.statemachine.data.caching.enabled = true (custom)
2019-07-13 16:36:56,833 INFO  server.RaftServerConfigKeys (ConfUtils.java:logGet(43)) - raft.server.log.queue.byte-limit = 2147483647 (custom)
2019-07-13 16:36:56,834 INFO  segmented.SegmentedRaftLogWorker (SegmentedRaftLogWorker.java:lambda$new$0(132)) - 1e98dda5-7541-4657-b55c-d3eb0b5d2574-SegmentedRaftLogWorker:Storage Directory /tmp/workdir/hadoop-ozone/integration-test/target/test-dir/MiniOzoneClusterImpl-ff639893-bec4-4f82-8d2e-9b96d860749a/datanode-3/data/ratis/dfffe400-27f5-48c9-b6fa-7d7226622f26: flushIndex: setUnconditionally 0 -> -1
2019-07-13 16:36:56,834 INFO  server.RaftServerConfigKeys (ConfUtils.java:logGet(43)) - raft.server.log.queue.byte-limit = 2147483647 (custom)
2019-07-13 16:36:56,834 INFO  server.RaftServerConfigKeys (ConfUtils.java:logGet(43)) - raft.server.log.queue.element-limit = 1024 (custom)
2019-07-13 16:36:56,834 INFO  server.RaftServerConfigKeys (ConfUtils.java:logGet(43)) - raft.server.snapshot.auto.trigger.enabled = true (custom)
2019-07-13 16:36:56,834 INFO  server.RaftServerConfigKeys (ConfUtils.java:logGet(43)) - raft.server.log.queue.element-limit = 1024 (custom)
2019-07-13 16:36:56,835 INFO  server.RaftServerConfigKeys (ConfUtils.java:logGet(43)) - raft.server.snapshot.auto.trigger.threshold = 10000 (custom)
2019-07-13 16:36:56,835 INFO  server.RaftServerConfigKeys (ConfUtils.java:logGet(43)) - raft.server.log.segment.size.max = 1048576 (custom)
2019-07-13 16:36:56,835 INFO  server.RaftServerConfigKeys (ConfUtils.java:logGet(43)) - raft.server.retrycache.expirytime = 600000ms (custom)
2019-07-13 16:36:56,835 INFO  server.RaftServerConfigKeys (ConfUtils.java:logGet(43)) - raft.server.log.segment.size.max = 1048576 (custom)
2019-07-13 16:36:56,835 INFO  impl.RaftServerImpl (RaftServerImpl.java:start(180)) - 1e98dda5-7541-4657-b55c-d3eb0b5d2574: start group-7D7226622F26
2019-07-13 16:36:56,836 INFO  impl.RaftServerImpl (RaftServerImpl.java:setRole(171)) - 1e98dda5-7541-4657-b55c-d3eb0b5d2574:group-7D7226622F26 changes role from null to FOLLOWER at term 0 for startAsFollower
2019-07-13 16:36:56,835 INFO  server.RaftServerConfigKeys (ConfUtils.java:logGet(43)) - raft.server.log.preallocated.size = 16384 (custom)
2019-07-13 16:36:56,836 INFO  impl.RoleInfo (RoleInfo.java:updateAndGet(143)) - 1e98dda5-7541-4657-b55c-d3eb0b5d2574: start FollowerState
2019-07-13 16:36:56,835 INFO  server.RaftServerConfigKeys (ConfUtils.java:logGet(43)) - raft.server.log.preallocated.size = 16384 (custom)
2019-07-13 16:36:56,836 INFO  server.RaftServerConfigKeys (ConfUtils.java:logGet(43)) - raft.server.log.write.buffer.size = 33554432 (custom)
2019-07-13 16:36:56,836 INFO  util.JmxRegister (JmxRegister.java:tryRegister(44)) - Successfully registered JMX Bean with object name Ratis:service=RaftServer,group=group-7D7226622F26,id=1e98dda5-7541-4657-b55c-d3eb0b5d2574
2019-07-13 16:36:56,836 INFO  server.RaftServerConfigKeys (ConfUtils.java:logGet(43)) - raft.server.log.write.buffer.size = 33554432 (custom)
2019-07-13 16:36:56,836 INFO  server.RaftServerConfigKeys (ConfUtils.java:logGet(43)) - raft.server.log.force.sync.num = 128 (default)
2019-07-13 16:36:56,837 INFO  server.RaftServerConfigKeys (ConfUtils.java:logGet(43)) - raft.server.log.statemachine.data.sync = true (default)
2019-07-13 16:36:56,837 INFO  server.RaftServerConfigKeys (ConfUtils.java:logGet(43)) - raft.server.log.force.sync.num = 128 (default)
2019-07-13 16:36:56,837 INFO  server.RaftServerConfigKeys (ConfUtils.java:logGet(43)) - raft.server.log.statemachine.data.sync.timeout = 10s (default)
2019-07-13 16:36:56,837 INFO  server.RaftServerConfigKeys (ConfUtils.java:logGet(43)) - raft.server.log.statemachine.data.sync = true (default)
2019-07-13 16:36:56,838 INFO  server.RaftServerConfigKeys (ConfUtils.java:logGet(43)) - raft.server.log.statemachine.data.sync.timeout.retry = -1 (default)
2019-07-13 16:36:56,840 INFO  server.RaftServerConfigKeys (ConfUtils.java:logGet(43)) - raft.server.log.statemachine.data.sync.timeout = 10s (default)
2019-07-13 16:36:56,840 INFO  server.RaftServerConfigKeys (ConfUtils.java:logGet(43)) - raft.server.log.statemachine.data.caching.enabled = true (custom)
2019-07-13 16:36:56,840 INFO  server.RaftServerConfigKeys (ConfUtils.java:logGet(43)) - raft.server.log.statemachine.data.sync.timeout.retry = -1 (default)
2019-07-13 16:36:56,841 INFO  segmented.SegmentedRaftLogWorker (SegmentedRaftLogWorker.java:lambda$new$0(132)) - 36ae1c90-1a2d-489e-92cd-e60a8d4b511f-SegmentedRaftLogWorker:Storage Directory /tmp/workdir/hadoop-ozone/integration-test/target/test-dir/MiniOzoneClusterImpl-ff639893-bec4-4f82-8d2e-9b96d860749a/datanode-4/data/ratis/dfffe400-27f5-48c9-b6fa-7d7226622f26: flushIndex: setUnconditionally 0 -> -1
2019-07-13 16:36:56,841 INFO  server.RaftServerConfigKeys (ConfUtils.java:logGet(43)) - raft.server.log.statemachine.data.caching.enabled = true (custom)
2019-07-13 16:36:56,841 INFO  server.RaftServerConfigKeys (ConfUtils.java:logGet(43)) - raft.server.snapshot.auto.trigger.enabled = true (custom)
2019-07-13 16:36:56,841 INFO  server.RaftServerConfigKeys (ConfUtils.java:logGet(43)) - raft.server.snapshot.auto.trigger.threshold = 10000 (custom)
2019-07-13 16:36:56,841 INFO  segmented.SegmentedRaftLogWorker (SegmentedRaftLogWorker.java:lambda$new$0(132)) - 3714f87c-c20b-462c-a483-4e53e291f7de-SegmentedRaftLogWorker:Storage Directory /tmp/workdir/hadoop-ozone/integration-test/target/test-dir/MiniOzoneClusterImpl-ff639893-bec4-4f82-8d2e-9b96d860749a/datanode-5/data/ratis/dfffe400-27f5-48c9-b6fa-7d7226622f26: flushIndex: setUnconditionally 0 -> -1
2019-07-13 16:36:56,841 INFO  server.RaftServerConfigKeys (ConfUtils.java:logGet(43)) - raft.server.retrycache.expirytime = 600000ms (custom)
2019-07-13 16:36:56,842 INFO  impl.RaftServerImpl (RaftServerImpl.java:start(180)) - 36ae1c90-1a2d-489e-92cd-e60a8d4b511f: start group-7D7226622F26
2019-07-13 16:36:56,842 INFO  server.RaftServerConfigKeys (ConfUtils.java:logGet(43)) - raft.server.snapshot.auto.trigger.enabled = true (custom)
2019-07-13 16:36:56,842 INFO  impl.RaftServerImpl (RaftServerImpl.java:setRole(171)) - 36ae1c90-1a2d-489e-92cd-e60a8d4b511f:group-7D7226622F26 changes role from null to FOLLOWER at term 0 for startAsFollower
2019-07-13 16:36:56,842 INFO  server.RaftServerConfigKeys (ConfUtils.java:logGet(43)) - raft.server.snapshot.auto.trigger.threshold = 10000 (custom)
2019-07-13 16:36:56,842 INFO  impl.RoleInfo (RoleInfo.java:updateAndGet(143)) - 36ae1c90-1a2d-489e-92cd-e60a8d4b511f: start FollowerState
2019-07-13 16:36:56,842 INFO  server.RaftServerConfigKeys (ConfUtils.java:logGet(43)) - raft.server.retrycache.expirytime = 600000ms (custom)
2019-07-13 16:36:56,843 INFO  impl.RaftServerImpl (RaftServerImpl.java:start(180)) - 3714f87c-c20b-462c-a483-4e53e291f7de: start group-7D7226622F26
2019-07-13 16:36:56,843 INFO  util.JmxRegister (JmxRegister.java:tryRegister(44)) - Successfully registered JMX Bean with object name Ratis:service=RaftServer,group=group-7D7226622F26,id=36ae1c90-1a2d-489e-92cd-e60a8d4b511f
2019-07-13 16:36:56,843 INFO  impl.RaftServerImpl (RaftServerImpl.java:setRole(171)) - 3714f87c-c20b-462c-a483-4e53e291f7de:group-7D7226622F26 changes role from null to FOLLOWER at term 0 for startAsFollower
2019-07-13 16:36:56,843 INFO  impl.RoleInfo (RoleInfo.java:updateAndGet(143)) - 3714f87c-c20b-462c-a483-4e53e291f7de: start FollowerState
2019-07-13 16:36:56,843 INFO  util.JmxRegister (JmxRegister.java:tryRegister(44)) - Successfully registered JMX Bean with object name Ratis:service=RaftServer,group=group-7D7226622F26,id=3714f87c-c20b-462c-a483-4e53e291f7de
2019-07-13 16:36:56,849 INFO  pipeline.PipelineStateManager (PipelineStateManager.java:addPipeline(56)) - Created pipeline Pipeline[ Id: dfffe400-27f5-48c9-b6fa-7d7226622f26, Nodes: 3714f87c-c20b-462c-a483-4e53e291f7de{ip: 192.168.5.187, host: trunk-nightly-z92hn-1831959607, networkLocation: /default-rack, certSerialId: null}1e98dda5-7541-4657-b55c-d3eb0b5d2574{ip: 192.168.5.187, host: trunk-nightly-z92hn-1831959607, networkLocation: /default-rack, certSerialId: null}36ae1c90-1a2d-489e-92cd-e60a8d4b511f{ip: 192.168.5.187, host: trunk-nightly-z92hn-1831959607, networkLocation: /default-rack, certSerialId: null}, Type:RATIS, Factor:THREE, State:OPEN]
2019-07-13 16:36:56,953 INFO  ozone.MiniOzoneClusterImpl (MiniOzoneClusterImpl.java:lambda$waitForClusterToBeReady$0(142)) - Waiting for cluster to be ready. Got 6 of 7 DN Heartbeats.
2019-07-13 16:36:56,954 INFO  node.SCMNodeManager (SCMNodeManager.java:register(269)) - Registered Data node : 40667cbd-de47-4e73-8501-f4e9e13bd91c{ip: 192.168.5.187, host: trunk-nightly-z92hn-1831959607, networkLocation: /default-rack, certSerialId: null}
2019-07-13 16:36:56,963 INFO  impl.RaftServerProxy (RaftServerProxy.java:addNew(89)) - 40667cbd-de47-4e73-8501-f4e9e13bd91c: addNew group-C56D26DDD311:[40667cbd-de47-4e73-8501-f4e9e13bd91c:192.168.5.187:33904] returns group-C56D26DDD311:java.util.concurrent.CompletableFuture@34feb123[Not completed]
2019-07-13 16:36:56,963 INFO  impl.RaftServerImpl (RaftServerImpl.java:<init>(93)) - 40667cbd-de47-4e73-8501-f4e9e13bd91c: new RaftServerImpl for group-C56D26DDD311:[40667cbd-de47-4e73-8501-f4e9e13bd91c:192.168.5.187:33904] with ContainerStateMachine:uninitialized
2019-07-13 16:36:56,964 INFO  server.RaftServerConfigKeys (ConfUtils.java:logGet(43)) - raft.server.rpc.timeout.min = 5s (custom)
2019-07-13 16:36:56,964 INFO  server.RaftServerConfigKeys (ConfUtils.java:logGet(43)) - raft.server.rpc.timeout.max = 5200ms (custom)
2019-07-13 16:36:56,964 INFO  server.RaftServerConfigKeys (ConfUtils.java:logGet(43)) - raft.server.rpcslowness.timeout = 120s (custom)
2019-07-13 16:36:56,964 INFO  server.RaftServerConfigKeys (ConfUtils.java:logGet(43)) - raft.server.sleep.deviation.threshold = 300 (default)
2019-07-13 16:36:56,964 INFO  server.RaftServerConfigKeys (ConfUtils.java:logGet(43)) - raft.server.log.appender.install.snapshot.enabled = false (custom)
2019-07-13 16:36:56,964 INFO  impl.RaftServerImpl (ServerState.java:<init>(105)) - 40667cbd-de47-4e73-8501-f4e9e13bd91c:group-C56D26DDD311 ConfigurationManager, init=-1: [40667cbd-de47-4e73-8501-f4e9e13bd91c:192.168.5.187:33904], old=null, confs=<EMPTY_MAP>
2019-07-13 16:36:56,964 INFO  server.RaftServerConfigKeys (ConfUtils.java:logGet(43)) - raft.server.storage.dir = [/tmp/workdir/hadoop-ozone/integration-test/target/test-dir/MiniOzoneClusterImpl-ff639893-bec4-4f82-8d2e-9b96d860749a/datanode-6/data/ratis] (custom)
2019-07-13 16:36:56,965 INFO  storage.RaftStorageDirectory (RaftStorageDirectory.java:analyzeStorage(246)) - The storage directory /tmp/workdir/hadoop-ozone/integration-test/target/test-dir/MiniOzoneClusterImpl-ff639893-bec4-4f82-8d2e-9b96d860749a/datanode-6/data/ratis/b1639461-4962-4a53-809c-c56d26ddd311 does not exist. Creating ...
2019-07-13 16:36:56,978 INFO  storage.RaftStorageDirectory (RaftStorageDirectory.java:tryLock(328)) - Lock on /tmp/workdir/hadoop-ozone/integration-test/target/test-dir/MiniOzoneClusterImpl-ff639893-bec4-4f82-8d2e-9b96d860749a/datanode-6/data/ratis/b1639461-4962-4a53-809c-c56d26ddd311/in_use.lock acquired by nodename 30505@trunk-nightly-z92hn-1831959607
2019-07-13 16:36:56,990 INFO  storage.RaftStorage (RaftStorage.java:format(72)) - Storage directory /tmp/workdir/hadoop-ozone/integration-test/target/test-dir/MiniOzoneClusterImpl-ff639893-bec4-4f82-8d2e-9b96d860749a/datanode-6/data/ratis/b1639461-4962-4a53-809c-c56d26ddd311 has been successfully formatted.
2019-07-13 16:36:56,992 INFO  ratis.ContainerStateMachine (ContainerStateMachine.java:loadSnapshot(200)) - The snapshot info is null.Setting the last applied index to:(t:0, i:~)
2019-07-13 16:36:56,992 INFO  server.RaftServerConfigKeys (ConfUtils.java:logGet(43)) - raft.server.leader.election.timeout = 120s (custom)
2019-07-13 16:36:56,992 INFO  server.RaftServerConfigKeys (ConfUtils.java:logGet(43)) - raft.server.log.use.memory = false (default)
2019-07-13 16:36:56,992 INFO  server.RaftServerConfigKeys (ConfUtils.java:logGet(43)) - raft.server.log.purge.gap = 1000000000 (custom)
2019-07-13 16:36:56,992 INFO  server.RaftServerConfigKeys (ConfUtils.java:logGet(43)) - raft.server.log.appender.buffer.byte-limit = 33554432 (custom)
2019-07-13 16:36:56,992 INFO  server.RaftServerConfigKeys (ConfUtils.java:logGet(43)) - raft.server.log.segment.size.max = 1048576 (custom)
2019-07-13 16:36:56,993 INFO  server.RaftServerConfigKeys (ConfUtils.java:logGet(43)) - raft.server.log.segment.cache.num.max = 2 (custom)
2019-07-13 16:36:56,993 INFO  segmented.SegmentedRaftLogWorker (SegmentedRaftLogWorker.java:<init>(172)) - new 40667cbd-de47-4e73-8501-f4e9e13bd91c-SegmentedRaftLogWorker:Storage Directory /tmp/workdir/hadoop-ozone/integration-test/target/test-dir/MiniOzoneClusterImpl-ff639893-bec4-4f82-8d2e-9b96d860749a/datanode-6/data/ratis/b1639461-4962-4a53-809c-c56d26ddd311 for RaftStorage:Storage Directory /tmp/workdir/hadoop-ozone/integration-test/target/test-dir/MiniOzoneClusterImpl-ff639893-bec4-4f82-8d2e-9b96d860749a/datanode-6/data/ratis/b1639461-4962-4a53-809c-c56d26ddd311
2019-07-13 16:36:56,993 INFO  server.RaftServerConfigKeys (ConfUtils.java:logGet(43)) - raft.server.log.queue.byte-limit = 2147483647 (custom)
2019-07-13 16:36:56,993 INFO  server.RaftServerConfigKeys (ConfUtils.java:logGet(43)) - raft.server.log.queue.element-limit = 1024 (custom)
2019-07-13 16:36:56,993 INFO  server.RaftServerConfigKeys (ConfUtils.java:logGet(43)) - raft.server.log.segment.size.max = 1048576 (custom)
2019-07-13 16:36:56,993 INFO  server.RaftServerConfigKeys (ConfUtils.java:logGet(43)) - raft.server.log.preallocated.size = 16384 (custom)
2019-07-13 16:36:56,994 INFO  server.RaftServerConfigKeys (ConfUtils.java:logGet(43)) - raft.server.log.write.buffer.size = 33554432 (custom)
2019-07-13 16:36:56,994 INFO  server.RaftServerConfigKeys (ConfUtils.java:logGet(43)) - raft.server.log.force.sync.num = 128 (default)
2019-07-13 16:36:56,994 INFO  server.RaftServerConfigKeys (ConfUtils.java:logGet(43)) - raft.server.log.statemachine.data.sync = true (default)
2019-07-13 16:36:56,994 INFO  server.RaftServerConfigKeys (ConfUtils.java:logGet(43)) - raft.server.log.statemachine.data.sync.timeout = 10s (default)
2019-07-13 16:36:56,994 INFO  server.RaftServerConfigKeys (ConfUtils.java:logGet(43)) - raft.server.log.statemachine.data.sync.timeout.retry = -1 (default)
2019-07-13 16:36:56,994 INFO  server.RaftServerConfigKeys (ConfUtils.java:logGet(43)) - raft.server.log.statemachine.data.caching.enabled = true (custom)
2019-07-13 16:36:56,995 INFO  segmented.SegmentedRaftLogWorker (SegmentedRaftLogWorker.java:lambda$new$0(132)) - 40667cbd-de47-4e73-8501-f4e9e13bd91c-SegmentedRaftLogWorker:Storage Directory /tmp/workdir/hadoop-ozone/integration-test/target/test-dir/MiniOzoneClusterImpl-ff639893-bec4-4f82-8d2e-9b96d860749a/datanode-6/data/ratis/b1639461-4962-4a53-809c-c56d26ddd311: flushIndex: setUnconditionally 0 -> -1
2019-07-13 16:36:56,995 INFO  server.RaftServerConfigKeys (ConfUtils.java:logGet(43)) - raft.server.snapshot.auto.trigger.enabled = true (custom)
2019-07-13 16:36:56,995 INFO  server.RaftServerConfigKeys (ConfUtils.java:logGet(43)) - raft.server.snapshot.auto.trigger.threshold = 10000 (custom)
2019-07-13 16:36:56,995 INFO  server.RaftServerConfigKeys (ConfUtils.java:logGet(43)) - raft.server.retrycache.expirytime = 600000ms (custom)
2019-07-13 16:36:56,996 INFO  impl.RaftServerImpl (RaftServerImpl.java:start(180)) - 40667cbd-de47-4e73-8501-f4e9e13bd91c: start group-C56D26DDD311
2019-07-13 16:36:56,996 INFO  impl.RaftServerImpl (RaftServerImpl.java:setRole(171)) - 40667cbd-de47-4e73-8501-f4e9e13bd91c:group-C56D26DDD311 changes role from null to FOLLOWER at term 0 for startAsFollower
2019-07-13 16:36:56,996 INFO  impl.RoleInfo (RoleInfo.java:updateAndGet(143)) - 40667cbd-de47-4e73-8501-f4e9e13bd91c: start FollowerState
2019-07-13 16:36:56,996 INFO  util.JmxRegister (JmxRegister.java:tryRegister(44)) - Successfully registered JMX Bean with object name Ratis:service=RaftServer,group=group-C56D26DDD311,id=40667cbd-de47-4e73-8501-f4e9e13bd91c
2019-07-13 16:36:57,001 INFO  pipeline.PipelineStateManager (PipelineStateManager.java:addPipeline(56)) - Created pipeline Pipeline[ Id: b1639461-4962-4a53-809c-c56d26ddd311, Nodes: 40667cbd-de47-4e73-8501-f4e9e13bd91c{ip: 192.168.5.187, host: trunk-nightly-z92hn-1831959607, networkLocation: /default-rack, certSerialId: null}, Type:RATIS, Factor:ONE, State:OPEN]
2019-07-13 16:36:57,954 INFO  ozone.MiniOzoneClusterImpl (MiniOzoneClusterImpl.java:lambda$waitForClusterToBeReady$0(142)) - Cluster is ready. Got 7 of 7 DN Heartbeats.
2019-07-13 16:36:58,019 INFO  rpc.RpcClient (RpcClient.java:createVolume(287)) - Creating Volume: testblockoutputstream, with jenkins1000 as owner.
2019-07-13 16:36:58,037 INFO  rpc.RpcClient (RpcClient.java:createBucket(424)) - Creating Bucket: testblockoutputstream/testblockoutputstream, with Versioning false and Storage Type set to DISK and Encryption set to false 
2019-07-13 16:36:58,069 INFO  client.GrpcClientProtocolClient (GrpcClientProtocolClient.java:onNext(255)) - client-0A4B658FB8ED->4aa21327-2828-4bcf-afee-bc0e28759617: receive RaftClientReply:client-0A4B658FB8ED->4aa21327-2828-4bcf-afee-bc0e28759617@group-C4134929D265, cid=264, FAILED org.apache.ratis.protocol.NotLeaderException: Server 4aa21327-2828-4bcf-afee-bc0e28759617 is not the leader (null). Request must be sent to leader., logIndex=0, commits[4aa21327-2828-4bcf-afee-bc0e28759617:c-1]
2019-07-13 16:36:58,814 INFO  container.ReplicationManager (ReplicationManager.java:start(155)) - Starting Replication Monitor Thread.
2019-07-13 16:36:58,818 INFO  container.ReplicationManager (ReplicationManager.java:run(207)) - Replication Monitor Thread took 0 milliseconds for processing 1 containers.
2019-07-13 16:36:59,084 INFO  client.GrpcClientProtocolClient (GrpcClientProtocolClient.java:onNext(255)) - client-0A4B658FB8ED->385dbeb7-bcfc-4c9d-9cc8-2a0122c6df21: receive RaftClientReply:client-0A4B658FB8ED->385dbeb7-bcfc-4c9d-9cc8-2a0122c6df21@group-C4134929D265, cid=264, FAILED org.apache.ratis.protocol.NotLeaderException: Server 385dbeb7-bcfc-4c9d-9cc8-2a0122c6df21 is not the leader (null). Request must be sent to leader., logIndex=0, commits[385dbeb7-bcfc-4c9d-9cc8-2a0122c6df21:c-1]
2019-07-13 16:37:00,100 INFO  client.GrpcClientProtocolClient (GrpcClientProtocolClient.java:onNext(255)) - client-0A4B658FB8ED->7ba4b158-ac09-4538-907e-38781997cb7b: receive RaftClientReply:client-0A4B658FB8ED->7ba4b158-ac09-4538-907e-38781997cb7b@group-C4134929D265, cid=264, FAILED org.apache.ratis.protocol.NotLeaderException: Server 7ba4b158-ac09-4538-907e-38781997cb7b is not the leader (null). Request must be sent to leader., logIndex=0, commits[7ba4b158-ac09-4538-907e-38781997cb7b:c-1]
2019-07-13 16:37:00,860 INFO  impl.FollowerState (FollowerState.java:run(106)) - 7ba4b158-ac09-4538-907e-38781997cb7b:group-3EADC8ED0018 changes to CANDIDATE, lastRpcTime:5001, electionTimeout:5001ms
2019-07-13 16:37:00,860 INFO  impl.RoleInfo (RoleInfo.java:shutdownFollowerState(121)) - 7ba4b158-ac09-4538-907e-38781997cb7b: shutdown FollowerState
2019-07-13 16:37:00,860 INFO  impl.RaftServerImpl (RaftServerImpl.java:setRole(171)) - 7ba4b158-ac09-4538-907e-38781997cb7b:group-3EADC8ED0018 changes role from FOLLOWER to CANDIDATE at term 0 for changeToCandidate
2019-07-13 16:37:00,860 INFO  impl.RoleInfo (RoleInfo.java:updateAndGet(143)) - 7ba4b158-ac09-4538-907e-38781997cb7b: start LeaderElection
2019-07-13 16:37:00,883 INFO  impl.LeaderElection (LeaderElection.java:askForVotes(181)) - 7ba4b158-ac09-4538-907e-38781997cb7b:group-3EADC8ED0018:LeaderElection86: begin an election at term 1 for -1: [7ba4b158-ac09-4538-907e-38781997cb7b:192.168.5.187:39363], old=null
2019-07-13 16:37:00,883 INFO  impl.RoleInfo (RoleInfo.java:shutdownLeaderElection(134)) - 7ba4b158-ac09-4538-907e-38781997cb7b: shutdown LeaderElection
2019-07-13 16:37:00,883 INFO  impl.RaftServerImpl (RaftServerImpl.java:setRole(171)) - 7ba4b158-ac09-4538-907e-38781997cb7b:group-3EADC8ED0018 changes role from CANDIDATE to LEADER at term 1 for changeToLeader
2019-07-13 16:37:00,883 INFO  impl.RaftServerImpl (ServerState.java:setLeader(263)) - 7ba4b158-ac09-4538-907e-38781997cb7b:group-3EADC8ED0018 change Leader from null to 7ba4b158-ac09-4538-907e-38781997cb7b at term 1 for becomeLeader, leader elected after 5029ms
2019-07-13 16:37:00,883 INFO  server.RaftServerConfigKeys (ConfUtils.java:logGet(43)) - raft.server.staging.catchup.gap = 1000 (default)
2019-07-13 16:37:00,884 INFO  server.RaftServerConfigKeys (ConfUtils.java:logGet(43)) - raft.server.rpc.sleep.time = 25ms (default)
2019-07-13 16:37:00,884 INFO  server.RaftServerConfigKeys (ConfUtils.java:logGet(43)) - raft.server.write.element-limit = 4096 (default)
2019-07-13 16:37:00,884 INFO  server.RaftServerConfigKeys (ConfUtils.java:logGet(43)) - raft.server.watch.timeout = 10s (default)
2019-07-13 16:37:00,884 INFO  server.RaftServerConfigKeys (ConfUtils.java:logGet(43)) - raft.server.watch.timeout.denomination = 1s (default)
2019-07-13 16:37:00,884 INFO  server.RaftServerConfigKeys (ConfUtils.java:logGet(43)) - raft.server.watch.element-limit = 65536 (default)
2019-07-13 16:37:00,885 INFO  impl.RoleInfo (RoleInfo.java:updateAndGet(143)) - 7ba4b158-ac09-4538-907e-38781997cb7b: start LeaderState
2019-07-13 16:37:00,885 INFO  segmented.SegmentedRaftLogWorker (SegmentedRaftLogWorker.java:startLogSegment(380)) - 7ba4b158-ac09-4538-907e-38781997cb7b-SegmentedRaftLogWorker:Storage Directory /tmp/workdir/hadoop-ozone/integration-test/target/test-dir/MiniOzoneClusterImpl-ff639893-bec4-4f82-8d2e-9b96d860749a/datanode-0/data/ratis/8e79dc95-bea0-40ed-b7b4-3eadc8ed0018: Starting segment from index:0
2019-07-13 16:37:00,886 INFO  impl.RaftServerImpl (ServerState.java:setRaftConf(361)) - 7ba4b158-ac09-4538-907e-38781997cb7b:group-3EADC8ED0018 set configuration 0: [7ba4b158-ac09-4538-907e-38781997cb7b:192.168.5.187:39363], old=null at 0
2019-07-13 16:37:00,925 INFO  segmented.SegmentedRaftLogWorker (SegmentedRaftLogWorker.java:execute(569)) - 7ba4b158-ac09-4538-907e-38781997cb7b-SegmentedRaftLogWorker:Storage Directory /tmp/workdir/hadoop-ozone/integration-test/target/test-dir/MiniOzoneClusterImpl-ff639893-bec4-4f82-8d2e-9b96d860749a/datanode-0/data/ratis/8e79dc95-bea0-40ed-b7b4-3eadc8ed0018: created new log segment /tmp/workdir/hadoop-ozone/integration-test/target/test-dir/MiniOzoneClusterImpl-ff639893-bec4-4f82-8d2e-9b96d860749a/datanode-0/data/ratis/8e79dc95-bea0-40ed-b7b4-3eadc8ed0018/current/log_inprogress_0
2019-07-13 16:37:01,112 INFO  client.GrpcClientProtocolClient (GrpcClientProtocolClient.java:onNext(255)) - client-0A4B658FB8ED->385dbeb7-bcfc-4c9d-9cc8-2a0122c6df21: receive RaftClientReply:client-0A4B658FB8ED->385dbeb7-bcfc-4c9d-9cc8-2a0122c6df21@group-C4134929D265, cid=264, FAILED org.apache.ratis.protocol.NotLeaderException: Server 385dbeb7-bcfc-4c9d-9cc8-2a0122c6df21 is not the leader (null). Request must be sent to leader., logIndex=0, commits[385dbeb7-bcfc-4c9d-9cc8-2a0122c6df21:c-1]
2019-07-13 16:37:01,146 INFO  impl.FollowerState (FollowerState.java:run(106)) - 4aa21327-2828-4bcf-afee-bc0e28759617:group-7CFA629C0F79 changes to CANDIDATE, lastRpcTime:5109, electionTimeout:5109ms
2019-07-13 16:37:01,146 INFO  impl.RoleInfo (RoleInfo.java:shutdownFollowerState(121)) - 4aa21327-2828-4bcf-afee-bc0e28759617: shutdown FollowerState
2019-07-13 16:37:01,146 INFO  impl.RaftServerImpl (RaftServerImpl.java:setRole(171)) - 4aa21327-2828-4bcf-afee-bc0e28759617:group-7CFA629C0F79 changes role from FOLLOWER to CANDIDATE at term 0 for changeToCandidate
2019-07-13 16:37:01,146 INFO  impl.RoleInfo (RoleInfo.java:updateAndGet(143)) - 4aa21327-2828-4bcf-afee-bc0e28759617: start LeaderElection
2019-07-13 16:37:01,166 INFO  impl.LeaderElection (LeaderElection.java:askForVotes(181)) - 4aa21327-2828-4bcf-afee-bc0e28759617:group-7CFA629C0F79:LeaderElection87: begin an election at term 1 for -1: [4aa21327-2828-4bcf-afee-bc0e28759617:192.168.5.187:43143], old=null
2019-07-13 16:37:01,166 INFO  impl.RoleInfo (RoleInfo.java:shutdownLeaderElection(134)) - 4aa21327-2828-4bcf-afee-bc0e28759617: shutdown LeaderElection
2019-07-13 16:37:01,166 INFO  impl.RaftServerImpl (RaftServerImpl.java:setRole(171)) - 4aa21327-2828-4bcf-afee-bc0e28759617:group-7CFA629C0F79 changes role from CANDIDATE to LEADER at term 1 for changeToLeader
2019-07-13 16:37:01,167 INFO  impl.RaftServerImpl (ServerState.java:setLeader(263)) - 4aa21327-2828-4bcf-afee-bc0e28759617:group-7CFA629C0F79 change Leader from null to 4aa21327-2828-4bcf-afee-bc0e28759617 at term 1 for becomeLeader, leader elected after 5134ms
2019-07-13 16:37:01,167 INFO  server.RaftServerConfigKeys (ConfUtils.java:logGet(43)) - raft.server.staging.catchup.gap = 1000 (default)
2019-07-13 16:37:01,167 INFO  server.RaftServerConfigKeys (ConfUtils.java:logGet(43)) - raft.server.rpc.sleep.time = 25ms (default)
2019-07-13 16:37:01,167 INFO  server.RaftServerConfigKeys (ConfUtils.java:logGet(43)) - raft.server.write.element-limit = 4096 (default)
2019-07-13 16:37:01,167 INFO  server.RaftServerConfigKeys (ConfUtils.java:logGet(43)) - raft.server.watch.timeout = 10s (default)
2019-07-13 16:37:01,167 INFO  server.RaftServerConfigKeys (ConfUtils.java:logGet(43)) - raft.server.watch.timeout.denomination = 1s (default)
2019-07-13 16:37:01,167 INFO  server.RaftServerConfigKeys (ConfUtils.java:logGet(43)) - raft.server.watch.element-limit = 65536 (default)
2019-07-13 16:37:01,168 INFO  impl.RoleInfo (RoleInfo.java:updateAndGet(143)) - 4aa21327-2828-4bcf-afee-bc0e28759617: start LeaderState
2019-07-13 16:37:01,168 INFO  segmented.SegmentedRaftLogWorker (SegmentedRaftLogWorker.java:startLogSegment(380)) - 4aa21327-2828-4bcf-afee-bc0e28759617-SegmentedRaftLogWorker:Storage Directory /tmp/workdir/hadoop-ozone/integration-test/target/test-dir/MiniOzoneClusterImpl-ff639893-bec4-4f82-8d2e-9b96d860749a/datanode-1/data/ratis/9ad6bd57-5776-46b5-8883-7cfa629c0f79: Starting segment from index:0
2019-07-13 16:37:01,168 INFO  impl.RaftServerImpl (ServerState.java:setRaftConf(361)) - 4aa21327-2828-4bcf-afee-bc0e28759617:group-7CFA629C0F79 set configuration 0: [4aa21327-2828-4bcf-afee-bc0e28759617:192.168.5.187:43143], old=null at 0
2019-07-13 16:37:01,201 INFO  segmented.SegmentedRaftLogWorker (SegmentedRaftLogWorker.java:execute(569)) - 4aa21327-2828-4bcf-afee-bc0e28759617-SegmentedRaftLogWorker:Storage Directory /tmp/workdir/hadoop-ozone/integration-test/target/test-dir/MiniOzoneClusterImpl-ff639893-bec4-4f82-8d2e-9b96d860749a/datanode-1/data/ratis/9ad6bd57-5776-46b5-8883-7cfa629c0f79: created new log segment /tmp/workdir/hadoop-ozone/integration-test/target/test-dir/MiniOzoneClusterImpl-ff639893-bec4-4f82-8d2e-9b96d860749a/datanode-1/data/ratis/9ad6bd57-5776-46b5-8883-7cfa629c0f79/current/log_inprogress_0
2019-07-13 16:37:01,325 INFO  impl.FollowerState (FollowerState.java:run(106)) - 4aa21327-2828-4bcf-afee-bc0e28759617:group-C4134929D265 changes to CANDIDATE, lastRpcTime:5011, electionTimeout:5011ms
2019-07-13 16:37:01,325 INFO  impl.RoleInfo (RoleInfo.java:shutdownFollowerState(121)) - 4aa21327-2828-4bcf-afee-bc0e28759617: shutdown FollowerState
2019-07-13 16:37:01,325 INFO  impl.RaftServerImpl (RaftServerImpl.java:setRole(171)) - 4aa21327-2828-4bcf-afee-bc0e28759617:group-C4134929D265 changes role from FOLLOWER to CANDIDATE at term 0 for changeToCandidate
2019-07-13 16:37:01,325 INFO  impl.RoleInfo (RoleInfo.java:updateAndGet(143)) - 4aa21327-2828-4bcf-afee-bc0e28759617: start LeaderElection
2019-07-13 16:37:01,344 INFO  impl.LeaderElection (LeaderElection.java:askForVotes(181)) - 4aa21327-2828-4bcf-afee-bc0e28759617:group-C4134929D265:LeaderElection88: begin an election at term 1 for -1: [4aa21327-2828-4bcf-afee-bc0e28759617:192.168.5.187:43143, 385dbeb7-bcfc-4c9d-9cc8-2a0122c6df21:192.168.5.187:45629, 7ba4b158-ac09-4538-907e-38781997cb7b:192.168.5.187:39363], old=null
2019-07-13 16:37:01,353 INFO  impl.RaftServerImpl (RaftServerImpl.java:setRole(171)) - 385dbeb7-bcfc-4c9d-9cc8-2a0122c6df21:group-C4134929D265 changes role from FOLLOWER to FOLLOWER at term 1 for recognizeCandidate:4aa21327-2828-4bcf-afee-bc0e28759617
2019-07-13 16:37:01,353 INFO  impl.RaftServerImpl (RaftServerImpl.java:setRole(171)) - 7ba4b158-ac09-4538-907e-38781997cb7b:group-C4134929D265 changes role from FOLLOWER to FOLLOWER at term 1 for recognizeCandidate:4aa21327-2828-4bcf-afee-bc0e28759617
2019-07-13 16:37:01,353 INFO  impl.RoleInfo (RoleInfo.java:shutdownFollowerState(121)) - 7ba4b158-ac09-4538-907e-38781997cb7b: shutdown FollowerState
2019-07-13 16:37:01,353 INFO  impl.FollowerState (FollowerState.java:run(106)) - 385dbeb7-bcfc-4c9d-9cc8-2a0122c6df21:group-C0BF1210B8CB changes to CANDIDATE, lastRpcTime:5118, electionTimeout:5118ms
2019-07-13 16:37:01,353 INFO  impl.RoleInfo (RoleInfo.java:shutdownFollowerState(121)) - 385dbeb7-bcfc-4c9d-9cc8-2a0122c6df21: shutdown FollowerState
2019-07-13 16:37:01,353 INFO  impl.FollowerState (FollowerState.java:run(114)) - 7ba4b158-ac09-4538-907e-38781997cb7b: FollowerState was interrupted: java.lang.InterruptedException: sleep interrupted
2019-07-13 16:37:01,354 INFO  impl.FollowerState (FollowerState.java:run(114)) - 385dbeb7-bcfc-4c9d-9cc8-2a0122c6df21: FollowerState was interrupted: java.lang.InterruptedException: sleep interrupted
2019-07-13 16:37:01,353 INFO  impl.RoleInfo (RoleInfo.java:shutdownFollowerState(121)) - 385dbeb7-bcfc-4c9d-9cc8-2a0122c6df21: shutdown FollowerState
2019-07-13 16:37:01,353 INFO  impl.RoleInfo (RoleInfo.java:updateAndGet(143)) - 7ba4b158-ac09-4538-907e-38781997cb7b: start FollowerState
2019-07-13 16:37:01,359 INFO  impl.RaftServerImpl (RaftServerImpl.java:setRole(171)) - 385dbeb7-bcfc-4c9d-9cc8-2a0122c6df21:group-C0BF1210B8CB changes role from FOLLOWER to CANDIDATE at term 0 for changeToCandidate
2019-07-13 16:37:01,354 INFO  impl.RoleInfo (RoleInfo.java:updateAndGet(143)) - 385dbeb7-bcfc-4c9d-9cc8-2a0122c6df21: start FollowerState
2019-07-13 16:37:01,359 INFO  impl.RoleInfo (RoleInfo.java:updateAndGet(143)) - 385dbeb7-bcfc-4c9d-9cc8-2a0122c6df21: start LeaderElection
2019-07-13 16:37:01,379 INFO  impl.LeaderElection (LeaderElection.java:askForVotes(181)) - 385dbeb7-bcfc-4c9d-9cc8-2a0122c6df21:group-C0BF1210B8CB:LeaderElection89: begin an election at term 1 for -1: [385dbeb7-bcfc-4c9d-9cc8-2a0122c6df21:192.168.5.187:45629], old=null
2019-07-13 16:37:01,379 INFO  impl.RoleInfo (RoleInfo.java:shutdownLeaderElection(134)) - 385dbeb7-bcfc-4c9d-9cc8-2a0122c6df21: shutdown LeaderElection
2019-07-13 16:37:01,380 INFO  impl.RaftServerImpl (RaftServerImpl.java:setRole(171)) - 385dbeb7-bcfc-4c9d-9cc8-2a0122c6df21:group-C0BF1210B8CB changes role from CANDIDATE to LEADER at term 1 for changeToLeader
2019-07-13 16:37:01,380 INFO  impl.RaftServerImpl (ServerState.java:setLeader(263)) - 385dbeb7-bcfc-4c9d-9cc8-2a0122c6df21:group-C0BF1210B8CB change Leader from null to 385dbeb7-bcfc-4c9d-9cc8-2a0122c6df21 at term 1 for becomeLeader, leader elected after 5152ms
2019-07-13 16:37:01,380 INFO  server.RaftServerConfigKeys (ConfUtils.java:logGet(43)) - raft.server.staging.catchup.gap = 1000 (default)
2019-07-13 16:37:01,383 INFO  server.RaftServerConfigKeys (ConfUtils.java:logGet(43)) - raft.server.rpc.sleep.time = 25ms (default)
2019-07-13 16:37:01,383 INFO  impl.LeaderElection (LeaderElection.java:logAndReturn(56)) - 4aa21327-2828-4bcf-afee-bc0e28759617:group-C4134929D265:LeaderElection88: Election PASSED; received 1 response(s) [4aa21327-2828-4bcf-afee-bc0e28759617<-385dbeb7-bcfc-4c9d-9cc8-2a0122c6df21#0:OK-t1] and 0 exception(s); 4aa21327-2828-4bcf-afee-bc0e28759617:t1, leader=null, voted=4aa21327-2828-4bcf-afee-bc0e28759617, raftlog=4aa21327-2828-4bcf-afee-bc0e28759617-SegmentedRaftLog:OPENED:c-1,f-1,i0, conf=-1: [4aa21327-2828-4bcf-afee-bc0e28759617:192.168.5.187:43143, 385dbeb7-bcfc-4c9d-9cc8-2a0122c6df21:192.168.5.187:45629, 7ba4b158-ac09-4538-907e-38781997cb7b:192.168.5.187:39363], old=null
2019-07-13 16:37:01,383 INFO  server.RaftServerConfigKeys (ConfUtils.java:logGet(43)) - raft.server.write.element-limit = 4096 (default)
2019-07-13 16:37:01,383 INFO  impl.RoleInfo (RoleInfo.java:shutdownLeaderElection(134)) - 4aa21327-2828-4bcf-afee-bc0e28759617: shutdown LeaderElection
2019-07-13 16:37:01,383 INFO  server.RaftServerConfigKeys (ConfUtils.java:logGet(43)) - raft.server.watch.timeout = 10s (default)
2019-07-13 16:37:01,383 INFO  impl.RaftServerImpl (RaftServerImpl.java:setRole(171)) - 4aa21327-2828-4bcf-afee-bc0e28759617:group-C4134929D265 changes role from CANDIDATE to LEADER at term 1 for changeToLeader
2019-07-13 16:37:01,384 INFO  server.RaftServerConfigKeys (ConfUtils.java:logGet(43)) - raft.server.watch.timeout.denomination = 1s (default)
2019-07-13 16:37:01,384 INFO  impl.RaftServerImpl (ServerState.java:setLeader(263)) - 4aa21327-2828-4bcf-afee-bc0e28759617:group-C4134929D265 change Leader from null to 4aa21327-2828-4bcf-afee-bc0e28759617 at term 1 for becomeLeader, leader elected after 5077ms
2019-07-13 16:37:01,384 INFO  server.RaftServerConfigKeys (ConfUtils.java:logGet(43)) - raft.server.watch.element-limit = 65536 (default)
2019-07-13 16:37:01,384 INFO  server.RaftServerConfigKeys (ConfUtils.java:logGet(43)) - raft.server.staging.catchup.gap = 1000 (default)
2019-07-13 16:37:01,384 INFO  impl.RoleInfo (RoleInfo.java:updateAndGet(143)) - 385dbeb7-bcfc-4c9d-9cc8-2a0122c6df21: start LeaderState
2019-07-13 16:37:01,384 INFO  server.RaftServerConfigKeys (ConfUtils.java:logGet(43)) - raft.server.rpc.sleep.time = 25ms (default)
2019-07-13 16:37:01,385 INFO  segmented.SegmentedRaftLogWorker (SegmentedRaftLogWorker.java:startLogSegment(380)) - 385dbeb7-bcfc-4c9d-9cc8-2a0122c6df21-SegmentedRaftLogWorker:Storage Directory /tmp/workdir/hadoop-ozone/integration-test/target/test-dir/MiniOzoneClusterImpl-ff639893-bec4-4f82-8d2e-9b96d860749a/datanode-2/data/ratis/e10d0ad5-3cd9-4a0c-858f-c0bf1210b8cb: Starting segment from index:0
2019-07-13 16:37:01,385 INFO  server.RaftServerConfigKeys (ConfUtils.java:logGet(43)) - raft.server.write.element-limit = 4096 (default)
2019-07-13 16:37:01,385 INFO  server.RaftServerConfigKeys (ConfUtils.java:logGet(43)) - raft.server.watch.timeout = 10s (default)
2019-07-13 16:37:01,385 INFO  server.RaftServerConfigKeys (ConfUtils.java:logGet(43)) - raft.server.watch.timeout.denomination = 1s (default)
2019-07-13 16:37:01,385 INFO  impl.RaftServerImpl (ServerState.java:setRaftConf(361)) - 385dbeb7-bcfc-4c9d-9cc8-2a0122c6df21:group-C0BF1210B8CB set configuration 0: [385dbeb7-bcfc-4c9d-9cc8-2a0122c6df21:192.168.5.187:45629], old=null at 0
2019-07-13 16:37:01,385 INFO  server.RaftServerConfigKeys (ConfUtils.java:logGet(43)) - raft.server.watch.element-limit = 65536 (default)
2019-07-13 16:37:01,386 INFO  server.RaftServerConfigKeys (ConfUtils.java:logGet(43)) - raft.server.log.appender.snapshot.chunk.size.max = 16MB (=16777216) (default)
2019-07-13 16:37:01,386 INFO  server.RaftServerConfigKeys (ConfUtils.java:logGet(43)) - raft.server.log.appender.buffer.byte-limit = 33554432 (custom)
2019-07-13 16:37:01,386 INFO  server.RaftServerConfigKeys (ConfUtils.java:logGet(43)) - raft.server.log.appender.buffer.element-limit = 1 (custom)
2019-07-13 16:37:01,386 INFO  grpc.GrpcConfigKeys$Server (ConfUtils.java:logGet(43)) - raft.grpc.server.leader.outstanding.appends.max = 128 (default)
2019-07-13 16:37:01,387 INFO  server.RaftServerConfigKeys (ConfUtils.java:logGet(43)) - raft.server.rpc.request.timeout = 3000ms (default)
2019-07-13 16:37:01,387 INFO  server.RaftServerConfigKeys (ConfUtils.java:logGet(43)) - raft.server.log.appender.install.snapshot.enabled = false (custom)
2019-07-13 16:37:01,387 INFO  server.RaftServerConfigKeys (ConfUtils.java:logGet(43)) - raft.server.log.appender.snapshot.chunk.size.max = 16MB (=16777216) (default)
2019-07-13 16:37:01,387 INFO  server.RaftServerConfigKeys (ConfUtils.java:logGet(43)) - raft.server.log.appender.buffer.byte-limit = 33554432 (custom)
2019-07-13 16:37:01,387 INFO  server.RaftServerConfigKeys (ConfUtils.java:logGet(43)) - raft.server.log.appender.buffer.element-limit = 1 (custom)
2019-07-13 16:37:01,388 INFO  grpc.GrpcConfigKeys$Server (ConfUtils.java:logGet(43)) - raft.grpc.server.leader.outstanding.appends.max = 128 (default)
2019-07-13 16:37:01,388 INFO  server.RaftServerConfigKeys (ConfUtils.java:logGet(43)) - raft.server.rpc.request.timeout = 3000ms (default)
2019-07-13 16:37:01,388 INFO  server.RaftServerConfigKeys (ConfUtils.java:logGet(43)) - raft.server.log.appender.install.snapshot.enabled = false (custom)
2019-07-13 16:37:01,388 INFO  impl.RoleInfo (RoleInfo.java:updateAndGet(143)) - 4aa21327-2828-4bcf-afee-bc0e28759617: start LeaderState
2019-07-13 16:37:01,388 INFO  segmented.SegmentedRaftLogWorker (SegmentedRaftLogWorker.java:startLogSegment(380)) - 4aa21327-2828-4bcf-afee-bc0e28759617-SegmentedRaftLogWorker:Storage Directory /tmp/workdir/hadoop-ozone/integration-test/target/test-dir/MiniOzoneClusterImpl-ff639893-bec4-4f82-8d2e-9b96d860749a/datanode-1/data/ratis/7a067149-c987-4b6a-972d-c4134929d265: Starting segment from index:0
2019-07-13 16:37:01,391 INFO  impl.RaftServerImpl (ServerState.java:setRaftConf(361)) - 4aa21327-2828-4bcf-afee-bc0e28759617:group-C4134929D265 set configuration 0: [4aa21327-2828-4bcf-afee-bc0e28759617:192.168.5.187:43143, 385dbeb7-bcfc-4c9d-9cc8-2a0122c6df21:192.168.5.187:45629, 7ba4b158-ac09-4538-907e-38781997cb7b:192.168.5.187:39363], old=null at 0
2019-07-13 16:37:01,394 INFO  impl.RaftServerImpl (ServerState.java:setLeader(263)) - 385dbeb7-bcfc-4c9d-9cc8-2a0122c6df21:group-C4134929D265 change Leader from null to 4aa21327-2828-4bcf-afee-bc0e28759617 at term 1 for appendEntries, leader elected after 5087ms
2019-07-13 16:37:01,394 INFO  impl.RaftServerImpl (ServerState.java:setLeader(263)) - 7ba4b158-ac09-4538-907e-38781997cb7b:group-C4134929D265 change Leader from null to 4aa21327-2828-4bcf-afee-bc0e28759617 at term 1 for appendEntries, leader elected after 5087ms
2019-07-13 16:37:01,418 INFO  impl.RaftServerImpl (ServerState.java:setRaftConf(361)) - 7ba4b158-ac09-4538-907e-38781997cb7b:group-C4134929D265 set configuration 0: [4aa21327-2828-4bcf-afee-bc0e28759617:192.168.5.187:43143, 385dbeb7-bcfc-4c9d-9cc8-2a0122c6df21:192.168.5.187:45629, 7ba4b158-ac09-4538-907e-38781997cb7b:192.168.5.187:39363], old=null at 0
2019-07-13 16:37:01,418 INFO  impl.RaftServerImpl (ServerState.java:setRaftConf(361)) - 385dbeb7-bcfc-4c9d-9cc8-2a0122c6df21:group-C4134929D265 set configuration 0: [4aa21327-2828-4bcf-afee-bc0e28759617:192.168.5.187:43143, 385dbeb7-bcfc-4c9d-9cc8-2a0122c6df21:192.168.5.187:45629, 7ba4b158-ac09-4538-907e-38781997cb7b:192.168.5.187:39363], old=null at 0
2019-07-13 16:37:01,418 INFO  segmented.SegmentedRaftLogWorker (SegmentedRaftLogWorker.java:startLogSegment(380)) - 7ba4b158-ac09-4538-907e-38781997cb7b-SegmentedRaftLogWorker:Storage Directory /tmp/workdir/hadoop-ozone/integration-test/target/test-dir/MiniOzoneClusterImpl-ff639893-bec4-4f82-8d2e-9b96d860749a/datanode-0/data/ratis/7a067149-c987-4b6a-972d-c4134929d265: Starting segment from index:0
2019-07-13 16:37:01,418 INFO  segmented.SegmentedRaftLogWorker (SegmentedRaftLogWorker.java:startLogSegment(380)) - 385dbeb7-bcfc-4c9d-9cc8-2a0122c6df21-SegmentedRaftLogWorker:Storage Directory /tmp/workdir/hadoop-ozone/integration-test/target/test-dir/MiniOzoneClusterImpl-ff639893-bec4-4f82-8d2e-9b96d860749a/datanode-2/data/ratis/7a067149-c987-4b6a-972d-c4134929d265: Starting segment from index:0
2019-07-13 16:37:01,432 INFO  segmented.SegmentedRaftLogWorker (SegmentedRaftLogWorker.java:execute(569)) - 385dbeb7-bcfc-4c9d-9cc8-2a0122c6df21-SegmentedRaftLogWorker:Storage Directory /tmp/workdir/hadoop-ozone/integration-test/target/test-dir/MiniOzoneClusterImpl-ff639893-bec4-4f82-8d2e-9b96d860749a/datanode-2/data/ratis/e10d0ad5-3cd9-4a0c-858f-c0bf1210b8cb: created new log segment /tmp/workdir/hadoop-ozone/integration-test/target/test-dir/MiniOzoneClusterImpl-ff639893-bec4-4f82-8d2e-9b96d860749a/datanode-2/data/ratis/e10d0ad5-3cd9-4a0c-858f-c0bf1210b8cb/current/log_inprogress_0
2019-07-13 16:37:01,432 INFO  segmented.SegmentedRaftLogWorker (SegmentedRaftLogWorker.java:execute(569)) - 4aa21327-2828-4bcf-afee-bc0e28759617-SegmentedRaftLogWorker:Storage Directory /tmp/workdir/hadoop-ozone/integration-test/target/test-dir/MiniOzoneClusterImpl-ff639893-bec4-4f82-8d2e-9b96d860749a/datanode-1/data/ratis/7a067149-c987-4b6a-972d-c4134929d265: created new log segment /tmp/workdir/hadoop-ozone/integration-test/target/test-dir/MiniOzoneClusterImpl-ff639893-bec4-4f82-8d2e-9b96d860749a/datanode-1/data/ratis/7a067149-c987-4b6a-972d-c4134929d265/current/log_inprogress_0
2019-07-13 16:37:01,443 INFO  segmented.SegmentedRaftLogWorker (SegmentedRaftLogWorker.java:execute(569)) - 385dbeb7-bcfc-4c9d-9cc8-2a0122c6df21-SegmentedRaftLogWorker:Storage Directory /tmp/workdir/hadoop-ozone/integration-test/target/test-dir/MiniOzoneClusterImpl-ff639893-bec4-4f82-8d2e-9b96d860749a/datanode-2/data/ratis/7a067149-c987-4b6a-972d-c4134929d265: created new log segment /tmp/workdir/hadoop-ozone/integration-test/target/test-dir/MiniOzoneClusterImpl-ff639893-bec4-4f82-8d2e-9b96d860749a/datanode-2/data/ratis/7a067149-c987-4b6a-972d-c4134929d265/current/log_inprogress_0
2019-07-13 16:37:01,443 INFO  segmented.SegmentedRaftLogWorker (SegmentedRaftLogWorker.java:execute(569)) - 7ba4b158-ac09-4538-907e-38781997cb7b-SegmentedRaftLogWorker:Storage Directory /tmp/workdir/hadoop-ozone/integration-test/target/test-dir/MiniOzoneClusterImpl-ff639893-bec4-4f82-8d2e-9b96d860749a/datanode-0/data/ratis/7a067149-c987-4b6a-972d-c4134929d265: created new log segment /tmp/workdir/hadoop-ozone/integration-test/target/test-dir/MiniOzoneClusterImpl-ff639893-bec4-4f82-8d2e-9b96d860749a/datanode-0/data/ratis/7a067149-c987-4b6a-972d-c4134929d265/current/log_inprogress_0
2019-07-13 16:37:01,627 INFO  impl.FollowerState (FollowerState.java:run(106)) - 1e98dda5-7541-4657-b55c-d3eb0b5d2574:group-691ED3A45783 changes to CANDIDATE, lastRpcTime:5188, electionTimeout:5188ms
2019-07-13 16:37:01,627 INFO  impl.RoleInfo (RoleInfo.java:shutdownFollowerState(121)) - 1e98dda5-7541-4657-b55c-d3eb0b5d2574: shutdown FollowerState
2019-07-13 16:37:01,627 INFO  impl.RaftServerImpl (RaftServerImpl.java:setRole(171)) - 1e98dda5-7541-4657-b55c-d3eb0b5d2574:group-691ED3A45783 changes role from FOLLOWER to CANDIDATE at term 0 for changeToCandidate
2019-07-13 16:37:01,627 INFO  impl.RoleInfo (RoleInfo.java:updateAndGet(143)) - 1e98dda5-7541-4657-b55c-d3eb0b5d2574: start LeaderElection
2019-07-13 16:37:01,650 INFO  impl.LeaderElection (LeaderElection.java:askForVotes(181)) - 1e98dda5-7541-4657-b55c-d3eb0b5d2574:group-691ED3A45783:LeaderElection90: begin an election at term 1 for -1: [1e98dda5-7541-4657-b55c-d3eb0b5d2574:192.168.5.187:46209], old=null
2019-07-13 16:37:01,650 INFO  impl.RoleInfo (RoleInfo.java:shutdownLeaderElection(134)) - 1e98dda5-7541-4657-b55c-d3eb0b5d2574: shutdown LeaderElection
2019-07-13 16:37:01,650 INFO  impl.RaftServerImpl (RaftServerImpl.java:setRole(171)) - 1e98dda5-7541-4657-b55c-d3eb0b5d2574:group-691ED3A45783 changes role from CANDIDATE to LEADER at term 1 for changeToLeader
2019-07-13 16:37:01,650 INFO  impl.RaftServerImpl (ServerState.java:setLeader(263)) - 1e98dda5-7541-4657-b55c-d3eb0b5d2574:group-691ED3A45783 change Leader from null to 1e98dda5-7541-4657-b55c-d3eb0b5d2574 at term 1 for becomeLeader, leader elected after 5216ms
2019-07-13 16:37:01,650 INFO  server.RaftServerConfigKeys (ConfUtils.java:logGet(43)) - raft.server.staging.catchup.gap = 1000 (default)
2019-07-13 16:37:01,651 INFO  server.RaftServerConfigKeys (ConfUtils.java:logGet(43)) - raft.server.rpc.sleep.time = 25ms (default)
2019-07-13 16:37:01,651 INFO  server.RaftServerConfigKeys (ConfUtils.java:logGet(43)) - raft.server.write.element-limit = 4096 (default)
2019-07-13 16:37:01,651 INFO  server.RaftServerConfigKeys (ConfUtils.java:logGet(43)) - raft.server.watch.timeout = 10s (default)
2019-07-13 16:37:01,651 INFO  server.RaftServerConfigKeys (ConfUtils.java:logGet(43)) - raft.server.watch.timeout.denomination = 1s (default)
2019-07-13 16:37:01,651 INFO  server.RaftServerConfigKeys (ConfUtils.java:logGet(43)) - raft.server.watch.element-limit = 65536 (default)
2019-07-13 16:37:01,651 INFO  impl.RoleInfo (RoleInfo.java:updateAndGet(143)) - 1e98dda5-7541-4657-b55c-d3eb0b5d2574: start LeaderState
2019-07-13 16:37:01,652 INFO  segmented.SegmentedRaftLogWorker (SegmentedRaftLogWorker.java:startLogSegment(380)) - 1e98dda5-7541-4657-b55c-d3eb0b5d2574-SegmentedRaftLogWorker:Storage Directory /tmp/workdir/hadoop-ozone/integration-test/target/test-dir/MiniOzoneClusterImpl-ff639893-bec4-4f82-8d2e-9b96d860749a/datanode-3/data/ratis/736ca4e0-1901-45c0-be4b-691ed3a45783: Starting segment from index:0
2019-07-13 16:37:01,652 INFO  impl.RaftServerImpl (ServerState.java:setRaftConf(361)) - 1e98dda5-7541-4657-b55c-d3eb0b5d2574:group-691ED3A45783 set configuration 0: [1e98dda5-7541-4657-b55c-d3eb0b5d2574:192.168.5.187:46209], old=null at 0
2019-07-13 16:37:01,678 INFO  segmented.SegmentedRaftLogWorker (SegmentedRaftLogWorker.java:execute(569)) - 1e98dda5-7541-4657-b55c-d3eb0b5d2574-SegmentedRaftLogWorker:Storage Directory /tmp/workdir/hadoop-ozone/integration-test/target/test-dir/MiniOzoneClusterImpl-ff639893-bec4-4f82-8d2e-9b96d860749a/datanode-3/data/ratis/736ca4e0-1901-45c0-be4b-691ed3a45783: created new log segment /tmp/workdir/hadoop-ozone/integration-test/target/test-dir/MiniOzoneClusterImpl-ff639893-bec4-4f82-8d2e-9b96d860749a/datanode-3/data/ratis/736ca4e0-1901-45c0-be4b-691ed3a45783/current/log_inprogress_0
2019-07-13 16:37:01,767 INFO  impl.FollowerState (FollowerState.java:run(106)) - 36ae1c90-1a2d-489e-92cd-e60a8d4b511f:group-20F5A04D3790 changes to CANDIDATE, lastRpcTime:5178, electionTimeout:5178ms
2019-07-13 16:37:01,767 INFO  impl.RoleInfo (RoleInfo.java:shutdownFollowerState(121)) - 36ae1c90-1a2d-489e-92cd-e60a8d4b511f: shutdown FollowerState
2019-07-13 16:37:01,767 INFO  impl.RaftServerImpl (RaftServerImpl.java:setRole(171)) - 36ae1c90-1a2d-489e-92cd-e60a8d4b511f:group-20F5A04D3790 changes role from FOLLOWER to CANDIDATE at term 0 for changeToCandidate
2019-07-13 16:37:01,767 INFO  impl.RoleInfo (RoleInfo.java:updateAndGet(143)) - 36ae1c90-1a2d-489e-92cd-e60a8d4b511f: start LeaderElection
2019-07-13 16:37:01,781 INFO  impl.LeaderElection (LeaderElection.java:askForVotes(181)) - 36ae1c90-1a2d-489e-92cd-e60a8d4b511f:group-20F5A04D3790:LeaderElection91: begin an election at term 1 for -1: [36ae1c90-1a2d-489e-92cd-e60a8d4b511f:192.168.5.187:45344], old=null
2019-07-13 16:37:01,781 INFO  impl.RoleInfo (RoleInfo.java:shutdownLeaderElection(134)) - 36ae1c90-1a2d-489e-92cd-e60a8d4b511f: shutdown LeaderElection
2019-07-13 16:37:01,782 INFO  impl.RaftServerImpl (RaftServerImpl.java:setRole(171)) - 36ae1c90-1a2d-489e-92cd-e60a8d4b511f:group-20F5A04D3790 changes role from CANDIDATE to LEADER at term 1 for changeToLeader
2019-07-13 16:37:01,782 INFO  impl.RaftServerImpl (ServerState.java:setLeader(263)) - 36ae1c90-1a2d-489e-92cd-e60a8d4b511f:group-20F5A04D3790 change Leader from null to 36ae1c90-1a2d-489e-92cd-e60a8d4b511f at term 1 for becomeLeader, leader elected after 5197ms
2019-07-13 16:37:01,782 INFO  server.RaftServerConfigKeys (ConfUtils.java:logGet(43)) - raft.server.staging.catchup.gap = 1000 (default)
2019-07-13 16:37:01,782 INFO  server.RaftServerConfigKeys (ConfUtils.java:logGet(43)) - raft.server.rpc.sleep.time = 25ms (default)
2019-07-13 16:37:01,782 INFO  server.RaftServerConfigKeys (ConfUtils.java:logGet(43)) - raft.server.write.element-limit = 4096 (default)
2019-07-13 16:37:01,782 INFO  server.RaftServerConfigKeys (ConfUtils.java:logGet(43)) - raft.server.watch.timeout = 10s (default)
2019-07-13 16:37:01,782 INFO  server.RaftServerConfigKeys (ConfUtils.java:logGet(43)) - raft.server.watch.timeout.denomination = 1s (default)
2019-07-13 16:37:01,783 INFO  server.RaftServerConfigKeys (ConfUtils.java:logGet(43)) - raft.server.watch.element-limit = 65536 (default)
2019-07-13 16:37:01,783 INFO  impl.RoleInfo (RoleInfo.java:updateAndGet(143)) - 36ae1c90-1a2d-489e-92cd-e60a8d4b511f: start LeaderState
2019-07-13 16:37:01,783 INFO  segmented.SegmentedRaftLogWorker (SegmentedRaftLogWorker.java:startLogSegment(380)) - 36ae1c90-1a2d-489e-92cd-e60a8d4b511f-SegmentedRaftLogWorker:Storage Directory /tmp/workdir/hadoop-ozone/integration-test/target/test-dir/MiniOzoneClusterImpl-ff639893-bec4-4f82-8d2e-9b96d860749a/datanode-4/data/ratis/495e2770-d0e3-45a9-9c6b-20f5a04d3790: Starting segment from index:0
2019-07-13 16:37:01,783 INFO  impl.RaftServerImpl (ServerState.java:setRaftConf(361)) - 36ae1c90-1a2d-489e-92cd-e60a8d4b511f:group-20F5A04D3790 set configuration 0: [36ae1c90-1a2d-489e-92cd-e60a8d4b511f:192.168.5.187:45344], old=null at 0
2019-07-13 16:37:01,810 INFO  segmented.SegmentedRaftLogWorker (SegmentedRaftLogWorker.java:execute(569)) - 36ae1c90-1a2d-489e-92cd-e60a8d4b511f-SegmentedRaftLogWorker:Storage Directory /tmp/workdir/hadoop-ozone/integration-test/target/test-dir/MiniOzoneClusterImpl-ff639893-bec4-4f82-8d2e-9b96d860749a/datanode-4/data/ratis/495e2770-d0e3-45a9-9c6b-20f5a04d3790: created new log segment /tmp/workdir/hadoop-ozone/integration-test/target/test-dir/MiniOzoneClusterImpl-ff639893-bec4-4f82-8d2e-9b96d860749a/datanode-4/data/ratis/495e2770-d0e3-45a9-9c6b-20f5a04d3790/current/log_inprogress_0
2019-07-13 16:37:01,857 INFO  impl.FollowerState (FollowerState.java:run(106)) - 36ae1c90-1a2d-489e-92cd-e60a8d4b511f:group-7D7226622F26 changes to CANDIDATE, lastRpcTime:5014, electionTimeout:5014ms
2019-07-13 16:37:01,857 INFO  impl.RoleInfo (RoleInfo.java:shutdownFollowerState(121)) - 36ae1c90-1a2d-489e-92cd-e60a8d4b511f: shutdown FollowerState
2019-07-13 16:37:01,857 INFO  impl.RaftServerImpl (RaftServerImpl.java:setRole(171)) - 36ae1c90-1a2d-489e-92cd-e60a8d4b511f:group-7D7226622F26 changes role from FOLLOWER to CANDIDATE at term 0 for changeToCandidate
2019-07-13 16:37:01,857 INFO  impl.RoleInfo (RoleInfo.java:updateAndGet(143)) - 36ae1c90-1a2d-489e-92cd-e60a8d4b511f: start LeaderElection
2019-07-13 16:37:01,867 INFO  impl.FollowerState (FollowerState.java:run(106)) - 3714f87c-c20b-462c-a483-4e53e291f7de:group-AEB4371A4D0D changes to CANDIDATE, lastRpcTime:5071, electionTimeout:5069ms
2019-07-13 16:37:01,867 INFO  impl.RoleInfo (RoleInfo.java:shutdownFollowerState(121)) - 3714f87c-c20b-462c-a483-4e53e291f7de: shutdown FollowerState
2019-07-13 16:37:01,867 INFO  impl.RaftServerImpl (RaftServerImpl.java:setRole(171)) - 3714f87c-c20b-462c-a483-4e53e291f7de:group-AEB4371A4D0D changes role from FOLLOWER to CANDIDATE at term 0 for changeToCandidate
2019-07-13 16:37:01,867 INFO  impl.RoleInfo (RoleInfo.java:updateAndGet(143)) - 3714f87c-c20b-462c-a483-4e53e291f7de: start LeaderElection
2019-07-13 16:37:01,883 INFO  impl.LeaderElection (LeaderElection.java:askForVotes(181)) - 3714f87c-c20b-462c-a483-4e53e291f7de:group-AEB4371A4D0D:LeaderElection93: begin an election at term 1 for -1: [3714f87c-c20b-462c-a483-4e53e291f7de:192.168.5.187:45707], old=null
2019-07-13 16:37:01,883 INFO  impl.LeaderElection (LeaderElection.java:askForVotes(181)) - 36ae1c90-1a2d-489e-92cd-e60a8d4b511f:group-7D7226622F26:LeaderElection92: begin an election at term 1 for -1: [3714f87c-c20b-462c-a483-4e53e291f7de:192.168.5.187:45707, 36ae1c90-1a2d-489e-92cd-e60a8d4b511f:192.168.5.187:45344, 1e98dda5-7541-4657-b55c-d3eb0b5d2574:192.168.5.187:46209], old=null
2019-07-13 16:37:01,883 INFO  impl.RoleInfo (RoleInfo.java:shutdownLeaderElection(134)) - 3714f87c-c20b-462c-a483-4e53e291f7de: shutdown LeaderElection
2019-07-13 16:37:01,884 INFO  impl.RaftServerImpl (RaftServerImpl.java:setRole(171)) - 3714f87c-c20b-462c-a483-4e53e291f7de:group-AEB4371A4D0D changes role from CANDIDATE to LEADER at term 1 for changeToLeader
2019-07-13 16:37:01,884 INFO  impl.RaftServerImpl (ServerState.java:setLeader(263)) - 3714f87c-c20b-462c-a483-4e53e291f7de:group-AEB4371A4D0D change Leader from null to 3714f87c-c20b-462c-a483-4e53e291f7de at term 1 for becomeLeader, leader elected after 5092ms
2019-07-13 16:37:01,884 INFO  server.RaftServerConfigKeys (ConfUtils.java:logGet(43)) - raft.server.staging.catchup.gap = 1000 (default)
2019-07-13 16:37:01,884 INFO  server.RaftServerConfigKeys (ConfUtils.java:logGet(43)) - raft.server.rpc.sleep.time = 25ms (default)
2019-07-13 16:37:01,884 INFO  server.RaftServerConfigKeys (ConfUtils.java:logGet(43)) - raft.server.write.element-limit = 4096 (default)
2019-07-13 16:37:01,884 INFO  server.RaftServerConfigKeys (ConfUtils.java:logGet(43)) - raft.server.watch.timeout = 10s (default)
2019-07-13 16:37:01,884 INFO  server.RaftServerConfigKeys (ConfUtils.java:logGet(43)) - raft.server.watch.timeout.denomination = 1s (default)
2019-07-13 16:37:01,885 INFO  server.RaftServerConfigKeys (ConfUtils.java:logGet(43)) - raft.server.watch.element-limit = 65536 (default)
2019-07-13 16:37:01,885 INFO  impl.RoleInfo (RoleInfo.java:updateAndGet(143)) - 3714f87c-c20b-462c-a483-4e53e291f7de: start LeaderState
2019-07-13 16:37:01,885 INFO  segmented.SegmentedRaftLogWorker (SegmentedRaftLogWorker.java:startLogSegment(380)) - 3714f87c-c20b-462c-a483-4e53e291f7de-SegmentedRaftLogWorker:Storage Directory /tmp/workdir/hadoop-ozone/integration-test/target/test-dir/MiniOzoneClusterImpl-ff639893-bec4-4f82-8d2e-9b96d860749a/datanode-5/data/ratis/74bf6b96-13ac-4c1b-b277-aeb4371a4d0d: Starting segment from index:0
2019-07-13 16:37:01,888 INFO  impl.RaftServerImpl (ServerState.java:setRaftConf(361)) - 3714f87c-c20b-462c-a483-4e53e291f7de:group-AEB4371A4D0D set configuration 0: [3714f87c-c20b-462c-a483-4e53e291f7de:192.168.5.187:45707], old=null at 0
2019-07-13 16:37:01,914 INFO  impl.RaftServerImpl (RaftServerImpl.java:setRole(171)) - 3714f87c-c20b-462c-a483-4e53e291f7de:group-7D7226622F26 changes role from FOLLOWER to FOLLOWER at term 1 for recognizeCandidate:36ae1c90-1a2d-489e-92cd-e60a8d4b511f
2019-07-13 16:37:01,922 INFO  segmented.SegmentedRaftLogWorker (SegmentedRaftLogWorker.java:execute(569)) - 3714f87c-c20b-462c-a483-4e53e291f7de-SegmentedRaftLogWorker:Storage Directory /tmp/workdir/hadoop-ozone/integration-test/target/test-dir/MiniOzoneClusterImpl-ff639893-bec4-4f82-8d2e-9b96d860749a/datanode-5/data/ratis/74bf6b96-13ac-4c1b-b277-aeb4371a4d0d: created new log segment /tmp/workdir/hadoop-ozone/integration-test/target/test-dir/MiniOzoneClusterImpl-ff639893-bec4-4f82-8d2e-9b96d860749a/datanode-5/data/ratis/74bf6b96-13ac-4c1b-b277-aeb4371a4d0d/current/log_inprogress_0
2019-07-13 16:37:01,918 INFO  impl.FollowerState (FollowerState.java:run(106)) - 1e98dda5-7541-4657-b55c-d3eb0b5d2574:group-7D7226622F26 changes to CANDIDATE, lastRpcTime:5081, electionTimeout:5073ms
2019-07-13 16:37:01,926 INFO  impl.RoleInfo (RoleInfo.java:shutdownFollowerState(121)) - 1e98dda5-7541-4657-b55c-d3eb0b5d2574: shutdown FollowerState
2019-07-13 16:37:01,922 INFO  impl.RoleInfo (RoleInfo.java:shutdownFollowerState(121)) - 3714f87c-c20b-462c-a483-4e53e291f7de: shutdown FollowerState
2019-07-13 16:37:01,926 INFO  impl.RaftServerImpl (RaftServerImpl.java:setRole(171)) - 1e98dda5-7541-4657-b55c-d3eb0b5d2574:group-7D7226622F26 changes role from FOLLOWER to CANDIDATE at term 0 for changeToCandidate
2019-07-13 16:37:01,926 INFO  impl.RoleInfo (RoleInfo.java:updateAndGet(143)) - 3714f87c-c20b-462c-a483-4e53e291f7de: start FollowerState
2019-07-13 16:37:01,927 INFO  impl.RoleInfo (RoleInfo.java:updateAndGet(143)) - 1e98dda5-7541-4657-b55c-d3eb0b5d2574: start LeaderElection
2019-07-13 16:37:01,931 INFO  impl.RaftServerImpl (RaftServerImpl.java:setRole(171)) - 1e98dda5-7541-4657-b55c-d3eb0b5d2574:group-7D7226622F26 changes role from CANDIDATE to FOLLOWER at term 1 for recognizeCandidate:36ae1c90-1a2d-489e-92cd-e60a8d4b511f
2019-07-13 16:37:01,931 INFO  impl.RoleInfo (RoleInfo.java:shutdownLeaderElection(134)) - 1e98dda5-7541-4657-b55c-d3eb0b5d2574: shutdown LeaderElection
2019-07-13 16:37:01,931 INFO  impl.RoleInfo (RoleInfo.java:updateAndGet(143)) - 1e98dda5-7541-4657-b55c-d3eb0b5d2574: start FollowerState
2019-07-13 16:37:01,945 INFO  impl.LeaderElection (LeaderElection.java:logAndReturn(56)) - 36ae1c90-1a2d-489e-92cd-e60a8d4b511f:group-7D7226622F26:LeaderElection92: Election PASSED; received 2 response(s) [36ae1c90-1a2d-489e-92cd-e60a8d4b511f<-3714f87c-c20b-462c-a483-4e53e291f7de#0:OK-t1, 36ae1c90-1a2d-489e-92cd-e60a8d4b511f<-1e98dda5-7541-4657-b55c-d3eb0b5d2574#0:FAIL-t1] and 0 exception(s); 36ae1c90-1a2d-489e-92cd-e60a8d4b511f:t1, leader=null, voted=36ae1c90-1a2d-489e-92cd-e60a8d4b511f, raftlog=36ae1c90-1a2d-489e-92cd-e60a8d4b511f-SegmentedRaftLog:OPENED:c-1,f-1,i0, conf=-1: [3714f87c-c20b-462c-a483-4e53e291f7de:192.168.5.187:45707, 36ae1c90-1a2d-489e-92cd-e60a8d4b511f:192.168.5.187:45344, 1e98dda5-7541-4657-b55c-d3eb0b5d2574:192.168.5.187:46209], old=null
2019-07-13 16:37:01,945 INFO  impl.RoleInfo (RoleInfo.java:shutdownLeaderElection(134)) - 36ae1c90-1a2d-489e-92cd-e60a8d4b511f: shutdown LeaderElection
2019-07-13 16:37:01,945 INFO  impl.RaftServerImpl (RaftServerImpl.java:setRole(171)) - 36ae1c90-1a2d-489e-92cd-e60a8d4b511f:group-7D7226622F26 changes role from CANDIDATE to LEADER at term 1 for changeToLeader
2019-07-13 16:37:01,946 INFO  impl.RaftServerImpl (ServerState.java:setLeader(263)) - 36ae1c90-1a2d-489e-92cd-e60a8d4b511f:group-7D7226622F26 change Leader from null to 36ae1c90-1a2d-489e-92cd-e60a8d4b511f at term 1 for becomeLeader, leader elected after 5116ms
2019-07-13 16:37:01,946 INFO  server.RaftServerConfigKeys (ConfUtils.java:logGet(43)) - raft.server.staging.catchup.gap = 1000 (default)
2019-07-13 16:37:01,946 INFO  server.RaftServerConfigKeys (ConfUtils.java:logGet(43)) - raft.server.rpc.sleep.time = 25ms (default)
2019-07-13 16:37:01,946 INFO  server.RaftServerConfigKeys (ConfUtils.java:logGet(43)) - raft.server.write.element-limit = 4096 (default)
2019-07-13 16:37:01,946 INFO  server.RaftServerConfigKeys (ConfUtils.java:logGet(43)) - raft.server.watch.timeout = 10s (default)
2019-07-13 16:37:01,946 INFO  server.RaftServerConfigKeys (ConfUtils.java:logGet(43)) - raft.server.watch.timeout.denomination = 1s (default)
2019-07-13 16:37:01,947 INFO  server.RaftServerConfigKeys (ConfUtils.java:logGet(43)) - raft.server.watch.element-limit = 65536 (default)
2019-07-13 16:37:01,947 INFO  server.RaftServerConfigKeys (ConfUtils.java:logGet(43)) - raft.server.log.appender.snapshot.chunk.size.max = 16MB (=16777216) (default)
2019-07-13 16:37:01,947 INFO  server.RaftServerConfigKeys (ConfUtils.java:logGet(43)) - raft.server.log.appender.buffer.byte-limit = 33554432 (custom)
2019-07-13 16:37:01,947 INFO  server.RaftServerConfigKeys (ConfUtils.java:logGet(43)) - raft.server.log.appender.buffer.element-limit = 1 (custom)
2019-07-13 16:37:01,948 INFO  grpc.GrpcConfigKeys$Server (ConfUtils.java:logGet(43)) - raft.grpc.server.leader.outstanding.appends.max = 128 (default)
2019-07-13 16:37:01,948 INFO  server.RaftServerConfigKeys (ConfUtils.java:logGet(43)) - raft.server.rpc.request.timeout = 3000ms (default)
2019-07-13 16:37:01,948 INFO  server.RaftServerConfigKeys (ConfUtils.java:logGet(43)) - raft.server.log.appender.install.snapshot.enabled = false (custom)
2019-07-13 16:37:01,948 INFO  server.RaftServerConfigKeys (ConfUtils.java:logGet(43)) - raft.server.log.appender.snapshot.chunk.size.max = 16MB (=16777216) (default)
2019-07-13 16:37:01,948 INFO  server.RaftServerConfigKeys (ConfUtils.java:logGet(43)) - raft.server.log.appender.buffer.byte-limit = 33554432 (custom)
2019-07-13 16:37:01,949 INFO  server.RaftServerConfigKeys (ConfUtils.java:logGet(43)) - raft.server.log.appender.buffer.element-limit = 1 (custom)
2019-07-13 16:37:01,949 INFO  grpc.GrpcConfigKeys$Server (ConfUtils.java:logGet(43)) - raft.grpc.server.leader.outstanding.appends.max = 128 (default)
2019-07-13 16:37:01,949 INFO  server.RaftServerConfigKeys (ConfUtils.java:logGet(43)) - raft.server.rpc.request.timeout = 3000ms (default)
2019-07-13 16:37:01,949 INFO  server.RaftServerConfigKeys (ConfUtils.java:logGet(43)) - raft.server.log.appender.install.snapshot.enabled = false (custom)
2019-07-13 16:37:01,949 INFO  impl.RoleInfo (RoleInfo.java:updateAndGet(143)) - 36ae1c90-1a2d-489e-92cd-e60a8d4b511f: start LeaderState
2019-07-13 16:37:01,950 INFO  segmented.SegmentedRaftLogWorker (SegmentedRaftLogWorker.java:startLogSegment(380)) - 36ae1c90-1a2d-489e-92cd-e60a8d4b511f-SegmentedRaftLogWorker:Storage Directory /tmp/workdir/hadoop-ozone/integration-test/target/test-dir/MiniOzoneClusterImpl-ff639893-bec4-4f82-8d2e-9b96d860749a/datanode-4/data/ratis/dfffe400-27f5-48c9-b6fa-7d7226622f26: Starting segment from index:0
2019-07-13 16:37:01,951 INFO  impl.RaftServerImpl (ServerState.java:setRaftConf(361)) - 36ae1c90-1a2d-489e-92cd-e60a8d4b511f:group-7D7226622F26 set configuration 0: [3714f87c-c20b-462c-a483-4e53e291f7de:192.168.5.187:45707, 36ae1c90-1a2d-489e-92cd-e60a8d4b511f:192.168.5.187:45344, 1e98dda5-7541-4657-b55c-d3eb0b5d2574:192.168.5.187:46209], old=null at 0
2019-07-13 16:37:01,951 INFO  impl.RaftServerImpl (ServerState.java:setLeader(263)) - 3714f87c-c20b-462c-a483-4e53e291f7de:group-7D7226622F26 change Leader from null to 36ae1c90-1a2d-489e-92cd-e60a8d4b511f at term 1 for appendEntries, leader elected after 5122ms
2019-07-13 16:37:01,987 INFO  impl.LeaderElection (LeaderElection.java:askForVotes(181)) - 1e98dda5-7541-4657-b55c-d3eb0b5d2574:group-7D7226622F26:LeaderElection94: begin an election at term 2 for -1: [3714f87c-c20b-462c-a483-4e53e291f7de:192.168.5.187:45707, 36ae1c90-1a2d-489e-92cd-e60a8d4b511f:192.168.5.187:45344, 1e98dda5-7541-4657-b55c-d3eb0b5d2574:192.168.5.187:46209], old=null
2019-07-13 16:37:01,988 INFO  impl.RaftServerImpl (ServerState.java:setLeader(263)) - 36ae1c90-1a2d-489e-92cd-e60a8d4b511f:group-7D7226622F26 change Leader from 36ae1c90-1a2d-489e-92cd-e60a8d4b511f to null at term 2 for updateCurrentTerm
2019-07-13 16:37:01,989 INFO  impl.RaftServerImpl (RaftServerImpl.java:setRole(171)) - 36ae1c90-1a2d-489e-92cd-e60a8d4b511f:group-7D7226622F26 changes role from LEADER to FOLLOWER at term 2 for stepDown
2019-07-13 16:37:01,988 INFO  impl.LeaderElection (LeaderElection.java:logAndReturn(56)) - 1e98dda5-7541-4657-b55c-d3eb0b5d2574:group-7D7226622F26:LeaderElection94: Election REJECTED; received 0 response(s) [] and 0 exception(s); 1e98dda5-7541-4657-b55c-d3eb0b5d2574:t2, leader=null, voted=1e98dda5-7541-4657-b55c-d3eb0b5d2574, raftlog=1e98dda5-7541-4657-b55c-d3eb0b5d2574-SegmentedRaftLog:OPENED:c-1,f-1,i0, conf=-1: [3714f87c-c20b-462c-a483-4e53e291f7de:192.168.5.187:45707, 36ae1c90-1a2d-489e-92cd-e60a8d4b511f:192.168.5.187:45344, 1e98dda5-7541-4657-b55c-d3eb0b5d2574:192.168.5.187:46209], old=null
2019-07-13 16:37:01,989 INFO  impl.RoleInfo (RoleInfo.java:shutdownLeaderState(104)) - 36ae1c90-1a2d-489e-92cd-e60a8d4b511f: shutdown LeaderState
2019-07-13 16:37:01,996 INFO  impl.PendingRequests (PendingRequests.java:sendNotLeaderResponses(202)) - 36ae1c90-1a2d-489e-92cd-e60a8d4b511f-PendingRequests: sendNotLeaderResponses
2019-07-13 16:37:01,996 WARN  server.GrpcLogAppender (GrpcLogAppender.java:mayWait(143)) - GrpcLogAppender(36ae1c90-1a2d-489e-92cd-e60a8d4b511f->3714f87c-c20b-462c-a483-4e53e291f7de): Wait interrupted by java.lang.InterruptedException
2019-07-13 16:37:01,996 WARN  server.GrpcLogAppender (GrpcLogAppender.java:mayWait(143)) - GrpcLogAppender(36ae1c90-1a2d-489e-92cd-e60a8d4b511f->1e98dda5-7541-4657-b55c-d3eb0b5d2574): Wait interrupted by java.lang.InterruptedException
2019-07-13 16:37:01,996 INFO  impl.RaftServerImpl (ServerState.java:setRaftConf(361)) - 3714f87c-c20b-462c-a483-4e53e291f7de:group-7D7226622F26 set configuration 0: [3714f87c-c20b-462c-a483-4e53e291f7de:192.168.5.187:45707, 36ae1c90-1a2d-489e-92cd-e60a8d4b511f:192.168.5.187:45344, 1e98dda5-7541-4657-b55c-d3eb0b5d2574:192.168.5.187:46209], old=null at 0
2019-07-13 16:37:01,996 INFO  impl.RoleInfo (RoleInfo.java:updateAndGet(143)) - 36ae1c90-1a2d-489e-92cd-e60a8d4b511f: start FollowerState
2019-07-13 16:37:01,997 INFO  segmented.SegmentedRaftLogWorker (SegmentedRaftLogWorker.java:startLogSegment(380)) - 3714f87c-c20b-462c-a483-4e53e291f7de-SegmentedRaftLogWorker:Storage Directory /tmp/workdir/hadoop-ozone/integration-test/target/test-dir/MiniOzoneClusterImpl-ff639893-bec4-4f82-8d2e-9b96d860749a/datanode-5/data/ratis/dfffe400-27f5-48c9-b6fa-7d7226622f26: Starting segment from index:0
2019-07-13 16:37:01,997 INFO  server.GrpcServerProtocolService (GrpcServerProtocolService.java:onCompleted(104)) - 1e98dda5-7541-4657-b55c-d3eb0b5d2574: appendEntries completed
2019-07-13 16:37:01,997 INFO  server.GrpcServerProtocolService (GrpcServerProtocolService.java:onCompleted(104)) - 3714f87c-c20b-462c-a483-4e53e291f7de: appendEntries completed
2019-07-13 16:37:02,005 INFO  segmented.SegmentedRaftLogWorker (SegmentedRaftLogWorker.java:execute(569)) - 36ae1c90-1a2d-489e-92cd-e60a8d4b511f-SegmentedRaftLogWorker:Storage Directory /tmp/workdir/hadoop-ozone/integration-test/target/test-dir/MiniOzoneClusterImpl-ff639893-bec4-4f82-8d2e-9b96d860749a/datanode-4/data/ratis/dfffe400-27f5-48c9-b6fa-7d7226622f26: created new log segment /tmp/workdir/hadoop-ozone/integration-test/target/test-dir/MiniOzoneClusterImpl-ff639893-bec4-4f82-8d2e-9b96d860749a/datanode-4/data/ratis/dfffe400-27f5-48c9-b6fa-7d7226622f26/current/log_inprogress_0
2019-07-13 16:37:02,005 INFO  server.GrpcLogAppender (GrpcLogAppender.java:onCompleted(292)) - 36ae1c90-1a2d-489e-92cd-e60a8d4b511f->1e98dda5-7541-4657-b55c-d3eb0b5d2574: follower responses appendEntries COMPLETED
2019-07-13 16:37:02,005 INFO  server.GrpcLogAppender (GrpcLogAppender.java:onCompleted(292)) - 36ae1c90-1a2d-489e-92cd-e60a8d4b511f->3714f87c-c20b-462c-a483-4e53e291f7de: follower responses appendEntries COMPLETED
2019-07-13 16:37:02,005 INFO  impl.FollowerInfo (FollowerInfo.java:lambda$new$0(50)) - 36ae1c90-1a2d-489e-92cd-e60a8d4b511f->1e98dda5-7541-4657-b55c-d3eb0b5d2574: nextIndex: updateUnconditionally 0 -> 0
2019-07-13 16:37:02,024 INFO  impl.RaftServerImpl (RaftServerImpl.java:setRole(171)) - 36ae1c90-1a2d-489e-92cd-e60a8d4b511f:group-7D7226622F26 changes role from FOLLOWER to FOLLOWER at term 2 for recognizeCandidate:1e98dda5-7541-4657-b55c-d3eb0b5d2574
2019-07-13 16:37:02,030 INFO  impl.RoleInfo (RoleInfo.java:shutdownFollowerState(121)) - 36ae1c90-1a2d-489e-92cd-e60a8d4b511f: shutdown FollowerState
2019-07-13 16:37:02,030 INFO  impl.RoleInfo (RoleInfo.java:updateAndGet(143)) - 36ae1c90-1a2d-489e-92cd-e60a8d4b511f: start FollowerState
2019-07-13 16:37:02,006 INFO  impl.FollowerInfo (FollowerInfo.java:lambda$new$0(50)) - 36ae1c90-1a2d-489e-92cd-e60a8d4b511f->3714f87c-c20b-462c-a483-4e53e291f7de: nextIndex: updateUnconditionally 1 -> 0
2019-07-13 16:37:02,030 INFO  impl.FollowerState (FollowerState.java:run(114)) - 36ae1c90-1a2d-489e-92cd-e60a8d4b511f: FollowerState was interrupted: java.lang.InterruptedException: sleep interrupted
2019-07-13 16:37:02,030 INFO  impl.RaftServerImpl (ServerState.java:setLeader(263)) - 3714f87c-c20b-462c-a483-4e53e291f7de:group-7D7226622F26 change Leader from 36ae1c90-1a2d-489e-92cd-e60a8d4b511f to null at term 2 for updateCurrentTerm
2019-07-13 16:37:02,033 INFO  impl.RaftServerImpl (RaftServerImpl.java:setRole(171)) - 3714f87c-c20b-462c-a483-4e53e291f7de:group-7D7226622F26 changes role from FOLLOWER to FOLLOWER at term 2 for recognizeCandidate:1e98dda5-7541-4657-b55c-d3eb0b5d2574
2019-07-13 16:37:02,037 INFO  segmented.SegmentedRaftLogWorker (SegmentedRaftLogWorker.java:execute(569)) - 3714f87c-c20b-462c-a483-4e53e291f7de-SegmentedRaftLogWorker:Storage Directory /tmp/workdir/hadoop-ozone/integration-test/target/test-dir/MiniOzoneClusterImpl-ff639893-bec4-4f82-8d2e-9b96d860749a/datanode-5/data/ratis/dfffe400-27f5-48c9-b6fa-7d7226622f26: created new log segment /tmp/workdir/hadoop-ozone/integration-test/target/test-dir/MiniOzoneClusterImpl-ff639893-bec4-4f82-8d2e-9b96d860749a/datanode-5/data/ratis/dfffe400-27f5-48c9-b6fa-7d7226622f26/current/log_inprogress_0
2019-07-13 16:37:02,037 INFO  impl.RoleInfo (RoleInfo.java:shutdownFollowerState(121)) - 3714f87c-c20b-462c-a483-4e53e291f7de: shutdown FollowerState
2019-07-13 16:37:02,037 INFO  impl.RoleInfo (RoleInfo.java:updateAndGet(143)) - 3714f87c-c20b-462c-a483-4e53e291f7de: start FollowerState
2019-07-13 16:37:02,037 INFO  impl.FollowerState (FollowerState.java:run(114)) - 3714f87c-c20b-462c-a483-4e53e291f7de: FollowerState was interrupted: java.lang.InterruptedException: sleep interrupted
2019-07-13 16:37:02,122 INFO  client.GrpcClientProtocolClient (GrpcClientProtocolClient.java:onNext(255)) - client-0A4B658FB8ED->7ba4b158-ac09-4538-907e-38781997cb7b: receive RaftClientReply:client-0A4B658FB8ED->7ba4b158-ac09-4538-907e-38781997cb7b@group-C4134929D265, cid=264, FAILED org.apache.ratis.protocol.NotLeaderException: Server 7ba4b158-ac09-4538-907e-38781997cb7b is not the leader (4aa21327-2828-4bcf-afee-bc0e28759617:192.168.5.187:43143). Request must be sent to leader., logIndex=0, commits[7ba4b158-ac09-4538-907e-38781997cb7b:c-1, 4aa21327-2828-4bcf-afee-bc0e28759617:c-1, 385dbeb7-bcfc-4c9d-9cc8-2a0122c6df21:c-1]
2019-07-13 16:37:02,191 INFO  impl.FollowerState (FollowerState.java:run(106)) - 40667cbd-de47-4e73-8501-f4e9e13bd91c:group-C56D26DDD311 changes to CANDIDATE, lastRpcTime:5195, electionTimeout:5195ms
2019-07-13 16:37:02,192 INFO  impl.RoleInfo (RoleInfo.java:shutdownFollowerState(121)) - 40667cbd-de47-4e73-8501-f4e9e13bd91c: shutdown FollowerState
2019-07-13 16:37:02,192 INFO  impl.RaftServerImpl (RaftServerImpl.java:setRole(171)) - 40667cbd-de47-4e73-8501-f4e9e13bd91c:group-C56D26DDD311 changes role from FOLLOWER to CANDIDATE at term 0 for changeToCandidate
2019-07-13 16:37:02,192 INFO  impl.RoleInfo (RoleInfo.java:updateAndGet(143)) - 40667cbd-de47-4e73-8501-f4e9e13bd91c: start LeaderElection
2019-07-13 16:37:02,212 INFO  impl.LeaderElection (LeaderElection.java:askForVotes(181)) - 40667cbd-de47-4e73-8501-f4e9e13bd91c:group-C56D26DDD311:LeaderElection95: begin an election at term 1 for -1: [40667cbd-de47-4e73-8501-f4e9e13bd91c:192.168.5.187:33904], old=null
2019-07-13 16:37:02,212 INFO  impl.RoleInfo (RoleInfo.java:shutdownLeaderElection(134)) - 40667cbd-de47-4e73-8501-f4e9e13bd91c: shutdown LeaderElection
2019-07-13 16:37:02,212 INFO  impl.RaftServerImpl (RaftServerImpl.java:setRole(171)) - 40667cbd-de47-4e73-8501-f4e9e13bd91c:group-C56D26DDD311 changes role from CANDIDATE to LEADER at term 1 for changeToLeader
2019-07-13 16:37:02,212 INFO  impl.RaftServerImpl (ServerState.java:setLeader(263)) - 40667cbd-de47-4e73-8501-f4e9e13bd91c:group-C56D26DDD311 change Leader from null to 40667cbd-de47-4e73-8501-f4e9e13bd91c at term 1 for becomeLeader, leader elected after 5220ms
2019-07-13 16:37:02,212 INFO  server.RaftServerConfigKeys (ConfUtils.java:logGet(43)) - raft.server.staging.catchup.gap = 1000 (default)
2019-07-13 16:37:02,212 INFO  server.RaftServerConfigKeys (ConfUtils.java:logGet(43)) - raft.server.rpc.sleep.time = 25ms (default)
2019-07-13 16:37:02,213 INFO  server.RaftServerConfigKeys (ConfUtils.java:logGet(43)) - raft.server.write.element-limit = 4096 (default)
2019-07-13 16:37:02,213 INFO  server.RaftServerConfigKeys (ConfUtils.java:logGet(43)) - raft.server.watch.timeout = 10s (default)
2019-07-13 16:37:02,213 INFO  server.RaftServerConfigKeys (ConfUtils.java:logGet(43)) - raft.server.watch.timeout.denomination = 1s (default)
2019-07-13 16:37:02,213 INFO  server.RaftServerConfigKeys (ConfUtils.java:logGet(43)) - raft.server.watch.element-limit = 65536 (default)
2019-07-13 16:37:02,213 INFO  impl.RoleInfo (RoleInfo.java:updateAndGet(143)) - 40667cbd-de47-4e73-8501-f4e9e13bd91c: start LeaderState
2019-07-13 16:37:02,213 INFO  segmented.SegmentedRaftLogWorker (SegmentedRaftLogWorker.java:startLogSegment(380)) - 40667cbd-de47-4e73-8501-f4e9e13bd91c-SegmentedRaftLogWorker:Storage Directory /tmp/workdir/hadoop-ozone/integration-test/target/test-dir/MiniOzoneClusterImpl-ff639893-bec4-4f82-8d2e-9b96d860749a/datanode-6/data/ratis/b1639461-4962-4a53-809c-c56d26ddd311: Starting segment from index:0
2019-07-13 16:37:02,214 INFO  impl.RaftServerImpl (ServerState.java:setRaftConf(361)) - 40667cbd-de47-4e73-8501-f4e9e13bd91c:group-C56D26DDD311 set configuration 0: [40667cbd-de47-4e73-8501-f4e9e13bd91c:192.168.5.187:33904], old=null at 0
2019-07-13 16:37:02,234 INFO  client.GrpcClientProtocolClient (GrpcClientProtocolClient.java:onNext(255)) - client-0A4B658FB8ED->4aa21327-2828-4bcf-afee-bc0e28759617: receive RaftClientReply:client-0A4B658FB8ED->4aa21327-2828-4bcf-afee-bc0e28759617@group-C4134929D265, cid=264, SUCCESS, logIndex=1, commits[4aa21327-2828-4bcf-afee-bc0e28759617:c1, 385dbeb7-bcfc-4c9d-9cc8-2a0122c6df21:c0, 7ba4b158-ac09-4538-907e-38781997cb7b:c0]
2019-07-13 16:37:02,235 INFO  segmented.SegmentedRaftLogWorker (SegmentedRaftLogWorker.java:execute(569)) - 40667cbd-de47-4e73-8501-f4e9e13bd91c-SegmentedRaftLogWorker:Storage Directory /tmp/workdir/hadoop-ozone/integration-test/target/test-dir/MiniOzoneClusterImpl-ff639893-bec4-4f82-8d2e-9b96d860749a/datanode-6/data/ratis/b1639461-4962-4a53-809c-c56d26ddd311: created new log segment /tmp/workdir/hadoop-ozone/integration-test/target/test-dir/MiniOzoneClusterImpl-ff639893-bec4-4f82-8d2e-9b96d860749a/datanode-6/data/ratis/b1639461-4962-4a53-809c-c56d26ddd311/current/log_inprogress_0
2019-07-13 16:37:02,247 INFO  client.GrpcClientProtocolClient (GrpcClientProtocolClient.java:onNext(255)) - client-0A4B658FB8ED->4aa21327-2828-4bcf-afee-bc0e28759617: receive RaftClientReply:client-0A4B658FB8ED->4aa21327-2828-4bcf-afee-bc0e28759617@group-C4134929D265, cid=265, SUCCESS, logIndex=3, commits[4aa21327-2828-4bcf-afee-bc0e28759617:c4, 385dbeb7-bcfc-4c9d-9cc8-2a0122c6df21:c2, 7ba4b158-ac09-4538-907e-38781997cb7b:c2]
2019-07-13 16:37:02,284 INFO  client.GrpcClientProtocolClient (GrpcClientProtocolClient.java:onNext(255)) - client-0A4B658FB8ED->4aa21327-2828-4bcf-afee-bc0e28759617: receive RaftClientReply:client-0A4B658FB8ED->4aa21327-2828-4bcf-afee-bc0e28759617@group-C4134929D265, cid=266, SUCCESS, logIndex=4, commits[4aa21327-2828-4bcf-afee-bc0e28759617:c6, 385dbeb7-bcfc-4c9d-9cc8-2a0122c6df21:c4, 7ba4b158-ac09-4538-907e-38781997cb7b:c4]
2019-07-13 16:37:02,285 INFO  container.CloseContainerEventHandler (CloseContainerEventHandler.java:onMessage(61)) - Close container Event triggered for container : #1
2019-07-13 16:37:02,285 INFO  container.CloseContainerEventHandler (CloseContainerEventHandler.java:onMessage(61)) - Close container Event triggered for container : #1
2019-07-13 16:37:02,285 INFO  container.CloseContainerEventHandler (CloseContainerEventHandler.java:onMessage(61)) - Close container Event triggered for container : #1
2019-07-13 16:37:04,278 INFO  interfaces.Container (KeyValueContainer.java:compactDB(356)) - Container 1 is closed with bcsId 4.
2019-07-13 16:37:04,287 INFO  interfaces.Container (KeyValueContainer.java:compactDB(356)) - Container 1 is closed with bcsId 4.
16:37:04.289 [grpc-default-executor-5] ERROR DNAudit - user=null | ip=null | op=WRITE_CHUNK {blockData=conID: 1 locID: 102435115371855894 bcsId: 4} | ret=FAILURE
org.apache.hadoop.hdds.scm.container.common.helpers.ContainerNotOpenException: Container 1 in CLOSED state
	at org.apache.hadoop.ozone.container.common.impl.HddsDispatcher.validateContainerCommand(HddsDispatcher.java:408) ~[hadoop-hdds-container-service-0.5.0-SNAPSHOT.jar:?]
	at org.apache.hadoop.ozone.container.common.transport.server.ratis.ContainerStateMachine.startTransaction(ContainerStateMachine.java:271) ~[hadoop-hdds-container-service-0.5.0-SNAPSHOT.jar:?]
	at org.apache.ratis.server.impl.RaftServerImpl.submitClientRequestAsync(RaftServerImpl.java:566) ~[ratis-server-0.4.0-2337318-SNAPSHOT.jar:0.4.0-2337318-SNAPSHOT]
	at org.apache.ratis.server.impl.RaftServerProxy.lambda$submitClientRequestAsync$7(RaftServerProxy.java:333) ~[ratis-server-0.4.0-2337318-SNAPSHOT.jar:0.4.0-2337318-SNAPSHOT]
	at org.apache.ratis.server.impl.RaftServerProxy.lambda$null$5(RaftServerProxy.java:328) ~[ratis-server-0.4.0-2337318-SNAPSHOT.jar:0.4.0-2337318-SNAPSHOT]
	at org.apache.ratis.util.JavaUtils.callAsUnchecked(JavaUtils.java:109) ~[ratis-common-0.4.0-2337318-SNAPSHOT.jar:0.4.0-2337318-SNAPSHOT]
	at org.apache.ratis.server.impl.RaftServerProxy.lambda$submitRequest$6(RaftServerProxy.java:328) ~[ratis-server-0.4.0-2337318-SNAPSHOT.jar:0.4.0-2337318-SNAPSHOT]
	at java.util.concurrent.CompletableFuture.uniComposeStage(CompletableFuture.java:981) ~[?:1.8.0_212]
	at java.util.concurrent.CompletableFuture.thenCompose(CompletableFuture.java:2124) ~[?:1.8.0_212]
	at org.apache.ratis.server.impl.RaftServerProxy.submitRequest(RaftServerProxy.java:327) ~[ratis-server-0.4.0-2337318-SNAPSHOT.jar:0.4.0-2337318-SNAPSHOT]
	at org.apache.ratis.server.impl.RaftServerProxy.submitClientRequestAsync(RaftServerProxy.java:333) ~[ratis-server-0.4.0-2337318-SNAPSHOT.jar:0.4.0-2337318-SNAPSHOT]
	at org.apache.ratis.grpc.client.GrpcClientProtocolService$RequestStreamObserver.processClientRequest(GrpcClientProtocolService.java:220) ~[ratis-grpc-0.4.0-2337318-SNAPSHOT.jar:0.4.0-2337318-SNAPSHOT]
	at org.apache.ratis.grpc.client.GrpcClientProtocolService$OrderedRequestStreamObserver.processClientRequest(GrpcClientProtocolService.java:326) ~[ratis-grpc-0.4.0-2337318-SNAPSHOT.jar:0.4.0-2337318-SNAPSHOT]
	at org.apache.ratis.util.SlidingWindow$Server.processRequestsFromHead(SlidingWindow.java:429) [ratis-common-0.4.0-2337318-SNAPSHOT.jar:0.4.0-2337318-SNAPSHOT]
	at org.apache.ratis.util.SlidingWindow$Server.receivedRequest(SlidingWindow.java:421) [ratis-common-0.4.0-2337318-SNAPSHOT.jar:0.4.0-2337318-SNAPSHOT]
	at org.apache.ratis.grpc.client.GrpcClientProtocolService$OrderedRequestStreamObserver.processClientRequest(GrpcClientProtocolService.java:345) [ratis-grpc-0.4.0-2337318-SNAPSHOT.jar:0.4.0-2337318-SNAPSHOT]
	at org.apache.ratis.grpc.client.GrpcClientProtocolService$RequestStreamObserver.onNext(GrpcClientProtocolService.java:240) [ratis-grpc-0.4.0-2337318-SNAPSHOT.jar:0.4.0-2337318-SNAPSHOT]
	at org.apache.ratis.grpc.client.GrpcClientProtocolService$RequestStreamObserver.onNext(GrpcClientProtocolService.java:168) [ratis-grpc-0.4.0-2337318-SNAPSHOT.jar:0.4.0-2337318-SNAPSHOT]
	at org.apache.ratis.thirdparty.io.grpc.stub.ServerCalls$StreamingServerCallHandler$StreamingServerCallListener.onMessage(ServerCalls.java:248) [ratis-thirdparty-misc-0.2.0.jar:0.2.0]
	at org.apache.ratis.thirdparty.io.grpc.internal.ServerCallImpl$ServerStreamListenerImpl.messagesAvailable(ServerCallImpl.java:263) [ratis-thirdparty-misc-0.2.0.jar:0.2.0]
	at org.apache.ratis.thirdparty.io.grpc.internal.ServerImpl$JumpToApplicationThreadServerStreamListener$1MessagesAvailable.runInContext(ServerImpl.java:686) [ratis-thirdparty-misc-0.2.0.jar:0.2.0]
	at org.apache.ratis.thirdparty.io.grpc.internal.ContextRunnable.run(ContextRunnable.java:37) [ratis-thirdparty-misc-0.2.0.jar:0.2.0]
	at org.apache.ratis.thirdparty.io.grpc.internal.SerializingExecutor.run(SerializingExecutor.java:123) [ratis-thirdparty-misc-0.2.0.jar:0.2.0]
	at java.util.concurrent.ThreadPoolExecutor.runWorker(ThreadPoolExecutor.java:1149) [?:1.8.0_212]
	at java.util.concurrent.ThreadPoolExecutor$Worker.run(ThreadPoolExecutor.java:624) [?:1.8.0_212]
	at java.lang.Thread.run(Thread.java:748) [?:1.8.0_212]
2019-07-13 16:37:04,297 INFO  interfaces.Container (KeyValueContainer.java:compactDB(356)) - Container 1 is closed with bcsId 4.
16:37:04.298 [grpc-default-executor-5] ERROR DNAudit - user=null | ip=null | op=WRITE_CHUNK {blockData=conID: 1 locID: 102435115371855894 bcsId: 4} | ret=FAILURE
org.apache.hadoop.hdds.scm.container.common.helpers.ContainerNotOpenException: Container 1 in CLOSED state
	at org.apache.hadoop.ozone.container.common.impl.HddsDispatcher.validateContainerCommand(HddsDispatcher.java:408) ~[hadoop-hdds-container-service-0.5.0-SNAPSHOT.jar:?]
	at org.apache.hadoop.ozone.container.common.transport.server.ratis.ContainerStateMachine.startTransaction(ContainerStateMachine.java:271) ~[hadoop-hdds-container-service-0.5.0-SNAPSHOT.jar:?]
	at org.apache.ratis.server.impl.RaftServerImpl.submitClientRequestAsync(RaftServerImpl.java:566) ~[ratis-server-0.4.0-2337318-SNAPSHOT.jar:0.4.0-2337318-SNAPSHOT]
	at org.apache.ratis.server.impl.RaftServerProxy.lambda$submitClientRequestAsync$7(RaftServerProxy.java:333) ~[ratis-server-0.4.0-2337318-SNAPSHOT.jar:0.4.0-2337318-SNAPSHOT]
	at org.apache.ratis.server.impl.RaftServerProxy.lambda$null$5(RaftServerProxy.java:328) ~[ratis-server-0.4.0-2337318-SNAPSHOT.jar:0.4.0-2337318-SNAPSHOT]
	at org.apache.ratis.util.JavaUtils.callAsUnchecked(JavaUtils.java:109) ~[ratis-common-0.4.0-2337318-SNAPSHOT.jar:0.4.0-2337318-SNAPSHOT]
	at org.apache.ratis.server.impl.RaftServerProxy.lambda$submitRequest$6(RaftServerProxy.java:328) ~[ratis-server-0.4.0-2337318-SNAPSHOT.jar:0.4.0-2337318-SNAPSHOT]
	at java.util.concurrent.CompletableFuture.uniComposeStage(CompletableFuture.java:981) ~[?:1.8.0_212]
	at java.util.concurrent.CompletableFuture.thenCompose(CompletableFuture.java:2124) ~[?:1.8.0_212]
	at org.apache.ratis.server.impl.RaftServerProxy.submitRequest(RaftServerProxy.java:327) ~[ratis-server-0.4.0-2337318-SNAPSHOT.jar:0.4.0-2337318-SNAPSHOT]
	at org.apache.ratis.server.impl.RaftServerProxy.submitClientRequestAsync(RaftServerProxy.java:333) ~[ratis-server-0.4.0-2337318-SNAPSHOT.jar:0.4.0-2337318-SNAPSHOT]
	at org.apache.ratis.grpc.client.GrpcClientProtocolService$RequestStreamObserver.processClientRequest(GrpcClientProtocolService.java:220) ~[ratis-grpc-0.4.0-2337318-SNAPSHOT.jar:0.4.0-2337318-SNAPSHOT]
	at org.apache.ratis.grpc.client.GrpcClientProtocolService$OrderedRequestStreamObserver.processClientRequest(GrpcClientProtocolService.java:326) ~[ratis-grpc-0.4.0-2337318-SNAPSHOT.jar:0.4.0-2337318-SNAPSHOT]
	at org.apache.ratis.util.SlidingWindow$Server.processRequestsFromHead(SlidingWindow.java:429) [ratis-common-0.4.0-2337318-SNAPSHOT.jar:0.4.0-2337318-SNAPSHOT]
	at org.apache.ratis.util.SlidingWindow$Server.receivedRequest(SlidingWindow.java:421) [ratis-common-0.4.0-2337318-SNAPSHOT.jar:0.4.0-2337318-SNAPSHOT]
	at org.apache.ratis.grpc.client.GrpcClientProtocolService$OrderedRequestStreamObserver.processClientRequest(GrpcClientProtocolService.java:345) [ratis-grpc-0.4.0-2337318-SNAPSHOT.jar:0.4.0-2337318-SNAPSHOT]
	at org.apache.ratis.grpc.client.GrpcClientProtocolService$RequestStreamObserver.onNext(GrpcClientProtocolService.java:240) [ratis-grpc-0.4.0-2337318-SNAPSHOT.jar:0.4.0-2337318-SNAPSHOT]
	at org.apache.ratis.grpc.client.GrpcClientProtocolService$RequestStreamObserver.onNext(GrpcClientProtocolService.java:168) [ratis-grpc-0.4.0-2337318-SNAPSHOT.jar:0.4.0-2337318-SNAPSHOT]
	at org.apache.ratis.thirdparty.io.grpc.stub.ServerCalls$StreamingServerCallHandler$StreamingServerCallListener.onMessage(ServerCalls.java:248) [ratis-thirdparty-misc-0.2.0.jar:0.2.0]
	at org.apache.ratis.thirdparty.io.grpc.internal.ServerCallImpl$ServerStreamListenerImpl.messagesAvailable(ServerCallImpl.java:263) [ratis-thirdparty-misc-0.2.0.jar:0.2.0]
	at org.apache.ratis.thirdparty.io.grpc.internal.ServerImpl$JumpToApplicationThreadServerStreamListener$1MessagesAvailable.runInContext(ServerImpl.java:686) [ratis-thirdparty-misc-0.2.0.jar:0.2.0]
	at org.apache.ratis.thirdparty.io.grpc.internal.ContextRunnable.run(ContextRunnable.java:37) [ratis-thirdparty-misc-0.2.0.jar:0.2.0]
	at org.apache.ratis.thirdparty.io.grpc.internal.SerializingExecutor.run(SerializingExecutor.java:123) [ratis-thirdparty-misc-0.2.0.jar:0.2.0]
	at java.util.concurrent.ThreadPoolExecutor.runWorker(ThreadPoolExecutor.java:1149) [?:1.8.0_212]
	at java.util.concurrent.ThreadPoolExecutor$Worker.run(ThreadPoolExecutor.java:624) [?:1.8.0_212]
	at java.lang.Thread.run(Thread.java:748) [?:1.8.0_212]
2019-07-13 16:37:04,299 INFO  client.GrpcClientProtocolClient (GrpcClientProtocolClient.java:onNext(255)) - client-0A4B658FB8ED->4aa21327-2828-4bcf-afee-bc0e28759617: receive RaftClientReply:client-0A4B658FB8ED->4aa21327-2828-4bcf-afee-bc0e28759617@group-C4134929D265, cid=267, FAILED org.apache.ratis.protocol.StateMachineException: org.apache.hadoop.hdds.scm.container.common.helpers.ContainerNotOpenException from Server 4aa21327-2828-4bcf-afee-bc0e28759617: Container 1 in CLOSED state, logIndex=0, commits[4aa21327-2828-4bcf-afee-bc0e28759617:c8, 385dbeb7-bcfc-4c9d-9cc8-2a0122c6df21:c7, 7ba4b158-ac09-4538-907e-38781997cb7b:c7]
2019-07-13 16:37:04,306 INFO  client.GrpcClientProtocolClient (GrpcClientProtocolClient.java:onNext(255)) - client-0A4B658FB8ED->4aa21327-2828-4bcf-afee-bc0e28759617: receive RaftClientReply:client-0A4B658FB8ED->4aa21327-2828-4bcf-afee-bc0e28759617@group-C4134929D265, cid=268, FAILED org.apache.ratis.protocol.StateMachineException: org.apache.hadoop.hdds.scm.container.common.helpers.ContainerNotOpenException from Server 4aa21327-2828-4bcf-afee-bc0e28759617: Container 1 in CLOSED state, logIndex=0, commits[4aa21327-2828-4bcf-afee-bc0e28759617:c8, 385dbeb7-bcfc-4c9d-9cc8-2a0122c6df21:c7, 7ba4b158-ac09-4538-907e-38781997cb7b:c7]
16:37:04.306 [grpc-default-executor-5] ERROR DNAudit - user=null | ip=null | op=PUT_BLOCK {blockData=[blockId=conID: 1 locID: 102435115371855894 bcsId: 0,size=334]} | ret=FAILURE
org.apache.hadoop.hdds.scm.container.common.helpers.ContainerNotOpenException: Container 1 in CLOSED state
	at org.apache.hadoop.ozone.container.common.impl.HddsDispatcher.validateContainerCommand(HddsDispatcher.java:408) ~[hadoop-hdds-container-service-0.5.0-SNAPSHOT.jar:?]
	at org.apache.hadoop.ozone.container.common.transport.server.ratis.ContainerStateMachine.startTransaction(ContainerStateMachine.java:271) ~[hadoop-hdds-container-service-0.5.0-SNAPSHOT.jar:?]
	at org.apache.ratis.server.impl.RaftServerImpl.submitClientRequestAsync(RaftServerImpl.java:566) ~[ratis-server-0.4.0-2337318-SNAPSHOT.jar:0.4.0-2337318-SNAPSHOT]
	at org.apache.ratis.server.impl.RaftServerProxy.lambda$submitClientRequestAsync$7(RaftServerProxy.java:333) ~[ratis-server-0.4.0-2337318-SNAPSHOT.jar:0.4.0-2337318-SNAPSHOT]
	at org.apache.ratis.server.impl.RaftServerProxy.lambda$null$5(RaftServerProxy.java:328) ~[ratis-server-0.4.0-2337318-SNAPSHOT.jar:0.4.0-2337318-SNAPSHOT]
	at org.apache.ratis.util.JavaUtils.callAsUnchecked(JavaUtils.java:109) ~[ratis-common-0.4.0-2337318-SNAPSHOT.jar:0.4.0-2337318-SNAPSHOT]
	at org.apache.ratis.server.impl.RaftServerProxy.lambda$submitRequest$6(RaftServerProxy.java:328) ~[ratis-server-0.4.0-2337318-SNAPSHOT.jar:0.4.0-2337318-SNAPSHOT]
	at java.util.concurrent.CompletableFuture.uniComposeStage(CompletableFuture.java:981) ~[?:1.8.0_212]
	at java.util.concurrent.CompletableFuture.thenCompose(CompletableFuture.java:2124) ~[?:1.8.0_212]
	at org.apache.ratis.server.impl.RaftServerProxy.submitRequest(RaftServerProxy.java:327) ~[ratis-server-0.4.0-2337318-SNAPSHOT.jar:0.4.0-2337318-SNAPSHOT]
	at org.apache.ratis.server.impl.RaftServerProxy.submitClientRequestAsync(RaftServerProxy.java:333) ~[ratis-server-0.4.0-2337318-SNAPSHOT.jar:0.4.0-2337318-SNAPSHOT]
	at org.apache.ratis.grpc.client.GrpcClientProtocolService$RequestStreamObserver.processClientRequest(GrpcClientProtocolService.java:220) ~[ratis-grpc-0.4.0-2337318-SNAPSHOT.jar:0.4.0-2337318-SNAPSHOT]
	at org.apache.ratis.grpc.client.GrpcClientProtocolService$OrderedRequestStreamObserver.processClientRequest(GrpcClientProtocolService.java:326) ~[ratis-grpc-0.4.0-2337318-SNAPSHOT.jar:0.4.0-2337318-SNAPSHOT]
	at org.apache.ratis.util.SlidingWindow$Server.processRequestsFromHead(SlidingWindow.java:429) [ratis-common-0.4.0-2337318-SNAPSHOT.jar:0.4.0-2337318-SNAPSHOT]
	at org.apache.ratis.util.SlidingWindow$Server.receivedRequest(SlidingWindow.java:421) [ratis-common-0.4.0-2337318-SNAPSHOT.jar:0.4.0-2337318-SNAPSHOT]
	at org.apache.ratis.grpc.client.GrpcClientProtocolService$OrderedRequestStreamObserver.processClientRequest(GrpcClientProtocolService.java:345) [ratis-grpc-0.4.0-2337318-SNAPSHOT.jar:0.4.0-2337318-SNAPSHOT]
	at org.apache.ratis.grpc.client.GrpcClientProtocolService$RequestStreamObserver.onNext(GrpcClientProtocolService.java:240) [ratis-grpc-0.4.0-2337318-SNAPSHOT.jar:0.4.0-2337318-SNAPSHOT]
	at org.apache.ratis.grpc.client.GrpcClientProtocolService$RequestStreamObserver.onNext(GrpcClientProtocolService.java:168) [ratis-grpc-0.4.0-2337318-SNAPSHOT.jar:0.4.0-2337318-SNAPSHOT]
	at org.apache.ratis.thirdparty.io.grpc.stub.ServerCalls$StreamingServerCallHandler$StreamingServerCallListener.onMessage(ServerCalls.java:248) [ratis-thirdparty-misc-0.2.0.jar:0.2.0]
	at org.apache.ratis.thirdparty.io.grpc.internal.ServerCallImpl$ServerStreamListenerImpl.messagesAvailable(ServerCallImpl.java:263) [ratis-thirdparty-misc-0.2.0.jar:0.2.0]
	at org.apache.ratis.thirdparty.io.grpc.internal.ServerImpl$JumpToApplicationThreadServerStreamListener$1MessagesAvailable.runInContext(ServerImpl.java:686) [ratis-thirdparty-misc-0.2.0.jar:0.2.0]
	at org.apache.ratis.thirdparty.io.grpc.internal.ContextRunnable.run(ContextRunnable.java:37) [ratis-thirdparty-misc-0.2.0.jar:0.2.0]
	at org.apache.ratis.thirdparty.io.grpc.internal.SerializingExecutor.run(SerializingExecutor.java:123) [ratis-thirdparty-misc-0.2.0.jar:0.2.0]
	at java.util.concurrent.ThreadPoolExecutor.runWorker(ThreadPoolExecutor.java:1149) [?:1.8.0_212]
	at java.util.concurrent.ThreadPoolExecutor$Worker.run(ThreadPoolExecutor.java:624) [?:1.8.0_212]
	at java.lang.Thread.run(Thread.java:748) [?:1.8.0_212]
2019-07-13 16:37:04,314 INFO  client.GrpcClientProtocolClient (GrpcClientProtocolClient.java:onNext(255)) - client-0A4B658FB8ED->4aa21327-2828-4bcf-afee-bc0e28759617: receive RaftClientReply:client-0A4B658FB8ED->4aa21327-2828-4bcf-afee-bc0e28759617@group-C4134929D265, cid=269, FAILED org.apache.ratis.protocol.StateMachineException: org.apache.hadoop.hdds.scm.container.common.helpers.ContainerNotOpenException from Server 4aa21327-2828-4bcf-afee-bc0e28759617: Container 1 in CLOSED state, logIndex=0, commits[4aa21327-2828-4bcf-afee-bc0e28759617:c8, 385dbeb7-bcfc-4c9d-9cc8-2a0122c6df21:c7, 7ba4b158-ac09-4538-907e-38781997cb7b:c7]
2019-07-13 16:37:04,352 INFO  client.GrpcClientProtocolClient (GrpcClientProtocolClient.java:onNext(255)) - client-00B9E8C837CE->3714f87c-c20b-462c-a483-4e53e291f7de: receive RaftClientReply:client-00B9E8C837CE->3714f87c-c20b-462c-a483-4e53e291f7de@group-7D7226622F26, cid=270, FAILED org.apache.ratis.protocol.NotLeaderException: Server 3714f87c-c20b-462c-a483-4e53e291f7de is not the leader (null). Request must be sent to leader., logIndex=0, commits[3714f87c-c20b-462c-a483-4e53e291f7de:c-1, 36ae1c90-1a2d-489e-92cd-e60a8d4b511f:c-1, 1e98dda5-7541-4657-b55c-d3eb0b5d2574:c-1]
2019-07-13 16:37:05,376 INFO  client.GrpcClientProtocolClient (GrpcClientProtocolClient.java:onNext(255)) - client-00B9E8C837CE->36ae1c90-1a2d-489e-92cd-e60a8d4b511f: receive RaftClientReply:client-00B9E8C837CE->36ae1c90-1a2d-489e-92cd-e60a8d4b511f@group-7D7226622F26, cid=270, FAILED org.apache.ratis.protocol.NotLeaderException: Server 36ae1c90-1a2d-489e-92cd-e60a8d4b511f is not the leader (null). Request must be sent to leader., logIndex=0, commits[36ae1c90-1a2d-489e-92cd-e60a8d4b511f:c-1, 3714f87c-c20b-462c-a483-4e53e291f7de:c-1, 1e98dda5-7541-4657-b55c-d3eb0b5d2574:c-1]
2019-07-13 16:37:06,385 INFO  client.GrpcClientProtocolClient (GrpcClientProtocolClient.java:onNext(255)) - client-00B9E8C837CE->1e98dda5-7541-4657-b55c-d3eb0b5d2574: receive RaftClientReply:client-00B9E8C837CE->1e98dda5-7541-4657-b55c-d3eb0b5d2574@group-7D7226622F26, cid=270, FAILED org.apache.ratis.protocol.NotLeaderException: Server 1e98dda5-7541-4657-b55c-d3eb0b5d2574 is not the leader (null). Request must be sent to leader., logIndex=0, commits[1e98dda5-7541-4657-b55c-d3eb0b5d2574:c-1]
2019-07-13 16:37:07,042 INFO  impl.FollowerState (FollowerState.java:run(106)) - 3714f87c-c20b-462c-a483-4e53e291f7de:group-7D7226622F26 changes to CANDIDATE, lastRpcTime:5005, electionTimeout:5002ms
2019-07-13 16:37:07,043 INFO  impl.RoleInfo (RoleInfo.java:shutdownFollowerState(121)) - 3714f87c-c20b-462c-a483-4e53e291f7de: shutdown FollowerState
2019-07-13 16:37:07,043 INFO  impl.RaftServerImpl (RaftServerImpl.java:setRole(171)) - 3714f87c-c20b-462c-a483-4e53e291f7de:group-7D7226622F26 changes role from FOLLOWER to CANDIDATE at term 2 for changeToCandidate
2019-07-13 16:37:07,043 INFO  impl.RoleInfo (RoleInfo.java:updateAndGet(143)) - 3714f87c-c20b-462c-a483-4e53e291f7de: start LeaderElection
2019-07-13 16:37:07,060 INFO  impl.LeaderElection (LeaderElection.java:askForVotes(181)) - 3714f87c-c20b-462c-a483-4e53e291f7de:group-7D7226622F26:LeaderElection96: begin an election at term 3 for 0: [3714f87c-c20b-462c-a483-4e53e291f7de:192.168.5.187:45707, 36ae1c90-1a2d-489e-92cd-e60a8d4b511f:192.168.5.187:45344, 1e98dda5-7541-4657-b55c-d3eb0b5d2574:192.168.5.187:46209], old=null
2019-07-13 16:37:07,067 INFO  impl.RaftServerImpl (RaftServerImpl.java:setRole(171)) - 1e98dda5-7541-4657-b55c-d3eb0b5d2574:group-7D7226622F26 changes role from FOLLOWER to FOLLOWER at term 3 for recognizeCandidate:3714f87c-c20b-462c-a483-4e53e291f7de
2019-07-13 16:37:07,067 INFO  impl.RaftServerImpl (RaftServerImpl.java:setRole(171)) - 36ae1c90-1a2d-489e-92cd-e60a8d4b511f:group-7D7226622F26 changes role from FOLLOWER to FOLLOWER at term 3 for recognizeCandidate:3714f87c-c20b-462c-a483-4e53e291f7de
2019-07-13 16:37:07,068 INFO  impl.RoleInfo (RoleInfo.java:shutdownFollowerState(121)) - 1e98dda5-7541-4657-b55c-d3eb0b5d2574: shutdown FollowerState
2019-07-13 16:37:07,068 INFO  impl.RoleInfo (RoleInfo.java:shutdownFollowerState(121)) - 36ae1c90-1a2d-489e-92cd-e60a8d4b511f: shutdown FollowerState
2019-07-13 16:37:07,068 INFO  impl.FollowerState (FollowerState.java:run(114)) - 1e98dda5-7541-4657-b55c-d3eb0b5d2574: FollowerState was interrupted: java.lang.InterruptedException: sleep interrupted
2019-07-13 16:37:07,068 INFO  impl.RoleInfo (RoleInfo.java:updateAndGet(143)) - 36ae1c90-1a2d-489e-92cd-e60a8d4b511f: start FollowerState
2019-07-13 16:37:07,068 INFO  impl.RoleInfo (RoleInfo.java:updateAndGet(143)) - 1e98dda5-7541-4657-b55c-d3eb0b5d2574: start FollowerState
2019-07-13 16:37:07,068 INFO  impl.FollowerState (FollowerState.java:run(114)) - 36ae1c90-1a2d-489e-92cd-e60a8d4b511f: FollowerState was interrupted: java.lang.InterruptedException: sleep interrupted
2019-07-13 16:37:07,090 INFO  impl.LeaderElection (LeaderElection.java:logAndReturn(56)) - 3714f87c-c20b-462c-a483-4e53e291f7de:group-7D7226622F26:LeaderElection96: Election PASSED; received 1 response(s) [3714f87c-c20b-462c-a483-4e53e291f7de<-1e98dda5-7541-4657-b55c-d3eb0b5d2574#0:OK-t3] and 0 exception(s); 3714f87c-c20b-462c-a483-4e53e291f7de:t3, leader=null, voted=3714f87c-c20b-462c-a483-4e53e291f7de, raftlog=3714f87c-c20b-462c-a483-4e53e291f7de-SegmentedRaftLog:OPENED:c-1,f0,i0, conf=0: [3714f87c-c20b-462c-a483-4e53e291f7de:192.168.5.187:45707, 36ae1c90-1a2d-489e-92cd-e60a8d4b511f:192.168.5.187:45344, 1e98dda5-7541-4657-b55c-d3eb0b5d2574:192.168.5.187:46209], old=null
2019-07-13 16:37:07,090 INFO  impl.RoleInfo (RoleInfo.java:shutdownLeaderElection(134)) - 3714f87c-c20b-462c-a483-4e53e291f7de: shutdown LeaderElection
2019-07-13 16:37:07,091 INFO  impl.RaftServerImpl (RaftServerImpl.java:setRole(171)) - 3714f87c-c20b-462c-a483-4e53e291f7de:group-7D7226622F26 changes role from CANDIDATE to LEADER at term 3 for changeToLeader
2019-07-13 16:37:07,091 INFO  impl.RaftServerImpl (ServerState.java:setLeader(263)) - 3714f87c-c20b-462c-a483-4e53e291f7de:group-7D7226622F26 change Leader from null to 3714f87c-c20b-462c-a483-4e53e291f7de at term 3 for becomeLeader, leader elected after 5060ms
2019-07-13 16:37:07,091 INFO  server.RaftServerConfigKeys (ConfUtils.java:logGet(43)) - raft.server.staging.catchup.gap = 1000 (default)
2019-07-13 16:37:07,091 INFO  server.RaftServerConfigKeys (ConfUtils.java:logGet(43)) - raft.server.rpc.sleep.time = 25ms (default)
2019-07-13 16:37:07,091 INFO  server.RaftServerConfigKeys (ConfUtils.java:logGet(43)) - raft.server.write.element-limit = 4096 (default)
2019-07-13 16:37:07,091 INFO  server.RaftServerConfigKeys (ConfUtils.java:logGet(43)) - raft.server.watch.timeout = 10s (default)
2019-07-13 16:37:07,092 INFO  server.RaftServerConfigKeys (ConfUtils.java:logGet(43)) - raft.server.watch.timeout.denomination = 1s (default)
2019-07-13 16:37:07,092 INFO  server.RaftServerConfigKeys (ConfUtils.java:logGet(43)) - raft.server.watch.element-limit = 65536 (default)
2019-07-13 16:37:07,092 INFO  server.RaftServerConfigKeys (ConfUtils.java:logGet(43)) - raft.server.log.appender.snapshot.chunk.size.max = 16MB (=16777216) (default)
2019-07-13 16:37:07,092 INFO  server.RaftServerConfigKeys (ConfUtils.java:logGet(43)) - raft.server.log.appender.buffer.byte-limit = 33554432 (custom)
2019-07-13 16:37:07,092 INFO  server.RaftServerConfigKeys (ConfUtils.java:logGet(43)) - raft.server.log.appender.buffer.element-limit = 1 (custom)
2019-07-13 16:37:07,093 INFO  grpc.GrpcConfigKeys$Server (ConfUtils.java:logGet(43)) - raft.grpc.server.leader.outstanding.appends.max = 128 (default)
2019-07-13 16:37:07,093 INFO  server.RaftServerConfigKeys (ConfUtils.java:logGet(43)) - raft.server.rpc.request.timeout = 3000ms (default)
2019-07-13 16:37:07,093 INFO  server.RaftServerConfigKeys (ConfUtils.java:logGet(43)) - raft.server.log.appender.install.snapshot.enabled = false (custom)
2019-07-13 16:37:07,093 INFO  server.RaftServerConfigKeys (ConfUtils.java:logGet(43)) - raft.server.log.appender.snapshot.chunk.size.max = 16MB (=16777216) (default)
2019-07-13 16:37:07,093 INFO  server.RaftServerConfigKeys (ConfUtils.java:logGet(43)) - raft.server.log.appender.buffer.byte-limit = 33554432 (custom)
2019-07-13 16:37:07,093 INFO  server.RaftServerConfigKeys (ConfUtils.java:logGet(43)) - raft.server.log.appender.buffer.element-limit = 1 (custom)
2019-07-13 16:37:07,094 INFO  grpc.GrpcConfigKeys$Server (ConfUtils.java:logGet(43)) - raft.grpc.server.leader.outstanding.appends.max = 128 (default)
2019-07-13 16:37:07,094 INFO  server.RaftServerConfigKeys (ConfUtils.java:logGet(43)) - raft.server.rpc.request.timeout = 3000ms (default)
2019-07-13 16:37:07,094 INFO  server.RaftServerConfigKeys (ConfUtils.java:logGet(43)) - raft.server.log.appender.install.snapshot.enabled = false (custom)
2019-07-13 16:37:07,094 INFO  impl.RoleInfo (RoleInfo.java:updateAndGet(143)) - 3714f87c-c20b-462c-a483-4e53e291f7de: start LeaderState
2019-07-13 16:37:07,095 INFO  segmented.SegmentedRaftLogWorker (SegmentedRaftLogWorker.java:rollLogSegment(385)) - 3714f87c-c20b-462c-a483-4e53e291f7de-SegmentedRaftLogWorker:Storage Directory /tmp/workdir/hadoop-ozone/integration-test/target/test-dir/MiniOzoneClusterImpl-ff639893-bec4-4f82-8d2e-9b96d860749a/datanode-5/data/ratis/dfffe400-27f5-48c9-b6fa-7d7226622f26: Rolling segment log-0_0 to index:0
2019-07-13 16:37:07,096 INFO  segmented.SegmentedRaftLogWorker (SegmentedRaftLogWorker.java:execute(526)) - 3714f87c-c20b-462c-a483-4e53e291f7de-SegmentedRaftLogWorker:Storage Directory /tmp/workdir/hadoop-ozone/integration-test/target/test-dir/MiniOzoneClusterImpl-ff639893-bec4-4f82-8d2e-9b96d860749a/datanode-5/data/ratis/dfffe400-27f5-48c9-b6fa-7d7226622f26: Rolled log segment from /tmp/workdir/hadoop-ozone/integration-test/target/test-dir/MiniOzoneClusterImpl-ff639893-bec4-4f82-8d2e-9b96d860749a/datanode-5/data/ratis/dfffe400-27f5-48c9-b6fa-7d7226622f26/current/log_inprogress_0 to /tmp/workdir/hadoop-ozone/integration-test/target/test-dir/MiniOzoneClusterImpl-ff639893-bec4-4f82-8d2e-9b96d860749a/datanode-5/data/ratis/dfffe400-27f5-48c9-b6fa-7d7226622f26/current/log_0-0
2019-07-13 16:37:07,096 INFO  impl.RaftServerImpl (ServerState.java:setRaftConf(361)) - 3714f87c-c20b-462c-a483-4e53e291f7de:group-7D7226622F26 set configuration 1: [3714f87c-c20b-462c-a483-4e53e291f7de:192.168.5.187:45707, 36ae1c90-1a2d-489e-92cd-e60a8d4b511f:192.168.5.187:45344, 1e98dda5-7541-4657-b55c-d3eb0b5d2574:192.168.5.187:46209], old=null at 1
2019-07-13 16:37:07,097 INFO  impl.RaftServerImpl (ServerState.java:setLeader(263)) - 36ae1c90-1a2d-489e-92cd-e60a8d4b511f:group-7D7226622F26 change Leader from null to 3714f87c-c20b-462c-a483-4e53e291f7de at term 3 for appendEntries, leader elected after 5108ms
2019-07-13 16:37:07,097 INFO  impl.RaftServerImpl (ServerState.java:setLeader(263)) - 1e98dda5-7541-4657-b55c-d3eb0b5d2574:group-7D7226622F26 change Leader from null to 3714f87c-c20b-462c-a483-4e53e291f7de at term 3 for appendEntries, leader elected after 10268ms
2019-07-13 16:37:07,098 INFO  impl.RaftServerImpl (RaftServerImpl.java:checkInconsistentAppendEntries(999)) - 1e98dda5-7541-4657-b55c-d3eb0b5d2574: Failed appendEntries as previous log entry ((t:1, i:0)) is not found
2019-07-13 16:37:07,098 INFO  impl.RaftServerImpl (RaftServerImpl.java:checkInconsistentAppendEntries(972)) - 1e98dda5-7541-4657-b55c-d3eb0b5d2574: inconsistency entries. Reply:3714f87c-c20b-462c-a483-4e53e291f7de<-1e98dda5-7541-4657-b55c-d3eb0b5d2574#0:FAIL,INCONSISTENCY,nextIndex:0,term:3,followerCommit:-1
2019-07-13 16:37:07,099 INFO  impl.FollowerInfo (FollowerInfo.java:lambda$new$0(50)) - 3714f87c-c20b-462c-a483-4e53e291f7de->1e98dda5-7541-4657-b55c-d3eb0b5d2574: nextIndex: updateUnconditionally 1 -> 0
2019-07-13 16:37:07,100 INFO  impl.RaftServerImpl (ServerState.java:setRaftConf(361)) - 1e98dda5-7541-4657-b55c-d3eb0b5d2574:group-7D7226622F26 set configuration 0: [3714f87c-c20b-462c-a483-4e53e291f7de:192.168.5.187:45707, 36ae1c90-1a2d-489e-92cd-e60a8d4b511f:192.168.5.187:45344, 1e98dda5-7541-4657-b55c-d3eb0b5d2574:192.168.5.187:46209], old=null at 0
2019-07-13 16:37:07,100 INFO  segmented.SegmentedRaftLogWorker (SegmentedRaftLogWorker.java:startLogSegment(380)) - 1e98dda5-7541-4657-b55c-d3eb0b5d2574-SegmentedRaftLogWorker:Storage Directory /tmp/workdir/hadoop-ozone/integration-test/target/test-dir/MiniOzoneClusterImpl-ff639893-bec4-4f82-8d2e-9b96d860749a/datanode-3/data/ratis/dfffe400-27f5-48c9-b6fa-7d7226622f26: Starting segment from index:0
2019-07-13 16:37:07,101 INFO  impl.RaftServerImpl (ServerState.java:setRaftConf(361)) - 36ae1c90-1a2d-489e-92cd-e60a8d4b511f:group-7D7226622F26 set configuration 1: [3714f87c-c20b-462c-a483-4e53e291f7de:192.168.5.187:45707, 36ae1c90-1a2d-489e-92cd-e60a8d4b511f:192.168.5.187:45344, 1e98dda5-7541-4657-b55c-d3eb0b5d2574:192.168.5.187:46209], old=null at 1
2019-07-13 16:37:07,101 INFO  impl.RaftServerImpl (ServerState.java:setRaftConf(361)) - 1e98dda5-7541-4657-b55c-d3eb0b5d2574:group-7D7226622F26 set configuration 1: [3714f87c-c20b-462c-a483-4e53e291f7de:192.168.5.187:45707, 36ae1c90-1a2d-489e-92cd-e60a8d4b511f:192.168.5.187:45344, 1e98dda5-7541-4657-b55c-d3eb0b5d2574:192.168.5.187:46209], old=null at 1
2019-07-13 16:37:07,101 INFO  segmented.SegmentedRaftLogWorker (SegmentedRaftLogWorker.java:rollLogSegment(385)) - 36ae1c90-1a2d-489e-92cd-e60a8d4b511f-SegmentedRaftLogWorker:Storage Directory /tmp/workdir/hadoop-ozone/integration-test/target/test-dir/MiniOzoneClusterImpl-ff639893-bec4-4f82-8d2e-9b96d860749a/datanode-4/data/ratis/dfffe400-27f5-48c9-b6fa-7d7226622f26: Rolling segment log-0_0 to index:0
2019-07-13 16:37:07,101 INFO  segmented.SegmentedRaftLogWorker (SegmentedRaftLogWorker.java:rollLogSegment(385)) - 1e98dda5-7541-4657-b55c-d3eb0b5d2574-SegmentedRaftLogWorker:Storage Directory /tmp/workdir/hadoop-ozone/integration-test/target/test-dir/MiniOzoneClusterImpl-ff639893-bec4-4f82-8d2e-9b96d860749a/datanode-3/data/ratis/dfffe400-27f5-48c9-b6fa-7d7226622f26: Rolling segment log-0_0 to index:0
2019-07-13 16:37:07,102 INFO  segmented.SegmentedRaftLogWorker (SegmentedRaftLogWorker.java:execute(526)) - 36ae1c90-1a2d-489e-92cd-e60a8d4b511f-SegmentedRaftLogWorker:Storage Directory /tmp/workdir/hadoop-ozone/integration-test/target/test-dir/MiniOzoneClusterImpl-ff639893-bec4-4f82-8d2e-9b96d860749a/datanode-4/data/ratis/dfffe400-27f5-48c9-b6fa-7d7226622f26: Rolled log segment from /tmp/workdir/hadoop-ozone/integration-test/target/test-dir/MiniOzoneClusterImpl-ff639893-bec4-4f82-8d2e-9b96d860749a/datanode-4/data/ratis/dfffe400-27f5-48c9-b6fa-7d7226622f26/current/log_inprogress_0 to /tmp/workdir/hadoop-ozone/integration-test/target/test-dir/MiniOzoneClusterImpl-ff639893-bec4-4f82-8d2e-9b96d860749a/datanode-4/data/ratis/dfffe400-27f5-48c9-b6fa-7d7226622f26/current/log_0-0
2019-07-13 16:37:07,125 INFO  segmented.SegmentedRaftLogWorker (SegmentedRaftLogWorker.java:execute(569)) - 3714f87c-c20b-462c-a483-4e53e291f7de-SegmentedRaftLogWorker:Storage Directory /tmp/workdir/hadoop-ozone/integration-test/target/test-dir/MiniOzoneClusterImpl-ff639893-bec4-4f82-8d2e-9b96d860749a/datanode-5/data/ratis/dfffe400-27f5-48c9-b6fa-7d7226622f26: created new log segment /tmp/workdir/hadoop-ozone/integration-test/target/test-dir/MiniOzoneClusterImpl-ff639893-bec4-4f82-8d2e-9b96d860749a/datanode-5/data/ratis/dfffe400-27f5-48c9-b6fa-7d7226622f26/current/log_inprogress_1
2019-07-13 16:37:07,125 INFO  segmented.SegmentedRaftLogWorker (SegmentedRaftLogWorker.java:execute(569)) - 1e98dda5-7541-4657-b55c-d3eb0b5d2574-SegmentedRaftLogWorker:Storage Directory /tmp/workdir/hadoop-ozone/integration-test/target/test-dir/MiniOzoneClusterImpl-ff639893-bec4-4f82-8d2e-9b96d860749a/datanode-3/data/ratis/dfffe400-27f5-48c9-b6fa-7d7226622f26: created new log segment /tmp/workdir/hadoop-ozone/integration-test/target/test-dir/MiniOzoneClusterImpl-ff639893-bec4-4f82-8d2e-9b96d860749a/datanode-3/data/ratis/dfffe400-27f5-48c9-b6fa-7d7226622f26/current/log_inprogress_0
2019-07-13 16:37:07,125 INFO  segmented.SegmentedRaftLogWorker (SegmentedRaftLogWorker.java:execute(569)) - 36ae1c90-1a2d-489e-92cd-e60a8d4b511f-SegmentedRaftLogWorker:Storage Directory /tmp/workdir/hadoop-ozone/integration-test/target/test-dir/MiniOzoneClusterImpl-ff639893-bec4-4f82-8d2e-9b96d860749a/datanode-4/data/ratis/dfffe400-27f5-48c9-b6fa-7d7226622f26: created new log segment /tmp/workdir/hadoop-ozone/integration-test/target/test-dir/MiniOzoneClusterImpl-ff639893-bec4-4f82-8d2e-9b96d860749a/datanode-4/data/ratis/dfffe400-27f5-48c9-b6fa-7d7226622f26/current/log_inprogress_1
2019-07-13 16:37:07,137 INFO  segmented.SegmentedRaftLogWorker (SegmentedRaftLogWorker.java:execute(526)) - 1e98dda5-7541-4657-b55c-d3eb0b5d2574-SegmentedRaftLogWorker:Storage Directory /tmp/workdir/hadoop-ozone/integration-test/target/test-dir/MiniOzoneClusterImpl-ff639893-bec4-4f82-8d2e-9b96d860749a/datanode-3/data/ratis/dfffe400-27f5-48c9-b6fa-7d7226622f26: Rolled log segment from /tmp/workdir/hadoop-ozone/integration-test/target/test-dir/MiniOzoneClusterImpl-ff639893-bec4-4f82-8d2e-9b96d860749a/datanode-3/data/ratis/dfffe400-27f5-48c9-b6fa-7d7226622f26/current/log_inprogress_0 to /tmp/workdir/hadoop-ozone/integration-test/target/test-dir/MiniOzoneClusterImpl-ff639893-bec4-4f82-8d2e-9b96d860749a/datanode-3/data/ratis/dfffe400-27f5-48c9-b6fa-7d7226622f26/current/log_0-0
2019-07-13 16:37:07,164 INFO  segmented.SegmentedRaftLogWorker (SegmentedRaftLogWorker.java:execute(569)) - 1e98dda5-7541-4657-b55c-d3eb0b5d2574-SegmentedRaftLogWorker:Storage Directory /tmp/workdir/hadoop-ozone/integration-test/target/test-dir/MiniOzoneClusterImpl-ff639893-bec4-4f82-8d2e-9b96d860749a/datanode-3/data/ratis/dfffe400-27f5-48c9-b6fa-7d7226622f26: created new log segment /tmp/workdir/hadoop-ozone/integration-test/target/test-dir/MiniOzoneClusterImpl-ff639893-bec4-4f82-8d2e-9b96d860749a/datanode-3/data/ratis/dfffe400-27f5-48c9-b6fa-7d7226622f26/current/log_inprogress_1
2019-07-13 16:37:07,501 INFO  client.GrpcClientProtocolClient (GrpcClientProtocolClient.java:onNext(255)) - client-00B9E8C837CE->3714f87c-c20b-462c-a483-4e53e291f7de: receive RaftClientReply:client-00B9E8C837CE->3714f87c-c20b-462c-a483-4e53e291f7de@group-7D7226622F26, cid=270, SUCCESS, logIndex=3, commits[3714f87c-c20b-462c-a483-4e53e291f7de:c3, 36ae1c90-1a2d-489e-92cd-e60a8d4b511f:c2, 1e98dda5-7541-4657-b55c-d3eb0b5d2574:c2]
2019-07-13 16:37:07,518 INFO  client.GrpcClientProtocolClient (GrpcClientProtocolClient.java:onNext(255)) - client-00B9E8C837CE->3714f87c-c20b-462c-a483-4e53e291f7de: receive RaftClientReply:client-00B9E8C837CE->3714f87c-c20b-462c-a483-4e53e291f7de@group-7D7226622F26, cid=271, SUCCESS, logIndex=5, commits[3714f87c-c20b-462c-a483-4e53e291f7de:c6, 36ae1c90-1a2d-489e-92cd-e60a8d4b511f:c4, 1e98dda5-7541-4657-b55c-d3eb0b5d2574:c4]
2019-07-13 16:37:07,568 INFO  client.GrpcClientProtocolClient (GrpcClientProtocolClient.java:onNext(255)) - client-00B9E8C837CE->3714f87c-c20b-462c-a483-4e53e291f7de: receive RaftClientReply:client-00B9E8C837CE->3714f87c-c20b-462c-a483-4e53e291f7de@group-7D7226622F26, cid=272, SUCCESS, logIndex=6, commits[3714f87c-c20b-462c-a483-4e53e291f7de:c8, 36ae1c90-1a2d-489e-92cd-e60a8d4b511f:c6, 1e98dda5-7541-4657-b55c-d3eb0b5d2574:c6]
2019-07-13 16:37:07,585 INFO  pipeline.Pipeline (Pipeline.java:getProtobufMessage(195)) - Serialize pipeline PipelineID=dfffe400-27f5-48c9-b6fa-7d7226622f26 with nodesInOrder{ }
2019-07-13 16:37:07,586 INFO  ozone.MiniOzoneClusterImpl (MiniOzoneClusterImpl.java:shutdown(321)) - Shutting down the Mini Ozone Cluster
2019-07-13 16:37:07,587 INFO  ozone.MiniOzoneClusterImpl (MiniOzoneClusterImpl.java:stop(336)) - Stopping the Mini Ozone Cluster
2019-07-13 16:37:07,587 INFO  ozone.MiniOzoneClusterImpl (MiniOzoneClusterImpl.java:stop(338)) - Stopping the OzoneManager
2019-07-13 16:37:07,587 INFO  ipc.Server (Server.java:stop(3082)) - Stopping server on 44099
2019-07-13 16:37:07,598 INFO  ipc.Server (Server.java:run(1185)) - Stopping IPC Server listener on 44099
2019-07-13 16:37:07,598 INFO  utils.BackgroundService (BackgroundService.java:shutdown(148)) - Shutting down service KeyDeletingService
2019-07-13 16:37:07,598 INFO  ipc.Server (Server.java:run(1319)) - Stopping IPC Server Responder
2019-07-13 16:37:07,624 INFO  handler.ContextHandler (ContextHandler.java:doStop(910)) - Stopped o.e.j.w.WebAppContext@3697a307{/,null,UNAVAILABLE}{/ozoneManager}
2019-07-13 16:37:07,624 INFO  server.AbstractConnector (AbstractConnector.java:doStop(318)) - Stopped ServerConnector@4632d697{HTTP/1.1,[http/1.1]}{0.0.0.0:0}
2019-07-13 16:37:07,625 INFO  handler.ContextHandler (ContextHandler.java:doStop(910)) - Stopped o.e.j.s.ServletContextHandler@13c02cec{/static,file:///tmp/workdir/hadoop-ozone/integration-test/target/test-classes/webapps/static,UNAVAILABLE}
2019-07-13 16:37:07,625 INFO  handler.ContextHandler (ContextHandler.java:doStop(910)) - Stopped o.e.j.s.ServletContextHandler@596c6c3e{/logs,file:///tmp/workdir/hadoop-ozone/integration-test/target/log,UNAVAILABLE}
2019-07-13 16:37:07,629 INFO  ozone.MiniOzoneClusterImpl (MiniOzoneClusterImpl.java:stop(344)) - Shutting the HddsDatanodes
2019-07-13 16:37:07,629 INFO  datanode.ObjectStoreHandler (ObjectStoreHandler.java:close(155)) - Closing ObjectStoreHandler.
2019-07-13 16:37:07,629 INFO  datanode.ObjectStoreHandler (ObjectStoreHandler.java:close(155)) - Closing ObjectStoreHandler.
2019-07-13 16:37:07,630 INFO  ozone.HddsDatanodeService (HddsDatanodeService.java:stop(452)) - Stopped plug-in org.apache.hadoop.ozone.web.OzoneHddsDatanodeService@44a3b4d9
2019-07-13 16:37:07,630 INFO  ozone.HddsDatanodeService (HddsDatanodeService.java:stop(452)) - Stopped plug-in org.apache.hadoop.ozone.web.OzoneHddsDatanodeService@112dfb03
2019-07-13 16:37:08,279 INFO  statemachine.DatanodeStateMachine (DatanodeStateMachine.java:lambda$startDaemon$0(350)) - Ozone container server started.
2019-07-13 16:37:08,490 INFO  statemachine.DatanodeStateMachine (DatanodeStateMachine.java:lambda$startDaemon$0(350)) - Ozone container server started.
2019-07-13 16:37:12,305 INFO  node.StaleNodeHandler (StaleNodeHandler.java:onMessage(58)) - Datanode 4aa21327-2828-4bcf-afee-bc0e28759617{ip: 192.168.5.187, host: trunk-nightly-z92hn-1831959607, networkLocation: /default-rack, certSerialId: null} moved to stale state. Finalizing its pipelines [PipelineID=7a067149-c987-4b6a-972d-c4134929d265, PipelineID=9ad6bd57-5776-46b5-8883-7cfa629c0f79]
2019-07-13 16:37:12,305 INFO  pipeline.SCMPipelineManager (SCMPipelineManager.java:finalizeAndDestroyPipeline(309)) - destroying pipeline:Pipeline[ Id: 7a067149-c987-4b6a-972d-c4134929d265, Nodes: 4aa21327-2828-4bcf-afee-bc0e28759617{ip: 192.168.5.187, host: trunk-nightly-z92hn-1831959607, networkLocation: /default-rack, certSerialId: null}385dbeb7-bcfc-4c9d-9cc8-2a0122c6df21{ip: 192.168.5.187, host: trunk-nightly-z92hn-1831959607, networkLocation: /default-rack, certSerialId: null}7ba4b158-ac09-4538-907e-38781997cb7b{ip: 192.168.5.187, host: trunk-nightly-z92hn-1831959607, networkLocation: /default-rack, certSerialId: null}, Type:RATIS, Factor:THREE, State:OPEN]
2019-07-13 16:37:12,306 INFO  pipeline.PipelineStateManager (PipelineStateManager.java:finalizePipeline(123)) - Pipeline Pipeline[ Id: 7a067149-c987-4b6a-972d-c4134929d265, Nodes: 4aa21327-2828-4bcf-afee-bc0e28759617{ip: 192.168.5.187, host: trunk-nightly-z92hn-1831959607, networkLocation: /default-rack, certSerialId: null}385dbeb7-bcfc-4c9d-9cc8-2a0122c6df21{ip: 192.168.5.187, host: trunk-nightly-z92hn-1831959607, networkLocation: /default-rack, certSerialId: null}7ba4b158-ac09-4538-907e-38781997cb7b{ip: 192.168.5.187, host: trunk-nightly-z92hn-1831959607, networkLocation: /default-rack, certSerialId: null}, Type:RATIS, Factor:THREE, State:CLOSED] moved to CLOSED state
2019-07-13 16:37:12,306 INFO  pipeline.SCMPipelineManager (SCMPipelineManager.java:finalizeAndDestroyPipeline(309)) - destroying pipeline:Pipeline[ Id: 9ad6bd57-5776-46b5-8883-7cfa629c0f79, Nodes: 4aa21327-2828-4bcf-afee-bc0e28759617{ip: 192.168.5.187, host: trunk-nightly-z92hn-1831959607, networkLocation: /default-rack, certSerialId: null}, Type:RATIS, Factor:ONE, State:OPEN]
2019-07-13 16:37:12,306 INFO  pipeline.PipelineStateManager (PipelineStateManager.java:finalizePipeline(123)) - Pipeline Pipeline[ Id: 9ad6bd57-5776-46b5-8883-7cfa629c0f79, Nodes: 4aa21327-2828-4bcf-afee-bc0e28759617{ip: 192.168.5.187, host: trunk-nightly-z92hn-1831959607, networkLocation: /default-rack, certSerialId: null}, Type:RATIS, Factor:ONE, State:CLOSED] moved to CLOSED state
2019-07-13 16:37:12,505 INFO  node.StaleNodeHandler (StaleNodeHandler.java:onMessage(58)) - Datanode 36ae1c90-1a2d-489e-92cd-e60a8d4b511f{ip: 192.168.5.187, host: trunk-nightly-z92hn-1831959607, networkLocation: /default-rack, certSerialId: null} moved to stale state. Finalizing its pipelines [PipelineID=495e2770-d0e3-45a9-9c6b-20f5a04d3790, PipelineID=dfffe400-27f5-48c9-b6fa-7d7226622f26]
2019-07-13 16:37:12,505 INFO  pipeline.SCMPipelineManager (SCMPipelineManager.java:finalizeAndDestroyPipeline(309)) - destroying pipeline:Pipeline[ Id: 495e2770-d0e3-45a9-9c6b-20f5a04d3790, Nodes: 36ae1c90-1a2d-489e-92cd-e60a8d4b511f{ip: 192.168.5.187, host: trunk-nightly-z92hn-1831959607, networkLocation: /default-rack, certSerialId: null}, Type:RATIS, Factor:ONE, State:OPEN]
2019-07-13 16:37:12,506 INFO  pipeline.PipelineStateManager (PipelineStateManager.java:finalizePipeline(123)) - Pipeline Pipeline[ Id: 495e2770-d0e3-45a9-9c6b-20f5a04d3790, Nodes: 36ae1c90-1a2d-489e-92cd-e60a8d4b511f{ip: 192.168.5.187, host: trunk-nightly-z92hn-1831959607, networkLocation: /default-rack, certSerialId: null}, Type:RATIS, Factor:ONE, State:CLOSED] moved to CLOSED state
2019-07-13 16:37:12,506 INFO  pipeline.SCMPipelineManager (SCMPipelineManager.java:finalizeAndDestroyPipeline(309)) - destroying pipeline:Pipeline[ Id: dfffe400-27f5-48c9-b6fa-7d7226622f26, Nodes: 3714f87c-c20b-462c-a483-4e53e291f7de{ip: 192.168.5.187, host: trunk-nightly-z92hn-1831959607, networkLocation: /default-rack, certSerialId: null}1e98dda5-7541-4657-b55c-d3eb0b5d2574{ip: 192.168.5.187, host: trunk-nightly-z92hn-1831959607, networkLocation: /default-rack, certSerialId: null}36ae1c90-1a2d-489e-92cd-e60a8d4b511f{ip: 192.168.5.187, host: trunk-nightly-z92hn-1831959607, networkLocation: /default-rack, certSerialId: null}, Type:RATIS, Factor:THREE, State:OPEN]
2019-07-13 16:37:12,506 INFO  pipeline.PipelineStateManager (PipelineStateManager.java:finalizePipeline(123)) - Pipeline Pipeline[ Id: dfffe400-27f5-48c9-b6fa-7d7226622f26, Nodes: 3714f87c-c20b-462c-a483-4e53e291f7de{ip: 192.168.5.187, host: trunk-nightly-z92hn-1831959607, networkLocation: /default-rack, certSerialId: null}1e98dda5-7541-4657-b55c-d3eb0b5d2574{ip: 192.168.5.187, host: trunk-nightly-z92hn-1831959607, networkLocation: /default-rack, certSerialId: null}36ae1c90-1a2d-489e-92cd-e60a8d4b511f{ip: 192.168.5.187, host: trunk-nightly-z92hn-1831959607, networkLocation: /default-rack, certSerialId: null}, Type:RATIS, Factor:THREE, State:CLOSED] moved to CLOSED state
2019-07-13 16:37:12,506 INFO  container.CloseContainerEventHandler (CloseContainerEventHandler.java:onMessage(61)) - Close container Event triggered for container : #2
2019-07-13 16:37:12,631 INFO  ozoneimpl.OzoneContainer (OzoneContainer.java:stop(199)) - Attempting to stop container services.
2019-07-13 16:37:12,631 INFO  impl.RaftServerProxy (RaftServerProxy.java:lambda$close$4(314)) - 4aa21327-2828-4bcf-afee-bc0e28759617: close
2019-07-13 16:37:12,631 INFO  ozoneimpl.OzoneContainer (OzoneContainer.java:stop(199)) - Attempting to stop container services.
2019-07-13 16:37:12,632 INFO  impl.RaftServerImpl (RaftServerImpl.java:lambda$shutdown$3(245)) - 4aa21327-2828-4bcf-afee-bc0e28759617: shutdown group-C4134929D265
2019-07-13 16:37:12,632 INFO  impl.RaftServerProxy (RaftServerProxy.java:lambda$close$4(314)) - 36ae1c90-1a2d-489e-92cd-e60a8d4b511f: close
2019-07-13 16:37:12,633 INFO  util.JmxRegister (JmxRegister.java:unregister(73)) - Successfully un-registered JMX Bean with object name Ratis:service=RaftServer,group=group-C4134929D265,id=4aa21327-2828-4bcf-afee-bc0e28759617
2019-07-13 16:37:12,633 INFO  impl.RoleInfo (RoleInfo.java:shutdownLeaderState(104)) - 4aa21327-2828-4bcf-afee-bc0e28759617: shutdown LeaderState
2019-07-13 16:37:12,633 INFO  impl.RaftServerImpl (RaftServerImpl.java:lambda$shutdown$3(245)) - 36ae1c90-1a2d-489e-92cd-e60a8d4b511f: shutdown group-20F5A04D3790
2019-07-13 16:37:12,640 WARN  server.GrpcLogAppender (GrpcLogAppender.java:mayWait(143)) - GrpcLogAppender(4aa21327-2828-4bcf-afee-bc0e28759617->7ba4b158-ac09-4538-907e-38781997cb7b): Wait interrupted by java.lang.InterruptedException
2019-07-13 16:37:12,640 WARN  server.GrpcLogAppender (GrpcLogAppender.java:mayWait(143)) - GrpcLogAppender(4aa21327-2828-4bcf-afee-bc0e28759617->385dbeb7-bcfc-4c9d-9cc8-2a0122c6df21): Wait interrupted by java.lang.InterruptedException
2019-07-13 16:37:12,640 INFO  impl.PendingRequests (PendingRequests.java:sendNotLeaderResponses(202)) - 4aa21327-2828-4bcf-afee-bc0e28759617-PendingRequests: sendNotLeaderResponses
2019-07-13 16:37:12,641 INFO  server.GrpcServerProtocolService (GrpcServerProtocolService.java:onCompleted(104)) - 7ba4b158-ac09-4538-907e-38781997cb7b: appendEntries completed
2019-07-13 16:37:12,641 INFO  server.GrpcServerProtocolService (GrpcServerProtocolService.java:onCompleted(104)) - 385dbeb7-bcfc-4c9d-9cc8-2a0122c6df21: appendEntries completed
2019-07-13 16:37:12,640 INFO  util.JmxRegister (JmxRegister.java:unregister(73)) - Successfully un-registered JMX Bean with object name Ratis:service=RaftServer,group=group-20F5A04D3790,id=36ae1c90-1a2d-489e-92cd-e60a8d4b511f
2019-07-13 16:37:12,649 INFO  impl.RoleInfo (RoleInfo.java:shutdownLeaderState(104)) - 36ae1c90-1a2d-489e-92cd-e60a8d4b511f: shutdown LeaderState
2019-07-13 16:37:12,646 INFO  server.GrpcLogAppender (GrpcLogAppender.java:onCompleted(292)) - 4aa21327-2828-4bcf-afee-bc0e28759617->7ba4b158-ac09-4538-907e-38781997cb7b: follower responses appendEntries COMPLETED
2019-07-13 16:37:12,646 INFO  ratis.ContainerStateMachine (ContainerStateMachine.java:takeSnapshot(246)) - Taking snapshot at termIndex:(t:1, i:8)
2019-07-13 16:37:12,650 INFO  ratis.ContainerStateMachine (ContainerStateMachine.java:takeSnapshot(250)) - Taking a snapshot to file /tmp/workdir/hadoop-ozone/integration-test/target/test-dir/MiniOzoneClusterImpl-ff639893-bec4-4f82-8d2e-9b96d860749a/datanode-1/data/ratis/7a067149-c987-4b6a-972d-c4134929d265/sm/snapshot.1_8
2019-07-13 16:37:12,646 INFO  impl.StateMachineUpdater (StateMachineUpdater.java:stopAndJoin(115)) - StateMachineUpdater:4aa21327-2828-4bcf-afee-bc0e28759617:group-C4134929D265: set stopIndex = 8
2019-07-13 16:37:12,650 INFO  impl.FollowerInfo (FollowerInfo.java:lambda$new$0(50)) - 4aa21327-2828-4bcf-afee-bc0e28759617->7ba4b158-ac09-4538-907e-38781997cb7b: nextIndex: updateUnconditionally 9 -> 8
2019-07-13 16:37:12,650 INFO  impl.PendingRequests (PendingRequests.java:sendNotLeaderResponses(202)) - 36ae1c90-1a2d-489e-92cd-e60a8d4b511f-PendingRequests: sendNotLeaderResponses
2019-07-13 16:37:12,649 INFO  server.GrpcLogAppender (GrpcLogAppender.java:onCompleted(292)) - 4aa21327-2828-4bcf-afee-bc0e28759617->385dbeb7-bcfc-4c9d-9cc8-2a0122c6df21: follower responses appendEntries COMPLETED
2019-07-13 16:37:12,651 INFO  ratis.ContainerStateMachine (ContainerStateMachine.java:takeSnapshot(246)) - Taking snapshot at termIndex:(t:0, i:~)
2019-07-13 16:37:12,651 INFO  impl.StateMachineUpdater (StateMachineUpdater.java:stopAndJoin(115)) - StateMachineUpdater:36ae1c90-1a2d-489e-92cd-e60a8d4b511f:group-20F5A04D3790: set stopIndex = 0
2019-07-13 16:37:12,652 INFO  impl.RaftServerImpl (ServerState.java:close(394)) - 36ae1c90-1a2d-489e-92cd-e60a8d4b511f:group-20F5A04D3790 closes. The last applied log index is 0
2019-07-13 16:37:12,652 INFO  impl.FollowerInfo (FollowerInfo.java:lambda$new$0(50)) - 4aa21327-2828-4bcf-afee-bc0e28759617->385dbeb7-bcfc-4c9d-9cc8-2a0122c6df21: nextIndex: updateUnconditionally 9 -> 8
2019-07-13 16:37:12,653 INFO  segmented.SegmentedRaftLogWorker (SegmentedRaftLogWorker.java:run(313)) - 36ae1c90-1a2d-489e-92cd-e60a8d4b511f-SegmentedRaftLogWorker:Storage Directory /tmp/workdir/hadoop-ozone/integration-test/target/test-dir/MiniOzoneClusterImpl-ff639893-bec4-4f82-8d2e-9b96d860749a/datanode-4/data/ratis/495e2770-d0e3-45a9-9c6b-20f5a04d3790 was interrupted, exiting. There are 0 tasks remaining in the queue.
2019-07-13 16:37:12,662 INFO  impl.StateMachineUpdater (StateMachineUpdater.java:takeSnapshot(242)) - StateMachineUpdater:4aa21327-2828-4bcf-afee-bc0e28759617:group-C4134929D265: Took a snapshot at index 8
2019-07-13 16:37:12,662 INFO  segmented.SegmentedRaftLogWorker (SegmentedRaftLogWorker.java:close(228)) - 36ae1c90-1a2d-489e-92cd-e60a8d4b511f-SegmentedRaftLogWorker:Storage Directory /tmp/workdir/hadoop-ozone/integration-test/target/test-dir/MiniOzoneClusterImpl-ff639893-bec4-4f82-8d2e-9b96d860749a/datanode-4/data/ratis/495e2770-d0e3-45a9-9c6b-20f5a04d3790 close()
2019-07-13 16:37:12,662 INFO  impl.StateMachineUpdater (StateMachineUpdater.java:lambda$new$0(80)) - StateMachineUpdater:4aa21327-2828-4bcf-afee-bc0e28759617:group-C4134929D265: snapshotIndex: updateIncreasingly -1 -> 8
2019-07-13 16:37:12,667 INFO  impl.RaftServerImpl (RaftServerImpl.java:lambda$shutdown$3(245)) - 36ae1c90-1a2d-489e-92cd-e60a8d4b511f: shutdown group-7D7226622F26
2019-07-13 16:37:12,667 INFO  impl.RaftServerImpl (ServerState.java:close(394)) - 4aa21327-2828-4bcf-afee-bc0e28759617:group-C4134929D265 closes. The last applied log index is 8
2019-07-13 16:37:12,667 INFO  util.JmxRegister (JmxRegister.java:unregister(73)) - Successfully un-registered JMX Bean with object name Ratis:service=RaftServer,group=group-7D7226622F26,id=36ae1c90-1a2d-489e-92cd-e60a8d4b511f
2019-07-13 16:37:12,668 INFO  impl.RoleInfo (RoleInfo.java:shutdownFollowerState(121)) - 36ae1c90-1a2d-489e-92cd-e60a8d4b511f: shutdown FollowerState
2019-07-13 16:37:12,669 INFO  impl.StateMachineUpdater (StateMachineUpdater.java:stopAndJoin(115)) - StateMachineUpdater:36ae1c90-1a2d-489e-92cd-e60a8d4b511f:group-7D7226622F26: set stopIndex = 8
2019-07-13 16:37:12,668 INFO  segmented.SegmentedRaftLogWorker (SegmentedRaftLogWorker.java:run(313)) - 4aa21327-2828-4bcf-afee-bc0e28759617-SegmentedRaftLogWorker:Storage Directory /tmp/workdir/hadoop-ozone/integration-test/target/test-dir/MiniOzoneClusterImpl-ff639893-bec4-4f82-8d2e-9b96d860749a/datanode-1/data/ratis/7a067149-c987-4b6a-972d-c4134929d265 was interrupted, exiting. There are 0 tasks remaining in the queue.
2019-07-13 16:37:12,669 INFO  impl.FollowerState (FollowerState.java:run(114)) - 36ae1c90-1a2d-489e-92cd-e60a8d4b511f: FollowerState was interrupted: java.lang.InterruptedException: sleep interrupted
2019-07-13 16:37:12,669 INFO  ratis.ContainerStateMachine (ContainerStateMachine.java:takeSnapshot(246)) - Taking snapshot at termIndex:(t:3, i:6)
2019-07-13 16:37:12,672 INFO  segmented.SegmentedRaftLogWorker (SegmentedRaftLogWorker.java:close(228)) - 4aa21327-2828-4bcf-afee-bc0e28759617-SegmentedRaftLogWorker:Storage Directory /tmp/workdir/hadoop-ozone/integration-test/target/test-dir/MiniOzoneClusterImpl-ff639893-bec4-4f82-8d2e-9b96d860749a/datanode-1/data/ratis/7a067149-c987-4b6a-972d-c4134929d265 close()
2019-07-13 16:37:12,686 INFO  ratis.ContainerStateMachine (ContainerStateMachine.java:takeSnapshot(250)) - Taking a snapshot to file /tmp/workdir/hadoop-ozone/integration-test/target/test-dir/MiniOzoneClusterImpl-ff639893-bec4-4f82-8d2e-9b96d860749a/datanode-4/data/ratis/dfffe400-27f5-48c9-b6fa-7d7226622f26/sm/snapshot.3_6
2019-07-13 16:37:12,690 INFO  impl.RaftServerImpl (RaftServerImpl.java:lambda$shutdown$3(245)) - 4aa21327-2828-4bcf-afee-bc0e28759617: shutdown group-7CFA629C0F79
2019-07-13 16:37:12,691 INFO  impl.StateMachineUpdater (StateMachineUpdater.java:takeSnapshot(242)) - StateMachineUpdater:36ae1c90-1a2d-489e-92cd-e60a8d4b511f:group-7D7226622F26: Took a snapshot at index 6
2019-07-13 16:37:12,691 INFO  util.JmxRegister (JmxRegister.java:unregister(73)) - Successfully un-registered JMX Bean with object name Ratis:service=RaftServer,group=group-7CFA629C0F79,id=4aa21327-2828-4bcf-afee-bc0e28759617
2019-07-13 16:37:12,691 INFO  impl.StateMachineUpdater (StateMachineUpdater.java:lambda$new$0(80)) - StateMachineUpdater:36ae1c90-1a2d-489e-92cd-e60a8d4b511f:group-7D7226622F26: snapshotIndex: updateIncreasingly -1 -> 6
2019-07-13 16:37:12,691 INFO  impl.RoleInfo (RoleInfo.java:shutdownLeaderState(104)) - 4aa21327-2828-4bcf-afee-bc0e28759617: shutdown LeaderState
2019-07-13 16:37:12,692 INFO  impl.RaftServerImpl (ServerState.java:close(394)) - 36ae1c90-1a2d-489e-92cd-e60a8d4b511f:group-7D7226622F26 closes. The last applied log index is 8
2019-07-13 16:37:12,692 INFO  impl.PendingRequests (PendingRequests.java:sendNotLeaderResponses(202)) - 4aa21327-2828-4bcf-afee-bc0e28759617-PendingRequests: sendNotLeaderResponses
2019-07-13 16:37:12,692 INFO  segmented.SegmentedRaftLogWorker (SegmentedRaftLogWorker.java:run(313)) - 36ae1c90-1a2d-489e-92cd-e60a8d4b511f-SegmentedRaftLogWorker:Storage Directory /tmp/workdir/hadoop-ozone/integration-test/target/test-dir/MiniOzoneClusterImpl-ff639893-bec4-4f82-8d2e-9b96d860749a/datanode-4/data/ratis/dfffe400-27f5-48c9-b6fa-7d7226622f26 was interrupted, exiting. There are 0 tasks remaining in the queue.
2019-07-13 16:37:12,692 INFO  impl.StateMachineUpdater (StateMachineUpdater.java:stopAndJoin(115)) - StateMachineUpdater:4aa21327-2828-4bcf-afee-bc0e28759617:group-7CFA629C0F79: set stopIndex = 0
2019-07-13 16:37:12,695 INFO  segmented.SegmentedRaftLogWorker (SegmentedRaftLogWorker.java:close(228)) - 36ae1c90-1a2d-489e-92cd-e60a8d4b511f-SegmentedRaftLogWorker:Storage Directory /tmp/workdir/hadoop-ozone/integration-test/target/test-dir/MiniOzoneClusterImpl-ff639893-bec4-4f82-8d2e-9b96d860749a/datanode-4/data/ratis/dfffe400-27f5-48c9-b6fa-7d7226622f26 close()
2019-07-13 16:37:12,693 INFO  ratis.ContainerStateMachine (ContainerStateMachine.java:takeSnapshot(246)) - Taking snapshot at termIndex:(t:0, i:~)
2019-07-13 16:37:12,699 INFO  server.GrpcService (GrpcService.java:closeImpl(155)) - 36ae1c90-1a2d-489e-92cd-e60a8d4b511f: shutdown server with port 45344 now
2019-07-13 16:37:12,700 INFO  impl.RaftServerImpl (ServerState.java:close(394)) - 4aa21327-2828-4bcf-afee-bc0e28759617:group-7CFA629C0F79 closes. The last applied log index is 0
2019-07-13 16:37:12,700 INFO  segmented.SegmentedRaftLogWorker (SegmentedRaftLogWorker.java:run(313)) - 4aa21327-2828-4bcf-afee-bc0e28759617-SegmentedRaftLogWorker:Storage Directory /tmp/workdir/hadoop-ozone/integration-test/target/test-dir/MiniOzoneClusterImpl-ff639893-bec4-4f82-8d2e-9b96d860749a/datanode-1/data/ratis/9ad6bd57-5776-46b5-8883-7cfa629c0f79 was interrupted, exiting. There are 0 tasks remaining in the queue.
2019-07-13 16:37:12,703 INFO  server.GrpcService (GrpcService.java:closeImpl(163)) - 36ae1c90-1a2d-489e-92cd-e60a8d4b511f: shutdown server with port 45344 successfully
2019-07-13 16:37:12,702 WARN  server.GrpcServerProtocolService (LogUtils.java:warn(134)) - 36ae1c90-1a2d-489e-92cd-e60a8d4b511f: appendEntries onError: org.apache.ratis.thirdparty.io.grpc.StatusRuntimeException: CANCELLED: cancelled before receiving half close
2019-07-13 16:37:12,705 WARN  server.GrpcLogAppender (LogUtils.java:warn(134)) - 3714f87c-c20b-462c-a483-4e53e291f7de->36ae1c90-1a2d-489e-92cd-e60a8d4b511f: Failed appendEntries: org.apache.ratis.thirdparty.io.grpc.StatusRuntimeException: CANCELLED: HTTP/2 error code: CANCEL
Received Rst Stream
2019-07-13 16:37:12,705 INFO  segmented.SegmentedRaftLogWorker (SegmentedRaftLogWorker.java:close(228)) - 4aa21327-2828-4bcf-afee-bc0e28759617-SegmentedRaftLogWorker:Storage Directory /tmp/workdir/hadoop-ozone/integration-test/target/test-dir/MiniOzoneClusterImpl-ff639893-bec4-4f82-8d2e-9b96d860749a/datanode-1/data/ratis/9ad6bd57-5776-46b5-8883-7cfa629c0f79 close()
2019-07-13 16:37:12,706 INFO  utils.BackgroundService (BackgroundService.java:shutdown(148)) - Shutting down service BlockDeletingService
2019-07-13 16:37:12,706 INFO  impl.FollowerInfo (FollowerInfo.java:lambda$new$0(50)) - 3714f87c-c20b-462c-a483-4e53e291f7de->36ae1c90-1a2d-489e-92cd-e60a8d4b511f: nextIndex: updateUnconditionally 9 -> 8
2019-07-13 16:37:12,712 INFO  server.GrpcService (GrpcService.java:closeImpl(155)) - 4aa21327-2828-4bcf-afee-bc0e28759617: shutdown server with port 43143 now
2019-07-13 16:37:12,713 WARN  fs.CachingGetSpaceUsed (CachingGetSpaceUsed.java:run(183)) - Thread Interrupted waiting to refresh disk information: sleep interrupted
2019-07-13 16:37:12,713 INFO  server.GrpcService (GrpcService.java:closeImpl(163)) - 4aa21327-2828-4bcf-afee-bc0e28759617: shutdown server with port 43143 successfully
2019-07-13 16:37:12,715 INFO  utils.BackgroundService (BackgroundService.java:shutdown(148)) - Shutting down service BlockDeletingService
2019-07-13 16:37:12,720 WARN  fs.CachingGetSpaceUsed (CachingGetSpaceUsed.java:run(183)) - Thread Interrupted waiting to refresh disk information: sleep interrupted
2019-07-13 16:37:12,733 INFO  statemachine.DatanodeStateMachine (DatanodeStateMachine.java:stopDaemon(395)) - Ozone container server stopped.
2019-07-13 16:37:12,734 INFO  handler.ContextHandler (ContextHandler.java:doStop(910)) - Stopped o.e.j.w.WebAppContext@3333b099{/,null,UNAVAILABLE}{/hddsDatanode}
2019-07-13 16:37:12,734 INFO  server.AbstractConnector (AbstractConnector.java:doStop(318)) - Stopped ServerConnector@281e2637{HTTP/1.1,[http/1.1]}{0.0.0.0:0}
2019-07-13 16:37:12,735 INFO  handler.ContextHandler (ContextHandler.java:doStop(910)) - Stopped o.e.j.s.ServletContextHandler@35798cd0{/static,jar:file:/home/user/.m2/repository/org/apache/hadoop/hadoop-hdds-container-service/0.5.0-SNAPSHOT/hadoop-hdds-container-service-0.5.0-SNAPSHOT.jar!/webapps/static,UNAVAILABLE}
2019-07-13 16:37:12,735 INFO  handler.ContextHandler (ContextHandler.java:doStop(910)) - Stopped o.e.j.s.ServletContextHandler@4d6f8691{/logs,file:///tmp/workdir/hadoop-ozone/integration-test/target/log,UNAVAILABLE}
2019-07-13 16:37:12,736 INFO  datanode.ObjectStoreHandler (ObjectStoreHandler.java:close(155)) - Closing ObjectStoreHandler.
2019-07-13 16:37:12,736 INFO  ozone.HddsDatanodeService (HddsDatanodeService.java:stop(452)) - Stopped plug-in org.apache.hadoop.ozone.web.OzoneHddsDatanodeService@3ca26839
2019-07-13 16:37:12,747 INFO  statemachine.DatanodeStateMachine (DatanodeStateMachine.java:stopDaemon(395)) - Ozone container server stopped.
2019-07-13 16:37:12,753 INFO  handler.ContextHandler (ContextHandler.java:doStop(910)) - Stopped o.e.j.w.WebAppContext@6804a46a{/,null,UNAVAILABLE}{/hddsDatanode}
2019-07-13 16:37:12,753 INFO  server.AbstractConnector (AbstractConnector.java:doStop(318)) - Stopped ServerConnector@3df3e1e9{HTTP/1.1,[http/1.1]}{0.0.0.0:0}
2019-07-13 16:37:12,755 INFO  handler.ContextHandler (ContextHandler.java:doStop(910)) - Stopped o.e.j.s.ServletContextHandler@cc64e22{/static,jar:file:/home/user/.m2/repository/org/apache/hadoop/hadoop-hdds-container-service/0.5.0-SNAPSHOT/hadoop-hdds-container-service-0.5.0-SNAPSHOT.jar!/webapps/static,UNAVAILABLE}
2019-07-13 16:37:12,757 INFO  handler.ContextHandler (ContextHandler.java:doStop(910)) - Stopped o.e.j.s.ServletContextHandler@1fe8a2fc{/logs,file:///tmp/workdir/hadoop-ozone/integration-test/target/log,UNAVAILABLE}
2019-07-13 16:37:12,758 INFO  datanode.ObjectStoreHandler (ObjectStoreHandler.java:close(155)) - Closing ObjectStoreHandler.
2019-07-13 16:37:12,758 INFO  ozone.HddsDatanodeService (HddsDatanodeService.java:stop(452)) - Stopped plug-in org.apache.hadoop.ozone.web.OzoneHddsDatanodeService@10dba2e3
2019-07-13 16:37:13,289 INFO  statemachine.DatanodeStateMachine (DatanodeStateMachine.java:lambda$startDaemon$0(350)) - Ozone container server started.
2019-07-13 16:37:13,487 INFO  statemachine.DatanodeStateMachine (DatanodeStateMachine.java:lambda$startDaemon$0(350)) - Ozone container server started.
2019-07-13 16:37:14,498 WARN  server.GrpcLogAppender (LogUtils.java:warn(134)) - 3714f87c-c20b-462c-a483-4e53e291f7de->36ae1c90-1a2d-489e-92cd-e60a8d4b511f: Failed appendEntries: org.apache.ratis.thirdparty.io.grpc.StatusRuntimeException: UNAVAILABLE: io exception
2019-07-13 16:37:14,498 INFO  impl.FollowerInfo (FollowerInfo.java:lambda$new$0(50)) - 3714f87c-c20b-462c-a483-4e53e291f7de->36ae1c90-1a2d-489e-92cd-e60a8d4b511f: nextIndex: updateUnconditionally 9 -> 8
2019-07-13 16:37:14,526 WARN  server.GrpcLogAppender (LogUtils.java:warn(134)) - 3714f87c-c20b-462c-a483-4e53e291f7de->36ae1c90-1a2d-489e-92cd-e60a8d4b511f: Failed appendEntries: org.apache.ratis.thirdparty.io.grpc.StatusRuntimeException: UNAVAILABLE: io exception
2019-07-13 16:37:14,526 INFO  impl.FollowerInfo (FollowerInfo.java:lambda$new$0(50)) - 3714f87c-c20b-462c-a483-4e53e291f7de->36ae1c90-1a2d-489e-92cd-e60a8d4b511f: nextIndex: updateUnconditionally 9 -> 8
2019-07-13 16:37:14,538 WARN  server.GrpcLogAppender (LogUtils.java:warn(134)) - 3714f87c-c20b-462c-a483-4e53e291f7de->36ae1c90-1a2d-489e-92cd-e60a8d4b511f: Failed appendEntries: org.apache.ratis.thirdparty.io.grpc.StatusRuntimeException: UNAVAILABLE: io exception
2019-07-13 16:37:14,539 INFO  impl.FollowerInfo (FollowerInfo.java:lambda$new$0(50)) - 3714f87c-c20b-462c-a483-4e53e291f7de->36ae1c90-1a2d-489e-92cd-e60a8d4b511f: nextIndex: updateUnconditionally 9 -> 8
2019-07-13 16:37:14,570 INFO  interfaces.Container (KeyValueContainer.java:compactDB(356)) - Container 2 is closed with bcsId 6.
2019-07-13 16:37:14,596 INFO  interfaces.Container (KeyValueContainer.java:compactDB(356)) - Container 2 is closed with bcsId 6.
2019-07-13 16:37:17,040 WARN  server.GrpcLogAppender (LogUtils.java:warn(134)) - 3714f87c-c20b-462c-a483-4e53e291f7de->36ae1c90-1a2d-489e-92cd-e60a8d4b511f: Failed appendEntries: org.apache.ratis.thirdparty.io.grpc.StatusRuntimeException: UNAVAILABLE: io exception
2019-07-13 16:37:17,040 INFO  impl.FollowerInfo (FollowerInfo.java:lambda$new$0(50)) - 3714f87c-c20b-462c-a483-4e53e291f7de->36ae1c90-1a2d-489e-92cd-e60a8d4b511f: nextIndex: updateUnconditionally 8 -> 7
2019-07-13 16:37:17,311 INFO  node.StaleNodeHandler (StaleNodeHandler.java:onMessage(58)) - Datanode 385dbeb7-bcfc-4c9d-9cc8-2a0122c6df21{ip: 192.168.5.187, host: trunk-nightly-z92hn-1831959607, networkLocation: /default-rack, certSerialId: null} moved to stale state. Finalizing its pipelines [PipelineID=7a067149-c987-4b6a-972d-c4134929d265, PipelineID=e10d0ad5-3cd9-4a0c-858f-c0bf1210b8cb]
2019-07-13 16:37:17,312 INFO  pipeline.SCMPipelineManager (SCMPipelineManager.java:finalizeAndDestroyPipeline(309)) - destroying pipeline:Pipeline[ Id: 7a067149-c987-4b6a-972d-c4134929d265, Nodes: 4aa21327-2828-4bcf-afee-bc0e28759617{ip: 192.168.5.187, host: trunk-nightly-z92hn-1831959607, networkLocation: /default-rack, certSerialId: null}385dbeb7-bcfc-4c9d-9cc8-2a0122c6df21{ip: 192.168.5.187, host: trunk-nightly-z92hn-1831959607, networkLocation: /default-rack, certSerialId: null}7ba4b158-ac09-4538-907e-38781997cb7b{ip: 192.168.5.187, host: trunk-nightly-z92hn-1831959607, networkLocation: /default-rack, certSerialId: null}, Type:RATIS, Factor:THREE, State:CLOSED]
2019-07-13 16:37:17,312 INFO  pipeline.SCMPipelineManager (SCMPipelineManager.java:finalizeAndDestroyPipeline(309)) - destroying pipeline:Pipeline[ Id: e10d0ad5-3cd9-4a0c-858f-c0bf1210b8cb, Nodes: 385dbeb7-bcfc-4c9d-9cc8-2a0122c6df21{ip: 192.168.5.187, host: trunk-nightly-z92hn-1831959607, networkLocation: /default-rack, certSerialId: null}, Type:RATIS, Factor:ONE, State:OPEN]
2019-07-13 16:37:17,312 INFO  pipeline.PipelineStateManager (PipelineStateManager.java:finalizePipeline(123)) - Pipeline Pipeline[ Id: e10d0ad5-3cd9-4a0c-858f-c0bf1210b8cb, Nodes: 385dbeb7-bcfc-4c9d-9cc8-2a0122c6df21{ip: 192.168.5.187, host: trunk-nightly-z92hn-1831959607, networkLocation: /default-rack, certSerialId: null}, Type:RATIS, Factor:ONE, State:CLOSED] moved to CLOSED state
2019-07-13 16:37:17,512 INFO  node.StaleNodeHandler (StaleNodeHandler.java:onMessage(58)) - Datanode 1e98dda5-7541-4657-b55c-d3eb0b5d2574{ip: 192.168.5.187, host: trunk-nightly-z92hn-1831959607, networkLocation: /default-rack, certSerialId: null} moved to stale state. Finalizing its pipelines [PipelineID=736ca4e0-1901-45c0-be4b-691ed3a45783, PipelineID=dfffe400-27f5-48c9-b6fa-7d7226622f26]
2019-07-13 16:37:17,512 INFO  pipeline.SCMPipelineManager (SCMPipelineManager.java:finalizeAndDestroyPipeline(309)) - destroying pipeline:Pipeline[ Id: 736ca4e0-1901-45c0-be4b-691ed3a45783, Nodes: 1e98dda5-7541-4657-b55c-d3eb0b5d2574{ip: 192.168.5.187, host: trunk-nightly-z92hn-1831959607, networkLocation: /default-rack, certSerialId: null}, Type:RATIS, Factor:ONE, State:OPEN]
2019-07-13 16:37:17,512 INFO  pipeline.PipelineStateManager (PipelineStateManager.java:finalizePipeline(123)) - Pipeline Pipeline[ Id: 736ca4e0-1901-45c0-be4b-691ed3a45783, Nodes: 1e98dda5-7541-4657-b55c-d3eb0b5d2574{ip: 192.168.5.187, host: trunk-nightly-z92hn-1831959607, networkLocation: /default-rack, certSerialId: null}, Type:RATIS, Factor:ONE, State:CLOSED] moved to CLOSED state
2019-07-13 16:37:17,512 INFO  pipeline.SCMPipelineManager (SCMPipelineManager.java:finalizeAndDestroyPipeline(309)) - destroying pipeline:Pipeline[ Id: dfffe400-27f5-48c9-b6fa-7d7226622f26, Nodes: 3714f87c-c20b-462c-a483-4e53e291f7de{ip: 192.168.5.187, host: trunk-nightly-z92hn-1831959607, networkLocation: /default-rack, certSerialId: null}1e98dda5-7541-4657-b55c-d3eb0b5d2574{ip: 192.168.5.187, host: trunk-nightly-z92hn-1831959607, networkLocation: /default-rack, certSerialId: null}36ae1c90-1a2d-489e-92cd-e60a8d4b511f{ip: 192.168.5.187, host: trunk-nightly-z92hn-1831959607, networkLocation: /default-rack, certSerialId: null}, Type:RATIS, Factor:THREE, State:CLOSED]
2019-07-13 16:37:17,738 INFO  ozoneimpl.OzoneContainer (OzoneContainer.java:stop(199)) - Attempting to stop container services.
2019-07-13 16:37:17,738 INFO  impl.RaftServerProxy (RaftServerProxy.java:lambda$close$4(314)) - 1e98dda5-7541-4657-b55c-d3eb0b5d2574: close
2019-07-13 16:37:17,739 INFO  impl.RaftServerImpl (RaftServerImpl.java:lambda$shutdown$3(245)) - 1e98dda5-7541-4657-b55c-d3eb0b5d2574: shutdown group-691ED3A45783
2019-07-13 16:37:17,740 INFO  util.JmxRegister (JmxRegister.java:unregister(73)) - Successfully un-registered JMX Bean with object name Ratis:service=RaftServer,group=group-691ED3A45783,id=1e98dda5-7541-4657-b55c-d3eb0b5d2574
2019-07-13 16:37:17,740 INFO  impl.RoleInfo (RoleInfo.java:shutdownLeaderState(104)) - 1e98dda5-7541-4657-b55c-d3eb0b5d2574: shutdown LeaderState
2019-07-13 16:37:17,741 INFO  impl.PendingRequests (PendingRequests.java:sendNotLeaderResponses(202)) - 1e98dda5-7541-4657-b55c-d3eb0b5d2574-PendingRequests: sendNotLeaderResponses
2019-07-13 16:37:17,741 INFO  impl.StateMachineUpdater (StateMachineUpdater.java:stopAndJoin(115)) - StateMachineUpdater:1e98dda5-7541-4657-b55c-d3eb0b5d2574:group-691ED3A45783: set stopIndex = 0
2019-07-13 16:37:17,742 INFO  ratis.ContainerStateMachine (ContainerStateMachine.java:takeSnapshot(246)) - Taking snapshot at termIndex:(t:0, i:~)
2019-07-13 16:37:17,746 INFO  impl.RaftServerImpl (ServerState.java:close(394)) - 1e98dda5-7541-4657-b55c-d3eb0b5d2574:group-691ED3A45783 closes. The last applied log index is 0
2019-07-13 16:37:17,747 INFO  segmented.SegmentedRaftLogWorker (SegmentedRaftLogWorker.java:run(313)) - 1e98dda5-7541-4657-b55c-d3eb0b5d2574-SegmentedRaftLogWorker:Storage Directory /tmp/workdir/hadoop-ozone/integration-test/target/test-dir/MiniOzoneClusterImpl-ff639893-bec4-4f82-8d2e-9b96d860749a/datanode-3/data/ratis/736ca4e0-1901-45c0-be4b-691ed3a45783 was interrupted, exiting. There are 0 tasks remaining in the queue.
2019-07-13 16:37:17,754 INFO  segmented.SegmentedRaftLogWorker (SegmentedRaftLogWorker.java:close(228)) - 1e98dda5-7541-4657-b55c-d3eb0b5d2574-SegmentedRaftLogWorker:Storage Directory /tmp/workdir/hadoop-ozone/integration-test/target/test-dir/MiniOzoneClusterImpl-ff639893-bec4-4f82-8d2e-9b96d860749a/datanode-3/data/ratis/736ca4e0-1901-45c0-be4b-691ed3a45783 close()
2019-07-13 16:37:17,758 INFO  impl.RaftServerImpl (RaftServerImpl.java:lambda$shutdown$3(245)) - 1e98dda5-7541-4657-b55c-d3eb0b5d2574: shutdown group-7D7226622F26
2019-07-13 16:37:17,759 INFO  util.JmxRegister (JmxRegister.java:unregister(73)) - Successfully un-registered JMX Bean with object name Ratis:service=RaftServer,group=group-7D7226622F26,id=1e98dda5-7541-4657-b55c-d3eb0b5d2574
2019-07-13 16:37:17,759 INFO  ozoneimpl.OzoneContainer (OzoneContainer.java:stop(199)) - Attempting to stop container services.
2019-07-13 16:37:17,759 INFO  impl.RoleInfo (RoleInfo.java:shutdownFollowerState(121)) - 1e98dda5-7541-4657-b55c-d3eb0b5d2574: shutdown FollowerState
2019-07-13 16:37:17,759 INFO  impl.RaftServerProxy (RaftServerProxy.java:lambda$close$4(314)) - 385dbeb7-bcfc-4c9d-9cc8-2a0122c6df21: close
2019-07-13 16:37:17,760 INFO  impl.StateMachineUpdater (StateMachineUpdater.java:stopAndJoin(115)) - StateMachineUpdater:1e98dda5-7541-4657-b55c-d3eb0b5d2574:group-7D7226622F26: set stopIndex = 10
2019-07-13 16:37:17,760 INFO  impl.RaftServerImpl (RaftServerImpl.java:lambda$shutdown$3(245)) - 385dbeb7-bcfc-4c9d-9cc8-2a0122c6df21: shutdown group-C4134929D265
2019-07-13 16:37:17,760 INFO  impl.FollowerState (FollowerState.java:run(114)) - 1e98dda5-7541-4657-b55c-d3eb0b5d2574: FollowerState was interrupted: java.lang.InterruptedException: sleep interrupted
2019-07-13 16:37:17,760 INFO  ratis.ContainerStateMachine (ContainerStateMachine.java:takeSnapshot(246)) - Taking snapshot at termIndex:(t:3, i:9)
2019-07-13 16:37:17,761 INFO  util.JmxRegister (JmxRegister.java:unregister(73)) - Successfully un-registered JMX Bean with object name Ratis:service=RaftServer,group=group-C4134929D265,id=385dbeb7-bcfc-4c9d-9cc8-2a0122c6df21
2019-07-13 16:37:17,761 INFO  ratis.ContainerStateMachine (ContainerStateMachine.java:takeSnapshot(250)) - Taking a snapshot to file /tmp/workdir/hadoop-ozone/integration-test/target/test-dir/MiniOzoneClusterImpl-ff639893-bec4-4f82-8d2e-9b96d860749a/datanode-3/data/ratis/dfffe400-27f5-48c9-b6fa-7d7226622f26/sm/snapshot.3_9
2019-07-13 16:37:17,761 INFO  impl.RoleInfo (RoleInfo.java:shutdownFollowerState(121)) - 385dbeb7-bcfc-4c9d-9cc8-2a0122c6df21: shutdown FollowerState
2019-07-13 16:37:17,762 INFO  impl.StateMachineUpdater (StateMachineUpdater.java:stopAndJoin(115)) - StateMachineUpdater:385dbeb7-bcfc-4c9d-9cc8-2a0122c6df21:group-C4134929D265: set stopIndex = 8
2019-07-13 16:37:17,762 INFO  impl.FollowerState (FollowerState.java:run(114)) - 385dbeb7-bcfc-4c9d-9cc8-2a0122c6df21: FollowerState was interrupted: java.lang.InterruptedException: sleep interrupted
2019-07-13 16:37:17,762 INFO  ratis.ContainerStateMachine (ContainerStateMachine.java:takeSnapshot(246)) - Taking snapshot at termIndex:(t:1, i:7)
2019-07-13 16:37:17,762 INFO  ratis.ContainerStateMachine (ContainerStateMachine.java:takeSnapshot(250)) - Taking a snapshot to file /tmp/workdir/hadoop-ozone/integration-test/target/test-dir/MiniOzoneClusterImpl-ff639893-bec4-4f82-8d2e-9b96d860749a/datanode-2/data/ratis/7a067149-c987-4b6a-972d-c4134929d265/sm/snapshot.1_7
2019-07-13 16:37:17,762 INFO  impl.StateMachineUpdater (StateMachineUpdater.java:takeSnapshot(242)) - StateMachineUpdater:1e98dda5-7541-4657-b55c-d3eb0b5d2574:group-7D7226622F26: Took a snapshot at index 9
2019-07-13 16:37:17,763 INFO  impl.StateMachineUpdater (StateMachineUpdater.java:lambda$new$0(80)) - StateMachineUpdater:1e98dda5-7541-4657-b55c-d3eb0b5d2574:group-7D7226622F26: snapshotIndex: updateIncreasingly -1 -> 9
2019-07-13 16:37:17,763 INFO  impl.StateMachineUpdater (StateMachineUpdater.java:takeSnapshot(242)) - StateMachineUpdater:385dbeb7-bcfc-4c9d-9cc8-2a0122c6df21:group-C4134929D265: Took a snapshot at index 7
2019-07-13 16:37:17,763 INFO  impl.StateMachineUpdater (StateMachineUpdater.java:lambda$new$0(80)) - StateMachineUpdater:385dbeb7-bcfc-4c9d-9cc8-2a0122c6df21:group-C4134929D265: snapshotIndex: updateIncreasingly -1 -> 7
2019-07-13 16:37:17,763 INFO  impl.RaftServerImpl (ServerState.java:close(394)) - 1e98dda5-7541-4657-b55c-d3eb0b5d2574:group-7D7226622F26 closes. The last applied log index is 10
2019-07-13 16:37:17,763 INFO  impl.RaftServerImpl (ServerState.java:close(394)) - 385dbeb7-bcfc-4c9d-9cc8-2a0122c6df21:group-C4134929D265 closes. The last applied log index is 8
2019-07-13 16:37:17,764 INFO  segmented.SegmentedRaftLogWorker (SegmentedRaftLogWorker.java:run(313)) - 1e98dda5-7541-4657-b55c-d3eb0b5d2574-SegmentedRaftLogWorker:Storage Directory /tmp/workdir/hadoop-ozone/integration-test/target/test-dir/MiniOzoneClusterImpl-ff639893-bec4-4f82-8d2e-9b96d860749a/datanode-3/data/ratis/dfffe400-27f5-48c9-b6fa-7d7226622f26 was interrupted, exiting. There are 0 tasks remaining in the queue.
2019-07-13 16:37:17,766 INFO  segmented.SegmentedRaftLogWorker (SegmentedRaftLogWorker.java:run(313)) - 385dbeb7-bcfc-4c9d-9cc8-2a0122c6df21-SegmentedRaftLogWorker:Storage Directory /tmp/workdir/hadoop-ozone/integration-test/target/test-dir/MiniOzoneClusterImpl-ff639893-bec4-4f82-8d2e-9b96d860749a/datanode-2/data/ratis/7a067149-c987-4b6a-972d-c4134929d265 was interrupted, exiting. There are 0 tasks remaining in the queue.
2019-07-13 16:37:17,766 INFO  segmented.SegmentedRaftLogWorker (SegmentedRaftLogWorker.java:close(228)) - 1e98dda5-7541-4657-b55c-d3eb0b5d2574-SegmentedRaftLogWorker:Storage Directory /tmp/workdir/hadoop-ozone/integration-test/target/test-dir/MiniOzoneClusterImpl-ff639893-bec4-4f82-8d2e-9b96d860749a/datanode-3/data/ratis/dfffe400-27f5-48c9-b6fa-7d7226622f26 close()
2019-07-13 16:37:17,769 INFO  segmented.SegmentedRaftLogWorker (SegmentedRaftLogWorker.java:close(228)) - 385dbeb7-bcfc-4c9d-9cc8-2a0122c6df21-SegmentedRaftLogWorker:Storage Directory /tmp/workdir/hadoop-ozone/integration-test/target/test-dir/MiniOzoneClusterImpl-ff639893-bec4-4f82-8d2e-9b96d860749a/datanode-2/data/ratis/7a067149-c987-4b6a-972d-c4134929d265 close()
2019-07-13 16:37:17,773 INFO  server.GrpcService (GrpcService.java:closeImpl(155)) - 1e98dda5-7541-4657-b55c-d3eb0b5d2574: shutdown server with port 46209 now
2019-07-13 16:37:17,794 INFO  impl.RaftServerImpl (RaftServerImpl.java:lambda$shutdown$3(245)) - 385dbeb7-bcfc-4c9d-9cc8-2a0122c6df21: shutdown group-C0BF1210B8CB
2019-07-13 16:37:17,795 INFO  util.JmxRegister (JmxRegister.java:unregister(73)) - Successfully un-registered JMX Bean with object name Ratis:service=RaftServer,group=group-C0BF1210B8CB,id=385dbeb7-bcfc-4c9d-9cc8-2a0122c6df21
2019-07-13 16:37:17,795 INFO  impl.RoleInfo (RoleInfo.java:shutdownLeaderState(104)) - 385dbeb7-bcfc-4c9d-9cc8-2a0122c6df21: shutdown LeaderState
2019-07-13 16:37:17,795 INFO  impl.PendingRequests (PendingRequests.java:sendNotLeaderResponses(202)) - 385dbeb7-bcfc-4c9d-9cc8-2a0122c6df21-PendingRequests: sendNotLeaderResponses
2019-07-13 16:37:17,798 INFO  impl.StateMachineUpdater (StateMachineUpdater.java:stopAndJoin(115)) - StateMachineUpdater:385dbeb7-bcfc-4c9d-9cc8-2a0122c6df21:group-C0BF1210B8CB: set stopIndex = 0
2019-07-13 16:37:17,798 INFO  ratis.ContainerStateMachine (ContainerStateMachine.java:takeSnapshot(246)) - Taking snapshot at termIndex:(t:0, i:~)
2019-07-13 16:37:17,798 INFO  server.GrpcService (GrpcService.java:closeImpl(163)) - 1e98dda5-7541-4657-b55c-d3eb0b5d2574: shutdown server with port 46209 successfully
2019-07-13 16:37:17,799 WARN  server.GrpcLogAppender (LogUtils.java:warn(134)) - 3714f87c-c20b-462c-a483-4e53e291f7de->1e98dda5-7541-4657-b55c-d3eb0b5d2574: Failed appendEntries: org.apache.ratis.thirdparty.io.grpc.StatusRuntimeException: CANCELLED: HTTP/2 error code: CANCEL
Received Rst Stream
2019-07-13 16:37:17,799 WARN  server.GrpcServerProtocolService (LogUtils.java:warn(134)) - 1e98dda5-7541-4657-b55c-d3eb0b5d2574: appendEntries onError: org.apache.ratis.thirdparty.io.grpc.StatusRuntimeException: CANCELLED: cancelled before receiving half close
2019-07-13 16:37:17,799 INFO  impl.RaftServerImpl (ServerState.java:close(394)) - 385dbeb7-bcfc-4c9d-9cc8-2a0122c6df21:group-C0BF1210B8CB closes. The last applied log index is 0
2019-07-13 16:37:17,799 INFO  impl.FollowerInfo (FollowerInfo.java:lambda$new$0(50)) - 3714f87c-c20b-462c-a483-4e53e291f7de->1e98dda5-7541-4657-b55c-d3eb0b5d2574: nextIndex: updateUnconditionally 11 -> 10
2019-07-13 16:37:17,801 INFO  segmented.SegmentedRaftLogWorker (SegmentedRaftLogWorker.java:run(313)) - 385dbeb7-bcfc-4c9d-9cc8-2a0122c6df21-SegmentedRaftLogWorker:Storage Directory /tmp/workdir/hadoop-ozone/integration-test/target/test-dir/MiniOzoneClusterImpl-ff639893-bec4-4f82-8d2e-9b96d860749a/datanode-2/data/ratis/e10d0ad5-3cd9-4a0c-858f-c0bf1210b8cb was interrupted, exiting. There are 0 tasks remaining in the queue.
2019-07-13 16:37:17,804 INFO  utils.BackgroundService (BackgroundService.java:shutdown(148)) - Shutting down service BlockDeletingService
2019-07-13 16:37:17,804 INFO  segmented.SegmentedRaftLogWorker (SegmentedRaftLogWorker.java:close(228)) - 385dbeb7-bcfc-4c9d-9cc8-2a0122c6df21-SegmentedRaftLogWorker:Storage Directory /tmp/workdir/hadoop-ozone/integration-test/target/test-dir/MiniOzoneClusterImpl-ff639893-bec4-4f82-8d2e-9b96d860749a/datanode-2/data/ratis/e10d0ad5-3cd9-4a0c-858f-c0bf1210b8cb close()
2019-07-13 16:37:17,807 INFO  server.GrpcService (GrpcService.java:closeImpl(155)) - 385dbeb7-bcfc-4c9d-9cc8-2a0122c6df21: shutdown server with port 45629 now
2019-07-13 16:37:17,808 INFO  server.GrpcService (GrpcService.java:closeImpl(163)) - 385dbeb7-bcfc-4c9d-9cc8-2a0122c6df21: shutdown server with port 45629 successfully
2019-07-13 16:37:17,808 WARN  fs.CachingGetSpaceUsed (CachingGetSpaceUsed.java:run(183)) - Thread Interrupted waiting to refresh disk information: sleep interrupted
2019-07-13 16:37:17,811 INFO  utils.BackgroundService (BackgroundService.java:shutdown(148)) - Shutting down service BlockDeletingService
2019-07-13 16:37:17,813 WARN  fs.CachingGetSpaceUsed (CachingGetSpaceUsed.java:run(183)) - Thread Interrupted waiting to refresh disk information: sleep interrupted
2019-07-13 16:37:17,837 INFO  statemachine.DatanodeStateMachine (DatanodeStateMachine.java:stopDaemon(395)) - Ozone container server stopped.
2019-07-13 16:37:17,843 INFO  statemachine.DatanodeStateMachine (DatanodeStateMachine.java:stopDaemon(395)) - Ozone container server stopped.
2019-07-13 16:37:17,846 INFO  handler.ContextHandler (ContextHandler.java:doStop(910)) - Stopped o.e.j.w.WebAppContext@229d5d14{/,null,UNAVAILABLE}{/hddsDatanode}
2019-07-13 16:37:17,848 INFO  handler.ContextHandler (ContextHandler.java:doStop(910)) - Stopped o.e.j.w.WebAppContext@5418225f{/,null,UNAVAILABLE}{/hddsDatanode}
2019-07-13 16:37:17,849 INFO  server.AbstractConnector (AbstractConnector.java:doStop(318)) - Stopped ServerConnector@40957c86{HTTP/1.1,[http/1.1]}{0.0.0.0:0}
2019-07-13 16:37:17,849 INFO  server.AbstractConnector (AbstractConnector.java:doStop(318)) - Stopped ServerConnector@65bcc339{HTTP/1.1,[http/1.1]}{0.0.0.0:0}
2019-07-13 16:37:17,849 INFO  handler.ContextHandler (ContextHandler.java:doStop(910)) - Stopped o.e.j.s.ServletContextHandler@48c372db{/static,jar:file:/home/user/.m2/repository/org/apache/hadoop/hadoop-hdds-container-service/0.5.0-SNAPSHOT/hadoop-hdds-container-service-0.5.0-SNAPSHOT.jar!/webapps/static,UNAVAILABLE}
2019-07-13 16:37:17,851 INFO  handler.ContextHandler (ContextHandler.java:doStop(910)) - Stopped o.e.j.s.ServletContextHandler@28a4ac78{/static,jar:file:/home/user/.m2/repository/org/apache/hadoop/hadoop-hdds-container-service/0.5.0-SNAPSHOT/hadoop-hdds-container-service-0.5.0-SNAPSHOT.jar!/webapps/static,UNAVAILABLE}
2019-07-13 16:37:17,851 INFO  handler.ContextHandler (ContextHandler.java:doStop(910)) - Stopped o.e.j.s.ServletContextHandler@3c403b36{/logs,file:///tmp/workdir/hadoop-ozone/integration-test/target/log,UNAVAILABLE}
2019-07-13 16:37:17,853 INFO  handler.ContextHandler (ContextHandler.java:doStop(910)) - Stopped o.e.j.s.ServletContextHandler@57fefa97{/logs,file:///tmp/workdir/hadoop-ozone/integration-test/target/log,UNAVAILABLE}
2019-07-13 16:37:17,854 INFO  datanode.ObjectStoreHandler (ObjectStoreHandler.java:close(155)) - Closing ObjectStoreHandler.
2019-07-13 16:37:17,855 INFO  datanode.ObjectStoreHandler (ObjectStoreHandler.java:close(155)) - Closing ObjectStoreHandler.
2019-07-13 16:37:17,855 INFO  ozone.HddsDatanodeService (HddsDatanodeService.java:stop(452)) - Stopped plug-in org.apache.hadoop.ozone.web.OzoneHddsDatanodeService@2869ef63
2019-07-13 16:37:17,855 INFO  ozone.HddsDatanodeService (HddsDatanodeService.java:stop(452)) - Stopped plug-in org.apache.hadoop.ozone.web.OzoneHddsDatanodeService@356285d9
2019-07-13 16:37:17,988 INFO  statemachine.DatanodeStateMachine (DatanodeStateMachine.java:lambda$startDaemon$0(350)) - Ozone container server started.
2019-07-13 16:37:18,304 INFO  statemachine.DatanodeStateMachine (DatanodeStateMachine.java:lambda$startDaemon$0(350)) - Ozone container server started.
2019-07-13 16:37:19,541 WARN  server.GrpcLogAppender (LogUtils.java:warn(134)) - 3714f87c-c20b-462c-a483-4e53e291f7de->36ae1c90-1a2d-489e-92cd-e60a8d4b511f: Failed appendEntries: org.apache.ratis.thirdparty.io.grpc.StatusRuntimeException: UNAVAILABLE: io exception
2019-07-13 16:37:19,541 WARN  server.GrpcLogAppender (LogUtils.java:warn(134)) - 3714f87c-c20b-462c-a483-4e53e291f7de->1e98dda5-7541-4657-b55c-d3eb0b5d2574: Failed appendEntries: org.apache.ratis.thirdparty.io.grpc.StatusRuntimeException: UNAVAILABLE: io exception
2019-07-13 16:37:19,541 INFO  impl.FollowerInfo (FollowerInfo.java:lambda$new$0(50)) - 3714f87c-c20b-462c-a483-4e53e291f7de->36ae1c90-1a2d-489e-92cd-e60a8d4b511f: nextIndex: updateUnconditionally 7 -> 6
2019-07-13 16:37:19,542 INFO  impl.FollowerInfo (FollowerInfo.java:lambda$new$0(50)) - 3714f87c-c20b-462c-a483-4e53e291f7de->1e98dda5-7541-4657-b55c-d3eb0b5d2574: nextIndex: updateUnconditionally 10 -> 9
2019-07-13 16:37:21,850 INFO  impl.FollowerState (FollowerState.java:run(106)) - 7ba4b158-ac09-4538-907e-38781997cb7b:group-C4134929D265 changes to CANDIDATE, lastRpcTime:10112, electionTimeout:5075ms
2019-07-13 16:37:21,850 INFO  impl.RoleInfo (RoleInfo.java:shutdownFollowerState(121)) - 7ba4b158-ac09-4538-907e-38781997cb7b: shutdown FollowerState
2019-07-13 16:37:21,851 INFO  impl.RaftServerImpl (RaftServerImpl.java:setRole(171)) - 7ba4b158-ac09-4538-907e-38781997cb7b:group-C4134929D265 changes role from FOLLOWER to CANDIDATE at term 1 for changeToCandidate
2019-07-13 16:37:21,851 INFO  impl.RoleInfo (RoleInfo.java:updateAndGet(143)) - 7ba4b158-ac09-4538-907e-38781997cb7b: start LeaderElection
2019-07-13 16:37:21,851 INFO  impl.RaftServerImpl (ServerState.java:setLeader(263)) - 7ba4b158-ac09-4538-907e-38781997cb7b:group-C4134929D265 change Leader from 4aa21327-2828-4bcf-afee-bc0e28759617 to null at term 1 for initElection
2019-07-13 16:37:21,857 INFO  impl.LeaderElection (LeaderElection.java:askForVotes(181)) - 7ba4b158-ac09-4538-907e-38781997cb7b:group-C4134929D265:LeaderElection97: begin an election at term 2 for 0: [4aa21327-2828-4bcf-afee-bc0e28759617:192.168.5.187:43143, 385dbeb7-bcfc-4c9d-9cc8-2a0122c6df21:192.168.5.187:45629, 7ba4b158-ac09-4538-907e-38781997cb7b:192.168.5.187:39363], old=null
2019-07-13 16:37:21,860 INFO  impl.LeaderElection (LogUtils.java:infoOrTrace(149)) - 7ba4b158-ac09-4538-907e-38781997cb7b:group-C4134929D265:LeaderElection97 got exception when requesting votes: {}
java.util.concurrent.ExecutionException: org.apache.ratis.thirdparty.io.grpc.StatusRuntimeException: UNAVAILABLE: io exception
	at java.util.concurrent.FutureTask.report(FutureTask.java:122)
	at java.util.concurrent.FutureTask.get(FutureTask.java:192)
	at org.apache.ratis.server.impl.LeaderElection.waitForResults(LeaderElection.java:262)
	at org.apache.ratis.server.impl.LeaderElection.askForVotes(LeaderElection.java:200)
	at org.apache.ratis.server.impl.LeaderElection.run(LeaderElection.java:130)
	at java.lang.Thread.run(Thread.java:748)
Caused by: org.apache.ratis.thirdparty.io.grpc.StatusRuntimeException: UNAVAILABLE: io exception
	at org.apache.ratis.thirdparty.io.grpc.stub.ClientCalls.toStatusRuntimeException(ClientCalls.java:233)
	at org.apache.ratis.thirdparty.io.grpc.stub.ClientCalls.getUnchecked(ClientCalls.java:214)
	at org.apache.ratis.thirdparty.io.grpc.stub.ClientCalls.blockingUnaryCall(ClientCalls.java:139)
	at org.apache.ratis.proto.grpc.RaftServerProtocolServiceGrpc$RaftServerProtocolServiceBlockingStub.requestVote(RaftServerProtocolServiceGrpc.java:265)
	at org.apache.ratis.grpc.server.GrpcServerProtocolClient.requestVote(GrpcServerProtocolClient.java:83)
	at org.apache.ratis.grpc.server.GrpcService.requestVote(GrpcService.java:195)
	at org.apache.ratis.server.impl.LeaderElection.lambda$submitRequests$1(LeaderElection.java:237)
	at java.util.concurrent.FutureTask.run(FutureTask.java:266)
	at java.util.concurrent.Executors$RunnableAdapter.call(Executors.java:511)
	at java.util.concurrent.FutureTask.run(FutureTask.java:266)
	at java.util.concurrent.ThreadPoolExecutor.runWorker(ThreadPoolExecutor.java:1149)
	at java.util.concurrent.ThreadPoolExecutor$Worker.run(ThreadPoolExecutor.java:624)
	... 1 more
Caused by: org.apache.ratis.thirdparty.io.netty.channel.AbstractChannel$AnnotatedConnectException: Connection refused: /192.168.5.187:45629
	at sun.nio.ch.SocketChannelImpl.checkConnect(Native Method)
	at sun.nio.ch.SocketChannelImpl.finishConnect(SocketChannelImpl.java:717)
	at org.apache.ratis.thirdparty.io.netty.channel.socket.nio.NioSocketChannel.doFinishConnect(NioSocketChannel.java:327)
	at org.apache.ratis.thirdparty.io.netty.channel.nio.AbstractNioChannel$AbstractNioUnsafe.finishConnect(AbstractNioChannel.java:340)
	at org.apache.ratis.thirdparty.io.netty.channel.nio.NioEventLoop.processSelectedKey(NioEventLoop.java:632)
	at org.apache.ratis.thirdparty.io.netty.channel.nio.NioEventLoop.processSelectedKeysOptimized(NioEventLoop.java:579)
	at org.apache.ratis.thirdparty.io.netty.channel.nio.NioEventLoop.processSelectedKeys(NioEventLoop.java:496)
	at org.apache.ratis.thirdparty.io.netty.channel.nio.NioEventLoop.run(NioEventLoop.java:458)
	at org.apache.ratis.thirdparty.io.netty.util.concurrent.SingleThreadEventExecutor$5.run(SingleThreadEventExecutor.java:897)
	at org.apache.ratis.thirdparty.io.netty.util.concurrent.FastThreadLocalRunnable.run(FastThreadLocalRunnable.java:30)
	... 1 more
Caused by: java.net.ConnectException: Connection refused
	... 11 more
2019-07-13 16:37:21,863 INFO  impl.LeaderElection (LogUtils.java:infoOrTrace(149)) - 7ba4b158-ac09-4538-907e-38781997cb7b:group-C4134929D265:LeaderElection97 got exception when requesting votes: {}
java.util.concurrent.ExecutionException: org.apache.ratis.thirdparty.io.grpc.StatusRuntimeException: UNAVAILABLE: io exception
	at java.util.concurrent.FutureTask.report(FutureTask.java:122)
	at java.util.concurrent.FutureTask.get(FutureTask.java:192)
	at org.apache.ratis.server.impl.LeaderElection.waitForResults(LeaderElection.java:262)
	at org.apache.ratis.server.impl.LeaderElection.askForVotes(LeaderElection.java:200)
	at org.apache.ratis.server.impl.LeaderElection.run(LeaderElection.java:130)
	at java.lang.Thread.run(Thread.java:748)
Caused by: org.apache.ratis.thirdparty.io.grpc.StatusRuntimeException: UNAVAILABLE: io exception
	at org.apache.ratis.thirdparty.io.grpc.stub.ClientCalls.toStatusRuntimeException(ClientCalls.java:233)
	at org.apache.ratis.thirdparty.io.grpc.stub.ClientCalls.getUnchecked(ClientCalls.java:214)
	at org.apache.ratis.thirdparty.io.grpc.stub.ClientCalls.blockingUnaryCall(ClientCalls.java:139)
	at org.apache.ratis.proto.grpc.RaftServerProtocolServiceGrpc$RaftServerProtocolServiceBlockingStub.requestVote(RaftServerProtocolServiceGrpc.java:265)
	at org.apache.ratis.grpc.server.GrpcServerProtocolClient.requestVote(GrpcServerProtocolClient.java:83)
	at org.apache.ratis.grpc.server.GrpcService.requestVote(GrpcService.java:195)
	at org.apache.ratis.server.impl.LeaderElection.lambda$submitRequests$1(LeaderElection.java:237)
	at java.util.concurrent.FutureTask.run(FutureTask.java:266)
	at java.util.concurrent.Executors$RunnableAdapter.call(Executors.java:511)
	at java.util.concurrent.FutureTask.run(FutureTask.java:266)
	at java.util.concurrent.ThreadPoolExecutor.runWorker(ThreadPoolExecutor.java:1149)
	at java.util.concurrent.ThreadPoolExecutor$Worker.run(ThreadPoolExecutor.java:624)
	... 1 more
Caused by: org.apache.ratis.thirdparty.io.netty.channel.AbstractChannel$AnnotatedConnectException: Connection refused: /192.168.5.187:43143
	at sun.nio.ch.SocketChannelImpl.checkConnect(Native Method)
	at sun.nio.ch.SocketChannelImpl.finishConnect(SocketChannelImpl.java:717)
	at org.apache.ratis.thirdparty.io.netty.channel.socket.nio.NioSocketChannel.doFinishConnect(NioSocketChannel.java:327)
	at org.apache.ratis.thirdparty.io.netty.channel.nio.AbstractNioChannel$AbstractNioUnsafe.finishConnect(AbstractNioChannel.java:340)
	at org.apache.ratis.thirdparty.io.netty.channel.nio.NioEventLoop.processSelectedKey(NioEventLoop.java:632)
	at org.apache.ratis.thirdparty.io.netty.channel.nio.NioEventLoop.processSelectedKeysOptimized(NioEventLoop.java:579)
	at org.apache.ratis.thirdparty.io.netty.channel.nio.NioEventLoop.processSelectedKeys(NioEventLoop.java:496)
	at org.apache.ratis.thirdparty.io.netty.channel.nio.NioEventLoop.run(NioEventLoop.java:458)
	at org.apache.ratis.thirdparty.io.netty.util.concurrent.SingleThreadEventExecutor$5.run(SingleThreadEventExecutor.java:897)
	at org.apache.ratis.thirdparty.io.netty.util.concurrent.FastThreadLocalRunnable.run(FastThreadLocalRunnable.java:30)
	... 1 more
Caused by: java.net.ConnectException: Connection refused
	... 11 more
2019-07-13 16:37:21,865 INFO  impl.LeaderElection (LeaderElection.java:logAndReturn(56)) - 7ba4b158-ac09-4538-907e-38781997cb7b:group-C4134929D265:LeaderElection97: Election REJECTED; received 0 response(s) [] and 2 exception(s); 7ba4b158-ac09-4538-907e-38781997cb7b:t2, leader=null, voted=7ba4b158-ac09-4538-907e-38781997cb7b, raftlog=7ba4b158-ac09-4538-907e-38781997cb7b-SegmentedRaftLog:OPENED:c8,f8,i8, conf=0: [4aa21327-2828-4bcf-afee-bc0e28759617:192.168.5.187:43143, 385dbeb7-bcfc-4c9d-9cc8-2a0122c6df21:192.168.5.187:45629, 7ba4b158-ac09-4538-907e-38781997cb7b:192.168.5.187:39363], old=null
2019-07-13 16:37:21,865 INFO  impl.LeaderElection (LogUtils.java:infoOrTrace(149)) -   Exception 0: {}
java.util.concurrent.ExecutionException: org.apache.ratis.thirdparty.io.grpc.StatusRuntimeException: UNAVAILABLE: io exception
	at java.util.concurrent.FutureTask.report(FutureTask.java:122)
	at java.util.concurrent.FutureTask.get(FutureTask.java:192)
	at org.apache.ratis.server.impl.LeaderElection.waitForResults(LeaderElection.java:262)
	at org.apache.ratis.server.impl.LeaderElection.askForVotes(LeaderElection.java:200)
	at org.apache.ratis.server.impl.LeaderElection.run(LeaderElection.java:130)
	at java.lang.Thread.run(Thread.java:748)
Caused by: org.apache.ratis.thirdparty.io.grpc.StatusRuntimeException: UNAVAILABLE: io exception
	at org.apache.ratis.thirdparty.io.grpc.stub.ClientCalls.toStatusRuntimeException(ClientCalls.java:233)
	at org.apache.ratis.thirdparty.io.grpc.stub.ClientCalls.getUnchecked(ClientCalls.java:214)
	at org.apache.ratis.thirdparty.io.grpc.stub.ClientCalls.blockingUnaryCall(ClientCalls.java:139)
	at org.apache.ratis.proto.grpc.RaftServerProtocolServiceGrpc$RaftServerProtocolServiceBlockingStub.requestVote(RaftServerProtocolServiceGrpc.java:265)
	at org.apache.ratis.grpc.server.GrpcServerProtocolClient.requestVote(GrpcServerProtocolClient.java:83)
	at org.apache.ratis.grpc.server.GrpcService.requestVote(GrpcService.java:195)
	at org.apache.ratis.server.impl.LeaderElection.lambda$submitRequests$1(LeaderElection.java:237)
	at java.util.concurrent.FutureTask.run(FutureTask.java:266)
	at java.util.concurrent.Executors$RunnableAdapter.call(Executors.java:511)
	at java.util.concurrent.FutureTask.run(FutureTask.java:266)
	at java.util.concurrent.ThreadPoolExecutor.runWorker(ThreadPoolExecutor.java:1149)
	at java.util.concurrent.ThreadPoolExecutor$Worker.run(ThreadPoolExecutor.java:624)
	... 1 more
Caused by: org.apache.ratis.thirdparty.io.netty.channel.AbstractChannel$AnnotatedConnectException: Connection refused: /192.168.5.187:45629
	at sun.nio.ch.SocketChannelImpl.checkConnect(Native Method)
	at sun.nio.ch.SocketChannelImpl.finishConnect(SocketChannelImpl.java:717)
	at org.apache.ratis.thirdparty.io.netty.channel.socket.nio.NioSocketChannel.doFinishConnect(NioSocketChannel.java:327)
	at org.apache.ratis.thirdparty.io.netty.channel.nio.AbstractNioChannel$AbstractNioUnsafe.finishConnect(AbstractNioChannel.java:340)
	at org.apache.ratis.thirdparty.io.netty.channel.nio.NioEventLoop.processSelectedKey(NioEventLoop.java:632)
	at org.apache.ratis.thirdparty.io.netty.channel.nio.NioEventLoop.processSelectedKeysOptimized(NioEventLoop.java:579)
	at org.apache.ratis.thirdparty.io.netty.channel.nio.NioEventLoop.processSelectedKeys(NioEventLoop.java:496)
	at org.apache.ratis.thirdparty.io.netty.channel.nio.NioEventLoop.run(NioEventLoop.java:458)
	at org.apache.ratis.thirdparty.io.netty.util.concurrent.SingleThreadEventExecutor$5.run(SingleThreadEventExecutor.java:897)
	at org.apache.ratis.thirdparty.io.netty.util.concurrent.FastThreadLocalRunnable.run(FastThreadLocalRunnable.java:30)
	... 1 more
Caused by: java.net.ConnectException: Connection refused
	... 11 more
2019-07-13 16:37:21,865 INFO  impl.LeaderElection (LogUtils.java:infoOrTrace(149)) -   Exception 1: {}
java.util.concurrent.ExecutionException: org.apache.ratis.thirdparty.io.grpc.StatusRuntimeException: UNAVAILABLE: io exception
	at java.util.concurrent.FutureTask.report(FutureTask.java:122)
	at java.util.concurrent.FutureTask.get(FutureTask.java:192)
	at org.apache.ratis.server.impl.LeaderElection.waitForResults(LeaderElection.java:262)
	at org.apache.ratis.server.impl.LeaderElection.askForVotes(LeaderElection.java:200)
	at org.apache.ratis.server.impl.LeaderElection.run(LeaderElection.java:130)
	at java.lang.Thread.run(Thread.java:748)
Caused by: org.apache.ratis.thirdparty.io.grpc.StatusRuntimeException: UNAVAILABLE: io exception
	at org.apache.ratis.thirdparty.io.grpc.stub.ClientCalls.toStatusRuntimeException(ClientCalls.java:233)
	at org.apache.ratis.thirdparty.io.grpc.stub.ClientCalls.getUnchecked(ClientCalls.java:214)
	at org.apache.ratis.thirdparty.io.grpc.stub.ClientCalls.blockingUnaryCall(ClientCalls.java:139)
	at org.apache.ratis.proto.grpc.RaftServerProtocolServiceGrpc$RaftServerProtocolServiceBlockingStub.requestVote(RaftServerProtocolServiceGrpc.java:265)
	at org.apache.ratis.grpc.server.GrpcServerProtocolClient.requestVote(GrpcServerProtocolClient.java:83)
	at org.apache.ratis.grpc.server.GrpcService.requestVote(GrpcService.java:195)
	at org.apache.ratis.server.impl.LeaderElection.lambda$submitRequests$1(LeaderElection.java:237)
	at java.util.concurrent.FutureTask.run(FutureTask.java:266)
	at java.util.concurrent.Executors$RunnableAdapter.call(Executors.java:511)
	at java.util.concurrent.FutureTask.run(FutureTask.java:266)
	at java.util.concurrent.ThreadPoolExecutor.runWorker(ThreadPoolExecutor.java:1149)
	at java.util.concurrent.ThreadPoolExecutor$Worker.run(ThreadPoolExecutor.java:624)
	... 1 more
Caused by: org.apache.ratis.thirdparty.io.netty.channel.AbstractChannel$AnnotatedConnectException: Connection refused: /192.168.5.187:43143
	at sun.nio.ch.SocketChannelImpl.checkConnect(Native Method)
	at sun.nio.ch.SocketChannelImpl.finishConnect(SocketChannelImpl.java:717)
	at org.apache.ratis.thirdparty.io.netty.channel.socket.nio.NioSocketChannel.doFinishConnect(NioSocketChannel.java:327)
	at org.apache.ratis.thirdparty.io.netty.channel.nio.AbstractNioChannel$AbstractNioUnsafe.finishConnect(AbstractNioChannel.java:340)
	at org.apache.ratis.thirdparty.io.netty.channel.nio.NioEventLoop.processSelectedKey(NioEventLoop.java:632)
	at org.apache.ratis.thirdparty.io.netty.channel.nio.NioEventLoop.processSelectedKeysOptimized(NioEventLoop.java:579)
	at org.apache.ratis.thirdparty.io.netty.channel.nio.NioEventLoop.processSelectedKeys(NioEventLoop.java:496)
	at org.apache.ratis.thirdparty.io.netty.channel.nio.NioEventLoop.run(NioEventLoop.java:458)
	at org.apache.ratis.thirdparty.io.netty.util.concurrent.SingleThreadEventExecutor$5.run(SingleThreadEventExecutor.java:897)
	at org.apache.ratis.thirdparty.io.netty.util.concurrent.FastThreadLocalRunnable.run(FastThreadLocalRunnable.java:30)
	... 1 more
Caused by: java.net.ConnectException: Connection refused
	... 11 more
2019-07-13 16:37:21,866 INFO  impl.RaftServerImpl (RaftServerImpl.java:setRole(171)) - 7ba4b158-ac09-4538-907e-38781997cb7b:group-C4134929D265 changes role from CANDIDATE to FOLLOWER at term 2 for DISCOVERED_A_NEW_TERM
2019-07-13 16:37:21,866 INFO  impl.RoleInfo (RoleInfo.java:shutdownLeaderElection(134)) - 7ba4b158-ac09-4538-907e-38781997cb7b: shutdown LeaderElection
2019-07-13 16:37:21,866 INFO  impl.RoleInfo (RoleInfo.java:updateAndGet(143)) - 7ba4b158-ac09-4538-907e-38781997cb7b: start FollowerState
2019-07-13 16:37:22,018 INFO  node.StaleNodeHandler (StaleNodeHandler.java:onMessage(58)) - Datanode 40667cbd-de47-4e73-8501-f4e9e13bd91c{ip: 192.168.5.187, host: trunk-nightly-z92hn-1831959607, networkLocation: /default-rack, certSerialId: null} moved to stale state. Finalizing its pipelines [PipelineID=b1639461-4962-4a53-809c-c56d26ddd311]
2019-07-13 16:37:22,018 INFO  pipeline.SCMPipelineManager (SCMPipelineManager.java:finalizeAndDestroyPipeline(309)) - destroying pipeline:Pipeline[ Id: b1639461-4962-4a53-809c-c56d26ddd311, Nodes: 40667cbd-de47-4e73-8501-f4e9e13bd91c{ip: 192.168.5.187, host: trunk-nightly-z92hn-1831959607, networkLocation: /default-rack, certSerialId: null}, Type:RATIS, Factor:ONE, State:OPEN]
2019-07-13 16:37:22,019 INFO  pipeline.PipelineStateManager (PipelineStateManager.java:finalizePipeline(123)) - Pipeline Pipeline[ Id: b1639461-4962-4a53-809c-c56d26ddd311, Nodes: 40667cbd-de47-4e73-8501-f4e9e13bd91c{ip: 192.168.5.187, host: trunk-nightly-z92hn-1831959607, networkLocation: /default-rack, certSerialId: null}, Type:RATIS, Factor:ONE, State:CLOSED] moved to CLOSED state
2019-07-13 16:37:22,041 WARN  server.GrpcLogAppender (LogUtils.java:warn(134)) - 3714f87c-c20b-462c-a483-4e53e291f7de->36ae1c90-1a2d-489e-92cd-e60a8d4b511f: Failed appendEntries: org.apache.ratis.thirdparty.io.grpc.StatusRuntimeException: UNAVAILABLE: io exception
2019-07-13 16:37:22,041 WARN  server.GrpcLogAppender (LogUtils.java:warn(134)) - 3714f87c-c20b-462c-a483-4e53e291f7de->1e98dda5-7541-4657-b55c-d3eb0b5d2574: Failed appendEntries: org.apache.ratis.thirdparty.io.grpc.StatusRuntimeException: UNAVAILABLE: io exception
2019-07-13 16:37:22,041 INFO  impl.FollowerInfo (FollowerInfo.java:lambda$new$0(50)) - 3714f87c-c20b-462c-a483-4e53e291f7de->36ae1c90-1a2d-489e-92cd-e60a8d4b511f: nextIndex: updateUnconditionally 6 -> 5
2019-07-13 16:37:22,041 INFO  impl.FollowerInfo (FollowerInfo.java:lambda$new$0(50)) - 3714f87c-c20b-462c-a483-4e53e291f7de->1e98dda5-7541-4657-b55c-d3eb0b5d2574: nextIndex: updateUnconditionally 9 -> 8
2019-07-13 16:37:22,319 INFO  node.StaleNodeHandler (StaleNodeHandler.java:onMessage(58)) - Datanode 7ba4b158-ac09-4538-907e-38781997cb7b{ip: 192.168.5.187, host: trunk-nightly-z92hn-1831959607, networkLocation: /default-rack, certSerialId: null} moved to stale state. Finalizing its pipelines [PipelineID=7a067149-c987-4b6a-972d-c4134929d265, PipelineID=8e79dc95-bea0-40ed-b7b4-3eadc8ed0018]
2019-07-13 16:37:22,319 INFO  pipeline.SCMPipelineManager (SCMPipelineManager.java:finalizeAndDestroyPipeline(309)) - destroying pipeline:Pipeline[ Id: 7a067149-c987-4b6a-972d-c4134929d265, Nodes: 4aa21327-2828-4bcf-afee-bc0e28759617{ip: 192.168.5.187, host: trunk-nightly-z92hn-1831959607, networkLocation: /default-rack, certSerialId: null}385dbeb7-bcfc-4c9d-9cc8-2a0122c6df21{ip: 192.168.5.187, host: trunk-nightly-z92hn-1831959607, networkLocation: /default-rack, certSerialId: null}7ba4b158-ac09-4538-907e-38781997cb7b{ip: 192.168.5.187, host: trunk-nightly-z92hn-1831959607, networkLocation: /default-rack, certSerialId: null}, Type:RATIS, Factor:THREE, State:CLOSED]
2019-07-13 16:37:22,319 INFO  pipeline.SCMPipelineManager (SCMPipelineManager.java:finalizeAndDestroyPipeline(309)) - destroying pipeline:Pipeline[ Id: 8e79dc95-bea0-40ed-b7b4-3eadc8ed0018, Nodes: 7ba4b158-ac09-4538-907e-38781997cb7b{ip: 192.168.5.187, host: trunk-nightly-z92hn-1831959607, networkLocation: /default-rack, certSerialId: null}, Type:RATIS, Factor:ONE, State:OPEN]
2019-07-13 16:37:22,319 INFO  pipeline.PipelineStateManager (PipelineStateManager.java:finalizePipeline(123)) - Pipeline Pipeline[ Id: 8e79dc95-bea0-40ed-b7b4-3eadc8ed0018, Nodes: 7ba4b158-ac09-4538-907e-38781997cb7b{ip: 192.168.5.187, host: trunk-nightly-z92hn-1831959607, networkLocation: /default-rack, certSerialId: null}, Type:RATIS, Factor:ONE, State:CLOSED] moved to CLOSED state
2019-07-13 16:37:22,856 INFO  ozoneimpl.OzoneContainer (OzoneContainer.java:stop(199)) - Attempting to stop container services.
2019-07-13 16:37:22,856 INFO  ozoneimpl.OzoneContainer (OzoneContainer.java:stop(199)) - Attempting to stop container services.
2019-07-13 16:37:22,857 INFO  impl.RaftServerProxy (RaftServerProxy.java:lambda$close$4(314)) - 40667cbd-de47-4e73-8501-f4e9e13bd91c: close
2019-07-13 16:37:22,857 INFO  impl.RaftServerProxy (RaftServerProxy.java:lambda$close$4(314)) - 7ba4b158-ac09-4538-907e-38781997cb7b: close
2019-07-13 16:37:22,858 INFO  impl.RaftServerImpl (RaftServerImpl.java:lambda$shutdown$3(245)) - 40667cbd-de47-4e73-8501-f4e9e13bd91c: shutdown group-C56D26DDD311
2019-07-13 16:37:22,858 INFO  impl.RaftServerImpl (RaftServerImpl.java:lambda$shutdown$3(245)) - 7ba4b158-ac09-4538-907e-38781997cb7b: shutdown group-C4134929D265
2019-07-13 16:37:22,858 INFO  util.JmxRegister (JmxRegister.java:unregister(73)) - Successfully un-registered JMX Bean with object name Ratis:service=RaftServer,group=group-C56D26DDD311,id=40667cbd-de47-4e73-8501-f4e9e13bd91c
2019-07-13 16:37:22,859 INFO  util.JmxRegister (JmxRegister.java:unregister(73)) - Successfully un-registered JMX Bean with object name Ratis:service=RaftServer,group=group-C4134929D265,id=7ba4b158-ac09-4538-907e-38781997cb7b
2019-07-13 16:37:22,859 INFO  impl.RoleInfo (RoleInfo.java:shutdownLeaderState(104)) - 40667cbd-de47-4e73-8501-f4e9e13bd91c: shutdown LeaderState
2019-07-13 16:37:22,859 INFO  impl.RoleInfo (RoleInfo.java:shutdownFollowerState(121)) - 7ba4b158-ac09-4538-907e-38781997cb7b: shutdown FollowerState
2019-07-13 16:37:22,860 INFO  impl.PendingRequests (PendingRequests.java:sendNotLeaderResponses(202)) - 40667cbd-de47-4e73-8501-f4e9e13bd91c-PendingRequests: sendNotLeaderResponses
2019-07-13 16:37:22,860 INFO  ratis.ContainerStateMachine (ContainerStateMachine.java:takeSnapshot(246)) - Taking snapshot at termIndex:(t:1, i:7)
2019-07-13 16:37:22,860 INFO  impl.FollowerState (FollowerState.java:run(114)) - 7ba4b158-ac09-4538-907e-38781997cb7b: FollowerState was interrupted: java.lang.InterruptedException: sleep interrupted
2019-07-13 16:37:22,860 INFO  impl.StateMachineUpdater (StateMachineUpdater.java:stopAndJoin(115)) - StateMachineUpdater:7ba4b158-ac09-4538-907e-38781997cb7b:group-C4134929D265: set stopIndex = 8
2019-07-13 16:37:22,861 INFO  ratis.ContainerStateMachine (ContainerStateMachine.java:takeSnapshot(246)) - Taking snapshot at termIndex:(t:0, i:~)
2019-07-13 16:37:22,861 INFO  ratis.ContainerStateMachine (ContainerStateMachine.java:takeSnapshot(250)) - Taking a snapshot to file /tmp/workdir/hadoop-ozone/integration-test/target/test-dir/MiniOzoneClusterImpl-ff639893-bec4-4f82-8d2e-9b96d860749a/datanode-0/data/ratis/7a067149-c987-4b6a-972d-c4134929d265/sm/snapshot.1_7
2019-07-13 16:37:22,861 INFO  impl.StateMachineUpdater (StateMachineUpdater.java:stopAndJoin(115)) - StateMachineUpdater:40667cbd-de47-4e73-8501-f4e9e13bd91c:group-C56D26DDD311: set stopIndex = 0
2019-07-13 16:37:22,864 INFO  impl.StateMachineUpdater (StateMachineUpdater.java:takeSnapshot(242)) - StateMachineUpdater:7ba4b158-ac09-4538-907e-38781997cb7b:group-C4134929D265: Took a snapshot at index 7
2019-07-13 16:37:22,864 INFO  impl.RaftServerImpl (ServerState.java:close(394)) - 40667cbd-de47-4e73-8501-f4e9e13bd91c:group-C56D26DDD311 closes. The last applied log index is 0
2019-07-13 16:37:22,864 INFO  impl.StateMachineUpdater (StateMachineUpdater.java:lambda$new$0(80)) - StateMachineUpdater:7ba4b158-ac09-4538-907e-38781997cb7b:group-C4134929D265: snapshotIndex: updateIncreasingly -1 -> 7
2019-07-13 16:37:22,865 INFO  segmented.SegmentedRaftLogWorker (SegmentedRaftLogWorker.java:run(313)) - 40667cbd-de47-4e73-8501-f4e9e13bd91c-SegmentedRaftLogWorker:Storage Directory /tmp/workdir/hadoop-ozone/integration-test/target/test-dir/MiniOzoneClusterImpl-ff639893-bec4-4f82-8d2e-9b96d860749a/datanode-6/data/ratis/b1639461-4962-4a53-809c-c56d26ddd311 was interrupted, exiting. There are 0 tasks remaining in the queue.
2019-07-13 16:37:22,865 INFO  impl.RaftServerImpl (ServerState.java:close(394)) - 7ba4b158-ac09-4538-907e-38781997cb7b:group-C4134929D265 closes. The last applied log index is 8
2019-07-13 16:37:22,867 INFO  segmented.SegmentedRaftLogWorker (SegmentedRaftLogWorker.java:close(228)) - 40667cbd-de47-4e73-8501-f4e9e13bd91c-SegmentedRaftLogWorker:Storage Directory /tmp/workdir/hadoop-ozone/integration-test/target/test-dir/MiniOzoneClusterImpl-ff639893-bec4-4f82-8d2e-9b96d860749a/datanode-6/data/ratis/b1639461-4962-4a53-809c-c56d26ddd311 close()
2019-07-13 16:37:22,868 INFO  segmented.SegmentedRaftLogWorker (SegmentedRaftLogWorker.java:run(313)) - 7ba4b158-ac09-4538-907e-38781997cb7b-SegmentedRaftLogWorker:Storage Directory /tmp/workdir/hadoop-ozone/integration-test/target/test-dir/MiniOzoneClusterImpl-ff639893-bec4-4f82-8d2e-9b96d860749a/datanode-0/data/ratis/7a067149-c987-4b6a-972d-c4134929d265 was interrupted, exiting. There are 0 tasks remaining in the queue.
2019-07-13 16:37:22,870 INFO  server.GrpcService (GrpcService.java:closeImpl(155)) - 40667cbd-de47-4e73-8501-f4e9e13bd91c: shutdown server with port 33904 now
2019-07-13 16:37:22,871 INFO  segmented.SegmentedRaftLogWorker (SegmentedRaftLogWorker.java:close(228)) - 7ba4b158-ac09-4538-907e-38781997cb7b-SegmentedRaftLogWorker:Storage Directory /tmp/workdir/hadoop-ozone/integration-test/target/test-dir/MiniOzoneClusterImpl-ff639893-bec4-4f82-8d2e-9b96d860749a/datanode-0/data/ratis/7a067149-c987-4b6a-972d-c4134929d265 close()
2019-07-13 16:37:22,874 INFO  server.GrpcService (GrpcService.java:closeImpl(163)) - 40667cbd-de47-4e73-8501-f4e9e13bd91c: shutdown server with port 33904 successfully
2019-07-13 16:37:22,881 INFO  impl.RaftServerImpl (RaftServerImpl.java:lambda$shutdown$3(245)) - 7ba4b158-ac09-4538-907e-38781997cb7b: shutdown group-3EADC8ED0018
2019-07-13 16:37:22,882 INFO  util.JmxRegister (JmxRegister.java:unregister(73)) - Successfully un-registered JMX Bean with object name Ratis:service=RaftServer,group=group-3EADC8ED0018,id=7ba4b158-ac09-4538-907e-38781997cb7b
2019-07-13 16:37:22,882 INFO  impl.RoleInfo (RoleInfo.java:shutdownLeaderState(104)) - 7ba4b158-ac09-4538-907e-38781997cb7b: shutdown LeaderState
2019-07-13 16:37:22,882 INFO  impl.PendingRequests (PendingRequests.java:sendNotLeaderResponses(202)) - 7ba4b158-ac09-4538-907e-38781997cb7b-PendingRequests: sendNotLeaderResponses
2019-07-13 16:37:22,883 INFO  impl.StateMachineUpdater (StateMachineUpdater.java:stopAndJoin(115)) - StateMachineUpdater:7ba4b158-ac09-4538-907e-38781997cb7b:group-3EADC8ED0018: set stopIndex = 0
2019-07-13 16:37:22,883 INFO  ratis.ContainerStateMachine (ContainerStateMachine.java:takeSnapshot(246)) - Taking snapshot at termIndex:(t:0, i:~)
2019-07-13 16:37:22,884 INFO  impl.RaftServerImpl (ServerState.java:close(394)) - 7ba4b158-ac09-4538-907e-38781997cb7b:group-3EADC8ED0018 closes. The last applied log index is 0
2019-07-13 16:37:22,884 INFO  segmented.SegmentedRaftLogWorker (SegmentedRaftLogWorker.java:run(313)) - 7ba4b158-ac09-4538-907e-38781997cb7b-SegmentedRaftLogWorker:Storage Directory /tmp/workdir/hadoop-ozone/integration-test/target/test-dir/MiniOzoneClusterImpl-ff639893-bec4-4f82-8d2e-9b96d860749a/datanode-0/data/ratis/8e79dc95-bea0-40ed-b7b4-3eadc8ed0018 was interrupted, exiting. There are 0 tasks remaining in the queue.
2019-07-13 16:37:22,885 INFO  utils.BackgroundService (BackgroundService.java:shutdown(148)) - Shutting down service BlockDeletingService
2019-07-13 16:37:22,885 INFO  segmented.SegmentedRaftLogWorker (SegmentedRaftLogWorker.java:close(228)) - 7ba4b158-ac09-4538-907e-38781997cb7b-SegmentedRaftLogWorker:Storage Directory /tmp/workdir/hadoop-ozone/integration-test/target/test-dir/MiniOzoneClusterImpl-ff639893-bec4-4f82-8d2e-9b96d860749a/datanode-0/data/ratis/8e79dc95-bea0-40ed-b7b4-3eadc8ed0018 close()
2019-07-13 16:37:22,885 INFO  server.GrpcService (GrpcService.java:closeImpl(155)) - 7ba4b158-ac09-4538-907e-38781997cb7b: shutdown server with port 39363 now
2019-07-13 16:37:22,886 INFO  server.GrpcService (GrpcService.java:closeImpl(163)) - 7ba4b158-ac09-4538-907e-38781997cb7b: shutdown server with port 39363 successfully
2019-07-13 16:37:22,887 WARN  fs.CachingGetSpaceUsed (CachingGetSpaceUsed.java:run(183)) - Thread Interrupted waiting to refresh disk information: sleep interrupted
2019-07-13 16:37:22,888 INFO  utils.BackgroundService (BackgroundService.java:shutdown(148)) - Shutting down service BlockDeletingService
2019-07-13 16:37:22,890 WARN  fs.CachingGetSpaceUsed (CachingGetSpaceUsed.java:run(183)) - Thread Interrupted waiting to refresh disk information: sleep interrupted
2019-07-13 16:37:22,907 INFO  statemachine.DatanodeStateMachine (DatanodeStateMachine.java:stopDaemon(395)) - Ozone container server stopped.
2019-07-13 16:37:22,910 INFO  statemachine.DatanodeStateMachine (DatanodeStateMachine.java:stopDaemon(395)) - Ozone container server stopped.
2019-07-13 16:37:22,915 INFO  handler.ContextHandler (ContextHandler.java:doStop(910)) - Stopped o.e.j.w.WebAppContext@37930f48{/,null,UNAVAILABLE}{/hddsDatanode}
2019-07-13 16:37:22,915 INFO  handler.ContextHandler (ContextHandler.java:doStop(910)) - Stopped o.e.j.w.WebAppContext@2330af4f{/,null,UNAVAILABLE}{/hddsDatanode}
2019-07-13 16:37:22,916 INFO  server.AbstractConnector (AbstractConnector.java:doStop(318)) - Stopped ServerConnector@58084f58{HTTP/1.1,[http/1.1]}{0.0.0.0:0}
2019-07-13 16:37:22,916 INFO  server.AbstractConnector (AbstractConnector.java:doStop(318)) - Stopped ServerConnector@eb3ceb4{HTTP/1.1,[http/1.1]}{0.0.0.0:0}
2019-07-13 16:37:22,917 INFO  handler.ContextHandler (ContextHandler.java:doStop(910)) - Stopped o.e.j.s.ServletContextHandler@1e364cea{/static,jar:file:/home/user/.m2/repository/org/apache/hadoop/hadoop-hdds-container-service/0.5.0-SNAPSHOT/hadoop-hdds-container-service-0.5.0-SNAPSHOT.jar!/webapps/static,UNAVAILABLE}
2019-07-13 16:37:22,917 INFO  handler.ContextHandler (ContextHandler.java:doStop(910)) - Stopped o.e.j.s.ServletContextHandler@5deae5ef{/static,jar:file:/home/user/.m2/repository/org/apache/hadoop/hadoop-hdds-container-service/0.5.0-SNAPSHOT/hadoop-hdds-container-service-0.5.0-SNAPSHOT.jar!/webapps/static,UNAVAILABLE}
2019-07-13 16:37:22,919 INFO  handler.ContextHandler (ContextHandler.java:doStop(910)) - Stopped o.e.j.s.ServletContextHandler@4dc24d88{/logs,file:///tmp/workdir/hadoop-ozone/integration-test/target/log,UNAVAILABLE}
2019-07-13 16:37:22,919 INFO  handler.ContextHandler (ContextHandler.java:doStop(910)) - Stopped o.e.j.s.ServletContextHandler@17e77d57{/logs,file:///tmp/workdir/hadoop-ozone/integration-test/target/log,UNAVAILABLE}
2019-07-13 16:37:22,920 INFO  datanode.ObjectStoreHandler (ObjectStoreHandler.java:close(155)) - Closing ObjectStoreHandler.
2019-07-13 16:37:22,920 INFO  ozone.HddsDatanodeService (HddsDatanodeService.java:stop(452)) - Stopped plug-in org.apache.hadoop.ozone.web.OzoneHddsDatanodeService@911a6cd
2019-07-13 16:37:23,571 INFO  statemachine.DatanodeStateMachine (DatanodeStateMachine.java:lambda$startDaemon$0(350)) - Ozone container server started.
2019-07-13 16:37:24,542 WARN  server.GrpcLogAppender (LogUtils.java:warn(134)) - 3714f87c-c20b-462c-a483-4e53e291f7de->36ae1c90-1a2d-489e-92cd-e60a8d4b511f: Failed appendEntries: org.apache.ratis.thirdparty.io.grpc.StatusRuntimeException: UNAVAILABLE: io exception
2019-07-13 16:37:24,542 WARN  server.GrpcLogAppender (LogUtils.java:warn(134)) - 3714f87c-c20b-462c-a483-4e53e291f7de->1e98dda5-7541-4657-b55c-d3eb0b5d2574: Failed appendEntries: org.apache.ratis.thirdparty.io.grpc.StatusRuntimeException: UNAVAILABLE: io exception
2019-07-13 16:37:24,542 INFO  impl.FollowerInfo (FollowerInfo.java:lambda$new$0(50)) - 3714f87c-c20b-462c-a483-4e53e291f7de->36ae1c90-1a2d-489e-92cd-e60a8d4b511f: nextIndex: updateUnconditionally 5 -> 4
2019-07-13 16:37:24,543 INFO  impl.FollowerInfo (FollowerInfo.java:lambda$new$0(50)) - 3714f87c-c20b-462c-a483-4e53e291f7de->1e98dda5-7541-4657-b55c-d3eb0b5d2574: nextIndex: updateUnconditionally 8 -> 7
2019-07-13 16:37:27,042 WARN  server.GrpcLogAppender (LogUtils.java:warn(134)) - 3714f87c-c20b-462c-a483-4e53e291f7de->36ae1c90-1a2d-489e-92cd-e60a8d4b511f: Failed appendEntries: org.apache.ratis.thirdparty.io.grpc.StatusRuntimeException: UNAVAILABLE: io exception
2019-07-13 16:37:27,043 WARN  server.GrpcLogAppender (LogUtils.java:warn(134)) - 3714f87c-c20b-462c-a483-4e53e291f7de->1e98dda5-7541-4657-b55c-d3eb0b5d2574: Failed appendEntries: org.apache.ratis.thirdparty.io.grpc.StatusRuntimeException: UNAVAILABLE: io exception
2019-07-13 16:37:27,043 INFO  impl.FollowerInfo (FollowerInfo.java:lambda$new$0(50)) - 3714f87c-c20b-462c-a483-4e53e291f7de->36ae1c90-1a2d-489e-92cd-e60a8d4b511f: nextIndex: updateUnconditionally 4 -> 3
2019-07-13 16:37:27,044 INFO  impl.FollowerInfo (FollowerInfo.java:lambda$new$0(50)) - 3714f87c-c20b-462c-a483-4e53e291f7de->1e98dda5-7541-4657-b55c-d3eb0b5d2574: nextIndex: updateUnconditionally 7 -> 6
2019-07-13 16:37:27,626 INFO  node.StaleNodeHandler (StaleNodeHandler.java:onMessage(58)) - Datanode 3714f87c-c20b-462c-a483-4e53e291f7de{ip: 192.168.5.187, host: trunk-nightly-z92hn-1831959607, networkLocation: /default-rack, certSerialId: null} moved to stale state. Finalizing its pipelines [PipelineID=74bf6b96-13ac-4c1b-b277-aeb4371a4d0d, PipelineID=dfffe400-27f5-48c9-b6fa-7d7226622f26]
2019-07-13 16:37:27,626 INFO  pipeline.SCMPipelineManager (SCMPipelineManager.java:finalizeAndDestroyPipeline(309)) - destroying pipeline:Pipeline[ Id: 74bf6b96-13ac-4c1b-b277-aeb4371a4d0d, Nodes: 3714f87c-c20b-462c-a483-4e53e291f7de{ip: 192.168.5.187, host: trunk-nightly-z92hn-1831959607, networkLocation: /default-rack, certSerialId: null}, Type:RATIS, Factor:ONE, State:OPEN]
2019-07-13 16:37:27,626 INFO  pipeline.PipelineStateManager (PipelineStateManager.java:finalizePipeline(123)) - Pipeline Pipeline[ Id: 74bf6b96-13ac-4c1b-b277-aeb4371a4d0d, Nodes: 3714f87c-c20b-462c-a483-4e53e291f7de{ip: 192.168.5.187, host: trunk-nightly-z92hn-1831959607, networkLocation: /default-rack, certSerialId: null}, Type:RATIS, Factor:ONE, State:CLOSED] moved to CLOSED state
2019-07-13 16:37:27,626 INFO  pipeline.SCMPipelineManager (SCMPipelineManager.java:finalizeAndDestroyPipeline(309)) - destroying pipeline:Pipeline[ Id: dfffe400-27f5-48c9-b6fa-7d7226622f26, Nodes: 3714f87c-c20b-462c-a483-4e53e291f7de{ip: 192.168.5.187, host: trunk-nightly-z92hn-1831959607, networkLocation: /default-rack, certSerialId: null}1e98dda5-7541-4657-b55c-d3eb0b5d2574{ip: 192.168.5.187, host: trunk-nightly-z92hn-1831959607, networkLocation: /default-rack, certSerialId: null}36ae1c90-1a2d-489e-92cd-e60a8d4b511f{ip: 192.168.5.187, host: trunk-nightly-z92hn-1831959607, networkLocation: /default-rack, certSerialId: null}, Type:RATIS, Factor:THREE, State:CLOSED]
2019-07-13 16:37:27,921 INFO  ozoneimpl.OzoneContainer (OzoneContainer.java:stop(199)) - Attempting to stop container services.
2019-07-13 16:37:27,921 INFO  impl.RaftServerProxy (RaftServerProxy.java:lambda$close$4(314)) - 3714f87c-c20b-462c-a483-4e53e291f7de: close
2019-07-13 16:37:27,921 INFO  impl.RaftServerImpl (RaftServerImpl.java:lambda$shutdown$3(245)) - 3714f87c-c20b-462c-a483-4e53e291f7de: shutdown group-AEB4371A4D0D
2019-07-13 16:37:27,922 INFO  util.JmxRegister (JmxRegister.java:unregister(73)) - Successfully un-registered JMX Bean with object name Ratis:service=RaftServer,group=group-AEB4371A4D0D,id=3714f87c-c20b-462c-a483-4e53e291f7de
2019-07-13 16:37:27,922 INFO  impl.RoleInfo (RoleInfo.java:shutdownLeaderState(104)) - 3714f87c-c20b-462c-a483-4e53e291f7de: shutdown LeaderState
2019-07-13 16:37:27,922 INFO  impl.PendingRequests (PendingRequests.java:sendNotLeaderResponses(202)) - 3714f87c-c20b-462c-a483-4e53e291f7de-PendingRequests: sendNotLeaderResponses
2019-07-13 16:37:27,923 INFO  impl.StateMachineUpdater (StateMachineUpdater.java:stopAndJoin(115)) - StateMachineUpdater:3714f87c-c20b-462c-a483-4e53e291f7de:group-AEB4371A4D0D: set stopIndex = 0
2019-07-13 16:37:27,923 INFO  ratis.ContainerStateMachine (ContainerStateMachine.java:takeSnapshot(246)) - Taking snapshot at termIndex:(t:0, i:~)
2019-07-13 16:37:27,924 INFO  impl.RaftServerImpl (ServerState.java:close(394)) - 3714f87c-c20b-462c-a483-4e53e291f7de:group-AEB4371A4D0D closes. The last applied log index is 0
2019-07-13 16:37:27,924 INFO  segmented.SegmentedRaftLogWorker (SegmentedRaftLogWorker.java:run(313)) - 3714f87c-c20b-462c-a483-4e53e291f7de-SegmentedRaftLogWorker:Storage Directory /tmp/workdir/hadoop-ozone/integration-test/target/test-dir/MiniOzoneClusterImpl-ff639893-bec4-4f82-8d2e-9b96d860749a/datanode-5/data/ratis/74bf6b96-13ac-4c1b-b277-aeb4371a4d0d was interrupted, exiting. There are 0 tasks remaining in the queue.
2019-07-13 16:37:27,924 INFO  segmented.SegmentedRaftLogWorker (SegmentedRaftLogWorker.java:close(228)) - 3714f87c-c20b-462c-a483-4e53e291f7de-SegmentedRaftLogWorker:Storage Directory /tmp/workdir/hadoop-ozone/integration-test/target/test-dir/MiniOzoneClusterImpl-ff639893-bec4-4f82-8d2e-9b96d860749a/datanode-5/data/ratis/74bf6b96-13ac-4c1b-b277-aeb4371a4d0d close()
2019-07-13 16:37:27,925 INFO  impl.RaftServerImpl (RaftServerImpl.java:lambda$shutdown$3(245)) - 3714f87c-c20b-462c-a483-4e53e291f7de: shutdown group-7D7226622F26
2019-07-13 16:37:27,925 INFO  util.JmxRegister (JmxRegister.java:unregister(73)) - Successfully un-registered JMX Bean with object name Ratis:service=RaftServer,group=group-7D7226622F26,id=3714f87c-c20b-462c-a483-4e53e291f7de
2019-07-13 16:37:27,925 INFO  impl.RoleInfo (RoleInfo.java:shutdownLeaderState(104)) - 3714f87c-c20b-462c-a483-4e53e291f7de: shutdown LeaderState
2019-07-13 16:37:27,934 INFO  impl.PendingRequests (PendingRequests.java:sendNotLeaderResponses(202)) - 3714f87c-c20b-462c-a483-4e53e291f7de-PendingRequests: sendNotLeaderResponses
2019-07-13 16:37:27,934 WARN  server.GrpcLogAppender (GrpcLogAppender.java:mayWait(143)) - GrpcLogAppender(3714f87c-c20b-462c-a483-4e53e291f7de->1e98dda5-7541-4657-b55c-d3eb0b5d2574): Wait interrupted by java.lang.InterruptedException
2019-07-13 16:37:27,934 WARN  server.GrpcLogAppender (GrpcLogAppender.java:mayWait(143)) - GrpcLogAppender(3714f87c-c20b-462c-a483-4e53e291f7de->36ae1c90-1a2d-489e-92cd-e60a8d4b511f): Wait interrupted by java.lang.InterruptedException
2019-07-13 16:37:27,937 INFO  impl.StateMachineUpdater (StateMachineUpdater.java:stopAndJoin(115)) - StateMachineUpdater:3714f87c-c20b-462c-a483-4e53e291f7de:group-7D7226622F26: set stopIndex = 10
2019-07-13 16:37:27,937 INFO  ratis.ContainerStateMachine (ContainerStateMachine.java:takeSnapshot(246)) - Taking snapshot at termIndex:(t:3, i:10)
2019-07-13 16:37:27,939 INFO  ratis.ContainerStateMachine (ContainerStateMachine.java:takeSnapshot(250)) - Taking a snapshot to file /tmp/workdir/hadoop-ozone/integration-test/target/test-dir/MiniOzoneClusterImpl-ff639893-bec4-4f82-8d2e-9b96d860749a/datanode-5/data/ratis/dfffe400-27f5-48c9-b6fa-7d7226622f26/sm/snapshot.3_10
2019-07-13 16:37:27,940 INFO  impl.StateMachineUpdater (StateMachineUpdater.java:takeSnapshot(242)) - StateMachineUpdater:3714f87c-c20b-462c-a483-4e53e291f7de:group-7D7226622F26: Took a snapshot at index 10
2019-07-13 16:37:27,940 INFO  impl.StateMachineUpdater (StateMachineUpdater.java:lambda$new$0(80)) - StateMachineUpdater:3714f87c-c20b-462c-a483-4e53e291f7de:group-7D7226622F26: snapshotIndex: updateIncreasingly -1 -> 10
2019-07-13 16:37:27,940 INFO  impl.RaftServerImpl (ServerState.java:close(394)) - 3714f87c-c20b-462c-a483-4e53e291f7de:group-7D7226622F26 closes. The last applied log index is 10
2019-07-13 16:37:27,941 INFO  segmented.SegmentedRaftLogWorker (SegmentedRaftLogWorker.java:run(313)) - 3714f87c-c20b-462c-a483-4e53e291f7de-SegmentedRaftLogWorker:Storage Directory /tmp/workdir/hadoop-ozone/integration-test/target/test-dir/MiniOzoneClusterImpl-ff639893-bec4-4f82-8d2e-9b96d860749a/datanode-5/data/ratis/dfffe400-27f5-48c9-b6fa-7d7226622f26 was interrupted, exiting. There are 0 tasks remaining in the queue.
2019-07-13 16:37:27,941 INFO  segmented.SegmentedRaftLogWorker (SegmentedRaftLogWorker.java:close(228)) - 3714f87c-c20b-462c-a483-4e53e291f7de-SegmentedRaftLogWorker:Storage Directory /tmp/workdir/hadoop-ozone/integration-test/target/test-dir/MiniOzoneClusterImpl-ff639893-bec4-4f82-8d2e-9b96d860749a/datanode-5/data/ratis/dfffe400-27f5-48c9-b6fa-7d7226622f26 close()
2019-07-13 16:37:27,941 INFO  server.GrpcService (GrpcService.java:closeImpl(155)) - 3714f87c-c20b-462c-a483-4e53e291f7de: shutdown server with port 45707 now
2019-07-13 16:37:27,942 INFO  server.GrpcService (GrpcService.java:closeImpl(163)) - 3714f87c-c20b-462c-a483-4e53e291f7de: shutdown server with port 45707 successfully
2019-07-13 16:37:27,946 INFO  utils.BackgroundService (BackgroundService.java:shutdown(148)) - Shutting down service BlockDeletingService
2019-07-13 16:37:27,948 WARN  fs.CachingGetSpaceUsed (CachingGetSpaceUsed.java:run(183)) - Thread Interrupted waiting to refresh disk information: sleep interrupted
2019-07-13 16:37:27,966 INFO  statemachine.DatanodeStateMachine (DatanodeStateMachine.java:stopDaemon(395)) - Ozone container server stopped.
2019-07-13 16:37:27,971 INFO  handler.ContextHandler (ContextHandler.java:doStop(910)) - Stopped o.e.j.w.WebAppContext@7356f0e0{/,null,UNAVAILABLE}{/hddsDatanode}
2019-07-13 16:37:27,971 INFO  server.AbstractConnector (AbstractConnector.java:doStop(318)) - Stopped ServerConnector@7fdef973{HTTP/1.1,[http/1.1]}{0.0.0.0:0}
2019-07-13 16:37:27,975 INFO  handler.ContextHandler (ContextHandler.java:doStop(910)) - Stopped o.e.j.s.ServletContextHandler@77eab063{/static,jar:file:/home/user/.m2/repository/org/apache/hadoop/hadoop-hdds-container-service/0.5.0-SNAPSHOT/hadoop-hdds-container-service-0.5.0-SNAPSHOT.jar!/webapps/static,UNAVAILABLE}
2019-07-13 16:37:27,975 INFO  handler.ContextHandler (ContextHandler.java:doStop(910)) - Stopped o.e.j.s.ServletContextHandler@c95213a{/logs,file:///tmp/workdir/hadoop-ozone/integration-test/target/log,UNAVAILABLE}
2019-07-13 16:37:27,976 INFO  ozone.MiniOzoneClusterImpl (MiniOzoneClusterImpl.java:stop(353)) - Stopping the StorageContainerManager
2019-07-13 16:37:27,977 INFO  server.StorageContainerManager (StorageContainerManager.java:stop(796)) - Stopping Replication Manager Service.
2019-07-13 16:37:27,977 INFO  container.ReplicationManager (ReplicationManager.java:stop(187)) - Stopping Replication Monitor Thread.
2019-07-13 16:37:27,977 INFO  server.StorageContainerManager (StorageContainerManager.java:stop(803)) - Stopping Lease Manager of the command watchers
2019-07-13 16:37:27,977 INFO  server.StorageContainerManager (StorageContainerManager.java:stop(810)) - Stopping datanode service RPC server
2019-07-13 16:37:27,978 INFO  server.SCMDatanodeProtocolServer (SCMDatanodeProtocolServer.java:stop(375)) - Stopping the RPC server for DataNodes
2019-07-13 16:37:27,978 INFO  ipc.Server (Server.java:stop(3082)) - Stopping server on 44396
2019-07-13 16:37:27,980 INFO  ipc.Server (Server.java:run(1185)) - Stopping IPC Server listener on 44396
2019-07-13 16:37:27,982 INFO  ipc.Server (Server.java:run(1319)) - Stopping IPC Server Responder
2019-07-13 16:37:28,026 WARN  node.NodeStateManager (NodeStateManager.java:scheduleNextHealthCheck(631)) - Current Thread is interrupted, shutting down HB processing thread for Node Manager.
2019-07-13 16:37:28,026 INFO  server.StorageContainerManager (StorageContainerManager.java:stop(818)) - Stopping block service RPC server
2019-07-13 16:37:28,026 INFO  server.SCMBlockProtocolServer (SCMBlockProtocolServer.java:stop(148)) - Stopping the RPC server for Block Protocol
2019-07-13 16:37:28,027 INFO  ipc.Server (Server.java:stop(3082)) - Stopping server on 39846
2019-07-13 16:37:28,029 INFO  ipc.Server (Server.java:run(1185)) - Stopping IPC Server listener on 39846
2019-07-13 16:37:28,029 INFO  server.StorageContainerManager (StorageContainerManager.java:stop(825)) - Stopping the StorageContainerLocationProtocol RPC server
2019-07-13 16:37:28,029 INFO  server.SCMClientProtocolServer (SCMClientProtocolServer.java:stop(157)) - Stopping the RPC server for Client Protocol
2019-07-13 16:37:28,030 INFO  ipc.Server (Server.java:run(1319)) - Stopping IPC Server Responder
2019-07-13 16:37:28,030 INFO  ipc.Server (Server.java:stop(3082)) - Stopping server on 38187
2019-07-13 16:37:28,033 INFO  ipc.Server (Server.java:run(1185)) - Stopping IPC Server listener on 38187
2019-07-13 16:37:28,034 INFO  server.StorageContainerManager (StorageContainerManager.java:stop(832)) - Stopping Storage Container Manager HTTP server.
2019-07-13 16:37:28,035 INFO  ipc.Server (Server.java:run(1319)) - Stopping IPC Server Responder
2019-07-13 16:37:28,036 INFO  handler.ContextHandler (ContextHandler.java:doStop(910)) - Stopped o.e.j.w.WebAppContext@1ab64f66{/,null,UNAVAILABLE}{/scm}
2019-07-13 16:37:28,037 INFO  server.AbstractConnector (AbstractConnector.java:doStop(318)) - Stopped ServerConnector@23595dd9{HTTP/1.1,[http/1.1]}{0.0.0.0:0}
2019-07-13 16:37:28,037 INFO  handler.ContextHandler (ContextHandler.java:doStop(910)) - Stopped o.e.j.s.ServletContextHandler@550a78ed{/static,file:///tmp/workdir/hadoop-ozone/integration-test/target/test-classes/webapps/static,UNAVAILABLE}
2019-07-13 16:37:28,038 INFO  handler.ContextHandler (ContextHandler.java:doStop(910)) - Stopped o.e.j.s.ServletContextHandler@7b5ffde0{/logs,file:///tmp/workdir/hadoop-ozone/integration-test/target/log,UNAVAILABLE}
2019-07-13 16:37:28,039 INFO  server.StorageContainerManager (StorageContainerManager.java:stop(843)) - Stopping Block Manager Service.
2019-07-13 16:37:28,039 INFO  utils.BackgroundService (BackgroundService.java:shutdown(148)) - Shutting down service SCMBlockDeletingService
2019-07-13 16:37:28,040 INFO  utils.BackgroundService (BackgroundService.java:shutdown(148)) - Shutting down service SCMBlockDeletingService
2019-07-13 16:37:28,041 INFO  server.StorageContainerManager (StorageContainerManager.java:stop(865)) - Stopping SCM Event Queue.
2019-07-13 16:37:28,046 INFO  impl.MetricsSystemImpl (MetricsSystemImpl.java:stop(210)) - Stopping HddsDatanode metrics system...
2019-07-13 16:37:28,055 INFO  impl.MetricsSystemImpl (MetricsSystemImpl.java:stop(216)) - HddsDatanode metrics system stopped.
]]></system-out>
    <system-err><![CDATA[Jul 13, 2019 4:36:51 PM com.sun.jersey.server.impl.application.WebApplicationImpl _initiate
INFO: Initiating Jersey application, version 'Jersey: 1.19 02/11/2015 03:25 AM'
Jul 13, 2019 4:36:51 PM com.sun.jersey.server.impl.application.WebApplicationImpl _initiate
INFO: Initiating Jersey application, version 'Jersey: 1.19 02/11/2015 03:25 AM'
Jul 13, 2019 4:36:52 PM com.sun.jersey.server.impl.application.WebApplicationImpl _initiate
INFO: Initiating Jersey application, version 'Jersey: 1.19 02/11/2015 03:25 AM'
Jul 13, 2019 4:36:52 PM com.sun.jersey.server.impl.application.WebApplicationImpl _initiate
INFO: Initiating Jersey application, version 'Jersey: 1.19 02/11/2015 03:25 AM'
Jul 13, 2019 4:36:52 PM com.sun.jersey.server.impl.application.WebApplicationImpl _initiate
INFO: Initiating Jersey application, version 'Jersey: 1.19 02/11/2015 03:25 AM'
Jul 13, 2019 4:36:52 PM com.sun.jersey.server.impl.application.WebApplicationImpl _initiate
INFO: Initiating Jersey application, version 'Jersey: 1.19 02/11/2015 03:25 AM'
Jul 13, 2019 4:36:52 PM com.sun.jersey.server.impl.application.WebApplicationImpl _initiate
INFO: Initiating Jersey application, version 'Jersey: 1.19 02/11/2015 03:25 AM'
]]></system-err>
  </testcase>
</testsuite>