<?xml version="1.0" encoding="UTF-8"?>
<testsuite xmlns:xsi="http://www.w3.org/2001/XMLSchema-instance" xsi:noNamespaceSchemaLocation="https://maven.apache.org/surefire/maven-surefire-plugin/xsd/surefire-test-report.xsd" name="org.apache.hadoop.ozone.client.rpc.TestBlockOutputStreamWithFailures" time="747.74" tests="8" errors="0" skipped="0" failures="2">
  <properties>
    <property name="awt.toolkit" value="sun.awt.X11.XToolkit"/>
    <property name="file.encoding.pkg" value="sun.io"/>
    <property name="java.specification.version" value="1.8"/>
    <property name="sun.cpu.isalist" value=""/>
    <property name="sun.jnu.encoding" value="UTF-8"/>
    <property name="java.class.path" value="/workdir/hadoop-ozone/integration-test/target/test-classes:/workdir/hadoop-ozone/integration-test/target/classes:/home/user/.m2/repository/org/apache/hadoop/hadoop-ozone-common/0.5.0-SNAPSHOT/hadoop-ozone-common-0.5.0-SNAPSHOT.jar:/home/user/.m2/repository/org/apache/commons/commons-compress/1.4.1/commons-compress-1.4.1.jar:/home/user/.m2/repository/org/tukaani/xz/1.0/xz-1.0.jar:/home/user/.m2/repository/org/apache/hadoop/hadoop-common/3.2.0/hadoop-common-3.2.0.jar:/home/user/.m2/repository/org/apache/hadoop/hadoop-hdfs/3.2.0/hadoop-hdfs-3.2.0.jar:/home/user/.m2/repository/org/apache/hadoop/hadoop-hdfs-client/3.2.0/hadoop-hdfs-client-3.2.0.jar:/home/user/.m2/repository/com/fasterxml/jackson/core/jackson-annotations/2.9.5/jackson-annotations-2.9.5.jar:/home/user/.m2/repository/org/apache/hadoop/hadoop-hdds-common/0.5.0-SNAPSHOT/hadoop-hdds-common-0.5.0-SNAPSHOT.jar:/home/user/.m2/repository/javax/annotation/javax.annotation-api/1.2/javax.annotation-api-1.2.jar:/home/user/.m2/repository/org/apache/ratis/ratis-server/0.4.0-2337318-SNAPSHOT/ratis-server-0.4.0-2337318-SNAPSHOT.jar:/home/user/.m2/repository/org/apache/ratis/ratis-thirdparty-misc/0.2.0/ratis-thirdparty-misc-0.2.0.jar:/home/user/.m2/repository/org/apache/ratis/ratis-proto/0.4.0-2337318-SNAPSHOT/ratis-proto-0.4.0-2337318-SNAPSHOT.jar:/home/user/.m2/repository/org/apache/ratis/ratis-common/0.4.0-2337318-SNAPSHOT/ratis-common-0.4.0-2337318-SNAPSHOT.jar:/home/user/.m2/repository/org/apache/ratis/ratis-client/0.4.0-2337318-SNAPSHOT/ratis-client-0.4.0-2337318-SNAPSHOT.jar:/home/user/.m2/repository/org/apache/ratis/ratis-metrics/0.4.0-2337318-SNAPSHOT/ratis-metrics-0.4.0-2337318-SNAPSHOT.jar:/home/user/.m2/repository/org/apache/ratis/ratis-netty/0.4.0-2337318-SNAPSHOT/ratis-netty-0.4.0-2337318-SNAPSHOT.jar:/home/user/.m2/repository/org/apache/ratis/ratis-grpc/0.4.0-2337318-SNAPSHOT/ratis-grpc-0.4.0-2337318-SNAPSHOT.jar:/home/user/.m2/repository/org/rocksdb/rocksdbjni/6.0.1/rocksdbjni-6.0.1.jar:/home/user/.m2/repository/org/apache/logging/log4j/log4j-api/2.11.0/log4j-api-2.11.0.jar:/home/user/.m2/repository/org/apache/logging/log4j/log4j-core/2.11.0/log4j-core-2.11.0.jar:/home/user/.m2/repository/com/lmax/disruptor/3.4.2/disruptor-3.4.2.jar:/home/user/.m2/repository/org/apache/commons/commons-pool2/2.6.0/commons-pool2-2.6.0.jar:/home/user/.m2/repository/org/bouncycastle/bcpkix-jdk15on/1.60/bcpkix-jdk15on-1.60.jar:/home/user/.m2/repository/commons-validator/commons-validator/1.6/commons-validator-1.6.jar:/home/user/.m2/repository/commons-digester/commons-digester/1.8.1/commons-digester-1.8.1.jar:/home/user/.m2/repository/io/jaegertracing/jaeger-client/0.33.1/jaeger-client-0.33.1.jar:/home/user/.m2/repository/io/jaegertracing/jaeger-thrift/0.33.1/jaeger-thrift-0.33.1.jar:/home/user/.m2/repository/org/apache/thrift/libthrift/0.11.0/libthrift-0.11.0.jar:/home/user/.m2/repository/com/squareup/okhttp3/okhttp/3.9.0/okhttp-3.9.0.jar:/home/user/.m2/repository/com/squareup/okio/okio/1.13.0/okio-1.13.0.jar:/home/user/.m2/repository/io/jaegertracing/jaeger-core/0.33.1/jaeger-core-0.33.1.jar:/home/user/.m2/repository/io/jaegertracing/jaeger-tracerresolver/0.33.1/jaeger-tracerresolver-0.33.1.jar:/home/user/.m2/repository/io/opentracing/contrib/opentracing-tracerresolver/0.1.5/opentracing-tracerresolver-0.1.5.jar:/home/user/.m2/repository/io/opentracing/opentracing-util/0.31.0/opentracing-util-0.31.0.jar:/home/user/.m2/repository/io/opentracing/opentracing-api/0.31.0/opentracing-api-0.31.0.jar:/home/user/.m2/repository/io/opentracing/opentracing-noop/0.31.0/opentracing-noop-0.31.0.jar:/home/user/.m2/repository/org/apache/hadoop/hadoop-hdds-server-framework/0.5.0-SNAPSHOT/hadoop-hdds-server-framework-0.5.0-SNAPSHOT.jar:/home/user/.m2/repository/org/apache/hadoop/hadoop-hdds-container-service/0.5.0-SNAPSHOT/hadoop-hdds-container-service-0.5.0-SNAPSHOT.jar:/home/user/.m2/repository/org/apache/hadoop/hadoop-hdds-client/0.5.0-SNAPSHOT/hadoop-hdds-client-0.5.0-SNAPSHOT.jar:/home/user/.m2/repository/org/apache/hadoop/hadoop-hdds-tools/0.5.0-SNAPSHOT/hadoop-hdds-tools-0.5.0-SNAPSHOT.jar:/home/user/.m2/repository/org/apache/hadoop/hadoop-hdds-server-scm/0.5.0-SNAPSHOT/hadoop-hdds-server-scm-0.5.0-SNAPSHOT.jar:/home/user/.m2/repository/org/apache/hadoop/hadoop-hdds-docs/0.5.0-SNAPSHOT/hadoop-hdds-docs-0.5.0-SNAPSHOT.jar:/home/user/.m2/repository/io/dropwizard/metrics/metrics-core/3.2.4/metrics-core-3.2.4.jar:/home/user/.m2/repository/org/hamcrest/hamcrest-all/1.3/hamcrest-all-1.3.jar:/home/user/.m2/repository/org/bouncycastle/bcprov-jdk15on/1.60/bcprov-jdk15on-1.60.jar:/home/user/.m2/repository/info/picocli/picocli/3.9.6/picocli-3.9.6.jar:/home/user/.m2/repository/com/google/protobuf/protobuf-java/2.5.0/protobuf-java-2.5.0.jar:/home/user/.m2/repository/com/google/guava/guava/11.0.2/guava-11.0.2.jar:/home/user/.m2/repository/org/apache/hadoop/hadoop-ozone-ozone-manager/0.5.0-SNAPSHOT/hadoop-ozone-ozone-manager-0.5.0-SNAPSHOT.jar:/home/user/.m2/repository/org/apache/hadoop/hadoop-minikdc/3.2.0/hadoop-minikdc-3.2.0.jar:/home/user/.m2/repository/commons-io/commons-io/2.5/commons-io-2.5.jar:/home/user/.m2/repository/org/apache/kerby/kerb-simplekdc/1.0.1/kerb-simplekdc-1.0.1.jar:/home/user/.m2/repository/org/apache/kerby/kerb-client/1.0.1/kerb-client-1.0.1.jar:/home/user/.m2/repository/org/apache/kerby/kerby-config/1.0.1/kerby-config-1.0.1.jar:/home/user/.m2/repository/org/apache/kerby/kerb-core/1.0.1/kerb-core-1.0.1.jar:/home/user/.m2/repository/org/apache/kerby/kerby-pkix/1.0.1/kerby-pkix-1.0.1.jar:/home/user/.m2/repository/org/apache/kerby/kerby-asn1/1.0.1/kerby-asn1-1.0.1.jar:/home/user/.m2/repository/org/apache/kerby/kerby-util/1.0.1/kerby-util-1.0.1.jar:/home/user/.m2/repository/org/apache/kerby/kerb-common/1.0.1/kerb-common-1.0.1.jar:/home/user/.m2/repository/org/apache/kerby/kerb-crypto/1.0.1/kerb-crypto-1.0.1.jar:/home/user/.m2/repository/org/apache/kerby/kerb-util/1.0.1/kerb-util-1.0.1.jar:/home/user/.m2/repository/org/apache/kerby/token-provider/1.0.1/token-provider-1.0.1.jar:/home/user/.m2/repository/org/apache/kerby/kerb-admin/1.0.1/kerb-admin-1.0.1.jar:/home/user/.m2/repository/org/apache/kerby/kerb-server/1.0.1/kerb-server-1.0.1.jar:/home/user/.m2/repository/org/apache/kerby/kerb-identity/1.0.1/kerb-identity-1.0.1.jar:/home/user/.m2/repository/org/apache/kerby/kerby-xdr/1.0.1/kerby-xdr-1.0.1.jar:/home/user/.m2/repository/org/slf4j/slf4j-log4j12/1.7.25/slf4j-log4j12-1.7.25.jar:/home/user/.m2/repository/org/apache/hadoop/hadoop-ozone-s3gateway/0.5.0-SNAPSHOT/hadoop-ozone-s3gateway-0.5.0-SNAPSHOT.jar:/home/user/.m2/repository/org/jboss/weld/servlet/weld-servlet/2.4.7.Final/weld-servlet-2.4.7.Final.jar:/home/user/.m2/repository/org/glassfish/jersey/containers/jersey-container-servlet-core/2.27/jersey-container-servlet-core-2.27.jar:/home/user/.m2/repository/org/glassfish/hk2/external/javax.inject/2.5.0-b42/javax.inject-2.5.0-b42.jar:/home/user/.m2/repository/org/glassfish/jersey/core/jersey-common/2.27/jersey-common-2.27.jar:/home/user/.m2/repository/org/glassfish/hk2/osgi-resource-locator/1.0.1/osgi-resource-locator-1.0.1.jar:/home/user/.m2/repository/javax/ws/rs/javax.ws.rs-api/2.1/javax.ws.rs-api-2.1.jar:/home/user/.m2/repository/org/glassfish/jersey/ext/cdi/jersey-cdi1x/2.27/jersey-cdi1x-2.27.jar:/home/user/.m2/repository/org/glassfish/jersey/inject/jersey-hk2/2.27/jersey-hk2-2.27.jar:/home/user/.m2/repository/org/glassfish/hk2/hk2-locator/2.5.0-b42/hk2-locator-2.5.0-b42.jar:/home/user/.m2/repository/org/javassist/javassist/3.22.0-CR2/javassist-3.22.0-CR2.jar:/home/user/.m2/repository/org/glassfish/hk2/hk2-api/2.5.0/hk2-api-2.5.0.jar:/home/user/.m2/repository/org/glassfish/hk2/external/jakarta.inject/2.5.0/jakarta.inject-2.5.0.jar:/home/user/.m2/repository/org/glassfish/hk2/hk2-utils/2.5.0/hk2-utils-2.5.0.jar:/home/user/.m2/repository/jakarta/annotation/jakarta.annotation-api/1.3.4/jakarta.annotation-api-1.3.4.jar:/home/user/.m2/repository/org/glassfish/hk2/external/aopalliance-repackaged/2.5.0/aopalliance-repackaged-2.5.0.jar:/home/user/.m2/repository/com/fasterxml/jackson/dataformat/jackson-dataformat-xml/2.9.0/jackson-dataformat-xml-2.9.0.jar:/home/user/.m2/repository/com/fasterxml/jackson/core/jackson-core/2.9.5/jackson-core-2.9.5.jar:/home/user/.m2/repository/com/fasterxml/jackson/module/jackson-module-jaxb-annotations/2.9.5/jackson-module-jaxb-annotations-2.9.5.jar:/home/user/.m2/repository/javax/enterprise/cdi-api/1.2/cdi-api-1.2.jar:/home/user/.m2/repository/javax/el/javax.el-api/3.0.0/javax.el-api-3.0.0.jar:/home/user/.m2/repository/javax/interceptor/javax.interceptor-api/1.2/javax.interceptor-api-1.2.jar:/home/user/.m2/repository/javax/inject/javax.inject/1/javax.inject-1.jar:/home/user/.m2/repository/com/sun/xml/bind/jaxb-impl/2.3.0.1/jaxb-impl-2.3.0.1.jar:/home/user/.m2/repository/com/sun/xml/bind/jaxb-core/2.3.0.1/jaxb-core-2.3.0.1.jar:/home/user/.m2/repository/javax/xml/bind/jaxb-api/2.3.0/jaxb-api-2.3.0.jar:/home/user/.m2/repository/javax/activation/activation/1.1.1/activation-1.1.1.jar:/home/user/.m2/repository/org/apache/hadoop/hadoop-ozone-csi/0.5.0-SNAPSHOT/hadoop-ozone-csi-0.5.0-SNAPSHOT.jar:/home/user/.m2/repository/com/google/protobuf/protobuf-java-util/3.5.1/protobuf-java-util-3.5.1.jar:/home/user/.m2/repository/org/apache/hadoop/hadoop-hdds-config/0.5.0-SNAPSHOT/hadoop-hdds-config-0.5.0-SNAPSHOT.jar:/home/user/.m2/repository/io/grpc/grpc-netty/1.17.1/grpc-netty-1.17.1.jar:/home/user/.m2/repository/io/grpc/grpc-core/1.17.1/grpc-core-1.17.1.jar:/home/user/.m2/repository/io/grpc/grpc-context/1.17.1/grpc-context-1.17.1.jar:/home/user/.m2/repository/com/google/errorprone/error_prone_annotations/2.2.0/error_prone_annotations-2.2.0.jar:/home/user/.m2/repository/org/codehaus/mojo/animal-sniffer-annotations/1.17/animal-sniffer-annotations-1.17.jar:/home/user/.m2/repository/io/opencensus/opencensus-api/0.17.0/opencensus-api-0.17.0.jar:/home/user/.m2/repository/io/opencensus/opencensus-contrib-grpc-metrics/0.17.0/opencensus-contrib-grpc-metrics-0.17.0.jar:/home/user/.m2/repository/io/netty/netty-codec-http2/4.1.30.Final/netty-codec-http2-4.1.30.Final.jar:/home/user/.m2/repository/io/netty/netty-codec-http/4.1.30.Final/netty-codec-http-4.1.30.Final.jar:/home/user/.m2/repository/io/netty/netty-codec/4.1.30.Final/netty-codec-4.1.30.Final.jar:/home/user/.m2/repository/io/netty/netty-handler/4.1.30.Final/netty-handler-4.1.30.Final.jar:/home/user/.m2/repository/io/netty/netty-handler-proxy/4.1.30.Final/netty-handler-proxy-4.1.30.Final.jar:/home/user/.m2/repository/io/netty/netty-codec-socks/4.1.30.Final/netty-codec-socks-4.1.30.Final.jar:/home/user/.m2/repository/io/netty/netty-transport-native-epoll/4.1.30.Final/netty-transport-native-epoll-4.1.30.Final.jar:/home/user/.m2/repository/io/netty/netty-common/4.1.30.Final/netty-common-4.1.30.Final.jar:/home/user/.m2/repository/io/netty/netty-buffer/4.1.30.Final/netty-buffer-4.1.30.Final.jar:/home/user/.m2/repository/io/netty/netty-transport/4.1.30.Final/netty-transport-4.1.30.Final.jar:/home/user/.m2/repository/io/netty/netty-resolver/4.1.30.Final/netty-resolver-4.1.30.Final.jar:/home/user/.m2/repository/io/netty/netty-transport-native-unix-common/4.1.30.Final/netty-transport-native-unix-common-4.1.30.Final.jar:/home/user/.m2/repository/io/grpc/grpc-protobuf/1.17.1/grpc-protobuf-1.17.1.jar:/home/user/.m2/repository/com/google/api/grpc/proto-google-common-protos/1.0.0/proto-google-common-protos-1.0.0.jar:/home/user/.m2/repository/io/grpc/grpc-protobuf-lite/1.17.1/grpc-protobuf-lite-1.17.1.jar:/home/user/.m2/repository/io/grpc/grpc-stub/1.17.1/grpc-stub-1.17.1.jar:/home/user/.m2/repository/org/apache/hadoop/hadoop-ozone-recon/0.5.0-SNAPSHOT/hadoop-ozone-recon-0.5.0-SNAPSHOT.jar:/home/user/.m2/repository/org/apache/hadoop/hadoop-ozone-reconcodegen/0.5.0-SNAPSHOT/hadoop-ozone-reconcodegen-0.5.0-SNAPSHOT.jar:/home/user/.m2/repository/com/google/inject/extensions/guice-multibindings/4.0/guice-multibindings-4.0.jar:/home/user/.m2/repository/com/google/inject/guice/4.0/guice-4.0.jar:/home/user/.m2/repository/aopalliance/aopalliance/1.0/aopalliance-1.0.jar:/home/user/.m2/repository/com/google/inject/extensions/guice-servlet/4.0/guice-servlet-4.0.jar:/home/user/.m2/repository/org/glassfish/jersey/containers/jersey-container-servlet/2.27/jersey-container-servlet-2.27.jar:/home/user/.m2/repository/org/glassfish/hk2/guice-bridge/2.5.0/guice-bridge-2.5.0.jar:/home/user/.m2/repository/org/glassfish/jersey/core/jersey-server/2.27/jersey-server-2.27.jar:/home/user/.m2/repository/org/glassfish/jersey/core/jersey-client/2.27/jersey-client-2.27.jar:/home/user/.m2/repository/org/glassfish/jersey/media/jersey-media-jaxb/2.27/jersey-media-jaxb-2.27.jar:/home/user/.m2/repository/javax/validation/validation-api/1.1.0.Final/validation-api-1.1.0.Final.jar:/home/user/.m2/repository/org/glassfish/jersey/media/jersey-media-json-jackson/2.27/jersey-media-json-jackson-2.27.jar:/home/user/.m2/repository/org/glassfish/jersey/ext/jersey-entity-filtering/2.27/jersey-entity-filtering-2.27.jar:/home/user/.m2/repository/com/google/inject/extensions/guice-assistedinject/4.0/guice-assistedinject-4.0.jar:/home/user/.m2/repository/org/jooq/jooq/3.11.10/jooq-3.11.10.jar:/home/user/.m2/repository/org/jooq/jooq-meta/3.11.10/jooq-meta-3.11.10.jar:/home/user/.m2/repository/org/jooq/jooq-codegen/3.11.10/jooq-codegen-3.11.10.jar:/home/user/.m2/repository/com/jolbox/bonecp/0.8.0.RELEASE/bonecp-0.8.0.RELEASE.jar:/home/user/.m2/repository/org/xerial/sqlite-jdbc/3.25.2/sqlite-jdbc-3.25.2.jar:/home/user/.m2/repository/org/springframework/spring-jdbc/5.1.3.RELEASE/spring-jdbc-5.1.3.RELEASE.jar:/home/user/.m2/repository/org/springframework/spring-beans/5.1.3.RELEASE/spring-beans-5.1.3.RELEASE.jar:/home/user/.m2/repository/org/springframework/spring-core/5.1.3.RELEASE/spring-core-5.1.3.RELEASE.jar:/home/user/.m2/repository/org/springframework/spring-jcl/5.1.3.RELEASE/spring-jcl-5.1.3.RELEASE.jar:/home/user/.m2/repository/org/springframework/spring-tx/5.1.3.RELEASE/spring-tx-5.1.3.RELEASE.jar:/home/user/.m2/repository/org/apache/hadoop/hadoop-ozone-client/0.5.0-SNAPSHOT/hadoop-ozone-client-0.5.0-SNAPSHOT.jar:/home/user/.m2/repository/commons-lang/commons-lang/2.6/commons-lang-2.6.jar:/home/user/.m2/repository/org/apache/hadoop/hadoop-ozone-ozone-manager/0.5.0-SNAPSHOT/hadoop-ozone-ozone-manager-0.5.0-SNAPSHOT-tests.jar:/home/user/.m2/repository/junit/junit/4.11/junit-4.11.jar:/home/user/.m2/repository/org/hamcrest/hamcrest-core/1.3/hamcrest-core-1.3.jar:/home/user/.m2/repository/org/openjdk/jmh/jmh-core/1.19/jmh-core-1.19.jar:/home/user/.m2/repository/net/sf/jopt-simple/jopt-simple/4.6/jopt-simple-4.6.jar:/home/user/.m2/repository/org/apache/commons/commons-math3/3.1.1/commons-math3-3.1.1.jar:/home/user/.m2/repository/org/openjdk/jmh/jmh-generator-annprocess/1.19/jmh-generator-annprocess-1.19.jar:/home/user/.m2/repository/org/mockito/mockito-all/1.8.5/mockito-all-1.8.5.jar:/home/user/.m2/repository/org/apache/hadoop/hadoop-kms/3.2.0/hadoop-kms-3.2.0.jar:/home/user/.m2/repository/org/apache/hadoop/hadoop-auth/3.2.0/hadoop-auth-3.2.0.jar:/home/user/.m2/repository/com/nimbusds/nimbus-jose-jwt/4.41.1/nimbus-jose-jwt-4.41.1.jar:/home/user/.m2/repository/com/github/stephenc/jcip/jcip-annotations/1.0-1/jcip-annotations-1.0-1.jar:/home/user/.m2/repository/net/minidev/json-smart/2.3/json-smart-2.3.jar:/home/user/.m2/repository/net/minidev/accessors-smart/1.2/accessors-smart-1.2.jar:/home/user/.m2/repository/org/ow2/asm/asm/5.0.4/asm-5.0.4.jar:/home/user/.m2/repository/org/apache/curator/curator-framework/2.12.0/curator-framework-2.12.0.jar:/home/user/.m2/repository/com/sun/jersey/jersey-core/1.19/jersey-core-1.19.jar:/home/user/.m2/repository/javax/ws/rs/jsr311-api/1.1.1/jsr311-api-1.1.1.jar:/home/user/.m2/repository/com/sun/jersey/jersey-server/1.19/jersey-server-1.19.jar:/home/user/.m2/repository/javax/servlet/javax.servlet-api/3.1.0/javax.servlet-api-3.1.0.jar:/home/user/.m2/repository/org/eclipse/jetty/jetty-server/9.3.24.v20180605/jetty-server-9.3.24.v20180605.jar:/home/user/.m2/repository/org/eclipse/jetty/jetty-http/9.3.24.v20180605/jetty-http-9.3.24.v20180605.jar:/home/user/.m2/repository/org/eclipse/jetty/jetty-io/9.3.24.v20180605/jetty-io-9.3.24.v20180605.jar:/home/user/.m2/repository/org/eclipse/jetty/jetty-webapp/9.3.24.v20180605/jetty-webapp-9.3.24.v20180605.jar:/home/user/.m2/repository/org/eclipse/jetty/jetty-xml/9.3.24.v20180605/jetty-xml-9.3.24.v20180605.jar:/home/user/.m2/repository/log4j/log4j/1.2.17/log4j-1.2.17.jar:/home/user/.m2/repository/org/slf4j/slf4j-api/1.7.25/slf4j-api-1.7.25.jar:/home/user/.m2/repository/org/slf4j/jul-to-slf4j/1.7.25/jul-to-slf4j-1.7.25.jar:/home/user/.m2/repository/org/eclipse/jetty/jetty-util/9.3.24.v20180605/jetty-util-9.3.24.v20180605.jar:/home/user/.m2/repository/com/fasterxml/jackson/core/jackson-databind/2.9.5/jackson-databind-2.9.5.jar:/home/user/.m2/repository/org/apache/hadoop/hadoop-kms/3.2.0/hadoop-kms-3.2.0-tests.jar:/home/user/.m2/repository/org/apache/hadoop/hadoop-hdds-server-scm/0.5.0-SNAPSHOT/hadoop-hdds-server-scm-0.5.0-SNAPSHOT-tests.jar:/home/user/.m2/repository/org/apache/hadoop/hadoop-hdds-container-service/0.5.0-SNAPSHOT/hadoop-hdds-container-service-0.5.0-SNAPSHOT-tests.jar:/home/user/.m2/repository/org/yaml/snakeyaml/1.16/snakeyaml-1.16.jar:/home/user/.m2/repository/org/apache/hadoop/hadoop-common/3.2.0/hadoop-common-3.2.0-tests.jar:/home/user/.m2/repository/org/apache/hadoop/hadoop-annotations/3.2.0/hadoop-annotations-3.2.0.jar:/usr/lib/jvm/java-1.8-openjdk/jre/../lib/tools.jar:/home/user/.m2/repository/commons-cli/commons-cli/1.2/commons-cli-1.2.jar:/home/user/.m2/repository/org/apache/httpcomponents/httpclient/4.5.2/httpclient-4.5.2.jar:/home/user/.m2/repository/org/apache/httpcomponents/httpcore/4.4.4/httpcore-4.4.4.jar:/home/user/.m2/repository/commons-codec/commons-codec/1.11/commons-codec-1.11.jar:/home/user/.m2/repository/commons-net/commons-net/3.6/commons-net-3.6.jar:/home/user/.m2/repository/commons-collections/commons-collections/3.2.2/commons-collections-3.2.2.jar:/home/user/.m2/repository/org/eclipse/jetty/jetty-servlet/9.3.24.v20180605/jetty-servlet-9.3.24.v20180605.jar:/home/user/.m2/repository/org/eclipse/jetty/jetty-security/9.3.24.v20180605/jetty-security-9.3.24.v20180605.jar:/home/user/.m2/repository/javax/servlet/jsp/jsp-api/2.1/jsp-api-2.1.jar:/home/user/.m2/repository/com/sun/jersey/jersey-servlet/1.19/jersey-servlet-1.19.jar:/home/user/.m2/repository/com/sun/jersey/jersey-json/1.19/jersey-json-1.19.jar:/home/user/.m2/repository/org/codehaus/jettison/jettison/1.1/jettison-1.1.jar:/home/user/.m2/repository/org/codehaus/jackson/jackson-core-asl/1.9.13/jackson-core-asl-1.9.13.jar:/home/user/.m2/repository/org/codehaus/jackson/jackson-mapper-asl/1.9.13/jackson-mapper-asl-1.9.13.jar:/home/user/.m2/repository/org/codehaus/jackson/jackson-jaxrs/1.9.13/jackson-jaxrs-1.9.13.jar:/home/user/.m2/repository/org/codehaus/jackson/jackson-xc/1.9.13/jackson-xc-1.9.13.jar:/home/user/.m2/repository/commons-logging/commons-logging/1.1.3/commons-logging-1.1.3.jar:/home/user/.m2/repository/commons-beanutils/commons-beanutils/1.9.3/commons-beanutils-1.9.3.jar:/home/user/.m2/repository/org/apache/commons/commons-configuration2/2.1.1/commons-configuration2-2.1.1.jar:/home/user/.m2/repository/org/apache/commons/commons-lang3/3.7/commons-lang3-3.7.jar:/home/user/.m2/repository/org/apache/commons/commons-text/1.4/commons-text-1.4.jar:/home/user/.m2/repository/org/apache/avro/avro/1.7.7/avro-1.7.7.jar:/home/user/.m2/repository/com/thoughtworks/paranamer/paranamer/2.3/paranamer-2.3.jar:/home/user/.m2/repository/org/xerial/snappy/snappy-java/1.0.5/snappy-java-1.0.5.jar:/home/user/.m2/repository/com/google/re2j/re2j/1.1/re2j-1.1.jar:/home/user/.m2/repository/com/google/code/gson/gson/2.2.4/gson-2.2.4.jar:/home/user/.m2/repository/com/jcraft/jsch/0.1.54/jsch-0.1.54.jar:/home/user/.m2/repository/org/apache/curator/curator-client/2.12.0/curator-client-2.12.0.jar:/home/user/.m2/repository/org/apache/curator/curator-recipes/2.12.0/curator-recipes-2.12.0.jar:/home/user/.m2/repository/com/google/code/findbugs/jsr305/3.0.0/jsr305-3.0.0.jar:/home/user/.m2/repository/org/apache/htrace/htrace-core4/4.1.0-incubating/htrace-core4-4.1.0-incubating.jar:/home/user/.m2/repository/org/apache/zookeeper/zookeeper/3.4.13/zookeeper-3.4.13.jar:/home/user/.m2/repository/org/apache/yetus/audience-annotations/0.5.0/audience-annotations-0.5.0.jar:/home/user/.m2/repository/org/codehaus/woodstox/stax2-api/3.1.4/stax2-api-3.1.4.jar:/home/user/.m2/repository/com/fasterxml/woodstox/woodstox-core/5.0.3/woodstox-core-5.0.3.jar:/home/user/.m2/repository/dnsjava/dnsjava/2.1.7/dnsjava-2.1.7.jar:/home/user/.m2/repository/org/apache/hadoop/hadoop-hdfs/3.2.0/hadoop-hdfs-3.2.0-tests.jar:/home/user/.m2/repository/org/eclipse/jetty/jetty-util-ajax/9.3.24.v20180605/jetty-util-ajax-9.3.24.v20180605.jar:/home/user/.m2/repository/commons-daemon/commons-daemon/1.0.13/commons-daemon-1.0.13.jar:/home/user/.m2/repository/io/netty/netty/3.10.5.Final/netty-3.10.5.Final.jar:/home/user/.m2/repository/io/netty/netty-all/4.0.52.Final/netty-all-4.0.52.Final.jar:/home/user/.m2/repository/org/fusesource/leveldbjni/leveldbjni-all/1.8/leveldbjni-all-1.8.jar:"/>
    <property name="java.vm.vendor" value="IcedTea"/>
    <property name="sun.arch.data.model" value="64"/>
    <property name="test.build.dir" value="/workdir/hadoop-ozone/integration-test/target/test-dir"/>
    <property name="test.cache.data" value=""/>
    <property name="java.vendor.url" value="https://icedtea.classpath.org"/>
    <property name="user.timezone" value=""/>
    <property name="java.vm.specification.version" value="1.8"/>
    <property name="os.name" value="Linux"/>
    <property name="test.build.data" value="/workdir/hadoop-ozone/integration-test/target/test-dir"/>
    <property name="user.country" value="US"/>
    <property name="sun.java.launcher" value="SUN_STANDARD"/>
    <property name="sun.boot.library.path" value="/usr/lib/jvm/java-1.8-openjdk/jre/lib/amd64"/>
    <property name="sun.java.command" value="/workdir/hadoop-ozone/integration-test/target/surefire/surefirebooter551092173821423022.jar /workdir/hadoop-ozone/integration-test/target/surefire 2019-08-29T16-41-04_893-jvmRun1 surefire7585480018352909065tmp surefire_201787456079864383259tmp"/>
    <property name="test" value="!TestMiniChaosOzoneCluster"/>
    <property name="surefire.test.class.path" value="/workdir/hadoop-ozone/integration-test/target/test-classes:/workdir/hadoop-ozone/integration-test/target/classes:/home/user/.m2/repository/org/apache/hadoop/hadoop-ozone-common/0.5.0-SNAPSHOT/hadoop-ozone-common-0.5.0-SNAPSHOT.jar:/home/user/.m2/repository/org/apache/commons/commons-compress/1.4.1/commons-compress-1.4.1.jar:/home/user/.m2/repository/org/tukaani/xz/1.0/xz-1.0.jar:/home/user/.m2/repository/org/apache/hadoop/hadoop-common/3.2.0/hadoop-common-3.2.0.jar:/home/user/.m2/repository/org/apache/hadoop/hadoop-hdfs/3.2.0/hadoop-hdfs-3.2.0.jar:/home/user/.m2/repository/org/apache/hadoop/hadoop-hdfs-client/3.2.0/hadoop-hdfs-client-3.2.0.jar:/home/user/.m2/repository/com/fasterxml/jackson/core/jackson-annotations/2.9.5/jackson-annotations-2.9.5.jar:/home/user/.m2/repository/org/apache/hadoop/hadoop-hdds-common/0.5.0-SNAPSHOT/hadoop-hdds-common-0.5.0-SNAPSHOT.jar:/home/user/.m2/repository/javax/annotation/javax.annotation-api/1.2/javax.annotation-api-1.2.jar:/home/user/.m2/repository/org/apache/ratis/ratis-server/0.4.0-2337318-SNAPSHOT/ratis-server-0.4.0-2337318-SNAPSHOT.jar:/home/user/.m2/repository/org/apache/ratis/ratis-thirdparty-misc/0.2.0/ratis-thirdparty-misc-0.2.0.jar:/home/user/.m2/repository/org/apache/ratis/ratis-proto/0.4.0-2337318-SNAPSHOT/ratis-proto-0.4.0-2337318-SNAPSHOT.jar:/home/user/.m2/repository/org/apache/ratis/ratis-common/0.4.0-2337318-SNAPSHOT/ratis-common-0.4.0-2337318-SNAPSHOT.jar:/home/user/.m2/repository/org/apache/ratis/ratis-client/0.4.0-2337318-SNAPSHOT/ratis-client-0.4.0-2337318-SNAPSHOT.jar:/home/user/.m2/repository/org/apache/ratis/ratis-metrics/0.4.0-2337318-SNAPSHOT/ratis-metrics-0.4.0-2337318-SNAPSHOT.jar:/home/user/.m2/repository/org/apache/ratis/ratis-netty/0.4.0-2337318-SNAPSHOT/ratis-netty-0.4.0-2337318-SNAPSHOT.jar:/home/user/.m2/repository/org/apache/ratis/ratis-grpc/0.4.0-2337318-SNAPSHOT/ratis-grpc-0.4.0-2337318-SNAPSHOT.jar:/home/user/.m2/repository/org/rocksdb/rocksdbjni/6.0.1/rocksdbjni-6.0.1.jar:/home/user/.m2/repository/org/apache/logging/log4j/log4j-api/2.11.0/log4j-api-2.11.0.jar:/home/user/.m2/repository/org/apache/logging/log4j/log4j-core/2.11.0/log4j-core-2.11.0.jar:/home/user/.m2/repository/com/lmax/disruptor/3.4.2/disruptor-3.4.2.jar:/home/user/.m2/repository/org/apache/commons/commons-pool2/2.6.0/commons-pool2-2.6.0.jar:/home/user/.m2/repository/org/bouncycastle/bcpkix-jdk15on/1.60/bcpkix-jdk15on-1.60.jar:/home/user/.m2/repository/commons-validator/commons-validator/1.6/commons-validator-1.6.jar:/home/user/.m2/repository/commons-digester/commons-digester/1.8.1/commons-digester-1.8.1.jar:/home/user/.m2/repository/io/jaegertracing/jaeger-client/0.33.1/jaeger-client-0.33.1.jar:/home/user/.m2/repository/io/jaegertracing/jaeger-thrift/0.33.1/jaeger-thrift-0.33.1.jar:/home/user/.m2/repository/org/apache/thrift/libthrift/0.11.0/libthrift-0.11.0.jar:/home/user/.m2/repository/com/squareup/okhttp3/okhttp/3.9.0/okhttp-3.9.0.jar:/home/user/.m2/repository/com/squareup/okio/okio/1.13.0/okio-1.13.0.jar:/home/user/.m2/repository/io/jaegertracing/jaeger-core/0.33.1/jaeger-core-0.33.1.jar:/home/user/.m2/repository/io/jaegertracing/jaeger-tracerresolver/0.33.1/jaeger-tracerresolver-0.33.1.jar:/home/user/.m2/repository/io/opentracing/contrib/opentracing-tracerresolver/0.1.5/opentracing-tracerresolver-0.1.5.jar:/home/user/.m2/repository/io/opentracing/opentracing-util/0.31.0/opentracing-util-0.31.0.jar:/home/user/.m2/repository/io/opentracing/opentracing-api/0.31.0/opentracing-api-0.31.0.jar:/home/user/.m2/repository/io/opentracing/opentracing-noop/0.31.0/opentracing-noop-0.31.0.jar:/home/user/.m2/repository/org/apache/hadoop/hadoop-hdds-server-framework/0.5.0-SNAPSHOT/hadoop-hdds-server-framework-0.5.0-SNAPSHOT.jar:/home/user/.m2/repository/org/apache/hadoop/hadoop-hdds-container-service/0.5.0-SNAPSHOT/hadoop-hdds-container-service-0.5.0-SNAPSHOT.jar:/home/user/.m2/repository/org/apache/hadoop/hadoop-hdds-client/0.5.0-SNAPSHOT/hadoop-hdds-client-0.5.0-SNAPSHOT.jar:/home/user/.m2/repository/org/apache/hadoop/hadoop-hdds-tools/0.5.0-SNAPSHOT/hadoop-hdds-tools-0.5.0-SNAPSHOT.jar:/home/user/.m2/repository/org/apache/hadoop/hadoop-hdds-server-scm/0.5.0-SNAPSHOT/hadoop-hdds-server-scm-0.5.0-SNAPSHOT.jar:/home/user/.m2/repository/org/apache/hadoop/hadoop-hdds-docs/0.5.0-SNAPSHOT/hadoop-hdds-docs-0.5.0-SNAPSHOT.jar:/home/user/.m2/repository/io/dropwizard/metrics/metrics-core/3.2.4/metrics-core-3.2.4.jar:/home/user/.m2/repository/org/hamcrest/hamcrest-all/1.3/hamcrest-all-1.3.jar:/home/user/.m2/repository/org/bouncycastle/bcprov-jdk15on/1.60/bcprov-jdk15on-1.60.jar:/home/user/.m2/repository/info/picocli/picocli/3.9.6/picocli-3.9.6.jar:/home/user/.m2/repository/com/google/protobuf/protobuf-java/2.5.0/protobuf-java-2.5.0.jar:/home/user/.m2/repository/com/google/guava/guava/11.0.2/guava-11.0.2.jar:/home/user/.m2/repository/org/apache/hadoop/hadoop-ozone-ozone-manager/0.5.0-SNAPSHOT/hadoop-ozone-ozone-manager-0.5.0-SNAPSHOT.jar:/home/user/.m2/repository/org/apache/hadoop/hadoop-minikdc/3.2.0/hadoop-minikdc-3.2.0.jar:/home/user/.m2/repository/commons-io/commons-io/2.5/commons-io-2.5.jar:/home/user/.m2/repository/org/apache/kerby/kerb-simplekdc/1.0.1/kerb-simplekdc-1.0.1.jar:/home/user/.m2/repository/org/apache/kerby/kerb-client/1.0.1/kerb-client-1.0.1.jar:/home/user/.m2/repository/org/apache/kerby/kerby-config/1.0.1/kerby-config-1.0.1.jar:/home/user/.m2/repository/org/apache/kerby/kerb-core/1.0.1/kerb-core-1.0.1.jar:/home/user/.m2/repository/org/apache/kerby/kerby-pkix/1.0.1/kerby-pkix-1.0.1.jar:/home/user/.m2/repository/org/apache/kerby/kerby-asn1/1.0.1/kerby-asn1-1.0.1.jar:/home/user/.m2/repository/org/apache/kerby/kerby-util/1.0.1/kerby-util-1.0.1.jar:/home/user/.m2/repository/org/apache/kerby/kerb-common/1.0.1/kerb-common-1.0.1.jar:/home/user/.m2/repository/org/apache/kerby/kerb-crypto/1.0.1/kerb-crypto-1.0.1.jar:/home/user/.m2/repository/org/apache/kerby/kerb-util/1.0.1/kerb-util-1.0.1.jar:/home/user/.m2/repository/org/apache/kerby/token-provider/1.0.1/token-provider-1.0.1.jar:/home/user/.m2/repository/org/apache/kerby/kerb-admin/1.0.1/kerb-admin-1.0.1.jar:/home/user/.m2/repository/org/apache/kerby/kerb-server/1.0.1/kerb-server-1.0.1.jar:/home/user/.m2/repository/org/apache/kerby/kerb-identity/1.0.1/kerb-identity-1.0.1.jar:/home/user/.m2/repository/org/apache/kerby/kerby-xdr/1.0.1/kerby-xdr-1.0.1.jar:/home/user/.m2/repository/org/slf4j/slf4j-log4j12/1.7.25/slf4j-log4j12-1.7.25.jar:/home/user/.m2/repository/org/apache/hadoop/hadoop-ozone-s3gateway/0.5.0-SNAPSHOT/hadoop-ozone-s3gateway-0.5.0-SNAPSHOT.jar:/home/user/.m2/repository/org/jboss/weld/servlet/weld-servlet/2.4.7.Final/weld-servlet-2.4.7.Final.jar:/home/user/.m2/repository/org/glassfish/jersey/containers/jersey-container-servlet-core/2.27/jersey-container-servlet-core-2.27.jar:/home/user/.m2/repository/org/glassfish/hk2/external/javax.inject/2.5.0-b42/javax.inject-2.5.0-b42.jar:/home/user/.m2/repository/org/glassfish/jersey/core/jersey-common/2.27/jersey-common-2.27.jar:/home/user/.m2/repository/org/glassfish/hk2/osgi-resource-locator/1.0.1/osgi-resource-locator-1.0.1.jar:/home/user/.m2/repository/javax/ws/rs/javax.ws.rs-api/2.1/javax.ws.rs-api-2.1.jar:/home/user/.m2/repository/org/glassfish/jersey/ext/cdi/jersey-cdi1x/2.27/jersey-cdi1x-2.27.jar:/home/user/.m2/repository/org/glassfish/jersey/inject/jersey-hk2/2.27/jersey-hk2-2.27.jar:/home/user/.m2/repository/org/glassfish/hk2/hk2-locator/2.5.0-b42/hk2-locator-2.5.0-b42.jar:/home/user/.m2/repository/org/javassist/javassist/3.22.0-CR2/javassist-3.22.0-CR2.jar:/home/user/.m2/repository/org/glassfish/hk2/hk2-api/2.5.0/hk2-api-2.5.0.jar:/home/user/.m2/repository/org/glassfish/hk2/external/jakarta.inject/2.5.0/jakarta.inject-2.5.0.jar:/home/user/.m2/repository/org/glassfish/hk2/hk2-utils/2.5.0/hk2-utils-2.5.0.jar:/home/user/.m2/repository/jakarta/annotation/jakarta.annotation-api/1.3.4/jakarta.annotation-api-1.3.4.jar:/home/user/.m2/repository/org/glassfish/hk2/external/aopalliance-repackaged/2.5.0/aopalliance-repackaged-2.5.0.jar:/home/user/.m2/repository/com/fasterxml/jackson/dataformat/jackson-dataformat-xml/2.9.0/jackson-dataformat-xml-2.9.0.jar:/home/user/.m2/repository/com/fasterxml/jackson/core/jackson-core/2.9.5/jackson-core-2.9.5.jar:/home/user/.m2/repository/com/fasterxml/jackson/module/jackson-module-jaxb-annotations/2.9.5/jackson-module-jaxb-annotations-2.9.5.jar:/home/user/.m2/repository/javax/enterprise/cdi-api/1.2/cdi-api-1.2.jar:/home/user/.m2/repository/javax/el/javax.el-api/3.0.0/javax.el-api-3.0.0.jar:/home/user/.m2/repository/javax/interceptor/javax.interceptor-api/1.2/javax.interceptor-api-1.2.jar:/home/user/.m2/repository/javax/inject/javax.inject/1/javax.inject-1.jar:/home/user/.m2/repository/com/sun/xml/bind/jaxb-impl/2.3.0.1/jaxb-impl-2.3.0.1.jar:/home/user/.m2/repository/com/sun/xml/bind/jaxb-core/2.3.0.1/jaxb-core-2.3.0.1.jar:/home/user/.m2/repository/javax/xml/bind/jaxb-api/2.3.0/jaxb-api-2.3.0.jar:/home/user/.m2/repository/javax/activation/activation/1.1.1/activation-1.1.1.jar:/home/user/.m2/repository/org/apache/hadoop/hadoop-ozone-csi/0.5.0-SNAPSHOT/hadoop-ozone-csi-0.5.0-SNAPSHOT.jar:/home/user/.m2/repository/com/google/protobuf/protobuf-java-util/3.5.1/protobuf-java-util-3.5.1.jar:/home/user/.m2/repository/org/apache/hadoop/hadoop-hdds-config/0.5.0-SNAPSHOT/hadoop-hdds-config-0.5.0-SNAPSHOT.jar:/home/user/.m2/repository/io/grpc/grpc-netty/1.17.1/grpc-netty-1.17.1.jar:/home/user/.m2/repository/io/grpc/grpc-core/1.17.1/grpc-core-1.17.1.jar:/home/user/.m2/repository/io/grpc/grpc-context/1.17.1/grpc-context-1.17.1.jar:/home/user/.m2/repository/com/google/errorprone/error_prone_annotations/2.2.0/error_prone_annotations-2.2.0.jar:/home/user/.m2/repository/org/codehaus/mojo/animal-sniffer-annotations/1.17/animal-sniffer-annotations-1.17.jar:/home/user/.m2/repository/io/opencensus/opencensus-api/0.17.0/opencensus-api-0.17.0.jar:/home/user/.m2/repository/io/opencensus/opencensus-contrib-grpc-metrics/0.17.0/opencensus-contrib-grpc-metrics-0.17.0.jar:/home/user/.m2/repository/io/netty/netty-codec-http2/4.1.30.Final/netty-codec-http2-4.1.30.Final.jar:/home/user/.m2/repository/io/netty/netty-codec-http/4.1.30.Final/netty-codec-http-4.1.30.Final.jar:/home/user/.m2/repository/io/netty/netty-codec/4.1.30.Final/netty-codec-4.1.30.Final.jar:/home/user/.m2/repository/io/netty/netty-handler/4.1.30.Final/netty-handler-4.1.30.Final.jar:/home/user/.m2/repository/io/netty/netty-handler-proxy/4.1.30.Final/netty-handler-proxy-4.1.30.Final.jar:/home/user/.m2/repository/io/netty/netty-codec-socks/4.1.30.Final/netty-codec-socks-4.1.30.Final.jar:/home/user/.m2/repository/io/netty/netty-transport-native-epoll/4.1.30.Final/netty-transport-native-epoll-4.1.30.Final.jar:/home/user/.m2/repository/io/netty/netty-common/4.1.30.Final/netty-common-4.1.30.Final.jar:/home/user/.m2/repository/io/netty/netty-buffer/4.1.30.Final/netty-buffer-4.1.30.Final.jar:/home/user/.m2/repository/io/netty/netty-transport/4.1.30.Final/netty-transport-4.1.30.Final.jar:/home/user/.m2/repository/io/netty/netty-resolver/4.1.30.Final/netty-resolver-4.1.30.Final.jar:/home/user/.m2/repository/io/netty/netty-transport-native-unix-common/4.1.30.Final/netty-transport-native-unix-common-4.1.30.Final.jar:/home/user/.m2/repository/io/grpc/grpc-protobuf/1.17.1/grpc-protobuf-1.17.1.jar:/home/user/.m2/repository/com/google/api/grpc/proto-google-common-protos/1.0.0/proto-google-common-protos-1.0.0.jar:/home/user/.m2/repository/io/grpc/grpc-protobuf-lite/1.17.1/grpc-protobuf-lite-1.17.1.jar:/home/user/.m2/repository/io/grpc/grpc-stub/1.17.1/grpc-stub-1.17.1.jar:/home/user/.m2/repository/org/apache/hadoop/hadoop-ozone-recon/0.5.0-SNAPSHOT/hadoop-ozone-recon-0.5.0-SNAPSHOT.jar:/home/user/.m2/repository/org/apache/hadoop/hadoop-ozone-reconcodegen/0.5.0-SNAPSHOT/hadoop-ozone-reconcodegen-0.5.0-SNAPSHOT.jar:/home/user/.m2/repository/com/google/inject/extensions/guice-multibindings/4.0/guice-multibindings-4.0.jar:/home/user/.m2/repository/com/google/inject/guice/4.0/guice-4.0.jar:/home/user/.m2/repository/aopalliance/aopalliance/1.0/aopalliance-1.0.jar:/home/user/.m2/repository/com/google/inject/extensions/guice-servlet/4.0/guice-servlet-4.0.jar:/home/user/.m2/repository/org/glassfish/jersey/containers/jersey-container-servlet/2.27/jersey-container-servlet-2.27.jar:/home/user/.m2/repository/org/glassfish/hk2/guice-bridge/2.5.0/guice-bridge-2.5.0.jar:/home/user/.m2/repository/org/glassfish/jersey/core/jersey-server/2.27/jersey-server-2.27.jar:/home/user/.m2/repository/org/glassfish/jersey/core/jersey-client/2.27/jersey-client-2.27.jar:/home/user/.m2/repository/org/glassfish/jersey/media/jersey-media-jaxb/2.27/jersey-media-jaxb-2.27.jar:/home/user/.m2/repository/javax/validation/validation-api/1.1.0.Final/validation-api-1.1.0.Final.jar:/home/user/.m2/repository/org/glassfish/jersey/media/jersey-media-json-jackson/2.27/jersey-media-json-jackson-2.27.jar:/home/user/.m2/repository/org/glassfish/jersey/ext/jersey-entity-filtering/2.27/jersey-entity-filtering-2.27.jar:/home/user/.m2/repository/com/google/inject/extensions/guice-assistedinject/4.0/guice-assistedinject-4.0.jar:/home/user/.m2/repository/org/jooq/jooq/3.11.10/jooq-3.11.10.jar:/home/user/.m2/repository/org/jooq/jooq-meta/3.11.10/jooq-meta-3.11.10.jar:/home/user/.m2/repository/org/jooq/jooq-codegen/3.11.10/jooq-codegen-3.11.10.jar:/home/user/.m2/repository/com/jolbox/bonecp/0.8.0.RELEASE/bonecp-0.8.0.RELEASE.jar:/home/user/.m2/repository/org/xerial/sqlite-jdbc/3.25.2/sqlite-jdbc-3.25.2.jar:/home/user/.m2/repository/org/springframework/spring-jdbc/5.1.3.RELEASE/spring-jdbc-5.1.3.RELEASE.jar:/home/user/.m2/repository/org/springframework/spring-beans/5.1.3.RELEASE/spring-beans-5.1.3.RELEASE.jar:/home/user/.m2/repository/org/springframework/spring-core/5.1.3.RELEASE/spring-core-5.1.3.RELEASE.jar:/home/user/.m2/repository/org/springframework/spring-jcl/5.1.3.RELEASE/spring-jcl-5.1.3.RELEASE.jar:/home/user/.m2/repository/org/springframework/spring-tx/5.1.3.RELEASE/spring-tx-5.1.3.RELEASE.jar:/home/user/.m2/repository/org/apache/hadoop/hadoop-ozone-client/0.5.0-SNAPSHOT/hadoop-ozone-client-0.5.0-SNAPSHOT.jar:/home/user/.m2/repository/commons-lang/commons-lang/2.6/commons-lang-2.6.jar:/home/user/.m2/repository/org/apache/hadoop/hadoop-ozone-ozone-manager/0.5.0-SNAPSHOT/hadoop-ozone-ozone-manager-0.5.0-SNAPSHOT-tests.jar:/home/user/.m2/repository/junit/junit/4.11/junit-4.11.jar:/home/user/.m2/repository/org/hamcrest/hamcrest-core/1.3/hamcrest-core-1.3.jar:/home/user/.m2/repository/org/openjdk/jmh/jmh-core/1.19/jmh-core-1.19.jar:/home/user/.m2/repository/net/sf/jopt-simple/jopt-simple/4.6/jopt-simple-4.6.jar:/home/user/.m2/repository/org/apache/commons/commons-math3/3.1.1/commons-math3-3.1.1.jar:/home/user/.m2/repository/org/openjdk/jmh/jmh-generator-annprocess/1.19/jmh-generator-annprocess-1.19.jar:/home/user/.m2/repository/org/mockito/mockito-all/1.8.5/mockito-all-1.8.5.jar:/home/user/.m2/repository/org/apache/hadoop/hadoop-kms/3.2.0/hadoop-kms-3.2.0.jar:/home/user/.m2/repository/org/apache/hadoop/hadoop-auth/3.2.0/hadoop-auth-3.2.0.jar:/home/user/.m2/repository/com/nimbusds/nimbus-jose-jwt/4.41.1/nimbus-jose-jwt-4.41.1.jar:/home/user/.m2/repository/com/github/stephenc/jcip/jcip-annotations/1.0-1/jcip-annotations-1.0-1.jar:/home/user/.m2/repository/net/minidev/json-smart/2.3/json-smart-2.3.jar:/home/user/.m2/repository/net/minidev/accessors-smart/1.2/accessors-smart-1.2.jar:/home/user/.m2/repository/org/ow2/asm/asm/5.0.4/asm-5.0.4.jar:/home/user/.m2/repository/org/apache/curator/curator-framework/2.12.0/curator-framework-2.12.0.jar:/home/user/.m2/repository/com/sun/jersey/jersey-core/1.19/jersey-core-1.19.jar:/home/user/.m2/repository/javax/ws/rs/jsr311-api/1.1.1/jsr311-api-1.1.1.jar:/home/user/.m2/repository/com/sun/jersey/jersey-server/1.19/jersey-server-1.19.jar:/home/user/.m2/repository/javax/servlet/javax.servlet-api/3.1.0/javax.servlet-api-3.1.0.jar:/home/user/.m2/repository/org/eclipse/jetty/jetty-server/9.3.24.v20180605/jetty-server-9.3.24.v20180605.jar:/home/user/.m2/repository/org/eclipse/jetty/jetty-http/9.3.24.v20180605/jetty-http-9.3.24.v20180605.jar:/home/user/.m2/repository/org/eclipse/jetty/jetty-io/9.3.24.v20180605/jetty-io-9.3.24.v20180605.jar:/home/user/.m2/repository/org/eclipse/jetty/jetty-webapp/9.3.24.v20180605/jetty-webapp-9.3.24.v20180605.jar:/home/user/.m2/repository/org/eclipse/jetty/jetty-xml/9.3.24.v20180605/jetty-xml-9.3.24.v20180605.jar:/home/user/.m2/repository/log4j/log4j/1.2.17/log4j-1.2.17.jar:/home/user/.m2/repository/org/slf4j/slf4j-api/1.7.25/slf4j-api-1.7.25.jar:/home/user/.m2/repository/org/slf4j/jul-to-slf4j/1.7.25/jul-to-slf4j-1.7.25.jar:/home/user/.m2/repository/org/eclipse/jetty/jetty-util/9.3.24.v20180605/jetty-util-9.3.24.v20180605.jar:/home/user/.m2/repository/com/fasterxml/jackson/core/jackson-databind/2.9.5/jackson-databind-2.9.5.jar:/home/user/.m2/repository/org/apache/hadoop/hadoop-kms/3.2.0/hadoop-kms-3.2.0-tests.jar:/home/user/.m2/repository/org/apache/hadoop/hadoop-hdds-server-scm/0.5.0-SNAPSHOT/hadoop-hdds-server-scm-0.5.0-SNAPSHOT-tests.jar:/home/user/.m2/repository/org/apache/hadoop/hadoop-hdds-container-service/0.5.0-SNAPSHOT/hadoop-hdds-container-service-0.5.0-SNAPSHOT-tests.jar:/home/user/.m2/repository/org/yaml/snakeyaml/1.16/snakeyaml-1.16.jar:/home/user/.m2/repository/org/apache/hadoop/hadoop-common/3.2.0/hadoop-common-3.2.0-tests.jar:/home/user/.m2/repository/org/apache/hadoop/hadoop-annotations/3.2.0/hadoop-annotations-3.2.0.jar:/usr/lib/jvm/java-1.8-openjdk/jre/../lib/tools.jar:/home/user/.m2/repository/commons-cli/commons-cli/1.2/commons-cli-1.2.jar:/home/user/.m2/repository/org/apache/httpcomponents/httpclient/4.5.2/httpclient-4.5.2.jar:/home/user/.m2/repository/org/apache/httpcomponents/httpcore/4.4.4/httpcore-4.4.4.jar:/home/user/.m2/repository/commons-codec/commons-codec/1.11/commons-codec-1.11.jar:/home/user/.m2/repository/commons-net/commons-net/3.6/commons-net-3.6.jar:/home/user/.m2/repository/commons-collections/commons-collections/3.2.2/commons-collections-3.2.2.jar:/home/user/.m2/repository/org/eclipse/jetty/jetty-servlet/9.3.24.v20180605/jetty-servlet-9.3.24.v20180605.jar:/home/user/.m2/repository/org/eclipse/jetty/jetty-security/9.3.24.v20180605/jetty-security-9.3.24.v20180605.jar:/home/user/.m2/repository/javax/servlet/jsp/jsp-api/2.1/jsp-api-2.1.jar:/home/user/.m2/repository/com/sun/jersey/jersey-servlet/1.19/jersey-servlet-1.19.jar:/home/user/.m2/repository/com/sun/jersey/jersey-json/1.19/jersey-json-1.19.jar:/home/user/.m2/repository/org/codehaus/jettison/jettison/1.1/jettison-1.1.jar:/home/user/.m2/repository/org/codehaus/jackson/jackson-core-asl/1.9.13/jackson-core-asl-1.9.13.jar:/home/user/.m2/repository/org/codehaus/jackson/jackson-mapper-asl/1.9.13/jackson-mapper-asl-1.9.13.jar:/home/user/.m2/repository/org/codehaus/jackson/jackson-jaxrs/1.9.13/jackson-jaxrs-1.9.13.jar:/home/user/.m2/repository/org/codehaus/jackson/jackson-xc/1.9.13/jackson-xc-1.9.13.jar:/home/user/.m2/repository/commons-logging/commons-logging/1.1.3/commons-logging-1.1.3.jar:/home/user/.m2/repository/commons-beanutils/commons-beanutils/1.9.3/commons-beanutils-1.9.3.jar:/home/user/.m2/repository/org/apache/commons/commons-configuration2/2.1.1/commons-configuration2-2.1.1.jar:/home/user/.m2/repository/org/apache/commons/commons-lang3/3.7/commons-lang3-3.7.jar:/home/user/.m2/repository/org/apache/commons/commons-text/1.4/commons-text-1.4.jar:/home/user/.m2/repository/org/apache/avro/avro/1.7.7/avro-1.7.7.jar:/home/user/.m2/repository/com/thoughtworks/paranamer/paranamer/2.3/paranamer-2.3.jar:/home/user/.m2/repository/org/xerial/snappy/snappy-java/1.0.5/snappy-java-1.0.5.jar:/home/user/.m2/repository/com/google/re2j/re2j/1.1/re2j-1.1.jar:/home/user/.m2/repository/com/google/code/gson/gson/2.2.4/gson-2.2.4.jar:/home/user/.m2/repository/com/jcraft/jsch/0.1.54/jsch-0.1.54.jar:/home/user/.m2/repository/org/apache/curator/curator-client/2.12.0/curator-client-2.12.0.jar:/home/user/.m2/repository/org/apache/curator/curator-recipes/2.12.0/curator-recipes-2.12.0.jar:/home/user/.m2/repository/com/google/code/findbugs/jsr305/3.0.0/jsr305-3.0.0.jar:/home/user/.m2/repository/org/apache/htrace/htrace-core4/4.1.0-incubating/htrace-core4-4.1.0-incubating.jar:/home/user/.m2/repository/org/apache/zookeeper/zookeeper/3.4.13/zookeeper-3.4.13.jar:/home/user/.m2/repository/org/apache/yetus/audience-annotations/0.5.0/audience-annotations-0.5.0.jar:/home/user/.m2/repository/org/codehaus/woodstox/stax2-api/3.1.4/stax2-api-3.1.4.jar:/home/user/.m2/repository/com/fasterxml/woodstox/woodstox-core/5.0.3/woodstox-core-5.0.3.jar:/home/user/.m2/repository/dnsjava/dnsjava/2.1.7/dnsjava-2.1.7.jar:/home/user/.m2/repository/org/apache/hadoop/hadoop-hdfs/3.2.0/hadoop-hdfs-3.2.0-tests.jar:/home/user/.m2/repository/org/eclipse/jetty/jetty-util-ajax/9.3.24.v20180605/jetty-util-ajax-9.3.24.v20180605.jar:/home/user/.m2/repository/commons-daemon/commons-daemon/1.0.13/commons-daemon-1.0.13.jar:/home/user/.m2/repository/io/netty/netty/3.10.5.Final/netty-3.10.5.Final.jar:/home/user/.m2/repository/io/netty/netty-all/4.0.52.Final/netty-all-4.0.52.Final.jar:/home/user/.m2/repository/org/fusesource/leveldbjni/leveldbjni-all/1.8/leveldbjni-all-1.8.jar:"/>
    <property name="sun.cpu.endian" value="little"/>
    <property name="user.home" value="/home/user"/>
    <property name="user.language" value="en"/>
    <property name="java.specification.vendor" value="Oracle Corporation"/>
    <property name="java.home" value="/usr/lib/jvm/java-1.8-openjdk/jre"/>
    <property name="java.security.krb5.conf" value="/workdir/hadoop-ozone/integration-test/target/test-classes/krb5.conf"/>
    <property name="basedir" value="/workdir/hadoop-ozone/integration-test"/>
    <property name="file.separator" value="/"/>
    <property name="line.separator" value="&#10;"/>
    <property name="java.vm.specification.vendor" value="Oracle Corporation"/>
    <property name="java.specification.name" value="Java Platform API Specification"/>
    <property name="java.awt.graphicsenv" value="sun.awt.X11GraphicsEnvironment"/>
    <property name="surefire.real.class.path" value="/workdir/hadoop-ozone/integration-test/target/surefire/surefirebooter551092173821423022.jar"/>
    <property name="hadoop.log.dir" value="/workdir/hadoop-ozone/integration-test/target/log"/>
    <property name="sun.boot.class.path" value="/usr/lib/jvm/java-1.8-openjdk/jre/lib/resources.jar:/usr/lib/jvm/java-1.8-openjdk/jre/lib/rt.jar:/usr/lib/jvm/java-1.8-openjdk/jre/lib/sunrsasign.jar:/usr/lib/jvm/java-1.8-openjdk/jre/lib/jsse.jar:/usr/lib/jvm/java-1.8-openjdk/jre/lib/jce.jar:/usr/lib/jvm/java-1.8-openjdk/jre/lib/charsets.jar:/usr/lib/jvm/java-1.8-openjdk/jre/lib/jfr.jar:/usr/lib/jvm/java-1.8-openjdk/jre/classes"/>
    <property name="sun.management.compiler" value="HotSpot 64-Bit Tiered Compilers"/>
    <property name="java.runtime.version" value="1.8.0_212-b04"/>
    <property name="java.net.preferIPv4Stack" value="true"/>
    <property name="user.name" value="jenkins1000"/>
    <property name="path.separator" value=":"/>
    <property name="java.security.egd" value="file:///dev/urandom"/>
    <property name="os.version" value="3.10.0-957.12.2.el7.x86_64"/>
    <property name="java.endorsed.dirs" value="/usr/lib/jvm/java-1.8-openjdk/jre/lib/endorsed"/>
    <property name="java.runtime.name" value="OpenJDK Runtime Environment"/>
    <property name="file.encoding" value="UTF-8"/>
    <property name="java.vm.name" value="OpenJDK 64-Bit Server VM"/>
    <property name="test.build.webapps" value=""/>
    <property name="localRepository" value="/home/user/.m2/repository"/>
    <property name="java.vendor.url.bug" value="https://icedtea.classpath.org/bugzilla"/>
    <property name="java.io.tmpdir" value="/tmp"/>
    <property name="require.test.libhadoop" value=""/>
    <property name="java.version" value="1.8.0_212"/>
    <property name="user.dir" value="/workdir/hadoop-ozone/integration-test"/>
    <property name="os.arch" value="amd64"/>
    <property name="java.vm.specification.name" value="Java Virtual Machine Specification"/>
    <property name="test.build.classes" value="/workdir/hadoop-ozone/integration-test/target/test-classes"/>
    <property name="java.awt.printerjob" value="sun.print.PSPrinterJob"/>
    <property name="sun.os.patch.level" value="unknown"/>
    <property name="hadoop.tmp.dir" value="/workdir/hadoop-ozone/integration-test/target/tmp"/>
    <property name="java.library.path" value="/usr/lib/jvm/java-1.8-openjdk/jre/lib/amd64/server:/usr/lib/jvm/java-1.8-openjdk/jre/lib/amd64:/usr/lib/jvm/java-1.8-openjdk/jre/../lib/amd64:/workdir/hadoop-ozone/integration-test/target/native/target/usr/local/lib:/workdir/hadoop-ozone/integration-test/../../hadoop-common-project/hadoop-common/target/native/target/usr/local/lib:/usr/java/packages/lib/amd64:/usr/lib64:/lib64:/lib:/usr/lib"/>
    <property name="java.vm.info" value="mixed mode"/>
    <property name="java.vendor" value="IcedTea"/>
    <property name="java.vm.version" value="25.212-b04"/>
    <property name="java.ext.dirs" value="/usr/lib/jvm/java-1.8-openjdk/jre/lib/ext:/usr/java/packages/lib/ext"/>
    <property name="sun.io.unicode.encoding" value="UnicodeLittle"/>
    <property name="java.class.version" value="52.0"/>
  </properties>
  <testcase name="test2DatanodesFailure" classname="org.apache.hadoop.ozone.client.rpc.TestBlockOutputStreamWithFailures" time="105.053"/>
  <testcase name="testDatanodeFailureWithPreAllocation" classname="org.apache.hadoop.ozone.client.rpc.TestBlockOutputStreamWithFailures" time="226.416"/>
  <testcase name="testDatanodeFailureWithSingleNodeRatis" classname="org.apache.hadoop.ozone.client.rpc.TestBlockOutputStreamWithFailures" time="224.726"/>
  <testcase name="testWatchForCommitWithSingleNodeRatis" classname="org.apache.hadoop.ozone.client.rpc.TestBlockOutputStreamWithFailures" time="36.346"/>
  <testcase name="testWatchForCommitDatanodeFailure" classname="org.apache.hadoop.ozone.client.rpc.TestBlockOutputStreamWithFailures" time="41.65">
    <failure message="expected:&lt;61&gt; but was:&lt;62&gt;" type="java.lang.AssertionError"><![CDATA[java.lang.AssertionError: expected:<61> but was:<62>
	at org.junit.Assert.fail(Assert.java:88)
	at org.junit.Assert.failNotEquals(Assert.java:743)
	at org.junit.Assert.assertEquals(Assert.java:118)
	at org.junit.Assert.assertEquals(Assert.java:555)
	at org.junit.Assert.assertEquals(Assert.java:542)
	at org.apache.hadoop.ozone.client.rpc.TestBlockOutputStreamWithFailures.testWatchForCommitDatanodeFailure(TestBlockOutputStreamWithFailures.java:336)
	at sun.reflect.NativeMethodAccessorImpl.invoke0(Native Method)
	at sun.reflect.NativeMethodAccessorImpl.invoke(NativeMethodAccessorImpl.java:62)
	at sun.reflect.DelegatingMethodAccessorImpl.invoke(DelegatingMethodAccessorImpl.java:43)
	at java.lang.reflect.Method.invoke(Method.java:498)
	at org.junit.runners.model.FrameworkMethod$1.runReflectiveCall(FrameworkMethod.java:47)
	at org.junit.internal.runners.model.ReflectiveCallable.run(ReflectiveCallable.java:12)
	at org.junit.runners.model.FrameworkMethod.invokeExplosively(FrameworkMethod.java:44)
	at org.junit.internal.runners.statements.InvokeMethod.evaluate(InvokeMethod.java:17)
	at org.junit.internal.runners.statements.RunBefores.evaluate(RunBefores.java:26)
	at org.junit.internal.runners.statements.RunAfters.evaluate(RunAfters.java:27)
	at org.junit.runners.ParentRunner.runLeaf(ParentRunner.java:271)
	at org.junit.runners.BlockJUnit4ClassRunner.runChild(BlockJUnit4ClassRunner.java:70)
	at org.junit.runners.BlockJUnit4ClassRunner.runChild(BlockJUnit4ClassRunner.java:50)
	at org.junit.runners.ParentRunner$3.run(ParentRunner.java:238)
	at org.junit.runners.ParentRunner$1.schedule(ParentRunner.java:63)
	at org.junit.runners.ParentRunner.runChildren(ParentRunner.java:236)
	at org.junit.runners.ParentRunner.access$000(ParentRunner.java:53)
	at org.junit.runners.ParentRunner$2.evaluate(ParentRunner.java:229)
	at org.junit.runners.ParentRunner.run(ParentRunner.java:309)
	at org.apache.maven.surefire.junit4.JUnit4Provider.execute(JUnit4Provider.java:365)
	at org.apache.maven.surefire.junit4.JUnit4Provider.executeWithRerun(JUnit4Provider.java:273)
	at org.apache.maven.surefire.junit4.JUnit4Provider.executeTestSet(JUnit4Provider.java:238)
	at org.apache.maven.surefire.junit4.JUnit4Provider.invoke(JUnit4Provider.java:159)
	at org.apache.maven.surefire.booter.ForkedBooter.invokeProviderInSameClassLoader(ForkedBooter.java:384)
	at org.apache.maven.surefire.booter.ForkedBooter.runSuitesInProcess(ForkedBooter.java:345)
	at org.apache.maven.surefire.booter.ForkedBooter.execute(ForkedBooter.java:126)
	at org.apache.maven.surefire.booter.ForkedBooter.main(ForkedBooter.java:418)
]]></failure>
    <system-out><![CDATA[2019-08-29 16:59:05,222 [main] WARN  server.ServerUtils (ServerUtils.java:getScmDbDir(145)) - ozone.scm.db.dirs is not configured. We recommend adding this setting. Falling back to ozone.metadata.dirs instead.
2019-08-29 16:59:05,240 [main] WARN  server.ServerUtils (ServerUtils.java:getScmDbDir(145)) - ozone.scm.db.dirs is not configured. We recommend adding this setting. Falling back to ozone.metadata.dirs instead.
2019-08-29 16:59:05,240 [main] WARN  server.ServerUtils (ServerUtils.java:getScmDbDir(145)) - ozone.scm.db.dirs is not configured. We recommend adding this setting. Falling back to ozone.metadata.dirs instead.
2019-08-29 16:59:05,240 [main] INFO  db.DBStoreBuilder (DBStoreBuilder.java:addTable(110)) - using custom profile for table: deletedBlocks
2019-08-29 16:59:05,241 [main] INFO  db.DBStoreBuilder (DBStoreBuilder.java:processTables(161)) - Using default column profile:DBProfile.DISK for Table:deletedBlocks
2019-08-29 16:59:05,241 [main] INFO  db.DBStoreBuilder (DBStoreBuilder.java:addTable(110)) - using custom profile for table: validCerts
2019-08-29 16:59:05,241 [main] INFO  db.DBStoreBuilder (DBStoreBuilder.java:processTables(161)) - Using default column profile:DBProfile.DISK for Table:validCerts
2019-08-29 16:59:05,241 [main] INFO  db.DBStoreBuilder (DBStoreBuilder.java:addTable(110)) - using custom profile for table: revokedCerts
2019-08-29 16:59:05,242 [main] INFO  db.DBStoreBuilder (DBStoreBuilder.java:processTables(161)) - Using default column profile:DBProfile.DISK for Table:revokedCerts
2019-08-29 16:59:05,242 [main] INFO  db.DBStoreBuilder (DBStoreBuilder.java:addTable(110)) - using custom profile for table: default
2019-08-29 16:59:05,242 [main] INFO  db.DBStoreBuilder (DBStoreBuilder.java:processTables(167)) - Using default column profile:DBProfile.DISK for Table:default
2019-08-29 16:59:05,242 [main] INFO  db.DBStoreBuilder (DBStoreBuilder.java:getDbProfile(198)) - Using default options. DBProfile.DISK
2019-08-29 16:59:05,478 [main] INFO  net.NodeSchemaLoader (NodeSchemaLoader.java:loadSchemaFromFile(125)) - Loading file from sun.misc.CompoundEnumeration@74f280bd
2019-08-29 16:59:05,478 [main] INFO  net.NodeSchemaLoader (NodeSchemaLoader.java:loadSchema(171)) - Loading network topology layer schema file
2019-08-29 16:59:05,485 [main] INFO  node.SCMNodeManager (SCMNodeManager.java:<init>(121)) - Entering startup safe mode.
2019-08-29 16:59:05,486 [main] INFO  algorithms.ContainerPlacementPolicyFactory (ContainerPlacementPolicyFactory.java:getPolicy(55)) - Create container placement policy of type org.apache.hadoop.hdds.scm.container.placement.algorithms.SCMContainerPlacementRandom
2019-08-29 16:59:05,486 [main] WARN  server.ServerUtils (ServerUtils.java:getScmDbDir(145)) - ozone.scm.db.dirs is not configured. We recommend adding this setting. Falling back to ozone.metadata.dirs instead.
2019-08-29 16:59:05,573 [main] INFO  pipeline.SCMPipelineManager (SCMPipelineManager.java:initializePipelineState(126)) - No pipeline exists in current db
2019-08-29 16:59:05,573 [main] WARN  server.ServerUtils (ServerUtils.java:getScmDbDir(145)) - ozone.scm.db.dirs is not configured. We recommend adding this setting. Falling back to ozone.metadata.dirs instead.
2019-08-29 16:59:05,676 [main] WARN  events.EventQueue (EventQueue.java:fireEvent(175)) - No event handler registered for event TypedEvent{payloadType=SafeModeStatus, name='SafeModeStatus'}
2019-08-29 16:59:05,677 [main] INFO  ipc.CallQueueManager (CallQueueManager.java:<init>(84)) - Using callQueue: class java.util.concurrent.LinkedBlockingQueue, queueCapacity: 2000, scheduler: class org.apache.hadoop.ipc.DefaultRpcScheduler, ipcBackoff: false.
2019-08-29 16:59:05,679 [Socket Reader #1 for port 35442] INFO  ipc.Server (Server.java:run(1074)) - Starting Socket Reader #1 for port 35442
2019-08-29 16:59:05,680 [main] INFO  ipc.CallQueueManager (CallQueueManager.java:<init>(84)) - Using callQueue: class java.util.concurrent.LinkedBlockingQueue, queueCapacity: 2000, scheduler: class org.apache.hadoop.ipc.DefaultRpcScheduler, ipcBackoff: false.
2019-08-29 16:59:05,681 [Socket Reader #1 for port 44372] INFO  ipc.Server (Server.java:run(1074)) - Starting Socket Reader #1 for port 44372
2019-08-29 16:59:05,683 [main] INFO  ipc.CallQueueManager (CallQueueManager.java:<init>(84)) - Using callQueue: class java.util.concurrent.LinkedBlockingQueue, queueCapacity: 2000, scheduler: class org.apache.hadoop.ipc.DefaultRpcScheduler, ipcBackoff: false.
2019-08-29 16:59:05,684 [Socket Reader #1 for port 37559] INFO  ipc.Server (Server.java:run(1074)) - Starting Socket Reader #1 for port 37559
2019-08-29 16:59:05,686 [main] INFO  hdfs.DFSUtil (DFSUtil.java:httpServerTemplateForNNAndJN(1641)) - Starting Web-server for scm at: http://0.0.0.0:0
2019-08-29 16:59:05,689 [main] INFO  server.AuthenticationFilter (AuthenticationFilter.java:constructSecretProvider(240)) - Unable to initialize FileSignerSecretProvider, falling back to use random secrets.
2019-08-29 16:59:05,690 [main] WARN  http.HttpRequestLog (HttpRequestLog.java:getRequestLog(97)) - Jetty request log can only be enabled using Log4j
2019-08-29 16:59:05,692 [main] INFO  http.HttpServer2 (HttpServer2.java:addGlobalFilter(975)) - Added global filter 'safety' (class=org.apache.hadoop.http.HttpServer2$QuotingInputFilter)
2019-08-29 16:59:05,693 [main] INFO  http.HttpServer2 (HttpServer2.java:addFilter(948)) - Added filter static_user_filter (class=org.apache.hadoop.http.lib.StaticUserWebFilter$StaticUserFilter) to context scm
2019-08-29 16:59:05,693 [main] INFO  http.HttpServer2 (HttpServer2.java:addFilter(958)) - Added filter static_user_filter (class=org.apache.hadoop.http.lib.StaticUserWebFilter$StaticUserFilter) to context static
2019-08-29 16:59:05,693 [main] INFO  http.HttpServer2 (HttpServer2.java:addFilter(958)) - Added filter static_user_filter (class=org.apache.hadoop.http.lib.StaticUserWebFilter$StaticUserFilter) to context logs
2019-08-29 16:59:05,696 [main] INFO  server.StorageContainerManager (StorageContainerManager.java:start(759)) - StorageContainerLocationProtocol RPC server is listening at /0.0.0.0:37559
2019-08-29 16:59:05,699 [main] WARN  impl.MetricsConfig (MetricsConfig.java:loadFirst(134)) - Cannot locate configuration: tried hadoop-metrics2-storagecontainermanager.properties,hadoop-metrics2.properties
2019-08-29 16:59:05,700 [main] INFO  impl.MetricsSystemImpl (MetricsSystemImpl.java:startTimer(374)) - Scheduled Metric snapshot period at 10 second(s).
2019-08-29 16:59:05,700 [main] INFO  impl.MetricsSystemImpl (MetricsSystemImpl.java:start(191)) - StorageContainerManager metrics system started
2019-08-29 16:59:05,772 [main] INFO  server.SCMClientProtocolServer (SCMClientProtocolServer.java:start(151)) - RPC server for Client  is listening at /0.0.0.0:37559
2019-08-29 16:59:05,773 [IPC Server Responder] INFO  ipc.Server (Server.java:run(1314)) - IPC Server Responder: starting
2019-08-29 16:59:05,773 [IPC Server listener on 37559] INFO  ipc.Server (Server.java:run(1153)) - IPC Server listener on 37559: starting
2019-08-29 16:59:05,777 [main] INFO  server.StorageContainerManager (StorageContainerManager.java:start(769)) - ScmBlockLocationProtocol RPC server is listening at /0.0.0.0:44372
2019-08-29 16:59:05,777 [main] INFO  server.SCMBlockProtocolServer (SCMBlockProtocolServer.java:start(140)) - RPC server for Block Protocol is listening at /0.0.0.0:44372
2019-08-29 16:59:05,778 [IPC Server Responder] INFO  ipc.Server (Server.java:run(1314)) - IPC Server Responder: starting
2019-08-29 16:59:05,778 [IPC Server listener on 44372] INFO  ipc.Server (Server.java:run(1153)) - IPC Server listener on 44372: starting
2019-08-29 16:59:05,783 [main] INFO  server.StorageContainerManager (StorageContainerManager.java:start(773)) - ScmDatanodeProtocl RPC server is listening at /0.0.0.0:35442
2019-08-29 16:59:05,784 [main] INFO  server.SCMDatanodeProtocolServer (SCMDatanodeProtocolServer.java:start(191)) - RPC server for DataNodes is listening at /0.0.0.0:35442
2019-08-29 16:59:05,785 [IPC Server Responder] INFO  ipc.Server (Server.java:run(1314)) - IPC Server Responder: starting
2019-08-29 16:59:05,785 [IPC Server listener on 35442] INFO  ipc.Server (Server.java:run(1153)) - IPC Server listener on 35442: starting
2019-08-29 16:59:05,791 [main] INFO  http.HttpServer2 (HttpServer2.java:bindListener(1191)) - Jetty bound to port 45646
2019-08-29 16:59:05,791 [main] INFO  server.Server (Server.java:doStart(351)) - jetty-9.3.24.v20180605, build timestamp: 2018-06-05T17:11:56Z, git hash: 84205aa28f11a4f31f2a3b86d1bba2cc8ab69827
2019-08-29 16:59:05,795 [main] INFO  handler.ContextHandler (ContextHandler.java:doStart(781)) - Started o.e.j.s.ServletContextHandler@53d6e959{/logs,file:///workdir/hadoop-ozone/integration-test/target/log,AVAILABLE}
2019-08-29 16:59:05,795 [main] INFO  handler.ContextHandler (ContextHandler.java:doStart(781)) - Started o.e.j.s.ServletContextHandler@69a40b3c{/static,file:///workdir/hadoop-ozone/integration-test/target/test-classes/webapps/static,AVAILABLE}
2019-08-29 16:59:05,801 [main] INFO  handler.ContextHandler (ContextHandler.java:doStart(781)) - Started o.e.j.w.WebAppContext@5a2ae1ab{/,file:///workdir/hadoop-ozone/integration-test/target/test-classes/webapps/scm/,AVAILABLE}{/scm}
2019-08-29 16:59:05,801 [main] INFO  server.AbstractConnector (AbstractConnector.java:doStart(278)) - Started ServerConnector@2bec068b{HTTP/1.1,[http/1.1]}{0.0.0.0:45646}
2019-08-29 16:59:05,802 [main] INFO  server.Server (Server.java:doStart(419)) - Started @593799ms
2019-08-29 16:59:05,805 [main] INFO  server.BaseHttpServer (BaseHttpServer.java:updateConnectorAddress(213)) - HTTP server of SCM is listening at http://0.0.0.0:45646
2019-08-29 16:59:05,805 [main] WARN  server.ServerUtils (ServerUtils.java:getDBPath(222)) - ozone.om.db.dirs is not configured. We recommend adding this setting. Falling back to ozone.metadata.dirs instead.
2019-08-29 16:59:05,806 [org.apache.hadoop.util.JvmPauseMonitor$Monitor@55361f03] INFO  util.JvmPauseMonitor (JvmPauseMonitor.java:run(188)) - Starting JVM pause monitor
2019-08-29 16:59:05,830 [main] WARN  server.ServerUtils (ServerUtils.java:getDBPath(222)) - ozone.om.db.dirs is not configured. We recommend adding this setting. Falling back to ozone.metadata.dirs instead.
2019-08-29 16:59:05,831 [main] WARN  server.ServerUtils (ServerUtils.java:getDBPath(222)) - ozone.om.db.dirs is not configured. We recommend adding this setting. Falling back to ozone.metadata.dirs instead.
2019-08-29 16:59:05,831 [main] INFO  om.OzoneManager (OzoneManager.java:setOMNodeDetails(645)) - OM Service ID is not set. Setting it to the default ID: omServiceIdDefault
2019-08-29 16:59:05,831 [main] INFO  om.OzoneManager (OzoneManager.java:setOMNodeDetails(651)) - OM Node ID is not set. Setting it to the OmStorage's OmID: 2fbba8a2-5a81-421a-8576-8a7ff82f24f7
2019-08-29 16:59:05,831 [main] INFO  om.OzoneManager (OzoneManager.java:loadOMHAConfigs(602)) - Found matching OM address with OMServiceId: null, OMNodeId: null, RPC Address: localhost:0 and Ratis port: 9872
2019-08-29 16:59:05,836 | INFO  | SCMAudit | user=jenkins1000 | ip=192.168.69.102 | op=GET_SCM_INFO null | ret=SUCCESS |  
2019-08-29 16:59:05,838 [main] WARN  server.ServerUtils (ServerUtils.java:getDBPath(222)) - ozone.om.db.dirs is not configured. We recommend adding this setting. Falling back to ozone.metadata.dirs instead.
2019-08-29 16:59:05,839 [main] INFO  db.DBStoreBuilder (DBStoreBuilder.java:addTable(110)) - using custom profile for table: userTable
2019-08-29 16:59:05,839 [main] INFO  db.DBStoreBuilder (DBStoreBuilder.java:processTables(161)) - Using default column profile:DBProfile.DISK for Table:userTable
2019-08-29 16:59:05,839 [main] INFO  db.DBStoreBuilder (DBStoreBuilder.java:addTable(110)) - using custom profile for table: volumeTable
2019-08-29 16:59:05,839 [main] INFO  db.DBStoreBuilder (DBStoreBuilder.java:processTables(161)) - Using default column profile:DBProfile.DISK for Table:volumeTable
2019-08-29 16:59:05,840 [main] INFO  db.DBStoreBuilder (DBStoreBuilder.java:addTable(110)) - using custom profile for table: bucketTable
2019-08-29 16:59:05,840 [main] INFO  db.DBStoreBuilder (DBStoreBuilder.java:processTables(161)) - Using default column profile:DBProfile.DISK for Table:bucketTable
2019-08-29 16:59:05,840 [main] INFO  db.DBStoreBuilder (DBStoreBuilder.java:addTable(110)) - using custom profile for table: keyTable
2019-08-29 16:59:05,840 [main] INFO  db.DBStoreBuilder (DBStoreBuilder.java:processTables(161)) - Using default column profile:DBProfile.DISK for Table:keyTable
2019-08-29 16:59:05,840 [main] INFO  db.DBStoreBuilder (DBStoreBuilder.java:addTable(110)) - using custom profile for table: deletedTable
2019-08-29 16:59:05,841 [main] INFO  db.DBStoreBuilder (DBStoreBuilder.java:processTables(161)) - Using default column profile:DBProfile.DISK for Table:deletedTable
2019-08-29 16:59:05,841 [main] INFO  db.DBStoreBuilder (DBStoreBuilder.java:addTable(110)) - using custom profile for table: openKeyTable
2019-08-29 16:59:05,841 [main] INFO  db.DBStoreBuilder (DBStoreBuilder.java:processTables(161)) - Using default column profile:DBProfile.DISK for Table:openKeyTable
2019-08-29 16:59:05,841 [main] INFO  db.DBStoreBuilder (DBStoreBuilder.java:addTable(110)) - using custom profile for table: s3Table
2019-08-29 16:59:05,841 [main] INFO  db.DBStoreBuilder (DBStoreBuilder.java:processTables(161)) - Using default column profile:DBProfile.DISK for Table:s3Table
2019-08-29 16:59:05,841 [main] INFO  db.DBStoreBuilder (DBStoreBuilder.java:addTable(110)) - using custom profile for table: multipartInfoTable
2019-08-29 16:59:05,842 [main] INFO  db.DBStoreBuilder (DBStoreBuilder.java:processTables(161)) - Using default column profile:DBProfile.DISK for Table:multipartInfoTable
2019-08-29 16:59:05,842 [main] INFO  db.DBStoreBuilder (DBStoreBuilder.java:addTable(110)) - using custom profile for table: dTokenTable
2019-08-29 16:59:05,842 [main] INFO  db.DBStoreBuilder (DBStoreBuilder.java:processTables(161)) - Using default column profile:DBProfile.DISK for Table:dTokenTable
2019-08-29 16:59:05,842 [main] INFO  db.DBStoreBuilder (DBStoreBuilder.java:addTable(110)) - using custom profile for table: s3SecretTable
2019-08-29 16:59:05,842 [main] INFO  db.DBStoreBuilder (DBStoreBuilder.java:processTables(161)) - Using default column profile:DBProfile.DISK for Table:s3SecretTable
2019-08-29 16:59:05,843 [main] INFO  db.DBStoreBuilder (DBStoreBuilder.java:addTable(110)) - using custom profile for table: prefixTable
2019-08-29 16:59:05,843 [main] INFO  db.DBStoreBuilder (DBStoreBuilder.java:processTables(161)) - Using default column profile:DBProfile.DISK for Table:prefixTable
2019-08-29 16:59:05,843 [main] INFO  db.DBStoreBuilder (DBStoreBuilder.java:addTable(110)) - using custom profile for table: default
2019-08-29 16:59:05,843 [main] INFO  db.DBStoreBuilder (DBStoreBuilder.java:processTables(167)) - Using default column profile:DBProfile.DISK for Table:default
2019-08-29 16:59:05,843 [main] INFO  db.DBStoreBuilder (DBStoreBuilder.java:getDbProfile(198)) - Using default options. DBProfile.DISK
2019-08-29 16:59:06,563 [main] INFO  ipc.CallQueueManager (CallQueueManager.java:<init>(84)) - Using callQueue: class java.util.concurrent.LinkedBlockingQueue, queueCapacity: 2000, scheduler: class org.apache.hadoop.ipc.DefaultRpcScheduler, ipcBackoff: false.
2019-08-29 16:59:06,565 [Socket Reader #1 for port 40923] INFO  ipc.Server (Server.java:run(1074)) - Starting Socket Reader #1 for port 40923
2019-08-29 16:59:06,583 [main] INFO  om.OzoneManager (OzoneManager.java:start(1256)) - OzoneManager RPC server is listening at localhost/127.0.0.1:40923
2019-08-29 16:59:06,583 [main] INFO  impl.MetricsSystemImpl (MetricsSystemImpl.java:init(158)) - OzoneManager metrics system started (again)
2019-08-29 16:59:06,584 [IPC Server Responder] INFO  ipc.Server (Server.java:run(1314)) - IPC Server Responder: starting
2019-08-29 16:59:06,584 [IPC Server listener on 40923] INFO  ipc.Server (Server.java:run(1153)) - IPC Server listener on 40923: starting
2019-08-29 16:59:06,591 [main] INFO  hdfs.DFSUtil (DFSUtil.java:httpServerTemplateForNNAndJN(1641)) - Starting Web-server for ozoneManager at: http://0.0.0.0:0
2019-08-29 16:59:06,594 [main] INFO  server.AuthenticationFilter (AuthenticationFilter.java:constructSecretProvider(240)) - Unable to initialize FileSignerSecretProvider, falling back to use random secrets.
2019-08-29 16:59:06,595 [main] WARN  http.HttpRequestLog (HttpRequestLog.java:getRequestLog(97)) - Jetty request log can only be enabled using Log4j
2019-08-29 16:59:06,598 [main] INFO  http.HttpServer2 (HttpServer2.java:addGlobalFilter(975)) - Added global filter 'safety' (class=org.apache.hadoop.http.HttpServer2$QuotingInputFilter)
2019-08-29 16:59:06,599 [main] INFO  http.HttpServer2 (HttpServer2.java:addFilter(948)) - Added filter static_user_filter (class=org.apache.hadoop.http.lib.StaticUserWebFilter$StaticUserFilter) to context ozoneManager
2019-08-29 16:59:06,599 [main] INFO  http.HttpServer2 (HttpServer2.java:addFilter(958)) - Added filter static_user_filter (class=org.apache.hadoop.http.lib.StaticUserWebFilter$StaticUserFilter) to context logs
2019-08-29 16:59:06,599 [main] INFO  http.HttpServer2 (HttpServer2.java:addFilter(958)) - Added filter static_user_filter (class=org.apache.hadoop.http.lib.StaticUserWebFilter$StaticUserFilter) to context static
2019-08-29 16:59:06,600 [main] INFO  http.HttpServer2 (HttpServer2.java:bindListener(1191)) - Jetty bound to port 42881
2019-08-29 16:59:06,601 [main] INFO  server.Server (Server.java:doStart(351)) - jetty-9.3.24.v20180605, build timestamp: 2018-06-05T17:11:56Z, git hash: 84205aa28f11a4f31f2a3b86d1bba2cc8ab69827
2019-08-29 16:59:06,604 [main] INFO  handler.ContextHandler (ContextHandler.java:doStart(781)) - Started o.e.j.s.ServletContextHandler@76563ae7{/logs,file:///workdir/hadoop-ozone/integration-test/target/log,AVAILABLE}
2019-08-29 16:59:06,605 [main] INFO  handler.ContextHandler (ContextHandler.java:doStart(781)) - Started o.e.j.s.ServletContextHandler@4fea840f{/static,file:///workdir/hadoop-ozone/integration-test/target/test-classes/webapps/static,AVAILABLE}
2019-08-29 16:59:06,613 [main] INFO  handler.ContextHandler (ContextHandler.java:doStart(781)) - Started o.e.j.w.WebAppContext@93bf0e0{/,file:///workdir/hadoop-ozone/integration-test/target/test-classes/webapps/ozoneManager/,AVAILABLE}{/ozoneManager}
2019-08-29 16:59:06,614 [main] INFO  server.AbstractConnector (AbstractConnector.java:doStart(278)) - Started ServerConnector@4981d95b{HTTP/1.1,[http/1.1]}{0.0.0.0:42881}
2019-08-29 16:59:06,615 [main] INFO  server.Server (Server.java:doStart(419)) - Started @594612ms
2019-08-29 16:59:06,617 [main] INFO  server.BaseHttpServer (BaseHttpServer.java:updateConnectorAddress(213)) - HTTP server of OZONEMANAGER is listening at http://0.0.0.0:42881
2019-08-29 16:59:06,640 [main] INFO  impl.MetricsSystemImpl (MetricsSystemImpl.java:init(158)) - HddsDatanode metrics system started (again)
2019-08-29 16:59:06,643 [main] INFO  ozone.HddsDatanodeService (HddsDatanodeService.java:start(184)) - HddsDatanodeService host:pr-hdds-1413-r8zfz-2367378370 ip:192.168.69.102
2019-08-29 16:59:06,651 [main] INFO  volume.HddsVolume (HddsVolume.java:<init>(176)) - Creating Volume: /workdir/hadoop-ozone/integration-test/target/test-dir/MiniOzoneClusterImpl-51fe08ff-1c36-40ef-8442-fe9f7994e715/datanode-0/data/containers/hdds of  storage type : DISK and capacity : 1482555576320
2019-08-29 16:59:06,651 [main] INFO  volume.VolumeSet (VolumeSet.java:initializeVolumeSet(170)) - Added Volume : /workdir/hadoop-ozone/integration-test/target/test-dir/MiniOzoneClusterImpl-51fe08ff-1c36-40ef-8442-fe9f7994e715/datanode-0/data/containers/hdds to VolumeSet
2019-08-29 16:59:06,652 [main] INFO  volume.ThrottledAsyncChecker (ThrottledAsyncChecker.java:schedule(140)) - Scheduling a check for org.apache.hadoop.ozone.container.common.volume.HddsVolume@238291d4
2019-08-29 16:59:06,653 [main] INFO  volume.HddsVolumeChecker (HddsVolumeChecker.java:checkAllVolumes(203)) - Scheduled health check for volume org.apache.hadoop.ozone.container.common.volume.HddsVolume@238291d4
2019-08-29 16:59:06,673 [main] INFO  impl.RaftServerProxy (ConfUtils.java:logGet(43)) - raft.rpc.type = GRPC (default)
2019-08-29 16:59:06,673 [main] INFO  grpc.GrpcFactory (GrpcFactory.java:checkPooledByteBufAllocatorUseCacheForAllThreads(45)) - PERFORMANCE WARNING: useCacheForAllThreads is true that may cause Netty to create a lot garbage objects and, as a result, trigger GC.
	It is recommended to disable useCacheForAllThreads by setting -Dorg.apache.ratis.thirdparty.io.netty.allocator.useCacheForAllThreads=false in command line.
2019-08-29 16:59:06,673 [main] INFO  grpc.GrpcConfigKeys$Server (ConfUtils.java:logGet(43)) - raft.grpc.server.port = 0 (default)
2019-08-29 16:59:06,674 [main] INFO  server.GrpcService (ConfUtils.java:logGet(43)) - raft.grpc.message.size.max = 33570816 (custom)
2019-08-29 16:59:06,674 [main] INFO  server.RaftServerConfigKeys (ConfUtils.java:logGet(43)) - raft.server.log.appender.buffer.byte-limit = 33554432 (custom)
2019-08-29 16:59:06,674 [main] INFO  server.GrpcService (ConfUtils.java:logGet(43)) - raft.grpc.flow.control.window = 1MB (=1048576) (default)
2019-08-29 16:59:06,675 [main] INFO  server.RaftServerConfigKeys (ConfUtils.java:logGet(43)) - raft.server.rpc.request.timeout = 3000ms (default)
2019-08-29 16:59:06,676 [main] INFO  server.RaftServerConfigKeys (ConfUtils.java:logGet(43)) - raft.server.storage.dir = [/workdir/hadoop-ozone/integration-test/target/test-dir/MiniOzoneClusterImpl-51fe08ff-1c36-40ef-8442-fe9f7994e715/datanode-0/data/ratis] (custom)
2019-08-29 16:59:06,678 [main] INFO  hdfs.DFSUtil (DFSUtil.java:httpServerTemplateForNNAndJN(1641)) - Starting Web-server for hddsDatanode at: http://0.0.0.0:0
2019-08-29 16:59:06,680 [main] INFO  server.AuthenticationFilter (AuthenticationFilter.java:constructSecretProvider(240)) - Unable to initialize FileSignerSecretProvider, falling back to use random secrets.
2019-08-29 16:59:06,680 [main] WARN  http.HttpRequestLog (HttpRequestLog.java:getRequestLog(97)) - Jetty request log can only be enabled using Log4j
2019-08-29 16:59:06,682 [main] INFO  http.HttpServer2 (HttpServer2.java:addGlobalFilter(975)) - Added global filter 'safety' (class=org.apache.hadoop.http.HttpServer2$QuotingInputFilter)
2019-08-29 16:59:06,683 [main] INFO  http.HttpServer2 (HttpServer2.java:addFilter(948)) - Added filter static_user_filter (class=org.apache.hadoop.http.lib.StaticUserWebFilter$StaticUserFilter) to context hddsDatanode
2019-08-29 16:59:06,683 [main] INFO  http.HttpServer2 (HttpServer2.java:addFilter(958)) - Added filter static_user_filter (class=org.apache.hadoop.http.lib.StaticUserWebFilter$StaticUserFilter) to context static
2019-08-29 16:59:06,683 [main] INFO  http.HttpServer2 (HttpServer2.java:addFilter(958)) - Added filter static_user_filter (class=org.apache.hadoop.http.lib.StaticUserWebFilter$StaticUserFilter) to context logs
2019-08-29 16:59:06,684 [main] INFO  http.HttpServer2 (HttpServer2.java:bindListener(1191)) - Jetty bound to port 41104
2019-08-29 16:59:06,684 [main] INFO  server.Server (Server.java:doStart(351)) - jetty-9.3.24.v20180605, build timestamp: 2018-06-05T17:11:56Z, git hash: 84205aa28f11a4f31f2a3b86d1bba2cc8ab69827
2019-08-29 16:59:06,686 [main] INFO  handler.ContextHandler (ContextHandler.java:doStart(781)) - Started o.e.j.s.ServletContextHandler@755b5f30{/logs,file:///workdir/hadoop-ozone/integration-test/target/log,AVAILABLE}
2019-08-29 16:59:06,687 [main] INFO  handler.ContextHandler (ContextHandler.java:doStart(781)) - Started o.e.j.s.ServletContextHandler@272778ae{/static,jar:file:/home/user/.m2/repository/org/apache/hadoop/hadoop-hdds-container-service/0.5.0-SNAPSHOT/hadoop-hdds-container-service-0.5.0-SNAPSHOT.jar!/webapps/static,AVAILABLE}
2019-08-29 16:59:06,722 [main] INFO  handler.ContextHandler (ContextHandler.java:doStart(781)) - Started o.e.j.w.WebAppContext@7b8ea1db{/,file:///tmp/jetty-0.0.0.0-41104-hddsDatanode-_-any-5148762844067728414.dir/webapp/,AVAILABLE}{/hddsDatanode}
2019-08-29 16:59:06,722 [main] INFO  server.AbstractConnector (AbstractConnector.java:doStart(278)) - Started ServerConnector@a91119b{HTTP/1.1,[http/1.1]}{0.0.0.0:41104}
2019-08-29 16:59:06,723 [main] INFO  server.Server (Server.java:doStart(419)) - Started @594719ms
2019-08-29 16:59:06,724 [main] INFO  server.BaseHttpServer (BaseHttpServer.java:updateConnectorAddress(213)) - HTTP server of HDDSDATANODE is listening at http://0.0.0.0:41104
2019-08-29 16:59:06,724 [main] INFO  impl.MetricsSystemImpl (MetricsSystemImpl.java:init(158)) - HddsDatanode metrics system started (again)
2019-08-29 16:59:06,727 [main] INFO  ozone.HddsDatanodeService (HddsDatanodeService.java:start(184)) - HddsDatanodeService host:pr-hdds-1413-r8zfz-2367378370 ip:192.168.69.102
2019-08-29 16:59:06,727 [org.apache.hadoop.util.JvmPauseMonitor$Monitor@7e67d576] INFO  util.JvmPauseMonitor (JvmPauseMonitor.java:run(188)) - Starting JVM pause monitor
2019-08-29 16:59:06,730 [Datanode State Machine Thread - 0] INFO  datanode.InitDatanodeState (InitDatanodeState.java:persistContainerDatanodeDetails(140)) - DatanodeDetails is persisted to /workdir/hadoop-ozone/integration-test/target/test-dir/MiniOzoneClusterImpl-51fe08ff-1c36-40ef-8442-fe9f7994e715/datanode-0/meta/datanode.id
2019-08-29 16:59:06,733 [main] INFO  volume.HddsVolume (HddsVolume.java:<init>(176)) - Creating Volume: /workdir/hadoop-ozone/integration-test/target/test-dir/MiniOzoneClusterImpl-51fe08ff-1c36-40ef-8442-fe9f7994e715/datanode-1/data/containers/hdds of  storage type : DISK and capacity : 1482555576320
2019-08-29 16:59:06,734 [main] INFO  volume.VolumeSet (VolumeSet.java:initializeVolumeSet(170)) - Added Volume : /workdir/hadoop-ozone/integration-test/target/test-dir/MiniOzoneClusterImpl-51fe08ff-1c36-40ef-8442-fe9f7994e715/datanode-1/data/containers/hdds to VolumeSet
2019-08-29 16:59:06,734 [main] INFO  volume.ThrottledAsyncChecker (ThrottledAsyncChecker.java:schedule(140)) - Scheduling a check for org.apache.hadoop.ozone.container.common.volume.HddsVolume@5a30722c
2019-08-29 16:59:06,735 [main] INFO  volume.HddsVolumeChecker (HddsVolumeChecker.java:checkAllVolumes(203)) - Scheduled health check for volume org.apache.hadoop.ozone.container.common.volume.HddsVolume@5a30722c
2019-08-29 16:59:06,752 [main] INFO  impl.RaftServerProxy (ConfUtils.java:logGet(43)) - raft.rpc.type = GRPC (default)
2019-08-29 16:59:06,753 [main] INFO  grpc.GrpcFactory (GrpcFactory.java:checkPooledByteBufAllocatorUseCacheForAllThreads(45)) - PERFORMANCE WARNING: useCacheForAllThreads is true that may cause Netty to create a lot garbage objects and, as a result, trigger GC.
	It is recommended to disable useCacheForAllThreads by setting -Dorg.apache.ratis.thirdparty.io.netty.allocator.useCacheForAllThreads=false in command line.
2019-08-29 16:59:06,753 [main] INFO  grpc.GrpcConfigKeys$Server (ConfUtils.java:logGet(43)) - raft.grpc.server.port = 0 (default)
2019-08-29 16:59:06,753 [main] INFO  server.GrpcService (ConfUtils.java:logGet(43)) - raft.grpc.message.size.max = 33570816 (custom)
2019-08-29 16:59:06,753 [main] INFO  server.RaftServerConfigKeys (ConfUtils.java:logGet(43)) - raft.server.log.appender.buffer.byte-limit = 33554432 (custom)
2019-08-29 16:59:06,754 [main] INFO  server.GrpcService (ConfUtils.java:logGet(43)) - raft.grpc.flow.control.window = 1MB (=1048576) (default)
2019-08-29 16:59:06,754 [main] INFO  server.RaftServerConfigKeys (ConfUtils.java:logGet(43)) - raft.server.rpc.request.timeout = 3000ms (default)
2019-08-29 16:59:06,755 [main] INFO  server.RaftServerConfigKeys (ConfUtils.java:logGet(43)) - raft.server.storage.dir = [/workdir/hadoop-ozone/integration-test/target/test-dir/MiniOzoneClusterImpl-51fe08ff-1c36-40ef-8442-fe9f7994e715/datanode-1/data/ratis] (custom)
2019-08-29 16:59:06,756 [main] INFO  hdfs.DFSUtil (DFSUtil.java:httpServerTemplateForNNAndJN(1641)) - Starting Web-server for hddsDatanode at: http://0.0.0.0:0
2019-08-29 16:59:06,758 [main] INFO  server.AuthenticationFilter (AuthenticationFilter.java:constructSecretProvider(240)) - Unable to initialize FileSignerSecretProvider, falling back to use random secrets.
2019-08-29 16:59:06,758 [main] WARN  http.HttpRequestLog (HttpRequestLog.java:getRequestLog(97)) - Jetty request log can only be enabled using Log4j
2019-08-29 16:59:06,760 [main] INFO  http.HttpServer2 (HttpServer2.java:addGlobalFilter(975)) - Added global filter 'safety' (class=org.apache.hadoop.http.HttpServer2$QuotingInputFilter)
2019-08-29 16:59:06,761 [main] INFO  http.HttpServer2 (HttpServer2.java:addFilter(948)) - Added filter static_user_filter (class=org.apache.hadoop.http.lib.StaticUserWebFilter$StaticUserFilter) to context hddsDatanode
2019-08-29 16:59:06,761 [main] INFO  http.HttpServer2 (HttpServer2.java:addFilter(958)) - Added filter static_user_filter (class=org.apache.hadoop.http.lib.StaticUserWebFilter$StaticUserFilter) to context static
2019-08-29 16:59:06,761 [main] INFO  http.HttpServer2 (HttpServer2.java:addFilter(958)) - Added filter static_user_filter (class=org.apache.hadoop.http.lib.StaticUserWebFilter$StaticUserFilter) to context logs
2019-08-29 16:59:06,762 [main] INFO  http.HttpServer2 (HttpServer2.java:bindListener(1191)) - Jetty bound to port 45888
2019-08-29 16:59:06,762 [main] INFO  server.Server (Server.java:doStart(351)) - jetty-9.3.24.v20180605, build timestamp: 2018-06-05T17:11:56Z, git hash: 84205aa28f11a4f31f2a3b86d1bba2cc8ab69827
2019-08-29 16:59:06,764 [main] INFO  handler.ContextHandler (ContextHandler.java:doStart(781)) - Started o.e.j.s.ServletContextHandler@6fbf5db2{/logs,file:///workdir/hadoop-ozone/integration-test/target/log,AVAILABLE}
2019-08-29 16:59:06,764 [main] INFO  handler.ContextHandler (ContextHandler.java:doStart(781)) - Started o.e.j.s.ServletContextHandler@57cabdc3{/static,jar:file:/home/user/.m2/repository/org/apache/hadoop/hadoop-hdds-container-service/0.5.0-SNAPSHOT/hadoop-hdds-container-service-0.5.0-SNAPSHOT.jar!/webapps/static,AVAILABLE}
2019-08-29 16:59:06,806 [main] INFO  handler.ContextHandler (ContextHandler.java:doStart(781)) - Started o.e.j.w.WebAppContext@7d133fb7{/,file:///tmp/jetty-0.0.0.0-45888-hddsDatanode-_-any-178524232888488795.dir/webapp/,AVAILABLE}{/hddsDatanode}
2019-08-29 16:59:06,807 [main] INFO  server.AbstractConnector (AbstractConnector.java:doStart(278)) - Started ServerConnector@40bd0f8{HTTP/1.1,[http/1.1]}{0.0.0.0:45888}
2019-08-29 16:59:06,808 [main] INFO  server.Server (Server.java:doStart(419)) - Started @594805ms
2019-08-29 16:59:06,809 [main] INFO  server.BaseHttpServer (BaseHttpServer.java:updateConnectorAddress(213)) - HTTP server of HDDSDATANODE is listening at http://0.0.0.0:45888
2019-08-29 16:59:06,809 [main] INFO  impl.MetricsSystemImpl (MetricsSystemImpl.java:init(158)) - HddsDatanode metrics system started (again)
2019-08-29 16:59:06,813 [org.apache.hadoop.util.JvmPauseMonitor$Monitor@2ce43c63] INFO  util.JvmPauseMonitor (JvmPauseMonitor.java:run(188)) - Starting JVM pause monitor
2019-08-29 16:59:06,813 [main] INFO  ozone.HddsDatanodeService (HddsDatanodeService.java:start(184)) - HddsDatanodeService host:pr-hdds-1413-r8zfz-2367378370 ip:192.168.69.102
2019-08-29 16:59:06,815 [Datanode State Machine Thread - 0] INFO  datanode.InitDatanodeState (InitDatanodeState.java:persistContainerDatanodeDetails(140)) - DatanodeDetails is persisted to /workdir/hadoop-ozone/integration-test/target/test-dir/MiniOzoneClusterImpl-51fe08ff-1c36-40ef-8442-fe9f7994e715/datanode-1/meta/datanode.id
2019-08-29 16:59:06,820 [main] INFO  volume.HddsVolume (HddsVolume.java:<init>(176)) - Creating Volume: /workdir/hadoop-ozone/integration-test/target/test-dir/MiniOzoneClusterImpl-51fe08ff-1c36-40ef-8442-fe9f7994e715/datanode-2/data/containers/hdds of  storage type : DISK and capacity : 1482555576320
2019-08-29 16:59:06,821 [main] INFO  volume.VolumeSet (VolumeSet.java:initializeVolumeSet(170)) - Added Volume : /workdir/hadoop-ozone/integration-test/target/test-dir/MiniOzoneClusterImpl-51fe08ff-1c36-40ef-8442-fe9f7994e715/datanode-2/data/containers/hdds to VolumeSet
2019-08-29 16:59:06,821 [main] INFO  volume.ThrottledAsyncChecker (ThrottledAsyncChecker.java:schedule(140)) - Scheduling a check for org.apache.hadoop.ozone.container.common.volume.HddsVolume@2d4a3e13
2019-08-29 16:59:06,822 [main] INFO  volume.HddsVolumeChecker (HddsVolumeChecker.java:checkAllVolumes(203)) - Scheduled health check for volume org.apache.hadoop.ozone.container.common.volume.HddsVolume@2d4a3e13
2019-08-29 16:59:06,840 [main] INFO  impl.RaftServerProxy (ConfUtils.java:logGet(43)) - raft.rpc.type = GRPC (default)
2019-08-29 16:59:06,840 [main] INFO  grpc.GrpcFactory (GrpcFactory.java:checkPooledByteBufAllocatorUseCacheForAllThreads(45)) - PERFORMANCE WARNING: useCacheForAllThreads is true that may cause Netty to create a lot garbage objects and, as a result, trigger GC.
	It is recommended to disable useCacheForAllThreads by setting -Dorg.apache.ratis.thirdparty.io.netty.allocator.useCacheForAllThreads=false in command line.
2019-08-29 16:59:06,840 [main] INFO  grpc.GrpcConfigKeys$Server (ConfUtils.java:logGet(43)) - raft.grpc.server.port = 0 (default)
2019-08-29 16:59:06,840 [main] INFO  server.GrpcService (ConfUtils.java:logGet(43)) - raft.grpc.message.size.max = 33570816 (custom)
2019-08-29 16:59:06,841 [main] INFO  server.RaftServerConfigKeys (ConfUtils.java:logGet(43)) - raft.server.log.appender.buffer.byte-limit = 33554432 (custom)
2019-08-29 16:59:06,841 [main] INFO  server.GrpcService (ConfUtils.java:logGet(43)) - raft.grpc.flow.control.window = 1MB (=1048576) (default)
2019-08-29 16:59:06,841 [main] INFO  server.RaftServerConfigKeys (ConfUtils.java:logGet(43)) - raft.server.rpc.request.timeout = 3000ms (default)
2019-08-29 16:59:06,842 [main] INFO  server.RaftServerConfigKeys (ConfUtils.java:logGet(43)) - raft.server.storage.dir = [/workdir/hadoop-ozone/integration-test/target/test-dir/MiniOzoneClusterImpl-51fe08ff-1c36-40ef-8442-fe9f7994e715/datanode-2/data/ratis] (custom)
2019-08-29 16:59:06,843 [main] INFO  hdfs.DFSUtil (DFSUtil.java:httpServerTemplateForNNAndJN(1641)) - Starting Web-server for hddsDatanode at: http://0.0.0.0:0
2019-08-29 16:59:06,845 [main] INFO  server.AuthenticationFilter (AuthenticationFilter.java:constructSecretProvider(240)) - Unable to initialize FileSignerSecretProvider, falling back to use random secrets.
2019-08-29 16:59:06,845 [main] WARN  http.HttpRequestLog (HttpRequestLog.java:getRequestLog(97)) - Jetty request log can only be enabled using Log4j
2019-08-29 16:59:06,847 [main] INFO  http.HttpServer2 (HttpServer2.java:addGlobalFilter(975)) - Added global filter 'safety' (class=org.apache.hadoop.http.HttpServer2$QuotingInputFilter)
2019-08-29 16:59:06,848 [main] INFO  http.HttpServer2 (HttpServer2.java:addFilter(948)) - Added filter static_user_filter (class=org.apache.hadoop.http.lib.StaticUserWebFilter$StaticUserFilter) to context hddsDatanode
2019-08-29 16:59:06,848 [main] INFO  http.HttpServer2 (HttpServer2.java:addFilter(958)) - Added filter static_user_filter (class=org.apache.hadoop.http.lib.StaticUserWebFilter$StaticUserFilter) to context logs
2019-08-29 16:59:06,848 [main] INFO  http.HttpServer2 (HttpServer2.java:addFilter(958)) - Added filter static_user_filter (class=org.apache.hadoop.http.lib.StaticUserWebFilter$StaticUserFilter) to context static
2019-08-29 16:59:06,849 [main] INFO  http.HttpServer2 (HttpServer2.java:bindListener(1191)) - Jetty bound to port 38446
2019-08-29 16:59:06,849 [main] INFO  server.Server (Server.java:doStart(351)) - jetty-9.3.24.v20180605, build timestamp: 2018-06-05T17:11:56Z, git hash: 84205aa28f11a4f31f2a3b86d1bba2cc8ab69827
2019-08-29 16:59:06,851 [main] INFO  handler.ContextHandler (ContextHandler.java:doStart(781)) - Started o.e.j.s.ServletContextHandler@377dfb8d{/logs,file:///workdir/hadoop-ozone/integration-test/target/log,AVAILABLE}
2019-08-29 16:59:06,852 [main] INFO  handler.ContextHandler (ContextHandler.java:doStart(781)) - Started o.e.j.s.ServletContextHandler@477523ba{/static,jar:file:/home/user/.m2/repository/org/apache/hadoop/hadoop-hdds-container-service/0.5.0-SNAPSHOT/hadoop-hdds-container-service-0.5.0-SNAPSHOT.jar!/webapps/static,AVAILABLE}
2019-08-29 16:59:06,890 [main] INFO  handler.ContextHandler (ContextHandler.java:doStart(781)) - Started o.e.j.w.WebAppContext@55a0f011{/,file:///tmp/jetty-0.0.0.0-38446-hddsDatanode-_-any-7413568609573585309.dir/webapp/,AVAILABLE}{/hddsDatanode}
2019-08-29 16:59:06,890 [main] INFO  server.AbstractConnector (AbstractConnector.java:doStart(278)) - Started ServerConnector@7ea42c82{HTTP/1.1,[http/1.1]}{0.0.0.0:38446}
2019-08-29 16:59:06,892 [main] INFO  server.Server (Server.java:doStart(419)) - Started @594888ms
2019-08-29 16:59:06,893 [main] INFO  server.BaseHttpServer (BaseHttpServer.java:updateConnectorAddress(213)) - HTTP server of HDDSDATANODE is listening at http://0.0.0.0:38446
2019-08-29 16:59:06,893 [main] INFO  impl.MetricsSystemImpl (MetricsSystemImpl.java:init(158)) - HddsDatanode metrics system started (again)
2019-08-29 16:59:06,896 [org.apache.hadoop.util.JvmPauseMonitor$Monitor@20fd76d9] INFO  util.JvmPauseMonitor (JvmPauseMonitor.java:run(188)) - Starting JVM pause monitor
2019-08-29 16:59:06,897 [main] INFO  ozone.HddsDatanodeService (HddsDatanodeService.java:start(184)) - HddsDatanodeService host:pr-hdds-1413-r8zfz-2367378370 ip:192.168.69.102
2019-08-29 16:59:06,898 [Datanode State Machine Thread - 0] INFO  datanode.InitDatanodeState (InitDatanodeState.java:persistContainerDatanodeDetails(140)) - DatanodeDetails is persisted to /workdir/hadoop-ozone/integration-test/target/test-dir/MiniOzoneClusterImpl-51fe08ff-1c36-40ef-8442-fe9f7994e715/datanode-2/meta/datanode.id
2019-08-29 16:59:06,904 [main] INFO  volume.HddsVolume (HddsVolume.java:<init>(176)) - Creating Volume: /workdir/hadoop-ozone/integration-test/target/test-dir/MiniOzoneClusterImpl-51fe08ff-1c36-40ef-8442-fe9f7994e715/datanode-3/data/containers/hdds of  storage type : DISK and capacity : 1482555576320
2019-08-29 16:59:06,904 [main] INFO  volume.VolumeSet (VolumeSet.java:initializeVolumeSet(170)) - Added Volume : /workdir/hadoop-ozone/integration-test/target/test-dir/MiniOzoneClusterImpl-51fe08ff-1c36-40ef-8442-fe9f7994e715/datanode-3/data/containers/hdds to VolumeSet
2019-08-29 16:59:06,904 [main] INFO  volume.ThrottledAsyncChecker (ThrottledAsyncChecker.java:schedule(140)) - Scheduling a check for org.apache.hadoop.ozone.container.common.volume.HddsVolume@147cc940
2019-08-29 16:59:06,905 [main] INFO  volume.HddsVolumeChecker (HddsVolumeChecker.java:checkAllVolumes(203)) - Scheduled health check for volume org.apache.hadoop.ozone.container.common.volume.HddsVolume@147cc940
2019-08-29 16:59:06,917 [main] INFO  impl.RaftServerProxy (ConfUtils.java:logGet(43)) - raft.rpc.type = GRPC (default)
2019-08-29 16:59:06,918 [main] INFO  grpc.GrpcFactory (GrpcFactory.java:checkPooledByteBufAllocatorUseCacheForAllThreads(45)) - PERFORMANCE WARNING: useCacheForAllThreads is true that may cause Netty to create a lot garbage objects and, as a result, trigger GC.
	It is recommended to disable useCacheForAllThreads by setting -Dorg.apache.ratis.thirdparty.io.netty.allocator.useCacheForAllThreads=false in command line.
2019-08-29 16:59:06,918 [main] INFO  grpc.GrpcConfigKeys$Server (ConfUtils.java:logGet(43)) - raft.grpc.server.port = 0 (default)
2019-08-29 16:59:06,918 [main] INFO  server.GrpcService (ConfUtils.java:logGet(43)) - raft.grpc.message.size.max = 33570816 (custom)
2019-08-29 16:59:06,918 [main] INFO  server.RaftServerConfigKeys (ConfUtils.java:logGet(43)) - raft.server.log.appender.buffer.byte-limit = 33554432 (custom)
2019-08-29 16:59:06,918 [main] INFO  server.GrpcService (ConfUtils.java:logGet(43)) - raft.grpc.flow.control.window = 1MB (=1048576) (default)
2019-08-29 16:59:06,919 [main] INFO  server.RaftServerConfigKeys (ConfUtils.java:logGet(43)) - raft.server.rpc.request.timeout = 3000ms (default)
2019-08-29 16:59:06,919 [main] INFO  server.RaftServerConfigKeys (ConfUtils.java:logGet(43)) - raft.server.storage.dir = [/workdir/hadoop-ozone/integration-test/target/test-dir/MiniOzoneClusterImpl-51fe08ff-1c36-40ef-8442-fe9f7994e715/datanode-3/data/ratis] (custom)
2019-08-29 16:59:06,920 [main] INFO  hdfs.DFSUtil (DFSUtil.java:httpServerTemplateForNNAndJN(1641)) - Starting Web-server for hddsDatanode at: http://0.0.0.0:0
2019-08-29 16:59:06,922 [main] INFO  server.AuthenticationFilter (AuthenticationFilter.java:constructSecretProvider(240)) - Unable to initialize FileSignerSecretProvider, falling back to use random secrets.
2019-08-29 16:59:06,922 [main] WARN  http.HttpRequestLog (HttpRequestLog.java:getRequestLog(97)) - Jetty request log can only be enabled using Log4j
2019-08-29 16:59:06,923 [main] INFO  http.HttpServer2 (HttpServer2.java:addGlobalFilter(975)) - Added global filter 'safety' (class=org.apache.hadoop.http.HttpServer2$QuotingInputFilter)
2019-08-29 16:59:06,924 [main] INFO  http.HttpServer2 (HttpServer2.java:addFilter(948)) - Added filter static_user_filter (class=org.apache.hadoop.http.lib.StaticUserWebFilter$StaticUserFilter) to context hddsDatanode
2019-08-29 16:59:06,924 [main] INFO  http.HttpServer2 (HttpServer2.java:addFilter(958)) - Added filter static_user_filter (class=org.apache.hadoop.http.lib.StaticUserWebFilter$StaticUserFilter) to context static
2019-08-29 16:59:06,924 [main] INFO  http.HttpServer2 (HttpServer2.java:addFilter(958)) - Added filter static_user_filter (class=org.apache.hadoop.http.lib.StaticUserWebFilter$StaticUserFilter) to context logs
2019-08-29 16:59:06,924 [main] INFO  http.HttpServer2 (HttpServer2.java:bindListener(1191)) - Jetty bound to port 44654
2019-08-29 16:59:06,925 [main] INFO  server.Server (Server.java:doStart(351)) - jetty-9.3.24.v20180605, build timestamp: 2018-06-05T17:11:56Z, git hash: 84205aa28f11a4f31f2a3b86d1bba2cc8ab69827
2019-08-29 16:59:06,926 [main] INFO  handler.ContextHandler (ContextHandler.java:doStart(781)) - Started o.e.j.s.ServletContextHandler@255d9277{/logs,file:///workdir/hadoop-ozone/integration-test/target/log,AVAILABLE}
2019-08-29 16:59:06,927 [main] INFO  handler.ContextHandler (ContextHandler.java:doStart(781)) - Started o.e.j.s.ServletContextHandler@7e191fda{/static,jar:file:/home/user/.m2/repository/org/apache/hadoop/hadoop-hdds-container-service/0.5.0-SNAPSHOT/hadoop-hdds-container-service-0.5.0-SNAPSHOT.jar!/webapps/static,AVAILABLE}
2019-08-29 16:59:06,954 [main] INFO  handler.ContextHandler (ContextHandler.java:doStart(781)) - Started o.e.j.w.WebAppContext@256589a1{/,file:///tmp/jetty-0.0.0.0-44654-hddsDatanode-_-any-1071238304487771735.dir/webapp/,AVAILABLE}{/hddsDatanode}
2019-08-29 16:59:06,954 [main] INFO  server.AbstractConnector (AbstractConnector.java:doStart(278)) - Started ServerConnector@935493d{HTTP/1.1,[http/1.1]}{0.0.0.0:44654}
2019-08-29 16:59:06,954 [main] INFO  server.Server (Server.java:doStart(419)) - Started @594951ms
2019-08-29 16:59:06,956 [main] INFO  server.BaseHttpServer (BaseHttpServer.java:updateConnectorAddress(213)) - HTTP server of HDDSDATANODE is listening at http://0.0.0.0:44654
2019-08-29 16:59:06,956 [main] INFO  impl.MetricsSystemImpl (MetricsSystemImpl.java:init(158)) - HddsDatanode metrics system started (again)
2019-08-29 16:59:06,959 [main] INFO  ozone.HddsDatanodeService (HddsDatanodeService.java:start(184)) - HddsDatanodeService host:pr-hdds-1413-r8zfz-2367378370 ip:192.168.69.102
2019-08-29 16:59:06,959 [org.apache.hadoop.util.JvmPauseMonitor$Monitor@3019048b] INFO  util.JvmPauseMonitor (JvmPauseMonitor.java:run(188)) - Starting JVM pause monitor
2019-08-29 16:59:06,961 [Datanode State Machine Thread - 0] INFO  datanode.InitDatanodeState (InitDatanodeState.java:persistContainerDatanodeDetails(140)) - DatanodeDetails is persisted to /workdir/hadoop-ozone/integration-test/target/test-dir/MiniOzoneClusterImpl-51fe08ff-1c36-40ef-8442-fe9f7994e715/datanode-3/meta/datanode.id
2019-08-29 16:59:06,965 [main] INFO  volume.HddsVolume (HddsVolume.java:<init>(176)) - Creating Volume: /workdir/hadoop-ozone/integration-test/target/test-dir/MiniOzoneClusterImpl-51fe08ff-1c36-40ef-8442-fe9f7994e715/datanode-4/data/containers/hdds of  storage type : DISK and capacity : 1482555576320
2019-08-29 16:59:06,965 [main] INFO  volume.VolumeSet (VolumeSet.java:initializeVolumeSet(170)) - Added Volume : /workdir/hadoop-ozone/integration-test/target/test-dir/MiniOzoneClusterImpl-51fe08ff-1c36-40ef-8442-fe9f7994e715/datanode-4/data/containers/hdds to VolumeSet
2019-08-29 16:59:06,965 [main] INFO  volume.ThrottledAsyncChecker (ThrottledAsyncChecker.java:schedule(140)) - Scheduling a check for org.apache.hadoop.ozone.container.common.volume.HddsVolume@1edfedf1
2019-08-29 16:59:06,966 [main] INFO  volume.HddsVolumeChecker (HddsVolumeChecker.java:checkAllVolumes(203)) - Scheduled health check for volume org.apache.hadoop.ozone.container.common.volume.HddsVolume@1edfedf1
2019-08-29 16:59:06,978 [main] INFO  impl.RaftServerProxy (ConfUtils.java:logGet(43)) - raft.rpc.type = GRPC (default)
2019-08-29 16:59:06,978 [main] INFO  grpc.GrpcFactory (GrpcFactory.java:checkPooledByteBufAllocatorUseCacheForAllThreads(45)) - PERFORMANCE WARNING: useCacheForAllThreads is true that may cause Netty to create a lot garbage objects and, as a result, trigger GC.
	It is recommended to disable useCacheForAllThreads by setting -Dorg.apache.ratis.thirdparty.io.netty.allocator.useCacheForAllThreads=false in command line.
2019-08-29 16:59:06,979 [main] INFO  grpc.GrpcConfigKeys$Server (ConfUtils.java:logGet(43)) - raft.grpc.server.port = 0 (default)
2019-08-29 16:59:06,979 [main] INFO  server.GrpcService (ConfUtils.java:logGet(43)) - raft.grpc.message.size.max = 33570816 (custom)
2019-08-29 16:59:06,979 [main] INFO  server.RaftServerConfigKeys (ConfUtils.java:logGet(43)) - raft.server.log.appender.buffer.byte-limit = 33554432 (custom)
2019-08-29 16:59:06,980 [main] INFO  server.GrpcService (ConfUtils.java:logGet(43)) - raft.grpc.flow.control.window = 1MB (=1048576) (default)
2019-08-29 16:59:06,980 [main] INFO  server.RaftServerConfigKeys (ConfUtils.java:logGet(43)) - raft.server.rpc.request.timeout = 3000ms (default)
2019-08-29 16:59:06,981 [main] INFO  server.RaftServerConfigKeys (ConfUtils.java:logGet(43)) - raft.server.storage.dir = [/workdir/hadoop-ozone/integration-test/target/test-dir/MiniOzoneClusterImpl-51fe08ff-1c36-40ef-8442-fe9f7994e715/datanode-4/data/ratis] (custom)
2019-08-29 16:59:06,982 [main] INFO  hdfs.DFSUtil (DFSUtil.java:httpServerTemplateForNNAndJN(1641)) - Starting Web-server for hddsDatanode at: http://0.0.0.0:0
2019-08-29 16:59:06,983 [main] INFO  server.AuthenticationFilter (AuthenticationFilter.java:constructSecretProvider(240)) - Unable to initialize FileSignerSecretProvider, falling back to use random secrets.
2019-08-29 16:59:06,983 [main] WARN  http.HttpRequestLog (HttpRequestLog.java:getRequestLog(97)) - Jetty request log can only be enabled using Log4j
2019-08-29 16:59:06,984 [main] INFO  http.HttpServer2 (HttpServer2.java:addGlobalFilter(975)) - Added global filter 'safety' (class=org.apache.hadoop.http.HttpServer2$QuotingInputFilter)
2019-08-29 16:59:06,985 [main] INFO  http.HttpServer2 (HttpServer2.java:addFilter(948)) - Added filter static_user_filter (class=org.apache.hadoop.http.lib.StaticUserWebFilter$StaticUserFilter) to context hddsDatanode
2019-08-29 16:59:06,985 [main] INFO  http.HttpServer2 (HttpServer2.java:addFilter(958)) - Added filter static_user_filter (class=org.apache.hadoop.http.lib.StaticUserWebFilter$StaticUserFilter) to context static
2019-08-29 16:59:06,985 [main] INFO  http.HttpServer2 (HttpServer2.java:addFilter(958)) - Added filter static_user_filter (class=org.apache.hadoop.http.lib.StaticUserWebFilter$StaticUserFilter) to context logs
2019-08-29 16:59:06,986 [main] INFO  http.HttpServer2 (HttpServer2.java:bindListener(1191)) - Jetty bound to port 37021
2019-08-29 16:59:06,986 [main] INFO  server.Server (Server.java:doStart(351)) - jetty-9.3.24.v20180605, build timestamp: 2018-06-05T17:11:56Z, git hash: 84205aa28f11a4f31f2a3b86d1bba2cc8ab69827
2019-08-29 16:59:06,987 [main] INFO  handler.ContextHandler (ContextHandler.java:doStart(781)) - Started o.e.j.s.ServletContextHandler@22a4ca4a{/logs,file:///workdir/hadoop-ozone/integration-test/target/log,AVAILABLE}
2019-08-29 16:59:06,988 [main] INFO  handler.ContextHandler (ContextHandler.java:doStart(781)) - Started o.e.j.s.ServletContextHandler@1e495414{/static,jar:file:/home/user/.m2/repository/org/apache/hadoop/hadoop-hdds-container-service/0.5.0-SNAPSHOT/hadoop-hdds-container-service-0.5.0-SNAPSHOT.jar!/webapps/static,AVAILABLE}
2019-08-29 16:59:07,014 [main] INFO  handler.ContextHandler (ContextHandler.java:doStart(781)) - Started o.e.j.w.WebAppContext@307cf964{/,file:///tmp/jetty-0.0.0.0-37021-hddsDatanode-_-any-4472724279201838822.dir/webapp/,AVAILABLE}{/hddsDatanode}
2019-08-29 16:59:07,015 [main] INFO  server.AbstractConnector (AbstractConnector.java:doStart(278)) - Started ServerConnector@374ccb9{HTTP/1.1,[http/1.1]}{0.0.0.0:37021}
2019-08-29 16:59:07,015 [main] INFO  server.Server (Server.java:doStart(419)) - Started @595012ms
2019-08-29 16:59:07,017 [main] INFO  server.BaseHttpServer (BaseHttpServer.java:updateConnectorAddress(213)) - HTTP server of HDDSDATANODE is listening at http://0.0.0.0:37021
2019-08-29 16:59:07,017 [main] INFO  impl.MetricsSystemImpl (MetricsSystemImpl.java:init(158)) - HddsDatanode metrics system started (again)
2019-08-29 16:59:07,020 [org.apache.hadoop.util.JvmPauseMonitor$Monitor@27e04965] INFO  util.JvmPauseMonitor (JvmPauseMonitor.java:run(188)) - Starting JVM pause monitor
2019-08-29 16:59:07,020 [main] INFO  ozone.HddsDatanodeService (HddsDatanodeService.java:start(184)) - HddsDatanodeService host:pr-hdds-1413-r8zfz-2367378370 ip:192.168.69.102
2019-08-29 16:59:07,021 [Datanode State Machine Thread - 0] INFO  datanode.InitDatanodeState (InitDatanodeState.java:persistContainerDatanodeDetails(140)) - DatanodeDetails is persisted to /workdir/hadoop-ozone/integration-test/target/test-dir/MiniOzoneClusterImpl-51fe08ff-1c36-40ef-8442-fe9f7994e715/datanode-4/meta/datanode.id
2019-08-29 16:59:07,026 [main] INFO  volume.HddsVolume (HddsVolume.java:<init>(176)) - Creating Volume: /workdir/hadoop-ozone/integration-test/target/test-dir/MiniOzoneClusterImpl-51fe08ff-1c36-40ef-8442-fe9f7994e715/datanode-5/data/containers/hdds of  storage type : DISK and capacity : 1482555576320
2019-08-29 16:59:07,026 [main] INFO  volume.VolumeSet (VolumeSet.java:initializeVolumeSet(170)) - Added Volume : /workdir/hadoop-ozone/integration-test/target/test-dir/MiniOzoneClusterImpl-51fe08ff-1c36-40ef-8442-fe9f7994e715/datanode-5/data/containers/hdds to VolumeSet
2019-08-29 16:59:07,026 [main] INFO  volume.ThrottledAsyncChecker (ThrottledAsyncChecker.java:schedule(140)) - Scheduling a check for org.apache.hadoop.ozone.container.common.volume.HddsVolume@39449465
2019-08-29 16:59:07,027 [main] INFO  volume.HddsVolumeChecker (HddsVolumeChecker.java:checkAllVolumes(203)) - Scheduled health check for volume org.apache.hadoop.ozone.container.common.volume.HddsVolume@39449465
2019-08-29 16:59:07,039 [main] INFO  impl.RaftServerProxy (ConfUtils.java:logGet(43)) - raft.rpc.type = GRPC (default)
2019-08-29 16:59:07,039 [main] INFO  grpc.GrpcFactory (GrpcFactory.java:checkPooledByteBufAllocatorUseCacheForAllThreads(45)) - PERFORMANCE WARNING: useCacheForAllThreads is true that may cause Netty to create a lot garbage objects and, as a result, trigger GC.
	It is recommended to disable useCacheForAllThreads by setting -Dorg.apache.ratis.thirdparty.io.netty.allocator.useCacheForAllThreads=false in command line.
2019-08-29 16:59:07,039 [main] INFO  grpc.GrpcConfigKeys$Server (ConfUtils.java:logGet(43)) - raft.grpc.server.port = 0 (default)
2019-08-29 16:59:07,039 [main] INFO  server.GrpcService (ConfUtils.java:logGet(43)) - raft.grpc.message.size.max = 33570816 (custom)
2019-08-29 16:59:07,040 [main] INFO  server.RaftServerConfigKeys (ConfUtils.java:logGet(43)) - raft.server.log.appender.buffer.byte-limit = 33554432 (custom)
2019-08-29 16:59:07,040 [main] INFO  server.GrpcService (ConfUtils.java:logGet(43)) - raft.grpc.flow.control.window = 1MB (=1048576) (default)
2019-08-29 16:59:07,040 [main] INFO  server.RaftServerConfigKeys (ConfUtils.java:logGet(43)) - raft.server.rpc.request.timeout = 3000ms (default)
2019-08-29 16:59:07,040 [main] INFO  server.RaftServerConfigKeys (ConfUtils.java:logGet(43)) - raft.server.storage.dir = [/workdir/hadoop-ozone/integration-test/target/test-dir/MiniOzoneClusterImpl-51fe08ff-1c36-40ef-8442-fe9f7994e715/datanode-5/data/ratis] (custom)
2019-08-29 16:59:07,041 [main] INFO  hdfs.DFSUtil (DFSUtil.java:httpServerTemplateForNNAndJN(1641)) - Starting Web-server for hddsDatanode at: http://0.0.0.0:0
2019-08-29 16:59:07,042 [main] INFO  server.AuthenticationFilter (AuthenticationFilter.java:constructSecretProvider(240)) - Unable to initialize FileSignerSecretProvider, falling back to use random secrets.
2019-08-29 16:59:07,043 [main] WARN  http.HttpRequestLog (HttpRequestLog.java:getRequestLog(97)) - Jetty request log can only be enabled using Log4j
2019-08-29 16:59:07,044 [main] INFO  http.HttpServer2 (HttpServer2.java:addGlobalFilter(975)) - Added global filter 'safety' (class=org.apache.hadoop.http.HttpServer2$QuotingInputFilter)
2019-08-29 16:59:07,044 [main] INFO  http.HttpServer2 (HttpServer2.java:addFilter(948)) - Added filter static_user_filter (class=org.apache.hadoop.http.lib.StaticUserWebFilter$StaticUserFilter) to context hddsDatanode
2019-08-29 16:59:07,044 [main] INFO  http.HttpServer2 (HttpServer2.java:addFilter(958)) - Added filter static_user_filter (class=org.apache.hadoop.http.lib.StaticUserWebFilter$StaticUserFilter) to context static
2019-08-29 16:59:07,045 [main] INFO  http.HttpServer2 (HttpServer2.java:addFilter(958)) - Added filter static_user_filter (class=org.apache.hadoop.http.lib.StaticUserWebFilter$StaticUserFilter) to context logs
2019-08-29 16:59:07,045 [main] INFO  http.HttpServer2 (HttpServer2.java:bindListener(1191)) - Jetty bound to port 45189
2019-08-29 16:59:07,045 [main] INFO  server.Server (Server.java:doStart(351)) - jetty-9.3.24.v20180605, build timestamp: 2018-06-05T17:11:56Z, git hash: 84205aa28f11a4f31f2a3b86d1bba2cc8ab69827
2019-08-29 16:59:07,047 [main] INFO  handler.ContextHandler (ContextHandler.java:doStart(781)) - Started o.e.j.s.ServletContextHandler@4eb9ae4d{/logs,file:///workdir/hadoop-ozone/integration-test/target/log,AVAILABLE}
2019-08-29 16:59:07,047 [main] INFO  handler.ContextHandler (ContextHandler.java:doStart(781)) - Started o.e.j.s.ServletContextHandler@2d237460{/static,jar:file:/home/user/.m2/repository/org/apache/hadoop/hadoop-hdds-container-service/0.5.0-SNAPSHOT/hadoop-hdds-container-service-0.5.0-SNAPSHOT.jar!/webapps/static,AVAILABLE}
2019-08-29 16:59:07,074 [main] INFO  handler.ContextHandler (ContextHandler.java:doStart(781)) - Started o.e.j.w.WebAppContext@2abc55c4{/,file:///tmp/jetty-0.0.0.0-45189-hddsDatanode-_-any-1321139338064850048.dir/webapp/,AVAILABLE}{/hddsDatanode}
2019-08-29 16:59:07,074 [main] INFO  server.AbstractConnector (AbstractConnector.java:doStart(278)) - Started ServerConnector@4e958f08{HTTP/1.1,[http/1.1]}{0.0.0.0:45189}
2019-08-29 16:59:07,074 [main] INFO  server.Server (Server.java:doStart(419)) - Started @595071ms
2019-08-29 16:59:07,076 [main] INFO  server.BaseHttpServer (BaseHttpServer.java:updateConnectorAddress(213)) - HTTP server of HDDSDATANODE is listening at http://0.0.0.0:45189
2019-08-29 16:59:07,076 [main] INFO  impl.MetricsSystemImpl (MetricsSystemImpl.java:init(158)) - HddsDatanode metrics system started (again)
2019-08-29 16:59:07,080 [org.apache.hadoop.util.JvmPauseMonitor$Monitor@47722cd6] INFO  util.JvmPauseMonitor (JvmPauseMonitor.java:run(188)) - Starting JVM pause monitor
2019-08-29 16:59:07,080 [main] INFO  ozone.HddsDatanodeService (HddsDatanodeService.java:start(184)) - HddsDatanodeService host:pr-hdds-1413-r8zfz-2367378370 ip:192.168.69.102
2019-08-29 16:59:07,081 [Datanode State Machine Thread - 0] INFO  datanode.InitDatanodeState (InitDatanodeState.java:persistContainerDatanodeDetails(140)) - DatanodeDetails is persisted to /workdir/hadoop-ozone/integration-test/target/test-dir/MiniOzoneClusterImpl-51fe08ff-1c36-40ef-8442-fe9f7994e715/datanode-5/meta/datanode.id
2019-08-29 16:59:07,087 [main] INFO  volume.HddsVolume (HddsVolume.java:<init>(176)) - Creating Volume: /workdir/hadoop-ozone/integration-test/target/test-dir/MiniOzoneClusterImpl-51fe08ff-1c36-40ef-8442-fe9f7994e715/datanode-6/data/containers/hdds of  storage type : DISK and capacity : 1482555576320
2019-08-29 16:59:07,087 [main] INFO  volume.VolumeSet (VolumeSet.java:initializeVolumeSet(170)) - Added Volume : /workdir/hadoop-ozone/integration-test/target/test-dir/MiniOzoneClusterImpl-51fe08ff-1c36-40ef-8442-fe9f7994e715/datanode-6/data/containers/hdds to VolumeSet
2019-08-29 16:59:07,087 [main] INFO  volume.ThrottledAsyncChecker (ThrottledAsyncChecker.java:schedule(140)) - Scheduling a check for org.apache.hadoop.ozone.container.common.volume.HddsVolume@79cb8ffa
2019-08-29 16:59:07,087 [main] INFO  volume.HddsVolumeChecker (HddsVolumeChecker.java:checkAllVolumes(203)) - Scheduled health check for volume org.apache.hadoop.ozone.container.common.volume.HddsVolume@79cb8ffa
2019-08-29 16:59:07,100 [main] INFO  impl.RaftServerProxy (ConfUtils.java:logGet(43)) - raft.rpc.type = GRPC (default)
2019-08-29 16:59:07,101 [main] INFO  grpc.GrpcFactory (GrpcFactory.java:checkPooledByteBufAllocatorUseCacheForAllThreads(45)) - PERFORMANCE WARNING: useCacheForAllThreads is true that may cause Netty to create a lot garbage objects and, as a result, trigger GC.
	It is recommended to disable useCacheForAllThreads by setting -Dorg.apache.ratis.thirdparty.io.netty.allocator.useCacheForAllThreads=false in command line.
2019-08-29 16:59:07,101 [main] INFO  grpc.GrpcConfigKeys$Server (ConfUtils.java:logGet(43)) - raft.grpc.server.port = 0 (default)
2019-08-29 16:59:07,101 [main] INFO  server.GrpcService (ConfUtils.java:logGet(43)) - raft.grpc.message.size.max = 33570816 (custom)
2019-08-29 16:59:07,101 [main] INFO  server.RaftServerConfigKeys (ConfUtils.java:logGet(43)) - raft.server.log.appender.buffer.byte-limit = 33554432 (custom)
2019-08-29 16:59:07,101 [main] INFO  server.GrpcService (ConfUtils.java:logGet(43)) - raft.grpc.flow.control.window = 1MB (=1048576) (default)
2019-08-29 16:59:07,101 [main] INFO  server.RaftServerConfigKeys (ConfUtils.java:logGet(43)) - raft.server.rpc.request.timeout = 3000ms (default)
2019-08-29 16:59:07,102 [main] INFO  server.RaftServerConfigKeys (ConfUtils.java:logGet(43)) - raft.server.storage.dir = [/workdir/hadoop-ozone/integration-test/target/test-dir/MiniOzoneClusterImpl-51fe08ff-1c36-40ef-8442-fe9f7994e715/datanode-6/data/ratis] (custom)
2019-08-29 16:59:07,103 [main] INFO  hdfs.DFSUtil (DFSUtil.java:httpServerTemplateForNNAndJN(1641)) - Starting Web-server for hddsDatanode at: http://0.0.0.0:0
2019-08-29 16:59:07,104 [main] INFO  server.AuthenticationFilter (AuthenticationFilter.java:constructSecretProvider(240)) - Unable to initialize FileSignerSecretProvider, falling back to use random secrets.
2019-08-29 16:59:07,104 [main] WARN  http.HttpRequestLog (HttpRequestLog.java:getRequestLog(97)) - Jetty request log can only be enabled using Log4j
2019-08-29 16:59:07,106 [main] INFO  http.HttpServer2 (HttpServer2.java:addGlobalFilter(975)) - Added global filter 'safety' (class=org.apache.hadoop.http.HttpServer2$QuotingInputFilter)
2019-08-29 16:59:07,106 [main] INFO  http.HttpServer2 (HttpServer2.java:addFilter(948)) - Added filter static_user_filter (class=org.apache.hadoop.http.lib.StaticUserWebFilter$StaticUserFilter) to context hddsDatanode
2019-08-29 16:59:07,106 [main] INFO  http.HttpServer2 (HttpServer2.java:addFilter(958)) - Added filter static_user_filter (class=org.apache.hadoop.http.lib.StaticUserWebFilter$StaticUserFilter) to context static
2019-08-29 16:59:07,106 [main] INFO  http.HttpServer2 (HttpServer2.java:addFilter(958)) - Added filter static_user_filter (class=org.apache.hadoop.http.lib.StaticUserWebFilter$StaticUserFilter) to context logs
2019-08-29 16:59:07,107 [main] INFO  http.HttpServer2 (HttpServer2.java:bindListener(1191)) - Jetty bound to port 34310
2019-08-29 16:59:07,107 [main] INFO  server.Server (Server.java:doStart(351)) - jetty-9.3.24.v20180605, build timestamp: 2018-06-05T17:11:56Z, git hash: 84205aa28f11a4f31f2a3b86d1bba2cc8ab69827
2019-08-29 16:59:07,108 [main] INFO  handler.ContextHandler (ContextHandler.java:doStart(781)) - Started o.e.j.s.ServletContextHandler@4245bf68{/logs,file:///workdir/hadoop-ozone/integration-test/target/log,AVAILABLE}
2019-08-29 16:59:07,109 [main] INFO  handler.ContextHandler (ContextHandler.java:doStart(781)) - Started o.e.j.s.ServletContextHandler@6a8a551e{/static,jar:file:/home/user/.m2/repository/org/apache/hadoop/hadoop-hdds-container-service/0.5.0-SNAPSHOT/hadoop-hdds-container-service-0.5.0-SNAPSHOT.jar!/webapps/static,AVAILABLE}
2019-08-29 16:59:07,141 [main] INFO  handler.ContextHandler (ContextHandler.java:doStart(781)) - Started o.e.j.w.WebAppContext@204d9edf{/,file:///tmp/jetty-0.0.0.0-34310-hddsDatanode-_-any-5384073969324957599.dir/webapp/,AVAILABLE}{/hddsDatanode}
2019-08-29 16:59:07,141 [main] INFO  server.AbstractConnector (AbstractConnector.java:doStart(278)) - Started ServerConnector@6b2aafbc{HTTP/1.1,[http/1.1]}{0.0.0.0:34310}
2019-08-29 16:59:07,145 [main] INFO  server.Server (Server.java:doStart(419)) - Started @595142ms
2019-08-29 16:59:07,146 [main] INFO  server.BaseHttpServer (BaseHttpServer.java:updateConnectorAddress(213)) - HTTP server of HDDSDATANODE is listening at http://0.0.0.0:34310
2019-08-29 16:59:07,147 [main] INFO  ozone.MiniOzoneClusterImpl (MiniOzoneClusterImpl.java:lambda$waitForClusterToBeReady$0(140)) - Waiting for cluster to be ready. Got 0 of 7 DN Heartbeats.
2019-08-29 16:59:07,148 [org.apache.hadoop.util.JvmPauseMonitor$Monitor@8f6ada9] INFO  util.JvmPauseMonitor (JvmPauseMonitor.java:run(188)) - Starting JVM pause monitor
2019-08-29 16:59:07,149 [Datanode State Machine Thread - 0] INFO  datanode.InitDatanodeState (InitDatanodeState.java:persistContainerDatanodeDetails(140)) - DatanodeDetails is persisted to /workdir/hadoop-ozone/integration-test/target/test-dir/MiniOzoneClusterImpl-51fe08ff-1c36-40ef-8442-fe9f7994e715/datanode-6/meta/datanode.id
2019-08-29 16:59:08,147 [main] INFO  ozone.MiniOzoneClusterImpl (MiniOzoneClusterImpl.java:lambda$waitForClusterToBeReady$0(140)) - Waiting for cluster to be ready. Got 0 of 7 DN Heartbeats.
2019-08-29 16:59:08,734 | INFO  | SCMAudit | user=jenkins1000 | ip=192.168.69.102 | op=GET_VERSION null | ret=SUCCESS |  
2019-08-29 16:59:08,774 [Datanode State Machine Thread - 0] INFO  ozoneimpl.OzoneContainer (OzoneContainer.java:start(201)) - Attempting to start container services.
2019-08-29 16:59:08,774 [Datanode State Machine Thread - 0] INFO  ozoneimpl.OzoneContainer (OzoneContainer.java:startContainerScrub(175)) - Background container scrubber has been disabled by hdds.containerscrub.enabled
2019-08-29 16:59:08,775 [Datanode State Machine Thread - 0] INFO  ratis.XceiverServerRatis (XceiverServerRatis.java:start(393)) - Starting XceiverServerRatis 7a616e93-d58e-4a6b-a0c4-5ab9b68bb367 at port 0
2019-08-29 16:59:08,783 [Datanode State Machine Thread - 0] INFO  impl.RaftServerProxy (RaftServerProxy.java:lambda$start$3(299)) - 7a616e93-d58e-4a6b-a0c4-5ab9b68bb367: start RPC server
2019-08-29 16:59:08,785 [Datanode State Machine Thread - 0] INFO  server.GrpcService (GrpcService.java:startImpl(149)) - 7a616e93-d58e-4a6b-a0c4-5ab9b68bb367: GrpcService started, listening on 0.0.0.0/0.0.0.0:35007
2019-08-29 16:59:08,785 [Datanode State Machine Thread - 0] INFO  ratis.XceiverServerRatis (XceiverServerRatis.java:start(403)) - XceiverServerRatis 7a616e93-d58e-4a6b-a0c4-5ab9b68bb367 is started using port 35007
2019-08-29 16:59:08,787 [Datanode State Machine Thread - 0] INFO  server.XceiverServerGrpc (XceiverServerGrpc.java:start(163)) - XceiverServerGrpc 7a616e93-d58e-4a6b-a0c4-5ab9b68bb367 is started using port 39705
2019-08-29 16:59:08,813 | INFO  | SCMAudit | user=jenkins1000 | ip=192.168.69.102 | op=GET_VERSION null | ret=SUCCESS |  
2019-08-29 16:59:08,837 [Datanode State Machine Thread - 0] INFO  ozoneimpl.OzoneContainer (OzoneContainer.java:start(201)) - Attempting to start container services.
2019-08-29 16:59:08,837 [Datanode State Machine Thread - 0] INFO  ozoneimpl.OzoneContainer (OzoneContainer.java:startContainerScrub(175)) - Background container scrubber has been disabled by hdds.containerscrub.enabled
2019-08-29 16:59:08,838 [Datanode State Machine Thread - 0] INFO  ratis.XceiverServerRatis (XceiverServerRatis.java:start(393)) - Starting XceiverServerRatis 805302bb-512f-4740-9b33-f965a1421ef6 at port 0
2019-08-29 16:59:08,845 [Datanode State Machine Thread - 0] INFO  impl.RaftServerProxy (RaftServerProxy.java:lambda$start$3(299)) - 805302bb-512f-4740-9b33-f965a1421ef6: start RPC server
2019-08-29 16:59:08,846 [Datanode State Machine Thread - 0] INFO  server.GrpcService (GrpcService.java:startImpl(149)) - 805302bb-512f-4740-9b33-f965a1421ef6: GrpcService started, listening on 0.0.0.0/0.0.0.0:38448
2019-08-29 16:59:08,846 [Datanode State Machine Thread - 0] INFO  ratis.XceiverServerRatis (XceiverServerRatis.java:start(403)) - XceiverServerRatis 805302bb-512f-4740-9b33-f965a1421ef6 is started using port 38448
2019-08-29 16:59:08,847 [Datanode State Machine Thread - 0] INFO  server.XceiverServerGrpc (XceiverServerGrpc.java:start(163)) - XceiverServerGrpc 805302bb-512f-4740-9b33-f965a1421ef6 is started using port 34558
2019-08-29 16:59:08,897 | INFO  | SCMAudit | user=jenkins1000 | ip=192.168.69.102 | op=GET_VERSION null | ret=SUCCESS |  
2019-08-29 16:59:08,918 [Datanode State Machine Thread - 0] INFO  ozoneimpl.OzoneContainer (OzoneContainer.java:start(201)) - Attempting to start container services.
2019-08-29 16:59:08,918 [Datanode State Machine Thread - 0] INFO  ozoneimpl.OzoneContainer (OzoneContainer.java:startContainerScrub(175)) - Background container scrubber has been disabled by hdds.containerscrub.enabled
2019-08-29 16:59:08,918 [Datanode State Machine Thread - 0] INFO  ratis.XceiverServerRatis (XceiverServerRatis.java:start(393)) - Starting XceiverServerRatis f719301a-9279-420f-b7a0-fd7fd360a35b at port 0
2019-08-29 16:59:08,926 [Datanode State Machine Thread - 0] INFO  impl.RaftServerProxy (RaftServerProxy.java:lambda$start$3(299)) - f719301a-9279-420f-b7a0-fd7fd360a35b: start RPC server
2019-08-29 16:59:08,927 [Datanode State Machine Thread - 0] INFO  server.GrpcService (GrpcService.java:startImpl(149)) - f719301a-9279-420f-b7a0-fd7fd360a35b: GrpcService started, listening on 0.0.0.0/0.0.0.0:42295
2019-08-29 16:59:08,927 [Datanode State Machine Thread - 0] INFO  ratis.XceiverServerRatis (XceiverServerRatis.java:start(403)) - XceiverServerRatis f719301a-9279-420f-b7a0-fd7fd360a35b is started using port 42295
2019-08-29 16:59:08,928 [Datanode State Machine Thread - 0] INFO  server.XceiverServerGrpc (XceiverServerGrpc.java:start(163)) - XceiverServerGrpc f719301a-9279-420f-b7a0-fd7fd360a35b is started using port 37394
2019-08-29 16:59:08,960 | INFO  | SCMAudit | user=jenkins1000 | ip=192.168.69.102 | op=GET_VERSION null | ret=SUCCESS |  
2019-08-29 16:59:08,980 [Datanode State Machine Thread - 0] INFO  ozoneimpl.OzoneContainer (OzoneContainer.java:start(201)) - Attempting to start container services.
2019-08-29 16:59:08,980 [Datanode State Machine Thread - 0] INFO  ozoneimpl.OzoneContainer (OzoneContainer.java:startContainerScrub(175)) - Background container scrubber has been disabled by hdds.containerscrub.enabled
2019-08-29 16:59:08,980 [Datanode State Machine Thread - 0] INFO  ratis.XceiverServerRatis (XceiverServerRatis.java:start(393)) - Starting XceiverServerRatis 3580c151-a3bd-4c31-932d-2b2c4791eb11 at port 0
2019-08-29 16:59:08,988 [Datanode State Machine Thread - 0] INFO  impl.RaftServerProxy (RaftServerProxy.java:lambda$start$3(299)) - 3580c151-a3bd-4c31-932d-2b2c4791eb11: start RPC server
2019-08-29 16:59:08,989 [Datanode State Machine Thread - 0] INFO  server.GrpcService (GrpcService.java:startImpl(149)) - 3580c151-a3bd-4c31-932d-2b2c4791eb11: GrpcService started, listening on 0.0.0.0/0.0.0.0:44244
2019-08-29 16:59:08,989 [Datanode State Machine Thread - 0] INFO  ratis.XceiverServerRatis (XceiverServerRatis.java:start(403)) - XceiverServerRatis 3580c151-a3bd-4c31-932d-2b2c4791eb11 is started using port 44244
2019-08-29 16:59:08,990 [Datanode State Machine Thread - 0] INFO  server.XceiverServerGrpc (XceiverServerGrpc.java:start(163)) - XceiverServerGrpc 3580c151-a3bd-4c31-932d-2b2c4791eb11 is started using port 45062
2019-08-29 16:59:09,020 | INFO  | SCMAudit | user=jenkins1000 | ip=192.168.69.102 | op=GET_VERSION null | ret=SUCCESS |  
2019-08-29 16:59:09,034 [Datanode State Machine Thread - 0] INFO  ozoneimpl.OzoneContainer (OzoneContainer.java:start(201)) - Attempting to start container services.
2019-08-29 16:59:09,034 [Datanode State Machine Thread - 0] INFO  ozoneimpl.OzoneContainer (OzoneContainer.java:startContainerScrub(175)) - Background container scrubber has been disabled by hdds.containerscrub.enabled
2019-08-29 16:59:09,034 [Datanode State Machine Thread - 0] INFO  ratis.XceiverServerRatis (XceiverServerRatis.java:start(393)) - Starting XceiverServerRatis 81f31524-daf9-4665-be93-5f6a14015188 at port 0
2019-08-29 16:59:09,041 [Datanode State Machine Thread - 0] INFO  impl.RaftServerProxy (RaftServerProxy.java:lambda$start$3(299)) - 81f31524-daf9-4665-be93-5f6a14015188: start RPC server
2019-08-29 16:59:09,042 [Datanode State Machine Thread - 0] INFO  server.GrpcService (GrpcService.java:startImpl(149)) - 81f31524-daf9-4665-be93-5f6a14015188: GrpcService started, listening on 0.0.0.0/0.0.0.0:43070
2019-08-29 16:59:09,042 [Datanode State Machine Thread - 0] INFO  ratis.XceiverServerRatis (XceiverServerRatis.java:start(403)) - XceiverServerRatis 81f31524-daf9-4665-be93-5f6a14015188 is started using port 43070
2019-08-29 16:59:09,043 [Datanode State Machine Thread - 0] INFO  server.XceiverServerGrpc (XceiverServerGrpc.java:start(163)) - XceiverServerGrpc 81f31524-daf9-4665-be93-5f6a14015188 is started using port 35498
2019-08-29 16:59:09,080 | INFO  | SCMAudit | user=jenkins1000 | ip=192.168.69.102 | op=GET_VERSION null | ret=SUCCESS |  
2019-08-29 16:59:09,104 [Datanode State Machine Thread - 0] INFO  ozoneimpl.OzoneContainer (OzoneContainer.java:start(201)) - Attempting to start container services.
2019-08-29 16:59:09,104 [Datanode State Machine Thread - 0] INFO  ozoneimpl.OzoneContainer (OzoneContainer.java:startContainerScrub(175)) - Background container scrubber has been disabled by hdds.containerscrub.enabled
2019-08-29 16:59:09,105 [Datanode State Machine Thread - 0] INFO  ratis.XceiverServerRatis (XceiverServerRatis.java:start(393)) - Starting XceiverServerRatis 4615f4ce-fb17-47eb-adee-2d773b6217dc at port 0
2019-08-29 16:59:09,112 [Datanode State Machine Thread - 0] INFO  impl.RaftServerProxy (RaftServerProxy.java:lambda$start$3(299)) - 4615f4ce-fb17-47eb-adee-2d773b6217dc: start RPC server
2019-08-29 16:59:09,113 [Datanode State Machine Thread - 0] INFO  server.GrpcService (GrpcService.java:startImpl(149)) - 4615f4ce-fb17-47eb-adee-2d773b6217dc: GrpcService started, listening on 0.0.0.0/0.0.0.0:39855
2019-08-29 16:59:09,113 [Datanode State Machine Thread - 0] INFO  ratis.XceiverServerRatis (XceiverServerRatis.java:start(403)) - XceiverServerRatis 4615f4ce-fb17-47eb-adee-2d773b6217dc is started using port 39855
2019-08-29 16:59:09,114 [Datanode State Machine Thread - 0] INFO  server.XceiverServerGrpc (XceiverServerGrpc.java:start(163)) - XceiverServerGrpc 4615f4ce-fb17-47eb-adee-2d773b6217dc is started using port 35982
2019-08-29 16:59:09,148 [main] INFO  ozone.MiniOzoneClusterImpl (MiniOzoneClusterImpl.java:lambda$waitForClusterToBeReady$0(140)) - Waiting for cluster to be ready. Got 0 of 7 DN Heartbeats.
2019-08-29 16:59:09,149 | INFO  | SCMAudit | user=jenkins1000 | ip=192.168.69.102 | op=GET_VERSION null | ret=SUCCESS |  
2019-08-29 16:59:09,163 [Datanode State Machine Thread - 0] INFO  ozoneimpl.OzoneContainer (OzoneContainer.java:start(201)) - Attempting to start container services.
2019-08-29 16:59:09,163 [Datanode State Machine Thread - 0] INFO  ozoneimpl.OzoneContainer (OzoneContainer.java:startContainerScrub(175)) - Background container scrubber has been disabled by hdds.containerscrub.enabled
2019-08-29 16:59:09,163 [Datanode State Machine Thread - 0] INFO  ratis.XceiverServerRatis (XceiverServerRatis.java:start(393)) - Starting XceiverServerRatis 6a69eb03-c6ce-4a25-af67-2d438bc9db9b at port 0
2019-08-29 16:59:09,170 [Datanode State Machine Thread - 0] INFO  impl.RaftServerProxy (RaftServerProxy.java:lambda$start$3(299)) - 6a69eb03-c6ce-4a25-af67-2d438bc9db9b: start RPC server
2019-08-29 16:59:09,171 [Datanode State Machine Thread - 0] INFO  server.GrpcService (GrpcService.java:startImpl(149)) - 6a69eb03-c6ce-4a25-af67-2d438bc9db9b: GrpcService started, listening on 0.0.0.0/0.0.0.0:37548
2019-08-29 16:59:09,171 [Datanode State Machine Thread - 0] INFO  ratis.XceiverServerRatis (XceiverServerRatis.java:start(403)) - XceiverServerRatis 6a69eb03-c6ce-4a25-af67-2d438bc9db9b is started using port 37548
2019-08-29 16:59:09,172 [Datanode State Machine Thread - 0] INFO  server.XceiverServerGrpc (XceiverServerGrpc.java:start(163)) - XceiverServerGrpc 6a69eb03-c6ce-4a25-af67-2d438bc9db9b is started using port 35744
2019-08-29 16:59:10,148 [main] INFO  ozone.MiniOzoneClusterImpl (MiniOzoneClusterImpl.java:lambda$waitForClusterToBeReady$0(140)) - Waiting for cluster to be ready. Got 0 of 7 DN Heartbeats.
2019-08-29 16:59:10,734 [IPC Server handler 3 on 35442] INFO  net.NetworkTopology (NetworkTopologyImpl.java:add(110)) - Added a new node: /default-rack/7a616e93-d58e-4a6b-a0c4-5ab9b68bb367
2019-08-29 16:59:10,736 [IPC Server handler 3 on 35442] INFO  node.SCMNodeManager (SCMNodeManager.java:register(273)) - Registered Data node : 7a616e93-d58e-4a6b-a0c4-5ab9b68bb367{ip: 192.168.69.102, host: pr-hdds-1413-r8zfz-2367378370, networkLocation: /default-rack, certSerialId: null}
2019-08-29 16:59:10,738 [EventQueue-NodeRegistrationContainerReportForDataNodeSafeModeRule] INFO  safemode.SCMSafeModeManager (DataNodeSafeModeRule.java:process(71)) - SCM in safe mode. 1 DataNodes registered, 1 required.
2019-08-29 16:59:10,738 | INFO  | SCMAudit | user=jenkins1000 | ip=192.168.69.102 | op=REGISTER {datanodeDetails=7a616e93-d58e-4a6b-a0c4-5ab9b68bb367{ip: 192.168.69.102, host: pr-hdds-1413-r8zfz-2367378370, networkLocation: /default-rack, certSerialId: null}} | ret=SUCCESS |  
2019-08-29 16:59:10,740 [EventQueue-NodeRegistrationContainerReportForDataNodeSafeModeRule] INFO  safemode.SCMSafeModeManager (SCMSafeModeManager.java:validateSafeModeExitRules(177)) - ScmSafeModeManager, all rules are successfully validated
2019-08-29 16:59:10,740 [EventQueue-NodeRegistrationContainerReportForDataNodeSafeModeRule] INFO  safemode.SCMSafeModeManager (SCMSafeModeManager.java:exitSafeMode(193)) - SCM exiting safe mode.
2019-08-29 16:59:10,750 [grpc-default-executor-5] INFO  impl.RaftServerProxy (RaftServerProxy.java:addNew(89)) - 7a616e93-d58e-4a6b-a0c4-5ab9b68bb367: addNew group-E638B8E57976:[7a616e93-d58e-4a6b-a0c4-5ab9b68bb367:192.168.69.102:35007] returns group-E638B8E57976:java.util.concurrent.CompletableFuture@1914278a[Not completed]
2019-08-29 16:59:10,751 [pool-409-thread-1] INFO  impl.RaftServerImpl (RaftServerImpl.java:<init>(93)) - 7a616e93-d58e-4a6b-a0c4-5ab9b68bb367: new RaftServerImpl for group-E638B8E57976:[7a616e93-d58e-4a6b-a0c4-5ab9b68bb367:192.168.69.102:35007] with ContainerStateMachine:uninitialized
2019-08-29 16:59:10,752 [pool-409-thread-1] INFO  server.RaftServerConfigKeys (ConfUtils.java:logGet(43)) - raft.server.rpc.timeout.min = 5s (custom)
2019-08-29 16:59:10,752 [pool-409-thread-1] INFO  server.RaftServerConfigKeys (ConfUtils.java:logGet(43)) - raft.server.rpc.timeout.max = 5200ms (custom)
2019-08-29 16:59:10,752 [pool-409-thread-1] INFO  server.RaftServerConfigKeys (ConfUtils.java:logGet(43)) - raft.server.rpcslowness.timeout = 120s (custom)
2019-08-29 16:59:10,752 [pool-409-thread-1] INFO  server.RaftServerConfigKeys (ConfUtils.java:logGet(43)) - raft.server.sleep.deviation.threshold = 300 (default)
2019-08-29 16:59:10,752 [pool-409-thread-1] INFO  server.RaftServerConfigKeys (ConfUtils.java:logGet(43)) - raft.server.log.appender.install.snapshot.enabled = false (custom)
2019-08-29 16:59:10,752 [pool-409-thread-1] INFO  impl.RaftServerImpl (ServerState.java:<init>(105)) - 7a616e93-d58e-4a6b-a0c4-5ab9b68bb367:group-E638B8E57976 ConfigurationManager, init=-1: [7a616e93-d58e-4a6b-a0c4-5ab9b68bb367:192.168.69.102:35007], old=null, confs=<EMPTY_MAP>
2019-08-29 16:59:10,753 [pool-409-thread-1] INFO  server.RaftServerConfigKeys (ConfUtils.java:logGet(43)) - raft.server.storage.dir = [/workdir/hadoop-ozone/integration-test/target/test-dir/MiniOzoneClusterImpl-51fe08ff-1c36-40ef-8442-fe9f7994e715/datanode-0/data/ratis] (custom)
2019-08-29 16:59:10,753 [pool-409-thread-1] INFO  storage.RaftStorageDirectory (RaftStorageDirectory.java:analyzeStorage(246)) - The storage directory /workdir/hadoop-ozone/integration-test/target/test-dir/MiniOzoneClusterImpl-51fe08ff-1c36-40ef-8442-fe9f7994e715/datanode-0/data/ratis/153dab82-11e8-4503-80a7-e638b8e57976 does not exist. Creating ...
2019-08-29 16:59:10,777 [pool-409-thread-1] INFO  storage.RaftStorageDirectory (RaftStorageDirectory.java:tryLock(328)) - Lock on /workdir/hadoop-ozone/integration-test/target/test-dir/MiniOzoneClusterImpl-51fe08ff-1c36-40ef-8442-fe9f7994e715/datanode-0/data/ratis/153dab82-11e8-4503-80a7-e638b8e57976/in_use.lock acquired by nodename 17055@pr-hdds-1413-r8zfz-2367378370
2019-08-29 16:59:10,798 [pool-409-thread-1] INFO  storage.RaftStorage (RaftStorage.java:format(72)) - Storage directory /workdir/hadoop-ozone/integration-test/target/test-dir/MiniOzoneClusterImpl-51fe08ff-1c36-40ef-8442-fe9f7994e715/datanode-0/data/ratis/153dab82-11e8-4503-80a7-e638b8e57976 has been successfully formatted.
2019-08-29 16:59:10,798 [pool-409-thread-1] INFO  ratis.ContainerStateMachine (ContainerStateMachine.java:loadSnapshot(227)) - group-E638B8E57976: The snapshot info is null. Setting the last applied indexto:(t:0, i:~)
2019-08-29 16:59:10,799 [pool-409-thread-1] INFO  server.RaftServerConfigKeys (ConfUtils.java:logGet(43)) - raft.server.leader.election.timeout = 120s (custom)
2019-08-29 16:59:10,799 [pool-409-thread-1] INFO  server.RaftServerConfigKeys (ConfUtils.java:logGet(43)) - raft.server.log.use.memory = false (default)
2019-08-29 16:59:10,799 [pool-409-thread-1] INFO  server.RaftServerConfigKeys (ConfUtils.java:logGet(43)) - raft.server.log.purge.gap = 1000000 (custom)
2019-08-29 16:59:10,799 [pool-409-thread-1] INFO  server.RaftServerConfigKeys (ConfUtils.java:logGet(43)) - raft.server.log.appender.buffer.byte-limit = 33554432 (custom)
2019-08-29 16:59:10,800 [pool-409-thread-1] INFO  server.RaftServerConfigKeys (ConfUtils.java:logGet(43)) - raft.server.log.segment.size.max = 1048576 (custom)
2019-08-29 16:59:10,800 [pool-409-thread-1] INFO  server.RaftServerConfigKeys (ConfUtils.java:logGet(43)) - raft.server.log.segment.cache.num.max = 2 (custom)
2019-08-29 16:59:10,800 [pool-409-thread-1] INFO  segmented.SegmentedRaftLogWorker (SegmentedRaftLogWorker.java:<init>(172)) - new 7a616e93-d58e-4a6b-a0c4-5ab9b68bb367-SegmentedRaftLogWorker:Storage Directory /workdir/hadoop-ozone/integration-test/target/test-dir/MiniOzoneClusterImpl-51fe08ff-1c36-40ef-8442-fe9f7994e715/datanode-0/data/ratis/153dab82-11e8-4503-80a7-e638b8e57976 for RaftStorage:Storage Directory /workdir/hadoop-ozone/integration-test/target/test-dir/MiniOzoneClusterImpl-51fe08ff-1c36-40ef-8442-fe9f7994e715/datanode-0/data/ratis/153dab82-11e8-4503-80a7-e638b8e57976
2019-08-29 16:59:10,800 [pool-409-thread-1] INFO  server.RaftServerConfigKeys (ConfUtils.java:logGet(43)) - raft.server.log.queue.byte-limit = 2147483647 (custom)
2019-08-29 16:59:10,801 [pool-409-thread-1] INFO  server.RaftServerConfigKeys (ConfUtils.java:logGet(43)) - raft.server.log.queue.element-limit = 1024 (custom)
2019-08-29 16:59:10,801 [pool-409-thread-1] INFO  server.RaftServerConfigKeys (ConfUtils.java:logGet(43)) - raft.server.log.segment.size.max = 1048576 (custom)
2019-08-29 16:59:10,801 [pool-409-thread-1] INFO  server.RaftServerConfigKeys (ConfUtils.java:logGet(43)) - raft.server.log.preallocated.size = 16384 (custom)
2019-08-29 16:59:10,801 [pool-409-thread-1] INFO  server.RaftServerConfigKeys (ConfUtils.java:logGet(43)) - raft.server.log.write.buffer.size = 33554432 (custom)
2019-08-29 16:59:10,802 [pool-409-thread-1] INFO  server.RaftServerConfigKeys (ConfUtils.java:logGet(43)) - raft.server.log.force.sync.num = 128 (default)
2019-08-29 16:59:10,802 [pool-409-thread-1] INFO  server.RaftServerConfigKeys (ConfUtils.java:logGet(43)) - raft.server.log.statemachine.data.sync = true (default)
2019-08-29 16:59:10,802 [pool-409-thread-1] INFO  server.RaftServerConfigKeys (ConfUtils.java:logGet(43)) - raft.server.log.statemachine.data.sync.timeout = 10s (default)
2019-08-29 16:59:10,802 [pool-409-thread-1] INFO  server.RaftServerConfigKeys (ConfUtils.java:logGet(43)) - raft.server.log.statemachine.data.sync.timeout.retry = -1 (default)
2019-08-29 16:59:10,803 [pool-409-thread-1] INFO  server.RaftServerConfigKeys (ConfUtils.java:logGet(43)) - raft.server.log.statemachine.data.caching.enabled = true (custom)
2019-08-29 16:59:10,803 [pool-409-thread-1] INFO  segmented.SegmentedRaftLogWorker (SegmentedRaftLogWorker.java:lambda$new$0(132)) - 7a616e93-d58e-4a6b-a0c4-5ab9b68bb367-SegmentedRaftLogWorker:Storage Directory /workdir/hadoop-ozone/integration-test/target/test-dir/MiniOzoneClusterImpl-51fe08ff-1c36-40ef-8442-fe9f7994e715/datanode-0/data/ratis/153dab82-11e8-4503-80a7-e638b8e57976: flushIndex: setUnconditionally 0 -> -1
2019-08-29 16:59:10,804 [pool-409-thread-1] INFO  server.RaftServerConfigKeys (ConfUtils.java:logGet(43)) - raft.server.snapshot.auto.trigger.enabled = true (custom)
2019-08-29 16:59:10,804 [pool-409-thread-1] INFO  server.RaftServerConfigKeys (ConfUtils.java:logGet(43)) - raft.server.snapshot.auto.trigger.threshold = 10000 (custom)
2019-08-29 16:59:10,804 [pool-409-thread-1] INFO  server.RaftServerConfigKeys (ConfUtils.java:logGet(43)) - raft.server.retrycache.expirytime = 600000ms (custom)
2019-08-29 16:59:10,805 [pool-409-thread-1] INFO  impl.RaftServerImpl (RaftServerImpl.java:start(180)) - 7a616e93-d58e-4a6b-a0c4-5ab9b68bb367: start group-E638B8E57976
2019-08-29 16:59:10,805 [pool-409-thread-1] INFO  impl.RaftServerImpl (RaftServerImpl.java:setRole(171)) - 7a616e93-d58e-4a6b-a0c4-5ab9b68bb367:group-E638B8E57976 changes role from null to FOLLOWER at term 0 for startAsFollower
2019-08-29 16:59:10,805 [pool-409-thread-1] INFO  impl.RoleInfo (RoleInfo.java:updateAndGet(143)) - 7a616e93-d58e-4a6b-a0c4-5ab9b68bb367: start FollowerState
2019-08-29 16:59:10,806 [pool-409-thread-1] INFO  util.JmxRegister (JmxRegister.java:tryRegister(44)) - Successfully registered JMX Bean with object name Ratis:service=RaftServer,group=group-E638B8E57976,id=7a616e93-d58e-4a6b-a0c4-5ab9b68bb367
2019-08-29 16:59:10,810 [RatisPipelineUtilsThread] INFO  pipeline.PipelineStateManager (PipelineStateManager.java:addPipeline(56)) - Created pipeline Pipeline[ Id: 153dab82-11e8-4503-80a7-e638b8e57976, Nodes: 7a616e93-d58e-4a6b-a0c4-5ab9b68bb367{ip: 192.168.69.102, host: pr-hdds-1413-r8zfz-2367378370, networkLocation: /default-rack, certSerialId: null}, Type:RATIS, Factor:ONE, State:OPEN]
2019-08-29 16:59:10,814 [IPC Server handler 1 on 35442] INFO  net.NetworkTopology (NetworkTopologyImpl.java:add(110)) - Added a new node: /default-rack/805302bb-512f-4740-9b33-f965a1421ef6
2019-08-29 16:59:10,814 [IPC Server handler 1 on 35442] INFO  node.SCMNodeManager (SCMNodeManager.java:register(273)) - Registered Data node : 805302bb-512f-4740-9b33-f965a1421ef6{ip: 192.168.69.102, host: pr-hdds-1413-r8zfz-2367378370, networkLocation: /default-rack, certSerialId: null}
2019-08-29 16:59:10,814 | INFO  | SCMAudit | user=jenkins1000 | ip=192.168.69.102 | op=REGISTER {datanodeDetails=805302bb-512f-4740-9b33-f965a1421ef6{ip: 192.168.69.102, host: pr-hdds-1413-r8zfz-2367378370, networkLocation: /default-rack, certSerialId: null}} | ret=SUCCESS |  
2019-08-29 16:59:10,821 [grpc-default-executor-5] INFO  impl.RaftServerProxy (RaftServerProxy.java:addNew(89)) - 805302bb-512f-4740-9b33-f965a1421ef6: addNew group-524EBAFDA1AC:[805302bb-512f-4740-9b33-f965a1421ef6:192.168.69.102:38448] returns group-524EBAFDA1AC:java.util.concurrent.CompletableFuture@665d0a25[Not completed]
2019-08-29 16:59:10,822 [pool-419-thread-1] INFO  impl.RaftServerImpl (RaftServerImpl.java:<init>(93)) - 805302bb-512f-4740-9b33-f965a1421ef6: new RaftServerImpl for group-524EBAFDA1AC:[805302bb-512f-4740-9b33-f965a1421ef6:192.168.69.102:38448] with ContainerStateMachine:uninitialized
2019-08-29 16:59:10,822 [pool-419-thread-1] INFO  server.RaftServerConfigKeys (ConfUtils.java:logGet(43)) - raft.server.rpc.timeout.min = 5s (custom)
2019-08-29 16:59:10,823 [pool-419-thread-1] INFO  server.RaftServerConfigKeys (ConfUtils.java:logGet(43)) - raft.server.rpc.timeout.max = 5200ms (custom)
2019-08-29 16:59:10,823 [pool-419-thread-1] INFO  server.RaftServerConfigKeys (ConfUtils.java:logGet(43)) - raft.server.rpcslowness.timeout = 120s (custom)
2019-08-29 16:59:10,823 [pool-419-thread-1] INFO  server.RaftServerConfigKeys (ConfUtils.java:logGet(43)) - raft.server.sleep.deviation.threshold = 300 (default)
2019-08-29 16:59:10,823 [pool-419-thread-1] INFO  server.RaftServerConfigKeys (ConfUtils.java:logGet(43)) - raft.server.log.appender.install.snapshot.enabled = false (custom)
2019-08-29 16:59:10,823 [pool-419-thread-1] INFO  impl.RaftServerImpl (ServerState.java:<init>(105)) - 805302bb-512f-4740-9b33-f965a1421ef6:group-524EBAFDA1AC ConfigurationManager, init=-1: [805302bb-512f-4740-9b33-f965a1421ef6:192.168.69.102:38448], old=null, confs=<EMPTY_MAP>
2019-08-29 16:59:10,823 [pool-419-thread-1] INFO  server.RaftServerConfigKeys (ConfUtils.java:logGet(43)) - raft.server.storage.dir = [/workdir/hadoop-ozone/integration-test/target/test-dir/MiniOzoneClusterImpl-51fe08ff-1c36-40ef-8442-fe9f7994e715/datanode-1/data/ratis] (custom)
2019-08-29 16:59:10,824 [pool-419-thread-1] INFO  storage.RaftStorageDirectory (RaftStorageDirectory.java:analyzeStorage(246)) - The storage directory /workdir/hadoop-ozone/integration-test/target/test-dir/MiniOzoneClusterImpl-51fe08ff-1c36-40ef-8442-fe9f7994e715/datanode-1/data/ratis/a3f8f0ab-7a84-49bc-9647-524ebafda1ac does not exist. Creating ...
2019-08-29 16:59:10,848 [pool-419-thread-1] INFO  storage.RaftStorageDirectory (RaftStorageDirectory.java:tryLock(328)) - Lock on /workdir/hadoop-ozone/integration-test/target/test-dir/MiniOzoneClusterImpl-51fe08ff-1c36-40ef-8442-fe9f7994e715/datanode-1/data/ratis/a3f8f0ab-7a84-49bc-9647-524ebafda1ac/in_use.lock acquired by nodename 17055@pr-hdds-1413-r8zfz-2367378370
2019-08-29 16:59:10,871 [pool-419-thread-1] INFO  storage.RaftStorage (RaftStorage.java:format(72)) - Storage directory /workdir/hadoop-ozone/integration-test/target/test-dir/MiniOzoneClusterImpl-51fe08ff-1c36-40ef-8442-fe9f7994e715/datanode-1/data/ratis/a3f8f0ab-7a84-49bc-9647-524ebafda1ac has been successfully formatted.
2019-08-29 16:59:10,872 [pool-419-thread-1] INFO  ratis.ContainerStateMachine (ContainerStateMachine.java:loadSnapshot(227)) - group-524EBAFDA1AC: The snapshot info is null. Setting the last applied indexto:(t:0, i:~)
2019-08-29 16:59:10,872 [pool-419-thread-1] INFO  server.RaftServerConfigKeys (ConfUtils.java:logGet(43)) - raft.server.leader.election.timeout = 120s (custom)
2019-08-29 16:59:10,872 [pool-419-thread-1] INFO  server.RaftServerConfigKeys (ConfUtils.java:logGet(43)) - raft.server.log.use.memory = false (default)
2019-08-29 16:59:10,872 [pool-419-thread-1] INFO  server.RaftServerConfigKeys (ConfUtils.java:logGet(43)) - raft.server.log.purge.gap = 1000000 (custom)
2019-08-29 16:59:10,872 [pool-419-thread-1] INFO  server.RaftServerConfigKeys (ConfUtils.java:logGet(43)) - raft.server.log.appender.buffer.byte-limit = 33554432 (custom)
2019-08-29 16:59:10,872 [pool-419-thread-1] INFO  server.RaftServerConfigKeys (ConfUtils.java:logGet(43)) - raft.server.log.segment.size.max = 1048576 (custom)
2019-08-29 16:59:10,873 [pool-419-thread-1] INFO  server.RaftServerConfigKeys (ConfUtils.java:logGet(43)) - raft.server.log.segment.cache.num.max = 2 (custom)
2019-08-29 16:59:10,873 [pool-419-thread-1] INFO  segmented.SegmentedRaftLogWorker (SegmentedRaftLogWorker.java:<init>(172)) - new 805302bb-512f-4740-9b33-f965a1421ef6-SegmentedRaftLogWorker:Storage Directory /workdir/hadoop-ozone/integration-test/target/test-dir/MiniOzoneClusterImpl-51fe08ff-1c36-40ef-8442-fe9f7994e715/datanode-1/data/ratis/a3f8f0ab-7a84-49bc-9647-524ebafda1ac for RaftStorage:Storage Directory /workdir/hadoop-ozone/integration-test/target/test-dir/MiniOzoneClusterImpl-51fe08ff-1c36-40ef-8442-fe9f7994e715/datanode-1/data/ratis/a3f8f0ab-7a84-49bc-9647-524ebafda1ac
2019-08-29 16:59:10,873 [pool-419-thread-1] INFO  server.RaftServerConfigKeys (ConfUtils.java:logGet(43)) - raft.server.log.queue.byte-limit = 2147483647 (custom)
2019-08-29 16:59:10,873 [pool-419-thread-1] INFO  server.RaftServerConfigKeys (ConfUtils.java:logGet(43)) - raft.server.log.queue.element-limit = 1024 (custom)
2019-08-29 16:59:10,873 [pool-419-thread-1] INFO  server.RaftServerConfigKeys (ConfUtils.java:logGet(43)) - raft.server.log.segment.size.max = 1048576 (custom)
2019-08-29 16:59:10,874 [pool-419-thread-1] INFO  server.RaftServerConfigKeys (ConfUtils.java:logGet(43)) - raft.server.log.preallocated.size = 16384 (custom)
2019-08-29 16:59:10,874 [pool-419-thread-1] INFO  server.RaftServerConfigKeys (ConfUtils.java:logGet(43)) - raft.server.log.write.buffer.size = 33554432 (custom)
2019-08-29 16:59:10,874 [pool-419-thread-1] INFO  server.RaftServerConfigKeys (ConfUtils.java:logGet(43)) - raft.server.log.force.sync.num = 128 (default)
2019-08-29 16:59:10,874 [pool-419-thread-1] INFO  server.RaftServerConfigKeys (ConfUtils.java:logGet(43)) - raft.server.log.statemachine.data.sync = true (default)
2019-08-29 16:59:10,874 [pool-419-thread-1] INFO  server.RaftServerConfigKeys (ConfUtils.java:logGet(43)) - raft.server.log.statemachine.data.sync.timeout = 10s (default)
2019-08-29 16:59:10,874 [pool-419-thread-1] INFO  server.RaftServerConfigKeys (ConfUtils.java:logGet(43)) - raft.server.log.statemachine.data.sync.timeout.retry = -1 (default)
2019-08-29 16:59:10,875 [pool-419-thread-1] INFO  server.RaftServerConfigKeys (ConfUtils.java:logGet(43)) - raft.server.log.statemachine.data.caching.enabled = true (custom)
2019-08-29 16:59:10,876 [pool-419-thread-1] INFO  segmented.SegmentedRaftLogWorker (SegmentedRaftLogWorker.java:lambda$new$0(132)) - 805302bb-512f-4740-9b33-f965a1421ef6-SegmentedRaftLogWorker:Storage Directory /workdir/hadoop-ozone/integration-test/target/test-dir/MiniOzoneClusterImpl-51fe08ff-1c36-40ef-8442-fe9f7994e715/datanode-1/data/ratis/a3f8f0ab-7a84-49bc-9647-524ebafda1ac: flushIndex: setUnconditionally 0 -> -1
2019-08-29 16:59:10,876 [pool-419-thread-1] INFO  server.RaftServerConfigKeys (ConfUtils.java:logGet(43)) - raft.server.snapshot.auto.trigger.enabled = true (custom)
2019-08-29 16:59:10,876 [pool-419-thread-1] INFO  server.RaftServerConfigKeys (ConfUtils.java:logGet(43)) - raft.server.snapshot.auto.trigger.threshold = 10000 (custom)
2019-08-29 16:59:10,877 [pool-419-thread-1] INFO  server.RaftServerConfigKeys (ConfUtils.java:logGet(43)) - raft.server.retrycache.expirytime = 600000ms (custom)
2019-08-29 16:59:10,877 [pool-419-thread-1] INFO  impl.RaftServerImpl (RaftServerImpl.java:start(180)) - 805302bb-512f-4740-9b33-f965a1421ef6: start group-524EBAFDA1AC
2019-08-29 16:59:10,877 [pool-419-thread-1] INFO  impl.RaftServerImpl (RaftServerImpl.java:setRole(171)) - 805302bb-512f-4740-9b33-f965a1421ef6:group-524EBAFDA1AC changes role from null to FOLLOWER at term 0 for startAsFollower
2019-08-29 16:59:10,877 [pool-419-thread-1] INFO  impl.RoleInfo (RoleInfo.java:updateAndGet(143)) - 805302bb-512f-4740-9b33-f965a1421ef6: start FollowerState
2019-08-29 16:59:10,878 [pool-419-thread-1] INFO  util.JmxRegister (JmxRegister.java:tryRegister(44)) - Successfully registered JMX Bean with object name Ratis:service=RaftServer,group=group-524EBAFDA1AC,id=805302bb-512f-4740-9b33-f965a1421ef6
2019-08-29 16:59:10,880 [RatisPipelineUtilsThread] INFO  pipeline.PipelineStateManager (PipelineStateManager.java:addPipeline(56)) - Created pipeline Pipeline[ Id: a3f8f0ab-7a84-49bc-9647-524ebafda1ac, Nodes: 805302bb-512f-4740-9b33-f965a1421ef6{ip: 192.168.69.102, host: pr-hdds-1413-r8zfz-2367378370, networkLocation: /default-rack, certSerialId: null}, Type:RATIS, Factor:ONE, State:OPEN]
2019-08-29 16:59:10,898 [IPC Server handler 2 on 35442] INFO  net.NetworkTopology (NetworkTopologyImpl.java:add(110)) - Added a new node: /default-rack/f719301a-9279-420f-b7a0-fd7fd360a35b
2019-08-29 16:59:10,898 [IPC Server handler 2 on 35442] INFO  node.SCMNodeManager (SCMNodeManager.java:register(273)) - Registered Data node : f719301a-9279-420f-b7a0-fd7fd360a35b{ip: 192.168.69.102, host: pr-hdds-1413-r8zfz-2367378370, networkLocation: /default-rack, certSerialId: null}
2019-08-29 16:59:10,898 | INFO  | SCMAudit | user=jenkins1000 | ip=192.168.69.102 | op=REGISTER {datanodeDetails=f719301a-9279-420f-b7a0-fd7fd360a35b{ip: 192.168.69.102, host: pr-hdds-1413-r8zfz-2367378370, networkLocation: /default-rack, certSerialId: null}} | ret=SUCCESS |  
2019-08-29 16:59:10,904 [grpc-default-executor-5] INFO  impl.RaftServerProxy (RaftServerProxy.java:addNew(89)) - f719301a-9279-420f-b7a0-fd7fd360a35b: addNew group-5DFD7AC10007:[f719301a-9279-420f-b7a0-fd7fd360a35b:192.168.69.102:42295] returns group-5DFD7AC10007:java.util.concurrent.CompletableFuture@4012b42[Not completed]
2019-08-29 16:59:10,905 [pool-429-thread-1] INFO  impl.RaftServerImpl (RaftServerImpl.java:<init>(93)) - f719301a-9279-420f-b7a0-fd7fd360a35b: new RaftServerImpl for group-5DFD7AC10007:[f719301a-9279-420f-b7a0-fd7fd360a35b:192.168.69.102:42295] with ContainerStateMachine:uninitialized
2019-08-29 16:59:10,905 [pool-429-thread-1] INFO  server.RaftServerConfigKeys (ConfUtils.java:logGet(43)) - raft.server.rpc.timeout.min = 5s (custom)
2019-08-29 16:59:10,905 [pool-429-thread-1] INFO  server.RaftServerConfigKeys (ConfUtils.java:logGet(43)) - raft.server.rpc.timeout.max = 5200ms (custom)
2019-08-29 16:59:10,905 [pool-429-thread-1] INFO  server.RaftServerConfigKeys (ConfUtils.java:logGet(43)) - raft.server.rpcslowness.timeout = 120s (custom)
2019-08-29 16:59:10,905 [pool-429-thread-1] INFO  server.RaftServerConfigKeys (ConfUtils.java:logGet(43)) - raft.server.sleep.deviation.threshold = 300 (default)
2019-08-29 16:59:10,905 [pool-429-thread-1] INFO  server.RaftServerConfigKeys (ConfUtils.java:logGet(43)) - raft.server.log.appender.install.snapshot.enabled = false (custom)
2019-08-29 16:59:10,906 [pool-429-thread-1] INFO  impl.RaftServerImpl (ServerState.java:<init>(105)) - f719301a-9279-420f-b7a0-fd7fd360a35b:group-5DFD7AC10007 ConfigurationManager, init=-1: [f719301a-9279-420f-b7a0-fd7fd360a35b:192.168.69.102:42295], old=null, confs=<EMPTY_MAP>
2019-08-29 16:59:10,906 [pool-429-thread-1] INFO  server.RaftServerConfigKeys (ConfUtils.java:logGet(43)) - raft.server.storage.dir = [/workdir/hadoop-ozone/integration-test/target/test-dir/MiniOzoneClusterImpl-51fe08ff-1c36-40ef-8442-fe9f7994e715/datanode-2/data/ratis] (custom)
2019-08-29 16:59:10,906 [pool-429-thread-1] INFO  storage.RaftStorageDirectory (RaftStorageDirectory.java:analyzeStorage(246)) - The storage directory /workdir/hadoop-ozone/integration-test/target/test-dir/MiniOzoneClusterImpl-51fe08ff-1c36-40ef-8442-fe9f7994e715/datanode-2/data/ratis/ffbecec1-a0b1-4b27-8e79-5dfd7ac10007 does not exist. Creating ...
2019-08-29 16:59:10,940 [pool-429-thread-1] INFO  storage.RaftStorageDirectory (RaftStorageDirectory.java:tryLock(328)) - Lock on /workdir/hadoop-ozone/integration-test/target/test-dir/MiniOzoneClusterImpl-51fe08ff-1c36-40ef-8442-fe9f7994e715/datanode-2/data/ratis/ffbecec1-a0b1-4b27-8e79-5dfd7ac10007/in_use.lock acquired by nodename 17055@pr-hdds-1413-r8zfz-2367378370
2019-08-29 16:59:10,961 [IPC Server handler 6 on 35442] INFO  net.NetworkTopology (NetworkTopologyImpl.java:add(110)) - Added a new node: /default-rack/3580c151-a3bd-4c31-932d-2b2c4791eb11
2019-08-29 16:59:10,961 [IPC Server handler 6 on 35442] INFO  node.SCMNodeManager (SCMNodeManager.java:register(273)) - Registered Data node : 3580c151-a3bd-4c31-932d-2b2c4791eb11{ip: 192.168.69.102, host: pr-hdds-1413-r8zfz-2367378370, networkLocation: /default-rack, certSerialId: null}
2019-08-29 16:59:10,961 | INFO  | SCMAudit | user=jenkins1000 | ip=192.168.69.102 | op=REGISTER {datanodeDetails=3580c151-a3bd-4c31-932d-2b2c4791eb11{ip: 192.168.69.102, host: pr-hdds-1413-r8zfz-2367378370, networkLocation: /default-rack, certSerialId: null}} | ret=SUCCESS |  
2019-08-29 16:59:10,965 [pool-429-thread-1] INFO  storage.RaftStorage (RaftStorage.java:format(72)) - Storage directory /workdir/hadoop-ozone/integration-test/target/test-dir/MiniOzoneClusterImpl-51fe08ff-1c36-40ef-8442-fe9f7994e715/datanode-2/data/ratis/ffbecec1-a0b1-4b27-8e79-5dfd7ac10007 has been successfully formatted.
2019-08-29 16:59:10,966 [pool-429-thread-1] INFO  ratis.ContainerStateMachine (ContainerStateMachine.java:loadSnapshot(227)) - group-5DFD7AC10007: The snapshot info is null. Setting the last applied indexto:(t:0, i:~)
2019-08-29 16:59:10,966 [pool-429-thread-1] INFO  server.RaftServerConfigKeys (ConfUtils.java:logGet(43)) - raft.server.leader.election.timeout = 120s (custom)
2019-08-29 16:59:10,966 [pool-429-thread-1] INFO  server.RaftServerConfigKeys (ConfUtils.java:logGet(43)) - raft.server.log.use.memory = false (default)
2019-08-29 16:59:10,966 [pool-429-thread-1] INFO  server.RaftServerConfigKeys (ConfUtils.java:logGet(43)) - raft.server.log.purge.gap = 1000000 (custom)
2019-08-29 16:59:10,966 [pool-429-thread-1] INFO  server.RaftServerConfigKeys (ConfUtils.java:logGet(43)) - raft.server.log.appender.buffer.byte-limit = 33554432 (custom)
2019-08-29 16:59:10,967 [pool-429-thread-1] INFO  server.RaftServerConfigKeys (ConfUtils.java:logGet(43)) - raft.server.log.segment.size.max = 1048576 (custom)
2019-08-29 16:59:10,967 [pool-429-thread-1] INFO  server.RaftServerConfigKeys (ConfUtils.java:logGet(43)) - raft.server.log.segment.cache.num.max = 2 (custom)
2019-08-29 16:59:10,967 [pool-429-thread-1] INFO  segmented.SegmentedRaftLogWorker (SegmentedRaftLogWorker.java:<init>(172)) - new f719301a-9279-420f-b7a0-fd7fd360a35b-SegmentedRaftLogWorker:Storage Directory /workdir/hadoop-ozone/integration-test/target/test-dir/MiniOzoneClusterImpl-51fe08ff-1c36-40ef-8442-fe9f7994e715/datanode-2/data/ratis/ffbecec1-a0b1-4b27-8e79-5dfd7ac10007 for RaftStorage:Storage Directory /workdir/hadoop-ozone/integration-test/target/test-dir/MiniOzoneClusterImpl-51fe08ff-1c36-40ef-8442-fe9f7994e715/datanode-2/data/ratis/ffbecec1-a0b1-4b27-8e79-5dfd7ac10007
2019-08-29 16:59:10,967 [pool-429-thread-1] INFO  server.RaftServerConfigKeys (ConfUtils.java:logGet(43)) - raft.server.log.queue.byte-limit = 2147483647 (custom)
2019-08-29 16:59:10,967 [pool-429-thread-1] INFO  server.RaftServerConfigKeys (ConfUtils.java:logGet(43)) - raft.server.log.queue.element-limit = 1024 (custom)
2019-08-29 16:59:10,967 [pool-429-thread-1] INFO  server.RaftServerConfigKeys (ConfUtils.java:logGet(43)) - raft.server.log.segment.size.max = 1048576 (custom)
2019-08-29 16:59:10,968 [pool-429-thread-1] INFO  server.RaftServerConfigKeys (ConfUtils.java:logGet(43)) - raft.server.log.preallocated.size = 16384 (custom)
2019-08-29 16:59:10,968 [pool-429-thread-1] INFO  server.RaftServerConfigKeys (ConfUtils.java:logGet(43)) - raft.server.log.write.buffer.size = 33554432 (custom)
2019-08-29 16:59:10,968 [pool-429-thread-1] INFO  server.RaftServerConfigKeys (ConfUtils.java:logGet(43)) - raft.server.log.force.sync.num = 128 (default)
2019-08-29 16:59:10,968 [pool-429-thread-1] INFO  server.RaftServerConfigKeys (ConfUtils.java:logGet(43)) - raft.server.log.statemachine.data.sync = true (default)
2019-08-29 16:59:10,968 [pool-429-thread-1] INFO  server.RaftServerConfigKeys (ConfUtils.java:logGet(43)) - raft.server.log.statemachine.data.sync.timeout = 10s (default)
2019-08-29 16:59:10,968 [pool-429-thread-1] INFO  server.RaftServerConfigKeys (ConfUtils.java:logGet(43)) - raft.server.log.statemachine.data.sync.timeout.retry = -1 (default)
2019-08-29 16:59:10,969 [pool-429-thread-1] INFO  server.RaftServerConfigKeys (ConfUtils.java:logGet(43)) - raft.server.log.statemachine.data.caching.enabled = true (custom)
2019-08-29 16:59:10,969 [pool-429-thread-1] INFO  segmented.SegmentedRaftLogWorker (SegmentedRaftLogWorker.java:lambda$new$0(132)) - f719301a-9279-420f-b7a0-fd7fd360a35b-SegmentedRaftLogWorker:Storage Directory /workdir/hadoop-ozone/integration-test/target/test-dir/MiniOzoneClusterImpl-51fe08ff-1c36-40ef-8442-fe9f7994e715/datanode-2/data/ratis/ffbecec1-a0b1-4b27-8e79-5dfd7ac10007: flushIndex: setUnconditionally 0 -> -1
2019-08-29 16:59:10,969 [pool-429-thread-1] INFO  server.RaftServerConfigKeys (ConfUtils.java:logGet(43)) - raft.server.snapshot.auto.trigger.enabled = true (custom)
2019-08-29 16:59:10,970 [pool-429-thread-1] INFO  server.RaftServerConfigKeys (ConfUtils.java:logGet(43)) - raft.server.snapshot.auto.trigger.threshold = 10000 (custom)
2019-08-29 16:59:10,970 [pool-429-thread-1] INFO  server.RaftServerConfigKeys (ConfUtils.java:logGet(43)) - raft.server.retrycache.expirytime = 600000ms (custom)
2019-08-29 16:59:10,970 [pool-429-thread-1] INFO  impl.RaftServerImpl (RaftServerImpl.java:start(180)) - f719301a-9279-420f-b7a0-fd7fd360a35b: start group-5DFD7AC10007
2019-08-29 16:59:10,970 [pool-429-thread-1] INFO  impl.RaftServerImpl (RaftServerImpl.java:setRole(171)) - f719301a-9279-420f-b7a0-fd7fd360a35b:group-5DFD7AC10007 changes role from null to FOLLOWER at term 0 for startAsFollower
2019-08-29 16:59:10,970 [pool-429-thread-1] INFO  impl.RoleInfo (RoleInfo.java:updateAndGet(143)) - f719301a-9279-420f-b7a0-fd7fd360a35b: start FollowerState
2019-08-29 16:59:10,971 [pool-429-thread-1] INFO  util.JmxRegister (JmxRegister.java:tryRegister(44)) - Successfully registered JMX Bean with object name Ratis:service=RaftServer,group=group-5DFD7AC10007,id=f719301a-9279-420f-b7a0-fd7fd360a35b
2019-08-29 16:59:10,974 [RatisPipelineUtilsThread] INFO  pipeline.PipelineStateManager (PipelineStateManager.java:addPipeline(56)) - Created pipeline Pipeline[ Id: ffbecec1-a0b1-4b27-8e79-5dfd7ac10007, Nodes: f719301a-9279-420f-b7a0-fd7fd360a35b{ip: 192.168.69.102, host: pr-hdds-1413-r8zfz-2367378370, networkLocation: /default-rack, certSerialId: null}, Type:RATIS, Factor:ONE, State:OPEN]
2019-08-29 16:59:10,982 [grpc-default-executor-5] INFO  impl.RaftServerProxy (RaftServerProxy.java:addNew(89)) - 3580c151-a3bd-4c31-932d-2b2c4791eb11: addNew group-D462D260C9AB:[3580c151-a3bd-4c31-932d-2b2c4791eb11:192.168.69.102:44244] returns group-D462D260C9AB:java.util.concurrent.CompletableFuture@784c8793[Not completed]
2019-08-29 16:59:10,983 [pool-439-thread-1] INFO  impl.RaftServerImpl (RaftServerImpl.java:<init>(93)) - 3580c151-a3bd-4c31-932d-2b2c4791eb11: new RaftServerImpl for group-D462D260C9AB:[3580c151-a3bd-4c31-932d-2b2c4791eb11:192.168.69.102:44244] with ContainerStateMachine:uninitialized
2019-08-29 16:59:10,983 [pool-439-thread-1] INFO  server.RaftServerConfigKeys (ConfUtils.java:logGet(43)) - raft.server.rpc.timeout.min = 5s (custom)
2019-08-29 16:59:10,984 [pool-439-thread-1] INFO  server.RaftServerConfigKeys (ConfUtils.java:logGet(43)) - raft.server.rpc.timeout.max = 5200ms (custom)
2019-08-29 16:59:10,984 [pool-439-thread-1] INFO  server.RaftServerConfigKeys (ConfUtils.java:logGet(43)) - raft.server.rpcslowness.timeout = 120s (custom)
2019-08-29 16:59:10,984 [pool-439-thread-1] INFO  server.RaftServerConfigKeys (ConfUtils.java:logGet(43)) - raft.server.sleep.deviation.threshold = 300 (default)
2019-08-29 16:59:10,984 [pool-439-thread-1] INFO  server.RaftServerConfigKeys (ConfUtils.java:logGet(43)) - raft.server.log.appender.install.snapshot.enabled = false (custom)
2019-08-29 16:59:10,984 [pool-439-thread-1] INFO  impl.RaftServerImpl (ServerState.java:<init>(105)) - 3580c151-a3bd-4c31-932d-2b2c4791eb11:group-D462D260C9AB ConfigurationManager, init=-1: [3580c151-a3bd-4c31-932d-2b2c4791eb11:192.168.69.102:44244], old=null, confs=<EMPTY_MAP>
2019-08-29 16:59:10,984 [pool-439-thread-1] INFO  server.RaftServerConfigKeys (ConfUtils.java:logGet(43)) - raft.server.storage.dir = [/workdir/hadoop-ozone/integration-test/target/test-dir/MiniOzoneClusterImpl-51fe08ff-1c36-40ef-8442-fe9f7994e715/datanode-3/data/ratis] (custom)
2019-08-29 16:59:10,985 [pool-439-thread-1] INFO  storage.RaftStorageDirectory (RaftStorageDirectory.java:analyzeStorage(246)) - The storage directory /workdir/hadoop-ozone/integration-test/target/test-dir/MiniOzoneClusterImpl-51fe08ff-1c36-40ef-8442-fe9f7994e715/datanode-3/data/ratis/f46f22f0-3af0-4114-8d82-d462d260c9ab does not exist. Creating ...
2019-08-29 16:59:10,999 [pool-439-thread-1] INFO  storage.RaftStorageDirectory (RaftStorageDirectory.java:tryLock(328)) - Lock on /workdir/hadoop-ozone/integration-test/target/test-dir/MiniOzoneClusterImpl-51fe08ff-1c36-40ef-8442-fe9f7994e715/datanode-3/data/ratis/f46f22f0-3af0-4114-8d82-d462d260c9ab/in_use.lock acquired by nodename 17055@pr-hdds-1413-r8zfz-2367378370
2019-08-29 16:59:11,016 [pool-439-thread-1] INFO  storage.RaftStorage (RaftStorage.java:format(72)) - Storage directory /workdir/hadoop-ozone/integration-test/target/test-dir/MiniOzoneClusterImpl-51fe08ff-1c36-40ef-8442-fe9f7994e715/datanode-3/data/ratis/f46f22f0-3af0-4114-8d82-d462d260c9ab has been successfully formatted.
2019-08-29 16:59:11,016 [pool-439-thread-1] INFO  ratis.ContainerStateMachine (ContainerStateMachine.java:loadSnapshot(227)) - group-D462D260C9AB: The snapshot info is null. Setting the last applied indexto:(t:0, i:~)
2019-08-29 16:59:11,017 [pool-439-thread-1] INFO  server.RaftServerConfigKeys (ConfUtils.java:logGet(43)) - raft.server.leader.election.timeout = 120s (custom)
2019-08-29 16:59:11,017 [pool-439-thread-1] INFO  server.RaftServerConfigKeys (ConfUtils.java:logGet(43)) - raft.server.log.use.memory = false (default)
2019-08-29 16:59:11,017 [pool-439-thread-1] INFO  server.RaftServerConfigKeys (ConfUtils.java:logGet(43)) - raft.server.log.purge.gap = 1000000 (custom)
2019-08-29 16:59:11,017 [pool-439-thread-1] INFO  server.RaftServerConfigKeys (ConfUtils.java:logGet(43)) - raft.server.log.appender.buffer.byte-limit = 33554432 (custom)
2019-08-29 16:59:11,017 [pool-439-thread-1] INFO  server.RaftServerConfigKeys (ConfUtils.java:logGet(43)) - raft.server.log.segment.size.max = 1048576 (custom)
2019-08-29 16:59:11,017 [pool-439-thread-1] INFO  server.RaftServerConfigKeys (ConfUtils.java:logGet(43)) - raft.server.log.segment.cache.num.max = 2 (custom)
2019-08-29 16:59:11,017 [pool-439-thread-1] INFO  segmented.SegmentedRaftLogWorker (SegmentedRaftLogWorker.java:<init>(172)) - new 3580c151-a3bd-4c31-932d-2b2c4791eb11-SegmentedRaftLogWorker:Storage Directory /workdir/hadoop-ozone/integration-test/target/test-dir/MiniOzoneClusterImpl-51fe08ff-1c36-40ef-8442-fe9f7994e715/datanode-3/data/ratis/f46f22f0-3af0-4114-8d82-d462d260c9ab for RaftStorage:Storage Directory /workdir/hadoop-ozone/integration-test/target/test-dir/MiniOzoneClusterImpl-51fe08ff-1c36-40ef-8442-fe9f7994e715/datanode-3/data/ratis/f46f22f0-3af0-4114-8d82-d462d260c9ab
2019-08-29 16:59:11,018 [pool-439-thread-1] INFO  server.RaftServerConfigKeys (ConfUtils.java:logGet(43)) - raft.server.log.queue.byte-limit = 2147483647 (custom)
2019-08-29 16:59:11,018 [pool-439-thread-1] INFO  server.RaftServerConfigKeys (ConfUtils.java:logGet(43)) - raft.server.log.queue.element-limit = 1024 (custom)
2019-08-29 16:59:11,018 [pool-439-thread-1] INFO  server.RaftServerConfigKeys (ConfUtils.java:logGet(43)) - raft.server.log.segment.size.max = 1048576 (custom)
2019-08-29 16:59:11,018 [pool-439-thread-1] INFO  server.RaftServerConfigKeys (ConfUtils.java:logGet(43)) - raft.server.log.preallocated.size = 16384 (custom)
2019-08-29 16:59:11,018 [pool-439-thread-1] INFO  server.RaftServerConfigKeys (ConfUtils.java:logGet(43)) - raft.server.log.write.buffer.size = 33554432 (custom)
2019-08-29 16:59:11,018 [pool-439-thread-1] INFO  server.RaftServerConfigKeys (ConfUtils.java:logGet(43)) - raft.server.log.force.sync.num = 128 (default)
2019-08-29 16:59:11,019 [pool-439-thread-1] INFO  server.RaftServerConfigKeys (ConfUtils.java:logGet(43)) - raft.server.log.statemachine.data.sync = true (default)
2019-08-29 16:59:11,019 [pool-439-thread-1] INFO  server.RaftServerConfigKeys (ConfUtils.java:logGet(43)) - raft.server.log.statemachine.data.sync.timeout = 10s (default)
2019-08-29 16:59:11,019 [pool-439-thread-1] INFO  server.RaftServerConfigKeys (ConfUtils.java:logGet(43)) - raft.server.log.statemachine.data.sync.timeout.retry = -1 (default)
2019-08-29 16:59:11,019 [pool-439-thread-1] INFO  server.RaftServerConfigKeys (ConfUtils.java:logGet(43)) - raft.server.log.statemachine.data.caching.enabled = true (custom)
2019-08-29 16:59:11,019 [pool-439-thread-1] INFO  segmented.SegmentedRaftLogWorker (SegmentedRaftLogWorker.java:lambda$new$0(132)) - 3580c151-a3bd-4c31-932d-2b2c4791eb11-SegmentedRaftLogWorker:Storage Directory /workdir/hadoop-ozone/integration-test/target/test-dir/MiniOzoneClusterImpl-51fe08ff-1c36-40ef-8442-fe9f7994e715/datanode-3/data/ratis/f46f22f0-3af0-4114-8d82-d462d260c9ab: flushIndex: setUnconditionally 0 -> -1
2019-08-29 16:59:11,020 [pool-439-thread-1] INFO  server.RaftServerConfigKeys (ConfUtils.java:logGet(43)) - raft.server.snapshot.auto.trigger.enabled = true (custom)
2019-08-29 16:59:11,020 [pool-439-thread-1] INFO  server.RaftServerConfigKeys (ConfUtils.java:logGet(43)) - raft.server.snapshot.auto.trigger.threshold = 10000 (custom)
2019-08-29 16:59:11,020 [pool-439-thread-1] INFO  server.RaftServerConfigKeys (ConfUtils.java:logGet(43)) - raft.server.retrycache.expirytime = 600000ms (custom)
2019-08-29 16:59:11,020 [pool-439-thread-1] INFO  impl.RaftServerImpl (RaftServerImpl.java:start(180)) - 3580c151-a3bd-4c31-932d-2b2c4791eb11: start group-D462D260C9AB
2019-08-29 16:59:11,020 [pool-439-thread-1] INFO  impl.RaftServerImpl (RaftServerImpl.java:setRole(171)) - 3580c151-a3bd-4c31-932d-2b2c4791eb11:group-D462D260C9AB changes role from null to FOLLOWER at term 0 for startAsFollower
2019-08-29 16:59:11,020 [IPC Server handler 4 on 35442] INFO  net.NetworkTopology (NetworkTopologyImpl.java:add(110)) - Added a new node: /default-rack/81f31524-daf9-4665-be93-5f6a14015188
2019-08-29 16:59:11,020 [pool-439-thread-1] INFO  impl.RoleInfo (RoleInfo.java:updateAndGet(143)) - 3580c151-a3bd-4c31-932d-2b2c4791eb11: start FollowerState
2019-08-29 16:59:11,021 [IPC Server handler 4 on 35442] INFO  node.SCMNodeManager (SCMNodeManager.java:register(273)) - Registered Data node : 81f31524-daf9-4665-be93-5f6a14015188{ip: 192.168.69.102, host: pr-hdds-1413-r8zfz-2367378370, networkLocation: /default-rack, certSerialId: null}
2019-08-29 16:59:11,021 | INFO  | SCMAudit | user=jenkins1000 | ip=192.168.69.102 | op=REGISTER {datanodeDetails=81f31524-daf9-4665-be93-5f6a14015188{ip: 192.168.69.102, host: pr-hdds-1413-r8zfz-2367378370, networkLocation: /default-rack, certSerialId: null}} | ret=SUCCESS |  
2019-08-29 16:59:11,030 [pool-439-thread-1] INFO  util.JmxRegister (JmxRegister.java:tryRegister(44)) - Successfully registered JMX Bean with object name Ratis:service=RaftServer,group=group-D462D260C9AB,id=3580c151-a3bd-4c31-932d-2b2c4791eb11
2019-08-29 16:59:11,038 [RatisPipelineUtilsThread] INFO  pipeline.PipelineStateManager (PipelineStateManager.java:addPipeline(56)) - Created pipeline Pipeline[ Id: f46f22f0-3af0-4114-8d82-d462d260c9ab, Nodes: 3580c151-a3bd-4c31-932d-2b2c4791eb11{ip: 192.168.69.102, host: pr-hdds-1413-r8zfz-2367378370, networkLocation: /default-rack, certSerialId: null}, Type:RATIS, Factor:ONE, State:OPEN]
2019-08-29 16:59:11,044 [grpc-default-executor-5] INFO  impl.RaftServerProxy (RaftServerProxy.java:addNew(89)) - 81f31524-daf9-4665-be93-5f6a14015188: addNew group-98956423E370:[81f31524-daf9-4665-be93-5f6a14015188:192.168.69.102:43070] returns group-98956423E370:java.util.concurrent.CompletableFuture@4f3da2f3[Not completed]
2019-08-29 16:59:11,046 [pool-449-thread-1] INFO  impl.RaftServerImpl (RaftServerImpl.java:<init>(93)) - 81f31524-daf9-4665-be93-5f6a14015188: new RaftServerImpl for group-98956423E370:[81f31524-daf9-4665-be93-5f6a14015188:192.168.69.102:43070] with ContainerStateMachine:uninitialized
2019-08-29 16:59:11,046 [pool-449-thread-1] INFO  server.RaftServerConfigKeys (ConfUtils.java:logGet(43)) - raft.server.rpc.timeout.min = 5s (custom)
2019-08-29 16:59:11,046 [pool-449-thread-1] INFO  server.RaftServerConfigKeys (ConfUtils.java:logGet(43)) - raft.server.rpc.timeout.max = 5200ms (custom)
2019-08-29 16:59:11,046 [pool-449-thread-1] INFO  server.RaftServerConfigKeys (ConfUtils.java:logGet(43)) - raft.server.rpcslowness.timeout = 120s (custom)
2019-08-29 16:59:11,046 [pool-449-thread-1] INFO  server.RaftServerConfigKeys (ConfUtils.java:logGet(43)) - raft.server.sleep.deviation.threshold = 300 (default)
2019-08-29 16:59:11,046 [pool-449-thread-1] INFO  server.RaftServerConfigKeys (ConfUtils.java:logGet(43)) - raft.server.log.appender.install.snapshot.enabled = false (custom)
2019-08-29 16:59:11,047 [pool-449-thread-1] INFO  impl.RaftServerImpl (ServerState.java:<init>(105)) - 81f31524-daf9-4665-be93-5f6a14015188:group-98956423E370 ConfigurationManager, init=-1: [81f31524-daf9-4665-be93-5f6a14015188:192.168.69.102:43070], old=null, confs=<EMPTY_MAP>
2019-08-29 16:59:11,047 [pool-449-thread-1] INFO  server.RaftServerConfigKeys (ConfUtils.java:logGet(43)) - raft.server.storage.dir = [/workdir/hadoop-ozone/integration-test/target/test-dir/MiniOzoneClusterImpl-51fe08ff-1c36-40ef-8442-fe9f7994e715/datanode-4/data/ratis] (custom)
2019-08-29 16:59:11,047 [pool-449-thread-1] INFO  storage.RaftStorageDirectory (RaftStorageDirectory.java:analyzeStorage(246)) - The storage directory /workdir/hadoop-ozone/integration-test/target/test-dir/MiniOzoneClusterImpl-51fe08ff-1c36-40ef-8442-fe9f7994e715/datanode-4/data/ratis/f81489ae-be04-4b94-a6c6-98956423e370 does not exist. Creating ...
2019-08-29 16:59:11,067 [pool-449-thread-1] INFO  storage.RaftStorageDirectory (RaftStorageDirectory.java:tryLock(328)) - Lock on /workdir/hadoop-ozone/integration-test/target/test-dir/MiniOzoneClusterImpl-51fe08ff-1c36-40ef-8442-fe9f7994e715/datanode-4/data/ratis/f81489ae-be04-4b94-a6c6-98956423e370/in_use.lock acquired by nodename 17055@pr-hdds-1413-r8zfz-2367378370
2019-08-29 16:59:11,081 [IPC Server handler 5 on 35442] INFO  net.NetworkTopology (NetworkTopologyImpl.java:add(110)) - Added a new node: /default-rack/4615f4ce-fb17-47eb-adee-2d773b6217dc
2019-08-29 16:59:11,081 [IPC Server handler 5 on 35442] INFO  node.SCMNodeManager (SCMNodeManager.java:register(273)) - Registered Data node : 4615f4ce-fb17-47eb-adee-2d773b6217dc{ip: 192.168.69.102, host: pr-hdds-1413-r8zfz-2367378370, networkLocation: /default-rack, certSerialId: null}
2019-08-29 16:59:11,081 | INFO  | SCMAudit | user=jenkins1000 | ip=192.168.69.102 | op=REGISTER {datanodeDetails=4615f4ce-fb17-47eb-adee-2d773b6217dc{ip: 192.168.69.102, host: pr-hdds-1413-r8zfz-2367378370, networkLocation: /default-rack, certSerialId: null}} | ret=SUCCESS |  
2019-08-29 16:59:11,084 [pool-449-thread-1] INFO  storage.RaftStorage (RaftStorage.java:format(72)) - Storage directory /workdir/hadoop-ozone/integration-test/target/test-dir/MiniOzoneClusterImpl-51fe08ff-1c36-40ef-8442-fe9f7994e715/datanode-4/data/ratis/f81489ae-be04-4b94-a6c6-98956423e370 has been successfully formatted.
2019-08-29 16:59:11,084 [pool-449-thread-1] INFO  ratis.ContainerStateMachine (ContainerStateMachine.java:loadSnapshot(227)) - group-98956423E370: The snapshot info is null. Setting the last applied indexto:(t:0, i:~)
2019-08-29 16:59:11,084 [pool-449-thread-1] INFO  server.RaftServerConfigKeys (ConfUtils.java:logGet(43)) - raft.server.leader.election.timeout = 120s (custom)
2019-08-29 16:59:11,084 [pool-449-thread-1] INFO  server.RaftServerConfigKeys (ConfUtils.java:logGet(43)) - raft.server.log.use.memory = false (default)
2019-08-29 16:59:11,084 [pool-449-thread-1] INFO  server.RaftServerConfigKeys (ConfUtils.java:logGet(43)) - raft.server.log.purge.gap = 1000000 (custom)
2019-08-29 16:59:11,084 [pool-449-thread-1] INFO  server.RaftServerConfigKeys (ConfUtils.java:logGet(43)) - raft.server.log.appender.buffer.byte-limit = 33554432 (custom)
2019-08-29 16:59:11,084 [pool-449-thread-1] INFO  server.RaftServerConfigKeys (ConfUtils.java:logGet(43)) - raft.server.log.segment.size.max = 1048576 (custom)
2019-08-29 16:59:11,085 [pool-449-thread-1] INFO  server.RaftServerConfigKeys (ConfUtils.java:logGet(43)) - raft.server.log.segment.cache.num.max = 2 (custom)
2019-08-29 16:59:11,085 [pool-449-thread-1] INFO  segmented.SegmentedRaftLogWorker (SegmentedRaftLogWorker.java:<init>(172)) - new 81f31524-daf9-4665-be93-5f6a14015188-SegmentedRaftLogWorker:Storage Directory /workdir/hadoop-ozone/integration-test/target/test-dir/MiniOzoneClusterImpl-51fe08ff-1c36-40ef-8442-fe9f7994e715/datanode-4/data/ratis/f81489ae-be04-4b94-a6c6-98956423e370 for RaftStorage:Storage Directory /workdir/hadoop-ozone/integration-test/target/test-dir/MiniOzoneClusterImpl-51fe08ff-1c36-40ef-8442-fe9f7994e715/datanode-4/data/ratis/f81489ae-be04-4b94-a6c6-98956423e370
2019-08-29 16:59:11,085 [pool-449-thread-1] INFO  server.RaftServerConfigKeys (ConfUtils.java:logGet(43)) - raft.server.log.queue.byte-limit = 2147483647 (custom)
2019-08-29 16:59:11,085 [pool-449-thread-1] INFO  server.RaftServerConfigKeys (ConfUtils.java:logGet(43)) - raft.server.log.queue.element-limit = 1024 (custom)
2019-08-29 16:59:11,085 [pool-449-thread-1] INFO  server.RaftServerConfigKeys (ConfUtils.java:logGet(43)) - raft.server.log.segment.size.max = 1048576 (custom)
2019-08-29 16:59:11,085 [pool-449-thread-1] INFO  server.RaftServerConfigKeys (ConfUtils.java:logGet(43)) - raft.server.log.preallocated.size = 16384 (custom)
2019-08-29 16:59:11,085 [pool-449-thread-1] INFO  server.RaftServerConfigKeys (ConfUtils.java:logGet(43)) - raft.server.log.write.buffer.size = 33554432 (custom)
2019-08-29 16:59:11,086 [pool-449-thread-1] INFO  server.RaftServerConfigKeys (ConfUtils.java:logGet(43)) - raft.server.log.force.sync.num = 128 (default)
2019-08-29 16:59:11,086 [pool-449-thread-1] INFO  server.RaftServerConfigKeys (ConfUtils.java:logGet(43)) - raft.server.log.statemachine.data.sync = true (default)
2019-08-29 16:59:11,086 [pool-449-thread-1] INFO  server.RaftServerConfigKeys (ConfUtils.java:logGet(43)) - raft.server.log.statemachine.data.sync.timeout = 10s (default)
2019-08-29 16:59:11,086 [pool-449-thread-1] INFO  server.RaftServerConfigKeys (ConfUtils.java:logGet(43)) - raft.server.log.statemachine.data.sync.timeout.retry = -1 (default)
2019-08-29 16:59:11,086 [pool-449-thread-1] INFO  server.RaftServerConfigKeys (ConfUtils.java:logGet(43)) - raft.server.log.statemachine.data.caching.enabled = true (custom)
2019-08-29 16:59:11,086 [pool-449-thread-1] INFO  segmented.SegmentedRaftLogWorker (SegmentedRaftLogWorker.java:lambda$new$0(132)) - 81f31524-daf9-4665-be93-5f6a14015188-SegmentedRaftLogWorker:Storage Directory /workdir/hadoop-ozone/integration-test/target/test-dir/MiniOzoneClusterImpl-51fe08ff-1c36-40ef-8442-fe9f7994e715/datanode-4/data/ratis/f81489ae-be04-4b94-a6c6-98956423e370: flushIndex: setUnconditionally 0 -> -1
2019-08-29 16:59:11,087 [pool-449-thread-1] INFO  server.RaftServerConfigKeys (ConfUtils.java:logGet(43)) - raft.server.snapshot.auto.trigger.enabled = true (custom)
2019-08-29 16:59:11,087 [pool-449-thread-1] INFO  server.RaftServerConfigKeys (ConfUtils.java:logGet(43)) - raft.server.snapshot.auto.trigger.threshold = 10000 (custom)
2019-08-29 16:59:11,087 [pool-449-thread-1] INFO  server.RaftServerConfigKeys (ConfUtils.java:logGet(43)) - raft.server.retrycache.expirytime = 600000ms (custom)
2019-08-29 16:59:11,087 [pool-449-thread-1] INFO  impl.RaftServerImpl (RaftServerImpl.java:start(180)) - 81f31524-daf9-4665-be93-5f6a14015188: start group-98956423E370
2019-08-29 16:59:11,087 [pool-449-thread-1] INFO  impl.RaftServerImpl (RaftServerImpl.java:setRole(171)) - 81f31524-daf9-4665-be93-5f6a14015188:group-98956423E370 changes role from null to FOLLOWER at term 0 for startAsFollower
2019-08-29 16:59:11,087 [pool-449-thread-1] INFO  impl.RoleInfo (RoleInfo.java:updateAndGet(143)) - 81f31524-daf9-4665-be93-5f6a14015188: start FollowerState
2019-08-29 16:59:11,088 [pool-449-thread-1] INFO  util.JmxRegister (JmxRegister.java:tryRegister(44)) - Successfully registered JMX Bean with object name Ratis:service=RaftServer,group=group-98956423E370,id=81f31524-daf9-4665-be93-5f6a14015188
2019-08-29 16:59:11,090 [RatisPipelineUtilsThread] INFO  pipeline.PipelineStateManager (PipelineStateManager.java:addPipeline(56)) - Created pipeline Pipeline[ Id: f81489ae-be04-4b94-a6c6-98956423e370, Nodes: 81f31524-daf9-4665-be93-5f6a14015188{ip: 192.168.69.102, host: pr-hdds-1413-r8zfz-2367378370, networkLocation: /default-rack, certSerialId: null}, Type:RATIS, Factor:ONE, State:OPEN]
2019-08-29 16:59:11,097 [grpc-default-executor-5] INFO  impl.RaftServerProxy (RaftServerProxy.java:addNew(89)) - 4615f4ce-fb17-47eb-adee-2d773b6217dc: addNew group-F5A5C7999996:[4615f4ce-fb17-47eb-adee-2d773b6217dc:192.168.69.102:39855] returns group-F5A5C7999996:java.util.concurrent.CompletableFuture@39f6cbda[Not completed]
2019-08-29 16:59:11,099 [pool-459-thread-1] INFO  impl.RaftServerImpl (RaftServerImpl.java:<init>(93)) - 4615f4ce-fb17-47eb-adee-2d773b6217dc: new RaftServerImpl for group-F5A5C7999996:[4615f4ce-fb17-47eb-adee-2d773b6217dc:192.168.69.102:39855] with ContainerStateMachine:uninitialized
2019-08-29 16:59:11,099 [pool-459-thread-1] INFO  server.RaftServerConfigKeys (ConfUtils.java:logGet(43)) - raft.server.rpc.timeout.min = 5s (custom)
2019-08-29 16:59:11,099 [pool-459-thread-1] INFO  server.RaftServerConfigKeys (ConfUtils.java:logGet(43)) - raft.server.rpc.timeout.max = 5200ms (custom)
2019-08-29 16:59:11,099 [pool-459-thread-1] INFO  server.RaftServerConfigKeys (ConfUtils.java:logGet(43)) - raft.server.rpcslowness.timeout = 120s (custom)
2019-08-29 16:59:11,099 [pool-459-thread-1] INFO  server.RaftServerConfigKeys (ConfUtils.java:logGet(43)) - raft.server.sleep.deviation.threshold = 300 (default)
2019-08-29 16:59:11,099 [pool-459-thread-1] INFO  server.RaftServerConfigKeys (ConfUtils.java:logGet(43)) - raft.server.log.appender.install.snapshot.enabled = false (custom)
2019-08-29 16:59:11,100 [pool-459-thread-1] INFO  impl.RaftServerImpl (ServerState.java:<init>(105)) - 4615f4ce-fb17-47eb-adee-2d773b6217dc:group-F5A5C7999996 ConfigurationManager, init=-1: [4615f4ce-fb17-47eb-adee-2d773b6217dc:192.168.69.102:39855], old=null, confs=<EMPTY_MAP>
2019-08-29 16:59:11,100 [pool-459-thread-1] INFO  server.RaftServerConfigKeys (ConfUtils.java:logGet(43)) - raft.server.storage.dir = [/workdir/hadoop-ozone/integration-test/target/test-dir/MiniOzoneClusterImpl-51fe08ff-1c36-40ef-8442-fe9f7994e715/datanode-5/data/ratis] (custom)
2019-08-29 16:59:11,100 [pool-459-thread-1] INFO  storage.RaftStorageDirectory (RaftStorageDirectory.java:analyzeStorage(246)) - The storage directory /workdir/hadoop-ozone/integration-test/target/test-dir/MiniOzoneClusterImpl-51fe08ff-1c36-40ef-8442-fe9f7994e715/datanode-5/data/ratis/61ba28d8-f4ab-4468-b2ca-f5a5c7999996 does not exist. Creating ...
2019-08-29 16:59:11,126 [pool-459-thread-1] INFO  storage.RaftStorageDirectory (RaftStorageDirectory.java:tryLock(328)) - Lock on /workdir/hadoop-ozone/integration-test/target/test-dir/MiniOzoneClusterImpl-51fe08ff-1c36-40ef-8442-fe9f7994e715/datanode-5/data/ratis/61ba28d8-f4ab-4468-b2ca-f5a5c7999996/in_use.lock acquired by nodename 17055@pr-hdds-1413-r8zfz-2367378370
2019-08-29 16:59:11,149 [main] INFO  ozone.MiniOzoneClusterImpl (MiniOzoneClusterImpl.java:lambda$waitForClusterToBeReady$0(140)) - Cluster is ready. Got 7 of 7 DN Heartbeats.
2019-08-29 16:59:11,149 [IPC Server handler 3 on 35442] INFO  net.NetworkTopology (NetworkTopologyImpl.java:add(110)) - Added a new node: /default-rack/6a69eb03-c6ce-4a25-af67-2d438bc9db9b
2019-08-29 16:59:11,149 [IPC Server handler 3 on 35442] INFO  node.SCMNodeManager (SCMNodeManager.java:register(273)) - Registered Data node : 6a69eb03-c6ce-4a25-af67-2d438bc9db9b{ip: 192.168.69.102, host: pr-hdds-1413-r8zfz-2367378370, networkLocation: /default-rack, certSerialId: null}
2019-08-29 16:59:11,150 | INFO  | SCMAudit | user=jenkins1000 | ip=192.168.69.102 | op=REGISTER {datanodeDetails=6a69eb03-c6ce-4a25-af67-2d438bc9db9b{ip: 192.168.69.102, host: pr-hdds-1413-r8zfz-2367378370, networkLocation: /default-rack, certSerialId: null}} | ret=SUCCESS |  
2019-08-29 16:59:11,151 [pool-459-thread-1] INFO  storage.RaftStorage (RaftStorage.java:format(72)) - Storage directory /workdir/hadoop-ozone/integration-test/target/test-dir/MiniOzoneClusterImpl-51fe08ff-1c36-40ef-8442-fe9f7994e715/datanode-5/data/ratis/61ba28d8-f4ab-4468-b2ca-f5a5c7999996 has been successfully formatted.
2019-08-29 16:59:11,152 [pool-459-thread-1] INFO  ratis.ContainerStateMachine (ContainerStateMachine.java:loadSnapshot(227)) - group-F5A5C7999996: The snapshot info is null. Setting the last applied indexto:(t:0, i:~)
2019-08-29 16:59:11,152 [pool-459-thread-1] INFO  server.RaftServerConfigKeys (ConfUtils.java:logGet(43)) - raft.server.leader.election.timeout = 120s (custom)
2019-08-29 16:59:11,152 [pool-459-thread-1] INFO  server.RaftServerConfigKeys (ConfUtils.java:logGet(43)) - raft.server.log.use.memory = false (default)
2019-08-29 16:59:11,152 [pool-459-thread-1] INFO  server.RaftServerConfigKeys (ConfUtils.java:logGet(43)) - raft.server.log.purge.gap = 1000000 (custom)
2019-08-29 16:59:11,153 [pool-459-thread-1] INFO  server.RaftServerConfigKeys (ConfUtils.java:logGet(43)) - raft.server.log.appender.buffer.byte-limit = 33554432 (custom)
2019-08-29 16:59:11,153 [pool-459-thread-1] INFO  server.RaftServerConfigKeys (ConfUtils.java:logGet(43)) - raft.server.log.segment.size.max = 1048576 (custom)
2019-08-29 16:59:11,158 [pool-459-thread-1] INFO  server.RaftServerConfigKeys (ConfUtils.java:logGet(43)) - raft.server.log.segment.cache.num.max = 2 (custom)
2019-08-29 16:59:11,158 [pool-459-thread-1] INFO  segmented.SegmentedRaftLogWorker (SegmentedRaftLogWorker.java:<init>(172)) - new 4615f4ce-fb17-47eb-adee-2d773b6217dc-SegmentedRaftLogWorker:Storage Directory /workdir/hadoop-ozone/integration-test/target/test-dir/MiniOzoneClusterImpl-51fe08ff-1c36-40ef-8442-fe9f7994e715/datanode-5/data/ratis/61ba28d8-f4ab-4468-b2ca-f5a5c7999996 for RaftStorage:Storage Directory /workdir/hadoop-ozone/integration-test/target/test-dir/MiniOzoneClusterImpl-51fe08ff-1c36-40ef-8442-fe9f7994e715/datanode-5/data/ratis/61ba28d8-f4ab-4468-b2ca-f5a5c7999996
2019-08-29 16:59:11,159 [pool-459-thread-1] INFO  server.RaftServerConfigKeys (ConfUtils.java:logGet(43)) - raft.server.log.queue.byte-limit = 2147483647 (custom)
2019-08-29 16:59:11,159 [pool-459-thread-1] INFO  server.RaftServerConfigKeys (ConfUtils.java:logGet(43)) - raft.server.log.queue.element-limit = 1024 (custom)
2019-08-29 16:59:11,159 [pool-459-thread-1] INFO  server.RaftServerConfigKeys (ConfUtils.java:logGet(43)) - raft.server.log.segment.size.max = 1048576 (custom)
2019-08-29 16:59:11,160 [pool-459-thread-1] INFO  server.RaftServerConfigKeys (ConfUtils.java:logGet(43)) - raft.server.log.preallocated.size = 16384 (custom)
2019-08-29 16:59:11,160 [pool-459-thread-1] INFO  server.RaftServerConfigKeys (ConfUtils.java:logGet(43)) - raft.server.log.write.buffer.size = 33554432 (custom)
2019-08-29 16:59:11,160 [pool-459-thread-1] INFO  server.RaftServerConfigKeys (ConfUtils.java:logGet(43)) - raft.server.log.force.sync.num = 128 (default)
2019-08-29 16:59:11,160 [pool-459-thread-1] INFO  server.RaftServerConfigKeys (ConfUtils.java:logGet(43)) - raft.server.log.statemachine.data.sync = true (default)
2019-08-29 16:59:11,160 [pool-459-thread-1] INFO  server.RaftServerConfigKeys (ConfUtils.java:logGet(43)) - raft.server.log.statemachine.data.sync.timeout = 10s (default)
2019-08-29 16:59:11,160 [pool-459-thread-1] INFO  server.RaftServerConfigKeys (ConfUtils.java:logGet(43)) - raft.server.log.statemachine.data.sync.timeout.retry = -1 (default)
2019-08-29 16:59:11,161 [pool-459-thread-1] INFO  server.RaftServerConfigKeys (ConfUtils.java:logGet(43)) - raft.server.log.statemachine.data.caching.enabled = true (custom)
2019-08-29 16:59:11,161 [pool-459-thread-1] INFO  segmented.SegmentedRaftLogWorker (SegmentedRaftLogWorker.java:lambda$new$0(132)) - 4615f4ce-fb17-47eb-adee-2d773b6217dc-SegmentedRaftLogWorker:Storage Directory /workdir/hadoop-ozone/integration-test/target/test-dir/MiniOzoneClusterImpl-51fe08ff-1c36-40ef-8442-fe9f7994e715/datanode-5/data/ratis/61ba28d8-f4ab-4468-b2ca-f5a5c7999996: flushIndex: setUnconditionally 0 -> -1
2019-08-29 16:59:11,162 [pool-459-thread-1] INFO  server.RaftServerConfigKeys (ConfUtils.java:logGet(43)) - raft.server.snapshot.auto.trigger.enabled = true (custom)
2019-08-29 16:59:11,162 [pool-459-thread-1] INFO  server.RaftServerConfigKeys (ConfUtils.java:logGet(43)) - raft.server.snapshot.auto.trigger.threshold = 10000 (custom)
2019-08-29 16:59:11,164 [pool-459-thread-1] INFO  server.RaftServerConfigKeys (ConfUtils.java:logGet(43)) - raft.server.retrycache.expirytime = 600000ms (custom)
2019-08-29 16:59:11,164 [pool-459-thread-1] INFO  impl.RaftServerImpl (RaftServerImpl.java:start(180)) - 4615f4ce-fb17-47eb-adee-2d773b6217dc: start group-F5A5C7999996
2019-08-29 16:59:11,164 [pool-459-thread-1] INFO  impl.RaftServerImpl (RaftServerImpl.java:setRole(171)) - 4615f4ce-fb17-47eb-adee-2d773b6217dc:group-F5A5C7999996 changes role from null to FOLLOWER at term 0 for startAsFollower
2019-08-29 16:59:11,165 [pool-459-thread-1] INFO  impl.RoleInfo (RoleInfo.java:updateAndGet(143)) - 4615f4ce-fb17-47eb-adee-2d773b6217dc: start FollowerState
2019-08-29 16:59:11,165 [pool-459-thread-1] INFO  util.JmxRegister (JmxRegister.java:tryRegister(44)) - Successfully registered JMX Bean with object name Ratis:service=RaftServer,group=group-F5A5C7999996,id=4615f4ce-fb17-47eb-adee-2d773b6217dc
2019-08-29 16:59:11,178 [RatisPipelineUtilsThread] INFO  pipeline.PipelineStateManager (PipelineStateManager.java:addPipeline(56)) - Created pipeline Pipeline[ Id: 61ba28d8-f4ab-4468-b2ca-f5a5c7999996, Nodes: 4615f4ce-fb17-47eb-adee-2d773b6217dc{ip: 192.168.69.102, host: pr-hdds-1413-r8zfz-2367378370, networkLocation: /default-rack, certSerialId: null}, Type:RATIS, Factor:ONE, State:OPEN]
2019-08-29 16:59:11,180 [main] INFO  rpc.RpcClient (RpcClient.java:createVolume(293)) - Creating Volume: testblockoutputstream, with jenkins1000 as owner.
2019-08-29 16:59:11,184 [grpc-default-executor-5] INFO  impl.RaftServerProxy (RaftServerProxy.java:addNew(89)) - 6a69eb03-c6ce-4a25-af67-2d438bc9db9b: addNew group-258F07F4FEB4:[6a69eb03-c6ce-4a25-af67-2d438bc9db9b:192.168.69.102:37548] returns group-258F07F4FEB4:java.util.concurrent.CompletableFuture@40616c1e[Not completed]
2019-08-29 16:59:11,185 | INFO  | OMAudit | user=jenkins1000 | ip=127.0.0.1 | op=CREATE_VOLUME {admin=jenkins1000, owner=jenkins1000, volume=testblockoutputstream, creationTime=1567097951182, quotaInBytes=1152921504606846976} | ret=SUCCESS |  
2019-08-29 16:59:11,188 [pool-469-thread-1] INFO  impl.RaftServerImpl (RaftServerImpl.java:<init>(93)) - 6a69eb03-c6ce-4a25-af67-2d438bc9db9b: new RaftServerImpl for group-258F07F4FEB4:[6a69eb03-c6ce-4a25-af67-2d438bc9db9b:192.168.69.102:37548] with ContainerStateMachine:uninitialized
2019-08-29 16:59:11,188 [pool-469-thread-1] INFO  server.RaftServerConfigKeys (ConfUtils.java:logGet(43)) - raft.server.rpc.timeout.min = 5s (custom)
2019-08-29 16:59:11,188 [pool-469-thread-1] INFO  server.RaftServerConfigKeys (ConfUtils.java:logGet(43)) - raft.server.rpc.timeout.max = 5200ms (custom)
2019-08-29 16:59:11,192 [pool-469-thread-1] INFO  server.RaftServerConfigKeys (ConfUtils.java:logGet(43)) - raft.server.rpcslowness.timeout = 120s (custom)
2019-08-29 16:59:11,193 [pool-469-thread-1] INFO  server.RaftServerConfigKeys (ConfUtils.java:logGet(43)) - raft.server.sleep.deviation.threshold = 300 (default)
2019-08-29 16:59:11,193 [pool-469-thread-1] INFO  server.RaftServerConfigKeys (ConfUtils.java:logGet(43)) - raft.server.log.appender.install.snapshot.enabled = false (custom)
2019-08-29 16:59:11,195 [pool-469-thread-1] INFO  impl.RaftServerImpl (ServerState.java:<init>(105)) - 6a69eb03-c6ce-4a25-af67-2d438bc9db9b:group-258F07F4FEB4 ConfigurationManager, init=-1: [6a69eb03-c6ce-4a25-af67-2d438bc9db9b:192.168.69.102:37548], old=null, confs=<EMPTY_MAP>
2019-08-29 16:59:11,195 | INFO  | OMAudit | user=jenkins1000 | ip=127.0.0.1 | op=READ_VOLUME {volume=testblockoutputstream} | ret=SUCCESS |  
2019-08-29 16:59:11,195 [pool-469-thread-1] INFO  server.RaftServerConfigKeys (ConfUtils.java:logGet(43)) - raft.server.storage.dir = [/workdir/hadoop-ozone/integration-test/target/test-dir/MiniOzoneClusterImpl-51fe08ff-1c36-40ef-8442-fe9f7994e715/datanode-6/data/ratis] (custom)
2019-08-29 16:59:11,196 [pool-469-thread-1] INFO  storage.RaftStorageDirectory (RaftStorageDirectory.java:analyzeStorage(246)) - The storage directory /workdir/hadoop-ozone/integration-test/target/test-dir/MiniOzoneClusterImpl-51fe08ff-1c36-40ef-8442-fe9f7994e715/datanode-6/data/ratis/f6c2cddc-2652-48f6-a415-258f07f4feb4 does not exist. Creating ...
2019-08-29 16:59:11,196 [main] INFO  rpc.RpcClient (RpcClient.java:createBucket(432)) - Creating Bucket: testblockoutputstream/testblockoutputstream, with Versioning false and Storage Type set to DISK and Encryption set to false 
2019-08-29 16:59:11,202 | INFO  | OMAudit | user=jenkins1000 | ip=127.0.0.1 | op=CREATE_BUCKET {volume=testblockoutputstream, bucket=testblockoutputstream, acls=[user:jenkins1000:a[ACCESS], group:default:a[ACCESS]], isVersionEnabled=false, storageType=DISK, creationTime=0} | ret=SUCCESS |  
2019-08-29 16:59:11,204 | INFO  | OMAudit | user=jenkins1000 | ip=127.0.0.1 | op=READ_VOLUME {volume=testblockoutputstream} | ret=SUCCESS |  
2019-08-29 16:59:11,205 | INFO  | OMAudit | user=jenkins1000 | ip=127.0.0.1 | op=READ_BUCKET {volume=testblockoutputstream, bucket=testblockoutputstream} | ret=SUCCESS |  
2019-08-29 16:59:11,210 [pool-469-thread-1] INFO  storage.RaftStorageDirectory (RaftStorageDirectory.java:tryLock(328)) - Lock on /workdir/hadoop-ozone/integration-test/target/test-dir/MiniOzoneClusterImpl-51fe08ff-1c36-40ef-8442-fe9f7994e715/datanode-6/data/ratis/f6c2cddc-2652-48f6-a415-258f07f4feb4/in_use.lock acquired by nodename 17055@pr-hdds-1413-r8zfz-2367378370
2019-08-29 16:59:11,236 [pool-469-thread-1] INFO  storage.RaftStorage (RaftStorage.java:format(72)) - Storage directory /workdir/hadoop-ozone/integration-test/target/test-dir/MiniOzoneClusterImpl-51fe08ff-1c36-40ef-8442-fe9f7994e715/datanode-6/data/ratis/f6c2cddc-2652-48f6-a415-258f07f4feb4 has been successfully formatted.
2019-08-29 16:59:11,236 [pool-469-thread-1] INFO  ratis.ContainerStateMachine (ContainerStateMachine.java:loadSnapshot(227)) - group-258F07F4FEB4: The snapshot info is null. Setting the last applied indexto:(t:0, i:~)
2019-08-29 16:59:11,236 [pool-469-thread-1] INFO  server.RaftServerConfigKeys (ConfUtils.java:logGet(43)) - raft.server.leader.election.timeout = 120s (custom)
2019-08-29 16:59:11,236 [pool-469-thread-1] INFO  server.RaftServerConfigKeys (ConfUtils.java:logGet(43)) - raft.server.log.use.memory = false (default)
2019-08-29 16:59:11,236 [pool-469-thread-1] INFO  server.RaftServerConfigKeys (ConfUtils.java:logGet(43)) - raft.server.log.purge.gap = 1000000 (custom)
2019-08-29 16:59:11,236 [pool-469-thread-1] INFO  server.RaftServerConfigKeys (ConfUtils.java:logGet(43)) - raft.server.log.appender.buffer.byte-limit = 33554432 (custom)
2019-08-29 16:59:11,236 [pool-469-thread-1] INFO  server.RaftServerConfigKeys (ConfUtils.java:logGet(43)) - raft.server.log.segment.size.max = 1048576 (custom)
2019-08-29 16:59:11,237 [pool-469-thread-1] INFO  server.RaftServerConfigKeys (ConfUtils.java:logGet(43)) - raft.server.log.segment.cache.num.max = 2 (custom)
2019-08-29 16:59:11,237 [pool-469-thread-1] INFO  segmented.SegmentedRaftLogWorker (SegmentedRaftLogWorker.java:<init>(172)) - new 6a69eb03-c6ce-4a25-af67-2d438bc9db9b-SegmentedRaftLogWorker:Storage Directory /workdir/hadoop-ozone/integration-test/target/test-dir/MiniOzoneClusterImpl-51fe08ff-1c36-40ef-8442-fe9f7994e715/datanode-6/data/ratis/f6c2cddc-2652-48f6-a415-258f07f4feb4 for RaftStorage:Storage Directory /workdir/hadoop-ozone/integration-test/target/test-dir/MiniOzoneClusterImpl-51fe08ff-1c36-40ef-8442-fe9f7994e715/datanode-6/data/ratis/f6c2cddc-2652-48f6-a415-258f07f4feb4
2019-08-29 16:59:11,237 [pool-469-thread-1] INFO  server.RaftServerConfigKeys (ConfUtils.java:logGet(43)) - raft.server.log.queue.byte-limit = 2147483647 (custom)
2019-08-29 16:59:11,237 [pool-469-thread-1] INFO  server.RaftServerConfigKeys (ConfUtils.java:logGet(43)) - raft.server.log.queue.element-limit = 1024 (custom)
2019-08-29 16:59:11,237 [pool-469-thread-1] INFO  server.RaftServerConfigKeys (ConfUtils.java:logGet(43)) - raft.server.log.segment.size.max = 1048576 (custom)
2019-08-29 16:59:11,237 [pool-469-thread-1] INFO  server.RaftServerConfigKeys (ConfUtils.java:logGet(43)) - raft.server.log.preallocated.size = 16384 (custom)
2019-08-29 16:59:11,237 [pool-469-thread-1] INFO  server.RaftServerConfigKeys (ConfUtils.java:logGet(43)) - raft.server.log.write.buffer.size = 33554432 (custom)
2019-08-29 16:59:11,237 [pool-469-thread-1] INFO  server.RaftServerConfigKeys (ConfUtils.java:logGet(43)) - raft.server.log.force.sync.num = 128 (default)
2019-08-29 16:59:11,238 [pool-469-thread-1] INFO  server.RaftServerConfigKeys (ConfUtils.java:logGet(43)) - raft.server.log.statemachine.data.sync = true (default)
2019-08-29 16:59:11,238 [pool-469-thread-1] INFO  server.RaftServerConfigKeys (ConfUtils.java:logGet(43)) - raft.server.log.statemachine.data.sync.timeout = 10s (default)
2019-08-29 16:59:11,238 [pool-469-thread-1] INFO  server.RaftServerConfigKeys (ConfUtils.java:logGet(43)) - raft.server.log.statemachine.data.sync.timeout.retry = -1 (default)
2019-08-29 16:59:11,238 [pool-469-thread-1] INFO  server.RaftServerConfigKeys (ConfUtils.java:logGet(43)) - raft.server.log.statemachine.data.caching.enabled = true (custom)
2019-08-29 16:59:11,238 [pool-469-thread-1] INFO  segmented.SegmentedRaftLogWorker (SegmentedRaftLogWorker.java:lambda$new$0(132)) - 6a69eb03-c6ce-4a25-af67-2d438bc9db9b-SegmentedRaftLogWorker:Storage Directory /workdir/hadoop-ozone/integration-test/target/test-dir/MiniOzoneClusterImpl-51fe08ff-1c36-40ef-8442-fe9f7994e715/datanode-6/data/ratis/f6c2cddc-2652-48f6-a415-258f07f4feb4: flushIndex: setUnconditionally 0 -> -1
2019-08-29 16:59:11,239 [pool-469-thread-1] INFO  server.RaftServerConfigKeys (ConfUtils.java:logGet(43)) - raft.server.snapshot.auto.trigger.enabled = true (custom)
2019-08-29 16:59:11,239 [pool-469-thread-1] INFO  server.RaftServerConfigKeys (ConfUtils.java:logGet(43)) - raft.server.snapshot.auto.trigger.threshold = 10000 (custom)
2019-08-29 16:59:11,239 [pool-469-thread-1] INFO  server.RaftServerConfigKeys (ConfUtils.java:logGet(43)) - raft.server.retrycache.expirytime = 600000ms (custom)
2019-08-29 16:59:11,239 [pool-469-thread-1] INFO  impl.RaftServerImpl (RaftServerImpl.java:start(180)) - 6a69eb03-c6ce-4a25-af67-2d438bc9db9b: start group-258F07F4FEB4
2019-08-29 16:59:11,239 [pool-469-thread-1] INFO  impl.RaftServerImpl (RaftServerImpl.java:setRole(171)) - 6a69eb03-c6ce-4a25-af67-2d438bc9db9b:group-258F07F4FEB4 changes role from null to FOLLOWER at term 0 for startAsFollower
2019-08-29 16:59:11,239 [pool-469-thread-1] INFO  impl.RoleInfo (RoleInfo.java:updateAndGet(143)) - 6a69eb03-c6ce-4a25-af67-2d438bc9db9b: start FollowerState
2019-08-29 16:59:11,240 [pool-469-thread-1] INFO  util.JmxRegister (JmxRegister.java:tryRegister(44)) - Successfully registered JMX Bean with object name Ratis:service=RaftServer,group=group-258F07F4FEB4,id=6a69eb03-c6ce-4a25-af67-2d438bc9db9b
2019-08-29 16:59:11,242 [RatisPipelineUtilsThread] INFO  pipeline.PipelineStateManager (PipelineStateManager.java:addPipeline(56)) - Created pipeline Pipeline[ Id: f6c2cddc-2652-48f6-a415-258f07f4feb4, Nodes: 6a69eb03-c6ce-4a25-af67-2d438bc9db9b{ip: 192.168.69.102, host: pr-hdds-1413-r8zfz-2367378370, networkLocation: /default-rack, certSerialId: null}, Type:RATIS, Factor:ONE, State:OPEN]
2019-08-29 16:59:11,253 [grpc-default-executor-7] INFO  impl.RaftServerProxy (RaftServerProxy.java:addNew(89)) - f719301a-9279-420f-b7a0-fd7fd360a35b: addNew group-F7BBA9C4C5F4:[805302bb-512f-4740-9b33-f965a1421ef6:192.168.69.102:38448, 4615f4ce-fb17-47eb-adee-2d773b6217dc:192.168.69.102:39855, f719301a-9279-420f-b7a0-fd7fd360a35b:192.168.69.102:42295] returns group-F7BBA9C4C5F4:java.util.concurrent.CompletableFuture@6e939102[Not completed]
2019-08-29 16:59:11,254 [grpc-default-executor-9] INFO  impl.RaftServerProxy (RaftServerProxy.java:addNew(89)) - 805302bb-512f-4740-9b33-f965a1421ef6: addNew group-F7BBA9C4C5F4:[805302bb-512f-4740-9b33-f965a1421ef6:192.168.69.102:38448, 4615f4ce-fb17-47eb-adee-2d773b6217dc:192.168.69.102:39855, f719301a-9279-420f-b7a0-fd7fd360a35b:192.168.69.102:42295] returns group-F7BBA9C4C5F4:java.util.concurrent.CompletableFuture@75d5fee[Not completed]
2019-08-29 16:59:11,254 [grpc-default-executor-5] INFO  impl.RaftServerProxy (RaftServerProxy.java:addNew(89)) - 4615f4ce-fb17-47eb-adee-2d773b6217dc: addNew group-F7BBA9C4C5F4:[805302bb-512f-4740-9b33-f965a1421ef6:192.168.69.102:38448, 4615f4ce-fb17-47eb-adee-2d773b6217dc:192.168.69.102:39855, f719301a-9279-420f-b7a0-fd7fd360a35b:192.168.69.102:42295] returns group-F7BBA9C4C5F4:java.util.concurrent.CompletableFuture@22b465a2[Not completed]
2019-08-29 16:59:11,256 [pool-429-thread-1] INFO  impl.RaftServerImpl (RaftServerImpl.java:<init>(93)) - f719301a-9279-420f-b7a0-fd7fd360a35b: new RaftServerImpl for group-F7BBA9C4C5F4:[805302bb-512f-4740-9b33-f965a1421ef6:192.168.69.102:38448, 4615f4ce-fb17-47eb-adee-2d773b6217dc:192.168.69.102:39855, f719301a-9279-420f-b7a0-fd7fd360a35b:192.168.69.102:42295] with ContainerStateMachine:uninitialized
2019-08-29 16:59:11,256 [pool-429-thread-1] INFO  server.RaftServerConfigKeys (ConfUtils.java:logGet(43)) - raft.server.rpc.timeout.min = 5s (custom)
2019-08-29 16:59:11,256 [pool-429-thread-1] INFO  server.RaftServerConfigKeys (ConfUtils.java:logGet(43)) - raft.server.rpc.timeout.max = 5200ms (custom)
2019-08-29 16:59:11,256 [pool-459-thread-1] INFO  impl.RaftServerImpl (RaftServerImpl.java:<init>(93)) - 4615f4ce-fb17-47eb-adee-2d773b6217dc: new RaftServerImpl for group-F7BBA9C4C5F4:[805302bb-512f-4740-9b33-f965a1421ef6:192.168.69.102:38448, 4615f4ce-fb17-47eb-adee-2d773b6217dc:192.168.69.102:39855, f719301a-9279-420f-b7a0-fd7fd360a35b:192.168.69.102:42295] with ContainerStateMachine:uninitialized
2019-08-29 16:59:11,257 [pool-429-thread-1] INFO  server.RaftServerConfigKeys (ConfUtils.java:logGet(43)) - raft.server.rpcslowness.timeout = 120s (custom)
2019-08-29 16:59:11,257 [pool-459-thread-1] INFO  server.RaftServerConfigKeys (ConfUtils.java:logGet(43)) - raft.server.rpc.timeout.min = 5s (custom)
2019-08-29 16:59:11,257 [pool-429-thread-1] INFO  server.RaftServerConfigKeys (ConfUtils.java:logGet(43)) - raft.server.sleep.deviation.threshold = 300 (default)
2019-08-29 16:59:11,257 [pool-459-thread-1] INFO  server.RaftServerConfigKeys (ConfUtils.java:logGet(43)) - raft.server.rpc.timeout.max = 5200ms (custom)
2019-08-29 16:59:11,257 [pool-429-thread-1] INFO  server.RaftServerConfigKeys (ConfUtils.java:logGet(43)) - raft.server.log.appender.install.snapshot.enabled = false (custom)
2019-08-29 16:59:11,257 [pool-419-thread-1] INFO  impl.RaftServerImpl (RaftServerImpl.java:<init>(93)) - 805302bb-512f-4740-9b33-f965a1421ef6: new RaftServerImpl for group-F7BBA9C4C5F4:[805302bb-512f-4740-9b33-f965a1421ef6:192.168.69.102:38448, 4615f4ce-fb17-47eb-adee-2d773b6217dc:192.168.69.102:39855, f719301a-9279-420f-b7a0-fd7fd360a35b:192.168.69.102:42295] with ContainerStateMachine:uninitialized
2019-08-29 16:59:11,257 [pool-459-thread-1] INFO  server.RaftServerConfigKeys (ConfUtils.java:logGet(43)) - raft.server.rpcslowness.timeout = 120s (custom)
2019-08-29 16:59:11,257 [pool-419-thread-1] INFO  server.RaftServerConfigKeys (ConfUtils.java:logGet(43)) - raft.server.rpc.timeout.min = 5s (custom)
2019-08-29 16:59:11,257 [pool-429-thread-1] INFO  impl.RaftServerImpl (ServerState.java:<init>(105)) - f719301a-9279-420f-b7a0-fd7fd360a35b:group-F7BBA9C4C5F4 ConfigurationManager, init=-1: [805302bb-512f-4740-9b33-f965a1421ef6:192.168.69.102:38448, 4615f4ce-fb17-47eb-adee-2d773b6217dc:192.168.69.102:39855, f719301a-9279-420f-b7a0-fd7fd360a35b:192.168.69.102:42295], old=null, confs=<EMPTY_MAP>
2019-08-29 16:59:11,258 [pool-419-thread-1] INFO  server.RaftServerConfigKeys (ConfUtils.java:logGet(43)) - raft.server.rpc.timeout.max = 5200ms (custom)
2019-08-29 16:59:11,257 [pool-459-thread-1] INFO  server.RaftServerConfigKeys (ConfUtils.java:logGet(43)) - raft.server.sleep.deviation.threshold = 300 (default)
2019-08-29 16:59:11,258 [pool-429-thread-1] INFO  server.RaftServerConfigKeys (ConfUtils.java:logGet(43)) - raft.server.storage.dir = [/workdir/hadoop-ozone/integration-test/target/test-dir/MiniOzoneClusterImpl-51fe08ff-1c36-40ef-8442-fe9f7994e715/datanode-2/data/ratis] (custom)
2019-08-29 16:59:11,258 [pool-419-thread-1] INFO  server.RaftServerConfigKeys (ConfUtils.java:logGet(43)) - raft.server.rpcslowness.timeout = 120s (custom)
2019-08-29 16:59:11,258 [pool-459-thread-1] INFO  server.RaftServerConfigKeys (ConfUtils.java:logGet(43)) - raft.server.log.appender.install.snapshot.enabled = false (custom)
2019-08-29 16:59:11,258 [pool-419-thread-1] INFO  server.RaftServerConfigKeys (ConfUtils.java:logGet(43)) - raft.server.sleep.deviation.threshold = 300 (default)
2019-08-29 16:59:11,258 [pool-459-thread-1] INFO  impl.RaftServerImpl (ServerState.java:<init>(105)) - 4615f4ce-fb17-47eb-adee-2d773b6217dc:group-F7BBA9C4C5F4 ConfigurationManager, init=-1: [805302bb-512f-4740-9b33-f965a1421ef6:192.168.69.102:38448, 4615f4ce-fb17-47eb-adee-2d773b6217dc:192.168.69.102:39855, f719301a-9279-420f-b7a0-fd7fd360a35b:192.168.69.102:42295], old=null, confs=<EMPTY_MAP>
2019-08-29 16:59:11,258 [pool-429-thread-1] INFO  storage.RaftStorageDirectory (RaftStorageDirectory.java:analyzeStorage(246)) - The storage directory /workdir/hadoop-ozone/integration-test/target/test-dir/MiniOzoneClusterImpl-51fe08ff-1c36-40ef-8442-fe9f7994e715/datanode-2/data/ratis/ac6e50f7-2599-4616-9fe3-f7bba9c4c5f4 does not exist. Creating ...
2019-08-29 16:59:11,258 [pool-419-thread-1] INFO  server.RaftServerConfigKeys (ConfUtils.java:logGet(43)) - raft.server.log.appender.install.snapshot.enabled = false (custom)
2019-08-29 16:59:11,259 [pool-459-thread-1] INFO  server.RaftServerConfigKeys (ConfUtils.java:logGet(43)) - raft.server.storage.dir = [/workdir/hadoop-ozone/integration-test/target/test-dir/MiniOzoneClusterImpl-51fe08ff-1c36-40ef-8442-fe9f7994e715/datanode-5/data/ratis] (custom)
2019-08-29 16:59:11,259 [pool-419-thread-1] INFO  impl.RaftServerImpl (ServerState.java:<init>(105)) - 805302bb-512f-4740-9b33-f965a1421ef6:group-F7BBA9C4C5F4 ConfigurationManager, init=-1: [805302bb-512f-4740-9b33-f965a1421ef6:192.168.69.102:38448, 4615f4ce-fb17-47eb-adee-2d773b6217dc:192.168.69.102:39855, f719301a-9279-420f-b7a0-fd7fd360a35b:192.168.69.102:42295], old=null, confs=<EMPTY_MAP>
2019-08-29 16:59:11,259 [pool-419-thread-1] INFO  server.RaftServerConfigKeys (ConfUtils.java:logGet(43)) - raft.server.storage.dir = [/workdir/hadoop-ozone/integration-test/target/test-dir/MiniOzoneClusterImpl-51fe08ff-1c36-40ef-8442-fe9f7994e715/datanode-1/data/ratis] (custom)
2019-08-29 16:59:11,259 [pool-459-thread-1] INFO  storage.RaftStorageDirectory (RaftStorageDirectory.java:analyzeStorage(246)) - The storage directory /workdir/hadoop-ozone/integration-test/target/test-dir/MiniOzoneClusterImpl-51fe08ff-1c36-40ef-8442-fe9f7994e715/datanode-5/data/ratis/ac6e50f7-2599-4616-9fe3-f7bba9c4c5f4 does not exist. Creating ...
2019-08-29 16:59:11,259 [pool-419-thread-1] INFO  storage.RaftStorageDirectory (RaftStorageDirectory.java:analyzeStorage(246)) - The storage directory /workdir/hadoop-ozone/integration-test/target/test-dir/MiniOzoneClusterImpl-51fe08ff-1c36-40ef-8442-fe9f7994e715/datanode-1/data/ratis/ac6e50f7-2599-4616-9fe3-f7bba9c4c5f4 does not exist. Creating ...
2019-08-29 16:59:11,287 [pool-459-thread-1] INFO  storage.RaftStorageDirectory (RaftStorageDirectory.java:tryLock(328)) - Lock on /workdir/hadoop-ozone/integration-test/target/test-dir/MiniOzoneClusterImpl-51fe08ff-1c36-40ef-8442-fe9f7994e715/datanode-5/data/ratis/ac6e50f7-2599-4616-9fe3-f7bba9c4c5f4/in_use.lock acquired by nodename 17055@pr-hdds-1413-r8zfz-2367378370
2019-08-29 16:59:11,287 [pool-419-thread-1] INFO  storage.RaftStorageDirectory (RaftStorageDirectory.java:tryLock(328)) - Lock on /workdir/hadoop-ozone/integration-test/target/test-dir/MiniOzoneClusterImpl-51fe08ff-1c36-40ef-8442-fe9f7994e715/datanode-1/data/ratis/ac6e50f7-2599-4616-9fe3-f7bba9c4c5f4/in_use.lock acquired by nodename 17055@pr-hdds-1413-r8zfz-2367378370
2019-08-29 16:59:11,287 [pool-429-thread-1] INFO  storage.RaftStorageDirectory (RaftStorageDirectory.java:tryLock(328)) - Lock on /workdir/hadoop-ozone/integration-test/target/test-dir/MiniOzoneClusterImpl-51fe08ff-1c36-40ef-8442-fe9f7994e715/datanode-2/data/ratis/ac6e50f7-2599-4616-9fe3-f7bba9c4c5f4/in_use.lock acquired by nodename 17055@pr-hdds-1413-r8zfz-2367378370
2019-08-29 16:59:11,313 [pool-459-thread-1] INFO  storage.RaftStorage (RaftStorage.java:format(72)) - Storage directory /workdir/hadoop-ozone/integration-test/target/test-dir/MiniOzoneClusterImpl-51fe08ff-1c36-40ef-8442-fe9f7994e715/datanode-5/data/ratis/ac6e50f7-2599-4616-9fe3-f7bba9c4c5f4 has been successfully formatted.
2019-08-29 16:59:11,313 [pool-429-thread-1] INFO  storage.RaftStorage (RaftStorage.java:format(72)) - Storage directory /workdir/hadoop-ozone/integration-test/target/test-dir/MiniOzoneClusterImpl-51fe08ff-1c36-40ef-8442-fe9f7994e715/datanode-2/data/ratis/ac6e50f7-2599-4616-9fe3-f7bba9c4c5f4 has been successfully formatted.
2019-08-29 16:59:11,313 [pool-419-thread-1] INFO  storage.RaftStorage (RaftStorage.java:format(72)) - Storage directory /workdir/hadoop-ozone/integration-test/target/test-dir/MiniOzoneClusterImpl-51fe08ff-1c36-40ef-8442-fe9f7994e715/datanode-1/data/ratis/ac6e50f7-2599-4616-9fe3-f7bba9c4c5f4 has been successfully formatted.
2019-08-29 16:59:11,313 [pool-429-thread-1] INFO  ratis.ContainerStateMachine (ContainerStateMachine.java:loadSnapshot(227)) - group-F7BBA9C4C5F4: The snapshot info is null. Setting the last applied indexto:(t:0, i:~)
2019-08-29 16:59:11,313 [pool-419-thread-1] INFO  ratis.ContainerStateMachine (ContainerStateMachine.java:loadSnapshot(227)) - group-F7BBA9C4C5F4: The snapshot info is null. Setting the last applied indexto:(t:0, i:~)
2019-08-29 16:59:11,313 [pool-459-thread-1] INFO  ratis.ContainerStateMachine (ContainerStateMachine.java:loadSnapshot(227)) - group-F7BBA9C4C5F4: The snapshot info is null. Setting the last applied indexto:(t:0, i:~)
2019-08-29 16:59:11,314 [pool-419-thread-1] INFO  server.RaftServerConfigKeys (ConfUtils.java:logGet(43)) - raft.server.leader.election.timeout = 120s (custom)
2019-08-29 16:59:11,313 [pool-429-thread-1] INFO  server.RaftServerConfigKeys (ConfUtils.java:logGet(43)) - raft.server.leader.election.timeout = 120s (custom)
2019-08-29 16:59:11,314 [pool-419-thread-1] INFO  server.RaftServerConfigKeys (ConfUtils.java:logGet(43)) - raft.server.log.use.memory = false (default)
2019-08-29 16:59:11,314 [pool-459-thread-1] INFO  server.RaftServerConfigKeys (ConfUtils.java:logGet(43)) - raft.server.leader.election.timeout = 120s (custom)
2019-08-29 16:59:11,314 [pool-419-thread-1] INFO  server.RaftServerConfigKeys (ConfUtils.java:logGet(43)) - raft.server.log.purge.gap = 1000000 (custom)
2019-08-29 16:59:11,314 [pool-429-thread-1] INFO  server.RaftServerConfigKeys (ConfUtils.java:logGet(43)) - raft.server.log.use.memory = false (default)
2019-08-29 16:59:11,314 [pool-419-thread-1] INFO  server.RaftServerConfigKeys (ConfUtils.java:logGet(43)) - raft.server.log.appender.buffer.byte-limit = 33554432 (custom)
2019-08-29 16:59:11,314 [pool-459-thread-1] INFO  server.RaftServerConfigKeys (ConfUtils.java:logGet(43)) - raft.server.log.use.memory = false (default)
2019-08-29 16:59:11,315 [pool-419-thread-1] INFO  server.RaftServerConfigKeys (ConfUtils.java:logGet(43)) - raft.server.log.segment.size.max = 1048576 (custom)
2019-08-29 16:59:11,315 [pool-429-thread-1] INFO  server.RaftServerConfigKeys (ConfUtils.java:logGet(43)) - raft.server.log.purge.gap = 1000000 (custom)
2019-08-29 16:59:11,315 [pool-419-thread-1] INFO  server.RaftServerConfigKeys (ConfUtils.java:logGet(43)) - raft.server.log.segment.cache.num.max = 2 (custom)
2019-08-29 16:59:11,315 [pool-459-thread-1] INFO  server.RaftServerConfigKeys (ConfUtils.java:logGet(43)) - raft.server.log.purge.gap = 1000000 (custom)
2019-08-29 16:59:11,315 [pool-419-thread-1] INFO  segmented.SegmentedRaftLogWorker (SegmentedRaftLogWorker.java:<init>(172)) - new 805302bb-512f-4740-9b33-f965a1421ef6-SegmentedRaftLogWorker:Storage Directory /workdir/hadoop-ozone/integration-test/target/test-dir/MiniOzoneClusterImpl-51fe08ff-1c36-40ef-8442-fe9f7994e715/datanode-1/data/ratis/ac6e50f7-2599-4616-9fe3-f7bba9c4c5f4 for RaftStorage:Storage Directory /workdir/hadoop-ozone/integration-test/target/test-dir/MiniOzoneClusterImpl-51fe08ff-1c36-40ef-8442-fe9f7994e715/datanode-1/data/ratis/ac6e50f7-2599-4616-9fe3-f7bba9c4c5f4
2019-08-29 16:59:11,315 [pool-429-thread-1] INFO  server.RaftServerConfigKeys (ConfUtils.java:logGet(43)) - raft.server.log.appender.buffer.byte-limit = 33554432 (custom)
2019-08-29 16:59:11,316 [pool-419-thread-1] INFO  server.RaftServerConfigKeys (ConfUtils.java:logGet(43)) - raft.server.log.queue.byte-limit = 2147483647 (custom)
2019-08-29 16:59:11,316 [pool-459-thread-1] INFO  server.RaftServerConfigKeys (ConfUtils.java:logGet(43)) - raft.server.log.appender.buffer.byte-limit = 33554432 (custom)
2019-08-29 16:59:11,316 [pool-419-thread-1] INFO  server.RaftServerConfigKeys (ConfUtils.java:logGet(43)) - raft.server.log.queue.element-limit = 1024 (custom)
2019-08-29 16:59:11,316 [pool-429-thread-1] INFO  server.RaftServerConfigKeys (ConfUtils.java:logGet(43)) - raft.server.log.segment.size.max = 1048576 (custom)
2019-08-29 16:59:11,316 [pool-419-thread-1] INFO  server.RaftServerConfigKeys (ConfUtils.java:logGet(43)) - raft.server.log.segment.size.max = 1048576 (custom)
2019-08-29 16:59:11,316 [pool-459-thread-1] INFO  server.RaftServerConfigKeys (ConfUtils.java:logGet(43)) - raft.server.log.segment.size.max = 1048576 (custom)
2019-08-29 16:59:11,317 [pool-419-thread-1] INFO  server.RaftServerConfigKeys (ConfUtils.java:logGet(43)) - raft.server.log.preallocated.size = 16384 (custom)
2019-08-29 16:59:11,317 [pool-429-thread-1] INFO  server.RaftServerConfigKeys (ConfUtils.java:logGet(43)) - raft.server.log.segment.cache.num.max = 2 (custom)
2019-08-29 16:59:11,317 [pool-419-thread-1] INFO  server.RaftServerConfigKeys (ConfUtils.java:logGet(43)) - raft.server.log.write.buffer.size = 33554432 (custom)
2019-08-29 16:59:11,317 [pool-459-thread-1] INFO  server.RaftServerConfigKeys (ConfUtils.java:logGet(43)) - raft.server.log.segment.cache.num.max = 2 (custom)
2019-08-29 16:59:11,317 [pool-419-thread-1] INFO  server.RaftServerConfigKeys (ConfUtils.java:logGet(43)) - raft.server.log.force.sync.num = 128 (default)
2019-08-29 16:59:11,317 [pool-429-thread-1] INFO  segmented.SegmentedRaftLogWorker (SegmentedRaftLogWorker.java:<init>(172)) - new f719301a-9279-420f-b7a0-fd7fd360a35b-SegmentedRaftLogWorker:Storage Directory /workdir/hadoop-ozone/integration-test/target/test-dir/MiniOzoneClusterImpl-51fe08ff-1c36-40ef-8442-fe9f7994e715/datanode-2/data/ratis/ac6e50f7-2599-4616-9fe3-f7bba9c4c5f4 for RaftStorage:Storage Directory /workdir/hadoop-ozone/integration-test/target/test-dir/MiniOzoneClusterImpl-51fe08ff-1c36-40ef-8442-fe9f7994e715/datanode-2/data/ratis/ac6e50f7-2599-4616-9fe3-f7bba9c4c5f4
2019-08-29 16:59:11,318 [pool-419-thread-1] INFO  server.RaftServerConfigKeys (ConfUtils.java:logGet(43)) - raft.server.log.statemachine.data.sync = true (default)
2019-08-29 16:59:11,317 [pool-459-thread-1] INFO  segmented.SegmentedRaftLogWorker (SegmentedRaftLogWorker.java:<init>(172)) - new 4615f4ce-fb17-47eb-adee-2d773b6217dc-SegmentedRaftLogWorker:Storage Directory /workdir/hadoop-ozone/integration-test/target/test-dir/MiniOzoneClusterImpl-51fe08ff-1c36-40ef-8442-fe9f7994e715/datanode-5/data/ratis/ac6e50f7-2599-4616-9fe3-f7bba9c4c5f4 for RaftStorage:Storage Directory /workdir/hadoop-ozone/integration-test/target/test-dir/MiniOzoneClusterImpl-51fe08ff-1c36-40ef-8442-fe9f7994e715/datanode-5/data/ratis/ac6e50f7-2599-4616-9fe3-f7bba9c4c5f4
2019-08-29 16:59:11,318 [pool-419-thread-1] INFO  server.RaftServerConfigKeys (ConfUtils.java:logGet(43)) - raft.server.log.statemachine.data.sync.timeout = 10s (default)
2019-08-29 16:59:11,318 [pool-429-thread-1] INFO  server.RaftServerConfigKeys (ConfUtils.java:logGet(43)) - raft.server.log.queue.byte-limit = 2147483647 (custom)
2019-08-29 16:59:11,318 [pool-419-thread-1] INFO  server.RaftServerConfigKeys (ConfUtils.java:logGet(43)) - raft.server.log.statemachine.data.sync.timeout.retry = -1 (default)
2019-08-29 16:59:11,318 [pool-459-thread-1] INFO  server.RaftServerConfigKeys (ConfUtils.java:logGet(43)) - raft.server.log.queue.byte-limit = 2147483647 (custom)
2019-08-29 16:59:11,319 [pool-419-thread-1] INFO  server.RaftServerConfigKeys (ConfUtils.java:logGet(43)) - raft.server.log.statemachine.data.caching.enabled = true (custom)
2019-08-29 16:59:11,318 [pool-429-thread-1] INFO  server.RaftServerConfigKeys (ConfUtils.java:logGet(43)) - raft.server.log.queue.element-limit = 1024 (custom)
2019-08-29 16:59:11,319 [pool-459-thread-1] INFO  server.RaftServerConfigKeys (ConfUtils.java:logGet(43)) - raft.server.log.queue.element-limit = 1024 (custom)
2019-08-29 16:59:11,319 [pool-429-thread-1] INFO  server.RaftServerConfigKeys (ConfUtils.java:logGet(43)) - raft.server.log.segment.size.max = 1048576 (custom)
2019-08-29 16:59:11,319 [pool-419-thread-1] INFO  segmented.SegmentedRaftLogWorker (SegmentedRaftLogWorker.java:lambda$new$0(132)) - 805302bb-512f-4740-9b33-f965a1421ef6-SegmentedRaftLogWorker:Storage Directory /workdir/hadoop-ozone/integration-test/target/test-dir/MiniOzoneClusterImpl-51fe08ff-1c36-40ef-8442-fe9f7994e715/datanode-1/data/ratis/ac6e50f7-2599-4616-9fe3-f7bba9c4c5f4: flushIndex: setUnconditionally 0 -> -1
2019-08-29 16:59:11,319 [pool-429-thread-1] INFO  server.RaftServerConfigKeys (ConfUtils.java:logGet(43)) - raft.server.log.preallocated.size = 16384 (custom)
2019-08-29 16:59:11,319 [pool-459-thread-1] INFO  server.RaftServerConfigKeys (ConfUtils.java:logGet(43)) - raft.server.log.segment.size.max = 1048576 (custom)
2019-08-29 16:59:11,320 [pool-419-thread-1] INFO  server.RaftServerConfigKeys (ConfUtils.java:logGet(43)) - raft.server.snapshot.auto.trigger.enabled = true (custom)
2019-08-29 16:59:11,320 [pool-429-thread-1] INFO  server.RaftServerConfigKeys (ConfUtils.java:logGet(43)) - raft.server.log.write.buffer.size = 33554432 (custom)
2019-08-29 16:59:11,320 [pool-419-thread-1] INFO  server.RaftServerConfigKeys (ConfUtils.java:logGet(43)) - raft.server.snapshot.auto.trigger.threshold = 10000 (custom)
2019-08-29 16:59:11,320 [pool-459-thread-1] INFO  server.RaftServerConfigKeys (ConfUtils.java:logGet(43)) - raft.server.log.preallocated.size = 16384 (custom)
2019-08-29 16:59:11,320 [pool-419-thread-1] INFO  server.RaftServerConfigKeys (ConfUtils.java:logGet(43)) - raft.server.retrycache.expirytime = 600000ms (custom)
2019-08-29 16:59:11,320 [pool-429-thread-1] INFO  server.RaftServerConfigKeys (ConfUtils.java:logGet(43)) - raft.server.log.force.sync.num = 128 (default)
2019-08-29 16:59:11,321 [pool-419-thread-1] INFO  impl.RaftServerImpl (RaftServerImpl.java:start(180)) - 805302bb-512f-4740-9b33-f965a1421ef6: start group-F7BBA9C4C5F4
2019-08-29 16:59:11,320 [pool-459-thread-1] INFO  server.RaftServerConfigKeys (ConfUtils.java:logGet(43)) - raft.server.log.write.buffer.size = 33554432 (custom)
2019-08-29 16:59:11,321 [pool-419-thread-1] INFO  impl.RaftServerImpl (RaftServerImpl.java:setRole(171)) - 805302bb-512f-4740-9b33-f965a1421ef6:group-F7BBA9C4C5F4 changes role from null to FOLLOWER at term 0 for startAsFollower
2019-08-29 16:59:11,321 [pool-429-thread-1] INFO  server.RaftServerConfigKeys (ConfUtils.java:logGet(43)) - raft.server.log.statemachine.data.sync = true (default)
2019-08-29 16:59:11,321 [pool-419-thread-1] INFO  impl.RoleInfo (RoleInfo.java:updateAndGet(143)) - 805302bb-512f-4740-9b33-f965a1421ef6: start FollowerState
2019-08-29 16:59:11,321 [pool-459-thread-1] INFO  server.RaftServerConfigKeys (ConfUtils.java:logGet(43)) - raft.server.log.force.sync.num = 128 (default)
2019-08-29 16:59:11,321 [pool-459-thread-1] INFO  server.RaftServerConfigKeys (ConfUtils.java:logGet(43)) - raft.server.log.statemachine.data.sync = true (default)
2019-08-29 16:59:11,321 [pool-429-thread-1] INFO  server.RaftServerConfigKeys (ConfUtils.java:logGet(43)) - raft.server.log.statemachine.data.sync.timeout = 10s (default)
2019-08-29 16:59:11,322 [pool-419-thread-1] INFO  util.JmxRegister (JmxRegister.java:tryRegister(44)) - Successfully registered JMX Bean with object name Ratis:service=RaftServer,group=group-F7BBA9C4C5F4,id=805302bb-512f-4740-9b33-f965a1421ef6
2019-08-29 16:59:11,322 [pool-459-thread-1] INFO  server.RaftServerConfigKeys (ConfUtils.java:logGet(43)) - raft.server.log.statemachine.data.sync.timeout = 10s (default)
2019-08-29 16:59:11,322 [pool-459-thread-1] INFO  server.RaftServerConfigKeys (ConfUtils.java:logGet(43)) - raft.server.log.statemachine.data.sync.timeout.retry = -1 (default)
2019-08-29 16:59:11,322 [pool-429-thread-1] INFO  server.RaftServerConfigKeys (ConfUtils.java:logGet(43)) - raft.server.log.statemachine.data.sync.timeout.retry = -1 (default)
2019-08-29 16:59:11,322 [pool-459-thread-1] INFO  server.RaftServerConfigKeys (ConfUtils.java:logGet(43)) - raft.server.log.statemachine.data.caching.enabled = true (custom)
2019-08-29 16:59:11,323 [pool-429-thread-1] INFO  server.RaftServerConfigKeys (ConfUtils.java:logGet(43)) - raft.server.log.statemachine.data.caching.enabled = true (custom)
2019-08-29 16:59:11,323 [pool-459-thread-1] INFO  segmented.SegmentedRaftLogWorker (SegmentedRaftLogWorker.java:lambda$new$0(132)) - 4615f4ce-fb17-47eb-adee-2d773b6217dc-SegmentedRaftLogWorker:Storage Directory /workdir/hadoop-ozone/integration-test/target/test-dir/MiniOzoneClusterImpl-51fe08ff-1c36-40ef-8442-fe9f7994e715/datanode-5/data/ratis/ac6e50f7-2599-4616-9fe3-f7bba9c4c5f4: flushIndex: setUnconditionally 0 -> -1
2019-08-29 16:59:11,323 [pool-429-thread-1] INFO  segmented.SegmentedRaftLogWorker (SegmentedRaftLogWorker.java:lambda$new$0(132)) - f719301a-9279-420f-b7a0-fd7fd360a35b-SegmentedRaftLogWorker:Storage Directory /workdir/hadoop-ozone/integration-test/target/test-dir/MiniOzoneClusterImpl-51fe08ff-1c36-40ef-8442-fe9f7994e715/datanode-2/data/ratis/ac6e50f7-2599-4616-9fe3-f7bba9c4c5f4: flushIndex: setUnconditionally 0 -> -1
2019-08-29 16:59:11,323 [pool-459-thread-1] INFO  server.RaftServerConfigKeys (ConfUtils.java:logGet(43)) - raft.server.snapshot.auto.trigger.enabled = true (custom)
2019-08-29 16:59:11,324 [pool-459-thread-1] INFO  server.RaftServerConfigKeys (ConfUtils.java:logGet(43)) - raft.server.snapshot.auto.trigger.threshold = 10000 (custom)
2019-08-29 16:59:11,324 [pool-429-thread-1] INFO  server.RaftServerConfigKeys (ConfUtils.java:logGet(43)) - raft.server.snapshot.auto.trigger.enabled = true (custom)
2019-08-29 16:59:11,324 [pool-459-thread-1] INFO  server.RaftServerConfigKeys (ConfUtils.java:logGet(43)) - raft.server.retrycache.expirytime = 600000ms (custom)
2019-08-29 16:59:11,324 [pool-429-thread-1] INFO  server.RaftServerConfigKeys (ConfUtils.java:logGet(43)) - raft.server.snapshot.auto.trigger.threshold = 10000 (custom)
2019-08-29 16:59:11,324 [pool-459-thread-1] INFO  impl.RaftServerImpl (RaftServerImpl.java:start(180)) - 4615f4ce-fb17-47eb-adee-2d773b6217dc: start group-F7BBA9C4C5F4
2019-08-29 16:59:11,324 [pool-429-thread-1] INFO  server.RaftServerConfigKeys (ConfUtils.java:logGet(43)) - raft.server.retrycache.expirytime = 600000ms (custom)
2019-08-29 16:59:11,324 [pool-459-thread-1] INFO  impl.RaftServerImpl (RaftServerImpl.java:setRole(171)) - 4615f4ce-fb17-47eb-adee-2d773b6217dc:group-F7BBA9C4C5F4 changes role from null to FOLLOWER at term 0 for startAsFollower
2019-08-29 16:59:11,324 [pool-429-thread-1] INFO  impl.RaftServerImpl (RaftServerImpl.java:start(180)) - f719301a-9279-420f-b7a0-fd7fd360a35b: start group-F7BBA9C4C5F4
2019-08-29 16:59:11,325 [pool-459-thread-1] INFO  impl.RoleInfo (RoleInfo.java:updateAndGet(143)) - 4615f4ce-fb17-47eb-adee-2d773b6217dc: start FollowerState
2019-08-29 16:59:11,325 [pool-429-thread-1] INFO  impl.RaftServerImpl (RaftServerImpl.java:setRole(171)) - f719301a-9279-420f-b7a0-fd7fd360a35b:group-F7BBA9C4C5F4 changes role from null to FOLLOWER at term 0 for startAsFollower
2019-08-29 16:59:11,325 [pool-429-thread-1] INFO  impl.RoleInfo (RoleInfo.java:updateAndGet(143)) - f719301a-9279-420f-b7a0-fd7fd360a35b: start FollowerState
2019-08-29 16:59:11,325 [pool-459-thread-1] INFO  util.JmxRegister (JmxRegister.java:tryRegister(44)) - Successfully registered JMX Bean with object name Ratis:service=RaftServer,group=group-F7BBA9C4C5F4,id=4615f4ce-fb17-47eb-adee-2d773b6217dc
2019-08-29 16:59:11,325 [pool-429-thread-1] INFO  util.JmxRegister (JmxRegister.java:tryRegister(44)) - Successfully registered JMX Bean with object name Ratis:service=RaftServer,group=group-F7BBA9C4C5F4,id=f719301a-9279-420f-b7a0-fd7fd360a35b
2019-08-29 16:59:11,328 [RatisPipelineUtilsThread] INFO  pipeline.PipelineStateManager (PipelineStateManager.java:addPipeline(56)) - Created pipeline Pipeline[ Id: ac6e50f7-2599-4616-9fe3-f7bba9c4c5f4, Nodes: 4615f4ce-fb17-47eb-adee-2d773b6217dc{ip: 192.168.69.102, host: pr-hdds-1413-r8zfz-2367378370, networkLocation: /default-rack, certSerialId: null}f719301a-9279-420f-b7a0-fd7fd360a35b{ip: 192.168.69.102, host: pr-hdds-1413-r8zfz-2367378370, networkLocation: /default-rack, certSerialId: null}805302bb-512f-4740-9b33-f965a1421ef6{ip: 192.168.69.102, host: pr-hdds-1413-r8zfz-2367378370, networkLocation: /default-rack, certSerialId: null}, Type:RATIS, Factor:THREE, State:OPEN]
2019-08-29 16:59:11,342 [grpc-default-executor-9] INFO  impl.RaftServerProxy (RaftServerProxy.java:addNew(89)) - 81f31524-daf9-4665-be93-5f6a14015188: addNew group-DB8F64C28A52:[6a69eb03-c6ce-4a25-af67-2d438bc9db9b:192.168.69.102:37548, 81f31524-daf9-4665-be93-5f6a14015188:192.168.69.102:43070, 7a616e93-d58e-4a6b-a0c4-5ab9b68bb367:192.168.69.102:35007] returns group-DB8F64C28A52:java.util.concurrent.CompletableFuture@68824a61[Not completed]
2019-08-29 16:59:11,342 [grpc-default-executor-7] INFO  impl.RaftServerProxy (RaftServerProxy.java:addNew(89)) - 7a616e93-d58e-4a6b-a0c4-5ab9b68bb367: addNew group-DB8F64C28A52:[6a69eb03-c6ce-4a25-af67-2d438bc9db9b:192.168.69.102:37548, 81f31524-daf9-4665-be93-5f6a14015188:192.168.69.102:43070, 7a616e93-d58e-4a6b-a0c4-5ab9b68bb367:192.168.69.102:35007] returns group-DB8F64C28A52:java.util.concurrent.CompletableFuture@24f31eeb[Not completed]
2019-08-29 16:59:11,342 [grpc-default-executor-5] INFO  impl.RaftServerProxy (RaftServerProxy.java:addNew(89)) - 6a69eb03-c6ce-4a25-af67-2d438bc9db9b: addNew group-DB8F64C28A52:[6a69eb03-c6ce-4a25-af67-2d438bc9db9b:192.168.69.102:37548, 81f31524-daf9-4665-be93-5f6a14015188:192.168.69.102:43070, 7a616e93-d58e-4a6b-a0c4-5ab9b68bb367:192.168.69.102:35007] returns group-DB8F64C28A52:java.util.concurrent.CompletableFuture@1e2988da[Not completed]
2019-08-29 16:59:11,343 [pool-449-thread-1] INFO  impl.RaftServerImpl (RaftServerImpl.java:<init>(93)) - 81f31524-daf9-4665-be93-5f6a14015188: new RaftServerImpl for group-DB8F64C28A52:[6a69eb03-c6ce-4a25-af67-2d438bc9db9b:192.168.69.102:37548, 81f31524-daf9-4665-be93-5f6a14015188:192.168.69.102:43070, 7a616e93-d58e-4a6b-a0c4-5ab9b68bb367:192.168.69.102:35007] with ContainerStateMachine:uninitialized
2019-08-29 16:59:11,343 [pool-449-thread-1] INFO  server.RaftServerConfigKeys (ConfUtils.java:logGet(43)) - raft.server.rpc.timeout.min = 5s (custom)
2019-08-29 16:59:11,344 [pool-449-thread-1] INFO  server.RaftServerConfigKeys (ConfUtils.java:logGet(43)) - raft.server.rpc.timeout.max = 5200ms (custom)
2019-08-29 16:59:11,344 [pool-449-thread-1] INFO  server.RaftServerConfigKeys (ConfUtils.java:logGet(43)) - raft.server.rpcslowness.timeout = 120s (custom)
2019-08-29 16:59:11,344 [pool-449-thread-1] INFO  server.RaftServerConfigKeys (ConfUtils.java:logGet(43)) - raft.server.sleep.deviation.threshold = 300 (default)
2019-08-29 16:59:11,344 [pool-449-thread-1] INFO  server.RaftServerConfigKeys (ConfUtils.java:logGet(43)) - raft.server.log.appender.install.snapshot.enabled = false (custom)
2019-08-29 16:59:11,344 [pool-449-thread-1] INFO  impl.RaftServerImpl (ServerState.java:<init>(105)) - 81f31524-daf9-4665-be93-5f6a14015188:group-DB8F64C28A52 ConfigurationManager, init=-1: [6a69eb03-c6ce-4a25-af67-2d438bc9db9b:192.168.69.102:37548, 81f31524-daf9-4665-be93-5f6a14015188:192.168.69.102:43070, 7a616e93-d58e-4a6b-a0c4-5ab9b68bb367:192.168.69.102:35007], old=null, confs=<EMPTY_MAP>
2019-08-29 16:59:11,344 [pool-449-thread-1] INFO  server.RaftServerConfigKeys (ConfUtils.java:logGet(43)) - raft.server.storage.dir = [/workdir/hadoop-ozone/integration-test/target/test-dir/MiniOzoneClusterImpl-51fe08ff-1c36-40ef-8442-fe9f7994e715/datanode-4/data/ratis] (custom)
2019-08-29 16:59:11,344 [pool-409-thread-1] INFO  impl.RaftServerImpl (RaftServerImpl.java:<init>(93)) - 7a616e93-d58e-4a6b-a0c4-5ab9b68bb367: new RaftServerImpl for group-DB8F64C28A52:[6a69eb03-c6ce-4a25-af67-2d438bc9db9b:192.168.69.102:37548, 81f31524-daf9-4665-be93-5f6a14015188:192.168.69.102:43070, 7a616e93-d58e-4a6b-a0c4-5ab9b68bb367:192.168.69.102:35007] with ContainerStateMachine:uninitialized
2019-08-29 16:59:11,345 [pool-449-thread-1] INFO  storage.RaftStorageDirectory (RaftStorageDirectory.java:analyzeStorage(246)) - The storage directory /workdir/hadoop-ozone/integration-test/target/test-dir/MiniOzoneClusterImpl-51fe08ff-1c36-40ef-8442-fe9f7994e715/datanode-4/data/ratis/d5c7637f-7c20-4cc6-8d08-db8f64c28a52 does not exist. Creating ...
2019-08-29 16:59:11,345 [pool-409-thread-1] INFO  server.RaftServerConfigKeys (ConfUtils.java:logGet(43)) - raft.server.rpc.timeout.min = 5s (custom)
2019-08-29 16:59:11,345 [pool-409-thread-1] INFO  server.RaftServerConfigKeys (ConfUtils.java:logGet(43)) - raft.server.rpc.timeout.max = 5200ms (custom)
2019-08-29 16:59:11,345 [pool-409-thread-1] INFO  server.RaftServerConfigKeys (ConfUtils.java:logGet(43)) - raft.server.rpcslowness.timeout = 120s (custom)
2019-08-29 16:59:11,345 [pool-469-thread-1] INFO  impl.RaftServerImpl (RaftServerImpl.java:<init>(93)) - 6a69eb03-c6ce-4a25-af67-2d438bc9db9b: new RaftServerImpl for group-DB8F64C28A52:[6a69eb03-c6ce-4a25-af67-2d438bc9db9b:192.168.69.102:37548, 81f31524-daf9-4665-be93-5f6a14015188:192.168.69.102:43070, 7a616e93-d58e-4a6b-a0c4-5ab9b68bb367:192.168.69.102:35007] with ContainerStateMachine:uninitialized
2019-08-29 16:59:11,345 [pool-409-thread-1] INFO  server.RaftServerConfigKeys (ConfUtils.java:logGet(43)) - raft.server.sleep.deviation.threshold = 300 (default)
2019-08-29 16:59:11,345 [pool-469-thread-1] INFO  server.RaftServerConfigKeys (ConfUtils.java:logGet(43)) - raft.server.rpc.timeout.min = 5s (custom)
2019-08-29 16:59:11,346 [pool-409-thread-1] INFO  server.RaftServerConfigKeys (ConfUtils.java:logGet(43)) - raft.server.log.appender.install.snapshot.enabled = false (custom)
2019-08-29 16:59:11,346 [pool-469-thread-1] INFO  server.RaftServerConfigKeys (ConfUtils.java:logGet(43)) - raft.server.rpc.timeout.max = 5200ms (custom)
2019-08-29 16:59:11,346 [pool-409-thread-1] INFO  impl.RaftServerImpl (ServerState.java:<init>(105)) - 7a616e93-d58e-4a6b-a0c4-5ab9b68bb367:group-DB8F64C28A52 ConfigurationManager, init=-1: [6a69eb03-c6ce-4a25-af67-2d438bc9db9b:192.168.69.102:37548, 81f31524-daf9-4665-be93-5f6a14015188:192.168.69.102:43070, 7a616e93-d58e-4a6b-a0c4-5ab9b68bb367:192.168.69.102:35007], old=null, confs=<EMPTY_MAP>
2019-08-29 16:59:11,346 [pool-469-thread-1] INFO  server.RaftServerConfigKeys (ConfUtils.java:logGet(43)) - raft.server.rpcslowness.timeout = 120s (custom)
2019-08-29 16:59:11,346 [pool-409-thread-1] INFO  server.RaftServerConfigKeys (ConfUtils.java:logGet(43)) - raft.server.storage.dir = [/workdir/hadoop-ozone/integration-test/target/test-dir/MiniOzoneClusterImpl-51fe08ff-1c36-40ef-8442-fe9f7994e715/datanode-0/data/ratis] (custom)
2019-08-29 16:59:11,346 [pool-469-thread-1] INFO  server.RaftServerConfigKeys (ConfUtils.java:logGet(43)) - raft.server.sleep.deviation.threshold = 300 (default)
2019-08-29 16:59:11,346 [pool-469-thread-1] INFO  server.RaftServerConfigKeys (ConfUtils.java:logGet(43)) - raft.server.log.appender.install.snapshot.enabled = false (custom)
2019-08-29 16:59:11,347 [pool-409-thread-1] INFO  storage.RaftStorageDirectory (RaftStorageDirectory.java:analyzeStorage(246)) - The storage directory /workdir/hadoop-ozone/integration-test/target/test-dir/MiniOzoneClusterImpl-51fe08ff-1c36-40ef-8442-fe9f7994e715/datanode-0/data/ratis/d5c7637f-7c20-4cc6-8d08-db8f64c28a52 does not exist. Creating ...
2019-08-29 16:59:11,347 [pool-469-thread-1] INFO  impl.RaftServerImpl (ServerState.java:<init>(105)) - 6a69eb03-c6ce-4a25-af67-2d438bc9db9b:group-DB8F64C28A52 ConfigurationManager, init=-1: [6a69eb03-c6ce-4a25-af67-2d438bc9db9b:192.168.69.102:37548, 81f31524-daf9-4665-be93-5f6a14015188:192.168.69.102:43070, 7a616e93-d58e-4a6b-a0c4-5ab9b68bb367:192.168.69.102:35007], old=null, confs=<EMPTY_MAP>
2019-08-29 16:59:11,347 [pool-469-thread-1] INFO  server.RaftServerConfigKeys (ConfUtils.java:logGet(43)) - raft.server.storage.dir = [/workdir/hadoop-ozone/integration-test/target/test-dir/MiniOzoneClusterImpl-51fe08ff-1c36-40ef-8442-fe9f7994e715/datanode-6/data/ratis] (custom)
2019-08-29 16:59:11,347 [pool-469-thread-1] INFO  storage.RaftStorageDirectory (RaftStorageDirectory.java:analyzeStorage(246)) - The storage directory /workdir/hadoop-ozone/integration-test/target/test-dir/MiniOzoneClusterImpl-51fe08ff-1c36-40ef-8442-fe9f7994e715/datanode-6/data/ratis/d5c7637f-7c20-4cc6-8d08-db8f64c28a52 does not exist. Creating ...
2019-08-29 16:59:11,372 [pool-449-thread-1] INFO  storage.RaftStorageDirectory (RaftStorageDirectory.java:tryLock(328)) - Lock on /workdir/hadoop-ozone/integration-test/target/test-dir/MiniOzoneClusterImpl-51fe08ff-1c36-40ef-8442-fe9f7994e715/datanode-4/data/ratis/d5c7637f-7c20-4cc6-8d08-db8f64c28a52/in_use.lock acquired by nodename 17055@pr-hdds-1413-r8zfz-2367378370
2019-08-29 16:59:11,372 [pool-469-thread-1] INFO  storage.RaftStorageDirectory (RaftStorageDirectory.java:tryLock(328)) - Lock on /workdir/hadoop-ozone/integration-test/target/test-dir/MiniOzoneClusterImpl-51fe08ff-1c36-40ef-8442-fe9f7994e715/datanode-6/data/ratis/d5c7637f-7c20-4cc6-8d08-db8f64c28a52/in_use.lock acquired by nodename 17055@pr-hdds-1413-r8zfz-2367378370
2019-08-29 16:59:11,372 [pool-409-thread-1] INFO  storage.RaftStorageDirectory (RaftStorageDirectory.java:tryLock(328)) - Lock on /workdir/hadoop-ozone/integration-test/target/test-dir/MiniOzoneClusterImpl-51fe08ff-1c36-40ef-8442-fe9f7994e715/datanode-0/data/ratis/d5c7637f-7c20-4cc6-8d08-db8f64c28a52/in_use.lock acquired by nodename 17055@pr-hdds-1413-r8zfz-2367378370
2019-08-29 16:59:11,398 [pool-469-thread-1] INFO  storage.RaftStorage (RaftStorage.java:format(72)) - Storage directory /workdir/hadoop-ozone/integration-test/target/test-dir/MiniOzoneClusterImpl-51fe08ff-1c36-40ef-8442-fe9f7994e715/datanode-6/data/ratis/d5c7637f-7c20-4cc6-8d08-db8f64c28a52 has been successfully formatted.
2019-08-29 16:59:11,398 [pool-409-thread-1] INFO  storage.RaftStorage (RaftStorage.java:format(72)) - Storage directory /workdir/hadoop-ozone/integration-test/target/test-dir/MiniOzoneClusterImpl-51fe08ff-1c36-40ef-8442-fe9f7994e715/datanode-0/data/ratis/d5c7637f-7c20-4cc6-8d08-db8f64c28a52 has been successfully formatted.
2019-08-29 16:59:11,398 [pool-469-thread-1] INFO  ratis.ContainerStateMachine (ContainerStateMachine.java:loadSnapshot(227)) - group-DB8F64C28A52: The snapshot info is null. Setting the last applied indexto:(t:0, i:~)
2019-08-29 16:59:11,398 [pool-449-thread-1] INFO  storage.RaftStorage (RaftStorage.java:format(72)) - Storage directory /workdir/hadoop-ozone/integration-test/target/test-dir/MiniOzoneClusterImpl-51fe08ff-1c36-40ef-8442-fe9f7994e715/datanode-4/data/ratis/d5c7637f-7c20-4cc6-8d08-db8f64c28a52 has been successfully formatted.
2019-08-29 16:59:11,398 [pool-469-thread-1] INFO  server.RaftServerConfigKeys (ConfUtils.java:logGet(43)) - raft.server.leader.election.timeout = 120s (custom)
2019-08-29 16:59:11,399 [pool-449-thread-1] INFO  ratis.ContainerStateMachine (ContainerStateMachine.java:loadSnapshot(227)) - group-DB8F64C28A52: The snapshot info is null. Setting the last applied indexto:(t:0, i:~)
2019-08-29 16:59:11,398 [pool-409-thread-1] INFO  ratis.ContainerStateMachine (ContainerStateMachine.java:loadSnapshot(227)) - group-DB8F64C28A52: The snapshot info is null. Setting the last applied indexto:(t:0, i:~)
2019-08-29 16:59:11,399 [pool-449-thread-1] INFO  server.RaftServerConfigKeys (ConfUtils.java:logGet(43)) - raft.server.leader.election.timeout = 120s (custom)
2019-08-29 16:59:11,399 [pool-469-thread-1] INFO  server.RaftServerConfigKeys (ConfUtils.java:logGet(43)) - raft.server.log.use.memory = false (default)
2019-08-29 16:59:11,399 [pool-449-thread-1] INFO  server.RaftServerConfigKeys (ConfUtils.java:logGet(43)) - raft.server.log.use.memory = false (default)
2019-08-29 16:59:11,399 [pool-409-thread-1] INFO  server.RaftServerConfigKeys (ConfUtils.java:logGet(43)) - raft.server.leader.election.timeout = 120s (custom)
2019-08-29 16:59:11,400 [pool-449-thread-1] INFO  server.RaftServerConfigKeys (ConfUtils.java:logGet(43)) - raft.server.log.purge.gap = 1000000 (custom)
2019-08-29 16:59:11,399 [pool-469-thread-1] INFO  server.RaftServerConfigKeys (ConfUtils.java:logGet(43)) - raft.server.log.purge.gap = 1000000 (custom)
2019-08-29 16:59:11,400 [pool-449-thread-1] INFO  server.RaftServerConfigKeys (ConfUtils.java:logGet(43)) - raft.server.log.appender.buffer.byte-limit = 33554432 (custom)
2019-08-29 16:59:11,400 [pool-409-thread-1] INFO  server.RaftServerConfigKeys (ConfUtils.java:logGet(43)) - raft.server.log.use.memory = false (default)
2019-08-29 16:59:11,400 [pool-449-thread-1] INFO  server.RaftServerConfigKeys (ConfUtils.java:logGet(43)) - raft.server.log.segment.size.max = 1048576 (custom)
2019-08-29 16:59:11,400 [pool-469-thread-1] INFO  server.RaftServerConfigKeys (ConfUtils.java:logGet(43)) - raft.server.log.appender.buffer.byte-limit = 33554432 (custom)
2019-08-29 16:59:11,401 [pool-449-thread-1] INFO  server.RaftServerConfigKeys (ConfUtils.java:logGet(43)) - raft.server.log.segment.cache.num.max = 2 (custom)
2019-08-29 16:59:11,401 [pool-409-thread-1] INFO  server.RaftServerConfigKeys (ConfUtils.java:logGet(43)) - raft.server.log.purge.gap = 1000000 (custom)
2019-08-29 16:59:11,401 [pool-449-thread-1] INFO  segmented.SegmentedRaftLogWorker (SegmentedRaftLogWorker.java:<init>(172)) - new 81f31524-daf9-4665-be93-5f6a14015188-SegmentedRaftLogWorker:Storage Directory /workdir/hadoop-ozone/integration-test/target/test-dir/MiniOzoneClusterImpl-51fe08ff-1c36-40ef-8442-fe9f7994e715/datanode-4/data/ratis/d5c7637f-7c20-4cc6-8d08-db8f64c28a52 for RaftStorage:Storage Directory /workdir/hadoop-ozone/integration-test/target/test-dir/MiniOzoneClusterImpl-51fe08ff-1c36-40ef-8442-fe9f7994e715/datanode-4/data/ratis/d5c7637f-7c20-4cc6-8d08-db8f64c28a52
2019-08-29 16:59:11,401 [pool-469-thread-1] INFO  server.RaftServerConfigKeys (ConfUtils.java:logGet(43)) - raft.server.log.segment.size.max = 1048576 (custom)
2019-08-29 16:59:11,401 [pool-449-thread-1] INFO  server.RaftServerConfigKeys (ConfUtils.java:logGet(43)) - raft.server.log.queue.byte-limit = 2147483647 (custom)
2019-08-29 16:59:11,401 [pool-409-thread-1] INFO  server.RaftServerConfigKeys (ConfUtils.java:logGet(43)) - raft.server.log.appender.buffer.byte-limit = 33554432 (custom)
2019-08-29 16:59:11,402 [pool-449-thread-1] INFO  server.RaftServerConfigKeys (ConfUtils.java:logGet(43)) - raft.server.log.queue.element-limit = 1024 (custom)
2019-08-29 16:59:11,402 [pool-469-thread-1] INFO  server.RaftServerConfigKeys (ConfUtils.java:logGet(43)) - raft.server.log.segment.cache.num.max = 2 (custom)
2019-08-29 16:59:11,402 [pool-449-thread-1] INFO  server.RaftServerConfigKeys (ConfUtils.java:logGet(43)) - raft.server.log.segment.size.max = 1048576 (custom)
2019-08-29 16:59:11,402 [pool-409-thread-1] INFO  server.RaftServerConfigKeys (ConfUtils.java:logGet(43)) - raft.server.log.segment.size.max = 1048576 (custom)
2019-08-29 16:59:11,402 [pool-449-thread-1] INFO  server.RaftServerConfigKeys (ConfUtils.java:logGet(43)) - raft.server.log.preallocated.size = 16384 (custom)
2019-08-29 16:59:11,402 [pool-469-thread-1] INFO  segmented.SegmentedRaftLogWorker (SegmentedRaftLogWorker.java:<init>(172)) - new 6a69eb03-c6ce-4a25-af67-2d438bc9db9b-SegmentedRaftLogWorker:Storage Directory /workdir/hadoop-ozone/integration-test/target/test-dir/MiniOzoneClusterImpl-51fe08ff-1c36-40ef-8442-fe9f7994e715/datanode-6/data/ratis/d5c7637f-7c20-4cc6-8d08-db8f64c28a52 for RaftStorage:Storage Directory /workdir/hadoop-ozone/integration-test/target/test-dir/MiniOzoneClusterImpl-51fe08ff-1c36-40ef-8442-fe9f7994e715/datanode-6/data/ratis/d5c7637f-7c20-4cc6-8d08-db8f64c28a52
2019-08-29 16:59:11,403 [pool-449-thread-1] INFO  server.RaftServerConfigKeys (ConfUtils.java:logGet(43)) - raft.server.log.write.buffer.size = 33554432 (custom)
2019-08-29 16:59:11,403 [pool-409-thread-1] INFO  server.RaftServerConfigKeys (ConfUtils.java:logGet(43)) - raft.server.log.segment.cache.num.max = 2 (custom)
2019-08-29 16:59:11,403 [pool-449-thread-1] INFO  server.RaftServerConfigKeys (ConfUtils.java:logGet(43)) - raft.server.log.force.sync.num = 128 (default)
2019-08-29 16:59:11,403 [pool-469-thread-1] INFO  server.RaftServerConfigKeys (ConfUtils.java:logGet(43)) - raft.server.log.queue.byte-limit = 2147483647 (custom)
2019-08-29 16:59:11,403 [pool-449-thread-1] INFO  server.RaftServerConfigKeys (ConfUtils.java:logGet(43)) - raft.server.log.statemachine.data.sync = true (default)
2019-08-29 16:59:11,403 [pool-409-thread-1] INFO  segmented.SegmentedRaftLogWorker (SegmentedRaftLogWorker.java:<init>(172)) - new 7a616e93-d58e-4a6b-a0c4-5ab9b68bb367-SegmentedRaftLogWorker:Storage Directory /workdir/hadoop-ozone/integration-test/target/test-dir/MiniOzoneClusterImpl-51fe08ff-1c36-40ef-8442-fe9f7994e715/datanode-0/data/ratis/d5c7637f-7c20-4cc6-8d08-db8f64c28a52 for RaftStorage:Storage Directory /workdir/hadoop-ozone/integration-test/target/test-dir/MiniOzoneClusterImpl-51fe08ff-1c36-40ef-8442-fe9f7994e715/datanode-0/data/ratis/d5c7637f-7c20-4cc6-8d08-db8f64c28a52
2019-08-29 16:59:11,404 [pool-449-thread-1] INFO  server.RaftServerConfigKeys (ConfUtils.java:logGet(43)) - raft.server.log.statemachine.data.sync.timeout = 10s (default)
2019-08-29 16:59:11,404 [pool-449-thread-1] INFO  server.RaftServerConfigKeys (ConfUtils.java:logGet(43)) - raft.server.log.statemachine.data.sync.timeout.retry = -1 (default)
2019-08-29 16:59:11,404 [pool-469-thread-1] INFO  server.RaftServerConfigKeys (ConfUtils.java:logGet(43)) - raft.server.log.queue.element-limit = 1024 (custom)
2019-08-29 16:59:11,404 [pool-449-thread-1] INFO  server.RaftServerConfigKeys (ConfUtils.java:logGet(43)) - raft.server.log.statemachine.data.caching.enabled = true (custom)
2019-08-29 16:59:11,404 [pool-409-thread-1] INFO  server.RaftServerConfigKeys (ConfUtils.java:logGet(43)) - raft.server.log.queue.byte-limit = 2147483647 (custom)
2019-08-29 16:59:11,405 [pool-469-thread-1] INFO  server.RaftServerConfigKeys (ConfUtils.java:logGet(43)) - raft.server.log.segment.size.max = 1048576 (custom)
2019-08-29 16:59:11,405 [pool-449-thread-1] INFO  segmented.SegmentedRaftLogWorker (SegmentedRaftLogWorker.java:lambda$new$0(132)) - 81f31524-daf9-4665-be93-5f6a14015188-SegmentedRaftLogWorker:Storage Directory /workdir/hadoop-ozone/integration-test/target/test-dir/MiniOzoneClusterImpl-51fe08ff-1c36-40ef-8442-fe9f7994e715/datanode-4/data/ratis/d5c7637f-7c20-4cc6-8d08-db8f64c28a52: flushIndex: setUnconditionally 0 -> -1
2019-08-29 16:59:11,405 [pool-409-thread-1] INFO  server.RaftServerConfigKeys (ConfUtils.java:logGet(43)) - raft.server.log.queue.element-limit = 1024 (custom)
2019-08-29 16:59:11,405 [pool-469-thread-1] INFO  server.RaftServerConfigKeys (ConfUtils.java:logGet(43)) - raft.server.log.preallocated.size = 16384 (custom)
2019-08-29 16:59:11,406 [pool-449-thread-1] INFO  server.RaftServerConfigKeys (ConfUtils.java:logGet(43)) - raft.server.snapshot.auto.trigger.enabled = true (custom)
2019-08-29 16:59:11,405 [pool-409-thread-1] INFO  server.RaftServerConfigKeys (ConfUtils.java:logGet(43)) - raft.server.log.segment.size.max = 1048576 (custom)
2019-08-29 16:59:11,406 [pool-449-thread-1] INFO  server.RaftServerConfigKeys (ConfUtils.java:logGet(43)) - raft.server.snapshot.auto.trigger.threshold = 10000 (custom)
2019-08-29 16:59:11,406 [pool-469-thread-1] INFO  server.RaftServerConfigKeys (ConfUtils.java:logGet(43)) - raft.server.log.write.buffer.size = 33554432 (custom)
2019-08-29 16:59:11,406 [pool-449-thread-1] INFO  server.RaftServerConfigKeys (ConfUtils.java:logGet(43)) - raft.server.retrycache.expirytime = 600000ms (custom)
2019-08-29 16:59:11,406 [pool-409-thread-1] INFO  server.RaftServerConfigKeys (ConfUtils.java:logGet(43)) - raft.server.log.preallocated.size = 16384 (custom)
2019-08-29 16:59:11,407 [pool-449-thread-1] INFO  impl.RaftServerImpl (RaftServerImpl.java:start(180)) - 81f31524-daf9-4665-be93-5f6a14015188: start group-DB8F64C28A52
2019-08-29 16:59:11,406 [pool-469-thread-1] INFO  server.RaftServerConfigKeys (ConfUtils.java:logGet(43)) - raft.server.log.force.sync.num = 128 (default)
2019-08-29 16:59:11,407 [pool-449-thread-1] INFO  impl.RaftServerImpl (RaftServerImpl.java:setRole(171)) - 81f31524-daf9-4665-be93-5f6a14015188:group-DB8F64C28A52 changes role from null to FOLLOWER at term 0 for startAsFollower
2019-08-29 16:59:11,407 [pool-409-thread-1] INFO  server.RaftServerConfigKeys (ConfUtils.java:logGet(43)) - raft.server.log.write.buffer.size = 33554432 (custom)
2019-08-29 16:59:11,407 [pool-449-thread-1] INFO  impl.RoleInfo (RoleInfo.java:updateAndGet(143)) - 81f31524-daf9-4665-be93-5f6a14015188: start FollowerState
2019-08-29 16:59:11,407 [pool-469-thread-1] INFO  server.RaftServerConfigKeys (ConfUtils.java:logGet(43)) - raft.server.log.statemachine.data.sync = true (default)
2019-08-29 16:59:11,408 [pool-469-thread-1] INFO  server.RaftServerConfigKeys (ConfUtils.java:logGet(43)) - raft.server.log.statemachine.data.sync.timeout = 10s (default)
2019-08-29 16:59:11,407 [pool-409-thread-1] INFO  server.RaftServerConfigKeys (ConfUtils.java:logGet(43)) - raft.server.log.force.sync.num = 128 (default)
2019-08-29 16:59:11,408 [pool-449-thread-1] INFO  util.JmxRegister (JmxRegister.java:tryRegister(44)) - Successfully registered JMX Bean with object name Ratis:service=RaftServer,group=group-DB8F64C28A52,id=81f31524-daf9-4665-be93-5f6a14015188
2019-08-29 16:59:11,408 [pool-469-thread-1] INFO  server.RaftServerConfigKeys (ConfUtils.java:logGet(43)) - raft.server.log.statemachine.data.sync.timeout.retry = -1 (default)
2019-08-29 16:59:11,408 [pool-409-thread-1] INFO  server.RaftServerConfigKeys (ConfUtils.java:logGet(43)) - raft.server.log.statemachine.data.sync = true (default)
2019-08-29 16:59:11,408 [pool-469-thread-1] INFO  server.RaftServerConfigKeys (ConfUtils.java:logGet(43)) - raft.server.log.statemachine.data.caching.enabled = true (custom)
2019-08-29 16:59:11,408 [pool-409-thread-1] INFO  server.RaftServerConfigKeys (ConfUtils.java:logGet(43)) - raft.server.log.statemachine.data.sync.timeout = 10s (default)
2019-08-29 16:59:11,409 [pool-409-thread-1] INFO  server.RaftServerConfigKeys (ConfUtils.java:logGet(43)) - raft.server.log.statemachine.data.sync.timeout.retry = -1 (default)
2019-08-29 16:59:11,409 [pool-469-thread-1] INFO  segmented.SegmentedRaftLogWorker (SegmentedRaftLogWorker.java:lambda$new$0(132)) - 6a69eb03-c6ce-4a25-af67-2d438bc9db9b-SegmentedRaftLogWorker:Storage Directory /workdir/hadoop-ozone/integration-test/target/test-dir/MiniOzoneClusterImpl-51fe08ff-1c36-40ef-8442-fe9f7994e715/datanode-6/data/ratis/d5c7637f-7c20-4cc6-8d08-db8f64c28a52: flushIndex: setUnconditionally 0 -> -1
2019-08-29 16:59:11,409 [pool-409-thread-1] INFO  server.RaftServerConfigKeys (ConfUtils.java:logGet(43)) - raft.server.log.statemachine.data.caching.enabled = true (custom)
2019-08-29 16:59:11,409 [pool-469-thread-1] INFO  server.RaftServerConfigKeys (ConfUtils.java:logGet(43)) - raft.server.snapshot.auto.trigger.enabled = true (custom)
2019-08-29 16:59:11,409 [pool-409-thread-1] INFO  segmented.SegmentedRaftLogWorker (SegmentedRaftLogWorker.java:lambda$new$0(132)) - 7a616e93-d58e-4a6b-a0c4-5ab9b68bb367-SegmentedRaftLogWorker:Storage Directory /workdir/hadoop-ozone/integration-test/target/test-dir/MiniOzoneClusterImpl-51fe08ff-1c36-40ef-8442-fe9f7994e715/datanode-0/data/ratis/d5c7637f-7c20-4cc6-8d08-db8f64c28a52: flushIndex: setUnconditionally 0 -> -1
2019-08-29 16:59:11,409 [pool-469-thread-1] INFO  server.RaftServerConfigKeys (ConfUtils.java:logGet(43)) - raft.server.snapshot.auto.trigger.threshold = 10000 (custom)
2019-08-29 16:59:11,410 [pool-409-thread-1] INFO  server.RaftServerConfigKeys (ConfUtils.java:logGet(43)) - raft.server.snapshot.auto.trigger.enabled = true (custom)
2019-08-29 16:59:11,410 [pool-469-thread-1] INFO  server.RaftServerConfigKeys (ConfUtils.java:logGet(43)) - raft.server.retrycache.expirytime = 600000ms (custom)
2019-08-29 16:59:11,410 [pool-409-thread-1] INFO  server.RaftServerConfigKeys (ConfUtils.java:logGet(43)) - raft.server.snapshot.auto.trigger.threshold = 10000 (custom)
2019-08-29 16:59:11,410 [pool-469-thread-1] INFO  impl.RaftServerImpl (RaftServerImpl.java:start(180)) - 6a69eb03-c6ce-4a25-af67-2d438bc9db9b: start group-DB8F64C28A52
2019-08-29 16:59:11,410 [pool-409-thread-1] INFO  server.RaftServerConfigKeys (ConfUtils.java:logGet(43)) - raft.server.retrycache.expirytime = 600000ms (custom)
2019-08-29 16:59:11,410 [pool-469-thread-1] INFO  impl.RaftServerImpl (RaftServerImpl.java:setRole(171)) - 6a69eb03-c6ce-4a25-af67-2d438bc9db9b:group-DB8F64C28A52 changes role from null to FOLLOWER at term 0 for startAsFollower
2019-08-29 16:59:11,410 [pool-409-thread-1] INFO  impl.RaftServerImpl (RaftServerImpl.java:start(180)) - 7a616e93-d58e-4a6b-a0c4-5ab9b68bb367: start group-DB8F64C28A52
2019-08-29 16:59:11,410 [pool-469-thread-1] INFO  impl.RoleInfo (RoleInfo.java:updateAndGet(143)) - 6a69eb03-c6ce-4a25-af67-2d438bc9db9b: start FollowerState
2019-08-29 16:59:11,410 [pool-409-thread-1] INFO  impl.RaftServerImpl (RaftServerImpl.java:setRole(171)) - 7a616e93-d58e-4a6b-a0c4-5ab9b68bb367:group-DB8F64C28A52 changes role from null to FOLLOWER at term 0 for startAsFollower
2019-08-29 16:59:11,411 [pool-409-thread-1] INFO  impl.RoleInfo (RoleInfo.java:updateAndGet(143)) - 7a616e93-d58e-4a6b-a0c4-5ab9b68bb367: start FollowerState
2019-08-29 16:59:11,411 [pool-469-thread-1] INFO  util.JmxRegister (JmxRegister.java:tryRegister(44)) - Successfully registered JMX Bean with object name Ratis:service=RaftServer,group=group-DB8F64C28A52,id=6a69eb03-c6ce-4a25-af67-2d438bc9db9b
2019-08-29 16:59:11,411 [pool-409-thread-1] INFO  util.JmxRegister (JmxRegister.java:tryRegister(44)) - Successfully registered JMX Bean with object name Ratis:service=RaftServer,group=group-DB8F64C28A52,id=7a616e93-d58e-4a6b-a0c4-5ab9b68bb367
2019-08-29 16:59:11,416 [RatisPipelineUtilsThread] INFO  pipeline.PipelineStateManager (PipelineStateManager.java:addPipeline(56)) - Created pipeline Pipeline[ Id: d5c7637f-7c20-4cc6-8d08-db8f64c28a52, Nodes: 7a616e93-d58e-4a6b-a0c4-5ab9b68bb367{ip: 192.168.69.102, host: pr-hdds-1413-r8zfz-2367378370, networkLocation: /default-rack, certSerialId: null}6a69eb03-c6ce-4a25-af67-2d438bc9db9b{ip: 192.168.69.102, host: pr-hdds-1413-r8zfz-2367378370, networkLocation: /default-rack, certSerialId: null}81f31524-daf9-4665-be93-5f6a14015188{ip: 192.168.69.102, host: pr-hdds-1413-r8zfz-2367378370, networkLocation: /default-rack, certSerialId: null}, Type:RATIS, Factor:THREE, State:OPEN]
2019-08-29 16:59:11,422 | INFO  | SCMAudit | user=jenkins1000 | ip=192.168.69.102 | op=ALLOCATE_BLOCK {owner=2fbba8a2-5a81-421a-8576-8a7ff82f24f7, size=800, type=RATIS, factor=THREE} | ret=SUCCESS |  
2019-08-29 16:59:11,427 | INFO  | OMAudit | user=jenkins1000 | ip=127.0.0.1 | op=ALLOCATE_KEY {volume=testblockoutputstream, bucket=testblockoutputstream, key=412a719d-4487-4dad-a1b8-0f865fac18b1, dataSize=0, replicationType=RATIS, replicationFactor=THREE, keyLocationInfo=null} | ret=SUCCESS |  
2019-08-29 16:59:11,441 [grpc-default-executor-5] INFO  client.GrpcClientProtocolClient (GrpcClientProtocolClient.java:onNext(255)) - client-C861337DE706->4615f4ce-fb17-47eb-adee-2d773b6217dc: receive RaftClientReply:client-C861337DE706->4615f4ce-fb17-47eb-adee-2d773b6217dc@group-F7BBA9C4C5F4, cid=183, FAILED org.apache.ratis.protocol.NotLeaderException: Server 4615f4ce-fb17-47eb-adee-2d773b6217dc is not the leader (null). Request must be sent to leader., logIndex=0, commits[4615f4ce-fb17-47eb-adee-2d773b6217dc:c-1]
2019-08-29 16:59:12,463 [grpc-default-executor-7] INFO  client.GrpcClientProtocolClient (GrpcClientProtocolClient.java:onNext(255)) - client-C861337DE706->f719301a-9279-420f-b7a0-fd7fd360a35b: receive RaftClientReply:client-C861337DE706->f719301a-9279-420f-b7a0-fd7fd360a35b@group-F7BBA9C4C5F4, cid=183, FAILED org.apache.ratis.protocol.NotLeaderException: Server f719301a-9279-420f-b7a0-fd7fd360a35b is not the leader (null). Request must be sent to leader., logIndex=0, commits[f719301a-9279-420f-b7a0-fd7fd360a35b:c-1]
2019-08-29 16:59:12,729 | INFO  | SCMAudit | user=jenkins1000 | ip=192.168.69.102 | op=SEND_HEARTBEAT {datanodeUUID=7a616e93-d58e-4a6b-a0c4-5ab9b68bb367, command=[]} | ret=SUCCESS |  
2019-08-29 16:59:12,814 | INFO  | SCMAudit | user=jenkins1000 | ip=192.168.69.102 | op=SEND_HEARTBEAT {datanodeUUID=805302bb-512f-4740-9b33-f965a1421ef6, command=[]} | ret=SUCCESS |  
2019-08-29 16:59:12,898 | INFO  | SCMAudit | user=jenkins1000 | ip=192.168.69.102 | op=SEND_HEARTBEAT {datanodeUUID=f719301a-9279-420f-b7a0-fd7fd360a35b, command=[]} | ret=SUCCESS |  
2019-08-29 16:59:12,961 | INFO  | SCMAudit | user=jenkins1000 | ip=192.168.69.102 | op=SEND_HEARTBEAT {datanodeUUID=3580c151-a3bd-4c31-932d-2b2c4791eb11, command=[]} | ret=SUCCESS |  
2019-08-29 16:59:13,020 | INFO  | SCMAudit | user=jenkins1000 | ip=192.168.69.102 | op=SEND_HEARTBEAT {datanodeUUID=81f31524-daf9-4665-be93-5f6a14015188, command=[]} | ret=SUCCESS |  
2019-08-29 16:59:13,081 | INFO  | SCMAudit | user=jenkins1000 | ip=192.168.69.102 | op=SEND_HEARTBEAT {datanodeUUID=4615f4ce-fb17-47eb-adee-2d773b6217dc, command=[]} | ret=SUCCESS |  
2019-08-29 16:59:13,148 | INFO  | SCMAudit | user=jenkins1000 | ip=192.168.69.102 | op=SEND_HEARTBEAT {datanodeUUID=6a69eb03-c6ce-4a25-af67-2d438bc9db9b, command=[]} | ret=SUCCESS |  
2019-08-29 16:59:13,472 [grpc-default-executor-5] INFO  client.GrpcClientProtocolClient (GrpcClientProtocolClient.java:onNext(255)) - client-C861337DE706->805302bb-512f-4740-9b33-f965a1421ef6: receive RaftClientReply:client-C861337DE706->805302bb-512f-4740-9b33-f965a1421ef6@group-F7BBA9C4C5F4, cid=183, FAILED org.apache.ratis.protocol.NotLeaderException: Server 805302bb-512f-4740-9b33-f965a1421ef6 is not the leader (null). Request must be sent to leader., logIndex=0, commits[805302bb-512f-4740-9b33-f965a1421ef6:c-1]
2019-08-29 16:59:13,728 | INFO  | SCMAudit | user=jenkins1000 | ip=192.168.69.102 | op=SEND_HEARTBEAT {datanodeUUID=7a616e93-d58e-4a6b-a0c4-5ab9b68bb367, command=[]} | ret=SUCCESS |  
2019-08-29 16:59:13,741 [Thread-3523] INFO  container.ReplicationManager (ReplicationManager.java:start(152)) - Starting Replication Monitor Thread.
2019-08-29 16:59:13,746 [ReplicationMonitor] INFO  container.ReplicationManager (ReplicationManager.java:run(215)) - Replication Monitor Thread took 0 milliseconds for processing 1 containers.
2019-08-29 16:59:13,814 | INFO  | SCMAudit | user=jenkins1000 | ip=192.168.69.102 | op=SEND_HEARTBEAT {datanodeUUID=805302bb-512f-4740-9b33-f965a1421ef6, command=[]} | ret=SUCCESS |  
2019-08-29 16:59:13,897 | INFO  | SCMAudit | user=jenkins1000 | ip=192.168.69.102 | op=SEND_HEARTBEAT {datanodeUUID=f719301a-9279-420f-b7a0-fd7fd360a35b, command=[]} | ret=SUCCESS |  
2019-08-29 16:59:13,961 | INFO  | SCMAudit | user=jenkins1000 | ip=192.168.69.102 | op=SEND_HEARTBEAT {datanodeUUID=3580c151-a3bd-4c31-932d-2b2c4791eb11, command=[]} | ret=SUCCESS |  
2019-08-29 16:59:14,020 | INFO  | SCMAudit | user=jenkins1000 | ip=192.168.69.102 | op=SEND_HEARTBEAT {datanodeUUID=81f31524-daf9-4665-be93-5f6a14015188, command=[]} | ret=SUCCESS |  
2019-08-29 16:59:14,080 | INFO  | SCMAudit | user=jenkins1000 | ip=192.168.69.102 | op=SEND_HEARTBEAT {datanodeUUID=4615f4ce-fb17-47eb-adee-2d773b6217dc, command=[]} | ret=SUCCESS |  
2019-08-29 16:59:14,148 | INFO  | SCMAudit | user=jenkins1000 | ip=192.168.69.102 | op=SEND_HEARTBEAT {datanodeUUID=6a69eb03-c6ce-4a25-af67-2d438bc9db9b, command=[]} | ret=SUCCESS |  
2019-08-29 16:59:14,483 [grpc-default-executor-7] INFO  client.GrpcClientProtocolClient (GrpcClientProtocolClient.java:onNext(255)) - client-C861337DE706->4615f4ce-fb17-47eb-adee-2d773b6217dc: receive RaftClientReply:client-C861337DE706->4615f4ce-fb17-47eb-adee-2d773b6217dc@group-F7BBA9C4C5F4, cid=183, FAILED org.apache.ratis.protocol.NotLeaderException: Server 4615f4ce-fb17-47eb-adee-2d773b6217dc is not the leader (null). Request must be sent to leader., logIndex=0, commits[4615f4ce-fb17-47eb-adee-2d773b6217dc:c-1]
2019-08-29 16:59:14,729 | INFO  | SCMAudit | user=jenkins1000 | ip=192.168.69.102 | op=SEND_HEARTBEAT {datanodeUUID=7a616e93-d58e-4a6b-a0c4-5ab9b68bb367, command=[]} | ret=SUCCESS |  
2019-08-29 16:59:14,815 | INFO  | SCMAudit | user=jenkins1000 | ip=192.168.69.102 | op=SEND_HEARTBEAT {datanodeUUID=805302bb-512f-4740-9b33-f965a1421ef6, command=[]} | ret=SUCCESS |  
2019-08-29 16:59:14,898 | INFO  | SCMAudit | user=jenkins1000 | ip=192.168.69.102 | op=SEND_HEARTBEAT {datanodeUUID=f719301a-9279-420f-b7a0-fd7fd360a35b, command=[]} | ret=SUCCESS |  
2019-08-29 16:59:14,961 | INFO  | SCMAudit | user=jenkins1000 | ip=192.168.69.102 | op=SEND_HEARTBEAT {datanodeUUID=3580c151-a3bd-4c31-932d-2b2c4791eb11, command=[]} | ret=SUCCESS |  
2019-08-29 16:59:15,021 | INFO  | SCMAudit | user=jenkins1000 | ip=192.168.69.102 | op=SEND_HEARTBEAT {datanodeUUID=81f31524-daf9-4665-be93-5f6a14015188, command=[]} | ret=SUCCESS |  
2019-08-29 16:59:15,080 | INFO  | SCMAudit | user=jenkins1000 | ip=192.168.69.102 | op=SEND_HEARTBEAT {datanodeUUID=4615f4ce-fb17-47eb-adee-2d773b6217dc, command=[]} | ret=SUCCESS |  
2019-08-29 16:59:15,149 | INFO  | SCMAudit | user=jenkins1000 | ip=192.168.69.102 | op=SEND_HEARTBEAT {datanodeUUID=6a69eb03-c6ce-4a25-af67-2d438bc9db9b, command=[]} | ret=SUCCESS |  
2019-08-29 16:59:15,507 [grpc-default-executor-5] INFO  client.GrpcClientProtocolClient (GrpcClientProtocolClient.java:onNext(255)) - client-C861337DE706->805302bb-512f-4740-9b33-f965a1421ef6: receive RaftClientReply:client-C861337DE706->805302bb-512f-4740-9b33-f965a1421ef6@group-F7BBA9C4C5F4, cid=183, FAILED org.apache.ratis.protocol.NotLeaderException: Server 805302bb-512f-4740-9b33-f965a1421ef6 is not the leader (null). Request must be sent to leader., logIndex=0, commits[805302bb-512f-4740-9b33-f965a1421ef6:c-1]
2019-08-29 16:59:15,728 | INFO  | SCMAudit | user=jenkins1000 | ip=192.168.69.102 | op=SEND_HEARTBEAT {datanodeUUID=7a616e93-d58e-4a6b-a0c4-5ab9b68bb367, command=[]} | ret=SUCCESS |  
2019-08-29 16:59:15,815 | INFO  | SCMAudit | user=jenkins1000 | ip=192.168.69.102 | op=SEND_HEARTBEAT {datanodeUUID=805302bb-512f-4740-9b33-f965a1421ef6, command=[]} | ret=SUCCESS |  
2019-08-29 16:59:15,897 | INFO  | SCMAudit | user=jenkins1000 | ip=192.168.69.102 | op=SEND_HEARTBEAT {datanodeUUID=f719301a-9279-420f-b7a0-fd7fd360a35b, command=[]} | ret=SUCCESS |  
2019-08-29 16:59:15,927 [Thread-3525] INFO  impl.FollowerState (FollowerState.java:run(106)) - 7a616e93-d58e-4a6b-a0c4-5ab9b68bb367:group-E638B8E57976 changes to CANDIDATE, lastRpcTime:5121, electionTimeout:5121ms
2019-08-29 16:59:15,927 [Thread-3525] INFO  impl.RoleInfo (RoleInfo.java:shutdownFollowerState(121)) - 7a616e93-d58e-4a6b-a0c4-5ab9b68bb367: shutdown FollowerState
2019-08-29 16:59:15,927 [Thread-3525] INFO  impl.RaftServerImpl (RaftServerImpl.java:setRole(171)) - 7a616e93-d58e-4a6b-a0c4-5ab9b68bb367:group-E638B8E57976 changes role from FOLLOWER to CANDIDATE at term 0 for changeToCandidate
2019-08-29 16:59:15,927 [Thread-3525] INFO  impl.RoleInfo (RoleInfo.java:updateAndGet(143)) - 7a616e93-d58e-4a6b-a0c4-5ab9b68bb367: start LeaderElection
2019-08-29 16:59:15,949 [7a616e93-d58e-4a6b-a0c4-5ab9b68bb367:group-E638B8E57976:LeaderElection64] INFO  impl.LeaderElection (LeaderElection.java:askForVotes(181)) - 7a616e93-d58e-4a6b-a0c4-5ab9b68bb367:group-E638B8E57976:LeaderElection64: begin an election at term 1 for -1: [7a616e93-d58e-4a6b-a0c4-5ab9b68bb367:192.168.69.102:35007], old=null
2019-08-29 16:59:15,949 [7a616e93-d58e-4a6b-a0c4-5ab9b68bb367:group-E638B8E57976:LeaderElection64] INFO  impl.RoleInfo (RoleInfo.java:shutdownLeaderElection(134)) - 7a616e93-d58e-4a6b-a0c4-5ab9b68bb367: shutdown LeaderElection
2019-08-29 16:59:15,949 [7a616e93-d58e-4a6b-a0c4-5ab9b68bb367:group-E638B8E57976:LeaderElection64] INFO  impl.RaftServerImpl (RaftServerImpl.java:setRole(171)) - 7a616e93-d58e-4a6b-a0c4-5ab9b68bb367:group-E638B8E57976 changes role from CANDIDATE to LEADER at term 1 for changeToLeader
2019-08-29 16:59:15,949 [7a616e93-d58e-4a6b-a0c4-5ab9b68bb367:group-E638B8E57976:LeaderElection64] INFO  impl.RaftServerImpl (ServerState.java:setLeader(263)) - 7a616e93-d58e-4a6b-a0c4-5ab9b68bb367:group-E638B8E57976 change Leader from null to 7a616e93-d58e-4a6b-a0c4-5ab9b68bb367 at term 1 for becomeLeader, leader elected after 5150ms
2019-08-29 16:59:15,950 [7a616e93-d58e-4a6b-a0c4-5ab9b68bb367:group-E638B8E57976:LeaderElection64] INFO  server.RaftServerConfigKeys (ConfUtils.java:logGet(43)) - raft.server.staging.catchup.gap = 1000 (default)
2019-08-29 16:59:15,950 [7a616e93-d58e-4a6b-a0c4-5ab9b68bb367:group-E638B8E57976:LeaderElection64] INFO  server.RaftServerConfigKeys (ConfUtils.java:logGet(43)) - raft.server.rpc.sleep.time = 25ms (default)
2019-08-29 16:59:15,950 [7a616e93-d58e-4a6b-a0c4-5ab9b68bb367:group-E638B8E57976:LeaderElection64] INFO  server.RaftServerConfigKeys (ConfUtils.java:logGet(43)) - raft.server.write.element-limit = 4096 (default)
2019-08-29 16:59:15,950 [7a616e93-d58e-4a6b-a0c4-5ab9b68bb367:group-E638B8E57976:LeaderElection64] INFO  server.RaftServerConfigKeys (ConfUtils.java:logGet(43)) - raft.server.watch.timeout = 10s (default)
2019-08-29 16:59:15,950 [7a616e93-d58e-4a6b-a0c4-5ab9b68bb367:group-E638B8E57976:LeaderElection64] INFO  server.RaftServerConfigKeys (ConfUtils.java:logGet(43)) - raft.server.watch.timeout.denomination = 1s (default)
2019-08-29 16:59:15,951 [7a616e93-d58e-4a6b-a0c4-5ab9b68bb367:group-E638B8E57976:LeaderElection64] INFO  server.RaftServerConfigKeys (ConfUtils.java:logGet(43)) - raft.server.watch.element-limit = 65536 (default)
2019-08-29 16:59:15,951 [7a616e93-d58e-4a6b-a0c4-5ab9b68bb367:group-E638B8E57976:LeaderElection64] INFO  impl.RoleInfo (RoleInfo.java:updateAndGet(143)) - 7a616e93-d58e-4a6b-a0c4-5ab9b68bb367: start LeaderState
2019-08-29 16:59:15,951 [7a616e93-d58e-4a6b-a0c4-5ab9b68bb367:group-E638B8E57976:LeaderElection64] INFO  segmented.SegmentedRaftLogWorker (SegmentedRaftLogWorker.java:startLogSegment(380)) - 7a616e93-d58e-4a6b-a0c4-5ab9b68bb367-SegmentedRaftLogWorker:Storage Directory /workdir/hadoop-ozone/integration-test/target/test-dir/MiniOzoneClusterImpl-51fe08ff-1c36-40ef-8442-fe9f7994e715/datanode-0/data/ratis/153dab82-11e8-4503-80a7-e638b8e57976: Starting segment from index:0
2019-08-29 16:59:15,952 [7a616e93-d58e-4a6b-a0c4-5ab9b68bb367:group-E638B8E57976:LeaderElection64] INFO  impl.RaftServerImpl (ServerState.java:setRaftConf(361)) - 7a616e93-d58e-4a6b-a0c4-5ab9b68bb367:group-E638B8E57976 set configuration 0: [7a616e93-d58e-4a6b-a0c4-5ab9b68bb367:192.168.69.102:35007], old=null at 0
2019-08-29 16:59:15,998 | INFO  | SCMAudit | user=jenkins1000 | ip=192.168.69.102 | op=SEND_HEARTBEAT {datanodeUUID=3580c151-a3bd-4c31-932d-2b2c4791eb11, command=[]} | ret=SUCCESS |  
2019-08-29 16:59:16,012 [7a616e93-d58e-4a6b-a0c4-5ab9b68bb367-SegmentedRaftLogWorker:Storage Directory /workdir/hadoop-ozone/integration-test/target/test-dir/MiniOzoneClusterImpl-51fe08ff-1c36-40ef-8442-fe9f7994e715/datanode-0/data/ratis/153dab82-11e8-4503-80a7-e638b8e57976] INFO  segmented.SegmentedRaftLogWorker (SegmentedRaftLogWorker.java:execute(569)) - 7a616e93-d58e-4a6b-a0c4-5ab9b68bb367-SegmentedRaftLogWorker:Storage Directory /workdir/hadoop-ozone/integration-test/target/test-dir/MiniOzoneClusterImpl-51fe08ff-1c36-40ef-8442-fe9f7994e715/datanode-0/data/ratis/153dab82-11e8-4503-80a7-e638b8e57976: created new log segment /workdir/hadoop-ozone/integration-test/target/test-dir/MiniOzoneClusterImpl-51fe08ff-1c36-40ef-8442-fe9f7994e715/datanode-0/data/ratis/153dab82-11e8-4503-80a7-e638b8e57976/current/log_inprogress_0
2019-08-29 16:59:16,013 [Thread-3531] INFO  impl.FollowerState (FollowerState.java:run(106)) - f719301a-9279-420f-b7a0-fd7fd360a35b:group-5DFD7AC10007 changes to CANDIDATE, lastRpcTime:5042, electionTimeout:5042ms
2019-08-29 16:59:16,013 [Thread-3531] INFO  impl.RoleInfo (RoleInfo.java:shutdownFollowerState(121)) - f719301a-9279-420f-b7a0-fd7fd360a35b: shutdown FollowerState
2019-08-29 16:59:16,013 [Thread-3531] INFO  impl.RaftServerImpl (RaftServerImpl.java:setRole(171)) - f719301a-9279-420f-b7a0-fd7fd360a35b:group-5DFD7AC10007 changes role from FOLLOWER to CANDIDATE at term 0 for changeToCandidate
2019-08-29 16:59:16,013 [Thread-3531] INFO  impl.RoleInfo (RoleInfo.java:updateAndGet(143)) - f719301a-9279-420f-b7a0-fd7fd360a35b: start LeaderElection
2019-08-29 16:59:16,016 [Thread-3528] INFO  impl.FollowerState (FollowerState.java:run(106)) - 805302bb-512f-4740-9b33-f965a1421ef6:group-524EBAFDA1AC changes to CANDIDATE, lastRpcTime:5139, electionTimeout:5138ms
2019-08-29 16:59:16,019 [Thread-3528] INFO  impl.RoleInfo (RoleInfo.java:shutdownFollowerState(121)) - 805302bb-512f-4740-9b33-f965a1421ef6: shutdown FollowerState
2019-08-29 16:59:16,019 [Thread-3528] INFO  impl.RaftServerImpl (RaftServerImpl.java:setRole(171)) - 805302bb-512f-4740-9b33-f965a1421ef6:group-524EBAFDA1AC changes role from FOLLOWER to CANDIDATE at term 0 for changeToCandidate
2019-08-29 16:59:16,019 [Thread-3528] INFO  impl.RoleInfo (RoleInfo.java:updateAndGet(143)) - 805302bb-512f-4740-9b33-f965a1421ef6: start LeaderElection
2019-08-29 16:59:16,024 | INFO  | SCMAudit | user=jenkins1000 | ip=192.168.69.102 | op=SEND_HEARTBEAT {datanodeUUID=81f31524-daf9-4665-be93-5f6a14015188, command=[]} | ret=SUCCESS |  
2019-08-29 16:59:16,036 [f719301a-9279-420f-b7a0-fd7fd360a35b:group-5DFD7AC10007:LeaderElection65] INFO  impl.LeaderElection (LeaderElection.java:askForVotes(181)) - f719301a-9279-420f-b7a0-fd7fd360a35b:group-5DFD7AC10007:LeaderElection65: begin an election at term 1 for -1: [f719301a-9279-420f-b7a0-fd7fd360a35b:192.168.69.102:42295], old=null
2019-08-29 16:59:16,036 [805302bb-512f-4740-9b33-f965a1421ef6:group-524EBAFDA1AC:LeaderElection66] INFO  impl.LeaderElection (LeaderElection.java:askForVotes(181)) - 805302bb-512f-4740-9b33-f965a1421ef6:group-524EBAFDA1AC:LeaderElection66: begin an election at term 1 for -1: [805302bb-512f-4740-9b33-f965a1421ef6:192.168.69.102:38448], old=null
2019-08-29 16:59:16,036 [f719301a-9279-420f-b7a0-fd7fd360a35b:group-5DFD7AC10007:LeaderElection65] INFO  impl.RoleInfo (RoleInfo.java:shutdownLeaderElection(134)) - f719301a-9279-420f-b7a0-fd7fd360a35b: shutdown LeaderElection
2019-08-29 16:59:16,036 [805302bb-512f-4740-9b33-f965a1421ef6:group-524EBAFDA1AC:LeaderElection66] INFO  impl.RoleInfo (RoleInfo.java:shutdownLeaderElection(134)) - 805302bb-512f-4740-9b33-f965a1421ef6: shutdown LeaderElection
2019-08-29 16:59:16,036 [f719301a-9279-420f-b7a0-fd7fd360a35b:group-5DFD7AC10007:LeaderElection65] INFO  impl.RaftServerImpl (RaftServerImpl.java:setRole(171)) - f719301a-9279-420f-b7a0-fd7fd360a35b:group-5DFD7AC10007 changes role from CANDIDATE to LEADER at term 1 for changeToLeader
2019-08-29 16:59:16,036 [805302bb-512f-4740-9b33-f965a1421ef6:group-524EBAFDA1AC:LeaderElection66] INFO  impl.RaftServerImpl (RaftServerImpl.java:setRole(171)) - 805302bb-512f-4740-9b33-f965a1421ef6:group-524EBAFDA1AC changes role from CANDIDATE to LEADER at term 1 for changeToLeader
2019-08-29 16:59:16,037 [f719301a-9279-420f-b7a0-fd7fd360a35b:group-5DFD7AC10007:LeaderElection65] INFO  impl.RaftServerImpl (ServerState.java:setLeader(263)) - f719301a-9279-420f-b7a0-fd7fd360a35b:group-5DFD7AC10007 change Leader from null to f719301a-9279-420f-b7a0-fd7fd360a35b at term 1 for becomeLeader, leader elected after 5070ms
2019-08-29 16:59:16,037 [805302bb-512f-4740-9b33-f965a1421ef6:group-524EBAFDA1AC:LeaderElection66] INFO  impl.RaftServerImpl (ServerState.java:setLeader(263)) - 805302bb-512f-4740-9b33-f965a1421ef6:group-524EBAFDA1AC change Leader from null to 805302bb-512f-4740-9b33-f965a1421ef6 at term 1 for becomeLeader, leader elected after 5164ms
2019-08-29 16:59:16,037 [f719301a-9279-420f-b7a0-fd7fd360a35b:group-5DFD7AC10007:LeaderElection65] INFO  server.RaftServerConfigKeys (ConfUtils.java:logGet(43)) - raft.server.staging.catchup.gap = 1000 (default)
2019-08-29 16:59:16,037 [805302bb-512f-4740-9b33-f965a1421ef6:group-524EBAFDA1AC:LeaderElection66] INFO  server.RaftServerConfigKeys (ConfUtils.java:logGet(43)) - raft.server.staging.catchup.gap = 1000 (default)
2019-08-29 16:59:16,037 [f719301a-9279-420f-b7a0-fd7fd360a35b:group-5DFD7AC10007:LeaderElection65] INFO  server.RaftServerConfigKeys (ConfUtils.java:logGet(43)) - raft.server.rpc.sleep.time = 25ms (default)
2019-08-29 16:59:16,037 [805302bb-512f-4740-9b33-f965a1421ef6:group-524EBAFDA1AC:LeaderElection66] INFO  server.RaftServerConfigKeys (ConfUtils.java:logGet(43)) - raft.server.rpc.sleep.time = 25ms (default)
2019-08-29 16:59:16,037 [f719301a-9279-420f-b7a0-fd7fd360a35b:group-5DFD7AC10007:LeaderElection65] INFO  server.RaftServerConfigKeys (ConfUtils.java:logGet(43)) - raft.server.write.element-limit = 4096 (default)
2019-08-29 16:59:16,038 [805302bb-512f-4740-9b33-f965a1421ef6:group-524EBAFDA1AC:LeaderElection66] INFO  server.RaftServerConfigKeys (ConfUtils.java:logGet(43)) - raft.server.write.element-limit = 4096 (default)
2019-08-29 16:59:16,038 [f719301a-9279-420f-b7a0-fd7fd360a35b:group-5DFD7AC10007:LeaderElection65] INFO  server.RaftServerConfigKeys (ConfUtils.java:logGet(43)) - raft.server.watch.timeout = 10s (default)
2019-08-29 16:59:16,038 [805302bb-512f-4740-9b33-f965a1421ef6:group-524EBAFDA1AC:LeaderElection66] INFO  server.RaftServerConfigKeys (ConfUtils.java:logGet(43)) - raft.server.watch.timeout = 10s (default)
2019-08-29 16:59:16,038 [f719301a-9279-420f-b7a0-fd7fd360a35b:group-5DFD7AC10007:LeaderElection65] INFO  server.RaftServerConfigKeys (ConfUtils.java:logGet(43)) - raft.server.watch.timeout.denomination = 1s (default)
2019-08-29 16:59:16,038 [805302bb-512f-4740-9b33-f965a1421ef6:group-524EBAFDA1AC:LeaderElection66] INFO  server.RaftServerConfigKeys (ConfUtils.java:logGet(43)) - raft.server.watch.timeout.denomination = 1s (default)
2019-08-29 16:59:16,038 [f719301a-9279-420f-b7a0-fd7fd360a35b:group-5DFD7AC10007:LeaderElection65] INFO  server.RaftServerConfigKeys (ConfUtils.java:logGet(43)) - raft.server.watch.element-limit = 65536 (default)
2019-08-29 16:59:16,038 [805302bb-512f-4740-9b33-f965a1421ef6:group-524EBAFDA1AC:LeaderElection66] INFO  server.RaftServerConfigKeys (ConfUtils.java:logGet(43)) - raft.server.watch.element-limit = 65536 (default)
2019-08-29 16:59:16,039 [f719301a-9279-420f-b7a0-fd7fd360a35b:group-5DFD7AC10007:LeaderElection65] INFO  impl.RoleInfo (RoleInfo.java:updateAndGet(143)) - f719301a-9279-420f-b7a0-fd7fd360a35b: start LeaderState
2019-08-29 16:59:16,039 [805302bb-512f-4740-9b33-f965a1421ef6:group-524EBAFDA1AC:LeaderElection66] INFO  impl.RoleInfo (RoleInfo.java:updateAndGet(143)) - 805302bb-512f-4740-9b33-f965a1421ef6: start LeaderState
2019-08-29 16:59:16,039 [f719301a-9279-420f-b7a0-fd7fd360a35b:group-5DFD7AC10007:LeaderElection65] INFO  segmented.SegmentedRaftLogWorker (SegmentedRaftLogWorker.java:startLogSegment(380)) - f719301a-9279-420f-b7a0-fd7fd360a35b-SegmentedRaftLogWorker:Storage Directory /workdir/hadoop-ozone/integration-test/target/test-dir/MiniOzoneClusterImpl-51fe08ff-1c36-40ef-8442-fe9f7994e715/datanode-2/data/ratis/ffbecec1-a0b1-4b27-8e79-5dfd7ac10007: Starting segment from index:0
2019-08-29 16:59:16,039 [805302bb-512f-4740-9b33-f965a1421ef6:group-524EBAFDA1AC:LeaderElection66] INFO  segmented.SegmentedRaftLogWorker (SegmentedRaftLogWorker.java:startLogSegment(380)) - 805302bb-512f-4740-9b33-f965a1421ef6-SegmentedRaftLogWorker:Storage Directory /workdir/hadoop-ozone/integration-test/target/test-dir/MiniOzoneClusterImpl-51fe08ff-1c36-40ef-8442-fe9f7994e715/datanode-1/data/ratis/a3f8f0ab-7a84-49bc-9647-524ebafda1ac: Starting segment from index:0
2019-08-29 16:59:16,040 [f719301a-9279-420f-b7a0-fd7fd360a35b:group-5DFD7AC10007:LeaderElection65] INFO  impl.RaftServerImpl (ServerState.java:setRaftConf(361)) - f719301a-9279-420f-b7a0-fd7fd360a35b:group-5DFD7AC10007 set configuration 0: [f719301a-9279-420f-b7a0-fd7fd360a35b:192.168.69.102:42295], old=null at 0
2019-08-29 16:59:16,040 [805302bb-512f-4740-9b33-f965a1421ef6:group-524EBAFDA1AC:LeaderElection66] INFO  impl.RaftServerImpl (ServerState.java:setRaftConf(361)) - 805302bb-512f-4740-9b33-f965a1421ef6:group-524EBAFDA1AC set configuration 0: [805302bb-512f-4740-9b33-f965a1421ef6:192.168.69.102:38448], old=null at 0
2019-08-29 16:59:16,086 | INFO  | SCMAudit | user=jenkins1000 | ip=192.168.69.102 | op=SEND_HEARTBEAT {datanodeUUID=4615f4ce-fb17-47eb-adee-2d773b6217dc, command=[]} | ret=SUCCESS |  
2019-08-29 16:59:16,096 [f719301a-9279-420f-b7a0-fd7fd360a35b-SegmentedRaftLogWorker:Storage Directory /workdir/hadoop-ozone/integration-test/target/test-dir/MiniOzoneClusterImpl-51fe08ff-1c36-40ef-8442-fe9f7994e715/datanode-2/data/ratis/ffbecec1-a0b1-4b27-8e79-5dfd7ac10007] INFO  segmented.SegmentedRaftLogWorker (SegmentedRaftLogWorker.java:execute(569)) - f719301a-9279-420f-b7a0-fd7fd360a35b-SegmentedRaftLogWorker:Storage Directory /workdir/hadoop-ozone/integration-test/target/test-dir/MiniOzoneClusterImpl-51fe08ff-1c36-40ef-8442-fe9f7994e715/datanode-2/data/ratis/ffbecec1-a0b1-4b27-8e79-5dfd7ac10007: created new log segment /workdir/hadoop-ozone/integration-test/target/test-dir/MiniOzoneClusterImpl-51fe08ff-1c36-40ef-8442-fe9f7994e715/datanode-2/data/ratis/ffbecec1-a0b1-4b27-8e79-5dfd7ac10007/current/log_inprogress_0
2019-08-29 16:59:16,096 [805302bb-512f-4740-9b33-f965a1421ef6-SegmentedRaftLogWorker:Storage Directory /workdir/hadoop-ozone/integration-test/target/test-dir/MiniOzoneClusterImpl-51fe08ff-1c36-40ef-8442-fe9f7994e715/datanode-1/data/ratis/a3f8f0ab-7a84-49bc-9647-524ebafda1ac] INFO  segmented.SegmentedRaftLogWorker (SegmentedRaftLogWorker.java:execute(569)) - 805302bb-512f-4740-9b33-f965a1421ef6-SegmentedRaftLogWorker:Storage Directory /workdir/hadoop-ozone/integration-test/target/test-dir/MiniOzoneClusterImpl-51fe08ff-1c36-40ef-8442-fe9f7994e715/datanode-1/data/ratis/a3f8f0ab-7a84-49bc-9647-524ebafda1ac: created new log segment /workdir/hadoop-ozone/integration-test/target/test-dir/MiniOzoneClusterImpl-51fe08ff-1c36-40ef-8442-fe9f7994e715/datanode-1/data/ratis/a3f8f0ab-7a84-49bc-9647-524ebafda1ac/current/log_inprogress_0
2019-08-29 16:59:16,149 | INFO  | SCMAudit | user=jenkins1000 | ip=192.168.69.102 | op=SEND_HEARTBEAT {datanodeUUID=6a69eb03-c6ce-4a25-af67-2d438bc9db9b, command=[]} | ret=SUCCESS |  
2019-08-29 16:59:16,176 [Thread-3534] INFO  impl.FollowerState (FollowerState.java:run(106)) - 3580c151-a3bd-4c31-932d-2b2c4791eb11:group-D462D260C9AB changes to CANDIDATE, lastRpcTime:5155, electionTimeout:5146ms
2019-08-29 16:59:16,176 [Thread-3534] INFO  impl.RoleInfo (RoleInfo.java:shutdownFollowerState(121)) - 3580c151-a3bd-4c31-932d-2b2c4791eb11: shutdown FollowerState
2019-08-29 16:59:16,176 [Thread-3534] INFO  impl.RaftServerImpl (RaftServerImpl.java:setRole(171)) - 3580c151-a3bd-4c31-932d-2b2c4791eb11:group-D462D260C9AB changes role from FOLLOWER to CANDIDATE at term 0 for changeToCandidate
2019-08-29 16:59:16,176 [Thread-3534] INFO  impl.RoleInfo (RoleInfo.java:updateAndGet(143)) - 3580c151-a3bd-4c31-932d-2b2c4791eb11: start LeaderElection
2019-08-29 16:59:16,194 [3580c151-a3bd-4c31-932d-2b2c4791eb11:group-D462D260C9AB:LeaderElection67] INFO  impl.LeaderElection (LeaderElection.java:askForVotes(181)) - 3580c151-a3bd-4c31-932d-2b2c4791eb11:group-D462D260C9AB:LeaderElection67: begin an election at term 1 for -1: [3580c151-a3bd-4c31-932d-2b2c4791eb11:192.168.69.102:44244], old=null
2019-08-29 16:59:16,194 [3580c151-a3bd-4c31-932d-2b2c4791eb11:group-D462D260C9AB:LeaderElection67] INFO  impl.RoleInfo (RoleInfo.java:shutdownLeaderElection(134)) - 3580c151-a3bd-4c31-932d-2b2c4791eb11: shutdown LeaderElection
2019-08-29 16:59:16,195 [3580c151-a3bd-4c31-932d-2b2c4791eb11:group-D462D260C9AB:LeaderElection67] INFO  impl.RaftServerImpl (RaftServerImpl.java:setRole(171)) - 3580c151-a3bd-4c31-932d-2b2c4791eb11:group-D462D260C9AB changes role from CANDIDATE to LEADER at term 1 for changeToLeader
2019-08-29 16:59:16,195 [3580c151-a3bd-4c31-932d-2b2c4791eb11:group-D462D260C9AB:LeaderElection67] INFO  impl.RaftServerImpl (ServerState.java:setLeader(263)) - 3580c151-a3bd-4c31-932d-2b2c4791eb11:group-D462D260C9AB change Leader from null to 3580c151-a3bd-4c31-932d-2b2c4791eb11 at term 1 for becomeLeader, leader elected after 5178ms
2019-08-29 16:59:16,195 [3580c151-a3bd-4c31-932d-2b2c4791eb11:group-D462D260C9AB:LeaderElection67] INFO  server.RaftServerConfigKeys (ConfUtils.java:logGet(43)) - raft.server.staging.catchup.gap = 1000 (default)
2019-08-29 16:59:16,195 [3580c151-a3bd-4c31-932d-2b2c4791eb11:group-D462D260C9AB:LeaderElection67] INFO  server.RaftServerConfigKeys (ConfUtils.java:logGet(43)) - raft.server.rpc.sleep.time = 25ms (default)
2019-08-29 16:59:16,195 [3580c151-a3bd-4c31-932d-2b2c4791eb11:group-D462D260C9AB:LeaderElection67] INFO  server.RaftServerConfigKeys (ConfUtils.java:logGet(43)) - raft.server.write.element-limit = 4096 (default)
2019-08-29 16:59:16,195 [3580c151-a3bd-4c31-932d-2b2c4791eb11:group-D462D260C9AB:LeaderElection67] INFO  server.RaftServerConfigKeys (ConfUtils.java:logGet(43)) - raft.server.watch.timeout = 10s (default)
2019-08-29 16:59:16,195 [3580c151-a3bd-4c31-932d-2b2c4791eb11:group-D462D260C9AB:LeaderElection67] INFO  server.RaftServerConfigKeys (ConfUtils.java:logGet(43)) - raft.server.watch.timeout.denomination = 1s (default)
2019-08-29 16:59:16,195 [3580c151-a3bd-4c31-932d-2b2c4791eb11:group-D462D260C9AB:LeaderElection67] INFO  server.RaftServerConfigKeys (ConfUtils.java:logGet(43)) - raft.server.watch.element-limit = 65536 (default)
2019-08-29 16:59:16,196 [3580c151-a3bd-4c31-932d-2b2c4791eb11:group-D462D260C9AB:LeaderElection67] INFO  impl.RoleInfo (RoleInfo.java:updateAndGet(143)) - 3580c151-a3bd-4c31-932d-2b2c4791eb11: start LeaderState
2019-08-29 16:59:16,196 [3580c151-a3bd-4c31-932d-2b2c4791eb11:group-D462D260C9AB:LeaderElection67] INFO  segmented.SegmentedRaftLogWorker (SegmentedRaftLogWorker.java:startLogSegment(380)) - 3580c151-a3bd-4c31-932d-2b2c4791eb11-SegmentedRaftLogWorker:Storage Directory /workdir/hadoop-ozone/integration-test/target/test-dir/MiniOzoneClusterImpl-51fe08ff-1c36-40ef-8442-fe9f7994e715/datanode-3/data/ratis/f46f22f0-3af0-4114-8d82-d462d260c9ab: Starting segment from index:0
2019-08-29 16:59:16,196 [3580c151-a3bd-4c31-932d-2b2c4791eb11:group-D462D260C9AB:LeaderElection67] INFO  impl.RaftServerImpl (ServerState.java:setRaftConf(361)) - 3580c151-a3bd-4c31-932d-2b2c4791eb11:group-D462D260C9AB set configuration 0: [3580c151-a3bd-4c31-932d-2b2c4791eb11:192.168.69.102:44244], old=null at 0
2019-08-29 16:59:16,246 [3580c151-a3bd-4c31-932d-2b2c4791eb11-SegmentedRaftLogWorker:Storage Directory /workdir/hadoop-ozone/integration-test/target/test-dir/MiniOzoneClusterImpl-51fe08ff-1c36-40ef-8442-fe9f7994e715/datanode-3/data/ratis/f46f22f0-3af0-4114-8d82-d462d260c9ab] INFO  segmented.SegmentedRaftLogWorker (SegmentedRaftLogWorker.java:execute(569)) - 3580c151-a3bd-4c31-932d-2b2c4791eb11-SegmentedRaftLogWorker:Storage Directory /workdir/hadoop-ozone/integration-test/target/test-dir/MiniOzoneClusterImpl-51fe08ff-1c36-40ef-8442-fe9f7994e715/datanode-3/data/ratis/f46f22f0-3af0-4114-8d82-d462d260c9ab: created new log segment /workdir/hadoop-ozone/integration-test/target/test-dir/MiniOzoneClusterImpl-51fe08ff-1c36-40ef-8442-fe9f7994e715/datanode-3/data/ratis/f46f22f0-3af0-4114-8d82-d462d260c9ab/current/log_inprogress_0
2019-08-29 16:59:16,271 [Thread-3545] INFO  impl.FollowerState (FollowerState.java:run(106)) - 6a69eb03-c6ce-4a25-af67-2d438bc9db9b:group-258F07F4FEB4 changes to CANDIDATE, lastRpcTime:5031, electionTimeout:5031ms
2019-08-29 16:59:16,271 [Thread-3545] INFO  impl.RoleInfo (RoleInfo.java:shutdownFollowerState(121)) - 6a69eb03-c6ce-4a25-af67-2d438bc9db9b: shutdown FollowerState
2019-08-29 16:59:16,271 [Thread-3545] INFO  impl.RaftServerImpl (RaftServerImpl.java:setRole(171)) - 6a69eb03-c6ce-4a25-af67-2d438bc9db9b:group-258F07F4FEB4 changes role from FOLLOWER to CANDIDATE at term 0 for changeToCandidate
2019-08-29 16:59:16,271 [Thread-3545] INFO  impl.RoleInfo (RoleInfo.java:updateAndGet(143)) - 6a69eb03-c6ce-4a25-af67-2d438bc9db9b: start LeaderElection
2019-08-29 16:59:16,280 [Thread-3537] INFO  impl.FollowerState (FollowerState.java:run(106)) - 81f31524-daf9-4665-be93-5f6a14015188:group-98956423E370 changes to CANDIDATE, lastRpcTime:5192, electionTimeout:5192ms
2019-08-29 16:59:16,280 [Thread-3537] INFO  impl.RoleInfo (RoleInfo.java:shutdownFollowerState(121)) - 81f31524-daf9-4665-be93-5f6a14015188: shutdown FollowerState
2019-08-29 16:59:16,280 [Thread-3537] INFO  impl.RaftServerImpl (RaftServerImpl.java:setRole(171)) - 81f31524-daf9-4665-be93-5f6a14015188:group-98956423E370 changes role from FOLLOWER to CANDIDATE at term 0 for changeToCandidate
2019-08-29 16:59:16,281 [Thread-3537] INFO  impl.RoleInfo (RoleInfo.java:updateAndGet(143)) - 81f31524-daf9-4665-be93-5f6a14015188: start LeaderElection
2019-08-29 16:59:16,288 [6a69eb03-c6ce-4a25-af67-2d438bc9db9b:group-258F07F4FEB4:LeaderElection68] INFO  impl.LeaderElection (LeaderElection.java:askForVotes(181)) - 6a69eb03-c6ce-4a25-af67-2d438bc9db9b:group-258F07F4FEB4:LeaderElection68: begin an election at term 1 for -1: [6a69eb03-c6ce-4a25-af67-2d438bc9db9b:192.168.69.102:37548], old=null
2019-08-29 16:59:16,289 [6a69eb03-c6ce-4a25-af67-2d438bc9db9b:group-258F07F4FEB4:LeaderElection68] INFO  impl.RoleInfo (RoleInfo.java:shutdownLeaderElection(134)) - 6a69eb03-c6ce-4a25-af67-2d438bc9db9b: shutdown LeaderElection
2019-08-29 16:59:16,289 [6a69eb03-c6ce-4a25-af67-2d438bc9db9b:group-258F07F4FEB4:LeaderElection68] INFO  impl.RaftServerImpl (RaftServerImpl.java:setRole(171)) - 6a69eb03-c6ce-4a25-af67-2d438bc9db9b:group-258F07F4FEB4 changes role from CANDIDATE to LEADER at term 1 for changeToLeader
2019-08-29 16:59:16,289 [6a69eb03-c6ce-4a25-af67-2d438bc9db9b:group-258F07F4FEB4:LeaderElection68] INFO  impl.RaftServerImpl (ServerState.java:setLeader(263)) - 6a69eb03-c6ce-4a25-af67-2d438bc9db9b:group-258F07F4FEB4 change Leader from null to 6a69eb03-c6ce-4a25-af67-2d438bc9db9b at term 1 for becomeLeader, leader elected after 5052ms
2019-08-29 16:59:16,289 [6a69eb03-c6ce-4a25-af67-2d438bc9db9b:group-258F07F4FEB4:LeaderElection68] INFO  server.RaftServerConfigKeys (ConfUtils.java:logGet(43)) - raft.server.staging.catchup.gap = 1000 (default)
2019-08-29 16:59:16,289 [6a69eb03-c6ce-4a25-af67-2d438bc9db9b:group-258F07F4FEB4:LeaderElection68] INFO  server.RaftServerConfigKeys (ConfUtils.java:logGet(43)) - raft.server.rpc.sleep.time = 25ms (default)
2019-08-29 16:59:16,289 [6a69eb03-c6ce-4a25-af67-2d438bc9db9b:group-258F07F4FEB4:LeaderElection68] INFO  server.RaftServerConfigKeys (ConfUtils.java:logGet(43)) - raft.server.write.element-limit = 4096 (default)
2019-08-29 16:59:16,289 [6a69eb03-c6ce-4a25-af67-2d438bc9db9b:group-258F07F4FEB4:LeaderElection68] INFO  server.RaftServerConfigKeys (ConfUtils.java:logGet(43)) - raft.server.watch.timeout = 10s (default)
2019-08-29 16:59:16,290 [6a69eb03-c6ce-4a25-af67-2d438bc9db9b:group-258F07F4FEB4:LeaderElection68] INFO  server.RaftServerConfigKeys (ConfUtils.java:logGet(43)) - raft.server.watch.timeout.denomination = 1s (default)
2019-08-29 16:59:16,290 [6a69eb03-c6ce-4a25-af67-2d438bc9db9b:group-258F07F4FEB4:LeaderElection68] INFO  server.RaftServerConfigKeys (ConfUtils.java:logGet(43)) - raft.server.watch.element-limit = 65536 (default)
2019-08-29 16:59:16,290 [6a69eb03-c6ce-4a25-af67-2d438bc9db9b:group-258F07F4FEB4:LeaderElection68] INFO  impl.RoleInfo (RoleInfo.java:updateAndGet(143)) - 6a69eb03-c6ce-4a25-af67-2d438bc9db9b: start LeaderState
2019-08-29 16:59:16,290 [6a69eb03-c6ce-4a25-af67-2d438bc9db9b:group-258F07F4FEB4:LeaderElection68] INFO  segmented.SegmentedRaftLogWorker (SegmentedRaftLogWorker.java:startLogSegment(380)) - 6a69eb03-c6ce-4a25-af67-2d438bc9db9b-SegmentedRaftLogWorker:Storage Directory /workdir/hadoop-ozone/integration-test/target/test-dir/MiniOzoneClusterImpl-51fe08ff-1c36-40ef-8442-fe9f7994e715/datanode-6/data/ratis/f6c2cddc-2652-48f6-a415-258f07f4feb4: Starting segment from index:0
2019-08-29 16:59:16,291 [6a69eb03-c6ce-4a25-af67-2d438bc9db9b:group-258F07F4FEB4:LeaderElection68] INFO  impl.RaftServerImpl (ServerState.java:setRaftConf(361)) - 6a69eb03-c6ce-4a25-af67-2d438bc9db9b:group-258F07F4FEB4 set configuration 0: [6a69eb03-c6ce-4a25-af67-2d438bc9db9b:192.168.69.102:37548], old=null at 0
2019-08-29 16:59:16,301 [81f31524-daf9-4665-be93-5f6a14015188:group-98956423E370:LeaderElection69] INFO  impl.LeaderElection (LeaderElection.java:askForVotes(181)) - 81f31524-daf9-4665-be93-5f6a14015188:group-98956423E370:LeaderElection69: begin an election at term 1 for -1: [81f31524-daf9-4665-be93-5f6a14015188:192.168.69.102:43070], old=null
2019-08-29 16:59:16,301 [81f31524-daf9-4665-be93-5f6a14015188:group-98956423E370:LeaderElection69] INFO  impl.RoleInfo (RoleInfo.java:shutdownLeaderElection(134)) - 81f31524-daf9-4665-be93-5f6a14015188: shutdown LeaderElection
2019-08-29 16:59:16,301 [81f31524-daf9-4665-be93-5f6a14015188:group-98956423E370:LeaderElection69] INFO  impl.RaftServerImpl (RaftServerImpl.java:setRole(171)) - 81f31524-daf9-4665-be93-5f6a14015188:group-98956423E370 changes role from CANDIDATE to LEADER at term 1 for changeToLeader
2019-08-29 16:59:16,301 [81f31524-daf9-4665-be93-5f6a14015188:group-98956423E370:LeaderElection69] INFO  impl.RaftServerImpl (ServerState.java:setLeader(263)) - 81f31524-daf9-4665-be93-5f6a14015188:group-98956423E370 change Leader from null to 81f31524-daf9-4665-be93-5f6a14015188 at term 1 for becomeLeader, leader elected after 5217ms
2019-08-29 16:59:16,302 [81f31524-daf9-4665-be93-5f6a14015188:group-98956423E370:LeaderElection69] INFO  server.RaftServerConfigKeys (ConfUtils.java:logGet(43)) - raft.server.staging.catchup.gap = 1000 (default)
2019-08-29 16:59:16,302 [81f31524-daf9-4665-be93-5f6a14015188:group-98956423E370:LeaderElection69] INFO  server.RaftServerConfigKeys (ConfUtils.java:logGet(43)) - raft.server.rpc.sleep.time = 25ms (default)
2019-08-29 16:59:16,302 [81f31524-daf9-4665-be93-5f6a14015188:group-98956423E370:LeaderElection69] INFO  server.RaftServerConfigKeys (ConfUtils.java:logGet(43)) - raft.server.write.element-limit = 4096 (default)
2019-08-29 16:59:16,302 [81f31524-daf9-4665-be93-5f6a14015188:group-98956423E370:LeaderElection69] INFO  server.RaftServerConfigKeys (ConfUtils.java:logGet(43)) - raft.server.watch.timeout = 10s (default)
2019-08-29 16:59:16,302 [81f31524-daf9-4665-be93-5f6a14015188:group-98956423E370:LeaderElection69] INFO  server.RaftServerConfigKeys (ConfUtils.java:logGet(43)) - raft.server.watch.timeout.denomination = 1s (default)
2019-08-29 16:59:16,302 [81f31524-daf9-4665-be93-5f6a14015188:group-98956423E370:LeaderElection69] INFO  server.RaftServerConfigKeys (ConfUtils.java:logGet(43)) - raft.server.watch.element-limit = 65536 (default)
2019-08-29 16:59:16,302 [81f31524-daf9-4665-be93-5f6a14015188:group-98956423E370:LeaderElection69] INFO  impl.RoleInfo (RoleInfo.java:updateAndGet(143)) - 81f31524-daf9-4665-be93-5f6a14015188: start LeaderState
2019-08-29 16:59:16,302 [81f31524-daf9-4665-be93-5f6a14015188:group-98956423E370:LeaderElection69] INFO  segmented.SegmentedRaftLogWorker (SegmentedRaftLogWorker.java:startLogSegment(380)) - 81f31524-daf9-4665-be93-5f6a14015188-SegmentedRaftLogWorker:Storage Directory /workdir/hadoop-ozone/integration-test/target/test-dir/MiniOzoneClusterImpl-51fe08ff-1c36-40ef-8442-fe9f7994e715/datanode-4/data/ratis/f81489ae-be04-4b94-a6c6-98956423e370: Starting segment from index:0
2019-08-29 16:59:16,303 [81f31524-daf9-4665-be93-5f6a14015188:group-98956423E370:LeaderElection69] INFO  impl.RaftServerImpl (ServerState.java:setRaftConf(361)) - 81f31524-daf9-4665-be93-5f6a14015188:group-98956423E370 set configuration 0: [81f31524-daf9-4665-be93-5f6a14015188:192.168.69.102:43070], old=null at 0
2019-08-29 16:59:16,344 [Thread-3542] INFO  impl.FollowerState (FollowerState.java:run(106)) - 4615f4ce-fb17-47eb-adee-2d773b6217dc:group-F5A5C7999996 changes to CANDIDATE, lastRpcTime:5179, electionTimeout:5154ms
2019-08-29 16:59:16,344 [Thread-3542] INFO  impl.RoleInfo (RoleInfo.java:shutdownFollowerState(121)) - 4615f4ce-fb17-47eb-adee-2d773b6217dc: shutdown FollowerState
2019-08-29 16:59:16,344 [Thread-3542] INFO  impl.RaftServerImpl (RaftServerImpl.java:setRole(171)) - 4615f4ce-fb17-47eb-adee-2d773b6217dc:group-F5A5C7999996 changes role from FOLLOWER to CANDIDATE at term 0 for changeToCandidate
2019-08-29 16:59:16,344 [Thread-3542] INFO  impl.RoleInfo (RoleInfo.java:updateAndGet(143)) - 4615f4ce-fb17-47eb-adee-2d773b6217dc: start LeaderElection
2019-08-29 16:59:16,365 [6a69eb03-c6ce-4a25-af67-2d438bc9db9b-SegmentedRaftLogWorker:Storage Directory /workdir/hadoop-ozone/integration-test/target/test-dir/MiniOzoneClusterImpl-51fe08ff-1c36-40ef-8442-fe9f7994e715/datanode-6/data/ratis/f6c2cddc-2652-48f6-a415-258f07f4feb4] INFO  segmented.SegmentedRaftLogWorker (SegmentedRaftLogWorker.java:execute(569)) - 6a69eb03-c6ce-4a25-af67-2d438bc9db9b-SegmentedRaftLogWorker:Storage Directory /workdir/hadoop-ozone/integration-test/target/test-dir/MiniOzoneClusterImpl-51fe08ff-1c36-40ef-8442-fe9f7994e715/datanode-6/data/ratis/f6c2cddc-2652-48f6-a415-258f07f4feb4: created new log segment /workdir/hadoop-ozone/integration-test/target/test-dir/MiniOzoneClusterImpl-51fe08ff-1c36-40ef-8442-fe9f7994e715/datanode-6/data/ratis/f6c2cddc-2652-48f6-a415-258f07f4feb4/current/log_inprogress_0
2019-08-29 16:59:16,365 [81f31524-daf9-4665-be93-5f6a14015188-SegmentedRaftLogWorker:Storage Directory /workdir/hadoop-ozone/integration-test/target/test-dir/MiniOzoneClusterImpl-51fe08ff-1c36-40ef-8442-fe9f7994e715/datanode-4/data/ratis/f81489ae-be04-4b94-a6c6-98956423e370] INFO  segmented.SegmentedRaftLogWorker (SegmentedRaftLogWorker.java:execute(569)) - 81f31524-daf9-4665-be93-5f6a14015188-SegmentedRaftLogWorker:Storage Directory /workdir/hadoop-ozone/integration-test/target/test-dir/MiniOzoneClusterImpl-51fe08ff-1c36-40ef-8442-fe9f7994e715/datanode-4/data/ratis/f81489ae-be04-4b94-a6c6-98956423e370: created new log segment /workdir/hadoop-ozone/integration-test/target/test-dir/MiniOzoneClusterImpl-51fe08ff-1c36-40ef-8442-fe9f7994e715/datanode-4/data/ratis/f81489ae-be04-4b94-a6c6-98956423e370/current/log_inprogress_0
2019-08-29 16:59:16,382 [Thread-3553] INFO  impl.FollowerState (FollowerState.java:run(106)) - f719301a-9279-420f-b7a0-fd7fd360a35b:group-F7BBA9C4C5F4 changes to CANDIDATE, lastRpcTime:5056, electionTimeout:5056ms
2019-08-29 16:59:16,382 [Thread-3553] INFO  impl.RoleInfo (RoleInfo.java:shutdownFollowerState(121)) - f719301a-9279-420f-b7a0-fd7fd360a35b: shutdown FollowerState
2019-08-29 16:59:16,382 [Thread-3553] INFO  impl.RaftServerImpl (RaftServerImpl.java:setRole(171)) - f719301a-9279-420f-b7a0-fd7fd360a35b:group-F7BBA9C4C5F4 changes role from FOLLOWER to CANDIDATE at term 0 for changeToCandidate
2019-08-29 16:59:16,382 [Thread-3553] INFO  impl.RoleInfo (RoleInfo.java:updateAndGet(143)) - f719301a-9279-420f-b7a0-fd7fd360a35b: start LeaderElection
2019-08-29 16:59:16,387 [4615f4ce-fb17-47eb-adee-2d773b6217dc:group-F5A5C7999996:LeaderElection70] INFO  impl.LeaderElection (LeaderElection.java:askForVotes(181)) - 4615f4ce-fb17-47eb-adee-2d773b6217dc:group-F5A5C7999996:LeaderElection70: begin an election at term 1 for -1: [4615f4ce-fb17-47eb-adee-2d773b6217dc:192.168.69.102:39855], old=null
2019-08-29 16:59:16,387 [4615f4ce-fb17-47eb-adee-2d773b6217dc:group-F5A5C7999996:LeaderElection70] INFO  impl.RoleInfo (RoleInfo.java:shutdownLeaderElection(134)) - 4615f4ce-fb17-47eb-adee-2d773b6217dc: shutdown LeaderElection
2019-08-29 16:59:16,387 [4615f4ce-fb17-47eb-adee-2d773b6217dc:group-F5A5C7999996:LeaderElection70] INFO  impl.RaftServerImpl (RaftServerImpl.java:setRole(171)) - 4615f4ce-fb17-47eb-adee-2d773b6217dc:group-F5A5C7999996 changes role from CANDIDATE to LEADER at term 1 for changeToLeader
2019-08-29 16:59:16,387 [4615f4ce-fb17-47eb-adee-2d773b6217dc:group-F5A5C7999996:LeaderElection70] INFO  impl.RaftServerImpl (ServerState.java:setLeader(263)) - 4615f4ce-fb17-47eb-adee-2d773b6217dc:group-F5A5C7999996 change Leader from null to 4615f4ce-fb17-47eb-adee-2d773b6217dc at term 1 for becomeLeader, leader elected after 5235ms
2019-08-29 16:59:16,387 [4615f4ce-fb17-47eb-adee-2d773b6217dc:group-F5A5C7999996:LeaderElection70] INFO  server.RaftServerConfigKeys (ConfUtils.java:logGet(43)) - raft.server.staging.catchup.gap = 1000 (default)
2019-08-29 16:59:16,387 [4615f4ce-fb17-47eb-adee-2d773b6217dc:group-F5A5C7999996:LeaderElection70] INFO  server.RaftServerConfigKeys (ConfUtils.java:logGet(43)) - raft.server.rpc.sleep.time = 25ms (default)
2019-08-29 16:59:16,387 [4615f4ce-fb17-47eb-adee-2d773b6217dc:group-F5A5C7999996:LeaderElection70] INFO  server.RaftServerConfigKeys (ConfUtils.java:logGet(43)) - raft.server.write.element-limit = 4096 (default)
2019-08-29 16:59:16,388 [4615f4ce-fb17-47eb-adee-2d773b6217dc:group-F5A5C7999996:LeaderElection70] INFO  server.RaftServerConfigKeys (ConfUtils.java:logGet(43)) - raft.server.watch.timeout = 10s (default)
2019-08-29 16:59:16,388 [4615f4ce-fb17-47eb-adee-2d773b6217dc:group-F5A5C7999996:LeaderElection70] INFO  server.RaftServerConfigKeys (ConfUtils.java:logGet(43)) - raft.server.watch.timeout.denomination = 1s (default)
2019-08-29 16:59:16,388 [4615f4ce-fb17-47eb-adee-2d773b6217dc:group-F5A5C7999996:LeaderElection70] INFO  server.RaftServerConfigKeys (ConfUtils.java:logGet(43)) - raft.server.watch.element-limit = 65536 (default)
2019-08-29 16:59:16,388 [4615f4ce-fb17-47eb-adee-2d773b6217dc:group-F5A5C7999996:LeaderElection70] INFO  impl.RoleInfo (RoleInfo.java:updateAndGet(143)) - 4615f4ce-fb17-47eb-adee-2d773b6217dc: start LeaderState
2019-08-29 16:59:16,388 [4615f4ce-fb17-47eb-adee-2d773b6217dc:group-F5A5C7999996:LeaderElection70] INFO  segmented.SegmentedRaftLogWorker (SegmentedRaftLogWorker.java:startLogSegment(380)) - 4615f4ce-fb17-47eb-adee-2d773b6217dc-SegmentedRaftLogWorker:Storage Directory /workdir/hadoop-ozone/integration-test/target/test-dir/MiniOzoneClusterImpl-51fe08ff-1c36-40ef-8442-fe9f7994e715/datanode-5/data/ratis/61ba28d8-f4ab-4468-b2ca-f5a5c7999996: Starting segment from index:0
2019-08-29 16:59:16,389 [4615f4ce-fb17-47eb-adee-2d773b6217dc:group-F5A5C7999996:LeaderElection70] INFO  impl.RaftServerImpl (ServerState.java:setRaftConf(361)) - 4615f4ce-fb17-47eb-adee-2d773b6217dc:group-F5A5C7999996 set configuration 0: [4615f4ce-fb17-47eb-adee-2d773b6217dc:192.168.69.102:39855], old=null at 0
2019-08-29 16:59:16,425 [f719301a-9279-420f-b7a0-fd7fd360a35b:group-F7BBA9C4C5F4:LeaderElection71] INFO  impl.LeaderElection (LeaderElection.java:askForVotes(181)) - f719301a-9279-420f-b7a0-fd7fd360a35b:group-F7BBA9C4C5F4:LeaderElection71: begin an election at term 1 for -1: [805302bb-512f-4740-9b33-f965a1421ef6:192.168.69.102:38448, 4615f4ce-fb17-47eb-adee-2d773b6217dc:192.168.69.102:39855, f719301a-9279-420f-b7a0-fd7fd360a35b:192.168.69.102:42295], old=null
2019-08-29 16:59:16,425 [Thread-3548] INFO  impl.FollowerState (FollowerState.java:run(106)) - 805302bb-512f-4740-9b33-f965a1421ef6:group-F7BBA9C4C5F4 changes to CANDIDATE, lastRpcTime:5103, electionTimeout:5073ms
2019-08-29 16:59:16,427 [Thread-3548] INFO  impl.RoleInfo (RoleInfo.java:shutdownFollowerState(121)) - 805302bb-512f-4740-9b33-f965a1421ef6: shutdown FollowerState
2019-08-29 16:59:16,424 [Thread-3557] INFO  impl.FollowerState (FollowerState.java:run(106)) - 81f31524-daf9-4665-be93-5f6a14015188:group-DB8F64C28A52 changes to CANDIDATE, lastRpcTime:5017, electionTimeout:5007ms
2019-08-29 16:59:16,424 [Thread-3552] INFO  impl.FollowerState (FollowerState.java:run(106)) - 4615f4ce-fb17-47eb-adee-2d773b6217dc:group-F7BBA9C4C5F4 changes to CANDIDATE, lastRpcTime:5099, electionTimeout:5095ms
2019-08-29 16:59:16,427 [Thread-3557] INFO  impl.RoleInfo (RoleInfo.java:shutdownFollowerState(121)) - 81f31524-daf9-4665-be93-5f6a14015188: shutdown FollowerState
2019-08-29 16:59:16,427 [Thread-3548] INFO  impl.RaftServerImpl (RaftServerImpl.java:setRole(171)) - 805302bb-512f-4740-9b33-f965a1421ef6:group-F7BBA9C4C5F4 changes role from FOLLOWER to CANDIDATE at term 0 for changeToCandidate
2019-08-29 16:59:16,428 [Thread-3557] INFO  impl.RaftServerImpl (RaftServerImpl.java:setRole(171)) - 81f31524-daf9-4665-be93-5f6a14015188:group-DB8F64C28A52 changes role from FOLLOWER to CANDIDATE at term 0 for changeToCandidate
2019-08-29 16:59:16,427 [Thread-3552] INFO  impl.RoleInfo (RoleInfo.java:shutdownFollowerState(121)) - 4615f4ce-fb17-47eb-adee-2d773b6217dc: shutdown FollowerState
2019-08-29 16:59:16,428 [Thread-3557] INFO  impl.RoleInfo (RoleInfo.java:updateAndGet(143)) - 81f31524-daf9-4665-be93-5f6a14015188: start LeaderElection
2019-08-29 16:59:16,428 [Thread-3548] INFO  impl.RoleInfo (RoleInfo.java:updateAndGet(143)) - 805302bb-512f-4740-9b33-f965a1421ef6: start LeaderElection
2019-08-29 16:59:16,428 [Thread-3552] INFO  impl.RaftServerImpl (RaftServerImpl.java:setRole(171)) - 4615f4ce-fb17-47eb-adee-2d773b6217dc:group-F7BBA9C4C5F4 changes role from FOLLOWER to CANDIDATE at term 0 for changeToCandidate
2019-08-29 16:59:16,428 [Thread-3552] INFO  impl.RoleInfo (RoleInfo.java:updateAndGet(143)) - 4615f4ce-fb17-47eb-adee-2d773b6217dc: start LeaderElection
2019-08-29 16:59:16,445 [4615f4ce-fb17-47eb-adee-2d773b6217dc-SegmentedRaftLogWorker:Storage Directory /workdir/hadoop-ozone/integration-test/target/test-dir/MiniOzoneClusterImpl-51fe08ff-1c36-40ef-8442-fe9f7994e715/datanode-5/data/ratis/61ba28d8-f4ab-4468-b2ca-f5a5c7999996] INFO  segmented.SegmentedRaftLogWorker (SegmentedRaftLogWorker.java:execute(569)) - 4615f4ce-fb17-47eb-adee-2d773b6217dc-SegmentedRaftLogWorker:Storage Directory /workdir/hadoop-ozone/integration-test/target/test-dir/MiniOzoneClusterImpl-51fe08ff-1c36-40ef-8442-fe9f7994e715/datanode-5/data/ratis/61ba28d8-f4ab-4468-b2ca-f5a5c7999996: created new log segment /workdir/hadoop-ozone/integration-test/target/test-dir/MiniOzoneClusterImpl-51fe08ff-1c36-40ef-8442-fe9f7994e715/datanode-5/data/ratis/61ba28d8-f4ab-4468-b2ca-f5a5c7999996/current/log_inprogress_0
2019-08-29 16:59:16,446 [Thread-3561] INFO  impl.FollowerState (FollowerState.java:run(106)) - 6a69eb03-c6ce-4a25-af67-2d438bc9db9b:group-DB8F64C28A52 changes to CANDIDATE, lastRpcTime:5035, electionTimeout:5035ms
2019-08-29 16:59:16,446 [Thread-3561] INFO  impl.RoleInfo (RoleInfo.java:shutdownFollowerState(121)) - 6a69eb03-c6ce-4a25-af67-2d438bc9db9b: shutdown FollowerState
2019-08-29 16:59:16,446 [Thread-3561] INFO  impl.RaftServerImpl (RaftServerImpl.java:setRole(171)) - 6a69eb03-c6ce-4a25-af67-2d438bc9db9b:group-DB8F64C28A52 changes role from FOLLOWER to CANDIDATE at term 0 for changeToCandidate
2019-08-29 16:59:16,446 [Thread-3561] INFO  impl.RoleInfo (RoleInfo.java:updateAndGet(143)) - 6a69eb03-c6ce-4a25-af67-2d438bc9db9b: start LeaderElection
2019-08-29 16:59:16,471 [81f31524-daf9-4665-be93-5f6a14015188:group-DB8F64C28A52:LeaderElection73] INFO  impl.LeaderElection (LeaderElection.java:askForVotes(181)) - 81f31524-daf9-4665-be93-5f6a14015188:group-DB8F64C28A52:LeaderElection73: begin an election at term 1 for -1: [6a69eb03-c6ce-4a25-af67-2d438bc9db9b:192.168.69.102:37548, 81f31524-daf9-4665-be93-5f6a14015188:192.168.69.102:43070, 7a616e93-d58e-4a6b-a0c4-5ab9b68bb367:192.168.69.102:35007], old=null
2019-08-29 16:59:16,471 [4615f4ce-fb17-47eb-adee-2d773b6217dc:group-F7BBA9C4C5F4:LeaderElection74] INFO  impl.LeaderElection (LeaderElection.java:askForVotes(181)) - 4615f4ce-fb17-47eb-adee-2d773b6217dc:group-F7BBA9C4C5F4:LeaderElection74: begin an election at term 1 for -1: [805302bb-512f-4740-9b33-f965a1421ef6:192.168.69.102:38448, 4615f4ce-fb17-47eb-adee-2d773b6217dc:192.168.69.102:39855, f719301a-9279-420f-b7a0-fd7fd360a35b:192.168.69.102:42295], old=null
2019-08-29 16:59:16,471 [805302bb-512f-4740-9b33-f965a1421ef6:group-F7BBA9C4C5F4:LeaderElection72] INFO  impl.LeaderElection (LeaderElection.java:askForVotes(181)) - 805302bb-512f-4740-9b33-f965a1421ef6:group-F7BBA9C4C5F4:LeaderElection72: begin an election at term 1 for -1: [805302bb-512f-4740-9b33-f965a1421ef6:192.168.69.102:38448, 4615f4ce-fb17-47eb-adee-2d773b6217dc:192.168.69.102:39855, f719301a-9279-420f-b7a0-fd7fd360a35b:192.168.69.102:42295], old=null
2019-08-29 16:59:16,473 [f719301a-9279-420f-b7a0-fd7fd360a35b:group-F7BBA9C4C5F4:LeaderElection71] INFO  impl.LeaderElection (LeaderElection.java:logAndReturn(56)) - f719301a-9279-420f-b7a0-fd7fd360a35b:group-F7BBA9C4C5F4:LeaderElection71: Election REJECTED; received 2 response(s) [f719301a-9279-420f-b7a0-fd7fd360a35b<-805302bb-512f-4740-9b33-f965a1421ef6#0:FAIL-t1, f719301a-9279-420f-b7a0-fd7fd360a35b<-4615f4ce-fb17-47eb-adee-2d773b6217dc#0:FAIL-t1] and 0 exception(s); f719301a-9279-420f-b7a0-fd7fd360a35b:t1, leader=null, voted=f719301a-9279-420f-b7a0-fd7fd360a35b, raftlog=f719301a-9279-420f-b7a0-fd7fd360a35b-SegmentedRaftLog:OPENED:c-1,f-1,i0, conf=-1: [805302bb-512f-4740-9b33-f965a1421ef6:192.168.69.102:38448, 4615f4ce-fb17-47eb-adee-2d773b6217dc:192.168.69.102:39855, f719301a-9279-420f-b7a0-fd7fd360a35b:192.168.69.102:42295], old=null
2019-08-29 16:59:16,473 [f719301a-9279-420f-b7a0-fd7fd360a35b:group-F7BBA9C4C5F4:LeaderElection71] INFO  impl.RaftServerImpl (RaftServerImpl.java:setRole(171)) - f719301a-9279-420f-b7a0-fd7fd360a35b:group-F7BBA9C4C5F4 changes role from CANDIDATE to FOLLOWER at term 1 for DISCOVERED_A_NEW_TERM
2019-08-29 16:59:16,473 [f719301a-9279-420f-b7a0-fd7fd360a35b:group-F7BBA9C4C5F4:LeaderElection71] INFO  impl.RoleInfo (RoleInfo.java:shutdownLeaderElection(134)) - f719301a-9279-420f-b7a0-fd7fd360a35b: shutdown LeaderElection
2019-08-29 16:59:16,473 [f719301a-9279-420f-b7a0-fd7fd360a35b:group-F7BBA9C4C5F4:LeaderElection71] INFO  impl.RoleInfo (RoleInfo.java:updateAndGet(143)) - f719301a-9279-420f-b7a0-fd7fd360a35b: start FollowerState
2019-08-29 16:59:16,480 [grpc-default-executor-5] INFO  impl.RaftServerImpl (RaftServerImpl.java:setRole(171)) - 7a616e93-d58e-4a6b-a0c4-5ab9b68bb367:group-DB8F64C28A52 changes role from FOLLOWER to FOLLOWER at term 1 for recognizeCandidate:81f31524-daf9-4665-be93-5f6a14015188
2019-08-29 16:59:16,480 [4615f4ce-fb17-47eb-adee-2d773b6217dc:group-F7BBA9C4C5F4:LeaderElection74] INFO  impl.LeaderElection (LeaderElection.java:logAndReturn(56)) - 4615f4ce-fb17-47eb-adee-2d773b6217dc:group-F7BBA9C4C5F4:LeaderElection74: Election REJECTED; received 2 response(s) [4615f4ce-fb17-47eb-adee-2d773b6217dc<-805302bb-512f-4740-9b33-f965a1421ef6#0:FAIL-t1, 4615f4ce-fb17-47eb-adee-2d773b6217dc<-f719301a-9279-420f-b7a0-fd7fd360a35b#0:FAIL-t1] and 0 exception(s); 4615f4ce-fb17-47eb-adee-2d773b6217dc:t1, leader=null, voted=4615f4ce-fb17-47eb-adee-2d773b6217dc, raftlog=4615f4ce-fb17-47eb-adee-2d773b6217dc-SegmentedRaftLog:OPENED:c-1,f-1,i0, conf=-1: [805302bb-512f-4740-9b33-f965a1421ef6:192.168.69.102:38448, 4615f4ce-fb17-47eb-adee-2d773b6217dc:192.168.69.102:39855, f719301a-9279-420f-b7a0-fd7fd360a35b:192.168.69.102:42295], old=null
2019-08-29 16:59:16,480 [grpc-default-executor-5] INFO  impl.RoleInfo (RoleInfo.java:shutdownFollowerState(121)) - 7a616e93-d58e-4a6b-a0c4-5ab9b68bb367: shutdown FollowerState
2019-08-29 16:59:16,480 [4615f4ce-fb17-47eb-adee-2d773b6217dc:group-F7BBA9C4C5F4:LeaderElection74] INFO  impl.RaftServerImpl (RaftServerImpl.java:setRole(171)) - 4615f4ce-fb17-47eb-adee-2d773b6217dc:group-F7BBA9C4C5F4 changes role from CANDIDATE to FOLLOWER at term 1 for DISCOVERED_A_NEW_TERM
2019-08-29 16:59:16,481 [grpc-default-executor-5] INFO  impl.RoleInfo (RoleInfo.java:updateAndGet(143)) - 7a616e93-d58e-4a6b-a0c4-5ab9b68bb367: start FollowerState
2019-08-29 16:59:16,481 [805302bb-512f-4740-9b33-f965a1421ef6:group-F7BBA9C4C5F4:LeaderElection72] INFO  impl.LeaderElection (LeaderElection.java:logAndReturn(56)) - 805302bb-512f-4740-9b33-f965a1421ef6:group-F7BBA9C4C5F4:LeaderElection72: Election REJECTED; received 2 response(s) [805302bb-512f-4740-9b33-f965a1421ef6<-4615f4ce-fb17-47eb-adee-2d773b6217dc#0:FAIL-t1, 805302bb-512f-4740-9b33-f965a1421ef6<-f719301a-9279-420f-b7a0-fd7fd360a35b#0:FAIL-t1] and 0 exception(s); 805302bb-512f-4740-9b33-f965a1421ef6:t1, leader=null, voted=805302bb-512f-4740-9b33-f965a1421ef6, raftlog=805302bb-512f-4740-9b33-f965a1421ef6-SegmentedRaftLog:OPENED:c-1,f-1,i0, conf=-1: [805302bb-512f-4740-9b33-f965a1421ef6:192.168.69.102:38448, 4615f4ce-fb17-47eb-adee-2d773b6217dc:192.168.69.102:39855, f719301a-9279-420f-b7a0-fd7fd360a35b:192.168.69.102:42295], old=null
2019-08-29 16:59:16,481 [805302bb-512f-4740-9b33-f965a1421ef6:group-F7BBA9C4C5F4:LeaderElection72] INFO  impl.RaftServerImpl (RaftServerImpl.java:setRole(171)) - 805302bb-512f-4740-9b33-f965a1421ef6:group-F7BBA9C4C5F4 changes role from CANDIDATE to FOLLOWER at term 1 for DISCOVERED_A_NEW_TERM
2019-08-29 16:59:16,481 [Thread-3562] INFO  impl.FollowerState (FollowerState.java:run(114)) - 7a616e93-d58e-4a6b-a0c4-5ab9b68bb367: FollowerState was interrupted: java.lang.InterruptedException: sleep interrupted
2019-08-29 16:59:16,481 [4615f4ce-fb17-47eb-adee-2d773b6217dc:group-F7BBA9C4C5F4:LeaderElection74] INFO  impl.RoleInfo (RoleInfo.java:shutdownLeaderElection(134)) - 4615f4ce-fb17-47eb-adee-2d773b6217dc: shutdown LeaderElection
2019-08-29 16:59:16,481 [805302bb-512f-4740-9b33-f965a1421ef6:group-F7BBA9C4C5F4:LeaderElection72] INFO  impl.RoleInfo (RoleInfo.java:shutdownLeaderElection(134)) - 805302bb-512f-4740-9b33-f965a1421ef6: shutdown LeaderElection
2019-08-29 16:59:16,483 [4615f4ce-fb17-47eb-adee-2d773b6217dc:group-F7BBA9C4C5F4:LeaderElection74] INFO  impl.RoleInfo (RoleInfo.java:updateAndGet(143)) - 4615f4ce-fb17-47eb-adee-2d773b6217dc: start FollowerState
2019-08-29 16:59:16,484 [805302bb-512f-4740-9b33-f965a1421ef6:group-F7BBA9C4C5F4:LeaderElection72] INFO  impl.RoleInfo (RoleInfo.java:updateAndGet(143)) - 805302bb-512f-4740-9b33-f965a1421ef6: start FollowerState
2019-08-29 16:59:16,488 [6a69eb03-c6ce-4a25-af67-2d438bc9db9b:group-DB8F64C28A52:LeaderElection75] INFO  impl.LeaderElection (LeaderElection.java:askForVotes(181)) - 6a69eb03-c6ce-4a25-af67-2d438bc9db9b:group-DB8F64C28A52:LeaderElection75: begin an election at term 1 for -1: [6a69eb03-c6ce-4a25-af67-2d438bc9db9b:192.168.69.102:37548, 81f31524-daf9-4665-be93-5f6a14015188:192.168.69.102:43070, 7a616e93-d58e-4a6b-a0c4-5ab9b68bb367:192.168.69.102:35007], old=null
2019-08-29 16:59:16,508 [81f31524-daf9-4665-be93-5f6a14015188:group-DB8F64C28A52:LeaderElection73] INFO  impl.LeaderElection (LeaderElection.java:logAndReturn(56)) - 81f31524-daf9-4665-be93-5f6a14015188:group-DB8F64C28A52:LeaderElection73: Election PASSED; received 2 response(s) [81f31524-daf9-4665-be93-5f6a14015188<-6a69eb03-c6ce-4a25-af67-2d438bc9db9b#0:FAIL-t1, 81f31524-daf9-4665-be93-5f6a14015188<-7a616e93-d58e-4a6b-a0c4-5ab9b68bb367#0:OK-t1] and 0 exception(s); 81f31524-daf9-4665-be93-5f6a14015188:t1, leader=null, voted=81f31524-daf9-4665-be93-5f6a14015188, raftlog=81f31524-daf9-4665-be93-5f6a14015188-SegmentedRaftLog:OPENED:c-1,f-1,i0, conf=-1: [6a69eb03-c6ce-4a25-af67-2d438bc9db9b:192.168.69.102:37548, 81f31524-daf9-4665-be93-5f6a14015188:192.168.69.102:43070, 7a616e93-d58e-4a6b-a0c4-5ab9b68bb367:192.168.69.102:35007], old=null
2019-08-29 16:59:16,508 [6a69eb03-c6ce-4a25-af67-2d438bc9db9b:group-DB8F64C28A52:LeaderElection75] INFO  impl.LeaderElection (LeaderElection.java:logAndReturn(56)) - 6a69eb03-c6ce-4a25-af67-2d438bc9db9b:group-DB8F64C28A52:LeaderElection75: Election REJECTED; received 2 response(s) [6a69eb03-c6ce-4a25-af67-2d438bc9db9b<-81f31524-daf9-4665-be93-5f6a14015188#0:FAIL-t1, 6a69eb03-c6ce-4a25-af67-2d438bc9db9b<-7a616e93-d58e-4a6b-a0c4-5ab9b68bb367#0:FAIL-t1] and 0 exception(s); 6a69eb03-c6ce-4a25-af67-2d438bc9db9b:t1, leader=null, voted=6a69eb03-c6ce-4a25-af67-2d438bc9db9b, raftlog=6a69eb03-c6ce-4a25-af67-2d438bc9db9b-SegmentedRaftLog:OPENED:c-1,f-1,i0, conf=-1: [6a69eb03-c6ce-4a25-af67-2d438bc9db9b:192.168.69.102:37548, 81f31524-daf9-4665-be93-5f6a14015188:192.168.69.102:43070, 7a616e93-d58e-4a6b-a0c4-5ab9b68bb367:192.168.69.102:35007], old=null
2019-08-29 16:59:16,508 [81f31524-daf9-4665-be93-5f6a14015188:group-DB8F64C28A52:LeaderElection73] INFO  impl.RoleInfo (RoleInfo.java:shutdownLeaderElection(134)) - 81f31524-daf9-4665-be93-5f6a14015188: shutdown LeaderElection
2019-08-29 16:59:16,508 [6a69eb03-c6ce-4a25-af67-2d438bc9db9b:group-DB8F64C28A52:LeaderElection75] INFO  impl.RaftServerImpl (RaftServerImpl.java:setRole(171)) - 6a69eb03-c6ce-4a25-af67-2d438bc9db9b:group-DB8F64C28A52 changes role from CANDIDATE to FOLLOWER at term 1 for DISCOVERED_A_NEW_TERM
2019-08-29 16:59:16,508 [81f31524-daf9-4665-be93-5f6a14015188:group-DB8F64C28A52:LeaderElection73] INFO  impl.RaftServerImpl (RaftServerImpl.java:setRole(171)) - 81f31524-daf9-4665-be93-5f6a14015188:group-DB8F64C28A52 changes role from CANDIDATE to LEADER at term 1 for changeToLeader
2019-08-29 16:59:16,508 [6a69eb03-c6ce-4a25-af67-2d438bc9db9b:group-DB8F64C28A52:LeaderElection75] INFO  impl.RoleInfo (RoleInfo.java:shutdownLeaderElection(134)) - 6a69eb03-c6ce-4a25-af67-2d438bc9db9b: shutdown LeaderElection
2019-08-29 16:59:16,509 [81f31524-daf9-4665-be93-5f6a14015188:group-DB8F64C28A52:LeaderElection73] INFO  impl.RaftServerImpl (ServerState.java:setLeader(263)) - 81f31524-daf9-4665-be93-5f6a14015188:group-DB8F64C28A52 change Leader from null to 81f31524-daf9-4665-be93-5f6a14015188 at term 1 for becomeLeader, leader elected after 5109ms
2019-08-29 16:59:16,509 [6a69eb03-c6ce-4a25-af67-2d438bc9db9b:group-DB8F64C28A52:LeaderElection75] INFO  impl.RoleInfo (RoleInfo.java:updateAndGet(143)) - 6a69eb03-c6ce-4a25-af67-2d438bc9db9b: start FollowerState
2019-08-29 16:59:16,509 [81f31524-daf9-4665-be93-5f6a14015188:group-DB8F64C28A52:LeaderElection73] INFO  server.RaftServerConfigKeys (ConfUtils.java:logGet(43)) - raft.server.staging.catchup.gap = 1000 (default)
2019-08-29 16:59:16,509 [81f31524-daf9-4665-be93-5f6a14015188:group-DB8F64C28A52:LeaderElection73] INFO  server.RaftServerConfigKeys (ConfUtils.java:logGet(43)) - raft.server.rpc.sleep.time = 25ms (default)
2019-08-29 16:59:16,509 [81f31524-daf9-4665-be93-5f6a14015188:group-DB8F64C28A52:LeaderElection73] INFO  server.RaftServerConfigKeys (ConfUtils.java:logGet(43)) - raft.server.write.element-limit = 4096 (default)
2019-08-29 16:59:16,509 [81f31524-daf9-4665-be93-5f6a14015188:group-DB8F64C28A52:LeaderElection73] INFO  server.RaftServerConfigKeys (ConfUtils.java:logGet(43)) - raft.server.watch.timeout = 10s (default)
2019-08-29 16:59:16,510 [81f31524-daf9-4665-be93-5f6a14015188:group-DB8F64C28A52:LeaderElection73] INFO  server.RaftServerConfigKeys (ConfUtils.java:logGet(43)) - raft.server.watch.timeout.denomination = 1s (default)
2019-08-29 16:59:16,510 [81f31524-daf9-4665-be93-5f6a14015188:group-DB8F64C28A52:LeaderElection73] INFO  server.RaftServerConfigKeys (ConfUtils.java:logGet(43)) - raft.server.watch.element-limit = 65536 (default)
2019-08-29 16:59:16,510 [81f31524-daf9-4665-be93-5f6a14015188:group-DB8F64C28A52:LeaderElection73] INFO  server.RaftServerConfigKeys (ConfUtils.java:logGet(43)) - raft.server.log.appender.snapshot.chunk.size.max = 16MB (=16777216) (default)
2019-08-29 16:59:16,510 [81f31524-daf9-4665-be93-5f6a14015188:group-DB8F64C28A52:LeaderElection73] INFO  server.RaftServerConfigKeys (ConfUtils.java:logGet(43)) - raft.server.log.appender.buffer.byte-limit = 33554432 (custom)
2019-08-29 16:59:16,511 [81f31524-daf9-4665-be93-5f6a14015188:group-DB8F64C28A52:LeaderElection73] INFO  server.RaftServerConfigKeys (ConfUtils.java:logGet(43)) - raft.server.log.appender.buffer.element-limit = 1 (custom)
2019-08-29 16:59:16,511 [81f31524-daf9-4665-be93-5f6a14015188:group-DB8F64C28A52:LeaderElection73] INFO  grpc.GrpcConfigKeys$Server (ConfUtils.java:logGet(43)) - raft.grpc.server.leader.outstanding.appends.max = 128 (default)
2019-08-29 16:59:16,511 [81f31524-daf9-4665-be93-5f6a14015188:group-DB8F64C28A52:LeaderElection73] INFO  server.RaftServerConfigKeys (ConfUtils.java:logGet(43)) - raft.server.rpc.request.timeout = 3000ms (default)
2019-08-29 16:59:16,513 [81f31524-daf9-4665-be93-5f6a14015188:group-DB8F64C28A52:LeaderElection73] INFO  server.RaftServerConfigKeys (ConfUtils.java:logGet(43)) - raft.server.log.appender.install.snapshot.enabled = false (custom)
2019-08-29 16:59:16,513 [81f31524-daf9-4665-be93-5f6a14015188:group-DB8F64C28A52:LeaderElection73] INFO  server.RaftServerConfigKeys (ConfUtils.java:logGet(43)) - raft.server.log.appender.snapshot.chunk.size.max = 16MB (=16777216) (default)
2019-08-29 16:59:16,513 [81f31524-daf9-4665-be93-5f6a14015188:group-DB8F64C28A52:LeaderElection73] INFO  server.RaftServerConfigKeys (ConfUtils.java:logGet(43)) - raft.server.log.appender.buffer.byte-limit = 33554432 (custom)
2019-08-29 16:59:16,514 [81f31524-daf9-4665-be93-5f6a14015188:group-DB8F64C28A52:LeaderElection73] INFO  server.RaftServerConfigKeys (ConfUtils.java:logGet(43)) - raft.server.log.appender.buffer.element-limit = 1 (custom)
2019-08-29 16:59:16,514 [grpc-default-executor-9] INFO  client.GrpcClientProtocolClient (GrpcClientProtocolClient.java:onNext(255)) - client-C861337DE706->4615f4ce-fb17-47eb-adee-2d773b6217dc: receive RaftClientReply:client-C861337DE706->4615f4ce-fb17-47eb-adee-2d773b6217dc@group-F7BBA9C4C5F4, cid=183, FAILED org.apache.ratis.protocol.NotLeaderException: Server 4615f4ce-fb17-47eb-adee-2d773b6217dc is not the leader (null). Request must be sent to leader., logIndex=0, commits[4615f4ce-fb17-47eb-adee-2d773b6217dc:c-1]
2019-08-29 16:59:16,514 [81f31524-daf9-4665-be93-5f6a14015188:group-DB8F64C28A52:LeaderElection73] INFO  grpc.GrpcConfigKeys$Server (ConfUtils.java:logGet(43)) - raft.grpc.server.leader.outstanding.appends.max = 128 (default)
2019-08-29 16:59:16,514 [81f31524-daf9-4665-be93-5f6a14015188:group-DB8F64C28A52:LeaderElection73] INFO  server.RaftServerConfigKeys (ConfUtils.java:logGet(43)) - raft.server.rpc.request.timeout = 3000ms (default)
2019-08-29 16:59:16,516 [81f31524-daf9-4665-be93-5f6a14015188:group-DB8F64C28A52:LeaderElection73] INFO  server.RaftServerConfigKeys (ConfUtils.java:logGet(43)) - raft.server.log.appender.install.snapshot.enabled = false (custom)
2019-08-29 16:59:16,516 [81f31524-daf9-4665-be93-5f6a14015188:group-DB8F64C28A52:LeaderElection73] INFO  impl.RoleInfo (RoleInfo.java:updateAndGet(143)) - 81f31524-daf9-4665-be93-5f6a14015188: start LeaderState
2019-08-29 16:59:16,517 [81f31524-daf9-4665-be93-5f6a14015188:group-DB8F64C28A52:LeaderElection73] INFO  segmented.SegmentedRaftLogWorker (SegmentedRaftLogWorker.java:startLogSegment(380)) - 81f31524-daf9-4665-be93-5f6a14015188-SegmentedRaftLogWorker:Storage Directory /workdir/hadoop-ozone/integration-test/target/test-dir/MiniOzoneClusterImpl-51fe08ff-1c36-40ef-8442-fe9f7994e715/datanode-4/data/ratis/d5c7637f-7c20-4cc6-8d08-db8f64c28a52: Starting segment from index:0
2019-08-29 16:59:16,518 [81f31524-daf9-4665-be93-5f6a14015188:group-DB8F64C28A52:LeaderElection73] INFO  impl.RaftServerImpl (ServerState.java:setRaftConf(361)) - 81f31524-daf9-4665-be93-5f6a14015188:group-DB8F64C28A52 set configuration 0: [6a69eb03-c6ce-4a25-af67-2d438bc9db9b:192.168.69.102:37548, 81f31524-daf9-4665-be93-5f6a14015188:192.168.69.102:43070, 7a616e93-d58e-4a6b-a0c4-5ab9b68bb367:192.168.69.102:35007], old=null at 0
2019-08-29 16:59:16,519 [grpc-default-executor-5] INFO  impl.RaftServerImpl (ServerState.java:setLeader(263)) - 6a69eb03-c6ce-4a25-af67-2d438bc9db9b:group-DB8F64C28A52 change Leader from null to 81f31524-daf9-4665-be93-5f6a14015188 at term 1 for appendEntries, leader elected after 5120ms
2019-08-29 16:59:16,519 [grpc-default-executor-9] INFO  impl.RaftServerImpl (ServerState.java:setLeader(263)) - 7a616e93-d58e-4a6b-a0c4-5ab9b68bb367:group-DB8F64C28A52 change Leader from null to 81f31524-daf9-4665-be93-5f6a14015188 at term 1 for appendEntries, leader elected after 5119ms
2019-08-29 16:59:16,521 [grpc-default-executor-5] INFO  impl.RaftServerImpl (ServerState.java:setRaftConf(361)) - 6a69eb03-c6ce-4a25-af67-2d438bc9db9b:group-DB8F64C28A52 set configuration 0: [6a69eb03-c6ce-4a25-af67-2d438bc9db9b:192.168.69.102:37548, 81f31524-daf9-4665-be93-5f6a14015188:192.168.69.102:43070, 7a616e93-d58e-4a6b-a0c4-5ab9b68bb367:192.168.69.102:35007], old=null at 0
2019-08-29 16:59:16,522 [grpc-default-executor-5] INFO  segmented.SegmentedRaftLogWorker (SegmentedRaftLogWorker.java:startLogSegment(380)) - 6a69eb03-c6ce-4a25-af67-2d438bc9db9b-SegmentedRaftLogWorker:Storage Directory /workdir/hadoop-ozone/integration-test/target/test-dir/MiniOzoneClusterImpl-51fe08ff-1c36-40ef-8442-fe9f7994e715/datanode-6/data/ratis/d5c7637f-7c20-4cc6-8d08-db8f64c28a52: Starting segment from index:0
2019-08-29 16:59:16,522 [grpc-default-executor-9] INFO  impl.RaftServerImpl (ServerState.java:setRaftConf(361)) - 7a616e93-d58e-4a6b-a0c4-5ab9b68bb367:group-DB8F64C28A52 set configuration 0: [6a69eb03-c6ce-4a25-af67-2d438bc9db9b:192.168.69.102:37548, 81f31524-daf9-4665-be93-5f6a14015188:192.168.69.102:43070, 7a616e93-d58e-4a6b-a0c4-5ab9b68bb367:192.168.69.102:35007], old=null at 0
2019-08-29 16:59:16,522 [grpc-default-executor-9] INFO  segmented.SegmentedRaftLogWorker (SegmentedRaftLogWorker.java:startLogSegment(380)) - 7a616e93-d58e-4a6b-a0c4-5ab9b68bb367-SegmentedRaftLogWorker:Storage Directory /workdir/hadoop-ozone/integration-test/target/test-dir/MiniOzoneClusterImpl-51fe08ff-1c36-40ef-8442-fe9f7994e715/datanode-0/data/ratis/d5c7637f-7c20-4cc6-8d08-db8f64c28a52: Starting segment from index:0
2019-08-29 16:59:16,567 [81f31524-daf9-4665-be93-5f6a14015188-SegmentedRaftLogWorker:Storage Directory /workdir/hadoop-ozone/integration-test/target/test-dir/MiniOzoneClusterImpl-51fe08ff-1c36-40ef-8442-fe9f7994e715/datanode-4/data/ratis/d5c7637f-7c20-4cc6-8d08-db8f64c28a52] INFO  segmented.SegmentedRaftLogWorker (SegmentedRaftLogWorker.java:execute(569)) - 81f31524-daf9-4665-be93-5f6a14015188-SegmentedRaftLogWorker:Storage Directory /workdir/hadoop-ozone/integration-test/target/test-dir/MiniOzoneClusterImpl-51fe08ff-1c36-40ef-8442-fe9f7994e715/datanode-4/data/ratis/d5c7637f-7c20-4cc6-8d08-db8f64c28a52: created new log segment /workdir/hadoop-ozone/integration-test/target/test-dir/MiniOzoneClusterImpl-51fe08ff-1c36-40ef-8442-fe9f7994e715/datanode-4/data/ratis/d5c7637f-7c20-4cc6-8d08-db8f64c28a52/current/log_inprogress_0
2019-08-29 16:59:16,567 [6a69eb03-c6ce-4a25-af67-2d438bc9db9b-SegmentedRaftLogWorker:Storage Directory /workdir/hadoop-ozone/integration-test/target/test-dir/MiniOzoneClusterImpl-51fe08ff-1c36-40ef-8442-fe9f7994e715/datanode-6/data/ratis/d5c7637f-7c20-4cc6-8d08-db8f64c28a52] INFO  segmented.SegmentedRaftLogWorker (SegmentedRaftLogWorker.java:execute(569)) - 6a69eb03-c6ce-4a25-af67-2d438bc9db9b-SegmentedRaftLogWorker:Storage Directory /workdir/hadoop-ozone/integration-test/target/test-dir/MiniOzoneClusterImpl-51fe08ff-1c36-40ef-8442-fe9f7994e715/datanode-6/data/ratis/d5c7637f-7c20-4cc6-8d08-db8f64c28a52: created new log segment /workdir/hadoop-ozone/integration-test/target/test-dir/MiniOzoneClusterImpl-51fe08ff-1c36-40ef-8442-fe9f7994e715/datanode-6/data/ratis/d5c7637f-7c20-4cc6-8d08-db8f64c28a52/current/log_inprogress_0
2019-08-29 16:59:16,580 [7a616e93-d58e-4a6b-a0c4-5ab9b68bb367-SegmentedRaftLogWorker:Storage Directory /workdir/hadoop-ozone/integration-test/target/test-dir/MiniOzoneClusterImpl-51fe08ff-1c36-40ef-8442-fe9f7994e715/datanode-0/data/ratis/d5c7637f-7c20-4cc6-8d08-db8f64c28a52] INFO  segmented.SegmentedRaftLogWorker (SegmentedRaftLogWorker.java:execute(569)) - 7a616e93-d58e-4a6b-a0c4-5ab9b68bb367-SegmentedRaftLogWorker:Storage Directory /workdir/hadoop-ozone/integration-test/target/test-dir/MiniOzoneClusterImpl-51fe08ff-1c36-40ef-8442-fe9f7994e715/datanode-0/data/ratis/d5c7637f-7c20-4cc6-8d08-db8f64c28a52: created new log segment /workdir/hadoop-ozone/integration-test/target/test-dir/MiniOzoneClusterImpl-51fe08ff-1c36-40ef-8442-fe9f7994e715/datanode-0/data/ratis/d5c7637f-7c20-4cc6-8d08-db8f64c28a52/current/log_inprogress_0
2019-08-29 16:59:16,729 | INFO  | SCMAudit | user=jenkins1000 | ip=192.168.69.102 | op=SEND_HEARTBEAT {datanodeUUID=7a616e93-d58e-4a6b-a0c4-5ab9b68bb367, command=[]} | ret=SUCCESS |  
2019-08-29 16:59:16,815 | INFO  | SCMAudit | user=jenkins1000 | ip=192.168.69.102 | op=SEND_HEARTBEAT {datanodeUUID=805302bb-512f-4740-9b33-f965a1421ef6, command=[]} | ret=SUCCESS |  
2019-08-29 16:59:16,897 | INFO  | SCMAudit | user=jenkins1000 | ip=192.168.69.102 | op=SEND_HEARTBEAT {datanodeUUID=f719301a-9279-420f-b7a0-fd7fd360a35b, command=[]} | ret=SUCCESS |  
2019-08-29 16:59:16,998 | INFO  | SCMAudit | user=jenkins1000 | ip=192.168.69.102 | op=SEND_HEARTBEAT {datanodeUUID=3580c151-a3bd-4c31-932d-2b2c4791eb11, command=[]} | ret=SUCCESS |  
2019-08-29 16:59:17,020 | INFO  | SCMAudit | user=jenkins1000 | ip=192.168.69.102 | op=SEND_HEARTBEAT {datanodeUUID=81f31524-daf9-4665-be93-5f6a14015188, command=[]} | ret=SUCCESS |  
2019-08-29 16:59:17,083 | INFO  | SCMAudit | user=jenkins1000 | ip=192.168.69.102 | op=SEND_HEARTBEAT {datanodeUUID=4615f4ce-fb17-47eb-adee-2d773b6217dc, command=[]} | ret=SUCCESS |  
2019-08-29 16:59:17,149 | INFO  | SCMAudit | user=jenkins1000 | ip=192.168.69.102 | op=SEND_HEARTBEAT {datanodeUUID=6a69eb03-c6ce-4a25-af67-2d438bc9db9b, command=[]} | ret=SUCCESS |  
2019-08-29 16:59:17,524 [grpc-default-executor-9] INFO  client.GrpcClientProtocolClient (GrpcClientProtocolClient.java:onNext(255)) - client-C861337DE706->f719301a-9279-420f-b7a0-fd7fd360a35b: receive RaftClientReply:client-C861337DE706->f719301a-9279-420f-b7a0-fd7fd360a35b@group-F7BBA9C4C5F4, cid=183, FAILED org.apache.ratis.protocol.NotLeaderException: Server f719301a-9279-420f-b7a0-fd7fd360a35b is not the leader (null). Request must be sent to leader., logIndex=0, commits[f719301a-9279-420f-b7a0-fd7fd360a35b:c-1]
2019-08-29 16:59:17,729 | INFO  | SCMAudit | user=jenkins1000 | ip=192.168.69.102 | op=SEND_HEARTBEAT {datanodeUUID=7a616e93-d58e-4a6b-a0c4-5ab9b68bb367, command=[]} | ret=SUCCESS |  
2019-08-29 16:59:17,815 | INFO  | SCMAudit | user=jenkins1000 | ip=192.168.69.102 | op=SEND_HEARTBEAT {datanodeUUID=805302bb-512f-4740-9b33-f965a1421ef6, command=[]} | ret=SUCCESS |  
2019-08-29 16:59:17,897 | INFO  | SCMAudit | user=jenkins1000 | ip=192.168.69.102 | op=SEND_HEARTBEAT {datanodeUUID=f719301a-9279-420f-b7a0-fd7fd360a35b, command=[]} | ret=SUCCESS |  
2019-08-29 16:59:17,999 | INFO  | SCMAudit | user=jenkins1000 | ip=192.168.69.102 | op=SEND_HEARTBEAT {datanodeUUID=3580c151-a3bd-4c31-932d-2b2c4791eb11, command=[]} | ret=SUCCESS |  
2019-08-29 16:59:18,020 | INFO  | SCMAudit | user=jenkins1000 | ip=192.168.69.102 | op=SEND_HEARTBEAT {datanodeUUID=81f31524-daf9-4665-be93-5f6a14015188, command=[]} | ret=SUCCESS |  
2019-08-29 16:59:18,083 | INFO  | SCMAudit | user=jenkins1000 | ip=192.168.69.102 | op=SEND_HEARTBEAT {datanodeUUID=4615f4ce-fb17-47eb-adee-2d773b6217dc, command=[]} | ret=SUCCESS |  
2019-08-29 16:59:18,149 | INFO  | SCMAudit | user=jenkins1000 | ip=192.168.69.102 | op=SEND_HEARTBEAT {datanodeUUID=6a69eb03-c6ce-4a25-af67-2d438bc9db9b, command=[]} | ret=SUCCESS |  
2019-08-29 16:59:18,534 [grpc-default-executor-5] INFO  client.GrpcClientProtocolClient (GrpcClientProtocolClient.java:onNext(255)) - client-C861337DE706->4615f4ce-fb17-47eb-adee-2d773b6217dc: receive RaftClientReply:client-C861337DE706->4615f4ce-fb17-47eb-adee-2d773b6217dc@group-F7BBA9C4C5F4, cid=183, FAILED org.apache.ratis.protocol.NotLeaderException: Server 4615f4ce-fb17-47eb-adee-2d773b6217dc is not the leader (null). Request must be sent to leader., logIndex=0, commits[4615f4ce-fb17-47eb-adee-2d773b6217dc:c-1]
2019-08-29 16:59:18,728 | INFO  | SCMAudit | user=jenkins1000 | ip=192.168.69.102 | op=SEND_HEARTBEAT {datanodeUUID=7a616e93-d58e-4a6b-a0c4-5ab9b68bb367, command=[]} | ret=SUCCESS |  
2019-08-29 16:59:18,815 | INFO  | SCMAudit | user=jenkins1000 | ip=192.168.69.102 | op=SEND_HEARTBEAT {datanodeUUID=805302bb-512f-4740-9b33-f965a1421ef6, command=[]} | ret=SUCCESS |  
2019-08-29 16:59:18,897 | INFO  | SCMAudit | user=jenkins1000 | ip=192.168.69.102 | op=SEND_HEARTBEAT {datanodeUUID=f719301a-9279-420f-b7a0-fd7fd360a35b, command=[]} | ret=SUCCESS |  
2019-08-29 16:59:18,999 | INFO  | SCMAudit | user=jenkins1000 | ip=192.168.69.102 | op=SEND_HEARTBEAT {datanodeUUID=3580c151-a3bd-4c31-932d-2b2c4791eb11, command=[]} | ret=SUCCESS |  
2019-08-29 16:59:19,020 | INFO  | SCMAudit | user=jenkins1000 | ip=192.168.69.102 | op=SEND_HEARTBEAT {datanodeUUID=81f31524-daf9-4665-be93-5f6a14015188, command=[]} | ret=SUCCESS |  
2019-08-29 16:59:19,083 | INFO  | SCMAudit | user=jenkins1000 | ip=192.168.69.102 | op=SEND_HEARTBEAT {datanodeUUID=4615f4ce-fb17-47eb-adee-2d773b6217dc, command=[]} | ret=SUCCESS |  
2019-08-29 16:59:19,149 | INFO  | SCMAudit | user=jenkins1000 | ip=192.168.69.102 | op=SEND_HEARTBEAT {datanodeUUID=6a69eb03-c6ce-4a25-af67-2d438bc9db9b, command=[]} | ret=SUCCESS |  
2019-08-29 16:59:19,546 [grpc-default-executor-9] INFO  client.GrpcClientProtocolClient (GrpcClientProtocolClient.java:onNext(255)) - client-C861337DE706->f719301a-9279-420f-b7a0-fd7fd360a35b: receive RaftClientReply:client-C861337DE706->f719301a-9279-420f-b7a0-fd7fd360a35b@group-F7BBA9C4C5F4, cid=183, FAILED org.apache.ratis.protocol.NotLeaderException: Server f719301a-9279-420f-b7a0-fd7fd360a35b is not the leader (null). Request must be sent to leader., logIndex=0, commits[f719301a-9279-420f-b7a0-fd7fd360a35b:c-1]
2019-08-29 16:59:19,729 | INFO  | SCMAudit | user=jenkins1000 | ip=192.168.69.102 | op=SEND_HEARTBEAT {datanodeUUID=7a616e93-d58e-4a6b-a0c4-5ab9b68bb367, command=[]} | ret=SUCCESS |  
2019-08-29 16:59:19,816 | INFO  | SCMAudit | user=jenkins1000 | ip=192.168.69.102 | op=SEND_HEARTBEAT {datanodeUUID=805302bb-512f-4740-9b33-f965a1421ef6, command=[]} | ret=SUCCESS |  
2019-08-29 16:59:19,897 | INFO  | SCMAudit | user=jenkins1000 | ip=192.168.69.102 | op=SEND_HEARTBEAT {datanodeUUID=f719301a-9279-420f-b7a0-fd7fd360a35b, command=[]} | ret=SUCCESS |  
2019-08-29 16:59:19,999 | INFO  | SCMAudit | user=jenkins1000 | ip=192.168.69.102 | op=SEND_HEARTBEAT {datanodeUUID=3580c151-a3bd-4c31-932d-2b2c4791eb11, command=[]} | ret=SUCCESS |  
2019-08-29 16:59:20,020 | INFO  | SCMAudit | user=jenkins1000 | ip=192.168.69.102 | op=SEND_HEARTBEAT {datanodeUUID=81f31524-daf9-4665-be93-5f6a14015188, command=[]} | ret=SUCCESS |  
2019-08-29 16:59:20,083 | INFO  | SCMAudit | user=jenkins1000 | ip=192.168.69.102 | op=SEND_HEARTBEAT {datanodeUUID=4615f4ce-fb17-47eb-adee-2d773b6217dc, command=[]} | ret=SUCCESS |  
2019-08-29 16:59:20,149 | INFO  | SCMAudit | user=jenkins1000 | ip=192.168.69.102 | op=SEND_HEARTBEAT {datanodeUUID=6a69eb03-c6ce-4a25-af67-2d438bc9db9b, command=[]} | ret=SUCCESS |  
2019-08-29 16:59:20,558 [grpc-default-executor-9] INFO  client.GrpcClientProtocolClient (GrpcClientProtocolClient.java:onNext(255)) - client-C861337DE706->805302bb-512f-4740-9b33-f965a1421ef6: receive RaftClientReply:client-C861337DE706->805302bb-512f-4740-9b33-f965a1421ef6@group-F7BBA9C4C5F4, cid=183, FAILED org.apache.ratis.protocol.NotLeaderException: Server 805302bb-512f-4740-9b33-f965a1421ef6 is not the leader (null). Request must be sent to leader., logIndex=0, commits[805302bb-512f-4740-9b33-f965a1421ef6:c-1]
2019-08-29 16:59:20,728 | INFO  | SCMAudit | user=jenkins1000 | ip=192.168.69.102 | op=SEND_HEARTBEAT {datanodeUUID=7a616e93-d58e-4a6b-a0c4-5ab9b68bb367, command=[]} | ret=SUCCESS |  
2019-08-29 16:59:20,816 | INFO  | SCMAudit | user=jenkins1000 | ip=192.168.69.102 | op=SEND_HEARTBEAT {datanodeUUID=805302bb-512f-4740-9b33-f965a1421ef6, command=[]} | ret=SUCCESS |  
2019-08-29 16:59:20,897 | INFO  | SCMAudit | user=jenkins1000 | ip=192.168.69.102 | op=SEND_HEARTBEAT {datanodeUUID=f719301a-9279-420f-b7a0-fd7fd360a35b, command=[]} | ret=SUCCESS |  
2019-08-29 16:59:21,001 | INFO  | SCMAudit | user=jenkins1000 | ip=192.168.69.102 | op=SEND_HEARTBEAT {datanodeUUID=3580c151-a3bd-4c31-932d-2b2c4791eb11, command=[]} | ret=SUCCESS |  
2019-08-29 16:59:21,020 | INFO  | SCMAudit | user=jenkins1000 | ip=192.168.69.102 | op=SEND_HEARTBEAT {datanodeUUID=81f31524-daf9-4665-be93-5f6a14015188, command=[]} | ret=SUCCESS |  
2019-08-29 16:59:21,084 | INFO  | SCMAudit | user=jenkins1000 | ip=192.168.69.102 | op=SEND_HEARTBEAT {datanodeUUID=4615f4ce-fb17-47eb-adee-2d773b6217dc, command=[]} | ret=SUCCESS |  
2019-08-29 16:59:21,149 | INFO  | SCMAudit | user=jenkins1000 | ip=192.168.69.102 | op=SEND_HEARTBEAT {datanodeUUID=6a69eb03-c6ce-4a25-af67-2d438bc9db9b, command=[]} | ret=SUCCESS |  
2019-08-29 16:59:21,482 [Thread-3609] INFO  impl.FollowerState (FollowerState.java:run(106)) - f719301a-9279-420f-b7a0-fd7fd360a35b:group-F7BBA9C4C5F4 changes to CANDIDATE, lastRpcTime:5009, electionTimeout:5006ms
2019-08-29 16:59:21,483 [Thread-3609] INFO  impl.RoleInfo (RoleInfo.java:shutdownFollowerState(121)) - f719301a-9279-420f-b7a0-fd7fd360a35b: shutdown FollowerState
2019-08-29 16:59:21,483 [Thread-3609] INFO  impl.RaftServerImpl (RaftServerImpl.java:setRole(171)) - f719301a-9279-420f-b7a0-fd7fd360a35b:group-F7BBA9C4C5F4 changes role from FOLLOWER to CANDIDATE at term 1 for changeToCandidate
2019-08-29 16:59:21,483 [Thread-3609] INFO  impl.RoleInfo (RoleInfo.java:updateAndGet(143)) - f719301a-9279-420f-b7a0-fd7fd360a35b: start LeaderElection
2019-08-29 16:59:21,488 [Thread-3612] INFO  impl.FollowerState (FollowerState.java:run(106)) - 805302bb-512f-4740-9b33-f965a1421ef6:group-F7BBA9C4C5F4 changes to CANDIDATE, lastRpcTime:5004, electionTimeout:5004ms
2019-08-29 16:59:21,488 [Thread-3612] INFO  impl.RoleInfo (RoleInfo.java:shutdownFollowerState(121)) - 805302bb-512f-4740-9b33-f965a1421ef6: shutdown FollowerState
2019-08-29 16:59:21,489 [Thread-3612] INFO  impl.RaftServerImpl (RaftServerImpl.java:setRole(171)) - 805302bb-512f-4740-9b33-f965a1421ef6:group-F7BBA9C4C5F4 changes role from FOLLOWER to CANDIDATE at term 1 for changeToCandidate
2019-08-29 16:59:21,489 [Thread-3612] INFO  impl.RoleInfo (RoleInfo.java:updateAndGet(143)) - 805302bb-512f-4740-9b33-f965a1421ef6: start LeaderElection
2019-08-29 16:59:21,514 [f719301a-9279-420f-b7a0-fd7fd360a35b:group-F7BBA9C4C5F4:LeaderElection76] INFO  impl.LeaderElection (LeaderElection.java:askForVotes(181)) - f719301a-9279-420f-b7a0-fd7fd360a35b:group-F7BBA9C4C5F4:LeaderElection76: begin an election at term 2 for -1: [805302bb-512f-4740-9b33-f965a1421ef6:192.168.69.102:38448, 4615f4ce-fb17-47eb-adee-2d773b6217dc:192.168.69.102:39855, f719301a-9279-420f-b7a0-fd7fd360a35b:192.168.69.102:42295], old=null
2019-08-29 16:59:21,514 [805302bb-512f-4740-9b33-f965a1421ef6:group-F7BBA9C4C5F4:LeaderElection77] INFO  impl.LeaderElection (LeaderElection.java:askForVotes(181)) - 805302bb-512f-4740-9b33-f965a1421ef6:group-F7BBA9C4C5F4:LeaderElection77: begin an election at term 2 for -1: [805302bb-512f-4740-9b33-f965a1421ef6:192.168.69.102:38448, 4615f4ce-fb17-47eb-adee-2d773b6217dc:192.168.69.102:39855, f719301a-9279-420f-b7a0-fd7fd360a35b:192.168.69.102:42295], old=null
2019-08-29 16:59:21,517 [grpc-default-executor-5] INFO  impl.RaftServerImpl (RaftServerImpl.java:setRole(171)) - 4615f4ce-fb17-47eb-adee-2d773b6217dc:group-F7BBA9C4C5F4 changes role from FOLLOWER to FOLLOWER at term 2 for recognizeCandidate:805302bb-512f-4740-9b33-f965a1421ef6
2019-08-29 16:59:21,517 [grpc-default-executor-5] INFO  impl.RoleInfo (RoleInfo.java:shutdownFollowerState(121)) - 4615f4ce-fb17-47eb-adee-2d773b6217dc: shutdown FollowerState
2019-08-29 16:59:21,518 [grpc-default-executor-5] INFO  impl.RoleInfo (RoleInfo.java:updateAndGet(143)) - 4615f4ce-fb17-47eb-adee-2d773b6217dc: start FollowerState
2019-08-29 16:59:21,518 [Thread-3611] INFO  impl.FollowerState (FollowerState.java:run(114)) - 4615f4ce-fb17-47eb-adee-2d773b6217dc: FollowerState was interrupted: java.lang.InterruptedException: sleep interrupted
2019-08-29 16:59:21,544 [805302bb-512f-4740-9b33-f965a1421ef6:group-F7BBA9C4C5F4:LeaderElection77] INFO  impl.LeaderElection (LeaderElection.java:logAndReturn(56)) - 805302bb-512f-4740-9b33-f965a1421ef6:group-F7BBA9C4C5F4:LeaderElection77: Election PASSED; received 2 response(s) [805302bb-512f-4740-9b33-f965a1421ef6<-4615f4ce-fb17-47eb-adee-2d773b6217dc#0:OK-t2, 805302bb-512f-4740-9b33-f965a1421ef6<-f719301a-9279-420f-b7a0-fd7fd360a35b#0:FAIL-t2] and 0 exception(s); 805302bb-512f-4740-9b33-f965a1421ef6:t2, leader=null, voted=805302bb-512f-4740-9b33-f965a1421ef6, raftlog=805302bb-512f-4740-9b33-f965a1421ef6-SegmentedRaftLog:OPENED:c-1,f-1,i0, conf=-1: [805302bb-512f-4740-9b33-f965a1421ef6:192.168.69.102:38448, 4615f4ce-fb17-47eb-adee-2d773b6217dc:192.168.69.102:39855, f719301a-9279-420f-b7a0-fd7fd360a35b:192.168.69.102:42295], old=null
2019-08-29 16:59:21,544 [f719301a-9279-420f-b7a0-fd7fd360a35b:group-F7BBA9C4C5F4:LeaderElection76] INFO  impl.LeaderElection (LeaderElection.java:logAndReturn(56)) - f719301a-9279-420f-b7a0-fd7fd360a35b:group-F7BBA9C4C5F4:LeaderElection76: Election REJECTED; received 2 response(s) [f719301a-9279-420f-b7a0-fd7fd360a35b<-805302bb-512f-4740-9b33-f965a1421ef6#0:FAIL-t2, f719301a-9279-420f-b7a0-fd7fd360a35b<-4615f4ce-fb17-47eb-adee-2d773b6217dc#0:FAIL-t2] and 0 exception(s); f719301a-9279-420f-b7a0-fd7fd360a35b:t2, leader=null, voted=f719301a-9279-420f-b7a0-fd7fd360a35b, raftlog=f719301a-9279-420f-b7a0-fd7fd360a35b-SegmentedRaftLog:OPENED:c-1,f-1,i0, conf=-1: [805302bb-512f-4740-9b33-f965a1421ef6:192.168.69.102:38448, 4615f4ce-fb17-47eb-adee-2d773b6217dc:192.168.69.102:39855, f719301a-9279-420f-b7a0-fd7fd360a35b:192.168.69.102:42295], old=null
2019-08-29 16:59:21,545 [805302bb-512f-4740-9b33-f965a1421ef6:group-F7BBA9C4C5F4:LeaderElection77] INFO  impl.RoleInfo (RoleInfo.java:shutdownLeaderElection(134)) - 805302bb-512f-4740-9b33-f965a1421ef6: shutdown LeaderElection
2019-08-29 16:59:21,545 [f719301a-9279-420f-b7a0-fd7fd360a35b:group-F7BBA9C4C5F4:LeaderElection76] INFO  impl.RaftServerImpl (RaftServerImpl.java:setRole(171)) - f719301a-9279-420f-b7a0-fd7fd360a35b:group-F7BBA9C4C5F4 changes role from CANDIDATE to FOLLOWER at term 2 for DISCOVERED_A_NEW_TERM
2019-08-29 16:59:21,545 [805302bb-512f-4740-9b33-f965a1421ef6:group-F7BBA9C4C5F4:LeaderElection77] INFO  impl.RaftServerImpl (RaftServerImpl.java:setRole(171)) - 805302bb-512f-4740-9b33-f965a1421ef6:group-F7BBA9C4C5F4 changes role from CANDIDATE to LEADER at term 2 for changeToLeader
2019-08-29 16:59:21,545 [f719301a-9279-420f-b7a0-fd7fd360a35b:group-F7BBA9C4C5F4:LeaderElection76] INFO  impl.RoleInfo (RoleInfo.java:shutdownLeaderElection(134)) - f719301a-9279-420f-b7a0-fd7fd360a35b: shutdown LeaderElection
2019-08-29 16:59:21,545 [805302bb-512f-4740-9b33-f965a1421ef6:group-F7BBA9C4C5F4:LeaderElection77] INFO  impl.RaftServerImpl (ServerState.java:setLeader(263)) - 805302bb-512f-4740-9b33-f965a1421ef6:group-F7BBA9C4C5F4 change Leader from null to 805302bb-512f-4740-9b33-f965a1421ef6 at term 2 for becomeLeader, leader elected after 10231ms
2019-08-29 16:59:21,545 [f719301a-9279-420f-b7a0-fd7fd360a35b:group-F7BBA9C4C5F4:LeaderElection76] INFO  impl.RoleInfo (RoleInfo.java:updateAndGet(143)) - f719301a-9279-420f-b7a0-fd7fd360a35b: start FollowerState
2019-08-29 16:59:21,545 [805302bb-512f-4740-9b33-f965a1421ef6:group-F7BBA9C4C5F4:LeaderElection77] INFO  server.RaftServerConfigKeys (ConfUtils.java:logGet(43)) - raft.server.staging.catchup.gap = 1000 (default)
2019-08-29 16:59:21,546 [805302bb-512f-4740-9b33-f965a1421ef6:group-F7BBA9C4C5F4:LeaderElection77] INFO  server.RaftServerConfigKeys (ConfUtils.java:logGet(43)) - raft.server.rpc.sleep.time = 25ms (default)
2019-08-29 16:59:21,546 [805302bb-512f-4740-9b33-f965a1421ef6:group-F7BBA9C4C5F4:LeaderElection77] INFO  server.RaftServerConfigKeys (ConfUtils.java:logGet(43)) - raft.server.write.element-limit = 4096 (default)
2019-08-29 16:59:21,546 [805302bb-512f-4740-9b33-f965a1421ef6:group-F7BBA9C4C5F4:LeaderElection77] INFO  server.RaftServerConfigKeys (ConfUtils.java:logGet(43)) - raft.server.watch.timeout = 10s (default)
2019-08-29 16:59:21,546 [805302bb-512f-4740-9b33-f965a1421ef6:group-F7BBA9C4C5F4:LeaderElection77] INFO  server.RaftServerConfigKeys (ConfUtils.java:logGet(43)) - raft.server.watch.timeout.denomination = 1s (default)
2019-08-29 16:59:21,546 [805302bb-512f-4740-9b33-f965a1421ef6:group-F7BBA9C4C5F4:LeaderElection77] INFO  server.RaftServerConfigKeys (ConfUtils.java:logGet(43)) - raft.server.watch.element-limit = 65536 (default)
2019-08-29 16:59:21,547 [805302bb-512f-4740-9b33-f965a1421ef6:group-F7BBA9C4C5F4:LeaderElection77] INFO  server.RaftServerConfigKeys (ConfUtils.java:logGet(43)) - raft.server.log.appender.snapshot.chunk.size.max = 16MB (=16777216) (default)
2019-08-29 16:59:21,547 [805302bb-512f-4740-9b33-f965a1421ef6:group-F7BBA9C4C5F4:LeaderElection77] INFO  server.RaftServerConfigKeys (ConfUtils.java:logGet(43)) - raft.server.log.appender.buffer.byte-limit = 33554432 (custom)
2019-08-29 16:59:21,547 [805302bb-512f-4740-9b33-f965a1421ef6:group-F7BBA9C4C5F4:LeaderElection77] INFO  server.RaftServerConfigKeys (ConfUtils.java:logGet(43)) - raft.server.log.appender.buffer.element-limit = 1 (custom)
2019-08-29 16:59:21,547 [805302bb-512f-4740-9b33-f965a1421ef6:group-F7BBA9C4C5F4:LeaderElection77] INFO  grpc.GrpcConfigKeys$Server (ConfUtils.java:logGet(43)) - raft.grpc.server.leader.outstanding.appends.max = 128 (default)
2019-08-29 16:59:21,548 [805302bb-512f-4740-9b33-f965a1421ef6:group-F7BBA9C4C5F4:LeaderElection77] INFO  server.RaftServerConfigKeys (ConfUtils.java:logGet(43)) - raft.server.rpc.request.timeout = 3000ms (default)
2019-08-29 16:59:21,548 [805302bb-512f-4740-9b33-f965a1421ef6:group-F7BBA9C4C5F4:LeaderElection77] INFO  server.RaftServerConfigKeys (ConfUtils.java:logGet(43)) - raft.server.log.appender.install.snapshot.enabled = false (custom)
2019-08-29 16:59:21,548 [805302bb-512f-4740-9b33-f965a1421ef6:group-F7BBA9C4C5F4:LeaderElection77] INFO  server.RaftServerConfigKeys (ConfUtils.java:logGet(43)) - raft.server.log.appender.snapshot.chunk.size.max = 16MB (=16777216) (default)
2019-08-29 16:59:21,548 [805302bb-512f-4740-9b33-f965a1421ef6:group-F7BBA9C4C5F4:LeaderElection77] INFO  server.RaftServerConfigKeys (ConfUtils.java:logGet(43)) - raft.server.log.appender.buffer.byte-limit = 33554432 (custom)
2019-08-29 16:59:21,548 [805302bb-512f-4740-9b33-f965a1421ef6:group-F7BBA9C4C5F4:LeaderElection77] INFO  server.RaftServerConfigKeys (ConfUtils.java:logGet(43)) - raft.server.log.appender.buffer.element-limit = 1 (custom)
2019-08-29 16:59:21,549 [805302bb-512f-4740-9b33-f965a1421ef6:group-F7BBA9C4C5F4:LeaderElection77] INFO  grpc.GrpcConfigKeys$Server (ConfUtils.java:logGet(43)) - raft.grpc.server.leader.outstanding.appends.max = 128 (default)
2019-08-29 16:59:21,549 [805302bb-512f-4740-9b33-f965a1421ef6:group-F7BBA9C4C5F4:LeaderElection77] INFO  server.RaftServerConfigKeys (ConfUtils.java:logGet(43)) - raft.server.rpc.request.timeout = 3000ms (default)
2019-08-29 16:59:21,549 [805302bb-512f-4740-9b33-f965a1421ef6:group-F7BBA9C4C5F4:LeaderElection77] INFO  server.RaftServerConfigKeys (ConfUtils.java:logGet(43)) - raft.server.log.appender.install.snapshot.enabled = false (custom)
2019-08-29 16:59:21,549 [805302bb-512f-4740-9b33-f965a1421ef6:group-F7BBA9C4C5F4:LeaderElection77] INFO  impl.RoleInfo (RoleInfo.java:updateAndGet(143)) - 805302bb-512f-4740-9b33-f965a1421ef6: start LeaderState
2019-08-29 16:59:21,549 [805302bb-512f-4740-9b33-f965a1421ef6:group-F7BBA9C4C5F4:LeaderElection77] INFO  segmented.SegmentedRaftLogWorker (SegmentedRaftLogWorker.java:startLogSegment(380)) - 805302bb-512f-4740-9b33-f965a1421ef6-SegmentedRaftLogWorker:Storage Directory /workdir/hadoop-ozone/integration-test/target/test-dir/MiniOzoneClusterImpl-51fe08ff-1c36-40ef-8442-fe9f7994e715/datanode-1/data/ratis/ac6e50f7-2599-4616-9fe3-f7bba9c4c5f4: Starting segment from index:0
2019-08-29 16:59:21,550 [805302bb-512f-4740-9b33-f965a1421ef6:group-F7BBA9C4C5F4:LeaderElection77] INFO  impl.RaftServerImpl (ServerState.java:setRaftConf(361)) - 805302bb-512f-4740-9b33-f965a1421ef6:group-F7BBA9C4C5F4 set configuration 0: [805302bb-512f-4740-9b33-f965a1421ef6:192.168.69.102:38448, 4615f4ce-fb17-47eb-adee-2d773b6217dc:192.168.69.102:39855, f719301a-9279-420f-b7a0-fd7fd360a35b:192.168.69.102:42295], old=null at 0
2019-08-29 16:59:21,551 [grpc-default-executor-9] INFO  impl.RaftServerImpl (ServerState.java:setLeader(263)) - 4615f4ce-fb17-47eb-adee-2d773b6217dc:group-F7BBA9C4C5F4 change Leader from null to 805302bb-512f-4740-9b33-f965a1421ef6 at term 2 for appendEntries, leader elected after 10237ms
2019-08-29 16:59:21,552 [grpc-default-executor-5] INFO  impl.RaftServerImpl (ServerState.java:setLeader(263)) - f719301a-9279-420f-b7a0-fd7fd360a35b:group-F7BBA9C4C5F4 change Leader from null to 805302bb-512f-4740-9b33-f965a1421ef6 at term 2 for appendEntries, leader elected after 10238ms
2019-08-29 16:59:21,553 [grpc-default-executor-5] INFO  impl.RaftServerImpl (ServerState.java:setRaftConf(361)) - 4615f4ce-fb17-47eb-adee-2d773b6217dc:group-F7BBA9C4C5F4 set configuration 0: [805302bb-512f-4740-9b33-f965a1421ef6:192.168.69.102:38448, 4615f4ce-fb17-47eb-adee-2d773b6217dc:192.168.69.102:39855, f719301a-9279-420f-b7a0-fd7fd360a35b:192.168.69.102:42295], old=null at 0
2019-08-29 16:59:21,554 [grpc-default-executor-5] INFO  segmented.SegmentedRaftLogWorker (SegmentedRaftLogWorker.java:startLogSegment(380)) - 4615f4ce-fb17-47eb-adee-2d773b6217dc-SegmentedRaftLogWorker:Storage Directory /workdir/hadoop-ozone/integration-test/target/test-dir/MiniOzoneClusterImpl-51fe08ff-1c36-40ef-8442-fe9f7994e715/datanode-5/data/ratis/ac6e50f7-2599-4616-9fe3-f7bba9c4c5f4: Starting segment from index:0
2019-08-29 16:59:21,554 [grpc-default-executor-9] INFO  impl.RaftServerImpl (ServerState.java:setRaftConf(361)) - f719301a-9279-420f-b7a0-fd7fd360a35b:group-F7BBA9C4C5F4 set configuration 0: [805302bb-512f-4740-9b33-f965a1421ef6:192.168.69.102:38448, 4615f4ce-fb17-47eb-adee-2d773b6217dc:192.168.69.102:39855, f719301a-9279-420f-b7a0-fd7fd360a35b:192.168.69.102:42295], old=null at 0
2019-08-29 16:59:21,554 [grpc-default-executor-9] INFO  segmented.SegmentedRaftLogWorker (SegmentedRaftLogWorker.java:startLogSegment(380)) - f719301a-9279-420f-b7a0-fd7fd360a35b-SegmentedRaftLogWorker:Storage Directory /workdir/hadoop-ozone/integration-test/target/test-dir/MiniOzoneClusterImpl-51fe08ff-1c36-40ef-8442-fe9f7994e715/datanode-2/data/ratis/ac6e50f7-2599-4616-9fe3-f7bba9c4c5f4: Starting segment from index:0
2019-08-29 16:59:21,597 [grpc-default-executor-5] INFO  client.GrpcClientProtocolClient (GrpcClientProtocolClient.java:onNext(255)) - client-C861337DE706->4615f4ce-fb17-47eb-adee-2d773b6217dc: receive RaftClientReply:client-C861337DE706->4615f4ce-fb17-47eb-adee-2d773b6217dc@group-F7BBA9C4C5F4, cid=183, FAILED org.apache.ratis.protocol.NotLeaderException: Server 4615f4ce-fb17-47eb-adee-2d773b6217dc is not the leader (805302bb-512f-4740-9b33-f965a1421ef6:192.168.69.102:38448). Request must be sent to leader., logIndex=0, commits[4615f4ce-fb17-47eb-adee-2d773b6217dc:c-1, 805302bb-512f-4740-9b33-f965a1421ef6:c-1, f719301a-9279-420f-b7a0-fd7fd360a35b:c-1]
2019-08-29 16:59:21,608 [4615f4ce-fb17-47eb-adee-2d773b6217dc-SegmentedRaftLogWorker:Storage Directory /workdir/hadoop-ozone/integration-test/target/test-dir/MiniOzoneClusterImpl-51fe08ff-1c36-40ef-8442-fe9f7994e715/datanode-5/data/ratis/ac6e50f7-2599-4616-9fe3-f7bba9c4c5f4] INFO  segmented.SegmentedRaftLogWorker (SegmentedRaftLogWorker.java:execute(569)) - 4615f4ce-fb17-47eb-adee-2d773b6217dc-SegmentedRaftLogWorker:Storage Directory /workdir/hadoop-ozone/integration-test/target/test-dir/MiniOzoneClusterImpl-51fe08ff-1c36-40ef-8442-fe9f7994e715/datanode-5/data/ratis/ac6e50f7-2599-4616-9fe3-f7bba9c4c5f4: created new log segment /workdir/hadoop-ozone/integration-test/target/test-dir/MiniOzoneClusterImpl-51fe08ff-1c36-40ef-8442-fe9f7994e715/datanode-5/data/ratis/ac6e50f7-2599-4616-9fe3-f7bba9c4c5f4/current/log_inprogress_0
2019-08-29 16:59:21,608 [f719301a-9279-420f-b7a0-fd7fd360a35b-SegmentedRaftLogWorker:Storage Directory /workdir/hadoop-ozone/integration-test/target/test-dir/MiniOzoneClusterImpl-51fe08ff-1c36-40ef-8442-fe9f7994e715/datanode-2/data/ratis/ac6e50f7-2599-4616-9fe3-f7bba9c4c5f4] INFO  segmented.SegmentedRaftLogWorker (SegmentedRaftLogWorker.java:execute(569)) - f719301a-9279-420f-b7a0-fd7fd360a35b-SegmentedRaftLogWorker:Storage Directory /workdir/hadoop-ozone/integration-test/target/test-dir/MiniOzoneClusterImpl-51fe08ff-1c36-40ef-8442-fe9f7994e715/datanode-2/data/ratis/ac6e50f7-2599-4616-9fe3-f7bba9c4c5f4: created new log segment /workdir/hadoop-ozone/integration-test/target/test-dir/MiniOzoneClusterImpl-51fe08ff-1c36-40ef-8442-fe9f7994e715/datanode-2/data/ratis/ac6e50f7-2599-4616-9fe3-f7bba9c4c5f4/current/log_inprogress_0
2019-08-29 16:59:21,608 [805302bb-512f-4740-9b33-f965a1421ef6-SegmentedRaftLogWorker:Storage Directory /workdir/hadoop-ozone/integration-test/target/test-dir/MiniOzoneClusterImpl-51fe08ff-1c36-40ef-8442-fe9f7994e715/datanode-1/data/ratis/ac6e50f7-2599-4616-9fe3-f7bba9c4c5f4] INFO  segmented.SegmentedRaftLogWorker (SegmentedRaftLogWorker.java:execute(569)) - 805302bb-512f-4740-9b33-f965a1421ef6-SegmentedRaftLogWorker:Storage Directory /workdir/hadoop-ozone/integration-test/target/test-dir/MiniOzoneClusterImpl-51fe08ff-1c36-40ef-8442-fe9f7994e715/datanode-1/data/ratis/ac6e50f7-2599-4616-9fe3-f7bba9c4c5f4: created new log segment /workdir/hadoop-ozone/integration-test/target/test-dir/MiniOzoneClusterImpl-51fe08ff-1c36-40ef-8442-fe9f7994e715/datanode-1/data/ratis/ac6e50f7-2599-4616-9fe3-f7bba9c4c5f4/current/log_inprogress_0
2019-08-29 16:59:21,609 [grpc-default-executor-5] INFO  client.GrpcClientProtocolClient (GrpcClientProtocolClient.java:onNext(255)) - client-C861337DE706->805302bb-512f-4740-9b33-f965a1421ef6: receive RaftClientReply:client-C861337DE706->805302bb-512f-4740-9b33-f965a1421ef6@group-F7BBA9C4C5F4, cid=183, FAILED org.apache.ratis.protocol.LeaderNotReadyException: 805302bb-512f-4740-9b33-f965a1421ef6 is in LEADER state but not ready yet., logIndex=0, commits[805302bb-512f-4740-9b33-f965a1421ef6:c-1, 4615f4ce-fb17-47eb-adee-2d773b6217dc:c-1, f719301a-9279-420f-b7a0-fd7fd360a35b:c-1]
2019-08-29 16:59:21,728 | INFO  | SCMAudit | user=jenkins1000 | ip=192.168.69.102 | op=SEND_HEARTBEAT {datanodeUUID=7a616e93-d58e-4a6b-a0c4-5ab9b68bb367, command=[]} | ret=SUCCESS |  
2019-08-29 16:59:21,816 | INFO  | SCMAudit | user=jenkins1000 | ip=192.168.69.102 | op=SEND_HEARTBEAT {datanodeUUID=805302bb-512f-4740-9b33-f965a1421ef6, command=[]} | ret=SUCCESS |  
2019-08-29 16:59:21,897 | INFO  | SCMAudit | user=jenkins1000 | ip=192.168.69.102 | op=SEND_HEARTBEAT {datanodeUUID=f719301a-9279-420f-b7a0-fd7fd360a35b, command=[]} | ret=SUCCESS |  
2019-08-29 16:59:22,001 | INFO  | SCMAudit | user=jenkins1000 | ip=192.168.69.102 | op=SEND_HEARTBEAT {datanodeUUID=3580c151-a3bd-4c31-932d-2b2c4791eb11, command=[]} | ret=SUCCESS |  
2019-08-29 16:59:22,020 | INFO  | SCMAudit | user=jenkins1000 | ip=192.168.69.102 | op=SEND_HEARTBEAT {datanodeUUID=81f31524-daf9-4665-be93-5f6a14015188, command=[]} | ret=SUCCESS |  
2019-08-29 16:59:22,084 | INFO  | SCMAudit | user=jenkins1000 | ip=192.168.69.102 | op=SEND_HEARTBEAT {datanodeUUID=4615f4ce-fb17-47eb-adee-2d773b6217dc, command=[]} | ret=SUCCESS |  
2019-08-29 16:59:22,149 | INFO  | SCMAudit | user=jenkins1000 | ip=192.168.69.102 | op=SEND_HEARTBEAT {datanodeUUID=6a69eb03-c6ce-4a25-af67-2d438bc9db9b, command=[]} | ret=SUCCESS |  
2019-08-29 16:59:22,728 | INFO  | SCMAudit | user=jenkins1000 | ip=192.168.69.102 | op=SEND_HEARTBEAT {datanodeUUID=7a616e93-d58e-4a6b-a0c4-5ab9b68bb367, command=[]} | ret=SUCCESS |  
2019-08-29 16:59:22,816 | INFO  | SCMAudit | user=jenkins1000 | ip=192.168.69.102 | op=SEND_HEARTBEAT {datanodeUUID=805302bb-512f-4740-9b33-f965a1421ef6, command=[]} | ret=SUCCESS |  
2019-08-29 16:59:22,898 | INFO  | SCMAudit | user=jenkins1000 | ip=192.168.69.102 | op=SEND_HEARTBEAT {datanodeUUID=f719301a-9279-420f-b7a0-fd7fd360a35b, command=[]} | ret=SUCCESS |  
2019-08-29 16:59:23,001 | INFO  | SCMAudit | user=jenkins1000 | ip=192.168.69.102 | op=SEND_HEARTBEAT {datanodeUUID=3580c151-a3bd-4c31-932d-2b2c4791eb11, command=[]} | ret=SUCCESS |  
2019-08-29 16:59:23,020 | INFO  | SCMAudit | user=jenkins1000 | ip=192.168.69.102 | op=SEND_HEARTBEAT {datanodeUUID=81f31524-daf9-4665-be93-5f6a14015188, command=[]} | ret=SUCCESS |  
2019-08-29 16:59:23,084 | INFO  | SCMAudit | user=jenkins1000 | ip=192.168.69.102 | op=SEND_HEARTBEAT {datanodeUUID=4615f4ce-fb17-47eb-adee-2d773b6217dc, command=[]} | ret=SUCCESS |  
2019-08-29 16:59:23,149 | INFO  | SCMAudit | user=jenkins1000 | ip=192.168.69.102 | op=SEND_HEARTBEAT {datanodeUUID=6a69eb03-c6ce-4a25-af67-2d438bc9db9b, command=[]} | ret=SUCCESS |  
2019-08-29 16:59:23,728 | INFO  | SCMAudit | user=jenkins1000 | ip=192.168.69.102 | op=SEND_HEARTBEAT {datanodeUUID=7a616e93-d58e-4a6b-a0c4-5ab9b68bb367, command=[]} | ret=SUCCESS |  
2019-08-29 16:59:23,816 | INFO  | SCMAudit | user=jenkins1000 | ip=192.168.69.102 | op=SEND_HEARTBEAT {datanodeUUID=805302bb-512f-4740-9b33-f965a1421ef6, command=[]} | ret=SUCCESS |  
2019-08-29 16:59:23,825 | INFO  | DNAudit | user=null | ip=null | op=WRITE_CHUNK {blockData=conID: 1 locID: 102701331344392206 bcsId: 0} | ret=SUCCESS |  
2019-08-29 16:59:23,825 | INFO  | DNAudit | user=null | ip=null | op=WRITE_CHUNK {blockData=conID: 1 locID: 102701331344392206 bcsId: 0} | ret=SUCCESS |  
2019-08-29 16:59:23,825 | INFO  | SCMAudit | user=jenkins1000 | ip=192.168.69.102 | op=SEND_HEARTBEAT {datanodeUUID=4615f4ce-fb17-47eb-adee-2d773b6217dc, command=[]} | ret=SUCCESS |  
2019-08-29 16:59:23,825 | INFO  | SCMAudit | user=jenkins1000 | ip=192.168.69.102 | op=SEND_HEARTBEAT {datanodeUUID=f719301a-9279-420f-b7a0-fd7fd360a35b, command=[]} | ret=SUCCESS |  
2019-08-29 16:59:23,825 | INFO  | DNAudit | user=null | ip=null | op=WRITE_CHUNK {blockData=conID: 1 locID: 102701331344392206 bcsId: 0} | ret=SUCCESS |  
2019-08-29 16:59:23,825 | INFO  | SCMAudit | user=jenkins1000 | ip=192.168.69.102 | op=SEND_HEARTBEAT {datanodeUUID=805302bb-512f-4740-9b33-f965a1421ef6, command=[]} | ret=SUCCESS |  
2019-08-29 16:59:23,839 | INFO  | DNAudit | user=null | ip=null | op=WRITE_CHUNK {blockData=conID: 1 locID: 102701331344392206 bcsId: 0} | ret=SUCCESS |  
2019-08-29 16:59:23,843 [grpc-default-executor-5] INFO  client.GrpcClientProtocolClient (GrpcClientProtocolClient.java:onNext(255)) - client-C861337DE706->805302bb-512f-4740-9b33-f965a1421ef6: receive RaftClientReply:client-C861337DE706->805302bb-512f-4740-9b33-f965a1421ef6@group-F7BBA9C4C5F4, cid=183, SUCCESS, logIndex=1, commits[805302bb-512f-4740-9b33-f965a1421ef6:c1, 4615f4ce-fb17-47eb-adee-2d773b6217dc:c0, f719301a-9279-420f-b7a0-fd7fd360a35b:c0]
2019-08-29 16:59:23,847 | INFO  | DNAudit | user=null | ip=null | op=WRITE_CHUNK {blockData=conID: 1 locID: 102701331344392206 bcsId: 0} | ret=SUCCESS |  
2019-08-29 16:59:23,849 | INFO  | DNAudit | user=null | ip=null | op=WRITE_CHUNK {blockData=conID: 1 locID: 102701331344392206 bcsId: 0} | ret=SUCCESS |  
2019-08-29 16:59:23,849 | INFO  | DNAudit | user=null | ip=null | op=WRITE_CHUNK {blockData=conID: 1 locID: 102701331344392206 bcsId: 0} | ret=SUCCESS |  
2019-08-29 16:59:23,849 | INFO  | DNAudit | user=null | ip=null | op=WRITE_CHUNK {blockData=conID: 1 locID: 102701331344392206 bcsId: 0} | ret=SUCCESS |  
2019-08-29 16:59:23,850 | INFO  | DNAudit | user=null | ip=null | op=WRITE_CHUNK {blockData=conID: 1 locID: 102701331344392206 bcsId: 0} | ret=SUCCESS |  
2019-08-29 16:59:23,850 | INFO  | DNAudit | user=null | ip=null | op=WRITE_CHUNK {blockData=conID: 1 locID: 102701331344392206 bcsId: 0} | ret=SUCCESS |  
2019-08-29 16:59:23,851 | INFO  | DNAudit | user=null | ip=null | op=WRITE_CHUNK {blockData=conID: 1 locID: 102701331344392206 bcsId: 0} | ret=SUCCESS |  
2019-08-29 16:59:23,852 | INFO  | DNAudit | user=null | ip=null | op=WRITE_CHUNK {blockData=conID: 1 locID: 102701331344392206 bcsId: 0} | ret=SUCCESS |  
2019-08-29 16:59:23,852 | INFO  | DNAudit | user=null | ip=null | op=WRITE_CHUNK {blockData=conID: 1 locID: 102701331344392206 bcsId: 0} | ret=SUCCESS |  
2019-08-29 16:59:23,852 | INFO  | DNAudit | user=null | ip=null | op=WRITE_CHUNK {blockData=conID: 1 locID: 102701331344392206 bcsId: 0} | ret=SUCCESS |  
2019-08-29 16:59:23,852 | INFO  | DNAudit | user=null | ip=null | op=WRITE_CHUNK {blockData=conID: 1 locID: 102701331344392206 bcsId: 0} | ret=SUCCESS |  
2019-08-29 16:59:23,861 | INFO  | DNAudit | user=null | ip=null | op=WRITE_CHUNK {blockData=conID: 1 locID: 102701331344392206 bcsId: 0} | ret=SUCCESS |  
2019-08-29 16:59:23,866 [grpc-default-executor-5] INFO  client.GrpcClientProtocolClient (GrpcClientProtocolClient.java:onNext(255)) - client-C861337DE706->805302bb-512f-4740-9b33-f965a1421ef6: receive RaftClientReply:client-C861337DE706->805302bb-512f-4740-9b33-f965a1421ef6@group-F7BBA9C4C5F4, cid=184, SUCCESS, logIndex=3, commits[805302bb-512f-4740-9b33-f965a1421ef6:c5, 4615f4ce-fb17-47eb-adee-2d773b6217dc:c1, f719301a-9279-420f-b7a0-fd7fd360a35b:c1]
2019-08-29 16:59:23,877 | INFO  | DNAudit | user=null | ip=null | op=WRITE_CHUNK {blockData=conID: 1 locID: 102701331344392206 bcsId: 0} | ret=SUCCESS |  
2019-08-29 16:59:23,880 | INFO  | DNAudit | user=null | ip=null | op=WRITE_CHUNK {blockData=conID: 1 locID: 102701331344392206 bcsId: 0} | ret=SUCCESS |  
2019-08-29 16:59:23,927 | INFO  | DNAudit | user=null | ip=null | op=PUT_BLOCK {blockData=[blockId=conID: 1 locID: 102701331344392206 bcsId: 0,size=200]} | ret=SUCCESS |  
2019-08-29 16:59:23,928 | INFO  | DNAudit | user=null | ip=null | op=WRITE_CHUNK {blockData=conID: 1 locID: 102701331344392206 bcsId: 0} | ret=SUCCESS |  
2019-08-29 16:59:23,928 | INFO  | DNAudit | user=null | ip=null | op=WRITE_CHUNK {blockData=conID: 1 locID: 102701331344392206 bcsId: 0} | ret=SUCCESS |  
2019-08-29 16:59:23,928 [grpc-default-executor-5] INFO  client.GrpcClientProtocolClient (GrpcClientProtocolClient.java:onNext(255)) - client-C861337DE706->805302bb-512f-4740-9b33-f965a1421ef6: receive RaftClientReply:client-C861337DE706->805302bb-512f-4740-9b33-f965a1421ef6@group-F7BBA9C4C5F4, cid=185, SUCCESS, logIndex=4, commits[805302bb-512f-4740-9b33-f965a1421ef6:c10, 4615f4ce-fb17-47eb-adee-2d773b6217dc:c7, f719301a-9279-420f-b7a0-fd7fd360a35b:c7]
2019-08-29 16:59:23,929 [grpc-default-executor-5] INFO  client.GrpcClientProtocolClient (GrpcClientProtocolClient.java:onNext(255)) - client-C861337DE706->805302bb-512f-4740-9b33-f965a1421ef6: receive RaftClientReply:client-C861337DE706->805302bb-512f-4740-9b33-f965a1421ef6@group-F7BBA9C4C5F4, cid=186, SUCCESS, logIndex=5, commits[805302bb-512f-4740-9b33-f965a1421ef6:c10, 4615f4ce-fb17-47eb-adee-2d773b6217dc:c7, f719301a-9279-420f-b7a0-fd7fd360a35b:c7]
2019-08-29 16:59:23,930 [grpc-default-executor-5] INFO  client.GrpcClientProtocolClient (GrpcClientProtocolClient.java:onNext(255)) - client-C861337DE706->805302bb-512f-4740-9b33-f965a1421ef6: receive RaftClientReply:client-C861337DE706->805302bb-512f-4740-9b33-f965a1421ef6@group-F7BBA9C4C5F4, cid=187, SUCCESS, logIndex=6, commits[805302bb-512f-4740-9b33-f965a1421ef6:c10, 4615f4ce-fb17-47eb-adee-2d773b6217dc:c7, f719301a-9279-420f-b7a0-fd7fd360a35b:c7]
2019-08-29 16:59:23,986 | INFO  | DNAudit | user=null | ip=null | op=PUT_BLOCK {blockData=[blockId=conID: 1 locID: 102701331344392206 bcsId: 0,size=200]} | ret=SUCCESS |  
2019-08-29 16:59:23,986 | INFO  | DNAudit | user=null | ip=null | op=WRITE_CHUNK {blockData=conID: 1 locID: 102701331344392206 bcsId: 0} | ret=SUCCESS |  
2019-08-29 16:59:23,987 | INFO  | DNAudit | user=null | ip=null | op=WRITE_CHUNK {blockData=conID: 1 locID: 102701331344392206 bcsId: 0} | ret=SUCCESS |  
2019-08-29 16:59:24,001 | INFO  | SCMAudit | user=jenkins1000 | ip=192.168.69.102 | op=SEND_HEARTBEAT {datanodeUUID=3580c151-a3bd-4c31-932d-2b2c4791eb11, command=[]} | ret=SUCCESS |  
2019-08-29 16:59:24,020 | INFO  | SCMAudit | user=jenkins1000 | ip=192.168.69.102 | op=SEND_HEARTBEAT {datanodeUUID=81f31524-daf9-4665-be93-5f6a14015188, command=[]} | ret=SUCCESS |  
2019-08-29 16:59:24,020 | INFO  | DNAudit | user=null | ip=null | op=PUT_BLOCK {blockData=[blockId=conID: 1 locID: 102701331344392206 bcsId: 0,size=200]} | ret=SUCCESS |  
2019-08-29 16:59:24,020 | INFO  | DNAudit | user=null | ip=null | op=PUT_BLOCK {blockData=[blockId=conID: 1 locID: 102701331344392206 bcsId: 0,size=400]} | ret=SUCCESS |  
2019-08-29 16:59:24,020 | INFO  | DNAudit | user=null | ip=null | op=PUT_BLOCK {blockData=[blockId=conID: 1 locID: 102701331344392206 bcsId: 0,size=400]} | ret=SUCCESS |  
2019-08-29 16:59:24,021 | INFO  | DNAudit | user=null | ip=null | op=WRITE_CHUNK {blockData=conID: 1 locID: 102701331344392206 bcsId: 0} | ret=SUCCESS |  
2019-08-29 16:59:24,021 | INFO  | DNAudit | user=null | ip=null | op=WRITE_CHUNK {blockData=conID: 1 locID: 102701331344392206 bcsId: 0} | ret=SUCCESS |  
2019-08-29 16:59:24,022 | INFO  | DNAudit | user=null | ip=null | op=PUT_BLOCK {blockData=[blockId=conID: 1 locID: 102701331344392206 bcsId: 0,size=400]} | ret=SUCCESS |  
2019-08-29 16:59:24,022 [grpc-default-executor-5] INFO  client.GrpcClientProtocolClient (GrpcClientProtocolClient.java:onNext(255)) - client-C861337DE706->805302bb-512f-4740-9b33-f965a1421ef6: receive RaftClientReply:client-C861337DE706->805302bb-512f-4740-9b33-f965a1421ef6@group-F7BBA9C4C5F4, cid=188, SUCCESS, logIndex=7, commits[805302bb-512f-4740-9b33-f965a1421ef6:c10, 4615f4ce-fb17-47eb-adee-2d773b6217dc:c7, f719301a-9279-420f-b7a0-fd7fd360a35b:c7]
2019-08-29 16:59:24,026 | INFO  | DNAudit | user=null | ip=null | op=WRITE_CHUNK {blockData=conID: 1 locID: 102701331344392206 bcsId: 7} | ret=SUCCESS |  
2019-08-29 16:59:24,027 | INFO  | DNAudit | user=null | ip=null | op=WRITE_CHUNK {blockData=conID: 1 locID: 102701331344392206 bcsId: 7} | ret=SUCCESS |  
2019-08-29 16:59:24,027 | INFO  | DNAudit | user=null | ip=null | op=WRITE_CHUNK {blockData=conID: 1 locID: 102701331344392206 bcsId: 7} | ret=SUCCESS |  
2019-08-29 16:59:24,038 | INFO  | DNAudit | user=null | ip=null | op=WRITE_CHUNK {blockData=conID: 1 locID: 102701331344392206 bcsId: 7} | ret=SUCCESS |  
2019-08-29 16:59:24,039 | INFO  | DNAudit | user=null | ip=null | op=PUT_BLOCK {blockData=[blockId=conID: 1 locID: 102701331344392206 bcsId: 0,size=450]} | ret=SUCCESS |  
2019-08-29 16:59:24,039 [grpc-default-executor-5] INFO  client.GrpcClientProtocolClient (GrpcClientProtocolClient.java:onNext(255)) - client-C861337DE706->805302bb-512f-4740-9b33-f965a1421ef6: receive RaftClientReply:client-C861337DE706->805302bb-512f-4740-9b33-f965a1421ef6@group-F7BBA9C4C5F4, cid=189, SUCCESS, logIndex=11, commits[805302bb-512f-4740-9b33-f965a1421ef6:c12, 4615f4ce-fb17-47eb-adee-2d773b6217dc:c10, f719301a-9279-420f-b7a0-fd7fd360a35b:c10]
2019-08-29 16:59:24,040 [grpc-default-executor-5] INFO  client.GrpcClientProtocolClient (GrpcClientProtocolClient.java:onNext(255)) - client-C861337DE706->805302bb-512f-4740-9b33-f965a1421ef6: receive RaftClientReply:client-C861337DE706->805302bb-512f-4740-9b33-f965a1421ef6@group-F7BBA9C4C5F4, cid=190, SUCCESS, logIndex=12, commits[805302bb-512f-4740-9b33-f965a1421ef6:c12, 4615f4ce-fb17-47eb-adee-2d773b6217dc:c10, f719301a-9279-420f-b7a0-fd7fd360a35b:c10]
2019-08-29 16:59:24,150 | INFO  | SCMAudit | user=jenkins1000 | ip=192.168.69.102 | op=SEND_HEARTBEAT {datanodeUUID=6a69eb03-c6ce-4a25-af67-2d438bc9db9b, command=[]} | ret=SUCCESS |  
2019-08-29 16:59:24,728 | INFO  | SCMAudit | user=jenkins1000 | ip=192.168.69.102 | op=SEND_HEARTBEAT {datanodeUUID=7a616e93-d58e-4a6b-a0c4-5ab9b68bb367, command=[]} | ret=SUCCESS |  
2019-08-29 16:59:24,826 | INFO  | SCMAudit | user=jenkins1000 | ip=192.168.69.102 | op=SEND_HEARTBEAT {datanodeUUID=f719301a-9279-420f-b7a0-fd7fd360a35b, command=[]} | ret=SUCCESS |  
2019-08-29 16:59:24,826 | INFO  | SCMAudit | user=jenkins1000 | ip=192.168.69.102 | op=SEND_HEARTBEAT {datanodeUUID=4615f4ce-fb17-47eb-adee-2d773b6217dc, command=[]} | ret=SUCCESS |  
2019-08-29 16:59:24,826 | INFO  | SCMAudit | user=jenkins1000 | ip=192.168.69.102 | op=SEND_HEARTBEAT {datanodeUUID=805302bb-512f-4740-9b33-f965a1421ef6, command=[]} | ret=SUCCESS |  
2019-08-29 16:59:25,002 | INFO  | SCMAudit | user=jenkins1000 | ip=192.168.69.102 | op=SEND_HEARTBEAT {datanodeUUID=3580c151-a3bd-4c31-932d-2b2c4791eb11, command=[]} | ret=SUCCESS |  
2019-08-29 16:59:25,020 | INFO  | SCMAudit | user=jenkins1000 | ip=192.168.69.102 | op=SEND_HEARTBEAT {datanodeUUID=81f31524-daf9-4665-be93-5f6a14015188, command=[]} | ret=SUCCESS |  
2019-08-29 16:59:25,041 [main] WARN  scm.XceiverClientRatis (XceiverClientRatis.java:watchForCommit(262)) - 3 way commit failed on pipeline Pipeline[ Id: ac6e50f7-2599-4616-9fe3-f7bba9c4c5f4, Nodes: 4615f4ce-fb17-47eb-adee-2d773b6217dc{ip: 192.168.69.102, host: pr-hdds-1413-r8zfz-2367378370, networkLocation: /default-rack, certSerialId: null}f719301a-9279-420f-b7a0-fd7fd360a35b{ip: 192.168.69.102, host: pr-hdds-1413-r8zfz-2367378370, networkLocation: /default-rack, certSerialId: null}805302bb-512f-4740-9b33-f965a1421ef6{ip: 192.168.69.102, host: pr-hdds-1413-r8zfz-2367378370, networkLocation: /default-rack, certSerialId: null}, Type:RATIS, Factor:THREE, State:OPEN]
java.util.concurrent.TimeoutException
	at java.util.concurrent.CompletableFuture.timedGet(CompletableFuture.java:1771)
	at java.util.concurrent.CompletableFuture.get(CompletableFuture.java:1915)
	at org.apache.hadoop.hdds.scm.XceiverClientRatis.watchForCommit(XceiverClientRatis.java:259)
	at org.apache.hadoop.hdds.scm.storage.CommitWatcher.watchForCommit(CommitWatcher.java:194)
	at org.apache.hadoop.hdds.scm.storage.CommitWatcher.watchOnLastIndex(CommitWatcher.java:157)
	at org.apache.hadoop.hdds.scm.storage.BlockOutputStream.watchForCommit(BlockOutputStream.java:347)
	at org.apache.hadoop.hdds.scm.storage.BlockOutputStream.handleFlush(BlockOutputStream.java:479)
	at org.apache.hadoop.hdds.scm.storage.BlockOutputStream.flush(BlockOutputStream.java:428)
	at org.apache.hadoop.ozone.client.io.BlockOutputStreamEntry.flush(BlockOutputStreamEntry.java:136)
	at org.apache.hadoop.ozone.client.io.KeyOutputStream.handleFlushOrClose(KeyOutputStream.java:442)
	at org.apache.hadoop.ozone.client.io.KeyOutputStream.flush(KeyOutputStream.java:396)
	at org.apache.hadoop.ozone.client.io.OzoneOutputStream.flush(OzoneOutputStream.java:54)
	at org.apache.hadoop.ozone.client.rpc.TestBlockOutputStreamWithFailures.testWatchForCommitDatanodeFailure(TestBlockOutputStreamWithFailures.java:330)
	at sun.reflect.NativeMethodAccessorImpl.invoke0(Native Method)
	at sun.reflect.NativeMethodAccessorImpl.invoke(NativeMethodAccessorImpl.java:62)
	at sun.reflect.DelegatingMethodAccessorImpl.invoke(DelegatingMethodAccessorImpl.java:43)
	at java.lang.reflect.Method.invoke(Method.java:498)
	at org.junit.runners.model.FrameworkMethod$1.runReflectiveCall(FrameworkMethod.java:47)
	at org.junit.internal.runners.model.ReflectiveCallable.run(ReflectiveCallable.java:12)
	at org.junit.runners.model.FrameworkMethod.invokeExplosively(FrameworkMethod.java:44)
	at org.junit.internal.runners.statements.InvokeMethod.evaluate(InvokeMethod.java:17)
	at org.junit.internal.runners.statements.RunBefores.evaluate(RunBefores.java:26)
	at org.junit.internal.runners.statements.RunAfters.evaluate(RunAfters.java:27)
	at org.junit.runners.ParentRunner.runLeaf(ParentRunner.java:271)
	at org.junit.runners.BlockJUnit4ClassRunner.runChild(BlockJUnit4ClassRunner.java:70)
	at org.junit.runners.BlockJUnit4ClassRunner.runChild(BlockJUnit4ClassRunner.java:50)
	at org.junit.runners.ParentRunner$3.run(ParentRunner.java:238)
	at org.junit.runners.ParentRunner$1.schedule(ParentRunner.java:63)
	at org.junit.runners.ParentRunner.runChildren(ParentRunner.java:236)
	at org.junit.runners.ParentRunner.access$000(ParentRunner.java:53)
	at org.junit.runners.ParentRunner$2.evaluate(ParentRunner.java:229)
	at org.junit.runners.ParentRunner.run(ParentRunner.java:309)
	at org.apache.maven.surefire.junit4.JUnit4Provider.execute(JUnit4Provider.java:365)
	at org.apache.maven.surefire.junit4.JUnit4Provider.executeWithRerun(JUnit4Provider.java:273)
	at org.apache.maven.surefire.junit4.JUnit4Provider.executeTestSet(JUnit4Provider.java:238)
	at org.apache.maven.surefire.junit4.JUnit4Provider.invoke(JUnit4Provider.java:159)
	at org.apache.maven.surefire.booter.ForkedBooter.invokeProviderInSameClassLoader(ForkedBooter.java:384)
	at org.apache.maven.surefire.booter.ForkedBooter.runSuitesInProcess(ForkedBooter.java:345)
	at org.apache.maven.surefire.booter.ForkedBooter.execute(ForkedBooter.java:126)
	at org.apache.maven.surefire.booter.ForkedBooter.main(ForkedBooter.java:418)
2019-08-29 16:59:25,150 | INFO  | SCMAudit | user=jenkins1000 | ip=192.168.69.102 | op=SEND_HEARTBEAT {datanodeUUID=6a69eb03-c6ce-4a25-af67-2d438bc9db9b, command=[]} | ret=SUCCESS |  
2019-08-29 16:59:25,728 | INFO  | SCMAudit | user=jenkins1000 | ip=192.168.69.102 | op=SEND_HEARTBEAT {datanodeUUID=7a616e93-d58e-4a6b-a0c4-5ab9b68bb367, command=[]} | ret=SUCCESS |  
2019-08-29 16:59:25,825 | INFO  | SCMAudit | user=jenkins1000 | ip=192.168.69.102 | op=SEND_HEARTBEAT {datanodeUUID=f719301a-9279-420f-b7a0-fd7fd360a35b, command=[]} | ret=SUCCESS |  
2019-08-29 16:59:25,825 | INFO  | SCMAudit | user=jenkins1000 | ip=192.168.69.102 | op=SEND_HEARTBEAT {datanodeUUID=4615f4ce-fb17-47eb-adee-2d773b6217dc, command=[]} | ret=SUCCESS |  
2019-08-29 16:59:25,825 | INFO  | SCMAudit | user=jenkins1000 | ip=192.168.69.102 | op=SEND_HEARTBEAT {datanodeUUID=805302bb-512f-4740-9b33-f965a1421ef6, command=[]} | ret=SUCCESS |  
2019-08-29 16:59:26,001 | INFO  | SCMAudit | user=jenkins1000 | ip=192.168.69.102 | op=SEND_HEARTBEAT {datanodeUUID=3580c151-a3bd-4c31-932d-2b2c4791eb11, command=[]} | ret=SUCCESS |  
2019-08-29 16:59:26,020 | INFO  | SCMAudit | user=jenkins1000 | ip=192.168.69.102 | op=SEND_HEARTBEAT {datanodeUUID=81f31524-daf9-4665-be93-5f6a14015188, command=[]} | ret=SUCCESS |  
2019-08-29 16:59:26,044 [main] WARN  storage.CommitWatcher (CommitWatcher.java:watchForCommit(203)) - watchForCommit failed for index 12
java.util.concurrent.TimeoutException
	at java.util.concurrent.CompletableFuture.timedGet(CompletableFuture.java:1771)
	at java.util.concurrent.CompletableFuture.get(CompletableFuture.java:1915)
	at org.apache.hadoop.hdds.scm.XceiverClientRatis.watchForCommit(XceiverClientRatis.java:268)
	at org.apache.hadoop.hdds.scm.storage.CommitWatcher.watchForCommit(CommitWatcher.java:194)
	at org.apache.hadoop.hdds.scm.storage.CommitWatcher.watchOnLastIndex(CommitWatcher.java:157)
	at org.apache.hadoop.hdds.scm.storage.BlockOutputStream.watchForCommit(BlockOutputStream.java:347)
	at org.apache.hadoop.hdds.scm.storage.BlockOutputStream.handleFlush(BlockOutputStream.java:479)
	at org.apache.hadoop.hdds.scm.storage.BlockOutputStream.flush(BlockOutputStream.java:428)
	at org.apache.hadoop.ozone.client.io.BlockOutputStreamEntry.flush(BlockOutputStreamEntry.java:136)
	at org.apache.hadoop.ozone.client.io.KeyOutputStream.handleFlushOrClose(KeyOutputStream.java:442)
	at org.apache.hadoop.ozone.client.io.KeyOutputStream.flush(KeyOutputStream.java:396)
	at org.apache.hadoop.ozone.client.io.OzoneOutputStream.flush(OzoneOutputStream.java:54)
	at org.apache.hadoop.ozone.client.rpc.TestBlockOutputStreamWithFailures.testWatchForCommitDatanodeFailure(TestBlockOutputStreamWithFailures.java:330)
	at sun.reflect.NativeMethodAccessorImpl.invoke0(Native Method)
	at sun.reflect.NativeMethodAccessorImpl.invoke(NativeMethodAccessorImpl.java:62)
	at sun.reflect.DelegatingMethodAccessorImpl.invoke(DelegatingMethodAccessorImpl.java:43)
	at java.lang.reflect.Method.invoke(Method.java:498)
	at org.junit.runners.model.FrameworkMethod$1.runReflectiveCall(FrameworkMethod.java:47)
	at org.junit.internal.runners.model.ReflectiveCallable.run(ReflectiveCallable.java:12)
	at org.junit.runners.model.FrameworkMethod.invokeExplosively(FrameworkMethod.java:44)
	at org.junit.internal.runners.statements.InvokeMethod.evaluate(InvokeMethod.java:17)
	at org.junit.internal.runners.statements.RunBefores.evaluate(RunBefores.java:26)
	at org.junit.internal.runners.statements.RunAfters.evaluate(RunAfters.java:27)
	at org.junit.runners.ParentRunner.runLeaf(ParentRunner.java:271)
	at org.junit.runners.BlockJUnit4ClassRunner.runChild(BlockJUnit4ClassRunner.java:70)
	at org.junit.runners.BlockJUnit4ClassRunner.runChild(BlockJUnit4ClassRunner.java:50)
	at org.junit.runners.ParentRunner$3.run(ParentRunner.java:238)
	at org.junit.runners.ParentRunner$1.schedule(ParentRunner.java:63)
	at org.junit.runners.ParentRunner.runChildren(ParentRunner.java:236)
	at org.junit.runners.ParentRunner.access$000(ParentRunner.java:53)
	at org.junit.runners.ParentRunner$2.evaluate(ParentRunner.java:229)
	at org.junit.runners.ParentRunner.run(ParentRunner.java:309)
	at org.apache.maven.surefire.junit4.JUnit4Provider.execute(JUnit4Provider.java:365)
	at org.apache.maven.surefire.junit4.JUnit4Provider.executeWithRerun(JUnit4Provider.java:273)
	at org.apache.maven.surefire.junit4.JUnit4Provider.executeTestSet(JUnit4Provider.java:238)
	at org.apache.maven.surefire.junit4.JUnit4Provider.invoke(JUnit4Provider.java:159)
	at org.apache.maven.surefire.booter.ForkedBooter.invokeProviderInSameClassLoader(ForkedBooter.java:384)
	at org.apache.maven.surefire.booter.ForkedBooter.runSuitesInProcess(ForkedBooter.java:345)
	at org.apache.maven.surefire.booter.ForkedBooter.execute(ForkedBooter.java:126)
	at org.apache.maven.surefire.booter.ForkedBooter.main(ForkedBooter.java:418)
2019-08-29 16:59:26,046 [main] WARN  io.KeyOutputStream (KeyOutputStream.java:handleException(276)) - Encountered exception java.io.IOException: Unexpected Storage Container Exception: java.io.IOException: Unexpected Storage Container Exception: java.util.concurrent.TimeoutException on the pipeline Pipeline[ Id: ac6e50f7-2599-4616-9fe3-f7bba9c4c5f4, Nodes: 4615f4ce-fb17-47eb-adee-2d773b6217dc{ip: 192.168.69.102, host: pr-hdds-1413-r8zfz-2367378370, networkLocation: /default-rack, certSerialId: null}f719301a-9279-420f-b7a0-fd7fd360a35b{ip: 192.168.69.102, host: pr-hdds-1413-r8zfz-2367378370, networkLocation: /default-rack, certSerialId: null}805302bb-512f-4740-9b33-f965a1421ef6{ip: 192.168.69.102, host: pr-hdds-1413-r8zfz-2367378370, networkLocation: /default-rack, certSerialId: null}, Type:RATIS, Factor:THREE, State:OPEN]. The last committed block length is 400, uncommitted data length is 50 retry count 0
2019-08-29 16:59:26,074 | INFO  | SCMAudit | user=jenkins1000 | ip=192.168.69.102 | op=ALLOCATE_BLOCK {owner=2fbba8a2-5a81-421a-8576-8a7ff82f24f7, size=800, type=RATIS, factor=THREE} | ret=SUCCESS |  
2019-08-29 16:59:26,075 | INFO  | OMAudit | user=jenkins1000 | ip=127.0.0.1 | op=ALLOCATE_BLOCK {volume=testblockoutputstream, bucket=testblockoutputstream, key=412a719d-4487-4dad-a1b8-0f865fac18b1, dataSize=0, replicationType=null, replicationFactor=null, keyLocationInfo=null, clientID=102701331330301965} | ret=SUCCESS |  
2019-08-29 16:59:26,085 [grpc-default-executor-9] INFO  client.GrpcClientProtocolClient (GrpcClientProtocolClient.java:onNext(255)) - client-41D7D009D0BD->7a616e93-d58e-4a6b-a0c4-5ab9b68bb367: receive RaftClientReply:client-41D7D009D0BD->7a616e93-d58e-4a6b-a0c4-5ab9b68bb367@group-DB8F64C28A52, cid=193, FAILED org.apache.ratis.protocol.NotLeaderException: Server 7a616e93-d58e-4a6b-a0c4-5ab9b68bb367 is not the leader (81f31524-daf9-4665-be93-5f6a14015188:192.168.69.102:43070). Request must be sent to leader., logIndex=0, commits[7a616e93-d58e-4a6b-a0c4-5ab9b68bb367:c0, 6a69eb03-c6ce-4a25-af67-2d438bc9db9b:c0, 81f31524-daf9-4665-be93-5f6a14015188:c0]
2019-08-29 16:59:26,151 | INFO  | SCMAudit | user=jenkins1000 | ip=192.168.69.102 | op=SEND_HEARTBEAT {datanodeUUID=6a69eb03-c6ce-4a25-af67-2d438bc9db9b, command=[]} | ret=SUCCESS |  
2019-08-29 16:59:26,285 | INFO  | DNAudit | user=null | ip=null | op=WRITE_CHUNK {blockData=conID: 2 locID: 102701332304625679 bcsId: 0} | ret=SUCCESS |  
2019-08-29 16:59:26,285 | INFO  | DNAudit | user=null | ip=null | op=WRITE_CHUNK {blockData=conID: 2 locID: 102701332304625679 bcsId: 0} | ret=SUCCESS |  
2019-08-29 16:59:26,285 | INFO  | DNAudit | user=null | ip=null | op=WRITE_CHUNK {blockData=conID: 2 locID: 102701332304625679 bcsId: 0} | ret=SUCCESS |  
2019-08-29 16:59:26,286 | INFO  | SCMAudit | user=jenkins1000 | ip=192.168.69.102 | op=SEND_HEARTBEAT {datanodeUUID=81f31524-daf9-4665-be93-5f6a14015188, command=[]} | ret=SUCCESS |  
2019-08-29 16:59:26,286 | INFO  | SCMAudit | user=jenkins1000 | ip=192.168.69.102 | op=SEND_HEARTBEAT {datanodeUUID=6a69eb03-c6ce-4a25-af67-2d438bc9db9b, command=[]} | ret=SUCCESS |  
2019-08-29 16:59:26,286 | INFO  | SCMAudit | user=jenkins1000 | ip=192.168.69.102 | op=SEND_HEARTBEAT {datanodeUUID=7a616e93-d58e-4a6b-a0c4-5ab9b68bb367, command=[]} | ret=SUCCESS |  
2019-08-29 16:59:26,303 | INFO  | DNAudit | user=null | ip=null | op=WRITE_CHUNK {blockData=conID: 2 locID: 102701332304625679 bcsId: 0} | ret=SUCCESS |  
2019-08-29 16:59:26,308 [grpc-default-executor-8] INFO  client.GrpcClientProtocolClient (GrpcClientProtocolClient.java:onNext(255)) - client-41D7D009D0BD->81f31524-daf9-4665-be93-5f6a14015188: receive RaftClientReply:client-41D7D009D0BD->81f31524-daf9-4665-be93-5f6a14015188@group-DB8F64C28A52, cid=193, SUCCESS, logIndex=1, commits[81f31524-daf9-4665-be93-5f6a14015188:c1, 6a69eb03-c6ce-4a25-af67-2d438bc9db9b:c0, 7a616e93-d58e-4a6b-a0c4-5ab9b68bb367:c0]
2019-08-29 16:59:26,308 | INFO  | DNAudit | user=null | ip=null | op=WRITE_CHUNK {blockData=conID: 2 locID: 102701332304625679 bcsId: 0} | ret=SUCCESS |  
2019-08-29 16:59:26,316 | INFO  | DNAudit | user=null | ip=null | op=WRITE_CHUNK {blockData=conID: 2 locID: 102701332304625679 bcsId: 0} | ret=SUCCESS |  
2019-08-29 16:59:26,384 | INFO  | DNAudit | user=null | ip=null | op=PUT_BLOCK {blockData=[blockId=conID: 2 locID: 102701332304625679 bcsId: 0,size=50]} | ret=SUCCESS |  
2019-08-29 16:59:26,388 [grpc-default-executor-8] INFO  client.GrpcClientProtocolClient (GrpcClientProtocolClient.java:onNext(255)) - client-41D7D009D0BD->81f31524-daf9-4665-be93-5f6a14015188: receive RaftClientReply:client-41D7D009D0BD->81f31524-daf9-4665-be93-5f6a14015188@group-DB8F64C28A52, cid=194, SUCCESS, logIndex=3, commits[81f31524-daf9-4665-be93-5f6a14015188:c4, 6a69eb03-c6ce-4a25-af67-2d438bc9db9b:c3, 7a616e93-d58e-4a6b-a0c4-5ab9b68bb367:c3]
2019-08-29 16:59:26,390 [main] INFO  ozone.MiniOzoneClusterImpl (MiniOzoneClusterImpl.java:shutdown(307)) - Shutting down the Mini Ozone Cluster
2019-08-29 16:59:26,390 | INFO  | SCMAudit | user=null | ip=null | op=GET_SCM_INFO null | ret=SUCCESS |  
2019-08-29 16:59:26,390 [main] INFO  ozone.MiniOzoneClusterImpl (MiniOzoneClusterImpl.java:stop(322)) - Stopping the Mini Ozone Cluster
2019-08-29 16:59:26,390 [main] INFO  ozone.MiniOzoneClusterImpl (MiniOzoneClusterImpl.java:stop(324)) - Stopping the OzoneManager
2019-08-29 16:59:26,390 [main] INFO  ipc.Server (Server.java:stop(3082)) - Stopping server on 40923
2019-08-29 16:59:26,406 [main] INFO  ratis.OzoneManagerDoubleBuffer (OzoneManagerDoubleBuffer.java:stop(248)) - Stopping OMDoubleBuffer flush thread
2019-08-29 16:59:26,406 [IPC Server Responder] INFO  ipc.Server (Server.java:run(1319)) - Stopping IPC Server Responder
2019-08-29 16:59:26,407 [IPC Server listener on 40923] INFO  ipc.Server (Server.java:run(1185)) - Stopping IPC Server listener on 40923
2019-08-29 16:59:26,407 [OMDoubleBufferFlushThread] INFO  ratis.OzoneManagerDoubleBuffer (OzoneManagerDoubleBuffer.java:flushTransactions(191)) - OMDoubleBuffer flush thread OMDoubleBufferFlushThread is interrupted and will exit. OMDoubleBufferFlushThread
2019-08-29 16:59:26,424 [main] INFO  utils.BackgroundService (BackgroundService.java:shutdown(148)) - Shutting down service KeyDeletingService
2019-08-29 16:59:26,426 [main] INFO  handler.ContextHandler (ContextHandler.java:doStop(910)) - Stopped o.e.j.w.WebAppContext@93bf0e0{/,null,UNAVAILABLE}{/ozoneManager}
2019-08-29 16:59:26,427 [main] INFO  server.AbstractConnector (AbstractConnector.java:doStop(318)) - Stopped ServerConnector@4981d95b{HTTP/1.1,[http/1.1]}{0.0.0.0:0}
2019-08-29 16:59:26,427 [main] INFO  handler.ContextHandler (ContextHandler.java:doStop(910)) - Stopped o.e.j.s.ServletContextHandler@4fea840f{/static,file:///workdir/hadoop-ozone/integration-test/target/test-classes/webapps/static,UNAVAILABLE}
2019-08-29 16:59:26,428 [main] INFO  handler.ContextHandler (ContextHandler.java:doStop(910)) - Stopped o.e.j.s.ServletContextHandler@76563ae7{/logs,file:///workdir/hadoop-ozone/integration-test/target/log,UNAVAILABLE}
2019-08-29 16:59:26,431 [main] INFO  ozone.MiniOzoneClusterImpl (MiniOzoneClusterImpl.java:stop(330)) - Shutting the HddsDatanodes
2019-08-29 16:59:26,457 | INFO  | DNAudit | user=null | ip=null | op=PUT_BLOCK {blockData=[blockId=conID: 2 locID: 102701332304625679 bcsId: 0,size=50]} | ret=SUCCESS |  
2019-08-29 16:59:26,551 | INFO  | DNAudit | user=null | ip=null | op=PUT_BLOCK {blockData=[blockId=conID: 2 locID: 102701332304625679 bcsId: 0,size=50]} | ret=SUCCESS |  
2019-08-29 16:59:26,552 | INFO  | DNAudit | user=null | ip=null | op=WRITE_CHUNK {blockData=conID: 1 locID: 102701331344392206 bcsId: 7} | ret=SUCCESS |  
2019-08-29 16:59:26,553 | INFO  | DNAudit | user=null | ip=null | op=WRITE_CHUNK {blockData=conID: 1 locID: 102701331344392206 bcsId: 7} | ret=SUCCESS |  
2019-08-29 16:59:26,553 | INFO  | DNAudit | user=null | ip=null | op=PUT_BLOCK {blockData=[blockId=conID: 1 locID: 102701331344392206 bcsId: 0,size=450]} | ret=SUCCESS |  
2019-08-29 16:59:26,554 | INFO  | DNAudit | user=null | ip=null | op=PUT_BLOCK {blockData=[blockId=conID: 1 locID: 102701331344392206 bcsId: 0,size=450]} | ret=SUCCESS |  
2019-08-29 16:59:26,554 [grpc-default-executor-5] INFO  client.GrpcClientProtocolClient (GrpcClientProtocolClient.java:onNext(255)) - client-C861337DE706->805302bb-512f-4740-9b33-f965a1421ef6: receive RaftClientReply:client-C861337DE706->805302bb-512f-4740-9b33-f965a1421ef6@group-F7BBA9C4C5F4, cid=192, SUCCESS, logIndex=0, commits[805302bb-512f-4740-9b33-f965a1421ef6:c14, 4615f4ce-fb17-47eb-adee-2d773b6217dc:c14, f719301a-9279-420f-b7a0-fd7fd360a35b:c10]
2019-08-29 16:59:26,555 [grpc-default-executor-5] INFO  client.GrpcClientProtocolClient (GrpcClientProtocolClient.java:onNext(255)) - client-C861337DE706->805302bb-512f-4740-9b33-f965a1421ef6: receive RaftClientReply:client-C861337DE706->805302bb-512f-4740-9b33-f965a1421ef6@group-F7BBA9C4C5F4, cid=191, SUCCESS, logIndex=0, commits[805302bb-512f-4740-9b33-f965a1421ef6:c14, 4615f4ce-fb17-47eb-adee-2d773b6217dc:c14, f719301a-9279-420f-b7a0-fd7fd360a35b:c14]
2019-08-29 16:59:26,824 [Datanode State Machine Thread - 0] INFO  statemachine.DatanodeStateMachine (DatanodeStateMachine.java:lambda$startDaemon$0(350)) - Ozone container server started.
2019-08-29 16:59:26,825 | INFO  | SCMAudit | user=jenkins1000 | ip=192.168.69.102 | op=SEND_HEARTBEAT {datanodeUUID=f719301a-9279-420f-b7a0-fd7fd360a35b, command=[]} | ret=SUCCESS |  
2019-08-29 16:59:26,825 | INFO  | SCMAudit | user=jenkins1000 | ip=192.168.69.102 | op=SEND_HEARTBEAT {datanodeUUID=4615f4ce-fb17-47eb-adee-2d773b6217dc, command=[]} | ret=SUCCESS |  
2019-08-29 16:59:27,001 | INFO  | SCMAudit | user=jenkins1000 | ip=192.168.69.102 | op=SEND_HEARTBEAT {datanodeUUID=3580c151-a3bd-4c31-932d-2b2c4791eb11, command=[]} | ret=SUCCESS |  
2019-08-29 16:59:27,284 [Datanode State Machine Thread - 0] INFO  statemachine.DatanodeStateMachine (DatanodeStateMachine.java:lambda$startDaemon$0(350)) - Ozone container server started.
2019-08-29 16:59:27,285 | INFO  | SCMAudit | user=jenkins1000 | ip=192.168.69.102 | op=SEND_HEARTBEAT {datanodeUUID=6a69eb03-c6ce-4a25-af67-2d438bc9db9b, command=[]} | ret=SUCCESS |  
2019-08-29 16:59:27,285 | INFO  | SCMAudit | user=jenkins1000 | ip=192.168.69.102 | op=SEND_HEARTBEAT {datanodeUUID=7a616e93-d58e-4a6b-a0c4-5ab9b68bb367, command=[]} | ret=SUCCESS |  
2019-08-29 16:59:27,826 | INFO  | SCMAudit | user=jenkins1000 | ip=192.168.69.102 | op=SEND_HEARTBEAT {datanodeUUID=4615f4ce-fb17-47eb-adee-2d773b6217dc, command=[]} | ret=SUCCESS |  
2019-08-29 16:59:27,826 | INFO  | SCMAudit | user=jenkins1000 | ip=192.168.69.102 | op=SEND_HEARTBEAT {datanodeUUID=f719301a-9279-420f-b7a0-fd7fd360a35b, command=[]} | ret=SUCCESS |  
2019-08-29 16:59:28,001 | INFO  | SCMAudit | user=jenkins1000 | ip=192.168.69.102 | op=SEND_HEARTBEAT {datanodeUUID=3580c151-a3bd-4c31-932d-2b2c4791eb11, command=[]} | ret=SUCCESS |  
2019-08-29 16:59:28,286 | INFO  | SCMAudit | user=jenkins1000 | ip=192.168.69.102 | op=SEND_HEARTBEAT {datanodeUUID=6a69eb03-c6ce-4a25-af67-2d438bc9db9b, command=[]} | ret=SUCCESS |  
2019-08-29 16:59:28,286 | INFO  | SCMAudit | user=jenkins1000 | ip=192.168.69.102 | op=SEND_HEARTBEAT {datanodeUUID=7a616e93-d58e-4a6b-a0c4-5ab9b68bb367, command=[]} | ret=SUCCESS |  
2019-08-29 16:59:28,825 | INFO  | SCMAudit | user=jenkins1000 | ip=192.168.69.102 | op=SEND_HEARTBEAT {datanodeUUID=f719301a-9279-420f-b7a0-fd7fd360a35b, command=[]} | ret=SUCCESS |  
2019-08-29 16:59:28,825 | INFO  | SCMAudit | user=jenkins1000 | ip=192.168.69.102 | op=SEND_HEARTBEAT {datanodeUUID=4615f4ce-fb17-47eb-adee-2d773b6217dc, command=[]} | ret=SUCCESS |  
2019-08-29 16:59:29,001 | INFO  | SCMAudit | user=jenkins1000 | ip=192.168.69.102 | op=SEND_HEARTBEAT {datanodeUUID=3580c151-a3bd-4c31-932d-2b2c4791eb11, command=[]} | ret=SUCCESS |  
2019-08-29 16:59:29,285 | INFO  | SCMAudit | user=jenkins1000 | ip=192.168.69.102 | op=SEND_HEARTBEAT {datanodeUUID=6a69eb03-c6ce-4a25-af67-2d438bc9db9b, command=[]} | ret=SUCCESS |  
2019-08-29 16:59:29,286 | INFO  | SCMAudit | user=jenkins1000 | ip=192.168.69.102 | op=SEND_HEARTBEAT {datanodeUUID=7a616e93-d58e-4a6b-a0c4-5ab9b68bb367, command=[]} | ret=SUCCESS |  
2019-08-29 16:59:29,826 | INFO  | SCMAudit | user=jenkins1000 | ip=192.168.69.102 | op=SEND_HEARTBEAT {datanodeUUID=4615f4ce-fb17-47eb-adee-2d773b6217dc, command=[]} | ret=SUCCESS |  
2019-08-29 16:59:29,826 | INFO  | SCMAudit | user=jenkins1000 | ip=192.168.69.102 | op=SEND_HEARTBEAT {datanodeUUID=f719301a-9279-420f-b7a0-fd7fd360a35b, command=[]} | ret=SUCCESS |  
2019-08-29 16:59:30,001 | INFO  | SCMAudit | user=jenkins1000 | ip=192.168.69.102 | op=SEND_HEARTBEAT {datanodeUUID=3580c151-a3bd-4c31-932d-2b2c4791eb11, command=[]} | ret=SUCCESS |  
2019-08-29 16:59:30,285 | INFO  | SCMAudit | user=jenkins1000 | ip=192.168.69.102 | op=SEND_HEARTBEAT {datanodeUUID=6a69eb03-c6ce-4a25-af67-2d438bc9db9b, command=[]} | ret=SUCCESS |  
2019-08-29 16:59:30,286 | INFO  | SCMAudit | user=jenkins1000 | ip=192.168.69.102 | op=SEND_HEARTBEAT {datanodeUUID=7a616e93-d58e-4a6b-a0c4-5ab9b68bb367, command=[]} | ret=SUCCESS |  
2019-08-29 16:59:30,825 | INFO  | SCMAudit | user=jenkins1000 | ip=192.168.69.102 | op=SEND_HEARTBEAT {datanodeUUID=4615f4ce-fb17-47eb-adee-2d773b6217dc, command=[]} | ret=SUCCESS |  
2019-08-29 16:59:30,825 | INFO  | SCMAudit | user=jenkins1000 | ip=192.168.69.102 | op=SEND_HEARTBEAT {datanodeUUID=f719301a-9279-420f-b7a0-fd7fd360a35b, command=[]} | ret=SUCCESS |  
2019-08-29 16:59:30,873 [EventQueue-StaleNodeForStaleNodeHandler] INFO  node.StaleNodeHandler (StaleNodeHandler.java:onMessage(58)) - Datanode 805302bb-512f-4740-9b33-f965a1421ef6{ip: 192.168.69.102, host: pr-hdds-1413-r8zfz-2367378370, networkLocation: /default-rack, certSerialId: null} moved to stale state. Finalizing its pipelines [PipelineID=a3f8f0ab-7a84-49bc-9647-524ebafda1ac, PipelineID=ac6e50f7-2599-4616-9fe3-f7bba9c4c5f4]
2019-08-29 16:59:30,873 [EventQueue-StaleNodeForStaleNodeHandler] INFO  pipeline.SCMPipelineManager (SCMPipelineManager.java:finalizeAndDestroyPipeline(309)) - destroying pipeline:Pipeline[ Id: a3f8f0ab-7a84-49bc-9647-524ebafda1ac, Nodes: 805302bb-512f-4740-9b33-f965a1421ef6{ip: 192.168.69.102, host: pr-hdds-1413-r8zfz-2367378370, networkLocation: /default-rack, certSerialId: null}, Type:RATIS, Factor:ONE, State:OPEN]
2019-08-29 16:59:30,873 [EventQueue-StaleNodeForStaleNodeHandler] INFO  pipeline.PipelineStateManager (PipelineStateManager.java:finalizePipeline(123)) - Pipeline Pipeline[ Id: a3f8f0ab-7a84-49bc-9647-524ebafda1ac, Nodes: 805302bb-512f-4740-9b33-f965a1421ef6{ip: 192.168.69.102, host: pr-hdds-1413-r8zfz-2367378370, networkLocation: /default-rack, certSerialId: null}, Type:RATIS, Factor:ONE, State:CLOSED] moved to CLOSED state
2019-08-29 16:59:30,873 [EventQueue-StaleNodeForStaleNodeHandler] INFO  pipeline.SCMPipelineManager (SCMPipelineManager.java:finalizeAndDestroyPipeline(309)) - destroying pipeline:Pipeline[ Id: ac6e50f7-2599-4616-9fe3-f7bba9c4c5f4, Nodes: 4615f4ce-fb17-47eb-adee-2d773b6217dc{ip: 192.168.69.102, host: pr-hdds-1413-r8zfz-2367378370, networkLocation: /default-rack, certSerialId: null}f719301a-9279-420f-b7a0-fd7fd360a35b{ip: 192.168.69.102, host: pr-hdds-1413-r8zfz-2367378370, networkLocation: /default-rack, certSerialId: null}805302bb-512f-4740-9b33-f965a1421ef6{ip: 192.168.69.102, host: pr-hdds-1413-r8zfz-2367378370, networkLocation: /default-rack, certSerialId: null}, Type:RATIS, Factor:THREE, State:OPEN]
2019-08-29 16:59:30,874 [EventQueue-StaleNodeForStaleNodeHandler] INFO  pipeline.PipelineStateManager (PipelineStateManager.java:finalizePipeline(123)) - Pipeline Pipeline[ Id: ac6e50f7-2599-4616-9fe3-f7bba9c4c5f4, Nodes: 4615f4ce-fb17-47eb-adee-2d773b6217dc{ip: 192.168.69.102, host: pr-hdds-1413-r8zfz-2367378370, networkLocation: /default-rack, certSerialId: null}f719301a-9279-420f-b7a0-fd7fd360a35b{ip: 192.168.69.102, host: pr-hdds-1413-r8zfz-2367378370, networkLocation: /default-rack, certSerialId: null}805302bb-512f-4740-9b33-f965a1421ef6{ip: 192.168.69.102, host: pr-hdds-1413-r8zfz-2367378370, networkLocation: /default-rack, certSerialId: null}, Type:RATIS, Factor:THREE, State:CLOSED] moved to CLOSED state
2019-08-29 16:59:30,874 [EventQueue-CloseContainerForCloseContainerEventHandler] INFO  container.CloseContainerEventHandler (CloseContainerEventHandler.java:onMessage(61)) - Close container Event triggered for container : #1
2019-08-29 16:59:31,003 | INFO  | SCMAudit | user=jenkins1000 | ip=192.168.69.102 | op=SEND_HEARTBEAT {datanodeUUID=3580c151-a3bd-4c31-932d-2b2c4791eb11, command=[]} | ret=SUCCESS |  
2019-08-29 16:59:31,285 | INFO  | SCMAudit | user=jenkins1000 | ip=192.168.69.102 | op=SEND_HEARTBEAT {datanodeUUID=6a69eb03-c6ce-4a25-af67-2d438bc9db9b, command=[]} | ret=SUCCESS |  
2019-08-29 16:59:31,286 | INFO  | SCMAudit | user=jenkins1000 | ip=192.168.69.102 | op=SEND_HEARTBEAT {datanodeUUID=7a616e93-d58e-4a6b-a0c4-5ab9b68bb367, command=[]} | ret=SUCCESS |  
2019-08-29 16:59:31,373 [EventQueue-StaleNodeForStaleNodeHandler] INFO  node.StaleNodeHandler (StaleNodeHandler.java:onMessage(58)) - Datanode 81f31524-daf9-4665-be93-5f6a14015188{ip: 192.168.69.102, host: pr-hdds-1413-r8zfz-2367378370, networkLocation: /default-rack, certSerialId: null} moved to stale state. Finalizing its pipelines [PipelineID=d5c7637f-7c20-4cc6-8d08-db8f64c28a52, PipelineID=f81489ae-be04-4b94-a6c6-98956423e370]
2019-08-29 16:59:31,374 [EventQueue-StaleNodeForStaleNodeHandler] INFO  pipeline.SCMPipelineManager (SCMPipelineManager.java:finalizeAndDestroyPipeline(309)) - destroying pipeline:Pipeline[ Id: d5c7637f-7c20-4cc6-8d08-db8f64c28a52, Nodes: 7a616e93-d58e-4a6b-a0c4-5ab9b68bb367{ip: 192.168.69.102, host: pr-hdds-1413-r8zfz-2367378370, networkLocation: /default-rack, certSerialId: null}6a69eb03-c6ce-4a25-af67-2d438bc9db9b{ip: 192.168.69.102, host: pr-hdds-1413-r8zfz-2367378370, networkLocation: /default-rack, certSerialId: null}81f31524-daf9-4665-be93-5f6a14015188{ip: 192.168.69.102, host: pr-hdds-1413-r8zfz-2367378370, networkLocation: /default-rack, certSerialId: null}, Type:RATIS, Factor:THREE, State:OPEN]
2019-08-29 16:59:31,374 [EventQueue-StaleNodeForStaleNodeHandler] INFO  pipeline.PipelineStateManager (PipelineStateManager.java:finalizePipeline(123)) - Pipeline Pipeline[ Id: d5c7637f-7c20-4cc6-8d08-db8f64c28a52, Nodes: 7a616e93-d58e-4a6b-a0c4-5ab9b68bb367{ip: 192.168.69.102, host: pr-hdds-1413-r8zfz-2367378370, networkLocation: /default-rack, certSerialId: null}6a69eb03-c6ce-4a25-af67-2d438bc9db9b{ip: 192.168.69.102, host: pr-hdds-1413-r8zfz-2367378370, networkLocation: /default-rack, certSerialId: null}81f31524-daf9-4665-be93-5f6a14015188{ip: 192.168.69.102, host: pr-hdds-1413-r8zfz-2367378370, networkLocation: /default-rack, certSerialId: null}, Type:RATIS, Factor:THREE, State:CLOSED] moved to CLOSED state
2019-08-29 16:59:31,374 [EventQueue-CloseContainerForCloseContainerEventHandler] INFO  container.CloseContainerEventHandler (CloseContainerEventHandler.java:onMessage(61)) - Close container Event triggered for container : #2
2019-08-29 16:59:31,374 [EventQueue-StaleNodeForStaleNodeHandler] INFO  pipeline.SCMPipelineManager (SCMPipelineManager.java:finalizeAndDestroyPipeline(309)) - destroying pipeline:Pipeline[ Id: f81489ae-be04-4b94-a6c6-98956423e370, Nodes: 81f31524-daf9-4665-be93-5f6a14015188{ip: 192.168.69.102, host: pr-hdds-1413-r8zfz-2367378370, networkLocation: /default-rack, certSerialId: null}, Type:RATIS, Factor:ONE, State:OPEN]
2019-08-29 16:59:31,375 [EventQueue-StaleNodeForStaleNodeHandler] INFO  pipeline.PipelineStateManager (PipelineStateManager.java:finalizePipeline(123)) - Pipeline Pipeline[ Id: f81489ae-be04-4b94-a6c6-98956423e370, Nodes: 81f31524-daf9-4665-be93-5f6a14015188{ip: 192.168.69.102, host: pr-hdds-1413-r8zfz-2367378370, networkLocation: /default-rack, certSerialId: null}, Type:RATIS, Factor:ONE, State:CLOSED] moved to CLOSED state
2019-08-29 16:59:31,432 [main] INFO  ozoneimpl.OzoneContainer (OzoneContainer.java:stop(215)) - Attempting to stop container services.
2019-08-29 16:59:31,432 [ForkJoinPool.commonPool-worker-0] INFO  ozoneimpl.OzoneContainer (OzoneContainer.java:stop(215)) - Attempting to stop container services.
2019-08-29 16:59:31,433 [main] INFO  impl.RaftServerProxy (RaftServerProxy.java:lambda$close$4(314)) - 81f31524-daf9-4665-be93-5f6a14015188: close
2019-08-29 16:59:31,433 [ForkJoinPool.commonPool-worker-0] INFO  impl.RaftServerProxy (RaftServerProxy.java:lambda$close$4(314)) - 805302bb-512f-4740-9b33-f965a1421ef6: close
2019-08-29 16:59:31,434 [main] INFO  impl.RaftServerImpl (RaftServerImpl.java:lambda$shutdown$3(245)) - 81f31524-daf9-4665-be93-5f6a14015188: shutdown group-DB8F64C28A52
2019-08-29 16:59:31,434 [ForkJoinPool.commonPool-worker-0] INFO  impl.RaftServerImpl (RaftServerImpl.java:lambda$shutdown$3(245)) - 805302bb-512f-4740-9b33-f965a1421ef6: shutdown group-524EBAFDA1AC
2019-08-29 16:59:31,434 [main] INFO  util.JmxRegister (JmxRegister.java:unregister(73)) - Successfully un-registered JMX Bean with object name Ratis:service=RaftServer,group=group-DB8F64C28A52,id=81f31524-daf9-4665-be93-5f6a14015188
2019-08-29 16:59:31,434 [ForkJoinPool.commonPool-worker-0] INFO  util.JmxRegister (JmxRegister.java:unregister(73)) - Successfully un-registered JMX Bean with object name Ratis:service=RaftServer,group=group-524EBAFDA1AC,id=805302bb-512f-4740-9b33-f965a1421ef6
2019-08-29 16:59:31,435 [main] INFO  impl.RoleInfo (RoleInfo.java:shutdownLeaderState(104)) - 81f31524-daf9-4665-be93-5f6a14015188: shutdown LeaderState
2019-08-29 16:59:31,435 [ForkJoinPool.commonPool-worker-0] INFO  impl.RoleInfo (RoleInfo.java:shutdownLeaderState(104)) - 805302bb-512f-4740-9b33-f965a1421ef6: shutdown LeaderState
2019-08-29 16:59:31,442 [org.apache.ratis.server.impl.LogAppender$AppenderDaemon$$Lambda$492/440248594@5101248c] WARN  server.GrpcLogAppender (GrpcLogAppender.java:mayWait(143)) - GrpcLogAppender(81f31524-daf9-4665-be93-5f6a14015188->7a616e93-d58e-4a6b-a0c4-5ab9b68bb367): Wait interrupted by java.lang.InterruptedException
2019-08-29 16:59:31,442 [org.apache.ratis.server.impl.LogAppender$AppenderDaemon$$Lambda$492/440248594@1403b868] WARN  server.GrpcLogAppender (GrpcLogAppender.java:mayWait(143)) - GrpcLogAppender(81f31524-daf9-4665-be93-5f6a14015188->6a69eb03-c6ce-4a25-af67-2d438bc9db9b): Wait interrupted by java.lang.InterruptedException
2019-08-29 16:59:31,441 [main] INFO  impl.PendingRequests (PendingRequests.java:sendNotLeaderResponses(202)) - 81f31524-daf9-4665-be93-5f6a14015188-PendingRequests: sendNotLeaderResponses
2019-08-29 16:59:31,442 [grpc-default-executor-5] INFO  server.GrpcServerProtocolService (GrpcServerProtocolService.java:onCompleted(104)) - 6a69eb03-c6ce-4a25-af67-2d438bc9db9b: appendEntries completed
2019-08-29 16:59:31,442 [grpc-default-executor-8] INFO  server.GrpcServerProtocolService (GrpcServerProtocolService.java:onCompleted(104)) - 7a616e93-d58e-4a6b-a0c4-5ab9b68bb367: appendEntries completed
2019-08-29 16:59:31,442 [ForkJoinPool.commonPool-worker-0] INFO  impl.PendingRequests (PendingRequests.java:sendNotLeaderResponses(202)) - 805302bb-512f-4740-9b33-f965a1421ef6-PendingRequests: sendNotLeaderResponses
2019-08-29 16:59:31,448 [grpc-default-executor-5] INFO  server.GrpcLogAppender (GrpcLogAppender.java:onCompleted(292)) - 81f31524-daf9-4665-be93-5f6a14015188->6a69eb03-c6ce-4a25-af67-2d438bc9db9b: follower responses appendEntries COMPLETED
2019-08-29 16:59:31,448 [grpc-default-executor-8] INFO  server.GrpcLogAppender (GrpcLogAppender.java:onCompleted(292)) - 81f31524-daf9-4665-be93-5f6a14015188->7a616e93-d58e-4a6b-a0c4-5ab9b68bb367: follower responses appendEntries COMPLETED
2019-08-29 16:59:31,447 [StateMachineUpdater:81f31524-daf9-4665-be93-5f6a14015188:group-DB8F64C28A52] INFO  ratis.ContainerStateMachine (ContainerStateMachine.java:takeSnapshot(284)) - group-DB8F64C28A52: Taking a snapshot at:(t:1, i:4) file /workdir/hadoop-ozone/integration-test/target/test-dir/MiniOzoneClusterImpl-51fe08ff-1c36-40ef-8442-fe9f7994e715/datanode-4/data/ratis/d5c7637f-7c20-4cc6-8d08-db8f64c28a52/sm/snapshot.1_4
2019-08-29 16:59:31,447 [main] INFO  impl.StateMachineUpdater (StateMachineUpdater.java:stopAndJoin(115)) - StateMachineUpdater:81f31524-daf9-4665-be93-5f6a14015188:group-DB8F64C28A52: set stopIndex = 4
2019-08-29 16:59:31,448 [grpc-default-executor-8] INFO  impl.FollowerInfo (FollowerInfo.java:lambda$new$0(50)) - 81f31524-daf9-4665-be93-5f6a14015188->7a616e93-d58e-4a6b-a0c4-5ab9b68bb367: nextIndex: updateUnconditionally 5 -> 4
2019-08-29 16:59:31,448 [grpc-default-executor-5] INFO  impl.FollowerInfo (FollowerInfo.java:lambda$new$0(50)) - 81f31524-daf9-4665-be93-5f6a14015188->6a69eb03-c6ce-4a25-af67-2d438bc9db9b: nextIndex: updateUnconditionally 5 -> 4
2019-08-29 16:59:31,448 [ForkJoinPool.commonPool-worker-0] INFO  impl.StateMachineUpdater (StateMachineUpdater.java:stopAndJoin(115)) - StateMachineUpdater:805302bb-512f-4740-9b33-f965a1421ef6:group-524EBAFDA1AC: set stopIndex = 0
2019-08-29 16:59:31,450 [ForkJoinPool.commonPool-worker-0] INFO  impl.RaftServerImpl (ServerState.java:close(394)) - 805302bb-512f-4740-9b33-f965a1421ef6:group-524EBAFDA1AC closes. The last applied log index is 0
2019-08-29 16:59:31,450 [805302bb-512f-4740-9b33-f965a1421ef6-SegmentedRaftLogWorker:Storage Directory /workdir/hadoop-ozone/integration-test/target/test-dir/MiniOzoneClusterImpl-51fe08ff-1c36-40ef-8442-fe9f7994e715/datanode-1/data/ratis/a3f8f0ab-7a84-49bc-9647-524ebafda1ac] INFO  segmented.SegmentedRaftLogWorker (SegmentedRaftLogWorker.java:run(313)) - 805302bb-512f-4740-9b33-f965a1421ef6-SegmentedRaftLogWorker:Storage Directory /workdir/hadoop-ozone/integration-test/target/test-dir/MiniOzoneClusterImpl-51fe08ff-1c36-40ef-8442-fe9f7994e715/datanode-1/data/ratis/a3f8f0ab-7a84-49bc-9647-524ebafda1ac was interrupted, exiting. There are 0 tasks remaining in the queue.
2019-08-29 16:59:31,453 [ForkJoinPool.commonPool-worker-0] INFO  segmented.SegmentedRaftLogWorker (SegmentedRaftLogWorker.java:close(228)) - 805302bb-512f-4740-9b33-f965a1421ef6-SegmentedRaftLogWorker:Storage Directory /workdir/hadoop-ozone/integration-test/target/test-dir/MiniOzoneClusterImpl-51fe08ff-1c36-40ef-8442-fe9f7994e715/datanode-1/data/ratis/a3f8f0ab-7a84-49bc-9647-524ebafda1ac close()
2019-08-29 16:59:31,456 [ForkJoinPool.commonPool-worker-0] INFO  impl.RaftServerImpl (RaftServerImpl.java:lambda$shutdown$3(245)) - 805302bb-512f-4740-9b33-f965a1421ef6: shutdown group-F7BBA9C4C5F4
2019-08-29 16:59:31,456 [ForkJoinPool.commonPool-worker-0] INFO  util.JmxRegister (JmxRegister.java:unregister(73)) - Successfully un-registered JMX Bean with object name Ratis:service=RaftServer,group=group-F7BBA9C4C5F4,id=805302bb-512f-4740-9b33-f965a1421ef6
2019-08-29 16:59:31,456 [ForkJoinPool.commonPool-worker-0] INFO  impl.RoleInfo (RoleInfo.java:shutdownLeaderState(104)) - 805302bb-512f-4740-9b33-f965a1421ef6: shutdown LeaderState
2019-08-29 16:59:31,459 [org.apache.ratis.server.impl.LogAppender$AppenderDaemon$$Lambda$492/440248594@5562eea7] WARN  server.GrpcLogAppender (GrpcLogAppender.java:mayWait(143)) - GrpcLogAppender(805302bb-512f-4740-9b33-f965a1421ef6->f719301a-9279-420f-b7a0-fd7fd360a35b): Wait interrupted by java.lang.InterruptedException
2019-08-29 16:59:31,459 [org.apache.ratis.server.impl.LogAppender$AppenderDaemon$$Lambda$492/440248594@106072cf] WARN  server.GrpcLogAppender (GrpcLogAppender.java:mayWait(143)) - GrpcLogAppender(805302bb-512f-4740-9b33-f965a1421ef6->4615f4ce-fb17-47eb-adee-2d773b6217dc): Wait interrupted by java.lang.InterruptedException
2019-08-29 16:59:31,459 [ForkJoinPool.commonPool-worker-0] INFO  impl.PendingRequests (PendingRequests.java:sendNotLeaderResponses(202)) - 805302bb-512f-4740-9b33-f965a1421ef6-PendingRequests: sendNotLeaderResponses
2019-08-29 16:59:31,460 [grpc-default-executor-5] INFO  server.GrpcServerProtocolService (GrpcServerProtocolService.java:onCompleted(104)) - f719301a-9279-420f-b7a0-fd7fd360a35b: appendEntries completed
2019-08-29 16:59:31,469 [ForkJoinPool.commonPool-worker-0] INFO  impl.StateMachineUpdater (StateMachineUpdater.java:stopAndJoin(115)) - StateMachineUpdater:805302bb-512f-4740-9b33-f965a1421ef6:group-F7BBA9C4C5F4: set stopIndex = 14
2019-08-29 16:59:31,460 [grpc-default-executor-8] INFO  server.GrpcServerProtocolService (GrpcServerProtocolService.java:onCompleted(104)) - 4615f4ce-fb17-47eb-adee-2d773b6217dc: appendEntries completed
2019-08-29 16:59:31,469 [StateMachineUpdater:805302bb-512f-4740-9b33-f965a1421ef6:group-F7BBA9C4C5F4] INFO  ratis.ContainerStateMachine (ContainerStateMachine.java:takeSnapshot(284)) - group-F7BBA9C4C5F4: Taking a snapshot at:(t:2, i:12) file /workdir/hadoop-ozone/integration-test/target/test-dir/MiniOzoneClusterImpl-51fe08ff-1c36-40ef-8442-fe9f7994e715/datanode-1/data/ratis/ac6e50f7-2599-4616-9fe3-f7bba9c4c5f4/sm/snapshot.2_12
2019-08-29 16:59:31,469 [grpc-default-executor-5] INFO  server.GrpcLogAppender (GrpcLogAppender.java:onCompleted(292)) - 805302bb-512f-4740-9b33-f965a1421ef6->f719301a-9279-420f-b7a0-fd7fd360a35b: follower responses appendEntries COMPLETED
2019-08-29 16:59:31,469 [grpc-default-executor-8] INFO  server.GrpcLogAppender (GrpcLogAppender.java:onCompleted(292)) - 805302bb-512f-4740-9b33-f965a1421ef6->4615f4ce-fb17-47eb-adee-2d773b6217dc: follower responses appendEntries COMPLETED
2019-08-29 16:59:31,470 [grpc-default-executor-5] INFO  impl.FollowerInfo (FollowerInfo.java:lambda$new$0(50)) - 805302bb-512f-4740-9b33-f965a1421ef6->f719301a-9279-420f-b7a0-fd7fd360a35b: nextIndex: updateUnconditionally 15 -> 14
2019-08-29 16:59:31,470 [grpc-default-executor-8] INFO  impl.FollowerInfo (FollowerInfo.java:lambda$new$0(50)) - 805302bb-512f-4740-9b33-f965a1421ef6->4615f4ce-fb17-47eb-adee-2d773b6217dc: nextIndex: updateUnconditionally 15 -> 14
2019-08-29 16:59:31,482 [StateMachineUpdater:81f31524-daf9-4665-be93-5f6a14015188:group-DB8F64C28A52] INFO  ratis.ContainerStateMachine (ContainerStateMachine.java:takeSnapshot(295)) - group-DB8F64C28A52: Finished taking a snapshot at:(t:1, i:4) file:/workdir/hadoop-ozone/integration-test/target/test-dir/MiniOzoneClusterImpl-51fe08ff-1c36-40ef-8442-fe9f7994e715/datanode-4/data/ratis/d5c7637f-7c20-4cc6-8d08-db8f64c28a52/sm/snapshot.1_4 time:34
2019-08-29 16:59:31,482 [StateMachineUpdater:81f31524-daf9-4665-be93-5f6a14015188:group-DB8F64C28A52] INFO  impl.StateMachineUpdater (StateMachineUpdater.java:takeSnapshot(242)) - StateMachineUpdater:81f31524-daf9-4665-be93-5f6a14015188:group-DB8F64C28A52: Took a snapshot at index 4
2019-08-29 16:59:31,482 [StateMachineUpdater:81f31524-daf9-4665-be93-5f6a14015188:group-DB8F64C28A52] INFO  impl.StateMachineUpdater (StateMachineUpdater.java:lambda$new$0(80)) - StateMachineUpdater:81f31524-daf9-4665-be93-5f6a14015188:group-DB8F64C28A52: snapshotIndex: updateIncreasingly -1 -> 4
2019-08-29 16:59:31,482 [main] INFO  impl.RaftServerImpl (ServerState.java:close(394)) - 81f31524-daf9-4665-be93-5f6a14015188:group-DB8F64C28A52 closes. The last applied log index is 4
2019-08-29 16:59:31,483 [StateMachineUpdater:805302bb-512f-4740-9b33-f965a1421ef6:group-F7BBA9C4C5F4] INFO  ratis.ContainerStateMachine (ContainerStateMachine.java:takeSnapshot(295)) - group-F7BBA9C4C5F4: Finished taking a snapshot at:(t:2, i:12) file:/workdir/hadoop-ozone/integration-test/target/test-dir/MiniOzoneClusterImpl-51fe08ff-1c36-40ef-8442-fe9f7994e715/datanode-1/data/ratis/ac6e50f7-2599-4616-9fe3-f7bba9c4c5f4/sm/snapshot.2_12 time:14
2019-08-29 16:59:31,483 [StateMachineUpdater:805302bb-512f-4740-9b33-f965a1421ef6:group-F7BBA9C4C5F4] INFO  impl.StateMachineUpdater (StateMachineUpdater.java:takeSnapshot(242)) - StateMachineUpdater:805302bb-512f-4740-9b33-f965a1421ef6:group-F7BBA9C4C5F4: Took a snapshot at index 12
2019-08-29 16:59:31,483 [81f31524-daf9-4665-be93-5f6a14015188-SegmentedRaftLogWorker:Storage Directory /workdir/hadoop-ozone/integration-test/target/test-dir/MiniOzoneClusterImpl-51fe08ff-1c36-40ef-8442-fe9f7994e715/datanode-4/data/ratis/d5c7637f-7c20-4cc6-8d08-db8f64c28a52] INFO  segmented.SegmentedRaftLogWorker (SegmentedRaftLogWorker.java:run(313)) - 81f31524-daf9-4665-be93-5f6a14015188-SegmentedRaftLogWorker:Storage Directory /workdir/hadoop-ozone/integration-test/target/test-dir/MiniOzoneClusterImpl-51fe08ff-1c36-40ef-8442-fe9f7994e715/datanode-4/data/ratis/d5c7637f-7c20-4cc6-8d08-db8f64c28a52 was interrupted, exiting. There are 0 tasks remaining in the queue.
2019-08-29 16:59:31,483 [StateMachineUpdater:805302bb-512f-4740-9b33-f965a1421ef6:group-F7BBA9C4C5F4] INFO  impl.StateMachineUpdater (StateMachineUpdater.java:lambda$new$0(80)) - StateMachineUpdater:805302bb-512f-4740-9b33-f965a1421ef6:group-F7BBA9C4C5F4: snapshotIndex: updateIncreasingly -1 -> 12
2019-08-29 16:59:31,485 [main] INFO  segmented.SegmentedRaftLogWorker (SegmentedRaftLogWorker.java:close(228)) - 81f31524-daf9-4665-be93-5f6a14015188-SegmentedRaftLogWorker:Storage Directory /workdir/hadoop-ozone/integration-test/target/test-dir/MiniOzoneClusterImpl-51fe08ff-1c36-40ef-8442-fe9f7994e715/datanode-4/data/ratis/d5c7637f-7c20-4cc6-8d08-db8f64c28a52 close()
2019-08-29 16:59:31,485 [ForkJoinPool.commonPool-worker-0] INFO  impl.RaftServerImpl (ServerState.java:close(394)) - 805302bb-512f-4740-9b33-f965a1421ef6:group-F7BBA9C4C5F4 closes. The last applied log index is 14
2019-08-29 16:59:31,488 [main] INFO  impl.RaftServerImpl (RaftServerImpl.java:lambda$shutdown$3(245)) - 81f31524-daf9-4665-be93-5f6a14015188: shutdown group-98956423E370
2019-08-29 16:59:31,488 [805302bb-512f-4740-9b33-f965a1421ef6-SegmentedRaftLogWorker:Storage Directory /workdir/hadoop-ozone/integration-test/target/test-dir/MiniOzoneClusterImpl-51fe08ff-1c36-40ef-8442-fe9f7994e715/datanode-1/data/ratis/ac6e50f7-2599-4616-9fe3-f7bba9c4c5f4] INFO  segmented.SegmentedRaftLogWorker (SegmentedRaftLogWorker.java:run(313)) - 805302bb-512f-4740-9b33-f965a1421ef6-SegmentedRaftLogWorker:Storage Directory /workdir/hadoop-ozone/integration-test/target/test-dir/MiniOzoneClusterImpl-51fe08ff-1c36-40ef-8442-fe9f7994e715/datanode-1/data/ratis/ac6e50f7-2599-4616-9fe3-f7bba9c4c5f4 was interrupted, exiting. There are 0 tasks remaining in the queue.
2019-08-29 16:59:31,488 [main] INFO  util.JmxRegister (JmxRegister.java:unregister(73)) - Successfully un-registered JMX Bean with object name Ratis:service=RaftServer,group=group-98956423E370,id=81f31524-daf9-4665-be93-5f6a14015188
2019-08-29 16:59:31,490 [ForkJoinPool.commonPool-worker-0] INFO  segmented.SegmentedRaftLogWorker (SegmentedRaftLogWorker.java:close(228)) - 805302bb-512f-4740-9b33-f965a1421ef6-SegmentedRaftLogWorker:Storage Directory /workdir/hadoop-ozone/integration-test/target/test-dir/MiniOzoneClusterImpl-51fe08ff-1c36-40ef-8442-fe9f7994e715/datanode-1/data/ratis/ac6e50f7-2599-4616-9fe3-f7bba9c4c5f4 close()
2019-08-29 16:59:31,490 [main] INFO  impl.RoleInfo (RoleInfo.java:shutdownLeaderState(104)) - 81f31524-daf9-4665-be93-5f6a14015188: shutdown LeaderState
2019-08-29 16:59:31,493 [ForkJoinPool.commonPool-worker-0] INFO  server.GrpcService (GrpcService.java:closeImpl(155)) - 805302bb-512f-4740-9b33-f965a1421ef6: shutdown server with port 38448 now
2019-08-29 16:59:31,493 [main] INFO  impl.PendingRequests (PendingRequests.java:sendNotLeaderResponses(202)) - 81f31524-daf9-4665-be93-5f6a14015188-PendingRequests: sendNotLeaderResponses
2019-08-29 16:59:31,494 [main] INFO  impl.StateMachineUpdater (StateMachineUpdater.java:stopAndJoin(115)) - StateMachineUpdater:81f31524-daf9-4665-be93-5f6a14015188:group-98956423E370: set stopIndex = 0
2019-08-29 16:59:31,494 [ForkJoinPool.commonPool-worker-0] INFO  server.GrpcService (GrpcService.java:closeImpl(163)) - 805302bb-512f-4740-9b33-f965a1421ef6: shutdown server with port 38448 successfully
2019-08-29 16:59:31,494 [grpc-default-executor-9] WARN  client.GrpcClientProtocolService (LogUtils.java:warn(134)) - 5-UnorderedRequestStreamObserver5: onError: org.apache.ratis.thirdparty.io.grpc.StatusRuntimeException: CANCELLED: cancelled before receiving half close
2019-08-29 16:59:31,494 [main] INFO  impl.RaftServerImpl (ServerState.java:close(394)) - 81f31524-daf9-4665-be93-5f6a14015188:group-98956423E370 closes. The last applied log index is 0
2019-08-29 16:59:31,495 [81f31524-daf9-4665-be93-5f6a14015188-SegmentedRaftLogWorker:Storage Directory /workdir/hadoop-ozone/integration-test/target/test-dir/MiniOzoneClusterImpl-51fe08ff-1c36-40ef-8442-fe9f7994e715/datanode-4/data/ratis/f81489ae-be04-4b94-a6c6-98956423e370] INFO  segmented.SegmentedRaftLogWorker (SegmentedRaftLogWorker.java:run(313)) - 81f31524-daf9-4665-be93-5f6a14015188-SegmentedRaftLogWorker:Storage Directory /workdir/hadoop-ozone/integration-test/target/test-dir/MiniOzoneClusterImpl-51fe08ff-1c36-40ef-8442-fe9f7994e715/datanode-4/data/ratis/f81489ae-be04-4b94-a6c6-98956423e370 was interrupted, exiting. There are 0 tasks remaining in the queue.
2019-08-29 16:59:31,499 [refreshUsed-/workdir/hadoop-ozone/integration-test/target/test-dir/MiniOzoneClusterImpl-51fe08ff-1c36-40ef-8442-fe9f7994e715/datanode-1/data/containers] WARN  fs.CachingGetSpaceUsed (CachingGetSpaceUsed.java:run(183)) - Thread Interrupted waiting to refresh disk information: sleep interrupted
2019-08-29 16:59:31,500 [main] INFO  segmented.SegmentedRaftLogWorker (SegmentedRaftLogWorker.java:close(228)) - 81f31524-daf9-4665-be93-5f6a14015188-SegmentedRaftLogWorker:Storage Directory /workdir/hadoop-ozone/integration-test/target/test-dir/MiniOzoneClusterImpl-51fe08ff-1c36-40ef-8442-fe9f7994e715/datanode-4/data/ratis/f81489ae-be04-4b94-a6c6-98956423e370 close()
2019-08-29 16:59:31,504 [main] INFO  server.GrpcService (GrpcService.java:closeImpl(155)) - 81f31524-daf9-4665-be93-5f6a14015188: shutdown server with port 43070 now
2019-08-29 16:59:31,505 [main] INFO  server.GrpcService (GrpcService.java:closeImpl(163)) - 81f31524-daf9-4665-be93-5f6a14015188: shutdown server with port 43070 successfully
2019-08-29 16:59:31,508 [refreshUsed-/workdir/hadoop-ozone/integration-test/target/test-dir/MiniOzoneClusterImpl-51fe08ff-1c36-40ef-8442-fe9f7994e715/datanode-4/data/containers] WARN  fs.CachingGetSpaceUsed (CachingGetSpaceUsed.java:run(183)) - Thread Interrupted waiting to refresh disk information: sleep interrupted
2019-08-29 16:59:31,521 [ForkJoinPool.commonPool-worker-0] INFO  utils.BackgroundService (BackgroundService.java:shutdown(148)) - Shutting down service BlockDeletingService
2019-08-29 16:59:31,521 [main] INFO  utils.BackgroundService (BackgroundService.java:shutdown(148)) - Shutting down service BlockDeletingService
2019-08-29 16:59:31,526 [ForkJoinPool.commonPool-worker-0] INFO  statemachine.DatanodeStateMachine (DatanodeStateMachine.java:stopDaemon(395)) - Ozone container server stopped.
2019-08-29 16:59:31,531 [main] INFO  statemachine.DatanodeStateMachine (DatanodeStateMachine.java:stopDaemon(395)) - Ozone container server stopped.
2019-08-29 16:59:31,533 [ForkJoinPool.commonPool-worker-0] INFO  handler.ContextHandler (ContextHandler.java:doStop(910)) - Stopped o.e.j.w.WebAppContext@7d133fb7{/,null,UNAVAILABLE}{/hddsDatanode}
2019-08-29 16:59:31,533 [main] INFO  handler.ContextHandler (ContextHandler.java:doStop(910)) - Stopped o.e.j.w.WebAppContext@307cf964{/,null,UNAVAILABLE}{/hddsDatanode}
2019-08-29 16:59:31,534 [ForkJoinPool.commonPool-worker-0] INFO  server.AbstractConnector (AbstractConnector.java:doStop(318)) - Stopped ServerConnector@40bd0f8{HTTP/1.1,[http/1.1]}{0.0.0.0:0}
2019-08-29 16:59:31,536 [main] INFO  server.AbstractConnector (AbstractConnector.java:doStop(318)) - Stopped ServerConnector@374ccb9{HTTP/1.1,[http/1.1]}{0.0.0.0:0}
2019-08-29 16:59:31,536 [ForkJoinPool.commonPool-worker-0] INFO  handler.ContextHandler (ContextHandler.java:doStop(910)) - Stopped o.e.j.s.ServletContextHandler@57cabdc3{/static,jar:file:/home/user/.m2/repository/org/apache/hadoop/hadoop-hdds-container-service/0.5.0-SNAPSHOT/hadoop-hdds-container-service-0.5.0-SNAPSHOT.jar!/webapps/static,UNAVAILABLE}
2019-08-29 16:59:31,536 [main] INFO  handler.ContextHandler (ContextHandler.java:doStop(910)) - Stopped o.e.j.s.ServletContextHandler@1e495414{/static,jar:file:/home/user/.m2/repository/org/apache/hadoop/hadoop-hdds-container-service/0.5.0-SNAPSHOT/hadoop-hdds-container-service-0.5.0-SNAPSHOT.jar!/webapps/static,UNAVAILABLE}
2019-08-29 16:59:31,539 [ForkJoinPool.commonPool-worker-0] INFO  handler.ContextHandler (ContextHandler.java:doStop(910)) - Stopped o.e.j.s.ServletContextHandler@6fbf5db2{/logs,file:///workdir/hadoop-ozone/integration-test/target/log,UNAVAILABLE}
2019-08-29 16:59:31,539 [main] INFO  handler.ContextHandler (ContextHandler.java:doStop(910)) - Stopped o.e.j.s.ServletContextHandler@22a4ca4a{/logs,file:///workdir/hadoop-ozone/integration-test/target/log,UNAVAILABLE}
2019-08-29 16:59:31,824 [Datanode State Machine Thread - 0] INFO  statemachine.DatanodeStateMachine (DatanodeStateMachine.java:lambda$startDaemon$0(350)) - Ozone container server started.
2019-08-29 16:59:31,826 | INFO  | SCMAudit | user=jenkins1000 | ip=192.168.69.102 | op=SEND_HEARTBEAT {datanodeUUID=4615f4ce-fb17-47eb-adee-2d773b6217dc, command=[commandType: closeContainerCommand closeContainerCommandProto { containerID: 1 pipelineID { id: "ac6e50f7-2599-4616-9fe3-f7bba9c4c5f4" } cmdId: 1 force: false } ]} | ret=SUCCESS |  
2019-08-29 16:59:32,002 [Datanode State Machine Thread - 0] INFO  statemachine.DatanodeStateMachine (DatanodeStateMachine.java:lambda$startDaemon$0(350)) - Ozone container server started.
2019-08-29 16:59:32,286 | INFO  | SCMAudit | user=jenkins1000 | ip=192.168.69.102 | op=SEND_HEARTBEAT {datanodeUUID=6a69eb03-c6ce-4a25-af67-2d438bc9db9b, command=[commandType: closeContainerCommand closeContainerCommandProto { containerID: 2 pipelineID { id: "d5c7637f-7c20-4cc6-8d08-db8f64c28a52" } cmdId: 2 force: false } ]} | ret=SUCCESS |  
2019-08-29 16:59:32,286 | INFO  | SCMAudit | user=jenkins1000 | ip=192.168.69.102 | op=SEND_HEARTBEAT {datanodeUUID=7a616e93-d58e-4a6b-a0c4-5ab9b68bb367, command=[commandType: closeContainerCommand closeContainerCommandProto { containerID: 2 pipelineID { id: "d5c7637f-7c20-4cc6-8d08-db8f64c28a52" } cmdId: 2 force: false } ]} | ret=SUCCESS |  
2019-08-29 16:59:32,825 | INFO  | SCMAudit | user=jenkins1000 | ip=192.168.69.102 | op=SEND_HEARTBEAT {datanodeUUID=4615f4ce-fb17-47eb-adee-2d773b6217dc, command=[]} | ret=SUCCESS |  
2019-08-29 16:59:33,287 | INFO  | SCMAudit | user=jenkins1000 | ip=192.168.69.102 | op=SEND_HEARTBEAT {datanodeUUID=7a616e93-d58e-4a6b-a0c4-5ab9b68bb367, command=[]} | ret=SUCCESS |  
2019-08-29 16:59:33,287 | INFO  | SCMAudit | user=jenkins1000 | ip=192.168.69.102 | op=SEND_HEARTBEAT {datanodeUUID=6a69eb03-c6ce-4a25-af67-2d438bc9db9b, command=[]} | ret=SUCCESS |  
2019-08-29 16:59:33,362 | INFO  | SCMAudit | user=jenkins1000 | ip=192.168.69.102 | op=SEND_HEARTBEAT {datanodeUUID=6a69eb03-c6ce-4a25-af67-2d438bc9db9b, command=[]} | ret=SUCCESS |  
2019-08-29 16:59:33,826 | INFO  | SCMAudit | user=jenkins1000 | ip=192.168.69.102 | op=SEND_HEARTBEAT {datanodeUUID=4615f4ce-fb17-47eb-adee-2d773b6217dc, command=[]} | ret=SUCCESS |  
2019-08-29 16:59:33,852 | INFO  | SCMAudit | user=jenkins1000 | ip=192.168.69.102 | op=SEND_HEARTBEAT {datanodeUUID=4615f4ce-fb17-47eb-adee-2d773b6217dc, command=[]} | ret=SUCCESS |  
2019-08-29 16:59:34,287 | INFO  | SCMAudit | user=jenkins1000 | ip=192.168.69.102 | op=SEND_HEARTBEAT {datanodeUUID=7a616e93-d58e-4a6b-a0c4-5ab9b68bb367, command=[]} | ret=SUCCESS |  
2019-08-29 16:59:34,361 | INFO  | SCMAudit | user=jenkins1000 | ip=192.168.69.102 | op=SEND_HEARTBEAT {datanodeUUID=6a69eb03-c6ce-4a25-af67-2d438bc9db9b, command=[]} | ret=SUCCESS |  
2019-08-29 16:59:34,438 | INFO  | SCMAudit | user=jenkins1000 | ip=192.168.69.102 | op=SEND_HEARTBEAT {datanodeUUID=7a616e93-d58e-4a6b-a0c4-5ab9b68bb367, command=[]} | ret=SUCCESS |  
2019-08-29 16:59:34,852 | INFO  | SCMAudit | user=jenkins1000 | ip=192.168.69.102 | op=SEND_HEARTBEAT {datanodeUUID=4615f4ce-fb17-47eb-adee-2d773b6217dc, command=[]} | ret=SUCCESS |  
2019-08-29 16:59:35,361 | INFO  | SCMAudit | user=jenkins1000 | ip=192.168.69.102 | op=SEND_HEARTBEAT {datanodeUUID=6a69eb03-c6ce-4a25-af67-2d438bc9db9b, command=[]} | ret=SUCCESS |  
2019-08-29 16:59:35,437 | INFO  | SCMAudit | user=jenkins1000 | ip=192.168.69.102 | op=SEND_HEARTBEAT {datanodeUUID=7a616e93-d58e-4a6b-a0c4-5ab9b68bb367, command=[]} | ret=SUCCESS |  
2019-08-29 16:59:35,852 | INFO  | SCMAudit | user=jenkins1000 | ip=192.168.69.102 | op=SEND_HEARTBEAT {datanodeUUID=4615f4ce-fb17-47eb-adee-2d773b6217dc, command=[]} | ret=SUCCESS |  
2019-08-29 16:59:35,879 [EventQueue-StaleNodeForStaleNodeHandler] INFO  node.StaleNodeHandler (StaleNodeHandler.java:onMessage(58)) - Datanode f719301a-9279-420f-b7a0-fd7fd360a35b{ip: 192.168.69.102, host: pr-hdds-1413-r8zfz-2367378370, networkLocation: /default-rack, certSerialId: null} moved to stale state. Finalizing its pipelines [PipelineID=ffbecec1-a0b1-4b27-8e79-5dfd7ac10007, PipelineID=ac6e50f7-2599-4616-9fe3-f7bba9c4c5f4]
2019-08-29 16:59:35,880 [EventQueue-StaleNodeForStaleNodeHandler] INFO  pipeline.SCMPipelineManager (SCMPipelineManager.java:finalizeAndDestroyPipeline(309)) - destroying pipeline:Pipeline[ Id: ffbecec1-a0b1-4b27-8e79-5dfd7ac10007, Nodes: f719301a-9279-420f-b7a0-fd7fd360a35b{ip: 192.168.69.102, host: pr-hdds-1413-r8zfz-2367378370, networkLocation: /default-rack, certSerialId: null}, Type:RATIS, Factor:ONE, State:OPEN]
2019-08-29 16:59:35,880 [EventQueue-StaleNodeForStaleNodeHandler] INFO  pipeline.PipelineStateManager (PipelineStateManager.java:finalizePipeline(123)) - Pipeline Pipeline[ Id: ffbecec1-a0b1-4b27-8e79-5dfd7ac10007, Nodes: f719301a-9279-420f-b7a0-fd7fd360a35b{ip: 192.168.69.102, host: pr-hdds-1413-r8zfz-2367378370, networkLocation: /default-rack, certSerialId: null}, Type:RATIS, Factor:ONE, State:CLOSED] moved to CLOSED state
2019-08-29 16:59:35,880 [EventQueue-StaleNodeForStaleNodeHandler] INFO  pipeline.SCMPipelineManager (SCMPipelineManager.java:finalizeAndDestroyPipeline(309)) - destroying pipeline:Pipeline[ Id: ac6e50f7-2599-4616-9fe3-f7bba9c4c5f4, Nodes: 4615f4ce-fb17-47eb-adee-2d773b6217dc{ip: 192.168.69.102, host: pr-hdds-1413-r8zfz-2367378370, networkLocation: /default-rack, certSerialId: null}f719301a-9279-420f-b7a0-fd7fd360a35b{ip: 192.168.69.102, host: pr-hdds-1413-r8zfz-2367378370, networkLocation: /default-rack, certSerialId: null}805302bb-512f-4740-9b33-f965a1421ef6{ip: 192.168.69.102, host: pr-hdds-1413-r8zfz-2367378370, networkLocation: /default-rack, certSerialId: null}, Type:RATIS, Factor:THREE, State:CLOSED]
2019-08-29 16:59:36,079 [EventQueue-StaleNodeForStaleNodeHandler] INFO  node.StaleNodeHandler (StaleNodeHandler.java:onMessage(58)) - Datanode 3580c151-a3bd-4c31-932d-2b2c4791eb11{ip: 192.168.69.102, host: pr-hdds-1413-r8zfz-2367378370, networkLocation: /default-rack, certSerialId: null} moved to stale state. Finalizing its pipelines [PipelineID=f46f22f0-3af0-4114-8d82-d462d260c9ab]
2019-08-29 16:59:36,080 [EventQueue-StaleNodeForStaleNodeHandler] INFO  pipeline.SCMPipelineManager (SCMPipelineManager.java:finalizeAndDestroyPipeline(309)) - destroying pipeline:Pipeline[ Id: f46f22f0-3af0-4114-8d82-d462d260c9ab, Nodes: 3580c151-a3bd-4c31-932d-2b2c4791eb11{ip: 192.168.69.102, host: pr-hdds-1413-r8zfz-2367378370, networkLocation: /default-rack, certSerialId: null}, Type:RATIS, Factor:ONE, State:OPEN]
2019-08-29 16:59:36,080 [EventQueue-StaleNodeForStaleNodeHandler] INFO  pipeline.PipelineStateManager (PipelineStateManager.java:finalizePipeline(123)) - Pipeline Pipeline[ Id: f46f22f0-3af0-4114-8d82-d462d260c9ab, Nodes: 3580c151-a3bd-4c31-932d-2b2c4791eb11{ip: 192.168.69.102, host: pr-hdds-1413-r8zfz-2367378370, networkLocation: /default-rack, certSerialId: null}, Type:RATIS, Factor:ONE, State:CLOSED] moved to CLOSED state
2019-08-29 16:59:36,362 | INFO  | SCMAudit | user=jenkins1000 | ip=192.168.69.102 | op=SEND_HEARTBEAT {datanodeUUID=6a69eb03-c6ce-4a25-af67-2d438bc9db9b, command=[]} | ret=SUCCESS |  
2019-08-29 16:59:36,437 | INFO  | SCMAudit | user=jenkins1000 | ip=192.168.69.102 | op=SEND_HEARTBEAT {datanodeUUID=7a616e93-d58e-4a6b-a0c4-5ab9b68bb367, command=[]} | ret=SUCCESS |  
2019-08-29 16:59:36,541 [main] INFO  ozoneimpl.OzoneContainer (OzoneContainer.java:stop(215)) - Attempting to stop container services.
2019-08-29 16:59:36,541 [ForkJoinPool.commonPool-worker-0] INFO  ozoneimpl.OzoneContainer (OzoneContainer.java:stop(215)) - Attempting to stop container services.
2019-08-29 16:59:36,542 [main] INFO  impl.RaftServerProxy (RaftServerProxy.java:lambda$close$4(314)) - 3580c151-a3bd-4c31-932d-2b2c4791eb11: close
2019-08-29 16:59:36,542 [ForkJoinPool.commonPool-worker-0] INFO  impl.RaftServerProxy (RaftServerProxy.java:lambda$close$4(314)) - f719301a-9279-420f-b7a0-fd7fd360a35b: close
2019-08-29 16:59:36,543 [main] INFO  impl.RaftServerImpl (RaftServerImpl.java:lambda$shutdown$3(245)) - 3580c151-a3bd-4c31-932d-2b2c4791eb11: shutdown group-D462D260C9AB
2019-08-29 16:59:36,543 [ForkJoinPool.commonPool-worker-0] INFO  impl.RaftServerImpl (RaftServerImpl.java:lambda$shutdown$3(245)) - f719301a-9279-420f-b7a0-fd7fd360a35b: shutdown group-5DFD7AC10007
2019-08-29 16:59:36,543 [main] INFO  util.JmxRegister (JmxRegister.java:unregister(73)) - Successfully un-registered JMX Bean with object name Ratis:service=RaftServer,group=group-D462D260C9AB,id=3580c151-a3bd-4c31-932d-2b2c4791eb11
2019-08-29 16:59:36,544 [ForkJoinPool.commonPool-worker-0] INFO  util.JmxRegister (JmxRegister.java:unregister(73)) - Successfully un-registered JMX Bean with object name Ratis:service=RaftServer,group=group-5DFD7AC10007,id=f719301a-9279-420f-b7a0-fd7fd360a35b
2019-08-29 16:59:36,544 [main] INFO  impl.RoleInfo (RoleInfo.java:shutdownLeaderState(104)) - 3580c151-a3bd-4c31-932d-2b2c4791eb11: shutdown LeaderState
2019-08-29 16:59:36,544 [ForkJoinPool.commonPool-worker-0] INFO  impl.RoleInfo (RoleInfo.java:shutdownLeaderState(104)) - f719301a-9279-420f-b7a0-fd7fd360a35b: shutdown LeaderState
2019-08-29 16:59:36,545 [main] INFO  impl.PendingRequests (PendingRequests.java:sendNotLeaderResponses(202)) - 3580c151-a3bd-4c31-932d-2b2c4791eb11-PendingRequests: sendNotLeaderResponses
2019-08-29 16:59:36,545 [ForkJoinPool.commonPool-worker-0] INFO  impl.PendingRequests (PendingRequests.java:sendNotLeaderResponses(202)) - f719301a-9279-420f-b7a0-fd7fd360a35b-PendingRequests: sendNotLeaderResponses
2019-08-29 16:59:36,546 [main] INFO  impl.StateMachineUpdater (StateMachineUpdater.java:stopAndJoin(115)) - StateMachineUpdater:3580c151-a3bd-4c31-932d-2b2c4791eb11:group-D462D260C9AB: set stopIndex = 0
2019-08-29 16:59:36,546 [main] INFO  impl.RaftServerImpl (ServerState.java:close(394)) - 3580c151-a3bd-4c31-932d-2b2c4791eb11:group-D462D260C9AB closes. The last applied log index is 0
2019-08-29 16:59:36,546 [ForkJoinPool.commonPool-worker-0] INFO  impl.StateMachineUpdater (StateMachineUpdater.java:stopAndJoin(115)) - StateMachineUpdater:f719301a-9279-420f-b7a0-fd7fd360a35b:group-5DFD7AC10007: set stopIndex = 0
2019-08-29 16:59:36,547 [3580c151-a3bd-4c31-932d-2b2c4791eb11-SegmentedRaftLogWorker:Storage Directory /workdir/hadoop-ozone/integration-test/target/test-dir/MiniOzoneClusterImpl-51fe08ff-1c36-40ef-8442-fe9f7994e715/datanode-3/data/ratis/f46f22f0-3af0-4114-8d82-d462d260c9ab] INFO  segmented.SegmentedRaftLogWorker (SegmentedRaftLogWorker.java:run(313)) - 3580c151-a3bd-4c31-932d-2b2c4791eb11-SegmentedRaftLogWorker:Storage Directory /workdir/hadoop-ozone/integration-test/target/test-dir/MiniOzoneClusterImpl-51fe08ff-1c36-40ef-8442-fe9f7994e715/datanode-3/data/ratis/f46f22f0-3af0-4114-8d82-d462d260c9ab was interrupted, exiting. There are 0 tasks remaining in the queue.
2019-08-29 16:59:36,547 [ForkJoinPool.commonPool-worker-0] INFO  impl.RaftServerImpl (ServerState.java:close(394)) - f719301a-9279-420f-b7a0-fd7fd360a35b:group-5DFD7AC10007 closes. The last applied log index is 0
2019-08-29 16:59:36,551 [main] INFO  segmented.SegmentedRaftLogWorker (SegmentedRaftLogWorker.java:close(228)) - 3580c151-a3bd-4c31-932d-2b2c4791eb11-SegmentedRaftLogWorker:Storage Directory /workdir/hadoop-ozone/integration-test/target/test-dir/MiniOzoneClusterImpl-51fe08ff-1c36-40ef-8442-fe9f7994e715/datanode-3/data/ratis/f46f22f0-3af0-4114-8d82-d462d260c9ab close()
2019-08-29 16:59:36,551 [f719301a-9279-420f-b7a0-fd7fd360a35b-SegmentedRaftLogWorker:Storage Directory /workdir/hadoop-ozone/integration-test/target/test-dir/MiniOzoneClusterImpl-51fe08ff-1c36-40ef-8442-fe9f7994e715/datanode-2/data/ratis/ffbecec1-a0b1-4b27-8e79-5dfd7ac10007] INFO  segmented.SegmentedRaftLogWorker (SegmentedRaftLogWorker.java:run(313)) - f719301a-9279-420f-b7a0-fd7fd360a35b-SegmentedRaftLogWorker:Storage Directory /workdir/hadoop-ozone/integration-test/target/test-dir/MiniOzoneClusterImpl-51fe08ff-1c36-40ef-8442-fe9f7994e715/datanode-2/data/ratis/ffbecec1-a0b1-4b27-8e79-5dfd7ac10007 was interrupted, exiting. There are 0 tasks remaining in the queue.
2019-08-29 16:59:36,555 [main] INFO  server.GrpcService (GrpcService.java:closeImpl(155)) - 3580c151-a3bd-4c31-932d-2b2c4791eb11: shutdown server with port 44244 now
2019-08-29 16:59:36,557 [ForkJoinPool.commonPool-worker-0] INFO  segmented.SegmentedRaftLogWorker (SegmentedRaftLogWorker.java:close(228)) - f719301a-9279-420f-b7a0-fd7fd360a35b-SegmentedRaftLogWorker:Storage Directory /workdir/hadoop-ozone/integration-test/target/test-dir/MiniOzoneClusterImpl-51fe08ff-1c36-40ef-8442-fe9f7994e715/datanode-2/data/ratis/ffbecec1-a0b1-4b27-8e79-5dfd7ac10007 close()
2019-08-29 16:59:36,567 [main] INFO  server.GrpcService (GrpcService.java:closeImpl(163)) - 3580c151-a3bd-4c31-932d-2b2c4791eb11: shutdown server with port 44244 successfully
2019-08-29 16:59:36,571 [ForkJoinPool.commonPool-worker-0] INFO  impl.RaftServerImpl (RaftServerImpl.java:lambda$shutdown$3(245)) - f719301a-9279-420f-b7a0-fd7fd360a35b: shutdown group-F7BBA9C4C5F4
2019-08-29 16:59:36,572 [ForkJoinPool.commonPool-worker-0] INFO  util.JmxRegister (JmxRegister.java:unregister(73)) - Successfully un-registered JMX Bean with object name Ratis:service=RaftServer,group=group-F7BBA9C4C5F4,id=f719301a-9279-420f-b7a0-fd7fd360a35b
2019-08-29 16:59:36,572 [ForkJoinPool.commonPool-worker-0] INFO  impl.RoleInfo (RoleInfo.java:shutdownFollowerState(121)) - f719301a-9279-420f-b7a0-fd7fd360a35b: shutdown FollowerState
2019-08-29 16:59:36,573 [ForkJoinPool.commonPool-worker-0] INFO  impl.StateMachineUpdater (StateMachineUpdater.java:stopAndJoin(115)) - StateMachineUpdater:f719301a-9279-420f-b7a0-fd7fd360a35b:group-F7BBA9C4C5F4: set stopIndex = 14
2019-08-29 16:59:36,573 [StateMachineUpdater:f719301a-9279-420f-b7a0-fd7fd360a35b:group-F7BBA9C4C5F4] INFO  ratis.ContainerStateMachine (ContainerStateMachine.java:takeSnapshot(284)) - group-F7BBA9C4C5F4: Taking a snapshot at:(t:2, i:14) file /workdir/hadoop-ozone/integration-test/target/test-dir/MiniOzoneClusterImpl-51fe08ff-1c36-40ef-8442-fe9f7994e715/datanode-2/data/ratis/ac6e50f7-2599-4616-9fe3-f7bba9c4c5f4/sm/snapshot.2_14
2019-08-29 16:59:36,573 [Thread-3649] INFO  impl.FollowerState (FollowerState.java:run(114)) - f719301a-9279-420f-b7a0-fd7fd360a35b: FollowerState was interrupted: java.lang.InterruptedException: sleep interrupted
2019-08-29 16:59:36,579 [refreshUsed-/workdir/hadoop-ozone/integration-test/target/test-dir/MiniOzoneClusterImpl-51fe08ff-1c36-40ef-8442-fe9f7994e715/datanode-3/data/containers] WARN  fs.CachingGetSpaceUsed (CachingGetSpaceUsed.java:run(183)) - Thread Interrupted waiting to refresh disk information: sleep interrupted
2019-08-29 16:59:36,595 [main] INFO  utils.BackgroundService (BackgroundService.java:shutdown(148)) - Shutting down service BlockDeletingService
2019-08-29 16:59:36,599 [StateMachineUpdater:f719301a-9279-420f-b7a0-fd7fd360a35b:group-F7BBA9C4C5F4] INFO  ratis.ContainerStateMachine (ContainerStateMachine.java:takeSnapshot(295)) - group-F7BBA9C4C5F4: Finished taking a snapshot at:(t:2, i:14) file:/workdir/hadoop-ozone/integration-test/target/test-dir/MiniOzoneClusterImpl-51fe08ff-1c36-40ef-8442-fe9f7994e715/datanode-2/data/ratis/ac6e50f7-2599-4616-9fe3-f7bba9c4c5f4/sm/snapshot.2_14 time:27
2019-08-29 16:59:36,599 [StateMachineUpdater:f719301a-9279-420f-b7a0-fd7fd360a35b:group-F7BBA9C4C5F4] INFO  impl.StateMachineUpdater (StateMachineUpdater.java:takeSnapshot(242)) - StateMachineUpdater:f719301a-9279-420f-b7a0-fd7fd360a35b:group-F7BBA9C4C5F4: Took a snapshot at index 14
2019-08-29 16:59:36,601 [main] INFO  statemachine.DatanodeStateMachine (DatanodeStateMachine.java:stopDaemon(395)) - Ozone container server stopped.
2019-08-29 16:59:36,601 [StateMachineUpdater:f719301a-9279-420f-b7a0-fd7fd360a35b:group-F7BBA9C4C5F4] INFO  impl.StateMachineUpdater (StateMachineUpdater.java:lambda$new$0(80)) - StateMachineUpdater:f719301a-9279-420f-b7a0-fd7fd360a35b:group-F7BBA9C4C5F4: snapshotIndex: updateIncreasingly -1 -> 14
2019-08-29 16:59:36,602 [ForkJoinPool.commonPool-worker-0] INFO  impl.RaftServerImpl (ServerState.java:close(394)) - f719301a-9279-420f-b7a0-fd7fd360a35b:group-F7BBA9C4C5F4 closes. The last applied log index is 14
2019-08-29 16:59:36,602 [main] INFO  handler.ContextHandler (ContextHandler.java:doStop(910)) - Stopped o.e.j.w.WebAppContext@256589a1{/,null,UNAVAILABLE}{/hddsDatanode}
2019-08-29 16:59:36,603 [f719301a-9279-420f-b7a0-fd7fd360a35b-SegmentedRaftLogWorker:Storage Directory /workdir/hadoop-ozone/integration-test/target/test-dir/MiniOzoneClusterImpl-51fe08ff-1c36-40ef-8442-fe9f7994e715/datanode-2/data/ratis/ac6e50f7-2599-4616-9fe3-f7bba9c4c5f4] INFO  segmented.SegmentedRaftLogWorker (SegmentedRaftLogWorker.java:run(313)) - f719301a-9279-420f-b7a0-fd7fd360a35b-SegmentedRaftLogWorker:Storage Directory /workdir/hadoop-ozone/integration-test/target/test-dir/MiniOzoneClusterImpl-51fe08ff-1c36-40ef-8442-fe9f7994e715/datanode-2/data/ratis/ac6e50f7-2599-4616-9fe3-f7bba9c4c5f4 was interrupted, exiting. There are 0 tasks remaining in the queue.
2019-08-29 16:59:36,605 [main] INFO  server.AbstractConnector (AbstractConnector.java:doStop(318)) - Stopped ServerConnector@935493d{HTTP/1.1,[http/1.1]}{0.0.0.0:0}
2019-08-29 16:59:36,605 [ForkJoinPool.commonPool-worker-0] INFO  segmented.SegmentedRaftLogWorker (SegmentedRaftLogWorker.java:close(228)) - f719301a-9279-420f-b7a0-fd7fd360a35b-SegmentedRaftLogWorker:Storage Directory /workdir/hadoop-ozone/integration-test/target/test-dir/MiniOzoneClusterImpl-51fe08ff-1c36-40ef-8442-fe9f7994e715/datanode-2/data/ratis/ac6e50f7-2599-4616-9fe3-f7bba9c4c5f4 close()
2019-08-29 16:59:36,605 [main] INFO  handler.ContextHandler (ContextHandler.java:doStop(910)) - Stopped o.e.j.s.ServletContextHandler@7e191fda{/static,jar:file:/home/user/.m2/repository/org/apache/hadoop/hadoop-hdds-container-service/0.5.0-SNAPSHOT/hadoop-hdds-container-service-0.5.0-SNAPSHOT.jar!/webapps/static,UNAVAILABLE}
2019-08-29 16:59:36,609 [ForkJoinPool.commonPool-worker-0] INFO  server.GrpcService (GrpcService.java:closeImpl(155)) - f719301a-9279-420f-b7a0-fd7fd360a35b: shutdown server with port 42295 now
2019-08-29 16:59:36,609 [main] INFO  handler.ContextHandler (ContextHandler.java:doStop(910)) - Stopped o.e.j.s.ServletContextHandler@255d9277{/logs,file:///workdir/hadoop-ozone/integration-test/target/log,UNAVAILABLE}
2019-08-29 16:59:36,610 [ForkJoinPool.commonPool-worker-0] INFO  server.GrpcService (GrpcService.java:closeImpl(163)) - f719301a-9279-420f-b7a0-fd7fd360a35b: shutdown server with port 42295 successfully
2019-08-29 16:59:36,616 [refreshUsed-/workdir/hadoop-ozone/integration-test/target/test-dir/MiniOzoneClusterImpl-51fe08ff-1c36-40ef-8442-fe9f7994e715/datanode-2/data/containers] WARN  fs.CachingGetSpaceUsed (CachingGetSpaceUsed.java:run(183)) - Thread Interrupted waiting to refresh disk information: sleep interrupted
2019-08-29 16:59:36,634 [ForkJoinPool.commonPool-worker-0] INFO  utils.BackgroundService (BackgroundService.java:shutdown(148)) - Shutting down service BlockDeletingService
2019-08-29 16:59:36,639 [ForkJoinPool.commonPool-worker-0] INFO  statemachine.DatanodeStateMachine (DatanodeStateMachine.java:stopDaemon(395)) - Ozone container server stopped.
2019-08-29 16:59:36,644 [ForkJoinPool.commonPool-worker-0] INFO  handler.ContextHandler (ContextHandler.java:doStop(910)) - Stopped o.e.j.w.WebAppContext@55a0f011{/,null,UNAVAILABLE}{/hddsDatanode}
2019-08-29 16:59:36,645 [ForkJoinPool.commonPool-worker-0] INFO  server.AbstractConnector (AbstractConnector.java:doStop(318)) - Stopped ServerConnector@7ea42c82{HTTP/1.1,[http/1.1]}{0.0.0.0:0}
2019-08-29 16:59:36,647 [ForkJoinPool.commonPool-worker-0] INFO  handler.ContextHandler (ContextHandler.java:doStop(910)) - Stopped o.e.j.s.ServletContextHandler@477523ba{/static,jar:file:/home/user/.m2/repository/org/apache/hadoop/hadoop-hdds-container-service/0.5.0-SNAPSHOT/hadoop-hdds-container-service-0.5.0-SNAPSHOT.jar!/webapps/static,UNAVAILABLE}
2019-08-29 16:59:36,648 [ForkJoinPool.commonPool-worker-0] INFO  handler.ContextHandler (ContextHandler.java:doStop(910)) - Stopped o.e.j.s.ServletContextHandler@377dfb8d{/logs,file:///workdir/hadoop-ozone/integration-test/target/log,UNAVAILABLE}
2019-08-29 16:59:36,803 [Thread-3647] INFO  impl.FollowerState (FollowerState.java:run(106)) - 4615f4ce-fb17-47eb-adee-2d773b6217dc:group-F7BBA9C4C5F4 changes to CANDIDATE, lastRpcTime:7749, electionTimeout:5033ms
2019-08-29 16:59:36,803 [Thread-3647] INFO  impl.RoleInfo (RoleInfo.java:shutdownFollowerState(121)) - 4615f4ce-fb17-47eb-adee-2d773b6217dc: shutdown FollowerState
2019-08-29 16:59:36,803 [Thread-3647] INFO  impl.RaftServerImpl (RaftServerImpl.java:setRole(171)) - 4615f4ce-fb17-47eb-adee-2d773b6217dc:group-F7BBA9C4C5F4 changes role from FOLLOWER to CANDIDATE at term 2 for changeToCandidate
2019-08-29 16:59:36,804 [Thread-3647] INFO  impl.RoleInfo (RoleInfo.java:updateAndGet(143)) - 4615f4ce-fb17-47eb-adee-2d773b6217dc: start LeaderElection
2019-08-29 16:59:36,806 [4615f4ce-fb17-47eb-adee-2d773b6217dc:group-F7BBA9C4C5F4:LeaderElection78] INFO  impl.RaftServerImpl (ServerState.java:setLeader(263)) - 4615f4ce-fb17-47eb-adee-2d773b6217dc:group-F7BBA9C4C5F4 change Leader from 805302bb-512f-4740-9b33-f965a1421ef6 to null at term 2 for initElection
2019-08-29 16:59:36,813 [Thread-3616] INFO  impl.FollowerState (FollowerState.java:run(106)) - 6a69eb03-c6ce-4a25-af67-2d438bc9db9b:group-DB8F64C28A52 changes to CANDIDATE, lastRpcTime:5473, electionTimeout:5030ms
2019-08-29 16:59:36,813 [Thread-3616] INFO  impl.RoleInfo (RoleInfo.java:shutdownFollowerState(121)) - 6a69eb03-c6ce-4a25-af67-2d438bc9db9b: shutdown FollowerState
2019-08-29 16:59:36,813 [Thread-3616] INFO  impl.RaftServerImpl (RaftServerImpl.java:setRole(171)) - 6a69eb03-c6ce-4a25-af67-2d438bc9db9b:group-DB8F64C28A52 changes role from FOLLOWER to CANDIDATE at term 1 for changeToCandidate
2019-08-29 16:59:36,813 [Thread-3616] INFO  impl.RoleInfo (RoleInfo.java:updateAndGet(143)) - 6a69eb03-c6ce-4a25-af67-2d438bc9db9b: start LeaderElection
2019-08-29 16:59:36,815 [6a69eb03-c6ce-4a25-af67-2d438bc9db9b:group-DB8F64C28A52:LeaderElection79] INFO  impl.RaftServerImpl (ServerState.java:setLeader(263)) - 6a69eb03-c6ce-4a25-af67-2d438bc9db9b:group-DB8F64C28A52 change Leader from 81f31524-daf9-4665-be93-5f6a14015188 to null at term 1 for initElection
2019-08-29 16:59:36,826 [Thread-3610] INFO  impl.FollowerState (FollowerState.java:run(106)) - 7a616e93-d58e-4a6b-a0c4-5ab9b68bb367:group-DB8F64C28A52 changes to CANDIDATE, lastRpcTime:5492, electionTimeout:5056ms
2019-08-29 16:59:36,826 [Thread-3610] INFO  impl.RoleInfo (RoleInfo.java:shutdownFollowerState(121)) - 7a616e93-d58e-4a6b-a0c4-5ab9b68bb367: shutdown FollowerState
2019-08-29 16:59:36,826 [Thread-3610] INFO  impl.RaftServerImpl (RaftServerImpl.java:setRole(171)) - 7a616e93-d58e-4a6b-a0c4-5ab9b68bb367:group-DB8F64C28A52 changes role from FOLLOWER to CANDIDATE at term 1 for changeToCandidate
2019-08-29 16:59:36,826 [Thread-3610] INFO  impl.RoleInfo (RoleInfo.java:updateAndGet(143)) - 7a616e93-d58e-4a6b-a0c4-5ab9b68bb367: start LeaderElection
2019-08-29 16:59:36,833 [7a616e93-d58e-4a6b-a0c4-5ab9b68bb367:group-DB8F64C28A52:LeaderElection80] INFO  impl.RaftServerImpl (ServerState.java:setLeader(263)) - 7a616e93-d58e-4a6b-a0c4-5ab9b68bb367:group-DB8F64C28A52 change Leader from 81f31524-daf9-4665-be93-5f6a14015188 to null at term 1 for initElection
2019-08-29 16:59:36,838 [4615f4ce-fb17-47eb-adee-2d773b6217dc:group-F7BBA9C4C5F4:LeaderElection78] INFO  impl.LeaderElection (LeaderElection.java:askForVotes(181)) - 4615f4ce-fb17-47eb-adee-2d773b6217dc:group-F7BBA9C4C5F4:LeaderElection78: begin an election at term 3 for 0: [805302bb-512f-4740-9b33-f965a1421ef6:192.168.69.102:38448, 4615f4ce-fb17-47eb-adee-2d773b6217dc:192.168.69.102:39855, f719301a-9279-420f-b7a0-fd7fd360a35b:192.168.69.102:42295], old=null
2019-08-29 16:59:36,838 [6a69eb03-c6ce-4a25-af67-2d438bc9db9b:group-DB8F64C28A52:LeaderElection79] INFO  impl.LeaderElection (LeaderElection.java:askForVotes(181)) - 6a69eb03-c6ce-4a25-af67-2d438bc9db9b:group-DB8F64C28A52:LeaderElection79: begin an election at term 2 for 0: [6a69eb03-c6ce-4a25-af67-2d438bc9db9b:192.168.69.102:37548, 81f31524-daf9-4665-be93-5f6a14015188:192.168.69.102:43070, 7a616e93-d58e-4a6b-a0c4-5ab9b68bb367:192.168.69.102:35007], old=null
2019-08-29 16:59:36,840 [7a616e93-d58e-4a6b-a0c4-5ab9b68bb367:group-DB8F64C28A52:LeaderElection80] INFO  impl.LeaderElection (LeaderElection.java:askForVotes(181)) - 7a616e93-d58e-4a6b-a0c4-5ab9b68bb367:group-DB8F64C28A52:LeaderElection80: begin an election at term 2 for 0: [6a69eb03-c6ce-4a25-af67-2d438bc9db9b:192.168.69.102:37548, 81f31524-daf9-4665-be93-5f6a14015188:192.168.69.102:43070, 7a616e93-d58e-4a6b-a0c4-5ab9b68bb367:192.168.69.102:35007], old=null
2019-08-29 16:59:36,840 [4615f4ce-fb17-47eb-adee-2d773b6217dc:group-F7BBA9C4C5F4:LeaderElection78] INFO  impl.LeaderElection (LogUtils.java:infoOrTrace(149)) - 4615f4ce-fb17-47eb-adee-2d773b6217dc:group-F7BBA9C4C5F4:LeaderElection78 got exception when requesting votes: {}
java.util.concurrent.ExecutionException: org.apache.ratis.thirdparty.io.grpc.StatusRuntimeException: UNAVAILABLE: io exception
	at java.util.concurrent.FutureTask.report(FutureTask.java:122)
	at java.util.concurrent.FutureTask.get(FutureTask.java:192)
	at org.apache.ratis.server.impl.LeaderElection.waitForResults(LeaderElection.java:262)
	at org.apache.ratis.server.impl.LeaderElection.askForVotes(LeaderElection.java:200)
	at org.apache.ratis.server.impl.LeaderElection.run(LeaderElection.java:130)
	at java.lang.Thread.run(Thread.java:748)
Caused by: org.apache.ratis.thirdparty.io.grpc.StatusRuntimeException: UNAVAILABLE: io exception
	at org.apache.ratis.thirdparty.io.grpc.stub.ClientCalls.toStatusRuntimeException(ClientCalls.java:233)
	at org.apache.ratis.thirdparty.io.grpc.stub.ClientCalls.getUnchecked(ClientCalls.java:214)
	at org.apache.ratis.thirdparty.io.grpc.stub.ClientCalls.blockingUnaryCall(ClientCalls.java:139)
	at org.apache.ratis.proto.grpc.RaftServerProtocolServiceGrpc$RaftServerProtocolServiceBlockingStub.requestVote(RaftServerProtocolServiceGrpc.java:265)
	at org.apache.ratis.grpc.server.GrpcServerProtocolClient.requestVote(GrpcServerProtocolClient.java:83)
	at org.apache.ratis.grpc.server.GrpcService.requestVote(GrpcService.java:195)
	at org.apache.ratis.server.impl.LeaderElection.lambda$submitRequests$1(LeaderElection.java:237)
	at java.util.concurrent.FutureTask.run(FutureTask.java:266)
	at java.util.concurrent.Executors$RunnableAdapter.call(Executors.java:511)
	at java.util.concurrent.FutureTask.run(FutureTask.java:266)
	at java.util.concurrent.ThreadPoolExecutor.runWorker(ThreadPoolExecutor.java:1149)
	at java.util.concurrent.ThreadPoolExecutor$Worker.run(ThreadPoolExecutor.java:624)
	... 1 more
Caused by: org.apache.ratis.thirdparty.io.netty.channel.AbstractChannel$AnnotatedConnectException: Connection refused: /192.168.69.102:38448
	at sun.nio.ch.SocketChannelImpl.checkConnect(Native Method)
	at sun.nio.ch.SocketChannelImpl.finishConnect(SocketChannelImpl.java:717)
	at org.apache.ratis.thirdparty.io.netty.channel.socket.nio.NioSocketChannel.doFinishConnect(NioSocketChannel.java:327)
	at org.apache.ratis.thirdparty.io.netty.channel.nio.AbstractNioChannel$AbstractNioUnsafe.finishConnect(AbstractNioChannel.java:340)
	at org.apache.ratis.thirdparty.io.netty.channel.nio.NioEventLoop.processSelectedKey(NioEventLoop.java:632)
	at org.apache.ratis.thirdparty.io.netty.channel.nio.NioEventLoop.processSelectedKeysOptimized(NioEventLoop.java:579)
	at org.apache.ratis.thirdparty.io.netty.channel.nio.NioEventLoop.processSelectedKeys(NioEventLoop.java:496)
	at org.apache.ratis.thirdparty.io.netty.channel.nio.NioEventLoop.run(NioEventLoop.java:458)
	at org.apache.ratis.thirdparty.io.netty.util.concurrent.SingleThreadEventExecutor$5.run(SingleThreadEventExecutor.java:897)
	at org.apache.ratis.thirdparty.io.netty.util.concurrent.FastThreadLocalRunnable.run(FastThreadLocalRunnable.java:30)
	... 1 more
Caused by: java.net.ConnectException: Connection refused
	... 11 more
2019-08-29 16:59:36,840 [6a69eb03-c6ce-4a25-af67-2d438bc9db9b:group-DB8F64C28A52:LeaderElection79] INFO  impl.LeaderElection (LogUtils.java:infoOrTrace(149)) - 6a69eb03-c6ce-4a25-af67-2d438bc9db9b:group-DB8F64C28A52:LeaderElection79 got exception when requesting votes: {}
java.util.concurrent.ExecutionException: org.apache.ratis.thirdparty.io.grpc.StatusRuntimeException: UNAVAILABLE: io exception
	at java.util.concurrent.FutureTask.report(FutureTask.java:122)
	at java.util.concurrent.FutureTask.get(FutureTask.java:192)
	at org.apache.ratis.server.impl.LeaderElection.waitForResults(LeaderElection.java:262)
	at org.apache.ratis.server.impl.LeaderElection.askForVotes(LeaderElection.java:200)
	at org.apache.ratis.server.impl.LeaderElection.run(LeaderElection.java:130)
	at java.lang.Thread.run(Thread.java:748)
Caused by: org.apache.ratis.thirdparty.io.grpc.StatusRuntimeException: UNAVAILABLE: io exception
	at org.apache.ratis.thirdparty.io.grpc.stub.ClientCalls.toStatusRuntimeException(ClientCalls.java:233)
	at org.apache.ratis.thirdparty.io.grpc.stub.ClientCalls.getUnchecked(ClientCalls.java:214)
	at org.apache.ratis.thirdparty.io.grpc.stub.ClientCalls.blockingUnaryCall(ClientCalls.java:139)
	at org.apache.ratis.proto.grpc.RaftServerProtocolServiceGrpc$RaftServerProtocolServiceBlockingStub.requestVote(RaftServerProtocolServiceGrpc.java:265)
	at org.apache.ratis.grpc.server.GrpcServerProtocolClient.requestVote(GrpcServerProtocolClient.java:83)
	at org.apache.ratis.grpc.server.GrpcService.requestVote(GrpcService.java:195)
	at org.apache.ratis.server.impl.LeaderElection.lambda$submitRequests$1(LeaderElection.java:237)
	at java.util.concurrent.FutureTask.run(FutureTask.java:266)
	at java.util.concurrent.Executors$RunnableAdapter.call(Executors.java:511)
	at java.util.concurrent.FutureTask.run(FutureTask.java:266)
	at java.util.concurrent.ThreadPoolExecutor.runWorker(ThreadPoolExecutor.java:1149)
	at java.util.concurrent.ThreadPoolExecutor$Worker.run(ThreadPoolExecutor.java:624)
	... 1 more
Caused by: org.apache.ratis.thirdparty.io.netty.channel.AbstractChannel$AnnotatedConnectException: Connection refused: /192.168.69.102:43070
	at sun.nio.ch.SocketChannelImpl.checkConnect(Native Method)
	at sun.nio.ch.SocketChannelImpl.finishConnect(SocketChannelImpl.java:717)
	at org.apache.ratis.thirdparty.io.netty.channel.socket.nio.NioSocketChannel.doFinishConnect(NioSocketChannel.java:327)
	at org.apache.ratis.thirdparty.io.netty.channel.nio.AbstractNioChannel$AbstractNioUnsafe.finishConnect(AbstractNioChannel.java:340)
	at org.apache.ratis.thirdparty.io.netty.channel.nio.NioEventLoop.processSelectedKey(NioEventLoop.java:632)
	at org.apache.ratis.thirdparty.io.netty.channel.nio.NioEventLoop.processSelectedKeysOptimized(NioEventLoop.java:579)
	at org.apache.ratis.thirdparty.io.netty.channel.nio.NioEventLoop.processSelectedKeys(NioEventLoop.java:496)
	at org.apache.ratis.thirdparty.io.netty.channel.nio.NioEventLoop.run(NioEventLoop.java:458)
	at org.apache.ratis.thirdparty.io.netty.util.concurrent.SingleThreadEventExecutor$5.run(SingleThreadEventExecutor.java:897)
	at org.apache.ratis.thirdparty.io.netty.util.concurrent.FastThreadLocalRunnable.run(FastThreadLocalRunnable.java:30)
	... 1 more
Caused by: java.net.ConnectException: Connection refused
	... 11 more
2019-08-29 16:59:36,842 [4615f4ce-fb17-47eb-adee-2d773b6217dc:group-F7BBA9C4C5F4:LeaderElection78] INFO  impl.LeaderElection (LogUtils.java:infoOrTrace(149)) - 4615f4ce-fb17-47eb-adee-2d773b6217dc:group-F7BBA9C4C5F4:LeaderElection78 got exception when requesting votes: {}
java.util.concurrent.ExecutionException: org.apache.ratis.thirdparty.io.grpc.StatusRuntimeException: UNAVAILABLE: io exception
	at java.util.concurrent.FutureTask.report(FutureTask.java:122)
	at java.util.concurrent.FutureTask.get(FutureTask.java:192)
	at org.apache.ratis.server.impl.LeaderElection.waitForResults(LeaderElection.java:262)
	at org.apache.ratis.server.impl.LeaderElection.askForVotes(LeaderElection.java:200)
	at org.apache.ratis.server.impl.LeaderElection.run(LeaderElection.java:130)
	at java.lang.Thread.run(Thread.java:748)
Caused by: org.apache.ratis.thirdparty.io.grpc.StatusRuntimeException: UNAVAILABLE: io exception
	at org.apache.ratis.thirdparty.io.grpc.stub.ClientCalls.toStatusRuntimeException(ClientCalls.java:233)
	at org.apache.ratis.thirdparty.io.grpc.stub.ClientCalls.getUnchecked(ClientCalls.java:214)
	at org.apache.ratis.thirdparty.io.grpc.stub.ClientCalls.blockingUnaryCall(ClientCalls.java:139)
	at org.apache.ratis.proto.grpc.RaftServerProtocolServiceGrpc$RaftServerProtocolServiceBlockingStub.requestVote(RaftServerProtocolServiceGrpc.java:265)
	at org.apache.ratis.grpc.server.GrpcServerProtocolClient.requestVote(GrpcServerProtocolClient.java:83)
	at org.apache.ratis.grpc.server.GrpcService.requestVote(GrpcService.java:195)
	at org.apache.ratis.server.impl.LeaderElection.lambda$submitRequests$1(LeaderElection.java:237)
	at java.util.concurrent.FutureTask.run(FutureTask.java:266)
	at java.util.concurrent.Executors$RunnableAdapter.call(Executors.java:511)
	at java.util.concurrent.FutureTask.run(FutureTask.java:266)
	at java.util.concurrent.ThreadPoolExecutor.runWorker(ThreadPoolExecutor.java:1149)
	at java.util.concurrent.ThreadPoolExecutor$Worker.run(ThreadPoolExecutor.java:624)
	... 1 more
Caused by: org.apache.ratis.thirdparty.io.netty.channel.AbstractChannel$AnnotatedConnectException: Connection refused: /192.168.69.102:42295
	at sun.nio.ch.SocketChannelImpl.checkConnect(Native Method)
	at sun.nio.ch.SocketChannelImpl.finishConnect(SocketChannelImpl.java:717)
	at org.apache.ratis.thirdparty.io.netty.channel.socket.nio.NioSocketChannel.doFinishConnect(NioSocketChannel.java:327)
	at org.apache.ratis.thirdparty.io.netty.channel.nio.AbstractNioChannel$AbstractNioUnsafe.finishConnect(AbstractNioChannel.java:340)
	at org.apache.ratis.thirdparty.io.netty.channel.nio.NioEventLoop.processSelectedKey(NioEventLoop.java:632)
	at org.apache.ratis.thirdparty.io.netty.channel.nio.NioEventLoop.processSelectedKeysOptimized(NioEventLoop.java:579)
	at org.apache.ratis.thirdparty.io.netty.channel.nio.NioEventLoop.processSelectedKeys(NioEventLoop.java:496)
	at org.apache.ratis.thirdparty.io.netty.channel.nio.NioEventLoop.run(NioEventLoop.java:458)
	at org.apache.ratis.thirdparty.io.netty.util.concurrent.SingleThreadEventExecutor$5.run(SingleThreadEventExecutor.java:897)
	at org.apache.ratis.thirdparty.io.netty.util.concurrent.FastThreadLocalRunnable.run(FastThreadLocalRunnable.java:30)
	... 1 more
Caused by: java.net.ConnectException: Connection refused
	... 11 more
2019-08-29 16:59:36,846 [4615f4ce-fb17-47eb-adee-2d773b6217dc:group-F7BBA9C4C5F4:LeaderElection78] INFO  impl.LeaderElection (LeaderElection.java:logAndReturn(56)) - 4615f4ce-fb17-47eb-adee-2d773b6217dc:group-F7BBA9C4C5F4:LeaderElection78: Election REJECTED; received 0 response(s) [] and 2 exception(s); 4615f4ce-fb17-47eb-adee-2d773b6217dc:t3, leader=null, voted=4615f4ce-fb17-47eb-adee-2d773b6217dc, raftlog=4615f4ce-fb17-47eb-adee-2d773b6217dc-SegmentedRaftLog:OPENED:c14,f14,i14, conf=0: [805302bb-512f-4740-9b33-f965a1421ef6:192.168.69.102:38448, 4615f4ce-fb17-47eb-adee-2d773b6217dc:192.168.69.102:39855, f719301a-9279-420f-b7a0-fd7fd360a35b:192.168.69.102:42295], old=null
2019-08-29 16:59:36,846 [4615f4ce-fb17-47eb-adee-2d773b6217dc:group-F7BBA9C4C5F4:LeaderElection78] INFO  impl.LeaderElection (LogUtils.java:infoOrTrace(149)) -   Exception 0: {}
java.util.concurrent.ExecutionException: org.apache.ratis.thirdparty.io.grpc.StatusRuntimeException: UNAVAILABLE: io exception
	at java.util.concurrent.FutureTask.report(FutureTask.java:122)
	at java.util.concurrent.FutureTask.get(FutureTask.java:192)
	at org.apache.ratis.server.impl.LeaderElection.waitForResults(LeaderElection.java:262)
	at org.apache.ratis.server.impl.LeaderElection.askForVotes(LeaderElection.java:200)
	at org.apache.ratis.server.impl.LeaderElection.run(LeaderElection.java:130)
	at java.lang.Thread.run(Thread.java:748)
Caused by: org.apache.ratis.thirdparty.io.grpc.StatusRuntimeException: UNAVAILABLE: io exception
	at org.apache.ratis.thirdparty.io.grpc.stub.ClientCalls.toStatusRuntimeException(ClientCalls.java:233)
	at org.apache.ratis.thirdparty.io.grpc.stub.ClientCalls.getUnchecked(ClientCalls.java:214)
	at org.apache.ratis.thirdparty.io.grpc.stub.ClientCalls.blockingUnaryCall(ClientCalls.java:139)
	at org.apache.ratis.proto.grpc.RaftServerProtocolServiceGrpc$RaftServerProtocolServiceBlockingStub.requestVote(RaftServerProtocolServiceGrpc.java:265)
	at org.apache.ratis.grpc.server.GrpcServerProtocolClient.requestVote(GrpcServerProtocolClient.java:83)
	at org.apache.ratis.grpc.server.GrpcService.requestVote(GrpcService.java:195)
	at org.apache.ratis.server.impl.LeaderElection.lambda$submitRequests$1(LeaderElection.java:237)
	at java.util.concurrent.FutureTask.run(FutureTask.java:266)
	at java.util.concurrent.Executors$RunnableAdapter.call(Executors.java:511)
	at java.util.concurrent.FutureTask.run(FutureTask.java:266)
	at java.util.concurrent.ThreadPoolExecutor.runWorker(ThreadPoolExecutor.java:1149)
	at java.util.concurrent.ThreadPoolExecutor$Worker.run(ThreadPoolExecutor.java:624)
	... 1 more
Caused by: org.apache.ratis.thirdparty.io.netty.channel.AbstractChannel$AnnotatedConnectException: Connection refused: /192.168.69.102:38448
	at sun.nio.ch.SocketChannelImpl.checkConnect(Native Method)
	at sun.nio.ch.SocketChannelImpl.finishConnect(SocketChannelImpl.java:717)
	at org.apache.ratis.thirdparty.io.netty.channel.socket.nio.NioSocketChannel.doFinishConnect(NioSocketChannel.java:327)
	at org.apache.ratis.thirdparty.io.netty.channel.nio.AbstractNioChannel$AbstractNioUnsafe.finishConnect(AbstractNioChannel.java:340)
	at org.apache.ratis.thirdparty.io.netty.channel.nio.NioEventLoop.processSelectedKey(NioEventLoop.java:632)
	at org.apache.ratis.thirdparty.io.netty.channel.nio.NioEventLoop.processSelectedKeysOptimized(NioEventLoop.java:579)
	at org.apache.ratis.thirdparty.io.netty.channel.nio.NioEventLoop.processSelectedKeys(NioEventLoop.java:496)
	at org.apache.ratis.thirdparty.io.netty.channel.nio.NioEventLoop.run(NioEventLoop.java:458)
	at org.apache.ratis.thirdparty.io.netty.util.concurrent.SingleThreadEventExecutor$5.run(SingleThreadEventExecutor.java:897)
	at org.apache.ratis.thirdparty.io.netty.util.concurrent.FastThreadLocalRunnable.run(FastThreadLocalRunnable.java:30)
	... 1 more
Caused by: java.net.ConnectException: Connection refused
	... 11 more
2019-08-29 16:59:36,846 [7a616e93-d58e-4a6b-a0c4-5ab9b68bb367:group-DB8F64C28A52:LeaderElection80] INFO  impl.LeaderElection (LogUtils.java:infoOrTrace(149)) - 7a616e93-d58e-4a6b-a0c4-5ab9b68bb367:group-DB8F64C28A52:LeaderElection80 got exception when requesting votes: {}
java.util.concurrent.ExecutionException: org.apache.ratis.thirdparty.io.grpc.StatusRuntimeException: UNAVAILABLE: io exception
	at java.util.concurrent.FutureTask.report(FutureTask.java:122)
	at java.util.concurrent.FutureTask.get(FutureTask.java:192)
	at org.apache.ratis.server.impl.LeaderElection.waitForResults(LeaderElection.java:262)
	at org.apache.ratis.server.impl.LeaderElection.askForVotes(LeaderElection.java:200)
	at org.apache.ratis.server.impl.LeaderElection.run(LeaderElection.java:130)
	at java.lang.Thread.run(Thread.java:748)
Caused by: org.apache.ratis.thirdparty.io.grpc.StatusRuntimeException: UNAVAILABLE: io exception
	at org.apache.ratis.thirdparty.io.grpc.stub.ClientCalls.toStatusRuntimeException(ClientCalls.java:233)
	at org.apache.ratis.thirdparty.io.grpc.stub.ClientCalls.getUnchecked(ClientCalls.java:214)
	at org.apache.ratis.thirdparty.io.grpc.stub.ClientCalls.blockingUnaryCall(ClientCalls.java:139)
	at org.apache.ratis.proto.grpc.RaftServerProtocolServiceGrpc$RaftServerProtocolServiceBlockingStub.requestVote(RaftServerProtocolServiceGrpc.java:265)
	at org.apache.ratis.grpc.server.GrpcServerProtocolClient.requestVote(GrpcServerProtocolClient.java:83)
	at org.apache.ratis.grpc.server.GrpcService.requestVote(GrpcService.java:195)
	at org.apache.ratis.server.impl.LeaderElection.lambda$submitRequests$1(LeaderElection.java:237)
	at java.util.concurrent.FutureTask.run(FutureTask.java:266)
	at java.util.concurrent.Executors$RunnableAdapter.call(Executors.java:511)
	at java.util.concurrent.FutureTask.run(FutureTask.java:266)
	at java.util.concurrent.ThreadPoolExecutor.runWorker(ThreadPoolExecutor.java:1149)
	at java.util.concurrent.ThreadPoolExecutor$Worker.run(ThreadPoolExecutor.java:624)
	... 1 more
Caused by: org.apache.ratis.thirdparty.io.netty.channel.AbstractChannel$AnnotatedConnectException: Connection refused: /192.168.69.102:43070
	at sun.nio.ch.SocketChannelImpl.checkConnect(Native Method)
	at sun.nio.ch.SocketChannelImpl.finishConnect(SocketChannelImpl.java:717)
	at org.apache.ratis.thirdparty.io.netty.channel.socket.nio.NioSocketChannel.doFinishConnect(NioSocketChannel.java:327)
	at org.apache.ratis.thirdparty.io.netty.channel.nio.AbstractNioChannel$AbstractNioUnsafe.finishConnect(AbstractNioChannel.java:340)
	at org.apache.ratis.thirdparty.io.netty.channel.nio.NioEventLoop.processSelectedKey(NioEventLoop.java:632)
	at org.apache.ratis.thirdparty.io.netty.channel.nio.NioEventLoop.processSelectedKeysOptimized(NioEventLoop.java:579)
	at org.apache.ratis.thirdparty.io.netty.channel.nio.NioEventLoop.processSelectedKeys(NioEventLoop.java:496)
	at org.apache.ratis.thirdparty.io.netty.channel.nio.NioEventLoop.run(NioEventLoop.java:458)
	at org.apache.ratis.thirdparty.io.netty.util.concurrent.SingleThreadEventExecutor$5.run(SingleThreadEventExecutor.java:897)
	at org.apache.ratis.thirdparty.io.netty.util.concurrent.FastThreadLocalRunnable.run(FastThreadLocalRunnable.java:30)
	... 1 more
Caused by: java.net.ConnectException: Connection refused
	... 11 more
2019-08-29 16:59:36,848 [6a69eb03-c6ce-4a25-af67-2d438bc9db9b:group-DB8F64C28A52:LeaderElection79] INFO  impl.LeaderElection (LeaderElection.java:logAndReturn(56)) - 6a69eb03-c6ce-4a25-af67-2d438bc9db9b:group-DB8F64C28A52:LeaderElection79: Election REJECTED; received 1 response(s) [6a69eb03-c6ce-4a25-af67-2d438bc9db9b<-7a616e93-d58e-4a6b-a0c4-5ab9b68bb367#0:FAIL-t2] and 1 exception(s); 6a69eb03-c6ce-4a25-af67-2d438bc9db9b:t2, leader=null, voted=6a69eb03-c6ce-4a25-af67-2d438bc9db9b, raftlog=6a69eb03-c6ce-4a25-af67-2d438bc9db9b-SegmentedRaftLog:OPENED:c4,f4,i4, conf=0: [6a69eb03-c6ce-4a25-af67-2d438bc9db9b:192.168.69.102:37548, 81f31524-daf9-4665-be93-5f6a14015188:192.168.69.102:43070, 7a616e93-d58e-4a6b-a0c4-5ab9b68bb367:192.168.69.102:35007], old=null
2019-08-29 16:59:36,846 [4615f4ce-fb17-47eb-adee-2d773b6217dc:group-F7BBA9C4C5F4:LeaderElection78] INFO  impl.LeaderElection (LogUtils.java:infoOrTrace(149)) -   Exception 1: {}
java.util.concurrent.ExecutionException: org.apache.ratis.thirdparty.io.grpc.StatusRuntimeException: UNAVAILABLE: io exception
	at java.util.concurrent.FutureTask.report(FutureTask.java:122)
	at java.util.concurrent.FutureTask.get(FutureTask.java:192)
	at org.apache.ratis.server.impl.LeaderElection.waitForResults(LeaderElection.java:262)
	at org.apache.ratis.server.impl.LeaderElection.askForVotes(LeaderElection.java:200)
	at org.apache.ratis.server.impl.LeaderElection.run(LeaderElection.java:130)
	at java.lang.Thread.run(Thread.java:748)
Caused by: org.apache.ratis.thirdparty.io.grpc.StatusRuntimeException: UNAVAILABLE: io exception
	at org.apache.ratis.thirdparty.io.grpc.stub.ClientCalls.toStatusRuntimeException(ClientCalls.java:233)
	at org.apache.ratis.thirdparty.io.grpc.stub.ClientCalls.getUnchecked(ClientCalls.java:214)
	at org.apache.ratis.thirdparty.io.grpc.stub.ClientCalls.blockingUnaryCall(ClientCalls.java:139)
	at org.apache.ratis.proto.grpc.RaftServerProtocolServiceGrpc$RaftServerProtocolServiceBlockingStub.requestVote(RaftServerProtocolServiceGrpc.java:265)
	at org.apache.ratis.grpc.server.GrpcServerProtocolClient.requestVote(GrpcServerProtocolClient.java:83)
	at org.apache.ratis.grpc.server.GrpcService.requestVote(GrpcService.java:195)
	at org.apache.ratis.server.impl.LeaderElection.lambda$submitRequests$1(LeaderElection.java:237)
	at java.util.concurrent.FutureTask.run(FutureTask.java:266)
	at java.util.concurrent.Executors$RunnableAdapter.call(Executors.java:511)
	at java.util.concurrent.FutureTask.run(FutureTask.java:266)
	at java.util.concurrent.ThreadPoolExecutor.runWorker(ThreadPoolExecutor.java:1149)
	at java.util.concurrent.ThreadPoolExecutor$Worker.run(ThreadPoolExecutor.java:624)
	... 1 more
Caused by: org.apache.ratis.thirdparty.io.netty.channel.AbstractChannel$AnnotatedConnectException: Connection refused: /192.168.69.102:42295
	at sun.nio.ch.SocketChannelImpl.checkConnect(Native Method)
	at sun.nio.ch.SocketChannelImpl.finishConnect(SocketChannelImpl.java:717)
	at org.apache.ratis.thirdparty.io.netty.channel.socket.nio.NioSocketChannel.doFinishConnect(NioSocketChannel.java:327)
	at org.apache.ratis.thirdparty.io.netty.channel.nio.AbstractNioChannel$AbstractNioUnsafe.finishConnect(AbstractNioChannel.java:340)
	at org.apache.ratis.thirdparty.io.netty.channel.nio.NioEventLoop.processSelectedKey(NioEventLoop.java:632)
	at org.apache.ratis.thirdparty.io.netty.channel.nio.NioEventLoop.processSelectedKeysOptimized(NioEventLoop.java:579)
	at org.apache.ratis.thirdparty.io.netty.channel.nio.NioEventLoop.processSelectedKeys(NioEventLoop.java:496)
	at org.apache.ratis.thirdparty.io.netty.channel.nio.NioEventLoop.run(NioEventLoop.java:458)
	at org.apache.ratis.thirdparty.io.netty.util.concurrent.SingleThreadEventExecutor$5.run(SingleThreadEventExecutor.java:897)
	at org.apache.ratis.thirdparty.io.netty.util.concurrent.FastThreadLocalRunnable.run(FastThreadLocalRunnable.java:30)
	... 1 more
Caused by: java.net.ConnectException: Connection refused
	... 11 more
2019-08-29 16:59:36,849 [6a69eb03-c6ce-4a25-af67-2d438bc9db9b:group-DB8F64C28A52:LeaderElection79] INFO  impl.LeaderElection (LogUtils.java:infoOrTrace(149)) -   Exception 0: {}
java.util.concurrent.ExecutionException: org.apache.ratis.thirdparty.io.grpc.StatusRuntimeException: UNAVAILABLE: io exception
	at java.util.concurrent.FutureTask.report(FutureTask.java:122)
	at java.util.concurrent.FutureTask.get(FutureTask.java:192)
	at org.apache.ratis.server.impl.LeaderElection.waitForResults(LeaderElection.java:262)
	at org.apache.ratis.server.impl.LeaderElection.askForVotes(LeaderElection.java:200)
	at org.apache.ratis.server.impl.LeaderElection.run(LeaderElection.java:130)
	at java.lang.Thread.run(Thread.java:748)
Caused by: org.apache.ratis.thirdparty.io.grpc.StatusRuntimeException: UNAVAILABLE: io exception
	at org.apache.ratis.thirdparty.io.grpc.stub.ClientCalls.toStatusRuntimeException(ClientCalls.java:233)
	at org.apache.ratis.thirdparty.io.grpc.stub.ClientCalls.getUnchecked(ClientCalls.java:214)
	at org.apache.ratis.thirdparty.io.grpc.stub.ClientCalls.blockingUnaryCall(ClientCalls.java:139)
	at org.apache.ratis.proto.grpc.RaftServerProtocolServiceGrpc$RaftServerProtocolServiceBlockingStub.requestVote(RaftServerProtocolServiceGrpc.java:265)
	at org.apache.ratis.grpc.server.GrpcServerProtocolClient.requestVote(GrpcServerProtocolClient.java:83)
	at org.apache.ratis.grpc.server.GrpcService.requestVote(GrpcService.java:195)
	at org.apache.ratis.server.impl.LeaderElection.lambda$submitRequests$1(LeaderElection.java:237)
	at java.util.concurrent.FutureTask.run(FutureTask.java:266)
	at java.util.concurrent.Executors$RunnableAdapter.call(Executors.java:511)
	at java.util.concurrent.FutureTask.run(FutureTask.java:266)
	at java.util.concurrent.ThreadPoolExecutor.runWorker(ThreadPoolExecutor.java:1149)
	at java.util.concurrent.ThreadPoolExecutor$Worker.run(ThreadPoolExecutor.java:624)
	... 1 more
Caused by: org.apache.ratis.thirdparty.io.netty.channel.AbstractChannel$AnnotatedConnectException: Connection refused: /192.168.69.102:43070
	at sun.nio.ch.SocketChannelImpl.checkConnect(Native Method)
	at sun.nio.ch.SocketChannelImpl.finishConnect(SocketChannelImpl.java:717)
	at org.apache.ratis.thirdparty.io.netty.channel.socket.nio.NioSocketChannel.doFinishConnect(NioSocketChannel.java:327)
	at org.apache.ratis.thirdparty.io.netty.channel.nio.AbstractNioChannel$AbstractNioUnsafe.finishConnect(AbstractNioChannel.java:340)
	at org.apache.ratis.thirdparty.io.netty.channel.nio.NioEventLoop.processSelectedKey(NioEventLoop.java:632)
	at org.apache.ratis.thirdparty.io.netty.channel.nio.NioEventLoop.processSelectedKeysOptimized(NioEventLoop.java:579)
	at org.apache.ratis.thirdparty.io.netty.channel.nio.NioEventLoop.processSelectedKeys(NioEventLoop.java:496)
	at org.apache.ratis.thirdparty.io.netty.channel.nio.NioEventLoop.run(NioEventLoop.java:458)
	at org.apache.ratis.thirdparty.io.netty.util.concurrent.SingleThreadEventExecutor$5.run(SingleThreadEventExecutor.java:897)
	at org.apache.ratis.thirdparty.io.netty.util.concurrent.FastThreadLocalRunnable.run(FastThreadLocalRunnable.java:30)
	... 1 more
Caused by: java.net.ConnectException: Connection refused
	... 11 more
2019-08-29 16:59:36,849 [4615f4ce-fb17-47eb-adee-2d773b6217dc:group-F7BBA9C4C5F4:LeaderElection78] INFO  impl.RaftServerImpl (RaftServerImpl.java:setRole(171)) - 4615f4ce-fb17-47eb-adee-2d773b6217dc:group-F7BBA9C4C5F4 changes role from CANDIDATE to FOLLOWER at term 3 for DISCOVERED_A_NEW_TERM
2019-08-29 16:59:36,849 [6a69eb03-c6ce-4a25-af67-2d438bc9db9b:group-DB8F64C28A52:LeaderElection79] INFO  impl.RaftServerImpl (RaftServerImpl.java:setRole(171)) - 6a69eb03-c6ce-4a25-af67-2d438bc9db9b:group-DB8F64C28A52 changes role from CANDIDATE to FOLLOWER at term 2 for DISCOVERED_A_NEW_TERM
2019-08-29 16:59:36,850 [4615f4ce-fb17-47eb-adee-2d773b6217dc:group-F7BBA9C4C5F4:LeaderElection78] INFO  impl.RoleInfo (RoleInfo.java:shutdownLeaderElection(134)) - 4615f4ce-fb17-47eb-adee-2d773b6217dc: shutdown LeaderElection
2019-08-29 16:59:36,850 [6a69eb03-c6ce-4a25-af67-2d438bc9db9b:group-DB8F64C28A52:LeaderElection79] INFO  impl.RoleInfo (RoleInfo.java:shutdownLeaderElection(134)) - 6a69eb03-c6ce-4a25-af67-2d438bc9db9b: shutdown LeaderElection
2019-08-29 16:59:36,850 [4615f4ce-fb17-47eb-adee-2d773b6217dc:group-F7BBA9C4C5F4:LeaderElection78] INFO  impl.RoleInfo (RoleInfo.java:updateAndGet(143)) - 4615f4ce-fb17-47eb-adee-2d773b6217dc: start FollowerState
2019-08-29 16:59:36,850 [6a69eb03-c6ce-4a25-af67-2d438bc9db9b:group-DB8F64C28A52:LeaderElection79] INFO  impl.RoleInfo (RoleInfo.java:updateAndGet(143)) - 6a69eb03-c6ce-4a25-af67-2d438bc9db9b: start FollowerState
2019-08-29 16:59:36,852 [7a616e93-d58e-4a6b-a0c4-5ab9b68bb367:group-DB8F64C28A52:LeaderElection80] INFO  impl.LeaderElection (LeaderElection.java:logAndReturn(56)) - 7a616e93-d58e-4a6b-a0c4-5ab9b68bb367:group-DB8F64C28A52:LeaderElection80: Election REJECTED; received 1 response(s) [7a616e93-d58e-4a6b-a0c4-5ab9b68bb367<-6a69eb03-c6ce-4a25-af67-2d438bc9db9b#0:FAIL-t2] and 1 exception(s); 7a616e93-d58e-4a6b-a0c4-5ab9b68bb367:t2, leader=null, voted=7a616e93-d58e-4a6b-a0c4-5ab9b68bb367, raftlog=7a616e93-d58e-4a6b-a0c4-5ab9b68bb367-SegmentedRaftLog:OPENED:c4,f4,i4, conf=0: [6a69eb03-c6ce-4a25-af67-2d438bc9db9b:192.168.69.102:37548, 81f31524-daf9-4665-be93-5f6a14015188:192.168.69.102:43070, 7a616e93-d58e-4a6b-a0c4-5ab9b68bb367:192.168.69.102:35007], old=null
2019-08-29 16:59:36,852 [7a616e93-d58e-4a6b-a0c4-5ab9b68bb367:group-DB8F64C28A52:LeaderElection80] INFO  impl.LeaderElection (LogUtils.java:infoOrTrace(149)) -   Exception 0: {}
java.util.concurrent.ExecutionException: org.apache.ratis.thirdparty.io.grpc.StatusRuntimeException: UNAVAILABLE: io exception
	at java.util.concurrent.FutureTask.report(FutureTask.java:122)
	at java.util.concurrent.FutureTask.get(FutureTask.java:192)
	at org.apache.ratis.server.impl.LeaderElection.waitForResults(LeaderElection.java:262)
	at org.apache.ratis.server.impl.LeaderElection.askForVotes(LeaderElection.java:200)
	at org.apache.ratis.server.impl.LeaderElection.run(LeaderElection.java:130)
	at java.lang.Thread.run(Thread.java:748)
Caused by: org.apache.ratis.thirdparty.io.grpc.StatusRuntimeException: UNAVAILABLE: io exception
	at org.apache.ratis.thirdparty.io.grpc.stub.ClientCalls.toStatusRuntimeException(ClientCalls.java:233)
	at org.apache.ratis.thirdparty.io.grpc.stub.ClientCalls.getUnchecked(ClientCalls.java:214)
	at org.apache.ratis.thirdparty.io.grpc.stub.ClientCalls.blockingUnaryCall(ClientCalls.java:139)
	at org.apache.ratis.proto.grpc.RaftServerProtocolServiceGrpc$RaftServerProtocolServiceBlockingStub.requestVote(RaftServerProtocolServiceGrpc.java:265)
	at org.apache.ratis.grpc.server.GrpcServerProtocolClient.requestVote(GrpcServerProtocolClient.java:83)
	at org.apache.ratis.grpc.server.GrpcService.requestVote(GrpcService.java:195)
	at org.apache.ratis.server.impl.LeaderElection.lambda$submitRequests$1(LeaderElection.java:237)
	at java.util.concurrent.FutureTask.run(FutureTask.java:266)
	at java.util.concurrent.Executors$RunnableAdapter.call(Executors.java:511)
	at java.util.concurrent.FutureTask.run(FutureTask.java:266)
	at java.util.concurrent.ThreadPoolExecutor.runWorker(ThreadPoolExecutor.java:1149)
	at java.util.concurrent.ThreadPoolExecutor$Worker.run(ThreadPoolExecutor.java:624)
	... 1 more
Caused by: org.apache.ratis.thirdparty.io.netty.channel.AbstractChannel$AnnotatedConnectException: Connection refused: /192.168.69.102:43070
	at sun.nio.ch.SocketChannelImpl.checkConnect(Native Method)
	at sun.nio.ch.SocketChannelImpl.finishConnect(SocketChannelImpl.java:717)
	at org.apache.ratis.thirdparty.io.netty.channel.socket.nio.NioSocketChannel.doFinishConnect(NioSocketChannel.java:327)
	at org.apache.ratis.thirdparty.io.netty.channel.nio.AbstractNioChannel$AbstractNioUnsafe.finishConnect(AbstractNioChannel.java:340)
	at org.apache.ratis.thirdparty.io.netty.channel.nio.NioEventLoop.processSelectedKey(NioEventLoop.java:632)
	at org.apache.ratis.thirdparty.io.netty.channel.nio.NioEventLoop.processSelectedKeysOptimized(NioEventLoop.java:579)
	at org.apache.ratis.thirdparty.io.netty.channel.nio.NioEventLoop.processSelectedKeys(NioEventLoop.java:496)
	at org.apache.ratis.thirdparty.io.netty.channel.nio.NioEventLoop.run(NioEventLoop.java:458)
	at org.apache.ratis.thirdparty.io.netty.util.concurrent.SingleThreadEventExecutor$5.run(SingleThreadEventExecutor.java:897)
	at org.apache.ratis.thirdparty.io.netty.util.concurrent.FastThreadLocalRunnable.run(FastThreadLocalRunnable.java:30)
	... 1 more
Caused by: java.net.ConnectException: Connection refused
	... 11 more
2019-08-29 16:59:36,852 [7a616e93-d58e-4a6b-a0c4-5ab9b68bb367:group-DB8F64C28A52:LeaderElection80] INFO  impl.RaftServerImpl (RaftServerImpl.java:setRole(171)) - 7a616e93-d58e-4a6b-a0c4-5ab9b68bb367:group-DB8F64C28A52 changes role from CANDIDATE to FOLLOWER at term 2 for DISCOVERED_A_NEW_TERM
2019-08-29 16:59:36,852 | INFO  | SCMAudit | user=jenkins1000 | ip=192.168.69.102 | op=SEND_HEARTBEAT {datanodeUUID=4615f4ce-fb17-47eb-adee-2d773b6217dc, command=[]} | ret=SUCCESS |  
2019-08-29 16:59:36,852 [7a616e93-d58e-4a6b-a0c4-5ab9b68bb367:group-DB8F64C28A52:LeaderElection80] INFO  impl.RoleInfo (RoleInfo.java:shutdownLeaderElection(134)) - 7a616e93-d58e-4a6b-a0c4-5ab9b68bb367: shutdown LeaderElection
2019-08-29 16:59:36,853 [7a616e93-d58e-4a6b-a0c4-5ab9b68bb367:group-DB8F64C28A52:LeaderElection80] INFO  impl.RoleInfo (RoleInfo.java:updateAndGet(143)) - 7a616e93-d58e-4a6b-a0c4-5ab9b68bb367: start FollowerState
2019-08-29 16:59:37,361 [Datanode State Machine Thread - 0] INFO  statemachine.DatanodeStateMachine (DatanodeStateMachine.java:lambda$startDaemon$0(350)) - Ozone container server started.
2019-08-29 16:59:37,437 [Datanode State Machine Thread - 0] INFO  statemachine.DatanodeStateMachine (DatanodeStateMachine.java:lambda$startDaemon$0(350)) - Ozone container server started.
2019-08-29 16:59:37,853 | INFO  | SCMAudit | user=jenkins1000 | ip=192.168.69.102 | op=SEND_HEARTBEAT {datanodeUUID=4615f4ce-fb17-47eb-adee-2d773b6217dc, command=[]} | ret=SUCCESS |  
2019-08-29 16:59:38,853 | INFO  | SCMAudit | user=jenkins1000 | ip=192.168.69.102 | op=SEND_HEARTBEAT {datanodeUUID=4615f4ce-fb17-47eb-adee-2d773b6217dc, command=[]} | ret=SUCCESS |  
2019-08-29 16:59:39,854 | INFO  | SCMAudit | user=jenkins1000 | ip=192.168.69.102 | op=SEND_HEARTBEAT {datanodeUUID=4615f4ce-fb17-47eb-adee-2d773b6217dc, command=[]} | ret=SUCCESS |  
2019-08-29 16:59:40,855 | INFO  | SCMAudit | user=jenkins1000 | ip=192.168.69.102 | op=SEND_HEARTBEAT {datanodeUUID=4615f4ce-fb17-47eb-adee-2d773b6217dc, command=[]} | ret=SUCCESS |  
2019-08-29 16:59:41,386 [EventQueue-StaleNodeForStaleNodeHandler] INFO  node.StaleNodeHandler (StaleNodeHandler.java:onMessage(58)) - Datanode 6a69eb03-c6ce-4a25-af67-2d438bc9db9b{ip: 192.168.69.102, host: pr-hdds-1413-r8zfz-2367378370, networkLocation: /default-rack, certSerialId: null} moved to stale state. Finalizing its pipelines [PipelineID=f6c2cddc-2652-48f6-a415-258f07f4feb4, PipelineID=d5c7637f-7c20-4cc6-8d08-db8f64c28a52]
2019-08-29 16:59:41,386 [EventQueue-StaleNodeForStaleNodeHandler] INFO  pipeline.SCMPipelineManager (SCMPipelineManager.java:finalizeAndDestroyPipeline(309)) - destroying pipeline:Pipeline[ Id: f6c2cddc-2652-48f6-a415-258f07f4feb4, Nodes: 6a69eb03-c6ce-4a25-af67-2d438bc9db9b{ip: 192.168.69.102, host: pr-hdds-1413-r8zfz-2367378370, networkLocation: /default-rack, certSerialId: null}, Type:RATIS, Factor:ONE, State:OPEN]
2019-08-29 16:59:41,387 [EventQueue-StaleNodeForStaleNodeHandler] INFO  pipeline.PipelineStateManager (PipelineStateManager.java:finalizePipeline(123)) - Pipeline Pipeline[ Id: f6c2cddc-2652-48f6-a415-258f07f4feb4, Nodes: 6a69eb03-c6ce-4a25-af67-2d438bc9db9b{ip: 192.168.69.102, host: pr-hdds-1413-r8zfz-2367378370, networkLocation: /default-rack, certSerialId: null}, Type:RATIS, Factor:ONE, State:CLOSED] moved to CLOSED state
2019-08-29 16:59:41,387 [EventQueue-StaleNodeForStaleNodeHandler] INFO  pipeline.SCMPipelineManager (SCMPipelineManager.java:finalizeAndDestroyPipeline(309)) - destroying pipeline:Pipeline[ Id: d5c7637f-7c20-4cc6-8d08-db8f64c28a52, Nodes: 7a616e93-d58e-4a6b-a0c4-5ab9b68bb367{ip: 192.168.69.102, host: pr-hdds-1413-r8zfz-2367378370, networkLocation: /default-rack, certSerialId: null}6a69eb03-c6ce-4a25-af67-2d438bc9db9b{ip: 192.168.69.102, host: pr-hdds-1413-r8zfz-2367378370, networkLocation: /default-rack, certSerialId: null}81f31524-daf9-4665-be93-5f6a14015188{ip: 192.168.69.102, host: pr-hdds-1413-r8zfz-2367378370, networkLocation: /default-rack, certSerialId: null}, Type:RATIS, Factor:THREE, State:CLOSED]
2019-08-29 16:59:41,486 [EventQueue-StaleNodeForStaleNodeHandler] INFO  node.StaleNodeHandler (StaleNodeHandler.java:onMessage(58)) - Datanode 7a616e93-d58e-4a6b-a0c4-5ab9b68bb367{ip: 192.168.69.102, host: pr-hdds-1413-r8zfz-2367378370, networkLocation: /default-rack, certSerialId: null} moved to stale state. Finalizing its pipelines [PipelineID=153dab82-11e8-4503-80a7-e638b8e57976, PipelineID=d5c7637f-7c20-4cc6-8d08-db8f64c28a52]
2019-08-29 16:59:41,486 [EventQueue-StaleNodeForStaleNodeHandler] INFO  pipeline.SCMPipelineManager (SCMPipelineManager.java:finalizeAndDestroyPipeline(309)) - destroying pipeline:Pipeline[ Id: 153dab82-11e8-4503-80a7-e638b8e57976, Nodes: 7a616e93-d58e-4a6b-a0c4-5ab9b68bb367{ip: 192.168.69.102, host: pr-hdds-1413-r8zfz-2367378370, networkLocation: /default-rack, certSerialId: null}, Type:RATIS, Factor:ONE, State:OPEN]
2019-08-29 16:59:41,487 [EventQueue-StaleNodeForStaleNodeHandler] INFO  pipeline.PipelineStateManager (PipelineStateManager.java:finalizePipeline(123)) - Pipeline Pipeline[ Id: 153dab82-11e8-4503-80a7-e638b8e57976, Nodes: 7a616e93-d58e-4a6b-a0c4-5ab9b68bb367{ip: 192.168.69.102, host: pr-hdds-1413-r8zfz-2367378370, networkLocation: /default-rack, certSerialId: null}, Type:RATIS, Factor:ONE, State:CLOSED] moved to CLOSED state
2019-08-29 16:59:41,487 [EventQueue-StaleNodeForStaleNodeHandler] INFO  pipeline.SCMPipelineManager (SCMPipelineManager.java:finalizeAndDestroyPipeline(309)) - destroying pipeline:Pipeline[ Id: d5c7637f-7c20-4cc6-8d08-db8f64c28a52, Nodes: 7a616e93-d58e-4a6b-a0c4-5ab9b68bb367{ip: 192.168.69.102, host: pr-hdds-1413-r8zfz-2367378370, networkLocation: /default-rack, certSerialId: null}6a69eb03-c6ce-4a25-af67-2d438bc9db9b{ip: 192.168.69.102, host: pr-hdds-1413-r8zfz-2367378370, networkLocation: /default-rack, certSerialId: null}81f31524-daf9-4665-be93-5f6a14015188{ip: 192.168.69.102, host: pr-hdds-1413-r8zfz-2367378370, networkLocation: /default-rack, certSerialId: null}, Type:RATIS, Factor:THREE, State:CLOSED]
2019-08-29 16:59:41,612 [main] INFO  ozoneimpl.OzoneContainer (OzoneContainer.java:stop(215)) - Attempting to stop container services.
2019-08-29 16:59:41,612 [main] INFO  impl.RaftServerProxy (RaftServerProxy.java:lambda$close$4(314)) - 6a69eb03-c6ce-4a25-af67-2d438bc9db9b: close
2019-08-29 16:59:41,612 [main] INFO  impl.RaftServerImpl (RaftServerImpl.java:lambda$shutdown$3(245)) - 6a69eb03-c6ce-4a25-af67-2d438bc9db9b: shutdown group-258F07F4FEB4
2019-08-29 16:59:41,613 [main] INFO  util.JmxRegister (JmxRegister.java:unregister(73)) - Successfully un-registered JMX Bean with object name Ratis:service=RaftServer,group=group-258F07F4FEB4,id=6a69eb03-c6ce-4a25-af67-2d438bc9db9b
2019-08-29 16:59:41,613 [main] INFO  impl.RoleInfo (RoleInfo.java:shutdownLeaderState(104)) - 6a69eb03-c6ce-4a25-af67-2d438bc9db9b: shutdown LeaderState
2019-08-29 16:59:41,614 [main] INFO  impl.PendingRequests (PendingRequests.java:sendNotLeaderResponses(202)) - 6a69eb03-c6ce-4a25-af67-2d438bc9db9b-PendingRequests: sendNotLeaderResponses
2019-08-29 16:59:41,614 [main] INFO  impl.StateMachineUpdater (StateMachineUpdater.java:stopAndJoin(115)) - StateMachineUpdater:6a69eb03-c6ce-4a25-af67-2d438bc9db9b:group-258F07F4FEB4: set stopIndex = 0
2019-08-29 16:59:41,615 [main] INFO  impl.RaftServerImpl (ServerState.java:close(394)) - 6a69eb03-c6ce-4a25-af67-2d438bc9db9b:group-258F07F4FEB4 closes. The last applied log index is 0
2019-08-29 16:59:41,615 [6a69eb03-c6ce-4a25-af67-2d438bc9db9b-SegmentedRaftLogWorker:Storage Directory /workdir/hadoop-ozone/integration-test/target/test-dir/MiniOzoneClusterImpl-51fe08ff-1c36-40ef-8442-fe9f7994e715/datanode-6/data/ratis/f6c2cddc-2652-48f6-a415-258f07f4feb4] INFO  segmented.SegmentedRaftLogWorker (SegmentedRaftLogWorker.java:run(313)) - 6a69eb03-c6ce-4a25-af67-2d438bc9db9b-SegmentedRaftLogWorker:Storage Directory /workdir/hadoop-ozone/integration-test/target/test-dir/MiniOzoneClusterImpl-51fe08ff-1c36-40ef-8442-fe9f7994e715/datanode-6/data/ratis/f6c2cddc-2652-48f6-a415-258f07f4feb4 was interrupted, exiting. There are 0 tasks remaining in the queue.
2019-08-29 16:59:41,617 [main] INFO  segmented.SegmentedRaftLogWorker (SegmentedRaftLogWorker.java:close(228)) - 6a69eb03-c6ce-4a25-af67-2d438bc9db9b-SegmentedRaftLogWorker:Storage Directory /workdir/hadoop-ozone/integration-test/target/test-dir/MiniOzoneClusterImpl-51fe08ff-1c36-40ef-8442-fe9f7994e715/datanode-6/data/ratis/f6c2cddc-2652-48f6-a415-258f07f4feb4 close()
2019-08-29 16:59:41,619 [main] INFO  impl.RaftServerImpl (RaftServerImpl.java:lambda$shutdown$3(245)) - 6a69eb03-c6ce-4a25-af67-2d438bc9db9b: shutdown group-DB8F64C28A52
2019-08-29 16:59:41,619 [main] INFO  util.JmxRegister (JmxRegister.java:unregister(73)) - Successfully un-registered JMX Bean with object name Ratis:service=RaftServer,group=group-DB8F64C28A52,id=6a69eb03-c6ce-4a25-af67-2d438bc9db9b
2019-08-29 16:59:41,620 [main] INFO  impl.RoleInfo (RoleInfo.java:shutdownFollowerState(121)) - 6a69eb03-c6ce-4a25-af67-2d438bc9db9b: shutdown FollowerState
2019-08-29 16:59:41,620 [main] INFO  impl.StateMachineUpdater (StateMachineUpdater.java:stopAndJoin(115)) - StateMachineUpdater:6a69eb03-c6ce-4a25-af67-2d438bc9db9b:group-DB8F64C28A52: set stopIndex = 4
2019-08-29 16:59:41,620 [Thread-3764] INFO  impl.FollowerState (FollowerState.java:run(114)) - 6a69eb03-c6ce-4a25-af67-2d438bc9db9b: FollowerState was interrupted: java.lang.InterruptedException: sleep interrupted
2019-08-29 16:59:41,620 [StateMachineUpdater:6a69eb03-c6ce-4a25-af67-2d438bc9db9b:group-DB8F64C28A52] INFO  ratis.ContainerStateMachine (ContainerStateMachine.java:takeSnapshot(284)) - group-DB8F64C28A52: Taking a snapshot at:(t:1, i:3) file /workdir/hadoop-ozone/integration-test/target/test-dir/MiniOzoneClusterImpl-51fe08ff-1c36-40ef-8442-fe9f7994e715/datanode-6/data/ratis/d5c7637f-7c20-4cc6-8d08-db8f64c28a52/sm/snapshot.1_3
2019-08-29 16:59:41,645 [StateMachineUpdater:6a69eb03-c6ce-4a25-af67-2d438bc9db9b:group-DB8F64C28A52] INFO  ratis.ContainerStateMachine (ContainerStateMachine.java:takeSnapshot(295)) - group-DB8F64C28A52: Finished taking a snapshot at:(t:1, i:3) file:/workdir/hadoop-ozone/integration-test/target/test-dir/MiniOzoneClusterImpl-51fe08ff-1c36-40ef-8442-fe9f7994e715/datanode-6/data/ratis/d5c7637f-7c20-4cc6-8d08-db8f64c28a52/sm/snapshot.1_3 time:24
2019-08-29 16:59:41,645 [StateMachineUpdater:6a69eb03-c6ce-4a25-af67-2d438bc9db9b:group-DB8F64C28A52] INFO  impl.StateMachineUpdater (StateMachineUpdater.java:takeSnapshot(242)) - StateMachineUpdater:6a69eb03-c6ce-4a25-af67-2d438bc9db9b:group-DB8F64C28A52: Took a snapshot at index 3
2019-08-29 16:59:41,645 [StateMachineUpdater:6a69eb03-c6ce-4a25-af67-2d438bc9db9b:group-DB8F64C28A52] INFO  impl.StateMachineUpdater (StateMachineUpdater.java:lambda$new$0(80)) - StateMachineUpdater:6a69eb03-c6ce-4a25-af67-2d438bc9db9b:group-DB8F64C28A52: snapshotIndex: updateIncreasingly -1 -> 3
2019-08-29 16:59:41,645 [main] INFO  impl.RaftServerImpl (ServerState.java:close(394)) - 6a69eb03-c6ce-4a25-af67-2d438bc9db9b:group-DB8F64C28A52 closes. The last applied log index is 4
2019-08-29 16:59:41,646 [6a69eb03-c6ce-4a25-af67-2d438bc9db9b-SegmentedRaftLogWorker:Storage Directory /workdir/hadoop-ozone/integration-test/target/test-dir/MiniOzoneClusterImpl-51fe08ff-1c36-40ef-8442-fe9f7994e715/datanode-6/data/ratis/d5c7637f-7c20-4cc6-8d08-db8f64c28a52] INFO  segmented.SegmentedRaftLogWorker (SegmentedRaftLogWorker.java:run(313)) - 6a69eb03-c6ce-4a25-af67-2d438bc9db9b-SegmentedRaftLogWorker:Storage Directory /workdir/hadoop-ozone/integration-test/target/test-dir/MiniOzoneClusterImpl-51fe08ff-1c36-40ef-8442-fe9f7994e715/datanode-6/data/ratis/d5c7637f-7c20-4cc6-8d08-db8f64c28a52 was interrupted, exiting. There are 0 tasks remaining in the queue.
2019-08-29 16:59:41,648 [main] INFO  segmented.SegmentedRaftLogWorker (SegmentedRaftLogWorker.java:close(228)) - 6a69eb03-c6ce-4a25-af67-2d438bc9db9b-SegmentedRaftLogWorker:Storage Directory /workdir/hadoop-ozone/integration-test/target/test-dir/MiniOzoneClusterImpl-51fe08ff-1c36-40ef-8442-fe9f7994e715/datanode-6/data/ratis/d5c7637f-7c20-4cc6-8d08-db8f64c28a52 close()
2019-08-29 16:59:41,650 [main] INFO  server.GrpcService (GrpcService.java:closeImpl(155)) - 6a69eb03-c6ce-4a25-af67-2d438bc9db9b: shutdown server with port 37548 now
2019-08-29 16:59:41,650 [ForkJoinPool.commonPool-worker-0] INFO  ozoneimpl.OzoneContainer (OzoneContainer.java:stop(215)) - Attempting to stop container services.
2019-08-29 16:59:41,651 [ForkJoinPool.commonPool-worker-0] INFO  impl.RaftServerProxy (RaftServerProxy.java:lambda$close$4(314)) - 7a616e93-d58e-4a6b-a0c4-5ab9b68bb367: close
2019-08-29 16:59:41,651 [ForkJoinPool.commonPool-worker-0] INFO  impl.RaftServerImpl (RaftServerImpl.java:lambda$shutdown$3(245)) - 7a616e93-d58e-4a6b-a0c4-5ab9b68bb367: shutdown group-E638B8E57976
2019-08-29 16:59:41,651 [main] INFO  server.GrpcService (GrpcService.java:closeImpl(163)) - 6a69eb03-c6ce-4a25-af67-2d438bc9db9b: shutdown server with port 37548 successfully
2019-08-29 16:59:41,651 [ForkJoinPool.commonPool-worker-0] INFO  util.JmxRegister (JmxRegister.java:unregister(73)) - Successfully un-registered JMX Bean with object name Ratis:service=RaftServer,group=group-E638B8E57976,id=7a616e93-d58e-4a6b-a0c4-5ab9b68bb367
2019-08-29 16:59:41,652 [ForkJoinPool.commonPool-worker-0] INFO  impl.RoleInfo (RoleInfo.java:shutdownLeaderState(104)) - 7a616e93-d58e-4a6b-a0c4-5ab9b68bb367: shutdown LeaderState
2019-08-29 16:59:41,652 [ForkJoinPool.commonPool-worker-0] INFO  impl.PendingRequests (PendingRequests.java:sendNotLeaderResponses(202)) - 7a616e93-d58e-4a6b-a0c4-5ab9b68bb367-PendingRequests: sendNotLeaderResponses
2019-08-29 16:59:41,653 [ForkJoinPool.commonPool-worker-0] INFO  impl.StateMachineUpdater (StateMachineUpdater.java:stopAndJoin(115)) - StateMachineUpdater:7a616e93-d58e-4a6b-a0c4-5ab9b68bb367:group-E638B8E57976: set stopIndex = 0
2019-08-29 16:59:41,653 [ForkJoinPool.commonPool-worker-0] INFO  impl.RaftServerImpl (ServerState.java:close(394)) - 7a616e93-d58e-4a6b-a0c4-5ab9b68bb367:group-E638B8E57976 closes. The last applied log index is 0
2019-08-29 16:59:41,653 [refreshUsed-/workdir/hadoop-ozone/integration-test/target/test-dir/MiniOzoneClusterImpl-51fe08ff-1c36-40ef-8442-fe9f7994e715/datanode-6/data/containers] WARN  fs.CachingGetSpaceUsed (CachingGetSpaceUsed.java:run(183)) - Thread Interrupted waiting to refresh disk information: sleep interrupted
2019-08-29 16:59:41,654 [7a616e93-d58e-4a6b-a0c4-5ab9b68bb367-SegmentedRaftLogWorker:Storage Directory /workdir/hadoop-ozone/integration-test/target/test-dir/MiniOzoneClusterImpl-51fe08ff-1c36-40ef-8442-fe9f7994e715/datanode-0/data/ratis/153dab82-11e8-4503-80a7-e638b8e57976] INFO  segmented.SegmentedRaftLogWorker (SegmentedRaftLogWorker.java:run(313)) - 7a616e93-d58e-4a6b-a0c4-5ab9b68bb367-SegmentedRaftLogWorker:Storage Directory /workdir/hadoop-ozone/integration-test/target/test-dir/MiniOzoneClusterImpl-51fe08ff-1c36-40ef-8442-fe9f7994e715/datanode-0/data/ratis/153dab82-11e8-4503-80a7-e638b8e57976 was interrupted, exiting. There are 0 tasks remaining in the queue.
2019-08-29 16:59:41,655 [ForkJoinPool.commonPool-worker-0] INFO  segmented.SegmentedRaftLogWorker (SegmentedRaftLogWorker.java:close(228)) - 7a616e93-d58e-4a6b-a0c4-5ab9b68bb367-SegmentedRaftLogWorker:Storage Directory /workdir/hadoop-ozone/integration-test/target/test-dir/MiniOzoneClusterImpl-51fe08ff-1c36-40ef-8442-fe9f7994e715/datanode-0/data/ratis/153dab82-11e8-4503-80a7-e638b8e57976 close()
2019-08-29 16:59:41,661 [ForkJoinPool.commonPool-worker-0] INFO  impl.RaftServerImpl (RaftServerImpl.java:lambda$shutdown$3(245)) - 7a616e93-d58e-4a6b-a0c4-5ab9b68bb367: shutdown group-DB8F64C28A52
2019-08-29 16:59:41,662 [ForkJoinPool.commonPool-worker-0] INFO  util.JmxRegister (JmxRegister.java:unregister(73)) - Successfully un-registered JMX Bean with object name Ratis:service=RaftServer,group=group-DB8F64C28A52,id=7a616e93-d58e-4a6b-a0c4-5ab9b68bb367
2019-08-29 16:59:41,662 [ForkJoinPool.commonPool-worker-0] INFO  impl.RoleInfo (RoleInfo.java:shutdownFollowerState(121)) - 7a616e93-d58e-4a6b-a0c4-5ab9b68bb367: shutdown FollowerState
2019-08-29 16:59:41,662 [ForkJoinPool.commonPool-worker-0] INFO  impl.StateMachineUpdater (StateMachineUpdater.java:stopAndJoin(115)) - StateMachineUpdater:7a616e93-d58e-4a6b-a0c4-5ab9b68bb367:group-DB8F64C28A52: set stopIndex = 4
2019-08-29 16:59:41,662 [StateMachineUpdater:7a616e93-d58e-4a6b-a0c4-5ab9b68bb367:group-DB8F64C28A52] INFO  ratis.ContainerStateMachine (ContainerStateMachine.java:takeSnapshot(284)) - group-DB8F64C28A52: Taking a snapshot at:(t:1, i:3) file /workdir/hadoop-ozone/integration-test/target/test-dir/MiniOzoneClusterImpl-51fe08ff-1c36-40ef-8442-fe9f7994e715/datanode-0/data/ratis/d5c7637f-7c20-4cc6-8d08-db8f64c28a52/sm/snapshot.1_3
2019-08-29 16:59:41,662 [Thread-3765] INFO  impl.FollowerState (FollowerState.java:run(114)) - 7a616e93-d58e-4a6b-a0c4-5ab9b68bb367: FollowerState was interrupted: java.lang.InterruptedException: sleep interrupted
2019-08-29 16:59:41,673 [main] INFO  utils.BackgroundService (BackgroundService.java:shutdown(148)) - Shutting down service BlockDeletingService
2019-08-29 16:59:41,676 [main] INFO  statemachine.DatanodeStateMachine (DatanodeStateMachine.java:stopDaemon(395)) - Ozone container server stopped.
2019-08-29 16:59:41,677 [main] INFO  handler.ContextHandler (ContextHandler.java:doStop(910)) - Stopped o.e.j.w.WebAppContext@204d9edf{/,null,UNAVAILABLE}{/hddsDatanode}
2019-08-29 16:59:41,678 [main] INFO  server.AbstractConnector (AbstractConnector.java:doStop(318)) - Stopped ServerConnector@6b2aafbc{HTTP/1.1,[http/1.1]}{0.0.0.0:0}
2019-08-29 16:59:41,678 [main] INFO  handler.ContextHandler (ContextHandler.java:doStop(910)) - Stopped o.e.j.s.ServletContextHandler@6a8a551e{/static,jar:file:/home/user/.m2/repository/org/apache/hadoop/hadoop-hdds-container-service/0.5.0-SNAPSHOT/hadoop-hdds-container-service-0.5.0-SNAPSHOT.jar!/webapps/static,UNAVAILABLE}
2019-08-29 16:59:41,679 [main] INFO  handler.ContextHandler (ContextHandler.java:doStop(910)) - Stopped o.e.j.s.ServletContextHandler@4245bf68{/logs,file:///workdir/hadoop-ozone/integration-test/target/log,UNAVAILABLE}
2019-08-29 16:59:41,686 [StateMachineUpdater:7a616e93-d58e-4a6b-a0c4-5ab9b68bb367:group-DB8F64C28A52] INFO  ratis.ContainerStateMachine (ContainerStateMachine.java:takeSnapshot(295)) - group-DB8F64C28A52: Finished taking a snapshot at:(t:1, i:3) file:/workdir/hadoop-ozone/integration-test/target/test-dir/MiniOzoneClusterImpl-51fe08ff-1c36-40ef-8442-fe9f7994e715/datanode-0/data/ratis/d5c7637f-7c20-4cc6-8d08-db8f64c28a52/sm/snapshot.1_3 time:24
2019-08-29 16:59:41,686 [StateMachineUpdater:7a616e93-d58e-4a6b-a0c4-5ab9b68bb367:group-DB8F64C28A52] INFO  impl.StateMachineUpdater (StateMachineUpdater.java:takeSnapshot(242)) - StateMachineUpdater:7a616e93-d58e-4a6b-a0c4-5ab9b68bb367:group-DB8F64C28A52: Took a snapshot at index 3
2019-08-29 16:59:41,686 [StateMachineUpdater:7a616e93-d58e-4a6b-a0c4-5ab9b68bb367:group-DB8F64C28A52] INFO  impl.StateMachineUpdater (StateMachineUpdater.java:lambda$new$0(80)) - StateMachineUpdater:7a616e93-d58e-4a6b-a0c4-5ab9b68bb367:group-DB8F64C28A52: snapshotIndex: updateIncreasingly -1 -> 3
2019-08-29 16:59:41,686 [ForkJoinPool.commonPool-worker-0] INFO  impl.RaftServerImpl (ServerState.java:close(394)) - 7a616e93-d58e-4a6b-a0c4-5ab9b68bb367:group-DB8F64C28A52 closes. The last applied log index is 4
2019-08-29 16:59:41,687 [7a616e93-d58e-4a6b-a0c4-5ab9b68bb367-SegmentedRaftLogWorker:Storage Directory /workdir/hadoop-ozone/integration-test/target/test-dir/MiniOzoneClusterImpl-51fe08ff-1c36-40ef-8442-fe9f7994e715/datanode-0/data/ratis/d5c7637f-7c20-4cc6-8d08-db8f64c28a52] INFO  segmented.SegmentedRaftLogWorker (SegmentedRaftLogWorker.java:run(313)) - 7a616e93-d58e-4a6b-a0c4-5ab9b68bb367-SegmentedRaftLogWorker:Storage Directory /workdir/hadoop-ozone/integration-test/target/test-dir/MiniOzoneClusterImpl-51fe08ff-1c36-40ef-8442-fe9f7994e715/datanode-0/data/ratis/d5c7637f-7c20-4cc6-8d08-db8f64c28a52 was interrupted, exiting. There are 0 tasks remaining in the queue.
2019-08-29 16:59:41,687 [ForkJoinPool.commonPool-worker-0] INFO  segmented.SegmentedRaftLogWorker (SegmentedRaftLogWorker.java:close(228)) - 7a616e93-d58e-4a6b-a0c4-5ab9b68bb367-SegmentedRaftLogWorker:Storage Directory /workdir/hadoop-ozone/integration-test/target/test-dir/MiniOzoneClusterImpl-51fe08ff-1c36-40ef-8442-fe9f7994e715/datanode-0/data/ratis/d5c7637f-7c20-4cc6-8d08-db8f64c28a52 close()
2019-08-29 16:59:41,688 [ForkJoinPool.commonPool-worker-0] INFO  server.GrpcService (GrpcService.java:closeImpl(155)) - 7a616e93-d58e-4a6b-a0c4-5ab9b68bb367: shutdown server with port 35007 now
2019-08-29 16:59:41,688 [ForkJoinPool.commonPool-worker-0] INFO  server.GrpcService (GrpcService.java:closeImpl(163)) - 7a616e93-d58e-4a6b-a0c4-5ab9b68bb367: shutdown server with port 35007 successfully
2019-08-29 16:59:41,692 [refreshUsed-/workdir/hadoop-ozone/integration-test/target/test-dir/MiniOzoneClusterImpl-51fe08ff-1c36-40ef-8442-fe9f7994e715/datanode-0/data/containers] WARN  fs.CachingGetSpaceUsed (CachingGetSpaceUsed.java:run(183)) - Thread Interrupted waiting to refresh disk information: sleep interrupted
2019-08-29 16:59:41,701 [ForkJoinPool.commonPool-worker-0] INFO  utils.BackgroundService (BackgroundService.java:shutdown(148)) - Shutting down service BlockDeletingService
2019-08-29 16:59:41,703 [ForkJoinPool.commonPool-worker-0] INFO  statemachine.DatanodeStateMachine (DatanodeStateMachine.java:stopDaemon(395)) - Ozone container server stopped.
2019-08-29 16:59:41,706 [ForkJoinPool.commonPool-worker-0] INFO  handler.ContextHandler (ContextHandler.java:doStop(910)) - Stopped o.e.j.w.WebAppContext@7b8ea1db{/,null,UNAVAILABLE}{/hddsDatanode}
2019-08-29 16:59:41,706 [ForkJoinPool.commonPool-worker-0] INFO  server.AbstractConnector (AbstractConnector.java:doStop(318)) - Stopped ServerConnector@a91119b{HTTP/1.1,[http/1.1]}{0.0.0.0:0}
2019-08-29 16:59:41,709 [ForkJoinPool.commonPool-worker-0] INFO  handler.ContextHandler (ContextHandler.java:doStop(910)) - Stopped o.e.j.s.ServletContextHandler@272778ae{/static,jar:file:/home/user/.m2/repository/org/apache/hadoop/hadoop-hdds-container-service/0.5.0-SNAPSHOT/hadoop-hdds-container-service-0.5.0-SNAPSHOT.jar!/webapps/static,UNAVAILABLE}
2019-08-29 16:59:41,709 [ForkJoinPool.commonPool-worker-0] INFO  handler.ContextHandler (ContextHandler.java:doStop(910)) - Stopped o.e.j.s.ServletContextHandler@755b5f30{/logs,file:///workdir/hadoop-ozone/integration-test/target/log,UNAVAILABLE}
2019-08-29 16:59:41,854 [Datanode State Machine Thread - 0] INFO  statemachine.DatanodeStateMachine (DatanodeStateMachine.java:lambda$startDaemon$0(350)) - Ozone container server started.
2019-08-29 16:59:41,924 [Thread-3763] INFO  impl.FollowerState (FollowerState.java:run(106)) - 4615f4ce-fb17-47eb-adee-2d773b6217dc:group-F7BBA9C4C5F4 changes to CANDIDATE, lastRpcTime:5073, electionTimeout:5073ms
2019-08-29 16:59:41,924 [Thread-3763] INFO  impl.RoleInfo (RoleInfo.java:shutdownFollowerState(121)) - 4615f4ce-fb17-47eb-adee-2d773b6217dc: shutdown FollowerState
2019-08-29 16:59:41,924 [Thread-3763] INFO  impl.RaftServerImpl (RaftServerImpl.java:setRole(171)) - 4615f4ce-fb17-47eb-adee-2d773b6217dc:group-F7BBA9C4C5F4 changes role from FOLLOWER to CANDIDATE at term 3 for changeToCandidate
2019-08-29 16:59:41,924 [Thread-3763] INFO  impl.RoleInfo (RoleInfo.java:updateAndGet(143)) - 4615f4ce-fb17-47eb-adee-2d773b6217dc: start LeaderElection
2019-08-29 16:59:41,948 [4615f4ce-fb17-47eb-adee-2d773b6217dc:group-F7BBA9C4C5F4:LeaderElection81] INFO  impl.LeaderElection (LeaderElection.java:askForVotes(181)) - 4615f4ce-fb17-47eb-adee-2d773b6217dc:group-F7BBA9C4C5F4:LeaderElection81: begin an election at term 4 for 0: [805302bb-512f-4740-9b33-f965a1421ef6:192.168.69.102:38448, 4615f4ce-fb17-47eb-adee-2d773b6217dc:192.168.69.102:39855, f719301a-9279-420f-b7a0-fd7fd360a35b:192.168.69.102:42295], old=null
2019-08-29 16:59:41,949 [4615f4ce-fb17-47eb-adee-2d773b6217dc:group-F7BBA9C4C5F4:LeaderElection81] INFO  impl.LeaderElection (LogUtils.java:infoOrTrace(149)) - 4615f4ce-fb17-47eb-adee-2d773b6217dc:group-F7BBA9C4C5F4:LeaderElection81 got exception when requesting votes: {}
java.util.concurrent.ExecutionException: org.apache.ratis.thirdparty.io.grpc.StatusRuntimeException: UNAVAILABLE: io exception
	at java.util.concurrent.FutureTask.report(FutureTask.java:122)
	at java.util.concurrent.FutureTask.get(FutureTask.java:192)
	at org.apache.ratis.server.impl.LeaderElection.waitForResults(LeaderElection.java:262)
	at org.apache.ratis.server.impl.LeaderElection.askForVotes(LeaderElection.java:200)
	at org.apache.ratis.server.impl.LeaderElection.run(LeaderElection.java:130)
	at java.lang.Thread.run(Thread.java:748)
Caused by: org.apache.ratis.thirdparty.io.grpc.StatusRuntimeException: UNAVAILABLE: io exception
	at org.apache.ratis.thirdparty.io.grpc.stub.ClientCalls.toStatusRuntimeException(ClientCalls.java:233)
	at org.apache.ratis.thirdparty.io.grpc.stub.ClientCalls.getUnchecked(ClientCalls.java:214)
	at org.apache.ratis.thirdparty.io.grpc.stub.ClientCalls.blockingUnaryCall(ClientCalls.java:139)
	at org.apache.ratis.proto.grpc.RaftServerProtocolServiceGrpc$RaftServerProtocolServiceBlockingStub.requestVote(RaftServerProtocolServiceGrpc.java:265)
	at org.apache.ratis.grpc.server.GrpcServerProtocolClient.requestVote(GrpcServerProtocolClient.java:83)
	at org.apache.ratis.grpc.server.GrpcService.requestVote(GrpcService.java:195)
	at org.apache.ratis.server.impl.LeaderElection.lambda$submitRequests$1(LeaderElection.java:237)
	at java.util.concurrent.FutureTask.run(FutureTask.java:266)
	at java.util.concurrent.Executors$RunnableAdapter.call(Executors.java:511)
	at java.util.concurrent.FutureTask.run(FutureTask.java:266)
	at java.util.concurrent.ThreadPoolExecutor.runWorker(ThreadPoolExecutor.java:1149)
	at java.util.concurrent.ThreadPoolExecutor$Worker.run(ThreadPoolExecutor.java:624)
	... 1 more
Caused by: org.apache.ratis.thirdparty.io.netty.channel.AbstractChannel$AnnotatedConnectException: Connection refused: /192.168.69.102:38448
	at sun.nio.ch.SocketChannelImpl.checkConnect(Native Method)
	at sun.nio.ch.SocketChannelImpl.finishConnect(SocketChannelImpl.java:717)
	at org.apache.ratis.thirdparty.io.netty.channel.socket.nio.NioSocketChannel.doFinishConnect(NioSocketChannel.java:327)
	at org.apache.ratis.thirdparty.io.netty.channel.nio.AbstractNioChannel$AbstractNioUnsafe.finishConnect(AbstractNioChannel.java:340)
	at org.apache.ratis.thirdparty.io.netty.channel.nio.NioEventLoop.processSelectedKey(NioEventLoop.java:632)
	at org.apache.ratis.thirdparty.io.netty.channel.nio.NioEventLoop.processSelectedKeysOptimized(NioEventLoop.java:579)
	at org.apache.ratis.thirdparty.io.netty.channel.nio.NioEventLoop.processSelectedKeys(NioEventLoop.java:496)
	at org.apache.ratis.thirdparty.io.netty.channel.nio.NioEventLoop.run(NioEventLoop.java:458)
	at org.apache.ratis.thirdparty.io.netty.util.concurrent.SingleThreadEventExecutor$5.run(SingleThreadEventExecutor.java:897)
	at org.apache.ratis.thirdparty.io.netty.util.concurrent.FastThreadLocalRunnable.run(FastThreadLocalRunnable.java:30)
	... 1 more
Caused by: java.net.ConnectException: Connection refused
	... 11 more
2019-08-29 16:59:41,950 [4615f4ce-fb17-47eb-adee-2d773b6217dc:group-F7BBA9C4C5F4:LeaderElection81] INFO  impl.LeaderElection (LogUtils.java:infoOrTrace(149)) - 4615f4ce-fb17-47eb-adee-2d773b6217dc:group-F7BBA9C4C5F4:LeaderElection81 got exception when requesting votes: {}
java.util.concurrent.ExecutionException: org.apache.ratis.thirdparty.io.grpc.StatusRuntimeException: UNAVAILABLE: io exception
	at java.util.concurrent.FutureTask.report(FutureTask.java:122)
	at java.util.concurrent.FutureTask.get(FutureTask.java:192)
	at org.apache.ratis.server.impl.LeaderElection.waitForResults(LeaderElection.java:262)
	at org.apache.ratis.server.impl.LeaderElection.askForVotes(LeaderElection.java:200)
	at org.apache.ratis.server.impl.LeaderElection.run(LeaderElection.java:130)
	at java.lang.Thread.run(Thread.java:748)
Caused by: org.apache.ratis.thirdparty.io.grpc.StatusRuntimeException: UNAVAILABLE: io exception
	at org.apache.ratis.thirdparty.io.grpc.stub.ClientCalls.toStatusRuntimeException(ClientCalls.java:233)
	at org.apache.ratis.thirdparty.io.grpc.stub.ClientCalls.getUnchecked(ClientCalls.java:214)
	at org.apache.ratis.thirdparty.io.grpc.stub.ClientCalls.blockingUnaryCall(ClientCalls.java:139)
	at org.apache.ratis.proto.grpc.RaftServerProtocolServiceGrpc$RaftServerProtocolServiceBlockingStub.requestVote(RaftServerProtocolServiceGrpc.java:265)
	at org.apache.ratis.grpc.server.GrpcServerProtocolClient.requestVote(GrpcServerProtocolClient.java:83)
	at org.apache.ratis.grpc.server.GrpcService.requestVote(GrpcService.java:195)
	at org.apache.ratis.server.impl.LeaderElection.lambda$submitRequests$1(LeaderElection.java:237)
	at java.util.concurrent.FutureTask.run(FutureTask.java:266)
	at java.util.concurrent.Executors$RunnableAdapter.call(Executors.java:511)
	at java.util.concurrent.FutureTask.run(FutureTask.java:266)
	at java.util.concurrent.ThreadPoolExecutor.runWorker(ThreadPoolExecutor.java:1149)
	at java.util.concurrent.ThreadPoolExecutor$Worker.run(ThreadPoolExecutor.java:624)
	... 1 more
Caused by: org.apache.ratis.thirdparty.io.netty.channel.AbstractChannel$AnnotatedConnectException: Connection refused: /192.168.69.102:42295
	at sun.nio.ch.SocketChannelImpl.checkConnect(Native Method)
	at sun.nio.ch.SocketChannelImpl.finishConnect(SocketChannelImpl.java:717)
	at org.apache.ratis.thirdparty.io.netty.channel.socket.nio.NioSocketChannel.doFinishConnect(NioSocketChannel.java:327)
	at org.apache.ratis.thirdparty.io.netty.channel.nio.AbstractNioChannel$AbstractNioUnsafe.finishConnect(AbstractNioChannel.java:340)
	at org.apache.ratis.thirdparty.io.netty.channel.nio.NioEventLoop.processSelectedKey(NioEventLoop.java:632)
	at org.apache.ratis.thirdparty.io.netty.channel.nio.NioEventLoop.processSelectedKeysOptimized(NioEventLoop.java:579)
	at org.apache.ratis.thirdparty.io.netty.channel.nio.NioEventLoop.processSelectedKeys(NioEventLoop.java:496)
	at org.apache.ratis.thirdparty.io.netty.channel.nio.NioEventLoop.run(NioEventLoop.java:458)
	at org.apache.ratis.thirdparty.io.netty.util.concurrent.SingleThreadEventExecutor$5.run(SingleThreadEventExecutor.java:897)
	at org.apache.ratis.thirdparty.io.netty.util.concurrent.FastThreadLocalRunnable.run(FastThreadLocalRunnable.java:30)
	... 1 more
Caused by: java.net.ConnectException: Connection refused
	... 11 more
2019-08-29 16:59:41,952 [4615f4ce-fb17-47eb-adee-2d773b6217dc:group-F7BBA9C4C5F4:LeaderElection81] INFO  impl.LeaderElection (LeaderElection.java:logAndReturn(56)) - 4615f4ce-fb17-47eb-adee-2d773b6217dc:group-F7BBA9C4C5F4:LeaderElection81: Election REJECTED; received 0 response(s) [] and 2 exception(s); 4615f4ce-fb17-47eb-adee-2d773b6217dc:t4, leader=null, voted=4615f4ce-fb17-47eb-adee-2d773b6217dc, raftlog=4615f4ce-fb17-47eb-adee-2d773b6217dc-SegmentedRaftLog:OPENED:c14,f14,i14, conf=0: [805302bb-512f-4740-9b33-f965a1421ef6:192.168.69.102:38448, 4615f4ce-fb17-47eb-adee-2d773b6217dc:192.168.69.102:39855, f719301a-9279-420f-b7a0-fd7fd360a35b:192.168.69.102:42295], old=null
2019-08-29 16:59:41,952 [4615f4ce-fb17-47eb-adee-2d773b6217dc:group-F7BBA9C4C5F4:LeaderElection81] INFO  impl.LeaderElection (LogUtils.java:infoOrTrace(149)) -   Exception 0: {}
java.util.concurrent.ExecutionException: org.apache.ratis.thirdparty.io.grpc.StatusRuntimeException: UNAVAILABLE: io exception
	at java.util.concurrent.FutureTask.report(FutureTask.java:122)
	at java.util.concurrent.FutureTask.get(FutureTask.java:192)
	at org.apache.ratis.server.impl.LeaderElection.waitForResults(LeaderElection.java:262)
	at org.apache.ratis.server.impl.LeaderElection.askForVotes(LeaderElection.java:200)
	at org.apache.ratis.server.impl.LeaderElection.run(LeaderElection.java:130)
	at java.lang.Thread.run(Thread.java:748)
Caused by: org.apache.ratis.thirdparty.io.grpc.StatusRuntimeException: UNAVAILABLE: io exception
	at org.apache.ratis.thirdparty.io.grpc.stub.ClientCalls.toStatusRuntimeException(ClientCalls.java:233)
	at org.apache.ratis.thirdparty.io.grpc.stub.ClientCalls.getUnchecked(ClientCalls.java:214)
	at org.apache.ratis.thirdparty.io.grpc.stub.ClientCalls.blockingUnaryCall(ClientCalls.java:139)
	at org.apache.ratis.proto.grpc.RaftServerProtocolServiceGrpc$RaftServerProtocolServiceBlockingStub.requestVote(RaftServerProtocolServiceGrpc.java:265)
	at org.apache.ratis.grpc.server.GrpcServerProtocolClient.requestVote(GrpcServerProtocolClient.java:83)
	at org.apache.ratis.grpc.server.GrpcService.requestVote(GrpcService.java:195)
	at org.apache.ratis.server.impl.LeaderElection.lambda$submitRequests$1(LeaderElection.java:237)
	at java.util.concurrent.FutureTask.run(FutureTask.java:266)
	at java.util.concurrent.Executors$RunnableAdapter.call(Executors.java:511)
	at java.util.concurrent.FutureTask.run(FutureTask.java:266)
	at java.util.concurrent.ThreadPoolExecutor.runWorker(ThreadPoolExecutor.java:1149)
	at java.util.concurrent.ThreadPoolExecutor$Worker.run(ThreadPoolExecutor.java:624)
	... 1 more
Caused by: org.apache.ratis.thirdparty.io.netty.channel.AbstractChannel$AnnotatedConnectException: Connection refused: /192.168.69.102:38448
	at sun.nio.ch.SocketChannelImpl.checkConnect(Native Method)
	at sun.nio.ch.SocketChannelImpl.finishConnect(SocketChannelImpl.java:717)
	at org.apache.ratis.thirdparty.io.netty.channel.socket.nio.NioSocketChannel.doFinishConnect(NioSocketChannel.java:327)
	at org.apache.ratis.thirdparty.io.netty.channel.nio.AbstractNioChannel$AbstractNioUnsafe.finishConnect(AbstractNioChannel.java:340)
	at org.apache.ratis.thirdparty.io.netty.channel.nio.NioEventLoop.processSelectedKey(NioEventLoop.java:632)
	at org.apache.ratis.thirdparty.io.netty.channel.nio.NioEventLoop.processSelectedKeysOptimized(NioEventLoop.java:579)
	at org.apache.ratis.thirdparty.io.netty.channel.nio.NioEventLoop.processSelectedKeys(NioEventLoop.java:496)
	at org.apache.ratis.thirdparty.io.netty.channel.nio.NioEventLoop.run(NioEventLoop.java:458)
	at org.apache.ratis.thirdparty.io.netty.util.concurrent.SingleThreadEventExecutor$5.run(SingleThreadEventExecutor.java:897)
	at org.apache.ratis.thirdparty.io.netty.util.concurrent.FastThreadLocalRunnable.run(FastThreadLocalRunnable.java:30)
	... 1 more
Caused by: java.net.ConnectException: Connection refused
	... 11 more
2019-08-29 16:59:41,953 [4615f4ce-fb17-47eb-adee-2d773b6217dc:group-F7BBA9C4C5F4:LeaderElection81] INFO  impl.LeaderElection (LogUtils.java:infoOrTrace(149)) -   Exception 1: {}
java.util.concurrent.ExecutionException: org.apache.ratis.thirdparty.io.grpc.StatusRuntimeException: UNAVAILABLE: io exception
	at java.util.concurrent.FutureTask.report(FutureTask.java:122)
	at java.util.concurrent.FutureTask.get(FutureTask.java:192)
	at org.apache.ratis.server.impl.LeaderElection.waitForResults(LeaderElection.java:262)
	at org.apache.ratis.server.impl.LeaderElection.askForVotes(LeaderElection.java:200)
	at org.apache.ratis.server.impl.LeaderElection.run(LeaderElection.java:130)
	at java.lang.Thread.run(Thread.java:748)
Caused by: org.apache.ratis.thirdparty.io.grpc.StatusRuntimeException: UNAVAILABLE: io exception
	at org.apache.ratis.thirdparty.io.grpc.stub.ClientCalls.toStatusRuntimeException(ClientCalls.java:233)
	at org.apache.ratis.thirdparty.io.grpc.stub.ClientCalls.getUnchecked(ClientCalls.java:214)
	at org.apache.ratis.thirdparty.io.grpc.stub.ClientCalls.blockingUnaryCall(ClientCalls.java:139)
	at org.apache.ratis.proto.grpc.RaftServerProtocolServiceGrpc$RaftServerProtocolServiceBlockingStub.requestVote(RaftServerProtocolServiceGrpc.java:265)
	at org.apache.ratis.grpc.server.GrpcServerProtocolClient.requestVote(GrpcServerProtocolClient.java:83)
	at org.apache.ratis.grpc.server.GrpcService.requestVote(GrpcService.java:195)
	at org.apache.ratis.server.impl.LeaderElection.lambda$submitRequests$1(LeaderElection.java:237)
	at java.util.concurrent.FutureTask.run(FutureTask.java:266)
	at java.util.concurrent.Executors$RunnableAdapter.call(Executors.java:511)
	at java.util.concurrent.FutureTask.run(FutureTask.java:266)
	at java.util.concurrent.ThreadPoolExecutor.runWorker(ThreadPoolExecutor.java:1149)
	at java.util.concurrent.ThreadPoolExecutor$Worker.run(ThreadPoolExecutor.java:624)
	... 1 more
Caused by: org.apache.ratis.thirdparty.io.netty.channel.AbstractChannel$AnnotatedConnectException: Connection refused: /192.168.69.102:42295
	at sun.nio.ch.SocketChannelImpl.checkConnect(Native Method)
	at sun.nio.ch.SocketChannelImpl.finishConnect(SocketChannelImpl.java:717)
	at org.apache.ratis.thirdparty.io.netty.channel.socket.nio.NioSocketChannel.doFinishConnect(NioSocketChannel.java:327)
	at org.apache.ratis.thirdparty.io.netty.channel.nio.AbstractNioChannel$AbstractNioUnsafe.finishConnect(AbstractNioChannel.java:340)
	at org.apache.ratis.thirdparty.io.netty.channel.nio.NioEventLoop.processSelectedKey(NioEventLoop.java:632)
	at org.apache.ratis.thirdparty.io.netty.channel.nio.NioEventLoop.processSelectedKeysOptimized(NioEventLoop.java:579)
	at org.apache.ratis.thirdparty.io.netty.channel.nio.NioEventLoop.processSelectedKeys(NioEventLoop.java:496)
	at org.apache.ratis.thirdparty.io.netty.channel.nio.NioEventLoop.run(NioEventLoop.java:458)
	at org.apache.ratis.thirdparty.io.netty.util.concurrent.SingleThreadEventExecutor$5.run(SingleThreadEventExecutor.java:897)
	at org.apache.ratis.thirdparty.io.netty.util.concurrent.FastThreadLocalRunnable.run(FastThreadLocalRunnable.java:30)
	... 1 more
Caused by: java.net.ConnectException: Connection refused
	... 11 more
2019-08-29 16:59:41,953 [4615f4ce-fb17-47eb-adee-2d773b6217dc:group-F7BBA9C4C5F4:LeaderElection81] INFO  impl.RaftServerImpl (RaftServerImpl.java:setRole(171)) - 4615f4ce-fb17-47eb-adee-2d773b6217dc:group-F7BBA9C4C5F4 changes role from CANDIDATE to FOLLOWER at term 4 for DISCOVERED_A_NEW_TERM
2019-08-29 16:59:41,953 [4615f4ce-fb17-47eb-adee-2d773b6217dc:group-F7BBA9C4C5F4:LeaderElection81] INFO  impl.RoleInfo (RoleInfo.java:shutdownLeaderElection(134)) - 4615f4ce-fb17-47eb-adee-2d773b6217dc: shutdown LeaderElection
2019-08-29 16:59:41,953 [4615f4ce-fb17-47eb-adee-2d773b6217dc:group-F7BBA9C4C5F4:LeaderElection81] INFO  impl.RoleInfo (RoleInfo.java:updateAndGet(143)) - 4615f4ce-fb17-47eb-adee-2d773b6217dc: start FollowerState
2019-08-29 16:59:45,892 [EventQueue-StaleNodeForStaleNodeHandler] INFO  node.StaleNodeHandler (StaleNodeHandler.java:onMessage(58)) - Datanode 4615f4ce-fb17-47eb-adee-2d773b6217dc{ip: 192.168.69.102, host: pr-hdds-1413-r8zfz-2367378370, networkLocation: /default-rack, certSerialId: null} moved to stale state. Finalizing its pipelines [PipelineID=61ba28d8-f4ab-4468-b2ca-f5a5c7999996, PipelineID=ac6e50f7-2599-4616-9fe3-f7bba9c4c5f4]
2019-08-29 16:59:45,892 [EventQueue-StaleNodeForStaleNodeHandler] INFO  pipeline.SCMPipelineManager (SCMPipelineManager.java:finalizeAndDestroyPipeline(309)) - destroying pipeline:Pipeline[ Id: 61ba28d8-f4ab-4468-b2ca-f5a5c7999996, Nodes: 4615f4ce-fb17-47eb-adee-2d773b6217dc{ip: 192.168.69.102, host: pr-hdds-1413-r8zfz-2367378370, networkLocation: /default-rack, certSerialId: null}, Type:RATIS, Factor:ONE, State:OPEN]
2019-08-29 16:59:45,892 [EventQueue-StaleNodeForStaleNodeHandler] INFO  pipeline.PipelineStateManager (PipelineStateManager.java:finalizePipeline(123)) - Pipeline Pipeline[ Id: 61ba28d8-f4ab-4468-b2ca-f5a5c7999996, Nodes: 4615f4ce-fb17-47eb-adee-2d773b6217dc{ip: 192.168.69.102, host: pr-hdds-1413-r8zfz-2367378370, networkLocation: /default-rack, certSerialId: null}, Type:RATIS, Factor:ONE, State:CLOSED] moved to CLOSED state
2019-08-29 16:59:45,893 [EventQueue-StaleNodeForStaleNodeHandler] INFO  pipeline.SCMPipelineManager (SCMPipelineManager.java:finalizeAndDestroyPipeline(309)) - destroying pipeline:Pipeline[ Id: ac6e50f7-2599-4616-9fe3-f7bba9c4c5f4, Nodes: 4615f4ce-fb17-47eb-adee-2d773b6217dc{ip: 192.168.69.102, host: pr-hdds-1413-r8zfz-2367378370, networkLocation: /default-rack, certSerialId: null}f719301a-9279-420f-b7a0-fd7fd360a35b{ip: 192.168.69.102, host: pr-hdds-1413-r8zfz-2367378370, networkLocation: /default-rack, certSerialId: null}805302bb-512f-4740-9b33-f965a1421ef6{ip: 192.168.69.102, host: pr-hdds-1413-r8zfz-2367378370, networkLocation: /default-rack, certSerialId: null}, Type:RATIS, Factor:THREE, State:CLOSED]
2019-08-29 16:59:46,680 [main] INFO  ozoneimpl.OzoneContainer (OzoneContainer.java:stop(215)) - Attempting to stop container services.
2019-08-29 16:59:46,681 [main] INFO  impl.RaftServerProxy (RaftServerProxy.java:lambda$close$4(314)) - 4615f4ce-fb17-47eb-adee-2d773b6217dc: close
2019-08-29 16:59:46,681 [main] INFO  impl.RaftServerImpl (RaftServerImpl.java:lambda$shutdown$3(245)) - 4615f4ce-fb17-47eb-adee-2d773b6217dc: shutdown group-F5A5C7999996
2019-08-29 16:59:46,681 [ForkJoinPool.commonPool-worker-1] INFO  impl.RaftServerImpl (RaftServerImpl.java:lambda$shutdown$3(245)) - 4615f4ce-fb17-47eb-adee-2d773b6217dc: shutdown group-F7BBA9C4C5F4
2019-08-29 16:59:46,682 [main] INFO  util.JmxRegister (JmxRegister.java:unregister(73)) - Successfully un-registered JMX Bean with object name Ratis:service=RaftServer,group=group-F5A5C7999996,id=4615f4ce-fb17-47eb-adee-2d773b6217dc
2019-08-29 16:59:46,682 [ForkJoinPool.commonPool-worker-1] INFO  util.JmxRegister (JmxRegister.java:unregister(73)) - Successfully un-registered JMX Bean with object name Ratis:service=RaftServer,group=group-F7BBA9C4C5F4,id=4615f4ce-fb17-47eb-adee-2d773b6217dc
2019-08-29 16:59:46,682 [main] INFO  impl.RoleInfo (RoleInfo.java:shutdownLeaderState(104)) - 4615f4ce-fb17-47eb-adee-2d773b6217dc: shutdown LeaderState
2019-08-29 16:59:46,682 [ForkJoinPool.commonPool-worker-1] INFO  impl.RoleInfo (RoleInfo.java:shutdownFollowerState(121)) - 4615f4ce-fb17-47eb-adee-2d773b6217dc: shutdown FollowerState
2019-08-29 16:59:46,683 [main] INFO  impl.PendingRequests (PendingRequests.java:sendNotLeaderResponses(202)) - 4615f4ce-fb17-47eb-adee-2d773b6217dc-PendingRequests: sendNotLeaderResponses
2019-08-29 16:59:46,683 [StateMachineUpdater:4615f4ce-fb17-47eb-adee-2d773b6217dc:group-F7BBA9C4C5F4] INFO  ratis.ContainerStateMachine (ContainerStateMachine.java:takeSnapshot(284)) - group-F7BBA9C4C5F4: Taking a snapshot at:(t:2, i:14) file /workdir/hadoop-ozone/integration-test/target/test-dir/MiniOzoneClusterImpl-51fe08ff-1c36-40ef-8442-fe9f7994e715/datanode-5/data/ratis/ac6e50f7-2599-4616-9fe3-f7bba9c4c5f4/sm/snapshot.2_14
2019-08-29 16:59:46,683 [Thread-3769] INFO  impl.FollowerState (FollowerState.java:run(114)) - 4615f4ce-fb17-47eb-adee-2d773b6217dc: FollowerState was interrupted: java.lang.InterruptedException: sleep interrupted
2019-08-29 16:59:46,683 [ForkJoinPool.commonPool-worker-1] INFO  impl.StateMachineUpdater (StateMachineUpdater.java:stopAndJoin(115)) - StateMachineUpdater:4615f4ce-fb17-47eb-adee-2d773b6217dc:group-F7BBA9C4C5F4: set stopIndex = 14
2019-08-29 16:59:46,683 [main] INFO  impl.StateMachineUpdater (StateMachineUpdater.java:stopAndJoin(115)) - StateMachineUpdater:4615f4ce-fb17-47eb-adee-2d773b6217dc:group-F5A5C7999996: set stopIndex = 0
2019-08-29 16:59:46,685 [main] INFO  impl.RaftServerImpl (ServerState.java:close(394)) - 4615f4ce-fb17-47eb-adee-2d773b6217dc:group-F5A5C7999996 closes. The last applied log index is 0
2019-08-29 16:59:46,689 [4615f4ce-fb17-47eb-adee-2d773b6217dc-SegmentedRaftLogWorker:Storage Directory /workdir/hadoop-ozone/integration-test/target/test-dir/MiniOzoneClusterImpl-51fe08ff-1c36-40ef-8442-fe9f7994e715/datanode-5/data/ratis/61ba28d8-f4ab-4468-b2ca-f5a5c7999996] INFO  segmented.SegmentedRaftLogWorker (SegmentedRaftLogWorker.java:run(313)) - 4615f4ce-fb17-47eb-adee-2d773b6217dc-SegmentedRaftLogWorker:Storage Directory /workdir/hadoop-ozone/integration-test/target/test-dir/MiniOzoneClusterImpl-51fe08ff-1c36-40ef-8442-fe9f7994e715/datanode-5/data/ratis/61ba28d8-f4ab-4468-b2ca-f5a5c7999996 was interrupted, exiting. There are 0 tasks remaining in the queue.
2019-08-29 16:59:46,689 [main] INFO  segmented.SegmentedRaftLogWorker (SegmentedRaftLogWorker.java:close(228)) - 4615f4ce-fb17-47eb-adee-2d773b6217dc-SegmentedRaftLogWorker:Storage Directory /workdir/hadoop-ozone/integration-test/target/test-dir/MiniOzoneClusterImpl-51fe08ff-1c36-40ef-8442-fe9f7994e715/datanode-5/data/ratis/61ba28d8-f4ab-4468-b2ca-f5a5c7999996 close()
2019-08-29 16:59:46,709 [StateMachineUpdater:4615f4ce-fb17-47eb-adee-2d773b6217dc:group-F7BBA9C4C5F4] INFO  ratis.ContainerStateMachine (ContainerStateMachine.java:takeSnapshot(295)) - group-F7BBA9C4C5F4: Finished taking a snapshot at:(t:2, i:14) file:/workdir/hadoop-ozone/integration-test/target/test-dir/MiniOzoneClusterImpl-51fe08ff-1c36-40ef-8442-fe9f7994e715/datanode-5/data/ratis/ac6e50f7-2599-4616-9fe3-f7bba9c4c5f4/sm/snapshot.2_14 time:26
2019-08-29 16:59:46,709 [StateMachineUpdater:4615f4ce-fb17-47eb-adee-2d773b6217dc:group-F7BBA9C4C5F4] INFO  impl.StateMachineUpdater (StateMachineUpdater.java:takeSnapshot(242)) - StateMachineUpdater:4615f4ce-fb17-47eb-adee-2d773b6217dc:group-F7BBA9C4C5F4: Took a snapshot at index 14
2019-08-29 16:59:46,710 [StateMachineUpdater:4615f4ce-fb17-47eb-adee-2d773b6217dc:group-F7BBA9C4C5F4] INFO  impl.StateMachineUpdater (StateMachineUpdater.java:lambda$new$0(80)) - StateMachineUpdater:4615f4ce-fb17-47eb-adee-2d773b6217dc:group-F7BBA9C4C5F4: snapshotIndex: updateIncreasingly -1 -> 14
2019-08-29 16:59:46,710 [ForkJoinPool.commonPool-worker-1] INFO  impl.RaftServerImpl (ServerState.java:close(394)) - 4615f4ce-fb17-47eb-adee-2d773b6217dc:group-F7BBA9C4C5F4 closes. The last applied log index is 14
2019-08-29 16:59:46,711 [4615f4ce-fb17-47eb-adee-2d773b6217dc-SegmentedRaftLogWorker:Storage Directory /workdir/hadoop-ozone/integration-test/target/test-dir/MiniOzoneClusterImpl-51fe08ff-1c36-40ef-8442-fe9f7994e715/datanode-5/data/ratis/ac6e50f7-2599-4616-9fe3-f7bba9c4c5f4] INFO  segmented.SegmentedRaftLogWorker (SegmentedRaftLogWorker.java:run(313)) - 4615f4ce-fb17-47eb-adee-2d773b6217dc-SegmentedRaftLogWorker:Storage Directory /workdir/hadoop-ozone/integration-test/target/test-dir/MiniOzoneClusterImpl-51fe08ff-1c36-40ef-8442-fe9f7994e715/datanode-5/data/ratis/ac6e50f7-2599-4616-9fe3-f7bba9c4c5f4 was interrupted, exiting. There are 0 tasks remaining in the queue.
2019-08-29 16:59:46,711 [ForkJoinPool.commonPool-worker-1] INFO  segmented.SegmentedRaftLogWorker (SegmentedRaftLogWorker.java:close(228)) - 4615f4ce-fb17-47eb-adee-2d773b6217dc-SegmentedRaftLogWorker:Storage Directory /workdir/hadoop-ozone/integration-test/target/test-dir/MiniOzoneClusterImpl-51fe08ff-1c36-40ef-8442-fe9f7994e715/datanode-5/data/ratis/ac6e50f7-2599-4616-9fe3-f7bba9c4c5f4 close()
2019-08-29 16:59:46,712 [main] INFO  server.GrpcService (GrpcService.java:closeImpl(155)) - 4615f4ce-fb17-47eb-adee-2d773b6217dc: shutdown server with port 39855 now
2019-08-29 16:59:46,712 [main] INFO  server.GrpcService (GrpcService.java:closeImpl(163)) - 4615f4ce-fb17-47eb-adee-2d773b6217dc: shutdown server with port 39855 successfully
2019-08-29 16:59:46,714 [refreshUsed-/workdir/hadoop-ozone/integration-test/target/test-dir/MiniOzoneClusterImpl-51fe08ff-1c36-40ef-8442-fe9f7994e715/datanode-5/data/containers] WARN  fs.CachingGetSpaceUsed (CachingGetSpaceUsed.java:run(183)) - Thread Interrupted waiting to refresh disk information: sleep interrupted
2019-08-29 16:59:46,730 [main] INFO  utils.BackgroundService (BackgroundService.java:shutdown(148)) - Shutting down service BlockDeletingService
2019-08-29 16:59:46,733 [main] INFO  statemachine.DatanodeStateMachine (DatanodeStateMachine.java:stopDaemon(395)) - Ozone container server stopped.
2019-08-29 16:59:46,734 [main] INFO  handler.ContextHandler (ContextHandler.java:doStop(910)) - Stopped o.e.j.w.WebAppContext@2abc55c4{/,null,UNAVAILABLE}{/hddsDatanode}
2019-08-29 16:59:46,734 [main] INFO  server.AbstractConnector (AbstractConnector.java:doStop(318)) - Stopped ServerConnector@4e958f08{HTTP/1.1,[http/1.1]}{0.0.0.0:0}
2019-08-29 16:59:46,735 [main] INFO  handler.ContextHandler (ContextHandler.java:doStop(910)) - Stopped o.e.j.s.ServletContextHandler@2d237460{/static,jar:file:/home/user/.m2/repository/org/apache/hadoop/hadoop-hdds-container-service/0.5.0-SNAPSHOT/hadoop-hdds-container-service-0.5.0-SNAPSHOT.jar!/webapps/static,UNAVAILABLE}
2019-08-29 16:59:46,735 [main] INFO  handler.ContextHandler (ContextHandler.java:doStop(910)) - Stopped o.e.j.s.ServletContextHandler@4eb9ae4d{/logs,file:///workdir/hadoop-ozone/integration-test/target/log,UNAVAILABLE}
2019-08-29 16:59:46,736 [main] INFO  ozone.MiniOzoneClusterImpl (MiniOzoneClusterImpl.java:stop(339)) - Stopping the StorageContainerManager
2019-08-29 16:59:46,736 [main] INFO  server.StorageContainerManager (StorageContainerManager.java:stop(797)) - Stopping Replication Manager Service.
2019-08-29 16:59:46,736 [main] INFO  container.ReplicationManager (ReplicationManager.java:stop(193)) - Stopping Replication Monitor Thread.
2019-08-29 16:59:46,737 [main] INFO  server.StorageContainerManager (StorageContainerManager.java:stop(804)) - Stopping Lease Manager of the command watchers
2019-08-29 16:59:46,737 [main] INFO  server.StorageContainerManager (StorageContainerManager.java:stop(811)) - Stopping datanode service RPC server
2019-08-29 16:59:46,737 [main] INFO  server.SCMDatanodeProtocolServer (SCMDatanodeProtocolServer.java:stop(367)) - Stopping the RPC server for DataNodes
2019-08-29 16:59:46,737 [main] INFO  ipc.Server (Server.java:stop(3082)) - Stopping server on 35442
2019-08-29 16:59:46,739 [IPC Server listener on 35442] INFO  ipc.Server (Server.java:run(1185)) - Stopping IPC Server listener on 35442
2019-08-29 16:59:46,740 [IPC Server Responder] INFO  ipc.Server (Server.java:run(1319)) - Stopping IPC Server Responder
2019-08-29 16:59:46,793 [SCM Heartbeat Processing Thread - 0] WARN  node.NodeStateManager (NodeStateManager.java:scheduleNextHealthCheck(646)) - Current Thread is interrupted, shutting down HB processing thread for Node Manager.
2019-08-29 16:59:46,793 [main] INFO  server.StorageContainerManager (StorageContainerManager.java:stop(819)) - Stopping block service RPC server
2019-08-29 16:59:46,793 [main] INFO  server.SCMBlockProtocolServer (SCMBlockProtocolServer.java:stop(148)) - Stopping the RPC server for Block Protocol
2019-08-29 16:59:46,794 [main] INFO  ipc.Server (Server.java:stop(3082)) - Stopping server on 44372
2019-08-29 16:59:46,795 [IPC Server listener on 44372] INFO  ipc.Server (Server.java:run(1185)) - Stopping IPC Server listener on 44372
2019-08-29 16:59:46,795 [main] INFO  server.StorageContainerManager (StorageContainerManager.java:stop(826)) - Stopping the StorageContainerLocationProtocol RPC server
2019-08-29 16:59:46,797 [main] INFO  server.SCMClientProtocolServer (SCMClientProtocolServer.java:stop(159)) - Stopping the RPC server for Client Protocol
2019-08-29 16:59:46,797 [IPC Server Responder] INFO  ipc.Server (Server.java:run(1319)) - Stopping IPC Server Responder
2019-08-29 16:59:46,797 [main] INFO  ipc.Server (Server.java:stop(3082)) - Stopping server on 37559
2019-08-29 16:59:46,799 [IPC Server listener on 37559] INFO  ipc.Server (Server.java:run(1185)) - Stopping IPC Server listener on 37559
2019-08-29 16:59:46,799 [main] INFO  server.StorageContainerManager (StorageContainerManager.java:stop(833)) - Stopping Storage Container Manager HTTP server.
2019-08-29 16:59:46,801 [IPC Server Responder] INFO  ipc.Server (Server.java:run(1319)) - Stopping IPC Server Responder
2019-08-29 16:59:46,801 [main] INFO  handler.ContextHandler (ContextHandler.java:doStop(910)) - Stopped o.e.j.w.WebAppContext@5a2ae1ab{/,null,UNAVAILABLE}{/scm}
2019-08-29 16:59:46,802 [main] INFO  server.AbstractConnector (AbstractConnector.java:doStop(318)) - Stopped ServerConnector@2bec068b{HTTP/1.1,[http/1.1]}{0.0.0.0:0}
2019-08-29 16:59:46,802 [main] INFO  handler.ContextHandler (ContextHandler.java:doStop(910)) - Stopped o.e.j.s.ServletContextHandler@69a40b3c{/static,file:///workdir/hadoop-ozone/integration-test/target/test-classes/webapps/static,UNAVAILABLE}
2019-08-29 16:59:46,803 [main] INFO  handler.ContextHandler (ContextHandler.java:doStop(910)) - Stopped o.e.j.s.ServletContextHandler@53d6e959{/logs,file:///workdir/hadoop-ozone/integration-test/target/log,UNAVAILABLE}
2019-08-29 16:59:46,803 [main] INFO  server.StorageContainerManager (StorageContainerManager.java:stop(844)) - Stopping Block Manager Service.
2019-08-29 16:59:46,804 [main] INFO  utils.BackgroundService (BackgroundService.java:shutdown(148)) - Shutting down service SCMBlockDeletingService
2019-08-29 16:59:46,804 [main] INFO  utils.BackgroundService (BackgroundService.java:shutdown(148)) - Shutting down service SCMBlockDeletingService
2019-08-29 16:59:46,804 [main] INFO  server.StorageContainerManager (StorageContainerManager.java:stop(866)) - Stopping SCM Event Queue.
2019-08-29 16:59:46,808 [main] INFO  impl.MetricsSystemImpl (MetricsSystemImpl.java:stop(210)) - Stopping HddsDatanode metrics system...
2019-08-29 16:59:46,818 [main] INFO  impl.MetricsSystemImpl (MetricsSystemImpl.java:stop(216)) - HddsDatanode metrics system stopped.
]]></system-out>
  </testcase>
  <testcase name="testFailureWithPrimeSizedData" classname="org.apache.hadoop.ozone.client.rpc.TestBlockOutputStreamWithFailures" time="37.869"/>
  <testcase name="testWatchForCommitWithCloseContainerException" classname="org.apache.hadoop.ozone.client.rpc.TestBlockOutputStreamWithFailures" time="40.736"/>
  <testcase name="testExceptionDuringClose" classname="org.apache.hadoop.ozone.client.rpc.TestBlockOutputStreamWithFailures" time="34.654">
    <failure message="expected:&lt;84&gt; but was:&lt;86&gt;" type="java.lang.AssertionError"><![CDATA[java.lang.AssertionError: expected:<84> but was:<86>
	at org.junit.Assert.fail(Assert.java:88)
	at org.junit.Assert.failNotEquals(Assert.java:743)
	at org.junit.Assert.assertEquals(Assert.java:118)
	at org.junit.Assert.assertEquals(Assert.java:555)
	at org.junit.Assert.assertEquals(Assert.java:542)
	at org.apache.hadoop.ozone.client.rpc.TestBlockOutputStreamWithFailures.testExceptionDuringClose(TestBlockOutputStreamWithFailures.java:726)
	at sun.reflect.NativeMethodAccessorImpl.invoke0(Native Method)
	at sun.reflect.NativeMethodAccessorImpl.invoke(NativeMethodAccessorImpl.java:62)
	at sun.reflect.DelegatingMethodAccessorImpl.invoke(DelegatingMethodAccessorImpl.java:43)
	at java.lang.reflect.Method.invoke(Method.java:498)
	at org.junit.runners.model.FrameworkMethod$1.runReflectiveCall(FrameworkMethod.java:47)
	at org.junit.internal.runners.model.ReflectiveCallable.run(ReflectiveCallable.java:12)
	at org.junit.runners.model.FrameworkMethod.invokeExplosively(FrameworkMethod.java:44)
	at org.junit.internal.runners.statements.InvokeMethod.evaluate(InvokeMethod.java:17)
	at org.junit.internal.runners.statements.RunBefores.evaluate(RunBefores.java:26)
	at org.junit.internal.runners.statements.RunAfters.evaluate(RunAfters.java:27)
	at org.junit.runners.ParentRunner.runLeaf(ParentRunner.java:271)
	at org.junit.runners.BlockJUnit4ClassRunner.runChild(BlockJUnit4ClassRunner.java:70)
	at org.junit.runners.BlockJUnit4ClassRunner.runChild(BlockJUnit4ClassRunner.java:50)
	at org.junit.runners.ParentRunner$3.run(ParentRunner.java:238)
	at org.junit.runners.ParentRunner$1.schedule(ParentRunner.java:63)
	at org.junit.runners.ParentRunner.runChildren(ParentRunner.java:236)
	at org.junit.runners.ParentRunner.access$000(ParentRunner.java:53)
	at org.junit.runners.ParentRunner$2.evaluate(ParentRunner.java:229)
	at org.junit.runners.ParentRunner.run(ParentRunner.java:309)
	at org.apache.maven.surefire.junit4.JUnit4Provider.execute(JUnit4Provider.java:365)
	at org.apache.maven.surefire.junit4.JUnit4Provider.executeWithRerun(JUnit4Provider.java:273)
	at org.apache.maven.surefire.junit4.JUnit4Provider.executeTestSet(JUnit4Provider.java:238)
	at org.apache.maven.surefire.junit4.JUnit4Provider.invoke(JUnit4Provider.java:159)
	at org.apache.maven.surefire.booter.ForkedBooter.invokeProviderInSameClassLoader(ForkedBooter.java:384)
	at org.apache.maven.surefire.booter.ForkedBooter.runSuitesInProcess(ForkedBooter.java:345)
	at org.apache.maven.surefire.booter.ForkedBooter.execute(ForkedBooter.java:126)
	at org.apache.maven.surefire.booter.ForkedBooter.main(ForkedBooter.java:418)
]]></failure>
    <system-out><![CDATA[2019-08-29 17:01:05,478 [main] WARN  server.ServerUtils (ServerUtils.java:getScmDbDir(145)) - ozone.scm.db.dirs is not configured. We recommend adding this setting. Falling back to ozone.metadata.dirs instead.
2019-08-29 17:01:05,507 [main] WARN  server.ServerUtils (ServerUtils.java:getScmDbDir(145)) - ozone.scm.db.dirs is not configured. We recommend adding this setting. Falling back to ozone.metadata.dirs instead.
2019-08-29 17:01:05,508 [main] WARN  server.ServerUtils (ServerUtils.java:getScmDbDir(145)) - ozone.scm.db.dirs is not configured. We recommend adding this setting. Falling back to ozone.metadata.dirs instead.
2019-08-29 17:01:05,509 [main] INFO  db.DBStoreBuilder (DBStoreBuilder.java:addTable(110)) - using custom profile for table: deletedBlocks
2019-08-29 17:01:05,509 [main] INFO  db.DBStoreBuilder (DBStoreBuilder.java:processTables(161)) - Using default column profile:DBProfile.DISK for Table:deletedBlocks
2019-08-29 17:01:05,510 [main] INFO  db.DBStoreBuilder (DBStoreBuilder.java:addTable(110)) - using custom profile for table: validCerts
2019-08-29 17:01:05,510 [main] INFO  db.DBStoreBuilder (DBStoreBuilder.java:processTables(161)) - Using default column profile:DBProfile.DISK for Table:validCerts
2019-08-29 17:01:05,511 [main] INFO  db.DBStoreBuilder (DBStoreBuilder.java:addTable(110)) - using custom profile for table: revokedCerts
2019-08-29 17:01:05,511 [main] INFO  db.DBStoreBuilder (DBStoreBuilder.java:processTables(161)) - Using default column profile:DBProfile.DISK for Table:revokedCerts
2019-08-29 17:01:05,511 [main] INFO  db.DBStoreBuilder (DBStoreBuilder.java:addTable(110)) - using custom profile for table: default
2019-08-29 17:01:05,512 [main] INFO  db.DBStoreBuilder (DBStoreBuilder.java:processTables(167)) - Using default column profile:DBProfile.DISK for Table:default
2019-08-29 17:01:05,512 [main] INFO  db.DBStoreBuilder (DBStoreBuilder.java:getDbProfile(198)) - Using default options. DBProfile.DISK
2019-08-29 17:01:06,051 [main] INFO  net.NodeSchemaLoader (NodeSchemaLoader.java:loadSchemaFromFile(125)) - Loading file from sun.misc.CompoundEnumeration@349312d5
2019-08-29 17:01:06,052 [main] INFO  net.NodeSchemaLoader (NodeSchemaLoader.java:loadSchema(171)) - Loading network topology layer schema file
2019-08-29 17:01:06,058 [main] INFO  node.SCMNodeManager (SCMNodeManager.java:<init>(121)) - Entering startup safe mode.
2019-08-29 17:01:06,059 [main] INFO  algorithms.ContainerPlacementPolicyFactory (ContainerPlacementPolicyFactory.java:getPolicy(55)) - Create container placement policy of type org.apache.hadoop.hdds.scm.container.placement.algorithms.SCMContainerPlacementRandom
2019-08-29 17:01:06,059 [main] WARN  server.ServerUtils (ServerUtils.java:getScmDbDir(145)) - ozone.scm.db.dirs is not configured. We recommend adding this setting. Falling back to ozone.metadata.dirs instead.
2019-08-29 17:01:06,177 [main] INFO  pipeline.SCMPipelineManager (SCMPipelineManager.java:initializePipelineState(126)) - No pipeline exists in current db
2019-08-29 17:01:06,177 [main] WARN  server.ServerUtils (ServerUtils.java:getScmDbDir(145)) - ozone.scm.db.dirs is not configured. We recommend adding this setting. Falling back to ozone.metadata.dirs instead.
2019-08-29 17:01:06,274 [main] WARN  events.EventQueue (EventQueue.java:fireEvent(175)) - No event handler registered for event TypedEvent{payloadType=SafeModeStatus, name='SafeModeStatus'}
2019-08-29 17:01:06,275 [main] INFO  ipc.CallQueueManager (CallQueueManager.java:<init>(84)) - Using callQueue: class java.util.concurrent.LinkedBlockingQueue, queueCapacity: 2000, scheduler: class org.apache.hadoop.ipc.DefaultRpcScheduler, ipcBackoff: false.
2019-08-29 17:01:06,277 [Socket Reader #1 for port 42802] INFO  ipc.Server (Server.java:run(1074)) - Starting Socket Reader #1 for port 42802
2019-08-29 17:01:06,279 [main] INFO  ipc.CallQueueManager (CallQueueManager.java:<init>(84)) - Using callQueue: class java.util.concurrent.LinkedBlockingQueue, queueCapacity: 2000, scheduler: class org.apache.hadoop.ipc.DefaultRpcScheduler, ipcBackoff: false.
2019-08-29 17:01:06,280 [Socket Reader #1 for port 46807] INFO  ipc.Server (Server.java:run(1074)) - Starting Socket Reader #1 for port 46807
2019-08-29 17:01:06,283 [main] INFO  ipc.CallQueueManager (CallQueueManager.java:<init>(84)) - Using callQueue: class java.util.concurrent.LinkedBlockingQueue, queueCapacity: 2000, scheduler: class org.apache.hadoop.ipc.DefaultRpcScheduler, ipcBackoff: false.
2019-08-29 17:01:06,284 [Socket Reader #1 for port 40414] INFO  ipc.Server (Server.java:run(1074)) - Starting Socket Reader #1 for port 40414
2019-08-29 17:01:06,287 [main] INFO  hdfs.DFSUtil (DFSUtil.java:httpServerTemplateForNNAndJN(1641)) - Starting Web-server for scm at: http://0.0.0.0:0
2019-08-29 17:01:06,291 [main] INFO  server.AuthenticationFilter (AuthenticationFilter.java:constructSecretProvider(240)) - Unable to initialize FileSignerSecretProvider, falling back to use random secrets.
2019-08-29 17:01:06,292 [main] WARN  http.HttpRequestLog (HttpRequestLog.java:getRequestLog(97)) - Jetty request log can only be enabled using Log4j
2019-08-29 17:01:06,294 [main] INFO  http.HttpServer2 (HttpServer2.java:addGlobalFilter(975)) - Added global filter 'safety' (class=org.apache.hadoop.http.HttpServer2$QuotingInputFilter)
2019-08-29 17:01:06,294 [main] INFO  http.HttpServer2 (HttpServer2.java:addFilter(948)) - Added filter static_user_filter (class=org.apache.hadoop.http.lib.StaticUserWebFilter$StaticUserFilter) to context scm
2019-08-29 17:01:06,295 [main] INFO  http.HttpServer2 (HttpServer2.java:addFilter(958)) - Added filter static_user_filter (class=org.apache.hadoop.http.lib.StaticUserWebFilter$StaticUserFilter) to context static
2019-08-29 17:01:06,295 [main] INFO  http.HttpServer2 (HttpServer2.java:addFilter(958)) - Added filter static_user_filter (class=org.apache.hadoop.http.lib.StaticUserWebFilter$StaticUserFilter) to context logs
2019-08-29 17:01:06,297 [main] INFO  server.StorageContainerManager (StorageContainerManager.java:start(759)) - StorageContainerLocationProtocol RPC server is listening at /0.0.0.0:40414
2019-08-29 17:01:06,300 [main] WARN  impl.MetricsConfig (MetricsConfig.java:loadFirst(134)) - Cannot locate configuration: tried hadoop-metrics2-storagecontainermanager.properties,hadoop-metrics2.properties
2019-08-29 17:01:06,301 [main] INFO  impl.MetricsSystemImpl (MetricsSystemImpl.java:startTimer(374)) - Scheduled Metric snapshot period at 10 second(s).
2019-08-29 17:01:06,301 [main] INFO  impl.MetricsSystemImpl (MetricsSystemImpl.java:start(191)) - StorageContainerManager metrics system started
2019-08-29 17:01:06,419 [main] INFO  server.SCMClientProtocolServer (SCMClientProtocolServer.java:start(151)) - RPC server for Client  is listening at /0.0.0.0:40414
2019-08-29 17:01:06,419 [IPC Server Responder] INFO  ipc.Server (Server.java:run(1314)) - IPC Server Responder: starting
2019-08-29 17:01:06,420 [IPC Server listener on 40414] INFO  ipc.Server (Server.java:run(1153)) - IPC Server listener on 40414: starting
2019-08-29 17:01:06,423 [main] INFO  server.StorageContainerManager (StorageContainerManager.java:start(769)) - ScmBlockLocationProtocol RPC server is listening at /0.0.0.0:46807
2019-08-29 17:01:06,423 [main] INFO  server.SCMBlockProtocolServer (SCMBlockProtocolServer.java:start(140)) - RPC server for Block Protocol is listening at /0.0.0.0:46807
2019-08-29 17:01:06,423 [IPC Server Responder] INFO  ipc.Server (Server.java:run(1314)) - IPC Server Responder: starting
2019-08-29 17:01:06,424 [IPC Server listener on 46807] INFO  ipc.Server (Server.java:run(1153)) - IPC Server listener on 46807: starting
2019-08-29 17:01:06,427 [main] INFO  server.StorageContainerManager (StorageContainerManager.java:start(773)) - ScmDatanodeProtocl RPC server is listening at /0.0.0.0:42802
2019-08-29 17:01:06,427 [main] INFO  server.SCMDatanodeProtocolServer (SCMDatanodeProtocolServer.java:start(191)) - RPC server for DataNodes is listening at /0.0.0.0:42802
2019-08-29 17:01:06,427 [IPC Server Responder] INFO  ipc.Server (Server.java:run(1314)) - IPC Server Responder: starting
2019-08-29 17:01:06,427 [IPC Server listener on 42802] INFO  ipc.Server (Server.java:run(1153)) - IPC Server listener on 42802: starting
2019-08-29 17:01:06,433 [main] INFO  http.HttpServer2 (HttpServer2.java:bindListener(1191)) - Jetty bound to port 41994
2019-08-29 17:01:06,433 [main] INFO  server.Server (Server.java:doStart(351)) - jetty-9.3.24.v20180605, build timestamp: 2018-06-05T17:11:56Z, git hash: 84205aa28f11a4f31f2a3b86d1bba2cc8ab69827
2019-08-29 17:01:06,435 [main] INFO  handler.ContextHandler (ContextHandler.java:doStart(781)) - Started o.e.j.s.ServletContextHandler@74a85515{/logs,file:///workdir/hadoop-ozone/integration-test/target/log,AVAILABLE}
2019-08-29 17:01:06,435 [main] INFO  handler.ContextHandler (ContextHandler.java:doStart(781)) - Started o.e.j.s.ServletContextHandler@3dfe92ef{/static,file:///workdir/hadoop-ozone/integration-test/target/test-classes/webapps/static,AVAILABLE}
2019-08-29 17:01:06,439 [main] INFO  handler.ContextHandler (ContextHandler.java:doStart(781)) - Started o.e.j.w.WebAppContext@53ba1175{/,file:///workdir/hadoop-ozone/integration-test/target/test-classes/webapps/scm/,AVAILABLE}{/scm}
2019-08-29 17:01:06,439 [main] INFO  server.AbstractConnector (AbstractConnector.java:doStart(278)) - Started ServerConnector@cd5ff55{HTTP/1.1,[http/1.1]}{0.0.0.0:41994}
2019-08-29 17:01:06,442 [main] INFO  server.Server (Server.java:doStart(419)) - Started @714439ms
2019-08-29 17:01:06,443 [main] INFO  server.BaseHttpServer (BaseHttpServer.java:updateConnectorAddress(213)) - HTTP server of SCM is listening at http://0.0.0.0:41994
2019-08-29 17:01:06,444 [main] WARN  server.ServerUtils (ServerUtils.java:getDBPath(222)) - ozone.om.db.dirs is not configured. We recommend adding this setting. Falling back to ozone.metadata.dirs instead.
2019-08-29 17:01:06,444 [org.apache.hadoop.util.JvmPauseMonitor$Monitor@16b64a03] INFO  util.JvmPauseMonitor (JvmPauseMonitor.java:run(188)) - Starting JVM pause monitor
2019-08-29 17:01:06,460 [main] WARN  server.ServerUtils (ServerUtils.java:getDBPath(222)) - ozone.om.db.dirs is not configured. We recommend adding this setting. Falling back to ozone.metadata.dirs instead.
2019-08-29 17:01:06,461 [main] WARN  server.ServerUtils (ServerUtils.java:getDBPath(222)) - ozone.om.db.dirs is not configured. We recommend adding this setting. Falling back to ozone.metadata.dirs instead.
2019-08-29 17:01:06,461 [main] INFO  om.OzoneManager (OzoneManager.java:setOMNodeDetails(645)) - OM Service ID is not set. Setting it to the default ID: omServiceIdDefault
2019-08-29 17:01:06,461 [main] INFO  om.OzoneManager (OzoneManager.java:setOMNodeDetails(651)) - OM Node ID is not set. Setting it to the OmStorage's OmID: 81df55ac-b8b4-40b7-8c08-88dac9f351bd
2019-08-29 17:01:06,462 [main] INFO  om.OzoneManager (OzoneManager.java:loadOMHAConfigs(602)) - Found matching OM address with OMServiceId: null, OMNodeId: null, RPC Address: localhost:0 and Ratis port: 9872
2019-08-29 17:01:06,467 | INFO  | SCMAudit | user=jenkins1000 | ip=192.168.69.102 | op=GET_SCM_INFO null | ret=SUCCESS |  
2019-08-29 17:01:06,469 [main] WARN  server.ServerUtils (ServerUtils.java:getDBPath(222)) - ozone.om.db.dirs is not configured. We recommend adding this setting. Falling back to ozone.metadata.dirs instead.
2019-08-29 17:01:06,469 [main] INFO  db.DBStoreBuilder (DBStoreBuilder.java:addTable(110)) - using custom profile for table: userTable
2019-08-29 17:01:06,469 [main] INFO  db.DBStoreBuilder (DBStoreBuilder.java:processTables(161)) - Using default column profile:DBProfile.DISK for Table:userTable
2019-08-29 17:01:06,469 [main] INFO  db.DBStoreBuilder (DBStoreBuilder.java:addTable(110)) - using custom profile for table: volumeTable
2019-08-29 17:01:06,469 [main] INFO  db.DBStoreBuilder (DBStoreBuilder.java:processTables(161)) - Using default column profile:DBProfile.DISK for Table:volumeTable
2019-08-29 17:01:06,470 [main] INFO  db.DBStoreBuilder (DBStoreBuilder.java:addTable(110)) - using custom profile for table: bucketTable
2019-08-29 17:01:06,470 [main] INFO  db.DBStoreBuilder (DBStoreBuilder.java:processTables(161)) - Using default column profile:DBProfile.DISK for Table:bucketTable
2019-08-29 17:01:06,470 [main] INFO  db.DBStoreBuilder (DBStoreBuilder.java:addTable(110)) - using custom profile for table: keyTable
2019-08-29 17:01:06,470 [main] INFO  db.DBStoreBuilder (DBStoreBuilder.java:processTables(161)) - Using default column profile:DBProfile.DISK for Table:keyTable
2019-08-29 17:01:06,470 [main] INFO  db.DBStoreBuilder (DBStoreBuilder.java:addTable(110)) - using custom profile for table: deletedTable
2019-08-29 17:01:06,470 [main] INFO  db.DBStoreBuilder (DBStoreBuilder.java:processTables(161)) - Using default column profile:DBProfile.DISK for Table:deletedTable
2019-08-29 17:01:06,471 [main] INFO  db.DBStoreBuilder (DBStoreBuilder.java:addTable(110)) - using custom profile for table: openKeyTable
2019-08-29 17:01:06,471 [main] INFO  db.DBStoreBuilder (DBStoreBuilder.java:processTables(161)) - Using default column profile:DBProfile.DISK for Table:openKeyTable
2019-08-29 17:01:06,471 [main] INFO  db.DBStoreBuilder (DBStoreBuilder.java:addTable(110)) - using custom profile for table: s3Table
2019-08-29 17:01:06,471 [main] INFO  db.DBStoreBuilder (DBStoreBuilder.java:processTables(161)) - Using default column profile:DBProfile.DISK for Table:s3Table
2019-08-29 17:01:06,471 [main] INFO  db.DBStoreBuilder (DBStoreBuilder.java:addTable(110)) - using custom profile for table: multipartInfoTable
2019-08-29 17:01:06,472 [main] INFO  db.DBStoreBuilder (DBStoreBuilder.java:processTables(161)) - Using default column profile:DBProfile.DISK for Table:multipartInfoTable
2019-08-29 17:01:06,472 [main] INFO  db.DBStoreBuilder (DBStoreBuilder.java:addTable(110)) - using custom profile for table: dTokenTable
2019-08-29 17:01:06,472 [main] INFO  db.DBStoreBuilder (DBStoreBuilder.java:processTables(161)) - Using default column profile:DBProfile.DISK for Table:dTokenTable
2019-08-29 17:01:06,472 [main] INFO  db.DBStoreBuilder (DBStoreBuilder.java:addTable(110)) - using custom profile for table: s3SecretTable
2019-08-29 17:01:06,472 [main] INFO  db.DBStoreBuilder (DBStoreBuilder.java:processTables(161)) - Using default column profile:DBProfile.DISK for Table:s3SecretTable
2019-08-29 17:01:06,473 [main] INFO  db.DBStoreBuilder (DBStoreBuilder.java:addTable(110)) - using custom profile for table: prefixTable
2019-08-29 17:01:06,473 [main] INFO  db.DBStoreBuilder (DBStoreBuilder.java:processTables(161)) - Using default column profile:DBProfile.DISK for Table:prefixTable
2019-08-29 17:01:06,473 [main] INFO  db.DBStoreBuilder (DBStoreBuilder.java:addTable(110)) - using custom profile for table: default
2019-08-29 17:01:06,473 [main] INFO  db.DBStoreBuilder (DBStoreBuilder.java:processTables(167)) - Using default column profile:DBProfile.DISK for Table:default
2019-08-29 17:01:06,473 [main] INFO  db.DBStoreBuilder (DBStoreBuilder.java:getDbProfile(198)) - Using default options. DBProfile.DISK
2019-08-29 17:01:07,152 [main] INFO  ipc.CallQueueManager (CallQueueManager.java:<init>(84)) - Using callQueue: class java.util.concurrent.LinkedBlockingQueue, queueCapacity: 2000, scheduler: class org.apache.hadoop.ipc.DefaultRpcScheduler, ipcBackoff: false.
2019-08-29 17:01:07,153 [Socket Reader #1 for port 45071] INFO  ipc.Server (Server.java:run(1074)) - Starting Socket Reader #1 for port 45071
2019-08-29 17:01:07,169 [main] INFO  om.OzoneManager (OzoneManager.java:start(1256)) - OzoneManager RPC server is listening at localhost/127.0.0.1:45071
2019-08-29 17:01:07,169 [main] INFO  impl.MetricsSystemImpl (MetricsSystemImpl.java:init(158)) - OzoneManager metrics system started (again)
2019-08-29 17:01:07,170 [IPC Server Responder] INFO  ipc.Server (Server.java:run(1314)) - IPC Server Responder: starting
2019-08-29 17:01:07,170 [IPC Server listener on 45071] INFO  ipc.Server (Server.java:run(1153)) - IPC Server listener on 45071: starting
2019-08-29 17:01:07,176 [main] INFO  hdfs.DFSUtil (DFSUtil.java:httpServerTemplateForNNAndJN(1641)) - Starting Web-server for ozoneManager at: http://0.0.0.0:0
2019-08-29 17:01:07,178 [main] INFO  server.AuthenticationFilter (AuthenticationFilter.java:constructSecretProvider(240)) - Unable to initialize FileSignerSecretProvider, falling back to use random secrets.
2019-08-29 17:01:07,178 [main] WARN  http.HttpRequestLog (HttpRequestLog.java:getRequestLog(97)) - Jetty request log can only be enabled using Log4j
2019-08-29 17:01:07,180 [main] INFO  http.HttpServer2 (HttpServer2.java:addGlobalFilter(975)) - Added global filter 'safety' (class=org.apache.hadoop.http.HttpServer2$QuotingInputFilter)
2019-08-29 17:01:07,181 [main] INFO  http.HttpServer2 (HttpServer2.java:addFilter(948)) - Added filter static_user_filter (class=org.apache.hadoop.http.lib.StaticUserWebFilter$StaticUserFilter) to context ozoneManager
2019-08-29 17:01:07,181 [main] INFO  http.HttpServer2 (HttpServer2.java:addFilter(958)) - Added filter static_user_filter (class=org.apache.hadoop.http.lib.StaticUserWebFilter$StaticUserFilter) to context static
2019-08-29 17:01:07,181 [main] INFO  http.HttpServer2 (HttpServer2.java:addFilter(958)) - Added filter static_user_filter (class=org.apache.hadoop.http.lib.StaticUserWebFilter$StaticUserFilter) to context logs
2019-08-29 17:01:07,182 [main] INFO  http.HttpServer2 (HttpServer2.java:bindListener(1191)) - Jetty bound to port 39100
2019-08-29 17:01:07,183 [main] INFO  server.Server (Server.java:doStart(351)) - jetty-9.3.24.v20180605, build timestamp: 2018-06-05T17:11:56Z, git hash: 84205aa28f11a4f31f2a3b86d1bba2cc8ab69827
2019-08-29 17:01:07,184 [main] INFO  handler.ContextHandler (ContextHandler.java:doStart(781)) - Started o.e.j.s.ServletContextHandler@7d61468c{/logs,file:///workdir/hadoop-ozone/integration-test/target/log,AVAILABLE}
2019-08-29 17:01:07,185 [main] INFO  handler.ContextHandler (ContextHandler.java:doStart(781)) - Started o.e.j.s.ServletContextHandler@4b98225c{/static,file:///workdir/hadoop-ozone/integration-test/target/test-classes/webapps/static,AVAILABLE}
2019-08-29 17:01:07,190 [main] INFO  handler.ContextHandler (ContextHandler.java:doStart(781)) - Started o.e.j.w.WebAppContext@e881e46{/,file:///workdir/hadoop-ozone/integration-test/target/test-classes/webapps/ozoneManager/,AVAILABLE}{/ozoneManager}
2019-08-29 17:01:07,190 [main] INFO  server.AbstractConnector (AbstractConnector.java:doStart(278)) - Started ServerConnector@657b3b{HTTP/1.1,[http/1.1]}{0.0.0.0:39100}
2019-08-29 17:01:07,191 [main] INFO  server.Server (Server.java:doStart(419)) - Started @715188ms
2019-08-29 17:01:07,192 [main] INFO  server.BaseHttpServer (BaseHttpServer.java:updateConnectorAddress(213)) - HTTP server of OZONEMANAGER is listening at http://0.0.0.0:39100
2019-08-29 17:01:07,210 [main] INFO  impl.MetricsSystemImpl (MetricsSystemImpl.java:init(158)) - HddsDatanode metrics system started (again)
2019-08-29 17:01:07,212 [main] INFO  ozone.HddsDatanodeService (HddsDatanodeService.java:start(184)) - HddsDatanodeService host:pr-hdds-1413-r8zfz-2367378370 ip:192.168.69.102
2019-08-29 17:01:07,219 [main] INFO  volume.HddsVolume (HddsVolume.java:<init>(176)) - Creating Volume: /workdir/hadoop-ozone/integration-test/target/test-dir/MiniOzoneClusterImpl-6f429aea-cb1e-4c0a-a3f8-3b3e3b27620e/datanode-0/data/containers/hdds of  storage type : DISK and capacity : 1482555576320
2019-08-29 17:01:07,220 [main] INFO  volume.VolumeSet (VolumeSet.java:initializeVolumeSet(170)) - Added Volume : /workdir/hadoop-ozone/integration-test/target/test-dir/MiniOzoneClusterImpl-6f429aea-cb1e-4c0a-a3f8-3b3e3b27620e/datanode-0/data/containers/hdds to VolumeSet
2019-08-29 17:01:07,220 [main] INFO  volume.ThrottledAsyncChecker (ThrottledAsyncChecker.java:schedule(140)) - Scheduling a check for org.apache.hadoop.ozone.container.common.volume.HddsVolume@3c09a350
2019-08-29 17:01:07,221 [main] INFO  volume.HddsVolumeChecker (HddsVolumeChecker.java:checkAllVolumes(203)) - Scheduled health check for volume org.apache.hadoop.ozone.container.common.volume.HddsVolume@3c09a350
2019-08-29 17:01:07,238 [main] INFO  impl.RaftServerProxy (ConfUtils.java:logGet(43)) - raft.rpc.type = GRPC (default)
2019-08-29 17:01:07,238 [main] INFO  grpc.GrpcFactory (GrpcFactory.java:checkPooledByteBufAllocatorUseCacheForAllThreads(45)) - PERFORMANCE WARNING: useCacheForAllThreads is true that may cause Netty to create a lot garbage objects and, as a result, trigger GC.
	It is recommended to disable useCacheForAllThreads by setting -Dorg.apache.ratis.thirdparty.io.netty.allocator.useCacheForAllThreads=false in command line.
2019-08-29 17:01:07,238 [main] INFO  grpc.GrpcConfigKeys$Server (ConfUtils.java:logGet(43)) - raft.grpc.server.port = 0 (default)
2019-08-29 17:01:07,239 [main] INFO  server.GrpcService (ConfUtils.java:logGet(43)) - raft.grpc.message.size.max = 33570816 (custom)
2019-08-29 17:01:07,239 [main] INFO  server.RaftServerConfigKeys (ConfUtils.java:logGet(43)) - raft.server.log.appender.buffer.byte-limit = 33554432 (custom)
2019-08-29 17:01:07,239 [main] INFO  server.GrpcService (ConfUtils.java:logGet(43)) - raft.grpc.flow.control.window = 1MB (=1048576) (default)
2019-08-29 17:01:07,239 [main] INFO  server.RaftServerConfigKeys (ConfUtils.java:logGet(43)) - raft.server.rpc.request.timeout = 3000ms (default)
2019-08-29 17:01:07,240 [main] INFO  server.RaftServerConfigKeys (ConfUtils.java:logGet(43)) - raft.server.storage.dir = [/workdir/hadoop-ozone/integration-test/target/test-dir/MiniOzoneClusterImpl-6f429aea-cb1e-4c0a-a3f8-3b3e3b27620e/datanode-0/data/ratis] (custom)
2019-08-29 17:01:07,241 [main] INFO  hdfs.DFSUtil (DFSUtil.java:httpServerTemplateForNNAndJN(1641)) - Starting Web-server for hddsDatanode at: http://0.0.0.0:0
2019-08-29 17:01:07,243 [main] INFO  server.AuthenticationFilter (AuthenticationFilter.java:constructSecretProvider(240)) - Unable to initialize FileSignerSecretProvider, falling back to use random secrets.
2019-08-29 17:01:07,243 [main] WARN  http.HttpRequestLog (HttpRequestLog.java:getRequestLog(97)) - Jetty request log can only be enabled using Log4j
2019-08-29 17:01:07,245 [main] INFO  http.HttpServer2 (HttpServer2.java:addGlobalFilter(975)) - Added global filter 'safety' (class=org.apache.hadoop.http.HttpServer2$QuotingInputFilter)
2019-08-29 17:01:07,246 [main] INFO  http.HttpServer2 (HttpServer2.java:addFilter(948)) - Added filter static_user_filter (class=org.apache.hadoop.http.lib.StaticUserWebFilter$StaticUserFilter) to context hddsDatanode
2019-08-29 17:01:07,246 [main] INFO  http.HttpServer2 (HttpServer2.java:addFilter(958)) - Added filter static_user_filter (class=org.apache.hadoop.http.lib.StaticUserWebFilter$StaticUserFilter) to context logs
2019-08-29 17:01:07,246 [main] INFO  http.HttpServer2 (HttpServer2.java:addFilter(958)) - Added filter static_user_filter (class=org.apache.hadoop.http.lib.StaticUserWebFilter$StaticUserFilter) to context static
2019-08-29 17:01:07,247 [main] INFO  http.HttpServer2 (HttpServer2.java:bindListener(1191)) - Jetty bound to port 44403
2019-08-29 17:01:07,247 [main] INFO  server.Server (Server.java:doStart(351)) - jetty-9.3.24.v20180605, build timestamp: 2018-06-05T17:11:56Z, git hash: 84205aa28f11a4f31f2a3b86d1bba2cc8ab69827
2019-08-29 17:01:07,249 [main] INFO  handler.ContextHandler (ContextHandler.java:doStart(781)) - Started o.e.j.s.ServletContextHandler@473847fb{/logs,file:///workdir/hadoop-ozone/integration-test/target/log,AVAILABLE}
2019-08-29 17:01:07,249 [main] INFO  handler.ContextHandler (ContextHandler.java:doStart(781)) - Started o.e.j.s.ServletContextHandler@2e1add6f{/static,jar:file:/home/user/.m2/repository/org/apache/hadoop/hadoop-hdds-container-service/0.5.0-SNAPSHOT/hadoop-hdds-container-service-0.5.0-SNAPSHOT.jar!/webapps/static,AVAILABLE}
2019-08-29 17:01:07,284 [main] INFO  handler.ContextHandler (ContextHandler.java:doStart(781)) - Started o.e.j.w.WebAppContext@5e51ec2e{/,file:///tmp/jetty-0.0.0.0-44403-hddsDatanode-_-any-6143868153419164005.dir/webapp/,AVAILABLE}{/hddsDatanode}
2019-08-29 17:01:07,284 [main] INFO  server.AbstractConnector (AbstractConnector.java:doStart(278)) - Started ServerConnector@15f2a43f{HTTP/1.1,[http/1.1]}{0.0.0.0:44403}
2019-08-29 17:01:07,285 [main] INFO  server.Server (Server.java:doStart(419)) - Started @715282ms
2019-08-29 17:01:07,286 [main] INFO  server.BaseHttpServer (BaseHttpServer.java:updateConnectorAddress(213)) - HTTP server of HDDSDATANODE is listening at http://0.0.0.0:44403
2019-08-29 17:01:07,286 [main] INFO  impl.MetricsSystemImpl (MetricsSystemImpl.java:init(158)) - HddsDatanode metrics system started (again)
2019-08-29 17:01:07,289 [main] INFO  ozone.HddsDatanodeService (HddsDatanodeService.java:start(184)) - HddsDatanodeService host:pr-hdds-1413-r8zfz-2367378370 ip:192.168.69.102
2019-08-29 17:01:07,289 [org.apache.hadoop.util.JvmPauseMonitor$Monitor@5b31dc7e] INFO  util.JvmPauseMonitor (JvmPauseMonitor.java:run(188)) - Starting JVM pause monitor
2019-08-29 17:01:07,291 [Datanode State Machine Thread - 0] INFO  datanode.InitDatanodeState (InitDatanodeState.java:persistContainerDatanodeDetails(140)) - DatanodeDetails is persisted to /workdir/hadoop-ozone/integration-test/target/test-dir/MiniOzoneClusterImpl-6f429aea-cb1e-4c0a-a3f8-3b3e3b27620e/datanode-0/meta/datanode.id
2019-08-29 17:01:07,296 [main] INFO  volume.HddsVolume (HddsVolume.java:<init>(176)) - Creating Volume: /workdir/hadoop-ozone/integration-test/target/test-dir/MiniOzoneClusterImpl-6f429aea-cb1e-4c0a-a3f8-3b3e3b27620e/datanode-1/data/containers/hdds of  storage type : DISK and capacity : 1482555576320
2019-08-29 17:01:07,296 [main] INFO  volume.VolumeSet (VolumeSet.java:initializeVolumeSet(170)) - Added Volume : /workdir/hadoop-ozone/integration-test/target/test-dir/MiniOzoneClusterImpl-6f429aea-cb1e-4c0a-a3f8-3b3e3b27620e/datanode-1/data/containers/hdds to VolumeSet
2019-08-29 17:01:07,296 [main] INFO  volume.ThrottledAsyncChecker (ThrottledAsyncChecker.java:schedule(140)) - Scheduling a check for org.apache.hadoop.ozone.container.common.volume.HddsVolume@5ee77baf
2019-08-29 17:01:07,297 [main] INFO  volume.HddsVolumeChecker (HddsVolumeChecker.java:checkAllVolumes(203)) - Scheduled health check for volume org.apache.hadoop.ozone.container.common.volume.HddsVolume@5ee77baf
2019-08-29 17:01:07,310 [main] INFO  impl.RaftServerProxy (ConfUtils.java:logGet(43)) - raft.rpc.type = GRPC (default)
2019-08-29 17:01:07,310 [main] INFO  grpc.GrpcFactory (GrpcFactory.java:checkPooledByteBufAllocatorUseCacheForAllThreads(45)) - PERFORMANCE WARNING: useCacheForAllThreads is true that may cause Netty to create a lot garbage objects and, as a result, trigger GC.
	It is recommended to disable useCacheForAllThreads by setting -Dorg.apache.ratis.thirdparty.io.netty.allocator.useCacheForAllThreads=false in command line.
2019-08-29 17:01:07,311 [main] INFO  grpc.GrpcConfigKeys$Server (ConfUtils.java:logGet(43)) - raft.grpc.server.port = 0 (default)
2019-08-29 17:01:07,311 [main] INFO  server.GrpcService (ConfUtils.java:logGet(43)) - raft.grpc.message.size.max = 33570816 (custom)
2019-08-29 17:01:07,311 [main] INFO  server.RaftServerConfigKeys (ConfUtils.java:logGet(43)) - raft.server.log.appender.buffer.byte-limit = 33554432 (custom)
2019-08-29 17:01:07,311 [main] INFO  server.GrpcService (ConfUtils.java:logGet(43)) - raft.grpc.flow.control.window = 1MB (=1048576) (default)
2019-08-29 17:01:07,311 [main] INFO  server.RaftServerConfigKeys (ConfUtils.java:logGet(43)) - raft.server.rpc.request.timeout = 3000ms (default)
2019-08-29 17:01:07,312 [main] INFO  server.RaftServerConfigKeys (ConfUtils.java:logGet(43)) - raft.server.storage.dir = [/workdir/hadoop-ozone/integration-test/target/test-dir/MiniOzoneClusterImpl-6f429aea-cb1e-4c0a-a3f8-3b3e3b27620e/datanode-1/data/ratis] (custom)
2019-08-29 17:01:07,313 [main] INFO  hdfs.DFSUtil (DFSUtil.java:httpServerTemplateForNNAndJN(1641)) - Starting Web-server for hddsDatanode at: http://0.0.0.0:0
2019-08-29 17:01:07,314 [main] INFO  server.AuthenticationFilter (AuthenticationFilter.java:constructSecretProvider(240)) - Unable to initialize FileSignerSecretProvider, falling back to use random secrets.
2019-08-29 17:01:07,314 [main] WARN  http.HttpRequestLog (HttpRequestLog.java:getRequestLog(97)) - Jetty request log can only be enabled using Log4j
2019-08-29 17:01:07,316 [main] INFO  http.HttpServer2 (HttpServer2.java:addGlobalFilter(975)) - Added global filter 'safety' (class=org.apache.hadoop.http.HttpServer2$QuotingInputFilter)
2019-08-29 17:01:07,316 [main] INFO  http.HttpServer2 (HttpServer2.java:addFilter(948)) - Added filter static_user_filter (class=org.apache.hadoop.http.lib.StaticUserWebFilter$StaticUserFilter) to context hddsDatanode
2019-08-29 17:01:07,316 [main] INFO  http.HttpServer2 (HttpServer2.java:addFilter(958)) - Added filter static_user_filter (class=org.apache.hadoop.http.lib.StaticUserWebFilter$StaticUserFilter) to context static
2019-08-29 17:01:07,316 [main] INFO  http.HttpServer2 (HttpServer2.java:addFilter(958)) - Added filter static_user_filter (class=org.apache.hadoop.http.lib.StaticUserWebFilter$StaticUserFilter) to context logs
2019-08-29 17:01:07,317 [main] INFO  http.HttpServer2 (HttpServer2.java:bindListener(1191)) - Jetty bound to port 42271
2019-08-29 17:01:07,317 [main] INFO  server.Server (Server.java:doStart(351)) - jetty-9.3.24.v20180605, build timestamp: 2018-06-05T17:11:56Z, git hash: 84205aa28f11a4f31f2a3b86d1bba2cc8ab69827
2019-08-29 17:01:07,319 [main] INFO  handler.ContextHandler (ContextHandler.java:doStart(781)) - Started o.e.j.s.ServletContextHandler@4be12f6c{/logs,file:///workdir/hadoop-ozone/integration-test/target/log,AVAILABLE}
2019-08-29 17:01:07,319 [main] INFO  handler.ContextHandler (ContextHandler.java:doStart(781)) - Started o.e.j.s.ServletContextHandler@1d1c37d5{/static,jar:file:/home/user/.m2/repository/org/apache/hadoop/hadoop-hdds-container-service/0.5.0-SNAPSHOT/hadoop-hdds-container-service-0.5.0-SNAPSHOT.jar!/webapps/static,AVAILABLE}
2019-08-29 17:01:07,346 [main] INFO  handler.ContextHandler (ContextHandler.java:doStart(781)) - Started o.e.j.w.WebAppContext@2086d469{/,file:///tmp/jetty-0.0.0.0-42271-hddsDatanode-_-any-3473211616165171751.dir/webapp/,AVAILABLE}{/hddsDatanode}
2019-08-29 17:01:07,347 [main] INFO  server.AbstractConnector (AbstractConnector.java:doStart(278)) - Started ServerConnector@b1d19ff{HTTP/1.1,[http/1.1]}{0.0.0.0:42271}
2019-08-29 17:01:07,348 [main] INFO  server.Server (Server.java:doStart(419)) - Started @715345ms
2019-08-29 17:01:07,349 [main] INFO  server.BaseHttpServer (BaseHttpServer.java:updateConnectorAddress(213)) - HTTP server of HDDSDATANODE is listening at http://0.0.0.0:42271
2019-08-29 17:01:07,349 [main] INFO  impl.MetricsSystemImpl (MetricsSystemImpl.java:init(158)) - HddsDatanode metrics system started (again)
2019-08-29 17:01:07,353 [org.apache.hadoop.util.JvmPauseMonitor$Monitor@5b50e8a1] INFO  util.JvmPauseMonitor (JvmPauseMonitor.java:run(188)) - Starting JVM pause monitor
2019-08-29 17:01:07,353 [main] INFO  ozone.HddsDatanodeService (HddsDatanodeService.java:start(184)) - HddsDatanodeService host:pr-hdds-1413-r8zfz-2367378370 ip:192.168.69.102
2019-08-29 17:01:07,354 [Datanode State Machine Thread - 0] INFO  datanode.InitDatanodeState (InitDatanodeState.java:persistContainerDatanodeDetails(140)) - DatanodeDetails is persisted to /workdir/hadoop-ozone/integration-test/target/test-dir/MiniOzoneClusterImpl-6f429aea-cb1e-4c0a-a3f8-3b3e3b27620e/datanode-1/meta/datanode.id
2019-08-29 17:01:07,360 [main] INFO  volume.HddsVolume (HddsVolume.java:<init>(176)) - Creating Volume: /workdir/hadoop-ozone/integration-test/target/test-dir/MiniOzoneClusterImpl-6f429aea-cb1e-4c0a-a3f8-3b3e3b27620e/datanode-2/data/containers/hdds of  storage type : DISK and capacity : 1482555576320
2019-08-29 17:01:07,360 [main] INFO  volume.VolumeSet (VolumeSet.java:initializeVolumeSet(170)) - Added Volume : /workdir/hadoop-ozone/integration-test/target/test-dir/MiniOzoneClusterImpl-6f429aea-cb1e-4c0a-a3f8-3b3e3b27620e/datanode-2/data/containers/hdds to VolumeSet
2019-08-29 17:01:07,360 [main] INFO  volume.ThrottledAsyncChecker (ThrottledAsyncChecker.java:schedule(140)) - Scheduling a check for org.apache.hadoop.ozone.container.common.volume.HddsVolume@7e8f23ad
2019-08-29 17:01:07,361 [main] INFO  volume.HddsVolumeChecker (HddsVolumeChecker.java:checkAllVolumes(203)) - Scheduled health check for volume org.apache.hadoop.ozone.container.common.volume.HddsVolume@7e8f23ad
2019-08-29 17:01:07,382 [main] INFO  impl.RaftServerProxy (ConfUtils.java:logGet(43)) - raft.rpc.type = GRPC (default)
2019-08-29 17:01:07,382 [main] INFO  grpc.GrpcFactory (GrpcFactory.java:checkPooledByteBufAllocatorUseCacheForAllThreads(45)) - PERFORMANCE WARNING: useCacheForAllThreads is true that may cause Netty to create a lot garbage objects and, as a result, trigger GC.
	It is recommended to disable useCacheForAllThreads by setting -Dorg.apache.ratis.thirdparty.io.netty.allocator.useCacheForAllThreads=false in command line.
2019-08-29 17:01:07,383 [main] INFO  grpc.GrpcConfigKeys$Server (ConfUtils.java:logGet(43)) - raft.grpc.server.port = 0 (default)
2019-08-29 17:01:07,383 [main] INFO  server.GrpcService (ConfUtils.java:logGet(43)) - raft.grpc.message.size.max = 33570816 (custom)
2019-08-29 17:01:07,383 [main] INFO  server.RaftServerConfigKeys (ConfUtils.java:logGet(43)) - raft.server.log.appender.buffer.byte-limit = 33554432 (custom)
2019-08-29 17:01:07,383 [main] INFO  server.GrpcService (ConfUtils.java:logGet(43)) - raft.grpc.flow.control.window = 1MB (=1048576) (default)
2019-08-29 17:01:07,384 [main] INFO  server.RaftServerConfigKeys (ConfUtils.java:logGet(43)) - raft.server.rpc.request.timeout = 3000ms (default)
2019-08-29 17:01:07,384 [main] INFO  server.RaftServerConfigKeys (ConfUtils.java:logGet(43)) - raft.server.storage.dir = [/workdir/hadoop-ozone/integration-test/target/test-dir/MiniOzoneClusterImpl-6f429aea-cb1e-4c0a-a3f8-3b3e3b27620e/datanode-2/data/ratis] (custom)
2019-08-29 17:01:07,386 [main] INFO  hdfs.DFSUtil (DFSUtil.java:httpServerTemplateForNNAndJN(1641)) - Starting Web-server for hddsDatanode at: http://0.0.0.0:0
2019-08-29 17:01:07,387 [main] INFO  server.AuthenticationFilter (AuthenticationFilter.java:constructSecretProvider(240)) - Unable to initialize FileSignerSecretProvider, falling back to use random secrets.
2019-08-29 17:01:07,388 [main] WARN  http.HttpRequestLog (HttpRequestLog.java:getRequestLog(97)) - Jetty request log can only be enabled using Log4j
2019-08-29 17:01:07,389 [main] INFO  http.HttpServer2 (HttpServer2.java:addGlobalFilter(975)) - Added global filter 'safety' (class=org.apache.hadoop.http.HttpServer2$QuotingInputFilter)
2019-08-29 17:01:07,390 [main] INFO  http.HttpServer2 (HttpServer2.java:addFilter(948)) - Added filter static_user_filter (class=org.apache.hadoop.http.lib.StaticUserWebFilter$StaticUserFilter) to context hddsDatanode
2019-08-29 17:01:07,390 [main] INFO  http.HttpServer2 (HttpServer2.java:addFilter(958)) - Added filter static_user_filter (class=org.apache.hadoop.http.lib.StaticUserWebFilter$StaticUserFilter) to context static
2019-08-29 17:01:07,390 [main] INFO  http.HttpServer2 (HttpServer2.java:addFilter(958)) - Added filter static_user_filter (class=org.apache.hadoop.http.lib.StaticUserWebFilter$StaticUserFilter) to context logs
2019-08-29 17:01:07,391 [main] INFO  http.HttpServer2 (HttpServer2.java:bindListener(1191)) - Jetty bound to port 34074
2019-08-29 17:01:07,391 [main] INFO  server.Server (Server.java:doStart(351)) - jetty-9.3.24.v20180605, build timestamp: 2018-06-05T17:11:56Z, git hash: 84205aa28f11a4f31f2a3b86d1bba2cc8ab69827
2019-08-29 17:01:07,393 [main] INFO  handler.ContextHandler (ContextHandler.java:doStart(781)) - Started o.e.j.s.ServletContextHandler@7eae55{/logs,file:///workdir/hadoop-ozone/integration-test/target/log,AVAILABLE}
2019-08-29 17:01:07,393 [main] INFO  handler.ContextHandler (ContextHandler.java:doStart(781)) - Started o.e.j.s.ServletContextHandler@3ef0e576{/static,jar:file:/home/user/.m2/repository/org/apache/hadoop/hadoop-hdds-container-service/0.5.0-SNAPSHOT/hadoop-hdds-container-service-0.5.0-SNAPSHOT.jar!/webapps/static,AVAILABLE}
2019-08-29 17:01:07,420 [main] INFO  handler.ContextHandler (ContextHandler.java:doStart(781)) - Started o.e.j.w.WebAppContext@13908f9c{/,file:///tmp/jetty-0.0.0.0-34074-hddsDatanode-_-any-7601291408772345331.dir/webapp/,AVAILABLE}{/hddsDatanode}
2019-08-29 17:01:07,421 [main] INFO  server.AbstractConnector (AbstractConnector.java:doStart(278)) - Started ServerConnector@329b331f{HTTP/1.1,[http/1.1]}{0.0.0.0:34074}
2019-08-29 17:01:07,421 [main] INFO  server.Server (Server.java:doStart(419)) - Started @715418ms
2019-08-29 17:01:07,423 [main] INFO  server.BaseHttpServer (BaseHttpServer.java:updateConnectorAddress(213)) - HTTP server of HDDSDATANODE is listening at http://0.0.0.0:34074
2019-08-29 17:01:07,424 [main] INFO  impl.MetricsSystemImpl (MetricsSystemImpl.java:init(158)) - HddsDatanode metrics system started (again)
2019-08-29 17:01:07,428 [org.apache.hadoop.util.JvmPauseMonitor$Monitor@5142b6c5] INFO  util.JvmPauseMonitor (JvmPauseMonitor.java:run(188)) - Starting JVM pause monitor
2019-08-29 17:01:07,428 [main] INFO  ozone.HddsDatanodeService (HddsDatanodeService.java:start(184)) - HddsDatanodeService host:pr-hdds-1413-r8zfz-2367378370 ip:192.168.69.102
2019-08-29 17:01:07,429 [Datanode State Machine Thread - 0] INFO  datanode.InitDatanodeState (InitDatanodeState.java:persistContainerDatanodeDetails(140)) - DatanodeDetails is persisted to /workdir/hadoop-ozone/integration-test/target/test-dir/MiniOzoneClusterImpl-6f429aea-cb1e-4c0a-a3f8-3b3e3b27620e/datanode-2/meta/datanode.id
2019-08-29 17:01:07,436 [main] INFO  volume.HddsVolume (HddsVolume.java:<init>(176)) - Creating Volume: /workdir/hadoop-ozone/integration-test/target/test-dir/MiniOzoneClusterImpl-6f429aea-cb1e-4c0a-a3f8-3b3e3b27620e/datanode-3/data/containers/hdds of  storage type : DISK and capacity : 1482555576320
2019-08-29 17:01:07,437 [main] INFO  volume.VolumeSet (VolumeSet.java:initializeVolumeSet(170)) - Added Volume : /workdir/hadoop-ozone/integration-test/target/test-dir/MiniOzoneClusterImpl-6f429aea-cb1e-4c0a-a3f8-3b3e3b27620e/datanode-3/data/containers/hdds to VolumeSet
2019-08-29 17:01:07,437 [main] INFO  volume.ThrottledAsyncChecker (ThrottledAsyncChecker.java:schedule(140)) - Scheduling a check for org.apache.hadoop.ozone.container.common.volume.HddsVolume@6cbdd1c5
2019-08-29 17:01:07,438 [main] INFO  volume.HddsVolumeChecker (HddsVolumeChecker.java:checkAllVolumes(203)) - Scheduled health check for volume org.apache.hadoop.ozone.container.common.volume.HddsVolume@6cbdd1c5
2019-08-29 17:01:07,455 [main] INFO  impl.RaftServerProxy (ConfUtils.java:logGet(43)) - raft.rpc.type = GRPC (default)
2019-08-29 17:01:07,456 [main] INFO  grpc.GrpcFactory (GrpcFactory.java:checkPooledByteBufAllocatorUseCacheForAllThreads(45)) - PERFORMANCE WARNING: useCacheForAllThreads is true that may cause Netty to create a lot garbage objects and, as a result, trigger GC.
	It is recommended to disable useCacheForAllThreads by setting -Dorg.apache.ratis.thirdparty.io.netty.allocator.useCacheForAllThreads=false in command line.
2019-08-29 17:01:07,456 [main] INFO  grpc.GrpcConfigKeys$Server (ConfUtils.java:logGet(43)) - raft.grpc.server.port = 0 (default)
2019-08-29 17:01:07,456 [main] INFO  server.GrpcService (ConfUtils.java:logGet(43)) - raft.grpc.message.size.max = 33570816 (custom)
2019-08-29 17:01:07,456 [main] INFO  server.RaftServerConfigKeys (ConfUtils.java:logGet(43)) - raft.server.log.appender.buffer.byte-limit = 33554432 (custom)
2019-08-29 17:01:07,457 [main] INFO  server.GrpcService (ConfUtils.java:logGet(43)) - raft.grpc.flow.control.window = 1MB (=1048576) (default)
2019-08-29 17:01:07,457 [main] INFO  server.RaftServerConfigKeys (ConfUtils.java:logGet(43)) - raft.server.rpc.request.timeout = 3000ms (default)
2019-08-29 17:01:07,457 [main] INFO  server.RaftServerConfigKeys (ConfUtils.java:logGet(43)) - raft.server.storage.dir = [/workdir/hadoop-ozone/integration-test/target/test-dir/MiniOzoneClusterImpl-6f429aea-cb1e-4c0a-a3f8-3b3e3b27620e/datanode-3/data/ratis] (custom)
2019-08-29 17:01:07,459 [main] INFO  hdfs.DFSUtil (DFSUtil.java:httpServerTemplateForNNAndJN(1641)) - Starting Web-server for hddsDatanode at: http://0.0.0.0:0
2019-08-29 17:01:07,460 [main] INFO  server.AuthenticationFilter (AuthenticationFilter.java:constructSecretProvider(240)) - Unable to initialize FileSignerSecretProvider, falling back to use random secrets.
2019-08-29 17:01:07,461 [main] WARN  http.HttpRequestLog (HttpRequestLog.java:getRequestLog(97)) - Jetty request log can only be enabled using Log4j
2019-08-29 17:01:07,462 [main] INFO  http.HttpServer2 (HttpServer2.java:addGlobalFilter(975)) - Added global filter 'safety' (class=org.apache.hadoop.http.HttpServer2$QuotingInputFilter)
2019-08-29 17:01:07,463 [main] INFO  http.HttpServer2 (HttpServer2.java:addFilter(948)) - Added filter static_user_filter (class=org.apache.hadoop.http.lib.StaticUserWebFilter$StaticUserFilter) to context hddsDatanode
2019-08-29 17:01:07,463 [main] INFO  http.HttpServer2 (HttpServer2.java:addFilter(958)) - Added filter static_user_filter (class=org.apache.hadoop.http.lib.StaticUserWebFilter$StaticUserFilter) to context logs
2019-08-29 17:01:07,464 [main] INFO  http.HttpServer2 (HttpServer2.java:addFilter(958)) - Added filter static_user_filter (class=org.apache.hadoop.http.lib.StaticUserWebFilter$StaticUserFilter) to context static
2019-08-29 17:01:07,464 [main] INFO  http.HttpServer2 (HttpServer2.java:bindListener(1191)) - Jetty bound to port 43994
2019-08-29 17:01:07,465 [main] INFO  server.Server (Server.java:doStart(351)) - jetty-9.3.24.v20180605, build timestamp: 2018-06-05T17:11:56Z, git hash: 84205aa28f11a4f31f2a3b86d1bba2cc8ab69827
2019-08-29 17:01:07,467 [main] INFO  handler.ContextHandler (ContextHandler.java:doStart(781)) - Started o.e.j.s.ServletContextHandler@45297e7{/logs,file:///workdir/hadoop-ozone/integration-test/target/log,AVAILABLE}
2019-08-29 17:01:07,467 [main] INFO  handler.ContextHandler (ContextHandler.java:doStart(781)) - Started o.e.j.s.ServletContextHandler@54bb1194{/static,jar:file:/home/user/.m2/repository/org/apache/hadoop/hadoop-hdds-container-service/0.5.0-SNAPSHOT/hadoop-hdds-container-service-0.5.0-SNAPSHOT.jar!/webapps/static,AVAILABLE}
2019-08-29 17:01:07,508 [main] INFO  handler.ContextHandler (ContextHandler.java:doStart(781)) - Started o.e.j.w.WebAppContext@48632f69{/,file:///tmp/jetty-0.0.0.0-43994-hddsDatanode-_-any-344325677275007120.dir/webapp/,AVAILABLE}{/hddsDatanode}
2019-08-29 17:01:07,508 [main] INFO  server.AbstractConnector (AbstractConnector.java:doStart(278)) - Started ServerConnector@5fde1d64{HTTP/1.1,[http/1.1]}{0.0.0.0:43994}
2019-08-29 17:01:07,509 [main] INFO  server.Server (Server.java:doStart(419)) - Started @715506ms
2019-08-29 17:01:07,510 [main] INFO  server.BaseHttpServer (BaseHttpServer.java:updateConnectorAddress(213)) - HTTP server of HDDSDATANODE is listening at http://0.0.0.0:43994
2019-08-29 17:01:07,511 [main] INFO  impl.MetricsSystemImpl (MetricsSystemImpl.java:init(158)) - HddsDatanode metrics system started (again)
2019-08-29 17:01:07,514 [main] INFO  ozone.HddsDatanodeService (HddsDatanodeService.java:start(184)) - HddsDatanodeService host:pr-hdds-1413-r8zfz-2367378370 ip:192.168.69.102
2019-08-29 17:01:07,514 [org.apache.hadoop.util.JvmPauseMonitor$Monitor@4e0aa352] INFO  util.JvmPauseMonitor (JvmPauseMonitor.java:run(188)) - Starting JVM pause monitor
2019-08-29 17:01:07,516 [Datanode State Machine Thread - 0] INFO  datanode.InitDatanodeState (InitDatanodeState.java:persistContainerDatanodeDetails(140)) - DatanodeDetails is persisted to /workdir/hadoop-ozone/integration-test/target/test-dir/MiniOzoneClusterImpl-6f429aea-cb1e-4c0a-a3f8-3b3e3b27620e/datanode-3/meta/datanode.id
2019-08-29 17:01:07,522 [main] INFO  volume.HddsVolume (HddsVolume.java:<init>(176)) - Creating Volume: /workdir/hadoop-ozone/integration-test/target/test-dir/MiniOzoneClusterImpl-6f429aea-cb1e-4c0a-a3f8-3b3e3b27620e/datanode-4/data/containers/hdds of  storage type : DISK and capacity : 1482555576320
2019-08-29 17:01:07,522 [main] INFO  volume.VolumeSet (VolumeSet.java:initializeVolumeSet(170)) - Added Volume : /workdir/hadoop-ozone/integration-test/target/test-dir/MiniOzoneClusterImpl-6f429aea-cb1e-4c0a-a3f8-3b3e3b27620e/datanode-4/data/containers/hdds to VolumeSet
2019-08-29 17:01:07,522 [main] INFO  volume.ThrottledAsyncChecker (ThrottledAsyncChecker.java:schedule(140)) - Scheduling a check for org.apache.hadoop.ozone.container.common.volume.HddsVolume@67d5ac2f
2019-08-29 17:01:07,523 [main] INFO  volume.HddsVolumeChecker (HddsVolumeChecker.java:checkAllVolumes(203)) - Scheduled health check for volume org.apache.hadoop.ozone.container.common.volume.HddsVolume@67d5ac2f
2019-08-29 17:01:07,537 [main] INFO  impl.RaftServerProxy (ConfUtils.java:logGet(43)) - raft.rpc.type = GRPC (default)
2019-08-29 17:01:07,538 [main] INFO  grpc.GrpcFactory (GrpcFactory.java:checkPooledByteBufAllocatorUseCacheForAllThreads(45)) - PERFORMANCE WARNING: useCacheForAllThreads is true that may cause Netty to create a lot garbage objects and, as a result, trigger GC.
	It is recommended to disable useCacheForAllThreads by setting -Dorg.apache.ratis.thirdparty.io.netty.allocator.useCacheForAllThreads=false in command line.
2019-08-29 17:01:07,538 [main] INFO  grpc.GrpcConfigKeys$Server (ConfUtils.java:logGet(43)) - raft.grpc.server.port = 0 (default)
2019-08-29 17:01:07,538 [main] INFO  server.GrpcService (ConfUtils.java:logGet(43)) - raft.grpc.message.size.max = 33570816 (custom)
2019-08-29 17:01:07,538 [main] INFO  server.RaftServerConfigKeys (ConfUtils.java:logGet(43)) - raft.server.log.appender.buffer.byte-limit = 33554432 (custom)
2019-08-29 17:01:07,539 [main] INFO  server.GrpcService (ConfUtils.java:logGet(43)) - raft.grpc.flow.control.window = 1MB (=1048576) (default)
2019-08-29 17:01:07,539 [main] INFO  server.RaftServerConfigKeys (ConfUtils.java:logGet(43)) - raft.server.rpc.request.timeout = 3000ms (default)
2019-08-29 17:01:07,539 [main] INFO  server.RaftServerConfigKeys (ConfUtils.java:logGet(43)) - raft.server.storage.dir = [/workdir/hadoop-ozone/integration-test/target/test-dir/MiniOzoneClusterImpl-6f429aea-cb1e-4c0a-a3f8-3b3e3b27620e/datanode-4/data/ratis] (custom)
2019-08-29 17:01:07,540 [main] INFO  hdfs.DFSUtil (DFSUtil.java:httpServerTemplateForNNAndJN(1641)) - Starting Web-server for hddsDatanode at: http://0.0.0.0:0
2019-08-29 17:01:07,541 [main] INFO  server.AuthenticationFilter (AuthenticationFilter.java:constructSecretProvider(240)) - Unable to initialize FileSignerSecretProvider, falling back to use random secrets.
2019-08-29 17:01:07,542 [main] WARN  http.HttpRequestLog (HttpRequestLog.java:getRequestLog(97)) - Jetty request log can only be enabled using Log4j
2019-08-29 17:01:07,543 [main] INFO  http.HttpServer2 (HttpServer2.java:addGlobalFilter(975)) - Added global filter 'safety' (class=org.apache.hadoop.http.HttpServer2$QuotingInputFilter)
2019-08-29 17:01:07,544 [main] INFO  http.HttpServer2 (HttpServer2.java:addFilter(948)) - Added filter static_user_filter (class=org.apache.hadoop.http.lib.StaticUserWebFilter$StaticUserFilter) to context hddsDatanode
2019-08-29 17:01:07,544 [main] INFO  http.HttpServer2 (HttpServer2.java:addFilter(958)) - Added filter static_user_filter (class=org.apache.hadoop.http.lib.StaticUserWebFilter$StaticUserFilter) to context static
2019-08-29 17:01:07,544 [main] INFO  http.HttpServer2 (HttpServer2.java:addFilter(958)) - Added filter static_user_filter (class=org.apache.hadoop.http.lib.StaticUserWebFilter$StaticUserFilter) to context logs
2019-08-29 17:01:07,545 [main] INFO  http.HttpServer2 (HttpServer2.java:bindListener(1191)) - Jetty bound to port 46480
2019-08-29 17:01:07,545 [main] INFO  server.Server (Server.java:doStart(351)) - jetty-9.3.24.v20180605, build timestamp: 2018-06-05T17:11:56Z, git hash: 84205aa28f11a4f31f2a3b86d1bba2cc8ab69827
2019-08-29 17:01:07,546 [main] INFO  handler.ContextHandler (ContextHandler.java:doStart(781)) - Started o.e.j.s.ServletContextHandler@58182b96{/logs,file:///workdir/hadoop-ozone/integration-test/target/log,AVAILABLE}
2019-08-29 17:01:07,547 [main] INFO  handler.ContextHandler (ContextHandler.java:doStart(781)) - Started o.e.j.s.ServletContextHandler@8f6b4ab{/static,jar:file:/home/user/.m2/repository/org/apache/hadoop/hadoop-hdds-container-service/0.5.0-SNAPSHOT/hadoop-hdds-container-service-0.5.0-SNAPSHOT.jar!/webapps/static,AVAILABLE}
2019-08-29 17:01:07,585 [main] INFO  handler.ContextHandler (ContextHandler.java:doStart(781)) - Started o.e.j.w.WebAppContext@2d73e8c4{/,file:///tmp/jetty-0.0.0.0-46480-hddsDatanode-_-any-3211624910379350010.dir/webapp/,AVAILABLE}{/hddsDatanode}
2019-08-29 17:01:07,586 [main] INFO  server.AbstractConnector (AbstractConnector.java:doStart(278)) - Started ServerConnector@6ce2e079{HTTP/1.1,[http/1.1]}{0.0.0.0:46480}
2019-08-29 17:01:07,586 [main] INFO  server.Server (Server.java:doStart(419)) - Started @715583ms
2019-08-29 17:01:07,588 [main] INFO  server.BaseHttpServer (BaseHttpServer.java:updateConnectorAddress(213)) - HTTP server of HDDSDATANODE is listening at http://0.0.0.0:46480
2019-08-29 17:01:07,588 [main] INFO  impl.MetricsSystemImpl (MetricsSystemImpl.java:init(158)) - HddsDatanode metrics system started (again)
2019-08-29 17:01:07,592 [main] INFO  ozone.HddsDatanodeService (HddsDatanodeService.java:start(184)) - HddsDatanodeService host:pr-hdds-1413-r8zfz-2367378370 ip:192.168.69.102
2019-08-29 17:01:07,592 [org.apache.hadoop.util.JvmPauseMonitor$Monitor@2bdc9227] INFO  util.JvmPauseMonitor (JvmPauseMonitor.java:run(188)) - Starting JVM pause monitor
2019-08-29 17:01:07,594 [Datanode State Machine Thread - 0] INFO  datanode.InitDatanodeState (InitDatanodeState.java:persistContainerDatanodeDetails(140)) - DatanodeDetails is persisted to /workdir/hadoop-ozone/integration-test/target/test-dir/MiniOzoneClusterImpl-6f429aea-cb1e-4c0a-a3f8-3b3e3b27620e/datanode-4/meta/datanode.id
2019-08-29 17:01:07,599 [main] INFO  volume.HddsVolume (HddsVolume.java:<init>(176)) - Creating Volume: /workdir/hadoop-ozone/integration-test/target/test-dir/MiniOzoneClusterImpl-6f429aea-cb1e-4c0a-a3f8-3b3e3b27620e/datanode-5/data/containers/hdds of  storage type : DISK and capacity : 1482555576320
2019-08-29 17:01:07,599 [main] INFO  volume.VolumeSet (VolumeSet.java:initializeVolumeSet(170)) - Added Volume : /workdir/hadoop-ozone/integration-test/target/test-dir/MiniOzoneClusterImpl-6f429aea-cb1e-4c0a-a3f8-3b3e3b27620e/datanode-5/data/containers/hdds to VolumeSet
2019-08-29 17:01:07,599 [main] INFO  volume.ThrottledAsyncChecker (ThrottledAsyncChecker.java:schedule(140)) - Scheduling a check for org.apache.hadoop.ozone.container.common.volume.HddsVolume@5e158f33
2019-08-29 17:01:07,600 [main] INFO  volume.HddsVolumeChecker (HddsVolumeChecker.java:checkAllVolumes(203)) - Scheduled health check for volume org.apache.hadoop.ozone.container.common.volume.HddsVolume@5e158f33
2019-08-29 17:01:07,614 [main] INFO  impl.RaftServerProxy (ConfUtils.java:logGet(43)) - raft.rpc.type = GRPC (default)
2019-08-29 17:01:07,614 [main] INFO  grpc.GrpcFactory (GrpcFactory.java:checkPooledByteBufAllocatorUseCacheForAllThreads(45)) - PERFORMANCE WARNING: useCacheForAllThreads is true that may cause Netty to create a lot garbage objects and, as a result, trigger GC.
	It is recommended to disable useCacheForAllThreads by setting -Dorg.apache.ratis.thirdparty.io.netty.allocator.useCacheForAllThreads=false in command line.
2019-08-29 17:01:07,614 [main] INFO  grpc.GrpcConfigKeys$Server (ConfUtils.java:logGet(43)) - raft.grpc.server.port = 0 (default)
2019-08-29 17:01:07,615 [main] INFO  server.GrpcService (ConfUtils.java:logGet(43)) - raft.grpc.message.size.max = 33570816 (custom)
2019-08-29 17:01:07,615 [main] INFO  server.RaftServerConfigKeys (ConfUtils.java:logGet(43)) - raft.server.log.appender.buffer.byte-limit = 33554432 (custom)
2019-08-29 17:01:07,615 [main] INFO  server.GrpcService (ConfUtils.java:logGet(43)) - raft.grpc.flow.control.window = 1MB (=1048576) (default)
2019-08-29 17:01:07,615 [main] INFO  server.RaftServerConfigKeys (ConfUtils.java:logGet(43)) - raft.server.rpc.request.timeout = 3000ms (default)
2019-08-29 17:01:07,615 [main] INFO  server.RaftServerConfigKeys (ConfUtils.java:logGet(43)) - raft.server.storage.dir = [/workdir/hadoop-ozone/integration-test/target/test-dir/MiniOzoneClusterImpl-6f429aea-cb1e-4c0a-a3f8-3b3e3b27620e/datanode-5/data/ratis] (custom)
2019-08-29 17:01:07,617 [main] INFO  hdfs.DFSUtil (DFSUtil.java:httpServerTemplateForNNAndJN(1641)) - Starting Web-server for hddsDatanode at: http://0.0.0.0:0
2019-08-29 17:01:07,618 [main] INFO  server.AuthenticationFilter (AuthenticationFilter.java:constructSecretProvider(240)) - Unable to initialize FileSignerSecretProvider, falling back to use random secrets.
2019-08-29 17:01:07,618 [main] WARN  http.HttpRequestLog (HttpRequestLog.java:getRequestLog(97)) - Jetty request log can only be enabled using Log4j
2019-08-29 17:01:07,620 [main] INFO  http.HttpServer2 (HttpServer2.java:addGlobalFilter(975)) - Added global filter 'safety' (class=org.apache.hadoop.http.HttpServer2$QuotingInputFilter)
2019-08-29 17:01:07,620 [main] INFO  http.HttpServer2 (HttpServer2.java:addFilter(948)) - Added filter static_user_filter (class=org.apache.hadoop.http.lib.StaticUserWebFilter$StaticUserFilter) to context hddsDatanode
2019-08-29 17:01:07,621 [main] INFO  http.HttpServer2 (HttpServer2.java:addFilter(958)) - Added filter static_user_filter (class=org.apache.hadoop.http.lib.StaticUserWebFilter$StaticUserFilter) to context logs
2019-08-29 17:01:07,621 [main] INFO  http.HttpServer2 (HttpServer2.java:addFilter(958)) - Added filter static_user_filter (class=org.apache.hadoop.http.lib.StaticUserWebFilter$StaticUserFilter) to context static
2019-08-29 17:01:07,621 [main] INFO  http.HttpServer2 (HttpServer2.java:bindListener(1191)) - Jetty bound to port 41306
2019-08-29 17:01:07,622 [main] INFO  server.Server (Server.java:doStart(351)) - jetty-9.3.24.v20180605, build timestamp: 2018-06-05T17:11:56Z, git hash: 84205aa28f11a4f31f2a3b86d1bba2cc8ab69827
2019-08-29 17:01:07,623 [main] INFO  handler.ContextHandler (ContextHandler.java:doStart(781)) - Started o.e.j.s.ServletContextHandler@1cc708a7{/logs,file:///workdir/hadoop-ozone/integration-test/target/log,AVAILABLE}
2019-08-29 17:01:07,623 [main] INFO  handler.ContextHandler (ContextHandler.java:doStart(781)) - Started o.e.j.s.ServletContextHandler@6249a08d{/static,jar:file:/home/user/.m2/repository/org/apache/hadoop/hadoop-hdds-container-service/0.5.0-SNAPSHOT/hadoop-hdds-container-service-0.5.0-SNAPSHOT.jar!/webapps/static,AVAILABLE}
2019-08-29 17:01:07,650 [main] INFO  handler.ContextHandler (ContextHandler.java:doStart(781)) - Started o.e.j.w.WebAppContext@6eaa6b0c{/,file:///tmp/jetty-0.0.0.0-41306-hddsDatanode-_-any-6132395384792760110.dir/webapp/,AVAILABLE}{/hddsDatanode}
2019-08-29 17:01:07,651 [main] INFO  server.AbstractConnector (AbstractConnector.java:doStart(278)) - Started ServerConnector@4afcae7{HTTP/1.1,[http/1.1]}{0.0.0.0:41306}
2019-08-29 17:01:07,652 [main] INFO  server.Server (Server.java:doStart(419)) - Started @715648ms
2019-08-29 17:01:07,652 [main] INFO  server.BaseHttpServer (BaseHttpServer.java:updateConnectorAddress(213)) - HTTP server of HDDSDATANODE is listening at http://0.0.0.0:41306
2019-08-29 17:01:07,653 [main] INFO  impl.MetricsSystemImpl (MetricsSystemImpl.java:init(158)) - HddsDatanode metrics system started (again)
2019-08-29 17:01:07,656 [org.apache.hadoop.util.JvmPauseMonitor$Monitor@78561e27] INFO  util.JvmPauseMonitor (JvmPauseMonitor.java:run(188)) - Starting JVM pause monitor
2019-08-29 17:01:07,657 [main] INFO  ozone.HddsDatanodeService (HddsDatanodeService.java:start(184)) - HddsDatanodeService host:pr-hdds-1413-r8zfz-2367378370 ip:192.168.69.102
2019-08-29 17:01:07,658 [Datanode State Machine Thread - 0] INFO  datanode.InitDatanodeState (InitDatanodeState.java:persistContainerDatanodeDetails(140)) - DatanodeDetails is persisted to /workdir/hadoop-ozone/integration-test/target/test-dir/MiniOzoneClusterImpl-6f429aea-cb1e-4c0a-a3f8-3b3e3b27620e/datanode-5/meta/datanode.id
2019-08-29 17:01:07,663 [main] INFO  volume.HddsVolume (HddsVolume.java:<init>(176)) - Creating Volume: /workdir/hadoop-ozone/integration-test/target/test-dir/MiniOzoneClusterImpl-6f429aea-cb1e-4c0a-a3f8-3b3e3b27620e/datanode-6/data/containers/hdds of  storage type : DISK and capacity : 1482555576320
2019-08-29 17:01:07,663 [main] INFO  volume.VolumeSet (VolumeSet.java:initializeVolumeSet(170)) - Added Volume : /workdir/hadoop-ozone/integration-test/target/test-dir/MiniOzoneClusterImpl-6f429aea-cb1e-4c0a-a3f8-3b3e3b27620e/datanode-6/data/containers/hdds to VolumeSet
2019-08-29 17:01:07,663 [main] INFO  volume.ThrottledAsyncChecker (ThrottledAsyncChecker.java:schedule(140)) - Scheduling a check for org.apache.hadoop.ozone.container.common.volume.HddsVolume@2987d0fa
2019-08-29 17:01:07,664 [main] INFO  volume.HddsVolumeChecker (HddsVolumeChecker.java:checkAllVolumes(203)) - Scheduled health check for volume org.apache.hadoop.ozone.container.common.volume.HddsVolume@2987d0fa
2019-08-29 17:01:07,676 [main] INFO  impl.RaftServerProxy (ConfUtils.java:logGet(43)) - raft.rpc.type = GRPC (default)
2019-08-29 17:01:07,676 [main] INFO  grpc.GrpcFactory (GrpcFactory.java:checkPooledByteBufAllocatorUseCacheForAllThreads(45)) - PERFORMANCE WARNING: useCacheForAllThreads is true that may cause Netty to create a lot garbage objects and, as a result, trigger GC.
	It is recommended to disable useCacheForAllThreads by setting -Dorg.apache.ratis.thirdparty.io.netty.allocator.useCacheForAllThreads=false in command line.
2019-08-29 17:01:07,676 [main] INFO  grpc.GrpcConfigKeys$Server (ConfUtils.java:logGet(43)) - raft.grpc.server.port = 0 (default)
2019-08-29 17:01:07,677 [main] INFO  server.GrpcService (ConfUtils.java:logGet(43)) - raft.grpc.message.size.max = 33570816 (custom)
2019-08-29 17:01:07,677 [main] INFO  server.RaftServerConfigKeys (ConfUtils.java:logGet(43)) - raft.server.log.appender.buffer.byte-limit = 33554432 (custom)
2019-08-29 17:01:07,677 [main] INFO  server.GrpcService (ConfUtils.java:logGet(43)) - raft.grpc.flow.control.window = 1MB (=1048576) (default)
2019-08-29 17:01:07,677 [main] INFO  server.RaftServerConfigKeys (ConfUtils.java:logGet(43)) - raft.server.rpc.request.timeout = 3000ms (default)
2019-08-29 17:01:07,678 [main] INFO  server.RaftServerConfigKeys (ConfUtils.java:logGet(43)) - raft.server.storage.dir = [/workdir/hadoop-ozone/integration-test/target/test-dir/MiniOzoneClusterImpl-6f429aea-cb1e-4c0a-a3f8-3b3e3b27620e/datanode-6/data/ratis] (custom)
2019-08-29 17:01:07,679 [main] INFO  hdfs.DFSUtil (DFSUtil.java:httpServerTemplateForNNAndJN(1641)) - Starting Web-server for hddsDatanode at: http://0.0.0.0:0
2019-08-29 17:01:07,680 [main] INFO  server.AuthenticationFilter (AuthenticationFilter.java:constructSecretProvider(240)) - Unable to initialize FileSignerSecretProvider, falling back to use random secrets.
2019-08-29 17:01:07,680 [main] WARN  http.HttpRequestLog (HttpRequestLog.java:getRequestLog(97)) - Jetty request log can only be enabled using Log4j
2019-08-29 17:01:07,681 [main] INFO  http.HttpServer2 (HttpServer2.java:addGlobalFilter(975)) - Added global filter 'safety' (class=org.apache.hadoop.http.HttpServer2$QuotingInputFilter)
2019-08-29 17:01:07,682 [main] INFO  http.HttpServer2 (HttpServer2.java:addFilter(948)) - Added filter static_user_filter (class=org.apache.hadoop.http.lib.StaticUserWebFilter$StaticUserFilter) to context hddsDatanode
2019-08-29 17:01:07,682 [main] INFO  http.HttpServer2 (HttpServer2.java:addFilter(958)) - Added filter static_user_filter (class=org.apache.hadoop.http.lib.StaticUserWebFilter$StaticUserFilter) to context logs
2019-08-29 17:01:07,682 [main] INFO  http.HttpServer2 (HttpServer2.java:addFilter(958)) - Added filter static_user_filter (class=org.apache.hadoop.http.lib.StaticUserWebFilter$StaticUserFilter) to context static
2019-08-29 17:01:07,682 [main] INFO  http.HttpServer2 (HttpServer2.java:bindListener(1191)) - Jetty bound to port 44584
2019-08-29 17:01:07,683 [main] INFO  server.Server (Server.java:doStart(351)) - jetty-9.3.24.v20180605, build timestamp: 2018-06-05T17:11:56Z, git hash: 84205aa28f11a4f31f2a3b86d1bba2cc8ab69827
2019-08-29 17:01:07,684 [main] INFO  handler.ContextHandler (ContextHandler.java:doStart(781)) - Started o.e.j.s.ServletContextHandler@7fac18dc{/logs,file:///workdir/hadoop-ozone/integration-test/target/log,AVAILABLE}
2019-08-29 17:01:07,684 [main] INFO  handler.ContextHandler (ContextHandler.java:doStart(781)) - Started o.e.j.s.ServletContextHandler@29fcfc54{/static,jar:file:/home/user/.m2/repository/org/apache/hadoop/hadoop-hdds-container-service/0.5.0-SNAPSHOT/hadoop-hdds-container-service-0.5.0-SNAPSHOT.jar!/webapps/static,AVAILABLE}
2019-08-29 17:01:07,713 [main] INFO  handler.ContextHandler (ContextHandler.java:doStart(781)) - Started o.e.j.w.WebAppContext@41167ded{/,file:///tmp/jetty-0.0.0.0-44584-hddsDatanode-_-any-2048047234792093216.dir/webapp/,AVAILABLE}{/hddsDatanode}
2019-08-29 17:01:07,714 [main] INFO  server.AbstractConnector (AbstractConnector.java:doStart(278)) - Started ServerConnector@13e1e816{HTTP/1.1,[http/1.1]}{0.0.0.0:44584}
2019-08-29 17:01:07,714 [main] INFO  server.Server (Server.java:doStart(419)) - Started @715711ms
2019-08-29 17:01:07,716 [main] INFO  server.BaseHttpServer (BaseHttpServer.java:updateConnectorAddress(213)) - HTTP server of HDDSDATANODE is listening at http://0.0.0.0:44584
2019-08-29 17:01:07,716 [main] INFO  ozone.MiniOzoneClusterImpl (MiniOzoneClusterImpl.java:lambda$waitForClusterToBeReady$0(140)) - Waiting for cluster to be ready. Got 0 of 7 DN Heartbeats.
2019-08-29 17:01:07,717 [org.apache.hadoop.util.JvmPauseMonitor$Monitor@50cd8ebf] INFO  util.JvmPauseMonitor (JvmPauseMonitor.java:run(188)) - Starting JVM pause monitor
2019-08-29 17:01:07,719 [Datanode State Machine Thread - 0] INFO  datanode.InitDatanodeState (InitDatanodeState.java:persistContainerDatanodeDetails(140)) - DatanodeDetails is persisted to /workdir/hadoop-ozone/integration-test/target/test-dir/MiniOzoneClusterImpl-6f429aea-cb1e-4c0a-a3f8-3b3e3b27620e/datanode-6/meta/datanode.id
2019-08-29 17:01:08,716 [main] INFO  ozone.MiniOzoneClusterImpl (MiniOzoneClusterImpl.java:lambda$waitForClusterToBeReady$0(140)) - Waiting for cluster to be ready. Got 0 of 7 DN Heartbeats.
2019-08-29 17:01:09,307 | INFO  | SCMAudit | user=jenkins1000 | ip=192.168.69.102 | op=GET_VERSION null | ret=SUCCESS |  
2019-08-29 17:01:09,344 [Datanode State Machine Thread - 0] INFO  ozoneimpl.OzoneContainer (OzoneContainer.java:start(201)) - Attempting to start container services.
2019-08-29 17:01:09,345 [Datanode State Machine Thread - 0] INFO  ozoneimpl.OzoneContainer (OzoneContainer.java:startContainerScrub(175)) - Background container scrubber has been disabled by hdds.containerscrub.enabled
2019-08-29 17:01:09,345 [Datanode State Machine Thread - 0] INFO  ratis.XceiverServerRatis (XceiverServerRatis.java:start(393)) - Starting XceiverServerRatis c104ec32-9aa5-499a-b97d-5e325c6a2558 at port 0
2019-08-29 17:01:09,355 | INFO  | SCMAudit | user=jenkins1000 | ip=192.168.69.102 | op=GET_VERSION null | ret=SUCCESS |  
2019-08-29 17:01:09,358 [Datanode State Machine Thread - 0] INFO  impl.RaftServerProxy (RaftServerProxy.java:lambda$start$3(299)) - c104ec32-9aa5-499a-b97d-5e325c6a2558: start RPC server
2019-08-29 17:01:09,360 [Datanode State Machine Thread - 0] INFO  server.GrpcService (GrpcService.java:startImpl(149)) - c104ec32-9aa5-499a-b97d-5e325c6a2558: GrpcService started, listening on 0.0.0.0/0.0.0.0:38839
2019-08-29 17:01:09,360 [Datanode State Machine Thread - 0] INFO  ratis.XceiverServerRatis (XceiverServerRatis.java:start(403)) - XceiverServerRatis c104ec32-9aa5-499a-b97d-5e325c6a2558 is started using port 38839
2019-08-29 17:01:09,365 [Datanode State Machine Thread - 0] INFO  server.XceiverServerGrpc (XceiverServerGrpc.java:start(163)) - XceiverServerGrpc c104ec32-9aa5-499a-b97d-5e325c6a2558 is started using port 34962
2019-08-29 17:01:09,380 [Datanode State Machine Thread - 0] INFO  ozoneimpl.OzoneContainer (OzoneContainer.java:start(201)) - Attempting to start container services.
2019-08-29 17:01:09,380 [Datanode State Machine Thread - 0] INFO  ozoneimpl.OzoneContainer (OzoneContainer.java:startContainerScrub(175)) - Background container scrubber has been disabled by hdds.containerscrub.enabled
2019-08-29 17:01:09,380 [Datanode State Machine Thread - 0] INFO  ratis.XceiverServerRatis (XceiverServerRatis.java:start(393)) - Starting XceiverServerRatis 530fff1b-0ce4-48db-9d30-11baf1ff95d0 at port 0
2019-08-29 17:01:09,389 [Datanode State Machine Thread - 0] INFO  impl.RaftServerProxy (RaftServerProxy.java:lambda$start$3(299)) - 530fff1b-0ce4-48db-9d30-11baf1ff95d0: start RPC server
2019-08-29 17:01:09,392 [Datanode State Machine Thread - 0] INFO  server.GrpcService (GrpcService.java:startImpl(149)) - 530fff1b-0ce4-48db-9d30-11baf1ff95d0: GrpcService started, listening on 0.0.0.0/0.0.0.0:46165
2019-08-29 17:01:09,392 [Datanode State Machine Thread - 0] INFO  ratis.XceiverServerRatis (XceiverServerRatis.java:start(403)) - XceiverServerRatis 530fff1b-0ce4-48db-9d30-11baf1ff95d0 is started using port 46165
2019-08-29 17:01:09,393 [Datanode State Machine Thread - 0] INFO  server.XceiverServerGrpc (XceiverServerGrpc.java:start(163)) - XceiverServerGrpc 530fff1b-0ce4-48db-9d30-11baf1ff95d0 is started using port 44722
2019-08-29 17:01:09,429 | INFO  | SCMAudit | user=jenkins1000 | ip=192.168.69.102 | op=GET_VERSION null | ret=SUCCESS |  
2019-08-29 17:01:09,449 [Datanode State Machine Thread - 0] INFO  ozoneimpl.OzoneContainer (OzoneContainer.java:start(201)) - Attempting to start container services.
2019-08-29 17:01:09,449 [Datanode State Machine Thread - 0] INFO  ozoneimpl.OzoneContainer (OzoneContainer.java:startContainerScrub(175)) - Background container scrubber has been disabled by hdds.containerscrub.enabled
2019-08-29 17:01:09,449 [Datanode State Machine Thread - 0] INFO  ratis.XceiverServerRatis (XceiverServerRatis.java:start(393)) - Starting XceiverServerRatis 02047d3a-8f07-43a6-aa09-0e15bab56fb4 at port 0
2019-08-29 17:01:09,456 [Datanode State Machine Thread - 0] INFO  impl.RaftServerProxy (RaftServerProxy.java:lambda$start$3(299)) - 02047d3a-8f07-43a6-aa09-0e15bab56fb4: start RPC server
2019-08-29 17:01:09,457 [Datanode State Machine Thread - 0] INFO  server.GrpcService (GrpcService.java:startImpl(149)) - 02047d3a-8f07-43a6-aa09-0e15bab56fb4: GrpcService started, listening on 0.0.0.0/0.0.0.0:36734
2019-08-29 17:01:09,457 [Datanode State Machine Thread - 0] INFO  ratis.XceiverServerRatis (XceiverServerRatis.java:start(403)) - XceiverServerRatis 02047d3a-8f07-43a6-aa09-0e15bab56fb4 is started using port 36734
2019-08-29 17:01:09,466 [Datanode State Machine Thread - 0] INFO  server.XceiverServerGrpc (XceiverServerGrpc.java:start(163)) - XceiverServerGrpc 02047d3a-8f07-43a6-aa09-0e15bab56fb4 is started using port 46868
2019-08-29 17:01:09,515 | INFO  | SCMAudit | user=jenkins1000 | ip=192.168.69.102 | op=GET_VERSION null | ret=SUCCESS |  
2019-08-29 17:01:09,544 [Datanode State Machine Thread - 0] INFO  ozoneimpl.OzoneContainer (OzoneContainer.java:start(201)) - Attempting to start container services.
2019-08-29 17:01:09,544 [Datanode State Machine Thread - 0] INFO  ozoneimpl.OzoneContainer (OzoneContainer.java:startContainerScrub(175)) - Background container scrubber has been disabled by hdds.containerscrub.enabled
2019-08-29 17:01:09,544 [Datanode State Machine Thread - 0] INFO  ratis.XceiverServerRatis (XceiverServerRatis.java:start(393)) - Starting XceiverServerRatis 1b5bd387-da24-4a75-a3b9-46e545344a1a at port 0
2019-08-29 17:01:09,552 [Datanode State Machine Thread - 0] INFO  impl.RaftServerProxy (RaftServerProxy.java:lambda$start$3(299)) - 1b5bd387-da24-4a75-a3b9-46e545344a1a: start RPC server
2019-08-29 17:01:09,553 [Datanode State Machine Thread - 0] INFO  server.GrpcService (GrpcService.java:startImpl(149)) - 1b5bd387-da24-4a75-a3b9-46e545344a1a: GrpcService started, listening on 0.0.0.0/0.0.0.0:36560
2019-08-29 17:01:09,553 [Datanode State Machine Thread - 0] INFO  ratis.XceiverServerRatis (XceiverServerRatis.java:start(403)) - XceiverServerRatis 1b5bd387-da24-4a75-a3b9-46e545344a1a is started using port 36560
2019-08-29 17:01:09,554 [Datanode State Machine Thread - 0] INFO  server.XceiverServerGrpc (XceiverServerGrpc.java:start(163)) - XceiverServerGrpc 1b5bd387-da24-4a75-a3b9-46e545344a1a is started using port 42804
2019-08-29 17:01:09,594 | INFO  | SCMAudit | user=jenkins1000 | ip=192.168.69.102 | op=GET_VERSION null | ret=SUCCESS |  
2019-08-29 17:01:09,647 [Datanode State Machine Thread - 0] INFO  ozoneimpl.OzoneContainer (OzoneContainer.java:start(201)) - Attempting to start container services.
2019-08-29 17:01:09,647 [Datanode State Machine Thread - 0] INFO  ozoneimpl.OzoneContainer (OzoneContainer.java:startContainerScrub(175)) - Background container scrubber has been disabled by hdds.containerscrub.enabled
2019-08-29 17:01:09,647 [Datanode State Machine Thread - 0] INFO  ratis.XceiverServerRatis (XceiverServerRatis.java:start(393)) - Starting XceiverServerRatis 3acd8f8c-e91c-4578-a55f-526981cf687c at port 0
2019-08-29 17:01:09,655 [Datanode State Machine Thread - 0] INFO  impl.RaftServerProxy (RaftServerProxy.java:lambda$start$3(299)) - 3acd8f8c-e91c-4578-a55f-526981cf687c: start RPC server
2019-08-29 17:01:09,656 [Datanode State Machine Thread - 0] INFO  server.GrpcService (GrpcService.java:startImpl(149)) - 3acd8f8c-e91c-4578-a55f-526981cf687c: GrpcService started, listening on 0.0.0.0/0.0.0.0:43809
2019-08-29 17:01:09,656 [Datanode State Machine Thread - 0] INFO  ratis.XceiverServerRatis (XceiverServerRatis.java:start(403)) - XceiverServerRatis 3acd8f8c-e91c-4578-a55f-526981cf687c is started using port 43809
2019-08-29 17:01:09,656 [Datanode State Machine Thread - 0] INFO  server.XceiverServerGrpc (XceiverServerGrpc.java:start(163)) - XceiverServerGrpc 3acd8f8c-e91c-4578-a55f-526981cf687c is started using port 41164
2019-08-29 17:01:09,657 | INFO  | SCMAudit | user=jenkins1000 | ip=192.168.69.102 | op=GET_VERSION null | ret=SUCCESS |  
2019-08-29 17:01:09,692 [Datanode State Machine Thread - 0] INFO  ozoneimpl.OzoneContainer (OzoneContainer.java:start(201)) - Attempting to start container services.
2019-08-29 17:01:09,692 [Datanode State Machine Thread - 0] INFO  ozoneimpl.OzoneContainer (OzoneContainer.java:startContainerScrub(175)) - Background container scrubber has been disabled by hdds.containerscrub.enabled
2019-08-29 17:01:09,693 [Datanode State Machine Thread - 0] INFO  ratis.XceiverServerRatis (XceiverServerRatis.java:start(393)) - Starting XceiverServerRatis c587acdf-dbe2-410c-8061-3cebf3038fed at port 0
2019-08-29 17:01:09,700 [Datanode State Machine Thread - 0] INFO  impl.RaftServerProxy (RaftServerProxy.java:lambda$start$3(299)) - c587acdf-dbe2-410c-8061-3cebf3038fed: start RPC server
2019-08-29 17:01:09,702 [Datanode State Machine Thread - 0] INFO  server.GrpcService (GrpcService.java:startImpl(149)) - c587acdf-dbe2-410c-8061-3cebf3038fed: GrpcService started, listening on 0.0.0.0/0.0.0.0:36933
2019-08-29 17:01:09,702 [Datanode State Machine Thread - 0] INFO  ratis.XceiverServerRatis (XceiverServerRatis.java:start(403)) - XceiverServerRatis c587acdf-dbe2-410c-8061-3cebf3038fed is started using port 36933
2019-08-29 17:01:09,702 [Datanode State Machine Thread - 0] INFO  server.XceiverServerGrpc (XceiverServerGrpc.java:start(163)) - XceiverServerGrpc c587acdf-dbe2-410c-8061-3cebf3038fed is started using port 34968
2019-08-29 17:01:09,717 [main] INFO  ozone.MiniOzoneClusterImpl (MiniOzoneClusterImpl.java:lambda$waitForClusterToBeReady$0(140)) - Waiting for cluster to be ready. Got 0 of 7 DN Heartbeats.
2019-08-29 17:01:09,718 | INFO  | SCMAudit | user=jenkins1000 | ip=192.168.69.102 | op=GET_VERSION null | ret=SUCCESS |  
2019-08-29 17:01:09,750 [Datanode State Machine Thread - 0] INFO  ozoneimpl.OzoneContainer (OzoneContainer.java:start(201)) - Attempting to start container services.
2019-08-29 17:01:09,750 [Datanode State Machine Thread - 0] INFO  ozoneimpl.OzoneContainer (OzoneContainer.java:startContainerScrub(175)) - Background container scrubber has been disabled by hdds.containerscrub.enabled
2019-08-29 17:01:09,751 [Datanode State Machine Thread - 0] INFO  ratis.XceiverServerRatis (XceiverServerRatis.java:start(393)) - Starting XceiverServerRatis 13cf937c-1041-4481-925d-65640af47ca7 at port 0
2019-08-29 17:01:09,758 [Datanode State Machine Thread - 0] INFO  impl.RaftServerProxy (RaftServerProxy.java:lambda$start$3(299)) - 13cf937c-1041-4481-925d-65640af47ca7: start RPC server
2019-08-29 17:01:09,761 [Datanode State Machine Thread - 0] INFO  server.GrpcService (GrpcService.java:startImpl(149)) - 13cf937c-1041-4481-925d-65640af47ca7: GrpcService started, listening on 0.0.0.0/0.0.0.0:45897
2019-08-29 17:01:09,761 [Datanode State Machine Thread - 0] INFO  ratis.XceiverServerRatis (XceiverServerRatis.java:start(403)) - XceiverServerRatis 13cf937c-1041-4481-925d-65640af47ca7 is started using port 45897
2019-08-29 17:01:09,761 [Datanode State Machine Thread - 0] INFO  server.XceiverServerGrpc (XceiverServerGrpc.java:start(163)) - XceiverServerGrpc 13cf937c-1041-4481-925d-65640af47ca7 is started using port 43295
2019-08-29 17:01:10,717 [main] INFO  ozone.MiniOzoneClusterImpl (MiniOzoneClusterImpl.java:lambda$waitForClusterToBeReady$0(140)) - Waiting for cluster to be ready. Got 0 of 7 DN Heartbeats.
2019-08-29 17:01:11,294 [IPC Server handler 4 on 42802] INFO  net.NetworkTopology (NetworkTopologyImpl.java:add(110)) - Added a new node: /default-rack/c104ec32-9aa5-499a-b97d-5e325c6a2558
2019-08-29 17:01:11,296 [IPC Server handler 4 on 42802] INFO  node.SCMNodeManager (SCMNodeManager.java:register(273)) - Registered Data node : c104ec32-9aa5-499a-b97d-5e325c6a2558{ip: 192.168.69.102, host: pr-hdds-1413-r8zfz-2367378370, networkLocation: /default-rack, certSerialId: null}
2019-08-29 17:01:11,298 | INFO  | SCMAudit | user=jenkins1000 | ip=192.168.69.102 | op=REGISTER {datanodeDetails=c104ec32-9aa5-499a-b97d-5e325c6a2558{ip: 192.168.69.102, host: pr-hdds-1413-r8zfz-2367378370, networkLocation: /default-rack, certSerialId: null}} | ret=SUCCESS |  
2019-08-29 17:01:11,298 [EventQueue-NodeRegistrationContainerReportForDataNodeSafeModeRule] INFO  safemode.SCMSafeModeManager (DataNodeSafeModeRule.java:process(71)) - SCM in safe mode. 1 DataNodes registered, 1 required.
2019-08-29 17:01:11,300 [EventQueue-NodeRegistrationContainerReportForDataNodeSafeModeRule] INFO  safemode.SCMSafeModeManager (SCMSafeModeManager.java:validateSafeModeExitRules(177)) - ScmSafeModeManager, all rules are successfully validated
2019-08-29 17:01:11,300 [EventQueue-NodeRegistrationContainerReportForDataNodeSafeModeRule] INFO  safemode.SCMSafeModeManager (SCMSafeModeManager.java:exitSafeMode(193)) - SCM exiting safe mode.
2019-08-29 17:01:11,308 [grpc-default-executor-10] INFO  impl.RaftServerProxy (RaftServerProxy.java:addNew(89)) - c104ec32-9aa5-499a-b97d-5e325c6a2558: addNew group-CE40D37EEB36:[c104ec32-9aa5-499a-b97d-5e325c6a2558:192.168.69.102:38839] returns group-CE40D37EEB36:java.util.concurrent.CompletableFuture@5d7c6f59[Not completed]
2019-08-29 17:01:11,309 [pool-679-thread-1] INFO  impl.RaftServerImpl (RaftServerImpl.java:<init>(93)) - c104ec32-9aa5-499a-b97d-5e325c6a2558: new RaftServerImpl for group-CE40D37EEB36:[c104ec32-9aa5-499a-b97d-5e325c6a2558:192.168.69.102:38839] with ContainerStateMachine:uninitialized
2019-08-29 17:01:11,310 [pool-679-thread-1] INFO  server.RaftServerConfigKeys (ConfUtils.java:logGet(43)) - raft.server.rpc.timeout.min = 5s (custom)
2019-08-29 17:01:11,310 [pool-679-thread-1] INFO  server.RaftServerConfigKeys (ConfUtils.java:logGet(43)) - raft.server.rpc.timeout.max = 5200ms (custom)
2019-08-29 17:01:11,310 [pool-679-thread-1] INFO  server.RaftServerConfigKeys (ConfUtils.java:logGet(43)) - raft.server.rpcslowness.timeout = 120s (custom)
2019-08-29 17:01:11,310 [pool-679-thread-1] INFO  server.RaftServerConfigKeys (ConfUtils.java:logGet(43)) - raft.server.sleep.deviation.threshold = 300 (default)
2019-08-29 17:01:11,310 [pool-679-thread-1] INFO  server.RaftServerConfigKeys (ConfUtils.java:logGet(43)) - raft.server.log.appender.install.snapshot.enabled = false (custom)
2019-08-29 17:01:11,311 [pool-679-thread-1] INFO  impl.RaftServerImpl (ServerState.java:<init>(105)) - c104ec32-9aa5-499a-b97d-5e325c6a2558:group-CE40D37EEB36 ConfigurationManager, init=-1: [c104ec32-9aa5-499a-b97d-5e325c6a2558:192.168.69.102:38839], old=null, confs=<EMPTY_MAP>
2019-08-29 17:01:11,311 [pool-679-thread-1] INFO  server.RaftServerConfigKeys (ConfUtils.java:logGet(43)) - raft.server.storage.dir = [/workdir/hadoop-ozone/integration-test/target/test-dir/MiniOzoneClusterImpl-6f429aea-cb1e-4c0a-a3f8-3b3e3b27620e/datanode-0/data/ratis] (custom)
2019-08-29 17:01:11,311 [pool-679-thread-1] INFO  storage.RaftStorageDirectory (RaftStorageDirectory.java:analyzeStorage(246)) - The storage directory /workdir/hadoop-ozone/integration-test/target/test-dir/MiniOzoneClusterImpl-6f429aea-cb1e-4c0a-a3f8-3b3e3b27620e/datanode-0/data/ratis/515b0e1a-a9a5-4bd5-8a9c-ce40d37eeb36 does not exist. Creating ...
2019-08-29 17:01:11,336 [pool-679-thread-1] INFO  storage.RaftStorageDirectory (RaftStorageDirectory.java:tryLock(328)) - Lock on /workdir/hadoop-ozone/integration-test/target/test-dir/MiniOzoneClusterImpl-6f429aea-cb1e-4c0a-a3f8-3b3e3b27620e/datanode-0/data/ratis/515b0e1a-a9a5-4bd5-8a9c-ce40d37eeb36/in_use.lock acquired by nodename 17055@pr-hdds-1413-r8zfz-2367378370
2019-08-29 17:01:11,353 [pool-679-thread-1] INFO  storage.RaftStorage (RaftStorage.java:format(72)) - Storage directory /workdir/hadoop-ozone/integration-test/target/test-dir/MiniOzoneClusterImpl-6f429aea-cb1e-4c0a-a3f8-3b3e3b27620e/datanode-0/data/ratis/515b0e1a-a9a5-4bd5-8a9c-ce40d37eeb36 has been successfully formatted.
2019-08-29 17:01:11,354 [pool-679-thread-1] INFO  ratis.ContainerStateMachine (ContainerStateMachine.java:loadSnapshot(227)) - group-CE40D37EEB36: The snapshot info is null. Setting the last applied indexto:(t:0, i:~)
2019-08-29 17:01:11,354 [pool-679-thread-1] INFO  server.RaftServerConfigKeys (ConfUtils.java:logGet(43)) - raft.server.leader.election.timeout = 120s (custom)
2019-08-29 17:01:11,354 [pool-679-thread-1] INFO  server.RaftServerConfigKeys (ConfUtils.java:logGet(43)) - raft.server.log.use.memory = false (default)
2019-08-29 17:01:11,354 [pool-679-thread-1] INFO  server.RaftServerConfigKeys (ConfUtils.java:logGet(43)) - raft.server.log.purge.gap = 1000000 (custom)
2019-08-29 17:01:11,354 [pool-679-thread-1] INFO  server.RaftServerConfigKeys (ConfUtils.java:logGet(43)) - raft.server.log.appender.buffer.byte-limit = 33554432 (custom)
2019-08-29 17:01:11,354 [IPC Server handler 6 on 42802] INFO  net.NetworkTopology (NetworkTopologyImpl.java:add(110)) - Added a new node: /default-rack/530fff1b-0ce4-48db-9d30-11baf1ff95d0
2019-08-29 17:01:11,354 [pool-679-thread-1] INFO  server.RaftServerConfigKeys (ConfUtils.java:logGet(43)) - raft.server.log.segment.size.max = 1048576 (custom)
2019-08-29 17:01:11,355 [IPC Server handler 6 on 42802] INFO  node.SCMNodeManager (SCMNodeManager.java:register(273)) - Registered Data node : 530fff1b-0ce4-48db-9d30-11baf1ff95d0{ip: 192.168.69.102, host: pr-hdds-1413-r8zfz-2367378370, networkLocation: /default-rack, certSerialId: null}
2019-08-29 17:01:11,355 [pool-679-thread-1] INFO  server.RaftServerConfigKeys (ConfUtils.java:logGet(43)) - raft.server.log.segment.cache.num.max = 2 (custom)
2019-08-29 17:01:11,355 | INFO  | SCMAudit | user=jenkins1000 | ip=192.168.69.102 | op=REGISTER {datanodeDetails=530fff1b-0ce4-48db-9d30-11baf1ff95d0{ip: 192.168.69.102, host: pr-hdds-1413-r8zfz-2367378370, networkLocation: /default-rack, certSerialId: null}} | ret=SUCCESS |  
2019-08-29 17:01:11,355 [pool-679-thread-1] INFO  segmented.SegmentedRaftLogWorker (SegmentedRaftLogWorker.java:<init>(172)) - new c104ec32-9aa5-499a-b97d-5e325c6a2558-SegmentedRaftLogWorker:Storage Directory /workdir/hadoop-ozone/integration-test/target/test-dir/MiniOzoneClusterImpl-6f429aea-cb1e-4c0a-a3f8-3b3e3b27620e/datanode-0/data/ratis/515b0e1a-a9a5-4bd5-8a9c-ce40d37eeb36 for RaftStorage:Storage Directory /workdir/hadoop-ozone/integration-test/target/test-dir/MiniOzoneClusterImpl-6f429aea-cb1e-4c0a-a3f8-3b3e3b27620e/datanode-0/data/ratis/515b0e1a-a9a5-4bd5-8a9c-ce40d37eeb36
2019-08-29 17:01:11,355 [pool-679-thread-1] INFO  server.RaftServerConfigKeys (ConfUtils.java:logGet(43)) - raft.server.log.queue.byte-limit = 2147483647 (custom)
2019-08-29 17:01:11,356 [pool-679-thread-1] INFO  server.RaftServerConfigKeys (ConfUtils.java:logGet(43)) - raft.server.log.queue.element-limit = 1024 (custom)
2019-08-29 17:01:11,356 [pool-679-thread-1] INFO  server.RaftServerConfigKeys (ConfUtils.java:logGet(43)) - raft.server.log.segment.size.max = 1048576 (custom)
2019-08-29 17:01:11,356 [pool-679-thread-1] INFO  server.RaftServerConfigKeys (ConfUtils.java:logGet(43)) - raft.server.log.preallocated.size = 16384 (custom)
2019-08-29 17:01:11,356 [pool-679-thread-1] INFO  server.RaftServerConfigKeys (ConfUtils.java:logGet(43)) - raft.server.log.write.buffer.size = 33554432 (custom)
2019-08-29 17:01:11,356 [pool-679-thread-1] INFO  server.RaftServerConfigKeys (ConfUtils.java:logGet(43)) - raft.server.log.force.sync.num = 128 (default)
2019-08-29 17:01:11,357 [pool-679-thread-1] INFO  server.RaftServerConfigKeys (ConfUtils.java:logGet(43)) - raft.server.log.statemachine.data.sync = true (default)
2019-08-29 17:01:11,357 [pool-679-thread-1] INFO  server.RaftServerConfigKeys (ConfUtils.java:logGet(43)) - raft.server.log.statemachine.data.sync.timeout = 10s (default)
2019-08-29 17:01:11,357 [pool-679-thread-1] INFO  server.RaftServerConfigKeys (ConfUtils.java:logGet(43)) - raft.server.log.statemachine.data.sync.timeout.retry = -1 (default)
2019-08-29 17:01:11,357 [pool-679-thread-1] INFO  server.RaftServerConfigKeys (ConfUtils.java:logGet(43)) - raft.server.log.statemachine.data.caching.enabled = true (custom)
2019-08-29 17:01:11,358 [pool-679-thread-1] INFO  segmented.SegmentedRaftLogWorker (SegmentedRaftLogWorker.java:lambda$new$0(132)) - c104ec32-9aa5-499a-b97d-5e325c6a2558-SegmentedRaftLogWorker:Storage Directory /workdir/hadoop-ozone/integration-test/target/test-dir/MiniOzoneClusterImpl-6f429aea-cb1e-4c0a-a3f8-3b3e3b27620e/datanode-0/data/ratis/515b0e1a-a9a5-4bd5-8a9c-ce40d37eeb36: flushIndex: setUnconditionally 0 -> -1
2019-08-29 17:01:11,358 [pool-679-thread-1] INFO  server.RaftServerConfigKeys (ConfUtils.java:logGet(43)) - raft.server.snapshot.auto.trigger.enabled = true (custom)
2019-08-29 17:01:11,358 [pool-679-thread-1] INFO  server.RaftServerConfigKeys (ConfUtils.java:logGet(43)) - raft.server.snapshot.auto.trigger.threshold = 10000 (custom)
2019-08-29 17:01:11,358 [pool-679-thread-1] INFO  server.RaftServerConfigKeys (ConfUtils.java:logGet(43)) - raft.server.retrycache.expirytime = 600000ms (custom)
2019-08-29 17:01:11,359 [pool-679-thread-1] INFO  impl.RaftServerImpl (RaftServerImpl.java:start(180)) - c104ec32-9aa5-499a-b97d-5e325c6a2558: start group-CE40D37EEB36
2019-08-29 17:01:11,359 [pool-679-thread-1] INFO  impl.RaftServerImpl (RaftServerImpl.java:setRole(171)) - c104ec32-9aa5-499a-b97d-5e325c6a2558:group-CE40D37EEB36 changes role from null to FOLLOWER at term 0 for startAsFollower
2019-08-29 17:01:11,359 [pool-679-thread-1] INFO  impl.RoleInfo (RoleInfo.java:updateAndGet(143)) - c104ec32-9aa5-499a-b97d-5e325c6a2558: start FollowerState
2019-08-29 17:01:11,359 [pool-679-thread-1] INFO  util.JmxRegister (JmxRegister.java:tryRegister(44)) - Successfully registered JMX Bean with object name Ratis:service=RaftServer,group=group-CE40D37EEB36,id=c104ec32-9aa5-499a-b97d-5e325c6a2558
2019-08-29 17:01:11,362 [RatisPipelineUtilsThread] INFO  pipeline.PipelineStateManager (PipelineStateManager.java:addPipeline(56)) - Created pipeline Pipeline[ Id: 515b0e1a-a9a5-4bd5-8a9c-ce40d37eeb36, Nodes: c104ec32-9aa5-499a-b97d-5e325c6a2558{ip: 192.168.69.102, host: pr-hdds-1413-r8zfz-2367378370, networkLocation: /default-rack, certSerialId: null}, Type:RATIS, Factor:ONE, State:OPEN]
2019-08-29 17:01:11,371 [grpc-default-executor-10] INFO  impl.RaftServerProxy (RaftServerProxy.java:addNew(89)) - 530fff1b-0ce4-48db-9d30-11baf1ff95d0: addNew group-CF4F3ED8559C:[530fff1b-0ce4-48db-9d30-11baf1ff95d0:192.168.69.102:46165] returns group-CF4F3ED8559C:java.util.concurrent.CompletableFuture@4d637299[Not completed]
2019-08-29 17:01:11,372 [pool-689-thread-1] INFO  impl.RaftServerImpl (RaftServerImpl.java:<init>(93)) - 530fff1b-0ce4-48db-9d30-11baf1ff95d0: new RaftServerImpl for group-CF4F3ED8559C:[530fff1b-0ce4-48db-9d30-11baf1ff95d0:192.168.69.102:46165] with ContainerStateMachine:uninitialized
2019-08-29 17:01:11,372 [pool-689-thread-1] INFO  server.RaftServerConfigKeys (ConfUtils.java:logGet(43)) - raft.server.rpc.timeout.min = 5s (custom)
2019-08-29 17:01:11,372 [pool-689-thread-1] INFO  server.RaftServerConfigKeys (ConfUtils.java:logGet(43)) - raft.server.rpc.timeout.max = 5200ms (custom)
2019-08-29 17:01:11,373 [pool-689-thread-1] INFO  server.RaftServerConfigKeys (ConfUtils.java:logGet(43)) - raft.server.rpcslowness.timeout = 120s (custom)
2019-08-29 17:01:11,373 [pool-689-thread-1] INFO  server.RaftServerConfigKeys (ConfUtils.java:logGet(43)) - raft.server.sleep.deviation.threshold = 300 (default)
2019-08-29 17:01:11,373 [pool-689-thread-1] INFO  server.RaftServerConfigKeys (ConfUtils.java:logGet(43)) - raft.server.log.appender.install.snapshot.enabled = false (custom)
2019-08-29 17:01:11,373 [pool-689-thread-1] INFO  impl.RaftServerImpl (ServerState.java:<init>(105)) - 530fff1b-0ce4-48db-9d30-11baf1ff95d0:group-CF4F3ED8559C ConfigurationManager, init=-1: [530fff1b-0ce4-48db-9d30-11baf1ff95d0:192.168.69.102:46165], old=null, confs=<EMPTY_MAP>
2019-08-29 17:01:11,373 [pool-689-thread-1] INFO  server.RaftServerConfigKeys (ConfUtils.java:logGet(43)) - raft.server.storage.dir = [/workdir/hadoop-ozone/integration-test/target/test-dir/MiniOzoneClusterImpl-6f429aea-cb1e-4c0a-a3f8-3b3e3b27620e/datanode-1/data/ratis] (custom)
2019-08-29 17:01:11,373 [pool-689-thread-1] INFO  storage.RaftStorageDirectory (RaftStorageDirectory.java:analyzeStorage(246)) - The storage directory /workdir/hadoop-ozone/integration-test/target/test-dir/MiniOzoneClusterImpl-6f429aea-cb1e-4c0a-a3f8-3b3e3b27620e/datanode-1/data/ratis/6f9bd415-22c5-430c-a76d-cf4f3ed8559c does not exist. Creating ...
2019-08-29 17:01:11,401 [pool-689-thread-1] INFO  storage.RaftStorageDirectory (RaftStorageDirectory.java:tryLock(328)) - Lock on /workdir/hadoop-ozone/integration-test/target/test-dir/MiniOzoneClusterImpl-6f429aea-cb1e-4c0a-a3f8-3b3e3b27620e/datanode-1/data/ratis/6f9bd415-22c5-430c-a76d-cf4f3ed8559c/in_use.lock acquired by nodename 17055@pr-hdds-1413-r8zfz-2367378370
2019-08-29 17:01:11,425 [pool-689-thread-1] INFO  storage.RaftStorage (RaftStorage.java:format(72)) - Storage directory /workdir/hadoop-ozone/integration-test/target/test-dir/MiniOzoneClusterImpl-6f429aea-cb1e-4c0a-a3f8-3b3e3b27620e/datanode-1/data/ratis/6f9bd415-22c5-430c-a76d-cf4f3ed8559c has been successfully formatted.
2019-08-29 17:01:11,426 [pool-689-thread-1] INFO  ratis.ContainerStateMachine (ContainerStateMachine.java:loadSnapshot(227)) - group-CF4F3ED8559C: The snapshot info is null. Setting the last applied indexto:(t:0, i:~)
2019-08-29 17:01:11,426 [pool-689-thread-1] INFO  server.RaftServerConfigKeys (ConfUtils.java:logGet(43)) - raft.server.leader.election.timeout = 120s (custom)
2019-08-29 17:01:11,426 [pool-689-thread-1] INFO  server.RaftServerConfigKeys (ConfUtils.java:logGet(43)) - raft.server.log.use.memory = false (default)
2019-08-29 17:01:11,427 [pool-689-thread-1] INFO  server.RaftServerConfigKeys (ConfUtils.java:logGet(43)) - raft.server.log.purge.gap = 1000000 (custom)
2019-08-29 17:01:11,427 [pool-689-thread-1] INFO  server.RaftServerConfigKeys (ConfUtils.java:logGet(43)) - raft.server.log.appender.buffer.byte-limit = 33554432 (custom)
2019-08-29 17:01:11,427 [pool-689-thread-1] INFO  server.RaftServerConfigKeys (ConfUtils.java:logGet(43)) - raft.server.log.segment.size.max = 1048576 (custom)
2019-08-29 17:01:11,427 [pool-689-thread-1] INFO  server.RaftServerConfigKeys (ConfUtils.java:logGet(43)) - raft.server.log.segment.cache.num.max = 2 (custom)
2019-08-29 17:01:11,427 [pool-689-thread-1] INFO  segmented.SegmentedRaftLogWorker (SegmentedRaftLogWorker.java:<init>(172)) - new 530fff1b-0ce4-48db-9d30-11baf1ff95d0-SegmentedRaftLogWorker:Storage Directory /workdir/hadoop-ozone/integration-test/target/test-dir/MiniOzoneClusterImpl-6f429aea-cb1e-4c0a-a3f8-3b3e3b27620e/datanode-1/data/ratis/6f9bd415-22c5-430c-a76d-cf4f3ed8559c for RaftStorage:Storage Directory /workdir/hadoop-ozone/integration-test/target/test-dir/MiniOzoneClusterImpl-6f429aea-cb1e-4c0a-a3f8-3b3e3b27620e/datanode-1/data/ratis/6f9bd415-22c5-430c-a76d-cf4f3ed8559c
2019-08-29 17:01:11,428 [pool-689-thread-1] INFO  server.RaftServerConfigKeys (ConfUtils.java:logGet(43)) - raft.server.log.queue.byte-limit = 2147483647 (custom)
2019-08-29 17:01:11,428 [pool-689-thread-1] INFO  server.RaftServerConfigKeys (ConfUtils.java:logGet(43)) - raft.server.log.queue.element-limit = 1024 (custom)
2019-08-29 17:01:11,428 [pool-689-thread-1] INFO  server.RaftServerConfigKeys (ConfUtils.java:logGet(43)) - raft.server.log.segment.size.max = 1048576 (custom)
2019-08-29 17:01:11,428 [pool-689-thread-1] INFO  server.RaftServerConfigKeys (ConfUtils.java:logGet(43)) - raft.server.log.preallocated.size = 16384 (custom)
2019-08-29 17:01:11,429 [pool-689-thread-1] INFO  server.RaftServerConfigKeys (ConfUtils.java:logGet(43)) - raft.server.log.write.buffer.size = 33554432 (custom)
2019-08-29 17:01:11,429 [pool-689-thread-1] INFO  server.RaftServerConfigKeys (ConfUtils.java:logGet(43)) - raft.server.log.force.sync.num = 128 (default)
2019-08-29 17:01:11,429 [pool-689-thread-1] INFO  server.RaftServerConfigKeys (ConfUtils.java:logGet(43)) - raft.server.log.statemachine.data.sync = true (default)
2019-08-29 17:01:11,429 [pool-689-thread-1] INFO  server.RaftServerConfigKeys (ConfUtils.java:logGet(43)) - raft.server.log.statemachine.data.sync.timeout = 10s (default)
2019-08-29 17:01:11,430 [pool-689-thread-1] INFO  server.RaftServerConfigKeys (ConfUtils.java:logGet(43)) - raft.server.log.statemachine.data.sync.timeout.retry = -1 (default)
2019-08-29 17:01:11,430 [IPC Server handler 5 on 42802] INFO  net.NetworkTopology (NetworkTopologyImpl.java:add(110)) - Added a new node: /default-rack/02047d3a-8f07-43a6-aa09-0e15bab56fb4
2019-08-29 17:01:11,430 [pool-689-thread-1] INFO  server.RaftServerConfigKeys (ConfUtils.java:logGet(43)) - raft.server.log.statemachine.data.caching.enabled = true (custom)
2019-08-29 17:01:11,430 [IPC Server handler 5 on 42802] INFO  node.SCMNodeManager (SCMNodeManager.java:register(273)) - Registered Data node : 02047d3a-8f07-43a6-aa09-0e15bab56fb4{ip: 192.168.69.102, host: pr-hdds-1413-r8zfz-2367378370, networkLocation: /default-rack, certSerialId: null}
2019-08-29 17:01:11,431 [pool-689-thread-1] INFO  segmented.SegmentedRaftLogWorker (SegmentedRaftLogWorker.java:lambda$new$0(132)) - 530fff1b-0ce4-48db-9d30-11baf1ff95d0-SegmentedRaftLogWorker:Storage Directory /workdir/hadoop-ozone/integration-test/target/test-dir/MiniOzoneClusterImpl-6f429aea-cb1e-4c0a-a3f8-3b3e3b27620e/datanode-1/data/ratis/6f9bd415-22c5-430c-a76d-cf4f3ed8559c: flushIndex: setUnconditionally 0 -> -1
2019-08-29 17:01:11,431 | INFO  | SCMAudit | user=jenkins1000 | ip=192.168.69.102 | op=REGISTER {datanodeDetails=02047d3a-8f07-43a6-aa09-0e15bab56fb4{ip: 192.168.69.102, host: pr-hdds-1413-r8zfz-2367378370, networkLocation: /default-rack, certSerialId: null}} | ret=SUCCESS |  
2019-08-29 17:01:11,431 [pool-689-thread-1] INFO  server.RaftServerConfigKeys (ConfUtils.java:logGet(43)) - raft.server.snapshot.auto.trigger.enabled = true (custom)
2019-08-29 17:01:11,431 [pool-689-thread-1] INFO  server.RaftServerConfigKeys (ConfUtils.java:logGet(43)) - raft.server.snapshot.auto.trigger.threshold = 10000 (custom)
2019-08-29 17:01:11,431 [pool-689-thread-1] INFO  server.RaftServerConfigKeys (ConfUtils.java:logGet(43)) - raft.server.retrycache.expirytime = 600000ms (custom)
2019-08-29 17:01:11,432 [pool-689-thread-1] INFO  impl.RaftServerImpl (RaftServerImpl.java:start(180)) - 530fff1b-0ce4-48db-9d30-11baf1ff95d0: start group-CF4F3ED8559C
2019-08-29 17:01:11,432 [pool-689-thread-1] INFO  impl.RaftServerImpl (RaftServerImpl.java:setRole(171)) - 530fff1b-0ce4-48db-9d30-11baf1ff95d0:group-CF4F3ED8559C changes role from null to FOLLOWER at term 0 for startAsFollower
2019-08-29 17:01:11,432 [pool-689-thread-1] INFO  impl.RoleInfo (RoleInfo.java:updateAndGet(143)) - 530fff1b-0ce4-48db-9d30-11baf1ff95d0: start FollowerState
2019-08-29 17:01:11,432 [pool-689-thread-1] INFO  util.JmxRegister (JmxRegister.java:tryRegister(44)) - Successfully registered JMX Bean with object name Ratis:service=RaftServer,group=group-CF4F3ED8559C,id=530fff1b-0ce4-48db-9d30-11baf1ff95d0
2019-08-29 17:01:11,434 [RatisPipelineUtilsThread] INFO  pipeline.PipelineStateManager (PipelineStateManager.java:addPipeline(56)) - Created pipeline Pipeline[ Id: 6f9bd415-22c5-430c-a76d-cf4f3ed8559c, Nodes: 530fff1b-0ce4-48db-9d30-11baf1ff95d0{ip: 192.168.69.102, host: pr-hdds-1413-r8zfz-2367378370, networkLocation: /default-rack, certSerialId: null}, Type:RATIS, Factor:ONE, State:OPEN]
2019-08-29 17:01:11,441 [grpc-default-executor-10] INFO  impl.RaftServerProxy (RaftServerProxy.java:addNew(89)) - 02047d3a-8f07-43a6-aa09-0e15bab56fb4: addNew group-51AF52BC2394:[02047d3a-8f07-43a6-aa09-0e15bab56fb4:192.168.69.102:36734] returns group-51AF52BC2394:java.util.concurrent.CompletableFuture@36cf6ba2[Not completed]
2019-08-29 17:01:11,443 [pool-699-thread-1] INFO  impl.RaftServerImpl (RaftServerImpl.java:<init>(93)) - 02047d3a-8f07-43a6-aa09-0e15bab56fb4: new RaftServerImpl for group-51AF52BC2394:[02047d3a-8f07-43a6-aa09-0e15bab56fb4:192.168.69.102:36734] with ContainerStateMachine:uninitialized
2019-08-29 17:01:11,443 [pool-699-thread-1] INFO  server.RaftServerConfigKeys (ConfUtils.java:logGet(43)) - raft.server.rpc.timeout.min = 5s (custom)
2019-08-29 17:01:11,443 [pool-699-thread-1] INFO  server.RaftServerConfigKeys (ConfUtils.java:logGet(43)) - raft.server.rpc.timeout.max = 5200ms (custom)
2019-08-29 17:01:11,443 [pool-699-thread-1] INFO  server.RaftServerConfigKeys (ConfUtils.java:logGet(43)) - raft.server.rpcslowness.timeout = 120s (custom)
2019-08-29 17:01:11,444 [pool-699-thread-1] INFO  server.RaftServerConfigKeys (ConfUtils.java:logGet(43)) - raft.server.sleep.deviation.threshold = 300 (default)
2019-08-29 17:01:11,444 [pool-699-thread-1] INFO  server.RaftServerConfigKeys (ConfUtils.java:logGet(43)) - raft.server.log.appender.install.snapshot.enabled = false (custom)
2019-08-29 17:01:11,444 [pool-699-thread-1] INFO  impl.RaftServerImpl (ServerState.java:<init>(105)) - 02047d3a-8f07-43a6-aa09-0e15bab56fb4:group-51AF52BC2394 ConfigurationManager, init=-1: [02047d3a-8f07-43a6-aa09-0e15bab56fb4:192.168.69.102:36734], old=null, confs=<EMPTY_MAP>
2019-08-29 17:01:11,444 [pool-699-thread-1] INFO  server.RaftServerConfigKeys (ConfUtils.java:logGet(43)) - raft.server.storage.dir = [/workdir/hadoop-ozone/integration-test/target/test-dir/MiniOzoneClusterImpl-6f429aea-cb1e-4c0a-a3f8-3b3e3b27620e/datanode-2/data/ratis] (custom)
2019-08-29 17:01:11,444 [pool-699-thread-1] INFO  storage.RaftStorageDirectory (RaftStorageDirectory.java:analyzeStorage(246)) - The storage directory /workdir/hadoop-ozone/integration-test/target/test-dir/MiniOzoneClusterImpl-6f429aea-cb1e-4c0a-a3f8-3b3e3b27620e/datanode-2/data/ratis/a2250c03-c62d-4e00-b91b-51af52bc2394 does not exist. Creating ...
2019-08-29 17:01:11,464 [pool-699-thread-1] INFO  storage.RaftStorageDirectory (RaftStorageDirectory.java:tryLock(328)) - Lock on /workdir/hadoop-ozone/integration-test/target/test-dir/MiniOzoneClusterImpl-6f429aea-cb1e-4c0a-a3f8-3b3e3b27620e/datanode-2/data/ratis/a2250c03-c62d-4e00-b91b-51af52bc2394/in_use.lock acquired by nodename 17055@pr-hdds-1413-r8zfz-2367378370
2019-08-29 17:01:11,486 [pool-699-thread-1] INFO  storage.RaftStorage (RaftStorage.java:format(72)) - Storage directory /workdir/hadoop-ozone/integration-test/target/test-dir/MiniOzoneClusterImpl-6f429aea-cb1e-4c0a-a3f8-3b3e3b27620e/datanode-2/data/ratis/a2250c03-c62d-4e00-b91b-51af52bc2394 has been successfully formatted.
2019-08-29 17:01:11,486 [pool-699-thread-1] INFO  ratis.ContainerStateMachine (ContainerStateMachine.java:loadSnapshot(227)) - group-51AF52BC2394: The snapshot info is null. Setting the last applied indexto:(t:0, i:~)
2019-08-29 17:01:11,486 [pool-699-thread-1] INFO  server.RaftServerConfigKeys (ConfUtils.java:logGet(43)) - raft.server.leader.election.timeout = 120s (custom)
2019-08-29 17:01:11,486 [pool-699-thread-1] INFO  server.RaftServerConfigKeys (ConfUtils.java:logGet(43)) - raft.server.log.use.memory = false (default)
2019-08-29 17:01:11,487 [pool-699-thread-1] INFO  server.RaftServerConfigKeys (ConfUtils.java:logGet(43)) - raft.server.log.purge.gap = 1000000 (custom)
2019-08-29 17:01:11,487 [pool-699-thread-1] INFO  server.RaftServerConfigKeys (ConfUtils.java:logGet(43)) - raft.server.log.appender.buffer.byte-limit = 33554432 (custom)
2019-08-29 17:01:11,487 [pool-699-thread-1] INFO  server.RaftServerConfigKeys (ConfUtils.java:logGet(43)) - raft.server.log.segment.size.max = 1048576 (custom)
2019-08-29 17:01:11,487 [pool-699-thread-1] INFO  server.RaftServerConfigKeys (ConfUtils.java:logGet(43)) - raft.server.log.segment.cache.num.max = 2 (custom)
2019-08-29 17:01:11,487 [pool-699-thread-1] INFO  segmented.SegmentedRaftLogWorker (SegmentedRaftLogWorker.java:<init>(172)) - new 02047d3a-8f07-43a6-aa09-0e15bab56fb4-SegmentedRaftLogWorker:Storage Directory /workdir/hadoop-ozone/integration-test/target/test-dir/MiniOzoneClusterImpl-6f429aea-cb1e-4c0a-a3f8-3b3e3b27620e/datanode-2/data/ratis/a2250c03-c62d-4e00-b91b-51af52bc2394 for RaftStorage:Storage Directory /workdir/hadoop-ozone/integration-test/target/test-dir/MiniOzoneClusterImpl-6f429aea-cb1e-4c0a-a3f8-3b3e3b27620e/datanode-2/data/ratis/a2250c03-c62d-4e00-b91b-51af52bc2394
2019-08-29 17:01:11,487 [pool-699-thread-1] INFO  server.RaftServerConfigKeys (ConfUtils.java:logGet(43)) - raft.server.log.queue.byte-limit = 2147483647 (custom)
2019-08-29 17:01:11,488 [pool-699-thread-1] INFO  server.RaftServerConfigKeys (ConfUtils.java:logGet(43)) - raft.server.log.queue.element-limit = 1024 (custom)
2019-08-29 17:01:11,488 [pool-699-thread-1] INFO  server.RaftServerConfigKeys (ConfUtils.java:logGet(43)) - raft.server.log.segment.size.max = 1048576 (custom)
2019-08-29 17:01:11,488 [pool-699-thread-1] INFO  server.RaftServerConfigKeys (ConfUtils.java:logGet(43)) - raft.server.log.preallocated.size = 16384 (custom)
2019-08-29 17:01:11,488 [pool-699-thread-1] INFO  server.RaftServerConfigKeys (ConfUtils.java:logGet(43)) - raft.server.log.write.buffer.size = 33554432 (custom)
2019-08-29 17:01:11,488 [pool-699-thread-1] INFO  server.RaftServerConfigKeys (ConfUtils.java:logGet(43)) - raft.server.log.force.sync.num = 128 (default)
2019-08-29 17:01:11,488 [pool-699-thread-1] INFO  server.RaftServerConfigKeys (ConfUtils.java:logGet(43)) - raft.server.log.statemachine.data.sync = true (default)
2019-08-29 17:01:11,488 [pool-699-thread-1] INFO  server.RaftServerConfigKeys (ConfUtils.java:logGet(43)) - raft.server.log.statemachine.data.sync.timeout = 10s (default)
2019-08-29 17:01:11,489 [pool-699-thread-1] INFO  server.RaftServerConfigKeys (ConfUtils.java:logGet(43)) - raft.server.log.statemachine.data.sync.timeout.retry = -1 (default)
2019-08-29 17:01:11,489 [pool-699-thread-1] INFO  server.RaftServerConfigKeys (ConfUtils.java:logGet(43)) - raft.server.log.statemachine.data.caching.enabled = true (custom)
2019-08-29 17:01:11,489 [pool-699-thread-1] INFO  segmented.SegmentedRaftLogWorker (SegmentedRaftLogWorker.java:lambda$new$0(132)) - 02047d3a-8f07-43a6-aa09-0e15bab56fb4-SegmentedRaftLogWorker:Storage Directory /workdir/hadoop-ozone/integration-test/target/test-dir/MiniOzoneClusterImpl-6f429aea-cb1e-4c0a-a3f8-3b3e3b27620e/datanode-2/data/ratis/a2250c03-c62d-4e00-b91b-51af52bc2394: flushIndex: setUnconditionally 0 -> -1
2019-08-29 17:01:11,490 [pool-699-thread-1] INFO  server.RaftServerConfigKeys (ConfUtils.java:logGet(43)) - raft.server.snapshot.auto.trigger.enabled = true (custom)
2019-08-29 17:01:11,490 [pool-699-thread-1] INFO  server.RaftServerConfigKeys (ConfUtils.java:logGet(43)) - raft.server.snapshot.auto.trigger.threshold = 10000 (custom)
2019-08-29 17:01:11,490 [pool-699-thread-1] INFO  server.RaftServerConfigKeys (ConfUtils.java:logGet(43)) - raft.server.retrycache.expirytime = 600000ms (custom)
2019-08-29 17:01:11,490 [pool-699-thread-1] INFO  impl.RaftServerImpl (RaftServerImpl.java:start(180)) - 02047d3a-8f07-43a6-aa09-0e15bab56fb4: start group-51AF52BC2394
2019-08-29 17:01:11,490 [pool-699-thread-1] INFO  impl.RaftServerImpl (RaftServerImpl.java:setRole(171)) - 02047d3a-8f07-43a6-aa09-0e15bab56fb4:group-51AF52BC2394 changes role from null to FOLLOWER at term 0 for startAsFollower
2019-08-29 17:01:11,490 [pool-699-thread-1] INFO  impl.RoleInfo (RoleInfo.java:updateAndGet(143)) - 02047d3a-8f07-43a6-aa09-0e15bab56fb4: start FollowerState
2019-08-29 17:01:11,491 [pool-699-thread-1] INFO  util.JmxRegister (JmxRegister.java:tryRegister(44)) - Successfully registered JMX Bean with object name Ratis:service=RaftServer,group=group-51AF52BC2394,id=02047d3a-8f07-43a6-aa09-0e15bab56fb4
2019-08-29 17:01:11,493 [RatisPipelineUtilsThread] INFO  pipeline.PipelineStateManager (PipelineStateManager.java:addPipeline(56)) - Created pipeline Pipeline[ Id: a2250c03-c62d-4e00-b91b-51af52bc2394, Nodes: 02047d3a-8f07-43a6-aa09-0e15bab56fb4{ip: 192.168.69.102, host: pr-hdds-1413-r8zfz-2367378370, networkLocation: /default-rack, certSerialId: null}, Type:RATIS, Factor:ONE, State:OPEN]
2019-08-29 17:01:11,509 [grpc-default-executor-5] INFO  impl.RaftServerProxy (RaftServerProxy.java:addNew(89)) - 530fff1b-0ce4-48db-9d30-11baf1ff95d0: addNew group-9BDCFF004CDE:[c104ec32-9aa5-499a-b97d-5e325c6a2558:192.168.69.102:38839, 530fff1b-0ce4-48db-9d30-11baf1ff95d0:192.168.69.102:46165, 02047d3a-8f07-43a6-aa09-0e15bab56fb4:192.168.69.102:36734] returns group-9BDCFF004CDE:java.util.concurrent.CompletableFuture@632cb0c9[Not completed]
2019-08-29 17:01:11,509 [grpc-default-executor-10] INFO  impl.RaftServerProxy (RaftServerProxy.java:addNew(89)) - 02047d3a-8f07-43a6-aa09-0e15bab56fb4: addNew group-9BDCFF004CDE:[c104ec32-9aa5-499a-b97d-5e325c6a2558:192.168.69.102:38839, 530fff1b-0ce4-48db-9d30-11baf1ff95d0:192.168.69.102:46165, 02047d3a-8f07-43a6-aa09-0e15bab56fb4:192.168.69.102:36734] returns group-9BDCFF004CDE:java.util.concurrent.CompletableFuture@4dcea31c[Not completed]
2019-08-29 17:01:11,509 [grpc-default-executor-9] INFO  impl.RaftServerProxy (RaftServerProxy.java:addNew(89)) - c104ec32-9aa5-499a-b97d-5e325c6a2558: addNew group-9BDCFF004CDE:[c104ec32-9aa5-499a-b97d-5e325c6a2558:192.168.69.102:38839, 530fff1b-0ce4-48db-9d30-11baf1ff95d0:192.168.69.102:46165, 02047d3a-8f07-43a6-aa09-0e15bab56fb4:192.168.69.102:36734] returns group-9BDCFF004CDE:java.util.concurrent.CompletableFuture@4802d5c4[Not completed]
2019-08-29 17:01:11,511 [pool-679-thread-1] INFO  impl.RaftServerImpl (RaftServerImpl.java:<init>(93)) - c104ec32-9aa5-499a-b97d-5e325c6a2558: new RaftServerImpl for group-9BDCFF004CDE:[c104ec32-9aa5-499a-b97d-5e325c6a2558:192.168.69.102:38839, 530fff1b-0ce4-48db-9d30-11baf1ff95d0:192.168.69.102:46165, 02047d3a-8f07-43a6-aa09-0e15bab56fb4:192.168.69.102:36734] with ContainerStateMachine:uninitialized
2019-08-29 17:01:11,511 [pool-679-thread-1] INFO  server.RaftServerConfigKeys (ConfUtils.java:logGet(43)) - raft.server.rpc.timeout.min = 5s (custom)
2019-08-29 17:01:11,511 [pool-679-thread-1] INFO  server.RaftServerConfigKeys (ConfUtils.java:logGet(43)) - raft.server.rpc.timeout.max = 5200ms (custom)
2019-08-29 17:01:11,511 [pool-679-thread-1] INFO  server.RaftServerConfigKeys (ConfUtils.java:logGet(43)) - raft.server.rpcslowness.timeout = 120s (custom)
2019-08-29 17:01:11,511 [pool-679-thread-1] INFO  server.RaftServerConfigKeys (ConfUtils.java:logGet(43)) - raft.server.sleep.deviation.threshold = 300 (default)
2019-08-29 17:01:11,511 [pool-679-thread-1] INFO  server.RaftServerConfigKeys (ConfUtils.java:logGet(43)) - raft.server.log.appender.install.snapshot.enabled = false (custom)
2019-08-29 17:01:11,511 [pool-699-thread-1] INFO  impl.RaftServerImpl (RaftServerImpl.java:<init>(93)) - 02047d3a-8f07-43a6-aa09-0e15bab56fb4: new RaftServerImpl for group-9BDCFF004CDE:[c104ec32-9aa5-499a-b97d-5e325c6a2558:192.168.69.102:38839, 530fff1b-0ce4-48db-9d30-11baf1ff95d0:192.168.69.102:46165, 02047d3a-8f07-43a6-aa09-0e15bab56fb4:192.168.69.102:36734] with ContainerStateMachine:uninitialized
2019-08-29 17:01:11,512 [pool-679-thread-1] INFO  impl.RaftServerImpl (ServerState.java:<init>(105)) - c104ec32-9aa5-499a-b97d-5e325c6a2558:group-9BDCFF004CDE ConfigurationManager, init=-1: [c104ec32-9aa5-499a-b97d-5e325c6a2558:192.168.69.102:38839, 530fff1b-0ce4-48db-9d30-11baf1ff95d0:192.168.69.102:46165, 02047d3a-8f07-43a6-aa09-0e15bab56fb4:192.168.69.102:36734], old=null, confs=<EMPTY_MAP>
2019-08-29 17:01:11,512 [pool-699-thread-1] INFO  server.RaftServerConfigKeys (ConfUtils.java:logGet(43)) - raft.server.rpc.timeout.min = 5s (custom)
2019-08-29 17:01:11,512 [pool-689-thread-1] INFO  impl.RaftServerImpl (RaftServerImpl.java:<init>(93)) - 530fff1b-0ce4-48db-9d30-11baf1ff95d0: new RaftServerImpl for group-9BDCFF004CDE:[c104ec32-9aa5-499a-b97d-5e325c6a2558:192.168.69.102:38839, 530fff1b-0ce4-48db-9d30-11baf1ff95d0:192.168.69.102:46165, 02047d3a-8f07-43a6-aa09-0e15bab56fb4:192.168.69.102:36734] with ContainerStateMachine:uninitialized
2019-08-29 17:01:11,512 [pool-699-thread-1] INFO  server.RaftServerConfigKeys (ConfUtils.java:logGet(43)) - raft.server.rpc.timeout.max = 5200ms (custom)
2019-08-29 17:01:11,512 [pool-699-thread-1] INFO  server.RaftServerConfigKeys (ConfUtils.java:logGet(43)) - raft.server.rpcslowness.timeout = 120s (custom)
2019-08-29 17:01:11,512 [pool-679-thread-1] INFO  server.RaftServerConfigKeys (ConfUtils.java:logGet(43)) - raft.server.storage.dir = [/workdir/hadoop-ozone/integration-test/target/test-dir/MiniOzoneClusterImpl-6f429aea-cb1e-4c0a-a3f8-3b3e3b27620e/datanode-0/data/ratis] (custom)
2019-08-29 17:01:11,512 [pool-699-thread-1] INFO  server.RaftServerConfigKeys (ConfUtils.java:logGet(43)) - raft.server.sleep.deviation.threshold = 300 (default)
2019-08-29 17:01:11,513 [pool-699-thread-1] INFO  server.RaftServerConfigKeys (ConfUtils.java:logGet(43)) - raft.server.log.appender.install.snapshot.enabled = false (custom)
2019-08-29 17:01:11,512 [pool-689-thread-1] INFO  server.RaftServerConfigKeys (ConfUtils.java:logGet(43)) - raft.server.rpc.timeout.min = 5s (custom)
2019-08-29 17:01:11,513 [pool-679-thread-1] INFO  storage.RaftStorageDirectory (RaftStorageDirectory.java:analyzeStorage(246)) - The storage directory /workdir/hadoop-ozone/integration-test/target/test-dir/MiniOzoneClusterImpl-6f429aea-cb1e-4c0a-a3f8-3b3e3b27620e/datanode-0/data/ratis/65eaa4f8-6b40-430d-9200-9bdcff004cde does not exist. Creating ...
2019-08-29 17:01:11,513 [pool-699-thread-1] INFO  impl.RaftServerImpl (ServerState.java:<init>(105)) - 02047d3a-8f07-43a6-aa09-0e15bab56fb4:group-9BDCFF004CDE ConfigurationManager, init=-1: [c104ec32-9aa5-499a-b97d-5e325c6a2558:192.168.69.102:38839, 530fff1b-0ce4-48db-9d30-11baf1ff95d0:192.168.69.102:46165, 02047d3a-8f07-43a6-aa09-0e15bab56fb4:192.168.69.102:36734], old=null, confs=<EMPTY_MAP>
2019-08-29 17:01:11,513 [pool-689-thread-1] INFO  server.RaftServerConfigKeys (ConfUtils.java:logGet(43)) - raft.server.rpc.timeout.max = 5200ms (custom)
2019-08-29 17:01:11,513 [pool-699-thread-1] INFO  server.RaftServerConfigKeys (ConfUtils.java:logGet(43)) - raft.server.storage.dir = [/workdir/hadoop-ozone/integration-test/target/test-dir/MiniOzoneClusterImpl-6f429aea-cb1e-4c0a-a3f8-3b3e3b27620e/datanode-2/data/ratis] (custom)
2019-08-29 17:01:11,513 [pool-689-thread-1] INFO  server.RaftServerConfigKeys (ConfUtils.java:logGet(43)) - raft.server.rpcslowness.timeout = 120s (custom)
2019-08-29 17:01:11,514 [pool-689-thread-1] INFO  server.RaftServerConfigKeys (ConfUtils.java:logGet(43)) - raft.server.sleep.deviation.threshold = 300 (default)
2019-08-29 17:01:11,514 [pool-689-thread-1] INFO  server.RaftServerConfigKeys (ConfUtils.java:logGet(43)) - raft.server.log.appender.install.snapshot.enabled = false (custom)
2019-08-29 17:01:11,514 [pool-699-thread-1] INFO  storage.RaftStorageDirectory (RaftStorageDirectory.java:analyzeStorage(246)) - The storage directory /workdir/hadoop-ozone/integration-test/target/test-dir/MiniOzoneClusterImpl-6f429aea-cb1e-4c0a-a3f8-3b3e3b27620e/datanode-2/data/ratis/65eaa4f8-6b40-430d-9200-9bdcff004cde does not exist. Creating ...
2019-08-29 17:01:11,514 [pool-689-thread-1] INFO  impl.RaftServerImpl (ServerState.java:<init>(105)) - 530fff1b-0ce4-48db-9d30-11baf1ff95d0:group-9BDCFF004CDE ConfigurationManager, init=-1: [c104ec32-9aa5-499a-b97d-5e325c6a2558:192.168.69.102:38839, 530fff1b-0ce4-48db-9d30-11baf1ff95d0:192.168.69.102:46165, 02047d3a-8f07-43a6-aa09-0e15bab56fb4:192.168.69.102:36734], old=null, confs=<EMPTY_MAP>
2019-08-29 17:01:11,514 [pool-689-thread-1] INFO  server.RaftServerConfigKeys (ConfUtils.java:logGet(43)) - raft.server.storage.dir = [/workdir/hadoop-ozone/integration-test/target/test-dir/MiniOzoneClusterImpl-6f429aea-cb1e-4c0a-a3f8-3b3e3b27620e/datanode-1/data/ratis] (custom)
2019-08-29 17:01:11,514 [pool-689-thread-1] INFO  storage.RaftStorageDirectory (RaftStorageDirectory.java:analyzeStorage(246)) - The storage directory /workdir/hadoop-ozone/integration-test/target/test-dir/MiniOzoneClusterImpl-6f429aea-cb1e-4c0a-a3f8-3b3e3b27620e/datanode-1/data/ratis/65eaa4f8-6b40-430d-9200-9bdcff004cde does not exist. Creating ...
2019-08-29 17:01:11,516 [IPC Server handler 2 on 42802] INFO  net.NetworkTopology (NetworkTopologyImpl.java:add(110)) - Added a new node: /default-rack/1b5bd387-da24-4a75-a3b9-46e545344a1a
2019-08-29 17:01:11,516 [IPC Server handler 2 on 42802] INFO  node.SCMNodeManager (SCMNodeManager.java:register(273)) - Registered Data node : 1b5bd387-da24-4a75-a3b9-46e545344a1a{ip: 192.168.69.102, host: pr-hdds-1413-r8zfz-2367378370, networkLocation: /default-rack, certSerialId: null}
2019-08-29 17:01:11,517 | INFO  | SCMAudit | user=jenkins1000 | ip=192.168.69.102 | op=REGISTER {datanodeDetails=1b5bd387-da24-4a75-a3b9-46e545344a1a{ip: 192.168.69.102, host: pr-hdds-1413-r8zfz-2367378370, networkLocation: /default-rack, certSerialId: null}} | ret=SUCCESS |  
2019-08-29 17:01:11,527 [pool-689-thread-1] INFO  storage.RaftStorageDirectory (RaftStorageDirectory.java:tryLock(328)) - Lock on /workdir/hadoop-ozone/integration-test/target/test-dir/MiniOzoneClusterImpl-6f429aea-cb1e-4c0a-a3f8-3b3e3b27620e/datanode-1/data/ratis/65eaa4f8-6b40-430d-9200-9bdcff004cde/in_use.lock acquired by nodename 17055@pr-hdds-1413-r8zfz-2367378370
2019-08-29 17:01:11,527 [pool-679-thread-1] INFO  storage.RaftStorageDirectory (RaftStorageDirectory.java:tryLock(328)) - Lock on /workdir/hadoop-ozone/integration-test/target/test-dir/MiniOzoneClusterImpl-6f429aea-cb1e-4c0a-a3f8-3b3e3b27620e/datanode-0/data/ratis/65eaa4f8-6b40-430d-9200-9bdcff004cde/in_use.lock acquired by nodename 17055@pr-hdds-1413-r8zfz-2367378370
2019-08-29 17:01:11,527 [pool-699-thread-1] INFO  storage.RaftStorageDirectory (RaftStorageDirectory.java:tryLock(328)) - Lock on /workdir/hadoop-ozone/integration-test/target/test-dir/MiniOzoneClusterImpl-6f429aea-cb1e-4c0a-a3f8-3b3e3b27620e/datanode-2/data/ratis/65eaa4f8-6b40-430d-9200-9bdcff004cde/in_use.lock acquired by nodename 17055@pr-hdds-1413-r8zfz-2367378370
2019-08-29 17:01:11,541 [pool-679-thread-1] INFO  storage.RaftStorage (RaftStorage.java:format(72)) - Storage directory /workdir/hadoop-ozone/integration-test/target/test-dir/MiniOzoneClusterImpl-6f429aea-cb1e-4c0a-a3f8-3b3e3b27620e/datanode-0/data/ratis/65eaa4f8-6b40-430d-9200-9bdcff004cde has been successfully formatted.
2019-08-29 17:01:11,541 [pool-699-thread-1] INFO  storage.RaftStorage (RaftStorage.java:format(72)) - Storage directory /workdir/hadoop-ozone/integration-test/target/test-dir/MiniOzoneClusterImpl-6f429aea-cb1e-4c0a-a3f8-3b3e3b27620e/datanode-2/data/ratis/65eaa4f8-6b40-430d-9200-9bdcff004cde has been successfully formatted.
2019-08-29 17:01:11,541 [pool-689-thread-1] INFO  storage.RaftStorage (RaftStorage.java:format(72)) - Storage directory /workdir/hadoop-ozone/integration-test/target/test-dir/MiniOzoneClusterImpl-6f429aea-cb1e-4c0a-a3f8-3b3e3b27620e/datanode-1/data/ratis/65eaa4f8-6b40-430d-9200-9bdcff004cde has been successfully formatted.
2019-08-29 17:01:11,542 [pool-699-thread-1] INFO  ratis.ContainerStateMachine (ContainerStateMachine.java:loadSnapshot(227)) - group-9BDCFF004CDE: The snapshot info is null. Setting the last applied indexto:(t:0, i:~)
2019-08-29 17:01:11,542 [pool-679-thread-1] INFO  ratis.ContainerStateMachine (ContainerStateMachine.java:loadSnapshot(227)) - group-9BDCFF004CDE: The snapshot info is null. Setting the last applied indexto:(t:0, i:~)
2019-08-29 17:01:11,542 [pool-699-thread-1] INFO  server.RaftServerConfigKeys (ConfUtils.java:logGet(43)) - raft.server.leader.election.timeout = 120s (custom)
2019-08-29 17:01:11,542 [pool-689-thread-1] INFO  ratis.ContainerStateMachine (ContainerStateMachine.java:loadSnapshot(227)) - group-9BDCFF004CDE: The snapshot info is null. Setting the last applied indexto:(t:0, i:~)
2019-08-29 17:01:11,543 [pool-699-thread-1] INFO  server.RaftServerConfigKeys (ConfUtils.java:logGet(43)) - raft.server.log.use.memory = false (default)
2019-08-29 17:01:11,542 [pool-679-thread-1] INFO  server.RaftServerConfigKeys (ConfUtils.java:logGet(43)) - raft.server.leader.election.timeout = 120s (custom)
2019-08-29 17:01:11,543 [pool-699-thread-1] INFO  server.RaftServerConfigKeys (ConfUtils.java:logGet(43)) - raft.server.log.purge.gap = 1000000 (custom)
2019-08-29 17:01:11,543 [pool-689-thread-1] INFO  server.RaftServerConfigKeys (ConfUtils.java:logGet(43)) - raft.server.leader.election.timeout = 120s (custom)
2019-08-29 17:01:11,543 [pool-699-thread-1] INFO  server.RaftServerConfigKeys (ConfUtils.java:logGet(43)) - raft.server.log.appender.buffer.byte-limit = 33554432 (custom)
2019-08-29 17:01:11,543 [pool-679-thread-1] INFO  server.RaftServerConfigKeys (ConfUtils.java:logGet(43)) - raft.server.log.use.memory = false (default)
2019-08-29 17:01:11,544 [pool-699-thread-1] INFO  server.RaftServerConfigKeys (ConfUtils.java:logGet(43)) - raft.server.log.segment.size.max = 1048576 (custom)
2019-08-29 17:01:11,543 [pool-689-thread-1] INFO  server.RaftServerConfigKeys (ConfUtils.java:logGet(43)) - raft.server.log.use.memory = false (default)
2019-08-29 17:01:11,544 [pool-699-thread-1] INFO  server.RaftServerConfigKeys (ConfUtils.java:logGet(43)) - raft.server.log.segment.cache.num.max = 2 (custom)
2019-08-29 17:01:11,544 [pool-679-thread-1] INFO  server.RaftServerConfigKeys (ConfUtils.java:logGet(43)) - raft.server.log.purge.gap = 1000000 (custom)
2019-08-29 17:01:11,544 [pool-699-thread-1] INFO  segmented.SegmentedRaftLogWorker (SegmentedRaftLogWorker.java:<init>(172)) - new 02047d3a-8f07-43a6-aa09-0e15bab56fb4-SegmentedRaftLogWorker:Storage Directory /workdir/hadoop-ozone/integration-test/target/test-dir/MiniOzoneClusterImpl-6f429aea-cb1e-4c0a-a3f8-3b3e3b27620e/datanode-2/data/ratis/65eaa4f8-6b40-430d-9200-9bdcff004cde for RaftStorage:Storage Directory /workdir/hadoop-ozone/integration-test/target/test-dir/MiniOzoneClusterImpl-6f429aea-cb1e-4c0a-a3f8-3b3e3b27620e/datanode-2/data/ratis/65eaa4f8-6b40-430d-9200-9bdcff004cde
2019-08-29 17:01:11,544 [pool-689-thread-1] INFO  server.RaftServerConfigKeys (ConfUtils.java:logGet(43)) - raft.server.log.purge.gap = 1000000 (custom)
2019-08-29 17:01:11,544 [pool-699-thread-1] INFO  server.RaftServerConfigKeys (ConfUtils.java:logGet(43)) - raft.server.log.queue.byte-limit = 2147483647 (custom)
2019-08-29 17:01:11,544 [pool-679-thread-1] INFO  server.RaftServerConfigKeys (ConfUtils.java:logGet(43)) - raft.server.log.appender.buffer.byte-limit = 33554432 (custom)
2019-08-29 17:01:11,545 [pool-699-thread-1] INFO  server.RaftServerConfigKeys (ConfUtils.java:logGet(43)) - raft.server.log.queue.element-limit = 1024 (custom)
2019-08-29 17:01:11,544 [pool-689-thread-1] INFO  server.RaftServerConfigKeys (ConfUtils.java:logGet(43)) - raft.server.log.appender.buffer.byte-limit = 33554432 (custom)
2019-08-29 17:01:11,545 [pool-699-thread-1] INFO  server.RaftServerConfigKeys (ConfUtils.java:logGet(43)) - raft.server.log.segment.size.max = 1048576 (custom)
2019-08-29 17:01:11,545 [pool-699-thread-1] INFO  server.RaftServerConfigKeys (ConfUtils.java:logGet(43)) - raft.server.log.preallocated.size = 16384 (custom)
2019-08-29 17:01:11,545 [pool-679-thread-1] INFO  server.RaftServerConfigKeys (ConfUtils.java:logGet(43)) - raft.server.log.segment.size.max = 1048576 (custom)
2019-08-29 17:01:11,545 [pool-699-thread-1] INFO  server.RaftServerConfigKeys (ConfUtils.java:logGet(43)) - raft.server.log.write.buffer.size = 33554432 (custom)
2019-08-29 17:01:11,546 [pool-699-thread-1] INFO  server.RaftServerConfigKeys (ConfUtils.java:logGet(43)) - raft.server.log.force.sync.num = 128 (default)
2019-08-29 17:01:11,545 [pool-689-thread-1] INFO  server.RaftServerConfigKeys (ConfUtils.java:logGet(43)) - raft.server.log.segment.size.max = 1048576 (custom)
2019-08-29 17:01:11,546 [pool-699-thread-1] INFO  server.RaftServerConfigKeys (ConfUtils.java:logGet(43)) - raft.server.log.statemachine.data.sync = true (default)
2019-08-29 17:01:11,546 [pool-699-thread-1] INFO  server.RaftServerConfigKeys (ConfUtils.java:logGet(43)) - raft.server.log.statemachine.data.sync.timeout = 10s (default)
2019-08-29 17:01:11,546 [pool-679-thread-1] INFO  server.RaftServerConfigKeys (ConfUtils.java:logGet(43)) - raft.server.log.segment.cache.num.max = 2 (custom)
2019-08-29 17:01:11,546 [pool-699-thread-1] INFO  server.RaftServerConfigKeys (ConfUtils.java:logGet(43)) - raft.server.log.statemachine.data.sync.timeout.retry = -1 (default)
2019-08-29 17:01:11,546 [pool-689-thread-1] INFO  server.RaftServerConfigKeys (ConfUtils.java:logGet(43)) - raft.server.log.segment.cache.num.max = 2 (custom)
2019-08-29 17:01:11,547 [pool-699-thread-1] INFO  server.RaftServerConfigKeys (ConfUtils.java:logGet(43)) - raft.server.log.statemachine.data.caching.enabled = true (custom)
2019-08-29 17:01:11,547 [pool-679-thread-1] INFO  segmented.SegmentedRaftLogWorker (SegmentedRaftLogWorker.java:<init>(172)) - new c104ec32-9aa5-499a-b97d-5e325c6a2558-SegmentedRaftLogWorker:Storage Directory /workdir/hadoop-ozone/integration-test/target/test-dir/MiniOzoneClusterImpl-6f429aea-cb1e-4c0a-a3f8-3b3e3b27620e/datanode-0/data/ratis/65eaa4f8-6b40-430d-9200-9bdcff004cde for RaftStorage:Storage Directory /workdir/hadoop-ozone/integration-test/target/test-dir/MiniOzoneClusterImpl-6f429aea-cb1e-4c0a-a3f8-3b3e3b27620e/datanode-0/data/ratis/65eaa4f8-6b40-430d-9200-9bdcff004cde
2019-08-29 17:01:11,547 [pool-689-thread-1] INFO  segmented.SegmentedRaftLogWorker (SegmentedRaftLogWorker.java:<init>(172)) - new 530fff1b-0ce4-48db-9d30-11baf1ff95d0-SegmentedRaftLogWorker:Storage Directory /workdir/hadoop-ozone/integration-test/target/test-dir/MiniOzoneClusterImpl-6f429aea-cb1e-4c0a-a3f8-3b3e3b27620e/datanode-1/data/ratis/65eaa4f8-6b40-430d-9200-9bdcff004cde for RaftStorage:Storage Directory /workdir/hadoop-ozone/integration-test/target/test-dir/MiniOzoneClusterImpl-6f429aea-cb1e-4c0a-a3f8-3b3e3b27620e/datanode-1/data/ratis/65eaa4f8-6b40-430d-9200-9bdcff004cde
2019-08-29 17:01:11,547 [pool-699-thread-1] INFO  segmented.SegmentedRaftLogWorker (SegmentedRaftLogWorker.java:lambda$new$0(132)) - 02047d3a-8f07-43a6-aa09-0e15bab56fb4-SegmentedRaftLogWorker:Storage Directory /workdir/hadoop-ozone/integration-test/target/test-dir/MiniOzoneClusterImpl-6f429aea-cb1e-4c0a-a3f8-3b3e3b27620e/datanode-2/data/ratis/65eaa4f8-6b40-430d-9200-9bdcff004cde: flushIndex: setUnconditionally 0 -> -1
2019-08-29 17:01:11,547 [pool-679-thread-1] INFO  server.RaftServerConfigKeys (ConfUtils.java:logGet(43)) - raft.server.log.queue.byte-limit = 2147483647 (custom)
2019-08-29 17:01:11,547 [pool-689-thread-1] INFO  server.RaftServerConfigKeys (ConfUtils.java:logGet(43)) - raft.server.log.queue.byte-limit = 2147483647 (custom)
2019-08-29 17:01:11,548 [pool-699-thread-1] INFO  server.RaftServerConfigKeys (ConfUtils.java:logGet(43)) - raft.server.snapshot.auto.trigger.enabled = true (custom)
2019-08-29 17:01:11,548 [pool-699-thread-1] INFO  server.RaftServerConfigKeys (ConfUtils.java:logGet(43)) - raft.server.snapshot.auto.trigger.threshold = 10000 (custom)
2019-08-29 17:01:11,548 [pool-679-thread-1] INFO  server.RaftServerConfigKeys (ConfUtils.java:logGet(43)) - raft.server.log.queue.element-limit = 1024 (custom)
2019-08-29 17:01:11,548 [pool-699-thread-1] INFO  server.RaftServerConfigKeys (ConfUtils.java:logGet(43)) - raft.server.retrycache.expirytime = 600000ms (custom)
2019-08-29 17:01:11,548 [pool-689-thread-1] INFO  server.RaftServerConfigKeys (ConfUtils.java:logGet(43)) - raft.server.log.queue.element-limit = 1024 (custom)
2019-08-29 17:01:11,549 [pool-699-thread-1] INFO  impl.RaftServerImpl (RaftServerImpl.java:start(180)) - 02047d3a-8f07-43a6-aa09-0e15bab56fb4: start group-9BDCFF004CDE
2019-08-29 17:01:11,548 [pool-679-thread-1] INFO  server.RaftServerConfigKeys (ConfUtils.java:logGet(43)) - raft.server.log.segment.size.max = 1048576 (custom)
2019-08-29 17:01:11,549 [pool-699-thread-1] INFO  impl.RaftServerImpl (RaftServerImpl.java:setRole(171)) - 02047d3a-8f07-43a6-aa09-0e15bab56fb4:group-9BDCFF004CDE changes role from null to FOLLOWER at term 0 for startAsFollower
2019-08-29 17:01:11,549 [pool-689-thread-1] INFO  server.RaftServerConfigKeys (ConfUtils.java:logGet(43)) - raft.server.log.segment.size.max = 1048576 (custom)
2019-08-29 17:01:11,549 [pool-699-thread-1] INFO  impl.RoleInfo (RoleInfo.java:updateAndGet(143)) - 02047d3a-8f07-43a6-aa09-0e15bab56fb4: start FollowerState
2019-08-29 17:01:11,549 [pool-679-thread-1] INFO  server.RaftServerConfigKeys (ConfUtils.java:logGet(43)) - raft.server.log.preallocated.size = 16384 (custom)
2019-08-29 17:01:11,550 [pool-679-thread-1] INFO  server.RaftServerConfigKeys (ConfUtils.java:logGet(43)) - raft.server.log.write.buffer.size = 33554432 (custom)
2019-08-29 17:01:11,549 [pool-689-thread-1] INFO  server.RaftServerConfigKeys (ConfUtils.java:logGet(43)) - raft.server.log.preallocated.size = 16384 (custom)
2019-08-29 17:01:11,550 [pool-699-thread-1] INFO  util.JmxRegister (JmxRegister.java:tryRegister(44)) - Successfully registered JMX Bean with object name Ratis:service=RaftServer,group=group-9BDCFF004CDE,id=02047d3a-8f07-43a6-aa09-0e15bab56fb4
2019-08-29 17:01:11,550 [pool-679-thread-1] INFO  server.RaftServerConfigKeys (ConfUtils.java:logGet(43)) - raft.server.log.force.sync.num = 128 (default)
2019-08-29 17:01:11,550 [pool-689-thread-1] INFO  server.RaftServerConfigKeys (ConfUtils.java:logGet(43)) - raft.server.log.write.buffer.size = 33554432 (custom)
2019-08-29 17:01:11,550 [pool-679-thread-1] INFO  server.RaftServerConfigKeys (ConfUtils.java:logGet(43)) - raft.server.log.statemachine.data.sync = true (default)
2019-08-29 17:01:11,550 [pool-689-thread-1] INFO  server.RaftServerConfigKeys (ConfUtils.java:logGet(43)) - raft.server.log.force.sync.num = 128 (default)
2019-08-29 17:01:11,551 [pool-679-thread-1] INFO  server.RaftServerConfigKeys (ConfUtils.java:logGet(43)) - raft.server.log.statemachine.data.sync.timeout = 10s (default)
2019-08-29 17:01:11,551 [pool-689-thread-1] INFO  server.RaftServerConfigKeys (ConfUtils.java:logGet(43)) - raft.server.log.statemachine.data.sync = true (default)
2019-08-29 17:01:11,551 [pool-679-thread-1] INFO  server.RaftServerConfigKeys (ConfUtils.java:logGet(43)) - raft.server.log.statemachine.data.sync.timeout.retry = -1 (default)
2019-08-29 17:01:11,551 [pool-689-thread-1] INFO  server.RaftServerConfigKeys (ConfUtils.java:logGet(43)) - raft.server.log.statemachine.data.sync.timeout = 10s (default)
2019-08-29 17:01:11,551 [pool-679-thread-1] INFO  server.RaftServerConfigKeys (ConfUtils.java:logGet(43)) - raft.server.log.statemachine.data.caching.enabled = true (custom)
2019-08-29 17:01:11,551 [pool-689-thread-1] INFO  server.RaftServerConfigKeys (ConfUtils.java:logGet(43)) - raft.server.log.statemachine.data.sync.timeout.retry = -1 (default)
2019-08-29 17:01:11,551 [pool-689-thread-1] INFO  server.RaftServerConfigKeys (ConfUtils.java:logGet(43)) - raft.server.log.statemachine.data.caching.enabled = true (custom)
2019-08-29 17:01:11,551 [pool-679-thread-1] INFO  segmented.SegmentedRaftLogWorker (SegmentedRaftLogWorker.java:lambda$new$0(132)) - c104ec32-9aa5-499a-b97d-5e325c6a2558-SegmentedRaftLogWorker:Storage Directory /workdir/hadoop-ozone/integration-test/target/test-dir/MiniOzoneClusterImpl-6f429aea-cb1e-4c0a-a3f8-3b3e3b27620e/datanode-0/data/ratis/65eaa4f8-6b40-430d-9200-9bdcff004cde: flushIndex: setUnconditionally 0 -> -1
2019-08-29 17:01:11,552 [pool-689-thread-1] INFO  segmented.SegmentedRaftLogWorker (SegmentedRaftLogWorker.java:lambda$new$0(132)) - 530fff1b-0ce4-48db-9d30-11baf1ff95d0-SegmentedRaftLogWorker:Storage Directory /workdir/hadoop-ozone/integration-test/target/test-dir/MiniOzoneClusterImpl-6f429aea-cb1e-4c0a-a3f8-3b3e3b27620e/datanode-1/data/ratis/65eaa4f8-6b40-430d-9200-9bdcff004cde: flushIndex: setUnconditionally 0 -> -1
2019-08-29 17:01:11,552 [pool-679-thread-1] INFO  server.RaftServerConfigKeys (ConfUtils.java:logGet(43)) - raft.server.snapshot.auto.trigger.enabled = true (custom)
2019-08-29 17:01:11,552 [pool-689-thread-1] INFO  server.RaftServerConfigKeys (ConfUtils.java:logGet(43)) - raft.server.snapshot.auto.trigger.enabled = true (custom)
2019-08-29 17:01:11,552 [pool-679-thread-1] INFO  server.RaftServerConfigKeys (ConfUtils.java:logGet(43)) - raft.server.snapshot.auto.trigger.threshold = 10000 (custom)
2019-08-29 17:01:11,552 [pool-689-thread-1] INFO  server.RaftServerConfigKeys (ConfUtils.java:logGet(43)) - raft.server.snapshot.auto.trigger.threshold = 10000 (custom)
2019-08-29 17:01:11,552 [pool-679-thread-1] INFO  server.RaftServerConfigKeys (ConfUtils.java:logGet(43)) - raft.server.retrycache.expirytime = 600000ms (custom)
2019-08-29 17:01:11,552 [pool-689-thread-1] INFO  server.RaftServerConfigKeys (ConfUtils.java:logGet(43)) - raft.server.retrycache.expirytime = 600000ms (custom)
2019-08-29 17:01:11,553 [pool-679-thread-1] INFO  impl.RaftServerImpl (RaftServerImpl.java:start(180)) - c104ec32-9aa5-499a-b97d-5e325c6a2558: start group-9BDCFF004CDE
2019-08-29 17:01:11,553 [pool-689-thread-1] INFO  impl.RaftServerImpl (RaftServerImpl.java:start(180)) - 530fff1b-0ce4-48db-9d30-11baf1ff95d0: start group-9BDCFF004CDE
2019-08-29 17:01:11,553 [pool-679-thread-1] INFO  impl.RaftServerImpl (RaftServerImpl.java:setRole(171)) - c104ec32-9aa5-499a-b97d-5e325c6a2558:group-9BDCFF004CDE changes role from null to FOLLOWER at term 0 for startAsFollower
2019-08-29 17:01:11,553 [pool-689-thread-1] INFO  impl.RaftServerImpl (RaftServerImpl.java:setRole(171)) - 530fff1b-0ce4-48db-9d30-11baf1ff95d0:group-9BDCFF004CDE changes role from null to FOLLOWER at term 0 for startAsFollower
2019-08-29 17:01:11,553 [pool-679-thread-1] INFO  impl.RoleInfo (RoleInfo.java:updateAndGet(143)) - c104ec32-9aa5-499a-b97d-5e325c6a2558: start FollowerState
2019-08-29 17:01:11,553 [pool-689-thread-1] INFO  impl.RoleInfo (RoleInfo.java:updateAndGet(143)) - 530fff1b-0ce4-48db-9d30-11baf1ff95d0: start FollowerState
2019-08-29 17:01:11,553 [pool-679-thread-1] INFO  util.JmxRegister (JmxRegister.java:tryRegister(44)) - Successfully registered JMX Bean with object name Ratis:service=RaftServer,group=group-9BDCFF004CDE,id=c104ec32-9aa5-499a-b97d-5e325c6a2558
2019-08-29 17:01:11,554 [pool-689-thread-1] INFO  util.JmxRegister (JmxRegister.java:tryRegister(44)) - Successfully registered JMX Bean with object name Ratis:service=RaftServer,group=group-9BDCFF004CDE,id=530fff1b-0ce4-48db-9d30-11baf1ff95d0
2019-08-29 17:01:11,556 [RatisPipelineUtilsThread] INFO  pipeline.PipelineStateManager (PipelineStateManager.java:addPipeline(56)) - Created pipeline Pipeline[ Id: 65eaa4f8-6b40-430d-9200-9bdcff004cde, Nodes: 02047d3a-8f07-43a6-aa09-0e15bab56fb4{ip: 192.168.69.102, host: pr-hdds-1413-r8zfz-2367378370, networkLocation: /default-rack, certSerialId: null}c104ec32-9aa5-499a-b97d-5e325c6a2558{ip: 192.168.69.102, host: pr-hdds-1413-r8zfz-2367378370, networkLocation: /default-rack, certSerialId: null}530fff1b-0ce4-48db-9d30-11baf1ff95d0{ip: 192.168.69.102, host: pr-hdds-1413-r8zfz-2367378370, networkLocation: /default-rack, certSerialId: null}, Type:RATIS, Factor:THREE, State:OPEN]
2019-08-29 17:01:11,564 [grpc-default-executor-9] INFO  impl.RaftServerProxy (RaftServerProxy.java:addNew(89)) - 1b5bd387-da24-4a75-a3b9-46e545344a1a: addNew group-7EB258EABF4D:[1b5bd387-da24-4a75-a3b9-46e545344a1a:192.168.69.102:36560] returns group-7EB258EABF4D:java.util.concurrent.CompletableFuture@1b080ae9[Not completed]
2019-08-29 17:01:11,566 [pool-709-thread-1] INFO  impl.RaftServerImpl (RaftServerImpl.java:<init>(93)) - 1b5bd387-da24-4a75-a3b9-46e545344a1a: new RaftServerImpl for group-7EB258EABF4D:[1b5bd387-da24-4a75-a3b9-46e545344a1a:192.168.69.102:36560] with ContainerStateMachine:uninitialized
2019-08-29 17:01:11,566 [pool-709-thread-1] INFO  server.RaftServerConfigKeys (ConfUtils.java:logGet(43)) - raft.server.rpc.timeout.min = 5s (custom)
2019-08-29 17:01:11,566 [pool-709-thread-1] INFO  server.RaftServerConfigKeys (ConfUtils.java:logGet(43)) - raft.server.rpc.timeout.max = 5200ms (custom)
2019-08-29 17:01:11,566 [pool-709-thread-1] INFO  server.RaftServerConfigKeys (ConfUtils.java:logGet(43)) - raft.server.rpcslowness.timeout = 120s (custom)
2019-08-29 17:01:11,566 [pool-709-thread-1] INFO  server.RaftServerConfigKeys (ConfUtils.java:logGet(43)) - raft.server.sleep.deviation.threshold = 300 (default)
2019-08-29 17:01:11,566 [pool-709-thread-1] INFO  server.RaftServerConfigKeys (ConfUtils.java:logGet(43)) - raft.server.log.appender.install.snapshot.enabled = false (custom)
2019-08-29 17:01:11,567 [pool-709-thread-1] INFO  impl.RaftServerImpl (ServerState.java:<init>(105)) - 1b5bd387-da24-4a75-a3b9-46e545344a1a:group-7EB258EABF4D ConfigurationManager, init=-1: [1b5bd387-da24-4a75-a3b9-46e545344a1a:192.168.69.102:36560], old=null, confs=<EMPTY_MAP>
2019-08-29 17:01:11,567 [pool-709-thread-1] INFO  server.RaftServerConfigKeys (ConfUtils.java:logGet(43)) - raft.server.storage.dir = [/workdir/hadoop-ozone/integration-test/target/test-dir/MiniOzoneClusterImpl-6f429aea-cb1e-4c0a-a3f8-3b3e3b27620e/datanode-3/data/ratis] (custom)
2019-08-29 17:01:11,567 [pool-709-thread-1] INFO  storage.RaftStorageDirectory (RaftStorageDirectory.java:analyzeStorage(246)) - The storage directory /workdir/hadoop-ozone/integration-test/target/test-dir/MiniOzoneClusterImpl-6f429aea-cb1e-4c0a-a3f8-3b3e3b27620e/datanode-3/data/ratis/05b6348c-f177-4ced-965c-7eb258eabf4d does not exist. Creating ...
2019-08-29 17:01:11,595 [IPC Server handler 3 on 42802] INFO  net.NetworkTopology (NetworkTopologyImpl.java:add(110)) - Added a new node: /default-rack/3acd8f8c-e91c-4578-a55f-526981cf687c
2019-08-29 17:01:11,595 [IPC Server handler 3 on 42802] INFO  node.SCMNodeManager (SCMNodeManager.java:register(273)) - Registered Data node : 3acd8f8c-e91c-4578-a55f-526981cf687c{ip: 192.168.69.102, host: pr-hdds-1413-r8zfz-2367378370, networkLocation: /default-rack, certSerialId: null}
2019-08-29 17:01:11,595 | INFO  | SCMAudit | user=jenkins1000 | ip=192.168.69.102 | op=REGISTER {datanodeDetails=3acd8f8c-e91c-4578-a55f-526981cf687c{ip: 192.168.69.102, host: pr-hdds-1413-r8zfz-2367378370, networkLocation: /default-rack, certSerialId: null}} | ret=SUCCESS |  
2019-08-29 17:01:11,599 [pool-709-thread-1] INFO  storage.RaftStorageDirectory (RaftStorageDirectory.java:tryLock(328)) - Lock on /workdir/hadoop-ozone/integration-test/target/test-dir/MiniOzoneClusterImpl-6f429aea-cb1e-4c0a-a3f8-3b3e3b27620e/datanode-3/data/ratis/05b6348c-f177-4ced-965c-7eb258eabf4d/in_use.lock acquired by nodename 17055@pr-hdds-1413-r8zfz-2367378370
2019-08-29 17:01:11,613 [pool-709-thread-1] INFO  storage.RaftStorage (RaftStorage.java:format(72)) - Storage directory /workdir/hadoop-ozone/integration-test/target/test-dir/MiniOzoneClusterImpl-6f429aea-cb1e-4c0a-a3f8-3b3e3b27620e/datanode-3/data/ratis/05b6348c-f177-4ced-965c-7eb258eabf4d has been successfully formatted.
2019-08-29 17:01:11,613 [pool-709-thread-1] INFO  ratis.ContainerStateMachine (ContainerStateMachine.java:loadSnapshot(227)) - group-7EB258EABF4D: The snapshot info is null. Setting the last applied indexto:(t:0, i:~)
2019-08-29 17:01:11,613 [pool-709-thread-1] INFO  server.RaftServerConfigKeys (ConfUtils.java:logGet(43)) - raft.server.leader.election.timeout = 120s (custom)
2019-08-29 17:01:11,613 [pool-709-thread-1] INFO  server.RaftServerConfigKeys (ConfUtils.java:logGet(43)) - raft.server.log.use.memory = false (default)
2019-08-29 17:01:11,613 [pool-709-thread-1] INFO  server.RaftServerConfigKeys (ConfUtils.java:logGet(43)) - raft.server.log.purge.gap = 1000000 (custom)
2019-08-29 17:01:11,613 [pool-709-thread-1] INFO  server.RaftServerConfigKeys (ConfUtils.java:logGet(43)) - raft.server.log.appender.buffer.byte-limit = 33554432 (custom)
2019-08-29 17:01:11,614 [pool-709-thread-1] INFO  server.RaftServerConfigKeys (ConfUtils.java:logGet(43)) - raft.server.log.segment.size.max = 1048576 (custom)
2019-08-29 17:01:11,614 [pool-709-thread-1] INFO  server.RaftServerConfigKeys (ConfUtils.java:logGet(43)) - raft.server.log.segment.cache.num.max = 2 (custom)
2019-08-29 17:01:11,614 [pool-709-thread-1] INFO  segmented.SegmentedRaftLogWorker (SegmentedRaftLogWorker.java:<init>(172)) - new 1b5bd387-da24-4a75-a3b9-46e545344a1a-SegmentedRaftLogWorker:Storage Directory /workdir/hadoop-ozone/integration-test/target/test-dir/MiniOzoneClusterImpl-6f429aea-cb1e-4c0a-a3f8-3b3e3b27620e/datanode-3/data/ratis/05b6348c-f177-4ced-965c-7eb258eabf4d for RaftStorage:Storage Directory /workdir/hadoop-ozone/integration-test/target/test-dir/MiniOzoneClusterImpl-6f429aea-cb1e-4c0a-a3f8-3b3e3b27620e/datanode-3/data/ratis/05b6348c-f177-4ced-965c-7eb258eabf4d
2019-08-29 17:01:11,614 [pool-709-thread-1] INFO  server.RaftServerConfigKeys (ConfUtils.java:logGet(43)) - raft.server.log.queue.byte-limit = 2147483647 (custom)
2019-08-29 17:01:11,614 [pool-709-thread-1] INFO  server.RaftServerConfigKeys (ConfUtils.java:logGet(43)) - raft.server.log.queue.element-limit = 1024 (custom)
2019-08-29 17:01:11,614 [pool-709-thread-1] INFO  server.RaftServerConfigKeys (ConfUtils.java:logGet(43)) - raft.server.log.segment.size.max = 1048576 (custom)
2019-08-29 17:01:11,615 [pool-709-thread-1] INFO  server.RaftServerConfigKeys (ConfUtils.java:logGet(43)) - raft.server.log.preallocated.size = 16384 (custom)
2019-08-29 17:01:11,615 [pool-709-thread-1] INFO  server.RaftServerConfigKeys (ConfUtils.java:logGet(43)) - raft.server.log.write.buffer.size = 33554432 (custom)
2019-08-29 17:01:11,615 [pool-709-thread-1] INFO  server.RaftServerConfigKeys (ConfUtils.java:logGet(43)) - raft.server.log.force.sync.num = 128 (default)
2019-08-29 17:01:11,615 [pool-709-thread-1] INFO  server.RaftServerConfigKeys (ConfUtils.java:logGet(43)) - raft.server.log.statemachine.data.sync = true (default)
2019-08-29 17:01:11,615 [pool-709-thread-1] INFO  server.RaftServerConfigKeys (ConfUtils.java:logGet(43)) - raft.server.log.statemachine.data.sync.timeout = 10s (default)
2019-08-29 17:01:11,615 [pool-709-thread-1] INFO  server.RaftServerConfigKeys (ConfUtils.java:logGet(43)) - raft.server.log.statemachine.data.sync.timeout.retry = -1 (default)
2019-08-29 17:01:11,615 [pool-709-thread-1] INFO  server.RaftServerConfigKeys (ConfUtils.java:logGet(43)) - raft.server.log.statemachine.data.caching.enabled = true (custom)
2019-08-29 17:01:11,615 [pool-709-thread-1] INFO  segmented.SegmentedRaftLogWorker (SegmentedRaftLogWorker.java:lambda$new$0(132)) - 1b5bd387-da24-4a75-a3b9-46e545344a1a-SegmentedRaftLogWorker:Storage Directory /workdir/hadoop-ozone/integration-test/target/test-dir/MiniOzoneClusterImpl-6f429aea-cb1e-4c0a-a3f8-3b3e3b27620e/datanode-3/data/ratis/05b6348c-f177-4ced-965c-7eb258eabf4d: flushIndex: setUnconditionally 0 -> -1
2019-08-29 17:01:11,616 [pool-709-thread-1] INFO  server.RaftServerConfigKeys (ConfUtils.java:logGet(43)) - raft.server.snapshot.auto.trigger.enabled = true (custom)
2019-08-29 17:01:11,616 [pool-709-thread-1] INFO  server.RaftServerConfigKeys (ConfUtils.java:logGet(43)) - raft.server.snapshot.auto.trigger.threshold = 10000 (custom)
2019-08-29 17:01:11,616 [pool-709-thread-1] INFO  server.RaftServerConfigKeys (ConfUtils.java:logGet(43)) - raft.server.retrycache.expirytime = 600000ms (custom)
2019-08-29 17:01:11,616 [pool-709-thread-1] INFO  impl.RaftServerImpl (RaftServerImpl.java:start(180)) - 1b5bd387-da24-4a75-a3b9-46e545344a1a: start group-7EB258EABF4D
2019-08-29 17:01:11,616 [pool-709-thread-1] INFO  impl.RaftServerImpl (RaftServerImpl.java:setRole(171)) - 1b5bd387-da24-4a75-a3b9-46e545344a1a:group-7EB258EABF4D changes role from null to FOLLOWER at term 0 for startAsFollower
2019-08-29 17:01:11,616 [pool-709-thread-1] INFO  impl.RoleInfo (RoleInfo.java:updateAndGet(143)) - 1b5bd387-da24-4a75-a3b9-46e545344a1a: start FollowerState
2019-08-29 17:01:11,617 [pool-709-thread-1] INFO  util.JmxRegister (JmxRegister.java:tryRegister(44)) - Successfully registered JMX Bean with object name Ratis:service=RaftServer,group=group-7EB258EABF4D,id=1b5bd387-da24-4a75-a3b9-46e545344a1a
2019-08-29 17:01:11,618 [RatisPipelineUtilsThread] INFO  pipeline.PipelineStateManager (PipelineStateManager.java:addPipeline(56)) - Created pipeline Pipeline[ Id: 05b6348c-f177-4ced-965c-7eb258eabf4d, Nodes: 1b5bd387-da24-4a75-a3b9-46e545344a1a{ip: 192.168.69.102, host: pr-hdds-1413-r8zfz-2367378370, networkLocation: /default-rack, certSerialId: null}, Type:RATIS, Factor:ONE, State:OPEN]
2019-08-29 17:01:11,623 [grpc-default-executor-9] INFO  impl.RaftServerProxy (RaftServerProxy.java:addNew(89)) - 3acd8f8c-e91c-4578-a55f-526981cf687c: addNew group-6B5CB8CAC6D7:[3acd8f8c-e91c-4578-a55f-526981cf687c:192.168.69.102:43809] returns group-6B5CB8CAC6D7:java.util.concurrent.CompletableFuture@7bf79f1e[Not completed]
2019-08-29 17:01:11,624 [pool-719-thread-1] INFO  impl.RaftServerImpl (RaftServerImpl.java:<init>(93)) - 3acd8f8c-e91c-4578-a55f-526981cf687c: new RaftServerImpl for group-6B5CB8CAC6D7:[3acd8f8c-e91c-4578-a55f-526981cf687c:192.168.69.102:43809] with ContainerStateMachine:uninitialized
2019-08-29 17:01:11,624 [pool-719-thread-1] INFO  server.RaftServerConfigKeys (ConfUtils.java:logGet(43)) - raft.server.rpc.timeout.min = 5s (custom)
2019-08-29 17:01:11,624 [pool-719-thread-1] INFO  server.RaftServerConfigKeys (ConfUtils.java:logGet(43)) - raft.server.rpc.timeout.max = 5200ms (custom)
2019-08-29 17:01:11,624 [pool-719-thread-1] INFO  server.RaftServerConfigKeys (ConfUtils.java:logGet(43)) - raft.server.rpcslowness.timeout = 120s (custom)
2019-08-29 17:01:11,624 [pool-719-thread-1] INFO  server.RaftServerConfigKeys (ConfUtils.java:logGet(43)) - raft.server.sleep.deviation.threshold = 300 (default)
2019-08-29 17:01:11,625 [pool-719-thread-1] INFO  server.RaftServerConfigKeys (ConfUtils.java:logGet(43)) - raft.server.log.appender.install.snapshot.enabled = false (custom)
2019-08-29 17:01:11,625 [pool-719-thread-1] INFO  impl.RaftServerImpl (ServerState.java:<init>(105)) - 3acd8f8c-e91c-4578-a55f-526981cf687c:group-6B5CB8CAC6D7 ConfigurationManager, init=-1: [3acd8f8c-e91c-4578-a55f-526981cf687c:192.168.69.102:43809], old=null, confs=<EMPTY_MAP>
2019-08-29 17:01:11,625 [pool-719-thread-1] INFO  server.RaftServerConfigKeys (ConfUtils.java:logGet(43)) - raft.server.storage.dir = [/workdir/hadoop-ozone/integration-test/target/test-dir/MiniOzoneClusterImpl-6f429aea-cb1e-4c0a-a3f8-3b3e3b27620e/datanode-4/data/ratis] (custom)
2019-08-29 17:01:11,625 [pool-719-thread-1] INFO  storage.RaftStorageDirectory (RaftStorageDirectory.java:analyzeStorage(246)) - The storage directory /workdir/hadoop-ozone/integration-test/target/test-dir/MiniOzoneClusterImpl-6f429aea-cb1e-4c0a-a3f8-3b3e3b27620e/datanode-4/data/ratis/b84f28ac-4bbf-4537-9cb3-6b5cb8cac6d7 does not exist. Creating ...
2019-08-29 17:01:11,656 [pool-719-thread-1] INFO  storage.RaftStorageDirectory (RaftStorageDirectory.java:tryLock(328)) - Lock on /workdir/hadoop-ozone/integration-test/target/test-dir/MiniOzoneClusterImpl-6f429aea-cb1e-4c0a-a3f8-3b3e3b27620e/datanode-4/data/ratis/b84f28ac-4bbf-4537-9cb3-6b5cb8cac6d7/in_use.lock acquired by nodename 17055@pr-hdds-1413-r8zfz-2367378370
2019-08-29 17:01:11,657 [IPC Server handler 1 on 42802] INFO  net.NetworkTopology (NetworkTopologyImpl.java:add(110)) - Added a new node: /default-rack/c587acdf-dbe2-410c-8061-3cebf3038fed
2019-08-29 17:01:11,657 [IPC Server handler 1 on 42802] INFO  node.SCMNodeManager (SCMNodeManager.java:register(273)) - Registered Data node : c587acdf-dbe2-410c-8061-3cebf3038fed{ip: 192.168.69.102, host: pr-hdds-1413-r8zfz-2367378370, networkLocation: /default-rack, certSerialId: null}
2019-08-29 17:01:11,658 | INFO  | SCMAudit | user=jenkins1000 | ip=192.168.69.102 | op=REGISTER {datanodeDetails=c587acdf-dbe2-410c-8061-3cebf3038fed{ip: 192.168.69.102, host: pr-hdds-1413-r8zfz-2367378370, networkLocation: /default-rack, certSerialId: null}} | ret=SUCCESS |  
2019-08-29 17:01:11,679 [pool-719-thread-1] INFO  storage.RaftStorage (RaftStorage.java:format(72)) - Storage directory /workdir/hadoop-ozone/integration-test/target/test-dir/MiniOzoneClusterImpl-6f429aea-cb1e-4c0a-a3f8-3b3e3b27620e/datanode-4/data/ratis/b84f28ac-4bbf-4537-9cb3-6b5cb8cac6d7 has been successfully formatted.
2019-08-29 17:01:11,679 [pool-719-thread-1] INFO  ratis.ContainerStateMachine (ContainerStateMachine.java:loadSnapshot(227)) - group-6B5CB8CAC6D7: The snapshot info is null. Setting the last applied indexto:(t:0, i:~)
2019-08-29 17:01:11,679 [pool-719-thread-1] INFO  server.RaftServerConfigKeys (ConfUtils.java:logGet(43)) - raft.server.leader.election.timeout = 120s (custom)
2019-08-29 17:01:11,679 [pool-719-thread-1] INFO  server.RaftServerConfigKeys (ConfUtils.java:logGet(43)) - raft.server.log.use.memory = false (default)
2019-08-29 17:01:11,679 [pool-719-thread-1] INFO  server.RaftServerConfigKeys (ConfUtils.java:logGet(43)) - raft.server.log.purge.gap = 1000000 (custom)
2019-08-29 17:01:11,679 [pool-719-thread-1] INFO  server.RaftServerConfigKeys (ConfUtils.java:logGet(43)) - raft.server.log.appender.buffer.byte-limit = 33554432 (custom)
2019-08-29 17:01:11,680 [pool-719-thread-1] INFO  server.RaftServerConfigKeys (ConfUtils.java:logGet(43)) - raft.server.log.segment.size.max = 1048576 (custom)
2019-08-29 17:01:11,680 [pool-719-thread-1] INFO  server.RaftServerConfigKeys (ConfUtils.java:logGet(43)) - raft.server.log.segment.cache.num.max = 2 (custom)
2019-08-29 17:01:11,680 [pool-719-thread-1] INFO  segmented.SegmentedRaftLogWorker (SegmentedRaftLogWorker.java:<init>(172)) - new 3acd8f8c-e91c-4578-a55f-526981cf687c-SegmentedRaftLogWorker:Storage Directory /workdir/hadoop-ozone/integration-test/target/test-dir/MiniOzoneClusterImpl-6f429aea-cb1e-4c0a-a3f8-3b3e3b27620e/datanode-4/data/ratis/b84f28ac-4bbf-4537-9cb3-6b5cb8cac6d7 for RaftStorage:Storage Directory /workdir/hadoop-ozone/integration-test/target/test-dir/MiniOzoneClusterImpl-6f429aea-cb1e-4c0a-a3f8-3b3e3b27620e/datanode-4/data/ratis/b84f28ac-4bbf-4537-9cb3-6b5cb8cac6d7
2019-08-29 17:01:11,680 [pool-719-thread-1] INFO  server.RaftServerConfigKeys (ConfUtils.java:logGet(43)) - raft.server.log.queue.byte-limit = 2147483647 (custom)
2019-08-29 17:01:11,680 [pool-719-thread-1] INFO  server.RaftServerConfigKeys (ConfUtils.java:logGet(43)) - raft.server.log.queue.element-limit = 1024 (custom)
2019-08-29 17:01:11,681 [pool-719-thread-1] INFO  server.RaftServerConfigKeys (ConfUtils.java:logGet(43)) - raft.server.log.segment.size.max = 1048576 (custom)
2019-08-29 17:01:11,681 [pool-719-thread-1] INFO  server.RaftServerConfigKeys (ConfUtils.java:logGet(43)) - raft.server.log.preallocated.size = 16384 (custom)
2019-08-29 17:01:11,681 [pool-719-thread-1] INFO  server.RaftServerConfigKeys (ConfUtils.java:logGet(43)) - raft.server.log.write.buffer.size = 33554432 (custom)
2019-08-29 17:01:11,681 [pool-719-thread-1] INFO  server.RaftServerConfigKeys (ConfUtils.java:logGet(43)) - raft.server.log.force.sync.num = 128 (default)
2019-08-29 17:01:11,681 [pool-719-thread-1] INFO  server.RaftServerConfigKeys (ConfUtils.java:logGet(43)) - raft.server.log.statemachine.data.sync = true (default)
2019-08-29 17:01:11,681 [pool-719-thread-1] INFO  server.RaftServerConfigKeys (ConfUtils.java:logGet(43)) - raft.server.log.statemachine.data.sync.timeout = 10s (default)
2019-08-29 17:01:11,681 [pool-719-thread-1] INFO  server.RaftServerConfigKeys (ConfUtils.java:logGet(43)) - raft.server.log.statemachine.data.sync.timeout.retry = -1 (default)
2019-08-29 17:01:11,682 [pool-719-thread-1] INFO  server.RaftServerConfigKeys (ConfUtils.java:logGet(43)) - raft.server.log.statemachine.data.caching.enabled = true (custom)
2019-08-29 17:01:11,682 [pool-719-thread-1] INFO  segmented.SegmentedRaftLogWorker (SegmentedRaftLogWorker.java:lambda$new$0(132)) - 3acd8f8c-e91c-4578-a55f-526981cf687c-SegmentedRaftLogWorker:Storage Directory /workdir/hadoop-ozone/integration-test/target/test-dir/MiniOzoneClusterImpl-6f429aea-cb1e-4c0a-a3f8-3b3e3b27620e/datanode-4/data/ratis/b84f28ac-4bbf-4537-9cb3-6b5cb8cac6d7: flushIndex: setUnconditionally 0 -> -1
2019-08-29 17:01:11,682 [pool-719-thread-1] INFO  server.RaftServerConfigKeys (ConfUtils.java:logGet(43)) - raft.server.snapshot.auto.trigger.enabled = true (custom)
2019-08-29 17:01:11,683 [pool-719-thread-1] INFO  server.RaftServerConfigKeys (ConfUtils.java:logGet(43)) - raft.server.snapshot.auto.trigger.threshold = 10000 (custom)
2019-08-29 17:01:11,683 [pool-719-thread-1] INFO  server.RaftServerConfigKeys (ConfUtils.java:logGet(43)) - raft.server.retrycache.expirytime = 600000ms (custom)
2019-08-29 17:01:11,683 [pool-719-thread-1] INFO  impl.RaftServerImpl (RaftServerImpl.java:start(180)) - 3acd8f8c-e91c-4578-a55f-526981cf687c: start group-6B5CB8CAC6D7
2019-08-29 17:01:11,683 [pool-719-thread-1] INFO  impl.RaftServerImpl (RaftServerImpl.java:setRole(171)) - 3acd8f8c-e91c-4578-a55f-526981cf687c:group-6B5CB8CAC6D7 changes role from null to FOLLOWER at term 0 for startAsFollower
2019-08-29 17:01:11,683 [pool-719-thread-1] INFO  impl.RoleInfo (RoleInfo.java:updateAndGet(143)) - 3acd8f8c-e91c-4578-a55f-526981cf687c: start FollowerState
2019-08-29 17:01:11,684 [pool-719-thread-1] INFO  util.JmxRegister (JmxRegister.java:tryRegister(44)) - Successfully registered JMX Bean with object name Ratis:service=RaftServer,group=group-6B5CB8CAC6D7,id=3acd8f8c-e91c-4578-a55f-526981cf687c
2019-08-29 17:01:11,686 [RatisPipelineUtilsThread] INFO  pipeline.PipelineStateManager (PipelineStateManager.java:addPipeline(56)) - Created pipeline Pipeline[ Id: b84f28ac-4bbf-4537-9cb3-6b5cb8cac6d7, Nodes: 3acd8f8c-e91c-4578-a55f-526981cf687c{ip: 192.168.69.102, host: pr-hdds-1413-r8zfz-2367378370, networkLocation: /default-rack, certSerialId: null}, Type:RATIS, Factor:ONE, State:OPEN]
2019-08-29 17:01:11,693 [grpc-default-executor-9] INFO  impl.RaftServerProxy (RaftServerProxy.java:addNew(89)) - c587acdf-dbe2-410c-8061-3cebf3038fed: addNew group-0186FD349C9D:[c587acdf-dbe2-410c-8061-3cebf3038fed:192.168.69.102:36933] returns group-0186FD349C9D:java.util.concurrent.CompletableFuture@4a905df8[Not completed]
2019-08-29 17:01:11,693 [pool-729-thread-1] INFO  impl.RaftServerImpl (RaftServerImpl.java:<init>(93)) - c587acdf-dbe2-410c-8061-3cebf3038fed: new RaftServerImpl for group-0186FD349C9D:[c587acdf-dbe2-410c-8061-3cebf3038fed:192.168.69.102:36933] with ContainerStateMachine:uninitialized
2019-08-29 17:01:11,694 [pool-729-thread-1] INFO  server.RaftServerConfigKeys (ConfUtils.java:logGet(43)) - raft.server.rpc.timeout.min = 5s (custom)
2019-08-29 17:01:11,694 [pool-729-thread-1] INFO  server.RaftServerConfigKeys (ConfUtils.java:logGet(43)) - raft.server.rpc.timeout.max = 5200ms (custom)
2019-08-29 17:01:11,694 [pool-729-thread-1] INFO  server.RaftServerConfigKeys (ConfUtils.java:logGet(43)) - raft.server.rpcslowness.timeout = 120s (custom)
2019-08-29 17:01:11,694 [pool-729-thread-1] INFO  server.RaftServerConfigKeys (ConfUtils.java:logGet(43)) - raft.server.sleep.deviation.threshold = 300 (default)
2019-08-29 17:01:11,694 [pool-729-thread-1] INFO  server.RaftServerConfigKeys (ConfUtils.java:logGet(43)) - raft.server.log.appender.install.snapshot.enabled = false (custom)
2019-08-29 17:01:11,694 [pool-729-thread-1] INFO  impl.RaftServerImpl (ServerState.java:<init>(105)) - c587acdf-dbe2-410c-8061-3cebf3038fed:group-0186FD349C9D ConfigurationManager, init=-1: [c587acdf-dbe2-410c-8061-3cebf3038fed:192.168.69.102:36933], old=null, confs=<EMPTY_MAP>
2019-08-29 17:01:11,694 [pool-729-thread-1] INFO  server.RaftServerConfigKeys (ConfUtils.java:logGet(43)) - raft.server.storage.dir = [/workdir/hadoop-ozone/integration-test/target/test-dir/MiniOzoneClusterImpl-6f429aea-cb1e-4c0a-a3f8-3b3e3b27620e/datanode-5/data/ratis] (custom)
2019-08-29 17:01:11,695 [pool-729-thread-1] INFO  storage.RaftStorageDirectory (RaftStorageDirectory.java:analyzeStorage(246)) - The storage directory /workdir/hadoop-ozone/integration-test/target/test-dir/MiniOzoneClusterImpl-6f429aea-cb1e-4c0a-a3f8-3b3e3b27620e/datanode-5/data/ratis/c17d03fd-a2ba-4dac-99ff-0186fd349c9d does not exist. Creating ...
2019-08-29 17:01:11,711 [pool-729-thread-1] INFO  storage.RaftStorageDirectory (RaftStorageDirectory.java:tryLock(328)) - Lock on /workdir/hadoop-ozone/integration-test/target/test-dir/MiniOzoneClusterImpl-6f429aea-cb1e-4c0a-a3f8-3b3e3b27620e/datanode-5/data/ratis/c17d03fd-a2ba-4dac-99ff-0186fd349c9d/in_use.lock acquired by nodename 17055@pr-hdds-1413-r8zfz-2367378370
2019-08-29 17:01:11,718 [main] INFO  ozone.MiniOzoneClusterImpl (MiniOzoneClusterImpl.java:lambda$waitForClusterToBeReady$0(140)) - Waiting for cluster to be ready. Got 6 of 7 DN Heartbeats.
2019-08-29 17:01:11,719 [IPC Server handler 4 on 42802] INFO  net.NetworkTopology (NetworkTopologyImpl.java:add(110)) - Added a new node: /default-rack/13cf937c-1041-4481-925d-65640af47ca7
2019-08-29 17:01:11,719 [IPC Server handler 4 on 42802] INFO  node.SCMNodeManager (SCMNodeManager.java:register(273)) - Registered Data node : 13cf937c-1041-4481-925d-65640af47ca7{ip: 192.168.69.102, host: pr-hdds-1413-r8zfz-2367378370, networkLocation: /default-rack, certSerialId: null}
2019-08-29 17:01:11,719 | INFO  | SCMAudit | user=jenkins1000 | ip=192.168.69.102 | op=REGISTER {datanodeDetails=13cf937c-1041-4481-925d-65640af47ca7{ip: 192.168.69.102, host: pr-hdds-1413-r8zfz-2367378370, networkLocation: /default-rack, certSerialId: null}} | ret=SUCCESS |  
2019-08-29 17:01:11,743 [pool-729-thread-1] INFO  storage.RaftStorage (RaftStorage.java:format(72)) - Storage directory /workdir/hadoop-ozone/integration-test/target/test-dir/MiniOzoneClusterImpl-6f429aea-cb1e-4c0a-a3f8-3b3e3b27620e/datanode-5/data/ratis/c17d03fd-a2ba-4dac-99ff-0186fd349c9d has been successfully formatted.
2019-08-29 17:01:11,743 [pool-729-thread-1] INFO  ratis.ContainerStateMachine (ContainerStateMachine.java:loadSnapshot(227)) - group-0186FD349C9D: The snapshot info is null. Setting the last applied indexto:(t:0, i:~)
2019-08-29 17:01:11,744 [pool-729-thread-1] INFO  server.RaftServerConfigKeys (ConfUtils.java:logGet(43)) - raft.server.leader.election.timeout = 120s (custom)
2019-08-29 17:01:11,744 [pool-729-thread-1] INFO  server.RaftServerConfigKeys (ConfUtils.java:logGet(43)) - raft.server.log.use.memory = false (default)
2019-08-29 17:01:11,744 [pool-729-thread-1] INFO  server.RaftServerConfigKeys (ConfUtils.java:logGet(43)) - raft.server.log.purge.gap = 1000000 (custom)
2019-08-29 17:01:11,744 [pool-729-thread-1] INFO  server.RaftServerConfigKeys (ConfUtils.java:logGet(43)) - raft.server.log.appender.buffer.byte-limit = 33554432 (custom)
2019-08-29 17:01:11,744 [pool-729-thread-1] INFO  server.RaftServerConfigKeys (ConfUtils.java:logGet(43)) - raft.server.log.segment.size.max = 1048576 (custom)
2019-08-29 17:01:11,744 [pool-729-thread-1] INFO  server.RaftServerConfigKeys (ConfUtils.java:logGet(43)) - raft.server.log.segment.cache.num.max = 2 (custom)
2019-08-29 17:01:11,744 [pool-729-thread-1] INFO  segmented.SegmentedRaftLogWorker (SegmentedRaftLogWorker.java:<init>(172)) - new c587acdf-dbe2-410c-8061-3cebf3038fed-SegmentedRaftLogWorker:Storage Directory /workdir/hadoop-ozone/integration-test/target/test-dir/MiniOzoneClusterImpl-6f429aea-cb1e-4c0a-a3f8-3b3e3b27620e/datanode-5/data/ratis/c17d03fd-a2ba-4dac-99ff-0186fd349c9d for RaftStorage:Storage Directory /workdir/hadoop-ozone/integration-test/target/test-dir/MiniOzoneClusterImpl-6f429aea-cb1e-4c0a-a3f8-3b3e3b27620e/datanode-5/data/ratis/c17d03fd-a2ba-4dac-99ff-0186fd349c9d
2019-08-29 17:01:11,745 [pool-729-thread-1] INFO  server.RaftServerConfigKeys (ConfUtils.java:logGet(43)) - raft.server.log.queue.byte-limit = 2147483647 (custom)
2019-08-29 17:01:11,745 [pool-729-thread-1] INFO  server.RaftServerConfigKeys (ConfUtils.java:logGet(43)) - raft.server.log.queue.element-limit = 1024 (custom)
2019-08-29 17:01:11,745 [pool-729-thread-1] INFO  server.RaftServerConfigKeys (ConfUtils.java:logGet(43)) - raft.server.log.segment.size.max = 1048576 (custom)
2019-08-29 17:01:11,745 [pool-729-thread-1] INFO  server.RaftServerConfigKeys (ConfUtils.java:logGet(43)) - raft.server.log.preallocated.size = 16384 (custom)
2019-08-29 17:01:11,745 [pool-729-thread-1] INFO  server.RaftServerConfigKeys (ConfUtils.java:logGet(43)) - raft.server.log.write.buffer.size = 33554432 (custom)
2019-08-29 17:01:11,745 [pool-729-thread-1] INFO  server.RaftServerConfigKeys (ConfUtils.java:logGet(43)) - raft.server.log.force.sync.num = 128 (default)
2019-08-29 17:01:11,746 [pool-729-thread-1] INFO  server.RaftServerConfigKeys (ConfUtils.java:logGet(43)) - raft.server.log.statemachine.data.sync = true (default)
2019-08-29 17:01:11,746 [pool-729-thread-1] INFO  server.RaftServerConfigKeys (ConfUtils.java:logGet(43)) - raft.server.log.statemachine.data.sync.timeout = 10s (default)
2019-08-29 17:01:11,746 [pool-729-thread-1] INFO  server.RaftServerConfigKeys (ConfUtils.java:logGet(43)) - raft.server.log.statemachine.data.sync.timeout.retry = -1 (default)
2019-08-29 17:01:11,746 [pool-729-thread-1] INFO  server.RaftServerConfigKeys (ConfUtils.java:logGet(43)) - raft.server.log.statemachine.data.caching.enabled = true (custom)
2019-08-29 17:01:11,746 [pool-729-thread-1] INFO  segmented.SegmentedRaftLogWorker (SegmentedRaftLogWorker.java:lambda$new$0(132)) - c587acdf-dbe2-410c-8061-3cebf3038fed-SegmentedRaftLogWorker:Storage Directory /workdir/hadoop-ozone/integration-test/target/test-dir/MiniOzoneClusterImpl-6f429aea-cb1e-4c0a-a3f8-3b3e3b27620e/datanode-5/data/ratis/c17d03fd-a2ba-4dac-99ff-0186fd349c9d: flushIndex: setUnconditionally 0 -> -1
2019-08-29 17:01:11,747 [pool-729-thread-1] INFO  server.RaftServerConfigKeys (ConfUtils.java:logGet(43)) - raft.server.snapshot.auto.trigger.enabled = true (custom)
2019-08-29 17:01:11,747 [pool-729-thread-1] INFO  server.RaftServerConfigKeys (ConfUtils.java:logGet(43)) - raft.server.snapshot.auto.trigger.threshold = 10000 (custom)
2019-08-29 17:01:11,747 [pool-729-thread-1] INFO  server.RaftServerConfigKeys (ConfUtils.java:logGet(43)) - raft.server.retrycache.expirytime = 600000ms (custom)
2019-08-29 17:01:11,747 [pool-729-thread-1] INFO  impl.RaftServerImpl (RaftServerImpl.java:start(180)) - c587acdf-dbe2-410c-8061-3cebf3038fed: start group-0186FD349C9D
2019-08-29 17:01:11,747 [pool-729-thread-1] INFO  impl.RaftServerImpl (RaftServerImpl.java:setRole(171)) - c587acdf-dbe2-410c-8061-3cebf3038fed:group-0186FD349C9D changes role from null to FOLLOWER at term 0 for startAsFollower
2019-08-29 17:01:11,748 [pool-729-thread-1] INFO  impl.RoleInfo (RoleInfo.java:updateAndGet(143)) - c587acdf-dbe2-410c-8061-3cebf3038fed: start FollowerState
2019-08-29 17:01:11,748 [pool-729-thread-1] INFO  util.JmxRegister (JmxRegister.java:tryRegister(44)) - Successfully registered JMX Bean with object name Ratis:service=RaftServer,group=group-0186FD349C9D,id=c587acdf-dbe2-410c-8061-3cebf3038fed
2019-08-29 17:01:11,750 [RatisPipelineUtilsThread] INFO  pipeline.PipelineStateManager (PipelineStateManager.java:addPipeline(56)) - Created pipeline Pipeline[ Id: c17d03fd-a2ba-4dac-99ff-0186fd349c9d, Nodes: c587acdf-dbe2-410c-8061-3cebf3038fed{ip: 192.168.69.102, host: pr-hdds-1413-r8zfz-2367378370, networkLocation: /default-rack, certSerialId: null}, Type:RATIS, Factor:ONE, State:OPEN]
2019-08-29 17:01:11,757 [grpc-default-executor-9] INFO  impl.RaftServerProxy (RaftServerProxy.java:addNew(89)) - 13cf937c-1041-4481-925d-65640af47ca7: addNew group-13CE415BC1A6:[13cf937c-1041-4481-925d-65640af47ca7:192.168.69.102:45897] returns group-13CE415BC1A6:java.util.concurrent.CompletableFuture@59fdc9eb[Not completed]
2019-08-29 17:01:11,758 [pool-739-thread-1] INFO  impl.RaftServerImpl (RaftServerImpl.java:<init>(93)) - 13cf937c-1041-4481-925d-65640af47ca7: new RaftServerImpl for group-13CE415BC1A6:[13cf937c-1041-4481-925d-65640af47ca7:192.168.69.102:45897] with ContainerStateMachine:uninitialized
2019-08-29 17:01:11,758 [pool-739-thread-1] INFO  server.RaftServerConfigKeys (ConfUtils.java:logGet(43)) - raft.server.rpc.timeout.min = 5s (custom)
2019-08-29 17:01:11,758 [pool-739-thread-1] INFO  server.RaftServerConfigKeys (ConfUtils.java:logGet(43)) - raft.server.rpc.timeout.max = 5200ms (custom)
2019-08-29 17:01:11,758 [pool-739-thread-1] INFO  server.RaftServerConfigKeys (ConfUtils.java:logGet(43)) - raft.server.rpcslowness.timeout = 120s (custom)
2019-08-29 17:01:11,758 [pool-739-thread-1] INFO  server.RaftServerConfigKeys (ConfUtils.java:logGet(43)) - raft.server.sleep.deviation.threshold = 300 (default)
2019-08-29 17:01:11,758 [pool-739-thread-1] INFO  server.RaftServerConfigKeys (ConfUtils.java:logGet(43)) - raft.server.log.appender.install.snapshot.enabled = false (custom)
2019-08-29 17:01:11,759 [pool-739-thread-1] INFO  impl.RaftServerImpl (ServerState.java:<init>(105)) - 13cf937c-1041-4481-925d-65640af47ca7:group-13CE415BC1A6 ConfigurationManager, init=-1: [13cf937c-1041-4481-925d-65640af47ca7:192.168.69.102:45897], old=null, confs=<EMPTY_MAP>
2019-08-29 17:01:11,759 [pool-739-thread-1] INFO  server.RaftServerConfigKeys (ConfUtils.java:logGet(43)) - raft.server.storage.dir = [/workdir/hadoop-ozone/integration-test/target/test-dir/MiniOzoneClusterImpl-6f429aea-cb1e-4c0a-a3f8-3b3e3b27620e/datanode-6/data/ratis] (custom)
2019-08-29 17:01:11,759 [pool-739-thread-1] INFO  storage.RaftStorageDirectory (RaftStorageDirectory.java:analyzeStorage(246)) - The storage directory /workdir/hadoop-ozone/integration-test/target/test-dir/MiniOzoneClusterImpl-6f429aea-cb1e-4c0a-a3f8-3b3e3b27620e/datanode-6/data/ratis/ffe2fa20-50c0-48d1-bc14-13ce415bc1a6 does not exist. Creating ...
2019-08-29 17:01:11,777 [pool-739-thread-1] INFO  storage.RaftStorageDirectory (RaftStorageDirectory.java:tryLock(328)) - Lock on /workdir/hadoop-ozone/integration-test/target/test-dir/MiniOzoneClusterImpl-6f429aea-cb1e-4c0a-a3f8-3b3e3b27620e/datanode-6/data/ratis/ffe2fa20-50c0-48d1-bc14-13ce415bc1a6/in_use.lock acquired by nodename 17055@pr-hdds-1413-r8zfz-2367378370
2019-08-29 17:01:11,802 [pool-739-thread-1] INFO  storage.RaftStorage (RaftStorage.java:format(72)) - Storage directory /workdir/hadoop-ozone/integration-test/target/test-dir/MiniOzoneClusterImpl-6f429aea-cb1e-4c0a-a3f8-3b3e3b27620e/datanode-6/data/ratis/ffe2fa20-50c0-48d1-bc14-13ce415bc1a6 has been successfully formatted.
2019-08-29 17:01:11,803 [pool-739-thread-1] INFO  ratis.ContainerStateMachine (ContainerStateMachine.java:loadSnapshot(227)) - group-13CE415BC1A6: The snapshot info is null. Setting the last applied indexto:(t:0, i:~)
2019-08-29 17:01:11,803 [pool-739-thread-1] INFO  server.RaftServerConfigKeys (ConfUtils.java:logGet(43)) - raft.server.leader.election.timeout = 120s (custom)
2019-08-29 17:01:11,803 [pool-739-thread-1] INFO  server.RaftServerConfigKeys (ConfUtils.java:logGet(43)) - raft.server.log.use.memory = false (default)
2019-08-29 17:01:11,803 [pool-739-thread-1] INFO  server.RaftServerConfigKeys (ConfUtils.java:logGet(43)) - raft.server.log.purge.gap = 1000000 (custom)
2019-08-29 17:01:11,803 [pool-739-thread-1] INFO  server.RaftServerConfigKeys (ConfUtils.java:logGet(43)) - raft.server.log.appender.buffer.byte-limit = 33554432 (custom)
2019-08-29 17:01:11,803 [pool-739-thread-1] INFO  server.RaftServerConfigKeys (ConfUtils.java:logGet(43)) - raft.server.log.segment.size.max = 1048576 (custom)
2019-08-29 17:01:11,804 [pool-739-thread-1] INFO  server.RaftServerConfigKeys (ConfUtils.java:logGet(43)) - raft.server.log.segment.cache.num.max = 2 (custom)
2019-08-29 17:01:11,804 [pool-739-thread-1] INFO  segmented.SegmentedRaftLogWorker (SegmentedRaftLogWorker.java:<init>(172)) - new 13cf937c-1041-4481-925d-65640af47ca7-SegmentedRaftLogWorker:Storage Directory /workdir/hadoop-ozone/integration-test/target/test-dir/MiniOzoneClusterImpl-6f429aea-cb1e-4c0a-a3f8-3b3e3b27620e/datanode-6/data/ratis/ffe2fa20-50c0-48d1-bc14-13ce415bc1a6 for RaftStorage:Storage Directory /workdir/hadoop-ozone/integration-test/target/test-dir/MiniOzoneClusterImpl-6f429aea-cb1e-4c0a-a3f8-3b3e3b27620e/datanode-6/data/ratis/ffe2fa20-50c0-48d1-bc14-13ce415bc1a6
2019-08-29 17:01:11,804 [pool-739-thread-1] INFO  server.RaftServerConfigKeys (ConfUtils.java:logGet(43)) - raft.server.log.queue.byte-limit = 2147483647 (custom)
2019-08-29 17:01:11,804 [pool-739-thread-1] INFO  server.RaftServerConfigKeys (ConfUtils.java:logGet(43)) - raft.server.log.queue.element-limit = 1024 (custom)
2019-08-29 17:01:11,804 [pool-739-thread-1] INFO  server.RaftServerConfigKeys (ConfUtils.java:logGet(43)) - raft.server.log.segment.size.max = 1048576 (custom)
2019-08-29 17:01:11,805 [pool-739-thread-1] INFO  server.RaftServerConfigKeys (ConfUtils.java:logGet(43)) - raft.server.log.preallocated.size = 16384 (custom)
2019-08-29 17:01:11,805 [pool-739-thread-1] INFO  server.RaftServerConfigKeys (ConfUtils.java:logGet(43)) - raft.server.log.write.buffer.size = 33554432 (custom)
2019-08-29 17:01:11,805 [pool-739-thread-1] INFO  server.RaftServerConfigKeys (ConfUtils.java:logGet(43)) - raft.server.log.force.sync.num = 128 (default)
2019-08-29 17:01:11,805 [pool-739-thread-1] INFO  server.RaftServerConfigKeys (ConfUtils.java:logGet(43)) - raft.server.log.statemachine.data.sync = true (default)
2019-08-29 17:01:11,805 [pool-739-thread-1] INFO  server.RaftServerConfigKeys (ConfUtils.java:logGet(43)) - raft.server.log.statemachine.data.sync.timeout = 10s (default)
2019-08-29 17:01:11,806 [pool-739-thread-1] INFO  server.RaftServerConfigKeys (ConfUtils.java:logGet(43)) - raft.server.log.statemachine.data.sync.timeout.retry = -1 (default)
2019-08-29 17:01:11,806 [pool-739-thread-1] INFO  server.RaftServerConfigKeys (ConfUtils.java:logGet(43)) - raft.server.log.statemachine.data.caching.enabled = true (custom)
2019-08-29 17:01:11,806 [pool-739-thread-1] INFO  segmented.SegmentedRaftLogWorker (SegmentedRaftLogWorker.java:lambda$new$0(132)) - 13cf937c-1041-4481-925d-65640af47ca7-SegmentedRaftLogWorker:Storage Directory /workdir/hadoop-ozone/integration-test/target/test-dir/MiniOzoneClusterImpl-6f429aea-cb1e-4c0a-a3f8-3b3e3b27620e/datanode-6/data/ratis/ffe2fa20-50c0-48d1-bc14-13ce415bc1a6: flushIndex: setUnconditionally 0 -> -1
2019-08-29 17:01:11,807 [pool-739-thread-1] INFO  server.RaftServerConfigKeys (ConfUtils.java:logGet(43)) - raft.server.snapshot.auto.trigger.enabled = true (custom)
2019-08-29 17:01:11,807 [pool-739-thread-1] INFO  server.RaftServerConfigKeys (ConfUtils.java:logGet(43)) - raft.server.snapshot.auto.trigger.threshold = 10000 (custom)
2019-08-29 17:01:11,807 [pool-739-thread-1] INFO  server.RaftServerConfigKeys (ConfUtils.java:logGet(43)) - raft.server.retrycache.expirytime = 600000ms (custom)
2019-08-29 17:01:11,807 [pool-739-thread-1] INFO  impl.RaftServerImpl (RaftServerImpl.java:start(180)) - 13cf937c-1041-4481-925d-65640af47ca7: start group-13CE415BC1A6
2019-08-29 17:01:11,808 [pool-739-thread-1] INFO  impl.RaftServerImpl (RaftServerImpl.java:setRole(171)) - 13cf937c-1041-4481-925d-65640af47ca7:group-13CE415BC1A6 changes role from null to FOLLOWER at term 0 for startAsFollower
2019-08-29 17:01:11,808 [pool-739-thread-1] INFO  impl.RoleInfo (RoleInfo.java:updateAndGet(143)) - 13cf937c-1041-4481-925d-65640af47ca7: start FollowerState
2019-08-29 17:01:11,808 [pool-739-thread-1] INFO  util.JmxRegister (JmxRegister.java:tryRegister(44)) - Successfully registered JMX Bean with object name Ratis:service=RaftServer,group=group-13CE415BC1A6,id=13cf937c-1041-4481-925d-65640af47ca7
2019-08-29 17:01:11,811 [RatisPipelineUtilsThread] INFO  pipeline.PipelineStateManager (PipelineStateManager.java:addPipeline(56)) - Created pipeline Pipeline[ Id: ffe2fa20-50c0-48d1-bc14-13ce415bc1a6, Nodes: 13cf937c-1041-4481-925d-65640af47ca7{ip: 192.168.69.102, host: pr-hdds-1413-r8zfz-2367378370, networkLocation: /default-rack, certSerialId: null}, Type:RATIS, Factor:ONE, State:OPEN]
2019-08-29 17:01:11,823 [grpc-default-executor-5] INFO  impl.RaftServerProxy (RaftServerProxy.java:addNew(89)) - 3acd8f8c-e91c-4578-a55f-526981cf687c: addNew group-628DD217A515:[3acd8f8c-e91c-4578-a55f-526981cf687c:192.168.69.102:43809, c587acdf-dbe2-410c-8061-3cebf3038fed:192.168.69.102:36933, 13cf937c-1041-4481-925d-65640af47ca7:192.168.69.102:45897] returns group-628DD217A515:java.util.concurrent.CompletableFuture@6b8e8360[Not completed]
2019-08-29 17:01:11,823 [grpc-default-executor-9] INFO  impl.RaftServerProxy (RaftServerProxy.java:addNew(89)) - c587acdf-dbe2-410c-8061-3cebf3038fed: addNew group-628DD217A515:[3acd8f8c-e91c-4578-a55f-526981cf687c:192.168.69.102:43809, c587acdf-dbe2-410c-8061-3cebf3038fed:192.168.69.102:36933, 13cf937c-1041-4481-925d-65640af47ca7:192.168.69.102:45897] returns group-628DD217A515:java.util.concurrent.CompletableFuture@5df8a0af[Not completed]
2019-08-29 17:01:11,823 [grpc-default-executor-10] INFO  impl.RaftServerProxy (RaftServerProxy.java:addNew(89)) - 13cf937c-1041-4481-925d-65640af47ca7: addNew group-628DD217A515:[3acd8f8c-e91c-4578-a55f-526981cf687c:192.168.69.102:43809, c587acdf-dbe2-410c-8061-3cebf3038fed:192.168.69.102:36933, 13cf937c-1041-4481-925d-65640af47ca7:192.168.69.102:45897] returns group-628DD217A515:java.util.concurrent.CompletableFuture@bea96d9[Not completed]
2019-08-29 17:01:11,824 [pool-719-thread-1] INFO  impl.RaftServerImpl (RaftServerImpl.java:<init>(93)) - 3acd8f8c-e91c-4578-a55f-526981cf687c: new RaftServerImpl for group-628DD217A515:[3acd8f8c-e91c-4578-a55f-526981cf687c:192.168.69.102:43809, c587acdf-dbe2-410c-8061-3cebf3038fed:192.168.69.102:36933, 13cf937c-1041-4481-925d-65640af47ca7:192.168.69.102:45897] with ContainerStateMachine:uninitialized
2019-08-29 17:01:11,824 [pool-719-thread-1] INFO  server.RaftServerConfigKeys (ConfUtils.java:logGet(43)) - raft.server.rpc.timeout.min = 5s (custom)
2019-08-29 17:01:11,824 [pool-719-thread-1] INFO  server.RaftServerConfigKeys (ConfUtils.java:logGet(43)) - raft.server.rpc.timeout.max = 5200ms (custom)
2019-08-29 17:01:11,825 [pool-719-thread-1] INFO  server.RaftServerConfigKeys (ConfUtils.java:logGet(43)) - raft.server.rpcslowness.timeout = 120s (custom)
2019-08-29 17:01:11,825 [pool-719-thread-1] INFO  server.RaftServerConfigKeys (ConfUtils.java:logGet(43)) - raft.server.sleep.deviation.threshold = 300 (default)
2019-08-29 17:01:11,825 [pool-719-thread-1] INFO  server.RaftServerConfigKeys (ConfUtils.java:logGet(43)) - raft.server.log.appender.install.snapshot.enabled = false (custom)
2019-08-29 17:01:11,825 [pool-729-thread-1] INFO  impl.RaftServerImpl (RaftServerImpl.java:<init>(93)) - c587acdf-dbe2-410c-8061-3cebf3038fed: new RaftServerImpl for group-628DD217A515:[3acd8f8c-e91c-4578-a55f-526981cf687c:192.168.69.102:43809, c587acdf-dbe2-410c-8061-3cebf3038fed:192.168.69.102:36933, 13cf937c-1041-4481-925d-65640af47ca7:192.168.69.102:45897] with ContainerStateMachine:uninitialized
2019-08-29 17:01:11,825 [pool-719-thread-1] INFO  impl.RaftServerImpl (ServerState.java:<init>(105)) - 3acd8f8c-e91c-4578-a55f-526981cf687c:group-628DD217A515 ConfigurationManager, init=-1: [3acd8f8c-e91c-4578-a55f-526981cf687c:192.168.69.102:43809, c587acdf-dbe2-410c-8061-3cebf3038fed:192.168.69.102:36933, 13cf937c-1041-4481-925d-65640af47ca7:192.168.69.102:45897], old=null, confs=<EMPTY_MAP>
2019-08-29 17:01:11,825 [pool-729-thread-1] INFO  server.RaftServerConfigKeys (ConfUtils.java:logGet(43)) - raft.server.rpc.timeout.min = 5s (custom)
2019-08-29 17:01:11,825 [pool-719-thread-1] INFO  server.RaftServerConfigKeys (ConfUtils.java:logGet(43)) - raft.server.storage.dir = [/workdir/hadoop-ozone/integration-test/target/test-dir/MiniOzoneClusterImpl-6f429aea-cb1e-4c0a-a3f8-3b3e3b27620e/datanode-4/data/ratis] (custom)
2019-08-29 17:01:11,825 [pool-739-thread-1] INFO  impl.RaftServerImpl (RaftServerImpl.java:<init>(93)) - 13cf937c-1041-4481-925d-65640af47ca7: new RaftServerImpl for group-628DD217A515:[3acd8f8c-e91c-4578-a55f-526981cf687c:192.168.69.102:43809, c587acdf-dbe2-410c-8061-3cebf3038fed:192.168.69.102:36933, 13cf937c-1041-4481-925d-65640af47ca7:192.168.69.102:45897] with ContainerStateMachine:uninitialized
2019-08-29 17:01:11,825 [pool-729-thread-1] INFO  server.RaftServerConfigKeys (ConfUtils.java:logGet(43)) - raft.server.rpc.timeout.max = 5200ms (custom)
2019-08-29 17:01:11,826 [pool-719-thread-1] INFO  storage.RaftStorageDirectory (RaftStorageDirectory.java:analyzeStorage(246)) - The storage directory /workdir/hadoop-ozone/integration-test/target/test-dir/MiniOzoneClusterImpl-6f429aea-cb1e-4c0a-a3f8-3b3e3b27620e/datanode-4/data/ratis/89a2dc60-a8ce-44b7-8de0-628dd217a515 does not exist. Creating ...
2019-08-29 17:01:11,826 [pool-739-thread-1] INFO  server.RaftServerConfigKeys (ConfUtils.java:logGet(43)) - raft.server.rpc.timeout.min = 5s (custom)
2019-08-29 17:01:11,826 [pool-729-thread-1] INFO  server.RaftServerConfigKeys (ConfUtils.java:logGet(43)) - raft.server.rpcslowness.timeout = 120s (custom)
2019-08-29 17:01:11,826 [pool-739-thread-1] INFO  server.RaftServerConfigKeys (ConfUtils.java:logGet(43)) - raft.server.rpc.timeout.max = 5200ms (custom)
2019-08-29 17:01:11,826 [pool-729-thread-1] INFO  server.RaftServerConfigKeys (ConfUtils.java:logGet(43)) - raft.server.sleep.deviation.threshold = 300 (default)
2019-08-29 17:01:11,826 [pool-739-thread-1] INFO  server.RaftServerConfigKeys (ConfUtils.java:logGet(43)) - raft.server.rpcslowness.timeout = 120s (custom)
2019-08-29 17:01:11,826 [pool-729-thread-1] INFO  server.RaftServerConfigKeys (ConfUtils.java:logGet(43)) - raft.server.log.appender.install.snapshot.enabled = false (custom)
2019-08-29 17:01:11,827 [pool-739-thread-1] INFO  server.RaftServerConfigKeys (ConfUtils.java:logGet(43)) - raft.server.sleep.deviation.threshold = 300 (default)
2019-08-29 17:01:11,827 [pool-729-thread-1] INFO  impl.RaftServerImpl (ServerState.java:<init>(105)) - c587acdf-dbe2-410c-8061-3cebf3038fed:group-628DD217A515 ConfigurationManager, init=-1: [3acd8f8c-e91c-4578-a55f-526981cf687c:192.168.69.102:43809, c587acdf-dbe2-410c-8061-3cebf3038fed:192.168.69.102:36933, 13cf937c-1041-4481-925d-65640af47ca7:192.168.69.102:45897], old=null, confs=<EMPTY_MAP>
2019-08-29 17:01:11,827 [pool-739-thread-1] INFO  server.RaftServerConfigKeys (ConfUtils.java:logGet(43)) - raft.server.log.appender.install.snapshot.enabled = false (custom)
2019-08-29 17:01:11,827 [pool-729-thread-1] INFO  server.RaftServerConfigKeys (ConfUtils.java:logGet(43)) - raft.server.storage.dir = [/workdir/hadoop-ozone/integration-test/target/test-dir/MiniOzoneClusterImpl-6f429aea-cb1e-4c0a-a3f8-3b3e3b27620e/datanode-5/data/ratis] (custom)
2019-08-29 17:01:11,827 [pool-739-thread-1] INFO  impl.RaftServerImpl (ServerState.java:<init>(105)) - 13cf937c-1041-4481-925d-65640af47ca7:group-628DD217A515 ConfigurationManager, init=-1: [3acd8f8c-e91c-4578-a55f-526981cf687c:192.168.69.102:43809, c587acdf-dbe2-410c-8061-3cebf3038fed:192.168.69.102:36933, 13cf937c-1041-4481-925d-65640af47ca7:192.168.69.102:45897], old=null, confs=<EMPTY_MAP>
2019-08-29 17:01:11,827 [pool-739-thread-1] INFO  server.RaftServerConfigKeys (ConfUtils.java:logGet(43)) - raft.server.storage.dir = [/workdir/hadoop-ozone/integration-test/target/test-dir/MiniOzoneClusterImpl-6f429aea-cb1e-4c0a-a3f8-3b3e3b27620e/datanode-6/data/ratis] (custom)
2019-08-29 17:01:11,827 [pool-729-thread-1] INFO  storage.RaftStorageDirectory (RaftStorageDirectory.java:analyzeStorage(246)) - The storage directory /workdir/hadoop-ozone/integration-test/target/test-dir/MiniOzoneClusterImpl-6f429aea-cb1e-4c0a-a3f8-3b3e3b27620e/datanode-5/data/ratis/89a2dc60-a8ce-44b7-8de0-628dd217a515 does not exist. Creating ...
2019-08-29 17:01:11,828 [pool-739-thread-1] INFO  storage.RaftStorageDirectory (RaftStorageDirectory.java:analyzeStorage(246)) - The storage directory /workdir/hadoop-ozone/integration-test/target/test-dir/MiniOzoneClusterImpl-6f429aea-cb1e-4c0a-a3f8-3b3e3b27620e/datanode-6/data/ratis/89a2dc60-a8ce-44b7-8de0-628dd217a515 does not exist. Creating ...
2019-08-29 17:01:11,845 [pool-719-thread-1] INFO  storage.RaftStorageDirectory (RaftStorageDirectory.java:tryLock(328)) - Lock on /workdir/hadoop-ozone/integration-test/target/test-dir/MiniOzoneClusterImpl-6f429aea-cb1e-4c0a-a3f8-3b3e3b27620e/datanode-4/data/ratis/89a2dc60-a8ce-44b7-8de0-628dd217a515/in_use.lock acquired by nodename 17055@pr-hdds-1413-r8zfz-2367378370
2019-08-29 17:01:11,845 [pool-739-thread-1] INFO  storage.RaftStorageDirectory (RaftStorageDirectory.java:tryLock(328)) - Lock on /workdir/hadoop-ozone/integration-test/target/test-dir/MiniOzoneClusterImpl-6f429aea-cb1e-4c0a-a3f8-3b3e3b27620e/datanode-6/data/ratis/89a2dc60-a8ce-44b7-8de0-628dd217a515/in_use.lock acquired by nodename 17055@pr-hdds-1413-r8zfz-2367378370
2019-08-29 17:01:11,845 [pool-729-thread-1] INFO  storage.RaftStorageDirectory (RaftStorageDirectory.java:tryLock(328)) - Lock on /workdir/hadoop-ozone/integration-test/target/test-dir/MiniOzoneClusterImpl-6f429aea-cb1e-4c0a-a3f8-3b3e3b27620e/datanode-5/data/ratis/89a2dc60-a8ce-44b7-8de0-628dd217a515/in_use.lock acquired by nodename 17055@pr-hdds-1413-r8zfz-2367378370
2019-08-29 17:01:11,870 [pool-729-thread-1] INFO  storage.RaftStorage (RaftStorage.java:format(72)) - Storage directory /workdir/hadoop-ozone/integration-test/target/test-dir/MiniOzoneClusterImpl-6f429aea-cb1e-4c0a-a3f8-3b3e3b27620e/datanode-5/data/ratis/89a2dc60-a8ce-44b7-8de0-628dd217a515 has been successfully formatted.
2019-08-29 17:01:11,870 [pool-719-thread-1] INFO  storage.RaftStorage (RaftStorage.java:format(72)) - Storage directory /workdir/hadoop-ozone/integration-test/target/test-dir/MiniOzoneClusterImpl-6f429aea-cb1e-4c0a-a3f8-3b3e3b27620e/datanode-4/data/ratis/89a2dc60-a8ce-44b7-8de0-628dd217a515 has been successfully formatted.
2019-08-29 17:01:11,870 [pool-739-thread-1] INFO  storage.RaftStorage (RaftStorage.java:format(72)) - Storage directory /workdir/hadoop-ozone/integration-test/target/test-dir/MiniOzoneClusterImpl-6f429aea-cb1e-4c0a-a3f8-3b3e3b27620e/datanode-6/data/ratis/89a2dc60-a8ce-44b7-8de0-628dd217a515 has been successfully formatted.
2019-08-29 17:01:11,871 [pool-729-thread-1] INFO  ratis.ContainerStateMachine (ContainerStateMachine.java:loadSnapshot(227)) - group-628DD217A515: The snapshot info is null. Setting the last applied indexto:(t:0, i:~)
2019-08-29 17:01:11,871 [pool-719-thread-1] INFO  ratis.ContainerStateMachine (ContainerStateMachine.java:loadSnapshot(227)) - group-628DD217A515: The snapshot info is null. Setting the last applied indexto:(t:0, i:~)
2019-08-29 17:01:11,871 [pool-729-thread-1] INFO  server.RaftServerConfigKeys (ConfUtils.java:logGet(43)) - raft.server.leader.election.timeout = 120s (custom)
2019-08-29 17:01:11,871 [pool-739-thread-1] INFO  ratis.ContainerStateMachine (ContainerStateMachine.java:loadSnapshot(227)) - group-628DD217A515: The snapshot info is null. Setting the last applied indexto:(t:0, i:~)
2019-08-29 17:01:11,871 [pool-729-thread-1] INFO  server.RaftServerConfigKeys (ConfUtils.java:logGet(43)) - raft.server.log.use.memory = false (default)
2019-08-29 17:01:11,871 [pool-719-thread-1] INFO  server.RaftServerConfigKeys (ConfUtils.java:logGet(43)) - raft.server.leader.election.timeout = 120s (custom)
2019-08-29 17:01:11,872 [pool-729-thread-1] INFO  server.RaftServerConfigKeys (ConfUtils.java:logGet(43)) - raft.server.log.purge.gap = 1000000 (custom)
2019-08-29 17:01:11,872 [pool-739-thread-1] INFO  server.RaftServerConfigKeys (ConfUtils.java:logGet(43)) - raft.server.leader.election.timeout = 120s (custom)
2019-08-29 17:01:11,872 [pool-729-thread-1] INFO  server.RaftServerConfigKeys (ConfUtils.java:logGet(43)) - raft.server.log.appender.buffer.byte-limit = 33554432 (custom)
2019-08-29 17:01:11,872 [pool-719-thread-1] INFO  server.RaftServerConfigKeys (ConfUtils.java:logGet(43)) - raft.server.log.use.memory = false (default)
2019-08-29 17:01:11,872 [pool-729-thread-1] INFO  server.RaftServerConfigKeys (ConfUtils.java:logGet(43)) - raft.server.log.segment.size.max = 1048576 (custom)
2019-08-29 17:01:11,872 [pool-739-thread-1] INFO  server.RaftServerConfigKeys (ConfUtils.java:logGet(43)) - raft.server.log.use.memory = false (default)
2019-08-29 17:01:11,873 [pool-729-thread-1] INFO  server.RaftServerConfigKeys (ConfUtils.java:logGet(43)) - raft.server.log.segment.cache.num.max = 2 (custom)
2019-08-29 17:01:11,872 [pool-719-thread-1] INFO  server.RaftServerConfigKeys (ConfUtils.java:logGet(43)) - raft.server.log.purge.gap = 1000000 (custom)
2019-08-29 17:01:11,873 [pool-729-thread-1] INFO  segmented.SegmentedRaftLogWorker (SegmentedRaftLogWorker.java:<init>(172)) - new c587acdf-dbe2-410c-8061-3cebf3038fed-SegmentedRaftLogWorker:Storage Directory /workdir/hadoop-ozone/integration-test/target/test-dir/MiniOzoneClusterImpl-6f429aea-cb1e-4c0a-a3f8-3b3e3b27620e/datanode-5/data/ratis/89a2dc60-a8ce-44b7-8de0-628dd217a515 for RaftStorage:Storage Directory /workdir/hadoop-ozone/integration-test/target/test-dir/MiniOzoneClusterImpl-6f429aea-cb1e-4c0a-a3f8-3b3e3b27620e/datanode-5/data/ratis/89a2dc60-a8ce-44b7-8de0-628dd217a515
2019-08-29 17:01:11,873 [pool-739-thread-1] INFO  server.RaftServerConfigKeys (ConfUtils.java:logGet(43)) - raft.server.log.purge.gap = 1000000 (custom)
2019-08-29 17:01:11,873 [pool-729-thread-1] INFO  server.RaftServerConfigKeys (ConfUtils.java:logGet(43)) - raft.server.log.queue.byte-limit = 2147483647 (custom)
2019-08-29 17:01:11,873 [pool-719-thread-1] INFO  server.RaftServerConfigKeys (ConfUtils.java:logGet(43)) - raft.server.log.appender.buffer.byte-limit = 33554432 (custom)
2019-08-29 17:01:11,874 [pool-729-thread-1] INFO  server.RaftServerConfigKeys (ConfUtils.java:logGet(43)) - raft.server.log.queue.element-limit = 1024 (custom)
2019-08-29 17:01:11,873 [pool-739-thread-1] INFO  server.RaftServerConfigKeys (ConfUtils.java:logGet(43)) - raft.server.log.appender.buffer.byte-limit = 33554432 (custom)
2019-08-29 17:01:11,874 [pool-729-thread-1] INFO  server.RaftServerConfigKeys (ConfUtils.java:logGet(43)) - raft.server.log.segment.size.max = 1048576 (custom)
2019-08-29 17:01:11,874 [pool-729-thread-1] INFO  server.RaftServerConfigKeys (ConfUtils.java:logGet(43)) - raft.server.log.preallocated.size = 16384 (custom)
2019-08-29 17:01:11,874 [pool-719-thread-1] INFO  server.RaftServerConfigKeys (ConfUtils.java:logGet(43)) - raft.server.log.segment.size.max = 1048576 (custom)
2019-08-29 17:01:11,874 [pool-729-thread-1] INFO  server.RaftServerConfigKeys (ConfUtils.java:logGet(43)) - raft.server.log.write.buffer.size = 33554432 (custom)
2019-08-29 17:01:11,874 [pool-739-thread-1] INFO  server.RaftServerConfigKeys (ConfUtils.java:logGet(43)) - raft.server.log.segment.size.max = 1048576 (custom)
2019-08-29 17:01:11,875 [pool-729-thread-1] INFO  server.RaftServerConfigKeys (ConfUtils.java:logGet(43)) - raft.server.log.force.sync.num = 128 (default)
2019-08-29 17:01:11,875 [pool-719-thread-1] INFO  server.RaftServerConfigKeys (ConfUtils.java:logGet(43)) - raft.server.log.segment.cache.num.max = 2 (custom)
2019-08-29 17:01:11,875 [pool-729-thread-1] INFO  server.RaftServerConfigKeys (ConfUtils.java:logGet(43)) - raft.server.log.statemachine.data.sync = true (default)
2019-08-29 17:01:11,875 [pool-739-thread-1] INFO  server.RaftServerConfigKeys (ConfUtils.java:logGet(43)) - raft.server.log.segment.cache.num.max = 2 (custom)
2019-08-29 17:01:11,875 [pool-729-thread-1] INFO  server.RaftServerConfigKeys (ConfUtils.java:logGet(43)) - raft.server.log.statemachine.data.sync.timeout = 10s (default)
2019-08-29 17:01:11,876 [pool-729-thread-1] INFO  server.RaftServerConfigKeys (ConfUtils.java:logGet(43)) - raft.server.log.statemachine.data.sync.timeout.retry = -1 (default)
2019-08-29 17:01:11,875 [pool-719-thread-1] INFO  segmented.SegmentedRaftLogWorker (SegmentedRaftLogWorker.java:<init>(172)) - new 3acd8f8c-e91c-4578-a55f-526981cf687c-SegmentedRaftLogWorker:Storage Directory /workdir/hadoop-ozone/integration-test/target/test-dir/MiniOzoneClusterImpl-6f429aea-cb1e-4c0a-a3f8-3b3e3b27620e/datanode-4/data/ratis/89a2dc60-a8ce-44b7-8de0-628dd217a515 for RaftStorage:Storage Directory /workdir/hadoop-ozone/integration-test/target/test-dir/MiniOzoneClusterImpl-6f429aea-cb1e-4c0a-a3f8-3b3e3b27620e/datanode-4/data/ratis/89a2dc60-a8ce-44b7-8de0-628dd217a515
2019-08-29 17:01:11,876 [pool-729-thread-1] INFO  server.RaftServerConfigKeys (ConfUtils.java:logGet(43)) - raft.server.log.statemachine.data.caching.enabled = true (custom)
2019-08-29 17:01:11,875 [pool-739-thread-1] INFO  segmented.SegmentedRaftLogWorker (SegmentedRaftLogWorker.java:<init>(172)) - new 13cf937c-1041-4481-925d-65640af47ca7-SegmentedRaftLogWorker:Storage Directory /workdir/hadoop-ozone/integration-test/target/test-dir/MiniOzoneClusterImpl-6f429aea-cb1e-4c0a-a3f8-3b3e3b27620e/datanode-6/data/ratis/89a2dc60-a8ce-44b7-8de0-628dd217a515 for RaftStorage:Storage Directory /workdir/hadoop-ozone/integration-test/target/test-dir/MiniOzoneClusterImpl-6f429aea-cb1e-4c0a-a3f8-3b3e3b27620e/datanode-6/data/ratis/89a2dc60-a8ce-44b7-8de0-628dd217a515
2019-08-29 17:01:11,876 [pool-719-thread-1] INFO  server.RaftServerConfigKeys (ConfUtils.java:logGet(43)) - raft.server.log.queue.byte-limit = 2147483647 (custom)
2019-08-29 17:01:11,876 [pool-729-thread-1] INFO  segmented.SegmentedRaftLogWorker (SegmentedRaftLogWorker.java:lambda$new$0(132)) - c587acdf-dbe2-410c-8061-3cebf3038fed-SegmentedRaftLogWorker:Storage Directory /workdir/hadoop-ozone/integration-test/target/test-dir/MiniOzoneClusterImpl-6f429aea-cb1e-4c0a-a3f8-3b3e3b27620e/datanode-5/data/ratis/89a2dc60-a8ce-44b7-8de0-628dd217a515: flushIndex: setUnconditionally 0 -> -1
2019-08-29 17:01:11,876 [pool-739-thread-1] INFO  server.RaftServerConfigKeys (ConfUtils.java:logGet(43)) - raft.server.log.queue.byte-limit = 2147483647 (custom)
2019-08-29 17:01:11,876 [pool-719-thread-1] INFO  server.RaftServerConfigKeys (ConfUtils.java:logGet(43)) - raft.server.log.queue.element-limit = 1024 (custom)
2019-08-29 17:01:11,877 [pool-729-thread-1] INFO  server.RaftServerConfigKeys (ConfUtils.java:logGet(43)) - raft.server.snapshot.auto.trigger.enabled = true (custom)
2019-08-29 17:01:11,877 [pool-739-thread-1] INFO  server.RaftServerConfigKeys (ConfUtils.java:logGet(43)) - raft.server.log.queue.element-limit = 1024 (custom)
2019-08-29 17:01:11,877 [pool-729-thread-1] INFO  server.RaftServerConfigKeys (ConfUtils.java:logGet(43)) - raft.server.snapshot.auto.trigger.threshold = 10000 (custom)
2019-08-29 17:01:11,877 [pool-719-thread-1] INFO  server.RaftServerConfigKeys (ConfUtils.java:logGet(43)) - raft.server.log.segment.size.max = 1048576 (custom)
2019-08-29 17:01:11,877 [pool-729-thread-1] INFO  server.RaftServerConfigKeys (ConfUtils.java:logGet(43)) - raft.server.retrycache.expirytime = 600000ms (custom)
2019-08-29 17:01:11,877 [pool-739-thread-1] INFO  server.RaftServerConfigKeys (ConfUtils.java:logGet(43)) - raft.server.log.segment.size.max = 1048576 (custom)
2019-08-29 17:01:11,878 [pool-729-thread-1] INFO  impl.RaftServerImpl (RaftServerImpl.java:start(180)) - c587acdf-dbe2-410c-8061-3cebf3038fed: start group-628DD217A515
2019-08-29 17:01:11,878 [pool-719-thread-1] INFO  server.RaftServerConfigKeys (ConfUtils.java:logGet(43)) - raft.server.log.preallocated.size = 16384 (custom)
2019-08-29 17:01:11,878 [pool-729-thread-1] INFO  impl.RaftServerImpl (RaftServerImpl.java:setRole(171)) - c587acdf-dbe2-410c-8061-3cebf3038fed:group-628DD217A515 changes role from null to FOLLOWER at term 0 for startAsFollower
2019-08-29 17:01:11,878 [pool-739-thread-1] INFO  server.RaftServerConfigKeys (ConfUtils.java:logGet(43)) - raft.server.log.preallocated.size = 16384 (custom)
2019-08-29 17:01:11,879 [pool-739-thread-1] INFO  server.RaftServerConfigKeys (ConfUtils.java:logGet(43)) - raft.server.log.write.buffer.size = 33554432 (custom)
2019-08-29 17:01:11,878 [pool-729-thread-1] INFO  impl.RoleInfo (RoleInfo.java:updateAndGet(143)) - c587acdf-dbe2-410c-8061-3cebf3038fed: start FollowerState
2019-08-29 17:01:11,878 [pool-719-thread-1] INFO  server.RaftServerConfigKeys (ConfUtils.java:logGet(43)) - raft.server.log.write.buffer.size = 33554432 (custom)
2019-08-29 17:01:11,879 [pool-739-thread-1] INFO  server.RaftServerConfigKeys (ConfUtils.java:logGet(43)) - raft.server.log.force.sync.num = 128 (default)
2019-08-29 17:01:11,879 [pool-729-thread-1] INFO  util.JmxRegister (JmxRegister.java:tryRegister(44)) - Successfully registered JMX Bean with object name Ratis:service=RaftServer,group=group-628DD217A515,id=c587acdf-dbe2-410c-8061-3cebf3038fed
2019-08-29 17:01:11,879 [pool-719-thread-1] INFO  server.RaftServerConfigKeys (ConfUtils.java:logGet(43)) - raft.server.log.force.sync.num = 128 (default)
2019-08-29 17:01:11,879 [pool-739-thread-1] INFO  server.RaftServerConfigKeys (ConfUtils.java:logGet(43)) - raft.server.log.statemachine.data.sync = true (default)
2019-08-29 17:01:11,879 [pool-719-thread-1] INFO  server.RaftServerConfigKeys (ConfUtils.java:logGet(43)) - raft.server.log.statemachine.data.sync = true (default)
2019-08-29 17:01:11,880 [pool-739-thread-1] INFO  server.RaftServerConfigKeys (ConfUtils.java:logGet(43)) - raft.server.log.statemachine.data.sync.timeout = 10s (default)
2019-08-29 17:01:11,880 [pool-719-thread-1] INFO  server.RaftServerConfigKeys (ConfUtils.java:logGet(43)) - raft.server.log.statemachine.data.sync.timeout = 10s (default)
2019-08-29 17:01:11,880 [pool-739-thread-1] INFO  server.RaftServerConfigKeys (ConfUtils.java:logGet(43)) - raft.server.log.statemachine.data.sync.timeout.retry = -1 (default)
2019-08-29 17:01:11,880 [pool-719-thread-1] INFO  server.RaftServerConfigKeys (ConfUtils.java:logGet(43)) - raft.server.log.statemachine.data.sync.timeout.retry = -1 (default)
2019-08-29 17:01:11,880 [pool-739-thread-1] INFO  server.RaftServerConfigKeys (ConfUtils.java:logGet(43)) - raft.server.log.statemachine.data.caching.enabled = true (custom)
2019-08-29 17:01:11,881 [pool-719-thread-1] INFO  server.RaftServerConfigKeys (ConfUtils.java:logGet(43)) - raft.server.log.statemachine.data.caching.enabled = true (custom)
2019-08-29 17:01:11,881 [pool-739-thread-1] INFO  segmented.SegmentedRaftLogWorker (SegmentedRaftLogWorker.java:lambda$new$0(132)) - 13cf937c-1041-4481-925d-65640af47ca7-SegmentedRaftLogWorker:Storage Directory /workdir/hadoop-ozone/integration-test/target/test-dir/MiniOzoneClusterImpl-6f429aea-cb1e-4c0a-a3f8-3b3e3b27620e/datanode-6/data/ratis/89a2dc60-a8ce-44b7-8de0-628dd217a515: flushIndex: setUnconditionally 0 -> -1
2019-08-29 17:01:11,881 [pool-719-thread-1] INFO  segmented.SegmentedRaftLogWorker (SegmentedRaftLogWorker.java:lambda$new$0(132)) - 3acd8f8c-e91c-4578-a55f-526981cf687c-SegmentedRaftLogWorker:Storage Directory /workdir/hadoop-ozone/integration-test/target/test-dir/MiniOzoneClusterImpl-6f429aea-cb1e-4c0a-a3f8-3b3e3b27620e/datanode-4/data/ratis/89a2dc60-a8ce-44b7-8de0-628dd217a515: flushIndex: setUnconditionally 0 -> -1
2019-08-29 17:01:11,882 [pool-739-thread-1] INFO  server.RaftServerConfigKeys (ConfUtils.java:logGet(43)) - raft.server.snapshot.auto.trigger.enabled = true (custom)
2019-08-29 17:01:11,882 [pool-719-thread-1] INFO  server.RaftServerConfigKeys (ConfUtils.java:logGet(43)) - raft.server.snapshot.auto.trigger.enabled = true (custom)
2019-08-29 17:01:11,882 [pool-739-thread-1] INFO  server.RaftServerConfigKeys (ConfUtils.java:logGet(43)) - raft.server.snapshot.auto.trigger.threshold = 10000 (custom)
2019-08-29 17:01:11,882 [pool-719-thread-1] INFO  server.RaftServerConfigKeys (ConfUtils.java:logGet(43)) - raft.server.snapshot.auto.trigger.threshold = 10000 (custom)
2019-08-29 17:01:11,882 [pool-739-thread-1] INFO  server.RaftServerConfigKeys (ConfUtils.java:logGet(43)) - raft.server.retrycache.expirytime = 600000ms (custom)
2019-08-29 17:01:11,882 [pool-719-thread-1] INFO  server.RaftServerConfigKeys (ConfUtils.java:logGet(43)) - raft.server.retrycache.expirytime = 600000ms (custom)
2019-08-29 17:01:11,882 [pool-739-thread-1] INFO  impl.RaftServerImpl (RaftServerImpl.java:start(180)) - 13cf937c-1041-4481-925d-65640af47ca7: start group-628DD217A515
2019-08-29 17:01:11,883 [pool-719-thread-1] INFO  impl.RaftServerImpl (RaftServerImpl.java:start(180)) - 3acd8f8c-e91c-4578-a55f-526981cf687c: start group-628DD217A515
2019-08-29 17:01:11,883 [pool-739-thread-1] INFO  impl.RaftServerImpl (RaftServerImpl.java:setRole(171)) - 13cf937c-1041-4481-925d-65640af47ca7:group-628DD217A515 changes role from null to FOLLOWER at term 0 for startAsFollower
2019-08-29 17:01:11,883 [pool-719-thread-1] INFO  impl.RaftServerImpl (RaftServerImpl.java:setRole(171)) - 3acd8f8c-e91c-4578-a55f-526981cf687c:group-628DD217A515 changes role from null to FOLLOWER at term 0 for startAsFollower
2019-08-29 17:01:11,883 [pool-739-thread-1] INFO  impl.RoleInfo (RoleInfo.java:updateAndGet(143)) - 13cf937c-1041-4481-925d-65640af47ca7: start FollowerState
2019-08-29 17:01:11,883 [pool-719-thread-1] INFO  impl.RoleInfo (RoleInfo.java:updateAndGet(143)) - 3acd8f8c-e91c-4578-a55f-526981cf687c: start FollowerState
2019-08-29 17:01:11,884 [pool-739-thread-1] INFO  util.JmxRegister (JmxRegister.java:tryRegister(44)) - Successfully registered JMX Bean with object name Ratis:service=RaftServer,group=group-628DD217A515,id=13cf937c-1041-4481-925d-65640af47ca7
2019-08-29 17:01:11,884 [pool-719-thread-1] INFO  util.JmxRegister (JmxRegister.java:tryRegister(44)) - Successfully registered JMX Bean with object name Ratis:service=RaftServer,group=group-628DD217A515,id=3acd8f8c-e91c-4578-a55f-526981cf687c
2019-08-29 17:01:11,886 [RatisPipelineUtilsThread] INFO  pipeline.PipelineStateManager (PipelineStateManager.java:addPipeline(56)) - Created pipeline Pipeline[ Id: 89a2dc60-a8ce-44b7-8de0-628dd217a515, Nodes: 3acd8f8c-e91c-4578-a55f-526981cf687c{ip: 192.168.69.102, host: pr-hdds-1413-r8zfz-2367378370, networkLocation: /default-rack, certSerialId: null}c587acdf-dbe2-410c-8061-3cebf3038fed{ip: 192.168.69.102, host: pr-hdds-1413-r8zfz-2367378370, networkLocation: /default-rack, certSerialId: null}13cf937c-1041-4481-925d-65640af47ca7{ip: 192.168.69.102, host: pr-hdds-1413-r8zfz-2367378370, networkLocation: /default-rack, certSerialId: null}, Type:RATIS, Factor:THREE, State:OPEN]
2019-08-29 17:01:12,719 [main] INFO  ozone.MiniOzoneClusterImpl (MiniOzoneClusterImpl.java:lambda$waitForClusterToBeReady$0(140)) - Cluster is ready. Got 7 of 7 DN Heartbeats.
2019-08-29 17:01:12,756 [main] INFO  rpc.RpcClient (RpcClient.java:createVolume(293)) - Creating Volume: testblockoutputstream, with jenkins1000 as owner.
2019-08-29 17:01:12,759 | INFO  | OMAudit | user=jenkins1000 | ip=127.0.0.1 | op=CREATE_VOLUME {admin=jenkins1000, owner=jenkins1000, volume=testblockoutputstream, creationTime=1567098072758, quotaInBytes=1152921504606846976} | ret=SUCCESS |  
2019-08-29 17:01:12,771 | INFO  | OMAudit | user=jenkins1000 | ip=127.0.0.1 | op=READ_VOLUME {volume=testblockoutputstream} | ret=SUCCESS |  
2019-08-29 17:01:12,772 [main] INFO  rpc.RpcClient (RpcClient.java:createBucket(432)) - Creating Bucket: testblockoutputstream/testblockoutputstream, with Versioning false and Storage Type set to DISK and Encryption set to false 
2019-08-29 17:01:12,776 | INFO  | OMAudit | user=jenkins1000 | ip=127.0.0.1 | op=CREATE_BUCKET {volume=testblockoutputstream, bucket=testblockoutputstream, acls=[user:jenkins1000:a[ACCESS], group:default:a[ACCESS]], isVersionEnabled=false, storageType=DISK, creationTime=0} | ret=SUCCESS |  
2019-08-29 17:01:12,778 | INFO  | OMAudit | user=jenkins1000 | ip=127.0.0.1 | op=READ_VOLUME {volume=testblockoutputstream} | ret=SUCCESS |  
2019-08-29 17:01:12,780 | INFO  | OMAudit | user=jenkins1000 | ip=127.0.0.1 | op=READ_BUCKET {volume=testblockoutputstream, bucket=testblockoutputstream} | ret=SUCCESS |  
2019-08-29 17:01:12,784 | INFO  | SCMAudit | user=jenkins1000 | ip=192.168.69.102 | op=ALLOCATE_BLOCK {owner=81df55ac-b8b4-40b7-8c08-88dac9f351bd, size=800, type=RATIS, factor=THREE} | ret=SUCCESS |  
2019-08-29 17:01:12,786 | INFO  | OMAudit | user=jenkins1000 | ip=127.0.0.1 | op=ALLOCATE_KEY {volume=testblockoutputstream, bucket=testblockoutputstream, key=8095920d-37dc-46c0-8eb2-ecd6ff6c5653, dataSize=0, replicationType=RATIS, replicationFactor=THREE, keyLocationInfo=null} | ret=SUCCESS |  
2019-08-29 17:01:12,802 [grpc-default-executor-10] INFO  client.GrpcClientProtocolClient (GrpcClientProtocolClient.java:onNext(255)) - client-48C54AE2102E->02047d3a-8f07-43a6-aa09-0e15bab56fb4: receive RaftClientReply:client-48C54AE2102E->02047d3a-8f07-43a6-aa09-0e15bab56fb4@group-9BDCFF004CDE, cid=267, FAILED org.apache.ratis.protocol.NotLeaderException: Server 02047d3a-8f07-43a6-aa09-0e15bab56fb4 is not the leader (null). Request must be sent to leader., logIndex=0, commits[02047d3a-8f07-43a6-aa09-0e15bab56fb4:c-1]
2019-08-29 17:01:13,290 | INFO  | SCMAudit | user=jenkins1000 | ip=192.168.69.102 | op=SEND_HEARTBEAT {datanodeUUID=c104ec32-9aa5-499a-b97d-5e325c6a2558, command=[]} | ret=SUCCESS |  
2019-08-29 17:01:13,354 | INFO  | SCMAudit | user=jenkins1000 | ip=192.168.69.102 | op=SEND_HEARTBEAT {datanodeUUID=530fff1b-0ce4-48db-9d30-11baf1ff95d0, command=[]} | ret=SUCCESS |  
2019-08-29 17:01:13,429 | INFO  | SCMAudit | user=jenkins1000 | ip=192.168.69.102 | op=SEND_HEARTBEAT {datanodeUUID=02047d3a-8f07-43a6-aa09-0e15bab56fb4, command=[]} | ret=SUCCESS |  
2019-08-29 17:01:13,515 | INFO  | SCMAudit | user=jenkins1000 | ip=192.168.69.102 | op=SEND_HEARTBEAT {datanodeUUID=1b5bd387-da24-4a75-a3b9-46e545344a1a, command=[]} | ret=SUCCESS |  
2019-08-29 17:01:13,596 | INFO  | SCMAudit | user=jenkins1000 | ip=192.168.69.102 | op=SEND_HEARTBEAT {datanodeUUID=3acd8f8c-e91c-4578-a55f-526981cf687c, command=[]} | ret=SUCCESS |  
2019-08-29 17:01:13,657 | INFO  | SCMAudit | user=jenkins1000 | ip=192.168.69.102 | op=SEND_HEARTBEAT {datanodeUUID=c587acdf-dbe2-410c-8061-3cebf3038fed, command=[]} | ret=SUCCESS |  
2019-08-29 17:01:13,718 | INFO  | SCMAudit | user=jenkins1000 | ip=192.168.69.102 | op=SEND_HEARTBEAT {datanodeUUID=13cf937c-1041-4481-925d-65640af47ca7, command=[]} | ret=SUCCESS |  
2019-08-29 17:01:13,817 [grpc-default-executor-10] INFO  client.GrpcClientProtocolClient (GrpcClientProtocolClient.java:onNext(255)) - client-48C54AE2102E->530fff1b-0ce4-48db-9d30-11baf1ff95d0: receive RaftClientReply:client-48C54AE2102E->530fff1b-0ce4-48db-9d30-11baf1ff95d0@group-9BDCFF004CDE, cid=267, FAILED org.apache.ratis.protocol.NotLeaderException: Server 530fff1b-0ce4-48db-9d30-11baf1ff95d0 is not the leader (null). Request must be sent to leader., logIndex=0, commits[530fff1b-0ce4-48db-9d30-11baf1ff95d0:c-1]
2019-08-29 17:01:14,291 | INFO  | SCMAudit | user=jenkins1000 | ip=192.168.69.102 | op=SEND_HEARTBEAT {datanodeUUID=c104ec32-9aa5-499a-b97d-5e325c6a2558, command=[]} | ret=SUCCESS |  
2019-08-29 17:01:14,301 [Thread-4949] INFO  container.ReplicationManager (ReplicationManager.java:start(152)) - Starting Replication Monitor Thread.
2019-08-29 17:01:14,305 [ReplicationMonitor] INFO  container.ReplicationManager (ReplicationManager.java:run(215)) - Replication Monitor Thread took 0 milliseconds for processing 1 containers.
2019-08-29 17:01:14,353 | INFO  | SCMAudit | user=jenkins1000 | ip=192.168.69.102 | op=SEND_HEARTBEAT {datanodeUUID=530fff1b-0ce4-48db-9d30-11baf1ff95d0, command=[]} | ret=SUCCESS |  
2019-08-29 17:01:14,429 | INFO  | SCMAudit | user=jenkins1000 | ip=192.168.69.102 | op=SEND_HEARTBEAT {datanodeUUID=02047d3a-8f07-43a6-aa09-0e15bab56fb4, command=[]} | ret=SUCCESS |  
2019-08-29 17:01:14,515 | INFO  | SCMAudit | user=jenkins1000 | ip=192.168.69.102 | op=SEND_HEARTBEAT {datanodeUUID=1b5bd387-da24-4a75-a3b9-46e545344a1a, command=[]} | ret=SUCCESS |  
2019-08-29 17:01:14,596 | INFO  | SCMAudit | user=jenkins1000 | ip=192.168.69.102 | op=SEND_HEARTBEAT {datanodeUUID=3acd8f8c-e91c-4578-a55f-526981cf687c, command=[]} | ret=SUCCESS |  
2019-08-29 17:01:14,657 | INFO  | SCMAudit | user=jenkins1000 | ip=192.168.69.102 | op=SEND_HEARTBEAT {datanodeUUID=c587acdf-dbe2-410c-8061-3cebf3038fed, command=[]} | ret=SUCCESS |  
2019-08-29 17:01:14,719 | INFO  | SCMAudit | user=jenkins1000 | ip=192.168.69.102 | op=SEND_HEARTBEAT {datanodeUUID=13cf937c-1041-4481-925d-65640af47ca7, command=[]} | ret=SUCCESS |  
2019-08-29 17:01:14,826 [grpc-default-executor-10] INFO  client.GrpcClientProtocolClient (GrpcClientProtocolClient.java:onNext(255)) - client-48C54AE2102E->02047d3a-8f07-43a6-aa09-0e15bab56fb4: receive RaftClientReply:client-48C54AE2102E->02047d3a-8f07-43a6-aa09-0e15bab56fb4@group-9BDCFF004CDE, cid=267, FAILED org.apache.ratis.protocol.NotLeaderException: Server 02047d3a-8f07-43a6-aa09-0e15bab56fb4 is not the leader (null). Request must be sent to leader., logIndex=0, commits[02047d3a-8f07-43a6-aa09-0e15bab56fb4:c-1]
2019-08-29 17:01:15,290 | INFO  | SCMAudit | user=jenkins1000 | ip=192.168.69.102 | op=SEND_HEARTBEAT {datanodeUUID=c104ec32-9aa5-499a-b97d-5e325c6a2558, command=[]} | ret=SUCCESS |  
2019-08-29 17:01:15,353 | INFO  | SCMAudit | user=jenkins1000 | ip=192.168.69.102 | op=SEND_HEARTBEAT {datanodeUUID=530fff1b-0ce4-48db-9d30-11baf1ff95d0, command=[]} | ret=SUCCESS |  
2019-08-29 17:01:15,429 | INFO  | SCMAudit | user=jenkins1000 | ip=192.168.69.102 | op=SEND_HEARTBEAT {datanodeUUID=02047d3a-8f07-43a6-aa09-0e15bab56fb4, command=[]} | ret=SUCCESS |  
2019-08-29 17:01:15,515 | INFO  | SCMAudit | user=jenkins1000 | ip=192.168.69.102 | op=SEND_HEARTBEAT {datanodeUUID=1b5bd387-da24-4a75-a3b9-46e545344a1a, command=[]} | ret=SUCCESS |  
2019-08-29 17:01:15,596 | INFO  | SCMAudit | user=jenkins1000 | ip=192.168.69.102 | op=SEND_HEARTBEAT {datanodeUUID=3acd8f8c-e91c-4578-a55f-526981cf687c, command=[]} | ret=SUCCESS |  
2019-08-29 17:01:15,657 | INFO  | SCMAudit | user=jenkins1000 | ip=192.168.69.102 | op=SEND_HEARTBEAT {datanodeUUID=c587acdf-dbe2-410c-8061-3cebf3038fed, command=[]} | ret=SUCCESS |  
2019-08-29 17:01:15,720 | INFO  | SCMAudit | user=jenkins1000 | ip=192.168.69.102 | op=SEND_HEARTBEAT {datanodeUUID=13cf937c-1041-4481-925d-65640af47ca7, command=[]} | ret=SUCCESS |  
2019-08-29 17:01:15,837 [grpc-default-executor-10] INFO  client.GrpcClientProtocolClient (GrpcClientProtocolClient.java:onNext(255)) - client-48C54AE2102E->c104ec32-9aa5-499a-b97d-5e325c6a2558: receive RaftClientReply:client-48C54AE2102E->c104ec32-9aa5-499a-b97d-5e325c6a2558@group-9BDCFF004CDE, cid=267, FAILED org.apache.ratis.protocol.NotLeaderException: Server c104ec32-9aa5-499a-b97d-5e325c6a2558 is not the leader (null). Request must be sent to leader., logIndex=0, commits[c104ec32-9aa5-499a-b97d-5e325c6a2558:c-1]
2019-08-29 17:01:16,290 | INFO  | SCMAudit | user=jenkins1000 | ip=192.168.69.102 | op=SEND_HEARTBEAT {datanodeUUID=c104ec32-9aa5-499a-b97d-5e325c6a2558, command=[]} | ret=SUCCESS |  
2019-08-29 17:01:16,353 | INFO  | SCMAudit | user=jenkins1000 | ip=192.168.69.102 | op=SEND_HEARTBEAT {datanodeUUID=530fff1b-0ce4-48db-9d30-11baf1ff95d0, command=[]} | ret=SUCCESS |  
2019-08-29 17:01:16,359 [Thread-4951] INFO  impl.FollowerState (FollowerState.java:run(106)) - c104ec32-9aa5-499a-b97d-5e325c6a2558:group-CE40D37EEB36 changes to CANDIDATE, lastRpcTime:5000, electionTimeout:5000ms
2019-08-29 17:01:16,360 [Thread-4951] INFO  impl.RoleInfo (RoleInfo.java:shutdownFollowerState(121)) - c104ec32-9aa5-499a-b97d-5e325c6a2558: shutdown FollowerState
2019-08-29 17:01:16,360 [Thread-4951] INFO  impl.RaftServerImpl (RaftServerImpl.java:setRole(171)) - c104ec32-9aa5-499a-b97d-5e325c6a2558:group-CE40D37EEB36 changes role from FOLLOWER to CANDIDATE at term 0 for changeToCandidate
2019-08-29 17:01:16,360 [Thread-4951] INFO  impl.RoleInfo (RoleInfo.java:updateAndGet(143)) - c104ec32-9aa5-499a-b97d-5e325c6a2558: start LeaderElection
2019-08-29 17:01:16,429 | INFO  | SCMAudit | user=jenkins1000 | ip=192.168.69.102 | op=SEND_HEARTBEAT {datanodeUUID=02047d3a-8f07-43a6-aa09-0e15bab56fb4, command=[]} | ret=SUCCESS |  
2019-08-29 17:01:16,515 | INFO  | SCMAudit | user=jenkins1000 | ip=192.168.69.102 | op=SEND_HEARTBEAT {datanodeUUID=1b5bd387-da24-4a75-a3b9-46e545344a1a, command=[]} | ret=SUCCESS |  
2019-08-29 17:01:16,527 [Thread-4954] INFO  impl.FollowerState (FollowerState.java:run(106)) - 530fff1b-0ce4-48db-9d30-11baf1ff95d0:group-CF4F3ED8559C changes to CANDIDATE, lastRpcTime:5095, electionTimeout:5095ms
2019-08-29 17:01:16,528 [Thread-4954] INFO  impl.RoleInfo (RoleInfo.java:shutdownFollowerState(121)) - 530fff1b-0ce4-48db-9d30-11baf1ff95d0: shutdown FollowerState
2019-08-29 17:01:16,528 [Thread-4954] INFO  impl.RaftServerImpl (RaftServerImpl.java:setRole(171)) - 530fff1b-0ce4-48db-9d30-11baf1ff95d0:group-CF4F3ED8559C changes role from FOLLOWER to CANDIDATE at term 0 for changeToCandidate
2019-08-29 17:01:16,528 [Thread-4954] INFO  impl.RoleInfo (RoleInfo.java:updateAndGet(143)) - 530fff1b-0ce4-48db-9d30-11baf1ff95d0: start LeaderElection
2019-08-29 17:01:16,535 [c104ec32-9aa5-499a-b97d-5e325c6a2558:group-CE40D37EEB36:LeaderElection109] INFO  impl.LeaderElection (LeaderElection.java:askForVotes(181)) - c104ec32-9aa5-499a-b97d-5e325c6a2558:group-CE40D37EEB36:LeaderElection109: begin an election at term 1 for -1: [c104ec32-9aa5-499a-b97d-5e325c6a2558:192.168.69.102:38839], old=null
2019-08-29 17:01:16,535 [c104ec32-9aa5-499a-b97d-5e325c6a2558:group-CE40D37EEB36:LeaderElection109] INFO  impl.RoleInfo (RoleInfo.java:shutdownLeaderElection(134)) - c104ec32-9aa5-499a-b97d-5e325c6a2558: shutdown LeaderElection
2019-08-29 17:01:16,536 [c104ec32-9aa5-499a-b97d-5e325c6a2558:group-CE40D37EEB36:LeaderElection109] INFO  impl.RaftServerImpl (RaftServerImpl.java:setRole(171)) - c104ec32-9aa5-499a-b97d-5e325c6a2558:group-CE40D37EEB36 changes role from CANDIDATE to LEADER at term 1 for changeToLeader
2019-08-29 17:01:16,536 [c104ec32-9aa5-499a-b97d-5e325c6a2558:group-CE40D37EEB36:LeaderElection109] INFO  impl.RaftServerImpl (ServerState.java:setLeader(263)) - c104ec32-9aa5-499a-b97d-5e325c6a2558:group-CE40D37EEB36 change Leader from null to c104ec32-9aa5-499a-b97d-5e325c6a2558 at term 1 for becomeLeader, leader elected after 5182ms
2019-08-29 17:01:16,536 [c104ec32-9aa5-499a-b97d-5e325c6a2558:group-CE40D37EEB36:LeaderElection109] INFO  server.RaftServerConfigKeys (ConfUtils.java:logGet(43)) - raft.server.staging.catchup.gap = 1000 (default)
2019-08-29 17:01:16,536 [c104ec32-9aa5-499a-b97d-5e325c6a2558:group-CE40D37EEB36:LeaderElection109] INFO  server.RaftServerConfigKeys (ConfUtils.java:logGet(43)) - raft.server.rpc.sleep.time = 25ms (default)
2019-08-29 17:01:16,536 [c104ec32-9aa5-499a-b97d-5e325c6a2558:group-CE40D37EEB36:LeaderElection109] INFO  server.RaftServerConfigKeys (ConfUtils.java:logGet(43)) - raft.server.write.element-limit = 4096 (default)
2019-08-29 17:01:16,537 [c104ec32-9aa5-499a-b97d-5e325c6a2558:group-CE40D37EEB36:LeaderElection109] INFO  server.RaftServerConfigKeys (ConfUtils.java:logGet(43)) - raft.server.watch.timeout = 10s (default)
2019-08-29 17:01:16,537 [c104ec32-9aa5-499a-b97d-5e325c6a2558:group-CE40D37EEB36:LeaderElection109] INFO  server.RaftServerConfigKeys (ConfUtils.java:logGet(43)) - raft.server.watch.timeout.denomination = 1s (default)
2019-08-29 17:01:16,537 [c104ec32-9aa5-499a-b97d-5e325c6a2558:group-CE40D37EEB36:LeaderElection109] INFO  server.RaftServerConfigKeys (ConfUtils.java:logGet(43)) - raft.server.watch.element-limit = 65536 (default)
2019-08-29 17:01:16,537 [c104ec32-9aa5-499a-b97d-5e325c6a2558:group-CE40D37EEB36:LeaderElection109] INFO  impl.RoleInfo (RoleInfo.java:updateAndGet(143)) - c104ec32-9aa5-499a-b97d-5e325c6a2558: start LeaderState
2019-08-29 17:01:16,537 [c104ec32-9aa5-499a-b97d-5e325c6a2558:group-CE40D37EEB36:LeaderElection109] INFO  segmented.SegmentedRaftLogWorker (SegmentedRaftLogWorker.java:startLogSegment(380)) - c104ec32-9aa5-499a-b97d-5e325c6a2558-SegmentedRaftLogWorker:Storage Directory /workdir/hadoop-ozone/integration-test/target/test-dir/MiniOzoneClusterImpl-6f429aea-cb1e-4c0a-a3f8-3b3e3b27620e/datanode-0/data/ratis/515b0e1a-a9a5-4bd5-8a9c-ce40d37eeb36: Starting segment from index:0
2019-08-29 17:01:16,538 [c104ec32-9aa5-499a-b97d-5e325c6a2558:group-CE40D37EEB36:LeaderElection109] INFO  impl.RaftServerImpl (ServerState.java:setRaftConf(361)) - c104ec32-9aa5-499a-b97d-5e325c6a2558:group-CE40D37EEB36 set configuration 0: [c104ec32-9aa5-499a-b97d-5e325c6a2558:192.168.69.102:38839], old=null at 0
2019-08-29 17:01:16,543 [Thread-4957] INFO  impl.FollowerState (FollowerState.java:run(106)) - 02047d3a-8f07-43a6-aa09-0e15bab56fb4:group-51AF52BC2394 changes to CANDIDATE, lastRpcTime:5052, electionTimeout:5052ms
2019-08-29 17:01:16,543 [Thread-4957] INFO  impl.RoleInfo (RoleInfo.java:shutdownFollowerState(121)) - 02047d3a-8f07-43a6-aa09-0e15bab56fb4: shutdown FollowerState
2019-08-29 17:01:16,543 [Thread-4957] INFO  impl.RaftServerImpl (RaftServerImpl.java:setRole(171)) - 02047d3a-8f07-43a6-aa09-0e15bab56fb4:group-51AF52BC2394 changes role from FOLLOWER to CANDIDATE at term 0 for changeToCandidate
2019-08-29 17:01:16,543 [Thread-4957] INFO  impl.RoleInfo (RoleInfo.java:updateAndGet(143)) - 02047d3a-8f07-43a6-aa09-0e15bab56fb4: start LeaderElection
2019-08-29 17:01:16,580 [530fff1b-0ce4-48db-9d30-11baf1ff95d0:group-CF4F3ED8559C:LeaderElection110] INFO  impl.LeaderElection (LeaderElection.java:askForVotes(181)) - 530fff1b-0ce4-48db-9d30-11baf1ff95d0:group-CF4F3ED8559C:LeaderElection110: begin an election at term 1 for -1: [530fff1b-0ce4-48db-9d30-11baf1ff95d0:192.168.69.102:46165], old=null
2019-08-29 17:01:16,585 [530fff1b-0ce4-48db-9d30-11baf1ff95d0:group-CF4F3ED8559C:LeaderElection110] INFO  impl.RoleInfo (RoleInfo.java:shutdownLeaderElection(134)) - 530fff1b-0ce4-48db-9d30-11baf1ff95d0: shutdown LeaderElection
2019-08-29 17:01:16,585 [530fff1b-0ce4-48db-9d30-11baf1ff95d0:group-CF4F3ED8559C:LeaderElection110] INFO  impl.RaftServerImpl (RaftServerImpl.java:setRole(171)) - 530fff1b-0ce4-48db-9d30-11baf1ff95d0:group-CF4F3ED8559C changes role from CANDIDATE to LEADER at term 1 for changeToLeader
2019-08-29 17:01:16,585 [530fff1b-0ce4-48db-9d30-11baf1ff95d0:group-CF4F3ED8559C:LeaderElection110] INFO  impl.RaftServerImpl (ServerState.java:setLeader(263)) - 530fff1b-0ce4-48db-9d30-11baf1ff95d0:group-CF4F3ED8559C change Leader from null to 530fff1b-0ce4-48db-9d30-11baf1ff95d0 at term 1 for becomeLeader, leader elected after 5159ms
2019-08-29 17:01:16,585 [530fff1b-0ce4-48db-9d30-11baf1ff95d0:group-CF4F3ED8559C:LeaderElection110] INFO  server.RaftServerConfigKeys (ConfUtils.java:logGet(43)) - raft.server.staging.catchup.gap = 1000 (default)
2019-08-29 17:01:16,585 [530fff1b-0ce4-48db-9d30-11baf1ff95d0:group-CF4F3ED8559C:LeaderElection110] INFO  server.RaftServerConfigKeys (ConfUtils.java:logGet(43)) - raft.server.rpc.sleep.time = 25ms (default)
2019-08-29 17:01:16,586 [530fff1b-0ce4-48db-9d30-11baf1ff95d0:group-CF4F3ED8559C:LeaderElection110] INFO  server.RaftServerConfigKeys (ConfUtils.java:logGet(43)) - raft.server.write.element-limit = 4096 (default)
2019-08-29 17:01:16,586 [530fff1b-0ce4-48db-9d30-11baf1ff95d0:group-CF4F3ED8559C:LeaderElection110] INFO  server.RaftServerConfigKeys (ConfUtils.java:logGet(43)) - raft.server.watch.timeout = 10s (default)
2019-08-29 17:01:16,586 [530fff1b-0ce4-48db-9d30-11baf1ff95d0:group-CF4F3ED8559C:LeaderElection110] INFO  server.RaftServerConfigKeys (ConfUtils.java:logGet(43)) - raft.server.watch.timeout.denomination = 1s (default)
2019-08-29 17:01:16,586 [530fff1b-0ce4-48db-9d30-11baf1ff95d0:group-CF4F3ED8559C:LeaderElection110] INFO  server.RaftServerConfigKeys (ConfUtils.java:logGet(43)) - raft.server.watch.element-limit = 65536 (default)
2019-08-29 17:01:16,586 [530fff1b-0ce4-48db-9d30-11baf1ff95d0:group-CF4F3ED8559C:LeaderElection110] INFO  impl.RoleInfo (RoleInfo.java:updateAndGet(143)) - 530fff1b-0ce4-48db-9d30-11baf1ff95d0: start LeaderState
2019-08-29 17:01:16,587 [530fff1b-0ce4-48db-9d30-11baf1ff95d0:group-CF4F3ED8559C:LeaderElection110] INFO  segmented.SegmentedRaftLogWorker (SegmentedRaftLogWorker.java:startLogSegment(380)) - 530fff1b-0ce4-48db-9d30-11baf1ff95d0-SegmentedRaftLogWorker:Storage Directory /workdir/hadoop-ozone/integration-test/target/test-dir/MiniOzoneClusterImpl-6f429aea-cb1e-4c0a-a3f8-3b3e3b27620e/datanode-1/data/ratis/6f9bd415-22c5-430c-a76d-cf4f3ed8559c: Starting segment from index:0
2019-08-29 17:01:16,587 [530fff1b-0ce4-48db-9d30-11baf1ff95d0:group-CF4F3ED8559C:LeaderElection110] INFO  impl.RaftServerImpl (ServerState.java:setRaftConf(361)) - 530fff1b-0ce4-48db-9d30-11baf1ff95d0:group-CF4F3ED8559C set configuration 0: [530fff1b-0ce4-48db-9d30-11baf1ff95d0:192.168.69.102:46165], old=null at 0
2019-08-29 17:01:16,595 [c104ec32-9aa5-499a-b97d-5e325c6a2558-SegmentedRaftLogWorker:Storage Directory /workdir/hadoop-ozone/integration-test/target/test-dir/MiniOzoneClusterImpl-6f429aea-cb1e-4c0a-a3f8-3b3e3b27620e/datanode-0/data/ratis/515b0e1a-a9a5-4bd5-8a9c-ce40d37eeb36] INFO  segmented.SegmentedRaftLogWorker (SegmentedRaftLogWorker.java:execute(569)) - c104ec32-9aa5-499a-b97d-5e325c6a2558-SegmentedRaftLogWorker:Storage Directory /workdir/hadoop-ozone/integration-test/target/test-dir/MiniOzoneClusterImpl-6f429aea-cb1e-4c0a-a3f8-3b3e3b27620e/datanode-0/data/ratis/515b0e1a-a9a5-4bd5-8a9c-ce40d37eeb36: created new log segment /workdir/hadoop-ozone/integration-test/target/test-dir/MiniOzoneClusterImpl-6f429aea-cb1e-4c0a-a3f8-3b3e3b27620e/datanode-0/data/ratis/515b0e1a-a9a5-4bd5-8a9c-ce40d37eeb36/current/log_inprogress_0
2019-08-29 17:01:16,597 | INFO  | SCMAudit | user=jenkins1000 | ip=192.168.69.102 | op=SEND_HEARTBEAT {datanodeUUID=3acd8f8c-e91c-4578-a55f-526981cf687c, command=[]} | ret=SUCCESS |  
2019-08-29 17:01:16,614 [Thread-4964] INFO  impl.FollowerState (FollowerState.java:run(106)) - c104ec32-9aa5-499a-b97d-5e325c6a2558:group-9BDCFF004CDE changes to CANDIDATE, lastRpcTime:5060, electionTimeout:5060ms
2019-08-29 17:01:16,614 [Thread-4964] INFO  impl.RoleInfo (RoleInfo.java:shutdownFollowerState(121)) - c104ec32-9aa5-499a-b97d-5e325c6a2558: shutdown FollowerState
2019-08-29 17:01:16,614 [Thread-4964] INFO  impl.RaftServerImpl (RaftServerImpl.java:setRole(171)) - c104ec32-9aa5-499a-b97d-5e325c6a2558:group-9BDCFF004CDE changes role from FOLLOWER to CANDIDATE at term 0 for changeToCandidate
2019-08-29 17:01:16,614 [Thread-4964] INFO  impl.RoleInfo (RoleInfo.java:updateAndGet(143)) - c104ec32-9aa5-499a-b97d-5e325c6a2558: start LeaderElection
2019-08-29 17:01:16,635 [02047d3a-8f07-43a6-aa09-0e15bab56fb4:group-51AF52BC2394:LeaderElection111] INFO  impl.LeaderElection (LeaderElection.java:askForVotes(181)) - 02047d3a-8f07-43a6-aa09-0e15bab56fb4:group-51AF52BC2394:LeaderElection111: begin an election at term 1 for -1: [02047d3a-8f07-43a6-aa09-0e15bab56fb4:192.168.69.102:36734], old=null
2019-08-29 17:01:16,637 [02047d3a-8f07-43a6-aa09-0e15bab56fb4:group-51AF52BC2394:LeaderElection111] INFO  impl.RoleInfo (RoleInfo.java:shutdownLeaderElection(134)) - 02047d3a-8f07-43a6-aa09-0e15bab56fb4: shutdown LeaderElection
2019-08-29 17:01:16,637 [02047d3a-8f07-43a6-aa09-0e15bab56fb4:group-51AF52BC2394:LeaderElection111] INFO  impl.RaftServerImpl (RaftServerImpl.java:setRole(171)) - 02047d3a-8f07-43a6-aa09-0e15bab56fb4:group-51AF52BC2394 changes role from CANDIDATE to LEADER at term 1 for changeToLeader
2019-08-29 17:01:16,637 [02047d3a-8f07-43a6-aa09-0e15bab56fb4:group-51AF52BC2394:LeaderElection111] INFO  impl.RaftServerImpl (ServerState.java:setLeader(263)) - 02047d3a-8f07-43a6-aa09-0e15bab56fb4:group-51AF52BC2394 change Leader from null to 02047d3a-8f07-43a6-aa09-0e15bab56fb4 at term 1 for becomeLeader, leader elected after 5151ms
2019-08-29 17:01:16,638 [02047d3a-8f07-43a6-aa09-0e15bab56fb4:group-51AF52BC2394:LeaderElection111] INFO  server.RaftServerConfigKeys (ConfUtils.java:logGet(43)) - raft.server.staging.catchup.gap = 1000 (default)
2019-08-29 17:01:16,638 [02047d3a-8f07-43a6-aa09-0e15bab56fb4:group-51AF52BC2394:LeaderElection111] INFO  server.RaftServerConfigKeys (ConfUtils.java:logGet(43)) - raft.server.rpc.sleep.time = 25ms (default)
2019-08-29 17:01:16,638 [02047d3a-8f07-43a6-aa09-0e15bab56fb4:group-51AF52BC2394:LeaderElection111] INFO  server.RaftServerConfigKeys (ConfUtils.java:logGet(43)) - raft.server.write.element-limit = 4096 (default)
2019-08-29 17:01:16,638 [02047d3a-8f07-43a6-aa09-0e15bab56fb4:group-51AF52BC2394:LeaderElection111] INFO  server.RaftServerConfigKeys (ConfUtils.java:logGet(43)) - raft.server.watch.timeout = 10s (default)
2019-08-29 17:01:16,639 [02047d3a-8f07-43a6-aa09-0e15bab56fb4:group-51AF52BC2394:LeaderElection111] INFO  server.RaftServerConfigKeys (ConfUtils.java:logGet(43)) - raft.server.watch.timeout.denomination = 1s (default)
2019-08-29 17:01:16,639 [02047d3a-8f07-43a6-aa09-0e15bab56fb4:group-51AF52BC2394:LeaderElection111] INFO  server.RaftServerConfigKeys (ConfUtils.java:logGet(43)) - raft.server.watch.element-limit = 65536 (default)
2019-08-29 17:01:16,639 [02047d3a-8f07-43a6-aa09-0e15bab56fb4:group-51AF52BC2394:LeaderElection111] INFO  impl.RoleInfo (RoleInfo.java:updateAndGet(143)) - 02047d3a-8f07-43a6-aa09-0e15bab56fb4: start LeaderState
2019-08-29 17:01:16,640 [02047d3a-8f07-43a6-aa09-0e15bab56fb4:group-51AF52BC2394:LeaderElection111] INFO  segmented.SegmentedRaftLogWorker (SegmentedRaftLogWorker.java:startLogSegment(380)) - 02047d3a-8f07-43a6-aa09-0e15bab56fb4-SegmentedRaftLogWorker:Storage Directory /workdir/hadoop-ozone/integration-test/target/test-dir/MiniOzoneClusterImpl-6f429aea-cb1e-4c0a-a3f8-3b3e3b27620e/datanode-2/data/ratis/a2250c03-c62d-4e00-b91b-51af52bc2394: Starting segment from index:0
2019-08-29 17:01:16,640 [02047d3a-8f07-43a6-aa09-0e15bab56fb4:group-51AF52BC2394:LeaderElection111] INFO  impl.RaftServerImpl (ServerState.java:setRaftConf(361)) - 02047d3a-8f07-43a6-aa09-0e15bab56fb4:group-51AF52BC2394 set configuration 0: [02047d3a-8f07-43a6-aa09-0e15bab56fb4:192.168.69.102:36734], old=null at 0
2019-08-29 17:01:16,651 [530fff1b-0ce4-48db-9d30-11baf1ff95d0-SegmentedRaftLogWorker:Storage Directory /workdir/hadoop-ozone/integration-test/target/test-dir/MiniOzoneClusterImpl-6f429aea-cb1e-4c0a-a3f8-3b3e3b27620e/datanode-1/data/ratis/6f9bd415-22c5-430c-a76d-cf4f3ed8559c] INFO  segmented.SegmentedRaftLogWorker (SegmentedRaftLogWorker.java:execute(569)) - 530fff1b-0ce4-48db-9d30-11baf1ff95d0-SegmentedRaftLogWorker:Storage Directory /workdir/hadoop-ozone/integration-test/target/test-dir/MiniOzoneClusterImpl-6f429aea-cb1e-4c0a-a3f8-3b3e3b27620e/datanode-1/data/ratis/6f9bd415-22c5-430c-a76d-cf4f3ed8559c: created new log segment /workdir/hadoop-ozone/integration-test/target/test-dir/MiniOzoneClusterImpl-6f429aea-cb1e-4c0a-a3f8-3b3e3b27620e/datanode-1/data/ratis/6f9bd415-22c5-430c-a76d-cf4f3ed8559c/current/log_inprogress_0
2019-08-29 17:01:16,651 [c104ec32-9aa5-499a-b97d-5e325c6a2558:group-9BDCFF004CDE:LeaderElection112] INFO  impl.LeaderElection (LeaderElection.java:askForVotes(181)) - c104ec32-9aa5-499a-b97d-5e325c6a2558:group-9BDCFF004CDE:LeaderElection112: begin an election at term 1 for -1: [c104ec32-9aa5-499a-b97d-5e325c6a2558:192.168.69.102:38839, 530fff1b-0ce4-48db-9d30-11baf1ff95d0:192.168.69.102:46165, 02047d3a-8f07-43a6-aa09-0e15bab56fb4:192.168.69.102:36734], old=null
2019-08-29 17:01:16,656 [grpc-default-executor-9] INFO  impl.RaftServerImpl (RaftServerImpl.java:setRole(171)) - 530fff1b-0ce4-48db-9d30-11baf1ff95d0:group-9BDCFF004CDE changes role from FOLLOWER to FOLLOWER at term 1 for recognizeCandidate:c104ec32-9aa5-499a-b97d-5e325c6a2558
2019-08-29 17:01:16,656 [grpc-default-executor-9] INFO  impl.RoleInfo (RoleInfo.java:shutdownFollowerState(121)) - 530fff1b-0ce4-48db-9d30-11baf1ff95d0: shutdown FollowerState
2019-08-29 17:01:16,656 [grpc-default-executor-10] INFO  impl.RaftServerImpl (RaftServerImpl.java:setRole(171)) - 02047d3a-8f07-43a6-aa09-0e15bab56fb4:group-9BDCFF004CDE changes role from FOLLOWER to FOLLOWER at term 1 for recognizeCandidate:c104ec32-9aa5-499a-b97d-5e325c6a2558
2019-08-29 17:01:16,656 [Thread-4965] INFO  impl.FollowerState (FollowerState.java:run(114)) - 530fff1b-0ce4-48db-9d30-11baf1ff95d0: FollowerState was interrupted: java.lang.InterruptedException: sleep interrupted
2019-08-29 17:01:16,656 [grpc-default-executor-9] INFO  impl.RoleInfo (RoleInfo.java:updateAndGet(143)) - 530fff1b-0ce4-48db-9d30-11baf1ff95d0: start FollowerState
2019-08-29 17:01:16,656 [grpc-default-executor-10] INFO  impl.RoleInfo (RoleInfo.java:shutdownFollowerState(121)) - 02047d3a-8f07-43a6-aa09-0e15bab56fb4: shutdown FollowerState
2019-08-29 17:01:16,684 [grpc-default-executor-10] INFO  impl.RoleInfo (RoleInfo.java:updateAndGet(143)) - 02047d3a-8f07-43a6-aa09-0e15bab56fb4: start FollowerState
2019-08-29 17:01:16,684 [Thread-4960] INFO  impl.FollowerState (FollowerState.java:run(114)) - 02047d3a-8f07-43a6-aa09-0e15bab56fb4: FollowerState was interrupted: java.lang.InterruptedException: sleep interrupted
2019-08-29 17:01:16,685 | INFO  | SCMAudit | user=jenkins1000 | ip=192.168.69.102 | op=SEND_HEARTBEAT {datanodeUUID=c587acdf-dbe2-410c-8061-3cebf3038fed, command=[]} | ret=SUCCESS |  
2019-08-29 17:01:16,712 [02047d3a-8f07-43a6-aa09-0e15bab56fb4-SegmentedRaftLogWorker:Storage Directory /workdir/hadoop-ozone/integration-test/target/test-dir/MiniOzoneClusterImpl-6f429aea-cb1e-4c0a-a3f8-3b3e3b27620e/datanode-2/data/ratis/a2250c03-c62d-4e00-b91b-51af52bc2394] INFO  segmented.SegmentedRaftLogWorker (SegmentedRaftLogWorker.java:execute(569)) - 02047d3a-8f07-43a6-aa09-0e15bab56fb4-SegmentedRaftLogWorker:Storage Directory /workdir/hadoop-ozone/integration-test/target/test-dir/MiniOzoneClusterImpl-6f429aea-cb1e-4c0a-a3f8-3b3e3b27620e/datanode-2/data/ratis/a2250c03-c62d-4e00-b91b-51af52bc2394: created new log segment /workdir/hadoop-ozone/integration-test/target/test-dir/MiniOzoneClusterImpl-6f429aea-cb1e-4c0a-a3f8-3b3e3b27620e/datanode-2/data/ratis/a2250c03-c62d-4e00-b91b-51af52bc2394/current/log_inprogress_0
2019-08-29 17:01:16,713 [c104ec32-9aa5-499a-b97d-5e325c6a2558:group-9BDCFF004CDE:LeaderElection112] INFO  impl.LeaderElection (LeaderElection.java:logAndReturn(56)) - c104ec32-9aa5-499a-b97d-5e325c6a2558:group-9BDCFF004CDE:LeaderElection112: Election PASSED; received 1 response(s) [c104ec32-9aa5-499a-b97d-5e325c6a2558<-530fff1b-0ce4-48db-9d30-11baf1ff95d0#0:OK-t1] and 0 exception(s); c104ec32-9aa5-499a-b97d-5e325c6a2558:t1, leader=null, voted=c104ec32-9aa5-499a-b97d-5e325c6a2558, raftlog=c104ec32-9aa5-499a-b97d-5e325c6a2558-SegmentedRaftLog:OPENED:c-1,f-1,i0, conf=-1: [c104ec32-9aa5-499a-b97d-5e325c6a2558:192.168.69.102:38839, 530fff1b-0ce4-48db-9d30-11baf1ff95d0:192.168.69.102:46165, 02047d3a-8f07-43a6-aa09-0e15bab56fb4:192.168.69.102:36734], old=null
2019-08-29 17:01:16,713 [c104ec32-9aa5-499a-b97d-5e325c6a2558:group-9BDCFF004CDE:LeaderElection112] INFO  impl.RoleInfo (RoleInfo.java:shutdownLeaderElection(134)) - c104ec32-9aa5-499a-b97d-5e325c6a2558: shutdown LeaderElection
2019-08-29 17:01:16,714 [c104ec32-9aa5-499a-b97d-5e325c6a2558:group-9BDCFF004CDE:LeaderElection112] INFO  impl.RaftServerImpl (RaftServerImpl.java:setRole(171)) - c104ec32-9aa5-499a-b97d-5e325c6a2558:group-9BDCFF004CDE changes role from CANDIDATE to LEADER at term 1 for changeToLeader
2019-08-29 17:01:16,714 [c104ec32-9aa5-499a-b97d-5e325c6a2558:group-9BDCFF004CDE:LeaderElection112] INFO  impl.RaftServerImpl (ServerState.java:setLeader(263)) - c104ec32-9aa5-499a-b97d-5e325c6a2558:group-9BDCFF004CDE change Leader from null to c104ec32-9aa5-499a-b97d-5e325c6a2558 at term 1 for becomeLeader, leader elected after 5171ms
2019-08-29 17:01:16,714 [c104ec32-9aa5-499a-b97d-5e325c6a2558:group-9BDCFF004CDE:LeaderElection112] INFO  server.RaftServerConfigKeys (ConfUtils.java:logGet(43)) - raft.server.staging.catchup.gap = 1000 (default)
2019-08-29 17:01:16,714 [c104ec32-9aa5-499a-b97d-5e325c6a2558:group-9BDCFF004CDE:LeaderElection112] INFO  server.RaftServerConfigKeys (ConfUtils.java:logGet(43)) - raft.server.rpc.sleep.time = 25ms (default)
2019-08-29 17:01:16,714 [c104ec32-9aa5-499a-b97d-5e325c6a2558:group-9BDCFF004CDE:LeaderElection112] INFO  server.RaftServerConfigKeys (ConfUtils.java:logGet(43)) - raft.server.write.element-limit = 4096 (default)
2019-08-29 17:01:16,715 [c104ec32-9aa5-499a-b97d-5e325c6a2558:group-9BDCFF004CDE:LeaderElection112] INFO  server.RaftServerConfigKeys (ConfUtils.java:logGet(43)) - raft.server.watch.timeout = 10s (default)
2019-08-29 17:01:16,715 [c104ec32-9aa5-499a-b97d-5e325c6a2558:group-9BDCFF004CDE:LeaderElection112] INFO  server.RaftServerConfigKeys (ConfUtils.java:logGet(43)) - raft.server.watch.timeout.denomination = 1s (default)
2019-08-29 17:01:16,715 [c104ec32-9aa5-499a-b97d-5e325c6a2558:group-9BDCFF004CDE:LeaderElection112] INFO  server.RaftServerConfigKeys (ConfUtils.java:logGet(43)) - raft.server.watch.element-limit = 65536 (default)
2019-08-29 17:01:16,715 [c104ec32-9aa5-499a-b97d-5e325c6a2558:group-9BDCFF004CDE:LeaderElection112] INFO  server.RaftServerConfigKeys (ConfUtils.java:logGet(43)) - raft.server.log.appender.snapshot.chunk.size.max = 16MB (=16777216) (default)
2019-08-29 17:01:16,715 [c104ec32-9aa5-499a-b97d-5e325c6a2558:group-9BDCFF004CDE:LeaderElection112] INFO  server.RaftServerConfigKeys (ConfUtils.java:logGet(43)) - raft.server.log.appender.buffer.byte-limit = 33554432 (custom)
2019-08-29 17:01:16,716 [c104ec32-9aa5-499a-b97d-5e325c6a2558:group-9BDCFF004CDE:LeaderElection112] INFO  server.RaftServerConfigKeys (ConfUtils.java:logGet(43)) - raft.server.log.appender.buffer.element-limit = 1 (custom)
2019-08-29 17:01:16,716 [c104ec32-9aa5-499a-b97d-5e325c6a2558:group-9BDCFF004CDE:LeaderElection112] INFO  grpc.GrpcConfigKeys$Server (ConfUtils.java:logGet(43)) - raft.grpc.server.leader.outstanding.appends.max = 128 (default)
2019-08-29 17:01:16,716 [c104ec32-9aa5-499a-b97d-5e325c6a2558:group-9BDCFF004CDE:LeaderElection112] INFO  server.RaftServerConfigKeys (ConfUtils.java:logGet(43)) - raft.server.rpc.request.timeout = 3000ms (default)
2019-08-29 17:01:16,716 [c104ec32-9aa5-499a-b97d-5e325c6a2558:group-9BDCFF004CDE:LeaderElection112] INFO  server.RaftServerConfigKeys (ConfUtils.java:logGet(43)) - raft.server.log.appender.install.snapshot.enabled = false (custom)
2019-08-29 17:01:16,717 [c104ec32-9aa5-499a-b97d-5e325c6a2558:group-9BDCFF004CDE:LeaderElection112] INFO  server.RaftServerConfigKeys (ConfUtils.java:logGet(43)) - raft.server.log.appender.snapshot.chunk.size.max = 16MB (=16777216) (default)
2019-08-29 17:01:16,717 [c104ec32-9aa5-499a-b97d-5e325c6a2558:group-9BDCFF004CDE:LeaderElection112] INFO  server.RaftServerConfigKeys (ConfUtils.java:logGet(43)) - raft.server.log.appender.buffer.byte-limit = 33554432 (custom)
2019-08-29 17:01:16,717 [c104ec32-9aa5-499a-b97d-5e325c6a2558:group-9BDCFF004CDE:LeaderElection112] INFO  server.RaftServerConfigKeys (ConfUtils.java:logGet(43)) - raft.server.log.appender.buffer.element-limit = 1 (custom)
2019-08-29 17:01:16,717 [c104ec32-9aa5-499a-b97d-5e325c6a2558:group-9BDCFF004CDE:LeaderElection112] INFO  grpc.GrpcConfigKeys$Server (ConfUtils.java:logGet(43)) - raft.grpc.server.leader.outstanding.appends.max = 128 (default)
2019-08-29 17:01:16,717 [c104ec32-9aa5-499a-b97d-5e325c6a2558:group-9BDCFF004CDE:LeaderElection112] INFO  server.RaftServerConfigKeys (ConfUtils.java:logGet(43)) - raft.server.rpc.request.timeout = 3000ms (default)
2019-08-29 17:01:16,718 [c104ec32-9aa5-499a-b97d-5e325c6a2558:group-9BDCFF004CDE:LeaderElection112] INFO  server.RaftServerConfigKeys (ConfUtils.java:logGet(43)) - raft.server.log.appender.install.snapshot.enabled = false (custom)
2019-08-29 17:01:16,718 [c104ec32-9aa5-499a-b97d-5e325c6a2558:group-9BDCFF004CDE:LeaderElection112] INFO  impl.RoleInfo (RoleInfo.java:updateAndGet(143)) - c104ec32-9aa5-499a-b97d-5e325c6a2558: start LeaderState
2019-08-29 17:01:16,718 [c104ec32-9aa5-499a-b97d-5e325c6a2558:group-9BDCFF004CDE:LeaderElection112] INFO  segmented.SegmentedRaftLogWorker (SegmentedRaftLogWorker.java:startLogSegment(380)) - c104ec32-9aa5-499a-b97d-5e325c6a2558-SegmentedRaftLogWorker:Storage Directory /workdir/hadoop-ozone/integration-test/target/test-dir/MiniOzoneClusterImpl-6f429aea-cb1e-4c0a-a3f8-3b3e3b27620e/datanode-0/data/ratis/65eaa4f8-6b40-430d-9200-9bdcff004cde: Starting segment from index:0
2019-08-29 17:01:16,719 [c104ec32-9aa5-499a-b97d-5e325c6a2558:group-9BDCFF004CDE:LeaderElection112] INFO  impl.RaftServerImpl (ServerState.java:setRaftConf(361)) - c104ec32-9aa5-499a-b97d-5e325c6a2558:group-9BDCFF004CDE set configuration 0: [c104ec32-9aa5-499a-b97d-5e325c6a2558:192.168.69.102:38839, 530fff1b-0ce4-48db-9d30-11baf1ff95d0:192.168.69.102:46165, 02047d3a-8f07-43a6-aa09-0e15bab56fb4:192.168.69.102:36734], old=null at 0
2019-08-29 17:01:16,721 [grpc-default-executor-9] INFO  impl.RaftServerImpl (ServerState.java:setLeader(263)) - 530fff1b-0ce4-48db-9d30-11baf1ff95d0:group-9BDCFF004CDE change Leader from null to c104ec32-9aa5-499a-b97d-5e325c6a2558 at term 1 for appendEntries, leader elected after 5178ms
2019-08-29 17:01:16,721 [grpc-default-executor-10] INFO  impl.RaftServerImpl (ServerState.java:setLeader(263)) - 02047d3a-8f07-43a6-aa09-0e15bab56fb4:group-9BDCFF004CDE change Leader from null to c104ec32-9aa5-499a-b97d-5e325c6a2558 at term 1 for appendEntries, leader elected after 5178ms
2019-08-29 17:01:16,722 | INFO  | SCMAudit | user=jenkins1000 | ip=192.168.69.102 | op=SEND_HEARTBEAT {datanodeUUID=13cf937c-1041-4481-925d-65640af47ca7, command=[]} | ret=SUCCESS |  
2019-08-29 17:01:16,759 [Thread-4975] INFO  impl.FollowerState (FollowerState.java:run(106)) - c587acdf-dbe2-410c-8061-3cebf3038fed:group-0186FD349C9D changes to CANDIDATE, lastRpcTime:5011, electionTimeout:5011ms
2019-08-29 17:01:16,760 [Thread-4975] INFO  impl.RoleInfo (RoleInfo.java:shutdownFollowerState(121)) - c587acdf-dbe2-410c-8061-3cebf3038fed: shutdown FollowerState
2019-08-29 17:01:16,762 [Thread-4975] INFO  impl.RaftServerImpl (RaftServerImpl.java:setRole(171)) - c587acdf-dbe2-410c-8061-3cebf3038fed:group-0186FD349C9D changes role from FOLLOWER to CANDIDATE at term 0 for changeToCandidate
2019-08-29 17:01:16,762 [Thread-4975] INFO  impl.RoleInfo (RoleInfo.java:updateAndGet(143)) - c587acdf-dbe2-410c-8061-3cebf3038fed: start LeaderElection
2019-08-29 17:01:16,770 [grpc-default-executor-9] INFO  impl.RaftServerImpl (ServerState.java:setRaftConf(361)) - 02047d3a-8f07-43a6-aa09-0e15bab56fb4:group-9BDCFF004CDE set configuration 0: [c104ec32-9aa5-499a-b97d-5e325c6a2558:192.168.69.102:38839, 530fff1b-0ce4-48db-9d30-11baf1ff95d0:192.168.69.102:46165, 02047d3a-8f07-43a6-aa09-0e15bab56fb4:192.168.69.102:36734], old=null at 0
2019-08-29 17:01:16,770 [grpc-default-executor-10] INFO  impl.RaftServerImpl (ServerState.java:setRaftConf(361)) - 530fff1b-0ce4-48db-9d30-11baf1ff95d0:group-9BDCFF004CDE set configuration 0: [c104ec32-9aa5-499a-b97d-5e325c6a2558:192.168.69.102:38839, 530fff1b-0ce4-48db-9d30-11baf1ff95d0:192.168.69.102:46165, 02047d3a-8f07-43a6-aa09-0e15bab56fb4:192.168.69.102:36734], old=null at 0
2019-08-29 17:01:16,771 [grpc-default-executor-9] INFO  segmented.SegmentedRaftLogWorker (SegmentedRaftLogWorker.java:startLogSegment(380)) - 02047d3a-8f07-43a6-aa09-0e15bab56fb4-SegmentedRaftLogWorker:Storage Directory /workdir/hadoop-ozone/integration-test/target/test-dir/MiniOzoneClusterImpl-6f429aea-cb1e-4c0a-a3f8-3b3e3b27620e/datanode-2/data/ratis/65eaa4f8-6b40-430d-9200-9bdcff004cde: Starting segment from index:0
2019-08-29 17:01:16,771 [grpc-default-executor-10] INFO  segmented.SegmentedRaftLogWorker (SegmentedRaftLogWorker.java:startLogSegment(380)) - 530fff1b-0ce4-48db-9d30-11baf1ff95d0-SegmentedRaftLogWorker:Storage Directory /workdir/hadoop-ozone/integration-test/target/test-dir/MiniOzoneClusterImpl-6f429aea-cb1e-4c0a-a3f8-3b3e3b27620e/datanode-1/data/ratis/65eaa4f8-6b40-430d-9200-9bdcff004cde: Starting segment from index:0
2019-08-29 17:01:16,776 [Thread-4972] INFO  impl.FollowerState (FollowerState.java:run(106)) - 3acd8f8c-e91c-4578-a55f-526981cf687c:group-6B5CB8CAC6D7 changes to CANDIDATE, lastRpcTime:5092, electionTimeout:5092ms
2019-08-29 17:01:16,776 [Thread-4972] INFO  impl.RoleInfo (RoleInfo.java:shutdownFollowerState(121)) - 3acd8f8c-e91c-4578-a55f-526981cf687c: shutdown FollowerState
2019-08-29 17:01:16,776 [Thread-4972] INFO  impl.RaftServerImpl (RaftServerImpl.java:setRole(171)) - 3acd8f8c-e91c-4578-a55f-526981cf687c:group-6B5CB8CAC6D7 changes role from FOLLOWER to CANDIDATE at term 0 for changeToCandidate
2019-08-29 17:01:16,776 [Thread-4972] INFO  impl.RoleInfo (RoleInfo.java:updateAndGet(143)) - 3acd8f8c-e91c-4578-a55f-526981cf687c: start LeaderElection
2019-08-29 17:01:16,782 [c104ec32-9aa5-499a-b97d-5e325c6a2558-SegmentedRaftLogWorker:Storage Directory /workdir/hadoop-ozone/integration-test/target/test-dir/MiniOzoneClusterImpl-6f429aea-cb1e-4c0a-a3f8-3b3e3b27620e/datanode-0/data/ratis/65eaa4f8-6b40-430d-9200-9bdcff004cde] INFO  segmented.SegmentedRaftLogWorker (SegmentedRaftLogWorker.java:execute(569)) - c104ec32-9aa5-499a-b97d-5e325c6a2558-SegmentedRaftLogWorker:Storage Directory /workdir/hadoop-ozone/integration-test/target/test-dir/MiniOzoneClusterImpl-6f429aea-cb1e-4c0a-a3f8-3b3e3b27620e/datanode-0/data/ratis/65eaa4f8-6b40-430d-9200-9bdcff004cde: created new log segment /workdir/hadoop-ozone/integration-test/target/test-dir/MiniOzoneClusterImpl-6f429aea-cb1e-4c0a-a3f8-3b3e3b27620e/datanode-0/data/ratis/65eaa4f8-6b40-430d-9200-9bdcff004cde/current/log_inprogress_0
2019-08-29 17:01:16,783 [c587acdf-dbe2-410c-8061-3cebf3038fed:group-0186FD349C9D:LeaderElection113] INFO  impl.LeaderElection (LeaderElection.java:askForVotes(181)) - c587acdf-dbe2-410c-8061-3cebf3038fed:group-0186FD349C9D:LeaderElection113: begin an election at term 1 for -1: [c587acdf-dbe2-410c-8061-3cebf3038fed:192.168.69.102:36933], old=null
2019-08-29 17:01:16,783 [c587acdf-dbe2-410c-8061-3cebf3038fed:group-0186FD349C9D:LeaderElection113] INFO  impl.RoleInfo (RoleInfo.java:shutdownLeaderElection(134)) - c587acdf-dbe2-410c-8061-3cebf3038fed: shutdown LeaderElection
2019-08-29 17:01:16,783 [c587acdf-dbe2-410c-8061-3cebf3038fed:group-0186FD349C9D:LeaderElection113] INFO  impl.RaftServerImpl (RaftServerImpl.java:setRole(171)) - c587acdf-dbe2-410c-8061-3cebf3038fed:group-0186FD349C9D changes role from CANDIDATE to LEADER at term 1 for changeToLeader
2019-08-29 17:01:16,783 [c587acdf-dbe2-410c-8061-3cebf3038fed:group-0186FD349C9D:LeaderElection113] INFO  impl.RaftServerImpl (ServerState.java:setLeader(263)) - c587acdf-dbe2-410c-8061-3cebf3038fed:group-0186FD349C9D change Leader from null to c587acdf-dbe2-410c-8061-3cebf3038fed at term 1 for becomeLeader, leader elected after 5039ms
2019-08-29 17:01:16,783 [c587acdf-dbe2-410c-8061-3cebf3038fed:group-0186FD349C9D:LeaderElection113] INFO  server.RaftServerConfigKeys (ConfUtils.java:logGet(43)) - raft.server.staging.catchup.gap = 1000 (default)
2019-08-29 17:01:16,783 [c587acdf-dbe2-410c-8061-3cebf3038fed:group-0186FD349C9D:LeaderElection113] INFO  server.RaftServerConfigKeys (ConfUtils.java:logGet(43)) - raft.server.rpc.sleep.time = 25ms (default)
2019-08-29 17:01:16,784 [c587acdf-dbe2-410c-8061-3cebf3038fed:group-0186FD349C9D:LeaderElection113] INFO  server.RaftServerConfigKeys (ConfUtils.java:logGet(43)) - raft.server.write.element-limit = 4096 (default)
2019-08-29 17:01:16,784 [c587acdf-dbe2-410c-8061-3cebf3038fed:group-0186FD349C9D:LeaderElection113] INFO  server.RaftServerConfigKeys (ConfUtils.java:logGet(43)) - raft.server.watch.timeout = 10s (default)
2019-08-29 17:01:16,784 [c587acdf-dbe2-410c-8061-3cebf3038fed:group-0186FD349C9D:LeaderElection113] INFO  server.RaftServerConfigKeys (ConfUtils.java:logGet(43)) - raft.server.watch.timeout.denomination = 1s (default)
2019-08-29 17:01:16,784 [c587acdf-dbe2-410c-8061-3cebf3038fed:group-0186FD349C9D:LeaderElection113] INFO  server.RaftServerConfigKeys (ConfUtils.java:logGet(43)) - raft.server.watch.element-limit = 65536 (default)
2019-08-29 17:01:16,784 [c587acdf-dbe2-410c-8061-3cebf3038fed:group-0186FD349C9D:LeaderElection113] INFO  impl.RoleInfo (RoleInfo.java:updateAndGet(143)) - c587acdf-dbe2-410c-8061-3cebf3038fed: start LeaderState
2019-08-29 17:01:16,785 [c587acdf-dbe2-410c-8061-3cebf3038fed:group-0186FD349C9D:LeaderElection113] INFO  segmented.SegmentedRaftLogWorker (SegmentedRaftLogWorker.java:startLogSegment(380)) - c587acdf-dbe2-410c-8061-3cebf3038fed-SegmentedRaftLogWorker:Storage Directory /workdir/hadoop-ozone/integration-test/target/test-dir/MiniOzoneClusterImpl-6f429aea-cb1e-4c0a-a3f8-3b3e3b27620e/datanode-5/data/ratis/c17d03fd-a2ba-4dac-99ff-0186fd349c9d: Starting segment from index:0
2019-08-29 17:01:16,785 [c587acdf-dbe2-410c-8061-3cebf3038fed:group-0186FD349C9D:LeaderElection113] INFO  impl.RaftServerImpl (ServerState.java:setRaftConf(361)) - c587acdf-dbe2-410c-8061-3cebf3038fed:group-0186FD349C9D set configuration 0: [c587acdf-dbe2-410c-8061-3cebf3038fed:192.168.69.102:36933], old=null at 0
2019-08-29 17:01:16,798 [3acd8f8c-e91c-4578-a55f-526981cf687c:group-6B5CB8CAC6D7:LeaderElection114] INFO  impl.LeaderElection (LeaderElection.java:askForVotes(181)) - 3acd8f8c-e91c-4578-a55f-526981cf687c:group-6B5CB8CAC6D7:LeaderElection114: begin an election at term 1 for -1: [3acd8f8c-e91c-4578-a55f-526981cf687c:192.168.69.102:43809], old=null
2019-08-29 17:01:16,798 [3acd8f8c-e91c-4578-a55f-526981cf687c:group-6B5CB8CAC6D7:LeaderElection114] INFO  impl.RoleInfo (RoleInfo.java:shutdownLeaderElection(134)) - 3acd8f8c-e91c-4578-a55f-526981cf687c: shutdown LeaderElection
2019-08-29 17:01:16,798 [3acd8f8c-e91c-4578-a55f-526981cf687c:group-6B5CB8CAC6D7:LeaderElection114] INFO  impl.RaftServerImpl (RaftServerImpl.java:setRole(171)) - 3acd8f8c-e91c-4578-a55f-526981cf687c:group-6B5CB8CAC6D7 changes role from CANDIDATE to LEADER at term 1 for changeToLeader
2019-08-29 17:01:16,798 [3acd8f8c-e91c-4578-a55f-526981cf687c:group-6B5CB8CAC6D7:LeaderElection114] INFO  impl.RaftServerImpl (ServerState.java:setLeader(263)) - 3acd8f8c-e91c-4578-a55f-526981cf687c:group-6B5CB8CAC6D7 change Leader from null to 3acd8f8c-e91c-4578-a55f-526981cf687c at term 1 for becomeLeader, leader elected after 5119ms
2019-08-29 17:01:16,798 [3acd8f8c-e91c-4578-a55f-526981cf687c:group-6B5CB8CAC6D7:LeaderElection114] INFO  server.RaftServerConfigKeys (ConfUtils.java:logGet(43)) - raft.server.staging.catchup.gap = 1000 (default)
2019-08-29 17:01:16,799 [3acd8f8c-e91c-4578-a55f-526981cf687c:group-6B5CB8CAC6D7:LeaderElection114] INFO  server.RaftServerConfigKeys (ConfUtils.java:logGet(43)) - raft.server.rpc.sleep.time = 25ms (default)
2019-08-29 17:01:16,799 [3acd8f8c-e91c-4578-a55f-526981cf687c:group-6B5CB8CAC6D7:LeaderElection114] INFO  server.RaftServerConfigKeys (ConfUtils.java:logGet(43)) - raft.server.write.element-limit = 4096 (default)
2019-08-29 17:01:16,799 [3acd8f8c-e91c-4578-a55f-526981cf687c:group-6B5CB8CAC6D7:LeaderElection114] INFO  server.RaftServerConfigKeys (ConfUtils.java:logGet(43)) - raft.server.watch.timeout = 10s (default)
2019-08-29 17:01:16,799 [3acd8f8c-e91c-4578-a55f-526981cf687c:group-6B5CB8CAC6D7:LeaderElection114] INFO  server.RaftServerConfigKeys (ConfUtils.java:logGet(43)) - raft.server.watch.timeout.denomination = 1s (default)
2019-08-29 17:01:16,799 [3acd8f8c-e91c-4578-a55f-526981cf687c:group-6B5CB8CAC6D7:LeaderElection114] INFO  server.RaftServerConfigKeys (ConfUtils.java:logGet(43)) - raft.server.watch.element-limit = 65536 (default)
2019-08-29 17:01:16,799 [3acd8f8c-e91c-4578-a55f-526981cf687c:group-6B5CB8CAC6D7:LeaderElection114] INFO  impl.RoleInfo (RoleInfo.java:updateAndGet(143)) - 3acd8f8c-e91c-4578-a55f-526981cf687c: start LeaderState
2019-08-29 17:01:16,800 [3acd8f8c-e91c-4578-a55f-526981cf687c:group-6B5CB8CAC6D7:LeaderElection114] INFO  segmented.SegmentedRaftLogWorker (SegmentedRaftLogWorker.java:startLogSegment(380)) - 3acd8f8c-e91c-4578-a55f-526981cf687c-SegmentedRaftLogWorker:Storage Directory /workdir/hadoop-ozone/integration-test/target/test-dir/MiniOzoneClusterImpl-6f429aea-cb1e-4c0a-a3f8-3b3e3b27620e/datanode-4/data/ratis/b84f28ac-4bbf-4537-9cb3-6b5cb8cac6d7: Starting segment from index:0
2019-08-29 17:01:16,800 [3acd8f8c-e91c-4578-a55f-526981cf687c:group-6B5CB8CAC6D7:LeaderElection114] INFO  impl.RaftServerImpl (ServerState.java:setRaftConf(361)) - 3acd8f8c-e91c-4578-a55f-526981cf687c:group-6B5CB8CAC6D7 set configuration 0: [3acd8f8c-e91c-4578-a55f-526981cf687c:192.168.69.102:43809], old=null at 0
2019-08-29 17:01:16,812 [Thread-4969] INFO  impl.FollowerState (FollowerState.java:run(106)) - 1b5bd387-da24-4a75-a3b9-46e545344a1a:group-7EB258EABF4D changes to CANDIDATE, lastRpcTime:5195, electionTimeout:5195ms
2019-08-29 17:01:16,812 [Thread-4969] INFO  impl.RoleInfo (RoleInfo.java:shutdownFollowerState(121)) - 1b5bd387-da24-4a75-a3b9-46e545344a1a: shutdown FollowerState
2019-08-29 17:01:16,812 [Thread-4969] INFO  impl.RaftServerImpl (RaftServerImpl.java:setRole(171)) - 1b5bd387-da24-4a75-a3b9-46e545344a1a:group-7EB258EABF4D changes role from FOLLOWER to CANDIDATE at term 0 for changeToCandidate
2019-08-29 17:01:16,812 [Thread-4969] INFO  impl.RoleInfo (RoleInfo.java:updateAndGet(143)) - 1b5bd387-da24-4a75-a3b9-46e545344a1a: start LeaderElection
2019-08-29 17:01:16,851 [grpc-default-executor-10] INFO  client.GrpcClientProtocolClient (GrpcClientProtocolClient.java:onNext(255)) - client-48C54AE2102E->530fff1b-0ce4-48db-9d30-11baf1ff95d0: receive RaftClientReply:client-48C54AE2102E->530fff1b-0ce4-48db-9d30-11baf1ff95d0@group-9BDCFF004CDE, cid=267, FAILED org.apache.ratis.protocol.NotLeaderException: Server 530fff1b-0ce4-48db-9d30-11baf1ff95d0 is not the leader (c104ec32-9aa5-499a-b97d-5e325c6a2558:192.168.69.102:38839). Request must be sent to leader., logIndex=0, commits[530fff1b-0ce4-48db-9d30-11baf1ff95d0:c-1, c104ec32-9aa5-499a-b97d-5e325c6a2558:c-1, 02047d3a-8f07-43a6-aa09-0e15bab56fb4:c-1]
2019-08-29 17:01:16,912 [Thread-4981] INFO  impl.FollowerState (FollowerState.java:run(106)) - c587acdf-dbe2-410c-8061-3cebf3038fed:group-628DD217A515 changes to CANDIDATE, lastRpcTime:5033, electionTimeout:5033ms
2019-08-29 17:01:16,912 [Thread-4981] INFO  impl.RoleInfo (RoleInfo.java:shutdownFollowerState(121)) - c587acdf-dbe2-410c-8061-3cebf3038fed: shutdown FollowerState
2019-08-29 17:01:16,912 [Thread-4981] INFO  impl.RaftServerImpl (RaftServerImpl.java:setRole(171)) - c587acdf-dbe2-410c-8061-3cebf3038fed:group-628DD217A515 changes role from FOLLOWER to CANDIDATE at term 0 for changeToCandidate
2019-08-29 17:01:16,912 [Thread-4981] INFO  impl.RoleInfo (RoleInfo.java:updateAndGet(143)) - c587acdf-dbe2-410c-8061-3cebf3038fed: start LeaderElection
2019-08-29 17:01:16,920 [c587acdf-dbe2-410c-8061-3cebf3038fed-SegmentedRaftLogWorker:Storage Directory /workdir/hadoop-ozone/integration-test/target/test-dir/MiniOzoneClusterImpl-6f429aea-cb1e-4c0a-a3f8-3b3e3b27620e/datanode-5/data/ratis/c17d03fd-a2ba-4dac-99ff-0186fd349c9d] INFO  segmented.SegmentedRaftLogWorker (SegmentedRaftLogWorker.java:execute(569)) - c587acdf-dbe2-410c-8061-3cebf3038fed-SegmentedRaftLogWorker:Storage Directory /workdir/hadoop-ozone/integration-test/target/test-dir/MiniOzoneClusterImpl-6f429aea-cb1e-4c0a-a3f8-3b3e3b27620e/datanode-5/data/ratis/c17d03fd-a2ba-4dac-99ff-0186fd349c9d: created new log segment /workdir/hadoop-ozone/integration-test/target/test-dir/MiniOzoneClusterImpl-6f429aea-cb1e-4c0a-a3f8-3b3e3b27620e/datanode-5/data/ratis/c17d03fd-a2ba-4dac-99ff-0186fd349c9d/current/log_inprogress_0
2019-08-29 17:01:16,920 [530fff1b-0ce4-48db-9d30-11baf1ff95d0-SegmentedRaftLogWorker:Storage Directory /workdir/hadoop-ozone/integration-test/target/test-dir/MiniOzoneClusterImpl-6f429aea-cb1e-4c0a-a3f8-3b3e3b27620e/datanode-1/data/ratis/65eaa4f8-6b40-430d-9200-9bdcff004cde] INFO  segmented.SegmentedRaftLogWorker (SegmentedRaftLogWorker.java:execute(569)) - 530fff1b-0ce4-48db-9d30-11baf1ff95d0-SegmentedRaftLogWorker:Storage Directory /workdir/hadoop-ozone/integration-test/target/test-dir/MiniOzoneClusterImpl-6f429aea-cb1e-4c0a-a3f8-3b3e3b27620e/datanode-1/data/ratis/65eaa4f8-6b40-430d-9200-9bdcff004cde: created new log segment /workdir/hadoop-ozone/integration-test/target/test-dir/MiniOzoneClusterImpl-6f429aea-cb1e-4c0a-a3f8-3b3e3b27620e/datanode-1/data/ratis/65eaa4f8-6b40-430d-9200-9bdcff004cde/current/log_inprogress_0
2019-08-29 17:01:16,920 [3acd8f8c-e91c-4578-a55f-526981cf687c-SegmentedRaftLogWorker:Storage Directory /workdir/hadoop-ozone/integration-test/target/test-dir/MiniOzoneClusterImpl-6f429aea-cb1e-4c0a-a3f8-3b3e3b27620e/datanode-4/data/ratis/b84f28ac-4bbf-4537-9cb3-6b5cb8cac6d7] INFO  segmented.SegmentedRaftLogWorker (SegmentedRaftLogWorker.java:execute(569)) - 3acd8f8c-e91c-4578-a55f-526981cf687c-SegmentedRaftLogWorker:Storage Directory /workdir/hadoop-ozone/integration-test/target/test-dir/MiniOzoneClusterImpl-6f429aea-cb1e-4c0a-a3f8-3b3e3b27620e/datanode-4/data/ratis/b84f28ac-4bbf-4537-9cb3-6b5cb8cac6d7: created new log segment /workdir/hadoop-ozone/integration-test/target/test-dir/MiniOzoneClusterImpl-6f429aea-cb1e-4c0a-a3f8-3b3e3b27620e/datanode-4/data/ratis/b84f28ac-4bbf-4537-9cb3-6b5cb8cac6d7/current/log_inprogress_0
2019-08-29 17:01:16,920 [1b5bd387-da24-4a75-a3b9-46e545344a1a:group-7EB258EABF4D:LeaderElection115] INFO  impl.LeaderElection (LeaderElection.java:askForVotes(181)) - 1b5bd387-da24-4a75-a3b9-46e545344a1a:group-7EB258EABF4D:LeaderElection115: begin an election at term 1 for -1: [1b5bd387-da24-4a75-a3b9-46e545344a1a:192.168.69.102:36560], old=null
2019-08-29 17:01:16,920 [02047d3a-8f07-43a6-aa09-0e15bab56fb4-SegmentedRaftLogWorker:Storage Directory /workdir/hadoop-ozone/integration-test/target/test-dir/MiniOzoneClusterImpl-6f429aea-cb1e-4c0a-a3f8-3b3e3b27620e/datanode-2/data/ratis/65eaa4f8-6b40-430d-9200-9bdcff004cde] INFO  segmented.SegmentedRaftLogWorker (SegmentedRaftLogWorker.java:execute(569)) - 02047d3a-8f07-43a6-aa09-0e15bab56fb4-SegmentedRaftLogWorker:Storage Directory /workdir/hadoop-ozone/integration-test/target/test-dir/MiniOzoneClusterImpl-6f429aea-cb1e-4c0a-a3f8-3b3e3b27620e/datanode-2/data/ratis/65eaa4f8-6b40-430d-9200-9bdcff004cde: created new log segment /workdir/hadoop-ozone/integration-test/target/test-dir/MiniOzoneClusterImpl-6f429aea-cb1e-4c0a-a3f8-3b3e3b27620e/datanode-2/data/ratis/65eaa4f8-6b40-430d-9200-9bdcff004cde/current/log_inprogress_0
2019-08-29 17:01:16,921 [1b5bd387-da24-4a75-a3b9-46e545344a1a:group-7EB258EABF4D:LeaderElection115] INFO  impl.RoleInfo (RoleInfo.java:shutdownLeaderElection(134)) - 1b5bd387-da24-4a75-a3b9-46e545344a1a: shutdown LeaderElection
2019-08-29 17:01:16,921 [1b5bd387-da24-4a75-a3b9-46e545344a1a:group-7EB258EABF4D:LeaderElection115] INFO  impl.RaftServerImpl (RaftServerImpl.java:setRole(171)) - 1b5bd387-da24-4a75-a3b9-46e545344a1a:group-7EB258EABF4D changes role from CANDIDATE to LEADER at term 1 for changeToLeader
2019-08-29 17:01:16,921 [1b5bd387-da24-4a75-a3b9-46e545344a1a:group-7EB258EABF4D:LeaderElection115] INFO  impl.RaftServerImpl (ServerState.java:setLeader(263)) - 1b5bd387-da24-4a75-a3b9-46e545344a1a:group-7EB258EABF4D change Leader from null to 1b5bd387-da24-4a75-a3b9-46e545344a1a at term 1 for becomeLeader, leader elected after 5308ms
2019-08-29 17:01:16,922 [1b5bd387-da24-4a75-a3b9-46e545344a1a:group-7EB258EABF4D:LeaderElection115] INFO  server.RaftServerConfigKeys (ConfUtils.java:logGet(43)) - raft.server.staging.catchup.gap = 1000 (default)
2019-08-29 17:01:16,922 [1b5bd387-da24-4a75-a3b9-46e545344a1a:group-7EB258EABF4D:LeaderElection115] INFO  server.RaftServerConfigKeys (ConfUtils.java:logGet(43)) - raft.server.rpc.sleep.time = 25ms (default)
2019-08-29 17:01:16,922 [1b5bd387-da24-4a75-a3b9-46e545344a1a:group-7EB258EABF4D:LeaderElection115] INFO  server.RaftServerConfigKeys (ConfUtils.java:logGet(43)) - raft.server.write.element-limit = 4096 (default)
2019-08-29 17:01:16,922 [1b5bd387-da24-4a75-a3b9-46e545344a1a:group-7EB258EABF4D:LeaderElection115] INFO  server.RaftServerConfigKeys (ConfUtils.java:logGet(43)) - raft.server.watch.timeout = 10s (default)
2019-08-29 17:01:16,922 [1b5bd387-da24-4a75-a3b9-46e545344a1a:group-7EB258EABF4D:LeaderElection115] INFO  server.RaftServerConfigKeys (ConfUtils.java:logGet(43)) - raft.server.watch.timeout.denomination = 1s (default)
2019-08-29 17:01:16,923 [1b5bd387-da24-4a75-a3b9-46e545344a1a:group-7EB258EABF4D:LeaderElection115] INFO  server.RaftServerConfigKeys (ConfUtils.java:logGet(43)) - raft.server.watch.element-limit = 65536 (default)
2019-08-29 17:01:16,923 [1b5bd387-da24-4a75-a3b9-46e545344a1a:group-7EB258EABF4D:LeaderElection115] INFO  impl.RoleInfo (RoleInfo.java:updateAndGet(143)) - 1b5bd387-da24-4a75-a3b9-46e545344a1a: start LeaderState
2019-08-29 17:01:16,923 [1b5bd387-da24-4a75-a3b9-46e545344a1a:group-7EB258EABF4D:LeaderElection115] INFO  segmented.SegmentedRaftLogWorker (SegmentedRaftLogWorker.java:startLogSegment(380)) - 1b5bd387-da24-4a75-a3b9-46e545344a1a-SegmentedRaftLogWorker:Storage Directory /workdir/hadoop-ozone/integration-test/target/test-dir/MiniOzoneClusterImpl-6f429aea-cb1e-4c0a-a3f8-3b3e3b27620e/datanode-3/data/ratis/05b6348c-f177-4ced-965c-7eb258eabf4d: Starting segment from index:0
2019-08-29 17:01:16,923 [1b5bd387-da24-4a75-a3b9-46e545344a1a:group-7EB258EABF4D:LeaderElection115] INFO  impl.RaftServerImpl (ServerState.java:setRaftConf(361)) - 1b5bd387-da24-4a75-a3b9-46e545344a1a:group-7EB258EABF4D set configuration 0: [1b5bd387-da24-4a75-a3b9-46e545344a1a:192.168.69.102:36560], old=null at 0
2019-08-29 17:01:16,939 [c587acdf-dbe2-410c-8061-3cebf3038fed:group-628DD217A515:LeaderElection116] INFO  impl.LeaderElection (LeaderElection.java:askForVotes(181)) - c587acdf-dbe2-410c-8061-3cebf3038fed:group-628DD217A515:LeaderElection116: begin an election at term 1 for -1: [3acd8f8c-e91c-4578-a55f-526981cf687c:192.168.69.102:43809, c587acdf-dbe2-410c-8061-3cebf3038fed:192.168.69.102:36933, 13cf937c-1041-4481-925d-65640af47ca7:192.168.69.102:45897], old=null
2019-08-29 17:01:16,962 [grpc-default-executor-10] INFO  impl.RaftServerImpl (RaftServerImpl.java:setRole(171)) - 3acd8f8c-e91c-4578-a55f-526981cf687c:group-628DD217A515 changes role from FOLLOWER to FOLLOWER at term 1 for recognizeCandidate:c587acdf-dbe2-410c-8061-3cebf3038fed
2019-08-29 17:01:16,962 [grpc-default-executor-9] INFO  impl.RaftServerImpl (RaftServerImpl.java:setRole(171)) - 13cf937c-1041-4481-925d-65640af47ca7:group-628DD217A515 changes role from FOLLOWER to FOLLOWER at term 1 for recognizeCandidate:c587acdf-dbe2-410c-8061-3cebf3038fed
2019-08-29 17:01:16,962 [grpc-default-executor-10] INFO  impl.RoleInfo (RoleInfo.java:shutdownFollowerState(121)) - 3acd8f8c-e91c-4578-a55f-526981cf687c: shutdown FollowerState
2019-08-29 17:01:16,962 [grpc-default-executor-9] INFO  impl.RoleInfo (RoleInfo.java:shutdownFollowerState(121)) - 13cf937c-1041-4481-925d-65640af47ca7: shutdown FollowerState
2019-08-29 17:01:16,962 [Thread-4986] INFO  impl.FollowerState (FollowerState.java:run(114)) - 3acd8f8c-e91c-4578-a55f-526981cf687c: FollowerState was interrupted: java.lang.InterruptedException: sleep interrupted
2019-08-29 17:01:16,962 [grpc-default-executor-10] INFO  impl.RoleInfo (RoleInfo.java:updateAndGet(143)) - 3acd8f8c-e91c-4578-a55f-526981cf687c: start FollowerState
2019-08-29 17:01:16,962 [Thread-4985] INFO  impl.FollowerState (FollowerState.java:run(114)) - 13cf937c-1041-4481-925d-65640af47ca7: FollowerState was interrupted: java.lang.InterruptedException: sleep interrupted
2019-08-29 17:01:16,962 [grpc-default-executor-9] INFO  impl.RoleInfo (RoleInfo.java:updateAndGet(143)) - 13cf937c-1041-4481-925d-65640af47ca7: start FollowerState
2019-08-29 17:01:16,979 [1b5bd387-da24-4a75-a3b9-46e545344a1a-SegmentedRaftLogWorker:Storage Directory /workdir/hadoop-ozone/integration-test/target/test-dir/MiniOzoneClusterImpl-6f429aea-cb1e-4c0a-a3f8-3b3e3b27620e/datanode-3/data/ratis/05b6348c-f177-4ced-965c-7eb258eabf4d] INFO  segmented.SegmentedRaftLogWorker (SegmentedRaftLogWorker.java:execute(569)) - 1b5bd387-da24-4a75-a3b9-46e545344a1a-SegmentedRaftLogWorker:Storage Directory /workdir/hadoop-ozone/integration-test/target/test-dir/MiniOzoneClusterImpl-6f429aea-cb1e-4c0a-a3f8-3b3e3b27620e/datanode-3/data/ratis/05b6348c-f177-4ced-965c-7eb258eabf4d: created new log segment /workdir/hadoop-ozone/integration-test/target/test-dir/MiniOzoneClusterImpl-6f429aea-cb1e-4c0a-a3f8-3b3e3b27620e/datanode-3/data/ratis/05b6348c-f177-4ced-965c-7eb258eabf4d/current/log_inprogress_0
2019-08-29 17:01:17,008 [Thread-4978] INFO  impl.FollowerState (FollowerState.java:run(106)) - 13cf937c-1041-4481-925d-65640af47ca7:group-13CE415BC1A6 changes to CANDIDATE, lastRpcTime:5200, electionTimeout:5200ms
2019-08-29 17:01:17,008 [Thread-4978] INFO  impl.RoleInfo (RoleInfo.java:shutdownFollowerState(121)) - 13cf937c-1041-4481-925d-65640af47ca7: shutdown FollowerState
2019-08-29 17:01:17,008 [Thread-4978] INFO  impl.RaftServerImpl (RaftServerImpl.java:setRole(171)) - 13cf937c-1041-4481-925d-65640af47ca7:group-13CE415BC1A6 changes role from FOLLOWER to CANDIDATE at term 0 for changeToCandidate
2019-08-29 17:01:17,009 [Thread-4978] INFO  impl.RoleInfo (RoleInfo.java:updateAndGet(143)) - 13cf937c-1041-4481-925d-65640af47ca7: start LeaderElection
2019-08-29 17:01:17,064 [13cf937c-1041-4481-925d-65640af47ca7:group-13CE415BC1A6:LeaderElection117] INFO  impl.LeaderElection (LeaderElection.java:askForVotes(181)) - 13cf937c-1041-4481-925d-65640af47ca7:group-13CE415BC1A6:LeaderElection117: begin an election at term 1 for -1: [13cf937c-1041-4481-925d-65640af47ca7:192.168.69.102:45897], old=null
2019-08-29 17:01:17,065 [c587acdf-dbe2-410c-8061-3cebf3038fed:group-628DD217A515:LeaderElection116] INFO  impl.LeaderElection (LeaderElection.java:logAndReturn(56)) - c587acdf-dbe2-410c-8061-3cebf3038fed:group-628DD217A515:LeaderElection116: Election PASSED; received 1 response(s) [c587acdf-dbe2-410c-8061-3cebf3038fed<-3acd8f8c-e91c-4578-a55f-526981cf687c#0:OK-t1] and 0 exception(s); c587acdf-dbe2-410c-8061-3cebf3038fed:t1, leader=null, voted=c587acdf-dbe2-410c-8061-3cebf3038fed, raftlog=c587acdf-dbe2-410c-8061-3cebf3038fed-SegmentedRaftLog:OPENED:c-1,f-1,i0, conf=-1: [3acd8f8c-e91c-4578-a55f-526981cf687c:192.168.69.102:43809, c587acdf-dbe2-410c-8061-3cebf3038fed:192.168.69.102:36933, 13cf937c-1041-4481-925d-65640af47ca7:192.168.69.102:45897], old=null
2019-08-29 17:01:17,065 [13cf937c-1041-4481-925d-65640af47ca7:group-13CE415BC1A6:LeaderElection117] INFO  impl.RoleInfo (RoleInfo.java:shutdownLeaderElection(134)) - 13cf937c-1041-4481-925d-65640af47ca7: shutdown LeaderElection
2019-08-29 17:01:17,065 [c587acdf-dbe2-410c-8061-3cebf3038fed:group-628DD217A515:LeaderElection116] INFO  impl.RoleInfo (RoleInfo.java:shutdownLeaderElection(134)) - c587acdf-dbe2-410c-8061-3cebf3038fed: shutdown LeaderElection
2019-08-29 17:01:17,065 [13cf937c-1041-4481-925d-65640af47ca7:group-13CE415BC1A6:LeaderElection117] INFO  impl.RaftServerImpl (RaftServerImpl.java:setRole(171)) - 13cf937c-1041-4481-925d-65640af47ca7:group-13CE415BC1A6 changes role from CANDIDATE to LEADER at term 1 for changeToLeader
2019-08-29 17:01:17,065 [c587acdf-dbe2-410c-8061-3cebf3038fed:group-628DD217A515:LeaderElection116] INFO  impl.RaftServerImpl (RaftServerImpl.java:setRole(171)) - c587acdf-dbe2-410c-8061-3cebf3038fed:group-628DD217A515 changes role from CANDIDATE to LEADER at term 1 for changeToLeader
2019-08-29 17:01:17,065 [13cf937c-1041-4481-925d-65640af47ca7:group-13CE415BC1A6:LeaderElection117] INFO  impl.RaftServerImpl (ServerState.java:setLeader(263)) - 13cf937c-1041-4481-925d-65640af47ca7:group-13CE415BC1A6 change Leader from null to 13cf937c-1041-4481-925d-65640af47ca7 at term 1 for becomeLeader, leader elected after 5262ms
2019-08-29 17:01:17,065 [c587acdf-dbe2-410c-8061-3cebf3038fed:group-628DD217A515:LeaderElection116] INFO  impl.RaftServerImpl (ServerState.java:setLeader(263)) - c587acdf-dbe2-410c-8061-3cebf3038fed:group-628DD217A515 change Leader from null to c587acdf-dbe2-410c-8061-3cebf3038fed at term 1 for becomeLeader, leader elected after 5194ms
2019-08-29 17:01:17,066 [13cf937c-1041-4481-925d-65640af47ca7:group-13CE415BC1A6:LeaderElection117] INFO  server.RaftServerConfigKeys (ConfUtils.java:logGet(43)) - raft.server.staging.catchup.gap = 1000 (default)
2019-08-29 17:01:17,066 [c587acdf-dbe2-410c-8061-3cebf3038fed:group-628DD217A515:LeaderElection116] INFO  server.RaftServerConfigKeys (ConfUtils.java:logGet(43)) - raft.server.staging.catchup.gap = 1000 (default)
2019-08-29 17:01:17,066 [13cf937c-1041-4481-925d-65640af47ca7:group-13CE415BC1A6:LeaderElection117] INFO  server.RaftServerConfigKeys (ConfUtils.java:logGet(43)) - raft.server.rpc.sleep.time = 25ms (default)
2019-08-29 17:01:17,066 [c587acdf-dbe2-410c-8061-3cebf3038fed:group-628DD217A515:LeaderElection116] INFO  server.RaftServerConfigKeys (ConfUtils.java:logGet(43)) - raft.server.rpc.sleep.time = 25ms (default)
2019-08-29 17:01:17,066 [13cf937c-1041-4481-925d-65640af47ca7:group-13CE415BC1A6:LeaderElection117] INFO  server.RaftServerConfigKeys (ConfUtils.java:logGet(43)) - raft.server.write.element-limit = 4096 (default)
2019-08-29 17:01:17,066 [c587acdf-dbe2-410c-8061-3cebf3038fed:group-628DD217A515:LeaderElection116] INFO  server.RaftServerConfigKeys (ConfUtils.java:logGet(43)) - raft.server.write.element-limit = 4096 (default)
2019-08-29 17:01:17,066 [13cf937c-1041-4481-925d-65640af47ca7:group-13CE415BC1A6:LeaderElection117] INFO  server.RaftServerConfigKeys (ConfUtils.java:logGet(43)) - raft.server.watch.timeout = 10s (default)
2019-08-29 17:01:17,066 [c587acdf-dbe2-410c-8061-3cebf3038fed:group-628DD217A515:LeaderElection116] INFO  server.RaftServerConfigKeys (ConfUtils.java:logGet(43)) - raft.server.watch.timeout = 10s (default)
2019-08-29 17:01:17,067 [13cf937c-1041-4481-925d-65640af47ca7:group-13CE415BC1A6:LeaderElection117] INFO  server.RaftServerConfigKeys (ConfUtils.java:logGet(43)) - raft.server.watch.timeout.denomination = 1s (default)
2019-08-29 17:01:17,067 [c587acdf-dbe2-410c-8061-3cebf3038fed:group-628DD217A515:LeaderElection116] INFO  server.RaftServerConfigKeys (ConfUtils.java:logGet(43)) - raft.server.watch.timeout.denomination = 1s (default)
2019-08-29 17:01:17,067 [13cf937c-1041-4481-925d-65640af47ca7:group-13CE415BC1A6:LeaderElection117] INFO  server.RaftServerConfigKeys (ConfUtils.java:logGet(43)) - raft.server.watch.element-limit = 65536 (default)
2019-08-29 17:01:17,067 [c587acdf-dbe2-410c-8061-3cebf3038fed:group-628DD217A515:LeaderElection116] INFO  server.RaftServerConfigKeys (ConfUtils.java:logGet(43)) - raft.server.watch.element-limit = 65536 (default)
2019-08-29 17:01:17,067 [13cf937c-1041-4481-925d-65640af47ca7:group-13CE415BC1A6:LeaderElection117] INFO  impl.RoleInfo (RoleInfo.java:updateAndGet(143)) - 13cf937c-1041-4481-925d-65640af47ca7: start LeaderState
2019-08-29 17:01:17,067 [c587acdf-dbe2-410c-8061-3cebf3038fed:group-628DD217A515:LeaderElection116] INFO  server.RaftServerConfigKeys (ConfUtils.java:logGet(43)) - raft.server.log.appender.snapshot.chunk.size.max = 16MB (=16777216) (default)
2019-08-29 17:01:17,068 [13cf937c-1041-4481-925d-65640af47ca7:group-13CE415BC1A6:LeaderElection117] INFO  segmented.SegmentedRaftLogWorker (SegmentedRaftLogWorker.java:startLogSegment(380)) - 13cf937c-1041-4481-925d-65640af47ca7-SegmentedRaftLogWorker:Storage Directory /workdir/hadoop-ozone/integration-test/target/test-dir/MiniOzoneClusterImpl-6f429aea-cb1e-4c0a-a3f8-3b3e3b27620e/datanode-6/data/ratis/ffe2fa20-50c0-48d1-bc14-13ce415bc1a6: Starting segment from index:0
2019-08-29 17:01:17,068 [c587acdf-dbe2-410c-8061-3cebf3038fed:group-628DD217A515:LeaderElection116] INFO  server.RaftServerConfigKeys (ConfUtils.java:logGet(43)) - raft.server.log.appender.buffer.byte-limit = 33554432 (custom)
2019-08-29 17:01:17,068 [c587acdf-dbe2-410c-8061-3cebf3038fed:group-628DD217A515:LeaderElection116] INFO  server.RaftServerConfigKeys (ConfUtils.java:logGet(43)) - raft.server.log.appender.buffer.element-limit = 1 (custom)
2019-08-29 17:01:17,068 [13cf937c-1041-4481-925d-65640af47ca7:group-13CE415BC1A6:LeaderElection117] INFO  impl.RaftServerImpl (ServerState.java:setRaftConf(361)) - 13cf937c-1041-4481-925d-65640af47ca7:group-13CE415BC1A6 set configuration 0: [13cf937c-1041-4481-925d-65640af47ca7:192.168.69.102:45897], old=null at 0
2019-08-29 17:01:17,068 [c587acdf-dbe2-410c-8061-3cebf3038fed:group-628DD217A515:LeaderElection116] INFO  grpc.GrpcConfigKeys$Server (ConfUtils.java:logGet(43)) - raft.grpc.server.leader.outstanding.appends.max = 128 (default)
2019-08-29 17:01:17,069 [c587acdf-dbe2-410c-8061-3cebf3038fed:group-628DD217A515:LeaderElection116] INFO  server.RaftServerConfigKeys (ConfUtils.java:logGet(43)) - raft.server.rpc.request.timeout = 3000ms (default)
2019-08-29 17:01:17,069 [c587acdf-dbe2-410c-8061-3cebf3038fed:group-628DD217A515:LeaderElection116] INFO  server.RaftServerConfigKeys (ConfUtils.java:logGet(43)) - raft.server.log.appender.install.snapshot.enabled = false (custom)
2019-08-29 17:01:17,069 [c587acdf-dbe2-410c-8061-3cebf3038fed:group-628DD217A515:LeaderElection116] INFO  server.RaftServerConfigKeys (ConfUtils.java:logGet(43)) - raft.server.log.appender.snapshot.chunk.size.max = 16MB (=16777216) (default)
2019-08-29 17:01:17,069 [c587acdf-dbe2-410c-8061-3cebf3038fed:group-628DD217A515:LeaderElection116] INFO  server.RaftServerConfigKeys (ConfUtils.java:logGet(43)) - raft.server.log.appender.buffer.byte-limit = 33554432 (custom)
2019-08-29 17:01:17,069 [c587acdf-dbe2-410c-8061-3cebf3038fed:group-628DD217A515:LeaderElection116] INFO  server.RaftServerConfigKeys (ConfUtils.java:logGet(43)) - raft.server.log.appender.buffer.element-limit = 1 (custom)
2019-08-29 17:01:17,070 [c587acdf-dbe2-410c-8061-3cebf3038fed:group-628DD217A515:LeaderElection116] INFO  grpc.GrpcConfigKeys$Server (ConfUtils.java:logGet(43)) - raft.grpc.server.leader.outstanding.appends.max = 128 (default)
2019-08-29 17:01:17,070 [c587acdf-dbe2-410c-8061-3cebf3038fed:group-628DD217A515:LeaderElection116] INFO  server.RaftServerConfigKeys (ConfUtils.java:logGet(43)) - raft.server.rpc.request.timeout = 3000ms (default)
2019-08-29 17:01:17,070 [c587acdf-dbe2-410c-8061-3cebf3038fed:group-628DD217A515:LeaderElection116] INFO  server.RaftServerConfigKeys (ConfUtils.java:logGet(43)) - raft.server.log.appender.install.snapshot.enabled = false (custom)
2019-08-29 17:01:17,070 [c587acdf-dbe2-410c-8061-3cebf3038fed:group-628DD217A515:LeaderElection116] INFO  impl.RoleInfo (RoleInfo.java:updateAndGet(143)) - c587acdf-dbe2-410c-8061-3cebf3038fed: start LeaderState
2019-08-29 17:01:17,070 [c587acdf-dbe2-410c-8061-3cebf3038fed:group-628DD217A515:LeaderElection116] INFO  segmented.SegmentedRaftLogWorker (SegmentedRaftLogWorker.java:startLogSegment(380)) - c587acdf-dbe2-410c-8061-3cebf3038fed-SegmentedRaftLogWorker:Storage Directory /workdir/hadoop-ozone/integration-test/target/test-dir/MiniOzoneClusterImpl-6f429aea-cb1e-4c0a-a3f8-3b3e3b27620e/datanode-5/data/ratis/89a2dc60-a8ce-44b7-8de0-628dd217a515: Starting segment from index:0
2019-08-29 17:01:17,071 [c587acdf-dbe2-410c-8061-3cebf3038fed:group-628DD217A515:LeaderElection116] INFO  impl.RaftServerImpl (ServerState.java:setRaftConf(361)) - c587acdf-dbe2-410c-8061-3cebf3038fed:group-628DD217A515 set configuration 0: [3acd8f8c-e91c-4578-a55f-526981cf687c:192.168.69.102:43809, c587acdf-dbe2-410c-8061-3cebf3038fed:192.168.69.102:36933, 13cf937c-1041-4481-925d-65640af47ca7:192.168.69.102:45897], old=null at 0
2019-08-29 17:01:17,111 [grpc-default-executor-9] INFO  impl.RaftServerImpl (ServerState.java:setLeader(263)) - 3acd8f8c-e91c-4578-a55f-526981cf687c:group-628DD217A515 change Leader from null to c587acdf-dbe2-410c-8061-3cebf3038fed at term 1 for appendEntries, leader elected after 5239ms
2019-08-29 17:01:17,112 [grpc-default-executor-9] INFO  impl.RaftServerImpl (ServerState.java:setLeader(263)) - 13cf937c-1041-4481-925d-65640af47ca7:group-628DD217A515 change Leader from null to c587acdf-dbe2-410c-8061-3cebf3038fed at term 1 for appendEntries, leader elected after 5240ms
2019-08-29 17:01:17,116 [grpc-default-executor-9] INFO  impl.RaftServerImpl (ServerState.java:setRaftConf(361)) - 3acd8f8c-e91c-4578-a55f-526981cf687c:group-628DD217A515 set configuration 0: [3acd8f8c-e91c-4578-a55f-526981cf687c:192.168.69.102:43809, c587acdf-dbe2-410c-8061-3cebf3038fed:192.168.69.102:36933, 13cf937c-1041-4481-925d-65640af47ca7:192.168.69.102:45897], old=null at 0
2019-08-29 17:01:17,116 [grpc-default-executor-10] INFO  impl.RaftServerImpl (ServerState.java:setRaftConf(361)) - 13cf937c-1041-4481-925d-65640af47ca7:group-628DD217A515 set configuration 0: [3acd8f8c-e91c-4578-a55f-526981cf687c:192.168.69.102:43809, c587acdf-dbe2-410c-8061-3cebf3038fed:192.168.69.102:36933, 13cf937c-1041-4481-925d-65640af47ca7:192.168.69.102:45897], old=null at 0
2019-08-29 17:01:17,116 [grpc-default-executor-9] INFO  segmented.SegmentedRaftLogWorker (SegmentedRaftLogWorker.java:startLogSegment(380)) - 3acd8f8c-e91c-4578-a55f-526981cf687c-SegmentedRaftLogWorker:Storage Directory /workdir/hadoop-ozone/integration-test/target/test-dir/MiniOzoneClusterImpl-6f429aea-cb1e-4c0a-a3f8-3b3e3b27620e/datanode-4/data/ratis/89a2dc60-a8ce-44b7-8de0-628dd217a515: Starting segment from index:0
2019-08-29 17:01:17,116 [grpc-default-executor-10] INFO  segmented.SegmentedRaftLogWorker (SegmentedRaftLogWorker.java:startLogSegment(380)) - 13cf937c-1041-4481-925d-65640af47ca7-SegmentedRaftLogWorker:Storage Directory /workdir/hadoop-ozone/integration-test/target/test-dir/MiniOzoneClusterImpl-6f429aea-cb1e-4c0a-a3f8-3b3e3b27620e/datanode-6/data/ratis/89a2dc60-a8ce-44b7-8de0-628dd217a515: Starting segment from index:0
2019-08-29 17:01:17,132 [c587acdf-dbe2-410c-8061-3cebf3038fed-SegmentedRaftLogWorker:Storage Directory /workdir/hadoop-ozone/integration-test/target/test-dir/MiniOzoneClusterImpl-6f429aea-cb1e-4c0a-a3f8-3b3e3b27620e/datanode-5/data/ratis/89a2dc60-a8ce-44b7-8de0-628dd217a515] INFO  segmented.SegmentedRaftLogWorker (SegmentedRaftLogWorker.java:execute(569)) - c587acdf-dbe2-410c-8061-3cebf3038fed-SegmentedRaftLogWorker:Storage Directory /workdir/hadoop-ozone/integration-test/target/test-dir/MiniOzoneClusterImpl-6f429aea-cb1e-4c0a-a3f8-3b3e3b27620e/datanode-5/data/ratis/89a2dc60-a8ce-44b7-8de0-628dd217a515: created new log segment /workdir/hadoop-ozone/integration-test/target/test-dir/MiniOzoneClusterImpl-6f429aea-cb1e-4c0a-a3f8-3b3e3b27620e/datanode-5/data/ratis/89a2dc60-a8ce-44b7-8de0-628dd217a515/current/log_inprogress_0
2019-08-29 17:01:17,132 [13cf937c-1041-4481-925d-65640af47ca7-SegmentedRaftLogWorker:Storage Directory /workdir/hadoop-ozone/integration-test/target/test-dir/MiniOzoneClusterImpl-6f429aea-cb1e-4c0a-a3f8-3b3e3b27620e/datanode-6/data/ratis/ffe2fa20-50c0-48d1-bc14-13ce415bc1a6] INFO  segmented.SegmentedRaftLogWorker (SegmentedRaftLogWorker.java:execute(569)) - 13cf937c-1041-4481-925d-65640af47ca7-SegmentedRaftLogWorker:Storage Directory /workdir/hadoop-ozone/integration-test/target/test-dir/MiniOzoneClusterImpl-6f429aea-cb1e-4c0a-a3f8-3b3e3b27620e/datanode-6/data/ratis/ffe2fa20-50c0-48d1-bc14-13ce415bc1a6: created new log segment /workdir/hadoop-ozone/integration-test/target/test-dir/MiniOzoneClusterImpl-6f429aea-cb1e-4c0a-a3f8-3b3e3b27620e/datanode-6/data/ratis/ffe2fa20-50c0-48d1-bc14-13ce415bc1a6/current/log_inprogress_0
2019-08-29 17:01:17,155 | INFO  | SCMAudit | user=jenkins1000 | ip=192.168.69.102 | op=SEND_HEARTBEAT {datanodeUUID=530fff1b-0ce4-48db-9d30-11baf1ff95d0, command=[]} | ret=SUCCESS |  
2019-08-29 17:01:17,155 | INFO  | DNAudit | user=null | ip=null | op=WRITE_CHUNK {blockData=conID: 1 locID: 102701339297972247 bcsId: 0} | ret=SUCCESS |  
2019-08-29 17:01:17,155 | INFO  | DNAudit | user=null | ip=null | op=WRITE_CHUNK {blockData=conID: 1 locID: 102701339297972247 bcsId: 0} | ret=SUCCESS |  
2019-08-29 17:01:17,155 | INFO  | DNAudit | user=null | ip=null | op=WRITE_CHUNK {blockData=conID: 1 locID: 102701339297972247 bcsId: 0} | ret=SUCCESS |  
2019-08-29 17:01:17,155 | INFO  | SCMAudit | user=jenkins1000 | ip=192.168.69.102 | op=SEND_HEARTBEAT {datanodeUUID=02047d3a-8f07-43a6-aa09-0e15bab56fb4, command=[]} | ret=SUCCESS |  
2019-08-29 17:01:17,155 | INFO  | SCMAudit | user=jenkins1000 | ip=192.168.69.102 | op=SEND_HEARTBEAT {datanodeUUID=c104ec32-9aa5-499a-b97d-5e325c6a2558, command=[]} | ret=SUCCESS |  
2019-08-29 17:01:17,169 | INFO  | DNAudit | user=null | ip=null | op=WRITE_CHUNK {blockData=conID: 1 locID: 102701339297972247 bcsId: 0} | ret=SUCCESS |  
2019-08-29 17:01:17,172 [13cf937c-1041-4481-925d-65640af47ca7-SegmentedRaftLogWorker:Storage Directory /workdir/hadoop-ozone/integration-test/target/test-dir/MiniOzoneClusterImpl-6f429aea-cb1e-4c0a-a3f8-3b3e3b27620e/datanode-6/data/ratis/89a2dc60-a8ce-44b7-8de0-628dd217a515] INFO  segmented.SegmentedRaftLogWorker (SegmentedRaftLogWorker.java:execute(569)) - 13cf937c-1041-4481-925d-65640af47ca7-SegmentedRaftLogWorker:Storage Directory /workdir/hadoop-ozone/integration-test/target/test-dir/MiniOzoneClusterImpl-6f429aea-cb1e-4c0a-a3f8-3b3e3b27620e/datanode-6/data/ratis/89a2dc60-a8ce-44b7-8de0-628dd217a515: created new log segment /workdir/hadoop-ozone/integration-test/target/test-dir/MiniOzoneClusterImpl-6f429aea-cb1e-4c0a-a3f8-3b3e3b27620e/datanode-6/data/ratis/89a2dc60-a8ce-44b7-8de0-628dd217a515/current/log_inprogress_0
2019-08-29 17:01:17,172 [3acd8f8c-e91c-4578-a55f-526981cf687c-SegmentedRaftLogWorker:Storage Directory /workdir/hadoop-ozone/integration-test/target/test-dir/MiniOzoneClusterImpl-6f429aea-cb1e-4c0a-a3f8-3b3e3b27620e/datanode-4/data/ratis/89a2dc60-a8ce-44b7-8de0-628dd217a515] INFO  segmented.SegmentedRaftLogWorker (SegmentedRaftLogWorker.java:execute(569)) - 3acd8f8c-e91c-4578-a55f-526981cf687c-SegmentedRaftLogWorker:Storage Directory /workdir/hadoop-ozone/integration-test/target/test-dir/MiniOzoneClusterImpl-6f429aea-cb1e-4c0a-a3f8-3b3e3b27620e/datanode-4/data/ratis/89a2dc60-a8ce-44b7-8de0-628dd217a515: created new log segment /workdir/hadoop-ozone/integration-test/target/test-dir/MiniOzoneClusterImpl-6f429aea-cb1e-4c0a-a3f8-3b3e3b27620e/datanode-4/data/ratis/89a2dc60-a8ce-44b7-8de0-628dd217a515/current/log_inprogress_0
2019-08-29 17:01:17,173 [grpc-default-executor-10] INFO  client.GrpcClientProtocolClient (GrpcClientProtocolClient.java:onNext(255)) - client-48C54AE2102E->c104ec32-9aa5-499a-b97d-5e325c6a2558: receive RaftClientReply:client-48C54AE2102E->c104ec32-9aa5-499a-b97d-5e325c6a2558@group-9BDCFF004CDE, cid=267, SUCCESS, logIndex=1, commits[c104ec32-9aa5-499a-b97d-5e325c6a2558:c1, 530fff1b-0ce4-48db-9d30-11baf1ff95d0:c0, 02047d3a-8f07-43a6-aa09-0e15bab56fb4:c0]
2019-08-29 17:01:17,181 | INFO  | DNAudit | user=null | ip=null | op=WRITE_CHUNK {blockData=conID: 1 locID: 102701339297972247 bcsId: 0} | ret=SUCCESS |  
2019-08-29 17:01:17,181 | INFO  | DNAudit | user=null | ip=null | op=WRITE_CHUNK {blockData=conID: 1 locID: 102701339297972247 bcsId: 0} | ret=SUCCESS |  
2019-08-29 17:01:17,181 | INFO  | DNAudit | user=null | ip=null | op=WRITE_CHUNK {blockData=conID: 1 locID: 102701339297972247 bcsId: 0} | ret=SUCCESS |  
2019-08-29 17:01:17,182 | INFO  | DNAudit | user=null | ip=null | op=WRITE_CHUNK {blockData=conID: 1 locID: 102701339297972247 bcsId: 0} | ret=SUCCESS |  
2019-08-29 17:01:17,182 | INFO  | DNAudit | user=null | ip=null | op=WRITE_CHUNK {blockData=conID: 1 locID: 102701339297972247 bcsId: 0} | ret=SUCCESS |  
2019-08-29 17:01:17,195 | INFO  | DNAudit | user=null | ip=null | op=WRITE_CHUNK {blockData=conID: 1 locID: 102701339297972247 bcsId: 0} | ret=SUCCESS |  
2019-08-29 17:01:17,198 [grpc-default-executor-9] INFO  client.GrpcClientProtocolClient (GrpcClientProtocolClient.java:onNext(255)) - client-48C54AE2102E->c104ec32-9aa5-499a-b97d-5e325c6a2558: receive RaftClientReply:client-48C54AE2102E->c104ec32-9aa5-499a-b97d-5e325c6a2558@group-9BDCFF004CDE, cid=268, SUCCESS, logIndex=3, commits[c104ec32-9aa5-499a-b97d-5e325c6a2558:c3, 530fff1b-0ce4-48db-9d30-11baf1ff95d0:c2, 02047d3a-8f07-43a6-aa09-0e15bab56fb4:c2]
2019-08-29 17:01:17,204 | INFO  | DNAudit | user=null | ip=null | op=WRITE_CHUNK {blockData=conID: 1 locID: 102701339297972247 bcsId: 0} | ret=SUCCESS |  
2019-08-29 17:01:17,207 | INFO  | DNAudit | user=null | ip=null | op=WRITE_CHUNK {blockData=conID: 1 locID: 102701339297972247 bcsId: 0} | ret=SUCCESS |  
2019-08-29 17:01:17,238 | INFO  | DNAudit | user=null | ip=null | op=PUT_BLOCK {blockData=[blockId=conID: 1 locID: 102701339297972247 bcsId: 0,size=167]} | ret=SUCCESS |  
2019-08-29 17:01:17,239 [grpc-default-executor-9] INFO  client.GrpcClientProtocolClient (GrpcClientProtocolClient.java:onNext(255)) - client-48C54AE2102E->c104ec32-9aa5-499a-b97d-5e325c6a2558: receive RaftClientReply:client-48C54AE2102E->c104ec32-9aa5-499a-b97d-5e325c6a2558@group-9BDCFF004CDE, cid=269, SUCCESS, logIndex=4, commits[c104ec32-9aa5-499a-b97d-5e325c6a2558:c6, 530fff1b-0ce4-48db-9d30-11baf1ff95d0:c3, 02047d3a-8f07-43a6-aa09-0e15bab56fb4:c3]
2019-08-29 17:01:17,516 | INFO  | SCMAudit | user=jenkins1000 | ip=192.168.69.102 | op=SEND_HEARTBEAT {datanodeUUID=1b5bd387-da24-4a75-a3b9-46e545344a1a, command=[]} | ret=SUCCESS |  
2019-08-29 17:01:17,597 | INFO  | SCMAudit | user=jenkins1000 | ip=192.168.69.102 | op=SEND_HEARTBEAT {datanodeUUID=3acd8f8c-e91c-4578-a55f-526981cf687c, command=[]} | ret=SUCCESS |  
2019-08-29 17:01:17,684 | INFO  | SCMAudit | user=jenkins1000 | ip=192.168.69.102 | op=SEND_HEARTBEAT {datanodeUUID=c587acdf-dbe2-410c-8061-3cebf3038fed, command=[]} | ret=SUCCESS |  
2019-08-29 17:01:17,722 | INFO  | SCMAudit | user=jenkins1000 | ip=192.168.69.102 | op=SEND_HEARTBEAT {datanodeUUID=13cf937c-1041-4481-925d-65640af47ca7, command=[]} | ret=SUCCESS |  
2019-08-29 17:01:18,155 | INFO  | SCMAudit | user=jenkins1000 | ip=192.168.69.102 | op=SEND_HEARTBEAT {datanodeUUID=02047d3a-8f07-43a6-aa09-0e15bab56fb4, command=[]} | ret=SUCCESS |  
2019-08-29 17:01:18,155 | INFO  | SCMAudit | user=jenkins1000 | ip=192.168.69.102 | op=SEND_HEARTBEAT {datanodeUUID=c104ec32-9aa5-499a-b97d-5e325c6a2558, command=[]} | ret=SUCCESS |  
2019-08-29 17:01:18,155 | INFO  | SCMAudit | user=jenkins1000 | ip=192.168.69.102 | op=SEND_HEARTBEAT {datanodeUUID=530fff1b-0ce4-48db-9d30-11baf1ff95d0, command=[]} | ret=SUCCESS |  
2019-08-29 17:01:18,240 [main] WARN  scm.XceiverClientRatis (XceiverClientRatis.java:watchForCommit(262)) - 3 way commit failed on pipeline Pipeline[ Id: 65eaa4f8-6b40-430d-9200-9bdcff004cde, Nodes: 02047d3a-8f07-43a6-aa09-0e15bab56fb4{ip: 192.168.69.102, host: pr-hdds-1413-r8zfz-2367378370, networkLocation: /default-rack, certSerialId: null}c104ec32-9aa5-499a-b97d-5e325c6a2558{ip: 192.168.69.102, host: pr-hdds-1413-r8zfz-2367378370, networkLocation: /default-rack, certSerialId: null}530fff1b-0ce4-48db-9d30-11baf1ff95d0{ip: 192.168.69.102, host: pr-hdds-1413-r8zfz-2367378370, networkLocation: /default-rack, certSerialId: null}, Type:RATIS, Factor:THREE, State:OPEN]
java.util.concurrent.TimeoutException
	at java.util.concurrent.CompletableFuture.timedGet(CompletableFuture.java:1771)
	at java.util.concurrent.CompletableFuture.get(CompletableFuture.java:1915)
	at org.apache.hadoop.hdds.scm.XceiverClientRatis.watchForCommit(XceiverClientRatis.java:259)
	at org.apache.hadoop.hdds.scm.storage.CommitWatcher.watchForCommit(CommitWatcher.java:194)
	at org.apache.hadoop.hdds.scm.storage.CommitWatcher.watchOnLastIndex(CommitWatcher.java:157)
	at org.apache.hadoop.hdds.scm.storage.BlockOutputStream.watchForCommit(BlockOutputStream.java:347)
	at org.apache.hadoop.hdds.scm.storage.BlockOutputStream.handleFlush(BlockOutputStream.java:479)
	at org.apache.hadoop.hdds.scm.storage.BlockOutputStream.flush(BlockOutputStream.java:428)
	at org.apache.hadoop.ozone.client.io.BlockOutputStreamEntry.flush(BlockOutputStreamEntry.java:136)
	at org.apache.hadoop.ozone.client.io.KeyOutputStream.handleFlushOrClose(KeyOutputStream.java:442)
	at org.apache.hadoop.ozone.client.io.KeyOutputStream.flush(KeyOutputStream.java:396)
	at org.apache.hadoop.ozone.client.io.OzoneOutputStream.flush(OzoneOutputStream.java:54)
	at org.apache.hadoop.ozone.client.rpc.TestBlockOutputStreamWithFailures.testExceptionDuringClose(TestBlockOutputStreamWithFailures.java:720)
	at sun.reflect.NativeMethodAccessorImpl.invoke0(Native Method)
	at sun.reflect.NativeMethodAccessorImpl.invoke(NativeMethodAccessorImpl.java:62)
	at sun.reflect.DelegatingMethodAccessorImpl.invoke(DelegatingMethodAccessorImpl.java:43)
	at java.lang.reflect.Method.invoke(Method.java:498)
	at org.junit.runners.model.FrameworkMethod$1.runReflectiveCall(FrameworkMethod.java:47)
	at org.junit.internal.runners.model.ReflectiveCallable.run(ReflectiveCallable.java:12)
	at org.junit.runners.model.FrameworkMethod.invokeExplosively(FrameworkMethod.java:44)
	at org.junit.internal.runners.statements.InvokeMethod.evaluate(InvokeMethod.java:17)
	at org.junit.internal.runners.statements.RunBefores.evaluate(RunBefores.java:26)
	at org.junit.internal.runners.statements.RunAfters.evaluate(RunAfters.java:27)
	at org.junit.runners.ParentRunner.runLeaf(ParentRunner.java:271)
	at org.junit.runners.BlockJUnit4ClassRunner.runChild(BlockJUnit4ClassRunner.java:70)
	at org.junit.runners.BlockJUnit4ClassRunner.runChild(BlockJUnit4ClassRunner.java:50)
	at org.junit.runners.ParentRunner$3.run(ParentRunner.java:238)
	at org.junit.runners.ParentRunner$1.schedule(ParentRunner.java:63)
	at org.junit.runners.ParentRunner.runChildren(ParentRunner.java:236)
	at org.junit.runners.ParentRunner.access$000(ParentRunner.java:53)
	at org.junit.runners.ParentRunner$2.evaluate(ParentRunner.java:229)
	at org.junit.runners.ParentRunner.run(ParentRunner.java:309)
	at org.apache.maven.surefire.junit4.JUnit4Provider.execute(JUnit4Provider.java:365)
	at org.apache.maven.surefire.junit4.JUnit4Provider.executeWithRerun(JUnit4Provider.java:273)
	at org.apache.maven.surefire.junit4.JUnit4Provider.executeTestSet(JUnit4Provider.java:238)
	at org.apache.maven.surefire.junit4.JUnit4Provider.invoke(JUnit4Provider.java:159)
	at org.apache.maven.surefire.booter.ForkedBooter.invokeProviderInSameClassLoader(ForkedBooter.java:384)
	at org.apache.maven.surefire.booter.ForkedBooter.runSuitesInProcess(ForkedBooter.java:345)
	at org.apache.maven.surefire.booter.ForkedBooter.execute(ForkedBooter.java:126)
	at org.apache.maven.surefire.booter.ForkedBooter.main(ForkedBooter.java:418)
2019-08-29 17:01:18,516 | INFO  | SCMAudit | user=jenkins1000 | ip=192.168.69.102 | op=SEND_HEARTBEAT {datanodeUUID=1b5bd387-da24-4a75-a3b9-46e545344a1a, command=[]} | ret=SUCCESS |  
2019-08-29 17:01:18,597 | INFO  | SCMAudit | user=jenkins1000 | ip=192.168.69.102 | op=SEND_HEARTBEAT {datanodeUUID=3acd8f8c-e91c-4578-a55f-526981cf687c, command=[]} | ret=SUCCESS |  
2019-08-29 17:01:18,684 | INFO  | SCMAudit | user=jenkins1000 | ip=192.168.69.102 | op=SEND_HEARTBEAT {datanodeUUID=c587acdf-dbe2-410c-8061-3cebf3038fed, command=[]} | ret=SUCCESS |  
2019-08-29 17:01:18,722 | INFO  | SCMAudit | user=jenkins1000 | ip=192.168.69.102 | op=SEND_HEARTBEAT {datanodeUUID=13cf937c-1041-4481-925d-65640af47ca7, command=[]} | ret=SUCCESS |  
2019-08-29 17:01:19,155 | INFO  | SCMAudit | user=jenkins1000 | ip=192.168.69.102 | op=SEND_HEARTBEAT {datanodeUUID=02047d3a-8f07-43a6-aa09-0e15bab56fb4, command=[]} | ret=SUCCESS |  
2019-08-29 17:01:19,155 | INFO  | SCMAudit | user=jenkins1000 | ip=192.168.69.102 | op=SEND_HEARTBEAT {datanodeUUID=c104ec32-9aa5-499a-b97d-5e325c6a2558, command=[]} | ret=SUCCESS |  
2019-08-29 17:01:19,155 | INFO  | SCMAudit | user=jenkins1000 | ip=192.168.69.102 | op=SEND_HEARTBEAT {datanodeUUID=530fff1b-0ce4-48db-9d30-11baf1ff95d0, command=[]} | ret=SUCCESS |  
2019-08-29 17:01:19,243 [main] WARN  storage.CommitWatcher (CommitWatcher.java:watchForCommit(203)) - watchForCommit failed for index 4
java.util.concurrent.TimeoutException
	at java.util.concurrent.CompletableFuture.timedGet(CompletableFuture.java:1771)
	at java.util.concurrent.CompletableFuture.get(CompletableFuture.java:1915)
	at org.apache.hadoop.hdds.scm.XceiverClientRatis.watchForCommit(XceiverClientRatis.java:268)
	at org.apache.hadoop.hdds.scm.storage.CommitWatcher.watchForCommit(CommitWatcher.java:194)
	at org.apache.hadoop.hdds.scm.storage.CommitWatcher.watchOnLastIndex(CommitWatcher.java:157)
	at org.apache.hadoop.hdds.scm.storage.BlockOutputStream.watchForCommit(BlockOutputStream.java:347)
	at org.apache.hadoop.hdds.scm.storage.BlockOutputStream.handleFlush(BlockOutputStream.java:479)
	at org.apache.hadoop.hdds.scm.storage.BlockOutputStream.flush(BlockOutputStream.java:428)
	at org.apache.hadoop.ozone.client.io.BlockOutputStreamEntry.flush(BlockOutputStreamEntry.java:136)
	at org.apache.hadoop.ozone.client.io.KeyOutputStream.handleFlushOrClose(KeyOutputStream.java:442)
	at org.apache.hadoop.ozone.client.io.KeyOutputStream.flush(KeyOutputStream.java:396)
	at org.apache.hadoop.ozone.client.io.OzoneOutputStream.flush(OzoneOutputStream.java:54)
	at org.apache.hadoop.ozone.client.rpc.TestBlockOutputStreamWithFailures.testExceptionDuringClose(TestBlockOutputStreamWithFailures.java:720)
	at sun.reflect.NativeMethodAccessorImpl.invoke0(Native Method)
	at sun.reflect.NativeMethodAccessorImpl.invoke(NativeMethodAccessorImpl.java:62)
	at sun.reflect.DelegatingMethodAccessorImpl.invoke(DelegatingMethodAccessorImpl.java:43)
	at java.lang.reflect.Method.invoke(Method.java:498)
	at org.junit.runners.model.FrameworkMethod$1.runReflectiveCall(FrameworkMethod.java:47)
	at org.junit.internal.runners.model.ReflectiveCallable.run(ReflectiveCallable.java:12)
	at org.junit.runners.model.FrameworkMethod.invokeExplosively(FrameworkMethod.java:44)
	at org.junit.internal.runners.statements.InvokeMethod.evaluate(InvokeMethod.java:17)
	at org.junit.internal.runners.statements.RunBefores.evaluate(RunBefores.java:26)
	at org.junit.internal.runners.statements.RunAfters.evaluate(RunAfters.java:27)
	at org.junit.runners.ParentRunner.runLeaf(ParentRunner.java:271)
	at org.junit.runners.BlockJUnit4ClassRunner.runChild(BlockJUnit4ClassRunner.java:70)
	at org.junit.runners.BlockJUnit4ClassRunner.runChild(BlockJUnit4ClassRunner.java:50)
	at org.junit.runners.ParentRunner$3.run(ParentRunner.java:238)
	at org.junit.runners.ParentRunner$1.schedule(ParentRunner.java:63)
	at org.junit.runners.ParentRunner.runChildren(ParentRunner.java:236)
	at org.junit.runners.ParentRunner.access$000(ParentRunner.java:53)
	at org.junit.runners.ParentRunner$2.evaluate(ParentRunner.java:229)
	at org.junit.runners.ParentRunner.run(ParentRunner.java:309)
	at org.apache.maven.surefire.junit4.JUnit4Provider.execute(JUnit4Provider.java:365)
	at org.apache.maven.surefire.junit4.JUnit4Provider.executeWithRerun(JUnit4Provider.java:273)
	at org.apache.maven.surefire.junit4.JUnit4Provider.executeTestSet(JUnit4Provider.java:238)
	at org.apache.maven.surefire.junit4.JUnit4Provider.invoke(JUnit4Provider.java:159)
	at org.apache.maven.surefire.booter.ForkedBooter.invokeProviderInSameClassLoader(ForkedBooter.java:384)
	at org.apache.maven.surefire.booter.ForkedBooter.runSuitesInProcess(ForkedBooter.java:345)
	at org.apache.maven.surefire.booter.ForkedBooter.execute(ForkedBooter.java:126)
	at org.apache.maven.surefire.booter.ForkedBooter.main(ForkedBooter.java:418)
2019-08-29 17:01:19,245 [main] WARN  io.KeyOutputStream (KeyOutputStream.java:handleException(276)) - Encountered exception java.io.IOException: Unexpected Storage Container Exception: java.io.IOException: Unexpected Storage Container Exception: java.util.concurrent.TimeoutException on the pipeline Pipeline[ Id: 65eaa4f8-6b40-430d-9200-9bdcff004cde, Nodes: 02047d3a-8f07-43a6-aa09-0e15bab56fb4{ip: 192.168.69.102, host: pr-hdds-1413-r8zfz-2367378370, networkLocation: /default-rack, certSerialId: null}c104ec32-9aa5-499a-b97d-5e325c6a2558{ip: 192.168.69.102, host: pr-hdds-1413-r8zfz-2367378370, networkLocation: /default-rack, certSerialId: null}530fff1b-0ce4-48db-9d30-11baf1ff95d0{ip: 192.168.69.102, host: pr-hdds-1413-r8zfz-2367378370, networkLocation: /default-rack, certSerialId: null}, Type:RATIS, Factor:THREE, State:OPEN]. The last committed block length is 0, uncommitted data length is 167 retry count 0
2019-08-29 17:01:19,251 | INFO  | SCMAudit | user=jenkins1000 | ip=192.168.69.102 | op=ALLOCATE_BLOCK {owner=81df55ac-b8b4-40b7-8c08-88dac9f351bd, size=800, type=RATIS, factor=THREE} | ret=SUCCESS |  
2019-08-29 17:01:19,254 | INFO  | OMAudit | user=jenkins1000 | ip=127.0.0.1 | op=ALLOCATE_BLOCK {volume=testblockoutputstream, bucket=testblockoutputstream, key=8095920d-37dc-46c0-8eb2-ecd6ff6c5653, dataSize=0, replicationType=null, replicationFactor=null, keyLocationInfo=null, clientID=102701339297841174} | ret=SUCCESS |  
2019-08-29 17:01:19,263 [grpc-default-executor-9] INFO  client.GrpcClientProtocolClient (GrpcClientProtocolClient.java:onNext(255)) - client-E133F7681D97->3acd8f8c-e91c-4578-a55f-526981cf687c: receive RaftClientReply:client-E133F7681D97->3acd8f8c-e91c-4578-a55f-526981cf687c@group-628DD217A515, cid=272, FAILED org.apache.ratis.protocol.NotLeaderException: Server 3acd8f8c-e91c-4578-a55f-526981cf687c is not the leader (c587acdf-dbe2-410c-8061-3cebf3038fed:192.168.69.102:36933). Request must be sent to leader., logIndex=0, commits[3acd8f8c-e91c-4578-a55f-526981cf687c:c-1, c587acdf-dbe2-410c-8061-3cebf3038fed:c-1, 13cf937c-1041-4481-925d-65640af47ca7:c-1]
2019-08-29 17:01:19,469 | INFO  | DNAudit | user=null | ip=null | op=WRITE_CHUNK {blockData=conID: 2 locID: 102701339721793560 bcsId: 0} | ret=SUCCESS |  
2019-08-29 17:01:19,469 | INFO  | DNAudit | user=null | ip=null | op=WRITE_CHUNK {blockData=conID: 2 locID: 102701339721793560 bcsId: 0} | ret=SUCCESS |  
2019-08-29 17:01:19,469 | INFO  | DNAudit | user=null | ip=null | op=WRITE_CHUNK {blockData=conID: 2 locID: 102701339721793560 bcsId: 0} | ret=SUCCESS |  
2019-08-29 17:01:19,469 | INFO  | SCMAudit | user=jenkins1000 | ip=192.168.69.102 | op=SEND_HEARTBEAT {datanodeUUID=3acd8f8c-e91c-4578-a55f-526981cf687c, command=[]} | ret=SUCCESS |  
2019-08-29 17:01:19,469 | INFO  | SCMAudit | user=jenkins1000 | ip=192.168.69.102 | op=SEND_HEARTBEAT {datanodeUUID=c587acdf-dbe2-410c-8061-3cebf3038fed, command=[]} | ret=SUCCESS |  
2019-08-29 17:01:19,469 | INFO  | SCMAudit | user=jenkins1000 | ip=192.168.69.102 | op=SEND_HEARTBEAT {datanodeUUID=13cf937c-1041-4481-925d-65640af47ca7, command=[]} | ret=SUCCESS |  
2019-08-29 17:01:19,482 | INFO  | DNAudit | user=null | ip=null | op=WRITE_CHUNK {blockData=conID: 2 locID: 102701339721793560 bcsId: 0} | ret=SUCCESS |  
2019-08-29 17:01:19,485 [grpc-default-executor-10] INFO  client.GrpcClientProtocolClient (GrpcClientProtocolClient.java:onNext(255)) - client-E133F7681D97->c587acdf-dbe2-410c-8061-3cebf3038fed: receive RaftClientReply:client-E133F7681D97->c587acdf-dbe2-410c-8061-3cebf3038fed@group-628DD217A515, cid=272, SUCCESS, logIndex=1, commits[c587acdf-dbe2-410c-8061-3cebf3038fed:c1, 3acd8f8c-e91c-4578-a55f-526981cf687c:c0, 13cf937c-1041-4481-925d-65640af47ca7:c0]
2019-08-29 17:01:19,488 | INFO  | DNAudit | user=null | ip=null | op=WRITE_CHUNK {blockData=conID: 2 locID: 102701339721793560 bcsId: 0} | ret=SUCCESS |  
2019-08-29 17:01:19,489 | INFO  | DNAudit | user=null | ip=null | op=WRITE_CHUNK {blockData=conID: 2 locID: 102701339721793560 bcsId: 0} | ret=SUCCESS |  
2019-08-29 17:01:19,489 | INFO  | DNAudit | user=null | ip=null | op=WRITE_CHUNK {blockData=conID: 2 locID: 102701339721793560 bcsId: 0} | ret=SUCCESS |  
2019-08-29 17:01:19,501 | INFO  | DNAudit | user=null | ip=null | op=WRITE_CHUNK {blockData=conID: 2 locID: 102701339721793560 bcsId: 0} | ret=SUCCESS |  
2019-08-29 17:01:19,501 | INFO  | DNAudit | user=null | ip=null | op=WRITE_CHUNK {blockData=conID: 2 locID: 102701339721793560 bcsId: 0} | ret=SUCCESS |  
2019-08-29 17:01:19,502 | INFO  | DNAudit | user=null | ip=null | op=WRITE_CHUNK {blockData=conID: 2 locID: 102701339721793560 bcsId: 0} | ret=SUCCESS |  
2019-08-29 17:01:19,505 [grpc-default-executor-9] INFO  client.GrpcClientProtocolClient (GrpcClientProtocolClient.java:onNext(255)) - client-E133F7681D97->c587acdf-dbe2-410c-8061-3cebf3038fed: receive RaftClientReply:client-E133F7681D97->c587acdf-dbe2-410c-8061-3cebf3038fed@group-628DD217A515, cid=273, SUCCESS, logIndex=3, commits[c587acdf-dbe2-410c-8061-3cebf3038fed:c4, 3acd8f8c-e91c-4578-a55f-526981cf687c:c1, 13cf937c-1041-4481-925d-65640af47ca7:c1]
2019-08-29 17:01:19,513 | INFO  | DNAudit | user=null | ip=null | op=WRITE_CHUNK {blockData=conID: 2 locID: 102701339721793560 bcsId: 0} | ret=SUCCESS |  
2019-08-29 17:01:19,513 | INFO  | DNAudit | user=null | ip=null | op=WRITE_CHUNK {blockData=conID: 2 locID: 102701339721793560 bcsId: 0} | ret=SUCCESS |  
2019-08-29 17:01:19,516 | INFO  | SCMAudit | user=jenkins1000 | ip=192.168.69.102 | op=SEND_HEARTBEAT {datanodeUUID=1b5bd387-da24-4a75-a3b9-46e545344a1a, command=[]} | ret=SUCCESS |  
2019-08-29 17:01:19,593 | INFO  | DNAudit | user=null | ip=null | op=PUT_BLOCK {blockData=[blockId=conID: 2 locID: 102701339721793560 bcsId: 0,size=167]} | ret=SUCCESS |  
2019-08-29 17:01:19,595 [grpc-default-executor-9] INFO  client.GrpcClientProtocolClient (GrpcClientProtocolClient.java:onNext(255)) - client-E133F7681D97->c587acdf-dbe2-410c-8061-3cebf3038fed: receive RaftClientReply:client-E133F7681D97->c587acdf-dbe2-410c-8061-3cebf3038fed@group-628DD217A515, cid=274, SUCCESS, logIndex=4, commits[c587acdf-dbe2-410c-8061-3cebf3038fed:c6, 3acd8f8c-e91c-4578-a55f-526981cf687c:c4, 13cf937c-1041-4481-925d-65640af47ca7:c4]
2019-08-29 17:01:19,596 [main] INFO  ozone.MiniOzoneClusterImpl (MiniOzoneClusterImpl.java:shutdown(307)) - Shutting down the Mini Ozone Cluster
2019-08-29 17:01:19,596 | INFO  | SCMAudit | user=null | ip=null | op=GET_SCM_INFO null | ret=SUCCESS |  
2019-08-29 17:01:19,597 [main] INFO  ozone.MiniOzoneClusterImpl (MiniOzoneClusterImpl.java:stop(322)) - Stopping the Mini Ozone Cluster
2019-08-29 17:01:19,597 [main] INFO  ozone.MiniOzoneClusterImpl (MiniOzoneClusterImpl.java:stop(324)) - Stopping the OzoneManager
2019-08-29 17:01:19,597 [main] INFO  ipc.Server (Server.java:stop(3082)) - Stopping server on 45071
2019-08-29 17:01:19,611 [IPC Server listener on 45071] INFO  ipc.Server (Server.java:run(1185)) - Stopping IPC Server listener on 45071
2019-08-29 17:01:19,613 [main] INFO  ratis.OzoneManagerDoubleBuffer (OzoneManagerDoubleBuffer.java:stop(248)) - Stopping OMDoubleBuffer flush thread
2019-08-29 17:01:19,616 [IPC Server Responder] INFO  ipc.Server (Server.java:run(1319)) - Stopping IPC Server Responder
2019-08-29 17:01:19,626 [OMDoubleBufferFlushThread] INFO  ratis.OzoneManagerDoubleBuffer (OzoneManagerDoubleBuffer.java:flushTransactions(191)) - OMDoubleBuffer flush thread OMDoubleBufferFlushThread is interrupted and will exit. OMDoubleBufferFlushThread
2019-08-29 17:01:19,649 [main] INFO  utils.BackgroundService (BackgroundService.java:shutdown(148)) - Shutting down service KeyDeletingService
2019-08-29 17:01:19,651 [main] INFO  handler.ContextHandler (ContextHandler.java:doStop(910)) - Stopped o.e.j.w.WebAppContext@e881e46{/,null,UNAVAILABLE}{/ozoneManager}
2019-08-29 17:01:19,653 [main] INFO  server.AbstractConnector (AbstractConnector.java:doStop(318)) - Stopped ServerConnector@657b3b{HTTP/1.1,[http/1.1]}{0.0.0.0:0}
2019-08-29 17:01:19,653 [main] INFO  handler.ContextHandler (ContextHandler.java:doStop(910)) - Stopped o.e.j.s.ServletContextHandler@4b98225c{/static,file:///workdir/hadoop-ozone/integration-test/target/test-classes/webapps/static,UNAVAILABLE}
2019-08-29 17:01:19,654 [main] INFO  handler.ContextHandler (ContextHandler.java:doStop(910)) - Stopped o.e.j.s.ServletContextHandler@7d61468c{/logs,file:///workdir/hadoop-ozone/integration-test/target/log,UNAVAILABLE}
2019-08-29 17:01:19,658 [main] INFO  ozone.MiniOzoneClusterImpl (MiniOzoneClusterImpl.java:stop(330)) - Shutting the HddsDatanodes
2019-08-29 17:01:19,676 | INFO  | DNAudit | user=null | ip=null | op=PUT_BLOCK {blockData=[blockId=conID: 2 locID: 102701339721793560 bcsId: 0,size=167]} | ret=SUCCESS |  
2019-08-29 17:01:19,729 [grpc-default-executor-5] INFO  client.GrpcClientProtocolClient (GrpcClientProtocolClient.java:onNext(255)) - client-48C54AE2102E->c104ec32-9aa5-499a-b97d-5e325c6a2558: receive RaftClientReply:client-48C54AE2102E->c104ec32-9aa5-499a-b97d-5e325c6a2558@group-9BDCFF004CDE, cid=271, SUCCESS, logIndex=0, commits[c104ec32-9aa5-499a-b97d-5e325c6a2558:c6, 530fff1b-0ce4-48db-9d30-11baf1ff95d0:c6, 02047d3a-8f07-43a6-aa09-0e15bab56fb4:c3]
2019-08-29 17:01:19,730 [grpc-default-executor-5] INFO  client.GrpcClientProtocolClient (GrpcClientProtocolClient.java:onNext(255)) - client-48C54AE2102E->c104ec32-9aa5-499a-b97d-5e325c6a2558: receive RaftClientReply:client-48C54AE2102E->c104ec32-9aa5-499a-b97d-5e325c6a2558@group-9BDCFF004CDE, cid=270, SUCCESS, logIndex=0, commits[c104ec32-9aa5-499a-b97d-5e325c6a2558:c6, 530fff1b-0ce4-48db-9d30-11baf1ff95d0:c6, 02047d3a-8f07-43a6-aa09-0e15bab56fb4:c6]
2019-08-29 17:01:19,753 | INFO  | DNAudit | user=null | ip=null | op=PUT_BLOCK {blockData=[blockId=conID: 2 locID: 102701339721793560 bcsId: 0,size=167]} | ret=SUCCESS |  
2019-08-29 17:01:19,849 | INFO  | DNAudit | user=null | ip=null | op=PUT_BLOCK {blockData=[blockId=conID: 1 locID: 102701339297972247 bcsId: 0,size=167]} | ret=SUCCESS |  
2019-08-29 17:01:19,946 | INFO  | DNAudit | user=null | ip=null | op=PUT_BLOCK {blockData=[blockId=conID: 1 locID: 102701339297972247 bcsId: 0,size=167]} | ret=SUCCESS |  
2019-08-29 17:01:20,155 [Datanode State Machine Thread - 0] INFO  statemachine.DatanodeStateMachine (DatanodeStateMachine.java:lambda$startDaemon$0(350)) - Ozone container server started.
2019-08-29 17:01:20,156 | INFO  | SCMAudit | user=jenkins1000 | ip=192.168.69.102 | op=SEND_HEARTBEAT {datanodeUUID=02047d3a-8f07-43a6-aa09-0e15bab56fb4, command=[]} | ret=SUCCESS |  
2019-08-29 17:01:20,156 | INFO  | SCMAudit | user=jenkins1000 | ip=192.168.69.102 | op=SEND_HEARTBEAT {datanodeUUID=c104ec32-9aa5-499a-b97d-5e325c6a2558, command=[]} | ret=SUCCESS |  
2019-08-29 17:01:20,469 [Datanode State Machine Thread - 0] INFO  statemachine.DatanodeStateMachine (DatanodeStateMachine.java:lambda$startDaemon$0(350)) - Ozone container server started.
2019-08-29 17:01:20,469 | INFO  | SCMAudit | user=jenkins1000 | ip=192.168.69.102 | op=SEND_HEARTBEAT {datanodeUUID=c587acdf-dbe2-410c-8061-3cebf3038fed, command=[]} | ret=SUCCESS |  
2019-08-29 17:01:20,469 | INFO  | SCMAudit | user=jenkins1000 | ip=192.168.69.102 | op=SEND_HEARTBEAT {datanodeUUID=13cf937c-1041-4481-925d-65640af47ca7, command=[]} | ret=SUCCESS |  
2019-08-29 17:01:20,516 | INFO  | SCMAudit | user=jenkins1000 | ip=192.168.69.102 | op=SEND_HEARTBEAT {datanodeUUID=1b5bd387-da24-4a75-a3b9-46e545344a1a, command=[]} | ret=SUCCESS |  
2019-08-29 17:01:21,155 | INFO  | SCMAudit | user=jenkins1000 | ip=192.168.69.102 | op=SEND_HEARTBEAT {datanodeUUID=02047d3a-8f07-43a6-aa09-0e15bab56fb4, command=[]} | ret=SUCCESS |  
2019-08-29 17:01:21,155 | INFO  | SCMAudit | user=jenkins1000 | ip=192.168.69.102 | op=SEND_HEARTBEAT {datanodeUUID=c104ec32-9aa5-499a-b97d-5e325c6a2558, command=[]} | ret=SUCCESS |  
2019-08-29 17:01:21,469 | INFO  | SCMAudit | user=jenkins1000 | ip=192.168.69.102 | op=SEND_HEARTBEAT {datanodeUUID=13cf937c-1041-4481-925d-65640af47ca7, command=[]} | ret=SUCCESS |  
2019-08-29 17:01:21,469 | INFO  | SCMAudit | user=jenkins1000 | ip=192.168.69.102 | op=SEND_HEARTBEAT {datanodeUUID=c587acdf-dbe2-410c-8061-3cebf3038fed, command=[]} | ret=SUCCESS |  
2019-08-29 17:01:21,516 | INFO  | SCMAudit | user=jenkins1000 | ip=192.168.69.102 | op=SEND_HEARTBEAT {datanodeUUID=1b5bd387-da24-4a75-a3b9-46e545344a1a, command=[]} | ret=SUCCESS |  
2019-08-29 17:01:22,155 | INFO  | SCMAudit | user=jenkins1000 | ip=192.168.69.102 | op=SEND_HEARTBEAT {datanodeUUID=c104ec32-9aa5-499a-b97d-5e325c6a2558, command=[]} | ret=SUCCESS |  
2019-08-29 17:01:22,155 | INFO  | SCMAudit | user=jenkins1000 | ip=192.168.69.102 | op=SEND_HEARTBEAT {datanodeUUID=02047d3a-8f07-43a6-aa09-0e15bab56fb4, command=[]} | ret=SUCCESS |  
2019-08-29 17:01:22,469 | INFO  | SCMAudit | user=jenkins1000 | ip=192.168.69.102 | op=SEND_HEARTBEAT {datanodeUUID=13cf937c-1041-4481-925d-65640af47ca7, command=[]} | ret=SUCCESS |  
2019-08-29 17:01:22,470 | INFO  | SCMAudit | user=jenkins1000 | ip=192.168.69.102 | op=SEND_HEARTBEAT {datanodeUUID=c587acdf-dbe2-410c-8061-3cebf3038fed, command=[]} | ret=SUCCESS |  
2019-08-29 17:01:22,516 | INFO  | SCMAudit | user=jenkins1000 | ip=192.168.69.102 | op=SEND_HEARTBEAT {datanodeUUID=1b5bd387-da24-4a75-a3b9-46e545344a1a, command=[]} | ret=SUCCESS |  
2019-08-29 17:01:23,156 | INFO  | SCMAudit | user=jenkins1000 | ip=192.168.69.102 | op=SEND_HEARTBEAT {datanodeUUID=c104ec32-9aa5-499a-b97d-5e325c6a2558, command=[]} | ret=SUCCESS |  
2019-08-29 17:01:23,156 | INFO  | SCMAudit | user=jenkins1000 | ip=192.168.69.102 | op=SEND_HEARTBEAT {datanodeUUID=02047d3a-8f07-43a6-aa09-0e15bab56fb4, command=[]} | ret=SUCCESS |  
2019-08-29 17:01:23,470 | INFO  | SCMAudit | user=jenkins1000 | ip=192.168.69.102 | op=SEND_HEARTBEAT {datanodeUUID=13cf937c-1041-4481-925d-65640af47ca7, command=[]} | ret=SUCCESS |  
2019-08-29 17:01:23,470 | INFO  | SCMAudit | user=jenkins1000 | ip=192.168.69.102 | op=SEND_HEARTBEAT {datanodeUUID=c587acdf-dbe2-410c-8061-3cebf3038fed, command=[]} | ret=SUCCESS |  
2019-08-29 17:01:23,516 | INFO  | SCMAudit | user=jenkins1000 | ip=192.168.69.102 | op=SEND_HEARTBEAT {datanodeUUID=1b5bd387-da24-4a75-a3b9-46e545344a1a, command=[]} | ret=SUCCESS |  
2019-08-29 17:01:24,155 | INFO  | SCMAudit | user=jenkins1000 | ip=192.168.69.102 | op=SEND_HEARTBEAT {datanodeUUID=02047d3a-8f07-43a6-aa09-0e15bab56fb4, command=[]} | ret=SUCCESS |  
2019-08-29 17:01:24,155 | INFO  | SCMAudit | user=jenkins1000 | ip=192.168.69.102 | op=SEND_HEARTBEAT {datanodeUUID=c104ec32-9aa5-499a-b97d-5e325c6a2558, command=[]} | ret=SUCCESS |  
2019-08-29 17:01:24,226 [EventQueue-StaleNodeForStaleNodeHandler] INFO  node.StaleNodeHandler (StaleNodeHandler.java:onMessage(58)) - Datanode 530fff1b-0ce4-48db-9d30-11baf1ff95d0{ip: 192.168.69.102, host: pr-hdds-1413-r8zfz-2367378370, networkLocation: /default-rack, certSerialId: null} moved to stale state. Finalizing its pipelines [PipelineID=6f9bd415-22c5-430c-a76d-cf4f3ed8559c, PipelineID=65eaa4f8-6b40-430d-9200-9bdcff004cde]
2019-08-29 17:01:24,226 [EventQueue-StaleNodeForStaleNodeHandler] INFO  pipeline.SCMPipelineManager (SCMPipelineManager.java:finalizeAndDestroyPipeline(309)) - destroying pipeline:Pipeline[ Id: 6f9bd415-22c5-430c-a76d-cf4f3ed8559c, Nodes: 530fff1b-0ce4-48db-9d30-11baf1ff95d0{ip: 192.168.69.102, host: pr-hdds-1413-r8zfz-2367378370, networkLocation: /default-rack, certSerialId: null}, Type:RATIS, Factor:ONE, State:OPEN]
2019-08-29 17:01:24,227 [EventQueue-StaleNodeForStaleNodeHandler] INFO  pipeline.PipelineStateManager (PipelineStateManager.java:finalizePipeline(123)) - Pipeline Pipeline[ Id: 6f9bd415-22c5-430c-a76d-cf4f3ed8559c, Nodes: 530fff1b-0ce4-48db-9d30-11baf1ff95d0{ip: 192.168.69.102, host: pr-hdds-1413-r8zfz-2367378370, networkLocation: /default-rack, certSerialId: null}, Type:RATIS, Factor:ONE, State:CLOSED] moved to CLOSED state
2019-08-29 17:01:24,227 [EventQueue-StaleNodeForStaleNodeHandler] INFO  pipeline.SCMPipelineManager (SCMPipelineManager.java:finalizeAndDestroyPipeline(309)) - destroying pipeline:Pipeline[ Id: 65eaa4f8-6b40-430d-9200-9bdcff004cde, Nodes: 02047d3a-8f07-43a6-aa09-0e15bab56fb4{ip: 192.168.69.102, host: pr-hdds-1413-r8zfz-2367378370, networkLocation: /default-rack, certSerialId: null}c104ec32-9aa5-499a-b97d-5e325c6a2558{ip: 192.168.69.102, host: pr-hdds-1413-r8zfz-2367378370, networkLocation: /default-rack, certSerialId: null}530fff1b-0ce4-48db-9d30-11baf1ff95d0{ip: 192.168.69.102, host: pr-hdds-1413-r8zfz-2367378370, networkLocation: /default-rack, certSerialId: null}, Type:RATIS, Factor:THREE, State:OPEN]
2019-08-29 17:01:24,228 [EventQueue-StaleNodeForStaleNodeHandler] INFO  pipeline.PipelineStateManager (PipelineStateManager.java:finalizePipeline(123)) - Pipeline Pipeline[ Id: 65eaa4f8-6b40-430d-9200-9bdcff004cde, Nodes: 02047d3a-8f07-43a6-aa09-0e15bab56fb4{ip: 192.168.69.102, host: pr-hdds-1413-r8zfz-2367378370, networkLocation: /default-rack, certSerialId: null}c104ec32-9aa5-499a-b97d-5e325c6a2558{ip: 192.168.69.102, host: pr-hdds-1413-r8zfz-2367378370, networkLocation: /default-rack, certSerialId: null}530fff1b-0ce4-48db-9d30-11baf1ff95d0{ip: 192.168.69.102, host: pr-hdds-1413-r8zfz-2367378370, networkLocation: /default-rack, certSerialId: null}, Type:RATIS, Factor:THREE, State:CLOSED] moved to CLOSED state
2019-08-29 17:01:24,229 [EventQueue-CloseContainerForCloseContainerEventHandler] INFO  container.CloseContainerEventHandler (CloseContainerEventHandler.java:onMessage(61)) - Close container Event triggered for container : #1
2019-08-29 17:01:24,469 | INFO  | SCMAudit | user=jenkins1000 | ip=192.168.69.102 | op=SEND_HEARTBEAT {datanodeUUID=13cf937c-1041-4481-925d-65640af47ca7, command=[]} | ret=SUCCESS |  
2019-08-29 17:01:24,470 | INFO  | SCMAudit | user=jenkins1000 | ip=192.168.69.102 | op=SEND_HEARTBEAT {datanodeUUID=c587acdf-dbe2-410c-8061-3cebf3038fed, command=[]} | ret=SUCCESS |  
2019-08-29 17:01:24,516 | INFO  | SCMAudit | user=jenkins1000 | ip=192.168.69.102 | op=SEND_HEARTBEAT {datanodeUUID=1b5bd387-da24-4a75-a3b9-46e545344a1a, command=[]} | ret=SUCCESS |  
2019-08-29 17:01:24,526 [EventQueue-StaleNodeForStaleNodeHandler] INFO  node.StaleNodeHandler (StaleNodeHandler.java:onMessage(58)) - Datanode 3acd8f8c-e91c-4578-a55f-526981cf687c{ip: 192.168.69.102, host: pr-hdds-1413-r8zfz-2367378370, networkLocation: /default-rack, certSerialId: null} moved to stale state. Finalizing its pipelines [PipelineID=89a2dc60-a8ce-44b7-8de0-628dd217a515, PipelineID=b84f28ac-4bbf-4537-9cb3-6b5cb8cac6d7]
2019-08-29 17:01:24,526 [EventQueue-StaleNodeForStaleNodeHandler] INFO  pipeline.SCMPipelineManager (SCMPipelineManager.java:finalizeAndDestroyPipeline(309)) - destroying pipeline:Pipeline[ Id: 89a2dc60-a8ce-44b7-8de0-628dd217a515, Nodes: 3acd8f8c-e91c-4578-a55f-526981cf687c{ip: 192.168.69.102, host: pr-hdds-1413-r8zfz-2367378370, networkLocation: /default-rack, certSerialId: null}c587acdf-dbe2-410c-8061-3cebf3038fed{ip: 192.168.69.102, host: pr-hdds-1413-r8zfz-2367378370, networkLocation: /default-rack, certSerialId: null}13cf937c-1041-4481-925d-65640af47ca7{ip: 192.168.69.102, host: pr-hdds-1413-r8zfz-2367378370, networkLocation: /default-rack, certSerialId: null}, Type:RATIS, Factor:THREE, State:OPEN]
2019-08-29 17:01:24,527 [EventQueue-StaleNodeForStaleNodeHandler] INFO  pipeline.PipelineStateManager (PipelineStateManager.java:finalizePipeline(123)) - Pipeline Pipeline[ Id: 89a2dc60-a8ce-44b7-8de0-628dd217a515, Nodes: 3acd8f8c-e91c-4578-a55f-526981cf687c{ip: 192.168.69.102, host: pr-hdds-1413-r8zfz-2367378370, networkLocation: /default-rack, certSerialId: null}c587acdf-dbe2-410c-8061-3cebf3038fed{ip: 192.168.69.102, host: pr-hdds-1413-r8zfz-2367378370, networkLocation: /default-rack, certSerialId: null}13cf937c-1041-4481-925d-65640af47ca7{ip: 192.168.69.102, host: pr-hdds-1413-r8zfz-2367378370, networkLocation: /default-rack, certSerialId: null}, Type:RATIS, Factor:THREE, State:CLOSED] moved to CLOSED state
2019-08-29 17:01:24,527 [EventQueue-CloseContainerForCloseContainerEventHandler] INFO  container.CloseContainerEventHandler (CloseContainerEventHandler.java:onMessage(61)) - Close container Event triggered for container : #2
2019-08-29 17:01:24,527 [EventQueue-StaleNodeForStaleNodeHandler] INFO  pipeline.SCMPipelineManager (SCMPipelineManager.java:finalizeAndDestroyPipeline(309)) - destroying pipeline:Pipeline[ Id: b84f28ac-4bbf-4537-9cb3-6b5cb8cac6d7, Nodes: 3acd8f8c-e91c-4578-a55f-526981cf687c{ip: 192.168.69.102, host: pr-hdds-1413-r8zfz-2367378370, networkLocation: /default-rack, certSerialId: null}, Type:RATIS, Factor:ONE, State:OPEN]
2019-08-29 17:01:24,527 [EventQueue-StaleNodeForStaleNodeHandler] INFO  pipeline.PipelineStateManager (PipelineStateManager.java:finalizePipeline(123)) - Pipeline Pipeline[ Id: b84f28ac-4bbf-4537-9cb3-6b5cb8cac6d7, Nodes: 3acd8f8c-e91c-4578-a55f-526981cf687c{ip: 192.168.69.102, host: pr-hdds-1413-r8zfz-2367378370, networkLocation: /default-rack, certSerialId: null}, Type:RATIS, Factor:ONE, State:CLOSED] moved to CLOSED state
2019-08-29 17:01:24,659 [ForkJoinPool.commonPool-worker-0] INFO  ozoneimpl.OzoneContainer (OzoneContainer.java:stop(215)) - Attempting to stop container services.
2019-08-29 17:01:24,659 [main] INFO  ozoneimpl.OzoneContainer (OzoneContainer.java:stop(215)) - Attempting to stop container services.
2019-08-29 17:01:24,659 [ForkJoinPool.commonPool-worker-0] INFO  impl.RaftServerProxy (RaftServerProxy.java:lambda$close$4(314)) - 530fff1b-0ce4-48db-9d30-11baf1ff95d0: close
2019-08-29 17:01:24,660 [main] INFO  impl.RaftServerProxy (RaftServerProxy.java:lambda$close$4(314)) - 3acd8f8c-e91c-4578-a55f-526981cf687c: close
2019-08-29 17:01:24,660 [ForkJoinPool.commonPool-worker-0] INFO  impl.RaftServerImpl (RaftServerImpl.java:lambda$shutdown$3(245)) - 530fff1b-0ce4-48db-9d30-11baf1ff95d0: shutdown group-CF4F3ED8559C
2019-08-29 17:01:24,661 [main] INFO  impl.RaftServerImpl (RaftServerImpl.java:lambda$shutdown$3(245)) - 3acd8f8c-e91c-4578-a55f-526981cf687c: shutdown group-628DD217A515
2019-08-29 17:01:24,661 [ForkJoinPool.commonPool-worker-0] INFO  util.JmxRegister (JmxRegister.java:unregister(73)) - Successfully un-registered JMX Bean with object name Ratis:service=RaftServer,group=group-CF4F3ED8559C,id=530fff1b-0ce4-48db-9d30-11baf1ff95d0
2019-08-29 17:01:24,661 [main] INFO  util.JmxRegister (JmxRegister.java:unregister(73)) - Successfully un-registered JMX Bean with object name Ratis:service=RaftServer,group=group-628DD217A515,id=3acd8f8c-e91c-4578-a55f-526981cf687c
2019-08-29 17:01:24,662 [main] INFO  impl.RoleInfo (RoleInfo.java:shutdownFollowerState(121)) - 3acd8f8c-e91c-4578-a55f-526981cf687c: shutdown FollowerState
2019-08-29 17:01:24,661 [ForkJoinPool.commonPool-worker-0] INFO  impl.RoleInfo (RoleInfo.java:shutdownLeaderState(104)) - 530fff1b-0ce4-48db-9d30-11baf1ff95d0: shutdown LeaderState
2019-08-29 17:01:24,662 [Thread-5037] INFO  impl.FollowerState (FollowerState.java:run(114)) - 3acd8f8c-e91c-4578-a55f-526981cf687c: FollowerState was interrupted: java.lang.InterruptedException: sleep interrupted
2019-08-29 17:01:24,662 [StateMachineUpdater:3acd8f8c-e91c-4578-a55f-526981cf687c:group-628DD217A515] INFO  ratis.ContainerStateMachine (ContainerStateMachine.java:takeSnapshot(284)) - group-628DD217A515: Taking a snapshot at:(t:1, i:4) file /workdir/hadoop-ozone/integration-test/target/test-dir/MiniOzoneClusterImpl-6f429aea-cb1e-4c0a-a3f8-3b3e3b27620e/datanode-4/data/ratis/89a2dc60-a8ce-44b7-8de0-628dd217a515/sm/snapshot.1_4
2019-08-29 17:01:24,662 [main] INFO  impl.StateMachineUpdater (StateMachineUpdater.java:stopAndJoin(115)) - StateMachineUpdater:3acd8f8c-e91c-4578-a55f-526981cf687c:group-628DD217A515: set stopIndex = 6
2019-08-29 17:01:24,663 [ForkJoinPool.commonPool-worker-0] INFO  impl.PendingRequests (PendingRequests.java:sendNotLeaderResponses(202)) - 530fff1b-0ce4-48db-9d30-11baf1ff95d0-PendingRequests: sendNotLeaderResponses
2019-08-29 17:01:24,667 [ForkJoinPool.commonPool-worker-0] INFO  impl.StateMachineUpdater (StateMachineUpdater.java:stopAndJoin(115)) - StateMachineUpdater:530fff1b-0ce4-48db-9d30-11baf1ff95d0:group-CF4F3ED8559C: set stopIndex = 0
2019-08-29 17:01:24,668 [ForkJoinPool.commonPool-worker-0] INFO  impl.RaftServerImpl (ServerState.java:close(394)) - 530fff1b-0ce4-48db-9d30-11baf1ff95d0:group-CF4F3ED8559C closes. The last applied log index is 0
2019-08-29 17:01:24,668 [530fff1b-0ce4-48db-9d30-11baf1ff95d0-SegmentedRaftLogWorker:Storage Directory /workdir/hadoop-ozone/integration-test/target/test-dir/MiniOzoneClusterImpl-6f429aea-cb1e-4c0a-a3f8-3b3e3b27620e/datanode-1/data/ratis/6f9bd415-22c5-430c-a76d-cf4f3ed8559c] INFO  segmented.SegmentedRaftLogWorker (SegmentedRaftLogWorker.java:run(313)) - 530fff1b-0ce4-48db-9d30-11baf1ff95d0-SegmentedRaftLogWorker:Storage Directory /workdir/hadoop-ozone/integration-test/target/test-dir/MiniOzoneClusterImpl-6f429aea-cb1e-4c0a-a3f8-3b3e3b27620e/datanode-1/data/ratis/6f9bd415-22c5-430c-a76d-cf4f3ed8559c was interrupted, exiting. There are 0 tasks remaining in the queue.
2019-08-29 17:01:24,671 [ForkJoinPool.commonPool-worker-0] INFO  segmented.SegmentedRaftLogWorker (SegmentedRaftLogWorker.java:close(228)) - 530fff1b-0ce4-48db-9d30-11baf1ff95d0-SegmentedRaftLogWorker:Storage Directory /workdir/hadoop-ozone/integration-test/target/test-dir/MiniOzoneClusterImpl-6f429aea-cb1e-4c0a-a3f8-3b3e3b27620e/datanode-1/data/ratis/6f9bd415-22c5-430c-a76d-cf4f3ed8559c close()
2019-08-29 17:01:24,675 [ForkJoinPool.commonPool-worker-0] INFO  impl.RaftServerImpl (RaftServerImpl.java:lambda$shutdown$3(245)) - 530fff1b-0ce4-48db-9d30-11baf1ff95d0: shutdown group-9BDCFF004CDE
2019-08-29 17:01:24,676 [ForkJoinPool.commonPool-worker-0] INFO  util.JmxRegister (JmxRegister.java:unregister(73)) - Successfully un-registered JMX Bean with object name Ratis:service=RaftServer,group=group-9BDCFF004CDE,id=530fff1b-0ce4-48db-9d30-11baf1ff95d0
2019-08-29 17:01:24,676 [ForkJoinPool.commonPool-worker-0] INFO  impl.RoleInfo (RoleInfo.java:shutdownFollowerState(121)) - 530fff1b-0ce4-48db-9d30-11baf1ff95d0: shutdown FollowerState
2019-08-29 17:01:24,676 [ForkJoinPool.commonPool-worker-0] INFO  impl.StateMachineUpdater (StateMachineUpdater.java:stopAndJoin(115)) - StateMachineUpdater:530fff1b-0ce4-48db-9d30-11baf1ff95d0:group-9BDCFF004CDE: set stopIndex = 6
2019-08-29 17:01:24,676 [StateMachineUpdater:530fff1b-0ce4-48db-9d30-11baf1ff95d0:group-9BDCFF004CDE] INFO  ratis.ContainerStateMachine (ContainerStateMachine.java:takeSnapshot(284)) - group-9BDCFF004CDE: Taking a snapshot at:(t:1, i:6) file /workdir/hadoop-ozone/integration-test/target/test-dir/MiniOzoneClusterImpl-6f429aea-cb1e-4c0a-a3f8-3b3e3b27620e/datanode-1/data/ratis/65eaa4f8-6b40-430d-9200-9bdcff004cde/sm/snapshot.1_6
2019-08-29 17:01:24,676 [Thread-5013] INFO  impl.FollowerState (FollowerState.java:run(114)) - 530fff1b-0ce4-48db-9d30-11baf1ff95d0: FollowerState was interrupted: java.lang.InterruptedException: sleep interrupted
2019-08-29 17:01:24,699 [StateMachineUpdater:3acd8f8c-e91c-4578-a55f-526981cf687c:group-628DD217A515] INFO  ratis.ContainerStateMachine (ContainerStateMachine.java:takeSnapshot(295)) - group-628DD217A515: Finished taking a snapshot at:(t:1, i:4) file:/workdir/hadoop-ozone/integration-test/target/test-dir/MiniOzoneClusterImpl-6f429aea-cb1e-4c0a-a3f8-3b3e3b27620e/datanode-4/data/ratis/89a2dc60-a8ce-44b7-8de0-628dd217a515/sm/snapshot.1_4 time:36
2019-08-29 17:01:24,699 [StateMachineUpdater:3acd8f8c-e91c-4578-a55f-526981cf687c:group-628DD217A515] INFO  impl.StateMachineUpdater (StateMachineUpdater.java:takeSnapshot(242)) - StateMachineUpdater:3acd8f8c-e91c-4578-a55f-526981cf687c:group-628DD217A515: Took a snapshot at index 4
2019-08-29 17:01:24,699 [StateMachineUpdater:3acd8f8c-e91c-4578-a55f-526981cf687c:group-628DD217A515] INFO  impl.StateMachineUpdater (StateMachineUpdater.java:lambda$new$0(80)) - StateMachineUpdater:3acd8f8c-e91c-4578-a55f-526981cf687c:group-628DD217A515: snapshotIndex: updateIncreasingly -1 -> 4
2019-08-29 17:01:24,699 [main] INFO  impl.RaftServerImpl (ServerState.java:close(394)) - 3acd8f8c-e91c-4578-a55f-526981cf687c:group-628DD217A515 closes. The last applied log index is 6
2019-08-29 17:01:24,700 [StateMachineUpdater:530fff1b-0ce4-48db-9d30-11baf1ff95d0:group-9BDCFF004CDE] INFO  ratis.ContainerStateMachine (ContainerStateMachine.java:takeSnapshot(295)) - group-9BDCFF004CDE: Finished taking a snapshot at:(t:1, i:6) file:/workdir/hadoop-ozone/integration-test/target/test-dir/MiniOzoneClusterImpl-6f429aea-cb1e-4c0a-a3f8-3b3e3b27620e/datanode-1/data/ratis/65eaa4f8-6b40-430d-9200-9bdcff004cde/sm/snapshot.1_6 time:23
2019-08-29 17:01:24,700 [3acd8f8c-e91c-4578-a55f-526981cf687c-SegmentedRaftLogWorker:Storage Directory /workdir/hadoop-ozone/integration-test/target/test-dir/MiniOzoneClusterImpl-6f429aea-cb1e-4c0a-a3f8-3b3e3b27620e/datanode-4/data/ratis/89a2dc60-a8ce-44b7-8de0-628dd217a515] INFO  segmented.SegmentedRaftLogWorker (SegmentedRaftLogWorker.java:run(313)) - 3acd8f8c-e91c-4578-a55f-526981cf687c-SegmentedRaftLogWorker:Storage Directory /workdir/hadoop-ozone/integration-test/target/test-dir/MiniOzoneClusterImpl-6f429aea-cb1e-4c0a-a3f8-3b3e3b27620e/datanode-4/data/ratis/89a2dc60-a8ce-44b7-8de0-628dd217a515 was interrupted, exiting. There are 0 tasks remaining in the queue.
2019-08-29 17:01:24,700 [StateMachineUpdater:530fff1b-0ce4-48db-9d30-11baf1ff95d0:group-9BDCFF004CDE] INFO  impl.StateMachineUpdater (StateMachineUpdater.java:takeSnapshot(242)) - StateMachineUpdater:530fff1b-0ce4-48db-9d30-11baf1ff95d0:group-9BDCFF004CDE: Took a snapshot at index 6
2019-08-29 17:01:24,700 [StateMachineUpdater:530fff1b-0ce4-48db-9d30-11baf1ff95d0:group-9BDCFF004CDE] INFO  impl.StateMachineUpdater (StateMachineUpdater.java:lambda$new$0(80)) - StateMachineUpdater:530fff1b-0ce4-48db-9d30-11baf1ff95d0:group-9BDCFF004CDE: snapshotIndex: updateIncreasingly -1 -> 6
2019-08-29 17:01:24,702 [main] INFO  segmented.SegmentedRaftLogWorker (SegmentedRaftLogWorker.java:close(228)) - 3acd8f8c-e91c-4578-a55f-526981cf687c-SegmentedRaftLogWorker:Storage Directory /workdir/hadoop-ozone/integration-test/target/test-dir/MiniOzoneClusterImpl-6f429aea-cb1e-4c0a-a3f8-3b3e3b27620e/datanode-4/data/ratis/89a2dc60-a8ce-44b7-8de0-628dd217a515 close()
2019-08-29 17:01:24,703 [ForkJoinPool.commonPool-worker-0] INFO  impl.RaftServerImpl (ServerState.java:close(394)) - 530fff1b-0ce4-48db-9d30-11baf1ff95d0:group-9BDCFF004CDE closes. The last applied log index is 6
2019-08-29 17:01:24,707 [main] INFO  impl.RaftServerImpl (RaftServerImpl.java:lambda$shutdown$3(245)) - 3acd8f8c-e91c-4578-a55f-526981cf687c: shutdown group-6B5CB8CAC6D7
2019-08-29 17:01:24,707 [530fff1b-0ce4-48db-9d30-11baf1ff95d0-SegmentedRaftLogWorker:Storage Directory /workdir/hadoop-ozone/integration-test/target/test-dir/MiniOzoneClusterImpl-6f429aea-cb1e-4c0a-a3f8-3b3e3b27620e/datanode-1/data/ratis/65eaa4f8-6b40-430d-9200-9bdcff004cde] INFO  segmented.SegmentedRaftLogWorker (SegmentedRaftLogWorker.java:run(313)) - 530fff1b-0ce4-48db-9d30-11baf1ff95d0-SegmentedRaftLogWorker:Storage Directory /workdir/hadoop-ozone/integration-test/target/test-dir/MiniOzoneClusterImpl-6f429aea-cb1e-4c0a-a3f8-3b3e3b27620e/datanode-1/data/ratis/65eaa4f8-6b40-430d-9200-9bdcff004cde was interrupted, exiting. There are 0 tasks remaining in the queue.
2019-08-29 17:01:24,708 [main] INFO  util.JmxRegister (JmxRegister.java:unregister(73)) - Successfully un-registered JMX Bean with object name Ratis:service=RaftServer,group=group-6B5CB8CAC6D7,id=3acd8f8c-e91c-4578-a55f-526981cf687c
2019-08-29 17:01:24,710 [ForkJoinPool.commonPool-worker-0] INFO  segmented.SegmentedRaftLogWorker (SegmentedRaftLogWorker.java:close(228)) - 530fff1b-0ce4-48db-9d30-11baf1ff95d0-SegmentedRaftLogWorker:Storage Directory /workdir/hadoop-ozone/integration-test/target/test-dir/MiniOzoneClusterImpl-6f429aea-cb1e-4c0a-a3f8-3b3e3b27620e/datanode-1/data/ratis/65eaa4f8-6b40-430d-9200-9bdcff004cde close()
2019-08-29 17:01:24,710 [main] INFO  impl.RoleInfo (RoleInfo.java:shutdownLeaderState(104)) - 3acd8f8c-e91c-4578-a55f-526981cf687c: shutdown LeaderState
2019-08-29 17:01:24,715 [ForkJoinPool.commonPool-worker-0] INFO  server.GrpcService (GrpcService.java:closeImpl(155)) - 530fff1b-0ce4-48db-9d30-11baf1ff95d0: shutdown server with port 46165 now
2019-08-29 17:01:24,715 [main] INFO  impl.PendingRequests (PendingRequests.java:sendNotLeaderResponses(202)) - 3acd8f8c-e91c-4578-a55f-526981cf687c-PendingRequests: sendNotLeaderResponses
2019-08-29 17:01:24,716 [main] INFO  impl.StateMachineUpdater (StateMachineUpdater.java:stopAndJoin(115)) - StateMachineUpdater:3acd8f8c-e91c-4578-a55f-526981cf687c:group-6B5CB8CAC6D7: set stopIndex = 0
2019-08-29 17:01:24,716 [main] INFO  impl.RaftServerImpl (ServerState.java:close(394)) - 3acd8f8c-e91c-4578-a55f-526981cf687c:group-6B5CB8CAC6D7 closes. The last applied log index is 0
2019-08-29 17:01:24,716 [grpc-default-executor-10] WARN  server.GrpcLogAppender (LogUtils.java:warn(134)) - c104ec32-9aa5-499a-b97d-5e325c6a2558->530fff1b-0ce4-48db-9d30-11baf1ff95d0: Failed appendEntries: org.apache.ratis.thirdparty.io.grpc.StatusRuntimeException: CANCELLED: HTTP/2 error code: CANCEL
Received Rst Stream
2019-08-29 17:01:24,716 [ForkJoinPool.commonPool-worker-0] INFO  server.GrpcService (GrpcService.java:closeImpl(163)) - 530fff1b-0ce4-48db-9d30-11baf1ff95d0: shutdown server with port 46165 successfully
2019-08-29 17:01:24,716 [grpc-default-executor-5] WARN  server.GrpcServerProtocolService (LogUtils.java:warn(134)) - 530fff1b-0ce4-48db-9d30-11baf1ff95d0: appendEntries onError: org.apache.ratis.thirdparty.io.grpc.StatusRuntimeException: CANCELLED: cancelled before receiving half close
2019-08-29 17:01:24,717 [grpc-default-executor-10] INFO  impl.FollowerInfo (FollowerInfo.java:lambda$new$0(50)) - c104ec32-9aa5-499a-b97d-5e325c6a2558->530fff1b-0ce4-48db-9d30-11baf1ff95d0: nextIndex: updateUnconditionally 7 -> 6
2019-08-29 17:01:24,717 [3acd8f8c-e91c-4578-a55f-526981cf687c-SegmentedRaftLogWorker:Storage Directory /workdir/hadoop-ozone/integration-test/target/test-dir/MiniOzoneClusterImpl-6f429aea-cb1e-4c0a-a3f8-3b3e3b27620e/datanode-4/data/ratis/b84f28ac-4bbf-4537-9cb3-6b5cb8cac6d7] INFO  segmented.SegmentedRaftLogWorker (SegmentedRaftLogWorker.java:run(313)) - 3acd8f8c-e91c-4578-a55f-526981cf687c-SegmentedRaftLogWorker:Storage Directory /workdir/hadoop-ozone/integration-test/target/test-dir/MiniOzoneClusterImpl-6f429aea-cb1e-4c0a-a3f8-3b3e3b27620e/datanode-4/data/ratis/b84f28ac-4bbf-4537-9cb3-6b5cb8cac6d7 was interrupted, exiting. There are 0 tasks remaining in the queue.
2019-08-29 17:01:24,720 [main] INFO  segmented.SegmentedRaftLogWorker (SegmentedRaftLogWorker.java:close(228)) - 3acd8f8c-e91c-4578-a55f-526981cf687c-SegmentedRaftLogWorker:Storage Directory /workdir/hadoop-ozone/integration-test/target/test-dir/MiniOzoneClusterImpl-6f429aea-cb1e-4c0a-a3f8-3b3e3b27620e/datanode-4/data/ratis/b84f28ac-4bbf-4537-9cb3-6b5cb8cac6d7 close()
2019-08-29 17:01:24,726 [main] INFO  server.GrpcService (GrpcService.java:closeImpl(155)) - 3acd8f8c-e91c-4578-a55f-526981cf687c: shutdown server with port 43809 now
2019-08-29 17:01:24,726 [grpc-default-executor-5] WARN  server.GrpcServerProtocolService (LogUtils.java:warn(134)) - 3acd8f8c-e91c-4578-a55f-526981cf687c: appendEntries onError: org.apache.ratis.thirdparty.io.grpc.StatusRuntimeException: CANCELLED: cancelled before receiving half close
2019-08-29 17:01:24,726 [main] INFO  server.GrpcService (GrpcService.java:closeImpl(163)) - 3acd8f8c-e91c-4578-a55f-526981cf687c: shutdown server with port 43809 successfully
2019-08-29 17:01:24,727 [grpc-default-executor-5] WARN  server.GrpcLogAppender (LogUtils.java:warn(134)) - c587acdf-dbe2-410c-8061-3cebf3038fed->3acd8f8c-e91c-4578-a55f-526981cf687c: Failed appendEntries: org.apache.ratis.thirdparty.io.grpc.StatusRuntimeException: CANCELLED: HTTP/2 error code: CANCEL
Received Rst Stream
2019-08-29 17:01:24,727 [grpc-default-executor-5] INFO  impl.FollowerInfo (FollowerInfo.java:lambda$new$0(50)) - c587acdf-dbe2-410c-8061-3cebf3038fed->3acd8f8c-e91c-4578-a55f-526981cf687c: nextIndex: updateUnconditionally 7 -> 6
2019-08-29 17:01:24,731 [refreshUsed-/workdir/hadoop-ozone/integration-test/target/test-dir/MiniOzoneClusterImpl-6f429aea-cb1e-4c0a-a3f8-3b3e3b27620e/datanode-1/data/containers] WARN  fs.CachingGetSpaceUsed (CachingGetSpaceUsed.java:run(183)) - Thread Interrupted waiting to refresh disk information: sleep interrupted
2019-08-29 17:01:24,732 [grpc-default-executor-10] WARN  server.GrpcLogAppender (LogUtils.java:warn(134)) - c104ec32-9aa5-499a-b97d-5e325c6a2558->530fff1b-0ce4-48db-9d30-11baf1ff95d0: Failed appendEntries: org.apache.ratis.thirdparty.io.grpc.StatusRuntimeException: UNAVAILABLE: io exception
2019-08-29 17:01:24,732 [grpc-default-executor-10] INFO  impl.FollowerInfo (FollowerInfo.java:lambda$new$0(50)) - c104ec32-9aa5-499a-b97d-5e325c6a2558->530fff1b-0ce4-48db-9d30-11baf1ff95d0: nextIndex: updateUnconditionally 6 -> 5
2019-08-29 17:01:24,733 [refreshUsed-/workdir/hadoop-ozone/integration-test/target/test-dir/MiniOzoneClusterImpl-6f429aea-cb1e-4c0a-a3f8-3b3e3b27620e/datanode-4/data/containers] WARN  fs.CachingGetSpaceUsed (CachingGetSpaceUsed.java:run(183)) - Thread Interrupted waiting to refresh disk information: sleep interrupted
2019-08-29 17:01:24,750 [ForkJoinPool.commonPool-worker-0] INFO  utils.BackgroundService (BackgroundService.java:shutdown(148)) - Shutting down service BlockDeletingService
2019-08-29 17:01:24,752 [main] INFO  utils.BackgroundService (BackgroundService.java:shutdown(148)) - Shutting down service BlockDeletingService
2019-08-29 17:01:24,755 [ForkJoinPool.commonPool-worker-0] INFO  statemachine.DatanodeStateMachine (DatanodeStateMachine.java:stopDaemon(395)) - Ozone container server stopped.
2019-08-29 17:01:24,763 [main] INFO  statemachine.DatanodeStateMachine (DatanodeStateMachine.java:stopDaemon(395)) - Ozone container server stopped.
2019-08-29 17:01:24,766 [ForkJoinPool.commonPool-worker-0] INFO  handler.ContextHandler (ContextHandler.java:doStop(910)) - Stopped o.e.j.w.WebAppContext@2086d469{/,null,UNAVAILABLE}{/hddsDatanode}
2019-08-29 17:01:24,766 [main] INFO  handler.ContextHandler (ContextHandler.java:doStop(910)) - Stopped o.e.j.w.WebAppContext@2d73e8c4{/,null,UNAVAILABLE}{/hddsDatanode}
2019-08-29 17:01:24,766 [ForkJoinPool.commonPool-worker-0] INFO  server.AbstractConnector (AbstractConnector.java:doStop(318)) - Stopped ServerConnector@b1d19ff{HTTP/1.1,[http/1.1]}{0.0.0.0:0}
2019-08-29 17:01:24,778 [ForkJoinPool.commonPool-worker-0] INFO  handler.ContextHandler (ContextHandler.java:doStop(910)) - Stopped o.e.j.s.ServletContextHandler@1d1c37d5{/static,jar:file:/home/user/.m2/repository/org/apache/hadoop/hadoop-hdds-container-service/0.5.0-SNAPSHOT/hadoop-hdds-container-service-0.5.0-SNAPSHOT.jar!/webapps/static,UNAVAILABLE}
2019-08-29 17:01:24,778 [main] INFO  server.AbstractConnector (AbstractConnector.java:doStop(318)) - Stopped ServerConnector@6ce2e079{HTTP/1.1,[http/1.1]}{0.0.0.0:0}
2019-08-29 17:01:24,778 [ForkJoinPool.commonPool-worker-0] INFO  handler.ContextHandler (ContextHandler.java:doStop(910)) - Stopped o.e.j.s.ServletContextHandler@4be12f6c{/logs,file:///workdir/hadoop-ozone/integration-test/target/log,UNAVAILABLE}
2019-08-29 17:01:24,778 [main] INFO  handler.ContextHandler (ContextHandler.java:doStop(910)) - Stopped o.e.j.s.ServletContextHandler@8f6b4ab{/static,jar:file:/home/user/.m2/repository/org/apache/hadoop/hadoop-hdds-container-service/0.5.0-SNAPSHOT/hadoop-hdds-container-service-0.5.0-SNAPSHOT.jar!/webapps/static,UNAVAILABLE}
2019-08-29 17:01:24,779 [main] INFO  handler.ContextHandler (ContextHandler.java:doStop(910)) - Stopped o.e.j.s.ServletContextHandler@58182b96{/logs,file:///workdir/hadoop-ozone/integration-test/target/log,UNAVAILABLE}
2019-08-29 17:01:25,154 [Datanode State Machine Thread - 0] INFO  statemachine.DatanodeStateMachine (DatanodeStateMachine.java:lambda$startDaemon$0(350)) - Ozone container server started.
2019-08-29 17:01:25,156 | INFO  | SCMAudit | user=jenkins1000 | ip=192.168.69.102 | op=SEND_HEARTBEAT {datanodeUUID=c104ec32-9aa5-499a-b97d-5e325c6a2558, command=[commandType: closeContainerCommand closeContainerCommandProto { containerID: 1 pipelineID { id: "65eaa4f8-6b40-430d-9200-9bdcff004cde" } cmdId: 1 force: false } ]} | ret=SUCCESS |  
2019-08-29 17:01:25,470 | INFO  | SCMAudit | user=jenkins1000 | ip=192.168.69.102 | op=SEND_HEARTBEAT {datanodeUUID=13cf937c-1041-4481-925d-65640af47ca7, command=[commandType: closeContainerCommand closeContainerCommandProto { containerID: 2 pipelineID { id: "89a2dc60-a8ce-44b7-8de0-628dd217a515" } cmdId: 2 force: false } ]} | ret=SUCCESS |  
2019-08-29 17:01:25,471 | INFO  | SCMAudit | user=jenkins1000 | ip=192.168.69.102 | op=SEND_HEARTBEAT {datanodeUUID=c587acdf-dbe2-410c-8061-3cebf3038fed, command=[commandType: closeContainerCommand closeContainerCommandProto { containerID: 2 pipelineID { id: "89a2dc60-a8ce-44b7-8de0-628dd217a515" } cmdId: 2 force: false } ]} | ret=SUCCESS |  
2019-08-29 17:01:25,516 [Datanode State Machine Thread - 0] INFO  statemachine.DatanodeStateMachine (DatanodeStateMachine.java:lambda$startDaemon$0(350)) - Ozone container server started.
2019-08-29 17:01:26,155 | INFO  | SCMAudit | user=jenkins1000 | ip=192.168.69.102 | op=SEND_HEARTBEAT {datanodeUUID=c104ec32-9aa5-499a-b97d-5e325c6a2558, command=[]} | ret=SUCCESS |  
2019-08-29 17:01:26,181 | INFO  | SCMAudit | user=jenkins1000 | ip=192.168.69.102 | op=SEND_HEARTBEAT {datanodeUUID=c104ec32-9aa5-499a-b97d-5e325c6a2558, command=[]} | ret=SUCCESS |  
2019-08-29 17:01:26,182 [grpc-default-executor-9] WARN  server.GrpcLogAppender (LogUtils.java:warn(134)) - c104ec32-9aa5-499a-b97d-5e325c6a2558->530fff1b-0ce4-48db-9d30-11baf1ff95d0: Failed appendEntries: org.apache.ratis.thirdparty.io.grpc.StatusRuntimeException: UNAVAILABLE: io exception
2019-08-29 17:01:26,183 [grpc-default-executor-9] INFO  impl.FollowerInfo (FollowerInfo.java:lambda$new$0(50)) - c104ec32-9aa5-499a-b97d-5e325c6a2558->530fff1b-0ce4-48db-9d30-11baf1ff95d0: nextIndex: updateUnconditionally 6 -> 5
2019-08-29 17:01:26,200 [grpc-default-executor-5] WARN  server.GrpcLogAppender (LogUtils.java:warn(134)) - c104ec32-9aa5-499a-b97d-5e325c6a2558->530fff1b-0ce4-48db-9d30-11baf1ff95d0: Failed appendEntries: org.apache.ratis.thirdparty.io.grpc.StatusRuntimeException: UNAVAILABLE: io exception
2019-08-29 17:01:26,200 [grpc-default-executor-5] INFO  impl.FollowerInfo (FollowerInfo.java:lambda$new$0(50)) - c104ec32-9aa5-499a-b97d-5e325c6a2558->530fff1b-0ce4-48db-9d30-11baf1ff95d0: nextIndex: updateUnconditionally 6 -> 5
2019-08-29 17:01:26,205 [grpc-default-executor-9] WARN  server.GrpcLogAppender (LogUtils.java:warn(134)) - c104ec32-9aa5-499a-b97d-5e325c6a2558->530fff1b-0ce4-48db-9d30-11baf1ff95d0: Failed appendEntries: org.apache.ratis.thirdparty.io.grpc.StatusRuntimeException: UNAVAILABLE: io exception
2019-08-29 17:01:26,206 [grpc-default-executor-9] INFO  impl.FollowerInfo (FollowerInfo.java:lambda$new$0(50)) - c104ec32-9aa5-499a-b97d-5e325c6a2558->530fff1b-0ce4-48db-9d30-11baf1ff95d0: nextIndex: updateUnconditionally 6 -> 5
2019-08-29 17:01:26,234 [RatisApplyTransactionExecutor 1] INFO  interfaces.Container (KeyValueContainer.java:flushAndSyncDB(382)) - Container 1 is synced with bcsId 4.
2019-08-29 17:01:26,234 [RatisApplyTransactionExecutor 1] INFO  interfaces.Container (KeyValueContainer.java:flushAndSyncDB(382)) - Container 1 is synced with bcsId 4.
2019-08-29 17:01:26,249 [RatisApplyTransactionExecutor 1] INFO  interfaces.Container (KeyValueContainer.java:flushAndSyncDB(382)) - Container 1 is synced with bcsId 4.
2019-08-29 17:01:26,250 | INFO  | DNAudit | user=null | ip=null | op=CLOSE_CONTAINER {containerID=1} | ret=SUCCESS |  
2019-08-29 17:01:26,249 [RatisApplyTransactionExecutor 1] INFO  interfaces.Container (KeyValueContainer.java:flushAndSyncDB(382)) - Container 1 is synced with bcsId 4.
2019-08-29 17:01:26,250 | INFO  | SCMAudit | user=jenkins1000 | ip=192.168.69.102 | op=SEND_HEARTBEAT {datanodeUUID=c104ec32-9aa5-499a-b97d-5e325c6a2558, command=[]} | ret=SUCCESS |  
2019-08-29 17:01:26,251 [EventQueue-IncrementalContainerReportForIncrementalContainerReportHandler] INFO  container.IncrementalContainerReportHandler (AbstractContainerReportHandler.java:updateContainerState(176)) - Moving container #1 to CLOSED state, datanode c104ec32-9aa5-499a-b97d-5e325c6a2558{ip: 192.168.69.102, host: pr-hdds-1413-r8zfz-2367378370, networkLocation: /default-rack, certSerialId: null} reported CLOSED replica.
2019-08-29 17:01:26,266 | INFO  | DNAudit | user=null | ip=null | op=CLOSE_CONTAINER {containerID=1} | ret=SUCCESS |  
2019-08-29 17:01:26,470 | INFO  | SCMAudit | user=jenkins1000 | ip=192.168.69.102 | op=SEND_HEARTBEAT {datanodeUUID=13cf937c-1041-4481-925d-65640af47ca7, command=[]} | ret=SUCCESS |  
2019-08-29 17:01:26,470 | INFO  | SCMAudit | user=jenkins1000 | ip=192.168.69.102 | op=SEND_HEARTBEAT {datanodeUUID=c587acdf-dbe2-410c-8061-3cebf3038fed, command=[]} | ret=SUCCESS |  
2019-08-29 17:01:26,486 | INFO  | SCMAudit | user=jenkins1000 | ip=192.168.69.102 | op=SEND_HEARTBEAT {datanodeUUID=13cf937c-1041-4481-925d-65640af47ca7, command=[]} | ret=SUCCESS |  
2019-08-29 17:01:27,023 [grpc-default-executor-9] WARN  server.GrpcLogAppender (LogUtils.java:warn(134)) - c587acdf-dbe2-410c-8061-3cebf3038fed->3acd8f8c-e91c-4578-a55f-526981cf687c: Failed appendEntries: org.apache.ratis.thirdparty.io.grpc.StatusRuntimeException: UNAVAILABLE: io exception
2019-08-29 17:01:27,024 [grpc-default-executor-9] INFO  impl.FollowerInfo (FollowerInfo.java:lambda$new$0(50)) - c587acdf-dbe2-410c-8061-3cebf3038fed->3acd8f8c-e91c-4578-a55f-526981cf687c: nextIndex: updateUnconditionally 6 -> 5
2019-08-29 17:01:27,250 | INFO  | SCMAudit | user=jenkins1000 | ip=192.168.69.102 | op=SEND_HEARTBEAT {datanodeUUID=c104ec32-9aa5-499a-b97d-5e325c6a2558, command=[]} | ret=SUCCESS |  
2019-08-29 17:01:27,471 | INFO  | SCMAudit | user=jenkins1000 | ip=192.168.69.102 | op=SEND_HEARTBEAT {datanodeUUID=c587acdf-dbe2-410c-8061-3cebf3038fed, command=[]} | ret=SUCCESS |  
2019-08-29 17:01:27,486 | INFO  | SCMAudit | user=jenkins1000 | ip=192.168.69.102 | op=SEND_HEARTBEAT {datanodeUUID=13cf937c-1041-4481-925d-65640af47ca7, command=[]} | ret=SUCCESS |  
2019-08-29 17:01:27,496 | INFO  | SCMAudit | user=jenkins1000 | ip=192.168.69.102 | op=SEND_HEARTBEAT {datanodeUUID=c587acdf-dbe2-410c-8061-3cebf3038fed, command=[]} | ret=SUCCESS |  
2019-08-29 17:01:27,498 [grpc-default-executor-5] WARN  server.GrpcLogAppender (LogUtils.java:warn(134)) - c587acdf-dbe2-410c-8061-3cebf3038fed->3acd8f8c-e91c-4578-a55f-526981cf687c: Failed appendEntries: org.apache.ratis.thirdparty.io.grpc.StatusRuntimeException: UNAVAILABLE: io exception
2019-08-29 17:01:27,498 [grpc-default-executor-5] INFO  impl.FollowerInfo (FollowerInfo.java:lambda$new$0(50)) - c587acdf-dbe2-410c-8061-3cebf3038fed->3acd8f8c-e91c-4578-a55f-526981cf687c: nextIndex: updateUnconditionally 6 -> 5
2019-08-29 17:01:27,504 [grpc-default-executor-10] WARN  server.GrpcLogAppender (LogUtils.java:warn(134)) - c587acdf-dbe2-410c-8061-3cebf3038fed->3acd8f8c-e91c-4578-a55f-526981cf687c: Failed appendEntries: org.apache.ratis.thirdparty.io.grpc.StatusRuntimeException: UNAVAILABLE: io exception
2019-08-29 17:01:27,504 [grpc-default-executor-10] INFO  impl.FollowerInfo (FollowerInfo.java:lambda$new$0(50)) - c587acdf-dbe2-410c-8061-3cebf3038fed->3acd8f8c-e91c-4578-a55f-526981cf687c: nextIndex: updateUnconditionally 6 -> 5
2019-08-29 17:01:27,517 [grpc-default-executor-10] WARN  server.GrpcLogAppender (LogUtils.java:warn(134)) - c587acdf-dbe2-410c-8061-3cebf3038fed->3acd8f8c-e91c-4578-a55f-526981cf687c: Failed appendEntries: org.apache.ratis.thirdparty.io.grpc.StatusRuntimeException: UNAVAILABLE: io exception
2019-08-29 17:01:27,517 [grpc-default-executor-10] INFO  impl.FollowerInfo (FollowerInfo.java:lambda$new$0(50)) - c587acdf-dbe2-410c-8061-3cebf3038fed->3acd8f8c-e91c-4578-a55f-526981cf687c: nextIndex: updateUnconditionally 6 -> 5
2019-08-29 17:01:27,530 [RatisApplyTransactionExecutor 2] INFO  interfaces.Container (KeyValueContainer.java:flushAndSyncDB(382)) - Container 2 is synced with bcsId 4.
2019-08-29 17:01:27,530 [RatisApplyTransactionExecutor 2] INFO  interfaces.Container (KeyValueContainer.java:flushAndSyncDB(382)) - Container 2 is synced with bcsId 4.
2019-08-29 17:01:27,530 [RatisApplyTransactionExecutor 2] INFO  interfaces.Container (KeyValueContainer.java:flushAndSyncDB(382)) - Container 2 is synced with bcsId 4.
2019-08-29 17:01:27,530 [RatisApplyTransactionExecutor 2] INFO  interfaces.Container (KeyValueContainer.java:flushAndSyncDB(382)) - Container 2 is synced with bcsId 4.
2019-08-29 17:01:27,557 | INFO  | DNAudit | user=null | ip=null | op=CLOSE_CONTAINER {containerID=2} | ret=SUCCESS |  
2019-08-29 17:01:27,557 | INFO  | DNAudit | user=null | ip=null | op=CLOSE_CONTAINER {containerID=2} | ret=SUCCESS |  
2019-08-29 17:01:27,557 | INFO  | SCMAudit | user=jenkins1000 | ip=192.168.69.102 | op=SEND_HEARTBEAT {datanodeUUID=13cf937c-1041-4481-925d-65640af47ca7, command=[]} | ret=SUCCESS |  
2019-08-29 17:01:27,558 | INFO  | SCMAudit | user=jenkins1000 | ip=192.168.69.102 | op=SEND_HEARTBEAT {datanodeUUID=c587acdf-dbe2-410c-8061-3cebf3038fed, command=[]} | ret=SUCCESS |  
2019-08-29 17:01:27,558 [EventQueue-IncrementalContainerReportForIncrementalContainerReportHandler] INFO  container.IncrementalContainerReportHandler (AbstractContainerReportHandler.java:updateContainerState(176)) - Moving container #2 to CLOSED state, datanode 13cf937c-1041-4481-925d-65640af47ca7{ip: 192.168.69.102, host: pr-hdds-1413-r8zfz-2367378370, networkLocation: /default-rack, certSerialId: null} reported CLOSED replica.
2019-08-29 17:01:28,250 | INFO  | SCMAudit | user=jenkins1000 | ip=192.168.69.102 | op=SEND_HEARTBEAT {datanodeUUID=c104ec32-9aa5-499a-b97d-5e325c6a2558, command=[]} | ret=SUCCESS |  
2019-08-29 17:01:28,557 | INFO  | SCMAudit | user=jenkins1000 | ip=192.168.69.102 | op=SEND_HEARTBEAT {datanodeUUID=c587acdf-dbe2-410c-8061-3cebf3038fed, command=[]} | ret=SUCCESS |  
2019-08-29 17:01:28,557 | INFO  | SCMAudit | user=jenkins1000 | ip=192.168.69.102 | op=SEND_HEARTBEAT {datanodeUUID=13cf937c-1041-4481-925d-65640af47ca7, command=[]} | ret=SUCCESS |  
2019-08-29 17:01:28,707 [grpc-default-executor-5] WARN  server.GrpcLogAppender (LogUtils.java:warn(134)) - c104ec32-9aa5-499a-b97d-5e325c6a2558->530fff1b-0ce4-48db-9d30-11baf1ff95d0: Failed appendEntries: org.apache.ratis.thirdparty.io.grpc.StatusRuntimeException: UNAVAILABLE: io exception
2019-08-29 17:01:28,707 [grpc-default-executor-5] INFO  impl.FollowerInfo (FollowerInfo.java:lambda$new$0(50)) - c104ec32-9aa5-499a-b97d-5e325c6a2558->530fff1b-0ce4-48db-9d30-11baf1ff95d0: nextIndex: updateUnconditionally 5 -> 4
2019-08-29 17:01:29,235 [EventQueue-StaleNodeForStaleNodeHandler] INFO  node.StaleNodeHandler (StaleNodeHandler.java:onMessage(58)) - Datanode 02047d3a-8f07-43a6-aa09-0e15bab56fb4{ip: 192.168.69.102, host: pr-hdds-1413-r8zfz-2367378370, networkLocation: /default-rack, certSerialId: null} moved to stale state. Finalizing its pipelines [PipelineID=a2250c03-c62d-4e00-b91b-51af52bc2394, PipelineID=65eaa4f8-6b40-430d-9200-9bdcff004cde]
2019-08-29 17:01:29,235 [EventQueue-StaleNodeForStaleNodeHandler] INFO  pipeline.SCMPipelineManager (SCMPipelineManager.java:finalizeAndDestroyPipeline(309)) - destroying pipeline:Pipeline[ Id: a2250c03-c62d-4e00-b91b-51af52bc2394, Nodes: 02047d3a-8f07-43a6-aa09-0e15bab56fb4{ip: 192.168.69.102, host: pr-hdds-1413-r8zfz-2367378370, networkLocation: /default-rack, certSerialId: null}, Type:RATIS, Factor:ONE, State:OPEN]
2019-08-29 17:01:29,235 [EventQueue-StaleNodeForStaleNodeHandler] INFO  pipeline.PipelineStateManager (PipelineStateManager.java:finalizePipeline(123)) - Pipeline Pipeline[ Id: a2250c03-c62d-4e00-b91b-51af52bc2394, Nodes: 02047d3a-8f07-43a6-aa09-0e15bab56fb4{ip: 192.168.69.102, host: pr-hdds-1413-r8zfz-2367378370, networkLocation: /default-rack, certSerialId: null}, Type:RATIS, Factor:ONE, State:CLOSED] moved to CLOSED state
2019-08-29 17:01:29,236 [EventQueue-StaleNodeForStaleNodeHandler] INFO  pipeline.SCMPipelineManager (SCMPipelineManager.java:finalizeAndDestroyPipeline(309)) - destroying pipeline:Pipeline[ Id: 65eaa4f8-6b40-430d-9200-9bdcff004cde, Nodes: 02047d3a-8f07-43a6-aa09-0e15bab56fb4{ip: 192.168.69.102, host: pr-hdds-1413-r8zfz-2367378370, networkLocation: /default-rack, certSerialId: null}c104ec32-9aa5-499a-b97d-5e325c6a2558{ip: 192.168.69.102, host: pr-hdds-1413-r8zfz-2367378370, networkLocation: /default-rack, certSerialId: null}530fff1b-0ce4-48db-9d30-11baf1ff95d0{ip: 192.168.69.102, host: pr-hdds-1413-r8zfz-2367378370, networkLocation: /default-rack, certSerialId: null}, Type:RATIS, Factor:THREE, State:CLOSED]
2019-08-29 17:01:29,250 | INFO  | SCMAudit | user=jenkins1000 | ip=192.168.69.102 | op=SEND_HEARTBEAT {datanodeUUID=c104ec32-9aa5-499a-b97d-5e325c6a2558, command=[]} | ret=SUCCESS |  
2019-08-29 17:01:29,535 [EventQueue-StaleNodeForStaleNodeHandler] INFO  node.StaleNodeHandler (StaleNodeHandler.java:onMessage(58)) - Datanode 1b5bd387-da24-4a75-a3b9-46e545344a1a{ip: 192.168.69.102, host: pr-hdds-1413-r8zfz-2367378370, networkLocation: /default-rack, certSerialId: null} moved to stale state. Finalizing its pipelines [PipelineID=05b6348c-f177-4ced-965c-7eb258eabf4d]
2019-08-29 17:01:29,536 [EventQueue-StaleNodeForStaleNodeHandler] INFO  pipeline.SCMPipelineManager (SCMPipelineManager.java:finalizeAndDestroyPipeline(309)) - destroying pipeline:Pipeline[ Id: 05b6348c-f177-4ced-965c-7eb258eabf4d, Nodes: 1b5bd387-da24-4a75-a3b9-46e545344a1a{ip: 192.168.69.102, host: pr-hdds-1413-r8zfz-2367378370, networkLocation: /default-rack, certSerialId: null}, Type:RATIS, Factor:ONE, State:OPEN]
2019-08-29 17:01:29,536 [EventQueue-StaleNodeForStaleNodeHandler] INFO  pipeline.PipelineStateManager (PipelineStateManager.java:finalizePipeline(123)) - Pipeline Pipeline[ Id: 05b6348c-f177-4ced-965c-7eb258eabf4d, Nodes: 1b5bd387-da24-4a75-a3b9-46e545344a1a{ip: 192.168.69.102, host: pr-hdds-1413-r8zfz-2367378370, networkLocation: /default-rack, certSerialId: null}, Type:RATIS, Factor:ONE, State:CLOSED] moved to CLOSED state
2019-08-29 17:01:29,557 | INFO  | SCMAudit | user=jenkins1000 | ip=192.168.69.102 | op=SEND_HEARTBEAT {datanodeUUID=c587acdf-dbe2-410c-8061-3cebf3038fed, command=[]} | ret=SUCCESS |  
2019-08-29 17:01:29,557 | INFO  | SCMAudit | user=jenkins1000 | ip=192.168.69.102 | op=SEND_HEARTBEAT {datanodeUUID=13cf937c-1041-4481-925d-65640af47ca7, command=[]} | ret=SUCCESS |  
2019-08-29 17:01:29,780 [ForkJoinPool.commonPool-worker-0] INFO  ozoneimpl.OzoneContainer (OzoneContainer.java:stop(215)) - Attempting to stop container services.
2019-08-29 17:01:29,780 [ForkJoinPool.commonPool-worker-0] INFO  impl.RaftServerProxy (RaftServerProxy.java:lambda$close$4(314)) - 02047d3a-8f07-43a6-aa09-0e15bab56fb4: close
2019-08-29 17:01:29,780 [ForkJoinPool.commonPool-worker-0] INFO  impl.RaftServerImpl (RaftServerImpl.java:lambda$shutdown$3(245)) - 02047d3a-8f07-43a6-aa09-0e15bab56fb4: shutdown group-51AF52BC2394
2019-08-29 17:01:29,781 [main] INFO  ozoneimpl.OzoneContainer (OzoneContainer.java:stop(215)) - Attempting to stop container services.
2019-08-29 17:01:29,781 [ForkJoinPool.commonPool-worker-0] INFO  util.JmxRegister (JmxRegister.java:unregister(73)) - Successfully un-registered JMX Bean with object name Ratis:service=RaftServer,group=group-51AF52BC2394,id=02047d3a-8f07-43a6-aa09-0e15bab56fb4
2019-08-29 17:01:29,781 [main] INFO  impl.RaftServerProxy (RaftServerProxy.java:lambda$close$4(314)) - 1b5bd387-da24-4a75-a3b9-46e545344a1a: close
2019-08-29 17:01:29,781 [ForkJoinPool.commonPool-worker-0] INFO  impl.RoleInfo (RoleInfo.java:shutdownLeaderState(104)) - 02047d3a-8f07-43a6-aa09-0e15bab56fb4: shutdown LeaderState
2019-08-29 17:01:29,782 [main] INFO  impl.RaftServerImpl (RaftServerImpl.java:lambda$shutdown$3(245)) - 1b5bd387-da24-4a75-a3b9-46e545344a1a: shutdown group-7EB258EABF4D
2019-08-29 17:01:29,782 [ForkJoinPool.commonPool-worker-0] INFO  impl.PendingRequests (PendingRequests.java:sendNotLeaderResponses(202)) - 02047d3a-8f07-43a6-aa09-0e15bab56fb4-PendingRequests: sendNotLeaderResponses
2019-08-29 17:01:29,783 [main] INFO  util.JmxRegister (JmxRegister.java:unregister(73)) - Successfully un-registered JMX Bean with object name Ratis:service=RaftServer,group=group-7EB258EABF4D,id=1b5bd387-da24-4a75-a3b9-46e545344a1a
2019-08-29 17:01:29,783 [ForkJoinPool.commonPool-worker-0] INFO  impl.StateMachineUpdater (StateMachineUpdater.java:stopAndJoin(115)) - StateMachineUpdater:02047d3a-8f07-43a6-aa09-0e15bab56fb4:group-51AF52BC2394: set stopIndex = 0
2019-08-29 17:01:29,783 [main] INFO  impl.RoleInfo (RoleInfo.java:shutdownLeaderState(104)) - 1b5bd387-da24-4a75-a3b9-46e545344a1a: shutdown LeaderState
2019-08-29 17:01:29,784 [ForkJoinPool.commonPool-worker-0] INFO  impl.RaftServerImpl (ServerState.java:close(394)) - 02047d3a-8f07-43a6-aa09-0e15bab56fb4:group-51AF52BC2394 closes. The last applied log index is 0
2019-08-29 17:01:29,784 [main] INFO  impl.PendingRequests (PendingRequests.java:sendNotLeaderResponses(202)) - 1b5bd387-da24-4a75-a3b9-46e545344a1a-PendingRequests: sendNotLeaderResponses
2019-08-29 17:01:29,785 [02047d3a-8f07-43a6-aa09-0e15bab56fb4-SegmentedRaftLogWorker:Storage Directory /workdir/hadoop-ozone/integration-test/target/test-dir/MiniOzoneClusterImpl-6f429aea-cb1e-4c0a-a3f8-3b3e3b27620e/datanode-2/data/ratis/a2250c03-c62d-4e00-b91b-51af52bc2394] INFO  segmented.SegmentedRaftLogWorker (SegmentedRaftLogWorker.java:run(313)) - 02047d3a-8f07-43a6-aa09-0e15bab56fb4-SegmentedRaftLogWorker:Storage Directory /workdir/hadoop-ozone/integration-test/target/test-dir/MiniOzoneClusterImpl-6f429aea-cb1e-4c0a-a3f8-3b3e3b27620e/datanode-2/data/ratis/a2250c03-c62d-4e00-b91b-51af52bc2394 was interrupted, exiting. There are 0 tasks remaining in the queue.
2019-08-29 17:01:29,785 [main] INFO  impl.StateMachineUpdater (StateMachineUpdater.java:stopAndJoin(115)) - StateMachineUpdater:1b5bd387-da24-4a75-a3b9-46e545344a1a:group-7EB258EABF4D: set stopIndex = 0
2019-08-29 17:01:29,788 [ForkJoinPool.commonPool-worker-0] INFO  segmented.SegmentedRaftLogWorker (SegmentedRaftLogWorker.java:close(228)) - 02047d3a-8f07-43a6-aa09-0e15bab56fb4-SegmentedRaftLogWorker:Storage Directory /workdir/hadoop-ozone/integration-test/target/test-dir/MiniOzoneClusterImpl-6f429aea-cb1e-4c0a-a3f8-3b3e3b27620e/datanode-2/data/ratis/a2250c03-c62d-4e00-b91b-51af52bc2394 close()
2019-08-29 17:01:29,788 [main] INFO  impl.RaftServerImpl (ServerState.java:close(394)) - 1b5bd387-da24-4a75-a3b9-46e545344a1a:group-7EB258EABF4D closes. The last applied log index is 0
2019-08-29 17:01:29,792 [ForkJoinPool.commonPool-worker-0] INFO  impl.RaftServerImpl (RaftServerImpl.java:lambda$shutdown$3(245)) - 02047d3a-8f07-43a6-aa09-0e15bab56fb4: shutdown group-9BDCFF004CDE
2019-08-29 17:01:29,792 [1b5bd387-da24-4a75-a3b9-46e545344a1a-SegmentedRaftLogWorker:Storage Directory /workdir/hadoop-ozone/integration-test/target/test-dir/MiniOzoneClusterImpl-6f429aea-cb1e-4c0a-a3f8-3b3e3b27620e/datanode-3/data/ratis/05b6348c-f177-4ced-965c-7eb258eabf4d] INFO  segmented.SegmentedRaftLogWorker (SegmentedRaftLogWorker.java:run(313)) - 1b5bd387-da24-4a75-a3b9-46e545344a1a-SegmentedRaftLogWorker:Storage Directory /workdir/hadoop-ozone/integration-test/target/test-dir/MiniOzoneClusterImpl-6f429aea-cb1e-4c0a-a3f8-3b3e3b27620e/datanode-3/data/ratis/05b6348c-f177-4ced-965c-7eb258eabf4d was interrupted, exiting. There are 0 tasks remaining in the queue.
2019-08-29 17:01:29,793 [ForkJoinPool.commonPool-worker-0] INFO  util.JmxRegister (JmxRegister.java:unregister(73)) - Successfully un-registered JMX Bean with object name Ratis:service=RaftServer,group=group-9BDCFF004CDE,id=02047d3a-8f07-43a6-aa09-0e15bab56fb4
2019-08-29 17:01:29,795 [main] INFO  segmented.SegmentedRaftLogWorker (SegmentedRaftLogWorker.java:close(228)) - 1b5bd387-da24-4a75-a3b9-46e545344a1a-SegmentedRaftLogWorker:Storage Directory /workdir/hadoop-ozone/integration-test/target/test-dir/MiniOzoneClusterImpl-6f429aea-cb1e-4c0a-a3f8-3b3e3b27620e/datanode-3/data/ratis/05b6348c-f177-4ced-965c-7eb258eabf4d close()
2019-08-29 17:01:29,795 [ForkJoinPool.commonPool-worker-0] INFO  impl.RoleInfo (RoleInfo.java:shutdownFollowerState(121)) - 02047d3a-8f07-43a6-aa09-0e15bab56fb4: shutdown FollowerState
2019-08-29 17:01:29,799 [main] INFO  server.GrpcService (GrpcService.java:closeImpl(155)) - 1b5bd387-da24-4a75-a3b9-46e545344a1a: shutdown server with port 36560 now
2019-08-29 17:01:29,799 [StateMachineUpdater:02047d3a-8f07-43a6-aa09-0e15bab56fb4:group-9BDCFF004CDE] INFO  ratis.ContainerStateMachine (ContainerStateMachine.java:takeSnapshot(284)) - group-9BDCFF004CDE: Taking a snapshot at:(t:1, i:7) file /workdir/hadoop-ozone/integration-test/target/test-dir/MiniOzoneClusterImpl-6f429aea-cb1e-4c0a-a3f8-3b3e3b27620e/datanode-2/data/ratis/65eaa4f8-6b40-430d-9200-9bdcff004cde/sm/snapshot.1_7
2019-08-29 17:01:29,799 [Thread-5014] INFO  impl.FollowerState (FollowerState.java:run(114)) - 02047d3a-8f07-43a6-aa09-0e15bab56fb4: FollowerState was interrupted: java.lang.InterruptedException: sleep interrupted
2019-08-29 17:01:29,799 [ForkJoinPool.commonPool-worker-0] INFO  impl.StateMachineUpdater (StateMachineUpdater.java:stopAndJoin(115)) - StateMachineUpdater:02047d3a-8f07-43a6-aa09-0e15bab56fb4:group-9BDCFF004CDE: set stopIndex = 8
2019-08-29 17:01:29,800 [main] INFO  server.GrpcService (GrpcService.java:closeImpl(163)) - 1b5bd387-da24-4a75-a3b9-46e545344a1a: shutdown server with port 36560 successfully
2019-08-29 17:01:29,804 [refreshUsed-/workdir/hadoop-ozone/integration-test/target/test-dir/MiniOzoneClusterImpl-6f429aea-cb1e-4c0a-a3f8-3b3e3b27620e/datanode-3/data/containers] WARN  fs.CachingGetSpaceUsed (CachingGetSpaceUsed.java:run(183)) - Thread Interrupted waiting to refresh disk information: sleep interrupted
2019-08-29 17:01:29,819 [StateMachineUpdater:02047d3a-8f07-43a6-aa09-0e15bab56fb4:group-9BDCFF004CDE] INFO  ratis.ContainerStateMachine (ContainerStateMachine.java:takeSnapshot(295)) - group-9BDCFF004CDE: Finished taking a snapshot at:(t:1, i:7) file:/workdir/hadoop-ozone/integration-test/target/test-dir/MiniOzoneClusterImpl-6f429aea-cb1e-4c0a-a3f8-3b3e3b27620e/datanode-2/data/ratis/65eaa4f8-6b40-430d-9200-9bdcff004cde/sm/snapshot.1_7 time:20
2019-08-29 17:01:29,820 [StateMachineUpdater:02047d3a-8f07-43a6-aa09-0e15bab56fb4:group-9BDCFF004CDE] INFO  impl.StateMachineUpdater (StateMachineUpdater.java:takeSnapshot(242)) - StateMachineUpdater:02047d3a-8f07-43a6-aa09-0e15bab56fb4:group-9BDCFF004CDE: Took a snapshot at index 7
2019-08-29 17:01:29,820 [StateMachineUpdater:02047d3a-8f07-43a6-aa09-0e15bab56fb4:group-9BDCFF004CDE] INFO  impl.StateMachineUpdater (StateMachineUpdater.java:lambda$new$0(80)) - StateMachineUpdater:02047d3a-8f07-43a6-aa09-0e15bab56fb4:group-9BDCFF004CDE: snapshotIndex: updateIncreasingly -1 -> 7
2019-08-29 17:01:29,820 [ForkJoinPool.commonPool-worker-0] INFO  impl.RaftServerImpl (ServerState.java:close(394)) - 02047d3a-8f07-43a6-aa09-0e15bab56fb4:group-9BDCFF004CDE closes. The last applied log index is 8
2019-08-29 17:01:29,821 [02047d3a-8f07-43a6-aa09-0e15bab56fb4-SegmentedRaftLogWorker:Storage Directory /workdir/hadoop-ozone/integration-test/target/test-dir/MiniOzoneClusterImpl-6f429aea-cb1e-4c0a-a3f8-3b3e3b27620e/datanode-2/data/ratis/65eaa4f8-6b40-430d-9200-9bdcff004cde] INFO  segmented.SegmentedRaftLogWorker (SegmentedRaftLogWorker.java:run(313)) - 02047d3a-8f07-43a6-aa09-0e15bab56fb4-SegmentedRaftLogWorker:Storage Directory /workdir/hadoop-ozone/integration-test/target/test-dir/MiniOzoneClusterImpl-6f429aea-cb1e-4c0a-a3f8-3b3e3b27620e/datanode-2/data/ratis/65eaa4f8-6b40-430d-9200-9bdcff004cde was interrupted, exiting. There are 0 tasks remaining in the queue.
2019-08-29 17:01:29,822 [ForkJoinPool.commonPool-worker-0] INFO  segmented.SegmentedRaftLogWorker (SegmentedRaftLogWorker.java:close(228)) - 02047d3a-8f07-43a6-aa09-0e15bab56fb4-SegmentedRaftLogWorker:Storage Directory /workdir/hadoop-ozone/integration-test/target/test-dir/MiniOzoneClusterImpl-6f429aea-cb1e-4c0a-a3f8-3b3e3b27620e/datanode-2/data/ratis/65eaa4f8-6b40-430d-9200-9bdcff004cde close()
2019-08-29 17:01:29,831 [ForkJoinPool.commonPool-worker-0] INFO  server.GrpcService (GrpcService.java:closeImpl(155)) - 02047d3a-8f07-43a6-aa09-0e15bab56fb4: shutdown server with port 36734 now
2019-08-29 17:01:29,832 [grpc-default-executor-9] WARN  server.GrpcServerProtocolService (LogUtils.java:warn(134)) - 02047d3a-8f07-43a6-aa09-0e15bab56fb4: appendEntries onError: org.apache.ratis.thirdparty.io.grpc.StatusRuntimeException: CANCELLED: cancelled before receiving half close
2019-08-29 17:01:29,832 [ForkJoinPool.commonPool-worker-0] INFO  server.GrpcService (GrpcService.java:closeImpl(163)) - 02047d3a-8f07-43a6-aa09-0e15bab56fb4: shutdown server with port 36734 successfully
2019-08-29 17:01:29,832 [grpc-default-executor-5] WARN  server.GrpcLogAppender (LogUtils.java:warn(134)) - c104ec32-9aa5-499a-b97d-5e325c6a2558->02047d3a-8f07-43a6-aa09-0e15bab56fb4: Failed appendEntries: org.apache.ratis.thirdparty.io.grpc.StatusRuntimeException: CANCELLED: HTTP/2 error code: CANCEL
Received Rst Stream
2019-08-29 17:01:29,832 [grpc-default-executor-5] INFO  impl.FollowerInfo (FollowerInfo.java:lambda$new$0(50)) - c104ec32-9aa5-499a-b97d-5e325c6a2558->02047d3a-8f07-43a6-aa09-0e15bab56fb4: nextIndex: updateUnconditionally 9 -> 8
2019-08-29 17:01:29,833 [main] INFO  utils.BackgroundService (BackgroundService.java:shutdown(148)) - Shutting down service BlockDeletingService
2019-08-29 17:01:29,838 [main] INFO  statemachine.DatanodeStateMachine (DatanodeStateMachine.java:stopDaemon(395)) - Ozone container server stopped.
2019-08-29 17:01:29,841 [refreshUsed-/workdir/hadoop-ozone/integration-test/target/test-dir/MiniOzoneClusterImpl-6f429aea-cb1e-4c0a-a3f8-3b3e3b27620e/datanode-2/data/containers] WARN  fs.CachingGetSpaceUsed (CachingGetSpaceUsed.java:run(183)) - Thread Interrupted waiting to refresh disk information: sleep interrupted
2019-08-29 17:01:29,841 [main] INFO  handler.ContextHandler (ContextHandler.java:doStop(910)) - Stopped o.e.j.w.WebAppContext@48632f69{/,null,UNAVAILABLE}{/hddsDatanode}
2019-08-29 17:01:29,842 [main] INFO  server.AbstractConnector (AbstractConnector.java:doStop(318)) - Stopped ServerConnector@5fde1d64{HTTP/1.1,[http/1.1]}{0.0.0.0:0}
2019-08-29 17:01:29,843 [main] INFO  handler.ContextHandler (ContextHandler.java:doStop(910)) - Stopped o.e.j.s.ServletContextHandler@54bb1194{/static,jar:file:/home/user/.m2/repository/org/apache/hadoop/hadoop-hdds-container-service/0.5.0-SNAPSHOT/hadoop-hdds-container-service-0.5.0-SNAPSHOT.jar!/webapps/static,UNAVAILABLE}
2019-08-29 17:01:29,843 [main] INFO  handler.ContextHandler (ContextHandler.java:doStop(910)) - Stopped o.e.j.s.ServletContextHandler@45297e7{/logs,file:///workdir/hadoop-ozone/integration-test/target/log,UNAVAILABLE}
2019-08-29 17:01:29,852 [ForkJoinPool.commonPool-worker-0] INFO  utils.BackgroundService (BackgroundService.java:shutdown(148)) - Shutting down service BlockDeletingService
2019-08-29 17:01:29,856 [ForkJoinPool.commonPool-worker-0] INFO  statemachine.DatanodeStateMachine (DatanodeStateMachine.java:stopDaemon(395)) - Ozone container server stopped.
2019-08-29 17:01:29,860 [ForkJoinPool.commonPool-worker-0] INFO  handler.ContextHandler (ContextHandler.java:doStop(910)) - Stopped o.e.j.w.WebAppContext@13908f9c{/,null,UNAVAILABLE}{/hddsDatanode}
2019-08-29 17:01:29,861 [ForkJoinPool.commonPool-worker-0] INFO  server.AbstractConnector (AbstractConnector.java:doStop(318)) - Stopped ServerConnector@329b331f{HTTP/1.1,[http/1.1]}{0.0.0.0:0}
2019-08-29 17:01:29,861 [ForkJoinPool.commonPool-worker-0] INFO  handler.ContextHandler (ContextHandler.java:doStop(910)) - Stopped o.e.j.s.ServletContextHandler@3ef0e576{/static,jar:file:/home/user/.m2/repository/org/apache/hadoop/hadoop-hdds-container-service/0.5.0-SNAPSHOT/hadoop-hdds-container-service-0.5.0-SNAPSHOT.jar!/webapps/static,UNAVAILABLE}
2019-08-29 17:01:29,862 [ForkJoinPool.commonPool-worker-0] INFO  handler.ContextHandler (ContextHandler.java:doStop(910)) - Stopped o.e.j.s.ServletContextHandler@7eae55{/logs,file:///workdir/hadoop-ozone/integration-test/target/log,UNAVAILABLE}
2019-08-29 17:01:30,018 [grpc-default-executor-9] WARN  server.GrpcLogAppender (LogUtils.java:warn(134)) - c587acdf-dbe2-410c-8061-3cebf3038fed->3acd8f8c-e91c-4578-a55f-526981cf687c: Failed appendEntries: org.apache.ratis.thirdparty.io.grpc.StatusRuntimeException: UNAVAILABLE: io exception
2019-08-29 17:01:30,018 [grpc-default-executor-9] INFO  impl.FollowerInfo (FollowerInfo.java:lambda$new$0(50)) - c587acdf-dbe2-410c-8061-3cebf3038fed->3acd8f8c-e91c-4578-a55f-526981cf687c: nextIndex: updateUnconditionally 5 -> 4
2019-08-29 17:01:30,250 [Datanode State Machine Thread - 0] INFO  statemachine.DatanodeStateMachine (DatanodeStateMachine.java:lambda$startDaemon$0(350)) - Ozone container server started.
2019-08-29 17:01:30,557 [Datanode State Machine Thread - 0] INFO  statemachine.DatanodeStateMachine (DatanodeStateMachine.java:lambda$startDaemon$0(350)) - Ozone container server started.
2019-08-29 17:01:30,558 | INFO  | SCMAudit | user=jenkins1000 | ip=192.168.69.102 | op=SEND_HEARTBEAT {datanodeUUID=c587acdf-dbe2-410c-8061-3cebf3038fed, command=[]} | ret=SUCCESS |  
2019-08-29 17:01:31,207 [grpc-default-executor-9] WARN  server.GrpcLogAppender (LogUtils.java:warn(134)) - c104ec32-9aa5-499a-b97d-5e325c6a2558->530fff1b-0ce4-48db-9d30-11baf1ff95d0: Failed appendEntries: org.apache.ratis.thirdparty.io.grpc.StatusRuntimeException: UNAVAILABLE: io exception
2019-08-29 17:01:31,207 [grpc-default-executor-9] INFO  impl.FollowerInfo (FollowerInfo.java:lambda$new$0(50)) - c104ec32-9aa5-499a-b97d-5e325c6a2558->530fff1b-0ce4-48db-9d30-11baf1ff95d0: nextIndex: updateUnconditionally 4 -> 3
2019-08-29 17:01:31,208 [grpc-default-executor-10] WARN  server.GrpcLogAppender (LogUtils.java:warn(134)) - c104ec32-9aa5-499a-b97d-5e325c6a2558->02047d3a-8f07-43a6-aa09-0e15bab56fb4: Failed appendEntries: org.apache.ratis.thirdparty.io.grpc.StatusRuntimeException: UNAVAILABLE: io exception
2019-08-29 17:01:31,209 [grpc-default-executor-10] INFO  impl.FollowerInfo (FollowerInfo.java:lambda$new$0(50)) - c104ec32-9aa5-499a-b97d-5e325c6a2558->02047d3a-8f07-43a6-aa09-0e15bab56fb4: nextIndex: updateUnconditionally 8 -> 7
2019-08-29 17:01:31,557 | INFO  | SCMAudit | user=jenkins1000 | ip=192.168.69.102 | op=SEND_HEARTBEAT {datanodeUUID=c587acdf-dbe2-410c-8061-3cebf3038fed, command=[]} | ret=SUCCESS |  
2019-08-29 17:01:32,519 [grpc-default-executor-10] WARN  server.GrpcLogAppender (LogUtils.java:warn(134)) - c587acdf-dbe2-410c-8061-3cebf3038fed->3acd8f8c-e91c-4578-a55f-526981cf687c: Failed appendEntries: org.apache.ratis.thirdparty.io.grpc.StatusRuntimeException: UNAVAILABLE: io exception
2019-08-29 17:01:32,520 [grpc-default-executor-10] INFO  impl.FollowerInfo (FollowerInfo.java:lambda$new$0(50)) - c587acdf-dbe2-410c-8061-3cebf3038fed->3acd8f8c-e91c-4578-a55f-526981cf687c: nextIndex: updateUnconditionally 4 -> 3
2019-08-29 17:01:32,558 | INFO  | SCMAudit | user=jenkins1000 | ip=192.168.69.102 | op=SEND_HEARTBEAT {datanodeUUID=c587acdf-dbe2-410c-8061-3cebf3038fed, command=[]} | ret=SUCCESS |  
2019-08-29 17:01:33,558 | INFO  | SCMAudit | user=jenkins1000 | ip=192.168.69.102 | op=SEND_HEARTBEAT {datanodeUUID=c587acdf-dbe2-410c-8061-3cebf3038fed, command=[]} | ret=SUCCESS |  
2019-08-29 17:01:33,708 [grpc-default-executor-9] WARN  server.GrpcLogAppender (LogUtils.java:warn(134)) - c104ec32-9aa5-499a-b97d-5e325c6a2558->530fff1b-0ce4-48db-9d30-11baf1ff95d0: Failed appendEntries: org.apache.ratis.thirdparty.io.grpc.StatusRuntimeException: UNAVAILABLE: io exception
2019-08-29 17:01:33,708 [grpc-default-executor-9] INFO  impl.FollowerInfo (FollowerInfo.java:lambda$new$0(50)) - c104ec32-9aa5-499a-b97d-5e325c6a2558->530fff1b-0ce4-48db-9d30-11baf1ff95d0: nextIndex: updateUnconditionally 3 -> 2
2019-08-29 17:01:33,709 [grpc-default-executor-10] WARN  server.GrpcLogAppender (LogUtils.java:warn(134)) - c104ec32-9aa5-499a-b97d-5e325c6a2558->02047d3a-8f07-43a6-aa09-0e15bab56fb4: Failed appendEntries: org.apache.ratis.thirdparty.io.grpc.StatusRuntimeException: UNAVAILABLE: io exception
2019-08-29 17:01:33,709 [grpc-default-executor-10] INFO  impl.FollowerInfo (FollowerInfo.java:lambda$new$0(50)) - c104ec32-9aa5-499a-b97d-5e325c6a2558->02047d3a-8f07-43a6-aa09-0e15bab56fb4: nextIndex: updateUnconditionally 7 -> 6
2019-08-29 17:01:34,343 [EventQueue-StaleNodeForStaleNodeHandler] INFO  node.StaleNodeHandler (StaleNodeHandler.java:onMessage(58)) - Datanode c104ec32-9aa5-499a-b97d-5e325c6a2558{ip: 192.168.69.102, host: pr-hdds-1413-r8zfz-2367378370, networkLocation: /default-rack, certSerialId: null} moved to stale state. Finalizing its pipelines [PipelineID=515b0e1a-a9a5-4bd5-8a9c-ce40d37eeb36, PipelineID=65eaa4f8-6b40-430d-9200-9bdcff004cde]
2019-08-29 17:01:34,343 [EventQueue-StaleNodeForStaleNodeHandler] INFO  pipeline.SCMPipelineManager (SCMPipelineManager.java:finalizeAndDestroyPipeline(309)) - destroying pipeline:Pipeline[ Id: 515b0e1a-a9a5-4bd5-8a9c-ce40d37eeb36, Nodes: c104ec32-9aa5-499a-b97d-5e325c6a2558{ip: 192.168.69.102, host: pr-hdds-1413-r8zfz-2367378370, networkLocation: /default-rack, certSerialId: null}, Type:RATIS, Factor:ONE, State:OPEN]
2019-08-29 17:01:34,344 [EventQueue-StaleNodeForStaleNodeHandler] INFO  pipeline.PipelineStateManager (PipelineStateManager.java:finalizePipeline(123)) - Pipeline Pipeline[ Id: 515b0e1a-a9a5-4bd5-8a9c-ce40d37eeb36, Nodes: c104ec32-9aa5-499a-b97d-5e325c6a2558{ip: 192.168.69.102, host: pr-hdds-1413-r8zfz-2367378370, networkLocation: /default-rack, certSerialId: null}, Type:RATIS, Factor:ONE, State:CLOSED] moved to CLOSED state
2019-08-29 17:01:34,344 [EventQueue-StaleNodeForStaleNodeHandler] INFO  pipeline.SCMPipelineManager (SCMPipelineManager.java:finalizeAndDestroyPipeline(309)) - destroying pipeline:Pipeline[ Id: 65eaa4f8-6b40-430d-9200-9bdcff004cde, Nodes: 02047d3a-8f07-43a6-aa09-0e15bab56fb4{ip: 192.168.69.102, host: pr-hdds-1413-r8zfz-2367378370, networkLocation: /default-rack, certSerialId: null}c104ec32-9aa5-499a-b97d-5e325c6a2558{ip: 192.168.69.102, host: pr-hdds-1413-r8zfz-2367378370, networkLocation: /default-rack, certSerialId: null}530fff1b-0ce4-48db-9d30-11baf1ff95d0{ip: 192.168.69.102, host: pr-hdds-1413-r8zfz-2367378370, networkLocation: /default-rack, certSerialId: null}, Type:RATIS, Factor:THREE, State:CLOSED]
2019-08-29 17:01:34,558 | INFO  | SCMAudit | user=jenkins1000 | ip=192.168.69.102 | op=SEND_HEARTBEAT {datanodeUUID=c587acdf-dbe2-410c-8061-3cebf3038fed, command=[]} | ret=SUCCESS |  
2019-08-29 17:01:34,644 [EventQueue-StaleNodeForStaleNodeHandler] INFO  node.StaleNodeHandler (StaleNodeHandler.java:onMessage(58)) - Datanode 13cf937c-1041-4481-925d-65640af47ca7{ip: 192.168.69.102, host: pr-hdds-1413-r8zfz-2367378370, networkLocation: /default-rack, certSerialId: null} moved to stale state. Finalizing its pipelines [PipelineID=ffe2fa20-50c0-48d1-bc14-13ce415bc1a6, PipelineID=89a2dc60-a8ce-44b7-8de0-628dd217a515]
2019-08-29 17:01:34,644 [EventQueue-StaleNodeForStaleNodeHandler] INFO  pipeline.SCMPipelineManager (SCMPipelineManager.java:finalizeAndDestroyPipeline(309)) - destroying pipeline:Pipeline[ Id: ffe2fa20-50c0-48d1-bc14-13ce415bc1a6, Nodes: 13cf937c-1041-4481-925d-65640af47ca7{ip: 192.168.69.102, host: pr-hdds-1413-r8zfz-2367378370, networkLocation: /default-rack, certSerialId: null}, Type:RATIS, Factor:ONE, State:OPEN]
2019-08-29 17:01:34,644 [EventQueue-StaleNodeForStaleNodeHandler] INFO  pipeline.PipelineStateManager (PipelineStateManager.java:finalizePipeline(123)) - Pipeline Pipeline[ Id: ffe2fa20-50c0-48d1-bc14-13ce415bc1a6, Nodes: 13cf937c-1041-4481-925d-65640af47ca7{ip: 192.168.69.102, host: pr-hdds-1413-r8zfz-2367378370, networkLocation: /default-rack, certSerialId: null}, Type:RATIS, Factor:ONE, State:CLOSED] moved to CLOSED state
2019-08-29 17:01:34,645 [EventQueue-StaleNodeForStaleNodeHandler] INFO  pipeline.SCMPipelineManager (SCMPipelineManager.java:finalizeAndDestroyPipeline(309)) - destroying pipeline:Pipeline[ Id: 89a2dc60-a8ce-44b7-8de0-628dd217a515, Nodes: 3acd8f8c-e91c-4578-a55f-526981cf687c{ip: 192.168.69.102, host: pr-hdds-1413-r8zfz-2367378370, networkLocation: /default-rack, certSerialId: null}c587acdf-dbe2-410c-8061-3cebf3038fed{ip: 192.168.69.102, host: pr-hdds-1413-r8zfz-2367378370, networkLocation: /default-rack, certSerialId: null}13cf937c-1041-4481-925d-65640af47ca7{ip: 192.168.69.102, host: pr-hdds-1413-r8zfz-2367378370, networkLocation: /default-rack, certSerialId: null}, Type:RATIS, Factor:THREE, State:CLOSED]
2019-08-29 17:01:34,845 [main] INFO  ozoneimpl.OzoneContainer (OzoneContainer.java:stop(215)) - Attempting to stop container services.
2019-08-29 17:01:34,846 [main] INFO  impl.RaftServerProxy (RaftServerProxy.java:lambda$close$4(314)) - 13cf937c-1041-4481-925d-65640af47ca7: close
2019-08-29 17:01:34,846 [main] INFO  impl.RaftServerImpl (RaftServerImpl.java:lambda$shutdown$3(245)) - 13cf937c-1041-4481-925d-65640af47ca7: shutdown group-13CE415BC1A6
2019-08-29 17:01:34,847 [main] INFO  util.JmxRegister (JmxRegister.java:unregister(73)) - Successfully un-registered JMX Bean with object name Ratis:service=RaftServer,group=group-13CE415BC1A6,id=13cf937c-1041-4481-925d-65640af47ca7
2019-08-29 17:01:34,847 [main] INFO  impl.RoleInfo (RoleInfo.java:shutdownLeaderState(104)) - 13cf937c-1041-4481-925d-65640af47ca7: shutdown LeaderState
2019-08-29 17:01:34,848 [main] INFO  impl.PendingRequests (PendingRequests.java:sendNotLeaderResponses(202)) - 13cf937c-1041-4481-925d-65640af47ca7-PendingRequests: sendNotLeaderResponses
2019-08-29 17:01:34,848 [main] INFO  impl.StateMachineUpdater (StateMachineUpdater.java:stopAndJoin(115)) - StateMachineUpdater:13cf937c-1041-4481-925d-65640af47ca7:group-13CE415BC1A6: set stopIndex = 0
2019-08-29 17:01:34,849 [main] INFO  impl.RaftServerImpl (ServerState.java:close(394)) - 13cf937c-1041-4481-925d-65640af47ca7:group-13CE415BC1A6 closes. The last applied log index is 0
2019-08-29 17:01:34,850 [13cf937c-1041-4481-925d-65640af47ca7-SegmentedRaftLogWorker:Storage Directory /workdir/hadoop-ozone/integration-test/target/test-dir/MiniOzoneClusterImpl-6f429aea-cb1e-4c0a-a3f8-3b3e3b27620e/datanode-6/data/ratis/ffe2fa20-50c0-48d1-bc14-13ce415bc1a6] INFO  segmented.SegmentedRaftLogWorker (SegmentedRaftLogWorker.java:run(313)) - 13cf937c-1041-4481-925d-65640af47ca7-SegmentedRaftLogWorker:Storage Directory /workdir/hadoop-ozone/integration-test/target/test-dir/MiniOzoneClusterImpl-6f429aea-cb1e-4c0a-a3f8-3b3e3b27620e/datanode-6/data/ratis/ffe2fa20-50c0-48d1-bc14-13ce415bc1a6 was interrupted, exiting. There are 0 tasks remaining in the queue.
2019-08-29 17:01:34,859 [main] INFO  segmented.SegmentedRaftLogWorker (SegmentedRaftLogWorker.java:close(228)) - 13cf937c-1041-4481-925d-65640af47ca7-SegmentedRaftLogWorker:Storage Directory /workdir/hadoop-ozone/integration-test/target/test-dir/MiniOzoneClusterImpl-6f429aea-cb1e-4c0a-a3f8-3b3e3b27620e/datanode-6/data/ratis/ffe2fa20-50c0-48d1-bc14-13ce415bc1a6 close()
2019-08-29 17:01:34,861 [main] INFO  impl.RaftServerImpl (RaftServerImpl.java:lambda$shutdown$3(245)) - 13cf937c-1041-4481-925d-65640af47ca7: shutdown group-628DD217A515
2019-08-29 17:01:34,862 [main] INFO  util.JmxRegister (JmxRegister.java:unregister(73)) - Successfully un-registered JMX Bean with object name Ratis:service=RaftServer,group=group-628DD217A515,id=13cf937c-1041-4481-925d-65640af47ca7
2019-08-29 17:01:34,862 [main] INFO  impl.RoleInfo (RoleInfo.java:shutdownFollowerState(121)) - 13cf937c-1041-4481-925d-65640af47ca7: shutdown FollowerState
2019-08-29 17:01:34,862 [main] INFO  impl.StateMachineUpdater (StateMachineUpdater.java:stopAndJoin(115)) - StateMachineUpdater:13cf937c-1041-4481-925d-65640af47ca7:group-628DD217A515: set stopIndex = 8
2019-08-29 17:01:34,863 [Thread-5038] INFO  impl.FollowerState (FollowerState.java:run(114)) - 13cf937c-1041-4481-925d-65640af47ca7: FollowerState was interrupted: java.lang.InterruptedException: sleep interrupted
2019-08-29 17:01:34,863 [StateMachineUpdater:13cf937c-1041-4481-925d-65640af47ca7:group-628DD217A515] INFO  ratis.ContainerStateMachine (ContainerStateMachine.java:takeSnapshot(284)) - group-628DD217A515: Taking a snapshot at:(t:1, i:7) file /workdir/hadoop-ozone/integration-test/target/test-dir/MiniOzoneClusterImpl-6f429aea-cb1e-4c0a-a3f8-3b3e3b27620e/datanode-6/data/ratis/89a2dc60-a8ce-44b7-8de0-628dd217a515/sm/snapshot.1_7
2019-08-29 17:01:34,864 [ForkJoinPool.commonPool-worker-0] INFO  ozoneimpl.OzoneContainer (OzoneContainer.java:stop(215)) - Attempting to stop container services.
2019-08-29 17:01:34,865 [ForkJoinPool.commonPool-worker-0] INFO  impl.RaftServerProxy (RaftServerProxy.java:lambda$close$4(314)) - c104ec32-9aa5-499a-b97d-5e325c6a2558: close
2019-08-29 17:01:34,865 [ForkJoinPool.commonPool-worker-0] INFO  impl.RaftServerImpl (RaftServerImpl.java:lambda$shutdown$3(245)) - c104ec32-9aa5-499a-b97d-5e325c6a2558: shutdown group-CE40D37EEB36
2019-08-29 17:01:34,865 [ForkJoinPool.commonPool-worker-0] INFO  util.JmxRegister (JmxRegister.java:unregister(73)) - Successfully un-registered JMX Bean with object name Ratis:service=RaftServer,group=group-CE40D37EEB36,id=c104ec32-9aa5-499a-b97d-5e325c6a2558
2019-08-29 17:01:34,865 [ForkJoinPool.commonPool-worker-0] INFO  impl.RoleInfo (RoleInfo.java:shutdownLeaderState(104)) - c104ec32-9aa5-499a-b97d-5e325c6a2558: shutdown LeaderState
2019-08-29 17:01:34,866 [ForkJoinPool.commonPool-worker-0] INFO  impl.PendingRequests (PendingRequests.java:sendNotLeaderResponses(202)) - c104ec32-9aa5-499a-b97d-5e325c6a2558-PendingRequests: sendNotLeaderResponses
2019-08-29 17:01:34,866 [ForkJoinPool.commonPool-worker-0] INFO  impl.StateMachineUpdater (StateMachineUpdater.java:stopAndJoin(115)) - StateMachineUpdater:c104ec32-9aa5-499a-b97d-5e325c6a2558:group-CE40D37EEB36: set stopIndex = 0
2019-08-29 17:01:34,866 [ForkJoinPool.commonPool-worker-0] INFO  impl.RaftServerImpl (ServerState.java:close(394)) - c104ec32-9aa5-499a-b97d-5e325c6a2558:group-CE40D37EEB36 closes. The last applied log index is 0
2019-08-29 17:01:34,867 [c104ec32-9aa5-499a-b97d-5e325c6a2558-SegmentedRaftLogWorker:Storage Directory /workdir/hadoop-ozone/integration-test/target/test-dir/MiniOzoneClusterImpl-6f429aea-cb1e-4c0a-a3f8-3b3e3b27620e/datanode-0/data/ratis/515b0e1a-a9a5-4bd5-8a9c-ce40d37eeb36] INFO  segmented.SegmentedRaftLogWorker (SegmentedRaftLogWorker.java:run(313)) - c104ec32-9aa5-499a-b97d-5e325c6a2558-SegmentedRaftLogWorker:Storage Directory /workdir/hadoop-ozone/integration-test/target/test-dir/MiniOzoneClusterImpl-6f429aea-cb1e-4c0a-a3f8-3b3e3b27620e/datanode-0/data/ratis/515b0e1a-a9a5-4bd5-8a9c-ce40d37eeb36 was interrupted, exiting. There are 0 tasks remaining in the queue.
2019-08-29 17:01:34,872 [ForkJoinPool.commonPool-worker-0] INFO  segmented.SegmentedRaftLogWorker (SegmentedRaftLogWorker.java:close(228)) - c104ec32-9aa5-499a-b97d-5e325c6a2558-SegmentedRaftLogWorker:Storage Directory /workdir/hadoop-ozone/integration-test/target/test-dir/MiniOzoneClusterImpl-6f429aea-cb1e-4c0a-a3f8-3b3e3b27620e/datanode-0/data/ratis/515b0e1a-a9a5-4bd5-8a9c-ce40d37eeb36 close()
2019-08-29 17:01:34,873 [ForkJoinPool.commonPool-worker-0] INFO  impl.RaftServerImpl (RaftServerImpl.java:lambda$shutdown$3(245)) - c104ec32-9aa5-499a-b97d-5e325c6a2558: shutdown group-9BDCFF004CDE
2019-08-29 17:01:34,874 [ForkJoinPool.commonPool-worker-0] INFO  util.JmxRegister (JmxRegister.java:unregister(73)) - Successfully un-registered JMX Bean with object name Ratis:service=RaftServer,group=group-9BDCFF004CDE,id=c104ec32-9aa5-499a-b97d-5e325c6a2558
2019-08-29 17:01:34,874 [ForkJoinPool.commonPool-worker-0] INFO  impl.RoleInfo (RoleInfo.java:shutdownLeaderState(104)) - c104ec32-9aa5-499a-b97d-5e325c6a2558: shutdown LeaderState
2019-08-29 17:01:34,877 [ForkJoinPool.commonPool-worker-0] INFO  impl.PendingRequests (PendingRequests.java:sendNotLeaderResponses(202)) - c104ec32-9aa5-499a-b97d-5e325c6a2558-PendingRequests: sendNotLeaderResponses
2019-08-29 17:01:34,877 [org.apache.ratis.server.impl.LogAppender$AppenderDaemon$$Lambda$492/440248594@36e311f8] WARN  server.GrpcLogAppender (GrpcLogAppender.java:mayWait(143)) - GrpcLogAppender(c104ec32-9aa5-499a-b97d-5e325c6a2558->530fff1b-0ce4-48db-9d30-11baf1ff95d0): Wait interrupted by java.lang.InterruptedException
2019-08-29 17:01:34,877 [org.apache.ratis.server.impl.LogAppender$AppenderDaemon$$Lambda$492/440248594@73e19940] WARN  server.GrpcLogAppender (GrpcLogAppender.java:mayWait(143)) - GrpcLogAppender(c104ec32-9aa5-499a-b97d-5e325c6a2558->02047d3a-8f07-43a6-aa09-0e15bab56fb4): Wait interrupted by java.lang.InterruptedException
2019-08-29 17:01:34,880 [ForkJoinPool.commonPool-worker-0] INFO  impl.StateMachineUpdater (StateMachineUpdater.java:stopAndJoin(115)) - StateMachineUpdater:c104ec32-9aa5-499a-b97d-5e325c6a2558:group-9BDCFF004CDE: set stopIndex = 8
2019-08-29 17:01:34,880 [StateMachineUpdater:c104ec32-9aa5-499a-b97d-5e325c6a2558:group-9BDCFF004CDE] INFO  ratis.ContainerStateMachine (ContainerStateMachine.java:takeSnapshot(284)) - group-9BDCFF004CDE: Taking a snapshot at:(t:1, i:8) file /workdir/hadoop-ozone/integration-test/target/test-dir/MiniOzoneClusterImpl-6f429aea-cb1e-4c0a-a3f8-3b3e3b27620e/datanode-0/data/ratis/65eaa4f8-6b40-430d-9200-9bdcff004cde/sm/snapshot.1_8
2019-08-29 17:01:34,885 [StateMachineUpdater:13cf937c-1041-4481-925d-65640af47ca7:group-628DD217A515] INFO  ratis.ContainerStateMachine (ContainerStateMachine.java:takeSnapshot(295)) - group-628DD217A515: Finished taking a snapshot at:(t:1, i:7) file:/workdir/hadoop-ozone/integration-test/target/test-dir/MiniOzoneClusterImpl-6f429aea-cb1e-4c0a-a3f8-3b3e3b27620e/datanode-6/data/ratis/89a2dc60-a8ce-44b7-8de0-628dd217a515/sm/snapshot.1_7 time:22
2019-08-29 17:01:34,885 [StateMachineUpdater:13cf937c-1041-4481-925d-65640af47ca7:group-628DD217A515] INFO  impl.StateMachineUpdater (StateMachineUpdater.java:takeSnapshot(242)) - StateMachineUpdater:13cf937c-1041-4481-925d-65640af47ca7:group-628DD217A515: Took a snapshot at index 7
2019-08-29 17:01:34,885 [StateMachineUpdater:13cf937c-1041-4481-925d-65640af47ca7:group-628DD217A515] INFO  impl.StateMachineUpdater (StateMachineUpdater.java:lambda$new$0(80)) - StateMachineUpdater:13cf937c-1041-4481-925d-65640af47ca7:group-628DD217A515: snapshotIndex: updateIncreasingly -1 -> 7
2019-08-29 17:01:34,886 [main] INFO  impl.RaftServerImpl (ServerState.java:close(394)) - 13cf937c-1041-4481-925d-65640af47ca7:group-628DD217A515 closes. The last applied log index is 8
2019-08-29 17:01:34,886 [13cf937c-1041-4481-925d-65640af47ca7-SegmentedRaftLogWorker:Storage Directory /workdir/hadoop-ozone/integration-test/target/test-dir/MiniOzoneClusterImpl-6f429aea-cb1e-4c0a-a3f8-3b3e3b27620e/datanode-6/data/ratis/89a2dc60-a8ce-44b7-8de0-628dd217a515] INFO  segmented.SegmentedRaftLogWorker (SegmentedRaftLogWorker.java:run(313)) - 13cf937c-1041-4481-925d-65640af47ca7-SegmentedRaftLogWorker:Storage Directory /workdir/hadoop-ozone/integration-test/target/test-dir/MiniOzoneClusterImpl-6f429aea-cb1e-4c0a-a3f8-3b3e3b27620e/datanode-6/data/ratis/89a2dc60-a8ce-44b7-8de0-628dd217a515 was interrupted, exiting. There are 0 tasks remaining in the queue.
2019-08-29 17:01:34,888 [main] INFO  segmented.SegmentedRaftLogWorker (SegmentedRaftLogWorker.java:close(228)) - 13cf937c-1041-4481-925d-65640af47ca7-SegmentedRaftLogWorker:Storage Directory /workdir/hadoop-ozone/integration-test/target/test-dir/MiniOzoneClusterImpl-6f429aea-cb1e-4c0a-a3f8-3b3e3b27620e/datanode-6/data/ratis/89a2dc60-a8ce-44b7-8de0-628dd217a515 close()
2019-08-29 17:01:34,889 [main] INFO  server.GrpcService (GrpcService.java:closeImpl(155)) - 13cf937c-1041-4481-925d-65640af47ca7: shutdown server with port 45897 now
2019-08-29 17:01:34,890 [main] INFO  server.GrpcService (GrpcService.java:closeImpl(163)) - 13cf937c-1041-4481-925d-65640af47ca7: shutdown server with port 45897 successfully
2019-08-29 17:01:34,890 [grpc-default-executor-5] WARN  server.GrpcLogAppender (LogUtils.java:warn(134)) - c587acdf-dbe2-410c-8061-3cebf3038fed->13cf937c-1041-4481-925d-65640af47ca7: Failed appendEntries: org.apache.ratis.thirdparty.io.grpc.StatusRuntimeException: CANCELLED: HTTP/2 error code: CANCEL
Received Rst Stream
2019-08-29 17:01:34,890 [grpc-default-executor-9] WARN  server.GrpcServerProtocolService (LogUtils.java:warn(134)) - 13cf937c-1041-4481-925d-65640af47ca7: appendEntries onError: org.apache.ratis.thirdparty.io.grpc.StatusRuntimeException: CANCELLED: cancelled before receiving half close
2019-08-29 17:01:34,891 [grpc-default-executor-5] INFO  impl.FollowerInfo (FollowerInfo.java:lambda$new$0(50)) - c587acdf-dbe2-410c-8061-3cebf3038fed->13cf937c-1041-4481-925d-65640af47ca7: nextIndex: updateUnconditionally 9 -> 8
2019-08-29 17:01:34,892 [refreshUsed-/workdir/hadoop-ozone/integration-test/target/test-dir/MiniOzoneClusterImpl-6f429aea-cb1e-4c0a-a3f8-3b3e3b27620e/datanode-6/data/containers] WARN  fs.CachingGetSpaceUsed (CachingGetSpaceUsed.java:run(183)) - Thread Interrupted waiting to refresh disk information: sleep interrupted
2019-08-29 17:01:34,908 [main] INFO  utils.BackgroundService (BackgroundService.java:shutdown(148)) - Shutting down service BlockDeletingService
2019-08-29 17:01:34,911 [StateMachineUpdater:c104ec32-9aa5-499a-b97d-5e325c6a2558:group-9BDCFF004CDE] INFO  ratis.ContainerStateMachine (ContainerStateMachine.java:takeSnapshot(295)) - group-9BDCFF004CDE: Finished taking a snapshot at:(t:1, i:8) file:/workdir/hadoop-ozone/integration-test/target/test-dir/MiniOzoneClusterImpl-6f429aea-cb1e-4c0a-a3f8-3b3e3b27620e/datanode-0/data/ratis/65eaa4f8-6b40-430d-9200-9bdcff004cde/sm/snapshot.1_8 time:30
2019-08-29 17:01:34,911 [StateMachineUpdater:c104ec32-9aa5-499a-b97d-5e325c6a2558:group-9BDCFF004CDE] INFO  impl.StateMachineUpdater (StateMachineUpdater.java:takeSnapshot(242)) - StateMachineUpdater:c104ec32-9aa5-499a-b97d-5e325c6a2558:group-9BDCFF004CDE: Took a snapshot at index 8
2019-08-29 17:01:34,912 [StateMachineUpdater:c104ec32-9aa5-499a-b97d-5e325c6a2558:group-9BDCFF004CDE] INFO  impl.StateMachineUpdater (StateMachineUpdater.java:lambda$new$0(80)) - StateMachineUpdater:c104ec32-9aa5-499a-b97d-5e325c6a2558:group-9BDCFF004CDE: snapshotIndex: updateIncreasingly -1 -> 8
2019-08-29 17:01:34,912 [main] INFO  statemachine.DatanodeStateMachine (DatanodeStateMachine.java:stopDaemon(395)) - Ozone container server stopped.
2019-08-29 17:01:34,912 [ForkJoinPool.commonPool-worker-0] INFO  impl.RaftServerImpl (ServerState.java:close(394)) - c104ec32-9aa5-499a-b97d-5e325c6a2558:group-9BDCFF004CDE closes. The last applied log index is 8
2019-08-29 17:01:34,913 [c104ec32-9aa5-499a-b97d-5e325c6a2558-SegmentedRaftLogWorker:Storage Directory /workdir/hadoop-ozone/integration-test/target/test-dir/MiniOzoneClusterImpl-6f429aea-cb1e-4c0a-a3f8-3b3e3b27620e/datanode-0/data/ratis/65eaa4f8-6b40-430d-9200-9bdcff004cde] INFO  segmented.SegmentedRaftLogWorker (SegmentedRaftLogWorker.java:run(313)) - c104ec32-9aa5-499a-b97d-5e325c6a2558-SegmentedRaftLogWorker:Storage Directory /workdir/hadoop-ozone/integration-test/target/test-dir/MiniOzoneClusterImpl-6f429aea-cb1e-4c0a-a3f8-3b3e3b27620e/datanode-0/data/ratis/65eaa4f8-6b40-430d-9200-9bdcff004cde was interrupted, exiting. There are 0 tasks remaining in the queue.
2019-08-29 17:01:34,914 [ForkJoinPool.commonPool-worker-0] INFO  segmented.SegmentedRaftLogWorker (SegmentedRaftLogWorker.java:close(228)) - c104ec32-9aa5-499a-b97d-5e325c6a2558-SegmentedRaftLogWorker:Storage Directory /workdir/hadoop-ozone/integration-test/target/test-dir/MiniOzoneClusterImpl-6f429aea-cb1e-4c0a-a3f8-3b3e3b27620e/datanode-0/data/ratis/65eaa4f8-6b40-430d-9200-9bdcff004cde close()
2019-08-29 17:01:34,914 [main] INFO  handler.ContextHandler (ContextHandler.java:doStop(910)) - Stopped o.e.j.w.WebAppContext@41167ded{/,null,UNAVAILABLE}{/hddsDatanode}
2019-08-29 17:01:34,915 [ForkJoinPool.commonPool-worker-0] INFO  server.GrpcService (GrpcService.java:closeImpl(155)) - c104ec32-9aa5-499a-b97d-5e325c6a2558: shutdown server with port 38839 now
2019-08-29 17:01:34,917 [grpc-default-executor-9] WARN  client.GrpcClientProtocolService (LogUtils.java:warn(134)) - 2-UnorderedRequestStreamObserver2: onError: org.apache.ratis.thirdparty.io.grpc.StatusRuntimeException: CANCELLED: cancelled before receiving half close
2019-08-29 17:01:34,917 [ForkJoinPool.commonPool-worker-0] INFO  server.GrpcService (GrpcService.java:closeImpl(163)) - c104ec32-9aa5-499a-b97d-5e325c6a2558: shutdown server with port 38839 successfully
2019-08-29 17:01:34,917 [main] INFO  server.AbstractConnector (AbstractConnector.java:doStop(318)) - Stopped ServerConnector@13e1e816{HTTP/1.1,[http/1.1]}{0.0.0.0:0}
2019-08-29 17:01:34,918 [main] INFO  handler.ContextHandler (ContextHandler.java:doStop(910)) - Stopped o.e.j.s.ServletContextHandler@29fcfc54{/static,jar:file:/home/user/.m2/repository/org/apache/hadoop/hadoop-hdds-container-service/0.5.0-SNAPSHOT/hadoop-hdds-container-service-0.5.0-SNAPSHOT.jar!/webapps/static,UNAVAILABLE}
2019-08-29 17:01:34,919 [refreshUsed-/workdir/hadoop-ozone/integration-test/target/test-dir/MiniOzoneClusterImpl-6f429aea-cb1e-4c0a-a3f8-3b3e3b27620e/datanode-0/data/containers] WARN  fs.CachingGetSpaceUsed (CachingGetSpaceUsed.java:run(183)) - Thread Interrupted waiting to refresh disk information: sleep interrupted
2019-08-29 17:01:34,919 [main] INFO  handler.ContextHandler (ContextHandler.java:doStop(910)) - Stopped o.e.j.s.ServletContextHandler@7fac18dc{/logs,file:///workdir/hadoop-ozone/integration-test/target/log,UNAVAILABLE}
2019-08-29 17:01:34,934 [ForkJoinPool.commonPool-worker-0] INFO  utils.BackgroundService (BackgroundService.java:shutdown(148)) - Shutting down service BlockDeletingService
2019-08-29 17:01:34,937 [ForkJoinPool.commonPool-worker-0] INFO  statemachine.DatanodeStateMachine (DatanodeStateMachine.java:stopDaemon(395)) - Ozone container server stopped.
2019-08-29 17:01:34,940 [ForkJoinPool.commonPool-worker-0] INFO  handler.ContextHandler (ContextHandler.java:doStop(910)) - Stopped o.e.j.w.WebAppContext@5e51ec2e{/,null,UNAVAILABLE}{/hddsDatanode}
2019-08-29 17:01:34,941 [ForkJoinPool.commonPool-worker-0] INFO  server.AbstractConnector (AbstractConnector.java:doStop(318)) - Stopped ServerConnector@15f2a43f{HTTP/1.1,[http/1.1]}{0.0.0.0:0}
2019-08-29 17:01:34,941 [ForkJoinPool.commonPool-worker-0] INFO  handler.ContextHandler (ContextHandler.java:doStop(910)) - Stopped o.e.j.s.ServletContextHandler@2e1add6f{/static,jar:file:/home/user/.m2/repository/org/apache/hadoop/hadoop-hdds-container-service/0.5.0-SNAPSHOT/hadoop-hdds-container-service-0.5.0-SNAPSHOT.jar!/webapps/static,UNAVAILABLE}
2019-08-29 17:01:34,941 [ForkJoinPool.commonPool-worker-0] INFO  handler.ContextHandler (ContextHandler.java:doStop(910)) - Stopped o.e.j.s.ServletContextHandler@473847fb{/logs,file:///workdir/hadoop-ozone/integration-test/target/log,UNAVAILABLE}
2019-08-29 17:01:35,020 [grpc-default-executor-5] WARN  server.GrpcLogAppender (LogUtils.java:warn(134)) - c587acdf-dbe2-410c-8061-3cebf3038fed->3acd8f8c-e91c-4578-a55f-526981cf687c: Failed appendEntries: org.apache.ratis.thirdparty.io.grpc.StatusRuntimeException: UNAVAILABLE: io exception
2019-08-29 17:01:35,020 [grpc-default-executor-5] INFO  impl.FollowerInfo (FollowerInfo.java:lambda$new$0(50)) - c587acdf-dbe2-410c-8061-3cebf3038fed->3acd8f8c-e91c-4578-a55f-526981cf687c: nextIndex: updateUnconditionally 3 -> 2
2019-08-29 17:01:35,022 [grpc-default-executor-10] WARN  server.GrpcLogAppender (LogUtils.java:warn(134)) - c587acdf-dbe2-410c-8061-3cebf3038fed->13cf937c-1041-4481-925d-65640af47ca7: Failed appendEntries: org.apache.ratis.thirdparty.io.grpc.StatusRuntimeException: UNAVAILABLE: io exception
2019-08-29 17:01:35,022 [grpc-default-executor-10] INFO  impl.FollowerInfo (FollowerInfo.java:lambda$new$0(50)) - c587acdf-dbe2-410c-8061-3cebf3038fed->13cf937c-1041-4481-925d-65640af47ca7: nextIndex: updateUnconditionally 8 -> 7
2019-08-29 17:01:35,558 [Datanode State Machine Thread - 0] INFO  statemachine.DatanodeStateMachine (DatanodeStateMachine.java:lambda$startDaemon$0(350)) - Ozone container server started.
2019-08-29 17:01:37,521 [grpc-default-executor-5] WARN  server.GrpcLogAppender (LogUtils.java:warn(134)) - c587acdf-dbe2-410c-8061-3cebf3038fed->3acd8f8c-e91c-4578-a55f-526981cf687c: Failed appendEntries: org.apache.ratis.thirdparty.io.grpc.StatusRuntimeException: UNAVAILABLE: io exception
2019-08-29 17:01:37,521 [grpc-default-executor-5] INFO  impl.FollowerInfo (FollowerInfo.java:lambda$new$0(50)) - c587acdf-dbe2-410c-8061-3cebf3038fed->3acd8f8c-e91c-4578-a55f-526981cf687c: nextIndex: updateUnconditionally 2 -> 1
2019-08-29 17:01:37,522 [grpc-default-executor-9] WARN  server.GrpcLogAppender (LogUtils.java:warn(134)) - c587acdf-dbe2-410c-8061-3cebf3038fed->13cf937c-1041-4481-925d-65640af47ca7: Failed appendEntries: org.apache.ratis.thirdparty.io.grpc.StatusRuntimeException: UNAVAILABLE: io exception
2019-08-29 17:01:37,523 [grpc-default-executor-9] INFO  impl.FollowerInfo (FollowerInfo.java:lambda$new$0(50)) - c587acdf-dbe2-410c-8061-3cebf3038fed->13cf937c-1041-4481-925d-65640af47ca7: nextIndex: updateUnconditionally 7 -> 6
2019-08-29 17:01:39,651 [EventQueue-StaleNodeForStaleNodeHandler] INFO  node.StaleNodeHandler (StaleNodeHandler.java:onMessage(58)) - Datanode c587acdf-dbe2-410c-8061-3cebf3038fed{ip: 192.168.69.102, host: pr-hdds-1413-r8zfz-2367378370, networkLocation: /default-rack, certSerialId: null} moved to stale state. Finalizing its pipelines [PipelineID=89a2dc60-a8ce-44b7-8de0-628dd217a515, PipelineID=c17d03fd-a2ba-4dac-99ff-0186fd349c9d]
2019-08-29 17:01:39,652 [EventQueue-StaleNodeForStaleNodeHandler] INFO  pipeline.SCMPipelineManager (SCMPipelineManager.java:finalizeAndDestroyPipeline(309)) - destroying pipeline:Pipeline[ Id: 89a2dc60-a8ce-44b7-8de0-628dd217a515, Nodes: 3acd8f8c-e91c-4578-a55f-526981cf687c{ip: 192.168.69.102, host: pr-hdds-1413-r8zfz-2367378370, networkLocation: /default-rack, certSerialId: null}c587acdf-dbe2-410c-8061-3cebf3038fed{ip: 192.168.69.102, host: pr-hdds-1413-r8zfz-2367378370, networkLocation: /default-rack, certSerialId: null}13cf937c-1041-4481-925d-65640af47ca7{ip: 192.168.69.102, host: pr-hdds-1413-r8zfz-2367378370, networkLocation: /default-rack, certSerialId: null}, Type:RATIS, Factor:THREE, State:CLOSED]
2019-08-29 17:01:39,652 [EventQueue-StaleNodeForStaleNodeHandler] INFO  pipeline.SCMPipelineManager (SCMPipelineManager.java:finalizeAndDestroyPipeline(309)) - destroying pipeline:Pipeline[ Id: c17d03fd-a2ba-4dac-99ff-0186fd349c9d, Nodes: c587acdf-dbe2-410c-8061-3cebf3038fed{ip: 192.168.69.102, host: pr-hdds-1413-r8zfz-2367378370, networkLocation: /default-rack, certSerialId: null}, Type:RATIS, Factor:ONE, State:OPEN]
2019-08-29 17:01:39,652 [EventQueue-StaleNodeForStaleNodeHandler] INFO  pipeline.PipelineStateManager (PipelineStateManager.java:finalizePipeline(123)) - Pipeline Pipeline[ Id: c17d03fd-a2ba-4dac-99ff-0186fd349c9d, Nodes: c587acdf-dbe2-410c-8061-3cebf3038fed{ip: 192.168.69.102, host: pr-hdds-1413-r8zfz-2367378370, networkLocation: /default-rack, certSerialId: null}, Type:RATIS, Factor:ONE, State:CLOSED] moved to CLOSED state
2019-08-29 17:01:39,923 [main] INFO  ozoneimpl.OzoneContainer (OzoneContainer.java:stop(215)) - Attempting to stop container services.
2019-08-29 17:01:39,923 [main] INFO  impl.RaftServerProxy (RaftServerProxy.java:lambda$close$4(314)) - c587acdf-dbe2-410c-8061-3cebf3038fed: close
2019-08-29 17:01:39,924 [main] INFO  impl.RaftServerImpl (RaftServerImpl.java:lambda$shutdown$3(245)) - c587acdf-dbe2-410c-8061-3cebf3038fed: shutdown group-628DD217A515
2019-08-29 17:01:39,924 [main] INFO  util.JmxRegister (JmxRegister.java:unregister(73)) - Successfully un-registered JMX Bean with object name Ratis:service=RaftServer,group=group-628DD217A515,id=c587acdf-dbe2-410c-8061-3cebf3038fed
2019-08-29 17:01:39,924 [main] INFO  impl.RoleInfo (RoleInfo.java:shutdownLeaderState(104)) - c587acdf-dbe2-410c-8061-3cebf3038fed: shutdown LeaderState
2019-08-29 17:01:39,926 [main] INFO  impl.PendingRequests (PendingRequests.java:sendNotLeaderResponses(202)) - c587acdf-dbe2-410c-8061-3cebf3038fed-PendingRequests: sendNotLeaderResponses
2019-08-29 17:01:39,926 [org.apache.ratis.server.impl.LogAppender$AppenderDaemon$$Lambda$492/440248594@33b964d7] WARN  server.GrpcLogAppender (GrpcLogAppender.java:mayWait(143)) - GrpcLogAppender(c587acdf-dbe2-410c-8061-3cebf3038fed->13cf937c-1041-4481-925d-65640af47ca7): Wait interrupted by java.lang.InterruptedException
2019-08-29 17:01:39,929 [main] INFO  impl.StateMachineUpdater (StateMachineUpdater.java:stopAndJoin(115)) - StateMachineUpdater:c587acdf-dbe2-410c-8061-3cebf3038fed:group-628DD217A515: set stopIndex = 8
2019-08-29 17:01:39,926 [org.apache.ratis.server.impl.LogAppender$AppenderDaemon$$Lambda$492/440248594@76bbf464] WARN  server.GrpcLogAppender (GrpcLogAppender.java:mayWait(143)) - GrpcLogAppender(c587acdf-dbe2-410c-8061-3cebf3038fed->3acd8f8c-e91c-4578-a55f-526981cf687c): Wait interrupted by java.lang.InterruptedException
2019-08-29 17:01:39,929 [StateMachineUpdater:c587acdf-dbe2-410c-8061-3cebf3038fed:group-628DD217A515] INFO  ratis.ContainerStateMachine (ContainerStateMachine.java:takeSnapshot(284)) - group-628DD217A515: Taking a snapshot at:(t:1, i:8) file /workdir/hadoop-ozone/integration-test/target/test-dir/MiniOzoneClusterImpl-6f429aea-cb1e-4c0a-a3f8-3b3e3b27620e/datanode-5/data/ratis/89a2dc60-a8ce-44b7-8de0-628dd217a515/sm/snapshot.1_8
2019-08-29 17:01:39,961 [StateMachineUpdater:c587acdf-dbe2-410c-8061-3cebf3038fed:group-628DD217A515] INFO  ratis.ContainerStateMachine (ContainerStateMachine.java:takeSnapshot(295)) - group-628DD217A515: Finished taking a snapshot at:(t:1, i:8) file:/workdir/hadoop-ozone/integration-test/target/test-dir/MiniOzoneClusterImpl-6f429aea-cb1e-4c0a-a3f8-3b3e3b27620e/datanode-5/data/ratis/89a2dc60-a8ce-44b7-8de0-628dd217a515/sm/snapshot.1_8 time:32
2019-08-29 17:01:39,961 [StateMachineUpdater:c587acdf-dbe2-410c-8061-3cebf3038fed:group-628DD217A515] INFO  impl.StateMachineUpdater (StateMachineUpdater.java:takeSnapshot(242)) - StateMachineUpdater:c587acdf-dbe2-410c-8061-3cebf3038fed:group-628DD217A515: Took a snapshot at index 8
2019-08-29 17:01:39,962 [StateMachineUpdater:c587acdf-dbe2-410c-8061-3cebf3038fed:group-628DD217A515] INFO  impl.StateMachineUpdater (StateMachineUpdater.java:lambda$new$0(80)) - StateMachineUpdater:c587acdf-dbe2-410c-8061-3cebf3038fed:group-628DD217A515: snapshotIndex: updateIncreasingly -1 -> 8
2019-08-29 17:01:39,962 [main] INFO  impl.RaftServerImpl (ServerState.java:close(394)) - c587acdf-dbe2-410c-8061-3cebf3038fed:group-628DD217A515 closes. The last applied log index is 8
2019-08-29 17:01:39,962 [c587acdf-dbe2-410c-8061-3cebf3038fed-SegmentedRaftLogWorker:Storage Directory /workdir/hadoop-ozone/integration-test/target/test-dir/MiniOzoneClusterImpl-6f429aea-cb1e-4c0a-a3f8-3b3e3b27620e/datanode-5/data/ratis/89a2dc60-a8ce-44b7-8de0-628dd217a515] INFO  segmented.SegmentedRaftLogWorker (SegmentedRaftLogWorker.java:run(313)) - c587acdf-dbe2-410c-8061-3cebf3038fed-SegmentedRaftLogWorker:Storage Directory /workdir/hadoop-ozone/integration-test/target/test-dir/MiniOzoneClusterImpl-6f429aea-cb1e-4c0a-a3f8-3b3e3b27620e/datanode-5/data/ratis/89a2dc60-a8ce-44b7-8de0-628dd217a515 was interrupted, exiting. There are 0 tasks remaining in the queue.
2019-08-29 17:01:39,964 [main] INFO  segmented.SegmentedRaftLogWorker (SegmentedRaftLogWorker.java:close(228)) - c587acdf-dbe2-410c-8061-3cebf3038fed-SegmentedRaftLogWorker:Storage Directory /workdir/hadoop-ozone/integration-test/target/test-dir/MiniOzoneClusterImpl-6f429aea-cb1e-4c0a-a3f8-3b3e3b27620e/datanode-5/data/ratis/89a2dc60-a8ce-44b7-8de0-628dd217a515 close()
2019-08-29 17:01:39,965 [main] INFO  impl.RaftServerImpl (RaftServerImpl.java:lambda$shutdown$3(245)) - c587acdf-dbe2-410c-8061-3cebf3038fed: shutdown group-0186FD349C9D
2019-08-29 17:01:39,965 [main] INFO  util.JmxRegister (JmxRegister.java:unregister(73)) - Successfully un-registered JMX Bean with object name Ratis:service=RaftServer,group=group-0186FD349C9D,id=c587acdf-dbe2-410c-8061-3cebf3038fed
2019-08-29 17:01:39,966 [main] INFO  impl.RoleInfo (RoleInfo.java:shutdownLeaderState(104)) - c587acdf-dbe2-410c-8061-3cebf3038fed: shutdown LeaderState
2019-08-29 17:01:39,966 [main] INFO  impl.PendingRequests (PendingRequests.java:sendNotLeaderResponses(202)) - c587acdf-dbe2-410c-8061-3cebf3038fed-PendingRequests: sendNotLeaderResponses
2019-08-29 17:01:39,966 [main] INFO  impl.StateMachineUpdater (StateMachineUpdater.java:stopAndJoin(115)) - StateMachineUpdater:c587acdf-dbe2-410c-8061-3cebf3038fed:group-0186FD349C9D: set stopIndex = 0
2019-08-29 17:01:39,967 [main] INFO  impl.RaftServerImpl (ServerState.java:close(394)) - c587acdf-dbe2-410c-8061-3cebf3038fed:group-0186FD349C9D closes. The last applied log index is 0
2019-08-29 17:01:39,967 [c587acdf-dbe2-410c-8061-3cebf3038fed-SegmentedRaftLogWorker:Storage Directory /workdir/hadoop-ozone/integration-test/target/test-dir/MiniOzoneClusterImpl-6f429aea-cb1e-4c0a-a3f8-3b3e3b27620e/datanode-5/data/ratis/c17d03fd-a2ba-4dac-99ff-0186fd349c9d] INFO  segmented.SegmentedRaftLogWorker (SegmentedRaftLogWorker.java:run(313)) - c587acdf-dbe2-410c-8061-3cebf3038fed-SegmentedRaftLogWorker:Storage Directory /workdir/hadoop-ozone/integration-test/target/test-dir/MiniOzoneClusterImpl-6f429aea-cb1e-4c0a-a3f8-3b3e3b27620e/datanode-5/data/ratis/c17d03fd-a2ba-4dac-99ff-0186fd349c9d was interrupted, exiting. There are 0 tasks remaining in the queue.
2019-08-29 17:01:39,968 [main] INFO  segmented.SegmentedRaftLogWorker (SegmentedRaftLogWorker.java:close(228)) - c587acdf-dbe2-410c-8061-3cebf3038fed-SegmentedRaftLogWorker:Storage Directory /workdir/hadoop-ozone/integration-test/target/test-dir/MiniOzoneClusterImpl-6f429aea-cb1e-4c0a-a3f8-3b3e3b27620e/datanode-5/data/ratis/c17d03fd-a2ba-4dac-99ff-0186fd349c9d close()
2019-08-29 17:01:39,970 [main] INFO  server.GrpcService (GrpcService.java:closeImpl(155)) - c587acdf-dbe2-410c-8061-3cebf3038fed: shutdown server with port 36933 now
2019-08-29 17:01:39,971 [main] INFO  server.GrpcService (GrpcService.java:closeImpl(163)) - c587acdf-dbe2-410c-8061-3cebf3038fed: shutdown server with port 36933 successfully
2019-08-29 17:01:39,973 [refreshUsed-/workdir/hadoop-ozone/integration-test/target/test-dir/MiniOzoneClusterImpl-6f429aea-cb1e-4c0a-a3f8-3b3e3b27620e/datanode-5/data/containers] WARN  fs.CachingGetSpaceUsed (CachingGetSpaceUsed.java:run(183)) - Thread Interrupted waiting to refresh disk information: sleep interrupted
2019-08-29 17:01:39,987 [main] INFO  utils.BackgroundService (BackgroundService.java:shutdown(148)) - Shutting down service BlockDeletingService
2019-08-29 17:01:39,989 [main] INFO  statemachine.DatanodeStateMachine (DatanodeStateMachine.java:stopDaemon(395)) - Ozone container server stopped.
2019-08-29 17:01:39,990 [main] INFO  handler.ContextHandler (ContextHandler.java:doStop(910)) - Stopped o.e.j.w.WebAppContext@6eaa6b0c{/,null,UNAVAILABLE}{/hddsDatanode}
2019-08-29 17:01:39,991 [main] INFO  server.AbstractConnector (AbstractConnector.java:doStop(318)) - Stopped ServerConnector@4afcae7{HTTP/1.1,[http/1.1]}{0.0.0.0:0}
2019-08-29 17:01:39,991 [main] INFO  handler.ContextHandler (ContextHandler.java:doStop(910)) - Stopped o.e.j.s.ServletContextHandler@6249a08d{/static,jar:file:/home/user/.m2/repository/org/apache/hadoop/hadoop-hdds-container-service/0.5.0-SNAPSHOT/hadoop-hdds-container-service-0.5.0-SNAPSHOT.jar!/webapps/static,UNAVAILABLE}
2019-08-29 17:01:39,992 [main] INFO  handler.ContextHandler (ContextHandler.java:doStop(910)) - Stopped o.e.j.s.ServletContextHandler@1cc708a7{/logs,file:///workdir/hadoop-ozone/integration-test/target/log,UNAVAILABLE}
2019-08-29 17:01:39,993 [main] INFO  ozone.MiniOzoneClusterImpl (MiniOzoneClusterImpl.java:stop(339)) - Stopping the StorageContainerManager
2019-08-29 17:01:39,993 [main] INFO  server.StorageContainerManager (StorageContainerManager.java:stop(797)) - Stopping Replication Manager Service.
2019-08-29 17:01:39,993 [main] INFO  container.ReplicationManager (ReplicationManager.java:stop(193)) - Stopping Replication Monitor Thread.
2019-08-29 17:01:39,993 [main] INFO  server.StorageContainerManager (StorageContainerManager.java:stop(804)) - Stopping Lease Manager of the command watchers
2019-08-29 17:01:39,993 [main] INFO  server.StorageContainerManager (StorageContainerManager.java:stop(811)) - Stopping datanode service RPC server
2019-08-29 17:01:39,993 [main] INFO  server.SCMDatanodeProtocolServer (SCMDatanodeProtocolServer.java:stop(367)) - Stopping the RPC server for DataNodes
2019-08-29 17:01:39,994 [main] INFO  ipc.Server (Server.java:stop(3082)) - Stopping server on 42802
2019-08-29 17:01:39,996 [IPC Server listener on 42802] INFO  ipc.Server (Server.java:run(1185)) - Stopping IPC Server listener on 42802
2019-08-29 17:01:39,997 [IPC Server Responder] INFO  ipc.Server (Server.java:run(1319)) - Stopping IPC Server Responder
2019-08-29 17:01:40,052 [SCM Heartbeat Processing Thread - 0] WARN  node.NodeStateManager (NodeStateManager.java:scheduleNextHealthCheck(646)) - Current Thread is interrupted, shutting down HB processing thread for Node Manager.
2019-08-29 17:01:40,052 [main] INFO  server.StorageContainerManager (StorageContainerManager.java:stop(819)) - Stopping block service RPC server
2019-08-29 17:01:40,052 [main] INFO  server.SCMBlockProtocolServer (SCMBlockProtocolServer.java:stop(148)) - Stopping the RPC server for Block Protocol
2019-08-29 17:01:40,052 [main] INFO  ipc.Server (Server.java:stop(3082)) - Stopping server on 46807
2019-08-29 17:01:40,054 [main] INFO  server.StorageContainerManager (StorageContainerManager.java:stop(826)) - Stopping the StorageContainerLocationProtocol RPC server
2019-08-29 17:01:40,054 [IPC Server listener on 46807] INFO  ipc.Server (Server.java:run(1185)) - Stopping IPC Server listener on 46807
2019-08-29 17:01:40,054 [IPC Server Responder] INFO  ipc.Server (Server.java:run(1319)) - Stopping IPC Server Responder
2019-08-29 17:01:40,054 [main] INFO  server.SCMClientProtocolServer (SCMClientProtocolServer.java:stop(159)) - Stopping the RPC server for Client Protocol
2019-08-29 17:01:40,057 [main] INFO  ipc.Server (Server.java:stop(3082)) - Stopping server on 40414
2019-08-29 17:01:40,058 [IPC Server listener on 40414] INFO  ipc.Server (Server.java:run(1185)) - Stopping IPC Server listener on 40414
2019-08-29 17:01:40,059 [IPC Server Responder] INFO  ipc.Server (Server.java:run(1319)) - Stopping IPC Server Responder
2019-08-29 17:01:40,059 [main] INFO  server.StorageContainerManager (StorageContainerManager.java:stop(833)) - Stopping Storage Container Manager HTTP server.
2019-08-29 17:01:40,060 [main] INFO  handler.ContextHandler (ContextHandler.java:doStop(910)) - Stopped o.e.j.w.WebAppContext@53ba1175{/,null,UNAVAILABLE}{/scm}
2019-08-29 17:01:40,061 [main] INFO  server.AbstractConnector (AbstractConnector.java:doStop(318)) - Stopped ServerConnector@cd5ff55{HTTP/1.1,[http/1.1]}{0.0.0.0:0}
2019-08-29 17:01:40,062 [main] INFO  handler.ContextHandler (ContextHandler.java:doStop(910)) - Stopped o.e.j.s.ServletContextHandler@3dfe92ef{/static,file:///workdir/hadoop-ozone/integration-test/target/test-classes/webapps/static,UNAVAILABLE}
2019-08-29 17:01:40,064 [main] INFO  handler.ContextHandler (ContextHandler.java:doStop(910)) - Stopped o.e.j.s.ServletContextHandler@74a85515{/logs,file:///workdir/hadoop-ozone/integration-test/target/log,UNAVAILABLE}
2019-08-29 17:01:40,065 [main] INFO  server.StorageContainerManager (StorageContainerManager.java:stop(844)) - Stopping Block Manager Service.
2019-08-29 17:01:40,065 [main] INFO  utils.BackgroundService (BackgroundService.java:shutdown(148)) - Shutting down service SCMBlockDeletingService
2019-08-29 17:01:40,066 [main] INFO  utils.BackgroundService (BackgroundService.java:shutdown(148)) - Shutting down service SCMBlockDeletingService
2019-08-29 17:01:40,066 [main] INFO  server.StorageContainerManager (StorageContainerManager.java:stop(866)) - Stopping SCM Event Queue.
2019-08-29 17:01:40,070 [main] INFO  impl.MetricsSystemImpl (MetricsSystemImpl.java:stop(210)) - Stopping HddsDatanode metrics system...
2019-08-29 17:01:40,087 [main] INFO  impl.MetricsSystemImpl (MetricsSystemImpl.java:stop(216)) - HddsDatanode metrics system stopped.
]]></system-out>
  </testcase>
</testsuite>