<?xml version="1.0" encoding="UTF-8"?>
<testsuite xmlns:xsi="http://www.w3.org/2001/XMLSchema-instance" xsi:noNamespaceSchemaLocation="https://maven.apache.org/surefire/maven-surefire-plugin/xsd/surefire-test-report.xsd" name="org.apache.hadoop.ozone.freon.TestFreonWithPipelineDestroy" time="31.06" tests="1" errors="1" skipped="0" failures="0">
  <properties>
    <property name="awt.toolkit" value="sun.awt.X11.XToolkit"/>
    <property name="file.encoding.pkg" value="sun.io"/>
    <property name="java.specification.version" value="1.8"/>
    <property name="sun.cpu.isalist" value=""/>
    <property name="sun.jnu.encoding" value="UTF-8"/>
    <property name="java.class.path" value="/tmp/workdir/hadoop-ozone/tools/target/test-classes:/tmp/workdir/hadoop-ozone/tools/target/classes:/tmp/workdir/hadoop-ozone/ozone-manager/target/classes:/tmp/workdir/hadoop-hdds/docs/target/classes:/home/user/.m2/repository/org/bouncycastle/bcprov-jdk15on/1.60/bcprov-jdk15on-1.60.jar:/tmp/workdir/hadoop-ozone/common/target/classes:/home/user/.m2/repository/org/apache/commons/commons-compress/1.4.1/commons-compress-1.4.1.jar:/home/user/.m2/repository/org/tukaani/xz/1.0/xz-1.0.jar:/home/user/.m2/repository/org/apache/hadoop/hadoop-hdfs-client/3.2.0/hadoop-hdfs-client-3.2.0.jar:/home/user/.m2/repository/com/fasterxml/jackson/core/jackson-annotations/2.9.5/jackson-annotations-2.9.5.jar:/tmp/workdir/hadoop-hdds/common/target/classes:/tmp/workdir/hadoop-hdds/config/target/classes:/home/user/.m2/repository/javax/annotation/javax.annotation-api/1.2/javax.annotation-api-1.2.jar:/home/user/.m2/repository/org/apache/ratis/ratis-server/0.4.0-2337318-SNAPSHOT/ratis-server-0.4.0-2337318-SNAPSHOT.jar:/home/user/.m2/repository/org/apache/ratis/ratis-thirdparty-misc/0.2.0/ratis-thirdparty-misc-0.2.0.jar:/home/user/.m2/repository/org/apache/ratis/ratis-proto/0.4.0-2337318-SNAPSHOT/ratis-proto-0.4.0-2337318-SNAPSHOT.jar:/home/user/.m2/repository/org/apache/ratis/ratis-common/0.4.0-2337318-SNAPSHOT/ratis-common-0.4.0-2337318-SNAPSHOT.jar:/home/user/.m2/repository/org/apache/ratis/ratis-client/0.4.0-2337318-SNAPSHOT/ratis-client-0.4.0-2337318-SNAPSHOT.jar:/home/user/.m2/repository/org/apache/ratis/ratis-metrics/0.4.0-2337318-SNAPSHOT/ratis-metrics-0.4.0-2337318-SNAPSHOT.jar:/home/user/.m2/repository/org/apache/ratis/ratis-netty/0.4.0-2337318-SNAPSHOT/ratis-netty-0.4.0-2337318-SNAPSHOT.jar:/home/user/.m2/repository/org/apache/ratis/ratis-grpc/0.4.0-2337318-SNAPSHOT/ratis-grpc-0.4.0-2337318-SNAPSHOT.jar:/home/user/.m2/repository/org/rocksdb/rocksdbjni/6.0.1/rocksdbjni-6.0.1.jar:/home/user/.m2/repository/org/apache/logging/log4j/log4j-api/2.11.0/log4j-api-2.11.0.jar:/home/user/.m2/repository/org/apache/logging/log4j/log4j-core/2.11.0/log4j-core-2.11.0.jar:/home/user/.m2/repository/com/lmax/disruptor/3.4.2/disruptor-3.4.2.jar:/home/user/.m2/repository/org/apache/commons/commons-pool2/2.6.0/commons-pool2-2.6.0.jar:/home/user/.m2/repository/org/bouncycastle/bcpkix-jdk15on/1.60/bcpkix-jdk15on-1.60.jar:/home/user/.m2/repository/commons-validator/commons-validator/1.6/commons-validator-1.6.jar:/home/user/.m2/repository/commons-digester/commons-digester/1.8.1/commons-digester-1.8.1.jar:/home/user/.m2/repository/io/jaegertracing/jaeger-client/0.33.1/jaeger-client-0.33.1.jar:/home/user/.m2/repository/io/jaegertracing/jaeger-thrift/0.33.1/jaeger-thrift-0.33.1.jar:/home/user/.m2/repository/org/apache/thrift/libthrift/0.11.0/libthrift-0.11.0.jar:/home/user/.m2/repository/com/squareup/okhttp3/okhttp/3.9.0/okhttp-3.9.0.jar:/home/user/.m2/repository/com/squareup/okio/okio/1.13.0/okio-1.13.0.jar:/home/user/.m2/repository/io/jaegertracing/jaeger-core/0.33.1/jaeger-core-0.33.1.jar:/home/user/.m2/repository/io/jaegertracing/jaeger-tracerresolver/0.33.1/jaeger-tracerresolver-0.33.1.jar:/home/user/.m2/repository/io/opentracing/contrib/opentracing-tracerresolver/0.1.5/opentracing-tracerresolver-0.1.5.jar:/home/user/.m2/repository/io/opentracing/opentracing-util/0.31.0/opentracing-util-0.31.0.jar:/home/user/.m2/repository/io/opentracing/opentracing-api/0.31.0/opentracing-api-0.31.0.jar:/home/user/.m2/repository/io/opentracing/opentracing-noop/0.31.0/opentracing-noop-0.31.0.jar:/home/user/.m2/repository/org/yaml/snakeyaml/1.16/snakeyaml-1.16.jar:/tmp/workdir/hadoop-hdds/container-service/target/classes:/tmp/workdir/hadoop-hdds/client/target/classes:/tmp/workdir/hadoop-hdds/tools/target/classes:/home/user/.m2/repository/org/xerial/sqlite-jdbc/3.25.2/sqlite-jdbc-3.25.2.jar:/tmp/workdir/hadoop-hdds/server-scm/target/classes:/home/user/.m2/repository/org/hamcrest/hamcrest-all/1.3/hamcrest-all-1.3.jar:/home/user/.m2/repository/info/picocli/picocli/3.9.6/picocli-3.9.6.jar:/home/user/.m2/repository/com/google/protobuf/protobuf-java/2.5.0/protobuf-java-2.5.0.jar:/home/user/.m2/repository/com/google/guava/guava/11.0.2/guava-11.0.2.jar:/tmp/workdir/hadoop-ozone/client/target/classes:/home/user/.m2/repository/org/apache/hadoop/hadoop-ozone-filesystem/0.5.0-SNAPSHOT/hadoop-ozone-filesystem-0.5.0-SNAPSHOT.jar:/tmp/workdir/hadoop-hdds/framework/target/classes:/home/user/.m2/repository/org/apache/hadoop/hadoop-common/3.2.0/hadoop-common-3.2.0.jar:/home/user/.m2/repository/org/apache/hadoop/hadoop-annotations/3.2.0/hadoop-annotations-3.2.0.jar:/usr/lib/jvm/java-1.8-openjdk/jre/../lib/tools.jar:/home/user/.m2/repository/commons-cli/commons-cli/1.2/commons-cli-1.2.jar:/home/user/.m2/repository/org/apache/commons/commons-math3/3.1.1/commons-math3-3.1.1.jar:/home/user/.m2/repository/org/apache/httpcomponents/httpclient/4.5.2/httpclient-4.5.2.jar:/home/user/.m2/repository/org/apache/httpcomponents/httpcore/4.4.4/httpcore-4.4.4.jar:/home/user/.m2/repository/commons-codec/commons-codec/1.11/commons-codec-1.11.jar:/home/user/.m2/repository/commons-io/commons-io/2.5/commons-io-2.5.jar:/home/user/.m2/repository/commons-net/commons-net/3.6/commons-net-3.6.jar:/home/user/.m2/repository/commons-collections/commons-collections/3.2.2/commons-collections-3.2.2.jar:/home/user/.m2/repository/javax/servlet/javax.servlet-api/3.1.0/javax.servlet-api-3.1.0.jar:/home/user/.m2/repository/org/eclipse/jetty/jetty-server/9.3.24.v20180605/jetty-server-9.3.24.v20180605.jar:/home/user/.m2/repository/org/eclipse/jetty/jetty-http/9.3.24.v20180605/jetty-http-9.3.24.v20180605.jar:/home/user/.m2/repository/org/eclipse/jetty/jetty-io/9.3.24.v20180605/jetty-io-9.3.24.v20180605.jar:/home/user/.m2/repository/org/eclipse/jetty/jetty-util/9.3.24.v20180605/jetty-util-9.3.24.v20180605.jar:/home/user/.m2/repository/org/eclipse/jetty/jetty-servlet/9.3.24.v20180605/jetty-servlet-9.3.24.v20180605.jar:/home/user/.m2/repository/org/eclipse/jetty/jetty-security/9.3.24.v20180605/jetty-security-9.3.24.v20180605.jar:/home/user/.m2/repository/org/eclipse/jetty/jetty-webapp/9.3.24.v20180605/jetty-webapp-9.3.24.v20180605.jar:/home/user/.m2/repository/org/eclipse/jetty/jetty-xml/9.3.24.v20180605/jetty-xml-9.3.24.v20180605.jar:/home/user/.m2/repository/javax/servlet/jsp/jsp-api/2.1/jsp-api-2.1.jar:/home/user/.m2/repository/com/sun/jersey/jersey-core/1.19/jersey-core-1.19.jar:/home/user/.m2/repository/javax/ws/rs/jsr311-api/1.1.1/jsr311-api-1.1.1.jar:/home/user/.m2/repository/com/sun/jersey/jersey-servlet/1.19/jersey-servlet-1.19.jar:/home/user/.m2/repository/com/sun/jersey/jersey-json/1.19/jersey-json-1.19.jar:/home/user/.m2/repository/org/codehaus/jettison/jettison/1.1/jettison-1.1.jar:/home/user/.m2/repository/com/sun/xml/bind/jaxb-impl/2.3.0.1/jaxb-impl-2.3.0.1.jar:/home/user/.m2/repository/org/codehaus/jackson/jackson-core-asl/1.9.13/jackson-core-asl-1.9.13.jar:/home/user/.m2/repository/org/codehaus/jackson/jackson-mapper-asl/1.9.13/jackson-mapper-asl-1.9.13.jar:/home/user/.m2/repository/org/codehaus/jackson/jackson-jaxrs/1.9.13/jackson-jaxrs-1.9.13.jar:/home/user/.m2/repository/org/codehaus/jackson/jackson-xc/1.9.13/jackson-xc-1.9.13.jar:/home/user/.m2/repository/com/sun/jersey/jersey-server/1.19/jersey-server-1.19.jar:/home/user/.m2/repository/commons-logging/commons-logging/1.1.3/commons-logging-1.1.3.jar:/home/user/.m2/repository/log4j/log4j/1.2.17/log4j-1.2.17.jar:/home/user/.m2/repository/commons-beanutils/commons-beanutils/1.9.3/commons-beanutils-1.9.3.jar:/home/user/.m2/repository/org/apache/commons/commons-configuration2/2.1.1/commons-configuration2-2.1.1.jar:/home/user/.m2/repository/org/apache/commons/commons-lang3/3.7/commons-lang3-3.7.jar:/home/user/.m2/repository/org/apache/commons/commons-text/1.4/commons-text-1.4.jar:/home/user/.m2/repository/org/slf4j/slf4j-api/1.7.25/slf4j-api-1.7.25.jar:/home/user/.m2/repository/org/slf4j/slf4j-log4j12/1.7.25/slf4j-log4j12-1.7.25.jar:/home/user/.m2/repository/org/apache/avro/avro/1.7.7/avro-1.7.7.jar:/home/user/.m2/repository/com/thoughtworks/paranamer/paranamer/2.3/paranamer-2.3.jar:/home/user/.m2/repository/org/xerial/snappy/snappy-java/1.0.5/snappy-java-1.0.5.jar:/home/user/.m2/repository/com/google/re2j/re2j/1.1/re2j-1.1.jar:/home/user/.m2/repository/com/google/code/gson/gson/2.2.4/gson-2.2.4.jar:/home/user/.m2/repository/org/apache/hadoop/hadoop-auth/3.2.0/hadoop-auth-3.2.0.jar:/home/user/.m2/repository/com/nimbusds/nimbus-jose-jwt/4.41.1/nimbus-jose-jwt-4.41.1.jar:/home/user/.m2/repository/com/github/stephenc/jcip/jcip-annotations/1.0-1/jcip-annotations-1.0-1.jar:/home/user/.m2/repository/net/minidev/json-smart/2.3/json-smart-2.3.jar:/home/user/.m2/repository/net/minidev/accessors-smart/1.2/accessors-smart-1.2.jar:/home/user/.m2/repository/org/apache/curator/curator-framework/2.12.0/curator-framework-2.12.0.jar:/home/user/.m2/repository/com/jcraft/jsch/0.1.54/jsch-0.1.54.jar:/home/user/.m2/repository/org/apache/curator/curator-client/2.12.0/curator-client-2.12.0.jar:/home/user/.m2/repository/org/apache/curator/curator-recipes/2.12.0/curator-recipes-2.12.0.jar:/home/user/.m2/repository/com/google/code/findbugs/jsr305/3.0.0/jsr305-3.0.0.jar:/home/user/.m2/repository/org/apache/htrace/htrace-core4/4.1.0-incubating/htrace-core4-4.1.0-incubating.jar:/home/user/.m2/repository/org/apache/zookeeper/zookeeper/3.4.13/zookeeper-3.4.13.jar:/home/user/.m2/repository/org/apache/yetus/audience-annotations/0.5.0/audience-annotations-0.5.0.jar:/home/user/.m2/repository/org/apache/kerby/kerb-simplekdc/1.0.1/kerb-simplekdc-1.0.1.jar:/home/user/.m2/repository/org/apache/kerby/kerb-client/1.0.1/kerb-client-1.0.1.jar:/home/user/.m2/repository/org/apache/kerby/kerby-config/1.0.1/kerby-config-1.0.1.jar:/home/user/.m2/repository/org/apache/kerby/kerb-core/1.0.1/kerb-core-1.0.1.jar:/home/user/.m2/repository/org/apache/kerby/kerby-pkix/1.0.1/kerby-pkix-1.0.1.jar:/home/user/.m2/repository/org/apache/kerby/kerby-asn1/1.0.1/kerby-asn1-1.0.1.jar:/home/user/.m2/repository/org/apache/kerby/kerby-util/1.0.1/kerby-util-1.0.1.jar:/home/user/.m2/repository/org/apache/kerby/kerb-common/1.0.1/kerb-common-1.0.1.jar:/home/user/.m2/repository/org/apache/kerby/kerb-crypto/1.0.1/kerb-crypto-1.0.1.jar:/home/user/.m2/repository/org/apache/kerby/kerb-util/1.0.1/kerb-util-1.0.1.jar:/home/user/.m2/repository/org/apache/kerby/token-provider/1.0.1/token-provider-1.0.1.jar:/home/user/.m2/repository/org/apache/kerby/kerb-admin/1.0.1/kerb-admin-1.0.1.jar:/home/user/.m2/repository/org/apache/kerby/kerb-server/1.0.1/kerb-server-1.0.1.jar:/home/user/.m2/repository/org/apache/kerby/kerb-identity/1.0.1/kerb-identity-1.0.1.jar:/home/user/.m2/repository/org/apache/kerby/kerby-xdr/1.0.1/kerby-xdr-1.0.1.jar:/home/user/.m2/repository/com/fasterxml/jackson/core/jackson-databind/2.9.5/jackson-databind-2.9.5.jar:/home/user/.m2/repository/com/fasterxml/jackson/core/jackson-core/2.9.5/jackson-core-2.9.5.jar:/home/user/.m2/repository/org/codehaus/woodstox/stax2-api/3.1.4/stax2-api-3.1.4.jar:/home/user/.m2/repository/com/fasterxml/woodstox/woodstox-core/5.0.3/woodstox-core-5.0.3.jar:/home/user/.m2/repository/dnsjava/dnsjava/2.1.7/dnsjava-2.1.7.jar:/home/user/.m2/repository/org/apache/hadoop/hadoop-hdfs/3.2.0/hadoop-hdfs-3.2.0.jar:/home/user/.m2/repository/org/eclipse/jetty/jetty-util-ajax/9.3.24.v20180605/jetty-util-ajax-9.3.24.v20180605.jar:/home/user/.m2/repository/commons-daemon/commons-daemon/1.0.13/commons-daemon-1.0.13.jar:/home/user/.m2/repository/io/netty/netty/3.10.5.Final/netty-3.10.5.Final.jar:/home/user/.m2/repository/io/netty/netty-all/4.0.52.Final/netty-all-4.0.52.Final.jar:/home/user/.m2/repository/org/fusesource/leveldbjni/leveldbjni-all/1.8/leveldbjni-all-1.8.jar:/home/user/.m2/repository/com/sun/xml/bind/jaxb-core/2.3.0.1/jaxb-core-2.3.0.1.jar:/home/user/.m2/repository/javax/xml/bind/jaxb-api/2.3.0/jaxb-api-2.3.0.jar:/home/user/.m2/repository/javax/activation/activation/1.1.1/activation-1.1.1.jar:/home/user/.m2/repository/io/dropwizard/metrics/metrics-core/3.2.4/metrics-core-3.2.4.jar:/home/user/.m2/repository/org/openjdk/jmh/jmh-core/1.19/jmh-core-1.19.jar:/home/user/.m2/repository/net/sf/jopt-simple/jopt-simple/4.6/jopt-simple-4.6.jar:/home/user/.m2/repository/org/openjdk/jmh/jmh-generator-annprocess/1.19/jmh-generator-annprocess-1.19.jar:/home/user/.m2/repository/com/google/code/findbugs/findbugs/3.0.1/findbugs-3.0.1.jar:/home/user/.m2/repository/net/jcip/jcip-annotations/1.0/jcip-annotations-1.0.jar:/home/user/.m2/repository/com/google/code/findbugs/bcel-findbugs/6.0/bcel-findbugs-6.0.jar:/home/user/.m2/repository/com/google/code/findbugs/jFormatString/2.0.1/jFormatString-2.0.1.jar:/home/user/.m2/repository/dom4j/dom4j/1.6.1/dom4j-1.6.1.jar:/home/user/.m2/repository/xml-apis/xml-apis/1.0.b2/xml-apis-1.0.b2.jar:/home/user/.m2/repository/org/ow2/asm/asm-debug-all/5.0.2/asm-debug-all-5.0.2.jar:/home/user/.m2/repository/org/ow2/asm/asm-commons/5.0.2/asm-commons-5.0.2.jar:/home/user/.m2/repository/org/ow2/asm/asm-tree/5.0.2/asm-tree-5.0.2.jar:/home/user/.m2/repository/org/ow2/asm/asm/5.0.4/asm-5.0.4.jar:/home/user/.m2/repository/commons-lang/commons-lang/2.6/commons-lang-2.6.jar:/home/user/.m2/repository/com/apple/AppleJavaExtensions/1.4/AppleJavaExtensions-1.4.jar:/home/user/.m2/repository/jaxen/jaxen/1.1.6/jaxen-1.1.6.jar:/home/user/.m2/repository/junit/junit/4.11/junit-4.11.jar:/home/user/.m2/repository/org/hamcrest/hamcrest-core/1.3/hamcrest-core-1.3.jar:/home/user/.m2/repository/org/apache/hadoop/hadoop-common/3.2.0/hadoop-common-3.2.0-tests.jar:/home/user/.m2/repository/org/apache/hadoop/hadoop-ozone-integration-test/0.5.0-SNAPSHOT/hadoop-ozone-integration-test-0.5.0-SNAPSHOT-tests.jar:/tmp/workdir/hadoop-ozone/objectstore-service/target/classes:/tmp/workdir/hadoop-ozone/s3gateway/target/classes:/home/user/.m2/repository/org/jboss/weld/servlet/weld-servlet/2.4.7.Final/weld-servlet-2.4.7.Final.jar:/home/user/.m2/repository/org/glassfish/jersey/containers/jersey-container-servlet-core/2.27/jersey-container-servlet-core-2.27.jar:/home/user/.m2/repository/org/glassfish/hk2/external/javax.inject/2.5.0-b42/javax.inject-2.5.0-b42.jar:/home/user/.m2/repository/org/glassfish/jersey/core/jersey-common/2.27/jersey-common-2.27.jar:/home/user/.m2/repository/org/glassfish/hk2/osgi-resource-locator/1.0.1/osgi-resource-locator-1.0.1.jar:/home/user/.m2/repository/javax/ws/rs/javax.ws.rs-api/2.1/javax.ws.rs-api-2.1.jar:/home/user/.m2/repository/org/glassfish/jersey/ext/cdi/jersey-cdi1x/2.27/jersey-cdi1x-2.27.jar:/home/user/.m2/repository/org/glassfish/jersey/inject/jersey-hk2/2.27/jersey-hk2-2.27.jar:/home/user/.m2/repository/org/glassfish/hk2/hk2-locator/2.5.0-b42/hk2-locator-2.5.0-b42.jar:/home/user/.m2/repository/org/javassist/javassist/3.22.0-CR2/javassist-3.22.0-CR2.jar:/home/user/.m2/repository/org/glassfish/hk2/hk2-api/2.5.0/hk2-api-2.5.0.jar:/home/user/.m2/repository/org/glassfish/hk2/external/jakarta.inject/2.5.0/jakarta.inject-2.5.0.jar:/home/user/.m2/repository/org/glassfish/hk2/hk2-utils/2.5.0/hk2-utils-2.5.0.jar:/home/user/.m2/repository/jakarta/annotation/jakarta.annotation-api/1.3.4/jakarta.annotation-api-1.3.4.jar:/home/user/.m2/repository/org/glassfish/hk2/external/aopalliance-repackaged/2.5.0/aopalliance-repackaged-2.5.0.jar:/home/user/.m2/repository/com/fasterxml/jackson/dataformat/jackson-dataformat-xml/2.9.0/jackson-dataformat-xml-2.9.0.jar:/home/user/.m2/repository/com/fasterxml/jackson/module/jackson-module-jaxb-annotations/2.9.5/jackson-module-jaxb-annotations-2.9.5.jar:/home/user/.m2/repository/javax/enterprise/cdi-api/1.2/cdi-api-1.2.jar:/home/user/.m2/repository/javax/el/javax.el-api/3.0.0/javax.el-api-3.0.0.jar:/home/user/.m2/repository/javax/interceptor/javax.interceptor-api/1.2/javax.interceptor-api-1.2.jar:/home/user/.m2/repository/javax/inject/javax.inject/1/javax.inject-1.jar:/tmp/workdir/hadoop-ozone/csi/target/classes:/home/user/.m2/repository/com/google/protobuf/protobuf-java-util/3.5.1/protobuf-java-util-3.5.1.jar:/home/user/.m2/repository/io/grpc/grpc-netty/1.17.1/grpc-netty-1.17.1.jar:/home/user/.m2/repository/io/grpc/grpc-core/1.17.1/grpc-core-1.17.1.jar:/home/user/.m2/repository/io/grpc/grpc-context/1.17.1/grpc-context-1.17.1.jar:/home/user/.m2/repository/com/google/errorprone/error_prone_annotations/2.2.0/error_prone_annotations-2.2.0.jar:/home/user/.m2/repository/org/codehaus/mojo/animal-sniffer-annotations/1.17/animal-sniffer-annotations-1.17.jar:/home/user/.m2/repository/io/opencensus/opencensus-api/0.17.0/opencensus-api-0.17.0.jar:/home/user/.m2/repository/io/opencensus/opencensus-contrib-grpc-metrics/0.17.0/opencensus-contrib-grpc-metrics-0.17.0.jar:/home/user/.m2/repository/io/netty/netty-codec-http2/4.1.30.Final/netty-codec-http2-4.1.30.Final.jar:/home/user/.m2/repository/io/netty/netty-codec-http/4.1.30.Final/netty-codec-http-4.1.30.Final.jar:/home/user/.m2/repository/io/netty/netty-codec/4.1.30.Final/netty-codec-4.1.30.Final.jar:/home/user/.m2/repository/io/netty/netty-handler/4.1.30.Final/netty-handler-4.1.30.Final.jar:/home/user/.m2/repository/io/netty/netty-handler-proxy/4.1.30.Final/netty-handler-proxy-4.1.30.Final.jar:/home/user/.m2/repository/io/netty/netty-codec-socks/4.1.30.Final/netty-codec-socks-4.1.30.Final.jar:/home/user/.m2/repository/io/netty/netty-transport-native-epoll/4.1.30.Final/netty-transport-native-epoll-4.1.30.Final.jar:/home/user/.m2/repository/io/netty/netty-common/4.1.30.Final/netty-common-4.1.30.Final.jar:/home/user/.m2/repository/io/netty/netty-buffer/4.1.30.Final/netty-buffer-4.1.30.Final.jar:/home/user/.m2/repository/io/netty/netty-transport/4.1.30.Final/netty-transport-4.1.30.Final.jar:/home/user/.m2/repository/io/netty/netty-resolver/4.1.30.Final/netty-resolver-4.1.30.Final.jar:/home/user/.m2/repository/io/netty/netty-transport-native-unix-common/4.1.30.Final/netty-transport-native-unix-common-4.1.30.Final.jar:/home/user/.m2/repository/io/grpc/grpc-protobuf/1.17.1/grpc-protobuf-1.17.1.jar:/home/user/.m2/repository/com/google/api/grpc/proto-google-common-protos/1.0.0/proto-google-common-protos-1.0.0.jar:/home/user/.m2/repository/io/grpc/grpc-protobuf-lite/1.17.1/grpc-protobuf-lite-1.17.1.jar:/home/user/.m2/repository/io/grpc/grpc-stub/1.17.1/grpc-stub-1.17.1.jar:/tmp/workdir/hadoop-ozone/ozone-recon/target/classes:/tmp/workdir/hadoop-ozone/ozone-recon-codegen/target/classes:/home/user/.m2/repository/com/google/inject/extensions/guice-multibindings/4.0/guice-multibindings-4.0.jar:/home/user/.m2/repository/com/google/inject/guice/4.0/guice-4.0.jar:/home/user/.m2/repository/aopalliance/aopalliance/1.0/aopalliance-1.0.jar:/home/user/.m2/repository/com/google/inject/extensions/guice-servlet/4.0/guice-servlet-4.0.jar:/home/user/.m2/repository/org/glassfish/jersey/containers/jersey-container-servlet/2.27/jersey-container-servlet-2.27.jar:/home/user/.m2/repository/org/glassfish/hk2/guice-bridge/2.5.0/guice-bridge-2.5.0.jar:/home/user/.m2/repository/org/glassfish/jersey/core/jersey-server/2.27/jersey-server-2.27.jar:/home/user/.m2/repository/org/glassfish/jersey/core/jersey-client/2.27/jersey-client-2.27.jar:/home/user/.m2/repository/org/glassfish/jersey/media/jersey-media-jaxb/2.27/jersey-media-jaxb-2.27.jar:/home/user/.m2/repository/javax/validation/validation-api/1.1.0.Final/validation-api-1.1.0.Final.jar:/home/user/.m2/repository/org/glassfish/jersey/media/jersey-media-json-jackson/2.27/jersey-media-json-jackson-2.27.jar:/home/user/.m2/repository/org/glassfish/jersey/ext/jersey-entity-filtering/2.27/jersey-entity-filtering-2.27.jar:/home/user/.m2/repository/com/google/inject/extensions/guice-assistedinject/4.0/guice-assistedinject-4.0.jar:/home/user/.m2/repository/org/jooq/jooq/3.11.10/jooq-3.11.10.jar:/home/user/.m2/repository/org/jooq/jooq-meta/3.11.10/jooq-meta-3.11.10.jar:/home/user/.m2/repository/org/jooq/jooq-codegen/3.11.10/jooq-codegen-3.11.10.jar:/home/user/.m2/repository/com/jolbox/bonecp/0.8.0.RELEASE/bonecp-0.8.0.RELEASE.jar:/home/user/.m2/repository/org/springframework/spring-jdbc/5.1.3.RELEASE/spring-jdbc-5.1.3.RELEASE.jar:/home/user/.m2/repository/org/springframework/spring-beans/5.1.3.RELEASE/spring-beans-5.1.3.RELEASE.jar:/home/user/.m2/repository/org/springframework/spring-core/5.1.3.RELEASE/spring-core-5.1.3.RELEASE.jar:/home/user/.m2/repository/org/springframework/spring-jcl/5.1.3.RELEASE/spring-jcl-5.1.3.RELEASE.jar:/home/user/.m2/repository/org/springframework/spring-tx/5.1.3.RELEASE/spring-tx-5.1.3.RELEASE.jar:/home/user/.m2/repository/org/mockito/mockito-core/2.15.0/mockito-core-2.15.0.jar:/home/user/.m2/repository/net/bytebuddy/byte-buddy/1.7.9/byte-buddy-1.7.9.jar:/home/user/.m2/repository/net/bytebuddy/byte-buddy-agent/1.7.9/byte-buddy-agent-1.7.9.jar:/home/user/.m2/repository/org/objenesis/objenesis/1.0/objenesis-1.0.jar:"/>
    <property name="java.vm.vendor" value="IcedTea"/>
    <property name="sun.arch.data.model" value="64"/>
    <property name="test.build.dir" value="/tmp/workdir/hadoop-ozone/tools/target/test-dir"/>
    <property name="test.cache.data" value=""/>
    <property name="java.vendor.url" value="https://icedtea.classpath.org"/>
    <property name="user.timezone" value=""/>
    <property name="java.vm.specification.version" value="1.8"/>
    <property name="os.name" value="Linux"/>
    <property name="test.build.data" value="/tmp/workdir/hadoop-ozone/tools/target/test-dir"/>
    <property name="user.country" value="US"/>
    <property name="sun.java.launcher" value="SUN_STANDARD"/>
    <property name="sun.boot.library.path" value="/usr/lib/jvm/java-1.8-openjdk/jre/lib/amd64"/>
    <property name="sun.java.command" value="/tmp/workdir/hadoop-ozone/tools/target/surefire/surefirebooter3159337379296010228.jar /tmp/workdir/hadoop-ozone/tools/target/surefire 2019-07-10T04-03-27_945-jvmRun1 surefire6050456780671272344tmp surefire_1045044405528600068475tmp"/>
    <property name="surefire.test.class.path" value="/tmp/workdir/hadoop-ozone/tools/target/test-classes:/tmp/workdir/hadoop-ozone/tools/target/classes:/tmp/workdir/hadoop-ozone/ozone-manager/target/classes:/tmp/workdir/hadoop-hdds/docs/target/classes:/home/user/.m2/repository/org/bouncycastle/bcprov-jdk15on/1.60/bcprov-jdk15on-1.60.jar:/tmp/workdir/hadoop-ozone/common/target/classes:/home/user/.m2/repository/org/apache/commons/commons-compress/1.4.1/commons-compress-1.4.1.jar:/home/user/.m2/repository/org/tukaani/xz/1.0/xz-1.0.jar:/home/user/.m2/repository/org/apache/hadoop/hadoop-hdfs-client/3.2.0/hadoop-hdfs-client-3.2.0.jar:/home/user/.m2/repository/com/fasterxml/jackson/core/jackson-annotations/2.9.5/jackson-annotations-2.9.5.jar:/tmp/workdir/hadoop-hdds/common/target/classes:/tmp/workdir/hadoop-hdds/config/target/classes:/home/user/.m2/repository/javax/annotation/javax.annotation-api/1.2/javax.annotation-api-1.2.jar:/home/user/.m2/repository/org/apache/ratis/ratis-server/0.4.0-2337318-SNAPSHOT/ratis-server-0.4.0-2337318-SNAPSHOT.jar:/home/user/.m2/repository/org/apache/ratis/ratis-thirdparty-misc/0.2.0/ratis-thirdparty-misc-0.2.0.jar:/home/user/.m2/repository/org/apache/ratis/ratis-proto/0.4.0-2337318-SNAPSHOT/ratis-proto-0.4.0-2337318-SNAPSHOT.jar:/home/user/.m2/repository/org/apache/ratis/ratis-common/0.4.0-2337318-SNAPSHOT/ratis-common-0.4.0-2337318-SNAPSHOT.jar:/home/user/.m2/repository/org/apache/ratis/ratis-client/0.4.0-2337318-SNAPSHOT/ratis-client-0.4.0-2337318-SNAPSHOT.jar:/home/user/.m2/repository/org/apache/ratis/ratis-metrics/0.4.0-2337318-SNAPSHOT/ratis-metrics-0.4.0-2337318-SNAPSHOT.jar:/home/user/.m2/repository/org/apache/ratis/ratis-netty/0.4.0-2337318-SNAPSHOT/ratis-netty-0.4.0-2337318-SNAPSHOT.jar:/home/user/.m2/repository/org/apache/ratis/ratis-grpc/0.4.0-2337318-SNAPSHOT/ratis-grpc-0.4.0-2337318-SNAPSHOT.jar:/home/user/.m2/repository/org/rocksdb/rocksdbjni/6.0.1/rocksdbjni-6.0.1.jar:/home/user/.m2/repository/org/apache/logging/log4j/log4j-api/2.11.0/log4j-api-2.11.0.jar:/home/user/.m2/repository/org/apache/logging/log4j/log4j-core/2.11.0/log4j-core-2.11.0.jar:/home/user/.m2/repository/com/lmax/disruptor/3.4.2/disruptor-3.4.2.jar:/home/user/.m2/repository/org/apache/commons/commons-pool2/2.6.0/commons-pool2-2.6.0.jar:/home/user/.m2/repository/org/bouncycastle/bcpkix-jdk15on/1.60/bcpkix-jdk15on-1.60.jar:/home/user/.m2/repository/commons-validator/commons-validator/1.6/commons-validator-1.6.jar:/home/user/.m2/repository/commons-digester/commons-digester/1.8.1/commons-digester-1.8.1.jar:/home/user/.m2/repository/io/jaegertracing/jaeger-client/0.33.1/jaeger-client-0.33.1.jar:/home/user/.m2/repository/io/jaegertracing/jaeger-thrift/0.33.1/jaeger-thrift-0.33.1.jar:/home/user/.m2/repository/org/apache/thrift/libthrift/0.11.0/libthrift-0.11.0.jar:/home/user/.m2/repository/com/squareup/okhttp3/okhttp/3.9.0/okhttp-3.9.0.jar:/home/user/.m2/repository/com/squareup/okio/okio/1.13.0/okio-1.13.0.jar:/home/user/.m2/repository/io/jaegertracing/jaeger-core/0.33.1/jaeger-core-0.33.1.jar:/home/user/.m2/repository/io/jaegertracing/jaeger-tracerresolver/0.33.1/jaeger-tracerresolver-0.33.1.jar:/home/user/.m2/repository/io/opentracing/contrib/opentracing-tracerresolver/0.1.5/opentracing-tracerresolver-0.1.5.jar:/home/user/.m2/repository/io/opentracing/opentracing-util/0.31.0/opentracing-util-0.31.0.jar:/home/user/.m2/repository/io/opentracing/opentracing-api/0.31.0/opentracing-api-0.31.0.jar:/home/user/.m2/repository/io/opentracing/opentracing-noop/0.31.0/opentracing-noop-0.31.0.jar:/home/user/.m2/repository/org/yaml/snakeyaml/1.16/snakeyaml-1.16.jar:/tmp/workdir/hadoop-hdds/container-service/target/classes:/tmp/workdir/hadoop-hdds/client/target/classes:/tmp/workdir/hadoop-hdds/tools/target/classes:/home/user/.m2/repository/org/xerial/sqlite-jdbc/3.25.2/sqlite-jdbc-3.25.2.jar:/tmp/workdir/hadoop-hdds/server-scm/target/classes:/home/user/.m2/repository/org/hamcrest/hamcrest-all/1.3/hamcrest-all-1.3.jar:/home/user/.m2/repository/info/picocli/picocli/3.9.6/picocli-3.9.6.jar:/home/user/.m2/repository/com/google/protobuf/protobuf-java/2.5.0/protobuf-java-2.5.0.jar:/home/user/.m2/repository/com/google/guava/guava/11.0.2/guava-11.0.2.jar:/tmp/workdir/hadoop-ozone/client/target/classes:/home/user/.m2/repository/org/apache/hadoop/hadoop-ozone-filesystem/0.5.0-SNAPSHOT/hadoop-ozone-filesystem-0.5.0-SNAPSHOT.jar:/tmp/workdir/hadoop-hdds/framework/target/classes:/home/user/.m2/repository/org/apache/hadoop/hadoop-common/3.2.0/hadoop-common-3.2.0.jar:/home/user/.m2/repository/org/apache/hadoop/hadoop-annotations/3.2.0/hadoop-annotations-3.2.0.jar:/usr/lib/jvm/java-1.8-openjdk/jre/../lib/tools.jar:/home/user/.m2/repository/commons-cli/commons-cli/1.2/commons-cli-1.2.jar:/home/user/.m2/repository/org/apache/commons/commons-math3/3.1.1/commons-math3-3.1.1.jar:/home/user/.m2/repository/org/apache/httpcomponents/httpclient/4.5.2/httpclient-4.5.2.jar:/home/user/.m2/repository/org/apache/httpcomponents/httpcore/4.4.4/httpcore-4.4.4.jar:/home/user/.m2/repository/commons-codec/commons-codec/1.11/commons-codec-1.11.jar:/home/user/.m2/repository/commons-io/commons-io/2.5/commons-io-2.5.jar:/home/user/.m2/repository/commons-net/commons-net/3.6/commons-net-3.6.jar:/home/user/.m2/repository/commons-collections/commons-collections/3.2.2/commons-collections-3.2.2.jar:/home/user/.m2/repository/javax/servlet/javax.servlet-api/3.1.0/javax.servlet-api-3.1.0.jar:/home/user/.m2/repository/org/eclipse/jetty/jetty-server/9.3.24.v20180605/jetty-server-9.3.24.v20180605.jar:/home/user/.m2/repository/org/eclipse/jetty/jetty-http/9.3.24.v20180605/jetty-http-9.3.24.v20180605.jar:/home/user/.m2/repository/org/eclipse/jetty/jetty-io/9.3.24.v20180605/jetty-io-9.3.24.v20180605.jar:/home/user/.m2/repository/org/eclipse/jetty/jetty-util/9.3.24.v20180605/jetty-util-9.3.24.v20180605.jar:/home/user/.m2/repository/org/eclipse/jetty/jetty-servlet/9.3.24.v20180605/jetty-servlet-9.3.24.v20180605.jar:/home/user/.m2/repository/org/eclipse/jetty/jetty-security/9.3.24.v20180605/jetty-security-9.3.24.v20180605.jar:/home/user/.m2/repository/org/eclipse/jetty/jetty-webapp/9.3.24.v20180605/jetty-webapp-9.3.24.v20180605.jar:/home/user/.m2/repository/org/eclipse/jetty/jetty-xml/9.3.24.v20180605/jetty-xml-9.3.24.v20180605.jar:/home/user/.m2/repository/javax/servlet/jsp/jsp-api/2.1/jsp-api-2.1.jar:/home/user/.m2/repository/com/sun/jersey/jersey-core/1.19/jersey-core-1.19.jar:/home/user/.m2/repository/javax/ws/rs/jsr311-api/1.1.1/jsr311-api-1.1.1.jar:/home/user/.m2/repository/com/sun/jersey/jersey-servlet/1.19/jersey-servlet-1.19.jar:/home/user/.m2/repository/com/sun/jersey/jersey-json/1.19/jersey-json-1.19.jar:/home/user/.m2/repository/org/codehaus/jettison/jettison/1.1/jettison-1.1.jar:/home/user/.m2/repository/com/sun/xml/bind/jaxb-impl/2.3.0.1/jaxb-impl-2.3.0.1.jar:/home/user/.m2/repository/org/codehaus/jackson/jackson-core-asl/1.9.13/jackson-core-asl-1.9.13.jar:/home/user/.m2/repository/org/codehaus/jackson/jackson-mapper-asl/1.9.13/jackson-mapper-asl-1.9.13.jar:/home/user/.m2/repository/org/codehaus/jackson/jackson-jaxrs/1.9.13/jackson-jaxrs-1.9.13.jar:/home/user/.m2/repository/org/codehaus/jackson/jackson-xc/1.9.13/jackson-xc-1.9.13.jar:/home/user/.m2/repository/com/sun/jersey/jersey-server/1.19/jersey-server-1.19.jar:/home/user/.m2/repository/commons-logging/commons-logging/1.1.3/commons-logging-1.1.3.jar:/home/user/.m2/repository/log4j/log4j/1.2.17/log4j-1.2.17.jar:/home/user/.m2/repository/commons-beanutils/commons-beanutils/1.9.3/commons-beanutils-1.9.3.jar:/home/user/.m2/repository/org/apache/commons/commons-configuration2/2.1.1/commons-configuration2-2.1.1.jar:/home/user/.m2/repository/org/apache/commons/commons-lang3/3.7/commons-lang3-3.7.jar:/home/user/.m2/repository/org/apache/commons/commons-text/1.4/commons-text-1.4.jar:/home/user/.m2/repository/org/slf4j/slf4j-api/1.7.25/slf4j-api-1.7.25.jar:/home/user/.m2/repository/org/slf4j/slf4j-log4j12/1.7.25/slf4j-log4j12-1.7.25.jar:/home/user/.m2/repository/org/apache/avro/avro/1.7.7/avro-1.7.7.jar:/home/user/.m2/repository/com/thoughtworks/paranamer/paranamer/2.3/paranamer-2.3.jar:/home/user/.m2/repository/org/xerial/snappy/snappy-java/1.0.5/snappy-java-1.0.5.jar:/home/user/.m2/repository/com/google/re2j/re2j/1.1/re2j-1.1.jar:/home/user/.m2/repository/com/google/code/gson/gson/2.2.4/gson-2.2.4.jar:/home/user/.m2/repository/org/apache/hadoop/hadoop-auth/3.2.0/hadoop-auth-3.2.0.jar:/home/user/.m2/repository/com/nimbusds/nimbus-jose-jwt/4.41.1/nimbus-jose-jwt-4.41.1.jar:/home/user/.m2/repository/com/github/stephenc/jcip/jcip-annotations/1.0-1/jcip-annotations-1.0-1.jar:/home/user/.m2/repository/net/minidev/json-smart/2.3/json-smart-2.3.jar:/home/user/.m2/repository/net/minidev/accessors-smart/1.2/accessors-smart-1.2.jar:/home/user/.m2/repository/org/apache/curator/curator-framework/2.12.0/curator-framework-2.12.0.jar:/home/user/.m2/repository/com/jcraft/jsch/0.1.54/jsch-0.1.54.jar:/home/user/.m2/repository/org/apache/curator/curator-client/2.12.0/curator-client-2.12.0.jar:/home/user/.m2/repository/org/apache/curator/curator-recipes/2.12.0/curator-recipes-2.12.0.jar:/home/user/.m2/repository/com/google/code/findbugs/jsr305/3.0.0/jsr305-3.0.0.jar:/home/user/.m2/repository/org/apache/htrace/htrace-core4/4.1.0-incubating/htrace-core4-4.1.0-incubating.jar:/home/user/.m2/repository/org/apache/zookeeper/zookeeper/3.4.13/zookeeper-3.4.13.jar:/home/user/.m2/repository/org/apache/yetus/audience-annotations/0.5.0/audience-annotations-0.5.0.jar:/home/user/.m2/repository/org/apache/kerby/kerb-simplekdc/1.0.1/kerb-simplekdc-1.0.1.jar:/home/user/.m2/repository/org/apache/kerby/kerb-client/1.0.1/kerb-client-1.0.1.jar:/home/user/.m2/repository/org/apache/kerby/kerby-config/1.0.1/kerby-config-1.0.1.jar:/home/user/.m2/repository/org/apache/kerby/kerb-core/1.0.1/kerb-core-1.0.1.jar:/home/user/.m2/repository/org/apache/kerby/kerby-pkix/1.0.1/kerby-pkix-1.0.1.jar:/home/user/.m2/repository/org/apache/kerby/kerby-asn1/1.0.1/kerby-asn1-1.0.1.jar:/home/user/.m2/repository/org/apache/kerby/kerby-util/1.0.1/kerby-util-1.0.1.jar:/home/user/.m2/repository/org/apache/kerby/kerb-common/1.0.1/kerb-common-1.0.1.jar:/home/user/.m2/repository/org/apache/kerby/kerb-crypto/1.0.1/kerb-crypto-1.0.1.jar:/home/user/.m2/repository/org/apache/kerby/kerb-util/1.0.1/kerb-util-1.0.1.jar:/home/user/.m2/repository/org/apache/kerby/token-provider/1.0.1/token-provider-1.0.1.jar:/home/user/.m2/repository/org/apache/kerby/kerb-admin/1.0.1/kerb-admin-1.0.1.jar:/home/user/.m2/repository/org/apache/kerby/kerb-server/1.0.1/kerb-server-1.0.1.jar:/home/user/.m2/repository/org/apache/kerby/kerb-identity/1.0.1/kerb-identity-1.0.1.jar:/home/user/.m2/repository/org/apache/kerby/kerby-xdr/1.0.1/kerby-xdr-1.0.1.jar:/home/user/.m2/repository/com/fasterxml/jackson/core/jackson-databind/2.9.5/jackson-databind-2.9.5.jar:/home/user/.m2/repository/com/fasterxml/jackson/core/jackson-core/2.9.5/jackson-core-2.9.5.jar:/home/user/.m2/repository/org/codehaus/woodstox/stax2-api/3.1.4/stax2-api-3.1.4.jar:/home/user/.m2/repository/com/fasterxml/woodstox/woodstox-core/5.0.3/woodstox-core-5.0.3.jar:/home/user/.m2/repository/dnsjava/dnsjava/2.1.7/dnsjava-2.1.7.jar:/home/user/.m2/repository/org/apache/hadoop/hadoop-hdfs/3.2.0/hadoop-hdfs-3.2.0.jar:/home/user/.m2/repository/org/eclipse/jetty/jetty-util-ajax/9.3.24.v20180605/jetty-util-ajax-9.3.24.v20180605.jar:/home/user/.m2/repository/commons-daemon/commons-daemon/1.0.13/commons-daemon-1.0.13.jar:/home/user/.m2/repository/io/netty/netty/3.10.5.Final/netty-3.10.5.Final.jar:/home/user/.m2/repository/io/netty/netty-all/4.0.52.Final/netty-all-4.0.52.Final.jar:/home/user/.m2/repository/org/fusesource/leveldbjni/leveldbjni-all/1.8/leveldbjni-all-1.8.jar:/home/user/.m2/repository/com/sun/xml/bind/jaxb-core/2.3.0.1/jaxb-core-2.3.0.1.jar:/home/user/.m2/repository/javax/xml/bind/jaxb-api/2.3.0/jaxb-api-2.3.0.jar:/home/user/.m2/repository/javax/activation/activation/1.1.1/activation-1.1.1.jar:/home/user/.m2/repository/io/dropwizard/metrics/metrics-core/3.2.4/metrics-core-3.2.4.jar:/home/user/.m2/repository/org/openjdk/jmh/jmh-core/1.19/jmh-core-1.19.jar:/home/user/.m2/repository/net/sf/jopt-simple/jopt-simple/4.6/jopt-simple-4.6.jar:/home/user/.m2/repository/org/openjdk/jmh/jmh-generator-annprocess/1.19/jmh-generator-annprocess-1.19.jar:/home/user/.m2/repository/com/google/code/findbugs/findbugs/3.0.1/findbugs-3.0.1.jar:/home/user/.m2/repository/net/jcip/jcip-annotations/1.0/jcip-annotations-1.0.jar:/home/user/.m2/repository/com/google/code/findbugs/bcel-findbugs/6.0/bcel-findbugs-6.0.jar:/home/user/.m2/repository/com/google/code/findbugs/jFormatString/2.0.1/jFormatString-2.0.1.jar:/home/user/.m2/repository/dom4j/dom4j/1.6.1/dom4j-1.6.1.jar:/home/user/.m2/repository/xml-apis/xml-apis/1.0.b2/xml-apis-1.0.b2.jar:/home/user/.m2/repository/org/ow2/asm/asm-debug-all/5.0.2/asm-debug-all-5.0.2.jar:/home/user/.m2/repository/org/ow2/asm/asm-commons/5.0.2/asm-commons-5.0.2.jar:/home/user/.m2/repository/org/ow2/asm/asm-tree/5.0.2/asm-tree-5.0.2.jar:/home/user/.m2/repository/org/ow2/asm/asm/5.0.4/asm-5.0.4.jar:/home/user/.m2/repository/commons-lang/commons-lang/2.6/commons-lang-2.6.jar:/home/user/.m2/repository/com/apple/AppleJavaExtensions/1.4/AppleJavaExtensions-1.4.jar:/home/user/.m2/repository/jaxen/jaxen/1.1.6/jaxen-1.1.6.jar:/home/user/.m2/repository/junit/junit/4.11/junit-4.11.jar:/home/user/.m2/repository/org/hamcrest/hamcrest-core/1.3/hamcrest-core-1.3.jar:/home/user/.m2/repository/org/apache/hadoop/hadoop-common/3.2.0/hadoop-common-3.2.0-tests.jar:/home/user/.m2/repository/org/apache/hadoop/hadoop-ozone-integration-test/0.5.0-SNAPSHOT/hadoop-ozone-integration-test-0.5.0-SNAPSHOT-tests.jar:/tmp/workdir/hadoop-ozone/objectstore-service/target/classes:/tmp/workdir/hadoop-ozone/s3gateway/target/classes:/home/user/.m2/repository/org/jboss/weld/servlet/weld-servlet/2.4.7.Final/weld-servlet-2.4.7.Final.jar:/home/user/.m2/repository/org/glassfish/jersey/containers/jersey-container-servlet-core/2.27/jersey-container-servlet-core-2.27.jar:/home/user/.m2/repository/org/glassfish/hk2/external/javax.inject/2.5.0-b42/javax.inject-2.5.0-b42.jar:/home/user/.m2/repository/org/glassfish/jersey/core/jersey-common/2.27/jersey-common-2.27.jar:/home/user/.m2/repository/org/glassfish/hk2/osgi-resource-locator/1.0.1/osgi-resource-locator-1.0.1.jar:/home/user/.m2/repository/javax/ws/rs/javax.ws.rs-api/2.1/javax.ws.rs-api-2.1.jar:/home/user/.m2/repository/org/glassfish/jersey/ext/cdi/jersey-cdi1x/2.27/jersey-cdi1x-2.27.jar:/home/user/.m2/repository/org/glassfish/jersey/inject/jersey-hk2/2.27/jersey-hk2-2.27.jar:/home/user/.m2/repository/org/glassfish/hk2/hk2-locator/2.5.0-b42/hk2-locator-2.5.0-b42.jar:/home/user/.m2/repository/org/javassist/javassist/3.22.0-CR2/javassist-3.22.0-CR2.jar:/home/user/.m2/repository/org/glassfish/hk2/hk2-api/2.5.0/hk2-api-2.5.0.jar:/home/user/.m2/repository/org/glassfish/hk2/external/jakarta.inject/2.5.0/jakarta.inject-2.5.0.jar:/home/user/.m2/repository/org/glassfish/hk2/hk2-utils/2.5.0/hk2-utils-2.5.0.jar:/home/user/.m2/repository/jakarta/annotation/jakarta.annotation-api/1.3.4/jakarta.annotation-api-1.3.4.jar:/home/user/.m2/repository/org/glassfish/hk2/external/aopalliance-repackaged/2.5.0/aopalliance-repackaged-2.5.0.jar:/home/user/.m2/repository/com/fasterxml/jackson/dataformat/jackson-dataformat-xml/2.9.0/jackson-dataformat-xml-2.9.0.jar:/home/user/.m2/repository/com/fasterxml/jackson/module/jackson-module-jaxb-annotations/2.9.5/jackson-module-jaxb-annotations-2.9.5.jar:/home/user/.m2/repository/javax/enterprise/cdi-api/1.2/cdi-api-1.2.jar:/home/user/.m2/repository/javax/el/javax.el-api/3.0.0/javax.el-api-3.0.0.jar:/home/user/.m2/repository/javax/interceptor/javax.interceptor-api/1.2/javax.interceptor-api-1.2.jar:/home/user/.m2/repository/javax/inject/javax.inject/1/javax.inject-1.jar:/tmp/workdir/hadoop-ozone/csi/target/classes:/home/user/.m2/repository/com/google/protobuf/protobuf-java-util/3.5.1/protobuf-java-util-3.5.1.jar:/home/user/.m2/repository/io/grpc/grpc-netty/1.17.1/grpc-netty-1.17.1.jar:/home/user/.m2/repository/io/grpc/grpc-core/1.17.1/grpc-core-1.17.1.jar:/home/user/.m2/repository/io/grpc/grpc-context/1.17.1/grpc-context-1.17.1.jar:/home/user/.m2/repository/com/google/errorprone/error_prone_annotations/2.2.0/error_prone_annotations-2.2.0.jar:/home/user/.m2/repository/org/codehaus/mojo/animal-sniffer-annotations/1.17/animal-sniffer-annotations-1.17.jar:/home/user/.m2/repository/io/opencensus/opencensus-api/0.17.0/opencensus-api-0.17.0.jar:/home/user/.m2/repository/io/opencensus/opencensus-contrib-grpc-metrics/0.17.0/opencensus-contrib-grpc-metrics-0.17.0.jar:/home/user/.m2/repository/io/netty/netty-codec-http2/4.1.30.Final/netty-codec-http2-4.1.30.Final.jar:/home/user/.m2/repository/io/netty/netty-codec-http/4.1.30.Final/netty-codec-http-4.1.30.Final.jar:/home/user/.m2/repository/io/netty/netty-codec/4.1.30.Final/netty-codec-4.1.30.Final.jar:/home/user/.m2/repository/io/netty/netty-handler/4.1.30.Final/netty-handler-4.1.30.Final.jar:/home/user/.m2/repository/io/netty/netty-handler-proxy/4.1.30.Final/netty-handler-proxy-4.1.30.Final.jar:/home/user/.m2/repository/io/netty/netty-codec-socks/4.1.30.Final/netty-codec-socks-4.1.30.Final.jar:/home/user/.m2/repository/io/netty/netty-transport-native-epoll/4.1.30.Final/netty-transport-native-epoll-4.1.30.Final.jar:/home/user/.m2/repository/io/netty/netty-common/4.1.30.Final/netty-common-4.1.30.Final.jar:/home/user/.m2/repository/io/netty/netty-buffer/4.1.30.Final/netty-buffer-4.1.30.Final.jar:/home/user/.m2/repository/io/netty/netty-transport/4.1.30.Final/netty-transport-4.1.30.Final.jar:/home/user/.m2/repository/io/netty/netty-resolver/4.1.30.Final/netty-resolver-4.1.30.Final.jar:/home/user/.m2/repository/io/netty/netty-transport-native-unix-common/4.1.30.Final/netty-transport-native-unix-common-4.1.30.Final.jar:/home/user/.m2/repository/io/grpc/grpc-protobuf/1.17.1/grpc-protobuf-1.17.1.jar:/home/user/.m2/repository/com/google/api/grpc/proto-google-common-protos/1.0.0/proto-google-common-protos-1.0.0.jar:/home/user/.m2/repository/io/grpc/grpc-protobuf-lite/1.17.1/grpc-protobuf-lite-1.17.1.jar:/home/user/.m2/repository/io/grpc/grpc-stub/1.17.1/grpc-stub-1.17.1.jar:/tmp/workdir/hadoop-ozone/ozone-recon/target/classes:/tmp/workdir/hadoop-ozone/ozone-recon-codegen/target/classes:/home/user/.m2/repository/com/google/inject/extensions/guice-multibindings/4.0/guice-multibindings-4.0.jar:/home/user/.m2/repository/com/google/inject/guice/4.0/guice-4.0.jar:/home/user/.m2/repository/aopalliance/aopalliance/1.0/aopalliance-1.0.jar:/home/user/.m2/repository/com/google/inject/extensions/guice-servlet/4.0/guice-servlet-4.0.jar:/home/user/.m2/repository/org/glassfish/jersey/containers/jersey-container-servlet/2.27/jersey-container-servlet-2.27.jar:/home/user/.m2/repository/org/glassfish/hk2/guice-bridge/2.5.0/guice-bridge-2.5.0.jar:/home/user/.m2/repository/org/glassfish/jersey/core/jersey-server/2.27/jersey-server-2.27.jar:/home/user/.m2/repository/org/glassfish/jersey/core/jersey-client/2.27/jersey-client-2.27.jar:/home/user/.m2/repository/org/glassfish/jersey/media/jersey-media-jaxb/2.27/jersey-media-jaxb-2.27.jar:/home/user/.m2/repository/javax/validation/validation-api/1.1.0.Final/validation-api-1.1.0.Final.jar:/home/user/.m2/repository/org/glassfish/jersey/media/jersey-media-json-jackson/2.27/jersey-media-json-jackson-2.27.jar:/home/user/.m2/repository/org/glassfish/jersey/ext/jersey-entity-filtering/2.27/jersey-entity-filtering-2.27.jar:/home/user/.m2/repository/com/google/inject/extensions/guice-assistedinject/4.0/guice-assistedinject-4.0.jar:/home/user/.m2/repository/org/jooq/jooq/3.11.10/jooq-3.11.10.jar:/home/user/.m2/repository/org/jooq/jooq-meta/3.11.10/jooq-meta-3.11.10.jar:/home/user/.m2/repository/org/jooq/jooq-codegen/3.11.10/jooq-codegen-3.11.10.jar:/home/user/.m2/repository/com/jolbox/bonecp/0.8.0.RELEASE/bonecp-0.8.0.RELEASE.jar:/home/user/.m2/repository/org/springframework/spring-jdbc/5.1.3.RELEASE/spring-jdbc-5.1.3.RELEASE.jar:/home/user/.m2/repository/org/springframework/spring-beans/5.1.3.RELEASE/spring-beans-5.1.3.RELEASE.jar:/home/user/.m2/repository/org/springframework/spring-core/5.1.3.RELEASE/spring-core-5.1.3.RELEASE.jar:/home/user/.m2/repository/org/springframework/spring-jcl/5.1.3.RELEASE/spring-jcl-5.1.3.RELEASE.jar:/home/user/.m2/repository/org/springframework/spring-tx/5.1.3.RELEASE/spring-tx-5.1.3.RELEASE.jar:/home/user/.m2/repository/org/mockito/mockito-core/2.15.0/mockito-core-2.15.0.jar:/home/user/.m2/repository/net/bytebuddy/byte-buddy/1.7.9/byte-buddy-1.7.9.jar:/home/user/.m2/repository/net/bytebuddy/byte-buddy-agent/1.7.9/byte-buddy-agent-1.7.9.jar:/home/user/.m2/repository/org/objenesis/objenesis/1.0/objenesis-1.0.jar:"/>
    <property name="sun.cpu.endian" value="little"/>
    <property name="user.home" value="/home/user"/>
    <property name="user.language" value="en"/>
    <property name="java.specification.vendor" value="Oracle Corporation"/>
    <property name="java.home" value="/usr/lib/jvm/java-1.8-openjdk/jre"/>
    <property name="java.security.krb5.conf" value="/tmp/workdir/hadoop-ozone/tools/target/test-classes/krb5.conf"/>
    <property name="basedir" value="/tmp/workdir/hadoop-ozone/tools"/>
    <property name="file.separator" value="/"/>
    <property name="line.separator" value="&#10;"/>
    <property name="java.vm.specification.vendor" value="Oracle Corporation"/>
    <property name="java.specification.name" value="Java Platform API Specification"/>
    <property name="java.awt.graphicsenv" value="sun.awt.X11GraphicsEnvironment"/>
    <property name="surefire.real.class.path" value="/tmp/workdir/hadoop-ozone/tools/target/surefire/surefirebooter3159337379296010228.jar"/>
    <property name="hadoop.log.dir" value="/tmp/workdir/hadoop-ozone/tools/target/log"/>
    <property name="sun.boot.class.path" value="/usr/lib/jvm/java-1.8-openjdk/jre/lib/resources.jar:/usr/lib/jvm/java-1.8-openjdk/jre/lib/rt.jar:/usr/lib/jvm/java-1.8-openjdk/jre/lib/sunrsasign.jar:/usr/lib/jvm/java-1.8-openjdk/jre/lib/jsse.jar:/usr/lib/jvm/java-1.8-openjdk/jre/lib/jce.jar:/usr/lib/jvm/java-1.8-openjdk/jre/lib/charsets.jar:/usr/lib/jvm/java-1.8-openjdk/jre/lib/jfr.jar:/usr/lib/jvm/java-1.8-openjdk/jre/classes"/>
    <property name="sun.management.compiler" value="HotSpot 64-Bit Tiered Compilers"/>
    <property name="java.runtime.version" value="1.8.0_212-b04"/>
    <property name="java.net.preferIPv4Stack" value="true"/>
    <property name="user.name" value="jenkins1000"/>
    <property name="path.separator" value=":"/>
    <property name="java.security.egd" value="file:///dev/urandom"/>
    <property name="os.version" value="3.10.0-957.12.2.el7.x86_64"/>
    <property name="java.endorsed.dirs" value="/usr/lib/jvm/java-1.8-openjdk/jre/lib/endorsed"/>
    <property name="java.runtime.name" value="OpenJDK Runtime Environment"/>
    <property name="file.encoding" value="UTF-8"/>
    <property name="java.vm.name" value="OpenJDK 64-Bit Server VM"/>
    <property name="test.build.webapps" value=""/>
    <property name="localRepository" value="/home/user/.m2/repository"/>
    <property name="java.vendor.url.bug" value="https://icedtea.classpath.org/bugzilla"/>
    <property name="java.io.tmpdir" value="/tmp"/>
    <property name="require.test.libhadoop" value=""/>
    <property name="java.version" value="1.8.0_212"/>
    <property name="user.dir" value="/tmp/workdir/hadoop-ozone/tools"/>
    <property name="os.arch" value="amd64"/>
    <property name="java.vm.specification.name" value="Java Virtual Machine Specification"/>
    <property name="test.build.classes" value="/tmp/workdir/hadoop-ozone/tools/target/test-classes"/>
    <property name="java.awt.printerjob" value="sun.print.PSPrinterJob"/>
    <property name="sun.os.patch.level" value="unknown"/>
    <property name="hadoop.tmp.dir" value="/tmp/workdir/hadoop-ozone/tools/target/tmp"/>
    <property name="java.library.path" value="/usr/lib/jvm/java-1.8-openjdk/jre/lib/amd64/server:/usr/lib/jvm/java-1.8-openjdk/jre/lib/amd64:/usr/lib/jvm/java-1.8-openjdk/jre/../lib/amd64:/tmp/workdir/hadoop-ozone/tools/target/native/target/usr/local/lib:/tmp/workdir/hadoop-ozone/tools/../../hadoop-common-project/hadoop-common/target/native/target/usr/local/lib:/usr/java/packages/lib/amd64:/usr/lib64:/lib64:/lib:/usr/lib"/>
    <property name="java.vm.info" value="mixed mode"/>
    <property name="java.vendor" value="IcedTea"/>
    <property name="java.vm.version" value="25.212-b04"/>
    <property name="java.ext.dirs" value="/usr/lib/jvm/java-1.8-openjdk/jre/lib/ext:/usr/java/packages/lib/ext"/>
    <property name="sun.io.unicode.encoding" value="UnicodeLittle"/>
    <property name="java.class.version" value="52.0"/>
  </properties>
  <testcase name="testRestart" classname="org.apache.hadoop.ozone.freon.TestFreonWithPipelineDestroy" time="19.696">
    <error message="Unexpected Storage Container Exception: org.apache.hadoop.hdds.scm.container.common.helpers.StorageContainerException: ContainerID 6 does not exist" type="java.io.IOException">java.io.IOException: Unexpected Storage Container Exception: org.apache.hadoop.hdds.scm.container.common.helpers.StorageContainerException: ContainerID 6 does not exist
	at org.apache.hadoop.hdds.scm.storage.BlockOutputStream.setIoException(BlockOutputStream.java:548)
	at org.apache.hadoop.hdds.scm.storage.BlockOutputStream.validateResponse(BlockOutputStream.java:539)
	at org.apache.hadoop.hdds.scm.storage.BlockOutputStream.lambda$writeChunkToContainer$2(BlockOutputStream.java:614)
	at java.util.concurrent.CompletableFuture.uniApply(CompletableFuture.java:602)
	at java.util.concurrent.CompletableFuture$UniApply.tryFire(CompletableFuture.java:577)
	at java.util.concurrent.CompletableFuture$Completion.run(CompletableFuture.java:442)
	at java.util.concurrent.ThreadPoolExecutor.runWorker(ThreadPoolExecutor.java:1149)
	at java.util.concurrent.ThreadPoolExecutor$Worker.run(ThreadPoolExecutor.java:624)
	at java.lang.Thread.run(Thread.java:748)
Caused by: org.apache.hadoop.hdds.scm.container.common.helpers.StorageContainerException: ContainerID 6 does not exist
	at org.apache.hadoop.hdds.scm.storage.ContainerProtocolCalls.validateContainerResponse(ContainerProtocolCalls.java:536)
	at org.apache.hadoop.hdds.scm.storage.BlockOutputStream.validateResponse(BlockOutputStream.java:536)
	... 7 more
</error>
    <system-out><![CDATA[2019-07-10 04:17:01,689 WARN  server.ServerUtils (ServerUtils.java:getScmDbDir(145)) - ozone.scm.db.dirs is not configured. We recommend adding this setting. Falling back to ozone.metadata.dirs instead.
2019-07-10 04:17:01,790 WARN  server.ServerUtils (ServerUtils.java:getScmDbDir(145)) - ozone.scm.db.dirs is not configured. We recommend adding this setting. Falling back to ozone.metadata.dirs instead.
2019-07-10 04:17:01,793 WARN  server.ServerUtils (ServerUtils.java:getScmDbDir(145)) - ozone.scm.db.dirs is not configured. We recommend adding this setting. Falling back to ozone.metadata.dirs instead.
2019-07-10 04:17:01,811 INFO  util.log (Log.java:initialized(192)) - Logging initialized @958ms
2019-07-10 04:17:01,920 INFO  db.DBStoreBuilder (DBStoreBuilder.java:addTable(110)) - using custom profile for table: deletedBlocks
2019-07-10 04:17:01,923 INFO  db.DBStoreBuilder (DBStoreBuilder.java:processTables(161)) - Using default column profile:DBProfile.DISK for Table:deletedBlocks
2019-07-10 04:17:01,923 INFO  db.DBStoreBuilder (DBStoreBuilder.java:addTable(110)) - using custom profile for table: validCerts
2019-07-10 04:17:01,924 INFO  db.DBStoreBuilder (DBStoreBuilder.java:processTables(161)) - Using default column profile:DBProfile.DISK for Table:validCerts
2019-07-10 04:17:01,924 INFO  db.DBStoreBuilder (DBStoreBuilder.java:addTable(110)) - using custom profile for table: revokedCerts
2019-07-10 04:17:01,924 INFO  db.DBStoreBuilder (DBStoreBuilder.java:processTables(161)) - Using default column profile:DBProfile.DISK for Table:revokedCerts
2019-07-10 04:17:01,940 INFO  db.DBStoreBuilder (DBStoreBuilder.java:addTable(110)) - using custom profile for table: default
2019-07-10 04:17:01,940 INFO  db.DBStoreBuilder (DBStoreBuilder.java:processTables(167)) - Using default column profile:DBProfile.DISK for Table:default
2019-07-10 04:17:01,941 INFO  db.DBStoreBuilder (DBStoreBuilder.java:getDbProfile(198)) - Using default options. DBProfile.DISK
2019-07-10 04:17:02,078 INFO  net.NodeSchemaLoader (NodeSchemaLoader.java:loadSchemaFromFile(125)) - Loading file from sun.misc.CompoundEnumeration@12b0404f
2019-07-10 04:17:02,081 INFO  net.NodeSchemaLoader (NodeSchemaLoader.java:loadSchema(171)) - Loading network topology layer schema file
2019-07-10 04:17:02,168 INFO  node.SCMNodeManager (SCMNodeManager.java:<init>(119)) - Entering startup safe mode.
2019-07-10 04:17:02,250 WARN  server.ServerUtils (ServerUtils.java:getScmDbDir(145)) - ozone.scm.db.dirs is not configured. We recommend adding this setting. Falling back to ozone.metadata.dirs instead.
2019-07-10 04:17:02,291 INFO  pipeline.SCMPipelineManager (SCMPipelineManager.java:initializePipelineState(126)) - No pipeline exists in current db
2019-07-10 04:17:02,293 WARN  server.ServerUtils (ServerUtils.java:getScmDbDir(145)) - ozone.scm.db.dirs is not configured. We recommend adding this setting. Falling back to ozone.metadata.dirs instead.
2019-07-10 04:17:02,356 WARN  events.EventQueue (EventQueue.java:fireEvent(175)) - No event handler registered for event TypedEvent{payloadType=SafeModeStatus, name='SafeModeStatus'}
2019-07-10 04:17:02,707 INFO  ipc.CallQueueManager (CallQueueManager.java:<init>(84)) - Using callQueue: class java.util.concurrent.LinkedBlockingQueue, queueCapacity: 2000, scheduler: class org.apache.hadoop.ipc.DefaultRpcScheduler, ipcBackoff: false.
2019-07-10 04:17:02,736 INFO  ipc.Server (Server.java:run(1074)) - Starting Socket Reader #1 for port 44292
2019-07-10 04:17:02,761 INFO  ipc.CallQueueManager (CallQueueManager.java:<init>(84)) - Using callQueue: class java.util.concurrent.LinkedBlockingQueue, queueCapacity: 2000, scheduler: class org.apache.hadoop.ipc.DefaultRpcScheduler, ipcBackoff: false.
2019-07-10 04:17:02,762 INFO  ipc.Server (Server.java:run(1074)) - Starting Socket Reader #1 for port 37659
2019-07-10 04:17:02,768 INFO  ipc.CallQueueManager (CallQueueManager.java:<init>(84)) - Using callQueue: class java.util.concurrent.LinkedBlockingQueue, queueCapacity: 2000, scheduler: class org.apache.hadoop.ipc.DefaultRpcScheduler, ipcBackoff: false.
2019-07-10 04:17:02,769 INFO  ipc.Server (Server.java:run(1074)) - Starting Socket Reader #1 for port 43639
2019-07-10 04:17:02,791 INFO  hdfs.DFSUtil (DFSUtil.java:httpServerTemplateForNNAndJN(1641)) - Starting Web-server for scm at: http://0.0.0.0:0
2019-07-10 04:17:03,071 INFO  server.AuthenticationFilter (AuthenticationFilter.java:constructSecretProvider(240)) - Unable to initialize FileSignerSecretProvider, falling back to use random secrets.
2019-07-10 04:17:03,100 WARN  http.HttpRequestLog (HttpRequestLog.java:getRequestLog(97)) - Jetty request log can only be enabled using Log4j
2019-07-10 04:17:03,113 INFO  http.HttpServer2 (HttpServer2.java:addGlobalFilter(975)) - Added global filter 'safety' (class=org.apache.hadoop.http.HttpServer2$QuotingInputFilter)
2019-07-10 04:17:03,117 INFO  http.HttpServer2 (HttpServer2.java:addFilter(948)) - Added filter static_user_filter (class=org.apache.hadoop.http.lib.StaticUserWebFilter$StaticUserFilter) to context scm
2019-07-10 04:17:03,117 INFO  http.HttpServer2 (HttpServer2.java:addFilter(958)) - Added filter static_user_filter (class=org.apache.hadoop.http.lib.StaticUserWebFilter$StaticUserFilter) to context logs
2019-07-10 04:17:03,118 INFO  http.HttpServer2 (HttpServer2.java:addFilter(958)) - Added filter static_user_filter (class=org.apache.hadoop.http.lib.StaticUserWebFilter$StaticUserFilter) to context static
2019-07-10 04:17:03,150 INFO  server.StorageContainerManager (StorageContainerManager.java:start(753)) - StorageContainerLocationProtocol RPC server is listening at /0.0.0.0:43639
2019-07-10 04:17:03,210 WARN  impl.MetricsConfig (MetricsConfig.java:loadFirst(134)) - Cannot locate configuration: tried hadoop-metrics2-storagecontainermanager.properties,hadoop-metrics2.properties
2019-07-10 04:17:03,224 INFO  impl.MetricsSystemImpl (MetricsSystemImpl.java:startTimer(374)) - Scheduled Metric snapshot period at 10 second(s).
2019-07-10 04:17:03,225 INFO  impl.MetricsSystemImpl (MetricsSystemImpl.java:start(191)) - StorageContainerManager metrics system started
2019-07-10 04:17:03,448 INFO  server.SCMClientProtocolServer (SCMClientProtocolServer.java:start(149)) - RPC server for Client  is listening at /0.0.0.0:43639
2019-07-10 04:17:03,448 INFO  ipc.Server (Server.java:run(1314)) - IPC Server Responder: starting
2019-07-10 04:17:03,449 INFO  ipc.Server (Server.java:run(1153)) - IPC Server listener on 43639: starting
2019-07-10 04:17:03,454 INFO  server.StorageContainerManager (StorageContainerManager.java:start(762)) - ScmBlockLocationProtocol RPC server is listening at /0.0.0.0:37659
2019-07-10 04:17:03,454 INFO  server.SCMBlockProtocolServer (SCMBlockProtocolServer.java:start(137)) - RPC server for Block Protocol is listening at /0.0.0.0:37659
2019-07-10 04:17:03,456 INFO  ipc.Server (Server.java:run(1314)) - IPC Server Responder: starting
2019-07-10 04:17:03,457 INFO  ipc.Server (Server.java:run(1153)) - IPC Server listener on 37659: starting
2019-07-10 04:17:03,465 INFO  server.StorageContainerManager (StorageContainerManager.java:start(766)) - ScmDatanodeProtocl RPC server is listening at /0.0.0.0:44292
2019-07-10 04:17:03,465 INFO  server.SCMDatanodeProtocolServer (SCMDatanodeProtocolServer.java:start(191)) - RPC server for DataNodes is listening at /0.0.0.0:44292
2019-07-10 04:17:03,467 INFO  ipc.Server (Server.java:run(1314)) - IPC Server Responder: starting
2019-07-10 04:17:03,468 INFO  ipc.Server (Server.java:run(1153)) - IPC Server listener on 44292: starting
2019-07-10 04:17:03,481 INFO  http.HttpServer2 (HttpServer2.java:bindListener(1191)) - Jetty bound to port 43746
2019-07-10 04:17:03,484 INFO  server.Server (Server.java:doStart(351)) - jetty-9.3.24.v20180605, build timestamp: 2018-06-05T17:11:56Z, git hash: 84205aa28f11a4f31f2a3b86d1bba2cc8ab69827
2019-07-10 04:17:03,522 INFO  handler.ContextHandler (ContextHandler.java:doStart(781)) - Started o.e.j.s.ServletContextHandler@413f69cc{/logs,file:///tmp/workdir/hadoop-ozone/tools/target/log,AVAILABLE}
2019-07-10 04:17:03,523 INFO  handler.ContextHandler (ContextHandler.java:doStart(781)) - Started o.e.j.s.ServletContextHandler@1b75c2e3{/static,file:///tmp/workdir/hadoop-hdds/server-scm/target/classes/webapps/static/,AVAILABLE}
2019-07-10 04:17:03,553 INFO  handler.ContextHandler (ContextHandler.java:doStart(781)) - Started o.e.j.w.WebAppContext@3918c187{/,file:///tmp/workdir/hadoop-hdds/server-scm/target/classes/webapps/scm/,AVAILABLE}{/scm}
2019-07-10 04:17:03,558 INFO  server.AbstractConnector (AbstractConnector.java:doStart(278)) - Started ServerConnector@11eadcba{HTTP/1.1,[http/1.1]}{0.0.0.0:43746}
2019-07-10 04:17:03,559 INFO  server.Server (Server.java:doStart(419)) - Started @2705ms
2019-07-10 04:17:03,560 INFO  server.BaseHttpServer (BaseHttpServer.java:updateConnectorAddress(207)) - HTTP server of SCM is listening at http://0.0.0.0:43746
2019-07-10 04:17:03,573 INFO  util.JvmPauseMonitor (JvmPauseMonitor.java:run(188)) - Starting JVM pause monitor
2019-07-10 04:17:03,576 WARN  server.ServerUtils (ServerUtils.java:getDBPath(222)) - ozone.om.db.dirs is not configured. We recommend adding this setting. Falling back to ozone.metadata.dirs instead.
2019-07-10 04:17:03,684 WARN  server.ServerUtils (ServerUtils.java:getDBPath(222)) - ozone.om.db.dirs is not configured. We recommend adding this setting. Falling back to ozone.metadata.dirs instead.
2019-07-10 04:17:03,685 INFO  om.OzoneManager (OzoneManager.java:setOMNodeDetails(621)) - OM Service ID is not set. Setting it to the default ID: omServiceIdDefault
2019-07-10 04:17:03,685 INFO  om.OzoneManager (OzoneManager.java:setOMNodeDetails(627)) - OM Node ID is not set. Setting it to the OmStorage's OmID: b797d07b-aea5-4eb3-b2e9-cada60ddae58
2019-07-10 04:17:03,686 INFO  om.OzoneManager (OzoneManager.java:loadOMHAConfigs(578)) - Found matching OM address with OMServiceId: null, OMNodeId: null, RPC Address: localhost:0 and Ratis port: 9872
2019-07-10 04:17:03,944 WARN  server.ServerUtils (ServerUtils.java:getDBPath(222)) - ozone.om.db.dirs is not configured. We recommend adding this setting. Falling back to ozone.metadata.dirs instead.
2019-07-10 04:17:03,955 INFO  db.DBStoreBuilder (DBStoreBuilder.java:addTable(110)) - using custom profile for table: userTable
2019-07-10 04:17:03,955 INFO  db.DBStoreBuilder (DBStoreBuilder.java:processTables(161)) - Using default column profile:DBProfile.DISK for Table:userTable
2019-07-10 04:17:03,955 INFO  db.DBStoreBuilder (DBStoreBuilder.java:addTable(110)) - using custom profile for table: volumeTable
2019-07-10 04:17:03,956 INFO  db.DBStoreBuilder (DBStoreBuilder.java:processTables(161)) - Using default column profile:DBProfile.DISK for Table:volumeTable
2019-07-10 04:17:03,956 INFO  db.DBStoreBuilder (DBStoreBuilder.java:addTable(110)) - using custom profile for table: bucketTable
2019-07-10 04:17:03,956 INFO  db.DBStoreBuilder (DBStoreBuilder.java:processTables(161)) - Using default column profile:DBProfile.DISK for Table:bucketTable
2019-07-10 04:17:03,957 INFO  db.DBStoreBuilder (DBStoreBuilder.java:addTable(110)) - using custom profile for table: keyTable
2019-07-10 04:17:03,957 INFO  db.DBStoreBuilder (DBStoreBuilder.java:processTables(161)) - Using default column profile:DBProfile.DISK for Table:keyTable
2019-07-10 04:17:03,958 INFO  db.DBStoreBuilder (DBStoreBuilder.java:addTable(110)) - using custom profile for table: deletedTable
2019-07-10 04:17:03,958 INFO  db.DBStoreBuilder (DBStoreBuilder.java:processTables(161)) - Using default column profile:DBProfile.DISK for Table:deletedTable
2019-07-10 04:17:03,958 INFO  db.DBStoreBuilder (DBStoreBuilder.java:addTable(110)) - using custom profile for table: openKeyTable
2019-07-10 04:17:03,959 INFO  db.DBStoreBuilder (DBStoreBuilder.java:processTables(161)) - Using default column profile:DBProfile.DISK for Table:openKeyTable
2019-07-10 04:17:03,959 INFO  db.DBStoreBuilder (DBStoreBuilder.java:addTable(110)) - using custom profile for table: s3Table
2019-07-10 04:17:03,959 INFO  db.DBStoreBuilder (DBStoreBuilder.java:processTables(161)) - Using default column profile:DBProfile.DISK for Table:s3Table
2019-07-10 04:17:03,960 INFO  db.DBStoreBuilder (DBStoreBuilder.java:addTable(110)) - using custom profile for table: multipartInfoTable
2019-07-10 04:17:03,960 INFO  db.DBStoreBuilder (DBStoreBuilder.java:processTables(161)) - Using default column profile:DBProfile.DISK for Table:multipartInfoTable
2019-07-10 04:17:03,961 INFO  db.DBStoreBuilder (DBStoreBuilder.java:addTable(110)) - using custom profile for table: dTokenTable
2019-07-10 04:17:03,961 INFO  db.DBStoreBuilder (DBStoreBuilder.java:processTables(161)) - Using default column profile:DBProfile.DISK for Table:dTokenTable
2019-07-10 04:17:03,961 INFO  db.DBStoreBuilder (DBStoreBuilder.java:addTable(110)) - using custom profile for table: s3SecretTable
2019-07-10 04:17:03,962 INFO  db.DBStoreBuilder (DBStoreBuilder.java:processTables(161)) - Using default column profile:DBProfile.DISK for Table:s3SecretTable
2019-07-10 04:17:03,962 INFO  db.DBStoreBuilder (DBStoreBuilder.java:addTable(110)) - using custom profile for table: prefixTable
2019-07-10 04:17:03,962 INFO  db.DBStoreBuilder (DBStoreBuilder.java:processTables(161)) - Using default column profile:DBProfile.DISK for Table:prefixTable
2019-07-10 04:17:03,963 INFO  db.DBStoreBuilder (DBStoreBuilder.java:addTable(110)) - using custom profile for table: default
2019-07-10 04:17:03,963 INFO  db.DBStoreBuilder (DBStoreBuilder.java:processTables(167)) - Using default column profile:DBProfile.DISK for Table:default
2019-07-10 04:17:03,963 INFO  db.DBStoreBuilder (DBStoreBuilder.java:getDbProfile(198)) - Using default options. DBProfile.DISK
2019-07-10 04:17:04,635 INFO  ipc.CallQueueManager (CallQueueManager.java:<init>(84)) - Using callQueue: class java.util.concurrent.LinkedBlockingQueue, queueCapacity: 2000, scheduler: class org.apache.hadoop.ipc.DefaultRpcScheduler, ipcBackoff: false.
2019-07-10 04:17:04,636 INFO  ipc.Server (Server.java:run(1074)) - Starting Socket Reader #1 for port 45564
2019-07-10 04:17:04,665 WARN  server.ServerUtils (ServerUtils.java:getDBPath(222)) - ozone.om.db.dirs is not configured. We recommend adding this setting. Falling back to ozone.metadata.dirs instead.
2019-07-10 04:17:04,665 INFO  om.OzoneManager (OzoneManager.java:start(1219)) - OzoneManager RPC server is listening at localhost/127.0.0.1:45564
2019-07-10 04:17:04,665 INFO  impl.MetricsSystemImpl (MetricsSystemImpl.java:init(158)) - OzoneManager metrics system started (again)
2019-07-10 04:17:04,667 INFO  ipc.Server (Server.java:run(1153)) - IPC Server listener on 45564: starting
2019-07-10 04:17:04,667 INFO  ipc.Server (Server.java:run(1314)) - IPC Server Responder: starting
2019-07-10 04:17:04,682 INFO  hdfs.DFSUtil (DFSUtil.java:httpServerTemplateForNNAndJN(1641)) - Starting Web-server for ozoneManager at: http://0.0.0.0:0
2019-07-10 04:17:04,685 INFO  server.AuthenticationFilter (AuthenticationFilter.java:constructSecretProvider(240)) - Unable to initialize FileSignerSecretProvider, falling back to use random secrets.
2019-07-10 04:17:04,686 WARN  http.HttpRequestLog (HttpRequestLog.java:getRequestLog(97)) - Jetty request log can only be enabled using Log4j
2019-07-10 04:17:04,689 INFO  http.HttpServer2 (HttpServer2.java:addGlobalFilter(975)) - Added global filter 'safety' (class=org.apache.hadoop.http.HttpServer2$QuotingInputFilter)
2019-07-10 04:17:04,691 INFO  http.HttpServer2 (HttpServer2.java:addFilter(948)) - Added filter static_user_filter (class=org.apache.hadoop.http.lib.StaticUserWebFilter$StaticUserFilter) to context ozoneManager
2019-07-10 04:17:04,691 INFO  http.HttpServer2 (HttpServer2.java:addFilter(958)) - Added filter static_user_filter (class=org.apache.hadoop.http.lib.StaticUserWebFilter$StaticUserFilter) to context static
2019-07-10 04:17:04,691 INFO  http.HttpServer2 (HttpServer2.java:addFilter(958)) - Added filter static_user_filter (class=org.apache.hadoop.http.lib.StaticUserWebFilter$StaticUserFilter) to context logs
2019-07-10 04:17:04,694 INFO  http.HttpServer2 (HttpServer2.java:bindListener(1191)) - Jetty bound to port 42819
2019-07-10 04:17:04,695 INFO  server.Server (Server.java:doStart(351)) - jetty-9.3.24.v20180605, build timestamp: 2018-06-05T17:11:56Z, git hash: 84205aa28f11a4f31f2a3b86d1bba2cc8ab69827
2019-07-10 04:17:04,697 INFO  handler.ContextHandler (ContextHandler.java:doStart(781)) - Started o.e.j.s.ServletContextHandler@85ec632{/logs,file:///tmp/workdir/hadoop-ozone/tools/target/log,AVAILABLE}
2019-07-10 04:17:04,698 INFO  handler.ContextHandler (ContextHandler.java:doStart(781)) - Started o.e.j.s.ServletContextHandler@65ef722a{/static,file:///tmp/workdir/hadoop-ozone/ozone-manager/target/classes/webapps/static/,AVAILABLE}
2019-07-10 04:17:04,706 INFO  handler.ContextHandler (ContextHandler.java:doStart(781)) - Started o.e.j.w.WebAppContext@1c65121{/,file:///tmp/workdir/hadoop-ozone/ozone-manager/target/classes/webapps/ozoneManager/,AVAILABLE}{/ozoneManager}
2019-07-10 04:17:04,706 INFO  server.AbstractConnector (AbstractConnector.java:doStart(278)) - Started ServerConnector@159e366{HTTP/1.1,[http/1.1]}{0.0.0.0:42819}
2019-07-10 04:17:04,707 INFO  server.Server (Server.java:doStart(419)) - Started @3853ms
2019-07-10 04:17:04,708 INFO  server.BaseHttpServer (BaseHttpServer.java:updateConnectorAddress(207)) - HTTP server of OZONEMANAGER is listening at http://0.0.0.0:42819
2019-07-10 04:17:05,053 INFO  impl.MetricsSystemImpl (MetricsSystemImpl.java:init(158)) - HddsDatanode metrics system started (again)
2019-07-10 04:17:05,143 INFO  ozone.HddsDatanodeService (HddsDatanodeService.java:start(185)) - HddsDatanodeService host:hdds1735-nrzhw-914446414 ip:192.168.5.134
2019-07-10 04:17:05,175 INFO  volume.HddsVolume (HddsVolume.java:<init>(176)) - Creating Volume: /tmp/workdir/hadoop-ozone/tools/target/test-dir/MiniOzoneClusterImpl-c718534e-e39c-40bd-8c5e-6aea11dc1b4e/datanode-0/data/containers/hdds of  storage type : DISK and capacity : 52710309888
2019-07-10 04:17:05,176 INFO  volume.VolumeSet (VolumeSet.java:initializeVolumeSet(170)) - Added Volume : /tmp/workdir/hadoop-ozone/tools/target/test-dir/MiniOzoneClusterImpl-c718534e-e39c-40bd-8c5e-6aea11dc1b4e/datanode-0/data/containers/hdds to VolumeSet
2019-07-10 04:17:05,179 INFO  volume.ThrottledAsyncChecker (ThrottledAsyncChecker.java:schedule(140)) - Scheduling a check for org.apache.hadoop.ozone.container.common.volume.HddsVolume@3122b117
2019-07-10 04:17:05,197 INFO  volume.HddsVolumeChecker (HddsVolumeChecker.java:checkAllVolumes(203)) - Scheduled health check for volume org.apache.hadoop.ozone.container.common.volume.HddsVolume@3122b117
2019-07-10 04:17:05,242 INFO  ratis.XceiverServerRatis (XceiverServerRatis.java:newXceiverServerRatis(411)) - Found a free port for the server : 33848
2019-07-10 04:17:05,313 INFO  impl.RaftServerProxy (ConfUtils.java:logGet(43)) - raft.rpc.type = GRPC (default)
2019-07-10 04:17:05,381 INFO  grpc.GrpcFactory (GrpcFactory.java:checkPooledByteBufAllocatorUseCacheForAllThreads(45)) - PERFORMANCE WARNING: useCacheForAllThreads is true that may cause Netty to create a lot garbage objects and, as a result, trigger GC.
	It is recommended to disable useCacheForAllThreads by setting -Dorg.apache.ratis.thirdparty.io.netty.allocator.useCacheForAllThreads=false in command line.
2019-07-10 04:17:05,385 INFO  grpc.GrpcConfigKeys$Server (ConfUtils.java:logGet(43)) - raft.grpc.server.port = 33848 (custom)
2019-07-10 04:17:05,386 INFO  server.GrpcService (ConfUtils.java:logGet(43)) - raft.grpc.message.size.max = 33570816 (custom)
2019-07-10 04:17:05,387 INFO  server.RaftServerConfigKeys (ConfUtils.java:logGet(43)) - raft.server.log.appender.buffer.byte-limit = 33554432 (custom)
2019-07-10 04:17:05,388 INFO  server.GrpcService (ConfUtils.java:logGet(43)) - raft.grpc.flow.control.window = 1MB (=1048576) (default)
2019-07-10 04:17:05,389 INFO  server.RaftServerConfigKeys (ConfUtils.java:logGet(43)) - raft.server.rpc.request.timeout = 3000ms (default)
2019-07-10 04:17:05,550 INFO  server.RaftServerConfigKeys (ConfUtils.java:logGet(43)) - raft.server.storage.dir = [/tmp/workdir/hadoop-ozone/tools/target/test-dir/MiniOzoneClusterImpl-c718534e-e39c-40bd-8c5e-6aea11dc1b4e/datanode-0/data/ratis] (custom)
2019-07-10 04:17:05,558 INFO  server.XceiverServerGrpc (XceiverServerGrpc.java:<init>(97)) - Found a free port for the server : 45388
2019-07-10 04:17:05,584 INFO  replication.SimpleContainerDownloader (SimpleContainerDownloader.java:<init>(72)) - Starting container downloader service to copy containers to replicate.
2019-07-10 04:17:05,596 INFO  hdfs.DFSUtil (DFSUtil.java:httpServerTemplateForNNAndJN(1641)) - Starting Web-server for hddsDatanode at: http://0.0.0.0:0
2019-07-10 04:17:05,600 INFO  server.AuthenticationFilter (AuthenticationFilter.java:constructSecretProvider(240)) - Unable to initialize FileSignerSecretProvider, falling back to use random secrets.
2019-07-10 04:17:05,601 WARN  http.HttpRequestLog (HttpRequestLog.java:getRequestLog(97)) - Jetty request log can only be enabled using Log4j
2019-07-10 04:17:05,604 INFO  http.HttpServer2 (HttpServer2.java:addGlobalFilter(975)) - Added global filter 'safety' (class=org.apache.hadoop.http.HttpServer2$QuotingInputFilter)
2019-07-10 04:17:05,606 INFO  http.HttpServer2 (HttpServer2.java:addFilter(948)) - Added filter static_user_filter (class=org.apache.hadoop.http.lib.StaticUserWebFilter$StaticUserFilter) to context hddsDatanode
2019-07-10 04:17:05,606 INFO  http.HttpServer2 (HttpServer2.java:addFilter(958)) - Added filter static_user_filter (class=org.apache.hadoop.http.lib.StaticUserWebFilter$StaticUserFilter) to context static
2019-07-10 04:17:05,606 INFO  http.HttpServer2 (HttpServer2.java:addFilter(958)) - Added filter static_user_filter (class=org.apache.hadoop.http.lib.StaticUserWebFilter$StaticUserFilter) to context logs
2019-07-10 04:17:05,608 INFO  http.HttpServer2 (HttpServer2.java:bindListener(1191)) - Jetty bound to port 39319
2019-07-10 04:17:05,609 INFO  server.Server (Server.java:doStart(351)) - jetty-9.3.24.v20180605, build timestamp: 2018-06-05T17:11:56Z, git hash: 84205aa28f11a4f31f2a3b86d1bba2cc8ab69827
2019-07-10 04:17:05,612 INFO  handler.ContextHandler (ContextHandler.java:doStart(781)) - Started o.e.j.s.ServletContextHandler@3f4cd155{/logs,file:///tmp/workdir/hadoop-ozone/tools/target/log,AVAILABLE}
2019-07-10 04:17:05,613 INFO  handler.ContextHandler (ContextHandler.java:doStart(781)) - Started o.e.j.s.ServletContextHandler@506dcf55{/static,file:///tmp/workdir/hadoop-hdds/container-service/target/classes/webapps/static,AVAILABLE}
2019-07-10 04:17:05,621 INFO  handler.ContextHandler (ContextHandler.java:doStart(781)) - Started o.e.j.w.WebAppContext@6145b81e{/,file:///tmp/workdir/hadoop-hdds/container-service/target/classes/webapps/hddsDatanode/,AVAILABLE}{/hddsDatanode}
2019-07-10 04:17:05,622 INFO  server.AbstractConnector (AbstractConnector.java:doStart(278)) - Started ServerConnector@64355120{HTTP/1.1,[http/1.1]}{0.0.0.0:39319}
2019-07-10 04:17:05,623 INFO  server.Server (Server.java:doStart(419)) - Started @4770ms
2019-07-10 04:17:05,624 INFO  server.BaseHttpServer (BaseHttpServer.java:updateConnectorAddress(207)) - HTTP server of HDDSDATANODE is listening at http://0.0.0.0:39319
2019-07-10 04:17:06,786 INFO  ozone.HddsDatanodeService (HddsDatanodeService.java:startPlugins(396)) - Started plug-in org.apache.hadoop.ozone.web.OzoneHddsDatanodeService@36920bd6
2019-07-10 04:17:06,789 INFO  impl.MetricsSystemImpl (MetricsSystemImpl.java:init(158)) - HddsDatanode metrics system started (again)
2019-07-10 04:17:06,789 INFO  ozone.HddsDatanodeService (HddsDatanodeService.java:start(185)) - HddsDatanodeService host:hdds1735-nrzhw-914446414 ip:192.168.5.134
2019-07-10 04:17:06,800 INFO  volume.HddsVolume (HddsVolume.java:<init>(176)) - Creating Volume: /tmp/workdir/hadoop-ozone/tools/target/test-dir/MiniOzoneClusterImpl-c718534e-e39c-40bd-8c5e-6aea11dc1b4e/datanode-1/data/containers/hdds of  storage type : DISK and capacity : 52710309888
2019-07-10 04:17:06,802 INFO  util.JvmPauseMonitor (JvmPauseMonitor.java:run(188)) - Starting JVM pause monitor
2019-07-10 04:17:06,802 INFO  volume.VolumeSet (VolumeSet.java:initializeVolumeSet(170)) - Added Volume : /tmp/workdir/hadoop-ozone/tools/target/test-dir/MiniOzoneClusterImpl-c718534e-e39c-40bd-8c5e-6aea11dc1b4e/datanode-1/data/containers/hdds to VolumeSet
2019-07-10 04:17:06,802 INFO  volume.ThrottledAsyncChecker (ThrottledAsyncChecker.java:schedule(140)) - Scheduling a check for org.apache.hadoop.ozone.container.common.volume.HddsVolume@208f0007
2019-07-10 04:17:06,803 INFO  volume.HddsVolumeChecker (HddsVolumeChecker.java:checkAllVolumes(203)) - Scheduled health check for volume org.apache.hadoop.ozone.container.common.volume.HddsVolume@208f0007
2019-07-10 04:17:06,822 INFO  ratis.XceiverServerRatis (XceiverServerRatis.java:newXceiverServerRatis(411)) - Found a free port for the server : 35404
2019-07-10 04:17:06,823 INFO  impl.RaftServerProxy (ConfUtils.java:logGet(43)) - raft.rpc.type = GRPC (default)
2019-07-10 04:17:06,823 INFO  grpc.GrpcFactory (GrpcFactory.java:checkPooledByteBufAllocatorUseCacheForAllThreads(45)) - PERFORMANCE WARNING: useCacheForAllThreads is true that may cause Netty to create a lot garbage objects and, as a result, trigger GC.
	It is recommended to disable useCacheForAllThreads by setting -Dorg.apache.ratis.thirdparty.io.netty.allocator.useCacheForAllThreads=false in command line.
2019-07-10 04:17:06,824 INFO  grpc.GrpcConfigKeys$Server (ConfUtils.java:logGet(43)) - raft.grpc.server.port = 35404 (custom)
2019-07-10 04:17:06,824 INFO  server.GrpcService (ConfUtils.java:logGet(43)) - raft.grpc.message.size.max = 33570816 (custom)
2019-07-10 04:17:06,824 INFO  server.RaftServerConfigKeys (ConfUtils.java:logGet(43)) - raft.server.log.appender.buffer.byte-limit = 33554432 (custom)
2019-07-10 04:17:06,824 INFO  server.GrpcService (ConfUtils.java:logGet(43)) - raft.grpc.flow.control.window = 1MB (=1048576) (default)
2019-07-10 04:17:06,824 INFO  server.RaftServerConfigKeys (ConfUtils.java:logGet(43)) - raft.server.rpc.request.timeout = 3000ms (default)
2019-07-10 04:17:06,825 INFO  server.RaftServerConfigKeys (ConfUtils.java:logGet(43)) - raft.server.storage.dir = [/tmp/workdir/hadoop-ozone/tools/target/test-dir/MiniOzoneClusterImpl-c718534e-e39c-40bd-8c5e-6aea11dc1b4e/datanode-1/data/ratis] (custom)
2019-07-10 04:17:06,825 INFO  server.XceiverServerGrpc (XceiverServerGrpc.java:<init>(97)) - Found a free port for the server : 34845
2019-07-10 04:17:06,826 INFO  replication.SimpleContainerDownloader (SimpleContainerDownloader.java:<init>(72)) - Starting container downloader service to copy containers to replicate.
2019-07-10 04:17:06,827 INFO  hdfs.DFSUtil (DFSUtil.java:httpServerTemplateForNNAndJN(1641)) - Starting Web-server for hddsDatanode at: http://0.0.0.0:0
2019-07-10 04:17:06,830 INFO  server.AuthenticationFilter (AuthenticationFilter.java:constructSecretProvider(240)) - Unable to initialize FileSignerSecretProvider, falling back to use random secrets.
2019-07-10 04:17:06,832 WARN  http.HttpRequestLog (HttpRequestLog.java:getRequestLog(97)) - Jetty request log can only be enabled using Log4j
2019-07-10 04:17:06,837 INFO  http.HttpServer2 (HttpServer2.java:addGlobalFilter(975)) - Added global filter 'safety' (class=org.apache.hadoop.http.HttpServer2$QuotingInputFilter)
2019-07-10 04:17:06,838 INFO  http.HttpServer2 (HttpServer2.java:addFilter(948)) - Added filter static_user_filter (class=org.apache.hadoop.http.lib.StaticUserWebFilter$StaticUserFilter) to context hddsDatanode
2019-07-10 04:17:06,838 INFO  http.HttpServer2 (HttpServer2.java:addFilter(958)) - Added filter static_user_filter (class=org.apache.hadoop.http.lib.StaticUserWebFilter$StaticUserFilter) to context logs
2019-07-10 04:17:06,839 INFO  http.HttpServer2 (HttpServer2.java:addFilter(958)) - Added filter static_user_filter (class=org.apache.hadoop.http.lib.StaticUserWebFilter$StaticUserFilter) to context static
2019-07-10 04:17:06,840 INFO  http.HttpServer2 (HttpServer2.java:bindListener(1191)) - Jetty bound to port 43614
2019-07-10 04:17:06,840 INFO  server.Server (Server.java:doStart(351)) - jetty-9.3.24.v20180605, build timestamp: 2018-06-05T17:11:56Z, git hash: 84205aa28f11a4f31f2a3b86d1bba2cc8ab69827
2019-07-10 04:17:06,843 INFO  handler.ContextHandler (ContextHandler.java:doStart(781)) - Started o.e.j.s.ServletContextHandler@51dae791{/logs,file:///tmp/workdir/hadoop-ozone/tools/target/log,AVAILABLE}
2019-07-10 04:17:06,844 INFO  handler.ContextHandler (ContextHandler.java:doStart(781)) - Started o.e.j.s.ServletContextHandler@5de5e95{/static,file:///tmp/workdir/hadoop-hdds/container-service/target/classes/webapps/static,AVAILABLE}
2019-07-10 04:17:06,853 INFO  handler.ContextHandler (ContextHandler.java:doStart(781)) - Started o.e.j.w.WebAppContext@34c70b5e{/,file:///tmp/workdir/hadoop-hdds/container-service/target/classes/webapps/hddsDatanode/,AVAILABLE}{/hddsDatanode}
2019-07-10 04:17:06,854 INFO  server.AbstractConnector (AbstractConnector.java:doStart(278)) - Started ServerConnector@4f2d995e{HTTP/1.1,[http/1.1]}{0.0.0.0:43614}
2019-07-10 04:17:06,855 INFO  server.Server (Server.java:doStart(419)) - Started @6002ms
2019-07-10 04:17:06,857 INFO  server.BaseHttpServer (BaseHttpServer.java:updateConnectorAddress(207)) - HTTP server of HDDSDATANODE is listening at http://0.0.0.0:43614
2019-07-10 04:17:06,921 INFO  datanode.InitDatanodeState (InitDatanodeState.java:persistContainerDatanodeDetails(140)) - DatanodeDetails is persisted to /tmp/workdir/hadoop-ozone/tools/target/test-dir/MiniOzoneClusterImpl-c718534e-e39c-40bd-8c5e-6aea11dc1b4e/datanode-0/meta/datanode.id
2019-07-10 04:17:07,061 INFO  ozone.HddsDatanodeService (HddsDatanodeService.java:startPlugins(396)) - Started plug-in org.apache.hadoop.ozone.web.OzoneHddsDatanodeService@696db620
2019-07-10 04:17:07,062 INFO  impl.MetricsSystemImpl (MetricsSystemImpl.java:init(158)) - HddsDatanode metrics system started (again)
2019-07-10 04:17:07,063 INFO  ozone.HddsDatanodeService (HddsDatanodeService.java:start(185)) - HddsDatanodeService host:hdds1735-nrzhw-914446414 ip:192.168.5.134
2019-07-10 04:17:07,065 INFO  util.JvmPauseMonitor (JvmPauseMonitor.java:run(188)) - Starting JVM pause monitor
2019-07-10 04:17:07,074 INFO  volume.HddsVolume (HddsVolume.java:<init>(176)) - Creating Volume: /tmp/workdir/hadoop-ozone/tools/target/test-dir/MiniOzoneClusterImpl-c718534e-e39c-40bd-8c5e-6aea11dc1b4e/datanode-2/data/containers/hdds of  storage type : DISK and capacity : 52710309888
2019-07-10 04:17:07,074 INFO  volume.VolumeSet (VolumeSet.java:initializeVolumeSet(170)) - Added Volume : /tmp/workdir/hadoop-ozone/tools/target/test-dir/MiniOzoneClusterImpl-c718534e-e39c-40bd-8c5e-6aea11dc1b4e/datanode-2/data/containers/hdds to VolumeSet
2019-07-10 04:17:07,075 INFO  volume.ThrottledAsyncChecker (ThrottledAsyncChecker.java:schedule(140)) - Scheduling a check for org.apache.hadoop.ozone.container.common.volume.HddsVolume@12a470dd
2019-07-10 04:17:07,075 INFO  volume.HddsVolumeChecker (HddsVolumeChecker.java:checkAllVolumes(203)) - Scheduled health check for volume org.apache.hadoop.ozone.container.common.volume.HddsVolume@12a470dd
2019-07-10 04:17:07,076 INFO  datanode.InitDatanodeState (InitDatanodeState.java:persistContainerDatanodeDetails(140)) - DatanodeDetails is persisted to /tmp/workdir/hadoop-ozone/tools/target/test-dir/MiniOzoneClusterImpl-c718534e-e39c-40bd-8c5e-6aea11dc1b4e/datanode-1/meta/datanode.id
2019-07-10 04:17:07,104 INFO  ratis.XceiverServerRatis (XceiverServerRatis.java:newXceiverServerRatis(411)) - Found a free port for the server : 40409
2019-07-10 04:17:07,106 INFO  impl.RaftServerProxy (ConfUtils.java:logGet(43)) - raft.rpc.type = GRPC (default)
2019-07-10 04:17:07,106 INFO  grpc.GrpcFactory (GrpcFactory.java:checkPooledByteBufAllocatorUseCacheForAllThreads(45)) - PERFORMANCE WARNING: useCacheForAllThreads is true that may cause Netty to create a lot garbage objects and, as a result, trigger GC.
	It is recommended to disable useCacheForAllThreads by setting -Dorg.apache.ratis.thirdparty.io.netty.allocator.useCacheForAllThreads=false in command line.
2019-07-10 04:17:07,107 INFO  grpc.GrpcConfigKeys$Server (ConfUtils.java:logGet(43)) - raft.grpc.server.port = 40409 (custom)
2019-07-10 04:17:07,107 INFO  server.GrpcService (ConfUtils.java:logGet(43)) - raft.grpc.message.size.max = 33570816 (custom)
2019-07-10 04:17:07,107 INFO  server.RaftServerConfigKeys (ConfUtils.java:logGet(43)) - raft.server.log.appender.buffer.byte-limit = 33554432 (custom)
2019-07-10 04:17:07,108 INFO  server.GrpcService (ConfUtils.java:logGet(43)) - raft.grpc.flow.control.window = 1MB (=1048576) (default)
2019-07-10 04:17:07,108 INFO  server.RaftServerConfigKeys (ConfUtils.java:logGet(43)) - raft.server.rpc.request.timeout = 3000ms (default)
2019-07-10 04:17:07,109 INFO  server.RaftServerConfigKeys (ConfUtils.java:logGet(43)) - raft.server.storage.dir = [/tmp/workdir/hadoop-ozone/tools/target/test-dir/MiniOzoneClusterImpl-c718534e-e39c-40bd-8c5e-6aea11dc1b4e/datanode-2/data/ratis] (custom)
2019-07-10 04:17:07,109 INFO  server.XceiverServerGrpc (XceiverServerGrpc.java:<init>(97)) - Found a free port for the server : 36052
2019-07-10 04:17:07,110 INFO  replication.SimpleContainerDownloader (SimpleContainerDownloader.java:<init>(72)) - Starting container downloader service to copy containers to replicate.
2019-07-10 04:17:07,112 INFO  hdfs.DFSUtil (DFSUtil.java:httpServerTemplateForNNAndJN(1641)) - Starting Web-server for hddsDatanode at: http://0.0.0.0:0
2019-07-10 04:17:07,114 INFO  server.AuthenticationFilter (AuthenticationFilter.java:constructSecretProvider(240)) - Unable to initialize FileSignerSecretProvider, falling back to use random secrets.
2019-07-10 04:17:07,115 WARN  http.HttpRequestLog (HttpRequestLog.java:getRequestLog(97)) - Jetty request log can only be enabled using Log4j
2019-07-10 04:17:07,118 INFO  http.HttpServer2 (HttpServer2.java:addGlobalFilter(975)) - Added global filter 'safety' (class=org.apache.hadoop.http.HttpServer2$QuotingInputFilter)
2019-07-10 04:17:07,119 INFO  http.HttpServer2 (HttpServer2.java:addFilter(948)) - Added filter static_user_filter (class=org.apache.hadoop.http.lib.StaticUserWebFilter$StaticUserFilter) to context hddsDatanode
2019-07-10 04:17:07,119 INFO  http.HttpServer2 (HttpServer2.java:addFilter(958)) - Added filter static_user_filter (class=org.apache.hadoop.http.lib.StaticUserWebFilter$StaticUserFilter) to context static
2019-07-10 04:17:07,120 INFO  http.HttpServer2 (HttpServer2.java:addFilter(958)) - Added filter static_user_filter (class=org.apache.hadoop.http.lib.StaticUserWebFilter$StaticUserFilter) to context logs
2019-07-10 04:17:07,121 INFO  http.HttpServer2 (HttpServer2.java:bindListener(1191)) - Jetty bound to port 37377
2019-07-10 04:17:07,121 INFO  server.Server (Server.java:doStart(351)) - jetty-9.3.24.v20180605, build timestamp: 2018-06-05T17:11:56Z, git hash: 84205aa28f11a4f31f2a3b86d1bba2cc8ab69827
2019-07-10 04:17:07,126 INFO  handler.ContextHandler (ContextHandler.java:doStart(781)) - Started o.e.j.s.ServletContextHandler@3a3ed300{/logs,file:///tmp/workdir/hadoop-ozone/tools/target/log,AVAILABLE}
2019-07-10 04:17:07,126 INFO  handler.ContextHandler (ContextHandler.java:doStart(781)) - Started o.e.j.s.ServletContextHandler@39f5b723{/static,file:///tmp/workdir/hadoop-hdds/container-service/target/classes/webapps/static,AVAILABLE}
2019-07-10 04:17:07,133 INFO  handler.ContextHandler (ContextHandler.java:doStart(781)) - Started o.e.j.w.WebAppContext@16736040{/,file:///tmp/workdir/hadoop-hdds/container-service/target/classes/webapps/hddsDatanode/,AVAILABLE}{/hddsDatanode}
2019-07-10 04:17:07,134 INFO  server.AbstractConnector (AbstractConnector.java:doStart(278)) - Started ServerConnector@7c5d1d25{HTTP/1.1,[http/1.1]}{0.0.0.0:37377}
2019-07-10 04:17:07,135 INFO  server.Server (Server.java:doStart(419)) - Started @6281ms
2019-07-10 04:17:07,136 INFO  server.BaseHttpServer (BaseHttpServer.java:updateConnectorAddress(207)) - HTTP server of HDDSDATANODE is listening at http://0.0.0.0:37377
2019-07-10 04:17:07,315 INFO  ozone.HddsDatanodeService (HddsDatanodeService.java:startPlugins(396)) - Started plug-in org.apache.hadoop.ozone.web.OzoneHddsDatanodeService@62cba181
2019-07-10 04:17:07,317 INFO  ozone.MiniOzoneClusterImpl (MiniOzoneClusterImpl.java:lambda$waitForClusterToBeReady$0(142)) - Waiting for cluster to be ready. Got 0 of 3 DN Heartbeats.
2019-07-10 04:17:07,318 INFO  util.JvmPauseMonitor (JvmPauseMonitor.java:run(188)) - Starting JVM pause monitor
2019-07-10 04:17:07,322 INFO  datanode.InitDatanodeState (InitDatanodeState.java:persistContainerDatanodeDetails(140)) - DatanodeDetails is persisted to /tmp/workdir/hadoop-ozone/tools/target/test-dir/MiniOzoneClusterImpl-c718534e-e39c-40bd-8c5e-6aea11dc1b4e/datanode-2/meta/datanode.id
2019-07-10 04:17:08,318 INFO  ozone.MiniOzoneClusterImpl (MiniOzoneClusterImpl.java:lambda$waitForClusterToBeReady$0(142)) - Waiting for cluster to be ready. Got 0 of 3 DN Heartbeats.
2019-07-10 04:17:08,851 INFO  ozoneimpl.OzoneContainer (OzoneContainer.java:start(186)) - Attempting to start container services.
2019-07-10 04:17:08,852 INFO  ozoneimpl.OzoneContainer (OzoneContainer.java:startContainerScrub(160)) - Background container scrubber has been disabled by hdds.containerscrub.enabled
2019-07-10 04:17:08,853 INFO  ratis.XceiverServerRatis (XceiverServerRatis.java:start(428)) - Starting XceiverServerRatis 3ac23d3a-991f-42cc-b509-bf77e9ee0512 at port 33848
2019-07-10 04:17:08,877 INFO  impl.RaftServerProxy (RaftServerProxy.java:lambda$start$3(299)) - 3ac23d3a-991f-42cc-b509-bf77e9ee0512: start RPC server
2019-07-10 04:17:09,028 INFO  server.GrpcService (GrpcService.java:startImpl(149)) - 3ac23d3a-991f-42cc-b509-bf77e9ee0512: GrpcService started, listening on 0.0.0.0/0.0.0.0:33848
2019-07-10 04:17:09,095 INFO  ozoneimpl.OzoneContainer (OzoneContainer.java:start(186)) - Attempting to start container services.
2019-07-10 04:17:09,097 INFO  ozoneimpl.OzoneContainer (OzoneContainer.java:startContainerScrub(160)) - Background container scrubber has been disabled by hdds.containerscrub.enabled
2019-07-10 04:17:09,098 INFO  ratis.XceiverServerRatis (XceiverServerRatis.java:start(428)) - Starting XceiverServerRatis 4b9b847c-3cea-429d-a230-6bc1b9644d9a at port 35404
2019-07-10 04:17:09,113 INFO  impl.RaftServerProxy (RaftServerProxy.java:lambda$start$3(299)) - 4b9b847c-3cea-429d-a230-6bc1b9644d9a: start RPC server
2019-07-10 04:17:09,118 INFO  server.GrpcService (GrpcService.java:startImpl(149)) - 4b9b847c-3cea-429d-a230-6bc1b9644d9a: GrpcService started, listening on 0.0.0.0/0.0.0.0:35404
2019-07-10 04:17:09,318 INFO  ozone.MiniOzoneClusterImpl (MiniOzoneClusterImpl.java:lambda$waitForClusterToBeReady$0(142)) - Waiting for cluster to be ready. Got 0 of 3 DN Heartbeats.
2019-07-10 04:17:09,326 INFO  ozoneimpl.OzoneContainer (OzoneContainer.java:start(186)) - Attempting to start container services.
2019-07-10 04:17:09,328 INFO  ozoneimpl.OzoneContainer (OzoneContainer.java:startContainerScrub(160)) - Background container scrubber has been disabled by hdds.containerscrub.enabled
2019-07-10 04:17:09,328 INFO  ratis.XceiverServerRatis (XceiverServerRatis.java:start(428)) - Starting XceiverServerRatis 488df63e-5a7b-4633-a6d8-bd9dbf92cc5c at port 40409
2019-07-10 04:17:09,387 INFO  impl.RaftServerProxy (RaftServerProxy.java:lambda$start$3(299)) - 488df63e-5a7b-4633-a6d8-bd9dbf92cc5c: start RPC server
2019-07-10 04:17:09,392 INFO  server.GrpcService (GrpcService.java:startImpl(149)) - 488df63e-5a7b-4633-a6d8-bd9dbf92cc5c: GrpcService started, listening on 0.0.0.0/0.0.0.0:40409
2019-07-10 04:17:10,320 INFO  ozone.MiniOzoneClusterImpl (MiniOzoneClusterImpl.java:lambda$waitForClusterToBeReady$0(142)) - Waiting for cluster to be ready. Got 0 of 3 DN Heartbeats.
2019-07-10 04:17:10,846 INFO  net.NetworkTopology (NetworkTopologyImpl.java:add(109)) - Added a new node: /default-rack/192.168.5.134
2019-07-10 04:17:10,847 INFO  node.SCMNodeManager (SCMNodeManager.java:register(268)) - Registered Data node : 3ac23d3a-991f-42cc-b509-bf77e9ee0512{ip: 192.168.5.134, host: hdds1735-nrzhw-914446414, networkLocation: /default-rack, certSerialId: null}
2019-07-10 04:17:10,852 INFO  safemode.SCMSafeModeManager (DataNodeSafeModeRule.java:process(71)) - SCM in safe mode. 1 DataNodes registered, 1 required.
2019-07-10 04:17:10,852 INFO  safemode.SCMSafeModeManager (SCMSafeModeManager.java:validateSafeModeExitRules(177)) - ScmSafeModeManager, all rules are successfully validated
2019-07-10 04:17:10,853 INFO  safemode.SCMSafeModeManager (SCMSafeModeManager.java:exitSafeMode(193)) - SCM exiting safe mode.
2019-07-10 04:17:11,069 INFO  node.SCMNodeManager (SCMNodeManager.java:register(268)) - Registered Data node : 4b9b847c-3cea-429d-a230-6bc1b9644d9a{ip: 192.168.5.134, host: hdds1735-nrzhw-914446414, networkLocation: /default-rack, certSerialId: null}
2019-07-10 04:17:11,320 INFO  ozone.MiniOzoneClusterImpl (MiniOzoneClusterImpl.java:lambda$waitForClusterToBeReady$0(142)) - Waiting for cluster to be ready. Got 2 of 3 DN Heartbeats.
2019-07-10 04:17:11,321 INFO  node.SCMNodeManager (SCMNodeManager.java:register(268)) - Registered Data node : 488df63e-5a7b-4633-a6d8-bd9dbf92cc5c{ip: 192.168.5.134, host: hdds1735-nrzhw-914446414, networkLocation: /default-rack, certSerialId: null}
2019-07-10 04:17:11,429 INFO  impl.RaftServerProxy (RaftServerProxy.java:addNew(89)) - 3ac23d3a-991f-42cc-b509-bf77e9ee0512: addNew group-BA9E941CA83D:[3ac23d3a-991f-42cc-b509-bf77e9ee0512:192.168.5.134:33848] returns group-BA9E941CA83D:java.util.concurrent.CompletableFuture@5b7ee767[Not completed]
2019-07-10 04:17:11,443 INFO  impl.RaftServerImpl (RaftServerImpl.java:<init>(93)) - 3ac23d3a-991f-42cc-b509-bf77e9ee0512: new RaftServerImpl for group-BA9E941CA83D:[3ac23d3a-991f-42cc-b509-bf77e9ee0512:192.168.5.134:33848] with ContainerStateMachine:uninitialized
2019-07-10 04:17:11,446 INFO  server.RaftServerConfigKeys (ConfUtils.java:logGet(43)) - raft.server.rpc.timeout.min = 1s (custom)
2019-07-10 04:17:11,447 INFO  server.RaftServerConfigKeys (ConfUtils.java:logGet(43)) - raft.server.rpc.timeout.max = 1200ms (custom)
2019-07-10 04:17:11,447 INFO  server.RaftServerConfigKeys (ConfUtils.java:logGet(43)) - raft.server.rpcslowness.timeout = 120s (custom)
2019-07-10 04:17:11,449 INFO  server.RaftServerConfigKeys (ConfUtils.java:logGet(43)) - raft.server.sleep.deviation.threshold = 300 (default)
2019-07-10 04:17:11,450 INFO  server.RaftServerConfigKeys (ConfUtils.java:logGet(43)) - raft.server.log.appender.install.snapshot.enabled = false (custom)
2019-07-10 04:17:11,460 INFO  impl.RaftServerImpl (ServerState.java:<init>(105)) - 3ac23d3a-991f-42cc-b509-bf77e9ee0512:group-BA9E941CA83D ConfigurationManager, init=-1: [3ac23d3a-991f-42cc-b509-bf77e9ee0512:192.168.5.134:33848], old=null, confs=<EMPTY_MAP>
2019-07-10 04:17:11,460 INFO  server.RaftServerConfigKeys (ConfUtils.java:logGet(43)) - raft.server.storage.dir = [/tmp/workdir/hadoop-ozone/tools/target/test-dir/MiniOzoneClusterImpl-c718534e-e39c-40bd-8c5e-6aea11dc1b4e/datanode-0/data/ratis] (custom)
2019-07-10 04:17:11,469 INFO  storage.RaftStorageDirectory (RaftStorageDirectory.java:analyzeStorage(246)) - The storage directory /tmp/workdir/hadoop-ozone/tools/target/test-dir/MiniOzoneClusterImpl-c718534e-e39c-40bd-8c5e-6aea11dc1b4e/datanode-0/data/ratis/54186ec2-6a75-4af4-8ffe-ba9e941ca83d does not exist. Creating ...
2019-07-10 04:17:11,488 INFO  storage.RaftStorageDirectory (RaftStorageDirectory.java:tryLock(328)) - Lock on /tmp/workdir/hadoop-ozone/tools/target/test-dir/MiniOzoneClusterImpl-c718534e-e39c-40bd-8c5e-6aea11dc1b4e/datanode-0/data/ratis/54186ec2-6a75-4af4-8ffe-ba9e941ca83d/in_use.lock acquired by nodename 22523@hdds1735-nrzhw-914446414
2019-07-10 04:17:11,495 INFO  storage.RaftStorage (RaftStorage.java:format(72)) - Storage directory /tmp/workdir/hadoop-ozone/tools/target/test-dir/MiniOzoneClusterImpl-c718534e-e39c-40bd-8c5e-6aea11dc1b4e/datanode-0/data/ratis/54186ec2-6a75-4af4-8ffe-ba9e941ca83d has been successfully formatted.
2019-07-10 04:17:11,498 INFO  ratis.ContainerStateMachine (ContainerStateMachine.java:loadSnapshot(198)) - The snapshot info is null.Setting the last applied index to:(t:0, i:~)
2019-07-10 04:17:11,499 INFO  server.RaftServerConfigKeys (ConfUtils.java:logGet(43)) - raft.server.leader.election.timeout = 120s (custom)
2019-07-10 04:17:11,502 INFO  server.RaftServerConfigKeys (ConfUtils.java:logGet(43)) - raft.server.log.use.memory = false (default)
2019-07-10 04:17:11,509 INFO  server.RaftServerConfigKeys (ConfUtils.java:logGet(43)) - raft.server.log.purge.gap = 1000000000 (custom)
2019-07-10 04:17:11,510 INFO  server.RaftServerConfigKeys (ConfUtils.java:logGet(43)) - raft.server.log.appender.buffer.byte-limit = 33554432 (custom)
2019-07-10 04:17:11,512 INFO  server.RaftServerConfigKeys (ConfUtils.java:logGet(43)) - raft.server.log.segment.size.max = 1048576 (custom)
2019-07-10 04:17:11,518 INFO  server.RaftServerConfigKeys (ConfUtils.java:logGet(43)) - raft.server.log.segment.cache.num.max = 2 (custom)
2019-07-10 04:17:11,526 INFO  segmented.SegmentedRaftLogWorker (SegmentedRaftLogWorker.java:<init>(172)) - new 3ac23d3a-991f-42cc-b509-bf77e9ee0512-SegmentedRaftLogWorker:Storage Directory /tmp/workdir/hadoop-ozone/tools/target/test-dir/MiniOzoneClusterImpl-c718534e-e39c-40bd-8c5e-6aea11dc1b4e/datanode-0/data/ratis/54186ec2-6a75-4af4-8ffe-ba9e941ca83d for RaftStorage:Storage Directory /tmp/workdir/hadoop-ozone/tools/target/test-dir/MiniOzoneClusterImpl-c718534e-e39c-40bd-8c5e-6aea11dc1b4e/datanode-0/data/ratis/54186ec2-6a75-4af4-8ffe-ba9e941ca83d
2019-07-10 04:17:11,542 INFO  server.RaftServerConfigKeys (ConfUtils.java:logGet(43)) - raft.server.log.queue.byte-limit = 2147483647 (custom)
2019-07-10 04:17:11,543 INFO  server.RaftServerConfigKeys (ConfUtils.java:logGet(43)) - raft.server.log.queue.element-limit = 1024 (custom)
2019-07-10 04:17:11,549 INFO  server.RaftServerConfigKeys (ConfUtils.java:logGet(43)) - raft.server.log.segment.size.max = 1048576 (custom)
2019-07-10 04:17:11,550 INFO  server.RaftServerConfigKeys (ConfUtils.java:logGet(43)) - raft.server.log.preallocated.size = 16384 (custom)
2019-07-10 04:17:11,551 INFO  server.RaftServerConfigKeys (ConfUtils.java:logGet(43)) - raft.server.log.write.buffer.size = 33554432 (custom)
2019-07-10 04:17:11,551 INFO  server.RaftServerConfigKeys (ConfUtils.java:logGet(43)) - raft.server.log.force.sync.num = 128 (default)
2019-07-10 04:17:11,552 INFO  server.RaftServerConfigKeys (ConfUtils.java:logGet(43)) - raft.server.log.statemachine.data.sync = true (default)
2019-07-10 04:17:11,552 INFO  server.RaftServerConfigKeys (ConfUtils.java:logGet(43)) - raft.server.log.statemachine.data.sync.timeout = 10s (default)
2019-07-10 04:17:11,553 INFO  server.RaftServerConfigKeys (ConfUtils.java:logGet(43)) - raft.server.log.statemachine.data.sync.timeout.retry = -1 (default)
2019-07-10 04:17:11,565 INFO  server.RaftServerConfigKeys (ConfUtils.java:logGet(43)) - raft.server.log.statemachine.data.caching.enabled = true (custom)
2019-07-10 04:17:11,570 INFO  segmented.SegmentedRaftLogWorker (SegmentedRaftLogWorker.java:lambda$new$0(132)) - 3ac23d3a-991f-42cc-b509-bf77e9ee0512-SegmentedRaftLogWorker:Storage Directory /tmp/workdir/hadoop-ozone/tools/target/test-dir/MiniOzoneClusterImpl-c718534e-e39c-40bd-8c5e-6aea11dc1b4e/datanode-0/data/ratis/54186ec2-6a75-4af4-8ffe-ba9e941ca83d: flushIndex: setUnconditionally 0 -> -1
2019-07-10 04:17:11,575 INFO  server.RaftServerConfigKeys (ConfUtils.java:logGet(43)) - raft.server.snapshot.auto.trigger.enabled = true (custom)
2019-07-10 04:17:11,575 INFO  server.RaftServerConfigKeys (ConfUtils.java:logGet(43)) - raft.server.snapshot.auto.trigger.threshold = 10000 (custom)
2019-07-10 04:17:11,576 INFO  server.RaftServerConfigKeys (ConfUtils.java:logGet(43)) - raft.server.retrycache.expirytime = 600000ms (custom)
2019-07-10 04:17:11,857 INFO  impl.RaftServerImpl (RaftServerImpl.java:start(180)) - 3ac23d3a-991f-42cc-b509-bf77e9ee0512: start group-BA9E941CA83D
2019-07-10 04:17:11,859 INFO  impl.RaftServerImpl (RaftServerImpl.java:setRole(171)) - 3ac23d3a-991f-42cc-b509-bf77e9ee0512:group-BA9E941CA83D changes role from null to FOLLOWER at term 0 for startAsFollower
2019-07-10 04:17:11,860 INFO  impl.RoleInfo (RoleInfo.java:updateAndGet(143)) - 3ac23d3a-991f-42cc-b509-bf77e9ee0512: start FollowerState
2019-07-10 04:17:11,862 INFO  util.JmxRegister (JmxRegister.java:tryRegister(44)) - Successfully registered JMX Bean with object name Ratis:service=RaftServer,group=group-BA9E941CA83D,id=3ac23d3a-991f-42cc-b509-bf77e9ee0512
2019-07-10 04:17:11,931 INFO  pipeline.PipelineStateManager (PipelineStateManager.java:addPipeline(56)) - Created pipeline Pipeline[ Id: 54186ec2-6a75-4af4-8ffe-ba9e941ca83d, Nodes: 3ac23d3a-991f-42cc-b509-bf77e9ee0512{ip: 192.168.5.134, host: hdds1735-nrzhw-914446414, networkLocation: /default-rack, certSerialId: null}, Type:RATIS, Factor:ONE, State:OPEN]
2019-07-10 04:17:11,954 INFO  impl.RaftServerProxy (RaftServerProxy.java:addNew(89)) - 488df63e-5a7b-4633-a6d8-bd9dbf92cc5c: addNew group-D45F65F14AFE:[488df63e-5a7b-4633-a6d8-bd9dbf92cc5c:192.168.5.134:40409] returns group-D45F65F14AFE:java.util.concurrent.CompletableFuture@4d08ca74[Not completed]
2019-07-10 04:17:11,984 INFO  impl.RaftServerImpl (RaftServerImpl.java:<init>(93)) - 488df63e-5a7b-4633-a6d8-bd9dbf92cc5c: new RaftServerImpl for group-D45F65F14AFE:[488df63e-5a7b-4633-a6d8-bd9dbf92cc5c:192.168.5.134:40409] with ContainerStateMachine:uninitialized
2019-07-10 04:17:11,986 INFO  server.RaftServerConfigKeys (ConfUtils.java:logGet(43)) - raft.server.rpc.timeout.min = 1s (custom)
2019-07-10 04:17:11,986 INFO  server.RaftServerConfigKeys (ConfUtils.java:logGet(43)) - raft.server.rpc.timeout.max = 1200ms (custom)
2019-07-10 04:17:11,986 INFO  server.RaftServerConfigKeys (ConfUtils.java:logGet(43)) - raft.server.rpcslowness.timeout = 120s (custom)
2019-07-10 04:17:11,986 INFO  server.RaftServerConfigKeys (ConfUtils.java:logGet(43)) - raft.server.sleep.deviation.threshold = 300 (default)
2019-07-10 04:17:11,987 INFO  server.RaftServerConfigKeys (ConfUtils.java:logGet(43)) - raft.server.log.appender.install.snapshot.enabled = false (custom)
2019-07-10 04:17:11,987 INFO  impl.RaftServerImpl (ServerState.java:<init>(105)) - 488df63e-5a7b-4633-a6d8-bd9dbf92cc5c:group-D45F65F14AFE ConfigurationManager, init=-1: [488df63e-5a7b-4633-a6d8-bd9dbf92cc5c:192.168.5.134:40409], old=null, confs=<EMPTY_MAP>
2019-07-10 04:17:11,987 INFO  server.RaftServerConfigKeys (ConfUtils.java:logGet(43)) - raft.server.storage.dir = [/tmp/workdir/hadoop-ozone/tools/target/test-dir/MiniOzoneClusterImpl-c718534e-e39c-40bd-8c5e-6aea11dc1b4e/datanode-2/data/ratis] (custom)
2019-07-10 04:17:11,988 INFO  storage.RaftStorageDirectory (RaftStorageDirectory.java:analyzeStorage(246)) - The storage directory /tmp/workdir/hadoop-ozone/tools/target/test-dir/MiniOzoneClusterImpl-c718534e-e39c-40bd-8c5e-6aea11dc1b4e/datanode-2/data/ratis/1c988859-70f9-41a1-bfd3-d45f65f14afe does not exist. Creating ...
2019-07-10 04:17:11,996 INFO  storage.RaftStorageDirectory (RaftStorageDirectory.java:tryLock(328)) - Lock on /tmp/workdir/hadoop-ozone/tools/target/test-dir/MiniOzoneClusterImpl-c718534e-e39c-40bd-8c5e-6aea11dc1b4e/datanode-2/data/ratis/1c988859-70f9-41a1-bfd3-d45f65f14afe/in_use.lock acquired by nodename 22523@hdds1735-nrzhw-914446414
2019-07-10 04:17:11,999 INFO  storage.RaftStorage (RaftStorage.java:format(72)) - Storage directory /tmp/workdir/hadoop-ozone/tools/target/test-dir/MiniOzoneClusterImpl-c718534e-e39c-40bd-8c5e-6aea11dc1b4e/datanode-2/data/ratis/1c988859-70f9-41a1-bfd3-d45f65f14afe has been successfully formatted.
2019-07-10 04:17:12,001 INFO  ratis.ContainerStateMachine (ContainerStateMachine.java:loadSnapshot(198)) - The snapshot info is null.Setting the last applied index to:(t:0, i:~)
2019-07-10 04:17:12,002 INFO  server.RaftServerConfigKeys (ConfUtils.java:logGet(43)) - raft.server.leader.election.timeout = 120s (custom)
2019-07-10 04:17:12,002 INFO  server.RaftServerConfigKeys (ConfUtils.java:logGet(43)) - raft.server.log.use.memory = false (default)
2019-07-10 04:17:12,002 INFO  server.RaftServerConfigKeys (ConfUtils.java:logGet(43)) - raft.server.log.purge.gap = 1000000000 (custom)
2019-07-10 04:17:12,003 INFO  server.RaftServerConfigKeys (ConfUtils.java:logGet(43)) - raft.server.log.appender.buffer.byte-limit = 33554432 (custom)
2019-07-10 04:17:12,003 INFO  server.RaftServerConfigKeys (ConfUtils.java:logGet(43)) - raft.server.log.segment.size.max = 1048576 (custom)
2019-07-10 04:17:12,003 INFO  server.RaftServerConfigKeys (ConfUtils.java:logGet(43)) - raft.server.log.segment.cache.num.max = 2 (custom)
2019-07-10 04:17:12,003 INFO  segmented.SegmentedRaftLogWorker (SegmentedRaftLogWorker.java:<init>(172)) - new 488df63e-5a7b-4633-a6d8-bd9dbf92cc5c-SegmentedRaftLogWorker:Storage Directory /tmp/workdir/hadoop-ozone/tools/target/test-dir/MiniOzoneClusterImpl-c718534e-e39c-40bd-8c5e-6aea11dc1b4e/datanode-2/data/ratis/1c988859-70f9-41a1-bfd3-d45f65f14afe for RaftStorage:Storage Directory /tmp/workdir/hadoop-ozone/tools/target/test-dir/MiniOzoneClusterImpl-c718534e-e39c-40bd-8c5e-6aea11dc1b4e/datanode-2/data/ratis/1c988859-70f9-41a1-bfd3-d45f65f14afe
2019-07-10 04:17:12,005 INFO  server.RaftServerConfigKeys (ConfUtils.java:logGet(43)) - raft.server.log.queue.byte-limit = 2147483647 (custom)
2019-07-10 04:17:12,005 INFO  server.RaftServerConfigKeys (ConfUtils.java:logGet(43)) - raft.server.log.queue.element-limit = 1024 (custom)
2019-07-10 04:17:12,005 INFO  server.RaftServerConfigKeys (ConfUtils.java:logGet(43)) - raft.server.log.segment.size.max = 1048576 (custom)
2019-07-10 04:17:12,006 INFO  server.RaftServerConfigKeys (ConfUtils.java:logGet(43)) - raft.server.log.preallocated.size = 16384 (custom)
2019-07-10 04:17:12,006 INFO  server.RaftServerConfigKeys (ConfUtils.java:logGet(43)) - raft.server.log.write.buffer.size = 33554432 (custom)
2019-07-10 04:17:12,006 INFO  server.RaftServerConfigKeys (ConfUtils.java:logGet(43)) - raft.server.log.force.sync.num = 128 (default)
2019-07-10 04:17:12,006 INFO  server.RaftServerConfigKeys (ConfUtils.java:logGet(43)) - raft.server.log.statemachine.data.sync = true (default)
2019-07-10 04:17:12,007 INFO  server.RaftServerConfigKeys (ConfUtils.java:logGet(43)) - raft.server.log.statemachine.data.sync.timeout = 10s (default)
2019-07-10 04:17:12,007 INFO  server.RaftServerConfigKeys (ConfUtils.java:logGet(43)) - raft.server.log.statemachine.data.sync.timeout.retry = -1 (default)
2019-07-10 04:17:12,007 INFO  server.RaftServerConfigKeys (ConfUtils.java:logGet(43)) - raft.server.log.statemachine.data.caching.enabled = true (custom)
2019-07-10 04:17:12,008 INFO  segmented.SegmentedRaftLogWorker (SegmentedRaftLogWorker.java:lambda$new$0(132)) - 488df63e-5a7b-4633-a6d8-bd9dbf92cc5c-SegmentedRaftLogWorker:Storage Directory /tmp/workdir/hadoop-ozone/tools/target/test-dir/MiniOzoneClusterImpl-c718534e-e39c-40bd-8c5e-6aea11dc1b4e/datanode-2/data/ratis/1c988859-70f9-41a1-bfd3-d45f65f14afe: flushIndex: setUnconditionally 0 -> -1
2019-07-10 04:17:12,008 INFO  server.RaftServerConfigKeys (ConfUtils.java:logGet(43)) - raft.server.snapshot.auto.trigger.enabled = true (custom)
2019-07-10 04:17:12,009 INFO  server.RaftServerConfigKeys (ConfUtils.java:logGet(43)) - raft.server.snapshot.auto.trigger.threshold = 10000 (custom)
2019-07-10 04:17:12,009 INFO  server.RaftServerConfigKeys (ConfUtils.java:logGet(43)) - raft.server.retrycache.expirytime = 600000ms (custom)
2019-07-10 04:17:12,009 INFO  impl.RaftServerImpl (RaftServerImpl.java:start(180)) - 488df63e-5a7b-4633-a6d8-bd9dbf92cc5c: start group-D45F65F14AFE
2019-07-10 04:17:12,009 INFO  impl.RaftServerImpl (RaftServerImpl.java:setRole(171)) - 488df63e-5a7b-4633-a6d8-bd9dbf92cc5c:group-D45F65F14AFE changes role from null to FOLLOWER at term 0 for startAsFollower
2019-07-10 04:17:12,010 INFO  impl.RoleInfo (RoleInfo.java:updateAndGet(143)) - 488df63e-5a7b-4633-a6d8-bd9dbf92cc5c: start FollowerState
2019-07-10 04:17:12,011 INFO  util.JmxRegister (JmxRegister.java:tryRegister(44)) - Successfully registered JMX Bean with object name Ratis:service=RaftServer,group=group-D45F65F14AFE,id=488df63e-5a7b-4633-a6d8-bd9dbf92cc5c
2019-07-10 04:17:12,022 INFO  pipeline.PipelineStateManager (PipelineStateManager.java:addPipeline(56)) - Created pipeline Pipeline[ Id: 1c988859-70f9-41a1-bfd3-d45f65f14afe, Nodes: 488df63e-5a7b-4633-a6d8-bd9dbf92cc5c{ip: 192.168.5.134, host: hdds1735-nrzhw-914446414, networkLocation: /default-rack, certSerialId: null}, Type:RATIS, Factor:ONE, State:OPEN]
2019-07-10 04:17:12,043 INFO  impl.RaftServerProxy (RaftServerProxy.java:addNew(89)) - 4b9b847c-3cea-429d-a230-6bc1b9644d9a: addNew group-5A5AFBE0C483:[4b9b847c-3cea-429d-a230-6bc1b9644d9a:192.168.5.134:35404] returns group-5A5AFBE0C483:java.util.concurrent.CompletableFuture@54a6703[Not completed]
2019-07-10 04:17:12,047 INFO  impl.RaftServerImpl (RaftServerImpl.java:<init>(93)) - 4b9b847c-3cea-429d-a230-6bc1b9644d9a: new RaftServerImpl for group-5A5AFBE0C483:[4b9b847c-3cea-429d-a230-6bc1b9644d9a:192.168.5.134:35404] with ContainerStateMachine:uninitialized
2019-07-10 04:17:12,048 INFO  server.RaftServerConfigKeys (ConfUtils.java:logGet(43)) - raft.server.rpc.timeout.min = 1s (custom)
2019-07-10 04:17:12,049 INFO  server.RaftServerConfigKeys (ConfUtils.java:logGet(43)) - raft.server.rpc.timeout.max = 1200ms (custom)
2019-07-10 04:17:12,049 INFO  server.RaftServerConfigKeys (ConfUtils.java:logGet(43)) - raft.server.rpcslowness.timeout = 120s (custom)
2019-07-10 04:17:12,049 INFO  server.RaftServerConfigKeys (ConfUtils.java:logGet(43)) - raft.server.sleep.deviation.threshold = 300 (default)
2019-07-10 04:17:12,049 INFO  server.RaftServerConfigKeys (ConfUtils.java:logGet(43)) - raft.server.log.appender.install.snapshot.enabled = false (custom)
2019-07-10 04:17:12,049 INFO  impl.RaftServerImpl (ServerState.java:<init>(105)) - 4b9b847c-3cea-429d-a230-6bc1b9644d9a:group-5A5AFBE0C483 ConfigurationManager, init=-1: [4b9b847c-3cea-429d-a230-6bc1b9644d9a:192.168.5.134:35404], old=null, confs=<EMPTY_MAP>
2019-07-10 04:17:12,050 INFO  server.RaftServerConfigKeys (ConfUtils.java:logGet(43)) - raft.server.storage.dir = [/tmp/workdir/hadoop-ozone/tools/target/test-dir/MiniOzoneClusterImpl-c718534e-e39c-40bd-8c5e-6aea11dc1b4e/datanode-1/data/ratis] (custom)
2019-07-10 04:17:12,050 INFO  storage.RaftStorageDirectory (RaftStorageDirectory.java:analyzeStorage(246)) - The storage directory /tmp/workdir/hadoop-ozone/tools/target/test-dir/MiniOzoneClusterImpl-c718534e-e39c-40bd-8c5e-6aea11dc1b4e/datanode-1/data/ratis/30931ae4-8655-446c-af54-5a5afbe0c483 does not exist. Creating ...
2019-07-10 04:17:12,056 INFO  storage.RaftStorageDirectory (RaftStorageDirectory.java:tryLock(328)) - Lock on /tmp/workdir/hadoop-ozone/tools/target/test-dir/MiniOzoneClusterImpl-c718534e-e39c-40bd-8c5e-6aea11dc1b4e/datanode-1/data/ratis/30931ae4-8655-446c-af54-5a5afbe0c483/in_use.lock acquired by nodename 22523@hdds1735-nrzhw-914446414
2019-07-10 04:17:12,060 INFO  storage.RaftStorage (RaftStorage.java:format(72)) - Storage directory /tmp/workdir/hadoop-ozone/tools/target/test-dir/MiniOzoneClusterImpl-c718534e-e39c-40bd-8c5e-6aea11dc1b4e/datanode-1/data/ratis/30931ae4-8655-446c-af54-5a5afbe0c483 has been successfully formatted.
2019-07-10 04:17:12,060 INFO  ratis.ContainerStateMachine (ContainerStateMachine.java:loadSnapshot(198)) - The snapshot info is null.Setting the last applied index to:(t:0, i:~)
2019-07-10 04:17:12,060 INFO  server.RaftServerConfigKeys (ConfUtils.java:logGet(43)) - raft.server.leader.election.timeout = 120s (custom)
2019-07-10 04:17:12,060 INFO  server.RaftServerConfigKeys (ConfUtils.java:logGet(43)) - raft.server.log.use.memory = false (default)
2019-07-10 04:17:12,061 INFO  server.RaftServerConfigKeys (ConfUtils.java:logGet(43)) - raft.server.log.purge.gap = 1000000000 (custom)
2019-07-10 04:17:12,061 INFO  server.RaftServerConfigKeys (ConfUtils.java:logGet(43)) - raft.server.log.appender.buffer.byte-limit = 33554432 (custom)
2019-07-10 04:17:12,061 INFO  server.RaftServerConfigKeys (ConfUtils.java:logGet(43)) - raft.server.log.segment.size.max = 1048576 (custom)
2019-07-10 04:17:12,061 INFO  server.RaftServerConfigKeys (ConfUtils.java:logGet(43)) - raft.server.log.segment.cache.num.max = 2 (custom)
2019-07-10 04:17:12,061 INFO  segmented.SegmentedRaftLogWorker (SegmentedRaftLogWorker.java:<init>(172)) - new 4b9b847c-3cea-429d-a230-6bc1b9644d9a-SegmentedRaftLogWorker:Storage Directory /tmp/workdir/hadoop-ozone/tools/target/test-dir/MiniOzoneClusterImpl-c718534e-e39c-40bd-8c5e-6aea11dc1b4e/datanode-1/data/ratis/30931ae4-8655-446c-af54-5a5afbe0c483 for RaftStorage:Storage Directory /tmp/workdir/hadoop-ozone/tools/target/test-dir/MiniOzoneClusterImpl-c718534e-e39c-40bd-8c5e-6aea11dc1b4e/datanode-1/data/ratis/30931ae4-8655-446c-af54-5a5afbe0c483
2019-07-10 04:17:12,062 INFO  server.RaftServerConfigKeys (ConfUtils.java:logGet(43)) - raft.server.log.queue.byte-limit = 2147483647 (custom)
2019-07-10 04:17:12,062 INFO  server.RaftServerConfigKeys (ConfUtils.java:logGet(43)) - raft.server.log.queue.element-limit = 1024 (custom)
2019-07-10 04:17:12,062 INFO  server.RaftServerConfigKeys (ConfUtils.java:logGet(43)) - raft.server.log.segment.size.max = 1048576 (custom)
2019-07-10 04:17:12,062 INFO  server.RaftServerConfigKeys (ConfUtils.java:logGet(43)) - raft.server.log.preallocated.size = 16384 (custom)
2019-07-10 04:17:12,063 INFO  server.RaftServerConfigKeys (ConfUtils.java:logGet(43)) - raft.server.log.write.buffer.size = 33554432 (custom)
2019-07-10 04:17:12,063 INFO  server.RaftServerConfigKeys (ConfUtils.java:logGet(43)) - raft.server.log.force.sync.num = 128 (default)
2019-07-10 04:17:12,063 INFO  server.RaftServerConfigKeys (ConfUtils.java:logGet(43)) - raft.server.log.statemachine.data.sync = true (default)
2019-07-10 04:17:12,063 INFO  server.RaftServerConfigKeys (ConfUtils.java:logGet(43)) - raft.server.log.statemachine.data.sync.timeout = 10s (default)
2019-07-10 04:17:12,064 INFO  server.RaftServerConfigKeys (ConfUtils.java:logGet(43)) - raft.server.log.statemachine.data.sync.timeout.retry = -1 (default)
2019-07-10 04:17:12,064 INFO  server.RaftServerConfigKeys (ConfUtils.java:logGet(43)) - raft.server.log.statemachine.data.caching.enabled = true (custom)
2019-07-10 04:17:12,064 INFO  segmented.SegmentedRaftLogWorker (SegmentedRaftLogWorker.java:lambda$new$0(132)) - 4b9b847c-3cea-429d-a230-6bc1b9644d9a-SegmentedRaftLogWorker:Storage Directory /tmp/workdir/hadoop-ozone/tools/target/test-dir/MiniOzoneClusterImpl-c718534e-e39c-40bd-8c5e-6aea11dc1b4e/datanode-1/data/ratis/30931ae4-8655-446c-af54-5a5afbe0c483: flushIndex: setUnconditionally 0 -> -1
2019-07-10 04:17:12,065 INFO  server.RaftServerConfigKeys (ConfUtils.java:logGet(43)) - raft.server.snapshot.auto.trigger.enabled = true (custom)
2019-07-10 04:17:12,065 INFO  server.RaftServerConfigKeys (ConfUtils.java:logGet(43)) - raft.server.snapshot.auto.trigger.threshold = 10000 (custom)
2019-07-10 04:17:12,065 INFO  server.RaftServerConfigKeys (ConfUtils.java:logGet(43)) - raft.server.retrycache.expirytime = 600000ms (custom)
2019-07-10 04:17:12,066 INFO  impl.RaftServerImpl (RaftServerImpl.java:start(180)) - 4b9b847c-3cea-429d-a230-6bc1b9644d9a: start group-5A5AFBE0C483
2019-07-10 04:17:12,066 INFO  impl.RaftServerImpl (RaftServerImpl.java:setRole(171)) - 4b9b847c-3cea-429d-a230-6bc1b9644d9a:group-5A5AFBE0C483 changes role from null to FOLLOWER at term 0 for startAsFollower
2019-07-10 04:17:12,066 INFO  impl.RoleInfo (RoleInfo.java:updateAndGet(143)) - 4b9b847c-3cea-429d-a230-6bc1b9644d9a: start FollowerState
2019-07-10 04:17:12,067 INFO  util.JmxRegister (JmxRegister.java:tryRegister(44)) - Successfully registered JMX Bean with object name Ratis:service=RaftServer,group=group-5A5AFBE0C483,id=4b9b847c-3cea-429d-a230-6bc1b9644d9a
2019-07-10 04:17:12,079 INFO  pipeline.PipelineStateManager (PipelineStateManager.java:addPipeline(56)) - Created pipeline Pipeline[ Id: 30931ae4-8655-446c-af54-5a5afbe0c483, Nodes: 4b9b847c-3cea-429d-a230-6bc1b9644d9a{ip: 192.168.5.134, host: hdds1735-nrzhw-914446414, networkLocation: /default-rack, certSerialId: null}, Type:RATIS, Factor:ONE, State:OPEN]
2019-07-10 04:17:12,118 INFO  impl.RaftServerProxy (RaftServerProxy.java:addNew(89)) - 488df63e-5a7b-4633-a6d8-bd9dbf92cc5c: addNew group-B1E67A06F9A6:[488df63e-5a7b-4633-a6d8-bd9dbf92cc5c:192.168.5.134:40409, 3ac23d3a-991f-42cc-b509-bf77e9ee0512:192.168.5.134:33848, 4b9b847c-3cea-429d-a230-6bc1b9644d9a:192.168.5.134:35404] returns group-B1E67A06F9A6:java.util.concurrent.CompletableFuture@148cd374[Not completed]
2019-07-10 04:17:12,118 INFO  impl.RaftServerProxy (RaftServerProxy.java:addNew(89)) - 3ac23d3a-991f-42cc-b509-bf77e9ee0512: addNew group-B1E67A06F9A6:[488df63e-5a7b-4633-a6d8-bd9dbf92cc5c:192.168.5.134:40409, 3ac23d3a-991f-42cc-b509-bf77e9ee0512:192.168.5.134:33848, 4b9b847c-3cea-429d-a230-6bc1b9644d9a:192.168.5.134:35404] returns group-B1E67A06F9A6:java.util.concurrent.CompletableFuture@38598987[Not completed]
2019-07-10 04:17:12,121 INFO  impl.RaftServerImpl (RaftServerImpl.java:<init>(93)) - 488df63e-5a7b-4633-a6d8-bd9dbf92cc5c: new RaftServerImpl for group-B1E67A06F9A6:[488df63e-5a7b-4633-a6d8-bd9dbf92cc5c:192.168.5.134:40409, 3ac23d3a-991f-42cc-b509-bf77e9ee0512:192.168.5.134:33848, 4b9b847c-3cea-429d-a230-6bc1b9644d9a:192.168.5.134:35404] with ContainerStateMachine:uninitialized
2019-07-10 04:17:12,122 INFO  server.RaftServerConfigKeys (ConfUtils.java:logGet(43)) - raft.server.rpc.timeout.min = 1s (custom)
2019-07-10 04:17:12,123 INFO  server.RaftServerConfigKeys (ConfUtils.java:logGet(43)) - raft.server.rpc.timeout.max = 1200ms (custom)
2019-07-10 04:17:12,123 INFO  server.RaftServerConfigKeys (ConfUtils.java:logGet(43)) - raft.server.rpcslowness.timeout = 120s (custom)
2019-07-10 04:17:12,123 INFO  impl.RaftServerProxy (RaftServerProxy.java:addNew(89)) - 4b9b847c-3cea-429d-a230-6bc1b9644d9a: addNew group-B1E67A06F9A6:[488df63e-5a7b-4633-a6d8-bd9dbf92cc5c:192.168.5.134:40409, 3ac23d3a-991f-42cc-b509-bf77e9ee0512:192.168.5.134:33848, 4b9b847c-3cea-429d-a230-6bc1b9644d9a:192.168.5.134:35404] returns group-B1E67A06F9A6:java.util.concurrent.CompletableFuture@7d5b10e8[Not completed]
2019-07-10 04:17:12,123 INFO  impl.RaftServerImpl (RaftServerImpl.java:<init>(93)) - 3ac23d3a-991f-42cc-b509-bf77e9ee0512: new RaftServerImpl for group-B1E67A06F9A6:[488df63e-5a7b-4633-a6d8-bd9dbf92cc5c:192.168.5.134:40409, 3ac23d3a-991f-42cc-b509-bf77e9ee0512:192.168.5.134:33848, 4b9b847c-3cea-429d-a230-6bc1b9644d9a:192.168.5.134:35404] with ContainerStateMachine:uninitialized
2019-07-10 04:17:12,123 INFO  server.RaftServerConfigKeys (ConfUtils.java:logGet(43)) - raft.server.sleep.deviation.threshold = 300 (default)
2019-07-10 04:17:12,124 INFO  server.RaftServerConfigKeys (ConfUtils.java:logGet(43)) - raft.server.rpc.timeout.min = 1s (custom)
2019-07-10 04:17:12,124 INFO  server.RaftServerConfigKeys (ConfUtils.java:logGet(43)) - raft.server.log.appender.install.snapshot.enabled = false (custom)
2019-07-10 04:17:12,124 INFO  server.RaftServerConfigKeys (ConfUtils.java:logGet(43)) - raft.server.rpc.timeout.max = 1200ms (custom)
2019-07-10 04:17:12,124 INFO  impl.RaftServerImpl (RaftServerImpl.java:<init>(93)) - 4b9b847c-3cea-429d-a230-6bc1b9644d9a: new RaftServerImpl for group-B1E67A06F9A6:[488df63e-5a7b-4633-a6d8-bd9dbf92cc5c:192.168.5.134:40409, 3ac23d3a-991f-42cc-b509-bf77e9ee0512:192.168.5.134:33848, 4b9b847c-3cea-429d-a230-6bc1b9644d9a:192.168.5.134:35404] with ContainerStateMachine:uninitialized
2019-07-10 04:17:12,124 INFO  impl.RaftServerImpl (ServerState.java:<init>(105)) - 488df63e-5a7b-4633-a6d8-bd9dbf92cc5c:group-B1E67A06F9A6 ConfigurationManager, init=-1: [488df63e-5a7b-4633-a6d8-bd9dbf92cc5c:192.168.5.134:40409, 3ac23d3a-991f-42cc-b509-bf77e9ee0512:192.168.5.134:33848, 4b9b847c-3cea-429d-a230-6bc1b9644d9a:192.168.5.134:35404], old=null, confs=<EMPTY_MAP>
2019-07-10 04:17:12,125 INFO  server.RaftServerConfigKeys (ConfUtils.java:logGet(43)) - raft.server.rpc.timeout.min = 1s (custom)
2019-07-10 04:17:12,125 INFO  server.RaftServerConfigKeys (ConfUtils.java:logGet(43)) - raft.server.storage.dir = [/tmp/workdir/hadoop-ozone/tools/target/test-dir/MiniOzoneClusterImpl-c718534e-e39c-40bd-8c5e-6aea11dc1b4e/datanode-2/data/ratis] (custom)
2019-07-10 04:17:12,125 INFO  server.RaftServerConfigKeys (ConfUtils.java:logGet(43)) - raft.server.rpcslowness.timeout = 120s (custom)
2019-07-10 04:17:12,125 INFO  server.RaftServerConfigKeys (ConfUtils.java:logGet(43)) - raft.server.rpc.timeout.max = 1200ms (custom)
2019-07-10 04:17:12,125 INFO  server.RaftServerConfigKeys (ConfUtils.java:logGet(43)) - raft.server.sleep.deviation.threshold = 300 (default)
2019-07-10 04:17:12,126 INFO  server.RaftServerConfigKeys (ConfUtils.java:logGet(43)) - raft.server.rpcslowness.timeout = 120s (custom)
2019-07-10 04:17:12,126 INFO  storage.RaftStorageDirectory (RaftStorageDirectory.java:analyzeStorage(246)) - The storage directory /tmp/workdir/hadoop-ozone/tools/target/test-dir/MiniOzoneClusterImpl-c718534e-e39c-40bd-8c5e-6aea11dc1b4e/datanode-2/data/ratis/32431701-372e-4e9b-b296-b1e67a06f9a6 does not exist. Creating ...
2019-07-10 04:17:12,126 INFO  server.RaftServerConfigKeys (ConfUtils.java:logGet(43)) - raft.server.sleep.deviation.threshold = 300 (default)
2019-07-10 04:17:12,126 INFO  server.RaftServerConfigKeys (ConfUtils.java:logGet(43)) - raft.server.log.appender.install.snapshot.enabled = false (custom)
2019-07-10 04:17:12,126 INFO  server.RaftServerConfigKeys (ConfUtils.java:logGet(43)) - raft.server.log.appender.install.snapshot.enabled = false (custom)
2019-07-10 04:17:12,127 INFO  impl.RaftServerImpl (ServerState.java:<init>(105)) - 3ac23d3a-991f-42cc-b509-bf77e9ee0512:group-B1E67A06F9A6 ConfigurationManager, init=-1: [488df63e-5a7b-4633-a6d8-bd9dbf92cc5c:192.168.5.134:40409, 3ac23d3a-991f-42cc-b509-bf77e9ee0512:192.168.5.134:33848, 4b9b847c-3cea-429d-a230-6bc1b9644d9a:192.168.5.134:35404], old=null, confs=<EMPTY_MAP>
2019-07-10 04:17:12,127 INFO  impl.RaftServerImpl (ServerState.java:<init>(105)) - 4b9b847c-3cea-429d-a230-6bc1b9644d9a:group-B1E67A06F9A6 ConfigurationManager, init=-1: [488df63e-5a7b-4633-a6d8-bd9dbf92cc5c:192.168.5.134:40409, 3ac23d3a-991f-42cc-b509-bf77e9ee0512:192.168.5.134:33848, 4b9b847c-3cea-429d-a230-6bc1b9644d9a:192.168.5.134:35404], old=null, confs=<EMPTY_MAP>
2019-07-10 04:17:12,127 INFO  server.RaftServerConfigKeys (ConfUtils.java:logGet(43)) - raft.server.storage.dir = [/tmp/workdir/hadoop-ozone/tools/target/test-dir/MiniOzoneClusterImpl-c718534e-e39c-40bd-8c5e-6aea11dc1b4e/datanode-0/data/ratis] (custom)
2019-07-10 04:17:12,127 INFO  server.RaftServerConfigKeys (ConfUtils.java:logGet(43)) - raft.server.storage.dir = [/tmp/workdir/hadoop-ozone/tools/target/test-dir/MiniOzoneClusterImpl-c718534e-e39c-40bd-8c5e-6aea11dc1b4e/datanode-1/data/ratis] (custom)
2019-07-10 04:17:12,128 INFO  storage.RaftStorageDirectory (RaftStorageDirectory.java:analyzeStorage(246)) - The storage directory /tmp/workdir/hadoop-ozone/tools/target/test-dir/MiniOzoneClusterImpl-c718534e-e39c-40bd-8c5e-6aea11dc1b4e/datanode-0/data/ratis/32431701-372e-4e9b-b296-b1e67a06f9a6 does not exist. Creating ...
2019-07-10 04:17:12,128 INFO  storage.RaftStorageDirectory (RaftStorageDirectory.java:analyzeStorage(246)) - The storage directory /tmp/workdir/hadoop-ozone/tools/target/test-dir/MiniOzoneClusterImpl-c718534e-e39c-40bd-8c5e-6aea11dc1b4e/datanode-1/data/ratis/32431701-372e-4e9b-b296-b1e67a06f9a6 does not exist. Creating ...
2019-07-10 04:17:12,141 INFO  storage.RaftStorageDirectory (RaftStorageDirectory.java:tryLock(328)) - Lock on /tmp/workdir/hadoop-ozone/tools/target/test-dir/MiniOzoneClusterImpl-c718534e-e39c-40bd-8c5e-6aea11dc1b4e/datanode-0/data/ratis/32431701-372e-4e9b-b296-b1e67a06f9a6/in_use.lock acquired by nodename 22523@hdds1735-nrzhw-914446414
2019-07-10 04:17:12,141 INFO  storage.RaftStorageDirectory (RaftStorageDirectory.java:tryLock(328)) - Lock on /tmp/workdir/hadoop-ozone/tools/target/test-dir/MiniOzoneClusterImpl-c718534e-e39c-40bd-8c5e-6aea11dc1b4e/datanode-2/data/ratis/32431701-372e-4e9b-b296-b1e67a06f9a6/in_use.lock acquired by nodename 22523@hdds1735-nrzhw-914446414
2019-07-10 04:17:12,141 INFO  storage.RaftStorageDirectory (RaftStorageDirectory.java:tryLock(328)) - Lock on /tmp/workdir/hadoop-ozone/tools/target/test-dir/MiniOzoneClusterImpl-c718534e-e39c-40bd-8c5e-6aea11dc1b4e/datanode-1/data/ratis/32431701-372e-4e9b-b296-b1e67a06f9a6/in_use.lock acquired by nodename 22523@hdds1735-nrzhw-914446414
2019-07-10 04:17:12,157 INFO  storage.RaftStorage (RaftStorage.java:format(72)) - Storage directory /tmp/workdir/hadoop-ozone/tools/target/test-dir/MiniOzoneClusterImpl-c718534e-e39c-40bd-8c5e-6aea11dc1b4e/datanode-1/data/ratis/32431701-372e-4e9b-b296-b1e67a06f9a6 has been successfully formatted.
2019-07-10 04:17:12,157 INFO  storage.RaftStorage (RaftStorage.java:format(72)) - Storage directory /tmp/workdir/hadoop-ozone/tools/target/test-dir/MiniOzoneClusterImpl-c718534e-e39c-40bd-8c5e-6aea11dc1b4e/datanode-0/data/ratis/32431701-372e-4e9b-b296-b1e67a06f9a6 has been successfully formatted.
2019-07-10 04:17:12,157 INFO  storage.RaftStorage (RaftStorage.java:format(72)) - Storage directory /tmp/workdir/hadoop-ozone/tools/target/test-dir/MiniOzoneClusterImpl-c718534e-e39c-40bd-8c5e-6aea11dc1b4e/datanode-2/data/ratis/32431701-372e-4e9b-b296-b1e67a06f9a6 has been successfully formatted.
2019-07-10 04:17:12,157 INFO  ratis.ContainerStateMachine (ContainerStateMachine.java:loadSnapshot(198)) - The snapshot info is null.Setting the last applied index to:(t:0, i:~)
2019-07-10 04:17:12,157 INFO  ratis.ContainerStateMachine (ContainerStateMachine.java:loadSnapshot(198)) - The snapshot info is null.Setting the last applied index to:(t:0, i:~)
2019-07-10 04:17:12,157 INFO  ratis.ContainerStateMachine (ContainerStateMachine.java:loadSnapshot(198)) - The snapshot info is null.Setting the last applied index to:(t:0, i:~)
2019-07-10 04:17:12,158 INFO  server.RaftServerConfigKeys (ConfUtils.java:logGet(43)) - raft.server.leader.election.timeout = 120s (custom)
2019-07-10 04:17:12,157 INFO  server.RaftServerConfigKeys (ConfUtils.java:logGet(43)) - raft.server.leader.election.timeout = 120s (custom)
2019-07-10 04:17:12,158 INFO  server.RaftServerConfigKeys (ConfUtils.java:logGet(43)) - raft.server.log.use.memory = false (default)
2019-07-10 04:17:12,158 INFO  server.RaftServerConfigKeys (ConfUtils.java:logGet(43)) - raft.server.leader.election.timeout = 120s (custom)
2019-07-10 04:17:12,158 INFO  server.RaftServerConfigKeys (ConfUtils.java:logGet(43)) - raft.server.log.purge.gap = 1000000000 (custom)
2019-07-10 04:17:12,158 INFO  server.RaftServerConfigKeys (ConfUtils.java:logGet(43)) - raft.server.log.use.memory = false (default)
2019-07-10 04:17:12,159 INFO  server.RaftServerConfigKeys (ConfUtils.java:logGet(43)) - raft.server.log.appender.buffer.byte-limit = 33554432 (custom)
2019-07-10 04:17:12,158 INFO  server.RaftServerConfigKeys (ConfUtils.java:logGet(43)) - raft.server.log.use.memory = false (default)
2019-07-10 04:17:12,159 INFO  server.RaftServerConfigKeys (ConfUtils.java:logGet(43)) - raft.server.log.segment.size.max = 1048576 (custom)
2019-07-10 04:17:12,159 INFO  server.RaftServerConfigKeys (ConfUtils.java:logGet(43)) - raft.server.log.purge.gap = 1000000000 (custom)
2019-07-10 04:17:12,159 INFO  server.RaftServerConfigKeys (ConfUtils.java:logGet(43)) - raft.server.log.segment.cache.num.max = 2 (custom)
2019-07-10 04:17:12,159 INFO  server.RaftServerConfigKeys (ConfUtils.java:logGet(43)) - raft.server.log.purge.gap = 1000000000 (custom)
2019-07-10 04:17:12,160 INFO  segmented.SegmentedRaftLogWorker (SegmentedRaftLogWorker.java:<init>(172)) - new 488df63e-5a7b-4633-a6d8-bd9dbf92cc5c-SegmentedRaftLogWorker:Storage Directory /tmp/workdir/hadoop-ozone/tools/target/test-dir/MiniOzoneClusterImpl-c718534e-e39c-40bd-8c5e-6aea11dc1b4e/datanode-2/data/ratis/32431701-372e-4e9b-b296-b1e67a06f9a6 for RaftStorage:Storage Directory /tmp/workdir/hadoop-ozone/tools/target/test-dir/MiniOzoneClusterImpl-c718534e-e39c-40bd-8c5e-6aea11dc1b4e/datanode-2/data/ratis/32431701-372e-4e9b-b296-b1e67a06f9a6
2019-07-10 04:17:12,159 INFO  server.RaftServerConfigKeys (ConfUtils.java:logGet(43)) - raft.server.log.appender.buffer.byte-limit = 33554432 (custom)
2019-07-10 04:17:12,160 INFO  server.RaftServerConfigKeys (ConfUtils.java:logGet(43)) - raft.server.log.queue.byte-limit = 2147483647 (custom)
2019-07-10 04:17:12,160 INFO  server.RaftServerConfigKeys (ConfUtils.java:logGet(43)) - raft.server.log.appender.buffer.byte-limit = 33554432 (custom)
2019-07-10 04:17:12,161 INFO  server.RaftServerConfigKeys (ConfUtils.java:logGet(43)) - raft.server.log.queue.element-limit = 1024 (custom)
2019-07-10 04:17:12,160 INFO  server.RaftServerConfigKeys (ConfUtils.java:logGet(43)) - raft.server.log.segment.size.max = 1048576 (custom)
2019-07-10 04:17:12,162 INFO  server.RaftServerConfigKeys (ConfUtils.java:logGet(43)) - raft.server.log.segment.size.max = 1048576 (custom)
2019-07-10 04:17:12,162 INFO  server.RaftServerConfigKeys (ConfUtils.java:logGet(43)) - raft.server.log.segment.size.max = 1048576 (custom)
2019-07-10 04:17:12,162 INFO  server.RaftServerConfigKeys (ConfUtils.java:logGet(43)) - raft.server.log.preallocated.size = 16384 (custom)
2019-07-10 04:17:12,162 INFO  server.RaftServerConfigKeys (ConfUtils.java:logGet(43)) - raft.server.log.segment.cache.num.max = 2 (custom)
2019-07-10 04:17:12,163 INFO  server.RaftServerConfigKeys (ConfUtils.java:logGet(43)) - raft.server.log.write.buffer.size = 33554432 (custom)
2019-07-10 04:17:12,162 INFO  server.RaftServerConfigKeys (ConfUtils.java:logGet(43)) - raft.server.log.segment.cache.num.max = 2 (custom)
2019-07-10 04:17:12,163 INFO  server.RaftServerConfigKeys (ConfUtils.java:logGet(43)) - raft.server.log.force.sync.num = 128 (default)
2019-07-10 04:17:12,163 INFO  segmented.SegmentedRaftLogWorker (SegmentedRaftLogWorker.java:<init>(172)) - new 3ac23d3a-991f-42cc-b509-bf77e9ee0512-SegmentedRaftLogWorker:Storage Directory /tmp/workdir/hadoop-ozone/tools/target/test-dir/MiniOzoneClusterImpl-c718534e-e39c-40bd-8c5e-6aea11dc1b4e/datanode-0/data/ratis/32431701-372e-4e9b-b296-b1e67a06f9a6 for RaftStorage:Storage Directory /tmp/workdir/hadoop-ozone/tools/target/test-dir/MiniOzoneClusterImpl-c718534e-e39c-40bd-8c5e-6aea11dc1b4e/datanode-0/data/ratis/32431701-372e-4e9b-b296-b1e67a06f9a6
2019-07-10 04:17:12,163 INFO  server.RaftServerConfigKeys (ConfUtils.java:logGet(43)) - raft.server.log.statemachine.data.sync = true (default)
2019-07-10 04:17:12,163 INFO  segmented.SegmentedRaftLogWorker (SegmentedRaftLogWorker.java:<init>(172)) - new 4b9b847c-3cea-429d-a230-6bc1b9644d9a-SegmentedRaftLogWorker:Storage Directory /tmp/workdir/hadoop-ozone/tools/target/test-dir/MiniOzoneClusterImpl-c718534e-e39c-40bd-8c5e-6aea11dc1b4e/datanode-1/data/ratis/32431701-372e-4e9b-b296-b1e67a06f9a6 for RaftStorage:Storage Directory /tmp/workdir/hadoop-ozone/tools/target/test-dir/MiniOzoneClusterImpl-c718534e-e39c-40bd-8c5e-6aea11dc1b4e/datanode-1/data/ratis/32431701-372e-4e9b-b296-b1e67a06f9a6
2019-07-10 04:17:12,165 INFO  server.RaftServerConfigKeys (ConfUtils.java:logGet(43)) - raft.server.log.statemachine.data.sync.timeout = 10s (default)
2019-07-10 04:17:12,163 INFO  server.RaftServerConfigKeys (ConfUtils.java:logGet(43)) - raft.server.log.queue.byte-limit = 2147483647 (custom)
2019-07-10 04:17:12,166 INFO  server.RaftServerConfigKeys (ConfUtils.java:logGet(43)) - raft.server.log.statemachine.data.sync.timeout.retry = -1 (default)
2019-07-10 04:17:12,165 INFO  server.RaftServerConfigKeys (ConfUtils.java:logGet(43)) - raft.server.log.queue.byte-limit = 2147483647 (custom)
2019-07-10 04:17:12,167 INFO  server.RaftServerConfigKeys (ConfUtils.java:logGet(43)) - raft.server.log.statemachine.data.caching.enabled = true (custom)
2019-07-10 04:17:12,166 INFO  server.RaftServerConfigKeys (ConfUtils.java:logGet(43)) - raft.server.log.queue.element-limit = 1024 (custom)
2019-07-10 04:17:12,167 INFO  server.RaftServerConfigKeys (ConfUtils.java:logGet(43)) - raft.server.log.queue.element-limit = 1024 (custom)
2019-07-10 04:17:12,167 INFO  segmented.SegmentedRaftLogWorker (SegmentedRaftLogWorker.java:lambda$new$0(132)) - 488df63e-5a7b-4633-a6d8-bd9dbf92cc5c-SegmentedRaftLogWorker:Storage Directory /tmp/workdir/hadoop-ozone/tools/target/test-dir/MiniOzoneClusterImpl-c718534e-e39c-40bd-8c5e-6aea11dc1b4e/datanode-2/data/ratis/32431701-372e-4e9b-b296-b1e67a06f9a6: flushIndex: setUnconditionally 0 -> -1
2019-07-10 04:17:12,167 INFO  server.RaftServerConfigKeys (ConfUtils.java:logGet(43)) - raft.server.log.segment.size.max = 1048576 (custom)
2019-07-10 04:17:12,167 INFO  server.RaftServerConfigKeys (ConfUtils.java:logGet(43)) - raft.server.log.segment.size.max = 1048576 (custom)
2019-07-10 04:17:12,168 INFO  server.RaftServerConfigKeys (ConfUtils.java:logGet(43)) - raft.server.snapshot.auto.trigger.enabled = true (custom)
2019-07-10 04:17:12,168 INFO  server.RaftServerConfigKeys (ConfUtils.java:logGet(43)) - raft.server.log.preallocated.size = 16384 (custom)
2019-07-10 04:17:12,168 INFO  server.RaftServerConfigKeys (ConfUtils.java:logGet(43)) - raft.server.snapshot.auto.trigger.threshold = 10000 (custom)
2019-07-10 04:17:12,168 INFO  server.RaftServerConfigKeys (ConfUtils.java:logGet(43)) - raft.server.log.preallocated.size = 16384 (custom)
2019-07-10 04:17:12,168 INFO  server.RaftServerConfigKeys (ConfUtils.java:logGet(43)) - raft.server.retrycache.expirytime = 600000ms (custom)
2019-07-10 04:17:12,168 INFO  server.RaftServerConfigKeys (ConfUtils.java:logGet(43)) - raft.server.log.write.buffer.size = 33554432 (custom)
2019-07-10 04:17:12,169 INFO  server.RaftServerConfigKeys (ConfUtils.java:logGet(43)) - raft.server.log.write.buffer.size = 33554432 (custom)
2019-07-10 04:17:12,169 INFO  server.RaftServerConfigKeys (ConfUtils.java:logGet(43)) - raft.server.log.force.sync.num = 128 (default)
2019-07-10 04:17:12,169 INFO  impl.RaftServerImpl (RaftServerImpl.java:start(180)) - 488df63e-5a7b-4633-a6d8-bd9dbf92cc5c: start group-B1E67A06F9A6
2019-07-10 04:17:12,169 INFO  server.RaftServerConfigKeys (ConfUtils.java:logGet(43)) - raft.server.log.statemachine.data.sync = true (default)
2019-07-10 04:17:12,169 INFO  server.RaftServerConfigKeys (ConfUtils.java:logGet(43)) - raft.server.log.force.sync.num = 128 (default)
2019-07-10 04:17:12,170 INFO  server.RaftServerConfigKeys (ConfUtils.java:logGet(43)) - raft.server.log.statemachine.data.sync.timeout = 10s (default)
2019-07-10 04:17:12,169 INFO  impl.RaftServerImpl (RaftServerImpl.java:setRole(171)) - 488df63e-5a7b-4633-a6d8-bd9dbf92cc5c:group-B1E67A06F9A6 changes role from null to FOLLOWER at term 0 for startAsFollower
2019-07-10 04:17:12,170 INFO  server.RaftServerConfigKeys (ConfUtils.java:logGet(43)) - raft.server.log.statemachine.data.sync.timeout.retry = -1 (default)
2019-07-10 04:17:12,170 INFO  server.RaftServerConfigKeys (ConfUtils.java:logGet(43)) - raft.server.log.statemachine.data.sync = true (default)
2019-07-10 04:17:12,170 INFO  server.RaftServerConfigKeys (ConfUtils.java:logGet(43)) - raft.server.log.statemachine.data.caching.enabled = true (custom)
2019-07-10 04:17:12,170 INFO  impl.RoleInfo (RoleInfo.java:updateAndGet(143)) - 488df63e-5a7b-4633-a6d8-bd9dbf92cc5c: start FollowerState
2019-07-10 04:17:12,171 INFO  server.RaftServerConfigKeys (ConfUtils.java:logGet(43)) - raft.server.log.statemachine.data.sync.timeout = 10s (default)
2019-07-10 04:17:12,171 INFO  segmented.SegmentedRaftLogWorker (SegmentedRaftLogWorker.java:lambda$new$0(132)) - 3ac23d3a-991f-42cc-b509-bf77e9ee0512-SegmentedRaftLogWorker:Storage Directory /tmp/workdir/hadoop-ozone/tools/target/test-dir/MiniOzoneClusterImpl-c718534e-e39c-40bd-8c5e-6aea11dc1b4e/datanode-0/data/ratis/32431701-372e-4e9b-b296-b1e67a06f9a6: flushIndex: setUnconditionally 0 -> -1
2019-07-10 04:17:12,171 INFO  server.RaftServerConfigKeys (ConfUtils.java:logGet(43)) - raft.server.log.statemachine.data.sync.timeout.retry = -1 (default)
2019-07-10 04:17:12,171 INFO  util.JmxRegister (JmxRegister.java:tryRegister(44)) - Successfully registered JMX Bean with object name Ratis:service=RaftServer,group=group-B1E67A06F9A6,id=488df63e-5a7b-4633-a6d8-bd9dbf92cc5c
2019-07-10 04:17:12,172 INFO  server.RaftServerConfigKeys (ConfUtils.java:logGet(43)) - raft.server.log.statemachine.data.caching.enabled = true (custom)
2019-07-10 04:17:12,172 INFO  server.RaftServerConfigKeys (ConfUtils.java:logGet(43)) - raft.server.snapshot.auto.trigger.enabled = true (custom)
2019-07-10 04:17:12,172 INFO  server.RaftServerConfigKeys (ConfUtils.java:logGet(43)) - raft.server.snapshot.auto.trigger.threshold = 10000 (custom)
2019-07-10 04:17:12,172 INFO  segmented.SegmentedRaftLogWorker (SegmentedRaftLogWorker.java:lambda$new$0(132)) - 4b9b847c-3cea-429d-a230-6bc1b9644d9a-SegmentedRaftLogWorker:Storage Directory /tmp/workdir/hadoop-ozone/tools/target/test-dir/MiniOzoneClusterImpl-c718534e-e39c-40bd-8c5e-6aea11dc1b4e/datanode-1/data/ratis/32431701-372e-4e9b-b296-b1e67a06f9a6: flushIndex: setUnconditionally 0 -> -1
2019-07-10 04:17:12,172 INFO  server.RaftServerConfigKeys (ConfUtils.java:logGet(43)) - raft.server.retrycache.expirytime = 600000ms (custom)
2019-07-10 04:17:12,173 INFO  server.RaftServerConfigKeys (ConfUtils.java:logGet(43)) - raft.server.snapshot.auto.trigger.enabled = true (custom)
2019-07-10 04:17:12,173 INFO  impl.RaftServerImpl (RaftServerImpl.java:start(180)) - 3ac23d3a-991f-42cc-b509-bf77e9ee0512: start group-B1E67A06F9A6
2019-07-10 04:17:12,174 INFO  server.RaftServerConfigKeys (ConfUtils.java:logGet(43)) - raft.server.snapshot.auto.trigger.threshold = 10000 (custom)
2019-07-10 04:17:12,174 INFO  impl.RaftServerImpl (RaftServerImpl.java:setRole(171)) - 3ac23d3a-991f-42cc-b509-bf77e9ee0512:group-B1E67A06F9A6 changes role from null to FOLLOWER at term 0 for startAsFollower
2019-07-10 04:17:12,175 INFO  impl.RoleInfo (RoleInfo.java:updateAndGet(143)) - 3ac23d3a-991f-42cc-b509-bf77e9ee0512: start FollowerState
2019-07-10 04:17:12,175 INFO  server.RaftServerConfigKeys (ConfUtils.java:logGet(43)) - raft.server.retrycache.expirytime = 600000ms (custom)
2019-07-10 04:17:12,176 INFO  util.JmxRegister (JmxRegister.java:tryRegister(44)) - Successfully registered JMX Bean with object name Ratis:service=RaftServer,group=group-B1E67A06F9A6,id=3ac23d3a-991f-42cc-b509-bf77e9ee0512
2019-07-10 04:17:12,176 INFO  impl.RaftServerImpl (RaftServerImpl.java:start(180)) - 4b9b847c-3cea-429d-a230-6bc1b9644d9a: start group-B1E67A06F9A6
2019-07-10 04:17:12,176 INFO  impl.RaftServerImpl (RaftServerImpl.java:setRole(171)) - 4b9b847c-3cea-429d-a230-6bc1b9644d9a:group-B1E67A06F9A6 changes role from null to FOLLOWER at term 0 for startAsFollower
2019-07-10 04:17:12,176 INFO  impl.RoleInfo (RoleInfo.java:updateAndGet(143)) - 4b9b847c-3cea-429d-a230-6bc1b9644d9a: start FollowerState
2019-07-10 04:17:12,179 INFO  util.JmxRegister (JmxRegister.java:tryRegister(44)) - Successfully registered JMX Bean with object name Ratis:service=RaftServer,group=group-B1E67A06F9A6,id=4b9b847c-3cea-429d-a230-6bc1b9644d9a
2019-07-10 04:17:12,197 INFO  pipeline.PipelineStateManager (PipelineStateManager.java:addPipeline(56)) - Created pipeline Pipeline[ Id: 32431701-372e-4e9b-b296-b1e67a06f9a6, Nodes: 488df63e-5a7b-4633-a6d8-bd9dbf92cc5c{ip: 192.168.5.134, host: hdds1735-nrzhw-914446414, networkLocation: /default-rack, certSerialId: null}3ac23d3a-991f-42cc-b509-bf77e9ee0512{ip: 192.168.5.134, host: hdds1735-nrzhw-914446414, networkLocation: /default-rack, certSerialId: null}4b9b847c-3cea-429d-a230-6bc1b9644d9a{ip: 192.168.5.134, host: hdds1735-nrzhw-914446414, networkLocation: /default-rack, certSerialId: null}, Type:RATIS, Factor:THREE, State:OPEN]
2019-07-10 04:17:12,321 INFO  ozone.MiniOzoneClusterImpl (MiniOzoneClusterImpl.java:lambda$waitForClusterToBeReady$0(142)) - Cluster is ready. Got 3 of 3 DN Heartbeats.
2019-07-10 04:17:12,762 INFO  freon.RandomKeyGenerator (RandomKeyGenerator.java:call(262)) - Number of Threads: 10
2019-07-10 04:17:12,763 INFO  freon.RandomKeyGenerator (RandomKeyGenerator.java:call(267)) - Number of Volumes: 1.
2019-07-10 04:17:12,764 INFO  freon.RandomKeyGenerator (RandomKeyGenerator.java:call(268)) - Number of Buckets per Volume: 1.
2019-07-10 04:17:12,764 INFO  freon.RandomKeyGenerator (RandomKeyGenerator.java:call(269)) - Number of Keys per Bucket: 1.
2019-07-10 04:17:12,764 INFO  freon.RandomKeyGenerator (RandomKeyGenerator.java:call(270)) - Key size: 20971520 bytes
2019-07-10 04:17:12,764 INFO  freon.RandomKeyGenerator (RandomKeyGenerator.java:call(271)) - Buffer size: 4096 bytes
2019-07-10 04:17:12,766 INFO  freon.RandomKeyGenerator (RandomKeyGenerator.java:call(286)) - Data validation is enabled.
2019-07-10 04:17:12,768 INFO  freon.RandomKeyGenerator (RandomKeyGenerator.java:call(299)) - Starting progress bar Thread.

 0.00% |█                                                                                                    |  0/1 Time: 0:00:002019-07-10 04:17:12,805 INFO  rpc.RpcClient (RpcClient.java:createVolume(289)) - Creating Volume: vol-0-48836, with jenkins1000 as owner.
2019-07-10 04:17:12,849 INFO  rpc.RpcClient (RpcClient.java:createBucket(426)) - Creating Bucket: vol-0-48836/bucket-0-43367, with Versioning false and Storage Type set to DISK and Encryption set to false 
2019-07-10 04:17:13,042 INFO  impl.FollowerState (FollowerState.java:run(106)) - 3ac23d3a-991f-42cc-b509-bf77e9ee0512:group-BA9E941CA83D changes to CANDIDATE, lastRpcTime:1182, electionTimeout:1181ms
2019-07-10 04:17:13,042 INFO  impl.RoleInfo (RoleInfo.java:shutdownFollowerState(121)) - 3ac23d3a-991f-42cc-b509-bf77e9ee0512: shutdown FollowerState
2019-07-10 04:17:13,043 INFO  impl.RaftServerImpl (RaftServerImpl.java:setRole(171)) - 3ac23d3a-991f-42cc-b509-bf77e9ee0512:group-BA9E941CA83D changes role from FOLLOWER to CANDIDATE at term 0 for changeToCandidate
2019-07-10 04:17:13,049 INFO  impl.RoleInfo (RoleInfo.java:updateAndGet(143)) - 3ac23d3a-991f-42cc-b509-bf77e9ee0512: start LeaderElection
2019-07-10 04:17:13,060 INFO  impl.LeaderElection (LeaderElection.java:askForVotes(181)) - 3ac23d3a-991f-42cc-b509-bf77e9ee0512:group-BA9E941CA83D:LeaderElection1: begin an election at term 1 for -1: [3ac23d3a-991f-42cc-b509-bf77e9ee0512:192.168.5.134:33848], old=null
2019-07-10 04:17:13,062 INFO  impl.RoleInfo (RoleInfo.java:shutdownLeaderElection(134)) - 3ac23d3a-991f-42cc-b509-bf77e9ee0512: shutdown LeaderElection
2019-07-10 04:17:13,063 INFO  impl.RaftServerImpl (RaftServerImpl.java:setRole(171)) - 3ac23d3a-991f-42cc-b509-bf77e9ee0512:group-BA9E941CA83D changes role from CANDIDATE to LEADER at term 1 for changeToLeader
2019-07-10 04:17:13,063 INFO  impl.RaftServerImpl (ServerState.java:setLeader(263)) - 3ac23d3a-991f-42cc-b509-bf77e9ee0512:group-BA9E941CA83D change Leader from null to 3ac23d3a-991f-42cc-b509-bf77e9ee0512 at term 1 for becomeLeader, leader elected after 1564ms
2019-07-10 04:17:13,073 INFO  server.RaftServerConfigKeys (ConfUtils.java:logGet(43)) - raft.server.staging.catchup.gap = 1000 (default)
2019-07-10 04:17:13,073 INFO  server.RaftServerConfigKeys (ConfUtils.java:logGet(43)) - raft.server.rpc.sleep.time = 25ms (default)
2019-07-10 04:17:13,077 INFO  server.RaftServerConfigKeys (ConfUtils.java:logGet(43)) - raft.server.write.element-limit = 4096 (default)
2019-07-10 04:17:13,080 INFO  server.RaftServerConfigKeys (ConfUtils.java:logGet(43)) - raft.server.watch.timeout = 10s (default)
2019-07-10 04:17:13,081 INFO  server.RaftServerConfigKeys (ConfUtils.java:logGet(43)) - raft.server.watch.timeout.denomination = 1s (default)
2019-07-10 04:17:13,082 INFO  server.RaftServerConfigKeys (ConfUtils.java:logGet(43)) - raft.server.watch.element-limit = 65536 (default)
2019-07-10 04:17:13,088 INFO  impl.FollowerState (FollowerState.java:run(106)) - 488df63e-5a7b-4633-a6d8-bd9dbf92cc5c:group-D45F65F14AFE changes to CANDIDATE, lastRpcTime:1078, electionTimeout:1077ms
2019-07-10 04:17:13,089 INFO  impl.RoleInfo (RoleInfo.java:shutdownFollowerState(121)) - 488df63e-5a7b-4633-a6d8-bd9dbf92cc5c: shutdown FollowerState
2019-07-10 04:17:13,089 INFO  impl.RaftServerImpl (RaftServerImpl.java:setRole(171)) - 488df63e-5a7b-4633-a6d8-bd9dbf92cc5c:group-D45F65F14AFE changes role from FOLLOWER to CANDIDATE at term 0 for changeToCandidate
2019-07-10 04:17:13,090 INFO  impl.RoleInfo (RoleInfo.java:updateAndGet(143)) - 488df63e-5a7b-4633-a6d8-bd9dbf92cc5c: start LeaderElection
2019-07-10 04:17:13,097 INFO  impl.RoleInfo (RoleInfo.java:updateAndGet(143)) - 3ac23d3a-991f-42cc-b509-bf77e9ee0512: start LeaderState
2019-07-10 04:17:13,105 INFO  impl.LeaderElection (LeaderElection.java:askForVotes(181)) - 488df63e-5a7b-4633-a6d8-bd9dbf92cc5c:group-D45F65F14AFE:LeaderElection2: begin an election at term 1 for -1: [488df63e-5a7b-4633-a6d8-bd9dbf92cc5c:192.168.5.134:40409], old=null
2019-07-10 04:17:13,107 INFO  impl.RoleInfo (RoleInfo.java:shutdownLeaderElection(134)) - 488df63e-5a7b-4633-a6d8-bd9dbf92cc5c: shutdown LeaderElection
2019-07-10 04:17:13,107 INFO  impl.RaftServerImpl (RaftServerImpl.java:setRole(171)) - 488df63e-5a7b-4633-a6d8-bd9dbf92cc5c:group-D45F65F14AFE changes role from CANDIDATE to LEADER at term 1 for changeToLeader
2019-07-10 04:17:13,107 INFO  impl.RaftServerImpl (ServerState.java:setLeader(263)) - 488df63e-5a7b-4633-a6d8-bd9dbf92cc5c:group-D45F65F14AFE change Leader from null to 488df63e-5a7b-4633-a6d8-bd9dbf92cc5c at term 1 for becomeLeader, leader elected after 1105ms
2019-07-10 04:17:13,107 INFO  server.RaftServerConfigKeys (ConfUtils.java:logGet(43)) - raft.server.staging.catchup.gap = 1000 (default)
2019-07-10 04:17:13,108 INFO  server.RaftServerConfigKeys (ConfUtils.java:logGet(43)) - raft.server.rpc.sleep.time = 25ms (default)
2019-07-10 04:17:13,108 INFO  server.RaftServerConfigKeys (ConfUtils.java:logGet(43)) - raft.server.write.element-limit = 4096 (default)
2019-07-10 04:17:13,108 INFO  server.RaftServerConfigKeys (ConfUtils.java:logGet(43)) - raft.server.watch.timeout = 10s (default)
2019-07-10 04:17:13,108 INFO  server.RaftServerConfigKeys (ConfUtils.java:logGet(43)) - raft.server.watch.timeout.denomination = 1s (default)
2019-07-10 04:17:13,109 INFO  server.RaftServerConfigKeys (ConfUtils.java:logGet(43)) - raft.server.watch.element-limit = 65536 (default)
2019-07-10 04:17:13,109 INFO  impl.RoleInfo (RoleInfo.java:updateAndGet(143)) - 488df63e-5a7b-4633-a6d8-bd9dbf92cc5c: start LeaderState
2019-07-10 04:17:13,136 INFO  segmented.SegmentedRaftLogWorker (SegmentedRaftLogWorker.java:startLogSegment(380)) - 3ac23d3a-991f-42cc-b509-bf77e9ee0512-SegmentedRaftLogWorker:Storage Directory /tmp/workdir/hadoop-ozone/tools/target/test-dir/MiniOzoneClusterImpl-c718534e-e39c-40bd-8c5e-6aea11dc1b4e/datanode-0/data/ratis/54186ec2-6a75-4af4-8ffe-ba9e941ca83d: Starting segment from index:0
2019-07-10 04:17:13,136 INFO  segmented.SegmentedRaftLogWorker (SegmentedRaftLogWorker.java:startLogSegment(380)) - 488df63e-5a7b-4633-a6d8-bd9dbf92cc5c-SegmentedRaftLogWorker:Storage Directory /tmp/workdir/hadoop-ozone/tools/target/test-dir/MiniOzoneClusterImpl-c718534e-e39c-40bd-8c5e-6aea11dc1b4e/datanode-2/data/ratis/1c988859-70f9-41a1-bfd3-d45f65f14afe: Starting segment from index:0
2019-07-10 04:17:13,146 INFO  impl.RaftServerImpl (ServerState.java:setRaftConf(361)) - 3ac23d3a-991f-42cc-b509-bf77e9ee0512:group-BA9E941CA83D set configuration 0: [3ac23d3a-991f-42cc-b509-bf77e9ee0512:192.168.5.134:33848], old=null at 0
2019-07-10 04:17:13,146 INFO  impl.RaftServerImpl (ServerState.java:setRaftConf(361)) - 488df63e-5a7b-4633-a6d8-bd9dbf92cc5c:group-D45F65F14AFE set configuration 0: [488df63e-5a7b-4633-a6d8-bd9dbf92cc5c:192.168.5.134:40409], old=null at 0
2019-07-10 04:17:13,166 INFO  impl.FollowerState (FollowerState.java:run(106)) - 4b9b847c-3cea-429d-a230-6bc1b9644d9a:group-5A5AFBE0C483 changes to CANDIDATE, lastRpcTime:1099, electionTimeout:1099ms
2019-07-10 04:17:13,166 INFO  impl.RoleInfo (RoleInfo.java:shutdownFollowerState(121)) - 4b9b847c-3cea-429d-a230-6bc1b9644d9a: shutdown FollowerState
2019-07-10 04:17:13,166 INFO  impl.RaftServerImpl (RaftServerImpl.java:setRole(171)) - 4b9b847c-3cea-429d-a230-6bc1b9644d9a:group-5A5AFBE0C483 changes role from FOLLOWER to CANDIDATE at term 0 for changeToCandidate
2019-07-10 04:17:13,166 INFO  impl.RoleInfo (RoleInfo.java:updateAndGet(143)) - 4b9b847c-3cea-429d-a230-6bc1b9644d9a: start LeaderElection
2019-07-10 04:17:13,182 INFO  impl.LeaderElection (LeaderElection.java:askForVotes(181)) - 4b9b847c-3cea-429d-a230-6bc1b9644d9a:group-5A5AFBE0C483:LeaderElection3: begin an election at term 1 for -1: [4b9b847c-3cea-429d-a230-6bc1b9644d9a:192.168.5.134:35404], old=null
2019-07-10 04:17:13,182 INFO  client.GrpcClientProtocolClient (GrpcClientProtocolClient.java:onNext(255)) - client-BDEC5D25D1E2->488df63e-5a7b-4633-a6d8-bd9dbf92cc5c: receive RaftClientReply:client-BDEC5D25D1E2->488df63e-5a7b-4633-a6d8-bd9dbf92cc5c@group-B1E67A06F9A6, cid=6, FAILED org.apache.ratis.protocol.NotLeaderException: Server 488df63e-5a7b-4633-a6d8-bd9dbf92cc5c is not the leader (null). Request must be sent to leader., logIndex=0, commits[488df63e-5a7b-4633-a6d8-bd9dbf92cc5c:c-1]
2019-07-10 04:17:13,182 INFO  impl.RoleInfo (RoleInfo.java:shutdownLeaderElection(134)) - 4b9b847c-3cea-429d-a230-6bc1b9644d9a: shutdown LeaderElection
2019-07-10 04:17:13,184 INFO  impl.RaftServerImpl (RaftServerImpl.java:setRole(171)) - 4b9b847c-3cea-429d-a230-6bc1b9644d9a:group-5A5AFBE0C483 changes role from CANDIDATE to LEADER at term 1 for changeToLeader
2019-07-10 04:17:13,184 INFO  impl.RaftServerImpl (ServerState.java:setLeader(263)) - 4b9b847c-3cea-429d-a230-6bc1b9644d9a:group-5A5AFBE0C483 change Leader from null to 4b9b847c-3cea-429d-a230-6bc1b9644d9a at term 1 for becomeLeader, leader elected after 1123ms
2019-07-10 04:17:13,184 INFO  server.RaftServerConfigKeys (ConfUtils.java:logGet(43)) - raft.server.staging.catchup.gap = 1000 (default)
2019-07-10 04:17:13,184 INFO  server.RaftServerConfigKeys (ConfUtils.java:logGet(43)) - raft.server.rpc.sleep.time = 25ms (default)
2019-07-10 04:17:13,185 INFO  server.RaftServerConfigKeys (ConfUtils.java:logGet(43)) - raft.server.write.element-limit = 4096 (default)
2019-07-10 04:17:13,185 INFO  server.RaftServerConfigKeys (ConfUtils.java:logGet(43)) - raft.server.watch.timeout = 10s (default)
2019-07-10 04:17:13,186 INFO  server.RaftServerConfigKeys (ConfUtils.java:logGet(43)) - raft.server.watch.timeout.denomination = 1s (default)
2019-07-10 04:17:13,186 INFO  server.RaftServerConfigKeys (ConfUtils.java:logGet(43)) - raft.server.watch.element-limit = 65536 (default)
2019-07-10 04:17:13,186 INFO  impl.RoleInfo (RoleInfo.java:updateAndGet(143)) - 4b9b847c-3cea-429d-a230-6bc1b9644d9a: start LeaderState
2019-07-10 04:17:13,187 INFO  segmented.SegmentedRaftLogWorker (SegmentedRaftLogWorker.java:startLogSegment(380)) - 4b9b847c-3cea-429d-a230-6bc1b9644d9a-SegmentedRaftLogWorker:Storage Directory /tmp/workdir/hadoop-ozone/tools/target/test-dir/MiniOzoneClusterImpl-c718534e-e39c-40bd-8c5e-6aea11dc1b4e/datanode-1/data/ratis/30931ae4-8655-446c-af54-5a5afbe0c483: Starting segment from index:0
2019-07-10 04:17:13,187 INFO  impl.RaftServerImpl (ServerState.java:setRaftConf(361)) - 4b9b847c-3cea-429d-a230-6bc1b9644d9a:group-5A5AFBE0C483 set configuration 0: [4b9b847c-3cea-429d-a230-6bc1b9644d9a:192.168.5.134:35404], old=null at 0
2019-07-10 04:17:13,189 INFO  impl.FollowerState (FollowerState.java:run(106)) - 3ac23d3a-991f-42cc-b509-bf77e9ee0512:group-B1E67A06F9A6 changes to CANDIDATE, lastRpcTime:1013, electionTimeout:1013ms
2019-07-10 04:17:13,189 INFO  impl.RoleInfo (RoleInfo.java:shutdownFollowerState(121)) - 3ac23d3a-991f-42cc-b509-bf77e9ee0512: shutdown FollowerState
2019-07-10 04:17:13,191 INFO  impl.RaftServerImpl (RaftServerImpl.java:setRole(171)) - 3ac23d3a-991f-42cc-b509-bf77e9ee0512:group-B1E67A06F9A6 changes role from FOLLOWER to CANDIDATE at term 0 for changeToCandidate
2019-07-10 04:17:13,191 INFO  impl.RoleInfo (RoleInfo.java:updateAndGet(143)) - 3ac23d3a-991f-42cc-b509-bf77e9ee0512: start LeaderElection
2019-07-10 04:17:13,194 INFO  impl.FollowerState (FollowerState.java:run(106)) - 4b9b847c-3cea-429d-a230-6bc1b9644d9a:group-B1E67A06F9A6 changes to CANDIDATE, lastRpcTime:1017, electionTimeout:1016ms
2019-07-10 04:17:13,195 INFO  impl.RoleInfo (RoleInfo.java:shutdownFollowerState(121)) - 4b9b847c-3cea-429d-a230-6bc1b9644d9a: shutdown FollowerState
2019-07-10 04:17:13,195 INFO  impl.RaftServerImpl (RaftServerImpl.java:setRole(171)) - 4b9b847c-3cea-429d-a230-6bc1b9644d9a:group-B1E67A06F9A6 changes role from FOLLOWER to CANDIDATE at term 0 for changeToCandidate
2019-07-10 04:17:13,195 INFO  impl.RoleInfo (RoleInfo.java:updateAndGet(143)) - 4b9b847c-3cea-429d-a230-6bc1b9644d9a: start LeaderElection
2019-07-10 04:17:13,201 INFO  impl.LeaderElection (LeaderElection.java:askForVotes(181)) - 3ac23d3a-991f-42cc-b509-bf77e9ee0512:group-B1E67A06F9A6:LeaderElection4: begin an election at term 1 for -1: [488df63e-5a7b-4633-a6d8-bd9dbf92cc5c:192.168.5.134:40409, 3ac23d3a-991f-42cc-b509-bf77e9ee0512:192.168.5.134:33848, 4b9b847c-3cea-429d-a230-6bc1b9644d9a:192.168.5.134:35404], old=null
2019-07-10 04:17:13,205 INFO  impl.LeaderElection (LeaderElection.java:askForVotes(181)) - 4b9b847c-3cea-429d-a230-6bc1b9644d9a:group-B1E67A06F9A6:LeaderElection5: begin an election at term 1 for -1: [488df63e-5a7b-4633-a6d8-bd9dbf92cc5c:192.168.5.134:40409, 3ac23d3a-991f-42cc-b509-bf77e9ee0512:192.168.5.134:33848, 4b9b847c-3cea-429d-a230-6bc1b9644d9a:192.168.5.134:35404], old=null
2019-07-10 04:17:13,238 INFO  impl.RaftServerImpl (RaftServerImpl.java:setRole(171)) - 488df63e-5a7b-4633-a6d8-bd9dbf92cc5c:group-B1E67A06F9A6 changes role from FOLLOWER to FOLLOWER at term 1 for recognizeCandidate:3ac23d3a-991f-42cc-b509-bf77e9ee0512
2019-07-10 04:17:13,238 INFO  impl.RoleInfo (RoleInfo.java:shutdownFollowerState(121)) - 488df63e-5a7b-4633-a6d8-bd9dbf92cc5c: shutdown FollowerState
2019-07-10 04:17:13,238 INFO  impl.RoleInfo (RoleInfo.java:updateAndGet(143)) - 488df63e-5a7b-4633-a6d8-bd9dbf92cc5c: start FollowerState
2019-07-10 04:17:13,238 INFO  impl.FollowerState (FollowerState.java:run(114)) - 488df63e-5a7b-4633-a6d8-bd9dbf92cc5c: FollowerState was interrupted: java.lang.InterruptedException: sleep interrupted
2019-07-10 04:17:13,260 INFO  impl.LeaderElection (LeaderElection.java:logAndReturn(56)) - 3ac23d3a-991f-42cc-b509-bf77e9ee0512:group-B1E67A06F9A6:LeaderElection4: Election PASSED; received 2 response(s) [3ac23d3a-991f-42cc-b509-bf77e9ee0512<-488df63e-5a7b-4633-a6d8-bd9dbf92cc5c#0:OK-t1, 3ac23d3a-991f-42cc-b509-bf77e9ee0512<-4b9b847c-3cea-429d-a230-6bc1b9644d9a#0:FAIL-t1] and 0 exception(s); 3ac23d3a-991f-42cc-b509-bf77e9ee0512:t1, leader=null, voted=3ac23d3a-991f-42cc-b509-bf77e9ee0512, raftlog=3ac23d3a-991f-42cc-b509-bf77e9ee0512-SegmentedRaftLog:OPENED:c-1,f-1,i0, conf=-1: [488df63e-5a7b-4633-a6d8-bd9dbf92cc5c:192.168.5.134:40409, 3ac23d3a-991f-42cc-b509-bf77e9ee0512:192.168.5.134:33848, 4b9b847c-3cea-429d-a230-6bc1b9644d9a:192.168.5.134:35404], old=null
2019-07-10 04:17:13,260 INFO  impl.LeaderElection (LeaderElection.java:logAndReturn(56)) - 4b9b847c-3cea-429d-a230-6bc1b9644d9a:group-B1E67A06F9A6:LeaderElection5: Election REJECTED; received 2 response(s) [4b9b847c-3cea-429d-a230-6bc1b9644d9a<-488df63e-5a7b-4633-a6d8-bd9dbf92cc5c#0:FAIL-t1, 4b9b847c-3cea-429d-a230-6bc1b9644d9a<-3ac23d3a-991f-42cc-b509-bf77e9ee0512#0:FAIL-t1] and 0 exception(s); 4b9b847c-3cea-429d-a230-6bc1b9644d9a:t1, leader=null, voted=4b9b847c-3cea-429d-a230-6bc1b9644d9a, raftlog=4b9b847c-3cea-429d-a230-6bc1b9644d9a-SegmentedRaftLog:OPENED:c-1,f-1,i0, conf=-1: [488df63e-5a7b-4633-a6d8-bd9dbf92cc5c:192.168.5.134:40409, 3ac23d3a-991f-42cc-b509-bf77e9ee0512:192.168.5.134:33848, 4b9b847c-3cea-429d-a230-6bc1b9644d9a:192.168.5.134:35404], old=null
2019-07-10 04:17:13,261 INFO  impl.RoleInfo (RoleInfo.java:shutdownLeaderElection(134)) - 3ac23d3a-991f-42cc-b509-bf77e9ee0512: shutdown LeaderElection
2019-07-10 04:17:13,262 INFO  impl.RaftServerImpl (RaftServerImpl.java:setRole(171)) - 4b9b847c-3cea-429d-a230-6bc1b9644d9a:group-B1E67A06F9A6 changes role from CANDIDATE to FOLLOWER at term 1 for DISCOVERED_A_NEW_TERM
2019-07-10 04:17:13,262 INFO  impl.RaftServerImpl (RaftServerImpl.java:setRole(171)) - 3ac23d3a-991f-42cc-b509-bf77e9ee0512:group-B1E67A06F9A6 changes role from CANDIDATE to LEADER at term 1 for changeToLeader
2019-07-10 04:17:13,264 INFO  impl.RoleInfo (RoleInfo.java:shutdownLeaderElection(134)) - 4b9b847c-3cea-429d-a230-6bc1b9644d9a: shutdown LeaderElection
2019-07-10 04:17:13,266 INFO  impl.RaftServerImpl (ServerState.java:setLeader(263)) - 3ac23d3a-991f-42cc-b509-bf77e9ee0512:group-B1E67A06F9A6 change Leader from null to 3ac23d3a-991f-42cc-b509-bf77e9ee0512 at term 1 for becomeLeader, leader elected after 1108ms
2019-07-10 04:17:13,266 INFO  impl.RoleInfo (RoleInfo.java:updateAndGet(143)) - 4b9b847c-3cea-429d-a230-6bc1b9644d9a: start FollowerState
2019-07-10 04:17:13,266 INFO  server.RaftServerConfigKeys (ConfUtils.java:logGet(43)) - raft.server.staging.catchup.gap = 1000 (default)
2019-07-10 04:17:13,266 INFO  server.RaftServerConfigKeys (ConfUtils.java:logGet(43)) - raft.server.rpc.sleep.time = 25ms (default)
2019-07-10 04:17:13,268 INFO  server.RaftServerConfigKeys (ConfUtils.java:logGet(43)) - raft.server.write.element-limit = 4096 (default)
2019-07-10 04:17:13,268 INFO  server.RaftServerConfigKeys (ConfUtils.java:logGet(43)) - raft.server.watch.timeout = 10s (default)
2019-07-10 04:17:13,268 INFO  server.RaftServerConfigKeys (ConfUtils.java:logGet(43)) - raft.server.watch.timeout.denomination = 1s (default)
2019-07-10 04:17:13,268 INFO  server.RaftServerConfigKeys (ConfUtils.java:logGet(43)) - raft.server.watch.element-limit = 65536 (default)
2019-07-10 04:17:13,271 INFO  server.RaftServerConfigKeys (ConfUtils.java:logGet(43)) - raft.server.log.appender.snapshot.chunk.size.max = 16MB (=16777216) (default)
2019-07-10 04:17:13,272 INFO  server.RaftServerConfigKeys (ConfUtils.java:logGet(43)) - raft.server.log.appender.buffer.byte-limit = 33554432 (custom)
2019-07-10 04:17:13,272 INFO  server.RaftServerConfigKeys (ConfUtils.java:logGet(43)) - raft.server.log.appender.buffer.element-limit = 1 (custom)
2019-07-10 04:17:13,275 INFO  grpc.GrpcConfigKeys$Server (ConfUtils.java:logGet(43)) - raft.grpc.server.leader.outstanding.appends.max = 128 (default)
2019-07-10 04:17:13,277 INFO  server.RaftServerConfigKeys (ConfUtils.java:logGet(43)) - raft.server.rpc.request.timeout = 3000ms (default)
2019-07-10 04:17:13,277 INFO  server.RaftServerConfigKeys (ConfUtils.java:logGet(43)) - raft.server.log.appender.install.snapshot.enabled = false (custom)
2019-07-10 04:17:13,277 INFO  server.RaftServerConfigKeys (ConfUtils.java:logGet(43)) - raft.server.log.appender.snapshot.chunk.size.max = 16MB (=16777216) (default)
2019-07-10 04:17:13,277 INFO  server.RaftServerConfigKeys (ConfUtils.java:logGet(43)) - raft.server.log.appender.buffer.byte-limit = 33554432 (custom)
2019-07-10 04:17:13,278 INFO  server.RaftServerConfigKeys (ConfUtils.java:logGet(43)) - raft.server.log.appender.buffer.element-limit = 1 (custom)
2019-07-10 04:17:13,278 INFO  grpc.GrpcConfigKeys$Server (ConfUtils.java:logGet(43)) - raft.grpc.server.leader.outstanding.appends.max = 128 (default)
2019-07-10 04:17:13,278 INFO  server.RaftServerConfigKeys (ConfUtils.java:logGet(43)) - raft.server.rpc.request.timeout = 3000ms (default)
2019-07-10 04:17:13,278 INFO  server.RaftServerConfigKeys (ConfUtils.java:logGet(43)) - raft.server.log.appender.install.snapshot.enabled = false (custom)
2019-07-10 04:17:13,280 INFO  impl.RoleInfo (RoleInfo.java:updateAndGet(143)) - 3ac23d3a-991f-42cc-b509-bf77e9ee0512: start LeaderState
2019-07-10 04:17:13,280 INFO  segmented.SegmentedRaftLogWorker (SegmentedRaftLogWorker.java:startLogSegment(380)) - 3ac23d3a-991f-42cc-b509-bf77e9ee0512-SegmentedRaftLogWorker:Storage Directory /tmp/workdir/hadoop-ozone/tools/target/test-dir/MiniOzoneClusterImpl-c718534e-e39c-40bd-8c5e-6aea11dc1b4e/datanode-0/data/ratis/32431701-372e-4e9b-b296-b1e67a06f9a6: Starting segment from index:0
2019-07-10 04:17:13,281 INFO  impl.RaftServerImpl (ServerState.java:setRaftConf(361)) - 3ac23d3a-991f-42cc-b509-bf77e9ee0512:group-B1E67A06F9A6 set configuration 0: [488df63e-5a7b-4633-a6d8-bd9dbf92cc5c:192.168.5.134:40409, 3ac23d3a-991f-42cc-b509-bf77e9ee0512:192.168.5.134:33848, 4b9b847c-3cea-429d-a230-6bc1b9644d9a:192.168.5.134:35404], old=null at 0
2019-07-10 04:17:13,304 INFO  impl.RaftServerImpl (ServerState.java:setLeader(263)) - 488df63e-5a7b-4633-a6d8-bd9dbf92cc5c:group-B1E67A06F9A6 change Leader from null to 3ac23d3a-991f-42cc-b509-bf77e9ee0512 at term 1 for appendEntries, leader elected after 1146ms
2019-07-10 04:17:13,304 INFO  impl.RaftServerImpl (ServerState.java:setLeader(263)) - 4b9b847c-3cea-429d-a230-6bc1b9644d9a:group-B1E67A06F9A6 change Leader from null to 3ac23d3a-991f-42cc-b509-bf77e9ee0512 at term 1 for appendEntries, leader elected after 1145ms
2019-07-10 04:17:13,338 INFO  impl.RaftServerImpl (ServerState.java:setRaftConf(361)) - 4b9b847c-3cea-429d-a230-6bc1b9644d9a:group-B1E67A06F9A6 set configuration 0: [488df63e-5a7b-4633-a6d8-bd9dbf92cc5c:192.168.5.134:40409, 3ac23d3a-991f-42cc-b509-bf77e9ee0512:192.168.5.134:33848, 4b9b847c-3cea-429d-a230-6bc1b9644d9a:192.168.5.134:35404], old=null at 0
2019-07-10 04:17:13,338 INFO  impl.RaftServerImpl (ServerState.java:setRaftConf(361)) - 488df63e-5a7b-4633-a6d8-bd9dbf92cc5c:group-B1E67A06F9A6 set configuration 0: [488df63e-5a7b-4633-a6d8-bd9dbf92cc5c:192.168.5.134:40409, 3ac23d3a-991f-42cc-b509-bf77e9ee0512:192.168.5.134:33848, 4b9b847c-3cea-429d-a230-6bc1b9644d9a:192.168.5.134:35404], old=null at 0
2019-07-10 04:17:13,338 INFO  segmented.SegmentedRaftLogWorker (SegmentedRaftLogWorker.java:startLogSegment(380)) - 4b9b847c-3cea-429d-a230-6bc1b9644d9a-SegmentedRaftLogWorker:Storage Directory /tmp/workdir/hadoop-ozone/tools/target/test-dir/MiniOzoneClusterImpl-c718534e-e39c-40bd-8c5e-6aea11dc1b4e/datanode-1/data/ratis/32431701-372e-4e9b-b296-b1e67a06f9a6: Starting segment from index:0
2019-07-10 04:17:13,338 INFO  segmented.SegmentedRaftLogWorker (SegmentedRaftLogWorker.java:startLogSegment(380)) - 488df63e-5a7b-4633-a6d8-bd9dbf92cc5c-SegmentedRaftLogWorker:Storage Directory /tmp/workdir/hadoop-ozone/tools/target/test-dir/MiniOzoneClusterImpl-c718534e-e39c-40bd-8c5e-6aea11dc1b4e/datanode-2/data/ratis/32431701-372e-4e9b-b296-b1e67a06f9a6: Starting segment from index:0
2019-07-10 04:17:13,372 INFO  segmented.SegmentedRaftLogWorker (SegmentedRaftLogWorker.java:execute(569)) - 4b9b847c-3cea-429d-a230-6bc1b9644d9a-SegmentedRaftLogWorker:Storage Directory /tmp/workdir/hadoop-ozone/tools/target/test-dir/MiniOzoneClusterImpl-c718534e-e39c-40bd-8c5e-6aea11dc1b4e/datanode-1/data/ratis/30931ae4-8655-446c-af54-5a5afbe0c483: created new log segment /tmp/workdir/hadoop-ozone/tools/target/test-dir/MiniOzoneClusterImpl-c718534e-e39c-40bd-8c5e-6aea11dc1b4e/datanode-1/data/ratis/30931ae4-8655-446c-af54-5a5afbe0c483/current/log_inprogress_0
2019-07-10 04:17:13,372 INFO  segmented.SegmentedRaftLogWorker (SegmentedRaftLogWorker.java:execute(569)) - 3ac23d3a-991f-42cc-b509-bf77e9ee0512-SegmentedRaftLogWorker:Storage Directory /tmp/workdir/hadoop-ozone/tools/target/test-dir/MiniOzoneClusterImpl-c718534e-e39c-40bd-8c5e-6aea11dc1b4e/datanode-0/data/ratis/32431701-372e-4e9b-b296-b1e67a06f9a6: created new log segment /tmp/workdir/hadoop-ozone/tools/target/test-dir/MiniOzoneClusterImpl-c718534e-e39c-40bd-8c5e-6aea11dc1b4e/datanode-0/data/ratis/32431701-372e-4e9b-b296-b1e67a06f9a6/current/log_inprogress_0
2019-07-10 04:17:13,372 INFO  segmented.SegmentedRaftLogWorker (SegmentedRaftLogWorker.java:execute(569)) - 4b9b847c-3cea-429d-a230-6bc1b9644d9a-SegmentedRaftLogWorker:Storage Directory /tmp/workdir/hadoop-ozone/tools/target/test-dir/MiniOzoneClusterImpl-c718534e-e39c-40bd-8c5e-6aea11dc1b4e/datanode-1/data/ratis/32431701-372e-4e9b-b296-b1e67a06f9a6: created new log segment /tmp/workdir/hadoop-ozone/tools/target/test-dir/MiniOzoneClusterImpl-c718534e-e39c-40bd-8c5e-6aea11dc1b4e/datanode-1/data/ratis/32431701-372e-4e9b-b296-b1e67a06f9a6/current/log_inprogress_0
2019-07-10 04:17:13,372 INFO  segmented.SegmentedRaftLogWorker (SegmentedRaftLogWorker.java:execute(569)) - 3ac23d3a-991f-42cc-b509-bf77e9ee0512-SegmentedRaftLogWorker:Storage Directory /tmp/workdir/hadoop-ozone/tools/target/test-dir/MiniOzoneClusterImpl-c718534e-e39c-40bd-8c5e-6aea11dc1b4e/datanode-0/data/ratis/54186ec2-6a75-4af4-8ffe-ba9e941ca83d: created new log segment /tmp/workdir/hadoop-ozone/tools/target/test-dir/MiniOzoneClusterImpl-c718534e-e39c-40bd-8c5e-6aea11dc1b4e/datanode-0/data/ratis/54186ec2-6a75-4af4-8ffe-ba9e941ca83d/current/log_inprogress_0
2019-07-10 04:17:13,372 INFO  segmented.SegmentedRaftLogWorker (SegmentedRaftLogWorker.java:execute(569)) - 488df63e-5a7b-4633-a6d8-bd9dbf92cc5c-SegmentedRaftLogWorker:Storage Directory /tmp/workdir/hadoop-ozone/tools/target/test-dir/MiniOzoneClusterImpl-c718534e-e39c-40bd-8c5e-6aea11dc1b4e/datanode-2/data/ratis/32431701-372e-4e9b-b296-b1e67a06f9a6: created new log segment /tmp/workdir/hadoop-ozone/tools/target/test-dir/MiniOzoneClusterImpl-c718534e-e39c-40bd-8c5e-6aea11dc1b4e/datanode-2/data/ratis/32431701-372e-4e9b-b296-b1e67a06f9a6/current/log_inprogress_0
2019-07-10 04:17:13,376 INFO  segmented.SegmentedRaftLogWorker (SegmentedRaftLogWorker.java:execute(569)) - 488df63e-5a7b-4633-a6d8-bd9dbf92cc5c-SegmentedRaftLogWorker:Storage Directory /tmp/workdir/hadoop-ozone/tools/target/test-dir/MiniOzoneClusterImpl-c718534e-e39c-40bd-8c5e-6aea11dc1b4e/datanode-2/data/ratis/1c988859-70f9-41a1-bfd3-d45f65f14afe: created new log segment /tmp/workdir/hadoop-ozone/tools/target/test-dir/MiniOzoneClusterImpl-c718534e-e39c-40bd-8c5e-6aea11dc1b4e/datanode-2/data/ratis/1c988859-70f9-41a1-bfd3-d45f65f14afe/current/log_inprogress_0
 0.00% |█                                                                                                    |  0/1 Time: 0:00:012019-07-10 04:17:14,232 INFO  client.GrpcClientProtocolClient (GrpcClientProtocolClient.java:onNext(255)) - client-BDEC5D25D1E2->4b9b847c-3cea-429d-a230-6bc1b9644d9a: receive RaftClientReply:client-BDEC5D25D1E2->4b9b847c-3cea-429d-a230-6bc1b9644d9a@group-B1E67A06F9A6, cid=6, FAILED org.apache.ratis.protocol.NotLeaderException: Server 4b9b847c-3cea-429d-a230-6bc1b9644d9a is not the leader (3ac23d3a-991f-42cc-b509-bf77e9ee0512:192.168.5.134:33848). Request must be sent to leader., logIndex=0, commits[4b9b847c-3cea-429d-a230-6bc1b9644d9a:c0, 488df63e-5a7b-4633-a6d8-bd9dbf92cc5c:c-1, 3ac23d3a-991f-42cc-b509-bf77e9ee0512:c0]
2019-07-10 04:17:14,515 INFO  client.GrpcClientProtocolClient (GrpcClientProtocolClient.java:onNext(255)) - client-BDEC5D25D1E2->3ac23d3a-991f-42cc-b509-bf77e9ee0512: receive RaftClientReply:client-BDEC5D25D1E2->3ac23d3a-991f-42cc-b509-bf77e9ee0512@group-B1E67A06F9A6, cid=6, SUCCESS, logIndex=1, commits[3ac23d3a-991f-42cc-b509-bf77e9ee0512:c1, 488df63e-5a7b-4633-a6d8-bd9dbf92cc5c:c0, 4b9b847c-3cea-429d-a230-6bc1b9644d9a:c0]
2019-07-10 04:17:14,621 INFO  client.GrpcClientProtocolClient (GrpcClientProtocolClient.java:onNext(255)) - client-BDEC5D25D1E2->3ac23d3a-991f-42cc-b509-bf77e9ee0512: receive RaftClientReply:client-BDEC5D25D1E2->3ac23d3a-991f-42cc-b509-bf77e9ee0512@group-B1E67A06F9A6, cid=7, SUCCESS, logIndex=3, commits[3ac23d3a-991f-42cc-b509-bf77e9ee0512:c8, 488df63e-5a7b-4633-a6d8-bd9dbf92cc5c:c6, 4b9b847c-3cea-429d-a230-6bc1b9644d9a:c6]
2019-07-10 04:17:14,626 INFO  client.GrpcClientProtocolClient (GrpcClientProtocolClient.java:onNext(255)) - client-BDEC5D25D1E2->3ac23d3a-991f-42cc-b509-bf77e9ee0512: receive RaftClientReply:client-BDEC5D25D1E2->3ac23d3a-991f-42cc-b509-bf77e9ee0512@group-B1E67A06F9A6, cid=8, SUCCESS, logIndex=5, commits[3ac23d3a-991f-42cc-b509-bf77e9ee0512:c8, 488df63e-5a7b-4633-a6d8-bd9dbf92cc5c:c6, 4b9b847c-3cea-429d-a230-6bc1b9644d9a:c6]
2019-07-10 04:17:14,627 INFO  client.GrpcClientProtocolClient (GrpcClientProtocolClient.java:onNext(255)) - client-BDEC5D25D1E2->3ac23d3a-991f-42cc-b509-bf77e9ee0512: receive RaftClientReply:client-BDEC5D25D1E2->3ac23d3a-991f-42cc-b509-bf77e9ee0512@group-B1E67A06F9A6, cid=9, SUCCESS, logIndex=6, commits[3ac23d3a-991f-42cc-b509-bf77e9ee0512:c8, 488df63e-5a7b-4633-a6d8-bd9dbf92cc5c:c6, 4b9b847c-3cea-429d-a230-6bc1b9644d9a:c6]
2019-07-10 04:17:14,677 INFO  client.GrpcClientProtocolClient (GrpcClientProtocolClient.java:onNext(255)) - client-BDEC5D25D1E2->3ac23d3a-991f-42cc-b509-bf77e9ee0512: receive RaftClientReply:client-BDEC5D25D1E2->3ac23d3a-991f-42cc-b509-bf77e9ee0512@group-B1E67A06F9A6, cid=10, SUCCESS, logIndex=9, commits[3ac23d3a-991f-42cc-b509-bf77e9ee0512:c10, 488df63e-5a7b-4633-a6d8-bd9dbf92cc5c:c6, 4b9b847c-3cea-429d-a230-6bc1b9644d9a:c8]
2019-07-10 04:17:14,678 INFO  client.GrpcClientProtocolClient (GrpcClientProtocolClient.java:onNext(255)) - client-BDEC5D25D1E2->3ac23d3a-991f-42cc-b509-bf77e9ee0512: receive RaftClientReply:client-BDEC5D25D1E2->3ac23d3a-991f-42cc-b509-bf77e9ee0512@group-B1E67A06F9A6, cid=11, SUCCESS, logIndex=10, commits[3ac23d3a-991f-42cc-b509-bf77e9ee0512:c10, 488df63e-5a7b-4633-a6d8-bd9dbf92cc5c:c6, 4b9b847c-3cea-429d-a230-6bc1b9644d9a:c8]
2019-07-10 04:17:14,687 INFO  client.GrpcClientProtocolClient (GrpcClientProtocolClient.java:onNext(255)) - client-BDEC5D25D1E2->3ac23d3a-991f-42cc-b509-bf77e9ee0512: receive RaftClientReply:client-BDEC5D25D1E2->3ac23d3a-991f-42cc-b509-bf77e9ee0512@group-B1E67A06F9A6, cid=12, SUCCESS, logIndex=11, commits[3ac23d3a-991f-42cc-b509-bf77e9ee0512:c12, 488df63e-5a7b-4633-a6d8-bd9dbf92cc5c:c8, 4b9b847c-3cea-429d-a230-6bc1b9644d9a:c10]
2019-07-10 04:17:14,688 INFO  client.GrpcClientProtocolClient (GrpcClientProtocolClient.java:onNext(255)) - client-BDEC5D25D1E2->3ac23d3a-991f-42cc-b509-bf77e9ee0512: receive RaftClientReply:client-BDEC5D25D1E2->3ac23d3a-991f-42cc-b509-bf77e9ee0512@group-B1E67A06F9A6, cid=13, SUCCESS, logIndex=12, commits[3ac23d3a-991f-42cc-b509-bf77e9ee0512:c14, 488df63e-5a7b-4633-a6d8-bd9dbf92cc5c:c8, 4b9b847c-3cea-429d-a230-6bc1b9644d9a:c10]
2019-07-10 04:17:14,710 INFO  client.GrpcClientProtocolClient (GrpcClientProtocolClient.java:onNext(255)) - client-BDEC5D25D1E2->3ac23d3a-991f-42cc-b509-bf77e9ee0512: receive RaftClientReply:client-BDEC5D25D1E2->3ac23d3a-991f-42cc-b509-bf77e9ee0512@group-B1E67A06F9A6, cid=14, SUCCESS, logIndex=0, commits[3ac23d3a-991f-42cc-b509-bf77e9ee0512:c16, 488df63e-5a7b-4633-a6d8-bd9dbf92cc5c:c13, 4b9b847c-3cea-429d-a230-6bc1b9644d9a:c13]
2019-07-10 04:17:14,715 INFO  client.GrpcClientProtocolClient (GrpcClientProtocolClient.java:onNext(255)) - client-BDEC5D25D1E2->3ac23d3a-991f-42cc-b509-bf77e9ee0512: receive RaftClientReply:client-BDEC5D25D1E2->3ac23d3a-991f-42cc-b509-bf77e9ee0512@group-B1E67A06F9A6, cid=15, SUCCESS, logIndex=0, commits[3ac23d3a-991f-42cc-b509-bf77e9ee0512:c16, 488df63e-5a7b-4633-a6d8-bd9dbf92cc5c:c13, 4b9b847c-3cea-429d-a230-6bc1b9644d9a:c13]
 0.00% |█                                                                                                    |  0/1 Time: 0:00:022019-07-10 04:17:14,817 INFO  client.GrpcClientProtocolClient (GrpcClientProtocolClient.java:onNext(255)) - client-BDEC5D25D1E2->3ac23d3a-991f-42cc-b509-bf77e9ee0512: receive RaftClientReply:client-BDEC5D25D1E2->3ac23d3a-991f-42cc-b509-bf77e9ee0512@group-B1E67A06F9A6, cid=16, SUCCESS, logIndex=17, commits[3ac23d3a-991f-42cc-b509-bf77e9ee0512:c20, 488df63e-5a7b-4633-a6d8-bd9dbf92cc5c:c16, 4b9b847c-3cea-429d-a230-6bc1b9644d9a:c16]
2019-07-10 04:17:14,844 INFO  client.GrpcClientProtocolClient (GrpcClientProtocolClient.java:onNext(255)) - client-BDEC5D25D1E2->3ac23d3a-991f-42cc-b509-bf77e9ee0512: receive RaftClientReply:client-BDEC5D25D1E2->3ac23d3a-991f-42cc-b509-bf77e9ee0512@group-B1E67A06F9A6, cid=17, SUCCESS, logIndex=18, commits[3ac23d3a-991f-42cc-b509-bf77e9ee0512:c23, 488df63e-5a7b-4633-a6d8-bd9dbf92cc5c:c20, 4b9b847c-3cea-429d-a230-6bc1b9644d9a:c20]
2019-07-10 04:17:14,845 INFO  client.GrpcClientProtocolClient (GrpcClientProtocolClient.java:onNext(255)) - client-BDEC5D25D1E2->3ac23d3a-991f-42cc-b509-bf77e9ee0512: receive RaftClientReply:client-BDEC5D25D1E2->3ac23d3a-991f-42cc-b509-bf77e9ee0512@group-B1E67A06F9A6, cid=18, SUCCESS, logIndex=19, commits[3ac23d3a-991f-42cc-b509-bf77e9ee0512:c23, 488df63e-5a7b-4633-a6d8-bd9dbf92cc5c:c20, 4b9b847c-3cea-429d-a230-6bc1b9644d9a:c20]
2019-07-10 04:17:14,874 INFO  client.GrpcClientProtocolClient (GrpcClientProtocolClient.java:onNext(255)) - client-BDEC5D25D1E2->3ac23d3a-991f-42cc-b509-bf77e9ee0512: receive RaftClientReply:client-BDEC5D25D1E2->3ac23d3a-991f-42cc-b509-bf77e9ee0512@group-B1E67A06F9A6, cid=19, SUCCESS, logIndex=20, commits[3ac23d3a-991f-42cc-b509-bf77e9ee0512:c23, 488df63e-5a7b-4633-a6d8-bd9dbf92cc5c:c20, 4b9b847c-3cea-429d-a230-6bc1b9644d9a:c20]
2019-07-10 04:17:14,909 INFO  client.GrpcClientProtocolClient (GrpcClientProtocolClient.java:onNext(255)) - client-BDEC5D25D1E2->3ac23d3a-991f-42cc-b509-bf77e9ee0512: receive RaftClientReply:client-BDEC5D25D1E2->3ac23d3a-991f-42cc-b509-bf77e9ee0512@group-B1E67A06F9A6, cid=20, SUCCESS, logIndex=24, commits[3ac23d3a-991f-42cc-b509-bf77e9ee0512:c25, 488df63e-5a7b-4633-a6d8-bd9dbf92cc5c:c20, 4b9b847c-3cea-429d-a230-6bc1b9644d9a:c23]
2019-07-10 04:17:14,911 INFO  client.GrpcClientProtocolClient (GrpcClientProtocolClient.java:onNext(255)) - client-BDEC5D25D1E2->3ac23d3a-991f-42cc-b509-bf77e9ee0512: receive RaftClientReply:client-BDEC5D25D1E2->3ac23d3a-991f-42cc-b509-bf77e9ee0512@group-B1E67A06F9A6, cid=21, SUCCESS, logIndex=25, commits[3ac23d3a-991f-42cc-b509-bf77e9ee0512:c25, 488df63e-5a7b-4633-a6d8-bd9dbf92cc5c:c23, 4b9b847c-3cea-429d-a230-6bc1b9644d9a:c23]
2019-07-10 04:17:14,918 INFO  client.GrpcClientProtocolClient (GrpcClientProtocolClient.java:onNext(255)) - client-BDEC5D25D1E2->3ac23d3a-991f-42cc-b509-bf77e9ee0512: receive RaftClientReply:client-BDEC5D25D1E2->3ac23d3a-991f-42cc-b509-bf77e9ee0512@group-B1E67A06F9A6, cid=22, SUCCESS, logIndex=26, commits[3ac23d3a-991f-42cc-b509-bf77e9ee0512:c28, 488df63e-5a7b-4633-a6d8-bd9dbf92cc5c:c23, 4b9b847c-3cea-429d-a230-6bc1b9644d9a:c25]
2019-07-10 04:17:14,919 INFO  client.GrpcClientProtocolClient (GrpcClientProtocolClient.java:onNext(255)) - client-BDEC5D25D1E2->3ac23d3a-991f-42cc-b509-bf77e9ee0512: receive RaftClientReply:client-BDEC5D25D1E2->3ac23d3a-991f-42cc-b509-bf77e9ee0512@group-B1E67A06F9A6, cid=23, SUCCESS, logIndex=27, commits[3ac23d3a-991f-42cc-b509-bf77e9ee0512:c29, 488df63e-5a7b-4633-a6d8-bd9dbf92cc5c:c23, 4b9b847c-3cea-429d-a230-6bc1b9644d9a:c25]
2019-07-10 04:17:14,922 INFO  client.GrpcClientProtocolClient (GrpcClientProtocolClient.java:onNext(255)) - client-BDEC5D25D1E2->3ac23d3a-991f-42cc-b509-bf77e9ee0512: receive RaftClientReply:client-BDEC5D25D1E2->3ac23d3a-991f-42cc-b509-bf77e9ee0512@group-B1E67A06F9A6, cid=24, SUCCESS, logIndex=0, commits[3ac23d3a-991f-42cc-b509-bf77e9ee0512:c30, 488df63e-5a7b-4633-a6d8-bd9dbf92cc5c:c25, 4b9b847c-3cea-429d-a230-6bc1b9644d9a:c26]
2019-07-10 04:17:15,429 INFO  client.GrpcClientProtocolClient (GrpcClientProtocolClient.java:onNext(255)) - client-BDEC5D25D1E2->3ac23d3a-991f-42cc-b509-bf77e9ee0512: receive RaftClientReply:client-BDEC5D25D1E2->3ac23d3a-991f-42cc-b509-bf77e9ee0512@group-B1E67A06F9A6, cid=25, SUCCESS, logIndex=0, commits[3ac23d3a-991f-42cc-b509-bf77e9ee0512:c30, 488df63e-5a7b-4633-a6d8-bd9dbf92cc5c:c30, 4b9b847c-3cea-429d-a230-6bc1b9644d9a:c30]
2019-07-10 04:17:15,521 INFO  client.GrpcClientProtocolClient (GrpcClientProtocolClient.java:onNext(255)) - client-BDEC5D25D1E2->3ac23d3a-991f-42cc-b509-bf77e9ee0512: receive RaftClientReply:client-BDEC5D25D1E2->3ac23d3a-991f-42cc-b509-bf77e9ee0512@group-B1E67A06F9A6, cid=26, SUCCESS, logIndex=31, commits[3ac23d3a-991f-42cc-b509-bf77e9ee0512:c34, 488df63e-5a7b-4633-a6d8-bd9dbf92cc5c:c30, 4b9b847c-3cea-429d-a230-6bc1b9644d9a:c30]
 0.00% |█                                                                                                    |  0/1 Time: 0:00:032019-07-10 04:17:15,825 INFO  client.GrpcClientProtocolClient (GrpcClientProtocolClient.java:onNext(255)) - client-BDEC5D25D1E2->3ac23d3a-991f-42cc-b509-bf77e9ee0512: receive RaftClientReply:client-BDEC5D25D1E2->3ac23d3a-991f-42cc-b509-bf77e9ee0512@group-B1E67A06F9A6, cid=27, SUCCESS, logIndex=32, commits[3ac23d3a-991f-42cc-b509-bf77e9ee0512:c37, 488df63e-5a7b-4633-a6d8-bd9dbf92cc5c:c34, 4b9b847c-3cea-429d-a230-6bc1b9644d9a:c34]
2019-07-10 04:17:15,826 INFO  client.GrpcClientProtocolClient (GrpcClientProtocolClient.java:onNext(255)) - client-BDEC5D25D1E2->3ac23d3a-991f-42cc-b509-bf77e9ee0512: receive RaftClientReply:client-BDEC5D25D1E2->3ac23d3a-991f-42cc-b509-bf77e9ee0512@group-B1E67A06F9A6, cid=28, SUCCESS, logIndex=33, commits[3ac23d3a-991f-42cc-b509-bf77e9ee0512:c37, 488df63e-5a7b-4633-a6d8-bd9dbf92cc5c:c34, 4b9b847c-3cea-429d-a230-6bc1b9644d9a:c34]
2019-07-10 04:17:15,869 INFO  client.GrpcClientProtocolClient (GrpcClientProtocolClient.java:onNext(255)) - client-BDEC5D25D1E2->3ac23d3a-991f-42cc-b509-bf77e9ee0512: receive RaftClientReply:client-BDEC5D25D1E2->3ac23d3a-991f-42cc-b509-bf77e9ee0512@group-B1E67A06F9A6, cid=29, SUCCESS, logIndex=34, commits[3ac23d3a-991f-42cc-b509-bf77e9ee0512:c37, 488df63e-5a7b-4633-a6d8-bd9dbf92cc5c:c34, 4b9b847c-3cea-429d-a230-6bc1b9644d9a:c34]
2019-07-10 04:17:15,909 INFO  client.GrpcClientProtocolClient (GrpcClientProtocolClient.java:onNext(255)) - client-BDEC5D25D1E2->3ac23d3a-991f-42cc-b509-bf77e9ee0512: receive RaftClientReply:client-BDEC5D25D1E2->3ac23d3a-991f-42cc-b509-bf77e9ee0512@group-B1E67A06F9A6, cid=30, SUCCESS, logIndex=38, commits[3ac23d3a-991f-42cc-b509-bf77e9ee0512:c41, 488df63e-5a7b-4633-a6d8-bd9dbf92cc5c:c37, 4b9b847c-3cea-429d-a230-6bc1b9644d9a:c37]
2019-07-10 04:17:15,910 INFO  client.GrpcClientProtocolClient (GrpcClientProtocolClient.java:onNext(255)) - client-BDEC5D25D1E2->3ac23d3a-991f-42cc-b509-bf77e9ee0512: receive RaftClientReply:client-BDEC5D25D1E2->3ac23d3a-991f-42cc-b509-bf77e9ee0512@group-B1E67A06F9A6, cid=31, SUCCESS, logIndex=39, commits[3ac23d3a-991f-42cc-b509-bf77e9ee0512:c41, 488df63e-5a7b-4633-a6d8-bd9dbf92cc5c:c37, 4b9b847c-3cea-429d-a230-6bc1b9644d9a:c37]
2019-07-10 04:17:15,911 INFO  client.GrpcClientProtocolClient (GrpcClientProtocolClient.java:onNext(255)) - client-BDEC5D25D1E2->3ac23d3a-991f-42cc-b509-bf77e9ee0512: receive RaftClientReply:client-BDEC5D25D1E2->3ac23d3a-991f-42cc-b509-bf77e9ee0512@group-B1E67A06F9A6, cid=32, SUCCESS, logIndex=40, commits[3ac23d3a-991f-42cc-b509-bf77e9ee0512:c41, 488df63e-5a7b-4633-a6d8-bd9dbf92cc5c:c37, 4b9b847c-3cea-429d-a230-6bc1b9644d9a:c37]
2019-07-10 04:17:15,912 INFO  client.GrpcClientProtocolClient (GrpcClientProtocolClient.java:onNext(255)) - client-BDEC5D25D1E2->3ac23d3a-991f-42cc-b509-bf77e9ee0512: receive RaftClientReply:client-BDEC5D25D1E2->3ac23d3a-991f-42cc-b509-bf77e9ee0512@group-B1E67A06F9A6, cid=33, SUCCESS, logIndex=41, commits[3ac23d3a-991f-42cc-b509-bf77e9ee0512:c41, 488df63e-5a7b-4633-a6d8-bd9dbf92cc5c:c37, 4b9b847c-3cea-429d-a230-6bc1b9644d9a:c37]
2019-07-10 04:17:15,915 INFO  client.GrpcClientProtocolClient (GrpcClientProtocolClient.java:onNext(255)) - client-BDEC5D25D1E2->3ac23d3a-991f-42cc-b509-bf77e9ee0512: receive RaftClientReply:client-BDEC5D25D1E2->3ac23d3a-991f-42cc-b509-bf77e9ee0512@group-B1E67A06F9A6, cid=34, SUCCESS, logIndex=0, commits[3ac23d3a-991f-42cc-b509-bf77e9ee0512:c45, 488df63e-5a7b-4633-a6d8-bd9dbf92cc5c:c41, 4b9b847c-3cea-429d-a230-6bc1b9644d9a:c41]
2019-07-10 04:17:15,919 INFO  client.GrpcClientProtocolClient (GrpcClientProtocolClient.java:onNext(255)) - client-BDEC5D25D1E2->3ac23d3a-991f-42cc-b509-bf77e9ee0512: receive RaftClientReply:client-BDEC5D25D1E2->3ac23d3a-991f-42cc-b509-bf77e9ee0512@group-B1E67A06F9A6, cid=35, SUCCESS, logIndex=0, commits[3ac23d3a-991f-42cc-b509-bf77e9ee0512:c45, 488df63e-5a7b-4633-a6d8-bd9dbf92cc5c:c41, 4b9b847c-3cea-429d-a230-6bc1b9644d9a:c41]
2019-07-10 04:17:15,950 INFO  client.GrpcClientProtocolClient (GrpcClientProtocolClient.java:onNext(255)) - client-BDEC5D25D1E2->3ac23d3a-991f-42cc-b509-bf77e9ee0512: receive RaftClientReply:client-BDEC5D25D1E2->3ac23d3a-991f-42cc-b509-bf77e9ee0512@group-B1E67A06F9A6, cid=36, SUCCESS, logIndex=46, commits[3ac23d3a-991f-42cc-b509-bf77e9ee0512:c47, 488df63e-5a7b-4633-a6d8-bd9dbf92cc5c:c45, 4b9b847c-3cea-429d-a230-6bc1b9644d9a:c45]
2019-07-10 04:17:15,951 INFO  client.GrpcClientProtocolClient (GrpcClientProtocolClient.java:onNext(255)) - client-BDEC5D25D1E2->3ac23d3a-991f-42cc-b509-bf77e9ee0512: receive RaftClientReply:client-BDEC5D25D1E2->3ac23d3a-991f-42cc-b509-bf77e9ee0512@group-B1E67A06F9A6, cid=37, SUCCESS, logIndex=47, commits[3ac23d3a-991f-42cc-b509-bf77e9ee0512:c47, 488df63e-5a7b-4633-a6d8-bd9dbf92cc5c:c45, 4b9b847c-3cea-429d-a230-6bc1b9644d9a:c45]
2019-07-10 04:17:15,954 INFO  client.GrpcClientProtocolClient (GrpcClientProtocolClient.java:onNext(255)) - client-BDEC5D25D1E2->3ac23d3a-991f-42cc-b509-bf77e9ee0512: receive RaftClientReply:client-BDEC5D25D1E2->3ac23d3a-991f-42cc-b509-bf77e9ee0512@group-B1E67A06F9A6, cid=38, SUCCESS, logIndex=48, commits[3ac23d3a-991f-42cc-b509-bf77e9ee0512:c49, 488df63e-5a7b-4633-a6d8-bd9dbf92cc5c:c45, 4b9b847c-3cea-429d-a230-6bc1b9644d9a:c45]
2019-07-10 04:17:15,955 INFO  client.GrpcClientProtocolClient (GrpcClientProtocolClient.java:onNext(255)) - client-BDEC5D25D1E2->3ac23d3a-991f-42cc-b509-bf77e9ee0512: receive RaftClientReply:client-BDEC5D25D1E2->3ac23d3a-991f-42cc-b509-bf77e9ee0512@group-B1E67A06F9A6, cid=39, SUCCESS, logIndex=49, commits[3ac23d3a-991f-42cc-b509-bf77e9ee0512:c50, 488df63e-5a7b-4633-a6d8-bd9dbf92cc5c:c47, 4b9b847c-3cea-429d-a230-6bc1b9644d9a:c45]
2019-07-10 04:17:15,958 INFO  client.GrpcClientProtocolClient (GrpcClientProtocolClient.java:onNext(255)) - client-BDEC5D25D1E2->3ac23d3a-991f-42cc-b509-bf77e9ee0512: receive RaftClientReply:client-BDEC5D25D1E2->3ac23d3a-991f-42cc-b509-bf77e9ee0512@group-B1E67A06F9A6, cid=40, SUCCESS, logIndex=0, commits[3ac23d3a-991f-42cc-b509-bf77e9ee0512:c52, 488df63e-5a7b-4633-a6d8-bd9dbf92cc5c:c48, 4b9b847c-3cea-429d-a230-6bc1b9644d9a:c49]
2019-07-10 04:17:15,980 INFO  client.GrpcClientProtocolClient (GrpcClientProtocolClient.java:onNext(255)) - client-BDEC5D25D1E2->3ac23d3a-991f-42cc-b509-bf77e9ee0512: receive RaftClientReply:client-BDEC5D25D1E2->3ac23d3a-991f-42cc-b509-bf77e9ee0512@group-B1E67A06F9A6, cid=41, SUCCESS, logIndex=54, commits[3ac23d3a-991f-42cc-b509-bf77e9ee0512:c55, 488df63e-5a7b-4633-a6d8-bd9dbf92cc5c:c49, 4b9b847c-3cea-429d-a230-6bc1b9644d9a:c53]
2019-07-10 04:17:15,981 INFO  client.GrpcClientProtocolClient (GrpcClientProtocolClient.java:onNext(255)) - client-BDEC5D25D1E2->3ac23d3a-991f-42cc-b509-bf77e9ee0512: receive RaftClientReply:client-BDEC5D25D1E2->3ac23d3a-991f-42cc-b509-bf77e9ee0512@group-B1E67A06F9A6, cid=42, SUCCESS, logIndex=55, commits[3ac23d3a-991f-42cc-b509-bf77e9ee0512:c55, 488df63e-5a7b-4633-a6d8-bd9dbf92cc5c:c49, 4b9b847c-3cea-429d-a230-6bc1b9644d9a:c53]
2019-07-10 04:17:16,007 INFO  client.GrpcClientProtocolClient (GrpcClientProtocolClient.java:onNext(255)) - client-BDEC5D25D1E2->3ac23d3a-991f-42cc-b509-bf77e9ee0512: receive RaftClientReply:client-BDEC5D25D1E2->3ac23d3a-991f-42cc-b509-bf77e9ee0512@group-B1E67A06F9A6, cid=43, SUCCESS, logIndex=58, commits[3ac23d3a-991f-42cc-b509-bf77e9ee0512:c59, 488df63e-5a7b-4633-a6d8-bd9dbf92cc5c:c55, 4b9b847c-3cea-429d-a230-6bc1b9644d9a:c55]
2019-07-10 04:17:16,008 INFO  client.GrpcClientProtocolClient (GrpcClientProtocolClient.java:onNext(255)) - client-BDEC5D25D1E2->3ac23d3a-991f-42cc-b509-bf77e9ee0512: receive RaftClientReply:client-BDEC5D25D1E2->3ac23d3a-991f-42cc-b509-bf77e9ee0512@group-B1E67A06F9A6, cid=44, SUCCESS, logIndex=59, commits[3ac23d3a-991f-42cc-b509-bf77e9ee0512:c59, 488df63e-5a7b-4633-a6d8-bd9dbf92cc5c:c55, 4b9b847c-3cea-429d-a230-6bc1b9644d9a:c55]
2019-07-10 04:17:16,014 INFO  client.GrpcClientProtocolClient (GrpcClientProtocolClient.java:onNext(255)) - client-BDEC5D25D1E2->3ac23d3a-991f-42cc-b509-bf77e9ee0512: receive RaftClientReply:client-BDEC5D25D1E2->3ac23d3a-991f-42cc-b509-bf77e9ee0512@group-B1E67A06F9A6, cid=45, SUCCESS, logIndex=0, commits[3ac23d3a-991f-42cc-b509-bf77e9ee0512:c60, 488df63e-5a7b-4633-a6d8-bd9dbf92cc5c:c59, 4b9b847c-3cea-429d-a230-6bc1b9644d9a:c59]
2019-07-10 04:17:16,036 INFO  client.GrpcClientProtocolClient (GrpcClientProtocolClient.java:onNext(255)) - client-BDEC5D25D1E2->3ac23d3a-991f-42cc-b509-bf77e9ee0512: receive RaftClientReply:client-BDEC5D25D1E2->3ac23d3a-991f-42cc-b509-bf77e9ee0512@group-B1E67A06F9A6, cid=46, SUCCESS, logIndex=62, commits[3ac23d3a-991f-42cc-b509-bf77e9ee0512:c63, 488df63e-5a7b-4633-a6d8-bd9dbf92cc5c:c61, 4b9b847c-3cea-429d-a230-6bc1b9644d9a:c59]
2019-07-10 04:17:16,037 INFO  client.GrpcClientProtocolClient (GrpcClientProtocolClient.java:onNext(255)) - client-BDEC5D25D1E2->3ac23d3a-991f-42cc-b509-bf77e9ee0512: receive RaftClientReply:client-BDEC5D25D1E2->3ac23d3a-991f-42cc-b509-bf77e9ee0512@group-B1E67A06F9A6, cid=47, SUCCESS, logIndex=63, commits[3ac23d3a-991f-42cc-b509-bf77e9ee0512:c63, 488df63e-5a7b-4633-a6d8-bd9dbf92cc5c:c61, 4b9b847c-3cea-429d-a230-6bc1b9644d9a:c59]
2019-07-10 04:17:16,044 INFO  client.GrpcClientProtocolClient (GrpcClientProtocolClient.java:onNext(255)) - client-BDEC5D25D1E2->3ac23d3a-991f-42cc-b509-bf77e9ee0512: receive RaftClientReply:client-BDEC5D25D1E2->3ac23d3a-991f-42cc-b509-bf77e9ee0512@group-B1E67A06F9A6, cid=48, SUCCESS, logIndex=64, commits[3ac23d3a-991f-42cc-b509-bf77e9ee0512:c66, 488df63e-5a7b-4633-a6d8-bd9dbf92cc5c:c62, 4b9b847c-3cea-429d-a230-6bc1b9644d9a:c61]
2019-07-10 04:17:16,045 INFO  client.GrpcClientProtocolClient (GrpcClientProtocolClient.java:onNext(255)) - client-BDEC5D25D1E2->3ac23d3a-991f-42cc-b509-bf77e9ee0512: receive RaftClientReply:client-BDEC5D25D1E2->3ac23d3a-991f-42cc-b509-bf77e9ee0512@group-B1E67A06F9A6, cid=49, SUCCESS, logIndex=65, commits[3ac23d3a-991f-42cc-b509-bf77e9ee0512:c66, 488df63e-5a7b-4633-a6d8-bd9dbf92cc5c:c62, 4b9b847c-3cea-429d-a230-6bc1b9644d9a:c61]
2019-07-10 04:17:16,047 INFO  client.GrpcClientProtocolClient (GrpcClientProtocolClient.java:onNext(255)) - client-BDEC5D25D1E2->3ac23d3a-991f-42cc-b509-bf77e9ee0512: receive RaftClientReply:client-BDEC5D25D1E2->3ac23d3a-991f-42cc-b509-bf77e9ee0512@group-B1E67A06F9A6, cid=50, SUCCESS, logIndex=0, commits[3ac23d3a-991f-42cc-b509-bf77e9ee0512:c67, 488df63e-5a7b-4633-a6d8-bd9dbf92cc5c:c63, 4b9b847c-3cea-429d-a230-6bc1b9644d9a:c63]
2019-07-10 04:17:16,067 INFO  client.GrpcClientProtocolClient (GrpcClientProtocolClient.java:onNext(255)) - client-BDEC5D25D1E2->3ac23d3a-991f-42cc-b509-bf77e9ee0512: receive RaftClientReply:client-BDEC5D25D1E2->3ac23d3a-991f-42cc-b509-bf77e9ee0512@group-B1E67A06F9A6, cid=51, SUCCESS, logIndex=70, commits[3ac23d3a-991f-42cc-b509-bf77e9ee0512:c71, 488df63e-5a7b-4633-a6d8-bd9dbf92cc5c:c69, 4b9b847c-3cea-429d-a230-6bc1b9644d9a:c69]
2019-07-10 04:17:16,068 INFO  client.GrpcClientProtocolClient (GrpcClientProtocolClient.java:onNext(255)) - client-BDEC5D25D1E2->3ac23d3a-991f-42cc-b509-bf77e9ee0512: receive RaftClientReply:client-BDEC5D25D1E2->3ac23d3a-991f-42cc-b509-bf77e9ee0512@group-B1E67A06F9A6, cid=52, SUCCESS, logIndex=71, commits[3ac23d3a-991f-42cc-b509-bf77e9ee0512:c71, 488df63e-5a7b-4633-a6d8-bd9dbf92cc5c:c69, 4b9b847c-3cea-429d-a230-6bc1b9644d9a:c69]
2019-07-10 04:17:16,087 INFO  client.GrpcClientProtocolClient (GrpcClientProtocolClient.java:onNext(255)) - client-BDEC5D25D1E2->3ac23d3a-991f-42cc-b509-bf77e9ee0512: receive RaftClientReply:client-BDEC5D25D1E2->3ac23d3a-991f-42cc-b509-bf77e9ee0512@group-B1E67A06F9A6, cid=53, SUCCESS, logIndex=74, commits[3ac23d3a-991f-42cc-b509-bf77e9ee0512:c75, 488df63e-5a7b-4633-a6d8-bd9dbf92cc5c:c73, 4b9b847c-3cea-429d-a230-6bc1b9644d9a:c71]
2019-07-10 04:17:16,088 INFO  client.GrpcClientProtocolClient (GrpcClientProtocolClient.java:onNext(255)) - client-BDEC5D25D1E2->3ac23d3a-991f-42cc-b509-bf77e9ee0512: receive RaftClientReply:client-BDEC5D25D1E2->3ac23d3a-991f-42cc-b509-bf77e9ee0512@group-B1E67A06F9A6, cid=54, SUCCESS, logIndex=75, commits[3ac23d3a-991f-42cc-b509-bf77e9ee0512:c75, 488df63e-5a7b-4633-a6d8-bd9dbf92cc5c:c73, 4b9b847c-3cea-429d-a230-6bc1b9644d9a:c71]
2019-07-10 04:17:16,103 INFO  client.GrpcClientProtocolClient (GrpcClientProtocolClient.java:onNext(255)) - client-BDEC5D25D1E2->3ac23d3a-991f-42cc-b509-bf77e9ee0512: receive RaftClientReply:client-BDEC5D25D1E2->3ac23d3a-991f-42cc-b509-bf77e9ee0512@group-B1E67A06F9A6, cid=55, SUCCESS, logIndex=0, commits[3ac23d3a-991f-42cc-b509-bf77e9ee0512:c77, 488df63e-5a7b-4633-a6d8-bd9dbf92cc5c:c75, 4b9b847c-3cea-429d-a230-6bc1b9644d9a:c75]
 100.00% |█████████████████████████████████████████████████████████████████████████████████████████████████████|  1/1 Time: 0:00:04
2019-07-10 04:17:21,701 INFO  pipeline.SCMPipelineManager (SCMPipelineManager.java:finalizeAndDestroyPipeline(307)) - destroying pipeline:Pipeline[ Id: 32431701-372e-4e9b-b296-b1e67a06f9a6, Nodes: 488df63e-5a7b-4633-a6d8-bd9dbf92cc5c{ip: 192.168.5.134, host: hdds1735-nrzhw-914446414, networkLocation: /default-rack, certSerialId: null}3ac23d3a-991f-42cc-b509-bf77e9ee0512{ip: 192.168.5.134, host: hdds1735-nrzhw-914446414, networkLocation: /default-rack, certSerialId: null}4b9b847c-3cea-429d-a230-6bc1b9644d9a{ip: 192.168.5.134, host: hdds1735-nrzhw-914446414, networkLocation: /default-rack, certSerialId: null}, Type:RATIS, Factor:THREE, State:OPEN]
2019-07-10 04:17:21,702 INFO  pipeline.PipelineStateManager (PipelineStateManager.java:finalizePipeline(123)) - Pipeline Pipeline[ Id: 32431701-372e-4e9b-b296-b1e67a06f9a6, Nodes: 488df63e-5a7b-4633-a6d8-bd9dbf92cc5c{ip: 192.168.5.134, host: hdds1735-nrzhw-914446414, networkLocation: /default-rack, certSerialId: null}3ac23d3a-991f-42cc-b509-bf77e9ee0512{ip: 192.168.5.134, host: hdds1735-nrzhw-914446414, networkLocation: /default-rack, certSerialId: null}4b9b847c-3cea-429d-a230-6bc1b9644d9a{ip: 192.168.5.134, host: hdds1735-nrzhw-914446414, networkLocation: /default-rack, certSerialId: null}, Type:RATIS, Factor:THREE, State:CLOSED] moved to CLOSED state
2019-07-10 04:17:21,703 INFO  container.CloseContainerEventHandler (CloseContainerEventHandler.java:onMessage(61)) - Close container Event triggered for container : #1
2019-07-10 04:17:21,710 INFO  container.CloseContainerEventHandler (CloseContainerEventHandler.java:onMessage(61)) - Close container Event triggered for container : #2
2019-07-10 04:17:21,710 INFO  container.CloseContainerEventHandler (CloseContainerEventHandler.java:onMessage(61)) - Close container Event triggered for container : #3
2019-07-10 04:17:21,724 INFO  impl.RaftServerProxy (RaftServerProxy.java:remove(95)) - 488df63e-5a7b-4633-a6d8-bd9dbf92cc5c: remove FOLLOWER group-B1E67A06F9A6 488df63e-5a7b-4633-a6d8-bd9dbf92cc5c:t1, leader=3ac23d3a-991f-42cc-b509-bf77e9ee0512, voted=3ac23d3a-991f-42cc-b509-bf77e9ee0512, raftlog=488df63e-5a7b-4633-a6d8-bd9dbf92cc5c-SegmentedRaftLog:OPENED:c77,f77,i77, conf=0: [488df63e-5a7b-4633-a6d8-bd9dbf92cc5c:192.168.5.134:40409, 3ac23d3a-991f-42cc-b509-bf77e9ee0512:192.168.5.134:33848, 4b9b847c-3cea-429d-a230-6bc1b9644d9a:192.168.5.134:35404], old=null RUNNING
2019-07-10 04:17:21,728 INFO  impl.RaftServerImpl (RaftServerImpl.java:lambda$shutdown$3(245)) - 488df63e-5a7b-4633-a6d8-bd9dbf92cc5c: shutdown group-B1E67A06F9A6
2019-07-10 04:17:21,728 INFO  util.JmxRegister (JmxRegister.java:unregister(73)) - Successfully un-registered JMX Bean with object name Ratis:service=RaftServer,group=group-B1E67A06F9A6,id=488df63e-5a7b-4633-a6d8-bd9dbf92cc5c
2019-07-10 04:17:21,729 INFO  impl.RoleInfo (RoleInfo.java:shutdownFollowerState(121)) - 488df63e-5a7b-4633-a6d8-bd9dbf92cc5c: shutdown FollowerState
2019-07-10 04:17:21,729 INFO  impl.StateMachineUpdater (StateMachineUpdater.java:stopAndJoin(115)) - StateMachineUpdater:488df63e-5a7b-4633-a6d8-bd9dbf92cc5c:group-B1E67A06F9A6: set stopIndex = 77
2019-07-10 04:17:21,729 INFO  impl.FollowerState (FollowerState.java:run(114)) - 488df63e-5a7b-4633-a6d8-bd9dbf92cc5c: FollowerState was interrupted: java.lang.InterruptedException: sleep interrupted
2019-07-10 04:17:21,729 INFO  ratis.ContainerStateMachine (ContainerStateMachine.java:takeSnapshot(244)) - Taking snapshot at termIndex:(t:1, i:75)
2019-07-10 04:17:21,732 INFO  ratis.ContainerStateMachine (ContainerStateMachine.java:takeSnapshot(248)) - Taking a snapshot to file /tmp/workdir/hadoop-ozone/tools/target/test-dir/MiniOzoneClusterImpl-c718534e-e39c-40bd-8c5e-6aea11dc1b4e/datanode-2/data/ratis/32431701-372e-4e9b-b296-b1e67a06f9a6/sm/snapshot.1_75
2019-07-10 04:17:21,745 INFO  impl.StateMachineUpdater (StateMachineUpdater.java:takeSnapshot(242)) - StateMachineUpdater:488df63e-5a7b-4633-a6d8-bd9dbf92cc5c:group-B1E67A06F9A6: Took a snapshot at index 75
2019-07-10 04:17:21,746 INFO  impl.StateMachineUpdater (StateMachineUpdater.java:lambda$new$0(80)) - StateMachineUpdater:488df63e-5a7b-4633-a6d8-bd9dbf92cc5c:group-B1E67A06F9A6: snapshotIndex: updateIncreasingly -1 -> 75
2019-07-10 04:17:21,751 INFO  impl.RaftServerImpl (ServerState.java:close(394)) - 488df63e-5a7b-4633-a6d8-bd9dbf92cc5c:group-B1E67A06F9A6 closes. The last applied log index is 77
2019-07-10 04:17:21,754 INFO  segmented.SegmentedRaftLogWorker (SegmentedRaftLogWorker.java:run(313)) - 488df63e-5a7b-4633-a6d8-bd9dbf92cc5c-SegmentedRaftLogWorker:Storage Directory /tmp/workdir/hadoop-ozone/tools/target/test-dir/MiniOzoneClusterImpl-c718534e-e39c-40bd-8c5e-6aea11dc1b4e/datanode-2/data/ratis/32431701-372e-4e9b-b296-b1e67a06f9a6 was interrupted, exiting. There are 0 tasks remaining in the queue.
2019-07-10 04:17:21,756 INFO  segmented.SegmentedRaftLogWorker (SegmentedRaftLogWorker.java:close(228)) - 488df63e-5a7b-4633-a6d8-bd9dbf92cc5c-SegmentedRaftLogWorker:Storage Directory /tmp/workdir/hadoop-ozone/tools/target/test-dir/MiniOzoneClusterImpl-c718534e-e39c-40bd-8c5e-6aea11dc1b4e/datanode-2/data/ratis/32431701-372e-4e9b-b296-b1e67a06f9a6 close()
2019-07-10 04:17:21,781 INFO  impl.RaftServerProxy (RaftServerProxy.java:remove(95)) - 3ac23d3a-991f-42cc-b509-bf77e9ee0512: remove   LEADER group-B1E67A06F9A6 3ac23d3a-991f-42cc-b509-bf77e9ee0512:t1, leader=3ac23d3a-991f-42cc-b509-bf77e9ee0512, voted=3ac23d3a-991f-42cc-b509-bf77e9ee0512, raftlog=3ac23d3a-991f-42cc-b509-bf77e9ee0512-SegmentedRaftLog:OPENED:c77,f77,i77, conf=0: [488df63e-5a7b-4633-a6d8-bd9dbf92cc5c:192.168.5.134:40409, 3ac23d3a-991f-42cc-b509-bf77e9ee0512:192.168.5.134:33848, 4b9b847c-3cea-429d-a230-6bc1b9644d9a:192.168.5.134:35404], old=null RUNNING
2019-07-10 04:17:21,782 INFO  impl.RaftServerImpl (RaftServerImpl.java:lambda$shutdown$3(245)) - 3ac23d3a-991f-42cc-b509-bf77e9ee0512: shutdown group-B1E67A06F9A6
2019-07-10 04:17:21,783 INFO  util.JmxRegister (JmxRegister.java:unregister(73)) - Successfully un-registered JMX Bean with object name Ratis:service=RaftServer,group=group-B1E67A06F9A6,id=3ac23d3a-991f-42cc-b509-bf77e9ee0512
2019-07-10 04:17:21,783 INFO  impl.RoleInfo (RoleInfo.java:shutdownLeaderState(104)) - 3ac23d3a-991f-42cc-b509-bf77e9ee0512: shutdown LeaderState
2019-07-10 04:17:21,786 WARN  server.GrpcLogAppender (GrpcLogAppender.java:mayWait(143)) - GrpcLogAppender(3ac23d3a-991f-42cc-b509-bf77e9ee0512->488df63e-5a7b-4633-a6d8-bd9dbf92cc5c): Wait interrupted by java.lang.InterruptedException
2019-07-10 04:17:21,786 INFO  impl.PendingRequests (PendingRequests.java:sendNotLeaderResponses(202)) - 3ac23d3a-991f-42cc-b509-bf77e9ee0512-PendingRequests: sendNotLeaderResponses
2019-07-10 04:17:21,792 WARN  server.GrpcLogAppender (GrpcLogAppender.java:mayWait(143)) - GrpcLogAppender(3ac23d3a-991f-42cc-b509-bf77e9ee0512->4b9b847c-3cea-429d-a230-6bc1b9644d9a): Wait interrupted by java.lang.InterruptedException
2019-07-10 04:17:21,799 INFO  server.GrpcServerProtocolService (GrpcServerProtocolService.java:onCompleted(104)) - 4b9b847c-3cea-429d-a230-6bc1b9644d9a: appendEntries completed
2019-07-10 04:17:21,799 INFO  server.GrpcServerProtocolService (GrpcServerProtocolService.java:onCompleted(104)) - 488df63e-5a7b-4633-a6d8-bd9dbf92cc5c: appendEntries completed
2019-07-10 04:17:21,801 INFO  server.GrpcLogAppender (GrpcLogAppender.java:onCompleted(292)) - 3ac23d3a-991f-42cc-b509-bf77e9ee0512->4b9b847c-3cea-429d-a230-6bc1b9644d9a: follower responses appendEntries COMPLETED
2019-07-10 04:17:21,803 INFO  server.GrpcLogAppender (GrpcLogAppender.java:onCompleted(292)) - 3ac23d3a-991f-42cc-b509-bf77e9ee0512->488df63e-5a7b-4633-a6d8-bd9dbf92cc5c: follower responses appendEntries COMPLETED
2019-07-10 04:17:21,808 INFO  impl.StateMachineUpdater (StateMachineUpdater.java:stopAndJoin(115)) - StateMachineUpdater:3ac23d3a-991f-42cc-b509-bf77e9ee0512:group-B1E67A06F9A6: set stopIndex = 77
2019-07-10 04:17:21,810 INFO  ratis.ContainerStateMachine (ContainerStateMachine.java:takeSnapshot(244)) - Taking snapshot at termIndex:(t:1, i:75)
2019-07-10 04:17:21,811 INFO  ratis.ContainerStateMachine (ContainerStateMachine.java:takeSnapshot(248)) - Taking a snapshot to file /tmp/workdir/hadoop-ozone/tools/target/test-dir/MiniOzoneClusterImpl-c718534e-e39c-40bd-8c5e-6aea11dc1b4e/datanode-0/data/ratis/32431701-372e-4e9b-b296-b1e67a06f9a6/sm/snapshot.1_75
2019-07-10 04:17:21,813 INFO  impl.FollowerInfo (FollowerInfo.java:lambda$new$0(50)) - 3ac23d3a-991f-42cc-b509-bf77e9ee0512->488df63e-5a7b-4633-a6d8-bd9dbf92cc5c: nextIndex: updateUnconditionally 78 -> 77
2019-07-10 04:17:21,813 INFO  impl.FollowerInfo (FollowerInfo.java:lambda$new$0(50)) - 3ac23d3a-991f-42cc-b509-bf77e9ee0512->4b9b847c-3cea-429d-a230-6bc1b9644d9a: nextIndex: updateUnconditionally 78 -> 77
2019-07-10 04:17:21,815 INFO  impl.StateMachineUpdater (StateMachineUpdater.java:takeSnapshot(242)) - StateMachineUpdater:3ac23d3a-991f-42cc-b509-bf77e9ee0512:group-B1E67A06F9A6: Took a snapshot at index 75
2019-07-10 04:17:21,815 INFO  impl.StateMachineUpdater (StateMachineUpdater.java:lambda$new$0(80)) - StateMachineUpdater:3ac23d3a-991f-42cc-b509-bf77e9ee0512:group-B1E67A06F9A6: snapshotIndex: updateIncreasingly -1 -> 75
2019-07-10 04:17:21,815 INFO  impl.RaftServerImpl (ServerState.java:close(394)) - 3ac23d3a-991f-42cc-b509-bf77e9ee0512:group-B1E67A06F9A6 closes. The last applied log index is 77
2019-07-10 04:17:21,816 INFO  segmented.SegmentedRaftLogWorker (SegmentedRaftLogWorker.java:run(313)) - 3ac23d3a-991f-42cc-b509-bf77e9ee0512-SegmentedRaftLogWorker:Storage Directory /tmp/workdir/hadoop-ozone/tools/target/test-dir/MiniOzoneClusterImpl-c718534e-e39c-40bd-8c5e-6aea11dc1b4e/datanode-0/data/ratis/32431701-372e-4e9b-b296-b1e67a06f9a6 was interrupted, exiting. There are 0 tasks remaining in the queue.
2019-07-10 04:17:21,821 INFO  segmented.SegmentedRaftLogWorker (SegmentedRaftLogWorker.java:close(228)) - 3ac23d3a-991f-42cc-b509-bf77e9ee0512-SegmentedRaftLogWorker:Storage Directory /tmp/workdir/hadoop-ozone/tools/target/test-dir/MiniOzoneClusterImpl-c718534e-e39c-40bd-8c5e-6aea11dc1b4e/datanode-0/data/ratis/32431701-372e-4e9b-b296-b1e67a06f9a6 close()
2019-07-10 04:17:21,844 INFO  impl.RaftServerProxy (RaftServerProxy.java:remove(95)) - 4b9b847c-3cea-429d-a230-6bc1b9644d9a: remove FOLLOWER group-B1E67A06F9A6 4b9b847c-3cea-429d-a230-6bc1b9644d9a:t1, leader=3ac23d3a-991f-42cc-b509-bf77e9ee0512, voted=4b9b847c-3cea-429d-a230-6bc1b9644d9a, raftlog=4b9b847c-3cea-429d-a230-6bc1b9644d9a-SegmentedRaftLog:OPENED:c77,f77,i77, conf=0: [488df63e-5a7b-4633-a6d8-bd9dbf92cc5c:192.168.5.134:40409, 3ac23d3a-991f-42cc-b509-bf77e9ee0512:192.168.5.134:33848, 4b9b847c-3cea-429d-a230-6bc1b9644d9a:192.168.5.134:35404], old=null RUNNING
2019-07-10 04:17:21,845 INFO  impl.RaftServerImpl (RaftServerImpl.java:lambda$shutdown$3(245)) - 4b9b847c-3cea-429d-a230-6bc1b9644d9a: shutdown group-B1E67A06F9A6
2019-07-10 04:17:21,845 INFO  util.JmxRegister (JmxRegister.java:unregister(73)) - Successfully un-registered JMX Bean with object name Ratis:service=RaftServer,group=group-B1E67A06F9A6,id=4b9b847c-3cea-429d-a230-6bc1b9644d9a
2019-07-10 04:17:21,845 INFO  impl.RoleInfo (RoleInfo.java:shutdownFollowerState(121)) - 4b9b847c-3cea-429d-a230-6bc1b9644d9a: shutdown FollowerState
2019-07-10 04:17:21,845 INFO  impl.StateMachineUpdater (StateMachineUpdater.java:stopAndJoin(115)) - StateMachineUpdater:4b9b847c-3cea-429d-a230-6bc1b9644d9a:group-B1E67A06F9A6: set stopIndex = 77
2019-07-10 04:17:21,846 INFO  impl.FollowerState (FollowerState.java:run(114)) - 4b9b847c-3cea-429d-a230-6bc1b9644d9a: FollowerState was interrupted: java.lang.InterruptedException: sleep interrupted
2019-07-10 04:17:21,846 INFO  ratis.ContainerStateMachine (ContainerStateMachine.java:takeSnapshot(244)) - Taking snapshot at termIndex:(t:1, i:75)
2019-07-10 04:17:21,848 INFO  ratis.ContainerStateMachine (ContainerStateMachine.java:takeSnapshot(248)) - Taking a snapshot to file /tmp/workdir/hadoop-ozone/tools/target/test-dir/MiniOzoneClusterImpl-c718534e-e39c-40bd-8c5e-6aea11dc1b4e/datanode-1/data/ratis/32431701-372e-4e9b-b296-b1e67a06f9a6/sm/snapshot.1_75
2019-07-10 04:17:21,849 INFO  impl.StateMachineUpdater (StateMachineUpdater.java:takeSnapshot(242)) - StateMachineUpdater:4b9b847c-3cea-429d-a230-6bc1b9644d9a:group-B1E67A06F9A6: Took a snapshot at index 75
2019-07-10 04:17:21,849 INFO  impl.StateMachineUpdater (StateMachineUpdater.java:lambda$new$0(80)) - StateMachineUpdater:4b9b847c-3cea-429d-a230-6bc1b9644d9a:group-B1E67A06F9A6: snapshotIndex: updateIncreasingly -1 -> 75
2019-07-10 04:17:21,849 INFO  impl.RaftServerImpl (ServerState.java:close(394)) - 4b9b847c-3cea-429d-a230-6bc1b9644d9a:group-B1E67A06F9A6 closes. The last applied log index is 77
2019-07-10 04:17:21,851 INFO  segmented.SegmentedRaftLogWorker (SegmentedRaftLogWorker.java:run(313)) - 4b9b847c-3cea-429d-a230-6bc1b9644d9a-SegmentedRaftLogWorker:Storage Directory /tmp/workdir/hadoop-ozone/tools/target/test-dir/MiniOzoneClusterImpl-c718534e-e39c-40bd-8c5e-6aea11dc1b4e/datanode-1/data/ratis/32431701-372e-4e9b-b296-b1e67a06f9a6 was interrupted, exiting. There are 0 tasks remaining in the queue.
2019-07-10 04:17:21,851 INFO  segmented.SegmentedRaftLogWorker (SegmentedRaftLogWorker.java:close(228)) - 4b9b847c-3cea-429d-a230-6bc1b9644d9a-SegmentedRaftLogWorker:Storage Directory /tmp/workdir/hadoop-ozone/tools/target/test-dir/MiniOzoneClusterImpl-c718534e-e39c-40bd-8c5e-6aea11dc1b4e/datanode-1/data/ratis/32431701-372e-4e9b-b296-b1e67a06f9a6 close()
2019-07-10 04:17:21,864 INFO  pipeline.PipelineStateManager (PipelineStateManager.java:removePipeline(108)) - Pipeline Pipeline[ Id: 32431701-372e-4e9b-b296-b1e67a06f9a6, Nodes: 488df63e-5a7b-4633-a6d8-bd9dbf92cc5c{ip: 192.168.5.134, host: hdds1735-nrzhw-914446414, networkLocation: /default-rack, certSerialId: null}3ac23d3a-991f-42cc-b509-bf77e9ee0512{ip: 192.168.5.134, host: hdds1735-nrzhw-914446414, networkLocation: /default-rack, certSerialId: null}4b9b847c-3cea-429d-a230-6bc1b9644d9a{ip: 192.168.5.134, host: hdds1735-nrzhw-914446414, networkLocation: /default-rack, certSerialId: null}, Type:RATIS, Factor:THREE, State:CLOSED] removed from db
2019-07-10 04:17:21,883 INFO  impl.RaftServerProxy (RaftServerProxy.java:addNew(89)) - 488df63e-5a7b-4633-a6d8-bd9dbf92cc5c: addNew group-1D44FDA788B8:[488df63e-5a7b-4633-a6d8-bd9dbf92cc5c:192.168.5.134:40409, 3ac23d3a-991f-42cc-b509-bf77e9ee0512:192.168.5.134:33848, 4b9b847c-3cea-429d-a230-6bc1b9644d9a:192.168.5.134:35404] returns group-1D44FDA788B8:java.util.concurrent.CompletableFuture@7d839e47[Not completed]
2019-07-10 04:17:21,884 INFO  impl.RaftServerProxy (RaftServerProxy.java:addNew(89)) - 3ac23d3a-991f-42cc-b509-bf77e9ee0512: addNew group-1D44FDA788B8:[488df63e-5a7b-4633-a6d8-bd9dbf92cc5c:192.168.5.134:40409, 3ac23d3a-991f-42cc-b509-bf77e9ee0512:192.168.5.134:33848, 4b9b847c-3cea-429d-a230-6bc1b9644d9a:192.168.5.134:35404] returns group-1D44FDA788B8:java.util.concurrent.CompletableFuture@1afaf06[Not completed]
2019-07-10 04:17:21,885 INFO  impl.RaftServerProxy (RaftServerProxy.java:addNew(89)) - 4b9b847c-3cea-429d-a230-6bc1b9644d9a: addNew group-1D44FDA788B8:[488df63e-5a7b-4633-a6d8-bd9dbf92cc5c:192.168.5.134:40409, 3ac23d3a-991f-42cc-b509-bf77e9ee0512:192.168.5.134:33848, 4b9b847c-3cea-429d-a230-6bc1b9644d9a:192.168.5.134:35404] returns group-1D44FDA788B8:java.util.concurrent.CompletableFuture@7141d745[Not completed]
2019-07-10 04:17:21,886 INFO  impl.RaftServerImpl (RaftServerImpl.java:<init>(93)) - 488df63e-5a7b-4633-a6d8-bd9dbf92cc5c: new RaftServerImpl for group-1D44FDA788B8:[488df63e-5a7b-4633-a6d8-bd9dbf92cc5c:192.168.5.134:40409, 3ac23d3a-991f-42cc-b509-bf77e9ee0512:192.168.5.134:33848, 4b9b847c-3cea-429d-a230-6bc1b9644d9a:192.168.5.134:35404] with ContainerStateMachine:uninitialized
2019-07-10 04:17:21,886 INFO  server.RaftServerConfigKeys (ConfUtils.java:logGet(43)) - raft.server.rpc.timeout.min = 1s (custom)
2019-07-10 04:17:21,886 INFO  server.RaftServerConfigKeys (ConfUtils.java:logGet(43)) - raft.server.rpc.timeout.max = 1200ms (custom)
2019-07-10 04:17:21,887 INFO  server.RaftServerConfigKeys (ConfUtils.java:logGet(43)) - raft.server.rpcslowness.timeout = 120s (custom)
2019-07-10 04:17:21,887 INFO  impl.RaftServerImpl (RaftServerImpl.java:<init>(93)) - 4b9b847c-3cea-429d-a230-6bc1b9644d9a: new RaftServerImpl for group-1D44FDA788B8:[488df63e-5a7b-4633-a6d8-bd9dbf92cc5c:192.168.5.134:40409, 3ac23d3a-991f-42cc-b509-bf77e9ee0512:192.168.5.134:33848, 4b9b847c-3cea-429d-a230-6bc1b9644d9a:192.168.5.134:35404] with ContainerStateMachine:uninitialized
2019-07-10 04:17:21,887 INFO  server.RaftServerConfigKeys (ConfUtils.java:logGet(43)) - raft.server.sleep.deviation.threshold = 300 (default)
2019-07-10 04:17:21,887 INFO  server.RaftServerConfigKeys (ConfUtils.java:logGet(43)) - raft.server.rpc.timeout.min = 1s (custom)
2019-07-10 04:17:21,887 INFO  server.RaftServerConfigKeys (ConfUtils.java:logGet(43)) - raft.server.log.appender.install.snapshot.enabled = false (custom)
2019-07-10 04:17:21,887 INFO  server.RaftServerConfigKeys (ConfUtils.java:logGet(43)) - raft.server.rpc.timeout.max = 1200ms (custom)
2019-07-10 04:17:21,888 INFO  impl.RaftServerImpl (ServerState.java:<init>(105)) - 488df63e-5a7b-4633-a6d8-bd9dbf92cc5c:group-1D44FDA788B8 ConfigurationManager, init=-1: [488df63e-5a7b-4633-a6d8-bd9dbf92cc5c:192.168.5.134:40409, 3ac23d3a-991f-42cc-b509-bf77e9ee0512:192.168.5.134:33848, 4b9b847c-3cea-429d-a230-6bc1b9644d9a:192.168.5.134:35404], old=null, confs=<EMPTY_MAP>
2019-07-10 04:17:21,888 INFO  impl.RaftServerImpl (RaftServerImpl.java:<init>(93)) - 3ac23d3a-991f-42cc-b509-bf77e9ee0512: new RaftServerImpl for group-1D44FDA788B8:[488df63e-5a7b-4633-a6d8-bd9dbf92cc5c:192.168.5.134:40409, 3ac23d3a-991f-42cc-b509-bf77e9ee0512:192.168.5.134:33848, 4b9b847c-3cea-429d-a230-6bc1b9644d9a:192.168.5.134:35404] with ContainerStateMachine:uninitialized
2019-07-10 04:17:21,888 INFO  server.RaftServerConfigKeys (ConfUtils.java:logGet(43)) - raft.server.rpcslowness.timeout = 120s (custom)
2019-07-10 04:17:21,888 INFO  server.RaftServerConfigKeys (ConfUtils.java:logGet(43)) - raft.server.rpc.timeout.min = 1s (custom)
2019-07-10 04:17:21,888 INFO  server.RaftServerConfigKeys (ConfUtils.java:logGet(43)) - raft.server.storage.dir = [/tmp/workdir/hadoop-ozone/tools/target/test-dir/MiniOzoneClusterImpl-c718534e-e39c-40bd-8c5e-6aea11dc1b4e/datanode-2/data/ratis] (custom)
2019-07-10 04:17:21,888 INFO  server.RaftServerConfigKeys (ConfUtils.java:logGet(43)) - raft.server.sleep.deviation.threshold = 300 (default)
2019-07-10 04:17:21,888 INFO  server.RaftServerConfigKeys (ConfUtils.java:logGet(43)) - raft.server.rpc.timeout.max = 1200ms (custom)
2019-07-10 04:17:21,889 INFO  server.RaftServerConfigKeys (ConfUtils.java:logGet(43)) - raft.server.log.appender.install.snapshot.enabled = false (custom)
2019-07-10 04:17:21,889 INFO  storage.RaftStorageDirectory (RaftStorageDirectory.java:analyzeStorage(246)) - The storage directory /tmp/workdir/hadoop-ozone/tools/target/test-dir/MiniOzoneClusterImpl-c718534e-e39c-40bd-8c5e-6aea11dc1b4e/datanode-2/data/ratis/29b5f19e-82ee-449b-be93-1d44fda788b8 does not exist. Creating ...
2019-07-10 04:17:21,889 INFO  server.RaftServerConfigKeys (ConfUtils.java:logGet(43)) - raft.server.rpcslowness.timeout = 120s (custom)
2019-07-10 04:17:21,889 INFO  impl.RaftServerImpl (ServerState.java:<init>(105)) - 4b9b847c-3cea-429d-a230-6bc1b9644d9a:group-1D44FDA788B8 ConfigurationManager, init=-1: [488df63e-5a7b-4633-a6d8-bd9dbf92cc5c:192.168.5.134:40409, 3ac23d3a-991f-42cc-b509-bf77e9ee0512:192.168.5.134:33848, 4b9b847c-3cea-429d-a230-6bc1b9644d9a:192.168.5.134:35404], old=null, confs=<EMPTY_MAP>
2019-07-10 04:17:21,889 INFO  server.RaftServerConfigKeys (ConfUtils.java:logGet(43)) - raft.server.sleep.deviation.threshold = 300 (default)
2019-07-10 04:17:21,890 INFO  server.RaftServerConfigKeys (ConfUtils.java:logGet(43)) - raft.server.storage.dir = [/tmp/workdir/hadoop-ozone/tools/target/test-dir/MiniOzoneClusterImpl-c718534e-e39c-40bd-8c5e-6aea11dc1b4e/datanode-1/data/ratis] (custom)
2019-07-10 04:17:21,890 INFO  server.RaftServerConfigKeys (ConfUtils.java:logGet(43)) - raft.server.log.appender.install.snapshot.enabled = false (custom)
2019-07-10 04:17:21,890 INFO  storage.RaftStorageDirectory (RaftStorageDirectory.java:analyzeStorage(246)) - The storage directory /tmp/workdir/hadoop-ozone/tools/target/test-dir/MiniOzoneClusterImpl-c718534e-e39c-40bd-8c5e-6aea11dc1b4e/datanode-1/data/ratis/29b5f19e-82ee-449b-be93-1d44fda788b8 does not exist. Creating ...
2019-07-10 04:17:21,890 INFO  impl.RaftServerImpl (ServerState.java:<init>(105)) - 3ac23d3a-991f-42cc-b509-bf77e9ee0512:group-1D44FDA788B8 ConfigurationManager, init=-1: [488df63e-5a7b-4633-a6d8-bd9dbf92cc5c:192.168.5.134:40409, 3ac23d3a-991f-42cc-b509-bf77e9ee0512:192.168.5.134:33848, 4b9b847c-3cea-429d-a230-6bc1b9644d9a:192.168.5.134:35404], old=null, confs=<EMPTY_MAP>
2019-07-10 04:17:21,890 INFO  server.RaftServerConfigKeys (ConfUtils.java:logGet(43)) - raft.server.storage.dir = [/tmp/workdir/hadoop-ozone/tools/target/test-dir/MiniOzoneClusterImpl-c718534e-e39c-40bd-8c5e-6aea11dc1b4e/datanode-0/data/ratis] (custom)
2019-07-10 04:17:21,891 INFO  storage.RaftStorageDirectory (RaftStorageDirectory.java:analyzeStorage(246)) - The storage directory /tmp/workdir/hadoop-ozone/tools/target/test-dir/MiniOzoneClusterImpl-c718534e-e39c-40bd-8c5e-6aea11dc1b4e/datanode-0/data/ratis/29b5f19e-82ee-449b-be93-1d44fda788b8 does not exist. Creating ...
2019-07-10 04:17:21,902 INFO  storage.RaftStorageDirectory (RaftStorageDirectory.java:tryLock(328)) - Lock on /tmp/workdir/hadoop-ozone/tools/target/test-dir/MiniOzoneClusterImpl-c718534e-e39c-40bd-8c5e-6aea11dc1b4e/datanode-0/data/ratis/29b5f19e-82ee-449b-be93-1d44fda788b8/in_use.lock acquired by nodename 22523@hdds1735-nrzhw-914446414
2019-07-10 04:17:21,902 INFO  storage.RaftStorageDirectory (RaftStorageDirectory.java:tryLock(328)) - Lock on /tmp/workdir/hadoop-ozone/tools/target/test-dir/MiniOzoneClusterImpl-c718534e-e39c-40bd-8c5e-6aea11dc1b4e/datanode-1/data/ratis/29b5f19e-82ee-449b-be93-1d44fda788b8/in_use.lock acquired by nodename 22523@hdds1735-nrzhw-914446414
2019-07-10 04:17:21,902 INFO  storage.RaftStorageDirectory (RaftStorageDirectory.java:tryLock(328)) - Lock on /tmp/workdir/hadoop-ozone/tools/target/test-dir/MiniOzoneClusterImpl-c718534e-e39c-40bd-8c5e-6aea11dc1b4e/datanode-2/data/ratis/29b5f19e-82ee-449b-be93-1d44fda788b8/in_use.lock acquired by nodename 22523@hdds1735-nrzhw-914446414
2019-07-10 04:17:21,908 INFO  storage.RaftStorage (RaftStorage.java:format(72)) - Storage directory /tmp/workdir/hadoop-ozone/tools/target/test-dir/MiniOzoneClusterImpl-c718534e-e39c-40bd-8c5e-6aea11dc1b4e/datanode-1/data/ratis/29b5f19e-82ee-449b-be93-1d44fda788b8 has been successfully formatted.
2019-07-10 04:17:21,908 INFO  storage.RaftStorage (RaftStorage.java:format(72)) - Storage directory /tmp/workdir/hadoop-ozone/tools/target/test-dir/MiniOzoneClusterImpl-c718534e-e39c-40bd-8c5e-6aea11dc1b4e/datanode-2/data/ratis/29b5f19e-82ee-449b-be93-1d44fda788b8 has been successfully formatted.
2019-07-10 04:17:21,909 INFO  ratis.ContainerStateMachine (ContainerStateMachine.java:loadSnapshot(198)) - The snapshot info is null.Setting the last applied index to:(t:0, i:~)
2019-07-10 04:17:21,908 INFO  storage.RaftStorage (RaftStorage.java:format(72)) - Storage directory /tmp/workdir/hadoop-ozone/tools/target/test-dir/MiniOzoneClusterImpl-c718534e-e39c-40bd-8c5e-6aea11dc1b4e/datanode-0/data/ratis/29b5f19e-82ee-449b-be93-1d44fda788b8 has been successfully formatted.
2019-07-10 04:17:21,909 INFO  server.RaftServerConfigKeys (ConfUtils.java:logGet(43)) - raft.server.leader.election.timeout = 120s (custom)
2019-07-10 04:17:21,909 INFO  ratis.ContainerStateMachine (ContainerStateMachine.java:loadSnapshot(198)) - The snapshot info is null.Setting the last applied index to:(t:0, i:~)
2019-07-10 04:17:21,909 INFO  ratis.ContainerStateMachine (ContainerStateMachine.java:loadSnapshot(198)) - The snapshot info is null.Setting the last applied index to:(t:0, i:~)
2019-07-10 04:17:21,909 INFO  server.RaftServerConfigKeys (ConfUtils.java:logGet(43)) - raft.server.leader.election.timeout = 120s (custom)
2019-07-10 04:17:21,909 INFO  server.RaftServerConfigKeys (ConfUtils.java:logGet(43)) - raft.server.log.use.memory = false (default)
2019-07-10 04:17:21,910 INFO  server.RaftServerConfigKeys (ConfUtils.java:logGet(43)) - raft.server.log.use.memory = false (default)
2019-07-10 04:17:21,909 INFO  server.RaftServerConfigKeys (ConfUtils.java:logGet(43)) - raft.server.leader.election.timeout = 120s (custom)
2019-07-10 04:17:21,910 INFO  server.RaftServerConfigKeys (ConfUtils.java:logGet(43)) - raft.server.log.purge.gap = 1000000000 (custom)
2019-07-10 04:17:21,910 INFO  server.RaftServerConfigKeys (ConfUtils.java:logGet(43)) - raft.server.log.purge.gap = 1000000000 (custom)
2019-07-10 04:17:21,910 INFO  server.RaftServerConfigKeys (ConfUtils.java:logGet(43)) - raft.server.log.appender.buffer.byte-limit = 33554432 (custom)
2019-07-10 04:17:21,910 INFO  server.RaftServerConfigKeys (ConfUtils.java:logGet(43)) - raft.server.log.use.memory = false (default)
2019-07-10 04:17:21,911 INFO  server.RaftServerConfigKeys (ConfUtils.java:logGet(43)) - raft.server.log.segment.size.max = 1048576 (custom)
2019-07-10 04:17:21,910 INFO  server.RaftServerConfigKeys (ConfUtils.java:logGet(43)) - raft.server.log.appender.buffer.byte-limit = 33554432 (custom)
2019-07-10 04:17:21,911 INFO  server.RaftServerConfigKeys (ConfUtils.java:logGet(43)) - raft.server.log.segment.cache.num.max = 2 (custom)
2019-07-10 04:17:21,911 INFO  server.RaftServerConfigKeys (ConfUtils.java:logGet(43)) - raft.server.log.purge.gap = 1000000000 (custom)
2019-07-10 04:17:21,911 INFO  segmented.SegmentedRaftLogWorker (SegmentedRaftLogWorker.java:<init>(172)) - new 3ac23d3a-991f-42cc-b509-bf77e9ee0512-SegmentedRaftLogWorker:Storage Directory /tmp/workdir/hadoop-ozone/tools/target/test-dir/MiniOzoneClusterImpl-c718534e-e39c-40bd-8c5e-6aea11dc1b4e/datanode-0/data/ratis/29b5f19e-82ee-449b-be93-1d44fda788b8 for RaftStorage:Storage Directory /tmp/workdir/hadoop-ozone/tools/target/test-dir/MiniOzoneClusterImpl-c718534e-e39c-40bd-8c5e-6aea11dc1b4e/datanode-0/data/ratis/29b5f19e-82ee-449b-be93-1d44fda788b8
2019-07-10 04:17:21,911 INFO  server.RaftServerConfigKeys (ConfUtils.java:logGet(43)) - raft.server.log.segment.size.max = 1048576 (custom)
2019-07-10 04:17:21,912 INFO  server.RaftServerConfigKeys (ConfUtils.java:logGet(43)) - raft.server.log.queue.byte-limit = 2147483647 (custom)
2019-07-10 04:17:21,911 INFO  server.RaftServerConfigKeys (ConfUtils.java:logGet(43)) - raft.server.log.appender.buffer.byte-limit = 33554432 (custom)
2019-07-10 04:17:21,913 INFO  server.RaftServerConfigKeys (ConfUtils.java:logGet(43)) - raft.server.log.queue.element-limit = 1024 (custom)
2019-07-10 04:17:21,913 INFO  server.RaftServerConfigKeys (ConfUtils.java:logGet(43)) - raft.server.log.segment.cache.num.max = 2 (custom)
2019-07-10 04:17:21,913 INFO  server.RaftServerConfigKeys (ConfUtils.java:logGet(43)) - raft.server.log.segment.size.max = 1048576 (custom)
2019-07-10 04:17:21,913 INFO  server.RaftServerConfigKeys (ConfUtils.java:logGet(43)) - raft.server.log.segment.size.max = 1048576 (custom)
2019-07-10 04:17:21,914 INFO  server.RaftServerConfigKeys (ConfUtils.java:logGet(43)) - raft.server.log.preallocated.size = 16384 (custom)
2019-07-10 04:17:21,914 INFO  segmented.SegmentedRaftLogWorker (SegmentedRaftLogWorker.java:<init>(172)) - new 4b9b847c-3cea-429d-a230-6bc1b9644d9a-SegmentedRaftLogWorker:Storage Directory /tmp/workdir/hadoop-ozone/tools/target/test-dir/MiniOzoneClusterImpl-c718534e-e39c-40bd-8c5e-6aea11dc1b4e/datanode-1/data/ratis/29b5f19e-82ee-449b-be93-1d44fda788b8 for RaftStorage:Storage Directory /tmp/workdir/hadoop-ozone/tools/target/test-dir/MiniOzoneClusterImpl-c718534e-e39c-40bd-8c5e-6aea11dc1b4e/datanode-1/data/ratis/29b5f19e-82ee-449b-be93-1d44fda788b8
2019-07-10 04:17:21,914 INFO  server.RaftServerConfigKeys (ConfUtils.java:logGet(43)) - raft.server.log.write.buffer.size = 33554432 (custom)
2019-07-10 04:17:21,914 INFO  server.RaftServerConfigKeys (ConfUtils.java:logGet(43)) - raft.server.log.segment.cache.num.max = 2 (custom)
2019-07-10 04:17:21,914 INFO  server.RaftServerConfigKeys (ConfUtils.java:logGet(43)) - raft.server.log.force.sync.num = 128 (default)
2019-07-10 04:17:21,914 INFO  server.RaftServerConfigKeys (ConfUtils.java:logGet(43)) - raft.server.log.queue.byte-limit = 2147483647 (custom)
2019-07-10 04:17:21,916 INFO  server.RaftServerConfigKeys (ConfUtils.java:logGet(43)) - raft.server.log.statemachine.data.sync = true (default)
2019-07-10 04:17:21,916 INFO  segmented.SegmentedRaftLogWorker (SegmentedRaftLogWorker.java:<init>(172)) - new 488df63e-5a7b-4633-a6d8-bd9dbf92cc5c-SegmentedRaftLogWorker:Storage Directory /tmp/workdir/hadoop-ozone/tools/target/test-dir/MiniOzoneClusterImpl-c718534e-e39c-40bd-8c5e-6aea11dc1b4e/datanode-2/data/ratis/29b5f19e-82ee-449b-be93-1d44fda788b8 for RaftStorage:Storage Directory /tmp/workdir/hadoop-ozone/tools/target/test-dir/MiniOzoneClusterImpl-c718534e-e39c-40bd-8c5e-6aea11dc1b4e/datanode-2/data/ratis/29b5f19e-82ee-449b-be93-1d44fda788b8
2019-07-10 04:17:21,916 INFO  server.RaftServerConfigKeys (ConfUtils.java:logGet(43)) - raft.server.log.statemachine.data.sync.timeout = 10s (default)
2019-07-10 04:17:21,916 INFO  server.RaftServerConfigKeys (ConfUtils.java:logGet(43)) - raft.server.log.queue.element-limit = 1024 (custom)
2019-07-10 04:17:21,917 INFO  server.RaftServerConfigKeys (ConfUtils.java:logGet(43)) - raft.server.log.statemachine.data.sync.timeout.retry = -1 (default)
2019-07-10 04:17:21,917 INFO  server.RaftServerConfigKeys (ConfUtils.java:logGet(43)) - raft.server.log.queue.byte-limit = 2147483647 (custom)
2019-07-10 04:17:21,918 INFO  server.RaftServerConfigKeys (ConfUtils.java:logGet(43)) - raft.server.log.statemachine.data.caching.enabled = true (custom)
2019-07-10 04:17:21,918 INFO  server.RaftServerConfigKeys (ConfUtils.java:logGet(43)) - raft.server.log.segment.size.max = 1048576 (custom)
2019-07-10 04:17:21,918 INFO  server.RaftServerConfigKeys (ConfUtils.java:logGet(43)) - raft.server.log.queue.element-limit = 1024 (custom)
2019-07-10 04:17:21,919 INFO  segmented.SegmentedRaftLogWorker (SegmentedRaftLogWorker.java:lambda$new$0(132)) - 3ac23d3a-991f-42cc-b509-bf77e9ee0512-SegmentedRaftLogWorker:Storage Directory /tmp/workdir/hadoop-ozone/tools/target/test-dir/MiniOzoneClusterImpl-c718534e-e39c-40bd-8c5e-6aea11dc1b4e/datanode-0/data/ratis/29b5f19e-82ee-449b-be93-1d44fda788b8: flushIndex: setUnconditionally 0 -> -1
2019-07-10 04:17:21,919 INFO  server.RaftServerConfigKeys (ConfUtils.java:logGet(43)) - raft.server.log.preallocated.size = 16384 (custom)
2019-07-10 04:17:21,919 INFO  server.RaftServerConfigKeys (ConfUtils.java:logGet(43)) - raft.server.log.segment.size.max = 1048576 (custom)
2019-07-10 04:17:21,919 INFO  server.RaftServerConfigKeys (ConfUtils.java:logGet(43)) - raft.server.snapshot.auto.trigger.enabled = true (custom)
2019-07-10 04:17:21,919 INFO  server.RaftServerConfigKeys (ConfUtils.java:logGet(43)) - raft.server.log.write.buffer.size = 33554432 (custom)
2019-07-10 04:17:21,920 INFO  server.RaftServerConfigKeys (ConfUtils.java:logGet(43)) - raft.server.snapshot.auto.trigger.threshold = 10000 (custom)
2019-07-10 04:17:21,920 INFO  server.RaftServerConfigKeys (ConfUtils.java:logGet(43)) - raft.server.log.force.sync.num = 128 (default)
2019-07-10 04:17:21,920 INFO  server.RaftServerConfigKeys (ConfUtils.java:logGet(43)) - raft.server.log.statemachine.data.sync = true (default)
2019-07-10 04:17:21,919 INFO  server.RaftServerConfigKeys (ConfUtils.java:logGet(43)) - raft.server.log.preallocated.size = 16384 (custom)
2019-07-10 04:17:21,920 INFO  server.RaftServerConfigKeys (ConfUtils.java:logGet(43)) - raft.server.log.statemachine.data.sync.timeout = 10s (default)
2019-07-10 04:17:21,920 INFO  server.RaftServerConfigKeys (ConfUtils.java:logGet(43)) - raft.server.retrycache.expirytime = 600000ms (custom)
2019-07-10 04:17:21,921 INFO  server.RaftServerConfigKeys (ConfUtils.java:logGet(43)) - raft.server.log.statemachine.data.sync.timeout.retry = -1 (default)
2019-07-10 04:17:21,921 INFO  impl.RaftServerImpl (RaftServerImpl.java:start(180)) - 3ac23d3a-991f-42cc-b509-bf77e9ee0512: start group-1D44FDA788B8
2019-07-10 04:17:21,920 INFO  server.RaftServerConfigKeys (ConfUtils.java:logGet(43)) - raft.server.log.write.buffer.size = 33554432 (custom)
2019-07-10 04:17:21,921 INFO  impl.RaftServerImpl (RaftServerImpl.java:setRole(171)) - 3ac23d3a-991f-42cc-b509-bf77e9ee0512:group-1D44FDA788B8 changes role from null to FOLLOWER at term 0 for startAsFollower
2019-07-10 04:17:21,921 INFO  server.RaftServerConfigKeys (ConfUtils.java:logGet(43)) - raft.server.log.statemachine.data.caching.enabled = true (custom)
2019-07-10 04:17:21,921 INFO  impl.RoleInfo (RoleInfo.java:updateAndGet(143)) - 3ac23d3a-991f-42cc-b509-bf77e9ee0512: start FollowerState
2019-07-10 04:17:21,921 INFO  server.RaftServerConfigKeys (ConfUtils.java:logGet(43)) - raft.server.log.force.sync.num = 128 (default)
2019-07-10 04:17:21,922 INFO  segmented.SegmentedRaftLogWorker (SegmentedRaftLogWorker.java:lambda$new$0(132)) - 4b9b847c-3cea-429d-a230-6bc1b9644d9a-SegmentedRaftLogWorker:Storage Directory /tmp/workdir/hadoop-ozone/tools/target/test-dir/MiniOzoneClusterImpl-c718534e-e39c-40bd-8c5e-6aea11dc1b4e/datanode-1/data/ratis/29b5f19e-82ee-449b-be93-1d44fda788b8: flushIndex: setUnconditionally 0 -> -1
2019-07-10 04:17:21,922 INFO  util.JmxRegister (JmxRegister.java:tryRegister(44)) - Successfully registered JMX Bean with object name Ratis:service=RaftServer,group=group-1D44FDA788B8,id=3ac23d3a-991f-42cc-b509-bf77e9ee0512
2019-07-10 04:17:21,922 INFO  server.RaftServerConfigKeys (ConfUtils.java:logGet(43)) - raft.server.log.statemachine.data.sync = true (default)
2019-07-10 04:17:21,922 INFO  server.RaftServerConfigKeys (ConfUtils.java:logGet(43)) - raft.server.snapshot.auto.trigger.enabled = true (custom)
2019-07-10 04:17:21,922 INFO  server.RaftServerConfigKeys (ConfUtils.java:logGet(43)) - raft.server.log.statemachine.data.sync.timeout = 10s (default)
2019-07-10 04:17:21,922 INFO  server.RaftServerConfigKeys (ConfUtils.java:logGet(43)) - raft.server.snapshot.auto.trigger.threshold = 10000 (custom)
2019-07-10 04:17:21,923 INFO  server.RaftServerConfigKeys (ConfUtils.java:logGet(43)) - raft.server.log.statemachine.data.sync.timeout.retry = -1 (default)
2019-07-10 04:17:21,923 INFO  server.RaftServerConfigKeys (ConfUtils.java:logGet(43)) - raft.server.retrycache.expirytime = 600000ms (custom)
2019-07-10 04:17:21,923 INFO  server.RaftServerConfigKeys (ConfUtils.java:logGet(43)) - raft.server.log.statemachine.data.caching.enabled = true (custom)
2019-07-10 04:17:21,923 INFO  impl.RaftServerImpl (RaftServerImpl.java:start(180)) - 4b9b847c-3cea-429d-a230-6bc1b9644d9a: start group-1D44FDA788B8
2019-07-10 04:17:21,923 INFO  impl.RaftServerImpl (RaftServerImpl.java:setRole(171)) - 4b9b847c-3cea-429d-a230-6bc1b9644d9a:group-1D44FDA788B8 changes role from null to FOLLOWER at term 0 for startAsFollower
2019-07-10 04:17:21,923 INFO  segmented.SegmentedRaftLogWorker (SegmentedRaftLogWorker.java:lambda$new$0(132)) - 488df63e-5a7b-4633-a6d8-bd9dbf92cc5c-SegmentedRaftLogWorker:Storage Directory /tmp/workdir/hadoop-ozone/tools/target/test-dir/MiniOzoneClusterImpl-c718534e-e39c-40bd-8c5e-6aea11dc1b4e/datanode-2/data/ratis/29b5f19e-82ee-449b-be93-1d44fda788b8: flushIndex: setUnconditionally 0 -> -1
2019-07-10 04:17:21,925 INFO  impl.RoleInfo (RoleInfo.java:updateAndGet(143)) - 4b9b847c-3cea-429d-a230-6bc1b9644d9a: start FollowerState
2019-07-10 04:17:21,925 INFO  server.RaftServerConfigKeys (ConfUtils.java:logGet(43)) - raft.server.snapshot.auto.trigger.enabled = true (custom)
2019-07-10 04:17:21,925 INFO  server.RaftServerConfigKeys (ConfUtils.java:logGet(43)) - raft.server.snapshot.auto.trigger.threshold = 10000 (custom)
2019-07-10 04:17:21,925 INFO  util.JmxRegister (JmxRegister.java:tryRegister(44)) - Successfully registered JMX Bean with object name Ratis:service=RaftServer,group=group-1D44FDA788B8,id=4b9b847c-3cea-429d-a230-6bc1b9644d9a
2019-07-10 04:17:21,925 INFO  server.RaftServerConfigKeys (ConfUtils.java:logGet(43)) - raft.server.retrycache.expirytime = 600000ms (custom)
2019-07-10 04:17:21,926 INFO  impl.RaftServerImpl (RaftServerImpl.java:start(180)) - 488df63e-5a7b-4633-a6d8-bd9dbf92cc5c: start group-1D44FDA788B8
2019-07-10 04:17:21,926 INFO  impl.RaftServerImpl (RaftServerImpl.java:setRole(171)) - 488df63e-5a7b-4633-a6d8-bd9dbf92cc5c:group-1D44FDA788B8 changes role from null to FOLLOWER at term 0 for startAsFollower
2019-07-10 04:17:21,926 INFO  impl.RoleInfo (RoleInfo.java:updateAndGet(143)) - 488df63e-5a7b-4633-a6d8-bd9dbf92cc5c: start FollowerState
2019-07-10 04:17:21,926 INFO  util.JmxRegister (JmxRegister.java:tryRegister(44)) - Successfully registered JMX Bean with object name Ratis:service=RaftServer,group=group-1D44FDA788B8,id=488df63e-5a7b-4633-a6d8-bd9dbf92cc5c
2019-07-10 04:17:21,936 INFO  pipeline.PipelineStateManager (PipelineStateManager.java:addPipeline(56)) - Created pipeline Pipeline[ Id: 29b5f19e-82ee-449b-be93-1d44fda788b8, Nodes: 488df63e-5a7b-4633-a6d8-bd9dbf92cc5c{ip: 192.168.5.134, host: hdds1735-nrzhw-914446414, networkLocation: /default-rack, certSerialId: null}3ac23d3a-991f-42cc-b509-bf77e9ee0512{ip: 192.168.5.134, host: hdds1735-nrzhw-914446414, networkLocation: /default-rack, certSerialId: null}4b9b847c-3cea-429d-a230-6bc1b9644d9a{ip: 192.168.5.134, host: hdds1735-nrzhw-914446414, networkLocation: /default-rack, certSerialId: null}, Type:RATIS, Factor:THREE, State:OPEN]
2019-07-10 04:17:21,998 INFO  freon.RandomKeyGenerator (RandomKeyGenerator.java:call(262)) - Number of Threads: 10
2019-07-10 04:17:21,998 INFO  freon.RandomKeyGenerator (RandomKeyGenerator.java:call(267)) - Number of Volumes: 1.
2019-07-10 04:17:21,998 INFO  freon.RandomKeyGenerator (RandomKeyGenerator.java:call(268)) - Number of Buckets per Volume: 1.
2019-07-10 04:17:21,999 INFO  freon.RandomKeyGenerator (RandomKeyGenerator.java:call(269)) - Number of Keys per Bucket: 1.
2019-07-10 04:17:21,999 INFO  freon.RandomKeyGenerator (RandomKeyGenerator.java:call(270)) - Key size: 20971520 bytes
2019-07-10 04:17:21,999 INFO  freon.RandomKeyGenerator (RandomKeyGenerator.java:call(271)) - Buffer size: 4096 bytes
2019-07-10 04:17:21,999 INFO  freon.RandomKeyGenerator (RandomKeyGenerator.java:call(286)) - Data validation is enabled.
2019-07-10 04:17:21,999 INFO  freon.RandomKeyGenerator (RandomKeyGenerator.java:call(299)) - Starting progress bar Thread.

 0.00% |█                                                                                                    |  0/1 Time: 0:00:002019-07-10 04:17:22,001 INFO  rpc.RpcClient (RpcClient.java:createVolume(289)) - Creating Volume: vol-0-16255, with jenkins1000 as owner.
2019-07-10 04:17:22,016 INFO  rpc.RpcClient (RpcClient.java:createBucket(426)) - Creating Bucket: vol-0-16255/bucket-0-12340, with Versioning false and Storage Type set to DISK and Encryption set to false 
2019-07-10 04:17:22,063 INFO  client.GrpcClientProtocolClient (GrpcClientProtocolClient.java:onNext(255)) - client-3B744B695A90->488df63e-5a7b-4633-a6d8-bd9dbf92cc5c: receive RaftClientReply:client-3B744B695A90->488df63e-5a7b-4633-a6d8-bd9dbf92cc5c@group-1D44FDA788B8, cid=62, FAILED org.apache.ratis.protocol.NotLeaderException: Server 488df63e-5a7b-4633-a6d8-bd9dbf92cc5c is not the leader (null). Request must be sent to leader., logIndex=0, commits[488df63e-5a7b-4633-a6d8-bd9dbf92cc5c:c-1]
2019-07-10 04:17:22,969 INFO  impl.FollowerState (FollowerState.java:run(106)) - 3ac23d3a-991f-42cc-b509-bf77e9ee0512:group-1D44FDA788B8 changes to CANDIDATE, lastRpcTime:1047, electionTimeout:1047ms
2019-07-10 04:17:22,969 INFO  impl.RoleInfo (RoleInfo.java:shutdownFollowerState(121)) - 3ac23d3a-991f-42cc-b509-bf77e9ee0512: shutdown FollowerState
2019-07-10 04:17:22,969 INFO  impl.RaftServerImpl (RaftServerImpl.java:setRole(171)) - 3ac23d3a-991f-42cc-b509-bf77e9ee0512:group-1D44FDA788B8 changes role from FOLLOWER to CANDIDATE at term 0 for changeToCandidate
2019-07-10 04:17:22,970 INFO  impl.RoleInfo (RoleInfo.java:updateAndGet(143)) - 3ac23d3a-991f-42cc-b509-bf77e9ee0512: start LeaderElection
2019-07-10 04:17:22,978 INFO  impl.LeaderElection (LeaderElection.java:askForVotes(181)) - 3ac23d3a-991f-42cc-b509-bf77e9ee0512:group-1D44FDA788B8:LeaderElection6: begin an election at term 1 for -1: [488df63e-5a7b-4633-a6d8-bd9dbf92cc5c:192.168.5.134:40409, 3ac23d3a-991f-42cc-b509-bf77e9ee0512:192.168.5.134:33848, 4b9b847c-3cea-429d-a230-6bc1b9644d9a:192.168.5.134:35404], old=null
2019-07-10 04:17:22,990 INFO  impl.RaftServerImpl (RaftServerImpl.java:setRole(171)) - 4b9b847c-3cea-429d-a230-6bc1b9644d9a:group-1D44FDA788B8 changes role from FOLLOWER to FOLLOWER at term 1 for recognizeCandidate:3ac23d3a-991f-42cc-b509-bf77e9ee0512
2019-07-10 04:17:22,991 INFO  impl.RoleInfo (RoleInfo.java:shutdownFollowerState(121)) - 4b9b847c-3cea-429d-a230-6bc1b9644d9a: shutdown FollowerState
2019-07-10 04:17:22,991 INFO  impl.RaftServerImpl (RaftServerImpl.java:setRole(171)) - 488df63e-5a7b-4633-a6d8-bd9dbf92cc5c:group-1D44FDA788B8 changes role from FOLLOWER to FOLLOWER at term 1 for recognizeCandidate:3ac23d3a-991f-42cc-b509-bf77e9ee0512
2019-07-10 04:17:22,992 INFO  impl.FollowerState (FollowerState.java:run(114)) - 4b9b847c-3cea-429d-a230-6bc1b9644d9a: FollowerState was interrupted: java.lang.InterruptedException: sleep interrupted
2019-07-10 04:17:22,992 INFO  impl.RoleInfo (RoleInfo.java:updateAndGet(143)) - 4b9b847c-3cea-429d-a230-6bc1b9644d9a: start FollowerState
2019-07-10 04:17:22,992 INFO  impl.RoleInfo (RoleInfo.java:shutdownFollowerState(121)) - 488df63e-5a7b-4633-a6d8-bd9dbf92cc5c: shutdown FollowerState
2019-07-10 04:17:22,994 INFO  impl.RoleInfo (RoleInfo.java:updateAndGet(143)) - 488df63e-5a7b-4633-a6d8-bd9dbf92cc5c: start FollowerState
2019-07-10 04:17:22,994 INFO  impl.FollowerState (FollowerState.java:run(114)) - 488df63e-5a7b-4633-a6d8-bd9dbf92cc5c: FollowerState was interrupted: java.lang.InterruptedException: sleep interrupted
 0.00% |█                                                                                                    |  0/1 Time: 0:00:012019-07-10 04:17:23,011 INFO  impl.LeaderElection (LeaderElection.java:logAndReturn(56)) - 3ac23d3a-991f-42cc-b509-bf77e9ee0512:group-1D44FDA788B8:LeaderElection6: Election PASSED; received 1 response(s) [3ac23d3a-991f-42cc-b509-bf77e9ee0512<-488df63e-5a7b-4633-a6d8-bd9dbf92cc5c#0:OK-t1] and 0 exception(s); 3ac23d3a-991f-42cc-b509-bf77e9ee0512:t1, leader=null, voted=3ac23d3a-991f-42cc-b509-bf77e9ee0512, raftlog=3ac23d3a-991f-42cc-b509-bf77e9ee0512-SegmentedRaftLog:OPENED:c-1,f-1,i0, conf=-1: [488df63e-5a7b-4633-a6d8-bd9dbf92cc5c:192.168.5.134:40409, 3ac23d3a-991f-42cc-b509-bf77e9ee0512:192.168.5.134:33848, 4b9b847c-3cea-429d-a230-6bc1b9644d9a:192.168.5.134:35404], old=null
2019-07-10 04:17:23,011 INFO  impl.RoleInfo (RoleInfo.java:shutdownLeaderElection(134)) - 3ac23d3a-991f-42cc-b509-bf77e9ee0512: shutdown LeaderElection
2019-07-10 04:17:23,012 INFO  impl.RaftServerImpl (RaftServerImpl.java:setRole(171)) - 3ac23d3a-991f-42cc-b509-bf77e9ee0512:group-1D44FDA788B8 changes role from CANDIDATE to LEADER at term 1 for changeToLeader
2019-07-10 04:17:23,013 INFO  impl.RaftServerImpl (ServerState.java:setLeader(263)) - 3ac23d3a-991f-42cc-b509-bf77e9ee0512:group-1D44FDA788B8 change Leader from null to 3ac23d3a-991f-42cc-b509-bf77e9ee0512 at term 1 for becomeLeader, leader elected after 1103ms
2019-07-10 04:17:23,013 INFO  server.RaftServerConfigKeys (ConfUtils.java:logGet(43)) - raft.server.staging.catchup.gap = 1000 (default)
2019-07-10 04:17:23,013 INFO  server.RaftServerConfigKeys (ConfUtils.java:logGet(43)) - raft.server.rpc.sleep.time = 25ms (default)
2019-07-10 04:17:23,013 INFO  server.RaftServerConfigKeys (ConfUtils.java:logGet(43)) - raft.server.write.element-limit = 4096 (default)
2019-07-10 04:17:23,014 INFO  server.RaftServerConfigKeys (ConfUtils.java:logGet(43)) - raft.server.watch.timeout = 10s (default)
2019-07-10 04:17:23,014 INFO  server.RaftServerConfigKeys (ConfUtils.java:logGet(43)) - raft.server.watch.timeout.denomination = 1s (default)
2019-07-10 04:17:23,014 INFO  server.RaftServerConfigKeys (ConfUtils.java:logGet(43)) - raft.server.watch.element-limit = 65536 (default)
2019-07-10 04:17:23,014 INFO  server.RaftServerConfigKeys (ConfUtils.java:logGet(43)) - raft.server.log.appender.snapshot.chunk.size.max = 16MB (=16777216) (default)
2019-07-10 04:17:23,015 INFO  server.RaftServerConfigKeys (ConfUtils.java:logGet(43)) - raft.server.log.appender.buffer.byte-limit = 33554432 (custom)
2019-07-10 04:17:23,015 INFO  server.RaftServerConfigKeys (ConfUtils.java:logGet(43)) - raft.server.log.appender.buffer.element-limit = 1 (custom)
2019-07-10 04:17:23,015 INFO  grpc.GrpcConfigKeys$Server (ConfUtils.java:logGet(43)) - raft.grpc.server.leader.outstanding.appends.max = 128 (default)
2019-07-10 04:17:23,016 INFO  server.RaftServerConfigKeys (ConfUtils.java:logGet(43)) - raft.server.rpc.request.timeout = 3000ms (default)
2019-07-10 04:17:23,016 INFO  server.RaftServerConfigKeys (ConfUtils.java:logGet(43)) - raft.server.log.appender.install.snapshot.enabled = false (custom)
2019-07-10 04:17:23,016 INFO  server.RaftServerConfigKeys (ConfUtils.java:logGet(43)) - raft.server.log.appender.snapshot.chunk.size.max = 16MB (=16777216) (default)
2019-07-10 04:17:23,016 INFO  server.RaftServerConfigKeys (ConfUtils.java:logGet(43)) - raft.server.log.appender.buffer.byte-limit = 33554432 (custom)
2019-07-10 04:17:23,016 INFO  server.RaftServerConfigKeys (ConfUtils.java:logGet(43)) - raft.server.log.appender.buffer.element-limit = 1 (custom)
2019-07-10 04:17:23,017 INFO  grpc.GrpcConfigKeys$Server (ConfUtils.java:logGet(43)) - raft.grpc.server.leader.outstanding.appends.max = 128 (default)
2019-07-10 04:17:23,017 INFO  server.RaftServerConfigKeys (ConfUtils.java:logGet(43)) - raft.server.rpc.request.timeout = 3000ms (default)
2019-07-10 04:17:23,017 INFO  server.RaftServerConfigKeys (ConfUtils.java:logGet(43)) - raft.server.log.appender.install.snapshot.enabled = false (custom)
2019-07-10 04:17:23,017 INFO  impl.RoleInfo (RoleInfo.java:updateAndGet(143)) - 3ac23d3a-991f-42cc-b509-bf77e9ee0512: start LeaderState
2019-07-10 04:17:23,018 INFO  segmented.SegmentedRaftLogWorker (SegmentedRaftLogWorker.java:startLogSegment(380)) - 3ac23d3a-991f-42cc-b509-bf77e9ee0512-SegmentedRaftLogWorker:Storage Directory /tmp/workdir/hadoop-ozone/tools/target/test-dir/MiniOzoneClusterImpl-c718534e-e39c-40bd-8c5e-6aea11dc1b4e/datanode-0/data/ratis/29b5f19e-82ee-449b-be93-1d44fda788b8: Starting segment from index:0
2019-07-10 04:17:23,019 INFO  impl.RaftServerImpl (ServerState.java:setRaftConf(361)) - 3ac23d3a-991f-42cc-b509-bf77e9ee0512:group-1D44FDA788B8 set configuration 0: [488df63e-5a7b-4633-a6d8-bd9dbf92cc5c:192.168.5.134:40409, 3ac23d3a-991f-42cc-b509-bf77e9ee0512:192.168.5.134:33848, 4b9b847c-3cea-429d-a230-6bc1b9644d9a:192.168.5.134:35404], old=null at 0
2019-07-10 04:17:23,044 INFO  impl.RaftServerImpl (ServerState.java:setLeader(263)) - 4b9b847c-3cea-429d-a230-6bc1b9644d9a:group-1D44FDA788B8 change Leader from null to 3ac23d3a-991f-42cc-b509-bf77e9ee0512 at term 1 for appendEntries, leader elected after 1134ms
2019-07-10 04:17:23,046 INFO  impl.RaftServerImpl (ServerState.java:setLeader(263)) - 488df63e-5a7b-4633-a6d8-bd9dbf92cc5c:group-1D44FDA788B8 change Leader from null to 3ac23d3a-991f-42cc-b509-bf77e9ee0512 at term 1 for appendEntries, leader elected after 1136ms
2019-07-10 04:17:23,050 INFO  impl.RaftServerImpl (ServerState.java:setRaftConf(361)) - 4b9b847c-3cea-429d-a230-6bc1b9644d9a:group-1D44FDA788B8 set configuration 0: [488df63e-5a7b-4633-a6d8-bd9dbf92cc5c:192.168.5.134:40409, 3ac23d3a-991f-42cc-b509-bf77e9ee0512:192.168.5.134:33848, 4b9b847c-3cea-429d-a230-6bc1b9644d9a:192.168.5.134:35404], old=null at 0
2019-07-10 04:17:23,050 INFO  impl.RaftServerImpl (ServerState.java:setRaftConf(361)) - 488df63e-5a7b-4633-a6d8-bd9dbf92cc5c:group-1D44FDA788B8 set configuration 0: [488df63e-5a7b-4633-a6d8-bd9dbf92cc5c:192.168.5.134:40409, 3ac23d3a-991f-42cc-b509-bf77e9ee0512:192.168.5.134:33848, 4b9b847c-3cea-429d-a230-6bc1b9644d9a:192.168.5.134:35404], old=null at 0
2019-07-10 04:17:23,050 INFO  segmented.SegmentedRaftLogWorker (SegmentedRaftLogWorker.java:startLogSegment(380)) - 4b9b847c-3cea-429d-a230-6bc1b9644d9a-SegmentedRaftLogWorker:Storage Directory /tmp/workdir/hadoop-ozone/tools/target/test-dir/MiniOzoneClusterImpl-c718534e-e39c-40bd-8c5e-6aea11dc1b4e/datanode-1/data/ratis/29b5f19e-82ee-449b-be93-1d44fda788b8: Starting segment from index:0
2019-07-10 04:17:23,051 INFO  segmented.SegmentedRaftLogWorker (SegmentedRaftLogWorker.java:startLogSegment(380)) - 488df63e-5a7b-4633-a6d8-bd9dbf92cc5c-SegmentedRaftLogWorker:Storage Directory /tmp/workdir/hadoop-ozone/tools/target/test-dir/MiniOzoneClusterImpl-c718534e-e39c-40bd-8c5e-6aea11dc1b4e/datanode-2/data/ratis/29b5f19e-82ee-449b-be93-1d44fda788b8: Starting segment from index:0
2019-07-10 04:17:23,053 INFO  segmented.SegmentedRaftLogWorker (SegmentedRaftLogWorker.java:execute(569)) - 3ac23d3a-991f-42cc-b509-bf77e9ee0512-SegmentedRaftLogWorker:Storage Directory /tmp/workdir/hadoop-ozone/tools/target/test-dir/MiniOzoneClusterImpl-c718534e-e39c-40bd-8c5e-6aea11dc1b4e/datanode-0/data/ratis/29b5f19e-82ee-449b-be93-1d44fda788b8: created new log segment /tmp/workdir/hadoop-ozone/tools/target/test-dir/MiniOzoneClusterImpl-c718534e-e39c-40bd-8c5e-6aea11dc1b4e/datanode-0/data/ratis/29b5f19e-82ee-449b-be93-1d44fda788b8/current/log_inprogress_0
2019-07-10 04:17:23,090 INFO  segmented.SegmentedRaftLogWorker (SegmentedRaftLogWorker.java:execute(569)) - 4b9b847c-3cea-429d-a230-6bc1b9644d9a-SegmentedRaftLogWorker:Storage Directory /tmp/workdir/hadoop-ozone/tools/target/test-dir/MiniOzoneClusterImpl-c718534e-e39c-40bd-8c5e-6aea11dc1b4e/datanode-1/data/ratis/29b5f19e-82ee-449b-be93-1d44fda788b8: created new log segment /tmp/workdir/hadoop-ozone/tools/target/test-dir/MiniOzoneClusterImpl-c718534e-e39c-40bd-8c5e-6aea11dc1b4e/datanode-1/data/ratis/29b5f19e-82ee-449b-be93-1d44fda788b8/current/log_inprogress_0
2019-07-10 04:17:23,090 INFO  segmented.SegmentedRaftLogWorker (SegmentedRaftLogWorker.java:execute(569)) - 488df63e-5a7b-4633-a6d8-bd9dbf92cc5c-SegmentedRaftLogWorker:Storage Directory /tmp/workdir/hadoop-ozone/tools/target/test-dir/MiniOzoneClusterImpl-c718534e-e39c-40bd-8c5e-6aea11dc1b4e/datanode-2/data/ratis/29b5f19e-82ee-449b-be93-1d44fda788b8: created new log segment /tmp/workdir/hadoop-ozone/tools/target/test-dir/MiniOzoneClusterImpl-c718534e-e39c-40bd-8c5e-6aea11dc1b4e/datanode-2/data/ratis/29b5f19e-82ee-449b-be93-1d44fda788b8/current/log_inprogress_0
2019-07-10 04:17:23,179 INFO  client.GrpcClientProtocolClient (GrpcClientProtocolClient.java:onNext(255)) - client-3B744B695A90->3ac23d3a-991f-42cc-b509-bf77e9ee0512: receive RaftClientReply:client-3B744B695A90->3ac23d3a-991f-42cc-b509-bf77e9ee0512@group-1D44FDA788B8, cid=62, SUCCESS, logIndex=1, commits[3ac23d3a-991f-42cc-b509-bf77e9ee0512:c1, 488df63e-5a7b-4633-a6d8-bd9dbf92cc5c:c0, 4b9b847c-3cea-429d-a230-6bc1b9644d9a:c0]
2019-07-10 04:17:23,223 INFO  client.GrpcClientProtocolClient (GrpcClientProtocolClient.java:onNext(255)) - client-3B744B695A90->3ac23d3a-991f-42cc-b509-bf77e9ee0512: receive RaftClientReply:client-3B744B695A90->3ac23d3a-991f-42cc-b509-bf77e9ee0512@group-1D44FDA788B8, cid=63, SUCCESS, logIndex=3, commits[3ac23d3a-991f-42cc-b509-bf77e9ee0512:c8, 488df63e-5a7b-4633-a6d8-bd9dbf92cc5c:c6, 4b9b847c-3cea-429d-a230-6bc1b9644d9a:c6]
2019-07-10 04:17:23,225 INFO  client.GrpcClientProtocolClient (GrpcClientProtocolClient.java:onNext(255)) - client-3B744B695A90->3ac23d3a-991f-42cc-b509-bf77e9ee0512: receive RaftClientReply:client-3B744B695A90->3ac23d3a-991f-42cc-b509-bf77e9ee0512@group-1D44FDA788B8, cid=64, SUCCESS, logIndex=5, commits[3ac23d3a-991f-42cc-b509-bf77e9ee0512:c8, 488df63e-5a7b-4633-a6d8-bd9dbf92cc5c:c6, 4b9b847c-3cea-429d-a230-6bc1b9644d9a:c6]
2019-07-10 04:17:23,269 INFO  client.GrpcClientProtocolClient (GrpcClientProtocolClient.java:onNext(255)) - client-3B744B695A90->3ac23d3a-991f-42cc-b509-bf77e9ee0512: receive RaftClientReply:client-3B744B695A90->3ac23d3a-991f-42cc-b509-bf77e9ee0512@group-1D44FDA788B8, cid=65, SUCCESS, logIndex=6, commits[3ac23d3a-991f-42cc-b509-bf77e9ee0512:c8, 488df63e-5a7b-4633-a6d8-bd9dbf92cc5c:c6, 4b9b847c-3cea-429d-a230-6bc1b9644d9a:c6]
2019-07-10 04:17:23,297 INFO  client.GrpcClientProtocolClient (GrpcClientProtocolClient.java:onNext(255)) - client-3B744B695A90->3ac23d3a-991f-42cc-b509-bf77e9ee0512: receive RaftClientReply:client-3B744B695A90->3ac23d3a-991f-42cc-b509-bf77e9ee0512@group-1D44FDA788B8, cid=66, SUCCESS, logIndex=9, commits[3ac23d3a-991f-42cc-b509-bf77e9ee0512:c12, 488df63e-5a7b-4633-a6d8-bd9dbf92cc5c:c6, 4b9b847c-3cea-429d-a230-6bc1b9644d9a:c8]
2019-07-10 04:17:23,299 INFO  client.GrpcClientProtocolClient (GrpcClientProtocolClient.java:onNext(255)) - client-3B744B695A90->3ac23d3a-991f-42cc-b509-bf77e9ee0512: receive RaftClientReply:client-3B744B695A90->3ac23d3a-991f-42cc-b509-bf77e9ee0512@group-1D44FDA788B8, cid=67, SUCCESS, logIndex=10, commits[3ac23d3a-991f-42cc-b509-bf77e9ee0512:c13, 488df63e-5a7b-4633-a6d8-bd9dbf92cc5c:c8, 4b9b847c-3cea-429d-a230-6bc1b9644d9a:c9]
2019-07-10 04:17:23,300 INFO  client.GrpcClientProtocolClient (GrpcClientProtocolClient.java:onNext(255)) - client-3B744B695A90->3ac23d3a-991f-42cc-b509-bf77e9ee0512: receive RaftClientReply:client-3B744B695A90->3ac23d3a-991f-42cc-b509-bf77e9ee0512@group-1D44FDA788B8, cid=68, SUCCESS, logIndex=11, commits[3ac23d3a-991f-42cc-b509-bf77e9ee0512:c13, 488df63e-5a7b-4633-a6d8-bd9dbf92cc5c:c8, 4b9b847c-3cea-429d-a230-6bc1b9644d9a:c9]
2019-07-10 04:17:23,301 INFO  client.GrpcClientProtocolClient (GrpcClientProtocolClient.java:onNext(255)) - client-3B744B695A90->3ac23d3a-991f-42cc-b509-bf77e9ee0512: receive RaftClientReply:client-3B744B695A90->3ac23d3a-991f-42cc-b509-bf77e9ee0512@group-1D44FDA788B8, cid=69, SUCCESS, logIndex=12, commits[3ac23d3a-991f-42cc-b509-bf77e9ee0512:c13, 488df63e-5a7b-4633-a6d8-bd9dbf92cc5c:c9, 4b9b847c-3cea-429d-a230-6bc1b9644d9a:c9]
2019-07-10 04:17:23,306 INFO  client.GrpcClientProtocolClient (GrpcClientProtocolClient.java:onNext(255)) - client-3B744B695A90->3ac23d3a-991f-42cc-b509-bf77e9ee0512: receive RaftClientReply:client-3B744B695A90->3ac23d3a-991f-42cc-b509-bf77e9ee0512@group-1D44FDA788B8, cid=70, SUCCESS, logIndex=0, commits[3ac23d3a-991f-42cc-b509-bf77e9ee0512:c14, 488df63e-5a7b-4633-a6d8-bd9dbf92cc5c:c12, 4b9b847c-3cea-429d-a230-6bc1b9644d9a:c12]
2019-07-10 04:17:23,308 INFO  client.GrpcClientProtocolClient (GrpcClientProtocolClient.java:onNext(255)) - client-3B744B695A90->3ac23d3a-991f-42cc-b509-bf77e9ee0512: receive RaftClientReply:client-3B744B695A90->3ac23d3a-991f-42cc-b509-bf77e9ee0512@group-1D44FDA788B8, cid=71, SUCCESS, logIndex=0, commits[3ac23d3a-991f-42cc-b509-bf77e9ee0512:c14, 488df63e-5a7b-4633-a6d8-bd9dbf92cc5c:c12, 4b9b847c-3cea-429d-a230-6bc1b9644d9a:c12]
2019-07-10 04:17:23,371 INFO  client.GrpcClientProtocolClient (GrpcClientProtocolClient.java:onNext(255)) - client-3B744B695A90->3ac23d3a-991f-42cc-b509-bf77e9ee0512: receive RaftClientReply:client-3B744B695A90->3ac23d3a-991f-42cc-b509-bf77e9ee0512@group-1D44FDA788B8, cid=72, SUCCESS, logIndex=15, commits[3ac23d3a-991f-42cc-b509-bf77e9ee0512:c18, 488df63e-5a7b-4633-a6d8-bd9dbf92cc5c:c14, 4b9b847c-3cea-429d-a230-6bc1b9644d9a:c12]
2019-07-10 04:17:23,389 INFO  client.GrpcClientProtocolClient (GrpcClientProtocolClient.java:onNext(255)) - client-3B744B695A90->3ac23d3a-991f-42cc-b509-bf77e9ee0512: receive RaftClientReply:client-3B744B695A90->3ac23d3a-991f-42cc-b509-bf77e9ee0512@group-1D44FDA788B8, cid=73, SUCCESS, logIndex=16, commits[3ac23d3a-991f-42cc-b509-bf77e9ee0512:c21, 488df63e-5a7b-4633-a6d8-bd9dbf92cc5c:c18, 4b9b847c-3cea-429d-a230-6bc1b9644d9a:c18]
2019-07-10 04:17:23,390 INFO  client.GrpcClientProtocolClient (GrpcClientProtocolClient.java:onNext(255)) - client-3B744B695A90->3ac23d3a-991f-42cc-b509-bf77e9ee0512: receive RaftClientReply:client-3B744B695A90->3ac23d3a-991f-42cc-b509-bf77e9ee0512@group-1D44FDA788B8, cid=74, SUCCESS, logIndex=17, commits[3ac23d3a-991f-42cc-b509-bf77e9ee0512:c21, 488df63e-5a7b-4633-a6d8-bd9dbf92cc5c:c18, 4b9b847c-3cea-429d-a230-6bc1b9644d9a:c18]
2019-07-10 04:17:23,439 INFO  client.GrpcClientProtocolClient (GrpcClientProtocolClient.java:onNext(255)) - client-3B744B695A90->3ac23d3a-991f-42cc-b509-bf77e9ee0512: receive RaftClientReply:client-3B744B695A90->3ac23d3a-991f-42cc-b509-bf77e9ee0512@group-1D44FDA788B8, cid=75, SUCCESS, logIndex=18, commits[3ac23d3a-991f-42cc-b509-bf77e9ee0512:c21, 488df63e-5a7b-4633-a6d8-bd9dbf92cc5c:c18, 4b9b847c-3cea-429d-a230-6bc1b9644d9a:c18]
2019-07-10 04:17:23,462 INFO  client.GrpcClientProtocolClient (GrpcClientProtocolClient.java:onNext(255)) - client-3B744B695A90->3ac23d3a-991f-42cc-b509-bf77e9ee0512: receive RaftClientReply:client-3B744B695A90->3ac23d3a-991f-42cc-b509-bf77e9ee0512@group-1D44FDA788B8, cid=76, SUCCESS, logIndex=22, commits[3ac23d3a-991f-42cc-b509-bf77e9ee0512:c23, 488df63e-5a7b-4633-a6d8-bd9dbf92cc5c:c21, 4b9b847c-3cea-429d-a230-6bc1b9644d9a:c18]
2019-07-10 04:17:23,463 INFO  client.GrpcClientProtocolClient (GrpcClientProtocolClient.java:onNext(255)) - client-3B744B695A90->3ac23d3a-991f-42cc-b509-bf77e9ee0512: receive RaftClientReply:client-3B744B695A90->3ac23d3a-991f-42cc-b509-bf77e9ee0512@group-1D44FDA788B8, cid=77, SUCCESS, logIndex=23, commits[3ac23d3a-991f-42cc-b509-bf77e9ee0512:c23, 488df63e-5a7b-4633-a6d8-bd9dbf92cc5c:c21, 4b9b847c-3cea-429d-a230-6bc1b9644d9a:c21]
2019-07-10 04:17:23,469 INFO  client.GrpcClientProtocolClient (GrpcClientProtocolClient.java:onNext(255)) - client-3B744B695A90->3ac23d3a-991f-42cc-b509-bf77e9ee0512: receive RaftClientReply:client-3B744B695A90->3ac23d3a-991f-42cc-b509-bf77e9ee0512@group-1D44FDA788B8, cid=78, SUCCESS, logIndex=24, commits[3ac23d3a-991f-42cc-b509-bf77e9ee0512:c26, 488df63e-5a7b-4633-a6d8-bd9dbf92cc5c:c23, 4b9b847c-3cea-429d-a230-6bc1b9644d9a:c21]
2019-07-10 04:17:23,564 INFO  client.GrpcClientProtocolClient (GrpcClientProtocolClient.java:onNext(255)) - client-3B744B695A90->3ac23d3a-991f-42cc-b509-bf77e9ee0512: receive RaftClientReply:client-3B744B695A90->3ac23d3a-991f-42cc-b509-bf77e9ee0512@group-1D44FDA788B8, cid=79, SUCCESS, logIndex=25, commits[3ac23d3a-991f-42cc-b509-bf77e9ee0512:c27, 488df63e-5a7b-4633-a6d8-bd9dbf92cc5c:c23, 4b9b847c-3cea-429d-a230-6bc1b9644d9a:c23]
2019-07-10 04:17:23,567 INFO  client.GrpcClientProtocolClient (GrpcClientProtocolClient.java:onNext(255)) - client-3B744B695A90->3ac23d3a-991f-42cc-b509-bf77e9ee0512: receive RaftClientReply:client-3B744B695A90->3ac23d3a-991f-42cc-b509-bf77e9ee0512@group-1D44FDA788B8, cid=80, SUCCESS, logIndex=0, commits[3ac23d3a-991f-42cc-b509-bf77e9ee0512:c28, 488df63e-5a7b-4633-a6d8-bd9dbf92cc5c:c25, 4b9b847c-3cea-429d-a230-6bc1b9644d9a:c25]
2019-07-10 04:17:23,584 INFO  keyvalue.KeyValueHandler (ContainerUtils.java:logAndReturnError(146)) - Operation: CreateContainer : Trace ID: eef12d126a534c6d:a6fdf9393c8bdd62:b52a9f6974f02c2e:0 : Message: Container creation failed, due to disk out of space : Result: DISK_OUT_OF_SPACE
2019-07-10 04:17:23,588 INFO  keyvalue.KeyValueHandler (ContainerUtils.java:logAndReturnError(146)) - Operation: CreateContainer : Trace ID: eef12d126a534c6d:ce7256709dbd0f90:b52a9f6974f02c2e:0 : Message: Container creation failed, due to disk out of space : Result: DISK_OUT_OF_SPACE
04:17:23.587 [pool-26-thread-27] ERROR DNAudit - user=null | ip=null | op=WRITE_CHUNK {blockData=conID: 6 locID: 102415220213415945 bcsId: 0} | ret=FAILURE
org.apache.hadoop.hdds.scm.container.common.helpers.StorageContainerException: ContainerID 6 creation failed
	at org.apache.hadoop.ozone.container.common.impl.HddsDispatcher.dispatchRequest(HddsDispatcher.java:227) ~[classes/:?]
	at org.apache.hadoop.ozone.container.common.impl.HddsDispatcher.dispatch(HddsDispatcher.java:148) ~[classes/:?]
	at org.apache.hadoop.ozone.container.common.transport.server.ratis.ContainerStateMachine.dispatchCommand(ContainerStateMachine.java:346) ~[classes/:?]
	at org.apache.hadoop.ozone.container.common.transport.server.ratis.ContainerStateMachine.runCommand(ContainerStateMachine.java:353) ~[classes/:?]
	at org.apache.hadoop.ozone.container.common.transport.server.ratis.ContainerStateMachine.lambda$handleWriteChunk$0(ContainerStateMachine.java:384) ~[classes/:?]
	at java.util.concurrent.CompletableFuture$AsyncSupply.run(CompletableFuture.java:1590) [?:1.8.0_212]
	at java.util.concurrent.ThreadPoolExecutor.runWorker(ThreadPoolExecutor.java:1149) [?:1.8.0_212]
	at java.util.concurrent.ThreadPoolExecutor$Worker.run(ThreadPoolExecutor.java:624) [?:1.8.0_212]
	at java.lang.Thread.run(Thread.java:748) [?:1.8.0_212]
04:17:23.587 [pool-26-thread-28] ERROR DNAudit - user=null | ip=null | op=WRITE_CHUNK {blockData=conID: 6 locID: 102415220213415945 bcsId: 0} | ret=FAILURE
org.apache.hadoop.hdds.scm.container.common.helpers.StorageContainerException: ContainerID 6 creation failed
	at org.apache.hadoop.ozone.container.common.impl.HddsDispatcher.dispatchRequest(HddsDispatcher.java:227) ~[classes/:?]
	at org.apache.hadoop.ozone.container.common.impl.HddsDispatcher.dispatch(HddsDispatcher.java:148) ~[classes/:?]
	at org.apache.hadoop.ozone.container.common.transport.server.ratis.ContainerStateMachine.dispatchCommand(ContainerStateMachine.java:346) ~[classes/:?]
	at org.apache.hadoop.ozone.container.common.transport.server.ratis.ContainerStateMachine.runCommand(ContainerStateMachine.java:353) ~[classes/:?]
	at org.apache.hadoop.ozone.container.common.transport.server.ratis.ContainerStateMachine.lambda$handleWriteChunk$0(ContainerStateMachine.java:384) ~[classes/:?]
	at java.util.concurrent.CompletableFuture$AsyncSupply.run(CompletableFuture.java:1590) [?:1.8.0_212]
	at java.util.concurrent.ThreadPoolExecutor.runWorker(ThreadPoolExecutor.java:1149) [?:1.8.0_212]
	at java.util.concurrent.ThreadPoolExecutor$Worker.run(ThreadPoolExecutor.java:624) [?:1.8.0_212]
	at java.lang.Thread.run(Thread.java:748) [?:1.8.0_212]
2019-07-10 04:17:23,605 INFO  impl.HddsDispatcher (ContainerUtils.java:logAndReturnError(146)) - Operation: WriteChunk : Trace ID: eef12d126a534c6d:ce7256709dbd0f90:b52a9f6974f02c2e:0 : Message: ContainerID 6 creation failed : Result: DISK_OUT_OF_SPACE
2019-07-10 04:17:23,605 INFO  impl.HddsDispatcher (ContainerUtils.java:logAndReturnError(146)) - Operation: WriteChunk : Trace ID: eef12d126a534c6d:a6fdf9393c8bdd62:b52a9f6974f02c2e:0 : Message: ContainerID 6 creation failed : Result: DISK_OUT_OF_SPACE
04:17:23.658 [pool-33-thread-1] ERROR DNAudit - user=null | ip=null | op=WRITE_CHUNK {blockData=conID: 6 locID: 102415220213415945 bcsId: 0} | ret=FAILURE
org.apache.hadoop.hdds.scm.container.common.helpers.StorageContainerException: ContainerID 6 does not exist
	at org.apache.hadoop.ozone.container.common.impl.HddsDispatcher.dispatchRequest(HddsDispatcher.java:242) ~[classes/:?]
	at org.apache.hadoop.ozone.container.common.impl.HddsDispatcher.dispatch(HddsDispatcher.java:148) ~[classes/:?]
	at org.apache.hadoop.ozone.container.common.transport.server.ratis.ContainerStateMachine.dispatchCommand(ContainerStateMachine.java:346) ~[classes/:?]
	at org.apache.hadoop.ozone.container.common.transport.server.ratis.ContainerStateMachine.runCommand(ContainerStateMachine.java:353) ~[classes/:?]
	at org.apache.hadoop.ozone.container.common.transport.server.ratis.ContainerStateMachine.lambda$applyTransaction$5(ContainerStateMachine.java:620) ~[classes/:?]
	at java.util.concurrent.CompletableFuture$AsyncSupply.run(CompletableFuture.java:1590) [?:1.8.0_212]
	at java.util.concurrent.ThreadPoolExecutor.runWorker(ThreadPoolExecutor.java:1149) [?:1.8.0_212]
	at java.util.concurrent.ThreadPoolExecutor$Worker.run(ThreadPoolExecutor.java:624) [?:1.8.0_212]
	at java.lang.Thread.run(Thread.java:748) [?:1.8.0_212]
2019-07-10 04:17:23,659 INFO  impl.HddsDispatcher (ContainerUtils.java:logAndReturnError(146)) - Operation: WriteChunk : Trace ID: eef12d126a534c6d:a6fdf9393c8bdd62:b52a9f6974f02c2e:0 : Message: ContainerID 6 does not exist : Result: CONTAINER_NOT_FOUND
04:17:23.660 [pool-33-thread-1] ERROR DNAudit - user=null | ip=null | op=PUT_BLOCK {blockData=[blockId=conID: 6 locID: 102415220213415945 bcsId: 0,size=1048576]} | ret=FAILURE
org.apache.hadoop.hdds.scm.container.common.helpers.StorageContainerException: ContainerID 6 does not exist
	at org.apache.hadoop.ozone.container.common.impl.HddsDispatcher.dispatchRequest(HddsDispatcher.java:242) ~[classes/:?]
	at org.apache.hadoop.ozone.container.common.impl.HddsDispatcher.dispatch(HddsDispatcher.java:148) ~[classes/:?]
	at org.apache.hadoop.ozone.container.common.transport.server.ratis.ContainerStateMachine.dispatchCommand(ContainerStateMachine.java:346) ~[classes/:?]
	at org.apache.hadoop.ozone.container.common.transport.server.ratis.ContainerStateMachine.runCommand(ContainerStateMachine.java:353) ~[classes/:?]
	at org.apache.hadoop.ozone.container.common.transport.server.ratis.ContainerStateMachine.lambda$applyTransaction$5(ContainerStateMachine.java:620) ~[classes/:?]
	at java.util.concurrent.CompletableFuture$AsyncSupply.run(CompletableFuture.java:1590) [?:1.8.0_212]
	at java.util.concurrent.ThreadPoolExecutor.runWorker(ThreadPoolExecutor.java:1149) [?:1.8.0_212]
	at java.util.concurrent.ThreadPoolExecutor$Worker.run(ThreadPoolExecutor.java:624) [?:1.8.0_212]
	at java.lang.Thread.run(Thread.java:748) [?:1.8.0_212]
2019-07-10 04:17:23,661 INFO  impl.HddsDispatcher (ContainerUtils.java:logAndReturnError(146)) - Operation: PutBlock : Trace ID: eef12d126a534c6d:c669431d086fef4b:b52a9f6974f02c2e:0 : Message: ContainerID 6 does not exist : Result: CONTAINER_NOT_FOUND
2019-07-10 04:17:23,661 INFO  client.GrpcClientProtocolClient (GrpcClientProtocolClient.java:onNext(255)) - client-3B744B695A90->3ac23d3a-991f-42cc-b509-bf77e9ee0512: receive RaftClientReply:client-3B744B695A90->3ac23d3a-991f-42cc-b509-bf77e9ee0512@group-1D44FDA788B8, cid=81, SUCCESS, logIndex=30, commits[3ac23d3a-991f-42cc-b509-bf77e9ee0512:c33, 488df63e-5a7b-4633-a6d8-bd9dbf92cc5c:c29, 4b9b847c-3cea-429d-a230-6bc1b9644d9a:c29]
04:17:23.661 [pool-33-thread-1] ERROR DNAudit - user=null | ip=null | op=WRITE_CHUNK {blockData=conID: 6 locID: 102415220213415945 bcsId: 0} | ret=FAILURE
org.apache.hadoop.hdds.scm.container.common.helpers.StorageContainerException: ContainerID 6 does not exist
	at org.apache.hadoop.ozone.container.common.impl.HddsDispatcher.dispatchRequest(HddsDispatcher.java:242) ~[classes/:?]
	at org.apache.hadoop.ozone.container.common.impl.HddsDispatcher.dispatch(HddsDispatcher.java:148) ~[classes/:?]
	at org.apache.hadoop.ozone.container.common.transport.server.ratis.ContainerStateMachine.dispatchCommand(ContainerStateMachine.java:346) ~[classes/:?]
	at org.apache.hadoop.ozone.container.common.transport.server.ratis.ContainerStateMachine.runCommand(ContainerStateMachine.java:353) ~[classes/:?]
	at org.apache.hadoop.ozone.container.common.transport.server.ratis.ContainerStateMachine.lambda$applyTransaction$5(ContainerStateMachine.java:620) ~[classes/:?]
	at java.util.concurrent.CompletableFuture$AsyncSupply.run(CompletableFuture.java:1590) [?:1.8.0_212]
	at java.util.concurrent.ThreadPoolExecutor.runWorker(ThreadPoolExecutor.java:1149) [?:1.8.0_212]
	at java.util.concurrent.ThreadPoolExecutor$Worker.run(ThreadPoolExecutor.java:624) [?:1.8.0_212]
	at java.lang.Thread.run(Thread.java:748) [?:1.8.0_212]
2019-07-10 04:17:23,662 INFO  impl.HddsDispatcher (ContainerUtils.java:logAndReturnError(146)) - Operation: WriteChunk : Trace ID: eef12d126a534c6d:ce7256709dbd0f90:b52a9f6974f02c2e:0 : Message: ContainerID 6 does not exist : Result: CONTAINER_NOT_FOUND
2019-07-10 04:17:23,662 INFO  client.GrpcClientProtocolClient (GrpcClientProtocolClient.java:onNext(255)) - client-3B744B695A90->3ac23d3a-991f-42cc-b509-bf77e9ee0512: receive RaftClientReply:client-3B744B695A90->3ac23d3a-991f-42cc-b509-bf77e9ee0512@group-1D44FDA788B8, cid=82, SUCCESS, logIndex=31, commits[3ac23d3a-991f-42cc-b509-bf77e9ee0512:c33, 488df63e-5a7b-4633-a6d8-bd9dbf92cc5c:c29, 4b9b847c-3cea-429d-a230-6bc1b9644d9a:c29]
04:17:23.663 [pool-33-thread-1] ERROR DNAudit - user=null | ip=null | op=PUT_BLOCK {blockData=[blockId=conID: 6 locID: 102415220213415945 bcsId: 0,size=2097152]} | ret=FAILURE
org.apache.hadoop.hdds.scm.container.common.helpers.StorageContainerException: ContainerID 6 does not exist
	at org.apache.hadoop.ozone.container.common.impl.HddsDispatcher.dispatchRequest(HddsDispatcher.java:242) ~[classes/:?]
	at org.apache.hadoop.ozone.container.common.impl.HddsDispatcher.dispatch(HddsDispatcher.java:148) ~[classes/:?]
	at org.apache.hadoop.ozone.container.common.transport.server.ratis.ContainerStateMachine.dispatchCommand(ContainerStateMachine.java:346) ~[classes/:?]
	at org.apache.hadoop.ozone.container.common.transport.server.ratis.ContainerStateMachine.runCommand(ContainerStateMachine.java:353) ~[classes/:?]
	at org.apache.hadoop.ozone.container.common.transport.server.ratis.ContainerStateMachine.lambda$applyTransaction$5(ContainerStateMachine.java:620) ~[classes/:?]
	at java.util.concurrent.CompletableFuture$AsyncSupply.run(CompletableFuture.java:1590) [?:1.8.0_212]
	at java.util.concurrent.ThreadPoolExecutor.runWorker(ThreadPoolExecutor.java:1149) [?:1.8.0_212]
	at java.util.concurrent.ThreadPoolExecutor$Worker.run(ThreadPoolExecutor.java:624) [?:1.8.0_212]
	at java.lang.Thread.run(Thread.java:748) [?:1.8.0_212]
2019-07-10 04:17:23,664 ERROR storage.BlockOutputStream (BlockOutputStream.java:validateResponse(538)) - Unexpected Storage Container Exception: 
org.apache.hadoop.hdds.scm.container.common.helpers.StorageContainerException: ContainerID 6 does not exist
	at org.apache.hadoop.hdds.scm.storage.ContainerProtocolCalls.validateContainerResponse(ContainerProtocolCalls.java:536)
	at org.apache.hadoop.hdds.scm.storage.BlockOutputStream.validateResponse(BlockOutputStream.java:536)
	at org.apache.hadoop.hdds.scm.storage.BlockOutputStream.lambda$writeChunkToContainer$2(BlockOutputStream.java:614)
	at java.util.concurrent.CompletableFuture.uniApply(CompletableFuture.java:602)
	at java.util.concurrent.CompletableFuture$UniApply.tryFire(CompletableFuture.java:577)
	at java.util.concurrent.CompletableFuture$Completion.run(CompletableFuture.java:442)
	at java.util.concurrent.ThreadPoolExecutor.runWorker(ThreadPoolExecutor.java:1149)
	at java.util.concurrent.ThreadPoolExecutor$Worker.run(ThreadPoolExecutor.java:624)
	at java.lang.Thread.run(Thread.java:748)
2019-07-10 04:17:23,664 INFO  impl.HddsDispatcher (ContainerUtils.java:logAndReturnError(146)) - Operation: PutBlock : Trace ID: eef12d126a534c6d:39c00656c9343f22:b52a9f6974f02c2e:0 : Message: ContainerID 6 does not exist : Result: CONTAINER_NOT_FOUND
2019-07-10 04:17:23,664 INFO  client.GrpcClientProtocolClient (GrpcClientProtocolClient.java:onNext(255)) - client-3B744B695A90->3ac23d3a-991f-42cc-b509-bf77e9ee0512: receive RaftClientReply:client-3B744B695A90->3ac23d3a-991f-42cc-b509-bf77e9ee0512@group-1D44FDA788B8, cid=83, SUCCESS, logIndex=32, commits[3ac23d3a-991f-42cc-b509-bf77e9ee0512:c34, 488df63e-5a7b-4633-a6d8-bd9dbf92cc5c:c33, 4b9b847c-3cea-429d-a230-6bc1b9644d9a:c33]
2019-07-10 04:17:23,667 INFO  client.GrpcClientProtocolClient (GrpcClientProtocolClient.java:onNext(255)) - client-3B744B695A90->3ac23d3a-991f-42cc-b509-bf77e9ee0512: receive RaftClientReply:client-3B744B695A90->3ac23d3a-991f-42cc-b509-bf77e9ee0512@group-1D44FDA788B8, cid=84, SUCCESS, logIndex=33, commits[3ac23d3a-991f-42cc-b509-bf77e9ee0512:c35, 488df63e-5a7b-4633-a6d8-bd9dbf92cc5c:c33, 4b9b847c-3cea-429d-a230-6bc1b9644d9a:c33]
2019-07-10 04:17:23,675 ERROR freon.RandomKeyGenerator (RandomKeyGenerator.java:run(718)) - Exception while adding key: key-0-60244 in bucket: bucket-0-12340 of volume: vol-0-16255.
java.io.IOException: Unexpected Storage Container Exception: org.apache.hadoop.hdds.scm.container.common.helpers.StorageContainerException: ContainerID 6 does not exist
	at org.apache.hadoop.hdds.scm.storage.BlockOutputStream.setIoException(BlockOutputStream.java:548)
	at org.apache.hadoop.hdds.scm.storage.BlockOutputStream.validateResponse(BlockOutputStream.java:539)
	at org.apache.hadoop.hdds.scm.storage.BlockOutputStream.lambda$writeChunkToContainer$2(BlockOutputStream.java:614)
	at java.util.concurrent.CompletableFuture.uniApply(CompletableFuture.java:602)
	at java.util.concurrent.CompletableFuture$UniApply.tryFire(CompletableFuture.java:577)
	at java.util.concurrent.CompletableFuture$Completion.run(CompletableFuture.java:442)
	at java.util.concurrent.ThreadPoolExecutor.runWorker(ThreadPoolExecutor.java:1149)
	at java.util.concurrent.ThreadPoolExecutor$Worker.run(ThreadPoolExecutor.java:624)
	at java.lang.Thread.run(Thread.java:748)
Caused by: org.apache.hadoop.hdds.scm.container.common.helpers.StorageContainerException: ContainerID 6 does not exist
	at org.apache.hadoop.hdds.scm.storage.ContainerProtocolCalls.validateContainerResponse(ContainerProtocolCalls.java:536)
	at org.apache.hadoop.hdds.scm.storage.BlockOutputStream.validateResponse(BlockOutputStream.java:536)
	... 7 more
 0.00% |█                                                                                                    |  0/1 Time: 0:00:02 0.00% |█                                                                                                    |  0/1 Time: 0:00:03 0.00% |█                                                                                                    |  0/1 Time: 0:00:04 100.00% |█████████████████████████████████████████████████████████████████████████████████████████████████████|  1/1 Time: 0:00:05
]]></system-out>
    <system-err><![CDATA[ERROR StatusLogger No Log4j 2 configuration file found. Using default configuration (logging only errors to the console), or user programmatically provided configurations. Set system property 'log4j2.debug' to show Log4j 2 internal initialization logging. See https://logging.apache.org/log4j/2.x/manual/configuration.html for instructions on how to configure Log4j 2
Jul 10, 2019 4:17:05 AM com.sun.jersey.server.impl.application.WebApplicationImpl _initiate
INFO: Initiating Jersey application, version 'Jersey: 1.19 02/11/2015 03:25 AM'
Jul 10, 2019 4:17:06 AM com.sun.jersey.server.impl.application.WebApplicationImpl _initiate
INFO: Initiating Jersey application, version 'Jersey: 1.19 02/11/2015 03:25 AM'
Jul 10, 2019 4:17:07 AM com.sun.jersey.server.impl.application.WebApplicationImpl _initiate
INFO: Initiating Jersey application, version 'Jersey: 1.19 02/11/2015 03:25 AM'
]]></system-err>
  </testcase>
</testsuite>