<?xml version="1.0" encoding="UTF-8"?>
<testsuite xmlns:xsi="http://www.w3.org/2001/XMLSchema-instance" xsi:noNamespaceSchemaLocation="https://maven.apache.org/surefire/maven-surefire-plugin/xsd/surefire-test-report.xsd" name="org.apache.hadoop.ozone.client.rpc.Test2WayCommitInRatis" time="34.46" tests="1" errors="1" skipped="0" failures="0">
  <properties>
    <property name="awt.toolkit" value="sun.awt.X11.XToolkit"/>
    <property name="file.encoding.pkg" value="sun.io"/>
    <property name="java.specification.version" value="1.8"/>
    <property name="sun.cpu.isalist" value=""/>
    <property name="sun.jnu.encoding" value="UTF-8"/>
    <property name="java.class.path" value="/workdir/hadoop-ozone/integration-test/target/test-classes:/workdir/hadoop-ozone/integration-test/target/classes:/home/user/.m2/repository/org/apache/hadoop/hadoop-ozone-common/0.5.0-SNAPSHOT/hadoop-ozone-common-0.5.0-SNAPSHOT.jar:/home/user/.m2/repository/org/apache/commons/commons-compress/1.4.1/commons-compress-1.4.1.jar:/home/user/.m2/repository/org/tukaani/xz/1.0/xz-1.0.jar:/home/user/.m2/repository/org/apache/hadoop/hadoop-common/3.2.0/hadoop-common-3.2.0.jar:/home/user/.m2/repository/org/apache/hadoop/hadoop-hdfs/3.2.0/hadoop-hdfs-3.2.0.jar:/home/user/.m2/repository/org/apache/hadoop/hadoop-hdfs-client/3.2.0/hadoop-hdfs-client-3.2.0.jar:/home/user/.m2/repository/com/fasterxml/jackson/core/jackson-annotations/2.9.5/jackson-annotations-2.9.5.jar:/home/user/.m2/repository/org/apache/hadoop/hadoop-hdds-common/0.5.0-SNAPSHOT/hadoop-hdds-common-0.5.0-SNAPSHOT.jar:/home/user/.m2/repository/javax/annotation/javax.annotation-api/1.2/javax.annotation-api-1.2.jar:/home/user/.m2/repository/org/apache/ratis/ratis-server/0.4.0-2337318-SNAPSHOT/ratis-server-0.4.0-2337318-SNAPSHOT.jar:/home/user/.m2/repository/org/apache/ratis/ratis-thirdparty-misc/0.2.0/ratis-thirdparty-misc-0.2.0.jar:/home/user/.m2/repository/org/apache/ratis/ratis-proto/0.4.0-2337318-SNAPSHOT/ratis-proto-0.4.0-2337318-SNAPSHOT.jar:/home/user/.m2/repository/org/apache/ratis/ratis-common/0.4.0-2337318-SNAPSHOT/ratis-common-0.4.0-2337318-SNAPSHOT.jar:/home/user/.m2/repository/org/apache/ratis/ratis-client/0.4.0-2337318-SNAPSHOT/ratis-client-0.4.0-2337318-SNAPSHOT.jar:/home/user/.m2/repository/org/apache/ratis/ratis-metrics/0.4.0-2337318-SNAPSHOT/ratis-metrics-0.4.0-2337318-SNAPSHOT.jar:/home/user/.m2/repository/org/apache/ratis/ratis-netty/0.4.0-2337318-SNAPSHOT/ratis-netty-0.4.0-2337318-SNAPSHOT.jar:/home/user/.m2/repository/org/apache/ratis/ratis-grpc/0.4.0-2337318-SNAPSHOT/ratis-grpc-0.4.0-2337318-SNAPSHOT.jar:/home/user/.m2/repository/org/rocksdb/rocksdbjni/6.0.1/rocksdbjni-6.0.1.jar:/home/user/.m2/repository/org/apache/logging/log4j/log4j-api/2.11.0/log4j-api-2.11.0.jar:/home/user/.m2/repository/org/apache/logging/log4j/log4j-core/2.11.0/log4j-core-2.11.0.jar:/home/user/.m2/repository/com/lmax/disruptor/3.4.2/disruptor-3.4.2.jar:/home/user/.m2/repository/org/apache/commons/commons-pool2/2.6.0/commons-pool2-2.6.0.jar:/home/user/.m2/repository/org/bouncycastle/bcpkix-jdk15on/1.60/bcpkix-jdk15on-1.60.jar:/home/user/.m2/repository/commons-validator/commons-validator/1.6/commons-validator-1.6.jar:/home/user/.m2/repository/commons-digester/commons-digester/1.8.1/commons-digester-1.8.1.jar:/home/user/.m2/repository/io/jaegertracing/jaeger-client/0.33.1/jaeger-client-0.33.1.jar:/home/user/.m2/repository/io/jaegertracing/jaeger-thrift/0.33.1/jaeger-thrift-0.33.1.jar:/home/user/.m2/repository/org/apache/thrift/libthrift/0.11.0/libthrift-0.11.0.jar:/home/user/.m2/repository/com/squareup/okhttp3/okhttp/3.9.0/okhttp-3.9.0.jar:/home/user/.m2/repository/com/squareup/okio/okio/1.13.0/okio-1.13.0.jar:/home/user/.m2/repository/io/jaegertracing/jaeger-core/0.33.1/jaeger-core-0.33.1.jar:/home/user/.m2/repository/io/jaegertracing/jaeger-tracerresolver/0.33.1/jaeger-tracerresolver-0.33.1.jar:/home/user/.m2/repository/io/opentracing/contrib/opentracing-tracerresolver/0.1.5/opentracing-tracerresolver-0.1.5.jar:/home/user/.m2/repository/io/opentracing/opentracing-util/0.31.0/opentracing-util-0.31.0.jar:/home/user/.m2/repository/io/opentracing/opentracing-api/0.31.0/opentracing-api-0.31.0.jar:/home/user/.m2/repository/io/opentracing/opentracing-noop/0.31.0/opentracing-noop-0.31.0.jar:/home/user/.m2/repository/org/apache/hadoop/hadoop-hdds-server-framework/0.5.0-SNAPSHOT/hadoop-hdds-server-framework-0.5.0-SNAPSHOT.jar:/home/user/.m2/repository/org/apache/hadoop/hadoop-hdds-container-service/0.5.0-SNAPSHOT/hadoop-hdds-container-service-0.5.0-SNAPSHOT.jar:/home/user/.m2/repository/org/apache/hadoop/hadoop-hdds-client/0.5.0-SNAPSHOT/hadoop-hdds-client-0.5.0-SNAPSHOT.jar:/home/user/.m2/repository/org/apache/hadoop/hadoop-hdds-tools/0.5.0-SNAPSHOT/hadoop-hdds-tools-0.5.0-SNAPSHOT.jar:/home/user/.m2/repository/org/apache/hadoop/hadoop-hdds-server-scm/0.5.0-SNAPSHOT/hadoop-hdds-server-scm-0.5.0-SNAPSHOT.jar:/home/user/.m2/repository/org/apache/hadoop/hadoop-hdds-docs/0.5.0-SNAPSHOT/hadoop-hdds-docs-0.5.0-SNAPSHOT.jar:/home/user/.m2/repository/io/dropwizard/metrics/metrics-core/3.2.4/metrics-core-3.2.4.jar:/home/user/.m2/repository/org/hamcrest/hamcrest-all/1.3/hamcrest-all-1.3.jar:/home/user/.m2/repository/org/bouncycastle/bcprov-jdk15on/1.60/bcprov-jdk15on-1.60.jar:/home/user/.m2/repository/info/picocli/picocli/3.9.6/picocli-3.9.6.jar:/home/user/.m2/repository/com/google/protobuf/protobuf-java/2.5.0/protobuf-java-2.5.0.jar:/home/user/.m2/repository/com/google/guava/guava/11.0.2/guava-11.0.2.jar:/home/user/.m2/repository/org/apache/hadoop/hadoop-ozone-ozone-manager/0.5.0-SNAPSHOT/hadoop-ozone-ozone-manager-0.5.0-SNAPSHOT.jar:/home/user/.m2/repository/org/apache/hadoop/hadoop-minikdc/3.2.0/hadoop-minikdc-3.2.0.jar:/home/user/.m2/repository/commons-io/commons-io/2.5/commons-io-2.5.jar:/home/user/.m2/repository/org/apache/kerby/kerb-simplekdc/1.0.1/kerb-simplekdc-1.0.1.jar:/home/user/.m2/repository/org/apache/kerby/kerb-client/1.0.1/kerb-client-1.0.1.jar:/home/user/.m2/repository/org/apache/kerby/kerby-config/1.0.1/kerby-config-1.0.1.jar:/home/user/.m2/repository/org/apache/kerby/kerb-core/1.0.1/kerb-core-1.0.1.jar:/home/user/.m2/repository/org/apache/kerby/kerby-pkix/1.0.1/kerby-pkix-1.0.1.jar:/home/user/.m2/repository/org/apache/kerby/kerby-asn1/1.0.1/kerby-asn1-1.0.1.jar:/home/user/.m2/repository/org/apache/kerby/kerby-util/1.0.1/kerby-util-1.0.1.jar:/home/user/.m2/repository/org/apache/kerby/kerb-common/1.0.1/kerb-common-1.0.1.jar:/home/user/.m2/repository/org/apache/kerby/kerb-crypto/1.0.1/kerb-crypto-1.0.1.jar:/home/user/.m2/repository/org/apache/kerby/kerb-util/1.0.1/kerb-util-1.0.1.jar:/home/user/.m2/repository/org/apache/kerby/token-provider/1.0.1/token-provider-1.0.1.jar:/home/user/.m2/repository/org/apache/kerby/kerb-admin/1.0.1/kerb-admin-1.0.1.jar:/home/user/.m2/repository/org/apache/kerby/kerb-server/1.0.1/kerb-server-1.0.1.jar:/home/user/.m2/repository/org/apache/kerby/kerb-identity/1.0.1/kerb-identity-1.0.1.jar:/home/user/.m2/repository/org/apache/kerby/kerby-xdr/1.0.1/kerby-xdr-1.0.1.jar:/home/user/.m2/repository/org/slf4j/slf4j-log4j12/1.7.25/slf4j-log4j12-1.7.25.jar:/home/user/.m2/repository/org/apache/hadoop/hadoop-ozone-objectstore-service/0.5.0-SNAPSHOT/hadoop-ozone-objectstore-service-0.5.0-SNAPSHOT.jar:/home/user/.m2/repository/org/apache/hadoop/hadoop-ozone-s3gateway/0.5.0-SNAPSHOT/hadoop-ozone-s3gateway-0.5.0-SNAPSHOT.jar:/home/user/.m2/repository/org/jboss/weld/servlet/weld-servlet/2.4.7.Final/weld-servlet-2.4.7.Final.jar:/home/user/.m2/repository/org/glassfish/jersey/containers/jersey-container-servlet-core/2.27/jersey-container-servlet-core-2.27.jar:/home/user/.m2/repository/org/glassfish/hk2/external/javax.inject/2.5.0-b42/javax.inject-2.5.0-b42.jar:/home/user/.m2/repository/org/glassfish/jersey/core/jersey-common/2.27/jersey-common-2.27.jar:/home/user/.m2/repository/org/glassfish/hk2/osgi-resource-locator/1.0.1/osgi-resource-locator-1.0.1.jar:/home/user/.m2/repository/javax/ws/rs/javax.ws.rs-api/2.1/javax.ws.rs-api-2.1.jar:/home/user/.m2/repository/org/glassfish/jersey/ext/cdi/jersey-cdi1x/2.27/jersey-cdi1x-2.27.jar:/home/user/.m2/repository/org/glassfish/jersey/inject/jersey-hk2/2.27/jersey-hk2-2.27.jar:/home/user/.m2/repository/org/glassfish/hk2/hk2-locator/2.5.0-b42/hk2-locator-2.5.0-b42.jar:/home/user/.m2/repository/org/javassist/javassist/3.22.0-CR2/javassist-3.22.0-CR2.jar:/home/user/.m2/repository/org/glassfish/hk2/hk2-api/2.5.0/hk2-api-2.5.0.jar:/home/user/.m2/repository/org/glassfish/hk2/external/jakarta.inject/2.5.0/jakarta.inject-2.5.0.jar:/home/user/.m2/repository/org/glassfish/hk2/hk2-utils/2.5.0/hk2-utils-2.5.0.jar:/home/user/.m2/repository/jakarta/annotation/jakarta.annotation-api/1.3.4/jakarta.annotation-api-1.3.4.jar:/home/user/.m2/repository/org/glassfish/hk2/external/aopalliance-repackaged/2.5.0/aopalliance-repackaged-2.5.0.jar:/home/user/.m2/repository/com/fasterxml/jackson/dataformat/jackson-dataformat-xml/2.9.0/jackson-dataformat-xml-2.9.0.jar:/home/user/.m2/repository/com/fasterxml/jackson/core/jackson-core/2.9.5/jackson-core-2.9.5.jar:/home/user/.m2/repository/com/fasterxml/jackson/module/jackson-module-jaxb-annotations/2.9.5/jackson-module-jaxb-annotations-2.9.5.jar:/home/user/.m2/repository/javax/enterprise/cdi-api/1.2/cdi-api-1.2.jar:/home/user/.m2/repository/javax/el/javax.el-api/3.0.0/javax.el-api-3.0.0.jar:/home/user/.m2/repository/javax/interceptor/javax.interceptor-api/1.2/javax.interceptor-api-1.2.jar:/home/user/.m2/repository/javax/inject/javax.inject/1/javax.inject-1.jar:/home/user/.m2/repository/com/sun/xml/bind/jaxb-impl/2.3.0.1/jaxb-impl-2.3.0.1.jar:/home/user/.m2/repository/com/sun/xml/bind/jaxb-core/2.3.0.1/jaxb-core-2.3.0.1.jar:/home/user/.m2/repository/javax/xml/bind/jaxb-api/2.3.0/jaxb-api-2.3.0.jar:/home/user/.m2/repository/javax/activation/activation/1.1.1/activation-1.1.1.jar:/home/user/.m2/repository/org/apache/hadoop/hadoop-ozone-csi/0.5.0-SNAPSHOT/hadoop-ozone-csi-0.5.0-SNAPSHOT.jar:/home/user/.m2/repository/com/google/protobuf/protobuf-java-util/3.5.1/protobuf-java-util-3.5.1.jar:/home/user/.m2/repository/org/apache/hadoop/hadoop-hdds-config/0.5.0-SNAPSHOT/hadoop-hdds-config-0.5.0-SNAPSHOT.jar:/home/user/.m2/repository/io/grpc/grpc-netty/1.17.1/grpc-netty-1.17.1.jar:/home/user/.m2/repository/io/grpc/grpc-core/1.17.1/grpc-core-1.17.1.jar:/home/user/.m2/repository/io/grpc/grpc-context/1.17.1/grpc-context-1.17.1.jar:/home/user/.m2/repository/com/google/errorprone/error_prone_annotations/2.2.0/error_prone_annotations-2.2.0.jar:/home/user/.m2/repository/org/codehaus/mojo/animal-sniffer-annotations/1.17/animal-sniffer-annotations-1.17.jar:/home/user/.m2/repository/io/opencensus/opencensus-api/0.17.0/opencensus-api-0.17.0.jar:/home/user/.m2/repository/io/opencensus/opencensus-contrib-grpc-metrics/0.17.0/opencensus-contrib-grpc-metrics-0.17.0.jar:/home/user/.m2/repository/io/netty/netty-codec-http2/4.1.30.Final/netty-codec-http2-4.1.30.Final.jar:/home/user/.m2/repository/io/netty/netty-codec-http/4.1.30.Final/netty-codec-http-4.1.30.Final.jar:/home/user/.m2/repository/io/netty/netty-codec/4.1.30.Final/netty-codec-4.1.30.Final.jar:/home/user/.m2/repository/io/netty/netty-handler/4.1.30.Final/netty-handler-4.1.30.Final.jar:/home/user/.m2/repository/io/netty/netty-handler-proxy/4.1.30.Final/netty-handler-proxy-4.1.30.Final.jar:/home/user/.m2/repository/io/netty/netty-codec-socks/4.1.30.Final/netty-codec-socks-4.1.30.Final.jar:/home/user/.m2/repository/io/netty/netty-transport-native-epoll/4.1.30.Final/netty-transport-native-epoll-4.1.30.Final.jar:/home/user/.m2/repository/io/netty/netty-common/4.1.30.Final/netty-common-4.1.30.Final.jar:/home/user/.m2/repository/io/netty/netty-buffer/4.1.30.Final/netty-buffer-4.1.30.Final.jar:/home/user/.m2/repository/io/netty/netty-transport/4.1.30.Final/netty-transport-4.1.30.Final.jar:/home/user/.m2/repository/io/netty/netty-resolver/4.1.30.Final/netty-resolver-4.1.30.Final.jar:/home/user/.m2/repository/io/netty/netty-transport-native-unix-common/4.1.30.Final/netty-transport-native-unix-common-4.1.30.Final.jar:/home/user/.m2/repository/io/grpc/grpc-protobuf/1.17.1/grpc-protobuf-1.17.1.jar:/home/user/.m2/repository/com/google/api/grpc/proto-google-common-protos/1.0.0/proto-google-common-protos-1.0.0.jar:/home/user/.m2/repository/io/grpc/grpc-protobuf-lite/1.17.1/grpc-protobuf-lite-1.17.1.jar:/home/user/.m2/repository/io/grpc/grpc-stub/1.17.1/grpc-stub-1.17.1.jar:/home/user/.m2/repository/org/apache/hadoop/hadoop-ozone-recon/0.5.0-SNAPSHOT/hadoop-ozone-recon-0.5.0-SNAPSHOT.jar:/home/user/.m2/repository/org/apache/hadoop/hadoop-ozone-reconcodegen/0.5.0-SNAPSHOT/hadoop-ozone-reconcodegen-0.5.0-SNAPSHOT.jar:/home/user/.m2/repository/com/google/inject/extensions/guice-multibindings/4.0/guice-multibindings-4.0.jar:/home/user/.m2/repository/com/google/inject/guice/4.0/guice-4.0.jar:/home/user/.m2/repository/aopalliance/aopalliance/1.0/aopalliance-1.0.jar:/home/user/.m2/repository/com/google/inject/extensions/guice-servlet/4.0/guice-servlet-4.0.jar:/home/user/.m2/repository/org/glassfish/jersey/containers/jersey-container-servlet/2.27/jersey-container-servlet-2.27.jar:/home/user/.m2/repository/org/glassfish/hk2/guice-bridge/2.5.0/guice-bridge-2.5.0.jar:/home/user/.m2/repository/org/glassfish/jersey/core/jersey-server/2.27/jersey-server-2.27.jar:/home/user/.m2/repository/org/glassfish/jersey/core/jersey-client/2.27/jersey-client-2.27.jar:/home/user/.m2/repository/org/glassfish/jersey/media/jersey-media-jaxb/2.27/jersey-media-jaxb-2.27.jar:/home/user/.m2/repository/javax/validation/validation-api/1.1.0.Final/validation-api-1.1.0.Final.jar:/home/user/.m2/repository/org/glassfish/jersey/media/jersey-media-json-jackson/2.27/jersey-media-json-jackson-2.27.jar:/home/user/.m2/repository/org/glassfish/jersey/ext/jersey-entity-filtering/2.27/jersey-entity-filtering-2.27.jar:/home/user/.m2/repository/com/google/inject/extensions/guice-assistedinject/4.0/guice-assistedinject-4.0.jar:/home/user/.m2/repository/org/jooq/jooq/3.11.10/jooq-3.11.10.jar:/home/user/.m2/repository/org/jooq/jooq-meta/3.11.10/jooq-meta-3.11.10.jar:/home/user/.m2/repository/org/jooq/jooq-codegen/3.11.10/jooq-codegen-3.11.10.jar:/home/user/.m2/repository/com/jolbox/bonecp/0.8.0.RELEASE/bonecp-0.8.0.RELEASE.jar:/home/user/.m2/repository/org/xerial/sqlite-jdbc/3.25.2/sqlite-jdbc-3.25.2.jar:/home/user/.m2/repository/org/springframework/spring-jdbc/5.1.3.RELEASE/spring-jdbc-5.1.3.RELEASE.jar:/home/user/.m2/repository/org/springframework/spring-beans/5.1.3.RELEASE/spring-beans-5.1.3.RELEASE.jar:/home/user/.m2/repository/org/springframework/spring-core/5.1.3.RELEASE/spring-core-5.1.3.RELEASE.jar:/home/user/.m2/repository/org/springframework/spring-jcl/5.1.3.RELEASE/spring-jcl-5.1.3.RELEASE.jar:/home/user/.m2/repository/org/springframework/spring-tx/5.1.3.RELEASE/spring-tx-5.1.3.RELEASE.jar:/home/user/.m2/repository/org/apache/hadoop/hadoop-ozone-client/0.5.0-SNAPSHOT/hadoop-ozone-client-0.5.0-SNAPSHOT.jar:/home/user/.m2/repository/commons-lang/commons-lang/2.6/commons-lang-2.6.jar:/home/user/.m2/repository/org/apache/hadoop/hadoop-ozone-ozone-manager/0.5.0-SNAPSHOT/hadoop-ozone-ozone-manager-0.5.0-SNAPSHOT-tests.jar:/home/user/.m2/repository/junit/junit/4.11/junit-4.11.jar:/home/user/.m2/repository/org/hamcrest/hamcrest-core/1.3/hamcrest-core-1.3.jar:/home/user/.m2/repository/org/openjdk/jmh/jmh-core/1.19/jmh-core-1.19.jar:/home/user/.m2/repository/net/sf/jopt-simple/jopt-simple/4.6/jopt-simple-4.6.jar:/home/user/.m2/repository/org/apache/commons/commons-math3/3.1.1/commons-math3-3.1.1.jar:/home/user/.m2/repository/org/openjdk/jmh/jmh-generator-annprocess/1.19/jmh-generator-annprocess-1.19.jar:/home/user/.m2/repository/org/mockito/mockito-all/1.8.5/mockito-all-1.8.5.jar:/home/user/.m2/repository/org/apache/hadoop/hadoop-kms/3.2.0/hadoop-kms-3.2.0.jar:/home/user/.m2/repository/org/apache/hadoop/hadoop-auth/3.2.0/hadoop-auth-3.2.0.jar:/home/user/.m2/repository/com/nimbusds/nimbus-jose-jwt/4.41.1/nimbus-jose-jwt-4.41.1.jar:/home/user/.m2/repository/com/github/stephenc/jcip/jcip-annotations/1.0-1/jcip-annotations-1.0-1.jar:/home/user/.m2/repository/net/minidev/json-smart/2.3/json-smart-2.3.jar:/home/user/.m2/repository/net/minidev/accessors-smart/1.2/accessors-smart-1.2.jar:/home/user/.m2/repository/org/ow2/asm/asm/5.0.4/asm-5.0.4.jar:/home/user/.m2/repository/org/apache/curator/curator-framework/2.12.0/curator-framework-2.12.0.jar:/home/user/.m2/repository/com/sun/jersey/jersey-core/1.19/jersey-core-1.19.jar:/home/user/.m2/repository/javax/ws/rs/jsr311-api/1.1.1/jsr311-api-1.1.1.jar:/home/user/.m2/repository/com/sun/jersey/jersey-server/1.19/jersey-server-1.19.jar:/home/user/.m2/repository/javax/servlet/javax.servlet-api/3.1.0/javax.servlet-api-3.1.0.jar:/home/user/.m2/repository/org/eclipse/jetty/jetty-server/9.3.24.v20180605/jetty-server-9.3.24.v20180605.jar:/home/user/.m2/repository/org/eclipse/jetty/jetty-http/9.3.24.v20180605/jetty-http-9.3.24.v20180605.jar:/home/user/.m2/repository/org/eclipse/jetty/jetty-io/9.3.24.v20180605/jetty-io-9.3.24.v20180605.jar:/home/user/.m2/repository/org/eclipse/jetty/jetty-webapp/9.3.24.v20180605/jetty-webapp-9.3.24.v20180605.jar:/home/user/.m2/repository/org/eclipse/jetty/jetty-xml/9.3.24.v20180605/jetty-xml-9.3.24.v20180605.jar:/home/user/.m2/repository/log4j/log4j/1.2.17/log4j-1.2.17.jar:/home/user/.m2/repository/org/slf4j/slf4j-api/1.7.25/slf4j-api-1.7.25.jar:/home/user/.m2/repository/org/slf4j/jul-to-slf4j/1.7.25/jul-to-slf4j-1.7.25.jar:/home/user/.m2/repository/org/eclipse/jetty/jetty-util/9.3.24.v20180605/jetty-util-9.3.24.v20180605.jar:/home/user/.m2/repository/com/fasterxml/jackson/core/jackson-databind/2.9.5/jackson-databind-2.9.5.jar:/home/user/.m2/repository/org/apache/hadoop/hadoop-kms/3.2.0/hadoop-kms-3.2.0-tests.jar:/home/user/.m2/repository/org/apache/hadoop/hadoop-hdds-server-scm/0.5.0-SNAPSHOT/hadoop-hdds-server-scm-0.5.0-SNAPSHOT-tests.jar:/home/user/.m2/repository/org/apache/hadoop/hadoop-hdds-container-service/0.5.0-SNAPSHOT/hadoop-hdds-container-service-0.5.0-SNAPSHOT-tests.jar:/home/user/.m2/repository/org/yaml/snakeyaml/1.16/snakeyaml-1.16.jar:/home/user/.m2/repository/org/apache/hadoop/hadoop-common/3.2.0/hadoop-common-3.2.0-tests.jar:/home/user/.m2/repository/org/apache/hadoop/hadoop-annotations/3.2.0/hadoop-annotations-3.2.0.jar:/usr/lib/jvm/java-1.8-openjdk/jre/../lib/tools.jar:/home/user/.m2/repository/commons-cli/commons-cli/1.2/commons-cli-1.2.jar:/home/user/.m2/repository/org/apache/httpcomponents/httpclient/4.5.2/httpclient-4.5.2.jar:/home/user/.m2/repository/org/apache/httpcomponents/httpcore/4.4.4/httpcore-4.4.4.jar:/home/user/.m2/repository/commons-codec/commons-codec/1.11/commons-codec-1.11.jar:/home/user/.m2/repository/commons-net/commons-net/3.6/commons-net-3.6.jar:/home/user/.m2/repository/commons-collections/commons-collections/3.2.2/commons-collections-3.2.2.jar:/home/user/.m2/repository/org/eclipse/jetty/jetty-servlet/9.3.24.v20180605/jetty-servlet-9.3.24.v20180605.jar:/home/user/.m2/repository/org/eclipse/jetty/jetty-security/9.3.24.v20180605/jetty-security-9.3.24.v20180605.jar:/home/user/.m2/repository/javax/servlet/jsp/jsp-api/2.1/jsp-api-2.1.jar:/home/user/.m2/repository/com/sun/jersey/jersey-servlet/1.19/jersey-servlet-1.19.jar:/home/user/.m2/repository/com/sun/jersey/jersey-json/1.19/jersey-json-1.19.jar:/home/user/.m2/repository/org/codehaus/jettison/jettison/1.1/jettison-1.1.jar:/home/user/.m2/repository/org/codehaus/jackson/jackson-core-asl/1.9.13/jackson-core-asl-1.9.13.jar:/home/user/.m2/repository/org/codehaus/jackson/jackson-mapper-asl/1.9.13/jackson-mapper-asl-1.9.13.jar:/home/user/.m2/repository/org/codehaus/jackson/jackson-jaxrs/1.9.13/jackson-jaxrs-1.9.13.jar:/home/user/.m2/repository/org/codehaus/jackson/jackson-xc/1.9.13/jackson-xc-1.9.13.jar:/home/user/.m2/repository/commons-logging/commons-logging/1.1.3/commons-logging-1.1.3.jar:/home/user/.m2/repository/commons-beanutils/commons-beanutils/1.9.3/commons-beanutils-1.9.3.jar:/home/user/.m2/repository/org/apache/commons/commons-configuration2/2.1.1/commons-configuration2-2.1.1.jar:/home/user/.m2/repository/org/apache/commons/commons-lang3/3.7/commons-lang3-3.7.jar:/home/user/.m2/repository/org/apache/commons/commons-text/1.4/commons-text-1.4.jar:/home/user/.m2/repository/org/apache/avro/avro/1.7.7/avro-1.7.7.jar:/home/user/.m2/repository/com/thoughtworks/paranamer/paranamer/2.3/paranamer-2.3.jar:/home/user/.m2/repository/org/xerial/snappy/snappy-java/1.0.5/snappy-java-1.0.5.jar:/home/user/.m2/repository/com/google/re2j/re2j/1.1/re2j-1.1.jar:/home/user/.m2/repository/com/google/code/gson/gson/2.2.4/gson-2.2.4.jar:/home/user/.m2/repository/com/jcraft/jsch/0.1.54/jsch-0.1.54.jar:/home/user/.m2/repository/org/apache/curator/curator-client/2.12.0/curator-client-2.12.0.jar:/home/user/.m2/repository/org/apache/curator/curator-recipes/2.12.0/curator-recipes-2.12.0.jar:/home/user/.m2/repository/com/google/code/findbugs/jsr305/3.0.0/jsr305-3.0.0.jar:/home/user/.m2/repository/org/apache/htrace/htrace-core4/4.1.0-incubating/htrace-core4-4.1.0-incubating.jar:/home/user/.m2/repository/org/apache/zookeeper/zookeeper/3.4.13/zookeeper-3.4.13.jar:/home/user/.m2/repository/org/apache/yetus/audience-annotations/0.5.0/audience-annotations-0.5.0.jar:/home/user/.m2/repository/org/codehaus/woodstox/stax2-api/3.1.4/stax2-api-3.1.4.jar:/home/user/.m2/repository/com/fasterxml/woodstox/woodstox-core/5.0.3/woodstox-core-5.0.3.jar:/home/user/.m2/repository/dnsjava/dnsjava/2.1.7/dnsjava-2.1.7.jar:/home/user/.m2/repository/org/apache/hadoop/hadoop-hdfs/3.2.0/hadoop-hdfs-3.2.0-tests.jar:/home/user/.m2/repository/org/eclipse/jetty/jetty-util-ajax/9.3.24.v20180605/jetty-util-ajax-9.3.24.v20180605.jar:/home/user/.m2/repository/commons-daemon/commons-daemon/1.0.13/commons-daemon-1.0.13.jar:/home/user/.m2/repository/io/netty/netty/3.10.5.Final/netty-3.10.5.Final.jar:/home/user/.m2/repository/io/netty/netty-all/4.0.52.Final/netty-all-4.0.52.Final.jar:/home/user/.m2/repository/org/fusesource/leveldbjni/leveldbjni-all/1.8/leveldbjni-all-1.8.jar:"/>
    <property name="java.vm.vendor" value="IcedTea"/>
    <property name="sun.arch.data.model" value="64"/>
    <property name="test.build.dir" value="/workdir/hadoop-ozone/integration-test/target/test-dir"/>
    <property name="test.cache.data" value=""/>
    <property name="java.vendor.url" value="https://icedtea.classpath.org"/>
    <property name="user.timezone" value=""/>
    <property name="java.vm.specification.version" value="1.8"/>
    <property name="os.name" value="Linux"/>
    <property name="test.build.data" value="/workdir/hadoop-ozone/integration-test/target/test-dir"/>
    <property name="user.country" value="US"/>
    <property name="sun.java.launcher" value="SUN_STANDARD"/>
    <property name="sun.boot.library.path" value="/usr/lib/jvm/java-1.8-openjdk/jre/lib/amd64"/>
    <property name="sun.java.command" value="/workdir/hadoop-ozone/integration-test/target/surefire/surefirebooter1123346425712761798.jar /workdir/hadoop-ozone/integration-test/target/surefire 2019-08-29T08-10-37_116-jvmRun1 surefire4933164477199949712tmp surefire_348207429035029781670tmp"/>
    <property name="test" value="!TestMiniChaosOzoneCluster"/>
    <property name="surefire.test.class.path" value="/workdir/hadoop-ozone/integration-test/target/test-classes:/workdir/hadoop-ozone/integration-test/target/classes:/home/user/.m2/repository/org/apache/hadoop/hadoop-ozone-common/0.5.0-SNAPSHOT/hadoop-ozone-common-0.5.0-SNAPSHOT.jar:/home/user/.m2/repository/org/apache/commons/commons-compress/1.4.1/commons-compress-1.4.1.jar:/home/user/.m2/repository/org/tukaani/xz/1.0/xz-1.0.jar:/home/user/.m2/repository/org/apache/hadoop/hadoop-common/3.2.0/hadoop-common-3.2.0.jar:/home/user/.m2/repository/org/apache/hadoop/hadoop-hdfs/3.2.0/hadoop-hdfs-3.2.0.jar:/home/user/.m2/repository/org/apache/hadoop/hadoop-hdfs-client/3.2.0/hadoop-hdfs-client-3.2.0.jar:/home/user/.m2/repository/com/fasterxml/jackson/core/jackson-annotations/2.9.5/jackson-annotations-2.9.5.jar:/home/user/.m2/repository/org/apache/hadoop/hadoop-hdds-common/0.5.0-SNAPSHOT/hadoop-hdds-common-0.5.0-SNAPSHOT.jar:/home/user/.m2/repository/javax/annotation/javax.annotation-api/1.2/javax.annotation-api-1.2.jar:/home/user/.m2/repository/org/apache/ratis/ratis-server/0.4.0-2337318-SNAPSHOT/ratis-server-0.4.0-2337318-SNAPSHOT.jar:/home/user/.m2/repository/org/apache/ratis/ratis-thirdparty-misc/0.2.0/ratis-thirdparty-misc-0.2.0.jar:/home/user/.m2/repository/org/apache/ratis/ratis-proto/0.4.0-2337318-SNAPSHOT/ratis-proto-0.4.0-2337318-SNAPSHOT.jar:/home/user/.m2/repository/org/apache/ratis/ratis-common/0.4.0-2337318-SNAPSHOT/ratis-common-0.4.0-2337318-SNAPSHOT.jar:/home/user/.m2/repository/org/apache/ratis/ratis-client/0.4.0-2337318-SNAPSHOT/ratis-client-0.4.0-2337318-SNAPSHOT.jar:/home/user/.m2/repository/org/apache/ratis/ratis-metrics/0.4.0-2337318-SNAPSHOT/ratis-metrics-0.4.0-2337318-SNAPSHOT.jar:/home/user/.m2/repository/org/apache/ratis/ratis-netty/0.4.0-2337318-SNAPSHOT/ratis-netty-0.4.0-2337318-SNAPSHOT.jar:/home/user/.m2/repository/org/apache/ratis/ratis-grpc/0.4.0-2337318-SNAPSHOT/ratis-grpc-0.4.0-2337318-SNAPSHOT.jar:/home/user/.m2/repository/org/rocksdb/rocksdbjni/6.0.1/rocksdbjni-6.0.1.jar:/home/user/.m2/repository/org/apache/logging/log4j/log4j-api/2.11.0/log4j-api-2.11.0.jar:/home/user/.m2/repository/org/apache/logging/log4j/log4j-core/2.11.0/log4j-core-2.11.0.jar:/home/user/.m2/repository/com/lmax/disruptor/3.4.2/disruptor-3.4.2.jar:/home/user/.m2/repository/org/apache/commons/commons-pool2/2.6.0/commons-pool2-2.6.0.jar:/home/user/.m2/repository/org/bouncycastle/bcpkix-jdk15on/1.60/bcpkix-jdk15on-1.60.jar:/home/user/.m2/repository/commons-validator/commons-validator/1.6/commons-validator-1.6.jar:/home/user/.m2/repository/commons-digester/commons-digester/1.8.1/commons-digester-1.8.1.jar:/home/user/.m2/repository/io/jaegertracing/jaeger-client/0.33.1/jaeger-client-0.33.1.jar:/home/user/.m2/repository/io/jaegertracing/jaeger-thrift/0.33.1/jaeger-thrift-0.33.1.jar:/home/user/.m2/repository/org/apache/thrift/libthrift/0.11.0/libthrift-0.11.0.jar:/home/user/.m2/repository/com/squareup/okhttp3/okhttp/3.9.0/okhttp-3.9.0.jar:/home/user/.m2/repository/com/squareup/okio/okio/1.13.0/okio-1.13.0.jar:/home/user/.m2/repository/io/jaegertracing/jaeger-core/0.33.1/jaeger-core-0.33.1.jar:/home/user/.m2/repository/io/jaegertracing/jaeger-tracerresolver/0.33.1/jaeger-tracerresolver-0.33.1.jar:/home/user/.m2/repository/io/opentracing/contrib/opentracing-tracerresolver/0.1.5/opentracing-tracerresolver-0.1.5.jar:/home/user/.m2/repository/io/opentracing/opentracing-util/0.31.0/opentracing-util-0.31.0.jar:/home/user/.m2/repository/io/opentracing/opentracing-api/0.31.0/opentracing-api-0.31.0.jar:/home/user/.m2/repository/io/opentracing/opentracing-noop/0.31.0/opentracing-noop-0.31.0.jar:/home/user/.m2/repository/org/apache/hadoop/hadoop-hdds-server-framework/0.5.0-SNAPSHOT/hadoop-hdds-server-framework-0.5.0-SNAPSHOT.jar:/home/user/.m2/repository/org/apache/hadoop/hadoop-hdds-container-service/0.5.0-SNAPSHOT/hadoop-hdds-container-service-0.5.0-SNAPSHOT.jar:/home/user/.m2/repository/org/apache/hadoop/hadoop-hdds-client/0.5.0-SNAPSHOT/hadoop-hdds-client-0.5.0-SNAPSHOT.jar:/home/user/.m2/repository/org/apache/hadoop/hadoop-hdds-tools/0.5.0-SNAPSHOT/hadoop-hdds-tools-0.5.0-SNAPSHOT.jar:/home/user/.m2/repository/org/apache/hadoop/hadoop-hdds-server-scm/0.5.0-SNAPSHOT/hadoop-hdds-server-scm-0.5.0-SNAPSHOT.jar:/home/user/.m2/repository/org/apache/hadoop/hadoop-hdds-docs/0.5.0-SNAPSHOT/hadoop-hdds-docs-0.5.0-SNAPSHOT.jar:/home/user/.m2/repository/io/dropwizard/metrics/metrics-core/3.2.4/metrics-core-3.2.4.jar:/home/user/.m2/repository/org/hamcrest/hamcrest-all/1.3/hamcrest-all-1.3.jar:/home/user/.m2/repository/org/bouncycastle/bcprov-jdk15on/1.60/bcprov-jdk15on-1.60.jar:/home/user/.m2/repository/info/picocli/picocli/3.9.6/picocli-3.9.6.jar:/home/user/.m2/repository/com/google/protobuf/protobuf-java/2.5.0/protobuf-java-2.5.0.jar:/home/user/.m2/repository/com/google/guava/guava/11.0.2/guava-11.0.2.jar:/home/user/.m2/repository/org/apache/hadoop/hadoop-ozone-ozone-manager/0.5.0-SNAPSHOT/hadoop-ozone-ozone-manager-0.5.0-SNAPSHOT.jar:/home/user/.m2/repository/org/apache/hadoop/hadoop-minikdc/3.2.0/hadoop-minikdc-3.2.0.jar:/home/user/.m2/repository/commons-io/commons-io/2.5/commons-io-2.5.jar:/home/user/.m2/repository/org/apache/kerby/kerb-simplekdc/1.0.1/kerb-simplekdc-1.0.1.jar:/home/user/.m2/repository/org/apache/kerby/kerb-client/1.0.1/kerb-client-1.0.1.jar:/home/user/.m2/repository/org/apache/kerby/kerby-config/1.0.1/kerby-config-1.0.1.jar:/home/user/.m2/repository/org/apache/kerby/kerb-core/1.0.1/kerb-core-1.0.1.jar:/home/user/.m2/repository/org/apache/kerby/kerby-pkix/1.0.1/kerby-pkix-1.0.1.jar:/home/user/.m2/repository/org/apache/kerby/kerby-asn1/1.0.1/kerby-asn1-1.0.1.jar:/home/user/.m2/repository/org/apache/kerby/kerby-util/1.0.1/kerby-util-1.0.1.jar:/home/user/.m2/repository/org/apache/kerby/kerb-common/1.0.1/kerb-common-1.0.1.jar:/home/user/.m2/repository/org/apache/kerby/kerb-crypto/1.0.1/kerb-crypto-1.0.1.jar:/home/user/.m2/repository/org/apache/kerby/kerb-util/1.0.1/kerb-util-1.0.1.jar:/home/user/.m2/repository/org/apache/kerby/token-provider/1.0.1/token-provider-1.0.1.jar:/home/user/.m2/repository/org/apache/kerby/kerb-admin/1.0.1/kerb-admin-1.0.1.jar:/home/user/.m2/repository/org/apache/kerby/kerb-server/1.0.1/kerb-server-1.0.1.jar:/home/user/.m2/repository/org/apache/kerby/kerb-identity/1.0.1/kerb-identity-1.0.1.jar:/home/user/.m2/repository/org/apache/kerby/kerby-xdr/1.0.1/kerby-xdr-1.0.1.jar:/home/user/.m2/repository/org/slf4j/slf4j-log4j12/1.7.25/slf4j-log4j12-1.7.25.jar:/home/user/.m2/repository/org/apache/hadoop/hadoop-ozone-objectstore-service/0.5.0-SNAPSHOT/hadoop-ozone-objectstore-service-0.5.0-SNAPSHOT.jar:/home/user/.m2/repository/org/apache/hadoop/hadoop-ozone-s3gateway/0.5.0-SNAPSHOT/hadoop-ozone-s3gateway-0.5.0-SNAPSHOT.jar:/home/user/.m2/repository/org/jboss/weld/servlet/weld-servlet/2.4.7.Final/weld-servlet-2.4.7.Final.jar:/home/user/.m2/repository/org/glassfish/jersey/containers/jersey-container-servlet-core/2.27/jersey-container-servlet-core-2.27.jar:/home/user/.m2/repository/org/glassfish/hk2/external/javax.inject/2.5.0-b42/javax.inject-2.5.0-b42.jar:/home/user/.m2/repository/org/glassfish/jersey/core/jersey-common/2.27/jersey-common-2.27.jar:/home/user/.m2/repository/org/glassfish/hk2/osgi-resource-locator/1.0.1/osgi-resource-locator-1.0.1.jar:/home/user/.m2/repository/javax/ws/rs/javax.ws.rs-api/2.1/javax.ws.rs-api-2.1.jar:/home/user/.m2/repository/org/glassfish/jersey/ext/cdi/jersey-cdi1x/2.27/jersey-cdi1x-2.27.jar:/home/user/.m2/repository/org/glassfish/jersey/inject/jersey-hk2/2.27/jersey-hk2-2.27.jar:/home/user/.m2/repository/org/glassfish/hk2/hk2-locator/2.5.0-b42/hk2-locator-2.5.0-b42.jar:/home/user/.m2/repository/org/javassist/javassist/3.22.0-CR2/javassist-3.22.0-CR2.jar:/home/user/.m2/repository/org/glassfish/hk2/hk2-api/2.5.0/hk2-api-2.5.0.jar:/home/user/.m2/repository/org/glassfish/hk2/external/jakarta.inject/2.5.0/jakarta.inject-2.5.0.jar:/home/user/.m2/repository/org/glassfish/hk2/hk2-utils/2.5.0/hk2-utils-2.5.0.jar:/home/user/.m2/repository/jakarta/annotation/jakarta.annotation-api/1.3.4/jakarta.annotation-api-1.3.4.jar:/home/user/.m2/repository/org/glassfish/hk2/external/aopalliance-repackaged/2.5.0/aopalliance-repackaged-2.5.0.jar:/home/user/.m2/repository/com/fasterxml/jackson/dataformat/jackson-dataformat-xml/2.9.0/jackson-dataformat-xml-2.9.0.jar:/home/user/.m2/repository/com/fasterxml/jackson/core/jackson-core/2.9.5/jackson-core-2.9.5.jar:/home/user/.m2/repository/com/fasterxml/jackson/module/jackson-module-jaxb-annotations/2.9.5/jackson-module-jaxb-annotations-2.9.5.jar:/home/user/.m2/repository/javax/enterprise/cdi-api/1.2/cdi-api-1.2.jar:/home/user/.m2/repository/javax/el/javax.el-api/3.0.0/javax.el-api-3.0.0.jar:/home/user/.m2/repository/javax/interceptor/javax.interceptor-api/1.2/javax.interceptor-api-1.2.jar:/home/user/.m2/repository/javax/inject/javax.inject/1/javax.inject-1.jar:/home/user/.m2/repository/com/sun/xml/bind/jaxb-impl/2.3.0.1/jaxb-impl-2.3.0.1.jar:/home/user/.m2/repository/com/sun/xml/bind/jaxb-core/2.3.0.1/jaxb-core-2.3.0.1.jar:/home/user/.m2/repository/javax/xml/bind/jaxb-api/2.3.0/jaxb-api-2.3.0.jar:/home/user/.m2/repository/javax/activation/activation/1.1.1/activation-1.1.1.jar:/home/user/.m2/repository/org/apache/hadoop/hadoop-ozone-csi/0.5.0-SNAPSHOT/hadoop-ozone-csi-0.5.0-SNAPSHOT.jar:/home/user/.m2/repository/com/google/protobuf/protobuf-java-util/3.5.1/protobuf-java-util-3.5.1.jar:/home/user/.m2/repository/org/apache/hadoop/hadoop-hdds-config/0.5.0-SNAPSHOT/hadoop-hdds-config-0.5.0-SNAPSHOT.jar:/home/user/.m2/repository/io/grpc/grpc-netty/1.17.1/grpc-netty-1.17.1.jar:/home/user/.m2/repository/io/grpc/grpc-core/1.17.1/grpc-core-1.17.1.jar:/home/user/.m2/repository/io/grpc/grpc-context/1.17.1/grpc-context-1.17.1.jar:/home/user/.m2/repository/com/google/errorprone/error_prone_annotations/2.2.0/error_prone_annotations-2.2.0.jar:/home/user/.m2/repository/org/codehaus/mojo/animal-sniffer-annotations/1.17/animal-sniffer-annotations-1.17.jar:/home/user/.m2/repository/io/opencensus/opencensus-api/0.17.0/opencensus-api-0.17.0.jar:/home/user/.m2/repository/io/opencensus/opencensus-contrib-grpc-metrics/0.17.0/opencensus-contrib-grpc-metrics-0.17.0.jar:/home/user/.m2/repository/io/netty/netty-codec-http2/4.1.30.Final/netty-codec-http2-4.1.30.Final.jar:/home/user/.m2/repository/io/netty/netty-codec-http/4.1.30.Final/netty-codec-http-4.1.30.Final.jar:/home/user/.m2/repository/io/netty/netty-codec/4.1.30.Final/netty-codec-4.1.30.Final.jar:/home/user/.m2/repository/io/netty/netty-handler/4.1.30.Final/netty-handler-4.1.30.Final.jar:/home/user/.m2/repository/io/netty/netty-handler-proxy/4.1.30.Final/netty-handler-proxy-4.1.30.Final.jar:/home/user/.m2/repository/io/netty/netty-codec-socks/4.1.30.Final/netty-codec-socks-4.1.30.Final.jar:/home/user/.m2/repository/io/netty/netty-transport-native-epoll/4.1.30.Final/netty-transport-native-epoll-4.1.30.Final.jar:/home/user/.m2/repository/io/netty/netty-common/4.1.30.Final/netty-common-4.1.30.Final.jar:/home/user/.m2/repository/io/netty/netty-buffer/4.1.30.Final/netty-buffer-4.1.30.Final.jar:/home/user/.m2/repository/io/netty/netty-transport/4.1.30.Final/netty-transport-4.1.30.Final.jar:/home/user/.m2/repository/io/netty/netty-resolver/4.1.30.Final/netty-resolver-4.1.30.Final.jar:/home/user/.m2/repository/io/netty/netty-transport-native-unix-common/4.1.30.Final/netty-transport-native-unix-common-4.1.30.Final.jar:/home/user/.m2/repository/io/grpc/grpc-protobuf/1.17.1/grpc-protobuf-1.17.1.jar:/home/user/.m2/repository/com/google/api/grpc/proto-google-common-protos/1.0.0/proto-google-common-protos-1.0.0.jar:/home/user/.m2/repository/io/grpc/grpc-protobuf-lite/1.17.1/grpc-protobuf-lite-1.17.1.jar:/home/user/.m2/repository/io/grpc/grpc-stub/1.17.1/grpc-stub-1.17.1.jar:/home/user/.m2/repository/org/apache/hadoop/hadoop-ozone-recon/0.5.0-SNAPSHOT/hadoop-ozone-recon-0.5.0-SNAPSHOT.jar:/home/user/.m2/repository/org/apache/hadoop/hadoop-ozone-reconcodegen/0.5.0-SNAPSHOT/hadoop-ozone-reconcodegen-0.5.0-SNAPSHOT.jar:/home/user/.m2/repository/com/google/inject/extensions/guice-multibindings/4.0/guice-multibindings-4.0.jar:/home/user/.m2/repository/com/google/inject/guice/4.0/guice-4.0.jar:/home/user/.m2/repository/aopalliance/aopalliance/1.0/aopalliance-1.0.jar:/home/user/.m2/repository/com/google/inject/extensions/guice-servlet/4.0/guice-servlet-4.0.jar:/home/user/.m2/repository/org/glassfish/jersey/containers/jersey-container-servlet/2.27/jersey-container-servlet-2.27.jar:/home/user/.m2/repository/org/glassfish/hk2/guice-bridge/2.5.0/guice-bridge-2.5.0.jar:/home/user/.m2/repository/org/glassfish/jersey/core/jersey-server/2.27/jersey-server-2.27.jar:/home/user/.m2/repository/org/glassfish/jersey/core/jersey-client/2.27/jersey-client-2.27.jar:/home/user/.m2/repository/org/glassfish/jersey/media/jersey-media-jaxb/2.27/jersey-media-jaxb-2.27.jar:/home/user/.m2/repository/javax/validation/validation-api/1.1.0.Final/validation-api-1.1.0.Final.jar:/home/user/.m2/repository/org/glassfish/jersey/media/jersey-media-json-jackson/2.27/jersey-media-json-jackson-2.27.jar:/home/user/.m2/repository/org/glassfish/jersey/ext/jersey-entity-filtering/2.27/jersey-entity-filtering-2.27.jar:/home/user/.m2/repository/com/google/inject/extensions/guice-assistedinject/4.0/guice-assistedinject-4.0.jar:/home/user/.m2/repository/org/jooq/jooq/3.11.10/jooq-3.11.10.jar:/home/user/.m2/repository/org/jooq/jooq-meta/3.11.10/jooq-meta-3.11.10.jar:/home/user/.m2/repository/org/jooq/jooq-codegen/3.11.10/jooq-codegen-3.11.10.jar:/home/user/.m2/repository/com/jolbox/bonecp/0.8.0.RELEASE/bonecp-0.8.0.RELEASE.jar:/home/user/.m2/repository/org/xerial/sqlite-jdbc/3.25.2/sqlite-jdbc-3.25.2.jar:/home/user/.m2/repository/org/springframework/spring-jdbc/5.1.3.RELEASE/spring-jdbc-5.1.3.RELEASE.jar:/home/user/.m2/repository/org/springframework/spring-beans/5.1.3.RELEASE/spring-beans-5.1.3.RELEASE.jar:/home/user/.m2/repository/org/springframework/spring-core/5.1.3.RELEASE/spring-core-5.1.3.RELEASE.jar:/home/user/.m2/repository/org/springframework/spring-jcl/5.1.3.RELEASE/spring-jcl-5.1.3.RELEASE.jar:/home/user/.m2/repository/org/springframework/spring-tx/5.1.3.RELEASE/spring-tx-5.1.3.RELEASE.jar:/home/user/.m2/repository/org/apache/hadoop/hadoop-ozone-client/0.5.0-SNAPSHOT/hadoop-ozone-client-0.5.0-SNAPSHOT.jar:/home/user/.m2/repository/commons-lang/commons-lang/2.6/commons-lang-2.6.jar:/home/user/.m2/repository/org/apache/hadoop/hadoop-ozone-ozone-manager/0.5.0-SNAPSHOT/hadoop-ozone-ozone-manager-0.5.0-SNAPSHOT-tests.jar:/home/user/.m2/repository/junit/junit/4.11/junit-4.11.jar:/home/user/.m2/repository/org/hamcrest/hamcrest-core/1.3/hamcrest-core-1.3.jar:/home/user/.m2/repository/org/openjdk/jmh/jmh-core/1.19/jmh-core-1.19.jar:/home/user/.m2/repository/net/sf/jopt-simple/jopt-simple/4.6/jopt-simple-4.6.jar:/home/user/.m2/repository/org/apache/commons/commons-math3/3.1.1/commons-math3-3.1.1.jar:/home/user/.m2/repository/org/openjdk/jmh/jmh-generator-annprocess/1.19/jmh-generator-annprocess-1.19.jar:/home/user/.m2/repository/org/mockito/mockito-all/1.8.5/mockito-all-1.8.5.jar:/home/user/.m2/repository/org/apache/hadoop/hadoop-kms/3.2.0/hadoop-kms-3.2.0.jar:/home/user/.m2/repository/org/apache/hadoop/hadoop-auth/3.2.0/hadoop-auth-3.2.0.jar:/home/user/.m2/repository/com/nimbusds/nimbus-jose-jwt/4.41.1/nimbus-jose-jwt-4.41.1.jar:/home/user/.m2/repository/com/github/stephenc/jcip/jcip-annotations/1.0-1/jcip-annotations-1.0-1.jar:/home/user/.m2/repository/net/minidev/json-smart/2.3/json-smart-2.3.jar:/home/user/.m2/repository/net/minidev/accessors-smart/1.2/accessors-smart-1.2.jar:/home/user/.m2/repository/org/ow2/asm/asm/5.0.4/asm-5.0.4.jar:/home/user/.m2/repository/org/apache/curator/curator-framework/2.12.0/curator-framework-2.12.0.jar:/home/user/.m2/repository/com/sun/jersey/jersey-core/1.19/jersey-core-1.19.jar:/home/user/.m2/repository/javax/ws/rs/jsr311-api/1.1.1/jsr311-api-1.1.1.jar:/home/user/.m2/repository/com/sun/jersey/jersey-server/1.19/jersey-server-1.19.jar:/home/user/.m2/repository/javax/servlet/javax.servlet-api/3.1.0/javax.servlet-api-3.1.0.jar:/home/user/.m2/repository/org/eclipse/jetty/jetty-server/9.3.24.v20180605/jetty-server-9.3.24.v20180605.jar:/home/user/.m2/repository/org/eclipse/jetty/jetty-http/9.3.24.v20180605/jetty-http-9.3.24.v20180605.jar:/home/user/.m2/repository/org/eclipse/jetty/jetty-io/9.3.24.v20180605/jetty-io-9.3.24.v20180605.jar:/home/user/.m2/repository/org/eclipse/jetty/jetty-webapp/9.3.24.v20180605/jetty-webapp-9.3.24.v20180605.jar:/home/user/.m2/repository/org/eclipse/jetty/jetty-xml/9.3.24.v20180605/jetty-xml-9.3.24.v20180605.jar:/home/user/.m2/repository/log4j/log4j/1.2.17/log4j-1.2.17.jar:/home/user/.m2/repository/org/slf4j/slf4j-api/1.7.25/slf4j-api-1.7.25.jar:/home/user/.m2/repository/org/slf4j/jul-to-slf4j/1.7.25/jul-to-slf4j-1.7.25.jar:/home/user/.m2/repository/org/eclipse/jetty/jetty-util/9.3.24.v20180605/jetty-util-9.3.24.v20180605.jar:/home/user/.m2/repository/com/fasterxml/jackson/core/jackson-databind/2.9.5/jackson-databind-2.9.5.jar:/home/user/.m2/repository/org/apache/hadoop/hadoop-kms/3.2.0/hadoop-kms-3.2.0-tests.jar:/home/user/.m2/repository/org/apache/hadoop/hadoop-hdds-server-scm/0.5.0-SNAPSHOT/hadoop-hdds-server-scm-0.5.0-SNAPSHOT-tests.jar:/home/user/.m2/repository/org/apache/hadoop/hadoop-hdds-container-service/0.5.0-SNAPSHOT/hadoop-hdds-container-service-0.5.0-SNAPSHOT-tests.jar:/home/user/.m2/repository/org/yaml/snakeyaml/1.16/snakeyaml-1.16.jar:/home/user/.m2/repository/org/apache/hadoop/hadoop-common/3.2.0/hadoop-common-3.2.0-tests.jar:/home/user/.m2/repository/org/apache/hadoop/hadoop-annotations/3.2.0/hadoop-annotations-3.2.0.jar:/usr/lib/jvm/java-1.8-openjdk/jre/../lib/tools.jar:/home/user/.m2/repository/commons-cli/commons-cli/1.2/commons-cli-1.2.jar:/home/user/.m2/repository/org/apache/httpcomponents/httpclient/4.5.2/httpclient-4.5.2.jar:/home/user/.m2/repository/org/apache/httpcomponents/httpcore/4.4.4/httpcore-4.4.4.jar:/home/user/.m2/repository/commons-codec/commons-codec/1.11/commons-codec-1.11.jar:/home/user/.m2/repository/commons-net/commons-net/3.6/commons-net-3.6.jar:/home/user/.m2/repository/commons-collections/commons-collections/3.2.2/commons-collections-3.2.2.jar:/home/user/.m2/repository/org/eclipse/jetty/jetty-servlet/9.3.24.v20180605/jetty-servlet-9.3.24.v20180605.jar:/home/user/.m2/repository/org/eclipse/jetty/jetty-security/9.3.24.v20180605/jetty-security-9.3.24.v20180605.jar:/home/user/.m2/repository/javax/servlet/jsp/jsp-api/2.1/jsp-api-2.1.jar:/home/user/.m2/repository/com/sun/jersey/jersey-servlet/1.19/jersey-servlet-1.19.jar:/home/user/.m2/repository/com/sun/jersey/jersey-json/1.19/jersey-json-1.19.jar:/home/user/.m2/repository/org/codehaus/jettison/jettison/1.1/jettison-1.1.jar:/home/user/.m2/repository/org/codehaus/jackson/jackson-core-asl/1.9.13/jackson-core-asl-1.9.13.jar:/home/user/.m2/repository/org/codehaus/jackson/jackson-mapper-asl/1.9.13/jackson-mapper-asl-1.9.13.jar:/home/user/.m2/repository/org/codehaus/jackson/jackson-jaxrs/1.9.13/jackson-jaxrs-1.9.13.jar:/home/user/.m2/repository/org/codehaus/jackson/jackson-xc/1.9.13/jackson-xc-1.9.13.jar:/home/user/.m2/repository/commons-logging/commons-logging/1.1.3/commons-logging-1.1.3.jar:/home/user/.m2/repository/commons-beanutils/commons-beanutils/1.9.3/commons-beanutils-1.9.3.jar:/home/user/.m2/repository/org/apache/commons/commons-configuration2/2.1.1/commons-configuration2-2.1.1.jar:/home/user/.m2/repository/org/apache/commons/commons-lang3/3.7/commons-lang3-3.7.jar:/home/user/.m2/repository/org/apache/commons/commons-text/1.4/commons-text-1.4.jar:/home/user/.m2/repository/org/apache/avro/avro/1.7.7/avro-1.7.7.jar:/home/user/.m2/repository/com/thoughtworks/paranamer/paranamer/2.3/paranamer-2.3.jar:/home/user/.m2/repository/org/xerial/snappy/snappy-java/1.0.5/snappy-java-1.0.5.jar:/home/user/.m2/repository/com/google/re2j/re2j/1.1/re2j-1.1.jar:/home/user/.m2/repository/com/google/code/gson/gson/2.2.4/gson-2.2.4.jar:/home/user/.m2/repository/com/jcraft/jsch/0.1.54/jsch-0.1.54.jar:/home/user/.m2/repository/org/apache/curator/curator-client/2.12.0/curator-client-2.12.0.jar:/home/user/.m2/repository/org/apache/curator/curator-recipes/2.12.0/curator-recipes-2.12.0.jar:/home/user/.m2/repository/com/google/code/findbugs/jsr305/3.0.0/jsr305-3.0.0.jar:/home/user/.m2/repository/org/apache/htrace/htrace-core4/4.1.0-incubating/htrace-core4-4.1.0-incubating.jar:/home/user/.m2/repository/org/apache/zookeeper/zookeeper/3.4.13/zookeeper-3.4.13.jar:/home/user/.m2/repository/org/apache/yetus/audience-annotations/0.5.0/audience-annotations-0.5.0.jar:/home/user/.m2/repository/org/codehaus/woodstox/stax2-api/3.1.4/stax2-api-3.1.4.jar:/home/user/.m2/repository/com/fasterxml/woodstox/woodstox-core/5.0.3/woodstox-core-5.0.3.jar:/home/user/.m2/repository/dnsjava/dnsjava/2.1.7/dnsjava-2.1.7.jar:/home/user/.m2/repository/org/apache/hadoop/hadoop-hdfs/3.2.0/hadoop-hdfs-3.2.0-tests.jar:/home/user/.m2/repository/org/eclipse/jetty/jetty-util-ajax/9.3.24.v20180605/jetty-util-ajax-9.3.24.v20180605.jar:/home/user/.m2/repository/commons-daemon/commons-daemon/1.0.13/commons-daemon-1.0.13.jar:/home/user/.m2/repository/io/netty/netty/3.10.5.Final/netty-3.10.5.Final.jar:/home/user/.m2/repository/io/netty/netty-all/4.0.52.Final/netty-all-4.0.52.Final.jar:/home/user/.m2/repository/org/fusesource/leveldbjni/leveldbjni-all/1.8/leveldbjni-all-1.8.jar:"/>
    <property name="sun.cpu.endian" value="little"/>
    <property name="user.home" value="/home/user"/>
    <property name="user.language" value="en"/>
    <property name="java.specification.vendor" value="Oracle Corporation"/>
    <property name="java.home" value="/usr/lib/jvm/java-1.8-openjdk/jre"/>
    <property name="java.security.krb5.conf" value="/workdir/hadoop-ozone/integration-test/target/test-classes/krb5.conf"/>
    <property name="basedir" value="/workdir/hadoop-ozone/integration-test"/>
    <property name="file.separator" value="/"/>
    <property name="line.separator" value="&#10;"/>
    <property name="java.vm.specification.vendor" value="Oracle Corporation"/>
    <property name="java.specification.name" value="Java Platform API Specification"/>
    <property name="java.awt.graphicsenv" value="sun.awt.X11GraphicsEnvironment"/>
    <property name="surefire.real.class.path" value="/workdir/hadoop-ozone/integration-test/target/surefire/surefirebooter1123346425712761798.jar"/>
    <property name="hadoop.log.dir" value="/workdir/hadoop-ozone/integration-test/target/log"/>
    <property name="sun.boot.class.path" value="/usr/lib/jvm/java-1.8-openjdk/jre/lib/resources.jar:/usr/lib/jvm/java-1.8-openjdk/jre/lib/rt.jar:/usr/lib/jvm/java-1.8-openjdk/jre/lib/sunrsasign.jar:/usr/lib/jvm/java-1.8-openjdk/jre/lib/jsse.jar:/usr/lib/jvm/java-1.8-openjdk/jre/lib/jce.jar:/usr/lib/jvm/java-1.8-openjdk/jre/lib/charsets.jar:/usr/lib/jvm/java-1.8-openjdk/jre/lib/jfr.jar:/usr/lib/jvm/java-1.8-openjdk/jre/classes"/>
    <property name="sun.management.compiler" value="HotSpot 64-Bit Tiered Compilers"/>
    <property name="java.runtime.version" value="1.8.0_212-b04"/>
    <property name="java.net.preferIPv4Stack" value="true"/>
    <property name="user.name" value="jenkins1000"/>
    <property name="path.separator" value=":"/>
    <property name="java.security.egd" value="file:///dev/urandom"/>
    <property name="os.version" value="3.10.0-957.12.2.el7.x86_64"/>
    <property name="java.endorsed.dirs" value="/usr/lib/jvm/java-1.8-openjdk/jre/lib/endorsed"/>
    <property name="java.runtime.name" value="OpenJDK Runtime Environment"/>
    <property name="file.encoding" value="UTF-8"/>
    <property name="java.vm.name" value="OpenJDK 64-Bit Server VM"/>
    <property name="test.build.webapps" value=""/>
    <property name="localRepository" value="/home/user/.m2/repository"/>
    <property name="java.vendor.url.bug" value="https://icedtea.classpath.org/bugzilla"/>
    <property name="java.io.tmpdir" value="/tmp"/>
    <property name="require.test.libhadoop" value=""/>
    <property name="java.version" value="1.8.0_212"/>
    <property name="user.dir" value="/workdir/hadoop-ozone/integration-test"/>
    <property name="os.arch" value="amd64"/>
    <property name="java.vm.specification.name" value="Java Virtual Machine Specification"/>
    <property name="test.build.classes" value="/workdir/hadoop-ozone/integration-test/target/test-classes"/>
    <property name="java.awt.printerjob" value="sun.print.PSPrinterJob"/>
    <property name="sun.os.patch.level" value="unknown"/>
    <property name="hadoop.tmp.dir" value="/workdir/hadoop-ozone/integration-test/target/tmp"/>
    <property name="java.library.path" value="/usr/lib/jvm/java-1.8-openjdk/jre/lib/amd64/server:/usr/lib/jvm/java-1.8-openjdk/jre/lib/amd64:/usr/lib/jvm/java-1.8-openjdk/jre/../lib/amd64:/workdir/hadoop-ozone/integration-test/target/native/target/usr/local/lib:/workdir/hadoop-ozone/integration-test/../../hadoop-common-project/hadoop-common/target/native/target/usr/local/lib:/usr/java/packages/lib/amd64:/usr/lib64:/lib64:/lib:/usr/lib"/>
    <property name="java.vm.info" value="mixed mode"/>
    <property name="java.vendor" value="IcedTea"/>
    <property name="java.vm.version" value="25.212-b04"/>
    <property name="java.ext.dirs" value="/usr/lib/jvm/java-1.8-openjdk/jre/lib/ext:/usr/java/packages/lib/ext"/>
    <property name="sun.io.unicode.encoding" value="UnicodeLittle"/>
    <property name="java.class.version" value="52.0"/>
  </properties>
  <testcase name="test2WayCommitForRetryfailure" classname="org.apache.hadoop.ozone.client.rpc.Test2WayCommitInRatis" time="34.398">
    <error message="org.apache.ratis.protocol.RaftRetryFailureException: Failed RaftClientRequest:client-7ABE05FD2760-&gt;7761e897-e175-44b8-b4a7-8686aa902baa@group-D60B244B98B7, cid=13, seq=1*, RW, org.apache.hadoop.hdds.scm.XceiverClientRatis$$Lambda$300/347436335@3086182 for 20 attempts with RetryLimited(maxAttempts=20, sleepTime=1000ms)" type="java.util.concurrent.ExecutionException">java.util.concurrent.ExecutionException: org.apache.ratis.protocol.RaftRetryFailureException: Failed RaftClientRequest:client-7ABE05FD2760->7761e897-e175-44b8-b4a7-8686aa902baa@group-D60B244B98B7, cid=13, seq=1*, RW, org.apache.hadoop.hdds.scm.XceiverClientRatis$$Lambda$300/347436335@3086182 for 20 attempts with RetryLimited(maxAttempts=20, sleepTime=1000ms)
	at java.util.concurrent.CompletableFuture.reportGet(CompletableFuture.java:357)
	at java.util.concurrent.CompletableFuture.get(CompletableFuture.java:1895)
	at org.apache.hadoop.ozone.client.rpc.Test2WayCommitInRatis.test2WayCommitForRetryfailure(Test2WayCommitInRatis.java:138)
	at sun.reflect.NativeMethodAccessorImpl.invoke0(Native Method)
	at sun.reflect.NativeMethodAccessorImpl.invoke(NativeMethodAccessorImpl.java:62)
	at sun.reflect.DelegatingMethodAccessorImpl.invoke(DelegatingMethodAccessorImpl.java:43)
	at java.lang.reflect.Method.invoke(Method.java:498)
	at org.junit.runners.model.FrameworkMethod$1.runReflectiveCall(FrameworkMethod.java:47)
	at org.junit.internal.runners.model.ReflectiveCallable.run(ReflectiveCallable.java:12)
	at org.junit.runners.model.FrameworkMethod.invokeExplosively(FrameworkMethod.java:44)
	at org.junit.internal.runners.statements.InvokeMethod.evaluate(InvokeMethod.java:17)
	at org.junit.runners.ParentRunner.runLeaf(ParentRunner.java:271)
	at org.junit.runners.BlockJUnit4ClassRunner.runChild(BlockJUnit4ClassRunner.java:70)
	at org.junit.runners.BlockJUnit4ClassRunner.runChild(BlockJUnit4ClassRunner.java:50)
	at org.junit.runners.ParentRunner$3.run(ParentRunner.java:238)
	at org.junit.runners.ParentRunner$1.schedule(ParentRunner.java:63)
	at org.junit.runners.ParentRunner.runChildren(ParentRunner.java:236)
	at org.junit.runners.ParentRunner.access$000(ParentRunner.java:53)
	at org.junit.runners.ParentRunner$2.evaluate(ParentRunner.java:229)
	at org.junit.runners.ParentRunner.run(ParentRunner.java:309)
	at org.apache.maven.surefire.junit4.JUnit4Provider.execute(JUnit4Provider.java:365)
	at org.apache.maven.surefire.junit4.JUnit4Provider.executeWithRerun(JUnit4Provider.java:273)
	at org.apache.maven.surefire.junit4.JUnit4Provider.executeTestSet(JUnit4Provider.java:238)
	at org.apache.maven.surefire.junit4.JUnit4Provider.invoke(JUnit4Provider.java:159)
	at org.apache.maven.surefire.booter.ForkedBooter.invokeProviderInSameClassLoader(ForkedBooter.java:384)
	at org.apache.maven.surefire.booter.ForkedBooter.runSuitesInProcess(ForkedBooter.java:345)
	at org.apache.maven.surefire.booter.ForkedBooter.execute(ForkedBooter.java:126)
	at org.apache.maven.surefire.booter.ForkedBooter.main(ForkedBooter.java:418)
Caused by: org.apache.ratis.protocol.RaftRetryFailureException: Failed RaftClientRequest:client-7ABE05FD2760->7761e897-e175-44b8-b4a7-8686aa902baa@group-D60B244B98B7, cid=13, seq=1*, RW, org.apache.hadoop.hdds.scm.XceiverClientRatis$$Lambda$300/347436335@3086182 for 20 attempts with RetryLimited(maxAttempts=20, sleepTime=1000ms)
	at org.apache.ratis.client.impl.RaftClientImpl.noMoreRetries(RaftClientImpl.java:272)
	at org.apache.ratis.client.impl.OrderedAsync.handleAsyncRetryFailure(OrderedAsync.java:138)
	at org.apache.ratis.client.impl.OrderedAsync.lambda$sendRequest$10(OrderedAsync.java:230)
	at java.util.concurrent.CompletableFuture.uniExceptionally(CompletableFuture.java:870)
	at java.util.concurrent.CompletableFuture$UniExceptionally.tryFire(CompletableFuture.java:852)
	at java.util.concurrent.CompletableFuture.postComplete(CompletableFuture.java:474)
	at java.util.concurrent.CompletableFuture.completeExceptionally(CompletableFuture.java:1977)
	at org.apache.ratis.grpc.client.GrpcClientProtocolClient$AsyncStreamObservers.completeReplyExceptionally(GrpcClientProtocolClient.java:330)
	at org.apache.ratis.grpc.client.GrpcClientProtocolClient$AsyncStreamObservers.access$000(GrpcClientProtocolClient.java:246)
	at org.apache.ratis.grpc.client.GrpcClientProtocolClient$AsyncStreamObservers$1.onNext(GrpcClientProtocolClient.java:258)
	at org.apache.ratis.grpc.client.GrpcClientProtocolClient$AsyncStreamObservers$1.onNext(GrpcClientProtocolClient.java:249)
	at org.apache.ratis.thirdparty.io.grpc.stub.ClientCalls$StreamObserverToCallListenerAdapter.onMessage(ClientCalls.java:421)
	at org.apache.ratis.thirdparty.io.grpc.ForwardingClientCallListener.onMessage(ForwardingClientCallListener.java:33)
	at org.apache.ratis.thirdparty.io.grpc.ForwardingClientCallListener.onMessage(ForwardingClientCallListener.java:33)
	at org.apache.ratis.thirdparty.io.grpc.internal.ClientCallImpl$ClientStreamListenerImpl$1MessagesAvailable.runInContext(ClientCallImpl.java:519)
	at org.apache.ratis.thirdparty.io.grpc.internal.ContextRunnable.run(ContextRunnable.java:37)
	at org.apache.ratis.thirdparty.io.grpc.internal.SerializingExecutor.run(SerializingExecutor.java:123)
	at java.util.concurrent.ThreadPoolExecutor.runWorker(ThreadPoolExecutor.java:1149)
	at java.util.concurrent.ThreadPoolExecutor$Worker.run(ThreadPoolExecutor.java:624)
	at java.lang.Thread.run(Thread.java:748)
Caused by: org.apache.ratis.protocol.NotLeaderException: Server 7761e897-e175-44b8-b4a7-8686aa902baa is not the leader (null). Request must be sent to leader.
	at org.apache.ratis.client.impl.ClientProtoUtils.toRaftClientReply(ClientProtoUtils.java:242)
	at org.apache.ratis.grpc.client.GrpcClientProtocolClient$AsyncStreamObservers$1.onNext(GrpcClientProtocolClient.java:254)
	... 10 more
</error>
    <system-out><![CDATA[2019-08-29 09:04:24,480 [main] WARN  server.ServerUtils (ServerUtils.java:getScmDbDir(145)) - ozone.scm.db.dirs is not configured. We recommend adding this setting. Falling back to ozone.metadata.dirs instead.
2019-08-29 09:04:24,773 [main] WARN  server.ServerUtils (ServerUtils.java:getScmDbDir(145)) - ozone.scm.db.dirs is not configured. We recommend adding this setting. Falling back to ozone.metadata.dirs instead.
2019-08-29 09:04:24,776 [main] WARN  server.ServerUtils (ServerUtils.java:getScmDbDir(145)) - ozone.scm.db.dirs is not configured. We recommend adding this setting. Falling back to ozone.metadata.dirs instead.
2019-08-29 09:04:24,808 [main] INFO  util.log (Log.java:initialized(192)) - Logging initialized @1055ms
2019-08-29 09:04:24,932 [main] INFO  db.DBStoreBuilder (DBStoreBuilder.java:addTable(110)) - using custom profile for table: deletedBlocks
2019-08-29 09:04:24,933 [main] INFO  db.DBStoreBuilder (DBStoreBuilder.java:processTables(161)) - Using default column profile:DBProfile.DISK for Table:deletedBlocks
2019-08-29 09:04:24,933 [main] INFO  db.DBStoreBuilder (DBStoreBuilder.java:addTable(110)) - using custom profile for table: validCerts
2019-08-29 09:04:24,933 [main] INFO  db.DBStoreBuilder (DBStoreBuilder.java:processTables(161)) - Using default column profile:DBProfile.DISK for Table:validCerts
2019-08-29 09:04:24,934 [main] INFO  db.DBStoreBuilder (DBStoreBuilder.java:addTable(110)) - using custom profile for table: revokedCerts
2019-08-29 09:04:24,934 [main] INFO  db.DBStoreBuilder (DBStoreBuilder.java:processTables(161)) - Using default column profile:DBProfile.DISK for Table:revokedCerts
2019-08-29 09:04:24,946 [main] INFO  db.DBStoreBuilder (DBStoreBuilder.java:addTable(110)) - using custom profile for table: default
2019-08-29 09:04:24,946 [main] INFO  db.DBStoreBuilder (DBStoreBuilder.java:processTables(167)) - Using default column profile:DBProfile.DISK for Table:default
2019-08-29 09:04:24,948 [main] INFO  db.DBStoreBuilder (DBStoreBuilder.java:getDbProfile(198)) - Using default options. DBProfile.DISK
2019-08-29 09:04:25,254 [main] INFO  net.NodeSchemaLoader (NodeSchemaLoader.java:loadSchemaFromFile(125)) - Loading file from sun.misc.CompoundEnumeration@6eda5c9
2019-08-29 09:04:25,257 [main] INFO  net.NodeSchemaLoader (NodeSchemaLoader.java:loadSchema(171)) - Loading network topology layer schema file
2019-08-29 09:04:25,353 [main] WARN  server.ServerUtils (ServerUtils.java:sanitizeUserArgs(70)) - ozone.scm.stale.node.interval value = 300000 is larger than max = 100000 based on the key value of ozone.scm.heartbeat.thread.interval, reset to the max value 100000.
2019-08-29 09:04:25,355 [main] WARN  server.ServerUtils (ServerUtils.java:sanitizeUserArgs(70)) - ozone.scm.stale.node.interval value = 300000 is larger than max = 100000 based on the key value of ozone.scm.heartbeat.thread.interval, reset to the max value 100000.
2019-08-29 09:04:25,358 [main] INFO  node.SCMNodeManager (SCMNodeManager.java:<init>(121)) - Entering startup safe mode.
2019-08-29 09:04:25,428 [main] INFO  algorithms.ContainerPlacementPolicyFactory (ContainerPlacementPolicyFactory.java:getPolicy(55)) - Create container placement policy of type org.apache.hadoop.hdds.scm.container.placement.algorithms.SCMContainerPlacementRandom
2019-08-29 09:04:25,443 [main] WARN  server.ServerUtils (ServerUtils.java:getScmDbDir(145)) - ozone.scm.db.dirs is not configured. We recommend adding this setting. Falling back to ozone.metadata.dirs instead.
2019-08-29 09:04:25,567 [main] INFO  pipeline.SCMPipelineManager (SCMPipelineManager.java:initializePipelineState(126)) - No pipeline exists in current db
2019-08-29 09:04:25,571 [main] WARN  server.ServerUtils (ServerUtils.java:getScmDbDir(145)) - ozone.scm.db.dirs is not configured. We recommend adding this setting. Falling back to ozone.metadata.dirs instead.
2019-08-29 09:04:25,735 [main] WARN  events.EventQueue (EventQueue.java:fireEvent(175)) - No event handler registered for event TypedEvent{payloadType=SafeModeStatus, name='SafeModeStatus'}
2019-08-29 09:04:26,227 [main] INFO  ipc.CallQueueManager (CallQueueManager.java:<init>(84)) - Using callQueue: class java.util.concurrent.LinkedBlockingQueue, queueCapacity: 2000, scheduler: class org.apache.hadoop.ipc.DefaultRpcScheduler, ipcBackoff: false.
2019-08-29 09:04:26,578 [Socket Reader #1 for port 39658] INFO  ipc.Server (Server.java:run(1074)) - Starting Socket Reader #1 for port 39658
2019-08-29 09:04:26,610 [main] INFO  ipc.CallQueueManager (CallQueueManager.java:<init>(84)) - Using callQueue: class java.util.concurrent.LinkedBlockingQueue, queueCapacity: 2000, scheduler: class org.apache.hadoop.ipc.DefaultRpcScheduler, ipcBackoff: false.
2019-08-29 09:04:26,611 [Socket Reader #1 for port 44330] INFO  ipc.Server (Server.java:run(1074)) - Starting Socket Reader #1 for port 44330
2019-08-29 09:04:26,619 [main] INFO  ipc.CallQueueManager (CallQueueManager.java:<init>(84)) - Using callQueue: class java.util.concurrent.LinkedBlockingQueue, queueCapacity: 2000, scheduler: class org.apache.hadoop.ipc.DefaultRpcScheduler, ipcBackoff: false.
2019-08-29 09:04:26,619 [Socket Reader #1 for port 45151] INFO  ipc.Server (Server.java:run(1074)) - Starting Socket Reader #1 for port 45151
2019-08-29 09:04:26,641 [main] INFO  hdfs.DFSUtil (DFSUtil.java:httpServerTemplateForNNAndJN(1641)) - Starting Web-server for scm at: http://0.0.0.0:0
2019-08-29 09:04:26,776 [main] INFO  server.AuthenticationFilter (AuthenticationFilter.java:constructSecretProvider(240)) - Unable to initialize FileSignerSecretProvider, falling back to use random secrets.
2019-08-29 09:04:26,784 [main] WARN  http.HttpRequestLog (HttpRequestLog.java:getRequestLog(97)) - Jetty request log can only be enabled using Log4j
2019-08-29 09:04:26,792 [main] INFO  http.HttpServer2 (HttpServer2.java:addGlobalFilter(975)) - Added global filter 'safety' (class=org.apache.hadoop.http.HttpServer2$QuotingInputFilter)
2019-08-29 09:04:26,795 [main] INFO  http.HttpServer2 (HttpServer2.java:addFilter(948)) - Added filter static_user_filter (class=org.apache.hadoop.http.lib.StaticUserWebFilter$StaticUserFilter) to context scm
2019-08-29 09:04:26,795 [main] INFO  http.HttpServer2 (HttpServer2.java:addFilter(958)) - Added filter static_user_filter (class=org.apache.hadoop.http.lib.StaticUserWebFilter$StaticUserFilter) to context logs
2019-08-29 09:04:26,795 [main] INFO  http.HttpServer2 (HttpServer2.java:addFilter(958)) - Added filter static_user_filter (class=org.apache.hadoop.http.lib.StaticUserWebFilter$StaticUserFilter) to context static
2019-08-29 09:04:26,825 [main] INFO  server.StorageContainerManager (StorageContainerManager.java:start(759)) - StorageContainerLocationProtocol RPC server is listening at /0.0.0.0:45151
2019-08-29 09:04:26,889 [main] WARN  impl.MetricsConfig (MetricsConfig.java:loadFirst(134)) - Cannot locate configuration: tried hadoop-metrics2-storagecontainermanager.properties,hadoop-metrics2.properties
2019-08-29 09:04:26,901 [main] INFO  impl.MetricsSystemImpl (MetricsSystemImpl.java:startTimer(374)) - Scheduled Metric snapshot period at 10 second(s).
2019-08-29 09:04:26,901 [main] INFO  impl.MetricsSystemImpl (MetricsSystemImpl.java:start(191)) - StorageContainerManager metrics system started
2019-08-29 09:04:27,136 [main] INFO  server.SCMClientProtocolServer (SCMClientProtocolServer.java:start(151)) - RPC server for Client  is listening at /0.0.0.0:45151
2019-08-29 09:04:27,137 [IPC Server Responder] INFO  ipc.Server (Server.java:run(1314)) - IPC Server Responder: starting
2019-08-29 09:04:27,137 [IPC Server listener on 45151] INFO  ipc.Server (Server.java:run(1153)) - IPC Server listener on 45151: starting
2019-08-29 09:04:27,140 [main] INFO  server.StorageContainerManager (StorageContainerManager.java:start(769)) - ScmBlockLocationProtocol RPC server is listening at /0.0.0.0:44330
2019-08-29 09:04:27,140 [main] INFO  server.SCMBlockProtocolServer (SCMBlockProtocolServer.java:start(140)) - RPC server for Block Protocol is listening at /0.0.0.0:44330
2019-08-29 09:04:27,140 [IPC Server Responder] INFO  ipc.Server (Server.java:run(1314)) - IPC Server Responder: starting
2019-08-29 09:04:27,140 [IPC Server listener on 44330] INFO  ipc.Server (Server.java:run(1153)) - IPC Server listener on 44330: starting
2019-08-29 09:04:27,142 [main] INFO  server.StorageContainerManager (StorageContainerManager.java:start(773)) - ScmDatanodeProtocl RPC server is listening at /0.0.0.0:39658
2019-08-29 09:04:27,143 [main] INFO  server.SCMDatanodeProtocolServer (SCMDatanodeProtocolServer.java:start(191)) - RPC server for DataNodes is listening at /0.0.0.0:39658
2019-08-29 09:04:27,143 [IPC Server Responder] INFO  ipc.Server (Server.java:run(1314)) - IPC Server Responder: starting
2019-08-29 09:04:27,143 [IPC Server listener on 39658] INFO  ipc.Server (Server.java:run(1153)) - IPC Server listener on 39658: starting
2019-08-29 09:04:27,147 [main] INFO  http.HttpServer2 (HttpServer2.java:bindListener(1191)) - Jetty bound to port 45230
2019-08-29 09:04:27,150 [main] INFO  server.Server (Server.java:doStart(351)) - jetty-9.3.24.v20180605, build timestamp: 2018-06-05T17:11:56Z, git hash: 84205aa28f11a4f31f2a3b86d1bba2cc8ab69827
2019-08-29 09:04:27,205 [main] INFO  handler.ContextHandler (ContextHandler.java:doStart(781)) - Started o.e.j.s.ServletContextHandler@47a5b70d{/logs,file:///workdir/hadoop-ozone/integration-test/target/log,AVAILABLE}
2019-08-29 09:04:27,206 [main] INFO  handler.ContextHandler (ContextHandler.java:doStart(781)) - Started o.e.j.s.ServletContextHandler@1a45193b{/static,file:///workdir/hadoop-ozone/integration-test/target/test-classes/webapps/static,AVAILABLE}
2019-08-29 09:04:27,363 [main] INFO  handler.ContextHandler (ContextHandler.java:doStart(781)) - Started o.e.j.w.WebAppContext@30b34287{/,file:///workdir/hadoop-ozone/integration-test/target/test-classes/webapps/scm/,AVAILABLE}{/scm}
2019-08-29 09:04:27,369 [main] INFO  server.AbstractConnector (AbstractConnector.java:doStart(278)) - Started ServerConnector@672f11c2{HTTP/1.1,[http/1.1]}{0.0.0.0:45230}
2019-08-29 09:04:27,370 [main] INFO  server.Server (Server.java:doStart(419)) - Started @3616ms
2019-08-29 09:04:27,371 [main] INFO  server.BaseHttpServer (BaseHttpServer.java:updateConnectorAddress(213)) - HTTP server of SCM is listening at http://0.0.0.0:45230
2019-08-29 09:04:27,379 [org.apache.hadoop.util.JvmPauseMonitor$Monitor@173b9122] INFO  util.JvmPauseMonitor (JvmPauseMonitor.java:run(188)) - Starting JVM pause monitor
2019-08-29 09:04:27,383 [main] WARN  server.ServerUtils (ServerUtils.java:getDBPath(222)) - ozone.om.db.dirs is not configured. We recommend adding this setting. Falling back to ozone.metadata.dirs instead.
2019-08-29 09:04:27,652 [main] WARN  server.ServerUtils (ServerUtils.java:getDBPath(222)) - ozone.om.db.dirs is not configured. We recommend adding this setting. Falling back to ozone.metadata.dirs instead.
2019-08-29 09:04:27,653 [main] WARN  server.ServerUtils (ServerUtils.java:getDBPath(222)) - ozone.om.db.dirs is not configured. We recommend adding this setting. Falling back to ozone.metadata.dirs instead.
2019-08-29 09:04:27,654 [main] INFO  om.OzoneManager (OzoneManager.java:setOMNodeDetails(645)) - OM Service ID is not set. Setting it to the default ID: omServiceIdDefault
2019-08-29 09:04:27,654 [main] INFO  om.OzoneManager (OzoneManager.java:setOMNodeDetails(651)) - OM Node ID is not set. Setting it to the OmStorage's OmID: 47083de5-5567-4510-834c-29022525885f
2019-08-29 09:04:27,655 [main] INFO  om.OzoneManager (OzoneManager.java:loadOMHAConfigs(602)) - Found matching OM address with OMServiceId: null, OMNodeId: null, RPC Address: localhost:0 and Ratis port: 9872
2019-08-29 09:04:27,911 | INFO  | SCMAudit | user=jenkins1000 | ip=192.168.5.182 | op=GET_SCM_INFO null | ret=SUCCESS |  
2019-08-29 09:04:28,417 [main] WARN  server.ServerUtils (ServerUtils.java:getDBPath(222)) - ozone.om.db.dirs is not configured. We recommend adding this setting. Falling back to ozone.metadata.dirs instead.
2019-08-29 09:04:28,426 [main] INFO  db.DBStoreBuilder (DBStoreBuilder.java:addTable(110)) - using custom profile for table: userTable
2019-08-29 09:04:28,426 [main] INFO  db.DBStoreBuilder (DBStoreBuilder.java:processTables(161)) - Using default column profile:DBProfile.DISK for Table:userTable
2019-08-29 09:04:28,427 [main] INFO  db.DBStoreBuilder (DBStoreBuilder.java:addTable(110)) - using custom profile for table: volumeTable
2019-08-29 09:04:28,427 [main] INFO  db.DBStoreBuilder (DBStoreBuilder.java:processTables(161)) - Using default column profile:DBProfile.DISK for Table:volumeTable
2019-08-29 09:04:28,427 [main] INFO  db.DBStoreBuilder (DBStoreBuilder.java:addTable(110)) - using custom profile for table: bucketTable
2019-08-29 09:04:28,428 [main] INFO  db.DBStoreBuilder (DBStoreBuilder.java:processTables(161)) - Using default column profile:DBProfile.DISK for Table:bucketTable
2019-08-29 09:04:28,428 [main] INFO  db.DBStoreBuilder (DBStoreBuilder.java:addTable(110)) - using custom profile for table: keyTable
2019-08-29 09:04:28,428 [main] INFO  db.DBStoreBuilder (DBStoreBuilder.java:processTables(161)) - Using default column profile:DBProfile.DISK for Table:keyTable
2019-08-29 09:04:28,429 [main] INFO  db.DBStoreBuilder (DBStoreBuilder.java:addTable(110)) - using custom profile for table: deletedTable
2019-08-29 09:04:28,429 [main] INFO  db.DBStoreBuilder (DBStoreBuilder.java:processTables(161)) - Using default column profile:DBProfile.DISK for Table:deletedTable
2019-08-29 09:04:28,429 [main] INFO  db.DBStoreBuilder (DBStoreBuilder.java:addTable(110)) - using custom profile for table: openKeyTable
2019-08-29 09:04:28,429 [main] INFO  db.DBStoreBuilder (DBStoreBuilder.java:processTables(161)) - Using default column profile:DBProfile.DISK for Table:openKeyTable
2019-08-29 09:04:28,430 [main] INFO  db.DBStoreBuilder (DBStoreBuilder.java:addTable(110)) - using custom profile for table: s3Table
2019-08-29 09:04:28,430 [main] INFO  db.DBStoreBuilder (DBStoreBuilder.java:processTables(161)) - Using default column profile:DBProfile.DISK for Table:s3Table
2019-08-29 09:04:28,430 [main] INFO  db.DBStoreBuilder (DBStoreBuilder.java:addTable(110)) - using custom profile for table: multipartInfoTable
2019-08-29 09:04:28,431 [main] INFO  db.DBStoreBuilder (DBStoreBuilder.java:processTables(161)) - Using default column profile:DBProfile.DISK for Table:multipartInfoTable
2019-08-29 09:04:28,431 [main] INFO  db.DBStoreBuilder (DBStoreBuilder.java:addTable(110)) - using custom profile for table: dTokenTable
2019-08-29 09:04:28,431 [main] INFO  db.DBStoreBuilder (DBStoreBuilder.java:processTables(161)) - Using default column profile:DBProfile.DISK for Table:dTokenTable
2019-08-29 09:04:28,432 [main] INFO  db.DBStoreBuilder (DBStoreBuilder.java:addTable(110)) - using custom profile for table: s3SecretTable
2019-08-29 09:04:28,432 [main] INFO  db.DBStoreBuilder (DBStoreBuilder.java:processTables(161)) - Using default column profile:DBProfile.DISK for Table:s3SecretTable
2019-08-29 09:04:28,432 [main] INFO  db.DBStoreBuilder (DBStoreBuilder.java:addTable(110)) - using custom profile for table: prefixTable
2019-08-29 09:04:28,432 [main] INFO  db.DBStoreBuilder (DBStoreBuilder.java:processTables(161)) - Using default column profile:DBProfile.DISK for Table:prefixTable
2019-08-29 09:04:28,433 [main] INFO  db.DBStoreBuilder (DBStoreBuilder.java:addTable(110)) - using custom profile for table: default
2019-08-29 09:04:28,433 [main] INFO  db.DBStoreBuilder (DBStoreBuilder.java:processTables(167)) - Using default column profile:DBProfile.DISK for Table:default
2019-08-29 09:04:28,433 [main] INFO  db.DBStoreBuilder (DBStoreBuilder.java:getDbProfile(198)) - Using default options. DBProfile.DISK
2019-08-29 09:04:29,472 [main] INFO  ipc.CallQueueManager (CallQueueManager.java:<init>(84)) - Using callQueue: class java.util.concurrent.LinkedBlockingQueue, queueCapacity: 2000, scheduler: class org.apache.hadoop.ipc.DefaultRpcScheduler, ipcBackoff: false.
2019-08-29 09:04:29,473 [Socket Reader #1 for port 33308] INFO  ipc.Server (Server.java:run(1074)) - Starting Socket Reader #1 for port 33308
2019-08-29 09:04:29,494 [main] INFO  om.OzoneManager (OzoneManager.java:start(1256)) - OzoneManager RPC server is listening at localhost/127.0.0.1:33308
2019-08-29 09:04:29,494 [main] INFO  impl.MetricsSystemImpl (MetricsSystemImpl.java:init(158)) - OzoneManager metrics system started (again)
2019-08-29 09:04:29,495 [IPC Server Responder] INFO  ipc.Server (Server.java:run(1314)) - IPC Server Responder: starting
2019-08-29 09:04:29,495 [IPC Server listener on 33308] INFO  ipc.Server (Server.java:run(1153)) - IPC Server listener on 33308: starting
2019-08-29 09:04:29,501 [main] INFO  hdfs.DFSUtil (DFSUtil.java:httpServerTemplateForNNAndJN(1641)) - Starting Web-server for ozoneManager at: http://0.0.0.0:0
2019-08-29 09:04:29,502 [main] INFO  server.AuthenticationFilter (AuthenticationFilter.java:constructSecretProvider(240)) - Unable to initialize FileSignerSecretProvider, falling back to use random secrets.
2019-08-29 09:04:29,503 [main] WARN  http.HttpRequestLog (HttpRequestLog.java:getRequestLog(97)) - Jetty request log can only be enabled using Log4j
2019-08-29 09:04:29,505 [main] INFO  http.HttpServer2 (HttpServer2.java:addGlobalFilter(975)) - Added global filter 'safety' (class=org.apache.hadoop.http.HttpServer2$QuotingInputFilter)
2019-08-29 09:04:29,506 [main] INFO  http.HttpServer2 (HttpServer2.java:addFilter(948)) - Added filter static_user_filter (class=org.apache.hadoop.http.lib.StaticUserWebFilter$StaticUserFilter) to context ozoneManager
2019-08-29 09:04:29,506 [main] INFO  http.HttpServer2 (HttpServer2.java:addFilter(958)) - Added filter static_user_filter (class=org.apache.hadoop.http.lib.StaticUserWebFilter$StaticUserFilter) to context logs
2019-08-29 09:04:29,507 [main] INFO  http.HttpServer2 (HttpServer2.java:addFilter(958)) - Added filter static_user_filter (class=org.apache.hadoop.http.lib.StaticUserWebFilter$StaticUserFilter) to context static
2019-08-29 09:04:29,509 [main] INFO  http.HttpServer2 (HttpServer2.java:bindListener(1191)) - Jetty bound to port 41653
2019-08-29 09:04:29,510 [main] INFO  server.Server (Server.java:doStart(351)) - jetty-9.3.24.v20180605, build timestamp: 2018-06-05T17:11:56Z, git hash: 84205aa28f11a4f31f2a3b86d1bba2cc8ab69827
2019-08-29 09:04:29,512 [main] INFO  handler.ContextHandler (ContextHandler.java:doStart(781)) - Started o.e.j.s.ServletContextHandler@f8f56b9{/logs,file:///workdir/hadoop-ozone/integration-test/target/log,AVAILABLE}
2019-08-29 09:04:29,513 [main] INFO  handler.ContextHandler (ContextHandler.java:doStart(781)) - Started o.e.j.s.ServletContextHandler@4f186450{/static,file:///workdir/hadoop-ozone/integration-test/target/test-classes/webapps/static,AVAILABLE}
2019-08-29 09:04:29,688 [main] INFO  handler.ContextHandler (ContextHandler.java:doStart(781)) - Started o.e.j.w.WebAppContext@7551da2a{/,file:///workdir/hadoop-ozone/integration-test/target/test-classes/webapps/ozoneManager/,AVAILABLE}{/ozoneManager}
2019-08-29 09:04:29,691 [main] INFO  server.AbstractConnector (AbstractConnector.java:doStart(278)) - Started ServerConnector@432034a{HTTP/1.1,[http/1.1]}{0.0.0.0:41653}
2019-08-29 09:04:29,692 [main] INFO  server.Server (Server.java:doStart(419)) - Started @5939ms
2019-08-29 09:04:29,693 [main] INFO  server.BaseHttpServer (BaseHttpServer.java:updateConnectorAddress(213)) - HTTP server of OZONEMANAGER is listening at http://0.0.0.0:41653
2019-08-29 09:04:29,857 [main] INFO  impl.MetricsSystemImpl (MetricsSystemImpl.java:init(158)) - HddsDatanode metrics system started (again)
2019-08-29 09:04:29,966 [main] INFO  ozone.HddsDatanodeService (HddsDatanodeService.java:start(184)) - HddsDatanodeService host:pr-hdds-1569-8vb5f-3135838959 ip:192.168.5.182
2019-08-29 09:04:29,998 [main] INFO  volume.HddsVolume (HddsVolume.java:<init>(176)) - Creating Volume: /workdir/hadoop-ozone/integration-test/target/test-dir/MiniOzoneClusterImpl-6dc80b5f-6925-4c5f-a4b1-e2b147e12e2e/datanode-0/data/containers/hdds of  storage type : DISK and capacity : 1482555576320
2019-08-29 09:04:30,000 [main] INFO  volume.VolumeSet (VolumeSet.java:initializeVolumeSet(170)) - Added Volume : /workdir/hadoop-ozone/integration-test/target/test-dir/MiniOzoneClusterImpl-6dc80b5f-6925-4c5f-a4b1-e2b147e12e2e/datanode-0/data/containers/hdds to VolumeSet
2019-08-29 09:04:30,003 [main] INFO  volume.ThrottledAsyncChecker (ThrottledAsyncChecker.java:schedule(140)) - Scheduling a check for org.apache.hadoop.ozone.container.common.volume.HddsVolume@65ec8b24
2019-08-29 09:04:30,020 [main] INFO  volume.HddsVolumeChecker (HddsVolumeChecker.java:checkAllVolumes(203)) - Scheduled health check for volume org.apache.hadoop.ozone.container.common.volume.HddsVolume@65ec8b24
2019-08-29 09:04:30,121 [main] INFO  impl.RaftServerProxy (ConfUtils.java:logGet(43)) - raft.rpc.type = GRPC (default)
2019-08-29 09:04:30,187 [main] INFO  grpc.GrpcFactory (GrpcFactory.java:checkPooledByteBufAllocatorUseCacheForAllThreads(45)) - PERFORMANCE WARNING: useCacheForAllThreads is true that may cause Netty to create a lot garbage objects and, as a result, trigger GC.
	It is recommended to disable useCacheForAllThreads by setting -Dorg.apache.ratis.thirdparty.io.netty.allocator.useCacheForAllThreads=false in command line.
2019-08-29 09:04:30,191 [main] INFO  grpc.GrpcConfigKeys$Server (ConfUtils.java:logGet(43)) - raft.grpc.server.port = 0 (default)
2019-08-29 09:04:30,192 [main] INFO  server.GrpcService (ConfUtils.java:logGet(43)) - raft.grpc.message.size.max = 33570816 (custom)
2019-08-29 09:04:30,194 [main] INFO  server.RaftServerConfigKeys (ConfUtils.java:logGet(43)) - raft.server.log.appender.buffer.byte-limit = 33554432 (custom)
2019-08-29 09:04:30,195 [main] INFO  server.GrpcService (ConfUtils.java:logGet(43)) - raft.grpc.flow.control.window = 1MB (=1048576) (default)
2019-08-29 09:04:30,195 [main] INFO  server.RaftServerConfigKeys (ConfUtils.java:logGet(43)) - raft.server.rpc.request.timeout = 3000ms (default)
2019-08-29 09:04:30,348 [main] INFO  server.RaftServerConfigKeys (ConfUtils.java:logGet(43)) - raft.server.storage.dir = [/workdir/hadoop-ozone/integration-test/target/test-dir/MiniOzoneClusterImpl-6dc80b5f-6925-4c5f-a4b1-e2b147e12e2e/datanode-0/data/ratis] (custom)
2019-08-29 09:04:30,384 [main] INFO  replication.SimpleContainerDownloader (SimpleContainerDownloader.java:<init>(72)) - Starting container downloader service to copy containers to replicate.
2019-08-29 09:04:30,396 [main] INFO  hdfs.DFSUtil (DFSUtil.java:httpServerTemplateForNNAndJN(1641)) - Starting Web-server for hddsDatanode at: http://0.0.0.0:0
2019-08-29 09:04:30,398 [main] INFO  server.AuthenticationFilter (AuthenticationFilter.java:constructSecretProvider(240)) - Unable to initialize FileSignerSecretProvider, falling back to use random secrets.
2019-08-29 09:04:30,398 [main] WARN  http.HttpRequestLog (HttpRequestLog.java:getRequestLog(97)) - Jetty request log can only be enabled using Log4j
2019-08-29 09:04:30,400 [main] INFO  http.HttpServer2 (HttpServer2.java:addGlobalFilter(975)) - Added global filter 'safety' (class=org.apache.hadoop.http.HttpServer2$QuotingInputFilter)
2019-08-29 09:04:30,400 [main] INFO  http.HttpServer2 (HttpServer2.java:addFilter(948)) - Added filter static_user_filter (class=org.apache.hadoop.http.lib.StaticUserWebFilter$StaticUserFilter) to context hddsDatanode
2019-08-29 09:04:30,401 [main] INFO  http.HttpServer2 (HttpServer2.java:addFilter(958)) - Added filter static_user_filter (class=org.apache.hadoop.http.lib.StaticUserWebFilter$StaticUserFilter) to context static
2019-08-29 09:04:30,401 [main] INFO  http.HttpServer2 (HttpServer2.java:addFilter(958)) - Added filter static_user_filter (class=org.apache.hadoop.http.lib.StaticUserWebFilter$StaticUserFilter) to context logs
2019-08-29 09:04:30,401 [main] INFO  http.HttpServer2 (HttpServer2.java:bindListener(1191)) - Jetty bound to port 37346
2019-08-29 09:04:30,402 [main] INFO  server.Server (Server.java:doStart(351)) - jetty-9.3.24.v20180605, build timestamp: 2018-06-05T17:11:56Z, git hash: 84205aa28f11a4f31f2a3b86d1bba2cc8ab69827
2019-08-29 09:04:30,404 [main] INFO  handler.ContextHandler (ContextHandler.java:doStart(781)) - Started o.e.j.s.ServletContextHandler@6a1d3225{/logs,file:///workdir/hadoop-ozone/integration-test/target/log,AVAILABLE}
2019-08-29 09:04:30,404 [main] INFO  handler.ContextHandler (ContextHandler.java:doStart(781)) - Started o.e.j.s.ServletContextHandler@50fb33a{/static,jar:file:/home/user/.m2/repository/org/apache/hadoop/hadoop-hdds-container-service/0.5.0-SNAPSHOT/hadoop-hdds-container-service-0.5.0-SNAPSHOT.jar!/webapps/static,AVAILABLE}
2019-08-29 09:04:30,433 [main] INFO  handler.ContextHandler (ContextHandler.java:doStart(781)) - Started o.e.j.w.WebAppContext@4c58255{/,file:///tmp/jetty-0.0.0.0-37346-hddsDatanode-_-any-2836062462787449273.dir/webapp/,AVAILABLE}{/hddsDatanode}
2019-08-29 09:04:30,433 [main] INFO  server.AbstractConnector (AbstractConnector.java:doStart(278)) - Started ServerConnector@eac3a26{HTTP/1.1,[http/1.1]}{0.0.0.0:37346}
2019-08-29 09:04:30,435 [main] INFO  server.Server (Server.java:doStart(419)) - Started @6682ms
2019-08-29 09:04:30,436 [main] INFO  server.BaseHttpServer (BaseHttpServer.java:updateConnectorAddress(213)) - HTTP server of HDDSDATANODE is listening at http://0.0.0.0:37346
2019-08-29 09:04:31,546 | INFO  | ObjectStoreRestHttpServer | Listening HDDS REST traffic on /0.0.0.0:44975 |  
2019-08-29 09:04:31,548 [main] INFO  ozone.HddsDatanodeService (HddsDatanodeService.java:startPlugins(395)) - Started plug-in org.apache.hadoop.ozone.web.OzoneHddsDatanodeService@415795f3
2019-08-29 09:04:31,549 [main] INFO  impl.MetricsSystemImpl (MetricsSystemImpl.java:init(158)) - HddsDatanode metrics system started (again)
2019-08-29 09:04:31,552 [main] INFO  ozone.HddsDatanodeService (HddsDatanodeService.java:start(184)) - HddsDatanodeService host:pr-hdds-1569-8vb5f-3135838959 ip:192.168.5.182
2019-08-29 09:04:31,557 [org.apache.hadoop.util.JvmPauseMonitor$Monitor@143d379b] INFO  util.JvmPauseMonitor (JvmPauseMonitor.java:run(188)) - Starting JVM pause monitor
2019-08-29 09:04:31,560 [main] INFO  volume.HddsVolume (HddsVolume.java:<init>(176)) - Creating Volume: /workdir/hadoop-ozone/integration-test/target/test-dir/MiniOzoneClusterImpl-6dc80b5f-6925-4c5f-a4b1-e2b147e12e2e/datanode-1/data/containers/hdds of  storage type : DISK and capacity : 1482555576320
2019-08-29 09:04:31,567 [main] INFO  volume.VolumeSet (VolumeSet.java:initializeVolumeSet(170)) - Added Volume : /workdir/hadoop-ozone/integration-test/target/test-dir/MiniOzoneClusterImpl-6dc80b5f-6925-4c5f-a4b1-e2b147e12e2e/datanode-1/data/containers/hdds to VolumeSet
2019-08-29 09:04:31,568 [main] INFO  volume.ThrottledAsyncChecker (ThrottledAsyncChecker.java:schedule(140)) - Scheduling a check for org.apache.hadoop.ozone.container.common.volume.HddsVolume@1f78d415
2019-08-29 09:04:31,569 [main] INFO  volume.HddsVolumeChecker (HddsVolumeChecker.java:checkAllVolumes(203)) - Scheduled health check for volume org.apache.hadoop.ozone.container.common.volume.HddsVolume@1f78d415
2019-08-29 09:04:31,592 [main] INFO  impl.RaftServerProxy (ConfUtils.java:logGet(43)) - raft.rpc.type = GRPC (default)
2019-08-29 09:04:31,593 [main] INFO  grpc.GrpcFactory (GrpcFactory.java:checkPooledByteBufAllocatorUseCacheForAllThreads(45)) - PERFORMANCE WARNING: useCacheForAllThreads is true that may cause Netty to create a lot garbage objects and, as a result, trigger GC.
	It is recommended to disable useCacheForAllThreads by setting -Dorg.apache.ratis.thirdparty.io.netty.allocator.useCacheForAllThreads=false in command line.
2019-08-29 09:04:31,593 [main] INFO  grpc.GrpcConfigKeys$Server (ConfUtils.java:logGet(43)) - raft.grpc.server.port = 0 (default)
2019-08-29 09:04:31,593 [main] INFO  server.GrpcService (ConfUtils.java:logGet(43)) - raft.grpc.message.size.max = 33570816 (custom)
2019-08-29 09:04:31,594 [main] INFO  server.RaftServerConfigKeys (ConfUtils.java:logGet(43)) - raft.server.log.appender.buffer.byte-limit = 33554432 (custom)
2019-08-29 09:04:31,594 [main] INFO  server.GrpcService (ConfUtils.java:logGet(43)) - raft.grpc.flow.control.window = 1MB (=1048576) (default)
2019-08-29 09:04:31,594 [main] INFO  server.RaftServerConfigKeys (ConfUtils.java:logGet(43)) - raft.server.rpc.request.timeout = 3000ms (default)
2019-08-29 09:04:31,595 [main] INFO  server.RaftServerConfigKeys (ConfUtils.java:logGet(43)) - raft.server.storage.dir = [/workdir/hadoop-ozone/integration-test/target/test-dir/MiniOzoneClusterImpl-6dc80b5f-6925-4c5f-a4b1-e2b147e12e2e/datanode-1/data/ratis] (custom)
2019-08-29 09:04:31,596 [main] INFO  replication.SimpleContainerDownloader (SimpleContainerDownloader.java:<init>(72)) - Starting container downloader service to copy containers to replicate.
2019-08-29 09:04:31,598 [main] INFO  hdfs.DFSUtil (DFSUtil.java:httpServerTemplateForNNAndJN(1641)) - Starting Web-server for hddsDatanode at: http://0.0.0.0:0
2019-08-29 09:04:31,600 [main] INFO  server.AuthenticationFilter (AuthenticationFilter.java:constructSecretProvider(240)) - Unable to initialize FileSignerSecretProvider, falling back to use random secrets.
2019-08-29 09:04:31,601 [main] WARN  http.HttpRequestLog (HttpRequestLog.java:getRequestLog(97)) - Jetty request log can only be enabled using Log4j
2019-08-29 09:04:31,603 [main] INFO  http.HttpServer2 (HttpServer2.java:addGlobalFilter(975)) - Added global filter 'safety' (class=org.apache.hadoop.http.HttpServer2$QuotingInputFilter)
2019-08-29 09:04:31,604 [main] INFO  http.HttpServer2 (HttpServer2.java:addFilter(948)) - Added filter static_user_filter (class=org.apache.hadoop.http.lib.StaticUserWebFilter$StaticUserFilter) to context hddsDatanode
2019-08-29 09:04:31,605 [main] INFO  http.HttpServer2 (HttpServer2.java:addFilter(958)) - Added filter static_user_filter (class=org.apache.hadoop.http.lib.StaticUserWebFilter$StaticUserFilter) to context static
2019-08-29 09:04:31,605 [main] INFO  http.HttpServer2 (HttpServer2.java:addFilter(958)) - Added filter static_user_filter (class=org.apache.hadoop.http.lib.StaticUserWebFilter$StaticUserFilter) to context logs
2019-08-29 09:04:31,606 [main] INFO  http.HttpServer2 (HttpServer2.java:bindListener(1191)) - Jetty bound to port 37525
2019-08-29 09:04:31,606 [main] INFO  server.Server (Server.java:doStart(351)) - jetty-9.3.24.v20180605, build timestamp: 2018-06-05T17:11:56Z, git hash: 84205aa28f11a4f31f2a3b86d1bba2cc8ab69827
2019-08-29 09:04:31,610 [main] INFO  handler.ContextHandler (ContextHandler.java:doStart(781)) - Started o.e.j.s.ServletContextHandler@4bf03fee{/logs,file:///workdir/hadoop-ozone/integration-test/target/log,AVAILABLE}
2019-08-29 09:04:31,610 [main] INFO  handler.ContextHandler (ContextHandler.java:doStart(781)) - Started o.e.j.s.ServletContextHandler@44f0ff2b{/static,jar:file:/home/user/.m2/repository/org/apache/hadoop/hadoop-hdds-container-service/0.5.0-SNAPSHOT/hadoop-hdds-container-service-0.5.0-SNAPSHOT.jar!/webapps/static,AVAILABLE}
2019-08-29 09:04:31,650 [main] INFO  handler.ContextHandler (ContextHandler.java:doStart(781)) - Started o.e.j.w.WebAppContext@7cf63b9a{/,file:///tmp/jetty-0.0.0.0-37525-hddsDatanode-_-any-3721721273135000532.dir/webapp/,AVAILABLE}{/hddsDatanode}
2019-08-29 09:04:31,651 [main] INFO  server.AbstractConnector (AbstractConnector.java:doStart(278)) - Started ServerConnector@4776e209{HTTP/1.1,[http/1.1]}{0.0.0.0:37525}
2019-08-29 09:04:31,653 [main] INFO  server.Server (Server.java:doStart(419)) - Started @7899ms
2019-08-29 09:04:31,653 [main] INFO  server.BaseHttpServer (BaseHttpServer.java:updateConnectorAddress(213)) - HTTP server of HDDSDATANODE is listening at http://0.0.0.0:37525
2019-08-29 09:04:31,703 [Datanode State Machine Thread - 0] INFO  datanode.InitDatanodeState (InitDatanodeState.java:persistContainerDatanodeDetails(140)) - DatanodeDetails is persisted to /workdir/hadoop-ozone/integration-test/target/test-dir/MiniOzoneClusterImpl-6dc80b5f-6925-4c5f-a4b1-e2b147e12e2e/datanode-0/meta/datanode.id
2019-08-29 09:04:31,833 | INFO  | ObjectStoreRestHttpServer | Listening HDDS REST traffic on /0.0.0.0:46195 |  
2019-08-29 09:04:31,833 [main] INFO  ozone.HddsDatanodeService (HddsDatanodeService.java:startPlugins(395)) - Started plug-in org.apache.hadoop.ozone.web.OzoneHddsDatanodeService@26457986
2019-08-29 09:04:31,834 [main] INFO  impl.MetricsSystemImpl (MetricsSystemImpl.java:init(158)) - HddsDatanode metrics system started (again)
2019-08-29 09:04:31,837 [main] INFO  ozone.HddsDatanodeService (HddsDatanodeService.java:start(184)) - HddsDatanodeService host:pr-hdds-1569-8vb5f-3135838959 ip:192.168.5.182
2019-08-29 09:04:31,837 [org.apache.hadoop.util.JvmPauseMonitor$Monitor@412e4800] INFO  util.JvmPauseMonitor (JvmPauseMonitor.java:run(188)) - Starting JVM pause monitor
2019-08-29 09:04:31,847 [main] INFO  volume.HddsVolume (HddsVolume.java:<init>(176)) - Creating Volume: /workdir/hadoop-ozone/integration-test/target/test-dir/MiniOzoneClusterImpl-6dc80b5f-6925-4c5f-a4b1-e2b147e12e2e/datanode-2/data/containers/hdds of  storage type : DISK and capacity : 1482555576320
2019-08-29 09:04:31,847 [main] INFO  volume.VolumeSet (VolumeSet.java:initializeVolumeSet(170)) - Added Volume : /workdir/hadoop-ozone/integration-test/target/test-dir/MiniOzoneClusterImpl-6dc80b5f-6925-4c5f-a4b1-e2b147e12e2e/datanode-2/data/containers/hdds to VolumeSet
2019-08-29 09:04:31,847 [main] INFO  volume.ThrottledAsyncChecker (ThrottledAsyncChecker.java:schedule(140)) - Scheduling a check for org.apache.hadoop.ozone.container.common.volume.HddsVolume@2bebd114
2019-08-29 09:04:31,848 [Datanode State Machine Thread - 0] INFO  datanode.InitDatanodeState (InitDatanodeState.java:persistContainerDatanodeDetails(140)) - DatanodeDetails is persisted to /workdir/hadoop-ozone/integration-test/target/test-dir/MiniOzoneClusterImpl-6dc80b5f-6925-4c5f-a4b1-e2b147e12e2e/datanode-1/meta/datanode.id
2019-08-29 09:04:31,849 [main] INFO  volume.HddsVolumeChecker (HddsVolumeChecker.java:checkAllVolumes(203)) - Scheduled health check for volume org.apache.hadoop.ozone.container.common.volume.HddsVolume@2bebd114
2019-08-29 09:04:31,867 [main] INFO  impl.RaftServerProxy (ConfUtils.java:logGet(43)) - raft.rpc.type = GRPC (default)
2019-08-29 09:04:31,868 [main] INFO  grpc.GrpcFactory (GrpcFactory.java:checkPooledByteBufAllocatorUseCacheForAllThreads(45)) - PERFORMANCE WARNING: useCacheForAllThreads is true that may cause Netty to create a lot garbage objects and, as a result, trigger GC.
	It is recommended to disable useCacheForAllThreads by setting -Dorg.apache.ratis.thirdparty.io.netty.allocator.useCacheForAllThreads=false in command line.
2019-08-29 09:04:31,868 [main] INFO  grpc.GrpcConfigKeys$Server (ConfUtils.java:logGet(43)) - raft.grpc.server.port = 0 (default)
2019-08-29 09:04:31,868 [main] INFO  server.GrpcService (ConfUtils.java:logGet(43)) - raft.grpc.message.size.max = 33570816 (custom)
2019-08-29 09:04:31,869 [main] INFO  server.RaftServerConfigKeys (ConfUtils.java:logGet(43)) - raft.server.log.appender.buffer.byte-limit = 33554432 (custom)
2019-08-29 09:04:31,869 [main] INFO  server.GrpcService (ConfUtils.java:logGet(43)) - raft.grpc.flow.control.window = 1MB (=1048576) (default)
2019-08-29 09:04:31,869 [main] INFO  server.RaftServerConfigKeys (ConfUtils.java:logGet(43)) - raft.server.rpc.request.timeout = 3000ms (default)
2019-08-29 09:04:31,870 [main] INFO  server.RaftServerConfigKeys (ConfUtils.java:logGet(43)) - raft.server.storage.dir = [/workdir/hadoop-ozone/integration-test/target/test-dir/MiniOzoneClusterImpl-6dc80b5f-6925-4c5f-a4b1-e2b147e12e2e/datanode-2/data/ratis] (custom)
2019-08-29 09:04:31,871 [main] INFO  replication.SimpleContainerDownloader (SimpleContainerDownloader.java:<init>(72)) - Starting container downloader service to copy containers to replicate.
2019-08-29 09:04:31,872 [main] INFO  hdfs.DFSUtil (DFSUtil.java:httpServerTemplateForNNAndJN(1641)) - Starting Web-server for hddsDatanode at: http://0.0.0.0:0
2019-08-29 09:04:31,874 [main] INFO  server.AuthenticationFilter (AuthenticationFilter.java:constructSecretProvider(240)) - Unable to initialize FileSignerSecretProvider, falling back to use random secrets.
2019-08-29 09:04:31,874 [main] WARN  http.HttpRequestLog (HttpRequestLog.java:getRequestLog(97)) - Jetty request log can only be enabled using Log4j
2019-08-29 09:04:31,876 [main] INFO  http.HttpServer2 (HttpServer2.java:addGlobalFilter(975)) - Added global filter 'safety' (class=org.apache.hadoop.http.HttpServer2$QuotingInputFilter)
2019-08-29 09:04:31,877 [main] INFO  http.HttpServer2 (HttpServer2.java:addFilter(948)) - Added filter static_user_filter (class=org.apache.hadoop.http.lib.StaticUserWebFilter$StaticUserFilter) to context hddsDatanode
2019-08-29 09:04:31,877 [main] INFO  http.HttpServer2 (HttpServer2.java:addFilter(958)) - Added filter static_user_filter (class=org.apache.hadoop.http.lib.StaticUserWebFilter$StaticUserFilter) to context static
2019-08-29 09:04:31,877 [main] INFO  http.HttpServer2 (HttpServer2.java:addFilter(958)) - Added filter static_user_filter (class=org.apache.hadoop.http.lib.StaticUserWebFilter$StaticUserFilter) to context logs
2019-08-29 09:04:31,878 [main] INFO  http.HttpServer2 (HttpServer2.java:bindListener(1191)) - Jetty bound to port 42600
2019-08-29 09:04:31,878 [main] INFO  server.Server (Server.java:doStart(351)) - jetty-9.3.24.v20180605, build timestamp: 2018-06-05T17:11:56Z, git hash: 84205aa28f11a4f31f2a3b86d1bba2cc8ab69827
2019-08-29 09:04:31,880 [main] INFO  handler.ContextHandler (ContextHandler.java:doStart(781)) - Started o.e.j.s.ServletContextHandler@590d6c76{/logs,file:///workdir/hadoop-ozone/integration-test/target/log,AVAILABLE}
2019-08-29 09:04:31,881 [main] INFO  handler.ContextHandler (ContextHandler.java:doStart(781)) - Started o.e.j.s.ServletContextHandler@448c92fc{/static,jar:file:/home/user/.m2/repository/org/apache/hadoop/hadoop-hdds-container-service/0.5.0-SNAPSHOT/hadoop-hdds-container-service-0.5.0-SNAPSHOT.jar!/webapps/static,AVAILABLE}
2019-08-29 09:04:31,910 [main] INFO  handler.ContextHandler (ContextHandler.java:doStart(781)) - Started o.e.j.w.WebAppContext@756b2d90{/,file:///tmp/jetty-0.0.0.0-42600-hddsDatanode-_-any-1747805687579665632.dir/webapp/,AVAILABLE}{/hddsDatanode}
2019-08-29 09:04:31,911 [main] INFO  server.AbstractConnector (AbstractConnector.java:doStart(278)) - Started ServerConnector@3520958b{HTTP/1.1,[http/1.1]}{0.0.0.0:42600}
2019-08-29 09:04:31,912 [main] INFO  server.Server (Server.java:doStart(419)) - Started @8158ms
2019-08-29 09:04:31,913 [main] INFO  server.BaseHttpServer (BaseHttpServer.java:updateConnectorAddress(213)) - HTTP server of HDDSDATANODE is listening at http://0.0.0.0:42600
2019-08-29 09:04:32,064 | INFO  | ObjectStoreRestHttpServer | Listening HDDS REST traffic on /0.0.0.0:42632 |  
2019-08-29 09:04:32,064 [main] INFO  ozone.HddsDatanodeService (HddsDatanodeService.java:startPlugins(395)) - Started plug-in org.apache.hadoop.ozone.web.OzoneHddsDatanodeService@4837f97e
2019-08-29 09:04:32,064 [main] INFO  impl.MetricsSystemImpl (MetricsSystemImpl.java:init(158)) - HddsDatanode metrics system started (again)
2019-08-29 09:04:32,067 [main] INFO  ozone.HddsDatanodeService (HddsDatanodeService.java:start(184)) - HddsDatanodeService host:pr-hdds-1569-8vb5f-3135838959 ip:192.168.5.182
2019-08-29 09:04:32,068 [org.apache.hadoop.util.JvmPauseMonitor$Monitor@27d634bf] INFO  util.JvmPauseMonitor (JvmPauseMonitor.java:run(188)) - Starting JVM pause monitor
2019-08-29 09:04:32,070 [Datanode State Machine Thread - 0] INFO  datanode.InitDatanodeState (InitDatanodeState.java:persistContainerDatanodeDetails(140)) - DatanodeDetails is persisted to /workdir/hadoop-ozone/integration-test/target/test-dir/MiniOzoneClusterImpl-6dc80b5f-6925-4c5f-a4b1-e2b147e12e2e/datanode-2/meta/datanode.id
2019-08-29 09:04:32,075 [main] INFO  volume.HddsVolume (HddsVolume.java:<init>(176)) - Creating Volume: /workdir/hadoop-ozone/integration-test/target/test-dir/MiniOzoneClusterImpl-6dc80b5f-6925-4c5f-a4b1-e2b147e12e2e/datanode-3/data/containers/hdds of  storage type : DISK and capacity : 1482555576320
2019-08-29 09:04:32,097 [main] INFO  volume.VolumeSet (VolumeSet.java:initializeVolumeSet(170)) - Added Volume : /workdir/hadoop-ozone/integration-test/target/test-dir/MiniOzoneClusterImpl-6dc80b5f-6925-4c5f-a4b1-e2b147e12e2e/datanode-3/data/containers/hdds to VolumeSet
2019-08-29 09:04:32,098 [main] INFO  volume.ThrottledAsyncChecker (ThrottledAsyncChecker.java:schedule(140)) - Scheduling a check for org.apache.hadoop.ozone.container.common.volume.HddsVolume@6459f4ea
2019-08-29 09:04:32,098 [main] INFO  volume.HddsVolumeChecker (HddsVolumeChecker.java:checkAllVolumes(203)) - Scheduled health check for volume org.apache.hadoop.ozone.container.common.volume.HddsVolume@6459f4ea
2019-08-29 09:04:32,114 [main] INFO  impl.RaftServerProxy (ConfUtils.java:logGet(43)) - raft.rpc.type = GRPC (default)
2019-08-29 09:04:32,114 [main] INFO  grpc.GrpcFactory (GrpcFactory.java:checkPooledByteBufAllocatorUseCacheForAllThreads(45)) - PERFORMANCE WARNING: useCacheForAllThreads is true that may cause Netty to create a lot garbage objects and, as a result, trigger GC.
	It is recommended to disable useCacheForAllThreads by setting -Dorg.apache.ratis.thirdparty.io.netty.allocator.useCacheForAllThreads=false in command line.
2019-08-29 09:04:32,115 [main] INFO  grpc.GrpcConfigKeys$Server (ConfUtils.java:logGet(43)) - raft.grpc.server.port = 0 (default)
2019-08-29 09:04:32,115 [main] INFO  server.GrpcService (ConfUtils.java:logGet(43)) - raft.grpc.message.size.max = 33570816 (custom)
2019-08-29 09:04:32,115 [main] INFO  server.RaftServerConfigKeys (ConfUtils.java:logGet(43)) - raft.server.log.appender.buffer.byte-limit = 33554432 (custom)
2019-08-29 09:04:32,115 [main] INFO  server.GrpcService (ConfUtils.java:logGet(43)) - raft.grpc.flow.control.window = 1MB (=1048576) (default)
2019-08-29 09:04:32,116 [main] INFO  server.RaftServerConfigKeys (ConfUtils.java:logGet(43)) - raft.server.rpc.request.timeout = 3000ms (default)
2019-08-29 09:04:32,116 [main] INFO  server.RaftServerConfigKeys (ConfUtils.java:logGet(43)) - raft.server.storage.dir = [/workdir/hadoop-ozone/integration-test/target/test-dir/MiniOzoneClusterImpl-6dc80b5f-6925-4c5f-a4b1-e2b147e12e2e/datanode-3/data/ratis] (custom)
2019-08-29 09:04:32,117 [main] INFO  replication.SimpleContainerDownloader (SimpleContainerDownloader.java:<init>(72)) - Starting container downloader service to copy containers to replicate.
2019-08-29 09:04:32,118 [main] INFO  hdfs.DFSUtil (DFSUtil.java:httpServerTemplateForNNAndJN(1641)) - Starting Web-server for hddsDatanode at: http://0.0.0.0:0
2019-08-29 09:04:32,119 [main] INFO  server.AuthenticationFilter (AuthenticationFilter.java:constructSecretProvider(240)) - Unable to initialize FileSignerSecretProvider, falling back to use random secrets.
2019-08-29 09:04:32,120 [main] WARN  http.HttpRequestLog (HttpRequestLog.java:getRequestLog(97)) - Jetty request log can only be enabled using Log4j
2019-08-29 09:04:32,121 [main] INFO  http.HttpServer2 (HttpServer2.java:addGlobalFilter(975)) - Added global filter 'safety' (class=org.apache.hadoop.http.HttpServer2$QuotingInputFilter)
2019-08-29 09:04:32,122 [main] INFO  http.HttpServer2 (HttpServer2.java:addFilter(948)) - Added filter static_user_filter (class=org.apache.hadoop.http.lib.StaticUserWebFilter$StaticUserFilter) to context hddsDatanode
2019-08-29 09:04:32,122 [main] INFO  http.HttpServer2 (HttpServer2.java:addFilter(958)) - Added filter static_user_filter (class=org.apache.hadoop.http.lib.StaticUserWebFilter$StaticUserFilter) to context static
2019-08-29 09:04:32,122 [main] INFO  http.HttpServer2 (HttpServer2.java:addFilter(958)) - Added filter static_user_filter (class=org.apache.hadoop.http.lib.StaticUserWebFilter$StaticUserFilter) to context logs
2019-08-29 09:04:32,123 [main] INFO  http.HttpServer2 (HttpServer2.java:bindListener(1191)) - Jetty bound to port 35790
2019-08-29 09:04:32,123 [main] INFO  server.Server (Server.java:doStart(351)) - jetty-9.3.24.v20180605, build timestamp: 2018-06-05T17:11:56Z, git hash: 84205aa28f11a4f31f2a3b86d1bba2cc8ab69827
2019-08-29 09:04:32,128 [main] INFO  handler.ContextHandler (ContextHandler.java:doStart(781)) - Started o.e.j.s.ServletContextHandler@79df80a4{/logs,file:///workdir/hadoop-ozone/integration-test/target/log,AVAILABLE}
2019-08-29 09:04:32,128 [main] INFO  handler.ContextHandler (ContextHandler.java:doStart(781)) - Started o.e.j.s.ServletContextHandler@4eeab3e{/static,jar:file:/home/user/.m2/repository/org/apache/hadoop/hadoop-hdds-container-service/0.5.0-SNAPSHOT/hadoop-hdds-container-service-0.5.0-SNAPSHOT.jar!/webapps/static,AVAILABLE}
2019-08-29 09:04:32,568 [main] INFO  handler.ContextHandler (ContextHandler.java:doStart(781)) - Started o.e.j.w.WebAppContext@23bd0c81{/,file:///tmp/jetty-0.0.0.0-35790-hddsDatanode-_-any-5480929892299235357.dir/webapp/,AVAILABLE}{/hddsDatanode}
2019-08-29 09:04:32,568 [main] INFO  server.AbstractConnector (AbstractConnector.java:doStart(278)) - Started ServerConnector@1332dec4{HTTP/1.1,[http/1.1]}{0.0.0.0:35790}
2019-08-29 09:04:32,570 [main] INFO  server.Server (Server.java:doStart(419)) - Started @8816ms
2019-08-29 09:04:32,571 [main] INFO  server.BaseHttpServer (BaseHttpServer.java:updateConnectorAddress(213)) - HTTP server of HDDSDATANODE is listening at http://0.0.0.0:35790
2019-08-29 09:04:32,721 | INFO  | ObjectStoreRestHttpServer | Listening HDDS REST traffic on /0.0.0.0:41858 |  
2019-08-29 09:04:32,721 [main] INFO  ozone.HddsDatanodeService (HddsDatanodeService.java:startPlugins(395)) - Started plug-in org.apache.hadoop.ozone.web.OzoneHddsDatanodeService@289f15e9
2019-08-29 09:04:32,722 [main] INFO  impl.MetricsSystemImpl (MetricsSystemImpl.java:init(158)) - HddsDatanode metrics system started (again)
2019-08-29 09:04:32,725 [main] INFO  ozone.HddsDatanodeService (HddsDatanodeService.java:start(184)) - HddsDatanodeService host:pr-hdds-1569-8vb5f-3135838959 ip:192.168.5.182
2019-08-29 09:04:32,725 [org.apache.hadoop.util.JvmPauseMonitor$Monitor@27d28c08] INFO  util.JvmPauseMonitor (JvmPauseMonitor.java:run(188)) - Starting JVM pause monitor
2019-08-29 09:04:32,728 [Datanode State Machine Thread - 0] INFO  datanode.InitDatanodeState (InitDatanodeState.java:persistContainerDatanodeDetails(140)) - DatanodeDetails is persisted to /workdir/hadoop-ozone/integration-test/target/test-dir/MiniOzoneClusterImpl-6dc80b5f-6925-4c5f-a4b1-e2b147e12e2e/datanode-3/meta/datanode.id
2019-08-29 09:04:32,732 [main] INFO  volume.HddsVolume (HddsVolume.java:<init>(176)) - Creating Volume: /workdir/hadoop-ozone/integration-test/target/test-dir/MiniOzoneClusterImpl-6dc80b5f-6925-4c5f-a4b1-e2b147e12e2e/datanode-4/data/containers/hdds of  storage type : DISK and capacity : 1482555576320
2019-08-29 09:04:32,733 [main] INFO  volume.VolumeSet (VolumeSet.java:initializeVolumeSet(170)) - Added Volume : /workdir/hadoop-ozone/integration-test/target/test-dir/MiniOzoneClusterImpl-6dc80b5f-6925-4c5f-a4b1-e2b147e12e2e/datanode-4/data/containers/hdds to VolumeSet
2019-08-29 09:04:32,733 [main] INFO  volume.ThrottledAsyncChecker (ThrottledAsyncChecker.java:schedule(140)) - Scheduling a check for org.apache.hadoop.ozone.container.common.volume.HddsVolume@18a98913
2019-08-29 09:04:32,733 [main] INFO  volume.HddsVolumeChecker (HddsVolumeChecker.java:checkAllVolumes(203)) - Scheduled health check for volume org.apache.hadoop.ozone.container.common.volume.HddsVolume@18a98913
2019-08-29 09:04:32,748 [main] INFO  impl.RaftServerProxy (ConfUtils.java:logGet(43)) - raft.rpc.type = GRPC (default)
2019-08-29 09:04:32,748 [main] INFO  grpc.GrpcFactory (GrpcFactory.java:checkPooledByteBufAllocatorUseCacheForAllThreads(45)) - PERFORMANCE WARNING: useCacheForAllThreads is true that may cause Netty to create a lot garbage objects and, as a result, trigger GC.
	It is recommended to disable useCacheForAllThreads by setting -Dorg.apache.ratis.thirdparty.io.netty.allocator.useCacheForAllThreads=false in command line.
2019-08-29 09:04:32,748 [main] INFO  grpc.GrpcConfigKeys$Server (ConfUtils.java:logGet(43)) - raft.grpc.server.port = 0 (default)
2019-08-29 09:04:32,749 [main] INFO  server.GrpcService (ConfUtils.java:logGet(43)) - raft.grpc.message.size.max = 33570816 (custom)
2019-08-29 09:04:32,749 [main] INFO  server.RaftServerConfigKeys (ConfUtils.java:logGet(43)) - raft.server.log.appender.buffer.byte-limit = 33554432 (custom)
2019-08-29 09:04:32,749 [main] INFO  server.GrpcService (ConfUtils.java:logGet(43)) - raft.grpc.flow.control.window = 1MB (=1048576) (default)
2019-08-29 09:04:32,749 [main] INFO  server.RaftServerConfigKeys (ConfUtils.java:logGet(43)) - raft.server.rpc.request.timeout = 3000ms (default)
2019-08-29 09:04:32,750 [main] INFO  server.RaftServerConfigKeys (ConfUtils.java:logGet(43)) - raft.server.storage.dir = [/workdir/hadoop-ozone/integration-test/target/test-dir/MiniOzoneClusterImpl-6dc80b5f-6925-4c5f-a4b1-e2b147e12e2e/datanode-4/data/ratis] (custom)
2019-08-29 09:04:32,750 [main] INFO  replication.SimpleContainerDownloader (SimpleContainerDownloader.java:<init>(72)) - Starting container downloader service to copy containers to replicate.
2019-08-29 09:04:32,751 [main] INFO  hdfs.DFSUtil (DFSUtil.java:httpServerTemplateForNNAndJN(1641)) - Starting Web-server for hddsDatanode at: http://0.0.0.0:0
2019-08-29 09:04:32,753 [main] INFO  server.AuthenticationFilter (AuthenticationFilter.java:constructSecretProvider(240)) - Unable to initialize FileSignerSecretProvider, falling back to use random secrets.
2019-08-29 09:04:32,753 [main] WARN  http.HttpRequestLog (HttpRequestLog.java:getRequestLog(97)) - Jetty request log can only be enabled using Log4j
2019-08-29 09:04:32,755 [main] INFO  http.HttpServer2 (HttpServer2.java:addGlobalFilter(975)) - Added global filter 'safety' (class=org.apache.hadoop.http.HttpServer2$QuotingInputFilter)
2019-08-29 09:04:32,755 [main] INFO  http.HttpServer2 (HttpServer2.java:addFilter(948)) - Added filter static_user_filter (class=org.apache.hadoop.http.lib.StaticUserWebFilter$StaticUserFilter) to context hddsDatanode
2019-08-29 09:04:32,755 [main] INFO  http.HttpServer2 (HttpServer2.java:addFilter(958)) - Added filter static_user_filter (class=org.apache.hadoop.http.lib.StaticUserWebFilter$StaticUserFilter) to context logs
2019-08-29 09:04:32,756 [main] INFO  http.HttpServer2 (HttpServer2.java:addFilter(958)) - Added filter static_user_filter (class=org.apache.hadoop.http.lib.StaticUserWebFilter$StaticUserFilter) to context static
2019-08-29 09:04:32,756 [main] INFO  http.HttpServer2 (HttpServer2.java:bindListener(1191)) - Jetty bound to port 36767
2019-08-29 09:04:32,756 [main] INFO  server.Server (Server.java:doStart(351)) - jetty-9.3.24.v20180605, build timestamp: 2018-06-05T17:11:56Z, git hash: 84205aa28f11a4f31f2a3b86d1bba2cc8ab69827
2019-08-29 09:04:32,759 [main] INFO  handler.ContextHandler (ContextHandler.java:doStart(781)) - Started o.e.j.s.ServletContextHandler@5864e8bf{/logs,file:///workdir/hadoop-ozone/integration-test/target/log,AVAILABLE}
2019-08-29 09:04:32,759 [main] INFO  handler.ContextHandler (ContextHandler.java:doStart(781)) - Started o.e.j.s.ServletContextHandler@191ec193{/static,jar:file:/home/user/.m2/repository/org/apache/hadoop/hadoop-hdds-container-service/0.5.0-SNAPSHOT/hadoop-hdds-container-service-0.5.0-SNAPSHOT.jar!/webapps/static,AVAILABLE}
2019-08-29 09:04:32,787 [main] INFO  handler.ContextHandler (ContextHandler.java:doStart(781)) - Started o.e.j.w.WebAppContext@7761e342{/,file:///tmp/jetty-0.0.0.0-36767-hddsDatanode-_-any-7649548249351523513.dir/webapp/,AVAILABLE}{/hddsDatanode}
2019-08-29 09:04:32,788 [main] INFO  server.AbstractConnector (AbstractConnector.java:doStart(278)) - Started ServerConnector@51f68849{HTTP/1.1,[http/1.1]}{0.0.0.0:36767}
2019-08-29 09:04:32,789 [main] INFO  server.Server (Server.java:doStart(419)) - Started @9035ms
2019-08-29 09:04:32,789 [main] INFO  server.BaseHttpServer (BaseHttpServer.java:updateConnectorAddress(213)) - HTTP server of HDDSDATANODE is listening at http://0.0.0.0:36767
2019-08-29 09:04:32,930 | INFO  | ObjectStoreRestHttpServer | Listening HDDS REST traffic on /0.0.0.0:41027 |  
2019-08-29 09:04:32,930 [main] INFO  ozone.HddsDatanodeService (HddsDatanodeService.java:startPlugins(395)) - Started plug-in org.apache.hadoop.ozone.web.OzoneHddsDatanodeService@9263c54
2019-08-29 09:04:32,930 [main] INFO  impl.MetricsSystemImpl (MetricsSystemImpl.java:init(158)) - HddsDatanode metrics system started (again)
2019-08-29 09:04:32,933 [org.apache.hadoop.util.JvmPauseMonitor$Monitor@6d68b22e] INFO  util.JvmPauseMonitor (JvmPauseMonitor.java:run(188)) - Starting JVM pause monitor
2019-08-29 09:04:32,933 [main] INFO  ozone.HddsDatanodeService (HddsDatanodeService.java:start(184)) - HddsDatanodeService host:pr-hdds-1569-8vb5f-3135838959 ip:192.168.5.182
2019-08-29 09:04:32,936 [Datanode State Machine Thread - 0] INFO  datanode.InitDatanodeState (InitDatanodeState.java:persistContainerDatanodeDetails(140)) - DatanodeDetails is persisted to /workdir/hadoop-ozone/integration-test/target/test-dir/MiniOzoneClusterImpl-6dc80b5f-6925-4c5f-a4b1-e2b147e12e2e/datanode-4/meta/datanode.id
2019-08-29 09:04:32,940 [main] INFO  volume.HddsVolume (HddsVolume.java:<init>(176)) - Creating Volume: /workdir/hadoop-ozone/integration-test/target/test-dir/MiniOzoneClusterImpl-6dc80b5f-6925-4c5f-a4b1-e2b147e12e2e/datanode-5/data/containers/hdds of  storage type : DISK and capacity : 1482555576320
2019-08-29 09:04:32,940 [main] INFO  volume.VolumeSet (VolumeSet.java:initializeVolumeSet(170)) - Added Volume : /workdir/hadoop-ozone/integration-test/target/test-dir/MiniOzoneClusterImpl-6dc80b5f-6925-4c5f-a4b1-e2b147e12e2e/datanode-5/data/containers/hdds to VolumeSet
2019-08-29 09:04:32,940 [main] INFO  volume.ThrottledAsyncChecker (ThrottledAsyncChecker.java:schedule(140)) - Scheduling a check for org.apache.hadoop.ozone.container.common.volume.HddsVolume@17216605
2019-08-29 09:04:32,941 [main] INFO  volume.HddsVolumeChecker (HddsVolumeChecker.java:checkAllVolumes(203)) - Scheduled health check for volume org.apache.hadoop.ozone.container.common.volume.HddsVolume@17216605
2019-08-29 09:04:32,955 [main] INFO  impl.RaftServerProxy (ConfUtils.java:logGet(43)) - raft.rpc.type = GRPC (default)
2019-08-29 09:04:32,955 [main] INFO  grpc.GrpcFactory (GrpcFactory.java:checkPooledByteBufAllocatorUseCacheForAllThreads(45)) - PERFORMANCE WARNING: useCacheForAllThreads is true that may cause Netty to create a lot garbage objects and, as a result, trigger GC.
	It is recommended to disable useCacheForAllThreads by setting -Dorg.apache.ratis.thirdparty.io.netty.allocator.useCacheForAllThreads=false in command line.
2019-08-29 09:04:32,955 [main] INFO  grpc.GrpcConfigKeys$Server (ConfUtils.java:logGet(43)) - raft.grpc.server.port = 0 (default)
2019-08-29 09:04:32,955 [main] INFO  server.GrpcService (ConfUtils.java:logGet(43)) - raft.grpc.message.size.max = 33570816 (custom)
2019-08-29 09:04:32,956 [main] INFO  server.RaftServerConfigKeys (ConfUtils.java:logGet(43)) - raft.server.log.appender.buffer.byte-limit = 33554432 (custom)
2019-08-29 09:04:32,956 [main] INFO  server.GrpcService (ConfUtils.java:logGet(43)) - raft.grpc.flow.control.window = 1MB (=1048576) (default)
2019-08-29 09:04:32,956 [main] INFO  server.RaftServerConfigKeys (ConfUtils.java:logGet(43)) - raft.server.rpc.request.timeout = 3000ms (default)
2019-08-29 09:04:32,957 [main] INFO  server.RaftServerConfigKeys (ConfUtils.java:logGet(43)) - raft.server.storage.dir = [/workdir/hadoop-ozone/integration-test/target/test-dir/MiniOzoneClusterImpl-6dc80b5f-6925-4c5f-a4b1-e2b147e12e2e/datanode-5/data/ratis] (custom)
2019-08-29 09:04:32,957 [main] INFO  replication.SimpleContainerDownloader (SimpleContainerDownloader.java:<init>(72)) - Starting container downloader service to copy containers to replicate.
2019-08-29 09:04:32,958 [main] INFO  hdfs.DFSUtil (DFSUtil.java:httpServerTemplateForNNAndJN(1641)) - Starting Web-server for hddsDatanode at: http://0.0.0.0:0
2019-08-29 09:04:32,959 [main] INFO  server.AuthenticationFilter (AuthenticationFilter.java:constructSecretProvider(240)) - Unable to initialize FileSignerSecretProvider, falling back to use random secrets.
2019-08-29 09:04:32,960 [main] WARN  http.HttpRequestLog (HttpRequestLog.java:getRequestLog(97)) - Jetty request log can only be enabled using Log4j
2019-08-29 09:04:32,961 [main] INFO  http.HttpServer2 (HttpServer2.java:addGlobalFilter(975)) - Added global filter 'safety' (class=org.apache.hadoop.http.HttpServer2$QuotingInputFilter)
2019-08-29 09:04:32,962 [main] INFO  http.HttpServer2 (HttpServer2.java:addFilter(948)) - Added filter static_user_filter (class=org.apache.hadoop.http.lib.StaticUserWebFilter$StaticUserFilter) to context hddsDatanode
2019-08-29 09:04:32,962 [main] INFO  http.HttpServer2 (HttpServer2.java:addFilter(958)) - Added filter static_user_filter (class=org.apache.hadoop.http.lib.StaticUserWebFilter$StaticUserFilter) to context static
2019-08-29 09:04:32,962 [main] INFO  http.HttpServer2 (HttpServer2.java:addFilter(958)) - Added filter static_user_filter (class=org.apache.hadoop.http.lib.StaticUserWebFilter$StaticUserFilter) to context logs
2019-08-29 09:04:32,963 [main] INFO  http.HttpServer2 (HttpServer2.java:bindListener(1191)) - Jetty bound to port 40957
2019-08-29 09:04:32,963 [main] INFO  server.Server (Server.java:doStart(351)) - jetty-9.3.24.v20180605, build timestamp: 2018-06-05T17:11:56Z, git hash: 84205aa28f11a4f31f2a3b86d1bba2cc8ab69827
2019-08-29 09:04:32,965 [main] INFO  handler.ContextHandler (ContextHandler.java:doStart(781)) - Started o.e.j.s.ServletContextHandler@4e17442f{/logs,file:///workdir/hadoop-ozone/integration-test/target/log,AVAILABLE}
2019-08-29 09:04:32,965 [main] INFO  handler.ContextHandler (ContextHandler.java:doStart(781)) - Started o.e.j.s.ServletContextHandler@62e73ab6{/static,jar:file:/home/user/.m2/repository/org/apache/hadoop/hadoop-hdds-container-service/0.5.0-SNAPSHOT/hadoop-hdds-container-service-0.5.0-SNAPSHOT.jar!/webapps/static,AVAILABLE}
2019-08-29 09:04:32,998 [main] INFO  handler.ContextHandler (ContextHandler.java:doStart(781)) - Started o.e.j.w.WebAppContext@74c121d4{/,file:///tmp/jetty-0.0.0.0-40957-hddsDatanode-_-any-7441235209944710779.dir/webapp/,AVAILABLE}{/hddsDatanode}
2019-08-29 09:04:33,000 [main] INFO  server.AbstractConnector (AbstractConnector.java:doStart(278)) - Started ServerConnector@2a484710{HTTP/1.1,[http/1.1]}{0.0.0.0:40957}
2019-08-29 09:04:33,005 [main] INFO  server.Server (Server.java:doStart(419)) - Started @9251ms
2019-08-29 09:04:33,006 [main] INFO  server.BaseHttpServer (BaseHttpServer.java:updateConnectorAddress(213)) - HTTP server of HDDSDATANODE is listening at http://0.0.0.0:40957
2019-08-29 09:04:33,261 | INFO  | ObjectStoreRestHttpServer | Listening HDDS REST traffic on /0.0.0.0:33728 |  
2019-08-29 09:04:33,261 [main] INFO  ozone.HddsDatanodeService (HddsDatanodeService.java:startPlugins(395)) - Started plug-in org.apache.hadoop.ozone.web.OzoneHddsDatanodeService@32a8ca06
2019-08-29 09:04:33,262 [main] INFO  impl.MetricsSystemImpl (MetricsSystemImpl.java:init(158)) - HddsDatanode metrics system started (again)
2019-08-29 09:04:33,265 [org.apache.hadoop.util.JvmPauseMonitor$Monitor@6df4e1a6] INFO  util.JvmPauseMonitor (JvmPauseMonitor.java:run(188)) - Starting JVM pause monitor
2019-08-29 09:04:33,265 [main] INFO  ozone.HddsDatanodeService (HddsDatanodeService.java:start(184)) - HddsDatanodeService host:pr-hdds-1569-8vb5f-3135838959 ip:192.168.5.182
2019-08-29 09:04:33,267 [Datanode State Machine Thread - 0] INFO  datanode.InitDatanodeState (InitDatanodeState.java:persistContainerDatanodeDetails(140)) - DatanodeDetails is persisted to /workdir/hadoop-ozone/integration-test/target/test-dir/MiniOzoneClusterImpl-6dc80b5f-6925-4c5f-a4b1-e2b147e12e2e/datanode-5/meta/datanode.id
2019-08-29 09:04:33,275 [main] INFO  volume.HddsVolume (HddsVolume.java:<init>(176)) - Creating Volume: /workdir/hadoop-ozone/integration-test/target/test-dir/MiniOzoneClusterImpl-6dc80b5f-6925-4c5f-a4b1-e2b147e12e2e/datanode-6/data/containers/hdds of  storage type : DISK and capacity : 1482555576320
2019-08-29 09:04:33,275 [main] INFO  volume.VolumeSet (VolumeSet.java:initializeVolumeSet(170)) - Added Volume : /workdir/hadoop-ozone/integration-test/target/test-dir/MiniOzoneClusterImpl-6dc80b5f-6925-4c5f-a4b1-e2b147e12e2e/datanode-6/data/containers/hdds to VolumeSet
2019-08-29 09:04:33,275 [main] INFO  volume.ThrottledAsyncChecker (ThrottledAsyncChecker.java:schedule(140)) - Scheduling a check for org.apache.hadoop.ozone.container.common.volume.HddsVolume@7f5ce33e
2019-08-29 09:04:33,276 [main] INFO  volume.HddsVolumeChecker (HddsVolumeChecker.java:checkAllVolumes(203)) - Scheduled health check for volume org.apache.hadoop.ozone.container.common.volume.HddsVolume@7f5ce33e
2019-08-29 09:04:33,289 [main] INFO  impl.RaftServerProxy (ConfUtils.java:logGet(43)) - raft.rpc.type = GRPC (default)
2019-08-29 09:04:33,290 [main] INFO  grpc.GrpcFactory (GrpcFactory.java:checkPooledByteBufAllocatorUseCacheForAllThreads(45)) - PERFORMANCE WARNING: useCacheForAllThreads is true that may cause Netty to create a lot garbage objects and, as a result, trigger GC.
	It is recommended to disable useCacheForAllThreads by setting -Dorg.apache.ratis.thirdparty.io.netty.allocator.useCacheForAllThreads=false in command line.
2019-08-29 09:04:33,290 [main] INFO  grpc.GrpcConfigKeys$Server (ConfUtils.java:logGet(43)) - raft.grpc.server.port = 0 (default)
2019-08-29 09:04:33,290 [main] INFO  server.GrpcService (ConfUtils.java:logGet(43)) - raft.grpc.message.size.max = 33570816 (custom)
2019-08-29 09:04:33,291 [main] INFO  server.RaftServerConfigKeys (ConfUtils.java:logGet(43)) - raft.server.log.appender.buffer.byte-limit = 33554432 (custom)
2019-08-29 09:04:33,291 [main] INFO  server.GrpcService (ConfUtils.java:logGet(43)) - raft.grpc.flow.control.window = 1MB (=1048576) (default)
2019-08-29 09:04:33,291 [main] INFO  server.RaftServerConfigKeys (ConfUtils.java:logGet(43)) - raft.server.rpc.request.timeout = 3000ms (default)
2019-08-29 09:04:33,292 [main] INFO  server.RaftServerConfigKeys (ConfUtils.java:logGet(43)) - raft.server.storage.dir = [/workdir/hadoop-ozone/integration-test/target/test-dir/MiniOzoneClusterImpl-6dc80b5f-6925-4c5f-a4b1-e2b147e12e2e/datanode-6/data/ratis] (custom)
2019-08-29 09:04:33,292 [main] INFO  replication.SimpleContainerDownloader (SimpleContainerDownloader.java:<init>(72)) - Starting container downloader service to copy containers to replicate.
2019-08-29 09:04:33,293 [main] INFO  hdfs.DFSUtil (DFSUtil.java:httpServerTemplateForNNAndJN(1641)) - Starting Web-server for hddsDatanode at: http://0.0.0.0:0
2019-08-29 09:04:33,295 [main] INFO  server.AuthenticationFilter (AuthenticationFilter.java:constructSecretProvider(240)) - Unable to initialize FileSignerSecretProvider, falling back to use random secrets.
2019-08-29 09:04:33,295 [main] WARN  http.HttpRequestLog (HttpRequestLog.java:getRequestLog(97)) - Jetty request log can only be enabled using Log4j
2019-08-29 09:04:33,297 [main] INFO  http.HttpServer2 (HttpServer2.java:addGlobalFilter(975)) - Added global filter 'safety' (class=org.apache.hadoop.http.HttpServer2$QuotingInputFilter)
2019-08-29 09:04:33,297 [main] INFO  http.HttpServer2 (HttpServer2.java:addFilter(948)) - Added filter static_user_filter (class=org.apache.hadoop.http.lib.StaticUserWebFilter$StaticUserFilter) to context hddsDatanode
2019-08-29 09:04:33,298 [main] INFO  http.HttpServer2 (HttpServer2.java:addFilter(958)) - Added filter static_user_filter (class=org.apache.hadoop.http.lib.StaticUserWebFilter$StaticUserFilter) to context static
2019-08-29 09:04:33,298 [main] INFO  http.HttpServer2 (HttpServer2.java:addFilter(958)) - Added filter static_user_filter (class=org.apache.hadoop.http.lib.StaticUserWebFilter$StaticUserFilter) to context logs
2019-08-29 09:04:33,298 [main] INFO  http.HttpServer2 (HttpServer2.java:bindListener(1191)) - Jetty bound to port 44871
2019-08-29 09:04:33,299 [main] INFO  server.Server (Server.java:doStart(351)) - jetty-9.3.24.v20180605, build timestamp: 2018-06-05T17:11:56Z, git hash: 84205aa28f11a4f31f2a3b86d1bba2cc8ab69827
2019-08-29 09:04:33,300 [main] INFO  handler.ContextHandler (ContextHandler.java:doStart(781)) - Started o.e.j.s.ServletContextHandler@58164e9a{/logs,file:///workdir/hadoop-ozone/integration-test/target/log,AVAILABLE}
2019-08-29 09:04:33,301 [main] INFO  handler.ContextHandler (ContextHandler.java:doStart(781)) - Started o.e.j.s.ServletContextHandler@6a7a1a0d{/static,jar:file:/home/user/.m2/repository/org/apache/hadoop/hadoop-hdds-container-service/0.5.0-SNAPSHOT/hadoop-hdds-container-service-0.5.0-SNAPSHOT.jar!/webapps/static,AVAILABLE}
2019-08-29 09:04:33,329 [main] INFO  handler.ContextHandler (ContextHandler.java:doStart(781)) - Started o.e.j.w.WebAppContext@4ce267cc{/,file:///tmp/jetty-0.0.0.0-44871-hddsDatanode-_-any-8129019170753087215.dir/webapp/,AVAILABLE}{/hddsDatanode}
2019-08-29 09:04:33,329 [main] INFO  server.AbstractConnector (AbstractConnector.java:doStart(278)) - Started ServerConnector@2eebce87{HTTP/1.1,[http/1.1]}{0.0.0.0:44871}
2019-08-29 09:04:33,330 [main] INFO  server.Server (Server.java:doStart(419)) - Started @9577ms
2019-08-29 09:04:33,331 [main] INFO  server.BaseHttpServer (BaseHttpServer.java:updateConnectorAddress(213)) - HTTP server of HDDSDATANODE is listening at http://0.0.0.0:44871
2019-08-29 09:04:33,457 | INFO  | ObjectStoreRestHttpServer | Listening HDDS REST traffic on /0.0.0.0:36119 |  
2019-08-29 09:04:33,458 [main] INFO  ozone.HddsDatanodeService (HddsDatanodeService.java:startPlugins(395)) - Started plug-in org.apache.hadoop.ozone.web.OzoneHddsDatanodeService@ce561cc
2019-08-29 09:04:33,460 [main] INFO  ozone.MiniOzoneClusterImpl (MiniOzoneClusterImpl.java:lambda$waitForClusterToBeReady$0(142)) - Waiting for cluster to be ready. Got 0 of 7 DN Heartbeats.
2019-08-29 09:04:33,461 [org.apache.hadoop.util.JvmPauseMonitor$Monitor@25cca69c] INFO  util.JvmPauseMonitor (JvmPauseMonitor.java:run(188)) - Starting JVM pause monitor
2019-08-29 09:04:33,463 [Datanode State Machine Thread - 0] INFO  datanode.InitDatanodeState (InitDatanodeState.java:persistContainerDatanodeDetails(140)) - DatanodeDetails is persisted to /workdir/hadoop-ozone/integration-test/target/test-dir/MiniOzoneClusterImpl-6dc80b5f-6925-4c5f-a4b1-e2b147e12e2e/datanode-6/meta/datanode.id
2019-08-29 09:04:33,597 | INFO  | SCMAudit | user=jenkins1000 | ip=192.168.5.182 | op=GET_VERSION null | ret=SUCCESS |  
2019-08-29 09:04:33,763 [Datanode State Machine Thread - 0] INFO  ozoneimpl.OzoneContainer (OzoneContainer.java:start(186)) - Attempting to start container services.
2019-08-29 09:04:33,765 [Datanode State Machine Thread - 0] INFO  ozoneimpl.OzoneContainer (OzoneContainer.java:startContainerScrub(160)) - Background container scrubber has been disabled by hdds.containerscrub.enabled
2019-08-29 09:04:33,765 [Datanode State Machine Thread - 0] INFO  ratis.XceiverServerRatis (XceiverServerRatis.java:start(404)) - Starting XceiverServerRatis 87a9a438-f0b8-4b0f-a9b9-a9ad0ae17289 at port 0
2019-08-29 09:04:33,793 [Datanode State Machine Thread - 0] INFO  impl.RaftServerProxy (RaftServerProxy.java:lambda$start$3(299)) - 87a9a438-f0b8-4b0f-a9b9-a9ad0ae17289: start RPC server
2019-08-29 09:04:33,840 | INFO  | SCMAudit | user=jenkins1000 | ip=192.168.5.182 | op=GET_VERSION null | ret=SUCCESS |  
2019-08-29 09:04:33,855 [Datanode State Machine Thread - 0] INFO  ozoneimpl.OzoneContainer (OzoneContainer.java:start(186)) - Attempting to start container services.
2019-08-29 09:04:33,857 [Datanode State Machine Thread - 0] INFO  ozoneimpl.OzoneContainer (OzoneContainer.java:startContainerScrub(160)) - Background container scrubber has been disabled by hdds.containerscrub.enabled
2019-08-29 09:04:33,857 [Datanode State Machine Thread - 0] INFO  ratis.XceiverServerRatis (XceiverServerRatis.java:start(404)) - Starting XceiverServerRatis 521648c2-032b-4493-bcb7-c7d55e99ae6f at port 0
2019-08-29 09:04:33,865 [Datanode State Machine Thread - 0] INFO  impl.RaftServerProxy (RaftServerProxy.java:lambda$start$3(299)) - 521648c2-032b-4493-bcb7-c7d55e99ae6f: start RPC server
2019-08-29 09:04:33,930 [Datanode State Machine Thread - 0] INFO  server.GrpcService (GrpcService.java:startImpl(149)) - 87a9a438-f0b8-4b0f-a9b9-a9ad0ae17289: GrpcService started, listening on 0.0.0.0/0.0.0.0:45901
2019-08-29 09:04:33,930 [Datanode State Machine Thread - 0] INFO  server.GrpcService (GrpcService.java:startImpl(149)) - 521648c2-032b-4493-bcb7-c7d55e99ae6f: GrpcService started, listening on 0.0.0.0/0.0.0.0:34364
2019-08-29 09:04:33,931 [Datanode State Machine Thread - 0] INFO  ratis.XceiverServerRatis (XceiverServerRatis.java:start(414)) - XceiverServerRatis 87a9a438-f0b8-4b0f-a9b9-a9ad0ae17289 is started using port 45901
2019-08-29 09:04:33,931 [Datanode State Machine Thread - 0] INFO  ratis.XceiverServerRatis (XceiverServerRatis.java:start(414)) - XceiverServerRatis 521648c2-032b-4493-bcb7-c7d55e99ae6f is started using port 34364
2019-08-29 09:04:33,934 [Datanode State Machine Thread - 0] INFO  server.XceiverServerGrpc (XceiverServerGrpc.java:start(163)) - XceiverServerGrpc 87a9a438-f0b8-4b0f-a9b9-a9ad0ae17289 is started using port 36015
2019-08-29 09:04:33,934 [Datanode State Machine Thread - 0] INFO  server.XceiverServerGrpc (XceiverServerGrpc.java:start(163)) - XceiverServerGrpc 521648c2-032b-4493-bcb7-c7d55e99ae6f is started using port 36065
2019-08-29 09:04:34,071 | INFO  | SCMAudit | user=jenkins1000 | ip=192.168.5.182 | op=GET_VERSION null | ret=SUCCESS |  
2019-08-29 09:04:34,121 [Datanode State Machine Thread - 0] INFO  ozoneimpl.OzoneContainer (OzoneContainer.java:start(186)) - Attempting to start container services.
2019-08-29 09:04:34,126 [Datanode State Machine Thread - 0] INFO  ozoneimpl.OzoneContainer (OzoneContainer.java:startContainerScrub(160)) - Background container scrubber has been disabled by hdds.containerscrub.enabled
2019-08-29 09:04:34,126 [Datanode State Machine Thread - 0] INFO  ratis.XceiverServerRatis (XceiverServerRatis.java:start(404)) - Starting XceiverServerRatis 4b2a007c-1499-41ce-aa2f-1cc7d8e71cba at port 0
2019-08-29 09:04:34,134 [Datanode State Machine Thread - 0] INFO  impl.RaftServerProxy (RaftServerProxy.java:lambda$start$3(299)) - 4b2a007c-1499-41ce-aa2f-1cc7d8e71cba: start RPC server
2019-08-29 09:04:34,136 [Datanode State Machine Thread - 0] INFO  server.GrpcService (GrpcService.java:startImpl(149)) - 4b2a007c-1499-41ce-aa2f-1cc7d8e71cba: GrpcService started, listening on 0.0.0.0/0.0.0.0:38532
2019-08-29 09:04:34,136 [Datanode State Machine Thread - 0] INFO  ratis.XceiverServerRatis (XceiverServerRatis.java:start(414)) - XceiverServerRatis 4b2a007c-1499-41ce-aa2f-1cc7d8e71cba is started using port 38532
2019-08-29 09:04:34,138 [Datanode State Machine Thread - 0] INFO  server.XceiverServerGrpc (XceiverServerGrpc.java:start(163)) - XceiverServerGrpc 4b2a007c-1499-41ce-aa2f-1cc7d8e71cba is started using port 42534
2019-08-29 09:04:34,460 [main] INFO  ozone.MiniOzoneClusterImpl (MiniOzoneClusterImpl.java:lambda$waitForClusterToBeReady$0(142)) - Waiting for cluster to be ready. Got 0 of 7 DN Heartbeats.
2019-08-29 09:04:34,729 | INFO  | SCMAudit | user=jenkins1000 | ip=192.168.5.182 | op=GET_VERSION null | ret=SUCCESS |  
2019-08-29 09:04:34,752 [Datanode State Machine Thread - 0] INFO  ozoneimpl.OzoneContainer (OzoneContainer.java:start(186)) - Attempting to start container services.
2019-08-29 09:04:34,752 [Datanode State Machine Thread - 0] INFO  ozoneimpl.OzoneContainer (OzoneContainer.java:startContainerScrub(160)) - Background container scrubber has been disabled by hdds.containerscrub.enabled
2019-08-29 09:04:34,752 [Datanode State Machine Thread - 0] INFO  ratis.XceiverServerRatis (XceiverServerRatis.java:start(404)) - Starting XceiverServerRatis 7761e897-e175-44b8-b4a7-8686aa902baa at port 0
2019-08-29 09:04:34,759 [Datanode State Machine Thread - 0] INFO  impl.RaftServerProxy (RaftServerProxy.java:lambda$start$3(299)) - 7761e897-e175-44b8-b4a7-8686aa902baa: start RPC server
2019-08-29 09:04:34,764 [Datanode State Machine Thread - 0] INFO  server.GrpcService (GrpcService.java:startImpl(149)) - 7761e897-e175-44b8-b4a7-8686aa902baa: GrpcService started, listening on 0.0.0.0/0.0.0.0:43669
2019-08-29 09:04:34,765 [Datanode State Machine Thread - 0] INFO  ratis.XceiverServerRatis (XceiverServerRatis.java:start(414)) - XceiverServerRatis 7761e897-e175-44b8-b4a7-8686aa902baa is started using port 43669
2019-08-29 09:04:34,769 [Datanode State Machine Thread - 0] INFO  server.XceiverServerGrpc (XceiverServerGrpc.java:start(163)) - XceiverServerGrpc 7761e897-e175-44b8-b4a7-8686aa902baa is started using port 45427
2019-08-29 09:04:34,937 | INFO  | SCMAudit | user=jenkins1000 | ip=192.168.5.182 | op=GET_VERSION null | ret=SUCCESS |  
2019-08-29 09:04:34,943 [Datanode State Machine Thread - 0] INFO  ozoneimpl.OzoneContainer (OzoneContainer.java:start(186)) - Attempting to start container services.
2019-08-29 09:04:34,943 [Datanode State Machine Thread - 0] INFO  ozoneimpl.OzoneContainer (OzoneContainer.java:startContainerScrub(160)) - Background container scrubber has been disabled by hdds.containerscrub.enabled
2019-08-29 09:04:34,943 [Datanode State Machine Thread - 0] INFO  ratis.XceiverServerRatis (XceiverServerRatis.java:start(404)) - Starting XceiverServerRatis 91dd3489-61e8-4546-a3e3-8d2c03f678e3 at port 0
2019-08-29 09:04:34,950 [Datanode State Machine Thread - 0] INFO  impl.RaftServerProxy (RaftServerProxy.java:lambda$start$3(299)) - 91dd3489-61e8-4546-a3e3-8d2c03f678e3: start RPC server
2019-08-29 09:04:34,953 [Datanode State Machine Thread - 0] INFO  server.GrpcService (GrpcService.java:startImpl(149)) - 91dd3489-61e8-4546-a3e3-8d2c03f678e3: GrpcService started, listening on 0.0.0.0/0.0.0.0:41280
2019-08-29 09:04:34,954 [Datanode State Machine Thread - 0] INFO  ratis.XceiverServerRatis (XceiverServerRatis.java:start(414)) - XceiverServerRatis 91dd3489-61e8-4546-a3e3-8d2c03f678e3 is started using port 41280
2019-08-29 09:04:34,957 [Datanode State Machine Thread - 0] INFO  server.XceiverServerGrpc (XceiverServerGrpc.java:start(163)) - XceiverServerGrpc 91dd3489-61e8-4546-a3e3-8d2c03f678e3 is started using port 41501
2019-08-29 09:04:35,268 | INFO  | SCMAudit | user=jenkins1000 | ip=192.168.5.182 | op=GET_VERSION null | ret=SUCCESS |  
2019-08-29 09:04:35,287 [Datanode State Machine Thread - 0] INFO  ozoneimpl.OzoneContainer (OzoneContainer.java:start(186)) - Attempting to start container services.
2019-08-29 09:04:35,288 [Datanode State Machine Thread - 0] INFO  ozoneimpl.OzoneContainer (OzoneContainer.java:startContainerScrub(160)) - Background container scrubber has been disabled by hdds.containerscrub.enabled
2019-08-29 09:04:35,288 [Datanode State Machine Thread - 0] INFO  ratis.XceiverServerRatis (XceiverServerRatis.java:start(404)) - Starting XceiverServerRatis 006047d9-e06e-4717-89c6-6c98a2152bd9 at port 0
2019-08-29 09:04:35,292 [Datanode State Machine Thread - 0] INFO  impl.RaftServerProxy (RaftServerProxy.java:lambda$start$3(299)) - 006047d9-e06e-4717-89c6-6c98a2152bd9: start RPC server
2019-08-29 09:04:35,296 [Datanode State Machine Thread - 0] INFO  server.GrpcService (GrpcService.java:startImpl(149)) - 006047d9-e06e-4717-89c6-6c98a2152bd9: GrpcService started, listening on 0.0.0.0/0.0.0.0:40422
2019-08-29 09:04:35,297 [Datanode State Machine Thread - 0] INFO  ratis.XceiverServerRatis (XceiverServerRatis.java:start(414)) - XceiverServerRatis 006047d9-e06e-4717-89c6-6c98a2152bd9 is started using port 40422
2019-08-29 09:04:35,300 [Datanode State Machine Thread - 0] INFO  server.XceiverServerGrpc (XceiverServerGrpc.java:start(163)) - XceiverServerGrpc 006047d9-e06e-4717-89c6-6c98a2152bd9 is started using port 46577
2019-08-29 09:04:35,462 [main] INFO  ozone.MiniOzoneClusterImpl (MiniOzoneClusterImpl.java:lambda$waitForClusterToBeReady$0(142)) - Waiting for cluster to be ready. Got 0 of 7 DN Heartbeats.
2019-08-29 09:04:35,463 | INFO  | SCMAudit | user=jenkins1000 | ip=192.168.5.182 | op=GET_VERSION null | ret=SUCCESS |  
2019-08-29 09:04:35,520 [Datanode State Machine Thread - 0] INFO  ozoneimpl.OzoneContainer (OzoneContainer.java:start(186)) - Attempting to start container services.
2019-08-29 09:04:35,520 [Datanode State Machine Thread - 0] INFO  ozoneimpl.OzoneContainer (OzoneContainer.java:startContainerScrub(160)) - Background container scrubber has been disabled by hdds.containerscrub.enabled
2019-08-29 09:04:35,520 [Datanode State Machine Thread - 0] INFO  ratis.XceiverServerRatis (XceiverServerRatis.java:start(404)) - Starting XceiverServerRatis a27ef1f6-d80e-49dc-8aba-c653950ad4b4 at port 0
2019-08-29 09:04:35,525 [Datanode State Machine Thread - 0] INFO  impl.RaftServerProxy (RaftServerProxy.java:lambda$start$3(299)) - a27ef1f6-d80e-49dc-8aba-c653950ad4b4: start RPC server
2019-08-29 09:04:35,529 [Datanode State Machine Thread - 0] INFO  server.GrpcService (GrpcService.java:startImpl(149)) - a27ef1f6-d80e-49dc-8aba-c653950ad4b4: GrpcService started, listening on 0.0.0.0/0.0.0.0:33724
2019-08-29 09:04:35,530 [Datanode State Machine Thread - 0] INFO  ratis.XceiverServerRatis (XceiverServerRatis.java:start(414)) - XceiverServerRatis a27ef1f6-d80e-49dc-8aba-c653950ad4b4 is started using port 33724
2019-08-29 09:04:35,533 [Datanode State Machine Thread - 0] INFO  server.XceiverServerGrpc (XceiverServerGrpc.java:start(163)) - XceiverServerGrpc a27ef1f6-d80e-49dc-8aba-c653950ad4b4 is started using port 34355
2019-08-29 09:04:35,603 [IPC Server handler 9 on 39658] INFO  net.NetworkTopology (NetworkTopologyImpl.java:add(110)) - Added a new node: /default-rack/87a9a438-f0b8-4b0f-a9b9-a9ad0ae17289
2019-08-29 09:04:35,604 [IPC Server handler 9 on 39658] INFO  node.SCMNodeManager (SCMNodeManager.java:register(273)) - Registered Data node : 87a9a438-f0b8-4b0f-a9b9-a9ad0ae17289{ip: 192.168.5.182, host: pr-hdds-1569-8vb5f-3135838959, networkLocation: /default-rack, certSerialId: null}
2019-08-29 09:04:35,613 [EventQueue-NodeRegistrationContainerReportForDataNodeSafeModeRule] INFO  safemode.SCMSafeModeManager (DataNodeSafeModeRule.java:process(71)) - SCM in safe mode. 1 DataNodes registered, 1 required.
2019-08-29 09:04:35,613 [EventQueue-NodeRegistrationContainerReportForDataNodeSafeModeRule] INFO  safemode.SCMSafeModeManager (SCMSafeModeManager.java:validateSafeModeExitRules(177)) - ScmSafeModeManager, all rules are successfully validated
2019-08-29 09:04:35,614 [EventQueue-NodeRegistrationContainerReportForDataNodeSafeModeRule] INFO  safemode.SCMSafeModeManager (SCMSafeModeManager.java:exitSafeMode(193)) - SCM exiting safe mode.
2019-08-29 09:04:35,623 | INFO  | SCMAudit | user=jenkins1000 | ip=192.168.5.182 | op=REGISTER {datanodeDetails=87a9a438-f0b8-4b0f-a9b9-a9ad0ae17289{ip: 192.168.5.182, host: pr-hdds-1569-8vb5f-3135838959, networkLocation: /default-rack, certSerialId: null}} | ret=SUCCESS |  
2019-08-29 09:04:35,843 [IPC Server handler 12 on 39658] INFO  net.NetworkTopology (NetworkTopologyImpl.java:add(110)) - Added a new node: /default-rack/521648c2-032b-4493-bcb7-c7d55e99ae6f
2019-08-29 09:04:35,843 [IPC Server handler 12 on 39658] INFO  node.SCMNodeManager (SCMNodeManager.java:register(273)) - Registered Data node : 521648c2-032b-4493-bcb7-c7d55e99ae6f{ip: 192.168.5.182, host: pr-hdds-1569-8vb5f-3135838959, networkLocation: /default-rack, certSerialId: null}
2019-08-29 09:04:35,843 | INFO  | SCMAudit | user=jenkins1000 | ip=192.168.5.182 | op=REGISTER {datanodeDetails=521648c2-032b-4493-bcb7-c7d55e99ae6f{ip: 192.168.5.182, host: pr-hdds-1569-8vb5f-3135838959, networkLocation: /default-rack, certSerialId: null}} | ret=SUCCESS |  
2019-08-29 09:04:36,414 [IPC Server handler 11 on 39658] INFO  net.NetworkTopology (NetworkTopologyImpl.java:add(110)) - Added a new node: /default-rack/4b2a007c-1499-41ce-aa2f-1cc7d8e71cba
2019-08-29 09:04:36,415 [IPC Server handler 11 on 39658] INFO  node.SCMNodeManager (SCMNodeManager.java:register(273)) - Registered Data node : 4b2a007c-1499-41ce-aa2f-1cc7d8e71cba{ip: 192.168.5.182, host: pr-hdds-1569-8vb5f-3135838959, networkLocation: /default-rack, certSerialId: null}
2019-08-29 09:04:36,432 | INFO  | SCMAudit | user=jenkins1000 | ip=192.168.5.182 | op=REGISTER {datanodeDetails=4b2a007c-1499-41ce-aa2f-1cc7d8e71cba{ip: 192.168.5.182, host: pr-hdds-1569-8vb5f-3135838959, networkLocation: /default-rack, certSerialId: null}} | ret=SUCCESS |  
2019-08-29 09:04:36,463 [main] INFO  ozone.MiniOzoneClusterImpl (MiniOzoneClusterImpl.java:lambda$waitForClusterToBeReady$0(142)) - Waiting for cluster to be ready. Got 3 of 7 DN Heartbeats.
2019-08-29 09:04:36,625 [grpc-default-executor-0] INFO  impl.RaftServerProxy (RaftServerProxy.java:addNew(89)) - 87a9a438-f0b8-4b0f-a9b9-a9ad0ae17289: addNew group-93DCE2175C84:[87a9a438-f0b8-4b0f-a9b9-a9ad0ae17289:192.168.5.182:45901] returns group-93DCE2175C84:java.util.concurrent.CompletableFuture@20c02304[Not completed]
2019-08-29 09:04:36,640 [pool-27-thread-1] INFO  impl.RaftServerImpl (RaftServerImpl.java:<init>(93)) - 87a9a438-f0b8-4b0f-a9b9-a9ad0ae17289: new RaftServerImpl for group-93DCE2175C84:[87a9a438-f0b8-4b0f-a9b9-a9ad0ae17289:192.168.5.182:45901] with ContainerStateMachine:uninitialized
2019-08-29 09:04:36,642 [pool-27-thread-1] INFO  server.RaftServerConfigKeys (ConfUtils.java:logGet(43)) - raft.server.rpc.timeout.min = 5s (custom)
2019-08-29 09:04:36,643 [pool-27-thread-1] INFO  server.RaftServerConfigKeys (ConfUtils.java:logGet(43)) - raft.server.rpc.timeout.max = 5200ms (custom)
2019-08-29 09:04:36,643 [pool-27-thread-1] INFO  server.RaftServerConfigKeys (ConfUtils.java:logGet(43)) - raft.server.rpcslowness.timeout = 120s (custom)
2019-08-29 09:04:36,644 [pool-27-thread-1] INFO  server.RaftServerConfigKeys (ConfUtils.java:logGet(43)) - raft.server.sleep.deviation.threshold = 300 (default)
2019-08-29 09:04:36,644 [pool-27-thread-1] INFO  server.RaftServerConfigKeys (ConfUtils.java:logGet(43)) - raft.server.log.appender.install.snapshot.enabled = false (custom)
2019-08-29 09:04:36,650 [pool-27-thread-1] INFO  impl.RaftServerImpl (ServerState.java:<init>(105)) - 87a9a438-f0b8-4b0f-a9b9-a9ad0ae17289:group-93DCE2175C84 ConfigurationManager, init=-1: [87a9a438-f0b8-4b0f-a9b9-a9ad0ae17289:192.168.5.182:45901], old=null, confs=<EMPTY_MAP>
2019-08-29 09:04:36,650 [pool-27-thread-1] INFO  server.RaftServerConfigKeys (ConfUtils.java:logGet(43)) - raft.server.storage.dir = [/workdir/hadoop-ozone/integration-test/target/test-dir/MiniOzoneClusterImpl-6dc80b5f-6925-4c5f-a4b1-e2b147e12e2e/datanode-0/data/ratis] (custom)
2019-08-29 09:04:36,656 [pool-27-thread-1] INFO  storage.RaftStorageDirectory (RaftStorageDirectory.java:analyzeStorage(246)) - The storage directory /workdir/hadoop-ozone/integration-test/target/test-dir/MiniOzoneClusterImpl-6dc80b5f-6925-4c5f-a4b1-e2b147e12e2e/datanode-0/data/ratis/1202b288-6d97-4b99-b3f5-93dce2175c84 does not exist. Creating ...
2019-08-29 09:04:36,680 [pool-27-thread-1] INFO  storage.RaftStorageDirectory (RaftStorageDirectory.java:tryLock(328)) - Lock on /workdir/hadoop-ozone/integration-test/target/test-dir/MiniOzoneClusterImpl-6dc80b5f-6925-4c5f-a4b1-e2b147e12e2e/datanode-0/data/ratis/1202b288-6d97-4b99-b3f5-93dce2175c84/in_use.lock acquired by nodename 10121@pr-hdds-1569-8vb5f-3135838959
2019-08-29 09:04:36,699 [pool-27-thread-1] INFO  storage.RaftStorage (RaftStorage.java:format(72)) - Storage directory /workdir/hadoop-ozone/integration-test/target/test-dir/MiniOzoneClusterImpl-6dc80b5f-6925-4c5f-a4b1-e2b147e12e2e/datanode-0/data/ratis/1202b288-6d97-4b99-b3f5-93dce2175c84 has been successfully formatted.
2019-08-29 09:04:36,701 [pool-27-thread-1] INFO  ratis.ContainerStateMachine (ContainerStateMachine.java:loadSnapshot(226)) - group-93DCE2175C84: The snapshot info is null. Setting the last applied indexto:(t:0, i:~)
2019-08-29 09:04:36,701 [pool-27-thread-1] INFO  server.RaftServerConfigKeys (ConfUtils.java:logGet(43)) - raft.server.leader.election.timeout = 120s (custom)
2019-08-29 09:04:36,703 [pool-27-thread-1] INFO  server.RaftServerConfigKeys (ConfUtils.java:logGet(43)) - raft.server.log.use.memory = false (default)
2019-08-29 09:04:36,707 [pool-27-thread-1] INFO  server.RaftServerConfigKeys (ConfUtils.java:logGet(43)) - raft.server.log.purge.gap = 1000000 (custom)
2019-08-29 09:04:36,708 [pool-27-thread-1] INFO  server.RaftServerConfigKeys (ConfUtils.java:logGet(43)) - raft.server.log.appender.buffer.byte-limit = 33554432 (custom)
2019-08-29 09:04:36,709 [pool-27-thread-1] INFO  server.RaftServerConfigKeys (ConfUtils.java:logGet(43)) - raft.server.log.segment.size.max = 1048576 (custom)
2019-08-29 09:04:36,713 [pool-27-thread-1] INFO  server.RaftServerConfigKeys (ConfUtils.java:logGet(43)) - raft.server.log.segment.cache.num.max = 2 (custom)
2019-08-29 09:04:36,717 [pool-27-thread-1] INFO  segmented.SegmentedRaftLogWorker (SegmentedRaftLogWorker.java:<init>(172)) - new 87a9a438-f0b8-4b0f-a9b9-a9ad0ae17289-SegmentedRaftLogWorker:Storage Directory /workdir/hadoop-ozone/integration-test/target/test-dir/MiniOzoneClusterImpl-6dc80b5f-6925-4c5f-a4b1-e2b147e12e2e/datanode-0/data/ratis/1202b288-6d97-4b99-b3f5-93dce2175c84 for RaftStorage:Storage Directory /workdir/hadoop-ozone/integration-test/target/test-dir/MiniOzoneClusterImpl-6dc80b5f-6925-4c5f-a4b1-e2b147e12e2e/datanode-0/data/ratis/1202b288-6d97-4b99-b3f5-93dce2175c84
2019-08-29 09:04:36,727 [pool-27-thread-1] INFO  server.RaftServerConfigKeys (ConfUtils.java:logGet(43)) - raft.server.log.queue.byte-limit = 2147483647 (custom)
2019-08-29 09:04:36,730 [pool-27-thread-1] INFO  server.RaftServerConfigKeys (ConfUtils.java:logGet(43)) - raft.server.log.queue.element-limit = 1024 (custom)
2019-08-29 09:04:36,731 [IPC Server handler 12 on 39658] INFO  net.NetworkTopology (NetworkTopologyImpl.java:add(110)) - Added a new node: /default-rack/7761e897-e175-44b8-b4a7-8686aa902baa
2019-08-29 09:04:36,733 [IPC Server handler 12 on 39658] INFO  node.SCMNodeManager (SCMNodeManager.java:register(273)) - Registered Data node : 7761e897-e175-44b8-b4a7-8686aa902baa{ip: 192.168.5.182, host: pr-hdds-1569-8vb5f-3135838959, networkLocation: /default-rack, certSerialId: null}
2019-08-29 09:04:36,733 | INFO  | SCMAudit | user=jenkins1000 | ip=192.168.5.182 | op=REGISTER {datanodeDetails=7761e897-e175-44b8-b4a7-8686aa902baa{ip: 192.168.5.182, host: pr-hdds-1569-8vb5f-3135838959, networkLocation: /default-rack, certSerialId: null}} | ret=SUCCESS |  
2019-08-29 09:04:36,736 [pool-27-thread-1] INFO  server.RaftServerConfigKeys (ConfUtils.java:logGet(43)) - raft.server.log.segment.size.max = 1048576 (custom)
2019-08-29 09:04:36,736 [pool-27-thread-1] INFO  server.RaftServerConfigKeys (ConfUtils.java:logGet(43)) - raft.server.log.preallocated.size = 16384 (custom)
2019-08-29 09:04:36,737 [pool-27-thread-1] INFO  server.RaftServerConfigKeys (ConfUtils.java:logGet(43)) - raft.server.log.write.buffer.size = 33554432 (custom)
2019-08-29 09:04:36,737 [pool-27-thread-1] INFO  server.RaftServerConfigKeys (ConfUtils.java:logGet(43)) - raft.server.log.force.sync.num = 128 (default)
2019-08-29 09:04:36,738 [pool-27-thread-1] INFO  server.RaftServerConfigKeys (ConfUtils.java:logGet(43)) - raft.server.log.statemachine.data.sync = true (default)
2019-08-29 09:04:36,738 [pool-27-thread-1] INFO  server.RaftServerConfigKeys (ConfUtils.java:logGet(43)) - raft.server.log.statemachine.data.sync.timeout = 10s (default)
2019-08-29 09:04:36,740 [pool-27-thread-1] INFO  server.RaftServerConfigKeys (ConfUtils.java:logGet(43)) - raft.server.log.statemachine.data.sync.timeout.retry = -1 (default)
2019-08-29 09:04:36,753 [pool-27-thread-1] INFO  server.RaftServerConfigKeys (ConfUtils.java:logGet(43)) - raft.server.log.statemachine.data.caching.enabled = true (custom)
2019-08-29 09:04:36,759 [pool-27-thread-1] INFO  segmented.SegmentedRaftLogWorker (SegmentedRaftLogWorker.java:lambda$new$0(132)) - 87a9a438-f0b8-4b0f-a9b9-a9ad0ae17289-SegmentedRaftLogWorker:Storage Directory /workdir/hadoop-ozone/integration-test/target/test-dir/MiniOzoneClusterImpl-6dc80b5f-6925-4c5f-a4b1-e2b147e12e2e/datanode-0/data/ratis/1202b288-6d97-4b99-b3f5-93dce2175c84: flushIndex: setUnconditionally 0 -> -1
2019-08-29 09:04:36,765 [pool-27-thread-1] INFO  server.RaftServerConfigKeys (ConfUtils.java:logGet(43)) - raft.server.snapshot.auto.trigger.enabled = true (custom)
2019-08-29 09:04:36,766 [pool-27-thread-1] INFO  server.RaftServerConfigKeys (ConfUtils.java:logGet(43)) - raft.server.snapshot.auto.trigger.threshold = 10000 (custom)
2019-08-29 09:04:36,767 [pool-27-thread-1] INFO  server.RaftServerConfigKeys (ConfUtils.java:logGet(43)) - raft.server.retrycache.expirytime = 600000ms (custom)
2019-08-29 09:04:36,794 [pool-27-thread-1] INFO  impl.RaftServerImpl (RaftServerImpl.java:start(180)) - 87a9a438-f0b8-4b0f-a9b9-a9ad0ae17289: start group-93DCE2175C84
2019-08-29 09:04:36,796 [pool-27-thread-1] INFO  impl.RaftServerImpl (RaftServerImpl.java:setRole(171)) - 87a9a438-f0b8-4b0f-a9b9-a9ad0ae17289:group-93DCE2175C84 changes role from null to FOLLOWER at term 0 for startAsFollower
2019-08-29 09:04:36,797 [pool-27-thread-1] INFO  impl.RoleInfo (RoleInfo.java:updateAndGet(143)) - 87a9a438-f0b8-4b0f-a9b9-a9ad0ae17289: start FollowerState
2019-08-29 09:04:36,800 [pool-27-thread-1] INFO  util.JmxRegister (JmxRegister.java:tryRegister(44)) - Successfully registered JMX Bean with object name Ratis:service=RaftServer,group=group-93DCE2175C84,id=87a9a438-f0b8-4b0f-a9b9-a9ad0ae17289
2019-08-29 09:04:36,859 [RatisPipelineUtilsThread] INFO  pipeline.PipelineStateManager (PipelineStateManager.java:addPipeline(56)) - Created pipeline Pipeline[ Id: 1202b288-6d97-4b99-b3f5-93dce2175c84, Nodes: 87a9a438-f0b8-4b0f-a9b9-a9ad0ae17289{ip: 192.168.5.182, host: pr-hdds-1569-8vb5f-3135838959, networkLocation: /default-rack, certSerialId: null}, Type:RATIS, Factor:ONE, State:OPEN]
2019-08-29 09:04:36,888 [grpc-default-executor-0] INFO  impl.RaftServerProxy (RaftServerProxy.java:addNew(89)) - 7761e897-e175-44b8-b4a7-8686aa902baa: addNew group-742A7FD73591:[7761e897-e175-44b8-b4a7-8686aa902baa:192.168.5.182:43669] returns group-742A7FD73591:java.util.concurrent.CompletableFuture@11d2e202[Not completed]
2019-08-29 09:04:36,935 [pool-60-thread-1] INFO  impl.RaftServerImpl (RaftServerImpl.java:<init>(93)) - 7761e897-e175-44b8-b4a7-8686aa902baa: new RaftServerImpl for group-742A7FD73591:[7761e897-e175-44b8-b4a7-8686aa902baa:192.168.5.182:43669] with ContainerStateMachine:uninitialized
2019-08-29 09:04:36,936 [pool-60-thread-1] INFO  server.RaftServerConfigKeys (ConfUtils.java:logGet(43)) - raft.server.rpc.timeout.min = 5s (custom)
2019-08-29 09:04:36,936 [pool-60-thread-1] INFO  server.RaftServerConfigKeys (ConfUtils.java:logGet(43)) - raft.server.rpc.timeout.max = 5200ms (custom)
2019-08-29 09:04:36,936 [pool-60-thread-1] INFO  server.RaftServerConfigKeys (ConfUtils.java:logGet(43)) - raft.server.rpcslowness.timeout = 120s (custom)
2019-08-29 09:04:36,936 [pool-60-thread-1] INFO  server.RaftServerConfigKeys (ConfUtils.java:logGet(43)) - raft.server.sleep.deviation.threshold = 300 (default)
2019-08-29 09:04:36,936 [pool-60-thread-1] INFO  server.RaftServerConfigKeys (ConfUtils.java:logGet(43)) - raft.server.log.appender.install.snapshot.enabled = false (custom)
2019-08-29 09:04:36,937 [pool-60-thread-1] INFO  impl.RaftServerImpl (ServerState.java:<init>(105)) - 7761e897-e175-44b8-b4a7-8686aa902baa:group-742A7FD73591 ConfigurationManager, init=-1: [7761e897-e175-44b8-b4a7-8686aa902baa:192.168.5.182:43669], old=null, confs=<EMPTY_MAP>
2019-08-29 09:04:36,938 [pool-60-thread-1] INFO  server.RaftServerConfigKeys (ConfUtils.java:logGet(43)) - raft.server.storage.dir = [/workdir/hadoop-ozone/integration-test/target/test-dir/MiniOzoneClusterImpl-6dc80b5f-6925-4c5f-a4b1-e2b147e12e2e/datanode-3/data/ratis] (custom)
2019-08-29 09:04:36,938 [pool-60-thread-1] INFO  storage.RaftStorageDirectory (RaftStorageDirectory.java:analyzeStorage(246)) - The storage directory /workdir/hadoop-ozone/integration-test/target/test-dir/MiniOzoneClusterImpl-6dc80b5f-6925-4c5f-a4b1-e2b147e12e2e/datanode-3/data/ratis/96bab121-80d1-47a1-821e-742a7fd73591 does not exist. Creating ...
2019-08-29 09:04:36,940 [IPC Server handler 10 on 39658] INFO  net.NetworkTopology (NetworkTopologyImpl.java:add(110)) - Added a new node: /default-rack/91dd3489-61e8-4546-a3e3-8d2c03f678e3
2019-08-29 09:04:36,940 [IPC Server handler 10 on 39658] INFO  node.SCMNodeManager (SCMNodeManager.java:register(273)) - Registered Data node : 91dd3489-61e8-4546-a3e3-8d2c03f678e3{ip: 192.168.5.182, host: pr-hdds-1569-8vb5f-3135838959, networkLocation: /default-rack, certSerialId: null}
2019-08-29 09:04:36,940 | INFO  | SCMAudit | user=jenkins1000 | ip=192.168.5.182 | op=REGISTER {datanodeDetails=91dd3489-61e8-4546-a3e3-8d2c03f678e3{ip: 192.168.5.182, host: pr-hdds-1569-8vb5f-3135838959, networkLocation: /default-rack, certSerialId: null}} | ret=SUCCESS |  
2019-08-29 09:04:36,954 [pool-60-thread-1] INFO  storage.RaftStorageDirectory (RaftStorageDirectory.java:tryLock(328)) - Lock on /workdir/hadoop-ozone/integration-test/target/test-dir/MiniOzoneClusterImpl-6dc80b5f-6925-4c5f-a4b1-e2b147e12e2e/datanode-3/data/ratis/96bab121-80d1-47a1-821e-742a7fd73591/in_use.lock acquired by nodename 10121@pr-hdds-1569-8vb5f-3135838959
2019-08-29 09:04:36,975 [pool-60-thread-1] INFO  storage.RaftStorage (RaftStorage.java:format(72)) - Storage directory /workdir/hadoop-ozone/integration-test/target/test-dir/MiniOzoneClusterImpl-6dc80b5f-6925-4c5f-a4b1-e2b147e12e2e/datanode-3/data/ratis/96bab121-80d1-47a1-821e-742a7fd73591 has been successfully formatted.
2019-08-29 09:04:36,977 [pool-60-thread-1] INFO  ratis.ContainerStateMachine (ContainerStateMachine.java:loadSnapshot(226)) - group-742A7FD73591: The snapshot info is null. Setting the last applied indexto:(t:0, i:~)
2019-08-29 09:04:36,978 [pool-60-thread-1] INFO  server.RaftServerConfigKeys (ConfUtils.java:logGet(43)) - raft.server.leader.election.timeout = 120s (custom)
2019-08-29 09:04:36,979 [pool-60-thread-1] INFO  server.RaftServerConfigKeys (ConfUtils.java:logGet(43)) - raft.server.log.use.memory = false (default)
2019-08-29 09:04:36,979 [pool-60-thread-1] INFO  server.RaftServerConfigKeys (ConfUtils.java:logGet(43)) - raft.server.log.purge.gap = 1000000 (custom)
2019-08-29 09:04:36,979 [pool-60-thread-1] INFO  server.RaftServerConfigKeys (ConfUtils.java:logGet(43)) - raft.server.log.appender.buffer.byte-limit = 33554432 (custom)
2019-08-29 09:04:36,979 [pool-60-thread-1] INFO  server.RaftServerConfigKeys (ConfUtils.java:logGet(43)) - raft.server.log.segment.size.max = 1048576 (custom)
2019-08-29 09:04:36,979 [pool-60-thread-1] INFO  server.RaftServerConfigKeys (ConfUtils.java:logGet(43)) - raft.server.log.segment.cache.num.max = 2 (custom)
2019-08-29 09:04:36,979 [pool-60-thread-1] INFO  segmented.SegmentedRaftLogWorker (SegmentedRaftLogWorker.java:<init>(172)) - new 7761e897-e175-44b8-b4a7-8686aa902baa-SegmentedRaftLogWorker:Storage Directory /workdir/hadoop-ozone/integration-test/target/test-dir/MiniOzoneClusterImpl-6dc80b5f-6925-4c5f-a4b1-e2b147e12e2e/datanode-3/data/ratis/96bab121-80d1-47a1-821e-742a7fd73591 for RaftStorage:Storage Directory /workdir/hadoop-ozone/integration-test/target/test-dir/MiniOzoneClusterImpl-6dc80b5f-6925-4c5f-a4b1-e2b147e12e2e/datanode-3/data/ratis/96bab121-80d1-47a1-821e-742a7fd73591
2019-08-29 09:04:36,981 [pool-60-thread-1] INFO  server.RaftServerConfigKeys (ConfUtils.java:logGet(43)) - raft.server.log.queue.byte-limit = 2147483647 (custom)
2019-08-29 09:04:36,981 [pool-60-thread-1] INFO  server.RaftServerConfigKeys (ConfUtils.java:logGet(43)) - raft.server.log.queue.element-limit = 1024 (custom)
2019-08-29 09:04:36,981 [pool-60-thread-1] INFO  server.RaftServerConfigKeys (ConfUtils.java:logGet(43)) - raft.server.log.segment.size.max = 1048576 (custom)
2019-08-29 09:04:36,981 [pool-60-thread-1] INFO  server.RaftServerConfigKeys (ConfUtils.java:logGet(43)) - raft.server.log.preallocated.size = 16384 (custom)
2019-08-29 09:04:36,981 [pool-60-thread-1] INFO  server.RaftServerConfigKeys (ConfUtils.java:logGet(43)) - raft.server.log.write.buffer.size = 33554432 (custom)
2019-08-29 09:04:36,982 [pool-60-thread-1] INFO  server.RaftServerConfigKeys (ConfUtils.java:logGet(43)) - raft.server.log.force.sync.num = 128 (default)
2019-08-29 09:04:36,982 [pool-60-thread-1] INFO  server.RaftServerConfigKeys (ConfUtils.java:logGet(43)) - raft.server.log.statemachine.data.sync = true (default)
2019-08-29 09:04:36,982 [pool-60-thread-1] INFO  server.RaftServerConfigKeys (ConfUtils.java:logGet(43)) - raft.server.log.statemachine.data.sync.timeout = 10s (default)
2019-08-29 09:04:36,982 [pool-60-thread-1] INFO  server.RaftServerConfigKeys (ConfUtils.java:logGet(43)) - raft.server.log.statemachine.data.sync.timeout.retry = -1 (default)
2019-08-29 09:04:36,982 [pool-60-thread-1] INFO  server.RaftServerConfigKeys (ConfUtils.java:logGet(43)) - raft.server.log.statemachine.data.caching.enabled = true (custom)
2019-08-29 09:04:36,983 [pool-60-thread-1] INFO  segmented.SegmentedRaftLogWorker (SegmentedRaftLogWorker.java:lambda$new$0(132)) - 7761e897-e175-44b8-b4a7-8686aa902baa-SegmentedRaftLogWorker:Storage Directory /workdir/hadoop-ozone/integration-test/target/test-dir/MiniOzoneClusterImpl-6dc80b5f-6925-4c5f-a4b1-e2b147e12e2e/datanode-3/data/ratis/96bab121-80d1-47a1-821e-742a7fd73591: flushIndex: setUnconditionally 0 -> -1
2019-08-29 09:04:36,983 [pool-60-thread-1] INFO  server.RaftServerConfigKeys (ConfUtils.java:logGet(43)) - raft.server.snapshot.auto.trigger.enabled = true (custom)
2019-08-29 09:04:36,983 [pool-60-thread-1] INFO  server.RaftServerConfigKeys (ConfUtils.java:logGet(43)) - raft.server.snapshot.auto.trigger.threshold = 10000 (custom)
2019-08-29 09:04:36,983 [pool-60-thread-1] INFO  server.RaftServerConfigKeys (ConfUtils.java:logGet(43)) - raft.server.retrycache.expirytime = 600000ms (custom)
2019-08-29 09:04:36,984 [pool-60-thread-1] INFO  impl.RaftServerImpl (RaftServerImpl.java:start(180)) - 7761e897-e175-44b8-b4a7-8686aa902baa: start group-742A7FD73591
2019-08-29 09:04:36,984 [pool-60-thread-1] INFO  impl.RaftServerImpl (RaftServerImpl.java:setRole(171)) - 7761e897-e175-44b8-b4a7-8686aa902baa:group-742A7FD73591 changes role from null to FOLLOWER at term 0 for startAsFollower
2019-08-29 09:04:36,984 [pool-60-thread-1] INFO  impl.RoleInfo (RoleInfo.java:updateAndGet(143)) - 7761e897-e175-44b8-b4a7-8686aa902baa: start FollowerState
2019-08-29 09:04:36,985 [pool-60-thread-1] INFO  util.JmxRegister (JmxRegister.java:tryRegister(44)) - Successfully registered JMX Bean with object name Ratis:service=RaftServer,group=group-742A7FD73591,id=7761e897-e175-44b8-b4a7-8686aa902baa
2019-08-29 09:04:37,000 [RatisPipelineUtilsThread] INFO  pipeline.PipelineStateManager (PipelineStateManager.java:addPipeline(56)) - Created pipeline Pipeline[ Id: 96bab121-80d1-47a1-821e-742a7fd73591, Nodes: 7761e897-e175-44b8-b4a7-8686aa902baa{ip: 192.168.5.182, host: pr-hdds-1569-8vb5f-3135838959, networkLocation: /default-rack, certSerialId: null}, Type:RATIS, Factor:ONE, State:OPEN]
2019-08-29 09:04:37,023 [grpc-default-executor-0] INFO  impl.RaftServerProxy (RaftServerProxy.java:addNew(89)) - 91dd3489-61e8-4546-a3e3-8d2c03f678e3: addNew group-A5B4D1DE75FC:[91dd3489-61e8-4546-a3e3-8d2c03f678e3:192.168.5.182:41280] returns group-A5B4D1DE75FC:java.util.concurrent.CompletableFuture@22ab160f[Not completed]
2019-08-29 09:04:37,035 [pool-71-thread-1] INFO  impl.RaftServerImpl (RaftServerImpl.java:<init>(93)) - 91dd3489-61e8-4546-a3e3-8d2c03f678e3: new RaftServerImpl for group-A5B4D1DE75FC:[91dd3489-61e8-4546-a3e3-8d2c03f678e3:192.168.5.182:41280] with ContainerStateMachine:uninitialized
2019-08-29 09:04:37,036 [pool-71-thread-1] INFO  server.RaftServerConfigKeys (ConfUtils.java:logGet(43)) - raft.server.rpc.timeout.min = 5s (custom)
2019-08-29 09:04:37,036 [pool-71-thread-1] INFO  server.RaftServerConfigKeys (ConfUtils.java:logGet(43)) - raft.server.rpc.timeout.max = 5200ms (custom)
2019-08-29 09:04:37,036 [pool-71-thread-1] INFO  server.RaftServerConfigKeys (ConfUtils.java:logGet(43)) - raft.server.rpcslowness.timeout = 120s (custom)
2019-08-29 09:04:37,036 [pool-71-thread-1] INFO  server.RaftServerConfigKeys (ConfUtils.java:logGet(43)) - raft.server.sleep.deviation.threshold = 300 (default)
2019-08-29 09:04:37,036 [pool-71-thread-1] INFO  server.RaftServerConfigKeys (ConfUtils.java:logGet(43)) - raft.server.log.appender.install.snapshot.enabled = false (custom)
2019-08-29 09:04:37,036 [pool-71-thread-1] INFO  impl.RaftServerImpl (ServerState.java:<init>(105)) - 91dd3489-61e8-4546-a3e3-8d2c03f678e3:group-A5B4D1DE75FC ConfigurationManager, init=-1: [91dd3489-61e8-4546-a3e3-8d2c03f678e3:192.168.5.182:41280], old=null, confs=<EMPTY_MAP>
2019-08-29 09:04:37,037 [pool-71-thread-1] INFO  server.RaftServerConfigKeys (ConfUtils.java:logGet(43)) - raft.server.storage.dir = [/workdir/hadoop-ozone/integration-test/target/test-dir/MiniOzoneClusterImpl-6dc80b5f-6925-4c5f-a4b1-e2b147e12e2e/datanode-4/data/ratis] (custom)
2019-08-29 09:04:37,037 [pool-71-thread-1] INFO  storage.RaftStorageDirectory (RaftStorageDirectory.java:analyzeStorage(246)) - The storage directory /workdir/hadoop-ozone/integration-test/target/test-dir/MiniOzoneClusterImpl-6dc80b5f-6925-4c5f-a4b1-e2b147e12e2e/datanode-4/data/ratis/45568174-e66a-45d0-b91e-a5b4d1de75fc does not exist. Creating ...
2019-08-29 09:04:37,050 [pool-71-thread-1] INFO  storage.RaftStorageDirectory (RaftStorageDirectory.java:tryLock(328)) - Lock on /workdir/hadoop-ozone/integration-test/target/test-dir/MiniOzoneClusterImpl-6dc80b5f-6925-4c5f-a4b1-e2b147e12e2e/datanode-4/data/ratis/45568174-e66a-45d0-b91e-a5b4d1de75fc/in_use.lock acquired by nodename 10121@pr-hdds-1569-8vb5f-3135838959
2019-08-29 09:04:37,063 [pool-71-thread-1] INFO  storage.RaftStorage (RaftStorage.java:format(72)) - Storage directory /workdir/hadoop-ozone/integration-test/target/test-dir/MiniOzoneClusterImpl-6dc80b5f-6925-4c5f-a4b1-e2b147e12e2e/datanode-4/data/ratis/45568174-e66a-45d0-b91e-a5b4d1de75fc has been successfully formatted.
2019-08-29 09:04:37,064 [pool-71-thread-1] INFO  ratis.ContainerStateMachine (ContainerStateMachine.java:loadSnapshot(226)) - group-A5B4D1DE75FC: The snapshot info is null. Setting the last applied indexto:(t:0, i:~)
2019-08-29 09:04:37,064 [pool-71-thread-1] INFO  server.RaftServerConfigKeys (ConfUtils.java:logGet(43)) - raft.server.leader.election.timeout = 120s (custom)
2019-08-29 09:04:37,064 [pool-71-thread-1] INFO  server.RaftServerConfigKeys (ConfUtils.java:logGet(43)) - raft.server.log.use.memory = false (default)
2019-08-29 09:04:37,064 [pool-71-thread-1] INFO  server.RaftServerConfigKeys (ConfUtils.java:logGet(43)) - raft.server.log.purge.gap = 1000000 (custom)
2019-08-29 09:04:37,064 [pool-71-thread-1] INFO  server.RaftServerConfigKeys (ConfUtils.java:logGet(43)) - raft.server.log.appender.buffer.byte-limit = 33554432 (custom)
2019-08-29 09:04:37,064 [pool-71-thread-1] INFO  server.RaftServerConfigKeys (ConfUtils.java:logGet(43)) - raft.server.log.segment.size.max = 1048576 (custom)
2019-08-29 09:04:37,064 [pool-71-thread-1] INFO  server.RaftServerConfigKeys (ConfUtils.java:logGet(43)) - raft.server.log.segment.cache.num.max = 2 (custom)
2019-08-29 09:04:37,065 [pool-71-thread-1] INFO  segmented.SegmentedRaftLogWorker (SegmentedRaftLogWorker.java:<init>(172)) - new 91dd3489-61e8-4546-a3e3-8d2c03f678e3-SegmentedRaftLogWorker:Storage Directory /workdir/hadoop-ozone/integration-test/target/test-dir/MiniOzoneClusterImpl-6dc80b5f-6925-4c5f-a4b1-e2b147e12e2e/datanode-4/data/ratis/45568174-e66a-45d0-b91e-a5b4d1de75fc for RaftStorage:Storage Directory /workdir/hadoop-ozone/integration-test/target/test-dir/MiniOzoneClusterImpl-6dc80b5f-6925-4c5f-a4b1-e2b147e12e2e/datanode-4/data/ratis/45568174-e66a-45d0-b91e-a5b4d1de75fc
2019-08-29 09:04:37,065 [pool-71-thread-1] INFO  server.RaftServerConfigKeys (ConfUtils.java:logGet(43)) - raft.server.log.queue.byte-limit = 2147483647 (custom)
2019-08-29 09:04:37,065 [pool-71-thread-1] INFO  server.RaftServerConfigKeys (ConfUtils.java:logGet(43)) - raft.server.log.queue.element-limit = 1024 (custom)
2019-08-29 09:04:37,065 [pool-71-thread-1] INFO  server.RaftServerConfigKeys (ConfUtils.java:logGet(43)) - raft.server.log.segment.size.max = 1048576 (custom)
2019-08-29 09:04:37,065 [pool-71-thread-1] INFO  server.RaftServerConfigKeys (ConfUtils.java:logGet(43)) - raft.server.log.preallocated.size = 16384 (custom)
2019-08-29 09:04:37,065 [pool-71-thread-1] INFO  server.RaftServerConfigKeys (ConfUtils.java:logGet(43)) - raft.server.log.write.buffer.size = 33554432 (custom)
2019-08-29 09:04:37,065 [pool-71-thread-1] INFO  server.RaftServerConfigKeys (ConfUtils.java:logGet(43)) - raft.server.log.force.sync.num = 128 (default)
2019-08-29 09:04:37,066 [pool-71-thread-1] INFO  server.RaftServerConfigKeys (ConfUtils.java:logGet(43)) - raft.server.log.statemachine.data.sync = true (default)
2019-08-29 09:04:37,066 [pool-71-thread-1] INFO  server.RaftServerConfigKeys (ConfUtils.java:logGet(43)) - raft.server.log.statemachine.data.sync.timeout = 10s (default)
2019-08-29 09:04:37,066 [pool-71-thread-1] INFO  server.RaftServerConfigKeys (ConfUtils.java:logGet(43)) - raft.server.log.statemachine.data.sync.timeout.retry = -1 (default)
2019-08-29 09:04:37,066 [pool-71-thread-1] INFO  server.RaftServerConfigKeys (ConfUtils.java:logGet(43)) - raft.server.log.statemachine.data.caching.enabled = true (custom)
2019-08-29 09:04:37,066 [pool-71-thread-1] INFO  segmented.SegmentedRaftLogWorker (SegmentedRaftLogWorker.java:lambda$new$0(132)) - 91dd3489-61e8-4546-a3e3-8d2c03f678e3-SegmentedRaftLogWorker:Storage Directory /workdir/hadoop-ozone/integration-test/target/test-dir/MiniOzoneClusterImpl-6dc80b5f-6925-4c5f-a4b1-e2b147e12e2e/datanode-4/data/ratis/45568174-e66a-45d0-b91e-a5b4d1de75fc: flushIndex: setUnconditionally 0 -> -1
2019-08-29 09:04:37,067 [pool-71-thread-1] INFO  server.RaftServerConfigKeys (ConfUtils.java:logGet(43)) - raft.server.snapshot.auto.trigger.enabled = true (custom)
2019-08-29 09:04:37,067 [pool-71-thread-1] INFO  server.RaftServerConfigKeys (ConfUtils.java:logGet(43)) - raft.server.snapshot.auto.trigger.threshold = 10000 (custom)
2019-08-29 09:04:37,067 [pool-71-thread-1] INFO  server.RaftServerConfigKeys (ConfUtils.java:logGet(43)) - raft.server.retrycache.expirytime = 600000ms (custom)
2019-08-29 09:04:37,067 [pool-71-thread-1] INFO  impl.RaftServerImpl (RaftServerImpl.java:start(180)) - 91dd3489-61e8-4546-a3e3-8d2c03f678e3: start group-A5B4D1DE75FC
2019-08-29 09:04:37,067 [pool-71-thread-1] INFO  impl.RaftServerImpl (RaftServerImpl.java:setRole(171)) - 91dd3489-61e8-4546-a3e3-8d2c03f678e3:group-A5B4D1DE75FC changes role from null to FOLLOWER at term 0 for startAsFollower
2019-08-29 09:04:37,067 [pool-71-thread-1] INFO  impl.RoleInfo (RoleInfo.java:updateAndGet(143)) - 91dd3489-61e8-4546-a3e3-8d2c03f678e3: start FollowerState
2019-08-29 09:04:37,068 [pool-71-thread-1] INFO  util.JmxRegister (JmxRegister.java:tryRegister(44)) - Successfully registered JMX Bean with object name Ratis:service=RaftServer,group=group-A5B4D1DE75FC,id=91dd3489-61e8-4546-a3e3-8d2c03f678e3
2019-08-29 09:04:37,077 [RatisPipelineUtilsThread] INFO  pipeline.PipelineStateManager (PipelineStateManager.java:addPipeline(56)) - Created pipeline Pipeline[ Id: 45568174-e66a-45d0-b91e-a5b4d1de75fc, Nodes: 91dd3489-61e8-4546-a3e3-8d2c03f678e3{ip: 192.168.5.182, host: pr-hdds-1569-8vb5f-3135838959, networkLocation: /default-rack, certSerialId: null}, Type:RATIS, Factor:ONE, State:OPEN]
2019-08-29 09:04:37,095 [grpc-default-executor-0] INFO  impl.RaftServerProxy (RaftServerProxy.java:addNew(89)) - 4b2a007c-1499-41ce-aa2f-1cc7d8e71cba: addNew group-CF5FC7950232:[4b2a007c-1499-41ce-aa2f-1cc7d8e71cba:192.168.5.182:38532] returns group-CF5FC7950232:java.util.concurrent.CompletableFuture@7aa209c0[Not completed]
2019-08-29 09:04:37,099 [pool-49-thread-1] INFO  impl.RaftServerImpl (RaftServerImpl.java:<init>(93)) - 4b2a007c-1499-41ce-aa2f-1cc7d8e71cba: new RaftServerImpl for group-CF5FC7950232:[4b2a007c-1499-41ce-aa2f-1cc7d8e71cba:192.168.5.182:38532] with ContainerStateMachine:uninitialized
2019-08-29 09:04:37,099 [pool-49-thread-1] INFO  server.RaftServerConfigKeys (ConfUtils.java:logGet(43)) - raft.server.rpc.timeout.min = 5s (custom)
2019-08-29 09:04:37,099 [pool-49-thread-1] INFO  server.RaftServerConfigKeys (ConfUtils.java:logGet(43)) - raft.server.rpc.timeout.max = 5200ms (custom)
2019-08-29 09:04:37,100 [pool-49-thread-1] INFO  server.RaftServerConfigKeys (ConfUtils.java:logGet(43)) - raft.server.rpcslowness.timeout = 120s (custom)
2019-08-29 09:04:37,100 [pool-49-thread-1] INFO  server.RaftServerConfigKeys (ConfUtils.java:logGet(43)) - raft.server.sleep.deviation.threshold = 300 (default)
2019-08-29 09:04:37,100 [pool-49-thread-1] INFO  server.RaftServerConfigKeys (ConfUtils.java:logGet(43)) - raft.server.log.appender.install.snapshot.enabled = false (custom)
2019-08-29 09:04:37,100 [pool-49-thread-1] INFO  impl.RaftServerImpl (ServerState.java:<init>(105)) - 4b2a007c-1499-41ce-aa2f-1cc7d8e71cba:group-CF5FC7950232 ConfigurationManager, init=-1: [4b2a007c-1499-41ce-aa2f-1cc7d8e71cba:192.168.5.182:38532], old=null, confs=<EMPTY_MAP>
2019-08-29 09:04:37,100 [pool-49-thread-1] INFO  server.RaftServerConfigKeys (ConfUtils.java:logGet(43)) - raft.server.storage.dir = [/workdir/hadoop-ozone/integration-test/target/test-dir/MiniOzoneClusterImpl-6dc80b5f-6925-4c5f-a4b1-e2b147e12e2e/datanode-2/data/ratis] (custom)
2019-08-29 09:04:37,101 [pool-49-thread-1] INFO  storage.RaftStorageDirectory (RaftStorageDirectory.java:analyzeStorage(246)) - The storage directory /workdir/hadoop-ozone/integration-test/target/test-dir/MiniOzoneClusterImpl-6dc80b5f-6925-4c5f-a4b1-e2b147e12e2e/datanode-2/data/ratis/2c394ea6-375d-4a5f-98ca-cf5fc7950232 does not exist. Creating ...
2019-08-29 09:04:37,126 [pool-49-thread-1] INFO  storage.RaftStorageDirectory (RaftStorageDirectory.java:tryLock(328)) - Lock on /workdir/hadoop-ozone/integration-test/target/test-dir/MiniOzoneClusterImpl-6dc80b5f-6925-4c5f-a4b1-e2b147e12e2e/datanode-2/data/ratis/2c394ea6-375d-4a5f-98ca-cf5fc7950232/in_use.lock acquired by nodename 10121@pr-hdds-1569-8vb5f-3135838959
2019-08-29 09:04:37,146 [pool-49-thread-1] INFO  storage.RaftStorage (RaftStorage.java:format(72)) - Storage directory /workdir/hadoop-ozone/integration-test/target/test-dir/MiniOzoneClusterImpl-6dc80b5f-6925-4c5f-a4b1-e2b147e12e2e/datanode-2/data/ratis/2c394ea6-375d-4a5f-98ca-cf5fc7950232 has been successfully formatted.
2019-08-29 09:04:37,146 [pool-49-thread-1] INFO  ratis.ContainerStateMachine (ContainerStateMachine.java:loadSnapshot(226)) - group-CF5FC7950232: The snapshot info is null. Setting the last applied indexto:(t:0, i:~)
2019-08-29 09:04:37,147 [pool-49-thread-1] INFO  server.RaftServerConfigKeys (ConfUtils.java:logGet(43)) - raft.server.leader.election.timeout = 120s (custom)
2019-08-29 09:04:37,147 [pool-49-thread-1] INFO  server.RaftServerConfigKeys (ConfUtils.java:logGet(43)) - raft.server.log.use.memory = false (default)
2019-08-29 09:04:37,147 [pool-49-thread-1] INFO  server.RaftServerConfigKeys (ConfUtils.java:logGet(43)) - raft.server.log.purge.gap = 1000000 (custom)
2019-08-29 09:04:37,147 [pool-49-thread-1] INFO  server.RaftServerConfigKeys (ConfUtils.java:logGet(43)) - raft.server.log.appender.buffer.byte-limit = 33554432 (custom)
2019-08-29 09:04:37,147 [pool-49-thread-1] INFO  server.RaftServerConfigKeys (ConfUtils.java:logGet(43)) - raft.server.log.segment.size.max = 1048576 (custom)
2019-08-29 09:04:37,147 [pool-49-thread-1] INFO  server.RaftServerConfigKeys (ConfUtils.java:logGet(43)) - raft.server.log.segment.cache.num.max = 2 (custom)
2019-08-29 09:04:37,148 [pool-49-thread-1] INFO  segmented.SegmentedRaftLogWorker (SegmentedRaftLogWorker.java:<init>(172)) - new 4b2a007c-1499-41ce-aa2f-1cc7d8e71cba-SegmentedRaftLogWorker:Storage Directory /workdir/hadoop-ozone/integration-test/target/test-dir/MiniOzoneClusterImpl-6dc80b5f-6925-4c5f-a4b1-e2b147e12e2e/datanode-2/data/ratis/2c394ea6-375d-4a5f-98ca-cf5fc7950232 for RaftStorage:Storage Directory /workdir/hadoop-ozone/integration-test/target/test-dir/MiniOzoneClusterImpl-6dc80b5f-6925-4c5f-a4b1-e2b147e12e2e/datanode-2/data/ratis/2c394ea6-375d-4a5f-98ca-cf5fc7950232
2019-08-29 09:04:37,148 [pool-49-thread-1] INFO  server.RaftServerConfigKeys (ConfUtils.java:logGet(43)) - raft.server.log.queue.byte-limit = 2147483647 (custom)
2019-08-29 09:04:37,148 [pool-49-thread-1] INFO  server.RaftServerConfigKeys (ConfUtils.java:logGet(43)) - raft.server.log.queue.element-limit = 1024 (custom)
2019-08-29 09:04:37,148 [pool-49-thread-1] INFO  server.RaftServerConfigKeys (ConfUtils.java:logGet(43)) - raft.server.log.segment.size.max = 1048576 (custom)
2019-08-29 09:04:37,149 [pool-49-thread-1] INFO  server.RaftServerConfigKeys (ConfUtils.java:logGet(43)) - raft.server.log.preallocated.size = 16384 (custom)
2019-08-29 09:04:37,149 [pool-49-thread-1] INFO  server.RaftServerConfigKeys (ConfUtils.java:logGet(43)) - raft.server.log.write.buffer.size = 33554432 (custom)
2019-08-29 09:04:37,149 [pool-49-thread-1] INFO  server.RaftServerConfigKeys (ConfUtils.java:logGet(43)) - raft.server.log.force.sync.num = 128 (default)
2019-08-29 09:04:37,149 [pool-49-thread-1] INFO  server.RaftServerConfigKeys (ConfUtils.java:logGet(43)) - raft.server.log.statemachine.data.sync = true (default)
2019-08-29 09:04:37,149 [pool-49-thread-1] INFO  server.RaftServerConfigKeys (ConfUtils.java:logGet(43)) - raft.server.log.statemachine.data.sync.timeout = 10s (default)
2019-08-29 09:04:37,149 [pool-49-thread-1] INFO  server.RaftServerConfigKeys (ConfUtils.java:logGet(43)) - raft.server.log.statemachine.data.sync.timeout.retry = -1 (default)
2019-08-29 09:04:37,150 [pool-49-thread-1] INFO  server.RaftServerConfigKeys (ConfUtils.java:logGet(43)) - raft.server.log.statemachine.data.caching.enabled = true (custom)
2019-08-29 09:04:37,150 [pool-49-thread-1] INFO  segmented.SegmentedRaftLogWorker (SegmentedRaftLogWorker.java:lambda$new$0(132)) - 4b2a007c-1499-41ce-aa2f-1cc7d8e71cba-SegmentedRaftLogWorker:Storage Directory /workdir/hadoop-ozone/integration-test/target/test-dir/MiniOzoneClusterImpl-6dc80b5f-6925-4c5f-a4b1-e2b147e12e2e/datanode-2/data/ratis/2c394ea6-375d-4a5f-98ca-cf5fc7950232: flushIndex: setUnconditionally 0 -> -1
2019-08-29 09:04:37,151 [pool-49-thread-1] INFO  server.RaftServerConfigKeys (ConfUtils.java:logGet(43)) - raft.server.snapshot.auto.trigger.enabled = true (custom)
2019-08-29 09:04:37,151 [pool-49-thread-1] INFO  server.RaftServerConfigKeys (ConfUtils.java:logGet(43)) - raft.server.snapshot.auto.trigger.threshold = 10000 (custom)
2019-08-29 09:04:37,151 [pool-49-thread-1] INFO  server.RaftServerConfigKeys (ConfUtils.java:logGet(43)) - raft.server.retrycache.expirytime = 600000ms (custom)
2019-08-29 09:04:37,151 [pool-49-thread-1] INFO  impl.RaftServerImpl (RaftServerImpl.java:start(180)) - 4b2a007c-1499-41ce-aa2f-1cc7d8e71cba: start group-CF5FC7950232
2019-08-29 09:04:37,152 [pool-49-thread-1] INFO  impl.RaftServerImpl (RaftServerImpl.java:setRole(171)) - 4b2a007c-1499-41ce-aa2f-1cc7d8e71cba:group-CF5FC7950232 changes role from null to FOLLOWER at term 0 for startAsFollower
2019-08-29 09:04:37,152 [pool-49-thread-1] INFO  impl.RoleInfo (RoleInfo.java:updateAndGet(143)) - 4b2a007c-1499-41ce-aa2f-1cc7d8e71cba: start FollowerState
2019-08-29 09:04:37,152 [pool-49-thread-1] INFO  util.JmxRegister (JmxRegister.java:tryRegister(44)) - Successfully registered JMX Bean with object name Ratis:service=RaftServer,group=group-CF5FC7950232,id=4b2a007c-1499-41ce-aa2f-1cc7d8e71cba
2019-08-29 09:04:37,164 [RatisPipelineUtilsThread] INFO  pipeline.PipelineStateManager (PipelineStateManager.java:addPipeline(56)) - Created pipeline Pipeline[ Id: 2c394ea6-375d-4a5f-98ca-cf5fc7950232, Nodes: 4b2a007c-1499-41ce-aa2f-1cc7d8e71cba{ip: 192.168.5.182, host: pr-hdds-1569-8vb5f-3135838959, networkLocation: /default-rack, certSerialId: null}, Type:RATIS, Factor:ONE, State:OPEN]
2019-08-29 09:04:37,184 [grpc-default-executor-0] INFO  impl.RaftServerProxy (RaftServerProxy.java:addNew(89)) - 521648c2-032b-4493-bcb7-c7d55e99ae6f: addNew group-295242EAD92C:[521648c2-032b-4493-bcb7-c7d55e99ae6f:192.168.5.182:34364] returns group-295242EAD92C:java.util.concurrent.CompletableFuture@4a96aced[Not completed]
2019-08-29 09:04:37,185 [pool-38-thread-1] INFO  impl.RaftServerImpl (RaftServerImpl.java:<init>(93)) - 521648c2-032b-4493-bcb7-c7d55e99ae6f: new RaftServerImpl for group-295242EAD92C:[521648c2-032b-4493-bcb7-c7d55e99ae6f:192.168.5.182:34364] with ContainerStateMachine:uninitialized
2019-08-29 09:04:37,186 [pool-38-thread-1] INFO  server.RaftServerConfigKeys (ConfUtils.java:logGet(43)) - raft.server.rpc.timeout.min = 5s (custom)
2019-08-29 09:04:37,186 [pool-38-thread-1] INFO  server.RaftServerConfigKeys (ConfUtils.java:logGet(43)) - raft.server.rpc.timeout.max = 5200ms (custom)
2019-08-29 09:04:37,186 [pool-38-thread-1] INFO  server.RaftServerConfigKeys (ConfUtils.java:logGet(43)) - raft.server.rpcslowness.timeout = 120s (custom)
2019-08-29 09:04:37,186 [pool-38-thread-1] INFO  server.RaftServerConfigKeys (ConfUtils.java:logGet(43)) - raft.server.sleep.deviation.threshold = 300 (default)
2019-08-29 09:04:37,186 [pool-38-thread-1] INFO  server.RaftServerConfigKeys (ConfUtils.java:logGet(43)) - raft.server.log.appender.install.snapshot.enabled = false (custom)
2019-08-29 09:04:37,186 [pool-38-thread-1] INFO  impl.RaftServerImpl (ServerState.java:<init>(105)) - 521648c2-032b-4493-bcb7-c7d55e99ae6f:group-295242EAD92C ConfigurationManager, init=-1: [521648c2-032b-4493-bcb7-c7d55e99ae6f:192.168.5.182:34364], old=null, confs=<EMPTY_MAP>
2019-08-29 09:04:37,186 [pool-38-thread-1] INFO  server.RaftServerConfigKeys (ConfUtils.java:logGet(43)) - raft.server.storage.dir = [/workdir/hadoop-ozone/integration-test/target/test-dir/MiniOzoneClusterImpl-6dc80b5f-6925-4c5f-a4b1-e2b147e12e2e/datanode-1/data/ratis] (custom)
2019-08-29 09:04:37,187 [pool-38-thread-1] INFO  storage.RaftStorageDirectory (RaftStorageDirectory.java:analyzeStorage(246)) - The storage directory /workdir/hadoop-ozone/integration-test/target/test-dir/MiniOzoneClusterImpl-6dc80b5f-6925-4c5f-a4b1-e2b147e12e2e/datanode-1/data/ratis/4df9cc59-4d27-4fb4-affd-295242ead92c does not exist. Creating ...
2019-08-29 09:04:37,200 [pool-38-thread-1] INFO  storage.RaftStorageDirectory (RaftStorageDirectory.java:tryLock(328)) - Lock on /workdir/hadoop-ozone/integration-test/target/test-dir/MiniOzoneClusterImpl-6dc80b5f-6925-4c5f-a4b1-e2b147e12e2e/datanode-1/data/ratis/4df9cc59-4d27-4fb4-affd-295242ead92c/in_use.lock acquired by nodename 10121@pr-hdds-1569-8vb5f-3135838959
2019-08-29 09:04:37,213 [pool-38-thread-1] INFO  storage.RaftStorage (RaftStorage.java:format(72)) - Storage directory /workdir/hadoop-ozone/integration-test/target/test-dir/MiniOzoneClusterImpl-6dc80b5f-6925-4c5f-a4b1-e2b147e12e2e/datanode-1/data/ratis/4df9cc59-4d27-4fb4-affd-295242ead92c has been successfully formatted.
2019-08-29 09:04:37,214 [pool-38-thread-1] INFO  ratis.ContainerStateMachine (ContainerStateMachine.java:loadSnapshot(226)) - group-295242EAD92C: The snapshot info is null. Setting the last applied indexto:(t:0, i:~)
2019-08-29 09:04:37,214 [pool-38-thread-1] INFO  server.RaftServerConfigKeys (ConfUtils.java:logGet(43)) - raft.server.leader.election.timeout = 120s (custom)
2019-08-29 09:04:37,214 [pool-38-thread-1] INFO  server.RaftServerConfigKeys (ConfUtils.java:logGet(43)) - raft.server.log.use.memory = false (default)
2019-08-29 09:04:37,214 [pool-38-thread-1] INFO  server.RaftServerConfigKeys (ConfUtils.java:logGet(43)) - raft.server.log.purge.gap = 1000000 (custom)
2019-08-29 09:04:37,214 [pool-38-thread-1] INFO  server.RaftServerConfigKeys (ConfUtils.java:logGet(43)) - raft.server.log.appender.buffer.byte-limit = 33554432 (custom)
2019-08-29 09:04:37,214 [pool-38-thread-1] INFO  server.RaftServerConfigKeys (ConfUtils.java:logGet(43)) - raft.server.log.segment.size.max = 1048576 (custom)
2019-08-29 09:04:37,214 [pool-38-thread-1] INFO  server.RaftServerConfigKeys (ConfUtils.java:logGet(43)) - raft.server.log.segment.cache.num.max = 2 (custom)
2019-08-29 09:04:37,215 [pool-38-thread-1] INFO  segmented.SegmentedRaftLogWorker (SegmentedRaftLogWorker.java:<init>(172)) - new 521648c2-032b-4493-bcb7-c7d55e99ae6f-SegmentedRaftLogWorker:Storage Directory /workdir/hadoop-ozone/integration-test/target/test-dir/MiniOzoneClusterImpl-6dc80b5f-6925-4c5f-a4b1-e2b147e12e2e/datanode-1/data/ratis/4df9cc59-4d27-4fb4-affd-295242ead92c for RaftStorage:Storage Directory /workdir/hadoop-ozone/integration-test/target/test-dir/MiniOzoneClusterImpl-6dc80b5f-6925-4c5f-a4b1-e2b147e12e2e/datanode-1/data/ratis/4df9cc59-4d27-4fb4-affd-295242ead92c
2019-08-29 09:04:37,215 [pool-38-thread-1] INFO  server.RaftServerConfigKeys (ConfUtils.java:logGet(43)) - raft.server.log.queue.byte-limit = 2147483647 (custom)
2019-08-29 09:04:37,215 [pool-38-thread-1] INFO  server.RaftServerConfigKeys (ConfUtils.java:logGet(43)) - raft.server.log.queue.element-limit = 1024 (custom)
2019-08-29 09:04:37,215 [pool-38-thread-1] INFO  server.RaftServerConfigKeys (ConfUtils.java:logGet(43)) - raft.server.log.segment.size.max = 1048576 (custom)
2019-08-29 09:04:37,215 [pool-38-thread-1] INFO  server.RaftServerConfigKeys (ConfUtils.java:logGet(43)) - raft.server.log.preallocated.size = 16384 (custom)
2019-08-29 09:04:37,215 [pool-38-thread-1] INFO  server.RaftServerConfigKeys (ConfUtils.java:logGet(43)) - raft.server.log.write.buffer.size = 33554432 (custom)
2019-08-29 09:04:37,215 [pool-38-thread-1] INFO  server.RaftServerConfigKeys (ConfUtils.java:logGet(43)) - raft.server.log.force.sync.num = 128 (default)
2019-08-29 09:04:37,215 [pool-38-thread-1] INFO  server.RaftServerConfigKeys (ConfUtils.java:logGet(43)) - raft.server.log.statemachine.data.sync = true (default)
2019-08-29 09:04:37,216 [pool-38-thread-1] INFO  server.RaftServerConfigKeys (ConfUtils.java:logGet(43)) - raft.server.log.statemachine.data.sync.timeout = 10s (default)
2019-08-29 09:04:37,216 [pool-38-thread-1] INFO  server.RaftServerConfigKeys (ConfUtils.java:logGet(43)) - raft.server.log.statemachine.data.sync.timeout.retry = -1 (default)
2019-08-29 09:04:37,216 [pool-38-thread-1] INFO  server.RaftServerConfigKeys (ConfUtils.java:logGet(43)) - raft.server.log.statemachine.data.caching.enabled = true (custom)
2019-08-29 09:04:37,216 [pool-38-thread-1] INFO  segmented.SegmentedRaftLogWorker (SegmentedRaftLogWorker.java:lambda$new$0(132)) - 521648c2-032b-4493-bcb7-c7d55e99ae6f-SegmentedRaftLogWorker:Storage Directory /workdir/hadoop-ozone/integration-test/target/test-dir/MiniOzoneClusterImpl-6dc80b5f-6925-4c5f-a4b1-e2b147e12e2e/datanode-1/data/ratis/4df9cc59-4d27-4fb4-affd-295242ead92c: flushIndex: setUnconditionally 0 -> -1
2019-08-29 09:04:37,217 [pool-38-thread-1] INFO  server.RaftServerConfigKeys (ConfUtils.java:logGet(43)) - raft.server.snapshot.auto.trigger.enabled = true (custom)
2019-08-29 09:04:37,217 [pool-38-thread-1] INFO  server.RaftServerConfigKeys (ConfUtils.java:logGet(43)) - raft.server.snapshot.auto.trigger.threshold = 10000 (custom)
2019-08-29 09:04:37,217 [pool-38-thread-1] INFO  server.RaftServerConfigKeys (ConfUtils.java:logGet(43)) - raft.server.retrycache.expirytime = 600000ms (custom)
2019-08-29 09:04:37,217 [pool-38-thread-1] INFO  impl.RaftServerImpl (RaftServerImpl.java:start(180)) - 521648c2-032b-4493-bcb7-c7d55e99ae6f: start group-295242EAD92C
2019-08-29 09:04:37,217 [pool-38-thread-1] INFO  impl.RaftServerImpl (RaftServerImpl.java:setRole(171)) - 521648c2-032b-4493-bcb7-c7d55e99ae6f:group-295242EAD92C changes role from null to FOLLOWER at term 0 for startAsFollower
2019-08-29 09:04:37,217 [pool-38-thread-1] INFO  impl.RoleInfo (RoleInfo.java:updateAndGet(143)) - 521648c2-032b-4493-bcb7-c7d55e99ae6f: start FollowerState
2019-08-29 09:04:37,218 [pool-38-thread-1] INFO  util.JmxRegister (JmxRegister.java:tryRegister(44)) - Successfully registered JMX Bean with object name Ratis:service=RaftServer,group=group-295242EAD92C,id=521648c2-032b-4493-bcb7-c7d55e99ae6f
2019-08-29 09:04:37,227 [RatisPipelineUtilsThread] INFO  pipeline.PipelineStateManager (PipelineStateManager.java:addPipeline(56)) - Created pipeline Pipeline[ Id: 4df9cc59-4d27-4fb4-affd-295242ead92c, Nodes: 521648c2-032b-4493-bcb7-c7d55e99ae6f{ip: 192.168.5.182, host: pr-hdds-1569-8vb5f-3135838959, networkLocation: /default-rack, certSerialId: null}, Type:RATIS, Factor:ONE, State:OPEN]
2019-08-29 09:04:37,270 [IPC Server handler 15 on 39658] INFO  net.NetworkTopology (NetworkTopologyImpl.java:add(110)) - Added a new node: /default-rack/006047d9-e06e-4717-89c6-6c98a2152bd9
2019-08-29 09:04:37,271 [IPC Server handler 15 on 39658] INFO  node.SCMNodeManager (SCMNodeManager.java:register(273)) - Registered Data node : 006047d9-e06e-4717-89c6-6c98a2152bd9{ip: 192.168.5.182, host: pr-hdds-1569-8vb5f-3135838959, networkLocation: /default-rack, certSerialId: null}
2019-08-29 09:04:37,272 | INFO  | SCMAudit | user=jenkins1000 | ip=192.168.5.182 | op=REGISTER {datanodeDetails=006047d9-e06e-4717-89c6-6c98a2152bd9{ip: 192.168.5.182, host: pr-hdds-1569-8vb5f-3135838959, networkLocation: /default-rack, certSerialId: null}} | ret=SUCCESS |  
2019-08-29 09:04:37,272 [grpc-default-executor-1] INFO  impl.RaftServerProxy (RaftServerProxy.java:addNew(89)) - 91dd3489-61e8-4546-a3e3-8d2c03f678e3: addNew group-D60B244B98B7:[7761e897-e175-44b8-b4a7-8686aa902baa:192.168.5.182:43669, 4b2a007c-1499-41ce-aa2f-1cc7d8e71cba:192.168.5.182:38532, 91dd3489-61e8-4546-a3e3-8d2c03f678e3:192.168.5.182:41280] returns group-D60B244B98B7:java.util.concurrent.CompletableFuture@78f26347[Not completed]
2019-08-29 09:04:37,272 [grpc-default-executor-2] INFO  impl.RaftServerProxy (RaftServerProxy.java:addNew(89)) - 4b2a007c-1499-41ce-aa2f-1cc7d8e71cba: addNew group-D60B244B98B7:[7761e897-e175-44b8-b4a7-8686aa902baa:192.168.5.182:43669, 4b2a007c-1499-41ce-aa2f-1cc7d8e71cba:192.168.5.182:38532, 91dd3489-61e8-4546-a3e3-8d2c03f678e3:192.168.5.182:41280] returns group-D60B244B98B7:java.util.concurrent.CompletableFuture@48c013b7[Not completed]
2019-08-29 09:04:37,272 [grpc-default-executor-0] INFO  impl.RaftServerProxy (RaftServerProxy.java:addNew(89)) - 7761e897-e175-44b8-b4a7-8686aa902baa: addNew group-D60B244B98B7:[7761e897-e175-44b8-b4a7-8686aa902baa:192.168.5.182:43669, 4b2a007c-1499-41ce-aa2f-1cc7d8e71cba:192.168.5.182:38532, 91dd3489-61e8-4546-a3e3-8d2c03f678e3:192.168.5.182:41280] returns group-D60B244B98B7:java.util.concurrent.CompletableFuture@3bd7c35a[Not completed]
2019-08-29 09:04:37,274 [pool-60-thread-1] INFO  impl.RaftServerImpl (RaftServerImpl.java:<init>(93)) - 7761e897-e175-44b8-b4a7-8686aa902baa: new RaftServerImpl for group-D60B244B98B7:[7761e897-e175-44b8-b4a7-8686aa902baa:192.168.5.182:43669, 4b2a007c-1499-41ce-aa2f-1cc7d8e71cba:192.168.5.182:38532, 91dd3489-61e8-4546-a3e3-8d2c03f678e3:192.168.5.182:41280] with ContainerStateMachine:uninitialized
2019-08-29 09:04:37,274 [pool-60-thread-1] INFO  server.RaftServerConfigKeys (ConfUtils.java:logGet(43)) - raft.server.rpc.timeout.min = 5s (custom)
2019-08-29 09:04:37,274 [pool-60-thread-1] INFO  server.RaftServerConfigKeys (ConfUtils.java:logGet(43)) - raft.server.rpc.timeout.max = 5200ms (custom)
2019-08-29 09:04:37,275 [pool-60-thread-1] INFO  server.RaftServerConfigKeys (ConfUtils.java:logGet(43)) - raft.server.rpcslowness.timeout = 120s (custom)
2019-08-29 09:04:37,275 [pool-60-thread-1] INFO  server.RaftServerConfigKeys (ConfUtils.java:logGet(43)) - raft.server.sleep.deviation.threshold = 300 (default)
2019-08-29 09:04:37,275 [pool-60-thread-1] INFO  server.RaftServerConfigKeys (ConfUtils.java:logGet(43)) - raft.server.log.appender.install.snapshot.enabled = false (custom)
2019-08-29 09:04:37,275 [pool-60-thread-1] INFO  impl.RaftServerImpl (ServerState.java:<init>(105)) - 7761e897-e175-44b8-b4a7-8686aa902baa:group-D60B244B98B7 ConfigurationManager, init=-1: [7761e897-e175-44b8-b4a7-8686aa902baa:192.168.5.182:43669, 4b2a007c-1499-41ce-aa2f-1cc7d8e71cba:192.168.5.182:38532, 91dd3489-61e8-4546-a3e3-8d2c03f678e3:192.168.5.182:41280], old=null, confs=<EMPTY_MAP>
2019-08-29 09:04:37,275 [pool-60-thread-1] INFO  server.RaftServerConfigKeys (ConfUtils.java:logGet(43)) - raft.server.storage.dir = [/workdir/hadoop-ozone/integration-test/target/test-dir/MiniOzoneClusterImpl-6dc80b5f-6925-4c5f-a4b1-e2b147e12e2e/datanode-3/data/ratis] (custom)
2019-08-29 09:04:37,275 [pool-60-thread-1] INFO  storage.RaftStorageDirectory (RaftStorageDirectory.java:analyzeStorage(246)) - The storage directory /workdir/hadoop-ozone/integration-test/target/test-dir/MiniOzoneClusterImpl-6dc80b5f-6925-4c5f-a4b1-e2b147e12e2e/datanode-3/data/ratis/f000d71a-29b1-40b1-8903-d60b244b98b7 does not exist. Creating ...
2019-08-29 09:04:37,275 [pool-71-thread-1] INFO  impl.RaftServerImpl (RaftServerImpl.java:<init>(93)) - 91dd3489-61e8-4546-a3e3-8d2c03f678e3: new RaftServerImpl for group-D60B244B98B7:[7761e897-e175-44b8-b4a7-8686aa902baa:192.168.5.182:43669, 4b2a007c-1499-41ce-aa2f-1cc7d8e71cba:192.168.5.182:38532, 91dd3489-61e8-4546-a3e3-8d2c03f678e3:192.168.5.182:41280] with ContainerStateMachine:uninitialized
2019-08-29 09:04:37,276 [pool-71-thread-1] INFO  server.RaftServerConfigKeys (ConfUtils.java:logGet(43)) - raft.server.rpc.timeout.min = 5s (custom)
2019-08-29 09:04:37,276 [pool-71-thread-1] INFO  server.RaftServerConfigKeys (ConfUtils.java:logGet(43)) - raft.server.rpc.timeout.max = 5200ms (custom)
2019-08-29 09:04:37,276 [pool-71-thread-1] INFO  server.RaftServerConfigKeys (ConfUtils.java:logGet(43)) - raft.server.rpcslowness.timeout = 120s (custom)
2019-08-29 09:04:37,276 [pool-49-thread-1] INFO  impl.RaftServerImpl (RaftServerImpl.java:<init>(93)) - 4b2a007c-1499-41ce-aa2f-1cc7d8e71cba: new RaftServerImpl for group-D60B244B98B7:[7761e897-e175-44b8-b4a7-8686aa902baa:192.168.5.182:43669, 4b2a007c-1499-41ce-aa2f-1cc7d8e71cba:192.168.5.182:38532, 91dd3489-61e8-4546-a3e3-8d2c03f678e3:192.168.5.182:41280] with ContainerStateMachine:uninitialized
2019-08-29 09:04:37,276 [pool-71-thread-1] INFO  server.RaftServerConfigKeys (ConfUtils.java:logGet(43)) - raft.server.sleep.deviation.threshold = 300 (default)
2019-08-29 09:04:37,276 [pool-49-thread-1] INFO  server.RaftServerConfigKeys (ConfUtils.java:logGet(43)) - raft.server.rpc.timeout.min = 5s (custom)
2019-08-29 09:04:37,276 [pool-71-thread-1] INFO  server.RaftServerConfigKeys (ConfUtils.java:logGet(43)) - raft.server.log.appender.install.snapshot.enabled = false (custom)
2019-08-29 09:04:37,276 [pool-49-thread-1] INFO  server.RaftServerConfigKeys (ConfUtils.java:logGet(43)) - raft.server.rpc.timeout.max = 5200ms (custom)
2019-08-29 09:04:37,277 [pool-71-thread-1] INFO  impl.RaftServerImpl (ServerState.java:<init>(105)) - 91dd3489-61e8-4546-a3e3-8d2c03f678e3:group-D60B244B98B7 ConfigurationManager, init=-1: [7761e897-e175-44b8-b4a7-8686aa902baa:192.168.5.182:43669, 4b2a007c-1499-41ce-aa2f-1cc7d8e71cba:192.168.5.182:38532, 91dd3489-61e8-4546-a3e3-8d2c03f678e3:192.168.5.182:41280], old=null, confs=<EMPTY_MAP>
2019-08-29 09:04:37,277 [pool-49-thread-1] INFO  server.RaftServerConfigKeys (ConfUtils.java:logGet(43)) - raft.server.rpcslowness.timeout = 120s (custom)
2019-08-29 09:04:37,277 [pool-71-thread-1] INFO  server.RaftServerConfigKeys (ConfUtils.java:logGet(43)) - raft.server.storage.dir = [/workdir/hadoop-ozone/integration-test/target/test-dir/MiniOzoneClusterImpl-6dc80b5f-6925-4c5f-a4b1-e2b147e12e2e/datanode-4/data/ratis] (custom)
2019-08-29 09:04:37,277 [pool-49-thread-1] INFO  server.RaftServerConfigKeys (ConfUtils.java:logGet(43)) - raft.server.sleep.deviation.threshold = 300 (default)
2019-08-29 09:04:37,277 [pool-49-thread-1] INFO  server.RaftServerConfigKeys (ConfUtils.java:logGet(43)) - raft.server.log.appender.install.snapshot.enabled = false (custom)
2019-08-29 09:04:37,277 [pool-71-thread-1] INFO  storage.RaftStorageDirectory (RaftStorageDirectory.java:analyzeStorage(246)) - The storage directory /workdir/hadoop-ozone/integration-test/target/test-dir/MiniOzoneClusterImpl-6dc80b5f-6925-4c5f-a4b1-e2b147e12e2e/datanode-4/data/ratis/f000d71a-29b1-40b1-8903-d60b244b98b7 does not exist. Creating ...
2019-08-29 09:04:37,277 [pool-49-thread-1] INFO  impl.RaftServerImpl (ServerState.java:<init>(105)) - 4b2a007c-1499-41ce-aa2f-1cc7d8e71cba:group-D60B244B98B7 ConfigurationManager, init=-1: [7761e897-e175-44b8-b4a7-8686aa902baa:192.168.5.182:43669, 4b2a007c-1499-41ce-aa2f-1cc7d8e71cba:192.168.5.182:38532, 91dd3489-61e8-4546-a3e3-8d2c03f678e3:192.168.5.182:41280], old=null, confs=<EMPTY_MAP>
2019-08-29 09:04:37,278 [pool-49-thread-1] INFO  server.RaftServerConfigKeys (ConfUtils.java:logGet(43)) - raft.server.storage.dir = [/workdir/hadoop-ozone/integration-test/target/test-dir/MiniOzoneClusterImpl-6dc80b5f-6925-4c5f-a4b1-e2b147e12e2e/datanode-2/data/ratis] (custom)
2019-08-29 09:04:37,278 [pool-49-thread-1] INFO  storage.RaftStorageDirectory (RaftStorageDirectory.java:analyzeStorage(246)) - The storage directory /workdir/hadoop-ozone/integration-test/target/test-dir/MiniOzoneClusterImpl-6dc80b5f-6925-4c5f-a4b1-e2b147e12e2e/datanode-2/data/ratis/f000d71a-29b1-40b1-8903-d60b244b98b7 does not exist. Creating ...
2019-08-29 09:04:37,290 [pool-49-thread-1] INFO  storage.RaftStorageDirectory (RaftStorageDirectory.java:tryLock(328)) - Lock on /workdir/hadoop-ozone/integration-test/target/test-dir/MiniOzoneClusterImpl-6dc80b5f-6925-4c5f-a4b1-e2b147e12e2e/datanode-2/data/ratis/f000d71a-29b1-40b1-8903-d60b244b98b7/in_use.lock acquired by nodename 10121@pr-hdds-1569-8vb5f-3135838959
2019-08-29 09:04:37,290 [pool-71-thread-1] INFO  storage.RaftStorageDirectory (RaftStorageDirectory.java:tryLock(328)) - Lock on /workdir/hadoop-ozone/integration-test/target/test-dir/MiniOzoneClusterImpl-6dc80b5f-6925-4c5f-a4b1-e2b147e12e2e/datanode-4/data/ratis/f000d71a-29b1-40b1-8903-d60b244b98b7/in_use.lock acquired by nodename 10121@pr-hdds-1569-8vb5f-3135838959
2019-08-29 09:04:37,290 [pool-60-thread-1] INFO  storage.RaftStorageDirectory (RaftStorageDirectory.java:tryLock(328)) - Lock on /workdir/hadoop-ozone/integration-test/target/test-dir/MiniOzoneClusterImpl-6dc80b5f-6925-4c5f-a4b1-e2b147e12e2e/datanode-3/data/ratis/f000d71a-29b1-40b1-8903-d60b244b98b7/in_use.lock acquired by nodename 10121@pr-hdds-1569-8vb5f-3135838959
2019-08-29 09:04:37,304 [pool-60-thread-1] INFO  storage.RaftStorage (RaftStorage.java:format(72)) - Storage directory /workdir/hadoop-ozone/integration-test/target/test-dir/MiniOzoneClusterImpl-6dc80b5f-6925-4c5f-a4b1-e2b147e12e2e/datanode-3/data/ratis/f000d71a-29b1-40b1-8903-d60b244b98b7 has been successfully formatted.
2019-08-29 09:04:37,304 [pool-71-thread-1] INFO  storage.RaftStorage (RaftStorage.java:format(72)) - Storage directory /workdir/hadoop-ozone/integration-test/target/test-dir/MiniOzoneClusterImpl-6dc80b5f-6925-4c5f-a4b1-e2b147e12e2e/datanode-4/data/ratis/f000d71a-29b1-40b1-8903-d60b244b98b7 has been successfully formatted.
2019-08-29 09:04:37,304 [pool-49-thread-1] INFO  storage.RaftStorage (RaftStorage.java:format(72)) - Storage directory /workdir/hadoop-ozone/integration-test/target/test-dir/MiniOzoneClusterImpl-6dc80b5f-6925-4c5f-a4b1-e2b147e12e2e/datanode-2/data/ratis/f000d71a-29b1-40b1-8903-d60b244b98b7 has been successfully formatted.
2019-08-29 09:04:37,304 [pool-60-thread-1] INFO  ratis.ContainerStateMachine (ContainerStateMachine.java:loadSnapshot(226)) - group-D60B244B98B7: The snapshot info is null. Setting the last applied indexto:(t:0, i:~)
2019-08-29 09:04:37,304 [pool-49-thread-1] INFO  ratis.ContainerStateMachine (ContainerStateMachine.java:loadSnapshot(226)) - group-D60B244B98B7: The snapshot info is null. Setting the last applied indexto:(t:0, i:~)
2019-08-29 09:04:37,304 [pool-71-thread-1] INFO  ratis.ContainerStateMachine (ContainerStateMachine.java:loadSnapshot(226)) - group-D60B244B98B7: The snapshot info is null. Setting the last applied indexto:(t:0, i:~)
2019-08-29 09:04:37,304 [pool-49-thread-1] INFO  server.RaftServerConfigKeys (ConfUtils.java:logGet(43)) - raft.server.leader.election.timeout = 120s (custom)
2019-08-29 09:04:37,304 [pool-60-thread-1] INFO  server.RaftServerConfigKeys (ConfUtils.java:logGet(43)) - raft.server.leader.election.timeout = 120s (custom)
2019-08-29 09:04:37,305 [pool-49-thread-1] INFO  server.RaftServerConfigKeys (ConfUtils.java:logGet(43)) - raft.server.log.use.memory = false (default)
2019-08-29 09:04:37,305 [pool-71-thread-1] INFO  server.RaftServerConfigKeys (ConfUtils.java:logGet(43)) - raft.server.leader.election.timeout = 120s (custom)
2019-08-29 09:04:37,305 [pool-49-thread-1] INFO  server.RaftServerConfigKeys (ConfUtils.java:logGet(43)) - raft.server.log.purge.gap = 1000000 (custom)
2019-08-29 09:04:37,305 [pool-60-thread-1] INFO  server.RaftServerConfigKeys (ConfUtils.java:logGet(43)) - raft.server.log.use.memory = false (default)
2019-08-29 09:04:37,305 [pool-49-thread-1] INFO  server.RaftServerConfigKeys (ConfUtils.java:logGet(43)) - raft.server.log.appender.buffer.byte-limit = 33554432 (custom)
2019-08-29 09:04:37,305 [pool-71-thread-1] INFO  server.RaftServerConfigKeys (ConfUtils.java:logGet(43)) - raft.server.log.use.memory = false (default)
2019-08-29 09:04:37,305 [pool-49-thread-1] INFO  server.RaftServerConfigKeys (ConfUtils.java:logGet(43)) - raft.server.log.segment.size.max = 1048576 (custom)
2019-08-29 09:04:37,305 [pool-60-thread-1] INFO  server.RaftServerConfigKeys (ConfUtils.java:logGet(43)) - raft.server.log.purge.gap = 1000000 (custom)
2019-08-29 09:04:37,305 [pool-49-thread-1] INFO  server.RaftServerConfigKeys (ConfUtils.java:logGet(43)) - raft.server.log.segment.cache.num.max = 2 (custom)
2019-08-29 09:04:37,305 [pool-71-thread-1] INFO  server.RaftServerConfigKeys (ConfUtils.java:logGet(43)) - raft.server.log.purge.gap = 1000000 (custom)
2019-08-29 09:04:37,306 [pool-49-thread-1] INFO  segmented.SegmentedRaftLogWorker (SegmentedRaftLogWorker.java:<init>(172)) - new 4b2a007c-1499-41ce-aa2f-1cc7d8e71cba-SegmentedRaftLogWorker:Storage Directory /workdir/hadoop-ozone/integration-test/target/test-dir/MiniOzoneClusterImpl-6dc80b5f-6925-4c5f-a4b1-e2b147e12e2e/datanode-2/data/ratis/f000d71a-29b1-40b1-8903-d60b244b98b7 for RaftStorage:Storage Directory /workdir/hadoop-ozone/integration-test/target/test-dir/MiniOzoneClusterImpl-6dc80b5f-6925-4c5f-a4b1-e2b147e12e2e/datanode-2/data/ratis/f000d71a-29b1-40b1-8903-d60b244b98b7
2019-08-29 09:04:37,305 [pool-60-thread-1] INFO  server.RaftServerConfigKeys (ConfUtils.java:logGet(43)) - raft.server.log.appender.buffer.byte-limit = 33554432 (custom)
2019-08-29 09:04:37,306 [pool-49-thread-1] INFO  server.RaftServerConfigKeys (ConfUtils.java:logGet(43)) - raft.server.log.queue.byte-limit = 2147483647 (custom)
2019-08-29 09:04:37,307 [pool-49-thread-1] INFO  server.RaftServerConfigKeys (ConfUtils.java:logGet(43)) - raft.server.log.queue.element-limit = 1024 (custom)
2019-08-29 09:04:37,306 [pool-71-thread-1] INFO  server.RaftServerConfigKeys (ConfUtils.java:logGet(43)) - raft.server.log.appender.buffer.byte-limit = 33554432 (custom)
2019-08-29 09:04:37,308 [pool-49-thread-1] INFO  server.RaftServerConfigKeys (ConfUtils.java:logGet(43)) - raft.server.log.segment.size.max = 1048576 (custom)
2019-08-29 09:04:37,307 [pool-60-thread-1] INFO  server.RaftServerConfigKeys (ConfUtils.java:logGet(43)) - raft.server.log.segment.size.max = 1048576 (custom)
2019-08-29 09:04:37,308 [pool-49-thread-1] INFO  server.RaftServerConfigKeys (ConfUtils.java:logGet(43)) - raft.server.log.preallocated.size = 16384 (custom)
2019-08-29 09:04:37,308 [pool-71-thread-1] INFO  server.RaftServerConfigKeys (ConfUtils.java:logGet(43)) - raft.server.log.segment.size.max = 1048576 (custom)
2019-08-29 09:04:37,308 [pool-49-thread-1] INFO  server.RaftServerConfigKeys (ConfUtils.java:logGet(43)) - raft.server.log.write.buffer.size = 33554432 (custom)
2019-08-29 09:04:37,308 [pool-60-thread-1] INFO  server.RaftServerConfigKeys (ConfUtils.java:logGet(43)) - raft.server.log.segment.cache.num.max = 2 (custom)
2019-08-29 09:04:37,308 [pool-49-thread-1] INFO  server.RaftServerConfigKeys (ConfUtils.java:logGet(43)) - raft.server.log.force.sync.num = 128 (default)
2019-08-29 09:04:37,308 [pool-71-thread-1] INFO  server.RaftServerConfigKeys (ConfUtils.java:logGet(43)) - raft.server.log.segment.cache.num.max = 2 (custom)
2019-08-29 09:04:37,308 [pool-49-thread-1] INFO  server.RaftServerConfigKeys (ConfUtils.java:logGet(43)) - raft.server.log.statemachine.data.sync = true (default)
2019-08-29 09:04:37,308 [pool-60-thread-1] INFO  segmented.SegmentedRaftLogWorker (SegmentedRaftLogWorker.java:<init>(172)) - new 7761e897-e175-44b8-b4a7-8686aa902baa-SegmentedRaftLogWorker:Storage Directory /workdir/hadoop-ozone/integration-test/target/test-dir/MiniOzoneClusterImpl-6dc80b5f-6925-4c5f-a4b1-e2b147e12e2e/datanode-3/data/ratis/f000d71a-29b1-40b1-8903-d60b244b98b7 for RaftStorage:Storage Directory /workdir/hadoop-ozone/integration-test/target/test-dir/MiniOzoneClusterImpl-6dc80b5f-6925-4c5f-a4b1-e2b147e12e2e/datanode-3/data/ratis/f000d71a-29b1-40b1-8903-d60b244b98b7
2019-08-29 09:04:37,309 [pool-49-thread-1] INFO  server.RaftServerConfigKeys (ConfUtils.java:logGet(43)) - raft.server.log.statemachine.data.sync.timeout = 10s (default)
2019-08-29 09:04:37,308 [pool-71-thread-1] INFO  segmented.SegmentedRaftLogWorker (SegmentedRaftLogWorker.java:<init>(172)) - new 91dd3489-61e8-4546-a3e3-8d2c03f678e3-SegmentedRaftLogWorker:Storage Directory /workdir/hadoop-ozone/integration-test/target/test-dir/MiniOzoneClusterImpl-6dc80b5f-6925-4c5f-a4b1-e2b147e12e2e/datanode-4/data/ratis/f000d71a-29b1-40b1-8903-d60b244b98b7 for RaftStorage:Storage Directory /workdir/hadoop-ozone/integration-test/target/test-dir/MiniOzoneClusterImpl-6dc80b5f-6925-4c5f-a4b1-e2b147e12e2e/datanode-4/data/ratis/f000d71a-29b1-40b1-8903-d60b244b98b7
2019-08-29 09:04:37,309 [pool-49-thread-1] INFO  server.RaftServerConfigKeys (ConfUtils.java:logGet(43)) - raft.server.log.statemachine.data.sync.timeout.retry = -1 (default)
2019-08-29 09:04:37,309 [pool-60-thread-1] INFO  server.RaftServerConfigKeys (ConfUtils.java:logGet(43)) - raft.server.log.queue.byte-limit = 2147483647 (custom)
2019-08-29 09:04:37,310 [pool-71-thread-1] INFO  server.RaftServerConfigKeys (ConfUtils.java:logGet(43)) - raft.server.log.queue.byte-limit = 2147483647 (custom)
2019-08-29 09:04:37,311 [pool-60-thread-1] INFO  server.RaftServerConfigKeys (ConfUtils.java:logGet(43)) - raft.server.log.queue.element-limit = 1024 (custom)
2019-08-29 09:04:37,311 [pool-49-thread-1] INFO  server.RaftServerConfigKeys (ConfUtils.java:logGet(43)) - raft.server.log.statemachine.data.caching.enabled = true (custom)
2019-08-29 09:04:37,311 [pool-60-thread-1] INFO  server.RaftServerConfigKeys (ConfUtils.java:logGet(43)) - raft.server.log.segment.size.max = 1048576 (custom)
2019-08-29 09:04:37,311 [pool-71-thread-1] INFO  server.RaftServerConfigKeys (ConfUtils.java:logGet(43)) - raft.server.log.queue.element-limit = 1024 (custom)
2019-08-29 09:04:37,311 [pool-49-thread-1] INFO  segmented.SegmentedRaftLogWorker (SegmentedRaftLogWorker.java:lambda$new$0(132)) - 4b2a007c-1499-41ce-aa2f-1cc7d8e71cba-SegmentedRaftLogWorker:Storage Directory /workdir/hadoop-ozone/integration-test/target/test-dir/MiniOzoneClusterImpl-6dc80b5f-6925-4c5f-a4b1-e2b147e12e2e/datanode-2/data/ratis/f000d71a-29b1-40b1-8903-d60b244b98b7: flushIndex: setUnconditionally 0 -> -1
2019-08-29 09:04:37,311 [pool-60-thread-1] INFO  server.RaftServerConfigKeys (ConfUtils.java:logGet(43)) - raft.server.log.preallocated.size = 16384 (custom)
2019-08-29 09:04:37,311 [pool-71-thread-1] INFO  server.RaftServerConfigKeys (ConfUtils.java:logGet(43)) - raft.server.log.segment.size.max = 1048576 (custom)
2019-08-29 09:04:37,312 [pool-49-thread-1] INFO  server.RaftServerConfigKeys (ConfUtils.java:logGet(43)) - raft.server.snapshot.auto.trigger.enabled = true (custom)
2019-08-29 09:04:37,312 [pool-60-thread-1] INFO  server.RaftServerConfigKeys (ConfUtils.java:logGet(43)) - raft.server.log.write.buffer.size = 33554432 (custom)
2019-08-29 09:04:37,312 [pool-49-thread-1] INFO  server.RaftServerConfigKeys (ConfUtils.java:logGet(43)) - raft.server.snapshot.auto.trigger.threshold = 10000 (custom)
2019-08-29 09:04:37,312 [pool-71-thread-1] INFO  server.RaftServerConfigKeys (ConfUtils.java:logGet(43)) - raft.server.log.preallocated.size = 16384 (custom)
2019-08-29 09:04:37,312 [pool-49-thread-1] INFO  server.RaftServerConfigKeys (ConfUtils.java:logGet(43)) - raft.server.retrycache.expirytime = 600000ms (custom)
2019-08-29 09:04:37,312 [pool-60-thread-1] INFO  server.RaftServerConfigKeys (ConfUtils.java:logGet(43)) - raft.server.log.force.sync.num = 128 (default)
2019-08-29 09:04:37,312 [pool-71-thread-1] INFO  server.RaftServerConfigKeys (ConfUtils.java:logGet(43)) - raft.server.log.write.buffer.size = 33554432 (custom)
2019-08-29 09:04:37,312 [pool-60-thread-1] INFO  server.RaftServerConfigKeys (ConfUtils.java:logGet(43)) - raft.server.log.statemachine.data.sync = true (default)
2019-08-29 09:04:37,312 [pool-49-thread-1] INFO  impl.RaftServerImpl (RaftServerImpl.java:start(180)) - 4b2a007c-1499-41ce-aa2f-1cc7d8e71cba: start group-D60B244B98B7
2019-08-29 09:04:37,312 [pool-60-thread-1] INFO  server.RaftServerConfigKeys (ConfUtils.java:logGet(43)) - raft.server.log.statemachine.data.sync.timeout = 10s (default)
2019-08-29 09:04:37,312 [pool-71-thread-1] INFO  server.RaftServerConfigKeys (ConfUtils.java:logGet(43)) - raft.server.log.force.sync.num = 128 (default)
2019-08-29 09:04:37,313 [pool-60-thread-1] INFO  server.RaftServerConfigKeys (ConfUtils.java:logGet(43)) - raft.server.log.statemachine.data.sync.timeout.retry = -1 (default)
2019-08-29 09:04:37,313 [pool-49-thread-1] INFO  impl.RaftServerImpl (RaftServerImpl.java:setRole(171)) - 4b2a007c-1499-41ce-aa2f-1cc7d8e71cba:group-D60B244B98B7 changes role from null to FOLLOWER at term 0 for startAsFollower
2019-08-29 09:04:37,313 [pool-60-thread-1] INFO  server.RaftServerConfigKeys (ConfUtils.java:logGet(43)) - raft.server.log.statemachine.data.caching.enabled = true (custom)
2019-08-29 09:04:37,313 [pool-71-thread-1] INFO  server.RaftServerConfigKeys (ConfUtils.java:logGet(43)) - raft.server.log.statemachine.data.sync = true (default)
2019-08-29 09:04:37,313 [pool-49-thread-1] INFO  impl.RoleInfo (RoleInfo.java:updateAndGet(143)) - 4b2a007c-1499-41ce-aa2f-1cc7d8e71cba: start FollowerState
2019-08-29 09:04:37,313 [pool-60-thread-1] INFO  segmented.SegmentedRaftLogWorker (SegmentedRaftLogWorker.java:lambda$new$0(132)) - 7761e897-e175-44b8-b4a7-8686aa902baa-SegmentedRaftLogWorker:Storage Directory /workdir/hadoop-ozone/integration-test/target/test-dir/MiniOzoneClusterImpl-6dc80b5f-6925-4c5f-a4b1-e2b147e12e2e/datanode-3/data/ratis/f000d71a-29b1-40b1-8903-d60b244b98b7: flushIndex: setUnconditionally 0 -> -1
2019-08-29 09:04:37,313 [pool-71-thread-1] INFO  server.RaftServerConfigKeys (ConfUtils.java:logGet(43)) - raft.server.log.statemachine.data.sync.timeout = 10s (default)
2019-08-29 09:04:37,313 [pool-71-thread-1] INFO  server.RaftServerConfigKeys (ConfUtils.java:logGet(43)) - raft.server.log.statemachine.data.sync.timeout.retry = -1 (default)
2019-08-29 09:04:37,313 [pool-49-thread-1] INFO  util.JmxRegister (JmxRegister.java:tryRegister(44)) - Successfully registered JMX Bean with object name Ratis:service=RaftServer,group=group-D60B244B98B7,id=4b2a007c-1499-41ce-aa2f-1cc7d8e71cba
2019-08-29 09:04:37,314 [pool-71-thread-1] INFO  server.RaftServerConfigKeys (ConfUtils.java:logGet(43)) - raft.server.log.statemachine.data.caching.enabled = true (custom)
2019-08-29 09:04:37,313 [pool-60-thread-1] INFO  server.RaftServerConfigKeys (ConfUtils.java:logGet(43)) - raft.server.snapshot.auto.trigger.enabled = true (custom)
2019-08-29 09:04:37,314 [pool-60-thread-1] INFO  server.RaftServerConfigKeys (ConfUtils.java:logGet(43)) - raft.server.snapshot.auto.trigger.threshold = 10000 (custom)
2019-08-29 09:04:37,314 [pool-71-thread-1] INFO  segmented.SegmentedRaftLogWorker (SegmentedRaftLogWorker.java:lambda$new$0(132)) - 91dd3489-61e8-4546-a3e3-8d2c03f678e3-SegmentedRaftLogWorker:Storage Directory /workdir/hadoop-ozone/integration-test/target/test-dir/MiniOzoneClusterImpl-6dc80b5f-6925-4c5f-a4b1-e2b147e12e2e/datanode-4/data/ratis/f000d71a-29b1-40b1-8903-d60b244b98b7: flushIndex: setUnconditionally 0 -> -1
2019-08-29 09:04:37,314 [pool-60-thread-1] INFO  server.RaftServerConfigKeys (ConfUtils.java:logGet(43)) - raft.server.retrycache.expirytime = 600000ms (custom)
2019-08-29 09:04:37,314 [pool-71-thread-1] INFO  server.RaftServerConfigKeys (ConfUtils.java:logGet(43)) - raft.server.snapshot.auto.trigger.enabled = true (custom)
2019-08-29 09:04:37,314 [pool-60-thread-1] INFO  impl.RaftServerImpl (RaftServerImpl.java:start(180)) - 7761e897-e175-44b8-b4a7-8686aa902baa: start group-D60B244B98B7
2019-08-29 09:04:37,314 [pool-71-thread-1] INFO  server.RaftServerConfigKeys (ConfUtils.java:logGet(43)) - raft.server.snapshot.auto.trigger.threshold = 10000 (custom)
2019-08-29 09:04:37,314 [pool-60-thread-1] INFO  impl.RaftServerImpl (RaftServerImpl.java:setRole(171)) - 7761e897-e175-44b8-b4a7-8686aa902baa:group-D60B244B98B7 changes role from null to FOLLOWER at term 0 for startAsFollower
2019-08-29 09:04:37,316 [pool-71-thread-1] INFO  server.RaftServerConfigKeys (ConfUtils.java:logGet(43)) - raft.server.retrycache.expirytime = 600000ms (custom)
2019-08-29 09:04:37,316 [pool-60-thread-1] INFO  impl.RoleInfo (RoleInfo.java:updateAndGet(143)) - 7761e897-e175-44b8-b4a7-8686aa902baa: start FollowerState
2019-08-29 09:04:37,316 [pool-71-thread-1] INFO  impl.RaftServerImpl (RaftServerImpl.java:start(180)) - 91dd3489-61e8-4546-a3e3-8d2c03f678e3: start group-D60B244B98B7
2019-08-29 09:04:37,316 [pool-71-thread-1] INFO  impl.RaftServerImpl (RaftServerImpl.java:setRole(171)) - 91dd3489-61e8-4546-a3e3-8d2c03f678e3:group-D60B244B98B7 changes role from null to FOLLOWER at term 0 for startAsFollower
2019-08-29 09:04:37,316 [pool-60-thread-1] INFO  util.JmxRegister (JmxRegister.java:tryRegister(44)) - Successfully registered JMX Bean with object name Ratis:service=RaftServer,group=group-D60B244B98B7,id=7761e897-e175-44b8-b4a7-8686aa902baa
2019-08-29 09:04:37,316 [pool-71-thread-1] INFO  impl.RoleInfo (RoleInfo.java:updateAndGet(143)) - 91dd3489-61e8-4546-a3e3-8d2c03f678e3: start FollowerState
2019-08-29 09:04:37,316 [pool-71-thread-1] INFO  util.JmxRegister (JmxRegister.java:tryRegister(44)) - Successfully registered JMX Bean with object name Ratis:service=RaftServer,group=group-D60B244B98B7,id=91dd3489-61e8-4546-a3e3-8d2c03f678e3
2019-08-29 09:04:37,338 [RatisPipelineUtilsThread] INFO  pipeline.PipelineStateManager (PipelineStateManager.java:addPipeline(56)) - Created pipeline Pipeline[ Id: f000d71a-29b1-40b1-8903-d60b244b98b7, Nodes: 7761e897-e175-44b8-b4a7-8686aa902baa{ip: 192.168.5.182, host: pr-hdds-1569-8vb5f-3135838959, networkLocation: /default-rack, certSerialId: null}91dd3489-61e8-4546-a3e3-8d2c03f678e3{ip: 192.168.5.182, host: pr-hdds-1569-8vb5f-3135838959, networkLocation: /default-rack, certSerialId: null}4b2a007c-1499-41ce-aa2f-1cc7d8e71cba{ip: 192.168.5.182, host: pr-hdds-1569-8vb5f-3135838959, networkLocation: /default-rack, certSerialId: null}, Type:RATIS, Factor:THREE, State:OPEN]
2019-08-29 09:04:37,357 [grpc-default-executor-2] INFO  impl.RaftServerProxy (RaftServerProxy.java:addNew(89)) - 521648c2-032b-4493-bcb7-c7d55e99ae6f: addNew group-2CC28D3717A0:[87a9a438-f0b8-4b0f-a9b9-a9ad0ae17289:192.168.5.182:45901, 006047d9-e06e-4717-89c6-6c98a2152bd9:192.168.5.182:40422, 521648c2-032b-4493-bcb7-c7d55e99ae6f:192.168.5.182:34364] returns group-2CC28D3717A0:java.util.concurrent.CompletableFuture@79c2fc6c[Not completed]
2019-08-29 09:04:37,360 [grpc-default-executor-1] INFO  impl.RaftServerProxy (RaftServerProxy.java:addNew(89)) - 006047d9-e06e-4717-89c6-6c98a2152bd9: addNew group-2CC28D3717A0:[87a9a438-f0b8-4b0f-a9b9-a9ad0ae17289:192.168.5.182:45901, 006047d9-e06e-4717-89c6-6c98a2152bd9:192.168.5.182:40422, 521648c2-032b-4493-bcb7-c7d55e99ae6f:192.168.5.182:34364] returns group-2CC28D3717A0:java.util.concurrent.CompletableFuture@c07c839[Not completed]
2019-08-29 09:04:37,362 [grpc-default-executor-0] INFO  impl.RaftServerProxy (RaftServerProxy.java:addNew(89)) - 87a9a438-f0b8-4b0f-a9b9-a9ad0ae17289: addNew group-2CC28D3717A0:[87a9a438-f0b8-4b0f-a9b9-a9ad0ae17289:192.168.5.182:45901, 006047d9-e06e-4717-89c6-6c98a2152bd9:192.168.5.182:40422, 521648c2-032b-4493-bcb7-c7d55e99ae6f:192.168.5.182:34364] returns group-2CC28D3717A0:java.util.concurrent.CompletableFuture@3e1e075d[Not completed]
2019-08-29 09:04:37,363 [pool-38-thread-1] INFO  impl.RaftServerImpl (RaftServerImpl.java:<init>(93)) - 521648c2-032b-4493-bcb7-c7d55e99ae6f: new RaftServerImpl for group-2CC28D3717A0:[87a9a438-f0b8-4b0f-a9b9-a9ad0ae17289:192.168.5.182:45901, 006047d9-e06e-4717-89c6-6c98a2152bd9:192.168.5.182:40422, 521648c2-032b-4493-bcb7-c7d55e99ae6f:192.168.5.182:34364] with ContainerStateMachine:uninitialized
2019-08-29 09:04:37,363 [pool-38-thread-1] INFO  server.RaftServerConfigKeys (ConfUtils.java:logGet(43)) - raft.server.rpc.timeout.min = 5s (custom)
2019-08-29 09:04:37,363 [pool-38-thread-1] INFO  server.RaftServerConfigKeys (ConfUtils.java:logGet(43)) - raft.server.rpc.timeout.max = 5200ms (custom)
2019-08-29 09:04:37,363 [pool-38-thread-1] INFO  server.RaftServerConfigKeys (ConfUtils.java:logGet(43)) - raft.server.rpcslowness.timeout = 120s (custom)
2019-08-29 09:04:37,363 [pool-38-thread-1] INFO  server.RaftServerConfigKeys (ConfUtils.java:logGet(43)) - raft.server.sleep.deviation.threshold = 300 (default)
2019-08-29 09:04:37,363 [pool-38-thread-1] INFO  server.RaftServerConfigKeys (ConfUtils.java:logGet(43)) - raft.server.log.appender.install.snapshot.enabled = false (custom)
2019-08-29 09:04:37,363 [pool-27-thread-1] INFO  impl.RaftServerImpl (RaftServerImpl.java:<init>(93)) - 87a9a438-f0b8-4b0f-a9b9-a9ad0ae17289: new RaftServerImpl for group-2CC28D3717A0:[87a9a438-f0b8-4b0f-a9b9-a9ad0ae17289:192.168.5.182:45901, 006047d9-e06e-4717-89c6-6c98a2152bd9:192.168.5.182:40422, 521648c2-032b-4493-bcb7-c7d55e99ae6f:192.168.5.182:34364] with ContainerStateMachine:uninitialized
2019-08-29 09:04:37,363 [pool-38-thread-1] INFO  impl.RaftServerImpl (ServerState.java:<init>(105)) - 521648c2-032b-4493-bcb7-c7d55e99ae6f:group-2CC28D3717A0 ConfigurationManager, init=-1: [87a9a438-f0b8-4b0f-a9b9-a9ad0ae17289:192.168.5.182:45901, 006047d9-e06e-4717-89c6-6c98a2152bd9:192.168.5.182:40422, 521648c2-032b-4493-bcb7-c7d55e99ae6f:192.168.5.182:34364], old=null, confs=<EMPTY_MAP>
2019-08-29 09:04:37,363 [pool-27-thread-1] INFO  server.RaftServerConfigKeys (ConfUtils.java:logGet(43)) - raft.server.rpc.timeout.min = 5s (custom)
2019-08-29 09:04:37,364 [pool-38-thread-1] INFO  server.RaftServerConfigKeys (ConfUtils.java:logGet(43)) - raft.server.storage.dir = [/workdir/hadoop-ozone/integration-test/target/test-dir/MiniOzoneClusterImpl-6dc80b5f-6925-4c5f-a4b1-e2b147e12e2e/datanode-1/data/ratis] (custom)
2019-08-29 09:04:37,364 [pool-27-thread-1] INFO  server.RaftServerConfigKeys (ConfUtils.java:logGet(43)) - raft.server.rpc.timeout.max = 5200ms (custom)
2019-08-29 09:04:37,364 [pool-27-thread-1] INFO  server.RaftServerConfigKeys (ConfUtils.java:logGet(43)) - raft.server.rpcslowness.timeout = 120s (custom)
2019-08-29 09:04:37,364 [pool-27-thread-1] INFO  server.RaftServerConfigKeys (ConfUtils.java:logGet(43)) - raft.server.sleep.deviation.threshold = 300 (default)
2019-08-29 09:04:37,364 [pool-38-thread-1] INFO  storage.RaftStorageDirectory (RaftStorageDirectory.java:analyzeStorage(246)) - The storage directory /workdir/hadoop-ozone/integration-test/target/test-dir/MiniOzoneClusterImpl-6dc80b5f-6925-4c5f-a4b1-e2b147e12e2e/datanode-1/data/ratis/14175ea5-ff13-4987-9e46-2cc28d3717a0 does not exist. Creating ...
2019-08-29 09:04:37,366 [pool-82-thread-1] INFO  impl.RaftServerImpl (RaftServerImpl.java:<init>(93)) - 006047d9-e06e-4717-89c6-6c98a2152bd9: new RaftServerImpl for group-2CC28D3717A0:[87a9a438-f0b8-4b0f-a9b9-a9ad0ae17289:192.168.5.182:45901, 006047d9-e06e-4717-89c6-6c98a2152bd9:192.168.5.182:40422, 521648c2-032b-4493-bcb7-c7d55e99ae6f:192.168.5.182:34364] with ContainerStateMachine:uninitialized
2019-08-29 09:04:37,364 [pool-27-thread-1] INFO  server.RaftServerConfigKeys (ConfUtils.java:logGet(43)) - raft.server.log.appender.install.snapshot.enabled = false (custom)
2019-08-29 09:04:37,366 [pool-82-thread-1] INFO  server.RaftServerConfigKeys (ConfUtils.java:logGet(43)) - raft.server.rpc.timeout.min = 5s (custom)
2019-08-29 09:04:37,366 [pool-27-thread-1] INFO  impl.RaftServerImpl (ServerState.java:<init>(105)) - 87a9a438-f0b8-4b0f-a9b9-a9ad0ae17289:group-2CC28D3717A0 ConfigurationManager, init=-1: [87a9a438-f0b8-4b0f-a9b9-a9ad0ae17289:192.168.5.182:45901, 006047d9-e06e-4717-89c6-6c98a2152bd9:192.168.5.182:40422, 521648c2-032b-4493-bcb7-c7d55e99ae6f:192.168.5.182:34364], old=null, confs=<EMPTY_MAP>
2019-08-29 09:04:37,366 [pool-82-thread-1] INFO  server.RaftServerConfigKeys (ConfUtils.java:logGet(43)) - raft.server.rpc.timeout.max = 5200ms (custom)
2019-08-29 09:04:37,366 [pool-27-thread-1] INFO  server.RaftServerConfigKeys (ConfUtils.java:logGet(43)) - raft.server.storage.dir = [/workdir/hadoop-ozone/integration-test/target/test-dir/MiniOzoneClusterImpl-6dc80b5f-6925-4c5f-a4b1-e2b147e12e2e/datanode-0/data/ratis] (custom)
2019-08-29 09:04:37,366 [pool-82-thread-1] INFO  server.RaftServerConfigKeys (ConfUtils.java:logGet(43)) - raft.server.rpcslowness.timeout = 120s (custom)
2019-08-29 09:04:37,367 [pool-82-thread-1] INFO  server.RaftServerConfigKeys (ConfUtils.java:logGet(43)) - raft.server.sleep.deviation.threshold = 300 (default)
2019-08-29 09:04:37,367 [pool-82-thread-1] INFO  server.RaftServerConfigKeys (ConfUtils.java:logGet(43)) - raft.server.log.appender.install.snapshot.enabled = false (custom)
2019-08-29 09:04:37,367 [pool-27-thread-1] INFO  storage.RaftStorageDirectory (RaftStorageDirectory.java:analyzeStorage(246)) - The storage directory /workdir/hadoop-ozone/integration-test/target/test-dir/MiniOzoneClusterImpl-6dc80b5f-6925-4c5f-a4b1-e2b147e12e2e/datanode-0/data/ratis/14175ea5-ff13-4987-9e46-2cc28d3717a0 does not exist. Creating ...
2019-08-29 09:04:37,367 [pool-82-thread-1] INFO  impl.RaftServerImpl (ServerState.java:<init>(105)) - 006047d9-e06e-4717-89c6-6c98a2152bd9:group-2CC28D3717A0 ConfigurationManager, init=-1: [87a9a438-f0b8-4b0f-a9b9-a9ad0ae17289:192.168.5.182:45901, 006047d9-e06e-4717-89c6-6c98a2152bd9:192.168.5.182:40422, 521648c2-032b-4493-bcb7-c7d55e99ae6f:192.168.5.182:34364], old=null, confs=<EMPTY_MAP>
2019-08-29 09:04:37,367 [pool-82-thread-1] INFO  server.RaftServerConfigKeys (ConfUtils.java:logGet(43)) - raft.server.storage.dir = [/workdir/hadoop-ozone/integration-test/target/test-dir/MiniOzoneClusterImpl-6dc80b5f-6925-4c5f-a4b1-e2b147e12e2e/datanode-5/data/ratis] (custom)
2019-08-29 09:04:37,367 [pool-82-thread-1] INFO  storage.RaftStorageDirectory (RaftStorageDirectory.java:analyzeStorage(246)) - The storage directory /workdir/hadoop-ozone/integration-test/target/test-dir/MiniOzoneClusterImpl-6dc80b5f-6925-4c5f-a4b1-e2b147e12e2e/datanode-5/data/ratis/14175ea5-ff13-4987-9e46-2cc28d3717a0 does not exist. Creating ...
2019-08-29 09:04:37,380 [pool-27-thread-1] INFO  storage.RaftStorageDirectory (RaftStorageDirectory.java:tryLock(328)) - Lock on /workdir/hadoop-ozone/integration-test/target/test-dir/MiniOzoneClusterImpl-6dc80b5f-6925-4c5f-a4b1-e2b147e12e2e/datanode-0/data/ratis/14175ea5-ff13-4987-9e46-2cc28d3717a0/in_use.lock acquired by nodename 10121@pr-hdds-1569-8vb5f-3135838959
2019-08-29 09:04:37,380 [pool-38-thread-1] INFO  storage.RaftStorageDirectory (RaftStorageDirectory.java:tryLock(328)) - Lock on /workdir/hadoop-ozone/integration-test/target/test-dir/MiniOzoneClusterImpl-6dc80b5f-6925-4c5f-a4b1-e2b147e12e2e/datanode-1/data/ratis/14175ea5-ff13-4987-9e46-2cc28d3717a0/in_use.lock acquired by nodename 10121@pr-hdds-1569-8vb5f-3135838959
2019-08-29 09:04:37,380 [pool-82-thread-1] INFO  storage.RaftStorageDirectory (RaftStorageDirectory.java:tryLock(328)) - Lock on /workdir/hadoop-ozone/integration-test/target/test-dir/MiniOzoneClusterImpl-6dc80b5f-6925-4c5f-a4b1-e2b147e12e2e/datanode-5/data/ratis/14175ea5-ff13-4987-9e46-2cc28d3717a0/in_use.lock acquired by nodename 10121@pr-hdds-1569-8vb5f-3135838959
2019-08-29 09:04:37,395 [pool-38-thread-1] INFO  storage.RaftStorage (RaftStorage.java:format(72)) - Storage directory /workdir/hadoop-ozone/integration-test/target/test-dir/MiniOzoneClusterImpl-6dc80b5f-6925-4c5f-a4b1-e2b147e12e2e/datanode-1/data/ratis/14175ea5-ff13-4987-9e46-2cc28d3717a0 has been successfully formatted.
2019-08-29 09:04:37,395 [pool-27-thread-1] INFO  storage.RaftStorage (RaftStorage.java:format(72)) - Storage directory /workdir/hadoop-ozone/integration-test/target/test-dir/MiniOzoneClusterImpl-6dc80b5f-6925-4c5f-a4b1-e2b147e12e2e/datanode-0/data/ratis/14175ea5-ff13-4987-9e46-2cc28d3717a0 has been successfully formatted.
2019-08-29 09:04:37,395 [pool-82-thread-1] INFO  storage.RaftStorage (RaftStorage.java:format(72)) - Storage directory /workdir/hadoop-ozone/integration-test/target/test-dir/MiniOzoneClusterImpl-6dc80b5f-6925-4c5f-a4b1-e2b147e12e2e/datanode-5/data/ratis/14175ea5-ff13-4987-9e46-2cc28d3717a0 has been successfully formatted.
2019-08-29 09:04:37,395 [pool-38-thread-1] INFO  ratis.ContainerStateMachine (ContainerStateMachine.java:loadSnapshot(226)) - group-2CC28D3717A0: The snapshot info is null. Setting the last applied indexto:(t:0, i:~)
2019-08-29 09:04:37,395 [pool-27-thread-1] INFO  ratis.ContainerStateMachine (ContainerStateMachine.java:loadSnapshot(226)) - group-2CC28D3717A0: The snapshot info is null. Setting the last applied indexto:(t:0, i:~)
2019-08-29 09:04:37,395 [pool-82-thread-1] INFO  ratis.ContainerStateMachine (ContainerStateMachine.java:loadSnapshot(226)) - group-2CC28D3717A0: The snapshot info is null. Setting the last applied indexto:(t:0, i:~)
2019-08-29 09:04:37,395 [pool-38-thread-1] INFO  server.RaftServerConfigKeys (ConfUtils.java:logGet(43)) - raft.server.leader.election.timeout = 120s (custom)
2019-08-29 09:04:37,395 [pool-82-thread-1] INFO  server.RaftServerConfigKeys (ConfUtils.java:logGet(43)) - raft.server.leader.election.timeout = 120s (custom)
2019-08-29 09:04:37,395 [pool-27-thread-1] INFO  server.RaftServerConfigKeys (ConfUtils.java:logGet(43)) - raft.server.leader.election.timeout = 120s (custom)
2019-08-29 09:04:37,395 [pool-82-thread-1] INFO  server.RaftServerConfigKeys (ConfUtils.java:logGet(43)) - raft.server.log.use.memory = false (default)
2019-08-29 09:04:37,395 [pool-38-thread-1] INFO  server.RaftServerConfigKeys (ConfUtils.java:logGet(43)) - raft.server.log.use.memory = false (default)
2019-08-29 09:04:37,396 [pool-82-thread-1] INFO  server.RaftServerConfigKeys (ConfUtils.java:logGet(43)) - raft.server.log.purge.gap = 1000000 (custom)
2019-08-29 09:04:37,396 [pool-27-thread-1] INFO  server.RaftServerConfigKeys (ConfUtils.java:logGet(43)) - raft.server.log.use.memory = false (default)
2019-08-29 09:04:37,396 [pool-82-thread-1] INFO  server.RaftServerConfigKeys (ConfUtils.java:logGet(43)) - raft.server.log.appender.buffer.byte-limit = 33554432 (custom)
2019-08-29 09:04:37,396 [pool-38-thread-1] INFO  server.RaftServerConfigKeys (ConfUtils.java:logGet(43)) - raft.server.log.purge.gap = 1000000 (custom)
2019-08-29 09:04:37,396 [pool-82-thread-1] INFO  server.RaftServerConfigKeys (ConfUtils.java:logGet(43)) - raft.server.log.segment.size.max = 1048576 (custom)
2019-08-29 09:04:37,396 [pool-27-thread-1] INFO  server.RaftServerConfigKeys (ConfUtils.java:logGet(43)) - raft.server.log.purge.gap = 1000000 (custom)
2019-08-29 09:04:37,396 [pool-82-thread-1] INFO  server.RaftServerConfigKeys (ConfUtils.java:logGet(43)) - raft.server.log.segment.cache.num.max = 2 (custom)
2019-08-29 09:04:37,396 [pool-38-thread-1] INFO  server.RaftServerConfigKeys (ConfUtils.java:logGet(43)) - raft.server.log.appender.buffer.byte-limit = 33554432 (custom)
2019-08-29 09:04:37,396 [pool-82-thread-1] INFO  segmented.SegmentedRaftLogWorker (SegmentedRaftLogWorker.java:<init>(172)) - new 006047d9-e06e-4717-89c6-6c98a2152bd9-SegmentedRaftLogWorker:Storage Directory /workdir/hadoop-ozone/integration-test/target/test-dir/MiniOzoneClusterImpl-6dc80b5f-6925-4c5f-a4b1-e2b147e12e2e/datanode-5/data/ratis/14175ea5-ff13-4987-9e46-2cc28d3717a0 for RaftStorage:Storage Directory /workdir/hadoop-ozone/integration-test/target/test-dir/MiniOzoneClusterImpl-6dc80b5f-6925-4c5f-a4b1-e2b147e12e2e/datanode-5/data/ratis/14175ea5-ff13-4987-9e46-2cc28d3717a0
2019-08-29 09:04:37,396 [pool-27-thread-1] INFO  server.RaftServerConfigKeys (ConfUtils.java:logGet(43)) - raft.server.log.appender.buffer.byte-limit = 33554432 (custom)
2019-08-29 09:04:37,397 [pool-82-thread-1] INFO  server.RaftServerConfigKeys (ConfUtils.java:logGet(43)) - raft.server.log.queue.byte-limit = 2147483647 (custom)
2019-08-29 09:04:37,397 [pool-38-thread-1] INFO  server.RaftServerConfigKeys (ConfUtils.java:logGet(43)) - raft.server.log.segment.size.max = 1048576 (custom)
2019-08-29 09:04:37,398 [pool-82-thread-1] INFO  server.RaftServerConfigKeys (ConfUtils.java:logGet(43)) - raft.server.log.queue.element-limit = 1024 (custom)
2019-08-29 09:04:37,398 [pool-27-thread-1] INFO  server.RaftServerConfigKeys (ConfUtils.java:logGet(43)) - raft.server.log.segment.size.max = 1048576 (custom)
2019-08-29 09:04:37,398 [pool-38-thread-1] INFO  server.RaftServerConfigKeys (ConfUtils.java:logGet(43)) - raft.server.log.segment.cache.num.max = 2 (custom)
2019-08-29 09:04:37,399 [pool-82-thread-1] INFO  server.RaftServerConfigKeys (ConfUtils.java:logGet(43)) - raft.server.log.segment.size.max = 1048576 (custom)
2019-08-29 09:04:37,399 [pool-27-thread-1] INFO  server.RaftServerConfigKeys (ConfUtils.java:logGet(43)) - raft.server.log.segment.cache.num.max = 2 (custom)
2019-08-29 09:04:37,399 [pool-82-thread-1] INFO  server.RaftServerConfigKeys (ConfUtils.java:logGet(43)) - raft.server.log.preallocated.size = 16384 (custom)
2019-08-29 09:04:37,399 [pool-38-thread-1] INFO  segmented.SegmentedRaftLogWorker (SegmentedRaftLogWorker.java:<init>(172)) - new 521648c2-032b-4493-bcb7-c7d55e99ae6f-SegmentedRaftLogWorker:Storage Directory /workdir/hadoop-ozone/integration-test/target/test-dir/MiniOzoneClusterImpl-6dc80b5f-6925-4c5f-a4b1-e2b147e12e2e/datanode-1/data/ratis/14175ea5-ff13-4987-9e46-2cc28d3717a0 for RaftStorage:Storage Directory /workdir/hadoop-ozone/integration-test/target/test-dir/MiniOzoneClusterImpl-6dc80b5f-6925-4c5f-a4b1-e2b147e12e2e/datanode-1/data/ratis/14175ea5-ff13-4987-9e46-2cc28d3717a0
2019-08-29 09:04:37,399 [pool-82-thread-1] INFO  server.RaftServerConfigKeys (ConfUtils.java:logGet(43)) - raft.server.log.write.buffer.size = 33554432 (custom)
2019-08-29 09:04:37,399 [pool-27-thread-1] INFO  segmented.SegmentedRaftLogWorker (SegmentedRaftLogWorker.java:<init>(172)) - new 87a9a438-f0b8-4b0f-a9b9-a9ad0ae17289-SegmentedRaftLogWorker:Storage Directory /workdir/hadoop-ozone/integration-test/target/test-dir/MiniOzoneClusterImpl-6dc80b5f-6925-4c5f-a4b1-e2b147e12e2e/datanode-0/data/ratis/14175ea5-ff13-4987-9e46-2cc28d3717a0 for RaftStorage:Storage Directory /workdir/hadoop-ozone/integration-test/target/test-dir/MiniOzoneClusterImpl-6dc80b5f-6925-4c5f-a4b1-e2b147e12e2e/datanode-0/data/ratis/14175ea5-ff13-4987-9e46-2cc28d3717a0
2019-08-29 09:04:37,399 [pool-38-thread-1] INFO  server.RaftServerConfigKeys (ConfUtils.java:logGet(43)) - raft.server.log.queue.byte-limit = 2147483647 (custom)
2019-08-29 09:04:37,400 [pool-27-thread-1] INFO  server.RaftServerConfigKeys (ConfUtils.java:logGet(43)) - raft.server.log.queue.byte-limit = 2147483647 (custom)
2019-08-29 09:04:37,400 [pool-38-thread-1] INFO  server.RaftServerConfigKeys (ConfUtils.java:logGet(43)) - raft.server.log.queue.element-limit = 1024 (custom)
2019-08-29 09:04:37,399 [pool-82-thread-1] INFO  server.RaftServerConfigKeys (ConfUtils.java:logGet(43)) - raft.server.log.force.sync.num = 128 (default)
2019-08-29 09:04:37,402 [pool-38-thread-1] INFO  server.RaftServerConfigKeys (ConfUtils.java:logGet(43)) - raft.server.log.segment.size.max = 1048576 (custom)
2019-08-29 09:04:37,402 [pool-27-thread-1] INFO  server.RaftServerConfigKeys (ConfUtils.java:logGet(43)) - raft.server.log.queue.element-limit = 1024 (custom)
2019-08-29 09:04:37,402 [pool-38-thread-1] INFO  server.RaftServerConfigKeys (ConfUtils.java:logGet(43)) - raft.server.log.preallocated.size = 16384 (custom)
2019-08-29 09:04:37,402 [pool-82-thread-1] INFO  server.RaftServerConfigKeys (ConfUtils.java:logGet(43)) - raft.server.log.statemachine.data.sync = true (default)
2019-08-29 09:04:37,402 [pool-38-thread-1] INFO  server.RaftServerConfigKeys (ConfUtils.java:logGet(43)) - raft.server.log.write.buffer.size = 33554432 (custom)
2019-08-29 09:04:37,402 [pool-27-thread-1] INFO  server.RaftServerConfigKeys (ConfUtils.java:logGet(43)) - raft.server.log.segment.size.max = 1048576 (custom)
2019-08-29 09:04:37,403 [pool-38-thread-1] INFO  server.RaftServerConfigKeys (ConfUtils.java:logGet(43)) - raft.server.log.force.sync.num = 128 (default)
2019-08-29 09:04:37,402 [pool-82-thread-1] INFO  server.RaftServerConfigKeys (ConfUtils.java:logGet(43)) - raft.server.log.statemachine.data.sync.timeout = 10s (default)
2019-08-29 09:04:37,403 [pool-38-thread-1] INFO  server.RaftServerConfigKeys (ConfUtils.java:logGet(43)) - raft.server.log.statemachine.data.sync = true (default)
2019-08-29 09:04:37,403 [pool-27-thread-1] INFO  server.RaftServerConfigKeys (ConfUtils.java:logGet(43)) - raft.server.log.preallocated.size = 16384 (custom)
2019-08-29 09:04:37,403 [pool-38-thread-1] INFO  server.RaftServerConfigKeys (ConfUtils.java:logGet(43)) - raft.server.log.statemachine.data.sync.timeout = 10s (default)
2019-08-29 09:04:37,403 [pool-82-thread-1] INFO  server.RaftServerConfigKeys (ConfUtils.java:logGet(43)) - raft.server.log.statemachine.data.sync.timeout.retry = -1 (default)
2019-08-29 09:04:37,403 [pool-38-thread-1] INFO  server.RaftServerConfigKeys (ConfUtils.java:logGet(43)) - raft.server.log.statemachine.data.sync.timeout.retry = -1 (default)
2019-08-29 09:04:37,403 [pool-27-thread-1] INFO  server.RaftServerConfigKeys (ConfUtils.java:logGet(43)) - raft.server.log.write.buffer.size = 33554432 (custom)
2019-08-29 09:04:37,404 [pool-82-thread-1] INFO  server.RaftServerConfigKeys (ConfUtils.java:logGet(43)) - raft.server.log.statemachine.data.caching.enabled = true (custom)
2019-08-29 09:04:37,404 [pool-27-thread-1] INFO  server.RaftServerConfigKeys (ConfUtils.java:logGet(43)) - raft.server.log.force.sync.num = 128 (default)
2019-08-29 09:04:37,404 [pool-38-thread-1] INFO  server.RaftServerConfigKeys (ConfUtils.java:logGet(43)) - raft.server.log.statemachine.data.caching.enabled = true (custom)
2019-08-29 09:04:37,404 [pool-82-thread-1] INFO  segmented.SegmentedRaftLogWorker (SegmentedRaftLogWorker.java:lambda$new$0(132)) - 006047d9-e06e-4717-89c6-6c98a2152bd9-SegmentedRaftLogWorker:Storage Directory /workdir/hadoop-ozone/integration-test/target/test-dir/MiniOzoneClusterImpl-6dc80b5f-6925-4c5f-a4b1-e2b147e12e2e/datanode-5/data/ratis/14175ea5-ff13-4987-9e46-2cc28d3717a0: flushIndex: setUnconditionally 0 -> -1
2019-08-29 09:04:37,404 [pool-27-thread-1] INFO  server.RaftServerConfigKeys (ConfUtils.java:logGet(43)) - raft.server.log.statemachine.data.sync = true (default)
2019-08-29 09:04:37,404 [pool-38-thread-1] INFO  segmented.SegmentedRaftLogWorker (SegmentedRaftLogWorker.java:lambda$new$0(132)) - 521648c2-032b-4493-bcb7-c7d55e99ae6f-SegmentedRaftLogWorker:Storage Directory /workdir/hadoop-ozone/integration-test/target/test-dir/MiniOzoneClusterImpl-6dc80b5f-6925-4c5f-a4b1-e2b147e12e2e/datanode-1/data/ratis/14175ea5-ff13-4987-9e46-2cc28d3717a0: flushIndex: setUnconditionally 0 -> -1
2019-08-29 09:04:37,404 [pool-82-thread-1] INFO  server.RaftServerConfigKeys (ConfUtils.java:logGet(43)) - raft.server.snapshot.auto.trigger.enabled = true (custom)
2019-08-29 09:04:37,404 [pool-27-thread-1] INFO  server.RaftServerConfigKeys (ConfUtils.java:logGet(43)) - raft.server.log.statemachine.data.sync.timeout = 10s (default)
2019-08-29 09:04:37,405 [pool-38-thread-1] INFO  server.RaftServerConfigKeys (ConfUtils.java:logGet(43)) - raft.server.snapshot.auto.trigger.enabled = true (custom)
2019-08-29 09:04:37,404 [pool-82-thread-1] INFO  server.RaftServerConfigKeys (ConfUtils.java:logGet(43)) - raft.server.snapshot.auto.trigger.threshold = 10000 (custom)
2019-08-29 09:04:37,405 [pool-38-thread-1] INFO  server.RaftServerConfigKeys (ConfUtils.java:logGet(43)) - raft.server.snapshot.auto.trigger.threshold = 10000 (custom)
2019-08-29 09:04:37,405 [pool-27-thread-1] INFO  server.RaftServerConfigKeys (ConfUtils.java:logGet(43)) - raft.server.log.statemachine.data.sync.timeout.retry = -1 (default)
2019-08-29 09:04:37,405 [pool-38-thread-1] INFO  server.RaftServerConfigKeys (ConfUtils.java:logGet(43)) - raft.server.retrycache.expirytime = 600000ms (custom)
2019-08-29 09:04:37,405 [pool-82-thread-1] INFO  server.RaftServerConfigKeys (ConfUtils.java:logGet(43)) - raft.server.retrycache.expirytime = 600000ms (custom)
2019-08-29 09:04:37,405 [pool-27-thread-1] INFO  server.RaftServerConfigKeys (ConfUtils.java:logGet(43)) - raft.server.log.statemachine.data.caching.enabled = true (custom)
2019-08-29 09:04:37,405 [pool-38-thread-1] INFO  impl.RaftServerImpl (RaftServerImpl.java:start(180)) - 521648c2-032b-4493-bcb7-c7d55e99ae6f: start group-2CC28D3717A0
2019-08-29 09:04:37,405 [pool-82-thread-1] INFO  impl.RaftServerImpl (RaftServerImpl.java:start(180)) - 006047d9-e06e-4717-89c6-6c98a2152bd9: start group-2CC28D3717A0
2019-08-29 09:04:37,406 [pool-38-thread-1] INFO  impl.RaftServerImpl (RaftServerImpl.java:setRole(171)) - 521648c2-032b-4493-bcb7-c7d55e99ae6f:group-2CC28D3717A0 changes role from null to FOLLOWER at term 0 for startAsFollower
2019-08-29 09:04:37,405 [pool-27-thread-1] INFO  segmented.SegmentedRaftLogWorker (SegmentedRaftLogWorker.java:lambda$new$0(132)) - 87a9a438-f0b8-4b0f-a9b9-a9ad0ae17289-SegmentedRaftLogWorker:Storage Directory /workdir/hadoop-ozone/integration-test/target/test-dir/MiniOzoneClusterImpl-6dc80b5f-6925-4c5f-a4b1-e2b147e12e2e/datanode-0/data/ratis/14175ea5-ff13-4987-9e46-2cc28d3717a0: flushIndex: setUnconditionally 0 -> -1
2019-08-29 09:04:37,406 [pool-38-thread-1] INFO  impl.RoleInfo (RoleInfo.java:updateAndGet(143)) - 521648c2-032b-4493-bcb7-c7d55e99ae6f: start FollowerState
2019-08-29 09:04:37,406 [pool-27-thread-1] INFO  server.RaftServerConfigKeys (ConfUtils.java:logGet(43)) - raft.server.snapshot.auto.trigger.enabled = true (custom)
2019-08-29 09:04:37,406 [pool-82-thread-1] INFO  impl.RaftServerImpl (RaftServerImpl.java:setRole(171)) - 006047d9-e06e-4717-89c6-6c98a2152bd9:group-2CC28D3717A0 changes role from null to FOLLOWER at term 0 for startAsFollower
2019-08-29 09:04:37,406 [pool-27-thread-1] INFO  server.RaftServerConfigKeys (ConfUtils.java:logGet(43)) - raft.server.snapshot.auto.trigger.threshold = 10000 (custom)
2019-08-29 09:04:37,406 [pool-82-thread-1] INFO  impl.RoleInfo (RoleInfo.java:updateAndGet(143)) - 006047d9-e06e-4717-89c6-6c98a2152bd9: start FollowerState
2019-08-29 09:04:37,406 [pool-27-thread-1] INFO  server.RaftServerConfigKeys (ConfUtils.java:logGet(43)) - raft.server.retrycache.expirytime = 600000ms (custom)
2019-08-29 09:04:37,406 [pool-38-thread-1] INFO  util.JmxRegister (JmxRegister.java:tryRegister(44)) - Successfully registered JMX Bean with object name Ratis:service=RaftServer,group=group-2CC28D3717A0,id=521648c2-032b-4493-bcb7-c7d55e99ae6f
2019-08-29 09:04:37,406 [pool-27-thread-1] INFO  impl.RaftServerImpl (RaftServerImpl.java:start(180)) - 87a9a438-f0b8-4b0f-a9b9-a9ad0ae17289: start group-2CC28D3717A0
2019-08-29 09:04:37,406 [pool-82-thread-1] INFO  util.JmxRegister (JmxRegister.java:tryRegister(44)) - Successfully registered JMX Bean with object name Ratis:service=RaftServer,group=group-2CC28D3717A0,id=006047d9-e06e-4717-89c6-6c98a2152bd9
2019-08-29 09:04:37,407 [pool-27-thread-1] INFO  impl.RaftServerImpl (RaftServerImpl.java:setRole(171)) - 87a9a438-f0b8-4b0f-a9b9-a9ad0ae17289:group-2CC28D3717A0 changes role from null to FOLLOWER at term 0 for startAsFollower
2019-08-29 09:04:37,407 [pool-27-thread-1] INFO  impl.RoleInfo (RoleInfo.java:updateAndGet(143)) - 87a9a438-f0b8-4b0f-a9b9-a9ad0ae17289: start FollowerState
2019-08-29 09:04:37,407 [pool-27-thread-1] INFO  util.JmxRegister (JmxRegister.java:tryRegister(44)) - Successfully registered JMX Bean with object name Ratis:service=RaftServer,group=group-2CC28D3717A0,id=87a9a438-f0b8-4b0f-a9b9-a9ad0ae17289
2019-08-29 09:04:37,430 [RatisPipelineUtilsThread] INFO  pipeline.PipelineStateManager (PipelineStateManager.java:addPipeline(56)) - Created pipeline Pipeline[ Id: 14175ea5-ff13-4987-9e46-2cc28d3717a0, Nodes: 006047d9-e06e-4717-89c6-6c98a2152bd9{ip: 192.168.5.182, host: pr-hdds-1569-8vb5f-3135838959, networkLocation: /default-rack, certSerialId: null}521648c2-032b-4493-bcb7-c7d55e99ae6f{ip: 192.168.5.182, host: pr-hdds-1569-8vb5f-3135838959, networkLocation: /default-rack, certSerialId: null}87a9a438-f0b8-4b0f-a9b9-a9ad0ae17289{ip: 192.168.5.182, host: pr-hdds-1569-8vb5f-3135838959, networkLocation: /default-rack, certSerialId: null}, Type:RATIS, Factor:THREE, State:OPEN]
2019-08-29 09:04:37,445 [grpc-default-executor-0] INFO  impl.RaftServerProxy (RaftServerProxy.java:addNew(89)) - 006047d9-e06e-4717-89c6-6c98a2152bd9: addNew group-B93F173B0792:[006047d9-e06e-4717-89c6-6c98a2152bd9:192.168.5.182:40422] returns group-B93F173B0792:java.util.concurrent.CompletableFuture@19e73ed4[Not completed]
2019-08-29 09:04:37,447 [pool-82-thread-1] INFO  impl.RaftServerImpl (RaftServerImpl.java:<init>(93)) - 006047d9-e06e-4717-89c6-6c98a2152bd9: new RaftServerImpl for group-B93F173B0792:[006047d9-e06e-4717-89c6-6c98a2152bd9:192.168.5.182:40422] with ContainerStateMachine:uninitialized
2019-08-29 09:04:37,448 [pool-82-thread-1] INFO  server.RaftServerConfigKeys (ConfUtils.java:logGet(43)) - raft.server.rpc.timeout.min = 5s (custom)
2019-08-29 09:04:37,448 [pool-82-thread-1] INFO  server.RaftServerConfigKeys (ConfUtils.java:logGet(43)) - raft.server.rpc.timeout.max = 5200ms (custom)
2019-08-29 09:04:37,448 [pool-82-thread-1] INFO  server.RaftServerConfigKeys (ConfUtils.java:logGet(43)) - raft.server.rpcslowness.timeout = 120s (custom)
2019-08-29 09:04:37,449 [pool-82-thread-1] INFO  server.RaftServerConfigKeys (ConfUtils.java:logGet(43)) - raft.server.sleep.deviation.threshold = 300 (default)
2019-08-29 09:04:37,449 [pool-82-thread-1] INFO  server.RaftServerConfigKeys (ConfUtils.java:logGet(43)) - raft.server.log.appender.install.snapshot.enabled = false (custom)
2019-08-29 09:04:37,449 [pool-82-thread-1] INFO  impl.RaftServerImpl (ServerState.java:<init>(105)) - 006047d9-e06e-4717-89c6-6c98a2152bd9:group-B93F173B0792 ConfigurationManager, init=-1: [006047d9-e06e-4717-89c6-6c98a2152bd9:192.168.5.182:40422], old=null, confs=<EMPTY_MAP>
2019-08-29 09:04:37,449 [pool-82-thread-1] INFO  server.RaftServerConfigKeys (ConfUtils.java:logGet(43)) - raft.server.storage.dir = [/workdir/hadoop-ozone/integration-test/target/test-dir/MiniOzoneClusterImpl-6dc80b5f-6925-4c5f-a4b1-e2b147e12e2e/datanode-5/data/ratis] (custom)
2019-08-29 09:04:37,449 [pool-82-thread-1] INFO  storage.RaftStorageDirectory (RaftStorageDirectory.java:analyzeStorage(246)) - The storage directory /workdir/hadoop-ozone/integration-test/target/test-dir/MiniOzoneClusterImpl-6dc80b5f-6925-4c5f-a4b1-e2b147e12e2e/datanode-5/data/ratis/08accee3-6f37-4146-a111-b93f173b0792 does not exist. Creating ...
2019-08-29 09:04:37,463 [main] INFO  ozone.MiniOzoneClusterImpl (MiniOzoneClusterImpl.java:lambda$waitForClusterToBeReady$0(142)) - Waiting for cluster to be ready. Got 6 of 7 DN Heartbeats.
2019-08-29 09:04:37,464 [IPC Server handler 9 on 39658] INFO  net.NetworkTopology (NetworkTopologyImpl.java:add(110)) - Added a new node: /default-rack/a27ef1f6-d80e-49dc-8aba-c653950ad4b4
2019-08-29 09:04:37,464 [IPC Server handler 9 on 39658] INFO  node.SCMNodeManager (SCMNodeManager.java:register(273)) - Registered Data node : a27ef1f6-d80e-49dc-8aba-c653950ad4b4{ip: 192.168.5.182, host: pr-hdds-1569-8vb5f-3135838959, networkLocation: /default-rack, certSerialId: null}
2019-08-29 09:04:37,465 | INFO  | SCMAudit | user=jenkins1000 | ip=192.168.5.182 | op=REGISTER {datanodeDetails=a27ef1f6-d80e-49dc-8aba-c653950ad4b4{ip: 192.168.5.182, host: pr-hdds-1569-8vb5f-3135838959, networkLocation: /default-rack, certSerialId: null}} | ret=SUCCESS |  
2019-08-29 09:04:37,473 [pool-82-thread-1] INFO  storage.RaftStorageDirectory (RaftStorageDirectory.java:tryLock(328)) - Lock on /workdir/hadoop-ozone/integration-test/target/test-dir/MiniOzoneClusterImpl-6dc80b5f-6925-4c5f-a4b1-e2b147e12e2e/datanode-5/data/ratis/08accee3-6f37-4146-a111-b93f173b0792/in_use.lock acquired by nodename 10121@pr-hdds-1569-8vb5f-3135838959
2019-08-29 09:04:37,486 [pool-82-thread-1] INFO  storage.RaftStorage (RaftStorage.java:format(72)) - Storage directory /workdir/hadoop-ozone/integration-test/target/test-dir/MiniOzoneClusterImpl-6dc80b5f-6925-4c5f-a4b1-e2b147e12e2e/datanode-5/data/ratis/08accee3-6f37-4146-a111-b93f173b0792 has been successfully formatted.
2019-08-29 09:04:37,486 [pool-82-thread-1] INFO  ratis.ContainerStateMachine (ContainerStateMachine.java:loadSnapshot(226)) - group-B93F173B0792: The snapshot info is null. Setting the last applied indexto:(t:0, i:~)
2019-08-29 09:04:37,486 [pool-82-thread-1] INFO  server.RaftServerConfigKeys (ConfUtils.java:logGet(43)) - raft.server.leader.election.timeout = 120s (custom)
2019-08-29 09:04:37,486 [pool-82-thread-1] INFO  server.RaftServerConfigKeys (ConfUtils.java:logGet(43)) - raft.server.log.use.memory = false (default)
2019-08-29 09:04:37,486 [pool-82-thread-1] INFO  server.RaftServerConfigKeys (ConfUtils.java:logGet(43)) - raft.server.log.purge.gap = 1000000 (custom)
2019-08-29 09:04:37,487 [pool-82-thread-1] INFO  server.RaftServerConfigKeys (ConfUtils.java:logGet(43)) - raft.server.log.appender.buffer.byte-limit = 33554432 (custom)
2019-08-29 09:04:37,487 [pool-82-thread-1] INFO  server.RaftServerConfigKeys (ConfUtils.java:logGet(43)) - raft.server.log.segment.size.max = 1048576 (custom)
2019-08-29 09:04:37,487 [pool-82-thread-1] INFO  server.RaftServerConfigKeys (ConfUtils.java:logGet(43)) - raft.server.log.segment.cache.num.max = 2 (custom)
2019-08-29 09:04:37,487 [pool-82-thread-1] INFO  segmented.SegmentedRaftLogWorker (SegmentedRaftLogWorker.java:<init>(172)) - new 006047d9-e06e-4717-89c6-6c98a2152bd9-SegmentedRaftLogWorker:Storage Directory /workdir/hadoop-ozone/integration-test/target/test-dir/MiniOzoneClusterImpl-6dc80b5f-6925-4c5f-a4b1-e2b147e12e2e/datanode-5/data/ratis/08accee3-6f37-4146-a111-b93f173b0792 for RaftStorage:Storage Directory /workdir/hadoop-ozone/integration-test/target/test-dir/MiniOzoneClusterImpl-6dc80b5f-6925-4c5f-a4b1-e2b147e12e2e/datanode-5/data/ratis/08accee3-6f37-4146-a111-b93f173b0792
2019-08-29 09:04:37,487 [pool-82-thread-1] INFO  server.RaftServerConfigKeys (ConfUtils.java:logGet(43)) - raft.server.log.queue.byte-limit = 2147483647 (custom)
2019-08-29 09:04:37,487 [pool-82-thread-1] INFO  server.RaftServerConfigKeys (ConfUtils.java:logGet(43)) - raft.server.log.queue.element-limit = 1024 (custom)
2019-08-29 09:04:37,487 [pool-82-thread-1] INFO  server.RaftServerConfigKeys (ConfUtils.java:logGet(43)) - raft.server.log.segment.size.max = 1048576 (custom)
2019-08-29 09:04:37,487 [pool-82-thread-1] INFO  server.RaftServerConfigKeys (ConfUtils.java:logGet(43)) - raft.server.log.preallocated.size = 16384 (custom)
2019-08-29 09:04:37,488 [pool-82-thread-1] INFO  server.RaftServerConfigKeys (ConfUtils.java:logGet(43)) - raft.server.log.write.buffer.size = 33554432 (custom)
2019-08-29 09:04:37,488 [pool-82-thread-1] INFO  server.RaftServerConfigKeys (ConfUtils.java:logGet(43)) - raft.server.log.force.sync.num = 128 (default)
2019-08-29 09:04:37,488 [pool-82-thread-1] INFO  server.RaftServerConfigKeys (ConfUtils.java:logGet(43)) - raft.server.log.statemachine.data.sync = true (default)
2019-08-29 09:04:37,488 [pool-82-thread-1] INFO  server.RaftServerConfigKeys (ConfUtils.java:logGet(43)) - raft.server.log.statemachine.data.sync.timeout = 10s (default)
2019-08-29 09:04:37,488 [pool-82-thread-1] INFO  server.RaftServerConfigKeys (ConfUtils.java:logGet(43)) - raft.server.log.statemachine.data.sync.timeout.retry = -1 (default)
2019-08-29 09:04:37,488 [pool-82-thread-1] INFO  server.RaftServerConfigKeys (ConfUtils.java:logGet(43)) - raft.server.log.statemachine.data.caching.enabled = true (custom)
2019-08-29 09:04:37,488 [pool-82-thread-1] INFO  segmented.SegmentedRaftLogWorker (SegmentedRaftLogWorker.java:lambda$new$0(132)) - 006047d9-e06e-4717-89c6-6c98a2152bd9-SegmentedRaftLogWorker:Storage Directory /workdir/hadoop-ozone/integration-test/target/test-dir/MiniOzoneClusterImpl-6dc80b5f-6925-4c5f-a4b1-e2b147e12e2e/datanode-5/data/ratis/08accee3-6f37-4146-a111-b93f173b0792: flushIndex: setUnconditionally 0 -> -1
2019-08-29 09:04:37,489 [pool-82-thread-1] INFO  server.RaftServerConfigKeys (ConfUtils.java:logGet(43)) - raft.server.snapshot.auto.trigger.enabled = true (custom)
2019-08-29 09:04:37,489 [pool-82-thread-1] INFO  server.RaftServerConfigKeys (ConfUtils.java:logGet(43)) - raft.server.snapshot.auto.trigger.threshold = 10000 (custom)
2019-08-29 09:04:37,489 [pool-82-thread-1] INFO  server.RaftServerConfigKeys (ConfUtils.java:logGet(43)) - raft.server.retrycache.expirytime = 600000ms (custom)
2019-08-29 09:04:37,489 [pool-82-thread-1] INFO  impl.RaftServerImpl (RaftServerImpl.java:start(180)) - 006047d9-e06e-4717-89c6-6c98a2152bd9: start group-B93F173B0792
2019-08-29 09:04:37,489 [pool-82-thread-1] INFO  impl.RaftServerImpl (RaftServerImpl.java:setRole(171)) - 006047d9-e06e-4717-89c6-6c98a2152bd9:group-B93F173B0792 changes role from null to FOLLOWER at term 0 for startAsFollower
2019-08-29 09:04:37,489 [pool-82-thread-1] INFO  impl.RoleInfo (RoleInfo.java:updateAndGet(143)) - 006047d9-e06e-4717-89c6-6c98a2152bd9: start FollowerState
2019-08-29 09:04:37,490 [pool-82-thread-1] INFO  util.JmxRegister (JmxRegister.java:tryRegister(44)) - Successfully registered JMX Bean with object name Ratis:service=RaftServer,group=group-B93F173B0792,id=006047d9-e06e-4717-89c6-6c98a2152bd9
2019-08-29 09:04:37,498 [RatisPipelineUtilsThread] INFO  pipeline.PipelineStateManager (PipelineStateManager.java:addPipeline(56)) - Created pipeline Pipeline[ Id: 08accee3-6f37-4146-a111-b93f173b0792, Nodes: 006047d9-e06e-4717-89c6-6c98a2152bd9{ip: 192.168.5.182, host: pr-hdds-1569-8vb5f-3135838959, networkLocation: /default-rack, certSerialId: null}, Type:RATIS, Factor:ONE, State:OPEN]
2019-08-29 09:04:37,516 [grpc-default-executor-0] INFO  impl.RaftServerProxy (RaftServerProxy.java:addNew(89)) - a27ef1f6-d80e-49dc-8aba-c653950ad4b4: addNew group-430FB0E46E2C:[a27ef1f6-d80e-49dc-8aba-c653950ad4b4:192.168.5.182:33724] returns group-430FB0E46E2C:java.util.concurrent.CompletableFuture@74db2360[Not completed]
2019-08-29 09:04:37,520 [pool-93-thread-1] INFO  impl.RaftServerImpl (RaftServerImpl.java:<init>(93)) - a27ef1f6-d80e-49dc-8aba-c653950ad4b4: new RaftServerImpl for group-430FB0E46E2C:[a27ef1f6-d80e-49dc-8aba-c653950ad4b4:192.168.5.182:33724] with ContainerStateMachine:uninitialized
2019-08-29 09:04:37,520 [pool-93-thread-1] INFO  server.RaftServerConfigKeys (ConfUtils.java:logGet(43)) - raft.server.rpc.timeout.min = 5s (custom)
2019-08-29 09:04:37,520 [pool-93-thread-1] INFO  server.RaftServerConfigKeys (ConfUtils.java:logGet(43)) - raft.server.rpc.timeout.max = 5200ms (custom)
2019-08-29 09:04:37,520 [pool-93-thread-1] INFO  server.RaftServerConfigKeys (ConfUtils.java:logGet(43)) - raft.server.rpcslowness.timeout = 120s (custom)
2019-08-29 09:04:37,520 [pool-93-thread-1] INFO  server.RaftServerConfigKeys (ConfUtils.java:logGet(43)) - raft.server.sleep.deviation.threshold = 300 (default)
2019-08-29 09:04:37,521 [pool-93-thread-1] INFO  server.RaftServerConfigKeys (ConfUtils.java:logGet(43)) - raft.server.log.appender.install.snapshot.enabled = false (custom)
2019-08-29 09:04:37,521 [pool-93-thread-1] INFO  impl.RaftServerImpl (ServerState.java:<init>(105)) - a27ef1f6-d80e-49dc-8aba-c653950ad4b4:group-430FB0E46E2C ConfigurationManager, init=-1: [a27ef1f6-d80e-49dc-8aba-c653950ad4b4:192.168.5.182:33724], old=null, confs=<EMPTY_MAP>
2019-08-29 09:04:37,521 [pool-93-thread-1] INFO  server.RaftServerConfigKeys (ConfUtils.java:logGet(43)) - raft.server.storage.dir = [/workdir/hadoop-ozone/integration-test/target/test-dir/MiniOzoneClusterImpl-6dc80b5f-6925-4c5f-a4b1-e2b147e12e2e/datanode-6/data/ratis] (custom)
2019-08-29 09:04:37,521 [pool-93-thread-1] INFO  storage.RaftStorageDirectory (RaftStorageDirectory.java:analyzeStorage(246)) - The storage directory /workdir/hadoop-ozone/integration-test/target/test-dir/MiniOzoneClusterImpl-6dc80b5f-6925-4c5f-a4b1-e2b147e12e2e/datanode-6/data/ratis/65efea6d-6847-4b9b-99ad-430fb0e46e2c does not exist. Creating ...
2019-08-29 09:04:37,534 [pool-93-thread-1] INFO  storage.RaftStorageDirectory (RaftStorageDirectory.java:tryLock(328)) - Lock on /workdir/hadoop-ozone/integration-test/target/test-dir/MiniOzoneClusterImpl-6dc80b5f-6925-4c5f-a4b1-e2b147e12e2e/datanode-6/data/ratis/65efea6d-6847-4b9b-99ad-430fb0e46e2c/in_use.lock acquired by nodename 10121@pr-hdds-1569-8vb5f-3135838959
2019-08-29 09:04:37,547 [pool-93-thread-1] INFO  storage.RaftStorage (RaftStorage.java:format(72)) - Storage directory /workdir/hadoop-ozone/integration-test/target/test-dir/MiniOzoneClusterImpl-6dc80b5f-6925-4c5f-a4b1-e2b147e12e2e/datanode-6/data/ratis/65efea6d-6847-4b9b-99ad-430fb0e46e2c has been successfully formatted.
2019-08-29 09:04:37,548 [pool-93-thread-1] INFO  ratis.ContainerStateMachine (ContainerStateMachine.java:loadSnapshot(226)) - group-430FB0E46E2C: The snapshot info is null. Setting the last applied indexto:(t:0, i:~)
2019-08-29 09:04:37,548 [pool-93-thread-1] INFO  server.RaftServerConfigKeys (ConfUtils.java:logGet(43)) - raft.server.leader.election.timeout = 120s (custom)
2019-08-29 09:04:37,548 [pool-93-thread-1] INFO  server.RaftServerConfigKeys (ConfUtils.java:logGet(43)) - raft.server.log.use.memory = false (default)
2019-08-29 09:04:37,548 [pool-93-thread-1] INFO  server.RaftServerConfigKeys (ConfUtils.java:logGet(43)) - raft.server.log.purge.gap = 1000000 (custom)
2019-08-29 09:04:37,548 [pool-93-thread-1] INFO  server.RaftServerConfigKeys (ConfUtils.java:logGet(43)) - raft.server.log.appender.buffer.byte-limit = 33554432 (custom)
2019-08-29 09:04:37,548 [pool-93-thread-1] INFO  server.RaftServerConfigKeys (ConfUtils.java:logGet(43)) - raft.server.log.segment.size.max = 1048576 (custom)
2019-08-29 09:04:37,548 [pool-93-thread-1] INFO  server.RaftServerConfigKeys (ConfUtils.java:logGet(43)) - raft.server.log.segment.cache.num.max = 2 (custom)
2019-08-29 09:04:37,548 [pool-93-thread-1] INFO  segmented.SegmentedRaftLogWorker (SegmentedRaftLogWorker.java:<init>(172)) - new a27ef1f6-d80e-49dc-8aba-c653950ad4b4-SegmentedRaftLogWorker:Storage Directory /workdir/hadoop-ozone/integration-test/target/test-dir/MiniOzoneClusterImpl-6dc80b5f-6925-4c5f-a4b1-e2b147e12e2e/datanode-6/data/ratis/65efea6d-6847-4b9b-99ad-430fb0e46e2c for RaftStorage:Storage Directory /workdir/hadoop-ozone/integration-test/target/test-dir/MiniOzoneClusterImpl-6dc80b5f-6925-4c5f-a4b1-e2b147e12e2e/datanode-6/data/ratis/65efea6d-6847-4b9b-99ad-430fb0e46e2c
2019-08-29 09:04:37,549 [pool-93-thread-1] INFO  server.RaftServerConfigKeys (ConfUtils.java:logGet(43)) - raft.server.log.queue.byte-limit = 2147483647 (custom)
2019-08-29 09:04:37,549 [pool-93-thread-1] INFO  server.RaftServerConfigKeys (ConfUtils.java:logGet(43)) - raft.server.log.queue.element-limit = 1024 (custom)
2019-08-29 09:04:37,549 [pool-93-thread-1] INFO  server.RaftServerConfigKeys (ConfUtils.java:logGet(43)) - raft.server.log.segment.size.max = 1048576 (custom)
2019-08-29 09:04:37,549 [pool-93-thread-1] INFO  server.RaftServerConfigKeys (ConfUtils.java:logGet(43)) - raft.server.log.preallocated.size = 16384 (custom)
2019-08-29 09:04:37,549 [pool-93-thread-1] INFO  server.RaftServerConfigKeys (ConfUtils.java:logGet(43)) - raft.server.log.write.buffer.size = 33554432 (custom)
2019-08-29 09:04:37,549 [pool-93-thread-1] INFO  server.RaftServerConfigKeys (ConfUtils.java:logGet(43)) - raft.server.log.force.sync.num = 128 (default)
2019-08-29 09:04:37,549 [pool-93-thread-1] INFO  server.RaftServerConfigKeys (ConfUtils.java:logGet(43)) - raft.server.log.statemachine.data.sync = true (default)
2019-08-29 09:04:37,549 [pool-93-thread-1] INFO  server.RaftServerConfigKeys (ConfUtils.java:logGet(43)) - raft.server.log.statemachine.data.sync.timeout = 10s (default)
2019-08-29 09:04:37,550 [pool-93-thread-1] INFO  server.RaftServerConfigKeys (ConfUtils.java:logGet(43)) - raft.server.log.statemachine.data.sync.timeout.retry = -1 (default)
2019-08-29 09:04:37,550 [pool-93-thread-1] INFO  server.RaftServerConfigKeys (ConfUtils.java:logGet(43)) - raft.server.log.statemachine.data.caching.enabled = true (custom)
2019-08-29 09:04:37,550 [pool-93-thread-1] INFO  segmented.SegmentedRaftLogWorker (SegmentedRaftLogWorker.java:lambda$new$0(132)) - a27ef1f6-d80e-49dc-8aba-c653950ad4b4-SegmentedRaftLogWorker:Storage Directory /workdir/hadoop-ozone/integration-test/target/test-dir/MiniOzoneClusterImpl-6dc80b5f-6925-4c5f-a4b1-e2b147e12e2e/datanode-6/data/ratis/65efea6d-6847-4b9b-99ad-430fb0e46e2c: flushIndex: setUnconditionally 0 -> -1
2019-08-29 09:04:37,550 [pool-93-thread-1] INFO  server.RaftServerConfigKeys (ConfUtils.java:logGet(43)) - raft.server.snapshot.auto.trigger.enabled = true (custom)
2019-08-29 09:04:37,550 [pool-93-thread-1] INFO  server.RaftServerConfigKeys (ConfUtils.java:logGet(43)) - raft.server.snapshot.auto.trigger.threshold = 10000 (custom)
2019-08-29 09:04:37,551 [pool-93-thread-1] INFO  server.RaftServerConfigKeys (ConfUtils.java:logGet(43)) - raft.server.retrycache.expirytime = 600000ms (custom)
2019-08-29 09:04:37,551 [pool-93-thread-1] INFO  impl.RaftServerImpl (RaftServerImpl.java:start(180)) - a27ef1f6-d80e-49dc-8aba-c653950ad4b4: start group-430FB0E46E2C
2019-08-29 09:04:37,551 [pool-93-thread-1] INFO  impl.RaftServerImpl (RaftServerImpl.java:setRole(171)) - a27ef1f6-d80e-49dc-8aba-c653950ad4b4:group-430FB0E46E2C changes role from null to FOLLOWER at term 0 for startAsFollower
2019-08-29 09:04:37,551 [pool-93-thread-1] INFO  impl.RoleInfo (RoleInfo.java:updateAndGet(143)) - a27ef1f6-d80e-49dc-8aba-c653950ad4b4: start FollowerState
2019-08-29 09:04:37,551 [pool-93-thread-1] INFO  util.JmxRegister (JmxRegister.java:tryRegister(44)) - Successfully registered JMX Bean with object name Ratis:service=RaftServer,group=group-430FB0E46E2C,id=a27ef1f6-d80e-49dc-8aba-c653950ad4b4
2019-08-29 09:04:37,560 [RatisPipelineUtilsThread] INFO  pipeline.PipelineStateManager (PipelineStateManager.java:addPipeline(56)) - Created pipeline Pipeline[ Id: 65efea6d-6847-4b9b-99ad-430fb0e46e2c, Nodes: a27ef1f6-d80e-49dc-8aba-c653950ad4b4{ip: 192.168.5.182, host: pr-hdds-1569-8vb5f-3135838959, networkLocation: /default-rack, certSerialId: null}, Type:RATIS, Factor:ONE, State:OPEN]
2019-08-29 09:04:37,572 | INFO  | SCMAudit | user=jenkins1000 | ip=192.168.5.182 | op=SEND_HEARTBEAT {datanodeUUID=87a9a438-f0b8-4b0f-a9b9-a9ad0ae17289, command=[]} | ret=SUCCESS |  
2019-08-29 09:04:37,844 | INFO  | SCMAudit | user=jenkins1000 | ip=192.168.5.182 | op=SEND_HEARTBEAT {datanodeUUID=521648c2-032b-4493-bcb7-c7d55e99ae6f, command=[]} | ret=SUCCESS |  
2019-08-29 09:04:38,405 | INFO  | SCMAudit | user=jenkins1000 | ip=192.168.5.182 | op=SEND_HEARTBEAT {datanodeUUID=4b2a007c-1499-41ce-aa2f-1cc7d8e71cba, command=[]} | ret=SUCCESS |  
2019-08-29 09:04:38,464 [main] INFO  ozone.MiniOzoneClusterImpl (MiniOzoneClusterImpl.java:lambda$waitForClusterToBeReady$0(142)) - Cluster is ready. Got 7 of 7 DN Heartbeats.
2019-08-29 09:04:38,562 | INFO  | SCMAudit | user=jenkins1000 | ip=192.168.5.182 | op=SEND_HEARTBEAT {datanodeUUID=87a9a438-f0b8-4b0f-a9b9-a9ad0ae17289, command=[]} | ret=SUCCESS |  
2019-08-29 09:04:38,616 [Thread-237] INFO  container.ReplicationManager (ReplicationManager.java:start(152)) - Starting Replication Monitor Thread.
2019-08-29 09:04:38,617 [ReplicationMonitor] INFO  container.ReplicationManager (ReplicationManager.java:run(215)) - Replication Monitor Thread took 0 milliseconds for processing 0 containers.
2019-08-29 09:04:38,730 | INFO  | SCMAudit | user=jenkins1000 | ip=192.168.5.182 | op=SEND_HEARTBEAT {datanodeUUID=7761e897-e175-44b8-b4a7-8686aa902baa, command=[]} | ret=SUCCESS |  
2019-08-29 09:04:38,795 [main] INFO  rpc.RpcClient (RpcClient.java:createVolume(293)) - Creating Volume: watchforcommithandlingtest, with jenkins1000 as owner.
2019-08-29 09:04:38,819 | INFO  | OMAudit | user=jenkins1000 | ip=127.0.0.1 | op=CREATE_VOLUME {admin=jenkins1000, owner=jenkins1000, volume=watchforcommithandlingtest, creationTime=1567069478814, quotaInBytes=1152921504606846976} | ret=SUCCESS |  
2019-08-29 09:04:38,836 | INFO  | OMAudit | user=jenkins1000 | ip=127.0.0.1 | op=READ_VOLUME {volume=watchforcommithandlingtest} | ret=SUCCESS |  
2019-08-29 09:04:38,842 | INFO  | SCMAudit | user=jenkins1000 | ip=192.168.5.182 | op=SEND_HEARTBEAT {datanodeUUID=521648c2-032b-4493-bcb7-c7d55e99ae6f, command=[]} | ret=SUCCESS |  
2019-08-29 09:04:38,843 [main] INFO  rpc.RpcClient (RpcClient.java:createBucket(432)) - Creating Bucket: watchforcommithandlingtest/watchforcommithandlingtest, with Versioning false and Storage Type set to DISK and Encryption set to false 
2019-08-29 09:04:38,867 | INFO  | OMAudit | user=jenkins1000 | ip=127.0.0.1 | op=CREATE_BUCKET {volume=watchforcommithandlingtest, bucket=watchforcommithandlingtest, acls=[user:jenkins1000:a[ACCESS], group:default:a[ACCESS]], isVersionEnabled=false, storageType=DISK, creationTime=0} | ret=SUCCESS |  
2019-08-29 09:04:38,868 [main] INFO  ozone.MiniOzoneClusterImpl (MiniOzoneClusterImpl.java:getStorageContainerLocationClient(241)) - Creating StorageContainerLocationProtocol RPC client with address /0.0.0.0:45151
2019-08-29 09:04:38,906 [main] INFO  impl.MetricsSystemImpl (MetricsSystemImpl.java:init(158)) - XceiverClientMetrics metrics system started (again)
2019-08-29 09:04:38,938 | INFO  | SCMAudit | user=jenkins1000 | ip=192.168.5.182 | op=SEND_HEARTBEAT {datanodeUUID=91dd3489-61e8-4546-a3e3-8d2c03f678e3, command=[]} | ret=SUCCESS |  
2019-08-29 09:04:39,009 [grpc-default-executor-0] INFO  client.GrpcClientProtocolClient (GrpcClientProtocolClient.java:onNext(255)) - client-7ABE05FD2760->7761e897-e175-44b8-b4a7-8686aa902baa: receive RaftClientReply:client-7ABE05FD2760->7761e897-e175-44b8-b4a7-8686aa902baa@group-D60B244B98B7, cid=13, FAILED org.apache.ratis.protocol.NotLeaderException: Server 7761e897-e175-44b8-b4a7-8686aa902baa is not the leader (null). Request must be sent to leader., logIndex=0, commits[7761e897-e175-44b8-b4a7-8686aa902baa:c-1]
2019-08-29 09:04:39,271 | INFO  | SCMAudit | user=jenkins1000 | ip=192.168.5.182 | op=SEND_HEARTBEAT {datanodeUUID=006047d9-e06e-4717-89c6-6c98a2152bd9, command=[]} | ret=SUCCESS |  
2019-08-29 09:04:39,404 | INFO  | SCMAudit | user=jenkins1000 | ip=192.168.5.182 | op=SEND_HEARTBEAT {datanodeUUID=4b2a007c-1499-41ce-aa2f-1cc7d8e71cba, command=[]} | ret=SUCCESS |  
2019-08-29 09:04:39,474 | INFO  | SCMAudit | user=jenkins1000 | ip=192.168.5.182 | op=SEND_HEARTBEAT {datanodeUUID=a27ef1f6-d80e-49dc-8aba-c653950ad4b4, command=[]} | ret=SUCCESS |  
2019-08-29 09:04:39,564 | INFO  | SCMAudit | user=jenkins1000 | ip=192.168.5.182 | op=SEND_HEARTBEAT {datanodeUUID=87a9a438-f0b8-4b0f-a9b9-a9ad0ae17289, command=[]} | ret=SUCCESS |  
2019-08-29 09:04:39,731 | INFO  | SCMAudit | user=jenkins1000 | ip=192.168.5.182 | op=SEND_HEARTBEAT {datanodeUUID=7761e897-e175-44b8-b4a7-8686aa902baa, command=[]} | ret=SUCCESS |  
2019-08-29 09:04:39,843 | INFO  | SCMAudit | user=jenkins1000 | ip=192.168.5.182 | op=SEND_HEARTBEAT {datanodeUUID=521648c2-032b-4493-bcb7-c7d55e99ae6f, command=[]} | ret=SUCCESS |  
2019-08-29 09:04:39,937 | INFO  | SCMAudit | user=jenkins1000 | ip=192.168.5.182 | op=SEND_HEARTBEAT {datanodeUUID=91dd3489-61e8-4546-a3e3-8d2c03f678e3, command=[]} | ret=SUCCESS |  
2019-08-29 09:04:40,040 [grpc-default-executor-1] INFO  client.GrpcClientProtocolClient (GrpcClientProtocolClient.java:onNext(255)) - client-7ABE05FD2760->4b2a007c-1499-41ce-aa2f-1cc7d8e71cba: receive RaftClientReply:client-7ABE05FD2760->4b2a007c-1499-41ce-aa2f-1cc7d8e71cba@group-D60B244B98B7, cid=13, FAILED org.apache.ratis.protocol.NotLeaderException: Server 4b2a007c-1499-41ce-aa2f-1cc7d8e71cba is not the leader (null). Request must be sent to leader., logIndex=0, commits[4b2a007c-1499-41ce-aa2f-1cc7d8e71cba:c-1]
2019-08-29 09:04:40,271 | INFO  | SCMAudit | user=jenkins1000 | ip=192.168.5.182 | op=SEND_HEARTBEAT {datanodeUUID=006047d9-e06e-4717-89c6-6c98a2152bd9, command=[]} | ret=SUCCESS |  
2019-08-29 09:04:40,404 | INFO  | SCMAudit | user=jenkins1000 | ip=192.168.5.182 | op=SEND_HEARTBEAT {datanodeUUID=4b2a007c-1499-41ce-aa2f-1cc7d8e71cba, command=[]} | ret=SUCCESS |  
2019-08-29 09:04:40,470 | INFO  | SCMAudit | user=jenkins1000 | ip=192.168.5.182 | op=SEND_HEARTBEAT {datanodeUUID=a27ef1f6-d80e-49dc-8aba-c653950ad4b4, command=[]} | ret=SUCCESS |  
2019-08-29 09:04:40,562 | INFO  | SCMAudit | user=jenkins1000 | ip=192.168.5.182 | op=SEND_HEARTBEAT {datanodeUUID=87a9a438-f0b8-4b0f-a9b9-a9ad0ae17289, command=[]} | ret=SUCCESS |  
2019-08-29 09:04:40,729 | INFO  | SCMAudit | user=jenkins1000 | ip=192.168.5.182 | op=SEND_HEARTBEAT {datanodeUUID=7761e897-e175-44b8-b4a7-8686aa902baa, command=[]} | ret=SUCCESS |  
2019-08-29 09:04:40,853 | INFO  | SCMAudit | user=jenkins1000 | ip=192.168.5.182 | op=SEND_HEARTBEAT {datanodeUUID=521648c2-032b-4493-bcb7-c7d55e99ae6f, command=[]} | ret=SUCCESS |  
2019-08-29 09:04:40,934 | INFO  | SCMAudit | user=jenkins1000 | ip=192.168.5.182 | op=SEND_HEARTBEAT {datanodeUUID=91dd3489-61e8-4546-a3e3-8d2c03f678e3, command=[]} | ret=SUCCESS |  
2019-08-29 09:04:41,066 [grpc-default-executor-0] INFO  client.GrpcClientProtocolClient (GrpcClientProtocolClient.java:onNext(255)) - client-7ABE05FD2760->7761e897-e175-44b8-b4a7-8686aa902baa: receive RaftClientReply:client-7ABE05FD2760->7761e897-e175-44b8-b4a7-8686aa902baa@group-D60B244B98B7, cid=13, FAILED org.apache.ratis.protocol.NotLeaderException: Server 7761e897-e175-44b8-b4a7-8686aa902baa is not the leader (null). Request must be sent to leader., logIndex=0, commits[7761e897-e175-44b8-b4a7-8686aa902baa:c-1]
2019-08-29 09:04:41,268 | INFO  | SCMAudit | user=jenkins1000 | ip=192.168.5.182 | op=SEND_HEARTBEAT {datanodeUUID=006047d9-e06e-4717-89c6-6c98a2152bd9, command=[]} | ret=SUCCESS |  
2019-08-29 09:04:41,401 | INFO  | SCMAudit | user=jenkins1000 | ip=192.168.5.182 | op=SEND_HEARTBEAT {datanodeUUID=4b2a007c-1499-41ce-aa2f-1cc7d8e71cba, command=[]} | ret=SUCCESS |  
2019-08-29 09:04:41,466 | INFO  | SCMAudit | user=jenkins1000 | ip=192.168.5.182 | op=SEND_HEARTBEAT {datanodeUUID=a27ef1f6-d80e-49dc-8aba-c653950ad4b4, command=[]} | ret=SUCCESS |  
2019-08-29 09:04:41,560 | INFO  | SCMAudit | user=jenkins1000 | ip=192.168.5.182 | op=SEND_HEARTBEAT {datanodeUUID=87a9a438-f0b8-4b0f-a9b9-a9ad0ae17289, command=[]} | ret=SUCCESS |  
2019-08-29 09:04:41,728 | INFO  | SCMAudit | user=jenkins1000 | ip=192.168.5.182 | op=SEND_HEARTBEAT {datanodeUUID=7761e897-e175-44b8-b4a7-8686aa902baa, command=[]} | ret=SUCCESS |  
2019-08-29 09:04:41,839 | INFO  | SCMAudit | user=jenkins1000 | ip=192.168.5.182 | op=SEND_HEARTBEAT {datanodeUUID=521648c2-032b-4493-bcb7-c7d55e99ae6f, command=[]} | ret=SUCCESS |  
2019-08-29 09:04:41,863 [Thread-239] INFO  impl.FollowerState (FollowerState.java:run(106)) - 87a9a438-f0b8-4b0f-a9b9-a9ad0ae17289:group-93DCE2175C84 changes to CANDIDATE, lastRpcTime:5066, electionTimeout:5065ms
2019-08-29 09:04:41,866 [Thread-239] INFO  impl.RoleInfo (RoleInfo.java:shutdownFollowerState(121)) - 87a9a438-f0b8-4b0f-a9b9-a9ad0ae17289: shutdown FollowerState
2019-08-29 09:04:41,866 [Thread-239] INFO  impl.RaftServerImpl (RaftServerImpl.java:setRole(171)) - 87a9a438-f0b8-4b0f-a9b9-a9ad0ae17289:group-93DCE2175C84 changes role from FOLLOWER to CANDIDATE at term 0 for changeToCandidate
2019-08-29 09:04:41,873 [Thread-239] INFO  impl.RoleInfo (RoleInfo.java:updateAndGet(143)) - 87a9a438-f0b8-4b0f-a9b9-a9ad0ae17289: start LeaderElection
2019-08-29 09:04:41,934 | INFO  | SCMAudit | user=jenkins1000 | ip=192.168.5.182 | op=SEND_HEARTBEAT {datanodeUUID=91dd3489-61e8-4546-a3e3-8d2c03f678e3, command=[]} | ret=SUCCESS |  
2019-08-29 09:04:42,086 [grpc-default-executor-1] INFO  client.GrpcClientProtocolClient (GrpcClientProtocolClient.java:onNext(255)) - client-7ABE05FD2760->91dd3489-61e8-4546-a3e3-8d2c03f678e3: receive RaftClientReply:client-7ABE05FD2760->91dd3489-61e8-4546-a3e3-8d2c03f678e3@group-D60B244B98B7, cid=13, FAILED org.apache.ratis.protocol.NotLeaderException: Server 91dd3489-61e8-4546-a3e3-8d2c03f678e3 is not the leader (null). Request must be sent to leader., logIndex=0, commits[91dd3489-61e8-4546-a3e3-8d2c03f678e3:c-1]
2019-08-29 09:04:42,119 [Thread-242] INFO  impl.FollowerState (FollowerState.java:run(106)) - 7761e897-e175-44b8-b4a7-8686aa902baa:group-742A7FD73591 changes to CANDIDATE, lastRpcTime:5135, electionTimeout:5134ms
2019-08-29 09:04:42,121 [Thread-242] INFO  impl.RoleInfo (RoleInfo.java:shutdownFollowerState(121)) - 7761e897-e175-44b8-b4a7-8686aa902baa: shutdown FollowerState
2019-08-29 09:04:42,121 [Thread-242] INFO  impl.RaftServerImpl (RaftServerImpl.java:setRole(171)) - 7761e897-e175-44b8-b4a7-8686aa902baa:group-742A7FD73591 changes role from FOLLOWER to CANDIDATE at term 0 for changeToCandidate
2019-08-29 09:04:42,121 [Thread-242] INFO  impl.RoleInfo (RoleInfo.java:updateAndGet(143)) - 7761e897-e175-44b8-b4a7-8686aa902baa: start LeaderElection
2019-08-29 09:04:42,169 [Thread-245] INFO  impl.FollowerState (FollowerState.java:run(106)) - 91dd3489-61e8-4546-a3e3-8d2c03f678e3:group-A5B4D1DE75FC changes to CANDIDATE, lastRpcTime:5101, electionTimeout:5101ms
2019-08-29 09:04:42,170 [Thread-245] INFO  impl.RoleInfo (RoleInfo.java:shutdownFollowerState(121)) - 91dd3489-61e8-4546-a3e3-8d2c03f678e3: shutdown FollowerState
2019-08-29 09:04:42,170 [Thread-245] INFO  impl.RaftServerImpl (RaftServerImpl.java:setRole(171)) - 91dd3489-61e8-4546-a3e3-8d2c03f678e3:group-A5B4D1DE75FC changes role from FOLLOWER to CANDIDATE at term 0 for changeToCandidate
2019-08-29 09:04:42,171 [Thread-245] INFO  impl.RoleInfo (RoleInfo.java:updateAndGet(143)) - 91dd3489-61e8-4546-a3e3-8d2c03f678e3: start LeaderElection
2019-08-29 09:04:42,182 [Thread-248] INFO  impl.FollowerState (FollowerState.java:run(106)) - 4b2a007c-1499-41ce-aa2f-1cc7d8e71cba:group-CF5FC7950232 changes to CANDIDATE, lastRpcTime:5030, electionTimeout:5030ms
2019-08-29 09:04:42,182 [Thread-248] INFO  impl.RoleInfo (RoleInfo.java:shutdownFollowerState(121)) - 4b2a007c-1499-41ce-aa2f-1cc7d8e71cba: shutdown FollowerState
2019-08-29 09:04:42,183 [Thread-248] INFO  impl.RaftServerImpl (RaftServerImpl.java:setRole(171)) - 4b2a007c-1499-41ce-aa2f-1cc7d8e71cba:group-CF5FC7950232 changes role from FOLLOWER to CANDIDATE at term 0 for changeToCandidate
2019-08-29 09:04:42,183 [Thread-248] INFO  impl.RoleInfo (RoleInfo.java:updateAndGet(143)) - 4b2a007c-1499-41ce-aa2f-1cc7d8e71cba: start LeaderElection
2019-08-29 09:04:42,269 | INFO  | SCMAudit | user=jenkins1000 | ip=192.168.5.182 | op=SEND_HEARTBEAT {datanodeUUID=006047d9-e06e-4717-89c6-6c98a2152bd9, command=[]} | ret=SUCCESS |  
2019-08-29 09:04:42,275 [Thread-251] INFO  impl.FollowerState (FollowerState.java:run(106)) - 521648c2-032b-4493-bcb7-c7d55e99ae6f:group-295242EAD92C changes to CANDIDATE, lastRpcTime:5057, electionTimeout:5057ms
2019-08-29 09:04:42,275 [Thread-251] INFO  impl.RoleInfo (RoleInfo.java:shutdownFollowerState(121)) - 521648c2-032b-4493-bcb7-c7d55e99ae6f: shutdown FollowerState
2019-08-29 09:04:42,275 [Thread-251] INFO  impl.RaftServerImpl (RaftServerImpl.java:setRole(171)) - 521648c2-032b-4493-bcb7-c7d55e99ae6f:group-295242EAD92C changes role from FOLLOWER to CANDIDATE at term 0 for changeToCandidate
2019-08-29 09:04:42,275 [Thread-251] INFO  impl.RoleInfo (RoleInfo.java:updateAndGet(143)) - 521648c2-032b-4493-bcb7-c7d55e99ae6f: start LeaderElection
2019-08-29 09:04:42,341 [Thread-258] INFO  impl.FollowerState (FollowerState.java:run(106)) - 7761e897-e175-44b8-b4a7-8686aa902baa:group-D60B244B98B7 changes to CANDIDATE, lastRpcTime:5025, electionTimeout:5025ms
2019-08-29 09:04:42,343 [Thread-258] INFO  impl.RoleInfo (RoleInfo.java:shutdownFollowerState(121)) - 7761e897-e175-44b8-b4a7-8686aa902baa: shutdown FollowerState
2019-08-29 09:04:42,343 [Thread-258] INFO  impl.RaftServerImpl (RaftServerImpl.java:setRole(171)) - 7761e897-e175-44b8-b4a7-8686aa902baa:group-D60B244B98B7 changes role from FOLLOWER to CANDIDATE at term 0 for changeToCandidate
2019-08-29 09:04:42,343 [Thread-258] INFO  impl.RoleInfo (RoleInfo.java:updateAndGet(143)) - 7761e897-e175-44b8-b4a7-8686aa902baa: start LeaderElection
2019-08-29 09:04:42,400 | INFO  | SCMAudit | user=jenkins1000 | ip=192.168.5.182 | op=SEND_HEARTBEAT {datanodeUUID=4b2a007c-1499-41ce-aa2f-1cc7d8e71cba, command=[]} | ret=SUCCESS |  
2019-08-29 09:04:42,420 [Thread-259] INFO  impl.FollowerState (FollowerState.java:run(106)) - 91dd3489-61e8-4546-a3e3-8d2c03f678e3:group-D60B244B98B7 changes to CANDIDATE, lastRpcTime:5103, electionTimeout:5103ms
2019-08-29 09:04:42,420 [Thread-259] INFO  impl.RoleInfo (RoleInfo.java:shutdownFollowerState(121)) - 91dd3489-61e8-4546-a3e3-8d2c03f678e3: shutdown FollowerState
2019-08-29 09:04:42,420 [Thread-259] INFO  impl.RaftServerImpl (RaftServerImpl.java:setRole(171)) - 91dd3489-61e8-4546-a3e3-8d2c03f678e3:group-D60B244B98B7 changes role from FOLLOWER to CANDIDATE at term 0 for changeToCandidate
2019-08-29 09:04:42,420 [Thread-259] INFO  impl.RoleInfo (RoleInfo.java:updateAndGet(143)) - 91dd3489-61e8-4546-a3e3-8d2c03f678e3: start LeaderElection
2019-08-29 09:04:42,426 [Thread-264] INFO  impl.FollowerState (FollowerState.java:run(106)) - 521648c2-032b-4493-bcb7-c7d55e99ae6f:group-2CC28D3717A0 changes to CANDIDATE, lastRpcTime:5020, electionTimeout:5020ms
2019-08-29 09:04:42,426 [Thread-264] INFO  impl.RoleInfo (RoleInfo.java:shutdownFollowerState(121)) - 521648c2-032b-4493-bcb7-c7d55e99ae6f: shutdown FollowerState
2019-08-29 09:04:42,426 [Thread-264] INFO  impl.RaftServerImpl (RaftServerImpl.java:setRole(171)) - 521648c2-032b-4493-bcb7-c7d55e99ae6f:group-2CC28D3717A0 changes role from FOLLOWER to CANDIDATE at term 0 for changeToCandidate
2019-08-29 09:04:42,427 [Thread-264] INFO  impl.RoleInfo (RoleInfo.java:updateAndGet(143)) - 521648c2-032b-4493-bcb7-c7d55e99ae6f: start LeaderElection
2019-08-29 09:04:42,438 [Thread-265] INFO  impl.FollowerState (FollowerState.java:run(106)) - 006047d9-e06e-4717-89c6-6c98a2152bd9:group-2CC28D3717A0 changes to CANDIDATE, lastRpcTime:5031, electionTimeout:5031ms
2019-08-29 09:04:42,438 [Thread-265] INFO  impl.RoleInfo (RoleInfo.java:shutdownFollowerState(121)) - 006047d9-e06e-4717-89c6-6c98a2152bd9: shutdown FollowerState
2019-08-29 09:04:42,438 [Thread-265] INFO  impl.RaftServerImpl (RaftServerImpl.java:setRole(171)) - 006047d9-e06e-4717-89c6-6c98a2152bd9:group-2CC28D3717A0 changes role from FOLLOWER to CANDIDATE at term 0 for changeToCandidate
2019-08-29 09:04:42,438 [Thread-265] INFO  impl.RoleInfo (RoleInfo.java:updateAndGet(143)) - 006047d9-e06e-4717-89c6-6c98a2152bd9: start LeaderElection
2019-08-29 09:04:42,466 | INFO  | SCMAudit | user=jenkins1000 | ip=192.168.5.182 | op=SEND_HEARTBEAT {datanodeUUID=a27ef1f6-d80e-49dc-8aba-c653950ad4b4, command=[]} | ret=SUCCESS |  
2019-08-29 09:04:42,489 [Thread-267] INFO  impl.FollowerState (FollowerState.java:run(106)) - 87a9a438-f0b8-4b0f-a9b9-a9ad0ae17289:group-2CC28D3717A0 changes to CANDIDATE, lastRpcTime:5081, electionTimeout:5080ms
2019-08-29 09:04:42,490 [Thread-267] INFO  impl.RoleInfo (RoleInfo.java:shutdownFollowerState(121)) - 87a9a438-f0b8-4b0f-a9b9-a9ad0ae17289: shutdown FollowerState
2019-08-29 09:04:42,490 [Thread-267] INFO  impl.RaftServerImpl (RaftServerImpl.java:setRole(171)) - 87a9a438-f0b8-4b0f-a9b9-a9ad0ae17289:group-2CC28D3717A0 changes role from FOLLOWER to CANDIDATE at term 0 for changeToCandidate
2019-08-29 09:04:42,490 [Thread-267] INFO  impl.RoleInfo (RoleInfo.java:updateAndGet(143)) - 87a9a438-f0b8-4b0f-a9b9-a9ad0ae17289: start LeaderElection
2019-08-29 09:04:42,501 [Thread-254] INFO  impl.FollowerState (FollowerState.java:run(106)) - 4b2a007c-1499-41ce-aa2f-1cc7d8e71cba:group-D60B244B98B7 changes to CANDIDATE, lastRpcTime:5187, electionTimeout:5187ms
2019-08-29 09:04:42,501 [Thread-254] INFO  impl.RoleInfo (RoleInfo.java:shutdownFollowerState(121)) - 4b2a007c-1499-41ce-aa2f-1cc7d8e71cba: shutdown FollowerState
2019-08-29 09:04:42,501 [Thread-254] INFO  impl.RaftServerImpl (RaftServerImpl.java:setRole(171)) - 4b2a007c-1499-41ce-aa2f-1cc7d8e71cba:group-D60B244B98B7 changes role from FOLLOWER to CANDIDATE at term 0 for changeToCandidate
2019-08-29 09:04:42,501 [Thread-254] INFO  impl.RoleInfo (RoleInfo.java:updateAndGet(143)) - 4b2a007c-1499-41ce-aa2f-1cc7d8e71cba: start LeaderElection
2019-08-29 09:04:42,559 | INFO  | SCMAudit | user=jenkins1000 | ip=192.168.5.182 | op=SEND_HEARTBEAT {datanodeUUID=87a9a438-f0b8-4b0f-a9b9-a9ad0ae17289, command=[]} | ret=SUCCESS |  
2019-08-29 09:04:42,681 [Thread-272] INFO  impl.FollowerState (FollowerState.java:run(106)) - 006047d9-e06e-4717-89c6-6c98a2152bd9:group-B93F173B0792 changes to CANDIDATE, lastRpcTime:5191, electionTimeout:5191ms
2019-08-29 09:04:42,681 [Thread-272] INFO  impl.RoleInfo (RoleInfo.java:shutdownFollowerState(121)) - 006047d9-e06e-4717-89c6-6c98a2152bd9: shutdown FollowerState
2019-08-29 09:04:42,681 [Thread-272] INFO  impl.RaftServerImpl (RaftServerImpl.java:setRole(171)) - 006047d9-e06e-4717-89c6-6c98a2152bd9:group-B93F173B0792 changes role from FOLLOWER to CANDIDATE at term 0 for changeToCandidate
2019-08-29 09:04:42,681 [Thread-272] INFO  impl.RoleInfo (RoleInfo.java:updateAndGet(143)) - 006047d9-e06e-4717-89c6-6c98a2152bd9: start LeaderElection
2019-08-29 09:04:42,688 [Thread-275] INFO  impl.FollowerState (FollowerState.java:run(106)) - a27ef1f6-d80e-49dc-8aba-c653950ad4b4:group-430FB0E46E2C changes to CANDIDATE, lastRpcTime:5136, electionTimeout:5131ms
2019-08-29 09:04:42,688 [Thread-275] INFO  impl.RoleInfo (RoleInfo.java:shutdownFollowerState(121)) - a27ef1f6-d80e-49dc-8aba-c653950ad4b4: shutdown FollowerState
2019-08-29 09:04:42,688 [Thread-275] INFO  impl.RaftServerImpl (RaftServerImpl.java:setRole(171)) - a27ef1f6-d80e-49dc-8aba-c653950ad4b4:group-430FB0E46E2C changes role from FOLLOWER to CANDIDATE at term 0 for changeToCandidate
2019-08-29 09:04:42,689 [Thread-275] INFO  impl.RoleInfo (RoleInfo.java:updateAndGet(143)) - a27ef1f6-d80e-49dc-8aba-c653950ad4b4: start LeaderElection
2019-08-29 09:04:42,728 | INFO  | SCMAudit | user=jenkins1000 | ip=192.168.5.182 | op=SEND_HEARTBEAT {datanodeUUID=7761e897-e175-44b8-b4a7-8686aa902baa, command=[]} | ret=SUCCESS |  
2019-08-29 09:04:42,840 | INFO  | SCMAudit | user=jenkins1000 | ip=192.168.5.182 | op=SEND_HEARTBEAT {datanodeUUID=521648c2-032b-4493-bcb7-c7d55e99ae6f, command=[]} | ret=SUCCESS |  
2019-08-29 09:04:42,935 | INFO  | SCMAudit | user=jenkins1000 | ip=192.168.5.182 | op=SEND_HEARTBEAT {datanodeUUID=91dd3489-61e8-4546-a3e3-8d2c03f678e3, command=[]} | ret=SUCCESS |  
2019-08-29 09:04:43,019 [87a9a438-f0b8-4b0f-a9b9-a9ad0ae17289:group-93DCE2175C84:LeaderElection1] INFO  impl.LeaderElection (LeaderElection.java:askForVotes(181)) - 87a9a438-f0b8-4b0f-a9b9-a9ad0ae17289:group-93DCE2175C84:LeaderElection1: begin an election at term 1 for -1: [87a9a438-f0b8-4b0f-a9b9-a9ad0ae17289:192.168.5.182:45901], old=null
2019-08-29 09:04:43,019 [7761e897-e175-44b8-b4a7-8686aa902baa:group-742A7FD73591:LeaderElection2] INFO  impl.LeaderElection (LeaderElection.java:askForVotes(181)) - 7761e897-e175-44b8-b4a7-8686aa902baa:group-742A7FD73591:LeaderElection2: begin an election at term 1 for -1: [7761e897-e175-44b8-b4a7-8686aa902baa:192.168.5.182:43669], old=null
2019-08-29 09:04:43,022 [7761e897-e175-44b8-b4a7-8686aa902baa:group-742A7FD73591:LeaderElection2] INFO  impl.RoleInfo (RoleInfo.java:shutdownLeaderElection(134)) - 7761e897-e175-44b8-b4a7-8686aa902baa: shutdown LeaderElection
2019-08-29 09:04:43,022 [87a9a438-f0b8-4b0f-a9b9-a9ad0ae17289:group-93DCE2175C84:LeaderElection1] INFO  impl.RoleInfo (RoleInfo.java:shutdownLeaderElection(134)) - 87a9a438-f0b8-4b0f-a9b9-a9ad0ae17289: shutdown LeaderElection
2019-08-29 09:04:43,023 [7761e897-e175-44b8-b4a7-8686aa902baa:group-742A7FD73591:LeaderElection2] INFO  impl.RaftServerImpl (RaftServerImpl.java:setRole(171)) - 7761e897-e175-44b8-b4a7-8686aa902baa:group-742A7FD73591 changes role from CANDIDATE to LEADER at term 1 for changeToLeader
2019-08-29 09:04:43,023 [7761e897-e175-44b8-b4a7-8686aa902baa:group-742A7FD73591:LeaderElection2] INFO  impl.RaftServerImpl (ServerState.java:setLeader(263)) - 7761e897-e175-44b8-b4a7-8686aa902baa:group-742A7FD73591 change Leader from null to 7761e897-e175-44b8-b4a7-8686aa902baa at term 1 for becomeLeader, leader elected after 6044ms
2019-08-29 09:04:43,023 [87a9a438-f0b8-4b0f-a9b9-a9ad0ae17289:group-93DCE2175C84:LeaderElection1] INFO  impl.RaftServerImpl (RaftServerImpl.java:setRole(171)) - 87a9a438-f0b8-4b0f-a9b9-a9ad0ae17289:group-93DCE2175C84 changes role from CANDIDATE to LEADER at term 1 for changeToLeader
2019-08-29 09:04:43,023 [87a9a438-f0b8-4b0f-a9b9-a9ad0ae17289:group-93DCE2175C84:LeaderElection1] INFO  impl.RaftServerImpl (ServerState.java:setLeader(263)) - 87a9a438-f0b8-4b0f-a9b9-a9ad0ae17289:group-93DCE2175C84 change Leader from null to 87a9a438-f0b8-4b0f-a9b9-a9ad0ae17289 at term 1 for becomeLeader, leader elected after 6322ms
2019-08-29 09:04:43,031 [7761e897-e175-44b8-b4a7-8686aa902baa:group-742A7FD73591:LeaderElection2] INFO  server.RaftServerConfigKeys (ConfUtils.java:logGet(43)) - raft.server.staging.catchup.gap = 1000 (default)
2019-08-29 09:04:43,032 [87a9a438-f0b8-4b0f-a9b9-a9ad0ae17289:group-93DCE2175C84:LeaderElection1] INFO  server.RaftServerConfigKeys (ConfUtils.java:logGet(43)) - raft.server.staging.catchup.gap = 1000 (default)
2019-08-29 09:04:43,032 [7761e897-e175-44b8-b4a7-8686aa902baa:group-742A7FD73591:LeaderElection2] INFO  server.RaftServerConfigKeys (ConfUtils.java:logGet(43)) - raft.server.rpc.sleep.time = 25ms (default)
2019-08-29 09:04:43,032 [87a9a438-f0b8-4b0f-a9b9-a9ad0ae17289:group-93DCE2175C84:LeaderElection1] INFO  server.RaftServerConfigKeys (ConfUtils.java:logGet(43)) - raft.server.rpc.sleep.time = 25ms (default)
2019-08-29 09:04:43,035 [7761e897-e175-44b8-b4a7-8686aa902baa:group-742A7FD73591:LeaderElection2] INFO  server.RaftServerConfigKeys (ConfUtils.java:logGet(43)) - raft.server.write.element-limit = 4096 (default)
2019-08-29 09:04:43,035 [87a9a438-f0b8-4b0f-a9b9-a9ad0ae17289:group-93DCE2175C84:LeaderElection1] INFO  server.RaftServerConfigKeys (ConfUtils.java:logGet(43)) - raft.server.write.element-limit = 4096 (default)
2019-08-29 09:04:43,037 [7761e897-e175-44b8-b4a7-8686aa902baa:group-742A7FD73591:LeaderElection2] INFO  server.RaftServerConfigKeys (ConfUtils.java:logGet(43)) - raft.server.watch.timeout = 10s (default)
2019-08-29 09:04:43,037 [87a9a438-f0b8-4b0f-a9b9-a9ad0ae17289:group-93DCE2175C84:LeaderElection1] INFO  server.RaftServerConfigKeys (ConfUtils.java:logGet(43)) - raft.server.watch.timeout = 10s (default)
2019-08-29 09:04:43,037 [7761e897-e175-44b8-b4a7-8686aa902baa:group-742A7FD73591:LeaderElection2] INFO  server.RaftServerConfigKeys (ConfUtils.java:logGet(43)) - raft.server.watch.timeout.denomination = 1s (default)
2019-08-29 09:04:43,037 [87a9a438-f0b8-4b0f-a9b9-a9ad0ae17289:group-93DCE2175C84:LeaderElection1] INFO  server.RaftServerConfigKeys (ConfUtils.java:logGet(43)) - raft.server.watch.timeout.denomination = 1s (default)
2019-08-29 09:04:43,038 [7761e897-e175-44b8-b4a7-8686aa902baa:group-742A7FD73591:LeaderElection2] INFO  server.RaftServerConfigKeys (ConfUtils.java:logGet(43)) - raft.server.watch.element-limit = 65536 (default)
2019-08-29 09:04:43,038 [87a9a438-f0b8-4b0f-a9b9-a9ad0ae17289:group-93DCE2175C84:LeaderElection1] INFO  server.RaftServerConfigKeys (ConfUtils.java:logGet(43)) - raft.server.watch.element-limit = 65536 (default)
2019-08-29 09:04:43,051 [87a9a438-f0b8-4b0f-a9b9-a9ad0ae17289:group-93DCE2175C84:LeaderElection1] INFO  impl.RoleInfo (RoleInfo.java:updateAndGet(143)) - 87a9a438-f0b8-4b0f-a9b9-a9ad0ae17289: start LeaderState
2019-08-29 09:04:43,051 [7761e897-e175-44b8-b4a7-8686aa902baa:group-742A7FD73591:LeaderElection2] INFO  impl.RoleInfo (RoleInfo.java:updateAndGet(143)) - 7761e897-e175-44b8-b4a7-8686aa902baa: start LeaderState
2019-08-29 09:04:43,053 [006047d9-e06e-4717-89c6-6c98a2152bd9:group-B93F173B0792:LeaderElection12] INFO  impl.LeaderElection (LeaderElection.java:askForVotes(181)) - 006047d9-e06e-4717-89c6-6c98a2152bd9:group-B93F173B0792:LeaderElection12: begin an election at term 1 for -1: [006047d9-e06e-4717-89c6-6c98a2152bd9:192.168.5.182:40422], old=null
2019-08-29 09:04:43,053 [4b2a007c-1499-41ce-aa2f-1cc7d8e71cba:group-D60B244B98B7:LeaderElection11] INFO  impl.LeaderElection (LeaderElection.java:askForVotes(181)) - 4b2a007c-1499-41ce-aa2f-1cc7d8e71cba:group-D60B244B98B7:LeaderElection11: begin an election at term 1 for -1: [7761e897-e175-44b8-b4a7-8686aa902baa:192.168.5.182:43669, 4b2a007c-1499-41ce-aa2f-1cc7d8e71cba:192.168.5.182:38532, 91dd3489-61e8-4546-a3e3-8d2c03f678e3:192.168.5.182:41280], old=null
2019-08-29 09:04:43,053 [91dd3489-61e8-4546-a3e3-8d2c03f678e3:group-D60B244B98B7:LeaderElection7] INFO  impl.LeaderElection (LeaderElection.java:askForVotes(181)) - 91dd3489-61e8-4546-a3e3-8d2c03f678e3:group-D60B244B98B7:LeaderElection7: begin an election at term 1 for -1: [7761e897-e175-44b8-b4a7-8686aa902baa:192.168.5.182:43669, 4b2a007c-1499-41ce-aa2f-1cc7d8e71cba:192.168.5.182:38532, 91dd3489-61e8-4546-a3e3-8d2c03f678e3:192.168.5.182:41280], old=null
2019-08-29 09:04:43,053 [91dd3489-61e8-4546-a3e3-8d2c03f678e3:group-A5B4D1DE75FC:LeaderElection3] INFO  impl.LeaderElection (LeaderElection.java:askForVotes(181)) - 91dd3489-61e8-4546-a3e3-8d2c03f678e3:group-A5B4D1DE75FC:LeaderElection3: begin an election at term 1 for -1: [91dd3489-61e8-4546-a3e3-8d2c03f678e3:192.168.5.182:41280], old=null
2019-08-29 09:04:43,053 [a27ef1f6-d80e-49dc-8aba-c653950ad4b4:group-430FB0E46E2C:LeaderElection13] INFO  impl.LeaderElection (LeaderElection.java:askForVotes(181)) - a27ef1f6-d80e-49dc-8aba-c653950ad4b4:group-430FB0E46E2C:LeaderElection13: begin an election at term 1 for -1: [a27ef1f6-d80e-49dc-8aba-c653950ad4b4:192.168.5.182:33724], old=null
2019-08-29 09:04:43,053 [4b2a007c-1499-41ce-aa2f-1cc7d8e71cba:group-CF5FC7950232:LeaderElection4] INFO  impl.LeaderElection (LeaderElection.java:askForVotes(181)) - 4b2a007c-1499-41ce-aa2f-1cc7d8e71cba:group-CF5FC7950232:LeaderElection4: begin an election at term 1 for -1: [4b2a007c-1499-41ce-aa2f-1cc7d8e71cba:192.168.5.182:38532], old=null
2019-08-29 09:04:43,054 [a27ef1f6-d80e-49dc-8aba-c653950ad4b4:group-430FB0E46E2C:LeaderElection13] INFO  impl.RoleInfo (RoleInfo.java:shutdownLeaderElection(134)) - a27ef1f6-d80e-49dc-8aba-c653950ad4b4: shutdown LeaderElection
2019-08-29 09:04:43,054 [91dd3489-61e8-4546-a3e3-8d2c03f678e3:group-A5B4D1DE75FC:LeaderElection3] INFO  impl.RoleInfo (RoleInfo.java:shutdownLeaderElection(134)) - 91dd3489-61e8-4546-a3e3-8d2c03f678e3: shutdown LeaderElection
2019-08-29 09:04:43,054 [91dd3489-61e8-4546-a3e3-8d2c03f678e3:group-A5B4D1DE75FC:LeaderElection3] INFO  impl.RaftServerImpl (RaftServerImpl.java:setRole(171)) - 91dd3489-61e8-4546-a3e3-8d2c03f678e3:group-A5B4D1DE75FC changes role from CANDIDATE to LEADER at term 1 for changeToLeader
2019-08-29 09:04:43,053 [006047d9-e06e-4717-89c6-6c98a2152bd9:group-2CC28D3717A0:LeaderElection9] INFO  impl.LeaderElection (LeaderElection.java:askForVotes(181)) - 006047d9-e06e-4717-89c6-6c98a2152bd9:group-2CC28D3717A0:LeaderElection9: begin an election at term 1 for -1: [87a9a438-f0b8-4b0f-a9b9-a9ad0ae17289:192.168.5.182:45901, 006047d9-e06e-4717-89c6-6c98a2152bd9:192.168.5.182:40422, 521648c2-032b-4493-bcb7-c7d55e99ae6f:192.168.5.182:34364], old=null
2019-08-29 09:04:43,053 [521648c2-032b-4493-bcb7-c7d55e99ae6f:group-295242EAD92C:LeaderElection5] INFO  impl.LeaderElection (LeaderElection.java:askForVotes(181)) - 521648c2-032b-4493-bcb7-c7d55e99ae6f:group-295242EAD92C:LeaderElection5: begin an election at term 1 for -1: [521648c2-032b-4493-bcb7-c7d55e99ae6f:192.168.5.182:34364], old=null
2019-08-29 09:04:43,053 [006047d9-e06e-4717-89c6-6c98a2152bd9:group-B93F173B0792:LeaderElection12] INFO  impl.RoleInfo (RoleInfo.java:shutdownLeaderElection(134)) - 006047d9-e06e-4717-89c6-6c98a2152bd9: shutdown LeaderElection
2019-08-29 09:04:43,055 [521648c2-032b-4493-bcb7-c7d55e99ae6f:group-295242EAD92C:LeaderElection5] INFO  impl.RoleInfo (RoleInfo.java:shutdownLeaderElection(134)) - 521648c2-032b-4493-bcb7-c7d55e99ae6f: shutdown LeaderElection
2019-08-29 09:04:43,053 [521648c2-032b-4493-bcb7-c7d55e99ae6f:group-2CC28D3717A0:LeaderElection8] INFO  impl.LeaderElection (LeaderElection.java:askForVotes(181)) - 521648c2-032b-4493-bcb7-c7d55e99ae6f:group-2CC28D3717A0:LeaderElection8: begin an election at term 1 for -1: [87a9a438-f0b8-4b0f-a9b9-a9ad0ae17289:192.168.5.182:45901, 006047d9-e06e-4717-89c6-6c98a2152bd9:192.168.5.182:40422, 521648c2-032b-4493-bcb7-c7d55e99ae6f:192.168.5.182:34364], old=null
2019-08-29 09:04:43,053 [7761e897-e175-44b8-b4a7-8686aa902baa:group-D60B244B98B7:LeaderElection6] INFO  impl.LeaderElection (LeaderElection.java:askForVotes(181)) - 7761e897-e175-44b8-b4a7-8686aa902baa:group-D60B244B98B7:LeaderElection6: begin an election at term 1 for -1: [7761e897-e175-44b8-b4a7-8686aa902baa:192.168.5.182:43669, 4b2a007c-1499-41ce-aa2f-1cc7d8e71cba:192.168.5.182:38532, 91dd3489-61e8-4546-a3e3-8d2c03f678e3:192.168.5.182:41280], old=null
2019-08-29 09:04:43,053 [87a9a438-f0b8-4b0f-a9b9-a9ad0ae17289:group-2CC28D3717A0:LeaderElection10] INFO  impl.LeaderElection (LeaderElection.java:askForVotes(181)) - 87a9a438-f0b8-4b0f-a9b9-a9ad0ae17289:group-2CC28D3717A0:LeaderElection10: begin an election at term 1 for -1: [87a9a438-f0b8-4b0f-a9b9-a9ad0ae17289:192.168.5.182:45901, 006047d9-e06e-4717-89c6-6c98a2152bd9:192.168.5.182:40422, 521648c2-032b-4493-bcb7-c7d55e99ae6f:192.168.5.182:34364], old=null
2019-08-29 09:04:43,055 [521648c2-032b-4493-bcb7-c7d55e99ae6f:group-295242EAD92C:LeaderElection5] INFO  impl.RaftServerImpl (RaftServerImpl.java:setRole(171)) - 521648c2-032b-4493-bcb7-c7d55e99ae6f:group-295242EAD92C changes role from CANDIDATE to LEADER at term 1 for changeToLeader
2019-08-29 09:04:43,055 [006047d9-e06e-4717-89c6-6c98a2152bd9:group-B93F173B0792:LeaderElection12] INFO  impl.RaftServerImpl (RaftServerImpl.java:setRole(171)) - 006047d9-e06e-4717-89c6-6c98a2152bd9:group-B93F173B0792 changes role from CANDIDATE to LEADER at term 1 for changeToLeader
2019-08-29 09:04:43,054 [91dd3489-61e8-4546-a3e3-8d2c03f678e3:group-A5B4D1DE75FC:LeaderElection3] INFO  impl.RaftServerImpl (ServerState.java:setLeader(263)) - 91dd3489-61e8-4546-a3e3-8d2c03f678e3:group-A5B4D1DE75FC change Leader from null to 91dd3489-61e8-4546-a3e3-8d2c03f678e3 at term 1 for becomeLeader, leader elected after 5990ms
2019-08-29 09:04:43,054 [a27ef1f6-d80e-49dc-8aba-c653950ad4b4:group-430FB0E46E2C:LeaderElection13] INFO  impl.RaftServerImpl (RaftServerImpl.java:setRole(171)) - a27ef1f6-d80e-49dc-8aba-c653950ad4b4:group-430FB0E46E2C changes role from CANDIDATE to LEADER at term 1 for changeToLeader
2019-08-29 09:04:43,054 [4b2a007c-1499-41ce-aa2f-1cc7d8e71cba:group-CF5FC7950232:LeaderElection4] INFO  impl.RoleInfo (RoleInfo.java:shutdownLeaderElection(134)) - 4b2a007c-1499-41ce-aa2f-1cc7d8e71cba: shutdown LeaderElection
2019-08-29 09:04:43,057 [a27ef1f6-d80e-49dc-8aba-c653950ad4b4:group-430FB0E46E2C:LeaderElection13] INFO  impl.RaftServerImpl (ServerState.java:setLeader(263)) - a27ef1f6-d80e-49dc-8aba-c653950ad4b4:group-430FB0E46E2C change Leader from null to a27ef1f6-d80e-49dc-8aba-c653950ad4b4 at term 1 for becomeLeader, leader elected after 5509ms
2019-08-29 09:04:43,057 [91dd3489-61e8-4546-a3e3-8d2c03f678e3:group-A5B4D1DE75FC:LeaderElection3] INFO  server.RaftServerConfigKeys (ConfUtils.java:logGet(43)) - raft.server.staging.catchup.gap = 1000 (default)
2019-08-29 09:04:43,055 [006047d9-e06e-4717-89c6-6c98a2152bd9:group-B93F173B0792:LeaderElection12] INFO  impl.RaftServerImpl (ServerState.java:setLeader(263)) - 006047d9-e06e-4717-89c6-6c98a2152bd9:group-B93F173B0792 change Leader from null to 006047d9-e06e-4717-89c6-6c98a2152bd9 at term 1 for becomeLeader, leader elected after 5569ms
2019-08-29 09:04:43,055 [521648c2-032b-4493-bcb7-c7d55e99ae6f:group-295242EAD92C:LeaderElection5] INFO  impl.RaftServerImpl (ServerState.java:setLeader(263)) - 521648c2-032b-4493-bcb7-c7d55e99ae6f:group-295242EAD92C change Leader from null to 521648c2-032b-4493-bcb7-c7d55e99ae6f at term 1 for becomeLeader, leader elected after 5841ms
2019-08-29 09:04:43,060 [006047d9-e06e-4717-89c6-6c98a2152bd9:group-B93F173B0792:LeaderElection12] INFO  server.RaftServerConfigKeys (ConfUtils.java:logGet(43)) - raft.server.staging.catchup.gap = 1000 (default)
2019-08-29 09:04:43,059 [91dd3489-61e8-4546-a3e3-8d2c03f678e3:group-A5B4D1DE75FC:LeaderElection3] INFO  server.RaftServerConfigKeys (ConfUtils.java:logGet(43)) - raft.server.rpc.sleep.time = 25ms (default)
2019-08-29 09:04:43,059 [a27ef1f6-d80e-49dc-8aba-c653950ad4b4:group-430FB0E46E2C:LeaderElection13] INFO  server.RaftServerConfigKeys (ConfUtils.java:logGet(43)) - raft.server.staging.catchup.gap = 1000 (default)
2019-08-29 09:04:43,062 [91dd3489-61e8-4546-a3e3-8d2c03f678e3:group-A5B4D1DE75FC:LeaderElection3] INFO  server.RaftServerConfigKeys (ConfUtils.java:logGet(43)) - raft.server.write.element-limit = 4096 (default)
2019-08-29 09:04:43,057 [4b2a007c-1499-41ce-aa2f-1cc7d8e71cba:group-CF5FC7950232:LeaderElection4] INFO  impl.RaftServerImpl (RaftServerImpl.java:setRole(171)) - 4b2a007c-1499-41ce-aa2f-1cc7d8e71cba:group-CF5FC7950232 changes role from CANDIDATE to LEADER at term 1 for changeToLeader
2019-08-29 09:04:43,062 [91dd3489-61e8-4546-a3e3-8d2c03f678e3:group-A5B4D1DE75FC:LeaderElection3] INFO  server.RaftServerConfigKeys (ConfUtils.java:logGet(43)) - raft.server.watch.timeout = 10s (default)
2019-08-29 09:04:43,062 [a27ef1f6-d80e-49dc-8aba-c653950ad4b4:group-430FB0E46E2C:LeaderElection13] INFO  server.RaftServerConfigKeys (ConfUtils.java:logGet(43)) - raft.server.rpc.sleep.time = 25ms (default)
2019-08-29 09:04:43,062 [521648c2-032b-4493-bcb7-c7d55e99ae6f:group-295242EAD92C:LeaderElection5] INFO  server.RaftServerConfigKeys (ConfUtils.java:logGet(43)) - raft.server.staging.catchup.gap = 1000 (default)
2019-08-29 09:04:43,061 [006047d9-e06e-4717-89c6-6c98a2152bd9:group-B93F173B0792:LeaderElection12] INFO  server.RaftServerConfigKeys (ConfUtils.java:logGet(43)) - raft.server.rpc.sleep.time = 25ms (default)
2019-08-29 09:04:43,063 [521648c2-032b-4493-bcb7-c7d55e99ae6f:group-295242EAD92C:LeaderElection5] INFO  server.RaftServerConfigKeys (ConfUtils.java:logGet(43)) - raft.server.rpc.sleep.time = 25ms (default)
2019-08-29 09:04:43,063 [a27ef1f6-d80e-49dc-8aba-c653950ad4b4:group-430FB0E46E2C:LeaderElection13] INFO  server.RaftServerConfigKeys (ConfUtils.java:logGet(43)) - raft.server.write.element-limit = 4096 (default)
2019-08-29 09:04:43,063 [91dd3489-61e8-4546-a3e3-8d2c03f678e3:group-A5B4D1DE75FC:LeaderElection3] INFO  server.RaftServerConfigKeys (ConfUtils.java:logGet(43)) - raft.server.watch.timeout.denomination = 1s (default)
2019-08-29 09:04:43,062 [4b2a007c-1499-41ce-aa2f-1cc7d8e71cba:group-CF5FC7950232:LeaderElection4] INFO  impl.RaftServerImpl (ServerState.java:setLeader(263)) - 4b2a007c-1499-41ce-aa2f-1cc7d8e71cba:group-CF5FC7950232 change Leader from null to 4b2a007c-1499-41ce-aa2f-1cc7d8e71cba at term 1 for becomeLeader, leader elected after 5915ms
2019-08-29 09:04:43,063 [91dd3489-61e8-4546-a3e3-8d2c03f678e3:group-A5B4D1DE75FC:LeaderElection3] INFO  server.RaftServerConfigKeys (ConfUtils.java:logGet(43)) - raft.server.watch.element-limit = 65536 (default)
2019-08-29 09:04:43,063 [006047d9-e06e-4717-89c6-6c98a2152bd9:group-B93F173B0792:LeaderElection12] INFO  server.RaftServerConfigKeys (ConfUtils.java:logGet(43)) - raft.server.write.element-limit = 4096 (default)
2019-08-29 09:04:43,063 [a27ef1f6-d80e-49dc-8aba-c653950ad4b4:group-430FB0E46E2C:LeaderElection13] INFO  server.RaftServerConfigKeys (ConfUtils.java:logGet(43)) - raft.server.watch.timeout = 10s (default)
2019-08-29 09:04:43,063 [521648c2-032b-4493-bcb7-c7d55e99ae6f:group-295242EAD92C:LeaderElection5] INFO  server.RaftServerConfigKeys (ConfUtils.java:logGet(43)) - raft.server.write.element-limit = 4096 (default)
2019-08-29 09:04:43,064 [a27ef1f6-d80e-49dc-8aba-c653950ad4b4:group-430FB0E46E2C:LeaderElection13] INFO  server.RaftServerConfigKeys (ConfUtils.java:logGet(43)) - raft.server.watch.timeout.denomination = 1s (default)
2019-08-29 09:04:43,064 [006047d9-e06e-4717-89c6-6c98a2152bd9:group-B93F173B0792:LeaderElection12] INFO  server.RaftServerConfigKeys (ConfUtils.java:logGet(43)) - raft.server.watch.timeout = 10s (default)
2019-08-29 09:04:43,064 [91dd3489-61e8-4546-a3e3-8d2c03f678e3:group-A5B4D1DE75FC:LeaderElection3] INFO  impl.RoleInfo (RoleInfo.java:updateAndGet(143)) - 91dd3489-61e8-4546-a3e3-8d2c03f678e3: start LeaderState
2019-08-29 09:04:43,066 [006047d9-e06e-4717-89c6-6c98a2152bd9:group-B93F173B0792:LeaderElection12] INFO  server.RaftServerConfigKeys (ConfUtils.java:logGet(43)) - raft.server.watch.timeout.denomination = 1s (default)
2019-08-29 09:04:43,065 [521648c2-032b-4493-bcb7-c7d55e99ae6f:group-295242EAD92C:LeaderElection5] INFO  server.RaftServerConfigKeys (ConfUtils.java:logGet(43)) - raft.server.watch.timeout = 10s (default)
2019-08-29 09:04:43,066 [521648c2-032b-4493-bcb7-c7d55e99ae6f:group-295242EAD92C:LeaderElection5] INFO  server.RaftServerConfigKeys (ConfUtils.java:logGet(43)) - raft.server.watch.timeout.denomination = 1s (default)
2019-08-29 09:04:43,066 [521648c2-032b-4493-bcb7-c7d55e99ae6f:group-295242EAD92C:LeaderElection5] INFO  server.RaftServerConfigKeys (ConfUtils.java:logGet(43)) - raft.server.watch.element-limit = 65536 (default)
2019-08-29 09:04:43,066 [521648c2-032b-4493-bcb7-c7d55e99ae6f:group-295242EAD92C:LeaderElection5] INFO  impl.RoleInfo (RoleInfo.java:updateAndGet(143)) - 521648c2-032b-4493-bcb7-c7d55e99ae6f: start LeaderState
2019-08-29 09:04:43,065 [a27ef1f6-d80e-49dc-8aba-c653950ad4b4:group-430FB0E46E2C:LeaderElection13] INFO  server.RaftServerConfigKeys (ConfUtils.java:logGet(43)) - raft.server.watch.element-limit = 65536 (default)
2019-08-29 09:04:43,065 [4b2a007c-1499-41ce-aa2f-1cc7d8e71cba:group-CF5FC7950232:LeaderElection4] INFO  server.RaftServerConfigKeys (ConfUtils.java:logGet(43)) - raft.server.staging.catchup.gap = 1000 (default)
2019-08-29 09:04:43,066 [006047d9-e06e-4717-89c6-6c98a2152bd9:group-B93F173B0792:LeaderElection12] INFO  server.RaftServerConfigKeys (ConfUtils.java:logGet(43)) - raft.server.watch.element-limit = 65536 (default)
2019-08-29 09:04:43,074 [a27ef1f6-d80e-49dc-8aba-c653950ad4b4:group-430FB0E46E2C:LeaderElection13] INFO  impl.RoleInfo (RoleInfo.java:updateAndGet(143)) - a27ef1f6-d80e-49dc-8aba-c653950ad4b4: start LeaderState
2019-08-29 09:04:43,074 [4b2a007c-1499-41ce-aa2f-1cc7d8e71cba:group-CF5FC7950232:LeaderElection4] INFO  server.RaftServerConfigKeys (ConfUtils.java:logGet(43)) - raft.server.rpc.sleep.time = 25ms (default)
2019-08-29 09:04:43,074 [006047d9-e06e-4717-89c6-6c98a2152bd9:group-B93F173B0792:LeaderElection12] INFO  impl.RoleInfo (RoleInfo.java:updateAndGet(143)) - 006047d9-e06e-4717-89c6-6c98a2152bd9: start LeaderState
2019-08-29 09:04:43,075 [4b2a007c-1499-41ce-aa2f-1cc7d8e71cba:group-CF5FC7950232:LeaderElection4] INFO  server.RaftServerConfigKeys (ConfUtils.java:logGet(43)) - raft.server.write.element-limit = 4096 (default)
2019-08-29 09:04:43,075 [4b2a007c-1499-41ce-aa2f-1cc7d8e71cba:group-CF5FC7950232:LeaderElection4] INFO  server.RaftServerConfigKeys (ConfUtils.java:logGet(43)) - raft.server.watch.timeout = 10s (default)
2019-08-29 09:04:43,075 [4b2a007c-1499-41ce-aa2f-1cc7d8e71cba:group-CF5FC7950232:LeaderElection4] INFO  server.RaftServerConfigKeys (ConfUtils.java:logGet(43)) - raft.server.watch.timeout.denomination = 1s (default)
2019-08-29 09:04:43,075 [4b2a007c-1499-41ce-aa2f-1cc7d8e71cba:group-CF5FC7950232:LeaderElection4] INFO  server.RaftServerConfigKeys (ConfUtils.java:logGet(43)) - raft.server.watch.element-limit = 65536 (default)
2019-08-29 09:04:43,076 [4b2a007c-1499-41ce-aa2f-1cc7d8e71cba:group-CF5FC7950232:LeaderElection4] INFO  impl.RoleInfo (RoleInfo.java:updateAndGet(143)) - 4b2a007c-1499-41ce-aa2f-1cc7d8e71cba: start LeaderState
2019-08-29 09:04:43,100 [4b2a007c-1499-41ce-aa2f-1cc7d8e71cba:group-CF5FC7950232:LeaderElection4] INFO  segmented.SegmentedRaftLogWorker (SegmentedRaftLogWorker.java:startLogSegment(380)) - 4b2a007c-1499-41ce-aa2f-1cc7d8e71cba-SegmentedRaftLogWorker:Storage Directory /workdir/hadoop-ozone/integration-test/target/test-dir/MiniOzoneClusterImpl-6dc80b5f-6925-4c5f-a4b1-e2b147e12e2e/datanode-2/data/ratis/2c394ea6-375d-4a5f-98ca-cf5fc7950232: Starting segment from index:0
2019-08-29 09:04:43,100 [521648c2-032b-4493-bcb7-c7d55e99ae6f:group-295242EAD92C:LeaderElection5] INFO  segmented.SegmentedRaftLogWorker (SegmentedRaftLogWorker.java:startLogSegment(380)) - 521648c2-032b-4493-bcb7-c7d55e99ae6f-SegmentedRaftLogWorker:Storage Directory /workdir/hadoop-ozone/integration-test/target/test-dir/MiniOzoneClusterImpl-6dc80b5f-6925-4c5f-a4b1-e2b147e12e2e/datanode-1/data/ratis/4df9cc59-4d27-4fb4-affd-295242ead92c: Starting segment from index:0
2019-08-29 09:04:43,100 [87a9a438-f0b8-4b0f-a9b9-a9ad0ae17289:group-93DCE2175C84:LeaderElection1] INFO  segmented.SegmentedRaftLogWorker (SegmentedRaftLogWorker.java:startLogSegment(380)) - 87a9a438-f0b8-4b0f-a9b9-a9ad0ae17289-SegmentedRaftLogWorker:Storage Directory /workdir/hadoop-ozone/integration-test/target/test-dir/MiniOzoneClusterImpl-6dc80b5f-6925-4c5f-a4b1-e2b147e12e2e/datanode-0/data/ratis/1202b288-6d97-4b99-b3f5-93dce2175c84: Starting segment from index:0
2019-08-29 09:04:43,100 [006047d9-e06e-4717-89c6-6c98a2152bd9:group-B93F173B0792:LeaderElection12] INFO  segmented.SegmentedRaftLogWorker (SegmentedRaftLogWorker.java:startLogSegment(380)) - 006047d9-e06e-4717-89c6-6c98a2152bd9-SegmentedRaftLogWorker:Storage Directory /workdir/hadoop-ozone/integration-test/target/test-dir/MiniOzoneClusterImpl-6dc80b5f-6925-4c5f-a4b1-e2b147e12e2e/datanode-5/data/ratis/08accee3-6f37-4146-a111-b93f173b0792: Starting segment from index:0
2019-08-29 09:04:43,100 [7761e897-e175-44b8-b4a7-8686aa902baa:group-742A7FD73591:LeaderElection2] INFO  segmented.SegmentedRaftLogWorker (SegmentedRaftLogWorker.java:startLogSegment(380)) - 7761e897-e175-44b8-b4a7-8686aa902baa-SegmentedRaftLogWorker:Storage Directory /workdir/hadoop-ozone/integration-test/target/test-dir/MiniOzoneClusterImpl-6dc80b5f-6925-4c5f-a4b1-e2b147e12e2e/datanode-3/data/ratis/96bab121-80d1-47a1-821e-742a7fd73591: Starting segment from index:0
2019-08-29 09:04:43,100 [91dd3489-61e8-4546-a3e3-8d2c03f678e3:group-A5B4D1DE75FC:LeaderElection3] INFO  segmented.SegmentedRaftLogWorker (SegmentedRaftLogWorker.java:startLogSegment(380)) - 91dd3489-61e8-4546-a3e3-8d2c03f678e3-SegmentedRaftLogWorker:Storage Directory /workdir/hadoop-ozone/integration-test/target/test-dir/MiniOzoneClusterImpl-6dc80b5f-6925-4c5f-a4b1-e2b147e12e2e/datanode-4/data/ratis/45568174-e66a-45d0-b91e-a5b4d1de75fc: Starting segment from index:0
2019-08-29 09:04:43,100 [a27ef1f6-d80e-49dc-8aba-c653950ad4b4:group-430FB0E46E2C:LeaderElection13] INFO  segmented.SegmentedRaftLogWorker (SegmentedRaftLogWorker.java:startLogSegment(380)) - a27ef1f6-d80e-49dc-8aba-c653950ad4b4-SegmentedRaftLogWorker:Storage Directory /workdir/hadoop-ozone/integration-test/target/test-dir/MiniOzoneClusterImpl-6dc80b5f-6925-4c5f-a4b1-e2b147e12e2e/datanode-6/data/ratis/65efea6d-6847-4b9b-99ad-430fb0e46e2c: Starting segment from index:0
2019-08-29 09:04:43,141 [87a9a438-f0b8-4b0f-a9b9-a9ad0ae17289:group-93DCE2175C84:LeaderElection1] INFO  impl.RaftServerImpl (ServerState.java:setRaftConf(361)) - 87a9a438-f0b8-4b0f-a9b9-a9ad0ae17289:group-93DCE2175C84 set configuration 0: [87a9a438-f0b8-4b0f-a9b9-a9ad0ae17289:192.168.5.182:45901], old=null at 0
2019-08-29 09:04:43,141 [4b2a007c-1499-41ce-aa2f-1cc7d8e71cba:group-CF5FC7950232:LeaderElection4] INFO  impl.RaftServerImpl (ServerState.java:setRaftConf(361)) - 4b2a007c-1499-41ce-aa2f-1cc7d8e71cba:group-CF5FC7950232 set configuration 0: [4b2a007c-1499-41ce-aa2f-1cc7d8e71cba:192.168.5.182:38532], old=null at 0
2019-08-29 09:04:43,147 [7761e897-e175-44b8-b4a7-8686aa902baa:group-742A7FD73591:LeaderElection2] INFO  impl.RaftServerImpl (ServerState.java:setRaftConf(361)) - 7761e897-e175-44b8-b4a7-8686aa902baa:group-742A7FD73591 set configuration 0: [7761e897-e175-44b8-b4a7-8686aa902baa:192.168.5.182:43669], old=null at 0
2019-08-29 09:04:43,141 [a27ef1f6-d80e-49dc-8aba-c653950ad4b4:group-430FB0E46E2C:LeaderElection13] INFO  impl.RaftServerImpl (ServerState.java:setRaftConf(361)) - a27ef1f6-d80e-49dc-8aba-c653950ad4b4:group-430FB0E46E2C set configuration 0: [a27ef1f6-d80e-49dc-8aba-c653950ad4b4:192.168.5.182:33724], old=null at 0
2019-08-29 09:04:43,141 [91dd3489-61e8-4546-a3e3-8d2c03f678e3:group-A5B4D1DE75FC:LeaderElection3] INFO  impl.RaftServerImpl (ServerState.java:setRaftConf(361)) - 91dd3489-61e8-4546-a3e3-8d2c03f678e3:group-A5B4D1DE75FC set configuration 0: [91dd3489-61e8-4546-a3e3-8d2c03f678e3:192.168.5.182:41280], old=null at 0
2019-08-29 09:04:43,141 [521648c2-032b-4493-bcb7-c7d55e99ae6f:group-295242EAD92C:LeaderElection5] INFO  impl.RaftServerImpl (ServerState.java:setRaftConf(361)) - 521648c2-032b-4493-bcb7-c7d55e99ae6f:group-295242EAD92C set configuration 0: [521648c2-032b-4493-bcb7-c7d55e99ae6f:192.168.5.182:34364], old=null at 0
2019-08-29 09:04:43,141 [006047d9-e06e-4717-89c6-6c98a2152bd9:group-B93F173B0792:LeaderElection12] INFO  impl.RaftServerImpl (ServerState.java:setRaftConf(361)) - 006047d9-e06e-4717-89c6-6c98a2152bd9:group-B93F173B0792 set configuration 0: [006047d9-e06e-4717-89c6-6c98a2152bd9:192.168.5.182:40422], old=null at 0
2019-08-29 09:04:43,161 [87a9a438-f0b8-4b0f-a9b9-a9ad0ae17289:group-2CC28D3717A0:LeaderElection10] INFO  impl.LeaderElection (LeaderElection.java:logAndReturn(56)) - 87a9a438-f0b8-4b0f-a9b9-a9ad0ae17289:group-2CC28D3717A0:LeaderElection10: Election REJECTED; received 2 response(s) [87a9a438-f0b8-4b0f-a9b9-a9ad0ae17289<-006047d9-e06e-4717-89c6-6c98a2152bd9#0:FAIL-t1, 87a9a438-f0b8-4b0f-a9b9-a9ad0ae17289<-521648c2-032b-4493-bcb7-c7d55e99ae6f#0:FAIL-t1] and 0 exception(s); 87a9a438-f0b8-4b0f-a9b9-a9ad0ae17289:t1, leader=null, voted=87a9a438-f0b8-4b0f-a9b9-a9ad0ae17289, raftlog=87a9a438-f0b8-4b0f-a9b9-a9ad0ae17289-SegmentedRaftLog:OPENED:c-1,f-1,i0, conf=-1: [87a9a438-f0b8-4b0f-a9b9-a9ad0ae17289:192.168.5.182:45901, 006047d9-e06e-4717-89c6-6c98a2152bd9:192.168.5.182:40422, 521648c2-032b-4493-bcb7-c7d55e99ae6f:192.168.5.182:34364], old=null
2019-08-29 09:04:43,162 [7761e897-e175-44b8-b4a7-8686aa902baa:group-D60B244B98B7:LeaderElection6] INFO  impl.LeaderElection (LeaderElection.java:logAndReturn(56)) - 7761e897-e175-44b8-b4a7-8686aa902baa:group-D60B244B98B7:LeaderElection6: Election REJECTED; received 2 response(s) [7761e897-e175-44b8-b4a7-8686aa902baa<-4b2a007c-1499-41ce-aa2f-1cc7d8e71cba#0:FAIL-t1, 7761e897-e175-44b8-b4a7-8686aa902baa<-91dd3489-61e8-4546-a3e3-8d2c03f678e3#0:FAIL-t1] and 0 exception(s); 7761e897-e175-44b8-b4a7-8686aa902baa:t1, leader=null, voted=7761e897-e175-44b8-b4a7-8686aa902baa, raftlog=7761e897-e175-44b8-b4a7-8686aa902baa-SegmentedRaftLog:OPENED:c-1,f-1,i0, conf=-1: [7761e897-e175-44b8-b4a7-8686aa902baa:192.168.5.182:43669, 4b2a007c-1499-41ce-aa2f-1cc7d8e71cba:192.168.5.182:38532, 91dd3489-61e8-4546-a3e3-8d2c03f678e3:192.168.5.182:41280], old=null
2019-08-29 09:04:43,163 [006047d9-e06e-4717-89c6-6c98a2152bd9:group-2CC28D3717A0:LeaderElection9] INFO  impl.LeaderElection (LeaderElection.java:logAndReturn(56)) - 006047d9-e06e-4717-89c6-6c98a2152bd9:group-2CC28D3717A0:LeaderElection9: Election REJECTED; received 2 response(s) [006047d9-e06e-4717-89c6-6c98a2152bd9<-87a9a438-f0b8-4b0f-a9b9-a9ad0ae17289#0:FAIL-t1, 006047d9-e06e-4717-89c6-6c98a2152bd9<-521648c2-032b-4493-bcb7-c7d55e99ae6f#0:FAIL-t1] and 0 exception(s); 006047d9-e06e-4717-89c6-6c98a2152bd9:t1, leader=null, voted=006047d9-e06e-4717-89c6-6c98a2152bd9, raftlog=006047d9-e06e-4717-89c6-6c98a2152bd9-SegmentedRaftLog:OPENED:c-1,f-1,i0, conf=-1: [87a9a438-f0b8-4b0f-a9b9-a9ad0ae17289:192.168.5.182:45901, 006047d9-e06e-4717-89c6-6c98a2152bd9:192.168.5.182:40422, 521648c2-032b-4493-bcb7-c7d55e99ae6f:192.168.5.182:34364], old=null
2019-08-29 09:04:43,169 [87a9a438-f0b8-4b0f-a9b9-a9ad0ae17289:group-2CC28D3717A0:LeaderElection10] INFO  impl.RaftServerImpl (RaftServerImpl.java:setRole(171)) - 87a9a438-f0b8-4b0f-a9b9-a9ad0ae17289:group-2CC28D3717A0 changes role from CANDIDATE to FOLLOWER at term 1 for DISCOVERED_A_NEW_TERM
2019-08-29 09:04:43,171 [006047d9-e06e-4717-89c6-6c98a2152bd9:group-2CC28D3717A0:LeaderElection9] INFO  impl.RaftServerImpl (RaftServerImpl.java:setRole(171)) - 006047d9-e06e-4717-89c6-6c98a2152bd9:group-2CC28D3717A0 changes role from CANDIDATE to FOLLOWER at term 1 for DISCOVERED_A_NEW_TERM
2019-08-29 09:04:43,171 [87a9a438-f0b8-4b0f-a9b9-a9ad0ae17289:group-2CC28D3717A0:LeaderElection10] INFO  impl.RoleInfo (RoleInfo.java:shutdownLeaderElection(134)) - 87a9a438-f0b8-4b0f-a9b9-a9ad0ae17289: shutdown LeaderElection
2019-08-29 09:04:43,174 [7761e897-e175-44b8-b4a7-8686aa902baa:group-D60B244B98B7:LeaderElection6] INFO  impl.RaftServerImpl (RaftServerImpl.java:setRole(171)) - 7761e897-e175-44b8-b4a7-8686aa902baa:group-D60B244B98B7 changes role from CANDIDATE to FOLLOWER at term 1 for DISCOVERED_A_NEW_TERM
2019-08-29 09:04:43,175 [7761e897-e175-44b8-b4a7-8686aa902baa:group-D60B244B98B7:LeaderElection6] INFO  impl.RoleInfo (RoleInfo.java:shutdownLeaderElection(134)) - 7761e897-e175-44b8-b4a7-8686aa902baa: shutdown LeaderElection
2019-08-29 09:04:43,177 [87a9a438-f0b8-4b0f-a9b9-a9ad0ae17289:group-2CC28D3717A0:LeaderElection10] INFO  impl.RoleInfo (RoleInfo.java:updateAndGet(143)) - 87a9a438-f0b8-4b0f-a9b9-a9ad0ae17289: start FollowerState
2019-08-29 09:04:43,172 [006047d9-e06e-4717-89c6-6c98a2152bd9:group-2CC28D3717A0:LeaderElection9] INFO  impl.RoleInfo (RoleInfo.java:shutdownLeaderElection(134)) - 006047d9-e06e-4717-89c6-6c98a2152bd9: shutdown LeaderElection
2019-08-29 09:04:43,177 [7761e897-e175-44b8-b4a7-8686aa902baa:group-D60B244B98B7:LeaderElection6] INFO  impl.RoleInfo (RoleInfo.java:updateAndGet(143)) - 7761e897-e175-44b8-b4a7-8686aa902baa: start FollowerState
2019-08-29 09:04:43,176 [521648c2-032b-4493-bcb7-c7d55e99ae6f:group-2CC28D3717A0:LeaderElection8] INFO  impl.LeaderElection (LeaderElection.java:logAndReturn(56)) - 521648c2-032b-4493-bcb7-c7d55e99ae6f:group-2CC28D3717A0:LeaderElection8: Election REJECTED; received 2 response(s) [521648c2-032b-4493-bcb7-c7d55e99ae6f<-87a9a438-f0b8-4b0f-a9b9-a9ad0ae17289#0:FAIL-t1, 521648c2-032b-4493-bcb7-c7d55e99ae6f<-006047d9-e06e-4717-89c6-6c98a2152bd9#0:FAIL-t1] and 0 exception(s); 521648c2-032b-4493-bcb7-c7d55e99ae6f:t1, leader=null, voted=521648c2-032b-4493-bcb7-c7d55e99ae6f, raftlog=521648c2-032b-4493-bcb7-c7d55e99ae6f-SegmentedRaftLog:OPENED:c-1,f-1,i0, conf=-1: [87a9a438-f0b8-4b0f-a9b9-a9ad0ae17289:192.168.5.182:45901, 006047d9-e06e-4717-89c6-6c98a2152bd9:192.168.5.182:40422, 521648c2-032b-4493-bcb7-c7d55e99ae6f:192.168.5.182:34364], old=null
2019-08-29 09:04:43,176 [91dd3489-61e8-4546-a3e3-8d2c03f678e3:group-D60B244B98B7:LeaderElection7] INFO  impl.LeaderElection (LeaderElection.java:logAndReturn(56)) - 91dd3489-61e8-4546-a3e3-8d2c03f678e3:group-D60B244B98B7:LeaderElection7: Election REJECTED; received 2 response(s) [91dd3489-61e8-4546-a3e3-8d2c03f678e3<-7761e897-e175-44b8-b4a7-8686aa902baa#0:FAIL-t1, 91dd3489-61e8-4546-a3e3-8d2c03f678e3<-4b2a007c-1499-41ce-aa2f-1cc7d8e71cba#0:FAIL-t1] and 0 exception(s); 91dd3489-61e8-4546-a3e3-8d2c03f678e3:t1, leader=null, voted=91dd3489-61e8-4546-a3e3-8d2c03f678e3, raftlog=91dd3489-61e8-4546-a3e3-8d2c03f678e3-SegmentedRaftLog:OPENED:c-1,f-1,i0, conf=-1: [7761e897-e175-44b8-b4a7-8686aa902baa:192.168.5.182:43669, 4b2a007c-1499-41ce-aa2f-1cc7d8e71cba:192.168.5.182:38532, 91dd3489-61e8-4546-a3e3-8d2c03f678e3:192.168.5.182:41280], old=null
2019-08-29 09:04:43,179 [521648c2-032b-4493-bcb7-c7d55e99ae6f:group-2CC28D3717A0:LeaderElection8] INFO  impl.RaftServerImpl (RaftServerImpl.java:setRole(171)) - 521648c2-032b-4493-bcb7-c7d55e99ae6f:group-2CC28D3717A0 changes role from CANDIDATE to FOLLOWER at term 1 for DISCOVERED_A_NEW_TERM
2019-08-29 09:04:43,179 [006047d9-e06e-4717-89c6-6c98a2152bd9:group-2CC28D3717A0:LeaderElection9] INFO  impl.RoleInfo (RoleInfo.java:updateAndGet(143)) - 006047d9-e06e-4717-89c6-6c98a2152bd9: start FollowerState
2019-08-29 09:04:43,183 [91dd3489-61e8-4546-a3e3-8d2c03f678e3:group-D60B244B98B7:LeaderElection7] INFO  impl.RaftServerImpl (RaftServerImpl.java:setRole(171)) - 91dd3489-61e8-4546-a3e3-8d2c03f678e3:group-D60B244B98B7 changes role from CANDIDATE to FOLLOWER at term 1 for DISCOVERED_A_NEW_TERM
2019-08-29 09:04:43,182 [521648c2-032b-4493-bcb7-c7d55e99ae6f:group-2CC28D3717A0:LeaderElection8] INFO  impl.RoleInfo (RoleInfo.java:shutdownLeaderElection(134)) - 521648c2-032b-4493-bcb7-c7d55e99ae6f: shutdown LeaderElection
2019-08-29 09:04:43,183 [91dd3489-61e8-4546-a3e3-8d2c03f678e3:group-D60B244B98B7:LeaderElection7] INFO  impl.RoleInfo (RoleInfo.java:shutdownLeaderElection(134)) - 91dd3489-61e8-4546-a3e3-8d2c03f678e3: shutdown LeaderElection
2019-08-29 09:04:43,187 [521648c2-032b-4493-bcb7-c7d55e99ae6f:group-2CC28D3717A0:LeaderElection8] INFO  impl.RoleInfo (RoleInfo.java:updateAndGet(143)) - 521648c2-032b-4493-bcb7-c7d55e99ae6f: start FollowerState
2019-08-29 09:04:43,194 [91dd3489-61e8-4546-a3e3-8d2c03f678e3:group-D60B244B98B7:LeaderElection7] INFO  impl.RoleInfo (RoleInfo.java:updateAndGet(143)) - 91dd3489-61e8-4546-a3e3-8d2c03f678e3: start FollowerState
2019-08-29 09:04:43,200 [4b2a007c-1499-41ce-aa2f-1cc7d8e71cba:group-D60B244B98B7:LeaderElection11] INFO  impl.LeaderElection (LeaderElection.java:logAndReturn(56)) - 4b2a007c-1499-41ce-aa2f-1cc7d8e71cba:group-D60B244B98B7:LeaderElection11: Election REJECTED; received 2 response(s) [4b2a007c-1499-41ce-aa2f-1cc7d8e71cba<-7761e897-e175-44b8-b4a7-8686aa902baa#0:FAIL-t1, 4b2a007c-1499-41ce-aa2f-1cc7d8e71cba<-91dd3489-61e8-4546-a3e3-8d2c03f678e3#0:FAIL-t1] and 0 exception(s); 4b2a007c-1499-41ce-aa2f-1cc7d8e71cba:t1, leader=null, voted=4b2a007c-1499-41ce-aa2f-1cc7d8e71cba, raftlog=4b2a007c-1499-41ce-aa2f-1cc7d8e71cba-SegmentedRaftLog:OPENED:c-1,f-1,i0, conf=-1: [7761e897-e175-44b8-b4a7-8686aa902baa:192.168.5.182:43669, 4b2a007c-1499-41ce-aa2f-1cc7d8e71cba:192.168.5.182:38532, 91dd3489-61e8-4546-a3e3-8d2c03f678e3:192.168.5.182:41280], old=null
2019-08-29 09:04:43,200 [4b2a007c-1499-41ce-aa2f-1cc7d8e71cba:group-D60B244B98B7:LeaderElection11] INFO  impl.RaftServerImpl (RaftServerImpl.java:setRole(171)) - 4b2a007c-1499-41ce-aa2f-1cc7d8e71cba:group-D60B244B98B7 changes role from CANDIDATE to FOLLOWER at term 1 for DISCOVERED_A_NEW_TERM
2019-08-29 09:04:43,200 [4b2a007c-1499-41ce-aa2f-1cc7d8e71cba:group-D60B244B98B7:LeaderElection11] INFO  impl.RoleInfo (RoleInfo.java:shutdownLeaderElection(134)) - 4b2a007c-1499-41ce-aa2f-1cc7d8e71cba: shutdown LeaderElection
2019-08-29 09:04:43,201 [4b2a007c-1499-41ce-aa2f-1cc7d8e71cba:group-D60B244B98B7:LeaderElection11] INFO  impl.RoleInfo (RoleInfo.java:updateAndGet(143)) - 4b2a007c-1499-41ce-aa2f-1cc7d8e71cba: start FollowerState
2019-08-29 09:04:43,201 [grpc-default-executor-8] INFO  client.GrpcClientProtocolClient (GrpcClientProtocolClient.java:onNext(255)) - client-7ABE05FD2760->7761e897-e175-44b8-b4a7-8686aa902baa: receive RaftClientReply:client-7ABE05FD2760->7761e897-e175-44b8-b4a7-8686aa902baa@group-D60B244B98B7, cid=13, FAILED org.apache.ratis.protocol.NotLeaderException: Server 7761e897-e175-44b8-b4a7-8686aa902baa is not the leader (null). Request must be sent to leader., logIndex=0, commits[7761e897-e175-44b8-b4a7-8686aa902baa:c-1]
2019-08-29 09:04:43,269 | INFO  | SCMAudit | user=jenkins1000 | ip=192.168.5.182 | op=SEND_HEARTBEAT {datanodeUUID=006047d9-e06e-4717-89c6-6c98a2152bd9, command=[]} | ret=SUCCESS |  
2019-08-29 09:04:43,401 | INFO  | SCMAudit | user=jenkins1000 | ip=192.168.5.182 | op=SEND_HEARTBEAT {datanodeUUID=4b2a007c-1499-41ce-aa2f-1cc7d8e71cba, command=[]} | ret=SUCCESS |  
2019-08-29 09:04:43,467 | INFO  | SCMAudit | user=jenkins1000 | ip=192.168.5.182 | op=SEND_HEARTBEAT {datanodeUUID=a27ef1f6-d80e-49dc-8aba-c653950ad4b4, command=[]} | ret=SUCCESS |  
2019-08-29 09:04:43,546 [006047d9-e06e-4717-89c6-6c98a2152bd9-SegmentedRaftLogWorker:Storage Directory /workdir/hadoop-ozone/integration-test/target/test-dir/MiniOzoneClusterImpl-6dc80b5f-6925-4c5f-a4b1-e2b147e12e2e/datanode-5/data/ratis/08accee3-6f37-4146-a111-b93f173b0792] INFO  segmented.SegmentedRaftLogWorker (SegmentedRaftLogWorker.java:execute(569)) - 006047d9-e06e-4717-89c6-6c98a2152bd9-SegmentedRaftLogWorker:Storage Directory /workdir/hadoop-ozone/integration-test/target/test-dir/MiniOzoneClusterImpl-6dc80b5f-6925-4c5f-a4b1-e2b147e12e2e/datanode-5/data/ratis/08accee3-6f37-4146-a111-b93f173b0792: created new log segment /workdir/hadoop-ozone/integration-test/target/test-dir/MiniOzoneClusterImpl-6dc80b5f-6925-4c5f-a4b1-e2b147e12e2e/datanode-5/data/ratis/08accee3-6f37-4146-a111-b93f173b0792/current/log_inprogress_0
2019-08-29 09:04:43,546 [91dd3489-61e8-4546-a3e3-8d2c03f678e3-SegmentedRaftLogWorker:Storage Directory /workdir/hadoop-ozone/integration-test/target/test-dir/MiniOzoneClusterImpl-6dc80b5f-6925-4c5f-a4b1-e2b147e12e2e/datanode-4/data/ratis/45568174-e66a-45d0-b91e-a5b4d1de75fc] INFO  segmented.SegmentedRaftLogWorker (SegmentedRaftLogWorker.java:execute(569)) - 91dd3489-61e8-4546-a3e3-8d2c03f678e3-SegmentedRaftLogWorker:Storage Directory /workdir/hadoop-ozone/integration-test/target/test-dir/MiniOzoneClusterImpl-6dc80b5f-6925-4c5f-a4b1-e2b147e12e2e/datanode-4/data/ratis/45568174-e66a-45d0-b91e-a5b4d1de75fc: created new log segment /workdir/hadoop-ozone/integration-test/target/test-dir/MiniOzoneClusterImpl-6dc80b5f-6925-4c5f-a4b1-e2b147e12e2e/datanode-4/data/ratis/45568174-e66a-45d0-b91e-a5b4d1de75fc/current/log_inprogress_0
2019-08-29 09:04:43,549 [a27ef1f6-d80e-49dc-8aba-c653950ad4b4-SegmentedRaftLogWorker:Storage Directory /workdir/hadoop-ozone/integration-test/target/test-dir/MiniOzoneClusterImpl-6dc80b5f-6925-4c5f-a4b1-e2b147e12e2e/datanode-6/data/ratis/65efea6d-6847-4b9b-99ad-430fb0e46e2c] INFO  segmented.SegmentedRaftLogWorker (SegmentedRaftLogWorker.java:execute(569)) - a27ef1f6-d80e-49dc-8aba-c653950ad4b4-SegmentedRaftLogWorker:Storage Directory /workdir/hadoop-ozone/integration-test/target/test-dir/MiniOzoneClusterImpl-6dc80b5f-6925-4c5f-a4b1-e2b147e12e2e/datanode-6/data/ratis/65efea6d-6847-4b9b-99ad-430fb0e46e2c: created new log segment /workdir/hadoop-ozone/integration-test/target/test-dir/MiniOzoneClusterImpl-6dc80b5f-6925-4c5f-a4b1-e2b147e12e2e/datanode-6/data/ratis/65efea6d-6847-4b9b-99ad-430fb0e46e2c/current/log_inprogress_0
2019-08-29 09:04:43,549 [521648c2-032b-4493-bcb7-c7d55e99ae6f-SegmentedRaftLogWorker:Storage Directory /workdir/hadoop-ozone/integration-test/target/test-dir/MiniOzoneClusterImpl-6dc80b5f-6925-4c5f-a4b1-e2b147e12e2e/datanode-1/data/ratis/4df9cc59-4d27-4fb4-affd-295242ead92c] INFO  segmented.SegmentedRaftLogWorker (SegmentedRaftLogWorker.java:execute(569)) - 521648c2-032b-4493-bcb7-c7d55e99ae6f-SegmentedRaftLogWorker:Storage Directory /workdir/hadoop-ozone/integration-test/target/test-dir/MiniOzoneClusterImpl-6dc80b5f-6925-4c5f-a4b1-e2b147e12e2e/datanode-1/data/ratis/4df9cc59-4d27-4fb4-affd-295242ead92c: created new log segment /workdir/hadoop-ozone/integration-test/target/test-dir/MiniOzoneClusterImpl-6dc80b5f-6925-4c5f-a4b1-e2b147e12e2e/datanode-1/data/ratis/4df9cc59-4d27-4fb4-affd-295242ead92c/current/log_inprogress_0
2019-08-29 09:04:43,549 [7761e897-e175-44b8-b4a7-8686aa902baa-SegmentedRaftLogWorker:Storage Directory /workdir/hadoop-ozone/integration-test/target/test-dir/MiniOzoneClusterImpl-6dc80b5f-6925-4c5f-a4b1-e2b147e12e2e/datanode-3/data/ratis/96bab121-80d1-47a1-821e-742a7fd73591] INFO  segmented.SegmentedRaftLogWorker (SegmentedRaftLogWorker.java:execute(569)) - 7761e897-e175-44b8-b4a7-8686aa902baa-SegmentedRaftLogWorker:Storage Directory /workdir/hadoop-ozone/integration-test/target/test-dir/MiniOzoneClusterImpl-6dc80b5f-6925-4c5f-a4b1-e2b147e12e2e/datanode-3/data/ratis/96bab121-80d1-47a1-821e-742a7fd73591: created new log segment /workdir/hadoop-ozone/integration-test/target/test-dir/MiniOzoneClusterImpl-6dc80b5f-6925-4c5f-a4b1-e2b147e12e2e/datanode-3/data/ratis/96bab121-80d1-47a1-821e-742a7fd73591/current/log_inprogress_0
2019-08-29 09:04:43,549 [87a9a438-f0b8-4b0f-a9b9-a9ad0ae17289-SegmentedRaftLogWorker:Storage Directory /workdir/hadoop-ozone/integration-test/target/test-dir/MiniOzoneClusterImpl-6dc80b5f-6925-4c5f-a4b1-e2b147e12e2e/datanode-0/data/ratis/1202b288-6d97-4b99-b3f5-93dce2175c84] INFO  segmented.SegmentedRaftLogWorker (SegmentedRaftLogWorker.java:execute(569)) - 87a9a438-f0b8-4b0f-a9b9-a9ad0ae17289-SegmentedRaftLogWorker:Storage Directory /workdir/hadoop-ozone/integration-test/target/test-dir/MiniOzoneClusterImpl-6dc80b5f-6925-4c5f-a4b1-e2b147e12e2e/datanode-0/data/ratis/1202b288-6d97-4b99-b3f5-93dce2175c84: created new log segment /workdir/hadoop-ozone/integration-test/target/test-dir/MiniOzoneClusterImpl-6dc80b5f-6925-4c5f-a4b1-e2b147e12e2e/datanode-0/data/ratis/1202b288-6d97-4b99-b3f5-93dce2175c84/current/log_inprogress_0
2019-08-29 09:04:43,546 [4b2a007c-1499-41ce-aa2f-1cc7d8e71cba-SegmentedRaftLogWorker:Storage Directory /workdir/hadoop-ozone/integration-test/target/test-dir/MiniOzoneClusterImpl-6dc80b5f-6925-4c5f-a4b1-e2b147e12e2e/datanode-2/data/ratis/2c394ea6-375d-4a5f-98ca-cf5fc7950232] INFO  segmented.SegmentedRaftLogWorker (SegmentedRaftLogWorker.java:execute(569)) - 4b2a007c-1499-41ce-aa2f-1cc7d8e71cba-SegmentedRaftLogWorker:Storage Directory /workdir/hadoop-ozone/integration-test/target/test-dir/MiniOzoneClusterImpl-6dc80b5f-6925-4c5f-a4b1-e2b147e12e2e/datanode-2/data/ratis/2c394ea6-375d-4a5f-98ca-cf5fc7950232: created new log segment /workdir/hadoop-ozone/integration-test/target/test-dir/MiniOzoneClusterImpl-6dc80b5f-6925-4c5f-a4b1-e2b147e12e2e/datanode-2/data/ratis/2c394ea6-375d-4a5f-98ca-cf5fc7950232/current/log_inprogress_0
2019-08-29 09:04:43,561 | INFO  | SCMAudit | user=jenkins1000 | ip=192.168.5.182 | op=SEND_HEARTBEAT {datanodeUUID=87a9a438-f0b8-4b0f-a9b9-a9ad0ae17289, command=[]} | ret=SUCCESS |  
2019-08-29 09:04:43,728 | INFO  | SCMAudit | user=jenkins1000 | ip=192.168.5.182 | op=SEND_HEARTBEAT {datanodeUUID=7761e897-e175-44b8-b4a7-8686aa902baa, command=[]} | ret=SUCCESS |  
2019-08-29 09:04:43,840 | INFO  | SCMAudit | user=jenkins1000 | ip=192.168.5.182 | op=SEND_HEARTBEAT {datanodeUUID=521648c2-032b-4493-bcb7-c7d55e99ae6f, command=[]} | ret=SUCCESS |  
2019-08-29 09:04:43,935 | INFO  | SCMAudit | user=jenkins1000 | ip=192.168.5.182 | op=SEND_HEARTBEAT {datanodeUUID=91dd3489-61e8-4546-a3e3-8d2c03f678e3, command=[]} | ret=SUCCESS |  
2019-08-29 09:04:44,221 [grpc-default-executor-8] INFO  client.GrpcClientProtocolClient (GrpcClientProtocolClient.java:onNext(255)) - client-7ABE05FD2760->91dd3489-61e8-4546-a3e3-8d2c03f678e3: receive RaftClientReply:client-7ABE05FD2760->91dd3489-61e8-4546-a3e3-8d2c03f678e3@group-D60B244B98B7, cid=13, FAILED org.apache.ratis.protocol.NotLeaderException: Server 91dd3489-61e8-4546-a3e3-8d2c03f678e3 is not the leader (null). Request must be sent to leader., logIndex=0, commits[91dd3489-61e8-4546-a3e3-8d2c03f678e3:c-1]
2019-08-29 09:04:44,269 | INFO  | SCMAudit | user=jenkins1000 | ip=192.168.5.182 | op=SEND_HEARTBEAT {datanodeUUID=006047d9-e06e-4717-89c6-6c98a2152bd9, command=[]} | ret=SUCCESS |  
2019-08-29 09:04:44,400 | INFO  | SCMAudit | user=jenkins1000 | ip=192.168.5.182 | op=SEND_HEARTBEAT {datanodeUUID=4b2a007c-1499-41ce-aa2f-1cc7d8e71cba, command=[]} | ret=SUCCESS |  
2019-08-29 09:04:44,467 | INFO  | SCMAudit | user=jenkins1000 | ip=192.168.5.182 | op=SEND_HEARTBEAT {datanodeUUID=a27ef1f6-d80e-49dc-8aba-c653950ad4b4, command=[]} | ret=SUCCESS |  
2019-08-29 09:04:44,560 | INFO  | SCMAudit | user=jenkins1000 | ip=192.168.5.182 | op=SEND_HEARTBEAT {datanodeUUID=87a9a438-f0b8-4b0f-a9b9-a9ad0ae17289, command=[]} | ret=SUCCESS |  
2019-08-29 09:04:44,727 | INFO  | SCMAudit | user=jenkins1000 | ip=192.168.5.182 | op=SEND_HEARTBEAT {datanodeUUID=7761e897-e175-44b8-b4a7-8686aa902baa, command=[]} | ret=SUCCESS |  
2019-08-29 09:04:44,840 | INFO  | SCMAudit | user=jenkins1000 | ip=192.168.5.182 | op=SEND_HEARTBEAT {datanodeUUID=521648c2-032b-4493-bcb7-c7d55e99ae6f, command=[]} | ret=SUCCESS |  
2019-08-29 09:04:44,935 | INFO  | SCMAudit | user=jenkins1000 | ip=192.168.5.182 | op=SEND_HEARTBEAT {datanodeUUID=91dd3489-61e8-4546-a3e3-8d2c03f678e3, command=[]} | ret=SUCCESS |  
2019-08-29 09:04:45,246 [grpc-default-executor-8] INFO  client.GrpcClientProtocolClient (GrpcClientProtocolClient.java:onNext(255)) - client-7ABE05FD2760->7761e897-e175-44b8-b4a7-8686aa902baa: receive RaftClientReply:client-7ABE05FD2760->7761e897-e175-44b8-b4a7-8686aa902baa@group-D60B244B98B7, cid=13, FAILED org.apache.ratis.protocol.NotLeaderException: Server 7761e897-e175-44b8-b4a7-8686aa902baa is not the leader (null). Request must be sent to leader., logIndex=0, commits[7761e897-e175-44b8-b4a7-8686aa902baa:c-1]
2019-08-29 09:04:45,268 | INFO  | SCMAudit | user=jenkins1000 | ip=192.168.5.182 | op=SEND_HEARTBEAT {datanodeUUID=006047d9-e06e-4717-89c6-6c98a2152bd9, command=[]} | ret=SUCCESS |  
2019-08-29 09:04:45,400 | INFO  | SCMAudit | user=jenkins1000 | ip=192.168.5.182 | op=SEND_HEARTBEAT {datanodeUUID=4b2a007c-1499-41ce-aa2f-1cc7d8e71cba, command=[]} | ret=SUCCESS |  
2019-08-29 09:04:45,467 | INFO  | SCMAudit | user=jenkins1000 | ip=192.168.5.182 | op=SEND_HEARTBEAT {datanodeUUID=a27ef1f6-d80e-49dc-8aba-c653950ad4b4, command=[]} | ret=SUCCESS |  
2019-08-29 09:04:45,560 | INFO  | SCMAudit | user=jenkins1000 | ip=192.168.5.182 | op=SEND_HEARTBEAT {datanodeUUID=87a9a438-f0b8-4b0f-a9b9-a9ad0ae17289, command=[]} | ret=SUCCESS |  
2019-08-29 09:04:45,728 | INFO  | SCMAudit | user=jenkins1000 | ip=192.168.5.182 | op=SEND_HEARTBEAT {datanodeUUID=7761e897-e175-44b8-b4a7-8686aa902baa, command=[]} | ret=SUCCESS |  
2019-08-29 09:04:45,840 | INFO  | SCMAudit | user=jenkins1000 | ip=192.168.5.182 | op=SEND_HEARTBEAT {datanodeUUID=521648c2-032b-4493-bcb7-c7d55e99ae6f, command=[]} | ret=SUCCESS |  
2019-08-29 09:04:45,935 | INFO  | SCMAudit | user=jenkins1000 | ip=192.168.5.182 | op=SEND_HEARTBEAT {datanodeUUID=91dd3489-61e8-4546-a3e3-8d2c03f678e3, command=[]} | ret=SUCCESS |  
2019-08-29 09:04:46,269 [grpc-default-executor-11] INFO  client.GrpcClientProtocolClient (GrpcClientProtocolClient.java:onNext(255)) - client-7ABE05FD2760->4b2a007c-1499-41ce-aa2f-1cc7d8e71cba: receive RaftClientReply:client-7ABE05FD2760->4b2a007c-1499-41ce-aa2f-1cc7d8e71cba@group-D60B244B98B7, cid=13, FAILED org.apache.ratis.protocol.NotLeaderException: Server 4b2a007c-1499-41ce-aa2f-1cc7d8e71cba is not the leader (null). Request must be sent to leader., logIndex=0, commits[4b2a007c-1499-41ce-aa2f-1cc7d8e71cba:c-1]
2019-08-29 09:04:46,270 | INFO  | SCMAudit | user=jenkins1000 | ip=192.168.5.182 | op=SEND_HEARTBEAT {datanodeUUID=006047d9-e06e-4717-89c6-6c98a2152bd9, command=[]} | ret=SUCCESS |  
2019-08-29 09:04:46,400 | INFO  | SCMAudit | user=jenkins1000 | ip=192.168.5.182 | op=SEND_HEARTBEAT {datanodeUUID=4b2a007c-1499-41ce-aa2f-1cc7d8e71cba, command=[]} | ret=SUCCESS |  
2019-08-29 09:04:46,468 | INFO  | SCMAudit | user=jenkins1000 | ip=192.168.5.182 | op=SEND_HEARTBEAT {datanodeUUID=a27ef1f6-d80e-49dc-8aba-c653950ad4b4, command=[]} | ret=SUCCESS |  
2019-08-29 09:04:46,560 | INFO  | SCMAudit | user=jenkins1000 | ip=192.168.5.182 | op=SEND_HEARTBEAT {datanodeUUID=87a9a438-f0b8-4b0f-a9b9-a9ad0ae17289, command=[]} | ret=SUCCESS |  
2019-08-29 09:04:46,728 | INFO  | SCMAudit | user=jenkins1000 | ip=192.168.5.182 | op=SEND_HEARTBEAT {datanodeUUID=7761e897-e175-44b8-b4a7-8686aa902baa, command=[]} | ret=SUCCESS |  
2019-08-29 09:04:46,841 | INFO  | SCMAudit | user=jenkins1000 | ip=192.168.5.182 | op=SEND_HEARTBEAT {datanodeUUID=521648c2-032b-4493-bcb7-c7d55e99ae6f, command=[]} | ret=SUCCESS |  
2019-08-29 09:04:46,935 | INFO  | SCMAudit | user=jenkins1000 | ip=192.168.5.182 | op=SEND_HEARTBEAT {datanodeUUID=91dd3489-61e8-4546-a3e3-8d2c03f678e3, command=[]} | ret=SUCCESS |  
2019-08-29 09:04:47,268 | INFO  | SCMAudit | user=jenkins1000 | ip=192.168.5.182 | op=SEND_HEARTBEAT {datanodeUUID=006047d9-e06e-4717-89c6-6c98a2152bd9, command=[]} | ret=SUCCESS |  
2019-08-29 09:04:47,290 [grpc-default-executor-8] INFO  client.GrpcClientProtocolClient (GrpcClientProtocolClient.java:onNext(255)) - client-7ABE05FD2760->7761e897-e175-44b8-b4a7-8686aa902baa: receive RaftClientReply:client-7ABE05FD2760->7761e897-e175-44b8-b4a7-8686aa902baa@group-D60B244B98B7, cid=13, FAILED org.apache.ratis.protocol.NotLeaderException: Server 7761e897-e175-44b8-b4a7-8686aa902baa is not the leader (null). Request must be sent to leader., logIndex=0, commits[7761e897-e175-44b8-b4a7-8686aa902baa:c-1]
2019-08-29 09:04:47,400 | INFO  | SCMAudit | user=jenkins1000 | ip=192.168.5.182 | op=SEND_HEARTBEAT {datanodeUUID=4b2a007c-1499-41ce-aa2f-1cc7d8e71cba, command=[]} | ret=SUCCESS |  
2019-08-29 09:04:47,469 | INFO  | SCMAudit | user=jenkins1000 | ip=192.168.5.182 | op=SEND_HEARTBEAT {datanodeUUID=a27ef1f6-d80e-49dc-8aba-c653950ad4b4, command=[]} | ret=SUCCESS |  
2019-08-29 09:04:47,561 | INFO  | SCMAudit | user=jenkins1000 | ip=192.168.5.182 | op=SEND_HEARTBEAT {datanodeUUID=87a9a438-f0b8-4b0f-a9b9-a9ad0ae17289, command=[]} | ret=SUCCESS |  
2019-08-29 09:04:47,728 | INFO  | SCMAudit | user=jenkins1000 | ip=192.168.5.182 | op=SEND_HEARTBEAT {datanodeUUID=7761e897-e175-44b8-b4a7-8686aa902baa, command=[]} | ret=SUCCESS |  
2019-08-29 09:04:47,841 | INFO  | SCMAudit | user=jenkins1000 | ip=192.168.5.182 | op=SEND_HEARTBEAT {datanodeUUID=521648c2-032b-4493-bcb7-c7d55e99ae6f, command=[]} | ret=SUCCESS |  
2019-08-29 09:04:47,935 | INFO  | SCMAudit | user=jenkins1000 | ip=192.168.5.182 | op=SEND_HEARTBEAT {datanodeUUID=91dd3489-61e8-4546-a3e3-8d2c03f678e3, command=[]} | ret=SUCCESS |  
2019-08-29 09:04:48,228 [Thread-327] INFO  impl.FollowerState (FollowerState.java:run(106)) - 87a9a438-f0b8-4b0f-a9b9-a9ad0ae17289:group-2CC28D3717A0 changes to CANDIDATE, lastRpcTime:5050, electionTimeout:5049ms
2019-08-29 09:04:48,231 [Thread-327] INFO  impl.RoleInfo (RoleInfo.java:shutdownFollowerState(121)) - 87a9a438-f0b8-4b0f-a9b9-a9ad0ae17289: shutdown FollowerState
2019-08-29 09:04:48,231 [Thread-327] INFO  impl.RaftServerImpl (RaftServerImpl.java:setRole(171)) - 87a9a438-f0b8-4b0f-a9b9-a9ad0ae17289:group-2CC28D3717A0 changes role from FOLLOWER to CANDIDATE at term 1 for changeToCandidate
2019-08-29 09:04:48,232 [Thread-327] INFO  impl.RoleInfo (RoleInfo.java:updateAndGet(143)) - 87a9a438-f0b8-4b0f-a9b9-a9ad0ae17289: start LeaderElection
2019-08-29 09:04:48,268 | INFO  | SCMAudit | user=jenkins1000 | ip=192.168.5.182 | op=SEND_HEARTBEAT {datanodeUUID=006047d9-e06e-4717-89c6-6c98a2152bd9, command=[]} | ret=SUCCESS |  
2019-08-29 09:04:48,300 [Thread-333] INFO  impl.FollowerState (FollowerState.java:run(106)) - 4b2a007c-1499-41ce-aa2f-1cc7d8e71cba:group-D60B244B98B7 changes to CANDIDATE, lastRpcTime:5099, electionTimeout:5098ms
2019-08-29 09:04:48,302 [Thread-333] INFO  impl.RoleInfo (RoleInfo.java:shutdownFollowerState(121)) - 4b2a007c-1499-41ce-aa2f-1cc7d8e71cba: shutdown FollowerState
2019-08-29 09:04:48,302 [Thread-333] INFO  impl.RaftServerImpl (RaftServerImpl.java:setRole(171)) - 4b2a007c-1499-41ce-aa2f-1cc7d8e71cba:group-D60B244B98B7 changes role from FOLLOWER to CANDIDATE at term 1 for changeToCandidate
2019-08-29 09:04:48,302 [Thread-333] INFO  impl.RoleInfo (RoleInfo.java:updateAndGet(143)) - 4b2a007c-1499-41ce-aa2f-1cc7d8e71cba: start LeaderElection
2019-08-29 09:04:48,315 [grpc-default-executor-11] INFO  client.GrpcClientProtocolClient (GrpcClientProtocolClient.java:onNext(255)) - client-7ABE05FD2760->91dd3489-61e8-4546-a3e3-8d2c03f678e3: receive RaftClientReply:client-7ABE05FD2760->91dd3489-61e8-4546-a3e3-8d2c03f678e3@group-D60B244B98B7, cid=13, FAILED org.apache.ratis.protocol.NotLeaderException: Server 91dd3489-61e8-4546-a3e3-8d2c03f678e3 is not the leader (null). Request must be sent to leader., logIndex=0, commits[91dd3489-61e8-4546-a3e3-8d2c03f678e3:c-1]
2019-08-29 09:04:48,356 [Thread-330] INFO  impl.FollowerState (FollowerState.java:run(106)) - 521648c2-032b-4493-bcb7-c7d55e99ae6f:group-2CC28D3717A0 changes to CANDIDATE, lastRpcTime:5168, electionTimeout:5162ms
2019-08-29 09:04:48,357 [Thread-330] INFO  impl.RoleInfo (RoleInfo.java:shutdownFollowerState(121)) - 521648c2-032b-4493-bcb7-c7d55e99ae6f: shutdown FollowerState
2019-08-29 09:04:48,357 [Thread-328] INFO  impl.FollowerState (FollowerState.java:run(106)) - 7761e897-e175-44b8-b4a7-8686aa902baa:group-D60B244B98B7 changes to CANDIDATE, lastRpcTime:5179, electionTimeout:5176ms
2019-08-29 09:04:48,357 [Thread-330] INFO  impl.RaftServerImpl (RaftServerImpl.java:setRole(171)) - 521648c2-032b-4493-bcb7-c7d55e99ae6f:group-2CC28D3717A0 changes role from FOLLOWER to CANDIDATE at term 1 for changeToCandidate
2019-08-29 09:04:48,358 [Thread-328] INFO  impl.RoleInfo (RoleInfo.java:shutdownFollowerState(121)) - 7761e897-e175-44b8-b4a7-8686aa902baa: shutdown FollowerState
2019-08-29 09:04:48,358 [Thread-330] INFO  impl.RoleInfo (RoleInfo.java:updateAndGet(143)) - 521648c2-032b-4493-bcb7-c7d55e99ae6f: start LeaderElection
2019-08-29 09:04:48,358 [Thread-328] INFO  impl.RaftServerImpl (RaftServerImpl.java:setRole(171)) - 7761e897-e175-44b8-b4a7-8686aa902baa:group-D60B244B98B7 changes role from FOLLOWER to CANDIDATE at term 1 for changeToCandidate
2019-08-29 09:04:48,360 [Thread-328] INFO  impl.RoleInfo (RoleInfo.java:updateAndGet(143)) - 7761e897-e175-44b8-b4a7-8686aa902baa: start LeaderElection
2019-08-29 09:04:48,360 [Thread-331] INFO  impl.FollowerState (FollowerState.java:run(106)) - 91dd3489-61e8-4546-a3e3-8d2c03f678e3:group-D60B244B98B7 changes to CANDIDATE, lastRpcTime:5165, electionTimeout:5164ms
2019-08-29 09:04:48,360 [Thread-331] INFO  impl.RoleInfo (RoleInfo.java:shutdownFollowerState(121)) - 91dd3489-61e8-4546-a3e3-8d2c03f678e3: shutdown FollowerState
2019-08-29 09:04:48,361 [Thread-331] INFO  impl.RaftServerImpl (RaftServerImpl.java:setRole(171)) - 91dd3489-61e8-4546-a3e3-8d2c03f678e3:group-D60B244B98B7 changes role from FOLLOWER to CANDIDATE at term 1 for changeToCandidate
2019-08-29 09:04:48,362 [Thread-331] INFO  impl.RoleInfo (RoleInfo.java:updateAndGet(143)) - 91dd3489-61e8-4546-a3e3-8d2c03f678e3: start LeaderElection
2019-08-29 09:04:48,382 [Thread-329] INFO  impl.FollowerState (FollowerState.java:run(106)) - 006047d9-e06e-4717-89c6-6c98a2152bd9:group-2CC28D3717A0 changes to CANDIDATE, lastRpcTime:5203, electionTimeout:5196ms
2019-08-29 09:04:48,382 [Thread-329] INFO  impl.RoleInfo (RoleInfo.java:shutdownFollowerState(121)) - 006047d9-e06e-4717-89c6-6c98a2152bd9: shutdown FollowerState
2019-08-29 09:04:48,382 [Thread-329] INFO  impl.RaftServerImpl (RaftServerImpl.java:setRole(171)) - 006047d9-e06e-4717-89c6-6c98a2152bd9:group-2CC28D3717A0 changes role from FOLLOWER to CANDIDATE at term 1 for changeToCandidate
2019-08-29 09:04:48,383 [Thread-329] INFO  impl.RoleInfo (RoleInfo.java:updateAndGet(143)) - 006047d9-e06e-4717-89c6-6c98a2152bd9: start LeaderElection
2019-08-29 09:04:48,400 | INFO  | SCMAudit | user=jenkins1000 | ip=192.168.5.182 | op=SEND_HEARTBEAT {datanodeUUID=4b2a007c-1499-41ce-aa2f-1cc7d8e71cba, command=[]} | ret=SUCCESS |  
2019-08-29 09:04:48,468 | INFO  | SCMAudit | user=jenkins1000 | ip=192.168.5.182 | op=SEND_HEARTBEAT {datanodeUUID=a27ef1f6-d80e-49dc-8aba-c653950ad4b4, command=[]} | ret=SUCCESS |  
2019-08-29 09:04:48,560 | INFO  | SCMAudit | user=jenkins1000 | ip=192.168.5.182 | op=SEND_HEARTBEAT {datanodeUUID=87a9a438-f0b8-4b0f-a9b9-a9ad0ae17289, command=[]} | ret=SUCCESS |  
2019-08-29 09:04:48,728 | INFO  | SCMAudit | user=jenkins1000 | ip=192.168.5.182 | op=SEND_HEARTBEAT {datanodeUUID=7761e897-e175-44b8-b4a7-8686aa902baa, command=[]} | ret=SUCCESS |  
2019-08-29 09:04:48,841 | INFO  | SCMAudit | user=jenkins1000 | ip=192.168.5.182 | op=SEND_HEARTBEAT {datanodeUUID=521648c2-032b-4493-bcb7-c7d55e99ae6f, command=[]} | ret=SUCCESS |  
2019-08-29 09:04:48,935 | INFO  | SCMAudit | user=jenkins1000 | ip=192.168.5.182 | op=SEND_HEARTBEAT {datanodeUUID=91dd3489-61e8-4546-a3e3-8d2c03f678e3, command=[]} | ret=SUCCESS |  
2019-08-29 09:04:49,268 | INFO  | SCMAudit | user=jenkins1000 | ip=192.168.5.182 | op=SEND_HEARTBEAT {datanodeUUID=006047d9-e06e-4717-89c6-6c98a2152bd9, command=[]} | ret=SUCCESS |  
2019-08-29 09:04:49,335 [grpc-default-executor-11] INFO  client.GrpcClientProtocolClient (GrpcClientProtocolClient.java:onNext(255)) - client-7ABE05FD2760->7761e897-e175-44b8-b4a7-8686aa902baa: receive RaftClientReply:client-7ABE05FD2760->7761e897-e175-44b8-b4a7-8686aa902baa@group-D60B244B98B7, cid=13, FAILED org.apache.ratis.protocol.NotLeaderException: Server 7761e897-e175-44b8-b4a7-8686aa902baa is not the leader (null). Request must be sent to leader., logIndex=0, commits[7761e897-e175-44b8-b4a7-8686aa902baa:c-1]
2019-08-29 09:04:49,400 | INFO  | SCMAudit | user=jenkins1000 | ip=192.168.5.182 | op=SEND_HEARTBEAT {datanodeUUID=4b2a007c-1499-41ce-aa2f-1cc7d8e71cba, command=[]} | ret=SUCCESS |  
2019-08-29 09:04:49,469 | INFO  | SCMAudit | user=jenkins1000 | ip=192.168.5.182 | op=SEND_HEARTBEAT {datanodeUUID=a27ef1f6-d80e-49dc-8aba-c653950ad4b4, command=[]} | ret=SUCCESS |  
2019-08-29 09:04:49,560 | INFO  | SCMAudit | user=jenkins1000 | ip=192.168.5.182 | op=SEND_HEARTBEAT {datanodeUUID=87a9a438-f0b8-4b0f-a9b9-a9ad0ae17289, command=[]} | ret=SUCCESS |  
2019-08-29 09:04:49,728 | INFO  | SCMAudit | user=jenkins1000 | ip=192.168.5.182 | op=SEND_HEARTBEAT {datanodeUUID=7761e897-e175-44b8-b4a7-8686aa902baa, command=[]} | ret=SUCCESS |  
2019-08-29 09:04:49,841 | INFO  | SCMAudit | user=jenkins1000 | ip=192.168.5.182 | op=SEND_HEARTBEAT {datanodeUUID=521648c2-032b-4493-bcb7-c7d55e99ae6f, command=[]} | ret=SUCCESS |  
2019-08-29 09:04:49,935 | INFO  | SCMAudit | user=jenkins1000 | ip=192.168.5.182 | op=SEND_HEARTBEAT {datanodeUUID=91dd3489-61e8-4546-a3e3-8d2c03f678e3, command=[]} | ret=SUCCESS |  
2019-08-29 09:04:49,978 [006047d9-e06e-4717-89c6-6c98a2152bd9:group-2CC28D3717A0:LeaderElection19] INFO  impl.LeaderElection (LeaderElection.java:askForVotes(181)) - 006047d9-e06e-4717-89c6-6c98a2152bd9:group-2CC28D3717A0:LeaderElection19: begin an election at term 2 for -1: [87a9a438-f0b8-4b0f-a9b9-a9ad0ae17289:192.168.5.182:45901, 006047d9-e06e-4717-89c6-6c98a2152bd9:192.168.5.182:40422, 521648c2-032b-4493-bcb7-c7d55e99ae6f:192.168.5.182:34364], old=null
2019-08-29 09:04:49,978 [7761e897-e175-44b8-b4a7-8686aa902baa:group-D60B244B98B7:LeaderElection17] INFO  impl.LeaderElection (LeaderElection.java:askForVotes(181)) - 7761e897-e175-44b8-b4a7-8686aa902baa:group-D60B244B98B7:LeaderElection17: begin an election at term 2 for -1: [7761e897-e175-44b8-b4a7-8686aa902baa:192.168.5.182:43669, 4b2a007c-1499-41ce-aa2f-1cc7d8e71cba:192.168.5.182:38532, 91dd3489-61e8-4546-a3e3-8d2c03f678e3:192.168.5.182:41280], old=null
2019-08-29 09:04:49,978 [91dd3489-61e8-4546-a3e3-8d2c03f678e3:group-D60B244B98B7:LeaderElection18] INFO  impl.LeaderElection (LeaderElection.java:askForVotes(181)) - 91dd3489-61e8-4546-a3e3-8d2c03f678e3:group-D60B244B98B7:LeaderElection18: begin an election at term 2 for -1: [7761e897-e175-44b8-b4a7-8686aa902baa:192.168.5.182:43669, 4b2a007c-1499-41ce-aa2f-1cc7d8e71cba:192.168.5.182:38532, 91dd3489-61e8-4546-a3e3-8d2c03f678e3:192.168.5.182:41280], old=null
2019-08-29 09:04:49,978 [87a9a438-f0b8-4b0f-a9b9-a9ad0ae17289:group-2CC28D3717A0:LeaderElection14] INFO  impl.LeaderElection (LeaderElection.java:askForVotes(181)) - 87a9a438-f0b8-4b0f-a9b9-a9ad0ae17289:group-2CC28D3717A0:LeaderElection14: begin an election at term 2 for -1: [87a9a438-f0b8-4b0f-a9b9-a9ad0ae17289:192.168.5.182:45901, 006047d9-e06e-4717-89c6-6c98a2152bd9:192.168.5.182:40422, 521648c2-032b-4493-bcb7-c7d55e99ae6f:192.168.5.182:34364], old=null
2019-08-29 09:04:49,978 [4b2a007c-1499-41ce-aa2f-1cc7d8e71cba:group-D60B244B98B7:LeaderElection15] INFO  impl.LeaderElection (LeaderElection.java:askForVotes(181)) - 4b2a007c-1499-41ce-aa2f-1cc7d8e71cba:group-D60B244B98B7:LeaderElection15: begin an election at term 2 for -1: [7761e897-e175-44b8-b4a7-8686aa902baa:192.168.5.182:43669, 4b2a007c-1499-41ce-aa2f-1cc7d8e71cba:192.168.5.182:38532, 91dd3489-61e8-4546-a3e3-8d2c03f678e3:192.168.5.182:41280], old=null
2019-08-29 09:04:49,978 [521648c2-032b-4493-bcb7-c7d55e99ae6f:group-2CC28D3717A0:LeaderElection16] INFO  impl.LeaderElection (LeaderElection.java:askForVotes(181)) - 521648c2-032b-4493-bcb7-c7d55e99ae6f:group-2CC28D3717A0:LeaderElection16: begin an election at term 2 for -1: [87a9a438-f0b8-4b0f-a9b9-a9ad0ae17289:192.168.5.182:45901, 006047d9-e06e-4717-89c6-6c98a2152bd9:192.168.5.182:40422, 521648c2-032b-4493-bcb7-c7d55e99ae6f:192.168.5.182:34364], old=null
2019-08-29 09:04:50,007 [7761e897-e175-44b8-b4a7-8686aa902baa:group-D60B244B98B7:LeaderElection17] INFO  impl.LeaderElection (LeaderElection.java:logAndReturn(56)) - 7761e897-e175-44b8-b4a7-8686aa902baa:group-D60B244B98B7:LeaderElection17: Election REJECTED; received 2 response(s) [7761e897-e175-44b8-b4a7-8686aa902baa<-4b2a007c-1499-41ce-aa2f-1cc7d8e71cba#0:FAIL-t2, 7761e897-e175-44b8-b4a7-8686aa902baa<-91dd3489-61e8-4546-a3e3-8d2c03f678e3#0:FAIL-t2] and 0 exception(s); 7761e897-e175-44b8-b4a7-8686aa902baa:t2, leader=null, voted=7761e897-e175-44b8-b4a7-8686aa902baa, raftlog=7761e897-e175-44b8-b4a7-8686aa902baa-SegmentedRaftLog:OPENED:c-1,f-1,i0, conf=-1: [7761e897-e175-44b8-b4a7-8686aa902baa:192.168.5.182:43669, 4b2a007c-1499-41ce-aa2f-1cc7d8e71cba:192.168.5.182:38532, 91dd3489-61e8-4546-a3e3-8d2c03f678e3:192.168.5.182:41280], old=null
2019-08-29 09:04:50,007 [7761e897-e175-44b8-b4a7-8686aa902baa:group-D60B244B98B7:LeaderElection17] INFO  impl.RaftServerImpl (RaftServerImpl.java:setRole(171)) - 7761e897-e175-44b8-b4a7-8686aa902baa:group-D60B244B98B7 changes role from CANDIDATE to FOLLOWER at term 2 for DISCOVERED_A_NEW_TERM
2019-08-29 09:04:50,009 [7761e897-e175-44b8-b4a7-8686aa902baa:group-D60B244B98B7:LeaderElection17] INFO  impl.RoleInfo (RoleInfo.java:shutdownLeaderElection(134)) - 7761e897-e175-44b8-b4a7-8686aa902baa: shutdown LeaderElection
2019-08-29 09:04:50,010 [7761e897-e175-44b8-b4a7-8686aa902baa:group-D60B244B98B7:LeaderElection17] INFO  impl.RoleInfo (RoleInfo.java:updateAndGet(143)) - 7761e897-e175-44b8-b4a7-8686aa902baa: start FollowerState
2019-08-29 09:04:50,010 [521648c2-032b-4493-bcb7-c7d55e99ae6f:group-2CC28D3717A0:LeaderElection16] INFO  impl.LeaderElection (LeaderElection.java:logAndReturn(56)) - 521648c2-032b-4493-bcb7-c7d55e99ae6f:group-2CC28D3717A0:LeaderElection16: Election REJECTED; received 2 response(s) [521648c2-032b-4493-bcb7-c7d55e99ae6f<-87a9a438-f0b8-4b0f-a9b9-a9ad0ae17289#0:FAIL-t2, 521648c2-032b-4493-bcb7-c7d55e99ae6f<-006047d9-e06e-4717-89c6-6c98a2152bd9#0:FAIL-t2] and 0 exception(s); 521648c2-032b-4493-bcb7-c7d55e99ae6f:t2, leader=null, voted=521648c2-032b-4493-bcb7-c7d55e99ae6f, raftlog=521648c2-032b-4493-bcb7-c7d55e99ae6f-SegmentedRaftLog:OPENED:c-1,f-1,i0, conf=-1: [87a9a438-f0b8-4b0f-a9b9-a9ad0ae17289:192.168.5.182:45901, 006047d9-e06e-4717-89c6-6c98a2152bd9:192.168.5.182:40422, 521648c2-032b-4493-bcb7-c7d55e99ae6f:192.168.5.182:34364], old=null
2019-08-29 09:04:50,012 [521648c2-032b-4493-bcb7-c7d55e99ae6f:group-2CC28D3717A0:LeaderElection16] INFO  impl.RaftServerImpl (RaftServerImpl.java:setRole(171)) - 521648c2-032b-4493-bcb7-c7d55e99ae6f:group-2CC28D3717A0 changes role from CANDIDATE to FOLLOWER at term 2 for DISCOVERED_A_NEW_TERM
2019-08-29 09:04:50,014 [521648c2-032b-4493-bcb7-c7d55e99ae6f:group-2CC28D3717A0:LeaderElection16] INFO  impl.RoleInfo (RoleInfo.java:shutdownLeaderElection(134)) - 521648c2-032b-4493-bcb7-c7d55e99ae6f: shutdown LeaderElection
2019-08-29 09:04:50,014 [4b2a007c-1499-41ce-aa2f-1cc7d8e71cba:group-D60B244B98B7:LeaderElection15] INFO  impl.LeaderElection (LeaderElection.java:logAndReturn(56)) - 4b2a007c-1499-41ce-aa2f-1cc7d8e71cba:group-D60B244B98B7:LeaderElection15: Election REJECTED; received 2 response(s) [4b2a007c-1499-41ce-aa2f-1cc7d8e71cba<-7761e897-e175-44b8-b4a7-8686aa902baa#0:FAIL-t2, 4b2a007c-1499-41ce-aa2f-1cc7d8e71cba<-91dd3489-61e8-4546-a3e3-8d2c03f678e3#0:FAIL-t2] and 0 exception(s); 4b2a007c-1499-41ce-aa2f-1cc7d8e71cba:t2, leader=null, voted=4b2a007c-1499-41ce-aa2f-1cc7d8e71cba, raftlog=4b2a007c-1499-41ce-aa2f-1cc7d8e71cba-SegmentedRaftLog:OPENED:c-1,f-1,i0, conf=-1: [7761e897-e175-44b8-b4a7-8686aa902baa:192.168.5.182:43669, 4b2a007c-1499-41ce-aa2f-1cc7d8e71cba:192.168.5.182:38532, 91dd3489-61e8-4546-a3e3-8d2c03f678e3:192.168.5.182:41280], old=null
2019-08-29 09:04:50,020 [4b2a007c-1499-41ce-aa2f-1cc7d8e71cba:group-D60B244B98B7:LeaderElection15] INFO  impl.RaftServerImpl (RaftServerImpl.java:setRole(171)) - 4b2a007c-1499-41ce-aa2f-1cc7d8e71cba:group-D60B244B98B7 changes role from CANDIDATE to FOLLOWER at term 2 for DISCOVERED_A_NEW_TERM
2019-08-29 09:04:50,020 [521648c2-032b-4493-bcb7-c7d55e99ae6f:group-2CC28D3717A0:LeaderElection16] INFO  impl.RoleInfo (RoleInfo.java:updateAndGet(143)) - 521648c2-032b-4493-bcb7-c7d55e99ae6f: start FollowerState
2019-08-29 09:04:50,021 [4b2a007c-1499-41ce-aa2f-1cc7d8e71cba:group-D60B244B98B7:LeaderElection15] INFO  impl.RoleInfo (RoleInfo.java:shutdownLeaderElection(134)) - 4b2a007c-1499-41ce-aa2f-1cc7d8e71cba: shutdown LeaderElection
2019-08-29 09:04:50,020 [006047d9-e06e-4717-89c6-6c98a2152bd9:group-2CC28D3717A0:LeaderElection19] INFO  impl.LeaderElection (LeaderElection.java:logAndReturn(56)) - 006047d9-e06e-4717-89c6-6c98a2152bd9:group-2CC28D3717A0:LeaderElection19: Election REJECTED; received 2 response(s) [006047d9-e06e-4717-89c6-6c98a2152bd9<-87a9a438-f0b8-4b0f-a9b9-a9ad0ae17289#0:FAIL-t2, 006047d9-e06e-4717-89c6-6c98a2152bd9<-521648c2-032b-4493-bcb7-c7d55e99ae6f#0:FAIL-t2] and 0 exception(s); 006047d9-e06e-4717-89c6-6c98a2152bd9:t2, leader=null, voted=006047d9-e06e-4717-89c6-6c98a2152bd9, raftlog=006047d9-e06e-4717-89c6-6c98a2152bd9-SegmentedRaftLog:OPENED:c-1,f-1,i0, conf=-1: [87a9a438-f0b8-4b0f-a9b9-a9ad0ae17289:192.168.5.182:45901, 006047d9-e06e-4717-89c6-6c98a2152bd9:192.168.5.182:40422, 521648c2-032b-4493-bcb7-c7d55e99ae6f:192.168.5.182:34364], old=null
2019-08-29 09:04:50,023 [4b2a007c-1499-41ce-aa2f-1cc7d8e71cba:group-D60B244B98B7:LeaderElection15] INFO  impl.RoleInfo (RoleInfo.java:updateAndGet(143)) - 4b2a007c-1499-41ce-aa2f-1cc7d8e71cba: start FollowerState
2019-08-29 09:04:50,023 [87a9a438-f0b8-4b0f-a9b9-a9ad0ae17289:group-2CC28D3717A0:LeaderElection14] INFO  impl.LeaderElection (LeaderElection.java:logAndReturn(56)) - 87a9a438-f0b8-4b0f-a9b9-a9ad0ae17289:group-2CC28D3717A0:LeaderElection14: Election REJECTED; received 2 response(s) [87a9a438-f0b8-4b0f-a9b9-a9ad0ae17289<-006047d9-e06e-4717-89c6-6c98a2152bd9#0:FAIL-t2, 87a9a438-f0b8-4b0f-a9b9-a9ad0ae17289<-521648c2-032b-4493-bcb7-c7d55e99ae6f#0:FAIL-t2] and 0 exception(s); 87a9a438-f0b8-4b0f-a9b9-a9ad0ae17289:t2, leader=null, voted=87a9a438-f0b8-4b0f-a9b9-a9ad0ae17289, raftlog=87a9a438-f0b8-4b0f-a9b9-a9ad0ae17289-SegmentedRaftLog:OPENED:c-1,f-1,i0, conf=-1: [87a9a438-f0b8-4b0f-a9b9-a9ad0ae17289:192.168.5.182:45901, 006047d9-e06e-4717-89c6-6c98a2152bd9:192.168.5.182:40422, 521648c2-032b-4493-bcb7-c7d55e99ae6f:192.168.5.182:34364], old=null
2019-08-29 09:04:50,023 [006047d9-e06e-4717-89c6-6c98a2152bd9:group-2CC28D3717A0:LeaderElection19] INFO  impl.RaftServerImpl (RaftServerImpl.java:setRole(171)) - 006047d9-e06e-4717-89c6-6c98a2152bd9:group-2CC28D3717A0 changes role from CANDIDATE to FOLLOWER at term 2 for DISCOVERED_A_NEW_TERM
2019-08-29 09:04:50,025 [87a9a438-f0b8-4b0f-a9b9-a9ad0ae17289:group-2CC28D3717A0:LeaderElection14] INFO  impl.RaftServerImpl (RaftServerImpl.java:setRole(171)) - 87a9a438-f0b8-4b0f-a9b9-a9ad0ae17289:group-2CC28D3717A0 changes role from CANDIDATE to FOLLOWER at term 2 for DISCOVERED_A_NEW_TERM
2019-08-29 09:04:50,028 [006047d9-e06e-4717-89c6-6c98a2152bd9:group-2CC28D3717A0:LeaderElection19] INFO  impl.RoleInfo (RoleInfo.java:shutdownLeaderElection(134)) - 006047d9-e06e-4717-89c6-6c98a2152bd9: shutdown LeaderElection
2019-08-29 09:04:50,028 [87a9a438-f0b8-4b0f-a9b9-a9ad0ae17289:group-2CC28D3717A0:LeaderElection14] INFO  impl.RoleInfo (RoleInfo.java:shutdownLeaderElection(134)) - 87a9a438-f0b8-4b0f-a9b9-a9ad0ae17289: shutdown LeaderElection
2019-08-29 09:04:50,028 [91dd3489-61e8-4546-a3e3-8d2c03f678e3:group-D60B244B98B7:LeaderElection18] INFO  impl.LeaderElection (LeaderElection.java:logAndReturn(56)) - 91dd3489-61e8-4546-a3e3-8d2c03f678e3:group-D60B244B98B7:LeaderElection18: Election REJECTED; received 2 response(s) [91dd3489-61e8-4546-a3e3-8d2c03f678e3<-7761e897-e175-44b8-b4a7-8686aa902baa#0:FAIL-t2, 91dd3489-61e8-4546-a3e3-8d2c03f678e3<-4b2a007c-1499-41ce-aa2f-1cc7d8e71cba#0:FAIL-t2] and 0 exception(s); 91dd3489-61e8-4546-a3e3-8d2c03f678e3:t2, leader=null, voted=91dd3489-61e8-4546-a3e3-8d2c03f678e3, raftlog=91dd3489-61e8-4546-a3e3-8d2c03f678e3-SegmentedRaftLog:OPENED:c-1,f-1,i0, conf=-1: [7761e897-e175-44b8-b4a7-8686aa902baa:192.168.5.182:43669, 4b2a007c-1499-41ce-aa2f-1cc7d8e71cba:192.168.5.182:38532, 91dd3489-61e8-4546-a3e3-8d2c03f678e3:192.168.5.182:41280], old=null
2019-08-29 09:04:50,028 [87a9a438-f0b8-4b0f-a9b9-a9ad0ae17289:group-2CC28D3717A0:LeaderElection14] INFO  impl.RoleInfo (RoleInfo.java:updateAndGet(143)) - 87a9a438-f0b8-4b0f-a9b9-a9ad0ae17289: start FollowerState
2019-08-29 09:04:50,028 [91dd3489-61e8-4546-a3e3-8d2c03f678e3:group-D60B244B98B7:LeaderElection18] INFO  impl.RaftServerImpl (RaftServerImpl.java:setRole(171)) - 91dd3489-61e8-4546-a3e3-8d2c03f678e3:group-D60B244B98B7 changes role from CANDIDATE to FOLLOWER at term 2 for DISCOVERED_A_NEW_TERM
2019-08-29 09:04:50,028 [006047d9-e06e-4717-89c6-6c98a2152bd9:group-2CC28D3717A0:LeaderElection19] INFO  impl.RoleInfo (RoleInfo.java:updateAndGet(143)) - 006047d9-e06e-4717-89c6-6c98a2152bd9: start FollowerState
2019-08-29 09:04:50,031 [91dd3489-61e8-4546-a3e3-8d2c03f678e3:group-D60B244B98B7:LeaderElection18] INFO  impl.RoleInfo (RoleInfo.java:shutdownLeaderElection(134)) - 91dd3489-61e8-4546-a3e3-8d2c03f678e3: shutdown LeaderElection
2019-08-29 09:04:50,033 [91dd3489-61e8-4546-a3e3-8d2c03f678e3:group-D60B244B98B7:LeaderElection18] INFO  impl.RoleInfo (RoleInfo.java:updateAndGet(143)) - 91dd3489-61e8-4546-a3e3-8d2c03f678e3: start FollowerState
2019-08-29 09:04:50,269 | INFO  | SCMAudit | user=jenkins1000 | ip=192.168.5.182 | op=SEND_HEARTBEAT {datanodeUUID=006047d9-e06e-4717-89c6-6c98a2152bd9, command=[]} | ret=SUCCESS |  
2019-08-29 09:04:50,356 [grpc-default-executor-11] INFO  client.GrpcClientProtocolClient (GrpcClientProtocolClient.java:onNext(255)) - client-7ABE05FD2760->4b2a007c-1499-41ce-aa2f-1cc7d8e71cba: receive RaftClientReply:client-7ABE05FD2760->4b2a007c-1499-41ce-aa2f-1cc7d8e71cba@group-D60B244B98B7, cid=13, FAILED org.apache.ratis.protocol.NotLeaderException: Server 4b2a007c-1499-41ce-aa2f-1cc7d8e71cba is not the leader (null). Request must be sent to leader., logIndex=0, commits[4b2a007c-1499-41ce-aa2f-1cc7d8e71cba:c-1]
2019-08-29 09:04:50,400 | INFO  | SCMAudit | user=jenkins1000 | ip=192.168.5.182 | op=SEND_HEARTBEAT {datanodeUUID=4b2a007c-1499-41ce-aa2f-1cc7d8e71cba, command=[]} | ret=SUCCESS |  
2019-08-29 09:04:50,469 | INFO  | SCMAudit | user=jenkins1000 | ip=192.168.5.182 | op=SEND_HEARTBEAT {datanodeUUID=a27ef1f6-d80e-49dc-8aba-c653950ad4b4, command=[]} | ret=SUCCESS |  
2019-08-29 09:04:50,561 | INFO  | SCMAudit | user=jenkins1000 | ip=192.168.5.182 | op=SEND_HEARTBEAT {datanodeUUID=87a9a438-f0b8-4b0f-a9b9-a9ad0ae17289, command=[]} | ret=SUCCESS |  
2019-08-29 09:04:50,728 | INFO  | SCMAudit | user=jenkins1000 | ip=192.168.5.182 | op=SEND_HEARTBEAT {datanodeUUID=7761e897-e175-44b8-b4a7-8686aa902baa, command=[]} | ret=SUCCESS |  
2019-08-29 09:04:50,841 | INFO  | SCMAudit | user=jenkins1000 | ip=192.168.5.182 | op=SEND_HEARTBEAT {datanodeUUID=521648c2-032b-4493-bcb7-c7d55e99ae6f, command=[]} | ret=SUCCESS |  
2019-08-29 09:04:50,935 | INFO  | SCMAudit | user=jenkins1000 | ip=192.168.5.182 | op=SEND_HEARTBEAT {datanodeUUID=91dd3489-61e8-4546-a3e3-8d2c03f678e3, command=[]} | ret=SUCCESS |  
2019-08-29 09:04:51,270 | INFO  | SCMAudit | user=jenkins1000 | ip=192.168.5.182 | op=SEND_HEARTBEAT {datanodeUUID=006047d9-e06e-4717-89c6-6c98a2152bd9, command=[]} | ret=SUCCESS |  
2019-08-29 09:04:51,378 [grpc-default-executor-5] INFO  client.GrpcClientProtocolClient (GrpcClientProtocolClient.java:onNext(255)) - client-7ABE05FD2760->7761e897-e175-44b8-b4a7-8686aa902baa: receive RaftClientReply:client-7ABE05FD2760->7761e897-e175-44b8-b4a7-8686aa902baa@group-D60B244B98B7, cid=13, FAILED org.apache.ratis.protocol.NotLeaderException: Server 7761e897-e175-44b8-b4a7-8686aa902baa is not the leader (null). Request must be sent to leader., logIndex=0, commits[7761e897-e175-44b8-b4a7-8686aa902baa:c-1]
2019-08-29 09:04:51,401 | INFO  | SCMAudit | user=jenkins1000 | ip=192.168.5.182 | op=SEND_HEARTBEAT {datanodeUUID=4b2a007c-1499-41ce-aa2f-1cc7d8e71cba, command=[]} | ret=SUCCESS |  
2019-08-29 09:04:51,470 | INFO  | SCMAudit | user=jenkins1000 | ip=192.168.5.182 | op=SEND_HEARTBEAT {datanodeUUID=a27ef1f6-d80e-49dc-8aba-c653950ad4b4, command=[]} | ret=SUCCESS |  
2019-08-29 09:04:51,561 | INFO  | SCMAudit | user=jenkins1000 | ip=192.168.5.182 | op=SEND_HEARTBEAT {datanodeUUID=87a9a438-f0b8-4b0f-a9b9-a9ad0ae17289, command=[]} | ret=SUCCESS |  
2019-08-29 09:04:51,728 | INFO  | SCMAudit | user=jenkins1000 | ip=192.168.5.182 | op=SEND_HEARTBEAT {datanodeUUID=7761e897-e175-44b8-b4a7-8686aa902baa, command=[]} | ret=SUCCESS |  
2019-08-29 09:04:51,841 | INFO  | SCMAudit | user=jenkins1000 | ip=192.168.5.182 | op=SEND_HEARTBEAT {datanodeUUID=521648c2-032b-4493-bcb7-c7d55e99ae6f, command=[]} | ret=SUCCESS |  
2019-08-29 09:04:51,935 | INFO  | SCMAudit | user=jenkins1000 | ip=192.168.5.182 | op=SEND_HEARTBEAT {datanodeUUID=91dd3489-61e8-4546-a3e3-8d2c03f678e3, command=[]} | ret=SUCCESS |  
2019-08-29 09:04:52,271 | INFO  | SCMAudit | user=jenkins1000 | ip=192.168.5.182 | op=SEND_HEARTBEAT {datanodeUUID=006047d9-e06e-4717-89c6-6c98a2152bd9, command=[]} | ret=SUCCESS |  
2019-08-29 09:04:52,399 [grpc-default-executor-11] INFO  client.GrpcClientProtocolClient (GrpcClientProtocolClient.java:onNext(255)) - client-7ABE05FD2760->4b2a007c-1499-41ce-aa2f-1cc7d8e71cba: receive RaftClientReply:client-7ABE05FD2760->4b2a007c-1499-41ce-aa2f-1cc7d8e71cba@group-D60B244B98B7, cid=13, FAILED org.apache.ratis.protocol.NotLeaderException: Server 4b2a007c-1499-41ce-aa2f-1cc7d8e71cba is not the leader (null). Request must be sent to leader., logIndex=0, commits[4b2a007c-1499-41ce-aa2f-1cc7d8e71cba:c-1]
2019-08-29 09:04:52,408 | INFO  | SCMAudit | user=jenkins1000 | ip=192.168.5.182 | op=SEND_HEARTBEAT {datanodeUUID=4b2a007c-1499-41ce-aa2f-1cc7d8e71cba, command=[]} | ret=SUCCESS |  
2019-08-29 09:04:52,471 | INFO  | SCMAudit | user=jenkins1000 | ip=192.168.5.182 | op=SEND_HEARTBEAT {datanodeUUID=a27ef1f6-d80e-49dc-8aba-c653950ad4b4, command=[]} | ret=SUCCESS |  
2019-08-29 09:04:52,562 | INFO  | SCMAudit | user=jenkins1000 | ip=192.168.5.182 | op=SEND_HEARTBEAT {datanodeUUID=87a9a438-f0b8-4b0f-a9b9-a9ad0ae17289, command=[]} | ret=SUCCESS |  
2019-08-29 09:04:52,728 | INFO  | SCMAudit | user=jenkins1000 | ip=192.168.5.182 | op=SEND_HEARTBEAT {datanodeUUID=7761e897-e175-44b8-b4a7-8686aa902baa, command=[]} | ret=SUCCESS |  
2019-08-29 09:04:52,841 | INFO  | SCMAudit | user=jenkins1000 | ip=192.168.5.182 | op=SEND_HEARTBEAT {datanodeUUID=521648c2-032b-4493-bcb7-c7d55e99ae6f, command=[]} | ret=SUCCESS |  
2019-08-29 09:04:52,935 | INFO  | SCMAudit | user=jenkins1000 | ip=192.168.5.182 | op=SEND_HEARTBEAT {datanodeUUID=91dd3489-61e8-4546-a3e3-8d2c03f678e3, command=[]} | ret=SUCCESS |  
2019-08-29 09:04:53,271 | INFO  | SCMAudit | user=jenkins1000 | ip=192.168.5.182 | op=SEND_HEARTBEAT {datanodeUUID=006047d9-e06e-4717-89c6-6c98a2152bd9, command=[]} | ret=SUCCESS |  
2019-08-29 09:04:53,415 | INFO  | SCMAudit | user=jenkins1000 | ip=192.168.5.182 | op=SEND_HEARTBEAT {datanodeUUID=4b2a007c-1499-41ce-aa2f-1cc7d8e71cba, command=[]} | ret=SUCCESS |  
2019-08-29 09:04:53,426 [grpc-default-executor-11] INFO  client.GrpcClientProtocolClient (GrpcClientProtocolClient.java:onNext(255)) - client-7ABE05FD2760->91dd3489-61e8-4546-a3e3-8d2c03f678e3: receive RaftClientReply:client-7ABE05FD2760->91dd3489-61e8-4546-a3e3-8d2c03f678e3@group-D60B244B98B7, cid=13, FAILED org.apache.ratis.protocol.NotLeaderException: Server 91dd3489-61e8-4546-a3e3-8d2c03f678e3 is not the leader (null). Request must be sent to leader., logIndex=0, commits[91dd3489-61e8-4546-a3e3-8d2c03f678e3:c-1]
2019-08-29 09:04:53,472 | INFO  | SCMAudit | user=jenkins1000 | ip=192.168.5.182 | op=SEND_HEARTBEAT {datanodeUUID=a27ef1f6-d80e-49dc-8aba-c653950ad4b4, command=[]} | ret=SUCCESS |  
2019-08-29 09:04:53,562 | INFO  | SCMAudit | user=jenkins1000 | ip=192.168.5.182 | op=SEND_HEARTBEAT {datanodeUUID=87a9a438-f0b8-4b0f-a9b9-a9ad0ae17289, command=[]} | ret=SUCCESS |  
2019-08-29 09:04:53,729 | INFO  | SCMAudit | user=jenkins1000 | ip=192.168.5.182 | op=SEND_HEARTBEAT {datanodeUUID=7761e897-e175-44b8-b4a7-8686aa902baa, command=[]} | ret=SUCCESS |  
2019-08-29 09:04:53,841 | INFO  | SCMAudit | user=jenkins1000 | ip=192.168.5.182 | op=SEND_HEARTBEAT {datanodeUUID=521648c2-032b-4493-bcb7-c7d55e99ae6f, command=[]} | ret=SUCCESS |  
2019-08-29 09:04:53,936 | INFO  | SCMAudit | user=jenkins1000 | ip=192.168.5.182 | op=SEND_HEARTBEAT {datanodeUUID=91dd3489-61e8-4546-a3e3-8d2c03f678e3, command=[]} | ret=SUCCESS |  
2019-08-29 09:04:54,271 | INFO  | SCMAudit | user=jenkins1000 | ip=192.168.5.182 | op=SEND_HEARTBEAT {datanodeUUID=006047d9-e06e-4717-89c6-6c98a2152bd9, command=[]} | ret=SUCCESS |  
2019-08-29 09:04:54,407 | INFO  | SCMAudit | user=jenkins1000 | ip=192.168.5.182 | op=SEND_HEARTBEAT {datanodeUUID=4b2a007c-1499-41ce-aa2f-1cc7d8e71cba, command=[]} | ret=SUCCESS |  
2019-08-29 09:04:54,444 [grpc-default-executor-5] INFO  client.GrpcClientProtocolClient (GrpcClientProtocolClient.java:onNext(255)) - client-7ABE05FD2760->7761e897-e175-44b8-b4a7-8686aa902baa: receive RaftClientReply:client-7ABE05FD2760->7761e897-e175-44b8-b4a7-8686aa902baa@group-D60B244B98B7, cid=13, FAILED org.apache.ratis.protocol.NotLeaderException: Server 7761e897-e175-44b8-b4a7-8686aa902baa is not the leader (null). Request must be sent to leader., logIndex=0, commits[7761e897-e175-44b8-b4a7-8686aa902baa:c-1]
2019-08-29 09:04:54,472 | INFO  | SCMAudit | user=jenkins1000 | ip=192.168.5.182 | op=SEND_HEARTBEAT {datanodeUUID=a27ef1f6-d80e-49dc-8aba-c653950ad4b4, command=[]} | ret=SUCCESS |  
2019-08-29 09:04:54,562 | INFO  | SCMAudit | user=jenkins1000 | ip=192.168.5.182 | op=SEND_HEARTBEAT {datanodeUUID=87a9a438-f0b8-4b0f-a9b9-a9ad0ae17289, command=[]} | ret=SUCCESS |  
2019-08-29 09:04:54,729 | INFO  | SCMAudit | user=jenkins1000 | ip=192.168.5.182 | op=SEND_HEARTBEAT {datanodeUUID=7761e897-e175-44b8-b4a7-8686aa902baa, command=[]} | ret=SUCCESS |  
2019-08-29 09:04:54,841 | INFO  | SCMAudit | user=jenkins1000 | ip=192.168.5.182 | op=SEND_HEARTBEAT {datanodeUUID=521648c2-032b-4493-bcb7-c7d55e99ae6f, command=[]} | ret=SUCCESS |  
2019-08-29 09:04:54,936 | INFO  | SCMAudit | user=jenkins1000 | ip=192.168.5.182 | op=SEND_HEARTBEAT {datanodeUUID=91dd3489-61e8-4546-a3e3-8d2c03f678e3, command=[]} | ret=SUCCESS |  
2019-08-29 09:04:55,051 [Thread-374] INFO  impl.FollowerState (FollowerState.java:run(106)) - 87a9a438-f0b8-4b0f-a9b9-a9ad0ae17289:group-2CC28D3717A0 changes to CANDIDATE, lastRpcTime:5023, electionTimeout:5020ms
2019-08-29 09:04:55,052 [Thread-374] INFO  impl.RoleInfo (RoleInfo.java:shutdownFollowerState(121)) - 87a9a438-f0b8-4b0f-a9b9-a9ad0ae17289: shutdown FollowerState
2019-08-29 09:04:55,052 [Thread-374] INFO  impl.RaftServerImpl (RaftServerImpl.java:setRole(171)) - 87a9a438-f0b8-4b0f-a9b9-a9ad0ae17289:group-2CC28D3717A0 changes role from FOLLOWER to CANDIDATE at term 2 for changeToCandidate
2019-08-29 09:04:55,052 [Thread-374] INFO  impl.RoleInfo (RoleInfo.java:updateAndGet(143)) - 87a9a438-f0b8-4b0f-a9b9-a9ad0ae17289: start LeaderElection
2019-08-29 09:04:55,066 [Thread-370] INFO  impl.FollowerState (FollowerState.java:run(106)) - 7761e897-e175-44b8-b4a7-8686aa902baa:group-D60B244B98B7 changes to CANDIDATE, lastRpcTime:5055, electionTimeout:5043ms
2019-08-29 09:04:55,066 [Thread-370] INFO  impl.RoleInfo (RoleInfo.java:shutdownFollowerState(121)) - 7761e897-e175-44b8-b4a7-8686aa902baa: shutdown FollowerState
2019-08-29 09:04:55,066 [Thread-370] INFO  impl.RaftServerImpl (RaftServerImpl.java:setRole(171)) - 7761e897-e175-44b8-b4a7-8686aa902baa:group-D60B244B98B7 changes role from FOLLOWER to CANDIDATE at term 2 for changeToCandidate
2019-08-29 09:04:55,066 [Thread-370] INFO  impl.RoleInfo (RoleInfo.java:updateAndGet(143)) - 7761e897-e175-44b8-b4a7-8686aa902baa: start LeaderElection
2019-08-29 09:04:55,083 [Thread-372] INFO  impl.FollowerState (FollowerState.java:run(106)) - 4b2a007c-1499-41ce-aa2f-1cc7d8e71cba:group-D60B244B98B7 changes to CANDIDATE, lastRpcTime:5060, electionTimeout:5055ms
2019-08-29 09:04:55,083 [Thread-372] INFO  impl.RoleInfo (RoleInfo.java:shutdownFollowerState(121)) - 4b2a007c-1499-41ce-aa2f-1cc7d8e71cba: shutdown FollowerState
2019-08-29 09:04:55,083 [Thread-372] INFO  impl.RaftServerImpl (RaftServerImpl.java:setRole(171)) - 4b2a007c-1499-41ce-aa2f-1cc7d8e71cba:group-D60B244B98B7 changes role from FOLLOWER to CANDIDATE at term 2 for changeToCandidate
2019-08-29 09:04:55,083 [Thread-372] INFO  impl.RoleInfo (RoleInfo.java:updateAndGet(143)) - 4b2a007c-1499-41ce-aa2f-1cc7d8e71cba: start LeaderElection
2019-08-29 09:04:55,091 [Thread-371] INFO  impl.FollowerState (FollowerState.java:run(106)) - 521648c2-032b-4493-bcb7-c7d55e99ae6f:group-2CC28D3717A0 changes to CANDIDATE, lastRpcTime:5071, electionTimeout:5068ms
2019-08-29 09:04:55,091 [Thread-371] INFO  impl.RoleInfo (RoleInfo.java:shutdownFollowerState(121)) - 521648c2-032b-4493-bcb7-c7d55e99ae6f: shutdown FollowerState
2019-08-29 09:04:55,091 [Thread-371] INFO  impl.RaftServerImpl (RaftServerImpl.java:setRole(171)) - 521648c2-032b-4493-bcb7-c7d55e99ae6f:group-2CC28D3717A0 changes role from FOLLOWER to CANDIDATE at term 2 for changeToCandidate
2019-08-29 09:04:55,091 [Thread-371] INFO  impl.RoleInfo (RoleInfo.java:updateAndGet(143)) - 521648c2-032b-4493-bcb7-c7d55e99ae6f: start LeaderElection
2019-08-29 09:04:55,105 [Thread-375] INFO  impl.FollowerState (FollowerState.java:run(106)) - 91dd3489-61e8-4546-a3e3-8d2c03f678e3:group-D60B244B98B7 changes to CANDIDATE, lastRpcTime:5071, electionTimeout:5070ms
2019-08-29 09:04:55,105 [Thread-375] INFO  impl.RoleInfo (RoleInfo.java:shutdownFollowerState(121)) - 91dd3489-61e8-4546-a3e3-8d2c03f678e3: shutdown FollowerState
2019-08-29 09:04:55,105 [Thread-375] INFO  impl.RaftServerImpl (RaftServerImpl.java:setRole(171)) - 91dd3489-61e8-4546-a3e3-8d2c03f678e3:group-D60B244B98B7 changes role from FOLLOWER to CANDIDATE at term 2 for changeToCandidate
2019-08-29 09:04:55,105 [Thread-375] INFO  impl.RoleInfo (RoleInfo.java:updateAndGet(143)) - 91dd3489-61e8-4546-a3e3-8d2c03f678e3: start LeaderElection
2019-08-29 09:04:55,128 [Thread-373] INFO  impl.FollowerState (FollowerState.java:run(106)) - 006047d9-e06e-4717-89c6-6c98a2152bd9:group-2CC28D3717A0 changes to CANDIDATE, lastRpcTime:5100, electionTimeout:5095ms
2019-08-29 09:04:55,128 [Thread-373] INFO  impl.RoleInfo (RoleInfo.java:shutdownFollowerState(121)) - 006047d9-e06e-4717-89c6-6c98a2152bd9: shutdown FollowerState
2019-08-29 09:04:55,128 [Thread-373] INFO  impl.RaftServerImpl (RaftServerImpl.java:setRole(171)) - 006047d9-e06e-4717-89c6-6c98a2152bd9:group-2CC28D3717A0 changes role from FOLLOWER to CANDIDATE at term 2 for changeToCandidate
2019-08-29 09:04:55,129 [Thread-373] INFO  impl.RoleInfo (RoleInfo.java:updateAndGet(143)) - 006047d9-e06e-4717-89c6-6c98a2152bd9: start LeaderElection
2019-08-29 09:04:55,272 | INFO  | SCMAudit | user=jenkins1000 | ip=192.168.5.182 | op=SEND_HEARTBEAT {datanodeUUID=006047d9-e06e-4717-89c6-6c98a2152bd9, command=[]} | ret=SUCCESS |  
2019-08-29 09:04:55,407 | INFO  | SCMAudit | user=jenkins1000 | ip=192.168.5.182 | op=SEND_HEARTBEAT {datanodeUUID=4b2a007c-1499-41ce-aa2f-1cc7d8e71cba, command=[]} | ret=SUCCESS |  
2019-08-29 09:04:55,461 [grpc-default-executor-5] INFO  client.GrpcClientProtocolClient (GrpcClientProtocolClient.java:onNext(255)) - client-7ABE05FD2760->4b2a007c-1499-41ce-aa2f-1cc7d8e71cba: receive RaftClientReply:client-7ABE05FD2760->4b2a007c-1499-41ce-aa2f-1cc7d8e71cba@group-D60B244B98B7, cid=13, FAILED org.apache.ratis.protocol.NotLeaderException: Server 4b2a007c-1499-41ce-aa2f-1cc7d8e71cba is not the leader (null). Request must be sent to leader., logIndex=0, commits[4b2a007c-1499-41ce-aa2f-1cc7d8e71cba:c-1]
2019-08-29 09:04:55,471 | INFO  | SCMAudit | user=jenkins1000 | ip=192.168.5.182 | op=SEND_HEARTBEAT {datanodeUUID=a27ef1f6-d80e-49dc-8aba-c653950ad4b4, command=[]} | ret=SUCCESS |  
2019-08-29 09:04:55,563 | INFO  | SCMAudit | user=jenkins1000 | ip=192.168.5.182 | op=SEND_HEARTBEAT {datanodeUUID=87a9a438-f0b8-4b0f-a9b9-a9ad0ae17289, command=[]} | ret=SUCCESS |  
2019-08-29 09:04:55,729 | INFO  | SCMAudit | user=jenkins1000 | ip=192.168.5.182 | op=SEND_HEARTBEAT {datanodeUUID=7761e897-e175-44b8-b4a7-8686aa902baa, command=[]} | ret=SUCCESS |  
2019-08-29 09:04:55,840 | INFO  | SCMAudit | user=jenkins1000 | ip=192.168.5.182 | op=SEND_HEARTBEAT {datanodeUUID=521648c2-032b-4493-bcb7-c7d55e99ae6f, command=[]} | ret=SUCCESS |  
2019-08-29 09:04:55,936 | INFO  | SCMAudit | user=jenkins1000 | ip=192.168.5.182 | op=SEND_HEARTBEAT {datanodeUUID=91dd3489-61e8-4546-a3e3-8d2c03f678e3, command=[]} | ret=SUCCESS |  
2019-08-29 09:04:56,272 | INFO  | SCMAudit | user=jenkins1000 | ip=192.168.5.182 | op=SEND_HEARTBEAT {datanodeUUID=006047d9-e06e-4717-89c6-6c98a2152bd9, command=[]} | ret=SUCCESS |  
2019-08-29 09:04:56,408 | INFO  | SCMAudit | user=jenkins1000 | ip=192.168.5.182 | op=SEND_HEARTBEAT {datanodeUUID=4b2a007c-1499-41ce-aa2f-1cc7d8e71cba, command=[]} | ret=SUCCESS |  
2019-08-29 09:04:56,471 | INFO  | SCMAudit | user=jenkins1000 | ip=192.168.5.182 | op=SEND_HEARTBEAT {datanodeUUID=a27ef1f6-d80e-49dc-8aba-c653950ad4b4, command=[]} | ret=SUCCESS |  
2019-08-29 09:04:56,479 [grpc-default-executor-11] INFO  client.GrpcClientProtocolClient (GrpcClientProtocolClient.java:onNext(255)) - client-7ABE05FD2760->91dd3489-61e8-4546-a3e3-8d2c03f678e3: receive RaftClientReply:client-7ABE05FD2760->91dd3489-61e8-4546-a3e3-8d2c03f678e3@group-D60B244B98B7, cid=13, FAILED org.apache.ratis.protocol.NotLeaderException: Server 91dd3489-61e8-4546-a3e3-8d2c03f678e3 is not the leader (null). Request must be sent to leader., logIndex=0, commits[91dd3489-61e8-4546-a3e3-8d2c03f678e3:c-1]
2019-08-29 09:04:56,564 | INFO  | SCMAudit | user=jenkins1000 | ip=192.168.5.182 | op=SEND_HEARTBEAT {datanodeUUID=87a9a438-f0b8-4b0f-a9b9-a9ad0ae17289, command=[]} | ret=SUCCESS |  
2019-08-29 09:04:56,729 | INFO  | SCMAudit | user=jenkins1000 | ip=192.168.5.182 | op=SEND_HEARTBEAT {datanodeUUID=7761e897-e175-44b8-b4a7-8686aa902baa, command=[]} | ret=SUCCESS |  
2019-08-29 09:04:56,840 | INFO  | SCMAudit | user=jenkins1000 | ip=192.168.5.182 | op=SEND_HEARTBEAT {datanodeUUID=521648c2-032b-4493-bcb7-c7d55e99ae6f, command=[]} | ret=SUCCESS |  
2019-08-29 09:04:56,936 | INFO  | SCMAudit | user=jenkins1000 | ip=192.168.5.182 | op=SEND_HEARTBEAT {datanodeUUID=91dd3489-61e8-4546-a3e3-8d2c03f678e3, command=[]} | ret=SUCCESS |  
2019-08-29 09:04:57,272 | INFO  | SCMAudit | user=jenkins1000 | ip=192.168.5.182 | op=SEND_HEARTBEAT {datanodeUUID=006047d9-e06e-4717-89c6-6c98a2152bd9, command=[]} | ret=SUCCESS |  
2019-08-29 09:04:57,408 | INFO  | SCMAudit | user=jenkins1000 | ip=192.168.5.182 | op=SEND_HEARTBEAT {datanodeUUID=4b2a007c-1499-41ce-aa2f-1cc7d8e71cba, command=[]} | ret=SUCCESS |  
2019-08-29 09:04:57,472 | INFO  | SCMAudit | user=jenkins1000 | ip=192.168.5.182 | op=SEND_HEARTBEAT {datanodeUUID=a27ef1f6-d80e-49dc-8aba-c653950ad4b4, command=[]} | ret=SUCCESS |  
2019-08-29 09:04:57,499 [grpc-default-executor-5] INFO  client.GrpcClientProtocolClient (GrpcClientProtocolClient.java:onNext(255)) - client-7ABE05FD2760->4b2a007c-1499-41ce-aa2f-1cc7d8e71cba: receive RaftClientReply:client-7ABE05FD2760->4b2a007c-1499-41ce-aa2f-1cc7d8e71cba@group-D60B244B98B7, cid=13, FAILED org.apache.ratis.protocol.NotLeaderException: Server 4b2a007c-1499-41ce-aa2f-1cc7d8e71cba is not the leader (null). Request must be sent to leader., logIndex=0, commits[4b2a007c-1499-41ce-aa2f-1cc7d8e71cba:c-1]
2019-08-29 09:04:57,564 | INFO  | SCMAudit | user=jenkins1000 | ip=192.168.5.182 | op=SEND_HEARTBEAT {datanodeUUID=87a9a438-f0b8-4b0f-a9b9-a9ad0ae17289, command=[]} | ret=SUCCESS |  
2019-08-29 09:04:57,728 | INFO  | SCMAudit | user=jenkins1000 | ip=192.168.5.182 | op=SEND_HEARTBEAT {datanodeUUID=7761e897-e175-44b8-b4a7-8686aa902baa, command=[]} | ret=SUCCESS |  
2019-08-29 09:04:57,840 | INFO  | SCMAudit | user=jenkins1000 | ip=192.168.5.182 | op=SEND_HEARTBEAT {datanodeUUID=521648c2-032b-4493-bcb7-c7d55e99ae6f, command=[]} | ret=SUCCESS |  
2019-08-29 09:04:57,936 | INFO  | SCMAudit | user=jenkins1000 | ip=192.168.5.182 | op=SEND_HEARTBEAT {datanodeUUID=91dd3489-61e8-4546-a3e3-8d2c03f678e3, command=[]} | ret=SUCCESS |  
2019-08-29 09:04:58,272 | INFO  | SCMAudit | user=jenkins1000 | ip=192.168.5.182 | op=SEND_HEARTBEAT {datanodeUUID=006047d9-e06e-4717-89c6-6c98a2152bd9, command=[]} | ret=SUCCESS |  
2019-08-29 09:04:58,408 | INFO  | SCMAudit | user=jenkins1000 | ip=192.168.5.182 | op=SEND_HEARTBEAT {datanodeUUID=4b2a007c-1499-41ce-aa2f-1cc7d8e71cba, command=[]} | ret=SUCCESS |  
2019-08-29 09:04:58,473 | INFO  | SCMAudit | user=jenkins1000 | ip=192.168.5.182 | op=SEND_HEARTBEAT {datanodeUUID=a27ef1f6-d80e-49dc-8aba-c653950ad4b4, command=[]} | ret=SUCCESS |  
2019-08-29 09:04:58,525 [grpc-default-executor-5] INFO  client.GrpcClientProtocolClient (GrpcClientProtocolClient.java:onNext(255)) - client-7ABE05FD2760->7761e897-e175-44b8-b4a7-8686aa902baa: receive RaftClientReply:client-7ABE05FD2760->7761e897-e175-44b8-b4a7-8686aa902baa@group-D60B244B98B7, cid=13, FAILED org.apache.ratis.protocol.NotLeaderException: Server 7761e897-e175-44b8-b4a7-8686aa902baa is not the leader (null). Request must be sent to leader., logIndex=0, commits[7761e897-e175-44b8-b4a7-8686aa902baa:c-1]
]]></system-out>
    <system-err><![CDATA[Aug 29, 2019 9:04:30 AM com.sun.jersey.server.impl.application.WebApplicationImpl _initiate
INFO: Initiating Jersey application, version 'Jersey: 1.19 02/11/2015 03:25 AM'
Aug 29, 2019 9:04:31 AM com.sun.jersey.server.impl.application.WebApplicationImpl _initiate
INFO: Initiating Jersey application, version 'Jersey: 1.19 02/11/2015 03:25 AM'
Aug 29, 2019 9:04:31 AM com.sun.jersey.server.impl.application.WebApplicationImpl _initiate
INFO: Initiating Jersey application, version 'Jersey: 1.19 02/11/2015 03:25 AM'
Aug 29, 2019 9:04:32 AM com.sun.jersey.server.impl.application.WebApplicationImpl _initiate
INFO: Initiating Jersey application, version 'Jersey: 1.19 02/11/2015 03:25 AM'
Aug 29, 2019 9:04:32 AM com.sun.jersey.server.impl.application.WebApplicationImpl _initiate
INFO: Initiating Jersey application, version 'Jersey: 1.19 02/11/2015 03:25 AM'
Aug 29, 2019 9:04:33 AM com.sun.jersey.server.impl.application.WebApplicationImpl _initiate
INFO: Initiating Jersey application, version 'Jersey: 1.19 02/11/2015 03:25 AM'
Aug 29, 2019 9:04:33 AM com.sun.jersey.server.impl.application.WebApplicationImpl _initiate
INFO: Initiating Jersey application, version 'Jersey: 1.19 02/11/2015 03:25 AM'
]]></system-err>
  </testcase>
</testsuite>