<?xml version="1.0" encoding="UTF-8"?>
<testsuite xmlns:xsi="http://www.w3.org/2001/XMLSchema-instance" xsi:noNamespaceSchemaLocation="https://maven.apache.org/surefire/maven-surefire-plugin/xsd/surefire-test-report.xsd" name="org.apache.hadoop.ozone.client.rpc.TestBlockOutputStream" time="435.249" tests="6" errors="0" skipped="0" failures="2">
  <properties>
    <property name="awt.toolkit" value="sun.awt.X11.XToolkit"/>
    <property name="file.encoding.pkg" value="sun.io"/>
    <property name="java.specification.version" value="1.8"/>
    <property name="sun.cpu.isalist" value=""/>
    <property name="sun.jnu.encoding" value="UTF-8"/>
    <property name="java.class.path" value="/workdir/hadoop-ozone/integration-test/target/test-classes:/workdir/hadoop-ozone/integration-test/target/classes:/home/user/.m2/repository/org/apache/hadoop/hadoop-ozone-common/0.5.0-SNAPSHOT/hadoop-ozone-common-0.5.0-SNAPSHOT.jar:/home/user/.m2/repository/org/apache/commons/commons-compress/1.4.1/commons-compress-1.4.1.jar:/home/user/.m2/repository/org/tukaani/xz/1.0/xz-1.0.jar:/home/user/.m2/repository/org/apache/hadoop/hadoop-common/3.2.0/hadoop-common-3.2.0.jar:/home/user/.m2/repository/org/apache/hadoop/hadoop-hdfs/3.2.0/hadoop-hdfs-3.2.0.jar:/home/user/.m2/repository/org/apache/hadoop/hadoop-hdfs-client/3.2.0/hadoop-hdfs-client-3.2.0.jar:/home/user/.m2/repository/com/fasterxml/jackson/core/jackson-annotations/2.9.5/jackson-annotations-2.9.5.jar:/home/user/.m2/repository/org/apache/hadoop/hadoop-hdds-common/0.5.0-SNAPSHOT/hadoop-hdds-common-0.5.0-SNAPSHOT.jar:/home/user/.m2/repository/javax/annotation/javax.annotation-api/1.2/javax.annotation-api-1.2.jar:/home/user/.m2/repository/org/apache/ratis/ratis-server/0.4.0-78e95b9-SNAPSHOT/ratis-server-0.4.0-78e95b9-SNAPSHOT.jar:/home/user/.m2/repository/org/apache/ratis/ratis-thirdparty-misc/0.2.0/ratis-thirdparty-misc-0.2.0.jar:/home/user/.m2/repository/org/apache/ratis/ratis-proto/0.4.0-78e95b9-SNAPSHOT/ratis-proto-0.4.0-78e95b9-SNAPSHOT.jar:/home/user/.m2/repository/org/apache/ratis/ratis-common/0.4.0-78e95b9-SNAPSHOT/ratis-common-0.4.0-78e95b9-SNAPSHOT.jar:/home/user/.m2/repository/org/apache/ratis/ratis-client/0.4.0-78e95b9-SNAPSHOT/ratis-client-0.4.0-78e95b9-SNAPSHOT.jar:/home/user/.m2/repository/org/apache/ratis/ratis-metrics/0.4.0-78e95b9-SNAPSHOT/ratis-metrics-0.4.0-78e95b9-SNAPSHOT.jar:/home/user/.m2/repository/com/github/joshelser/dropwizard-metrics-hadoop-metrics2-reporter/0.1.2/dropwizard-metrics-hadoop-metrics2-reporter-0.1.2.jar:/home/user/.m2/repository/io/dropwizard/metrics/metrics-jvm/3.2.5/metrics-jvm-3.2.5.jar:/home/user/.m2/repository/io/dropwizard/metrics/metrics-ganglia/3.2.5/metrics-ganglia-3.2.5.jar:/home/user/.m2/repository/info/ganglia/gmetric4j/gmetric4j/1.0.7/gmetric4j-1.0.7.jar:/home/user/.m2/repository/org/apache/ratis/ratis-netty/0.4.0-78e95b9-SNAPSHOT/ratis-netty-0.4.0-78e95b9-SNAPSHOT.jar:/home/user/.m2/repository/org/apache/ratis/ratis-grpc/0.4.0-78e95b9-SNAPSHOT/ratis-grpc-0.4.0-78e95b9-SNAPSHOT.jar:/home/user/.m2/repository/org/rocksdb/rocksdbjni/6.0.1/rocksdbjni-6.0.1.jar:/home/user/.m2/repository/org/apache/logging/log4j/log4j-api/2.11.0/log4j-api-2.11.0.jar:/home/user/.m2/repository/org/apache/logging/log4j/log4j-core/2.11.0/log4j-core-2.11.0.jar:/home/user/.m2/repository/com/lmax/disruptor/3.4.2/disruptor-3.4.2.jar:/home/user/.m2/repository/org/apache/commons/commons-pool2/2.6.0/commons-pool2-2.6.0.jar:/home/user/.m2/repository/org/bouncycastle/bcpkix-jdk15on/1.60/bcpkix-jdk15on-1.60.jar:/home/user/.m2/repository/commons-validator/commons-validator/1.6/commons-validator-1.6.jar:/home/user/.m2/repository/commons-digester/commons-digester/1.8.1/commons-digester-1.8.1.jar:/home/user/.m2/repository/io/jaegertracing/jaeger-client/0.33.1/jaeger-client-0.33.1.jar:/home/user/.m2/repository/io/jaegertracing/jaeger-thrift/0.33.1/jaeger-thrift-0.33.1.jar:/home/user/.m2/repository/org/apache/thrift/libthrift/0.11.0/libthrift-0.11.0.jar:/home/user/.m2/repository/com/squareup/okhttp3/okhttp/3.9.0/okhttp-3.9.0.jar:/home/user/.m2/repository/com/squareup/okio/okio/1.13.0/okio-1.13.0.jar:/home/user/.m2/repository/io/jaegertracing/jaeger-core/0.33.1/jaeger-core-0.33.1.jar:/home/user/.m2/repository/io/jaegertracing/jaeger-tracerresolver/0.33.1/jaeger-tracerresolver-0.33.1.jar:/home/user/.m2/repository/io/opentracing/contrib/opentracing-tracerresolver/0.1.5/opentracing-tracerresolver-0.1.5.jar:/home/user/.m2/repository/io/opentracing/opentracing-util/0.31.0/opentracing-util-0.31.0.jar:/home/user/.m2/repository/io/opentracing/opentracing-api/0.31.0/opentracing-api-0.31.0.jar:/home/user/.m2/repository/io/opentracing/opentracing-noop/0.31.0/opentracing-noop-0.31.0.jar:/home/user/.m2/repository/org/apache/hadoop/hadoop-hdds-server-framework/0.5.0-SNAPSHOT/hadoop-hdds-server-framework-0.5.0-SNAPSHOT.jar:/home/user/.m2/repository/org/apache/hadoop/hadoop-hdds-container-service/0.5.0-SNAPSHOT/hadoop-hdds-container-service-0.5.0-SNAPSHOT.jar:/home/user/.m2/repository/org/apache/hadoop/hadoop-hdds-client/0.5.0-SNAPSHOT/hadoop-hdds-client-0.5.0-SNAPSHOT.jar:/home/user/.m2/repository/org/apache/hadoop/hadoop-hdds-tools/0.5.0-SNAPSHOT/hadoop-hdds-tools-0.5.0-SNAPSHOT.jar:/home/user/.m2/repository/org/apache/hadoop/hadoop-hdds-server-scm/0.5.0-SNAPSHOT/hadoop-hdds-server-scm-0.5.0-SNAPSHOT.jar:/home/user/.m2/repository/org/apache/hadoop/hadoop-hdds-docs/0.5.0-SNAPSHOT/hadoop-hdds-docs-0.5.0-SNAPSHOT.jar:/home/user/.m2/repository/io/dropwizard/metrics/metrics-core/3.2.4/metrics-core-3.2.4.jar:/home/user/.m2/repository/org/hamcrest/hamcrest-all/1.3/hamcrest-all-1.3.jar:/home/user/.m2/repository/org/bouncycastle/bcprov-jdk15on/1.60/bcprov-jdk15on-1.60.jar:/home/user/.m2/repository/info/picocli/picocli/3.9.6/picocli-3.9.6.jar:/home/user/.m2/repository/com/google/protobuf/protobuf-java/2.5.0/protobuf-java-2.5.0.jar:/home/user/.m2/repository/com/google/guava/guava/11.0.2/guava-11.0.2.jar:/home/user/.m2/repository/org/apache/hadoop/hadoop-ozone-ozone-manager/0.5.0-SNAPSHOT/hadoop-ozone-ozone-manager-0.5.0-SNAPSHOT.jar:/home/user/.m2/repository/org/apache/hadoop/hadoop-minikdc/3.2.0/hadoop-minikdc-3.2.0.jar:/home/user/.m2/repository/commons-io/commons-io/2.5/commons-io-2.5.jar:/home/user/.m2/repository/org/apache/kerby/kerb-simplekdc/1.0.1/kerb-simplekdc-1.0.1.jar:/home/user/.m2/repository/org/apache/kerby/kerb-client/1.0.1/kerb-client-1.0.1.jar:/home/user/.m2/repository/org/apache/kerby/kerby-config/1.0.1/kerby-config-1.0.1.jar:/home/user/.m2/repository/org/apache/kerby/kerb-core/1.0.1/kerb-core-1.0.1.jar:/home/user/.m2/repository/org/apache/kerby/kerby-pkix/1.0.1/kerby-pkix-1.0.1.jar:/home/user/.m2/repository/org/apache/kerby/kerby-asn1/1.0.1/kerby-asn1-1.0.1.jar:/home/user/.m2/repository/org/apache/kerby/kerby-util/1.0.1/kerby-util-1.0.1.jar:/home/user/.m2/repository/org/apache/kerby/kerb-common/1.0.1/kerb-common-1.0.1.jar:/home/user/.m2/repository/org/apache/kerby/kerb-crypto/1.0.1/kerb-crypto-1.0.1.jar:/home/user/.m2/repository/org/apache/kerby/kerb-util/1.0.1/kerb-util-1.0.1.jar:/home/user/.m2/repository/org/apache/kerby/token-provider/1.0.1/token-provider-1.0.1.jar:/home/user/.m2/repository/org/apache/kerby/kerb-admin/1.0.1/kerb-admin-1.0.1.jar:/home/user/.m2/repository/org/apache/kerby/kerb-server/1.0.1/kerb-server-1.0.1.jar:/home/user/.m2/repository/org/apache/kerby/kerb-identity/1.0.1/kerb-identity-1.0.1.jar:/home/user/.m2/repository/org/apache/kerby/kerby-xdr/1.0.1/kerby-xdr-1.0.1.jar:/home/user/.m2/repository/org/slf4j/slf4j-log4j12/1.7.25/slf4j-log4j12-1.7.25.jar:/home/user/.m2/repository/org/apache/hadoop/hadoop-ozone-s3gateway/0.5.0-SNAPSHOT/hadoop-ozone-s3gateway-0.5.0-SNAPSHOT.jar:/home/user/.m2/repository/org/jboss/weld/servlet/weld-servlet/2.4.7.Final/weld-servlet-2.4.7.Final.jar:/home/user/.m2/repository/org/glassfish/jersey/containers/jersey-container-servlet-core/2.27/jersey-container-servlet-core-2.27.jar:/home/user/.m2/repository/org/glassfish/hk2/external/javax.inject/2.5.0-b42/javax.inject-2.5.0-b42.jar:/home/user/.m2/repository/org/glassfish/jersey/core/jersey-common/2.27/jersey-common-2.27.jar:/home/user/.m2/repository/org/glassfish/hk2/osgi-resource-locator/1.0.1/osgi-resource-locator-1.0.1.jar:/home/user/.m2/repository/javax/ws/rs/javax.ws.rs-api/2.1/javax.ws.rs-api-2.1.jar:/home/user/.m2/repository/org/glassfish/jersey/ext/cdi/jersey-cdi1x/2.27/jersey-cdi1x-2.27.jar:/home/user/.m2/repository/org/glassfish/jersey/inject/jersey-hk2/2.27/jersey-hk2-2.27.jar:/home/user/.m2/repository/org/glassfish/hk2/hk2-locator/2.5.0-b42/hk2-locator-2.5.0-b42.jar:/home/user/.m2/repository/org/javassist/javassist/3.22.0-CR2/javassist-3.22.0-CR2.jar:/home/user/.m2/repository/org/glassfish/hk2/hk2-api/2.5.0/hk2-api-2.5.0.jar:/home/user/.m2/repository/org/glassfish/hk2/external/jakarta.inject/2.5.0/jakarta.inject-2.5.0.jar:/home/user/.m2/repository/org/glassfish/hk2/hk2-utils/2.5.0/hk2-utils-2.5.0.jar:/home/user/.m2/repository/jakarta/annotation/jakarta.annotation-api/1.3.4/jakarta.annotation-api-1.3.4.jar:/home/user/.m2/repository/org/glassfish/hk2/external/aopalliance-repackaged/2.5.0/aopalliance-repackaged-2.5.0.jar:/home/user/.m2/repository/com/fasterxml/jackson/dataformat/jackson-dataformat-xml/2.9.0/jackson-dataformat-xml-2.9.0.jar:/home/user/.m2/repository/com/fasterxml/jackson/core/jackson-core/2.9.5/jackson-core-2.9.5.jar:/home/user/.m2/repository/com/fasterxml/jackson/module/jackson-module-jaxb-annotations/2.9.5/jackson-module-jaxb-annotations-2.9.5.jar:/home/user/.m2/repository/javax/enterprise/cdi-api/1.2/cdi-api-1.2.jar:/home/user/.m2/repository/javax/el/javax.el-api/3.0.0/javax.el-api-3.0.0.jar:/home/user/.m2/repository/javax/interceptor/javax.interceptor-api/1.2/javax.interceptor-api-1.2.jar:/home/user/.m2/repository/javax/inject/javax.inject/1/javax.inject-1.jar:/home/user/.m2/repository/com/sun/xml/bind/jaxb-impl/2.3.0.1/jaxb-impl-2.3.0.1.jar:/home/user/.m2/repository/com/sun/xml/bind/jaxb-core/2.3.0.1/jaxb-core-2.3.0.1.jar:/home/user/.m2/repository/javax/xml/bind/jaxb-api/2.3.0/jaxb-api-2.3.0.jar:/home/user/.m2/repository/javax/activation/activation/1.1.1/activation-1.1.1.jar:/home/user/.m2/repository/org/apache/hadoop/hadoop-ozone-csi/0.5.0-SNAPSHOT/hadoop-ozone-csi-0.5.0-SNAPSHOT.jar:/home/user/.m2/repository/com/google/protobuf/protobuf-java-util/3.5.1/protobuf-java-util-3.5.1.jar:/home/user/.m2/repository/org/apache/hadoop/hadoop-hdds-config/0.5.0-SNAPSHOT/hadoop-hdds-config-0.5.0-SNAPSHOT.jar:/home/user/.m2/repository/io/grpc/grpc-netty/1.17.1/grpc-netty-1.17.1.jar:/home/user/.m2/repository/io/grpc/grpc-core/1.17.1/grpc-core-1.17.1.jar:/home/user/.m2/repository/io/grpc/grpc-context/1.17.1/grpc-context-1.17.1.jar:/home/user/.m2/repository/com/google/errorprone/error_prone_annotations/2.2.0/error_prone_annotations-2.2.0.jar:/home/user/.m2/repository/org/codehaus/mojo/animal-sniffer-annotations/1.17/animal-sniffer-annotations-1.17.jar:/home/user/.m2/repository/io/opencensus/opencensus-api/0.17.0/opencensus-api-0.17.0.jar:/home/user/.m2/repository/io/opencensus/opencensus-contrib-grpc-metrics/0.17.0/opencensus-contrib-grpc-metrics-0.17.0.jar:/home/user/.m2/repository/io/netty/netty-codec-http2/4.1.30.Final/netty-codec-http2-4.1.30.Final.jar:/home/user/.m2/repository/io/netty/netty-codec-http/4.1.30.Final/netty-codec-http-4.1.30.Final.jar:/home/user/.m2/repository/io/netty/netty-codec/4.1.30.Final/netty-codec-4.1.30.Final.jar:/home/user/.m2/repository/io/netty/netty-handler/4.1.30.Final/netty-handler-4.1.30.Final.jar:/home/user/.m2/repository/io/netty/netty-handler-proxy/4.1.30.Final/netty-handler-proxy-4.1.30.Final.jar:/home/user/.m2/repository/io/netty/netty-codec-socks/4.1.30.Final/netty-codec-socks-4.1.30.Final.jar:/home/user/.m2/repository/io/netty/netty-transport-native-epoll/4.1.30.Final/netty-transport-native-epoll-4.1.30.Final.jar:/home/user/.m2/repository/io/netty/netty-common/4.1.30.Final/netty-common-4.1.30.Final.jar:/home/user/.m2/repository/io/netty/netty-buffer/4.1.30.Final/netty-buffer-4.1.30.Final.jar:/home/user/.m2/repository/io/netty/netty-transport/4.1.30.Final/netty-transport-4.1.30.Final.jar:/home/user/.m2/repository/io/netty/netty-resolver/4.1.30.Final/netty-resolver-4.1.30.Final.jar:/home/user/.m2/repository/io/netty/netty-transport-native-unix-common/4.1.30.Final/netty-transport-native-unix-common-4.1.30.Final.jar:/home/user/.m2/repository/io/grpc/grpc-protobuf/1.17.1/grpc-protobuf-1.17.1.jar:/home/user/.m2/repository/com/google/api/grpc/proto-google-common-protos/1.0.0/proto-google-common-protos-1.0.0.jar:/home/user/.m2/repository/io/grpc/grpc-protobuf-lite/1.17.1/grpc-protobuf-lite-1.17.1.jar:/home/user/.m2/repository/io/grpc/grpc-stub/1.17.1/grpc-stub-1.17.1.jar:/home/user/.m2/repository/org/apache/hadoop/hadoop-ozone-recon/0.5.0-SNAPSHOT/hadoop-ozone-recon-0.5.0-SNAPSHOT.jar:/home/user/.m2/repository/org/apache/hadoop/hadoop-ozone-reconcodegen/0.5.0-SNAPSHOT/hadoop-ozone-reconcodegen-0.5.0-SNAPSHOT.jar:/home/user/.m2/repository/com/google/inject/extensions/guice-multibindings/4.0/guice-multibindings-4.0.jar:/home/user/.m2/repository/com/google/inject/guice/4.0/guice-4.0.jar:/home/user/.m2/repository/aopalliance/aopalliance/1.0/aopalliance-1.0.jar:/home/user/.m2/repository/com/google/inject/extensions/guice-servlet/4.0/guice-servlet-4.0.jar:/home/user/.m2/repository/org/glassfish/jersey/containers/jersey-container-servlet/2.27/jersey-container-servlet-2.27.jar:/home/user/.m2/repository/org/glassfish/hk2/guice-bridge/2.5.0/guice-bridge-2.5.0.jar:/home/user/.m2/repository/org/glassfish/jersey/core/jersey-server/2.27/jersey-server-2.27.jar:/home/user/.m2/repository/org/glassfish/jersey/core/jersey-client/2.27/jersey-client-2.27.jar:/home/user/.m2/repository/org/glassfish/jersey/media/jersey-media-jaxb/2.27/jersey-media-jaxb-2.27.jar:/home/user/.m2/repository/javax/validation/validation-api/1.1.0.Final/validation-api-1.1.0.Final.jar:/home/user/.m2/repository/org/glassfish/jersey/media/jersey-media-json-jackson/2.27/jersey-media-json-jackson-2.27.jar:/home/user/.m2/repository/org/glassfish/jersey/ext/jersey-entity-filtering/2.27/jersey-entity-filtering-2.27.jar:/home/user/.m2/repository/com/google/inject/extensions/guice-assistedinject/4.0/guice-assistedinject-4.0.jar:/home/user/.m2/repository/org/jooq/jooq/3.11.10/jooq-3.11.10.jar:/home/user/.m2/repository/org/jooq/jooq-meta/3.11.10/jooq-meta-3.11.10.jar:/home/user/.m2/repository/org/jooq/jooq-codegen/3.11.10/jooq-codegen-3.11.10.jar:/home/user/.m2/repository/com/jolbox/bonecp/0.8.0.RELEASE/bonecp-0.8.0.RELEASE.jar:/home/user/.m2/repository/org/xerial/sqlite-jdbc/3.25.2/sqlite-jdbc-3.25.2.jar:/home/user/.m2/repository/org/springframework/spring-jdbc/5.1.3.RELEASE/spring-jdbc-5.1.3.RELEASE.jar:/home/user/.m2/repository/org/springframework/spring-beans/5.1.3.RELEASE/spring-beans-5.1.3.RELEASE.jar:/home/user/.m2/repository/org/springframework/spring-core/5.1.3.RELEASE/spring-core-5.1.3.RELEASE.jar:/home/user/.m2/repository/org/springframework/spring-jcl/5.1.3.RELEASE/spring-jcl-5.1.3.RELEASE.jar:/home/user/.m2/repository/org/springframework/spring-tx/5.1.3.RELEASE/spring-tx-5.1.3.RELEASE.jar:/home/user/.m2/repository/org/apache/hadoop/hadoop-ozone-client/0.5.0-SNAPSHOT/hadoop-ozone-client-0.5.0-SNAPSHOT.jar:/home/user/.m2/repository/commons-lang/commons-lang/2.6/commons-lang-2.6.jar:/home/user/.m2/repository/org/apache/hadoop/hadoop-ozone-ozone-manager/0.5.0-SNAPSHOT/hadoop-ozone-ozone-manager-0.5.0-SNAPSHOT-tests.jar:/home/user/.m2/repository/junit/junit/4.11/junit-4.11.jar:/home/user/.m2/repository/org/hamcrest/hamcrest-core/1.3/hamcrest-core-1.3.jar:/home/user/.m2/repository/org/openjdk/jmh/jmh-core/1.19/jmh-core-1.19.jar:/home/user/.m2/repository/net/sf/jopt-simple/jopt-simple/4.6/jopt-simple-4.6.jar:/home/user/.m2/repository/org/apache/commons/commons-math3/3.1.1/commons-math3-3.1.1.jar:/home/user/.m2/repository/org/openjdk/jmh/jmh-generator-annprocess/1.19/jmh-generator-annprocess-1.19.jar:/home/user/.m2/repository/org/mockito/mockito-all/1.8.5/mockito-all-1.8.5.jar:/home/user/.m2/repository/org/apache/hadoop/hadoop-kms/3.2.0/hadoop-kms-3.2.0.jar:/home/user/.m2/repository/org/apache/hadoop/hadoop-auth/3.2.0/hadoop-auth-3.2.0.jar:/home/user/.m2/repository/com/nimbusds/nimbus-jose-jwt/4.41.1/nimbus-jose-jwt-4.41.1.jar:/home/user/.m2/repository/com/github/stephenc/jcip/jcip-annotations/1.0-1/jcip-annotations-1.0-1.jar:/home/user/.m2/repository/net/minidev/json-smart/2.3/json-smart-2.3.jar:/home/user/.m2/repository/net/minidev/accessors-smart/1.2/accessors-smart-1.2.jar:/home/user/.m2/repository/org/ow2/asm/asm/5.0.4/asm-5.0.4.jar:/home/user/.m2/repository/org/apache/curator/curator-framework/2.12.0/curator-framework-2.12.0.jar:/home/user/.m2/repository/com/sun/jersey/jersey-core/1.19/jersey-core-1.19.jar:/home/user/.m2/repository/javax/ws/rs/jsr311-api/1.1.1/jsr311-api-1.1.1.jar:/home/user/.m2/repository/com/sun/jersey/jersey-server/1.19/jersey-server-1.19.jar:/home/user/.m2/repository/javax/servlet/javax.servlet-api/3.1.0/javax.servlet-api-3.1.0.jar:/home/user/.m2/repository/org/eclipse/jetty/jetty-server/9.3.24.v20180605/jetty-server-9.3.24.v20180605.jar:/home/user/.m2/repository/org/eclipse/jetty/jetty-http/9.3.24.v20180605/jetty-http-9.3.24.v20180605.jar:/home/user/.m2/repository/org/eclipse/jetty/jetty-io/9.3.24.v20180605/jetty-io-9.3.24.v20180605.jar:/home/user/.m2/repository/org/eclipse/jetty/jetty-webapp/9.3.24.v20180605/jetty-webapp-9.3.24.v20180605.jar:/home/user/.m2/repository/org/eclipse/jetty/jetty-xml/9.3.24.v20180605/jetty-xml-9.3.24.v20180605.jar:/home/user/.m2/repository/log4j/log4j/1.2.17/log4j-1.2.17.jar:/home/user/.m2/repository/org/slf4j/slf4j-api/1.7.25/slf4j-api-1.7.25.jar:/home/user/.m2/repository/org/slf4j/jul-to-slf4j/1.7.25/jul-to-slf4j-1.7.25.jar:/home/user/.m2/repository/org/eclipse/jetty/jetty-util/9.3.24.v20180605/jetty-util-9.3.24.v20180605.jar:/home/user/.m2/repository/com/fasterxml/jackson/core/jackson-databind/2.9.5/jackson-databind-2.9.5.jar:/home/user/.m2/repository/org/apache/hadoop/hadoop-kms/3.2.0/hadoop-kms-3.2.0-tests.jar:/home/user/.m2/repository/org/apache/hadoop/hadoop-hdds-server-scm/0.5.0-SNAPSHOT/hadoop-hdds-server-scm-0.5.0-SNAPSHOT-tests.jar:/home/user/.m2/repository/org/apache/hadoop/hadoop-hdds-container-service/0.5.0-SNAPSHOT/hadoop-hdds-container-service-0.5.0-SNAPSHOT-tests.jar:/home/user/.m2/repository/org/yaml/snakeyaml/1.16/snakeyaml-1.16.jar:/home/user/.m2/repository/org/apache/hadoop/hadoop-common/3.2.0/hadoop-common-3.2.0-tests.jar:/home/user/.m2/repository/org/apache/hadoop/hadoop-annotations/3.2.0/hadoop-annotations-3.2.0.jar:/usr/lib/jvm/java-1.8-openjdk/jre/../lib/tools.jar:/home/user/.m2/repository/commons-cli/commons-cli/1.2/commons-cli-1.2.jar:/home/user/.m2/repository/org/apache/httpcomponents/httpclient/4.5.2/httpclient-4.5.2.jar:/home/user/.m2/repository/org/apache/httpcomponents/httpcore/4.4.4/httpcore-4.4.4.jar:/home/user/.m2/repository/commons-codec/commons-codec/1.11/commons-codec-1.11.jar:/home/user/.m2/repository/commons-net/commons-net/3.6/commons-net-3.6.jar:/home/user/.m2/repository/commons-collections/commons-collections/3.2.2/commons-collections-3.2.2.jar:/home/user/.m2/repository/org/eclipse/jetty/jetty-servlet/9.3.24.v20180605/jetty-servlet-9.3.24.v20180605.jar:/home/user/.m2/repository/org/eclipse/jetty/jetty-security/9.3.24.v20180605/jetty-security-9.3.24.v20180605.jar:/home/user/.m2/repository/javax/servlet/jsp/jsp-api/2.1/jsp-api-2.1.jar:/home/user/.m2/repository/com/sun/jersey/jersey-servlet/1.19/jersey-servlet-1.19.jar:/home/user/.m2/repository/com/sun/jersey/jersey-json/1.19/jersey-json-1.19.jar:/home/user/.m2/repository/org/codehaus/jettison/jettison/1.1/jettison-1.1.jar:/home/user/.m2/repository/org/codehaus/jackson/jackson-core-asl/1.9.13/jackson-core-asl-1.9.13.jar:/home/user/.m2/repository/org/codehaus/jackson/jackson-mapper-asl/1.9.13/jackson-mapper-asl-1.9.13.jar:/home/user/.m2/repository/org/codehaus/jackson/jackson-jaxrs/1.9.13/jackson-jaxrs-1.9.13.jar:/home/user/.m2/repository/org/codehaus/jackson/jackson-xc/1.9.13/jackson-xc-1.9.13.jar:/home/user/.m2/repository/commons-logging/commons-logging/1.1.3/commons-logging-1.1.3.jar:/home/user/.m2/repository/commons-beanutils/commons-beanutils/1.9.3/commons-beanutils-1.9.3.jar:/home/user/.m2/repository/org/apache/commons/commons-configuration2/2.1.1/commons-configuration2-2.1.1.jar:/home/user/.m2/repository/org/apache/commons/commons-lang3/3.7/commons-lang3-3.7.jar:/home/user/.m2/repository/org/apache/commons/commons-text/1.4/commons-text-1.4.jar:/home/user/.m2/repository/org/apache/avro/avro/1.7.7/avro-1.7.7.jar:/home/user/.m2/repository/com/thoughtworks/paranamer/paranamer/2.3/paranamer-2.3.jar:/home/user/.m2/repository/org/xerial/snappy/snappy-java/1.0.5/snappy-java-1.0.5.jar:/home/user/.m2/repository/com/google/re2j/re2j/1.1/re2j-1.1.jar:/home/user/.m2/repository/com/google/code/gson/gson/2.2.4/gson-2.2.4.jar:/home/user/.m2/repository/com/jcraft/jsch/0.1.54/jsch-0.1.54.jar:/home/user/.m2/repository/org/apache/curator/curator-client/2.12.0/curator-client-2.12.0.jar:/home/user/.m2/repository/org/apache/curator/curator-recipes/2.12.0/curator-recipes-2.12.0.jar:/home/user/.m2/repository/com/google/code/findbugs/jsr305/3.0.0/jsr305-3.0.0.jar:/home/user/.m2/repository/org/apache/htrace/htrace-core4/4.1.0-incubating/htrace-core4-4.1.0-incubating.jar:/home/user/.m2/repository/org/apache/zookeeper/zookeeper/3.4.13/zookeeper-3.4.13.jar:/home/user/.m2/repository/org/apache/yetus/audience-annotations/0.5.0/audience-annotations-0.5.0.jar:/home/user/.m2/repository/org/codehaus/woodstox/stax2-api/3.1.4/stax2-api-3.1.4.jar:/home/user/.m2/repository/com/fasterxml/woodstox/woodstox-core/5.0.3/woodstox-core-5.0.3.jar:/home/user/.m2/repository/dnsjava/dnsjava/2.1.7/dnsjava-2.1.7.jar:/home/user/.m2/repository/org/apache/hadoop/hadoop-hdfs/3.2.0/hadoop-hdfs-3.2.0-tests.jar:/home/user/.m2/repository/org/eclipse/jetty/jetty-util-ajax/9.3.24.v20180605/jetty-util-ajax-9.3.24.v20180605.jar:/home/user/.m2/repository/commons-daemon/commons-daemon/1.0.13/commons-daemon-1.0.13.jar:/home/user/.m2/repository/io/netty/netty/3.10.5.Final/netty-3.10.5.Final.jar:/home/user/.m2/repository/io/netty/netty-all/4.0.52.Final/netty-all-4.0.52.Final.jar:/home/user/.m2/repository/org/fusesource/leveldbjni/leveldbjni-all/1.8/leveldbjni-all-1.8.jar:"/>
    <property name="java.vm.vendor" value="IcedTea"/>
    <property name="sun.arch.data.model" value="64"/>
    <property name="test.build.dir" value="/workdir/hadoop-ozone/integration-test/target/test-dir"/>
    <property name="test.cache.data" value=""/>
    <property name="java.vendor.url" value="https://icedtea.classpath.org"/>
    <property name="user.timezone" value=""/>
    <property name="java.vm.specification.version" value="1.8"/>
    <property name="os.name" value="Linux"/>
    <property name="test.build.data" value="/workdir/hadoop-ozone/integration-test/target/test-dir"/>
    <property name="user.country" value="US"/>
    <property name="sun.java.launcher" value="SUN_STANDARD"/>
    <property name="sun.boot.library.path" value="/usr/lib/jvm/java-1.8-openjdk/jre/lib/amd64"/>
    <property name="sun.java.command" value="/workdir/hadoop-ozone/integration-test/target/surefire/surefirebooter3563403641232251334.jar /workdir/hadoop-ozone/integration-test/target/surefire 2019-09-12T12-24-28_299-jvmRun1 surefire6159732116238561608tmp surefire_395642027777951998243tmp"/>
    <property name="test" value="!TestMiniChaosOzoneCluster"/>
    <property name="surefire.test.class.path" value="/workdir/hadoop-ozone/integration-test/target/test-classes:/workdir/hadoop-ozone/integration-test/target/classes:/home/user/.m2/repository/org/apache/hadoop/hadoop-ozone-common/0.5.0-SNAPSHOT/hadoop-ozone-common-0.5.0-SNAPSHOT.jar:/home/user/.m2/repository/org/apache/commons/commons-compress/1.4.1/commons-compress-1.4.1.jar:/home/user/.m2/repository/org/tukaani/xz/1.0/xz-1.0.jar:/home/user/.m2/repository/org/apache/hadoop/hadoop-common/3.2.0/hadoop-common-3.2.0.jar:/home/user/.m2/repository/org/apache/hadoop/hadoop-hdfs/3.2.0/hadoop-hdfs-3.2.0.jar:/home/user/.m2/repository/org/apache/hadoop/hadoop-hdfs-client/3.2.0/hadoop-hdfs-client-3.2.0.jar:/home/user/.m2/repository/com/fasterxml/jackson/core/jackson-annotations/2.9.5/jackson-annotations-2.9.5.jar:/home/user/.m2/repository/org/apache/hadoop/hadoop-hdds-common/0.5.0-SNAPSHOT/hadoop-hdds-common-0.5.0-SNAPSHOT.jar:/home/user/.m2/repository/javax/annotation/javax.annotation-api/1.2/javax.annotation-api-1.2.jar:/home/user/.m2/repository/org/apache/ratis/ratis-server/0.4.0-78e95b9-SNAPSHOT/ratis-server-0.4.0-78e95b9-SNAPSHOT.jar:/home/user/.m2/repository/org/apache/ratis/ratis-thirdparty-misc/0.2.0/ratis-thirdparty-misc-0.2.0.jar:/home/user/.m2/repository/org/apache/ratis/ratis-proto/0.4.0-78e95b9-SNAPSHOT/ratis-proto-0.4.0-78e95b9-SNAPSHOT.jar:/home/user/.m2/repository/org/apache/ratis/ratis-common/0.4.0-78e95b9-SNAPSHOT/ratis-common-0.4.0-78e95b9-SNAPSHOT.jar:/home/user/.m2/repository/org/apache/ratis/ratis-client/0.4.0-78e95b9-SNAPSHOT/ratis-client-0.4.0-78e95b9-SNAPSHOT.jar:/home/user/.m2/repository/org/apache/ratis/ratis-metrics/0.4.0-78e95b9-SNAPSHOT/ratis-metrics-0.4.0-78e95b9-SNAPSHOT.jar:/home/user/.m2/repository/com/github/joshelser/dropwizard-metrics-hadoop-metrics2-reporter/0.1.2/dropwizard-metrics-hadoop-metrics2-reporter-0.1.2.jar:/home/user/.m2/repository/io/dropwizard/metrics/metrics-jvm/3.2.5/metrics-jvm-3.2.5.jar:/home/user/.m2/repository/io/dropwizard/metrics/metrics-ganglia/3.2.5/metrics-ganglia-3.2.5.jar:/home/user/.m2/repository/info/ganglia/gmetric4j/gmetric4j/1.0.7/gmetric4j-1.0.7.jar:/home/user/.m2/repository/org/apache/ratis/ratis-netty/0.4.0-78e95b9-SNAPSHOT/ratis-netty-0.4.0-78e95b9-SNAPSHOT.jar:/home/user/.m2/repository/org/apache/ratis/ratis-grpc/0.4.0-78e95b9-SNAPSHOT/ratis-grpc-0.4.0-78e95b9-SNAPSHOT.jar:/home/user/.m2/repository/org/rocksdb/rocksdbjni/6.0.1/rocksdbjni-6.0.1.jar:/home/user/.m2/repository/org/apache/logging/log4j/log4j-api/2.11.0/log4j-api-2.11.0.jar:/home/user/.m2/repository/org/apache/logging/log4j/log4j-core/2.11.0/log4j-core-2.11.0.jar:/home/user/.m2/repository/com/lmax/disruptor/3.4.2/disruptor-3.4.2.jar:/home/user/.m2/repository/org/apache/commons/commons-pool2/2.6.0/commons-pool2-2.6.0.jar:/home/user/.m2/repository/org/bouncycastle/bcpkix-jdk15on/1.60/bcpkix-jdk15on-1.60.jar:/home/user/.m2/repository/commons-validator/commons-validator/1.6/commons-validator-1.6.jar:/home/user/.m2/repository/commons-digester/commons-digester/1.8.1/commons-digester-1.8.1.jar:/home/user/.m2/repository/io/jaegertracing/jaeger-client/0.33.1/jaeger-client-0.33.1.jar:/home/user/.m2/repository/io/jaegertracing/jaeger-thrift/0.33.1/jaeger-thrift-0.33.1.jar:/home/user/.m2/repository/org/apache/thrift/libthrift/0.11.0/libthrift-0.11.0.jar:/home/user/.m2/repository/com/squareup/okhttp3/okhttp/3.9.0/okhttp-3.9.0.jar:/home/user/.m2/repository/com/squareup/okio/okio/1.13.0/okio-1.13.0.jar:/home/user/.m2/repository/io/jaegertracing/jaeger-core/0.33.1/jaeger-core-0.33.1.jar:/home/user/.m2/repository/io/jaegertracing/jaeger-tracerresolver/0.33.1/jaeger-tracerresolver-0.33.1.jar:/home/user/.m2/repository/io/opentracing/contrib/opentracing-tracerresolver/0.1.5/opentracing-tracerresolver-0.1.5.jar:/home/user/.m2/repository/io/opentracing/opentracing-util/0.31.0/opentracing-util-0.31.0.jar:/home/user/.m2/repository/io/opentracing/opentracing-api/0.31.0/opentracing-api-0.31.0.jar:/home/user/.m2/repository/io/opentracing/opentracing-noop/0.31.0/opentracing-noop-0.31.0.jar:/home/user/.m2/repository/org/apache/hadoop/hadoop-hdds-server-framework/0.5.0-SNAPSHOT/hadoop-hdds-server-framework-0.5.0-SNAPSHOT.jar:/home/user/.m2/repository/org/apache/hadoop/hadoop-hdds-container-service/0.5.0-SNAPSHOT/hadoop-hdds-container-service-0.5.0-SNAPSHOT.jar:/home/user/.m2/repository/org/apache/hadoop/hadoop-hdds-client/0.5.0-SNAPSHOT/hadoop-hdds-client-0.5.0-SNAPSHOT.jar:/home/user/.m2/repository/org/apache/hadoop/hadoop-hdds-tools/0.5.0-SNAPSHOT/hadoop-hdds-tools-0.5.0-SNAPSHOT.jar:/home/user/.m2/repository/org/apache/hadoop/hadoop-hdds-server-scm/0.5.0-SNAPSHOT/hadoop-hdds-server-scm-0.5.0-SNAPSHOT.jar:/home/user/.m2/repository/org/apache/hadoop/hadoop-hdds-docs/0.5.0-SNAPSHOT/hadoop-hdds-docs-0.5.0-SNAPSHOT.jar:/home/user/.m2/repository/io/dropwizard/metrics/metrics-core/3.2.4/metrics-core-3.2.4.jar:/home/user/.m2/repository/org/hamcrest/hamcrest-all/1.3/hamcrest-all-1.3.jar:/home/user/.m2/repository/org/bouncycastle/bcprov-jdk15on/1.60/bcprov-jdk15on-1.60.jar:/home/user/.m2/repository/info/picocli/picocli/3.9.6/picocli-3.9.6.jar:/home/user/.m2/repository/com/google/protobuf/protobuf-java/2.5.0/protobuf-java-2.5.0.jar:/home/user/.m2/repository/com/google/guava/guava/11.0.2/guava-11.0.2.jar:/home/user/.m2/repository/org/apache/hadoop/hadoop-ozone-ozone-manager/0.5.0-SNAPSHOT/hadoop-ozone-ozone-manager-0.5.0-SNAPSHOT.jar:/home/user/.m2/repository/org/apache/hadoop/hadoop-minikdc/3.2.0/hadoop-minikdc-3.2.0.jar:/home/user/.m2/repository/commons-io/commons-io/2.5/commons-io-2.5.jar:/home/user/.m2/repository/org/apache/kerby/kerb-simplekdc/1.0.1/kerb-simplekdc-1.0.1.jar:/home/user/.m2/repository/org/apache/kerby/kerb-client/1.0.1/kerb-client-1.0.1.jar:/home/user/.m2/repository/org/apache/kerby/kerby-config/1.0.1/kerby-config-1.0.1.jar:/home/user/.m2/repository/org/apache/kerby/kerb-core/1.0.1/kerb-core-1.0.1.jar:/home/user/.m2/repository/org/apache/kerby/kerby-pkix/1.0.1/kerby-pkix-1.0.1.jar:/home/user/.m2/repository/org/apache/kerby/kerby-asn1/1.0.1/kerby-asn1-1.0.1.jar:/home/user/.m2/repository/org/apache/kerby/kerby-util/1.0.1/kerby-util-1.0.1.jar:/home/user/.m2/repository/org/apache/kerby/kerb-common/1.0.1/kerb-common-1.0.1.jar:/home/user/.m2/repository/org/apache/kerby/kerb-crypto/1.0.1/kerb-crypto-1.0.1.jar:/home/user/.m2/repository/org/apache/kerby/kerb-util/1.0.1/kerb-util-1.0.1.jar:/home/user/.m2/repository/org/apache/kerby/token-provider/1.0.1/token-provider-1.0.1.jar:/home/user/.m2/repository/org/apache/kerby/kerb-admin/1.0.1/kerb-admin-1.0.1.jar:/home/user/.m2/repository/org/apache/kerby/kerb-server/1.0.1/kerb-server-1.0.1.jar:/home/user/.m2/repository/org/apache/kerby/kerb-identity/1.0.1/kerb-identity-1.0.1.jar:/home/user/.m2/repository/org/apache/kerby/kerby-xdr/1.0.1/kerby-xdr-1.0.1.jar:/home/user/.m2/repository/org/slf4j/slf4j-log4j12/1.7.25/slf4j-log4j12-1.7.25.jar:/home/user/.m2/repository/org/apache/hadoop/hadoop-ozone-s3gateway/0.5.0-SNAPSHOT/hadoop-ozone-s3gateway-0.5.0-SNAPSHOT.jar:/home/user/.m2/repository/org/jboss/weld/servlet/weld-servlet/2.4.7.Final/weld-servlet-2.4.7.Final.jar:/home/user/.m2/repository/org/glassfish/jersey/containers/jersey-container-servlet-core/2.27/jersey-container-servlet-core-2.27.jar:/home/user/.m2/repository/org/glassfish/hk2/external/javax.inject/2.5.0-b42/javax.inject-2.5.0-b42.jar:/home/user/.m2/repository/org/glassfish/jersey/core/jersey-common/2.27/jersey-common-2.27.jar:/home/user/.m2/repository/org/glassfish/hk2/osgi-resource-locator/1.0.1/osgi-resource-locator-1.0.1.jar:/home/user/.m2/repository/javax/ws/rs/javax.ws.rs-api/2.1/javax.ws.rs-api-2.1.jar:/home/user/.m2/repository/org/glassfish/jersey/ext/cdi/jersey-cdi1x/2.27/jersey-cdi1x-2.27.jar:/home/user/.m2/repository/org/glassfish/jersey/inject/jersey-hk2/2.27/jersey-hk2-2.27.jar:/home/user/.m2/repository/org/glassfish/hk2/hk2-locator/2.5.0-b42/hk2-locator-2.5.0-b42.jar:/home/user/.m2/repository/org/javassist/javassist/3.22.0-CR2/javassist-3.22.0-CR2.jar:/home/user/.m2/repository/org/glassfish/hk2/hk2-api/2.5.0/hk2-api-2.5.0.jar:/home/user/.m2/repository/org/glassfish/hk2/external/jakarta.inject/2.5.0/jakarta.inject-2.5.0.jar:/home/user/.m2/repository/org/glassfish/hk2/hk2-utils/2.5.0/hk2-utils-2.5.0.jar:/home/user/.m2/repository/jakarta/annotation/jakarta.annotation-api/1.3.4/jakarta.annotation-api-1.3.4.jar:/home/user/.m2/repository/org/glassfish/hk2/external/aopalliance-repackaged/2.5.0/aopalliance-repackaged-2.5.0.jar:/home/user/.m2/repository/com/fasterxml/jackson/dataformat/jackson-dataformat-xml/2.9.0/jackson-dataformat-xml-2.9.0.jar:/home/user/.m2/repository/com/fasterxml/jackson/core/jackson-core/2.9.5/jackson-core-2.9.5.jar:/home/user/.m2/repository/com/fasterxml/jackson/module/jackson-module-jaxb-annotations/2.9.5/jackson-module-jaxb-annotations-2.9.5.jar:/home/user/.m2/repository/javax/enterprise/cdi-api/1.2/cdi-api-1.2.jar:/home/user/.m2/repository/javax/el/javax.el-api/3.0.0/javax.el-api-3.0.0.jar:/home/user/.m2/repository/javax/interceptor/javax.interceptor-api/1.2/javax.interceptor-api-1.2.jar:/home/user/.m2/repository/javax/inject/javax.inject/1/javax.inject-1.jar:/home/user/.m2/repository/com/sun/xml/bind/jaxb-impl/2.3.0.1/jaxb-impl-2.3.0.1.jar:/home/user/.m2/repository/com/sun/xml/bind/jaxb-core/2.3.0.1/jaxb-core-2.3.0.1.jar:/home/user/.m2/repository/javax/xml/bind/jaxb-api/2.3.0/jaxb-api-2.3.0.jar:/home/user/.m2/repository/javax/activation/activation/1.1.1/activation-1.1.1.jar:/home/user/.m2/repository/org/apache/hadoop/hadoop-ozone-csi/0.5.0-SNAPSHOT/hadoop-ozone-csi-0.5.0-SNAPSHOT.jar:/home/user/.m2/repository/com/google/protobuf/protobuf-java-util/3.5.1/protobuf-java-util-3.5.1.jar:/home/user/.m2/repository/org/apache/hadoop/hadoop-hdds-config/0.5.0-SNAPSHOT/hadoop-hdds-config-0.5.0-SNAPSHOT.jar:/home/user/.m2/repository/io/grpc/grpc-netty/1.17.1/grpc-netty-1.17.1.jar:/home/user/.m2/repository/io/grpc/grpc-core/1.17.1/grpc-core-1.17.1.jar:/home/user/.m2/repository/io/grpc/grpc-context/1.17.1/grpc-context-1.17.1.jar:/home/user/.m2/repository/com/google/errorprone/error_prone_annotations/2.2.0/error_prone_annotations-2.2.0.jar:/home/user/.m2/repository/org/codehaus/mojo/animal-sniffer-annotations/1.17/animal-sniffer-annotations-1.17.jar:/home/user/.m2/repository/io/opencensus/opencensus-api/0.17.0/opencensus-api-0.17.0.jar:/home/user/.m2/repository/io/opencensus/opencensus-contrib-grpc-metrics/0.17.0/opencensus-contrib-grpc-metrics-0.17.0.jar:/home/user/.m2/repository/io/netty/netty-codec-http2/4.1.30.Final/netty-codec-http2-4.1.30.Final.jar:/home/user/.m2/repository/io/netty/netty-codec-http/4.1.30.Final/netty-codec-http-4.1.30.Final.jar:/home/user/.m2/repository/io/netty/netty-codec/4.1.30.Final/netty-codec-4.1.30.Final.jar:/home/user/.m2/repository/io/netty/netty-handler/4.1.30.Final/netty-handler-4.1.30.Final.jar:/home/user/.m2/repository/io/netty/netty-handler-proxy/4.1.30.Final/netty-handler-proxy-4.1.30.Final.jar:/home/user/.m2/repository/io/netty/netty-codec-socks/4.1.30.Final/netty-codec-socks-4.1.30.Final.jar:/home/user/.m2/repository/io/netty/netty-transport-native-epoll/4.1.30.Final/netty-transport-native-epoll-4.1.30.Final.jar:/home/user/.m2/repository/io/netty/netty-common/4.1.30.Final/netty-common-4.1.30.Final.jar:/home/user/.m2/repository/io/netty/netty-buffer/4.1.30.Final/netty-buffer-4.1.30.Final.jar:/home/user/.m2/repository/io/netty/netty-transport/4.1.30.Final/netty-transport-4.1.30.Final.jar:/home/user/.m2/repository/io/netty/netty-resolver/4.1.30.Final/netty-resolver-4.1.30.Final.jar:/home/user/.m2/repository/io/netty/netty-transport-native-unix-common/4.1.30.Final/netty-transport-native-unix-common-4.1.30.Final.jar:/home/user/.m2/repository/io/grpc/grpc-protobuf/1.17.1/grpc-protobuf-1.17.1.jar:/home/user/.m2/repository/com/google/api/grpc/proto-google-common-protos/1.0.0/proto-google-common-protos-1.0.0.jar:/home/user/.m2/repository/io/grpc/grpc-protobuf-lite/1.17.1/grpc-protobuf-lite-1.17.1.jar:/home/user/.m2/repository/io/grpc/grpc-stub/1.17.1/grpc-stub-1.17.1.jar:/home/user/.m2/repository/org/apache/hadoop/hadoop-ozone-recon/0.5.0-SNAPSHOT/hadoop-ozone-recon-0.5.0-SNAPSHOT.jar:/home/user/.m2/repository/org/apache/hadoop/hadoop-ozone-reconcodegen/0.5.0-SNAPSHOT/hadoop-ozone-reconcodegen-0.5.0-SNAPSHOT.jar:/home/user/.m2/repository/com/google/inject/extensions/guice-multibindings/4.0/guice-multibindings-4.0.jar:/home/user/.m2/repository/com/google/inject/guice/4.0/guice-4.0.jar:/home/user/.m2/repository/aopalliance/aopalliance/1.0/aopalliance-1.0.jar:/home/user/.m2/repository/com/google/inject/extensions/guice-servlet/4.0/guice-servlet-4.0.jar:/home/user/.m2/repository/org/glassfish/jersey/containers/jersey-container-servlet/2.27/jersey-container-servlet-2.27.jar:/home/user/.m2/repository/org/glassfish/hk2/guice-bridge/2.5.0/guice-bridge-2.5.0.jar:/home/user/.m2/repository/org/glassfish/jersey/core/jersey-server/2.27/jersey-server-2.27.jar:/home/user/.m2/repository/org/glassfish/jersey/core/jersey-client/2.27/jersey-client-2.27.jar:/home/user/.m2/repository/org/glassfish/jersey/media/jersey-media-jaxb/2.27/jersey-media-jaxb-2.27.jar:/home/user/.m2/repository/javax/validation/validation-api/1.1.0.Final/validation-api-1.1.0.Final.jar:/home/user/.m2/repository/org/glassfish/jersey/media/jersey-media-json-jackson/2.27/jersey-media-json-jackson-2.27.jar:/home/user/.m2/repository/org/glassfish/jersey/ext/jersey-entity-filtering/2.27/jersey-entity-filtering-2.27.jar:/home/user/.m2/repository/com/google/inject/extensions/guice-assistedinject/4.0/guice-assistedinject-4.0.jar:/home/user/.m2/repository/org/jooq/jooq/3.11.10/jooq-3.11.10.jar:/home/user/.m2/repository/org/jooq/jooq-meta/3.11.10/jooq-meta-3.11.10.jar:/home/user/.m2/repository/org/jooq/jooq-codegen/3.11.10/jooq-codegen-3.11.10.jar:/home/user/.m2/repository/com/jolbox/bonecp/0.8.0.RELEASE/bonecp-0.8.0.RELEASE.jar:/home/user/.m2/repository/org/xerial/sqlite-jdbc/3.25.2/sqlite-jdbc-3.25.2.jar:/home/user/.m2/repository/org/springframework/spring-jdbc/5.1.3.RELEASE/spring-jdbc-5.1.3.RELEASE.jar:/home/user/.m2/repository/org/springframework/spring-beans/5.1.3.RELEASE/spring-beans-5.1.3.RELEASE.jar:/home/user/.m2/repository/org/springframework/spring-core/5.1.3.RELEASE/spring-core-5.1.3.RELEASE.jar:/home/user/.m2/repository/org/springframework/spring-jcl/5.1.3.RELEASE/spring-jcl-5.1.3.RELEASE.jar:/home/user/.m2/repository/org/springframework/spring-tx/5.1.3.RELEASE/spring-tx-5.1.3.RELEASE.jar:/home/user/.m2/repository/org/apache/hadoop/hadoop-ozone-client/0.5.0-SNAPSHOT/hadoop-ozone-client-0.5.0-SNAPSHOT.jar:/home/user/.m2/repository/commons-lang/commons-lang/2.6/commons-lang-2.6.jar:/home/user/.m2/repository/org/apache/hadoop/hadoop-ozone-ozone-manager/0.5.0-SNAPSHOT/hadoop-ozone-ozone-manager-0.5.0-SNAPSHOT-tests.jar:/home/user/.m2/repository/junit/junit/4.11/junit-4.11.jar:/home/user/.m2/repository/org/hamcrest/hamcrest-core/1.3/hamcrest-core-1.3.jar:/home/user/.m2/repository/org/openjdk/jmh/jmh-core/1.19/jmh-core-1.19.jar:/home/user/.m2/repository/net/sf/jopt-simple/jopt-simple/4.6/jopt-simple-4.6.jar:/home/user/.m2/repository/org/apache/commons/commons-math3/3.1.1/commons-math3-3.1.1.jar:/home/user/.m2/repository/org/openjdk/jmh/jmh-generator-annprocess/1.19/jmh-generator-annprocess-1.19.jar:/home/user/.m2/repository/org/mockito/mockito-all/1.8.5/mockito-all-1.8.5.jar:/home/user/.m2/repository/org/apache/hadoop/hadoop-kms/3.2.0/hadoop-kms-3.2.0.jar:/home/user/.m2/repository/org/apache/hadoop/hadoop-auth/3.2.0/hadoop-auth-3.2.0.jar:/home/user/.m2/repository/com/nimbusds/nimbus-jose-jwt/4.41.1/nimbus-jose-jwt-4.41.1.jar:/home/user/.m2/repository/com/github/stephenc/jcip/jcip-annotations/1.0-1/jcip-annotations-1.0-1.jar:/home/user/.m2/repository/net/minidev/json-smart/2.3/json-smart-2.3.jar:/home/user/.m2/repository/net/minidev/accessors-smart/1.2/accessors-smart-1.2.jar:/home/user/.m2/repository/org/ow2/asm/asm/5.0.4/asm-5.0.4.jar:/home/user/.m2/repository/org/apache/curator/curator-framework/2.12.0/curator-framework-2.12.0.jar:/home/user/.m2/repository/com/sun/jersey/jersey-core/1.19/jersey-core-1.19.jar:/home/user/.m2/repository/javax/ws/rs/jsr311-api/1.1.1/jsr311-api-1.1.1.jar:/home/user/.m2/repository/com/sun/jersey/jersey-server/1.19/jersey-server-1.19.jar:/home/user/.m2/repository/javax/servlet/javax.servlet-api/3.1.0/javax.servlet-api-3.1.0.jar:/home/user/.m2/repository/org/eclipse/jetty/jetty-server/9.3.24.v20180605/jetty-server-9.3.24.v20180605.jar:/home/user/.m2/repository/org/eclipse/jetty/jetty-http/9.3.24.v20180605/jetty-http-9.3.24.v20180605.jar:/home/user/.m2/repository/org/eclipse/jetty/jetty-io/9.3.24.v20180605/jetty-io-9.3.24.v20180605.jar:/home/user/.m2/repository/org/eclipse/jetty/jetty-webapp/9.3.24.v20180605/jetty-webapp-9.3.24.v20180605.jar:/home/user/.m2/repository/org/eclipse/jetty/jetty-xml/9.3.24.v20180605/jetty-xml-9.3.24.v20180605.jar:/home/user/.m2/repository/log4j/log4j/1.2.17/log4j-1.2.17.jar:/home/user/.m2/repository/org/slf4j/slf4j-api/1.7.25/slf4j-api-1.7.25.jar:/home/user/.m2/repository/org/slf4j/jul-to-slf4j/1.7.25/jul-to-slf4j-1.7.25.jar:/home/user/.m2/repository/org/eclipse/jetty/jetty-util/9.3.24.v20180605/jetty-util-9.3.24.v20180605.jar:/home/user/.m2/repository/com/fasterxml/jackson/core/jackson-databind/2.9.5/jackson-databind-2.9.5.jar:/home/user/.m2/repository/org/apache/hadoop/hadoop-kms/3.2.0/hadoop-kms-3.2.0-tests.jar:/home/user/.m2/repository/org/apache/hadoop/hadoop-hdds-server-scm/0.5.0-SNAPSHOT/hadoop-hdds-server-scm-0.5.0-SNAPSHOT-tests.jar:/home/user/.m2/repository/org/apache/hadoop/hadoop-hdds-container-service/0.5.0-SNAPSHOT/hadoop-hdds-container-service-0.5.0-SNAPSHOT-tests.jar:/home/user/.m2/repository/org/yaml/snakeyaml/1.16/snakeyaml-1.16.jar:/home/user/.m2/repository/org/apache/hadoop/hadoop-common/3.2.0/hadoop-common-3.2.0-tests.jar:/home/user/.m2/repository/org/apache/hadoop/hadoop-annotations/3.2.0/hadoop-annotations-3.2.0.jar:/usr/lib/jvm/java-1.8-openjdk/jre/../lib/tools.jar:/home/user/.m2/repository/commons-cli/commons-cli/1.2/commons-cli-1.2.jar:/home/user/.m2/repository/org/apache/httpcomponents/httpclient/4.5.2/httpclient-4.5.2.jar:/home/user/.m2/repository/org/apache/httpcomponents/httpcore/4.4.4/httpcore-4.4.4.jar:/home/user/.m2/repository/commons-codec/commons-codec/1.11/commons-codec-1.11.jar:/home/user/.m2/repository/commons-net/commons-net/3.6/commons-net-3.6.jar:/home/user/.m2/repository/commons-collections/commons-collections/3.2.2/commons-collections-3.2.2.jar:/home/user/.m2/repository/org/eclipse/jetty/jetty-servlet/9.3.24.v20180605/jetty-servlet-9.3.24.v20180605.jar:/home/user/.m2/repository/org/eclipse/jetty/jetty-security/9.3.24.v20180605/jetty-security-9.3.24.v20180605.jar:/home/user/.m2/repository/javax/servlet/jsp/jsp-api/2.1/jsp-api-2.1.jar:/home/user/.m2/repository/com/sun/jersey/jersey-servlet/1.19/jersey-servlet-1.19.jar:/home/user/.m2/repository/com/sun/jersey/jersey-json/1.19/jersey-json-1.19.jar:/home/user/.m2/repository/org/codehaus/jettison/jettison/1.1/jettison-1.1.jar:/home/user/.m2/repository/org/codehaus/jackson/jackson-core-asl/1.9.13/jackson-core-asl-1.9.13.jar:/home/user/.m2/repository/org/codehaus/jackson/jackson-mapper-asl/1.9.13/jackson-mapper-asl-1.9.13.jar:/home/user/.m2/repository/org/codehaus/jackson/jackson-jaxrs/1.9.13/jackson-jaxrs-1.9.13.jar:/home/user/.m2/repository/org/codehaus/jackson/jackson-xc/1.9.13/jackson-xc-1.9.13.jar:/home/user/.m2/repository/commons-logging/commons-logging/1.1.3/commons-logging-1.1.3.jar:/home/user/.m2/repository/commons-beanutils/commons-beanutils/1.9.3/commons-beanutils-1.9.3.jar:/home/user/.m2/repository/org/apache/commons/commons-configuration2/2.1.1/commons-configuration2-2.1.1.jar:/home/user/.m2/repository/org/apache/commons/commons-lang3/3.7/commons-lang3-3.7.jar:/home/user/.m2/repository/org/apache/commons/commons-text/1.4/commons-text-1.4.jar:/home/user/.m2/repository/org/apache/avro/avro/1.7.7/avro-1.7.7.jar:/home/user/.m2/repository/com/thoughtworks/paranamer/paranamer/2.3/paranamer-2.3.jar:/home/user/.m2/repository/org/xerial/snappy/snappy-java/1.0.5/snappy-java-1.0.5.jar:/home/user/.m2/repository/com/google/re2j/re2j/1.1/re2j-1.1.jar:/home/user/.m2/repository/com/google/code/gson/gson/2.2.4/gson-2.2.4.jar:/home/user/.m2/repository/com/jcraft/jsch/0.1.54/jsch-0.1.54.jar:/home/user/.m2/repository/org/apache/curator/curator-client/2.12.0/curator-client-2.12.0.jar:/home/user/.m2/repository/org/apache/curator/curator-recipes/2.12.0/curator-recipes-2.12.0.jar:/home/user/.m2/repository/com/google/code/findbugs/jsr305/3.0.0/jsr305-3.0.0.jar:/home/user/.m2/repository/org/apache/htrace/htrace-core4/4.1.0-incubating/htrace-core4-4.1.0-incubating.jar:/home/user/.m2/repository/org/apache/zookeeper/zookeeper/3.4.13/zookeeper-3.4.13.jar:/home/user/.m2/repository/org/apache/yetus/audience-annotations/0.5.0/audience-annotations-0.5.0.jar:/home/user/.m2/repository/org/codehaus/woodstox/stax2-api/3.1.4/stax2-api-3.1.4.jar:/home/user/.m2/repository/com/fasterxml/woodstox/woodstox-core/5.0.3/woodstox-core-5.0.3.jar:/home/user/.m2/repository/dnsjava/dnsjava/2.1.7/dnsjava-2.1.7.jar:/home/user/.m2/repository/org/apache/hadoop/hadoop-hdfs/3.2.0/hadoop-hdfs-3.2.0-tests.jar:/home/user/.m2/repository/org/eclipse/jetty/jetty-util-ajax/9.3.24.v20180605/jetty-util-ajax-9.3.24.v20180605.jar:/home/user/.m2/repository/commons-daemon/commons-daemon/1.0.13/commons-daemon-1.0.13.jar:/home/user/.m2/repository/io/netty/netty/3.10.5.Final/netty-3.10.5.Final.jar:/home/user/.m2/repository/io/netty/netty-all/4.0.52.Final/netty-all-4.0.52.Final.jar:/home/user/.m2/repository/org/fusesource/leveldbjni/leveldbjni-all/1.8/leveldbjni-all-1.8.jar:"/>
    <property name="sun.cpu.endian" value="little"/>
    <property name="user.home" value="/home/user"/>
    <property name="user.language" value="en"/>
    <property name="java.specification.vendor" value="Oracle Corporation"/>
    <property name="java.home" value="/usr/lib/jvm/java-1.8-openjdk/jre"/>
    <property name="java.security.krb5.conf" value="/workdir/hadoop-ozone/integration-test/target/test-classes/krb5.conf"/>
    <property name="basedir" value="/workdir/hadoop-ozone/integration-test"/>
    <property name="file.separator" value="/"/>
    <property name="line.separator" value="&#10;"/>
    <property name="java.vm.specification.vendor" value="Oracle Corporation"/>
    <property name="java.specification.name" value="Java Platform API Specification"/>
    <property name="java.awt.graphicsenv" value="sun.awt.X11GraphicsEnvironment"/>
    <property name="surefire.real.class.path" value="/workdir/hadoop-ozone/integration-test/target/surefire/surefirebooter3563403641232251334.jar"/>
    <property name="hadoop.log.dir" value="/workdir/hadoop-ozone/integration-test/target/log"/>
    <property name="sun.boot.class.path" value="/usr/lib/jvm/java-1.8-openjdk/jre/lib/resources.jar:/usr/lib/jvm/java-1.8-openjdk/jre/lib/rt.jar:/usr/lib/jvm/java-1.8-openjdk/jre/lib/sunrsasign.jar:/usr/lib/jvm/java-1.8-openjdk/jre/lib/jsse.jar:/usr/lib/jvm/java-1.8-openjdk/jre/lib/jce.jar:/usr/lib/jvm/java-1.8-openjdk/jre/lib/charsets.jar:/usr/lib/jvm/java-1.8-openjdk/jre/lib/jfr.jar:/usr/lib/jvm/java-1.8-openjdk/jre/classes"/>
    <property name="sun.management.compiler" value="HotSpot 64-Bit Tiered Compilers"/>
    <property name="java.runtime.version" value="1.8.0_212-b04"/>
    <property name="java.net.preferIPv4Stack" value="true"/>
    <property name="user.name" value="jenkins1000"/>
    <property name="path.separator" value=":"/>
    <property name="java.security.egd" value="file:///dev/urandom"/>
    <property name="os.version" value="3.10.0-957.12.2.el7.x86_64"/>
    <property name="java.endorsed.dirs" value="/usr/lib/jvm/java-1.8-openjdk/jre/lib/endorsed"/>
    <property name="java.runtime.name" value="OpenJDK Runtime Environment"/>
    <property name="file.encoding" value="UTF-8"/>
    <property name="java.vm.name" value="OpenJDK 64-Bit Server VM"/>
    <property name="test.build.webapps" value=""/>
    <property name="localRepository" value="/home/user/.m2/repository"/>
    <property name="java.vendor.url.bug" value="https://icedtea.classpath.org/bugzilla"/>
    <property name="java.io.tmpdir" value="/tmp"/>
    <property name="require.test.libhadoop" value=""/>
    <property name="java.version" value="1.8.0_212"/>
    <property name="user.dir" value="/workdir/hadoop-ozone/integration-test"/>
    <property name="os.arch" value="amd64"/>
    <property name="java.vm.specification.name" value="Java Virtual Machine Specification"/>
    <property name="test.build.classes" value="/workdir/hadoop-ozone/integration-test/target/test-classes"/>
    <property name="java.awt.printerjob" value="sun.print.PSPrinterJob"/>
    <property name="sun.os.patch.level" value="unknown"/>
    <property name="hadoop.tmp.dir" value="/workdir/hadoop-ozone/integration-test/target/tmp"/>
    <property name="java.library.path" value="/usr/lib/jvm/java-1.8-openjdk/jre/lib/amd64/server:/usr/lib/jvm/java-1.8-openjdk/jre/lib/amd64:/usr/lib/jvm/java-1.8-openjdk/jre/../lib/amd64:/workdir/hadoop-ozone/integration-test/target/native/target/usr/local/lib:/workdir/hadoop-ozone/integration-test/../../hadoop-common-project/hadoop-common/target/native/target/usr/local/lib:/usr/java/packages/lib/amd64:/usr/lib64:/lib64:/lib:/usr/lib"/>
    <property name="java.vm.info" value="mixed mode"/>
    <property name="java.vendor" value="IcedTea"/>
    <property name="java.vm.version" value="25.212-b04"/>
    <property name="java.ext.dirs" value="/usr/lib/jvm/java-1.8-openjdk/jre/lib/ext:/usr/java/packages/lib/ext"/>
    <property name="sun.io.unicode.encoding" value="UnicodeLittle"/>
    <property name="java.class.version" value="52.0"/>
  </properties>
  <testcase name="testFlushChunk" classname="org.apache.hadoop.ozone.client.rpc.TestBlockOutputStream" time="5.365"/>
  <testcase name="testMultiChunkWrite2" classname="org.apache.hadoop.ozone.client.rpc.TestBlockOutputStream" time="0.509"/>
  <testcase name="testMultiChunkWrite" classname="org.apache.hadoop.ozone.client.rpc.TestBlockOutputStream" time="187.621">
    <failure message="expected:&lt;7&gt; but was:&lt;9&gt;" type="java.lang.AssertionError"><![CDATA[java.lang.AssertionError: expected:<7> but was:<9>
	at org.junit.Assert.fail(Assert.java:88)
	at org.junit.Assert.failNotEquals(Assert.java:743)
	at org.junit.Assert.assertEquals(Assert.java:118)
	at org.junit.Assert.assertEquals(Assert.java:555)
	at org.junit.Assert.assertEquals(Assert.java:542)
	at org.apache.hadoop.ozone.client.rpc.TestBlockOutputStream.testMultiChunkWrite(TestBlockOutputStream.java:364)
	at sun.reflect.NativeMethodAccessorImpl.invoke0(Native Method)
	at sun.reflect.NativeMethodAccessorImpl.invoke(NativeMethodAccessorImpl.java:62)
	at sun.reflect.DelegatingMethodAccessorImpl.invoke(DelegatingMethodAccessorImpl.java:43)
	at java.lang.reflect.Method.invoke(Method.java:498)
	at org.junit.runners.model.FrameworkMethod$1.runReflectiveCall(FrameworkMethod.java:47)
	at org.junit.internal.runners.model.ReflectiveCallable.run(ReflectiveCallable.java:12)
	at org.junit.runners.model.FrameworkMethod.invokeExplosively(FrameworkMethod.java:44)
	at org.junit.internal.runners.statements.InvokeMethod.evaluate(InvokeMethod.java:17)
	at org.junit.runners.ParentRunner.runLeaf(ParentRunner.java:271)
	at org.junit.runners.BlockJUnit4ClassRunner.runChild(BlockJUnit4ClassRunner.java:70)
	at org.junit.runners.BlockJUnit4ClassRunner.runChild(BlockJUnit4ClassRunner.java:50)
	at org.junit.runners.ParentRunner$3.run(ParentRunner.java:238)
	at org.junit.runners.ParentRunner$1.schedule(ParentRunner.java:63)
	at org.junit.runners.ParentRunner.runChildren(ParentRunner.java:236)
	at org.junit.runners.ParentRunner.access$000(ParentRunner.java:53)
	at org.junit.runners.ParentRunner$2.evaluate(ParentRunner.java:229)
	at org.junit.internal.runners.statements.RunBefores.evaluate(RunBefores.java:26)
	at org.junit.internal.runners.statements.RunAfters.evaluate(RunAfters.java:27)
	at org.junit.runners.ParentRunner.run(ParentRunner.java:309)
	at org.apache.maven.surefire.junit4.JUnit4Provider.execute(JUnit4Provider.java:365)
	at org.apache.maven.surefire.junit4.JUnit4Provider.executeWithRerun(JUnit4Provider.java:273)
	at org.apache.maven.surefire.junit4.JUnit4Provider.executeTestSet(JUnit4Provider.java:238)
	at org.apache.maven.surefire.junit4.JUnit4Provider.invoke(JUnit4Provider.java:159)
	at org.apache.maven.surefire.booter.ForkedBooter.invokeProviderInSameClassLoader(ForkedBooter.java:384)
	at org.apache.maven.surefire.booter.ForkedBooter.runSuitesInProcess(ForkedBooter.java:345)
	at org.apache.maven.surefire.booter.ForkedBooter.execute(ForkedBooter.java:126)
	at org.apache.maven.surefire.booter.ForkedBooter.main(ForkedBooter.java:418)
]]></failure>
    <system-out><![CDATA[2019-09-12 13:07:30,352 [java.util.concurrent.ThreadPoolExecutor$Worker@53f50db5[State = -1, empty queue]] WARN  server.GrpcLogAppender (GrpcLogAppender.java:timeoutAppendRequest(200)) - 5d275853-b846-4f86-bc5b-0ba421435051@group-203775717D2F->bd0b0c89-cb45-482d-bed2-ad92fc2d5050-GrpcLogAppender: appendEntries Timeout, request=5d275853-b846-4f86-bc5b-0ba421435051->bd0b0c89-cb45-482d-bed2-ad92fc2d5050#12-t1, previous=(t:1, i:10), leaderCommit=10, initializing? false, entries: size=1, first=(t:1, i:11), STATEMACHINELOGENTRY, client-8389729FF037, cid=21
2019-09-12 13:07:30,352 [java.util.concurrent.ThreadPoolExecutor$Worker@6d2694e9[State = -1, empty queue]] WARN  server.GrpcLogAppender (GrpcLogAppender.java:timeoutAppendRequest(200)) - 5d275853-b846-4f86-bc5b-0ba421435051@group-203775717D2F->e2c05a36-c8a2-43f6-9f8f-11b9e2d7f4b8-GrpcLogAppender: appendEntries Timeout, request=5d275853-b846-4f86-bc5b-0ba421435051->e2c05a36-c8a2-43f6-9f8f-11b9e2d7f4b8#12-t1, previous=(t:1, i:10), leaderCommit=10, initializing? false, entries: size=1, first=(t:1, i:11), STATEMACHINELOGENTRY, client-8389729FF037, cid=21
2019-09-12 13:07:30,355 [java.util.concurrent.ThreadPoolExecutor$Worker@53f50db5[State = -1, empty queue]] WARN  server.GrpcLogAppender (GrpcLogAppender.java:timeoutAppendRequest(200)) - 5d275853-b846-4f86-bc5b-0ba421435051@group-203775717D2F->bd0b0c89-cb45-482d-bed2-ad92fc2d5050-GrpcLogAppender: appendEntries Timeout, request=5d275853-b846-4f86-bc5b-0ba421435051->bd0b0c89-cb45-482d-bed2-ad92fc2d5050#13-t1, previous=(t:1, i:11), leaderCommit=10, initializing? false, entries: size=1, first=(t:1, i:12), STATEMACHINELOGENTRY, client-8389729FF037, cid=22
2019-09-12 13:07:30,357 [java.util.concurrent.ThreadPoolExecutor$Worker@6d2694e9[State = -1, empty queue]] WARN  server.GrpcLogAppender (GrpcLogAppender.java:timeoutAppendRequest(200)) - 5d275853-b846-4f86-bc5b-0ba421435051@group-203775717D2F->e2c05a36-c8a2-43f6-9f8f-11b9e2d7f4b8-GrpcLogAppender: appendEntries Timeout, request=5d275853-b846-4f86-bc5b-0ba421435051->e2c05a36-c8a2-43f6-9f8f-11b9e2d7f4b8#13-t1, previous=(t:1, i:11), leaderCommit=10, initializing? false, entries: size=1, first=(t:1, i:12), STATEMACHINELOGENTRY, client-8389729FF037, cid=22
2019-09-12 13:07:30,360 [java.util.concurrent.ThreadPoolExecutor$Worker@53f50db5[State = -1, empty queue]] WARN  server.GrpcLogAppender (GrpcLogAppender.java:timeoutAppendRequest(200)) - 5d275853-b846-4f86-bc5b-0ba421435051@group-203775717D2F->bd0b0c89-cb45-482d-bed2-ad92fc2d5050-GrpcLogAppender: appendEntries Timeout, request=5d275853-b846-4f86-bc5b-0ba421435051->bd0b0c89-cb45-482d-bed2-ad92fc2d5050#14-t1, previous=(t:1, i:12), leaderCommit=10, initializing? false, entries: size=1, first=(t:1, i:13), STATEMACHINELOGENTRY, client-8389729FF037, cid=23
2019-09-12 13:07:30,362 [java.util.concurrent.ThreadPoolExecutor$Worker@6d2694e9[State = -1, empty queue]] WARN  server.GrpcLogAppender (GrpcLogAppender.java:timeoutAppendRequest(200)) - 5d275853-b846-4f86-bc5b-0ba421435051@group-203775717D2F->e2c05a36-c8a2-43f6-9f8f-11b9e2d7f4b8-GrpcLogAppender: appendEntries Timeout, request=5d275853-b846-4f86-bc5b-0ba421435051->e2c05a36-c8a2-43f6-9f8f-11b9e2d7f4b8#14-t1, previous=(t:1, i:12), leaderCommit=10, initializing? false, entries: size=1, first=(t:1, i:13), STATEMACHINELOGENTRY, client-8389729FF037, cid=23
2019-09-12 13:07:32,437 [grpc-default-executor-1] INFO  client.GrpcClientProtocolClient (GrpcClientProtocolClient.java:onNext(264)) - client-8389729FF037->bd0b0c89-cb45-482d-bed2-ad92fc2d5050: receive RaftClientReply:client-8389729FF037->bd0b0c89-cb45-482d-bed2-ad92fc2d5050@group-203775717D2F, cid=21, FAILED org.apache.ratis.protocol.NotLeaderException: Server bd0b0c89-cb45-482d-bed2-ad92fc2d5050@group-203775717D2F is not the leader 5d275853-b846-4f86-bc5b-0ba421435051:192.168.34.38:43235, logIndex=0, commits[bd0b0c89-cb45-482d-bed2-ad92fc2d5050:c10, 5d275853-b846-4f86-bc5b-0ba421435051:c10, e2c05a36-c8a2-43f6-9f8f-11b9e2d7f4b8:c6]
2019-09-12 13:07:32,854 [java.util.concurrent.ThreadPoolExecutor$Worker@6d2694e9[State = -1, empty queue]] WARN  server.GrpcLogAppender (GrpcLogAppender.java:timeoutAppendRequest(200)) - 5d275853-b846-4f86-bc5b-0ba421435051@group-203775717D2F->e2c05a36-c8a2-43f6-9f8f-11b9e2d7f4b8-GrpcLogAppender: appendEntries Timeout, request=5d275853-b846-4f86-bc5b-0ba421435051->e2c05a36-c8a2-43f6-9f8f-11b9e2d7f4b8#15-t1, previous=(t:1, i:13), leaderCommit=10, initializing? false, entries: <empty>
2019-09-12 13:07:32,856 [java.util.concurrent.ThreadPoolExecutor$Worker@53f50db5[State = -1, empty queue]] WARN  server.GrpcLogAppender (GrpcLogAppender.java:timeoutAppendRequest(200)) - 5d275853-b846-4f86-bc5b-0ba421435051@group-203775717D2F->bd0b0c89-cb45-482d-bed2-ad92fc2d5050-GrpcLogAppender: appendEntries Timeout, request=5d275853-b846-4f86-bc5b-0ba421435051->bd0b0c89-cb45-482d-bed2-ad92fc2d5050#15-t1, previous=(t:1, i:13), leaderCommit=10, initializing? false, entries: <empty>
2019-09-12 13:07:35,354 [java.util.concurrent.ThreadPoolExecutor$Worker@53f50db5[State = -1, empty queue]] WARN  server.GrpcLogAppender (GrpcLogAppender.java:timeoutAppendRequest(200)) - 5d275853-b846-4f86-bc5b-0ba421435051@group-203775717D2F->bd0b0c89-cb45-482d-bed2-ad92fc2d5050-GrpcLogAppender: appendEntries Timeout, request=5d275853-b846-4f86-bc5b-0ba421435051->bd0b0c89-cb45-482d-bed2-ad92fc2d5050#16-t1, previous=(t:1, i:13), leaderCommit=10, initializing? false, entries: <empty>
2019-09-12 13:07:35,355 [java.util.concurrent.ThreadPoolExecutor$Worker@6d2694e9[State = -1, empty queue]] WARN  server.GrpcLogAppender (GrpcLogAppender.java:timeoutAppendRequest(200)) - 5d275853-b846-4f86-bc5b-0ba421435051@group-203775717D2F->e2c05a36-c8a2-43f6-9f8f-11b9e2d7f4b8-GrpcLogAppender: appendEntries Timeout, request=5d275853-b846-4f86-bc5b-0ba421435051->e2c05a36-c8a2-43f6-9f8f-11b9e2d7f4b8#16-t1, previous=(t:1, i:13), leaderCommit=10, initializing? false, entries: <empty>
2019-09-12 13:07:37,358 [bd0b0c89-cb45-482d-bed2-ad92fc2d5050@group-203775717D2F-SegmentedRaftLogWorker] WARN  segmented.SegmentedRaftLogWorker (SegmentedRaftLogWorker.java:getFromFuture(90)) - Timeout 0/~
org.apache.ratis.protocol.TimeoutIOException: Timeout 10s: WriteLog:11: (t:1, i:11), STATEMACHINELOGENTRY, client-8389729FF037, cid=21-writeStateMachineData
	at org.apache.ratis.util.IOUtils.getFromFuture(IOUtils.java:87)
	at org.apache.ratis.server.raftlog.segmented.SegmentedRaftLogWorker$StateMachineDataPolicy.getFromFuture(SegmentedRaftLogWorker.java:87)
	at org.apache.ratis.server.raftlog.segmented.SegmentedRaftLogWorker$WriteLog.execute(SegmentedRaftLogWorker.java:477)
	at org.apache.ratis.server.raftlog.segmented.SegmentedRaftLogWorker.run(SegmentedRaftLogWorker.java:289)
	at java.lang.Thread.run(Thread.java:748)
Caused by: java.util.concurrent.TimeoutException
	at java.util.concurrent.CompletableFuture.timedGet(CompletableFuture.java:1771)
	at java.util.concurrent.CompletableFuture.get(CompletableFuture.java:1915)
	at org.apache.ratis.util.IOUtils.getFromFuture(IOUtils.java:79)
	... 4 more
2019-09-12 13:07:37,496 [grpc-default-executor-3] INFO  client.GrpcClientProtocolClient (GrpcClientProtocolClient.java:onNext(264)) - client-8389729FF037->e2c05a36-c8a2-43f6-9f8f-11b9e2d7f4b8: receive RaftClientReply:client-8389729FF037->e2c05a36-c8a2-43f6-9f8f-11b9e2d7f4b8@group-203775717D2F, cid=21, FAILED org.apache.ratis.protocol.NotLeaderException: Server e2c05a36-c8a2-43f6-9f8f-11b9e2d7f4b8@group-203775717D2F is not the leader 5d275853-b846-4f86-bc5b-0ba421435051:192.168.34.38:43235, logIndex=0, commits[e2c05a36-c8a2-43f6-9f8f-11b9e2d7f4b8:c10, 5d275853-b846-4f86-bc5b-0ba421435051:c10, bd0b0c89-cb45-482d-bed2-ad92fc2d5050:c6]
2019-09-12 13:07:37,506 [e2c05a36-c8a2-43f6-9f8f-11b9e2d7f4b8@group-203775717D2F-SegmentedRaftLogWorker] WARN  segmented.SegmentedRaftLogWorker (SegmentedRaftLogWorker.java:getFromFuture(90)) - Timeout 0/~
org.apache.ratis.protocol.TimeoutIOException: Timeout 10s: WriteLog:12: (t:1, i:12), STATEMACHINELOGENTRY, client-8389729FF037, cid=22-writeStateMachineData
	at org.apache.ratis.util.IOUtils.getFromFuture(IOUtils.java:87)
	at org.apache.ratis.server.raftlog.segmented.SegmentedRaftLogWorker$StateMachineDataPolicy.getFromFuture(SegmentedRaftLogWorker.java:87)
	at org.apache.ratis.server.raftlog.segmented.SegmentedRaftLogWorker$WriteLog.execute(SegmentedRaftLogWorker.java:477)
	at org.apache.ratis.server.raftlog.segmented.SegmentedRaftLogWorker.run(SegmentedRaftLogWorker.java:289)
	at java.lang.Thread.run(Thread.java:748)
Caused by: java.util.concurrent.TimeoutException
	at java.util.concurrent.CompletableFuture.timedGet(CompletableFuture.java:1771)
	at java.util.concurrent.CompletableFuture.get(CompletableFuture.java:1915)
	at org.apache.ratis.util.IOUtils.getFromFuture(IOUtils.java:79)
	... 4 more
2019-09-12 13:07:37,513 [5d275853-b846-4f86-bc5b-0ba421435051@group-203775717D2F-SegmentedRaftLogWorker] WARN  segmented.SegmentedRaftLogWorker (SegmentedRaftLogWorker.java:getFromFuture(90)) - Timeout 0/~
org.apache.ratis.protocol.TimeoutIOException: Timeout 10s: WriteLog:12: (t:1, i:12), STATEMACHINELOGENTRY, client-8389729FF037, cid=22-writeStateMachineData
	at org.apache.ratis.util.IOUtils.getFromFuture(IOUtils.java:87)
	at org.apache.ratis.server.raftlog.segmented.SegmentedRaftLogWorker$StateMachineDataPolicy.getFromFuture(SegmentedRaftLogWorker.java:87)
	at org.apache.ratis.server.raftlog.segmented.SegmentedRaftLogWorker$WriteLog.execute(SegmentedRaftLogWorker.java:477)
	at org.apache.ratis.server.raftlog.segmented.SegmentedRaftLogWorker.run(SegmentedRaftLogWorker.java:289)
	at java.lang.Thread.run(Thread.java:748)
Caused by: java.util.concurrent.TimeoutException
	at java.util.concurrent.CompletableFuture.timedGet(CompletableFuture.java:1771)
	at java.util.concurrent.CompletableFuture.get(CompletableFuture.java:1915)
	at org.apache.ratis.util.IOUtils.getFromFuture(IOUtils.java:79)
	... 4 more
2019-09-12 13:07:37,857 [java.util.concurrent.ThreadPoolExecutor$Worker@6d2694e9[State = -1, empty queue]] WARN  server.GrpcLogAppender (GrpcLogAppender.java:timeoutAppendRequest(200)) - 5d275853-b846-4f86-bc5b-0ba421435051@group-203775717D2F->e2c05a36-c8a2-43f6-9f8f-11b9e2d7f4b8-GrpcLogAppender: appendEntries Timeout, request=5d275853-b846-4f86-bc5b-0ba421435051->e2c05a36-c8a2-43f6-9f8f-11b9e2d7f4b8#17-t1, previous=(t:1, i:13), leaderCommit=10, initializing? false, entries: <empty>
2019-09-12 13:07:37,857 [java.util.concurrent.ThreadPoolExecutor$Worker@53f50db5[State = -1, empty queue]] WARN  server.GrpcLogAppender (GrpcLogAppender.java:timeoutAppendRequest(200)) - 5d275853-b846-4f86-bc5b-0ba421435051@group-203775717D2F->bd0b0c89-cb45-482d-bed2-ad92fc2d5050-GrpcLogAppender: appendEntries Timeout, request=5d275853-b846-4f86-bc5b-0ba421435051->bd0b0c89-cb45-482d-bed2-ad92fc2d5050#17-t1, previous=(t:1, i:13), leaderCommit=10, initializing? false, entries: <empty>
2019-09-12 13:07:40,359 [java.util.concurrent.ThreadPoolExecutor$Worker@53f50db5[State = -1, empty queue]] WARN  server.GrpcLogAppender (GrpcLogAppender.java:timeoutAppendRequest(200)) - 5d275853-b846-4f86-bc5b-0ba421435051@group-203775717D2F->bd0b0c89-cb45-482d-bed2-ad92fc2d5050-GrpcLogAppender: appendEntries Timeout, request=5d275853-b846-4f86-bc5b-0ba421435051->bd0b0c89-cb45-482d-bed2-ad92fc2d5050#18-t1, previous=(t:1, i:13), leaderCommit=10, initializing? false, entries: <empty>
2019-09-12 13:07:40,359 [java.util.concurrent.ThreadPoolExecutor$Worker@6d2694e9[State = -1, empty queue]] WARN  server.GrpcLogAppender (GrpcLogAppender.java:timeoutAppendRequest(200)) - 5d275853-b846-4f86-bc5b-0ba421435051@group-203775717D2F->e2c05a36-c8a2-43f6-9f8f-11b9e2d7f4b8-GrpcLogAppender: appendEntries Timeout, request=5d275853-b846-4f86-bc5b-0ba421435051->e2c05a36-c8a2-43f6-9f8f-11b9e2d7f4b8#18-t1, previous=(t:1, i:13), leaderCommit=10, initializing? false, entries: <empty>
2019-09-12 13:07:42,558 [grpc-default-executor-3] INFO  client.GrpcClientProtocolClient (GrpcClientProtocolClient.java:onNext(264)) - client-8389729FF037->bd0b0c89-cb45-482d-bed2-ad92fc2d5050: receive RaftClientReply:client-8389729FF037->bd0b0c89-cb45-482d-bed2-ad92fc2d5050@group-203775717D2F, cid=21, FAILED org.apache.ratis.protocol.NotLeaderException: Server bd0b0c89-cb45-482d-bed2-ad92fc2d5050@group-203775717D2F is not the leader 5d275853-b846-4f86-bc5b-0ba421435051:192.168.34.38:43235, logIndex=0, commits[bd0b0c89-cb45-482d-bed2-ad92fc2d5050:c10, 5d275853-b846-4f86-bc5b-0ba421435051:c10, e2c05a36-c8a2-43f6-9f8f-11b9e2d7f4b8:c6]
2019-09-12 13:07:42,860 [java.util.concurrent.ThreadPoolExecutor$Worker@6d2694e9[State = -1, empty queue]] WARN  server.GrpcLogAppender (GrpcLogAppender.java:timeoutAppendRequest(200)) - 5d275853-b846-4f86-bc5b-0ba421435051@group-203775717D2F->e2c05a36-c8a2-43f6-9f8f-11b9e2d7f4b8-GrpcLogAppender: appendEntries Timeout, request=5d275853-b846-4f86-bc5b-0ba421435051->e2c05a36-c8a2-43f6-9f8f-11b9e2d7f4b8#19-t1, previous=(t:1, i:13), leaderCommit=10, initializing? false, entries: <empty>
2019-09-12 13:07:42,860 [java.util.concurrent.ThreadPoolExecutor$Worker@53f50db5[State = -1, empty queue]] WARN  server.GrpcLogAppender (GrpcLogAppender.java:timeoutAppendRequest(200)) - 5d275853-b846-4f86-bc5b-0ba421435051@group-203775717D2F->bd0b0c89-cb45-482d-bed2-ad92fc2d5050-GrpcLogAppender: appendEntries Timeout, request=5d275853-b846-4f86-bc5b-0ba421435051->bd0b0c89-cb45-482d-bed2-ad92fc2d5050#19-t1, previous=(t:1, i:13), leaderCommit=10, initializing? false, entries: <empty>
2019-09-12 13:07:45,360 [java.util.concurrent.ThreadPoolExecutor$Worker@6d2694e9[State = -1, empty queue]] WARN  server.GrpcLogAppender (GrpcLogAppender.java:timeoutAppendRequest(200)) - 5d275853-b846-4f86-bc5b-0ba421435051@group-203775717D2F->e2c05a36-c8a2-43f6-9f8f-11b9e2d7f4b8-GrpcLogAppender: appendEntries Timeout, request=5d275853-b846-4f86-bc5b-0ba421435051->e2c05a36-c8a2-43f6-9f8f-11b9e2d7f4b8#20-t1, previous=(t:1, i:13), leaderCommit=10, initializing? false, entries: <empty>
2019-09-12 13:07:45,360 [java.util.concurrent.ThreadPoolExecutor$Worker@53f50db5[State = -1, empty queue]] WARN  server.GrpcLogAppender (GrpcLogAppender.java:timeoutAppendRequest(200)) - 5d275853-b846-4f86-bc5b-0ba421435051@group-203775717D2F->bd0b0c89-cb45-482d-bed2-ad92fc2d5050-GrpcLogAppender: appendEntries Timeout, request=5d275853-b846-4f86-bc5b-0ba421435051->bd0b0c89-cb45-482d-bed2-ad92fc2d5050#20-t1, previous=(t:1, i:13), leaderCommit=10, initializing? false, entries: <empty>
2019-09-12 13:07:47,363 [bd0b0c89-cb45-482d-bed2-ad92fc2d5050@group-203775717D2F-SegmentedRaftLogWorker] WARN  segmented.SegmentedRaftLogWorker (SegmentedRaftLogWorker.java:getFromFuture(90)) - Timeout 1/~
org.apache.ratis.protocol.TimeoutIOException: Timeout 10s: WriteLog:11: (t:1, i:11), STATEMACHINELOGENTRY, client-8389729FF037, cid=21-writeStateMachineData
	at org.apache.ratis.util.IOUtils.getFromFuture(IOUtils.java:87)
	at org.apache.ratis.server.raftlog.segmented.SegmentedRaftLogWorker$StateMachineDataPolicy.getFromFuture(SegmentedRaftLogWorker.java:87)
	at org.apache.ratis.server.raftlog.segmented.SegmentedRaftLogWorker$WriteLog.execute(SegmentedRaftLogWorker.java:477)
	at org.apache.ratis.server.raftlog.segmented.SegmentedRaftLogWorker.run(SegmentedRaftLogWorker.java:289)
	at java.lang.Thread.run(Thread.java:748)
Caused by: java.util.concurrent.TimeoutException
	at java.util.concurrent.CompletableFuture.timedGet(CompletableFuture.java:1771)
	at java.util.concurrent.CompletableFuture.get(CompletableFuture.java:1915)
	at org.apache.ratis.util.IOUtils.getFromFuture(IOUtils.java:79)
	... 4 more
2019-09-12 13:07:47,507 [e2c05a36-c8a2-43f6-9f8f-11b9e2d7f4b8@group-203775717D2F-SegmentedRaftLogWorker] WARN  segmented.SegmentedRaftLogWorker (SegmentedRaftLogWorker.java:getFromFuture(90)) - Timeout 1/~
org.apache.ratis.protocol.TimeoutIOException: Timeout 10s: WriteLog:12: (t:1, i:12), STATEMACHINELOGENTRY, client-8389729FF037, cid=22-writeStateMachineData
	at org.apache.ratis.util.IOUtils.getFromFuture(IOUtils.java:87)
	at org.apache.ratis.server.raftlog.segmented.SegmentedRaftLogWorker$StateMachineDataPolicy.getFromFuture(SegmentedRaftLogWorker.java:87)
	at org.apache.ratis.server.raftlog.segmented.SegmentedRaftLogWorker$WriteLog.execute(SegmentedRaftLogWorker.java:477)
	at org.apache.ratis.server.raftlog.segmented.SegmentedRaftLogWorker.run(SegmentedRaftLogWorker.java:289)
	at java.lang.Thread.run(Thread.java:748)
Caused by: java.util.concurrent.TimeoutException
	at java.util.concurrent.CompletableFuture.timedGet(CompletableFuture.java:1771)
	at java.util.concurrent.CompletableFuture.get(CompletableFuture.java:1915)
	at org.apache.ratis.util.IOUtils.getFromFuture(IOUtils.java:79)
	... 4 more
2019-09-12 13:07:47,516 [5d275853-b846-4f86-bc5b-0ba421435051@group-203775717D2F-SegmentedRaftLogWorker] WARN  segmented.SegmentedRaftLogWorker (SegmentedRaftLogWorker.java:getFromFuture(90)) - Timeout 1/~
org.apache.ratis.protocol.TimeoutIOException: Timeout 10s: WriteLog:12: (t:1, i:12), STATEMACHINELOGENTRY, client-8389729FF037, cid=22-writeStateMachineData
	at org.apache.ratis.util.IOUtils.getFromFuture(IOUtils.java:87)
	at org.apache.ratis.server.raftlog.segmented.SegmentedRaftLogWorker$StateMachineDataPolicy.getFromFuture(SegmentedRaftLogWorker.java:87)
	at org.apache.ratis.server.raftlog.segmented.SegmentedRaftLogWorker$WriteLog.execute(SegmentedRaftLogWorker.java:477)
	at org.apache.ratis.server.raftlog.segmented.SegmentedRaftLogWorker.run(SegmentedRaftLogWorker.java:289)
	at java.lang.Thread.run(Thread.java:748)
Caused by: java.util.concurrent.TimeoutException
	at java.util.concurrent.CompletableFuture.timedGet(CompletableFuture.java:1771)
	at java.util.concurrent.CompletableFuture.get(CompletableFuture.java:1915)
	at org.apache.ratis.util.IOUtils.getFromFuture(IOUtils.java:79)
	... 4 more
2019-09-12 13:07:47,615 [grpc-default-executor-3] INFO  client.GrpcClientProtocolClient (GrpcClientProtocolClient.java:onNext(264)) - client-8389729FF037->bd0b0c89-cb45-482d-bed2-ad92fc2d5050: receive RaftClientReply:client-8389729FF037->bd0b0c89-cb45-482d-bed2-ad92fc2d5050@group-203775717D2F, cid=21, FAILED org.apache.ratis.protocol.NotLeaderException: Server bd0b0c89-cb45-482d-bed2-ad92fc2d5050@group-203775717D2F is not the leader 5d275853-b846-4f86-bc5b-0ba421435051:192.168.34.38:43235, logIndex=0, commits[bd0b0c89-cb45-482d-bed2-ad92fc2d5050:c10, 5d275853-b846-4f86-bc5b-0ba421435051:c10, e2c05a36-c8a2-43f6-9f8f-11b9e2d7f4b8:c6]
2019-09-12 13:07:47,861 [java.util.concurrent.ThreadPoolExecutor$Worker@53f50db5[State = -1, empty queue]] WARN  server.GrpcLogAppender (GrpcLogAppender.java:timeoutAppendRequest(200)) - 5d275853-b846-4f86-bc5b-0ba421435051@group-203775717D2F->bd0b0c89-cb45-482d-bed2-ad92fc2d5050-GrpcLogAppender: appendEntries Timeout, request=5d275853-b846-4f86-bc5b-0ba421435051->bd0b0c89-cb45-482d-bed2-ad92fc2d5050#21-t1, previous=(t:1, i:13), leaderCommit=10, initializing? false, entries: <empty>
2019-09-12 13:07:47,861 [java.util.concurrent.ThreadPoolExecutor$Worker@6d2694e9[State = -1, empty queue]] WARN  server.GrpcLogAppender (GrpcLogAppender.java:timeoutAppendRequest(200)) - 5d275853-b846-4f86-bc5b-0ba421435051@group-203775717D2F->e2c05a36-c8a2-43f6-9f8f-11b9e2d7f4b8-GrpcLogAppender: appendEntries Timeout, request=5d275853-b846-4f86-bc5b-0ba421435051->e2c05a36-c8a2-43f6-9f8f-11b9e2d7f4b8#21-t1, previous=(t:1, i:13), leaderCommit=10, initializing? false, entries: <empty>
2019-09-12 13:07:50,362 [java.util.concurrent.ThreadPoolExecutor$Worker@6d2694e9[State = -1, empty queue]] WARN  server.GrpcLogAppender (GrpcLogAppender.java:timeoutAppendRequest(200)) - 5d275853-b846-4f86-bc5b-0ba421435051@group-203775717D2F->e2c05a36-c8a2-43f6-9f8f-11b9e2d7f4b8-GrpcLogAppender: appendEntries Timeout, request=5d275853-b846-4f86-bc5b-0ba421435051->e2c05a36-c8a2-43f6-9f8f-11b9e2d7f4b8#22-t1, previous=(t:1, i:13), leaderCommit=10, initializing? false, entries: <empty>
2019-09-12 13:07:50,362 [java.util.concurrent.ThreadPoolExecutor$Worker@53f50db5[State = -1, empty queue]] WARN  server.GrpcLogAppender (GrpcLogAppender.java:timeoutAppendRequest(200)) - 5d275853-b846-4f86-bc5b-0ba421435051@group-203775717D2F->bd0b0c89-cb45-482d-bed2-ad92fc2d5050-GrpcLogAppender: appendEntries Timeout, request=5d275853-b846-4f86-bc5b-0ba421435051->bd0b0c89-cb45-482d-bed2-ad92fc2d5050#22-t1, previous=(t:1, i:13), leaderCommit=10, initializing? false, entries: <empty>
2019-09-12 13:07:52,691 [grpc-default-executor-2] INFO  client.GrpcClientProtocolClient (GrpcClientProtocolClient.java:onNext(264)) - client-8389729FF037->bd0b0c89-cb45-482d-bed2-ad92fc2d5050: receive RaftClientReply:client-8389729FF037->bd0b0c89-cb45-482d-bed2-ad92fc2d5050@group-203775717D2F, cid=21, FAILED org.apache.ratis.protocol.NotLeaderException: Server bd0b0c89-cb45-482d-bed2-ad92fc2d5050@group-203775717D2F is not the leader 5d275853-b846-4f86-bc5b-0ba421435051:192.168.34.38:43235, logIndex=0, commits[bd0b0c89-cb45-482d-bed2-ad92fc2d5050:c10, 5d275853-b846-4f86-bc5b-0ba421435051:c10, e2c05a36-c8a2-43f6-9f8f-11b9e2d7f4b8:c6]
2019-09-12 13:07:52,864 [java.util.concurrent.ThreadPoolExecutor$Worker@53f50db5[State = -1, empty queue]] WARN  server.GrpcLogAppender (GrpcLogAppender.java:timeoutAppendRequest(200)) - 5d275853-b846-4f86-bc5b-0ba421435051@group-203775717D2F->bd0b0c89-cb45-482d-bed2-ad92fc2d5050-GrpcLogAppender: appendEntries Timeout, request=5d275853-b846-4f86-bc5b-0ba421435051->bd0b0c89-cb45-482d-bed2-ad92fc2d5050#23-t1, previous=(t:1, i:13), leaderCommit=10, initializing? false, entries: <empty>
2019-09-12 13:07:52,864 [java.util.concurrent.ThreadPoolExecutor$Worker@6d2694e9[State = -1, empty queue]] WARN  server.GrpcLogAppender (GrpcLogAppender.java:timeoutAppendRequest(200)) - 5d275853-b846-4f86-bc5b-0ba421435051@group-203775717D2F->e2c05a36-c8a2-43f6-9f8f-11b9e2d7f4b8-GrpcLogAppender: appendEntries Timeout, request=5d275853-b846-4f86-bc5b-0ba421435051->e2c05a36-c8a2-43f6-9f8f-11b9e2d7f4b8#23-t1, previous=(t:1, i:13), leaderCommit=10, initializing? false, entries: <empty>
2019-09-12 13:07:55,366 [java.util.concurrent.ThreadPoolExecutor$Worker@53f50db5[State = -1, empty queue]] WARN  server.GrpcLogAppender (GrpcLogAppender.java:timeoutAppendRequest(200)) - 5d275853-b846-4f86-bc5b-0ba421435051@group-203775717D2F->bd0b0c89-cb45-482d-bed2-ad92fc2d5050-GrpcLogAppender: appendEntries Timeout, request=5d275853-b846-4f86-bc5b-0ba421435051->bd0b0c89-cb45-482d-bed2-ad92fc2d5050#24-t1, previous=(t:1, i:13), leaderCommit=10, initializing? false, entries: <empty>
2019-09-12 13:07:55,366 [java.util.concurrent.ThreadPoolExecutor$Worker@6d2694e9[State = -1, empty queue]] WARN  server.GrpcLogAppender (GrpcLogAppender.java:timeoutAppendRequest(200)) - 5d275853-b846-4f86-bc5b-0ba421435051@group-203775717D2F->e2c05a36-c8a2-43f6-9f8f-11b9e2d7f4b8-GrpcLogAppender: appendEntries Timeout, request=5d275853-b846-4f86-bc5b-0ba421435051->e2c05a36-c8a2-43f6-9f8f-11b9e2d7f4b8#24-t1, previous=(t:1, i:13), leaderCommit=10, initializing? false, entries: <empty>
2019-09-12 13:07:57,364 [bd0b0c89-cb45-482d-bed2-ad92fc2d5050@group-203775717D2F-SegmentedRaftLogWorker] WARN  segmented.SegmentedRaftLogWorker (SegmentedRaftLogWorker.java:getFromFuture(90)) - Timeout 2/~
org.apache.ratis.protocol.TimeoutIOException: Timeout 10s: WriteLog:11: (t:1, i:11), STATEMACHINELOGENTRY, client-8389729FF037, cid=21-writeStateMachineData
	at org.apache.ratis.util.IOUtils.getFromFuture(IOUtils.java:87)
	at org.apache.ratis.server.raftlog.segmented.SegmentedRaftLogWorker$StateMachineDataPolicy.getFromFuture(SegmentedRaftLogWorker.java:87)
	at org.apache.ratis.server.raftlog.segmented.SegmentedRaftLogWorker$WriteLog.execute(SegmentedRaftLogWorker.java:477)
	at org.apache.ratis.server.raftlog.segmented.SegmentedRaftLogWorker.run(SegmentedRaftLogWorker.java:289)
	at java.lang.Thread.run(Thread.java:748)
Caused by: java.util.concurrent.TimeoutException
	at java.util.concurrent.CompletableFuture.timedGet(CompletableFuture.java:1771)
	at java.util.concurrent.CompletableFuture.get(CompletableFuture.java:1915)
	at org.apache.ratis.util.IOUtils.getFromFuture(IOUtils.java:79)
	... 4 more
2019-09-12 13:07:57,508 [e2c05a36-c8a2-43f6-9f8f-11b9e2d7f4b8@group-203775717D2F-SegmentedRaftLogWorker] WARN  segmented.SegmentedRaftLogWorker (SegmentedRaftLogWorker.java:getFromFuture(90)) - Timeout 2/~
org.apache.ratis.protocol.TimeoutIOException: Timeout 10s: WriteLog:12: (t:1, i:12), STATEMACHINELOGENTRY, client-8389729FF037, cid=22-writeStateMachineData
	at org.apache.ratis.util.IOUtils.getFromFuture(IOUtils.java:87)
	at org.apache.ratis.server.raftlog.segmented.SegmentedRaftLogWorker$StateMachineDataPolicy.getFromFuture(SegmentedRaftLogWorker.java:87)
	at org.apache.ratis.server.raftlog.segmented.SegmentedRaftLogWorker$WriteLog.execute(SegmentedRaftLogWorker.java:477)
	at org.apache.ratis.server.raftlog.segmented.SegmentedRaftLogWorker.run(SegmentedRaftLogWorker.java:289)
	at java.lang.Thread.run(Thread.java:748)
Caused by: java.util.concurrent.TimeoutException
	at java.util.concurrent.CompletableFuture.timedGet(CompletableFuture.java:1771)
	at java.util.concurrent.CompletableFuture.get(CompletableFuture.java:1915)
	at org.apache.ratis.util.IOUtils.getFromFuture(IOUtils.java:79)
	... 4 more
2019-09-12 13:07:57,517 [5d275853-b846-4f86-bc5b-0ba421435051@group-203775717D2F-SegmentedRaftLogWorker] WARN  segmented.SegmentedRaftLogWorker (SegmentedRaftLogWorker.java:getFromFuture(90)) - Timeout 2/~
org.apache.ratis.protocol.TimeoutIOException: Timeout 10s: WriteLog:12: (t:1, i:12), STATEMACHINELOGENTRY, client-8389729FF037, cid=22-writeStateMachineData
	at org.apache.ratis.util.IOUtils.getFromFuture(IOUtils.java:87)
	at org.apache.ratis.server.raftlog.segmented.SegmentedRaftLogWorker$StateMachineDataPolicy.getFromFuture(SegmentedRaftLogWorker.java:87)
	at org.apache.ratis.server.raftlog.segmented.SegmentedRaftLogWorker$WriteLog.execute(SegmentedRaftLogWorker.java:477)
	at org.apache.ratis.server.raftlog.segmented.SegmentedRaftLogWorker.run(SegmentedRaftLogWorker.java:289)
	at java.lang.Thread.run(Thread.java:748)
Caused by: java.util.concurrent.TimeoutException
	at java.util.concurrent.CompletableFuture.timedGet(CompletableFuture.java:1771)
	at java.util.concurrent.CompletableFuture.get(CompletableFuture.java:1915)
	at org.apache.ratis.util.IOUtils.getFromFuture(IOUtils.java:79)
	... 4 more
2019-09-12 13:07:57,753 [grpc-default-executor-3] INFO  client.GrpcClientProtocolClient (GrpcClientProtocolClient.java:onNext(264)) - client-8389729FF037->e2c05a36-c8a2-43f6-9f8f-11b9e2d7f4b8: receive RaftClientReply:client-8389729FF037->e2c05a36-c8a2-43f6-9f8f-11b9e2d7f4b8@group-203775717D2F, cid=21, FAILED org.apache.ratis.protocol.NotLeaderException: Server e2c05a36-c8a2-43f6-9f8f-11b9e2d7f4b8@group-203775717D2F is not the leader 5d275853-b846-4f86-bc5b-0ba421435051:192.168.34.38:43235, logIndex=0, commits[e2c05a36-c8a2-43f6-9f8f-11b9e2d7f4b8:c10, 5d275853-b846-4f86-bc5b-0ba421435051:c10, bd0b0c89-cb45-482d-bed2-ad92fc2d5050:c6]
2019-09-12 13:07:57,867 [java.util.concurrent.ThreadPoolExecutor$Worker@6d2694e9[State = -1, empty queue]] WARN  server.GrpcLogAppender (GrpcLogAppender.java:timeoutAppendRequest(200)) - 5d275853-b846-4f86-bc5b-0ba421435051@group-203775717D2F->e2c05a36-c8a2-43f6-9f8f-11b9e2d7f4b8-GrpcLogAppender: appendEntries Timeout, request=5d275853-b846-4f86-bc5b-0ba421435051->e2c05a36-c8a2-43f6-9f8f-11b9e2d7f4b8#25-t1, previous=(t:1, i:13), leaderCommit=10, initializing? false, entries: <empty>
2019-09-12 13:07:57,867 [java.util.concurrent.ThreadPoolExecutor$Worker@53f50db5[State = -1, empty queue]] WARN  server.GrpcLogAppender (GrpcLogAppender.java:timeoutAppendRequest(200)) - 5d275853-b846-4f86-bc5b-0ba421435051@group-203775717D2F->bd0b0c89-cb45-482d-bed2-ad92fc2d5050-GrpcLogAppender: appendEntries Timeout, request=5d275853-b846-4f86-bc5b-0ba421435051->bd0b0c89-cb45-482d-bed2-ad92fc2d5050#25-t1, previous=(t:1, i:13), leaderCommit=10, initializing? false, entries: <empty>
2019-09-12 13:08:00,369 [java.util.concurrent.ThreadPoolExecutor$Worker@6d2694e9[State = -1, empty queue]] WARN  server.GrpcLogAppender (GrpcLogAppender.java:timeoutAppendRequest(200)) - 5d275853-b846-4f86-bc5b-0ba421435051@group-203775717D2F->e2c05a36-c8a2-43f6-9f8f-11b9e2d7f4b8-GrpcLogAppender: appendEntries Timeout, request=5d275853-b846-4f86-bc5b-0ba421435051->e2c05a36-c8a2-43f6-9f8f-11b9e2d7f4b8#26-t1, previous=(t:1, i:13), leaderCommit=10, initializing? false, entries: <empty>
2019-09-12 13:08:00,369 [java.util.concurrent.ThreadPoolExecutor$Worker@53f50db5[State = -1, empty queue]] WARN  server.GrpcLogAppender (GrpcLogAppender.java:timeoutAppendRequest(200)) - 5d275853-b846-4f86-bc5b-0ba421435051@group-203775717D2F->bd0b0c89-cb45-482d-bed2-ad92fc2d5050-GrpcLogAppender: appendEntries Timeout, request=5d275853-b846-4f86-bc5b-0ba421435051->bd0b0c89-cb45-482d-bed2-ad92fc2d5050#26-t1, previous=(t:1, i:13), leaderCommit=10, initializing? false, entries: <empty>
2019-09-12 13:08:02,832 [grpc-default-executor-3] INFO  client.GrpcClientProtocolClient (GrpcClientProtocolClient.java:onNext(264)) - client-8389729FF037->e2c05a36-c8a2-43f6-9f8f-11b9e2d7f4b8: receive RaftClientReply:client-8389729FF037->e2c05a36-c8a2-43f6-9f8f-11b9e2d7f4b8@group-203775717D2F, cid=21, FAILED org.apache.ratis.protocol.NotLeaderException: Server e2c05a36-c8a2-43f6-9f8f-11b9e2d7f4b8@group-203775717D2F is not the leader 5d275853-b846-4f86-bc5b-0ba421435051:192.168.34.38:43235, logIndex=0, commits[e2c05a36-c8a2-43f6-9f8f-11b9e2d7f4b8:c10, 5d275853-b846-4f86-bc5b-0ba421435051:c10, bd0b0c89-cb45-482d-bed2-ad92fc2d5050:c6]
2019-09-12 13:08:02,869 [java.util.concurrent.ThreadPoolExecutor$Worker@53f50db5[State = -1, empty queue]] WARN  server.GrpcLogAppender (GrpcLogAppender.java:timeoutAppendRequest(200)) - 5d275853-b846-4f86-bc5b-0ba421435051@group-203775717D2F->bd0b0c89-cb45-482d-bed2-ad92fc2d5050-GrpcLogAppender: appendEntries Timeout, request=5d275853-b846-4f86-bc5b-0ba421435051->bd0b0c89-cb45-482d-bed2-ad92fc2d5050#27-t1, previous=(t:1, i:13), leaderCommit=10, initializing? false, entries: <empty>
2019-09-12 13:08:02,869 [java.util.concurrent.ThreadPoolExecutor$Worker@6d2694e9[State = -1, empty queue]] WARN  server.GrpcLogAppender (GrpcLogAppender.java:timeoutAppendRequest(200)) - 5d275853-b846-4f86-bc5b-0ba421435051@group-203775717D2F->e2c05a36-c8a2-43f6-9f8f-11b9e2d7f4b8-GrpcLogAppender: appendEntries Timeout, request=5d275853-b846-4f86-bc5b-0ba421435051->e2c05a36-c8a2-43f6-9f8f-11b9e2d7f4b8#27-t1, previous=(t:1, i:13), leaderCommit=10, initializing? false, entries: <empty>
2019-09-12 13:08:05,370 [java.util.concurrent.ThreadPoolExecutor$Worker@53f50db5[State = -1, empty queue]] WARN  server.GrpcLogAppender (GrpcLogAppender.java:timeoutAppendRequest(200)) - 5d275853-b846-4f86-bc5b-0ba421435051@group-203775717D2F->bd0b0c89-cb45-482d-bed2-ad92fc2d5050-GrpcLogAppender: appendEntries Timeout, request=5d275853-b846-4f86-bc5b-0ba421435051->bd0b0c89-cb45-482d-bed2-ad92fc2d5050#28-t1, previous=(t:1, i:13), leaderCommit=10, initializing? false, entries: <empty>
2019-09-12 13:08:05,370 [java.util.concurrent.ThreadPoolExecutor$Worker@6d2694e9[State = -1, empty queue]] WARN  server.GrpcLogAppender (GrpcLogAppender.java:timeoutAppendRequest(200)) - 5d275853-b846-4f86-bc5b-0ba421435051@group-203775717D2F->e2c05a36-c8a2-43f6-9f8f-11b9e2d7f4b8-GrpcLogAppender: appendEntries Timeout, request=5d275853-b846-4f86-bc5b-0ba421435051->e2c05a36-c8a2-43f6-9f8f-11b9e2d7f4b8#28-t1, previous=(t:1, i:13), leaderCommit=10, initializing? false, entries: <empty>
2019-09-12 13:08:07,365 [bd0b0c89-cb45-482d-bed2-ad92fc2d5050@group-203775717D2F-SegmentedRaftLogWorker] WARN  segmented.SegmentedRaftLogWorker (SegmentedRaftLogWorker.java:getFromFuture(90)) - Timeout 3/~
org.apache.ratis.protocol.TimeoutIOException: Timeout 10s: WriteLog:11: (t:1, i:11), STATEMACHINELOGENTRY, client-8389729FF037, cid=21-writeStateMachineData
	at org.apache.ratis.util.IOUtils.getFromFuture(IOUtils.java:87)
	at org.apache.ratis.server.raftlog.segmented.SegmentedRaftLogWorker$StateMachineDataPolicy.getFromFuture(SegmentedRaftLogWorker.java:87)
	at org.apache.ratis.server.raftlog.segmented.SegmentedRaftLogWorker$WriteLog.execute(SegmentedRaftLogWorker.java:477)
	at org.apache.ratis.server.raftlog.segmented.SegmentedRaftLogWorker.run(SegmentedRaftLogWorker.java:289)
	at java.lang.Thread.run(Thread.java:748)
Caused by: java.util.concurrent.TimeoutException
	at java.util.concurrent.CompletableFuture.timedGet(CompletableFuture.java:1771)
	at java.util.concurrent.CompletableFuture.get(CompletableFuture.java:1915)
	at org.apache.ratis.util.IOUtils.getFromFuture(IOUtils.java:79)
	... 4 more
2019-09-12 13:08:07,509 [e2c05a36-c8a2-43f6-9f8f-11b9e2d7f4b8@group-203775717D2F-SegmentedRaftLogWorker] WARN  segmented.SegmentedRaftLogWorker (SegmentedRaftLogWorker.java:getFromFuture(90)) - Timeout 3/~
org.apache.ratis.protocol.TimeoutIOException: Timeout 10s: WriteLog:12: (t:1, i:12), STATEMACHINELOGENTRY, client-8389729FF037, cid=22-writeStateMachineData
	at org.apache.ratis.util.IOUtils.getFromFuture(IOUtils.java:87)
	at org.apache.ratis.server.raftlog.segmented.SegmentedRaftLogWorker$StateMachineDataPolicy.getFromFuture(SegmentedRaftLogWorker.java:87)
	at org.apache.ratis.server.raftlog.segmented.SegmentedRaftLogWorker$WriteLog.execute(SegmentedRaftLogWorker.java:477)
	at org.apache.ratis.server.raftlog.segmented.SegmentedRaftLogWorker.run(SegmentedRaftLogWorker.java:289)
	at java.lang.Thread.run(Thread.java:748)
Caused by: java.util.concurrent.TimeoutException
	at java.util.concurrent.CompletableFuture.timedGet(CompletableFuture.java:1771)
	at java.util.concurrent.CompletableFuture.get(CompletableFuture.java:1915)
	at org.apache.ratis.util.IOUtils.getFromFuture(IOUtils.java:79)
	... 4 more
2019-09-12 13:08:07,517 [5d275853-b846-4f86-bc5b-0ba421435051@group-203775717D2F-SegmentedRaftLogWorker] WARN  segmented.SegmentedRaftLogWorker (SegmentedRaftLogWorker.java:getFromFuture(90)) - Timeout 3/~
org.apache.ratis.protocol.TimeoutIOException: Timeout 10s: WriteLog:12: (t:1, i:12), STATEMACHINELOGENTRY, client-8389729FF037, cid=22-writeStateMachineData
	at org.apache.ratis.util.IOUtils.getFromFuture(IOUtils.java:87)
	at org.apache.ratis.server.raftlog.segmented.SegmentedRaftLogWorker$StateMachineDataPolicy.getFromFuture(SegmentedRaftLogWorker.java:87)
	at org.apache.ratis.server.raftlog.segmented.SegmentedRaftLogWorker$WriteLog.execute(SegmentedRaftLogWorker.java:477)
	at org.apache.ratis.server.raftlog.segmented.SegmentedRaftLogWorker.run(SegmentedRaftLogWorker.java:289)
	at java.lang.Thread.run(Thread.java:748)
Caused by: java.util.concurrent.TimeoutException
	at java.util.concurrent.CompletableFuture.timedGet(CompletableFuture.java:1771)
	at java.util.concurrent.CompletableFuture.get(CompletableFuture.java:1915)
	at org.apache.ratis.util.IOUtils.getFromFuture(IOUtils.java:79)
	... 4 more
2019-09-12 13:08:07,871 [java.util.concurrent.ThreadPoolExecutor$Worker@53f50db5[State = -1, empty queue]] WARN  server.GrpcLogAppender (GrpcLogAppender.java:timeoutAppendRequest(200)) - 5d275853-b846-4f86-bc5b-0ba421435051@group-203775717D2F->bd0b0c89-cb45-482d-bed2-ad92fc2d5050-GrpcLogAppender: appendEntries Timeout, request=5d275853-b846-4f86-bc5b-0ba421435051->bd0b0c89-cb45-482d-bed2-ad92fc2d5050#29-t1, previous=(t:1, i:13), leaderCommit=10, initializing? false, entries: <empty>
2019-09-12 13:08:07,871 [java.util.concurrent.ThreadPoolExecutor$Worker@6d2694e9[State = -1, empty queue]] WARN  server.GrpcLogAppender (GrpcLogAppender.java:timeoutAppendRequest(200)) - 5d275853-b846-4f86-bc5b-0ba421435051@group-203775717D2F->e2c05a36-c8a2-43f6-9f8f-11b9e2d7f4b8-GrpcLogAppender: appendEntries Timeout, request=5d275853-b846-4f86-bc5b-0ba421435051->e2c05a36-c8a2-43f6-9f8f-11b9e2d7f4b8#29-t1, previous=(t:1, i:13), leaderCommit=10, initializing? false, entries: <empty>
2019-09-12 13:08:07,912 [grpc-default-executor-3] INFO  client.GrpcClientProtocolClient (GrpcClientProtocolClient.java:onNext(264)) - client-8389729FF037->bd0b0c89-cb45-482d-bed2-ad92fc2d5050: receive RaftClientReply:client-8389729FF037->bd0b0c89-cb45-482d-bed2-ad92fc2d5050@group-203775717D2F, cid=21, FAILED org.apache.ratis.protocol.NotLeaderException: Server bd0b0c89-cb45-482d-bed2-ad92fc2d5050@group-203775717D2F is not the leader 5d275853-b846-4f86-bc5b-0ba421435051:192.168.34.38:43235, logIndex=0, commits[bd0b0c89-cb45-482d-bed2-ad92fc2d5050:c10, 5d275853-b846-4f86-bc5b-0ba421435051:c10, e2c05a36-c8a2-43f6-9f8f-11b9e2d7f4b8:c6]
2019-09-12 13:08:10,372 [java.util.concurrent.ThreadPoolExecutor$Worker@53f50db5[State = -1, empty queue]] WARN  server.GrpcLogAppender (GrpcLogAppender.java:timeoutAppendRequest(200)) - 5d275853-b846-4f86-bc5b-0ba421435051@group-203775717D2F->bd0b0c89-cb45-482d-bed2-ad92fc2d5050-GrpcLogAppender: appendEntries Timeout, request=5d275853-b846-4f86-bc5b-0ba421435051->bd0b0c89-cb45-482d-bed2-ad92fc2d5050#30-t1, previous=(t:1, i:13), leaderCommit=10, initializing? false, entries: <empty>
2019-09-12 13:08:10,372 [java.util.concurrent.ThreadPoolExecutor$Worker@6d2694e9[State = -1, empty queue]] WARN  server.GrpcLogAppender (GrpcLogAppender.java:timeoutAppendRequest(200)) - 5d275853-b846-4f86-bc5b-0ba421435051@group-203775717D2F->e2c05a36-c8a2-43f6-9f8f-11b9e2d7f4b8-GrpcLogAppender: appendEntries Timeout, request=5d275853-b846-4f86-bc5b-0ba421435051->e2c05a36-c8a2-43f6-9f8f-11b9e2d7f4b8#30-t1, previous=(t:1, i:13), leaderCommit=10, initializing? false, entries: <empty>
2019-09-12 13:08:12,873 [java.util.concurrent.ThreadPoolExecutor$Worker@53f50db5[State = -1, empty queue]] WARN  server.GrpcLogAppender (GrpcLogAppender.java:timeoutAppendRequest(200)) - 5d275853-b846-4f86-bc5b-0ba421435051@group-203775717D2F->bd0b0c89-cb45-482d-bed2-ad92fc2d5050-GrpcLogAppender: appendEntries Timeout, request=5d275853-b846-4f86-bc5b-0ba421435051->bd0b0c89-cb45-482d-bed2-ad92fc2d5050#31-t1, previous=(t:1, i:13), leaderCommit=10, initializing? false, entries: <empty>
2019-09-12 13:08:12,873 [java.util.concurrent.ThreadPoolExecutor$Worker@6d2694e9[State = -1, empty queue]] WARN  server.GrpcLogAppender (GrpcLogAppender.java:timeoutAppendRequest(200)) - 5d275853-b846-4f86-bc5b-0ba421435051@group-203775717D2F->e2c05a36-c8a2-43f6-9f8f-11b9e2d7f4b8-GrpcLogAppender: appendEntries Timeout, request=5d275853-b846-4f86-bc5b-0ba421435051->e2c05a36-c8a2-43f6-9f8f-11b9e2d7f4b8#31-t1, previous=(t:1, i:13), leaderCommit=10, initializing? false, entries: <empty>
2019-09-12 13:08:12,964 [grpc-default-executor-1] INFO  client.GrpcClientProtocolClient (GrpcClientProtocolClient.java:onNext(264)) - client-8389729FF037->bd0b0c89-cb45-482d-bed2-ad92fc2d5050: receive RaftClientReply:client-8389729FF037->bd0b0c89-cb45-482d-bed2-ad92fc2d5050@group-203775717D2F, cid=21, FAILED org.apache.ratis.protocol.NotLeaderException: Server bd0b0c89-cb45-482d-bed2-ad92fc2d5050@group-203775717D2F is not the leader 5d275853-b846-4f86-bc5b-0ba421435051:192.168.34.38:43235, logIndex=0, commits[bd0b0c89-cb45-482d-bed2-ad92fc2d5050:c10, 5d275853-b846-4f86-bc5b-0ba421435051:c10, e2c05a36-c8a2-43f6-9f8f-11b9e2d7f4b8:c6]
2019-09-12 13:08:15,373 [java.util.concurrent.ThreadPoolExecutor$Worker@6d2694e9[State = -1, empty queue]] WARN  server.GrpcLogAppender (GrpcLogAppender.java:timeoutAppendRequest(200)) - 5d275853-b846-4f86-bc5b-0ba421435051@group-203775717D2F->e2c05a36-c8a2-43f6-9f8f-11b9e2d7f4b8-GrpcLogAppender: appendEntries Timeout, request=5d275853-b846-4f86-bc5b-0ba421435051->e2c05a36-c8a2-43f6-9f8f-11b9e2d7f4b8#32-t1, previous=(t:1, i:13), leaderCommit=10, initializing? false, entries: <empty>
2019-09-12 13:08:15,373 [java.util.concurrent.ThreadPoolExecutor$Worker@53f50db5[State = -1, empty queue]] WARN  server.GrpcLogAppender (GrpcLogAppender.java:timeoutAppendRequest(200)) - 5d275853-b846-4f86-bc5b-0ba421435051@group-203775717D2F->bd0b0c89-cb45-482d-bed2-ad92fc2d5050-GrpcLogAppender: appendEntries Timeout, request=5d275853-b846-4f86-bc5b-0ba421435051->bd0b0c89-cb45-482d-bed2-ad92fc2d5050#32-t1, previous=(t:1, i:13), leaderCommit=10, initializing? false, entries: <empty>
2019-09-12 13:08:17,366 [bd0b0c89-cb45-482d-bed2-ad92fc2d5050@group-203775717D2F-SegmentedRaftLogWorker] WARN  segmented.SegmentedRaftLogWorker (SegmentedRaftLogWorker.java:getFromFuture(90)) - Timeout 4/~
org.apache.ratis.protocol.TimeoutIOException: Timeout 10s: WriteLog:11: (t:1, i:11), STATEMACHINELOGENTRY, client-8389729FF037, cid=21-writeStateMachineData
	at org.apache.ratis.util.IOUtils.getFromFuture(IOUtils.java:87)
	at org.apache.ratis.server.raftlog.segmented.SegmentedRaftLogWorker$StateMachineDataPolicy.getFromFuture(SegmentedRaftLogWorker.java:87)
	at org.apache.ratis.server.raftlog.segmented.SegmentedRaftLogWorker$WriteLog.execute(SegmentedRaftLogWorker.java:477)
	at org.apache.ratis.server.raftlog.segmented.SegmentedRaftLogWorker.run(SegmentedRaftLogWorker.java:289)
	at java.lang.Thread.run(Thread.java:748)
Caused by: java.util.concurrent.TimeoutException
	at java.util.concurrent.CompletableFuture.timedGet(CompletableFuture.java:1771)
	at java.util.concurrent.CompletableFuture.get(CompletableFuture.java:1915)
	at org.apache.ratis.util.IOUtils.getFromFuture(IOUtils.java:79)
	... 4 more
2019-09-12 13:08:17,510 [e2c05a36-c8a2-43f6-9f8f-11b9e2d7f4b8@group-203775717D2F-SegmentedRaftLogWorker] WARN  segmented.SegmentedRaftLogWorker (SegmentedRaftLogWorker.java:getFromFuture(90)) - Timeout 4/~
org.apache.ratis.protocol.TimeoutIOException: Timeout 10s: WriteLog:12: (t:1, i:12), STATEMACHINELOGENTRY, client-8389729FF037, cid=22-writeStateMachineData
	at org.apache.ratis.util.IOUtils.getFromFuture(IOUtils.java:87)
	at org.apache.ratis.server.raftlog.segmented.SegmentedRaftLogWorker$StateMachineDataPolicy.getFromFuture(SegmentedRaftLogWorker.java:87)
	at org.apache.ratis.server.raftlog.segmented.SegmentedRaftLogWorker$WriteLog.execute(SegmentedRaftLogWorker.java:477)
	at org.apache.ratis.server.raftlog.segmented.SegmentedRaftLogWorker.run(SegmentedRaftLogWorker.java:289)
	at java.lang.Thread.run(Thread.java:748)
Caused by: java.util.concurrent.TimeoutException
	at java.util.concurrent.CompletableFuture.timedGet(CompletableFuture.java:1771)
	at java.util.concurrent.CompletableFuture.get(CompletableFuture.java:1915)
	at org.apache.ratis.util.IOUtils.getFromFuture(IOUtils.java:79)
	... 4 more
2019-09-12 13:08:17,518 [5d275853-b846-4f86-bc5b-0ba421435051@group-203775717D2F-SegmentedRaftLogWorker] WARN  segmented.SegmentedRaftLogWorker (SegmentedRaftLogWorker.java:getFromFuture(90)) - Timeout 4/~
org.apache.ratis.protocol.TimeoutIOException: Timeout 10s: WriteLog:12: (t:1, i:12), STATEMACHINELOGENTRY, client-8389729FF037, cid=22-writeStateMachineData
	at org.apache.ratis.util.IOUtils.getFromFuture(IOUtils.java:87)
	at org.apache.ratis.server.raftlog.segmented.SegmentedRaftLogWorker$StateMachineDataPolicy.getFromFuture(SegmentedRaftLogWorker.java:87)
	at org.apache.ratis.server.raftlog.segmented.SegmentedRaftLogWorker$WriteLog.execute(SegmentedRaftLogWorker.java:477)
	at org.apache.ratis.server.raftlog.segmented.SegmentedRaftLogWorker.run(SegmentedRaftLogWorker.java:289)
	at java.lang.Thread.run(Thread.java:748)
Caused by: java.util.concurrent.TimeoutException
	at java.util.concurrent.CompletableFuture.timedGet(CompletableFuture.java:1771)
	at java.util.concurrent.CompletableFuture.get(CompletableFuture.java:1915)
	at org.apache.ratis.util.IOUtils.getFromFuture(IOUtils.java:79)
	... 4 more
2019-09-12 13:08:17,874 [java.util.concurrent.ThreadPoolExecutor$Worker@53f50db5[State = -1, empty queue]] WARN  server.GrpcLogAppender (GrpcLogAppender.java:timeoutAppendRequest(200)) - 5d275853-b846-4f86-bc5b-0ba421435051@group-203775717D2F->bd0b0c89-cb45-482d-bed2-ad92fc2d5050-GrpcLogAppender: appendEntries Timeout, request=5d275853-b846-4f86-bc5b-0ba421435051->bd0b0c89-cb45-482d-bed2-ad92fc2d5050#33-t1, previous=(t:1, i:13), leaderCommit=10, initializing? false, entries: <empty>
2019-09-12 13:08:17,874 [java.util.concurrent.ThreadPoolExecutor$Worker@6d2694e9[State = -1, empty queue]] WARN  server.GrpcLogAppender (GrpcLogAppender.java:timeoutAppendRequest(200)) - 5d275853-b846-4f86-bc5b-0ba421435051@group-203775717D2F->e2c05a36-c8a2-43f6-9f8f-11b9e2d7f4b8-GrpcLogAppender: appendEntries Timeout, request=5d275853-b846-4f86-bc5b-0ba421435051->e2c05a36-c8a2-43f6-9f8f-11b9e2d7f4b8#33-t1, previous=(t:1, i:13), leaderCommit=10, initializing? false, entries: <empty>
2019-09-12 13:08:18,014 [grpc-default-executor-1] INFO  client.GrpcClientProtocolClient (GrpcClientProtocolClient.java:onNext(264)) - client-8389729FF037->e2c05a36-c8a2-43f6-9f8f-11b9e2d7f4b8: receive RaftClientReply:client-8389729FF037->e2c05a36-c8a2-43f6-9f8f-11b9e2d7f4b8@group-203775717D2F, cid=21, FAILED org.apache.ratis.protocol.NotLeaderException: Server e2c05a36-c8a2-43f6-9f8f-11b9e2d7f4b8@group-203775717D2F is not the leader 5d275853-b846-4f86-bc5b-0ba421435051:192.168.34.38:43235, logIndex=0, commits[e2c05a36-c8a2-43f6-9f8f-11b9e2d7f4b8:c10, 5d275853-b846-4f86-bc5b-0ba421435051:c10, bd0b0c89-cb45-482d-bed2-ad92fc2d5050:c6]
2019-09-12 13:08:20,374 [java.util.concurrent.ThreadPoolExecutor$Worker@6d2694e9[State = -1, empty queue]] WARN  server.GrpcLogAppender (GrpcLogAppender.java:timeoutAppendRequest(200)) - 5d275853-b846-4f86-bc5b-0ba421435051@group-203775717D2F->e2c05a36-c8a2-43f6-9f8f-11b9e2d7f4b8-GrpcLogAppender: appendEntries Timeout, request=5d275853-b846-4f86-bc5b-0ba421435051->e2c05a36-c8a2-43f6-9f8f-11b9e2d7f4b8#34-t1, previous=(t:1, i:13), leaderCommit=10, initializing? false, entries: <empty>
2019-09-12 13:08:20,374 [java.util.concurrent.ThreadPoolExecutor$Worker@53f50db5[State = -1, empty queue]] WARN  server.GrpcLogAppender (GrpcLogAppender.java:timeoutAppendRequest(200)) - 5d275853-b846-4f86-bc5b-0ba421435051@group-203775717D2F->bd0b0c89-cb45-482d-bed2-ad92fc2d5050-GrpcLogAppender: appendEntries Timeout, request=5d275853-b846-4f86-bc5b-0ba421435051->bd0b0c89-cb45-482d-bed2-ad92fc2d5050#34-t1, previous=(t:1, i:13), leaderCommit=10, initializing? false, entries: <empty>
2019-09-12 13:08:22,875 [java.util.concurrent.ThreadPoolExecutor$Worker@6d2694e9[State = -1, empty queue]] WARN  server.GrpcLogAppender (GrpcLogAppender.java:timeoutAppendRequest(200)) - 5d275853-b846-4f86-bc5b-0ba421435051@group-203775717D2F->e2c05a36-c8a2-43f6-9f8f-11b9e2d7f4b8-GrpcLogAppender: appendEntries Timeout, request=5d275853-b846-4f86-bc5b-0ba421435051->e2c05a36-c8a2-43f6-9f8f-11b9e2d7f4b8#35-t1, previous=(t:1, i:13), leaderCommit=10, initializing? false, entries: <empty>
2019-09-12 13:08:22,875 [java.util.concurrent.ThreadPoolExecutor$Worker@53f50db5[State = -1, empty queue]] WARN  server.GrpcLogAppender (GrpcLogAppender.java:timeoutAppendRequest(200)) - 5d275853-b846-4f86-bc5b-0ba421435051@group-203775717D2F->bd0b0c89-cb45-482d-bed2-ad92fc2d5050-GrpcLogAppender: appendEntries Timeout, request=5d275853-b846-4f86-bc5b-0ba421435051->bd0b0c89-cb45-482d-bed2-ad92fc2d5050#35-t1, previous=(t:1, i:13), leaderCommit=10, initializing? false, entries: <empty>
2019-09-12 13:08:23,077 [grpc-default-executor-3] INFO  client.GrpcClientProtocolClient (GrpcClientProtocolClient.java:onNext(264)) - client-8389729FF037->bd0b0c89-cb45-482d-bed2-ad92fc2d5050: receive RaftClientReply:client-8389729FF037->bd0b0c89-cb45-482d-bed2-ad92fc2d5050@group-203775717D2F, cid=21, FAILED org.apache.ratis.protocol.NotLeaderException: Server bd0b0c89-cb45-482d-bed2-ad92fc2d5050@group-203775717D2F is not the leader 5d275853-b846-4f86-bc5b-0ba421435051:192.168.34.38:43235, logIndex=0, commits[bd0b0c89-cb45-482d-bed2-ad92fc2d5050:c10, 5d275853-b846-4f86-bc5b-0ba421435051:c10, e2c05a36-c8a2-43f6-9f8f-11b9e2d7f4b8:c6]
2019-09-12 13:08:25,376 [java.util.concurrent.ThreadPoolExecutor$Worker@6d2694e9[State = -1, empty queue]] WARN  server.GrpcLogAppender (GrpcLogAppender.java:timeoutAppendRequest(200)) - 5d275853-b846-4f86-bc5b-0ba421435051@group-203775717D2F->e2c05a36-c8a2-43f6-9f8f-11b9e2d7f4b8-GrpcLogAppender: appendEntries Timeout, request=5d275853-b846-4f86-bc5b-0ba421435051->e2c05a36-c8a2-43f6-9f8f-11b9e2d7f4b8#36-t1, previous=(t:1, i:13), leaderCommit=10, initializing? false, entries: <empty>
2019-09-12 13:08:25,376 [java.util.concurrent.ThreadPoolExecutor$Worker@53f50db5[State = -1, empty queue]] WARN  server.GrpcLogAppender (GrpcLogAppender.java:timeoutAppendRequest(200)) - 5d275853-b846-4f86-bc5b-0ba421435051@group-203775717D2F->bd0b0c89-cb45-482d-bed2-ad92fc2d5050-GrpcLogAppender: appendEntries Timeout, request=5d275853-b846-4f86-bc5b-0ba421435051->bd0b0c89-cb45-482d-bed2-ad92fc2d5050#36-t1, previous=(t:1, i:13), leaderCommit=10, initializing? false, entries: <empty>
2019-09-12 13:08:27,367 [bd0b0c89-cb45-482d-bed2-ad92fc2d5050@group-203775717D2F-SegmentedRaftLogWorker] WARN  segmented.SegmentedRaftLogWorker (SegmentedRaftLogWorker.java:getFromFuture(90)) - Timeout 5/~
org.apache.ratis.protocol.TimeoutIOException: Timeout 10s: WriteLog:11: (t:1, i:11), STATEMACHINELOGENTRY, client-8389729FF037, cid=21-writeStateMachineData
	at org.apache.ratis.util.IOUtils.getFromFuture(IOUtils.java:87)
	at org.apache.ratis.server.raftlog.segmented.SegmentedRaftLogWorker$StateMachineDataPolicy.getFromFuture(SegmentedRaftLogWorker.java:87)
	at org.apache.ratis.server.raftlog.segmented.SegmentedRaftLogWorker$WriteLog.execute(SegmentedRaftLogWorker.java:477)
	at org.apache.ratis.server.raftlog.segmented.SegmentedRaftLogWorker.run(SegmentedRaftLogWorker.java:289)
	at java.lang.Thread.run(Thread.java:748)
Caused by: java.util.concurrent.TimeoutException
	at java.util.concurrent.CompletableFuture.timedGet(CompletableFuture.java:1771)
	at java.util.concurrent.CompletableFuture.get(CompletableFuture.java:1915)
	at org.apache.ratis.util.IOUtils.getFromFuture(IOUtils.java:79)
	... 4 more
2019-09-12 13:08:27,511 [e2c05a36-c8a2-43f6-9f8f-11b9e2d7f4b8@group-203775717D2F-SegmentedRaftLogWorker] WARN  segmented.SegmentedRaftLogWorker (SegmentedRaftLogWorker.java:getFromFuture(90)) - Timeout 5/~
org.apache.ratis.protocol.TimeoutIOException: Timeout 10s: WriteLog:12: (t:1, i:12), STATEMACHINELOGENTRY, client-8389729FF037, cid=22-writeStateMachineData
	at org.apache.ratis.util.IOUtils.getFromFuture(IOUtils.java:87)
	at org.apache.ratis.server.raftlog.segmented.SegmentedRaftLogWorker$StateMachineDataPolicy.getFromFuture(SegmentedRaftLogWorker.java:87)
	at org.apache.ratis.server.raftlog.segmented.SegmentedRaftLogWorker$WriteLog.execute(SegmentedRaftLogWorker.java:477)
	at org.apache.ratis.server.raftlog.segmented.SegmentedRaftLogWorker.run(SegmentedRaftLogWorker.java:289)
	at java.lang.Thread.run(Thread.java:748)
Caused by: java.util.concurrent.TimeoutException
	at java.util.concurrent.CompletableFuture.timedGet(CompletableFuture.java:1771)
	at java.util.concurrent.CompletableFuture.get(CompletableFuture.java:1915)
	at org.apache.ratis.util.IOUtils.getFromFuture(IOUtils.java:79)
	... 4 more
2019-09-12 13:08:27,519 [5d275853-b846-4f86-bc5b-0ba421435051@group-203775717D2F-SegmentedRaftLogWorker] WARN  segmented.SegmentedRaftLogWorker (SegmentedRaftLogWorker.java:getFromFuture(90)) - Timeout 5/~
org.apache.ratis.protocol.TimeoutIOException: Timeout 10s: WriteLog:12: (t:1, i:12), STATEMACHINELOGENTRY, client-8389729FF037, cid=22-writeStateMachineData
	at org.apache.ratis.util.IOUtils.getFromFuture(IOUtils.java:87)
	at org.apache.ratis.server.raftlog.segmented.SegmentedRaftLogWorker$StateMachineDataPolicy.getFromFuture(SegmentedRaftLogWorker.java:87)
	at org.apache.ratis.server.raftlog.segmented.SegmentedRaftLogWorker$WriteLog.execute(SegmentedRaftLogWorker.java:477)
	at org.apache.ratis.server.raftlog.segmented.SegmentedRaftLogWorker.run(SegmentedRaftLogWorker.java:289)
	at java.lang.Thread.run(Thread.java:748)
Caused by: java.util.concurrent.TimeoutException
	at java.util.concurrent.CompletableFuture.timedGet(CompletableFuture.java:1771)
	at java.util.concurrent.CompletableFuture.get(CompletableFuture.java:1915)
	at org.apache.ratis.util.IOUtils.getFromFuture(IOUtils.java:79)
	... 4 more
2019-09-12 13:08:27,878 [java.util.concurrent.ThreadPoolExecutor$Worker@6d2694e9[State = -1, empty queue]] WARN  server.GrpcLogAppender (GrpcLogAppender.java:timeoutAppendRequest(200)) - 5d275853-b846-4f86-bc5b-0ba421435051@group-203775717D2F->e2c05a36-c8a2-43f6-9f8f-11b9e2d7f4b8-GrpcLogAppender: appendEntries Timeout, request=5d275853-b846-4f86-bc5b-0ba421435051->e2c05a36-c8a2-43f6-9f8f-11b9e2d7f4b8#37-t1, previous=(t:1, i:13), leaderCommit=10, initializing? false, entries: <empty>
2019-09-12 13:08:27,878 [java.util.concurrent.ThreadPoolExecutor$Worker@53f50db5[State = -1, empty queue]] WARN  server.GrpcLogAppender (GrpcLogAppender.java:timeoutAppendRequest(200)) - 5d275853-b846-4f86-bc5b-0ba421435051@group-203775717D2F->bd0b0c89-cb45-482d-bed2-ad92fc2d5050-GrpcLogAppender: appendEntries Timeout, request=5d275853-b846-4f86-bc5b-0ba421435051->bd0b0c89-cb45-482d-bed2-ad92fc2d5050#37-t1, previous=(t:1, i:13), leaderCommit=10, initializing? false, entries: <empty>
2019-09-12 13:08:28,137 [grpc-default-executor-1] INFO  client.GrpcClientProtocolClient (GrpcClientProtocolClient.java:onNext(264)) - client-8389729FF037->e2c05a36-c8a2-43f6-9f8f-11b9e2d7f4b8: receive RaftClientReply:client-8389729FF037->e2c05a36-c8a2-43f6-9f8f-11b9e2d7f4b8@group-203775717D2F, cid=21, FAILED org.apache.ratis.protocol.NotLeaderException: Server e2c05a36-c8a2-43f6-9f8f-11b9e2d7f4b8@group-203775717D2F is not the leader 5d275853-b846-4f86-bc5b-0ba421435051:192.168.34.38:43235, logIndex=0, commits[e2c05a36-c8a2-43f6-9f8f-11b9e2d7f4b8:c10, 5d275853-b846-4f86-bc5b-0ba421435051:c10, bd0b0c89-cb45-482d-bed2-ad92fc2d5050:c6]
2019-09-12 13:08:30,378 [java.util.concurrent.ThreadPoolExecutor$Worker@6d2694e9[State = -1, empty queue]] WARN  server.GrpcLogAppender (GrpcLogAppender.java:timeoutAppendRequest(200)) - 5d275853-b846-4f86-bc5b-0ba421435051@group-203775717D2F->e2c05a36-c8a2-43f6-9f8f-11b9e2d7f4b8-GrpcLogAppender: appendEntries Timeout, request=5d275853-b846-4f86-bc5b-0ba421435051->e2c05a36-c8a2-43f6-9f8f-11b9e2d7f4b8#38-t1, previous=(t:1, i:13), leaderCommit=10, initializing? false, entries: <empty>
2019-09-12 13:08:30,378 [java.util.concurrent.ThreadPoolExecutor$Worker@53f50db5[State = -1, empty queue]] WARN  server.GrpcLogAppender (GrpcLogAppender.java:timeoutAppendRequest(200)) - 5d275853-b846-4f86-bc5b-0ba421435051@group-203775717D2F->bd0b0c89-cb45-482d-bed2-ad92fc2d5050-GrpcLogAppender: appendEntries Timeout, request=5d275853-b846-4f86-bc5b-0ba421435051->bd0b0c89-cb45-482d-bed2-ad92fc2d5050#38-t1, previous=(t:1, i:13), leaderCommit=10, initializing? false, entries: <empty>
2019-09-12 13:08:32,880 [java.util.concurrent.ThreadPoolExecutor$Worker@53f50db5[State = -1, empty queue]] WARN  server.GrpcLogAppender (GrpcLogAppender.java:timeoutAppendRequest(200)) - 5d275853-b846-4f86-bc5b-0ba421435051@group-203775717D2F->bd0b0c89-cb45-482d-bed2-ad92fc2d5050-GrpcLogAppender: appendEntries Timeout, request=5d275853-b846-4f86-bc5b-0ba421435051->bd0b0c89-cb45-482d-bed2-ad92fc2d5050#39-t1, previous=(t:1, i:13), leaderCommit=10, initializing? false, entries: <empty>
2019-09-12 13:08:32,880 [java.util.concurrent.ThreadPoolExecutor$Worker@6d2694e9[State = -1, empty queue]] WARN  server.GrpcLogAppender (GrpcLogAppender.java:timeoutAppendRequest(200)) - 5d275853-b846-4f86-bc5b-0ba421435051@group-203775717D2F->e2c05a36-c8a2-43f6-9f8f-11b9e2d7f4b8-GrpcLogAppender: appendEntries Timeout, request=5d275853-b846-4f86-bc5b-0ba421435051->e2c05a36-c8a2-43f6-9f8f-11b9e2d7f4b8#39-t1, previous=(t:1, i:13), leaderCommit=10, initializing? false, entries: <empty>
2019-09-12 13:08:33,212 [grpc-default-executor-3] INFO  client.GrpcClientProtocolClient (GrpcClientProtocolClient.java:onNext(264)) - client-8389729FF037->bd0b0c89-cb45-482d-bed2-ad92fc2d5050: receive RaftClientReply:client-8389729FF037->bd0b0c89-cb45-482d-bed2-ad92fc2d5050@group-203775717D2F, cid=21, FAILED org.apache.ratis.protocol.NotLeaderException: Server bd0b0c89-cb45-482d-bed2-ad92fc2d5050@group-203775717D2F is not the leader 5d275853-b846-4f86-bc5b-0ba421435051:192.168.34.38:43235, logIndex=0, commits[bd0b0c89-cb45-482d-bed2-ad92fc2d5050:c10, 5d275853-b846-4f86-bc5b-0ba421435051:c10, e2c05a36-c8a2-43f6-9f8f-11b9e2d7f4b8:c6]
2019-09-12 13:08:35,380 [java.util.concurrent.ThreadPoolExecutor$Worker@6d2694e9[State = -1, empty queue]] WARN  server.GrpcLogAppender (GrpcLogAppender.java:timeoutAppendRequest(200)) - 5d275853-b846-4f86-bc5b-0ba421435051@group-203775717D2F->e2c05a36-c8a2-43f6-9f8f-11b9e2d7f4b8-GrpcLogAppender: appendEntries Timeout, request=5d275853-b846-4f86-bc5b-0ba421435051->e2c05a36-c8a2-43f6-9f8f-11b9e2d7f4b8#40-t1, previous=(t:1, i:13), leaderCommit=10, initializing? false, entries: <empty>
2019-09-12 13:08:35,380 [java.util.concurrent.ThreadPoolExecutor$Worker@53f50db5[State = -1, empty queue]] WARN  server.GrpcLogAppender (GrpcLogAppender.java:timeoutAppendRequest(200)) - 5d275853-b846-4f86-bc5b-0ba421435051@group-203775717D2F->bd0b0c89-cb45-482d-bed2-ad92fc2d5050-GrpcLogAppender: appendEntries Timeout, request=5d275853-b846-4f86-bc5b-0ba421435051->bd0b0c89-cb45-482d-bed2-ad92fc2d5050#40-t1, previous=(t:1, i:13), leaderCommit=10, initializing? false, entries: <empty>
2019-09-12 13:08:37,368 [bd0b0c89-cb45-482d-bed2-ad92fc2d5050@group-203775717D2F-SegmentedRaftLogWorker] WARN  segmented.SegmentedRaftLogWorker (SegmentedRaftLogWorker.java:getFromFuture(90)) - Timeout 6/~
org.apache.ratis.protocol.TimeoutIOException: Timeout 10s: WriteLog:11: (t:1, i:11), STATEMACHINELOGENTRY, client-8389729FF037, cid=21-writeStateMachineData
	at org.apache.ratis.util.IOUtils.getFromFuture(IOUtils.java:87)
	at org.apache.ratis.server.raftlog.segmented.SegmentedRaftLogWorker$StateMachineDataPolicy.getFromFuture(SegmentedRaftLogWorker.java:87)
	at org.apache.ratis.server.raftlog.segmented.SegmentedRaftLogWorker$WriteLog.execute(SegmentedRaftLogWorker.java:477)
	at org.apache.ratis.server.raftlog.segmented.SegmentedRaftLogWorker.run(SegmentedRaftLogWorker.java:289)
	at java.lang.Thread.run(Thread.java:748)
Caused by: java.util.concurrent.TimeoutException
	at java.util.concurrent.CompletableFuture.timedGet(CompletableFuture.java:1771)
	at java.util.concurrent.CompletableFuture.get(CompletableFuture.java:1915)
	at org.apache.ratis.util.IOUtils.getFromFuture(IOUtils.java:79)
	... 4 more
2019-09-12 13:08:37,513 [e2c05a36-c8a2-43f6-9f8f-11b9e2d7f4b8@group-203775717D2F-SegmentedRaftLogWorker] WARN  segmented.SegmentedRaftLogWorker (SegmentedRaftLogWorker.java:getFromFuture(90)) - Timeout 6/~
org.apache.ratis.protocol.TimeoutIOException: Timeout 10s: WriteLog:12: (t:1, i:12), STATEMACHINELOGENTRY, client-8389729FF037, cid=22-writeStateMachineData
	at org.apache.ratis.util.IOUtils.getFromFuture(IOUtils.java:87)
	at org.apache.ratis.server.raftlog.segmented.SegmentedRaftLogWorker$StateMachineDataPolicy.getFromFuture(SegmentedRaftLogWorker.java:87)
	at org.apache.ratis.server.raftlog.segmented.SegmentedRaftLogWorker$WriteLog.execute(SegmentedRaftLogWorker.java:477)
	at org.apache.ratis.server.raftlog.segmented.SegmentedRaftLogWorker.run(SegmentedRaftLogWorker.java:289)
	at java.lang.Thread.run(Thread.java:748)
Caused by: java.util.concurrent.TimeoutException
	at java.util.concurrent.CompletableFuture.timedGet(CompletableFuture.java:1771)
	at java.util.concurrent.CompletableFuture.get(CompletableFuture.java:1915)
	at org.apache.ratis.util.IOUtils.getFromFuture(IOUtils.java:79)
	... 4 more
2019-09-12 13:08:37,533 [5d275853-b846-4f86-bc5b-0ba421435051@group-203775717D2F-SegmentedRaftLogWorker] WARN  segmented.SegmentedRaftLogWorker (SegmentedRaftLogWorker.java:getFromFuture(90)) - Timeout 6/~
org.apache.ratis.protocol.TimeoutIOException: Timeout 10s: WriteLog:12: (t:1, i:12), STATEMACHINELOGENTRY, client-8389729FF037, cid=22-writeStateMachineData
	at org.apache.ratis.util.IOUtils.getFromFuture(IOUtils.java:87)
	at org.apache.ratis.server.raftlog.segmented.SegmentedRaftLogWorker$StateMachineDataPolicy.getFromFuture(SegmentedRaftLogWorker.java:87)
	at org.apache.ratis.server.raftlog.segmented.SegmentedRaftLogWorker$WriteLog.execute(SegmentedRaftLogWorker.java:477)
	at org.apache.ratis.server.raftlog.segmented.SegmentedRaftLogWorker.run(SegmentedRaftLogWorker.java:289)
	at java.lang.Thread.run(Thread.java:748)
Caused by: java.util.concurrent.TimeoutException
	at java.util.concurrent.CompletableFuture.timedGet(CompletableFuture.java:1771)
	at java.util.concurrent.CompletableFuture.get(CompletableFuture.java:1915)
	at org.apache.ratis.util.IOUtils.getFromFuture(IOUtils.java:79)
	... 4 more
2019-09-12 13:08:37,881 [java.util.concurrent.ThreadPoolExecutor$Worker@53f50db5[State = -1, empty queue]] WARN  server.GrpcLogAppender (GrpcLogAppender.java:timeoutAppendRequest(200)) - 5d275853-b846-4f86-bc5b-0ba421435051@group-203775717D2F->bd0b0c89-cb45-482d-bed2-ad92fc2d5050-GrpcLogAppender: appendEntries Timeout, request=5d275853-b846-4f86-bc5b-0ba421435051->bd0b0c89-cb45-482d-bed2-ad92fc2d5050#41-t1, previous=(t:1, i:13), leaderCommit=10, initializing? false, entries: <empty>
2019-09-12 13:08:37,881 [java.util.concurrent.ThreadPoolExecutor$Worker@6d2694e9[State = -1, empty queue]] WARN  server.GrpcLogAppender (GrpcLogAppender.java:timeoutAppendRequest(200)) - 5d275853-b846-4f86-bc5b-0ba421435051@group-203775717D2F->e2c05a36-c8a2-43f6-9f8f-11b9e2d7f4b8-GrpcLogAppender: appendEntries Timeout, request=5d275853-b846-4f86-bc5b-0ba421435051->e2c05a36-c8a2-43f6-9f8f-11b9e2d7f4b8#41-t1, previous=(t:1, i:13), leaderCommit=10, initializing? false, entries: <empty>
2019-09-12 13:08:38,276 [grpc-default-executor-1] INFO  client.GrpcClientProtocolClient (GrpcClientProtocolClient.java:onNext(264)) - client-8389729FF037->bd0b0c89-cb45-482d-bed2-ad92fc2d5050: receive RaftClientReply:client-8389729FF037->bd0b0c89-cb45-482d-bed2-ad92fc2d5050@group-203775717D2F, cid=21, FAILED org.apache.ratis.protocol.NotLeaderException: Server bd0b0c89-cb45-482d-bed2-ad92fc2d5050@group-203775717D2F is not the leader 5d275853-b846-4f86-bc5b-0ba421435051:192.168.34.38:43235, logIndex=0, commits[bd0b0c89-cb45-482d-bed2-ad92fc2d5050:c10, 5d275853-b846-4f86-bc5b-0ba421435051:c10, e2c05a36-c8a2-43f6-9f8f-11b9e2d7f4b8:c6]
2019-09-12 13:08:40,381 [java.util.concurrent.ThreadPoolExecutor$Worker@53f50db5[State = -1, empty queue]] WARN  server.GrpcLogAppender (GrpcLogAppender.java:timeoutAppendRequest(200)) - 5d275853-b846-4f86-bc5b-0ba421435051@group-203775717D2F->bd0b0c89-cb45-482d-bed2-ad92fc2d5050-GrpcLogAppender: appendEntries Timeout, request=5d275853-b846-4f86-bc5b-0ba421435051->bd0b0c89-cb45-482d-bed2-ad92fc2d5050#42-t1, previous=(t:1, i:13), leaderCommit=10, initializing? false, entries: <empty>
2019-09-12 13:08:40,381 [java.util.concurrent.ThreadPoolExecutor$Worker@6d2694e9[State = -1, empty queue]] WARN  server.GrpcLogAppender (GrpcLogAppender.java:timeoutAppendRequest(200)) - 5d275853-b846-4f86-bc5b-0ba421435051@group-203775717D2F->e2c05a36-c8a2-43f6-9f8f-11b9e2d7f4b8-GrpcLogAppender: appendEntries Timeout, request=5d275853-b846-4f86-bc5b-0ba421435051->e2c05a36-c8a2-43f6-9f8f-11b9e2d7f4b8#42-t1, previous=(t:1, i:13), leaderCommit=10, initializing? false, entries: <empty>
2019-09-12 13:08:42,882 [java.util.concurrent.ThreadPoolExecutor$Worker@6d2694e9[State = -1, empty queue]] WARN  server.GrpcLogAppender (GrpcLogAppender.java:timeoutAppendRequest(200)) - 5d275853-b846-4f86-bc5b-0ba421435051@group-203775717D2F->e2c05a36-c8a2-43f6-9f8f-11b9e2d7f4b8-GrpcLogAppender: appendEntries Timeout, request=5d275853-b846-4f86-bc5b-0ba421435051->e2c05a36-c8a2-43f6-9f8f-11b9e2d7f4b8#43-t1, previous=(t:1, i:13), leaderCommit=10, initializing? false, entries: <empty>
2019-09-12 13:08:42,882 [java.util.concurrent.ThreadPoolExecutor$Worker@53f50db5[State = -1, empty queue]] WARN  server.GrpcLogAppender (GrpcLogAppender.java:timeoutAppendRequest(200)) - 5d275853-b846-4f86-bc5b-0ba421435051@group-203775717D2F->bd0b0c89-cb45-482d-bed2-ad92fc2d5050-GrpcLogAppender: appendEntries Timeout, request=5d275853-b846-4f86-bc5b-0ba421435051->bd0b0c89-cb45-482d-bed2-ad92fc2d5050#43-t1, previous=(t:1, i:13), leaderCommit=10, initializing? false, entries: <empty>
2019-09-12 13:08:43,332 [grpc-default-executor-1] INFO  client.GrpcClientProtocolClient (GrpcClientProtocolClient.java:onNext(264)) - client-8389729FF037->e2c05a36-c8a2-43f6-9f8f-11b9e2d7f4b8: receive RaftClientReply:client-8389729FF037->e2c05a36-c8a2-43f6-9f8f-11b9e2d7f4b8@group-203775717D2F, cid=21, FAILED org.apache.ratis.protocol.NotLeaderException: Server e2c05a36-c8a2-43f6-9f8f-11b9e2d7f4b8@group-203775717D2F is not the leader 5d275853-b846-4f86-bc5b-0ba421435051:192.168.34.38:43235, logIndex=0, commits[e2c05a36-c8a2-43f6-9f8f-11b9e2d7f4b8:c10, 5d275853-b846-4f86-bc5b-0ba421435051:c10, bd0b0c89-cb45-482d-bed2-ad92fc2d5050:c6]
2019-09-12 13:08:45,383 [java.util.concurrent.ThreadPoolExecutor$Worker@6d2694e9[State = -1, empty queue]] WARN  server.GrpcLogAppender (GrpcLogAppender.java:timeoutAppendRequest(200)) - 5d275853-b846-4f86-bc5b-0ba421435051@group-203775717D2F->e2c05a36-c8a2-43f6-9f8f-11b9e2d7f4b8-GrpcLogAppender: appendEntries Timeout, request=5d275853-b846-4f86-bc5b-0ba421435051->e2c05a36-c8a2-43f6-9f8f-11b9e2d7f4b8#44-t1, previous=(t:1, i:13), leaderCommit=10, initializing? false, entries: <empty>
2019-09-12 13:08:45,383 [java.util.concurrent.ThreadPoolExecutor$Worker@53f50db5[State = -1, empty queue]] WARN  server.GrpcLogAppender (GrpcLogAppender.java:timeoutAppendRequest(200)) - 5d275853-b846-4f86-bc5b-0ba421435051@group-203775717D2F->bd0b0c89-cb45-482d-bed2-ad92fc2d5050-GrpcLogAppender: appendEntries Timeout, request=5d275853-b846-4f86-bc5b-0ba421435051->bd0b0c89-cb45-482d-bed2-ad92fc2d5050#44-t1, previous=(t:1, i:13), leaderCommit=10, initializing? false, entries: <empty>
2019-09-12 13:08:47,371 [bd0b0c89-cb45-482d-bed2-ad92fc2d5050@group-203775717D2F-SegmentedRaftLogWorker] WARN  segmented.SegmentedRaftLogWorker (SegmentedRaftLogWorker.java:getFromFuture(90)) - Timeout 7/~
org.apache.ratis.protocol.TimeoutIOException: Timeout 10s: WriteLog:11: (t:1, i:11), STATEMACHINELOGENTRY, client-8389729FF037, cid=21-writeStateMachineData
	at org.apache.ratis.util.IOUtils.getFromFuture(IOUtils.java:87)
	at org.apache.ratis.server.raftlog.segmented.SegmentedRaftLogWorker$StateMachineDataPolicy.getFromFuture(SegmentedRaftLogWorker.java:87)
	at org.apache.ratis.server.raftlog.segmented.SegmentedRaftLogWorker$WriteLog.execute(SegmentedRaftLogWorker.java:477)
	at org.apache.ratis.server.raftlog.segmented.SegmentedRaftLogWorker.run(SegmentedRaftLogWorker.java:289)
	at java.lang.Thread.run(Thread.java:748)
Caused by: java.util.concurrent.TimeoutException
	at java.util.concurrent.CompletableFuture.timedGet(CompletableFuture.java:1771)
	at java.util.concurrent.CompletableFuture.get(CompletableFuture.java:1915)
	at org.apache.ratis.util.IOUtils.getFromFuture(IOUtils.java:79)
	... 4 more
2019-09-12 13:08:47,533 [e2c05a36-c8a2-43f6-9f8f-11b9e2d7f4b8@group-203775717D2F-SegmentedRaftLogWorker] WARN  segmented.SegmentedRaftLogWorker (SegmentedRaftLogWorker.java:getFromFuture(90)) - Timeout 7/~
org.apache.ratis.protocol.TimeoutIOException: Timeout 10s: WriteLog:12: (t:1, i:12), STATEMACHINELOGENTRY, client-8389729FF037, cid=22-writeStateMachineData
	at org.apache.ratis.util.IOUtils.getFromFuture(IOUtils.java:87)
	at org.apache.ratis.server.raftlog.segmented.SegmentedRaftLogWorker$StateMachineDataPolicy.getFromFuture(SegmentedRaftLogWorker.java:87)
	at org.apache.ratis.server.raftlog.segmented.SegmentedRaftLogWorker$WriteLog.execute(SegmentedRaftLogWorker.java:477)
	at org.apache.ratis.server.raftlog.segmented.SegmentedRaftLogWorker.run(SegmentedRaftLogWorker.java:289)
	at java.lang.Thread.run(Thread.java:748)
Caused by: java.util.concurrent.TimeoutException
	at java.util.concurrent.CompletableFuture.timedGet(CompletableFuture.java:1771)
	at java.util.concurrent.CompletableFuture.get(CompletableFuture.java:1915)
	at org.apache.ratis.util.IOUtils.getFromFuture(IOUtils.java:79)
	... 4 more
2019-09-12 13:08:47,534 [5d275853-b846-4f86-bc5b-0ba421435051@group-203775717D2F-SegmentedRaftLogWorker] WARN  segmented.SegmentedRaftLogWorker (SegmentedRaftLogWorker.java:getFromFuture(90)) - Timeout 7/~
org.apache.ratis.protocol.TimeoutIOException: Timeout 10s: WriteLog:12: (t:1, i:12), STATEMACHINELOGENTRY, client-8389729FF037, cid=22-writeStateMachineData
	at org.apache.ratis.util.IOUtils.getFromFuture(IOUtils.java:87)
	at org.apache.ratis.server.raftlog.segmented.SegmentedRaftLogWorker$StateMachineDataPolicy.getFromFuture(SegmentedRaftLogWorker.java:87)
	at org.apache.ratis.server.raftlog.segmented.SegmentedRaftLogWorker$WriteLog.execute(SegmentedRaftLogWorker.java:477)
	at org.apache.ratis.server.raftlog.segmented.SegmentedRaftLogWorker.run(SegmentedRaftLogWorker.java:289)
	at java.lang.Thread.run(Thread.java:748)
Caused by: java.util.concurrent.TimeoutException
	at java.util.concurrent.CompletableFuture.timedGet(CompletableFuture.java:1771)
	at java.util.concurrent.CompletableFuture.get(CompletableFuture.java:1915)
	at org.apache.ratis.util.IOUtils.getFromFuture(IOUtils.java:79)
	... 4 more
2019-09-12 13:08:47,884 [java.util.concurrent.ThreadPoolExecutor$Worker@53f50db5[State = -1, empty queue]] WARN  server.GrpcLogAppender (GrpcLogAppender.java:timeoutAppendRequest(200)) - 5d275853-b846-4f86-bc5b-0ba421435051@group-203775717D2F->bd0b0c89-cb45-482d-bed2-ad92fc2d5050-GrpcLogAppender: appendEntries Timeout, request=5d275853-b846-4f86-bc5b-0ba421435051->bd0b0c89-cb45-482d-bed2-ad92fc2d5050#45-t1, previous=(t:1, i:13), leaderCommit=10, initializing? false, entries: <empty>
2019-09-12 13:08:47,884 [java.util.concurrent.ThreadPoolExecutor$Worker@6d2694e9[State = -1, empty queue]] WARN  server.GrpcLogAppender (GrpcLogAppender.java:timeoutAppendRequest(200)) - 5d275853-b846-4f86-bc5b-0ba421435051@group-203775717D2F->e2c05a36-c8a2-43f6-9f8f-11b9e2d7f4b8-GrpcLogAppender: appendEntries Timeout, request=5d275853-b846-4f86-bc5b-0ba421435051->e2c05a36-c8a2-43f6-9f8f-11b9e2d7f4b8#45-t1, previous=(t:1, i:13), leaderCommit=10, initializing? false, entries: <empty>
2019-09-12 13:08:48,405 [grpc-default-executor-1] INFO  client.GrpcClientProtocolClient (GrpcClientProtocolClient.java:onNext(264)) - client-8389729FF037->e2c05a36-c8a2-43f6-9f8f-11b9e2d7f4b8: receive RaftClientReply:client-8389729FF037->e2c05a36-c8a2-43f6-9f8f-11b9e2d7f4b8@group-203775717D2F, cid=21, FAILED org.apache.ratis.protocol.NotLeaderException: Server e2c05a36-c8a2-43f6-9f8f-11b9e2d7f4b8@group-203775717D2F is not the leader 5d275853-b846-4f86-bc5b-0ba421435051:192.168.34.38:43235, logIndex=0, commits[e2c05a36-c8a2-43f6-9f8f-11b9e2d7f4b8:c10, 5d275853-b846-4f86-bc5b-0ba421435051:c10, bd0b0c89-cb45-482d-bed2-ad92fc2d5050:c6]
2019-09-12 13:08:50,384 [java.util.concurrent.ThreadPoolExecutor$Worker@6d2694e9[State = -1, empty queue]] WARN  server.GrpcLogAppender (GrpcLogAppender.java:timeoutAppendRequest(200)) - 5d275853-b846-4f86-bc5b-0ba421435051@group-203775717D2F->e2c05a36-c8a2-43f6-9f8f-11b9e2d7f4b8-GrpcLogAppender: appendEntries Timeout, request=5d275853-b846-4f86-bc5b-0ba421435051->e2c05a36-c8a2-43f6-9f8f-11b9e2d7f4b8#46-t1, previous=(t:1, i:13), leaderCommit=10, initializing? false, entries: <empty>
2019-09-12 13:08:50,384 [java.util.concurrent.ThreadPoolExecutor$Worker@53f50db5[State = -1, empty queue]] WARN  server.GrpcLogAppender (GrpcLogAppender.java:timeoutAppendRequest(200)) - 5d275853-b846-4f86-bc5b-0ba421435051@group-203775717D2F->bd0b0c89-cb45-482d-bed2-ad92fc2d5050-GrpcLogAppender: appendEntries Timeout, request=5d275853-b846-4f86-bc5b-0ba421435051->bd0b0c89-cb45-482d-bed2-ad92fc2d5050#46-t1, previous=(t:1, i:13), leaderCommit=10, initializing? false, entries: <empty>
2019-09-12 13:08:52,885 [java.util.concurrent.ThreadPoolExecutor$Worker@53f50db5[State = -1, empty queue]] WARN  server.GrpcLogAppender (GrpcLogAppender.java:timeoutAppendRequest(200)) - 5d275853-b846-4f86-bc5b-0ba421435051@group-203775717D2F->bd0b0c89-cb45-482d-bed2-ad92fc2d5050-GrpcLogAppender: appendEntries Timeout, request=5d275853-b846-4f86-bc5b-0ba421435051->bd0b0c89-cb45-482d-bed2-ad92fc2d5050#47-t1, previous=(t:1, i:13), leaderCommit=10, initializing? false, entries: <empty>
2019-09-12 13:08:52,885 [java.util.concurrent.ThreadPoolExecutor$Worker@6d2694e9[State = -1, empty queue]] WARN  server.GrpcLogAppender (GrpcLogAppender.java:timeoutAppendRequest(200)) - 5d275853-b846-4f86-bc5b-0ba421435051@group-203775717D2F->e2c05a36-c8a2-43f6-9f8f-11b9e2d7f4b8-GrpcLogAppender: appendEntries Timeout, request=5d275853-b846-4f86-bc5b-0ba421435051->e2c05a36-c8a2-43f6-9f8f-11b9e2d7f4b8#47-t1, previous=(t:1, i:13), leaderCommit=10, initializing? false, entries: <empty>
2019-09-12 13:08:53,463 [grpc-default-executor-3] INFO  client.GrpcClientProtocolClient (GrpcClientProtocolClient.java:onNext(264)) - client-8389729FF037->bd0b0c89-cb45-482d-bed2-ad92fc2d5050: receive RaftClientReply:client-8389729FF037->bd0b0c89-cb45-482d-bed2-ad92fc2d5050@group-203775717D2F, cid=21, FAILED org.apache.ratis.protocol.NotLeaderException: Server bd0b0c89-cb45-482d-bed2-ad92fc2d5050@group-203775717D2F is not the leader 5d275853-b846-4f86-bc5b-0ba421435051:192.168.34.38:43235, logIndex=0, commits[bd0b0c89-cb45-482d-bed2-ad92fc2d5050:c10, 5d275853-b846-4f86-bc5b-0ba421435051:c10, e2c05a36-c8a2-43f6-9f8f-11b9e2d7f4b8:c6]
2019-09-12 13:08:55,387 [java.util.concurrent.ThreadPoolExecutor$Worker@6d2694e9[State = -1, empty queue]] WARN  server.GrpcLogAppender (GrpcLogAppender.java:timeoutAppendRequest(200)) - 5d275853-b846-4f86-bc5b-0ba421435051@group-203775717D2F->e2c05a36-c8a2-43f6-9f8f-11b9e2d7f4b8-GrpcLogAppender: appendEntries Timeout, request=5d275853-b846-4f86-bc5b-0ba421435051->e2c05a36-c8a2-43f6-9f8f-11b9e2d7f4b8#48-t1, previous=(t:1, i:13), leaderCommit=10, initializing? false, entries: <empty>
2019-09-12 13:08:55,387 [java.util.concurrent.ThreadPoolExecutor$Worker@53f50db5[State = -1, empty queue]] WARN  server.GrpcLogAppender (GrpcLogAppender.java:timeoutAppendRequest(200)) - 5d275853-b846-4f86-bc5b-0ba421435051@group-203775717D2F->bd0b0c89-cb45-482d-bed2-ad92fc2d5050-GrpcLogAppender: appendEntries Timeout, request=5d275853-b846-4f86-bc5b-0ba421435051->bd0b0c89-cb45-482d-bed2-ad92fc2d5050#48-t1, previous=(t:1, i:13), leaderCommit=10, initializing? false, entries: <empty>
2019-09-12 13:08:57,372 [bd0b0c89-cb45-482d-bed2-ad92fc2d5050@group-203775717D2F-SegmentedRaftLogWorker] WARN  segmented.SegmentedRaftLogWorker (SegmentedRaftLogWorker.java:getFromFuture(90)) - Timeout 8/~
org.apache.ratis.protocol.TimeoutIOException: Timeout 10s: WriteLog:11: (t:1, i:11), STATEMACHINELOGENTRY, client-8389729FF037, cid=21-writeStateMachineData
	at org.apache.ratis.util.IOUtils.getFromFuture(IOUtils.java:87)
	at org.apache.ratis.server.raftlog.segmented.SegmentedRaftLogWorker$StateMachineDataPolicy.getFromFuture(SegmentedRaftLogWorker.java:87)
	at org.apache.ratis.server.raftlog.segmented.SegmentedRaftLogWorker$WriteLog.execute(SegmentedRaftLogWorker.java:477)
	at org.apache.ratis.server.raftlog.segmented.SegmentedRaftLogWorker.run(SegmentedRaftLogWorker.java:289)
	at java.lang.Thread.run(Thread.java:748)
Caused by: java.util.concurrent.TimeoutException
	at java.util.concurrent.CompletableFuture.timedGet(CompletableFuture.java:1771)
	at java.util.concurrent.CompletableFuture.get(CompletableFuture.java:1915)
	at org.apache.ratis.util.IOUtils.getFromFuture(IOUtils.java:79)
	... 4 more
2019-09-12 13:08:57,534 [e2c05a36-c8a2-43f6-9f8f-11b9e2d7f4b8@group-203775717D2F-SegmentedRaftLogWorker] WARN  segmented.SegmentedRaftLogWorker (SegmentedRaftLogWorker.java:getFromFuture(90)) - Timeout 8/~
org.apache.ratis.protocol.TimeoutIOException: Timeout 10s: WriteLog:12: (t:1, i:12), STATEMACHINELOGENTRY, client-8389729FF037, cid=22-writeStateMachineData
	at org.apache.ratis.util.IOUtils.getFromFuture(IOUtils.java:87)
	at org.apache.ratis.server.raftlog.segmented.SegmentedRaftLogWorker$StateMachineDataPolicy.getFromFuture(SegmentedRaftLogWorker.java:87)
	at org.apache.ratis.server.raftlog.segmented.SegmentedRaftLogWorker$WriteLog.execute(SegmentedRaftLogWorker.java:477)
	at org.apache.ratis.server.raftlog.segmented.SegmentedRaftLogWorker.run(SegmentedRaftLogWorker.java:289)
	at java.lang.Thread.run(Thread.java:748)
Caused by: java.util.concurrent.TimeoutException
	at java.util.concurrent.CompletableFuture.timedGet(CompletableFuture.java:1771)
	at java.util.concurrent.CompletableFuture.get(CompletableFuture.java:1915)
	at org.apache.ratis.util.IOUtils.getFromFuture(IOUtils.java:79)
	... 4 more
2019-09-12 13:08:57,534 [5d275853-b846-4f86-bc5b-0ba421435051@group-203775717D2F-SegmentedRaftLogWorker] WARN  segmented.SegmentedRaftLogWorker (SegmentedRaftLogWorker.java:getFromFuture(90)) - Timeout 8/~
org.apache.ratis.protocol.TimeoutIOException: Timeout 10s: WriteLog:12: (t:1, i:12), STATEMACHINELOGENTRY, client-8389729FF037, cid=22-writeStateMachineData
	at org.apache.ratis.util.IOUtils.getFromFuture(IOUtils.java:87)
	at org.apache.ratis.server.raftlog.segmented.SegmentedRaftLogWorker$StateMachineDataPolicy.getFromFuture(SegmentedRaftLogWorker.java:87)
	at org.apache.ratis.server.raftlog.segmented.SegmentedRaftLogWorker$WriteLog.execute(SegmentedRaftLogWorker.java:477)
	at org.apache.ratis.server.raftlog.segmented.SegmentedRaftLogWorker.run(SegmentedRaftLogWorker.java:289)
	at java.lang.Thread.run(Thread.java:748)
Caused by: java.util.concurrent.TimeoutException
	at java.util.concurrent.CompletableFuture.timedGet(CompletableFuture.java:1771)
	at java.util.concurrent.CompletableFuture.get(CompletableFuture.java:1915)
	at org.apache.ratis.util.IOUtils.getFromFuture(IOUtils.java:79)
	... 4 more
2019-09-12 13:08:57,887 [java.util.concurrent.ThreadPoolExecutor$Worker@6d2694e9[State = -1, empty queue]] WARN  server.GrpcLogAppender (GrpcLogAppender.java:timeoutAppendRequest(200)) - 5d275853-b846-4f86-bc5b-0ba421435051@group-203775717D2F->e2c05a36-c8a2-43f6-9f8f-11b9e2d7f4b8-GrpcLogAppender: appendEntries Timeout, request=5d275853-b846-4f86-bc5b-0ba421435051->e2c05a36-c8a2-43f6-9f8f-11b9e2d7f4b8#49-t1, previous=(t:1, i:13), leaderCommit=10, initializing? false, entries: <empty>
2019-09-12 13:08:57,887 [java.util.concurrent.ThreadPoolExecutor$Worker@53f50db5[State = -1, empty queue]] WARN  server.GrpcLogAppender (GrpcLogAppender.java:timeoutAppendRequest(200)) - 5d275853-b846-4f86-bc5b-0ba421435051@group-203775717D2F->bd0b0c89-cb45-482d-bed2-ad92fc2d5050-GrpcLogAppender: appendEntries Timeout, request=5d275853-b846-4f86-bc5b-0ba421435051->bd0b0c89-cb45-482d-bed2-ad92fc2d5050#49-t1, previous=(t:1, i:13), leaderCommit=10, initializing? false, entries: <empty>
2019-09-12 13:08:58,523 [grpc-default-executor-3] INFO  client.GrpcClientProtocolClient (GrpcClientProtocolClient.java:onNext(264)) - client-8389729FF037->bd0b0c89-cb45-482d-bed2-ad92fc2d5050: receive RaftClientReply:client-8389729FF037->bd0b0c89-cb45-482d-bed2-ad92fc2d5050@group-203775717D2F, cid=21, FAILED org.apache.ratis.protocol.NotLeaderException: Server bd0b0c89-cb45-482d-bed2-ad92fc2d5050@group-203775717D2F is not the leader 5d275853-b846-4f86-bc5b-0ba421435051:192.168.34.38:43235, logIndex=0, commits[bd0b0c89-cb45-482d-bed2-ad92fc2d5050:c10, 5d275853-b846-4f86-bc5b-0ba421435051:c10, e2c05a36-c8a2-43f6-9f8f-11b9e2d7f4b8:c6]
2019-09-12 13:09:00,389 [java.util.concurrent.ThreadPoolExecutor$Worker@6d2694e9[State = -1, empty queue]] WARN  server.GrpcLogAppender (GrpcLogAppender.java:timeoutAppendRequest(200)) - 5d275853-b846-4f86-bc5b-0ba421435051@group-203775717D2F->e2c05a36-c8a2-43f6-9f8f-11b9e2d7f4b8-GrpcLogAppender: appendEntries Timeout, request=5d275853-b846-4f86-bc5b-0ba421435051->e2c05a36-c8a2-43f6-9f8f-11b9e2d7f4b8#50-t1, previous=(t:1, i:13), leaderCommit=10, initializing? false, entries: <empty>
2019-09-12 13:09:00,389 [java.util.concurrent.ThreadPoolExecutor$Worker@53f50db5[State = -1, empty queue]] WARN  server.GrpcLogAppender (GrpcLogAppender.java:timeoutAppendRequest(200)) - 5d275853-b846-4f86-bc5b-0ba421435051@group-203775717D2F->bd0b0c89-cb45-482d-bed2-ad92fc2d5050-GrpcLogAppender: appendEntries Timeout, request=5d275853-b846-4f86-bc5b-0ba421435051->bd0b0c89-cb45-482d-bed2-ad92fc2d5050#50-t1, previous=(t:1, i:13), leaderCommit=10, initializing? false, entries: <empty>
2019-09-12 13:09:02,889 [java.util.concurrent.ThreadPoolExecutor$Worker@6d2694e9[State = -1, empty queue]] WARN  server.GrpcLogAppender (GrpcLogAppender.java:timeoutAppendRequest(200)) - 5d275853-b846-4f86-bc5b-0ba421435051@group-203775717D2F->e2c05a36-c8a2-43f6-9f8f-11b9e2d7f4b8-GrpcLogAppender: appendEntries Timeout, request=5d275853-b846-4f86-bc5b-0ba421435051->e2c05a36-c8a2-43f6-9f8f-11b9e2d7f4b8#51-t1, previous=(t:1, i:13), leaderCommit=10, initializing? false, entries: <empty>
2019-09-12 13:09:02,889 [java.util.concurrent.ThreadPoolExecutor$Worker@53f50db5[State = -1, empty queue]] WARN  server.GrpcLogAppender (GrpcLogAppender.java:timeoutAppendRequest(200)) - 5d275853-b846-4f86-bc5b-0ba421435051@group-203775717D2F->bd0b0c89-cb45-482d-bed2-ad92fc2d5050-GrpcLogAppender: appendEntries Timeout, request=5d275853-b846-4f86-bc5b-0ba421435051->bd0b0c89-cb45-482d-bed2-ad92fc2d5050#51-t1, previous=(t:1, i:13), leaderCommit=10, initializing? false, entries: <empty>
2019-09-12 13:09:03,589 [grpc-default-executor-1] INFO  client.GrpcClientProtocolClient (GrpcClientProtocolClient.java:onNext(264)) - client-8389729FF037->e2c05a36-c8a2-43f6-9f8f-11b9e2d7f4b8: receive RaftClientReply:client-8389729FF037->e2c05a36-c8a2-43f6-9f8f-11b9e2d7f4b8@group-203775717D2F, cid=21, FAILED org.apache.ratis.protocol.NotLeaderException: Server e2c05a36-c8a2-43f6-9f8f-11b9e2d7f4b8@group-203775717D2F is not the leader 5d275853-b846-4f86-bc5b-0ba421435051:192.168.34.38:43235, logIndex=0, commits[e2c05a36-c8a2-43f6-9f8f-11b9e2d7f4b8:c10, 5d275853-b846-4f86-bc5b-0ba421435051:c10, bd0b0c89-cb45-482d-bed2-ad92fc2d5050:c6]
2019-09-12 13:09:05,390 [java.util.concurrent.ThreadPoolExecutor$Worker@53f50db5[State = -1, empty queue]] WARN  server.GrpcLogAppender (GrpcLogAppender.java:timeoutAppendRequest(200)) - 5d275853-b846-4f86-bc5b-0ba421435051@group-203775717D2F->bd0b0c89-cb45-482d-bed2-ad92fc2d5050-GrpcLogAppender: appendEntries Timeout, request=5d275853-b846-4f86-bc5b-0ba421435051->bd0b0c89-cb45-482d-bed2-ad92fc2d5050#52-t1, previous=(t:1, i:13), leaderCommit=10, initializing? false, entries: <empty>
2019-09-12 13:09:05,390 [java.util.concurrent.ThreadPoolExecutor$Worker@6d2694e9[State = -1, empty queue]] WARN  server.GrpcLogAppender (GrpcLogAppender.java:timeoutAppendRequest(200)) - 5d275853-b846-4f86-bc5b-0ba421435051@group-203775717D2F->e2c05a36-c8a2-43f6-9f8f-11b9e2d7f4b8-GrpcLogAppender: appendEntries Timeout, request=5d275853-b846-4f86-bc5b-0ba421435051->e2c05a36-c8a2-43f6-9f8f-11b9e2d7f4b8#52-t1, previous=(t:1, i:13), leaderCommit=10, initializing? false, entries: <empty>
2019-09-12 13:09:07,374 [bd0b0c89-cb45-482d-bed2-ad92fc2d5050@group-203775717D2F-SegmentedRaftLogWorker] WARN  segmented.SegmentedRaftLogWorker (SegmentedRaftLogWorker.java:getFromFuture(90)) - Timeout 9/~
org.apache.ratis.protocol.TimeoutIOException: Timeout 10s: WriteLog:11: (t:1, i:11), STATEMACHINELOGENTRY, client-8389729FF037, cid=21-writeStateMachineData
	at org.apache.ratis.util.IOUtils.getFromFuture(IOUtils.java:87)
	at org.apache.ratis.server.raftlog.segmented.SegmentedRaftLogWorker$StateMachineDataPolicy.getFromFuture(SegmentedRaftLogWorker.java:87)
	at org.apache.ratis.server.raftlog.segmented.SegmentedRaftLogWorker$WriteLog.execute(SegmentedRaftLogWorker.java:477)
	at org.apache.ratis.server.raftlog.segmented.SegmentedRaftLogWorker.run(SegmentedRaftLogWorker.java:289)
	at java.lang.Thread.run(Thread.java:748)
Caused by: java.util.concurrent.TimeoutException
	at java.util.concurrent.CompletableFuture.timedGet(CompletableFuture.java:1771)
	at java.util.concurrent.CompletableFuture.get(CompletableFuture.java:1915)
	at org.apache.ratis.util.IOUtils.getFromFuture(IOUtils.java:79)
	... 4 more
2019-09-12 13:09:07,535 [e2c05a36-c8a2-43f6-9f8f-11b9e2d7f4b8@group-203775717D2F-SegmentedRaftLogWorker] WARN  segmented.SegmentedRaftLogWorker (SegmentedRaftLogWorker.java:getFromFuture(90)) - Timeout 9/~
org.apache.ratis.protocol.TimeoutIOException: Timeout 10s: WriteLog:12: (t:1, i:12), STATEMACHINELOGENTRY, client-8389729FF037, cid=22-writeStateMachineData
	at org.apache.ratis.util.IOUtils.getFromFuture(IOUtils.java:87)
	at org.apache.ratis.server.raftlog.segmented.SegmentedRaftLogWorker$StateMachineDataPolicy.getFromFuture(SegmentedRaftLogWorker.java:87)
	at org.apache.ratis.server.raftlog.segmented.SegmentedRaftLogWorker$WriteLog.execute(SegmentedRaftLogWorker.java:477)
	at org.apache.ratis.server.raftlog.segmented.SegmentedRaftLogWorker.run(SegmentedRaftLogWorker.java:289)
	at java.lang.Thread.run(Thread.java:748)
Caused by: java.util.concurrent.TimeoutException
	at java.util.concurrent.CompletableFuture.timedGet(CompletableFuture.java:1771)
	at java.util.concurrent.CompletableFuture.get(CompletableFuture.java:1915)
	at org.apache.ratis.util.IOUtils.getFromFuture(IOUtils.java:79)
	... 4 more
2019-09-12 13:09:07,535 [5d275853-b846-4f86-bc5b-0ba421435051@group-203775717D2F-SegmentedRaftLogWorker] WARN  segmented.SegmentedRaftLogWorker (SegmentedRaftLogWorker.java:getFromFuture(90)) - Timeout 9/~
org.apache.ratis.protocol.TimeoutIOException: Timeout 10s: WriteLog:12: (t:1, i:12), STATEMACHINELOGENTRY, client-8389729FF037, cid=22-writeStateMachineData
	at org.apache.ratis.util.IOUtils.getFromFuture(IOUtils.java:87)
	at org.apache.ratis.server.raftlog.segmented.SegmentedRaftLogWorker$StateMachineDataPolicy.getFromFuture(SegmentedRaftLogWorker.java:87)
	at org.apache.ratis.server.raftlog.segmented.SegmentedRaftLogWorker$WriteLog.execute(SegmentedRaftLogWorker.java:477)
	at org.apache.ratis.server.raftlog.segmented.SegmentedRaftLogWorker.run(SegmentedRaftLogWorker.java:289)
	at java.lang.Thread.run(Thread.java:748)
Caused by: java.util.concurrent.TimeoutException
	at java.util.concurrent.CompletableFuture.timedGet(CompletableFuture.java:1771)
	at java.util.concurrent.CompletableFuture.get(CompletableFuture.java:1915)
	at org.apache.ratis.util.IOUtils.getFromFuture(IOUtils.java:79)
	... 4 more
2019-09-12 13:09:07,890 [java.util.concurrent.ThreadPoolExecutor$Worker@6d2694e9[State = -1, empty queue]] WARN  server.GrpcLogAppender (GrpcLogAppender.java:timeoutAppendRequest(200)) - 5d275853-b846-4f86-bc5b-0ba421435051@group-203775717D2F->e2c05a36-c8a2-43f6-9f8f-11b9e2d7f4b8-GrpcLogAppender: appendEntries Timeout, request=5d275853-b846-4f86-bc5b-0ba421435051->e2c05a36-c8a2-43f6-9f8f-11b9e2d7f4b8#53-t1, previous=(t:1, i:13), leaderCommit=10, initializing? false, entries: <empty>
2019-09-12 13:09:07,890 [java.util.concurrent.ThreadPoolExecutor$Worker@53f50db5[State = -1, empty queue]] WARN  server.GrpcLogAppender (GrpcLogAppender.java:timeoutAppendRequest(200)) - 5d275853-b846-4f86-bc5b-0ba421435051@group-203775717D2F->bd0b0c89-cb45-482d-bed2-ad92fc2d5050-GrpcLogAppender: appendEntries Timeout, request=5d275853-b846-4f86-bc5b-0ba421435051->bd0b0c89-cb45-482d-bed2-ad92fc2d5050#53-t1, previous=(t:1, i:13), leaderCommit=10, initializing? false, entries: <empty>
2019-09-12 13:09:08,658 [grpc-default-executor-1] INFO  client.GrpcClientProtocolClient (GrpcClientProtocolClient.java:onNext(264)) - client-8389729FF037->e2c05a36-c8a2-43f6-9f8f-11b9e2d7f4b8: receive RaftClientReply:client-8389729FF037->e2c05a36-c8a2-43f6-9f8f-11b9e2d7f4b8@group-203775717D2F, cid=21, FAILED org.apache.ratis.protocol.NotLeaderException: Server e2c05a36-c8a2-43f6-9f8f-11b9e2d7f4b8@group-203775717D2F is not the leader 5d275853-b846-4f86-bc5b-0ba421435051:192.168.34.38:43235, logIndex=0, commits[e2c05a36-c8a2-43f6-9f8f-11b9e2d7f4b8:c10, 5d275853-b846-4f86-bc5b-0ba421435051:c10, bd0b0c89-cb45-482d-bed2-ad92fc2d5050:c6]
2019-09-12 13:09:10,391 [java.util.concurrent.ThreadPoolExecutor$Worker@53f50db5[State = -1, empty queue]] WARN  server.GrpcLogAppender (GrpcLogAppender.java:timeoutAppendRequest(200)) - 5d275853-b846-4f86-bc5b-0ba421435051@group-203775717D2F->bd0b0c89-cb45-482d-bed2-ad92fc2d5050-GrpcLogAppender: appendEntries Timeout, request=5d275853-b846-4f86-bc5b-0ba421435051->bd0b0c89-cb45-482d-bed2-ad92fc2d5050#54-t1, previous=(t:1, i:13), leaderCommit=10, initializing? false, entries: <empty>
2019-09-12 13:09:10,391 [java.util.concurrent.ThreadPoolExecutor$Worker@6d2694e9[State = -1, empty queue]] WARN  server.GrpcLogAppender (GrpcLogAppender.java:timeoutAppendRequest(200)) - 5d275853-b846-4f86-bc5b-0ba421435051@group-203775717D2F->e2c05a36-c8a2-43f6-9f8f-11b9e2d7f4b8-GrpcLogAppender: appendEntries Timeout, request=5d275853-b846-4f86-bc5b-0ba421435051->e2c05a36-c8a2-43f6-9f8f-11b9e2d7f4b8#54-t1, previous=(t:1, i:13), leaderCommit=10, initializing? false, entries: <empty>
2019-09-12 13:09:12,892 [java.util.concurrent.ThreadPoolExecutor$Worker@6d2694e9[State = -1, empty queue]] WARN  server.GrpcLogAppender (GrpcLogAppender.java:timeoutAppendRequest(200)) - 5d275853-b846-4f86-bc5b-0ba421435051@group-203775717D2F->e2c05a36-c8a2-43f6-9f8f-11b9e2d7f4b8-GrpcLogAppender: appendEntries Timeout, request=5d275853-b846-4f86-bc5b-0ba421435051->e2c05a36-c8a2-43f6-9f8f-11b9e2d7f4b8#55-t1, previous=(t:1, i:13), leaderCommit=10, initializing? false, entries: <empty>
2019-09-12 13:09:12,892 [java.util.concurrent.ThreadPoolExecutor$Worker@53f50db5[State = -1, empty queue]] WARN  server.GrpcLogAppender (GrpcLogAppender.java:timeoutAppendRequest(200)) - 5d275853-b846-4f86-bc5b-0ba421435051@group-203775717D2F->bd0b0c89-cb45-482d-bed2-ad92fc2d5050-GrpcLogAppender: appendEntries Timeout, request=5d275853-b846-4f86-bc5b-0ba421435051->bd0b0c89-cb45-482d-bed2-ad92fc2d5050#55-t1, previous=(t:1, i:13), leaderCommit=10, initializing? false, entries: <empty>
2019-09-12 13:09:13,712 [grpc-default-executor-1] INFO  client.GrpcClientProtocolClient (GrpcClientProtocolClient.java:onNext(264)) - client-8389729FF037->bd0b0c89-cb45-482d-bed2-ad92fc2d5050: receive RaftClientReply:client-8389729FF037->bd0b0c89-cb45-482d-bed2-ad92fc2d5050@group-203775717D2F, cid=21, FAILED org.apache.ratis.protocol.NotLeaderException: Server bd0b0c89-cb45-482d-bed2-ad92fc2d5050@group-203775717D2F is not the leader 5d275853-b846-4f86-bc5b-0ba421435051:192.168.34.38:43235, logIndex=0, commits[bd0b0c89-cb45-482d-bed2-ad92fc2d5050:c10, 5d275853-b846-4f86-bc5b-0ba421435051:c10, e2c05a36-c8a2-43f6-9f8f-11b9e2d7f4b8:c6]
2019-09-12 13:09:15,393 [java.util.concurrent.ThreadPoolExecutor$Worker@53f50db5[State = -1, empty queue]] WARN  server.GrpcLogAppender (GrpcLogAppender.java:timeoutAppendRequest(200)) - 5d275853-b846-4f86-bc5b-0ba421435051@group-203775717D2F->bd0b0c89-cb45-482d-bed2-ad92fc2d5050-GrpcLogAppender: appendEntries Timeout, request=5d275853-b846-4f86-bc5b-0ba421435051->bd0b0c89-cb45-482d-bed2-ad92fc2d5050#56-t1, previous=(t:1, i:13), leaderCommit=10, initializing? false, entries: <empty>
2019-09-12 13:09:15,393 [java.util.concurrent.ThreadPoolExecutor$Worker@6d2694e9[State = -1, empty queue]] WARN  server.GrpcLogAppender (GrpcLogAppender.java:timeoutAppendRequest(200)) - 5d275853-b846-4f86-bc5b-0ba421435051@group-203775717D2F->e2c05a36-c8a2-43f6-9f8f-11b9e2d7f4b8-GrpcLogAppender: appendEntries Timeout, request=5d275853-b846-4f86-bc5b-0ba421435051->e2c05a36-c8a2-43f6-9f8f-11b9e2d7f4b8#56-t1, previous=(t:1, i:13), leaderCommit=10, initializing? false, entries: <empty>
2019-09-12 13:09:17,375 [bd0b0c89-cb45-482d-bed2-ad92fc2d5050@group-203775717D2F-SegmentedRaftLogWorker] WARN  segmented.SegmentedRaftLogWorker (SegmentedRaftLogWorker.java:getFromFuture(90)) - Timeout 10/~
org.apache.ratis.protocol.TimeoutIOException: Timeout 10s: WriteLog:11: (t:1, i:11), STATEMACHINELOGENTRY, client-8389729FF037, cid=21-writeStateMachineData
	at org.apache.ratis.util.IOUtils.getFromFuture(IOUtils.java:87)
	at org.apache.ratis.server.raftlog.segmented.SegmentedRaftLogWorker$StateMachineDataPolicy.getFromFuture(SegmentedRaftLogWorker.java:87)
	at org.apache.ratis.server.raftlog.segmented.SegmentedRaftLogWorker$WriteLog.execute(SegmentedRaftLogWorker.java:477)
	at org.apache.ratis.server.raftlog.segmented.SegmentedRaftLogWorker.run(SegmentedRaftLogWorker.java:289)
	at java.lang.Thread.run(Thread.java:748)
Caused by: java.util.concurrent.TimeoutException
	at java.util.concurrent.CompletableFuture.timedGet(CompletableFuture.java:1771)
	at java.util.concurrent.CompletableFuture.get(CompletableFuture.java:1915)
	at org.apache.ratis.util.IOUtils.getFromFuture(IOUtils.java:79)
	... 4 more
2019-09-12 13:09:17,537 [5d275853-b846-4f86-bc5b-0ba421435051@group-203775717D2F-SegmentedRaftLogWorker] WARN  segmented.SegmentedRaftLogWorker (SegmentedRaftLogWorker.java:getFromFuture(90)) - Timeout 10/~
org.apache.ratis.protocol.TimeoutIOException: Timeout 10s: WriteLog:12: (t:1, i:12), STATEMACHINELOGENTRY, client-8389729FF037, cid=22-writeStateMachineData
	at org.apache.ratis.util.IOUtils.getFromFuture(IOUtils.java:87)
	at org.apache.ratis.server.raftlog.segmented.SegmentedRaftLogWorker$StateMachineDataPolicy.getFromFuture(SegmentedRaftLogWorker.java:87)
	at org.apache.ratis.server.raftlog.segmented.SegmentedRaftLogWorker$WriteLog.execute(SegmentedRaftLogWorker.java:477)
	at org.apache.ratis.server.raftlog.segmented.SegmentedRaftLogWorker.run(SegmentedRaftLogWorker.java:289)
	at java.lang.Thread.run(Thread.java:748)
Caused by: java.util.concurrent.TimeoutException
	at java.util.concurrent.CompletableFuture.timedGet(CompletableFuture.java:1771)
	at java.util.concurrent.CompletableFuture.get(CompletableFuture.java:1915)
	at org.apache.ratis.util.IOUtils.getFromFuture(IOUtils.java:79)
	... 4 more
2019-09-12 13:09:17,537 [e2c05a36-c8a2-43f6-9f8f-11b9e2d7f4b8@group-203775717D2F-SegmentedRaftLogWorker] WARN  segmented.SegmentedRaftLogWorker (SegmentedRaftLogWorker.java:getFromFuture(90)) - Timeout 10/~
org.apache.ratis.protocol.TimeoutIOException: Timeout 10s: WriteLog:12: (t:1, i:12), STATEMACHINELOGENTRY, client-8389729FF037, cid=22-writeStateMachineData
	at org.apache.ratis.util.IOUtils.getFromFuture(IOUtils.java:87)
	at org.apache.ratis.server.raftlog.segmented.SegmentedRaftLogWorker$StateMachineDataPolicy.getFromFuture(SegmentedRaftLogWorker.java:87)
	at org.apache.ratis.server.raftlog.segmented.SegmentedRaftLogWorker$WriteLog.execute(SegmentedRaftLogWorker.java:477)
	at org.apache.ratis.server.raftlog.segmented.SegmentedRaftLogWorker.run(SegmentedRaftLogWorker.java:289)
	at java.lang.Thread.run(Thread.java:748)
Caused by: java.util.concurrent.TimeoutException
	at java.util.concurrent.CompletableFuture.timedGet(CompletableFuture.java:1771)
	at java.util.concurrent.CompletableFuture.get(CompletableFuture.java:1915)
	at org.apache.ratis.util.IOUtils.getFromFuture(IOUtils.java:79)
	... 4 more
2019-09-12 13:09:17,894 [java.util.concurrent.ThreadPoolExecutor$Worker@53f50db5[State = -1, empty queue]] WARN  server.GrpcLogAppender (GrpcLogAppender.java:timeoutAppendRequest(200)) - 5d275853-b846-4f86-bc5b-0ba421435051@group-203775717D2F->bd0b0c89-cb45-482d-bed2-ad92fc2d5050-GrpcLogAppender: appendEntries Timeout, request=5d275853-b846-4f86-bc5b-0ba421435051->bd0b0c89-cb45-482d-bed2-ad92fc2d5050#57-t1, previous=(t:1, i:13), leaderCommit=10, initializing? false, entries: <empty>
2019-09-12 13:09:17,894 [java.util.concurrent.ThreadPoolExecutor$Worker@6d2694e9[State = -1, empty queue]] WARN  server.GrpcLogAppender (GrpcLogAppender.java:timeoutAppendRequest(200)) - 5d275853-b846-4f86-bc5b-0ba421435051@group-203775717D2F->e2c05a36-c8a2-43f6-9f8f-11b9e2d7f4b8-GrpcLogAppender: appendEntries Timeout, request=5d275853-b846-4f86-bc5b-0ba421435051->e2c05a36-c8a2-43f6-9f8f-11b9e2d7f4b8#57-t1, previous=(t:1, i:13), leaderCommit=10, initializing? false, entries: <empty>
2019-09-12 13:09:18,778 [grpc-default-executor-1] INFO  client.GrpcClientProtocolClient (GrpcClientProtocolClient.java:onNext(264)) - client-8389729FF037->bd0b0c89-cb45-482d-bed2-ad92fc2d5050: receive RaftClientReply:client-8389729FF037->bd0b0c89-cb45-482d-bed2-ad92fc2d5050@group-203775717D2F, cid=21, FAILED org.apache.ratis.protocol.NotLeaderException: Server bd0b0c89-cb45-482d-bed2-ad92fc2d5050@group-203775717D2F is not the leader 5d275853-b846-4f86-bc5b-0ba421435051:192.168.34.38:43235, logIndex=0, commits[bd0b0c89-cb45-482d-bed2-ad92fc2d5050:c10, 5d275853-b846-4f86-bc5b-0ba421435051:c10, e2c05a36-c8a2-43f6-9f8f-11b9e2d7f4b8:c6]
2019-09-12 13:09:20,394 [java.util.concurrent.ThreadPoolExecutor$Worker@53f50db5[State = -1, empty queue]] WARN  server.GrpcLogAppender (GrpcLogAppender.java:timeoutAppendRequest(200)) - 5d275853-b846-4f86-bc5b-0ba421435051@group-203775717D2F->bd0b0c89-cb45-482d-bed2-ad92fc2d5050-GrpcLogAppender: appendEntries Timeout, request=5d275853-b846-4f86-bc5b-0ba421435051->bd0b0c89-cb45-482d-bed2-ad92fc2d5050#58-t1, previous=(t:1, i:13), leaderCommit=10, initializing? false, entries: <empty>
2019-09-12 13:09:20,394 [java.util.concurrent.ThreadPoolExecutor$Worker@6d2694e9[State = -1, empty queue]] WARN  server.GrpcLogAppender (GrpcLogAppender.java:timeoutAppendRequest(200)) - 5d275853-b846-4f86-bc5b-0ba421435051@group-203775717D2F->e2c05a36-c8a2-43f6-9f8f-11b9e2d7f4b8-GrpcLogAppender: appendEntries Timeout, request=5d275853-b846-4f86-bc5b-0ba421435051->e2c05a36-c8a2-43f6-9f8f-11b9e2d7f4b8#58-t1, previous=(t:1, i:13), leaderCommit=10, initializing? false, entries: <empty>
2019-09-12 13:09:22,895 [java.util.concurrent.ThreadPoolExecutor$Worker@6d2694e9[State = -1, empty queue]] WARN  server.GrpcLogAppender (GrpcLogAppender.java:timeoutAppendRequest(200)) - 5d275853-b846-4f86-bc5b-0ba421435051@group-203775717D2F->e2c05a36-c8a2-43f6-9f8f-11b9e2d7f4b8-GrpcLogAppender: appendEntries Timeout, request=5d275853-b846-4f86-bc5b-0ba421435051->e2c05a36-c8a2-43f6-9f8f-11b9e2d7f4b8#59-t1, previous=(t:1, i:13), leaderCommit=10, initializing? false, entries: <empty>
2019-09-12 13:09:22,895 [java.util.concurrent.ThreadPoolExecutor$Worker@53f50db5[State = -1, empty queue]] WARN  server.GrpcLogAppender (GrpcLogAppender.java:timeoutAppendRequest(200)) - 5d275853-b846-4f86-bc5b-0ba421435051@group-203775717D2F->bd0b0c89-cb45-482d-bed2-ad92fc2d5050-GrpcLogAppender: appendEntries Timeout, request=5d275853-b846-4f86-bc5b-0ba421435051->bd0b0c89-cb45-482d-bed2-ad92fc2d5050#59-t1, previous=(t:1, i:13), leaderCommit=10, initializing? false, entries: <empty>
2019-09-12 13:09:23,833 [grpc-default-executor-4] INFO  client.GrpcClientProtocolClient (GrpcClientProtocolClient.java:onNext(264)) - client-8389729FF037->e2c05a36-c8a2-43f6-9f8f-11b9e2d7f4b8: receive RaftClientReply:client-8389729FF037->e2c05a36-c8a2-43f6-9f8f-11b9e2d7f4b8@group-203775717D2F, cid=21, FAILED org.apache.ratis.protocol.NotLeaderException: Server e2c05a36-c8a2-43f6-9f8f-11b9e2d7f4b8@group-203775717D2F is not the leader 5d275853-b846-4f86-bc5b-0ba421435051:192.168.34.38:43235, logIndex=0, commits[e2c05a36-c8a2-43f6-9f8f-11b9e2d7f4b8:c10, 5d275853-b846-4f86-bc5b-0ba421435051:c10, bd0b0c89-cb45-482d-bed2-ad92fc2d5050:c6]
2019-09-12 13:09:25,395 [java.util.concurrent.ThreadPoolExecutor$Worker@6d2694e9[State = -1, empty queue]] WARN  server.GrpcLogAppender (GrpcLogAppender.java:timeoutAppendRequest(200)) - 5d275853-b846-4f86-bc5b-0ba421435051@group-203775717D2F->e2c05a36-c8a2-43f6-9f8f-11b9e2d7f4b8-GrpcLogAppender: appendEntries Timeout, request=5d275853-b846-4f86-bc5b-0ba421435051->e2c05a36-c8a2-43f6-9f8f-11b9e2d7f4b8#60-t1, previous=(t:1, i:13), leaderCommit=10, initializing? false, entries: <empty>
2019-09-12 13:09:25,395 [java.util.concurrent.ThreadPoolExecutor$Worker@53f50db5[State = -1, empty queue]] WARN  server.GrpcLogAppender (GrpcLogAppender.java:timeoutAppendRequest(200)) - 5d275853-b846-4f86-bc5b-0ba421435051@group-203775717D2F->bd0b0c89-cb45-482d-bed2-ad92fc2d5050-GrpcLogAppender: appendEntries Timeout, request=5d275853-b846-4f86-bc5b-0ba421435051->bd0b0c89-cb45-482d-bed2-ad92fc2d5050#60-t1, previous=(t:1, i:13), leaderCommit=10, initializing? false, entries: <empty>
2019-09-12 13:09:27,379 [bd0b0c89-cb45-482d-bed2-ad92fc2d5050@group-203775717D2F-SegmentedRaftLogWorker] WARN  segmented.SegmentedRaftLogWorker (SegmentedRaftLogWorker.java:getFromFuture(90)) - Timeout 11/~
org.apache.ratis.protocol.TimeoutIOException: Timeout 10s: WriteLog:11: (t:1, i:11), STATEMACHINELOGENTRY, client-8389729FF037, cid=21-writeStateMachineData
	at org.apache.ratis.util.IOUtils.getFromFuture(IOUtils.java:87)
	at org.apache.ratis.server.raftlog.segmented.SegmentedRaftLogWorker$StateMachineDataPolicy.getFromFuture(SegmentedRaftLogWorker.java:87)
	at org.apache.ratis.server.raftlog.segmented.SegmentedRaftLogWorker$WriteLog.execute(SegmentedRaftLogWorker.java:477)
	at org.apache.ratis.server.raftlog.segmented.SegmentedRaftLogWorker.run(SegmentedRaftLogWorker.java:289)
	at java.lang.Thread.run(Thread.java:748)
Caused by: java.util.concurrent.TimeoutException
	at java.util.concurrent.CompletableFuture.timedGet(CompletableFuture.java:1771)
	at java.util.concurrent.CompletableFuture.get(CompletableFuture.java:1915)
	at org.apache.ratis.util.IOUtils.getFromFuture(IOUtils.java:79)
	... 4 more
2019-09-12 13:09:27,439 [org.apache.ratis.server.impl.LogAppender$AppenderDaemon$$Lambda$485/1236579333@5858e0e3] ERROR ratis.XceiverServerRatis (XceiverServerRatis.java:triggerPipelineClose(568)) - pipeline Action CLOSE  on pipeline PipelineID=7700c51d-9357-46f7-9d29-203775717d2f.Reason : 5d275853-b846-4f86-bc5b-0ba421435051 has not seen follower/s bd0b0c89-cb45-482d-bed2-ad92fc2d5050 for 120317ms e2c05a36-c8a2-43f6-9f8f-11b9e2d7f4b8 for 120314ms
2019-09-12 13:09:27,439 [org.apache.ratis.server.impl.LogAppender$AppenderDaemon$$Lambda$485/1236579333@5f4f9d52] ERROR ratis.XceiverServerRatis (XceiverServerRatis.java:triggerPipelineClose(568)) - pipeline Action CLOSE  on pipeline PipelineID=7700c51d-9357-46f7-9d29-203775717d2f.Reason : 5d275853-b846-4f86-bc5b-0ba421435051 has not seen follower/s bd0b0c89-cb45-482d-bed2-ad92fc2d5050 for 120317ms e2c05a36-c8a2-43f6-9f8f-11b9e2d7f4b8 for 120314ms
2019-09-12 13:09:27,540 [5d275853-b846-4f86-bc5b-0ba421435051@group-203775717D2F-SegmentedRaftLogWorker] WARN  segmented.SegmentedRaftLogWorker (SegmentedRaftLogWorker.java:getFromFuture(90)) - Timeout 11/~
org.apache.ratis.protocol.TimeoutIOException: Timeout 10s: WriteLog:12: (t:1, i:12), STATEMACHINELOGENTRY, client-8389729FF037, cid=22-writeStateMachineData
	at org.apache.ratis.util.IOUtils.getFromFuture(IOUtils.java:87)
	at org.apache.ratis.server.raftlog.segmented.SegmentedRaftLogWorker$StateMachineDataPolicy.getFromFuture(SegmentedRaftLogWorker.java:87)
	at org.apache.ratis.server.raftlog.segmented.SegmentedRaftLogWorker$WriteLog.execute(SegmentedRaftLogWorker.java:477)
	at org.apache.ratis.server.raftlog.segmented.SegmentedRaftLogWorker.run(SegmentedRaftLogWorker.java:289)
	at java.lang.Thread.run(Thread.java:748)
Caused by: java.util.concurrent.TimeoutException
	at java.util.concurrent.CompletableFuture.timedGet(CompletableFuture.java:1771)
	at java.util.concurrent.CompletableFuture.get(CompletableFuture.java:1915)
	at org.apache.ratis.util.IOUtils.getFromFuture(IOUtils.java:79)
	... 4 more
2019-09-12 13:09:27,540 [e2c05a36-c8a2-43f6-9f8f-11b9e2d7f4b8@group-203775717D2F-SegmentedRaftLogWorker] WARN  segmented.SegmentedRaftLogWorker (SegmentedRaftLogWorker.java:getFromFuture(90)) - Timeout 11/~
org.apache.ratis.protocol.TimeoutIOException: Timeout 10s: WriteLog:12: (t:1, i:12), STATEMACHINELOGENTRY, client-8389729FF037, cid=22-writeStateMachineData
	at org.apache.ratis.util.IOUtils.getFromFuture(IOUtils.java:87)
	at org.apache.ratis.server.raftlog.segmented.SegmentedRaftLogWorker$StateMachineDataPolicy.getFromFuture(SegmentedRaftLogWorker.java:87)
	at org.apache.ratis.server.raftlog.segmented.SegmentedRaftLogWorker$WriteLog.execute(SegmentedRaftLogWorker.java:477)
	at org.apache.ratis.server.raftlog.segmented.SegmentedRaftLogWorker.run(SegmentedRaftLogWorker.java:289)
	at java.lang.Thread.run(Thread.java:748)
Caused by: java.util.concurrent.TimeoutException
	at java.util.concurrent.CompletableFuture.timedGet(CompletableFuture.java:1771)
	at java.util.concurrent.CompletableFuture.get(CompletableFuture.java:1915)
	at org.apache.ratis.util.IOUtils.getFromFuture(IOUtils.java:79)
	... 4 more
2019-09-12 13:09:27,549 [EventQueue-PipelineActionsForPipelineActionHandler] ERROR pipeline.PipelineActionHandler (PipelineActionHandler.java:onMessage(60)) - Received pipeline action CLOSE for Pipeline[ Id: 7700c51d-9357-46f7-9d29-203775717d2f, Nodes: bd0b0c89-cb45-482d-bed2-ad92fc2d5050{ip: 192.168.34.38, host: pr-hdds-2007-65vhz-3510356991, networkLocation: /default-rack, certSerialId: null}5d275853-b846-4f86-bc5b-0ba421435051{ip: 192.168.34.38, host: pr-hdds-2007-65vhz-3510356991, networkLocation: /default-rack, certSerialId: null}e2c05a36-c8a2-43f6-9f8f-11b9e2d7f4b8{ip: 192.168.34.38, host: pr-hdds-2007-65vhz-3510356991, networkLocation: /default-rack, certSerialId: null}, Type:RATIS, Factor:THREE, State:OPEN] from datanode 5d275853-b846-4f86-bc5b-0ba421435051{ip: 192.168.34.38, host: pr-hdds-2007-65vhz-3510356991, networkLocation: /default-rack, certSerialId: null}. Reason : 5d275853-b846-4f86-bc5b-0ba421435051 has not seen follower/s bd0b0c89-cb45-482d-bed2-ad92fc2d5050 for 120317ms e2c05a36-c8a2-43f6-9f8f-11b9e2d7f4b8 for 120314ms
2019-09-12 13:09:27,549 [EventQueue-PipelineActionsForPipelineActionHandler] INFO  pipeline.SCMPipelineManager (SCMPipelineManager.java:finalizeAndDestroyPipeline(311)) - destroying pipeline:Pipeline[ Id: 7700c51d-9357-46f7-9d29-203775717d2f, Nodes: bd0b0c89-cb45-482d-bed2-ad92fc2d5050{ip: 192.168.34.38, host: pr-hdds-2007-65vhz-3510356991, networkLocation: /default-rack, certSerialId: null}5d275853-b846-4f86-bc5b-0ba421435051{ip: 192.168.34.38, host: pr-hdds-2007-65vhz-3510356991, networkLocation: /default-rack, certSerialId: null}e2c05a36-c8a2-43f6-9f8f-11b9e2d7f4b8{ip: 192.168.34.38, host: pr-hdds-2007-65vhz-3510356991, networkLocation: /default-rack, certSerialId: null}, Type:RATIS, Factor:THREE, State:OPEN]
2019-09-12 13:09:27,550 [EventQueue-PipelineActionsForPipelineActionHandler] INFO  pipeline.PipelineStateManager (PipelineStateManager.java:finalizePipeline(123)) - Pipeline Pipeline[ Id: 7700c51d-9357-46f7-9d29-203775717d2f, Nodes: bd0b0c89-cb45-482d-bed2-ad92fc2d5050{ip: 192.168.34.38, host: pr-hdds-2007-65vhz-3510356991, networkLocation: /default-rack, certSerialId: null}5d275853-b846-4f86-bc5b-0ba421435051{ip: 192.168.34.38, host: pr-hdds-2007-65vhz-3510356991, networkLocation: /default-rack, certSerialId: null}e2c05a36-c8a2-43f6-9f8f-11b9e2d7f4b8{ip: 192.168.34.38, host: pr-hdds-2007-65vhz-3510356991, networkLocation: /default-rack, certSerialId: null}, Type:RATIS, Factor:THREE, State:CLOSED] moved to CLOSED state
2019-09-12 13:09:27,552 [EventQueue-CloseContainerForCloseContainerEventHandler] INFO  container.CloseContainerEventHandler (CloseContainerEventHandler.java:onMessage(61)) - Close container Event triggered for container : #2
2019-09-12 13:09:27,559 [EventQueue-CloseContainerForCloseContainerEventHandler] INFO  container.CloseContainerEventHandler (CloseContainerEventHandler.java:onMessage(61)) - Close container Event triggered for container : #3
2019-09-12 13:09:27,896 [java.util.concurrent.ThreadPoolExecutor$Worker@6d2694e9[State = -1, empty queue]] WARN  server.GrpcLogAppender (GrpcLogAppender.java:timeoutAppendRequest(200)) - 5d275853-b846-4f86-bc5b-0ba421435051@group-203775717D2F->e2c05a36-c8a2-43f6-9f8f-11b9e2d7f4b8-GrpcLogAppender: appendEntries Timeout, request=5d275853-b846-4f86-bc5b-0ba421435051->e2c05a36-c8a2-43f6-9f8f-11b9e2d7f4b8#61-t1, previous=(t:1, i:13), leaderCommit=10, initializing? false, entries: <empty>
2019-09-12 13:09:27,896 [java.util.concurrent.ThreadPoolExecutor$Worker@53f50db5[State = -1, empty queue]] WARN  server.GrpcLogAppender (GrpcLogAppender.java:timeoutAppendRequest(200)) - 5d275853-b846-4f86-bc5b-0ba421435051@group-203775717D2F->bd0b0c89-cb45-482d-bed2-ad92fc2d5050-GrpcLogAppender: appendEntries Timeout, request=5d275853-b846-4f86-bc5b-0ba421435051->bd0b0c89-cb45-482d-bed2-ad92fc2d5050#61-t1, previous=(t:1, i:13), leaderCommit=10, initializing? false, entries: <empty>
2019-09-12 13:09:28,887 [grpc-default-executor-3] INFO  client.GrpcClientProtocolClient (GrpcClientProtocolClient.java:onNext(264)) - client-8389729FF037->e2c05a36-c8a2-43f6-9f8f-11b9e2d7f4b8: receive RaftClientReply:client-8389729FF037->e2c05a36-c8a2-43f6-9f8f-11b9e2d7f4b8@group-203775717D2F, cid=21, FAILED org.apache.ratis.protocol.NotLeaderException: Server e2c05a36-c8a2-43f6-9f8f-11b9e2d7f4b8@group-203775717D2F is not the leader 5d275853-b846-4f86-bc5b-0ba421435051:192.168.34.38:43235, logIndex=0, commits[e2c05a36-c8a2-43f6-9f8f-11b9e2d7f4b8:c10, 5d275853-b846-4f86-bc5b-0ba421435051:c10, bd0b0c89-cb45-482d-bed2-ad92fc2d5050:c6]
2019-09-12 13:09:29,560 [org.apache.ratis.server.impl.LogAppender$AppenderDaemon$$Lambda$485/1236579333@5f4f9d52] ERROR ratis.XceiverServerRatis (XceiverServerRatis.java:triggerPipelineClose(568)) - pipeline Action CLOSE  on pipeline PipelineID=7700c51d-9357-46f7-9d29-203775717d2f.Reason : 5d275853-b846-4f86-bc5b-0ba421435051 has not seen follower/s bd0b0c89-cb45-482d-bed2-ad92fc2d5050 for 122457ms e2c05a36-c8a2-43f6-9f8f-11b9e2d7f4b8 for 122450ms
2019-09-12 13:09:29,560 [org.apache.ratis.server.impl.LogAppender$AppenderDaemon$$Lambda$485/1236579333@5858e0e3] ERROR ratis.XceiverServerRatis (XceiverServerRatis.java:triggerPipelineClose(568)) - pipeline Action CLOSE  on pipeline PipelineID=7700c51d-9357-46f7-9d29-203775717d2f.Reason : 5d275853-b846-4f86-bc5b-0ba421435051 has not seen follower/s bd0b0c89-cb45-482d-bed2-ad92fc2d5050 for 122457ms e2c05a36-c8a2-43f6-9f8f-11b9e2d7f4b8 for 122450ms
2019-09-12 13:09:30,396 [java.util.concurrent.ThreadPoolExecutor$Worker@6d2694e9[State = -1, empty queue]] WARN  server.GrpcLogAppender (GrpcLogAppender.java:timeoutAppendRequest(200)) - 5d275853-b846-4f86-bc5b-0ba421435051@group-203775717D2F->e2c05a36-c8a2-43f6-9f8f-11b9e2d7f4b8-GrpcLogAppender: appendEntries Timeout, request=5d275853-b846-4f86-bc5b-0ba421435051->e2c05a36-c8a2-43f6-9f8f-11b9e2d7f4b8#62-t1, previous=(t:1, i:13), leaderCommit=10, initializing? false, entries: <empty>
2019-09-12 13:09:30,396 [java.util.concurrent.ThreadPoolExecutor$Worker@53f50db5[State = -1, empty queue]] WARN  server.GrpcLogAppender (GrpcLogAppender.java:timeoutAppendRequest(200)) - 5d275853-b846-4f86-bc5b-0ba421435051@group-203775717D2F->bd0b0c89-cb45-482d-bed2-ad92fc2d5050-GrpcLogAppender: appendEntries Timeout, request=5d275853-b846-4f86-bc5b-0ba421435051->bd0b0c89-cb45-482d-bed2-ad92fc2d5050#62-t1, previous=(t:1, i:13), leaderCommit=10, initializing? false, entries: <empty>
2019-09-12 13:09:30,554 [EventQueue-PipelineActionsForPipelineActionHandler] ERROR pipeline.PipelineActionHandler (PipelineActionHandler.java:onMessage(60)) - Received pipeline action CLOSE for Pipeline[ Id: 7700c51d-9357-46f7-9d29-203775717d2f, Nodes: bd0b0c89-cb45-482d-bed2-ad92fc2d5050{ip: 192.168.34.38, host: pr-hdds-2007-65vhz-3510356991, networkLocation: /default-rack, certSerialId: null}5d275853-b846-4f86-bc5b-0ba421435051{ip: 192.168.34.38, host: pr-hdds-2007-65vhz-3510356991, networkLocation: /default-rack, certSerialId: null}e2c05a36-c8a2-43f6-9f8f-11b9e2d7f4b8{ip: 192.168.34.38, host: pr-hdds-2007-65vhz-3510356991, networkLocation: /default-rack, certSerialId: null}, Type:RATIS, Factor:THREE, State:CLOSED] from datanode 5d275853-b846-4f86-bc5b-0ba421435051{ip: 192.168.34.38, host: pr-hdds-2007-65vhz-3510356991, networkLocation: /default-rack, certSerialId: null}. Reason : 5d275853-b846-4f86-bc5b-0ba421435051 has not seen follower/s bd0b0c89-cb45-482d-bed2-ad92fc2d5050 for 122457ms e2c05a36-c8a2-43f6-9f8f-11b9e2d7f4b8 for 122450ms
2019-09-12 13:09:30,554 [EventQueue-PipelineActionsForPipelineActionHandler] INFO  pipeline.SCMPipelineManager (SCMPipelineManager.java:finalizeAndDestroyPipeline(311)) - destroying pipeline:Pipeline[ Id: 7700c51d-9357-46f7-9d29-203775717d2f, Nodes: bd0b0c89-cb45-482d-bed2-ad92fc2d5050{ip: 192.168.34.38, host: pr-hdds-2007-65vhz-3510356991, networkLocation: /default-rack, certSerialId: null}5d275853-b846-4f86-bc5b-0ba421435051{ip: 192.168.34.38, host: pr-hdds-2007-65vhz-3510356991, networkLocation: /default-rack, certSerialId: null}e2c05a36-c8a2-43f6-9f8f-11b9e2d7f4b8{ip: 192.168.34.38, host: pr-hdds-2007-65vhz-3510356991, networkLocation: /default-rack, certSerialId: null}, Type:RATIS, Factor:THREE, State:CLOSED]
2019-09-12 13:09:32,060 [org.apache.ratis.server.impl.LogAppender$AppenderDaemon$$Lambda$485/1236579333@5858e0e3] ERROR ratis.XceiverServerRatis (XceiverServerRatis.java:triggerPipelineClose(568)) - pipeline Action CLOSE  on pipeline PipelineID=7700c51d-9357-46f7-9d29-203775717d2f.Reason : 5d275853-b846-4f86-bc5b-0ba421435051 has not seen follower/s bd0b0c89-cb45-482d-bed2-ad92fc2d5050 for 124957ms e2c05a36-c8a2-43f6-9f8f-11b9e2d7f4b8 for 124951ms
2019-09-12 13:09:32,064 [org.apache.ratis.server.impl.LogAppender$AppenderDaemon$$Lambda$485/1236579333@5f4f9d52] ERROR ratis.XceiverServerRatis (XceiverServerRatis.java:triggerPipelineClose(568)) - pipeline Action CLOSE  on pipeline PipelineID=7700c51d-9357-46f7-9d29-203775717d2f.Reason : 5d275853-b846-4f86-bc5b-0ba421435051 has not seen follower/s bd0b0c89-cb45-482d-bed2-ad92fc2d5050 for 124961ms e2c05a36-c8a2-43f6-9f8f-11b9e2d7f4b8 for 124954ms
2019-09-12 13:09:32,554 [EventQueue-PipelineActionsForPipelineActionHandler] ERROR pipeline.PipelineActionHandler (PipelineActionHandler.java:onMessage(60)) - Received pipeline action CLOSE for Pipeline[ Id: 7700c51d-9357-46f7-9d29-203775717d2f, Nodes: bd0b0c89-cb45-482d-bed2-ad92fc2d5050{ip: 192.168.34.38, host: pr-hdds-2007-65vhz-3510356991, networkLocation: /default-rack, certSerialId: null}5d275853-b846-4f86-bc5b-0ba421435051{ip: 192.168.34.38, host: pr-hdds-2007-65vhz-3510356991, networkLocation: /default-rack, certSerialId: null}e2c05a36-c8a2-43f6-9f8f-11b9e2d7f4b8{ip: 192.168.34.38, host: pr-hdds-2007-65vhz-3510356991, networkLocation: /default-rack, certSerialId: null}, Type:RATIS, Factor:THREE, State:CLOSED] from datanode 5d275853-b846-4f86-bc5b-0ba421435051{ip: 192.168.34.38, host: pr-hdds-2007-65vhz-3510356991, networkLocation: /default-rack, certSerialId: null}. Reason : 5d275853-b846-4f86-bc5b-0ba421435051 has not seen follower/s bd0b0c89-cb45-482d-bed2-ad92fc2d5050 for 124957ms e2c05a36-c8a2-43f6-9f8f-11b9e2d7f4b8 for 124951ms
2019-09-12 13:09:32,554 [EventQueue-PipelineActionsForPipelineActionHandler] INFO  pipeline.SCMPipelineManager (SCMPipelineManager.java:finalizeAndDestroyPipeline(311)) - destroying pipeline:Pipeline[ Id: 7700c51d-9357-46f7-9d29-203775717d2f, Nodes: bd0b0c89-cb45-482d-bed2-ad92fc2d5050{ip: 192.168.34.38, host: pr-hdds-2007-65vhz-3510356991, networkLocation: /default-rack, certSerialId: null}5d275853-b846-4f86-bc5b-0ba421435051{ip: 192.168.34.38, host: pr-hdds-2007-65vhz-3510356991, networkLocation: /default-rack, certSerialId: null}e2c05a36-c8a2-43f6-9f8f-11b9e2d7f4b8{ip: 192.168.34.38, host: pr-hdds-2007-65vhz-3510356991, networkLocation: /default-rack, certSerialId: null}, Type:RATIS, Factor:THREE, State:CLOSED]
2019-09-12 13:09:32,560 [java.util.concurrent.ThreadPoolExecutor$Worker@6d2694e9[State = -1, empty queue]] WARN  server.GrpcLogAppender (GrpcLogAppender.java:timeoutAppendRequest(200)) - 5d275853-b846-4f86-bc5b-0ba421435051@group-203775717D2F->e2c05a36-c8a2-43f6-9f8f-11b9e2d7f4b8-GrpcLogAppender: appendEntries Timeout, request=5d275853-b846-4f86-bc5b-0ba421435051->e2c05a36-c8a2-43f6-9f8f-11b9e2d7f4b8#63-t1, previous=(t:1, i:13), leaderCommit=10, initializing? false, entries: size=1, first=(t:1, i:14), STATEMACHINELOGENTRY, client-80EEEC3F6795, cid=1
2019-09-12 13:09:32,560 [java.util.concurrent.ThreadPoolExecutor$Worker@53f50db5[State = -1, empty queue]] WARN  server.GrpcLogAppender (GrpcLogAppender.java:timeoutAppendRequest(200)) - 5d275853-b846-4f86-bc5b-0ba421435051@group-203775717D2F->bd0b0c89-cb45-482d-bed2-ad92fc2d5050-GrpcLogAppender: appendEntries Timeout, request=5d275853-b846-4f86-bc5b-0ba421435051->bd0b0c89-cb45-482d-bed2-ad92fc2d5050#63-t1, previous=(t:1, i:13), leaderCommit=10, initializing? false, entries: size=1, first=(t:1, i:14), STATEMACHINELOGENTRY, client-80EEEC3F6795, cid=1
2019-09-12 13:09:33,938 [grpc-default-executor-3] INFO  client.GrpcClientProtocolClient (GrpcClientProtocolClient.java:onNext(264)) - client-8389729FF037->e2c05a36-c8a2-43f6-9f8f-11b9e2d7f4b8: receive RaftClientReply:client-8389729FF037->e2c05a36-c8a2-43f6-9f8f-11b9e2d7f4b8@group-203775717D2F, cid=21, FAILED org.apache.ratis.protocol.NotLeaderException: Server e2c05a36-c8a2-43f6-9f8f-11b9e2d7f4b8@group-203775717D2F is not the leader 5d275853-b846-4f86-bc5b-0ba421435051:192.168.34.38:43235, logIndex=0, commits[e2c05a36-c8a2-43f6-9f8f-11b9e2d7f4b8:c10, 5d275853-b846-4f86-bc5b-0ba421435051:c10, bd0b0c89-cb45-482d-bed2-ad92fc2d5050:c6]
2019-09-12 13:09:34,562 [org.apache.ratis.server.impl.LogAppender$AppenderDaemon$$Lambda$485/1236579333@5858e0e3] ERROR ratis.XceiverServerRatis (XceiverServerRatis.java:triggerPipelineClose(568)) - pipeline Action CLOSE  on pipeline PipelineID=7700c51d-9357-46f7-9d29-203775717d2f.Reason : 5d275853-b846-4f86-bc5b-0ba421435051 has not seen follower/s bd0b0c89-cb45-482d-bed2-ad92fc2d5050 for 127459ms e2c05a36-c8a2-43f6-9f8f-11b9e2d7f4b8 for 127452ms
2019-09-12 13:09:34,573 [org.apache.ratis.server.impl.LogAppender$AppenderDaemon$$Lambda$485/1236579333@5f4f9d52] ERROR ratis.XceiverServerRatis (XceiverServerRatis.java:triggerPipelineClose(568)) - pipeline Action CLOSE  on pipeline PipelineID=7700c51d-9357-46f7-9d29-203775717d2f.Reason : 5d275853-b846-4f86-bc5b-0ba421435051 has not seen follower/s bd0b0c89-cb45-482d-bed2-ad92fc2d5050 for 127470ms e2c05a36-c8a2-43f6-9f8f-11b9e2d7f4b8 for 127464ms
2019-09-12 13:09:35,060 [java.util.concurrent.ThreadPoolExecutor$Worker@53f50db5[State = -1, empty queue]] WARN  server.GrpcLogAppender (GrpcLogAppender.java:timeoutAppendRequest(200)) - 5d275853-b846-4f86-bc5b-0ba421435051@group-203775717D2F->bd0b0c89-cb45-482d-bed2-ad92fc2d5050-GrpcLogAppender: appendEntries Timeout, request=5d275853-b846-4f86-bc5b-0ba421435051->bd0b0c89-cb45-482d-bed2-ad92fc2d5050#64-t1, previous=(t:1, i:14), leaderCommit=10, initializing? false, entries: <empty>
2019-09-12 13:09:35,064 [java.util.concurrent.ThreadPoolExecutor$Worker@6d2694e9[State = -1, empty queue]] WARN  server.GrpcLogAppender (GrpcLogAppender.java:timeoutAppendRequest(200)) - 5d275853-b846-4f86-bc5b-0ba421435051@group-203775717D2F->e2c05a36-c8a2-43f6-9f8f-11b9e2d7f4b8-GrpcLogAppender: appendEntries Timeout, request=5d275853-b846-4f86-bc5b-0ba421435051->e2c05a36-c8a2-43f6-9f8f-11b9e2d7f4b8#64-t1, previous=(t:1, i:14), leaderCommit=10, initializing? false, entries: <empty>
2019-09-12 13:09:35,553 [EventQueue-PipelineActionsForPipelineActionHandler] ERROR pipeline.PipelineActionHandler (PipelineActionHandler.java:onMessage(60)) - Received pipeline action CLOSE for Pipeline[ Id: 7700c51d-9357-46f7-9d29-203775717d2f, Nodes: bd0b0c89-cb45-482d-bed2-ad92fc2d5050{ip: 192.168.34.38, host: pr-hdds-2007-65vhz-3510356991, networkLocation: /default-rack, certSerialId: null}5d275853-b846-4f86-bc5b-0ba421435051{ip: 192.168.34.38, host: pr-hdds-2007-65vhz-3510356991, networkLocation: /default-rack, certSerialId: null}e2c05a36-c8a2-43f6-9f8f-11b9e2d7f4b8{ip: 192.168.34.38, host: pr-hdds-2007-65vhz-3510356991, networkLocation: /default-rack, certSerialId: null}, Type:RATIS, Factor:THREE, State:CLOSED] from datanode 5d275853-b846-4f86-bc5b-0ba421435051{ip: 192.168.34.38, host: pr-hdds-2007-65vhz-3510356991, networkLocation: /default-rack, certSerialId: null}. Reason : 5d275853-b846-4f86-bc5b-0ba421435051 has not seen follower/s bd0b0c89-cb45-482d-bed2-ad92fc2d5050 for 127459ms e2c05a36-c8a2-43f6-9f8f-11b9e2d7f4b8 for 127452ms
2019-09-12 13:09:35,554 [EventQueue-PipelineActionsForPipelineActionHandler] INFO  pipeline.SCMPipelineManager (SCMPipelineManager.java:finalizeAndDestroyPipeline(311)) - destroying pipeline:Pipeline[ Id: 7700c51d-9357-46f7-9d29-203775717d2f, Nodes: bd0b0c89-cb45-482d-bed2-ad92fc2d5050{ip: 192.168.34.38, host: pr-hdds-2007-65vhz-3510356991, networkLocation: /default-rack, certSerialId: null}5d275853-b846-4f86-bc5b-0ba421435051{ip: 192.168.34.38, host: pr-hdds-2007-65vhz-3510356991, networkLocation: /default-rack, certSerialId: null}e2c05a36-c8a2-43f6-9f8f-11b9e2d7f4b8{ip: 192.168.34.38, host: pr-hdds-2007-65vhz-3510356991, networkLocation: /default-rack, certSerialId: null}, Type:RATIS, Factor:THREE, State:CLOSED]
2019-09-12 13:09:37,063 [org.apache.ratis.server.impl.LogAppender$AppenderDaemon$$Lambda$485/1236579333@5858e0e3] ERROR ratis.XceiverServerRatis (XceiverServerRatis.java:triggerPipelineClose(568)) - pipeline Action CLOSE  on pipeline PipelineID=7700c51d-9357-46f7-9d29-203775717d2f.Reason : 5d275853-b846-4f86-bc5b-0ba421435051 has not seen follower/s bd0b0c89-cb45-482d-bed2-ad92fc2d5050 for 129960ms e2c05a36-c8a2-43f6-9f8f-11b9e2d7f4b8 for 129953ms
2019-09-12 13:09:37,074 [org.apache.ratis.server.impl.LogAppender$AppenderDaemon$$Lambda$485/1236579333@5f4f9d52] ERROR ratis.XceiverServerRatis (XceiverServerRatis.java:triggerPipelineClose(568)) - pipeline Action CLOSE  on pipeline PipelineID=7700c51d-9357-46f7-9d29-203775717d2f.Reason : 5d275853-b846-4f86-bc5b-0ba421435051 has not seen follower/s bd0b0c89-cb45-482d-bed2-ad92fc2d5050 for 129972ms e2c05a36-c8a2-43f6-9f8f-11b9e2d7f4b8 for 129965ms
2019-09-12 13:09:37,381 [bd0b0c89-cb45-482d-bed2-ad92fc2d5050@group-203775717D2F-SegmentedRaftLogWorker] WARN  segmented.SegmentedRaftLogWorker (SegmentedRaftLogWorker.java:getFromFuture(90)) - Timeout 12/~
org.apache.ratis.protocol.TimeoutIOException: Timeout 10s: WriteLog:11: (t:1, i:11), STATEMACHINELOGENTRY, client-8389729FF037, cid=21-writeStateMachineData
	at org.apache.ratis.util.IOUtils.getFromFuture(IOUtils.java:87)
	at org.apache.ratis.server.raftlog.segmented.SegmentedRaftLogWorker$StateMachineDataPolicy.getFromFuture(SegmentedRaftLogWorker.java:87)
	at org.apache.ratis.server.raftlog.segmented.SegmentedRaftLogWorker$WriteLog.execute(SegmentedRaftLogWorker.java:477)
	at org.apache.ratis.server.raftlog.segmented.SegmentedRaftLogWorker.run(SegmentedRaftLogWorker.java:289)
	at java.lang.Thread.run(Thread.java:748)
Caused by: java.util.concurrent.TimeoutException
	at java.util.concurrent.CompletableFuture.timedGet(CompletableFuture.java:1771)
	at java.util.concurrent.CompletableFuture.get(CompletableFuture.java:1915)
	at org.apache.ratis.util.IOUtils.getFromFuture(IOUtils.java:79)
	... 4 more
2019-09-12 13:09:37,541 [5d275853-b846-4f86-bc5b-0ba421435051@group-203775717D2F-SegmentedRaftLogWorker] WARN  segmented.SegmentedRaftLogWorker (SegmentedRaftLogWorker.java:getFromFuture(90)) - Timeout 12/~
org.apache.ratis.protocol.TimeoutIOException: Timeout 10s: WriteLog:12: (t:1, i:12), STATEMACHINELOGENTRY, client-8389729FF037, cid=22-writeStateMachineData
	at org.apache.ratis.util.IOUtils.getFromFuture(IOUtils.java:87)
	at org.apache.ratis.server.raftlog.segmented.SegmentedRaftLogWorker$StateMachineDataPolicy.getFromFuture(SegmentedRaftLogWorker.java:87)
	at org.apache.ratis.server.raftlog.segmented.SegmentedRaftLogWorker$WriteLog.execute(SegmentedRaftLogWorker.java:477)
	at org.apache.ratis.server.raftlog.segmented.SegmentedRaftLogWorker.run(SegmentedRaftLogWorker.java:289)
	at java.lang.Thread.run(Thread.java:748)
Caused by: java.util.concurrent.TimeoutException
	at java.util.concurrent.CompletableFuture.timedGet(CompletableFuture.java:1771)
	at java.util.concurrent.CompletableFuture.get(CompletableFuture.java:1915)
	at org.apache.ratis.util.IOUtils.getFromFuture(IOUtils.java:79)
	... 4 more
2019-09-12 13:09:37,541 [e2c05a36-c8a2-43f6-9f8f-11b9e2d7f4b8@group-203775717D2F-SegmentedRaftLogWorker] WARN  segmented.SegmentedRaftLogWorker (SegmentedRaftLogWorker.java:getFromFuture(90)) - Timeout 12/~
org.apache.ratis.protocol.TimeoutIOException: Timeout 10s: WriteLog:12: (t:1, i:12), STATEMACHINELOGENTRY, client-8389729FF037, cid=22-writeStateMachineData
	at org.apache.ratis.util.IOUtils.getFromFuture(IOUtils.java:87)
	at org.apache.ratis.server.raftlog.segmented.SegmentedRaftLogWorker$StateMachineDataPolicy.getFromFuture(SegmentedRaftLogWorker.java:87)
	at org.apache.ratis.server.raftlog.segmented.SegmentedRaftLogWorker$WriteLog.execute(SegmentedRaftLogWorker.java:477)
	at org.apache.ratis.server.raftlog.segmented.SegmentedRaftLogWorker.run(SegmentedRaftLogWorker.java:289)
	at java.lang.Thread.run(Thread.java:748)
Caused by: java.util.concurrent.TimeoutException
	at java.util.concurrent.CompletableFuture.timedGet(CompletableFuture.java:1771)
	at java.util.concurrent.CompletableFuture.get(CompletableFuture.java:1915)
	at org.apache.ratis.util.IOUtils.getFromFuture(IOUtils.java:79)
	... 4 more
2019-09-12 13:09:37,554 [EventQueue-PipelineActionsForPipelineActionHandler] ERROR pipeline.PipelineActionHandler (PipelineActionHandler.java:onMessage(60)) - Received pipeline action CLOSE for Pipeline[ Id: 7700c51d-9357-46f7-9d29-203775717d2f, Nodes: bd0b0c89-cb45-482d-bed2-ad92fc2d5050{ip: 192.168.34.38, host: pr-hdds-2007-65vhz-3510356991, networkLocation: /default-rack, certSerialId: null}5d275853-b846-4f86-bc5b-0ba421435051{ip: 192.168.34.38, host: pr-hdds-2007-65vhz-3510356991, networkLocation: /default-rack, certSerialId: null}e2c05a36-c8a2-43f6-9f8f-11b9e2d7f4b8{ip: 192.168.34.38, host: pr-hdds-2007-65vhz-3510356991, networkLocation: /default-rack, certSerialId: null}, Type:RATIS, Factor:THREE, State:CLOSED] from datanode 5d275853-b846-4f86-bc5b-0ba421435051{ip: 192.168.34.38, host: pr-hdds-2007-65vhz-3510356991, networkLocation: /default-rack, certSerialId: null}. Reason : 5d275853-b846-4f86-bc5b-0ba421435051 has not seen follower/s bd0b0c89-cb45-482d-bed2-ad92fc2d5050 for 129960ms e2c05a36-c8a2-43f6-9f8f-11b9e2d7f4b8 for 129953ms
2019-09-12 13:09:37,554 [EventQueue-PipelineActionsForPipelineActionHandler] INFO  pipeline.SCMPipelineManager (SCMPipelineManager.java:finalizeAndDestroyPipeline(311)) - destroying pipeline:Pipeline[ Id: 7700c51d-9357-46f7-9d29-203775717d2f, Nodes: bd0b0c89-cb45-482d-bed2-ad92fc2d5050{ip: 192.168.34.38, host: pr-hdds-2007-65vhz-3510356991, networkLocation: /default-rack, certSerialId: null}5d275853-b846-4f86-bc5b-0ba421435051{ip: 192.168.34.38, host: pr-hdds-2007-65vhz-3510356991, networkLocation: /default-rack, certSerialId: null}e2c05a36-c8a2-43f6-9f8f-11b9e2d7f4b8{ip: 192.168.34.38, host: pr-hdds-2007-65vhz-3510356991, networkLocation: /default-rack, certSerialId: null}, Type:RATIS, Factor:THREE, State:CLOSED]
2019-09-12 13:09:37,562 [java.util.concurrent.ThreadPoolExecutor$Worker@53f50db5[State = -1, empty queue]] WARN  server.GrpcLogAppender (GrpcLogAppender.java:timeoutAppendRequest(200)) - 5d275853-b846-4f86-bc5b-0ba421435051@group-203775717D2F->bd0b0c89-cb45-482d-bed2-ad92fc2d5050-GrpcLogAppender: appendEntries Timeout, request=5d275853-b846-4f86-bc5b-0ba421435051->bd0b0c89-cb45-482d-bed2-ad92fc2d5050#65-t1, previous=(t:1, i:14), leaderCommit=10, initializing? false, entries: <empty>
2019-09-12 13:09:37,573 [java.util.concurrent.ThreadPoolExecutor$Worker@6d2694e9[State = -1, empty queue]] WARN  server.GrpcLogAppender (GrpcLogAppender.java:timeoutAppendRequest(200)) - 5d275853-b846-4f86-bc5b-0ba421435051@group-203775717D2F->e2c05a36-c8a2-43f6-9f8f-11b9e2d7f4b8-GrpcLogAppender: appendEntries Timeout, request=5d275853-b846-4f86-bc5b-0ba421435051->e2c05a36-c8a2-43f6-9f8f-11b9e2d7f4b8#65-t1, previous=(t:1, i:14), leaderCommit=10, initializing? false, entries: <empty>
2019-09-12 13:09:39,007 [grpc-default-executor-3] INFO  client.GrpcClientProtocolClient (GrpcClientProtocolClient.java:onNext(264)) - client-8389729FF037->bd0b0c89-cb45-482d-bed2-ad92fc2d5050: receive RaftClientReply:client-8389729FF037->bd0b0c89-cb45-482d-bed2-ad92fc2d5050@group-203775717D2F, cid=21, FAILED org.apache.ratis.protocol.NotLeaderException: Server bd0b0c89-cb45-482d-bed2-ad92fc2d5050@group-203775717D2F is not the leader 5d275853-b846-4f86-bc5b-0ba421435051:192.168.34.38:43235, logIndex=0, commits[bd0b0c89-cb45-482d-bed2-ad92fc2d5050:c10, 5d275853-b846-4f86-bc5b-0ba421435051:c10, e2c05a36-c8a2-43f6-9f8f-11b9e2d7f4b8:c6]
2019-09-12 13:09:39,564 [org.apache.ratis.server.impl.LogAppender$AppenderDaemon$$Lambda$485/1236579333@5858e0e3] ERROR ratis.XceiverServerRatis (XceiverServerRatis.java:triggerPipelineClose(568)) - pipeline Action CLOSE  on pipeline PipelineID=7700c51d-9357-46f7-9d29-203775717d2f.Reason : 5d275853-b846-4f86-bc5b-0ba421435051 has not seen follower/s bd0b0c89-cb45-482d-bed2-ad92fc2d5050 for 132461ms e2c05a36-c8a2-43f6-9f8f-11b9e2d7f4b8 for 132454ms
2019-09-12 13:09:39,576 [org.apache.ratis.server.impl.LogAppender$AppenderDaemon$$Lambda$485/1236579333@5f4f9d52] ERROR ratis.XceiverServerRatis (XceiverServerRatis.java:triggerPipelineClose(568)) - pipeline Action CLOSE  on pipeline PipelineID=7700c51d-9357-46f7-9d29-203775717d2f.Reason : 5d275853-b846-4f86-bc5b-0ba421435051 has not seen follower/s bd0b0c89-cb45-482d-bed2-ad92fc2d5050 for 132473ms e2c05a36-c8a2-43f6-9f8f-11b9e2d7f4b8 for 132466ms
2019-09-12 13:09:40,063 [java.util.concurrent.ThreadPoolExecutor$Worker@53f50db5[State = -1, empty queue]] WARN  server.GrpcLogAppender (GrpcLogAppender.java:timeoutAppendRequest(200)) - 5d275853-b846-4f86-bc5b-0ba421435051@group-203775717D2F->bd0b0c89-cb45-482d-bed2-ad92fc2d5050-GrpcLogAppender: appendEntries Timeout, request=5d275853-b846-4f86-bc5b-0ba421435051->bd0b0c89-cb45-482d-bed2-ad92fc2d5050#66-t1, previous=(t:1, i:14), leaderCommit=10, initializing? false, entries: <empty>
2019-09-12 13:09:40,074 [java.util.concurrent.ThreadPoolExecutor$Worker@6d2694e9[State = -1, empty queue]] WARN  server.GrpcLogAppender (GrpcLogAppender.java:timeoutAppendRequest(200)) - 5d275853-b846-4f86-bc5b-0ba421435051@group-203775717D2F->e2c05a36-c8a2-43f6-9f8f-11b9e2d7f4b8-GrpcLogAppender: appendEntries Timeout, request=5d275853-b846-4f86-bc5b-0ba421435051->e2c05a36-c8a2-43f6-9f8f-11b9e2d7f4b8#66-t1, previous=(t:1, i:14), leaderCommit=10, initializing? false, entries: <empty>
2019-09-12 13:09:40,555 [EventQueue-PipelineActionsForPipelineActionHandler] ERROR pipeline.PipelineActionHandler (PipelineActionHandler.java:onMessage(60)) - Received pipeline action CLOSE for Pipeline[ Id: 7700c51d-9357-46f7-9d29-203775717d2f, Nodes: bd0b0c89-cb45-482d-bed2-ad92fc2d5050{ip: 192.168.34.38, host: pr-hdds-2007-65vhz-3510356991, networkLocation: /default-rack, certSerialId: null}5d275853-b846-4f86-bc5b-0ba421435051{ip: 192.168.34.38, host: pr-hdds-2007-65vhz-3510356991, networkLocation: /default-rack, certSerialId: null}e2c05a36-c8a2-43f6-9f8f-11b9e2d7f4b8{ip: 192.168.34.38, host: pr-hdds-2007-65vhz-3510356991, networkLocation: /default-rack, certSerialId: null}, Type:RATIS, Factor:THREE, State:CLOSED] from datanode 5d275853-b846-4f86-bc5b-0ba421435051{ip: 192.168.34.38, host: pr-hdds-2007-65vhz-3510356991, networkLocation: /default-rack, certSerialId: null}. Reason : 5d275853-b846-4f86-bc5b-0ba421435051 has not seen follower/s bd0b0c89-cb45-482d-bed2-ad92fc2d5050 for 132461ms e2c05a36-c8a2-43f6-9f8f-11b9e2d7f4b8 for 132454ms
2019-09-12 13:09:40,555 [EventQueue-PipelineActionsForPipelineActionHandler] INFO  pipeline.SCMPipelineManager (SCMPipelineManager.java:finalizeAndDestroyPipeline(311)) - destroying pipeline:Pipeline[ Id: 7700c51d-9357-46f7-9d29-203775717d2f, Nodes: bd0b0c89-cb45-482d-bed2-ad92fc2d5050{ip: 192.168.34.38, host: pr-hdds-2007-65vhz-3510356991, networkLocation: /default-rack, certSerialId: null}5d275853-b846-4f86-bc5b-0ba421435051{ip: 192.168.34.38, host: pr-hdds-2007-65vhz-3510356991, networkLocation: /default-rack, certSerialId: null}e2c05a36-c8a2-43f6-9f8f-11b9e2d7f4b8{ip: 192.168.34.38, host: pr-hdds-2007-65vhz-3510356991, networkLocation: /default-rack, certSerialId: null}, Type:RATIS, Factor:THREE, State:CLOSED]
2019-09-12 13:09:42,067 [org.apache.ratis.server.impl.LogAppender$AppenderDaemon$$Lambda$485/1236579333@5858e0e3] ERROR ratis.XceiverServerRatis (XceiverServerRatis.java:triggerPipelineClose(568)) - pipeline Action CLOSE  on pipeline PipelineID=7700c51d-9357-46f7-9d29-203775717d2f.Reason : 5d275853-b846-4f86-bc5b-0ba421435051 has not seen follower/s bd0b0c89-cb45-482d-bed2-ad92fc2d5050 for 134963ms e2c05a36-c8a2-43f6-9f8f-11b9e2d7f4b8 for 134956ms
2019-09-12 13:09:42,077 [org.apache.ratis.server.impl.LogAppender$AppenderDaemon$$Lambda$485/1236579333@5f4f9d52] ERROR ratis.XceiverServerRatis (XceiverServerRatis.java:triggerPipelineClose(568)) - pipeline Action CLOSE  on pipeline PipelineID=7700c51d-9357-46f7-9d29-203775717d2f.Reason : 5d275853-b846-4f86-bc5b-0ba421435051 has not seen follower/s bd0b0c89-cb45-482d-bed2-ad92fc2d5050 for 134974ms e2c05a36-c8a2-43f6-9f8f-11b9e2d7f4b8 for 134967ms
2019-09-12 13:09:42,554 [EventQueue-PipelineActionsForPipelineActionHandler] ERROR pipeline.PipelineActionHandler (PipelineActionHandler.java:onMessage(60)) - Received pipeline action CLOSE for Pipeline[ Id: 7700c51d-9357-46f7-9d29-203775717d2f, Nodes: bd0b0c89-cb45-482d-bed2-ad92fc2d5050{ip: 192.168.34.38, host: pr-hdds-2007-65vhz-3510356991, networkLocation: /default-rack, certSerialId: null}5d275853-b846-4f86-bc5b-0ba421435051{ip: 192.168.34.38, host: pr-hdds-2007-65vhz-3510356991, networkLocation: /default-rack, certSerialId: null}e2c05a36-c8a2-43f6-9f8f-11b9e2d7f4b8{ip: 192.168.34.38, host: pr-hdds-2007-65vhz-3510356991, networkLocation: /default-rack, certSerialId: null}, Type:RATIS, Factor:THREE, State:CLOSED] from datanode 5d275853-b846-4f86-bc5b-0ba421435051{ip: 192.168.34.38, host: pr-hdds-2007-65vhz-3510356991, networkLocation: /default-rack, certSerialId: null}. Reason : 5d275853-b846-4f86-bc5b-0ba421435051 has not seen follower/s bd0b0c89-cb45-482d-bed2-ad92fc2d5050 for 134963ms e2c05a36-c8a2-43f6-9f8f-11b9e2d7f4b8 for 134956ms
2019-09-12 13:09:42,554 [EventQueue-PipelineActionsForPipelineActionHandler] INFO  pipeline.SCMPipelineManager (SCMPipelineManager.java:finalizeAndDestroyPipeline(311)) - destroying pipeline:Pipeline[ Id: 7700c51d-9357-46f7-9d29-203775717d2f, Nodes: bd0b0c89-cb45-482d-bed2-ad92fc2d5050{ip: 192.168.34.38, host: pr-hdds-2007-65vhz-3510356991, networkLocation: /default-rack, certSerialId: null}5d275853-b846-4f86-bc5b-0ba421435051{ip: 192.168.34.38, host: pr-hdds-2007-65vhz-3510356991, networkLocation: /default-rack, certSerialId: null}e2c05a36-c8a2-43f6-9f8f-11b9e2d7f4b8{ip: 192.168.34.38, host: pr-hdds-2007-65vhz-3510356991, networkLocation: /default-rack, certSerialId: null}, Type:RATIS, Factor:THREE, State:CLOSED]
2019-09-12 13:09:42,564 [java.util.concurrent.ThreadPoolExecutor$Worker@53f50db5[State = -1, empty queue]] WARN  server.GrpcLogAppender (GrpcLogAppender.java:timeoutAppendRequest(200)) - 5d275853-b846-4f86-bc5b-0ba421435051@group-203775717D2F->bd0b0c89-cb45-482d-bed2-ad92fc2d5050-GrpcLogAppender: appendEntries Timeout, request=5d275853-b846-4f86-bc5b-0ba421435051->bd0b0c89-cb45-482d-bed2-ad92fc2d5050#67-t1, previous=(t:1, i:14), leaderCommit=10, initializing? false, entries: <empty>
2019-09-12 13:09:42,576 [java.util.concurrent.ThreadPoolExecutor$Worker@6d2694e9[State = -1, empty queue]] WARN  server.GrpcLogAppender (GrpcLogAppender.java:timeoutAppendRequest(200)) - 5d275853-b846-4f86-bc5b-0ba421435051@group-203775717D2F->e2c05a36-c8a2-43f6-9f8f-11b9e2d7f4b8-GrpcLogAppender: appendEntries Timeout, request=5d275853-b846-4f86-bc5b-0ba421435051->e2c05a36-c8a2-43f6-9f8f-11b9e2d7f4b8#67-t1, previous=(t:1, i:14), leaderCommit=10, initializing? false, entries: <empty>
2019-09-12 13:09:44,072 [grpc-default-executor-1] INFO  client.GrpcClientProtocolClient (GrpcClientProtocolClient.java:onNext(264)) - client-8389729FF037->bd0b0c89-cb45-482d-bed2-ad92fc2d5050: receive RaftClientReply:client-8389729FF037->bd0b0c89-cb45-482d-bed2-ad92fc2d5050@group-203775717D2F, cid=21, FAILED org.apache.ratis.protocol.NotLeaderException: Server bd0b0c89-cb45-482d-bed2-ad92fc2d5050@group-203775717D2F is not the leader 5d275853-b846-4f86-bc5b-0ba421435051:192.168.34.38:43235, logIndex=0, commits[bd0b0c89-cb45-482d-bed2-ad92fc2d5050:c10, 5d275853-b846-4f86-bc5b-0ba421435051:c10, e2c05a36-c8a2-43f6-9f8f-11b9e2d7f4b8:c6]
2019-09-12 13:09:44,567 [org.apache.ratis.server.impl.LogAppender$AppenderDaemon$$Lambda$485/1236579333@5858e0e3] ERROR ratis.XceiverServerRatis (XceiverServerRatis.java:triggerPipelineClose(568)) - pipeline Action CLOSE  on pipeline PipelineID=7700c51d-9357-46f7-9d29-203775717d2f.Reason : 5d275853-b846-4f86-bc5b-0ba421435051 has not seen follower/s bd0b0c89-cb45-482d-bed2-ad92fc2d5050 for 137464ms e2c05a36-c8a2-43f6-9f8f-11b9e2d7f4b8 for 137457ms
2019-09-12 13:09:44,578 [org.apache.ratis.server.impl.LogAppender$AppenderDaemon$$Lambda$485/1236579333@5f4f9d52] ERROR ratis.XceiverServerRatis (XceiverServerRatis.java:triggerPipelineClose(568)) - pipeline Action CLOSE  on pipeline PipelineID=7700c51d-9357-46f7-9d29-203775717d2f.Reason : 5d275853-b846-4f86-bc5b-0ba421435051 has not seen follower/s bd0b0c89-cb45-482d-bed2-ad92fc2d5050 for 137475ms e2c05a36-c8a2-43f6-9f8f-11b9e2d7f4b8 for 137468ms
2019-09-12 13:09:45,066 [java.util.concurrent.ThreadPoolExecutor$Worker@53f50db5[State = -1, empty queue]] WARN  server.GrpcLogAppender (GrpcLogAppender.java:timeoutAppendRequest(200)) - 5d275853-b846-4f86-bc5b-0ba421435051@group-203775717D2F->bd0b0c89-cb45-482d-bed2-ad92fc2d5050-GrpcLogAppender: appendEntries Timeout, request=5d275853-b846-4f86-bc5b-0ba421435051->bd0b0c89-cb45-482d-bed2-ad92fc2d5050#68-t1, previous=(t:1, i:14), leaderCommit=10, initializing? false, entries: <empty>
2019-09-12 13:09:45,077 [java.util.concurrent.ThreadPoolExecutor$Worker@6d2694e9[State = -1, empty queue]] WARN  server.GrpcLogAppender (GrpcLogAppender.java:timeoutAppendRequest(200)) - 5d275853-b846-4f86-bc5b-0ba421435051@group-203775717D2F->e2c05a36-c8a2-43f6-9f8f-11b9e2d7f4b8-GrpcLogAppender: appendEntries Timeout, request=5d275853-b846-4f86-bc5b-0ba421435051->e2c05a36-c8a2-43f6-9f8f-11b9e2d7f4b8#68-t1, previous=(t:1, i:14), leaderCommit=10, initializing? false, entries: <empty>
2019-09-12 13:09:45,554 [EventQueue-PipelineActionsForPipelineActionHandler] ERROR pipeline.PipelineActionHandler (PipelineActionHandler.java:onMessage(60)) - Received pipeline action CLOSE for Pipeline[ Id: 7700c51d-9357-46f7-9d29-203775717d2f, Nodes: bd0b0c89-cb45-482d-bed2-ad92fc2d5050{ip: 192.168.34.38, host: pr-hdds-2007-65vhz-3510356991, networkLocation: /default-rack, certSerialId: null}5d275853-b846-4f86-bc5b-0ba421435051{ip: 192.168.34.38, host: pr-hdds-2007-65vhz-3510356991, networkLocation: /default-rack, certSerialId: null}e2c05a36-c8a2-43f6-9f8f-11b9e2d7f4b8{ip: 192.168.34.38, host: pr-hdds-2007-65vhz-3510356991, networkLocation: /default-rack, certSerialId: null}, Type:RATIS, Factor:THREE, State:CLOSED] from datanode 5d275853-b846-4f86-bc5b-0ba421435051{ip: 192.168.34.38, host: pr-hdds-2007-65vhz-3510356991, networkLocation: /default-rack, certSerialId: null}. Reason : 5d275853-b846-4f86-bc5b-0ba421435051 has not seen follower/s bd0b0c89-cb45-482d-bed2-ad92fc2d5050 for 137464ms e2c05a36-c8a2-43f6-9f8f-11b9e2d7f4b8 for 137457ms
2019-09-12 13:09:45,555 [EventQueue-PipelineActionsForPipelineActionHandler] INFO  pipeline.SCMPipelineManager (SCMPipelineManager.java:finalizeAndDestroyPipeline(311)) - destroying pipeline:Pipeline[ Id: 7700c51d-9357-46f7-9d29-203775717d2f, Nodes: bd0b0c89-cb45-482d-bed2-ad92fc2d5050{ip: 192.168.34.38, host: pr-hdds-2007-65vhz-3510356991, networkLocation: /default-rack, certSerialId: null}5d275853-b846-4f86-bc5b-0ba421435051{ip: 192.168.34.38, host: pr-hdds-2007-65vhz-3510356991, networkLocation: /default-rack, certSerialId: null}e2c05a36-c8a2-43f6-9f8f-11b9e2d7f4b8{ip: 192.168.34.38, host: pr-hdds-2007-65vhz-3510356991, networkLocation: /default-rack, certSerialId: null}, Type:RATIS, Factor:THREE, State:CLOSED]
2019-09-12 13:09:47,069 [org.apache.ratis.server.impl.LogAppender$AppenderDaemon$$Lambda$485/1236579333@5858e0e3] ERROR ratis.XceiverServerRatis (XceiverServerRatis.java:triggerPipelineClose(568)) - pipeline Action CLOSE  on pipeline PipelineID=7700c51d-9357-46f7-9d29-203775717d2f.Reason : 5d275853-b846-4f86-bc5b-0ba421435051 has not seen follower/s bd0b0c89-cb45-482d-bed2-ad92fc2d5050 for 139965ms e2c05a36-c8a2-43f6-9f8f-11b9e2d7f4b8 for 139959ms
2019-09-12 13:09:47,078 [org.apache.ratis.server.impl.LogAppender$AppenderDaemon$$Lambda$485/1236579333@5f4f9d52] ERROR ratis.XceiverServerRatis (XceiverServerRatis.java:triggerPipelineClose(568)) - pipeline Action CLOSE  on pipeline PipelineID=7700c51d-9357-46f7-9d29-203775717d2f.Reason : 5d275853-b846-4f86-bc5b-0ba421435051 has not seen follower/s bd0b0c89-cb45-482d-bed2-ad92fc2d5050 for 139976ms e2c05a36-c8a2-43f6-9f8f-11b9e2d7f4b8 for 139969ms
2019-09-12 13:09:47,383 [bd0b0c89-cb45-482d-bed2-ad92fc2d5050@group-203775717D2F-SegmentedRaftLogWorker] WARN  segmented.SegmentedRaftLogWorker (SegmentedRaftLogWorker.java:getFromFuture(90)) - Timeout 13/~
org.apache.ratis.protocol.TimeoutIOException: Timeout 10s: WriteLog:11: (t:1, i:11), STATEMACHINELOGENTRY, client-8389729FF037, cid=21-writeStateMachineData
	at org.apache.ratis.util.IOUtils.getFromFuture(IOUtils.java:87)
	at org.apache.ratis.server.raftlog.segmented.SegmentedRaftLogWorker$StateMachineDataPolicy.getFromFuture(SegmentedRaftLogWorker.java:87)
	at org.apache.ratis.server.raftlog.segmented.SegmentedRaftLogWorker$WriteLog.execute(SegmentedRaftLogWorker.java:477)
	at org.apache.ratis.server.raftlog.segmented.SegmentedRaftLogWorker.run(SegmentedRaftLogWorker.java:289)
	at java.lang.Thread.run(Thread.java:748)
Caused by: java.util.concurrent.TimeoutException
	at java.util.concurrent.CompletableFuture.timedGet(CompletableFuture.java:1771)
	at java.util.concurrent.CompletableFuture.get(CompletableFuture.java:1915)
	at org.apache.ratis.util.IOUtils.getFromFuture(IOUtils.java:79)
	... 4 more
2019-09-12 13:09:47,542 [5d275853-b846-4f86-bc5b-0ba421435051@group-203775717D2F-SegmentedRaftLogWorker] WARN  segmented.SegmentedRaftLogWorker (SegmentedRaftLogWorker.java:getFromFuture(90)) - Timeout 13/~
org.apache.ratis.protocol.TimeoutIOException: Timeout 10s: WriteLog:12: (t:1, i:12), STATEMACHINELOGENTRY, client-8389729FF037, cid=22-writeStateMachineData
	at org.apache.ratis.util.IOUtils.getFromFuture(IOUtils.java:87)
	at org.apache.ratis.server.raftlog.segmented.SegmentedRaftLogWorker$StateMachineDataPolicy.getFromFuture(SegmentedRaftLogWorker.java:87)
	at org.apache.ratis.server.raftlog.segmented.SegmentedRaftLogWorker$WriteLog.execute(SegmentedRaftLogWorker.java:477)
	at org.apache.ratis.server.raftlog.segmented.SegmentedRaftLogWorker.run(SegmentedRaftLogWorker.java:289)
	at java.lang.Thread.run(Thread.java:748)
Caused by: java.util.concurrent.TimeoutException
	at java.util.concurrent.CompletableFuture.timedGet(CompletableFuture.java:1771)
	at java.util.concurrent.CompletableFuture.get(CompletableFuture.java:1915)
	at org.apache.ratis.util.IOUtils.getFromFuture(IOUtils.java:79)
	... 4 more
2019-09-12 13:09:47,542 [e2c05a36-c8a2-43f6-9f8f-11b9e2d7f4b8@group-203775717D2F-SegmentedRaftLogWorker] WARN  segmented.SegmentedRaftLogWorker (SegmentedRaftLogWorker.java:getFromFuture(90)) - Timeout 13/~
org.apache.ratis.protocol.TimeoutIOException: Timeout 10s: WriteLog:12: (t:1, i:12), STATEMACHINELOGENTRY, client-8389729FF037, cid=22-writeStateMachineData
	at org.apache.ratis.util.IOUtils.getFromFuture(IOUtils.java:87)
	at org.apache.ratis.server.raftlog.segmented.SegmentedRaftLogWorker$StateMachineDataPolicy.getFromFuture(SegmentedRaftLogWorker.java:87)
	at org.apache.ratis.server.raftlog.segmented.SegmentedRaftLogWorker$WriteLog.execute(SegmentedRaftLogWorker.java:477)
	at org.apache.ratis.server.raftlog.segmented.SegmentedRaftLogWorker.run(SegmentedRaftLogWorker.java:289)
	at java.lang.Thread.run(Thread.java:748)
Caused by: java.util.concurrent.TimeoutException
	at java.util.concurrent.CompletableFuture.timedGet(CompletableFuture.java:1771)
	at java.util.concurrent.CompletableFuture.get(CompletableFuture.java:1915)
	at org.apache.ratis.util.IOUtils.getFromFuture(IOUtils.java:79)
	... 4 more
2019-09-12 13:09:47,554 [EventQueue-PipelineActionsForPipelineActionHandler] ERROR pipeline.PipelineActionHandler (PipelineActionHandler.java:onMessage(60)) - Received pipeline action CLOSE for Pipeline[ Id: 7700c51d-9357-46f7-9d29-203775717d2f, Nodes: bd0b0c89-cb45-482d-bed2-ad92fc2d5050{ip: 192.168.34.38, host: pr-hdds-2007-65vhz-3510356991, networkLocation: /default-rack, certSerialId: null}5d275853-b846-4f86-bc5b-0ba421435051{ip: 192.168.34.38, host: pr-hdds-2007-65vhz-3510356991, networkLocation: /default-rack, certSerialId: null}e2c05a36-c8a2-43f6-9f8f-11b9e2d7f4b8{ip: 192.168.34.38, host: pr-hdds-2007-65vhz-3510356991, networkLocation: /default-rack, certSerialId: null}, Type:RATIS, Factor:THREE, State:CLOSED] from datanode 5d275853-b846-4f86-bc5b-0ba421435051{ip: 192.168.34.38, host: pr-hdds-2007-65vhz-3510356991, networkLocation: /default-rack, certSerialId: null}. Reason : 5d275853-b846-4f86-bc5b-0ba421435051 has not seen follower/s bd0b0c89-cb45-482d-bed2-ad92fc2d5050 for 139965ms e2c05a36-c8a2-43f6-9f8f-11b9e2d7f4b8 for 139959ms
2019-09-12 13:09:47,554 [EventQueue-PipelineActionsForPipelineActionHandler] INFO  pipeline.SCMPipelineManager (SCMPipelineManager.java:finalizeAndDestroyPipeline(311)) - destroying pipeline:Pipeline[ Id: 7700c51d-9357-46f7-9d29-203775717d2f, Nodes: bd0b0c89-cb45-482d-bed2-ad92fc2d5050{ip: 192.168.34.38, host: pr-hdds-2007-65vhz-3510356991, networkLocation: /default-rack, certSerialId: null}5d275853-b846-4f86-bc5b-0ba421435051{ip: 192.168.34.38, host: pr-hdds-2007-65vhz-3510356991, networkLocation: /default-rack, certSerialId: null}e2c05a36-c8a2-43f6-9f8f-11b9e2d7f4b8{ip: 192.168.34.38, host: pr-hdds-2007-65vhz-3510356991, networkLocation: /default-rack, certSerialId: null}, Type:RATIS, Factor:THREE, State:CLOSED]
2019-09-12 13:09:47,567 [java.util.concurrent.ThreadPoolExecutor$Worker@53f50db5[State = -1, empty queue]] WARN  server.GrpcLogAppender (GrpcLogAppender.java:timeoutAppendRequest(200)) - 5d275853-b846-4f86-bc5b-0ba421435051@group-203775717D2F->bd0b0c89-cb45-482d-bed2-ad92fc2d5050-GrpcLogAppender: appendEntries Timeout, request=5d275853-b846-4f86-bc5b-0ba421435051->bd0b0c89-cb45-482d-bed2-ad92fc2d5050#69-t1, previous=(t:1, i:14), leaderCommit=10, initializing? false, entries: <empty>
2019-09-12 13:09:47,578 [java.util.concurrent.ThreadPoolExecutor$Worker@6d2694e9[State = -1, empty queue]] WARN  server.GrpcLogAppender (GrpcLogAppender.java:timeoutAppendRequest(200)) - 5d275853-b846-4f86-bc5b-0ba421435051@group-203775717D2F->e2c05a36-c8a2-43f6-9f8f-11b9e2d7f4b8-GrpcLogAppender: appendEntries Timeout, request=5d275853-b846-4f86-bc5b-0ba421435051->e2c05a36-c8a2-43f6-9f8f-11b9e2d7f4b8#69-t1, previous=(t:1, i:14), leaderCommit=10, initializing? false, entries: <empty>
2019-09-12 13:09:49,142 [grpc-default-executor-1] INFO  client.GrpcClientProtocolClient (GrpcClientProtocolClient.java:onNext(264)) - client-8389729FF037->e2c05a36-c8a2-43f6-9f8f-11b9e2d7f4b8: receive RaftClientReply:client-8389729FF037->e2c05a36-c8a2-43f6-9f8f-11b9e2d7f4b8@group-203775717D2F, cid=21, FAILED org.apache.ratis.protocol.NotLeaderException: Server e2c05a36-c8a2-43f6-9f8f-11b9e2d7f4b8@group-203775717D2F is not the leader 5d275853-b846-4f86-bc5b-0ba421435051:192.168.34.38:43235, logIndex=0, commits[e2c05a36-c8a2-43f6-9f8f-11b9e2d7f4b8:c10, 5d275853-b846-4f86-bc5b-0ba421435051:c10, bd0b0c89-cb45-482d-bed2-ad92fc2d5050:c6]
2019-09-12 13:09:49,569 [org.apache.ratis.server.impl.LogAppender$AppenderDaemon$$Lambda$485/1236579333@5858e0e3] ERROR ratis.XceiverServerRatis (XceiverServerRatis.java:triggerPipelineClose(568)) - pipeline Action CLOSE  on pipeline PipelineID=7700c51d-9357-46f7-9d29-203775717d2f.Reason : 5d275853-b846-4f86-bc5b-0ba421435051 has not seen follower/s bd0b0c89-cb45-482d-bed2-ad92fc2d5050 for 142466ms e2c05a36-c8a2-43f6-9f8f-11b9e2d7f4b8 for 142459ms
2019-09-12 13:09:49,579 [org.apache.ratis.server.impl.LogAppender$AppenderDaemon$$Lambda$485/1236579333@5f4f9d52] ERROR ratis.XceiverServerRatis (XceiverServerRatis.java:triggerPipelineClose(568)) - pipeline Action CLOSE  on pipeline PipelineID=7700c51d-9357-46f7-9d29-203775717d2f.Reason : 5d275853-b846-4f86-bc5b-0ba421435051 has not seen follower/s bd0b0c89-cb45-482d-bed2-ad92fc2d5050 for 142477ms e2c05a36-c8a2-43f6-9f8f-11b9e2d7f4b8 for 142470ms
2019-09-12 13:09:50,068 [java.util.concurrent.ThreadPoolExecutor$Worker@53f50db5[State = -1, empty queue]] WARN  server.GrpcLogAppender (GrpcLogAppender.java:timeoutAppendRequest(200)) - 5d275853-b846-4f86-bc5b-0ba421435051@group-203775717D2F->bd0b0c89-cb45-482d-bed2-ad92fc2d5050-GrpcLogAppender: appendEntries Timeout, request=5d275853-b846-4f86-bc5b-0ba421435051->bd0b0c89-cb45-482d-bed2-ad92fc2d5050#70-t1, previous=(t:1, i:14), leaderCommit=10, initializing? false, entries: <empty>
2019-09-12 13:09:50,078 [java.util.concurrent.ThreadPoolExecutor$Worker@6d2694e9[State = -1, empty queue]] WARN  server.GrpcLogAppender (GrpcLogAppender.java:timeoutAppendRequest(200)) - 5d275853-b846-4f86-bc5b-0ba421435051@group-203775717D2F->e2c05a36-c8a2-43f6-9f8f-11b9e2d7f4b8-GrpcLogAppender: appendEntries Timeout, request=5d275853-b846-4f86-bc5b-0ba421435051->e2c05a36-c8a2-43f6-9f8f-11b9e2d7f4b8#70-t1, previous=(t:1, i:14), leaderCommit=10, initializing? false, entries: <empty>
2019-09-12 13:09:50,555 [EventQueue-PipelineActionsForPipelineActionHandler] ERROR pipeline.PipelineActionHandler (PipelineActionHandler.java:onMessage(60)) - Received pipeline action CLOSE for Pipeline[ Id: 7700c51d-9357-46f7-9d29-203775717d2f, Nodes: bd0b0c89-cb45-482d-bed2-ad92fc2d5050{ip: 192.168.34.38, host: pr-hdds-2007-65vhz-3510356991, networkLocation: /default-rack, certSerialId: null}5d275853-b846-4f86-bc5b-0ba421435051{ip: 192.168.34.38, host: pr-hdds-2007-65vhz-3510356991, networkLocation: /default-rack, certSerialId: null}e2c05a36-c8a2-43f6-9f8f-11b9e2d7f4b8{ip: 192.168.34.38, host: pr-hdds-2007-65vhz-3510356991, networkLocation: /default-rack, certSerialId: null}, Type:RATIS, Factor:THREE, State:CLOSED] from datanode 5d275853-b846-4f86-bc5b-0ba421435051{ip: 192.168.34.38, host: pr-hdds-2007-65vhz-3510356991, networkLocation: /default-rack, certSerialId: null}. Reason : 5d275853-b846-4f86-bc5b-0ba421435051 has not seen follower/s bd0b0c89-cb45-482d-bed2-ad92fc2d5050 for 142466ms e2c05a36-c8a2-43f6-9f8f-11b9e2d7f4b8 for 142459ms
2019-09-12 13:09:50,556 [EventQueue-PipelineActionsForPipelineActionHandler] INFO  pipeline.SCMPipelineManager (SCMPipelineManager.java:finalizeAndDestroyPipeline(311)) - destroying pipeline:Pipeline[ Id: 7700c51d-9357-46f7-9d29-203775717d2f, Nodes: bd0b0c89-cb45-482d-bed2-ad92fc2d5050{ip: 192.168.34.38, host: pr-hdds-2007-65vhz-3510356991, networkLocation: /default-rack, certSerialId: null}5d275853-b846-4f86-bc5b-0ba421435051{ip: 192.168.34.38, host: pr-hdds-2007-65vhz-3510356991, networkLocation: /default-rack, certSerialId: null}e2c05a36-c8a2-43f6-9f8f-11b9e2d7f4b8{ip: 192.168.34.38, host: pr-hdds-2007-65vhz-3510356991, networkLocation: /default-rack, certSerialId: null}, Type:RATIS, Factor:THREE, State:CLOSED]
2019-09-12 13:09:52,071 [org.apache.ratis.server.impl.LogAppender$AppenderDaemon$$Lambda$485/1236579333@5858e0e3] ERROR ratis.XceiverServerRatis (XceiverServerRatis.java:triggerPipelineClose(568)) - pipeline Action CLOSE  on pipeline PipelineID=7700c51d-9357-46f7-9d29-203775717d2f.Reason : 5d275853-b846-4f86-bc5b-0ba421435051 has not seen follower/s bd0b0c89-cb45-482d-bed2-ad92fc2d5050 for 144968ms e2c05a36-c8a2-43f6-9f8f-11b9e2d7f4b8 for 144961ms
2019-09-12 13:09:52,080 [org.apache.ratis.server.impl.LogAppender$AppenderDaemon$$Lambda$485/1236579333@5f4f9d52] ERROR ratis.XceiverServerRatis (XceiverServerRatis.java:triggerPipelineClose(568)) - pipeline Action CLOSE  on pipeline PipelineID=7700c51d-9357-46f7-9d29-203775717d2f.Reason : 5d275853-b846-4f86-bc5b-0ba421435051 has not seen follower/s bd0b0c89-cb45-482d-bed2-ad92fc2d5050 for 144978ms e2c05a36-c8a2-43f6-9f8f-11b9e2d7f4b8 for 144971ms
2019-09-12 13:09:52,555 [EventQueue-PipelineActionsForPipelineActionHandler] ERROR pipeline.PipelineActionHandler (PipelineActionHandler.java:onMessage(60)) - Received pipeline action CLOSE for Pipeline[ Id: 7700c51d-9357-46f7-9d29-203775717d2f, Nodes: bd0b0c89-cb45-482d-bed2-ad92fc2d5050{ip: 192.168.34.38, host: pr-hdds-2007-65vhz-3510356991, networkLocation: /default-rack, certSerialId: null}5d275853-b846-4f86-bc5b-0ba421435051{ip: 192.168.34.38, host: pr-hdds-2007-65vhz-3510356991, networkLocation: /default-rack, certSerialId: null}e2c05a36-c8a2-43f6-9f8f-11b9e2d7f4b8{ip: 192.168.34.38, host: pr-hdds-2007-65vhz-3510356991, networkLocation: /default-rack, certSerialId: null}, Type:RATIS, Factor:THREE, State:CLOSED] from datanode 5d275853-b846-4f86-bc5b-0ba421435051{ip: 192.168.34.38, host: pr-hdds-2007-65vhz-3510356991, networkLocation: /default-rack, certSerialId: null}. Reason : 5d275853-b846-4f86-bc5b-0ba421435051 has not seen follower/s bd0b0c89-cb45-482d-bed2-ad92fc2d5050 for 144968ms e2c05a36-c8a2-43f6-9f8f-11b9e2d7f4b8 for 144961ms
2019-09-12 13:09:52,555 [EventQueue-PipelineActionsForPipelineActionHandler] INFO  pipeline.SCMPipelineManager (SCMPipelineManager.java:finalizeAndDestroyPipeline(311)) - destroying pipeline:Pipeline[ Id: 7700c51d-9357-46f7-9d29-203775717d2f, Nodes: bd0b0c89-cb45-482d-bed2-ad92fc2d5050{ip: 192.168.34.38, host: pr-hdds-2007-65vhz-3510356991, networkLocation: /default-rack, certSerialId: null}5d275853-b846-4f86-bc5b-0ba421435051{ip: 192.168.34.38, host: pr-hdds-2007-65vhz-3510356991, networkLocation: /default-rack, certSerialId: null}e2c05a36-c8a2-43f6-9f8f-11b9e2d7f4b8{ip: 192.168.34.38, host: pr-hdds-2007-65vhz-3510356991, networkLocation: /default-rack, certSerialId: null}, Type:RATIS, Factor:THREE, State:CLOSED]
2019-09-12 13:09:52,569 [java.util.concurrent.ThreadPoolExecutor$Worker@53f50db5[State = -1, empty queue]] WARN  server.GrpcLogAppender (GrpcLogAppender.java:timeoutAppendRequest(200)) - 5d275853-b846-4f86-bc5b-0ba421435051@group-203775717D2F->bd0b0c89-cb45-482d-bed2-ad92fc2d5050-GrpcLogAppender: appendEntries Timeout, request=5d275853-b846-4f86-bc5b-0ba421435051->bd0b0c89-cb45-482d-bed2-ad92fc2d5050#71-t1, previous=(t:1, i:14), leaderCommit=10, initializing? false, entries: <empty>
2019-09-12 13:09:52,579 [java.util.concurrent.ThreadPoolExecutor$Worker@6d2694e9[State = -1, empty queue]] WARN  server.GrpcLogAppender (GrpcLogAppender.java:timeoutAppendRequest(200)) - 5d275853-b846-4f86-bc5b-0ba421435051@group-203775717D2F->e2c05a36-c8a2-43f6-9f8f-11b9e2d7f4b8-GrpcLogAppender: appendEntries Timeout, request=5d275853-b846-4f86-bc5b-0ba421435051->e2c05a36-c8a2-43f6-9f8f-11b9e2d7f4b8#71-t1, previous=(t:1, i:14), leaderCommit=10, initializing? false, entries: <empty>
2019-09-12 13:09:54,220 [grpc-default-executor-3] INFO  client.GrpcClientProtocolClient (GrpcClientProtocolClient.java:onNext(264)) - client-8389729FF037->bd0b0c89-cb45-482d-bed2-ad92fc2d5050: receive RaftClientReply:client-8389729FF037->bd0b0c89-cb45-482d-bed2-ad92fc2d5050@group-203775717D2F, cid=21, FAILED org.apache.ratis.protocol.NotLeaderException: Server bd0b0c89-cb45-482d-bed2-ad92fc2d5050@group-203775717D2F is not the leader 5d275853-b846-4f86-bc5b-0ba421435051:192.168.34.38:43235, logIndex=0, commits[bd0b0c89-cb45-482d-bed2-ad92fc2d5050:c10, 5d275853-b846-4f86-bc5b-0ba421435051:c10, e2c05a36-c8a2-43f6-9f8f-11b9e2d7f4b8:c6]
2019-09-12 13:09:54,571 [org.apache.ratis.server.impl.LogAppender$AppenderDaemon$$Lambda$485/1236579333@5858e0e3] ERROR ratis.XceiverServerRatis (XceiverServerRatis.java:triggerPipelineClose(568)) - pipeline Action CLOSE  on pipeline PipelineID=7700c51d-9357-46f7-9d29-203775717d2f.Reason : 5d275853-b846-4f86-bc5b-0ba421435051 has not seen follower/s bd0b0c89-cb45-482d-bed2-ad92fc2d5050 for 147468ms e2c05a36-c8a2-43f6-9f8f-11b9e2d7f4b8 for 147462ms
2019-09-12 13:09:54,581 [org.apache.ratis.server.impl.LogAppender$AppenderDaemon$$Lambda$485/1236579333@5f4f9d52] ERROR ratis.XceiverServerRatis (XceiverServerRatis.java:triggerPipelineClose(568)) - pipeline Action CLOSE  on pipeline PipelineID=7700c51d-9357-46f7-9d29-203775717d2f.Reason : 5d275853-b846-4f86-bc5b-0ba421435051 has not seen follower/s bd0b0c89-cb45-482d-bed2-ad92fc2d5050 for 147478ms e2c05a36-c8a2-43f6-9f8f-11b9e2d7f4b8 for 147471ms
2019-09-12 13:09:55,071 [java.util.concurrent.ThreadPoolExecutor$Worker@53f50db5[State = -1, empty queue]] WARN  server.GrpcLogAppender (GrpcLogAppender.java:timeoutAppendRequest(200)) - 5d275853-b846-4f86-bc5b-0ba421435051@group-203775717D2F->bd0b0c89-cb45-482d-bed2-ad92fc2d5050-GrpcLogAppender: appendEntries Timeout, request=5d275853-b846-4f86-bc5b-0ba421435051->bd0b0c89-cb45-482d-bed2-ad92fc2d5050#72-t1, previous=(t:1, i:14), leaderCommit=10, initializing? false, entries: <empty>
2019-09-12 13:09:55,081 [java.util.concurrent.ThreadPoolExecutor$Worker@6d2694e9[State = -1, empty queue]] WARN  server.GrpcLogAppender (GrpcLogAppender.java:timeoutAppendRequest(200)) - 5d275853-b846-4f86-bc5b-0ba421435051@group-203775717D2F->e2c05a36-c8a2-43f6-9f8f-11b9e2d7f4b8-GrpcLogAppender: appendEntries Timeout, request=5d275853-b846-4f86-bc5b-0ba421435051->e2c05a36-c8a2-43f6-9f8f-11b9e2d7f4b8#72-t1, previous=(t:1, i:14), leaderCommit=10, initializing? false, entries: <empty>
2019-09-12 13:09:55,554 [EventQueue-PipelineActionsForPipelineActionHandler] ERROR pipeline.PipelineActionHandler (PipelineActionHandler.java:onMessage(60)) - Received pipeline action CLOSE for Pipeline[ Id: 7700c51d-9357-46f7-9d29-203775717d2f, Nodes: bd0b0c89-cb45-482d-bed2-ad92fc2d5050{ip: 192.168.34.38, host: pr-hdds-2007-65vhz-3510356991, networkLocation: /default-rack, certSerialId: null}5d275853-b846-4f86-bc5b-0ba421435051{ip: 192.168.34.38, host: pr-hdds-2007-65vhz-3510356991, networkLocation: /default-rack, certSerialId: null}e2c05a36-c8a2-43f6-9f8f-11b9e2d7f4b8{ip: 192.168.34.38, host: pr-hdds-2007-65vhz-3510356991, networkLocation: /default-rack, certSerialId: null}, Type:RATIS, Factor:THREE, State:CLOSED] from datanode 5d275853-b846-4f86-bc5b-0ba421435051{ip: 192.168.34.38, host: pr-hdds-2007-65vhz-3510356991, networkLocation: /default-rack, certSerialId: null}. Reason : 5d275853-b846-4f86-bc5b-0ba421435051 has not seen follower/s bd0b0c89-cb45-482d-bed2-ad92fc2d5050 for 147468ms e2c05a36-c8a2-43f6-9f8f-11b9e2d7f4b8 for 147462ms
2019-09-12 13:09:55,554 [EventQueue-PipelineActionsForPipelineActionHandler] INFO  pipeline.SCMPipelineManager (SCMPipelineManager.java:finalizeAndDestroyPipeline(311)) - destroying pipeline:Pipeline[ Id: 7700c51d-9357-46f7-9d29-203775717d2f, Nodes: bd0b0c89-cb45-482d-bed2-ad92fc2d5050{ip: 192.168.34.38, host: pr-hdds-2007-65vhz-3510356991, networkLocation: /default-rack, certSerialId: null}5d275853-b846-4f86-bc5b-0ba421435051{ip: 192.168.34.38, host: pr-hdds-2007-65vhz-3510356991, networkLocation: /default-rack, certSerialId: null}e2c05a36-c8a2-43f6-9f8f-11b9e2d7f4b8{ip: 192.168.34.38, host: pr-hdds-2007-65vhz-3510356991, networkLocation: /default-rack, certSerialId: null}, Type:RATIS, Factor:THREE, State:CLOSED]
2019-09-12 13:09:57,073 [org.apache.ratis.server.impl.LogAppender$AppenderDaemon$$Lambda$485/1236579333@5858e0e3] ERROR ratis.XceiverServerRatis (XceiverServerRatis.java:triggerPipelineClose(568)) - pipeline Action CLOSE  on pipeline PipelineID=7700c51d-9357-46f7-9d29-203775717d2f.Reason : 5d275853-b846-4f86-bc5b-0ba421435051 has not seen follower/s bd0b0c89-cb45-482d-bed2-ad92fc2d5050 for 149969ms e2c05a36-c8a2-43f6-9f8f-11b9e2d7f4b8 for 149963ms
2019-09-12 13:09:57,082 [org.apache.ratis.server.impl.LogAppender$AppenderDaemon$$Lambda$485/1236579333@5f4f9d52] ERROR ratis.XceiverServerRatis (XceiverServerRatis.java:triggerPipelineClose(568)) - pipeline Action CLOSE  on pipeline PipelineID=7700c51d-9357-46f7-9d29-203775717d2f.Reason : 5d275853-b846-4f86-bc5b-0ba421435051 has not seen follower/s bd0b0c89-cb45-482d-bed2-ad92fc2d5050 for 149979ms e2c05a36-c8a2-43f6-9f8f-11b9e2d7f4b8 for 149972ms
2019-09-12 13:09:57,384 [bd0b0c89-cb45-482d-bed2-ad92fc2d5050@group-203775717D2F-SegmentedRaftLogWorker] WARN  segmented.SegmentedRaftLogWorker (SegmentedRaftLogWorker.java:getFromFuture(90)) - Timeout 14/~
org.apache.ratis.protocol.TimeoutIOException: Timeout 10s: WriteLog:11: (t:1, i:11), STATEMACHINELOGENTRY, client-8389729FF037, cid=21-writeStateMachineData
	at org.apache.ratis.util.IOUtils.getFromFuture(IOUtils.java:87)
	at org.apache.ratis.server.raftlog.segmented.SegmentedRaftLogWorker$StateMachineDataPolicy.getFromFuture(SegmentedRaftLogWorker.java:87)
	at org.apache.ratis.server.raftlog.segmented.SegmentedRaftLogWorker$WriteLog.execute(SegmentedRaftLogWorker.java:477)
	at org.apache.ratis.server.raftlog.segmented.SegmentedRaftLogWorker.run(SegmentedRaftLogWorker.java:289)
	at java.lang.Thread.run(Thread.java:748)
Caused by: java.util.concurrent.TimeoutException
	at java.util.concurrent.CompletableFuture.timedGet(CompletableFuture.java:1771)
	at java.util.concurrent.CompletableFuture.get(CompletableFuture.java:1915)
	at org.apache.ratis.util.IOUtils.getFromFuture(IOUtils.java:79)
	... 4 more
2019-09-12 13:09:57,543 [5d275853-b846-4f86-bc5b-0ba421435051@group-203775717D2F-SegmentedRaftLogWorker] WARN  segmented.SegmentedRaftLogWorker (SegmentedRaftLogWorker.java:getFromFuture(90)) - Timeout 14/~
org.apache.ratis.protocol.TimeoutIOException: Timeout 10s: WriteLog:12: (t:1, i:12), STATEMACHINELOGENTRY, client-8389729FF037, cid=22-writeStateMachineData
	at org.apache.ratis.util.IOUtils.getFromFuture(IOUtils.java:87)
	at org.apache.ratis.server.raftlog.segmented.SegmentedRaftLogWorker$StateMachineDataPolicy.getFromFuture(SegmentedRaftLogWorker.java:87)
	at org.apache.ratis.server.raftlog.segmented.SegmentedRaftLogWorker$WriteLog.execute(SegmentedRaftLogWorker.java:477)
	at org.apache.ratis.server.raftlog.segmented.SegmentedRaftLogWorker.run(SegmentedRaftLogWorker.java:289)
	at java.lang.Thread.run(Thread.java:748)
Caused by: java.util.concurrent.TimeoutException
	at java.util.concurrent.CompletableFuture.timedGet(CompletableFuture.java:1771)
	at java.util.concurrent.CompletableFuture.get(CompletableFuture.java:1915)
	at org.apache.ratis.util.IOUtils.getFromFuture(IOUtils.java:79)
	... 4 more
2019-09-12 13:09:57,543 [e2c05a36-c8a2-43f6-9f8f-11b9e2d7f4b8@group-203775717D2F-SegmentedRaftLogWorker] WARN  segmented.SegmentedRaftLogWorker (SegmentedRaftLogWorker.java:getFromFuture(90)) - Timeout 14/~
org.apache.ratis.protocol.TimeoutIOException: Timeout 10s: WriteLog:12: (t:1, i:12), STATEMACHINELOGENTRY, client-8389729FF037, cid=22-writeStateMachineData
	at org.apache.ratis.util.IOUtils.getFromFuture(IOUtils.java:87)
	at org.apache.ratis.server.raftlog.segmented.SegmentedRaftLogWorker$StateMachineDataPolicy.getFromFuture(SegmentedRaftLogWorker.java:87)
	at org.apache.ratis.server.raftlog.segmented.SegmentedRaftLogWorker$WriteLog.execute(SegmentedRaftLogWorker.java:477)
	at org.apache.ratis.server.raftlog.segmented.SegmentedRaftLogWorker.run(SegmentedRaftLogWorker.java:289)
	at java.lang.Thread.run(Thread.java:748)
Caused by: java.util.concurrent.TimeoutException
	at java.util.concurrent.CompletableFuture.timedGet(CompletableFuture.java:1771)
	at java.util.concurrent.CompletableFuture.get(CompletableFuture.java:1915)
	at org.apache.ratis.util.IOUtils.getFromFuture(IOUtils.java:79)
	... 4 more
2019-09-12 13:09:57,555 [EventQueue-PipelineActionsForPipelineActionHandler] ERROR pipeline.PipelineActionHandler (PipelineActionHandler.java:onMessage(60)) - Received pipeline action CLOSE for Pipeline[ Id: 7700c51d-9357-46f7-9d29-203775717d2f, Nodes: bd0b0c89-cb45-482d-bed2-ad92fc2d5050{ip: 192.168.34.38, host: pr-hdds-2007-65vhz-3510356991, networkLocation: /default-rack, certSerialId: null}5d275853-b846-4f86-bc5b-0ba421435051{ip: 192.168.34.38, host: pr-hdds-2007-65vhz-3510356991, networkLocation: /default-rack, certSerialId: null}e2c05a36-c8a2-43f6-9f8f-11b9e2d7f4b8{ip: 192.168.34.38, host: pr-hdds-2007-65vhz-3510356991, networkLocation: /default-rack, certSerialId: null}, Type:RATIS, Factor:THREE, State:CLOSED] from datanode 5d275853-b846-4f86-bc5b-0ba421435051{ip: 192.168.34.38, host: pr-hdds-2007-65vhz-3510356991, networkLocation: /default-rack, certSerialId: null}. Reason : 5d275853-b846-4f86-bc5b-0ba421435051 has not seen follower/s bd0b0c89-cb45-482d-bed2-ad92fc2d5050 for 149969ms e2c05a36-c8a2-43f6-9f8f-11b9e2d7f4b8 for 149963ms
2019-09-12 13:09:57,555 [EventQueue-PipelineActionsForPipelineActionHandler] INFO  pipeline.SCMPipelineManager (SCMPipelineManager.java:finalizeAndDestroyPipeline(311)) - destroying pipeline:Pipeline[ Id: 7700c51d-9357-46f7-9d29-203775717d2f, Nodes: bd0b0c89-cb45-482d-bed2-ad92fc2d5050{ip: 192.168.34.38, host: pr-hdds-2007-65vhz-3510356991, networkLocation: /default-rack, certSerialId: null}5d275853-b846-4f86-bc5b-0ba421435051{ip: 192.168.34.38, host: pr-hdds-2007-65vhz-3510356991, networkLocation: /default-rack, certSerialId: null}e2c05a36-c8a2-43f6-9f8f-11b9e2d7f4b8{ip: 192.168.34.38, host: pr-hdds-2007-65vhz-3510356991, networkLocation: /default-rack, certSerialId: null}, Type:RATIS, Factor:THREE, State:CLOSED]
2019-09-12 13:09:57,571 [java.util.concurrent.ThreadPoolExecutor$Worker@53f50db5[State = -1, empty queue]] WARN  server.GrpcLogAppender (GrpcLogAppender.java:timeoutAppendRequest(200)) - 5d275853-b846-4f86-bc5b-0ba421435051@group-203775717D2F->bd0b0c89-cb45-482d-bed2-ad92fc2d5050-GrpcLogAppender: appendEntries Timeout, request=5d275853-b846-4f86-bc5b-0ba421435051->bd0b0c89-cb45-482d-bed2-ad92fc2d5050#73-t1, previous=(t:1, i:14), leaderCommit=10, initializing? false, entries: <empty>
2019-09-12 13:09:57,581 [java.util.concurrent.ThreadPoolExecutor$Worker@6d2694e9[State = -1, empty queue]] WARN  server.GrpcLogAppender (GrpcLogAppender.java:timeoutAppendRequest(200)) - 5d275853-b846-4f86-bc5b-0ba421435051@group-203775717D2F->e2c05a36-c8a2-43f6-9f8f-11b9e2d7f4b8-GrpcLogAppender: appendEntries Timeout, request=5d275853-b846-4f86-bc5b-0ba421435051->e2c05a36-c8a2-43f6-9f8f-11b9e2d7f4b8#73-t1, previous=(t:1, i:14), leaderCommit=10, initializing? false, entries: <empty>
2019-09-12 13:09:59,291 [grpc-default-executor-3] INFO  client.GrpcClientProtocolClient (GrpcClientProtocolClient.java:onNext(264)) - client-8389729FF037->e2c05a36-c8a2-43f6-9f8f-11b9e2d7f4b8: receive RaftClientReply:client-8389729FF037->e2c05a36-c8a2-43f6-9f8f-11b9e2d7f4b8@group-203775717D2F, cid=21, FAILED org.apache.ratis.protocol.NotLeaderException: Server e2c05a36-c8a2-43f6-9f8f-11b9e2d7f4b8@group-203775717D2F is not the leader 5d275853-b846-4f86-bc5b-0ba421435051:192.168.34.38:43235, logIndex=0, commits[e2c05a36-c8a2-43f6-9f8f-11b9e2d7f4b8:c10, 5d275853-b846-4f86-bc5b-0ba421435051:c10, bd0b0c89-cb45-482d-bed2-ad92fc2d5050:c6]
2019-09-12 13:09:59,573 [org.apache.ratis.server.impl.LogAppender$AppenderDaemon$$Lambda$485/1236579333@5858e0e3] ERROR ratis.XceiverServerRatis (XceiverServerRatis.java:triggerPipelineClose(568)) - pipeline Action CLOSE  on pipeline PipelineID=7700c51d-9357-46f7-9d29-203775717d2f.Reason : 5d275853-b846-4f86-bc5b-0ba421435051 has not seen follower/s bd0b0c89-cb45-482d-bed2-ad92fc2d5050 for 152470ms e2c05a36-c8a2-43f6-9f8f-11b9e2d7f4b8 for 152464ms
2019-09-12 13:09:59,582 [org.apache.ratis.server.impl.LogAppender$AppenderDaemon$$Lambda$485/1236579333@5f4f9d52] ERROR ratis.XceiverServerRatis (XceiverServerRatis.java:triggerPipelineClose(568)) - pipeline Action CLOSE  on pipeline PipelineID=7700c51d-9357-46f7-9d29-203775717d2f.Reason : 5d275853-b846-4f86-bc5b-0ba421435051 has not seen follower/s bd0b0c89-cb45-482d-bed2-ad92fc2d5050 for 152480ms e2c05a36-c8a2-43f6-9f8f-11b9e2d7f4b8 for 152473ms
2019-09-12 13:10:00,072 [java.util.concurrent.ThreadPoolExecutor$Worker@53f50db5[State = -1, empty queue]] WARN  server.GrpcLogAppender (GrpcLogAppender.java:timeoutAppendRequest(200)) - 5d275853-b846-4f86-bc5b-0ba421435051@group-203775717D2F->bd0b0c89-cb45-482d-bed2-ad92fc2d5050-GrpcLogAppender: appendEntries Timeout, request=5d275853-b846-4f86-bc5b-0ba421435051->bd0b0c89-cb45-482d-bed2-ad92fc2d5050#74-t1, previous=(t:1, i:14), leaderCommit=10, initializing? false, entries: <empty>
2019-09-12 13:10:00,082 [java.util.concurrent.ThreadPoolExecutor$Worker@6d2694e9[State = -1, empty queue]] WARN  server.GrpcLogAppender (GrpcLogAppender.java:timeoutAppendRequest(200)) - 5d275853-b846-4f86-bc5b-0ba421435051@group-203775717D2F->e2c05a36-c8a2-43f6-9f8f-11b9e2d7f4b8-GrpcLogAppender: appendEntries Timeout, request=5d275853-b846-4f86-bc5b-0ba421435051->e2c05a36-c8a2-43f6-9f8f-11b9e2d7f4b8#74-t1, previous=(t:1, i:14), leaderCommit=10, initializing? false, entries: <empty>
2019-09-12 13:10:00,555 [EventQueue-PipelineActionsForPipelineActionHandler] ERROR pipeline.PipelineActionHandler (PipelineActionHandler.java:onMessage(60)) - Received pipeline action CLOSE for Pipeline[ Id: 7700c51d-9357-46f7-9d29-203775717d2f, Nodes: bd0b0c89-cb45-482d-bed2-ad92fc2d5050{ip: 192.168.34.38, host: pr-hdds-2007-65vhz-3510356991, networkLocation: /default-rack, certSerialId: null}5d275853-b846-4f86-bc5b-0ba421435051{ip: 192.168.34.38, host: pr-hdds-2007-65vhz-3510356991, networkLocation: /default-rack, certSerialId: null}e2c05a36-c8a2-43f6-9f8f-11b9e2d7f4b8{ip: 192.168.34.38, host: pr-hdds-2007-65vhz-3510356991, networkLocation: /default-rack, certSerialId: null}, Type:RATIS, Factor:THREE, State:CLOSED] from datanode 5d275853-b846-4f86-bc5b-0ba421435051{ip: 192.168.34.38, host: pr-hdds-2007-65vhz-3510356991, networkLocation: /default-rack, certSerialId: null}. Reason : 5d275853-b846-4f86-bc5b-0ba421435051 has not seen follower/s bd0b0c89-cb45-482d-bed2-ad92fc2d5050 for 152470ms e2c05a36-c8a2-43f6-9f8f-11b9e2d7f4b8 for 152464ms
2019-09-12 13:10:00,555 [EventQueue-PipelineActionsForPipelineActionHandler] INFO  pipeline.SCMPipelineManager (SCMPipelineManager.java:finalizeAndDestroyPipeline(311)) - destroying pipeline:Pipeline[ Id: 7700c51d-9357-46f7-9d29-203775717d2f, Nodes: bd0b0c89-cb45-482d-bed2-ad92fc2d5050{ip: 192.168.34.38, host: pr-hdds-2007-65vhz-3510356991, networkLocation: /default-rack, certSerialId: null}5d275853-b846-4f86-bc5b-0ba421435051{ip: 192.168.34.38, host: pr-hdds-2007-65vhz-3510356991, networkLocation: /default-rack, certSerialId: null}e2c05a36-c8a2-43f6-9f8f-11b9e2d7f4b8{ip: 192.168.34.38, host: pr-hdds-2007-65vhz-3510356991, networkLocation: /default-rack, certSerialId: null}, Type:RATIS, Factor:THREE, State:CLOSED]
2019-09-12 13:10:02,074 [org.apache.ratis.server.impl.LogAppender$AppenderDaemon$$Lambda$485/1236579333@5858e0e3] ERROR ratis.XceiverServerRatis (XceiverServerRatis.java:triggerPipelineClose(568)) - pipeline Action CLOSE  on pipeline PipelineID=7700c51d-9357-46f7-9d29-203775717d2f.Reason : 5d275853-b846-4f86-bc5b-0ba421435051 has not seen follower/s bd0b0c89-cb45-482d-bed2-ad92fc2d5050 for 154971ms e2c05a36-c8a2-43f6-9f8f-11b9e2d7f4b8 for 154964ms
2019-09-12 13:10:02,083 [org.apache.ratis.server.impl.LogAppender$AppenderDaemon$$Lambda$485/1236579333@5f4f9d52] ERROR ratis.XceiverServerRatis (XceiverServerRatis.java:triggerPipelineClose(568)) - pipeline Action CLOSE  on pipeline PipelineID=7700c51d-9357-46f7-9d29-203775717d2f.Reason : 5d275853-b846-4f86-bc5b-0ba421435051 has not seen follower/s bd0b0c89-cb45-482d-bed2-ad92fc2d5050 for 154980ms e2c05a36-c8a2-43f6-9f8f-11b9e2d7f4b8 for 154973ms
2019-09-12 13:10:02,555 [EventQueue-PipelineActionsForPipelineActionHandler] ERROR pipeline.PipelineActionHandler (PipelineActionHandler.java:onMessage(60)) - Received pipeline action CLOSE for Pipeline[ Id: 7700c51d-9357-46f7-9d29-203775717d2f, Nodes: bd0b0c89-cb45-482d-bed2-ad92fc2d5050{ip: 192.168.34.38, host: pr-hdds-2007-65vhz-3510356991, networkLocation: /default-rack, certSerialId: null}5d275853-b846-4f86-bc5b-0ba421435051{ip: 192.168.34.38, host: pr-hdds-2007-65vhz-3510356991, networkLocation: /default-rack, certSerialId: null}e2c05a36-c8a2-43f6-9f8f-11b9e2d7f4b8{ip: 192.168.34.38, host: pr-hdds-2007-65vhz-3510356991, networkLocation: /default-rack, certSerialId: null}, Type:RATIS, Factor:THREE, State:CLOSED] from datanode 5d275853-b846-4f86-bc5b-0ba421435051{ip: 192.168.34.38, host: pr-hdds-2007-65vhz-3510356991, networkLocation: /default-rack, certSerialId: null}. Reason : 5d275853-b846-4f86-bc5b-0ba421435051 has not seen follower/s bd0b0c89-cb45-482d-bed2-ad92fc2d5050 for 154971ms e2c05a36-c8a2-43f6-9f8f-11b9e2d7f4b8 for 154964ms
2019-09-12 13:10:02,555 [EventQueue-PipelineActionsForPipelineActionHandler] INFO  pipeline.SCMPipelineManager (SCMPipelineManager.java:finalizeAndDestroyPipeline(311)) - destroying pipeline:Pipeline[ Id: 7700c51d-9357-46f7-9d29-203775717d2f, Nodes: bd0b0c89-cb45-482d-bed2-ad92fc2d5050{ip: 192.168.34.38, host: pr-hdds-2007-65vhz-3510356991, networkLocation: /default-rack, certSerialId: null}5d275853-b846-4f86-bc5b-0ba421435051{ip: 192.168.34.38, host: pr-hdds-2007-65vhz-3510356991, networkLocation: /default-rack, certSerialId: null}e2c05a36-c8a2-43f6-9f8f-11b9e2d7f4b8{ip: 192.168.34.38, host: pr-hdds-2007-65vhz-3510356991, networkLocation: /default-rack, certSerialId: null}, Type:RATIS, Factor:THREE, State:CLOSED]
2019-09-12 13:10:02,573 [java.util.concurrent.ThreadPoolExecutor$Worker@53f50db5[State = -1, empty queue]] WARN  server.GrpcLogAppender (GrpcLogAppender.java:timeoutAppendRequest(200)) - 5d275853-b846-4f86-bc5b-0ba421435051@group-203775717D2F->bd0b0c89-cb45-482d-bed2-ad92fc2d5050-GrpcLogAppender: appendEntries Timeout, request=5d275853-b846-4f86-bc5b-0ba421435051->bd0b0c89-cb45-482d-bed2-ad92fc2d5050#75-t1, previous=(t:1, i:14), leaderCommit=10, initializing? false, entries: <empty>
2019-09-12 13:10:02,582 [java.util.concurrent.ThreadPoolExecutor$Worker@6d2694e9[State = -1, empty queue]] WARN  server.GrpcLogAppender (GrpcLogAppender.java:timeoutAppendRequest(200)) - 5d275853-b846-4f86-bc5b-0ba421435051@group-203775717D2F->e2c05a36-c8a2-43f6-9f8f-11b9e2d7f4b8-GrpcLogAppender: appendEntries Timeout, request=5d275853-b846-4f86-bc5b-0ba421435051->e2c05a36-c8a2-43f6-9f8f-11b9e2d7f4b8#75-t1, previous=(t:1, i:14), leaderCommit=10, initializing? false, entries: <empty>
2019-09-12 13:10:04,331 [grpc-default-executor-1] INFO  client.GrpcClientProtocolClient (GrpcClientProtocolClient.java:onNext(264)) - client-8389729FF037->e2c05a36-c8a2-43f6-9f8f-11b9e2d7f4b8: receive RaftClientReply:client-8389729FF037->e2c05a36-c8a2-43f6-9f8f-11b9e2d7f4b8@group-203775717D2F, cid=21, FAILED org.apache.ratis.protocol.NotLeaderException: Server e2c05a36-c8a2-43f6-9f8f-11b9e2d7f4b8@group-203775717D2F is not the leader 5d275853-b846-4f86-bc5b-0ba421435051:192.168.34.38:43235, logIndex=0, commits[e2c05a36-c8a2-43f6-9f8f-11b9e2d7f4b8:c10, 5d275853-b846-4f86-bc5b-0ba421435051:c10, bd0b0c89-cb45-482d-bed2-ad92fc2d5050:c6]
2019-09-12 13:10:04,575 [org.apache.ratis.server.impl.LogAppender$AppenderDaemon$$Lambda$485/1236579333@5858e0e3] ERROR ratis.XceiverServerRatis (XceiverServerRatis.java:triggerPipelineClose(568)) - pipeline Action CLOSE  on pipeline PipelineID=7700c51d-9357-46f7-9d29-203775717d2f.Reason : 5d275853-b846-4f86-bc5b-0ba421435051 has not seen follower/s bd0b0c89-cb45-482d-bed2-ad92fc2d5050 for 157472ms e2c05a36-c8a2-43f6-9f8f-11b9e2d7f4b8 for 157465ms
2019-09-12 13:10:04,583 [org.apache.ratis.server.impl.LogAppender$AppenderDaemon$$Lambda$485/1236579333@5f4f9d52] ERROR ratis.XceiverServerRatis (XceiverServerRatis.java:triggerPipelineClose(568)) - pipeline Action CLOSE  on pipeline PipelineID=7700c51d-9357-46f7-9d29-203775717d2f.Reason : 5d275853-b846-4f86-bc5b-0ba421435051 has not seen follower/s bd0b0c89-cb45-482d-bed2-ad92fc2d5050 for 157481ms e2c05a36-c8a2-43f6-9f8f-11b9e2d7f4b8 for 157474ms
2019-09-12 13:10:05,074 [java.util.concurrent.ThreadPoolExecutor$Worker@53f50db5[State = -1, empty queue]] WARN  server.GrpcLogAppender (GrpcLogAppender.java:timeoutAppendRequest(200)) - 5d275853-b846-4f86-bc5b-0ba421435051@group-203775717D2F->bd0b0c89-cb45-482d-bed2-ad92fc2d5050-GrpcLogAppender: appendEntries Timeout, request=5d275853-b846-4f86-bc5b-0ba421435051->bd0b0c89-cb45-482d-bed2-ad92fc2d5050#76-t1, previous=(t:1, i:14), leaderCommit=10, initializing? false, entries: <empty>
2019-09-12 13:10:05,083 [java.util.concurrent.ThreadPoolExecutor$Worker@6d2694e9[State = -1, empty queue]] WARN  server.GrpcLogAppender (GrpcLogAppender.java:timeoutAppendRequest(200)) - 5d275853-b846-4f86-bc5b-0ba421435051@group-203775717D2F->e2c05a36-c8a2-43f6-9f8f-11b9e2d7f4b8-GrpcLogAppender: appendEntries Timeout, request=5d275853-b846-4f86-bc5b-0ba421435051->e2c05a36-c8a2-43f6-9f8f-11b9e2d7f4b8#76-t1, previous=(t:1, i:14), leaderCommit=10, initializing? false, entries: <empty>
2019-09-12 13:10:05,555 [EventQueue-PipelineActionsForPipelineActionHandler] ERROR pipeline.PipelineActionHandler (PipelineActionHandler.java:onMessage(60)) - Received pipeline action CLOSE for Pipeline[ Id: 7700c51d-9357-46f7-9d29-203775717d2f, Nodes: bd0b0c89-cb45-482d-bed2-ad92fc2d5050{ip: 192.168.34.38, host: pr-hdds-2007-65vhz-3510356991, networkLocation: /default-rack, certSerialId: null}5d275853-b846-4f86-bc5b-0ba421435051{ip: 192.168.34.38, host: pr-hdds-2007-65vhz-3510356991, networkLocation: /default-rack, certSerialId: null}e2c05a36-c8a2-43f6-9f8f-11b9e2d7f4b8{ip: 192.168.34.38, host: pr-hdds-2007-65vhz-3510356991, networkLocation: /default-rack, certSerialId: null}, Type:RATIS, Factor:THREE, State:CLOSED] from datanode 5d275853-b846-4f86-bc5b-0ba421435051{ip: 192.168.34.38, host: pr-hdds-2007-65vhz-3510356991, networkLocation: /default-rack, certSerialId: null}. Reason : 5d275853-b846-4f86-bc5b-0ba421435051 has not seen follower/s bd0b0c89-cb45-482d-bed2-ad92fc2d5050 for 157472ms e2c05a36-c8a2-43f6-9f8f-11b9e2d7f4b8 for 157465ms
2019-09-12 13:10:05,555 [EventQueue-PipelineActionsForPipelineActionHandler] INFO  pipeline.SCMPipelineManager (SCMPipelineManager.java:finalizeAndDestroyPipeline(311)) - destroying pipeline:Pipeline[ Id: 7700c51d-9357-46f7-9d29-203775717d2f, Nodes: bd0b0c89-cb45-482d-bed2-ad92fc2d5050{ip: 192.168.34.38, host: pr-hdds-2007-65vhz-3510356991, networkLocation: /default-rack, certSerialId: null}5d275853-b846-4f86-bc5b-0ba421435051{ip: 192.168.34.38, host: pr-hdds-2007-65vhz-3510356991, networkLocation: /default-rack, certSerialId: null}e2c05a36-c8a2-43f6-9f8f-11b9e2d7f4b8{ip: 192.168.34.38, host: pr-hdds-2007-65vhz-3510356991, networkLocation: /default-rack, certSerialId: null}, Type:RATIS, Factor:THREE, State:CLOSED]
2019-09-12 13:10:07,076 [org.apache.ratis.server.impl.LogAppender$AppenderDaemon$$Lambda$485/1236579333@5858e0e3] ERROR ratis.XceiverServerRatis (XceiverServerRatis.java:triggerPipelineClose(568)) - pipeline Action CLOSE  on pipeline PipelineID=7700c51d-9357-46f7-9d29-203775717d2f.Reason : 5d275853-b846-4f86-bc5b-0ba421435051 has not seen follower/s bd0b0c89-cb45-482d-bed2-ad92fc2d5050 for 159973ms e2c05a36-c8a2-43f6-9f8f-11b9e2d7f4b8 for 159966ms
2019-09-12 13:10:07,085 [org.apache.ratis.server.impl.LogAppender$AppenderDaemon$$Lambda$485/1236579333@5f4f9d52] ERROR ratis.XceiverServerRatis (XceiverServerRatis.java:triggerPipelineClose(568)) - pipeline Action CLOSE  on pipeline PipelineID=7700c51d-9357-46f7-9d29-203775717d2f.Reason : 5d275853-b846-4f86-bc5b-0ba421435051 has not seen follower/s bd0b0c89-cb45-482d-bed2-ad92fc2d5050 for 159982ms e2c05a36-c8a2-43f6-9f8f-11b9e2d7f4b8 for 159975ms
2019-09-12 13:10:07,385 [bd0b0c89-cb45-482d-bed2-ad92fc2d5050@group-203775717D2F-SegmentedRaftLogWorker] WARN  segmented.SegmentedRaftLogWorker (SegmentedRaftLogWorker.java:getFromFuture(90)) - Timeout 15/~
org.apache.ratis.protocol.TimeoutIOException: Timeout 10s: WriteLog:11: (t:1, i:11), STATEMACHINELOGENTRY, client-8389729FF037, cid=21-writeStateMachineData
	at org.apache.ratis.util.IOUtils.getFromFuture(IOUtils.java:87)
	at org.apache.ratis.server.raftlog.segmented.SegmentedRaftLogWorker$StateMachineDataPolicy.getFromFuture(SegmentedRaftLogWorker.java:87)
	at org.apache.ratis.server.raftlog.segmented.SegmentedRaftLogWorker$WriteLog.execute(SegmentedRaftLogWorker.java:477)
	at org.apache.ratis.server.raftlog.segmented.SegmentedRaftLogWorker.run(SegmentedRaftLogWorker.java:289)
	at java.lang.Thread.run(Thread.java:748)
Caused by: java.util.concurrent.TimeoutException
	at java.util.concurrent.CompletableFuture.timedGet(CompletableFuture.java:1771)
	at java.util.concurrent.CompletableFuture.get(CompletableFuture.java:1915)
	at org.apache.ratis.util.IOUtils.getFromFuture(IOUtils.java:79)
	... 4 more
2019-09-12 13:10:07,543 [5d275853-b846-4f86-bc5b-0ba421435051@group-203775717D2F-SegmentedRaftLogWorker] WARN  segmented.SegmentedRaftLogWorker (SegmentedRaftLogWorker.java:getFromFuture(90)) - Timeout 15/~
org.apache.ratis.protocol.TimeoutIOException: Timeout 10s: WriteLog:12: (t:1, i:12), STATEMACHINELOGENTRY, client-8389729FF037, cid=22-writeStateMachineData
	at org.apache.ratis.util.IOUtils.getFromFuture(IOUtils.java:87)
	at org.apache.ratis.server.raftlog.segmented.SegmentedRaftLogWorker$StateMachineDataPolicy.getFromFuture(SegmentedRaftLogWorker.java:87)
	at org.apache.ratis.server.raftlog.segmented.SegmentedRaftLogWorker$WriteLog.execute(SegmentedRaftLogWorker.java:477)
	at org.apache.ratis.server.raftlog.segmented.SegmentedRaftLogWorker.run(SegmentedRaftLogWorker.java:289)
	at java.lang.Thread.run(Thread.java:748)
Caused by: java.util.concurrent.TimeoutException
	at java.util.concurrent.CompletableFuture.timedGet(CompletableFuture.java:1771)
	at java.util.concurrent.CompletableFuture.get(CompletableFuture.java:1915)
	at org.apache.ratis.util.IOUtils.getFromFuture(IOUtils.java:79)
	... 4 more
2019-09-12 13:10:07,558 [e2c05a36-c8a2-43f6-9f8f-11b9e2d7f4b8@group-203775717D2F-SegmentedRaftLogWorker] WARN  segmented.SegmentedRaftLogWorker (SegmentedRaftLogWorker.java:getFromFuture(90)) - Timeout 15/~
org.apache.ratis.protocol.TimeoutIOException: Timeout 10s: WriteLog:12: (t:1, i:12), STATEMACHINELOGENTRY, client-8389729FF037, cid=22-writeStateMachineData
	at org.apache.ratis.util.IOUtils.getFromFuture(IOUtils.java:87)
	at org.apache.ratis.server.raftlog.segmented.SegmentedRaftLogWorker$StateMachineDataPolicy.getFromFuture(SegmentedRaftLogWorker.java:87)
	at org.apache.ratis.server.raftlog.segmented.SegmentedRaftLogWorker$WriteLog.execute(SegmentedRaftLogWorker.java:477)
	at org.apache.ratis.server.raftlog.segmented.SegmentedRaftLogWorker.run(SegmentedRaftLogWorker.java:289)
	at java.lang.Thread.run(Thread.java:748)
Caused by: java.util.concurrent.TimeoutException
	at java.util.concurrent.CompletableFuture.timedGet(CompletableFuture.java:1771)
	at java.util.concurrent.CompletableFuture.get(CompletableFuture.java:1915)
	at org.apache.ratis.util.IOUtils.getFromFuture(IOUtils.java:79)
	... 4 more
2019-09-12 13:10:07,558 [EventQueue-PipelineActionsForPipelineActionHandler] ERROR pipeline.PipelineActionHandler (PipelineActionHandler.java:onMessage(60)) - Received pipeline action CLOSE for Pipeline[ Id: 7700c51d-9357-46f7-9d29-203775717d2f, Nodes: bd0b0c89-cb45-482d-bed2-ad92fc2d5050{ip: 192.168.34.38, host: pr-hdds-2007-65vhz-3510356991, networkLocation: /default-rack, certSerialId: null}5d275853-b846-4f86-bc5b-0ba421435051{ip: 192.168.34.38, host: pr-hdds-2007-65vhz-3510356991, networkLocation: /default-rack, certSerialId: null}e2c05a36-c8a2-43f6-9f8f-11b9e2d7f4b8{ip: 192.168.34.38, host: pr-hdds-2007-65vhz-3510356991, networkLocation: /default-rack, certSerialId: null}, Type:RATIS, Factor:THREE, State:CLOSED] from datanode 5d275853-b846-4f86-bc5b-0ba421435051{ip: 192.168.34.38, host: pr-hdds-2007-65vhz-3510356991, networkLocation: /default-rack, certSerialId: null}. Reason : 5d275853-b846-4f86-bc5b-0ba421435051 has not seen follower/s bd0b0c89-cb45-482d-bed2-ad92fc2d5050 for 159973ms e2c05a36-c8a2-43f6-9f8f-11b9e2d7f4b8 for 159966ms
2019-09-12 13:10:07,559 [EventQueue-PipelineActionsForPipelineActionHandler] INFO  pipeline.SCMPipelineManager (SCMPipelineManager.java:finalizeAndDestroyPipeline(311)) - destroying pipeline:Pipeline[ Id: 7700c51d-9357-46f7-9d29-203775717d2f, Nodes: bd0b0c89-cb45-482d-bed2-ad92fc2d5050{ip: 192.168.34.38, host: pr-hdds-2007-65vhz-3510356991, networkLocation: /default-rack, certSerialId: null}5d275853-b846-4f86-bc5b-0ba421435051{ip: 192.168.34.38, host: pr-hdds-2007-65vhz-3510356991, networkLocation: /default-rack, certSerialId: null}e2c05a36-c8a2-43f6-9f8f-11b9e2d7f4b8{ip: 192.168.34.38, host: pr-hdds-2007-65vhz-3510356991, networkLocation: /default-rack, certSerialId: null}, Type:RATIS, Factor:THREE, State:CLOSED]
2019-09-12 13:10:07,575 [java.util.concurrent.ThreadPoolExecutor$Worker@53f50db5[State = -1, empty queue]] WARN  server.GrpcLogAppender (GrpcLogAppender.java:timeoutAppendRequest(200)) - 5d275853-b846-4f86-bc5b-0ba421435051@group-203775717D2F->bd0b0c89-cb45-482d-bed2-ad92fc2d5050-GrpcLogAppender: appendEntries Timeout, request=5d275853-b846-4f86-bc5b-0ba421435051->bd0b0c89-cb45-482d-bed2-ad92fc2d5050#77-t1, previous=(t:1, i:14), leaderCommit=10, initializing? false, entries: <empty>
2019-09-12 13:10:07,584 [java.util.concurrent.ThreadPoolExecutor$Worker@6d2694e9[State = -1, empty queue]] WARN  server.GrpcLogAppender (GrpcLogAppender.java:timeoutAppendRequest(200)) - 5d275853-b846-4f86-bc5b-0ba421435051@group-203775717D2F->e2c05a36-c8a2-43f6-9f8f-11b9e2d7f4b8-GrpcLogAppender: appendEntries Timeout, request=5d275853-b846-4f86-bc5b-0ba421435051->e2c05a36-c8a2-43f6-9f8f-11b9e2d7f4b8#77-t1, previous=(t:1, i:14), leaderCommit=10, initializing? false, entries: <empty>
2019-09-12 13:10:09,381 [grpc-default-executor-3] INFO  client.GrpcClientProtocolClient (GrpcClientProtocolClient.java:onNext(264)) - client-8389729FF037->bd0b0c89-cb45-482d-bed2-ad92fc2d5050: receive RaftClientReply:client-8389729FF037->bd0b0c89-cb45-482d-bed2-ad92fc2d5050@group-203775717D2F, cid=21, FAILED org.apache.ratis.protocol.NotLeaderException: Server bd0b0c89-cb45-482d-bed2-ad92fc2d5050@group-203775717D2F is not the leader 5d275853-b846-4f86-bc5b-0ba421435051:192.168.34.38:43235, logIndex=0, commits[bd0b0c89-cb45-482d-bed2-ad92fc2d5050:c10, 5d275853-b846-4f86-bc5b-0ba421435051:c10, e2c05a36-c8a2-43f6-9f8f-11b9e2d7f4b8:c6]
2019-09-12 13:10:09,577 [org.apache.ratis.server.impl.LogAppender$AppenderDaemon$$Lambda$485/1236579333@5858e0e3] ERROR ratis.XceiverServerRatis (XceiverServerRatis.java:triggerPipelineClose(568)) - pipeline Action CLOSE  on pipeline PipelineID=7700c51d-9357-46f7-9d29-203775717d2f.Reason : 5d275853-b846-4f86-bc5b-0ba421435051 has not seen follower/s bd0b0c89-cb45-482d-bed2-ad92fc2d5050 for 162474ms e2c05a36-c8a2-43f6-9f8f-11b9e2d7f4b8 for 162467ms
2019-09-12 13:10:09,586 [org.apache.ratis.server.impl.LogAppender$AppenderDaemon$$Lambda$485/1236579333@5f4f9d52] ERROR ratis.XceiverServerRatis (XceiverServerRatis.java:triggerPipelineClose(568)) - pipeline Action CLOSE  on pipeline PipelineID=7700c51d-9357-46f7-9d29-203775717d2f.Reason : 5d275853-b846-4f86-bc5b-0ba421435051 has not seen follower/s bd0b0c89-cb45-482d-bed2-ad92fc2d5050 for 162483ms e2c05a36-c8a2-43f6-9f8f-11b9e2d7f4b8 for 162476ms
2019-09-12 13:10:10,076 [java.util.concurrent.ThreadPoolExecutor$Worker@53f50db5[State = -1, empty queue]] WARN  server.GrpcLogAppender (GrpcLogAppender.java:timeoutAppendRequest(200)) - 5d275853-b846-4f86-bc5b-0ba421435051@group-203775717D2F->bd0b0c89-cb45-482d-bed2-ad92fc2d5050-GrpcLogAppender: appendEntries Timeout, request=5d275853-b846-4f86-bc5b-0ba421435051->bd0b0c89-cb45-482d-bed2-ad92fc2d5050#78-t1, previous=(t:1, i:14), leaderCommit=10, initializing? false, entries: <empty>
2019-09-12 13:10:10,085 [java.util.concurrent.ThreadPoolExecutor$Worker@6d2694e9[State = -1, empty queue]] WARN  server.GrpcLogAppender (GrpcLogAppender.java:timeoutAppendRequest(200)) - 5d275853-b846-4f86-bc5b-0ba421435051@group-203775717D2F->e2c05a36-c8a2-43f6-9f8f-11b9e2d7f4b8-GrpcLogAppender: appendEntries Timeout, request=5d275853-b846-4f86-bc5b-0ba421435051->e2c05a36-c8a2-43f6-9f8f-11b9e2d7f4b8#78-t1, previous=(t:1, i:14), leaderCommit=10, initializing? false, entries: <empty>
2019-09-12 13:10:10,559 [EventQueue-PipelineActionsForPipelineActionHandler] ERROR pipeline.PipelineActionHandler (PipelineActionHandler.java:onMessage(60)) - Received pipeline action CLOSE for Pipeline[ Id: 7700c51d-9357-46f7-9d29-203775717d2f, Nodes: bd0b0c89-cb45-482d-bed2-ad92fc2d5050{ip: 192.168.34.38, host: pr-hdds-2007-65vhz-3510356991, networkLocation: /default-rack, certSerialId: null}5d275853-b846-4f86-bc5b-0ba421435051{ip: 192.168.34.38, host: pr-hdds-2007-65vhz-3510356991, networkLocation: /default-rack, certSerialId: null}e2c05a36-c8a2-43f6-9f8f-11b9e2d7f4b8{ip: 192.168.34.38, host: pr-hdds-2007-65vhz-3510356991, networkLocation: /default-rack, certSerialId: null}, Type:RATIS, Factor:THREE, State:CLOSED] from datanode 5d275853-b846-4f86-bc5b-0ba421435051{ip: 192.168.34.38, host: pr-hdds-2007-65vhz-3510356991, networkLocation: /default-rack, certSerialId: null}. Reason : 5d275853-b846-4f86-bc5b-0ba421435051 has not seen follower/s bd0b0c89-cb45-482d-bed2-ad92fc2d5050 for 162474ms e2c05a36-c8a2-43f6-9f8f-11b9e2d7f4b8 for 162467ms
2019-09-12 13:10:10,560 [EventQueue-PipelineActionsForPipelineActionHandler] INFO  pipeline.SCMPipelineManager (SCMPipelineManager.java:finalizeAndDestroyPipeline(311)) - destroying pipeline:Pipeline[ Id: 7700c51d-9357-46f7-9d29-203775717d2f, Nodes: bd0b0c89-cb45-482d-bed2-ad92fc2d5050{ip: 192.168.34.38, host: pr-hdds-2007-65vhz-3510356991, networkLocation: /default-rack, certSerialId: null}5d275853-b846-4f86-bc5b-0ba421435051{ip: 192.168.34.38, host: pr-hdds-2007-65vhz-3510356991, networkLocation: /default-rack, certSerialId: null}e2c05a36-c8a2-43f6-9f8f-11b9e2d7f4b8{ip: 192.168.34.38, host: pr-hdds-2007-65vhz-3510356991, networkLocation: /default-rack, certSerialId: null}, Type:RATIS, Factor:THREE, State:CLOSED]
2019-09-12 13:10:12,078 [org.apache.ratis.server.impl.LogAppender$AppenderDaemon$$Lambda$485/1236579333@5858e0e3] ERROR ratis.XceiverServerRatis (XceiverServerRatis.java:triggerPipelineClose(568)) - pipeline Action CLOSE  on pipeline PipelineID=7700c51d-9357-46f7-9d29-203775717d2f.Reason : 5d275853-b846-4f86-bc5b-0ba421435051 has not seen follower/s bd0b0c89-cb45-482d-bed2-ad92fc2d5050 for 164975ms e2c05a36-c8a2-43f6-9f8f-11b9e2d7f4b8 for 164968ms
2019-09-12 13:10:12,086 [org.apache.ratis.server.impl.LogAppender$AppenderDaemon$$Lambda$485/1236579333@5f4f9d52] ERROR ratis.XceiverServerRatis (XceiverServerRatis.java:triggerPipelineClose(568)) - pipeline Action CLOSE  on pipeline PipelineID=7700c51d-9357-46f7-9d29-203775717d2f.Reason : 5d275853-b846-4f86-bc5b-0ba421435051 has not seen follower/s bd0b0c89-cb45-482d-bed2-ad92fc2d5050 for 164984ms e2c05a36-c8a2-43f6-9f8f-11b9e2d7f4b8 for 164977ms
2019-09-12 13:10:12,561 [EventQueue-PipelineActionsForPipelineActionHandler] ERROR pipeline.PipelineActionHandler (PipelineActionHandler.java:onMessage(60)) - Received pipeline action CLOSE for Pipeline[ Id: 7700c51d-9357-46f7-9d29-203775717d2f, Nodes: bd0b0c89-cb45-482d-bed2-ad92fc2d5050{ip: 192.168.34.38, host: pr-hdds-2007-65vhz-3510356991, networkLocation: /default-rack, certSerialId: null}5d275853-b846-4f86-bc5b-0ba421435051{ip: 192.168.34.38, host: pr-hdds-2007-65vhz-3510356991, networkLocation: /default-rack, certSerialId: null}e2c05a36-c8a2-43f6-9f8f-11b9e2d7f4b8{ip: 192.168.34.38, host: pr-hdds-2007-65vhz-3510356991, networkLocation: /default-rack, certSerialId: null}, Type:RATIS, Factor:THREE, State:CLOSED] from datanode 5d275853-b846-4f86-bc5b-0ba421435051{ip: 192.168.34.38, host: pr-hdds-2007-65vhz-3510356991, networkLocation: /default-rack, certSerialId: null}. Reason : 5d275853-b846-4f86-bc5b-0ba421435051 has not seen follower/s bd0b0c89-cb45-482d-bed2-ad92fc2d5050 for 164975ms e2c05a36-c8a2-43f6-9f8f-11b9e2d7f4b8 for 164968ms
2019-09-12 13:10:12,561 [EventQueue-PipelineActionsForPipelineActionHandler] INFO  pipeline.SCMPipelineManager (SCMPipelineManager.java:finalizeAndDestroyPipeline(311)) - destroying pipeline:Pipeline[ Id: 7700c51d-9357-46f7-9d29-203775717d2f, Nodes: bd0b0c89-cb45-482d-bed2-ad92fc2d5050{ip: 192.168.34.38, host: pr-hdds-2007-65vhz-3510356991, networkLocation: /default-rack, certSerialId: null}5d275853-b846-4f86-bc5b-0ba421435051{ip: 192.168.34.38, host: pr-hdds-2007-65vhz-3510356991, networkLocation: /default-rack, certSerialId: null}e2c05a36-c8a2-43f6-9f8f-11b9e2d7f4b8{ip: 192.168.34.38, host: pr-hdds-2007-65vhz-3510356991, networkLocation: /default-rack, certSerialId: null}, Type:RATIS, Factor:THREE, State:CLOSED]
2019-09-12 13:10:12,577 [java.util.concurrent.ThreadPoolExecutor$Worker@53f50db5[State = -1, empty queue]] WARN  server.GrpcLogAppender (GrpcLogAppender.java:timeoutAppendRequest(200)) - 5d275853-b846-4f86-bc5b-0ba421435051@group-203775717D2F->bd0b0c89-cb45-482d-bed2-ad92fc2d5050-GrpcLogAppender: appendEntries Timeout, request=5d275853-b846-4f86-bc5b-0ba421435051->bd0b0c89-cb45-482d-bed2-ad92fc2d5050#79-t1, previous=(t:1, i:14), leaderCommit=10, initializing? false, entries: <empty>
2019-09-12 13:10:12,586 [java.util.concurrent.ThreadPoolExecutor$Worker@6d2694e9[State = -1, empty queue]] WARN  server.GrpcLogAppender (GrpcLogAppender.java:timeoutAppendRequest(200)) - 5d275853-b846-4f86-bc5b-0ba421435051@group-203775717D2F->e2c05a36-c8a2-43f6-9f8f-11b9e2d7f4b8-GrpcLogAppender: appendEntries Timeout, request=5d275853-b846-4f86-bc5b-0ba421435051->e2c05a36-c8a2-43f6-9f8f-11b9e2d7f4b8#79-t1, previous=(t:1, i:14), leaderCommit=10, initializing? false, entries: <empty>
2019-09-12 13:10:14,436 [grpc-default-executor-3] INFO  client.GrpcClientProtocolClient (GrpcClientProtocolClient.java:onNext(264)) - client-8389729FF037->e2c05a36-c8a2-43f6-9f8f-11b9e2d7f4b8: receive RaftClientReply:client-8389729FF037->e2c05a36-c8a2-43f6-9f8f-11b9e2d7f4b8@group-203775717D2F, cid=21, FAILED org.apache.ratis.protocol.NotLeaderException: Server e2c05a36-c8a2-43f6-9f8f-11b9e2d7f4b8@group-203775717D2F is not the leader 5d275853-b846-4f86-bc5b-0ba421435051:192.168.34.38:43235, logIndex=0, commits[e2c05a36-c8a2-43f6-9f8f-11b9e2d7f4b8:c10, 5d275853-b846-4f86-bc5b-0ba421435051:c10, bd0b0c89-cb45-482d-bed2-ad92fc2d5050:c6]
2019-09-12 13:10:14,579 [org.apache.ratis.server.impl.LogAppender$AppenderDaemon$$Lambda$485/1236579333@5858e0e3] ERROR ratis.XceiverServerRatis (XceiverServerRatis.java:triggerPipelineClose(568)) - pipeline Action CLOSE  on pipeline PipelineID=7700c51d-9357-46f7-9d29-203775717d2f.Reason : 5d275853-b846-4f86-bc5b-0ba421435051 has not seen follower/s bd0b0c89-cb45-482d-bed2-ad92fc2d5050 for 167476ms e2c05a36-c8a2-43f6-9f8f-11b9e2d7f4b8 for 167469ms
2019-09-12 13:10:14,587 [org.apache.ratis.server.impl.LogAppender$AppenderDaemon$$Lambda$485/1236579333@5f4f9d52] ERROR ratis.XceiverServerRatis (XceiverServerRatis.java:triggerPipelineClose(568)) - pipeline Action CLOSE  on pipeline PipelineID=7700c51d-9357-46f7-9d29-203775717d2f.Reason : 5d275853-b846-4f86-bc5b-0ba421435051 has not seen follower/s bd0b0c89-cb45-482d-bed2-ad92fc2d5050 for 167484ms e2c05a36-c8a2-43f6-9f8f-11b9e2d7f4b8 for 167478ms
2019-09-12 13:10:15,078 [java.util.concurrent.ThreadPoolExecutor$Worker@53f50db5[State = -1, empty queue]] WARN  server.GrpcLogAppender (GrpcLogAppender.java:timeoutAppendRequest(200)) - 5d275853-b846-4f86-bc5b-0ba421435051@group-203775717D2F->bd0b0c89-cb45-482d-bed2-ad92fc2d5050-GrpcLogAppender: appendEntries Timeout, request=5d275853-b846-4f86-bc5b-0ba421435051->bd0b0c89-cb45-482d-bed2-ad92fc2d5050#80-t1, previous=(t:1, i:14), leaderCommit=10, initializing? false, entries: <empty>
2019-09-12 13:10:15,086 [java.util.concurrent.ThreadPoolExecutor$Worker@6d2694e9[State = -1, empty queue]] WARN  server.GrpcLogAppender (GrpcLogAppender.java:timeoutAppendRequest(200)) - 5d275853-b846-4f86-bc5b-0ba421435051@group-203775717D2F->e2c05a36-c8a2-43f6-9f8f-11b9e2d7f4b8-GrpcLogAppender: appendEntries Timeout, request=5d275853-b846-4f86-bc5b-0ba421435051->e2c05a36-c8a2-43f6-9f8f-11b9e2d7f4b8#80-t1, previous=(t:1, i:14), leaderCommit=10, initializing? false, entries: <empty>
2019-09-12 13:10:15,560 [EventQueue-PipelineActionsForPipelineActionHandler] ERROR pipeline.PipelineActionHandler (PipelineActionHandler.java:onMessage(60)) - Received pipeline action CLOSE for Pipeline[ Id: 7700c51d-9357-46f7-9d29-203775717d2f, Nodes: bd0b0c89-cb45-482d-bed2-ad92fc2d5050{ip: 192.168.34.38, host: pr-hdds-2007-65vhz-3510356991, networkLocation: /default-rack, certSerialId: null}5d275853-b846-4f86-bc5b-0ba421435051{ip: 192.168.34.38, host: pr-hdds-2007-65vhz-3510356991, networkLocation: /default-rack, certSerialId: null}e2c05a36-c8a2-43f6-9f8f-11b9e2d7f4b8{ip: 192.168.34.38, host: pr-hdds-2007-65vhz-3510356991, networkLocation: /default-rack, certSerialId: null}, Type:RATIS, Factor:THREE, State:CLOSED] from datanode 5d275853-b846-4f86-bc5b-0ba421435051{ip: 192.168.34.38, host: pr-hdds-2007-65vhz-3510356991, networkLocation: /default-rack, certSerialId: null}. Reason : 5d275853-b846-4f86-bc5b-0ba421435051 has not seen follower/s bd0b0c89-cb45-482d-bed2-ad92fc2d5050 for 167476ms e2c05a36-c8a2-43f6-9f8f-11b9e2d7f4b8 for 167469ms
2019-09-12 13:10:15,560 [EventQueue-PipelineActionsForPipelineActionHandler] INFO  pipeline.SCMPipelineManager (SCMPipelineManager.java:finalizeAndDestroyPipeline(311)) - destroying pipeline:Pipeline[ Id: 7700c51d-9357-46f7-9d29-203775717d2f, Nodes: bd0b0c89-cb45-482d-bed2-ad92fc2d5050{ip: 192.168.34.38, host: pr-hdds-2007-65vhz-3510356991, networkLocation: /default-rack, certSerialId: null}5d275853-b846-4f86-bc5b-0ba421435051{ip: 192.168.34.38, host: pr-hdds-2007-65vhz-3510356991, networkLocation: /default-rack, certSerialId: null}e2c05a36-c8a2-43f6-9f8f-11b9e2d7f4b8{ip: 192.168.34.38, host: pr-hdds-2007-65vhz-3510356991, networkLocation: /default-rack, certSerialId: null}, Type:RATIS, Factor:THREE, State:CLOSED]
2019-09-12 13:10:17,080 [org.apache.ratis.server.impl.LogAppender$AppenderDaemon$$Lambda$485/1236579333@5858e0e3] ERROR ratis.XceiverServerRatis (XceiverServerRatis.java:triggerPipelineClose(568)) - pipeline Action CLOSE  on pipeline PipelineID=7700c51d-9357-46f7-9d29-203775717d2f.Reason : 5d275853-b846-4f86-bc5b-0ba421435051 has not seen follower/s bd0b0c89-cb45-482d-bed2-ad92fc2d5050 for 169977ms e2c05a36-c8a2-43f6-9f8f-11b9e2d7f4b8 for 169970ms
2019-09-12 13:10:17,088 [org.apache.ratis.server.impl.LogAppender$AppenderDaemon$$Lambda$485/1236579333@5f4f9d52] ERROR ratis.XceiverServerRatis (XceiverServerRatis.java:triggerPipelineClose(568)) - pipeline Action CLOSE  on pipeline PipelineID=7700c51d-9357-46f7-9d29-203775717d2f.Reason : 5d275853-b846-4f86-bc5b-0ba421435051 has not seen follower/s bd0b0c89-cb45-482d-bed2-ad92fc2d5050 for 169985ms e2c05a36-c8a2-43f6-9f8f-11b9e2d7f4b8 for 169978ms
2019-09-12 13:10:17,386 [bd0b0c89-cb45-482d-bed2-ad92fc2d5050@group-203775717D2F-SegmentedRaftLogWorker] WARN  segmented.SegmentedRaftLogWorker (SegmentedRaftLogWorker.java:getFromFuture(90)) - Timeout 16/~
org.apache.ratis.protocol.TimeoutIOException: Timeout 10s: WriteLog:11: (t:1, i:11), STATEMACHINELOGENTRY, client-8389729FF037, cid=21-writeStateMachineData
	at org.apache.ratis.util.IOUtils.getFromFuture(IOUtils.java:87)
	at org.apache.ratis.server.raftlog.segmented.SegmentedRaftLogWorker$StateMachineDataPolicy.getFromFuture(SegmentedRaftLogWorker.java:87)
	at org.apache.ratis.server.raftlog.segmented.SegmentedRaftLogWorker$WriteLog.execute(SegmentedRaftLogWorker.java:477)
	at org.apache.ratis.server.raftlog.segmented.SegmentedRaftLogWorker.run(SegmentedRaftLogWorker.java:289)
	at java.lang.Thread.run(Thread.java:748)
Caused by: java.util.concurrent.TimeoutException
	at java.util.concurrent.CompletableFuture.timedGet(CompletableFuture.java:1771)
	at java.util.concurrent.CompletableFuture.get(CompletableFuture.java:1915)
	at org.apache.ratis.util.IOUtils.getFromFuture(IOUtils.java:79)
	... 4 more
2019-09-12 13:10:17,558 [5d275853-b846-4f86-bc5b-0ba421435051@group-203775717D2F-SegmentedRaftLogWorker] WARN  segmented.SegmentedRaftLogWorker (SegmentedRaftLogWorker.java:getFromFuture(90)) - Timeout 16/~
org.apache.ratis.protocol.TimeoutIOException: Timeout 10s: WriteLog:12: (t:1, i:12), STATEMACHINELOGENTRY, client-8389729FF037, cid=22-writeStateMachineData
	at org.apache.ratis.util.IOUtils.getFromFuture(IOUtils.java:87)
	at org.apache.ratis.server.raftlog.segmented.SegmentedRaftLogWorker$StateMachineDataPolicy.getFromFuture(SegmentedRaftLogWorker.java:87)
	at org.apache.ratis.server.raftlog.segmented.SegmentedRaftLogWorker$WriteLog.execute(SegmentedRaftLogWorker.java:477)
	at org.apache.ratis.server.raftlog.segmented.SegmentedRaftLogWorker.run(SegmentedRaftLogWorker.java:289)
	at java.lang.Thread.run(Thread.java:748)
Caused by: java.util.concurrent.TimeoutException
	at java.util.concurrent.CompletableFuture.timedGet(CompletableFuture.java:1771)
	at java.util.concurrent.CompletableFuture.get(CompletableFuture.java:1915)
	at org.apache.ratis.util.IOUtils.getFromFuture(IOUtils.java:79)
	... 4 more
2019-09-12 13:10:17,558 [e2c05a36-c8a2-43f6-9f8f-11b9e2d7f4b8@group-203775717D2F-SegmentedRaftLogWorker] WARN  segmented.SegmentedRaftLogWorker (SegmentedRaftLogWorker.java:getFromFuture(90)) - Timeout 16/~
org.apache.ratis.protocol.TimeoutIOException: Timeout 10s: WriteLog:12: (t:1, i:12), STATEMACHINELOGENTRY, client-8389729FF037, cid=22-writeStateMachineData
	at org.apache.ratis.util.IOUtils.getFromFuture(IOUtils.java:87)
	at org.apache.ratis.server.raftlog.segmented.SegmentedRaftLogWorker$StateMachineDataPolicy.getFromFuture(SegmentedRaftLogWorker.java:87)
	at org.apache.ratis.server.raftlog.segmented.SegmentedRaftLogWorker$WriteLog.execute(SegmentedRaftLogWorker.java:477)
	at org.apache.ratis.server.raftlog.segmented.SegmentedRaftLogWorker.run(SegmentedRaftLogWorker.java:289)
	at java.lang.Thread.run(Thread.java:748)
Caused by: java.util.concurrent.TimeoutException
	at java.util.concurrent.CompletableFuture.timedGet(CompletableFuture.java:1771)
	at java.util.concurrent.CompletableFuture.get(CompletableFuture.java:1915)
	at org.apache.ratis.util.IOUtils.getFromFuture(IOUtils.java:79)
	... 4 more
2019-09-12 13:10:17,560 [EventQueue-PipelineActionsForPipelineActionHandler] ERROR pipeline.PipelineActionHandler (PipelineActionHandler.java:onMessage(60)) - Received pipeline action CLOSE for Pipeline[ Id: 7700c51d-9357-46f7-9d29-203775717d2f, Nodes: bd0b0c89-cb45-482d-bed2-ad92fc2d5050{ip: 192.168.34.38, host: pr-hdds-2007-65vhz-3510356991, networkLocation: /default-rack, certSerialId: null}5d275853-b846-4f86-bc5b-0ba421435051{ip: 192.168.34.38, host: pr-hdds-2007-65vhz-3510356991, networkLocation: /default-rack, certSerialId: null}e2c05a36-c8a2-43f6-9f8f-11b9e2d7f4b8{ip: 192.168.34.38, host: pr-hdds-2007-65vhz-3510356991, networkLocation: /default-rack, certSerialId: null}, Type:RATIS, Factor:THREE, State:CLOSED] from datanode 5d275853-b846-4f86-bc5b-0ba421435051{ip: 192.168.34.38, host: pr-hdds-2007-65vhz-3510356991, networkLocation: /default-rack, certSerialId: null}. Reason : 5d275853-b846-4f86-bc5b-0ba421435051 has not seen follower/s bd0b0c89-cb45-482d-bed2-ad92fc2d5050 for 169977ms e2c05a36-c8a2-43f6-9f8f-11b9e2d7f4b8 for 169970ms
2019-09-12 13:10:17,560 [EventQueue-PipelineActionsForPipelineActionHandler] INFO  pipeline.SCMPipelineManager (SCMPipelineManager.java:finalizeAndDestroyPipeline(311)) - destroying pipeline:Pipeline[ Id: 7700c51d-9357-46f7-9d29-203775717d2f, Nodes: bd0b0c89-cb45-482d-bed2-ad92fc2d5050{ip: 192.168.34.38, host: pr-hdds-2007-65vhz-3510356991, networkLocation: /default-rack, certSerialId: null}5d275853-b846-4f86-bc5b-0ba421435051{ip: 192.168.34.38, host: pr-hdds-2007-65vhz-3510356991, networkLocation: /default-rack, certSerialId: null}e2c05a36-c8a2-43f6-9f8f-11b9e2d7f4b8{ip: 192.168.34.38, host: pr-hdds-2007-65vhz-3510356991, networkLocation: /default-rack, certSerialId: null}, Type:RATIS, Factor:THREE, State:CLOSED]
2019-09-12 13:10:17,579 [java.util.concurrent.ThreadPoolExecutor$Worker@53f50db5[State = -1, empty queue]] WARN  server.GrpcLogAppender (GrpcLogAppender.java:timeoutAppendRequest(200)) - 5d275853-b846-4f86-bc5b-0ba421435051@group-203775717D2F->bd0b0c89-cb45-482d-bed2-ad92fc2d5050-GrpcLogAppender: appendEntries Timeout, request=5d275853-b846-4f86-bc5b-0ba421435051->bd0b0c89-cb45-482d-bed2-ad92fc2d5050#81-t1, previous=(t:1, i:14), leaderCommit=10, initializing? false, entries: <empty>
2019-09-12 13:10:17,587 [java.util.concurrent.ThreadPoolExecutor$Worker@6d2694e9[State = -1, empty queue]] WARN  server.GrpcLogAppender (GrpcLogAppender.java:timeoutAppendRequest(200)) - 5d275853-b846-4f86-bc5b-0ba421435051@group-203775717D2F->e2c05a36-c8a2-43f6-9f8f-11b9e2d7f4b8-GrpcLogAppender: appendEntries Timeout, request=5d275853-b846-4f86-bc5b-0ba421435051->e2c05a36-c8a2-43f6-9f8f-11b9e2d7f4b8#81-t1, previous=(t:1, i:14), leaderCommit=10, initializing? false, entries: <empty>
2019-09-12 13:10:19,495 [grpc-default-executor-3] INFO  client.GrpcClientProtocolClient (GrpcClientProtocolClient.java:onNext(264)) - client-8389729FF037->bd0b0c89-cb45-482d-bed2-ad92fc2d5050: receive RaftClientReply:client-8389729FF037->bd0b0c89-cb45-482d-bed2-ad92fc2d5050@group-203775717D2F, cid=21, FAILED org.apache.ratis.protocol.NotLeaderException: Server bd0b0c89-cb45-482d-bed2-ad92fc2d5050@group-203775717D2F is not the leader 5d275853-b846-4f86-bc5b-0ba421435051:192.168.34.38:43235, logIndex=0, commits[bd0b0c89-cb45-482d-bed2-ad92fc2d5050:c10, 5d275853-b846-4f86-bc5b-0ba421435051:c10, e2c05a36-c8a2-43f6-9f8f-11b9e2d7f4b8:c6]
2019-09-12 13:10:19,581 [org.apache.ratis.server.impl.LogAppender$AppenderDaemon$$Lambda$485/1236579333@5858e0e3] ERROR ratis.XceiverServerRatis (XceiverServerRatis.java:triggerPipelineClose(568)) - pipeline Action CLOSE  on pipeline PipelineID=7700c51d-9357-46f7-9d29-203775717d2f.Reason : 5d275853-b846-4f86-bc5b-0ba421435051 has not seen follower/s bd0b0c89-cb45-482d-bed2-ad92fc2d5050 for 172478ms e2c05a36-c8a2-43f6-9f8f-11b9e2d7f4b8 for 172472ms
2019-09-12 13:10:19,589 [org.apache.ratis.server.impl.LogAppender$AppenderDaemon$$Lambda$485/1236579333@5f4f9d52] ERROR ratis.XceiverServerRatis (XceiverServerRatis.java:triggerPipelineClose(568)) - pipeline Action CLOSE  on pipeline PipelineID=7700c51d-9357-46f7-9d29-203775717d2f.Reason : 5d275853-b846-4f86-bc5b-0ba421435051 has not seen follower/s bd0b0c89-cb45-482d-bed2-ad92fc2d5050 for 172486ms e2c05a36-c8a2-43f6-9f8f-11b9e2d7f4b8 for 172479ms
2019-09-12 13:10:20,080 [java.util.concurrent.ThreadPoolExecutor$Worker@53f50db5[State = -1, empty queue]] WARN  server.GrpcLogAppender (GrpcLogAppender.java:timeoutAppendRequest(200)) - 5d275853-b846-4f86-bc5b-0ba421435051@group-203775717D2F->bd0b0c89-cb45-482d-bed2-ad92fc2d5050-GrpcLogAppender: appendEntries Timeout, request=5d275853-b846-4f86-bc5b-0ba421435051->bd0b0c89-cb45-482d-bed2-ad92fc2d5050#82-t1, previous=(t:1, i:14), leaderCommit=10, initializing? false, entries: <empty>
2019-09-12 13:10:20,088 [java.util.concurrent.ThreadPoolExecutor$Worker@6d2694e9[State = -1, empty queue]] WARN  server.GrpcLogAppender (GrpcLogAppender.java:timeoutAppendRequest(200)) - 5d275853-b846-4f86-bc5b-0ba421435051@group-203775717D2F->e2c05a36-c8a2-43f6-9f8f-11b9e2d7f4b8-GrpcLogAppender: appendEntries Timeout, request=5d275853-b846-4f86-bc5b-0ba421435051->e2c05a36-c8a2-43f6-9f8f-11b9e2d7f4b8#82-t1, previous=(t:1, i:14), leaderCommit=10, initializing? false, entries: <empty>
2019-09-12 13:10:20,562 [EventQueue-PipelineActionsForPipelineActionHandler] ERROR pipeline.PipelineActionHandler (PipelineActionHandler.java:onMessage(60)) - Received pipeline action CLOSE for Pipeline[ Id: 7700c51d-9357-46f7-9d29-203775717d2f, Nodes: bd0b0c89-cb45-482d-bed2-ad92fc2d5050{ip: 192.168.34.38, host: pr-hdds-2007-65vhz-3510356991, networkLocation: /default-rack, certSerialId: null}5d275853-b846-4f86-bc5b-0ba421435051{ip: 192.168.34.38, host: pr-hdds-2007-65vhz-3510356991, networkLocation: /default-rack, certSerialId: null}e2c05a36-c8a2-43f6-9f8f-11b9e2d7f4b8{ip: 192.168.34.38, host: pr-hdds-2007-65vhz-3510356991, networkLocation: /default-rack, certSerialId: null}, Type:RATIS, Factor:THREE, State:CLOSED] from datanode 5d275853-b846-4f86-bc5b-0ba421435051{ip: 192.168.34.38, host: pr-hdds-2007-65vhz-3510356991, networkLocation: /default-rack, certSerialId: null}. Reason : 5d275853-b846-4f86-bc5b-0ba421435051 has not seen follower/s bd0b0c89-cb45-482d-bed2-ad92fc2d5050 for 172478ms e2c05a36-c8a2-43f6-9f8f-11b9e2d7f4b8 for 172472ms
2019-09-12 13:10:20,562 [EventQueue-PipelineActionsForPipelineActionHandler] INFO  pipeline.SCMPipelineManager (SCMPipelineManager.java:finalizeAndDestroyPipeline(311)) - destroying pipeline:Pipeline[ Id: 7700c51d-9357-46f7-9d29-203775717d2f, Nodes: bd0b0c89-cb45-482d-bed2-ad92fc2d5050{ip: 192.168.34.38, host: pr-hdds-2007-65vhz-3510356991, networkLocation: /default-rack, certSerialId: null}5d275853-b846-4f86-bc5b-0ba421435051{ip: 192.168.34.38, host: pr-hdds-2007-65vhz-3510356991, networkLocation: /default-rack, certSerialId: null}e2c05a36-c8a2-43f6-9f8f-11b9e2d7f4b8{ip: 192.168.34.38, host: pr-hdds-2007-65vhz-3510356991, networkLocation: /default-rack, certSerialId: null}, Type:RATIS, Factor:THREE, State:CLOSED]
2019-09-12 13:10:22,082 [org.apache.ratis.server.impl.LogAppender$AppenderDaemon$$Lambda$485/1236579333@5858e0e3] ERROR ratis.XceiverServerRatis (XceiverServerRatis.java:triggerPipelineClose(568)) - pipeline Action CLOSE  on pipeline PipelineID=7700c51d-9357-46f7-9d29-203775717d2f.Reason : 5d275853-b846-4f86-bc5b-0ba421435051 has not seen follower/s bd0b0c89-cb45-482d-bed2-ad92fc2d5050 for 174979ms e2c05a36-c8a2-43f6-9f8f-11b9e2d7f4b8 for 174973ms
2019-09-12 13:10:22,090 [org.apache.ratis.server.impl.LogAppender$AppenderDaemon$$Lambda$485/1236579333@5f4f9d52] ERROR ratis.XceiverServerRatis (XceiverServerRatis.java:triggerPipelineClose(568)) - pipeline Action CLOSE  on pipeline PipelineID=7700c51d-9357-46f7-9d29-203775717d2f.Reason : 5d275853-b846-4f86-bc5b-0ba421435051 has not seen follower/s bd0b0c89-cb45-482d-bed2-ad92fc2d5050 for 174987ms e2c05a36-c8a2-43f6-9f8f-11b9e2d7f4b8 for 174980ms
2019-09-12 13:10:22,561 [EventQueue-PipelineActionsForPipelineActionHandler] ERROR pipeline.PipelineActionHandler (PipelineActionHandler.java:onMessage(60)) - Received pipeline action CLOSE for Pipeline[ Id: 7700c51d-9357-46f7-9d29-203775717d2f, Nodes: bd0b0c89-cb45-482d-bed2-ad92fc2d5050{ip: 192.168.34.38, host: pr-hdds-2007-65vhz-3510356991, networkLocation: /default-rack, certSerialId: null}5d275853-b846-4f86-bc5b-0ba421435051{ip: 192.168.34.38, host: pr-hdds-2007-65vhz-3510356991, networkLocation: /default-rack, certSerialId: null}e2c05a36-c8a2-43f6-9f8f-11b9e2d7f4b8{ip: 192.168.34.38, host: pr-hdds-2007-65vhz-3510356991, networkLocation: /default-rack, certSerialId: null}, Type:RATIS, Factor:THREE, State:CLOSED] from datanode 5d275853-b846-4f86-bc5b-0ba421435051{ip: 192.168.34.38, host: pr-hdds-2007-65vhz-3510356991, networkLocation: /default-rack, certSerialId: null}. Reason : 5d275853-b846-4f86-bc5b-0ba421435051 has not seen follower/s bd0b0c89-cb45-482d-bed2-ad92fc2d5050 for 174979ms e2c05a36-c8a2-43f6-9f8f-11b9e2d7f4b8 for 174973ms
2019-09-12 13:10:22,562 [EventQueue-PipelineActionsForPipelineActionHandler] INFO  pipeline.SCMPipelineManager (SCMPipelineManager.java:finalizeAndDestroyPipeline(311)) - destroying pipeline:Pipeline[ Id: 7700c51d-9357-46f7-9d29-203775717d2f, Nodes: bd0b0c89-cb45-482d-bed2-ad92fc2d5050{ip: 192.168.34.38, host: pr-hdds-2007-65vhz-3510356991, networkLocation: /default-rack, certSerialId: null}5d275853-b846-4f86-bc5b-0ba421435051{ip: 192.168.34.38, host: pr-hdds-2007-65vhz-3510356991, networkLocation: /default-rack, certSerialId: null}e2c05a36-c8a2-43f6-9f8f-11b9e2d7f4b8{ip: 192.168.34.38, host: pr-hdds-2007-65vhz-3510356991, networkLocation: /default-rack, certSerialId: null}, Type:RATIS, Factor:THREE, State:CLOSED]
2019-09-12 13:10:22,581 [java.util.concurrent.ThreadPoolExecutor$Worker@53f50db5[State = -1, empty queue]] WARN  server.GrpcLogAppender (GrpcLogAppender.java:timeoutAppendRequest(200)) - 5d275853-b846-4f86-bc5b-0ba421435051@group-203775717D2F->bd0b0c89-cb45-482d-bed2-ad92fc2d5050-GrpcLogAppender: appendEntries Timeout, request=5d275853-b846-4f86-bc5b-0ba421435051->bd0b0c89-cb45-482d-bed2-ad92fc2d5050#83-t1, previous=(t:1, i:14), leaderCommit=10, initializing? false, entries: <empty>
2019-09-12 13:10:22,589 [java.util.concurrent.ThreadPoolExecutor$Worker@6d2694e9[State = -1, empty queue]] WARN  server.GrpcLogAppender (GrpcLogAppender.java:timeoutAppendRequest(200)) - 5d275853-b846-4f86-bc5b-0ba421435051@group-203775717D2F->e2c05a36-c8a2-43f6-9f8f-11b9e2d7f4b8-GrpcLogAppender: appendEntries Timeout, request=5d275853-b846-4f86-bc5b-0ba421435051->e2c05a36-c8a2-43f6-9f8f-11b9e2d7f4b8#83-t1, previous=(t:1, i:14), leaderCommit=10, initializing? false, entries: <empty>
2019-09-12 13:10:24,552 [grpc-default-executor-1] INFO  client.GrpcClientProtocolClient (GrpcClientProtocolClient.java:onNext(264)) - client-8389729FF037->bd0b0c89-cb45-482d-bed2-ad92fc2d5050: receive RaftClientReply:client-8389729FF037->bd0b0c89-cb45-482d-bed2-ad92fc2d5050@group-203775717D2F, cid=21, FAILED org.apache.ratis.protocol.NotLeaderException: Server bd0b0c89-cb45-482d-bed2-ad92fc2d5050@group-203775717D2F is not the leader 5d275853-b846-4f86-bc5b-0ba421435051:192.168.34.38:43235, logIndex=0, commits[bd0b0c89-cb45-482d-bed2-ad92fc2d5050:c10, 5d275853-b846-4f86-bc5b-0ba421435051:c10, e2c05a36-c8a2-43f6-9f8f-11b9e2d7f4b8:c6]
2019-09-12 13:10:24,583 [org.apache.ratis.server.impl.LogAppender$AppenderDaemon$$Lambda$485/1236579333@5858e0e3] ERROR ratis.XceiverServerRatis (XceiverServerRatis.java:triggerPipelineClose(568)) - pipeline Action CLOSE  on pipeline PipelineID=7700c51d-9357-46f7-9d29-203775717d2f.Reason : 5d275853-b846-4f86-bc5b-0ba421435051 has not seen follower/s bd0b0c89-cb45-482d-bed2-ad92fc2d5050 for 177480ms e2c05a36-c8a2-43f6-9f8f-11b9e2d7f4b8 for 177474ms
2019-09-12 13:10:24,590 [org.apache.ratis.server.impl.LogAppender$AppenderDaemon$$Lambda$485/1236579333@5f4f9d52] ERROR ratis.XceiverServerRatis (XceiverServerRatis.java:triggerPipelineClose(568)) - pipeline Action CLOSE  on pipeline PipelineID=7700c51d-9357-46f7-9d29-203775717d2f.Reason : 5d275853-b846-4f86-bc5b-0ba421435051 has not seen follower/s bd0b0c89-cb45-482d-bed2-ad92fc2d5050 for 177488ms e2c05a36-c8a2-43f6-9f8f-11b9e2d7f4b8 for 177481ms
2019-09-12 13:10:25,082 [java.util.concurrent.ThreadPoolExecutor$Worker@53f50db5[State = -1, empty queue]] WARN  server.GrpcLogAppender (GrpcLogAppender.java:timeoutAppendRequest(200)) - 5d275853-b846-4f86-bc5b-0ba421435051@group-203775717D2F->bd0b0c89-cb45-482d-bed2-ad92fc2d5050-GrpcLogAppender: appendEntries Timeout, request=5d275853-b846-4f86-bc5b-0ba421435051->bd0b0c89-cb45-482d-bed2-ad92fc2d5050#84-t1, previous=(t:1, i:14), leaderCommit=10, initializing? false, entries: <empty>
2019-09-12 13:10:25,090 [java.util.concurrent.ThreadPoolExecutor$Worker@6d2694e9[State = -1, empty queue]] WARN  server.GrpcLogAppender (GrpcLogAppender.java:timeoutAppendRequest(200)) - 5d275853-b846-4f86-bc5b-0ba421435051@group-203775717D2F->e2c05a36-c8a2-43f6-9f8f-11b9e2d7f4b8-GrpcLogAppender: appendEntries Timeout, request=5d275853-b846-4f86-bc5b-0ba421435051->e2c05a36-c8a2-43f6-9f8f-11b9e2d7f4b8#84-t1, previous=(t:1, i:14), leaderCommit=10, initializing? false, entries: <empty>
2019-09-12 13:10:25,563 [EventQueue-PipelineActionsForPipelineActionHandler] ERROR pipeline.PipelineActionHandler (PipelineActionHandler.java:onMessage(60)) - Received pipeline action CLOSE for Pipeline[ Id: 7700c51d-9357-46f7-9d29-203775717d2f, Nodes: bd0b0c89-cb45-482d-bed2-ad92fc2d5050{ip: 192.168.34.38, host: pr-hdds-2007-65vhz-3510356991, networkLocation: /default-rack, certSerialId: null}5d275853-b846-4f86-bc5b-0ba421435051{ip: 192.168.34.38, host: pr-hdds-2007-65vhz-3510356991, networkLocation: /default-rack, certSerialId: null}e2c05a36-c8a2-43f6-9f8f-11b9e2d7f4b8{ip: 192.168.34.38, host: pr-hdds-2007-65vhz-3510356991, networkLocation: /default-rack, certSerialId: null}, Type:RATIS, Factor:THREE, State:CLOSED] from datanode 5d275853-b846-4f86-bc5b-0ba421435051{ip: 192.168.34.38, host: pr-hdds-2007-65vhz-3510356991, networkLocation: /default-rack, certSerialId: null}. Reason : 5d275853-b846-4f86-bc5b-0ba421435051 has not seen follower/s bd0b0c89-cb45-482d-bed2-ad92fc2d5050 for 177480ms e2c05a36-c8a2-43f6-9f8f-11b9e2d7f4b8 for 177474ms
2019-09-12 13:10:25,563 [EventQueue-PipelineActionsForPipelineActionHandler] INFO  pipeline.SCMPipelineManager (SCMPipelineManager.java:finalizeAndDestroyPipeline(311)) - destroying pipeline:Pipeline[ Id: 7700c51d-9357-46f7-9d29-203775717d2f, Nodes: bd0b0c89-cb45-482d-bed2-ad92fc2d5050{ip: 192.168.34.38, host: pr-hdds-2007-65vhz-3510356991, networkLocation: /default-rack, certSerialId: null}5d275853-b846-4f86-bc5b-0ba421435051{ip: 192.168.34.38, host: pr-hdds-2007-65vhz-3510356991, networkLocation: /default-rack, certSerialId: null}e2c05a36-c8a2-43f6-9f8f-11b9e2d7f4b8{ip: 192.168.34.38, host: pr-hdds-2007-65vhz-3510356991, networkLocation: /default-rack, certSerialId: null}, Type:RATIS, Factor:THREE, State:CLOSED]
2019-09-12 13:10:27,084 [org.apache.ratis.server.impl.LogAppender$AppenderDaemon$$Lambda$485/1236579333@5858e0e3] ERROR ratis.XceiverServerRatis (XceiverServerRatis.java:triggerPipelineClose(568)) - pipeline Action CLOSE  on pipeline PipelineID=7700c51d-9357-46f7-9d29-203775717d2f.Reason : 5d275853-b846-4f86-bc5b-0ba421435051 has not seen follower/s bd0b0c89-cb45-482d-bed2-ad92fc2d5050 for 179981ms e2c05a36-c8a2-43f6-9f8f-11b9e2d7f4b8 for 179974ms
2019-09-12 13:10:27,091 [org.apache.ratis.server.impl.LogAppender$AppenderDaemon$$Lambda$485/1236579333@5f4f9d52] ERROR ratis.XceiverServerRatis (XceiverServerRatis.java:triggerPipelineClose(568)) - pipeline Action CLOSE  on pipeline PipelineID=7700c51d-9357-46f7-9d29-203775717d2f.Reason : 5d275853-b846-4f86-bc5b-0ba421435051 has not seen follower/s bd0b0c89-cb45-482d-bed2-ad92fc2d5050 for 179988ms e2c05a36-c8a2-43f6-9f8f-11b9e2d7f4b8 for 179981ms
2019-09-12 13:10:27,387 [bd0b0c89-cb45-482d-bed2-ad92fc2d5050@group-203775717D2F-SegmentedRaftLogWorker] WARN  segmented.SegmentedRaftLogWorker (SegmentedRaftLogWorker.java:getFromFuture(90)) - Timeout 17/~
org.apache.ratis.protocol.TimeoutIOException: Timeout 10s: WriteLog:11: (t:1, i:11), STATEMACHINELOGENTRY, client-8389729FF037, cid=21-writeStateMachineData
	at org.apache.ratis.util.IOUtils.getFromFuture(IOUtils.java:87)
	at org.apache.ratis.server.raftlog.segmented.SegmentedRaftLogWorker$StateMachineDataPolicy.getFromFuture(SegmentedRaftLogWorker.java:87)
	at org.apache.ratis.server.raftlog.segmented.SegmentedRaftLogWorker$WriteLog.execute(SegmentedRaftLogWorker.java:477)
	at org.apache.ratis.server.raftlog.segmented.SegmentedRaftLogWorker.run(SegmentedRaftLogWorker.java:289)
	at java.lang.Thread.run(Thread.java:748)
Caused by: java.util.concurrent.TimeoutException
	at java.util.concurrent.CompletableFuture.timedGet(CompletableFuture.java:1771)
	at java.util.concurrent.CompletableFuture.get(CompletableFuture.java:1915)
	at org.apache.ratis.util.IOUtils.getFromFuture(IOUtils.java:79)
	... 4 more
2019-09-12 13:10:27,559 [5d275853-b846-4f86-bc5b-0ba421435051@group-203775717D2F-SegmentedRaftLogWorker] WARN  segmented.SegmentedRaftLogWorker (SegmentedRaftLogWorker.java:getFromFuture(90)) - Timeout 17/~
org.apache.ratis.protocol.TimeoutIOException: Timeout 10s: WriteLog:12: (t:1, i:12), STATEMACHINELOGENTRY, client-8389729FF037, cid=22-writeStateMachineData
	at org.apache.ratis.util.IOUtils.getFromFuture(IOUtils.java:87)
	at org.apache.ratis.server.raftlog.segmented.SegmentedRaftLogWorker$StateMachineDataPolicy.getFromFuture(SegmentedRaftLogWorker.java:87)
	at org.apache.ratis.server.raftlog.segmented.SegmentedRaftLogWorker$WriteLog.execute(SegmentedRaftLogWorker.java:477)
	at org.apache.ratis.server.raftlog.segmented.SegmentedRaftLogWorker.run(SegmentedRaftLogWorker.java:289)
	at java.lang.Thread.run(Thread.java:748)
Caused by: java.util.concurrent.TimeoutException
	at java.util.concurrent.CompletableFuture.timedGet(CompletableFuture.java:1771)
	at java.util.concurrent.CompletableFuture.get(CompletableFuture.java:1915)
	at org.apache.ratis.util.IOUtils.getFromFuture(IOUtils.java:79)
	... 4 more
2019-09-12 13:10:27,559 [e2c05a36-c8a2-43f6-9f8f-11b9e2d7f4b8@group-203775717D2F-SegmentedRaftLogWorker] WARN  segmented.SegmentedRaftLogWorker (SegmentedRaftLogWorker.java:getFromFuture(90)) - Timeout 17/~
org.apache.ratis.protocol.TimeoutIOException: Timeout 10s: WriteLog:12: (t:1, i:12), STATEMACHINELOGENTRY, client-8389729FF037, cid=22-writeStateMachineData
	at org.apache.ratis.util.IOUtils.getFromFuture(IOUtils.java:87)
	at org.apache.ratis.server.raftlog.segmented.SegmentedRaftLogWorker$StateMachineDataPolicy.getFromFuture(SegmentedRaftLogWorker.java:87)
	at org.apache.ratis.server.raftlog.segmented.SegmentedRaftLogWorker$WriteLog.execute(SegmentedRaftLogWorker.java:477)
	at org.apache.ratis.server.raftlog.segmented.SegmentedRaftLogWorker.run(SegmentedRaftLogWorker.java:289)
	at java.lang.Thread.run(Thread.java:748)
Caused by: java.util.concurrent.TimeoutException
	at java.util.concurrent.CompletableFuture.timedGet(CompletableFuture.java:1771)
	at java.util.concurrent.CompletableFuture.get(CompletableFuture.java:1915)
	at org.apache.ratis.util.IOUtils.getFromFuture(IOUtils.java:79)
	... 4 more
2019-09-12 13:10:27,562 [EventQueue-PipelineActionsForPipelineActionHandler] ERROR pipeline.PipelineActionHandler (PipelineActionHandler.java:onMessage(60)) - Received pipeline action CLOSE for Pipeline[ Id: 7700c51d-9357-46f7-9d29-203775717d2f, Nodes: bd0b0c89-cb45-482d-bed2-ad92fc2d5050{ip: 192.168.34.38, host: pr-hdds-2007-65vhz-3510356991, networkLocation: /default-rack, certSerialId: null}5d275853-b846-4f86-bc5b-0ba421435051{ip: 192.168.34.38, host: pr-hdds-2007-65vhz-3510356991, networkLocation: /default-rack, certSerialId: null}e2c05a36-c8a2-43f6-9f8f-11b9e2d7f4b8{ip: 192.168.34.38, host: pr-hdds-2007-65vhz-3510356991, networkLocation: /default-rack, certSerialId: null}, Type:RATIS, Factor:THREE, State:CLOSED] from datanode 5d275853-b846-4f86-bc5b-0ba421435051{ip: 192.168.34.38, host: pr-hdds-2007-65vhz-3510356991, networkLocation: /default-rack, certSerialId: null}. Reason : 5d275853-b846-4f86-bc5b-0ba421435051 has not seen follower/s bd0b0c89-cb45-482d-bed2-ad92fc2d5050 for 179981ms e2c05a36-c8a2-43f6-9f8f-11b9e2d7f4b8 for 179974ms
2019-09-12 13:10:27,562 [EventQueue-PipelineActionsForPipelineActionHandler] INFO  pipeline.SCMPipelineManager (SCMPipelineManager.java:finalizeAndDestroyPipeline(311)) - destroying pipeline:Pipeline[ Id: 7700c51d-9357-46f7-9d29-203775717d2f, Nodes: bd0b0c89-cb45-482d-bed2-ad92fc2d5050{ip: 192.168.34.38, host: pr-hdds-2007-65vhz-3510356991, networkLocation: /default-rack, certSerialId: null}5d275853-b846-4f86-bc5b-0ba421435051{ip: 192.168.34.38, host: pr-hdds-2007-65vhz-3510356991, networkLocation: /default-rack, certSerialId: null}e2c05a36-c8a2-43f6-9f8f-11b9e2d7f4b8{ip: 192.168.34.38, host: pr-hdds-2007-65vhz-3510356991, networkLocation: /default-rack, certSerialId: null}, Type:RATIS, Factor:THREE, State:CLOSED]
2019-09-12 13:10:27,583 [java.util.concurrent.ThreadPoolExecutor$Worker@53f50db5[State = -1, empty queue]] WARN  server.GrpcLogAppender (GrpcLogAppender.java:timeoutAppendRequest(200)) - 5d275853-b846-4f86-bc5b-0ba421435051@group-203775717D2F->bd0b0c89-cb45-482d-bed2-ad92fc2d5050-GrpcLogAppender: appendEntries Timeout, request=5d275853-b846-4f86-bc5b-0ba421435051->bd0b0c89-cb45-482d-bed2-ad92fc2d5050#85-t1, previous=(t:1, i:14), leaderCommit=10, initializing? false, entries: <empty>
2019-09-12 13:10:27,590 [java.util.concurrent.ThreadPoolExecutor$Worker@6d2694e9[State = -1, empty queue]] WARN  server.GrpcLogAppender (GrpcLogAppender.java:timeoutAppendRequest(200)) - 5d275853-b846-4f86-bc5b-0ba421435051@group-203775717D2F->e2c05a36-c8a2-43f6-9f8f-11b9e2d7f4b8-GrpcLogAppender: appendEntries Timeout, request=5d275853-b846-4f86-bc5b-0ba421435051->e2c05a36-c8a2-43f6-9f8f-11b9e2d7f4b8#85-t1, previous=(t:1, i:14), leaderCommit=10, initializing? false, entries: <empty>
2019-09-12 13:10:29,584 [org.apache.ratis.server.impl.LogAppender$AppenderDaemon$$Lambda$485/1236579333@5858e0e3] ERROR ratis.XceiverServerRatis (XceiverServerRatis.java:triggerPipelineClose(568)) - pipeline Action CLOSE  on pipeline PipelineID=7700c51d-9357-46f7-9d29-203775717d2f.Reason : 5d275853-b846-4f86-bc5b-0ba421435051 has not seen follower/s bd0b0c89-cb45-482d-bed2-ad92fc2d5050 for 182482ms e2c05a36-c8a2-43f6-9f8f-11b9e2d7f4b8 for 182475ms
2019-09-12 13:10:29,592 [org.apache.ratis.server.impl.LogAppender$AppenderDaemon$$Lambda$485/1236579333@5f4f9d52] ERROR ratis.XceiverServerRatis (XceiverServerRatis.java:triggerPipelineClose(568)) - pipeline Action CLOSE  on pipeline PipelineID=7700c51d-9357-46f7-9d29-203775717d2f.Reason : 5d275853-b846-4f86-bc5b-0ba421435051 has not seen follower/s bd0b0c89-cb45-482d-bed2-ad92fc2d5050 for 182489ms e2c05a36-c8a2-43f6-9f8f-11b9e2d7f4b8 for 182482ms
2019-09-12 13:10:29,632 [grpc-default-executor-3] INFO  client.GrpcClientProtocolClient (GrpcClientProtocolClient.java:onNext(264)) - client-8389729FF037->bd0b0c89-cb45-482d-bed2-ad92fc2d5050: receive RaftClientReply:client-8389729FF037->bd0b0c89-cb45-482d-bed2-ad92fc2d5050@group-203775717D2F, cid=21, FAILED org.apache.ratis.protocol.NotLeaderException: Server bd0b0c89-cb45-482d-bed2-ad92fc2d5050@group-203775717D2F is not the leader 5d275853-b846-4f86-bc5b-0ba421435051:192.168.34.38:43235, logIndex=0, commits[bd0b0c89-cb45-482d-bed2-ad92fc2d5050:c10, 5d275853-b846-4f86-bc5b-0ba421435051:c10, e2c05a36-c8a2-43f6-9f8f-11b9e2d7f4b8:c6]
2019-09-12 13:10:30,085 [java.util.concurrent.ThreadPoolExecutor$Worker@53f50db5[State = -1, empty queue]] WARN  server.GrpcLogAppender (GrpcLogAppender.java:timeoutAppendRequest(200)) - 5d275853-b846-4f86-bc5b-0ba421435051@group-203775717D2F->bd0b0c89-cb45-482d-bed2-ad92fc2d5050-GrpcLogAppender: appendEntries Timeout, request=5d275853-b846-4f86-bc5b-0ba421435051->bd0b0c89-cb45-482d-bed2-ad92fc2d5050#86-t1, previous=(t:1, i:14), leaderCommit=10, initializing? false, entries: <empty>
2019-09-12 13:10:30,091 [java.util.concurrent.ThreadPoolExecutor$Worker@6d2694e9[State = -1, empty queue]] WARN  server.GrpcLogAppender (GrpcLogAppender.java:timeoutAppendRequest(200)) - 5d275853-b846-4f86-bc5b-0ba421435051@group-203775717D2F->e2c05a36-c8a2-43f6-9f8f-11b9e2d7f4b8-GrpcLogAppender: appendEntries Timeout, request=5d275853-b846-4f86-bc5b-0ba421435051->e2c05a36-c8a2-43f6-9f8f-11b9e2d7f4b8#86-t1, previous=(t:1, i:14), leaderCommit=10, initializing? false, entries: <empty>
2019-09-12 13:10:30,563 [EventQueue-PipelineActionsForPipelineActionHandler] ERROR pipeline.PipelineActionHandler (PipelineActionHandler.java:onMessage(60)) - Received pipeline action CLOSE for Pipeline[ Id: 7700c51d-9357-46f7-9d29-203775717d2f, Nodes: bd0b0c89-cb45-482d-bed2-ad92fc2d5050{ip: 192.168.34.38, host: pr-hdds-2007-65vhz-3510356991, networkLocation: /default-rack, certSerialId: null}5d275853-b846-4f86-bc5b-0ba421435051{ip: 192.168.34.38, host: pr-hdds-2007-65vhz-3510356991, networkLocation: /default-rack, certSerialId: null}e2c05a36-c8a2-43f6-9f8f-11b9e2d7f4b8{ip: 192.168.34.38, host: pr-hdds-2007-65vhz-3510356991, networkLocation: /default-rack, certSerialId: null}, Type:RATIS, Factor:THREE, State:CLOSED] from datanode 5d275853-b846-4f86-bc5b-0ba421435051{ip: 192.168.34.38, host: pr-hdds-2007-65vhz-3510356991, networkLocation: /default-rack, certSerialId: null}. Reason : 5d275853-b846-4f86-bc5b-0ba421435051 has not seen follower/s bd0b0c89-cb45-482d-bed2-ad92fc2d5050 for 182482ms e2c05a36-c8a2-43f6-9f8f-11b9e2d7f4b8 for 182475ms
2019-09-12 13:10:30,563 [EventQueue-PipelineActionsForPipelineActionHandler] INFO  pipeline.SCMPipelineManager (SCMPipelineManager.java:finalizeAndDestroyPipeline(311)) - destroying pipeline:Pipeline[ Id: 7700c51d-9357-46f7-9d29-203775717d2f, Nodes: bd0b0c89-cb45-482d-bed2-ad92fc2d5050{ip: 192.168.34.38, host: pr-hdds-2007-65vhz-3510356991, networkLocation: /default-rack, certSerialId: null}5d275853-b846-4f86-bc5b-0ba421435051{ip: 192.168.34.38, host: pr-hdds-2007-65vhz-3510356991, networkLocation: /default-rack, certSerialId: null}e2c05a36-c8a2-43f6-9f8f-11b9e2d7f4b8{ip: 192.168.34.38, host: pr-hdds-2007-65vhz-3510356991, networkLocation: /default-rack, certSerialId: null}, Type:RATIS, Factor:THREE, State:CLOSED]
2019-09-12 13:10:32,086 [org.apache.ratis.server.impl.LogAppender$AppenderDaemon$$Lambda$485/1236579333@5858e0e3] ERROR ratis.XceiverServerRatis (XceiverServerRatis.java:triggerPipelineClose(568)) - pipeline Action CLOSE  on pipeline PipelineID=7700c51d-9357-46f7-9d29-203775717d2f.Reason : 5d275853-b846-4f86-bc5b-0ba421435051 has not seen follower/s bd0b0c89-cb45-482d-bed2-ad92fc2d5050 for 184983ms e2c05a36-c8a2-43f6-9f8f-11b9e2d7f4b8 for 184976ms
2019-09-12 13:10:32,092 [org.apache.ratis.server.impl.LogAppender$AppenderDaemon$$Lambda$485/1236579333@5f4f9d52] ERROR ratis.XceiverServerRatis (XceiverServerRatis.java:triggerPipelineClose(568)) - pipeline Action CLOSE  on pipeline PipelineID=7700c51d-9357-46f7-9d29-203775717d2f.Reason : 5d275853-b846-4f86-bc5b-0ba421435051 has not seen follower/s bd0b0c89-cb45-482d-bed2-ad92fc2d5050 for 184990ms e2c05a36-c8a2-43f6-9f8f-11b9e2d7f4b8 for 184983ms
2019-09-12 13:10:32,562 [EventQueue-PipelineActionsForPipelineActionHandler] ERROR pipeline.PipelineActionHandler (PipelineActionHandler.java:onMessage(60)) - Received pipeline action CLOSE for Pipeline[ Id: 7700c51d-9357-46f7-9d29-203775717d2f, Nodes: bd0b0c89-cb45-482d-bed2-ad92fc2d5050{ip: 192.168.34.38, host: pr-hdds-2007-65vhz-3510356991, networkLocation: /default-rack, certSerialId: null}5d275853-b846-4f86-bc5b-0ba421435051{ip: 192.168.34.38, host: pr-hdds-2007-65vhz-3510356991, networkLocation: /default-rack, certSerialId: null}e2c05a36-c8a2-43f6-9f8f-11b9e2d7f4b8{ip: 192.168.34.38, host: pr-hdds-2007-65vhz-3510356991, networkLocation: /default-rack, certSerialId: null}, Type:RATIS, Factor:THREE, State:CLOSED] from datanode 5d275853-b846-4f86-bc5b-0ba421435051{ip: 192.168.34.38, host: pr-hdds-2007-65vhz-3510356991, networkLocation: /default-rack, certSerialId: null}. Reason : 5d275853-b846-4f86-bc5b-0ba421435051 has not seen follower/s bd0b0c89-cb45-482d-bed2-ad92fc2d5050 for 184983ms e2c05a36-c8a2-43f6-9f8f-11b9e2d7f4b8 for 184976ms
2019-09-12 13:10:32,562 [EventQueue-PipelineActionsForPipelineActionHandler] INFO  pipeline.SCMPipelineManager (SCMPipelineManager.java:finalizeAndDestroyPipeline(311)) - destroying pipeline:Pipeline[ Id: 7700c51d-9357-46f7-9d29-203775717d2f, Nodes: bd0b0c89-cb45-482d-bed2-ad92fc2d5050{ip: 192.168.34.38, host: pr-hdds-2007-65vhz-3510356991, networkLocation: /default-rack, certSerialId: null}5d275853-b846-4f86-bc5b-0ba421435051{ip: 192.168.34.38, host: pr-hdds-2007-65vhz-3510356991, networkLocation: /default-rack, certSerialId: null}e2c05a36-c8a2-43f6-9f8f-11b9e2d7f4b8{ip: 192.168.34.38, host: pr-hdds-2007-65vhz-3510356991, networkLocation: /default-rack, certSerialId: null}, Type:RATIS, Factor:THREE, State:CLOSED]
2019-09-12 13:10:32,584 [java.util.concurrent.ThreadPoolExecutor$Worker@53f50db5[State = -1, empty queue]] WARN  server.GrpcLogAppender (GrpcLogAppender.java:timeoutAppendRequest(200)) - 5d275853-b846-4f86-bc5b-0ba421435051@group-203775717D2F->bd0b0c89-cb45-482d-bed2-ad92fc2d5050-GrpcLogAppender: appendEntries Timeout, request=5d275853-b846-4f86-bc5b-0ba421435051->bd0b0c89-cb45-482d-bed2-ad92fc2d5050#87-t1, previous=(t:1, i:14), leaderCommit=10, initializing? false, entries: <empty>
2019-09-12 13:10:32,592 [java.util.concurrent.ThreadPoolExecutor$Worker@6d2694e9[State = -1, empty queue]] WARN  server.GrpcLogAppender (GrpcLogAppender.java:timeoutAppendRequest(200)) - 5d275853-b846-4f86-bc5b-0ba421435051@group-203775717D2F->e2c05a36-c8a2-43f6-9f8f-11b9e2d7f4b8-GrpcLogAppender: appendEntries Timeout, request=5d275853-b846-4f86-bc5b-0ba421435051->e2c05a36-c8a2-43f6-9f8f-11b9e2d7f4b8#87-t1, previous=(t:1, i:14), leaderCommit=10, initializing? false, entries: <empty>
2019-09-12 13:10:33,585 [grpc-default-executor-3] INFO  impl.RaftServerProxy (RaftServerProxy.java:remove(95)) - bd0b0c89-cb45-482d-bed2-ad92fc2d5050: remove  FOLLOWER bd0b0c89-cb45-482d-bed2-ad92fc2d5050@group-203775717D2F:t1, leader=5d275853-b846-4f86-bc5b-0ba421435051, voted=5d275853-b846-4f86-bc5b-0ba421435051, raftlog=bd0b0c89-cb45-482d-bed2-ad92fc2d5050@group-203775717D2F-SegmentedRaftLog:OPENED:c10,f10,i14, conf=0: [5d275853-b846-4f86-bc5b-0ba421435051:192.168.34.38:43235, bd0b0c89-cb45-482d-bed2-ad92fc2d5050:192.168.34.38:37420, e2c05a36-c8a2-43f6-9f8f-11b9e2d7f4b8:192.168.34.38:45758], old=null RUNNING
2019-09-12 13:10:33,591 [grpc-default-executor-3] INFO  impl.RaftServerImpl (RaftServerImpl.java:lambda$shutdown$3(251)) - bd0b0c89-cb45-482d-bed2-ad92fc2d5050@group-203775717D2F: shutdown
2019-09-12 13:10:33,592 [grpc-default-executor-3] INFO  util.JmxRegister (JmxRegister.java:unregister(73)) - Successfully un-registered JMX Bean with object name Ratis:service=RaftServer,group=group-203775717D2F,id=bd0b0c89-cb45-482d-bed2-ad92fc2d5050
2019-09-12 13:10:33,592 [grpc-default-executor-3] INFO  impl.RoleInfo (RoleInfo.java:shutdownFollowerState(121)) - bd0b0c89-cb45-482d-bed2-ad92fc2d5050: shutdown FollowerState
2019-09-12 13:10:33,592 [grpc-default-executor-3] INFO  impl.StateMachineUpdater (StateMachineUpdater.java:stopAndJoin(125)) - bd0b0c89-cb45-482d-bed2-ad92fc2d5050@group-203775717D2F-StateMachineUpdater: set stopIndex = 10
2019-09-12 13:10:33,592 [Thread-319] INFO  impl.FollowerState (FollowerState.java:run(115)) - bd0b0c89-cb45-482d-bed2-ad92fc2d5050: FollowerState was interrupted: java.lang.InterruptedException: sleep interrupted
2019-09-12 13:10:33,593 [bd0b0c89-cb45-482d-bed2-ad92fc2d5050@group-203775717D2F-StateMachineUpdater] INFO  ratis.ContainerStateMachine (ContainerStateMachine.java:takeSnapshot(289)) - group-203775717D2F: Taking a snapshot at:(t:1, i:6) file /workdir/hadoop-ozone/integration-test/target/test-dir/MiniOzoneClusterImpl-03275018-1bf5-4a9a-9ddc-ea2af4b584a8/datanode-4/data/ratis/7700c51d-9357-46f7-9d29-203775717d2f/sm/snapshot.1_6
2019-09-12 13:10:33,631 [bd0b0c89-cb45-482d-bed2-ad92fc2d5050@group-203775717D2F-StateMachineUpdater] INFO  ratis.ContainerStateMachine (ContainerStateMachine.java:takeSnapshot(300)) - group-203775717D2F: Finished taking a snapshot at:(t:1, i:6) file:/workdir/hadoop-ozone/integration-test/target/test-dir/MiniOzoneClusterImpl-03275018-1bf5-4a9a-9ddc-ea2af4b584a8/datanode-4/data/ratis/7700c51d-9357-46f7-9d29-203775717d2f/sm/snapshot.1_6 time:38
2019-09-12 13:10:33,631 [bd0b0c89-cb45-482d-bed2-ad92fc2d5050@group-203775717D2F-StateMachineUpdater] INFO  impl.StateMachineUpdater (StateMachineUpdater.java:takeSnapshot(258)) - bd0b0c89-cb45-482d-bed2-ad92fc2d5050@group-203775717D2F-StateMachineUpdater: Took a snapshot at index 6
2019-09-12 13:10:33,650 [bd0b0c89-cb45-482d-bed2-ad92fc2d5050@group-203775717D2F-StateMachineUpdater] INFO  impl.StateMachineUpdater (StateMachineUpdater.java:lambda$new$0(83)) - bd0b0c89-cb45-482d-bed2-ad92fc2d5050@group-203775717D2F-StateMachineUpdater: snapshotIndex: updateIncreasingly -1 -> 6
2019-09-12 13:10:33,656 [bd0b0c89-cb45-482d-bed2-ad92fc2d5050@group-203775717D2F-StateMachineUpdater] INFO  ratis.ContainerStateMachine (ContainerStateMachine.java:takeSnapshot(289)) - group-203775717D2F: Taking a snapshot at:(t:1, i:6) file /workdir/hadoop-ozone/integration-test/target/test-dir/MiniOzoneClusterImpl-03275018-1bf5-4a9a-9ddc-ea2af4b584a8/datanode-4/data/ratis/7700c51d-9357-46f7-9d29-203775717d2f/sm/snapshot.1_6
2019-09-12 13:10:33,669 [bd0b0c89-cb45-482d-bed2-ad92fc2d5050@group-203775717D2F-StateMachineUpdater] INFO  ratis.ContainerStateMachine (ContainerStateMachine.java:takeSnapshot(300)) - group-203775717D2F: Finished taking a snapshot at:(t:1, i:6) file:/workdir/hadoop-ozone/integration-test/target/test-dir/MiniOzoneClusterImpl-03275018-1bf5-4a9a-9ddc-ea2af4b584a8/datanode-4/data/ratis/7700c51d-9357-46f7-9d29-203775717d2f/sm/snapshot.1_6 time:13
2019-09-12 13:10:33,669 [bd0b0c89-cb45-482d-bed2-ad92fc2d5050@group-203775717D2F-StateMachineUpdater] INFO  impl.StateMachineUpdater (StateMachineUpdater.java:takeSnapshot(258)) - bd0b0c89-cb45-482d-bed2-ad92fc2d5050@group-203775717D2F-StateMachineUpdater: Took a snapshot at index 6
2019-09-12 13:10:33,669 [bd0b0c89-cb45-482d-bed2-ad92fc2d5050@group-203775717D2F-StateMachineUpdater] INFO  impl.StateMachineUpdater (StateMachineUpdater.java:lambda$new$0(83)) - bd0b0c89-cb45-482d-bed2-ad92fc2d5050@group-203775717D2F-StateMachineUpdater: snapshotIndex: updateIncreasingly 6 -> 6
2019-09-12 13:10:33,669 [grpc-default-executor-3] INFO  impl.RaftServerImpl (ServerState.java:close(385)) - bd0b0c89-cb45-482d-bed2-ad92fc2d5050@group-203775717D2F: closes. applyIndex: 10
2019-09-12 13:10:33,677 [bd0b0c89-cb45-482d-bed2-ad92fc2d5050@group-203775717D2F-SegmentedRaftLogWorker] ERROR ratis.XceiverServerRatis (XceiverServerRatis.java:triggerPipelineClose(568)) - pipeline Action CLOSE  on pipeline PipelineID=7700c51d-9357-46f7-9d29-203775717d2f.Reason : WriteLog:11: (t:1, i:11), STATEMACHINELOGENTRY, client-8389729FF037, cid=21-writeStateMachineData interrupted.
2019-09-12 13:10:33,681 [grpc-default-executor-3] INFO  segmented.SegmentedRaftLogWorker (SegmentedRaftLogWorker.java:close(228)) - bd0b0c89-cb45-482d-bed2-ad92fc2d5050@group-203775717D2F-SegmentedRaftLogWorker close()
2019-09-12 13:10:33,681 [EventQueue-PipelineActionsForPipelineActionHandler] ERROR pipeline.PipelineActionHandler (PipelineActionHandler.java:onMessage(60)) - Received pipeline action CLOSE for Pipeline[ Id: 7700c51d-9357-46f7-9d29-203775717d2f, Nodes: bd0b0c89-cb45-482d-bed2-ad92fc2d5050{ip: 192.168.34.38, host: pr-hdds-2007-65vhz-3510356991, networkLocation: /default-rack, certSerialId: null}5d275853-b846-4f86-bc5b-0ba421435051{ip: 192.168.34.38, host: pr-hdds-2007-65vhz-3510356991, networkLocation: /default-rack, certSerialId: null}e2c05a36-c8a2-43f6-9f8f-11b9e2d7f4b8{ip: 192.168.34.38, host: pr-hdds-2007-65vhz-3510356991, networkLocation: /default-rack, certSerialId: null}, Type:RATIS, Factor:THREE, State:CLOSED] from datanode bd0b0c89-cb45-482d-bed2-ad92fc2d5050{ip: 192.168.34.38, host: pr-hdds-2007-65vhz-3510356991, networkLocation: /default-rack, certSerialId: null}. Reason : WriteLog:11: (t:1, i:11), STATEMACHINELOGENTRY, client-8389729FF037, cid=21-writeStateMachineData interrupted.
2019-09-12 13:10:33,683 [EventQueue-PipelineActionsForPipelineActionHandler] INFO  pipeline.SCMPipelineManager (SCMPipelineManager.java:finalizeAndDestroyPipeline(311)) - destroying pipeline:Pipeline[ Id: 7700c51d-9357-46f7-9d29-203775717d2f, Nodes: bd0b0c89-cb45-482d-bed2-ad92fc2d5050{ip: 192.168.34.38, host: pr-hdds-2007-65vhz-3510356991, networkLocation: /default-rack, certSerialId: null}5d275853-b846-4f86-bc5b-0ba421435051{ip: 192.168.34.38, host: pr-hdds-2007-65vhz-3510356991, networkLocation: /default-rack, certSerialId: null}e2c05a36-c8a2-43f6-9f8f-11b9e2d7f4b8{ip: 192.168.34.38, host: pr-hdds-2007-65vhz-3510356991, networkLocation: /default-rack, certSerialId: null}, Type:RATIS, Factor:THREE, State:CLOSED]
2019-09-12 13:10:33,700 [grpc-default-executor-3] INFO  interfaces.Container (KeyValueContainer.java:flushAndSyncDB(386)) - Container 2 is synced with bcsId 6.
2019-09-12 13:10:33,701 [grpc-default-executor-3] INFO  interfaces.Container (KeyValueContainer.java:flushAndSyncDB(386)) - Container 2 is synced with bcsId 6.
2019-09-12 13:10:33,718 [EventQueue-IncrementalContainerReportForIncrementalContainerReportHandler] INFO  container.IncrementalContainerReportHandler (AbstractContainerReportHandler.java:updateContainerState(169)) - Moving container #2 to QUASI_CLOSED state, datanode bd0b0c89-cb45-482d-bed2-ad92fc2d5050{ip: 192.168.34.38, host: pr-hdds-2007-65vhz-3510356991, networkLocation: /default-rack, certSerialId: null} reported QUASI_CLOSED replica.
2019-09-12 13:10:33,775 [grpc-default-executor-3] INFO  interfaces.Container (KeyValueContainer.java:flushAndSyncDB(386)) - Container 3 is synced with bcsId 0.
2019-09-12 13:10:33,776 [grpc-default-executor-3] INFO  interfaces.Container (KeyValueContainer.java:flushAndSyncDB(386)) - Container 3 is synced with bcsId 0.
2019-09-12 13:10:33,794 [EventQueue-IncrementalContainerReportForIncrementalContainerReportHandler] INFO  container.IncrementalContainerReportHandler (AbstractContainerReportHandler.java:updateContainerState(169)) - Moving container #3 to QUASI_CLOSED state, datanode bd0b0c89-cb45-482d-bed2-ad92fc2d5050{ip: 192.168.34.38, host: pr-hdds-2007-65vhz-3510356991, networkLocation: /default-rack, certSerialId: null} reported QUASI_CLOSED replica.
2019-09-12 13:10:33,803 [grpc-default-executor-3] INFO  impl.RaftServerProxy (RaftServerProxy.java:remove(95)) - 5d275853-b846-4f86-bc5b-0ba421435051: remove    LEADER 5d275853-b846-4f86-bc5b-0ba421435051@group-203775717D2F:t1, leader=5d275853-b846-4f86-bc5b-0ba421435051, voted=5d275853-b846-4f86-bc5b-0ba421435051, raftlog=5d275853-b846-4f86-bc5b-0ba421435051@group-203775717D2F-SegmentedRaftLog:OPENED:c10,f10,i14, conf=0: [5d275853-b846-4f86-bc5b-0ba421435051:192.168.34.38:43235, bd0b0c89-cb45-482d-bed2-ad92fc2d5050:192.168.34.38:37420, e2c05a36-c8a2-43f6-9f8f-11b9e2d7f4b8:192.168.34.38:45758], old=null RUNNING
2019-09-12 13:10:33,803 [grpc-default-executor-3] INFO  impl.RaftServerImpl (RaftServerImpl.java:lambda$shutdown$3(251)) - 5d275853-b846-4f86-bc5b-0ba421435051@group-203775717D2F: shutdown
2019-09-12 13:10:33,803 [grpc-default-executor-3] INFO  util.JmxRegister (JmxRegister.java:unregister(73)) - Successfully un-registered JMX Bean with object name Ratis:service=RaftServer,group=group-203775717D2F,id=5d275853-b846-4f86-bc5b-0ba421435051
2019-09-12 13:10:33,804 [grpc-default-executor-3] INFO  impl.RoleInfo (RoleInfo.java:shutdownLeaderState(104)) - 5d275853-b846-4f86-bc5b-0ba421435051: shutdown LeaderState
2019-09-12 13:10:33,807 [grpc-default-executor-3] INFO  impl.PendingRequests (PendingRequests.java:sendNotLeaderResponses(202)) - 5d275853-b846-4f86-bc5b-0ba421435051-PendingRequests: sendNotLeaderResponses
2019-09-12 13:10:33,807 [org.apache.ratis.server.impl.LogAppender$AppenderDaemon$$Lambda$485/1236579333@5858e0e3] WARN  server.GrpcLogAppender (GrpcLogAppender.java:mayWait(143)) - 5d275853-b846-4f86-bc5b-0ba421435051@group-203775717D2F->bd0b0c89-cb45-482d-bed2-ad92fc2d5050-GrpcLogAppender: Wait interrupted by java.lang.InterruptedException
2019-09-12 13:10:33,807 [org.apache.ratis.server.impl.LogAppender$AppenderDaemon$$Lambda$485/1236579333@5f4f9d52] WARN  server.GrpcLogAppender (GrpcLogAppender.java:mayWait(143)) - 5d275853-b846-4f86-bc5b-0ba421435051@group-203775717D2F->e2c05a36-c8a2-43f6-9f8f-11b9e2d7f4b8-GrpcLogAppender: Wait interrupted by java.lang.InterruptedException
2019-09-12 13:10:33,809 [grpc-default-executor-1] INFO  server.GrpcServerProtocolService (GrpcServerProtocolService.java:onCompleted(113)) - bd0b0c89-cb45-482d-bed2-ad92fc2d5050: Completed APPEND_ENTRIES, lastRequest: 5d275853-b846-4f86-bc5b-0ba421435051->bd0b0c89-cb45-482d-bed2-ad92fc2d5050#88-t1, previous=(t:1, i:14), leaderCommit=10, initializing? false, entries: <empty>
2019-09-12 13:10:33,809 [grpc-default-executor-5] INFO  server.GrpcServerProtocolService (GrpcServerProtocolService.java:onCompleted(113)) - e2c05a36-c8a2-43f6-9f8f-11b9e2d7f4b8: Completed APPEND_ENTRIES, lastRequest: 5d275853-b846-4f86-bc5b-0ba421435051->e2c05a36-c8a2-43f6-9f8f-11b9e2d7f4b8#88-t1, previous=(t:1, i:14), leaderCommit=10, initializing? false, entries: <empty>
2019-09-12 13:10:33,811 [grpc-default-executor-1] INFO  server.GrpcLogAppender (GrpcLogAppender.java:onCompleted(293)) - 5d275853-b846-4f86-bc5b-0ba421435051@group-203775717D2F->bd0b0c89-cb45-482d-bed2-ad92fc2d5050-AppendLogResponseHandler: follower responses appendEntries COMPLETED
2019-09-12 13:10:33,811 [grpc-default-executor-5] INFO  server.GrpcLogAppender (GrpcLogAppender.java:onCompleted(293)) - 5d275853-b846-4f86-bc5b-0ba421435051@group-203775717D2F->e2c05a36-c8a2-43f6-9f8f-11b9e2d7f4b8-AppendLogResponseHandler: follower responses appendEntries COMPLETED
2019-09-12 13:10:33,811 [grpc-default-executor-1] INFO  impl.FollowerInfo (FollowerInfo.java:lambda$new$0(51)) - 5d275853-b846-4f86-bc5b-0ba421435051@group-203775717D2F->bd0b0c89-cb45-482d-bed2-ad92fc2d5050: nextIndex: updateUnconditionally 15 -> 11
2019-09-12 13:10:33,812 [grpc-default-executor-5] INFO  impl.FollowerInfo (FollowerInfo.java:lambda$new$0(51)) - 5d275853-b846-4f86-bc5b-0ba421435051@group-203775717D2F->e2c05a36-c8a2-43f6-9f8f-11b9e2d7f4b8: nextIndex: updateUnconditionally 15 -> 11
2019-09-12 13:10:33,818 [grpc-default-executor-3] INFO  impl.StateMachineUpdater (StateMachineUpdater.java:stopAndJoin(125)) - 5d275853-b846-4f86-bc5b-0ba421435051@group-203775717D2F-StateMachineUpdater: set stopIndex = 10
2019-09-12 13:10:33,820 [5d275853-b846-4f86-bc5b-0ba421435051@group-203775717D2F-StateMachineUpdater] INFO  ratis.ContainerStateMachine (ContainerStateMachine.java:takeSnapshot(289)) - group-203775717D2F: Taking a snapshot at:(t:1, i:10) file /workdir/hadoop-ozone/integration-test/target/test-dir/MiniOzoneClusterImpl-03275018-1bf5-4a9a-9ddc-ea2af4b584a8/datanode-2/data/ratis/7700c51d-9357-46f7-9d29-203775717d2f/sm/snapshot.1_10
2019-09-12 13:10:33,828 [5d275853-b846-4f86-bc5b-0ba421435051@group-203775717D2F-StateMachineUpdater] INFO  ratis.ContainerStateMachine (ContainerStateMachine.java:takeSnapshot(300)) - group-203775717D2F: Finished taking a snapshot at:(t:1, i:10) file:/workdir/hadoop-ozone/integration-test/target/test-dir/MiniOzoneClusterImpl-03275018-1bf5-4a9a-9ddc-ea2af4b584a8/datanode-2/data/ratis/7700c51d-9357-46f7-9d29-203775717d2f/sm/snapshot.1_10 time:8
2019-09-12 13:10:33,828 [5d275853-b846-4f86-bc5b-0ba421435051@group-203775717D2F-StateMachineUpdater] INFO  impl.StateMachineUpdater (StateMachineUpdater.java:takeSnapshot(258)) - 5d275853-b846-4f86-bc5b-0ba421435051@group-203775717D2F-StateMachineUpdater: Took a snapshot at index 10
2019-09-12 13:10:33,828 [5d275853-b846-4f86-bc5b-0ba421435051@group-203775717D2F-StateMachineUpdater] INFO  impl.StateMachineUpdater (StateMachineUpdater.java:lambda$new$0(83)) - 5d275853-b846-4f86-bc5b-0ba421435051@group-203775717D2F-StateMachineUpdater: snapshotIndex: updateIncreasingly -1 -> 10
2019-09-12 13:10:33,828 [grpc-default-executor-3] INFO  impl.RaftServerImpl (ServerState.java:close(385)) - 5d275853-b846-4f86-bc5b-0ba421435051@group-203775717D2F: closes. applyIndex: 10
2019-09-12 13:10:33,829 [5d275853-b846-4f86-bc5b-0ba421435051@group-203775717D2F-SegmentedRaftLogWorker] ERROR ratis.XceiverServerRatis (XceiverServerRatis.java:triggerPipelineClose(568)) - pipeline Action CLOSE  on pipeline PipelineID=7700c51d-9357-46f7-9d29-203775717d2f.Reason : WriteLog:12: (t:1, i:12), STATEMACHINELOGENTRY, client-8389729FF037, cid=22-writeStateMachineData interrupted.
2019-09-12 13:10:33,829 [Command processor thread] ERROR commandhandler.CloseContainerCommandHandler (CloseContainerCommandHandler.java:handle(125)) - Can't close container #3
java.io.IOException: org.apache.ratis.protocol.GroupMismatchException: 5d275853-b846-4f86-bc5b-0ba421435051: group-203775717D2F not found.
	at org.apache.hadoop.ozone.container.common.transport.server.ratis.XceiverServerRatis.submitRequest(XceiverServerRatis.java:495)
	at org.apache.hadoop.ozone.container.common.statemachine.commandhandler.CloseContainerCommandHandler.handle(CloseContainerCommandHandler.java:102)
	at org.apache.hadoop.ozone.container.common.statemachine.commandhandler.CommandDispatcher.handle(CommandDispatcher.java:99)
	at org.apache.hadoop.ozone.container.common.statemachine.DatanodeStateMachine.lambda$initCommandHandlerThread$1(DatanodeStateMachine.java:432)
	at java.lang.Thread.run(Thread.java:748)
Caused by: java.util.concurrent.ExecutionException: org.apache.ratis.protocol.GroupMismatchException: 5d275853-b846-4f86-bc5b-0ba421435051: group-203775717D2F not found.
	at java.util.concurrent.CompletableFuture.reportGet(CompletableFuture.java:357)
	at java.util.concurrent.CompletableFuture.get(CompletableFuture.java:1895)
	at org.apache.hadoop.ozone.container.common.transport.server.ratis.XceiverServerRatis.submitRequest(XceiverServerRatis.java:493)
	... 4 more
Caused by: org.apache.ratis.protocol.GroupMismatchException: 5d275853-b846-4f86-bc5b-0ba421435051: group-203775717D2F not found.
	at org.apache.ratis.server.impl.RaftServerProxy$ImplMap.get(RaftServerProxy.java:122)
	at org.apache.ratis.server.impl.RaftServerProxy.getImplFuture(RaftServerProxy.java:269)
	at org.apache.ratis.server.impl.RaftServerProxy.submitRequest(RaftServerProxy.java:327)
	at org.apache.ratis.server.impl.RaftServerProxy.submitClientRequestAsync(RaftServerProxy.java:333)
	... 5 more
2019-09-12 13:10:33,832 [EventQueue-PipelineActionsForPipelineActionHandler] ERROR pipeline.PipelineActionHandler (PipelineActionHandler.java:onMessage(60)) - Received pipeline action CLOSE for Pipeline[ Id: 7700c51d-9357-46f7-9d29-203775717d2f, Nodes: bd0b0c89-cb45-482d-bed2-ad92fc2d5050{ip: 192.168.34.38, host: pr-hdds-2007-65vhz-3510356991, networkLocation: /default-rack, certSerialId: null}5d275853-b846-4f86-bc5b-0ba421435051{ip: 192.168.34.38, host: pr-hdds-2007-65vhz-3510356991, networkLocation: /default-rack, certSerialId: null}e2c05a36-c8a2-43f6-9f8f-11b9e2d7f4b8{ip: 192.168.34.38, host: pr-hdds-2007-65vhz-3510356991, networkLocation: /default-rack, certSerialId: null}, Type:RATIS, Factor:THREE, State:CLOSED] from datanode 5d275853-b846-4f86-bc5b-0ba421435051{ip: 192.168.34.38, host: pr-hdds-2007-65vhz-3510356991, networkLocation: /default-rack, certSerialId: null}. Reason : WriteLog:12: (t:1, i:12), STATEMACHINELOGENTRY, client-8389729FF037, cid=22-writeStateMachineData interrupted.
2019-09-12 13:10:33,832 [EventQueue-PipelineActionsForPipelineActionHandler] INFO  pipeline.SCMPipelineManager (SCMPipelineManager.java:finalizeAndDestroyPipeline(311)) - destroying pipeline:Pipeline[ Id: 7700c51d-9357-46f7-9d29-203775717d2f, Nodes: bd0b0c89-cb45-482d-bed2-ad92fc2d5050{ip: 192.168.34.38, host: pr-hdds-2007-65vhz-3510356991, networkLocation: /default-rack, certSerialId: null}5d275853-b846-4f86-bc5b-0ba421435051{ip: 192.168.34.38, host: pr-hdds-2007-65vhz-3510356991, networkLocation: /default-rack, certSerialId: null}e2c05a36-c8a2-43f6-9f8f-11b9e2d7f4b8{ip: 192.168.34.38, host: pr-hdds-2007-65vhz-3510356991, networkLocation: /default-rack, certSerialId: null}, Type:RATIS, Factor:THREE, State:CLOSED]
2019-09-12 13:10:33,834 [grpc-default-executor-3] INFO  segmented.SegmentedRaftLogWorker (SegmentedRaftLogWorker.java:close(228)) - 5d275853-b846-4f86-bc5b-0ba421435051@group-203775717D2F-SegmentedRaftLogWorker close()
2019-09-12 13:10:33,840 [grpc-default-executor-3] INFO  interfaces.Container (KeyValueContainer.java:flushAndSyncDB(386)) - Container 2 is synced with bcsId 6.
2019-09-12 13:10:33,840 [grpc-default-executor-3] INFO  interfaces.Container (KeyValueContainer.java:flushAndSyncDB(386)) - Container 2 is synced with bcsId 6.
2019-09-12 13:10:33,864 [grpc-default-executor-3] INFO  interfaces.Container (KeyValueContainer.java:flushAndSyncDB(386)) - Container 3 is synced with bcsId 0.
2019-09-12 13:10:33,864 [grpc-default-executor-3] INFO  interfaces.Container (KeyValueContainer.java:flushAndSyncDB(386)) - Container 3 is synced with bcsId 0.
2019-09-12 13:10:33,879 [grpc-default-executor-3] INFO  impl.RaftServerProxy (RaftServerProxy.java:remove(95)) - e2c05a36-c8a2-43f6-9f8f-11b9e2d7f4b8: remove  FOLLOWER e2c05a36-c8a2-43f6-9f8f-11b9e2d7f4b8@group-203775717D2F:t1, leader=5d275853-b846-4f86-bc5b-0ba421435051, voted=5d275853-b846-4f86-bc5b-0ba421435051, raftlog=e2c05a36-c8a2-43f6-9f8f-11b9e2d7f4b8@group-203775717D2F-SegmentedRaftLog:OPENED:c10,f10,i14, conf=0: [5d275853-b846-4f86-bc5b-0ba421435051:192.168.34.38:43235, bd0b0c89-cb45-482d-bed2-ad92fc2d5050:192.168.34.38:37420, e2c05a36-c8a2-43f6-9f8f-11b9e2d7f4b8:192.168.34.38:45758], old=null RUNNING
2019-09-12 13:10:33,879 [grpc-default-executor-3] INFO  impl.RaftServerImpl (RaftServerImpl.java:lambda$shutdown$3(251)) - e2c05a36-c8a2-43f6-9f8f-11b9e2d7f4b8@group-203775717D2F: shutdown
2019-09-12 13:10:33,880 [grpc-default-executor-3] INFO  util.JmxRegister (JmxRegister.java:unregister(73)) - Successfully un-registered JMX Bean with object name Ratis:service=RaftServer,group=group-203775717D2F,id=e2c05a36-c8a2-43f6-9f8f-11b9e2d7f4b8
2019-09-12 13:10:33,880 [grpc-default-executor-3] INFO  impl.RoleInfo (RoleInfo.java:shutdownFollowerState(121)) - e2c05a36-c8a2-43f6-9f8f-11b9e2d7f4b8: shutdown FollowerState
2019-09-12 13:10:33,880 [grpc-default-executor-3] INFO  impl.StateMachineUpdater (StateMachineUpdater.java:stopAndJoin(125)) - e2c05a36-c8a2-43f6-9f8f-11b9e2d7f4b8@group-203775717D2F-StateMachineUpdater: set stopIndex = 10
2019-09-12 13:10:33,880 [Thread-318] INFO  impl.FollowerState (FollowerState.java:run(115)) - e2c05a36-c8a2-43f6-9f8f-11b9e2d7f4b8: FollowerState was interrupted: java.lang.InterruptedException: sleep interrupted
2019-09-12 13:10:33,880 [e2c05a36-c8a2-43f6-9f8f-11b9e2d7f4b8@group-203775717D2F-StateMachineUpdater] INFO  ratis.ContainerStateMachine (ContainerStateMachine.java:takeSnapshot(289)) - group-203775717D2F: Taking a snapshot at:(t:1, i:6) file /workdir/hadoop-ozone/integration-test/target/test-dir/MiniOzoneClusterImpl-03275018-1bf5-4a9a-9ddc-ea2af4b584a8/datanode-6/data/ratis/7700c51d-9357-46f7-9d29-203775717d2f/sm/snapshot.1_6
2019-09-12 13:10:33,886 [e2c05a36-c8a2-43f6-9f8f-11b9e2d7f4b8@group-203775717D2F-StateMachineUpdater] INFO  ratis.ContainerStateMachine (ContainerStateMachine.java:takeSnapshot(300)) - group-203775717D2F: Finished taking a snapshot at:(t:1, i:6) file:/workdir/hadoop-ozone/integration-test/target/test-dir/MiniOzoneClusterImpl-03275018-1bf5-4a9a-9ddc-ea2af4b584a8/datanode-6/data/ratis/7700c51d-9357-46f7-9d29-203775717d2f/sm/snapshot.1_6 time:6
2019-09-12 13:10:33,886 [e2c05a36-c8a2-43f6-9f8f-11b9e2d7f4b8@group-203775717D2F-StateMachineUpdater] INFO  impl.StateMachineUpdater (StateMachineUpdater.java:takeSnapshot(258)) - e2c05a36-c8a2-43f6-9f8f-11b9e2d7f4b8@group-203775717D2F-StateMachineUpdater: Took a snapshot at index 6
2019-09-12 13:10:33,886 [e2c05a36-c8a2-43f6-9f8f-11b9e2d7f4b8@group-203775717D2F-StateMachineUpdater] INFO  impl.StateMachineUpdater (StateMachineUpdater.java:lambda$new$0(83)) - e2c05a36-c8a2-43f6-9f8f-11b9e2d7f4b8@group-203775717D2F-StateMachineUpdater: snapshotIndex: updateIncreasingly -1 -> 6
2019-09-12 13:10:33,886 [e2c05a36-c8a2-43f6-9f8f-11b9e2d7f4b8@group-203775717D2F-StateMachineUpdater] INFO  ratis.ContainerStateMachine (ContainerStateMachine.java:takeSnapshot(289)) - group-203775717D2F: Taking a snapshot at:(t:1, i:6) file /workdir/hadoop-ozone/integration-test/target/test-dir/MiniOzoneClusterImpl-03275018-1bf5-4a9a-9ddc-ea2af4b584a8/datanode-6/data/ratis/7700c51d-9357-46f7-9d29-203775717d2f/sm/snapshot.1_6
2019-09-12 13:10:33,890 [e2c05a36-c8a2-43f6-9f8f-11b9e2d7f4b8@group-203775717D2F-StateMachineUpdater] INFO  ratis.ContainerStateMachine (ContainerStateMachine.java:takeSnapshot(300)) - group-203775717D2F: Finished taking a snapshot at:(t:1, i:6) file:/workdir/hadoop-ozone/integration-test/target/test-dir/MiniOzoneClusterImpl-03275018-1bf5-4a9a-9ddc-ea2af4b584a8/datanode-6/data/ratis/7700c51d-9357-46f7-9d29-203775717d2f/sm/snapshot.1_6 time:3
2019-09-12 13:10:33,890 [e2c05a36-c8a2-43f6-9f8f-11b9e2d7f4b8@group-203775717D2F-StateMachineUpdater] INFO  impl.StateMachineUpdater (StateMachineUpdater.java:takeSnapshot(258)) - e2c05a36-c8a2-43f6-9f8f-11b9e2d7f4b8@group-203775717D2F-StateMachineUpdater: Took a snapshot at index 6
2019-09-12 13:10:33,890 [e2c05a36-c8a2-43f6-9f8f-11b9e2d7f4b8@group-203775717D2F-StateMachineUpdater] INFO  impl.StateMachineUpdater (StateMachineUpdater.java:lambda$new$0(83)) - e2c05a36-c8a2-43f6-9f8f-11b9e2d7f4b8@group-203775717D2F-StateMachineUpdater: snapshotIndex: updateIncreasingly 6 -> 6
2019-09-12 13:10:33,890 [grpc-default-executor-3] INFO  impl.RaftServerImpl (ServerState.java:close(385)) - e2c05a36-c8a2-43f6-9f8f-11b9e2d7f4b8@group-203775717D2F: closes. applyIndex: 10
2019-09-12 13:10:33,891 [e2c05a36-c8a2-43f6-9f8f-11b9e2d7f4b8@group-203775717D2F-SegmentedRaftLogWorker] ERROR ratis.XceiverServerRatis (XceiverServerRatis.java:triggerPipelineClose(568)) - pipeline Action CLOSE  on pipeline PipelineID=7700c51d-9357-46f7-9d29-203775717d2f.Reason : WriteLog:12: (t:1, i:12), STATEMACHINELOGENTRY, client-8389729FF037, cid=22-writeStateMachineData interrupted.
2019-09-12 13:10:33,895 [EventQueue-PipelineActionsForPipelineActionHandler] ERROR pipeline.PipelineActionHandler (PipelineActionHandler.java:onMessage(60)) - Received pipeline action CLOSE for Pipeline[ Id: 7700c51d-9357-46f7-9d29-203775717d2f, Nodes: bd0b0c89-cb45-482d-bed2-ad92fc2d5050{ip: 192.168.34.38, host: pr-hdds-2007-65vhz-3510356991, networkLocation: /default-rack, certSerialId: null}5d275853-b846-4f86-bc5b-0ba421435051{ip: 192.168.34.38, host: pr-hdds-2007-65vhz-3510356991, networkLocation: /default-rack, certSerialId: null}e2c05a36-c8a2-43f6-9f8f-11b9e2d7f4b8{ip: 192.168.34.38, host: pr-hdds-2007-65vhz-3510356991, networkLocation: /default-rack, certSerialId: null}, Type:RATIS, Factor:THREE, State:CLOSED] from datanode e2c05a36-c8a2-43f6-9f8f-11b9e2d7f4b8{ip: 192.168.34.38, host: pr-hdds-2007-65vhz-3510356991, networkLocation: /default-rack, certSerialId: null}. Reason : WriteLog:12: (t:1, i:12), STATEMACHINELOGENTRY, client-8389729FF037, cid=22-writeStateMachineData interrupted.
2019-09-12 13:10:33,896 [EventQueue-PipelineActionsForPipelineActionHandler] INFO  pipeline.SCMPipelineManager (SCMPipelineManager.java:finalizeAndDestroyPipeline(311)) - destroying pipeline:Pipeline[ Id: 7700c51d-9357-46f7-9d29-203775717d2f, Nodes: bd0b0c89-cb45-482d-bed2-ad92fc2d5050{ip: 192.168.34.38, host: pr-hdds-2007-65vhz-3510356991, networkLocation: /default-rack, certSerialId: null}5d275853-b846-4f86-bc5b-0ba421435051{ip: 192.168.34.38, host: pr-hdds-2007-65vhz-3510356991, networkLocation: /default-rack, certSerialId: null}e2c05a36-c8a2-43f6-9f8f-11b9e2d7f4b8{ip: 192.168.34.38, host: pr-hdds-2007-65vhz-3510356991, networkLocation: /default-rack, certSerialId: null}, Type:RATIS, Factor:THREE, State:CLOSED]
2019-09-12 13:10:33,918 [grpc-default-executor-3] INFO  segmented.SegmentedRaftLogWorker (SegmentedRaftLogWorker.java:close(228)) - e2c05a36-c8a2-43f6-9f8f-11b9e2d7f4b8@group-203775717D2F-SegmentedRaftLogWorker close()
2019-09-12 13:10:33,930 [grpc-default-executor-3] INFO  interfaces.Container (KeyValueContainer.java:flushAndSyncDB(386)) - Container 2 is synced with bcsId 6.
2019-09-12 13:10:33,930 [grpc-default-executor-3] INFO  interfaces.Container (KeyValueContainer.java:flushAndSyncDB(386)) - Container 2 is synced with bcsId 6.
2019-09-12 13:10:34,000 [grpc-default-executor-3] INFO  interfaces.Container (KeyValueContainer.java:flushAndSyncDB(386)) - Container 3 is synced with bcsId 0.
2019-09-12 13:10:34,001 [grpc-default-executor-3] INFO  interfaces.Container (KeyValueContainer.java:flushAndSyncDB(386)) - Container 3 is synced with bcsId 0.
2019-09-12 13:10:34,019 [RatisPipelineUtilsThread] INFO  pipeline.PipelineStateManager (PipelineStateManager.java:removePipeline(108)) - Pipeline Pipeline[ Id: 7700c51d-9357-46f7-9d29-203775717d2f, Nodes: bd0b0c89-cb45-482d-bed2-ad92fc2d5050{ip: 192.168.34.38, host: pr-hdds-2007-65vhz-3510356991, networkLocation: /default-rack, certSerialId: null}5d275853-b846-4f86-bc5b-0ba421435051{ip: 192.168.34.38, host: pr-hdds-2007-65vhz-3510356991, networkLocation: /default-rack, certSerialId: null}e2c05a36-c8a2-43f6-9f8f-11b9e2d7f4b8{ip: 192.168.34.38, host: pr-hdds-2007-65vhz-3510356991, networkLocation: /default-rack, certSerialId: null}, Type:RATIS, Factor:THREE, State:CLOSED] removed from db
2019-09-12 13:10:34,033 [grpc-default-executor-5] INFO  impl.RaftServerProxy (RaftServerProxy.java:addNew(89)) - 5d275853-b846-4f86-bc5b-0ba421435051: addNew group-632364F96BAC:[5d275853-b846-4f86-bc5b-0ba421435051:192.168.34.38:43235, bd0b0c89-cb45-482d-bed2-ad92fc2d5050:192.168.34.38:37420, e2c05a36-c8a2-43f6-9f8f-11b9e2d7f4b8:192.168.34.38:45758] returns group-632364F96BAC:java.util.concurrent.CompletableFuture@ed0f401[Not completed]
2019-09-12 13:10:34,035 [grpc-default-executor-3] INFO  impl.RaftServerProxy (RaftServerProxy.java:addNew(89)) - bd0b0c89-cb45-482d-bed2-ad92fc2d5050: addNew group-632364F96BAC:[5d275853-b846-4f86-bc5b-0ba421435051:192.168.34.38:43235, bd0b0c89-cb45-482d-bed2-ad92fc2d5050:192.168.34.38:37420, e2c05a36-c8a2-43f6-9f8f-11b9e2d7f4b8:192.168.34.38:45758] returns group-632364F96BAC:java.util.concurrent.CompletableFuture@751c7793[Not completed]
2019-09-12 13:10:34,035 [grpc-default-executor-1] INFO  impl.RaftServerProxy (RaftServerProxy.java:addNew(89)) - e2c05a36-c8a2-43f6-9f8f-11b9e2d7f4b8: addNew group-632364F96BAC:[5d275853-b846-4f86-bc5b-0ba421435051:192.168.34.38:43235, bd0b0c89-cb45-482d-bed2-ad92fc2d5050:192.168.34.38:37420, e2c05a36-c8a2-43f6-9f8f-11b9e2d7f4b8:192.168.34.38:45758] returns group-632364F96BAC:java.util.concurrent.CompletableFuture@4227cd64[Not completed]
2019-09-12 13:10:34,038 [pool-47-thread-1] INFO  impl.RaftServerImpl (RaftServerImpl.java:<init>(95)) - 5d275853-b846-4f86-bc5b-0ba421435051: new RaftServerImpl for group-632364F96BAC:[5d275853-b846-4f86-bc5b-0ba421435051:192.168.34.38:43235, bd0b0c89-cb45-482d-bed2-ad92fc2d5050:192.168.34.38:37420, e2c05a36-c8a2-43f6-9f8f-11b9e2d7f4b8:192.168.34.38:45758] with ContainerStateMachine:uninitialized
2019-09-12 13:10:34,038 [pool-47-thread-1] INFO  server.RaftServerConfigKeys (ConfUtils.java:logGet(43)) - raft.server.rpc.timeout.min = 5s (custom)
2019-09-12 13:10:34,038 [pool-47-thread-1] INFO  server.RaftServerConfigKeys (ConfUtils.java:logGet(43)) - raft.server.rpc.timeout.max = 5200ms (custom)
2019-09-12 13:10:34,038 [pool-47-thread-1] INFO  server.RaftServerConfigKeys (ConfUtils.java:logGet(43)) - raft.server.rpcslowness.timeout = 120s (custom)
2019-09-12 13:10:34,039 [pool-47-thread-1] INFO  server.RaftServerConfigKeys (ConfUtils.java:logGet(43)) - raft.server.sleep.deviation.threshold = 300 (default)
2019-09-12 13:10:34,039 [pool-47-thread-1] INFO  server.RaftServerConfigKeys (ConfUtils.java:logGet(43)) - raft.server.log.appender.install.snapshot.enabled = false (custom)
2019-09-12 13:10:34,039 [pool-87-thread-1] INFO  impl.RaftServerImpl (RaftServerImpl.java:<init>(95)) - e2c05a36-c8a2-43f6-9f8f-11b9e2d7f4b8: new RaftServerImpl for group-632364F96BAC:[5d275853-b846-4f86-bc5b-0ba421435051:192.168.34.38:43235, bd0b0c89-cb45-482d-bed2-ad92fc2d5050:192.168.34.38:37420, e2c05a36-c8a2-43f6-9f8f-11b9e2d7f4b8:192.168.34.38:45758] with ContainerStateMachine:uninitialized
2019-09-12 13:10:34,039 [pool-47-thread-1] INFO  impl.RaftServerImpl (ServerState.java:<init>(103)) - 5d275853-b846-4f86-bc5b-0ba421435051@group-632364F96BAC: ConfigurationManager, init=-1: [5d275853-b846-4f86-bc5b-0ba421435051:192.168.34.38:43235, bd0b0c89-cb45-482d-bed2-ad92fc2d5050:192.168.34.38:37420, e2c05a36-c8a2-43f6-9f8f-11b9e2d7f4b8:192.168.34.38:45758], old=null, confs=<EMPTY_MAP>
2019-09-12 13:10:34,039 [pool-87-thread-1] INFO  server.RaftServerConfigKeys (ConfUtils.java:logGet(43)) - raft.server.rpc.timeout.min = 5s (custom)
2019-09-12 13:10:34,039 [pool-87-thread-1] INFO  server.RaftServerConfigKeys (ConfUtils.java:logGet(43)) - raft.server.rpc.timeout.max = 5200ms (custom)
2019-09-12 13:10:34,039 [pool-87-thread-1] INFO  server.RaftServerConfigKeys (ConfUtils.java:logGet(43)) - raft.server.rpcslowness.timeout = 120s (custom)
2019-09-12 13:10:34,040 [pool-47-thread-1] INFO  server.RaftServerConfigKeys (ConfUtils.java:logGet(43)) - raft.server.storage.dir = [/workdir/hadoop-ozone/integration-test/target/test-dir/MiniOzoneClusterImpl-03275018-1bf5-4a9a-9ddc-ea2af4b584a8/datanode-2/data/ratis] (custom)
2019-09-12 13:10:34,040 [pool-87-thread-1] INFO  server.RaftServerConfigKeys (ConfUtils.java:logGet(43)) - raft.server.sleep.deviation.threshold = 300 (default)
2019-09-12 13:10:34,040 [pool-87-thread-1] INFO  server.RaftServerConfigKeys (ConfUtils.java:logGet(43)) - raft.server.log.appender.install.snapshot.enabled = false (custom)
2019-09-12 13:10:34,040 [pool-67-thread-1] INFO  impl.RaftServerImpl (RaftServerImpl.java:<init>(95)) - bd0b0c89-cb45-482d-bed2-ad92fc2d5050: new RaftServerImpl for group-632364F96BAC:[5d275853-b846-4f86-bc5b-0ba421435051:192.168.34.38:43235, bd0b0c89-cb45-482d-bed2-ad92fc2d5050:192.168.34.38:37420, e2c05a36-c8a2-43f6-9f8f-11b9e2d7f4b8:192.168.34.38:45758] with ContainerStateMachine:uninitialized
2019-09-12 13:10:34,040 [pool-87-thread-1] INFO  impl.RaftServerImpl (ServerState.java:<init>(103)) - e2c05a36-c8a2-43f6-9f8f-11b9e2d7f4b8@group-632364F96BAC: ConfigurationManager, init=-1: [5d275853-b846-4f86-bc5b-0ba421435051:192.168.34.38:43235, bd0b0c89-cb45-482d-bed2-ad92fc2d5050:192.168.34.38:37420, e2c05a36-c8a2-43f6-9f8f-11b9e2d7f4b8:192.168.34.38:45758], old=null, confs=<EMPTY_MAP>
2019-09-12 13:10:34,040 [pool-67-thread-1] INFO  server.RaftServerConfigKeys (ConfUtils.java:logGet(43)) - raft.server.rpc.timeout.min = 5s (custom)
2019-09-12 13:10:34,040 [pool-87-thread-1] INFO  server.RaftServerConfigKeys (ConfUtils.java:logGet(43)) - raft.server.storage.dir = [/workdir/hadoop-ozone/integration-test/target/test-dir/MiniOzoneClusterImpl-03275018-1bf5-4a9a-9ddc-ea2af4b584a8/datanode-6/data/ratis] (custom)
2019-09-12 13:10:34,040 [pool-67-thread-1] INFO  server.RaftServerConfigKeys (ConfUtils.java:logGet(43)) - raft.server.rpc.timeout.max = 5200ms (custom)
2019-09-12 13:10:34,041 [pool-67-thread-1] INFO  server.RaftServerConfigKeys (ConfUtils.java:logGet(43)) - raft.server.rpcslowness.timeout = 120s (custom)
2019-09-12 13:10:34,041 [pool-67-thread-1] INFO  server.RaftServerConfigKeys (ConfUtils.java:logGet(43)) - raft.server.sleep.deviation.threshold = 300 (default)
2019-09-12 13:10:34,041 [pool-67-thread-1] INFO  server.RaftServerConfigKeys (ConfUtils.java:logGet(43)) - raft.server.log.appender.install.snapshot.enabled = false (custom)
2019-09-12 13:10:34,041 [pool-47-thread-1] INFO  storage.RaftStorageDirectory (RaftStorageDirectory.java:analyzeStorage(246)) - The storage directory /workdir/hadoop-ozone/integration-test/target/test-dir/MiniOzoneClusterImpl-03275018-1bf5-4a9a-9ddc-ea2af4b584a8/datanode-2/data/ratis/cdc0d860-9404-4241-b616-632364f96bac does not exist. Creating ...
2019-09-12 13:10:34,041 [pool-67-thread-1] INFO  impl.RaftServerImpl (ServerState.java:<init>(103)) - bd0b0c89-cb45-482d-bed2-ad92fc2d5050@group-632364F96BAC: ConfigurationManager, init=-1: [5d275853-b846-4f86-bc5b-0ba421435051:192.168.34.38:43235, bd0b0c89-cb45-482d-bed2-ad92fc2d5050:192.168.34.38:37420, e2c05a36-c8a2-43f6-9f8f-11b9e2d7f4b8:192.168.34.38:45758], old=null, confs=<EMPTY_MAP>
2019-09-12 13:10:34,041 [pool-87-thread-1] INFO  storage.RaftStorageDirectory (RaftStorageDirectory.java:analyzeStorage(246)) - The storage directory /workdir/hadoop-ozone/integration-test/target/test-dir/MiniOzoneClusterImpl-03275018-1bf5-4a9a-9ddc-ea2af4b584a8/datanode-6/data/ratis/cdc0d860-9404-4241-b616-632364f96bac does not exist. Creating ...
2019-09-12 13:10:34,041 [pool-67-thread-1] INFO  server.RaftServerConfigKeys (ConfUtils.java:logGet(43)) - raft.server.storage.dir = [/workdir/hadoop-ozone/integration-test/target/test-dir/MiniOzoneClusterImpl-03275018-1bf5-4a9a-9ddc-ea2af4b584a8/datanode-4/data/ratis] (custom)
2019-09-12 13:10:34,042 [pool-67-thread-1] INFO  storage.RaftStorageDirectory (RaftStorageDirectory.java:analyzeStorage(246)) - The storage directory /workdir/hadoop-ozone/integration-test/target/test-dir/MiniOzoneClusterImpl-03275018-1bf5-4a9a-9ddc-ea2af4b584a8/datanode-4/data/ratis/cdc0d860-9404-4241-b616-632364f96bac does not exist. Creating ...
2019-09-12 13:10:34,055 [pool-87-thread-1] INFO  storage.RaftStorageDirectory (RaftStorageDirectory.java:tryLock(328)) - Lock on /workdir/hadoop-ozone/integration-test/target/test-dir/MiniOzoneClusterImpl-03275018-1bf5-4a9a-9ddc-ea2af4b584a8/datanode-6/data/ratis/cdc0d860-9404-4241-b616-632364f96bac/in_use.lock acquired by nodename 8574@pr-hdds-2007-65vhz-3510356991
2019-09-12 13:10:34,055 [pool-47-thread-1] INFO  storage.RaftStorageDirectory (RaftStorageDirectory.java:tryLock(328)) - Lock on /workdir/hadoop-ozone/integration-test/target/test-dir/MiniOzoneClusterImpl-03275018-1bf5-4a9a-9ddc-ea2af4b584a8/datanode-2/data/ratis/cdc0d860-9404-4241-b616-632364f96bac/in_use.lock acquired by nodename 8574@pr-hdds-2007-65vhz-3510356991
2019-09-12 13:10:34,055 [pool-67-thread-1] INFO  storage.RaftStorageDirectory (RaftStorageDirectory.java:tryLock(328)) - Lock on /workdir/hadoop-ozone/integration-test/target/test-dir/MiniOzoneClusterImpl-03275018-1bf5-4a9a-9ddc-ea2af4b584a8/datanode-4/data/ratis/cdc0d860-9404-4241-b616-632364f96bac/in_use.lock acquired by nodename 8574@pr-hdds-2007-65vhz-3510356991
2019-09-12 13:10:34,069 [pool-87-thread-1] INFO  storage.RaftStorage (RaftStorage.java:format(72)) - Storage directory /workdir/hadoop-ozone/integration-test/target/test-dir/MiniOzoneClusterImpl-03275018-1bf5-4a9a-9ddc-ea2af4b584a8/datanode-6/data/ratis/cdc0d860-9404-4241-b616-632364f96bac has been successfully formatted.
2019-09-12 13:10:34,069 [pool-47-thread-1] INFO  storage.RaftStorage (RaftStorage.java:format(72)) - Storage directory /workdir/hadoop-ozone/integration-test/target/test-dir/MiniOzoneClusterImpl-03275018-1bf5-4a9a-9ddc-ea2af4b584a8/datanode-2/data/ratis/cdc0d860-9404-4241-b616-632364f96bac has been successfully formatted.
2019-09-12 13:10:34,069 [pool-67-thread-1] INFO  storage.RaftStorage (RaftStorage.java:format(72)) - Storage directory /workdir/hadoop-ozone/integration-test/target/test-dir/MiniOzoneClusterImpl-03275018-1bf5-4a9a-9ddc-ea2af4b584a8/datanode-4/data/ratis/cdc0d860-9404-4241-b616-632364f96bac has been successfully formatted.
2019-09-12 13:10:34,069 [pool-87-thread-1] INFO  ratis.ContainerStateMachine (ContainerStateMachine.java:loadSnapshot(230)) - group-632364F96BAC: The snapshot info is null. Setting the last applied indexto:(t:0, i:~)
2019-09-12 13:10:34,069 [pool-47-thread-1] INFO  ratis.ContainerStateMachine (ContainerStateMachine.java:loadSnapshot(230)) - group-632364F96BAC: The snapshot info is null. Setting the last applied indexto:(t:0, i:~)
2019-09-12 13:10:34,069 [pool-87-thread-1] INFO  server.RaftServerConfigKeys (ConfUtils.java:logGet(43)) - raft.server.notification.no-leader.timeout = 120s (custom)
2019-09-12 13:10:34,069 [pool-67-thread-1] INFO  ratis.ContainerStateMachine (ContainerStateMachine.java:loadSnapshot(230)) - group-632364F96BAC: The snapshot info is null. Setting the last applied indexto:(t:0, i:~)
2019-09-12 13:10:34,070 [pool-87-thread-1] INFO  server.RaftServerConfigKeys (ConfUtils.java:logGet(43)) - raft.server.log.use.memory = false (default)
2019-09-12 13:10:34,069 [pool-47-thread-1] INFO  server.RaftServerConfigKeys (ConfUtils.java:logGet(43)) - raft.server.notification.no-leader.timeout = 120s (custom)
2019-09-12 13:10:34,070 [pool-87-thread-1] INFO  server.RaftServerConfigKeys (ConfUtils.java:logGet(43)) - raft.server.log.purge.gap = 1000000 (custom)
2019-09-12 13:10:34,070 [pool-67-thread-1] INFO  server.RaftServerConfigKeys (ConfUtils.java:logGet(43)) - raft.server.notification.no-leader.timeout = 120s (custom)
2019-09-12 13:10:34,070 [pool-87-thread-1] INFO  server.RaftServerConfigKeys (ConfUtils.java:logGet(43)) - raft.server.log.appender.buffer.byte-limit = 33554432 (custom)
2019-09-12 13:10:34,070 [pool-47-thread-1] INFO  server.RaftServerConfigKeys (ConfUtils.java:logGet(43)) - raft.server.log.use.memory = false (default)
2019-09-12 13:10:34,070 [pool-87-thread-1] INFO  server.RaftServerConfigKeys (ConfUtils.java:logGet(43)) - raft.server.log.segment.size.max = 1048576 (custom)
2019-09-12 13:10:34,070 [pool-67-thread-1] INFO  server.RaftServerConfigKeys (ConfUtils.java:logGet(43)) - raft.server.log.use.memory = false (default)
2019-09-12 13:10:34,071 [pool-87-thread-1] INFO  server.RaftServerConfigKeys (ConfUtils.java:logGet(43)) - raft.server.log.segment.cache.num.max = 2 (custom)
2019-09-12 13:10:34,070 [pool-47-thread-1] INFO  server.RaftServerConfigKeys (ConfUtils.java:logGet(43)) - raft.server.log.purge.gap = 1000000 (custom)
2019-09-12 13:10:34,071 [pool-87-thread-1] INFO  segmented.SegmentedRaftLogWorker (SegmentedRaftLogWorker.java:<init>(172)) - new e2c05a36-c8a2-43f6-9f8f-11b9e2d7f4b8@group-632364F96BAC-SegmentedRaftLogWorker for RaftStorage:Storage Directory /workdir/hadoop-ozone/integration-test/target/test-dir/MiniOzoneClusterImpl-03275018-1bf5-4a9a-9ddc-ea2af4b584a8/datanode-6/data/ratis/cdc0d860-9404-4241-b616-632364f96bac
2019-09-12 13:10:34,071 [pool-67-thread-1] INFO  server.RaftServerConfigKeys (ConfUtils.java:logGet(43)) - raft.server.log.purge.gap = 1000000 (custom)
2019-09-12 13:10:34,071 [pool-47-thread-1] INFO  server.RaftServerConfigKeys (ConfUtils.java:logGet(43)) - raft.server.log.appender.buffer.byte-limit = 33554432 (custom)
2019-09-12 13:10:34,071 [pool-87-thread-1] INFO  server.RaftServerConfigKeys (ConfUtils.java:logGet(43)) - raft.server.log.queue.byte-limit = 2147483647 (custom)
2019-09-12 13:10:34,071 [pool-67-thread-1] INFO  server.RaftServerConfigKeys (ConfUtils.java:logGet(43)) - raft.server.log.appender.buffer.byte-limit = 33554432 (custom)
2019-09-12 13:10:34,072 [pool-87-thread-1] INFO  server.RaftServerConfigKeys (ConfUtils.java:logGet(43)) - raft.server.log.queue.element-limit = 1024 (custom)
2019-09-12 13:10:34,071 [pool-47-thread-1] INFO  server.RaftServerConfigKeys (ConfUtils.java:logGet(43)) - raft.server.log.segment.size.max = 1048576 (custom)
2019-09-12 13:10:34,072 [pool-87-thread-1] INFO  server.RaftServerConfigKeys (ConfUtils.java:logGet(43)) - raft.server.log.segment.size.max = 1048576 (custom)
2019-09-12 13:10:34,072 [pool-67-thread-1] INFO  server.RaftServerConfigKeys (ConfUtils.java:logGet(43)) - raft.server.log.segment.size.max = 1048576 (custom)
2019-09-12 13:10:34,072 [pool-87-thread-1] INFO  server.RaftServerConfigKeys (ConfUtils.java:logGet(43)) - raft.server.log.preallocated.size = 16384 (custom)
2019-09-12 13:10:34,072 [pool-47-thread-1] INFO  server.RaftServerConfigKeys (ConfUtils.java:logGet(43)) - raft.server.log.segment.cache.num.max = 2 (custom)
2019-09-12 13:10:34,072 [pool-87-thread-1] INFO  server.RaftServerConfigKeys (ConfUtils.java:logGet(43)) - raft.server.log.write.buffer.size = 33554432 (custom)
2019-09-12 13:10:34,072 [pool-67-thread-1] INFO  server.RaftServerConfigKeys (ConfUtils.java:logGet(43)) - raft.server.log.segment.cache.num.max = 2 (custom)
2019-09-12 13:10:34,073 [pool-87-thread-1] INFO  server.RaftServerConfigKeys (ConfUtils.java:logGet(43)) - raft.server.log.force.sync.num = 128 (default)
2019-09-12 13:10:34,072 [pool-47-thread-1] INFO  segmented.SegmentedRaftLogWorker (SegmentedRaftLogWorker.java:<init>(172)) - new 5d275853-b846-4f86-bc5b-0ba421435051@group-632364F96BAC-SegmentedRaftLogWorker for RaftStorage:Storage Directory /workdir/hadoop-ozone/integration-test/target/test-dir/MiniOzoneClusterImpl-03275018-1bf5-4a9a-9ddc-ea2af4b584a8/datanode-2/data/ratis/cdc0d860-9404-4241-b616-632364f96bac
2019-09-12 13:10:34,073 [pool-87-thread-1] INFO  server.RaftServerConfigKeys (ConfUtils.java:logGet(43)) - raft.server.log.statemachine.data.sync = true (default)
2019-09-12 13:10:34,073 [pool-67-thread-1] INFO  segmented.SegmentedRaftLogWorker (SegmentedRaftLogWorker.java:<init>(172)) - new bd0b0c89-cb45-482d-bed2-ad92fc2d5050@group-632364F96BAC-SegmentedRaftLogWorker for RaftStorage:Storage Directory /workdir/hadoop-ozone/integration-test/target/test-dir/MiniOzoneClusterImpl-03275018-1bf5-4a9a-9ddc-ea2af4b584a8/datanode-4/data/ratis/cdc0d860-9404-4241-b616-632364f96bac
2019-09-12 13:10:34,073 [pool-87-thread-1] INFO  server.RaftServerConfigKeys (ConfUtils.java:logGet(43)) - raft.server.log.statemachine.data.sync.timeout = 10s (default)
2019-09-12 13:10:34,073 [pool-47-thread-1] INFO  server.RaftServerConfigKeys (ConfUtils.java:logGet(43)) - raft.server.log.queue.byte-limit = 2147483647 (custom)
2019-09-12 13:10:34,073 [pool-87-thread-1] INFO  server.RaftServerConfigKeys (ConfUtils.java:logGet(43)) - raft.server.log.statemachine.data.sync.timeout.retry = -1 (default)
2019-09-12 13:10:34,073 [pool-67-thread-1] INFO  server.RaftServerConfigKeys (ConfUtils.java:logGet(43)) - raft.server.log.queue.byte-limit = 2147483647 (custom)
2019-09-12 13:10:34,074 [pool-87-thread-1] INFO  server.RaftServerConfigKeys (ConfUtils.java:logGet(43)) - raft.server.log.statemachine.data.caching.enabled = true (custom)
2019-09-12 13:10:34,074 [pool-47-thread-1] INFO  server.RaftServerConfigKeys (ConfUtils.java:logGet(43)) - raft.server.log.queue.element-limit = 1024 (custom)
2019-09-12 13:10:34,074 [pool-67-thread-1] INFO  server.RaftServerConfigKeys (ConfUtils.java:logGet(43)) - raft.server.log.queue.element-limit = 1024 (custom)
2019-09-12 13:10:34,074 [pool-47-thread-1] INFO  server.RaftServerConfigKeys (ConfUtils.java:logGet(43)) - raft.server.log.segment.size.max = 1048576 (custom)
2019-09-12 13:10:34,074 [pool-87-thread-1] INFO  segmented.SegmentedRaftLogWorker (SegmentedRaftLogWorker.java:lambda$new$0(132)) - e2c05a36-c8a2-43f6-9f8f-11b9e2d7f4b8@group-632364F96BAC-SegmentedRaftLogWorker: flushIndex: setUnconditionally 0 -> -1
2019-09-12 13:10:34,074 [pool-67-thread-1] INFO  server.RaftServerConfigKeys (ConfUtils.java:logGet(43)) - raft.server.log.segment.size.max = 1048576 (custom)
2019-09-12 13:10:34,074 [pool-47-thread-1] INFO  server.RaftServerConfigKeys (ConfUtils.java:logGet(43)) - raft.server.log.preallocated.size = 16384 (custom)
2019-09-12 13:10:34,075 [pool-67-thread-1] INFO  server.RaftServerConfigKeys (ConfUtils.java:logGet(43)) - raft.server.log.preallocated.size = 16384 (custom)
2019-09-12 13:10:34,075 [pool-47-thread-1] INFO  server.RaftServerConfigKeys (ConfUtils.java:logGet(43)) - raft.server.log.write.buffer.size = 33554432 (custom)
2019-09-12 13:10:34,075 [pool-87-thread-1] INFO  server.RaftServerConfigKeys (ConfUtils.java:logGet(43)) - raft.server.snapshot.auto.trigger.enabled = true (custom)
2019-09-12 13:10:34,075 [pool-47-thread-1] INFO  server.RaftServerConfigKeys (ConfUtils.java:logGet(43)) - raft.server.log.force.sync.num = 128 (default)
2019-09-12 13:10:34,075 [pool-67-thread-1] INFO  server.RaftServerConfigKeys (ConfUtils.java:logGet(43)) - raft.server.log.write.buffer.size = 33554432 (custom)
2019-09-12 13:10:34,075 [pool-47-thread-1] INFO  server.RaftServerConfigKeys (ConfUtils.java:logGet(43)) - raft.server.log.statemachine.data.sync = true (default)
2019-09-12 13:10:34,075 [pool-87-thread-1] INFO  server.RaftServerConfigKeys (ConfUtils.java:logGet(43)) - raft.server.snapshot.auto.trigger.threshold = 10000 (custom)
2019-09-12 13:10:34,076 [pool-47-thread-1] INFO  server.RaftServerConfigKeys (ConfUtils.java:logGet(43)) - raft.server.log.statemachine.data.sync.timeout = 10s (default)
2019-09-12 13:10:34,075 [pool-67-thread-1] INFO  server.RaftServerConfigKeys (ConfUtils.java:logGet(43)) - raft.server.log.force.sync.num = 128 (default)
2019-09-12 13:10:34,076 [pool-47-thread-1] INFO  server.RaftServerConfigKeys (ConfUtils.java:logGet(43)) - raft.server.log.statemachine.data.sync.timeout.retry = -1 (default)
2019-09-12 13:10:34,076 [pool-87-thread-1] INFO  server.RaftServerConfigKeys (ConfUtils.java:logGet(43)) - raft.server.snapshot.retention.num.files = -1 (default)
2019-09-12 13:10:34,076 [pool-47-thread-1] INFO  server.RaftServerConfigKeys (ConfUtils.java:logGet(43)) - raft.server.log.statemachine.data.caching.enabled = true (custom)
2019-09-12 13:10:34,076 [pool-67-thread-1] INFO  server.RaftServerConfigKeys (ConfUtils.java:logGet(43)) - raft.server.log.statemachine.data.sync = true (default)
2019-09-12 13:10:34,076 [pool-87-thread-1] INFO  server.RaftServerConfigKeys (ConfUtils.java:logGet(43)) - raft.server.retrycache.expirytime = 600000ms (custom)
2019-09-12 13:10:34,076 [pool-47-thread-1] INFO  segmented.SegmentedRaftLogWorker (SegmentedRaftLogWorker.java:lambda$new$0(132)) - 5d275853-b846-4f86-bc5b-0ba421435051@group-632364F96BAC-SegmentedRaftLogWorker: flushIndex: setUnconditionally 0 -> -1
2019-09-12 13:10:34,076 [pool-67-thread-1] INFO  server.RaftServerConfigKeys (ConfUtils.java:logGet(43)) - raft.server.log.statemachine.data.sync.timeout = 10s (default)
2019-09-12 13:10:34,077 [pool-67-thread-1] INFO  server.RaftServerConfigKeys (ConfUtils.java:logGet(43)) - raft.server.log.statemachine.data.sync.timeout.retry = -1 (default)
2019-09-12 13:10:34,077 [pool-47-thread-1] INFO  server.RaftServerConfigKeys (ConfUtils.java:logGet(43)) - raft.server.snapshot.auto.trigger.enabled = true (custom)
2019-09-12 13:10:34,077 [pool-67-thread-1] INFO  server.RaftServerConfigKeys (ConfUtils.java:logGet(43)) - raft.server.log.statemachine.data.caching.enabled = true (custom)
2019-09-12 13:10:34,077 [pool-47-thread-1] INFO  server.RaftServerConfigKeys (ConfUtils.java:logGet(43)) - raft.server.snapshot.auto.trigger.threshold = 10000 (custom)
2019-09-12 13:10:34,077 [pool-67-thread-1] INFO  segmented.SegmentedRaftLogWorker (SegmentedRaftLogWorker.java:lambda$new$0(132)) - bd0b0c89-cb45-482d-bed2-ad92fc2d5050@group-632364F96BAC-SegmentedRaftLogWorker: flushIndex: setUnconditionally 0 -> -1
2019-09-12 13:10:34,077 [pool-47-thread-1] INFO  server.RaftServerConfigKeys (ConfUtils.java:logGet(43)) - raft.server.snapshot.retention.num.files = -1 (default)
2019-09-12 13:10:34,077 [pool-67-thread-1] INFO  server.RaftServerConfigKeys (ConfUtils.java:logGet(43)) - raft.server.snapshot.auto.trigger.enabled = true (custom)
2019-09-12 13:10:34,077 [pool-47-thread-1] INFO  server.RaftServerConfigKeys (ConfUtils.java:logGet(43)) - raft.server.retrycache.expirytime = 600000ms (custom)
2019-09-12 13:10:34,077 [pool-67-thread-1] INFO  server.RaftServerConfigKeys (ConfUtils.java:logGet(43)) - raft.server.snapshot.auto.trigger.threshold = 10000 (custom)
2019-09-12 13:10:34,078 [pool-67-thread-1] INFO  server.RaftServerConfigKeys (ConfUtils.java:logGet(43)) - raft.server.snapshot.retention.num.files = -1 (default)
2019-09-12 13:10:34,078 [pool-67-thread-1] INFO  server.RaftServerConfigKeys (ConfUtils.java:logGet(43)) - raft.server.retrycache.expirytime = 600000ms (custom)
2019-09-12 13:10:34,081 [pool-47-thread-1] INFO  impl.RaftServerImpl (RaftServerImpl.java:start(185)) - 5d275853-b846-4f86-bc5b-0ba421435051@group-632364F96BAC: start as a follower, conf=-1: [5d275853-b846-4f86-bc5b-0ba421435051:192.168.34.38:43235, bd0b0c89-cb45-482d-bed2-ad92fc2d5050:192.168.34.38:37420, e2c05a36-c8a2-43f6-9f8f-11b9e2d7f4b8:192.168.34.38:45758], old=null
2019-09-12 13:10:34,081 [pool-87-thread-1] INFO  impl.RaftServerImpl (RaftServerImpl.java:start(185)) - e2c05a36-c8a2-43f6-9f8f-11b9e2d7f4b8@group-632364F96BAC: start as a follower, conf=-1: [5d275853-b846-4f86-bc5b-0ba421435051:192.168.34.38:43235, bd0b0c89-cb45-482d-bed2-ad92fc2d5050:192.168.34.38:37420, e2c05a36-c8a2-43f6-9f8f-11b9e2d7f4b8:192.168.34.38:45758], old=null
2019-09-12 13:10:34,081 [pool-67-thread-1] INFO  impl.RaftServerImpl (RaftServerImpl.java:start(185)) - bd0b0c89-cb45-482d-bed2-ad92fc2d5050@group-632364F96BAC: start as a follower, conf=-1: [5d275853-b846-4f86-bc5b-0ba421435051:192.168.34.38:43235, bd0b0c89-cb45-482d-bed2-ad92fc2d5050:192.168.34.38:37420, e2c05a36-c8a2-43f6-9f8f-11b9e2d7f4b8:192.168.34.38:45758], old=null
2019-09-12 13:10:34,082 [pool-87-thread-1] INFO  impl.RaftServerImpl (RaftServerImpl.java:setRole(174)) - e2c05a36-c8a2-43f6-9f8f-11b9e2d7f4b8@group-632364F96BAC: changes role from      null to FOLLOWER at term 0 for startAsFollower
2019-09-12 13:10:34,081 [pool-47-thread-1] INFO  impl.RaftServerImpl (RaftServerImpl.java:setRole(174)) - 5d275853-b846-4f86-bc5b-0ba421435051@group-632364F96BAC: changes role from      null to FOLLOWER at term 0 for startAsFollower
2019-09-12 13:10:34,082 [pool-87-thread-1] INFO  impl.RoleInfo (RoleInfo.java:updateAndGet(143)) - e2c05a36-c8a2-43f6-9f8f-11b9e2d7f4b8: start FollowerState
2019-09-12 13:10:34,082 [pool-67-thread-1] INFO  impl.RaftServerImpl (RaftServerImpl.java:setRole(174)) - bd0b0c89-cb45-482d-bed2-ad92fc2d5050@group-632364F96BAC: changes role from      null to FOLLOWER at term 0 for startAsFollower
2019-09-12 13:10:34,082 [pool-47-thread-1] INFO  impl.RoleInfo (RoleInfo.java:updateAndGet(143)) - 5d275853-b846-4f86-bc5b-0ba421435051: start FollowerState
2019-09-12 13:10:34,082 [pool-67-thread-1] INFO  impl.RoleInfo (RoleInfo.java:updateAndGet(143)) - bd0b0c89-cb45-482d-bed2-ad92fc2d5050: start FollowerState
2019-09-12 13:10:34,082 [pool-47-thread-1] INFO  util.JmxRegister (JmxRegister.java:tryRegister(44)) - Successfully registered JMX Bean with object name Ratis:service=RaftServer,group=group-632364F96BAC,id=5d275853-b846-4f86-bc5b-0ba421435051
2019-09-12 13:10:34,082 [pool-67-thread-1] INFO  util.JmxRegister (JmxRegister.java:tryRegister(44)) - Successfully registered JMX Bean with object name Ratis:service=RaftServer,group=group-632364F96BAC,id=bd0b0c89-cb45-482d-bed2-ad92fc2d5050
2019-09-12 13:10:34,082 [pool-87-thread-1] INFO  util.JmxRegister (JmxRegister.java:tryRegister(44)) - Successfully registered JMX Bean with object name Ratis:service=RaftServer,group=group-632364F96BAC,id=e2c05a36-c8a2-43f6-9f8f-11b9e2d7f4b8
2019-09-12 13:10:34,089 [RatisPipelineUtilsThread] INFO  pipeline.PipelineStateManager (PipelineStateManager.java:addPipeline(56)) - Created pipeline Pipeline[ Id: cdc0d860-9404-4241-b616-632364f96bac, Nodes: bd0b0c89-cb45-482d-bed2-ad92fc2d5050{ip: 192.168.34.38, host: pr-hdds-2007-65vhz-3510356991, networkLocation: /default-rack, certSerialId: null}5d275853-b846-4f86-bc5b-0ba421435051{ip: 192.168.34.38, host: pr-hdds-2007-65vhz-3510356991, networkLocation: /default-rack, certSerialId: null}e2c05a36-c8a2-43f6-9f8f-11b9e2d7f4b8{ip: 192.168.34.38, host: pr-hdds-2007-65vhz-3510356991, networkLocation: /default-rack, certSerialId: null}, Type:RATIS, Factor:THREE, State:OPEN]
2019-09-12 13:10:34,711 [main] WARN  io.KeyOutputStream (KeyOutputStream.java:handleException(276)) - Encountered exception java.io.IOException: Unexpected Storage Container Exception: java.util.concurrent.CompletionException: java.util.concurrent.CompletionException: org.apache.ratis.protocol.GroupMismatchException: e2c05a36-c8a2-43f6-9f8f-11b9e2d7f4b8: group-203775717D2F not found. on the pipeline Pipeline[ Id: 7700c51d-9357-46f7-9d29-203775717d2f, Nodes: bd0b0c89-cb45-482d-bed2-ad92fc2d5050{ip: 192.168.34.38, host: pr-hdds-2007-65vhz-3510356991, networkLocation: /default-rack, certSerialId: null}5d275853-b846-4f86-bc5b-0ba421435051{ip: 192.168.34.38, host: pr-hdds-2007-65vhz-3510356991, networkLocation: /default-rack, certSerialId: null}e2c05a36-c8a2-43f6-9f8f-11b9e2d7f4b8{ip: 192.168.34.38, host: pr-hdds-2007-65vhz-3510356991, networkLocation: /default-rack, certSerialId: null}, Type:RATIS, Factor:THREE, State:OPEN]. The last committed block length is 0, uncommitted data length is 150 retry count 0
2019-09-12 13:10:34,775 [grpc-default-executor-1] INFO  client.GrpcClientProtocolClient (GrpcClientProtocolClient.java:onNext(264)) - client-BDAEC2693858->398b50df-cdaa-4e1b-b32c-4c6ed0083aaf: receive RaftClientReply:client-BDAEC2693858->398b50df-cdaa-4e1b-b32c-4c6ed0083aaf@group-2679EB29DCDF, cid=30, FAILED org.apache.ratis.protocol.NotLeaderException: Server 398b50df-cdaa-4e1b-b32c-4c6ed0083aaf@group-2679EB29DCDF is not the leader b12fb8a7-710d-4c3e-812a-0e86e46484d7:192.168.34.38:33689, logIndex=0, commits[398b50df-cdaa-4e1b-b32c-4c6ed0083aaf:c6, b12fb8a7-710d-4c3e-812a-0e86e46484d7:c6, 76bba12e-2f74-4525-959f-7a651f40206a:c6]
2019-09-12 13:10:34,889 [grpc-default-executor-1] INFO  client.GrpcClientProtocolClient (GrpcClientProtocolClient.java:onNext(264)) - client-BDAEC2693858->b12fb8a7-710d-4c3e-812a-0e86e46484d7: receive RaftClientReply:client-BDAEC2693858->b12fb8a7-710d-4c3e-812a-0e86e46484d7@group-2679EB29DCDF, cid=30, SUCCESS, logIndex=7, commits[b12fb8a7-710d-4c3e-812a-0e86e46484d7:c7, 398b50df-cdaa-4e1b-b32c-4c6ed0083aaf:c6, 76bba12e-2f74-4525-959f-7a651f40206a:c6]
2019-09-12 13:10:34,913 [grpc-default-executor-5] INFO  client.GrpcClientProtocolClient (GrpcClientProtocolClient.java:onNext(264)) - client-BDAEC2693858->b12fb8a7-710d-4c3e-812a-0e86e46484d7: receive RaftClientReply:client-BDAEC2693858->b12fb8a7-710d-4c3e-812a-0e86e46484d7@group-2679EB29DCDF, cid=31, SUCCESS, logIndex=9, commits[b12fb8a7-710d-4c3e-812a-0e86e46484d7:c10, 398b50df-cdaa-4e1b-b32c-4c6ed0083aaf:c7, 76bba12e-2f74-4525-959f-7a651f40206a:c7]
2019-09-12 13:10:34,945 [grpc-default-executor-5] INFO  client.GrpcClientProtocolClient (GrpcClientProtocolClient.java:onNext(264)) - client-BDAEC2693858->b12fb8a7-710d-4c3e-812a-0e86e46484d7: receive RaftClientReply:client-BDAEC2693858->b12fb8a7-710d-4c3e-812a-0e86e46484d7@group-2679EB29DCDF, cid=32, SUCCESS, logIndex=10, commits[b12fb8a7-710d-4c3e-812a-0e86e46484d7:c12, 398b50df-cdaa-4e1b-b32c-4c6ed0083aaf:c10, 76bba12e-2f74-4525-959f-7a651f40206a:c10]
]]></system-out>
  </testcase>
  <testcase name="testFullBufferCondition" classname="org.apache.hadoop.ozone.client.rpc.TestBlockOutputStream" time="188.974">
    <failure type="java.lang.AssertionError">java.lang.AssertionError
	at org.junit.Assert.fail(Assert.java:86)
	at org.junit.Assert.assertTrue(Assert.java:41)
	at org.junit.Assert.assertTrue(Assert.java:52)
	at org.apache.hadoop.ozone.client.rpc.TestBlockOutputStream.testFullBufferCondition(TestBlockOutputStream.java:515)
	at sun.reflect.NativeMethodAccessorImpl.invoke0(Native Method)
	at sun.reflect.NativeMethodAccessorImpl.invoke(NativeMethodAccessorImpl.java:62)
	at sun.reflect.DelegatingMethodAccessorImpl.invoke(DelegatingMethodAccessorImpl.java:43)
	at java.lang.reflect.Method.invoke(Method.java:498)
	at org.junit.runners.model.FrameworkMethod$1.runReflectiveCall(FrameworkMethod.java:47)
	at org.junit.internal.runners.model.ReflectiveCallable.run(ReflectiveCallable.java:12)
	at org.junit.runners.model.FrameworkMethod.invokeExplosively(FrameworkMethod.java:44)
	at org.junit.internal.runners.statements.InvokeMethod.evaluate(InvokeMethod.java:17)
	at org.junit.runners.ParentRunner.runLeaf(ParentRunner.java:271)
	at org.junit.runners.BlockJUnit4ClassRunner.runChild(BlockJUnit4ClassRunner.java:70)
	at org.junit.runners.BlockJUnit4ClassRunner.runChild(BlockJUnit4ClassRunner.java:50)
	at org.junit.runners.ParentRunner$3.run(ParentRunner.java:238)
	at org.junit.runners.ParentRunner$1.schedule(ParentRunner.java:63)
	at org.junit.runners.ParentRunner.runChildren(ParentRunner.java:236)
	at org.junit.runners.ParentRunner.access$000(ParentRunner.java:53)
	at org.junit.runners.ParentRunner$2.evaluate(ParentRunner.java:229)
	at org.junit.internal.runners.statements.RunBefores.evaluate(RunBefores.java:26)
	at org.junit.internal.runners.statements.RunAfters.evaluate(RunAfters.java:27)
	at org.junit.runners.ParentRunner.run(ParentRunner.java:309)
	at org.apache.maven.surefire.junit4.JUnit4Provider.execute(JUnit4Provider.java:365)
	at org.apache.maven.surefire.junit4.JUnit4Provider.executeWithRerun(JUnit4Provider.java:273)
	at org.apache.maven.surefire.junit4.JUnit4Provider.executeTestSet(JUnit4Provider.java:238)
	at org.apache.maven.surefire.junit4.JUnit4Provider.invoke(JUnit4Provider.java:159)
	at org.apache.maven.surefire.booter.ForkedBooter.invokeProviderInSameClassLoader(ForkedBooter.java:384)
	at org.apache.maven.surefire.booter.ForkedBooter.runSuitesInProcess(ForkedBooter.java:345)
	at org.apache.maven.surefire.booter.ForkedBooter.execute(ForkedBooter.java:126)
	at org.apache.maven.surefire.booter.ForkedBooter.main(ForkedBooter.java:418)
</failure>
    <system-out><![CDATA[2019-09-12 13:10:36,566 [grpc-default-executor-3] INFO  impl.RaftServerProxy (RaftServerProxy.java:remove(95)) - bd0b0c89-cb45-482d-bed2-ad92fc2d5050: remove group-203775717D2F:null
2019-09-12 13:10:36,576 [RatisPipelineUtilsThread] WARN  pipeline.RatisPipelineUtils (RatisPipelineUtils.java:destroyPipeline(66)) - Pipeline destroy failed for pipeline=PipelineID=7700c51d-9357-46f7-9d29-203775717d2f dn=bd0b0c89-cb45-482d-bed2-ad92fc2d5050{ip: 192.168.34.38, host: pr-hdds-2007-65vhz-3510356991, networkLocation: /default-rack, certSerialId: null}
2019-09-12 13:10:36,587 [grpc-default-executor-3] INFO  impl.RaftServerProxy (RaftServerProxy.java:remove(95)) - 5d275853-b846-4f86-bc5b-0ba421435051: remove group-203775717D2F:null
2019-09-12 13:10:36,595 [RatisPipelineUtilsThread] WARN  pipeline.RatisPipelineUtils (RatisPipelineUtils.java:destroyPipeline(66)) - Pipeline destroy failed for pipeline=PipelineID=7700c51d-9357-46f7-9d29-203775717d2f dn=5d275853-b846-4f86-bc5b-0ba421435051{ip: 192.168.34.38, host: pr-hdds-2007-65vhz-3510356991, networkLocation: /default-rack, certSerialId: null}
2019-09-12 13:10:36,615 [grpc-default-executor-3] INFO  impl.RaftServerProxy (RaftServerProxy.java:remove(95)) - e2c05a36-c8a2-43f6-9f8f-11b9e2d7f4b8: remove group-203775717D2F:null
2019-09-12 13:10:36,624 [RatisPipelineUtilsThread] WARN  pipeline.RatisPipelineUtils (RatisPipelineUtils.java:destroyPipeline(66)) - Pipeline destroy failed for pipeline=PipelineID=7700c51d-9357-46f7-9d29-203775717d2f dn=e2c05a36-c8a2-43f6-9f8f-11b9e2d7f4b8{ip: 192.168.34.38, host: pr-hdds-2007-65vhz-3510356991, networkLocation: /default-rack, certSerialId: null}
2019-09-12 13:10:36,625 [RatisPipelineUtilsThread] ERROR pipeline.SCMPipelineManager (Scheduler.java:lambda$schedule$1(70)) - Destroy pipeline failed for pipeline:Pipeline[ Id: 7700c51d-9357-46f7-9d29-203775717d2f, Nodes: bd0b0c89-cb45-482d-bed2-ad92fc2d5050{ip: 192.168.34.38, host: pr-hdds-2007-65vhz-3510356991, networkLocation: /default-rack, certSerialId: null}5d275853-b846-4f86-bc5b-0ba421435051{ip: 192.168.34.38, host: pr-hdds-2007-65vhz-3510356991, networkLocation: /default-rack, certSerialId: null}e2c05a36-c8a2-43f6-9f8f-11b9e2d7f4b8{ip: 192.168.34.38, host: pr-hdds-2007-65vhz-3510356991, networkLocation: /default-rack, certSerialId: null}, Type:RATIS, Factor:THREE, State:CLOSED]
org.apache.hadoop.hdds.scm.pipeline.PipelineNotFoundException: PipelineID=7700c51d-9357-46f7-9d29-203775717d2f not found
	at org.apache.hadoop.hdds.scm.pipeline.PipelineStateMap.getPipeline(PipelineStateMap.java:132)
	at org.apache.hadoop.hdds.scm.pipeline.PipelineStateMap.removePipeline(PipelineStateMap.java:322)
	at org.apache.hadoop.hdds.scm.pipeline.PipelineStateManager.removePipeline(PipelineStateManager.java:107)
	at org.apache.hadoop.hdds.scm.pipeline.SCMPipelineManager.removePipeline(SCMPipelineManager.java:423)
	at org.apache.hadoop.hdds.scm.pipeline.SCMPipelineManager.destroyPipeline(SCMPipelineManager.java:409)
	at org.apache.hadoop.hdds.scm.pipeline.SCMPipelineManager.lambda$finalizeAndDestroyPipeline$0(SCMPipelineManager.java:318)
	at org.apache.hadoop.utils.Scheduler.lambda$schedule$1(Scheduler.java:68)
	at java.util.concurrent.Executors$RunnableAdapter.call(Executors.java:511)
	at java.util.concurrent.FutureTask.run(FutureTask.java:266)
	at java.util.concurrent.ScheduledThreadPoolExecutor$ScheduledFutureTask.access$201(ScheduledThreadPoolExecutor.java:180)
	at java.util.concurrent.ScheduledThreadPoolExecutor$ScheduledFutureTask.run(ScheduledThreadPoolExecutor.java:293)
	at java.util.concurrent.ThreadPoolExecutor.runWorker(ThreadPoolExecutor.java:1149)
	at java.util.concurrent.ThreadPoolExecutor$Worker.run(ThreadPoolExecutor.java:624)
	at java.lang.Thread.run(Thread.java:748)
2019-09-12 13:10:37,970 [java.util.concurrent.ThreadPoolExecutor$Worker@5c82ddc3[State = -1, empty queue]] WARN  server.GrpcLogAppender (GrpcLogAppender.java:timeoutAppendRequest(200)) - b12fb8a7-710d-4c3e-812a-0e86e46484d7@group-2679EB29DCDF->76bba12e-2f74-4525-959f-7a651f40206a-GrpcLogAppender: appendEntries Timeout, request=b12fb8a7-710d-4c3e-812a-0e86e46484d7->76bba12e-2f74-4525-959f-7a651f40206a#89-t1, previous=(t:1, i:12), leaderCommit=12, initializing? false, entries: size=1, first=(t:1, i:13), STATEMACHINELOGENTRY, client-BDAEC2693858, cid=33
2019-09-12 13:10:37,970 [java.util.concurrent.ThreadPoolExecutor$Worker@558b229d[State = -1, empty queue]] WARN  server.GrpcLogAppender (GrpcLogAppender.java:timeoutAppendRequest(200)) - b12fb8a7-710d-4c3e-812a-0e86e46484d7@group-2679EB29DCDF->398b50df-cdaa-4e1b-b32c-4c6ed0083aaf-GrpcLogAppender: appendEntries Timeout, request=b12fb8a7-710d-4c3e-812a-0e86e46484d7->398b50df-cdaa-4e1b-b32c-4c6ed0083aaf#89-t1, previous=(t:1, i:12), leaderCommit=12, initializing? false, entries: size=1, first=(t:1, i:13), STATEMACHINELOGENTRY, client-BDAEC2693858, cid=33
2019-09-12 13:10:37,971 [java.util.concurrent.ThreadPoolExecutor$Worker@5c82ddc3[State = -1, empty queue]] WARN  server.GrpcLogAppender (GrpcLogAppender.java:timeoutAppendRequest(200)) - b12fb8a7-710d-4c3e-812a-0e86e46484d7@group-2679EB29DCDF->76bba12e-2f74-4525-959f-7a651f40206a-GrpcLogAppender: appendEntries Timeout, request=b12fb8a7-710d-4c3e-812a-0e86e46484d7->76bba12e-2f74-4525-959f-7a651f40206a#90-t1, previous=(t:1, i:13), leaderCommit=12, initializing? false, entries: size=1, first=(t:1, i:14), STATEMACHINELOGENTRY, client-BDAEC2693858, cid=34
2019-09-12 13:10:37,972 [java.util.concurrent.ThreadPoolExecutor$Worker@558b229d[State = -1, empty queue]] WARN  server.GrpcLogAppender (GrpcLogAppender.java:timeoutAppendRequest(200)) - b12fb8a7-710d-4c3e-812a-0e86e46484d7@group-2679EB29DCDF->398b50df-cdaa-4e1b-b32c-4c6ed0083aaf-GrpcLogAppender: appendEntries Timeout, request=b12fb8a7-710d-4c3e-812a-0e86e46484d7->398b50df-cdaa-4e1b-b32c-4c6ed0083aaf#90-t1, previous=(t:1, i:13), leaderCommit=12, initializing? false, entries: size=1, first=(t:1, i:14), STATEMACHINELOGENTRY, client-BDAEC2693858, cid=34
2019-09-12 13:10:37,972 [java.util.concurrent.ThreadPoolExecutor$Worker@5c82ddc3[State = -1, empty queue]] WARN  server.GrpcLogAppender (GrpcLogAppender.java:timeoutAppendRequest(200)) - b12fb8a7-710d-4c3e-812a-0e86e46484d7@group-2679EB29DCDF->76bba12e-2f74-4525-959f-7a651f40206a-GrpcLogAppender: appendEntries Timeout, request=b12fb8a7-710d-4c3e-812a-0e86e46484d7->76bba12e-2f74-4525-959f-7a651f40206a#91-t1, previous=(t:1, i:14), leaderCommit=12, initializing? false, entries: size=1, first=(t:1, i:15), STATEMACHINELOGENTRY, client-BDAEC2693858, cid=35
2019-09-12 13:10:37,972 [java.util.concurrent.ThreadPoolExecutor$Worker@558b229d[State = -1, empty queue]] WARN  server.GrpcLogAppender (GrpcLogAppender.java:timeoutAppendRequest(200)) - b12fb8a7-710d-4c3e-812a-0e86e46484d7@group-2679EB29DCDF->398b50df-cdaa-4e1b-b32c-4c6ed0083aaf-GrpcLogAppender: appendEntries Timeout, request=b12fb8a7-710d-4c3e-812a-0e86e46484d7->398b50df-cdaa-4e1b-b32c-4c6ed0083aaf#91-t1, previous=(t:1, i:14), leaderCommit=12, initializing? false, entries: size=1, first=(t:1, i:15), STATEMACHINELOGENTRY, client-BDAEC2693858, cid=35
2019-09-12 13:10:37,973 [java.util.concurrent.ThreadPoolExecutor$Worker@558b229d[State = -1, empty queue]] WARN  server.GrpcLogAppender (GrpcLogAppender.java:timeoutAppendRequest(200)) - b12fb8a7-710d-4c3e-812a-0e86e46484d7@group-2679EB29DCDF->398b50df-cdaa-4e1b-b32c-4c6ed0083aaf-GrpcLogAppender: appendEntries Timeout, request=b12fb8a7-710d-4c3e-812a-0e86e46484d7->398b50df-cdaa-4e1b-b32c-4c6ed0083aaf#92-t1, previous=(t:1, i:15), leaderCommit=12, initializing? false, entries: size=1, first=(t:1, i:16), STATEMACHINELOGENTRY, client-BDAEC2693858, cid=36
2019-09-12 13:10:37,973 [java.util.concurrent.ThreadPoolExecutor$Worker@5c82ddc3[State = -1, empty queue]] WARN  server.GrpcLogAppender (GrpcLogAppender.java:timeoutAppendRequest(200)) - b12fb8a7-710d-4c3e-812a-0e86e46484d7@group-2679EB29DCDF->76bba12e-2f74-4525-959f-7a651f40206a-GrpcLogAppender: appendEntries Timeout, request=b12fb8a7-710d-4c3e-812a-0e86e46484d7->76bba12e-2f74-4525-959f-7a651f40206a#92-t1, previous=(t:1, i:15), leaderCommit=12, initializing? false, entries: size=1, first=(t:1, i:16), STATEMACHINELOGENTRY, client-BDAEC2693858, cid=36
2019-09-12 13:10:37,973 [java.util.concurrent.ThreadPoolExecutor$Worker@558b229d[State = -1, empty queue]] WARN  server.GrpcLogAppender (GrpcLogAppender.java:timeoutAppendRequest(200)) - b12fb8a7-710d-4c3e-812a-0e86e46484d7@group-2679EB29DCDF->398b50df-cdaa-4e1b-b32c-4c6ed0083aaf-GrpcLogAppender: appendEntries Timeout, request=b12fb8a7-710d-4c3e-812a-0e86e46484d7->398b50df-cdaa-4e1b-b32c-4c6ed0083aaf#93-t1, previous=(t:1, i:16), leaderCommit=12, initializing? false, entries: size=1, first=(t:1, i:17), STATEMACHINELOGENTRY, client-BDAEC2693858, cid=37
2019-09-12 13:10:37,974 [java.util.concurrent.ThreadPoolExecutor$Worker@558b229d[State = -1, empty queue]] WARN  server.GrpcLogAppender (GrpcLogAppender.java:timeoutAppendRequest(200)) - b12fb8a7-710d-4c3e-812a-0e86e46484d7@group-2679EB29DCDF->398b50df-cdaa-4e1b-b32c-4c6ed0083aaf-GrpcLogAppender: appendEntries Timeout, request=b12fb8a7-710d-4c3e-812a-0e86e46484d7->398b50df-cdaa-4e1b-b32c-4c6ed0083aaf#94-t1, previous=(t:1, i:17), leaderCommit=12, initializing? false, entries: size=1, first=(t:1, i:18), STATEMACHINELOGENTRY, client-BDAEC2693858, cid=38
2019-09-12 13:10:37,974 [java.util.concurrent.ThreadPoolExecutor$Worker@5c82ddc3[State = -1, empty queue]] WARN  server.GrpcLogAppender (GrpcLogAppender.java:timeoutAppendRequest(200)) - b12fb8a7-710d-4c3e-812a-0e86e46484d7@group-2679EB29DCDF->76bba12e-2f74-4525-959f-7a651f40206a-GrpcLogAppender: appendEntries Timeout, request=b12fb8a7-710d-4c3e-812a-0e86e46484d7->76bba12e-2f74-4525-959f-7a651f40206a#93-t1, previous=(t:1, i:16), leaderCommit=12, initializing? false, entries: size=1, first=(t:1, i:17), STATEMACHINELOGENTRY, client-BDAEC2693858, cid=37
2019-09-12 13:10:37,974 [java.util.concurrent.ThreadPoolExecutor$Worker@5c82ddc3[State = -1, empty queue]] WARN  server.GrpcLogAppender (GrpcLogAppender.java:timeoutAppendRequest(200)) - b12fb8a7-710d-4c3e-812a-0e86e46484d7@group-2679EB29DCDF->76bba12e-2f74-4525-959f-7a651f40206a-GrpcLogAppender: appendEntries Timeout, request=b12fb8a7-710d-4c3e-812a-0e86e46484d7->76bba12e-2f74-4525-959f-7a651f40206a#94-t1, previous=(t:1, i:17), leaderCommit=12, initializing? false, entries: size=1, first=(t:1, i:18), STATEMACHINELOGENTRY, client-BDAEC2693858, cid=38
2019-09-12 13:10:38,570 [grpc-default-executor-3] INFO  impl.RaftServerProxy (RaftServerProxy.java:remove(95)) - bd0b0c89-cb45-482d-bed2-ad92fc2d5050: remove group-203775717D2F:null
2019-09-12 13:10:38,585 [RatisPipelineUtilsThread] WARN  pipeline.RatisPipelineUtils (RatisPipelineUtils.java:destroyPipeline(66)) - Pipeline destroy failed for pipeline=PipelineID=7700c51d-9357-46f7-9d29-203775717d2f dn=bd0b0c89-cb45-482d-bed2-ad92fc2d5050{ip: 192.168.34.38, host: pr-hdds-2007-65vhz-3510356991, networkLocation: /default-rack, certSerialId: null}
2019-09-12 13:10:38,594 [grpc-default-executor-3] INFO  impl.RaftServerProxy (RaftServerProxy.java:remove(95)) - 5d275853-b846-4f86-bc5b-0ba421435051: remove group-203775717D2F:null
2019-09-12 13:10:38,601 [RatisPipelineUtilsThread] WARN  pipeline.RatisPipelineUtils (RatisPipelineUtils.java:destroyPipeline(66)) - Pipeline destroy failed for pipeline=PipelineID=7700c51d-9357-46f7-9d29-203775717d2f dn=5d275853-b846-4f86-bc5b-0ba421435051{ip: 192.168.34.38, host: pr-hdds-2007-65vhz-3510356991, networkLocation: /default-rack, certSerialId: null}
2019-09-12 13:10:38,608 [grpc-default-executor-3] INFO  impl.RaftServerProxy (RaftServerProxy.java:remove(95)) - e2c05a36-c8a2-43f6-9f8f-11b9e2d7f4b8: remove group-203775717D2F:null
2019-09-12 13:10:38,615 [RatisPipelineUtilsThread] WARN  pipeline.RatisPipelineUtils (RatisPipelineUtils.java:destroyPipeline(66)) - Pipeline destroy failed for pipeline=PipelineID=7700c51d-9357-46f7-9d29-203775717d2f dn=e2c05a36-c8a2-43f6-9f8f-11b9e2d7f4b8{ip: 192.168.34.38, host: pr-hdds-2007-65vhz-3510356991, networkLocation: /default-rack, certSerialId: null}
2019-09-12 13:10:38,615 [RatisPipelineUtilsThread] ERROR pipeline.SCMPipelineManager (Scheduler.java:lambda$schedule$1(70)) - Destroy pipeline failed for pipeline:Pipeline[ Id: 7700c51d-9357-46f7-9d29-203775717d2f, Nodes: bd0b0c89-cb45-482d-bed2-ad92fc2d5050{ip: 192.168.34.38, host: pr-hdds-2007-65vhz-3510356991, networkLocation: /default-rack, certSerialId: null}5d275853-b846-4f86-bc5b-0ba421435051{ip: 192.168.34.38, host: pr-hdds-2007-65vhz-3510356991, networkLocation: /default-rack, certSerialId: null}e2c05a36-c8a2-43f6-9f8f-11b9e2d7f4b8{ip: 192.168.34.38, host: pr-hdds-2007-65vhz-3510356991, networkLocation: /default-rack, certSerialId: null}, Type:RATIS, Factor:THREE, State:CLOSED]
org.apache.hadoop.hdds.scm.pipeline.PipelineNotFoundException: PipelineID=7700c51d-9357-46f7-9d29-203775717d2f not found
	at org.apache.hadoop.hdds.scm.pipeline.PipelineStateMap.getPipeline(PipelineStateMap.java:132)
	at org.apache.hadoop.hdds.scm.pipeline.PipelineStateMap.removePipeline(PipelineStateMap.java:322)
	at org.apache.hadoop.hdds.scm.pipeline.PipelineStateManager.removePipeline(PipelineStateManager.java:107)
	at org.apache.hadoop.hdds.scm.pipeline.SCMPipelineManager.removePipeline(SCMPipelineManager.java:423)
	at org.apache.hadoop.hdds.scm.pipeline.SCMPipelineManager.destroyPipeline(SCMPipelineManager.java:409)
	at org.apache.hadoop.hdds.scm.pipeline.SCMPipelineManager.lambda$finalizeAndDestroyPipeline$0(SCMPipelineManager.java:318)
	at org.apache.hadoop.utils.Scheduler.lambda$schedule$1(Scheduler.java:68)
	at java.util.concurrent.Executors$RunnableAdapter.call(Executors.java:511)
	at java.util.concurrent.FutureTask.run(FutureTask.java:266)
	at java.util.concurrent.ScheduledThreadPoolExecutor$ScheduledFutureTask.access$201(ScheduledThreadPoolExecutor.java:180)
	at java.util.concurrent.ScheduledThreadPoolExecutor$ScheduledFutureTask.run(ScheduledThreadPoolExecutor.java:293)
	at java.util.concurrent.ThreadPoolExecutor.runWorker(ThreadPoolExecutor.java:1149)
	at java.util.concurrent.ThreadPoolExecutor$Worker.run(ThreadPoolExecutor.java:624)
	at java.lang.Thread.run(Thread.java:748)
2019-09-12 13:10:39,114 [Thread-825] INFO  impl.FollowerState (FollowerState.java:run(106)) - e2c05a36-c8a2-43f6-9f8f-11b9e2d7f4b8:group-632364F96BAC changes to CANDIDATE, lastRpcTime:5032, electionTimeout:5032ms
2019-09-12 13:10:39,115 [Thread-825] INFO  impl.RoleInfo (RoleInfo.java:shutdownFollowerState(121)) - e2c05a36-c8a2-43f6-9f8f-11b9e2d7f4b8: shutdown FollowerState
2019-09-12 13:10:39,115 [Thread-825] INFO  impl.RaftServerImpl (RaftServerImpl.java:setRole(174)) - e2c05a36-c8a2-43f6-9f8f-11b9e2d7f4b8@group-632364F96BAC: changes role from  FOLLOWER to CANDIDATE at term 0 for changeToCandidate
2019-09-12 13:10:39,115 [Thread-825] INFO  impl.RoleInfo (RoleInfo.java:updateAndGet(143)) - e2c05a36-c8a2-43f6-9f8f-11b9e2d7f4b8: start LeaderElection
2019-09-12 13:10:39,143 [Thread-826] INFO  impl.FollowerState (FollowerState.java:run(106)) - 5d275853-b846-4f86-bc5b-0ba421435051:group-632364F96BAC changes to CANDIDATE, lastRpcTime:5060, electionTimeout:5060ms
2019-09-12 13:10:39,143 [Thread-826] INFO  impl.RoleInfo (RoleInfo.java:shutdownFollowerState(121)) - 5d275853-b846-4f86-bc5b-0ba421435051: shutdown FollowerState
2019-09-12 13:10:39,143 [Thread-826] INFO  impl.RaftServerImpl (RaftServerImpl.java:setRole(174)) - 5d275853-b846-4f86-bc5b-0ba421435051@group-632364F96BAC: changes role from  FOLLOWER to CANDIDATE at term 0 for changeToCandidate
2019-09-12 13:10:39,143 [Thread-826] INFO  impl.RoleInfo (RoleInfo.java:updateAndGet(143)) - 5d275853-b846-4f86-bc5b-0ba421435051: start LeaderElection
2019-09-12 13:10:39,157 [5d275853-b846-4f86-bc5b-0ba421435051@group-632364F96BAC:LeaderElection11] INFO  impl.LeaderElection (LeaderElection.java:askForVotes(182)) - 5d275853-b846-4f86-bc5b-0ba421435051@group-632364F96BAC:LeaderElection11: begin an election at term 1 for -1: [5d275853-b846-4f86-bc5b-0ba421435051:192.168.34.38:43235, bd0b0c89-cb45-482d-bed2-ad92fc2d5050:192.168.34.38:37420, e2c05a36-c8a2-43f6-9f8f-11b9e2d7f4b8:192.168.34.38:45758], old=null
2019-09-12 13:10:39,157 [e2c05a36-c8a2-43f6-9f8f-11b9e2d7f4b8@group-632364F96BAC:LeaderElection10] INFO  impl.LeaderElection (LeaderElection.java:askForVotes(182)) - e2c05a36-c8a2-43f6-9f8f-11b9e2d7f4b8@group-632364F96BAC:LeaderElection10: begin an election at term 1 for -1: [5d275853-b846-4f86-bc5b-0ba421435051:192.168.34.38:43235, bd0b0c89-cb45-482d-bed2-ad92fc2d5050:192.168.34.38:37420, e2c05a36-c8a2-43f6-9f8f-11b9e2d7f4b8:192.168.34.38:45758], old=null
2019-09-12 13:10:39,187 [grpc-default-executor-6] INFO  impl.RaftServerImpl (RaftServerImpl.java:setRole(174)) - bd0b0c89-cb45-482d-bed2-ad92fc2d5050@group-632364F96BAC: changes role from  FOLLOWER to FOLLOWER at term 1 for recognizeCandidate:5d275853-b846-4f86-bc5b-0ba421435051
2019-09-12 13:10:39,189 [grpc-default-executor-6] INFO  impl.RoleInfo (RoleInfo.java:shutdownFollowerState(121)) - bd0b0c89-cb45-482d-bed2-ad92fc2d5050: shutdown FollowerState
2019-09-12 13:10:39,190 [grpc-default-executor-6] INFO  impl.RoleInfo (RoleInfo.java:updateAndGet(143)) - bd0b0c89-cb45-482d-bed2-ad92fc2d5050: start FollowerState
2019-09-12 13:10:39,190 [Thread-827] INFO  impl.FollowerState (FollowerState.java:run(115)) - bd0b0c89-cb45-482d-bed2-ad92fc2d5050: FollowerState was interrupted: java.lang.InterruptedException: sleep interrupted
2019-09-12 13:10:39,213 [e2c05a36-c8a2-43f6-9f8f-11b9e2d7f4b8@group-632364F96BAC:LeaderElection10] INFO  impl.LeaderElection (LeaderElection.java:logAndReturn(56)) - e2c05a36-c8a2-43f6-9f8f-11b9e2d7f4b8@group-632364F96BAC:LeaderElection10: Election REJECTED; received 2 response(s) [e2c05a36-c8a2-43f6-9f8f-11b9e2d7f4b8<-5d275853-b846-4f86-bc5b-0ba421435051#0:FAIL-t1, e2c05a36-c8a2-43f6-9f8f-11b9e2d7f4b8<-bd0b0c89-cb45-482d-bed2-ad92fc2d5050#0:FAIL-t1] and 0 exception(s); e2c05a36-c8a2-43f6-9f8f-11b9e2d7f4b8@group-632364F96BAC:t1, leader=null, voted=e2c05a36-c8a2-43f6-9f8f-11b9e2d7f4b8, raftlog=e2c05a36-c8a2-43f6-9f8f-11b9e2d7f4b8@group-632364F96BAC-SegmentedRaftLog:OPENED:c-1,f-1,i0, conf=-1: [5d275853-b846-4f86-bc5b-0ba421435051:192.168.34.38:43235, bd0b0c89-cb45-482d-bed2-ad92fc2d5050:192.168.34.38:37420, e2c05a36-c8a2-43f6-9f8f-11b9e2d7f4b8:192.168.34.38:45758], old=null
2019-09-12 13:10:39,213 [5d275853-b846-4f86-bc5b-0ba421435051@group-632364F96BAC:LeaderElection11] INFO  impl.LeaderElection (LeaderElection.java:logAndReturn(56)) - 5d275853-b846-4f86-bc5b-0ba421435051@group-632364F96BAC:LeaderElection11: Election PASSED; received 2 response(s) [5d275853-b846-4f86-bc5b-0ba421435051<-bd0b0c89-cb45-482d-bed2-ad92fc2d5050#0:OK-t1, 5d275853-b846-4f86-bc5b-0ba421435051<-e2c05a36-c8a2-43f6-9f8f-11b9e2d7f4b8#0:FAIL-t1] and 0 exception(s); 5d275853-b846-4f86-bc5b-0ba421435051@group-632364F96BAC:t1, leader=null, voted=5d275853-b846-4f86-bc5b-0ba421435051, raftlog=5d275853-b846-4f86-bc5b-0ba421435051@group-632364F96BAC-SegmentedRaftLog:OPENED:c-1,f-1,i0, conf=-1: [5d275853-b846-4f86-bc5b-0ba421435051:192.168.34.38:43235, bd0b0c89-cb45-482d-bed2-ad92fc2d5050:192.168.34.38:37420, e2c05a36-c8a2-43f6-9f8f-11b9e2d7f4b8:192.168.34.38:45758], old=null
2019-09-12 13:10:39,213 [e2c05a36-c8a2-43f6-9f8f-11b9e2d7f4b8@group-632364F96BAC:LeaderElection10] INFO  impl.RaftServerImpl (RaftServerImpl.java:setRole(174)) - e2c05a36-c8a2-43f6-9f8f-11b9e2d7f4b8@group-632364F96BAC: changes role from CANDIDATE to FOLLOWER at term 1 for DISCOVERED_A_NEW_TERM
2019-09-12 13:10:39,214 [5d275853-b846-4f86-bc5b-0ba421435051@group-632364F96BAC:LeaderElection11] INFO  impl.RoleInfo (RoleInfo.java:shutdownLeaderElection(134)) - 5d275853-b846-4f86-bc5b-0ba421435051: shutdown LeaderElection
2019-09-12 13:10:39,216 [e2c05a36-c8a2-43f6-9f8f-11b9e2d7f4b8@group-632364F96BAC:LeaderElection10] INFO  impl.RoleInfo (RoleInfo.java:shutdownLeaderElection(134)) - e2c05a36-c8a2-43f6-9f8f-11b9e2d7f4b8: shutdown LeaderElection
2019-09-12 13:10:39,218 [5d275853-b846-4f86-bc5b-0ba421435051@group-632364F96BAC:LeaderElection11] INFO  impl.RaftServerImpl (RaftServerImpl.java:setRole(174)) - 5d275853-b846-4f86-bc5b-0ba421435051@group-632364F96BAC: changes role from CANDIDATE to LEADER at term 1 for changeToLeader
2019-09-12 13:10:39,218 [e2c05a36-c8a2-43f6-9f8f-11b9e2d7f4b8@group-632364F96BAC:LeaderElection10] INFO  impl.RoleInfo (RoleInfo.java:updateAndGet(143)) - e2c05a36-c8a2-43f6-9f8f-11b9e2d7f4b8: start FollowerState
2019-09-12 13:10:39,219 [5d275853-b846-4f86-bc5b-0ba421435051@group-632364F96BAC:LeaderElection11] INFO  impl.RaftServerImpl (ServerState.java:setLeader(253)) - 5d275853-b846-4f86-bc5b-0ba421435051@group-632364F96BAC: change Leader from null to 5d275853-b846-4f86-bc5b-0ba421435051 at term 1 for becomeLeader, leader elected after 5149ms
2019-09-12 13:10:39,226 [5d275853-b846-4f86-bc5b-0ba421435051@group-632364F96BAC:LeaderElection11] INFO  server.RaftServerConfigKeys (ConfUtils.java:logGet(43)) - raft.server.staging.catchup.gap = 1000 (default)
2019-09-12 13:10:39,226 [5d275853-b846-4f86-bc5b-0ba421435051@group-632364F96BAC:LeaderElection11] INFO  server.RaftServerConfigKeys (ConfUtils.java:logGet(43)) - raft.server.rpc.sleep.time = 25ms (default)
2019-09-12 13:10:39,226 [5d275853-b846-4f86-bc5b-0ba421435051@group-632364F96BAC:LeaderElection11] INFO  server.RaftServerConfigKeys (ConfUtils.java:logGet(43)) - raft.server.write.element-limit = 4096 (default)
2019-09-12 13:10:39,227 [5d275853-b846-4f86-bc5b-0ba421435051@group-632364F96BAC:LeaderElection11] INFO  server.RaftServerConfigKeys (ConfUtils.java:logGet(43)) - raft.server.watch.timeout = 10s (default)
2019-09-12 13:10:39,227 [5d275853-b846-4f86-bc5b-0ba421435051@group-632364F96BAC:LeaderElection11] INFO  server.RaftServerConfigKeys (ConfUtils.java:logGet(43)) - raft.server.watch.timeout.denomination = 1s (default)
2019-09-12 13:10:39,227 [5d275853-b846-4f86-bc5b-0ba421435051@group-632364F96BAC:LeaderElection11] INFO  server.RaftServerConfigKeys (ConfUtils.java:logGet(43)) - raft.server.watch.element-limit = 65536 (default)
2019-09-12 13:10:39,231 [5d275853-b846-4f86-bc5b-0ba421435051@group-632364F96BAC:LeaderElection11] INFO  server.RaftServerConfigKeys (ConfUtils.java:logGet(43)) - raft.server.log.appender.snapshot.chunk.size.max = 16MB (=16777216) (default)
2019-09-12 13:10:39,231 [5d275853-b846-4f86-bc5b-0ba421435051@group-632364F96BAC:LeaderElection11] INFO  server.RaftServerConfigKeys (ConfUtils.java:logGet(43)) - raft.server.log.appender.buffer.byte-limit = 33554432 (custom)
2019-09-12 13:10:39,232 [5d275853-b846-4f86-bc5b-0ba421435051@group-632364F96BAC:LeaderElection11] INFO  server.RaftServerConfigKeys (ConfUtils.java:logGet(43)) - raft.server.log.appender.buffer.element-limit = 1 (custom)
2019-09-12 13:10:39,232 [5d275853-b846-4f86-bc5b-0ba421435051@group-632364F96BAC:LeaderElection11] INFO  grpc.GrpcConfigKeys$Server (ConfUtils.java:logGet(43)) - raft.grpc.server.leader.outstanding.appends.max = 128 (default)
2019-09-12 13:10:39,232 [5d275853-b846-4f86-bc5b-0ba421435051@group-632364F96BAC:LeaderElection11] INFO  server.RaftServerConfigKeys (ConfUtils.java:logGet(43)) - raft.server.rpc.request.timeout = 3000ms (default)
2019-09-12 13:10:39,233 [5d275853-b846-4f86-bc5b-0ba421435051@group-632364F96BAC:LeaderElection11] INFO  server.RaftServerConfigKeys (ConfUtils.java:logGet(43)) - raft.server.log.appender.install.snapshot.enabled = false (custom)
2019-09-12 13:10:39,233 [5d275853-b846-4f86-bc5b-0ba421435051@group-632364F96BAC:LeaderElection11] INFO  server.RaftServerConfigKeys (ConfUtils.java:logGet(43)) - raft.server.log.appender.snapshot.chunk.size.max = 16MB (=16777216) (default)
2019-09-12 13:10:39,233 [5d275853-b846-4f86-bc5b-0ba421435051@group-632364F96BAC:LeaderElection11] INFO  server.RaftServerConfigKeys (ConfUtils.java:logGet(43)) - raft.server.log.appender.buffer.byte-limit = 33554432 (custom)
2019-09-12 13:10:39,233 [5d275853-b846-4f86-bc5b-0ba421435051@group-632364F96BAC:LeaderElection11] INFO  server.RaftServerConfigKeys (ConfUtils.java:logGet(43)) - raft.server.log.appender.buffer.element-limit = 1 (custom)
2019-09-12 13:10:39,234 [5d275853-b846-4f86-bc5b-0ba421435051@group-632364F96BAC:LeaderElection11] INFO  grpc.GrpcConfigKeys$Server (ConfUtils.java:logGet(43)) - raft.grpc.server.leader.outstanding.appends.max = 128 (default)
2019-09-12 13:10:39,234 [5d275853-b846-4f86-bc5b-0ba421435051@group-632364F96BAC:LeaderElection11] INFO  server.RaftServerConfigKeys (ConfUtils.java:logGet(43)) - raft.server.rpc.request.timeout = 3000ms (default)
2019-09-12 13:10:39,234 [5d275853-b846-4f86-bc5b-0ba421435051@group-632364F96BAC:LeaderElection11] INFO  server.RaftServerConfigKeys (ConfUtils.java:logGet(43)) - raft.server.log.appender.install.snapshot.enabled = false (custom)
2019-09-12 13:10:39,235 [5d275853-b846-4f86-bc5b-0ba421435051@group-632364F96BAC:LeaderElection11] INFO  impl.RoleInfo (RoleInfo.java:updateAndGet(143)) - 5d275853-b846-4f86-bc5b-0ba421435051: start LeaderState
2019-09-12 13:10:39,235 [5d275853-b846-4f86-bc5b-0ba421435051@group-632364F96BAC:LeaderElection11] INFO  segmented.SegmentedRaftLogWorker (SegmentedRaftLogWorker.java:startLogSegment(380)) - 5d275853-b846-4f86-bc5b-0ba421435051@group-632364F96BAC-SegmentedRaftLogWorker: Starting segment from index:0
2019-09-12 13:10:39,236 [5d275853-b846-4f86-bc5b-0ba421435051@group-632364F96BAC:LeaderElection11] INFO  impl.RaftServerImpl (ServerState.java:setRaftConf(354)) - 5d275853-b846-4f86-bc5b-0ba421435051@group-632364F96BAC: set configuration 0: [5d275853-b846-4f86-bc5b-0ba421435051:192.168.34.38:43235, bd0b0c89-cb45-482d-bed2-ad92fc2d5050:192.168.34.38:37420, e2c05a36-c8a2-43f6-9f8f-11b9e2d7f4b8:192.168.34.38:45758], old=null at 0
2019-09-12 13:10:39,277 [grpc-default-executor-5] INFO  impl.RaftServerImpl (ServerState.java:setLeader(253)) - bd0b0c89-cb45-482d-bed2-ad92fc2d5050@group-632364F96BAC: change Leader from null to 5d275853-b846-4f86-bc5b-0ba421435051 at term 1 for appendEntries, leader elected after 5207ms
2019-09-12 13:10:39,277 [grpc-default-executor-6] INFO  impl.RaftServerImpl (ServerState.java:setLeader(253)) - e2c05a36-c8a2-43f6-9f8f-11b9e2d7f4b8@group-632364F96BAC: change Leader from null to 5d275853-b846-4f86-bc5b-0ba421435051 at term 1 for appendEntries, leader elected after 5208ms
2019-09-12 13:10:39,280 [grpc-default-executor-5] INFO  impl.RaftServerImpl (ServerState.java:setRaftConf(354)) - bd0b0c89-cb45-482d-bed2-ad92fc2d5050@group-632364F96BAC: set configuration 0: [5d275853-b846-4f86-bc5b-0ba421435051:192.168.34.38:43235, bd0b0c89-cb45-482d-bed2-ad92fc2d5050:192.168.34.38:37420, e2c05a36-c8a2-43f6-9f8f-11b9e2d7f4b8:192.168.34.38:45758], old=null at 0
2019-09-12 13:10:39,280 [grpc-default-executor-6] INFO  impl.RaftServerImpl (ServerState.java:setRaftConf(354)) - e2c05a36-c8a2-43f6-9f8f-11b9e2d7f4b8@group-632364F96BAC: set configuration 0: [5d275853-b846-4f86-bc5b-0ba421435051:192.168.34.38:43235, bd0b0c89-cb45-482d-bed2-ad92fc2d5050:192.168.34.38:37420, e2c05a36-c8a2-43f6-9f8f-11b9e2d7f4b8:192.168.34.38:45758], old=null at 0
2019-09-12 13:10:39,280 [grpc-default-executor-5] INFO  segmented.SegmentedRaftLogWorker (SegmentedRaftLogWorker.java:startLogSegment(380)) - bd0b0c89-cb45-482d-bed2-ad92fc2d5050@group-632364F96BAC-SegmentedRaftLogWorker: Starting segment from index:0
2019-09-12 13:10:39,280 [grpc-default-executor-6] INFO  segmented.SegmentedRaftLogWorker (SegmentedRaftLogWorker.java:startLogSegment(380)) - e2c05a36-c8a2-43f6-9f8f-11b9e2d7f4b8@group-632364F96BAC-SegmentedRaftLogWorker: Starting segment from index:0
2019-09-12 13:10:39,330 [5d275853-b846-4f86-bc5b-0ba421435051@group-632364F96BAC-SegmentedRaftLogWorker] INFO  segmented.SegmentedRaftLogWorker (SegmentedRaftLogWorker.java:execute(569)) - 5d275853-b846-4f86-bc5b-0ba421435051@group-632364F96BAC-SegmentedRaftLogWorker: created new log segment /workdir/hadoop-ozone/integration-test/target/test-dir/MiniOzoneClusterImpl-03275018-1bf5-4a9a-9ddc-ea2af4b584a8/datanode-2/data/ratis/cdc0d860-9404-4241-b616-632364f96bac/current/log_inprogress_0
2019-09-12 13:10:39,359 [e2c05a36-c8a2-43f6-9f8f-11b9e2d7f4b8@group-632364F96BAC-SegmentedRaftLogWorker] INFO  segmented.SegmentedRaftLogWorker (SegmentedRaftLogWorker.java:execute(569)) - e2c05a36-c8a2-43f6-9f8f-11b9e2d7f4b8@group-632364F96BAC-SegmentedRaftLogWorker: created new log segment /workdir/hadoop-ozone/integration-test/target/test-dir/MiniOzoneClusterImpl-03275018-1bf5-4a9a-9ddc-ea2af4b584a8/datanode-6/data/ratis/cdc0d860-9404-4241-b616-632364f96bac/current/log_inprogress_0
2019-09-12 13:10:39,359 [bd0b0c89-cb45-482d-bed2-ad92fc2d5050@group-632364F96BAC-SegmentedRaftLogWorker] INFO  segmented.SegmentedRaftLogWorker (SegmentedRaftLogWorker.java:execute(569)) - bd0b0c89-cb45-482d-bed2-ad92fc2d5050@group-632364F96BAC-SegmentedRaftLogWorker: created new log segment /workdir/hadoop-ozone/integration-test/target/test-dir/MiniOzoneClusterImpl-03275018-1bf5-4a9a-9ddc-ea2af4b584a8/datanode-4/data/ratis/cdc0d860-9404-4241-b616-632364f96bac/current/log_inprogress_0
2019-09-12 13:10:39,995 [grpc-default-executor-6] INFO  client.GrpcClientProtocolClient (GrpcClientProtocolClient.java:onNext(264)) - client-BDAEC2693858->76bba12e-2f74-4525-959f-7a651f40206a: receive RaftClientReply:client-BDAEC2693858->76bba12e-2f74-4525-959f-7a651f40206a@group-2679EB29DCDF, cid=33, FAILED org.apache.ratis.protocol.NotLeaderException: Server 76bba12e-2f74-4525-959f-7a651f40206a@group-2679EB29DCDF is not the leader b12fb8a7-710d-4c3e-812a-0e86e46484d7:192.168.34.38:33689, logIndex=0, commits[76bba12e-2f74-4525-959f-7a651f40206a:c12, 398b50df-cdaa-4e1b-b32c-4c6ed0083aaf:c10, b12fb8a7-710d-4c3e-812a-0e86e46484d7:c12]
2019-09-12 13:10:40,475 [java.util.concurrent.ThreadPoolExecutor$Worker@5c82ddc3[State = -1, empty queue]] WARN  server.GrpcLogAppender (GrpcLogAppender.java:timeoutAppendRequest(200)) - b12fb8a7-710d-4c3e-812a-0e86e46484d7@group-2679EB29DCDF->76bba12e-2f74-4525-959f-7a651f40206a-GrpcLogAppender: appendEntries Timeout, request=b12fb8a7-710d-4c3e-812a-0e86e46484d7->76bba12e-2f74-4525-959f-7a651f40206a#95-t1, previous=(t:1, i:18), leaderCommit=12, initializing? false, entries: <empty>
2019-09-12 13:10:40,475 [java.util.concurrent.ThreadPoolExecutor$Worker@558b229d[State = -1, empty queue]] WARN  server.GrpcLogAppender (GrpcLogAppender.java:timeoutAppendRequest(200)) - b12fb8a7-710d-4c3e-812a-0e86e46484d7@group-2679EB29DCDF->398b50df-cdaa-4e1b-b32c-4c6ed0083aaf-GrpcLogAppender: appendEntries Timeout, request=b12fb8a7-710d-4c3e-812a-0e86e46484d7->398b50df-cdaa-4e1b-b32c-4c6ed0083aaf#95-t1, previous=(t:1, i:18), leaderCommit=12, initializing? false, entries: <empty>
2019-09-12 13:10:41,570 [grpc-default-executor-6] INFO  impl.RaftServerProxy (RaftServerProxy.java:remove(95)) - bd0b0c89-cb45-482d-bed2-ad92fc2d5050: remove group-203775717D2F:null
2019-09-12 13:10:41,615 [RatisPipelineUtilsThread] WARN  pipeline.RatisPipelineUtils (RatisPipelineUtils.java:destroyPipeline(66)) - Pipeline destroy failed for pipeline=PipelineID=7700c51d-9357-46f7-9d29-203775717d2f dn=bd0b0c89-cb45-482d-bed2-ad92fc2d5050{ip: 192.168.34.38, host: pr-hdds-2007-65vhz-3510356991, networkLocation: /default-rack, certSerialId: null}
2019-09-12 13:10:41,628 [grpc-default-executor-6] INFO  impl.RaftServerProxy (RaftServerProxy.java:remove(95)) - 5d275853-b846-4f86-bc5b-0ba421435051: remove group-203775717D2F:null
2019-09-12 13:10:41,636 [RatisPipelineUtilsThread] WARN  pipeline.RatisPipelineUtils (RatisPipelineUtils.java:destroyPipeline(66)) - Pipeline destroy failed for pipeline=PipelineID=7700c51d-9357-46f7-9d29-203775717d2f dn=5d275853-b846-4f86-bc5b-0ba421435051{ip: 192.168.34.38, host: pr-hdds-2007-65vhz-3510356991, networkLocation: /default-rack, certSerialId: null}
2019-09-12 13:10:41,644 [grpc-default-executor-6] INFO  impl.RaftServerProxy (RaftServerProxy.java:remove(95)) - e2c05a36-c8a2-43f6-9f8f-11b9e2d7f4b8: remove group-203775717D2F:null
2019-09-12 13:10:41,651 [RatisPipelineUtilsThread] WARN  pipeline.RatisPipelineUtils (RatisPipelineUtils.java:destroyPipeline(66)) - Pipeline destroy failed for pipeline=PipelineID=7700c51d-9357-46f7-9d29-203775717d2f dn=e2c05a36-c8a2-43f6-9f8f-11b9e2d7f4b8{ip: 192.168.34.38, host: pr-hdds-2007-65vhz-3510356991, networkLocation: /default-rack, certSerialId: null}
2019-09-12 13:10:41,651 [RatisPipelineUtilsThread] ERROR pipeline.SCMPipelineManager (Scheduler.java:lambda$schedule$1(70)) - Destroy pipeline failed for pipeline:Pipeline[ Id: 7700c51d-9357-46f7-9d29-203775717d2f, Nodes: bd0b0c89-cb45-482d-bed2-ad92fc2d5050{ip: 192.168.34.38, host: pr-hdds-2007-65vhz-3510356991, networkLocation: /default-rack, certSerialId: null}5d275853-b846-4f86-bc5b-0ba421435051{ip: 192.168.34.38, host: pr-hdds-2007-65vhz-3510356991, networkLocation: /default-rack, certSerialId: null}e2c05a36-c8a2-43f6-9f8f-11b9e2d7f4b8{ip: 192.168.34.38, host: pr-hdds-2007-65vhz-3510356991, networkLocation: /default-rack, certSerialId: null}, Type:RATIS, Factor:THREE, State:CLOSED]
org.apache.hadoop.hdds.scm.pipeline.PipelineNotFoundException: PipelineID=7700c51d-9357-46f7-9d29-203775717d2f not found
	at org.apache.hadoop.hdds.scm.pipeline.PipelineStateMap.getPipeline(PipelineStateMap.java:132)
	at org.apache.hadoop.hdds.scm.pipeline.PipelineStateMap.removePipeline(PipelineStateMap.java:322)
	at org.apache.hadoop.hdds.scm.pipeline.PipelineStateManager.removePipeline(PipelineStateManager.java:107)
	at org.apache.hadoop.hdds.scm.pipeline.SCMPipelineManager.removePipeline(SCMPipelineManager.java:423)
	at org.apache.hadoop.hdds.scm.pipeline.SCMPipelineManager.destroyPipeline(SCMPipelineManager.java:409)
	at org.apache.hadoop.hdds.scm.pipeline.SCMPipelineManager.lambda$finalizeAndDestroyPipeline$0(SCMPipelineManager.java:318)
	at org.apache.hadoop.utils.Scheduler.lambda$schedule$1(Scheduler.java:68)
	at java.util.concurrent.Executors$RunnableAdapter.call(Executors.java:511)
	at java.util.concurrent.FutureTask.run(FutureTask.java:266)
	at java.util.concurrent.ScheduledThreadPoolExecutor$ScheduledFutureTask.access$201(ScheduledThreadPoolExecutor.java:180)
	at java.util.concurrent.ScheduledThreadPoolExecutor$ScheduledFutureTask.run(ScheduledThreadPoolExecutor.java:293)
	at java.util.concurrent.ThreadPoolExecutor.runWorker(ThreadPoolExecutor.java:1149)
	at java.util.concurrent.ThreadPoolExecutor$Worker.run(ThreadPoolExecutor.java:624)
	at java.lang.Thread.run(Thread.java:748)
2019-09-12 13:10:42,975 [java.util.concurrent.ThreadPoolExecutor$Worker@5c82ddc3[State = -1, empty queue]] WARN  server.GrpcLogAppender (GrpcLogAppender.java:timeoutAppendRequest(200)) - b12fb8a7-710d-4c3e-812a-0e86e46484d7@group-2679EB29DCDF->76bba12e-2f74-4525-959f-7a651f40206a-GrpcLogAppender: appendEntries Timeout, request=b12fb8a7-710d-4c3e-812a-0e86e46484d7->76bba12e-2f74-4525-959f-7a651f40206a#96-t1, previous=(t:1, i:18), leaderCommit=12, initializing? false, entries: <empty>
2019-09-12 13:10:42,975 [java.util.concurrent.ThreadPoolExecutor$Worker@558b229d[State = -1, empty queue]] WARN  server.GrpcLogAppender (GrpcLogAppender.java:timeoutAppendRequest(200)) - b12fb8a7-710d-4c3e-812a-0e86e46484d7@group-2679EB29DCDF->398b50df-cdaa-4e1b-b32c-4c6ed0083aaf-GrpcLogAppender: appendEntries Timeout, request=b12fb8a7-710d-4c3e-812a-0e86e46484d7->398b50df-cdaa-4e1b-b32c-4c6ed0083aaf#96-t1, previous=(t:1, i:18), leaderCommit=12, initializing? false, entries: <empty>
2019-09-12 13:10:43,565 [grpc-default-executor-6] INFO  impl.RaftServerProxy (RaftServerProxy.java:remove(95)) - bd0b0c89-cb45-482d-bed2-ad92fc2d5050: remove group-203775717D2F:null
2019-09-12 13:10:43,768 [RatisPipelineUtilsThread] WARN  pipeline.RatisPipelineUtils (RatisPipelineUtils.java:destroyPipeline(66)) - Pipeline destroy failed for pipeline=PipelineID=7700c51d-9357-46f7-9d29-203775717d2f dn=bd0b0c89-cb45-482d-bed2-ad92fc2d5050{ip: 192.168.34.38, host: pr-hdds-2007-65vhz-3510356991, networkLocation: /default-rack, certSerialId: null}
2019-09-12 13:10:43,777 [grpc-default-executor-6] INFO  impl.RaftServerProxy (RaftServerProxy.java:remove(95)) - 5d275853-b846-4f86-bc5b-0ba421435051: remove group-203775717D2F:null
2019-09-12 13:10:43,785 [RatisPipelineUtilsThread] WARN  pipeline.RatisPipelineUtils (RatisPipelineUtils.java:destroyPipeline(66)) - Pipeline destroy failed for pipeline=PipelineID=7700c51d-9357-46f7-9d29-203775717d2f dn=5d275853-b846-4f86-bc5b-0ba421435051{ip: 192.168.34.38, host: pr-hdds-2007-65vhz-3510356991, networkLocation: /default-rack, certSerialId: null}
2019-09-12 13:10:43,793 [grpc-default-executor-6] INFO  impl.RaftServerProxy (RaftServerProxy.java:remove(95)) - e2c05a36-c8a2-43f6-9f8f-11b9e2d7f4b8: remove group-203775717D2F:null
2019-09-12 13:10:43,800 [RatisPipelineUtilsThread] WARN  pipeline.RatisPipelineUtils (RatisPipelineUtils.java:destroyPipeline(66)) - Pipeline destroy failed for pipeline=PipelineID=7700c51d-9357-46f7-9d29-203775717d2f dn=e2c05a36-c8a2-43f6-9f8f-11b9e2d7f4b8{ip: 192.168.34.38, host: pr-hdds-2007-65vhz-3510356991, networkLocation: /default-rack, certSerialId: null}
2019-09-12 13:10:43,800 [RatisPipelineUtilsThread] ERROR pipeline.SCMPipelineManager (Scheduler.java:lambda$schedule$1(70)) - Destroy pipeline failed for pipeline:Pipeline[ Id: 7700c51d-9357-46f7-9d29-203775717d2f, Nodes: bd0b0c89-cb45-482d-bed2-ad92fc2d5050{ip: 192.168.34.38, host: pr-hdds-2007-65vhz-3510356991, networkLocation: /default-rack, certSerialId: null}5d275853-b846-4f86-bc5b-0ba421435051{ip: 192.168.34.38, host: pr-hdds-2007-65vhz-3510356991, networkLocation: /default-rack, certSerialId: null}e2c05a36-c8a2-43f6-9f8f-11b9e2d7f4b8{ip: 192.168.34.38, host: pr-hdds-2007-65vhz-3510356991, networkLocation: /default-rack, certSerialId: null}, Type:RATIS, Factor:THREE, State:CLOSED]
org.apache.hadoop.hdds.scm.pipeline.PipelineNotFoundException: PipelineID=7700c51d-9357-46f7-9d29-203775717d2f not found
	at org.apache.hadoop.hdds.scm.pipeline.PipelineStateMap.getPipeline(PipelineStateMap.java:132)
	at org.apache.hadoop.hdds.scm.pipeline.PipelineStateMap.removePipeline(PipelineStateMap.java:322)
	at org.apache.hadoop.hdds.scm.pipeline.PipelineStateManager.removePipeline(PipelineStateManager.java:107)
	at org.apache.hadoop.hdds.scm.pipeline.SCMPipelineManager.removePipeline(SCMPipelineManager.java:423)
	at org.apache.hadoop.hdds.scm.pipeline.SCMPipelineManager.destroyPipeline(SCMPipelineManager.java:409)
	at org.apache.hadoop.hdds.scm.pipeline.SCMPipelineManager.lambda$finalizeAndDestroyPipeline$0(SCMPipelineManager.java:318)
	at org.apache.hadoop.utils.Scheduler.lambda$schedule$1(Scheduler.java:68)
	at java.util.concurrent.Executors$RunnableAdapter.call(Executors.java:511)
	at java.util.concurrent.FutureTask.run(FutureTask.java:266)
	at java.util.concurrent.ScheduledThreadPoolExecutor$ScheduledFutureTask.access$201(ScheduledThreadPoolExecutor.java:180)
	at java.util.concurrent.ScheduledThreadPoolExecutor$ScheduledFutureTask.run(ScheduledThreadPoolExecutor.java:293)
	at java.util.concurrent.ThreadPoolExecutor.runWorker(ThreadPoolExecutor.java:1149)
	at java.util.concurrent.ThreadPoolExecutor$Worker.run(ThreadPoolExecutor.java:624)
	at java.lang.Thread.run(Thread.java:748)
2019-09-12 13:10:44,972 [398b50df-cdaa-4e1b-b32c-4c6ed0083aaf@group-2679EB29DCDF-SegmentedRaftLogWorker] WARN  segmented.SegmentedRaftLogWorker (SegmentedRaftLogWorker.java:getFromFuture(90)) - Timeout 0/~
org.apache.ratis.protocol.TimeoutIOException: Timeout 10s: WriteLog:13: (t:1, i:13), STATEMACHINELOGENTRY, client-BDAEC2693858, cid=33-writeStateMachineData
	at org.apache.ratis.util.IOUtils.getFromFuture(IOUtils.java:87)
	at org.apache.ratis.server.raftlog.segmented.SegmentedRaftLogWorker$StateMachineDataPolicy.getFromFuture(SegmentedRaftLogWorker.java:87)
	at org.apache.ratis.server.raftlog.segmented.SegmentedRaftLogWorker$WriteLog.execute(SegmentedRaftLogWorker.java:477)
	at org.apache.ratis.server.raftlog.segmented.SegmentedRaftLogWorker.run(SegmentedRaftLogWorker.java:289)
	at java.lang.Thread.run(Thread.java:748)
Caused by: java.util.concurrent.TimeoutException
	at java.util.concurrent.CompletableFuture.timedGet(CompletableFuture.java:1771)
	at java.util.concurrent.CompletableFuture.get(CompletableFuture.java:1915)
	at org.apache.ratis.util.IOUtils.getFromFuture(IOUtils.java:79)
	... 4 more
2019-09-12 13:10:44,972 [76bba12e-2f74-4525-959f-7a651f40206a@group-2679EB29DCDF-SegmentedRaftLogWorker] WARN  segmented.SegmentedRaftLogWorker (SegmentedRaftLogWorker.java:getFromFuture(90)) - Timeout 0/~
org.apache.ratis.protocol.TimeoutIOException: Timeout 10s: WriteLog:13: (t:1, i:13), STATEMACHINELOGENTRY, client-BDAEC2693858, cid=33-writeStateMachineData
	at org.apache.ratis.util.IOUtils.getFromFuture(IOUtils.java:87)
	at org.apache.ratis.server.raftlog.segmented.SegmentedRaftLogWorker$StateMachineDataPolicy.getFromFuture(SegmentedRaftLogWorker.java:87)
	at org.apache.ratis.server.raftlog.segmented.SegmentedRaftLogWorker$WriteLog.execute(SegmentedRaftLogWorker.java:477)
	at org.apache.ratis.server.raftlog.segmented.SegmentedRaftLogWorker.run(SegmentedRaftLogWorker.java:289)
	at java.lang.Thread.run(Thread.java:748)
Caused by: java.util.concurrent.TimeoutException
	at java.util.concurrent.CompletableFuture.timedGet(CompletableFuture.java:1771)
	at java.util.concurrent.CompletableFuture.get(CompletableFuture.java:1915)
	at org.apache.ratis.util.IOUtils.getFromFuture(IOUtils.java:79)
	... 4 more
2019-09-12 13:10:45,029 [b12fb8a7-710d-4c3e-812a-0e86e46484d7@group-2679EB29DCDF-SegmentedRaftLogWorker] WARN  segmented.SegmentedRaftLogWorker (SegmentedRaftLogWorker.java:getFromFuture(90)) - Timeout 0/~
org.apache.ratis.protocol.TimeoutIOException: Timeout 10s: WriteLog:14: (t:1, i:14), STATEMACHINELOGENTRY, client-BDAEC2693858, cid=34-writeStateMachineData
	at org.apache.ratis.util.IOUtils.getFromFuture(IOUtils.java:87)
	at org.apache.ratis.server.raftlog.segmented.SegmentedRaftLogWorker$StateMachineDataPolicy.getFromFuture(SegmentedRaftLogWorker.java:87)
	at org.apache.ratis.server.raftlog.segmented.SegmentedRaftLogWorker$WriteLog.execute(SegmentedRaftLogWorker.java:477)
	at org.apache.ratis.server.raftlog.segmented.SegmentedRaftLogWorker.run(SegmentedRaftLogWorker.java:289)
	at java.lang.Thread.run(Thread.java:748)
Caused by: java.util.concurrent.TimeoutException
	at java.util.concurrent.CompletableFuture.timedGet(CompletableFuture.java:1771)
	at java.util.concurrent.CompletableFuture.get(CompletableFuture.java:1915)
	at org.apache.ratis.util.IOUtils.getFromFuture(IOUtils.java:79)
	... 4 more
2019-09-12 13:10:45,206 [grpc-default-executor-5] INFO  client.GrpcClientProtocolClient (GrpcClientProtocolClient.java:onNext(264)) - client-BDAEC2693858->398b50df-cdaa-4e1b-b32c-4c6ed0083aaf: receive RaftClientReply:client-BDAEC2693858->398b50df-cdaa-4e1b-b32c-4c6ed0083aaf@group-2679EB29DCDF, cid=33, FAILED org.apache.ratis.protocol.NotLeaderException: Server 398b50df-cdaa-4e1b-b32c-4c6ed0083aaf@group-2679EB29DCDF is not the leader b12fb8a7-710d-4c3e-812a-0e86e46484d7:192.168.34.38:33689, logIndex=0, commits[398b50df-cdaa-4e1b-b32c-4c6ed0083aaf:c12, b12fb8a7-710d-4c3e-812a-0e86e46484d7:c12, 76bba12e-2f74-4525-959f-7a651f40206a:c10]
2019-09-12 13:10:45,476 [java.util.concurrent.ThreadPoolExecutor$Worker@5c82ddc3[State = -1, empty queue]] WARN  server.GrpcLogAppender (GrpcLogAppender.java:timeoutAppendRequest(200)) - b12fb8a7-710d-4c3e-812a-0e86e46484d7@group-2679EB29DCDF->76bba12e-2f74-4525-959f-7a651f40206a-GrpcLogAppender: appendEntries Timeout, request=b12fb8a7-710d-4c3e-812a-0e86e46484d7->76bba12e-2f74-4525-959f-7a651f40206a#97-t1, previous=(t:1, i:18), leaderCommit=12, initializing? false, entries: <empty>
2019-09-12 13:10:45,476 [java.util.concurrent.ThreadPoolExecutor$Worker@558b229d[State = -1, empty queue]] WARN  server.GrpcLogAppender (GrpcLogAppender.java:timeoutAppendRequest(200)) - b12fb8a7-710d-4c3e-812a-0e86e46484d7@group-2679EB29DCDF->398b50df-cdaa-4e1b-b32c-4c6ed0083aaf-GrpcLogAppender: appendEntries Timeout, request=b12fb8a7-710d-4c3e-812a-0e86e46484d7->398b50df-cdaa-4e1b-b32c-4c6ed0083aaf#97-t1, previous=(t:1, i:18), leaderCommit=12, initializing? false, entries: <empty>
2019-09-12 13:10:46,569 [grpc-default-executor-5] INFO  impl.RaftServerProxy (RaftServerProxy.java:remove(95)) - bd0b0c89-cb45-482d-bed2-ad92fc2d5050: remove group-203775717D2F:null
2019-09-12 13:10:46,578 [RatisPipelineUtilsThread] WARN  pipeline.RatisPipelineUtils (RatisPipelineUtils.java:destroyPipeline(66)) - Pipeline destroy failed for pipeline=PipelineID=7700c51d-9357-46f7-9d29-203775717d2f dn=bd0b0c89-cb45-482d-bed2-ad92fc2d5050{ip: 192.168.34.38, host: pr-hdds-2007-65vhz-3510356991, networkLocation: /default-rack, certSerialId: null}
2019-09-12 13:10:46,603 [grpc-default-executor-5] INFO  impl.RaftServerProxy (RaftServerProxy.java:remove(95)) - 5d275853-b846-4f86-bc5b-0ba421435051: remove group-203775717D2F:null
2019-09-12 13:10:46,610 [RatisPipelineUtilsThread] WARN  pipeline.RatisPipelineUtils (RatisPipelineUtils.java:destroyPipeline(66)) - Pipeline destroy failed for pipeline=PipelineID=7700c51d-9357-46f7-9d29-203775717d2f dn=5d275853-b846-4f86-bc5b-0ba421435051{ip: 192.168.34.38, host: pr-hdds-2007-65vhz-3510356991, networkLocation: /default-rack, certSerialId: null}
2019-09-12 13:10:46,616 [grpc-default-executor-5] INFO  impl.RaftServerProxy (RaftServerProxy.java:remove(95)) - e2c05a36-c8a2-43f6-9f8f-11b9e2d7f4b8: remove group-203775717D2F:null
2019-09-12 13:10:46,623 [RatisPipelineUtilsThread] WARN  pipeline.RatisPipelineUtils (RatisPipelineUtils.java:destroyPipeline(66)) - Pipeline destroy failed for pipeline=PipelineID=7700c51d-9357-46f7-9d29-203775717d2f dn=e2c05a36-c8a2-43f6-9f8f-11b9e2d7f4b8{ip: 192.168.34.38, host: pr-hdds-2007-65vhz-3510356991, networkLocation: /default-rack, certSerialId: null}
2019-09-12 13:10:46,623 [RatisPipelineUtilsThread] ERROR pipeline.SCMPipelineManager (Scheduler.java:lambda$schedule$1(70)) - Destroy pipeline failed for pipeline:Pipeline[ Id: 7700c51d-9357-46f7-9d29-203775717d2f, Nodes: bd0b0c89-cb45-482d-bed2-ad92fc2d5050{ip: 192.168.34.38, host: pr-hdds-2007-65vhz-3510356991, networkLocation: /default-rack, certSerialId: null}5d275853-b846-4f86-bc5b-0ba421435051{ip: 192.168.34.38, host: pr-hdds-2007-65vhz-3510356991, networkLocation: /default-rack, certSerialId: null}e2c05a36-c8a2-43f6-9f8f-11b9e2d7f4b8{ip: 192.168.34.38, host: pr-hdds-2007-65vhz-3510356991, networkLocation: /default-rack, certSerialId: null}, Type:RATIS, Factor:THREE, State:CLOSED]
org.apache.hadoop.hdds.scm.pipeline.PipelineNotFoundException: PipelineID=7700c51d-9357-46f7-9d29-203775717d2f not found
	at org.apache.hadoop.hdds.scm.pipeline.PipelineStateMap.getPipeline(PipelineStateMap.java:132)
	at org.apache.hadoop.hdds.scm.pipeline.PipelineStateMap.removePipeline(PipelineStateMap.java:322)
	at org.apache.hadoop.hdds.scm.pipeline.PipelineStateManager.removePipeline(PipelineStateManager.java:107)
	at org.apache.hadoop.hdds.scm.pipeline.SCMPipelineManager.removePipeline(SCMPipelineManager.java:423)
	at org.apache.hadoop.hdds.scm.pipeline.SCMPipelineManager.destroyPipeline(SCMPipelineManager.java:409)
	at org.apache.hadoop.hdds.scm.pipeline.SCMPipelineManager.lambda$finalizeAndDestroyPipeline$0(SCMPipelineManager.java:318)
	at org.apache.hadoop.utils.Scheduler.lambda$schedule$1(Scheduler.java:68)
	at java.util.concurrent.Executors$RunnableAdapter.call(Executors.java:511)
	at java.util.concurrent.FutureTask.run(FutureTask.java:266)
	at java.util.concurrent.ScheduledThreadPoolExecutor$ScheduledFutureTask.access$201(ScheduledThreadPoolExecutor.java:180)
	at java.util.concurrent.ScheduledThreadPoolExecutor$ScheduledFutureTask.run(ScheduledThreadPoolExecutor.java:293)
	at java.util.concurrent.ThreadPoolExecutor.runWorker(ThreadPoolExecutor.java:1149)
	at java.util.concurrent.ThreadPoolExecutor$Worker.run(ThreadPoolExecutor.java:624)
	at java.lang.Thread.run(Thread.java:748)
2019-09-12 13:10:47,976 [java.util.concurrent.ThreadPoolExecutor$Worker@558b229d[State = -1, empty queue]] WARN  server.GrpcLogAppender (GrpcLogAppender.java:timeoutAppendRequest(200)) - b12fb8a7-710d-4c3e-812a-0e86e46484d7@group-2679EB29DCDF->398b50df-cdaa-4e1b-b32c-4c6ed0083aaf-GrpcLogAppender: appendEntries Timeout, request=b12fb8a7-710d-4c3e-812a-0e86e46484d7->398b50df-cdaa-4e1b-b32c-4c6ed0083aaf#98-t1, previous=(t:1, i:18), leaderCommit=12, initializing? false, entries: <empty>
2019-09-12 13:10:47,976 [java.util.concurrent.ThreadPoolExecutor$Worker@5c82ddc3[State = -1, empty queue]] WARN  server.GrpcLogAppender (GrpcLogAppender.java:timeoutAppendRequest(200)) - b12fb8a7-710d-4c3e-812a-0e86e46484d7@group-2679EB29DCDF->76bba12e-2f74-4525-959f-7a651f40206a-GrpcLogAppender: appendEntries Timeout, request=b12fb8a7-710d-4c3e-812a-0e86e46484d7->76bba12e-2f74-4525-959f-7a651f40206a#98-t1, previous=(t:1, i:18), leaderCommit=12, initializing? false, entries: <empty>
2019-09-12 13:10:48,563 [grpc-default-executor-6] INFO  impl.RaftServerProxy (RaftServerProxy.java:remove(95)) - bd0b0c89-cb45-482d-bed2-ad92fc2d5050: remove group-203775717D2F:null
2019-09-12 13:10:48,572 [RatisPipelineUtilsThread] WARN  pipeline.RatisPipelineUtils (RatisPipelineUtils.java:destroyPipeline(66)) - Pipeline destroy failed for pipeline=PipelineID=7700c51d-9357-46f7-9d29-203775717d2f dn=bd0b0c89-cb45-482d-bed2-ad92fc2d5050{ip: 192.168.34.38, host: pr-hdds-2007-65vhz-3510356991, networkLocation: /default-rack, certSerialId: null}
2019-09-12 13:10:48,578 [grpc-default-executor-6] INFO  impl.RaftServerProxy (RaftServerProxy.java:remove(95)) - 5d275853-b846-4f86-bc5b-0ba421435051: remove group-203775717D2F:null
2019-09-12 13:10:48,592 [RatisPipelineUtilsThread] WARN  pipeline.RatisPipelineUtils (RatisPipelineUtils.java:destroyPipeline(66)) - Pipeline destroy failed for pipeline=PipelineID=7700c51d-9357-46f7-9d29-203775717d2f dn=5d275853-b846-4f86-bc5b-0ba421435051{ip: 192.168.34.38, host: pr-hdds-2007-65vhz-3510356991, networkLocation: /default-rack, certSerialId: null}
2019-09-12 13:10:48,598 [grpc-default-executor-6] INFO  impl.RaftServerProxy (RaftServerProxy.java:remove(95)) - e2c05a36-c8a2-43f6-9f8f-11b9e2d7f4b8: remove group-203775717D2F:null
2019-09-12 13:10:48,608 [RatisPipelineUtilsThread] WARN  pipeline.RatisPipelineUtils (RatisPipelineUtils.java:destroyPipeline(66)) - Pipeline destroy failed for pipeline=PipelineID=7700c51d-9357-46f7-9d29-203775717d2f dn=e2c05a36-c8a2-43f6-9f8f-11b9e2d7f4b8{ip: 192.168.34.38, host: pr-hdds-2007-65vhz-3510356991, networkLocation: /default-rack, certSerialId: null}
2019-09-12 13:10:48,609 [RatisPipelineUtilsThread] ERROR pipeline.SCMPipelineManager (Scheduler.java:lambda$schedule$1(70)) - Destroy pipeline failed for pipeline:Pipeline[ Id: 7700c51d-9357-46f7-9d29-203775717d2f, Nodes: bd0b0c89-cb45-482d-bed2-ad92fc2d5050{ip: 192.168.34.38, host: pr-hdds-2007-65vhz-3510356991, networkLocation: /default-rack, certSerialId: null}5d275853-b846-4f86-bc5b-0ba421435051{ip: 192.168.34.38, host: pr-hdds-2007-65vhz-3510356991, networkLocation: /default-rack, certSerialId: null}e2c05a36-c8a2-43f6-9f8f-11b9e2d7f4b8{ip: 192.168.34.38, host: pr-hdds-2007-65vhz-3510356991, networkLocation: /default-rack, certSerialId: null}, Type:RATIS, Factor:THREE, State:CLOSED]
org.apache.hadoop.hdds.scm.pipeline.PipelineNotFoundException: PipelineID=7700c51d-9357-46f7-9d29-203775717d2f not found
	at org.apache.hadoop.hdds.scm.pipeline.PipelineStateMap.getPipeline(PipelineStateMap.java:132)
	at org.apache.hadoop.hdds.scm.pipeline.PipelineStateMap.removePipeline(PipelineStateMap.java:322)
	at org.apache.hadoop.hdds.scm.pipeline.PipelineStateManager.removePipeline(PipelineStateManager.java:107)
	at org.apache.hadoop.hdds.scm.pipeline.SCMPipelineManager.removePipeline(SCMPipelineManager.java:423)
	at org.apache.hadoop.hdds.scm.pipeline.SCMPipelineManager.destroyPipeline(SCMPipelineManager.java:409)
	at org.apache.hadoop.hdds.scm.pipeline.SCMPipelineManager.lambda$finalizeAndDestroyPipeline$0(SCMPipelineManager.java:318)
	at org.apache.hadoop.utils.Scheduler.lambda$schedule$1(Scheduler.java:68)
	at java.util.concurrent.Executors$RunnableAdapter.call(Executors.java:511)
	at java.util.concurrent.FutureTask.run(FutureTask.java:266)
	at java.util.concurrent.ScheduledThreadPoolExecutor$ScheduledFutureTask.access$201(ScheduledThreadPoolExecutor.java:180)
	at java.util.concurrent.ScheduledThreadPoolExecutor$ScheduledFutureTask.run(ScheduledThreadPoolExecutor.java:293)
	at java.util.concurrent.ThreadPoolExecutor.runWorker(ThreadPoolExecutor.java:1149)
	at java.util.concurrent.ThreadPoolExecutor$Worker.run(ThreadPoolExecutor.java:624)
	at java.lang.Thread.run(Thread.java:748)
2019-09-12 13:10:50,260 [grpc-default-executor-6] INFO  client.GrpcClientProtocolClient (GrpcClientProtocolClient.java:onNext(264)) - client-BDAEC2693858->398b50df-cdaa-4e1b-b32c-4c6ed0083aaf: receive RaftClientReply:client-BDAEC2693858->398b50df-cdaa-4e1b-b32c-4c6ed0083aaf@group-2679EB29DCDF, cid=33, FAILED org.apache.ratis.protocol.NotLeaderException: Server 398b50df-cdaa-4e1b-b32c-4c6ed0083aaf@group-2679EB29DCDF is not the leader b12fb8a7-710d-4c3e-812a-0e86e46484d7:192.168.34.38:33689, logIndex=0, commits[398b50df-cdaa-4e1b-b32c-4c6ed0083aaf:c12, b12fb8a7-710d-4c3e-812a-0e86e46484d7:c12, 76bba12e-2f74-4525-959f-7a651f40206a:c10]
2019-09-12 13:10:50,477 [java.util.concurrent.ThreadPoolExecutor$Worker@5c82ddc3[State = -1, empty queue]] WARN  server.GrpcLogAppender (GrpcLogAppender.java:timeoutAppendRequest(200)) - b12fb8a7-710d-4c3e-812a-0e86e46484d7@group-2679EB29DCDF->76bba12e-2f74-4525-959f-7a651f40206a-GrpcLogAppender: appendEntries Timeout, request=b12fb8a7-710d-4c3e-812a-0e86e46484d7->76bba12e-2f74-4525-959f-7a651f40206a#99-t1, previous=(t:1, i:18), leaderCommit=12, initializing? false, entries: <empty>
2019-09-12 13:10:50,477 [java.util.concurrent.ThreadPoolExecutor$Worker@558b229d[State = -1, empty queue]] WARN  server.GrpcLogAppender (GrpcLogAppender.java:timeoutAppendRequest(200)) - b12fb8a7-710d-4c3e-812a-0e86e46484d7@group-2679EB29DCDF->398b50df-cdaa-4e1b-b32c-4c6ed0083aaf-GrpcLogAppender: appendEntries Timeout, request=b12fb8a7-710d-4c3e-812a-0e86e46484d7->398b50df-cdaa-4e1b-b32c-4c6ed0083aaf#99-t1, previous=(t:1, i:18), leaderCommit=12, initializing? false, entries: <empty>
2019-09-12 13:10:51,564 [grpc-default-executor-6] INFO  impl.RaftServerProxy (RaftServerProxy.java:remove(95)) - bd0b0c89-cb45-482d-bed2-ad92fc2d5050: remove group-203775717D2F:null
2019-09-12 13:10:51,570 [RatisPipelineUtilsThread] WARN  pipeline.RatisPipelineUtils (RatisPipelineUtils.java:destroyPipeline(66)) - Pipeline destroy failed for pipeline=PipelineID=7700c51d-9357-46f7-9d29-203775717d2f dn=bd0b0c89-cb45-482d-bed2-ad92fc2d5050{ip: 192.168.34.38, host: pr-hdds-2007-65vhz-3510356991, networkLocation: /default-rack, certSerialId: null}
2019-09-12 13:10:51,576 [grpc-default-executor-6] INFO  impl.RaftServerProxy (RaftServerProxy.java:remove(95)) - 5d275853-b846-4f86-bc5b-0ba421435051: remove group-203775717D2F:null
2019-09-12 13:10:51,582 [RatisPipelineUtilsThread] WARN  pipeline.RatisPipelineUtils (RatisPipelineUtils.java:destroyPipeline(66)) - Pipeline destroy failed for pipeline=PipelineID=7700c51d-9357-46f7-9d29-203775717d2f dn=5d275853-b846-4f86-bc5b-0ba421435051{ip: 192.168.34.38, host: pr-hdds-2007-65vhz-3510356991, networkLocation: /default-rack, certSerialId: null}
2019-09-12 13:10:51,599 [grpc-default-executor-6] INFO  impl.RaftServerProxy (RaftServerProxy.java:remove(95)) - e2c05a36-c8a2-43f6-9f8f-11b9e2d7f4b8: remove group-203775717D2F:null
2019-09-12 13:10:51,606 [RatisPipelineUtilsThread] WARN  pipeline.RatisPipelineUtils (RatisPipelineUtils.java:destroyPipeline(66)) - Pipeline destroy failed for pipeline=PipelineID=7700c51d-9357-46f7-9d29-203775717d2f dn=e2c05a36-c8a2-43f6-9f8f-11b9e2d7f4b8{ip: 192.168.34.38, host: pr-hdds-2007-65vhz-3510356991, networkLocation: /default-rack, certSerialId: null}
2019-09-12 13:10:51,606 [RatisPipelineUtilsThread] ERROR pipeline.SCMPipelineManager (Scheduler.java:lambda$schedule$1(70)) - Destroy pipeline failed for pipeline:Pipeline[ Id: 7700c51d-9357-46f7-9d29-203775717d2f, Nodes: bd0b0c89-cb45-482d-bed2-ad92fc2d5050{ip: 192.168.34.38, host: pr-hdds-2007-65vhz-3510356991, networkLocation: /default-rack, certSerialId: null}5d275853-b846-4f86-bc5b-0ba421435051{ip: 192.168.34.38, host: pr-hdds-2007-65vhz-3510356991, networkLocation: /default-rack, certSerialId: null}e2c05a36-c8a2-43f6-9f8f-11b9e2d7f4b8{ip: 192.168.34.38, host: pr-hdds-2007-65vhz-3510356991, networkLocation: /default-rack, certSerialId: null}, Type:RATIS, Factor:THREE, State:CLOSED]
org.apache.hadoop.hdds.scm.pipeline.PipelineNotFoundException: PipelineID=7700c51d-9357-46f7-9d29-203775717d2f not found
	at org.apache.hadoop.hdds.scm.pipeline.PipelineStateMap.getPipeline(PipelineStateMap.java:132)
	at org.apache.hadoop.hdds.scm.pipeline.PipelineStateMap.removePipeline(PipelineStateMap.java:322)
	at org.apache.hadoop.hdds.scm.pipeline.PipelineStateManager.removePipeline(PipelineStateManager.java:107)
	at org.apache.hadoop.hdds.scm.pipeline.SCMPipelineManager.removePipeline(SCMPipelineManager.java:423)
	at org.apache.hadoop.hdds.scm.pipeline.SCMPipelineManager.destroyPipeline(SCMPipelineManager.java:409)
	at org.apache.hadoop.hdds.scm.pipeline.SCMPipelineManager.lambda$finalizeAndDestroyPipeline$0(SCMPipelineManager.java:318)
	at org.apache.hadoop.utils.Scheduler.lambda$schedule$1(Scheduler.java:68)
	at java.util.concurrent.Executors$RunnableAdapter.call(Executors.java:511)
	at java.util.concurrent.FutureTask.run(FutureTask.java:266)
	at java.util.concurrent.ScheduledThreadPoolExecutor$ScheduledFutureTask.access$201(ScheduledThreadPoolExecutor.java:180)
	at java.util.concurrent.ScheduledThreadPoolExecutor$ScheduledFutureTask.run(ScheduledThreadPoolExecutor.java:293)
	at java.util.concurrent.ThreadPoolExecutor.runWorker(ThreadPoolExecutor.java:1149)
	at java.util.concurrent.ThreadPoolExecutor$Worker.run(ThreadPoolExecutor.java:624)
	at java.lang.Thread.run(Thread.java:748)
2019-09-12 13:10:52,977 [java.util.concurrent.ThreadPoolExecutor$Worker@558b229d[State = -1, empty queue]] WARN  server.GrpcLogAppender (GrpcLogAppender.java:timeoutAppendRequest(200)) - b12fb8a7-710d-4c3e-812a-0e86e46484d7@group-2679EB29DCDF->398b50df-cdaa-4e1b-b32c-4c6ed0083aaf-GrpcLogAppender: appendEntries Timeout, request=b12fb8a7-710d-4c3e-812a-0e86e46484d7->398b50df-cdaa-4e1b-b32c-4c6ed0083aaf#100-t1, previous=(t:1, i:18), leaderCommit=12, initializing? false, entries: <empty>
2019-09-12 13:10:52,977 [java.util.concurrent.ThreadPoolExecutor$Worker@5c82ddc3[State = -1, empty queue]] WARN  server.GrpcLogAppender (GrpcLogAppender.java:timeoutAppendRequest(200)) - b12fb8a7-710d-4c3e-812a-0e86e46484d7@group-2679EB29DCDF->76bba12e-2f74-4525-959f-7a651f40206a-GrpcLogAppender: appendEntries Timeout, request=b12fb8a7-710d-4c3e-812a-0e86e46484d7->76bba12e-2f74-4525-959f-7a651f40206a#100-t1, previous=(t:1, i:18), leaderCommit=12, initializing? false, entries: <empty>
2019-09-12 13:10:53,558 [grpc-default-executor-6] INFO  impl.RaftServerProxy (RaftServerProxy.java:remove(95)) - bd0b0c89-cb45-482d-bed2-ad92fc2d5050: remove group-203775717D2F:null
2019-09-12 13:10:53,564 [RatisPipelineUtilsThread] WARN  pipeline.RatisPipelineUtils (RatisPipelineUtils.java:destroyPipeline(66)) - Pipeline destroy failed for pipeline=PipelineID=7700c51d-9357-46f7-9d29-203775717d2f dn=bd0b0c89-cb45-482d-bed2-ad92fc2d5050{ip: 192.168.34.38, host: pr-hdds-2007-65vhz-3510356991, networkLocation: /default-rack, certSerialId: null}
2019-09-12 13:10:53,567 [grpc-default-executor-6] INFO  impl.RaftServerProxy (RaftServerProxy.java:remove(95)) - 5d275853-b846-4f86-bc5b-0ba421435051: remove group-203775717D2F:null
2019-09-12 13:10:53,574 [RatisPipelineUtilsThread] WARN  pipeline.RatisPipelineUtils (RatisPipelineUtils.java:destroyPipeline(66)) - Pipeline destroy failed for pipeline=PipelineID=7700c51d-9357-46f7-9d29-203775717d2f dn=5d275853-b846-4f86-bc5b-0ba421435051{ip: 192.168.34.38, host: pr-hdds-2007-65vhz-3510356991, networkLocation: /default-rack, certSerialId: null}
2019-09-12 13:10:53,577 [grpc-default-executor-6] INFO  impl.RaftServerProxy (RaftServerProxy.java:remove(95)) - e2c05a36-c8a2-43f6-9f8f-11b9e2d7f4b8: remove group-203775717D2F:null
2019-09-12 13:10:53,583 [RatisPipelineUtilsThread] WARN  pipeline.RatisPipelineUtils (RatisPipelineUtils.java:destroyPipeline(66)) - Pipeline destroy failed for pipeline=PipelineID=7700c51d-9357-46f7-9d29-203775717d2f dn=e2c05a36-c8a2-43f6-9f8f-11b9e2d7f4b8{ip: 192.168.34.38, host: pr-hdds-2007-65vhz-3510356991, networkLocation: /default-rack, certSerialId: null}
2019-09-12 13:10:53,583 [RatisPipelineUtilsThread] ERROR pipeline.SCMPipelineManager (Scheduler.java:lambda$schedule$1(70)) - Destroy pipeline failed for pipeline:Pipeline[ Id: 7700c51d-9357-46f7-9d29-203775717d2f, Nodes: bd0b0c89-cb45-482d-bed2-ad92fc2d5050{ip: 192.168.34.38, host: pr-hdds-2007-65vhz-3510356991, networkLocation: /default-rack, certSerialId: null}5d275853-b846-4f86-bc5b-0ba421435051{ip: 192.168.34.38, host: pr-hdds-2007-65vhz-3510356991, networkLocation: /default-rack, certSerialId: null}e2c05a36-c8a2-43f6-9f8f-11b9e2d7f4b8{ip: 192.168.34.38, host: pr-hdds-2007-65vhz-3510356991, networkLocation: /default-rack, certSerialId: null}, Type:RATIS, Factor:THREE, State:CLOSED]
org.apache.hadoop.hdds.scm.pipeline.PipelineNotFoundException: PipelineID=7700c51d-9357-46f7-9d29-203775717d2f not found
	at org.apache.hadoop.hdds.scm.pipeline.PipelineStateMap.getPipeline(PipelineStateMap.java:132)
	at org.apache.hadoop.hdds.scm.pipeline.PipelineStateMap.removePipeline(PipelineStateMap.java:322)
	at org.apache.hadoop.hdds.scm.pipeline.PipelineStateManager.removePipeline(PipelineStateManager.java:107)
	at org.apache.hadoop.hdds.scm.pipeline.SCMPipelineManager.removePipeline(SCMPipelineManager.java:423)
	at org.apache.hadoop.hdds.scm.pipeline.SCMPipelineManager.destroyPipeline(SCMPipelineManager.java:409)
	at org.apache.hadoop.hdds.scm.pipeline.SCMPipelineManager.lambda$finalizeAndDestroyPipeline$0(SCMPipelineManager.java:318)
	at org.apache.hadoop.utils.Scheduler.lambda$schedule$1(Scheduler.java:68)
	at java.util.concurrent.Executors$RunnableAdapter.call(Executors.java:511)
	at java.util.concurrent.FutureTask.run(FutureTask.java:266)
	at java.util.concurrent.ScheduledThreadPoolExecutor$ScheduledFutureTask.access$201(ScheduledThreadPoolExecutor.java:180)
	at java.util.concurrent.ScheduledThreadPoolExecutor$ScheduledFutureTask.run(ScheduledThreadPoolExecutor.java:293)
	at java.util.concurrent.ThreadPoolExecutor.runWorker(ThreadPoolExecutor.java:1149)
	at java.util.concurrent.ThreadPoolExecutor$Worker.run(ThreadPoolExecutor.java:624)
	at java.lang.Thread.run(Thread.java:748)
2019-09-12 13:10:54,973 [398b50df-cdaa-4e1b-b32c-4c6ed0083aaf@group-2679EB29DCDF-SegmentedRaftLogWorker] WARN  segmented.SegmentedRaftLogWorker (SegmentedRaftLogWorker.java:getFromFuture(90)) - Timeout 1/~
org.apache.ratis.protocol.TimeoutIOException: Timeout 10s: WriteLog:13: (t:1, i:13), STATEMACHINELOGENTRY, client-BDAEC2693858, cid=33-writeStateMachineData
	at org.apache.ratis.util.IOUtils.getFromFuture(IOUtils.java:87)
	at org.apache.ratis.server.raftlog.segmented.SegmentedRaftLogWorker$StateMachineDataPolicy.getFromFuture(SegmentedRaftLogWorker.java:87)
	at org.apache.ratis.server.raftlog.segmented.SegmentedRaftLogWorker$WriteLog.execute(SegmentedRaftLogWorker.java:477)
	at org.apache.ratis.server.raftlog.segmented.SegmentedRaftLogWorker.run(SegmentedRaftLogWorker.java:289)
	at java.lang.Thread.run(Thread.java:748)
Caused by: java.util.concurrent.TimeoutException
	at java.util.concurrent.CompletableFuture.timedGet(CompletableFuture.java:1771)
	at java.util.concurrent.CompletableFuture.get(CompletableFuture.java:1915)
	at org.apache.ratis.util.IOUtils.getFromFuture(IOUtils.java:79)
	... 4 more
2019-09-12 13:10:54,973 [76bba12e-2f74-4525-959f-7a651f40206a@group-2679EB29DCDF-SegmentedRaftLogWorker] WARN  segmented.SegmentedRaftLogWorker (SegmentedRaftLogWorker.java:getFromFuture(90)) - Timeout 1/~
org.apache.ratis.protocol.TimeoutIOException: Timeout 10s: WriteLog:13: (t:1, i:13), STATEMACHINELOGENTRY, client-BDAEC2693858, cid=33-writeStateMachineData
	at org.apache.ratis.util.IOUtils.getFromFuture(IOUtils.java:87)
	at org.apache.ratis.server.raftlog.segmented.SegmentedRaftLogWorker$StateMachineDataPolicy.getFromFuture(SegmentedRaftLogWorker.java:87)
	at org.apache.ratis.server.raftlog.segmented.SegmentedRaftLogWorker$WriteLog.execute(SegmentedRaftLogWorker.java:477)
	at org.apache.ratis.server.raftlog.segmented.SegmentedRaftLogWorker.run(SegmentedRaftLogWorker.java:289)
	at java.lang.Thread.run(Thread.java:748)
Caused by: java.util.concurrent.TimeoutException
	at java.util.concurrent.CompletableFuture.timedGet(CompletableFuture.java:1771)
	at java.util.concurrent.CompletableFuture.get(CompletableFuture.java:1915)
	at org.apache.ratis.util.IOUtils.getFromFuture(IOUtils.java:79)
	... 4 more
2019-09-12 13:10:55,030 [b12fb8a7-710d-4c3e-812a-0e86e46484d7@group-2679EB29DCDF-SegmentedRaftLogWorker] WARN  segmented.SegmentedRaftLogWorker (SegmentedRaftLogWorker.java:getFromFuture(90)) - Timeout 1/~
org.apache.ratis.protocol.TimeoutIOException: Timeout 10s: WriteLog:14: (t:1, i:14), STATEMACHINELOGENTRY, client-BDAEC2693858, cid=34-writeStateMachineData
	at org.apache.ratis.util.IOUtils.getFromFuture(IOUtils.java:87)
	at org.apache.ratis.server.raftlog.segmented.SegmentedRaftLogWorker$StateMachineDataPolicy.getFromFuture(SegmentedRaftLogWorker.java:87)
	at org.apache.ratis.server.raftlog.segmented.SegmentedRaftLogWorker$WriteLog.execute(SegmentedRaftLogWorker.java:477)
	at org.apache.ratis.server.raftlog.segmented.SegmentedRaftLogWorker.run(SegmentedRaftLogWorker.java:289)
	at java.lang.Thread.run(Thread.java:748)
Caused by: java.util.concurrent.TimeoutException
	at java.util.concurrent.CompletableFuture.timedGet(CompletableFuture.java:1771)
	at java.util.concurrent.CompletableFuture.get(CompletableFuture.java:1915)
	at org.apache.ratis.util.IOUtils.getFromFuture(IOUtils.java:79)
	... 4 more
2019-09-12 13:10:55,298 [grpc-default-executor-6] INFO  client.GrpcClientProtocolClient (GrpcClientProtocolClient.java:onNext(264)) - client-BDAEC2693858->398b50df-cdaa-4e1b-b32c-4c6ed0083aaf: receive RaftClientReply:client-BDAEC2693858->398b50df-cdaa-4e1b-b32c-4c6ed0083aaf@group-2679EB29DCDF, cid=33, FAILED org.apache.ratis.protocol.NotLeaderException: Server 398b50df-cdaa-4e1b-b32c-4c6ed0083aaf@group-2679EB29DCDF is not the leader b12fb8a7-710d-4c3e-812a-0e86e46484d7:192.168.34.38:33689, logIndex=0, commits[398b50df-cdaa-4e1b-b32c-4c6ed0083aaf:c12, b12fb8a7-710d-4c3e-812a-0e86e46484d7:c12, 76bba12e-2f74-4525-959f-7a651f40206a:c10]
2019-09-12 13:10:55,478 [java.util.concurrent.ThreadPoolExecutor$Worker@5c82ddc3[State = -1, empty queue]] WARN  server.GrpcLogAppender (GrpcLogAppender.java:timeoutAppendRequest(200)) - b12fb8a7-710d-4c3e-812a-0e86e46484d7@group-2679EB29DCDF->76bba12e-2f74-4525-959f-7a651f40206a-GrpcLogAppender: appendEntries Timeout, request=b12fb8a7-710d-4c3e-812a-0e86e46484d7->76bba12e-2f74-4525-959f-7a651f40206a#101-t1, previous=(t:1, i:18), leaderCommit=12, initializing? false, entries: <empty>
2019-09-12 13:10:55,478 [java.util.concurrent.ThreadPoolExecutor$Worker@558b229d[State = -1, empty queue]] WARN  server.GrpcLogAppender (GrpcLogAppender.java:timeoutAppendRequest(200)) - b12fb8a7-710d-4c3e-812a-0e86e46484d7@group-2679EB29DCDF->398b50df-cdaa-4e1b-b32c-4c6ed0083aaf-GrpcLogAppender: appendEntries Timeout, request=b12fb8a7-710d-4c3e-812a-0e86e46484d7->398b50df-cdaa-4e1b-b32c-4c6ed0083aaf#101-t1, previous=(t:1, i:18), leaderCommit=12, initializing? false, entries: <empty>
2019-09-12 13:10:56,564 [grpc-default-executor-3] INFO  impl.RaftServerProxy (RaftServerProxy.java:remove(95)) - bd0b0c89-cb45-482d-bed2-ad92fc2d5050: remove group-203775717D2F:null
2019-09-12 13:10:56,578 [RatisPipelineUtilsThread] WARN  pipeline.RatisPipelineUtils (RatisPipelineUtils.java:destroyPipeline(66)) - Pipeline destroy failed for pipeline=PipelineID=7700c51d-9357-46f7-9d29-203775717d2f dn=bd0b0c89-cb45-482d-bed2-ad92fc2d5050{ip: 192.168.34.38, host: pr-hdds-2007-65vhz-3510356991, networkLocation: /default-rack, certSerialId: null}
2019-09-12 13:10:56,582 [grpc-default-executor-3] INFO  impl.RaftServerProxy (RaftServerProxy.java:remove(95)) - 5d275853-b846-4f86-bc5b-0ba421435051: remove group-203775717D2F:null
2019-09-12 13:10:56,587 [RatisPipelineUtilsThread] WARN  pipeline.RatisPipelineUtils (RatisPipelineUtils.java:destroyPipeline(66)) - Pipeline destroy failed for pipeline=PipelineID=7700c51d-9357-46f7-9d29-203775717d2f dn=5d275853-b846-4f86-bc5b-0ba421435051{ip: 192.168.34.38, host: pr-hdds-2007-65vhz-3510356991, networkLocation: /default-rack, certSerialId: null}
2019-09-12 13:10:56,591 [grpc-default-executor-3] INFO  impl.RaftServerProxy (RaftServerProxy.java:remove(95)) - e2c05a36-c8a2-43f6-9f8f-11b9e2d7f4b8: remove group-203775717D2F:null
2019-09-12 13:10:56,597 [RatisPipelineUtilsThread] WARN  pipeline.RatisPipelineUtils (RatisPipelineUtils.java:destroyPipeline(66)) - Pipeline destroy failed for pipeline=PipelineID=7700c51d-9357-46f7-9d29-203775717d2f dn=e2c05a36-c8a2-43f6-9f8f-11b9e2d7f4b8{ip: 192.168.34.38, host: pr-hdds-2007-65vhz-3510356991, networkLocation: /default-rack, certSerialId: null}
2019-09-12 13:10:56,598 [RatisPipelineUtilsThread] ERROR pipeline.SCMPipelineManager (Scheduler.java:lambda$schedule$1(70)) - Destroy pipeline failed for pipeline:Pipeline[ Id: 7700c51d-9357-46f7-9d29-203775717d2f, Nodes: bd0b0c89-cb45-482d-bed2-ad92fc2d5050{ip: 192.168.34.38, host: pr-hdds-2007-65vhz-3510356991, networkLocation: /default-rack, certSerialId: null}5d275853-b846-4f86-bc5b-0ba421435051{ip: 192.168.34.38, host: pr-hdds-2007-65vhz-3510356991, networkLocation: /default-rack, certSerialId: null}e2c05a36-c8a2-43f6-9f8f-11b9e2d7f4b8{ip: 192.168.34.38, host: pr-hdds-2007-65vhz-3510356991, networkLocation: /default-rack, certSerialId: null}, Type:RATIS, Factor:THREE, State:CLOSED]
org.apache.hadoop.hdds.scm.pipeline.PipelineNotFoundException: PipelineID=7700c51d-9357-46f7-9d29-203775717d2f not found
	at org.apache.hadoop.hdds.scm.pipeline.PipelineStateMap.getPipeline(PipelineStateMap.java:132)
	at org.apache.hadoop.hdds.scm.pipeline.PipelineStateMap.removePipeline(PipelineStateMap.java:322)
	at org.apache.hadoop.hdds.scm.pipeline.PipelineStateManager.removePipeline(PipelineStateManager.java:107)
	at org.apache.hadoop.hdds.scm.pipeline.SCMPipelineManager.removePipeline(SCMPipelineManager.java:423)
	at org.apache.hadoop.hdds.scm.pipeline.SCMPipelineManager.destroyPipeline(SCMPipelineManager.java:409)
	at org.apache.hadoop.hdds.scm.pipeline.SCMPipelineManager.lambda$finalizeAndDestroyPipeline$0(SCMPipelineManager.java:318)
	at org.apache.hadoop.utils.Scheduler.lambda$schedule$1(Scheduler.java:68)
	at java.util.concurrent.Executors$RunnableAdapter.call(Executors.java:511)
	at java.util.concurrent.FutureTask.run(FutureTask.java:266)
	at java.util.concurrent.ScheduledThreadPoolExecutor$ScheduledFutureTask.access$201(ScheduledThreadPoolExecutor.java:180)
	at java.util.concurrent.ScheduledThreadPoolExecutor$ScheduledFutureTask.run(ScheduledThreadPoolExecutor.java:293)
	at java.util.concurrent.ThreadPoolExecutor.runWorker(ThreadPoolExecutor.java:1149)
	at java.util.concurrent.ThreadPoolExecutor$Worker.run(ThreadPoolExecutor.java:624)
	at java.lang.Thread.run(Thread.java:748)
2019-09-12 13:10:57,978 [java.util.concurrent.ThreadPoolExecutor$Worker@5c82ddc3[State = -1, empty queue]] WARN  server.GrpcLogAppender (GrpcLogAppender.java:timeoutAppendRequest(200)) - b12fb8a7-710d-4c3e-812a-0e86e46484d7@group-2679EB29DCDF->76bba12e-2f74-4525-959f-7a651f40206a-GrpcLogAppender: appendEntries Timeout, request=b12fb8a7-710d-4c3e-812a-0e86e46484d7->76bba12e-2f74-4525-959f-7a651f40206a#102-t1, previous=(t:1, i:18), leaderCommit=12, initializing? false, entries: <empty>
2019-09-12 13:10:57,978 [java.util.concurrent.ThreadPoolExecutor$Worker@558b229d[State = -1, empty queue]] WARN  server.GrpcLogAppender (GrpcLogAppender.java:timeoutAppendRequest(200)) - b12fb8a7-710d-4c3e-812a-0e86e46484d7@group-2679EB29DCDF->398b50df-cdaa-4e1b-b32c-4c6ed0083aaf-GrpcLogAppender: appendEntries Timeout, request=b12fb8a7-710d-4c3e-812a-0e86e46484d7->398b50df-cdaa-4e1b-b32c-4c6ed0083aaf#102-t1, previous=(t:1, i:18), leaderCommit=12, initializing? false, entries: <empty>
2019-09-12 13:10:58,570 [grpc-default-executor-5] INFO  impl.RaftServerProxy (RaftServerProxy.java:remove(95)) - bd0b0c89-cb45-482d-bed2-ad92fc2d5050: remove group-203775717D2F:null
2019-09-12 13:10:58,578 [RatisPipelineUtilsThread] WARN  pipeline.RatisPipelineUtils (RatisPipelineUtils.java:destroyPipeline(66)) - Pipeline destroy failed for pipeline=PipelineID=7700c51d-9357-46f7-9d29-203775717d2f dn=bd0b0c89-cb45-482d-bed2-ad92fc2d5050{ip: 192.168.34.38, host: pr-hdds-2007-65vhz-3510356991, networkLocation: /default-rack, certSerialId: null}
2019-09-12 13:10:58,583 [grpc-default-executor-5] INFO  impl.RaftServerProxy (RaftServerProxy.java:remove(95)) - 5d275853-b846-4f86-bc5b-0ba421435051: remove group-203775717D2F:null
2019-09-12 13:10:58,588 [RatisPipelineUtilsThread] WARN  pipeline.RatisPipelineUtils (RatisPipelineUtils.java:destroyPipeline(66)) - Pipeline destroy failed for pipeline=PipelineID=7700c51d-9357-46f7-9d29-203775717d2f dn=5d275853-b846-4f86-bc5b-0ba421435051{ip: 192.168.34.38, host: pr-hdds-2007-65vhz-3510356991, networkLocation: /default-rack, certSerialId: null}
2019-09-12 13:10:58,592 [grpc-default-executor-5] INFO  impl.RaftServerProxy (RaftServerProxy.java:remove(95)) - e2c05a36-c8a2-43f6-9f8f-11b9e2d7f4b8: remove group-203775717D2F:null
2019-09-12 13:10:58,597 [RatisPipelineUtilsThread] WARN  pipeline.RatisPipelineUtils (RatisPipelineUtils.java:destroyPipeline(66)) - Pipeline destroy failed for pipeline=PipelineID=7700c51d-9357-46f7-9d29-203775717d2f dn=e2c05a36-c8a2-43f6-9f8f-11b9e2d7f4b8{ip: 192.168.34.38, host: pr-hdds-2007-65vhz-3510356991, networkLocation: /default-rack, certSerialId: null}
2019-09-12 13:10:58,597 [RatisPipelineUtilsThread] ERROR pipeline.SCMPipelineManager (Scheduler.java:lambda$schedule$1(70)) - Destroy pipeline failed for pipeline:Pipeline[ Id: 7700c51d-9357-46f7-9d29-203775717d2f, Nodes: bd0b0c89-cb45-482d-bed2-ad92fc2d5050{ip: 192.168.34.38, host: pr-hdds-2007-65vhz-3510356991, networkLocation: /default-rack, certSerialId: null}5d275853-b846-4f86-bc5b-0ba421435051{ip: 192.168.34.38, host: pr-hdds-2007-65vhz-3510356991, networkLocation: /default-rack, certSerialId: null}e2c05a36-c8a2-43f6-9f8f-11b9e2d7f4b8{ip: 192.168.34.38, host: pr-hdds-2007-65vhz-3510356991, networkLocation: /default-rack, certSerialId: null}, Type:RATIS, Factor:THREE, State:CLOSED]
org.apache.hadoop.hdds.scm.pipeline.PipelineNotFoundException: PipelineID=7700c51d-9357-46f7-9d29-203775717d2f not found
	at org.apache.hadoop.hdds.scm.pipeline.PipelineStateMap.getPipeline(PipelineStateMap.java:132)
	at org.apache.hadoop.hdds.scm.pipeline.PipelineStateMap.removePipeline(PipelineStateMap.java:322)
	at org.apache.hadoop.hdds.scm.pipeline.PipelineStateManager.removePipeline(PipelineStateManager.java:107)
	at org.apache.hadoop.hdds.scm.pipeline.SCMPipelineManager.removePipeline(SCMPipelineManager.java:423)
	at org.apache.hadoop.hdds.scm.pipeline.SCMPipelineManager.destroyPipeline(SCMPipelineManager.java:409)
	at org.apache.hadoop.hdds.scm.pipeline.SCMPipelineManager.lambda$finalizeAndDestroyPipeline$0(SCMPipelineManager.java:318)
	at org.apache.hadoop.utils.Scheduler.lambda$schedule$1(Scheduler.java:68)
	at java.util.concurrent.Executors$RunnableAdapter.call(Executors.java:511)
	at java.util.concurrent.FutureTask.run(FutureTask.java:266)
	at java.util.concurrent.ScheduledThreadPoolExecutor$ScheduledFutureTask.access$201(ScheduledThreadPoolExecutor.java:180)
	at java.util.concurrent.ScheduledThreadPoolExecutor$ScheduledFutureTask.run(ScheduledThreadPoolExecutor.java:293)
	at java.util.concurrent.ThreadPoolExecutor.runWorker(ThreadPoolExecutor.java:1149)
	at java.util.concurrent.ThreadPoolExecutor$Worker.run(ThreadPoolExecutor.java:624)
	at java.lang.Thread.run(Thread.java:748)
2019-09-12 13:11:00,462 [grpc-default-executor-3] INFO  client.GrpcClientProtocolClient (GrpcClientProtocolClient.java:onNext(264)) - client-BDAEC2693858->76bba12e-2f74-4525-959f-7a651f40206a: receive RaftClientReply:client-BDAEC2693858->76bba12e-2f74-4525-959f-7a651f40206a@group-2679EB29DCDF, cid=33, FAILED org.apache.ratis.protocol.NotLeaderException: Server 76bba12e-2f74-4525-959f-7a651f40206a@group-2679EB29DCDF is not the leader b12fb8a7-710d-4c3e-812a-0e86e46484d7:192.168.34.38:33689, logIndex=0, commits[76bba12e-2f74-4525-959f-7a651f40206a:c12, 398b50df-cdaa-4e1b-b32c-4c6ed0083aaf:c10, b12fb8a7-710d-4c3e-812a-0e86e46484d7:c12]
2019-09-12 13:11:00,480 [java.util.concurrent.ThreadPoolExecutor$Worker@558b229d[State = -1, empty queue]] WARN  server.GrpcLogAppender (GrpcLogAppender.java:timeoutAppendRequest(200)) - b12fb8a7-710d-4c3e-812a-0e86e46484d7@group-2679EB29DCDF->398b50df-cdaa-4e1b-b32c-4c6ed0083aaf-GrpcLogAppender: appendEntries Timeout, request=b12fb8a7-710d-4c3e-812a-0e86e46484d7->398b50df-cdaa-4e1b-b32c-4c6ed0083aaf#103-t1, previous=(t:1, i:18), leaderCommit=12, initializing? false, entries: <empty>
2019-09-12 13:11:00,480 [java.util.concurrent.ThreadPoolExecutor$Worker@5c82ddc3[State = -1, empty queue]] WARN  server.GrpcLogAppender (GrpcLogAppender.java:timeoutAppendRequest(200)) - b12fb8a7-710d-4c3e-812a-0e86e46484d7@group-2679EB29DCDF->76bba12e-2f74-4525-959f-7a651f40206a-GrpcLogAppender: appendEntries Timeout, request=b12fb8a7-710d-4c3e-812a-0e86e46484d7->76bba12e-2f74-4525-959f-7a651f40206a#103-t1, previous=(t:1, i:18), leaderCommit=12, initializing? false, entries: <empty>
2019-09-12 13:11:01,567 [grpc-default-executor-3] INFO  impl.RaftServerProxy (RaftServerProxy.java:remove(95)) - bd0b0c89-cb45-482d-bed2-ad92fc2d5050: remove group-203775717D2F:null
2019-09-12 13:11:01,576 [RatisPipelineUtilsThread] WARN  pipeline.RatisPipelineUtils (RatisPipelineUtils.java:destroyPipeline(66)) - Pipeline destroy failed for pipeline=PipelineID=7700c51d-9357-46f7-9d29-203775717d2f dn=bd0b0c89-cb45-482d-bed2-ad92fc2d5050{ip: 192.168.34.38, host: pr-hdds-2007-65vhz-3510356991, networkLocation: /default-rack, certSerialId: null}
2019-09-12 13:11:01,580 [grpc-default-executor-3] INFO  impl.RaftServerProxy (RaftServerProxy.java:remove(95)) - 5d275853-b846-4f86-bc5b-0ba421435051: remove group-203775717D2F:null
2019-09-12 13:11:01,587 [RatisPipelineUtilsThread] WARN  pipeline.RatisPipelineUtils (RatisPipelineUtils.java:destroyPipeline(66)) - Pipeline destroy failed for pipeline=PipelineID=7700c51d-9357-46f7-9d29-203775717d2f dn=5d275853-b846-4f86-bc5b-0ba421435051{ip: 192.168.34.38, host: pr-hdds-2007-65vhz-3510356991, networkLocation: /default-rack, certSerialId: null}
2019-09-12 13:11:01,590 [grpc-default-executor-3] INFO  impl.RaftServerProxy (RaftServerProxy.java:remove(95)) - e2c05a36-c8a2-43f6-9f8f-11b9e2d7f4b8: remove group-203775717D2F:null
2019-09-12 13:11:01,596 [RatisPipelineUtilsThread] WARN  pipeline.RatisPipelineUtils (RatisPipelineUtils.java:destroyPipeline(66)) - Pipeline destroy failed for pipeline=PipelineID=7700c51d-9357-46f7-9d29-203775717d2f dn=e2c05a36-c8a2-43f6-9f8f-11b9e2d7f4b8{ip: 192.168.34.38, host: pr-hdds-2007-65vhz-3510356991, networkLocation: /default-rack, certSerialId: null}
2019-09-12 13:11:02,356 [RatisPipelineUtilsThread] ERROR pipeline.SCMPipelineManager (Scheduler.java:lambda$schedule$1(70)) - Destroy pipeline failed for pipeline:Pipeline[ Id: 7700c51d-9357-46f7-9d29-203775717d2f, Nodes: bd0b0c89-cb45-482d-bed2-ad92fc2d5050{ip: 192.168.34.38, host: pr-hdds-2007-65vhz-3510356991, networkLocation: /default-rack, certSerialId: null}5d275853-b846-4f86-bc5b-0ba421435051{ip: 192.168.34.38, host: pr-hdds-2007-65vhz-3510356991, networkLocation: /default-rack, certSerialId: null}e2c05a36-c8a2-43f6-9f8f-11b9e2d7f4b8{ip: 192.168.34.38, host: pr-hdds-2007-65vhz-3510356991, networkLocation: /default-rack, certSerialId: null}, Type:RATIS, Factor:THREE, State:CLOSED]
org.apache.hadoop.hdds.scm.pipeline.PipelineNotFoundException: PipelineID=7700c51d-9357-46f7-9d29-203775717d2f not found
	at org.apache.hadoop.hdds.scm.pipeline.PipelineStateMap.getPipeline(PipelineStateMap.java:132)
	at org.apache.hadoop.hdds.scm.pipeline.PipelineStateMap.removePipeline(PipelineStateMap.java:322)
	at org.apache.hadoop.hdds.scm.pipeline.PipelineStateManager.removePipeline(PipelineStateManager.java:107)
	at org.apache.hadoop.hdds.scm.pipeline.SCMPipelineManager.removePipeline(SCMPipelineManager.java:423)
	at org.apache.hadoop.hdds.scm.pipeline.SCMPipelineManager.destroyPipeline(SCMPipelineManager.java:409)
	at org.apache.hadoop.hdds.scm.pipeline.SCMPipelineManager.lambda$finalizeAndDestroyPipeline$0(SCMPipelineManager.java:318)
	at org.apache.hadoop.utils.Scheduler.lambda$schedule$1(Scheduler.java:68)
	at java.util.concurrent.Executors$RunnableAdapter.call(Executors.java:511)
	at java.util.concurrent.FutureTask.run(FutureTask.java:266)
	at java.util.concurrent.ScheduledThreadPoolExecutor$ScheduledFutureTask.access$201(ScheduledThreadPoolExecutor.java:180)
	at java.util.concurrent.ScheduledThreadPoolExecutor$ScheduledFutureTask.run(ScheduledThreadPoolExecutor.java:293)
	at java.util.concurrent.ThreadPoolExecutor.runWorker(ThreadPoolExecutor.java:1149)
	at java.util.concurrent.ThreadPoolExecutor$Worker.run(ThreadPoolExecutor.java:624)
	at java.lang.Thread.run(Thread.java:748)
2019-09-12 13:11:02,980 [java.util.concurrent.ThreadPoolExecutor$Worker@558b229d[State = -1, empty queue]] WARN  server.GrpcLogAppender (GrpcLogAppender.java:timeoutAppendRequest(200)) - b12fb8a7-710d-4c3e-812a-0e86e46484d7@group-2679EB29DCDF->398b50df-cdaa-4e1b-b32c-4c6ed0083aaf-GrpcLogAppender: appendEntries Timeout, request=b12fb8a7-710d-4c3e-812a-0e86e46484d7->398b50df-cdaa-4e1b-b32c-4c6ed0083aaf#104-t1, previous=(t:1, i:18), leaderCommit=12, initializing? false, entries: <empty>
2019-09-12 13:11:02,980 [java.util.concurrent.ThreadPoolExecutor$Worker@5c82ddc3[State = -1, empty queue]] WARN  server.GrpcLogAppender (GrpcLogAppender.java:timeoutAppendRequest(200)) - b12fb8a7-710d-4c3e-812a-0e86e46484d7@group-2679EB29DCDF->76bba12e-2f74-4525-959f-7a651f40206a-GrpcLogAppender: appendEntries Timeout, request=b12fb8a7-710d-4c3e-812a-0e86e46484d7->76bba12e-2f74-4525-959f-7a651f40206a#104-t1, previous=(t:1, i:18), leaderCommit=12, initializing? false, entries: <empty>
2019-09-12 13:11:03,562 [grpc-default-executor-5] INFO  impl.RaftServerProxy (RaftServerProxy.java:remove(95)) - bd0b0c89-cb45-482d-bed2-ad92fc2d5050: remove group-203775717D2F:null
2019-09-12 13:11:03,570 [RatisPipelineUtilsThread] WARN  pipeline.RatisPipelineUtils (RatisPipelineUtils.java:destroyPipeline(66)) - Pipeline destroy failed for pipeline=PipelineID=7700c51d-9357-46f7-9d29-203775717d2f dn=bd0b0c89-cb45-482d-bed2-ad92fc2d5050{ip: 192.168.34.38, host: pr-hdds-2007-65vhz-3510356991, networkLocation: /default-rack, certSerialId: null}
2019-09-12 13:11:03,573 [grpc-default-executor-5] INFO  impl.RaftServerProxy (RaftServerProxy.java:remove(95)) - 5d275853-b846-4f86-bc5b-0ba421435051: remove group-203775717D2F:null
2019-09-12 13:11:03,578 [RatisPipelineUtilsThread] WARN  pipeline.RatisPipelineUtils (RatisPipelineUtils.java:destroyPipeline(66)) - Pipeline destroy failed for pipeline=PipelineID=7700c51d-9357-46f7-9d29-203775717d2f dn=5d275853-b846-4f86-bc5b-0ba421435051{ip: 192.168.34.38, host: pr-hdds-2007-65vhz-3510356991, networkLocation: /default-rack, certSerialId: null}
2019-09-12 13:11:03,581 [grpc-default-executor-5] INFO  impl.RaftServerProxy (RaftServerProxy.java:remove(95)) - e2c05a36-c8a2-43f6-9f8f-11b9e2d7f4b8: remove group-203775717D2F:null
2019-09-12 13:11:03,585 [RatisPipelineUtilsThread] WARN  pipeline.RatisPipelineUtils (RatisPipelineUtils.java:destroyPipeline(66)) - Pipeline destroy failed for pipeline=PipelineID=7700c51d-9357-46f7-9d29-203775717d2f dn=e2c05a36-c8a2-43f6-9f8f-11b9e2d7f4b8{ip: 192.168.34.38, host: pr-hdds-2007-65vhz-3510356991, networkLocation: /default-rack, certSerialId: null}
2019-09-12 13:11:03,586 [RatisPipelineUtilsThread] ERROR pipeline.SCMPipelineManager (Scheduler.java:lambda$schedule$1(70)) - Destroy pipeline failed for pipeline:Pipeline[ Id: 7700c51d-9357-46f7-9d29-203775717d2f, Nodes: bd0b0c89-cb45-482d-bed2-ad92fc2d5050{ip: 192.168.34.38, host: pr-hdds-2007-65vhz-3510356991, networkLocation: /default-rack, certSerialId: null}5d275853-b846-4f86-bc5b-0ba421435051{ip: 192.168.34.38, host: pr-hdds-2007-65vhz-3510356991, networkLocation: /default-rack, certSerialId: null}e2c05a36-c8a2-43f6-9f8f-11b9e2d7f4b8{ip: 192.168.34.38, host: pr-hdds-2007-65vhz-3510356991, networkLocation: /default-rack, certSerialId: null}, Type:RATIS, Factor:THREE, State:CLOSED]
org.apache.hadoop.hdds.scm.pipeline.PipelineNotFoundException: PipelineID=7700c51d-9357-46f7-9d29-203775717d2f not found
	at org.apache.hadoop.hdds.scm.pipeline.PipelineStateMap.getPipeline(PipelineStateMap.java:132)
	at org.apache.hadoop.hdds.scm.pipeline.PipelineStateMap.removePipeline(PipelineStateMap.java:322)
	at org.apache.hadoop.hdds.scm.pipeline.PipelineStateManager.removePipeline(PipelineStateManager.java:107)
	at org.apache.hadoop.hdds.scm.pipeline.SCMPipelineManager.removePipeline(SCMPipelineManager.java:423)
	at org.apache.hadoop.hdds.scm.pipeline.SCMPipelineManager.destroyPipeline(SCMPipelineManager.java:409)
	at org.apache.hadoop.hdds.scm.pipeline.SCMPipelineManager.lambda$finalizeAndDestroyPipeline$0(SCMPipelineManager.java:318)
	at org.apache.hadoop.utils.Scheduler.lambda$schedule$1(Scheduler.java:68)
	at java.util.concurrent.Executors$RunnableAdapter.call(Executors.java:511)
	at java.util.concurrent.FutureTask.run(FutureTask.java:266)
	at java.util.concurrent.ScheduledThreadPoolExecutor$ScheduledFutureTask.access$201(ScheduledThreadPoolExecutor.java:180)
	at java.util.concurrent.ScheduledThreadPoolExecutor$ScheduledFutureTask.run(ScheduledThreadPoolExecutor.java:293)
	at java.util.concurrent.ThreadPoolExecutor.runWorker(ThreadPoolExecutor.java:1149)
	at java.util.concurrent.ThreadPoolExecutor$Worker.run(ThreadPoolExecutor.java:624)
	at java.lang.Thread.run(Thread.java:748)
2019-09-12 13:11:04,974 [398b50df-cdaa-4e1b-b32c-4c6ed0083aaf@group-2679EB29DCDF-SegmentedRaftLogWorker] WARN  segmented.SegmentedRaftLogWorker (SegmentedRaftLogWorker.java:getFromFuture(90)) - Timeout 2/~
org.apache.ratis.protocol.TimeoutIOException: Timeout 10s: WriteLog:13: (t:1, i:13), STATEMACHINELOGENTRY, client-BDAEC2693858, cid=33-writeStateMachineData
	at org.apache.ratis.util.IOUtils.getFromFuture(IOUtils.java:87)
	at org.apache.ratis.server.raftlog.segmented.SegmentedRaftLogWorker$StateMachineDataPolicy.getFromFuture(SegmentedRaftLogWorker.java:87)
	at org.apache.ratis.server.raftlog.segmented.SegmentedRaftLogWorker$WriteLog.execute(SegmentedRaftLogWorker.java:477)
	at org.apache.ratis.server.raftlog.segmented.SegmentedRaftLogWorker.run(SegmentedRaftLogWorker.java:289)
	at java.lang.Thread.run(Thread.java:748)
Caused by: java.util.concurrent.TimeoutException
	at java.util.concurrent.CompletableFuture.timedGet(CompletableFuture.java:1771)
	at java.util.concurrent.CompletableFuture.get(CompletableFuture.java:1915)
	at org.apache.ratis.util.IOUtils.getFromFuture(IOUtils.java:79)
	... 4 more
2019-09-12 13:11:04,974 [76bba12e-2f74-4525-959f-7a651f40206a@group-2679EB29DCDF-SegmentedRaftLogWorker] WARN  segmented.SegmentedRaftLogWorker (SegmentedRaftLogWorker.java:getFromFuture(90)) - Timeout 2/~
org.apache.ratis.protocol.TimeoutIOException: Timeout 10s: WriteLog:13: (t:1, i:13), STATEMACHINELOGENTRY, client-BDAEC2693858, cid=33-writeStateMachineData
	at org.apache.ratis.util.IOUtils.getFromFuture(IOUtils.java:87)
	at org.apache.ratis.server.raftlog.segmented.SegmentedRaftLogWorker$StateMachineDataPolicy.getFromFuture(SegmentedRaftLogWorker.java:87)
	at org.apache.ratis.server.raftlog.segmented.SegmentedRaftLogWorker$WriteLog.execute(SegmentedRaftLogWorker.java:477)
	at org.apache.ratis.server.raftlog.segmented.SegmentedRaftLogWorker.run(SegmentedRaftLogWorker.java:289)
	at java.lang.Thread.run(Thread.java:748)
Caused by: java.util.concurrent.TimeoutException
	at java.util.concurrent.CompletableFuture.timedGet(CompletableFuture.java:1771)
	at java.util.concurrent.CompletableFuture.get(CompletableFuture.java:1915)
	at org.apache.ratis.util.IOUtils.getFromFuture(IOUtils.java:79)
	... 4 more
2019-09-12 13:11:05,030 [b12fb8a7-710d-4c3e-812a-0e86e46484d7@group-2679EB29DCDF-SegmentedRaftLogWorker] WARN  segmented.SegmentedRaftLogWorker (SegmentedRaftLogWorker.java:getFromFuture(90)) - Timeout 2/~
org.apache.ratis.protocol.TimeoutIOException: Timeout 10s: WriteLog:14: (t:1, i:14), STATEMACHINELOGENTRY, client-BDAEC2693858, cid=34-writeStateMachineData
	at org.apache.ratis.util.IOUtils.getFromFuture(IOUtils.java:87)
	at org.apache.ratis.server.raftlog.segmented.SegmentedRaftLogWorker$StateMachineDataPolicy.getFromFuture(SegmentedRaftLogWorker.java:87)
	at org.apache.ratis.server.raftlog.segmented.SegmentedRaftLogWorker$WriteLog.execute(SegmentedRaftLogWorker.java:477)
	at org.apache.ratis.server.raftlog.segmented.SegmentedRaftLogWorker.run(SegmentedRaftLogWorker.java:289)
	at java.lang.Thread.run(Thread.java:748)
Caused by: java.util.concurrent.TimeoutException
	at java.util.concurrent.CompletableFuture.timedGet(CompletableFuture.java:1771)
	at java.util.concurrent.CompletableFuture.get(CompletableFuture.java:1915)
	at org.apache.ratis.util.IOUtils.getFromFuture(IOUtils.java:79)
	... 4 more
2019-09-12 13:11:05,482 [java.util.concurrent.ThreadPoolExecutor$Worker@5c82ddc3[State = -1, empty queue]] WARN  server.GrpcLogAppender (GrpcLogAppender.java:timeoutAppendRequest(200)) - b12fb8a7-710d-4c3e-812a-0e86e46484d7@group-2679EB29DCDF->76bba12e-2f74-4525-959f-7a651f40206a-GrpcLogAppender: appendEntries Timeout, request=b12fb8a7-710d-4c3e-812a-0e86e46484d7->76bba12e-2f74-4525-959f-7a651f40206a#105-t1, previous=(t:1, i:18), leaderCommit=12, initializing? false, entries: <empty>
2019-09-12 13:11:05,482 [java.util.concurrent.ThreadPoolExecutor$Worker@558b229d[State = -1, empty queue]] WARN  server.GrpcLogAppender (GrpcLogAppender.java:timeoutAppendRequest(200)) - b12fb8a7-710d-4c3e-812a-0e86e46484d7@group-2679EB29DCDF->398b50df-cdaa-4e1b-b32c-4c6ed0083aaf-GrpcLogAppender: appendEntries Timeout, request=b12fb8a7-710d-4c3e-812a-0e86e46484d7->398b50df-cdaa-4e1b-b32c-4c6ed0083aaf#105-t1, previous=(t:1, i:18), leaderCommit=12, initializing? false, entries: <empty>
2019-09-12 13:11:05,515 [grpc-default-executor-5] INFO  client.GrpcClientProtocolClient (GrpcClientProtocolClient.java:onNext(264)) - client-BDAEC2693858->398b50df-cdaa-4e1b-b32c-4c6ed0083aaf: receive RaftClientReply:client-BDAEC2693858->398b50df-cdaa-4e1b-b32c-4c6ed0083aaf@group-2679EB29DCDF, cid=33, FAILED org.apache.ratis.protocol.NotLeaderException: Server 398b50df-cdaa-4e1b-b32c-4c6ed0083aaf@group-2679EB29DCDF is not the leader b12fb8a7-710d-4c3e-812a-0e86e46484d7:192.168.34.38:33689, logIndex=0, commits[398b50df-cdaa-4e1b-b32c-4c6ed0083aaf:c12, b12fb8a7-710d-4c3e-812a-0e86e46484d7:c12, 76bba12e-2f74-4525-959f-7a651f40206a:c10]
2019-09-12 13:11:06,564 [grpc-default-executor-3] INFO  impl.RaftServerProxy (RaftServerProxy.java:remove(95)) - bd0b0c89-cb45-482d-bed2-ad92fc2d5050: remove group-203775717D2F:null
2019-09-12 13:11:06,572 [RatisPipelineUtilsThread] WARN  pipeline.RatisPipelineUtils (RatisPipelineUtils.java:destroyPipeline(66)) - Pipeline destroy failed for pipeline=PipelineID=7700c51d-9357-46f7-9d29-203775717d2f dn=bd0b0c89-cb45-482d-bed2-ad92fc2d5050{ip: 192.168.34.38, host: pr-hdds-2007-65vhz-3510356991, networkLocation: /default-rack, certSerialId: null}
2019-09-12 13:11:06,576 [grpc-default-executor-3] INFO  impl.RaftServerProxy (RaftServerProxy.java:remove(95)) - 5d275853-b846-4f86-bc5b-0ba421435051: remove group-203775717D2F:null
2019-09-12 13:11:06,593 [RatisPipelineUtilsThread] WARN  pipeline.RatisPipelineUtils (RatisPipelineUtils.java:destroyPipeline(66)) - Pipeline destroy failed for pipeline=PipelineID=7700c51d-9357-46f7-9d29-203775717d2f dn=5d275853-b846-4f86-bc5b-0ba421435051{ip: 192.168.34.38, host: pr-hdds-2007-65vhz-3510356991, networkLocation: /default-rack, certSerialId: null}
2019-09-12 13:11:06,597 [grpc-default-executor-3] INFO  impl.RaftServerProxy (RaftServerProxy.java:remove(95)) - e2c05a36-c8a2-43f6-9f8f-11b9e2d7f4b8: remove group-203775717D2F:null
2019-09-12 13:11:06,600 [RatisPipelineUtilsThread] WARN  pipeline.RatisPipelineUtils (RatisPipelineUtils.java:destroyPipeline(66)) - Pipeline destroy failed for pipeline=PipelineID=7700c51d-9357-46f7-9d29-203775717d2f dn=e2c05a36-c8a2-43f6-9f8f-11b9e2d7f4b8{ip: 192.168.34.38, host: pr-hdds-2007-65vhz-3510356991, networkLocation: /default-rack, certSerialId: null}
2019-09-12 13:11:06,601 [RatisPipelineUtilsThread] ERROR pipeline.SCMPipelineManager (Scheduler.java:lambda$schedule$1(70)) - Destroy pipeline failed for pipeline:Pipeline[ Id: 7700c51d-9357-46f7-9d29-203775717d2f, Nodes: bd0b0c89-cb45-482d-bed2-ad92fc2d5050{ip: 192.168.34.38, host: pr-hdds-2007-65vhz-3510356991, networkLocation: /default-rack, certSerialId: null}5d275853-b846-4f86-bc5b-0ba421435051{ip: 192.168.34.38, host: pr-hdds-2007-65vhz-3510356991, networkLocation: /default-rack, certSerialId: null}e2c05a36-c8a2-43f6-9f8f-11b9e2d7f4b8{ip: 192.168.34.38, host: pr-hdds-2007-65vhz-3510356991, networkLocation: /default-rack, certSerialId: null}, Type:RATIS, Factor:THREE, State:CLOSED]
org.apache.hadoop.hdds.scm.pipeline.PipelineNotFoundException: PipelineID=7700c51d-9357-46f7-9d29-203775717d2f not found
	at org.apache.hadoop.hdds.scm.pipeline.PipelineStateMap.getPipeline(PipelineStateMap.java:132)
	at org.apache.hadoop.hdds.scm.pipeline.PipelineStateMap.removePipeline(PipelineStateMap.java:322)
	at org.apache.hadoop.hdds.scm.pipeline.PipelineStateManager.removePipeline(PipelineStateManager.java:107)
	at org.apache.hadoop.hdds.scm.pipeline.SCMPipelineManager.removePipeline(SCMPipelineManager.java:423)
	at org.apache.hadoop.hdds.scm.pipeline.SCMPipelineManager.destroyPipeline(SCMPipelineManager.java:409)
	at org.apache.hadoop.hdds.scm.pipeline.SCMPipelineManager.lambda$finalizeAndDestroyPipeline$0(SCMPipelineManager.java:318)
	at org.apache.hadoop.utils.Scheduler.lambda$schedule$1(Scheduler.java:68)
	at java.util.concurrent.Executors$RunnableAdapter.call(Executors.java:511)
	at java.util.concurrent.FutureTask.run(FutureTask.java:266)
	at java.util.concurrent.ScheduledThreadPoolExecutor$ScheduledFutureTask.access$201(ScheduledThreadPoolExecutor.java:180)
	at java.util.concurrent.ScheduledThreadPoolExecutor$ScheduledFutureTask.run(ScheduledThreadPoolExecutor.java:293)
	at java.util.concurrent.ThreadPoolExecutor.runWorker(ThreadPoolExecutor.java:1149)
	at java.util.concurrent.ThreadPoolExecutor$Worker.run(ThreadPoolExecutor.java:624)
	at java.lang.Thread.run(Thread.java:748)
2019-09-12 13:11:07,982 [java.util.concurrent.ThreadPoolExecutor$Worker@5c82ddc3[State = -1, empty queue]] WARN  server.GrpcLogAppender (GrpcLogAppender.java:timeoutAppendRequest(200)) - b12fb8a7-710d-4c3e-812a-0e86e46484d7@group-2679EB29DCDF->76bba12e-2f74-4525-959f-7a651f40206a-GrpcLogAppender: appendEntries Timeout, request=b12fb8a7-710d-4c3e-812a-0e86e46484d7->76bba12e-2f74-4525-959f-7a651f40206a#106-t1, previous=(t:1, i:18), leaderCommit=12, initializing? false, entries: <empty>
2019-09-12 13:11:07,982 [java.util.concurrent.ThreadPoolExecutor$Worker@558b229d[State = -1, empty queue]] WARN  server.GrpcLogAppender (GrpcLogAppender.java:timeoutAppendRequest(200)) - b12fb8a7-710d-4c3e-812a-0e86e46484d7@group-2679EB29DCDF->398b50df-cdaa-4e1b-b32c-4c6ed0083aaf-GrpcLogAppender: appendEntries Timeout, request=b12fb8a7-710d-4c3e-812a-0e86e46484d7->398b50df-cdaa-4e1b-b32c-4c6ed0083aaf#106-t1, previous=(t:1, i:18), leaderCommit=12, initializing? false, entries: <empty>
2019-09-12 13:11:08,564 [grpc-default-executor-5] INFO  impl.RaftServerProxy (RaftServerProxy.java:remove(95)) - bd0b0c89-cb45-482d-bed2-ad92fc2d5050: remove group-203775717D2F:null
2019-09-12 13:11:08,569 [RatisPipelineUtilsThread] WARN  pipeline.RatisPipelineUtils (RatisPipelineUtils.java:destroyPipeline(66)) - Pipeline destroy failed for pipeline=PipelineID=7700c51d-9357-46f7-9d29-203775717d2f dn=bd0b0c89-cb45-482d-bed2-ad92fc2d5050{ip: 192.168.34.38, host: pr-hdds-2007-65vhz-3510356991, networkLocation: /default-rack, certSerialId: null}
2019-09-12 13:11:08,572 [grpc-default-executor-5] INFO  impl.RaftServerProxy (RaftServerProxy.java:remove(95)) - 5d275853-b846-4f86-bc5b-0ba421435051: remove group-203775717D2F:null
2019-09-12 13:11:08,575 [RatisPipelineUtilsThread] WARN  pipeline.RatisPipelineUtils (RatisPipelineUtils.java:destroyPipeline(66)) - Pipeline destroy failed for pipeline=PipelineID=7700c51d-9357-46f7-9d29-203775717d2f dn=5d275853-b846-4f86-bc5b-0ba421435051{ip: 192.168.34.38, host: pr-hdds-2007-65vhz-3510356991, networkLocation: /default-rack, certSerialId: null}
2019-09-12 13:11:08,578 [grpc-default-executor-5] INFO  impl.RaftServerProxy (RaftServerProxy.java:remove(95)) - e2c05a36-c8a2-43f6-9f8f-11b9e2d7f4b8: remove group-203775717D2F:null
2019-09-12 13:11:08,580 [RatisPipelineUtilsThread] WARN  pipeline.RatisPipelineUtils (RatisPipelineUtils.java:destroyPipeline(66)) - Pipeline destroy failed for pipeline=PipelineID=7700c51d-9357-46f7-9d29-203775717d2f dn=e2c05a36-c8a2-43f6-9f8f-11b9e2d7f4b8{ip: 192.168.34.38, host: pr-hdds-2007-65vhz-3510356991, networkLocation: /default-rack, certSerialId: null}
2019-09-12 13:11:08,581 [RatisPipelineUtilsThread] ERROR pipeline.SCMPipelineManager (Scheduler.java:lambda$schedule$1(70)) - Destroy pipeline failed for pipeline:Pipeline[ Id: 7700c51d-9357-46f7-9d29-203775717d2f, Nodes: bd0b0c89-cb45-482d-bed2-ad92fc2d5050{ip: 192.168.34.38, host: pr-hdds-2007-65vhz-3510356991, networkLocation: /default-rack, certSerialId: null}5d275853-b846-4f86-bc5b-0ba421435051{ip: 192.168.34.38, host: pr-hdds-2007-65vhz-3510356991, networkLocation: /default-rack, certSerialId: null}e2c05a36-c8a2-43f6-9f8f-11b9e2d7f4b8{ip: 192.168.34.38, host: pr-hdds-2007-65vhz-3510356991, networkLocation: /default-rack, certSerialId: null}, Type:RATIS, Factor:THREE, State:CLOSED]
org.apache.hadoop.hdds.scm.pipeline.PipelineNotFoundException: PipelineID=7700c51d-9357-46f7-9d29-203775717d2f not found
	at org.apache.hadoop.hdds.scm.pipeline.PipelineStateMap.getPipeline(PipelineStateMap.java:132)
	at org.apache.hadoop.hdds.scm.pipeline.PipelineStateMap.removePipeline(PipelineStateMap.java:322)
	at org.apache.hadoop.hdds.scm.pipeline.PipelineStateManager.removePipeline(PipelineStateManager.java:107)
	at org.apache.hadoop.hdds.scm.pipeline.SCMPipelineManager.removePipeline(SCMPipelineManager.java:423)
	at org.apache.hadoop.hdds.scm.pipeline.SCMPipelineManager.destroyPipeline(SCMPipelineManager.java:409)
	at org.apache.hadoop.hdds.scm.pipeline.SCMPipelineManager.lambda$finalizeAndDestroyPipeline$0(SCMPipelineManager.java:318)
	at org.apache.hadoop.utils.Scheduler.lambda$schedule$1(Scheduler.java:68)
	at java.util.concurrent.Executors$RunnableAdapter.call(Executors.java:511)
	at java.util.concurrent.FutureTask.run(FutureTask.java:266)
	at java.util.concurrent.ScheduledThreadPoolExecutor$ScheduledFutureTask.access$201(ScheduledThreadPoolExecutor.java:180)
	at java.util.concurrent.ScheduledThreadPoolExecutor$ScheduledFutureTask.run(ScheduledThreadPoolExecutor.java:293)
	at java.util.concurrent.ThreadPoolExecutor.runWorker(ThreadPoolExecutor.java:1149)
	at java.util.concurrent.ThreadPoolExecutor$Worker.run(ThreadPoolExecutor.java:624)
	at java.lang.Thread.run(Thread.java:748)
2019-09-12 13:11:10,483 [java.util.concurrent.ThreadPoolExecutor$Worker@558b229d[State = -1, empty queue]] WARN  server.GrpcLogAppender (GrpcLogAppender.java:timeoutAppendRequest(200)) - b12fb8a7-710d-4c3e-812a-0e86e46484d7@group-2679EB29DCDF->398b50df-cdaa-4e1b-b32c-4c6ed0083aaf-GrpcLogAppender: appendEntries Timeout, request=b12fb8a7-710d-4c3e-812a-0e86e46484d7->398b50df-cdaa-4e1b-b32c-4c6ed0083aaf#107-t1, previous=(t:1, i:18), leaderCommit=12, initializing? false, entries: <empty>
2019-09-12 13:11:10,483 [java.util.concurrent.ThreadPoolExecutor$Worker@5c82ddc3[State = -1, empty queue]] WARN  server.GrpcLogAppender (GrpcLogAppender.java:timeoutAppendRequest(200)) - b12fb8a7-710d-4c3e-812a-0e86e46484d7@group-2679EB29DCDF->76bba12e-2f74-4525-959f-7a651f40206a-GrpcLogAppender: appendEntries Timeout, request=b12fb8a7-710d-4c3e-812a-0e86e46484d7->76bba12e-2f74-4525-959f-7a651f40206a#107-t1, previous=(t:1, i:18), leaderCommit=12, initializing? false, entries: <empty>
2019-09-12 13:11:10,583 [grpc-default-executor-3] INFO  client.GrpcClientProtocolClient (GrpcClientProtocolClient.java:onNext(264)) - client-BDAEC2693858->398b50df-cdaa-4e1b-b32c-4c6ed0083aaf: receive RaftClientReply:client-BDAEC2693858->398b50df-cdaa-4e1b-b32c-4c6ed0083aaf@group-2679EB29DCDF, cid=33, FAILED org.apache.ratis.protocol.NotLeaderException: Server 398b50df-cdaa-4e1b-b32c-4c6ed0083aaf@group-2679EB29DCDF is not the leader b12fb8a7-710d-4c3e-812a-0e86e46484d7:192.168.34.38:33689, logIndex=0, commits[398b50df-cdaa-4e1b-b32c-4c6ed0083aaf:c12, b12fb8a7-710d-4c3e-812a-0e86e46484d7:c12, 76bba12e-2f74-4525-959f-7a651f40206a:c10]
2019-09-12 13:11:11,561 [grpc-default-executor-3] INFO  impl.RaftServerProxy (RaftServerProxy.java:remove(95)) - bd0b0c89-cb45-482d-bed2-ad92fc2d5050: remove group-203775717D2F:null
2019-09-12 13:11:11,565 [RatisPipelineUtilsThread] WARN  pipeline.RatisPipelineUtils (RatisPipelineUtils.java:destroyPipeline(66)) - Pipeline destroy failed for pipeline=PipelineID=7700c51d-9357-46f7-9d29-203775717d2f dn=bd0b0c89-cb45-482d-bed2-ad92fc2d5050{ip: 192.168.34.38, host: pr-hdds-2007-65vhz-3510356991, networkLocation: /default-rack, certSerialId: null}
2019-09-12 13:11:11,569 [grpc-default-executor-3] INFO  impl.RaftServerProxy (RaftServerProxy.java:remove(95)) - 5d275853-b846-4f86-bc5b-0ba421435051: remove group-203775717D2F:null
2019-09-12 13:11:11,572 [RatisPipelineUtilsThread] WARN  pipeline.RatisPipelineUtils (RatisPipelineUtils.java:destroyPipeline(66)) - Pipeline destroy failed for pipeline=PipelineID=7700c51d-9357-46f7-9d29-203775717d2f dn=5d275853-b846-4f86-bc5b-0ba421435051{ip: 192.168.34.38, host: pr-hdds-2007-65vhz-3510356991, networkLocation: /default-rack, certSerialId: null}
2019-09-12 13:11:11,576 [grpc-default-executor-3] INFO  impl.RaftServerProxy (RaftServerProxy.java:remove(95)) - e2c05a36-c8a2-43f6-9f8f-11b9e2d7f4b8: remove group-203775717D2F:null
2019-09-12 13:11:11,580 [RatisPipelineUtilsThread] WARN  pipeline.RatisPipelineUtils (RatisPipelineUtils.java:destroyPipeline(66)) - Pipeline destroy failed for pipeline=PipelineID=7700c51d-9357-46f7-9d29-203775717d2f dn=e2c05a36-c8a2-43f6-9f8f-11b9e2d7f4b8{ip: 192.168.34.38, host: pr-hdds-2007-65vhz-3510356991, networkLocation: /default-rack, certSerialId: null}
2019-09-12 13:11:11,580 [RatisPipelineUtilsThread] ERROR pipeline.SCMPipelineManager (Scheduler.java:lambda$schedule$1(70)) - Destroy pipeline failed for pipeline:Pipeline[ Id: 7700c51d-9357-46f7-9d29-203775717d2f, Nodes: bd0b0c89-cb45-482d-bed2-ad92fc2d5050{ip: 192.168.34.38, host: pr-hdds-2007-65vhz-3510356991, networkLocation: /default-rack, certSerialId: null}5d275853-b846-4f86-bc5b-0ba421435051{ip: 192.168.34.38, host: pr-hdds-2007-65vhz-3510356991, networkLocation: /default-rack, certSerialId: null}e2c05a36-c8a2-43f6-9f8f-11b9e2d7f4b8{ip: 192.168.34.38, host: pr-hdds-2007-65vhz-3510356991, networkLocation: /default-rack, certSerialId: null}, Type:RATIS, Factor:THREE, State:CLOSED]
org.apache.hadoop.hdds.scm.pipeline.PipelineNotFoundException: PipelineID=7700c51d-9357-46f7-9d29-203775717d2f not found
	at org.apache.hadoop.hdds.scm.pipeline.PipelineStateMap.getPipeline(PipelineStateMap.java:132)
	at org.apache.hadoop.hdds.scm.pipeline.PipelineStateMap.removePipeline(PipelineStateMap.java:322)
	at org.apache.hadoop.hdds.scm.pipeline.PipelineStateManager.removePipeline(PipelineStateManager.java:107)
	at org.apache.hadoop.hdds.scm.pipeline.SCMPipelineManager.removePipeline(SCMPipelineManager.java:423)
	at org.apache.hadoop.hdds.scm.pipeline.SCMPipelineManager.destroyPipeline(SCMPipelineManager.java:409)
	at org.apache.hadoop.hdds.scm.pipeline.SCMPipelineManager.lambda$finalizeAndDestroyPipeline$0(SCMPipelineManager.java:318)
	at org.apache.hadoop.utils.Scheduler.lambda$schedule$1(Scheduler.java:68)
	at java.util.concurrent.Executors$RunnableAdapter.call(Executors.java:511)
	at java.util.concurrent.FutureTask.run(FutureTask.java:266)
	at java.util.concurrent.ScheduledThreadPoolExecutor$ScheduledFutureTask.access$201(ScheduledThreadPoolExecutor.java:180)
	at java.util.concurrent.ScheduledThreadPoolExecutor$ScheduledFutureTask.run(ScheduledThreadPoolExecutor.java:293)
	at java.util.concurrent.ThreadPoolExecutor.runWorker(ThreadPoolExecutor.java:1149)
	at java.util.concurrent.ThreadPoolExecutor$Worker.run(ThreadPoolExecutor.java:624)
	at java.lang.Thread.run(Thread.java:748)
2019-09-12 13:11:12,984 [java.util.concurrent.ThreadPoolExecutor$Worker@558b229d[State = -1, empty queue]] WARN  server.GrpcLogAppender (GrpcLogAppender.java:timeoutAppendRequest(200)) - b12fb8a7-710d-4c3e-812a-0e86e46484d7@group-2679EB29DCDF->398b50df-cdaa-4e1b-b32c-4c6ed0083aaf-GrpcLogAppender: appendEntries Timeout, request=b12fb8a7-710d-4c3e-812a-0e86e46484d7->398b50df-cdaa-4e1b-b32c-4c6ed0083aaf#108-t1, previous=(t:1, i:18), leaderCommit=12, initializing? false, entries: <empty>
2019-09-12 13:11:12,984 [java.util.concurrent.ThreadPoolExecutor$Worker@5c82ddc3[State = -1, empty queue]] WARN  server.GrpcLogAppender (GrpcLogAppender.java:timeoutAppendRequest(200)) - b12fb8a7-710d-4c3e-812a-0e86e46484d7@group-2679EB29DCDF->76bba12e-2f74-4525-959f-7a651f40206a-GrpcLogAppender: appendEntries Timeout, request=b12fb8a7-710d-4c3e-812a-0e86e46484d7->76bba12e-2f74-4525-959f-7a651f40206a#108-t1, previous=(t:1, i:18), leaderCommit=12, initializing? false, entries: <empty>
2019-09-12 13:11:13,573 [grpc-default-executor-3] INFO  impl.RaftServerProxy (RaftServerProxy.java:remove(95)) - bd0b0c89-cb45-482d-bed2-ad92fc2d5050: remove group-203775717D2F:null
2019-09-12 13:11:13,578 [RatisPipelineUtilsThread] WARN  pipeline.RatisPipelineUtils (RatisPipelineUtils.java:destroyPipeline(66)) - Pipeline destroy failed for pipeline=PipelineID=7700c51d-9357-46f7-9d29-203775717d2f dn=bd0b0c89-cb45-482d-bed2-ad92fc2d5050{ip: 192.168.34.38, host: pr-hdds-2007-65vhz-3510356991, networkLocation: /default-rack, certSerialId: null}
2019-09-12 13:11:13,583 [grpc-default-executor-3] INFO  impl.RaftServerProxy (RaftServerProxy.java:remove(95)) - 5d275853-b846-4f86-bc5b-0ba421435051: remove group-203775717D2F:null
2019-09-12 13:11:13,585 [RatisPipelineUtilsThread] WARN  pipeline.RatisPipelineUtils (RatisPipelineUtils.java:destroyPipeline(66)) - Pipeline destroy failed for pipeline=PipelineID=7700c51d-9357-46f7-9d29-203775717d2f dn=5d275853-b846-4f86-bc5b-0ba421435051{ip: 192.168.34.38, host: pr-hdds-2007-65vhz-3510356991, networkLocation: /default-rack, certSerialId: null}
2019-09-12 13:11:13,589 [grpc-default-executor-3] INFO  impl.RaftServerProxy (RaftServerProxy.java:remove(95)) - e2c05a36-c8a2-43f6-9f8f-11b9e2d7f4b8: remove group-203775717D2F:null
2019-09-12 13:11:13,591 [RatisPipelineUtilsThread] WARN  pipeline.RatisPipelineUtils (RatisPipelineUtils.java:destroyPipeline(66)) - Pipeline destroy failed for pipeline=PipelineID=7700c51d-9357-46f7-9d29-203775717d2f dn=e2c05a36-c8a2-43f6-9f8f-11b9e2d7f4b8{ip: 192.168.34.38, host: pr-hdds-2007-65vhz-3510356991, networkLocation: /default-rack, certSerialId: null}
2019-09-12 13:11:13,592 [RatisPipelineUtilsThread] ERROR pipeline.SCMPipelineManager (Scheduler.java:lambda$schedule$1(70)) - Destroy pipeline failed for pipeline:Pipeline[ Id: 7700c51d-9357-46f7-9d29-203775717d2f, Nodes: bd0b0c89-cb45-482d-bed2-ad92fc2d5050{ip: 192.168.34.38, host: pr-hdds-2007-65vhz-3510356991, networkLocation: /default-rack, certSerialId: null}5d275853-b846-4f86-bc5b-0ba421435051{ip: 192.168.34.38, host: pr-hdds-2007-65vhz-3510356991, networkLocation: /default-rack, certSerialId: null}e2c05a36-c8a2-43f6-9f8f-11b9e2d7f4b8{ip: 192.168.34.38, host: pr-hdds-2007-65vhz-3510356991, networkLocation: /default-rack, certSerialId: null}, Type:RATIS, Factor:THREE, State:CLOSED]
org.apache.hadoop.hdds.scm.pipeline.PipelineNotFoundException: PipelineID=7700c51d-9357-46f7-9d29-203775717d2f not found
	at org.apache.hadoop.hdds.scm.pipeline.PipelineStateMap.getPipeline(PipelineStateMap.java:132)
	at org.apache.hadoop.hdds.scm.pipeline.PipelineStateMap.removePipeline(PipelineStateMap.java:322)
	at org.apache.hadoop.hdds.scm.pipeline.PipelineStateManager.removePipeline(PipelineStateManager.java:107)
	at org.apache.hadoop.hdds.scm.pipeline.SCMPipelineManager.removePipeline(SCMPipelineManager.java:423)
	at org.apache.hadoop.hdds.scm.pipeline.SCMPipelineManager.destroyPipeline(SCMPipelineManager.java:409)
	at org.apache.hadoop.hdds.scm.pipeline.SCMPipelineManager.lambda$finalizeAndDestroyPipeline$0(SCMPipelineManager.java:318)
	at org.apache.hadoop.utils.Scheduler.lambda$schedule$1(Scheduler.java:68)
	at java.util.concurrent.Executors$RunnableAdapter.call(Executors.java:511)
	at java.util.concurrent.FutureTask.run(FutureTask.java:266)
	at java.util.concurrent.ScheduledThreadPoolExecutor$ScheduledFutureTask.access$201(ScheduledThreadPoolExecutor.java:180)
	at java.util.concurrent.ScheduledThreadPoolExecutor$ScheduledFutureTask.run(ScheduledThreadPoolExecutor.java:293)
	at java.util.concurrent.ThreadPoolExecutor.runWorker(ThreadPoolExecutor.java:1149)
	at java.util.concurrent.ThreadPoolExecutor$Worker.run(ThreadPoolExecutor.java:624)
	at java.lang.Thread.run(Thread.java:748)
2019-09-12 13:11:14,976 [398b50df-cdaa-4e1b-b32c-4c6ed0083aaf@group-2679EB29DCDF-SegmentedRaftLogWorker] WARN  segmented.SegmentedRaftLogWorker (SegmentedRaftLogWorker.java:getFromFuture(90)) - Timeout 3/~
org.apache.ratis.protocol.TimeoutIOException: Timeout 10s: WriteLog:13: (t:1, i:13), STATEMACHINELOGENTRY, client-BDAEC2693858, cid=33-writeStateMachineData
	at org.apache.ratis.util.IOUtils.getFromFuture(IOUtils.java:87)
	at org.apache.ratis.server.raftlog.segmented.SegmentedRaftLogWorker$StateMachineDataPolicy.getFromFuture(SegmentedRaftLogWorker.java:87)
	at org.apache.ratis.server.raftlog.segmented.SegmentedRaftLogWorker$WriteLog.execute(SegmentedRaftLogWorker.java:477)
	at org.apache.ratis.server.raftlog.segmented.SegmentedRaftLogWorker.run(SegmentedRaftLogWorker.java:289)
	at java.lang.Thread.run(Thread.java:748)
Caused by: java.util.concurrent.TimeoutException
	at java.util.concurrent.CompletableFuture.timedGet(CompletableFuture.java:1771)
	at java.util.concurrent.CompletableFuture.get(CompletableFuture.java:1915)
	at org.apache.ratis.util.IOUtils.getFromFuture(IOUtils.java:79)
	... 4 more
2019-09-12 13:11:14,976 [76bba12e-2f74-4525-959f-7a651f40206a@group-2679EB29DCDF-SegmentedRaftLogWorker] WARN  segmented.SegmentedRaftLogWorker (SegmentedRaftLogWorker.java:getFromFuture(90)) - Timeout 3/~
org.apache.ratis.protocol.TimeoutIOException: Timeout 10s: WriteLog:13: (t:1, i:13), STATEMACHINELOGENTRY, client-BDAEC2693858, cid=33-writeStateMachineData
	at org.apache.ratis.util.IOUtils.getFromFuture(IOUtils.java:87)
	at org.apache.ratis.server.raftlog.segmented.SegmentedRaftLogWorker$StateMachineDataPolicy.getFromFuture(SegmentedRaftLogWorker.java:87)
	at org.apache.ratis.server.raftlog.segmented.SegmentedRaftLogWorker$WriteLog.execute(SegmentedRaftLogWorker.java:477)
	at org.apache.ratis.server.raftlog.segmented.SegmentedRaftLogWorker.run(SegmentedRaftLogWorker.java:289)
	at java.lang.Thread.run(Thread.java:748)
Caused by: java.util.concurrent.TimeoutException
	at java.util.concurrent.CompletableFuture.timedGet(CompletableFuture.java:1771)
	at java.util.concurrent.CompletableFuture.get(CompletableFuture.java:1915)
	at org.apache.ratis.util.IOUtils.getFromFuture(IOUtils.java:79)
	... 4 more
2019-09-12 13:11:15,031 [b12fb8a7-710d-4c3e-812a-0e86e46484d7@group-2679EB29DCDF-SegmentedRaftLogWorker] WARN  segmented.SegmentedRaftLogWorker (SegmentedRaftLogWorker.java:getFromFuture(90)) - Timeout 3/~
org.apache.ratis.protocol.TimeoutIOException: Timeout 10s: WriteLog:14: (t:1, i:14), STATEMACHINELOGENTRY, client-BDAEC2693858, cid=34-writeStateMachineData
	at org.apache.ratis.util.IOUtils.getFromFuture(IOUtils.java:87)
	at org.apache.ratis.server.raftlog.segmented.SegmentedRaftLogWorker$StateMachineDataPolicy.getFromFuture(SegmentedRaftLogWorker.java:87)
	at org.apache.ratis.server.raftlog.segmented.SegmentedRaftLogWorker$WriteLog.execute(SegmentedRaftLogWorker.java:477)
	at org.apache.ratis.server.raftlog.segmented.SegmentedRaftLogWorker.run(SegmentedRaftLogWorker.java:289)
	at java.lang.Thread.run(Thread.java:748)
Caused by: java.util.concurrent.TimeoutException
	at java.util.concurrent.CompletableFuture.timedGet(CompletableFuture.java:1771)
	at java.util.concurrent.CompletableFuture.get(CompletableFuture.java:1915)
	at org.apache.ratis.util.IOUtils.getFromFuture(IOUtils.java:79)
	... 4 more
2019-09-12 13:11:15,485 [java.util.concurrent.ThreadPoolExecutor$Worker@5c82ddc3[State = -1, empty queue]] WARN  server.GrpcLogAppender (GrpcLogAppender.java:timeoutAppendRequest(200)) - b12fb8a7-710d-4c3e-812a-0e86e46484d7@group-2679EB29DCDF->76bba12e-2f74-4525-959f-7a651f40206a-GrpcLogAppender: appendEntries Timeout, request=b12fb8a7-710d-4c3e-812a-0e86e46484d7->76bba12e-2f74-4525-959f-7a651f40206a#109-t1, previous=(t:1, i:18), leaderCommit=12, initializing? false, entries: <empty>
2019-09-12 13:11:15,485 [java.util.concurrent.ThreadPoolExecutor$Worker@558b229d[State = -1, empty queue]] WARN  server.GrpcLogAppender (GrpcLogAppender.java:timeoutAppendRequest(200)) - b12fb8a7-710d-4c3e-812a-0e86e46484d7@group-2679EB29DCDF->398b50df-cdaa-4e1b-b32c-4c6ed0083aaf-GrpcLogAppender: appendEntries Timeout, request=b12fb8a7-710d-4c3e-812a-0e86e46484d7->398b50df-cdaa-4e1b-b32c-4c6ed0083aaf#109-t1, previous=(t:1, i:18), leaderCommit=12, initializing? false, entries: <empty>
2019-09-12 13:11:15,641 [grpc-default-executor-3] INFO  client.GrpcClientProtocolClient (GrpcClientProtocolClient.java:onNext(264)) - client-BDAEC2693858->76bba12e-2f74-4525-959f-7a651f40206a: receive RaftClientReply:client-BDAEC2693858->76bba12e-2f74-4525-959f-7a651f40206a@group-2679EB29DCDF, cid=33, FAILED org.apache.ratis.protocol.NotLeaderException: Server 76bba12e-2f74-4525-959f-7a651f40206a@group-2679EB29DCDF is not the leader b12fb8a7-710d-4c3e-812a-0e86e46484d7:192.168.34.38:33689, logIndex=0, commits[76bba12e-2f74-4525-959f-7a651f40206a:c12, 398b50df-cdaa-4e1b-b32c-4c6ed0083aaf:c10, b12fb8a7-710d-4c3e-812a-0e86e46484d7:c12]
2019-09-12 13:11:16,567 [grpc-default-executor-5] INFO  impl.RaftServerProxy (RaftServerProxy.java:remove(95)) - bd0b0c89-cb45-482d-bed2-ad92fc2d5050: remove group-203775717D2F:null
2019-09-12 13:11:16,570 [RatisPipelineUtilsThread] WARN  pipeline.RatisPipelineUtils (RatisPipelineUtils.java:destroyPipeline(66)) - Pipeline destroy failed for pipeline=PipelineID=7700c51d-9357-46f7-9d29-203775717d2f dn=bd0b0c89-cb45-482d-bed2-ad92fc2d5050{ip: 192.168.34.38, host: pr-hdds-2007-65vhz-3510356991, networkLocation: /default-rack, certSerialId: null}
2019-09-12 13:11:16,574 [grpc-default-executor-5] INFO  impl.RaftServerProxy (RaftServerProxy.java:remove(95)) - 5d275853-b846-4f86-bc5b-0ba421435051: remove group-203775717D2F:null
2019-09-12 13:11:16,577 [RatisPipelineUtilsThread] WARN  pipeline.RatisPipelineUtils (RatisPipelineUtils.java:destroyPipeline(66)) - Pipeline destroy failed for pipeline=PipelineID=7700c51d-9357-46f7-9d29-203775717d2f dn=5d275853-b846-4f86-bc5b-0ba421435051{ip: 192.168.34.38, host: pr-hdds-2007-65vhz-3510356991, networkLocation: /default-rack, certSerialId: null}
2019-09-12 13:11:16,581 [grpc-default-executor-5] INFO  impl.RaftServerProxy (RaftServerProxy.java:remove(95)) - e2c05a36-c8a2-43f6-9f8f-11b9e2d7f4b8: remove group-203775717D2F:null
2019-09-12 13:11:16,584 [RatisPipelineUtilsThread] WARN  pipeline.RatisPipelineUtils (RatisPipelineUtils.java:destroyPipeline(66)) - Pipeline destroy failed for pipeline=PipelineID=7700c51d-9357-46f7-9d29-203775717d2f dn=e2c05a36-c8a2-43f6-9f8f-11b9e2d7f4b8{ip: 192.168.34.38, host: pr-hdds-2007-65vhz-3510356991, networkLocation: /default-rack, certSerialId: null}
2019-09-12 13:11:16,584 [RatisPipelineUtilsThread] ERROR pipeline.SCMPipelineManager (Scheduler.java:lambda$schedule$1(70)) - Destroy pipeline failed for pipeline:Pipeline[ Id: 7700c51d-9357-46f7-9d29-203775717d2f, Nodes: bd0b0c89-cb45-482d-bed2-ad92fc2d5050{ip: 192.168.34.38, host: pr-hdds-2007-65vhz-3510356991, networkLocation: /default-rack, certSerialId: null}5d275853-b846-4f86-bc5b-0ba421435051{ip: 192.168.34.38, host: pr-hdds-2007-65vhz-3510356991, networkLocation: /default-rack, certSerialId: null}e2c05a36-c8a2-43f6-9f8f-11b9e2d7f4b8{ip: 192.168.34.38, host: pr-hdds-2007-65vhz-3510356991, networkLocation: /default-rack, certSerialId: null}, Type:RATIS, Factor:THREE, State:CLOSED]
org.apache.hadoop.hdds.scm.pipeline.PipelineNotFoundException: PipelineID=7700c51d-9357-46f7-9d29-203775717d2f not found
	at org.apache.hadoop.hdds.scm.pipeline.PipelineStateMap.getPipeline(PipelineStateMap.java:132)
	at org.apache.hadoop.hdds.scm.pipeline.PipelineStateMap.removePipeline(PipelineStateMap.java:322)
	at org.apache.hadoop.hdds.scm.pipeline.PipelineStateManager.removePipeline(PipelineStateManager.java:107)
	at org.apache.hadoop.hdds.scm.pipeline.SCMPipelineManager.removePipeline(SCMPipelineManager.java:423)
	at org.apache.hadoop.hdds.scm.pipeline.SCMPipelineManager.destroyPipeline(SCMPipelineManager.java:409)
	at org.apache.hadoop.hdds.scm.pipeline.SCMPipelineManager.lambda$finalizeAndDestroyPipeline$0(SCMPipelineManager.java:318)
	at org.apache.hadoop.utils.Scheduler.lambda$schedule$1(Scheduler.java:68)
	at java.util.concurrent.Executors$RunnableAdapter.call(Executors.java:511)
	at java.util.concurrent.FutureTask.run(FutureTask.java:266)
	at java.util.concurrent.ScheduledThreadPoolExecutor$ScheduledFutureTask.access$201(ScheduledThreadPoolExecutor.java:180)
	at java.util.concurrent.ScheduledThreadPoolExecutor$ScheduledFutureTask.run(ScheduledThreadPoolExecutor.java:293)
	at java.util.concurrent.ThreadPoolExecutor.runWorker(ThreadPoolExecutor.java:1149)
	at java.util.concurrent.ThreadPoolExecutor$Worker.run(ThreadPoolExecutor.java:624)
	at java.lang.Thread.run(Thread.java:748)
2019-09-12 13:11:17,985 [java.util.concurrent.ThreadPoolExecutor$Worker@5c82ddc3[State = -1, empty queue]] WARN  server.GrpcLogAppender (GrpcLogAppender.java:timeoutAppendRequest(200)) - b12fb8a7-710d-4c3e-812a-0e86e46484d7@group-2679EB29DCDF->76bba12e-2f74-4525-959f-7a651f40206a-GrpcLogAppender: appendEntries Timeout, request=b12fb8a7-710d-4c3e-812a-0e86e46484d7->76bba12e-2f74-4525-959f-7a651f40206a#110-t1, previous=(t:1, i:18), leaderCommit=12, initializing? false, entries: <empty>
2019-09-12 13:11:17,985 [java.util.concurrent.ThreadPoolExecutor$Worker@558b229d[State = -1, empty queue]] WARN  server.GrpcLogAppender (GrpcLogAppender.java:timeoutAppendRequest(200)) - b12fb8a7-710d-4c3e-812a-0e86e46484d7@group-2679EB29DCDF->398b50df-cdaa-4e1b-b32c-4c6ed0083aaf-GrpcLogAppender: appendEntries Timeout, request=b12fb8a7-710d-4c3e-812a-0e86e46484d7->398b50df-cdaa-4e1b-b32c-4c6ed0083aaf#110-t1, previous=(t:1, i:18), leaderCommit=12, initializing? false, entries: <empty>
2019-09-12 13:11:18,569 [grpc-default-executor-3] INFO  impl.RaftServerProxy (RaftServerProxy.java:remove(95)) - bd0b0c89-cb45-482d-bed2-ad92fc2d5050: remove group-203775717D2F:null
2019-09-12 13:11:18,573 [RatisPipelineUtilsThread] WARN  pipeline.RatisPipelineUtils (RatisPipelineUtils.java:destroyPipeline(66)) - Pipeline destroy failed for pipeline=PipelineID=7700c51d-9357-46f7-9d29-203775717d2f dn=bd0b0c89-cb45-482d-bed2-ad92fc2d5050{ip: 192.168.34.38, host: pr-hdds-2007-65vhz-3510356991, networkLocation: /default-rack, certSerialId: null}
2019-09-12 13:11:18,576 [grpc-default-executor-3] INFO  impl.RaftServerProxy (RaftServerProxy.java:remove(95)) - 5d275853-b846-4f86-bc5b-0ba421435051: remove group-203775717D2F:null
2019-09-12 13:11:18,579 [RatisPipelineUtilsThread] WARN  pipeline.RatisPipelineUtils (RatisPipelineUtils.java:destroyPipeline(66)) - Pipeline destroy failed for pipeline=PipelineID=7700c51d-9357-46f7-9d29-203775717d2f dn=5d275853-b846-4f86-bc5b-0ba421435051{ip: 192.168.34.38, host: pr-hdds-2007-65vhz-3510356991, networkLocation: /default-rack, certSerialId: null}
2019-09-12 13:11:18,582 [grpc-default-executor-3] INFO  impl.RaftServerProxy (RaftServerProxy.java:remove(95)) - e2c05a36-c8a2-43f6-9f8f-11b9e2d7f4b8: remove group-203775717D2F:null
2019-09-12 13:11:18,585 [RatisPipelineUtilsThread] WARN  pipeline.RatisPipelineUtils (RatisPipelineUtils.java:destroyPipeline(66)) - Pipeline destroy failed for pipeline=PipelineID=7700c51d-9357-46f7-9d29-203775717d2f dn=e2c05a36-c8a2-43f6-9f8f-11b9e2d7f4b8{ip: 192.168.34.38, host: pr-hdds-2007-65vhz-3510356991, networkLocation: /default-rack, certSerialId: null}
2019-09-12 13:11:18,585 [RatisPipelineUtilsThread] ERROR pipeline.SCMPipelineManager (Scheduler.java:lambda$schedule$1(70)) - Destroy pipeline failed for pipeline:Pipeline[ Id: 7700c51d-9357-46f7-9d29-203775717d2f, Nodes: bd0b0c89-cb45-482d-bed2-ad92fc2d5050{ip: 192.168.34.38, host: pr-hdds-2007-65vhz-3510356991, networkLocation: /default-rack, certSerialId: null}5d275853-b846-4f86-bc5b-0ba421435051{ip: 192.168.34.38, host: pr-hdds-2007-65vhz-3510356991, networkLocation: /default-rack, certSerialId: null}e2c05a36-c8a2-43f6-9f8f-11b9e2d7f4b8{ip: 192.168.34.38, host: pr-hdds-2007-65vhz-3510356991, networkLocation: /default-rack, certSerialId: null}, Type:RATIS, Factor:THREE, State:CLOSED]
org.apache.hadoop.hdds.scm.pipeline.PipelineNotFoundException: PipelineID=7700c51d-9357-46f7-9d29-203775717d2f not found
	at org.apache.hadoop.hdds.scm.pipeline.PipelineStateMap.getPipeline(PipelineStateMap.java:132)
	at org.apache.hadoop.hdds.scm.pipeline.PipelineStateMap.removePipeline(PipelineStateMap.java:322)
	at org.apache.hadoop.hdds.scm.pipeline.PipelineStateManager.removePipeline(PipelineStateManager.java:107)
	at org.apache.hadoop.hdds.scm.pipeline.SCMPipelineManager.removePipeline(SCMPipelineManager.java:423)
	at org.apache.hadoop.hdds.scm.pipeline.SCMPipelineManager.destroyPipeline(SCMPipelineManager.java:409)
	at org.apache.hadoop.hdds.scm.pipeline.SCMPipelineManager.lambda$finalizeAndDestroyPipeline$0(SCMPipelineManager.java:318)
	at org.apache.hadoop.utils.Scheduler.lambda$schedule$1(Scheduler.java:68)
	at java.util.concurrent.Executors$RunnableAdapter.call(Executors.java:511)
	at java.util.concurrent.FutureTask.run(FutureTask.java:266)
	at java.util.concurrent.ScheduledThreadPoolExecutor$ScheduledFutureTask.access$201(ScheduledThreadPoolExecutor.java:180)
	at java.util.concurrent.ScheduledThreadPoolExecutor$ScheduledFutureTask.run(ScheduledThreadPoolExecutor.java:293)
	at java.util.concurrent.ThreadPoolExecutor.runWorker(ThreadPoolExecutor.java:1149)
	at java.util.concurrent.ThreadPoolExecutor$Worker.run(ThreadPoolExecutor.java:624)
	at java.lang.Thread.run(Thread.java:748)
2019-09-12 13:11:20,486 [java.util.concurrent.ThreadPoolExecutor$Worker@558b229d[State = -1, empty queue]] WARN  server.GrpcLogAppender (GrpcLogAppender.java:timeoutAppendRequest(200)) - b12fb8a7-710d-4c3e-812a-0e86e46484d7@group-2679EB29DCDF->398b50df-cdaa-4e1b-b32c-4c6ed0083aaf-GrpcLogAppender: appendEntries Timeout, request=b12fb8a7-710d-4c3e-812a-0e86e46484d7->398b50df-cdaa-4e1b-b32c-4c6ed0083aaf#111-t1, previous=(t:1, i:18), leaderCommit=12, initializing? false, entries: <empty>
2019-09-12 13:11:20,486 [java.util.concurrent.ThreadPoolExecutor$Worker@5c82ddc3[State = -1, empty queue]] WARN  server.GrpcLogAppender (GrpcLogAppender.java:timeoutAppendRequest(200)) - b12fb8a7-710d-4c3e-812a-0e86e46484d7@group-2679EB29DCDF->76bba12e-2f74-4525-959f-7a651f40206a-GrpcLogAppender: appendEntries Timeout, request=b12fb8a7-710d-4c3e-812a-0e86e46484d7->76bba12e-2f74-4525-959f-7a651f40206a#111-t1, previous=(t:1, i:18), leaderCommit=12, initializing? false, entries: <empty>
2019-09-12 13:11:20,693 [grpc-default-executor-3] INFO  client.GrpcClientProtocolClient (GrpcClientProtocolClient.java:onNext(264)) - client-BDAEC2693858->398b50df-cdaa-4e1b-b32c-4c6ed0083aaf: receive RaftClientReply:client-BDAEC2693858->398b50df-cdaa-4e1b-b32c-4c6ed0083aaf@group-2679EB29DCDF, cid=33, FAILED org.apache.ratis.protocol.NotLeaderException: Server 398b50df-cdaa-4e1b-b32c-4c6ed0083aaf@group-2679EB29DCDF is not the leader b12fb8a7-710d-4c3e-812a-0e86e46484d7:192.168.34.38:33689, logIndex=0, commits[398b50df-cdaa-4e1b-b32c-4c6ed0083aaf:c12, b12fb8a7-710d-4c3e-812a-0e86e46484d7:c12, 76bba12e-2f74-4525-959f-7a651f40206a:c10]
2019-09-12 13:11:21,567 [grpc-default-executor-3] INFO  impl.RaftServerProxy (RaftServerProxy.java:remove(95)) - bd0b0c89-cb45-482d-bed2-ad92fc2d5050: remove group-203775717D2F:null
2019-09-12 13:11:21,571 [RatisPipelineUtilsThread] WARN  pipeline.RatisPipelineUtils (RatisPipelineUtils.java:destroyPipeline(66)) - Pipeline destroy failed for pipeline=PipelineID=7700c51d-9357-46f7-9d29-203775717d2f dn=bd0b0c89-cb45-482d-bed2-ad92fc2d5050{ip: 192.168.34.38, host: pr-hdds-2007-65vhz-3510356991, networkLocation: /default-rack, certSerialId: null}
2019-09-12 13:11:21,574 [grpc-default-executor-3] INFO  impl.RaftServerProxy (RaftServerProxy.java:remove(95)) - 5d275853-b846-4f86-bc5b-0ba421435051: remove group-203775717D2F:null
2019-09-12 13:11:21,577 [RatisPipelineUtilsThread] WARN  pipeline.RatisPipelineUtils (RatisPipelineUtils.java:destroyPipeline(66)) - Pipeline destroy failed for pipeline=PipelineID=7700c51d-9357-46f7-9d29-203775717d2f dn=5d275853-b846-4f86-bc5b-0ba421435051{ip: 192.168.34.38, host: pr-hdds-2007-65vhz-3510356991, networkLocation: /default-rack, certSerialId: null}
2019-09-12 13:11:21,580 [grpc-default-executor-3] INFO  impl.RaftServerProxy (RaftServerProxy.java:remove(95)) - e2c05a36-c8a2-43f6-9f8f-11b9e2d7f4b8: remove group-203775717D2F:null
2019-09-12 13:11:21,583 [RatisPipelineUtilsThread] WARN  pipeline.RatisPipelineUtils (RatisPipelineUtils.java:destroyPipeline(66)) - Pipeline destroy failed for pipeline=PipelineID=7700c51d-9357-46f7-9d29-203775717d2f dn=e2c05a36-c8a2-43f6-9f8f-11b9e2d7f4b8{ip: 192.168.34.38, host: pr-hdds-2007-65vhz-3510356991, networkLocation: /default-rack, certSerialId: null}
2019-09-12 13:11:21,583 [RatisPipelineUtilsThread] ERROR pipeline.SCMPipelineManager (Scheduler.java:lambda$schedule$1(70)) - Destroy pipeline failed for pipeline:Pipeline[ Id: 7700c51d-9357-46f7-9d29-203775717d2f, Nodes: bd0b0c89-cb45-482d-bed2-ad92fc2d5050{ip: 192.168.34.38, host: pr-hdds-2007-65vhz-3510356991, networkLocation: /default-rack, certSerialId: null}5d275853-b846-4f86-bc5b-0ba421435051{ip: 192.168.34.38, host: pr-hdds-2007-65vhz-3510356991, networkLocation: /default-rack, certSerialId: null}e2c05a36-c8a2-43f6-9f8f-11b9e2d7f4b8{ip: 192.168.34.38, host: pr-hdds-2007-65vhz-3510356991, networkLocation: /default-rack, certSerialId: null}, Type:RATIS, Factor:THREE, State:CLOSED]
org.apache.hadoop.hdds.scm.pipeline.PipelineNotFoundException: PipelineID=7700c51d-9357-46f7-9d29-203775717d2f not found
	at org.apache.hadoop.hdds.scm.pipeline.PipelineStateMap.getPipeline(PipelineStateMap.java:132)
	at org.apache.hadoop.hdds.scm.pipeline.PipelineStateMap.removePipeline(PipelineStateMap.java:322)
	at org.apache.hadoop.hdds.scm.pipeline.PipelineStateManager.removePipeline(PipelineStateManager.java:107)
	at org.apache.hadoop.hdds.scm.pipeline.SCMPipelineManager.removePipeline(SCMPipelineManager.java:423)
	at org.apache.hadoop.hdds.scm.pipeline.SCMPipelineManager.destroyPipeline(SCMPipelineManager.java:409)
	at org.apache.hadoop.hdds.scm.pipeline.SCMPipelineManager.lambda$finalizeAndDestroyPipeline$0(SCMPipelineManager.java:318)
	at org.apache.hadoop.utils.Scheduler.lambda$schedule$1(Scheduler.java:68)
	at java.util.concurrent.Executors$RunnableAdapter.call(Executors.java:511)
	at java.util.concurrent.FutureTask.run(FutureTask.java:266)
	at java.util.concurrent.ScheduledThreadPoolExecutor$ScheduledFutureTask.access$201(ScheduledThreadPoolExecutor.java:180)
	at java.util.concurrent.ScheduledThreadPoolExecutor$ScheduledFutureTask.run(ScheduledThreadPoolExecutor.java:293)
	at java.util.concurrent.ThreadPoolExecutor.runWorker(ThreadPoolExecutor.java:1149)
	at java.util.concurrent.ThreadPoolExecutor$Worker.run(ThreadPoolExecutor.java:624)
	at java.lang.Thread.run(Thread.java:748)
2019-09-12 13:11:22,986 [java.util.concurrent.ThreadPoolExecutor$Worker@5c82ddc3[State = -1, empty queue]] WARN  server.GrpcLogAppender (GrpcLogAppender.java:timeoutAppendRequest(200)) - b12fb8a7-710d-4c3e-812a-0e86e46484d7@group-2679EB29DCDF->76bba12e-2f74-4525-959f-7a651f40206a-GrpcLogAppender: appendEntries Timeout, request=b12fb8a7-710d-4c3e-812a-0e86e46484d7->76bba12e-2f74-4525-959f-7a651f40206a#112-t1, previous=(t:1, i:18), leaderCommit=12, initializing? false, entries: <empty>
2019-09-12 13:11:22,986 [java.util.concurrent.ThreadPoolExecutor$Worker@558b229d[State = -1, empty queue]] WARN  server.GrpcLogAppender (GrpcLogAppender.java:timeoutAppendRequest(200)) - b12fb8a7-710d-4c3e-812a-0e86e46484d7@group-2679EB29DCDF->398b50df-cdaa-4e1b-b32c-4c6ed0083aaf-GrpcLogAppender: appendEntries Timeout, request=b12fb8a7-710d-4c3e-812a-0e86e46484d7->398b50df-cdaa-4e1b-b32c-4c6ed0083aaf#112-t1, previous=(t:1, i:18), leaderCommit=12, initializing? false, entries: <empty>
2019-09-12 13:11:23,568 [grpc-default-executor-5] INFO  impl.RaftServerProxy (RaftServerProxy.java:remove(95)) - bd0b0c89-cb45-482d-bed2-ad92fc2d5050: remove group-203775717D2F:null
2019-09-12 13:11:23,571 [RatisPipelineUtilsThread] WARN  pipeline.RatisPipelineUtils (RatisPipelineUtils.java:destroyPipeline(66)) - Pipeline destroy failed for pipeline=PipelineID=7700c51d-9357-46f7-9d29-203775717d2f dn=bd0b0c89-cb45-482d-bed2-ad92fc2d5050{ip: 192.168.34.38, host: pr-hdds-2007-65vhz-3510356991, networkLocation: /default-rack, certSerialId: null}
2019-09-12 13:11:23,574 [grpc-default-executor-5] INFO  impl.RaftServerProxy (RaftServerProxy.java:remove(95)) - 5d275853-b846-4f86-bc5b-0ba421435051: remove group-203775717D2F:null
2019-09-12 13:11:23,576 [RatisPipelineUtilsThread] WARN  pipeline.RatisPipelineUtils (RatisPipelineUtils.java:destroyPipeline(66)) - Pipeline destroy failed for pipeline=PipelineID=7700c51d-9357-46f7-9d29-203775717d2f dn=5d275853-b846-4f86-bc5b-0ba421435051{ip: 192.168.34.38, host: pr-hdds-2007-65vhz-3510356991, networkLocation: /default-rack, certSerialId: null}
2019-09-12 13:11:23,579 [grpc-default-executor-5] INFO  impl.RaftServerProxy (RaftServerProxy.java:remove(95)) - e2c05a36-c8a2-43f6-9f8f-11b9e2d7f4b8: remove group-203775717D2F:null
2019-09-12 13:11:23,581 [RatisPipelineUtilsThread] WARN  pipeline.RatisPipelineUtils (RatisPipelineUtils.java:destroyPipeline(66)) - Pipeline destroy failed for pipeline=PipelineID=7700c51d-9357-46f7-9d29-203775717d2f dn=e2c05a36-c8a2-43f6-9f8f-11b9e2d7f4b8{ip: 192.168.34.38, host: pr-hdds-2007-65vhz-3510356991, networkLocation: /default-rack, certSerialId: null}
2019-09-12 13:11:24,072 [RatisPipelineUtilsThread] ERROR pipeline.SCMPipelineManager (Scheduler.java:lambda$schedule$1(70)) - Destroy pipeline failed for pipeline:Pipeline[ Id: 7700c51d-9357-46f7-9d29-203775717d2f, Nodes: bd0b0c89-cb45-482d-bed2-ad92fc2d5050{ip: 192.168.34.38, host: pr-hdds-2007-65vhz-3510356991, networkLocation: /default-rack, certSerialId: null}5d275853-b846-4f86-bc5b-0ba421435051{ip: 192.168.34.38, host: pr-hdds-2007-65vhz-3510356991, networkLocation: /default-rack, certSerialId: null}e2c05a36-c8a2-43f6-9f8f-11b9e2d7f4b8{ip: 192.168.34.38, host: pr-hdds-2007-65vhz-3510356991, networkLocation: /default-rack, certSerialId: null}, Type:RATIS, Factor:THREE, State:CLOSED]
org.apache.hadoop.hdds.scm.pipeline.PipelineNotFoundException: PipelineID=7700c51d-9357-46f7-9d29-203775717d2f not found
	at org.apache.hadoop.hdds.scm.pipeline.PipelineStateMap.getPipeline(PipelineStateMap.java:132)
	at org.apache.hadoop.hdds.scm.pipeline.PipelineStateMap.removePipeline(PipelineStateMap.java:322)
	at org.apache.hadoop.hdds.scm.pipeline.PipelineStateManager.removePipeline(PipelineStateManager.java:107)
	at org.apache.hadoop.hdds.scm.pipeline.SCMPipelineManager.removePipeline(SCMPipelineManager.java:423)
	at org.apache.hadoop.hdds.scm.pipeline.SCMPipelineManager.destroyPipeline(SCMPipelineManager.java:409)
	at org.apache.hadoop.hdds.scm.pipeline.SCMPipelineManager.lambda$finalizeAndDestroyPipeline$0(SCMPipelineManager.java:318)
	at org.apache.hadoop.utils.Scheduler.lambda$schedule$1(Scheduler.java:68)
	at java.util.concurrent.Executors$RunnableAdapter.call(Executors.java:511)
	at java.util.concurrent.FutureTask.run(FutureTask.java:266)
	at java.util.concurrent.ScheduledThreadPoolExecutor$ScheduledFutureTask.access$201(ScheduledThreadPoolExecutor.java:180)
	at java.util.concurrent.ScheduledThreadPoolExecutor$ScheduledFutureTask.run(ScheduledThreadPoolExecutor.java:293)
	at java.util.concurrent.ThreadPoolExecutor.runWorker(ThreadPoolExecutor.java:1149)
	at java.util.concurrent.ThreadPoolExecutor$Worker.run(ThreadPoolExecutor.java:624)
	at java.lang.Thread.run(Thread.java:748)
2019-09-12 13:11:24,977 [398b50df-cdaa-4e1b-b32c-4c6ed0083aaf@group-2679EB29DCDF-SegmentedRaftLogWorker] WARN  segmented.SegmentedRaftLogWorker (SegmentedRaftLogWorker.java:getFromFuture(90)) - Timeout 4/~
org.apache.ratis.protocol.TimeoutIOException: Timeout 10s: WriteLog:13: (t:1, i:13), STATEMACHINELOGENTRY, client-BDAEC2693858, cid=33-writeStateMachineData
	at org.apache.ratis.util.IOUtils.getFromFuture(IOUtils.java:87)
	at org.apache.ratis.server.raftlog.segmented.SegmentedRaftLogWorker$StateMachineDataPolicy.getFromFuture(SegmentedRaftLogWorker.java:87)
	at org.apache.ratis.server.raftlog.segmented.SegmentedRaftLogWorker$WriteLog.execute(SegmentedRaftLogWorker.java:477)
	at org.apache.ratis.server.raftlog.segmented.SegmentedRaftLogWorker.run(SegmentedRaftLogWorker.java:289)
	at java.lang.Thread.run(Thread.java:748)
Caused by: java.util.concurrent.TimeoutException
	at java.util.concurrent.CompletableFuture.timedGet(CompletableFuture.java:1771)
	at java.util.concurrent.CompletableFuture.get(CompletableFuture.java:1915)
	at org.apache.ratis.util.IOUtils.getFromFuture(IOUtils.java:79)
	... 4 more
2019-09-12 13:11:24,977 [76bba12e-2f74-4525-959f-7a651f40206a@group-2679EB29DCDF-SegmentedRaftLogWorker] WARN  segmented.SegmentedRaftLogWorker (SegmentedRaftLogWorker.java:getFromFuture(90)) - Timeout 4/~
org.apache.ratis.protocol.TimeoutIOException: Timeout 10s: WriteLog:13: (t:1, i:13), STATEMACHINELOGENTRY, client-BDAEC2693858, cid=33-writeStateMachineData
	at org.apache.ratis.util.IOUtils.getFromFuture(IOUtils.java:87)
	at org.apache.ratis.server.raftlog.segmented.SegmentedRaftLogWorker$StateMachineDataPolicy.getFromFuture(SegmentedRaftLogWorker.java:87)
	at org.apache.ratis.server.raftlog.segmented.SegmentedRaftLogWorker$WriteLog.execute(SegmentedRaftLogWorker.java:477)
	at org.apache.ratis.server.raftlog.segmented.SegmentedRaftLogWorker.run(SegmentedRaftLogWorker.java:289)
	at java.lang.Thread.run(Thread.java:748)
Caused by: java.util.concurrent.TimeoutException
	at java.util.concurrent.CompletableFuture.timedGet(CompletableFuture.java:1771)
	at java.util.concurrent.CompletableFuture.get(CompletableFuture.java:1915)
	at org.apache.ratis.util.IOUtils.getFromFuture(IOUtils.java:79)
	... 4 more
2019-09-12 13:11:25,032 [b12fb8a7-710d-4c3e-812a-0e86e46484d7@group-2679EB29DCDF-SegmentedRaftLogWorker] WARN  segmented.SegmentedRaftLogWorker (SegmentedRaftLogWorker.java:getFromFuture(90)) - Timeout 4/~
org.apache.ratis.protocol.TimeoutIOException: Timeout 10s: WriteLog:14: (t:1, i:14), STATEMACHINELOGENTRY, client-BDAEC2693858, cid=34-writeStateMachineData
	at org.apache.ratis.util.IOUtils.getFromFuture(IOUtils.java:87)
	at org.apache.ratis.server.raftlog.segmented.SegmentedRaftLogWorker$StateMachineDataPolicy.getFromFuture(SegmentedRaftLogWorker.java:87)
	at org.apache.ratis.server.raftlog.segmented.SegmentedRaftLogWorker$WriteLog.execute(SegmentedRaftLogWorker.java:477)
	at org.apache.ratis.server.raftlog.segmented.SegmentedRaftLogWorker.run(SegmentedRaftLogWorker.java:289)
	at java.lang.Thread.run(Thread.java:748)
Caused by: java.util.concurrent.TimeoutException
	at java.util.concurrent.CompletableFuture.timedGet(CompletableFuture.java:1771)
	at java.util.concurrent.CompletableFuture.get(CompletableFuture.java:1915)
	at org.apache.ratis.util.IOUtils.getFromFuture(IOUtils.java:79)
	... 4 more
2019-09-12 13:11:25,488 [java.util.concurrent.ThreadPoolExecutor$Worker@558b229d[State = -1, empty queue]] WARN  server.GrpcLogAppender (GrpcLogAppender.java:timeoutAppendRequest(200)) - b12fb8a7-710d-4c3e-812a-0e86e46484d7@group-2679EB29DCDF->398b50df-cdaa-4e1b-b32c-4c6ed0083aaf-GrpcLogAppender: appendEntries Timeout, request=b12fb8a7-710d-4c3e-812a-0e86e46484d7->398b50df-cdaa-4e1b-b32c-4c6ed0083aaf#113-t1, previous=(t:1, i:18), leaderCommit=12, initializing? false, entries: <empty>
2019-09-12 13:11:25,488 [java.util.concurrent.ThreadPoolExecutor$Worker@5c82ddc3[State = -1, empty queue]] WARN  server.GrpcLogAppender (GrpcLogAppender.java:timeoutAppendRequest(200)) - b12fb8a7-710d-4c3e-812a-0e86e46484d7@group-2679EB29DCDF->76bba12e-2f74-4525-959f-7a651f40206a-GrpcLogAppender: appendEntries Timeout, request=b12fb8a7-710d-4c3e-812a-0e86e46484d7->76bba12e-2f74-4525-959f-7a651f40206a#113-t1, previous=(t:1, i:18), leaderCommit=12, initializing? false, entries: <empty>
2019-09-12 13:11:25,741 [grpc-default-executor-3] INFO  client.GrpcClientProtocolClient (GrpcClientProtocolClient.java:onNext(264)) - client-BDAEC2693858->398b50df-cdaa-4e1b-b32c-4c6ed0083aaf: receive RaftClientReply:client-BDAEC2693858->398b50df-cdaa-4e1b-b32c-4c6ed0083aaf@group-2679EB29DCDF, cid=33, FAILED org.apache.ratis.protocol.NotLeaderException: Server 398b50df-cdaa-4e1b-b32c-4c6ed0083aaf@group-2679EB29DCDF is not the leader b12fb8a7-710d-4c3e-812a-0e86e46484d7:192.168.34.38:33689, logIndex=0, commits[398b50df-cdaa-4e1b-b32c-4c6ed0083aaf:c12, b12fb8a7-710d-4c3e-812a-0e86e46484d7:c12, 76bba12e-2f74-4525-959f-7a651f40206a:c10]
2019-09-12 13:11:26,568 [grpc-default-executor-5] INFO  impl.RaftServerProxy (RaftServerProxy.java:remove(95)) - bd0b0c89-cb45-482d-bed2-ad92fc2d5050: remove group-203775717D2F:null
2019-09-12 13:11:26,572 [RatisPipelineUtilsThread] WARN  pipeline.RatisPipelineUtils (RatisPipelineUtils.java:destroyPipeline(66)) - Pipeline destroy failed for pipeline=PipelineID=7700c51d-9357-46f7-9d29-203775717d2f dn=bd0b0c89-cb45-482d-bed2-ad92fc2d5050{ip: 192.168.34.38, host: pr-hdds-2007-65vhz-3510356991, networkLocation: /default-rack, certSerialId: null}
2019-09-12 13:11:26,576 [grpc-default-executor-5] INFO  impl.RaftServerProxy (RaftServerProxy.java:remove(95)) - 5d275853-b846-4f86-bc5b-0ba421435051: remove group-203775717D2F:null
2019-09-12 13:11:26,579 [RatisPipelineUtilsThread] WARN  pipeline.RatisPipelineUtils (RatisPipelineUtils.java:destroyPipeline(66)) - Pipeline destroy failed for pipeline=PipelineID=7700c51d-9357-46f7-9d29-203775717d2f dn=5d275853-b846-4f86-bc5b-0ba421435051{ip: 192.168.34.38, host: pr-hdds-2007-65vhz-3510356991, networkLocation: /default-rack, certSerialId: null}
2019-09-12 13:11:26,583 [grpc-default-executor-5] INFO  impl.RaftServerProxy (RaftServerProxy.java:remove(95)) - e2c05a36-c8a2-43f6-9f8f-11b9e2d7f4b8: remove group-203775717D2F:null
2019-09-12 13:11:26,585 [RatisPipelineUtilsThread] WARN  pipeline.RatisPipelineUtils (RatisPipelineUtils.java:destroyPipeline(66)) - Pipeline destroy failed for pipeline=PipelineID=7700c51d-9357-46f7-9d29-203775717d2f dn=e2c05a36-c8a2-43f6-9f8f-11b9e2d7f4b8{ip: 192.168.34.38, host: pr-hdds-2007-65vhz-3510356991, networkLocation: /default-rack, certSerialId: null}
2019-09-12 13:11:26,586 [RatisPipelineUtilsThread] ERROR pipeline.SCMPipelineManager (Scheduler.java:lambda$schedule$1(70)) - Destroy pipeline failed for pipeline:Pipeline[ Id: 7700c51d-9357-46f7-9d29-203775717d2f, Nodes: bd0b0c89-cb45-482d-bed2-ad92fc2d5050{ip: 192.168.34.38, host: pr-hdds-2007-65vhz-3510356991, networkLocation: /default-rack, certSerialId: null}5d275853-b846-4f86-bc5b-0ba421435051{ip: 192.168.34.38, host: pr-hdds-2007-65vhz-3510356991, networkLocation: /default-rack, certSerialId: null}e2c05a36-c8a2-43f6-9f8f-11b9e2d7f4b8{ip: 192.168.34.38, host: pr-hdds-2007-65vhz-3510356991, networkLocation: /default-rack, certSerialId: null}, Type:RATIS, Factor:THREE, State:CLOSED]
org.apache.hadoop.hdds.scm.pipeline.PipelineNotFoundException: PipelineID=7700c51d-9357-46f7-9d29-203775717d2f not found
	at org.apache.hadoop.hdds.scm.pipeline.PipelineStateMap.getPipeline(PipelineStateMap.java:132)
	at org.apache.hadoop.hdds.scm.pipeline.PipelineStateMap.removePipeline(PipelineStateMap.java:322)
	at org.apache.hadoop.hdds.scm.pipeline.PipelineStateManager.removePipeline(PipelineStateManager.java:107)
	at org.apache.hadoop.hdds.scm.pipeline.SCMPipelineManager.removePipeline(SCMPipelineManager.java:423)
	at org.apache.hadoop.hdds.scm.pipeline.SCMPipelineManager.destroyPipeline(SCMPipelineManager.java:409)
	at org.apache.hadoop.hdds.scm.pipeline.SCMPipelineManager.lambda$finalizeAndDestroyPipeline$0(SCMPipelineManager.java:318)
	at org.apache.hadoop.utils.Scheduler.lambda$schedule$1(Scheduler.java:68)
	at java.util.concurrent.Executors$RunnableAdapter.call(Executors.java:511)
	at java.util.concurrent.FutureTask.run(FutureTask.java:266)
	at java.util.concurrent.ScheduledThreadPoolExecutor$ScheduledFutureTask.access$201(ScheduledThreadPoolExecutor.java:180)
	at java.util.concurrent.ScheduledThreadPoolExecutor$ScheduledFutureTask.run(ScheduledThreadPoolExecutor.java:293)
	at java.util.concurrent.ThreadPoolExecutor.runWorker(ThreadPoolExecutor.java:1149)
	at java.util.concurrent.ThreadPoolExecutor$Worker.run(ThreadPoolExecutor.java:624)
	at java.lang.Thread.run(Thread.java:748)
2019-09-12 13:11:27,988 [java.util.concurrent.ThreadPoolExecutor$Worker@558b229d[State = -1, empty queue]] WARN  server.GrpcLogAppender (GrpcLogAppender.java:timeoutAppendRequest(200)) - b12fb8a7-710d-4c3e-812a-0e86e46484d7@group-2679EB29DCDF->398b50df-cdaa-4e1b-b32c-4c6ed0083aaf-GrpcLogAppender: appendEntries Timeout, request=b12fb8a7-710d-4c3e-812a-0e86e46484d7->398b50df-cdaa-4e1b-b32c-4c6ed0083aaf#114-t1, previous=(t:1, i:18), leaderCommit=12, initializing? false, entries: <empty>
2019-09-12 13:11:27,988 [java.util.concurrent.ThreadPoolExecutor$Worker@5c82ddc3[State = -1, empty queue]] WARN  server.GrpcLogAppender (GrpcLogAppender.java:timeoutAppendRequest(200)) - b12fb8a7-710d-4c3e-812a-0e86e46484d7@group-2679EB29DCDF->76bba12e-2f74-4525-959f-7a651f40206a-GrpcLogAppender: appendEntries Timeout, request=b12fb8a7-710d-4c3e-812a-0e86e46484d7->76bba12e-2f74-4525-959f-7a651f40206a#114-t1, previous=(t:1, i:18), leaderCommit=12, initializing? false, entries: <empty>
2019-09-12 13:11:28,570 [grpc-default-executor-3] INFO  impl.RaftServerProxy (RaftServerProxy.java:remove(95)) - bd0b0c89-cb45-482d-bed2-ad92fc2d5050: remove group-203775717D2F:null
2019-09-12 13:11:28,575 [RatisPipelineUtilsThread] WARN  pipeline.RatisPipelineUtils (RatisPipelineUtils.java:destroyPipeline(66)) - Pipeline destroy failed for pipeline=PipelineID=7700c51d-9357-46f7-9d29-203775717d2f dn=bd0b0c89-cb45-482d-bed2-ad92fc2d5050{ip: 192.168.34.38, host: pr-hdds-2007-65vhz-3510356991, networkLocation: /default-rack, certSerialId: null}
2019-09-12 13:11:28,579 [grpc-default-executor-3] INFO  impl.RaftServerProxy (RaftServerProxy.java:remove(95)) - 5d275853-b846-4f86-bc5b-0ba421435051: remove group-203775717D2F:null
2019-09-12 13:11:28,582 [RatisPipelineUtilsThread] WARN  pipeline.RatisPipelineUtils (RatisPipelineUtils.java:destroyPipeline(66)) - Pipeline destroy failed for pipeline=PipelineID=7700c51d-9357-46f7-9d29-203775717d2f dn=5d275853-b846-4f86-bc5b-0ba421435051{ip: 192.168.34.38, host: pr-hdds-2007-65vhz-3510356991, networkLocation: /default-rack, certSerialId: null}
2019-09-12 13:11:28,585 [grpc-default-executor-3] INFO  impl.RaftServerProxy (RaftServerProxy.java:remove(95)) - e2c05a36-c8a2-43f6-9f8f-11b9e2d7f4b8: remove group-203775717D2F:null
2019-09-12 13:11:28,588 [RatisPipelineUtilsThread] WARN  pipeline.RatisPipelineUtils (RatisPipelineUtils.java:destroyPipeline(66)) - Pipeline destroy failed for pipeline=PipelineID=7700c51d-9357-46f7-9d29-203775717d2f dn=e2c05a36-c8a2-43f6-9f8f-11b9e2d7f4b8{ip: 192.168.34.38, host: pr-hdds-2007-65vhz-3510356991, networkLocation: /default-rack, certSerialId: null}
2019-09-12 13:11:28,588 [RatisPipelineUtilsThread] ERROR pipeline.SCMPipelineManager (Scheduler.java:lambda$schedule$1(70)) - Destroy pipeline failed for pipeline:Pipeline[ Id: 7700c51d-9357-46f7-9d29-203775717d2f, Nodes: bd0b0c89-cb45-482d-bed2-ad92fc2d5050{ip: 192.168.34.38, host: pr-hdds-2007-65vhz-3510356991, networkLocation: /default-rack, certSerialId: null}5d275853-b846-4f86-bc5b-0ba421435051{ip: 192.168.34.38, host: pr-hdds-2007-65vhz-3510356991, networkLocation: /default-rack, certSerialId: null}e2c05a36-c8a2-43f6-9f8f-11b9e2d7f4b8{ip: 192.168.34.38, host: pr-hdds-2007-65vhz-3510356991, networkLocation: /default-rack, certSerialId: null}, Type:RATIS, Factor:THREE, State:CLOSED]
org.apache.hadoop.hdds.scm.pipeline.PipelineNotFoundException: PipelineID=7700c51d-9357-46f7-9d29-203775717d2f not found
	at org.apache.hadoop.hdds.scm.pipeline.PipelineStateMap.getPipeline(PipelineStateMap.java:132)
	at org.apache.hadoop.hdds.scm.pipeline.PipelineStateMap.removePipeline(PipelineStateMap.java:322)
	at org.apache.hadoop.hdds.scm.pipeline.PipelineStateManager.removePipeline(PipelineStateManager.java:107)
	at org.apache.hadoop.hdds.scm.pipeline.SCMPipelineManager.removePipeline(SCMPipelineManager.java:423)
	at org.apache.hadoop.hdds.scm.pipeline.SCMPipelineManager.destroyPipeline(SCMPipelineManager.java:409)
	at org.apache.hadoop.hdds.scm.pipeline.SCMPipelineManager.lambda$finalizeAndDestroyPipeline$0(SCMPipelineManager.java:318)
	at org.apache.hadoop.utils.Scheduler.lambda$schedule$1(Scheduler.java:68)
	at java.util.concurrent.Executors$RunnableAdapter.call(Executors.java:511)
	at java.util.concurrent.FutureTask.run(FutureTask.java:266)
	at java.util.concurrent.ScheduledThreadPoolExecutor$ScheduledFutureTask.access$201(ScheduledThreadPoolExecutor.java:180)
	at java.util.concurrent.ScheduledThreadPoolExecutor$ScheduledFutureTask.run(ScheduledThreadPoolExecutor.java:293)
	at java.util.concurrent.ThreadPoolExecutor.runWorker(ThreadPoolExecutor.java:1149)
	at java.util.concurrent.ThreadPoolExecutor$Worker.run(ThreadPoolExecutor.java:624)
	at java.lang.Thread.run(Thread.java:748)
2019-09-12 13:11:30,489 [java.util.concurrent.ThreadPoolExecutor$Worker@5c82ddc3[State = -1, empty queue]] WARN  server.GrpcLogAppender (GrpcLogAppender.java:timeoutAppendRequest(200)) - b12fb8a7-710d-4c3e-812a-0e86e46484d7@group-2679EB29DCDF->76bba12e-2f74-4525-959f-7a651f40206a-GrpcLogAppender: appendEntries Timeout, request=b12fb8a7-710d-4c3e-812a-0e86e46484d7->76bba12e-2f74-4525-959f-7a651f40206a#115-t1, previous=(t:1, i:18), leaderCommit=12, initializing? false, entries: <empty>
2019-09-12 13:11:30,489 [java.util.concurrent.ThreadPoolExecutor$Worker@558b229d[State = -1, empty queue]] WARN  server.GrpcLogAppender (GrpcLogAppender.java:timeoutAppendRequest(200)) - b12fb8a7-710d-4c3e-812a-0e86e46484d7@group-2679EB29DCDF->398b50df-cdaa-4e1b-b32c-4c6ed0083aaf-GrpcLogAppender: appendEntries Timeout, request=b12fb8a7-710d-4c3e-812a-0e86e46484d7->398b50df-cdaa-4e1b-b32c-4c6ed0083aaf#115-t1, previous=(t:1, i:18), leaderCommit=12, initializing? false, entries: <empty>
2019-09-12 13:11:30,797 [grpc-default-executor-3] INFO  client.GrpcClientProtocolClient (GrpcClientProtocolClient.java:onNext(264)) - client-BDAEC2693858->398b50df-cdaa-4e1b-b32c-4c6ed0083aaf: receive RaftClientReply:client-BDAEC2693858->398b50df-cdaa-4e1b-b32c-4c6ed0083aaf@group-2679EB29DCDF, cid=33, FAILED org.apache.ratis.protocol.NotLeaderException: Server 398b50df-cdaa-4e1b-b32c-4c6ed0083aaf@group-2679EB29DCDF is not the leader b12fb8a7-710d-4c3e-812a-0e86e46484d7:192.168.34.38:33689, logIndex=0, commits[398b50df-cdaa-4e1b-b32c-4c6ed0083aaf:c12, b12fb8a7-710d-4c3e-812a-0e86e46484d7:c12, 76bba12e-2f74-4525-959f-7a651f40206a:c10]
2019-09-12 13:11:31,570 [grpc-default-executor-3] INFO  impl.RaftServerProxy (RaftServerProxy.java:remove(95)) - bd0b0c89-cb45-482d-bed2-ad92fc2d5050: remove group-203775717D2F:null
2019-09-12 13:11:31,574 [RatisPipelineUtilsThread] WARN  pipeline.RatisPipelineUtils (RatisPipelineUtils.java:destroyPipeline(66)) - Pipeline destroy failed for pipeline=PipelineID=7700c51d-9357-46f7-9d29-203775717d2f dn=bd0b0c89-cb45-482d-bed2-ad92fc2d5050{ip: 192.168.34.38, host: pr-hdds-2007-65vhz-3510356991, networkLocation: /default-rack, certSerialId: null}
2019-09-12 13:11:31,578 [grpc-default-executor-3] INFO  impl.RaftServerProxy (RaftServerProxy.java:remove(95)) - 5d275853-b846-4f86-bc5b-0ba421435051: remove group-203775717D2F:null
2019-09-12 13:11:31,581 [RatisPipelineUtilsThread] WARN  pipeline.RatisPipelineUtils (RatisPipelineUtils.java:destroyPipeline(66)) - Pipeline destroy failed for pipeline=PipelineID=7700c51d-9357-46f7-9d29-203775717d2f dn=5d275853-b846-4f86-bc5b-0ba421435051{ip: 192.168.34.38, host: pr-hdds-2007-65vhz-3510356991, networkLocation: /default-rack, certSerialId: null}
2019-09-12 13:11:31,584 [grpc-default-executor-3] INFO  impl.RaftServerProxy (RaftServerProxy.java:remove(95)) - e2c05a36-c8a2-43f6-9f8f-11b9e2d7f4b8: remove group-203775717D2F:null
2019-09-12 13:11:31,587 [RatisPipelineUtilsThread] WARN  pipeline.RatisPipelineUtils (RatisPipelineUtils.java:destroyPipeline(66)) - Pipeline destroy failed for pipeline=PipelineID=7700c51d-9357-46f7-9d29-203775717d2f dn=e2c05a36-c8a2-43f6-9f8f-11b9e2d7f4b8{ip: 192.168.34.38, host: pr-hdds-2007-65vhz-3510356991, networkLocation: /default-rack, certSerialId: null}
2019-09-12 13:11:31,587 [RatisPipelineUtilsThread] ERROR pipeline.SCMPipelineManager (Scheduler.java:lambda$schedule$1(70)) - Destroy pipeline failed for pipeline:Pipeline[ Id: 7700c51d-9357-46f7-9d29-203775717d2f, Nodes: bd0b0c89-cb45-482d-bed2-ad92fc2d5050{ip: 192.168.34.38, host: pr-hdds-2007-65vhz-3510356991, networkLocation: /default-rack, certSerialId: null}5d275853-b846-4f86-bc5b-0ba421435051{ip: 192.168.34.38, host: pr-hdds-2007-65vhz-3510356991, networkLocation: /default-rack, certSerialId: null}e2c05a36-c8a2-43f6-9f8f-11b9e2d7f4b8{ip: 192.168.34.38, host: pr-hdds-2007-65vhz-3510356991, networkLocation: /default-rack, certSerialId: null}, Type:RATIS, Factor:THREE, State:CLOSED]
org.apache.hadoop.hdds.scm.pipeline.PipelineNotFoundException: PipelineID=7700c51d-9357-46f7-9d29-203775717d2f not found
	at org.apache.hadoop.hdds.scm.pipeline.PipelineStateMap.getPipeline(PipelineStateMap.java:132)
	at org.apache.hadoop.hdds.scm.pipeline.PipelineStateMap.removePipeline(PipelineStateMap.java:322)
	at org.apache.hadoop.hdds.scm.pipeline.PipelineStateManager.removePipeline(PipelineStateManager.java:107)
	at org.apache.hadoop.hdds.scm.pipeline.SCMPipelineManager.removePipeline(SCMPipelineManager.java:423)
	at org.apache.hadoop.hdds.scm.pipeline.SCMPipelineManager.destroyPipeline(SCMPipelineManager.java:409)
	at org.apache.hadoop.hdds.scm.pipeline.SCMPipelineManager.lambda$finalizeAndDestroyPipeline$0(SCMPipelineManager.java:318)
	at org.apache.hadoop.utils.Scheduler.lambda$schedule$1(Scheduler.java:68)
	at java.util.concurrent.Executors$RunnableAdapter.call(Executors.java:511)
	at java.util.concurrent.FutureTask.run(FutureTask.java:266)
	at java.util.concurrent.ScheduledThreadPoolExecutor$ScheduledFutureTask.access$201(ScheduledThreadPoolExecutor.java:180)
	at java.util.concurrent.ScheduledThreadPoolExecutor$ScheduledFutureTask.run(ScheduledThreadPoolExecutor.java:293)
	at java.util.concurrent.ThreadPoolExecutor.runWorker(ThreadPoolExecutor.java:1149)
	at java.util.concurrent.ThreadPoolExecutor$Worker.run(ThreadPoolExecutor.java:624)
	at java.lang.Thread.run(Thread.java:748)
2019-09-12 13:11:32,990 [java.util.concurrent.ThreadPoolExecutor$Worker@558b229d[State = -1, empty queue]] WARN  server.GrpcLogAppender (GrpcLogAppender.java:timeoutAppendRequest(200)) - b12fb8a7-710d-4c3e-812a-0e86e46484d7@group-2679EB29DCDF->398b50df-cdaa-4e1b-b32c-4c6ed0083aaf-GrpcLogAppender: appendEntries Timeout, request=b12fb8a7-710d-4c3e-812a-0e86e46484d7->398b50df-cdaa-4e1b-b32c-4c6ed0083aaf#116-t1, previous=(t:1, i:18), leaderCommit=12, initializing? false, entries: <empty>
2019-09-12 13:11:32,990 [java.util.concurrent.ThreadPoolExecutor$Worker@5c82ddc3[State = -1, empty queue]] WARN  server.GrpcLogAppender (GrpcLogAppender.java:timeoutAppendRequest(200)) - b12fb8a7-710d-4c3e-812a-0e86e46484d7@group-2679EB29DCDF->76bba12e-2f74-4525-959f-7a651f40206a-GrpcLogAppender: appendEntries Timeout, request=b12fb8a7-710d-4c3e-812a-0e86e46484d7->76bba12e-2f74-4525-959f-7a651f40206a#116-t1, previous=(t:1, i:18), leaderCommit=12, initializing? false, entries: <empty>
2019-09-12 13:11:33,570 [grpc-default-executor-5] INFO  impl.RaftServerProxy (RaftServerProxy.java:remove(95)) - bd0b0c89-cb45-482d-bed2-ad92fc2d5050: remove group-203775717D2F:null
2019-09-12 13:11:33,573 [RatisPipelineUtilsThread] WARN  pipeline.RatisPipelineUtils (RatisPipelineUtils.java:destroyPipeline(66)) - Pipeline destroy failed for pipeline=PipelineID=7700c51d-9357-46f7-9d29-203775717d2f dn=bd0b0c89-cb45-482d-bed2-ad92fc2d5050{ip: 192.168.34.38, host: pr-hdds-2007-65vhz-3510356991, networkLocation: /default-rack, certSerialId: null}
2019-09-12 13:11:33,576 [grpc-default-executor-5] INFO  impl.RaftServerProxy (RaftServerProxy.java:remove(95)) - 5d275853-b846-4f86-bc5b-0ba421435051: remove group-203775717D2F:null
2019-09-12 13:11:33,578 [RatisPipelineUtilsThread] WARN  pipeline.RatisPipelineUtils (RatisPipelineUtils.java:destroyPipeline(66)) - Pipeline destroy failed for pipeline=PipelineID=7700c51d-9357-46f7-9d29-203775717d2f dn=5d275853-b846-4f86-bc5b-0ba421435051{ip: 192.168.34.38, host: pr-hdds-2007-65vhz-3510356991, networkLocation: /default-rack, certSerialId: null}
2019-09-12 13:11:33,581 [grpc-default-executor-5] INFO  impl.RaftServerProxy (RaftServerProxy.java:remove(95)) - e2c05a36-c8a2-43f6-9f8f-11b9e2d7f4b8: remove group-203775717D2F:null
2019-09-12 13:11:33,583 [RatisPipelineUtilsThread] WARN  pipeline.RatisPipelineUtils (RatisPipelineUtils.java:destroyPipeline(66)) - Pipeline destroy failed for pipeline=PipelineID=7700c51d-9357-46f7-9d29-203775717d2f dn=e2c05a36-c8a2-43f6-9f8f-11b9e2d7f4b8{ip: 192.168.34.38, host: pr-hdds-2007-65vhz-3510356991, networkLocation: /default-rack, certSerialId: null}
2019-09-12 13:11:33,583 [RatisPipelineUtilsThread] ERROR pipeline.SCMPipelineManager (Scheduler.java:lambda$schedule$1(70)) - Destroy pipeline failed for pipeline:Pipeline[ Id: 7700c51d-9357-46f7-9d29-203775717d2f, Nodes: bd0b0c89-cb45-482d-bed2-ad92fc2d5050{ip: 192.168.34.38, host: pr-hdds-2007-65vhz-3510356991, networkLocation: /default-rack, certSerialId: null}5d275853-b846-4f86-bc5b-0ba421435051{ip: 192.168.34.38, host: pr-hdds-2007-65vhz-3510356991, networkLocation: /default-rack, certSerialId: null}e2c05a36-c8a2-43f6-9f8f-11b9e2d7f4b8{ip: 192.168.34.38, host: pr-hdds-2007-65vhz-3510356991, networkLocation: /default-rack, certSerialId: null}, Type:RATIS, Factor:THREE, State:CLOSED]
org.apache.hadoop.hdds.scm.pipeline.PipelineNotFoundException: PipelineID=7700c51d-9357-46f7-9d29-203775717d2f not found
	at org.apache.hadoop.hdds.scm.pipeline.PipelineStateMap.getPipeline(PipelineStateMap.java:132)
	at org.apache.hadoop.hdds.scm.pipeline.PipelineStateMap.removePipeline(PipelineStateMap.java:322)
	at org.apache.hadoop.hdds.scm.pipeline.PipelineStateManager.removePipeline(PipelineStateManager.java:107)
	at org.apache.hadoop.hdds.scm.pipeline.SCMPipelineManager.removePipeline(SCMPipelineManager.java:423)
	at org.apache.hadoop.hdds.scm.pipeline.SCMPipelineManager.destroyPipeline(SCMPipelineManager.java:409)
	at org.apache.hadoop.hdds.scm.pipeline.SCMPipelineManager.lambda$finalizeAndDestroyPipeline$0(SCMPipelineManager.java:318)
	at org.apache.hadoop.utils.Scheduler.lambda$schedule$1(Scheduler.java:68)
	at java.util.concurrent.Executors$RunnableAdapter.call(Executors.java:511)
	at java.util.concurrent.FutureTask.run(FutureTask.java:266)
	at java.util.concurrent.ScheduledThreadPoolExecutor$ScheduledFutureTask.access$201(ScheduledThreadPoolExecutor.java:180)
	at java.util.concurrent.ScheduledThreadPoolExecutor$ScheduledFutureTask.run(ScheduledThreadPoolExecutor.java:293)
	at java.util.concurrent.ThreadPoolExecutor.runWorker(ThreadPoolExecutor.java:1149)
	at java.util.concurrent.ThreadPoolExecutor$Worker.run(ThreadPoolExecutor.java:624)
	at java.lang.Thread.run(Thread.java:748)
2019-09-12 13:11:34,979 [398b50df-cdaa-4e1b-b32c-4c6ed0083aaf@group-2679EB29DCDF-SegmentedRaftLogWorker] WARN  segmented.SegmentedRaftLogWorker (SegmentedRaftLogWorker.java:getFromFuture(90)) - Timeout 5/~
org.apache.ratis.protocol.TimeoutIOException: Timeout 10s: WriteLog:13: (t:1, i:13), STATEMACHINELOGENTRY, client-BDAEC2693858, cid=33-writeStateMachineData
	at org.apache.ratis.util.IOUtils.getFromFuture(IOUtils.java:87)
	at org.apache.ratis.server.raftlog.segmented.SegmentedRaftLogWorker$StateMachineDataPolicy.getFromFuture(SegmentedRaftLogWorker.java:87)
	at org.apache.ratis.server.raftlog.segmented.SegmentedRaftLogWorker$WriteLog.execute(SegmentedRaftLogWorker.java:477)
	at org.apache.ratis.server.raftlog.segmented.SegmentedRaftLogWorker.run(SegmentedRaftLogWorker.java:289)
	at java.lang.Thread.run(Thread.java:748)
Caused by: java.util.concurrent.TimeoutException
	at java.util.concurrent.CompletableFuture.timedGet(CompletableFuture.java:1771)
	at java.util.concurrent.CompletableFuture.get(CompletableFuture.java:1915)
	at org.apache.ratis.util.IOUtils.getFromFuture(IOUtils.java:79)
	... 4 more
2019-09-12 13:11:34,979 [76bba12e-2f74-4525-959f-7a651f40206a@group-2679EB29DCDF-SegmentedRaftLogWorker] WARN  segmented.SegmentedRaftLogWorker (SegmentedRaftLogWorker.java:getFromFuture(90)) - Timeout 5/~
org.apache.ratis.protocol.TimeoutIOException: Timeout 10s: WriteLog:13: (t:1, i:13), STATEMACHINELOGENTRY, client-BDAEC2693858, cid=33-writeStateMachineData
	at org.apache.ratis.util.IOUtils.getFromFuture(IOUtils.java:87)
	at org.apache.ratis.server.raftlog.segmented.SegmentedRaftLogWorker$StateMachineDataPolicy.getFromFuture(SegmentedRaftLogWorker.java:87)
	at org.apache.ratis.server.raftlog.segmented.SegmentedRaftLogWorker$WriteLog.execute(SegmentedRaftLogWorker.java:477)
	at org.apache.ratis.server.raftlog.segmented.SegmentedRaftLogWorker.run(SegmentedRaftLogWorker.java:289)
	at java.lang.Thread.run(Thread.java:748)
Caused by: java.util.concurrent.TimeoutException
	at java.util.concurrent.CompletableFuture.timedGet(CompletableFuture.java:1771)
	at java.util.concurrent.CompletableFuture.get(CompletableFuture.java:1915)
	at org.apache.ratis.util.IOUtils.getFromFuture(IOUtils.java:79)
	... 4 more
2019-09-12 13:11:35,033 [b12fb8a7-710d-4c3e-812a-0e86e46484d7@group-2679EB29DCDF-SegmentedRaftLogWorker] WARN  segmented.SegmentedRaftLogWorker (SegmentedRaftLogWorker.java:getFromFuture(90)) - Timeout 5/~
org.apache.ratis.protocol.TimeoutIOException: Timeout 10s: WriteLog:14: (t:1, i:14), STATEMACHINELOGENTRY, client-BDAEC2693858, cid=34-writeStateMachineData
	at org.apache.ratis.util.IOUtils.getFromFuture(IOUtils.java:87)
	at org.apache.ratis.server.raftlog.segmented.SegmentedRaftLogWorker$StateMachineDataPolicy.getFromFuture(SegmentedRaftLogWorker.java:87)
	at org.apache.ratis.server.raftlog.segmented.SegmentedRaftLogWorker$WriteLog.execute(SegmentedRaftLogWorker.java:477)
	at org.apache.ratis.server.raftlog.segmented.SegmentedRaftLogWorker.run(SegmentedRaftLogWorker.java:289)
	at java.lang.Thread.run(Thread.java:748)
Caused by: java.util.concurrent.TimeoutException
	at java.util.concurrent.CompletableFuture.timedGet(CompletableFuture.java:1771)
	at java.util.concurrent.CompletableFuture.get(CompletableFuture.java:1915)
	at org.apache.ratis.util.IOUtils.getFromFuture(IOUtils.java:79)
	... 4 more
2019-09-12 13:11:35,490 [java.util.concurrent.ThreadPoolExecutor$Worker@558b229d[State = -1, empty queue]] WARN  server.GrpcLogAppender (GrpcLogAppender.java:timeoutAppendRequest(200)) - b12fb8a7-710d-4c3e-812a-0e86e46484d7@group-2679EB29DCDF->398b50df-cdaa-4e1b-b32c-4c6ed0083aaf-GrpcLogAppender: appendEntries Timeout, request=b12fb8a7-710d-4c3e-812a-0e86e46484d7->398b50df-cdaa-4e1b-b32c-4c6ed0083aaf#117-t1, previous=(t:1, i:18), leaderCommit=12, initializing? false, entries: <empty>
2019-09-12 13:11:35,490 [java.util.concurrent.ThreadPoolExecutor$Worker@5c82ddc3[State = -1, empty queue]] WARN  server.GrpcLogAppender (GrpcLogAppender.java:timeoutAppendRequest(200)) - b12fb8a7-710d-4c3e-812a-0e86e46484d7@group-2679EB29DCDF->76bba12e-2f74-4525-959f-7a651f40206a-GrpcLogAppender: appendEntries Timeout, request=b12fb8a7-710d-4c3e-812a-0e86e46484d7->76bba12e-2f74-4525-959f-7a651f40206a#117-t1, previous=(t:1, i:18), leaderCommit=12, initializing? false, entries: <empty>
2019-09-12 13:11:35,843 [grpc-default-executor-3] INFO  client.GrpcClientProtocolClient (GrpcClientProtocolClient.java:onNext(264)) - client-BDAEC2693858->76bba12e-2f74-4525-959f-7a651f40206a: receive RaftClientReply:client-BDAEC2693858->76bba12e-2f74-4525-959f-7a651f40206a@group-2679EB29DCDF, cid=33, FAILED org.apache.ratis.protocol.NotLeaderException: Server 76bba12e-2f74-4525-959f-7a651f40206a@group-2679EB29DCDF is not the leader b12fb8a7-710d-4c3e-812a-0e86e46484d7:192.168.34.38:33689, logIndex=0, commits[76bba12e-2f74-4525-959f-7a651f40206a:c12, 398b50df-cdaa-4e1b-b32c-4c6ed0083aaf:c10, b12fb8a7-710d-4c3e-812a-0e86e46484d7:c12]
2019-09-12 13:11:36,569 [grpc-default-executor-3] INFO  impl.RaftServerProxy (RaftServerProxy.java:remove(95)) - bd0b0c89-cb45-482d-bed2-ad92fc2d5050: remove group-203775717D2F:null
2019-09-12 13:11:36,572 [RatisPipelineUtilsThread] WARN  pipeline.RatisPipelineUtils (RatisPipelineUtils.java:destroyPipeline(66)) - Pipeline destroy failed for pipeline=PipelineID=7700c51d-9357-46f7-9d29-203775717d2f dn=bd0b0c89-cb45-482d-bed2-ad92fc2d5050{ip: 192.168.34.38, host: pr-hdds-2007-65vhz-3510356991, networkLocation: /default-rack, certSerialId: null}
2019-09-12 13:11:36,576 [grpc-default-executor-3] INFO  impl.RaftServerProxy (RaftServerProxy.java:remove(95)) - 5d275853-b846-4f86-bc5b-0ba421435051: remove group-203775717D2F:null
2019-09-12 13:11:36,579 [RatisPipelineUtilsThread] WARN  pipeline.RatisPipelineUtils (RatisPipelineUtils.java:destroyPipeline(66)) - Pipeline destroy failed for pipeline=PipelineID=7700c51d-9357-46f7-9d29-203775717d2f dn=5d275853-b846-4f86-bc5b-0ba421435051{ip: 192.168.34.38, host: pr-hdds-2007-65vhz-3510356991, networkLocation: /default-rack, certSerialId: null}
2019-09-12 13:11:36,582 [grpc-default-executor-3] INFO  impl.RaftServerProxy (RaftServerProxy.java:remove(95)) - e2c05a36-c8a2-43f6-9f8f-11b9e2d7f4b8: remove group-203775717D2F:null
2019-09-12 13:11:36,584 [RatisPipelineUtilsThread] WARN  pipeline.RatisPipelineUtils (RatisPipelineUtils.java:destroyPipeline(66)) - Pipeline destroy failed for pipeline=PipelineID=7700c51d-9357-46f7-9d29-203775717d2f dn=e2c05a36-c8a2-43f6-9f8f-11b9e2d7f4b8{ip: 192.168.34.38, host: pr-hdds-2007-65vhz-3510356991, networkLocation: /default-rack, certSerialId: null}
2019-09-12 13:11:36,585 [RatisPipelineUtilsThread] ERROR pipeline.SCMPipelineManager (Scheduler.java:lambda$schedule$1(70)) - Destroy pipeline failed for pipeline:Pipeline[ Id: 7700c51d-9357-46f7-9d29-203775717d2f, Nodes: bd0b0c89-cb45-482d-bed2-ad92fc2d5050{ip: 192.168.34.38, host: pr-hdds-2007-65vhz-3510356991, networkLocation: /default-rack, certSerialId: null}5d275853-b846-4f86-bc5b-0ba421435051{ip: 192.168.34.38, host: pr-hdds-2007-65vhz-3510356991, networkLocation: /default-rack, certSerialId: null}e2c05a36-c8a2-43f6-9f8f-11b9e2d7f4b8{ip: 192.168.34.38, host: pr-hdds-2007-65vhz-3510356991, networkLocation: /default-rack, certSerialId: null}, Type:RATIS, Factor:THREE, State:CLOSED]
org.apache.hadoop.hdds.scm.pipeline.PipelineNotFoundException: PipelineID=7700c51d-9357-46f7-9d29-203775717d2f not found
	at org.apache.hadoop.hdds.scm.pipeline.PipelineStateMap.getPipeline(PipelineStateMap.java:132)
	at org.apache.hadoop.hdds.scm.pipeline.PipelineStateMap.removePipeline(PipelineStateMap.java:322)
	at org.apache.hadoop.hdds.scm.pipeline.PipelineStateManager.removePipeline(PipelineStateManager.java:107)
	at org.apache.hadoop.hdds.scm.pipeline.SCMPipelineManager.removePipeline(SCMPipelineManager.java:423)
	at org.apache.hadoop.hdds.scm.pipeline.SCMPipelineManager.destroyPipeline(SCMPipelineManager.java:409)
	at org.apache.hadoop.hdds.scm.pipeline.SCMPipelineManager.lambda$finalizeAndDestroyPipeline$0(SCMPipelineManager.java:318)
	at org.apache.hadoop.utils.Scheduler.lambda$schedule$1(Scheduler.java:68)
	at java.util.concurrent.Executors$RunnableAdapter.call(Executors.java:511)
	at java.util.concurrent.FutureTask.run(FutureTask.java:266)
	at java.util.concurrent.ScheduledThreadPoolExecutor$ScheduledFutureTask.access$201(ScheduledThreadPoolExecutor.java:180)
	at java.util.concurrent.ScheduledThreadPoolExecutor$ScheduledFutureTask.run(ScheduledThreadPoolExecutor.java:293)
	at java.util.concurrent.ThreadPoolExecutor.runWorker(ThreadPoolExecutor.java:1149)
	at java.util.concurrent.ThreadPoolExecutor$Worker.run(ThreadPoolExecutor.java:624)
	at java.lang.Thread.run(Thread.java:748)
2019-09-12 13:11:37,991 [java.util.concurrent.ThreadPoolExecutor$Worker@558b229d[State = -1, empty queue]] WARN  server.GrpcLogAppender (GrpcLogAppender.java:timeoutAppendRequest(200)) - b12fb8a7-710d-4c3e-812a-0e86e46484d7@group-2679EB29DCDF->398b50df-cdaa-4e1b-b32c-4c6ed0083aaf-GrpcLogAppender: appendEntries Timeout, request=b12fb8a7-710d-4c3e-812a-0e86e46484d7->398b50df-cdaa-4e1b-b32c-4c6ed0083aaf#118-t1, previous=(t:1, i:18), leaderCommit=12, initializing? false, entries: <empty>
2019-09-12 13:11:37,991 [java.util.concurrent.ThreadPoolExecutor$Worker@5c82ddc3[State = -1, empty queue]] WARN  server.GrpcLogAppender (GrpcLogAppender.java:timeoutAppendRequest(200)) - b12fb8a7-710d-4c3e-812a-0e86e46484d7@group-2679EB29DCDF->76bba12e-2f74-4525-959f-7a651f40206a-GrpcLogAppender: appendEntries Timeout, request=b12fb8a7-710d-4c3e-812a-0e86e46484d7->76bba12e-2f74-4525-959f-7a651f40206a#118-t1, previous=(t:1, i:18), leaderCommit=12, initializing? false, entries: <empty>
2019-09-12 13:11:38,574 [grpc-default-executor-3] INFO  impl.RaftServerProxy (RaftServerProxy.java:remove(95)) - bd0b0c89-cb45-482d-bed2-ad92fc2d5050: remove group-203775717D2F:null
2019-09-12 13:11:38,579 [RatisPipelineUtilsThread] WARN  pipeline.RatisPipelineUtils (RatisPipelineUtils.java:destroyPipeline(66)) - Pipeline destroy failed for pipeline=PipelineID=7700c51d-9357-46f7-9d29-203775717d2f dn=bd0b0c89-cb45-482d-bed2-ad92fc2d5050{ip: 192.168.34.38, host: pr-hdds-2007-65vhz-3510356991, networkLocation: /default-rack, certSerialId: null}
2019-09-12 13:11:38,582 [grpc-default-executor-3] INFO  impl.RaftServerProxy (RaftServerProxy.java:remove(95)) - 5d275853-b846-4f86-bc5b-0ba421435051: remove group-203775717D2F:null
2019-09-12 13:11:38,584 [RatisPipelineUtilsThread] WARN  pipeline.RatisPipelineUtils (RatisPipelineUtils.java:destroyPipeline(66)) - Pipeline destroy failed for pipeline=PipelineID=7700c51d-9357-46f7-9d29-203775717d2f dn=5d275853-b846-4f86-bc5b-0ba421435051{ip: 192.168.34.38, host: pr-hdds-2007-65vhz-3510356991, networkLocation: /default-rack, certSerialId: null}
2019-09-12 13:11:38,587 [grpc-default-executor-3] INFO  impl.RaftServerProxy (RaftServerProxy.java:remove(95)) - e2c05a36-c8a2-43f6-9f8f-11b9e2d7f4b8: remove group-203775717D2F:null
2019-09-12 13:11:38,589 [RatisPipelineUtilsThread] WARN  pipeline.RatisPipelineUtils (RatisPipelineUtils.java:destroyPipeline(66)) - Pipeline destroy failed for pipeline=PipelineID=7700c51d-9357-46f7-9d29-203775717d2f dn=e2c05a36-c8a2-43f6-9f8f-11b9e2d7f4b8{ip: 192.168.34.38, host: pr-hdds-2007-65vhz-3510356991, networkLocation: /default-rack, certSerialId: null}
2019-09-12 13:11:40,047 [RatisPipelineUtilsThread] ERROR pipeline.SCMPipelineManager (Scheduler.java:lambda$schedule$1(70)) - Destroy pipeline failed for pipeline:Pipeline[ Id: 7700c51d-9357-46f7-9d29-203775717d2f, Nodes: bd0b0c89-cb45-482d-bed2-ad92fc2d5050{ip: 192.168.34.38, host: pr-hdds-2007-65vhz-3510356991, networkLocation: /default-rack, certSerialId: null}5d275853-b846-4f86-bc5b-0ba421435051{ip: 192.168.34.38, host: pr-hdds-2007-65vhz-3510356991, networkLocation: /default-rack, certSerialId: null}e2c05a36-c8a2-43f6-9f8f-11b9e2d7f4b8{ip: 192.168.34.38, host: pr-hdds-2007-65vhz-3510356991, networkLocation: /default-rack, certSerialId: null}, Type:RATIS, Factor:THREE, State:CLOSED]
org.apache.hadoop.hdds.scm.pipeline.PipelineNotFoundException: PipelineID=7700c51d-9357-46f7-9d29-203775717d2f not found
	at org.apache.hadoop.hdds.scm.pipeline.PipelineStateMap.getPipeline(PipelineStateMap.java:132)
	at org.apache.hadoop.hdds.scm.pipeline.PipelineStateMap.removePipeline(PipelineStateMap.java:322)
	at org.apache.hadoop.hdds.scm.pipeline.PipelineStateManager.removePipeline(PipelineStateManager.java:107)
	at org.apache.hadoop.hdds.scm.pipeline.SCMPipelineManager.removePipeline(SCMPipelineManager.java:423)
	at org.apache.hadoop.hdds.scm.pipeline.SCMPipelineManager.destroyPipeline(SCMPipelineManager.java:409)
	at org.apache.hadoop.hdds.scm.pipeline.SCMPipelineManager.lambda$finalizeAndDestroyPipeline$0(SCMPipelineManager.java:318)
	at org.apache.hadoop.utils.Scheduler.lambda$schedule$1(Scheduler.java:68)
	at java.util.concurrent.Executors$RunnableAdapter.call(Executors.java:511)
	at java.util.concurrent.FutureTask.run(FutureTask.java:266)
	at java.util.concurrent.ScheduledThreadPoolExecutor$ScheduledFutureTask.access$201(ScheduledThreadPoolExecutor.java:180)
	at java.util.concurrent.ScheduledThreadPoolExecutor$ScheduledFutureTask.run(ScheduledThreadPoolExecutor.java:293)
	at java.util.concurrent.ThreadPoolExecutor.runWorker(ThreadPoolExecutor.java:1149)
	at java.util.concurrent.ThreadPoolExecutor$Worker.run(ThreadPoolExecutor.java:624)
	at java.lang.Thread.run(Thread.java:748)
2019-09-12 13:11:40,052 [grpc-default-executor-3] INFO  impl.RaftServerProxy (RaftServerProxy.java:remove(95)) - bd0b0c89-cb45-482d-bed2-ad92fc2d5050: remove group-203775717D2F:null
2019-09-12 13:11:40,054 [RatisPipelineUtilsThread] WARN  pipeline.RatisPipelineUtils (RatisPipelineUtils.java:destroyPipeline(66)) - Pipeline destroy failed for pipeline=PipelineID=7700c51d-9357-46f7-9d29-203775717d2f dn=bd0b0c89-cb45-482d-bed2-ad92fc2d5050{ip: 192.168.34.38, host: pr-hdds-2007-65vhz-3510356991, networkLocation: /default-rack, certSerialId: null}
2019-09-12 13:11:40,057 [grpc-default-executor-3] INFO  impl.RaftServerProxy (RaftServerProxy.java:remove(95)) - 5d275853-b846-4f86-bc5b-0ba421435051: remove group-203775717D2F:null
2019-09-12 13:11:40,059 [RatisPipelineUtilsThread] WARN  pipeline.RatisPipelineUtils (RatisPipelineUtils.java:destroyPipeline(66)) - Pipeline destroy failed for pipeline=PipelineID=7700c51d-9357-46f7-9d29-203775717d2f dn=5d275853-b846-4f86-bc5b-0ba421435051{ip: 192.168.34.38, host: pr-hdds-2007-65vhz-3510356991, networkLocation: /default-rack, certSerialId: null}
2019-09-12 13:11:40,061 [grpc-default-executor-3] INFO  impl.RaftServerProxy (RaftServerProxy.java:remove(95)) - e2c05a36-c8a2-43f6-9f8f-11b9e2d7f4b8: remove group-203775717D2F:null
2019-09-12 13:11:40,063 [RatisPipelineUtilsThread] WARN  pipeline.RatisPipelineUtils (RatisPipelineUtils.java:destroyPipeline(66)) - Pipeline destroy failed for pipeline=PipelineID=7700c51d-9357-46f7-9d29-203775717d2f dn=e2c05a36-c8a2-43f6-9f8f-11b9e2d7f4b8{ip: 192.168.34.38, host: pr-hdds-2007-65vhz-3510356991, networkLocation: /default-rack, certSerialId: null}
2019-09-12 13:11:40,063 [RatisPipelineUtilsThread] ERROR pipeline.SCMPipelineManager (Scheduler.java:lambda$schedule$1(70)) - Destroy pipeline failed for pipeline:Pipeline[ Id: 7700c51d-9357-46f7-9d29-203775717d2f, Nodes: bd0b0c89-cb45-482d-bed2-ad92fc2d5050{ip: 192.168.34.38, host: pr-hdds-2007-65vhz-3510356991, networkLocation: /default-rack, certSerialId: null}5d275853-b846-4f86-bc5b-0ba421435051{ip: 192.168.34.38, host: pr-hdds-2007-65vhz-3510356991, networkLocation: /default-rack, certSerialId: null}e2c05a36-c8a2-43f6-9f8f-11b9e2d7f4b8{ip: 192.168.34.38, host: pr-hdds-2007-65vhz-3510356991, networkLocation: /default-rack, certSerialId: null}, Type:RATIS, Factor:THREE, State:CLOSED]
org.apache.hadoop.hdds.scm.pipeline.PipelineNotFoundException: PipelineID=7700c51d-9357-46f7-9d29-203775717d2f not found
	at org.apache.hadoop.hdds.scm.pipeline.PipelineStateMap.getPipeline(PipelineStateMap.java:132)
	at org.apache.hadoop.hdds.scm.pipeline.PipelineStateMap.removePipeline(PipelineStateMap.java:322)
	at org.apache.hadoop.hdds.scm.pipeline.PipelineStateManager.removePipeline(PipelineStateManager.java:107)
	at org.apache.hadoop.hdds.scm.pipeline.SCMPipelineManager.removePipeline(SCMPipelineManager.java:423)
	at org.apache.hadoop.hdds.scm.pipeline.SCMPipelineManager.destroyPipeline(SCMPipelineManager.java:409)
	at org.apache.hadoop.hdds.scm.pipeline.SCMPipelineManager.lambda$finalizeAndDestroyPipeline$0(SCMPipelineManager.java:318)
	at org.apache.hadoop.utils.Scheduler.lambda$schedule$1(Scheduler.java:68)
	at java.util.concurrent.Executors$RunnableAdapter.call(Executors.java:511)
	at java.util.concurrent.FutureTask.run(FutureTask.java:266)
	at java.util.concurrent.ScheduledThreadPoolExecutor$ScheduledFutureTask.access$201(ScheduledThreadPoolExecutor.java:180)
	at java.util.concurrent.ScheduledThreadPoolExecutor$ScheduledFutureTask.run(ScheduledThreadPoolExecutor.java:293)
	at java.util.concurrent.ThreadPoolExecutor.runWorker(ThreadPoolExecutor.java:1149)
	at java.util.concurrent.ThreadPoolExecutor$Worker.run(ThreadPoolExecutor.java:624)
	at java.lang.Thread.run(Thread.java:748)
2019-09-12 13:11:40,066 [grpc-default-executor-3] INFO  impl.RaftServerProxy (RaftServerProxy.java:remove(95)) - bd0b0c89-cb45-482d-bed2-ad92fc2d5050: remove group-203775717D2F:null
2019-09-12 13:11:40,068 [RatisPipelineUtilsThread] WARN  pipeline.RatisPipelineUtils (RatisPipelineUtils.java:destroyPipeline(66)) - Pipeline destroy failed for pipeline=PipelineID=7700c51d-9357-46f7-9d29-203775717d2f dn=bd0b0c89-cb45-482d-bed2-ad92fc2d5050{ip: 192.168.34.38, host: pr-hdds-2007-65vhz-3510356991, networkLocation: /default-rack, certSerialId: null}
2019-09-12 13:11:40,070 [grpc-default-executor-3] INFO  impl.RaftServerProxy (RaftServerProxy.java:remove(95)) - 5d275853-b846-4f86-bc5b-0ba421435051: remove group-203775717D2F:null
2019-09-12 13:11:40,072 [RatisPipelineUtilsThread] WARN  pipeline.RatisPipelineUtils (RatisPipelineUtils.java:destroyPipeline(66)) - Pipeline destroy failed for pipeline=PipelineID=7700c51d-9357-46f7-9d29-203775717d2f dn=5d275853-b846-4f86-bc5b-0ba421435051{ip: 192.168.34.38, host: pr-hdds-2007-65vhz-3510356991, networkLocation: /default-rack, certSerialId: null}
2019-09-12 13:11:40,074 [grpc-default-executor-3] INFO  impl.RaftServerProxy (RaftServerProxy.java:remove(95)) - e2c05a36-c8a2-43f6-9f8f-11b9e2d7f4b8: remove group-203775717D2F:null
2019-09-12 13:11:40,076 [RatisPipelineUtilsThread] WARN  pipeline.RatisPipelineUtils (RatisPipelineUtils.java:destroyPipeline(66)) - Pipeline destroy failed for pipeline=PipelineID=7700c51d-9357-46f7-9d29-203775717d2f dn=e2c05a36-c8a2-43f6-9f8f-11b9e2d7f4b8{ip: 192.168.34.38, host: pr-hdds-2007-65vhz-3510356991, networkLocation: /default-rack, certSerialId: null}
2019-09-12 13:11:40,076 [RatisPipelineUtilsThread] ERROR pipeline.SCMPipelineManager (Scheduler.java:lambda$schedule$1(70)) - Destroy pipeline failed for pipeline:Pipeline[ Id: 7700c51d-9357-46f7-9d29-203775717d2f, Nodes: bd0b0c89-cb45-482d-bed2-ad92fc2d5050{ip: 192.168.34.38, host: pr-hdds-2007-65vhz-3510356991, networkLocation: /default-rack, certSerialId: null}5d275853-b846-4f86-bc5b-0ba421435051{ip: 192.168.34.38, host: pr-hdds-2007-65vhz-3510356991, networkLocation: /default-rack, certSerialId: null}e2c05a36-c8a2-43f6-9f8f-11b9e2d7f4b8{ip: 192.168.34.38, host: pr-hdds-2007-65vhz-3510356991, networkLocation: /default-rack, certSerialId: null}, Type:RATIS, Factor:THREE, State:CLOSED]
org.apache.hadoop.hdds.scm.pipeline.PipelineNotFoundException: PipelineID=7700c51d-9357-46f7-9d29-203775717d2f not found
	at org.apache.hadoop.hdds.scm.pipeline.PipelineStateMap.getPipeline(PipelineStateMap.java:132)
	at org.apache.hadoop.hdds.scm.pipeline.PipelineStateMap.removePipeline(PipelineStateMap.java:322)
	at org.apache.hadoop.hdds.scm.pipeline.PipelineStateManager.removePipeline(PipelineStateManager.java:107)
	at org.apache.hadoop.hdds.scm.pipeline.SCMPipelineManager.removePipeline(SCMPipelineManager.java:423)
	at org.apache.hadoop.hdds.scm.pipeline.SCMPipelineManager.destroyPipeline(SCMPipelineManager.java:409)
	at org.apache.hadoop.hdds.scm.pipeline.SCMPipelineManager.lambda$finalizeAndDestroyPipeline$0(SCMPipelineManager.java:318)
	at org.apache.hadoop.utils.Scheduler.lambda$schedule$1(Scheduler.java:68)
	at java.util.concurrent.Executors$RunnableAdapter.call(Executors.java:511)
	at java.util.concurrent.FutureTask.run(FutureTask.java:266)
	at java.util.concurrent.ScheduledThreadPoolExecutor$ScheduledFutureTask.access$201(ScheduledThreadPoolExecutor.java:180)
	at java.util.concurrent.ScheduledThreadPoolExecutor$ScheduledFutureTask.run(ScheduledThreadPoolExecutor.java:293)
	at java.util.concurrent.ThreadPoolExecutor.runWorker(ThreadPoolExecutor.java:1149)
	at java.util.concurrent.ThreadPoolExecutor$Worker.run(ThreadPoolExecutor.java:624)
	at java.lang.Thread.run(Thread.java:748)
2019-09-12 13:11:40,078 [grpc-default-executor-3] INFO  impl.RaftServerProxy (RaftServerProxy.java:remove(95)) - bd0b0c89-cb45-482d-bed2-ad92fc2d5050: remove group-203775717D2F:null
2019-09-12 13:11:40,080 [RatisPipelineUtilsThread] WARN  pipeline.RatisPipelineUtils (RatisPipelineUtils.java:destroyPipeline(66)) - Pipeline destroy failed for pipeline=PipelineID=7700c51d-9357-46f7-9d29-203775717d2f dn=bd0b0c89-cb45-482d-bed2-ad92fc2d5050{ip: 192.168.34.38, host: pr-hdds-2007-65vhz-3510356991, networkLocation: /default-rack, certSerialId: null}
2019-09-12 13:11:40,082 [grpc-default-executor-3] INFO  impl.RaftServerProxy (RaftServerProxy.java:remove(95)) - 5d275853-b846-4f86-bc5b-0ba421435051: remove group-203775717D2F:null
2019-09-12 13:11:40,084 [RatisPipelineUtilsThread] WARN  pipeline.RatisPipelineUtils (RatisPipelineUtils.java:destroyPipeline(66)) - Pipeline destroy failed for pipeline=PipelineID=7700c51d-9357-46f7-9d29-203775717d2f dn=5d275853-b846-4f86-bc5b-0ba421435051{ip: 192.168.34.38, host: pr-hdds-2007-65vhz-3510356991, networkLocation: /default-rack, certSerialId: null}
2019-09-12 13:11:40,086 [grpc-default-executor-3] INFO  impl.RaftServerProxy (RaftServerProxy.java:remove(95)) - e2c05a36-c8a2-43f6-9f8f-11b9e2d7f4b8: remove group-203775717D2F:null
2019-09-12 13:11:40,088 [RatisPipelineUtilsThread] WARN  pipeline.RatisPipelineUtils (RatisPipelineUtils.java:destroyPipeline(66)) - Pipeline destroy failed for pipeline=PipelineID=7700c51d-9357-46f7-9d29-203775717d2f dn=e2c05a36-c8a2-43f6-9f8f-11b9e2d7f4b8{ip: 192.168.34.38, host: pr-hdds-2007-65vhz-3510356991, networkLocation: /default-rack, certSerialId: null}
2019-09-12 13:11:40,088 [RatisPipelineUtilsThread] ERROR pipeline.SCMPipelineManager (Scheduler.java:lambda$schedule$1(70)) - Destroy pipeline failed for pipeline:Pipeline[ Id: 7700c51d-9357-46f7-9d29-203775717d2f, Nodes: bd0b0c89-cb45-482d-bed2-ad92fc2d5050{ip: 192.168.34.38, host: pr-hdds-2007-65vhz-3510356991, networkLocation: /default-rack, certSerialId: null}5d275853-b846-4f86-bc5b-0ba421435051{ip: 192.168.34.38, host: pr-hdds-2007-65vhz-3510356991, networkLocation: /default-rack, certSerialId: null}e2c05a36-c8a2-43f6-9f8f-11b9e2d7f4b8{ip: 192.168.34.38, host: pr-hdds-2007-65vhz-3510356991, networkLocation: /default-rack, certSerialId: null}, Type:RATIS, Factor:THREE, State:CLOSED]
org.apache.hadoop.hdds.scm.pipeline.PipelineNotFoundException: PipelineID=7700c51d-9357-46f7-9d29-203775717d2f not found
	at org.apache.hadoop.hdds.scm.pipeline.PipelineStateMap.getPipeline(PipelineStateMap.java:132)
	at org.apache.hadoop.hdds.scm.pipeline.PipelineStateMap.removePipeline(PipelineStateMap.java:322)
	at org.apache.hadoop.hdds.scm.pipeline.PipelineStateManager.removePipeline(PipelineStateManager.java:107)
	at org.apache.hadoop.hdds.scm.pipeline.SCMPipelineManager.removePipeline(SCMPipelineManager.java:423)
	at org.apache.hadoop.hdds.scm.pipeline.SCMPipelineManager.destroyPipeline(SCMPipelineManager.java:409)
	at org.apache.hadoop.hdds.scm.pipeline.SCMPipelineManager.lambda$finalizeAndDestroyPipeline$0(SCMPipelineManager.java:318)
	at org.apache.hadoop.utils.Scheduler.lambda$schedule$1(Scheduler.java:68)
	at java.util.concurrent.Executors$RunnableAdapter.call(Executors.java:511)
	at java.util.concurrent.FutureTask.run(FutureTask.java:266)
	at java.util.concurrent.ScheduledThreadPoolExecutor$ScheduledFutureTask.access$201(ScheduledThreadPoolExecutor.java:180)
	at java.util.concurrent.ScheduledThreadPoolExecutor$ScheduledFutureTask.run(ScheduledThreadPoolExecutor.java:293)
	at java.util.concurrent.ThreadPoolExecutor.runWorker(ThreadPoolExecutor.java:1149)
	at java.util.concurrent.ThreadPoolExecutor$Worker.run(ThreadPoolExecutor.java:624)
	at java.lang.Thread.run(Thread.java:748)
2019-09-12 13:11:40,492 [java.util.concurrent.ThreadPoolExecutor$Worker@558b229d[State = -1, empty queue]] WARN  server.GrpcLogAppender (GrpcLogAppender.java:timeoutAppendRequest(200)) - b12fb8a7-710d-4c3e-812a-0e86e46484d7@group-2679EB29DCDF->398b50df-cdaa-4e1b-b32c-4c6ed0083aaf-GrpcLogAppender: appendEntries Timeout, request=b12fb8a7-710d-4c3e-812a-0e86e46484d7->398b50df-cdaa-4e1b-b32c-4c6ed0083aaf#119-t1, previous=(t:1, i:18), leaderCommit=12, initializing? false, entries: <empty>
2019-09-12 13:11:40,492 [java.util.concurrent.ThreadPoolExecutor$Worker@5c82ddc3[State = -1, empty queue]] WARN  server.GrpcLogAppender (GrpcLogAppender.java:timeoutAppendRequest(200)) - b12fb8a7-710d-4c3e-812a-0e86e46484d7@group-2679EB29DCDF->76bba12e-2f74-4525-959f-7a651f40206a-GrpcLogAppender: appendEntries Timeout, request=b12fb8a7-710d-4c3e-812a-0e86e46484d7->76bba12e-2f74-4525-959f-7a651f40206a#119-t1, previous=(t:1, i:18), leaderCommit=12, initializing? false, entries: <empty>
2019-09-12 13:11:40,888 [grpc-default-executor-3] INFO  client.GrpcClientProtocolClient (GrpcClientProtocolClient.java:onNext(264)) - client-BDAEC2693858->76bba12e-2f74-4525-959f-7a651f40206a: receive RaftClientReply:client-BDAEC2693858->76bba12e-2f74-4525-959f-7a651f40206a@group-2679EB29DCDF, cid=33, FAILED org.apache.ratis.protocol.NotLeaderException: Server 76bba12e-2f74-4525-959f-7a651f40206a@group-2679EB29DCDF is not the leader b12fb8a7-710d-4c3e-812a-0e86e46484d7:192.168.34.38:33689, logIndex=0, commits[76bba12e-2f74-4525-959f-7a651f40206a:c12, 398b50df-cdaa-4e1b-b32c-4c6ed0083aaf:c10, b12fb8a7-710d-4c3e-812a-0e86e46484d7:c12]
2019-09-12 13:11:42,992 [java.util.concurrent.ThreadPoolExecutor$Worker@5c82ddc3[State = -1, empty queue]] WARN  server.GrpcLogAppender (GrpcLogAppender.java:timeoutAppendRequest(200)) - b12fb8a7-710d-4c3e-812a-0e86e46484d7@group-2679EB29DCDF->76bba12e-2f74-4525-959f-7a651f40206a-GrpcLogAppender: appendEntries Timeout, request=b12fb8a7-710d-4c3e-812a-0e86e46484d7->76bba12e-2f74-4525-959f-7a651f40206a#120-t1, previous=(t:1, i:18), leaderCommit=12, initializing? false, entries: <empty>
2019-09-12 13:11:42,992 [java.util.concurrent.ThreadPoolExecutor$Worker@558b229d[State = -1, empty queue]] WARN  server.GrpcLogAppender (GrpcLogAppender.java:timeoutAppendRequest(200)) - b12fb8a7-710d-4c3e-812a-0e86e46484d7@group-2679EB29DCDF->398b50df-cdaa-4e1b-b32c-4c6ed0083aaf-GrpcLogAppender: appendEntries Timeout, request=b12fb8a7-710d-4c3e-812a-0e86e46484d7->398b50df-cdaa-4e1b-b32c-4c6ed0083aaf#120-t1, previous=(t:1, i:18), leaderCommit=12, initializing? false, entries: <empty>
2019-09-12 13:11:44,980 [398b50df-cdaa-4e1b-b32c-4c6ed0083aaf@group-2679EB29DCDF-SegmentedRaftLogWorker] WARN  segmented.SegmentedRaftLogWorker (SegmentedRaftLogWorker.java:getFromFuture(90)) - Timeout 6/~
org.apache.ratis.protocol.TimeoutIOException: Timeout 10s: WriteLog:13: (t:1, i:13), STATEMACHINELOGENTRY, client-BDAEC2693858, cid=33-writeStateMachineData
	at org.apache.ratis.util.IOUtils.getFromFuture(IOUtils.java:87)
	at org.apache.ratis.server.raftlog.segmented.SegmentedRaftLogWorker$StateMachineDataPolicy.getFromFuture(SegmentedRaftLogWorker.java:87)
	at org.apache.ratis.server.raftlog.segmented.SegmentedRaftLogWorker$WriteLog.execute(SegmentedRaftLogWorker.java:477)
	at org.apache.ratis.server.raftlog.segmented.SegmentedRaftLogWorker.run(SegmentedRaftLogWorker.java:289)
	at java.lang.Thread.run(Thread.java:748)
Caused by: java.util.concurrent.TimeoutException
	at java.util.concurrent.CompletableFuture.timedGet(CompletableFuture.java:1771)
	at java.util.concurrent.CompletableFuture.get(CompletableFuture.java:1915)
	at org.apache.ratis.util.IOUtils.getFromFuture(IOUtils.java:79)
	... 4 more
2019-09-12 13:11:44,980 [76bba12e-2f74-4525-959f-7a651f40206a@group-2679EB29DCDF-SegmentedRaftLogWorker] WARN  segmented.SegmentedRaftLogWorker (SegmentedRaftLogWorker.java:getFromFuture(90)) - Timeout 6/~
org.apache.ratis.protocol.TimeoutIOException: Timeout 10s: WriteLog:13: (t:1, i:13), STATEMACHINELOGENTRY, client-BDAEC2693858, cid=33-writeStateMachineData
	at org.apache.ratis.util.IOUtils.getFromFuture(IOUtils.java:87)
	at org.apache.ratis.server.raftlog.segmented.SegmentedRaftLogWorker$StateMachineDataPolicy.getFromFuture(SegmentedRaftLogWorker.java:87)
	at org.apache.ratis.server.raftlog.segmented.SegmentedRaftLogWorker$WriteLog.execute(SegmentedRaftLogWorker.java:477)
	at org.apache.ratis.server.raftlog.segmented.SegmentedRaftLogWorker.run(SegmentedRaftLogWorker.java:289)
	at java.lang.Thread.run(Thread.java:748)
Caused by: java.util.concurrent.TimeoutException
	at java.util.concurrent.CompletableFuture.timedGet(CompletableFuture.java:1771)
	at java.util.concurrent.CompletableFuture.get(CompletableFuture.java:1915)
	at org.apache.ratis.util.IOUtils.getFromFuture(IOUtils.java:79)
	... 4 more
2019-09-12 13:11:45,034 [b12fb8a7-710d-4c3e-812a-0e86e46484d7@group-2679EB29DCDF-SegmentedRaftLogWorker] WARN  segmented.SegmentedRaftLogWorker (SegmentedRaftLogWorker.java:getFromFuture(90)) - Timeout 6/~
org.apache.ratis.protocol.TimeoutIOException: Timeout 10s: WriteLog:14: (t:1, i:14), STATEMACHINELOGENTRY, client-BDAEC2693858, cid=34-writeStateMachineData
	at org.apache.ratis.util.IOUtils.getFromFuture(IOUtils.java:87)
	at org.apache.ratis.server.raftlog.segmented.SegmentedRaftLogWorker$StateMachineDataPolicy.getFromFuture(SegmentedRaftLogWorker.java:87)
	at org.apache.ratis.server.raftlog.segmented.SegmentedRaftLogWorker$WriteLog.execute(SegmentedRaftLogWorker.java:477)
	at org.apache.ratis.server.raftlog.segmented.SegmentedRaftLogWorker.run(SegmentedRaftLogWorker.java:289)
	at java.lang.Thread.run(Thread.java:748)
Caused by: java.util.concurrent.TimeoutException
	at java.util.concurrent.CompletableFuture.timedGet(CompletableFuture.java:1771)
	at java.util.concurrent.CompletableFuture.get(CompletableFuture.java:1915)
	at org.apache.ratis.util.IOUtils.getFromFuture(IOUtils.java:79)
	... 4 more
2019-09-12 13:11:45,493 [java.util.concurrent.ThreadPoolExecutor$Worker@5c82ddc3[State = -1, empty queue]] WARN  server.GrpcLogAppender (GrpcLogAppender.java:timeoutAppendRequest(200)) - b12fb8a7-710d-4c3e-812a-0e86e46484d7@group-2679EB29DCDF->76bba12e-2f74-4525-959f-7a651f40206a-GrpcLogAppender: appendEntries Timeout, request=b12fb8a7-710d-4c3e-812a-0e86e46484d7->76bba12e-2f74-4525-959f-7a651f40206a#121-t1, previous=(t:1, i:18), leaderCommit=12, initializing? false, entries: <empty>
2019-09-12 13:11:45,493 [java.util.concurrent.ThreadPoolExecutor$Worker@558b229d[State = -1, empty queue]] WARN  server.GrpcLogAppender (GrpcLogAppender.java:timeoutAppendRequest(200)) - b12fb8a7-710d-4c3e-812a-0e86e46484d7@group-2679EB29DCDF->398b50df-cdaa-4e1b-b32c-4c6ed0083aaf-GrpcLogAppender: appendEntries Timeout, request=b12fb8a7-710d-4c3e-812a-0e86e46484d7->398b50df-cdaa-4e1b-b32c-4c6ed0083aaf#121-t1, previous=(t:1, i:18), leaderCommit=12, initializing? false, entries: <empty>
2019-09-12 13:11:45,944 [grpc-default-executor-6] INFO  client.GrpcClientProtocolClient (GrpcClientProtocolClient.java:onNext(264)) - client-BDAEC2693858->76bba12e-2f74-4525-959f-7a651f40206a: receive RaftClientReply:client-BDAEC2693858->76bba12e-2f74-4525-959f-7a651f40206a@group-2679EB29DCDF, cid=33, FAILED org.apache.ratis.protocol.NotLeaderException: Server 76bba12e-2f74-4525-959f-7a651f40206a@group-2679EB29DCDF is not the leader b12fb8a7-710d-4c3e-812a-0e86e46484d7:192.168.34.38:33689, logIndex=0, commits[76bba12e-2f74-4525-959f-7a651f40206a:c12, 398b50df-cdaa-4e1b-b32c-4c6ed0083aaf:c10, b12fb8a7-710d-4c3e-812a-0e86e46484d7:c12]
2019-09-12 13:11:47,996 [java.util.concurrent.ThreadPoolExecutor$Worker@558b229d[State = -1, empty queue]] WARN  server.GrpcLogAppender (GrpcLogAppender.java:timeoutAppendRequest(200)) - b12fb8a7-710d-4c3e-812a-0e86e46484d7@group-2679EB29DCDF->398b50df-cdaa-4e1b-b32c-4c6ed0083aaf-GrpcLogAppender: appendEntries Timeout, request=b12fb8a7-710d-4c3e-812a-0e86e46484d7->398b50df-cdaa-4e1b-b32c-4c6ed0083aaf#122-t1, previous=(t:1, i:18), leaderCommit=12, initializing? false, entries: <empty>
2019-09-12 13:11:47,997 [java.util.concurrent.ThreadPoolExecutor$Worker@5c82ddc3[State = -1, empty queue]] WARN  server.GrpcLogAppender (GrpcLogAppender.java:timeoutAppendRequest(200)) - b12fb8a7-710d-4c3e-812a-0e86e46484d7@group-2679EB29DCDF->76bba12e-2f74-4525-959f-7a651f40206a-GrpcLogAppender: appendEntries Timeout, request=b12fb8a7-710d-4c3e-812a-0e86e46484d7->76bba12e-2f74-4525-959f-7a651f40206a#122-t1, previous=(t:1, i:18), leaderCommit=12, initializing? false, entries: <empty>
2019-09-12 13:11:50,497 [java.util.concurrent.ThreadPoolExecutor$Worker@5c82ddc3[State = -1, empty queue]] WARN  server.GrpcLogAppender (GrpcLogAppender.java:timeoutAppendRequest(200)) - b12fb8a7-710d-4c3e-812a-0e86e46484d7@group-2679EB29DCDF->76bba12e-2f74-4525-959f-7a651f40206a-GrpcLogAppender: appendEntries Timeout, request=b12fb8a7-710d-4c3e-812a-0e86e46484d7->76bba12e-2f74-4525-959f-7a651f40206a#123-t1, previous=(t:1, i:18), leaderCommit=12, initializing? false, entries: <empty>
2019-09-12 13:11:50,497 [java.util.concurrent.ThreadPoolExecutor$Worker@558b229d[State = -1, empty queue]] WARN  server.GrpcLogAppender (GrpcLogAppender.java:timeoutAppendRequest(200)) - b12fb8a7-710d-4c3e-812a-0e86e46484d7@group-2679EB29DCDF->398b50df-cdaa-4e1b-b32c-4c6ed0083aaf-GrpcLogAppender: appendEntries Timeout, request=b12fb8a7-710d-4c3e-812a-0e86e46484d7->398b50df-cdaa-4e1b-b32c-4c6ed0083aaf#123-t1, previous=(t:1, i:18), leaderCommit=12, initializing? false, entries: <empty>
2019-09-12 13:11:50,979 [grpc-default-executor-3] INFO  client.GrpcClientProtocolClient (GrpcClientProtocolClient.java:onNext(264)) - client-BDAEC2693858->398b50df-cdaa-4e1b-b32c-4c6ed0083aaf: receive RaftClientReply:client-BDAEC2693858->398b50df-cdaa-4e1b-b32c-4c6ed0083aaf@group-2679EB29DCDF, cid=33, FAILED org.apache.ratis.protocol.NotLeaderException: Server 398b50df-cdaa-4e1b-b32c-4c6ed0083aaf@group-2679EB29DCDF is not the leader b12fb8a7-710d-4c3e-812a-0e86e46484d7:192.168.34.38:33689, logIndex=0, commits[398b50df-cdaa-4e1b-b32c-4c6ed0083aaf:c12, b12fb8a7-710d-4c3e-812a-0e86e46484d7:c12, 76bba12e-2f74-4525-959f-7a651f40206a:c10]
2019-09-12 13:11:52,997 [java.util.concurrent.ThreadPoolExecutor$Worker@5c82ddc3[State = -1, empty queue]] WARN  server.GrpcLogAppender (GrpcLogAppender.java:timeoutAppendRequest(200)) - b12fb8a7-710d-4c3e-812a-0e86e46484d7@group-2679EB29DCDF->76bba12e-2f74-4525-959f-7a651f40206a-GrpcLogAppender: appendEntries Timeout, request=b12fb8a7-710d-4c3e-812a-0e86e46484d7->76bba12e-2f74-4525-959f-7a651f40206a#124-t1, previous=(t:1, i:18), leaderCommit=12, initializing? false, entries: <empty>
2019-09-12 13:11:52,997 [java.util.concurrent.ThreadPoolExecutor$Worker@558b229d[State = -1, empty queue]] WARN  server.GrpcLogAppender (GrpcLogAppender.java:timeoutAppendRequest(200)) - b12fb8a7-710d-4c3e-812a-0e86e46484d7@group-2679EB29DCDF->398b50df-cdaa-4e1b-b32c-4c6ed0083aaf-GrpcLogAppender: appendEntries Timeout, request=b12fb8a7-710d-4c3e-812a-0e86e46484d7->398b50df-cdaa-4e1b-b32c-4c6ed0083aaf#124-t1, previous=(t:1, i:18), leaderCommit=12, initializing? false, entries: <empty>
2019-09-12 13:11:54,981 [398b50df-cdaa-4e1b-b32c-4c6ed0083aaf@group-2679EB29DCDF-SegmentedRaftLogWorker] WARN  segmented.SegmentedRaftLogWorker (SegmentedRaftLogWorker.java:getFromFuture(90)) - Timeout 7/~
org.apache.ratis.protocol.TimeoutIOException: Timeout 10s: WriteLog:13: (t:1, i:13), STATEMACHINELOGENTRY, client-BDAEC2693858, cid=33-writeStateMachineData
	at org.apache.ratis.util.IOUtils.getFromFuture(IOUtils.java:87)
	at org.apache.ratis.server.raftlog.segmented.SegmentedRaftLogWorker$StateMachineDataPolicy.getFromFuture(SegmentedRaftLogWorker.java:87)
	at org.apache.ratis.server.raftlog.segmented.SegmentedRaftLogWorker$WriteLog.execute(SegmentedRaftLogWorker.java:477)
	at org.apache.ratis.server.raftlog.segmented.SegmentedRaftLogWorker.run(SegmentedRaftLogWorker.java:289)
	at java.lang.Thread.run(Thread.java:748)
Caused by: java.util.concurrent.TimeoutException
	at java.util.concurrent.CompletableFuture.timedGet(CompletableFuture.java:1771)
	at java.util.concurrent.CompletableFuture.get(CompletableFuture.java:1915)
	at org.apache.ratis.util.IOUtils.getFromFuture(IOUtils.java:79)
	... 4 more
2019-09-12 13:11:54,997 [76bba12e-2f74-4525-959f-7a651f40206a@group-2679EB29DCDF-SegmentedRaftLogWorker] WARN  segmented.SegmentedRaftLogWorker (SegmentedRaftLogWorker.java:getFromFuture(90)) - Timeout 7/~
org.apache.ratis.protocol.TimeoutIOException: Timeout 10s: WriteLog:13: (t:1, i:13), STATEMACHINELOGENTRY, client-BDAEC2693858, cid=33-writeStateMachineData
	at org.apache.ratis.util.IOUtils.getFromFuture(IOUtils.java:87)
	at org.apache.ratis.server.raftlog.segmented.SegmentedRaftLogWorker$StateMachineDataPolicy.getFromFuture(SegmentedRaftLogWorker.java:87)
	at org.apache.ratis.server.raftlog.segmented.SegmentedRaftLogWorker$WriteLog.execute(SegmentedRaftLogWorker.java:477)
	at org.apache.ratis.server.raftlog.segmented.SegmentedRaftLogWorker.run(SegmentedRaftLogWorker.java:289)
	at java.lang.Thread.run(Thread.java:748)
Caused by: java.util.concurrent.TimeoutException
	at java.util.concurrent.CompletableFuture.timedGet(CompletableFuture.java:1771)
	at java.util.concurrent.CompletableFuture.get(CompletableFuture.java:1915)
	at org.apache.ratis.util.IOUtils.getFromFuture(IOUtils.java:79)
	... 4 more
2019-09-12 13:11:55,035 [b12fb8a7-710d-4c3e-812a-0e86e46484d7@group-2679EB29DCDF-SegmentedRaftLogWorker] WARN  segmented.SegmentedRaftLogWorker (SegmentedRaftLogWorker.java:getFromFuture(90)) - Timeout 7/~
org.apache.ratis.protocol.TimeoutIOException: Timeout 10s: WriteLog:14: (t:1, i:14), STATEMACHINELOGENTRY, client-BDAEC2693858, cid=34-writeStateMachineData
	at org.apache.ratis.util.IOUtils.getFromFuture(IOUtils.java:87)
	at org.apache.ratis.server.raftlog.segmented.SegmentedRaftLogWorker$StateMachineDataPolicy.getFromFuture(SegmentedRaftLogWorker.java:87)
	at org.apache.ratis.server.raftlog.segmented.SegmentedRaftLogWorker$WriteLog.execute(SegmentedRaftLogWorker.java:477)
	at org.apache.ratis.server.raftlog.segmented.SegmentedRaftLogWorker.run(SegmentedRaftLogWorker.java:289)
	at java.lang.Thread.run(Thread.java:748)
Caused by: java.util.concurrent.TimeoutException
	at java.util.concurrent.CompletableFuture.timedGet(CompletableFuture.java:1771)
	at java.util.concurrent.CompletableFuture.get(CompletableFuture.java:1915)
	at org.apache.ratis.util.IOUtils.getFromFuture(IOUtils.java:79)
	... 4 more
2019-09-12 13:11:55,498 [java.util.concurrent.ThreadPoolExecutor$Worker@558b229d[State = -1, empty queue]] WARN  server.GrpcLogAppender (GrpcLogAppender.java:timeoutAppendRequest(200)) - b12fb8a7-710d-4c3e-812a-0e86e46484d7@group-2679EB29DCDF->398b50df-cdaa-4e1b-b32c-4c6ed0083aaf-GrpcLogAppender: appendEntries Timeout, request=b12fb8a7-710d-4c3e-812a-0e86e46484d7->398b50df-cdaa-4e1b-b32c-4c6ed0083aaf#125-t1, previous=(t:1, i:18), leaderCommit=12, initializing? false, entries: <empty>
2019-09-12 13:11:55,498 [java.util.concurrent.ThreadPoolExecutor$Worker@5c82ddc3[State = -1, empty queue]] WARN  server.GrpcLogAppender (GrpcLogAppender.java:timeoutAppendRequest(200)) - b12fb8a7-710d-4c3e-812a-0e86e46484d7@group-2679EB29DCDF->76bba12e-2f74-4525-959f-7a651f40206a-GrpcLogAppender: appendEntries Timeout, request=b12fb8a7-710d-4c3e-812a-0e86e46484d7->76bba12e-2f74-4525-959f-7a651f40206a#125-t1, previous=(t:1, i:18), leaderCommit=12, initializing? false, entries: <empty>
2019-09-12 13:11:56,022 [grpc-default-executor-6] INFO  client.GrpcClientProtocolClient (GrpcClientProtocolClient.java:onNext(264)) - client-BDAEC2693858->76bba12e-2f74-4525-959f-7a651f40206a: receive RaftClientReply:client-BDAEC2693858->76bba12e-2f74-4525-959f-7a651f40206a@group-2679EB29DCDF, cid=33, FAILED org.apache.ratis.protocol.NotLeaderException: Server 76bba12e-2f74-4525-959f-7a651f40206a@group-2679EB29DCDF is not the leader b12fb8a7-710d-4c3e-812a-0e86e46484d7:192.168.34.38:33689, logIndex=0, commits[76bba12e-2f74-4525-959f-7a651f40206a:c12, 398b50df-cdaa-4e1b-b32c-4c6ed0083aaf:c10, b12fb8a7-710d-4c3e-812a-0e86e46484d7:c12]
2019-09-12 13:11:57,998 [java.util.concurrent.ThreadPoolExecutor$Worker@558b229d[State = -1, empty queue]] WARN  server.GrpcLogAppender (GrpcLogAppender.java:timeoutAppendRequest(200)) - b12fb8a7-710d-4c3e-812a-0e86e46484d7@group-2679EB29DCDF->398b50df-cdaa-4e1b-b32c-4c6ed0083aaf-GrpcLogAppender: appendEntries Timeout, request=b12fb8a7-710d-4c3e-812a-0e86e46484d7->398b50df-cdaa-4e1b-b32c-4c6ed0083aaf#126-t1, previous=(t:1, i:18), leaderCommit=12, initializing? false, entries: <empty>
2019-09-12 13:11:57,998 [java.util.concurrent.ThreadPoolExecutor$Worker@5c82ddc3[State = -1, empty queue]] WARN  server.GrpcLogAppender (GrpcLogAppender.java:timeoutAppendRequest(200)) - b12fb8a7-710d-4c3e-812a-0e86e46484d7@group-2679EB29DCDF->76bba12e-2f74-4525-959f-7a651f40206a-GrpcLogAppender: appendEntries Timeout, request=b12fb8a7-710d-4c3e-812a-0e86e46484d7->76bba12e-2f74-4525-959f-7a651f40206a#126-t1, previous=(t:1, i:18), leaderCommit=12, initializing? false, entries: <empty>
2019-09-12 13:12:00,499 [java.util.concurrent.ThreadPoolExecutor$Worker@5c82ddc3[State = -1, empty queue]] WARN  server.GrpcLogAppender (GrpcLogAppender.java:timeoutAppendRequest(200)) - b12fb8a7-710d-4c3e-812a-0e86e46484d7@group-2679EB29DCDF->76bba12e-2f74-4525-959f-7a651f40206a-GrpcLogAppender: appendEntries Timeout, request=b12fb8a7-710d-4c3e-812a-0e86e46484d7->76bba12e-2f74-4525-959f-7a651f40206a#127-t1, previous=(t:1, i:18), leaderCommit=12, initializing? false, entries: <empty>
2019-09-12 13:12:00,499 [java.util.concurrent.ThreadPoolExecutor$Worker@558b229d[State = -1, empty queue]] WARN  server.GrpcLogAppender (GrpcLogAppender.java:timeoutAppendRequest(200)) - b12fb8a7-710d-4c3e-812a-0e86e46484d7@group-2679EB29DCDF->398b50df-cdaa-4e1b-b32c-4c6ed0083aaf-GrpcLogAppender: appendEntries Timeout, request=b12fb8a7-710d-4c3e-812a-0e86e46484d7->398b50df-cdaa-4e1b-b32c-4c6ed0083aaf#127-t1, previous=(t:1, i:18), leaderCommit=12, initializing? false, entries: <empty>
2019-09-12 13:12:01,080 [grpc-default-executor-3] INFO  client.GrpcClientProtocolClient (GrpcClientProtocolClient.java:onNext(264)) - client-BDAEC2693858->76bba12e-2f74-4525-959f-7a651f40206a: receive RaftClientReply:client-BDAEC2693858->76bba12e-2f74-4525-959f-7a651f40206a@group-2679EB29DCDF, cid=33, FAILED org.apache.ratis.protocol.NotLeaderException: Server 76bba12e-2f74-4525-959f-7a651f40206a@group-2679EB29DCDF is not the leader b12fb8a7-710d-4c3e-812a-0e86e46484d7:192.168.34.38:33689, logIndex=0, commits[76bba12e-2f74-4525-959f-7a651f40206a:c12, 398b50df-cdaa-4e1b-b32c-4c6ed0083aaf:c10, b12fb8a7-710d-4c3e-812a-0e86e46484d7:c12]
2019-09-12 13:12:03,001 [java.util.concurrent.ThreadPoolExecutor$Worker@558b229d[State = -1, empty queue]] WARN  server.GrpcLogAppender (GrpcLogAppender.java:timeoutAppendRequest(200)) - b12fb8a7-710d-4c3e-812a-0e86e46484d7@group-2679EB29DCDF->398b50df-cdaa-4e1b-b32c-4c6ed0083aaf-GrpcLogAppender: appendEntries Timeout, request=b12fb8a7-710d-4c3e-812a-0e86e46484d7->398b50df-cdaa-4e1b-b32c-4c6ed0083aaf#128-t1, previous=(t:1, i:18), leaderCommit=12, initializing? false, entries: <empty>
2019-09-12 13:12:03,001 [java.util.concurrent.ThreadPoolExecutor$Worker@5c82ddc3[State = -1, empty queue]] WARN  server.GrpcLogAppender (GrpcLogAppender.java:timeoutAppendRequest(200)) - b12fb8a7-710d-4c3e-812a-0e86e46484d7@group-2679EB29DCDF->76bba12e-2f74-4525-959f-7a651f40206a-GrpcLogAppender: appendEntries Timeout, request=b12fb8a7-710d-4c3e-812a-0e86e46484d7->76bba12e-2f74-4525-959f-7a651f40206a#128-t1, previous=(t:1, i:18), leaderCommit=12, initializing? false, entries: <empty>
2019-09-12 13:12:04,983 [398b50df-cdaa-4e1b-b32c-4c6ed0083aaf@group-2679EB29DCDF-SegmentedRaftLogWorker] WARN  segmented.SegmentedRaftLogWorker (SegmentedRaftLogWorker.java:getFromFuture(90)) - Timeout 8/~
org.apache.ratis.protocol.TimeoutIOException: Timeout 10s: WriteLog:13: (t:1, i:13), STATEMACHINELOGENTRY, client-BDAEC2693858, cid=33-writeStateMachineData
	at org.apache.ratis.util.IOUtils.getFromFuture(IOUtils.java:87)
	at org.apache.ratis.server.raftlog.segmented.SegmentedRaftLogWorker$StateMachineDataPolicy.getFromFuture(SegmentedRaftLogWorker.java:87)
	at org.apache.ratis.server.raftlog.segmented.SegmentedRaftLogWorker$WriteLog.execute(SegmentedRaftLogWorker.java:477)
	at org.apache.ratis.server.raftlog.segmented.SegmentedRaftLogWorker.run(SegmentedRaftLogWorker.java:289)
	at java.lang.Thread.run(Thread.java:748)
Caused by: java.util.concurrent.TimeoutException
	at java.util.concurrent.CompletableFuture.timedGet(CompletableFuture.java:1771)
	at java.util.concurrent.CompletableFuture.get(CompletableFuture.java:1915)
	at org.apache.ratis.util.IOUtils.getFromFuture(IOUtils.java:79)
	... 4 more
2019-09-12 13:12:04,998 [76bba12e-2f74-4525-959f-7a651f40206a@group-2679EB29DCDF-SegmentedRaftLogWorker] WARN  segmented.SegmentedRaftLogWorker (SegmentedRaftLogWorker.java:getFromFuture(90)) - Timeout 8/~
org.apache.ratis.protocol.TimeoutIOException: Timeout 10s: WriteLog:13: (t:1, i:13), STATEMACHINELOGENTRY, client-BDAEC2693858, cid=33-writeStateMachineData
	at org.apache.ratis.util.IOUtils.getFromFuture(IOUtils.java:87)
	at org.apache.ratis.server.raftlog.segmented.SegmentedRaftLogWorker$StateMachineDataPolicy.getFromFuture(SegmentedRaftLogWorker.java:87)
	at org.apache.ratis.server.raftlog.segmented.SegmentedRaftLogWorker$WriteLog.execute(SegmentedRaftLogWorker.java:477)
	at org.apache.ratis.server.raftlog.segmented.SegmentedRaftLogWorker.run(SegmentedRaftLogWorker.java:289)
	at java.lang.Thread.run(Thread.java:748)
Caused by: java.util.concurrent.TimeoutException
	at java.util.concurrent.CompletableFuture.timedGet(CompletableFuture.java:1771)
	at java.util.concurrent.CompletableFuture.get(CompletableFuture.java:1915)
	at org.apache.ratis.util.IOUtils.getFromFuture(IOUtils.java:79)
	... 4 more
2019-09-12 13:12:05,035 [b12fb8a7-710d-4c3e-812a-0e86e46484d7@group-2679EB29DCDF-SegmentedRaftLogWorker] WARN  segmented.SegmentedRaftLogWorker (SegmentedRaftLogWorker.java:getFromFuture(90)) - Timeout 8/~
org.apache.ratis.protocol.TimeoutIOException: Timeout 10s: WriteLog:14: (t:1, i:14), STATEMACHINELOGENTRY, client-BDAEC2693858, cid=34-writeStateMachineData
	at org.apache.ratis.util.IOUtils.getFromFuture(IOUtils.java:87)
	at org.apache.ratis.server.raftlog.segmented.SegmentedRaftLogWorker$StateMachineDataPolicy.getFromFuture(SegmentedRaftLogWorker.java:87)
	at org.apache.ratis.server.raftlog.segmented.SegmentedRaftLogWorker$WriteLog.execute(SegmentedRaftLogWorker.java:477)
	at org.apache.ratis.server.raftlog.segmented.SegmentedRaftLogWorker.run(SegmentedRaftLogWorker.java:289)
	at java.lang.Thread.run(Thread.java:748)
Caused by: java.util.concurrent.TimeoutException
	at java.util.concurrent.CompletableFuture.timedGet(CompletableFuture.java:1771)
	at java.util.concurrent.CompletableFuture.get(CompletableFuture.java:1915)
	at org.apache.ratis.util.IOUtils.getFromFuture(IOUtils.java:79)
	... 4 more
2019-09-12 13:12:05,502 [java.util.concurrent.ThreadPoolExecutor$Worker@558b229d[State = -1, empty queue]] WARN  server.GrpcLogAppender (GrpcLogAppender.java:timeoutAppendRequest(200)) - b12fb8a7-710d-4c3e-812a-0e86e46484d7@group-2679EB29DCDF->398b50df-cdaa-4e1b-b32c-4c6ed0083aaf-GrpcLogAppender: appendEntries Timeout, request=b12fb8a7-710d-4c3e-812a-0e86e46484d7->398b50df-cdaa-4e1b-b32c-4c6ed0083aaf#129-t1, previous=(t:1, i:18), leaderCommit=12, initializing? false, entries: <empty>
2019-09-12 13:12:05,502 [java.util.concurrent.ThreadPoolExecutor$Worker@5c82ddc3[State = -1, empty queue]] WARN  server.GrpcLogAppender (GrpcLogAppender.java:timeoutAppendRequest(200)) - b12fb8a7-710d-4c3e-812a-0e86e46484d7@group-2679EB29DCDF->76bba12e-2f74-4525-959f-7a651f40206a-GrpcLogAppender: appendEntries Timeout, request=b12fb8a7-710d-4c3e-812a-0e86e46484d7->76bba12e-2f74-4525-959f-7a651f40206a#129-t1, previous=(t:1, i:18), leaderCommit=12, initializing? false, entries: <empty>
2019-09-12 13:12:06,132 [grpc-default-executor-5] INFO  client.GrpcClientProtocolClient (GrpcClientProtocolClient.java:onNext(264)) - client-BDAEC2693858->76bba12e-2f74-4525-959f-7a651f40206a: receive RaftClientReply:client-BDAEC2693858->76bba12e-2f74-4525-959f-7a651f40206a@group-2679EB29DCDF, cid=33, FAILED org.apache.ratis.protocol.NotLeaderException: Server 76bba12e-2f74-4525-959f-7a651f40206a@group-2679EB29DCDF is not the leader b12fb8a7-710d-4c3e-812a-0e86e46484d7:192.168.34.38:33689, logIndex=0, commits[76bba12e-2f74-4525-959f-7a651f40206a:c12, 398b50df-cdaa-4e1b-b32c-4c6ed0083aaf:c10, b12fb8a7-710d-4c3e-812a-0e86e46484d7:c12]
2019-09-12 13:12:08,002 [java.util.concurrent.ThreadPoolExecutor$Worker@558b229d[State = -1, empty queue]] WARN  server.GrpcLogAppender (GrpcLogAppender.java:timeoutAppendRequest(200)) - b12fb8a7-710d-4c3e-812a-0e86e46484d7@group-2679EB29DCDF->398b50df-cdaa-4e1b-b32c-4c6ed0083aaf-GrpcLogAppender: appendEntries Timeout, request=b12fb8a7-710d-4c3e-812a-0e86e46484d7->398b50df-cdaa-4e1b-b32c-4c6ed0083aaf#130-t1, previous=(t:1, i:18), leaderCommit=12, initializing? false, entries: <empty>
2019-09-12 13:12:08,002 [java.util.concurrent.ThreadPoolExecutor$Worker@5c82ddc3[State = -1, empty queue]] WARN  server.GrpcLogAppender (GrpcLogAppender.java:timeoutAppendRequest(200)) - b12fb8a7-710d-4c3e-812a-0e86e46484d7@group-2679EB29DCDF->76bba12e-2f74-4525-959f-7a651f40206a-GrpcLogAppender: appendEntries Timeout, request=b12fb8a7-710d-4c3e-812a-0e86e46484d7->76bba12e-2f74-4525-959f-7a651f40206a#130-t1, previous=(t:1, i:18), leaderCommit=12, initializing? false, entries: <empty>
2019-09-12 13:12:10,503 [java.util.concurrent.ThreadPoolExecutor$Worker@558b229d[State = -1, empty queue]] WARN  server.GrpcLogAppender (GrpcLogAppender.java:timeoutAppendRequest(200)) - b12fb8a7-710d-4c3e-812a-0e86e46484d7@group-2679EB29DCDF->398b50df-cdaa-4e1b-b32c-4c6ed0083aaf-GrpcLogAppender: appendEntries Timeout, request=b12fb8a7-710d-4c3e-812a-0e86e46484d7->398b50df-cdaa-4e1b-b32c-4c6ed0083aaf#131-t1, previous=(t:1, i:18), leaderCommit=12, initializing? false, entries: <empty>
2019-09-12 13:12:10,503 [java.util.concurrent.ThreadPoolExecutor$Worker@5c82ddc3[State = -1, empty queue]] WARN  server.GrpcLogAppender (GrpcLogAppender.java:timeoutAppendRequest(200)) - b12fb8a7-710d-4c3e-812a-0e86e46484d7@group-2679EB29DCDF->76bba12e-2f74-4525-959f-7a651f40206a-GrpcLogAppender: appendEntries Timeout, request=b12fb8a7-710d-4c3e-812a-0e86e46484d7->76bba12e-2f74-4525-959f-7a651f40206a#131-t1, previous=(t:1, i:18), leaderCommit=12, initializing? false, entries: <empty>
2019-09-12 13:12:11,176 [grpc-default-executor-3] INFO  client.GrpcClientProtocolClient (GrpcClientProtocolClient.java:onNext(264)) - client-BDAEC2693858->76bba12e-2f74-4525-959f-7a651f40206a: receive RaftClientReply:client-BDAEC2693858->76bba12e-2f74-4525-959f-7a651f40206a@group-2679EB29DCDF, cid=33, FAILED org.apache.ratis.protocol.NotLeaderException: Server 76bba12e-2f74-4525-959f-7a651f40206a@group-2679EB29DCDF is not the leader b12fb8a7-710d-4c3e-812a-0e86e46484d7:192.168.34.38:33689, logIndex=0, commits[76bba12e-2f74-4525-959f-7a651f40206a:c12, 398b50df-cdaa-4e1b-b32c-4c6ed0083aaf:c10, b12fb8a7-710d-4c3e-812a-0e86e46484d7:c12]
2019-09-12 13:12:13,004 [java.util.concurrent.ThreadPoolExecutor$Worker@558b229d[State = -1, empty queue]] WARN  server.GrpcLogAppender (GrpcLogAppender.java:timeoutAppendRequest(200)) - b12fb8a7-710d-4c3e-812a-0e86e46484d7@group-2679EB29DCDF->398b50df-cdaa-4e1b-b32c-4c6ed0083aaf-GrpcLogAppender: appendEntries Timeout, request=b12fb8a7-710d-4c3e-812a-0e86e46484d7->398b50df-cdaa-4e1b-b32c-4c6ed0083aaf#132-t1, previous=(t:1, i:18), leaderCommit=12, initializing? false, entries: <empty>
2019-09-12 13:12:13,004 [java.util.concurrent.ThreadPoolExecutor$Worker@5c82ddc3[State = -1, empty queue]] WARN  server.GrpcLogAppender (GrpcLogAppender.java:timeoutAppendRequest(200)) - b12fb8a7-710d-4c3e-812a-0e86e46484d7@group-2679EB29DCDF->76bba12e-2f74-4525-959f-7a651f40206a-GrpcLogAppender: appendEntries Timeout, request=b12fb8a7-710d-4c3e-812a-0e86e46484d7->76bba12e-2f74-4525-959f-7a651f40206a#132-t1, previous=(t:1, i:18), leaderCommit=12, initializing? false, entries: <empty>
2019-09-12 13:12:14,984 [398b50df-cdaa-4e1b-b32c-4c6ed0083aaf@group-2679EB29DCDF-SegmentedRaftLogWorker] WARN  segmented.SegmentedRaftLogWorker (SegmentedRaftLogWorker.java:getFromFuture(90)) - Timeout 9/~
org.apache.ratis.protocol.TimeoutIOException: Timeout 10s: WriteLog:13: (t:1, i:13), STATEMACHINELOGENTRY, client-BDAEC2693858, cid=33-writeStateMachineData
	at org.apache.ratis.util.IOUtils.getFromFuture(IOUtils.java:87)
	at org.apache.ratis.server.raftlog.segmented.SegmentedRaftLogWorker$StateMachineDataPolicy.getFromFuture(SegmentedRaftLogWorker.java:87)
	at org.apache.ratis.server.raftlog.segmented.SegmentedRaftLogWorker$WriteLog.execute(SegmentedRaftLogWorker.java:477)
	at org.apache.ratis.server.raftlog.segmented.SegmentedRaftLogWorker.run(SegmentedRaftLogWorker.java:289)
	at java.lang.Thread.run(Thread.java:748)
Caused by: java.util.concurrent.TimeoutException
	at java.util.concurrent.CompletableFuture.timedGet(CompletableFuture.java:1771)
	at java.util.concurrent.CompletableFuture.get(CompletableFuture.java:1915)
	at org.apache.ratis.util.IOUtils.getFromFuture(IOUtils.java:79)
	... 4 more
2019-09-12 13:12:14,998 [76bba12e-2f74-4525-959f-7a651f40206a@group-2679EB29DCDF-SegmentedRaftLogWorker] WARN  segmented.SegmentedRaftLogWorker (SegmentedRaftLogWorker.java:getFromFuture(90)) - Timeout 9/~
org.apache.ratis.protocol.TimeoutIOException: Timeout 10s: WriteLog:13: (t:1, i:13), STATEMACHINELOGENTRY, client-BDAEC2693858, cid=33-writeStateMachineData
	at org.apache.ratis.util.IOUtils.getFromFuture(IOUtils.java:87)
	at org.apache.ratis.server.raftlog.segmented.SegmentedRaftLogWorker$StateMachineDataPolicy.getFromFuture(SegmentedRaftLogWorker.java:87)
	at org.apache.ratis.server.raftlog.segmented.SegmentedRaftLogWorker$WriteLog.execute(SegmentedRaftLogWorker.java:477)
	at org.apache.ratis.server.raftlog.segmented.SegmentedRaftLogWorker.run(SegmentedRaftLogWorker.java:289)
	at java.lang.Thread.run(Thread.java:748)
Caused by: java.util.concurrent.TimeoutException
	at java.util.concurrent.CompletableFuture.timedGet(CompletableFuture.java:1771)
	at java.util.concurrent.CompletableFuture.get(CompletableFuture.java:1915)
	at org.apache.ratis.util.IOUtils.getFromFuture(IOUtils.java:79)
	... 4 more
2019-09-12 13:12:15,036 [b12fb8a7-710d-4c3e-812a-0e86e46484d7@group-2679EB29DCDF-SegmentedRaftLogWorker] WARN  segmented.SegmentedRaftLogWorker (SegmentedRaftLogWorker.java:getFromFuture(90)) - Timeout 9/~
org.apache.ratis.protocol.TimeoutIOException: Timeout 10s: WriteLog:14: (t:1, i:14), STATEMACHINELOGENTRY, client-BDAEC2693858, cid=34-writeStateMachineData
	at org.apache.ratis.util.IOUtils.getFromFuture(IOUtils.java:87)
	at org.apache.ratis.server.raftlog.segmented.SegmentedRaftLogWorker$StateMachineDataPolicy.getFromFuture(SegmentedRaftLogWorker.java:87)
	at org.apache.ratis.server.raftlog.segmented.SegmentedRaftLogWorker$WriteLog.execute(SegmentedRaftLogWorker.java:477)
	at org.apache.ratis.server.raftlog.segmented.SegmentedRaftLogWorker.run(SegmentedRaftLogWorker.java:289)
	at java.lang.Thread.run(Thread.java:748)
Caused by: java.util.concurrent.TimeoutException
	at java.util.concurrent.CompletableFuture.timedGet(CompletableFuture.java:1771)
	at java.util.concurrent.CompletableFuture.get(CompletableFuture.java:1915)
	at org.apache.ratis.util.IOUtils.getFromFuture(IOUtils.java:79)
	... 4 more
2019-09-12 13:12:15,504 [java.util.concurrent.ThreadPoolExecutor$Worker@5c82ddc3[State = -1, empty queue]] WARN  server.GrpcLogAppender (GrpcLogAppender.java:timeoutAppendRequest(200)) - b12fb8a7-710d-4c3e-812a-0e86e46484d7@group-2679EB29DCDF->76bba12e-2f74-4525-959f-7a651f40206a-GrpcLogAppender: appendEntries Timeout, request=b12fb8a7-710d-4c3e-812a-0e86e46484d7->76bba12e-2f74-4525-959f-7a651f40206a#133-t1, previous=(t:1, i:18), leaderCommit=12, initializing? false, entries: <empty>
2019-09-12 13:12:15,504 [java.util.concurrent.ThreadPoolExecutor$Worker@558b229d[State = -1, empty queue]] WARN  server.GrpcLogAppender (GrpcLogAppender.java:timeoutAppendRequest(200)) - b12fb8a7-710d-4c3e-812a-0e86e46484d7@group-2679EB29DCDF->398b50df-cdaa-4e1b-b32c-4c6ed0083aaf-GrpcLogAppender: appendEntries Timeout, request=b12fb8a7-710d-4c3e-812a-0e86e46484d7->398b50df-cdaa-4e1b-b32c-4c6ed0083aaf#133-t1, previous=(t:1, i:18), leaderCommit=12, initializing? false, entries: <empty>
2019-09-12 13:12:16,222 [grpc-default-executor-5] INFO  client.GrpcClientProtocolClient (GrpcClientProtocolClient.java:onNext(264)) - client-BDAEC2693858->76bba12e-2f74-4525-959f-7a651f40206a: receive RaftClientReply:client-BDAEC2693858->76bba12e-2f74-4525-959f-7a651f40206a@group-2679EB29DCDF, cid=33, FAILED org.apache.ratis.protocol.NotLeaderException: Server 76bba12e-2f74-4525-959f-7a651f40206a@group-2679EB29DCDF is not the leader b12fb8a7-710d-4c3e-812a-0e86e46484d7:192.168.34.38:33689, logIndex=0, commits[76bba12e-2f74-4525-959f-7a651f40206a:c12, 398b50df-cdaa-4e1b-b32c-4c6ed0083aaf:c10, b12fb8a7-710d-4c3e-812a-0e86e46484d7:c12]
2019-09-12 13:12:18,005 [java.util.concurrent.ThreadPoolExecutor$Worker@5c82ddc3[State = -1, empty queue]] WARN  server.GrpcLogAppender (GrpcLogAppender.java:timeoutAppendRequest(200)) - b12fb8a7-710d-4c3e-812a-0e86e46484d7@group-2679EB29DCDF->76bba12e-2f74-4525-959f-7a651f40206a-GrpcLogAppender: appendEntries Timeout, request=b12fb8a7-710d-4c3e-812a-0e86e46484d7->76bba12e-2f74-4525-959f-7a651f40206a#134-t1, previous=(t:1, i:18), leaderCommit=12, initializing? false, entries: <empty>
2019-09-12 13:12:18,005 [java.util.concurrent.ThreadPoolExecutor$Worker@558b229d[State = -1, empty queue]] WARN  server.GrpcLogAppender (GrpcLogAppender.java:timeoutAppendRequest(200)) - b12fb8a7-710d-4c3e-812a-0e86e46484d7@group-2679EB29DCDF->398b50df-cdaa-4e1b-b32c-4c6ed0083aaf-GrpcLogAppender: appendEntries Timeout, request=b12fb8a7-710d-4c3e-812a-0e86e46484d7->398b50df-cdaa-4e1b-b32c-4c6ed0083aaf#134-t1, previous=(t:1, i:18), leaderCommit=12, initializing? false, entries: <empty>
2019-09-12 13:12:20,505 [java.util.concurrent.ThreadPoolExecutor$Worker@558b229d[State = -1, empty queue]] WARN  server.GrpcLogAppender (GrpcLogAppender.java:timeoutAppendRequest(200)) - b12fb8a7-710d-4c3e-812a-0e86e46484d7@group-2679EB29DCDF->398b50df-cdaa-4e1b-b32c-4c6ed0083aaf-GrpcLogAppender: appendEntries Timeout, request=b12fb8a7-710d-4c3e-812a-0e86e46484d7->398b50df-cdaa-4e1b-b32c-4c6ed0083aaf#135-t1, previous=(t:1, i:18), leaderCommit=12, initializing? false, entries: <empty>
2019-09-12 13:12:20,505 [java.util.concurrent.ThreadPoolExecutor$Worker@5c82ddc3[State = -1, empty queue]] WARN  server.GrpcLogAppender (GrpcLogAppender.java:timeoutAppendRequest(200)) - b12fb8a7-710d-4c3e-812a-0e86e46484d7@group-2679EB29DCDF->76bba12e-2f74-4525-959f-7a651f40206a-GrpcLogAppender: appendEntries Timeout, request=b12fb8a7-710d-4c3e-812a-0e86e46484d7->76bba12e-2f74-4525-959f-7a651f40206a#135-t1, previous=(t:1, i:18), leaderCommit=12, initializing? false, entries: <empty>
2019-09-12 13:12:21,269 [grpc-default-executor-3] INFO  client.GrpcClientProtocolClient (GrpcClientProtocolClient.java:onNext(264)) - client-BDAEC2693858->76bba12e-2f74-4525-959f-7a651f40206a: receive RaftClientReply:client-BDAEC2693858->76bba12e-2f74-4525-959f-7a651f40206a@group-2679EB29DCDF, cid=33, FAILED org.apache.ratis.protocol.NotLeaderException: Server 76bba12e-2f74-4525-959f-7a651f40206a@group-2679EB29DCDF is not the leader b12fb8a7-710d-4c3e-812a-0e86e46484d7:192.168.34.38:33689, logIndex=0, commits[76bba12e-2f74-4525-959f-7a651f40206a:c12, 398b50df-cdaa-4e1b-b32c-4c6ed0083aaf:c10, b12fb8a7-710d-4c3e-812a-0e86e46484d7:c12]
2019-09-12 13:12:22,173 [ReplicationMonitor] INFO  container.ReplicationManager (ReplicationManager.java:forceCloseContainer(464)) - Force closing container #2 with BCSID 6, which is in QUASI_CLOSED state.
2019-09-12 13:12:22,175 [ReplicationMonitor] INFO  container.ReplicationManager (ReplicationManager.java:sendCloseCommand(659)) - Sending close container command for container #2 to datanode bd0b0c89-cb45-482d-bed2-ad92fc2d5050{ip: 192.168.34.38, host: pr-hdds-2007-65vhz-3510356991, networkLocation: /default-rack, certSerialId: null}.
2019-09-12 13:12:22,175 [ReplicationMonitor] INFO  container.ReplicationManager (ReplicationManager.java:sendCloseCommand(659)) - Sending close container command for container #2 to datanode 5d275853-b846-4f86-bc5b-0ba421435051{ip: 192.168.34.38, host: pr-hdds-2007-65vhz-3510356991, networkLocation: /default-rack, certSerialId: null}.
2019-09-12 13:12:22,175 [ReplicationMonitor] INFO  container.ReplicationManager (ReplicationManager.java:sendCloseCommand(659)) - Sending close container command for container #2 to datanode e2c05a36-c8a2-43f6-9f8f-11b9e2d7f4b8{ip: 192.168.34.38, host: pr-hdds-2007-65vhz-3510356991, networkLocation: /default-rack, certSerialId: null}.
2019-09-12 13:12:22,176 [ReplicationMonitor] INFO  container.ReplicationManager (ReplicationManager.java:forceCloseContainer(464)) - Force closing container #3 with BCSID 0, which is in QUASI_CLOSED state.
2019-09-12 13:12:22,176 [ReplicationMonitor] INFO  container.ReplicationManager (ReplicationManager.java:sendCloseCommand(659)) - Sending close container command for container #3 to datanode e2c05a36-c8a2-43f6-9f8f-11b9e2d7f4b8{ip: 192.168.34.38, host: pr-hdds-2007-65vhz-3510356991, networkLocation: /default-rack, certSerialId: null}.
2019-09-12 13:12:22,176 [ReplicationMonitor] INFO  container.ReplicationManager (ReplicationManager.java:sendCloseCommand(659)) - Sending close container command for container #3 to datanode 5d275853-b846-4f86-bc5b-0ba421435051{ip: 192.168.34.38, host: pr-hdds-2007-65vhz-3510356991, networkLocation: /default-rack, certSerialId: null}.
2019-09-12 13:12:22,176 [ReplicationMonitor] INFO  container.ReplicationManager (ReplicationManager.java:sendCloseCommand(659)) - Sending close container command for container #3 to datanode bd0b0c89-cb45-482d-bed2-ad92fc2d5050{ip: 192.168.34.38, host: pr-hdds-2007-65vhz-3510356991, networkLocation: /default-rack, certSerialId: null}.
2019-09-12 13:12:22,177 [ReplicationMonitor] INFO  container.ReplicationManager (ReplicationManager.java:run(225)) - Replication Monitor Thread took 11 milliseconds for processing 5 containers.
2019-09-12 13:12:23,006 [java.util.concurrent.ThreadPoolExecutor$Worker@5c82ddc3[State = -1, empty queue]] WARN  server.GrpcLogAppender (GrpcLogAppender.java:timeoutAppendRequest(200)) - b12fb8a7-710d-4c3e-812a-0e86e46484d7@group-2679EB29DCDF->76bba12e-2f74-4525-959f-7a651f40206a-GrpcLogAppender: appendEntries Timeout, request=b12fb8a7-710d-4c3e-812a-0e86e46484d7->76bba12e-2f74-4525-959f-7a651f40206a#136-t1, previous=(t:1, i:18), leaderCommit=12, initializing? false, entries: <empty>
2019-09-12 13:12:23,006 [java.util.concurrent.ThreadPoolExecutor$Worker@558b229d[State = -1, empty queue]] WARN  server.GrpcLogAppender (GrpcLogAppender.java:timeoutAppendRequest(200)) - b12fb8a7-710d-4c3e-812a-0e86e46484d7@group-2679EB29DCDF->398b50df-cdaa-4e1b-b32c-4c6ed0083aaf-GrpcLogAppender: appendEntries Timeout, request=b12fb8a7-710d-4c3e-812a-0e86e46484d7->398b50df-cdaa-4e1b-b32c-4c6ed0083aaf#136-t1, previous=(t:1, i:18), leaderCommit=12, initializing? false, entries: <empty>
2019-09-12 13:12:23,814 [Command processor thread] INFO  interfaces.Container (KeyValueContainer.java:flushAndSyncDB(386)) - Container 2 is synced with bcsId 6.
2019-09-12 13:12:23,816 [Command processor thread] INFO  interfaces.Container (KeyValueContainer.java:flushAndSyncDB(386)) - Container 2 is synced with bcsId 6.
2019-09-12 13:12:24,031 [Command processor thread] INFO  interfaces.Container (KeyValueContainer.java:flushAndSyncDB(386)) - Container 2 is synced with bcsId 6.
2019-09-12 13:12:24,031 [Command processor thread] INFO  interfaces.Container (KeyValueContainer.java:flushAndSyncDB(386)) - Container 2 is synced with bcsId 6.
2019-09-12 13:12:24,883 [Command processor thread] INFO  interfaces.Container (KeyValueContainer.java:flushAndSyncDB(386)) - Container 2 is synced with bcsId 6.
2019-09-12 13:12:24,883 [Command processor thread] INFO  interfaces.Container (KeyValueContainer.java:flushAndSyncDB(386)) - Container 2 is synced with bcsId 6.
2019-09-12 13:12:24,985 [398b50df-cdaa-4e1b-b32c-4c6ed0083aaf@group-2679EB29DCDF-SegmentedRaftLogWorker] WARN  segmented.SegmentedRaftLogWorker (SegmentedRaftLogWorker.java:getFromFuture(90)) - Timeout 10/~
org.apache.ratis.protocol.TimeoutIOException: Timeout 10s: WriteLog:13: (t:1, i:13), STATEMACHINELOGENTRY, client-BDAEC2693858, cid=33-writeStateMachineData
	at org.apache.ratis.util.IOUtils.getFromFuture(IOUtils.java:87)
	at org.apache.ratis.server.raftlog.segmented.SegmentedRaftLogWorker$StateMachineDataPolicy.getFromFuture(SegmentedRaftLogWorker.java:87)
	at org.apache.ratis.server.raftlog.segmented.SegmentedRaftLogWorker$WriteLog.execute(SegmentedRaftLogWorker.java:477)
	at org.apache.ratis.server.raftlog.segmented.SegmentedRaftLogWorker.run(SegmentedRaftLogWorker.java:289)
	at java.lang.Thread.run(Thread.java:748)
Caused by: java.util.concurrent.TimeoutException
	at java.util.concurrent.CompletableFuture.timedGet(CompletableFuture.java:1771)
	at java.util.concurrent.CompletableFuture.get(CompletableFuture.java:1915)
	at org.apache.ratis.util.IOUtils.getFromFuture(IOUtils.java:79)
	... 4 more
2019-09-12 13:12:24,999 [76bba12e-2f74-4525-959f-7a651f40206a@group-2679EB29DCDF-SegmentedRaftLogWorker] WARN  segmented.SegmentedRaftLogWorker (SegmentedRaftLogWorker.java:getFromFuture(90)) - Timeout 10/~
org.apache.ratis.protocol.TimeoutIOException: Timeout 10s: WriteLog:13: (t:1, i:13), STATEMACHINELOGENTRY, client-BDAEC2693858, cid=33-writeStateMachineData
	at org.apache.ratis.util.IOUtils.getFromFuture(IOUtils.java:87)
	at org.apache.ratis.server.raftlog.segmented.SegmentedRaftLogWorker$StateMachineDataPolicy.getFromFuture(SegmentedRaftLogWorker.java:87)
	at org.apache.ratis.server.raftlog.segmented.SegmentedRaftLogWorker$WriteLog.execute(SegmentedRaftLogWorker.java:477)
	at org.apache.ratis.server.raftlog.segmented.SegmentedRaftLogWorker.run(SegmentedRaftLogWorker.java:289)
	at java.lang.Thread.run(Thread.java:748)
Caused by: java.util.concurrent.TimeoutException
	at java.util.concurrent.CompletableFuture.timedGet(CompletableFuture.java:1771)
	at java.util.concurrent.CompletableFuture.get(CompletableFuture.java:1915)
	at org.apache.ratis.util.IOUtils.getFromFuture(IOUtils.java:79)
	... 4 more
2019-09-12 13:12:25,037 [b12fb8a7-710d-4c3e-812a-0e86e46484d7@group-2679EB29DCDF-SegmentedRaftLogWorker] WARN  segmented.SegmentedRaftLogWorker (SegmentedRaftLogWorker.java:getFromFuture(90)) - Timeout 10/~
org.apache.ratis.protocol.TimeoutIOException: Timeout 10s: WriteLog:14: (t:1, i:14), STATEMACHINELOGENTRY, client-BDAEC2693858, cid=34-writeStateMachineData
	at org.apache.ratis.util.IOUtils.getFromFuture(IOUtils.java:87)
	at org.apache.ratis.server.raftlog.segmented.SegmentedRaftLogWorker$StateMachineDataPolicy.getFromFuture(SegmentedRaftLogWorker.java:87)
	at org.apache.ratis.server.raftlog.segmented.SegmentedRaftLogWorker$WriteLog.execute(SegmentedRaftLogWorker.java:477)
	at org.apache.ratis.server.raftlog.segmented.SegmentedRaftLogWorker.run(SegmentedRaftLogWorker.java:289)
	at java.lang.Thread.run(Thread.java:748)
Caused by: java.util.concurrent.TimeoutException
	at java.util.concurrent.CompletableFuture.timedGet(CompletableFuture.java:1771)
	at java.util.concurrent.CompletableFuture.get(CompletableFuture.java:1915)
	at org.apache.ratis.util.IOUtils.getFromFuture(IOUtils.java:79)
	... 4 more
2019-09-12 13:12:25,506 [java.util.concurrent.ThreadPoolExecutor$Worker@5c82ddc3[State = -1, empty queue]] WARN  server.GrpcLogAppender (GrpcLogAppender.java:timeoutAppendRequest(200)) - b12fb8a7-710d-4c3e-812a-0e86e46484d7@group-2679EB29DCDF->76bba12e-2f74-4525-959f-7a651f40206a-GrpcLogAppender: appendEntries Timeout, request=b12fb8a7-710d-4c3e-812a-0e86e46484d7->76bba12e-2f74-4525-959f-7a651f40206a#137-t1, previous=(t:1, i:18), leaderCommit=12, initializing? false, entries: <empty>
2019-09-12 13:12:25,506 [java.util.concurrent.ThreadPoolExecutor$Worker@558b229d[State = -1, empty queue]] WARN  server.GrpcLogAppender (GrpcLogAppender.java:timeoutAppendRequest(200)) - b12fb8a7-710d-4c3e-812a-0e86e46484d7@group-2679EB29DCDF->398b50df-cdaa-4e1b-b32c-4c6ed0083aaf-GrpcLogAppender: appendEntries Timeout, request=b12fb8a7-710d-4c3e-812a-0e86e46484d7->398b50df-cdaa-4e1b-b32c-4c6ed0083aaf#137-t1, previous=(t:1, i:18), leaderCommit=12, initializing? false, entries: <empty>
2019-09-12 13:12:26,357 [grpc-default-executor-6] INFO  client.GrpcClientProtocolClient (GrpcClientProtocolClient.java:onNext(264)) - client-BDAEC2693858->76bba12e-2f74-4525-959f-7a651f40206a: receive RaftClientReply:client-BDAEC2693858->76bba12e-2f74-4525-959f-7a651f40206a@group-2679EB29DCDF, cid=33, FAILED org.apache.ratis.protocol.NotLeaderException: Server 76bba12e-2f74-4525-959f-7a651f40206a@group-2679EB29DCDF is not the leader b12fb8a7-710d-4c3e-812a-0e86e46484d7:192.168.34.38:33689, logIndex=0, commits[76bba12e-2f74-4525-959f-7a651f40206a:c12, 398b50df-cdaa-4e1b-b32c-4c6ed0083aaf:c10, b12fb8a7-710d-4c3e-812a-0e86e46484d7:c12]
2019-09-12 13:12:26,406 [Command processor thread] INFO  interfaces.Container (KeyValueContainer.java:close(335)) - Container 2 is closed with bcsId 6.
2019-09-12 13:12:26,406 [Command processor thread] INFO  interfaces.Container (KeyValueContainer.java:close(335)) - Container 2 is closed with bcsId 6.
2019-09-12 13:12:26,406 [Command processor thread] INFO  interfaces.Container (KeyValueContainer.java:flushAndSyncDB(386)) - Container 3 is synced with bcsId 0.
2019-09-12 13:12:26,406 [Command processor thread] INFO  interfaces.Container (KeyValueContainer.java:flushAndSyncDB(386)) - Container 3 is synced with bcsId 0.
2019-09-12 13:12:26,406 [Command processor thread] INFO  interfaces.Container (KeyValueContainer.java:flushAndSyncDB(386)) - Container 3 is synced with bcsId 0.
2019-09-12 13:12:26,406 [Command processor thread] INFO  interfaces.Container (KeyValueContainer.java:flushAndSyncDB(386)) - Container 3 is synced with bcsId 0.
2019-09-12 13:12:26,407 [EventQueue-IncrementalContainerReportForIncrementalContainerReportHandler] INFO  container.IncrementalContainerReportHandler (AbstractContainerReportHandler.java:updateContainerState(202)) - Moving container #2 to CLOSED state, datanode bd0b0c89-cb45-482d-bed2-ad92fc2d5050{ip: 192.168.34.38, host: pr-hdds-2007-65vhz-3510356991, networkLocation: /default-rack, certSerialId: null} reported CLOSED replica.
2019-09-12 13:12:28,007 [java.util.concurrent.ThreadPoolExecutor$Worker@558b229d[State = -1, empty queue]] WARN  server.GrpcLogAppender (GrpcLogAppender.java:timeoutAppendRequest(200)) - b12fb8a7-710d-4c3e-812a-0e86e46484d7@group-2679EB29DCDF->398b50df-cdaa-4e1b-b32c-4c6ed0083aaf-GrpcLogAppender: appendEntries Timeout, request=b12fb8a7-710d-4c3e-812a-0e86e46484d7->398b50df-cdaa-4e1b-b32c-4c6ed0083aaf#138-t1, previous=(t:1, i:18), leaderCommit=12, initializing? false, entries: <empty>
2019-09-12 13:12:28,007 [java.util.concurrent.ThreadPoolExecutor$Worker@5c82ddc3[State = -1, empty queue]] WARN  server.GrpcLogAppender (GrpcLogAppender.java:timeoutAppendRequest(200)) - b12fb8a7-710d-4c3e-812a-0e86e46484d7@group-2679EB29DCDF->76bba12e-2f74-4525-959f-7a651f40206a-GrpcLogAppender: appendEntries Timeout, request=b12fb8a7-710d-4c3e-812a-0e86e46484d7->76bba12e-2f74-4525-959f-7a651f40206a#138-t1, previous=(t:1, i:18), leaderCommit=12, initializing? false, entries: <empty>
2019-09-12 13:12:28,814 [Command processor thread] INFO  interfaces.Container (KeyValueContainer.java:close(335)) - Container 2 is closed with bcsId 6.
2019-09-12 13:12:28,815 [Command processor thread] INFO  interfaces.Container (KeyValueContainer.java:flushAndSyncDB(386)) - Container 3 is synced with bcsId 0.
2019-09-12 13:12:28,815 [Command processor thread] INFO  interfaces.Container (KeyValueContainer.java:flushAndSyncDB(386)) - Container 3 is synced with bcsId 0.
2019-09-12 13:12:29,198 [Command processor thread] INFO  interfaces.Container (KeyValueContainer.java:close(335)) - Container 3 is closed with bcsId 0.
2019-09-12 13:12:29,198 [Command processor thread] INFO  interfaces.Container (KeyValueContainer.java:close(335)) - Container 3 is closed with bcsId 0.
2019-09-12 13:12:29,200 [EventQueue-IncrementalContainerReportForIncrementalContainerReportHandler] INFO  container.IncrementalContainerReportHandler (AbstractContainerReportHandler.java:updateContainerState(202)) - Moving container #3 to CLOSED state, datanode e2c05a36-c8a2-43f6-9f8f-11b9e2d7f4b8{ip: 192.168.34.38, host: pr-hdds-2007-65vhz-3510356991, networkLocation: /default-rack, certSerialId: null} reported CLOSED replica.
2019-09-12 13:12:30,247 [Command processor thread] INFO  interfaces.Container (KeyValueContainer.java:close(335)) - Container 3 is closed with bcsId 0.
2019-09-12 13:12:30,507 [java.util.concurrent.ThreadPoolExecutor$Worker@5c82ddc3[State = -1, empty queue]] WARN  server.GrpcLogAppender (GrpcLogAppender.java:timeoutAppendRequest(200)) - b12fb8a7-710d-4c3e-812a-0e86e46484d7@group-2679EB29DCDF->76bba12e-2f74-4525-959f-7a651f40206a-GrpcLogAppender: appendEntries Timeout, request=b12fb8a7-710d-4c3e-812a-0e86e46484d7->76bba12e-2f74-4525-959f-7a651f40206a#139-t1, previous=(t:1, i:18), leaderCommit=12, initializing? false, entries: <empty>
2019-09-12 13:12:30,507 [java.util.concurrent.ThreadPoolExecutor$Worker@558b229d[State = -1, empty queue]] WARN  server.GrpcLogAppender (GrpcLogAppender.java:timeoutAppendRequest(200)) - b12fb8a7-710d-4c3e-812a-0e86e46484d7@group-2679EB29DCDF->398b50df-cdaa-4e1b-b32c-4c6ed0083aaf-GrpcLogAppender: appendEntries Timeout, request=b12fb8a7-710d-4c3e-812a-0e86e46484d7->398b50df-cdaa-4e1b-b32c-4c6ed0083aaf#139-t1, previous=(t:1, i:18), leaderCommit=12, initializing? false, entries: <empty>
2019-09-12 13:12:31,417 [grpc-default-executor-6] INFO  client.GrpcClientProtocolClient (GrpcClientProtocolClient.java:onNext(264)) - client-BDAEC2693858->398b50df-cdaa-4e1b-b32c-4c6ed0083aaf: receive RaftClientReply:client-BDAEC2693858->398b50df-cdaa-4e1b-b32c-4c6ed0083aaf@group-2679EB29DCDF, cid=33, FAILED org.apache.ratis.protocol.NotLeaderException: Server 398b50df-cdaa-4e1b-b32c-4c6ed0083aaf@group-2679EB29DCDF is not the leader b12fb8a7-710d-4c3e-812a-0e86e46484d7:192.168.34.38:33689, logIndex=0, commits[398b50df-cdaa-4e1b-b32c-4c6ed0083aaf:c12, b12fb8a7-710d-4c3e-812a-0e86e46484d7:c12, 76bba12e-2f74-4525-959f-7a651f40206a:c10]
2019-09-12 13:12:33,008 [java.util.concurrent.ThreadPoolExecutor$Worker@5c82ddc3[State = -1, empty queue]] WARN  server.GrpcLogAppender (GrpcLogAppender.java:timeoutAppendRequest(200)) - b12fb8a7-710d-4c3e-812a-0e86e46484d7@group-2679EB29DCDF->76bba12e-2f74-4525-959f-7a651f40206a-GrpcLogAppender: appendEntries Timeout, request=b12fb8a7-710d-4c3e-812a-0e86e46484d7->76bba12e-2f74-4525-959f-7a651f40206a#140-t1, previous=(t:1, i:18), leaderCommit=12, initializing? false, entries: <empty>
2019-09-12 13:12:33,008 [java.util.concurrent.ThreadPoolExecutor$Worker@558b229d[State = -1, empty queue]] WARN  server.GrpcLogAppender (GrpcLogAppender.java:timeoutAppendRequest(200)) - b12fb8a7-710d-4c3e-812a-0e86e46484d7@group-2679EB29DCDF->398b50df-cdaa-4e1b-b32c-4c6ed0083aaf-GrpcLogAppender: appendEntries Timeout, request=b12fb8a7-710d-4c3e-812a-0e86e46484d7->398b50df-cdaa-4e1b-b32c-4c6ed0083aaf#140-t1, previous=(t:1, i:18), leaderCommit=12, initializing? false, entries: <empty>
2019-09-12 13:12:34,987 [398b50df-cdaa-4e1b-b32c-4c6ed0083aaf@group-2679EB29DCDF-SegmentedRaftLogWorker] WARN  segmented.SegmentedRaftLogWorker (SegmentedRaftLogWorker.java:getFromFuture(90)) - Timeout 11/~
org.apache.ratis.protocol.TimeoutIOException: Timeout 10s: WriteLog:13: (t:1, i:13), STATEMACHINELOGENTRY, client-BDAEC2693858, cid=33-writeStateMachineData
	at org.apache.ratis.util.IOUtils.getFromFuture(IOUtils.java:87)
	at org.apache.ratis.server.raftlog.segmented.SegmentedRaftLogWorker$StateMachineDataPolicy.getFromFuture(SegmentedRaftLogWorker.java:87)
	at org.apache.ratis.server.raftlog.segmented.SegmentedRaftLogWorker$WriteLog.execute(SegmentedRaftLogWorker.java:477)
	at org.apache.ratis.server.raftlog.segmented.SegmentedRaftLogWorker.run(SegmentedRaftLogWorker.java:289)
	at java.lang.Thread.run(Thread.java:748)
Caused by: java.util.concurrent.TimeoutException
	at java.util.concurrent.CompletableFuture.timedGet(CompletableFuture.java:1771)
	at java.util.concurrent.CompletableFuture.get(CompletableFuture.java:1915)
	at org.apache.ratis.util.IOUtils.getFromFuture(IOUtils.java:79)
	... 4 more
2019-09-12 13:12:35,000 [76bba12e-2f74-4525-959f-7a651f40206a@group-2679EB29DCDF-SegmentedRaftLogWorker] WARN  segmented.SegmentedRaftLogWorker (SegmentedRaftLogWorker.java:getFromFuture(90)) - Timeout 11/~
org.apache.ratis.protocol.TimeoutIOException: Timeout 10s: WriteLog:13: (t:1, i:13), STATEMACHINELOGENTRY, client-BDAEC2693858, cid=33-writeStateMachineData
	at org.apache.ratis.util.IOUtils.getFromFuture(IOUtils.java:87)
	at org.apache.ratis.server.raftlog.segmented.SegmentedRaftLogWorker$StateMachineDataPolicy.getFromFuture(SegmentedRaftLogWorker.java:87)
	at org.apache.ratis.server.raftlog.segmented.SegmentedRaftLogWorker$WriteLog.execute(SegmentedRaftLogWorker.java:477)
	at org.apache.ratis.server.raftlog.segmented.SegmentedRaftLogWorker.run(SegmentedRaftLogWorker.java:289)
	at java.lang.Thread.run(Thread.java:748)
Caused by: java.util.concurrent.TimeoutException
	at java.util.concurrent.CompletableFuture.timedGet(CompletableFuture.java:1771)
	at java.util.concurrent.CompletableFuture.get(CompletableFuture.java:1915)
	at org.apache.ratis.util.IOUtils.getFromFuture(IOUtils.java:79)
	... 4 more
2019-09-12 13:12:35,012 [org.apache.ratis.server.impl.LogAppender$AppenderDaemon$$Lambda$485/1236579333@36b5ce93] ERROR ratis.XceiverServerRatis (XceiverServerRatis.java:triggerPipelineClose(568)) - pipeline Action CLOSE  on pipeline PipelineID=a707ec57-7eab-4057-848f-2679eb29dcdf.Reason : b12fb8a7-710d-4c3e-812a-0e86e46484d7 has not seen follower/s 398b50df-cdaa-4e1b-b32c-4c6ed0083aaf for 120083ms 76bba12e-2f74-4525-959f-7a651f40206a for 120083ms
2019-09-12 13:12:35,012 [org.apache.ratis.server.impl.LogAppender$AppenderDaemon$$Lambda$485/1236579333@2bd839b] ERROR ratis.XceiverServerRatis (XceiverServerRatis.java:triggerPipelineClose(568)) - pipeline Action CLOSE  on pipeline PipelineID=a707ec57-7eab-4057-848f-2679eb29dcdf.Reason : b12fb8a7-710d-4c3e-812a-0e86e46484d7 has not seen follower/s 398b50df-cdaa-4e1b-b32c-4c6ed0083aaf for 120083ms 76bba12e-2f74-4525-959f-7a651f40206a for 120083ms
2019-09-12 13:12:35,038 [b12fb8a7-710d-4c3e-812a-0e86e46484d7@group-2679EB29DCDF-SegmentedRaftLogWorker] WARN  segmented.SegmentedRaftLogWorker (SegmentedRaftLogWorker.java:getFromFuture(90)) - Timeout 11/~
org.apache.ratis.protocol.TimeoutIOException: Timeout 10s: WriteLog:14: (t:1, i:14), STATEMACHINELOGENTRY, client-BDAEC2693858, cid=34-writeStateMachineData
	at org.apache.ratis.util.IOUtils.getFromFuture(IOUtils.java:87)
	at org.apache.ratis.server.raftlog.segmented.SegmentedRaftLogWorker$StateMachineDataPolicy.getFromFuture(SegmentedRaftLogWorker.java:87)
	at org.apache.ratis.server.raftlog.segmented.SegmentedRaftLogWorker$WriteLog.execute(SegmentedRaftLogWorker.java:477)
	at org.apache.ratis.server.raftlog.segmented.SegmentedRaftLogWorker.run(SegmentedRaftLogWorker.java:289)
	at java.lang.Thread.run(Thread.java:748)
Caused by: java.util.concurrent.TimeoutException
	at java.util.concurrent.CompletableFuture.timedGet(CompletableFuture.java:1771)
	at java.util.concurrent.CompletableFuture.get(CompletableFuture.java:1915)
	at org.apache.ratis.util.IOUtils.getFromFuture(IOUtils.java:79)
	... 4 more
2019-09-12 13:12:35,054 [EventQueue-PipelineActionsForPipelineActionHandler] ERROR pipeline.PipelineActionHandler (PipelineActionHandler.java:onMessage(60)) - Received pipeline action CLOSE for Pipeline[ Id: a707ec57-7eab-4057-848f-2679eb29dcdf, Nodes: 398b50df-cdaa-4e1b-b32c-4c6ed0083aaf{ip: 192.168.34.38, host: pr-hdds-2007-65vhz-3510356991, networkLocation: /default-rack, certSerialId: null}b12fb8a7-710d-4c3e-812a-0e86e46484d7{ip: 192.168.34.38, host: pr-hdds-2007-65vhz-3510356991, networkLocation: /default-rack, certSerialId: null}76bba12e-2f74-4525-959f-7a651f40206a{ip: 192.168.34.38, host: pr-hdds-2007-65vhz-3510356991, networkLocation: /default-rack, certSerialId: null}, Type:RATIS, Factor:THREE, State:OPEN] from datanode b12fb8a7-710d-4c3e-812a-0e86e46484d7{ip: 192.168.34.38, host: pr-hdds-2007-65vhz-3510356991, networkLocation: /default-rack, certSerialId: null}. Reason : b12fb8a7-710d-4c3e-812a-0e86e46484d7 has not seen follower/s 398b50df-cdaa-4e1b-b32c-4c6ed0083aaf for 120083ms 76bba12e-2f74-4525-959f-7a651f40206a for 120083ms
2019-09-12 13:12:35,054 [EventQueue-PipelineActionsForPipelineActionHandler] INFO  pipeline.SCMPipelineManager (SCMPipelineManager.java:finalizeAndDestroyPipeline(311)) - destroying pipeline:Pipeline[ Id: a707ec57-7eab-4057-848f-2679eb29dcdf, Nodes: 398b50df-cdaa-4e1b-b32c-4c6ed0083aaf{ip: 192.168.34.38, host: pr-hdds-2007-65vhz-3510356991, networkLocation: /default-rack, certSerialId: null}b12fb8a7-710d-4c3e-812a-0e86e46484d7{ip: 192.168.34.38, host: pr-hdds-2007-65vhz-3510356991, networkLocation: /default-rack, certSerialId: null}76bba12e-2f74-4525-959f-7a651f40206a{ip: 192.168.34.38, host: pr-hdds-2007-65vhz-3510356991, networkLocation: /default-rack, certSerialId: null}, Type:RATIS, Factor:THREE, State:OPEN]
2019-09-12 13:12:35,054 [EventQueue-PipelineActionsForPipelineActionHandler] INFO  pipeline.PipelineStateManager (PipelineStateManager.java:finalizePipeline(123)) - Pipeline Pipeline[ Id: a707ec57-7eab-4057-848f-2679eb29dcdf, Nodes: 398b50df-cdaa-4e1b-b32c-4c6ed0083aaf{ip: 192.168.34.38, host: pr-hdds-2007-65vhz-3510356991, networkLocation: /default-rack, certSerialId: null}b12fb8a7-710d-4c3e-812a-0e86e46484d7{ip: 192.168.34.38, host: pr-hdds-2007-65vhz-3510356991, networkLocation: /default-rack, certSerialId: null}76bba12e-2f74-4525-959f-7a651f40206a{ip: 192.168.34.38, host: pr-hdds-2007-65vhz-3510356991, networkLocation: /default-rack, certSerialId: null}, Type:RATIS, Factor:THREE, State:CLOSED] moved to CLOSED state
2019-09-12 13:12:35,055 [EventQueue-CloseContainerForCloseContainerEventHandler] INFO  container.CloseContainerEventHandler (CloseContainerEventHandler.java:onMessage(61)) - Close container Event triggered for container : #1
2019-09-12 13:12:35,056 [EventQueue-CloseContainerForCloseContainerEventHandler] INFO  container.CloseContainerEventHandler (CloseContainerEventHandler.java:onMessage(61)) - Close container Event triggered for container : #4
2019-09-12 13:12:35,056 [EventQueue-CloseContainerForCloseContainerEventHandler] INFO  container.CloseContainerEventHandler (CloseContainerEventHandler.java:onMessage(61)) - Close container Event triggered for container : #5
2019-09-12 13:12:35,509 [java.util.concurrent.ThreadPoolExecutor$Worker@5c82ddc3[State = -1, empty queue]] WARN  server.GrpcLogAppender (GrpcLogAppender.java:timeoutAppendRequest(200)) - b12fb8a7-710d-4c3e-812a-0e86e46484d7@group-2679EB29DCDF->76bba12e-2f74-4525-959f-7a651f40206a-GrpcLogAppender: appendEntries Timeout, request=b12fb8a7-710d-4c3e-812a-0e86e46484d7->76bba12e-2f74-4525-959f-7a651f40206a#141-t1, previous=(t:1, i:18), leaderCommit=12, initializing? false, entries: <empty>
2019-09-12 13:12:35,509 [java.util.concurrent.ThreadPoolExecutor$Worker@558b229d[State = -1, empty queue]] WARN  server.GrpcLogAppender (GrpcLogAppender.java:timeoutAppendRequest(200)) - b12fb8a7-710d-4c3e-812a-0e86e46484d7@group-2679EB29DCDF->398b50df-cdaa-4e1b-b32c-4c6ed0083aaf-GrpcLogAppender: appendEntries Timeout, request=b12fb8a7-710d-4c3e-812a-0e86e46484d7->398b50df-cdaa-4e1b-b32c-4c6ed0083aaf#141-t1, previous=(t:1, i:18), leaderCommit=12, initializing? false, entries: <empty>
2019-09-12 13:12:36,459 [grpc-default-executor-6] INFO  client.GrpcClientProtocolClient (GrpcClientProtocolClient.java:onNext(264)) - client-BDAEC2693858->76bba12e-2f74-4525-959f-7a651f40206a: receive RaftClientReply:client-BDAEC2693858->76bba12e-2f74-4525-959f-7a651f40206a@group-2679EB29DCDF, cid=33, FAILED org.apache.ratis.protocol.NotLeaderException: Server 76bba12e-2f74-4525-959f-7a651f40206a@group-2679EB29DCDF is not the leader b12fb8a7-710d-4c3e-812a-0e86e46484d7:192.168.34.38:33689, logIndex=0, commits[76bba12e-2f74-4525-959f-7a651f40206a:c12, 398b50df-cdaa-4e1b-b32c-4c6ed0083aaf:c10, b12fb8a7-710d-4c3e-812a-0e86e46484d7:c12]
2019-09-12 13:12:37,509 [org.apache.ratis.server.impl.LogAppender$AppenderDaemon$$Lambda$485/1236579333@36b5ce93] ERROR ratis.XceiverServerRatis (XceiverServerRatis.java:triggerPipelineClose(568)) - pipeline Action CLOSE  on pipeline PipelineID=a707ec57-7eab-4057-848f-2679eb29dcdf.Reason : b12fb8a7-710d-4c3e-812a-0e86e46484d7 has not seen follower/s 398b50df-cdaa-4e1b-b32c-4c6ed0083aaf for 122583ms 76bba12e-2f74-4525-959f-7a651f40206a for 122583ms
2019-09-12 13:12:37,509 [org.apache.ratis.server.impl.LogAppender$AppenderDaemon$$Lambda$485/1236579333@2bd839b] ERROR ratis.XceiverServerRatis (XceiverServerRatis.java:triggerPipelineClose(568)) - pipeline Action CLOSE  on pipeline PipelineID=a707ec57-7eab-4057-848f-2679eb29dcdf.Reason : b12fb8a7-710d-4c3e-812a-0e86e46484d7 has not seen follower/s 398b50df-cdaa-4e1b-b32c-4c6ed0083aaf for 122583ms 76bba12e-2f74-4525-959f-7a651f40206a for 122584ms
2019-09-12 13:12:38,009 [java.util.concurrent.ThreadPoolExecutor$Worker@558b229d[State = -1, empty queue]] WARN  server.GrpcLogAppender (GrpcLogAppender.java:timeoutAppendRequest(200)) - b12fb8a7-710d-4c3e-812a-0e86e46484d7@group-2679EB29DCDF->398b50df-cdaa-4e1b-b32c-4c6ed0083aaf-GrpcLogAppender: appendEntries Timeout, request=b12fb8a7-710d-4c3e-812a-0e86e46484d7->398b50df-cdaa-4e1b-b32c-4c6ed0083aaf#142-t1, previous=(t:1, i:18), leaderCommit=12, initializing? false, entries: <empty>
2019-09-12 13:12:38,009 [java.util.concurrent.ThreadPoolExecutor$Worker@5c82ddc3[State = -1, empty queue]] WARN  server.GrpcLogAppender (GrpcLogAppender.java:timeoutAppendRequest(200)) - b12fb8a7-710d-4c3e-812a-0e86e46484d7@group-2679EB29DCDF->76bba12e-2f74-4525-959f-7a651f40206a-GrpcLogAppender: appendEntries Timeout, request=b12fb8a7-710d-4c3e-812a-0e86e46484d7->76bba12e-2f74-4525-959f-7a651f40206a#142-t1, previous=(t:1, i:18), leaderCommit=12, initializing? false, entries: <empty>
2019-09-12 13:12:38,054 [EventQueue-PipelineActionsForPipelineActionHandler] ERROR pipeline.PipelineActionHandler (PipelineActionHandler.java:onMessage(60)) - Received pipeline action CLOSE for Pipeline[ Id: a707ec57-7eab-4057-848f-2679eb29dcdf, Nodes: 398b50df-cdaa-4e1b-b32c-4c6ed0083aaf{ip: 192.168.34.38, host: pr-hdds-2007-65vhz-3510356991, networkLocation: /default-rack, certSerialId: null}b12fb8a7-710d-4c3e-812a-0e86e46484d7{ip: 192.168.34.38, host: pr-hdds-2007-65vhz-3510356991, networkLocation: /default-rack, certSerialId: null}76bba12e-2f74-4525-959f-7a651f40206a{ip: 192.168.34.38, host: pr-hdds-2007-65vhz-3510356991, networkLocation: /default-rack, certSerialId: null}, Type:RATIS, Factor:THREE, State:CLOSED] from datanode b12fb8a7-710d-4c3e-812a-0e86e46484d7{ip: 192.168.34.38, host: pr-hdds-2007-65vhz-3510356991, networkLocation: /default-rack, certSerialId: null}. Reason : b12fb8a7-710d-4c3e-812a-0e86e46484d7 has not seen follower/s 398b50df-cdaa-4e1b-b32c-4c6ed0083aaf for 122583ms 76bba12e-2f74-4525-959f-7a651f40206a for 122583ms
2019-09-12 13:12:38,054 [EventQueue-PipelineActionsForPipelineActionHandler] INFO  pipeline.SCMPipelineManager (SCMPipelineManager.java:finalizeAndDestroyPipeline(311)) - destroying pipeline:Pipeline[ Id: a707ec57-7eab-4057-848f-2679eb29dcdf, Nodes: 398b50df-cdaa-4e1b-b32c-4c6ed0083aaf{ip: 192.168.34.38, host: pr-hdds-2007-65vhz-3510356991, networkLocation: /default-rack, certSerialId: null}b12fb8a7-710d-4c3e-812a-0e86e46484d7{ip: 192.168.34.38, host: pr-hdds-2007-65vhz-3510356991, networkLocation: /default-rack, certSerialId: null}76bba12e-2f74-4525-959f-7a651f40206a{ip: 192.168.34.38, host: pr-hdds-2007-65vhz-3510356991, networkLocation: /default-rack, certSerialId: null}, Type:RATIS, Factor:THREE, State:CLOSED]
2019-09-12 13:12:39,167 [org.apache.ratis.server.impl.LogAppender$AppenderDaemon$$Lambda$485/1236579333@36b5ce93] ERROR ratis.XceiverServerRatis (XceiverServerRatis.java:triggerPipelineClose(568)) - pipeline Action CLOSE  on pipeline PipelineID=a707ec57-7eab-4057-848f-2679eb29dcdf.Reason : b12fb8a7-710d-4c3e-812a-0e86e46484d7 has not seen follower/s 398b50df-cdaa-4e1b-b32c-4c6ed0083aaf for 124241ms 76bba12e-2f74-4525-959f-7a651f40206a for 124241ms
2019-09-12 13:12:39,167 [org.apache.ratis.server.impl.LogAppender$AppenderDaemon$$Lambda$485/1236579333@2bd839b] ERROR ratis.XceiverServerRatis (XceiverServerRatis.java:triggerPipelineClose(568)) - pipeline Action CLOSE  on pipeline PipelineID=a707ec57-7eab-4057-848f-2679eb29dcdf.Reason : b12fb8a7-710d-4c3e-812a-0e86e46484d7 has not seen follower/s 398b50df-cdaa-4e1b-b32c-4c6ed0083aaf for 124241ms 76bba12e-2f74-4525-959f-7a651f40206a for 124241ms
2019-09-12 13:12:40,165 [EventQueue-PipelineActionsForPipelineActionHandler] ERROR pipeline.PipelineActionHandler (PipelineActionHandler.java:onMessage(60)) - Received pipeline action CLOSE for Pipeline[ Id: a707ec57-7eab-4057-848f-2679eb29dcdf, Nodes: 398b50df-cdaa-4e1b-b32c-4c6ed0083aaf{ip: 192.168.34.38, host: pr-hdds-2007-65vhz-3510356991, networkLocation: /default-rack, certSerialId: null}b12fb8a7-710d-4c3e-812a-0e86e46484d7{ip: 192.168.34.38, host: pr-hdds-2007-65vhz-3510356991, networkLocation: /default-rack, certSerialId: null}76bba12e-2f74-4525-959f-7a651f40206a{ip: 192.168.34.38, host: pr-hdds-2007-65vhz-3510356991, networkLocation: /default-rack, certSerialId: null}, Type:RATIS, Factor:THREE, State:CLOSED] from datanode b12fb8a7-710d-4c3e-812a-0e86e46484d7{ip: 192.168.34.38, host: pr-hdds-2007-65vhz-3510356991, networkLocation: /default-rack, certSerialId: null}. Reason : b12fb8a7-710d-4c3e-812a-0e86e46484d7 has not seen follower/s 398b50df-cdaa-4e1b-b32c-4c6ed0083aaf for 124241ms 76bba12e-2f74-4525-959f-7a651f40206a for 124241ms
2019-09-12 13:12:40,165 [EventQueue-PipelineActionsForPipelineActionHandler] INFO  pipeline.SCMPipelineManager (SCMPipelineManager.java:finalizeAndDestroyPipeline(311)) - destroying pipeline:Pipeline[ Id: a707ec57-7eab-4057-848f-2679eb29dcdf, Nodes: 398b50df-cdaa-4e1b-b32c-4c6ed0083aaf{ip: 192.168.34.38, host: pr-hdds-2007-65vhz-3510356991, networkLocation: /default-rack, certSerialId: null}b12fb8a7-710d-4c3e-812a-0e86e46484d7{ip: 192.168.34.38, host: pr-hdds-2007-65vhz-3510356991, networkLocation: /default-rack, certSerialId: null}76bba12e-2f74-4525-959f-7a651f40206a{ip: 192.168.34.38, host: pr-hdds-2007-65vhz-3510356991, networkLocation: /default-rack, certSerialId: null}, Type:RATIS, Factor:THREE, State:CLOSED]
2019-09-12 13:12:40,509 [java.util.concurrent.ThreadPoolExecutor$Worker@5c82ddc3[State = -1, empty queue]] WARN  server.GrpcLogAppender (GrpcLogAppender.java:timeoutAppendRequest(200)) - b12fb8a7-710d-4c3e-812a-0e86e46484d7@group-2679EB29DCDF->76bba12e-2f74-4525-959f-7a651f40206a-GrpcLogAppender: appendEntries Timeout, request=b12fb8a7-710d-4c3e-812a-0e86e46484d7->76bba12e-2f74-4525-959f-7a651f40206a#143-t1, previous=(t:1, i:18), leaderCommit=12, initializing? false, entries: <empty>
2019-09-12 13:12:40,509 [java.util.concurrent.ThreadPoolExecutor$Worker@558b229d[State = -1, empty queue]] WARN  server.GrpcLogAppender (GrpcLogAppender.java:timeoutAppendRequest(200)) - b12fb8a7-710d-4c3e-812a-0e86e46484d7@group-2679EB29DCDF->398b50df-cdaa-4e1b-b32c-4c6ed0083aaf-GrpcLogAppender: appendEntries Timeout, request=b12fb8a7-710d-4c3e-812a-0e86e46484d7->398b50df-cdaa-4e1b-b32c-4c6ed0083aaf#143-t1, previous=(t:1, i:18), leaderCommit=12, initializing? false, entries: <empty>
2019-09-12 13:12:41,501 [grpc-default-executor-6] INFO  client.GrpcClientProtocolClient (GrpcClientProtocolClient.java:onNext(264)) - client-BDAEC2693858->76bba12e-2f74-4525-959f-7a651f40206a: receive RaftClientReply:client-BDAEC2693858->76bba12e-2f74-4525-959f-7a651f40206a@group-2679EB29DCDF, cid=33, FAILED org.apache.ratis.protocol.NotLeaderException: Server 76bba12e-2f74-4525-959f-7a651f40206a@group-2679EB29DCDF is not the leader b12fb8a7-710d-4c3e-812a-0e86e46484d7:192.168.34.38:33689, logIndex=0, commits[76bba12e-2f74-4525-959f-7a651f40206a:c12, 398b50df-cdaa-4e1b-b32c-4c6ed0083aaf:c10, b12fb8a7-710d-4c3e-812a-0e86e46484d7:c12]
2019-09-12 13:12:41,669 [org.apache.ratis.server.impl.LogAppender$AppenderDaemon$$Lambda$485/1236579333@2bd839b] ERROR ratis.XceiverServerRatis (XceiverServerRatis.java:triggerPipelineClose(568)) - pipeline Action CLOSE  on pipeline PipelineID=a707ec57-7eab-4057-848f-2679eb29dcdf.Reason : b12fb8a7-710d-4c3e-812a-0e86e46484d7 has not seen follower/s 398b50df-cdaa-4e1b-b32c-4c6ed0083aaf for 126742ms 76bba12e-2f74-4525-959f-7a651f40206a for 126742ms
2019-09-12 13:12:41,669 [org.apache.ratis.server.impl.LogAppender$AppenderDaemon$$Lambda$485/1236579333@36b5ce93] ERROR ratis.XceiverServerRatis (XceiverServerRatis.java:triggerPipelineClose(568)) - pipeline Action CLOSE  on pipeline PipelineID=a707ec57-7eab-4057-848f-2679eb29dcdf.Reason : b12fb8a7-710d-4c3e-812a-0e86e46484d7 has not seen follower/s 398b50df-cdaa-4e1b-b32c-4c6ed0083aaf for 126742ms 76bba12e-2f74-4525-959f-7a651f40206a for 126742ms
2019-09-12 13:12:42,165 [EventQueue-PipelineActionsForPipelineActionHandler] ERROR pipeline.PipelineActionHandler (PipelineActionHandler.java:onMessage(60)) - Received pipeline action CLOSE for Pipeline[ Id: a707ec57-7eab-4057-848f-2679eb29dcdf, Nodes: 398b50df-cdaa-4e1b-b32c-4c6ed0083aaf{ip: 192.168.34.38, host: pr-hdds-2007-65vhz-3510356991, networkLocation: /default-rack, certSerialId: null}b12fb8a7-710d-4c3e-812a-0e86e46484d7{ip: 192.168.34.38, host: pr-hdds-2007-65vhz-3510356991, networkLocation: /default-rack, certSerialId: null}76bba12e-2f74-4525-959f-7a651f40206a{ip: 192.168.34.38, host: pr-hdds-2007-65vhz-3510356991, networkLocation: /default-rack, certSerialId: null}, Type:RATIS, Factor:THREE, State:CLOSED] from datanode b12fb8a7-710d-4c3e-812a-0e86e46484d7{ip: 192.168.34.38, host: pr-hdds-2007-65vhz-3510356991, networkLocation: /default-rack, certSerialId: null}. Reason : b12fb8a7-710d-4c3e-812a-0e86e46484d7 has not seen follower/s 398b50df-cdaa-4e1b-b32c-4c6ed0083aaf for 126742ms 76bba12e-2f74-4525-959f-7a651f40206a for 126742ms
2019-09-12 13:12:42,165 [EventQueue-PipelineActionsForPipelineActionHandler] INFO  pipeline.SCMPipelineManager (SCMPipelineManager.java:finalizeAndDestroyPipeline(311)) - destroying pipeline:Pipeline[ Id: a707ec57-7eab-4057-848f-2679eb29dcdf, Nodes: 398b50df-cdaa-4e1b-b32c-4c6ed0083aaf{ip: 192.168.34.38, host: pr-hdds-2007-65vhz-3510356991, networkLocation: /default-rack, certSerialId: null}b12fb8a7-710d-4c3e-812a-0e86e46484d7{ip: 192.168.34.38, host: pr-hdds-2007-65vhz-3510356991, networkLocation: /default-rack, certSerialId: null}76bba12e-2f74-4525-959f-7a651f40206a{ip: 192.168.34.38, host: pr-hdds-2007-65vhz-3510356991, networkLocation: /default-rack, certSerialId: null}, Type:RATIS, Factor:THREE, State:CLOSED]
2019-09-12 13:12:42,167 [java.util.concurrent.ThreadPoolExecutor$Worker@558b229d[State = -1, empty queue]] WARN  server.GrpcLogAppender (GrpcLogAppender.java:timeoutAppendRequest(200)) - b12fb8a7-710d-4c3e-812a-0e86e46484d7@group-2679EB29DCDF->398b50df-cdaa-4e1b-b32c-4c6ed0083aaf-GrpcLogAppender: appendEntries Timeout, request=b12fb8a7-710d-4c3e-812a-0e86e46484d7->398b50df-cdaa-4e1b-b32c-4c6ed0083aaf#144-t1, previous=(t:1, i:18), leaderCommit=12, initializing? false, entries: size=1, first=(t:1, i:19), STATEMACHINELOGENTRY, client-FA4B448B9CA5, cid=8
2019-09-12 13:12:42,167 [java.util.concurrent.ThreadPoolExecutor$Worker@5c82ddc3[State = -1, empty queue]] WARN  server.GrpcLogAppender (GrpcLogAppender.java:timeoutAppendRequest(200)) - b12fb8a7-710d-4c3e-812a-0e86e46484d7@group-2679EB29DCDF->76bba12e-2f74-4525-959f-7a651f40206a-GrpcLogAppender: appendEntries Timeout, request=b12fb8a7-710d-4c3e-812a-0e86e46484d7->76bba12e-2f74-4525-959f-7a651f40206a#144-t1, previous=(t:1, i:18), leaderCommit=12, initializing? false, entries: size=1, first=(t:1, i:19), STATEMACHINELOGENTRY, client-FA4B448B9CA5, cid=8
2019-09-12 13:12:44,169 [org.apache.ratis.server.impl.LogAppender$AppenderDaemon$$Lambda$485/1236579333@2bd839b] ERROR ratis.XceiverServerRatis (XceiverServerRatis.java:triggerPipelineClose(568)) - pipeline Action CLOSE  on pipeline PipelineID=a707ec57-7eab-4057-848f-2679eb29dcdf.Reason : b12fb8a7-710d-4c3e-812a-0e86e46484d7 has not seen follower/s 398b50df-cdaa-4e1b-b32c-4c6ed0083aaf for 129243ms 76bba12e-2f74-4525-959f-7a651f40206a for 129243ms
2019-09-12 13:12:44,169 [org.apache.ratis.server.impl.LogAppender$AppenderDaemon$$Lambda$485/1236579333@36b5ce93] ERROR ratis.XceiverServerRatis (XceiverServerRatis.java:triggerPipelineClose(568)) - pipeline Action CLOSE  on pipeline PipelineID=a707ec57-7eab-4057-848f-2679eb29dcdf.Reason : b12fb8a7-710d-4c3e-812a-0e86e46484d7 has not seen follower/s 398b50df-cdaa-4e1b-b32c-4c6ed0083aaf for 129243ms 76bba12e-2f74-4525-959f-7a651f40206a for 129243ms
2019-09-12 13:12:44,668 [java.util.concurrent.ThreadPoolExecutor$Worker@558b229d[State = -1, empty queue]] WARN  server.GrpcLogAppender (GrpcLogAppender.java:timeoutAppendRequest(200)) - b12fb8a7-710d-4c3e-812a-0e86e46484d7@group-2679EB29DCDF->398b50df-cdaa-4e1b-b32c-4c6ed0083aaf-GrpcLogAppender: appendEntries Timeout, request=b12fb8a7-710d-4c3e-812a-0e86e46484d7->398b50df-cdaa-4e1b-b32c-4c6ed0083aaf#145-t1, previous=(t:1, i:19), leaderCommit=12, initializing? false, entries: <empty>
2019-09-12 13:12:44,668 [java.util.concurrent.ThreadPoolExecutor$Worker@5c82ddc3[State = -1, empty queue]] WARN  server.GrpcLogAppender (GrpcLogAppender.java:timeoutAppendRequest(200)) - b12fb8a7-710d-4c3e-812a-0e86e46484d7@group-2679EB29DCDF->76bba12e-2f74-4525-959f-7a651f40206a-GrpcLogAppender: appendEntries Timeout, request=b12fb8a7-710d-4c3e-812a-0e86e46484d7->76bba12e-2f74-4525-959f-7a651f40206a#145-t1, previous=(t:1, i:19), leaderCommit=12, initializing? false, entries: <empty>
2019-09-12 13:12:44,988 [398b50df-cdaa-4e1b-b32c-4c6ed0083aaf@group-2679EB29DCDF-SegmentedRaftLogWorker] WARN  segmented.SegmentedRaftLogWorker (SegmentedRaftLogWorker.java:getFromFuture(90)) - Timeout 12/~
org.apache.ratis.protocol.TimeoutIOException: Timeout 10s: WriteLog:13: (t:1, i:13), STATEMACHINELOGENTRY, client-BDAEC2693858, cid=33-writeStateMachineData
	at org.apache.ratis.util.IOUtils.getFromFuture(IOUtils.java:87)
	at org.apache.ratis.server.raftlog.segmented.SegmentedRaftLogWorker$StateMachineDataPolicy.getFromFuture(SegmentedRaftLogWorker.java:87)
	at org.apache.ratis.server.raftlog.segmented.SegmentedRaftLogWorker$WriteLog.execute(SegmentedRaftLogWorker.java:477)
	at org.apache.ratis.server.raftlog.segmented.SegmentedRaftLogWorker.run(SegmentedRaftLogWorker.java:289)
	at java.lang.Thread.run(Thread.java:748)
Caused by: java.util.concurrent.TimeoutException
	at java.util.concurrent.CompletableFuture.timedGet(CompletableFuture.java:1771)
	at java.util.concurrent.CompletableFuture.get(CompletableFuture.java:1915)
	at org.apache.ratis.util.IOUtils.getFromFuture(IOUtils.java:79)
	... 4 more
2019-09-12 13:12:45,001 [76bba12e-2f74-4525-959f-7a651f40206a@group-2679EB29DCDF-SegmentedRaftLogWorker] WARN  segmented.SegmentedRaftLogWorker (SegmentedRaftLogWorker.java:getFromFuture(90)) - Timeout 12/~
org.apache.ratis.protocol.TimeoutIOException: Timeout 10s: WriteLog:13: (t:1, i:13), STATEMACHINELOGENTRY, client-BDAEC2693858, cid=33-writeStateMachineData
	at org.apache.ratis.util.IOUtils.getFromFuture(IOUtils.java:87)
	at org.apache.ratis.server.raftlog.segmented.SegmentedRaftLogWorker$StateMachineDataPolicy.getFromFuture(SegmentedRaftLogWorker.java:87)
	at org.apache.ratis.server.raftlog.segmented.SegmentedRaftLogWorker$WriteLog.execute(SegmentedRaftLogWorker.java:477)
	at org.apache.ratis.server.raftlog.segmented.SegmentedRaftLogWorker.run(SegmentedRaftLogWorker.java:289)
	at java.lang.Thread.run(Thread.java:748)
Caused by: java.util.concurrent.TimeoutException
	at java.util.concurrent.CompletableFuture.timedGet(CompletableFuture.java:1771)
	at java.util.concurrent.CompletableFuture.get(CompletableFuture.java:1915)
	at org.apache.ratis.util.IOUtils.getFromFuture(IOUtils.java:79)
	... 4 more
2019-09-12 13:12:45,039 [b12fb8a7-710d-4c3e-812a-0e86e46484d7@group-2679EB29DCDF-SegmentedRaftLogWorker] WARN  segmented.SegmentedRaftLogWorker (SegmentedRaftLogWorker.java:getFromFuture(90)) - Timeout 12/~
org.apache.ratis.protocol.TimeoutIOException: Timeout 10s: WriteLog:14: (t:1, i:14), STATEMACHINELOGENTRY, client-BDAEC2693858, cid=34-writeStateMachineData
	at org.apache.ratis.util.IOUtils.getFromFuture(IOUtils.java:87)
	at org.apache.ratis.server.raftlog.segmented.SegmentedRaftLogWorker$StateMachineDataPolicy.getFromFuture(SegmentedRaftLogWorker.java:87)
	at org.apache.ratis.server.raftlog.segmented.SegmentedRaftLogWorker$WriteLog.execute(SegmentedRaftLogWorker.java:477)
	at org.apache.ratis.server.raftlog.segmented.SegmentedRaftLogWorker.run(SegmentedRaftLogWorker.java:289)
	at java.lang.Thread.run(Thread.java:748)
Caused by: java.util.concurrent.TimeoutException
	at java.util.concurrent.CompletableFuture.timedGet(CompletableFuture.java:1771)
	at java.util.concurrent.CompletableFuture.get(CompletableFuture.java:1915)
	at org.apache.ratis.util.IOUtils.getFromFuture(IOUtils.java:79)
	... 4 more
2019-09-12 13:12:45,165 [EventQueue-PipelineActionsForPipelineActionHandler] ERROR pipeline.PipelineActionHandler (PipelineActionHandler.java:onMessage(60)) - Received pipeline action CLOSE for Pipeline[ Id: a707ec57-7eab-4057-848f-2679eb29dcdf, Nodes: 398b50df-cdaa-4e1b-b32c-4c6ed0083aaf{ip: 192.168.34.38, host: pr-hdds-2007-65vhz-3510356991, networkLocation: /default-rack, certSerialId: null}b12fb8a7-710d-4c3e-812a-0e86e46484d7{ip: 192.168.34.38, host: pr-hdds-2007-65vhz-3510356991, networkLocation: /default-rack, certSerialId: null}76bba12e-2f74-4525-959f-7a651f40206a{ip: 192.168.34.38, host: pr-hdds-2007-65vhz-3510356991, networkLocation: /default-rack, certSerialId: null}, Type:RATIS, Factor:THREE, State:CLOSED] from datanode b12fb8a7-710d-4c3e-812a-0e86e46484d7{ip: 192.168.34.38, host: pr-hdds-2007-65vhz-3510356991, networkLocation: /default-rack, certSerialId: null}. Reason : b12fb8a7-710d-4c3e-812a-0e86e46484d7 has not seen follower/s 398b50df-cdaa-4e1b-b32c-4c6ed0083aaf for 129243ms 76bba12e-2f74-4525-959f-7a651f40206a for 129243ms
2019-09-12 13:12:45,165 [EventQueue-PipelineActionsForPipelineActionHandler] INFO  pipeline.SCMPipelineManager (SCMPipelineManager.java:finalizeAndDestroyPipeline(311)) - destroying pipeline:Pipeline[ Id: a707ec57-7eab-4057-848f-2679eb29dcdf, Nodes: 398b50df-cdaa-4e1b-b32c-4c6ed0083aaf{ip: 192.168.34.38, host: pr-hdds-2007-65vhz-3510356991, networkLocation: /default-rack, certSerialId: null}b12fb8a7-710d-4c3e-812a-0e86e46484d7{ip: 192.168.34.38, host: pr-hdds-2007-65vhz-3510356991, networkLocation: /default-rack, certSerialId: null}76bba12e-2f74-4525-959f-7a651f40206a{ip: 192.168.34.38, host: pr-hdds-2007-65vhz-3510356991, networkLocation: /default-rack, certSerialId: null}, Type:RATIS, Factor:THREE, State:CLOSED]
2019-09-12 13:12:46,547 [grpc-default-executor-6] INFO  client.GrpcClientProtocolClient (GrpcClientProtocolClient.java:onNext(264)) - client-BDAEC2693858->398b50df-cdaa-4e1b-b32c-4c6ed0083aaf: receive RaftClientReply:client-BDAEC2693858->398b50df-cdaa-4e1b-b32c-4c6ed0083aaf@group-2679EB29DCDF, cid=33, FAILED org.apache.ratis.protocol.NotLeaderException: Server 398b50df-cdaa-4e1b-b32c-4c6ed0083aaf@group-2679EB29DCDF is not the leader b12fb8a7-710d-4c3e-812a-0e86e46484d7:192.168.34.38:33689, logIndex=0, commits[398b50df-cdaa-4e1b-b32c-4c6ed0083aaf:c12, b12fb8a7-710d-4c3e-812a-0e86e46484d7:c12, 76bba12e-2f74-4525-959f-7a651f40206a:c10]
2019-09-12 13:12:46,670 [org.apache.ratis.server.impl.LogAppender$AppenderDaemon$$Lambda$485/1236579333@2bd839b] ERROR ratis.XceiverServerRatis (XceiverServerRatis.java:triggerPipelineClose(568)) - pipeline Action CLOSE  on pipeline PipelineID=a707ec57-7eab-4057-848f-2679eb29dcdf.Reason : b12fb8a7-710d-4c3e-812a-0e86e46484d7 has not seen follower/s 398b50df-cdaa-4e1b-b32c-4c6ed0083aaf for 131744ms 76bba12e-2f74-4525-959f-7a651f40206a for 131744ms
2019-09-12 13:12:46,670 [org.apache.ratis.server.impl.LogAppender$AppenderDaemon$$Lambda$485/1236579333@36b5ce93] ERROR ratis.XceiverServerRatis (XceiverServerRatis.java:triggerPipelineClose(568)) - pipeline Action CLOSE  on pipeline PipelineID=a707ec57-7eab-4057-848f-2679eb29dcdf.Reason : b12fb8a7-710d-4c3e-812a-0e86e46484d7 has not seen follower/s 398b50df-cdaa-4e1b-b32c-4c6ed0083aaf for 131744ms 76bba12e-2f74-4525-959f-7a651f40206a for 131744ms
2019-09-12 13:12:47,166 [EventQueue-PipelineActionsForPipelineActionHandler] ERROR pipeline.PipelineActionHandler (PipelineActionHandler.java:onMessage(60)) - Received pipeline action CLOSE for Pipeline[ Id: a707ec57-7eab-4057-848f-2679eb29dcdf, Nodes: 398b50df-cdaa-4e1b-b32c-4c6ed0083aaf{ip: 192.168.34.38, host: pr-hdds-2007-65vhz-3510356991, networkLocation: /default-rack, certSerialId: null}b12fb8a7-710d-4c3e-812a-0e86e46484d7{ip: 192.168.34.38, host: pr-hdds-2007-65vhz-3510356991, networkLocation: /default-rack, certSerialId: null}76bba12e-2f74-4525-959f-7a651f40206a{ip: 192.168.34.38, host: pr-hdds-2007-65vhz-3510356991, networkLocation: /default-rack, certSerialId: null}, Type:RATIS, Factor:THREE, State:CLOSED] from datanode b12fb8a7-710d-4c3e-812a-0e86e46484d7{ip: 192.168.34.38, host: pr-hdds-2007-65vhz-3510356991, networkLocation: /default-rack, certSerialId: null}. Reason : b12fb8a7-710d-4c3e-812a-0e86e46484d7 has not seen follower/s 398b50df-cdaa-4e1b-b32c-4c6ed0083aaf for 131744ms 76bba12e-2f74-4525-959f-7a651f40206a for 131744ms
2019-09-12 13:12:47,166 [EventQueue-PipelineActionsForPipelineActionHandler] INFO  pipeline.SCMPipelineManager (SCMPipelineManager.java:finalizeAndDestroyPipeline(311)) - destroying pipeline:Pipeline[ Id: a707ec57-7eab-4057-848f-2679eb29dcdf, Nodes: 398b50df-cdaa-4e1b-b32c-4c6ed0083aaf{ip: 192.168.34.38, host: pr-hdds-2007-65vhz-3510356991, networkLocation: /default-rack, certSerialId: null}b12fb8a7-710d-4c3e-812a-0e86e46484d7{ip: 192.168.34.38, host: pr-hdds-2007-65vhz-3510356991, networkLocation: /default-rack, certSerialId: null}76bba12e-2f74-4525-959f-7a651f40206a{ip: 192.168.34.38, host: pr-hdds-2007-65vhz-3510356991, networkLocation: /default-rack, certSerialId: null}, Type:RATIS, Factor:THREE, State:CLOSED]
2019-09-12 13:12:47,169 [java.util.concurrent.ThreadPoolExecutor$Worker@5c82ddc3[State = -1, empty queue]] WARN  server.GrpcLogAppender (GrpcLogAppender.java:timeoutAppendRequest(200)) - b12fb8a7-710d-4c3e-812a-0e86e46484d7@group-2679EB29DCDF->76bba12e-2f74-4525-959f-7a651f40206a-GrpcLogAppender: appendEntries Timeout, request=b12fb8a7-710d-4c3e-812a-0e86e46484d7->76bba12e-2f74-4525-959f-7a651f40206a#146-t1, previous=(t:1, i:19), leaderCommit=12, initializing? false, entries: <empty>
2019-09-12 13:12:47,169 [java.util.concurrent.ThreadPoolExecutor$Worker@558b229d[State = -1, empty queue]] WARN  server.GrpcLogAppender (GrpcLogAppender.java:timeoutAppendRequest(200)) - b12fb8a7-710d-4c3e-812a-0e86e46484d7@group-2679EB29DCDF->398b50df-cdaa-4e1b-b32c-4c6ed0083aaf-GrpcLogAppender: appendEntries Timeout, request=b12fb8a7-710d-4c3e-812a-0e86e46484d7->398b50df-cdaa-4e1b-b32c-4c6ed0083aaf#146-t1, previous=(t:1, i:19), leaderCommit=12, initializing? false, entries: <empty>
2019-09-12 13:12:49,171 [org.apache.ratis.server.impl.LogAppender$AppenderDaemon$$Lambda$485/1236579333@2bd839b] ERROR ratis.XceiverServerRatis (XceiverServerRatis.java:triggerPipelineClose(568)) - pipeline Action CLOSE  on pipeline PipelineID=a707ec57-7eab-4057-848f-2679eb29dcdf.Reason : b12fb8a7-710d-4c3e-812a-0e86e46484d7 has not seen follower/s 398b50df-cdaa-4e1b-b32c-4c6ed0083aaf for 134245ms 76bba12e-2f74-4525-959f-7a651f40206a for 134245ms
2019-09-12 13:12:49,171 [org.apache.ratis.server.impl.LogAppender$AppenderDaemon$$Lambda$485/1236579333@36b5ce93] ERROR ratis.XceiverServerRatis (XceiverServerRatis.java:triggerPipelineClose(568)) - pipeline Action CLOSE  on pipeline PipelineID=a707ec57-7eab-4057-848f-2679eb29dcdf.Reason : b12fb8a7-710d-4c3e-812a-0e86e46484d7 has not seen follower/s 398b50df-cdaa-4e1b-b32c-4c6ed0083aaf for 134245ms 76bba12e-2f74-4525-959f-7a651f40206a for 134245ms
2019-09-12 13:12:49,670 [java.util.concurrent.ThreadPoolExecutor$Worker@5c82ddc3[State = -1, empty queue]] WARN  server.GrpcLogAppender (GrpcLogAppender.java:timeoutAppendRequest(200)) - b12fb8a7-710d-4c3e-812a-0e86e46484d7@group-2679EB29DCDF->76bba12e-2f74-4525-959f-7a651f40206a-GrpcLogAppender: appendEntries Timeout, request=b12fb8a7-710d-4c3e-812a-0e86e46484d7->76bba12e-2f74-4525-959f-7a651f40206a#147-t1, previous=(t:1, i:19), leaderCommit=12, initializing? false, entries: <empty>
2019-09-12 13:12:49,670 [java.util.concurrent.ThreadPoolExecutor$Worker@558b229d[State = -1, empty queue]] WARN  server.GrpcLogAppender (GrpcLogAppender.java:timeoutAppendRequest(200)) - b12fb8a7-710d-4c3e-812a-0e86e46484d7@group-2679EB29DCDF->398b50df-cdaa-4e1b-b32c-4c6ed0083aaf-GrpcLogAppender: appendEntries Timeout, request=b12fb8a7-710d-4c3e-812a-0e86e46484d7->398b50df-cdaa-4e1b-b32c-4c6ed0083aaf#147-t1, previous=(t:1, i:19), leaderCommit=12, initializing? false, entries: <empty>
2019-09-12 13:12:50,166 [EventQueue-PipelineActionsForPipelineActionHandler] ERROR pipeline.PipelineActionHandler (PipelineActionHandler.java:onMessage(60)) - Received pipeline action CLOSE for Pipeline[ Id: a707ec57-7eab-4057-848f-2679eb29dcdf, Nodes: 398b50df-cdaa-4e1b-b32c-4c6ed0083aaf{ip: 192.168.34.38, host: pr-hdds-2007-65vhz-3510356991, networkLocation: /default-rack, certSerialId: null}b12fb8a7-710d-4c3e-812a-0e86e46484d7{ip: 192.168.34.38, host: pr-hdds-2007-65vhz-3510356991, networkLocation: /default-rack, certSerialId: null}76bba12e-2f74-4525-959f-7a651f40206a{ip: 192.168.34.38, host: pr-hdds-2007-65vhz-3510356991, networkLocation: /default-rack, certSerialId: null}, Type:RATIS, Factor:THREE, State:CLOSED] from datanode b12fb8a7-710d-4c3e-812a-0e86e46484d7{ip: 192.168.34.38, host: pr-hdds-2007-65vhz-3510356991, networkLocation: /default-rack, certSerialId: null}. Reason : b12fb8a7-710d-4c3e-812a-0e86e46484d7 has not seen follower/s 398b50df-cdaa-4e1b-b32c-4c6ed0083aaf for 134245ms 76bba12e-2f74-4525-959f-7a651f40206a for 134245ms
2019-09-12 13:12:50,166 [EventQueue-PipelineActionsForPipelineActionHandler] INFO  pipeline.SCMPipelineManager (SCMPipelineManager.java:finalizeAndDestroyPipeline(311)) - destroying pipeline:Pipeline[ Id: a707ec57-7eab-4057-848f-2679eb29dcdf, Nodes: 398b50df-cdaa-4e1b-b32c-4c6ed0083aaf{ip: 192.168.34.38, host: pr-hdds-2007-65vhz-3510356991, networkLocation: /default-rack, certSerialId: null}b12fb8a7-710d-4c3e-812a-0e86e46484d7{ip: 192.168.34.38, host: pr-hdds-2007-65vhz-3510356991, networkLocation: /default-rack, certSerialId: null}76bba12e-2f74-4525-959f-7a651f40206a{ip: 192.168.34.38, host: pr-hdds-2007-65vhz-3510356991, networkLocation: /default-rack, certSerialId: null}, Type:RATIS, Factor:THREE, State:CLOSED]
2019-09-12 13:12:51,585 [grpc-default-executor-6] INFO  client.GrpcClientProtocolClient (GrpcClientProtocolClient.java:onNext(264)) - client-BDAEC2693858->76bba12e-2f74-4525-959f-7a651f40206a: receive RaftClientReply:client-BDAEC2693858->76bba12e-2f74-4525-959f-7a651f40206a@group-2679EB29DCDF, cid=33, FAILED org.apache.ratis.protocol.NotLeaderException: Server 76bba12e-2f74-4525-959f-7a651f40206a@group-2679EB29DCDF is not the leader b12fb8a7-710d-4c3e-812a-0e86e46484d7:192.168.34.38:33689, logIndex=0, commits[76bba12e-2f74-4525-959f-7a651f40206a:c12, 398b50df-cdaa-4e1b-b32c-4c6ed0083aaf:c10, b12fb8a7-710d-4c3e-812a-0e86e46484d7:c12]
2019-09-12 13:12:51,671 [org.apache.ratis.server.impl.LogAppender$AppenderDaemon$$Lambda$485/1236579333@36b5ce93] ERROR ratis.XceiverServerRatis (XceiverServerRatis.java:triggerPipelineClose(568)) - pipeline Action CLOSE  on pipeline PipelineID=a707ec57-7eab-4057-848f-2679eb29dcdf.Reason : b12fb8a7-710d-4c3e-812a-0e86e46484d7 has not seen follower/s 398b50df-cdaa-4e1b-b32c-4c6ed0083aaf for 136745ms 76bba12e-2f74-4525-959f-7a651f40206a for 136746ms
2019-09-12 13:12:51,671 [org.apache.ratis.server.impl.LogAppender$AppenderDaemon$$Lambda$485/1236579333@2bd839b] ERROR ratis.XceiverServerRatis (XceiverServerRatis.java:triggerPipelineClose(568)) - pipeline Action CLOSE  on pipeline PipelineID=a707ec57-7eab-4057-848f-2679eb29dcdf.Reason : b12fb8a7-710d-4c3e-812a-0e86e46484d7 has not seen follower/s 398b50df-cdaa-4e1b-b32c-4c6ed0083aaf for 136745ms 76bba12e-2f74-4525-959f-7a651f40206a for 136746ms
2019-09-12 13:12:52,167 [EventQueue-PipelineActionsForPipelineActionHandler] ERROR pipeline.PipelineActionHandler (PipelineActionHandler.java:onMessage(60)) - Received pipeline action CLOSE for Pipeline[ Id: a707ec57-7eab-4057-848f-2679eb29dcdf, Nodes: 398b50df-cdaa-4e1b-b32c-4c6ed0083aaf{ip: 192.168.34.38, host: pr-hdds-2007-65vhz-3510356991, networkLocation: /default-rack, certSerialId: null}b12fb8a7-710d-4c3e-812a-0e86e46484d7{ip: 192.168.34.38, host: pr-hdds-2007-65vhz-3510356991, networkLocation: /default-rack, certSerialId: null}76bba12e-2f74-4525-959f-7a651f40206a{ip: 192.168.34.38, host: pr-hdds-2007-65vhz-3510356991, networkLocation: /default-rack, certSerialId: null}, Type:RATIS, Factor:THREE, State:CLOSED] from datanode b12fb8a7-710d-4c3e-812a-0e86e46484d7{ip: 192.168.34.38, host: pr-hdds-2007-65vhz-3510356991, networkLocation: /default-rack, certSerialId: null}. Reason : b12fb8a7-710d-4c3e-812a-0e86e46484d7 has not seen follower/s 398b50df-cdaa-4e1b-b32c-4c6ed0083aaf for 136745ms 76bba12e-2f74-4525-959f-7a651f40206a for 136746ms
2019-09-12 13:12:52,167 [EventQueue-PipelineActionsForPipelineActionHandler] INFO  pipeline.SCMPipelineManager (SCMPipelineManager.java:finalizeAndDestroyPipeline(311)) - destroying pipeline:Pipeline[ Id: a707ec57-7eab-4057-848f-2679eb29dcdf, Nodes: 398b50df-cdaa-4e1b-b32c-4c6ed0083aaf{ip: 192.168.34.38, host: pr-hdds-2007-65vhz-3510356991, networkLocation: /default-rack, certSerialId: null}b12fb8a7-710d-4c3e-812a-0e86e46484d7{ip: 192.168.34.38, host: pr-hdds-2007-65vhz-3510356991, networkLocation: /default-rack, certSerialId: null}76bba12e-2f74-4525-959f-7a651f40206a{ip: 192.168.34.38, host: pr-hdds-2007-65vhz-3510356991, networkLocation: /default-rack, certSerialId: null}, Type:RATIS, Factor:THREE, State:CLOSED]
2019-09-12 13:12:52,171 [java.util.concurrent.ThreadPoolExecutor$Worker@5c82ddc3[State = -1, empty queue]] WARN  server.GrpcLogAppender (GrpcLogAppender.java:timeoutAppendRequest(200)) - b12fb8a7-710d-4c3e-812a-0e86e46484d7@group-2679EB29DCDF->76bba12e-2f74-4525-959f-7a651f40206a-GrpcLogAppender: appendEntries Timeout, request=b12fb8a7-710d-4c3e-812a-0e86e46484d7->76bba12e-2f74-4525-959f-7a651f40206a#148-t1, previous=(t:1, i:19), leaderCommit=12, initializing? false, entries: <empty>
2019-09-12 13:12:52,171 [java.util.concurrent.ThreadPoolExecutor$Worker@558b229d[State = -1, empty queue]] WARN  server.GrpcLogAppender (GrpcLogAppender.java:timeoutAppendRequest(200)) - b12fb8a7-710d-4c3e-812a-0e86e46484d7@group-2679EB29DCDF->398b50df-cdaa-4e1b-b32c-4c6ed0083aaf-GrpcLogAppender: appendEntries Timeout, request=b12fb8a7-710d-4c3e-812a-0e86e46484d7->398b50df-cdaa-4e1b-b32c-4c6ed0083aaf#148-t1, previous=(t:1, i:19), leaderCommit=12, initializing? false, entries: <empty>
2019-09-12 13:12:54,172 [org.apache.ratis.server.impl.LogAppender$AppenderDaemon$$Lambda$485/1236579333@36b5ce93] ERROR ratis.XceiverServerRatis (XceiverServerRatis.java:triggerPipelineClose(568)) - pipeline Action CLOSE  on pipeline PipelineID=a707ec57-7eab-4057-848f-2679eb29dcdf.Reason : b12fb8a7-710d-4c3e-812a-0e86e46484d7 has not seen follower/s 398b50df-cdaa-4e1b-b32c-4c6ed0083aaf for 139246ms 76bba12e-2f74-4525-959f-7a651f40206a for 139246ms
2019-09-12 13:12:54,172 [org.apache.ratis.server.impl.LogAppender$AppenderDaemon$$Lambda$485/1236579333@2bd839b] ERROR ratis.XceiverServerRatis (XceiverServerRatis.java:triggerPipelineClose(568)) - pipeline Action CLOSE  on pipeline PipelineID=a707ec57-7eab-4057-848f-2679eb29dcdf.Reason : b12fb8a7-710d-4c3e-812a-0e86e46484d7 has not seen follower/s 398b50df-cdaa-4e1b-b32c-4c6ed0083aaf for 139246ms 76bba12e-2f74-4525-959f-7a651f40206a for 139247ms
2019-09-12 13:12:54,671 [java.util.concurrent.ThreadPoolExecutor$Worker@5c82ddc3[State = -1, empty queue]] WARN  server.GrpcLogAppender (GrpcLogAppender.java:timeoutAppendRequest(200)) - b12fb8a7-710d-4c3e-812a-0e86e46484d7@group-2679EB29DCDF->76bba12e-2f74-4525-959f-7a651f40206a-GrpcLogAppender: appendEntries Timeout, request=b12fb8a7-710d-4c3e-812a-0e86e46484d7->76bba12e-2f74-4525-959f-7a651f40206a#149-t1, previous=(t:1, i:19), leaderCommit=12, initializing? false, entries: <empty>
2019-09-12 13:12:54,671 [java.util.concurrent.ThreadPoolExecutor$Worker@558b229d[State = -1, empty queue]] WARN  server.GrpcLogAppender (GrpcLogAppender.java:timeoutAppendRequest(200)) - b12fb8a7-710d-4c3e-812a-0e86e46484d7@group-2679EB29DCDF->398b50df-cdaa-4e1b-b32c-4c6ed0083aaf-GrpcLogAppender: appendEntries Timeout, request=b12fb8a7-710d-4c3e-812a-0e86e46484d7->398b50df-cdaa-4e1b-b32c-4c6ed0083aaf#149-t1, previous=(t:1, i:19), leaderCommit=12, initializing? false, entries: <empty>
2019-09-12 13:12:54,989 [398b50df-cdaa-4e1b-b32c-4c6ed0083aaf@group-2679EB29DCDF-SegmentedRaftLogWorker] WARN  segmented.SegmentedRaftLogWorker (SegmentedRaftLogWorker.java:getFromFuture(90)) - Timeout 13/~
org.apache.ratis.protocol.TimeoutIOException: Timeout 10s: WriteLog:13: (t:1, i:13), STATEMACHINELOGENTRY, client-BDAEC2693858, cid=33-writeStateMachineData
	at org.apache.ratis.util.IOUtils.getFromFuture(IOUtils.java:87)
	at org.apache.ratis.server.raftlog.segmented.SegmentedRaftLogWorker$StateMachineDataPolicy.getFromFuture(SegmentedRaftLogWorker.java:87)
	at org.apache.ratis.server.raftlog.segmented.SegmentedRaftLogWorker$WriteLog.execute(SegmentedRaftLogWorker.java:477)
	at org.apache.ratis.server.raftlog.segmented.SegmentedRaftLogWorker.run(SegmentedRaftLogWorker.java:289)
	at java.lang.Thread.run(Thread.java:748)
Caused by: java.util.concurrent.TimeoutException
	at java.util.concurrent.CompletableFuture.timedGet(CompletableFuture.java:1771)
	at java.util.concurrent.CompletableFuture.get(CompletableFuture.java:1915)
	at org.apache.ratis.util.IOUtils.getFromFuture(IOUtils.java:79)
	... 4 more
2019-09-12 13:12:55,002 [76bba12e-2f74-4525-959f-7a651f40206a@group-2679EB29DCDF-SegmentedRaftLogWorker] WARN  segmented.SegmentedRaftLogWorker (SegmentedRaftLogWorker.java:getFromFuture(90)) - Timeout 13/~
org.apache.ratis.protocol.TimeoutIOException: Timeout 10s: WriteLog:13: (t:1, i:13), STATEMACHINELOGENTRY, client-BDAEC2693858, cid=33-writeStateMachineData
	at org.apache.ratis.util.IOUtils.getFromFuture(IOUtils.java:87)
	at org.apache.ratis.server.raftlog.segmented.SegmentedRaftLogWorker$StateMachineDataPolicy.getFromFuture(SegmentedRaftLogWorker.java:87)
	at org.apache.ratis.server.raftlog.segmented.SegmentedRaftLogWorker$WriteLog.execute(SegmentedRaftLogWorker.java:477)
	at org.apache.ratis.server.raftlog.segmented.SegmentedRaftLogWorker.run(SegmentedRaftLogWorker.java:289)
	at java.lang.Thread.run(Thread.java:748)
Caused by: java.util.concurrent.TimeoutException
	at java.util.concurrent.CompletableFuture.timedGet(CompletableFuture.java:1771)
	at java.util.concurrent.CompletableFuture.get(CompletableFuture.java:1915)
	at org.apache.ratis.util.IOUtils.getFromFuture(IOUtils.java:79)
	... 4 more
2019-09-12 13:12:55,041 [b12fb8a7-710d-4c3e-812a-0e86e46484d7@group-2679EB29DCDF-SegmentedRaftLogWorker] WARN  segmented.SegmentedRaftLogWorker (SegmentedRaftLogWorker.java:getFromFuture(90)) - Timeout 13/~
org.apache.ratis.protocol.TimeoutIOException: Timeout 10s: WriteLog:14: (t:1, i:14), STATEMACHINELOGENTRY, client-BDAEC2693858, cid=34-writeStateMachineData
	at org.apache.ratis.util.IOUtils.getFromFuture(IOUtils.java:87)
	at org.apache.ratis.server.raftlog.segmented.SegmentedRaftLogWorker$StateMachineDataPolicy.getFromFuture(SegmentedRaftLogWorker.java:87)
	at org.apache.ratis.server.raftlog.segmented.SegmentedRaftLogWorker$WriteLog.execute(SegmentedRaftLogWorker.java:477)
	at org.apache.ratis.server.raftlog.segmented.SegmentedRaftLogWorker.run(SegmentedRaftLogWorker.java:289)
	at java.lang.Thread.run(Thread.java:748)
Caused by: java.util.concurrent.TimeoutException
	at java.util.concurrent.CompletableFuture.timedGet(CompletableFuture.java:1771)
	at java.util.concurrent.CompletableFuture.get(CompletableFuture.java:1915)
	at org.apache.ratis.util.IOUtils.getFromFuture(IOUtils.java:79)
	... 4 more
2019-09-12 13:12:55,167 [EventQueue-PipelineActionsForPipelineActionHandler] ERROR pipeline.PipelineActionHandler (PipelineActionHandler.java:onMessage(60)) - Received pipeline action CLOSE for Pipeline[ Id: a707ec57-7eab-4057-848f-2679eb29dcdf, Nodes: 398b50df-cdaa-4e1b-b32c-4c6ed0083aaf{ip: 192.168.34.38, host: pr-hdds-2007-65vhz-3510356991, networkLocation: /default-rack, certSerialId: null}b12fb8a7-710d-4c3e-812a-0e86e46484d7{ip: 192.168.34.38, host: pr-hdds-2007-65vhz-3510356991, networkLocation: /default-rack, certSerialId: null}76bba12e-2f74-4525-959f-7a651f40206a{ip: 192.168.34.38, host: pr-hdds-2007-65vhz-3510356991, networkLocation: /default-rack, certSerialId: null}, Type:RATIS, Factor:THREE, State:CLOSED] from datanode b12fb8a7-710d-4c3e-812a-0e86e46484d7{ip: 192.168.34.38, host: pr-hdds-2007-65vhz-3510356991, networkLocation: /default-rack, certSerialId: null}. Reason : b12fb8a7-710d-4c3e-812a-0e86e46484d7 has not seen follower/s 398b50df-cdaa-4e1b-b32c-4c6ed0083aaf for 139246ms 76bba12e-2f74-4525-959f-7a651f40206a for 139246ms
2019-09-12 13:12:55,167 [EventQueue-PipelineActionsForPipelineActionHandler] INFO  pipeline.SCMPipelineManager (SCMPipelineManager.java:finalizeAndDestroyPipeline(311)) - destroying pipeline:Pipeline[ Id: a707ec57-7eab-4057-848f-2679eb29dcdf, Nodes: 398b50df-cdaa-4e1b-b32c-4c6ed0083aaf{ip: 192.168.34.38, host: pr-hdds-2007-65vhz-3510356991, networkLocation: /default-rack, certSerialId: null}b12fb8a7-710d-4c3e-812a-0e86e46484d7{ip: 192.168.34.38, host: pr-hdds-2007-65vhz-3510356991, networkLocation: /default-rack, certSerialId: null}76bba12e-2f74-4525-959f-7a651f40206a{ip: 192.168.34.38, host: pr-hdds-2007-65vhz-3510356991, networkLocation: /default-rack, certSerialId: null}, Type:RATIS, Factor:THREE, State:CLOSED]
2019-09-12 13:12:56,640 [grpc-default-executor-3] INFO  client.GrpcClientProtocolClient (GrpcClientProtocolClient.java:onNext(264)) - client-BDAEC2693858->76bba12e-2f74-4525-959f-7a651f40206a: receive RaftClientReply:client-BDAEC2693858->76bba12e-2f74-4525-959f-7a651f40206a@group-2679EB29DCDF, cid=33, FAILED org.apache.ratis.protocol.NotLeaderException: Server 76bba12e-2f74-4525-959f-7a651f40206a@group-2679EB29DCDF is not the leader b12fb8a7-710d-4c3e-812a-0e86e46484d7:192.168.34.38:33689, logIndex=0, commits[76bba12e-2f74-4525-959f-7a651f40206a:c12, 398b50df-cdaa-4e1b-b32c-4c6ed0083aaf:c10, b12fb8a7-710d-4c3e-812a-0e86e46484d7:c12]
2019-09-12 13:12:56,673 [org.apache.ratis.server.impl.LogAppender$AppenderDaemon$$Lambda$485/1236579333@36b5ce93] ERROR ratis.XceiverServerRatis (XceiverServerRatis.java:triggerPipelineClose(568)) - pipeline Action CLOSE  on pipeline PipelineID=a707ec57-7eab-4057-848f-2679eb29dcdf.Reason : b12fb8a7-710d-4c3e-812a-0e86e46484d7 has not seen follower/s 398b50df-cdaa-4e1b-b32c-4c6ed0083aaf for 141747ms 76bba12e-2f74-4525-959f-7a651f40206a for 141748ms
2019-09-12 13:12:56,674 [org.apache.ratis.server.impl.LogAppender$AppenderDaemon$$Lambda$485/1236579333@2bd839b] ERROR ratis.XceiverServerRatis (XceiverServerRatis.java:triggerPipelineClose(568)) - pipeline Action CLOSE  on pipeline PipelineID=a707ec57-7eab-4057-848f-2679eb29dcdf.Reason : b12fb8a7-710d-4c3e-812a-0e86e46484d7 has not seen follower/s 398b50df-cdaa-4e1b-b32c-4c6ed0083aaf for 141747ms 76bba12e-2f74-4525-959f-7a651f40206a for 141748ms
2019-09-12 13:12:57,167 [EventQueue-PipelineActionsForPipelineActionHandler] ERROR pipeline.PipelineActionHandler (PipelineActionHandler.java:onMessage(60)) - Received pipeline action CLOSE for Pipeline[ Id: a707ec57-7eab-4057-848f-2679eb29dcdf, Nodes: 398b50df-cdaa-4e1b-b32c-4c6ed0083aaf{ip: 192.168.34.38, host: pr-hdds-2007-65vhz-3510356991, networkLocation: /default-rack, certSerialId: null}b12fb8a7-710d-4c3e-812a-0e86e46484d7{ip: 192.168.34.38, host: pr-hdds-2007-65vhz-3510356991, networkLocation: /default-rack, certSerialId: null}76bba12e-2f74-4525-959f-7a651f40206a{ip: 192.168.34.38, host: pr-hdds-2007-65vhz-3510356991, networkLocation: /default-rack, certSerialId: null}, Type:RATIS, Factor:THREE, State:CLOSED] from datanode b12fb8a7-710d-4c3e-812a-0e86e46484d7{ip: 192.168.34.38, host: pr-hdds-2007-65vhz-3510356991, networkLocation: /default-rack, certSerialId: null}. Reason : b12fb8a7-710d-4c3e-812a-0e86e46484d7 has not seen follower/s 398b50df-cdaa-4e1b-b32c-4c6ed0083aaf for 141747ms 76bba12e-2f74-4525-959f-7a651f40206a for 141748ms
2019-09-12 13:12:57,167 [EventQueue-PipelineActionsForPipelineActionHandler] INFO  pipeline.SCMPipelineManager (SCMPipelineManager.java:finalizeAndDestroyPipeline(311)) - destroying pipeline:Pipeline[ Id: a707ec57-7eab-4057-848f-2679eb29dcdf, Nodes: 398b50df-cdaa-4e1b-b32c-4c6ed0083aaf{ip: 192.168.34.38, host: pr-hdds-2007-65vhz-3510356991, networkLocation: /default-rack, certSerialId: null}b12fb8a7-710d-4c3e-812a-0e86e46484d7{ip: 192.168.34.38, host: pr-hdds-2007-65vhz-3510356991, networkLocation: /default-rack, certSerialId: null}76bba12e-2f74-4525-959f-7a651f40206a{ip: 192.168.34.38, host: pr-hdds-2007-65vhz-3510356991, networkLocation: /default-rack, certSerialId: null}, Type:RATIS, Factor:THREE, State:CLOSED]
2019-09-12 13:12:57,172 [java.util.concurrent.ThreadPoolExecutor$Worker@558b229d[State = -1, empty queue]] WARN  server.GrpcLogAppender (GrpcLogAppender.java:timeoutAppendRequest(200)) - b12fb8a7-710d-4c3e-812a-0e86e46484d7@group-2679EB29DCDF->398b50df-cdaa-4e1b-b32c-4c6ed0083aaf-GrpcLogAppender: appendEntries Timeout, request=b12fb8a7-710d-4c3e-812a-0e86e46484d7->398b50df-cdaa-4e1b-b32c-4c6ed0083aaf#150-t1, previous=(t:1, i:19), leaderCommit=12, initializing? false, entries: <empty>
2019-09-12 13:12:57,172 [java.util.concurrent.ThreadPoolExecutor$Worker@5c82ddc3[State = -1, empty queue]] WARN  server.GrpcLogAppender (GrpcLogAppender.java:timeoutAppendRequest(200)) - b12fb8a7-710d-4c3e-812a-0e86e46484d7@group-2679EB29DCDF->76bba12e-2f74-4525-959f-7a651f40206a-GrpcLogAppender: appendEntries Timeout, request=b12fb8a7-710d-4c3e-812a-0e86e46484d7->76bba12e-2f74-4525-959f-7a651f40206a#150-t1, previous=(t:1, i:19), leaderCommit=12, initializing? false, entries: <empty>
2019-09-12 13:12:59,174 [org.apache.ratis.server.impl.LogAppender$AppenderDaemon$$Lambda$485/1236579333@2bd839b] ERROR ratis.XceiverServerRatis (XceiverServerRatis.java:triggerPipelineClose(568)) - pipeline Action CLOSE  on pipeline PipelineID=a707ec57-7eab-4057-848f-2679eb29dcdf.Reason : b12fb8a7-710d-4c3e-812a-0e86e46484d7 has not seen follower/s 398b50df-cdaa-4e1b-b32c-4c6ed0083aaf for 144248ms 76bba12e-2f74-4525-959f-7a651f40206a for 144248ms
2019-09-12 13:12:59,176 [org.apache.ratis.server.impl.LogAppender$AppenderDaemon$$Lambda$485/1236579333@36b5ce93] ERROR ratis.XceiverServerRatis (XceiverServerRatis.java:triggerPipelineClose(568)) - pipeline Action CLOSE  on pipeline PipelineID=a707ec57-7eab-4057-848f-2679eb29dcdf.Reason : b12fb8a7-710d-4c3e-812a-0e86e46484d7 has not seen follower/s 398b50df-cdaa-4e1b-b32c-4c6ed0083aaf for 144250ms 76bba12e-2f74-4525-959f-7a651f40206a for 144250ms
2019-09-12 13:12:59,673 [java.util.concurrent.ThreadPoolExecutor$Worker@558b229d[State = -1, empty queue]] WARN  server.GrpcLogAppender (GrpcLogAppender.java:timeoutAppendRequest(200)) - b12fb8a7-710d-4c3e-812a-0e86e46484d7@group-2679EB29DCDF->398b50df-cdaa-4e1b-b32c-4c6ed0083aaf-GrpcLogAppender: appendEntries Timeout, request=b12fb8a7-710d-4c3e-812a-0e86e46484d7->398b50df-cdaa-4e1b-b32c-4c6ed0083aaf#151-t1, previous=(t:1, i:19), leaderCommit=12, initializing? false, entries: <empty>
2019-09-12 13:12:59,674 [java.util.concurrent.ThreadPoolExecutor$Worker@5c82ddc3[State = -1, empty queue]] WARN  server.GrpcLogAppender (GrpcLogAppender.java:timeoutAppendRequest(200)) - b12fb8a7-710d-4c3e-812a-0e86e46484d7@group-2679EB29DCDF->76bba12e-2f74-4525-959f-7a651f40206a-GrpcLogAppender: appendEntries Timeout, request=b12fb8a7-710d-4c3e-812a-0e86e46484d7->76bba12e-2f74-4525-959f-7a651f40206a#151-t1, previous=(t:1, i:19), leaderCommit=12, initializing? false, entries: <empty>
2019-09-12 13:13:00,166 [EventQueue-PipelineActionsForPipelineActionHandler] ERROR pipeline.PipelineActionHandler (PipelineActionHandler.java:onMessage(60)) - Received pipeline action CLOSE for Pipeline[ Id: a707ec57-7eab-4057-848f-2679eb29dcdf, Nodes: 398b50df-cdaa-4e1b-b32c-4c6ed0083aaf{ip: 192.168.34.38, host: pr-hdds-2007-65vhz-3510356991, networkLocation: /default-rack, certSerialId: null}b12fb8a7-710d-4c3e-812a-0e86e46484d7{ip: 192.168.34.38, host: pr-hdds-2007-65vhz-3510356991, networkLocation: /default-rack, certSerialId: null}76bba12e-2f74-4525-959f-7a651f40206a{ip: 192.168.34.38, host: pr-hdds-2007-65vhz-3510356991, networkLocation: /default-rack, certSerialId: null}, Type:RATIS, Factor:THREE, State:CLOSED] from datanode b12fb8a7-710d-4c3e-812a-0e86e46484d7{ip: 192.168.34.38, host: pr-hdds-2007-65vhz-3510356991, networkLocation: /default-rack, certSerialId: null}. Reason : b12fb8a7-710d-4c3e-812a-0e86e46484d7 has not seen follower/s 398b50df-cdaa-4e1b-b32c-4c6ed0083aaf for 144248ms 76bba12e-2f74-4525-959f-7a651f40206a for 144248ms
2019-09-12 13:13:00,166 [EventQueue-PipelineActionsForPipelineActionHandler] INFO  pipeline.SCMPipelineManager (SCMPipelineManager.java:finalizeAndDestroyPipeline(311)) - destroying pipeline:Pipeline[ Id: a707ec57-7eab-4057-848f-2679eb29dcdf, Nodes: 398b50df-cdaa-4e1b-b32c-4c6ed0083aaf{ip: 192.168.34.38, host: pr-hdds-2007-65vhz-3510356991, networkLocation: /default-rack, certSerialId: null}b12fb8a7-710d-4c3e-812a-0e86e46484d7{ip: 192.168.34.38, host: pr-hdds-2007-65vhz-3510356991, networkLocation: /default-rack, certSerialId: null}76bba12e-2f74-4525-959f-7a651f40206a{ip: 192.168.34.38, host: pr-hdds-2007-65vhz-3510356991, networkLocation: /default-rack, certSerialId: null}, Type:RATIS, Factor:THREE, State:CLOSED]
2019-09-12 13:13:01,675 [org.apache.ratis.server.impl.LogAppender$AppenderDaemon$$Lambda$485/1236579333@2bd839b] ERROR ratis.XceiverServerRatis (XceiverServerRatis.java:triggerPipelineClose(568)) - pipeline Action CLOSE  on pipeline PipelineID=a707ec57-7eab-4057-848f-2679eb29dcdf.Reason : b12fb8a7-710d-4c3e-812a-0e86e46484d7 has not seen follower/s 398b50df-cdaa-4e1b-b32c-4c6ed0083aaf for 146749ms 76bba12e-2f74-4525-959f-7a651f40206a for 146749ms
2019-09-12 13:13:01,677 [org.apache.ratis.server.impl.LogAppender$AppenderDaemon$$Lambda$485/1236579333@36b5ce93] ERROR ratis.XceiverServerRatis (XceiverServerRatis.java:triggerPipelineClose(568)) - pipeline Action CLOSE  on pipeline PipelineID=a707ec57-7eab-4057-848f-2679eb29dcdf.Reason : b12fb8a7-710d-4c3e-812a-0e86e46484d7 has not seen follower/s 398b50df-cdaa-4e1b-b32c-4c6ed0083aaf for 146751ms 76bba12e-2f74-4525-959f-7a651f40206a for 146751ms
2019-09-12 13:13:01,693 [grpc-default-executor-3] INFO  client.GrpcClientProtocolClient (GrpcClientProtocolClient.java:onNext(264)) - client-BDAEC2693858->76bba12e-2f74-4525-959f-7a651f40206a: receive RaftClientReply:client-BDAEC2693858->76bba12e-2f74-4525-959f-7a651f40206a@group-2679EB29DCDF, cid=33, FAILED org.apache.ratis.protocol.NotLeaderException: Server 76bba12e-2f74-4525-959f-7a651f40206a@group-2679EB29DCDF is not the leader b12fb8a7-710d-4c3e-812a-0e86e46484d7:192.168.34.38:33689, logIndex=0, commits[76bba12e-2f74-4525-959f-7a651f40206a:c12, 398b50df-cdaa-4e1b-b32c-4c6ed0083aaf:c10, b12fb8a7-710d-4c3e-812a-0e86e46484d7:c12]
2019-09-12 13:13:02,166 [EventQueue-PipelineActionsForPipelineActionHandler] ERROR pipeline.PipelineActionHandler (PipelineActionHandler.java:onMessage(60)) - Received pipeline action CLOSE for Pipeline[ Id: a707ec57-7eab-4057-848f-2679eb29dcdf, Nodes: 398b50df-cdaa-4e1b-b32c-4c6ed0083aaf{ip: 192.168.34.38, host: pr-hdds-2007-65vhz-3510356991, networkLocation: /default-rack, certSerialId: null}b12fb8a7-710d-4c3e-812a-0e86e46484d7{ip: 192.168.34.38, host: pr-hdds-2007-65vhz-3510356991, networkLocation: /default-rack, certSerialId: null}76bba12e-2f74-4525-959f-7a651f40206a{ip: 192.168.34.38, host: pr-hdds-2007-65vhz-3510356991, networkLocation: /default-rack, certSerialId: null}, Type:RATIS, Factor:THREE, State:CLOSED] from datanode b12fb8a7-710d-4c3e-812a-0e86e46484d7{ip: 192.168.34.38, host: pr-hdds-2007-65vhz-3510356991, networkLocation: /default-rack, certSerialId: null}. Reason : b12fb8a7-710d-4c3e-812a-0e86e46484d7 has not seen follower/s 398b50df-cdaa-4e1b-b32c-4c6ed0083aaf for 146749ms 76bba12e-2f74-4525-959f-7a651f40206a for 146749ms
2019-09-12 13:13:02,166 [EventQueue-PipelineActionsForPipelineActionHandler] INFO  pipeline.SCMPipelineManager (SCMPipelineManager.java:finalizeAndDestroyPipeline(311)) - destroying pipeline:Pipeline[ Id: a707ec57-7eab-4057-848f-2679eb29dcdf, Nodes: 398b50df-cdaa-4e1b-b32c-4c6ed0083aaf{ip: 192.168.34.38, host: pr-hdds-2007-65vhz-3510356991, networkLocation: /default-rack, certSerialId: null}b12fb8a7-710d-4c3e-812a-0e86e46484d7{ip: 192.168.34.38, host: pr-hdds-2007-65vhz-3510356991, networkLocation: /default-rack, certSerialId: null}76bba12e-2f74-4525-959f-7a651f40206a{ip: 192.168.34.38, host: pr-hdds-2007-65vhz-3510356991, networkLocation: /default-rack, certSerialId: null}, Type:RATIS, Factor:THREE, State:CLOSED]
2019-09-12 13:13:02,174 [java.util.concurrent.ThreadPoolExecutor$Worker@5c82ddc3[State = -1, empty queue]] WARN  server.GrpcLogAppender (GrpcLogAppender.java:timeoutAppendRequest(200)) - b12fb8a7-710d-4c3e-812a-0e86e46484d7@group-2679EB29DCDF->76bba12e-2f74-4525-959f-7a651f40206a-GrpcLogAppender: appendEntries Timeout, request=b12fb8a7-710d-4c3e-812a-0e86e46484d7->76bba12e-2f74-4525-959f-7a651f40206a#152-t1, previous=(t:1, i:19), leaderCommit=12, initializing? false, entries: <empty>
2019-09-12 13:13:02,176 [java.util.concurrent.ThreadPoolExecutor$Worker@558b229d[State = -1, empty queue]] WARN  server.GrpcLogAppender (GrpcLogAppender.java:timeoutAppendRequest(200)) - b12fb8a7-710d-4c3e-812a-0e86e46484d7@group-2679EB29DCDF->398b50df-cdaa-4e1b-b32c-4c6ed0083aaf-GrpcLogAppender: appendEntries Timeout, request=b12fb8a7-710d-4c3e-812a-0e86e46484d7->398b50df-cdaa-4e1b-b32c-4c6ed0083aaf#152-t1, previous=(t:1, i:19), leaderCommit=12, initializing? false, entries: <empty>
2019-09-12 13:13:04,176 [org.apache.ratis.server.impl.LogAppender$AppenderDaemon$$Lambda$485/1236579333@2bd839b] ERROR ratis.XceiverServerRatis (XceiverServerRatis.java:triggerPipelineClose(568)) - pipeline Action CLOSE  on pipeline PipelineID=a707ec57-7eab-4057-848f-2679eb29dcdf.Reason : b12fb8a7-710d-4c3e-812a-0e86e46484d7 has not seen follower/s 398b50df-cdaa-4e1b-b32c-4c6ed0083aaf for 149250ms 76bba12e-2f74-4525-959f-7a651f40206a for 149250ms
2019-09-12 13:13:04,177 [org.apache.ratis.server.impl.LogAppender$AppenderDaemon$$Lambda$485/1236579333@36b5ce93] ERROR ratis.XceiverServerRatis (XceiverServerRatis.java:triggerPipelineClose(568)) - pipeline Action CLOSE  on pipeline PipelineID=a707ec57-7eab-4057-848f-2679eb29dcdf.Reason : b12fb8a7-710d-4c3e-812a-0e86e46484d7 has not seen follower/s 398b50df-cdaa-4e1b-b32c-4c6ed0083aaf for 149251ms 76bba12e-2f74-4525-959f-7a651f40206a for 149251ms
2019-09-12 13:13:04,675 [java.util.concurrent.ThreadPoolExecutor$Worker@5c82ddc3[State = -1, empty queue]] WARN  server.GrpcLogAppender (GrpcLogAppender.java:timeoutAppendRequest(200)) - b12fb8a7-710d-4c3e-812a-0e86e46484d7@group-2679EB29DCDF->76bba12e-2f74-4525-959f-7a651f40206a-GrpcLogAppender: appendEntries Timeout, request=b12fb8a7-710d-4c3e-812a-0e86e46484d7->76bba12e-2f74-4525-959f-7a651f40206a#153-t1, previous=(t:1, i:19), leaderCommit=12, initializing? false, entries: <empty>
2019-09-12 13:13:04,677 [java.util.concurrent.ThreadPoolExecutor$Worker@558b229d[State = -1, empty queue]] WARN  server.GrpcLogAppender (GrpcLogAppender.java:timeoutAppendRequest(200)) - b12fb8a7-710d-4c3e-812a-0e86e46484d7@group-2679EB29DCDF->398b50df-cdaa-4e1b-b32c-4c6ed0083aaf-GrpcLogAppender: appendEntries Timeout, request=b12fb8a7-710d-4c3e-812a-0e86e46484d7->398b50df-cdaa-4e1b-b32c-4c6ed0083aaf#153-t1, previous=(t:1, i:19), leaderCommit=12, initializing? false, entries: <empty>
2019-09-12 13:13:04,990 [398b50df-cdaa-4e1b-b32c-4c6ed0083aaf@group-2679EB29DCDF-SegmentedRaftLogWorker] WARN  segmented.SegmentedRaftLogWorker (SegmentedRaftLogWorker.java:getFromFuture(90)) - Timeout 14/~
org.apache.ratis.protocol.TimeoutIOException: Timeout 10s: WriteLog:13: (t:1, i:13), STATEMACHINELOGENTRY, client-BDAEC2693858, cid=33-writeStateMachineData
	at org.apache.ratis.util.IOUtils.getFromFuture(IOUtils.java:87)
	at org.apache.ratis.server.raftlog.segmented.SegmentedRaftLogWorker$StateMachineDataPolicy.getFromFuture(SegmentedRaftLogWorker.java:87)
	at org.apache.ratis.server.raftlog.segmented.SegmentedRaftLogWorker$WriteLog.execute(SegmentedRaftLogWorker.java:477)
	at org.apache.ratis.server.raftlog.segmented.SegmentedRaftLogWorker.run(SegmentedRaftLogWorker.java:289)
	at java.lang.Thread.run(Thread.java:748)
Caused by: java.util.concurrent.TimeoutException
	at java.util.concurrent.CompletableFuture.timedGet(CompletableFuture.java:1771)
	at java.util.concurrent.CompletableFuture.get(CompletableFuture.java:1915)
	at org.apache.ratis.util.IOUtils.getFromFuture(IOUtils.java:79)
	... 4 more
2019-09-12 13:13:05,002 [76bba12e-2f74-4525-959f-7a651f40206a@group-2679EB29DCDF-SegmentedRaftLogWorker] WARN  segmented.SegmentedRaftLogWorker (SegmentedRaftLogWorker.java:getFromFuture(90)) - Timeout 14/~
org.apache.ratis.protocol.TimeoutIOException: Timeout 10s: WriteLog:13: (t:1, i:13), STATEMACHINELOGENTRY, client-BDAEC2693858, cid=33-writeStateMachineData
	at org.apache.ratis.util.IOUtils.getFromFuture(IOUtils.java:87)
	at org.apache.ratis.server.raftlog.segmented.SegmentedRaftLogWorker$StateMachineDataPolicy.getFromFuture(SegmentedRaftLogWorker.java:87)
	at org.apache.ratis.server.raftlog.segmented.SegmentedRaftLogWorker$WriteLog.execute(SegmentedRaftLogWorker.java:477)
	at org.apache.ratis.server.raftlog.segmented.SegmentedRaftLogWorker.run(SegmentedRaftLogWorker.java:289)
	at java.lang.Thread.run(Thread.java:748)
Caused by: java.util.concurrent.TimeoutException
	at java.util.concurrent.CompletableFuture.timedGet(CompletableFuture.java:1771)
	at java.util.concurrent.CompletableFuture.get(CompletableFuture.java:1915)
	at org.apache.ratis.util.IOUtils.getFromFuture(IOUtils.java:79)
	... 4 more
2019-09-12 13:13:05,042 [b12fb8a7-710d-4c3e-812a-0e86e46484d7@group-2679EB29DCDF-SegmentedRaftLogWorker] WARN  segmented.SegmentedRaftLogWorker (SegmentedRaftLogWorker.java:getFromFuture(90)) - Timeout 14/~
org.apache.ratis.protocol.TimeoutIOException: Timeout 10s: WriteLog:14: (t:1, i:14), STATEMACHINELOGENTRY, client-BDAEC2693858, cid=34-writeStateMachineData
	at org.apache.ratis.util.IOUtils.getFromFuture(IOUtils.java:87)
	at org.apache.ratis.server.raftlog.segmented.SegmentedRaftLogWorker$StateMachineDataPolicy.getFromFuture(SegmentedRaftLogWorker.java:87)
	at org.apache.ratis.server.raftlog.segmented.SegmentedRaftLogWorker$WriteLog.execute(SegmentedRaftLogWorker.java:477)
	at org.apache.ratis.server.raftlog.segmented.SegmentedRaftLogWorker.run(SegmentedRaftLogWorker.java:289)
	at java.lang.Thread.run(Thread.java:748)
Caused by: java.util.concurrent.TimeoutException
	at java.util.concurrent.CompletableFuture.timedGet(CompletableFuture.java:1771)
	at java.util.concurrent.CompletableFuture.get(CompletableFuture.java:1915)
	at org.apache.ratis.util.IOUtils.getFromFuture(IOUtils.java:79)
	... 4 more
2019-09-12 13:13:05,167 [EventQueue-PipelineActionsForPipelineActionHandler] ERROR pipeline.PipelineActionHandler (PipelineActionHandler.java:onMessage(60)) - Received pipeline action CLOSE for Pipeline[ Id: a707ec57-7eab-4057-848f-2679eb29dcdf, Nodes: 398b50df-cdaa-4e1b-b32c-4c6ed0083aaf{ip: 192.168.34.38, host: pr-hdds-2007-65vhz-3510356991, networkLocation: /default-rack, certSerialId: null}b12fb8a7-710d-4c3e-812a-0e86e46484d7{ip: 192.168.34.38, host: pr-hdds-2007-65vhz-3510356991, networkLocation: /default-rack, certSerialId: null}76bba12e-2f74-4525-959f-7a651f40206a{ip: 192.168.34.38, host: pr-hdds-2007-65vhz-3510356991, networkLocation: /default-rack, certSerialId: null}, Type:RATIS, Factor:THREE, State:CLOSED] from datanode b12fb8a7-710d-4c3e-812a-0e86e46484d7{ip: 192.168.34.38, host: pr-hdds-2007-65vhz-3510356991, networkLocation: /default-rack, certSerialId: null}. Reason : b12fb8a7-710d-4c3e-812a-0e86e46484d7 has not seen follower/s 398b50df-cdaa-4e1b-b32c-4c6ed0083aaf for 149250ms 76bba12e-2f74-4525-959f-7a651f40206a for 149250ms
2019-09-12 13:13:05,168 [EventQueue-PipelineActionsForPipelineActionHandler] INFO  pipeline.SCMPipelineManager (SCMPipelineManager.java:finalizeAndDestroyPipeline(311)) - destroying pipeline:Pipeline[ Id: a707ec57-7eab-4057-848f-2679eb29dcdf, Nodes: 398b50df-cdaa-4e1b-b32c-4c6ed0083aaf{ip: 192.168.34.38, host: pr-hdds-2007-65vhz-3510356991, networkLocation: /default-rack, certSerialId: null}b12fb8a7-710d-4c3e-812a-0e86e46484d7{ip: 192.168.34.38, host: pr-hdds-2007-65vhz-3510356991, networkLocation: /default-rack, certSerialId: null}76bba12e-2f74-4525-959f-7a651f40206a{ip: 192.168.34.38, host: pr-hdds-2007-65vhz-3510356991, networkLocation: /default-rack, certSerialId: null}, Type:RATIS, Factor:THREE, State:CLOSED]
2019-09-12 13:13:06,677 [org.apache.ratis.server.impl.LogAppender$AppenderDaemon$$Lambda$485/1236579333@2bd839b] ERROR ratis.XceiverServerRatis (XceiverServerRatis.java:triggerPipelineClose(568)) - pipeline Action CLOSE  on pipeline PipelineID=a707ec57-7eab-4057-848f-2679eb29dcdf.Reason : b12fb8a7-710d-4c3e-812a-0e86e46484d7 has not seen follower/s 398b50df-cdaa-4e1b-b32c-4c6ed0083aaf for 151751ms 76bba12e-2f74-4525-959f-7a651f40206a for 151751ms
2019-09-12 13:13:06,678 [org.apache.ratis.server.impl.LogAppender$AppenderDaemon$$Lambda$485/1236579333@36b5ce93] ERROR ratis.XceiverServerRatis (XceiverServerRatis.java:triggerPipelineClose(568)) - pipeline Action CLOSE  on pipeline PipelineID=a707ec57-7eab-4057-848f-2679eb29dcdf.Reason : b12fb8a7-710d-4c3e-812a-0e86e46484d7 has not seen follower/s 398b50df-cdaa-4e1b-b32c-4c6ed0083aaf for 151752ms 76bba12e-2f74-4525-959f-7a651f40206a for 151752ms
2019-09-12 13:13:06,728 [grpc-default-executor-6] INFO  client.GrpcClientProtocolClient (GrpcClientProtocolClient.java:onNext(264)) - client-BDAEC2693858->398b50df-cdaa-4e1b-b32c-4c6ed0083aaf: receive RaftClientReply:client-BDAEC2693858->398b50df-cdaa-4e1b-b32c-4c6ed0083aaf@group-2679EB29DCDF, cid=33, FAILED org.apache.ratis.protocol.NotLeaderException: Server 398b50df-cdaa-4e1b-b32c-4c6ed0083aaf@group-2679EB29DCDF is not the leader b12fb8a7-710d-4c3e-812a-0e86e46484d7:192.168.34.38:33689, logIndex=0, commits[398b50df-cdaa-4e1b-b32c-4c6ed0083aaf:c12, b12fb8a7-710d-4c3e-812a-0e86e46484d7:c12, 76bba12e-2f74-4525-959f-7a651f40206a:c10]
2019-09-12 13:13:07,167 [EventQueue-PipelineActionsForPipelineActionHandler] ERROR pipeline.PipelineActionHandler (PipelineActionHandler.java:onMessage(60)) - Received pipeline action CLOSE for Pipeline[ Id: a707ec57-7eab-4057-848f-2679eb29dcdf, Nodes: 398b50df-cdaa-4e1b-b32c-4c6ed0083aaf{ip: 192.168.34.38, host: pr-hdds-2007-65vhz-3510356991, networkLocation: /default-rack, certSerialId: null}b12fb8a7-710d-4c3e-812a-0e86e46484d7{ip: 192.168.34.38, host: pr-hdds-2007-65vhz-3510356991, networkLocation: /default-rack, certSerialId: null}76bba12e-2f74-4525-959f-7a651f40206a{ip: 192.168.34.38, host: pr-hdds-2007-65vhz-3510356991, networkLocation: /default-rack, certSerialId: null}, Type:RATIS, Factor:THREE, State:CLOSED] from datanode b12fb8a7-710d-4c3e-812a-0e86e46484d7{ip: 192.168.34.38, host: pr-hdds-2007-65vhz-3510356991, networkLocation: /default-rack, certSerialId: null}. Reason : b12fb8a7-710d-4c3e-812a-0e86e46484d7 has not seen follower/s 398b50df-cdaa-4e1b-b32c-4c6ed0083aaf for 151751ms 76bba12e-2f74-4525-959f-7a651f40206a for 151751ms
2019-09-12 13:13:07,167 [EventQueue-PipelineActionsForPipelineActionHandler] INFO  pipeline.SCMPipelineManager (SCMPipelineManager.java:finalizeAndDestroyPipeline(311)) - destroying pipeline:Pipeline[ Id: a707ec57-7eab-4057-848f-2679eb29dcdf, Nodes: 398b50df-cdaa-4e1b-b32c-4c6ed0083aaf{ip: 192.168.34.38, host: pr-hdds-2007-65vhz-3510356991, networkLocation: /default-rack, certSerialId: null}b12fb8a7-710d-4c3e-812a-0e86e46484d7{ip: 192.168.34.38, host: pr-hdds-2007-65vhz-3510356991, networkLocation: /default-rack, certSerialId: null}76bba12e-2f74-4525-959f-7a651f40206a{ip: 192.168.34.38, host: pr-hdds-2007-65vhz-3510356991, networkLocation: /default-rack, certSerialId: null}, Type:RATIS, Factor:THREE, State:CLOSED]
2019-09-12 13:13:07,176 [java.util.concurrent.ThreadPoolExecutor$Worker@5c82ddc3[State = -1, empty queue]] WARN  server.GrpcLogAppender (GrpcLogAppender.java:timeoutAppendRequest(200)) - b12fb8a7-710d-4c3e-812a-0e86e46484d7@group-2679EB29DCDF->76bba12e-2f74-4525-959f-7a651f40206a-GrpcLogAppender: appendEntries Timeout, request=b12fb8a7-710d-4c3e-812a-0e86e46484d7->76bba12e-2f74-4525-959f-7a651f40206a#154-t1, previous=(t:1, i:19), leaderCommit=12, initializing? false, entries: <empty>
2019-09-12 13:13:07,177 [java.util.concurrent.ThreadPoolExecutor$Worker@558b229d[State = -1, empty queue]] WARN  server.GrpcLogAppender (GrpcLogAppender.java:timeoutAppendRequest(200)) - b12fb8a7-710d-4c3e-812a-0e86e46484d7@group-2679EB29DCDF->398b50df-cdaa-4e1b-b32c-4c6ed0083aaf-GrpcLogAppender: appendEntries Timeout, request=b12fb8a7-710d-4c3e-812a-0e86e46484d7->398b50df-cdaa-4e1b-b32c-4c6ed0083aaf#154-t1, previous=(t:1, i:19), leaderCommit=12, initializing? false, entries: <empty>
2019-09-12 13:13:09,178 [org.apache.ratis.server.impl.LogAppender$AppenderDaemon$$Lambda$485/1236579333@36b5ce93] ERROR ratis.XceiverServerRatis (XceiverServerRatis.java:triggerPipelineClose(568)) - pipeline Action CLOSE  on pipeline PipelineID=a707ec57-7eab-4057-848f-2679eb29dcdf.Reason : b12fb8a7-710d-4c3e-812a-0e86e46484d7 has not seen follower/s 398b50df-cdaa-4e1b-b32c-4c6ed0083aaf for 154252ms 76bba12e-2f74-4525-959f-7a651f40206a for 154253ms
2019-09-12 13:13:09,178 [org.apache.ratis.server.impl.LogAppender$AppenderDaemon$$Lambda$485/1236579333@2bd839b] ERROR ratis.XceiverServerRatis (XceiverServerRatis.java:triggerPipelineClose(568)) - pipeline Action CLOSE  on pipeline PipelineID=a707ec57-7eab-4057-848f-2679eb29dcdf.Reason : b12fb8a7-710d-4c3e-812a-0e86e46484d7 has not seen follower/s 398b50df-cdaa-4e1b-b32c-4c6ed0083aaf for 154252ms 76bba12e-2f74-4525-959f-7a651f40206a for 154253ms
2019-09-12 13:13:09,677 [java.util.concurrent.ThreadPoolExecutor$Worker@5c82ddc3[State = -1, empty queue]] WARN  server.GrpcLogAppender (GrpcLogAppender.java:timeoutAppendRequest(200)) - b12fb8a7-710d-4c3e-812a-0e86e46484d7@group-2679EB29DCDF->76bba12e-2f74-4525-959f-7a651f40206a-GrpcLogAppender: appendEntries Timeout, request=b12fb8a7-710d-4c3e-812a-0e86e46484d7->76bba12e-2f74-4525-959f-7a651f40206a#155-t1, previous=(t:1, i:19), leaderCommit=12, initializing? false, entries: <empty>
2019-09-12 13:13:09,678 [java.util.concurrent.ThreadPoolExecutor$Worker@558b229d[State = -1, empty queue]] WARN  server.GrpcLogAppender (GrpcLogAppender.java:timeoutAppendRequest(200)) - b12fb8a7-710d-4c3e-812a-0e86e46484d7@group-2679EB29DCDF->398b50df-cdaa-4e1b-b32c-4c6ed0083aaf-GrpcLogAppender: appendEntries Timeout, request=b12fb8a7-710d-4c3e-812a-0e86e46484d7->398b50df-cdaa-4e1b-b32c-4c6ed0083aaf#155-t1, previous=(t:1, i:19), leaderCommit=12, initializing? false, entries: <empty>
2019-09-12 13:13:10,168 [EventQueue-PipelineActionsForPipelineActionHandler] ERROR pipeline.PipelineActionHandler (PipelineActionHandler.java:onMessage(60)) - Received pipeline action CLOSE for Pipeline[ Id: a707ec57-7eab-4057-848f-2679eb29dcdf, Nodes: 398b50df-cdaa-4e1b-b32c-4c6ed0083aaf{ip: 192.168.34.38, host: pr-hdds-2007-65vhz-3510356991, networkLocation: /default-rack, certSerialId: null}b12fb8a7-710d-4c3e-812a-0e86e46484d7{ip: 192.168.34.38, host: pr-hdds-2007-65vhz-3510356991, networkLocation: /default-rack, certSerialId: null}76bba12e-2f74-4525-959f-7a651f40206a{ip: 192.168.34.38, host: pr-hdds-2007-65vhz-3510356991, networkLocation: /default-rack, certSerialId: null}, Type:RATIS, Factor:THREE, State:CLOSED] from datanode b12fb8a7-710d-4c3e-812a-0e86e46484d7{ip: 192.168.34.38, host: pr-hdds-2007-65vhz-3510356991, networkLocation: /default-rack, certSerialId: null}. Reason : b12fb8a7-710d-4c3e-812a-0e86e46484d7 has not seen follower/s 398b50df-cdaa-4e1b-b32c-4c6ed0083aaf for 154252ms 76bba12e-2f74-4525-959f-7a651f40206a for 154253ms
2019-09-12 13:13:10,168 [EventQueue-PipelineActionsForPipelineActionHandler] INFO  pipeline.SCMPipelineManager (SCMPipelineManager.java:finalizeAndDestroyPipeline(311)) - destroying pipeline:Pipeline[ Id: a707ec57-7eab-4057-848f-2679eb29dcdf, Nodes: 398b50df-cdaa-4e1b-b32c-4c6ed0083aaf{ip: 192.168.34.38, host: pr-hdds-2007-65vhz-3510356991, networkLocation: /default-rack, certSerialId: null}b12fb8a7-710d-4c3e-812a-0e86e46484d7{ip: 192.168.34.38, host: pr-hdds-2007-65vhz-3510356991, networkLocation: /default-rack, certSerialId: null}76bba12e-2f74-4525-959f-7a651f40206a{ip: 192.168.34.38, host: pr-hdds-2007-65vhz-3510356991, networkLocation: /default-rack, certSerialId: null}, Type:RATIS, Factor:THREE, State:CLOSED]
2019-09-12 13:13:11,680 [org.apache.ratis.server.impl.LogAppender$AppenderDaemon$$Lambda$485/1236579333@2bd839b] ERROR ratis.XceiverServerRatis (XceiverServerRatis.java:triggerPipelineClose(568)) - pipeline Action CLOSE  on pipeline PipelineID=a707ec57-7eab-4057-848f-2679eb29dcdf.Reason : b12fb8a7-710d-4c3e-812a-0e86e46484d7 has not seen follower/s 398b50df-cdaa-4e1b-b32c-4c6ed0083aaf for 156753ms 76bba12e-2f74-4525-959f-7a651f40206a for 156754ms
2019-09-12 13:13:11,680 [org.apache.ratis.server.impl.LogAppender$AppenderDaemon$$Lambda$485/1236579333@36b5ce93] ERROR ratis.XceiverServerRatis (XceiverServerRatis.java:triggerPipelineClose(568)) - pipeline Action CLOSE  on pipeline PipelineID=a707ec57-7eab-4057-848f-2679eb29dcdf.Reason : b12fb8a7-710d-4c3e-812a-0e86e46484d7 has not seen follower/s 398b50df-cdaa-4e1b-b32c-4c6ed0083aaf for 156753ms 76bba12e-2f74-4525-959f-7a651f40206a for 156754ms
2019-09-12 13:13:11,802 [grpc-default-executor-6] INFO  client.GrpcClientProtocolClient (GrpcClientProtocolClient.java:onNext(264)) - client-BDAEC2693858->76bba12e-2f74-4525-959f-7a651f40206a: receive RaftClientReply:client-BDAEC2693858->76bba12e-2f74-4525-959f-7a651f40206a@group-2679EB29DCDF, cid=33, FAILED org.apache.ratis.protocol.NotLeaderException: Server 76bba12e-2f74-4525-959f-7a651f40206a@group-2679EB29DCDF is not the leader b12fb8a7-710d-4c3e-812a-0e86e46484d7:192.168.34.38:33689, logIndex=0, commits[76bba12e-2f74-4525-959f-7a651f40206a:c12, 398b50df-cdaa-4e1b-b32c-4c6ed0083aaf:c10, b12fb8a7-710d-4c3e-812a-0e86e46484d7:c12]
2019-09-12 13:13:12,168 [EventQueue-PipelineActionsForPipelineActionHandler] ERROR pipeline.PipelineActionHandler (PipelineActionHandler.java:onMessage(60)) - Received pipeline action CLOSE for Pipeline[ Id: a707ec57-7eab-4057-848f-2679eb29dcdf, Nodes: 398b50df-cdaa-4e1b-b32c-4c6ed0083aaf{ip: 192.168.34.38, host: pr-hdds-2007-65vhz-3510356991, networkLocation: /default-rack, certSerialId: null}b12fb8a7-710d-4c3e-812a-0e86e46484d7{ip: 192.168.34.38, host: pr-hdds-2007-65vhz-3510356991, networkLocation: /default-rack, certSerialId: null}76bba12e-2f74-4525-959f-7a651f40206a{ip: 192.168.34.38, host: pr-hdds-2007-65vhz-3510356991, networkLocation: /default-rack, certSerialId: null}, Type:RATIS, Factor:THREE, State:CLOSED] from datanode b12fb8a7-710d-4c3e-812a-0e86e46484d7{ip: 192.168.34.38, host: pr-hdds-2007-65vhz-3510356991, networkLocation: /default-rack, certSerialId: null}. Reason : b12fb8a7-710d-4c3e-812a-0e86e46484d7 has not seen follower/s 398b50df-cdaa-4e1b-b32c-4c6ed0083aaf for 156753ms 76bba12e-2f74-4525-959f-7a651f40206a for 156754ms
2019-09-12 13:13:12,168 [EventQueue-PipelineActionsForPipelineActionHandler] INFO  pipeline.SCMPipelineManager (SCMPipelineManager.java:finalizeAndDestroyPipeline(311)) - destroying pipeline:Pipeline[ Id: a707ec57-7eab-4057-848f-2679eb29dcdf, Nodes: 398b50df-cdaa-4e1b-b32c-4c6ed0083aaf{ip: 192.168.34.38, host: pr-hdds-2007-65vhz-3510356991, networkLocation: /default-rack, certSerialId: null}b12fb8a7-710d-4c3e-812a-0e86e46484d7{ip: 192.168.34.38, host: pr-hdds-2007-65vhz-3510356991, networkLocation: /default-rack, certSerialId: null}76bba12e-2f74-4525-959f-7a651f40206a{ip: 192.168.34.38, host: pr-hdds-2007-65vhz-3510356991, networkLocation: /default-rack, certSerialId: null}, Type:RATIS, Factor:THREE, State:CLOSED]
2019-09-12 13:13:12,178 [java.util.concurrent.ThreadPoolExecutor$Worker@5c82ddc3[State = -1, empty queue]] WARN  server.GrpcLogAppender (GrpcLogAppender.java:timeoutAppendRequest(200)) - b12fb8a7-710d-4c3e-812a-0e86e46484d7@group-2679EB29DCDF->76bba12e-2f74-4525-959f-7a651f40206a-GrpcLogAppender: appendEntries Timeout, request=b12fb8a7-710d-4c3e-812a-0e86e46484d7->76bba12e-2f74-4525-959f-7a651f40206a#156-t1, previous=(t:1, i:19), leaderCommit=12, initializing? false, entries: <empty>
2019-09-12 13:13:12,178 [java.util.concurrent.ThreadPoolExecutor$Worker@558b229d[State = -1, empty queue]] WARN  server.GrpcLogAppender (GrpcLogAppender.java:timeoutAppendRequest(200)) - b12fb8a7-710d-4c3e-812a-0e86e46484d7@group-2679EB29DCDF->398b50df-cdaa-4e1b-b32c-4c6ed0083aaf-GrpcLogAppender: appendEntries Timeout, request=b12fb8a7-710d-4c3e-812a-0e86e46484d7->398b50df-cdaa-4e1b-b32c-4c6ed0083aaf#156-t1, previous=(t:1, i:19), leaderCommit=12, initializing? false, entries: <empty>
2019-09-12 13:13:14,181 [org.apache.ratis.server.impl.LogAppender$AppenderDaemon$$Lambda$485/1236579333@36b5ce93] ERROR ratis.XceiverServerRatis (XceiverServerRatis.java:triggerPipelineClose(568)) - pipeline Action CLOSE  on pipeline PipelineID=a707ec57-7eab-4057-848f-2679eb29dcdf.Reason : b12fb8a7-710d-4c3e-812a-0e86e46484d7 has not seen follower/s 398b50df-cdaa-4e1b-b32c-4c6ed0083aaf for 159255ms 76bba12e-2f74-4525-959f-7a651f40206a for 159255ms
2019-09-12 13:13:14,181 [org.apache.ratis.server.impl.LogAppender$AppenderDaemon$$Lambda$485/1236579333@2bd839b] ERROR ratis.XceiverServerRatis (XceiverServerRatis.java:triggerPipelineClose(568)) - pipeline Action CLOSE  on pipeline PipelineID=a707ec57-7eab-4057-848f-2679eb29dcdf.Reason : b12fb8a7-710d-4c3e-812a-0e86e46484d7 has not seen follower/s 398b50df-cdaa-4e1b-b32c-4c6ed0083aaf for 159255ms 76bba12e-2f74-4525-959f-7a651f40206a for 159255ms
2019-09-12 13:13:14,680 [java.util.concurrent.ThreadPoolExecutor$Worker@558b229d[State = -1, empty queue]] WARN  server.GrpcLogAppender (GrpcLogAppender.java:timeoutAppendRequest(200)) - b12fb8a7-710d-4c3e-812a-0e86e46484d7@group-2679EB29DCDF->398b50df-cdaa-4e1b-b32c-4c6ed0083aaf-GrpcLogAppender: appendEntries Timeout, request=b12fb8a7-710d-4c3e-812a-0e86e46484d7->398b50df-cdaa-4e1b-b32c-4c6ed0083aaf#157-t1, previous=(t:1, i:19), leaderCommit=12, initializing? false, entries: <empty>
2019-09-12 13:13:14,680 [java.util.concurrent.ThreadPoolExecutor$Worker@5c82ddc3[State = -1, empty queue]] WARN  server.GrpcLogAppender (GrpcLogAppender.java:timeoutAppendRequest(200)) - b12fb8a7-710d-4c3e-812a-0e86e46484d7@group-2679EB29DCDF->76bba12e-2f74-4525-959f-7a651f40206a-GrpcLogAppender: appendEntries Timeout, request=b12fb8a7-710d-4c3e-812a-0e86e46484d7->76bba12e-2f74-4525-959f-7a651f40206a#157-t1, previous=(t:1, i:19), leaderCommit=12, initializing? false, entries: <empty>
2019-09-12 13:13:14,991 [398b50df-cdaa-4e1b-b32c-4c6ed0083aaf@group-2679EB29DCDF-SegmentedRaftLogWorker] WARN  segmented.SegmentedRaftLogWorker (SegmentedRaftLogWorker.java:getFromFuture(90)) - Timeout 15/~
org.apache.ratis.protocol.TimeoutIOException: Timeout 10s: WriteLog:13: (t:1, i:13), STATEMACHINELOGENTRY, client-BDAEC2693858, cid=33-writeStateMachineData
	at org.apache.ratis.util.IOUtils.getFromFuture(IOUtils.java:87)
	at org.apache.ratis.server.raftlog.segmented.SegmentedRaftLogWorker$StateMachineDataPolicy.getFromFuture(SegmentedRaftLogWorker.java:87)
	at org.apache.ratis.server.raftlog.segmented.SegmentedRaftLogWorker$WriteLog.execute(SegmentedRaftLogWorker.java:477)
	at org.apache.ratis.server.raftlog.segmented.SegmentedRaftLogWorker.run(SegmentedRaftLogWorker.java:289)
	at java.lang.Thread.run(Thread.java:748)
Caused by: java.util.concurrent.TimeoutException
	at java.util.concurrent.CompletableFuture.timedGet(CompletableFuture.java:1771)
	at java.util.concurrent.CompletableFuture.get(CompletableFuture.java:1915)
	at org.apache.ratis.util.IOUtils.getFromFuture(IOUtils.java:79)
	... 4 more
2019-09-12 13:13:15,003 [76bba12e-2f74-4525-959f-7a651f40206a@group-2679EB29DCDF-SegmentedRaftLogWorker] WARN  segmented.SegmentedRaftLogWorker (SegmentedRaftLogWorker.java:getFromFuture(90)) - Timeout 15/~
org.apache.ratis.protocol.TimeoutIOException: Timeout 10s: WriteLog:13: (t:1, i:13), STATEMACHINELOGENTRY, client-BDAEC2693858, cid=33-writeStateMachineData
	at org.apache.ratis.util.IOUtils.getFromFuture(IOUtils.java:87)
	at org.apache.ratis.server.raftlog.segmented.SegmentedRaftLogWorker$StateMachineDataPolicy.getFromFuture(SegmentedRaftLogWorker.java:87)
	at org.apache.ratis.server.raftlog.segmented.SegmentedRaftLogWorker$WriteLog.execute(SegmentedRaftLogWorker.java:477)
	at org.apache.ratis.server.raftlog.segmented.SegmentedRaftLogWorker.run(SegmentedRaftLogWorker.java:289)
	at java.lang.Thread.run(Thread.java:748)
Caused by: java.util.concurrent.TimeoutException
	at java.util.concurrent.CompletableFuture.timedGet(CompletableFuture.java:1771)
	at java.util.concurrent.CompletableFuture.get(CompletableFuture.java:1915)
	at org.apache.ratis.util.IOUtils.getFromFuture(IOUtils.java:79)
	... 4 more
2019-09-12 13:13:15,043 [b12fb8a7-710d-4c3e-812a-0e86e46484d7@group-2679EB29DCDF-SegmentedRaftLogWorker] WARN  segmented.SegmentedRaftLogWorker (SegmentedRaftLogWorker.java:getFromFuture(90)) - Timeout 15/~
org.apache.ratis.protocol.TimeoutIOException: Timeout 10s: WriteLog:14: (t:1, i:14), STATEMACHINELOGENTRY, client-BDAEC2693858, cid=34-writeStateMachineData
	at org.apache.ratis.util.IOUtils.getFromFuture(IOUtils.java:87)
	at org.apache.ratis.server.raftlog.segmented.SegmentedRaftLogWorker$StateMachineDataPolicy.getFromFuture(SegmentedRaftLogWorker.java:87)
	at org.apache.ratis.server.raftlog.segmented.SegmentedRaftLogWorker$WriteLog.execute(SegmentedRaftLogWorker.java:477)
	at org.apache.ratis.server.raftlog.segmented.SegmentedRaftLogWorker.run(SegmentedRaftLogWorker.java:289)
	at java.lang.Thread.run(Thread.java:748)
Caused by: java.util.concurrent.TimeoutException
	at java.util.concurrent.CompletableFuture.timedGet(CompletableFuture.java:1771)
	at java.util.concurrent.CompletableFuture.get(CompletableFuture.java:1915)
	at org.apache.ratis.util.IOUtils.getFromFuture(IOUtils.java:79)
	... 4 more
2019-09-12 13:13:15,168 [EventQueue-PipelineActionsForPipelineActionHandler] ERROR pipeline.PipelineActionHandler (PipelineActionHandler.java:onMessage(60)) - Received pipeline action CLOSE for Pipeline[ Id: a707ec57-7eab-4057-848f-2679eb29dcdf, Nodes: 398b50df-cdaa-4e1b-b32c-4c6ed0083aaf{ip: 192.168.34.38, host: pr-hdds-2007-65vhz-3510356991, networkLocation: /default-rack, certSerialId: null}b12fb8a7-710d-4c3e-812a-0e86e46484d7{ip: 192.168.34.38, host: pr-hdds-2007-65vhz-3510356991, networkLocation: /default-rack, certSerialId: null}76bba12e-2f74-4525-959f-7a651f40206a{ip: 192.168.34.38, host: pr-hdds-2007-65vhz-3510356991, networkLocation: /default-rack, certSerialId: null}, Type:RATIS, Factor:THREE, State:CLOSED] from datanode b12fb8a7-710d-4c3e-812a-0e86e46484d7{ip: 192.168.34.38, host: pr-hdds-2007-65vhz-3510356991, networkLocation: /default-rack, certSerialId: null}. Reason : b12fb8a7-710d-4c3e-812a-0e86e46484d7 has not seen follower/s 398b50df-cdaa-4e1b-b32c-4c6ed0083aaf for 159255ms 76bba12e-2f74-4525-959f-7a651f40206a for 159255ms
2019-09-12 13:13:15,168 [EventQueue-PipelineActionsForPipelineActionHandler] INFO  pipeline.SCMPipelineManager (SCMPipelineManager.java:finalizeAndDestroyPipeline(311)) - destroying pipeline:Pipeline[ Id: a707ec57-7eab-4057-848f-2679eb29dcdf, Nodes: 398b50df-cdaa-4e1b-b32c-4c6ed0083aaf{ip: 192.168.34.38, host: pr-hdds-2007-65vhz-3510356991, networkLocation: /default-rack, certSerialId: null}b12fb8a7-710d-4c3e-812a-0e86e46484d7{ip: 192.168.34.38, host: pr-hdds-2007-65vhz-3510356991, networkLocation: /default-rack, certSerialId: null}76bba12e-2f74-4525-959f-7a651f40206a{ip: 192.168.34.38, host: pr-hdds-2007-65vhz-3510356991, networkLocation: /default-rack, certSerialId: null}, Type:RATIS, Factor:THREE, State:CLOSED]
2019-09-12 13:13:16,682 [org.apache.ratis.server.impl.LogAppender$AppenderDaemon$$Lambda$485/1236579333@2bd839b] ERROR ratis.XceiverServerRatis (XceiverServerRatis.java:triggerPipelineClose(568)) - pipeline Action CLOSE  on pipeline PipelineID=a707ec57-7eab-4057-848f-2679eb29dcdf.Reason : b12fb8a7-710d-4c3e-812a-0e86e46484d7 has not seen follower/s 398b50df-cdaa-4e1b-b32c-4c6ed0083aaf for 161756ms 76bba12e-2f74-4525-959f-7a651f40206a for 161756ms
2019-09-12 13:13:16,682 [org.apache.ratis.server.impl.LogAppender$AppenderDaemon$$Lambda$485/1236579333@36b5ce93] ERROR ratis.XceiverServerRatis (XceiverServerRatis.java:triggerPipelineClose(568)) - pipeline Action CLOSE  on pipeline PipelineID=a707ec57-7eab-4057-848f-2679eb29dcdf.Reason : b12fb8a7-710d-4c3e-812a-0e86e46484d7 has not seen follower/s 398b50df-cdaa-4e1b-b32c-4c6ed0083aaf for 161756ms 76bba12e-2f74-4525-959f-7a651f40206a for 161756ms
2019-09-12 13:13:16,846 [grpc-default-executor-6] INFO  client.GrpcClientProtocolClient (GrpcClientProtocolClient.java:onNext(264)) - client-BDAEC2693858->76bba12e-2f74-4525-959f-7a651f40206a: receive RaftClientReply:client-BDAEC2693858->76bba12e-2f74-4525-959f-7a651f40206a@group-2679EB29DCDF, cid=33, FAILED org.apache.ratis.protocol.NotLeaderException: Server 76bba12e-2f74-4525-959f-7a651f40206a@group-2679EB29DCDF is not the leader b12fb8a7-710d-4c3e-812a-0e86e46484d7:192.168.34.38:33689, logIndex=0, commits[76bba12e-2f74-4525-959f-7a651f40206a:c12, 398b50df-cdaa-4e1b-b32c-4c6ed0083aaf:c10, b12fb8a7-710d-4c3e-812a-0e86e46484d7:c12]
2019-09-12 13:13:17,167 [EventQueue-PipelineActionsForPipelineActionHandler] ERROR pipeline.PipelineActionHandler (PipelineActionHandler.java:onMessage(60)) - Received pipeline action CLOSE for Pipeline[ Id: a707ec57-7eab-4057-848f-2679eb29dcdf, Nodes: 398b50df-cdaa-4e1b-b32c-4c6ed0083aaf{ip: 192.168.34.38, host: pr-hdds-2007-65vhz-3510356991, networkLocation: /default-rack, certSerialId: null}b12fb8a7-710d-4c3e-812a-0e86e46484d7{ip: 192.168.34.38, host: pr-hdds-2007-65vhz-3510356991, networkLocation: /default-rack, certSerialId: null}76bba12e-2f74-4525-959f-7a651f40206a{ip: 192.168.34.38, host: pr-hdds-2007-65vhz-3510356991, networkLocation: /default-rack, certSerialId: null}, Type:RATIS, Factor:THREE, State:CLOSED] from datanode b12fb8a7-710d-4c3e-812a-0e86e46484d7{ip: 192.168.34.38, host: pr-hdds-2007-65vhz-3510356991, networkLocation: /default-rack, certSerialId: null}. Reason : b12fb8a7-710d-4c3e-812a-0e86e46484d7 has not seen follower/s 398b50df-cdaa-4e1b-b32c-4c6ed0083aaf for 161756ms 76bba12e-2f74-4525-959f-7a651f40206a for 161756ms
2019-09-12 13:13:17,168 [EventQueue-PipelineActionsForPipelineActionHandler] INFO  pipeline.SCMPipelineManager (SCMPipelineManager.java:finalizeAndDestroyPipeline(311)) - destroying pipeline:Pipeline[ Id: a707ec57-7eab-4057-848f-2679eb29dcdf, Nodes: 398b50df-cdaa-4e1b-b32c-4c6ed0083aaf{ip: 192.168.34.38, host: pr-hdds-2007-65vhz-3510356991, networkLocation: /default-rack, certSerialId: null}b12fb8a7-710d-4c3e-812a-0e86e46484d7{ip: 192.168.34.38, host: pr-hdds-2007-65vhz-3510356991, networkLocation: /default-rack, certSerialId: null}76bba12e-2f74-4525-959f-7a651f40206a{ip: 192.168.34.38, host: pr-hdds-2007-65vhz-3510356991, networkLocation: /default-rack, certSerialId: null}, Type:RATIS, Factor:THREE, State:CLOSED]
2019-09-12 13:13:17,181 [java.util.concurrent.ThreadPoolExecutor$Worker@5c82ddc3[State = -1, empty queue]] WARN  server.GrpcLogAppender (GrpcLogAppender.java:timeoutAppendRequest(200)) - b12fb8a7-710d-4c3e-812a-0e86e46484d7@group-2679EB29DCDF->76bba12e-2f74-4525-959f-7a651f40206a-GrpcLogAppender: appendEntries Timeout, request=b12fb8a7-710d-4c3e-812a-0e86e46484d7->76bba12e-2f74-4525-959f-7a651f40206a#158-t1, previous=(t:1, i:19), leaderCommit=12, initializing? false, entries: <empty>
2019-09-12 13:13:17,181 [java.util.concurrent.ThreadPoolExecutor$Worker@558b229d[State = -1, empty queue]] WARN  server.GrpcLogAppender (GrpcLogAppender.java:timeoutAppendRequest(200)) - b12fb8a7-710d-4c3e-812a-0e86e46484d7@group-2679EB29DCDF->398b50df-cdaa-4e1b-b32c-4c6ed0083aaf-GrpcLogAppender: appendEntries Timeout, request=b12fb8a7-710d-4c3e-812a-0e86e46484d7->398b50df-cdaa-4e1b-b32c-4c6ed0083aaf#158-t1, previous=(t:1, i:19), leaderCommit=12, initializing? false, entries: <empty>
2019-09-12 13:13:19,183 [org.apache.ratis.server.impl.LogAppender$AppenderDaemon$$Lambda$485/1236579333@2bd839b] ERROR ratis.XceiverServerRatis (XceiverServerRatis.java:triggerPipelineClose(568)) - pipeline Action CLOSE  on pipeline PipelineID=a707ec57-7eab-4057-848f-2679eb29dcdf.Reason : b12fb8a7-710d-4c3e-812a-0e86e46484d7 has not seen follower/s 398b50df-cdaa-4e1b-b32c-4c6ed0083aaf for 164257ms 76bba12e-2f74-4525-959f-7a651f40206a for 164257ms
2019-09-12 13:13:19,183 [org.apache.ratis.server.impl.LogAppender$AppenderDaemon$$Lambda$485/1236579333@36b5ce93] ERROR ratis.XceiverServerRatis (XceiverServerRatis.java:triggerPipelineClose(568)) - pipeline Action CLOSE  on pipeline PipelineID=a707ec57-7eab-4057-848f-2679eb29dcdf.Reason : b12fb8a7-710d-4c3e-812a-0e86e46484d7 has not seen follower/s 398b50df-cdaa-4e1b-b32c-4c6ed0083aaf for 164257ms 76bba12e-2f74-4525-959f-7a651f40206a for 164257ms
2019-09-12 13:13:19,682 [java.util.concurrent.ThreadPoolExecutor$Worker@5c82ddc3[State = -1, empty queue]] WARN  server.GrpcLogAppender (GrpcLogAppender.java:timeoutAppendRequest(200)) - b12fb8a7-710d-4c3e-812a-0e86e46484d7@group-2679EB29DCDF->76bba12e-2f74-4525-959f-7a651f40206a-GrpcLogAppender: appendEntries Timeout, request=b12fb8a7-710d-4c3e-812a-0e86e46484d7->76bba12e-2f74-4525-959f-7a651f40206a#159-t1, previous=(t:1, i:19), leaderCommit=12, initializing? false, entries: <empty>
2019-09-12 13:13:19,682 [java.util.concurrent.ThreadPoolExecutor$Worker@558b229d[State = -1, empty queue]] WARN  server.GrpcLogAppender (GrpcLogAppender.java:timeoutAppendRequest(200)) - b12fb8a7-710d-4c3e-812a-0e86e46484d7@group-2679EB29DCDF->398b50df-cdaa-4e1b-b32c-4c6ed0083aaf-GrpcLogAppender: appendEntries Timeout, request=b12fb8a7-710d-4c3e-812a-0e86e46484d7->398b50df-cdaa-4e1b-b32c-4c6ed0083aaf#159-t1, previous=(t:1, i:19), leaderCommit=12, initializing? false, entries: <empty>
2019-09-12 13:13:20,168 [EventQueue-PipelineActionsForPipelineActionHandler] ERROR pipeline.PipelineActionHandler (PipelineActionHandler.java:onMessage(60)) - Received pipeline action CLOSE for Pipeline[ Id: a707ec57-7eab-4057-848f-2679eb29dcdf, Nodes: 398b50df-cdaa-4e1b-b32c-4c6ed0083aaf{ip: 192.168.34.38, host: pr-hdds-2007-65vhz-3510356991, networkLocation: /default-rack, certSerialId: null}b12fb8a7-710d-4c3e-812a-0e86e46484d7{ip: 192.168.34.38, host: pr-hdds-2007-65vhz-3510356991, networkLocation: /default-rack, certSerialId: null}76bba12e-2f74-4525-959f-7a651f40206a{ip: 192.168.34.38, host: pr-hdds-2007-65vhz-3510356991, networkLocation: /default-rack, certSerialId: null}, Type:RATIS, Factor:THREE, State:CLOSED] from datanode b12fb8a7-710d-4c3e-812a-0e86e46484d7{ip: 192.168.34.38, host: pr-hdds-2007-65vhz-3510356991, networkLocation: /default-rack, certSerialId: null}. Reason : b12fb8a7-710d-4c3e-812a-0e86e46484d7 has not seen follower/s 398b50df-cdaa-4e1b-b32c-4c6ed0083aaf for 164257ms 76bba12e-2f74-4525-959f-7a651f40206a for 164257ms
2019-09-12 13:13:20,169 [EventQueue-PipelineActionsForPipelineActionHandler] INFO  pipeline.SCMPipelineManager (SCMPipelineManager.java:finalizeAndDestroyPipeline(311)) - destroying pipeline:Pipeline[ Id: a707ec57-7eab-4057-848f-2679eb29dcdf, Nodes: 398b50df-cdaa-4e1b-b32c-4c6ed0083aaf{ip: 192.168.34.38, host: pr-hdds-2007-65vhz-3510356991, networkLocation: /default-rack, certSerialId: null}b12fb8a7-710d-4c3e-812a-0e86e46484d7{ip: 192.168.34.38, host: pr-hdds-2007-65vhz-3510356991, networkLocation: /default-rack, certSerialId: null}76bba12e-2f74-4525-959f-7a651f40206a{ip: 192.168.34.38, host: pr-hdds-2007-65vhz-3510356991, networkLocation: /default-rack, certSerialId: null}, Type:RATIS, Factor:THREE, State:CLOSED]
2019-09-12 13:13:20,984 [grpc-default-executor-3] INFO  impl.RaftServerProxy (RaftServerProxy.java:addNew(89)) - 76bba12e-2f74-4525-959f-7a651f40206a: addNew group-0E486302271A:[398b50df-cdaa-4e1b-b32c-4c6ed0083aaf:192.168.34.38:42550, b12fb8a7-710d-4c3e-812a-0e86e46484d7:192.168.34.38:33689, 76bba12e-2f74-4525-959f-7a651f40206a:192.168.34.38:43843] returns group-0E486302271A:java.util.concurrent.CompletableFuture@2d979c61[Not completed]
2019-09-12 13:13:20,984 [grpc-default-executor-5] INFO  impl.RaftServerProxy (RaftServerProxy.java:addNew(89)) - 398b50df-cdaa-4e1b-b32c-4c6ed0083aaf: addNew group-0E486302271A:[398b50df-cdaa-4e1b-b32c-4c6ed0083aaf:192.168.34.38:42550, b12fb8a7-710d-4c3e-812a-0e86e46484d7:192.168.34.38:33689, 76bba12e-2f74-4525-959f-7a651f40206a:192.168.34.38:43843] returns group-0E486302271A:java.util.concurrent.CompletableFuture@122e9cf8[Not completed]
2019-09-12 13:13:20,984 [grpc-default-executor-6] INFO  impl.RaftServerProxy (RaftServerProxy.java:addNew(89)) - b12fb8a7-710d-4c3e-812a-0e86e46484d7: addNew group-0E486302271A:[398b50df-cdaa-4e1b-b32c-4c6ed0083aaf:192.168.34.38:42550, b12fb8a7-710d-4c3e-812a-0e86e46484d7:192.168.34.38:33689, 76bba12e-2f74-4525-959f-7a651f40206a:192.168.34.38:43843] returns group-0E486302271A:java.util.concurrent.CompletableFuture@44986c74[Not completed]
2019-09-12 13:13:20,987 [pool-77-thread-1] INFO  impl.RaftServerImpl (RaftServerImpl.java:<init>(95)) - 76bba12e-2f74-4525-959f-7a651f40206a: new RaftServerImpl for group-0E486302271A:[398b50df-cdaa-4e1b-b32c-4c6ed0083aaf:192.168.34.38:42550, b12fb8a7-710d-4c3e-812a-0e86e46484d7:192.168.34.38:33689, 76bba12e-2f74-4525-959f-7a651f40206a:192.168.34.38:43843] with ContainerStateMachine:uninitialized
2019-09-12 13:13:20,988 [pool-77-thread-1] INFO  server.RaftServerConfigKeys (ConfUtils.java:logGet(43)) - raft.server.rpc.timeout.min = 5s (custom)
2019-09-12 13:13:20,988 [pool-77-thread-1] INFO  server.RaftServerConfigKeys (ConfUtils.java:logGet(43)) - raft.server.rpc.timeout.max = 5200ms (custom)
2019-09-12 13:13:20,988 [pool-77-thread-1] INFO  server.RaftServerConfigKeys (ConfUtils.java:logGet(43)) - raft.server.rpcslowness.timeout = 120s (custom)
2019-09-12 13:13:20,988 [pool-77-thread-1] INFO  server.RaftServerConfigKeys (ConfUtils.java:logGet(43)) - raft.server.sleep.deviation.threshold = 300 (default)
2019-09-12 13:13:20,988 [pool-77-thread-1] INFO  server.RaftServerConfigKeys (ConfUtils.java:logGet(43)) - raft.server.log.appender.install.snapshot.enabled = false (custom)
2019-09-12 13:13:20,989 [pool-77-thread-1] INFO  impl.RaftServerImpl (ServerState.java:<init>(103)) - 76bba12e-2f74-4525-959f-7a651f40206a@group-0E486302271A: ConfigurationManager, init=-1: [398b50df-cdaa-4e1b-b32c-4c6ed0083aaf:192.168.34.38:42550, b12fb8a7-710d-4c3e-812a-0e86e46484d7:192.168.34.38:33689, 76bba12e-2f74-4525-959f-7a651f40206a:192.168.34.38:43843], old=null, confs=<EMPTY_MAP>
2019-09-12 13:13:20,989 [pool-57-thread-1] INFO  impl.RaftServerImpl (RaftServerImpl.java:<init>(95)) - b12fb8a7-710d-4c3e-812a-0e86e46484d7: new RaftServerImpl for group-0E486302271A:[398b50df-cdaa-4e1b-b32c-4c6ed0083aaf:192.168.34.38:42550, b12fb8a7-710d-4c3e-812a-0e86e46484d7:192.168.34.38:33689, 76bba12e-2f74-4525-959f-7a651f40206a:192.168.34.38:43843] with ContainerStateMachine:uninitialized
2019-09-12 13:13:20,989 [pool-57-thread-1] INFO  server.RaftServerConfigKeys (ConfUtils.java:logGet(43)) - raft.server.rpc.timeout.min = 5s (custom)
2019-09-12 13:13:20,989 [pool-57-thread-1] INFO  server.RaftServerConfigKeys (ConfUtils.java:logGet(43)) - raft.server.rpc.timeout.max = 5200ms (custom)
2019-09-12 13:13:20,989 [pool-77-thread-1] INFO  server.RaftServerConfigKeys (ConfUtils.java:logGet(43)) - raft.server.storage.dir = [/workdir/hadoop-ozone/integration-test/target/test-dir/MiniOzoneClusterImpl-03275018-1bf5-4a9a-9ddc-ea2af4b584a8/datanode-5/data/ratis] (custom)
2019-09-12 13:13:20,989 [pool-57-thread-1] INFO  server.RaftServerConfigKeys (ConfUtils.java:logGet(43)) - raft.server.rpcslowness.timeout = 120s (custom)
2019-09-12 13:13:20,990 [pool-57-thread-1] INFO  server.RaftServerConfigKeys (ConfUtils.java:logGet(43)) - raft.server.sleep.deviation.threshold = 300 (default)
2019-09-12 13:13:20,990 [pool-57-thread-1] INFO  server.RaftServerConfigKeys (ConfUtils.java:logGet(43)) - raft.server.log.appender.install.snapshot.enabled = false (custom)
2019-09-12 13:13:20,990 [pool-77-thread-1] INFO  storage.RaftStorageDirectory (RaftStorageDirectory.java:analyzeStorage(246)) - The storage directory /workdir/hadoop-ozone/integration-test/target/test-dir/MiniOzoneClusterImpl-03275018-1bf5-4a9a-9ddc-ea2af4b584a8/datanode-5/data/ratis/274e51a4-d0d8-41a1-b4d8-0e486302271a does not exist. Creating ...
2019-09-12 13:13:20,990 [pool-57-thread-1] INFO  impl.RaftServerImpl (ServerState.java:<init>(103)) - b12fb8a7-710d-4c3e-812a-0e86e46484d7@group-0E486302271A: ConfigurationManager, init=-1: [398b50df-cdaa-4e1b-b32c-4c6ed0083aaf:192.168.34.38:42550, b12fb8a7-710d-4c3e-812a-0e86e46484d7:192.168.34.38:33689, 76bba12e-2f74-4525-959f-7a651f40206a:192.168.34.38:43843], old=null, confs=<EMPTY_MAP>
2019-09-12 13:13:20,990 [pool-37-thread-1] INFO  impl.RaftServerImpl (RaftServerImpl.java:<init>(95)) - 398b50df-cdaa-4e1b-b32c-4c6ed0083aaf: new RaftServerImpl for group-0E486302271A:[398b50df-cdaa-4e1b-b32c-4c6ed0083aaf:192.168.34.38:42550, b12fb8a7-710d-4c3e-812a-0e86e46484d7:192.168.34.38:33689, 76bba12e-2f74-4525-959f-7a651f40206a:192.168.34.38:43843] with ContainerStateMachine:uninitialized
2019-09-12 13:13:20,990 [pool-57-thread-1] INFO  server.RaftServerConfigKeys (ConfUtils.java:logGet(43)) - raft.server.storage.dir = [/workdir/hadoop-ozone/integration-test/target/test-dir/MiniOzoneClusterImpl-03275018-1bf5-4a9a-9ddc-ea2af4b584a8/datanode-3/data/ratis] (custom)
2019-09-12 13:13:20,991 [pool-37-thread-1] INFO  server.RaftServerConfigKeys (ConfUtils.java:logGet(43)) - raft.server.rpc.timeout.min = 5s (custom)
2019-09-12 13:13:20,991 [pool-37-thread-1] INFO  server.RaftServerConfigKeys (ConfUtils.java:logGet(43)) - raft.server.rpc.timeout.max = 5200ms (custom)
2019-09-12 13:13:20,991 [pool-57-thread-1] INFO  storage.RaftStorageDirectory (RaftStorageDirectory.java:analyzeStorage(246)) - The storage directory /workdir/hadoop-ozone/integration-test/target/test-dir/MiniOzoneClusterImpl-03275018-1bf5-4a9a-9ddc-ea2af4b584a8/datanode-3/data/ratis/274e51a4-d0d8-41a1-b4d8-0e486302271a does not exist. Creating ...
2019-09-12 13:13:20,991 [pool-37-thread-1] INFO  server.RaftServerConfigKeys (ConfUtils.java:logGet(43)) - raft.server.rpcslowness.timeout = 120s (custom)
2019-09-12 13:13:20,991 [pool-37-thread-1] INFO  server.RaftServerConfigKeys (ConfUtils.java:logGet(43)) - raft.server.sleep.deviation.threshold = 300 (default)
2019-09-12 13:13:20,992 [pool-37-thread-1] INFO  server.RaftServerConfigKeys (ConfUtils.java:logGet(43)) - raft.server.log.appender.install.snapshot.enabled = false (custom)
2019-09-12 13:13:20,992 [pool-37-thread-1] INFO  impl.RaftServerImpl (ServerState.java:<init>(103)) - 398b50df-cdaa-4e1b-b32c-4c6ed0083aaf@group-0E486302271A: ConfigurationManager, init=-1: [398b50df-cdaa-4e1b-b32c-4c6ed0083aaf:192.168.34.38:42550, b12fb8a7-710d-4c3e-812a-0e86e46484d7:192.168.34.38:33689, 76bba12e-2f74-4525-959f-7a651f40206a:192.168.34.38:43843], old=null, confs=<EMPTY_MAP>
2019-09-12 13:13:20,992 [pool-37-thread-1] INFO  server.RaftServerConfigKeys (ConfUtils.java:logGet(43)) - raft.server.storage.dir = [/workdir/hadoop-ozone/integration-test/target/test-dir/MiniOzoneClusterImpl-03275018-1bf5-4a9a-9ddc-ea2af4b584a8/datanode-1/data/ratis] (custom)
2019-09-12 13:13:20,992 [pool-37-thread-1] INFO  storage.RaftStorageDirectory (RaftStorageDirectory.java:analyzeStorage(246)) - The storage directory /workdir/hadoop-ozone/integration-test/target/test-dir/MiniOzoneClusterImpl-03275018-1bf5-4a9a-9ddc-ea2af4b584a8/datanode-1/data/ratis/274e51a4-d0d8-41a1-b4d8-0e486302271a does not exist. Creating ...
2019-09-12 13:13:21,684 [org.apache.ratis.server.impl.LogAppender$AppenderDaemon$$Lambda$485/1236579333@2bd839b] ERROR ratis.XceiverServerRatis (XceiverServerRatis.java:triggerPipelineClose(568)) - pipeline Action CLOSE  on pipeline PipelineID=a707ec57-7eab-4057-848f-2679eb29dcdf.Reason : b12fb8a7-710d-4c3e-812a-0e86e46484d7 has not seen follower/s 398b50df-cdaa-4e1b-b32c-4c6ed0083aaf for 166758ms 76bba12e-2f74-4525-959f-7a651f40206a for 166758ms
2019-09-12 13:13:21,684 [org.apache.ratis.server.impl.LogAppender$AppenderDaemon$$Lambda$485/1236579333@36b5ce93] ERROR ratis.XceiverServerRatis (XceiverServerRatis.java:triggerPipelineClose(568)) - pipeline Action CLOSE  on pipeline PipelineID=a707ec57-7eab-4057-848f-2679eb29dcdf.Reason : b12fb8a7-710d-4c3e-812a-0e86e46484d7 has not seen follower/s 398b50df-cdaa-4e1b-b32c-4c6ed0083aaf for 166758ms 76bba12e-2f74-4525-959f-7a651f40206a for 166758ms
2019-09-12 13:13:21,892 [grpc-default-executor-6] INFO  client.GrpcClientProtocolClient (GrpcClientProtocolClient.java:onNext(264)) - client-BDAEC2693858->76bba12e-2f74-4525-959f-7a651f40206a: receive RaftClientReply:client-BDAEC2693858->76bba12e-2f74-4525-959f-7a651f40206a@group-2679EB29DCDF, cid=33, FAILED org.apache.ratis.protocol.NotLeaderException: Server 76bba12e-2f74-4525-959f-7a651f40206a@group-2679EB29DCDF is not the leader b12fb8a7-710d-4c3e-812a-0e86e46484d7:192.168.34.38:33689, logIndex=0, commits[76bba12e-2f74-4525-959f-7a651f40206a:c12, 398b50df-cdaa-4e1b-b32c-4c6ed0083aaf:c10, b12fb8a7-710d-4c3e-812a-0e86e46484d7:c12]
2019-09-12 13:13:22,183 [java.util.concurrent.ThreadPoolExecutor$Worker@5c82ddc3[State = -1, empty queue]] WARN  server.GrpcLogAppender (GrpcLogAppender.java:timeoutAppendRequest(200)) - b12fb8a7-710d-4c3e-812a-0e86e46484d7@group-2679EB29DCDF->76bba12e-2f74-4525-959f-7a651f40206a-GrpcLogAppender: appendEntries Timeout, request=b12fb8a7-710d-4c3e-812a-0e86e46484d7->76bba12e-2f74-4525-959f-7a651f40206a#160-t1, previous=(t:1, i:19), leaderCommit=12, initializing? false, entries: <empty>
2019-09-12 13:13:22,183 [java.util.concurrent.ThreadPoolExecutor$Worker@558b229d[State = -1, empty queue]] WARN  server.GrpcLogAppender (GrpcLogAppender.java:timeoutAppendRequest(200)) - b12fb8a7-710d-4c3e-812a-0e86e46484d7@group-2679EB29DCDF->398b50df-cdaa-4e1b-b32c-4c6ed0083aaf-GrpcLogAppender: appendEntries Timeout, request=b12fb8a7-710d-4c3e-812a-0e86e46484d7->398b50df-cdaa-4e1b-b32c-4c6ed0083aaf#160-t1, previous=(t:1, i:19), leaderCommit=12, initializing? false, entries: <empty>
2019-09-12 13:13:23,952 [pool-77-thread-1] INFO  storage.RaftStorageDirectory (RaftStorageDirectory.java:tryLock(328)) - Lock on /workdir/hadoop-ozone/integration-test/target/test-dir/MiniOzoneClusterImpl-03275018-1bf5-4a9a-9ddc-ea2af4b584a8/datanode-5/data/ratis/274e51a4-d0d8-41a1-b4d8-0e486302271a/in_use.lock acquired by nodename 8574@pr-hdds-2007-65vhz-3510356991
2019-09-12 13:13:23,952 [pool-37-thread-1] INFO  storage.RaftStorageDirectory (RaftStorageDirectory.java:tryLock(328)) - Lock on /workdir/hadoop-ozone/integration-test/target/test-dir/MiniOzoneClusterImpl-03275018-1bf5-4a9a-9ddc-ea2af4b584a8/datanode-1/data/ratis/274e51a4-d0d8-41a1-b4d8-0e486302271a/in_use.lock acquired by nodename 8574@pr-hdds-2007-65vhz-3510356991
2019-09-12 13:13:23,952 [pool-57-thread-1] INFO  storage.RaftStorageDirectory (RaftStorageDirectory.java:tryLock(328)) - Lock on /workdir/hadoop-ozone/integration-test/target/test-dir/MiniOzoneClusterImpl-03275018-1bf5-4a9a-9ddc-ea2af4b584a8/datanode-3/data/ratis/274e51a4-d0d8-41a1-b4d8-0e486302271a/in_use.lock acquired by nodename 8574@pr-hdds-2007-65vhz-3510356991
2019-09-12 13:13:23,980 [RATISCREATEPIPELINE3] ERROR pipeline.RatisPipelineProvider (RatisPipelineProvider.java:lambda$null$5(236)) - Failed invoke Ratis rpc org.apache.hadoop.hdds.scm.pipeline.RatisPipelineProvider$$Lambda$182/1554687916@58765d61 for b12fb8a7-710d-4c3e-812a-0e86e46484d7
org.apache.ratis.protocol.TimeoutIOException: deadline exceeded after 2999489052ns
	at org.apache.ratis.grpc.GrpcUtil.tryUnwrapException(GrpcUtil.java:82)
	at org.apache.ratis.grpc.GrpcUtil.unwrapException(GrpcUtil.java:75)
	at org.apache.ratis.grpc.client.GrpcClientProtocolClient.blockingCall(GrpcClientProtocolClient.java:178)
	at org.apache.ratis.grpc.client.GrpcClientProtocolClient.groupAdd(GrpcClientProtocolClient.java:147)
	at org.apache.ratis.grpc.client.GrpcClientRpc.sendRequest(GrpcClientRpc.java:94)
	at org.apache.ratis.client.impl.RaftClientImpl.sendRequest(RaftClientImpl.java:278)
	at org.apache.ratis.client.impl.RaftClientImpl.groupAdd(RaftClientImpl.java:205)
	at org.apache.hadoop.hdds.scm.pipeline.RatisPipelineProvider.lambda$initializePipeline$4(RatisPipelineProvider.java:195)
	at org.apache.hadoop.hdds.scm.pipeline.RatisPipelineProvider.lambda$null$5(RatisPipelineProvider.java:232)
	at java.util.stream.ForEachOps$ForEachOp$OfRef.accept(ForEachOps.java:184)
	at java.util.ArrayList$ArrayListSpliterator.forEachRemaining(ArrayList.java:1382)
	at java.util.stream.AbstractPipeline.copyInto(AbstractPipeline.java:482)
	at java.util.stream.ForEachOps$ForEachTask.compute(ForEachOps.java:291)
	at java.util.concurrent.CountedCompleter.exec(CountedCompleter.java:731)
	at java.util.concurrent.ForkJoinTask.doExec(ForkJoinTask.java:289)
	at java.util.concurrent.ForkJoinTask.doInvoke(ForkJoinTask.java:401)
	at java.util.concurrent.ForkJoinTask.invoke(ForkJoinTask.java:734)
	at java.util.stream.ForEachOps$ForEachOp.evaluateParallel(ForEachOps.java:160)
	at java.util.stream.ForEachOps$ForEachOp$OfRef.evaluateParallel(ForEachOps.java:174)
	at java.util.stream.AbstractPipeline.evaluate(AbstractPipeline.java:233)
	at java.util.stream.ReferencePipeline.forEach(ReferencePipeline.java:418)
	at java.util.stream.ReferencePipeline$Head.forEach(ReferencePipeline.java:583)
	at org.apache.hadoop.hdds.scm.pipeline.RatisPipelineProvider.lambda$callRatisRpc$6(RatisPipelineProvider.java:226)
	at java.util.concurrent.ForkJoinTask$AdaptedRunnableAction.exec(ForkJoinTask.java:1386)
	at java.util.concurrent.ForkJoinTask.doExec(ForkJoinTask.java:289)
	at java.util.concurrent.ForkJoinPool$WorkQueue.runTask(ForkJoinPool.java:1056)
	at java.util.concurrent.ForkJoinPool.runWorker(ForkJoinPool.java:1692)
	at java.util.concurrent.ForkJoinWorkerThread.run(ForkJoinWorkerThread.java:157)
Caused by: org.apache.ratis.thirdparty.io.grpc.StatusRuntimeException: DEADLINE_EXCEEDED: deadline exceeded after 2999489052ns
	at org.apache.ratis.thirdparty.io.grpc.stub.ClientCalls.toStatusRuntimeException(ClientCalls.java:233)
	at org.apache.ratis.thirdparty.io.grpc.stub.ClientCalls.getUnchecked(ClientCalls.java:214)
	at org.apache.ratis.thirdparty.io.grpc.stub.ClientCalls.blockingUnaryCall(ClientCalls.java:139)
	at org.apache.ratis.proto.grpc.AdminProtocolServiceGrpc$AdminProtocolServiceBlockingStub.groupManagement(AdminProtocolServiceGrpc.java:274)
	at org.apache.ratis.grpc.client.GrpcClientProtocolClient.lambda$groupAdd$3(GrpcClientProtocolClient.java:149)
	at org.apache.ratis.grpc.client.GrpcClientProtocolClient.blockingCall(GrpcClientProtocolClient.java:176)
	... 25 more
2019-09-12 13:13:23,980 [RATISCREATEPIPELINE0] ERROR pipeline.RatisPipelineProvider (RatisPipelineProvider.java:lambda$null$5(236)) - Failed invoke Ratis rpc org.apache.hadoop.hdds.scm.pipeline.RatisPipelineProvider$$Lambda$182/1554687916@58765d61 for 398b50df-cdaa-4e1b-b32c-4c6ed0083aaf
org.apache.ratis.protocol.TimeoutIOException: deadline exceeded after 2999438183ns
	at org.apache.ratis.grpc.GrpcUtil.tryUnwrapException(GrpcUtil.java:82)
	at org.apache.ratis.grpc.GrpcUtil.unwrapException(GrpcUtil.java:75)
	at org.apache.ratis.grpc.client.GrpcClientProtocolClient.blockingCall(GrpcClientProtocolClient.java:178)
	at org.apache.ratis.grpc.client.GrpcClientProtocolClient.groupAdd(GrpcClientProtocolClient.java:147)
	at org.apache.ratis.grpc.client.GrpcClientRpc.sendRequest(GrpcClientRpc.java:94)
	at org.apache.ratis.client.impl.RaftClientImpl.sendRequest(RaftClientImpl.java:278)
	at org.apache.ratis.client.impl.RaftClientImpl.groupAdd(RaftClientImpl.java:205)
	at org.apache.hadoop.hdds.scm.pipeline.RatisPipelineProvider.lambda$initializePipeline$4(RatisPipelineProvider.java:195)
	at org.apache.hadoop.hdds.scm.pipeline.RatisPipelineProvider.lambda$null$5(RatisPipelineProvider.java:232)
	at java.util.stream.ForEachOps$ForEachOp$OfRef.accept(ForEachOps.java:184)
	at java.util.ArrayList$ArrayListSpliterator.forEachRemaining(ArrayList.java:1382)
	at java.util.stream.AbstractPipeline.copyInto(AbstractPipeline.java:482)
	at java.util.stream.ForEachOps$ForEachTask.compute(ForEachOps.java:291)
	at java.util.concurrent.CountedCompleter.exec(CountedCompleter.java:731)
	at java.util.concurrent.ForkJoinTask.doExec(ForkJoinTask.java:289)
	at java.util.concurrent.ForkJoinPool$WorkQueue.runTask(ForkJoinPool.java:1056)
	at java.util.concurrent.ForkJoinPool.runWorker(ForkJoinPool.java:1692)
	at java.util.concurrent.ForkJoinWorkerThread.run(ForkJoinWorkerThread.java:157)
Caused by: org.apache.ratis.thirdparty.io.grpc.StatusRuntimeException: DEADLINE_EXCEEDED: deadline exceeded after 2999438183ns
	at org.apache.ratis.thirdparty.io.grpc.stub.ClientCalls.toStatusRuntimeException(ClientCalls.java:233)
	at org.apache.ratis.thirdparty.io.grpc.stub.ClientCalls.getUnchecked(ClientCalls.java:214)
	at org.apache.ratis.thirdparty.io.grpc.stub.ClientCalls.blockingUnaryCall(ClientCalls.java:139)
	at org.apache.ratis.proto.grpc.AdminProtocolServiceGrpc$AdminProtocolServiceBlockingStub.groupManagement(AdminProtocolServiceGrpc.java:274)
	at org.apache.ratis.grpc.client.GrpcClientProtocolClient.lambda$groupAdd$3(GrpcClientProtocolClient.java:149)
	at org.apache.ratis.grpc.client.GrpcClientProtocolClient.blockingCall(GrpcClientProtocolClient.java:176)
	... 15 more
2019-09-12 13:13:23,980 [RATISCREATEPIPELINE1] ERROR pipeline.RatisPipelineProvider (RatisPipelineProvider.java:lambda$null$5(236)) - Failed invoke Ratis rpc org.apache.hadoop.hdds.scm.pipeline.RatisPipelineProvider$$Lambda$182/1554687916@58765d61 for 76bba12e-2f74-4525-959f-7a651f40206a
org.apache.ratis.protocol.TimeoutIOException: deadline exceeded after 2999442803ns
	at org.apache.ratis.grpc.GrpcUtil.tryUnwrapException(GrpcUtil.java:82)
	at org.apache.ratis.grpc.GrpcUtil.unwrapException(GrpcUtil.java:75)
	at org.apache.ratis.grpc.client.GrpcClientProtocolClient.blockingCall(GrpcClientProtocolClient.java:178)
	at org.apache.ratis.grpc.client.GrpcClientProtocolClient.groupAdd(GrpcClientProtocolClient.java:147)
	at org.apache.ratis.grpc.client.GrpcClientRpc.sendRequest(GrpcClientRpc.java:94)
	at org.apache.ratis.client.impl.RaftClientImpl.sendRequest(RaftClientImpl.java:278)
	at org.apache.ratis.client.impl.RaftClientImpl.groupAdd(RaftClientImpl.java:205)
	at org.apache.hadoop.hdds.scm.pipeline.RatisPipelineProvider.lambda$initializePipeline$4(RatisPipelineProvider.java:195)
	at org.apache.hadoop.hdds.scm.pipeline.RatisPipelineProvider.lambda$null$5(RatisPipelineProvider.java:232)
	at java.util.stream.ForEachOps$ForEachOp$OfRef.accept(ForEachOps.java:184)
	at java.util.ArrayList$ArrayListSpliterator.forEachRemaining(ArrayList.java:1382)
	at java.util.stream.AbstractPipeline.copyInto(AbstractPipeline.java:482)
	at java.util.stream.ForEachOps$ForEachTask.compute(ForEachOps.java:291)
	at java.util.concurrent.CountedCompleter.exec(CountedCompleter.java:731)
	at java.util.concurrent.ForkJoinTask.doExec(ForkJoinTask.java:289)
	at java.util.concurrent.ForkJoinPool$WorkQueue.runTask(ForkJoinPool.java:1056)
	at java.util.concurrent.ForkJoinPool.runWorker(ForkJoinPool.java:1692)
	at java.util.concurrent.ForkJoinWorkerThread.run(ForkJoinWorkerThread.java:157)
Caused by: org.apache.ratis.thirdparty.io.grpc.StatusRuntimeException: DEADLINE_EXCEEDED: deadline exceeded after 2999442803ns
	at org.apache.ratis.thirdparty.io.grpc.stub.ClientCalls.toStatusRuntimeException(ClientCalls.java:233)
	at org.apache.ratis.thirdparty.io.grpc.stub.ClientCalls.getUnchecked(ClientCalls.java:214)
	at org.apache.ratis.thirdparty.io.grpc.stub.ClientCalls.blockingUnaryCall(ClientCalls.java:139)
	at org.apache.ratis.proto.grpc.AdminProtocolServiceGrpc$AdminProtocolServiceBlockingStub.groupManagement(AdminProtocolServiceGrpc.java:274)
	at org.apache.ratis.grpc.client.GrpcClientProtocolClient.lambda$groupAdd$3(GrpcClientProtocolClient.java:149)
	at org.apache.ratis.grpc.client.GrpcClientProtocolClient.blockingCall(GrpcClientProtocolClient.java:176)
	... 15 more
2019-09-12 13:13:23,994 [EventQueue-PipelineActionsForPipelineActionHandler] ERROR pipeline.PipelineActionHandler (PipelineActionHandler.java:onMessage(60)) - Received pipeline action CLOSE for Pipeline[ Id: a707ec57-7eab-4057-848f-2679eb29dcdf, Nodes: 398b50df-cdaa-4e1b-b32c-4c6ed0083aaf{ip: 192.168.34.38, host: pr-hdds-2007-65vhz-3510356991, networkLocation: /default-rack, certSerialId: null}b12fb8a7-710d-4c3e-812a-0e86e46484d7{ip: 192.168.34.38, host: pr-hdds-2007-65vhz-3510356991, networkLocation: /default-rack, certSerialId: null}76bba12e-2f74-4525-959f-7a651f40206a{ip: 192.168.34.38, host: pr-hdds-2007-65vhz-3510356991, networkLocation: /default-rack, certSerialId: null}, Type:RATIS, Factor:THREE, State:CLOSED] from datanode b12fb8a7-710d-4c3e-812a-0e86e46484d7{ip: 192.168.34.38, host: pr-hdds-2007-65vhz-3510356991, networkLocation: /default-rack, certSerialId: null}. Reason : b12fb8a7-710d-4c3e-812a-0e86e46484d7 has not seen follower/s 398b50df-cdaa-4e1b-b32c-4c6ed0083aaf for 166758ms 76bba12e-2f74-4525-959f-7a651f40206a for 166758ms
2019-09-12 13:13:23,994 [EventQueue-PipelineActionsForPipelineActionHandler] INFO  pipeline.SCMPipelineManager (SCMPipelineManager.java:finalizeAndDestroyPipeline(311)) - destroying pipeline:Pipeline[ Id: a707ec57-7eab-4057-848f-2679eb29dcdf, Nodes: 398b50df-cdaa-4e1b-b32c-4c6ed0083aaf{ip: 192.168.34.38, host: pr-hdds-2007-65vhz-3510356991, networkLocation: /default-rack, certSerialId: null}b12fb8a7-710d-4c3e-812a-0e86e46484d7{ip: 192.168.34.38, host: pr-hdds-2007-65vhz-3510356991, networkLocation: /default-rack, certSerialId: null}76bba12e-2f74-4525-959f-7a651f40206a{ip: 192.168.34.38, host: pr-hdds-2007-65vhz-3510356991, networkLocation: /default-rack, certSerialId: null}, Type:RATIS, Factor:THREE, State:CLOSED]
2019-09-12 13:13:24,186 [org.apache.ratis.server.impl.LogAppender$AppenderDaemon$$Lambda$485/1236579333@36b5ce93] ERROR ratis.XceiverServerRatis (XceiverServerRatis.java:triggerPipelineClose(568)) - pipeline Action CLOSE  on pipeline PipelineID=a707ec57-7eab-4057-848f-2679eb29dcdf.Reason : b12fb8a7-710d-4c3e-812a-0e86e46484d7 has not seen follower/s 398b50df-cdaa-4e1b-b32c-4c6ed0083aaf for 169259ms 76bba12e-2f74-4525-959f-7a651f40206a for 169260ms
2019-09-12 13:13:24,186 [org.apache.ratis.server.impl.LogAppender$AppenderDaemon$$Lambda$485/1236579333@2bd839b] ERROR ratis.XceiverServerRatis (XceiverServerRatis.java:triggerPipelineClose(568)) - pipeline Action CLOSE  on pipeline PipelineID=a707ec57-7eab-4057-848f-2679eb29dcdf.Reason : b12fb8a7-710d-4c3e-812a-0e86e46484d7 has not seen follower/s 398b50df-cdaa-4e1b-b32c-4c6ed0083aaf for 169259ms 76bba12e-2f74-4525-959f-7a651f40206a for 169260ms
2019-09-12 13:13:24,684 [java.util.concurrent.ThreadPoolExecutor$Worker@5c82ddc3[State = -1, empty queue]] WARN  server.GrpcLogAppender (GrpcLogAppender.java:timeoutAppendRequest(200)) - b12fb8a7-710d-4c3e-812a-0e86e46484d7@group-2679EB29DCDF->76bba12e-2f74-4525-959f-7a651f40206a-GrpcLogAppender: appendEntries Timeout, request=b12fb8a7-710d-4c3e-812a-0e86e46484d7->76bba12e-2f74-4525-959f-7a651f40206a#161-t1, previous=(t:1, i:19), leaderCommit=12, initializing? false, entries: <empty>
2019-09-12 13:13:24,684 [java.util.concurrent.ThreadPoolExecutor$Worker@558b229d[State = -1, empty queue]] WARN  server.GrpcLogAppender (GrpcLogAppender.java:timeoutAppendRequest(200)) - b12fb8a7-710d-4c3e-812a-0e86e46484d7@group-2679EB29DCDF->398b50df-cdaa-4e1b-b32c-4c6ed0083aaf-GrpcLogAppender: appendEntries Timeout, request=b12fb8a7-710d-4c3e-812a-0e86e46484d7->398b50df-cdaa-4e1b-b32c-4c6ed0083aaf#161-t1, previous=(t:1, i:19), leaderCommit=12, initializing? false, entries: <empty>
2019-09-12 13:13:24,992 [398b50df-cdaa-4e1b-b32c-4c6ed0083aaf@group-2679EB29DCDF-SegmentedRaftLogWorker] WARN  segmented.SegmentedRaftLogWorker (SegmentedRaftLogWorker.java:getFromFuture(90)) - Timeout 16/~
org.apache.ratis.protocol.TimeoutIOException: Timeout 10s: WriteLog:13: (t:1, i:13), STATEMACHINELOGENTRY, client-BDAEC2693858, cid=33-writeStateMachineData
	at org.apache.ratis.util.IOUtils.getFromFuture(IOUtils.java:87)
	at org.apache.ratis.server.raftlog.segmented.SegmentedRaftLogWorker$StateMachineDataPolicy.getFromFuture(SegmentedRaftLogWorker.java:87)
	at org.apache.ratis.server.raftlog.segmented.SegmentedRaftLogWorker$WriteLog.execute(SegmentedRaftLogWorker.java:477)
	at org.apache.ratis.server.raftlog.segmented.SegmentedRaftLogWorker.run(SegmentedRaftLogWorker.java:289)
	at java.lang.Thread.run(Thread.java:748)
Caused by: java.util.concurrent.TimeoutException
	at java.util.concurrent.CompletableFuture.timedGet(CompletableFuture.java:1771)
	at java.util.concurrent.CompletableFuture.get(CompletableFuture.java:1915)
	at org.apache.ratis.util.IOUtils.getFromFuture(IOUtils.java:79)
	... 4 more
2019-09-12 13:13:25,019 [76bba12e-2f74-4525-959f-7a651f40206a@group-2679EB29DCDF-SegmentedRaftLogWorker] WARN  segmented.SegmentedRaftLogWorker (SegmentedRaftLogWorker.java:getFromFuture(90)) - Timeout 16/~
org.apache.ratis.protocol.TimeoutIOException: Timeout 10s: WriteLog:13: (t:1, i:13), STATEMACHINELOGENTRY, client-BDAEC2693858, cid=33-writeStateMachineData
	at org.apache.ratis.util.IOUtils.getFromFuture(IOUtils.java:87)
	at org.apache.ratis.server.raftlog.segmented.SegmentedRaftLogWorker$StateMachineDataPolicy.getFromFuture(SegmentedRaftLogWorker.java:87)
	at org.apache.ratis.server.raftlog.segmented.SegmentedRaftLogWorker$WriteLog.execute(SegmentedRaftLogWorker.java:477)
	at org.apache.ratis.server.raftlog.segmented.SegmentedRaftLogWorker.run(SegmentedRaftLogWorker.java:289)
	at java.lang.Thread.run(Thread.java:748)
Caused by: java.util.concurrent.TimeoutException
	at java.util.concurrent.CompletableFuture.timedGet(CompletableFuture.java:1771)
	at java.util.concurrent.CompletableFuture.get(CompletableFuture.java:1915)
	at org.apache.ratis.util.IOUtils.getFromFuture(IOUtils.java:79)
	... 4 more
2019-09-12 13:13:25,043 [b12fb8a7-710d-4c3e-812a-0e86e46484d7@group-2679EB29DCDF-SegmentedRaftLogWorker] WARN  segmented.SegmentedRaftLogWorker (SegmentedRaftLogWorker.java:getFromFuture(90)) - Timeout 16/~
org.apache.ratis.protocol.TimeoutIOException: Timeout 10s: WriteLog:14: (t:1, i:14), STATEMACHINELOGENTRY, client-BDAEC2693858, cid=34-writeStateMachineData
	at org.apache.ratis.util.IOUtils.getFromFuture(IOUtils.java:87)
	at org.apache.ratis.server.raftlog.segmented.SegmentedRaftLogWorker$StateMachineDataPolicy.getFromFuture(SegmentedRaftLogWorker.java:87)
	at org.apache.ratis.server.raftlog.segmented.SegmentedRaftLogWorker$WriteLog.execute(SegmentedRaftLogWorker.java:477)
	at org.apache.ratis.server.raftlog.segmented.SegmentedRaftLogWorker.run(SegmentedRaftLogWorker.java:289)
	at java.lang.Thread.run(Thread.java:748)
Caused by: java.util.concurrent.TimeoutException
	at java.util.concurrent.CompletableFuture.timedGet(CompletableFuture.java:1771)
	at java.util.concurrent.CompletableFuture.get(CompletableFuture.java:1915)
	at org.apache.ratis.util.IOUtils.getFromFuture(IOUtils.java:79)
	... 4 more
2019-09-12 13:13:25,169 [EventQueue-PipelineActionsForPipelineActionHandler] ERROR pipeline.PipelineActionHandler (PipelineActionHandler.java:onMessage(60)) - Received pipeline action CLOSE for Pipeline[ Id: a707ec57-7eab-4057-848f-2679eb29dcdf, Nodes: 398b50df-cdaa-4e1b-b32c-4c6ed0083aaf{ip: 192.168.34.38, host: pr-hdds-2007-65vhz-3510356991, networkLocation: /default-rack, certSerialId: null}b12fb8a7-710d-4c3e-812a-0e86e46484d7{ip: 192.168.34.38, host: pr-hdds-2007-65vhz-3510356991, networkLocation: /default-rack, certSerialId: null}76bba12e-2f74-4525-959f-7a651f40206a{ip: 192.168.34.38, host: pr-hdds-2007-65vhz-3510356991, networkLocation: /default-rack, certSerialId: null}, Type:RATIS, Factor:THREE, State:CLOSED] from datanode b12fb8a7-710d-4c3e-812a-0e86e46484d7{ip: 192.168.34.38, host: pr-hdds-2007-65vhz-3510356991, networkLocation: /default-rack, certSerialId: null}. Reason : b12fb8a7-710d-4c3e-812a-0e86e46484d7 has not seen follower/s 398b50df-cdaa-4e1b-b32c-4c6ed0083aaf for 169259ms 76bba12e-2f74-4525-959f-7a651f40206a for 169260ms
2019-09-12 13:13:25,169 [EventQueue-PipelineActionsForPipelineActionHandler] INFO  pipeline.SCMPipelineManager (SCMPipelineManager.java:finalizeAndDestroyPipeline(311)) - destroying pipeline:Pipeline[ Id: a707ec57-7eab-4057-848f-2679eb29dcdf, Nodes: 398b50df-cdaa-4e1b-b32c-4c6ed0083aaf{ip: 192.168.34.38, host: pr-hdds-2007-65vhz-3510356991, networkLocation: /default-rack, certSerialId: null}b12fb8a7-710d-4c3e-812a-0e86e46484d7{ip: 192.168.34.38, host: pr-hdds-2007-65vhz-3510356991, networkLocation: /default-rack, certSerialId: null}76bba12e-2f74-4525-959f-7a651f40206a{ip: 192.168.34.38, host: pr-hdds-2007-65vhz-3510356991, networkLocation: /default-rack, certSerialId: null}, Type:RATIS, Factor:THREE, State:CLOSED]
2019-09-12 13:13:26,447 [pool-77-thread-1] INFO  storage.RaftStorage (RaftStorage.java:format(72)) - Storage directory /workdir/hadoop-ozone/integration-test/target/test-dir/MiniOzoneClusterImpl-03275018-1bf5-4a9a-9ddc-ea2af4b584a8/datanode-5/data/ratis/274e51a4-d0d8-41a1-b4d8-0e486302271a has been successfully formatted.
2019-09-12 13:13:26,447 [pool-37-thread-1] INFO  storage.RaftStorage (RaftStorage.java:format(72)) - Storage directory /workdir/hadoop-ozone/integration-test/target/test-dir/MiniOzoneClusterImpl-03275018-1bf5-4a9a-9ddc-ea2af4b584a8/datanode-1/data/ratis/274e51a4-d0d8-41a1-b4d8-0e486302271a has been successfully formatted.
2019-09-12 13:13:26,447 [pool-57-thread-1] INFO  storage.RaftStorage (RaftStorage.java:format(72)) - Storage directory /workdir/hadoop-ozone/integration-test/target/test-dir/MiniOzoneClusterImpl-03275018-1bf5-4a9a-9ddc-ea2af4b584a8/datanode-3/data/ratis/274e51a4-d0d8-41a1-b4d8-0e486302271a has been successfully formatted.
2019-09-12 13:13:26,448 [pool-77-thread-1] INFO  ratis.ContainerStateMachine (ContainerStateMachine.java:loadSnapshot(230)) - group-0E486302271A: The snapshot info is null. Setting the last applied indexto:(t:0, i:~)
2019-09-12 13:13:26,448 [pool-37-thread-1] INFO  ratis.ContainerStateMachine (ContainerStateMachine.java:loadSnapshot(230)) - group-0E486302271A: The snapshot info is null. Setting the last applied indexto:(t:0, i:~)
2019-09-12 13:13:26,448 [pool-77-thread-1] INFO  server.RaftServerConfigKeys (ConfUtils.java:logGet(43)) - raft.server.notification.no-leader.timeout = 120s (custom)
2019-09-12 13:13:26,448 [pool-57-thread-1] INFO  ratis.ContainerStateMachine (ContainerStateMachine.java:loadSnapshot(230)) - group-0E486302271A: The snapshot info is null. Setting the last applied indexto:(t:0, i:~)
2019-09-12 13:13:26,448 [pool-77-thread-1] INFO  server.RaftServerConfigKeys (ConfUtils.java:logGet(43)) - raft.server.log.use.memory = false (default)
2019-09-12 13:13:26,448 [pool-37-thread-1] INFO  server.RaftServerConfigKeys (ConfUtils.java:logGet(43)) - raft.server.notification.no-leader.timeout = 120s (custom)
2019-09-12 13:13:26,449 [pool-77-thread-1] INFO  server.RaftServerConfigKeys (ConfUtils.java:logGet(43)) - raft.server.log.purge.gap = 1000000 (custom)
2019-09-12 13:13:26,448 [pool-57-thread-1] INFO  server.RaftServerConfigKeys (ConfUtils.java:logGet(43)) - raft.server.notification.no-leader.timeout = 120s (custom)
2019-09-12 13:13:26,449 [pool-77-thread-1] INFO  server.RaftServerConfigKeys (ConfUtils.java:logGet(43)) - raft.server.log.appender.buffer.byte-limit = 33554432 (custom)
2019-09-12 13:13:26,449 [pool-37-thread-1] INFO  server.RaftServerConfigKeys (ConfUtils.java:logGet(43)) - raft.server.log.use.memory = false (default)
2019-09-12 13:13:26,449 [pool-77-thread-1] INFO  server.RaftServerConfigKeys (ConfUtils.java:logGet(43)) - raft.server.log.segment.size.max = 1048576 (custom)
2019-09-12 13:13:26,449 [pool-57-thread-1] INFO  server.RaftServerConfigKeys (ConfUtils.java:logGet(43)) - raft.server.log.use.memory = false (default)
2019-09-12 13:13:26,450 [pool-77-thread-1] INFO  server.RaftServerConfigKeys (ConfUtils.java:logGet(43)) - raft.server.log.segment.cache.num.max = 2 (custom)
2019-09-12 13:13:26,449 [pool-37-thread-1] INFO  server.RaftServerConfigKeys (ConfUtils.java:logGet(43)) - raft.server.log.purge.gap = 1000000 (custom)
2019-09-12 13:13:26,450 [pool-77-thread-1] INFO  segmented.SegmentedRaftLogWorker (SegmentedRaftLogWorker.java:<init>(172)) - new 76bba12e-2f74-4525-959f-7a651f40206a@group-0E486302271A-SegmentedRaftLogWorker for RaftStorage:Storage Directory /workdir/hadoop-ozone/integration-test/target/test-dir/MiniOzoneClusterImpl-03275018-1bf5-4a9a-9ddc-ea2af4b584a8/datanode-5/data/ratis/274e51a4-d0d8-41a1-b4d8-0e486302271a
2019-09-12 13:13:26,450 [pool-57-thread-1] INFO  server.RaftServerConfigKeys (ConfUtils.java:logGet(43)) - raft.server.log.purge.gap = 1000000 (custom)
2019-09-12 13:13:26,450 [pool-77-thread-1] INFO  server.RaftServerConfigKeys (ConfUtils.java:logGet(43)) - raft.server.log.queue.byte-limit = 2147483647 (custom)
2019-09-12 13:13:26,450 [pool-77-thread-1] INFO  server.RaftServerConfigKeys (ConfUtils.java:logGet(43)) - raft.server.log.queue.element-limit = 1024 (custom)
2019-09-12 13:13:26,450 [pool-37-thread-1] INFO  server.RaftServerConfigKeys (ConfUtils.java:logGet(43)) - raft.server.log.appender.buffer.byte-limit = 33554432 (custom)
2019-09-12 13:13:26,451 [pool-77-thread-1] INFO  server.RaftServerConfigKeys (ConfUtils.java:logGet(43)) - raft.server.log.segment.size.max = 1048576 (custom)
2019-09-12 13:13:26,450 [pool-57-thread-1] INFO  server.RaftServerConfigKeys (ConfUtils.java:logGet(43)) - raft.server.log.appender.buffer.byte-limit = 33554432 (custom)
2019-09-12 13:13:26,451 [pool-77-thread-1] INFO  server.RaftServerConfigKeys (ConfUtils.java:logGet(43)) - raft.server.log.preallocated.size = 16384 (custom)
2019-09-12 13:13:26,451 [pool-37-thread-1] INFO  server.RaftServerConfigKeys (ConfUtils.java:logGet(43)) - raft.server.log.segment.size.max = 1048576 (custom)
2019-09-12 13:13:26,451 [pool-77-thread-1] INFO  server.RaftServerConfigKeys (ConfUtils.java:logGet(43)) - raft.server.log.write.buffer.size = 33554432 (custom)
2019-09-12 13:13:26,452 [pool-77-thread-1] INFO  server.RaftServerConfigKeys (ConfUtils.java:logGet(43)) - raft.server.log.force.sync.num = 128 (default)
2019-09-12 13:13:26,451 [pool-57-thread-1] INFO  server.RaftServerConfigKeys (ConfUtils.java:logGet(43)) - raft.server.log.segment.size.max = 1048576 (custom)
2019-09-12 13:13:26,452 [pool-77-thread-1] INFO  server.RaftServerConfigKeys (ConfUtils.java:logGet(43)) - raft.server.log.statemachine.data.sync = true (default)
2019-09-12 13:13:26,452 [pool-77-thread-1] INFO  server.RaftServerConfigKeys (ConfUtils.java:logGet(43)) - raft.server.log.statemachine.data.sync.timeout = 10s (default)
2019-09-12 13:13:26,451 [pool-37-thread-1] INFO  server.RaftServerConfigKeys (ConfUtils.java:logGet(43)) - raft.server.log.segment.cache.num.max = 2 (custom)
2019-09-12 13:13:26,452 [pool-77-thread-1] INFO  server.RaftServerConfigKeys (ConfUtils.java:logGet(43)) - raft.server.log.statemachine.data.sync.timeout.retry = -1 (default)
2019-09-12 13:13:26,452 [pool-57-thread-1] INFO  server.RaftServerConfigKeys (ConfUtils.java:logGet(43)) - raft.server.log.segment.cache.num.max = 2 (custom)
2019-09-12 13:13:26,452 [pool-77-thread-1] INFO  server.RaftServerConfigKeys (ConfUtils.java:logGet(43)) - raft.server.log.statemachine.data.caching.enabled = true (custom)
2019-09-12 13:13:26,452 [pool-37-thread-1] INFO  segmented.SegmentedRaftLogWorker (SegmentedRaftLogWorker.java:<init>(172)) - new 398b50df-cdaa-4e1b-b32c-4c6ed0083aaf@group-0E486302271A-SegmentedRaftLogWorker for RaftStorage:Storage Directory /workdir/hadoop-ozone/integration-test/target/test-dir/MiniOzoneClusterImpl-03275018-1bf5-4a9a-9ddc-ea2af4b584a8/datanode-1/data/ratis/274e51a4-d0d8-41a1-b4d8-0e486302271a
2019-09-12 13:13:26,453 [pool-57-thread-1] INFO  segmented.SegmentedRaftLogWorker (SegmentedRaftLogWorker.java:<init>(172)) - new b12fb8a7-710d-4c3e-812a-0e86e46484d7@group-0E486302271A-SegmentedRaftLogWorker for RaftStorage:Storage Directory /workdir/hadoop-ozone/integration-test/target/test-dir/MiniOzoneClusterImpl-03275018-1bf5-4a9a-9ddc-ea2af4b584a8/datanode-3/data/ratis/274e51a4-d0d8-41a1-b4d8-0e486302271a
2019-09-12 13:13:26,453 [pool-77-thread-1] INFO  segmented.SegmentedRaftLogWorker (SegmentedRaftLogWorker.java:lambda$new$0(132)) - 76bba12e-2f74-4525-959f-7a651f40206a@group-0E486302271A-SegmentedRaftLogWorker: flushIndex: setUnconditionally 0 -> -1
2019-09-12 13:13:26,453 [pool-37-thread-1] INFO  server.RaftServerConfigKeys (ConfUtils.java:logGet(43)) - raft.server.log.queue.byte-limit = 2147483647 (custom)
2019-09-12 13:13:26,453 [pool-57-thread-1] INFO  server.RaftServerConfigKeys (ConfUtils.java:logGet(43)) - raft.server.log.queue.byte-limit = 2147483647 (custom)
2019-09-12 13:13:26,453 [pool-77-thread-1] INFO  server.RaftServerConfigKeys (ConfUtils.java:logGet(43)) - raft.server.snapshot.auto.trigger.enabled = true (custom)
2019-09-12 13:13:26,453 [pool-37-thread-1] INFO  server.RaftServerConfigKeys (ConfUtils.java:logGet(43)) - raft.server.log.queue.element-limit = 1024 (custom)
2019-09-12 13:13:26,454 [pool-77-thread-1] INFO  server.RaftServerConfigKeys (ConfUtils.java:logGet(43)) - raft.server.snapshot.auto.trigger.threshold = 10000 (custom)
2019-09-12 13:13:26,454 [pool-57-thread-1] INFO  server.RaftServerConfigKeys (ConfUtils.java:logGet(43)) - raft.server.log.queue.element-limit = 1024 (custom)
2019-09-12 13:13:26,454 [pool-77-thread-1] INFO  server.RaftServerConfigKeys (ConfUtils.java:logGet(43)) - raft.server.snapshot.retention.num.files = -1 (default)
2019-09-12 13:13:26,454 [pool-37-thread-1] INFO  server.RaftServerConfigKeys (ConfUtils.java:logGet(43)) - raft.server.log.segment.size.max = 1048576 (custom)
2019-09-12 13:13:26,454 [pool-77-thread-1] INFO  server.RaftServerConfigKeys (ConfUtils.java:logGet(43)) - raft.server.retrycache.expirytime = 600000ms (custom)
2019-09-12 13:13:26,454 [pool-57-thread-1] INFO  server.RaftServerConfigKeys (ConfUtils.java:logGet(43)) - raft.server.log.segment.size.max = 1048576 (custom)
2019-09-12 13:13:26,454 [pool-37-thread-1] INFO  server.RaftServerConfigKeys (ConfUtils.java:logGet(43)) - raft.server.log.preallocated.size = 16384 (custom)
2019-09-12 13:13:26,455 [pool-57-thread-1] INFO  server.RaftServerConfigKeys (ConfUtils.java:logGet(43)) - raft.server.log.preallocated.size = 16384 (custom)
2019-09-12 13:13:26,455 [pool-37-thread-1] INFO  server.RaftServerConfigKeys (ConfUtils.java:logGet(43)) - raft.server.log.write.buffer.size = 33554432 (custom)
2019-09-12 13:13:26,455 [pool-57-thread-1] INFO  server.RaftServerConfigKeys (ConfUtils.java:logGet(43)) - raft.server.log.write.buffer.size = 33554432 (custom)
2019-09-12 13:13:26,455 [pool-37-thread-1] INFO  server.RaftServerConfigKeys (ConfUtils.java:logGet(43)) - raft.server.log.force.sync.num = 128 (default)
2019-09-12 13:13:26,455 [pool-57-thread-1] INFO  server.RaftServerConfigKeys (ConfUtils.java:logGet(43)) - raft.server.log.force.sync.num = 128 (default)
2019-09-12 13:13:26,456 [pool-37-thread-1] INFO  server.RaftServerConfigKeys (ConfUtils.java:logGet(43)) - raft.server.log.statemachine.data.sync = true (default)
2019-09-12 13:13:26,456 [pool-57-thread-1] INFO  server.RaftServerConfigKeys (ConfUtils.java:logGet(43)) - raft.server.log.statemachine.data.sync = true (default)
2019-09-12 13:13:26,456 [pool-37-thread-1] INFO  server.RaftServerConfigKeys (ConfUtils.java:logGet(43)) - raft.server.log.statemachine.data.sync.timeout = 10s (default)
2019-09-12 13:13:26,456 [pool-57-thread-1] INFO  server.RaftServerConfigKeys (ConfUtils.java:logGet(43)) - raft.server.log.statemachine.data.sync.timeout = 10s (default)
2019-09-12 13:13:26,456 [pool-37-thread-1] INFO  server.RaftServerConfigKeys (ConfUtils.java:logGet(43)) - raft.server.log.statemachine.data.sync.timeout.retry = -1 (default)
2019-09-12 13:13:26,457 [pool-57-thread-1] INFO  server.RaftServerConfigKeys (ConfUtils.java:logGet(43)) - raft.server.log.statemachine.data.sync.timeout.retry = -1 (default)
2019-09-12 13:13:26,457 [pool-37-thread-1] INFO  server.RaftServerConfigKeys (ConfUtils.java:logGet(43)) - raft.server.log.statemachine.data.caching.enabled = true (custom)
2019-09-12 13:13:26,457 [pool-57-thread-1] INFO  server.RaftServerConfigKeys (ConfUtils.java:logGet(43)) - raft.server.log.statemachine.data.caching.enabled = true (custom)
2019-09-12 13:13:26,457 [pool-37-thread-1] INFO  segmented.SegmentedRaftLogWorker (SegmentedRaftLogWorker.java:lambda$new$0(132)) - 398b50df-cdaa-4e1b-b32c-4c6ed0083aaf@group-0E486302271A-SegmentedRaftLogWorker: flushIndex: setUnconditionally 0 -> -1
2019-09-12 13:13:26,458 [pool-57-thread-1] INFO  segmented.SegmentedRaftLogWorker (SegmentedRaftLogWorker.java:lambda$new$0(132)) - b12fb8a7-710d-4c3e-812a-0e86e46484d7@group-0E486302271A-SegmentedRaftLogWorker: flushIndex: setUnconditionally 0 -> -1
2019-09-12 13:13:26,458 [pool-37-thread-1] INFO  server.RaftServerConfigKeys (ConfUtils.java:logGet(43)) - raft.server.snapshot.auto.trigger.enabled = true (custom)
2019-09-12 13:13:26,458 [pool-57-thread-1] INFO  server.RaftServerConfigKeys (ConfUtils.java:logGet(43)) - raft.server.snapshot.auto.trigger.enabled = true (custom)
2019-09-12 13:13:26,458 [pool-37-thread-1] INFO  server.RaftServerConfigKeys (ConfUtils.java:logGet(43)) - raft.server.snapshot.auto.trigger.threshold = 10000 (custom)
2019-09-12 13:13:26,458 [pool-57-thread-1] INFO  server.RaftServerConfigKeys (ConfUtils.java:logGet(43)) - raft.server.snapshot.auto.trigger.threshold = 10000 (custom)
2019-09-12 13:13:26,458 [pool-37-thread-1] INFO  server.RaftServerConfigKeys (ConfUtils.java:logGet(43)) - raft.server.snapshot.retention.num.files = -1 (default)
2019-09-12 13:13:26,459 [pool-57-thread-1] INFO  server.RaftServerConfigKeys (ConfUtils.java:logGet(43)) - raft.server.snapshot.retention.num.files = -1 (default)
2019-09-12 13:13:26,459 [pool-37-thread-1] INFO  server.RaftServerConfigKeys (ConfUtils.java:logGet(43)) - raft.server.retrycache.expirytime = 600000ms (custom)
2019-09-12 13:13:26,459 [pool-57-thread-1] INFO  server.RaftServerConfigKeys (ConfUtils.java:logGet(43)) - raft.server.retrycache.expirytime = 600000ms (custom)
2019-09-12 13:13:26,459 [pool-77-thread-1] INFO  impl.RaftServerImpl (RaftServerImpl.java:start(185)) - 76bba12e-2f74-4525-959f-7a651f40206a@group-0E486302271A: start as a follower, conf=-1: [398b50df-cdaa-4e1b-b32c-4c6ed0083aaf:192.168.34.38:42550, b12fb8a7-710d-4c3e-812a-0e86e46484d7:192.168.34.38:33689, 76bba12e-2f74-4525-959f-7a651f40206a:192.168.34.38:43843], old=null
2019-09-12 13:13:26,459 [pool-77-thread-1] INFO  impl.RaftServerImpl (RaftServerImpl.java:setRole(174)) - 76bba12e-2f74-4525-959f-7a651f40206a@group-0E486302271A: changes role from      null to FOLLOWER at term 0 for startAsFollower
2019-09-12 13:13:26,460 [pool-77-thread-1] INFO  impl.RoleInfo (RoleInfo.java:updateAndGet(143)) - 76bba12e-2f74-4525-959f-7a651f40206a: start FollowerState
2019-09-12 13:13:26,460 [pool-77-thread-1] INFO  util.JmxRegister (JmxRegister.java:tryRegister(44)) - Successfully registered JMX Bean with object name Ratis:service=RaftServer,group=group-0E486302271A,id=76bba12e-2f74-4525-959f-7a651f40206a
2019-09-12 13:13:26,464 [pool-37-thread-1] INFO  impl.RaftServerImpl (RaftServerImpl.java:start(185)) - 398b50df-cdaa-4e1b-b32c-4c6ed0083aaf@group-0E486302271A: start as a follower, conf=-1: [398b50df-cdaa-4e1b-b32c-4c6ed0083aaf:192.168.34.38:42550, b12fb8a7-710d-4c3e-812a-0e86e46484d7:192.168.34.38:33689, 76bba12e-2f74-4525-959f-7a651f40206a:192.168.34.38:43843], old=null
2019-09-12 13:13:26,464 [pool-37-thread-1] INFO  impl.RaftServerImpl (RaftServerImpl.java:setRole(174)) - 398b50df-cdaa-4e1b-b32c-4c6ed0083aaf@group-0E486302271A: changes role from      null to FOLLOWER at term 0 for startAsFollower
2019-09-12 13:13:26,464 [pool-37-thread-1] INFO  impl.RoleInfo (RoleInfo.java:updateAndGet(143)) - 398b50df-cdaa-4e1b-b32c-4c6ed0083aaf: start FollowerState
2019-09-12 13:13:26,465 [pool-37-thread-1] INFO  util.JmxRegister (JmxRegister.java:tryRegister(44)) - Successfully registered JMX Bean with object name Ratis:service=RaftServer,group=group-0E486302271A,id=398b50df-cdaa-4e1b-b32c-4c6ed0083aaf
2019-09-12 13:13:26,465 [pool-57-thread-1] INFO  impl.RaftServerImpl (RaftServerImpl.java:start(185)) - b12fb8a7-710d-4c3e-812a-0e86e46484d7@group-0E486302271A: start as a follower, conf=-1: [398b50df-cdaa-4e1b-b32c-4c6ed0083aaf:192.168.34.38:42550, b12fb8a7-710d-4c3e-812a-0e86e46484d7:192.168.34.38:33689, 76bba12e-2f74-4525-959f-7a651f40206a:192.168.34.38:43843], old=null
2019-09-12 13:13:26,465 [pool-57-thread-1] INFO  impl.RaftServerImpl (RaftServerImpl.java:setRole(174)) - b12fb8a7-710d-4c3e-812a-0e86e46484d7@group-0E486302271A: changes role from      null to FOLLOWER at term 0 for startAsFollower
2019-09-12 13:13:26,465 [pool-57-thread-1] INFO  impl.RoleInfo (RoleInfo.java:updateAndGet(143)) - b12fb8a7-710d-4c3e-812a-0e86e46484d7: start FollowerState
2019-09-12 13:13:26,466 [pool-57-thread-1] INFO  util.JmxRegister (JmxRegister.java:tryRegister(44)) - Successfully registered JMX Bean with object name Ratis:service=RaftServer,group=group-0E486302271A,id=b12fb8a7-710d-4c3e-812a-0e86e46484d7
2019-09-12 13:13:26,687 [org.apache.ratis.server.impl.LogAppender$AppenderDaemon$$Lambda$485/1236579333@36b5ce93] ERROR ratis.XceiverServerRatis (XceiverServerRatis.java:triggerPipelineClose(568)) - pipeline Action CLOSE  on pipeline PipelineID=a707ec57-7eab-4057-848f-2679eb29dcdf.Reason : b12fb8a7-710d-4c3e-812a-0e86e46484d7 has not seen follower/s 398b50df-cdaa-4e1b-b32c-4c6ed0083aaf for 171761ms 76bba12e-2f74-4525-959f-7a651f40206a for 171761ms
2019-09-12 13:13:26,687 [org.apache.ratis.server.impl.LogAppender$AppenderDaemon$$Lambda$485/1236579333@2bd839b] ERROR ratis.XceiverServerRatis (XceiverServerRatis.java:triggerPipelineClose(568)) - pipeline Action CLOSE  on pipeline PipelineID=a707ec57-7eab-4057-848f-2679eb29dcdf.Reason : b12fb8a7-710d-4c3e-812a-0e86e46484d7 has not seen follower/s 398b50df-cdaa-4e1b-b32c-4c6ed0083aaf for 171761ms 76bba12e-2f74-4525-959f-7a651f40206a for 171761ms
2019-09-12 13:13:26,943 [grpc-default-executor-7] INFO  client.GrpcClientProtocolClient (GrpcClientProtocolClient.java:onNext(264)) - client-BDAEC2693858->76bba12e-2f74-4525-959f-7a651f40206a: receive RaftClientReply:client-BDAEC2693858->76bba12e-2f74-4525-959f-7a651f40206a@group-2679EB29DCDF, cid=33, FAILED org.apache.ratis.protocol.NotLeaderException: Server 76bba12e-2f74-4525-959f-7a651f40206a@group-2679EB29DCDF is not the leader b12fb8a7-710d-4c3e-812a-0e86e46484d7:192.168.34.38:33689, logIndex=0, commits[76bba12e-2f74-4525-959f-7a651f40206a:c12, 398b50df-cdaa-4e1b-b32c-4c6ed0083aaf:c10, b12fb8a7-710d-4c3e-812a-0e86e46484d7:c12]
2019-09-12 13:13:27,168 [EventQueue-PipelineActionsForPipelineActionHandler] ERROR pipeline.PipelineActionHandler (PipelineActionHandler.java:onMessage(60)) - Received pipeline action CLOSE for Pipeline[ Id: a707ec57-7eab-4057-848f-2679eb29dcdf, Nodes: 398b50df-cdaa-4e1b-b32c-4c6ed0083aaf{ip: 192.168.34.38, host: pr-hdds-2007-65vhz-3510356991, networkLocation: /default-rack, certSerialId: null}b12fb8a7-710d-4c3e-812a-0e86e46484d7{ip: 192.168.34.38, host: pr-hdds-2007-65vhz-3510356991, networkLocation: /default-rack, certSerialId: null}76bba12e-2f74-4525-959f-7a651f40206a{ip: 192.168.34.38, host: pr-hdds-2007-65vhz-3510356991, networkLocation: /default-rack, certSerialId: null}, Type:RATIS, Factor:THREE, State:CLOSED] from datanode b12fb8a7-710d-4c3e-812a-0e86e46484d7{ip: 192.168.34.38, host: pr-hdds-2007-65vhz-3510356991, networkLocation: /default-rack, certSerialId: null}. Reason : b12fb8a7-710d-4c3e-812a-0e86e46484d7 has not seen follower/s 398b50df-cdaa-4e1b-b32c-4c6ed0083aaf for 171761ms 76bba12e-2f74-4525-959f-7a651f40206a for 171761ms
2019-09-12 13:13:27,169 [EventQueue-PipelineActionsForPipelineActionHandler] INFO  pipeline.SCMPipelineManager (SCMPipelineManager.java:finalizeAndDestroyPipeline(311)) - destroying pipeline:Pipeline[ Id: a707ec57-7eab-4057-848f-2679eb29dcdf, Nodes: 398b50df-cdaa-4e1b-b32c-4c6ed0083aaf{ip: 192.168.34.38, host: pr-hdds-2007-65vhz-3510356991, networkLocation: /default-rack, certSerialId: null}b12fb8a7-710d-4c3e-812a-0e86e46484d7{ip: 192.168.34.38, host: pr-hdds-2007-65vhz-3510356991, networkLocation: /default-rack, certSerialId: null}76bba12e-2f74-4525-959f-7a651f40206a{ip: 192.168.34.38, host: pr-hdds-2007-65vhz-3510356991, networkLocation: /default-rack, certSerialId: null}, Type:RATIS, Factor:THREE, State:CLOSED]
2019-09-12 13:13:27,185 [java.util.concurrent.ThreadPoolExecutor$Worker@558b229d[State = -1, empty queue]] WARN  server.GrpcLogAppender (GrpcLogAppender.java:timeoutAppendRequest(200)) - b12fb8a7-710d-4c3e-812a-0e86e46484d7@group-2679EB29DCDF->398b50df-cdaa-4e1b-b32c-4c6ed0083aaf-GrpcLogAppender: appendEntries Timeout, request=b12fb8a7-710d-4c3e-812a-0e86e46484d7->398b50df-cdaa-4e1b-b32c-4c6ed0083aaf#162-t1, previous=(t:1, i:19), leaderCommit=12, initializing? false, entries: <empty>
2019-09-12 13:13:27,185 [java.util.concurrent.ThreadPoolExecutor$Worker@5c82ddc3[State = -1, empty queue]] WARN  server.GrpcLogAppender (GrpcLogAppender.java:timeoutAppendRequest(200)) - b12fb8a7-710d-4c3e-812a-0e86e46484d7@group-2679EB29DCDF->76bba12e-2f74-4525-959f-7a651f40206a-GrpcLogAppender: appendEntries Timeout, request=b12fb8a7-710d-4c3e-812a-0e86e46484d7->76bba12e-2f74-4525-959f-7a651f40206a#162-t1, previous=(t:1, i:19), leaderCommit=12, initializing? false, entries: <empty>
2019-09-12 13:13:28,181 [grpc-default-executor-8] INFO  impl.RaftServerProxy (RaftServerProxy.java:remove(95)) - b12fb8a7-710d-4c3e-812a-0e86e46484d7: remove  FOLLOWER b12fb8a7-710d-4c3e-812a-0e86e46484d7@group-0E486302271A:t0, leader=null, voted=null, raftlog=b12fb8a7-710d-4c3e-812a-0e86e46484d7@group-0E486302271A-SegmentedRaftLog:OPENED:c-1,f-1,i0, conf=-1: [398b50df-cdaa-4e1b-b32c-4c6ed0083aaf:192.168.34.38:42550, b12fb8a7-710d-4c3e-812a-0e86e46484d7:192.168.34.38:33689, 76bba12e-2f74-4525-959f-7a651f40206a:192.168.34.38:43843], old=null RUNNING
2019-09-12 13:13:28,181 [grpc-default-executor-8] INFO  impl.RaftServerImpl (RaftServerImpl.java:lambda$shutdown$3(251)) - b12fb8a7-710d-4c3e-812a-0e86e46484d7@group-0E486302271A: shutdown
2019-09-12 13:13:28,181 [grpc-default-executor-8] INFO  util.JmxRegister (JmxRegister.java:unregister(73)) - Successfully un-registered JMX Bean with object name Ratis:service=RaftServer,group=group-0E486302271A,id=b12fb8a7-710d-4c3e-812a-0e86e46484d7
2019-09-12 13:13:28,182 [grpc-default-executor-8] INFO  impl.RoleInfo (RoleInfo.java:shutdownFollowerState(121)) - b12fb8a7-710d-4c3e-812a-0e86e46484d7: shutdown FollowerState
2019-09-12 13:13:28,182 [grpc-default-executor-8] INFO  impl.StateMachineUpdater (StateMachineUpdater.java:stopAndJoin(125)) - b12fb8a7-710d-4c3e-812a-0e86e46484d7@group-0E486302271A-StateMachineUpdater: set stopIndex = -1
2019-09-12 13:13:28,182 [Thread-1355] INFO  impl.FollowerState (FollowerState.java:run(115)) - b12fb8a7-710d-4c3e-812a-0e86e46484d7: FollowerState was interrupted: java.lang.InterruptedException: sleep interrupted
2019-09-12 13:13:28,187 [grpc-default-executor-8] INFO  impl.RaftServerImpl (ServerState.java:close(385)) - b12fb8a7-710d-4c3e-812a-0e86e46484d7@group-0E486302271A: closes. applyIndex: -1
2019-09-12 13:13:28,187 [b12fb8a7-710d-4c3e-812a-0e86e46484d7@group-0E486302271A-SegmentedRaftLogWorker] INFO  segmented.SegmentedRaftLogWorker (SegmentedRaftLogWorker.java:run(313)) - b12fb8a7-710d-4c3e-812a-0e86e46484d7@group-0E486302271A-SegmentedRaftLogWorker was interrupted, exiting. There are 0 tasks remaining in the queue.
2019-09-12 13:13:28,188 [grpc-default-executor-8] INFO  segmented.SegmentedRaftLogWorker (SegmentedRaftLogWorker.java:close(228)) - b12fb8a7-710d-4c3e-812a-0e86e46484d7@group-0E486302271A-SegmentedRaftLogWorker close()
2019-09-12 13:13:29,188 [org.apache.ratis.server.impl.LogAppender$AppenderDaemon$$Lambda$485/1236579333@2bd839b] ERROR ratis.XceiverServerRatis (XceiverServerRatis.java:triggerPipelineClose(568)) - pipeline Action CLOSE  on pipeline PipelineID=a707ec57-7eab-4057-848f-2679eb29dcdf.Reason : b12fb8a7-710d-4c3e-812a-0e86e46484d7 has not seen follower/s 398b50df-cdaa-4e1b-b32c-4c6ed0083aaf for 174262ms 76bba12e-2f74-4525-959f-7a651f40206a for 174262ms
2019-09-12 13:13:29,188 [org.apache.ratis.server.impl.LogAppender$AppenderDaemon$$Lambda$485/1236579333@36b5ce93] ERROR ratis.XceiverServerRatis (XceiverServerRatis.java:triggerPipelineClose(568)) - pipeline Action CLOSE  on pipeline PipelineID=a707ec57-7eab-4057-848f-2679eb29dcdf.Reason : b12fb8a7-710d-4c3e-812a-0e86e46484d7 has not seen follower/s 398b50df-cdaa-4e1b-b32c-4c6ed0083aaf for 174262ms 76bba12e-2f74-4525-959f-7a651f40206a for 174262ms
2019-09-12 13:13:29,687 [java.util.concurrent.ThreadPoolExecutor$Worker@5c82ddc3[State = -1, empty queue]] WARN  server.GrpcLogAppender (GrpcLogAppender.java:timeoutAppendRequest(200)) - b12fb8a7-710d-4c3e-812a-0e86e46484d7@group-2679EB29DCDF->76bba12e-2f74-4525-959f-7a651f40206a-GrpcLogAppender: appendEntries Timeout, request=b12fb8a7-710d-4c3e-812a-0e86e46484d7->76bba12e-2f74-4525-959f-7a651f40206a#163-t1, previous=(t:1, i:19), leaderCommit=12, initializing? false, entries: <empty>
2019-09-12 13:13:29,687 [java.util.concurrent.ThreadPoolExecutor$Worker@558b229d[State = -1, empty queue]] WARN  server.GrpcLogAppender (GrpcLogAppender.java:timeoutAppendRequest(200)) - b12fb8a7-710d-4c3e-812a-0e86e46484d7@group-2679EB29DCDF->398b50df-cdaa-4e1b-b32c-4c6ed0083aaf-GrpcLogAppender: appendEntries Timeout, request=b12fb8a7-710d-4c3e-812a-0e86e46484d7->398b50df-cdaa-4e1b-b32c-4c6ed0083aaf#163-t1, previous=(t:1, i:19), leaderCommit=12, initializing? false, entries: <empty>
2019-09-12 13:13:30,169 [EventQueue-PipelineActionsForPipelineActionHandler] ERROR pipeline.PipelineActionHandler (PipelineActionHandler.java:onMessage(60)) - Received pipeline action CLOSE for Pipeline[ Id: a707ec57-7eab-4057-848f-2679eb29dcdf, Nodes: 398b50df-cdaa-4e1b-b32c-4c6ed0083aaf{ip: 192.168.34.38, host: pr-hdds-2007-65vhz-3510356991, networkLocation: /default-rack, certSerialId: null}b12fb8a7-710d-4c3e-812a-0e86e46484d7{ip: 192.168.34.38, host: pr-hdds-2007-65vhz-3510356991, networkLocation: /default-rack, certSerialId: null}76bba12e-2f74-4525-959f-7a651f40206a{ip: 192.168.34.38, host: pr-hdds-2007-65vhz-3510356991, networkLocation: /default-rack, certSerialId: null}, Type:RATIS, Factor:THREE, State:CLOSED] from datanode b12fb8a7-710d-4c3e-812a-0e86e46484d7{ip: 192.168.34.38, host: pr-hdds-2007-65vhz-3510356991, networkLocation: /default-rack, certSerialId: null}. Reason : b12fb8a7-710d-4c3e-812a-0e86e46484d7 has not seen follower/s 398b50df-cdaa-4e1b-b32c-4c6ed0083aaf for 174262ms 76bba12e-2f74-4525-959f-7a651f40206a for 174262ms
2019-09-12 13:13:30,169 [EventQueue-PipelineActionsForPipelineActionHandler] INFO  pipeline.SCMPipelineManager (SCMPipelineManager.java:finalizeAndDestroyPipeline(311)) - destroying pipeline:Pipeline[ Id: a707ec57-7eab-4057-848f-2679eb29dcdf, Nodes: 398b50df-cdaa-4e1b-b32c-4c6ed0083aaf{ip: 192.168.34.38, host: pr-hdds-2007-65vhz-3510356991, networkLocation: /default-rack, certSerialId: null}b12fb8a7-710d-4c3e-812a-0e86e46484d7{ip: 192.168.34.38, host: pr-hdds-2007-65vhz-3510356991, networkLocation: /default-rack, certSerialId: null}76bba12e-2f74-4525-959f-7a651f40206a{ip: 192.168.34.38, host: pr-hdds-2007-65vhz-3510356991, networkLocation: /default-rack, certSerialId: null}, Type:RATIS, Factor:THREE, State:CLOSED]
2019-09-12 13:13:31,485 [Thread-1353] INFO  impl.FollowerState (FollowerState.java:run(106)) - 398b50df-cdaa-4e1b-b32c-4c6ed0083aaf:group-0E486302271A changes to CANDIDATE, lastRpcTime:5020, electionTimeout:5020ms
2019-09-12 13:13:31,486 [Thread-1353] INFO  impl.RoleInfo (RoleInfo.java:shutdownFollowerState(121)) - 398b50df-cdaa-4e1b-b32c-4c6ed0083aaf: shutdown FollowerState
2019-09-12 13:13:31,486 [Thread-1353] INFO  impl.RaftServerImpl (RaftServerImpl.java:setRole(174)) - 398b50df-cdaa-4e1b-b32c-4c6ed0083aaf@group-0E486302271A: changes role from  FOLLOWER to CANDIDATE at term 0 for changeToCandidate
2019-09-12 13:13:31,487 [Thread-1353] INFO  impl.RoleInfo (RoleInfo.java:updateAndGet(143)) - 398b50df-cdaa-4e1b-b32c-4c6ed0083aaf: start LeaderElection
2019-09-12 13:13:31,577 [Thread-1351] INFO  impl.FollowerState (FollowerState.java:run(106)) - 76bba12e-2f74-4525-959f-7a651f40206a:group-0E486302271A changes to CANDIDATE, lastRpcTime:5117, electionTimeout:5117ms
2019-09-12 13:13:31,578 [Thread-1351] INFO  impl.RoleInfo (RoleInfo.java:shutdownFollowerState(121)) - 76bba12e-2f74-4525-959f-7a651f40206a: shutdown FollowerState
2019-09-12 13:13:31,578 [Thread-1351] INFO  impl.RaftServerImpl (RaftServerImpl.java:setRole(174)) - 76bba12e-2f74-4525-959f-7a651f40206a@group-0E486302271A: changes role from  FOLLOWER to CANDIDATE at term 0 for changeToCandidate
2019-09-12 13:13:31,578 [Thread-1351] INFO  impl.RoleInfo (RoleInfo.java:updateAndGet(143)) - 76bba12e-2f74-4525-959f-7a651f40206a: start LeaderElection
2019-09-12 13:13:31,688 [org.apache.ratis.server.impl.LogAppender$AppenderDaemon$$Lambda$485/1236579333@2bd839b] ERROR ratis.XceiverServerRatis (XceiverServerRatis.java:triggerPipelineClose(568)) - pipeline Action CLOSE  on pipeline PipelineID=a707ec57-7eab-4057-848f-2679eb29dcdf.Reason : b12fb8a7-710d-4c3e-812a-0e86e46484d7 has not seen follower/s 398b50df-cdaa-4e1b-b32c-4c6ed0083aaf for 176762ms 76bba12e-2f74-4525-959f-7a651f40206a for 176763ms
2019-09-12 13:13:31,689 [org.apache.ratis.server.impl.LogAppender$AppenderDaemon$$Lambda$485/1236579333@36b5ce93] ERROR ratis.XceiverServerRatis (XceiverServerRatis.java:triggerPipelineClose(568)) - pipeline Action CLOSE  on pipeline PipelineID=a707ec57-7eab-4057-848f-2679eb29dcdf.Reason : b12fb8a7-710d-4c3e-812a-0e86e46484d7 has not seen follower/s 398b50df-cdaa-4e1b-b32c-4c6ed0083aaf for 176763ms 76bba12e-2f74-4525-959f-7a651f40206a for 176764ms
2019-09-12 13:13:31,986 [grpc-default-executor-7] INFO  client.GrpcClientProtocolClient (GrpcClientProtocolClient.java:onNext(264)) - client-BDAEC2693858->398b50df-cdaa-4e1b-b32c-4c6ed0083aaf: receive RaftClientReply:client-BDAEC2693858->398b50df-cdaa-4e1b-b32c-4c6ed0083aaf@group-2679EB29DCDF, cid=33, FAILED org.apache.ratis.protocol.NotLeaderException: Server 398b50df-cdaa-4e1b-b32c-4c6ed0083aaf@group-2679EB29DCDF is not the leader b12fb8a7-710d-4c3e-812a-0e86e46484d7:192.168.34.38:33689, logIndex=0, commits[398b50df-cdaa-4e1b-b32c-4c6ed0083aaf:c12, b12fb8a7-710d-4c3e-812a-0e86e46484d7:c12, 76bba12e-2f74-4525-959f-7a651f40206a:c10]
2019-09-12 13:13:32,169 [EventQueue-PipelineActionsForPipelineActionHandler] ERROR pipeline.PipelineActionHandler (PipelineActionHandler.java:onMessage(60)) - Received pipeline action CLOSE for Pipeline[ Id: a707ec57-7eab-4057-848f-2679eb29dcdf, Nodes: 398b50df-cdaa-4e1b-b32c-4c6ed0083aaf{ip: 192.168.34.38, host: pr-hdds-2007-65vhz-3510356991, networkLocation: /default-rack, certSerialId: null}b12fb8a7-710d-4c3e-812a-0e86e46484d7{ip: 192.168.34.38, host: pr-hdds-2007-65vhz-3510356991, networkLocation: /default-rack, certSerialId: null}76bba12e-2f74-4525-959f-7a651f40206a{ip: 192.168.34.38, host: pr-hdds-2007-65vhz-3510356991, networkLocation: /default-rack, certSerialId: null}, Type:RATIS, Factor:THREE, State:CLOSED] from datanode b12fb8a7-710d-4c3e-812a-0e86e46484d7{ip: 192.168.34.38, host: pr-hdds-2007-65vhz-3510356991, networkLocation: /default-rack, certSerialId: null}. Reason : b12fb8a7-710d-4c3e-812a-0e86e46484d7 has not seen follower/s 398b50df-cdaa-4e1b-b32c-4c6ed0083aaf for 176762ms 76bba12e-2f74-4525-959f-7a651f40206a for 176763ms
2019-09-12 13:13:32,169 [EventQueue-PipelineActionsForPipelineActionHandler] INFO  pipeline.SCMPipelineManager (SCMPipelineManager.java:finalizeAndDestroyPipeline(311)) - destroying pipeline:Pipeline[ Id: a707ec57-7eab-4057-848f-2679eb29dcdf, Nodes: 398b50df-cdaa-4e1b-b32c-4c6ed0083aaf{ip: 192.168.34.38, host: pr-hdds-2007-65vhz-3510356991, networkLocation: /default-rack, certSerialId: null}b12fb8a7-710d-4c3e-812a-0e86e46484d7{ip: 192.168.34.38, host: pr-hdds-2007-65vhz-3510356991, networkLocation: /default-rack, certSerialId: null}76bba12e-2f74-4525-959f-7a651f40206a{ip: 192.168.34.38, host: pr-hdds-2007-65vhz-3510356991, networkLocation: /default-rack, certSerialId: null}, Type:RATIS, Factor:THREE, State:CLOSED]
2019-09-12 13:13:32,188 [java.util.concurrent.ThreadPoolExecutor$Worker@5c82ddc3[State = -1, empty queue]] WARN  server.GrpcLogAppender (GrpcLogAppender.java:timeoutAppendRequest(200)) - b12fb8a7-710d-4c3e-812a-0e86e46484d7@group-2679EB29DCDF->76bba12e-2f74-4525-959f-7a651f40206a-GrpcLogAppender: appendEntries Timeout, request=b12fb8a7-710d-4c3e-812a-0e86e46484d7->76bba12e-2f74-4525-959f-7a651f40206a#164-t1, previous=(t:1, i:19), leaderCommit=12, initializing? false, entries: <empty>
2019-09-12 13:13:32,188 [java.util.concurrent.ThreadPoolExecutor$Worker@558b229d[State = -1, empty queue]] WARN  server.GrpcLogAppender (GrpcLogAppender.java:timeoutAppendRequest(200)) - b12fb8a7-710d-4c3e-812a-0e86e46484d7@group-2679EB29DCDF->398b50df-cdaa-4e1b-b32c-4c6ed0083aaf-GrpcLogAppender: appendEntries Timeout, request=b12fb8a7-710d-4c3e-812a-0e86e46484d7->398b50df-cdaa-4e1b-b32c-4c6ed0083aaf#164-t1, previous=(t:1, i:19), leaderCommit=12, initializing? false, entries: <empty>
2019-09-12 13:13:33,571 [398b50df-cdaa-4e1b-b32c-4c6ed0083aaf@group-0E486302271A:LeaderElection12] INFO  impl.LeaderElection (LeaderElection.java:askForVotes(182)) - 398b50df-cdaa-4e1b-b32c-4c6ed0083aaf@group-0E486302271A:LeaderElection12: begin an election at term 1 for -1: [398b50df-cdaa-4e1b-b32c-4c6ed0083aaf:192.168.34.38:42550, b12fb8a7-710d-4c3e-812a-0e86e46484d7:192.168.34.38:33689, 76bba12e-2f74-4525-959f-7a651f40206a:192.168.34.38:43843], old=null
2019-09-12 13:13:33,571 [76bba12e-2f74-4525-959f-7a651f40206a@group-0E486302271A:LeaderElection13] INFO  impl.LeaderElection (LeaderElection.java:askForVotes(182)) - 76bba12e-2f74-4525-959f-7a651f40206a@group-0E486302271A:LeaderElection13: begin an election at term 1 for -1: [398b50df-cdaa-4e1b-b32c-4c6ed0083aaf:192.168.34.38:42550, b12fb8a7-710d-4c3e-812a-0e86e46484d7:192.168.34.38:33689, 76bba12e-2f74-4525-959f-7a651f40206a:192.168.34.38:43843], old=null
2019-09-12 13:13:33,581 [grpc-default-executor-8] WARN  server.GrpcServerProtocolService (LogUtils.java:warn(136)) - b12fb8a7-710d-4c3e-812a-0e86e46484d7: Failed requestVote 76bba12e-2f74-4525-959f-7a651f40206a->b12fb8a7-710d-4c3e-812a-0e86e46484d7#0
org.apache.ratis.protocol.GroupMismatchException: b12fb8a7-710d-4c3e-812a-0e86e46484d7: group-0E486302271A not found.
	at org.apache.ratis.server.impl.RaftServerProxy$ImplMap.get(RaftServerProxy.java:122)
	at org.apache.ratis.server.impl.RaftServerProxy.getImplFuture(RaftServerProxy.java:269)
	at org.apache.ratis.server.impl.RaftServerProxy.getImpl(RaftServerProxy.java:278)
	at org.apache.ratis.server.impl.RaftServerProxy.getImpl(RaftServerProxy.java:273)
	at org.apache.ratis.server.impl.RaftServerProxy.requestVote(RaftServerProxy.java:443)
	at org.apache.ratis.grpc.server.GrpcServerProtocolService.requestVote(GrpcServerProtocolService.java:142)
	at org.apache.ratis.proto.grpc.RaftServerProtocolServiceGrpc$MethodHandlers.invoke(RaftServerProtocolServiceGrpc.java:319)
	at org.apache.ratis.thirdparty.io.grpc.stub.ServerCalls$UnaryServerCallHandler$UnaryServerCallListener.onHalfClose(ServerCalls.java:171)
	at org.apache.ratis.thirdparty.io.grpc.internal.ServerCallImpl$ServerStreamListenerImpl.halfClosed(ServerCallImpl.java:283)
	at org.apache.ratis.thirdparty.io.grpc.internal.ServerImpl$JumpToApplicationThreadServerStreamListener$1HalfClosed.runInContext(ServerImpl.java:710)
	at org.apache.ratis.thirdparty.io.grpc.internal.ContextRunnable.run(ContextRunnable.java:37)
	at org.apache.ratis.thirdparty.io.grpc.internal.SerializingExecutor.run(SerializingExecutor.java:123)
	at java.util.concurrent.ThreadPoolExecutor.runWorker(ThreadPoolExecutor.java:1149)
	at java.util.concurrent.ThreadPoolExecutor$Worker.run(ThreadPoolExecutor.java:624)
	at java.lang.Thread.run(Thread.java:748)
2019-09-12 13:13:33,581 [grpc-default-executor-3] WARN  server.GrpcServerProtocolService (LogUtils.java:warn(136)) - b12fb8a7-710d-4c3e-812a-0e86e46484d7: Failed requestVote 398b50df-cdaa-4e1b-b32c-4c6ed0083aaf->b12fb8a7-710d-4c3e-812a-0e86e46484d7#0
org.apache.ratis.protocol.GroupMismatchException: b12fb8a7-710d-4c3e-812a-0e86e46484d7: group-0E486302271A not found.
	at org.apache.ratis.server.impl.RaftServerProxy$ImplMap.get(RaftServerProxy.java:122)
	at org.apache.ratis.server.impl.RaftServerProxy.getImplFuture(RaftServerProxy.java:269)
	at org.apache.ratis.server.impl.RaftServerProxy.getImpl(RaftServerProxy.java:278)
	at org.apache.ratis.server.impl.RaftServerProxy.getImpl(RaftServerProxy.java:273)
	at org.apache.ratis.server.impl.RaftServerProxy.requestVote(RaftServerProxy.java:443)
	at org.apache.ratis.grpc.server.GrpcServerProtocolService.requestVote(GrpcServerProtocolService.java:142)
	at org.apache.ratis.proto.grpc.RaftServerProtocolServiceGrpc$MethodHandlers.invoke(RaftServerProtocolServiceGrpc.java:319)
	at org.apache.ratis.thirdparty.io.grpc.stub.ServerCalls$UnaryServerCallHandler$UnaryServerCallListener.onHalfClose(ServerCalls.java:171)
	at org.apache.ratis.thirdparty.io.grpc.internal.ServerCallImpl$ServerStreamListenerImpl.halfClosed(ServerCallImpl.java:283)
	at org.apache.ratis.thirdparty.io.grpc.internal.ServerImpl$JumpToApplicationThreadServerStreamListener$1HalfClosed.runInContext(ServerImpl.java:710)
	at org.apache.ratis.thirdparty.io.grpc.internal.ContextRunnable.run(ContextRunnable.java:37)
	at org.apache.ratis.thirdparty.io.grpc.internal.SerializingExecutor.run(SerializingExecutor.java:123)
	at java.util.concurrent.ThreadPoolExecutor.runWorker(ThreadPoolExecutor.java:1149)
	at java.util.concurrent.ThreadPoolExecutor$Worker.run(ThreadPoolExecutor.java:624)
	at java.lang.Thread.run(Thread.java:748)
2019-09-12 13:13:33,585 [398b50df-cdaa-4e1b-b32c-4c6ed0083aaf@group-0E486302271A:LeaderElection12] INFO  impl.LeaderElection (LogUtils.java:infoOrTrace(149)) - 398b50df-cdaa-4e1b-b32c-4c6ed0083aaf@group-0E486302271A:LeaderElection12 got exception when requesting votes: {}
java.util.concurrent.ExecutionException: org.apache.ratis.thirdparty.io.grpc.StatusRuntimeException: INTERNAL: b12fb8a7-710d-4c3e-812a-0e86e46484d7: group-0E486302271A not found.
	at java.util.concurrent.FutureTask.report(FutureTask.java:122)
	at java.util.concurrent.FutureTask.get(FutureTask.java:192)
	at org.apache.ratis.server.impl.LeaderElection.waitForResults(LeaderElection.java:263)
	at org.apache.ratis.server.impl.LeaderElection.askForVotes(LeaderElection.java:201)
	at org.apache.ratis.server.impl.LeaderElection.run(LeaderElection.java:133)
	at java.lang.Thread.run(Thread.java:748)
Caused by: org.apache.ratis.thirdparty.io.grpc.StatusRuntimeException: INTERNAL: b12fb8a7-710d-4c3e-812a-0e86e46484d7: group-0E486302271A not found.
	at org.apache.ratis.thirdparty.io.grpc.stub.ClientCalls.toStatusRuntimeException(ClientCalls.java:233)
	at org.apache.ratis.thirdparty.io.grpc.stub.ClientCalls.getUnchecked(ClientCalls.java:214)
	at org.apache.ratis.thirdparty.io.grpc.stub.ClientCalls.blockingUnaryCall(ClientCalls.java:139)
	at org.apache.ratis.proto.grpc.RaftServerProtocolServiceGrpc$RaftServerProtocolServiceBlockingStub.requestVote(RaftServerProtocolServiceGrpc.java:265)
	at org.apache.ratis.grpc.server.GrpcServerProtocolClient.requestVote(GrpcServerProtocolClient.java:90)
	at org.apache.ratis.grpc.server.GrpcService.requestVote(GrpcService.java:204)
	at org.apache.ratis.server.impl.LeaderElection.lambda$submitRequests$1(LeaderElection.java:238)
	at java.util.concurrent.FutureTask.run(FutureTask.java:266)
	at java.util.concurrent.Executors$RunnableAdapter.call(Executors.java:511)
	at java.util.concurrent.FutureTask.run(FutureTask.java:266)
	at java.util.concurrent.ThreadPoolExecutor.runWorker(ThreadPoolExecutor.java:1149)
	at java.util.concurrent.ThreadPoolExecutor$Worker.run(ThreadPoolExecutor.java:624)
	... 1 more
2019-09-12 13:13:33,585 [76bba12e-2f74-4525-959f-7a651f40206a@group-0E486302271A:LeaderElection13] INFO  impl.LeaderElection (LogUtils.java:infoOrTrace(149)) - 76bba12e-2f74-4525-959f-7a651f40206a@group-0E486302271A:LeaderElection13 got exception when requesting votes: {}
java.util.concurrent.ExecutionException: org.apache.ratis.thirdparty.io.grpc.StatusRuntimeException: INTERNAL: b12fb8a7-710d-4c3e-812a-0e86e46484d7: group-0E486302271A not found.
	at java.util.concurrent.FutureTask.report(FutureTask.java:122)
	at java.util.concurrent.FutureTask.get(FutureTask.java:192)
	at org.apache.ratis.server.impl.LeaderElection.waitForResults(LeaderElection.java:263)
	at org.apache.ratis.server.impl.LeaderElection.askForVotes(LeaderElection.java:201)
	at org.apache.ratis.server.impl.LeaderElection.run(LeaderElection.java:133)
	at java.lang.Thread.run(Thread.java:748)
Caused by: org.apache.ratis.thirdparty.io.grpc.StatusRuntimeException: INTERNAL: b12fb8a7-710d-4c3e-812a-0e86e46484d7: group-0E486302271A not found.
	at org.apache.ratis.thirdparty.io.grpc.stub.ClientCalls.toStatusRuntimeException(ClientCalls.java:233)
	at org.apache.ratis.thirdparty.io.grpc.stub.ClientCalls.getUnchecked(ClientCalls.java:214)
	at org.apache.ratis.thirdparty.io.grpc.stub.ClientCalls.blockingUnaryCall(ClientCalls.java:139)
	at org.apache.ratis.proto.grpc.RaftServerProtocolServiceGrpc$RaftServerProtocolServiceBlockingStub.requestVote(RaftServerProtocolServiceGrpc.java:265)
	at org.apache.ratis.grpc.server.GrpcServerProtocolClient.requestVote(GrpcServerProtocolClient.java:90)
	at org.apache.ratis.grpc.server.GrpcService.requestVote(GrpcService.java:204)
	at org.apache.ratis.server.impl.LeaderElection.lambda$submitRequests$1(LeaderElection.java:238)
	at java.util.concurrent.FutureTask.run(FutureTask.java:266)
	at java.util.concurrent.Executors$RunnableAdapter.call(Executors.java:511)
	at java.util.concurrent.FutureTask.run(FutureTask.java:266)
	at java.util.concurrent.ThreadPoolExecutor.runWorker(ThreadPoolExecutor.java:1149)
	at java.util.concurrent.ThreadPoolExecutor$Worker.run(ThreadPoolExecutor.java:624)
	... 1 more
2019-09-12 13:13:33,590 [398b50df-cdaa-4e1b-b32c-4c6ed0083aaf@group-0E486302271A:LeaderElection12] INFO  impl.LeaderElection (LeaderElection.java:logAndReturn(56)) - 398b50df-cdaa-4e1b-b32c-4c6ed0083aaf@group-0E486302271A:LeaderElection12: Election REJECTED; received 1 response(s) [398b50df-cdaa-4e1b-b32c-4c6ed0083aaf<-76bba12e-2f74-4525-959f-7a651f40206a#0:FAIL-t1] and 1 exception(s); 398b50df-cdaa-4e1b-b32c-4c6ed0083aaf@group-0E486302271A:t1, leader=null, voted=398b50df-cdaa-4e1b-b32c-4c6ed0083aaf, raftlog=398b50df-cdaa-4e1b-b32c-4c6ed0083aaf@group-0E486302271A-SegmentedRaftLog:OPENED:c-1,f-1,i0, conf=-1: [398b50df-cdaa-4e1b-b32c-4c6ed0083aaf:192.168.34.38:42550, b12fb8a7-710d-4c3e-812a-0e86e46484d7:192.168.34.38:33689, 76bba12e-2f74-4525-959f-7a651f40206a:192.168.34.38:43843], old=null
2019-09-12 13:13:33,594 [76bba12e-2f74-4525-959f-7a651f40206a@group-0E486302271A:LeaderElection13] INFO  impl.LeaderElection (LeaderElection.java:logAndReturn(56)) - 76bba12e-2f74-4525-959f-7a651f40206a@group-0E486302271A:LeaderElection13: Election REJECTED; received 1 response(s) [76bba12e-2f74-4525-959f-7a651f40206a<-398b50df-cdaa-4e1b-b32c-4c6ed0083aaf#0:FAIL-t1] and 1 exception(s); 76bba12e-2f74-4525-959f-7a651f40206a@group-0E486302271A:t1, leader=null, voted=76bba12e-2f74-4525-959f-7a651f40206a, raftlog=76bba12e-2f74-4525-959f-7a651f40206a@group-0E486302271A-SegmentedRaftLog:OPENED:c-1,f-1,i0, conf=-1: [398b50df-cdaa-4e1b-b32c-4c6ed0083aaf:192.168.34.38:42550, b12fb8a7-710d-4c3e-812a-0e86e46484d7:192.168.34.38:33689, 76bba12e-2f74-4525-959f-7a651f40206a:192.168.34.38:43843], old=null
2019-09-12 13:13:33,595 [398b50df-cdaa-4e1b-b32c-4c6ed0083aaf@group-0E486302271A:LeaderElection12] INFO  impl.LeaderElection (LogUtils.java:infoOrTrace(149)) -   Exception 0: {}
java.util.concurrent.ExecutionException: org.apache.ratis.thirdparty.io.grpc.StatusRuntimeException: INTERNAL: b12fb8a7-710d-4c3e-812a-0e86e46484d7: group-0E486302271A not found.
	at java.util.concurrent.FutureTask.report(FutureTask.java:122)
	at java.util.concurrent.FutureTask.get(FutureTask.java:192)
	at org.apache.ratis.server.impl.LeaderElection.waitForResults(LeaderElection.java:263)
	at org.apache.ratis.server.impl.LeaderElection.askForVotes(LeaderElection.java:201)
	at org.apache.ratis.server.impl.LeaderElection.run(LeaderElection.java:133)
	at java.lang.Thread.run(Thread.java:748)
Caused by: org.apache.ratis.thirdparty.io.grpc.StatusRuntimeException: INTERNAL: b12fb8a7-710d-4c3e-812a-0e86e46484d7: group-0E486302271A not found.
	at org.apache.ratis.thirdparty.io.grpc.stub.ClientCalls.toStatusRuntimeException(ClientCalls.java:233)
	at org.apache.ratis.thirdparty.io.grpc.stub.ClientCalls.getUnchecked(ClientCalls.java:214)
	at org.apache.ratis.thirdparty.io.grpc.stub.ClientCalls.blockingUnaryCall(ClientCalls.java:139)
	at org.apache.ratis.proto.grpc.RaftServerProtocolServiceGrpc$RaftServerProtocolServiceBlockingStub.requestVote(RaftServerProtocolServiceGrpc.java:265)
	at org.apache.ratis.grpc.server.GrpcServerProtocolClient.requestVote(GrpcServerProtocolClient.java:90)
	at org.apache.ratis.grpc.server.GrpcService.requestVote(GrpcService.java:204)
	at org.apache.ratis.server.impl.LeaderElection.lambda$submitRequests$1(LeaderElection.java:238)
	at java.util.concurrent.FutureTask.run(FutureTask.java:266)
	at java.util.concurrent.Executors$RunnableAdapter.call(Executors.java:511)
	at java.util.concurrent.FutureTask.run(FutureTask.java:266)
	at java.util.concurrent.ThreadPoolExecutor.runWorker(ThreadPoolExecutor.java:1149)
	at java.util.concurrent.ThreadPoolExecutor$Worker.run(ThreadPoolExecutor.java:624)
	... 1 more
2019-09-12 13:13:33,595 [76bba12e-2f74-4525-959f-7a651f40206a@group-0E486302271A:LeaderElection13] INFO  impl.LeaderElection (LogUtils.java:infoOrTrace(149)) -   Exception 0: {}
java.util.concurrent.ExecutionException: org.apache.ratis.thirdparty.io.grpc.StatusRuntimeException: INTERNAL: b12fb8a7-710d-4c3e-812a-0e86e46484d7: group-0E486302271A not found.
	at java.util.concurrent.FutureTask.report(FutureTask.java:122)
	at java.util.concurrent.FutureTask.get(FutureTask.java:192)
	at org.apache.ratis.server.impl.LeaderElection.waitForResults(LeaderElection.java:263)
	at org.apache.ratis.server.impl.LeaderElection.askForVotes(LeaderElection.java:201)
	at org.apache.ratis.server.impl.LeaderElection.run(LeaderElection.java:133)
	at java.lang.Thread.run(Thread.java:748)
Caused by: org.apache.ratis.thirdparty.io.grpc.StatusRuntimeException: INTERNAL: b12fb8a7-710d-4c3e-812a-0e86e46484d7: group-0E486302271A not found.
	at org.apache.ratis.thirdparty.io.grpc.stub.ClientCalls.toStatusRuntimeException(ClientCalls.java:233)
	at org.apache.ratis.thirdparty.io.grpc.stub.ClientCalls.getUnchecked(ClientCalls.java:214)
	at org.apache.ratis.thirdparty.io.grpc.stub.ClientCalls.blockingUnaryCall(ClientCalls.java:139)
	at org.apache.ratis.proto.grpc.RaftServerProtocolServiceGrpc$RaftServerProtocolServiceBlockingStub.requestVote(RaftServerProtocolServiceGrpc.java:265)
	at org.apache.ratis.grpc.server.GrpcServerProtocolClient.requestVote(GrpcServerProtocolClient.java:90)
	at org.apache.ratis.grpc.server.GrpcService.requestVote(GrpcService.java:204)
	at org.apache.ratis.server.impl.LeaderElection.lambda$submitRequests$1(LeaderElection.java:238)
	at java.util.concurrent.FutureTask.run(FutureTask.java:266)
	at java.util.concurrent.Executors$RunnableAdapter.call(Executors.java:511)
	at java.util.concurrent.FutureTask.run(FutureTask.java:266)
	at java.util.concurrent.ThreadPoolExecutor.runWorker(ThreadPoolExecutor.java:1149)
	at java.util.concurrent.ThreadPoolExecutor$Worker.run(ThreadPoolExecutor.java:624)
	... 1 more
2019-09-12 13:13:33,595 [398b50df-cdaa-4e1b-b32c-4c6ed0083aaf@group-0E486302271A:LeaderElection12] INFO  impl.RaftServerImpl (RaftServerImpl.java:setRole(174)) - 398b50df-cdaa-4e1b-b32c-4c6ed0083aaf@group-0E486302271A: changes role from CANDIDATE to FOLLOWER at term 1 for DISCOVERED_A_NEW_TERM
2019-09-12 13:13:33,599 [76bba12e-2f74-4525-959f-7a651f40206a@group-0E486302271A:LeaderElection13] INFO  impl.RaftServerImpl (RaftServerImpl.java:setRole(174)) - 76bba12e-2f74-4525-959f-7a651f40206a@group-0E486302271A: changes role from CANDIDATE to FOLLOWER at term 1 for DISCOVERED_A_NEW_TERM
2019-09-12 13:13:33,602 [398b50df-cdaa-4e1b-b32c-4c6ed0083aaf@group-0E486302271A:LeaderElection12] INFO  impl.RoleInfo (RoleInfo.java:shutdownLeaderElection(134)) - 398b50df-cdaa-4e1b-b32c-4c6ed0083aaf: shutdown LeaderElection
2019-09-12 13:13:33,602 [76bba12e-2f74-4525-959f-7a651f40206a@group-0E486302271A:LeaderElection13] INFO  impl.RoleInfo (RoleInfo.java:shutdownLeaderElection(134)) - 76bba12e-2f74-4525-959f-7a651f40206a: shutdown LeaderElection
2019-09-12 13:13:33,602 [398b50df-cdaa-4e1b-b32c-4c6ed0083aaf@group-0E486302271A:LeaderElection12] INFO  impl.RoleInfo (RoleInfo.java:updateAndGet(143)) - 398b50df-cdaa-4e1b-b32c-4c6ed0083aaf: start FollowerState
2019-09-12 13:13:33,602 [76bba12e-2f74-4525-959f-7a651f40206a@group-0E486302271A:LeaderElection13] INFO  impl.RoleInfo (RoleInfo.java:updateAndGet(143)) - 76bba12e-2f74-4525-959f-7a651f40206a: start FollowerState
2019-09-12 13:13:34,190 [org.apache.ratis.server.impl.LogAppender$AppenderDaemon$$Lambda$485/1236579333@2bd839b] ERROR ratis.XceiverServerRatis (XceiverServerRatis.java:triggerPipelineClose(568)) - pipeline Action CLOSE  on pipeline PipelineID=a707ec57-7eab-4057-848f-2679eb29dcdf.Reason : b12fb8a7-710d-4c3e-812a-0e86e46484d7 has not seen follower/s 398b50df-cdaa-4e1b-b32c-4c6ed0083aaf for 179264ms 76bba12e-2f74-4525-959f-7a651f40206a for 179264ms
2019-09-12 13:13:34,190 [org.apache.ratis.server.impl.LogAppender$AppenderDaemon$$Lambda$485/1236579333@36b5ce93] ERROR ratis.XceiverServerRatis (XceiverServerRatis.java:triggerPipelineClose(568)) - pipeline Action CLOSE  on pipeline PipelineID=a707ec57-7eab-4057-848f-2679eb29dcdf.Reason : b12fb8a7-710d-4c3e-812a-0e86e46484d7 has not seen follower/s 398b50df-cdaa-4e1b-b32c-4c6ed0083aaf for 179264ms 76bba12e-2f74-4525-959f-7a651f40206a for 179264ms
2019-09-12 13:13:34,688 [java.util.concurrent.ThreadPoolExecutor$Worker@5c82ddc3[State = -1, empty queue]] WARN  server.GrpcLogAppender (GrpcLogAppender.java:timeoutAppendRequest(200)) - b12fb8a7-710d-4c3e-812a-0e86e46484d7@group-2679EB29DCDF->76bba12e-2f74-4525-959f-7a651f40206a-GrpcLogAppender: appendEntries Timeout, request=b12fb8a7-710d-4c3e-812a-0e86e46484d7->76bba12e-2f74-4525-959f-7a651f40206a#165-t1, previous=(t:1, i:19), leaderCommit=12, initializing? false, entries: <empty>
2019-09-12 13:13:34,689 [java.util.concurrent.ThreadPoolExecutor$Worker@558b229d[State = -1, empty queue]] WARN  server.GrpcLogAppender (GrpcLogAppender.java:timeoutAppendRequest(200)) - b12fb8a7-710d-4c3e-812a-0e86e46484d7@group-2679EB29DCDF->398b50df-cdaa-4e1b-b32c-4c6ed0083aaf-GrpcLogAppender: appendEntries Timeout, request=b12fb8a7-710d-4c3e-812a-0e86e46484d7->398b50df-cdaa-4e1b-b32c-4c6ed0083aaf#165-t1, previous=(t:1, i:19), leaderCommit=12, initializing? false, entries: <empty>
2019-09-12 13:13:34,994 [398b50df-cdaa-4e1b-b32c-4c6ed0083aaf@group-2679EB29DCDF-SegmentedRaftLogWorker] WARN  segmented.SegmentedRaftLogWorker (SegmentedRaftLogWorker.java:getFromFuture(90)) - Timeout 17/~
org.apache.ratis.protocol.TimeoutIOException: Timeout 10s: WriteLog:13: (t:1, i:13), STATEMACHINELOGENTRY, client-BDAEC2693858, cid=33-writeStateMachineData
	at org.apache.ratis.util.IOUtils.getFromFuture(IOUtils.java:87)
	at org.apache.ratis.server.raftlog.segmented.SegmentedRaftLogWorker$StateMachineDataPolicy.getFromFuture(SegmentedRaftLogWorker.java:87)
	at org.apache.ratis.server.raftlog.segmented.SegmentedRaftLogWorker$WriteLog.execute(SegmentedRaftLogWorker.java:477)
	at org.apache.ratis.server.raftlog.segmented.SegmentedRaftLogWorker.run(SegmentedRaftLogWorker.java:289)
	at java.lang.Thread.run(Thread.java:748)
Caused by: java.util.concurrent.TimeoutException
	at java.util.concurrent.CompletableFuture.timedGet(CompletableFuture.java:1771)
	at java.util.concurrent.CompletableFuture.get(CompletableFuture.java:1915)
	at org.apache.ratis.util.IOUtils.getFromFuture(IOUtils.java:79)
	... 4 more
2019-09-12 13:13:35,020 [76bba12e-2f74-4525-959f-7a651f40206a@group-2679EB29DCDF-SegmentedRaftLogWorker] WARN  segmented.SegmentedRaftLogWorker (SegmentedRaftLogWorker.java:getFromFuture(90)) - Timeout 17/~
org.apache.ratis.protocol.TimeoutIOException: Timeout 10s: WriteLog:13: (t:1, i:13), STATEMACHINELOGENTRY, client-BDAEC2693858, cid=33-writeStateMachineData
	at org.apache.ratis.util.IOUtils.getFromFuture(IOUtils.java:87)
	at org.apache.ratis.server.raftlog.segmented.SegmentedRaftLogWorker$StateMachineDataPolicy.getFromFuture(SegmentedRaftLogWorker.java:87)
	at org.apache.ratis.server.raftlog.segmented.SegmentedRaftLogWorker$WriteLog.execute(SegmentedRaftLogWorker.java:477)
	at org.apache.ratis.server.raftlog.segmented.SegmentedRaftLogWorker.run(SegmentedRaftLogWorker.java:289)
	at java.lang.Thread.run(Thread.java:748)
Caused by: java.util.concurrent.TimeoutException
	at java.util.concurrent.CompletableFuture.timedGet(CompletableFuture.java:1771)
	at java.util.concurrent.CompletableFuture.get(CompletableFuture.java:1915)
	at org.apache.ratis.util.IOUtils.getFromFuture(IOUtils.java:79)
	... 4 more
2019-09-12 13:13:35,044 [b12fb8a7-710d-4c3e-812a-0e86e46484d7@group-2679EB29DCDF-SegmentedRaftLogWorker] WARN  segmented.SegmentedRaftLogWorker (SegmentedRaftLogWorker.java:getFromFuture(90)) - Timeout 17/~
org.apache.ratis.protocol.TimeoutIOException: Timeout 10s: WriteLog:14: (t:1, i:14), STATEMACHINELOGENTRY, client-BDAEC2693858, cid=34-writeStateMachineData
	at org.apache.ratis.util.IOUtils.getFromFuture(IOUtils.java:87)
	at org.apache.ratis.server.raftlog.segmented.SegmentedRaftLogWorker$StateMachineDataPolicy.getFromFuture(SegmentedRaftLogWorker.java:87)
	at org.apache.ratis.server.raftlog.segmented.SegmentedRaftLogWorker$WriteLog.execute(SegmentedRaftLogWorker.java:477)
	at org.apache.ratis.server.raftlog.segmented.SegmentedRaftLogWorker.run(SegmentedRaftLogWorker.java:289)
	at java.lang.Thread.run(Thread.java:748)
Caused by: java.util.concurrent.TimeoutException
	at java.util.concurrent.CompletableFuture.timedGet(CompletableFuture.java:1771)
	at java.util.concurrent.CompletableFuture.get(CompletableFuture.java:1915)
	at org.apache.ratis.util.IOUtils.getFromFuture(IOUtils.java:79)
	... 4 more
2019-09-12 13:13:35,169 [EventQueue-PipelineActionsForPipelineActionHandler] ERROR pipeline.PipelineActionHandler (PipelineActionHandler.java:onMessage(60)) - Received pipeline action CLOSE for Pipeline[ Id: a707ec57-7eab-4057-848f-2679eb29dcdf, Nodes: 398b50df-cdaa-4e1b-b32c-4c6ed0083aaf{ip: 192.168.34.38, host: pr-hdds-2007-65vhz-3510356991, networkLocation: /default-rack, certSerialId: null}b12fb8a7-710d-4c3e-812a-0e86e46484d7{ip: 192.168.34.38, host: pr-hdds-2007-65vhz-3510356991, networkLocation: /default-rack, certSerialId: null}76bba12e-2f74-4525-959f-7a651f40206a{ip: 192.168.34.38, host: pr-hdds-2007-65vhz-3510356991, networkLocation: /default-rack, certSerialId: null}, Type:RATIS, Factor:THREE, State:CLOSED] from datanode b12fb8a7-710d-4c3e-812a-0e86e46484d7{ip: 192.168.34.38, host: pr-hdds-2007-65vhz-3510356991, networkLocation: /default-rack, certSerialId: null}. Reason : b12fb8a7-710d-4c3e-812a-0e86e46484d7 has not seen follower/s 398b50df-cdaa-4e1b-b32c-4c6ed0083aaf for 179264ms 76bba12e-2f74-4525-959f-7a651f40206a for 179264ms
2019-09-12 13:13:35,169 [EventQueue-PipelineActionsForPipelineActionHandler] INFO  pipeline.SCMPipelineManager (SCMPipelineManager.java:finalizeAndDestroyPipeline(311)) - destroying pipeline:Pipeline[ Id: a707ec57-7eab-4057-848f-2679eb29dcdf, Nodes: 398b50df-cdaa-4e1b-b32c-4c6ed0083aaf{ip: 192.168.34.38, host: pr-hdds-2007-65vhz-3510356991, networkLocation: /default-rack, certSerialId: null}b12fb8a7-710d-4c3e-812a-0e86e46484d7{ip: 192.168.34.38, host: pr-hdds-2007-65vhz-3510356991, networkLocation: /default-rack, certSerialId: null}76bba12e-2f74-4525-959f-7a651f40206a{ip: 192.168.34.38, host: pr-hdds-2007-65vhz-3510356991, networkLocation: /default-rack, certSerialId: null}, Type:RATIS, Factor:THREE, State:CLOSED]
2019-09-12 13:13:36,692 [org.apache.ratis.server.impl.LogAppender$AppenderDaemon$$Lambda$485/1236579333@2bd839b] ERROR ratis.XceiverServerRatis (XceiverServerRatis.java:triggerPipelineClose(568)) - pipeline Action CLOSE  on pipeline PipelineID=a707ec57-7eab-4057-848f-2679eb29dcdf.Reason : b12fb8a7-710d-4c3e-812a-0e86e46484d7 has not seen follower/s 398b50df-cdaa-4e1b-b32c-4c6ed0083aaf for 181766ms 76bba12e-2f74-4525-959f-7a651f40206a for 181766ms
2019-09-12 13:13:36,692 [org.apache.ratis.server.impl.LogAppender$AppenderDaemon$$Lambda$485/1236579333@36b5ce93] ERROR ratis.XceiverServerRatis (XceiverServerRatis.java:triggerPipelineClose(568)) - pipeline Action CLOSE  on pipeline PipelineID=a707ec57-7eab-4057-848f-2679eb29dcdf.Reason : b12fb8a7-710d-4c3e-812a-0e86e46484d7 has not seen follower/s 398b50df-cdaa-4e1b-b32c-4c6ed0083aaf for 181766ms 76bba12e-2f74-4525-959f-7a651f40206a for 181766ms
2019-09-12 13:13:37,032 [grpc-default-executor-3] INFO  client.GrpcClientProtocolClient (GrpcClientProtocolClient.java:onNext(264)) - client-BDAEC2693858->76bba12e-2f74-4525-959f-7a651f40206a: receive RaftClientReply:client-BDAEC2693858->76bba12e-2f74-4525-959f-7a651f40206a@group-2679EB29DCDF, cid=33, FAILED org.apache.ratis.protocol.NotLeaderException: Server 76bba12e-2f74-4525-959f-7a651f40206a@group-2679EB29DCDF is not the leader b12fb8a7-710d-4c3e-812a-0e86e46484d7:192.168.34.38:33689, logIndex=0, commits[76bba12e-2f74-4525-959f-7a651f40206a:c12, 398b50df-cdaa-4e1b-b32c-4c6ed0083aaf:c10, b12fb8a7-710d-4c3e-812a-0e86e46484d7:c12]
2019-09-12 13:13:37,169 [EventQueue-PipelineActionsForPipelineActionHandler] ERROR pipeline.PipelineActionHandler (PipelineActionHandler.java:onMessage(60)) - Received pipeline action CLOSE for Pipeline[ Id: a707ec57-7eab-4057-848f-2679eb29dcdf, Nodes: 398b50df-cdaa-4e1b-b32c-4c6ed0083aaf{ip: 192.168.34.38, host: pr-hdds-2007-65vhz-3510356991, networkLocation: /default-rack, certSerialId: null}b12fb8a7-710d-4c3e-812a-0e86e46484d7{ip: 192.168.34.38, host: pr-hdds-2007-65vhz-3510356991, networkLocation: /default-rack, certSerialId: null}76bba12e-2f74-4525-959f-7a651f40206a{ip: 192.168.34.38, host: pr-hdds-2007-65vhz-3510356991, networkLocation: /default-rack, certSerialId: null}, Type:RATIS, Factor:THREE, State:CLOSED] from datanode b12fb8a7-710d-4c3e-812a-0e86e46484d7{ip: 192.168.34.38, host: pr-hdds-2007-65vhz-3510356991, networkLocation: /default-rack, certSerialId: null}. Reason : b12fb8a7-710d-4c3e-812a-0e86e46484d7 has not seen follower/s 398b50df-cdaa-4e1b-b32c-4c6ed0083aaf for 181766ms 76bba12e-2f74-4525-959f-7a651f40206a for 181766ms
2019-09-12 13:13:37,169 [EventQueue-PipelineActionsForPipelineActionHandler] INFO  pipeline.SCMPipelineManager (SCMPipelineManager.java:finalizeAndDestroyPipeline(311)) - destroying pipeline:Pipeline[ Id: a707ec57-7eab-4057-848f-2679eb29dcdf, Nodes: 398b50df-cdaa-4e1b-b32c-4c6ed0083aaf{ip: 192.168.34.38, host: pr-hdds-2007-65vhz-3510356991, networkLocation: /default-rack, certSerialId: null}b12fb8a7-710d-4c3e-812a-0e86e46484d7{ip: 192.168.34.38, host: pr-hdds-2007-65vhz-3510356991, networkLocation: /default-rack, certSerialId: null}76bba12e-2f74-4525-959f-7a651f40206a{ip: 192.168.34.38, host: pr-hdds-2007-65vhz-3510356991, networkLocation: /default-rack, certSerialId: null}, Type:RATIS, Factor:THREE, State:CLOSED]
2019-09-12 13:13:37,190 [java.util.concurrent.ThreadPoolExecutor$Worker@5c82ddc3[State = -1, empty queue]] WARN  server.GrpcLogAppender (GrpcLogAppender.java:timeoutAppendRequest(200)) - b12fb8a7-710d-4c3e-812a-0e86e46484d7@group-2679EB29DCDF->76bba12e-2f74-4525-959f-7a651f40206a-GrpcLogAppender: appendEntries Timeout, request=b12fb8a7-710d-4c3e-812a-0e86e46484d7->76bba12e-2f74-4525-959f-7a651f40206a#166-t1, previous=(t:1, i:19), leaderCommit=12, initializing? false, entries: <empty>
2019-09-12 13:13:37,190 [java.util.concurrent.ThreadPoolExecutor$Worker@558b229d[State = -1, empty queue]] WARN  server.GrpcLogAppender (GrpcLogAppender.java:timeoutAppendRequest(200)) - b12fb8a7-710d-4c3e-812a-0e86e46484d7@group-2679EB29DCDF->398b50df-cdaa-4e1b-b32c-4c6ed0083aaf-GrpcLogAppender: appendEntries Timeout, request=b12fb8a7-710d-4c3e-812a-0e86e46484d7->398b50df-cdaa-4e1b-b32c-4c6ed0083aaf#166-t1, previous=(t:1, i:19), leaderCommit=12, initializing? false, entries: <empty>
2019-09-12 13:13:38,662 [Thread-1383] INFO  impl.FollowerState (FollowerState.java:run(106)) - 76bba12e-2f74-4525-959f-7a651f40206a:group-0E486302271A changes to CANDIDATE, lastRpcTime:5059, electionTimeout:5055ms
2019-09-12 13:13:38,662 [Thread-1383] INFO  impl.RoleInfo (RoleInfo.java:shutdownFollowerState(121)) - 76bba12e-2f74-4525-959f-7a651f40206a: shutdown FollowerState
2019-09-12 13:13:38,662 [Thread-1383] INFO  impl.RaftServerImpl (RaftServerImpl.java:setRole(174)) - 76bba12e-2f74-4525-959f-7a651f40206a@group-0E486302271A: changes role from  FOLLOWER to CANDIDATE at term 1 for changeToCandidate
2019-09-12 13:13:38,662 [Thread-1383] INFO  impl.RoleInfo (RoleInfo.java:updateAndGet(143)) - 76bba12e-2f74-4525-959f-7a651f40206a: start LeaderElection
2019-09-12 13:13:38,711 [Thread-1382] INFO  impl.FollowerState (FollowerState.java:run(106)) - 398b50df-cdaa-4e1b-b32c-4c6ed0083aaf:group-0E486302271A changes to CANDIDATE, lastRpcTime:5108, electionTimeout:5104ms
2019-09-12 13:13:38,711 [Thread-1382] INFO  impl.RoleInfo (RoleInfo.java:shutdownFollowerState(121)) - 398b50df-cdaa-4e1b-b32c-4c6ed0083aaf: shutdown FollowerState
2019-09-12 13:13:38,711 [Thread-1382] INFO  impl.RaftServerImpl (RaftServerImpl.java:setRole(174)) - 398b50df-cdaa-4e1b-b32c-4c6ed0083aaf@group-0E486302271A: changes role from  FOLLOWER to CANDIDATE at term 1 for changeToCandidate
2019-09-12 13:13:38,711 [Thread-1382] INFO  impl.RoleInfo (RoleInfo.java:updateAndGet(143)) - 398b50df-cdaa-4e1b-b32c-4c6ed0083aaf: start LeaderElection
2019-09-12 13:13:39,021 [398b50df-cdaa-4e1b-b32c-4c6ed0083aaf@group-0E486302271A:LeaderElection15] INFO  impl.LeaderElection (LeaderElection.java:askForVotes(182)) - 398b50df-cdaa-4e1b-b32c-4c6ed0083aaf@group-0E486302271A:LeaderElection15: begin an election at term 2 for -1: [398b50df-cdaa-4e1b-b32c-4c6ed0083aaf:192.168.34.38:42550, b12fb8a7-710d-4c3e-812a-0e86e46484d7:192.168.34.38:33689, 76bba12e-2f74-4525-959f-7a651f40206a:192.168.34.38:43843], old=null
2019-09-12 13:13:39,021 [76bba12e-2f74-4525-959f-7a651f40206a@group-0E486302271A:LeaderElection14] INFO  impl.LeaderElection (LeaderElection.java:askForVotes(182)) - 76bba12e-2f74-4525-959f-7a651f40206a@group-0E486302271A:LeaderElection14: begin an election at term 2 for -1: [398b50df-cdaa-4e1b-b32c-4c6ed0083aaf:192.168.34.38:42550, b12fb8a7-710d-4c3e-812a-0e86e46484d7:192.168.34.38:33689, 76bba12e-2f74-4525-959f-7a651f40206a:192.168.34.38:43843], old=null
2019-09-12 13:13:39,027 [grpc-default-executor-8] WARN  server.GrpcServerProtocolService (LogUtils.java:warn(136)) - b12fb8a7-710d-4c3e-812a-0e86e46484d7: Failed requestVote 76bba12e-2f74-4525-959f-7a651f40206a->b12fb8a7-710d-4c3e-812a-0e86e46484d7#0
org.apache.ratis.protocol.GroupMismatchException: b12fb8a7-710d-4c3e-812a-0e86e46484d7: group-0E486302271A not found.
	at org.apache.ratis.server.impl.RaftServerProxy$ImplMap.get(RaftServerProxy.java:122)
	at org.apache.ratis.server.impl.RaftServerProxy.getImplFuture(RaftServerProxy.java:269)
	at org.apache.ratis.server.impl.RaftServerProxy.getImpl(RaftServerProxy.java:278)
	at org.apache.ratis.server.impl.RaftServerProxy.getImpl(RaftServerProxy.java:273)
	at org.apache.ratis.server.impl.RaftServerProxy.requestVote(RaftServerProxy.java:443)
	at org.apache.ratis.grpc.server.GrpcServerProtocolService.requestVote(GrpcServerProtocolService.java:142)
	at org.apache.ratis.proto.grpc.RaftServerProtocolServiceGrpc$MethodHandlers.invoke(RaftServerProtocolServiceGrpc.java:319)
	at org.apache.ratis.thirdparty.io.grpc.stub.ServerCalls$UnaryServerCallHandler$UnaryServerCallListener.onHalfClose(ServerCalls.java:171)
	at org.apache.ratis.thirdparty.io.grpc.internal.ServerCallImpl$ServerStreamListenerImpl.halfClosed(ServerCallImpl.java:283)
	at org.apache.ratis.thirdparty.io.grpc.internal.ServerImpl$JumpToApplicationThreadServerStreamListener$1HalfClosed.runInContext(ServerImpl.java:710)
	at org.apache.ratis.thirdparty.io.grpc.internal.ContextRunnable.run(ContextRunnable.java:37)
	at org.apache.ratis.thirdparty.io.grpc.internal.SerializingExecutor.run(SerializingExecutor.java:123)
	at java.util.concurrent.ThreadPoolExecutor.runWorker(ThreadPoolExecutor.java:1149)
	at java.util.concurrent.ThreadPoolExecutor$Worker.run(ThreadPoolExecutor.java:624)
	at java.lang.Thread.run(Thread.java:748)
2019-09-12 13:13:39,027 [grpc-default-executor-7] WARN  server.GrpcServerProtocolService (LogUtils.java:warn(136)) - b12fb8a7-710d-4c3e-812a-0e86e46484d7: Failed requestVote 398b50df-cdaa-4e1b-b32c-4c6ed0083aaf->b12fb8a7-710d-4c3e-812a-0e86e46484d7#0
org.apache.ratis.protocol.GroupMismatchException: b12fb8a7-710d-4c3e-812a-0e86e46484d7: group-0E486302271A not found.
	at org.apache.ratis.server.impl.RaftServerProxy$ImplMap.get(RaftServerProxy.java:122)
	at org.apache.ratis.server.impl.RaftServerProxy.getImplFuture(RaftServerProxy.java:269)
	at org.apache.ratis.server.impl.RaftServerProxy.getImpl(RaftServerProxy.java:278)
	at org.apache.ratis.server.impl.RaftServerProxy.getImpl(RaftServerProxy.java:273)
	at org.apache.ratis.server.impl.RaftServerProxy.requestVote(RaftServerProxy.java:443)
	at org.apache.ratis.grpc.server.GrpcServerProtocolService.requestVote(GrpcServerProtocolService.java:142)
	at org.apache.ratis.proto.grpc.RaftServerProtocolServiceGrpc$MethodHandlers.invoke(RaftServerProtocolServiceGrpc.java:319)
	at org.apache.ratis.thirdparty.io.grpc.stub.ServerCalls$UnaryServerCallHandler$UnaryServerCallListener.onHalfClose(ServerCalls.java:171)
	at org.apache.ratis.thirdparty.io.grpc.internal.ServerCallImpl$ServerStreamListenerImpl.halfClosed(ServerCallImpl.java:283)
	at org.apache.ratis.thirdparty.io.grpc.internal.ServerImpl$JumpToApplicationThreadServerStreamListener$1HalfClosed.runInContext(ServerImpl.java:710)
	at org.apache.ratis.thirdparty.io.grpc.internal.ContextRunnable.run(ContextRunnable.java:37)
	at org.apache.ratis.thirdparty.io.grpc.internal.SerializingExecutor.run(SerializingExecutor.java:123)
	at java.util.concurrent.ThreadPoolExecutor.runWorker(ThreadPoolExecutor.java:1149)
	at java.util.concurrent.ThreadPoolExecutor$Worker.run(ThreadPoolExecutor.java:624)
	at java.lang.Thread.run(Thread.java:748)
2019-09-12 13:13:39,029 [76bba12e-2f74-4525-959f-7a651f40206a@group-0E486302271A:LeaderElection14] INFO  impl.LeaderElection (LogUtils.java:infoOrTrace(149)) - 76bba12e-2f74-4525-959f-7a651f40206a@group-0E486302271A:LeaderElection14 got exception when requesting votes: {}
java.util.concurrent.ExecutionException: org.apache.ratis.thirdparty.io.grpc.StatusRuntimeException: INTERNAL: b12fb8a7-710d-4c3e-812a-0e86e46484d7: group-0E486302271A not found.
	at java.util.concurrent.FutureTask.report(FutureTask.java:122)
	at java.util.concurrent.FutureTask.get(FutureTask.java:192)
	at org.apache.ratis.server.impl.LeaderElection.waitForResults(LeaderElection.java:263)
	at org.apache.ratis.server.impl.LeaderElection.askForVotes(LeaderElection.java:201)
	at org.apache.ratis.server.impl.LeaderElection.run(LeaderElection.java:133)
	at java.lang.Thread.run(Thread.java:748)
Caused by: org.apache.ratis.thirdparty.io.grpc.StatusRuntimeException: INTERNAL: b12fb8a7-710d-4c3e-812a-0e86e46484d7: group-0E486302271A not found.
	at org.apache.ratis.thirdparty.io.grpc.stub.ClientCalls.toStatusRuntimeException(ClientCalls.java:233)
	at org.apache.ratis.thirdparty.io.grpc.stub.ClientCalls.getUnchecked(ClientCalls.java:214)
	at org.apache.ratis.thirdparty.io.grpc.stub.ClientCalls.blockingUnaryCall(ClientCalls.java:139)
	at org.apache.ratis.proto.grpc.RaftServerProtocolServiceGrpc$RaftServerProtocolServiceBlockingStub.requestVote(RaftServerProtocolServiceGrpc.java:265)
	at org.apache.ratis.grpc.server.GrpcServerProtocolClient.requestVote(GrpcServerProtocolClient.java:90)
	at org.apache.ratis.grpc.server.GrpcService.requestVote(GrpcService.java:204)
	at org.apache.ratis.server.impl.LeaderElection.lambda$submitRequests$1(LeaderElection.java:238)
	at java.util.concurrent.FutureTask.run(FutureTask.java:266)
	at java.util.concurrent.Executors$RunnableAdapter.call(Executors.java:511)
	at java.util.concurrent.FutureTask.run(FutureTask.java:266)
	at java.util.concurrent.ThreadPoolExecutor.runWorker(ThreadPoolExecutor.java:1149)
	at java.util.concurrent.ThreadPoolExecutor$Worker.run(ThreadPoolExecutor.java:624)
	... 1 more
2019-09-12 13:13:39,030 [398b50df-cdaa-4e1b-b32c-4c6ed0083aaf@group-0E486302271A:LeaderElection15] INFO  impl.LeaderElection (LogUtils.java:infoOrTrace(149)) - 398b50df-cdaa-4e1b-b32c-4c6ed0083aaf@group-0E486302271A:LeaderElection15 got exception when requesting votes: {}
java.util.concurrent.ExecutionException: org.apache.ratis.thirdparty.io.grpc.StatusRuntimeException: INTERNAL: b12fb8a7-710d-4c3e-812a-0e86e46484d7: group-0E486302271A not found.
	at java.util.concurrent.FutureTask.report(FutureTask.java:122)
	at java.util.concurrent.FutureTask.get(FutureTask.java:192)
	at org.apache.ratis.server.impl.LeaderElection.waitForResults(LeaderElection.java:263)
	at org.apache.ratis.server.impl.LeaderElection.askForVotes(LeaderElection.java:201)
	at org.apache.ratis.server.impl.LeaderElection.run(LeaderElection.java:133)
	at java.lang.Thread.run(Thread.java:748)
Caused by: org.apache.ratis.thirdparty.io.grpc.StatusRuntimeException: INTERNAL: b12fb8a7-710d-4c3e-812a-0e86e46484d7: group-0E486302271A not found.
	at org.apache.ratis.thirdparty.io.grpc.stub.ClientCalls.toStatusRuntimeException(ClientCalls.java:233)
	at org.apache.ratis.thirdparty.io.grpc.stub.ClientCalls.getUnchecked(ClientCalls.java:214)
	at org.apache.ratis.thirdparty.io.grpc.stub.ClientCalls.blockingUnaryCall(ClientCalls.java:139)
	at org.apache.ratis.proto.grpc.RaftServerProtocolServiceGrpc$RaftServerProtocolServiceBlockingStub.requestVote(RaftServerProtocolServiceGrpc.java:265)
	at org.apache.ratis.grpc.server.GrpcServerProtocolClient.requestVote(GrpcServerProtocolClient.java:90)
	at org.apache.ratis.grpc.server.GrpcService.requestVote(GrpcService.java:204)
	at org.apache.ratis.server.impl.LeaderElection.lambda$submitRequests$1(LeaderElection.java:238)
	at java.util.concurrent.FutureTask.run(FutureTask.java:266)
	at java.util.concurrent.Executors$RunnableAdapter.call(Executors.java:511)
	at java.util.concurrent.FutureTask.run(FutureTask.java:266)
	at java.util.concurrent.ThreadPoolExecutor.runWorker(ThreadPoolExecutor.java:1149)
	at java.util.concurrent.ThreadPoolExecutor$Worker.run(ThreadPoolExecutor.java:624)
	... 1 more
2019-09-12 13:13:39,047 [76bba12e-2f74-4525-959f-7a651f40206a@group-0E486302271A:LeaderElection14] INFO  impl.LeaderElection (LeaderElection.java:logAndReturn(56)) - 76bba12e-2f74-4525-959f-7a651f40206a@group-0E486302271A:LeaderElection14: Election REJECTED; received 1 response(s) [76bba12e-2f74-4525-959f-7a651f40206a<-398b50df-cdaa-4e1b-b32c-4c6ed0083aaf#0:FAIL-t2] and 1 exception(s); 76bba12e-2f74-4525-959f-7a651f40206a@group-0E486302271A:t2, leader=null, voted=76bba12e-2f74-4525-959f-7a651f40206a, raftlog=76bba12e-2f74-4525-959f-7a651f40206a@group-0E486302271A-SegmentedRaftLog:OPENED:c-1,f-1,i0, conf=-1: [398b50df-cdaa-4e1b-b32c-4c6ed0083aaf:192.168.34.38:42550, b12fb8a7-710d-4c3e-812a-0e86e46484d7:192.168.34.38:33689, 76bba12e-2f74-4525-959f-7a651f40206a:192.168.34.38:43843], old=null
2019-09-12 13:13:39,050 [398b50df-cdaa-4e1b-b32c-4c6ed0083aaf@group-0E486302271A:LeaderElection15] INFO  impl.LeaderElection (LeaderElection.java:logAndReturn(56)) - 398b50df-cdaa-4e1b-b32c-4c6ed0083aaf@group-0E486302271A:LeaderElection15: Election REJECTED; received 1 response(s) [398b50df-cdaa-4e1b-b32c-4c6ed0083aaf<-76bba12e-2f74-4525-959f-7a651f40206a#0:FAIL-t2] and 1 exception(s); 398b50df-cdaa-4e1b-b32c-4c6ed0083aaf@group-0E486302271A:t2, leader=null, voted=398b50df-cdaa-4e1b-b32c-4c6ed0083aaf, raftlog=398b50df-cdaa-4e1b-b32c-4c6ed0083aaf@group-0E486302271A-SegmentedRaftLog:OPENED:c-1,f-1,i0, conf=-1: [398b50df-cdaa-4e1b-b32c-4c6ed0083aaf:192.168.34.38:42550, b12fb8a7-710d-4c3e-812a-0e86e46484d7:192.168.34.38:33689, 76bba12e-2f74-4525-959f-7a651f40206a:192.168.34.38:43843], old=null
2019-09-12 13:13:39,050 [76bba12e-2f74-4525-959f-7a651f40206a@group-0E486302271A:LeaderElection14] INFO  impl.LeaderElection (LogUtils.java:infoOrTrace(149)) -   Exception 0: {}
java.util.concurrent.ExecutionException: org.apache.ratis.thirdparty.io.grpc.StatusRuntimeException: INTERNAL: b12fb8a7-710d-4c3e-812a-0e86e46484d7: group-0E486302271A not found.
	at java.util.concurrent.FutureTask.report(FutureTask.java:122)
	at java.util.concurrent.FutureTask.get(FutureTask.java:192)
	at org.apache.ratis.server.impl.LeaderElection.waitForResults(LeaderElection.java:263)
	at org.apache.ratis.server.impl.LeaderElection.askForVotes(LeaderElection.java:201)
	at org.apache.ratis.server.impl.LeaderElection.run(LeaderElection.java:133)
	at java.lang.Thread.run(Thread.java:748)
Caused by: org.apache.ratis.thirdparty.io.grpc.StatusRuntimeException: INTERNAL: b12fb8a7-710d-4c3e-812a-0e86e46484d7: group-0E486302271A not found.
	at org.apache.ratis.thirdparty.io.grpc.stub.ClientCalls.toStatusRuntimeException(ClientCalls.java:233)
	at org.apache.ratis.thirdparty.io.grpc.stub.ClientCalls.getUnchecked(ClientCalls.java:214)
	at org.apache.ratis.thirdparty.io.grpc.stub.ClientCalls.blockingUnaryCall(ClientCalls.java:139)
	at org.apache.ratis.proto.grpc.RaftServerProtocolServiceGrpc$RaftServerProtocolServiceBlockingStub.requestVote(RaftServerProtocolServiceGrpc.java:265)
	at org.apache.ratis.grpc.server.GrpcServerProtocolClient.requestVote(GrpcServerProtocolClient.java:90)
	at org.apache.ratis.grpc.server.GrpcService.requestVote(GrpcService.java:204)
	at org.apache.ratis.server.impl.LeaderElection.lambda$submitRequests$1(LeaderElection.java:238)
	at java.util.concurrent.FutureTask.run(FutureTask.java:266)
	at java.util.concurrent.Executors$RunnableAdapter.call(Executors.java:511)
	at java.util.concurrent.FutureTask.run(FutureTask.java:266)
	at java.util.concurrent.ThreadPoolExecutor.runWorker(ThreadPoolExecutor.java:1149)
	at java.util.concurrent.ThreadPoolExecutor$Worker.run(ThreadPoolExecutor.java:624)
	... 1 more
2019-09-12 13:13:39,050 [398b50df-cdaa-4e1b-b32c-4c6ed0083aaf@group-0E486302271A:LeaderElection15] INFO  impl.LeaderElection (LogUtils.java:infoOrTrace(149)) -   Exception 0: {}
java.util.concurrent.ExecutionException: org.apache.ratis.thirdparty.io.grpc.StatusRuntimeException: INTERNAL: b12fb8a7-710d-4c3e-812a-0e86e46484d7: group-0E486302271A not found.
	at java.util.concurrent.FutureTask.report(FutureTask.java:122)
	at java.util.concurrent.FutureTask.get(FutureTask.java:192)
	at org.apache.ratis.server.impl.LeaderElection.waitForResults(LeaderElection.java:263)
	at org.apache.ratis.server.impl.LeaderElection.askForVotes(LeaderElection.java:201)
	at org.apache.ratis.server.impl.LeaderElection.run(LeaderElection.java:133)
	at java.lang.Thread.run(Thread.java:748)
Caused by: org.apache.ratis.thirdparty.io.grpc.StatusRuntimeException: INTERNAL: b12fb8a7-710d-4c3e-812a-0e86e46484d7: group-0E486302271A not found.
	at org.apache.ratis.thirdparty.io.grpc.stub.ClientCalls.toStatusRuntimeException(ClientCalls.java:233)
	at org.apache.ratis.thirdparty.io.grpc.stub.ClientCalls.getUnchecked(ClientCalls.java:214)
	at org.apache.ratis.thirdparty.io.grpc.stub.ClientCalls.blockingUnaryCall(ClientCalls.java:139)
	at org.apache.ratis.proto.grpc.RaftServerProtocolServiceGrpc$RaftServerProtocolServiceBlockingStub.requestVote(RaftServerProtocolServiceGrpc.java:265)
	at org.apache.ratis.grpc.server.GrpcServerProtocolClient.requestVote(GrpcServerProtocolClient.java:90)
	at org.apache.ratis.grpc.server.GrpcService.requestVote(GrpcService.java:204)
	at org.apache.ratis.server.impl.LeaderElection.lambda$submitRequests$1(LeaderElection.java:238)
	at java.util.concurrent.FutureTask.run(FutureTask.java:266)
	at java.util.concurrent.Executors$RunnableAdapter.call(Executors.java:511)
	at java.util.concurrent.FutureTask.run(FutureTask.java:266)
	at java.util.concurrent.ThreadPoolExecutor.runWorker(ThreadPoolExecutor.java:1149)
	at java.util.concurrent.ThreadPoolExecutor$Worker.run(ThreadPoolExecutor.java:624)
	... 1 more
2019-09-12 13:13:39,051 [76bba12e-2f74-4525-959f-7a651f40206a@group-0E486302271A:LeaderElection14] INFO  impl.RaftServerImpl (RaftServerImpl.java:setRole(174)) - 76bba12e-2f74-4525-959f-7a651f40206a@group-0E486302271A: changes role from CANDIDATE to FOLLOWER at term 2 for DISCOVERED_A_NEW_TERM
2019-09-12 13:13:39,053 [398b50df-cdaa-4e1b-b32c-4c6ed0083aaf@group-0E486302271A:LeaderElection15] INFO  impl.RaftServerImpl (RaftServerImpl.java:setRole(174)) - 398b50df-cdaa-4e1b-b32c-4c6ed0083aaf@group-0E486302271A: changes role from CANDIDATE to FOLLOWER at term 2 for DISCOVERED_A_NEW_TERM
2019-09-12 13:13:39,055 [76bba12e-2f74-4525-959f-7a651f40206a@group-0E486302271A:LeaderElection14] INFO  impl.RoleInfo (RoleInfo.java:shutdownLeaderElection(134)) - 76bba12e-2f74-4525-959f-7a651f40206a: shutdown LeaderElection
2019-09-12 13:13:39,055 [398b50df-cdaa-4e1b-b32c-4c6ed0083aaf@group-0E486302271A:LeaderElection15] INFO  impl.RoleInfo (RoleInfo.java:shutdownLeaderElection(134)) - 398b50df-cdaa-4e1b-b32c-4c6ed0083aaf: shutdown LeaderElection
2019-09-12 13:13:39,056 [76bba12e-2f74-4525-959f-7a651f40206a@group-0E486302271A:LeaderElection14] INFO  impl.RoleInfo (RoleInfo.java:updateAndGet(143)) - 76bba12e-2f74-4525-959f-7a651f40206a: start FollowerState
2019-09-12 13:13:39,056 [398b50df-cdaa-4e1b-b32c-4c6ed0083aaf@group-0E486302271A:LeaderElection15] INFO  impl.RoleInfo (RoleInfo.java:updateAndGet(143)) - 398b50df-cdaa-4e1b-b32c-4c6ed0083aaf: start FollowerState
2019-09-12 13:13:39,193 [org.apache.ratis.server.impl.LogAppender$AppenderDaemon$$Lambda$485/1236579333@2bd839b] ERROR ratis.XceiverServerRatis (XceiverServerRatis.java:triggerPipelineClose(568)) - pipeline Action CLOSE  on pipeline PipelineID=a707ec57-7eab-4057-848f-2679eb29dcdf.Reason : b12fb8a7-710d-4c3e-812a-0e86e46484d7 has not seen follower/s 398b50df-cdaa-4e1b-b32c-4c6ed0083aaf for 184267ms 76bba12e-2f74-4525-959f-7a651f40206a for 184267ms
2019-09-12 13:13:39,193 [org.apache.ratis.server.impl.LogAppender$AppenderDaemon$$Lambda$485/1236579333@36b5ce93] ERROR ratis.XceiverServerRatis (XceiverServerRatis.java:triggerPipelineClose(568)) - pipeline Action CLOSE  on pipeline PipelineID=a707ec57-7eab-4057-848f-2679eb29dcdf.Reason : b12fb8a7-710d-4c3e-812a-0e86e46484d7 has not seen follower/s 398b50df-cdaa-4e1b-b32c-4c6ed0083aaf for 184267ms 76bba12e-2f74-4525-959f-7a651f40206a for 184267ms
2019-09-12 13:13:39,692 [java.util.concurrent.ThreadPoolExecutor$Worker@558b229d[State = -1, empty queue]] WARN  server.GrpcLogAppender (GrpcLogAppender.java:timeoutAppendRequest(200)) - b12fb8a7-710d-4c3e-812a-0e86e46484d7@group-2679EB29DCDF->398b50df-cdaa-4e1b-b32c-4c6ed0083aaf-GrpcLogAppender: appendEntries Timeout, request=b12fb8a7-710d-4c3e-812a-0e86e46484d7->398b50df-cdaa-4e1b-b32c-4c6ed0083aaf#167-t1, previous=(t:1, i:19), leaderCommit=12, initializing? false, entries: <empty>
2019-09-12 13:13:39,692 [java.util.concurrent.ThreadPoolExecutor$Worker@5c82ddc3[State = -1, empty queue]] WARN  server.GrpcLogAppender (GrpcLogAppender.java:timeoutAppendRequest(200)) - b12fb8a7-710d-4c3e-812a-0e86e46484d7@group-2679EB29DCDF->76bba12e-2f74-4525-959f-7a651f40206a-GrpcLogAppender: appendEntries Timeout, request=b12fb8a7-710d-4c3e-812a-0e86e46484d7->76bba12e-2f74-4525-959f-7a651f40206a#167-t1, previous=(t:1, i:19), leaderCommit=12, initializing? false, entries: <empty>
2019-09-12 13:13:40,169 [EventQueue-PipelineActionsForPipelineActionHandler] ERROR pipeline.PipelineActionHandler (PipelineActionHandler.java:onMessage(60)) - Received pipeline action CLOSE for Pipeline[ Id: a707ec57-7eab-4057-848f-2679eb29dcdf, Nodes: 398b50df-cdaa-4e1b-b32c-4c6ed0083aaf{ip: 192.168.34.38, host: pr-hdds-2007-65vhz-3510356991, networkLocation: /default-rack, certSerialId: null}b12fb8a7-710d-4c3e-812a-0e86e46484d7{ip: 192.168.34.38, host: pr-hdds-2007-65vhz-3510356991, networkLocation: /default-rack, certSerialId: null}76bba12e-2f74-4525-959f-7a651f40206a{ip: 192.168.34.38, host: pr-hdds-2007-65vhz-3510356991, networkLocation: /default-rack, certSerialId: null}, Type:RATIS, Factor:THREE, State:CLOSED] from datanode b12fb8a7-710d-4c3e-812a-0e86e46484d7{ip: 192.168.34.38, host: pr-hdds-2007-65vhz-3510356991, networkLocation: /default-rack, certSerialId: null}. Reason : b12fb8a7-710d-4c3e-812a-0e86e46484d7 has not seen follower/s 398b50df-cdaa-4e1b-b32c-4c6ed0083aaf for 184267ms 76bba12e-2f74-4525-959f-7a651f40206a for 184267ms
2019-09-12 13:13:40,169 [EventQueue-PipelineActionsForPipelineActionHandler] INFO  pipeline.SCMPipelineManager (SCMPipelineManager.java:finalizeAndDestroyPipeline(311)) - destroying pipeline:Pipeline[ Id: a707ec57-7eab-4057-848f-2679eb29dcdf, Nodes: 398b50df-cdaa-4e1b-b32c-4c6ed0083aaf{ip: 192.168.34.38, host: pr-hdds-2007-65vhz-3510356991, networkLocation: /default-rack, certSerialId: null}b12fb8a7-710d-4c3e-812a-0e86e46484d7{ip: 192.168.34.38, host: pr-hdds-2007-65vhz-3510356991, networkLocation: /default-rack, certSerialId: null}76bba12e-2f74-4525-959f-7a651f40206a{ip: 192.168.34.38, host: pr-hdds-2007-65vhz-3510356991, networkLocation: /default-rack, certSerialId: null}, Type:RATIS, Factor:THREE, State:CLOSED]
2019-09-12 13:13:41,072 [grpc-default-executor-8] INFO  impl.RaftServerProxy (RaftServerProxy.java:remove(95)) - 398b50df-cdaa-4e1b-b32c-4c6ed0083aaf: remove  FOLLOWER 398b50df-cdaa-4e1b-b32c-4c6ed0083aaf@group-2679EB29DCDF:t1, leader=b12fb8a7-710d-4c3e-812a-0e86e46484d7, voted=b12fb8a7-710d-4c3e-812a-0e86e46484d7, raftlog=398b50df-cdaa-4e1b-b32c-4c6ed0083aaf@group-2679EB29DCDF-SegmentedRaftLog:OPENED:c12,f12,i19, conf=0: [398b50df-cdaa-4e1b-b32c-4c6ed0083aaf:192.168.34.38:42550, b12fb8a7-710d-4c3e-812a-0e86e46484d7:192.168.34.38:33689, 76bba12e-2f74-4525-959f-7a651f40206a:192.168.34.38:43843], old=null RUNNING
2019-09-12 13:13:41,072 [grpc-default-executor-8] INFO  impl.RaftServerImpl (RaftServerImpl.java:lambda$shutdown$3(251)) - 398b50df-cdaa-4e1b-b32c-4c6ed0083aaf@group-2679EB29DCDF: shutdown
2019-09-12 13:13:41,073 [grpc-default-executor-8] INFO  util.JmxRegister (JmxRegister.java:unregister(73)) - Successfully un-registered JMX Bean with object name Ratis:service=RaftServer,group=group-2679EB29DCDF,id=398b50df-cdaa-4e1b-b32c-4c6ed0083aaf
2019-09-12 13:13:41,073 [grpc-default-executor-8] INFO  impl.RoleInfo (RoleInfo.java:shutdownFollowerState(121)) - 398b50df-cdaa-4e1b-b32c-4c6ed0083aaf: shutdown FollowerState
2019-09-12 13:13:41,073 [grpc-default-executor-8] INFO  impl.StateMachineUpdater (StateMachineUpdater.java:stopAndJoin(125)) - 398b50df-cdaa-4e1b-b32c-4c6ed0083aaf@group-2679EB29DCDF-StateMachineUpdater: set stopIndex = 12
2019-09-12 13:13:41,073 [Thread-309] INFO  impl.FollowerState (FollowerState.java:run(115)) - 398b50df-cdaa-4e1b-b32c-4c6ed0083aaf: FollowerState was interrupted: java.lang.InterruptedException: sleep interrupted
2019-09-12 13:13:41,073 [398b50df-cdaa-4e1b-b32c-4c6ed0083aaf@group-2679EB29DCDF-StateMachineUpdater] INFO  ratis.ContainerStateMachine (ContainerStateMachine.java:takeSnapshot(289)) - group-2679EB29DCDF: Taking a snapshot at:(t:1, i:10) file /workdir/hadoop-ozone/integration-test/target/test-dir/MiniOzoneClusterImpl-03275018-1bf5-4a9a-9ddc-ea2af4b584a8/datanode-1/data/ratis/a707ec57-7eab-4057-848f-2679eb29dcdf/sm/snapshot.1_10
2019-09-12 13:13:41,133 [398b50df-cdaa-4e1b-b32c-4c6ed0083aaf@group-2679EB29DCDF-StateMachineUpdater] INFO  ratis.ContainerStateMachine (ContainerStateMachine.java:takeSnapshot(300)) - group-2679EB29DCDF: Finished taking a snapshot at:(t:1, i:10) file:/workdir/hadoop-ozone/integration-test/target/test-dir/MiniOzoneClusterImpl-03275018-1bf5-4a9a-9ddc-ea2af4b584a8/datanode-1/data/ratis/a707ec57-7eab-4057-848f-2679eb29dcdf/sm/snapshot.1_10 time:60
2019-09-12 13:13:41,134 [398b50df-cdaa-4e1b-b32c-4c6ed0083aaf@group-2679EB29DCDF-StateMachineUpdater] INFO  impl.StateMachineUpdater (StateMachineUpdater.java:takeSnapshot(258)) - 398b50df-cdaa-4e1b-b32c-4c6ed0083aaf@group-2679EB29DCDF-StateMachineUpdater: Took a snapshot at index 10
2019-09-12 13:13:41,134 [398b50df-cdaa-4e1b-b32c-4c6ed0083aaf@group-2679EB29DCDF-StateMachineUpdater] INFO  impl.StateMachineUpdater (StateMachineUpdater.java:lambda$new$0(83)) - 398b50df-cdaa-4e1b-b32c-4c6ed0083aaf@group-2679EB29DCDF-StateMachineUpdater: snapshotIndex: updateIncreasingly -1 -> 10
2019-09-12 13:13:41,134 [398b50df-cdaa-4e1b-b32c-4c6ed0083aaf@group-2679EB29DCDF-StateMachineUpdater] INFO  ratis.ContainerStateMachine (ContainerStateMachine.java:takeSnapshot(289)) - group-2679EB29DCDF: Taking a snapshot at:(t:1, i:10) file /workdir/hadoop-ozone/integration-test/target/test-dir/MiniOzoneClusterImpl-03275018-1bf5-4a9a-9ddc-ea2af4b584a8/datanode-1/data/ratis/a707ec57-7eab-4057-848f-2679eb29dcdf/sm/snapshot.1_10
2019-09-12 13:13:41,197 [398b50df-cdaa-4e1b-b32c-4c6ed0083aaf@group-2679EB29DCDF-StateMachineUpdater] INFO  ratis.ContainerStateMachine (ContainerStateMachine.java:takeSnapshot(300)) - group-2679EB29DCDF: Finished taking a snapshot at:(t:1, i:10) file:/workdir/hadoop-ozone/integration-test/target/test-dir/MiniOzoneClusterImpl-03275018-1bf5-4a9a-9ddc-ea2af4b584a8/datanode-1/data/ratis/a707ec57-7eab-4057-848f-2679eb29dcdf/sm/snapshot.1_10 time:63
2019-09-12 13:13:41,198 [398b50df-cdaa-4e1b-b32c-4c6ed0083aaf@group-2679EB29DCDF-StateMachineUpdater] INFO  impl.StateMachineUpdater (StateMachineUpdater.java:takeSnapshot(258)) - 398b50df-cdaa-4e1b-b32c-4c6ed0083aaf@group-2679EB29DCDF-StateMachineUpdater: Took a snapshot at index 10
2019-09-12 13:13:41,198 [398b50df-cdaa-4e1b-b32c-4c6ed0083aaf@group-2679EB29DCDF-StateMachineUpdater] INFO  impl.StateMachineUpdater (StateMachineUpdater.java:lambda$new$0(83)) - 398b50df-cdaa-4e1b-b32c-4c6ed0083aaf@group-2679EB29DCDF-StateMachineUpdater: snapshotIndex: updateIncreasingly 10 -> 10
2019-09-12 13:13:41,198 [grpc-default-executor-8] INFO  impl.RaftServerImpl (ServerState.java:close(385)) - 398b50df-cdaa-4e1b-b32c-4c6ed0083aaf@group-2679EB29DCDF: closes. applyIndex: 12
2019-09-12 13:13:41,205 [398b50df-cdaa-4e1b-b32c-4c6ed0083aaf@group-2679EB29DCDF-SegmentedRaftLogWorker] ERROR ratis.XceiverServerRatis (XceiverServerRatis.java:triggerPipelineClose(568)) - pipeline Action CLOSE  on pipeline PipelineID=a707ec57-7eab-4057-848f-2679eb29dcdf.Reason : WriteLog:13: (t:1, i:13), STATEMACHINELOGENTRY, client-BDAEC2693858, cid=33-writeStateMachineData interrupted.
2019-09-12 13:13:41,208 [grpc-default-executor-8] INFO  segmented.SegmentedRaftLogWorker (SegmentedRaftLogWorker.java:close(228)) - 398b50df-cdaa-4e1b-b32c-4c6ed0083aaf@group-2679EB29DCDF-SegmentedRaftLogWorker close()
2019-09-12 13:13:41,213 [EventQueue-PipelineActionsForPipelineActionHandler] ERROR pipeline.PipelineActionHandler (PipelineActionHandler.java:onMessage(60)) - Received pipeline action CLOSE for Pipeline[ Id: a707ec57-7eab-4057-848f-2679eb29dcdf, Nodes: 398b50df-cdaa-4e1b-b32c-4c6ed0083aaf{ip: 192.168.34.38, host: pr-hdds-2007-65vhz-3510356991, networkLocation: /default-rack, certSerialId: null}b12fb8a7-710d-4c3e-812a-0e86e46484d7{ip: 192.168.34.38, host: pr-hdds-2007-65vhz-3510356991, networkLocation: /default-rack, certSerialId: null}76bba12e-2f74-4525-959f-7a651f40206a{ip: 192.168.34.38, host: pr-hdds-2007-65vhz-3510356991, networkLocation: /default-rack, certSerialId: null}, Type:RATIS, Factor:THREE, State:CLOSED] from datanode 398b50df-cdaa-4e1b-b32c-4c6ed0083aaf{ip: 192.168.34.38, host: pr-hdds-2007-65vhz-3510356991, networkLocation: /default-rack, certSerialId: null}. Reason : WriteLog:13: (t:1, i:13), STATEMACHINELOGENTRY, client-BDAEC2693858, cid=33-writeStateMachineData interrupted.
2019-09-12 13:13:41,213 [EventQueue-PipelineActionsForPipelineActionHandler] INFO  pipeline.SCMPipelineManager (SCMPipelineManager.java:finalizeAndDestroyPipeline(311)) - destroying pipeline:Pipeline[ Id: a707ec57-7eab-4057-848f-2679eb29dcdf, Nodes: 398b50df-cdaa-4e1b-b32c-4c6ed0083aaf{ip: 192.168.34.38, host: pr-hdds-2007-65vhz-3510356991, networkLocation: /default-rack, certSerialId: null}b12fb8a7-710d-4c3e-812a-0e86e46484d7{ip: 192.168.34.38, host: pr-hdds-2007-65vhz-3510356991, networkLocation: /default-rack, certSerialId: null}76bba12e-2f74-4525-959f-7a651f40206a{ip: 192.168.34.38, host: pr-hdds-2007-65vhz-3510356991, networkLocation: /default-rack, certSerialId: null}, Type:RATIS, Factor:THREE, State:CLOSED]
2019-09-12 13:13:41,251 [grpc-default-executor-8] INFO  interfaces.Container (KeyValueContainer.java:flushAndSyncDB(386)) - Container 1 is synced with bcsId 4.
2019-09-12 13:13:41,252 [grpc-default-executor-8] INFO  interfaces.Container (KeyValueContainer.java:flushAndSyncDB(386)) - Container 1 is synced with bcsId 4.
2019-09-12 13:13:41,315 [EventQueue-IncrementalContainerReportForIncrementalContainerReportHandler] INFO  container.IncrementalContainerReportHandler (AbstractContainerReportHandler.java:updateContainerState(169)) - Moving container #1 to QUASI_CLOSED state, datanode 398b50df-cdaa-4e1b-b32c-4c6ed0083aaf{ip: 192.168.34.38, host: pr-hdds-2007-65vhz-3510356991, networkLocation: /default-rack, certSerialId: null} reported QUASI_CLOSED replica.
2019-09-12 13:13:41,347 [grpc-default-executor-8] INFO  interfaces.Container (KeyValueContainer.java:flushAndSyncDB(386)) - Container 4 is synced with bcsId 10.
2019-09-12 13:13:41,348 [grpc-default-executor-8] INFO  interfaces.Container (KeyValueContainer.java:flushAndSyncDB(386)) - Container 4 is synced with bcsId 10.
2019-09-12 13:13:41,409 [EventQueue-IncrementalContainerReportForIncrementalContainerReportHandler] INFO  container.IncrementalContainerReportHandler (AbstractContainerReportHandler.java:updateContainerState(169)) - Moving container #4 to QUASI_CLOSED state, datanode 398b50df-cdaa-4e1b-b32c-4c6ed0083aaf{ip: 192.168.34.38, host: pr-hdds-2007-65vhz-3510356991, networkLocation: /default-rack, certSerialId: null} reported QUASI_CLOSED replica.
2019-09-12 13:13:41,694 [org.apache.ratis.server.impl.LogAppender$AppenderDaemon$$Lambda$485/1236579333@2bd839b] ERROR ratis.XceiverServerRatis (XceiverServerRatis.java:triggerPipelineClose(568)) - pipeline Action CLOSE  on pipeline PipelineID=a707ec57-7eab-4057-848f-2679eb29dcdf.Reason : b12fb8a7-710d-4c3e-812a-0e86e46484d7 has not seen follower/s 398b50df-cdaa-4e1b-b32c-4c6ed0083aaf for 186768ms 76bba12e-2f74-4525-959f-7a651f40206a for 186768ms
2019-09-12 13:13:41,694 [org.apache.ratis.server.impl.LogAppender$AppenderDaemon$$Lambda$485/1236579333@36b5ce93] ERROR ratis.XceiverServerRatis (XceiverServerRatis.java:triggerPipelineClose(568)) - pipeline Action CLOSE  on pipeline PipelineID=a707ec57-7eab-4057-848f-2679eb29dcdf.Reason : b12fb8a7-710d-4c3e-812a-0e86e46484d7 has not seen follower/s 398b50df-cdaa-4e1b-b32c-4c6ed0083aaf for 186768ms 76bba12e-2f74-4525-959f-7a651f40206a for 186768ms
2019-09-12 13:13:41,705 [grpc-default-executor-8] INFO  interfaces.Container (KeyValueContainer.java:flushAndSyncDB(386)) - Container 5 is synced with bcsId 0.
2019-09-12 13:13:41,705 [grpc-default-executor-8] INFO  interfaces.Container (KeyValueContainer.java:flushAndSyncDB(386)) - Container 5 is synced with bcsId 0.
2019-09-12 13:13:41,770 [EventQueue-IncrementalContainerReportForIncrementalContainerReportHandler] INFO  container.IncrementalContainerReportHandler (AbstractContainerReportHandler.java:updateContainerState(169)) - Moving container #5 to QUASI_CLOSED state, datanode 398b50df-cdaa-4e1b-b32c-4c6ed0083aaf{ip: 192.168.34.38, host: pr-hdds-2007-65vhz-3510356991, networkLocation: /default-rack, certSerialId: null} reported QUASI_CLOSED replica.
2019-09-12 13:13:41,774 [grpc-default-executor-8] INFO  impl.RaftServerProxy (RaftServerProxy.java:remove(95)) - b12fb8a7-710d-4c3e-812a-0e86e46484d7: remove    LEADER b12fb8a7-710d-4c3e-812a-0e86e46484d7@group-2679EB29DCDF:t1, leader=b12fb8a7-710d-4c3e-812a-0e86e46484d7, voted=b12fb8a7-710d-4c3e-812a-0e86e46484d7, raftlog=b12fb8a7-710d-4c3e-812a-0e86e46484d7@group-2679EB29DCDF-SegmentedRaftLog:OPENED:c12,f12,i19, conf=0: [398b50df-cdaa-4e1b-b32c-4c6ed0083aaf:192.168.34.38:42550, b12fb8a7-710d-4c3e-812a-0e86e46484d7:192.168.34.38:33689, 76bba12e-2f74-4525-959f-7a651f40206a:192.168.34.38:43843], old=null RUNNING
2019-09-12 13:13:41,774 [grpc-default-executor-8] INFO  impl.RaftServerImpl (RaftServerImpl.java:lambda$shutdown$3(251)) - b12fb8a7-710d-4c3e-812a-0e86e46484d7@group-2679EB29DCDF: shutdown
2019-09-12 13:13:41,775 [grpc-default-executor-8] INFO  util.JmxRegister (JmxRegister.java:unregister(73)) - Successfully un-registered JMX Bean with object name Ratis:service=RaftServer,group=group-2679EB29DCDF,id=b12fb8a7-710d-4c3e-812a-0e86e46484d7
2019-09-12 13:13:41,775 [grpc-default-executor-8] INFO  impl.RoleInfo (RoleInfo.java:shutdownLeaderState(104)) - b12fb8a7-710d-4c3e-812a-0e86e46484d7: shutdown LeaderState
2019-09-12 13:13:41,784 [org.apache.ratis.server.impl.LogAppender$AppenderDaemon$$Lambda$485/1236579333@36b5ce93] WARN  server.GrpcLogAppender (GrpcLogAppender.java:mayWait(143)) - b12fb8a7-710d-4c3e-812a-0e86e46484d7@group-2679EB29DCDF->398b50df-cdaa-4e1b-b32c-4c6ed0083aaf-GrpcLogAppender: Wait interrupted by java.lang.InterruptedException
2019-09-12 13:13:41,786 [org.apache.ratis.server.impl.LogAppender$AppenderDaemon$$Lambda$485/1236579333@2bd839b] WARN  server.GrpcLogAppender (GrpcLogAppender.java:mayWait(143)) - b12fb8a7-710d-4c3e-812a-0e86e46484d7@group-2679EB29DCDF->76bba12e-2f74-4525-959f-7a651f40206a-GrpcLogAppender: Wait interrupted by java.lang.InterruptedException
2019-09-12 13:13:41,784 [grpc-default-executor-8] INFO  impl.PendingRequests (PendingRequests.java:sendNotLeaderResponses(202)) - b12fb8a7-710d-4c3e-812a-0e86e46484d7-PendingRequests: sendNotLeaderResponses
2019-09-12 13:13:41,787 [grpc-default-executor-5] INFO  server.GrpcServerProtocolService (GrpcServerProtocolService.java:onCompleted(113)) - 398b50df-cdaa-4e1b-b32c-4c6ed0083aaf: Completed APPEND_ENTRIES, lastRequest: b12fb8a7-710d-4c3e-812a-0e86e46484d7->398b50df-cdaa-4e1b-b32c-4c6ed0083aaf#169-t1, previous=(t:1, i:19), leaderCommit=12, initializing? false, entries: <empty>
2019-09-12 13:13:41,787 [grpc-default-executor-7] INFO  server.GrpcServerProtocolService (GrpcServerProtocolService.java:onCompleted(113)) - 76bba12e-2f74-4525-959f-7a651f40206a: Completed APPEND_ENTRIES, lastRequest: b12fb8a7-710d-4c3e-812a-0e86e46484d7->76bba12e-2f74-4525-959f-7a651f40206a#169-t1, previous=(t:1, i:19), leaderCommit=12, initializing? false, entries: <empty>
2019-09-12 13:13:41,787 [grpc-default-executor-7] INFO  server.GrpcLogAppender (GrpcLogAppender.java:onCompleted(293)) - b12fb8a7-710d-4c3e-812a-0e86e46484d7@group-2679EB29DCDF->398b50df-cdaa-4e1b-b32c-4c6ed0083aaf-AppendLogResponseHandler: follower responses appendEntries COMPLETED
2019-09-12 13:13:41,787 [grpc-default-executor-5] INFO  server.GrpcLogAppender (GrpcLogAppender.java:onCompleted(293)) - b12fb8a7-710d-4c3e-812a-0e86e46484d7@group-2679EB29DCDF->76bba12e-2f74-4525-959f-7a651f40206a-AppendLogResponseHandler: follower responses appendEntries COMPLETED
2019-09-12 13:13:41,788 [grpc-default-executor-7] INFO  impl.FollowerInfo (FollowerInfo.java:lambda$new$0(51)) - b12fb8a7-710d-4c3e-812a-0e86e46484d7@group-2679EB29DCDF->398b50df-cdaa-4e1b-b32c-4c6ed0083aaf: nextIndex: updateUnconditionally 20 -> 13
2019-09-12 13:13:41,793 [grpc-default-executor-8] INFO  impl.StateMachineUpdater (StateMachineUpdater.java:stopAndJoin(125)) - b12fb8a7-710d-4c3e-812a-0e86e46484d7@group-2679EB29DCDF-StateMachineUpdater: set stopIndex = 12
2019-09-12 13:13:41,788 [grpc-default-executor-5] INFO  impl.FollowerInfo (FollowerInfo.java:lambda$new$0(51)) - b12fb8a7-710d-4c3e-812a-0e86e46484d7@group-2679EB29DCDF->76bba12e-2f74-4525-959f-7a651f40206a: nextIndex: updateUnconditionally 20 -> 13
2019-09-12 13:13:41,793 [b12fb8a7-710d-4c3e-812a-0e86e46484d7@group-2679EB29DCDF-StateMachineUpdater] INFO  ratis.ContainerStateMachine (ContainerStateMachine.java:takeSnapshot(289)) - group-2679EB29DCDF: Taking a snapshot at:(t:1, i:12) file /workdir/hadoop-ozone/integration-test/target/test-dir/MiniOzoneClusterImpl-03275018-1bf5-4a9a-9ddc-ea2af4b584a8/datanode-3/data/ratis/a707ec57-7eab-4057-848f-2679eb29dcdf/sm/snapshot.1_12
2019-09-12 13:13:41,837 [b12fb8a7-710d-4c3e-812a-0e86e46484d7@group-2679EB29DCDF-StateMachineUpdater] INFO  ratis.ContainerStateMachine (ContainerStateMachine.java:takeSnapshot(300)) - group-2679EB29DCDF: Finished taking a snapshot at:(t:1, i:12) file:/workdir/hadoop-ozone/integration-test/target/test-dir/MiniOzoneClusterImpl-03275018-1bf5-4a9a-9ddc-ea2af4b584a8/datanode-3/data/ratis/a707ec57-7eab-4057-848f-2679eb29dcdf/sm/snapshot.1_12 time:44
2019-09-12 13:13:41,837 [b12fb8a7-710d-4c3e-812a-0e86e46484d7@group-2679EB29DCDF-StateMachineUpdater] INFO  impl.StateMachineUpdater (StateMachineUpdater.java:takeSnapshot(258)) - b12fb8a7-710d-4c3e-812a-0e86e46484d7@group-2679EB29DCDF-StateMachineUpdater: Took a snapshot at index 12
2019-09-12 13:13:41,837 [b12fb8a7-710d-4c3e-812a-0e86e46484d7@group-2679EB29DCDF-StateMachineUpdater] INFO  impl.StateMachineUpdater (StateMachineUpdater.java:lambda$new$0(83)) - b12fb8a7-710d-4c3e-812a-0e86e46484d7@group-2679EB29DCDF-StateMachineUpdater: snapshotIndex: updateIncreasingly -1 -> 12
2019-09-12 13:13:41,838 [grpc-default-executor-8] INFO  impl.RaftServerImpl (ServerState.java:close(385)) - b12fb8a7-710d-4c3e-812a-0e86e46484d7@group-2679EB29DCDF: closes. applyIndex: 12
2019-09-12 13:13:41,838 [Command processor thread] ERROR commandhandler.CloseContainerCommandHandler (CloseContainerCommandHandler.java:handle(125)) - Can't close container #4
java.io.IOException: org.apache.ratis.protocol.GroupMismatchException: b12fb8a7-710d-4c3e-812a-0e86e46484d7: group-2679EB29DCDF not found.
	at org.apache.hadoop.ozone.container.common.transport.server.ratis.XceiverServerRatis.submitRequest(XceiverServerRatis.java:495)
	at org.apache.hadoop.ozone.container.common.statemachine.commandhandler.CloseContainerCommandHandler.handle(CloseContainerCommandHandler.java:102)
	at org.apache.hadoop.ozone.container.common.statemachine.commandhandler.CommandDispatcher.handle(CommandDispatcher.java:99)
	at org.apache.hadoop.ozone.container.common.statemachine.DatanodeStateMachine.lambda$initCommandHandlerThread$1(DatanodeStateMachine.java:432)
	at java.lang.Thread.run(Thread.java:748)
Caused by: java.util.concurrent.ExecutionException: org.apache.ratis.protocol.GroupMismatchException: b12fb8a7-710d-4c3e-812a-0e86e46484d7: group-2679EB29DCDF not found.
	at java.util.concurrent.CompletableFuture.reportGet(CompletableFuture.java:357)
	at java.util.concurrent.CompletableFuture.get(CompletableFuture.java:1895)
	at org.apache.hadoop.ozone.container.common.transport.server.ratis.XceiverServerRatis.submitRequest(XceiverServerRatis.java:493)
	... 4 more
Caused by: org.apache.ratis.protocol.GroupMismatchException: b12fb8a7-710d-4c3e-812a-0e86e46484d7: group-2679EB29DCDF not found.
	at org.apache.ratis.server.impl.RaftServerProxy$ImplMap.get(RaftServerProxy.java:122)
	at org.apache.ratis.server.impl.RaftServerProxy.getImplFuture(RaftServerProxy.java:269)
	at org.apache.ratis.server.impl.RaftServerProxy.submitRequest(RaftServerProxy.java:327)
	at org.apache.ratis.server.impl.RaftServerProxy.submitClientRequestAsync(RaftServerProxy.java:333)
	... 5 more
2019-09-12 13:13:41,841 [EventQueue-PipelineActionsForPipelineActionHandler] ERROR pipeline.PipelineActionHandler (PipelineActionHandler.java:onMessage(60)) - Received pipeline action CLOSE for Pipeline[ Id: a707ec57-7eab-4057-848f-2679eb29dcdf, Nodes: 398b50df-cdaa-4e1b-b32c-4c6ed0083aaf{ip: 192.168.34.38, host: pr-hdds-2007-65vhz-3510356991, networkLocation: /default-rack, certSerialId: null}b12fb8a7-710d-4c3e-812a-0e86e46484d7{ip: 192.168.34.38, host: pr-hdds-2007-65vhz-3510356991, networkLocation: /default-rack, certSerialId: null}76bba12e-2f74-4525-959f-7a651f40206a{ip: 192.168.34.38, host: pr-hdds-2007-65vhz-3510356991, networkLocation: /default-rack, certSerialId: null}, Type:RATIS, Factor:THREE, State:CLOSED] from datanode b12fb8a7-710d-4c3e-812a-0e86e46484d7{ip: 192.168.34.38, host: pr-hdds-2007-65vhz-3510356991, networkLocation: /default-rack, certSerialId: null}. Reason : b12fb8a7-710d-4c3e-812a-0e86e46484d7 has not seen follower/s 398b50df-cdaa-4e1b-b32c-4c6ed0083aaf for 186768ms 76bba12e-2f74-4525-959f-7a651f40206a for 186768ms
2019-09-12 13:13:41,841 [b12fb8a7-710d-4c3e-812a-0e86e46484d7@group-2679EB29DCDF-SegmentedRaftLogWorker] ERROR ratis.XceiverServerRatis (XceiverServerRatis.java:triggerPipelineClose(568)) - pipeline Action CLOSE  on pipeline PipelineID=a707ec57-7eab-4057-848f-2679eb29dcdf.Reason : WriteLog:14: (t:1, i:14), STATEMACHINELOGENTRY, client-BDAEC2693858, cid=34-writeStateMachineData interrupted.
2019-09-12 13:13:41,843 [EventQueue-PipelineActionsForPipelineActionHandler] INFO  pipeline.SCMPipelineManager (SCMPipelineManager.java:finalizeAndDestroyPipeline(311)) - destroying pipeline:Pipeline[ Id: a707ec57-7eab-4057-848f-2679eb29dcdf, Nodes: 398b50df-cdaa-4e1b-b32c-4c6ed0083aaf{ip: 192.168.34.38, host: pr-hdds-2007-65vhz-3510356991, networkLocation: /default-rack, certSerialId: null}b12fb8a7-710d-4c3e-812a-0e86e46484d7{ip: 192.168.34.38, host: pr-hdds-2007-65vhz-3510356991, networkLocation: /default-rack, certSerialId: null}76bba12e-2f74-4525-959f-7a651f40206a{ip: 192.168.34.38, host: pr-hdds-2007-65vhz-3510356991, networkLocation: /default-rack, certSerialId: null}, Type:RATIS, Factor:THREE, State:CLOSED]
2019-09-12 13:13:41,845 [EventQueue-PipelineActionsForPipelineActionHandler] ERROR pipeline.PipelineActionHandler (PipelineActionHandler.java:onMessage(60)) - Received pipeline action CLOSE for Pipeline[ Id: a707ec57-7eab-4057-848f-2679eb29dcdf, Nodes: 398b50df-cdaa-4e1b-b32c-4c6ed0083aaf{ip: 192.168.34.38, host: pr-hdds-2007-65vhz-3510356991, networkLocation: /default-rack, certSerialId: null}b12fb8a7-710d-4c3e-812a-0e86e46484d7{ip: 192.168.34.38, host: pr-hdds-2007-65vhz-3510356991, networkLocation: /default-rack, certSerialId: null}76bba12e-2f74-4525-959f-7a651f40206a{ip: 192.168.34.38, host: pr-hdds-2007-65vhz-3510356991, networkLocation: /default-rack, certSerialId: null}, Type:RATIS, Factor:THREE, State:CLOSED] from datanode b12fb8a7-710d-4c3e-812a-0e86e46484d7{ip: 192.168.34.38, host: pr-hdds-2007-65vhz-3510356991, networkLocation: /default-rack, certSerialId: null}. Reason : WriteLog:14: (t:1, i:14), STATEMACHINELOGENTRY, client-BDAEC2693858, cid=34-writeStateMachineData interrupted.
2019-09-12 13:13:41,845 [EventQueue-PipelineActionsForPipelineActionHandler] INFO  pipeline.SCMPipelineManager (SCMPipelineManager.java:finalizeAndDestroyPipeline(311)) - destroying pipeline:Pipeline[ Id: a707ec57-7eab-4057-848f-2679eb29dcdf, Nodes: 398b50df-cdaa-4e1b-b32c-4c6ed0083aaf{ip: 192.168.34.38, host: pr-hdds-2007-65vhz-3510356991, networkLocation: /default-rack, certSerialId: null}b12fb8a7-710d-4c3e-812a-0e86e46484d7{ip: 192.168.34.38, host: pr-hdds-2007-65vhz-3510356991, networkLocation: /default-rack, certSerialId: null}76bba12e-2f74-4525-959f-7a651f40206a{ip: 192.168.34.38, host: pr-hdds-2007-65vhz-3510356991, networkLocation: /default-rack, certSerialId: null}, Type:RATIS, Factor:THREE, State:CLOSED]
2019-09-12 13:13:41,857 [grpc-default-executor-8] INFO  segmented.SegmentedRaftLogWorker (SegmentedRaftLogWorker.java:close(228)) - b12fb8a7-710d-4c3e-812a-0e86e46484d7@group-2679EB29DCDF-SegmentedRaftLogWorker close()
2019-09-12 13:13:41,950 [grpc-default-executor-8] INFO  interfaces.Container (KeyValueContainer.java:flushAndSyncDB(386)) - Container 1 is synced with bcsId 4.
2019-09-12 13:13:41,950 [grpc-default-executor-8] INFO  interfaces.Container (KeyValueContainer.java:flushAndSyncDB(386)) - Container 1 is synced with bcsId 4.
2019-09-12 13:13:42,085 [main] WARN  io.KeyOutputStream (KeyOutputStream.java:handleException(276)) - Encountered exception java.io.IOException: Unexpected Storage Container Exception: java.util.concurrent.CompletionException: java.util.concurrent.CompletionException: org.apache.ratis.protocol.GroupMismatchException: 398b50df-cdaa-4e1b-b32c-4c6ed0083aaf: group-2679EB29DCDF not found. on the pipeline Pipeline[ Id: a707ec57-7eab-4057-848f-2679eb29dcdf, Nodes: 398b50df-cdaa-4e1b-b32c-4c6ed0083aaf{ip: 192.168.34.38, host: pr-hdds-2007-65vhz-3510356991, networkLocation: /default-rack, certSerialId: null}b12fb8a7-710d-4c3e-812a-0e86e46484d7{ip: 192.168.34.38, host: pr-hdds-2007-65vhz-3510356991, networkLocation: /default-rack, certSerialId: null}76bba12e-2f74-4525-959f-7a651f40206a{ip: 192.168.34.38, host: pr-hdds-2007-65vhz-3510356991, networkLocation: /default-rack, certSerialId: null}, Type:RATIS, Factor:THREE, State:OPEN]. The last committed block length is 0, uncommitted data length is 400 retry count 0
2019-09-12 13:13:42,120 [grpc-default-executor-8] INFO  interfaces.Container (KeyValueContainer.java:flushAndSyncDB(386)) - Container 4 is synced with bcsId 10.
2019-09-12 13:13:42,120 [grpc-default-executor-8] INFO  interfaces.Container (KeyValueContainer.java:flushAndSyncDB(386)) - Container 4 is synced with bcsId 10.
2019-09-12 13:13:42,121 [grpc-default-executor-5] INFO  client.GrpcClientProtocolClient (GrpcClientProtocolClient.java:onNext(264)) - client-613F162163FA->bd0b0c89-cb45-482d-bed2-ad92fc2d5050: receive RaftClientReply:client-613F162163FA->bd0b0c89-cb45-482d-bed2-ad92fc2d5050@group-632364F96BAC, cid=132, FAILED org.apache.ratis.protocol.NotLeaderException: Server bd0b0c89-cb45-482d-bed2-ad92fc2d5050@group-632364F96BAC is not the leader 5d275853-b846-4f86-bc5b-0ba421435051:192.168.34.38:43235, logIndex=0, commits[bd0b0c89-cb45-482d-bed2-ad92fc2d5050:c0, 5d275853-b846-4f86-bc5b-0ba421435051:c0, e2c05a36-c8a2-43f6-9f8f-11b9e2d7f4b8:c0]
2019-09-12 13:13:42,193 [grpc-default-executor-8] INFO  impl.RaftServerProxy (RaftServerProxy.java:remove(95)) - 76bba12e-2f74-4525-959f-7a651f40206a: remove  FOLLOWER 76bba12e-2f74-4525-959f-7a651f40206a@group-2679EB29DCDF:t1, leader=b12fb8a7-710d-4c3e-812a-0e86e46484d7, voted=b12fb8a7-710d-4c3e-812a-0e86e46484d7, raftlog=76bba12e-2f74-4525-959f-7a651f40206a@group-2679EB29DCDF-SegmentedRaftLog:OPENED:c12,f12,i19, conf=0: [398b50df-cdaa-4e1b-b32c-4c6ed0083aaf:192.168.34.38:42550, b12fb8a7-710d-4c3e-812a-0e86e46484d7:192.168.34.38:33689, 76bba12e-2f74-4525-959f-7a651f40206a:192.168.34.38:43843], old=null RUNNING
2019-09-12 13:13:42,193 [grpc-default-executor-8] INFO  impl.RaftServerImpl (RaftServerImpl.java:lambda$shutdown$3(251)) - 76bba12e-2f74-4525-959f-7a651f40206a@group-2679EB29DCDF: shutdown
2019-09-12 13:13:42,193 [grpc-default-executor-8] INFO  util.JmxRegister (JmxRegister.java:unregister(73)) - Successfully un-registered JMX Bean with object name Ratis:service=RaftServer,group=group-2679EB29DCDF,id=76bba12e-2f74-4525-959f-7a651f40206a
2019-09-12 13:13:42,193 [grpc-default-executor-8] INFO  impl.RoleInfo (RoleInfo.java:shutdownFollowerState(121)) - 76bba12e-2f74-4525-959f-7a651f40206a: shutdown FollowerState
2019-09-12 13:13:42,194 [grpc-default-executor-8] INFO  impl.StateMachineUpdater (StateMachineUpdater.java:stopAndJoin(125)) - 76bba12e-2f74-4525-959f-7a651f40206a@group-2679EB29DCDF-StateMachineUpdater: set stopIndex = 12
2019-09-12 13:13:42,194 [Thread-308] INFO  impl.FollowerState (FollowerState.java:run(115)) - 76bba12e-2f74-4525-959f-7a651f40206a: FollowerState was interrupted: java.lang.InterruptedException: sleep interrupted
2019-09-12 13:13:42,194 [76bba12e-2f74-4525-959f-7a651f40206a@group-2679EB29DCDF-StateMachineUpdater] INFO  ratis.ContainerStateMachine (ContainerStateMachine.java:takeSnapshot(289)) - group-2679EB29DCDF: Taking a snapshot at:(t:1, i:10) file /workdir/hadoop-ozone/integration-test/target/test-dir/MiniOzoneClusterImpl-03275018-1bf5-4a9a-9ddc-ea2af4b584a8/datanode-5/data/ratis/a707ec57-7eab-4057-848f-2679eb29dcdf/sm/snapshot.1_10
2019-09-12 13:13:42,245 [76bba12e-2f74-4525-959f-7a651f40206a@group-2679EB29DCDF-StateMachineUpdater] INFO  ratis.ContainerStateMachine (ContainerStateMachine.java:takeSnapshot(300)) - group-2679EB29DCDF: Finished taking a snapshot at:(t:1, i:10) file:/workdir/hadoop-ozone/integration-test/target/test-dir/MiniOzoneClusterImpl-03275018-1bf5-4a9a-9ddc-ea2af4b584a8/datanode-5/data/ratis/a707ec57-7eab-4057-848f-2679eb29dcdf/sm/snapshot.1_10 time:52
2019-09-12 13:13:42,245 [76bba12e-2f74-4525-959f-7a651f40206a@group-2679EB29DCDF-StateMachineUpdater] INFO  impl.StateMachineUpdater (StateMachineUpdater.java:takeSnapshot(258)) - 76bba12e-2f74-4525-959f-7a651f40206a@group-2679EB29DCDF-StateMachineUpdater: Took a snapshot at index 10
2019-09-12 13:13:42,245 [76bba12e-2f74-4525-959f-7a651f40206a@group-2679EB29DCDF-StateMachineUpdater] INFO  impl.StateMachineUpdater (StateMachineUpdater.java:lambda$new$0(83)) - 76bba12e-2f74-4525-959f-7a651f40206a@group-2679EB29DCDF-StateMachineUpdater: snapshotIndex: updateIncreasingly -1 -> 10
2019-09-12 13:13:42,246 [76bba12e-2f74-4525-959f-7a651f40206a@group-2679EB29DCDF-StateMachineUpdater] INFO  ratis.ContainerStateMachine (ContainerStateMachine.java:takeSnapshot(289)) - group-2679EB29DCDF: Taking a snapshot at:(t:1, i:10) file /workdir/hadoop-ozone/integration-test/target/test-dir/MiniOzoneClusterImpl-03275018-1bf5-4a9a-9ddc-ea2af4b584a8/datanode-5/data/ratis/a707ec57-7eab-4057-848f-2679eb29dcdf/sm/snapshot.1_10
2019-09-12 13:13:42,311 [76bba12e-2f74-4525-959f-7a651f40206a@group-2679EB29DCDF-StateMachineUpdater] INFO  ratis.ContainerStateMachine (ContainerStateMachine.java:takeSnapshot(300)) - group-2679EB29DCDF: Finished taking a snapshot at:(t:1, i:10) file:/workdir/hadoop-ozone/integration-test/target/test-dir/MiniOzoneClusterImpl-03275018-1bf5-4a9a-9ddc-ea2af4b584a8/datanode-5/data/ratis/a707ec57-7eab-4057-848f-2679eb29dcdf/sm/snapshot.1_10 time:65
2019-09-12 13:13:42,311 [76bba12e-2f74-4525-959f-7a651f40206a@group-2679EB29DCDF-StateMachineUpdater] INFO  impl.StateMachineUpdater (StateMachineUpdater.java:takeSnapshot(258)) - 76bba12e-2f74-4525-959f-7a651f40206a@group-2679EB29DCDF-StateMachineUpdater: Took a snapshot at index 10
2019-09-12 13:13:42,311 [76bba12e-2f74-4525-959f-7a651f40206a@group-2679EB29DCDF-StateMachineUpdater] INFO  impl.StateMachineUpdater (StateMachineUpdater.java:lambda$new$0(83)) - 76bba12e-2f74-4525-959f-7a651f40206a@group-2679EB29DCDF-StateMachineUpdater: snapshotIndex: updateIncreasingly 10 -> 10
2019-09-12 13:13:42,318 [grpc-default-executor-8] INFO  impl.RaftServerImpl (ServerState.java:close(385)) - 76bba12e-2f74-4525-959f-7a651f40206a@group-2679EB29DCDF: closes. applyIndex: 12
2019-09-12 13:13:42,321 [76bba12e-2f74-4525-959f-7a651f40206a@group-2679EB29DCDF-SegmentedRaftLogWorker] ERROR ratis.XceiverServerRatis (XceiverServerRatis.java:triggerPipelineClose(568)) - pipeline Action CLOSE  on pipeline PipelineID=a707ec57-7eab-4057-848f-2679eb29dcdf.Reason : WriteLog:13: (t:1, i:13), STATEMACHINELOGENTRY, client-BDAEC2693858, cid=33-writeStateMachineData interrupted.
2019-09-12 13:13:42,323 [grpc-default-executor-8] INFO  segmented.SegmentedRaftLogWorker (SegmentedRaftLogWorker.java:close(228)) - 76bba12e-2f74-4525-959f-7a651f40206a@group-2679EB29DCDF-SegmentedRaftLogWorker close()
2019-09-12 13:13:42,323 [EventQueue-PipelineActionsForPipelineActionHandler] ERROR pipeline.PipelineActionHandler (PipelineActionHandler.java:onMessage(60)) - Received pipeline action CLOSE for Pipeline[ Id: a707ec57-7eab-4057-848f-2679eb29dcdf, Nodes: 398b50df-cdaa-4e1b-b32c-4c6ed0083aaf{ip: 192.168.34.38, host: pr-hdds-2007-65vhz-3510356991, networkLocation: /default-rack, certSerialId: null}b12fb8a7-710d-4c3e-812a-0e86e46484d7{ip: 192.168.34.38, host: pr-hdds-2007-65vhz-3510356991, networkLocation: /default-rack, certSerialId: null}76bba12e-2f74-4525-959f-7a651f40206a{ip: 192.168.34.38, host: pr-hdds-2007-65vhz-3510356991, networkLocation: /default-rack, certSerialId: null}, Type:RATIS, Factor:THREE, State:CLOSED] from datanode 76bba12e-2f74-4525-959f-7a651f40206a{ip: 192.168.34.38, host: pr-hdds-2007-65vhz-3510356991, networkLocation: /default-rack, certSerialId: null}. Reason : WriteLog:13: (t:1, i:13), STATEMACHINELOGENTRY, client-BDAEC2693858, cid=33-writeStateMachineData interrupted.
2019-09-12 13:13:42,326 [EventQueue-PipelineActionsForPipelineActionHandler] INFO  pipeline.SCMPipelineManager (SCMPipelineManager.java:finalizeAndDestroyPipeline(311)) - destroying pipeline:Pipeline[ Id: a707ec57-7eab-4057-848f-2679eb29dcdf, Nodes: 398b50df-cdaa-4e1b-b32c-4c6ed0083aaf{ip: 192.168.34.38, host: pr-hdds-2007-65vhz-3510356991, networkLocation: /default-rack, certSerialId: null}b12fb8a7-710d-4c3e-812a-0e86e46484d7{ip: 192.168.34.38, host: pr-hdds-2007-65vhz-3510356991, networkLocation: /default-rack, certSerialId: null}76bba12e-2f74-4525-959f-7a651f40206a{ip: 192.168.34.38, host: pr-hdds-2007-65vhz-3510356991, networkLocation: /default-rack, certSerialId: null}, Type:RATIS, Factor:THREE, State:CLOSED]
2019-09-12 13:13:42,685 [grpc-default-executor-8] INFO  interfaces.Container (KeyValueContainer.java:flushAndSyncDB(386)) - Container 1 is synced with bcsId 4.
2019-09-12 13:13:42,686 [grpc-default-executor-8] INFO  interfaces.Container (KeyValueContainer.java:flushAndSyncDB(386)) - Container 1 is synced with bcsId 4.
2019-09-12 13:13:42,795 [grpc-default-executor-8] INFO  interfaces.Container (KeyValueContainer.java:flushAndSyncDB(386)) - Container 4 is synced with bcsId 10.
2019-09-12 13:13:42,795 [grpc-default-executor-8] INFO  interfaces.Container (KeyValueContainer.java:flushAndSyncDB(386)) - Container 4 is synced with bcsId 10.
2019-09-12 13:13:42,865 [grpc-default-executor-5] INFO  client.GrpcClientProtocolClient (GrpcClientProtocolClient.java:onNext(264)) - client-613F162163FA->5d275853-b846-4f86-bc5b-0ba421435051: receive RaftClientReply:client-613F162163FA->5d275853-b846-4f86-bc5b-0ba421435051@group-632364F96BAC, cid=132, SUCCESS, logIndex=1, commits[5d275853-b846-4f86-bc5b-0ba421435051:c1, bd0b0c89-cb45-482d-bed2-ad92fc2d5050:c0, e2c05a36-c8a2-43f6-9f8f-11b9e2d7f4b8:c0]
2019-09-12 13:13:42,912 [grpc-default-executor-5] INFO  client.GrpcClientProtocolClient (GrpcClientProtocolClient.java:onNext(264)) - client-613F162163FA->5d275853-b846-4f86-bc5b-0ba421435051: receive RaftClientReply:client-613F162163FA->5d275853-b846-4f86-bc5b-0ba421435051@group-632364F96BAC, cid=133, SUCCESS, logIndex=3, commits[5d275853-b846-4f86-bc5b-0ba421435051:c5, bd0b0c89-cb45-482d-bed2-ad92fc2d5050:c2, e2c05a36-c8a2-43f6-9f8f-11b9e2d7f4b8:c2]
2019-09-12 13:13:43,123 [grpc-default-executor-8] INFO  interfaces.Container (KeyValueContainer.java:flushAndSyncDB(386)) - Container 5 is synced with bcsId 0.
2019-09-12 13:13:43,335 [grpc-default-executor-6] INFO  client.GrpcClientProtocolClient (GrpcClientProtocolClient.java:onNext(264)) - client-613F162163FA->5d275853-b846-4f86-bc5b-0ba421435051: receive RaftClientReply:client-613F162163FA->5d275853-b846-4f86-bc5b-0ba421435051@group-632364F96BAC, cid=134, SUCCESS, logIndex=4, commits[5d275853-b846-4f86-bc5b-0ba421435051:c12, bd0b0c89-cb45-482d-bed2-ad92fc2d5050:c7, e2c05a36-c8a2-43f6-9f8f-11b9e2d7f4b8:c7]
2019-09-12 13:13:43,343 [grpc-default-executor-6] INFO  client.GrpcClientProtocolClient (GrpcClientProtocolClient.java:onNext(264)) - client-613F162163FA->5d275853-b846-4f86-bc5b-0ba421435051: receive RaftClientReply:client-613F162163FA->5d275853-b846-4f86-bc5b-0ba421435051@group-632364F96BAC, cid=135, SUCCESS, logIndex=5, commits[5d275853-b846-4f86-bc5b-0ba421435051:c12, bd0b0c89-cb45-482d-bed2-ad92fc2d5050:c7, e2c05a36-c8a2-43f6-9f8f-11b9e2d7f4b8:c7]
2019-09-12 13:13:43,343 [grpc-default-executor-6] INFO  client.GrpcClientProtocolClient (GrpcClientProtocolClient.java:onNext(264)) - client-613F162163FA->5d275853-b846-4f86-bc5b-0ba421435051: receive RaftClientReply:client-613F162163FA->5d275853-b846-4f86-bc5b-0ba421435051@group-632364F96BAC, cid=136, SUCCESS, logIndex=6, commits[5d275853-b846-4f86-bc5b-0ba421435051:c12, bd0b0c89-cb45-482d-bed2-ad92fc2d5050:c7, e2c05a36-c8a2-43f6-9f8f-11b9e2d7f4b8:c7]
2019-09-12 13:13:43,923 [grpc-default-executor-8] INFO  interfaces.Container (KeyValueContainer.java:flushAndSyncDB(386)) - Container 5 is synced with bcsId 0.
2019-09-12 13:13:43,927 [grpc-default-executor-6] INFO  client.GrpcClientProtocolClient (GrpcClientProtocolClient.java:onNext(264)) - client-613F162163FA->5d275853-b846-4f86-bc5b-0ba421435051: receive RaftClientReply:client-613F162163FA->5d275853-b846-4f86-bc5b-0ba421435051@group-632364F96BAC, cid=137, SUCCESS, logIndex=7, commits[5d275853-b846-4f86-bc5b-0ba421435051:c12, bd0b0c89-cb45-482d-bed2-ad92fc2d5050:c7, e2c05a36-c8a2-43f6-9f8f-11b9e2d7f4b8:c7]
]]></system-out>
  </testcase>
  <testcase name="testBufferCaching" classname="org.apache.hadoop.ozone.client.rpc.TestBlockOutputStream" time="1.908"/>
  <testcase name="testWriteWithExceedingMaxBufferLimit" classname="org.apache.hadoop.ozone.client.rpc.TestBlockOutputStream" time="5.303"/>
</testsuite>