<?xml version="1.0" encoding="UTF-8"?>
<testsuite xmlns:xsi="http://www.w3.org/2001/XMLSchema-instance" xsi:noNamespaceSchemaLocation="https://maven.apache.org/surefire/maven-surefire-plugin/xsd/surefire-test-report.xsd" name="org.apache.hadoop.ozone.client.rpc.TestMultiBlockWritesWithDnFailures" time="151.354" tests="2" errors="1" skipped="0" failures="0">
  <properties>
    <property name="awt.toolkit" value="sun.awt.X11.XToolkit"/>
    <property name="file.encoding.pkg" value="sun.io"/>
    <property name="java.specification.version" value="1.8"/>
    <property name="sun.cpu.isalist" value=""/>
    <property name="sun.jnu.encoding" value="UTF-8"/>
    <property name="java.class.path" value="/workdir/hadoop-ozone/integration-test/target/test-classes:/workdir/hadoop-ozone/integration-test/target/classes:/home/user/.m2/repository/org/apache/hadoop/hadoop-ozone-common/0.5.0-SNAPSHOT/hadoop-ozone-common-0.5.0-SNAPSHOT.jar:/home/user/.m2/repository/org/apache/commons/commons-compress/1.4.1/commons-compress-1.4.1.jar:/home/user/.m2/repository/org/tukaani/xz/1.0/xz-1.0.jar:/home/user/.m2/repository/org/apache/hadoop/hadoop-common/3.2.0/hadoop-common-3.2.0.jar:/home/user/.m2/repository/org/apache/hadoop/hadoop-hdfs/3.2.0/hadoop-hdfs-3.2.0.jar:/home/user/.m2/repository/org/apache/hadoop/hadoop-hdfs-client/3.2.0/hadoop-hdfs-client-3.2.0.jar:/home/user/.m2/repository/com/fasterxml/jackson/core/jackson-annotations/2.9.5/jackson-annotations-2.9.5.jar:/home/user/.m2/repository/org/apache/hadoop/hadoop-hdds-common/0.5.0-SNAPSHOT/hadoop-hdds-common-0.5.0-SNAPSHOT.jar:/home/user/.m2/repository/javax/annotation/javax.annotation-api/1.2/javax.annotation-api-1.2.jar:/home/user/.m2/repository/org/apache/ratis/ratis-server/0.4.0-78e95b9-SNAPSHOT/ratis-server-0.4.0-78e95b9-SNAPSHOT.jar:/home/user/.m2/repository/org/apache/ratis/ratis-thirdparty-misc/0.2.0/ratis-thirdparty-misc-0.2.0.jar:/home/user/.m2/repository/org/apache/ratis/ratis-proto/0.4.0-78e95b9-SNAPSHOT/ratis-proto-0.4.0-78e95b9-SNAPSHOT.jar:/home/user/.m2/repository/org/apache/ratis/ratis-common/0.4.0-78e95b9-SNAPSHOT/ratis-common-0.4.0-78e95b9-SNAPSHOT.jar:/home/user/.m2/repository/org/apache/ratis/ratis-client/0.4.0-78e95b9-SNAPSHOT/ratis-client-0.4.0-78e95b9-SNAPSHOT.jar:/home/user/.m2/repository/org/apache/ratis/ratis-metrics/0.4.0-78e95b9-SNAPSHOT/ratis-metrics-0.4.0-78e95b9-SNAPSHOT.jar:/home/user/.m2/repository/com/github/joshelser/dropwizard-metrics-hadoop-metrics2-reporter/0.1.2/dropwizard-metrics-hadoop-metrics2-reporter-0.1.2.jar:/home/user/.m2/repository/io/dropwizard/metrics/metrics-jvm/3.2.5/metrics-jvm-3.2.5.jar:/home/user/.m2/repository/io/dropwizard/metrics/metrics-ganglia/3.2.5/metrics-ganglia-3.2.5.jar:/home/user/.m2/repository/info/ganglia/gmetric4j/gmetric4j/1.0.7/gmetric4j-1.0.7.jar:/home/user/.m2/repository/org/apache/ratis/ratis-netty/0.4.0-78e95b9-SNAPSHOT/ratis-netty-0.4.0-78e95b9-SNAPSHOT.jar:/home/user/.m2/repository/org/apache/ratis/ratis-grpc/0.4.0-78e95b9-SNAPSHOT/ratis-grpc-0.4.0-78e95b9-SNAPSHOT.jar:/home/user/.m2/repository/org/rocksdb/rocksdbjni/6.0.1/rocksdbjni-6.0.1.jar:/home/user/.m2/repository/org/apache/logging/log4j/log4j-api/2.11.0/log4j-api-2.11.0.jar:/home/user/.m2/repository/org/apache/logging/log4j/log4j-core/2.11.0/log4j-core-2.11.0.jar:/home/user/.m2/repository/com/lmax/disruptor/3.4.2/disruptor-3.4.2.jar:/home/user/.m2/repository/org/apache/commons/commons-pool2/2.6.0/commons-pool2-2.6.0.jar:/home/user/.m2/repository/org/bouncycastle/bcpkix-jdk15on/1.60/bcpkix-jdk15on-1.60.jar:/home/user/.m2/repository/commons-validator/commons-validator/1.6/commons-validator-1.6.jar:/home/user/.m2/repository/commons-digester/commons-digester/1.8.1/commons-digester-1.8.1.jar:/home/user/.m2/repository/io/jaegertracing/jaeger-client/0.33.1/jaeger-client-0.33.1.jar:/home/user/.m2/repository/io/jaegertracing/jaeger-thrift/0.33.1/jaeger-thrift-0.33.1.jar:/home/user/.m2/repository/org/apache/thrift/libthrift/0.11.0/libthrift-0.11.0.jar:/home/user/.m2/repository/com/squareup/okhttp3/okhttp/3.9.0/okhttp-3.9.0.jar:/home/user/.m2/repository/com/squareup/okio/okio/1.13.0/okio-1.13.0.jar:/home/user/.m2/repository/io/jaegertracing/jaeger-core/0.33.1/jaeger-core-0.33.1.jar:/home/user/.m2/repository/io/jaegertracing/jaeger-tracerresolver/0.33.1/jaeger-tracerresolver-0.33.1.jar:/home/user/.m2/repository/io/opentracing/contrib/opentracing-tracerresolver/0.1.5/opentracing-tracerresolver-0.1.5.jar:/home/user/.m2/repository/io/opentracing/opentracing-util/0.31.0/opentracing-util-0.31.0.jar:/home/user/.m2/repository/io/opentracing/opentracing-api/0.31.0/opentracing-api-0.31.0.jar:/home/user/.m2/repository/io/opentracing/opentracing-noop/0.31.0/opentracing-noop-0.31.0.jar:/home/user/.m2/repository/org/apache/hadoop/hadoop-hdds-server-framework/0.5.0-SNAPSHOT/hadoop-hdds-server-framework-0.5.0-SNAPSHOT.jar:/home/user/.m2/repository/org/apache/hadoop/hadoop-hdds-container-service/0.5.0-SNAPSHOT/hadoop-hdds-container-service-0.5.0-SNAPSHOT.jar:/home/user/.m2/repository/org/apache/hadoop/hadoop-hdds-client/0.5.0-SNAPSHOT/hadoop-hdds-client-0.5.0-SNAPSHOT.jar:/home/user/.m2/repository/org/apache/hadoop/hadoop-hdds-tools/0.5.0-SNAPSHOT/hadoop-hdds-tools-0.5.0-SNAPSHOT.jar:/home/user/.m2/repository/org/apache/hadoop/hadoop-hdds-server-scm/0.5.0-SNAPSHOT/hadoop-hdds-server-scm-0.5.0-SNAPSHOT.jar:/home/user/.m2/repository/org/apache/hadoop/hadoop-hdds-docs/0.5.0-SNAPSHOT/hadoop-hdds-docs-0.5.0-SNAPSHOT.jar:/home/user/.m2/repository/io/dropwizard/metrics/metrics-core/3.2.4/metrics-core-3.2.4.jar:/home/user/.m2/repository/org/hamcrest/hamcrest-all/1.3/hamcrest-all-1.3.jar:/home/user/.m2/repository/org/bouncycastle/bcprov-jdk15on/1.60/bcprov-jdk15on-1.60.jar:/home/user/.m2/repository/info/picocli/picocli/3.9.6/picocli-3.9.6.jar:/home/user/.m2/repository/com/google/protobuf/protobuf-java/2.5.0/protobuf-java-2.5.0.jar:/home/user/.m2/repository/com/google/guava/guava/11.0.2/guava-11.0.2.jar:/home/user/.m2/repository/org/apache/hadoop/hadoop-ozone-ozone-manager/0.5.0-SNAPSHOT/hadoop-ozone-ozone-manager-0.5.0-SNAPSHOT.jar:/home/user/.m2/repository/org/apache/hadoop/hadoop-minikdc/3.2.0/hadoop-minikdc-3.2.0.jar:/home/user/.m2/repository/commons-io/commons-io/2.5/commons-io-2.5.jar:/home/user/.m2/repository/org/apache/kerby/kerb-simplekdc/1.0.1/kerb-simplekdc-1.0.1.jar:/home/user/.m2/repository/org/apache/kerby/kerb-client/1.0.1/kerb-client-1.0.1.jar:/home/user/.m2/repository/org/apache/kerby/kerby-config/1.0.1/kerby-config-1.0.1.jar:/home/user/.m2/repository/org/apache/kerby/kerb-core/1.0.1/kerb-core-1.0.1.jar:/home/user/.m2/repository/org/apache/kerby/kerby-pkix/1.0.1/kerby-pkix-1.0.1.jar:/home/user/.m2/repository/org/apache/kerby/kerby-asn1/1.0.1/kerby-asn1-1.0.1.jar:/home/user/.m2/repository/org/apache/kerby/kerby-util/1.0.1/kerby-util-1.0.1.jar:/home/user/.m2/repository/org/apache/kerby/kerb-common/1.0.1/kerb-common-1.0.1.jar:/home/user/.m2/repository/org/apache/kerby/kerb-crypto/1.0.1/kerb-crypto-1.0.1.jar:/home/user/.m2/repository/org/apache/kerby/kerb-util/1.0.1/kerb-util-1.0.1.jar:/home/user/.m2/repository/org/apache/kerby/token-provider/1.0.1/token-provider-1.0.1.jar:/home/user/.m2/repository/org/apache/kerby/kerb-admin/1.0.1/kerb-admin-1.0.1.jar:/home/user/.m2/repository/org/apache/kerby/kerb-server/1.0.1/kerb-server-1.0.1.jar:/home/user/.m2/repository/org/apache/kerby/kerb-identity/1.0.1/kerb-identity-1.0.1.jar:/home/user/.m2/repository/org/apache/kerby/kerby-xdr/1.0.1/kerby-xdr-1.0.1.jar:/home/user/.m2/repository/org/slf4j/slf4j-log4j12/1.7.25/slf4j-log4j12-1.7.25.jar:/home/user/.m2/repository/org/apache/hadoop/hadoop-ozone-s3gateway/0.5.0-SNAPSHOT/hadoop-ozone-s3gateway-0.5.0-SNAPSHOT.jar:/home/user/.m2/repository/org/jboss/weld/servlet/weld-servlet/2.4.7.Final/weld-servlet-2.4.7.Final.jar:/home/user/.m2/repository/org/glassfish/jersey/containers/jersey-container-servlet-core/2.27/jersey-container-servlet-core-2.27.jar:/home/user/.m2/repository/org/glassfish/hk2/external/javax.inject/2.5.0-b42/javax.inject-2.5.0-b42.jar:/home/user/.m2/repository/org/glassfish/jersey/core/jersey-common/2.27/jersey-common-2.27.jar:/home/user/.m2/repository/org/glassfish/hk2/osgi-resource-locator/1.0.1/osgi-resource-locator-1.0.1.jar:/home/user/.m2/repository/javax/ws/rs/javax.ws.rs-api/2.1/javax.ws.rs-api-2.1.jar:/home/user/.m2/repository/org/glassfish/jersey/ext/cdi/jersey-cdi1x/2.27/jersey-cdi1x-2.27.jar:/home/user/.m2/repository/org/glassfish/jersey/inject/jersey-hk2/2.27/jersey-hk2-2.27.jar:/home/user/.m2/repository/org/glassfish/hk2/hk2-locator/2.5.0-b42/hk2-locator-2.5.0-b42.jar:/home/user/.m2/repository/org/javassist/javassist/3.22.0-CR2/javassist-3.22.0-CR2.jar:/home/user/.m2/repository/org/glassfish/hk2/hk2-api/2.5.0/hk2-api-2.5.0.jar:/home/user/.m2/repository/org/glassfish/hk2/external/jakarta.inject/2.5.0/jakarta.inject-2.5.0.jar:/home/user/.m2/repository/org/glassfish/hk2/hk2-utils/2.5.0/hk2-utils-2.5.0.jar:/home/user/.m2/repository/jakarta/annotation/jakarta.annotation-api/1.3.4/jakarta.annotation-api-1.3.4.jar:/home/user/.m2/repository/org/glassfish/hk2/external/aopalliance-repackaged/2.5.0/aopalliance-repackaged-2.5.0.jar:/home/user/.m2/repository/com/fasterxml/jackson/dataformat/jackson-dataformat-xml/2.9.0/jackson-dataformat-xml-2.9.0.jar:/home/user/.m2/repository/com/fasterxml/jackson/core/jackson-core/2.9.5/jackson-core-2.9.5.jar:/home/user/.m2/repository/com/fasterxml/jackson/module/jackson-module-jaxb-annotations/2.9.5/jackson-module-jaxb-annotations-2.9.5.jar:/home/user/.m2/repository/javax/enterprise/cdi-api/1.2/cdi-api-1.2.jar:/home/user/.m2/repository/javax/el/javax.el-api/3.0.0/javax.el-api-3.0.0.jar:/home/user/.m2/repository/javax/interceptor/javax.interceptor-api/1.2/javax.interceptor-api-1.2.jar:/home/user/.m2/repository/javax/inject/javax.inject/1/javax.inject-1.jar:/home/user/.m2/repository/com/sun/xml/bind/jaxb-impl/2.3.0.1/jaxb-impl-2.3.0.1.jar:/home/user/.m2/repository/com/sun/xml/bind/jaxb-core/2.3.0.1/jaxb-core-2.3.0.1.jar:/home/user/.m2/repository/javax/xml/bind/jaxb-api/2.3.0/jaxb-api-2.3.0.jar:/home/user/.m2/repository/javax/activation/activation/1.1.1/activation-1.1.1.jar:/home/user/.m2/repository/org/apache/hadoop/hadoop-ozone-csi/0.5.0-SNAPSHOT/hadoop-ozone-csi-0.5.0-SNAPSHOT.jar:/home/user/.m2/repository/com/google/protobuf/protobuf-java-util/3.5.1/protobuf-java-util-3.5.1.jar:/home/user/.m2/repository/org/apache/hadoop/hadoop-hdds-config/0.5.0-SNAPSHOT/hadoop-hdds-config-0.5.0-SNAPSHOT.jar:/home/user/.m2/repository/io/grpc/grpc-netty/1.17.1/grpc-netty-1.17.1.jar:/home/user/.m2/repository/io/grpc/grpc-core/1.17.1/grpc-core-1.17.1.jar:/home/user/.m2/repository/io/grpc/grpc-context/1.17.1/grpc-context-1.17.1.jar:/home/user/.m2/repository/com/google/errorprone/error_prone_annotations/2.2.0/error_prone_annotations-2.2.0.jar:/home/user/.m2/repository/org/codehaus/mojo/animal-sniffer-annotations/1.17/animal-sniffer-annotations-1.17.jar:/home/user/.m2/repository/io/opencensus/opencensus-api/0.17.0/opencensus-api-0.17.0.jar:/home/user/.m2/repository/io/opencensus/opencensus-contrib-grpc-metrics/0.17.0/opencensus-contrib-grpc-metrics-0.17.0.jar:/home/user/.m2/repository/io/netty/netty-codec-http2/4.1.30.Final/netty-codec-http2-4.1.30.Final.jar:/home/user/.m2/repository/io/netty/netty-codec-http/4.1.30.Final/netty-codec-http-4.1.30.Final.jar:/home/user/.m2/repository/io/netty/netty-codec/4.1.30.Final/netty-codec-4.1.30.Final.jar:/home/user/.m2/repository/io/netty/netty-handler/4.1.30.Final/netty-handler-4.1.30.Final.jar:/home/user/.m2/repository/io/netty/netty-handler-proxy/4.1.30.Final/netty-handler-proxy-4.1.30.Final.jar:/home/user/.m2/repository/io/netty/netty-codec-socks/4.1.30.Final/netty-codec-socks-4.1.30.Final.jar:/home/user/.m2/repository/io/netty/netty-transport-native-epoll/4.1.30.Final/netty-transport-native-epoll-4.1.30.Final.jar:/home/user/.m2/repository/io/netty/netty-common/4.1.30.Final/netty-common-4.1.30.Final.jar:/home/user/.m2/repository/io/netty/netty-buffer/4.1.30.Final/netty-buffer-4.1.30.Final.jar:/home/user/.m2/repository/io/netty/netty-transport/4.1.30.Final/netty-transport-4.1.30.Final.jar:/home/user/.m2/repository/io/netty/netty-resolver/4.1.30.Final/netty-resolver-4.1.30.Final.jar:/home/user/.m2/repository/io/netty/netty-transport-native-unix-common/4.1.30.Final/netty-transport-native-unix-common-4.1.30.Final.jar:/home/user/.m2/repository/io/grpc/grpc-protobuf/1.17.1/grpc-protobuf-1.17.1.jar:/home/user/.m2/repository/com/google/api/grpc/proto-google-common-protos/1.0.0/proto-google-common-protos-1.0.0.jar:/home/user/.m2/repository/io/grpc/grpc-protobuf-lite/1.17.1/grpc-protobuf-lite-1.17.1.jar:/home/user/.m2/repository/io/grpc/grpc-stub/1.17.1/grpc-stub-1.17.1.jar:/home/user/.m2/repository/org/apache/hadoop/hadoop-ozone-recon/0.5.0-SNAPSHOT/hadoop-ozone-recon-0.5.0-SNAPSHOT.jar:/home/user/.m2/repository/org/apache/hadoop/hadoop-ozone-reconcodegen/0.5.0-SNAPSHOT/hadoop-ozone-reconcodegen-0.5.0-SNAPSHOT.jar:/home/user/.m2/repository/com/google/inject/extensions/guice-multibindings/4.0/guice-multibindings-4.0.jar:/home/user/.m2/repository/com/google/inject/guice/4.0/guice-4.0.jar:/home/user/.m2/repository/aopalliance/aopalliance/1.0/aopalliance-1.0.jar:/home/user/.m2/repository/com/google/inject/extensions/guice-servlet/4.0/guice-servlet-4.0.jar:/home/user/.m2/repository/org/glassfish/jersey/containers/jersey-container-servlet/2.27/jersey-container-servlet-2.27.jar:/home/user/.m2/repository/org/glassfish/hk2/guice-bridge/2.5.0/guice-bridge-2.5.0.jar:/home/user/.m2/repository/org/glassfish/jersey/core/jersey-server/2.27/jersey-server-2.27.jar:/home/user/.m2/repository/org/glassfish/jersey/core/jersey-client/2.27/jersey-client-2.27.jar:/home/user/.m2/repository/org/glassfish/jersey/media/jersey-media-jaxb/2.27/jersey-media-jaxb-2.27.jar:/home/user/.m2/repository/javax/validation/validation-api/1.1.0.Final/validation-api-1.1.0.Final.jar:/home/user/.m2/repository/org/glassfish/jersey/media/jersey-media-json-jackson/2.27/jersey-media-json-jackson-2.27.jar:/home/user/.m2/repository/org/glassfish/jersey/ext/jersey-entity-filtering/2.27/jersey-entity-filtering-2.27.jar:/home/user/.m2/repository/com/google/inject/extensions/guice-assistedinject/4.0/guice-assistedinject-4.0.jar:/home/user/.m2/repository/org/jooq/jooq/3.11.10/jooq-3.11.10.jar:/home/user/.m2/repository/org/jooq/jooq-meta/3.11.10/jooq-meta-3.11.10.jar:/home/user/.m2/repository/org/jooq/jooq-codegen/3.11.10/jooq-codegen-3.11.10.jar:/home/user/.m2/repository/com/jolbox/bonecp/0.8.0.RELEASE/bonecp-0.8.0.RELEASE.jar:/home/user/.m2/repository/org/xerial/sqlite-jdbc/3.25.2/sqlite-jdbc-3.25.2.jar:/home/user/.m2/repository/org/springframework/spring-jdbc/5.1.3.RELEASE/spring-jdbc-5.1.3.RELEASE.jar:/home/user/.m2/repository/org/springframework/spring-beans/5.1.3.RELEASE/spring-beans-5.1.3.RELEASE.jar:/home/user/.m2/repository/org/springframework/spring-core/5.1.3.RELEASE/spring-core-5.1.3.RELEASE.jar:/home/user/.m2/repository/org/springframework/spring-jcl/5.1.3.RELEASE/spring-jcl-5.1.3.RELEASE.jar:/home/user/.m2/repository/org/springframework/spring-tx/5.1.3.RELEASE/spring-tx-5.1.3.RELEASE.jar:/home/user/.m2/repository/org/apache/hadoop/hadoop-ozone-client/0.5.0-SNAPSHOT/hadoop-ozone-client-0.5.0-SNAPSHOT.jar:/home/user/.m2/repository/commons-lang/commons-lang/2.6/commons-lang-2.6.jar:/home/user/.m2/repository/org/apache/hadoop/hadoop-ozone-ozone-manager/0.5.0-SNAPSHOT/hadoop-ozone-ozone-manager-0.5.0-SNAPSHOT-tests.jar:/home/user/.m2/repository/junit/junit/4.11/junit-4.11.jar:/home/user/.m2/repository/org/hamcrest/hamcrest-core/1.3/hamcrest-core-1.3.jar:/home/user/.m2/repository/org/openjdk/jmh/jmh-core/1.19/jmh-core-1.19.jar:/home/user/.m2/repository/net/sf/jopt-simple/jopt-simple/4.6/jopt-simple-4.6.jar:/home/user/.m2/repository/org/apache/commons/commons-math3/3.1.1/commons-math3-3.1.1.jar:/home/user/.m2/repository/org/openjdk/jmh/jmh-generator-annprocess/1.19/jmh-generator-annprocess-1.19.jar:/home/user/.m2/repository/org/mockito/mockito-all/1.8.5/mockito-all-1.8.5.jar:/home/user/.m2/repository/org/apache/hadoop/hadoop-kms/3.2.0/hadoop-kms-3.2.0.jar:/home/user/.m2/repository/org/apache/hadoop/hadoop-auth/3.2.0/hadoop-auth-3.2.0.jar:/home/user/.m2/repository/com/nimbusds/nimbus-jose-jwt/4.41.1/nimbus-jose-jwt-4.41.1.jar:/home/user/.m2/repository/com/github/stephenc/jcip/jcip-annotations/1.0-1/jcip-annotations-1.0-1.jar:/home/user/.m2/repository/net/minidev/json-smart/2.3/json-smart-2.3.jar:/home/user/.m2/repository/net/minidev/accessors-smart/1.2/accessors-smart-1.2.jar:/home/user/.m2/repository/org/ow2/asm/asm/5.0.4/asm-5.0.4.jar:/home/user/.m2/repository/org/apache/curator/curator-framework/2.12.0/curator-framework-2.12.0.jar:/home/user/.m2/repository/com/sun/jersey/jersey-core/1.19/jersey-core-1.19.jar:/home/user/.m2/repository/javax/ws/rs/jsr311-api/1.1.1/jsr311-api-1.1.1.jar:/home/user/.m2/repository/com/sun/jersey/jersey-server/1.19/jersey-server-1.19.jar:/home/user/.m2/repository/javax/servlet/javax.servlet-api/3.1.0/javax.servlet-api-3.1.0.jar:/home/user/.m2/repository/org/eclipse/jetty/jetty-server/9.3.24.v20180605/jetty-server-9.3.24.v20180605.jar:/home/user/.m2/repository/org/eclipse/jetty/jetty-http/9.3.24.v20180605/jetty-http-9.3.24.v20180605.jar:/home/user/.m2/repository/org/eclipse/jetty/jetty-io/9.3.24.v20180605/jetty-io-9.3.24.v20180605.jar:/home/user/.m2/repository/org/eclipse/jetty/jetty-webapp/9.3.24.v20180605/jetty-webapp-9.3.24.v20180605.jar:/home/user/.m2/repository/org/eclipse/jetty/jetty-xml/9.3.24.v20180605/jetty-xml-9.3.24.v20180605.jar:/home/user/.m2/repository/log4j/log4j/1.2.17/log4j-1.2.17.jar:/home/user/.m2/repository/org/slf4j/slf4j-api/1.7.25/slf4j-api-1.7.25.jar:/home/user/.m2/repository/org/slf4j/jul-to-slf4j/1.7.25/jul-to-slf4j-1.7.25.jar:/home/user/.m2/repository/org/eclipse/jetty/jetty-util/9.3.24.v20180605/jetty-util-9.3.24.v20180605.jar:/home/user/.m2/repository/com/fasterxml/jackson/core/jackson-databind/2.9.5/jackson-databind-2.9.5.jar:/home/user/.m2/repository/org/apache/hadoop/hadoop-kms/3.2.0/hadoop-kms-3.2.0-tests.jar:/home/user/.m2/repository/org/apache/hadoop/hadoop-hdds-server-scm/0.5.0-SNAPSHOT/hadoop-hdds-server-scm-0.5.0-SNAPSHOT-tests.jar:/home/user/.m2/repository/org/apache/hadoop/hadoop-hdds-container-service/0.5.0-SNAPSHOT/hadoop-hdds-container-service-0.5.0-SNAPSHOT-tests.jar:/home/user/.m2/repository/org/yaml/snakeyaml/1.16/snakeyaml-1.16.jar:/home/user/.m2/repository/org/apache/hadoop/hadoop-common/3.2.0/hadoop-common-3.2.0-tests.jar:/home/user/.m2/repository/org/apache/hadoop/hadoop-annotations/3.2.0/hadoop-annotations-3.2.0.jar:/usr/lib/jvm/java-1.8-openjdk/jre/../lib/tools.jar:/home/user/.m2/repository/commons-cli/commons-cli/1.2/commons-cli-1.2.jar:/home/user/.m2/repository/org/apache/httpcomponents/httpclient/4.5.2/httpclient-4.5.2.jar:/home/user/.m2/repository/org/apache/httpcomponents/httpcore/4.4.4/httpcore-4.4.4.jar:/home/user/.m2/repository/commons-codec/commons-codec/1.11/commons-codec-1.11.jar:/home/user/.m2/repository/commons-net/commons-net/3.6/commons-net-3.6.jar:/home/user/.m2/repository/commons-collections/commons-collections/3.2.2/commons-collections-3.2.2.jar:/home/user/.m2/repository/org/eclipse/jetty/jetty-servlet/9.3.24.v20180605/jetty-servlet-9.3.24.v20180605.jar:/home/user/.m2/repository/org/eclipse/jetty/jetty-security/9.3.24.v20180605/jetty-security-9.3.24.v20180605.jar:/home/user/.m2/repository/javax/servlet/jsp/jsp-api/2.1/jsp-api-2.1.jar:/home/user/.m2/repository/com/sun/jersey/jersey-servlet/1.19/jersey-servlet-1.19.jar:/home/user/.m2/repository/com/sun/jersey/jersey-json/1.19/jersey-json-1.19.jar:/home/user/.m2/repository/org/codehaus/jettison/jettison/1.1/jettison-1.1.jar:/home/user/.m2/repository/org/codehaus/jackson/jackson-core-asl/1.9.13/jackson-core-asl-1.9.13.jar:/home/user/.m2/repository/org/codehaus/jackson/jackson-mapper-asl/1.9.13/jackson-mapper-asl-1.9.13.jar:/home/user/.m2/repository/org/codehaus/jackson/jackson-jaxrs/1.9.13/jackson-jaxrs-1.9.13.jar:/home/user/.m2/repository/org/codehaus/jackson/jackson-xc/1.9.13/jackson-xc-1.9.13.jar:/home/user/.m2/repository/commons-logging/commons-logging/1.1.3/commons-logging-1.1.3.jar:/home/user/.m2/repository/commons-beanutils/commons-beanutils/1.9.3/commons-beanutils-1.9.3.jar:/home/user/.m2/repository/org/apache/commons/commons-configuration2/2.1.1/commons-configuration2-2.1.1.jar:/home/user/.m2/repository/org/apache/commons/commons-lang3/3.7/commons-lang3-3.7.jar:/home/user/.m2/repository/org/apache/commons/commons-text/1.4/commons-text-1.4.jar:/home/user/.m2/repository/org/apache/avro/avro/1.7.7/avro-1.7.7.jar:/home/user/.m2/repository/com/thoughtworks/paranamer/paranamer/2.3/paranamer-2.3.jar:/home/user/.m2/repository/org/xerial/snappy/snappy-java/1.0.5/snappy-java-1.0.5.jar:/home/user/.m2/repository/com/google/re2j/re2j/1.1/re2j-1.1.jar:/home/user/.m2/repository/com/google/code/gson/gson/2.2.4/gson-2.2.4.jar:/home/user/.m2/repository/com/jcraft/jsch/0.1.54/jsch-0.1.54.jar:/home/user/.m2/repository/org/apache/curator/curator-client/2.12.0/curator-client-2.12.0.jar:/home/user/.m2/repository/org/apache/curator/curator-recipes/2.12.0/curator-recipes-2.12.0.jar:/home/user/.m2/repository/com/google/code/findbugs/jsr305/3.0.0/jsr305-3.0.0.jar:/home/user/.m2/repository/org/apache/htrace/htrace-core4/4.1.0-incubating/htrace-core4-4.1.0-incubating.jar:/home/user/.m2/repository/org/apache/zookeeper/zookeeper/3.4.13/zookeeper-3.4.13.jar:/home/user/.m2/repository/org/apache/yetus/audience-annotations/0.5.0/audience-annotations-0.5.0.jar:/home/user/.m2/repository/org/codehaus/woodstox/stax2-api/3.1.4/stax2-api-3.1.4.jar:/home/user/.m2/repository/com/fasterxml/woodstox/woodstox-core/5.0.3/woodstox-core-5.0.3.jar:/home/user/.m2/repository/dnsjava/dnsjava/2.1.7/dnsjava-2.1.7.jar:/home/user/.m2/repository/org/apache/hadoop/hadoop-hdfs/3.2.0/hadoop-hdfs-3.2.0-tests.jar:/home/user/.m2/repository/org/eclipse/jetty/jetty-util-ajax/9.3.24.v20180605/jetty-util-ajax-9.3.24.v20180605.jar:/home/user/.m2/repository/commons-daemon/commons-daemon/1.0.13/commons-daemon-1.0.13.jar:/home/user/.m2/repository/io/netty/netty/3.10.5.Final/netty-3.10.5.Final.jar:/home/user/.m2/repository/io/netty/netty-all/4.0.52.Final/netty-all-4.0.52.Final.jar:/home/user/.m2/repository/org/fusesource/leveldbjni/leveldbjni-all/1.8/leveldbjni-all-1.8.jar:"/>
    <property name="java.vm.vendor" value="IcedTea"/>
    <property name="sun.arch.data.model" value="64"/>
    <property name="test.build.dir" value="/workdir/hadoop-ozone/integration-test/target/test-dir"/>
    <property name="test.cache.data" value=""/>
    <property name="java.vendor.url" value="https://icedtea.classpath.org"/>
    <property name="user.timezone" value=""/>
    <property name="java.vm.specification.version" value="1.8"/>
    <property name="os.name" value="Linux"/>
    <property name="test.build.data" value="/workdir/hadoop-ozone/integration-test/target/test-dir"/>
    <property name="user.country" value="US"/>
    <property name="sun.java.launcher" value="SUN_STANDARD"/>
    <property name="sun.boot.library.path" value="/usr/lib/jvm/java-1.8-openjdk/jre/lib/amd64"/>
    <property name="sun.java.command" value="/workdir/hadoop-ozone/integration-test/target/surefire/surefirebooter5783196508040633327.jar /workdir/hadoop-ozone/integration-test/target/surefire 2019-09-12T12-24-28_299-jvmRun1 surefire8167975276593746956tmp surefire_524301835784332610382tmp"/>
    <property name="test" value="!TestMiniChaosOzoneCluster"/>
    <property name="surefire.test.class.path" value="/workdir/hadoop-ozone/integration-test/target/test-classes:/workdir/hadoop-ozone/integration-test/target/classes:/home/user/.m2/repository/org/apache/hadoop/hadoop-ozone-common/0.5.0-SNAPSHOT/hadoop-ozone-common-0.5.0-SNAPSHOT.jar:/home/user/.m2/repository/org/apache/commons/commons-compress/1.4.1/commons-compress-1.4.1.jar:/home/user/.m2/repository/org/tukaani/xz/1.0/xz-1.0.jar:/home/user/.m2/repository/org/apache/hadoop/hadoop-common/3.2.0/hadoop-common-3.2.0.jar:/home/user/.m2/repository/org/apache/hadoop/hadoop-hdfs/3.2.0/hadoop-hdfs-3.2.0.jar:/home/user/.m2/repository/org/apache/hadoop/hadoop-hdfs-client/3.2.0/hadoop-hdfs-client-3.2.0.jar:/home/user/.m2/repository/com/fasterxml/jackson/core/jackson-annotations/2.9.5/jackson-annotations-2.9.5.jar:/home/user/.m2/repository/org/apache/hadoop/hadoop-hdds-common/0.5.0-SNAPSHOT/hadoop-hdds-common-0.5.0-SNAPSHOT.jar:/home/user/.m2/repository/javax/annotation/javax.annotation-api/1.2/javax.annotation-api-1.2.jar:/home/user/.m2/repository/org/apache/ratis/ratis-server/0.4.0-78e95b9-SNAPSHOT/ratis-server-0.4.0-78e95b9-SNAPSHOT.jar:/home/user/.m2/repository/org/apache/ratis/ratis-thirdparty-misc/0.2.0/ratis-thirdparty-misc-0.2.0.jar:/home/user/.m2/repository/org/apache/ratis/ratis-proto/0.4.0-78e95b9-SNAPSHOT/ratis-proto-0.4.0-78e95b9-SNAPSHOT.jar:/home/user/.m2/repository/org/apache/ratis/ratis-common/0.4.0-78e95b9-SNAPSHOT/ratis-common-0.4.0-78e95b9-SNAPSHOT.jar:/home/user/.m2/repository/org/apache/ratis/ratis-client/0.4.0-78e95b9-SNAPSHOT/ratis-client-0.4.0-78e95b9-SNAPSHOT.jar:/home/user/.m2/repository/org/apache/ratis/ratis-metrics/0.4.0-78e95b9-SNAPSHOT/ratis-metrics-0.4.0-78e95b9-SNAPSHOT.jar:/home/user/.m2/repository/com/github/joshelser/dropwizard-metrics-hadoop-metrics2-reporter/0.1.2/dropwizard-metrics-hadoop-metrics2-reporter-0.1.2.jar:/home/user/.m2/repository/io/dropwizard/metrics/metrics-jvm/3.2.5/metrics-jvm-3.2.5.jar:/home/user/.m2/repository/io/dropwizard/metrics/metrics-ganglia/3.2.5/metrics-ganglia-3.2.5.jar:/home/user/.m2/repository/info/ganglia/gmetric4j/gmetric4j/1.0.7/gmetric4j-1.0.7.jar:/home/user/.m2/repository/org/apache/ratis/ratis-netty/0.4.0-78e95b9-SNAPSHOT/ratis-netty-0.4.0-78e95b9-SNAPSHOT.jar:/home/user/.m2/repository/org/apache/ratis/ratis-grpc/0.4.0-78e95b9-SNAPSHOT/ratis-grpc-0.4.0-78e95b9-SNAPSHOT.jar:/home/user/.m2/repository/org/rocksdb/rocksdbjni/6.0.1/rocksdbjni-6.0.1.jar:/home/user/.m2/repository/org/apache/logging/log4j/log4j-api/2.11.0/log4j-api-2.11.0.jar:/home/user/.m2/repository/org/apache/logging/log4j/log4j-core/2.11.0/log4j-core-2.11.0.jar:/home/user/.m2/repository/com/lmax/disruptor/3.4.2/disruptor-3.4.2.jar:/home/user/.m2/repository/org/apache/commons/commons-pool2/2.6.0/commons-pool2-2.6.0.jar:/home/user/.m2/repository/org/bouncycastle/bcpkix-jdk15on/1.60/bcpkix-jdk15on-1.60.jar:/home/user/.m2/repository/commons-validator/commons-validator/1.6/commons-validator-1.6.jar:/home/user/.m2/repository/commons-digester/commons-digester/1.8.1/commons-digester-1.8.1.jar:/home/user/.m2/repository/io/jaegertracing/jaeger-client/0.33.1/jaeger-client-0.33.1.jar:/home/user/.m2/repository/io/jaegertracing/jaeger-thrift/0.33.1/jaeger-thrift-0.33.1.jar:/home/user/.m2/repository/org/apache/thrift/libthrift/0.11.0/libthrift-0.11.0.jar:/home/user/.m2/repository/com/squareup/okhttp3/okhttp/3.9.0/okhttp-3.9.0.jar:/home/user/.m2/repository/com/squareup/okio/okio/1.13.0/okio-1.13.0.jar:/home/user/.m2/repository/io/jaegertracing/jaeger-core/0.33.1/jaeger-core-0.33.1.jar:/home/user/.m2/repository/io/jaegertracing/jaeger-tracerresolver/0.33.1/jaeger-tracerresolver-0.33.1.jar:/home/user/.m2/repository/io/opentracing/contrib/opentracing-tracerresolver/0.1.5/opentracing-tracerresolver-0.1.5.jar:/home/user/.m2/repository/io/opentracing/opentracing-util/0.31.0/opentracing-util-0.31.0.jar:/home/user/.m2/repository/io/opentracing/opentracing-api/0.31.0/opentracing-api-0.31.0.jar:/home/user/.m2/repository/io/opentracing/opentracing-noop/0.31.0/opentracing-noop-0.31.0.jar:/home/user/.m2/repository/org/apache/hadoop/hadoop-hdds-server-framework/0.5.0-SNAPSHOT/hadoop-hdds-server-framework-0.5.0-SNAPSHOT.jar:/home/user/.m2/repository/org/apache/hadoop/hadoop-hdds-container-service/0.5.0-SNAPSHOT/hadoop-hdds-container-service-0.5.0-SNAPSHOT.jar:/home/user/.m2/repository/org/apache/hadoop/hadoop-hdds-client/0.5.0-SNAPSHOT/hadoop-hdds-client-0.5.0-SNAPSHOT.jar:/home/user/.m2/repository/org/apache/hadoop/hadoop-hdds-tools/0.5.0-SNAPSHOT/hadoop-hdds-tools-0.5.0-SNAPSHOT.jar:/home/user/.m2/repository/org/apache/hadoop/hadoop-hdds-server-scm/0.5.0-SNAPSHOT/hadoop-hdds-server-scm-0.5.0-SNAPSHOT.jar:/home/user/.m2/repository/org/apache/hadoop/hadoop-hdds-docs/0.5.0-SNAPSHOT/hadoop-hdds-docs-0.5.0-SNAPSHOT.jar:/home/user/.m2/repository/io/dropwizard/metrics/metrics-core/3.2.4/metrics-core-3.2.4.jar:/home/user/.m2/repository/org/hamcrest/hamcrest-all/1.3/hamcrest-all-1.3.jar:/home/user/.m2/repository/org/bouncycastle/bcprov-jdk15on/1.60/bcprov-jdk15on-1.60.jar:/home/user/.m2/repository/info/picocli/picocli/3.9.6/picocli-3.9.6.jar:/home/user/.m2/repository/com/google/protobuf/protobuf-java/2.5.0/protobuf-java-2.5.0.jar:/home/user/.m2/repository/com/google/guava/guava/11.0.2/guava-11.0.2.jar:/home/user/.m2/repository/org/apache/hadoop/hadoop-ozone-ozone-manager/0.5.0-SNAPSHOT/hadoop-ozone-ozone-manager-0.5.0-SNAPSHOT.jar:/home/user/.m2/repository/org/apache/hadoop/hadoop-minikdc/3.2.0/hadoop-minikdc-3.2.0.jar:/home/user/.m2/repository/commons-io/commons-io/2.5/commons-io-2.5.jar:/home/user/.m2/repository/org/apache/kerby/kerb-simplekdc/1.0.1/kerb-simplekdc-1.0.1.jar:/home/user/.m2/repository/org/apache/kerby/kerb-client/1.0.1/kerb-client-1.0.1.jar:/home/user/.m2/repository/org/apache/kerby/kerby-config/1.0.1/kerby-config-1.0.1.jar:/home/user/.m2/repository/org/apache/kerby/kerb-core/1.0.1/kerb-core-1.0.1.jar:/home/user/.m2/repository/org/apache/kerby/kerby-pkix/1.0.1/kerby-pkix-1.0.1.jar:/home/user/.m2/repository/org/apache/kerby/kerby-asn1/1.0.1/kerby-asn1-1.0.1.jar:/home/user/.m2/repository/org/apache/kerby/kerby-util/1.0.1/kerby-util-1.0.1.jar:/home/user/.m2/repository/org/apache/kerby/kerb-common/1.0.1/kerb-common-1.0.1.jar:/home/user/.m2/repository/org/apache/kerby/kerb-crypto/1.0.1/kerb-crypto-1.0.1.jar:/home/user/.m2/repository/org/apache/kerby/kerb-util/1.0.1/kerb-util-1.0.1.jar:/home/user/.m2/repository/org/apache/kerby/token-provider/1.0.1/token-provider-1.0.1.jar:/home/user/.m2/repository/org/apache/kerby/kerb-admin/1.0.1/kerb-admin-1.0.1.jar:/home/user/.m2/repository/org/apache/kerby/kerb-server/1.0.1/kerb-server-1.0.1.jar:/home/user/.m2/repository/org/apache/kerby/kerb-identity/1.0.1/kerb-identity-1.0.1.jar:/home/user/.m2/repository/org/apache/kerby/kerby-xdr/1.0.1/kerby-xdr-1.0.1.jar:/home/user/.m2/repository/org/slf4j/slf4j-log4j12/1.7.25/slf4j-log4j12-1.7.25.jar:/home/user/.m2/repository/org/apache/hadoop/hadoop-ozone-s3gateway/0.5.0-SNAPSHOT/hadoop-ozone-s3gateway-0.5.0-SNAPSHOT.jar:/home/user/.m2/repository/org/jboss/weld/servlet/weld-servlet/2.4.7.Final/weld-servlet-2.4.7.Final.jar:/home/user/.m2/repository/org/glassfish/jersey/containers/jersey-container-servlet-core/2.27/jersey-container-servlet-core-2.27.jar:/home/user/.m2/repository/org/glassfish/hk2/external/javax.inject/2.5.0-b42/javax.inject-2.5.0-b42.jar:/home/user/.m2/repository/org/glassfish/jersey/core/jersey-common/2.27/jersey-common-2.27.jar:/home/user/.m2/repository/org/glassfish/hk2/osgi-resource-locator/1.0.1/osgi-resource-locator-1.0.1.jar:/home/user/.m2/repository/javax/ws/rs/javax.ws.rs-api/2.1/javax.ws.rs-api-2.1.jar:/home/user/.m2/repository/org/glassfish/jersey/ext/cdi/jersey-cdi1x/2.27/jersey-cdi1x-2.27.jar:/home/user/.m2/repository/org/glassfish/jersey/inject/jersey-hk2/2.27/jersey-hk2-2.27.jar:/home/user/.m2/repository/org/glassfish/hk2/hk2-locator/2.5.0-b42/hk2-locator-2.5.0-b42.jar:/home/user/.m2/repository/org/javassist/javassist/3.22.0-CR2/javassist-3.22.0-CR2.jar:/home/user/.m2/repository/org/glassfish/hk2/hk2-api/2.5.0/hk2-api-2.5.0.jar:/home/user/.m2/repository/org/glassfish/hk2/external/jakarta.inject/2.5.0/jakarta.inject-2.5.0.jar:/home/user/.m2/repository/org/glassfish/hk2/hk2-utils/2.5.0/hk2-utils-2.5.0.jar:/home/user/.m2/repository/jakarta/annotation/jakarta.annotation-api/1.3.4/jakarta.annotation-api-1.3.4.jar:/home/user/.m2/repository/org/glassfish/hk2/external/aopalliance-repackaged/2.5.0/aopalliance-repackaged-2.5.0.jar:/home/user/.m2/repository/com/fasterxml/jackson/dataformat/jackson-dataformat-xml/2.9.0/jackson-dataformat-xml-2.9.0.jar:/home/user/.m2/repository/com/fasterxml/jackson/core/jackson-core/2.9.5/jackson-core-2.9.5.jar:/home/user/.m2/repository/com/fasterxml/jackson/module/jackson-module-jaxb-annotations/2.9.5/jackson-module-jaxb-annotations-2.9.5.jar:/home/user/.m2/repository/javax/enterprise/cdi-api/1.2/cdi-api-1.2.jar:/home/user/.m2/repository/javax/el/javax.el-api/3.0.0/javax.el-api-3.0.0.jar:/home/user/.m2/repository/javax/interceptor/javax.interceptor-api/1.2/javax.interceptor-api-1.2.jar:/home/user/.m2/repository/javax/inject/javax.inject/1/javax.inject-1.jar:/home/user/.m2/repository/com/sun/xml/bind/jaxb-impl/2.3.0.1/jaxb-impl-2.3.0.1.jar:/home/user/.m2/repository/com/sun/xml/bind/jaxb-core/2.3.0.1/jaxb-core-2.3.0.1.jar:/home/user/.m2/repository/javax/xml/bind/jaxb-api/2.3.0/jaxb-api-2.3.0.jar:/home/user/.m2/repository/javax/activation/activation/1.1.1/activation-1.1.1.jar:/home/user/.m2/repository/org/apache/hadoop/hadoop-ozone-csi/0.5.0-SNAPSHOT/hadoop-ozone-csi-0.5.0-SNAPSHOT.jar:/home/user/.m2/repository/com/google/protobuf/protobuf-java-util/3.5.1/protobuf-java-util-3.5.1.jar:/home/user/.m2/repository/org/apache/hadoop/hadoop-hdds-config/0.5.0-SNAPSHOT/hadoop-hdds-config-0.5.0-SNAPSHOT.jar:/home/user/.m2/repository/io/grpc/grpc-netty/1.17.1/grpc-netty-1.17.1.jar:/home/user/.m2/repository/io/grpc/grpc-core/1.17.1/grpc-core-1.17.1.jar:/home/user/.m2/repository/io/grpc/grpc-context/1.17.1/grpc-context-1.17.1.jar:/home/user/.m2/repository/com/google/errorprone/error_prone_annotations/2.2.0/error_prone_annotations-2.2.0.jar:/home/user/.m2/repository/org/codehaus/mojo/animal-sniffer-annotations/1.17/animal-sniffer-annotations-1.17.jar:/home/user/.m2/repository/io/opencensus/opencensus-api/0.17.0/opencensus-api-0.17.0.jar:/home/user/.m2/repository/io/opencensus/opencensus-contrib-grpc-metrics/0.17.0/opencensus-contrib-grpc-metrics-0.17.0.jar:/home/user/.m2/repository/io/netty/netty-codec-http2/4.1.30.Final/netty-codec-http2-4.1.30.Final.jar:/home/user/.m2/repository/io/netty/netty-codec-http/4.1.30.Final/netty-codec-http-4.1.30.Final.jar:/home/user/.m2/repository/io/netty/netty-codec/4.1.30.Final/netty-codec-4.1.30.Final.jar:/home/user/.m2/repository/io/netty/netty-handler/4.1.30.Final/netty-handler-4.1.30.Final.jar:/home/user/.m2/repository/io/netty/netty-handler-proxy/4.1.30.Final/netty-handler-proxy-4.1.30.Final.jar:/home/user/.m2/repository/io/netty/netty-codec-socks/4.1.30.Final/netty-codec-socks-4.1.30.Final.jar:/home/user/.m2/repository/io/netty/netty-transport-native-epoll/4.1.30.Final/netty-transport-native-epoll-4.1.30.Final.jar:/home/user/.m2/repository/io/netty/netty-common/4.1.30.Final/netty-common-4.1.30.Final.jar:/home/user/.m2/repository/io/netty/netty-buffer/4.1.30.Final/netty-buffer-4.1.30.Final.jar:/home/user/.m2/repository/io/netty/netty-transport/4.1.30.Final/netty-transport-4.1.30.Final.jar:/home/user/.m2/repository/io/netty/netty-resolver/4.1.30.Final/netty-resolver-4.1.30.Final.jar:/home/user/.m2/repository/io/netty/netty-transport-native-unix-common/4.1.30.Final/netty-transport-native-unix-common-4.1.30.Final.jar:/home/user/.m2/repository/io/grpc/grpc-protobuf/1.17.1/grpc-protobuf-1.17.1.jar:/home/user/.m2/repository/com/google/api/grpc/proto-google-common-protos/1.0.0/proto-google-common-protos-1.0.0.jar:/home/user/.m2/repository/io/grpc/grpc-protobuf-lite/1.17.1/grpc-protobuf-lite-1.17.1.jar:/home/user/.m2/repository/io/grpc/grpc-stub/1.17.1/grpc-stub-1.17.1.jar:/home/user/.m2/repository/org/apache/hadoop/hadoop-ozone-recon/0.5.0-SNAPSHOT/hadoop-ozone-recon-0.5.0-SNAPSHOT.jar:/home/user/.m2/repository/org/apache/hadoop/hadoop-ozone-reconcodegen/0.5.0-SNAPSHOT/hadoop-ozone-reconcodegen-0.5.0-SNAPSHOT.jar:/home/user/.m2/repository/com/google/inject/extensions/guice-multibindings/4.0/guice-multibindings-4.0.jar:/home/user/.m2/repository/com/google/inject/guice/4.0/guice-4.0.jar:/home/user/.m2/repository/aopalliance/aopalliance/1.0/aopalliance-1.0.jar:/home/user/.m2/repository/com/google/inject/extensions/guice-servlet/4.0/guice-servlet-4.0.jar:/home/user/.m2/repository/org/glassfish/jersey/containers/jersey-container-servlet/2.27/jersey-container-servlet-2.27.jar:/home/user/.m2/repository/org/glassfish/hk2/guice-bridge/2.5.0/guice-bridge-2.5.0.jar:/home/user/.m2/repository/org/glassfish/jersey/core/jersey-server/2.27/jersey-server-2.27.jar:/home/user/.m2/repository/org/glassfish/jersey/core/jersey-client/2.27/jersey-client-2.27.jar:/home/user/.m2/repository/org/glassfish/jersey/media/jersey-media-jaxb/2.27/jersey-media-jaxb-2.27.jar:/home/user/.m2/repository/javax/validation/validation-api/1.1.0.Final/validation-api-1.1.0.Final.jar:/home/user/.m2/repository/org/glassfish/jersey/media/jersey-media-json-jackson/2.27/jersey-media-json-jackson-2.27.jar:/home/user/.m2/repository/org/glassfish/jersey/ext/jersey-entity-filtering/2.27/jersey-entity-filtering-2.27.jar:/home/user/.m2/repository/com/google/inject/extensions/guice-assistedinject/4.0/guice-assistedinject-4.0.jar:/home/user/.m2/repository/org/jooq/jooq/3.11.10/jooq-3.11.10.jar:/home/user/.m2/repository/org/jooq/jooq-meta/3.11.10/jooq-meta-3.11.10.jar:/home/user/.m2/repository/org/jooq/jooq-codegen/3.11.10/jooq-codegen-3.11.10.jar:/home/user/.m2/repository/com/jolbox/bonecp/0.8.0.RELEASE/bonecp-0.8.0.RELEASE.jar:/home/user/.m2/repository/org/xerial/sqlite-jdbc/3.25.2/sqlite-jdbc-3.25.2.jar:/home/user/.m2/repository/org/springframework/spring-jdbc/5.1.3.RELEASE/spring-jdbc-5.1.3.RELEASE.jar:/home/user/.m2/repository/org/springframework/spring-beans/5.1.3.RELEASE/spring-beans-5.1.3.RELEASE.jar:/home/user/.m2/repository/org/springframework/spring-core/5.1.3.RELEASE/spring-core-5.1.3.RELEASE.jar:/home/user/.m2/repository/org/springframework/spring-jcl/5.1.3.RELEASE/spring-jcl-5.1.3.RELEASE.jar:/home/user/.m2/repository/org/springframework/spring-tx/5.1.3.RELEASE/spring-tx-5.1.3.RELEASE.jar:/home/user/.m2/repository/org/apache/hadoop/hadoop-ozone-client/0.5.0-SNAPSHOT/hadoop-ozone-client-0.5.0-SNAPSHOT.jar:/home/user/.m2/repository/commons-lang/commons-lang/2.6/commons-lang-2.6.jar:/home/user/.m2/repository/org/apache/hadoop/hadoop-ozone-ozone-manager/0.5.0-SNAPSHOT/hadoop-ozone-ozone-manager-0.5.0-SNAPSHOT-tests.jar:/home/user/.m2/repository/junit/junit/4.11/junit-4.11.jar:/home/user/.m2/repository/org/hamcrest/hamcrest-core/1.3/hamcrest-core-1.3.jar:/home/user/.m2/repository/org/openjdk/jmh/jmh-core/1.19/jmh-core-1.19.jar:/home/user/.m2/repository/net/sf/jopt-simple/jopt-simple/4.6/jopt-simple-4.6.jar:/home/user/.m2/repository/org/apache/commons/commons-math3/3.1.1/commons-math3-3.1.1.jar:/home/user/.m2/repository/org/openjdk/jmh/jmh-generator-annprocess/1.19/jmh-generator-annprocess-1.19.jar:/home/user/.m2/repository/org/mockito/mockito-all/1.8.5/mockito-all-1.8.5.jar:/home/user/.m2/repository/org/apache/hadoop/hadoop-kms/3.2.0/hadoop-kms-3.2.0.jar:/home/user/.m2/repository/org/apache/hadoop/hadoop-auth/3.2.0/hadoop-auth-3.2.0.jar:/home/user/.m2/repository/com/nimbusds/nimbus-jose-jwt/4.41.1/nimbus-jose-jwt-4.41.1.jar:/home/user/.m2/repository/com/github/stephenc/jcip/jcip-annotations/1.0-1/jcip-annotations-1.0-1.jar:/home/user/.m2/repository/net/minidev/json-smart/2.3/json-smart-2.3.jar:/home/user/.m2/repository/net/minidev/accessors-smart/1.2/accessors-smart-1.2.jar:/home/user/.m2/repository/org/ow2/asm/asm/5.0.4/asm-5.0.4.jar:/home/user/.m2/repository/org/apache/curator/curator-framework/2.12.0/curator-framework-2.12.0.jar:/home/user/.m2/repository/com/sun/jersey/jersey-core/1.19/jersey-core-1.19.jar:/home/user/.m2/repository/javax/ws/rs/jsr311-api/1.1.1/jsr311-api-1.1.1.jar:/home/user/.m2/repository/com/sun/jersey/jersey-server/1.19/jersey-server-1.19.jar:/home/user/.m2/repository/javax/servlet/javax.servlet-api/3.1.0/javax.servlet-api-3.1.0.jar:/home/user/.m2/repository/org/eclipse/jetty/jetty-server/9.3.24.v20180605/jetty-server-9.3.24.v20180605.jar:/home/user/.m2/repository/org/eclipse/jetty/jetty-http/9.3.24.v20180605/jetty-http-9.3.24.v20180605.jar:/home/user/.m2/repository/org/eclipse/jetty/jetty-io/9.3.24.v20180605/jetty-io-9.3.24.v20180605.jar:/home/user/.m2/repository/org/eclipse/jetty/jetty-webapp/9.3.24.v20180605/jetty-webapp-9.3.24.v20180605.jar:/home/user/.m2/repository/org/eclipse/jetty/jetty-xml/9.3.24.v20180605/jetty-xml-9.3.24.v20180605.jar:/home/user/.m2/repository/log4j/log4j/1.2.17/log4j-1.2.17.jar:/home/user/.m2/repository/org/slf4j/slf4j-api/1.7.25/slf4j-api-1.7.25.jar:/home/user/.m2/repository/org/slf4j/jul-to-slf4j/1.7.25/jul-to-slf4j-1.7.25.jar:/home/user/.m2/repository/org/eclipse/jetty/jetty-util/9.3.24.v20180605/jetty-util-9.3.24.v20180605.jar:/home/user/.m2/repository/com/fasterxml/jackson/core/jackson-databind/2.9.5/jackson-databind-2.9.5.jar:/home/user/.m2/repository/org/apache/hadoop/hadoop-kms/3.2.0/hadoop-kms-3.2.0-tests.jar:/home/user/.m2/repository/org/apache/hadoop/hadoop-hdds-server-scm/0.5.0-SNAPSHOT/hadoop-hdds-server-scm-0.5.0-SNAPSHOT-tests.jar:/home/user/.m2/repository/org/apache/hadoop/hadoop-hdds-container-service/0.5.0-SNAPSHOT/hadoop-hdds-container-service-0.5.0-SNAPSHOT-tests.jar:/home/user/.m2/repository/org/yaml/snakeyaml/1.16/snakeyaml-1.16.jar:/home/user/.m2/repository/org/apache/hadoop/hadoop-common/3.2.0/hadoop-common-3.2.0-tests.jar:/home/user/.m2/repository/org/apache/hadoop/hadoop-annotations/3.2.0/hadoop-annotations-3.2.0.jar:/usr/lib/jvm/java-1.8-openjdk/jre/../lib/tools.jar:/home/user/.m2/repository/commons-cli/commons-cli/1.2/commons-cli-1.2.jar:/home/user/.m2/repository/org/apache/httpcomponents/httpclient/4.5.2/httpclient-4.5.2.jar:/home/user/.m2/repository/org/apache/httpcomponents/httpcore/4.4.4/httpcore-4.4.4.jar:/home/user/.m2/repository/commons-codec/commons-codec/1.11/commons-codec-1.11.jar:/home/user/.m2/repository/commons-net/commons-net/3.6/commons-net-3.6.jar:/home/user/.m2/repository/commons-collections/commons-collections/3.2.2/commons-collections-3.2.2.jar:/home/user/.m2/repository/org/eclipse/jetty/jetty-servlet/9.3.24.v20180605/jetty-servlet-9.3.24.v20180605.jar:/home/user/.m2/repository/org/eclipse/jetty/jetty-security/9.3.24.v20180605/jetty-security-9.3.24.v20180605.jar:/home/user/.m2/repository/javax/servlet/jsp/jsp-api/2.1/jsp-api-2.1.jar:/home/user/.m2/repository/com/sun/jersey/jersey-servlet/1.19/jersey-servlet-1.19.jar:/home/user/.m2/repository/com/sun/jersey/jersey-json/1.19/jersey-json-1.19.jar:/home/user/.m2/repository/org/codehaus/jettison/jettison/1.1/jettison-1.1.jar:/home/user/.m2/repository/org/codehaus/jackson/jackson-core-asl/1.9.13/jackson-core-asl-1.9.13.jar:/home/user/.m2/repository/org/codehaus/jackson/jackson-mapper-asl/1.9.13/jackson-mapper-asl-1.9.13.jar:/home/user/.m2/repository/org/codehaus/jackson/jackson-jaxrs/1.9.13/jackson-jaxrs-1.9.13.jar:/home/user/.m2/repository/org/codehaus/jackson/jackson-xc/1.9.13/jackson-xc-1.9.13.jar:/home/user/.m2/repository/commons-logging/commons-logging/1.1.3/commons-logging-1.1.3.jar:/home/user/.m2/repository/commons-beanutils/commons-beanutils/1.9.3/commons-beanutils-1.9.3.jar:/home/user/.m2/repository/org/apache/commons/commons-configuration2/2.1.1/commons-configuration2-2.1.1.jar:/home/user/.m2/repository/org/apache/commons/commons-lang3/3.7/commons-lang3-3.7.jar:/home/user/.m2/repository/org/apache/commons/commons-text/1.4/commons-text-1.4.jar:/home/user/.m2/repository/org/apache/avro/avro/1.7.7/avro-1.7.7.jar:/home/user/.m2/repository/com/thoughtworks/paranamer/paranamer/2.3/paranamer-2.3.jar:/home/user/.m2/repository/org/xerial/snappy/snappy-java/1.0.5/snappy-java-1.0.5.jar:/home/user/.m2/repository/com/google/re2j/re2j/1.1/re2j-1.1.jar:/home/user/.m2/repository/com/google/code/gson/gson/2.2.4/gson-2.2.4.jar:/home/user/.m2/repository/com/jcraft/jsch/0.1.54/jsch-0.1.54.jar:/home/user/.m2/repository/org/apache/curator/curator-client/2.12.0/curator-client-2.12.0.jar:/home/user/.m2/repository/org/apache/curator/curator-recipes/2.12.0/curator-recipes-2.12.0.jar:/home/user/.m2/repository/com/google/code/findbugs/jsr305/3.0.0/jsr305-3.0.0.jar:/home/user/.m2/repository/org/apache/htrace/htrace-core4/4.1.0-incubating/htrace-core4-4.1.0-incubating.jar:/home/user/.m2/repository/org/apache/zookeeper/zookeeper/3.4.13/zookeeper-3.4.13.jar:/home/user/.m2/repository/org/apache/yetus/audience-annotations/0.5.0/audience-annotations-0.5.0.jar:/home/user/.m2/repository/org/codehaus/woodstox/stax2-api/3.1.4/stax2-api-3.1.4.jar:/home/user/.m2/repository/com/fasterxml/woodstox/woodstox-core/5.0.3/woodstox-core-5.0.3.jar:/home/user/.m2/repository/dnsjava/dnsjava/2.1.7/dnsjava-2.1.7.jar:/home/user/.m2/repository/org/apache/hadoop/hadoop-hdfs/3.2.0/hadoop-hdfs-3.2.0-tests.jar:/home/user/.m2/repository/org/eclipse/jetty/jetty-util-ajax/9.3.24.v20180605/jetty-util-ajax-9.3.24.v20180605.jar:/home/user/.m2/repository/commons-daemon/commons-daemon/1.0.13/commons-daemon-1.0.13.jar:/home/user/.m2/repository/io/netty/netty/3.10.5.Final/netty-3.10.5.Final.jar:/home/user/.m2/repository/io/netty/netty-all/4.0.52.Final/netty-all-4.0.52.Final.jar:/home/user/.m2/repository/org/fusesource/leveldbjni/leveldbjni-all/1.8/leveldbjni-all-1.8.jar:"/>
    <property name="sun.cpu.endian" value="little"/>
    <property name="user.home" value="/home/user"/>
    <property name="user.language" value="en"/>
    <property name="java.specification.vendor" value="Oracle Corporation"/>
    <property name="java.home" value="/usr/lib/jvm/java-1.8-openjdk/jre"/>
    <property name="java.security.krb5.conf" value="/workdir/hadoop-ozone/integration-test/target/test-classes/krb5.conf"/>
    <property name="basedir" value="/workdir/hadoop-ozone/integration-test"/>
    <property name="file.separator" value="/"/>
    <property name="line.separator" value="&#10;"/>
    <property name="java.vm.specification.vendor" value="Oracle Corporation"/>
    <property name="java.specification.name" value="Java Platform API Specification"/>
    <property name="java.awt.graphicsenv" value="sun.awt.X11GraphicsEnvironment"/>
    <property name="surefire.real.class.path" value="/workdir/hadoop-ozone/integration-test/target/surefire/surefirebooter5783196508040633327.jar"/>
    <property name="hadoop.log.dir" value="/workdir/hadoop-ozone/integration-test/target/log"/>
    <property name="sun.boot.class.path" value="/usr/lib/jvm/java-1.8-openjdk/jre/lib/resources.jar:/usr/lib/jvm/java-1.8-openjdk/jre/lib/rt.jar:/usr/lib/jvm/java-1.8-openjdk/jre/lib/sunrsasign.jar:/usr/lib/jvm/java-1.8-openjdk/jre/lib/jsse.jar:/usr/lib/jvm/java-1.8-openjdk/jre/lib/jce.jar:/usr/lib/jvm/java-1.8-openjdk/jre/lib/charsets.jar:/usr/lib/jvm/java-1.8-openjdk/jre/lib/jfr.jar:/usr/lib/jvm/java-1.8-openjdk/jre/classes"/>
    <property name="sun.management.compiler" value="HotSpot 64-Bit Tiered Compilers"/>
    <property name="java.runtime.version" value="1.8.0_212-b04"/>
    <property name="java.net.preferIPv4Stack" value="true"/>
    <property name="user.name" value="jenkins1000"/>
    <property name="path.separator" value=":"/>
    <property name="java.security.egd" value="file:///dev/urandom"/>
    <property name="os.version" value="3.10.0-957.12.2.el7.x86_64"/>
    <property name="java.endorsed.dirs" value="/usr/lib/jvm/java-1.8-openjdk/jre/lib/endorsed"/>
    <property name="java.runtime.name" value="OpenJDK Runtime Environment"/>
    <property name="file.encoding" value="UTF-8"/>
    <property name="java.vm.name" value="OpenJDK 64-Bit Server VM"/>
    <property name="test.build.webapps" value=""/>
    <property name="localRepository" value="/home/user/.m2/repository"/>
    <property name="java.vendor.url.bug" value="https://icedtea.classpath.org/bugzilla"/>
    <property name="java.io.tmpdir" value="/tmp"/>
    <property name="require.test.libhadoop" value=""/>
    <property name="java.version" value="1.8.0_212"/>
    <property name="user.dir" value="/workdir/hadoop-ozone/integration-test"/>
    <property name="os.arch" value="amd64"/>
    <property name="java.vm.specification.name" value="Java Virtual Machine Specification"/>
    <property name="test.build.classes" value="/workdir/hadoop-ozone/integration-test/target/test-classes"/>
    <property name="java.awt.printerjob" value="sun.print.PSPrinterJob"/>
    <property name="sun.os.patch.level" value="unknown"/>
    <property name="hadoop.tmp.dir" value="/workdir/hadoop-ozone/integration-test/target/tmp"/>
    <property name="java.library.path" value="/usr/lib/jvm/java-1.8-openjdk/jre/lib/amd64/server:/usr/lib/jvm/java-1.8-openjdk/jre/lib/amd64:/usr/lib/jvm/java-1.8-openjdk/jre/../lib/amd64:/workdir/hadoop-ozone/integration-test/target/native/target/usr/local/lib:/workdir/hadoop-ozone/integration-test/../../hadoop-common-project/hadoop-common/target/native/target/usr/local/lib:/usr/java/packages/lib/amd64:/usr/lib64:/lib64:/lib:/usr/lib"/>
    <property name="java.vm.info" value="mixed mode"/>
    <property name="java.vendor" value="IcedTea"/>
    <property name="java.vm.version" value="25.212-b04"/>
    <property name="java.ext.dirs" value="/usr/lib/jvm/java-1.8-openjdk/jre/lib/ext:/usr/java/packages/lib/ext"/>
    <property name="sun.io.unicode.encoding" value="UnicodeLittle"/>
    <property name="java.class.version" value="52.0"/>
  </properties>
  <testcase name="testMultiBlockWritesWithIntermittentDnFailures" classname="org.apache.hadoop.ozone.client.rpc.TestMultiBlockWritesWithDnFailures" time="103.216">
    <error message="Allocated 0 blocks. Requested 1 blocks" type="INTERNAL_ERROR org.apache.hadoop.ozone.om.exceptions.OMException">INTERNAL_ERROR org.apache.hadoop.ozone.om.exceptions.OMException: Allocated 0 blocks. Requested 1 blocks
	at org.apache.hadoop.ozone.om.protocolPB.OzoneManagerProtocolClientSideTranslatorPB.handleError(OzoneManagerProtocolClientSideTranslatorPB.java:726)
	at org.apache.hadoop.ozone.om.protocolPB.OzoneManagerProtocolClientSideTranslatorPB.allocateBlock(OzoneManagerProtocolClientSideTranslatorPB.java:758)
	at sun.reflect.NativeMethodAccessorImpl.invoke0(Native Method)
	at sun.reflect.NativeMethodAccessorImpl.invoke(NativeMethodAccessorImpl.java:62)
	at sun.reflect.DelegatingMethodAccessorImpl.invoke(DelegatingMethodAccessorImpl.java:43)
	at java.lang.reflect.Method.invoke(Method.java:498)
	at org.apache.hadoop.hdds.tracing.TraceAllMethod.invoke(TraceAllMethod.java:66)
	at com.sun.proxy.$Proxy36.allocateBlock(Unknown Source)
	at org.apache.hadoop.ozone.client.io.BlockOutputStreamEntryPool.allocateNewBlock(BlockOutputStreamEntryPool.java:248)
	at org.apache.hadoop.ozone.client.io.BlockOutputStreamEntryPool.allocateBlockIfNeeded(BlockOutputStreamEntryPool.java:296)
	at org.apache.hadoop.ozone.client.io.KeyOutputStream.handleWrite(KeyOutputStream.java:201)
	at org.apache.hadoop.ozone.client.io.KeyOutputStream.handleRetry(KeyOutputStream.java:376)
	at org.apache.hadoop.ozone.client.io.KeyOutputStream.handleException(KeyOutputStream.java:325)
	at org.apache.hadoop.ozone.client.io.KeyOutputStream.handleWrite(KeyOutputStream.java:231)
	at org.apache.hadoop.ozone.client.io.KeyOutputStream.write(KeyOutputStream.java:193)
	at org.apache.hadoop.ozone.client.io.OzoneOutputStream.write(OzoneOutputStream.java:49)
	at java.io.OutputStream.write(OutputStream.java:75)
	at org.apache.hadoop.ozone.client.rpc.TestMultiBlockWritesWithDnFailures.testMultiBlockWritesWithIntermittentDnFailures(TestMultiBlockWritesWithDnFailures.java:196)
	at sun.reflect.NativeMethodAccessorImpl.invoke0(Native Method)
	at sun.reflect.NativeMethodAccessorImpl.invoke(NativeMethodAccessorImpl.java:62)
	at sun.reflect.DelegatingMethodAccessorImpl.invoke(DelegatingMethodAccessorImpl.java:43)
	at java.lang.reflect.Method.invoke(Method.java:498)
	at org.junit.runners.model.FrameworkMethod$1.runReflectiveCall(FrameworkMethod.java:47)
	at org.junit.internal.runners.model.ReflectiveCallable.run(ReflectiveCallable.java:12)
	at org.junit.runners.model.FrameworkMethod.invokeExplosively(FrameworkMethod.java:44)
	at org.junit.internal.runners.statements.InvokeMethod.evaluate(InvokeMethod.java:17)
	at org.junit.internal.runners.statements.RunAfters.evaluate(RunAfters.java:27)
	at org.junit.runners.ParentRunner.runLeaf(ParentRunner.java:271)
	at org.junit.runners.BlockJUnit4ClassRunner.runChild(BlockJUnit4ClassRunner.java:70)
	at org.junit.runners.BlockJUnit4ClassRunner.runChild(BlockJUnit4ClassRunner.java:50)
	at org.junit.runners.ParentRunner$3.run(ParentRunner.java:238)
	at org.junit.runners.ParentRunner$1.schedule(ParentRunner.java:63)
	at org.junit.runners.ParentRunner.runChildren(ParentRunner.java:236)
	at org.junit.runners.ParentRunner.access$000(ParentRunner.java:53)
	at org.junit.runners.ParentRunner$2.evaluate(ParentRunner.java:229)
	at org.junit.runners.ParentRunner.run(ParentRunner.java:309)
	at org.apache.maven.surefire.junit4.JUnit4Provider.execute(JUnit4Provider.java:365)
	at org.apache.maven.surefire.junit4.JUnit4Provider.executeWithRerun(JUnit4Provider.java:273)
	at org.apache.maven.surefire.junit4.JUnit4Provider.executeTestSet(JUnit4Provider.java:238)
	at org.apache.maven.surefire.junit4.JUnit4Provider.invoke(JUnit4Provider.java:159)
	at org.apache.maven.surefire.booter.ForkedBooter.invokeProviderInSameClassLoader(ForkedBooter.java:384)
	at org.apache.maven.surefire.booter.ForkedBooter.runSuitesInProcess(ForkedBooter.java:345)
	at org.apache.maven.surefire.booter.ForkedBooter.execute(ForkedBooter.java:126)
	at org.apache.maven.surefire.booter.ForkedBooter.main(ForkedBooter.java:418)
</error>
    <system-out><![CDATA[2019-09-12 13:47:05,987 [main] WARN  server.ServerUtils (ServerUtils.java:getScmDbDir(145)) - ozone.scm.db.dirs is not configured. We recommend adding this setting. Falling back to ozone.metadata.dirs instead.
2019-09-12 13:47:06,139 [main] WARN  server.ServerUtils (ServerUtils.java:getScmDbDir(145)) - ozone.scm.db.dirs is not configured. We recommend adding this setting. Falling back to ozone.metadata.dirs instead.
2019-09-12 13:47:06,143 [main] WARN  server.ServerUtils (ServerUtils.java:getScmDbDir(145)) - ozone.scm.db.dirs is not configured. We recommend adding this setting. Falling back to ozone.metadata.dirs instead.
2019-09-12 13:47:06,164 [main] INFO  util.log (Log.java:initialized(192)) - Logging initialized @997ms
2019-09-12 13:47:06,295 [main] INFO  db.DBStoreBuilder (DBStoreBuilder.java:addTable(110)) - using custom profile for table: deletedBlocks
2019-09-12 13:47:06,296 [main] INFO  db.DBStoreBuilder (DBStoreBuilder.java:processTables(161)) - Using default column profile:DBProfile.DISK for Table:deletedBlocks
2019-09-12 13:47:06,297 [main] INFO  db.DBStoreBuilder (DBStoreBuilder.java:addTable(110)) - using custom profile for table: validCerts
2019-09-12 13:47:06,297 [main] INFO  db.DBStoreBuilder (DBStoreBuilder.java:processTables(161)) - Using default column profile:DBProfile.DISK for Table:validCerts
2019-09-12 13:47:06,298 [main] INFO  db.DBStoreBuilder (DBStoreBuilder.java:addTable(110)) - using custom profile for table: revokedCerts
2019-09-12 13:47:06,298 [main] INFO  db.DBStoreBuilder (DBStoreBuilder.java:processTables(161)) - Using default column profile:DBProfile.DISK for Table:revokedCerts
2019-09-12 13:47:06,313 [main] INFO  db.DBStoreBuilder (DBStoreBuilder.java:addTable(110)) - using custom profile for table: default
2019-09-12 13:47:06,313 [main] INFO  db.DBStoreBuilder (DBStoreBuilder.java:processTables(167)) - Using default column profile:DBProfile.DISK for Table:default
2019-09-12 13:47:06,315 [main] INFO  db.DBStoreBuilder (DBStoreBuilder.java:getDbProfile(198)) - Using default options. DBProfile.DISK
2019-09-12 13:47:06,710 [main] INFO  net.NodeSchemaLoader (NodeSchemaLoader.java:loadSchemaFromFile(125)) - Loading file from sun.misc.CompoundEnumeration@3270d194
2019-09-12 13:47:06,712 [main] INFO  net.NodeSchemaLoader (NodeSchemaLoader.java:loadSchema(171)) - Loading network topology layer schema file
2019-09-12 13:47:06,810 [main] INFO  node.SCMNodeManager (SCMNodeManager.java:<init>(114)) - Entering startup safe mode.
2019-09-12 13:47:06,887 [main] INFO  algorithms.ContainerPlacementPolicyFactory (ContainerPlacementPolicyFactory.java:getPolicy(57)) - Create container placement policy of type org.apache.hadoop.hdds.scm.container.placement.algorithms.SCMContainerPlacementRandom
2019-09-12 13:47:06,902 [main] WARN  server.ServerUtils (ServerUtils.java:getScmDbDir(145)) - ozone.scm.db.dirs is not configured. We recommend adding this setting. Falling back to ozone.metadata.dirs instead.
2019-09-12 13:47:06,949 [main] INFO  pipeline.SCMPipelineManager (SCMPipelineManager.java:initializePipelineState(128)) - No pipeline exists in current db
2019-09-12 13:47:06,951 [main] WARN  server.ServerUtils (ServerUtils.java:getScmDbDir(145)) - ozone.scm.db.dirs is not configured. We recommend adding this setting. Falling back to ozone.metadata.dirs instead.
2019-09-12 13:47:07,059 [main] WARN  events.EventQueue (EventQueue.java:fireEvent(183)) - No event handler registered for event TypedEvent{payloadType=SafeModeStatus, name='SafeModeStatus'}
2019-09-12 13:47:07,464 [main] INFO  ipc.CallQueueManager (CallQueueManager.java:<init>(84)) - Using callQueue: class java.util.concurrent.LinkedBlockingQueue, queueCapacity: 2000, scheduler: class org.apache.hadoop.ipc.DefaultRpcScheduler, ipcBackoff: false.
2019-09-12 13:47:07,492 [Socket Reader #1 for port 40178] INFO  ipc.Server (Server.java:run(1074)) - Starting Socket Reader #1 for port 40178
2019-09-12 13:47:07,658 [main] INFO  ipc.CallQueueManager (CallQueueManager.java:<init>(84)) - Using callQueue: class java.util.concurrent.LinkedBlockingQueue, queueCapacity: 2000, scheduler: class org.apache.hadoop.ipc.DefaultRpcScheduler, ipcBackoff: false.
2019-09-12 13:47:07,659 [Socket Reader #1 for port 33828] INFO  ipc.Server (Server.java:run(1074)) - Starting Socket Reader #1 for port 33828
2019-09-12 13:47:07,670 [main] INFO  ipc.CallQueueManager (CallQueueManager.java:<init>(84)) - Using callQueue: class java.util.concurrent.LinkedBlockingQueue, queueCapacity: 2000, scheduler: class org.apache.hadoop.ipc.DefaultRpcScheduler, ipcBackoff: false.
2019-09-12 13:47:07,671 [Socket Reader #1 for port 42022] INFO  ipc.Server (Server.java:run(1074)) - Starting Socket Reader #1 for port 42022
2019-09-12 13:47:07,696 [main] INFO  hdfs.DFSUtil (DFSUtil.java:httpServerTemplateForNNAndJN(1641)) - Starting Web-server for scm at: http://0.0.0.0:0
2019-09-12 13:47:07,849 [main] INFO  server.AuthenticationFilter (AuthenticationFilter.java:constructSecretProvider(240)) - Unable to initialize FileSignerSecretProvider, falling back to use random secrets.
2019-09-12 13:47:07,858 [main] WARN  http.HttpRequestLog (HttpRequestLog.java:getRequestLog(97)) - Jetty request log can only be enabled using Log4j
2019-09-12 13:47:07,867 [main] INFO  http.HttpServer2 (HttpServer2.java:addGlobalFilter(975)) - Added global filter 'safety' (class=org.apache.hadoop.http.HttpServer2$QuotingInputFilter)
2019-09-12 13:47:07,870 [main] INFO  http.HttpServer2 (HttpServer2.java:addFilter(948)) - Added filter static_user_filter (class=org.apache.hadoop.http.lib.StaticUserWebFilter$StaticUserFilter) to context scm
2019-09-12 13:47:07,870 [main] INFO  http.HttpServer2 (HttpServer2.java:addFilter(958)) - Added filter static_user_filter (class=org.apache.hadoop.http.lib.StaticUserWebFilter$StaticUserFilter) to context logs
2019-09-12 13:47:07,870 [main] INFO  http.HttpServer2 (HttpServer2.java:addFilter(958)) - Added filter static_user_filter (class=org.apache.hadoop.http.lib.StaticUserWebFilter$StaticUserFilter) to context static
2019-09-12 13:47:07,902 [main] INFO  server.StorageContainerManager (StorageContainerManager.java:start(763)) - StorageContainerLocationProtocol RPC server is listening at /0.0.0.0:42022
2019-09-12 13:47:07,964 [main] WARN  impl.MetricsConfig (MetricsConfig.java:loadFirst(134)) - Cannot locate configuration: tried hadoop-metrics2-storagecontainermanager.properties,hadoop-metrics2.properties
2019-09-12 13:47:07,977 [main] INFO  impl.MetricsSystemImpl (MetricsSystemImpl.java:startTimer(374)) - Scheduled Metric snapshot period at 10 second(s).
2019-09-12 13:47:07,977 [main] INFO  impl.MetricsSystemImpl (MetricsSystemImpl.java:start(191)) - StorageContainerManager metrics system started
2019-09-12 13:47:08,193 [main] INFO  server.SCMClientProtocolServer (SCMClientProtocolServer.java:start(151)) - RPC server for Client  is listening at /0.0.0.0:42022
2019-09-12 13:47:08,193 [IPC Server Responder] INFO  ipc.Server (Server.java:run(1314)) - IPC Server Responder: starting
2019-09-12 13:47:08,194 [IPC Server listener on 42022] INFO  ipc.Server (Server.java:run(1153)) - IPC Server listener on 42022: starting
2019-09-12 13:47:08,196 [main] INFO  server.StorageContainerManager (StorageContainerManager.java:start(773)) - ScmBlockLocationProtocol RPC server is listening at /0.0.0.0:33828
2019-09-12 13:47:08,197 [main] INFO  server.SCMBlockProtocolServer (SCMBlockProtocolServer.java:start(146)) - RPC server for Block Protocol is listening at /0.0.0.0:33828
2019-09-12 13:47:08,198 [IPC Server Responder] INFO  ipc.Server (Server.java:run(1314)) - IPC Server Responder: starting
2019-09-12 13:47:08,198 [IPC Server listener on 33828] INFO  ipc.Server (Server.java:run(1153)) - IPC Server listener on 33828: starting
2019-09-12 13:47:08,200 [main] INFO  server.StorageContainerManager (StorageContainerManager.java:start(777)) - ScmDatanodeProtocl RPC server is listening at /0.0.0.0:40178
2019-09-12 13:47:08,201 [main] INFO  server.SCMDatanodeProtocolServer (SCMDatanodeProtocolServer.java:start(191)) - RPC server for DataNodes is listening at /0.0.0.0:40178
2019-09-12 13:47:08,201 [IPC Server listener on 40178] INFO  ipc.Server (Server.java:run(1153)) - IPC Server listener on 40178: starting
2019-09-12 13:47:08,201 [IPC Server Responder] INFO  ipc.Server (Server.java:run(1314)) - IPC Server Responder: starting
2019-09-12 13:47:08,205 [main] INFO  http.HttpServer2 (HttpServer2.java:bindListener(1191)) - Jetty bound to port 43213
2019-09-12 13:47:08,206 [main] INFO  server.Server (Server.java:doStart(351)) - jetty-9.3.24.v20180605, build timestamp: 2018-06-05T17:11:56Z, git hash: 84205aa28f11a4f31f2a3b86d1bba2cc8ab69827
2019-09-12 13:47:08,239 [main] INFO  handler.ContextHandler (ContextHandler.java:doStart(781)) - Started o.e.j.s.ServletContextHandler@732f29af{/logs,file:///workdir/hadoop-ozone/integration-test/target/log,AVAILABLE}
2019-09-12 13:47:08,240 [main] INFO  handler.ContextHandler (ContextHandler.java:doStart(781)) - Started o.e.j.s.ServletContextHandler@6622fc65{/static,file:///workdir/hadoop-ozone/integration-test/target/test-classes/webapps/static,AVAILABLE}
2019-09-12 13:47:08,269 [main] INFO  handler.ContextHandler (ContextHandler.java:doStart(781)) - Started o.e.j.w.WebAppContext@7555b920{/,file:///workdir/hadoop-ozone/integration-test/target/test-classes/webapps/scm/,AVAILABLE}{/scm}
2019-09-12 13:47:08,275 [main] INFO  server.AbstractConnector (AbstractConnector.java:doStart(278)) - Started ServerConnector@6db66836{HTTP/1.1,[http/1.1]}{0.0.0.0:43213}
2019-09-12 13:47:08,275 [main] INFO  server.Server (Server.java:doStart(419)) - Started @3108ms
2019-09-12 13:47:08,277 [main] INFO  impl.MetricsSinkAdapter (MetricsSinkAdapter.java:start(204)) - Sink prometheus started
2019-09-12 13:47:08,277 [main] INFO  impl.MetricsSystemImpl (MetricsSystemImpl.java:registerSink(301)) - Registered sink prometheus
2019-09-12 13:47:08,279 [main] INFO  server.BaseHttpServer (BaseHttpServer.java:updateConnectorAddress(215)) - HTTP server of SCM is listening at http://0.0.0.0:43213
2019-09-12 13:47:08,287 [org.apache.hadoop.util.JvmPauseMonitor$Monitor@78461bc4] INFO  util.JvmPauseMonitor (JvmPauseMonitor.java:run(188)) - Starting JVM pause monitor
2019-09-12 13:47:08,291 [main] WARN  server.ServerUtils (ServerUtils.java:getDBPath(222)) - ozone.om.db.dirs is not configured. We recommend adding this setting. Falling back to ozone.metadata.dirs instead.
2019-09-12 13:47:08,418 [main] WARN  server.ServerUtils (ServerUtils.java:getDBPath(222)) - ozone.om.db.dirs is not configured. We recommend adding this setting. Falling back to ozone.metadata.dirs instead.
2019-09-12 13:47:08,418 [main] WARN  server.ServerUtils (ServerUtils.java:getDBPath(222)) - ozone.om.db.dirs is not configured. We recommend adding this setting. Falling back to ozone.metadata.dirs instead.
2019-09-12 13:47:08,419 [main] INFO  om.OzoneManager (OzoneManager.java:setOMNodeDetails(649)) - OM Service ID is not set. Setting it to the default ID: omServiceIdDefault
2019-09-12 13:47:08,420 [main] INFO  om.OzoneManager (OzoneManager.java:setOMNodeDetails(655)) - OM Node ID is not set. Setting it to the OmStorage's OmID: e76d2698-1728-46ff-a224-7e783825b3f4
2019-09-12 13:47:08,421 [main] INFO  om.OzoneManager (OzoneManager.java:loadOMHAConfigs(606)) - Found matching OM address with OMServiceId: null, OMNodeId: null, RPC Address: localhost:0 and Ratis port: 9872
2019-09-12 13:47:09,156 [main] WARN  server.ServerUtils (ServerUtils.java:getDBPath(222)) - ozone.om.db.dirs is not configured. We recommend adding this setting. Falling back to ozone.metadata.dirs instead.
2019-09-12 13:47:09,164 [main] INFO  db.DBStoreBuilder (DBStoreBuilder.java:addTable(110)) - using custom profile for table: userTable
2019-09-12 13:47:09,164 [main] INFO  db.DBStoreBuilder (DBStoreBuilder.java:processTables(161)) - Using default column profile:DBProfile.DISK for Table:userTable
2019-09-12 13:47:09,164 [main] INFO  db.DBStoreBuilder (DBStoreBuilder.java:addTable(110)) - using custom profile for table: volumeTable
2019-09-12 13:47:09,165 [main] INFO  db.DBStoreBuilder (DBStoreBuilder.java:processTables(161)) - Using default column profile:DBProfile.DISK for Table:volumeTable
2019-09-12 13:47:09,165 [main] INFO  db.DBStoreBuilder (DBStoreBuilder.java:addTable(110)) - using custom profile for table: bucketTable
2019-09-12 13:47:09,165 [main] INFO  db.DBStoreBuilder (DBStoreBuilder.java:processTables(161)) - Using default column profile:DBProfile.DISK for Table:bucketTable
2019-09-12 13:47:09,165 [main] INFO  db.DBStoreBuilder (DBStoreBuilder.java:addTable(110)) - using custom profile for table: keyTable
2019-09-12 13:47:09,166 [main] INFO  db.DBStoreBuilder (DBStoreBuilder.java:processTables(161)) - Using default column profile:DBProfile.DISK for Table:keyTable
2019-09-12 13:47:09,166 [main] INFO  db.DBStoreBuilder (DBStoreBuilder.java:addTable(110)) - using custom profile for table: deletedTable
2019-09-12 13:47:09,166 [main] INFO  db.DBStoreBuilder (DBStoreBuilder.java:processTables(161)) - Using default column profile:DBProfile.DISK for Table:deletedTable
2019-09-12 13:47:09,166 [main] INFO  db.DBStoreBuilder (DBStoreBuilder.java:addTable(110)) - using custom profile for table: openKeyTable
2019-09-12 13:47:09,167 [main] INFO  db.DBStoreBuilder (DBStoreBuilder.java:processTables(161)) - Using default column profile:DBProfile.DISK for Table:openKeyTable
2019-09-12 13:47:09,167 [main] INFO  db.DBStoreBuilder (DBStoreBuilder.java:addTable(110)) - using custom profile for table: s3Table
2019-09-12 13:47:09,167 [main] INFO  db.DBStoreBuilder (DBStoreBuilder.java:processTables(161)) - Using default column profile:DBProfile.DISK for Table:s3Table
2019-09-12 13:47:09,167 [main] INFO  db.DBStoreBuilder (DBStoreBuilder.java:addTable(110)) - using custom profile for table: multipartInfoTable
2019-09-12 13:47:09,168 [main] INFO  db.DBStoreBuilder (DBStoreBuilder.java:processTables(161)) - Using default column profile:DBProfile.DISK for Table:multipartInfoTable
2019-09-12 13:47:09,168 [main] INFO  db.DBStoreBuilder (DBStoreBuilder.java:addTable(110)) - using custom profile for table: dTokenTable
2019-09-12 13:47:09,168 [main] INFO  db.DBStoreBuilder (DBStoreBuilder.java:processTables(161)) - Using default column profile:DBProfile.DISK for Table:dTokenTable
2019-09-12 13:47:09,169 [main] INFO  db.DBStoreBuilder (DBStoreBuilder.java:addTable(110)) - using custom profile for table: s3SecretTable
2019-09-12 13:47:09,169 [main] INFO  db.DBStoreBuilder (DBStoreBuilder.java:processTables(161)) - Using default column profile:DBProfile.DISK for Table:s3SecretTable
2019-09-12 13:47:09,169 [main] INFO  db.DBStoreBuilder (DBStoreBuilder.java:addTable(110)) - using custom profile for table: prefixTable
2019-09-12 13:47:09,169 [main] INFO  db.DBStoreBuilder (DBStoreBuilder.java:processTables(161)) - Using default column profile:DBProfile.DISK for Table:prefixTable
2019-09-12 13:47:09,170 [main] INFO  db.DBStoreBuilder (DBStoreBuilder.java:addTable(110)) - using custom profile for table: default
2019-09-12 13:47:09,170 [main] INFO  db.DBStoreBuilder (DBStoreBuilder.java:processTables(167)) - Using default column profile:DBProfile.DISK for Table:default
2019-09-12 13:47:09,170 [main] INFO  db.DBStoreBuilder (DBStoreBuilder.java:getDbProfile(198)) - Using default options. DBProfile.DISK
2019-09-12 13:47:09,708 [main] INFO  ipc.CallQueueManager (CallQueueManager.java:<init>(84)) - Using callQueue: class java.util.concurrent.LinkedBlockingQueue, queueCapacity: 2000, scheduler: class org.apache.hadoop.ipc.DefaultRpcScheduler, ipcBackoff: false.
2019-09-12 13:47:09,709 [Socket Reader #1 for port 38751] INFO  ipc.Server (Server.java:run(1074)) - Starting Socket Reader #1 for port 38751
2019-09-12 13:47:09,732 [main] INFO  om.OzoneManager (OzoneManager.java:start(1240)) - OzoneManager RPC server is listening at localhost/127.0.0.1:38751
2019-09-12 13:47:09,732 [main] INFO  impl.MetricsSystemImpl (MetricsSystemImpl.java:init(158)) - OzoneManager metrics system started (again)
2019-09-12 13:47:09,734 [IPC Server Responder] INFO  ipc.Server (Server.java:run(1314)) - IPC Server Responder: starting
2019-09-12 13:47:09,734 [IPC Server listener on 38751] INFO  ipc.Server (Server.java:run(1153)) - IPC Server listener on 38751: starting
2019-09-12 13:47:09,740 [main] INFO  hdfs.DFSUtil (DFSUtil.java:httpServerTemplateForNNAndJN(1641)) - Starting Web-server for ozoneManager at: http://0.0.0.0:0
2019-09-12 13:47:09,742 [main] INFO  server.AuthenticationFilter (AuthenticationFilter.java:constructSecretProvider(240)) - Unable to initialize FileSignerSecretProvider, falling back to use random secrets.
2019-09-12 13:47:09,743 [main] WARN  http.HttpRequestLog (HttpRequestLog.java:getRequestLog(97)) - Jetty request log can only be enabled using Log4j
2019-09-12 13:47:09,746 [main] INFO  http.HttpServer2 (HttpServer2.java:addGlobalFilter(975)) - Added global filter 'safety' (class=org.apache.hadoop.http.HttpServer2$QuotingInputFilter)
2019-09-12 13:47:09,747 [main] INFO  http.HttpServer2 (HttpServer2.java:addFilter(948)) - Added filter static_user_filter (class=org.apache.hadoop.http.lib.StaticUserWebFilter$StaticUserFilter) to context ozoneManager
2019-09-12 13:47:09,748 [main] INFO  http.HttpServer2 (HttpServer2.java:addFilter(958)) - Added filter static_user_filter (class=org.apache.hadoop.http.lib.StaticUserWebFilter$StaticUserFilter) to context logs
2019-09-12 13:47:09,748 [main] INFO  http.HttpServer2 (HttpServer2.java:addFilter(958)) - Added filter static_user_filter (class=org.apache.hadoop.http.lib.StaticUserWebFilter$StaticUserFilter) to context static
2019-09-12 13:47:09,751 [main] INFO  http.HttpServer2 (HttpServer2.java:bindListener(1191)) - Jetty bound to port 40780
2019-09-12 13:47:09,751 [main] INFO  server.Server (Server.java:doStart(351)) - jetty-9.3.24.v20180605, build timestamp: 2018-06-05T17:11:56Z, git hash: 84205aa28f11a4f31f2a3b86d1bba2cc8ab69827
2019-09-12 13:47:09,753 [main] INFO  handler.ContextHandler (ContextHandler.java:doStart(781)) - Started o.e.j.s.ServletContextHandler@25d3cfc8{/logs,file:///workdir/hadoop-ozone/integration-test/target/log,AVAILABLE}
2019-09-12 13:47:09,754 [main] INFO  handler.ContextHandler (ContextHandler.java:doStart(781)) - Started o.e.j.s.ServletContextHandler@2571066a{/static,file:///workdir/hadoop-ozone/integration-test/target/test-classes/webapps/static,AVAILABLE}
2019-09-12 13:47:09,760 [main] INFO  handler.ContextHandler (ContextHandler.java:doStart(781)) - Started o.e.j.w.WebAppContext@444548a0{/,file:///workdir/hadoop-ozone/integration-test/target/test-classes/webapps/ozoneManager/,AVAILABLE}{/ozoneManager}
2019-09-12 13:47:09,760 [main] INFO  server.AbstractConnector (AbstractConnector.java:doStart(278)) - Started ServerConnector@3766c667{HTTP/1.1,[http/1.1]}{0.0.0.0:40780}
2019-09-12 13:47:09,762 [main] INFO  server.Server (Server.java:doStart(419)) - Started @4594ms
2019-09-12 13:47:09,762 [main] WARN  impl.MetricsSystemImpl (MetricsSystemImpl.java:register(276)) - Sink prometheus already exists!
2019-09-12 13:47:09,763 [main] INFO  server.BaseHttpServer (BaseHttpServer.java:updateConnectorAddress(215)) - HTTP server of OZONEMANAGER is listening at http://0.0.0.0:40780
2019-09-12 13:47:10,083 [main] INFO  impl.MetricsSystemImpl (MetricsSystemImpl.java:init(158)) - HddsDatanode metrics system started (again)
2019-09-12 13:47:10,144 [main] INFO  ozone.HddsDatanodeService (HddsDatanodeService.java:start(184)) - HddsDatanodeService host:pr-hdds-2007-65vhz-3510356991 ip:192.168.34.38
2019-09-12 13:47:10,181 [main] INFO  volume.HddsVolume (HddsVolume.java:<init>(176)) - Creating Volume: /workdir/hadoop-ozone/integration-test/target/test-dir/MiniOzoneClusterImpl-98ba6956-8e51-4dc7-be59-62a375280f0b/datanode-0/data/containers/hdds of  storage type : DISK and capacity : 1482555576320
2019-09-12 13:47:10,183 [main] INFO  volume.VolumeSet (VolumeSet.java:initializeVolumeSet(170)) - Added Volume : /workdir/hadoop-ozone/integration-test/target/test-dir/MiniOzoneClusterImpl-98ba6956-8e51-4dc7-be59-62a375280f0b/datanode-0/data/containers/hdds to VolumeSet
2019-09-12 13:47:10,186 [main] INFO  volume.ThrottledAsyncChecker (ThrottledAsyncChecker.java:schedule(139)) - Scheduling a check for org.apache.hadoop.ozone.container.common.volume.HddsVolume@7e2f86e6
2019-09-12 13:47:10,205 [main] INFO  volume.HddsVolumeChecker (HddsVolumeChecker.java:checkAllVolumes(202)) - Scheduled health check for volume org.apache.hadoop.ozone.container.common.volume.HddsVolume@7e2f86e6
2019-09-12 13:47:10,338 [main] INFO  impl.RaftServerProxy (ConfUtils.java:logGet(43)) - raft.rpc.type = GRPC (default)
2019-09-12 13:47:10,416 [main] INFO  grpc.GrpcFactory (GrpcFactory.java:checkPooledByteBufAllocatorUseCacheForAllThreads(45)) - PERFORMANCE WARNING: useCacheForAllThreads is true that may cause Netty to create a lot garbage objects and, as a result, trigger GC.
	It is recommended to disable useCacheForAllThreads by setting -Dorg.apache.ratis.thirdparty.io.netty.allocator.useCacheForAllThreads=false in command line.
2019-09-12 13:47:10,421 [main] INFO  grpc.GrpcConfigKeys$Server (ConfUtils.java:logGet(43)) - raft.grpc.server.port = 0 (default)
2019-09-12 13:47:10,422 [main] INFO  server.GrpcService (ConfUtils.java:logGet(43)) - raft.grpc.message.size.max = 33570816 (custom)
2019-09-12 13:47:10,424 [main] INFO  server.RaftServerConfigKeys (ConfUtils.java:logGet(43)) - raft.server.log.appender.buffer.byte-limit = 33554432 (custom)
2019-09-12 13:47:10,424 [main] INFO  server.GrpcService (ConfUtils.java:logGet(43)) - raft.grpc.flow.control.window = 1MB (=1048576) (default)
2019-09-12 13:47:10,425 [main] INFO  server.RaftServerConfigKeys (ConfUtils.java:logGet(43)) - raft.server.rpc.request.timeout = 3000ms (default)
2019-09-12 13:47:10,650 [main] INFO  server.RaftServerConfigKeys (ConfUtils.java:logGet(43)) - raft.server.storage.dir = [/workdir/hadoop-ozone/integration-test/target/test-dir/MiniOzoneClusterImpl-98ba6956-8e51-4dc7-be59-62a375280f0b/datanode-0/data/ratis] (custom)
2019-09-12 13:47:10,710 [main] INFO  hdfs.DFSUtil (DFSUtil.java:httpServerTemplateForNNAndJN(1641)) - Starting Web-server for hddsDatanode at: http://0.0.0.0:0
2019-09-12 13:47:10,713 [main] INFO  server.AuthenticationFilter (AuthenticationFilter.java:constructSecretProvider(240)) - Unable to initialize FileSignerSecretProvider, falling back to use random secrets.
2019-09-12 13:47:10,714 [main] WARN  http.HttpRequestLog (HttpRequestLog.java:getRequestLog(97)) - Jetty request log can only be enabled using Log4j
2019-09-12 13:47:10,717 [main] INFO  http.HttpServer2 (HttpServer2.java:addGlobalFilter(975)) - Added global filter 'safety' (class=org.apache.hadoop.http.HttpServer2$QuotingInputFilter)
2019-09-12 13:47:10,719 [main] INFO  http.HttpServer2 (HttpServer2.java:addFilter(948)) - Added filter static_user_filter (class=org.apache.hadoop.http.lib.StaticUserWebFilter$StaticUserFilter) to context hddsDatanode
2019-09-12 13:47:10,719 [main] INFO  http.HttpServer2 (HttpServer2.java:addFilter(958)) - Added filter static_user_filter (class=org.apache.hadoop.http.lib.StaticUserWebFilter$StaticUserFilter) to context logs
2019-09-12 13:47:10,719 [main] INFO  http.HttpServer2 (HttpServer2.java:addFilter(958)) - Added filter static_user_filter (class=org.apache.hadoop.http.lib.StaticUserWebFilter$StaticUserFilter) to context static
2019-09-12 13:47:10,721 [main] INFO  http.HttpServer2 (HttpServer2.java:bindListener(1191)) - Jetty bound to port 45819
2019-09-12 13:47:10,721 [main] INFO  server.Server (Server.java:doStart(351)) - jetty-9.3.24.v20180605, build timestamp: 2018-06-05T17:11:56Z, git hash: 84205aa28f11a4f31f2a3b86d1bba2cc8ab69827
2019-09-12 13:47:10,724 [main] INFO  handler.ContextHandler (ContextHandler.java:doStart(781)) - Started o.e.j.s.ServletContextHandler@1effd53c{/logs,file:///workdir/hadoop-ozone/integration-test/target/log,AVAILABLE}
2019-09-12 13:47:10,725 [main] INFO  handler.ContextHandler (ContextHandler.java:doStart(781)) - Started o.e.j.s.ServletContextHandler@6920614{/static,jar:file:/home/user/.m2/repository/org/apache/hadoop/hadoop-hdds-container-service/0.5.0-SNAPSHOT/hadoop-hdds-container-service-0.5.0-SNAPSHOT.jar!/webapps/static,AVAILABLE}
2019-09-12 13:47:10,773 [main] INFO  handler.ContextHandler (ContextHandler.java:doStart(781)) - Started o.e.j.w.WebAppContext@476fe690{/,file:///tmp/jetty-0.0.0.0-45819-hddsDatanode-_-any-6584997567865944602.dir/webapp/,AVAILABLE}{/hddsDatanode}
2019-09-12 13:47:10,773 [main] INFO  server.AbstractConnector (AbstractConnector.java:doStart(278)) - Started ServerConnector@7a0e7ecd{HTTP/1.1,[http/1.1]}{0.0.0.0:45819}
2019-09-12 13:47:10,774 [main] INFO  server.Server (Server.java:doStart(419)) - Started @5607ms
2019-09-12 13:47:10,775 [main] WARN  impl.MetricsSystemImpl (MetricsSystemImpl.java:register(276)) - Sink prometheus already exists!
2019-09-12 13:47:10,776 [main] INFO  server.BaseHttpServer (BaseHttpServer.java:updateConnectorAddress(215)) - HTTP server of HDDSDATANODE is listening at http://0.0.0.0:45819
2019-09-12 13:47:10,777 [main] INFO  impl.MetricsSystemImpl (MetricsSystemImpl.java:init(158)) - HddsDatanode metrics system started (again)
2019-09-12 13:47:10,781 [main] INFO  ozone.HddsDatanodeService (HddsDatanodeService.java:start(184)) - HddsDatanodeService host:pr-hdds-2007-65vhz-3510356991 ip:192.168.34.38
2019-09-12 13:47:10,784 [org.apache.hadoop.util.JvmPauseMonitor$Monitor@61382c65] INFO  util.JvmPauseMonitor (JvmPauseMonitor.java:run(188)) - Starting JVM pause monitor
2019-09-12 13:47:10,790 [main] INFO  volume.HddsVolume (HddsVolume.java:<init>(176)) - Creating Volume: /workdir/hadoop-ozone/integration-test/target/test-dir/MiniOzoneClusterImpl-98ba6956-8e51-4dc7-be59-62a375280f0b/datanode-1/data/containers/hdds of  storage type : DISK and capacity : 1482555576320
2019-09-12 13:47:10,791 [main] INFO  volume.VolumeSet (VolumeSet.java:initializeVolumeSet(170)) - Added Volume : /workdir/hadoop-ozone/integration-test/target/test-dir/MiniOzoneClusterImpl-98ba6956-8e51-4dc7-be59-62a375280f0b/datanode-1/data/containers/hdds to VolumeSet
2019-09-12 13:47:10,791 [main] INFO  volume.ThrottledAsyncChecker (ThrottledAsyncChecker.java:schedule(139)) - Scheduling a check for org.apache.hadoop.ozone.container.common.volume.HddsVolume@623dcf2a
2019-09-12 13:47:10,792 [main] INFO  volume.HddsVolumeChecker (HddsVolumeChecker.java:checkAllVolumes(202)) - Scheduled health check for volume org.apache.hadoop.ozone.container.common.volume.HddsVolume@623dcf2a
2019-09-12 13:47:10,809 [main] INFO  impl.RaftServerProxy (ConfUtils.java:logGet(43)) - raft.rpc.type = GRPC (default)
2019-09-12 13:47:10,810 [main] INFO  grpc.GrpcFactory (GrpcFactory.java:checkPooledByteBufAllocatorUseCacheForAllThreads(45)) - PERFORMANCE WARNING: useCacheForAllThreads is true that may cause Netty to create a lot garbage objects and, as a result, trigger GC.
	It is recommended to disable useCacheForAllThreads by setting -Dorg.apache.ratis.thirdparty.io.netty.allocator.useCacheForAllThreads=false in command line.
2019-09-12 13:47:10,810 [main] INFO  grpc.GrpcConfigKeys$Server (ConfUtils.java:logGet(43)) - raft.grpc.server.port = 0 (default)
2019-09-12 13:47:10,811 [main] INFO  server.GrpcService (ConfUtils.java:logGet(43)) - raft.grpc.message.size.max = 33570816 (custom)
2019-09-12 13:47:10,811 [main] INFO  server.RaftServerConfigKeys (ConfUtils.java:logGet(43)) - raft.server.log.appender.buffer.byte-limit = 33554432 (custom)
2019-09-12 13:47:10,811 [main] INFO  server.GrpcService (ConfUtils.java:logGet(43)) - raft.grpc.flow.control.window = 1MB (=1048576) (default)
2019-09-12 13:47:10,812 [main] INFO  server.RaftServerConfigKeys (ConfUtils.java:logGet(43)) - raft.server.rpc.request.timeout = 3000ms (default)
2019-09-12 13:47:10,812 [main] INFO  server.RaftServerConfigKeys (ConfUtils.java:logGet(43)) - raft.server.storage.dir = [/workdir/hadoop-ozone/integration-test/target/test-dir/MiniOzoneClusterImpl-98ba6956-8e51-4dc7-be59-62a375280f0b/datanode-1/data/ratis] (custom)
2019-09-12 13:47:10,814 [main] INFO  hdfs.DFSUtil (DFSUtil.java:httpServerTemplateForNNAndJN(1641)) - Starting Web-server for hddsDatanode at: http://0.0.0.0:0
2019-09-12 13:47:10,816 [main] INFO  server.AuthenticationFilter (AuthenticationFilter.java:constructSecretProvider(240)) - Unable to initialize FileSignerSecretProvider, falling back to use random secrets.
2019-09-12 13:47:10,817 [main] WARN  http.HttpRequestLog (HttpRequestLog.java:getRequestLog(97)) - Jetty request log can only be enabled using Log4j
2019-09-12 13:47:10,819 [main] INFO  http.HttpServer2 (HttpServer2.java:addGlobalFilter(975)) - Added global filter 'safety' (class=org.apache.hadoop.http.HttpServer2$QuotingInputFilter)
2019-09-12 13:47:10,820 [main] INFO  http.HttpServer2 (HttpServer2.java:addFilter(948)) - Added filter static_user_filter (class=org.apache.hadoop.http.lib.StaticUserWebFilter$StaticUserFilter) to context hddsDatanode
2019-09-12 13:47:10,820 [main] INFO  http.HttpServer2 (HttpServer2.java:addFilter(958)) - Added filter static_user_filter (class=org.apache.hadoop.http.lib.StaticUserWebFilter$StaticUserFilter) to context logs
2019-09-12 13:47:10,820 [main] INFO  http.HttpServer2 (HttpServer2.java:addFilter(958)) - Added filter static_user_filter (class=org.apache.hadoop.http.lib.StaticUserWebFilter$StaticUserFilter) to context static
2019-09-12 13:47:10,821 [main] INFO  http.HttpServer2 (HttpServer2.java:bindListener(1191)) - Jetty bound to port 44074
2019-09-12 13:47:10,821 [main] INFO  server.Server (Server.java:doStart(351)) - jetty-9.3.24.v20180605, build timestamp: 2018-06-05T17:11:56Z, git hash: 84205aa28f11a4f31f2a3b86d1bba2cc8ab69827
2019-09-12 13:47:10,826 [main] INFO  handler.ContextHandler (ContextHandler.java:doStart(781)) - Started o.e.j.s.ServletContextHandler@654c7d2d{/logs,file:///workdir/hadoop-ozone/integration-test/target/log,AVAILABLE}
2019-09-12 13:47:10,826 [main] INFO  handler.ContextHandler (ContextHandler.java:doStart(781)) - Started o.e.j.s.ServletContextHandler@15400fff{/static,jar:file:/home/user/.m2/repository/org/apache/hadoop/hadoop-hdds-container-service/0.5.0-SNAPSHOT/hadoop-hdds-container-service-0.5.0-SNAPSHOT.jar!/webapps/static,AVAILABLE}
2019-09-12 13:47:10,857 [main] INFO  handler.ContextHandler (ContextHandler.java:doStart(781)) - Started o.e.j.w.WebAppContext@25ad4f71{/,file:///tmp/jetty-0.0.0.0-44074-hddsDatanode-_-any-8640366517784464220.dir/webapp/,AVAILABLE}{/hddsDatanode}
2019-09-12 13:47:10,859 [main] INFO  server.AbstractConnector (AbstractConnector.java:doStart(278)) - Started ServerConnector@49faf066{HTTP/1.1,[http/1.1]}{0.0.0.0:44074}
2019-09-12 13:47:10,860 [main] INFO  server.Server (Server.java:doStart(419)) - Started @5693ms
2019-09-12 13:47:10,860 [main] WARN  impl.MetricsSystemImpl (MetricsSystemImpl.java:register(276)) - Sink prometheus already exists!
2019-09-12 13:47:10,861 [main] INFO  server.BaseHttpServer (BaseHttpServer.java:updateConnectorAddress(215)) - HTTP server of HDDSDATANODE is listening at http://0.0.0.0:44074
2019-09-12 13:47:10,861 [main] INFO  impl.MetricsSystemImpl (MetricsSystemImpl.java:init(158)) - HddsDatanode metrics system started (again)
2019-09-12 13:47:10,864 [main] INFO  ozone.HddsDatanodeService (HddsDatanodeService.java:start(184)) - HddsDatanodeService host:pr-hdds-2007-65vhz-3510356991 ip:192.168.34.38
2019-09-12 13:47:10,865 [org.apache.hadoop.util.JvmPauseMonitor$Monitor@39315d9e] INFO  util.JvmPauseMonitor (JvmPauseMonitor.java:run(188)) - Starting JVM pause monitor
2019-09-12 13:47:10,873 [main] INFO  volume.HddsVolume (HddsVolume.java:<init>(176)) - Creating Volume: /workdir/hadoop-ozone/integration-test/target/test-dir/MiniOzoneClusterImpl-98ba6956-8e51-4dc7-be59-62a375280f0b/datanode-2/data/containers/hdds of  storage type : DISK and capacity : 1482555576320
2019-09-12 13:47:10,874 [main] INFO  volume.VolumeSet (VolumeSet.java:initializeVolumeSet(170)) - Added Volume : /workdir/hadoop-ozone/integration-test/target/test-dir/MiniOzoneClusterImpl-98ba6956-8e51-4dc7-be59-62a375280f0b/datanode-2/data/containers/hdds to VolumeSet
2019-09-12 13:47:10,874 [main] INFO  volume.ThrottledAsyncChecker (ThrottledAsyncChecker.java:schedule(139)) - Scheduling a check for org.apache.hadoop.ozone.container.common.volume.HddsVolume@2924f1d8
2019-09-12 13:47:10,874 [main] INFO  volume.HddsVolumeChecker (HddsVolumeChecker.java:checkAllVolumes(202)) - Scheduled health check for volume org.apache.hadoop.ozone.container.common.volume.HddsVolume@2924f1d8
2019-09-12 13:47:10,888 [main] INFO  impl.RaftServerProxy (ConfUtils.java:logGet(43)) - raft.rpc.type = GRPC (default)
2019-09-12 13:47:10,888 [main] INFO  grpc.GrpcFactory (GrpcFactory.java:checkPooledByteBufAllocatorUseCacheForAllThreads(45)) - PERFORMANCE WARNING: useCacheForAllThreads is true that may cause Netty to create a lot garbage objects and, as a result, trigger GC.
	It is recommended to disable useCacheForAllThreads by setting -Dorg.apache.ratis.thirdparty.io.netty.allocator.useCacheForAllThreads=false in command line.
2019-09-12 13:47:10,888 [main] INFO  grpc.GrpcConfigKeys$Server (ConfUtils.java:logGet(43)) - raft.grpc.server.port = 0 (default)
2019-09-12 13:47:10,888 [main] INFO  server.GrpcService (ConfUtils.java:logGet(43)) - raft.grpc.message.size.max = 33570816 (custom)
2019-09-12 13:47:10,889 [main] INFO  server.RaftServerConfigKeys (ConfUtils.java:logGet(43)) - raft.server.log.appender.buffer.byte-limit = 33554432 (custom)
2019-09-12 13:47:10,889 [main] INFO  server.GrpcService (ConfUtils.java:logGet(43)) - raft.grpc.flow.control.window = 1MB (=1048576) (default)
2019-09-12 13:47:10,889 [main] INFO  server.RaftServerConfigKeys (ConfUtils.java:logGet(43)) - raft.server.rpc.request.timeout = 3000ms (default)
2019-09-12 13:47:10,890 [main] INFO  server.RaftServerConfigKeys (ConfUtils.java:logGet(43)) - raft.server.storage.dir = [/workdir/hadoop-ozone/integration-test/target/test-dir/MiniOzoneClusterImpl-98ba6956-8e51-4dc7-be59-62a375280f0b/datanode-2/data/ratis] (custom)
2019-09-12 13:47:10,892 [main] INFO  hdfs.DFSUtil (DFSUtil.java:httpServerTemplateForNNAndJN(1641)) - Starting Web-server for hddsDatanode at: http://0.0.0.0:0
2019-09-12 13:47:10,893 [main] INFO  server.AuthenticationFilter (AuthenticationFilter.java:constructSecretProvider(240)) - Unable to initialize FileSignerSecretProvider, falling back to use random secrets.
2019-09-12 13:47:10,894 [main] WARN  http.HttpRequestLog (HttpRequestLog.java:getRequestLog(97)) - Jetty request log can only be enabled using Log4j
2019-09-12 13:47:10,895 [main] INFO  http.HttpServer2 (HttpServer2.java:addGlobalFilter(975)) - Added global filter 'safety' (class=org.apache.hadoop.http.HttpServer2$QuotingInputFilter)
2019-09-12 13:47:10,896 [main] INFO  http.HttpServer2 (HttpServer2.java:addFilter(948)) - Added filter static_user_filter (class=org.apache.hadoop.http.lib.StaticUserWebFilter$StaticUserFilter) to context hddsDatanode
2019-09-12 13:47:10,896 [main] INFO  http.HttpServer2 (HttpServer2.java:addFilter(958)) - Added filter static_user_filter (class=org.apache.hadoop.http.lib.StaticUserWebFilter$StaticUserFilter) to context static
2019-09-12 13:47:10,897 [main] INFO  http.HttpServer2 (HttpServer2.java:addFilter(958)) - Added filter static_user_filter (class=org.apache.hadoop.http.lib.StaticUserWebFilter$StaticUserFilter) to context logs
2019-09-12 13:47:10,897 [main] INFO  http.HttpServer2 (HttpServer2.java:bindListener(1191)) - Jetty bound to port 38501
2019-09-12 13:47:10,898 [main] INFO  server.Server (Server.java:doStart(351)) - jetty-9.3.24.v20180605, build timestamp: 2018-06-05T17:11:56Z, git hash: 84205aa28f11a4f31f2a3b86d1bba2cc8ab69827
2019-09-12 13:47:10,900 [main] INFO  handler.ContextHandler (ContextHandler.java:doStart(781)) - Started o.e.j.s.ServletContextHandler@799ed4e8{/logs,file:///workdir/hadoop-ozone/integration-test/target/log,AVAILABLE}
2019-09-12 13:47:10,900 [main] INFO  handler.ContextHandler (ContextHandler.java:doStart(781)) - Started o.e.j.s.ServletContextHandler@54d8c20d{/static,jar:file:/home/user/.m2/repository/org/apache/hadoop/hadoop-hdds-container-service/0.5.0-SNAPSHOT/hadoop-hdds-container-service-0.5.0-SNAPSHOT.jar!/webapps/static,AVAILABLE}
2019-09-12 13:47:10,930 [main] INFO  handler.ContextHandler (ContextHandler.java:doStart(781)) - Started o.e.j.w.WebAppContext@10f7c76{/,file:///tmp/jetty-0.0.0.0-38501-hddsDatanode-_-any-4897305080497056118.dir/webapp/,AVAILABLE}{/hddsDatanode}
2019-09-12 13:47:10,931 [main] INFO  server.AbstractConnector (AbstractConnector.java:doStart(278)) - Started ServerConnector@4745e9c{HTTP/1.1,[http/1.1]}{0.0.0.0:38501}
2019-09-12 13:47:10,932 [main] INFO  server.Server (Server.java:doStart(419)) - Started @5765ms
2019-09-12 13:47:10,933 [main] WARN  impl.MetricsSystemImpl (MetricsSystemImpl.java:register(276)) - Sink prometheus already exists!
2019-09-12 13:47:10,934 [main] INFO  server.BaseHttpServer (BaseHttpServer.java:updateConnectorAddress(215)) - HTTP server of HDDSDATANODE is listening at http://0.0.0.0:38501
2019-09-12 13:47:10,934 [main] INFO  impl.MetricsSystemImpl (MetricsSystemImpl.java:init(158)) - HddsDatanode metrics system started (again)
2019-09-12 13:47:10,936 [Datanode State Machine Thread - 0] INFO  datanode.InitDatanodeState (InitDatanodeState.java:persistContainerDatanodeDetails(140)) - DatanodeDetails is persisted to /workdir/hadoop-ozone/integration-test/target/test-dir/MiniOzoneClusterImpl-98ba6956-8e51-4dc7-be59-62a375280f0b/datanode-0/meta/datanode.id
2019-09-12 13:47:10,940 [main] INFO  ozone.HddsDatanodeService (HddsDatanodeService.java:start(184)) - HddsDatanodeService host:pr-hdds-2007-65vhz-3510356991 ip:192.168.34.38
2019-09-12 13:47:10,941 [org.apache.hadoop.util.JvmPauseMonitor$Monitor@40443622] INFO  util.JvmPauseMonitor (JvmPauseMonitor.java:run(188)) - Starting JVM pause monitor
2019-09-12 13:47:10,942 [Datanode State Machine Thread - 0] INFO  datanode.InitDatanodeState (InitDatanodeState.java:persistContainerDatanodeDetails(140)) - DatanodeDetails is persisted to /workdir/hadoop-ozone/integration-test/target/test-dir/MiniOzoneClusterImpl-98ba6956-8e51-4dc7-be59-62a375280f0b/datanode-1/meta/datanode.id
2019-09-12 13:47:10,945 [Datanode State Machine Thread - 0] INFO  datanode.InitDatanodeState (InitDatanodeState.java:persistContainerDatanodeDetails(140)) - DatanodeDetails is persisted to /workdir/hadoop-ozone/integration-test/target/test-dir/MiniOzoneClusterImpl-98ba6956-8e51-4dc7-be59-62a375280f0b/datanode-2/meta/datanode.id
2019-09-12 13:47:10,951 [main] INFO  volume.HddsVolume (HddsVolume.java:<init>(176)) - Creating Volume: /workdir/hadoop-ozone/integration-test/target/test-dir/MiniOzoneClusterImpl-98ba6956-8e51-4dc7-be59-62a375280f0b/datanode-3/data/containers/hdds of  storage type : DISK and capacity : 1482555576320
2019-09-12 13:47:10,951 [main] INFO  volume.VolumeSet (VolumeSet.java:initializeVolumeSet(170)) - Added Volume : /workdir/hadoop-ozone/integration-test/target/test-dir/MiniOzoneClusterImpl-98ba6956-8e51-4dc7-be59-62a375280f0b/datanode-3/data/containers/hdds to VolumeSet
2019-09-12 13:47:10,951 [main] INFO  volume.ThrottledAsyncChecker (ThrottledAsyncChecker.java:schedule(139)) - Scheduling a check for org.apache.hadoop.ozone.container.common.volume.HddsVolume@53f4c1e6
2019-09-12 13:47:10,952 [main] INFO  volume.HddsVolumeChecker (HddsVolumeChecker.java:checkAllVolumes(202)) - Scheduled health check for volume org.apache.hadoop.ozone.container.common.volume.HddsVolume@53f4c1e6
2019-09-12 13:47:10,968 [main] INFO  impl.RaftServerProxy (ConfUtils.java:logGet(43)) - raft.rpc.type = GRPC (default)
2019-09-12 13:47:10,968 [main] INFO  grpc.GrpcFactory (GrpcFactory.java:checkPooledByteBufAllocatorUseCacheForAllThreads(45)) - PERFORMANCE WARNING: useCacheForAllThreads is true that may cause Netty to create a lot garbage objects and, as a result, trigger GC.
	It is recommended to disable useCacheForAllThreads by setting -Dorg.apache.ratis.thirdparty.io.netty.allocator.useCacheForAllThreads=false in command line.
2019-09-12 13:47:10,968 [main] INFO  grpc.GrpcConfigKeys$Server (ConfUtils.java:logGet(43)) - raft.grpc.server.port = 0 (default)
2019-09-12 13:47:10,969 [main] INFO  server.GrpcService (ConfUtils.java:logGet(43)) - raft.grpc.message.size.max = 33570816 (custom)
2019-09-12 13:47:10,969 [main] INFO  server.RaftServerConfigKeys (ConfUtils.java:logGet(43)) - raft.server.log.appender.buffer.byte-limit = 33554432 (custom)
2019-09-12 13:47:10,969 [main] INFO  server.GrpcService (ConfUtils.java:logGet(43)) - raft.grpc.flow.control.window = 1MB (=1048576) (default)
2019-09-12 13:47:10,969 [main] INFO  server.RaftServerConfigKeys (ConfUtils.java:logGet(43)) - raft.server.rpc.request.timeout = 3000ms (default)
2019-09-12 13:47:10,970 [main] INFO  server.RaftServerConfigKeys (ConfUtils.java:logGet(43)) - raft.server.storage.dir = [/workdir/hadoop-ozone/integration-test/target/test-dir/MiniOzoneClusterImpl-98ba6956-8e51-4dc7-be59-62a375280f0b/datanode-3/data/ratis] (custom)
2019-09-12 13:47:10,972 [main] INFO  hdfs.DFSUtil (DFSUtil.java:httpServerTemplateForNNAndJN(1641)) - Starting Web-server for hddsDatanode at: http://0.0.0.0:0
2019-09-12 13:47:10,973 [main] INFO  server.AuthenticationFilter (AuthenticationFilter.java:constructSecretProvider(240)) - Unable to initialize FileSignerSecretProvider, falling back to use random secrets.
2019-09-12 13:47:10,974 [main] WARN  http.HttpRequestLog (HttpRequestLog.java:getRequestLog(97)) - Jetty request log can only be enabled using Log4j
2019-09-12 13:47:10,975 [main] INFO  http.HttpServer2 (HttpServer2.java:addGlobalFilter(975)) - Added global filter 'safety' (class=org.apache.hadoop.http.HttpServer2$QuotingInputFilter)
2019-09-12 13:47:10,976 [main] INFO  http.HttpServer2 (HttpServer2.java:addFilter(948)) - Added filter static_user_filter (class=org.apache.hadoop.http.lib.StaticUserWebFilter$StaticUserFilter) to context hddsDatanode
2019-09-12 13:47:10,976 [main] INFO  http.HttpServer2 (HttpServer2.java:addFilter(958)) - Added filter static_user_filter (class=org.apache.hadoop.http.lib.StaticUserWebFilter$StaticUserFilter) to context logs
2019-09-12 13:47:10,977 [main] INFO  http.HttpServer2 (HttpServer2.java:addFilter(958)) - Added filter static_user_filter (class=org.apache.hadoop.http.lib.StaticUserWebFilter$StaticUserFilter) to context static
2019-09-12 13:47:10,977 [main] INFO  http.HttpServer2 (HttpServer2.java:bindListener(1191)) - Jetty bound to port 41450
2019-09-12 13:47:10,978 [main] INFO  server.Server (Server.java:doStart(351)) - jetty-9.3.24.v20180605, build timestamp: 2018-06-05T17:11:56Z, git hash: 84205aa28f11a4f31f2a3b86d1bba2cc8ab69827
2019-09-12 13:47:10,984 [main] INFO  handler.ContextHandler (ContextHandler.java:doStart(781)) - Started o.e.j.s.ServletContextHandler@42b84286{/logs,file:///workdir/hadoop-ozone/integration-test/target/log,AVAILABLE}
2019-09-12 13:47:10,985 [main] INFO  handler.ContextHandler (ContextHandler.java:doStart(781)) - Started o.e.j.s.ServletContextHandler@74ecacc3{/static,jar:file:/home/user/.m2/repository/org/apache/hadoop/hadoop-hdds-container-service/0.5.0-SNAPSHOT/hadoop-hdds-container-service-0.5.0-SNAPSHOT.jar!/webapps/static,AVAILABLE}
2019-09-12 13:47:11,015 [main] INFO  handler.ContextHandler (ContextHandler.java:doStart(781)) - Started o.e.j.w.WebAppContext@698fee9a{/,file:///tmp/jetty-0.0.0.0-41450-hddsDatanode-_-any-4391398766466577963.dir/webapp/,AVAILABLE}{/hddsDatanode}
2019-09-12 13:47:11,015 [main] INFO  server.AbstractConnector (AbstractConnector.java:doStart(278)) - Started ServerConnector@102c577f{HTTP/1.1,[http/1.1]}{0.0.0.0:41450}
2019-09-12 13:47:11,016 [main] INFO  server.Server (Server.java:doStart(419)) - Started @5850ms
2019-09-12 13:47:11,018 [main] WARN  impl.MetricsSystemImpl (MetricsSystemImpl.java:register(276)) - Sink prometheus already exists!
2019-09-12 13:47:11,019 [main] INFO  server.BaseHttpServer (BaseHttpServer.java:updateConnectorAddress(215)) - HTTP server of HDDSDATANODE is listening at http://0.0.0.0:41450
2019-09-12 13:47:11,019 [main] INFO  impl.MetricsSystemImpl (MetricsSystemImpl.java:init(158)) - HddsDatanode metrics system started (again)
2019-09-12 13:47:11,023 [org.apache.hadoop.util.JvmPauseMonitor$Monitor@716d7cd3] INFO  util.JvmPauseMonitor (JvmPauseMonitor.java:run(188)) - Starting JVM pause monitor
2019-09-12 13:47:11,023 [main] INFO  ozone.HddsDatanodeService (HddsDatanodeService.java:start(184)) - HddsDatanodeService host:pr-hdds-2007-65vhz-3510356991 ip:192.168.34.38
2019-09-12 13:47:11,026 [Datanode State Machine Thread - 0] INFO  datanode.InitDatanodeState (InitDatanodeState.java:persistContainerDatanodeDetails(140)) - DatanodeDetails is persisted to /workdir/hadoop-ozone/integration-test/target/test-dir/MiniOzoneClusterImpl-98ba6956-8e51-4dc7-be59-62a375280f0b/datanode-3/meta/datanode.id
2019-09-12 13:47:11,031 [main] INFO  volume.HddsVolume (HddsVolume.java:<init>(176)) - Creating Volume: /workdir/hadoop-ozone/integration-test/target/test-dir/MiniOzoneClusterImpl-98ba6956-8e51-4dc7-be59-62a375280f0b/datanode-4/data/containers/hdds of  storage type : DISK and capacity : 1482555576320
2019-09-12 13:47:11,034 [main] INFO  volume.VolumeSet (VolumeSet.java:initializeVolumeSet(170)) - Added Volume : /workdir/hadoop-ozone/integration-test/target/test-dir/MiniOzoneClusterImpl-98ba6956-8e51-4dc7-be59-62a375280f0b/datanode-4/data/containers/hdds to VolumeSet
2019-09-12 13:47:11,035 [main] INFO  volume.ThrottledAsyncChecker (ThrottledAsyncChecker.java:schedule(139)) - Scheduling a check for org.apache.hadoop.ozone.container.common.volume.HddsVolume@44f24a20
2019-09-12 13:47:11,035 [main] INFO  volume.HddsVolumeChecker (HddsVolumeChecker.java:checkAllVolumes(202)) - Scheduled health check for volume org.apache.hadoop.ozone.container.common.volume.HddsVolume@44f24a20
2019-09-12 13:47:11,050 [main] INFO  impl.RaftServerProxy (ConfUtils.java:logGet(43)) - raft.rpc.type = GRPC (default)
2019-09-12 13:47:11,051 [main] INFO  grpc.GrpcFactory (GrpcFactory.java:checkPooledByteBufAllocatorUseCacheForAllThreads(45)) - PERFORMANCE WARNING: useCacheForAllThreads is true that may cause Netty to create a lot garbage objects and, as a result, trigger GC.
	It is recommended to disable useCacheForAllThreads by setting -Dorg.apache.ratis.thirdparty.io.netty.allocator.useCacheForAllThreads=false in command line.
2019-09-12 13:47:11,051 [main] INFO  grpc.GrpcConfigKeys$Server (ConfUtils.java:logGet(43)) - raft.grpc.server.port = 0 (default)
2019-09-12 13:47:11,051 [main] INFO  server.GrpcService (ConfUtils.java:logGet(43)) - raft.grpc.message.size.max = 33570816 (custom)
2019-09-12 13:47:11,052 [main] INFO  server.RaftServerConfigKeys (ConfUtils.java:logGet(43)) - raft.server.log.appender.buffer.byte-limit = 33554432 (custom)
2019-09-12 13:47:11,052 [main] INFO  server.GrpcService (ConfUtils.java:logGet(43)) - raft.grpc.flow.control.window = 1MB (=1048576) (default)
2019-09-12 13:47:11,053 [main] INFO  server.RaftServerConfigKeys (ConfUtils.java:logGet(43)) - raft.server.rpc.request.timeout = 3000ms (default)
2019-09-12 13:47:11,054 [main] INFO  server.RaftServerConfigKeys (ConfUtils.java:logGet(43)) - raft.server.storage.dir = [/workdir/hadoop-ozone/integration-test/target/test-dir/MiniOzoneClusterImpl-98ba6956-8e51-4dc7-be59-62a375280f0b/datanode-4/data/ratis] (custom)
2019-09-12 13:47:11,056 [main] INFO  hdfs.DFSUtil (DFSUtil.java:httpServerTemplateForNNAndJN(1641)) - Starting Web-server for hddsDatanode at: http://0.0.0.0:0
2019-09-12 13:47:11,058 [main] INFO  server.AuthenticationFilter (AuthenticationFilter.java:constructSecretProvider(240)) - Unable to initialize FileSignerSecretProvider, falling back to use random secrets.
2019-09-12 13:47:11,059 [main] WARN  http.HttpRequestLog (HttpRequestLog.java:getRequestLog(97)) - Jetty request log can only be enabled using Log4j
2019-09-12 13:47:11,061 [main] INFO  http.HttpServer2 (HttpServer2.java:addGlobalFilter(975)) - Added global filter 'safety' (class=org.apache.hadoop.http.HttpServer2$QuotingInputFilter)
2019-09-12 13:47:11,062 [main] INFO  http.HttpServer2 (HttpServer2.java:addFilter(948)) - Added filter static_user_filter (class=org.apache.hadoop.http.lib.StaticUserWebFilter$StaticUserFilter) to context hddsDatanode
2019-09-12 13:47:11,063 [main] INFO  http.HttpServer2 (HttpServer2.java:addFilter(958)) - Added filter static_user_filter (class=org.apache.hadoop.http.lib.StaticUserWebFilter$StaticUserFilter) to context static
2019-09-12 13:47:11,063 [main] INFO  http.HttpServer2 (HttpServer2.java:addFilter(958)) - Added filter static_user_filter (class=org.apache.hadoop.http.lib.StaticUserWebFilter$StaticUserFilter) to context logs
2019-09-12 13:47:11,064 [main] INFO  http.HttpServer2 (HttpServer2.java:bindListener(1191)) - Jetty bound to port 39916
2019-09-12 13:47:11,065 [main] INFO  server.Server (Server.java:doStart(351)) - jetty-9.3.24.v20180605, build timestamp: 2018-06-05T17:11:56Z, git hash: 84205aa28f11a4f31f2a3b86d1bba2cc8ab69827
2019-09-12 13:47:11,068 [main] INFO  handler.ContextHandler (ContextHandler.java:doStart(781)) - Started o.e.j.s.ServletContextHandler@333c8791{/logs,file:///workdir/hadoop-ozone/integration-test/target/log,AVAILABLE}
2019-09-12 13:47:11,068 [main] INFO  handler.ContextHandler (ContextHandler.java:doStart(781)) - Started o.e.j.s.ServletContextHandler@22eaa86e{/static,jar:file:/home/user/.m2/repository/org/apache/hadoop/hadoop-hdds-container-service/0.5.0-SNAPSHOT/hadoop-hdds-container-service-0.5.0-SNAPSHOT.jar!/webapps/static,AVAILABLE}
2019-09-12 13:47:11,098 [main] INFO  handler.ContextHandler (ContextHandler.java:doStart(781)) - Started o.e.j.w.WebAppContext@a5272be{/,file:///tmp/jetty-0.0.0.0-39916-hddsDatanode-_-any-5958261650001939829.dir/webapp/,AVAILABLE}{/hddsDatanode}
2019-09-12 13:47:11,099 [main] INFO  server.AbstractConnector (AbstractConnector.java:doStart(278)) - Started ServerConnector@58ba5b30{HTTP/1.1,[http/1.1]}{0.0.0.0:39916}
2019-09-12 13:47:11,099 [main] INFO  server.Server (Server.java:doStart(419)) - Started @5932ms
2019-09-12 13:47:11,099 [main] WARN  impl.MetricsSystemImpl (MetricsSystemImpl.java:register(276)) - Sink prometheus already exists!
2019-09-12 13:47:11,100 [main] INFO  server.BaseHttpServer (BaseHttpServer.java:updateConnectorAddress(215)) - HTTP server of HDDSDATANODE is listening at http://0.0.0.0:39916
2019-09-12 13:47:11,101 [main] INFO  impl.MetricsSystemImpl (MetricsSystemImpl.java:init(158)) - HddsDatanode metrics system started (again)
2019-09-12 13:47:11,104 [org.apache.hadoop.util.JvmPauseMonitor$Monitor@4805964b] INFO  util.JvmPauseMonitor (JvmPauseMonitor.java:run(188)) - Starting JVM pause monitor
2019-09-12 13:47:11,104 [main] INFO  ozone.HddsDatanodeService (HddsDatanodeService.java:start(184)) - HddsDatanodeService host:pr-hdds-2007-65vhz-3510356991 ip:192.168.34.38
2019-09-12 13:47:11,107 [Datanode State Machine Thread - 0] INFO  datanode.InitDatanodeState (InitDatanodeState.java:persistContainerDatanodeDetails(140)) - DatanodeDetails is persisted to /workdir/hadoop-ozone/integration-test/target/test-dir/MiniOzoneClusterImpl-98ba6956-8e51-4dc7-be59-62a375280f0b/datanode-4/meta/datanode.id
2019-09-12 13:47:11,113 [main] INFO  volume.HddsVolume (HddsVolume.java:<init>(176)) - Creating Volume: /workdir/hadoop-ozone/integration-test/target/test-dir/MiniOzoneClusterImpl-98ba6956-8e51-4dc7-be59-62a375280f0b/datanode-5/data/containers/hdds of  storage type : DISK and capacity : 1482555576320
2019-09-12 13:47:11,113 [main] INFO  volume.VolumeSet (VolumeSet.java:initializeVolumeSet(170)) - Added Volume : /workdir/hadoop-ozone/integration-test/target/test-dir/MiniOzoneClusterImpl-98ba6956-8e51-4dc7-be59-62a375280f0b/datanode-5/data/containers/hdds to VolumeSet
2019-09-12 13:47:11,113 [main] INFO  volume.ThrottledAsyncChecker (ThrottledAsyncChecker.java:schedule(139)) - Scheduling a check for org.apache.hadoop.ozone.container.common.volume.HddsVolume@2938127d
2019-09-12 13:47:11,114 [main] INFO  volume.HddsVolumeChecker (HddsVolumeChecker.java:checkAllVolumes(202)) - Scheduled health check for volume org.apache.hadoop.ozone.container.common.volume.HddsVolume@2938127d
2019-09-12 13:47:11,129 [main] INFO  impl.RaftServerProxy (ConfUtils.java:logGet(43)) - raft.rpc.type = GRPC (default)
2019-09-12 13:47:11,129 [main] INFO  grpc.GrpcFactory (GrpcFactory.java:checkPooledByteBufAllocatorUseCacheForAllThreads(45)) - PERFORMANCE WARNING: useCacheForAllThreads is true that may cause Netty to create a lot garbage objects and, as a result, trigger GC.
	It is recommended to disable useCacheForAllThreads by setting -Dorg.apache.ratis.thirdparty.io.netty.allocator.useCacheForAllThreads=false in command line.
2019-09-12 13:47:11,130 [main] INFO  grpc.GrpcConfigKeys$Server (ConfUtils.java:logGet(43)) - raft.grpc.server.port = 0 (default)
2019-09-12 13:47:11,130 [main] INFO  server.GrpcService (ConfUtils.java:logGet(43)) - raft.grpc.message.size.max = 33570816 (custom)
2019-09-12 13:47:11,130 [main] INFO  server.RaftServerConfigKeys (ConfUtils.java:logGet(43)) - raft.server.log.appender.buffer.byte-limit = 33554432 (custom)
2019-09-12 13:47:11,130 [main] INFO  server.GrpcService (ConfUtils.java:logGet(43)) - raft.grpc.flow.control.window = 1MB (=1048576) (default)
2019-09-12 13:47:11,130 [main] INFO  server.RaftServerConfigKeys (ConfUtils.java:logGet(43)) - raft.server.rpc.request.timeout = 3000ms (default)
2019-09-12 13:47:11,131 [main] INFO  server.RaftServerConfigKeys (ConfUtils.java:logGet(43)) - raft.server.storage.dir = [/workdir/hadoop-ozone/integration-test/target/test-dir/MiniOzoneClusterImpl-98ba6956-8e51-4dc7-be59-62a375280f0b/datanode-5/data/ratis] (custom)
2019-09-12 13:47:11,133 [main] INFO  hdfs.DFSUtil (DFSUtil.java:httpServerTemplateForNNAndJN(1641)) - Starting Web-server for hddsDatanode at: http://0.0.0.0:0
2019-09-12 13:47:11,134 [main] INFO  server.AuthenticationFilter (AuthenticationFilter.java:constructSecretProvider(240)) - Unable to initialize FileSignerSecretProvider, falling back to use random secrets.
2019-09-12 13:47:11,134 [main] WARN  http.HttpRequestLog (HttpRequestLog.java:getRequestLog(97)) - Jetty request log can only be enabled using Log4j
2019-09-12 13:47:11,136 [main] INFO  http.HttpServer2 (HttpServer2.java:addGlobalFilter(975)) - Added global filter 'safety' (class=org.apache.hadoop.http.HttpServer2$QuotingInputFilter)
2019-09-12 13:47:11,136 [main] INFO  http.HttpServer2 (HttpServer2.java:addFilter(948)) - Added filter static_user_filter (class=org.apache.hadoop.http.lib.StaticUserWebFilter$StaticUserFilter) to context hddsDatanode
2019-09-12 13:47:11,137 [main] INFO  http.HttpServer2 (HttpServer2.java:addFilter(958)) - Added filter static_user_filter (class=org.apache.hadoop.http.lib.StaticUserWebFilter$StaticUserFilter) to context static
2019-09-12 13:47:11,137 [main] INFO  http.HttpServer2 (HttpServer2.java:addFilter(958)) - Added filter static_user_filter (class=org.apache.hadoop.http.lib.StaticUserWebFilter$StaticUserFilter) to context logs
2019-09-12 13:47:11,137 [main] INFO  http.HttpServer2 (HttpServer2.java:bindListener(1191)) - Jetty bound to port 37362
2019-09-12 13:47:11,138 [main] INFO  server.Server (Server.java:doStart(351)) - jetty-9.3.24.v20180605, build timestamp: 2018-06-05T17:11:56Z, git hash: 84205aa28f11a4f31f2a3b86d1bba2cc8ab69827
2019-09-12 13:47:11,139 [main] INFO  handler.ContextHandler (ContextHandler.java:doStart(781)) - Started o.e.j.s.ServletContextHandler@75d4a80f{/logs,file:///workdir/hadoop-ozone/integration-test/target/log,AVAILABLE}
2019-09-12 13:47:11,140 [main] INFO  handler.ContextHandler (ContextHandler.java:doStart(781)) - Started o.e.j.s.ServletContextHandler@ccf91df{/static,jar:file:/home/user/.m2/repository/org/apache/hadoop/hadoop-hdds-container-service/0.5.0-SNAPSHOT/hadoop-hdds-container-service-0.5.0-SNAPSHOT.jar!/webapps/static,AVAILABLE}
2019-09-12 13:47:11,168 [main] INFO  handler.ContextHandler (ContextHandler.java:doStart(781)) - Started o.e.j.w.WebAppContext@3c83468e{/,file:///tmp/jetty-0.0.0.0-37362-hddsDatanode-_-any-4628750237744303196.dir/webapp/,AVAILABLE}{/hddsDatanode}
2019-09-12 13:47:11,168 [main] INFO  server.AbstractConnector (AbstractConnector.java:doStart(278)) - Started ServerConnector@272ce069{HTTP/1.1,[http/1.1]}{0.0.0.0:37362}
2019-09-12 13:47:11,170 [main] INFO  server.Server (Server.java:doStart(419)) - Started @6003ms
2019-09-12 13:47:11,170 [main] WARN  impl.MetricsSystemImpl (MetricsSystemImpl.java:register(276)) - Sink prometheus already exists!
2019-09-12 13:47:11,171 [main] INFO  server.BaseHttpServer (BaseHttpServer.java:updateConnectorAddress(215)) - HTTP server of HDDSDATANODE is listening at http://0.0.0.0:37362
2019-09-12 13:47:11,171 [main] INFO  impl.MetricsSystemImpl (MetricsSystemImpl.java:init(158)) - HddsDatanode metrics system started (again)
2019-09-12 13:47:11,175 [main] INFO  ozone.HddsDatanodeService (HddsDatanodeService.java:start(184)) - HddsDatanodeService host:pr-hdds-2007-65vhz-3510356991 ip:192.168.34.38
2019-09-12 13:47:11,175 [org.apache.hadoop.util.JvmPauseMonitor$Monitor@2f480e9d] INFO  util.JvmPauseMonitor (JvmPauseMonitor.java:run(188)) - Starting JVM pause monitor
2019-09-12 13:47:11,179 [Datanode State Machine Thread - 0] INFO  datanode.InitDatanodeState (InitDatanodeState.java:persistContainerDatanodeDetails(140)) - DatanodeDetails is persisted to /workdir/hadoop-ozone/integration-test/target/test-dir/MiniOzoneClusterImpl-98ba6956-8e51-4dc7-be59-62a375280f0b/datanode-5/meta/datanode.id
2019-09-12 13:47:11,185 [main] INFO  volume.HddsVolume (HddsVolume.java:<init>(176)) - Creating Volume: /workdir/hadoop-ozone/integration-test/target/test-dir/MiniOzoneClusterImpl-98ba6956-8e51-4dc7-be59-62a375280f0b/datanode-6/data/containers/hdds of  storage type : DISK and capacity : 1482555576320
2019-09-12 13:47:11,185 [main] INFO  volume.VolumeSet (VolumeSet.java:initializeVolumeSet(170)) - Added Volume : /workdir/hadoop-ozone/integration-test/target/test-dir/MiniOzoneClusterImpl-98ba6956-8e51-4dc7-be59-62a375280f0b/datanode-6/data/containers/hdds to VolumeSet
2019-09-12 13:47:11,185 [main] INFO  volume.ThrottledAsyncChecker (ThrottledAsyncChecker.java:schedule(139)) - Scheduling a check for org.apache.hadoop.ozone.container.common.volume.HddsVolume@254f906e
2019-09-12 13:47:11,186 [main] INFO  volume.HddsVolumeChecker (HddsVolumeChecker.java:checkAllVolumes(202)) - Scheduled health check for volume org.apache.hadoop.ozone.container.common.volume.HddsVolume@254f906e
2019-09-12 13:47:11,198 [main] INFO  impl.RaftServerProxy (ConfUtils.java:logGet(43)) - raft.rpc.type = GRPC (default)
2019-09-12 13:47:11,199 [main] INFO  grpc.GrpcFactory (GrpcFactory.java:checkPooledByteBufAllocatorUseCacheForAllThreads(45)) - PERFORMANCE WARNING: useCacheForAllThreads is true that may cause Netty to create a lot garbage objects and, as a result, trigger GC.
	It is recommended to disable useCacheForAllThreads by setting -Dorg.apache.ratis.thirdparty.io.netty.allocator.useCacheForAllThreads=false in command line.
2019-09-12 13:47:11,199 [main] INFO  grpc.GrpcConfigKeys$Server (ConfUtils.java:logGet(43)) - raft.grpc.server.port = 0 (default)
2019-09-12 13:47:11,199 [main] INFO  server.GrpcService (ConfUtils.java:logGet(43)) - raft.grpc.message.size.max = 33570816 (custom)
2019-09-12 13:47:11,199 [main] INFO  server.RaftServerConfigKeys (ConfUtils.java:logGet(43)) - raft.server.log.appender.buffer.byte-limit = 33554432 (custom)
2019-09-12 13:47:11,200 [main] INFO  server.GrpcService (ConfUtils.java:logGet(43)) - raft.grpc.flow.control.window = 1MB (=1048576) (default)
2019-09-12 13:47:11,200 [main] INFO  server.RaftServerConfigKeys (ConfUtils.java:logGet(43)) - raft.server.rpc.request.timeout = 3000ms (default)
2019-09-12 13:47:11,200 [main] INFO  server.RaftServerConfigKeys (ConfUtils.java:logGet(43)) - raft.server.storage.dir = [/workdir/hadoop-ozone/integration-test/target/test-dir/MiniOzoneClusterImpl-98ba6956-8e51-4dc7-be59-62a375280f0b/datanode-6/data/ratis] (custom)
2019-09-12 13:47:11,202 [main] INFO  hdfs.DFSUtil (DFSUtil.java:httpServerTemplateForNNAndJN(1641)) - Starting Web-server for hddsDatanode at: http://0.0.0.0:0
2019-09-12 13:47:11,203 [main] INFO  server.AuthenticationFilter (AuthenticationFilter.java:constructSecretProvider(240)) - Unable to initialize FileSignerSecretProvider, falling back to use random secrets.
2019-09-12 13:47:11,203 [main] WARN  http.HttpRequestLog (HttpRequestLog.java:getRequestLog(97)) - Jetty request log can only be enabled using Log4j
2019-09-12 13:47:11,205 [main] INFO  http.HttpServer2 (HttpServer2.java:addGlobalFilter(975)) - Added global filter 'safety' (class=org.apache.hadoop.http.HttpServer2$QuotingInputFilter)
2019-09-12 13:47:11,206 [main] INFO  http.HttpServer2 (HttpServer2.java:addFilter(948)) - Added filter static_user_filter (class=org.apache.hadoop.http.lib.StaticUserWebFilter$StaticUserFilter) to context hddsDatanode
2019-09-12 13:47:11,206 [main] INFO  http.HttpServer2 (HttpServer2.java:addFilter(958)) - Added filter static_user_filter (class=org.apache.hadoop.http.lib.StaticUserWebFilter$StaticUserFilter) to context static
2019-09-12 13:47:11,206 [main] INFO  http.HttpServer2 (HttpServer2.java:addFilter(958)) - Added filter static_user_filter (class=org.apache.hadoop.http.lib.StaticUserWebFilter$StaticUserFilter) to context logs
2019-09-12 13:47:11,207 [main] INFO  http.HttpServer2 (HttpServer2.java:bindListener(1191)) - Jetty bound to port 33911
2019-09-12 13:47:11,207 [main] INFO  server.Server (Server.java:doStart(351)) - jetty-9.3.24.v20180605, build timestamp: 2018-06-05T17:11:56Z, git hash: 84205aa28f11a4f31f2a3b86d1bba2cc8ab69827
2019-09-12 13:47:11,208 [main] INFO  handler.ContextHandler (ContextHandler.java:doStart(781)) - Started o.e.j.s.ServletContextHandler@67514bdd{/logs,file:///workdir/hadoop-ozone/integration-test/target/log,AVAILABLE}
2019-09-12 13:47:11,209 [main] INFO  handler.ContextHandler (ContextHandler.java:doStart(781)) - Started o.e.j.s.ServletContextHandler@7f5538a1{/static,jar:file:/home/user/.m2/repository/org/apache/hadoop/hadoop-hdds-container-service/0.5.0-SNAPSHOT/hadoop-hdds-container-service-0.5.0-SNAPSHOT.jar!/webapps/static,AVAILABLE}
2019-09-12 13:47:11,236 [main] INFO  handler.ContextHandler (ContextHandler.java:doStart(781)) - Started o.e.j.w.WebAppContext@3e3315d9{/,file:///tmp/jetty-0.0.0.0-33911-hddsDatanode-_-any-1475933777984561045.dir/webapp/,AVAILABLE}{/hddsDatanode}
2019-09-12 13:47:11,237 [main] INFO  server.AbstractConnector (AbstractConnector.java:doStart(278)) - Started ServerConnector@64db4967{HTTP/1.1,[http/1.1]}{0.0.0.0:33911}
2019-09-12 13:47:11,238 [main] INFO  server.Server (Server.java:doStart(419)) - Started @6071ms
2019-09-12 13:47:11,238 [main] WARN  impl.MetricsSystemImpl (MetricsSystemImpl.java:register(276)) - Sink prometheus already exists!
2019-09-12 13:47:11,239 [main] INFO  server.BaseHttpServer (BaseHttpServer.java:updateConnectorAddress(215)) - HTTP server of HDDSDATANODE is listening at http://0.0.0.0:33911
2019-09-12 13:47:11,239 [main] INFO  impl.MetricsSystemImpl (MetricsSystemImpl.java:init(158)) - HddsDatanode metrics system started (again)
2019-09-12 13:47:11,244 [main] INFO  ozone.HddsDatanodeService (HddsDatanodeService.java:start(184)) - HddsDatanodeService host:pr-hdds-2007-65vhz-3510356991 ip:192.168.34.38
2019-09-12 13:47:11,244 [org.apache.hadoop.util.JvmPauseMonitor$Monitor@5c7ddf44] INFO  util.JvmPauseMonitor (JvmPauseMonitor.java:run(188)) - Starting JVM pause monitor
2019-09-12 13:47:11,247 [Datanode State Machine Thread - 0] INFO  datanode.InitDatanodeState (InitDatanodeState.java:persistContainerDatanodeDetails(140)) - DatanodeDetails is persisted to /workdir/hadoop-ozone/integration-test/target/test-dir/MiniOzoneClusterImpl-98ba6956-8e51-4dc7-be59-62a375280f0b/datanode-6/meta/datanode.id
2019-09-12 13:47:11,257 [main] INFO  volume.HddsVolume (HddsVolume.java:<init>(176)) - Creating Volume: /workdir/hadoop-ozone/integration-test/target/test-dir/MiniOzoneClusterImpl-98ba6956-8e51-4dc7-be59-62a375280f0b/datanode-7/data/containers/hdds of  storage type : DISK and capacity : 1482555576320
2019-09-12 13:47:11,258 [main] INFO  volume.VolumeSet (VolumeSet.java:initializeVolumeSet(170)) - Added Volume : /workdir/hadoop-ozone/integration-test/target/test-dir/MiniOzoneClusterImpl-98ba6956-8e51-4dc7-be59-62a375280f0b/datanode-7/data/containers/hdds to VolumeSet
2019-09-12 13:47:11,259 [main] INFO  volume.ThrottledAsyncChecker (ThrottledAsyncChecker.java:schedule(139)) - Scheduling a check for org.apache.hadoop.ozone.container.common.volume.HddsVolume@43f1bb92
2019-09-12 13:47:11,260 [main] INFO  volume.HddsVolumeChecker (HddsVolumeChecker.java:checkAllVolumes(202)) - Scheduled health check for volume org.apache.hadoop.ozone.container.common.volume.HddsVolume@43f1bb92
2019-09-12 13:47:11,290 [main] INFO  impl.RaftServerProxy (ConfUtils.java:logGet(43)) - raft.rpc.type = GRPC (default)
2019-09-12 13:47:11,290 [main] INFO  grpc.GrpcFactory (GrpcFactory.java:checkPooledByteBufAllocatorUseCacheForAllThreads(45)) - PERFORMANCE WARNING: useCacheForAllThreads is true that may cause Netty to create a lot garbage objects and, as a result, trigger GC.
	It is recommended to disable useCacheForAllThreads by setting -Dorg.apache.ratis.thirdparty.io.netty.allocator.useCacheForAllThreads=false in command line.
2019-09-12 13:47:11,291 [main] INFO  grpc.GrpcConfigKeys$Server (ConfUtils.java:logGet(43)) - raft.grpc.server.port = 0 (default)
2019-09-12 13:47:11,291 [main] INFO  server.GrpcService (ConfUtils.java:logGet(43)) - raft.grpc.message.size.max = 33570816 (custom)
2019-09-12 13:47:11,292 [main] INFO  server.RaftServerConfigKeys (ConfUtils.java:logGet(43)) - raft.server.log.appender.buffer.byte-limit = 33554432 (custom)
2019-09-12 13:47:11,292 [main] INFO  server.GrpcService (ConfUtils.java:logGet(43)) - raft.grpc.flow.control.window = 1MB (=1048576) (default)
2019-09-12 13:47:11,292 [main] INFO  server.RaftServerConfigKeys (ConfUtils.java:logGet(43)) - raft.server.rpc.request.timeout = 3000ms (default)
2019-09-12 13:47:11,293 [main] INFO  server.RaftServerConfigKeys (ConfUtils.java:logGet(43)) - raft.server.storage.dir = [/workdir/hadoop-ozone/integration-test/target/test-dir/MiniOzoneClusterImpl-98ba6956-8e51-4dc7-be59-62a375280f0b/datanode-7/data/ratis] (custom)
2019-09-12 13:47:11,295 [main] INFO  hdfs.DFSUtil (DFSUtil.java:httpServerTemplateForNNAndJN(1641)) - Starting Web-server for hddsDatanode at: http://0.0.0.0:0
2019-09-12 13:47:11,297 [main] INFO  server.AuthenticationFilter (AuthenticationFilter.java:constructSecretProvider(240)) - Unable to initialize FileSignerSecretProvider, falling back to use random secrets.
2019-09-12 13:47:11,298 [main] WARN  http.HttpRequestLog (HttpRequestLog.java:getRequestLog(97)) - Jetty request log can only be enabled using Log4j
2019-09-12 13:47:11,299 [main] INFO  http.HttpServer2 (HttpServer2.java:addGlobalFilter(975)) - Added global filter 'safety' (class=org.apache.hadoop.http.HttpServer2$QuotingInputFilter)
2019-09-12 13:47:11,300 [main] INFO  http.HttpServer2 (HttpServer2.java:addFilter(948)) - Added filter static_user_filter (class=org.apache.hadoop.http.lib.StaticUserWebFilter$StaticUserFilter) to context hddsDatanode
2019-09-12 13:47:11,300 [main] INFO  http.HttpServer2 (HttpServer2.java:addFilter(958)) - Added filter static_user_filter (class=org.apache.hadoop.http.lib.StaticUserWebFilter$StaticUserFilter) to context logs
2019-09-12 13:47:11,300 [main] INFO  http.HttpServer2 (HttpServer2.java:addFilter(958)) - Added filter static_user_filter (class=org.apache.hadoop.http.lib.StaticUserWebFilter$StaticUserFilter) to context static
2019-09-12 13:47:11,301 [main] INFO  http.HttpServer2 (HttpServer2.java:bindListener(1191)) - Jetty bound to port 41343
2019-09-12 13:47:11,301 [main] INFO  server.Server (Server.java:doStart(351)) - jetty-9.3.24.v20180605, build timestamp: 2018-06-05T17:11:56Z, git hash: 84205aa28f11a4f31f2a3b86d1bba2cc8ab69827
2019-09-12 13:47:11,303 [main] INFO  handler.ContextHandler (ContextHandler.java:doStart(781)) - Started o.e.j.s.ServletContextHandler@b9a77c8{/logs,file:///workdir/hadoop-ozone/integration-test/target/log,AVAILABLE}
2019-09-12 13:47:11,303 [main] INFO  handler.ContextHandler (ContextHandler.java:doStart(781)) - Started o.e.j.s.ServletContextHandler@6cd3ad8a{/static,jar:file:/home/user/.m2/repository/org/apache/hadoop/hadoop-hdds-container-service/0.5.0-SNAPSHOT/hadoop-hdds-container-service-0.5.0-SNAPSHOT.jar!/webapps/static,AVAILABLE}
2019-09-12 13:47:11,346 [main] INFO  handler.ContextHandler (ContextHandler.java:doStart(781)) - Started o.e.j.w.WebAppContext@663bb8ef{/,file:///tmp/jetty-0.0.0.0-41343-hddsDatanode-_-any-4005918919724700263.dir/webapp/,AVAILABLE}{/hddsDatanode}
2019-09-12 13:47:11,346 [main] INFO  server.AbstractConnector (AbstractConnector.java:doStart(278)) - Started ServerConnector@2f4e40d7{HTTP/1.1,[http/1.1]}{0.0.0.0:41343}
2019-09-12 13:47:11,348 [main] INFO  server.Server (Server.java:doStart(419)) - Started @6181ms
2019-09-12 13:47:11,348 [main] WARN  impl.MetricsSystemImpl (MetricsSystemImpl.java:register(276)) - Sink prometheus already exists!
2019-09-12 13:47:11,349 [main] INFO  server.BaseHttpServer (BaseHttpServer.java:updateConnectorAddress(215)) - HTTP server of HDDSDATANODE is listening at http://0.0.0.0:41343
2019-09-12 13:47:11,349 [main] INFO  impl.MetricsSystemImpl (MetricsSystemImpl.java:init(158)) - HddsDatanode metrics system started (again)
2019-09-12 13:47:11,354 [org.apache.hadoop.util.JvmPauseMonitor$Monitor@44191e30] INFO  util.JvmPauseMonitor (JvmPauseMonitor.java:run(188)) - Starting JVM pause monitor
2019-09-12 13:47:11,354 [main] INFO  ozone.HddsDatanodeService (HddsDatanodeService.java:start(184)) - HddsDatanodeService host:pr-hdds-2007-65vhz-3510356991 ip:192.168.34.38
2019-09-12 13:47:11,358 [Datanode State Machine Thread - 0] INFO  datanode.InitDatanodeState (InitDatanodeState.java:persistContainerDatanodeDetails(140)) - DatanodeDetails is persisted to /workdir/hadoop-ozone/integration-test/target/test-dir/MiniOzoneClusterImpl-98ba6956-8e51-4dc7-be59-62a375280f0b/datanode-7/meta/datanode.id
2019-09-12 13:47:11,367 [main] INFO  volume.HddsVolume (HddsVolume.java:<init>(176)) - Creating Volume: /workdir/hadoop-ozone/integration-test/target/test-dir/MiniOzoneClusterImpl-98ba6956-8e51-4dc7-be59-62a375280f0b/datanode-8/data/containers/hdds of  storage type : DISK and capacity : 1482555576320
2019-09-12 13:47:11,368 [main] INFO  volume.VolumeSet (VolumeSet.java:initializeVolumeSet(170)) - Added Volume : /workdir/hadoop-ozone/integration-test/target/test-dir/MiniOzoneClusterImpl-98ba6956-8e51-4dc7-be59-62a375280f0b/datanode-8/data/containers/hdds to VolumeSet
2019-09-12 13:47:11,368 [main] INFO  volume.ThrottledAsyncChecker (ThrottledAsyncChecker.java:schedule(139)) - Scheduling a check for org.apache.hadoop.ozone.container.common.volume.HddsVolume@1947596f
2019-09-12 13:47:11,369 [main] INFO  volume.HddsVolumeChecker (HddsVolumeChecker.java:checkAllVolumes(202)) - Scheduled health check for volume org.apache.hadoop.ozone.container.common.volume.HddsVolume@1947596f
2019-09-12 13:47:11,382 [main] INFO  impl.RaftServerProxy (ConfUtils.java:logGet(43)) - raft.rpc.type = GRPC (default)
2019-09-12 13:47:11,383 [main] INFO  grpc.GrpcFactory (GrpcFactory.java:checkPooledByteBufAllocatorUseCacheForAllThreads(45)) - PERFORMANCE WARNING: useCacheForAllThreads is true that may cause Netty to create a lot garbage objects and, as a result, trigger GC.
	It is recommended to disable useCacheForAllThreads by setting -Dorg.apache.ratis.thirdparty.io.netty.allocator.useCacheForAllThreads=false in command line.
2019-09-12 13:47:11,383 [main] INFO  grpc.GrpcConfigKeys$Server (ConfUtils.java:logGet(43)) - raft.grpc.server.port = 0 (default)
2019-09-12 13:47:11,383 [main] INFO  server.GrpcService (ConfUtils.java:logGet(43)) - raft.grpc.message.size.max = 33570816 (custom)
2019-09-12 13:47:11,383 [main] INFO  server.RaftServerConfigKeys (ConfUtils.java:logGet(43)) - raft.server.log.appender.buffer.byte-limit = 33554432 (custom)
2019-09-12 13:47:11,383 [main] INFO  server.GrpcService (ConfUtils.java:logGet(43)) - raft.grpc.flow.control.window = 1MB (=1048576) (default)
2019-09-12 13:47:11,384 [main] INFO  server.RaftServerConfigKeys (ConfUtils.java:logGet(43)) - raft.server.rpc.request.timeout = 3000ms (default)
2019-09-12 13:47:11,384 [main] INFO  server.RaftServerConfigKeys (ConfUtils.java:logGet(43)) - raft.server.storage.dir = [/workdir/hadoop-ozone/integration-test/target/test-dir/MiniOzoneClusterImpl-98ba6956-8e51-4dc7-be59-62a375280f0b/datanode-8/data/ratis] (custom)
2019-09-12 13:47:11,386 [main] INFO  hdfs.DFSUtil (DFSUtil.java:httpServerTemplateForNNAndJN(1641)) - Starting Web-server for hddsDatanode at: http://0.0.0.0:0
2019-09-12 13:47:11,387 [main] INFO  server.AuthenticationFilter (AuthenticationFilter.java:constructSecretProvider(240)) - Unable to initialize FileSignerSecretProvider, falling back to use random secrets.
2019-09-12 13:47:11,388 [main] WARN  http.HttpRequestLog (HttpRequestLog.java:getRequestLog(97)) - Jetty request log can only be enabled using Log4j
2019-09-12 13:47:11,389 [main] INFO  http.HttpServer2 (HttpServer2.java:addGlobalFilter(975)) - Added global filter 'safety' (class=org.apache.hadoop.http.HttpServer2$QuotingInputFilter)
2019-09-12 13:47:11,390 [main] INFO  http.HttpServer2 (HttpServer2.java:addFilter(948)) - Added filter static_user_filter (class=org.apache.hadoop.http.lib.StaticUserWebFilter$StaticUserFilter) to context hddsDatanode
2019-09-12 13:47:11,390 [main] INFO  http.HttpServer2 (HttpServer2.java:addFilter(958)) - Added filter static_user_filter (class=org.apache.hadoop.http.lib.StaticUserWebFilter$StaticUserFilter) to context logs
2019-09-12 13:47:11,390 [main] INFO  http.HttpServer2 (HttpServer2.java:addFilter(958)) - Added filter static_user_filter (class=org.apache.hadoop.http.lib.StaticUserWebFilter$StaticUserFilter) to context static
2019-09-12 13:47:11,391 [main] INFO  http.HttpServer2 (HttpServer2.java:bindListener(1191)) - Jetty bound to port 32930
2019-09-12 13:47:11,391 [main] INFO  server.Server (Server.java:doStart(351)) - jetty-9.3.24.v20180605, build timestamp: 2018-06-05T17:11:56Z, git hash: 84205aa28f11a4f31f2a3b86d1bba2cc8ab69827
2019-09-12 13:47:11,393 [main] INFO  handler.ContextHandler (ContextHandler.java:doStart(781)) - Started o.e.j.s.ServletContextHandler@30ca0779{/logs,file:///workdir/hadoop-ozone/integration-test/target/log,AVAILABLE}
2019-09-12 13:47:11,393 [main] INFO  handler.ContextHandler (ContextHandler.java:doStart(781)) - Started o.e.j.s.ServletContextHandler@47be0f9b{/static,jar:file:/home/user/.m2/repository/org/apache/hadoop/hadoop-hdds-container-service/0.5.0-SNAPSHOT/hadoop-hdds-container-service-0.5.0-SNAPSHOT.jar!/webapps/static,AVAILABLE}
2019-09-12 13:47:11,437 [main] INFO  handler.ContextHandler (ContextHandler.java:doStart(781)) - Started o.e.j.w.WebAppContext@33063f5b{/,file:///tmp/jetty-0.0.0.0-32930-hddsDatanode-_-any-1111416711145022964.dir/webapp/,AVAILABLE}{/hddsDatanode}
2019-09-12 13:47:11,439 [main] INFO  server.AbstractConnector (AbstractConnector.java:doStart(278)) - Started ServerConnector@15405bd6{HTTP/1.1,[http/1.1]}{0.0.0.0:32930}
2019-09-12 13:47:11,439 [main] INFO  server.Server (Server.java:doStart(419)) - Started @6273ms
2019-09-12 13:47:11,440 [main] WARN  impl.MetricsSystemImpl (MetricsSystemImpl.java:register(276)) - Sink prometheus already exists!
2019-09-12 13:47:11,440 [main] INFO  server.BaseHttpServer (BaseHttpServer.java:updateConnectorAddress(215)) - HTTP server of HDDSDATANODE is listening at http://0.0.0.0:32930
2019-09-12 13:47:11,441 [main] INFO  impl.MetricsSystemImpl (MetricsSystemImpl.java:init(158)) - HddsDatanode metrics system started (again)
2019-09-12 13:47:11,447 [org.apache.hadoop.util.JvmPauseMonitor$Monitor@30b365d6] INFO  util.JvmPauseMonitor (JvmPauseMonitor.java:run(188)) - Starting JVM pause monitor
2019-09-12 13:47:11,447 [main] INFO  ozone.HddsDatanodeService (HddsDatanodeService.java:start(184)) - HddsDatanodeService host:pr-hdds-2007-65vhz-3510356991 ip:192.168.34.38
2019-09-12 13:47:11,451 [Datanode State Machine Thread - 0] INFO  datanode.InitDatanodeState (InitDatanodeState.java:persistContainerDatanodeDetails(140)) - DatanodeDetails is persisted to /workdir/hadoop-ozone/integration-test/target/test-dir/MiniOzoneClusterImpl-98ba6956-8e51-4dc7-be59-62a375280f0b/datanode-8/meta/datanode.id
2019-09-12 13:47:11,457 [main] INFO  volume.HddsVolume (HddsVolume.java:<init>(176)) - Creating Volume: /workdir/hadoop-ozone/integration-test/target/test-dir/MiniOzoneClusterImpl-98ba6956-8e51-4dc7-be59-62a375280f0b/datanode-9/data/containers/hdds of  storage type : DISK and capacity : 1482555576320
2019-09-12 13:47:11,458 [main] INFO  volume.VolumeSet (VolumeSet.java:initializeVolumeSet(170)) - Added Volume : /workdir/hadoop-ozone/integration-test/target/test-dir/MiniOzoneClusterImpl-98ba6956-8e51-4dc7-be59-62a375280f0b/datanode-9/data/containers/hdds to VolumeSet
2019-09-12 13:47:11,458 [main] INFO  volume.ThrottledAsyncChecker (ThrottledAsyncChecker.java:schedule(139)) - Scheduling a check for org.apache.hadoop.ozone.container.common.volume.HddsVolume@765ffb14
2019-09-12 13:47:11,458 [main] INFO  volume.HddsVolumeChecker (HddsVolumeChecker.java:checkAllVolumes(202)) - Scheduled health check for volume org.apache.hadoop.ozone.container.common.volume.HddsVolume@765ffb14
2019-09-12 13:47:11,474 [main] INFO  impl.RaftServerProxy (ConfUtils.java:logGet(43)) - raft.rpc.type = GRPC (default)
2019-09-12 13:47:11,474 [main] INFO  grpc.GrpcFactory (GrpcFactory.java:checkPooledByteBufAllocatorUseCacheForAllThreads(45)) - PERFORMANCE WARNING: useCacheForAllThreads is true that may cause Netty to create a lot garbage objects and, as a result, trigger GC.
	It is recommended to disable useCacheForAllThreads by setting -Dorg.apache.ratis.thirdparty.io.netty.allocator.useCacheForAllThreads=false in command line.
2019-09-12 13:47:11,474 [main] INFO  grpc.GrpcConfigKeys$Server (ConfUtils.java:logGet(43)) - raft.grpc.server.port = 0 (default)
2019-09-12 13:47:11,475 [main] INFO  server.GrpcService (ConfUtils.java:logGet(43)) - raft.grpc.message.size.max = 33570816 (custom)
2019-09-12 13:47:11,475 [main] INFO  server.RaftServerConfigKeys (ConfUtils.java:logGet(43)) - raft.server.log.appender.buffer.byte-limit = 33554432 (custom)
2019-09-12 13:47:11,475 [main] INFO  server.GrpcService (ConfUtils.java:logGet(43)) - raft.grpc.flow.control.window = 1MB (=1048576) (default)
2019-09-12 13:47:11,475 [main] INFO  server.RaftServerConfigKeys (ConfUtils.java:logGet(43)) - raft.server.rpc.request.timeout = 3000ms (default)
2019-09-12 13:47:11,476 [main] INFO  server.RaftServerConfigKeys (ConfUtils.java:logGet(43)) - raft.server.storage.dir = [/workdir/hadoop-ozone/integration-test/target/test-dir/MiniOzoneClusterImpl-98ba6956-8e51-4dc7-be59-62a375280f0b/datanode-9/data/ratis] (custom)
2019-09-12 13:47:11,478 [main] INFO  hdfs.DFSUtil (DFSUtil.java:httpServerTemplateForNNAndJN(1641)) - Starting Web-server for hddsDatanode at: http://0.0.0.0:0
2019-09-12 13:47:11,479 [main] INFO  server.AuthenticationFilter (AuthenticationFilter.java:constructSecretProvider(240)) - Unable to initialize FileSignerSecretProvider, falling back to use random secrets.
2019-09-12 13:47:11,479 [main] WARN  http.HttpRequestLog (HttpRequestLog.java:getRequestLog(97)) - Jetty request log can only be enabled using Log4j
2019-09-12 13:47:11,481 [main] INFO  http.HttpServer2 (HttpServer2.java:addGlobalFilter(975)) - Added global filter 'safety' (class=org.apache.hadoop.http.HttpServer2$QuotingInputFilter)
2019-09-12 13:47:11,481 [main] INFO  http.HttpServer2 (HttpServer2.java:addFilter(948)) - Added filter static_user_filter (class=org.apache.hadoop.http.lib.StaticUserWebFilter$StaticUserFilter) to context hddsDatanode
2019-09-12 13:47:11,481 [main] INFO  http.HttpServer2 (HttpServer2.java:addFilter(958)) - Added filter static_user_filter (class=org.apache.hadoop.http.lib.StaticUserWebFilter$StaticUserFilter) to context logs
2019-09-12 13:47:11,482 [main] INFO  http.HttpServer2 (HttpServer2.java:addFilter(958)) - Added filter static_user_filter (class=org.apache.hadoop.http.lib.StaticUserWebFilter$StaticUserFilter) to context static
2019-09-12 13:47:11,482 [main] INFO  http.HttpServer2 (HttpServer2.java:bindListener(1191)) - Jetty bound to port 32901
2019-09-12 13:47:11,483 [main] INFO  server.Server (Server.java:doStart(351)) - jetty-9.3.24.v20180605, build timestamp: 2018-06-05T17:11:56Z, git hash: 84205aa28f11a4f31f2a3b86d1bba2cc8ab69827
2019-09-12 13:47:11,484 [main] INFO  handler.ContextHandler (ContextHandler.java:doStart(781)) - Started o.e.j.s.ServletContextHandler@5578be42{/logs,file:///workdir/hadoop-ozone/integration-test/target/log,AVAILABLE}
2019-09-12 13:47:11,485 [main] INFO  handler.ContextHandler (ContextHandler.java:doStart(781)) - Started o.e.j.s.ServletContextHandler@136965e3{/static,jar:file:/home/user/.m2/repository/org/apache/hadoop/hadoop-hdds-container-service/0.5.0-SNAPSHOT/hadoop-hdds-container-service-0.5.0-SNAPSHOT.jar!/webapps/static,AVAILABLE}
2019-09-12 13:47:11,543 [main] INFO  handler.ContextHandler (ContextHandler.java:doStart(781)) - Started o.e.j.w.WebAppContext@26bbe604{/,file:///tmp/jetty-0.0.0.0-32901-hddsDatanode-_-any-4680966612119305004.dir/webapp/,AVAILABLE}{/hddsDatanode}
2019-09-12 13:47:11,543 [main] INFO  server.AbstractConnector (AbstractConnector.java:doStart(278)) - Started ServerConnector@fe34b86{HTTP/1.1,[http/1.1]}{0.0.0.0:32901}
2019-09-12 13:47:11,545 [main] INFO  server.Server (Server.java:doStart(419)) - Started @6378ms
2019-09-12 13:47:11,545 [main] WARN  impl.MetricsSystemImpl (MetricsSystemImpl.java:register(276)) - Sink prometheus already exists!
2019-09-12 13:47:11,545 [main] INFO  server.BaseHttpServer (BaseHttpServer.java:updateConnectorAddress(215)) - HTTP server of HDDSDATANODE is listening at http://0.0.0.0:32901
2019-09-12 13:47:11,551 [main] INFO  ozone.MiniOzoneClusterImpl (MiniOzoneClusterImpl.java:lambda$waitForClusterToBeReady$0(145)) - Waiting for cluster to be ready. Got 0 of 10 DN Heartbeats.
2019-09-12 13:47:11,552 [org.apache.hadoop.util.JvmPauseMonitor$Monitor@5595fb9b] INFO  util.JvmPauseMonitor (JvmPauseMonitor.java:run(188)) - Starting JVM pause monitor
2019-09-12 13:47:11,557 [Datanode State Machine Thread - 0] INFO  datanode.InitDatanodeState (InitDatanodeState.java:persistContainerDatanodeDetails(140)) - DatanodeDetails is persisted to /workdir/hadoop-ozone/integration-test/target/test-dir/MiniOzoneClusterImpl-98ba6956-8e51-4dc7-be59-62a375280f0b/datanode-9/meta/datanode.id
2019-09-12 13:47:12,552 [main] INFO  ozone.MiniOzoneClusterImpl (MiniOzoneClusterImpl.java:lambda$waitForClusterToBeReady$0(145)) - Waiting for cluster to be ready. Got 0 of 10 DN Heartbeats.
2019-09-12 13:47:12,877 [Datanode State Machine Thread - 0] INFO  ozoneimpl.OzoneContainer (OzoneContainer.java:start(217)) - Attempting to start container services.
2019-09-12 13:47:12,879 [Datanode State Machine Thread - 0] INFO  ozoneimpl.OzoneContainer (OzoneContainer.java:startContainerScrub(179)) - Background container scanner has been disabled.
2019-09-12 13:47:12,880 [Datanode State Machine Thread - 0] INFO  ratis.XceiverServerRatis (XceiverServerRatis.java:start(404)) - Starting XceiverServerRatis eb4af5da-c929-4f10-b53e-ce7f20abad1a at port 0
2019-09-12 13:47:12,880 [Datanode State Machine Thread - 0] INFO  ozoneimpl.OzoneContainer (OzoneContainer.java:start(217)) - Attempting to start container services.
2019-09-12 13:47:12,885 [Datanode State Machine Thread - 0] INFO  ozoneimpl.OzoneContainer (OzoneContainer.java:startContainerScrub(179)) - Background container scanner has been disabled.
2019-09-12 13:47:12,885 [Datanode State Machine Thread - 0] INFO  ratis.XceiverServerRatis (XceiverServerRatis.java:start(404)) - Starting XceiverServerRatis 7dd3d51f-7703-47e1-b378-11db862d4d4b at port 0
2019-09-12 13:47:12,917 [Datanode State Machine Thread - 0] INFO  impl.RaftServerProxy (RaftServerProxy.java:lambda$start$3(299)) - 7dd3d51f-7703-47e1-b378-11db862d4d4b: start RPC server
2019-09-12 13:47:12,917 [Datanode State Machine Thread - 0] INFO  impl.RaftServerProxy (RaftServerProxy.java:lambda$start$3(299)) - eb4af5da-c929-4f10-b53e-ce7f20abad1a: start RPC server
2019-09-12 13:47:12,967 [Datanode State Machine Thread - 0] INFO  ozoneimpl.OzoneContainer (OzoneContainer.java:start(217)) - Attempting to start container services.
2019-09-12 13:47:12,968 [Datanode State Machine Thread - 0] INFO  ozoneimpl.OzoneContainer (OzoneContainer.java:startContainerScrub(179)) - Background container scanner has been disabled.
2019-09-12 13:47:12,968 [Datanode State Machine Thread - 0] INFO  ratis.XceiverServerRatis (XceiverServerRatis.java:start(404)) - Starting XceiverServerRatis 6ac4bcf8-6973-4d27-bc88-57130dead3af at port 0
2019-09-12 13:47:12,977 [Datanode State Machine Thread - 0] INFO  impl.RaftServerProxy (RaftServerProxy.java:lambda$start$3(299)) - 6ac4bcf8-6973-4d27-bc88-57130dead3af: start RPC server
2019-09-12 13:47:13,037 [Datanode State Machine Thread - 0] INFO  ozoneimpl.OzoneContainer (OzoneContainer.java:start(217)) - Attempting to start container services.
2019-09-12 13:47:13,037 [Datanode State Machine Thread - 0] INFO  ozoneimpl.OzoneContainer (OzoneContainer.java:startContainerScrub(179)) - Background container scanner has been disabled.
2019-09-12 13:47:13,038 [Datanode State Machine Thread - 0] INFO  ratis.XceiverServerRatis (XceiverServerRatis.java:start(404)) - Starting XceiverServerRatis 05e06da0-1d3a-4481-ab96-f6b3bccd14af at port 0
2019-09-12 13:47:13,068 [Datanode State Machine Thread - 0] INFO  impl.RaftServerProxy (RaftServerProxy.java:lambda$start$3(299)) - 05e06da0-1d3a-4481-ab96-f6b3bccd14af: start RPC server
2019-09-12 13:47:13,098 [Datanode State Machine Thread - 0] INFO  server.GrpcService (GrpcService.java:startImpl(158)) - 05e06da0-1d3a-4481-ab96-f6b3bccd14af: GrpcService started, listening on 0.0.0.0/0.0.0.0:45188
2019-09-12 13:47:13,098 [Datanode State Machine Thread - 0] INFO  server.GrpcService (GrpcService.java:startImpl(158)) - eb4af5da-c929-4f10-b53e-ce7f20abad1a: GrpcService started, listening on 0.0.0.0/0.0.0.0:38959
2019-09-12 13:47:13,098 [Datanode State Machine Thread - 0] INFO  server.GrpcService (GrpcService.java:startImpl(158)) - 6ac4bcf8-6973-4d27-bc88-57130dead3af: GrpcService started, listening on 0.0.0.0/0.0.0.0:43308
2019-09-12 13:47:13,098 [Datanode State Machine Thread - 0] INFO  server.GrpcService (GrpcService.java:startImpl(158)) - 7dd3d51f-7703-47e1-b378-11db862d4d4b: GrpcService started, listening on 0.0.0.0/0.0.0.0:36691
2019-09-12 13:47:13,099 [Datanode State Machine Thread - 0] INFO  ratis.XceiverServerRatis (XceiverServerRatis.java:start(414)) - XceiverServerRatis 6ac4bcf8-6973-4d27-bc88-57130dead3af is started using port 43308
2019-09-12 13:47:13,099 [Datanode State Machine Thread - 0] INFO  ratis.XceiverServerRatis (XceiverServerRatis.java:start(414)) - XceiverServerRatis eb4af5da-c929-4f10-b53e-ce7f20abad1a is started using port 38959
2019-09-12 13:47:13,099 [Datanode State Machine Thread - 0] INFO  ratis.XceiverServerRatis (XceiverServerRatis.java:start(414)) - XceiverServerRatis 05e06da0-1d3a-4481-ab96-f6b3bccd14af is started using port 45188
2019-09-12 13:47:13,099 [Datanode State Machine Thread - 0] INFO  ratis.XceiverServerRatis (XceiverServerRatis.java:start(414)) - XceiverServerRatis 7dd3d51f-7703-47e1-b378-11db862d4d4b is started using port 36691
2019-09-12 13:47:13,108 [Datanode State Machine Thread - 0] INFO  server.XceiverServerGrpc (XceiverServerGrpc.java:start(163)) - XceiverServerGrpc 05e06da0-1d3a-4481-ab96-f6b3bccd14af is started using port 41422
2019-09-12 13:47:13,108 [Datanode State Machine Thread - 0] INFO  server.XceiverServerGrpc (XceiverServerGrpc.java:start(163)) - XceiverServerGrpc 7dd3d51f-7703-47e1-b378-11db862d4d4b is started using port 36200
2019-09-12 13:47:13,109 [Datanode State Machine Thread - 0] INFO  server.XceiverServerGrpc (XceiverServerGrpc.java:start(163)) - XceiverServerGrpc 6ac4bcf8-6973-4d27-bc88-57130dead3af is started using port 43549
2019-09-12 13:47:13,109 [Datanode State Machine Thread - 0] INFO  server.XceiverServerGrpc (XceiverServerGrpc.java:start(163)) - XceiverServerGrpc eb4af5da-c929-4f10-b53e-ce7f20abad1a is started using port 42442
2019-09-12 13:47:13,123 [Datanode State Machine Thread - 0] INFO  ozoneimpl.OzoneContainer (OzoneContainer.java:start(217)) - Attempting to start container services.
2019-09-12 13:47:13,124 [Datanode State Machine Thread - 0] INFO  ozoneimpl.OzoneContainer (OzoneContainer.java:startContainerScrub(179)) - Background container scanner has been disabled.
2019-09-12 13:47:13,124 [Datanode State Machine Thread - 0] INFO  ratis.XceiverServerRatis (XceiverServerRatis.java:start(404)) - Starting XceiverServerRatis 92e4cfa5-488b-4a46-94d1-80a7c527ff9a at port 0
2019-09-12 13:47:13,131 [Datanode State Machine Thread - 0] INFO  impl.RaftServerProxy (RaftServerProxy.java:lambda$start$3(299)) - 92e4cfa5-488b-4a46-94d1-80a7c527ff9a: start RPC server
2019-09-12 13:47:13,134 [Datanode State Machine Thread - 0] INFO  server.GrpcService (GrpcService.java:startImpl(158)) - 92e4cfa5-488b-4a46-94d1-80a7c527ff9a: GrpcService started, listening on 0.0.0.0/0.0.0.0:36780
2019-09-12 13:47:13,134 [Datanode State Machine Thread - 0] INFO  ratis.XceiverServerRatis (XceiverServerRatis.java:start(414)) - XceiverServerRatis 92e4cfa5-488b-4a46-94d1-80a7c527ff9a is started using port 36780
2019-09-12 13:47:13,136 [Datanode State Machine Thread - 0] INFO  server.XceiverServerGrpc (XceiverServerGrpc.java:start(163)) - XceiverServerGrpc 92e4cfa5-488b-4a46-94d1-80a7c527ff9a is started using port 40683
2019-09-12 13:47:13,193 [Datanode State Machine Thread - 0] INFO  ozoneimpl.OzoneContainer (OzoneContainer.java:start(217)) - Attempting to start container services.
2019-09-12 13:47:13,193 [Datanode State Machine Thread - 0] INFO  ozoneimpl.OzoneContainer (OzoneContainer.java:startContainerScrub(179)) - Background container scanner has been disabled.
2019-09-12 13:47:13,194 [Datanode State Machine Thread - 0] INFO  ratis.XceiverServerRatis (XceiverServerRatis.java:start(404)) - Starting XceiverServerRatis 763d52db-3808-40b7-9749-d7ff45e81d9a at port 0
2019-09-12 13:47:13,201 [Datanode State Machine Thread - 0] INFO  impl.RaftServerProxy (RaftServerProxy.java:lambda$start$3(299)) - 763d52db-3808-40b7-9749-d7ff45e81d9a: start RPC server
2019-09-12 13:47:13,204 [Datanode State Machine Thread - 0] INFO  server.GrpcService (GrpcService.java:startImpl(158)) - 763d52db-3808-40b7-9749-d7ff45e81d9a: GrpcService started, listening on 0.0.0.0/0.0.0.0:36181
2019-09-12 13:47:13,204 [Datanode State Machine Thread - 0] INFO  ratis.XceiverServerRatis (XceiverServerRatis.java:start(414)) - XceiverServerRatis 763d52db-3808-40b7-9749-d7ff45e81d9a is started using port 36181
2019-09-12 13:47:13,207 [Datanode State Machine Thread - 0] INFO  server.XceiverServerGrpc (XceiverServerGrpc.java:start(163)) - XceiverServerGrpc 763d52db-3808-40b7-9749-d7ff45e81d9a is started using port 34833
2019-09-12 13:47:13,260 [Datanode State Machine Thread - 0] INFO  ozoneimpl.OzoneContainer (OzoneContainer.java:start(217)) - Attempting to start container services.
2019-09-12 13:47:13,261 [Datanode State Machine Thread - 0] INFO  ozoneimpl.OzoneContainer (OzoneContainer.java:startContainerScrub(179)) - Background container scanner has been disabled.
2019-09-12 13:47:13,261 [Datanode State Machine Thread - 0] INFO  ratis.XceiverServerRatis (XceiverServerRatis.java:start(404)) - Starting XceiverServerRatis 3ef341d8-3296-48d4-9b49-005c11ca2b71 at port 0
2019-09-12 13:47:13,271 [Datanode State Machine Thread - 0] INFO  impl.RaftServerProxy (RaftServerProxy.java:lambda$start$3(299)) - 3ef341d8-3296-48d4-9b49-005c11ca2b71: start RPC server
2019-09-12 13:47:13,275 [Datanode State Machine Thread - 0] INFO  server.GrpcService (GrpcService.java:startImpl(158)) - 3ef341d8-3296-48d4-9b49-005c11ca2b71: GrpcService started, listening on 0.0.0.0/0.0.0.0:43198
2019-09-12 13:47:13,275 [Datanode State Machine Thread - 0] INFO  ratis.XceiverServerRatis (XceiverServerRatis.java:start(414)) - XceiverServerRatis 3ef341d8-3296-48d4-9b49-005c11ca2b71 is started using port 43198
2019-09-12 13:47:13,279 [Datanode State Machine Thread - 0] INFO  server.XceiverServerGrpc (XceiverServerGrpc.java:start(163)) - XceiverServerGrpc 3ef341d8-3296-48d4-9b49-005c11ca2b71 is started using port 44793
2019-09-12 13:47:13,371 [Datanode State Machine Thread - 0] INFO  ozoneimpl.OzoneContainer (OzoneContainer.java:start(217)) - Attempting to start container services.
2019-09-12 13:47:13,371 [Datanode State Machine Thread - 0] INFO  ozoneimpl.OzoneContainer (OzoneContainer.java:startContainerScrub(179)) - Background container scanner has been disabled.
2019-09-12 13:47:13,371 [Datanode State Machine Thread - 0] INFO  ratis.XceiverServerRatis (XceiverServerRatis.java:start(404)) - Starting XceiverServerRatis 57ae412b-1391-4b0c-ad94-18127dd39aa0 at port 0
2019-09-12 13:47:13,381 [Datanode State Machine Thread - 0] INFO  impl.RaftServerProxy (RaftServerProxy.java:lambda$start$3(299)) - 57ae412b-1391-4b0c-ad94-18127dd39aa0: start RPC server
2019-09-12 13:47:13,387 [Datanode State Machine Thread - 0] INFO  server.GrpcService (GrpcService.java:startImpl(158)) - 57ae412b-1391-4b0c-ad94-18127dd39aa0: GrpcService started, listening on 0.0.0.0/0.0.0.0:39194
2019-09-12 13:47:13,387 [Datanode State Machine Thread - 0] INFO  ratis.XceiverServerRatis (XceiverServerRatis.java:start(414)) - XceiverServerRatis 57ae412b-1391-4b0c-ad94-18127dd39aa0 is started using port 39194
2019-09-12 13:47:13,392 [Datanode State Machine Thread - 0] INFO  server.XceiverServerGrpc (XceiverServerGrpc.java:start(163)) - XceiverServerGrpc 57ae412b-1391-4b0c-ad94-18127dd39aa0 is started using port 46066
2019-09-12 13:47:13,473 [Datanode State Machine Thread - 0] INFO  ozoneimpl.OzoneContainer (OzoneContainer.java:start(217)) - Attempting to start container services.
2019-09-12 13:47:13,473 [Datanode State Machine Thread - 0] INFO  ozoneimpl.OzoneContainer (OzoneContainer.java:startContainerScrub(179)) - Background container scanner has been disabled.
2019-09-12 13:47:13,473 [Datanode State Machine Thread - 0] INFO  ratis.XceiverServerRatis (XceiverServerRatis.java:start(404)) - Starting XceiverServerRatis 76a15b5a-6854-49a0-8818-73e3745045ae at port 0
2019-09-12 13:47:13,484 [Datanode State Machine Thread - 0] INFO  impl.RaftServerProxy (RaftServerProxy.java:lambda$start$3(299)) - 76a15b5a-6854-49a0-8818-73e3745045ae: start RPC server
2019-09-12 13:47:13,488 [Datanode State Machine Thread - 0] INFO  server.GrpcService (GrpcService.java:startImpl(158)) - 76a15b5a-6854-49a0-8818-73e3745045ae: GrpcService started, listening on 0.0.0.0/0.0.0.0:41160
2019-09-12 13:47:13,489 [Datanode State Machine Thread - 0] INFO  ratis.XceiverServerRatis (XceiverServerRatis.java:start(414)) - XceiverServerRatis 76a15b5a-6854-49a0-8818-73e3745045ae is started using port 41160
2019-09-12 13:47:13,503 [Datanode State Machine Thread - 0] INFO  server.XceiverServerGrpc (XceiverServerGrpc.java:start(163)) - XceiverServerGrpc 76a15b5a-6854-49a0-8818-73e3745045ae is started using port 33079
2019-09-12 13:47:13,552 [main] INFO  ozone.MiniOzoneClusterImpl (MiniOzoneClusterImpl.java:lambda$waitForClusterToBeReady$0(145)) - Waiting for cluster to be ready. Got 0 of 10 DN Heartbeats.
2019-09-12 13:47:13,569 [Datanode State Machine Thread - 0] INFO  ozoneimpl.OzoneContainer (OzoneContainer.java:start(217)) - Attempting to start container services.
2019-09-12 13:47:13,569 [Datanode State Machine Thread - 0] INFO  ozoneimpl.OzoneContainer (OzoneContainer.java:startContainerScrub(179)) - Background container scanner has been disabled.
2019-09-12 13:47:13,569 [Datanode State Machine Thread - 0] INFO  ratis.XceiverServerRatis (XceiverServerRatis.java:start(404)) - Starting XceiverServerRatis 48cce45d-95d9-4826-8e27-c253c7fb318f at port 0
2019-09-12 13:47:13,579 [Datanode State Machine Thread - 0] INFO  impl.RaftServerProxy (RaftServerProxy.java:lambda$start$3(299)) - 48cce45d-95d9-4826-8e27-c253c7fb318f: start RPC server
2019-09-12 13:47:13,585 [Datanode State Machine Thread - 0] INFO  server.GrpcService (GrpcService.java:startImpl(158)) - 48cce45d-95d9-4826-8e27-c253c7fb318f: GrpcService started, listening on 0.0.0.0/0.0.0.0:45076
2019-09-12 13:47:13,585 [Datanode State Machine Thread - 0] INFO  ratis.XceiverServerRatis (XceiverServerRatis.java:start(414)) - XceiverServerRatis 48cce45d-95d9-4826-8e27-c253c7fb318f is started using port 45076
2019-09-12 13:47:13,609 [Datanode State Machine Thread - 0] INFO  server.XceiverServerGrpc (XceiverServerGrpc.java:start(163)) - XceiverServerGrpc 48cce45d-95d9-4826-8e27-c253c7fb318f is started using port 36819
2019-09-12 13:47:14,555 [main] INFO  ozone.MiniOzoneClusterImpl (MiniOzoneClusterImpl.java:lambda$waitForClusterToBeReady$0(145)) - Waiting for cluster to be ready. Got 0 of 10 DN Heartbeats.
2019-09-12 13:47:14,834 [IPC Server handler 6 on 40178] INFO  net.NetworkTopology (NetworkTopologyImpl.java:add(110)) - Added a new node: /default-rack/eb4af5da-c929-4f10-b53e-ce7f20abad1a
2019-09-12 13:47:14,835 [IPC Server handler 6 on 40178] INFO  node.SCMNodeManager (SCMNodeManager.java:register(266)) - Registered Data node : eb4af5da-c929-4f10-b53e-ce7f20abad1a{ip: 192.168.34.38, host: pr-hdds-2007-65vhz-3510356991, networkLocation: /default-rack, certSerialId: null}
2019-09-12 13:47:14,841 [EventQueue-NodeRegistrationContainerReportForDataNodeSafeModeRule] INFO  safemode.SCMSafeModeManager (DataNodeSafeModeRule.java:process(71)) - SCM in safe mode. 1 DataNodes registered, 1 required.
2019-09-12 13:47:14,841 [EventQueue-NodeRegistrationContainerReportForDataNodeSafeModeRule] INFO  safemode.SCMSafeModeManager (SCMSafeModeManager.java:validateSafeModeExitRules(177)) - ScmSafeModeManager, all rules are successfully validated
2019-09-12 13:47:14,841 [EventQueue-NodeRegistrationContainerReportForDataNodeSafeModeRule] INFO  safemode.SCMSafeModeManager (SCMSafeModeManager.java:exitSafeMode(193)) - SCM exiting safe mode.
2019-09-12 13:47:14,869 [IPC Server handler 5 on 40178] INFO  net.NetworkTopology (NetworkTopologyImpl.java:add(110)) - Added a new node: /default-rack/7dd3d51f-7703-47e1-b378-11db862d4d4b
2019-09-12 13:47:14,869 [IPC Server handler 5 on 40178] INFO  node.SCMNodeManager (SCMNodeManager.java:register(266)) - Registered Data node : 7dd3d51f-7703-47e1-b378-11db862d4d4b{ip: 192.168.34.38, host: pr-hdds-2007-65vhz-3510356991, networkLocation: /default-rack, certSerialId: null}
2019-09-12 13:47:14,945 [IPC Server handler 15 on 40178] INFO  net.NetworkTopology (NetworkTopologyImpl.java:add(110)) - Added a new node: /default-rack/6ac4bcf8-6973-4d27-bc88-57130dead3af
2019-09-12 13:47:14,945 [IPC Server handler 15 on 40178] INFO  node.SCMNodeManager (SCMNodeManager.java:register(266)) - Registered Data node : 6ac4bcf8-6973-4d27-bc88-57130dead3af{ip: 192.168.34.38, host: pr-hdds-2007-65vhz-3510356991, networkLocation: /default-rack, certSerialId: null}
2019-09-12 13:47:15,028 [IPC Server handler 13 on 40178] INFO  net.NetworkTopology (NetworkTopologyImpl.java:add(110)) - Added a new node: /default-rack/05e06da0-1d3a-4481-ab96-f6b3bccd14af
2019-09-12 13:47:15,029 [IPC Server handler 13 on 40178] INFO  node.SCMNodeManager (SCMNodeManager.java:register(266)) - Registered Data node : 05e06da0-1d3a-4481-ab96-f6b3bccd14af{ip: 192.168.34.38, host: pr-hdds-2007-65vhz-3510356991, networkLocation: /default-rack, certSerialId: null}
2019-09-12 13:47:15,110 [IPC Server handler 14 on 40178] INFO  net.NetworkTopology (NetworkTopologyImpl.java:add(110)) - Added a new node: /default-rack/92e4cfa5-488b-4a46-94d1-80a7c527ff9a
2019-09-12 13:47:15,110 [IPC Server handler 14 on 40178] INFO  node.SCMNodeManager (SCMNodeManager.java:register(266)) - Registered Data node : 92e4cfa5-488b-4a46-94d1-80a7c527ff9a{ip: 192.168.34.38, host: pr-hdds-2007-65vhz-3510356991, networkLocation: /default-rack, certSerialId: null}
2019-09-12 13:47:15,180 [IPC Server handler 16 on 40178] INFO  net.NetworkTopology (NetworkTopologyImpl.java:add(110)) - Added a new node: /default-rack/763d52db-3808-40b7-9749-d7ff45e81d9a
2019-09-12 13:47:15,181 [IPC Server handler 16 on 40178] INFO  node.SCMNodeManager (SCMNodeManager.java:register(266)) - Registered Data node : 763d52db-3808-40b7-9749-d7ff45e81d9a{ip: 192.168.34.38, host: pr-hdds-2007-65vhz-3510356991, networkLocation: /default-rack, certSerialId: null}
2019-09-12 13:47:15,267 [IPC Server handler 3 on 40178] INFO  net.NetworkTopology (NetworkTopologyImpl.java:add(110)) - Added a new node: /default-rack/3ef341d8-3296-48d4-9b49-005c11ca2b71
2019-09-12 13:47:15,267 [IPC Server handler 3 on 40178] INFO  node.SCMNodeManager (SCMNodeManager.java:register(266)) - Registered Data node : 3ef341d8-3296-48d4-9b49-005c11ca2b71{ip: 192.168.34.38, host: pr-hdds-2007-65vhz-3510356991, networkLocation: /default-rack, certSerialId: null}
2019-09-12 13:47:15,359 [IPC Server handler 1 on 40178] INFO  net.NetworkTopology (NetworkTopologyImpl.java:add(110)) - Added a new node: /default-rack/57ae412b-1391-4b0c-ad94-18127dd39aa0
2019-09-12 13:47:15,359 [IPC Server handler 1 on 40178] INFO  node.SCMNodeManager (SCMNodeManager.java:register(266)) - Registered Data node : 57ae412b-1391-4b0c-ad94-18127dd39aa0{ip: 192.168.34.38, host: pr-hdds-2007-65vhz-3510356991, networkLocation: /default-rack, certSerialId: null}
2019-09-12 13:47:15,427 [grpc-default-executor-0] INFO  impl.RaftServerProxy (RaftServerProxy.java:addNew(89)) - eb4af5da-c929-4f10-b53e-ce7f20abad1a: addNew group-35E83EEC39F9:[eb4af5da-c929-4f10-b53e-ce7f20abad1a:192.168.34.38:38959] returns group-35E83EEC39F9:java.util.concurrent.CompletableFuture@3a0b29b[Not completed]
2019-09-12 13:47:15,451 [IPC Server handler 2 on 40178] INFO  net.NetworkTopology (NetworkTopologyImpl.java:add(110)) - Added a new node: /default-rack/76a15b5a-6854-49a0-8818-73e3745045ae
2019-09-12 13:47:15,451 [IPC Server handler 2 on 40178] INFO  node.SCMNodeManager (SCMNodeManager.java:register(266)) - Registered Data node : 76a15b5a-6854-49a0-8818-73e3745045ae{ip: 192.168.34.38, host: pr-hdds-2007-65vhz-3510356991, networkLocation: /default-rack, certSerialId: null}
2019-09-12 13:47:15,457 [pool-27-thread-1] INFO  impl.RaftServerImpl (RaftServerImpl.java:<init>(95)) - eb4af5da-c929-4f10-b53e-ce7f20abad1a: new RaftServerImpl for group-35E83EEC39F9:[eb4af5da-c929-4f10-b53e-ce7f20abad1a:192.168.34.38:38959] with ContainerStateMachine:uninitialized
2019-09-12 13:47:15,459 [pool-27-thread-1] INFO  server.RaftServerConfigKeys (ConfUtils.java:logGet(43)) - raft.server.rpc.timeout.min = 1s (custom)
2019-09-12 13:47:15,461 [pool-27-thread-1] INFO  server.RaftServerConfigKeys (ConfUtils.java:logGet(43)) - raft.server.rpc.timeout.max = 1200ms (custom)
2019-09-12 13:47:15,461 [pool-27-thread-1] INFO  server.RaftServerConfigKeys (ConfUtils.java:logGet(43)) - raft.server.rpcslowness.timeout = 120s (custom)
2019-09-12 13:47:15,461 [pool-27-thread-1] INFO  server.RaftServerConfigKeys (ConfUtils.java:logGet(43)) - raft.server.sleep.deviation.threshold = 300 (default)
2019-09-12 13:47:15,462 [pool-27-thread-1] INFO  server.RaftServerConfigKeys (ConfUtils.java:logGet(43)) - raft.server.log.appender.install.snapshot.enabled = false (custom)
2019-09-12 13:47:15,472 [pool-27-thread-1] INFO  impl.RaftServerImpl (ServerState.java:<init>(103)) - eb4af5da-c929-4f10-b53e-ce7f20abad1a@group-35E83EEC39F9: ConfigurationManager, init=-1: [eb4af5da-c929-4f10-b53e-ce7f20abad1a:192.168.34.38:38959], old=null, confs=<EMPTY_MAP>
2019-09-12 13:47:15,472 [pool-27-thread-1] INFO  server.RaftServerConfigKeys (ConfUtils.java:logGet(43)) - raft.server.storage.dir = [/workdir/hadoop-ozone/integration-test/target/test-dir/MiniOzoneClusterImpl-98ba6956-8e51-4dc7-be59-62a375280f0b/datanode-0/data/ratis] (custom)
2019-09-12 13:47:15,481 [pool-27-thread-1] INFO  storage.RaftStorageDirectory (RaftStorageDirectory.java:analyzeStorage(246)) - The storage directory /workdir/hadoop-ozone/integration-test/target/test-dir/MiniOzoneClusterImpl-98ba6956-8e51-4dc7-be59-62a375280f0b/datanode-0/data/ratis/903f9029-b0b4-469e-b5bd-35e83eec39f9 does not exist. Creating ...
2019-09-12 13:47:15,497 [pool-27-thread-1] INFO  storage.RaftStorageDirectory (RaftStorageDirectory.java:tryLock(328)) - Lock on /workdir/hadoop-ozone/integration-test/target/test-dir/MiniOzoneClusterImpl-98ba6956-8e51-4dc7-be59-62a375280f0b/datanode-0/data/ratis/903f9029-b0b4-469e-b5bd-35e83eec39f9/in_use.lock acquired by nodename 9935@pr-hdds-2007-65vhz-3510356991
2019-09-12 13:47:15,514 [pool-27-thread-1] INFO  storage.RaftStorage (RaftStorage.java:format(72)) - Storage directory /workdir/hadoop-ozone/integration-test/target/test-dir/MiniOzoneClusterImpl-98ba6956-8e51-4dc7-be59-62a375280f0b/datanode-0/data/ratis/903f9029-b0b4-469e-b5bd-35e83eec39f9 has been successfully formatted.
2019-09-12 13:47:15,516 [pool-27-thread-1] INFO  ratis.ContainerStateMachine (ContainerStateMachine.java:loadSnapshot(230)) - group-35E83EEC39F9: The snapshot info is null. Setting the last applied indexto:(t:0, i:~)
2019-09-12 13:47:15,516 [pool-27-thread-1] INFO  server.RaftServerConfigKeys (ConfUtils.java:logGet(43)) - raft.server.notification.no-leader.timeout = 120s (custom)
2019-09-12 13:47:15,518 [pool-27-thread-1] INFO  server.RaftServerConfigKeys (ConfUtils.java:logGet(43)) - raft.server.log.use.memory = false (default)
2019-09-12 13:47:15,523 [pool-27-thread-1] INFO  server.RaftServerConfigKeys (ConfUtils.java:logGet(43)) - raft.server.log.purge.gap = 1000000 (custom)
2019-09-12 13:47:15,523 [pool-27-thread-1] INFO  server.RaftServerConfigKeys (ConfUtils.java:logGet(43)) - raft.server.log.appender.buffer.byte-limit = 33554432 (custom)
2019-09-12 13:47:15,526 [pool-27-thread-1] INFO  server.RaftServerConfigKeys (ConfUtils.java:logGet(43)) - raft.server.log.segment.size.max = 1048576 (custom)
2019-09-12 13:47:15,530 [pool-27-thread-1] INFO  server.RaftServerConfigKeys (ConfUtils.java:logGet(43)) - raft.server.log.segment.cache.num.max = 2 (custom)
2019-09-12 13:47:15,535 [pool-27-thread-1] INFO  segmented.SegmentedRaftLogWorker (SegmentedRaftLogWorker.java:<init>(172)) - new eb4af5da-c929-4f10-b53e-ce7f20abad1a@group-35E83EEC39F9-SegmentedRaftLogWorker for RaftStorage:Storage Directory /workdir/hadoop-ozone/integration-test/target/test-dir/MiniOzoneClusterImpl-98ba6956-8e51-4dc7-be59-62a375280f0b/datanode-0/data/ratis/903f9029-b0b4-469e-b5bd-35e83eec39f9
2019-09-12 13:47:15,536 [pool-27-thread-1] INFO  impl.MetricsSystemImpl (MetricsSystemImpl.java:init(158)) - ratis metrics system started (again)
2019-09-12 13:47:15,563 [main] INFO  ozone.MiniOzoneClusterImpl (MiniOzoneClusterImpl.java:lambda$waitForClusterToBeReady$0(145)) - Waiting for cluster to be ready. Got 9 of 10 DN Heartbeats.
2019-09-12 13:47:15,573 [IPC Server handler 6 on 40178] INFO  net.NetworkTopology (NetworkTopologyImpl.java:add(110)) - Added a new node: /default-rack/48cce45d-95d9-4826-8e27-c253c7fb318f
2019-09-12 13:47:15,573 [IPC Server handler 6 on 40178] INFO  node.SCMNodeManager (SCMNodeManager.java:register(266)) - Registered Data node : 48cce45d-95d9-4826-8e27-c253c7fb318f{ip: 192.168.34.38, host: pr-hdds-2007-65vhz-3510356991, networkLocation: /default-rack, certSerialId: null}
2019-09-12 13:47:15,590 [pool-27-thread-1] INFO  server.RaftServerConfigKeys (ConfUtils.java:logGet(43)) - raft.server.log.queue.byte-limit = 2147483647 (custom)
2019-09-12 13:47:15,591 [pool-27-thread-1] INFO  server.RaftServerConfigKeys (ConfUtils.java:logGet(43)) - raft.server.log.queue.element-limit = 1024 (custom)
2019-09-12 13:47:15,594 [pool-27-thread-1] INFO  server.RaftServerConfigKeys (ConfUtils.java:logGet(43)) - raft.server.log.segment.size.max = 1048576 (custom)
2019-09-12 13:47:15,595 [pool-27-thread-1] INFO  server.RaftServerConfigKeys (ConfUtils.java:logGet(43)) - raft.server.log.preallocated.size = 16384 (custom)
2019-09-12 13:47:15,595 [pool-27-thread-1] INFO  server.RaftServerConfigKeys (ConfUtils.java:logGet(43)) - raft.server.log.write.buffer.size = 33554432 (custom)
2019-09-12 13:47:15,596 [pool-27-thread-1] INFO  server.RaftServerConfigKeys (ConfUtils.java:logGet(43)) - raft.server.log.force.sync.num = 128 (default)
2019-09-12 13:47:15,597 [pool-27-thread-1] INFO  server.RaftServerConfigKeys (ConfUtils.java:logGet(43)) - raft.server.log.statemachine.data.sync = true (default)
2019-09-12 13:47:15,597 [pool-27-thread-1] INFO  server.RaftServerConfigKeys (ConfUtils.java:logGet(43)) - raft.server.log.statemachine.data.sync.timeout = 10s (default)
2019-09-12 13:47:15,597 [pool-27-thread-1] INFO  server.RaftServerConfigKeys (ConfUtils.java:logGet(43)) - raft.server.log.statemachine.data.sync.timeout.retry = -1 (default)
2019-09-12 13:47:15,606 [pool-27-thread-1] INFO  server.RaftServerConfigKeys (ConfUtils.java:logGet(43)) - raft.server.log.statemachine.data.caching.enabled = true (custom)
2019-09-12 13:47:15,610 [pool-27-thread-1] INFO  segmented.SegmentedRaftLogWorker (SegmentedRaftLogWorker.java:lambda$new$0(132)) - eb4af5da-c929-4f10-b53e-ce7f20abad1a@group-35E83EEC39F9-SegmentedRaftLogWorker: flushIndex: setUnconditionally 0 -> -1
2019-09-12 13:47:15,614 [pool-27-thread-1] INFO  server.RaftServerConfigKeys (ConfUtils.java:logGet(43)) - raft.server.snapshot.auto.trigger.enabled = true (custom)
2019-09-12 13:47:15,615 [pool-27-thread-1] INFO  server.RaftServerConfigKeys (ConfUtils.java:logGet(43)) - raft.server.snapshot.auto.trigger.threshold = 10000 (custom)
2019-09-12 13:47:15,615 [pool-27-thread-1] INFO  server.RaftServerConfigKeys (ConfUtils.java:logGet(43)) - raft.server.snapshot.retention.num.files = -1 (default)
2019-09-12 13:47:15,616 [pool-27-thread-1] INFO  server.RaftServerConfigKeys (ConfUtils.java:logGet(43)) - raft.server.retrycache.expirytime = 600000ms (custom)
2019-09-12 13:47:15,642 [pool-27-thread-1] INFO  impl.RaftServerImpl (RaftServerImpl.java:start(185)) - eb4af5da-c929-4f10-b53e-ce7f20abad1a@group-35E83EEC39F9: start as a follower, conf=-1: [eb4af5da-c929-4f10-b53e-ce7f20abad1a:192.168.34.38:38959], old=null
2019-09-12 13:47:15,643 [pool-27-thread-1] INFO  impl.RaftServerImpl (RaftServerImpl.java:setRole(174)) - eb4af5da-c929-4f10-b53e-ce7f20abad1a@group-35E83EEC39F9: changes role from      null to FOLLOWER at term 0 for startAsFollower
2019-09-12 13:47:15,644 [pool-27-thread-1] INFO  impl.RoleInfo (RoleInfo.java:updateAndGet(143)) - eb4af5da-c929-4f10-b53e-ce7f20abad1a: start FollowerState
2019-09-12 13:47:15,646 [pool-27-thread-1] INFO  util.JmxRegister (JmxRegister.java:tryRegister(44)) - Successfully registered JMX Bean with object name Ratis:service=RaftServer,group=group-35E83EEC39F9,id=eb4af5da-c929-4f10-b53e-ce7f20abad1a
2019-09-12 13:47:15,730 [RatisPipelineUtilsThread] INFO  pipeline.PipelineStateManager (PipelineStateManager.java:addPipeline(56)) - Created pipeline Pipeline[ Id: 903f9029-b0b4-469e-b5bd-35e83eec39f9, Nodes: eb4af5da-c929-4f10-b53e-ce7f20abad1a{ip: 192.168.34.38, host: pr-hdds-2007-65vhz-3510356991, networkLocation: /default-rack, certSerialId: null}, Type:RATIS, Factor:ONE, State:OPEN]
2019-09-12 13:47:15,762 [grpc-default-executor-0] INFO  impl.RaftServerProxy (RaftServerProxy.java:addNew(89)) - 6ac4bcf8-6973-4d27-bc88-57130dead3af: addNew group-441D8F3B3442:[6ac4bcf8-6973-4d27-bc88-57130dead3af:192.168.34.38:43308] returns group-441D8F3B3442:java.util.concurrent.CompletableFuture@4bb5e75e[Not completed]
2019-09-12 13:47:15,837 [pool-47-thread-1] INFO  impl.RaftServerImpl (RaftServerImpl.java:<init>(95)) - 6ac4bcf8-6973-4d27-bc88-57130dead3af: new RaftServerImpl for group-441D8F3B3442:[6ac4bcf8-6973-4d27-bc88-57130dead3af:192.168.34.38:43308] with ContainerStateMachine:uninitialized
2019-09-12 13:47:15,839 [pool-47-thread-1] INFO  server.RaftServerConfigKeys (ConfUtils.java:logGet(43)) - raft.server.rpc.timeout.min = 1s (custom)
2019-09-12 13:47:15,839 [pool-47-thread-1] INFO  server.RaftServerConfigKeys (ConfUtils.java:logGet(43)) - raft.server.rpc.timeout.max = 1200ms (custom)
2019-09-12 13:47:15,839 [pool-47-thread-1] INFO  server.RaftServerConfigKeys (ConfUtils.java:logGet(43)) - raft.server.rpcslowness.timeout = 120s (custom)
2019-09-12 13:47:15,839 [pool-47-thread-1] INFO  server.RaftServerConfigKeys (ConfUtils.java:logGet(43)) - raft.server.sleep.deviation.threshold = 300 (default)
2019-09-12 13:47:15,839 [pool-47-thread-1] INFO  server.RaftServerConfigKeys (ConfUtils.java:logGet(43)) - raft.server.log.appender.install.snapshot.enabled = false (custom)
2019-09-12 13:47:15,840 [pool-47-thread-1] INFO  impl.RaftServerImpl (ServerState.java:<init>(103)) - 6ac4bcf8-6973-4d27-bc88-57130dead3af@group-441D8F3B3442: ConfigurationManager, init=-1: [6ac4bcf8-6973-4d27-bc88-57130dead3af:192.168.34.38:43308], old=null, confs=<EMPTY_MAP>
2019-09-12 13:47:15,840 [pool-47-thread-1] INFO  server.RaftServerConfigKeys (ConfUtils.java:logGet(43)) - raft.server.storage.dir = [/workdir/hadoop-ozone/integration-test/target/test-dir/MiniOzoneClusterImpl-98ba6956-8e51-4dc7-be59-62a375280f0b/datanode-2/data/ratis] (custom)
2019-09-12 13:47:15,841 [pool-47-thread-1] INFO  storage.RaftStorageDirectory (RaftStorageDirectory.java:analyzeStorage(246)) - The storage directory /workdir/hadoop-ozone/integration-test/target/test-dir/MiniOzoneClusterImpl-98ba6956-8e51-4dc7-be59-62a375280f0b/datanode-2/data/ratis/f3428213-8157-4d34-b1a8-441d8f3b3442 does not exist. Creating ...
2019-09-12 13:47:15,855 [pool-47-thread-1] INFO  storage.RaftStorageDirectory (RaftStorageDirectory.java:tryLock(328)) - Lock on /workdir/hadoop-ozone/integration-test/target/test-dir/MiniOzoneClusterImpl-98ba6956-8e51-4dc7-be59-62a375280f0b/datanode-2/data/ratis/f3428213-8157-4d34-b1a8-441d8f3b3442/in_use.lock acquired by nodename 9935@pr-hdds-2007-65vhz-3510356991
2019-09-12 13:47:15,869 [pool-47-thread-1] INFO  storage.RaftStorage (RaftStorage.java:format(72)) - Storage directory /workdir/hadoop-ozone/integration-test/target/test-dir/MiniOzoneClusterImpl-98ba6956-8e51-4dc7-be59-62a375280f0b/datanode-2/data/ratis/f3428213-8157-4d34-b1a8-441d8f3b3442 has been successfully formatted.
2019-09-12 13:47:15,871 [pool-47-thread-1] INFO  ratis.ContainerStateMachine (ContainerStateMachine.java:loadSnapshot(230)) - group-441D8F3B3442: The snapshot info is null. Setting the last applied indexto:(t:0, i:~)
2019-09-12 13:47:15,872 [pool-47-thread-1] INFO  server.RaftServerConfigKeys (ConfUtils.java:logGet(43)) - raft.server.notification.no-leader.timeout = 120s (custom)
2019-09-12 13:47:15,873 [pool-47-thread-1] INFO  server.RaftServerConfigKeys (ConfUtils.java:logGet(43)) - raft.server.log.use.memory = false (default)
2019-09-12 13:47:15,873 [pool-47-thread-1] INFO  server.RaftServerConfigKeys (ConfUtils.java:logGet(43)) - raft.server.log.purge.gap = 1000000 (custom)
2019-09-12 13:47:15,873 [pool-47-thread-1] INFO  server.RaftServerConfigKeys (ConfUtils.java:logGet(43)) - raft.server.log.appender.buffer.byte-limit = 33554432 (custom)
2019-09-12 13:47:15,873 [pool-47-thread-1] INFO  server.RaftServerConfigKeys (ConfUtils.java:logGet(43)) - raft.server.log.segment.size.max = 1048576 (custom)
2019-09-12 13:47:15,874 [pool-47-thread-1] INFO  server.RaftServerConfigKeys (ConfUtils.java:logGet(43)) - raft.server.log.segment.cache.num.max = 2 (custom)
2019-09-12 13:47:15,874 [pool-47-thread-1] INFO  segmented.SegmentedRaftLogWorker (SegmentedRaftLogWorker.java:<init>(172)) - new 6ac4bcf8-6973-4d27-bc88-57130dead3af@group-441D8F3B3442-SegmentedRaftLogWorker for RaftStorage:Storage Directory /workdir/hadoop-ozone/integration-test/target/test-dir/MiniOzoneClusterImpl-98ba6956-8e51-4dc7-be59-62a375280f0b/datanode-2/data/ratis/f3428213-8157-4d34-b1a8-441d8f3b3442
2019-09-12 13:47:15,882 [pool-47-thread-1] INFO  server.RaftServerConfigKeys (ConfUtils.java:logGet(43)) - raft.server.log.queue.byte-limit = 2147483647 (custom)
2019-09-12 13:47:15,882 [pool-47-thread-1] INFO  server.RaftServerConfigKeys (ConfUtils.java:logGet(43)) - raft.server.log.queue.element-limit = 1024 (custom)
2019-09-12 13:47:15,883 [pool-47-thread-1] INFO  server.RaftServerConfigKeys (ConfUtils.java:logGet(43)) - raft.server.log.segment.size.max = 1048576 (custom)
2019-09-12 13:47:15,883 [pool-47-thread-1] INFO  server.RaftServerConfigKeys (ConfUtils.java:logGet(43)) - raft.server.log.preallocated.size = 16384 (custom)
2019-09-12 13:47:15,883 [pool-47-thread-1] INFO  server.RaftServerConfigKeys (ConfUtils.java:logGet(43)) - raft.server.log.write.buffer.size = 33554432 (custom)
2019-09-12 13:47:15,883 [pool-47-thread-1] INFO  server.RaftServerConfigKeys (ConfUtils.java:logGet(43)) - raft.server.log.force.sync.num = 128 (default)
2019-09-12 13:47:15,883 [pool-47-thread-1] INFO  server.RaftServerConfigKeys (ConfUtils.java:logGet(43)) - raft.server.log.statemachine.data.sync = true (default)
2019-09-12 13:47:15,884 [pool-47-thread-1] INFO  server.RaftServerConfigKeys (ConfUtils.java:logGet(43)) - raft.server.log.statemachine.data.sync.timeout = 10s (default)
2019-09-12 13:47:15,884 [pool-47-thread-1] INFO  server.RaftServerConfigKeys (ConfUtils.java:logGet(43)) - raft.server.log.statemachine.data.sync.timeout.retry = -1 (default)
2019-09-12 13:47:15,884 [pool-47-thread-1] INFO  server.RaftServerConfigKeys (ConfUtils.java:logGet(43)) - raft.server.log.statemachine.data.caching.enabled = true (custom)
2019-09-12 13:47:15,885 [pool-47-thread-1] INFO  segmented.SegmentedRaftLogWorker (SegmentedRaftLogWorker.java:lambda$new$0(132)) - 6ac4bcf8-6973-4d27-bc88-57130dead3af@group-441D8F3B3442-SegmentedRaftLogWorker: flushIndex: setUnconditionally 0 -> -1
2019-09-12 13:47:15,885 [pool-47-thread-1] INFO  server.RaftServerConfigKeys (ConfUtils.java:logGet(43)) - raft.server.snapshot.auto.trigger.enabled = true (custom)
2019-09-12 13:47:15,885 [pool-47-thread-1] INFO  server.RaftServerConfigKeys (ConfUtils.java:logGet(43)) - raft.server.snapshot.auto.trigger.threshold = 10000 (custom)
2019-09-12 13:47:15,885 [pool-47-thread-1] INFO  server.RaftServerConfigKeys (ConfUtils.java:logGet(43)) - raft.server.snapshot.retention.num.files = -1 (default)
2019-09-12 13:47:15,886 [pool-47-thread-1] INFO  server.RaftServerConfigKeys (ConfUtils.java:logGet(43)) - raft.server.retrycache.expirytime = 600000ms (custom)
2019-09-12 13:47:15,891 [pool-47-thread-1] INFO  impl.RaftServerImpl (RaftServerImpl.java:start(185)) - 6ac4bcf8-6973-4d27-bc88-57130dead3af@group-441D8F3B3442: start as a follower, conf=-1: [6ac4bcf8-6973-4d27-bc88-57130dead3af:192.168.34.38:43308], old=null
2019-09-12 13:47:15,891 [pool-47-thread-1] INFO  impl.RaftServerImpl (RaftServerImpl.java:setRole(174)) - 6ac4bcf8-6973-4d27-bc88-57130dead3af@group-441D8F3B3442: changes role from      null to FOLLOWER at term 0 for startAsFollower
2019-09-12 13:47:15,891 [pool-47-thread-1] INFO  impl.RoleInfo (RoleInfo.java:updateAndGet(143)) - 6ac4bcf8-6973-4d27-bc88-57130dead3af: start FollowerState
2019-09-12 13:47:15,893 [pool-47-thread-1] INFO  util.JmxRegister (JmxRegister.java:tryRegister(44)) - Successfully registered JMX Bean with object name Ratis:service=RaftServer,group=group-441D8F3B3442,id=6ac4bcf8-6973-4d27-bc88-57130dead3af
2019-09-12 13:47:15,910 [RatisPipelineUtilsThread] INFO  pipeline.PipelineStateManager (PipelineStateManager.java:addPipeline(56)) - Created pipeline Pipeline[ Id: f3428213-8157-4d34-b1a8-441d8f3b3442, Nodes: 6ac4bcf8-6973-4d27-bc88-57130dead3af{ip: 192.168.34.38, host: pr-hdds-2007-65vhz-3510356991, networkLocation: /default-rack, certSerialId: null}, Type:RATIS, Factor:ONE, State:OPEN]
2019-09-12 13:47:15,932 [grpc-default-executor-0] INFO  impl.RaftServerProxy (RaftServerProxy.java:addNew(89)) - 92e4cfa5-488b-4a46-94d1-80a7c527ff9a: addNew group-14D7F06F4C94:[92e4cfa5-488b-4a46-94d1-80a7c527ff9a:192.168.34.38:36780] returns group-14D7F06F4C94:java.util.concurrent.CompletableFuture@54c295e6[Not completed]
2019-09-12 13:47:15,963 [pool-67-thread-1] INFO  impl.RaftServerImpl (RaftServerImpl.java:<init>(95)) - 92e4cfa5-488b-4a46-94d1-80a7c527ff9a: new RaftServerImpl for group-14D7F06F4C94:[92e4cfa5-488b-4a46-94d1-80a7c527ff9a:192.168.34.38:36780] with ContainerStateMachine:uninitialized
2019-09-12 13:47:15,964 [pool-67-thread-1] INFO  server.RaftServerConfigKeys (ConfUtils.java:logGet(43)) - raft.server.rpc.timeout.min = 1s (custom)
2019-09-12 13:47:15,964 [pool-67-thread-1] INFO  server.RaftServerConfigKeys (ConfUtils.java:logGet(43)) - raft.server.rpc.timeout.max = 1200ms (custom)
2019-09-12 13:47:15,964 [pool-67-thread-1] INFO  server.RaftServerConfigKeys (ConfUtils.java:logGet(43)) - raft.server.rpcslowness.timeout = 120s (custom)
2019-09-12 13:47:15,964 [pool-67-thread-1] INFO  server.RaftServerConfigKeys (ConfUtils.java:logGet(43)) - raft.server.sleep.deviation.threshold = 300 (default)
2019-09-12 13:47:15,964 [pool-67-thread-1] INFO  server.RaftServerConfigKeys (ConfUtils.java:logGet(43)) - raft.server.log.appender.install.snapshot.enabled = false (custom)
2019-09-12 13:47:15,965 [pool-67-thread-1] INFO  impl.RaftServerImpl (ServerState.java:<init>(103)) - 92e4cfa5-488b-4a46-94d1-80a7c527ff9a@group-14D7F06F4C94: ConfigurationManager, init=-1: [92e4cfa5-488b-4a46-94d1-80a7c527ff9a:192.168.34.38:36780], old=null, confs=<EMPTY_MAP>
2019-09-12 13:47:15,965 [pool-67-thread-1] INFO  server.RaftServerConfigKeys (ConfUtils.java:logGet(43)) - raft.server.storage.dir = [/workdir/hadoop-ozone/integration-test/target/test-dir/MiniOzoneClusterImpl-98ba6956-8e51-4dc7-be59-62a375280f0b/datanode-4/data/ratis] (custom)
2019-09-12 13:47:15,965 [pool-67-thread-1] INFO  storage.RaftStorageDirectory (RaftStorageDirectory.java:analyzeStorage(246)) - The storage directory /workdir/hadoop-ozone/integration-test/target/test-dir/MiniOzoneClusterImpl-98ba6956-8e51-4dc7-be59-62a375280f0b/datanode-4/data/ratis/7e3865ec-ec7b-4570-b7e3-14d7f06f4c94 does not exist. Creating ...
2019-09-12 13:47:15,978 [pool-67-thread-1] INFO  storage.RaftStorageDirectory (RaftStorageDirectory.java:tryLock(328)) - Lock on /workdir/hadoop-ozone/integration-test/target/test-dir/MiniOzoneClusterImpl-98ba6956-8e51-4dc7-be59-62a375280f0b/datanode-4/data/ratis/7e3865ec-ec7b-4570-b7e3-14d7f06f4c94/in_use.lock acquired by nodename 9935@pr-hdds-2007-65vhz-3510356991
2019-09-12 13:47:15,991 [pool-67-thread-1] INFO  storage.RaftStorage (RaftStorage.java:format(72)) - Storage directory /workdir/hadoop-ozone/integration-test/target/test-dir/MiniOzoneClusterImpl-98ba6956-8e51-4dc7-be59-62a375280f0b/datanode-4/data/ratis/7e3865ec-ec7b-4570-b7e3-14d7f06f4c94 has been successfully formatted.
2019-09-12 13:47:15,991 [pool-67-thread-1] INFO  ratis.ContainerStateMachine (ContainerStateMachine.java:loadSnapshot(230)) - group-14D7F06F4C94: The snapshot info is null. Setting the last applied indexto:(t:0, i:~)
2019-09-12 13:47:15,991 [pool-67-thread-1] INFO  server.RaftServerConfigKeys (ConfUtils.java:logGet(43)) - raft.server.notification.no-leader.timeout = 120s (custom)
2019-09-12 13:47:15,991 [pool-67-thread-1] INFO  server.RaftServerConfigKeys (ConfUtils.java:logGet(43)) - raft.server.log.use.memory = false (default)
2019-09-12 13:47:15,992 [pool-67-thread-1] INFO  server.RaftServerConfigKeys (ConfUtils.java:logGet(43)) - raft.server.log.purge.gap = 1000000 (custom)
2019-09-12 13:47:15,992 [pool-67-thread-1] INFO  server.RaftServerConfigKeys (ConfUtils.java:logGet(43)) - raft.server.log.appender.buffer.byte-limit = 33554432 (custom)
2019-09-12 13:47:15,992 [pool-67-thread-1] INFO  server.RaftServerConfigKeys (ConfUtils.java:logGet(43)) - raft.server.log.segment.size.max = 1048576 (custom)
2019-09-12 13:47:15,992 [pool-67-thread-1] INFO  server.RaftServerConfigKeys (ConfUtils.java:logGet(43)) - raft.server.log.segment.cache.num.max = 2 (custom)
2019-09-12 13:47:15,992 [pool-67-thread-1] INFO  segmented.SegmentedRaftLogWorker (SegmentedRaftLogWorker.java:<init>(172)) - new 92e4cfa5-488b-4a46-94d1-80a7c527ff9a@group-14D7F06F4C94-SegmentedRaftLogWorker for RaftStorage:Storage Directory /workdir/hadoop-ozone/integration-test/target/test-dir/MiniOzoneClusterImpl-98ba6956-8e51-4dc7-be59-62a375280f0b/datanode-4/data/ratis/7e3865ec-ec7b-4570-b7e3-14d7f06f4c94
2019-09-12 13:47:16,034 [pool-67-thread-1] INFO  server.RaftServerConfigKeys (ConfUtils.java:logGet(43)) - raft.server.log.queue.byte-limit = 2147483647 (custom)
2019-09-12 13:47:16,034 [pool-67-thread-1] INFO  server.RaftServerConfigKeys (ConfUtils.java:logGet(43)) - raft.server.log.queue.element-limit = 1024 (custom)
2019-09-12 13:47:16,035 [pool-67-thread-1] INFO  server.RaftServerConfigKeys (ConfUtils.java:logGet(43)) - raft.server.log.segment.size.max = 1048576 (custom)
2019-09-12 13:47:16,035 [pool-67-thread-1] INFO  server.RaftServerConfigKeys (ConfUtils.java:logGet(43)) - raft.server.log.preallocated.size = 16384 (custom)
2019-09-12 13:47:16,035 [pool-67-thread-1] INFO  server.RaftServerConfigKeys (ConfUtils.java:logGet(43)) - raft.server.log.write.buffer.size = 33554432 (custom)
2019-09-12 13:47:16,035 [pool-67-thread-1] INFO  server.RaftServerConfigKeys (ConfUtils.java:logGet(43)) - raft.server.log.force.sync.num = 128 (default)
2019-09-12 13:47:16,035 [pool-67-thread-1] INFO  server.RaftServerConfigKeys (ConfUtils.java:logGet(43)) - raft.server.log.statemachine.data.sync = true (default)
2019-09-12 13:47:16,036 [pool-67-thread-1] INFO  server.RaftServerConfigKeys (ConfUtils.java:logGet(43)) - raft.server.log.statemachine.data.sync.timeout = 10s (default)
2019-09-12 13:47:16,036 [pool-67-thread-1] INFO  server.RaftServerConfigKeys (ConfUtils.java:logGet(43)) - raft.server.log.statemachine.data.sync.timeout.retry = -1 (default)
2019-09-12 13:47:16,036 [pool-67-thread-1] INFO  server.RaftServerConfigKeys (ConfUtils.java:logGet(43)) - raft.server.log.statemachine.data.caching.enabled = true (custom)
2019-09-12 13:47:16,037 [pool-67-thread-1] INFO  segmented.SegmentedRaftLogWorker (SegmentedRaftLogWorker.java:lambda$new$0(132)) - 92e4cfa5-488b-4a46-94d1-80a7c527ff9a@group-14D7F06F4C94-SegmentedRaftLogWorker: flushIndex: setUnconditionally 0 -> -1
2019-09-12 13:47:16,037 [pool-67-thread-1] INFO  server.RaftServerConfigKeys (ConfUtils.java:logGet(43)) - raft.server.snapshot.auto.trigger.enabled = true (custom)
2019-09-12 13:47:16,037 [pool-67-thread-1] INFO  server.RaftServerConfigKeys (ConfUtils.java:logGet(43)) - raft.server.snapshot.auto.trigger.threshold = 10000 (custom)
2019-09-12 13:47:16,037 [pool-67-thread-1] INFO  server.RaftServerConfigKeys (ConfUtils.java:logGet(43)) - raft.server.snapshot.retention.num.files = -1 (default)
2019-09-12 13:47:16,038 [pool-67-thread-1] INFO  server.RaftServerConfigKeys (ConfUtils.java:logGet(43)) - raft.server.retrycache.expirytime = 600000ms (custom)
2019-09-12 13:47:16,043 [pool-67-thread-1] INFO  impl.RaftServerImpl (RaftServerImpl.java:start(185)) - 92e4cfa5-488b-4a46-94d1-80a7c527ff9a@group-14D7F06F4C94: start as a follower, conf=-1: [92e4cfa5-488b-4a46-94d1-80a7c527ff9a:192.168.34.38:36780], old=null
2019-09-12 13:47:16,043 [pool-67-thread-1] INFO  impl.RaftServerImpl (RaftServerImpl.java:setRole(174)) - 92e4cfa5-488b-4a46-94d1-80a7c527ff9a@group-14D7F06F4C94: changes role from      null to FOLLOWER at term 0 for startAsFollower
2019-09-12 13:47:16,043 [pool-67-thread-1] INFO  impl.RoleInfo (RoleInfo.java:updateAndGet(143)) - 92e4cfa5-488b-4a46-94d1-80a7c527ff9a: start FollowerState
2019-09-12 13:47:16,044 [pool-67-thread-1] INFO  util.JmxRegister (JmxRegister.java:tryRegister(44)) - Successfully registered JMX Bean with object name Ratis:service=RaftServer,group=group-14D7F06F4C94,id=92e4cfa5-488b-4a46-94d1-80a7c527ff9a
2019-09-12 13:47:16,056 [RatisPipelineUtilsThread] INFO  pipeline.PipelineStateManager (PipelineStateManager.java:addPipeline(56)) - Created pipeline Pipeline[ Id: 7e3865ec-ec7b-4570-b7e3-14d7f06f4c94, Nodes: 92e4cfa5-488b-4a46-94d1-80a7c527ff9a{ip: 192.168.34.38, host: pr-hdds-2007-65vhz-3510356991, networkLocation: /default-rack, certSerialId: null}, Type:RATIS, Factor:ONE, State:OPEN]
2019-09-12 13:47:16,077 [grpc-default-executor-0] INFO  impl.RaftServerProxy (RaftServerProxy.java:addNew(89)) - 3ef341d8-3296-48d4-9b49-005c11ca2b71: addNew group-CCD1DB151AF0:[3ef341d8-3296-48d4-9b49-005c11ca2b71:192.168.34.38:43198] returns group-CCD1DB151AF0:java.util.concurrent.CompletableFuture@26892b61[Not completed]
2019-09-12 13:47:16,082 [pool-87-thread-1] INFO  impl.RaftServerImpl (RaftServerImpl.java:<init>(95)) - 3ef341d8-3296-48d4-9b49-005c11ca2b71: new RaftServerImpl for group-CCD1DB151AF0:[3ef341d8-3296-48d4-9b49-005c11ca2b71:192.168.34.38:43198] with ContainerStateMachine:uninitialized
2019-09-12 13:47:16,082 [pool-87-thread-1] INFO  server.RaftServerConfigKeys (ConfUtils.java:logGet(43)) - raft.server.rpc.timeout.min = 1s (custom)
2019-09-12 13:47:16,082 [pool-87-thread-1] INFO  server.RaftServerConfigKeys (ConfUtils.java:logGet(43)) - raft.server.rpc.timeout.max = 1200ms (custom)
2019-09-12 13:47:16,083 [pool-87-thread-1] INFO  server.RaftServerConfigKeys (ConfUtils.java:logGet(43)) - raft.server.rpcslowness.timeout = 120s (custom)
2019-09-12 13:47:16,083 [pool-87-thread-1] INFO  server.RaftServerConfigKeys (ConfUtils.java:logGet(43)) - raft.server.sleep.deviation.threshold = 300 (default)
2019-09-12 13:47:16,083 [pool-87-thread-1] INFO  server.RaftServerConfigKeys (ConfUtils.java:logGet(43)) - raft.server.log.appender.install.snapshot.enabled = false (custom)
2019-09-12 13:47:16,083 [pool-87-thread-1] INFO  impl.RaftServerImpl (ServerState.java:<init>(103)) - 3ef341d8-3296-48d4-9b49-005c11ca2b71@group-CCD1DB151AF0: ConfigurationManager, init=-1: [3ef341d8-3296-48d4-9b49-005c11ca2b71:192.168.34.38:43198], old=null, confs=<EMPTY_MAP>
2019-09-12 13:47:16,083 [pool-87-thread-1] INFO  server.RaftServerConfigKeys (ConfUtils.java:logGet(43)) - raft.server.storage.dir = [/workdir/hadoop-ozone/integration-test/target/test-dir/MiniOzoneClusterImpl-98ba6956-8e51-4dc7-be59-62a375280f0b/datanode-6/data/ratis] (custom)
2019-09-12 13:47:16,084 [pool-87-thread-1] INFO  storage.RaftStorageDirectory (RaftStorageDirectory.java:analyzeStorage(246)) - The storage directory /workdir/hadoop-ozone/integration-test/target/test-dir/MiniOzoneClusterImpl-98ba6956-8e51-4dc7-be59-62a375280f0b/datanode-6/data/ratis/8992160b-b010-4e0c-9a74-ccd1db151af0 does not exist. Creating ...
2019-09-12 13:47:16,120 [pool-87-thread-1] INFO  storage.RaftStorageDirectory (RaftStorageDirectory.java:tryLock(328)) - Lock on /workdir/hadoop-ozone/integration-test/target/test-dir/MiniOzoneClusterImpl-98ba6956-8e51-4dc7-be59-62a375280f0b/datanode-6/data/ratis/8992160b-b010-4e0c-9a74-ccd1db151af0/in_use.lock acquired by nodename 9935@pr-hdds-2007-65vhz-3510356991
2019-09-12 13:47:16,133 [pool-87-thread-1] INFO  storage.RaftStorage (RaftStorage.java:format(72)) - Storage directory /workdir/hadoop-ozone/integration-test/target/test-dir/MiniOzoneClusterImpl-98ba6956-8e51-4dc7-be59-62a375280f0b/datanode-6/data/ratis/8992160b-b010-4e0c-9a74-ccd1db151af0 has been successfully formatted.
2019-09-12 13:47:16,133 [pool-87-thread-1] INFO  ratis.ContainerStateMachine (ContainerStateMachine.java:loadSnapshot(230)) - group-CCD1DB151AF0: The snapshot info is null. Setting the last applied indexto:(t:0, i:~)
2019-09-12 13:47:16,133 [pool-87-thread-1] INFO  server.RaftServerConfigKeys (ConfUtils.java:logGet(43)) - raft.server.notification.no-leader.timeout = 120s (custom)
2019-09-12 13:47:16,133 [pool-87-thread-1] INFO  server.RaftServerConfigKeys (ConfUtils.java:logGet(43)) - raft.server.log.use.memory = false (default)
2019-09-12 13:47:16,134 [pool-87-thread-1] INFO  server.RaftServerConfigKeys (ConfUtils.java:logGet(43)) - raft.server.log.purge.gap = 1000000 (custom)
2019-09-12 13:47:16,134 [pool-87-thread-1] INFO  server.RaftServerConfigKeys (ConfUtils.java:logGet(43)) - raft.server.log.appender.buffer.byte-limit = 33554432 (custom)
2019-09-12 13:47:16,134 [pool-87-thread-1] INFO  server.RaftServerConfigKeys (ConfUtils.java:logGet(43)) - raft.server.log.segment.size.max = 1048576 (custom)
2019-09-12 13:47:16,134 [pool-87-thread-1] INFO  server.RaftServerConfigKeys (ConfUtils.java:logGet(43)) - raft.server.log.segment.cache.num.max = 2 (custom)
2019-09-12 13:47:16,134 [pool-87-thread-1] INFO  segmented.SegmentedRaftLogWorker (SegmentedRaftLogWorker.java:<init>(172)) - new 3ef341d8-3296-48d4-9b49-005c11ca2b71@group-CCD1DB151AF0-SegmentedRaftLogWorker for RaftStorage:Storage Directory /workdir/hadoop-ozone/integration-test/target/test-dir/MiniOzoneClusterImpl-98ba6956-8e51-4dc7-be59-62a375280f0b/datanode-6/data/ratis/8992160b-b010-4e0c-9a74-ccd1db151af0
2019-09-12 13:47:16,142 [pool-87-thread-1] INFO  server.RaftServerConfigKeys (ConfUtils.java:logGet(43)) - raft.server.log.queue.byte-limit = 2147483647 (custom)
2019-09-12 13:47:16,143 [pool-87-thread-1] INFO  server.RaftServerConfigKeys (ConfUtils.java:logGet(43)) - raft.server.log.queue.element-limit = 1024 (custom)
2019-09-12 13:47:16,143 [pool-87-thread-1] INFO  server.RaftServerConfigKeys (ConfUtils.java:logGet(43)) - raft.server.log.segment.size.max = 1048576 (custom)
2019-09-12 13:47:16,143 [pool-87-thread-1] INFO  server.RaftServerConfigKeys (ConfUtils.java:logGet(43)) - raft.server.log.preallocated.size = 16384 (custom)
2019-09-12 13:47:16,143 [pool-87-thread-1] INFO  server.RaftServerConfigKeys (ConfUtils.java:logGet(43)) - raft.server.log.write.buffer.size = 33554432 (custom)
2019-09-12 13:47:16,144 [pool-87-thread-1] INFO  server.RaftServerConfigKeys (ConfUtils.java:logGet(43)) - raft.server.log.force.sync.num = 128 (default)
2019-09-12 13:47:16,144 [pool-87-thread-1] INFO  server.RaftServerConfigKeys (ConfUtils.java:logGet(43)) - raft.server.log.statemachine.data.sync = true (default)
2019-09-12 13:47:16,144 [pool-87-thread-1] INFO  server.RaftServerConfigKeys (ConfUtils.java:logGet(43)) - raft.server.log.statemachine.data.sync.timeout = 10s (default)
2019-09-12 13:47:16,144 [pool-87-thread-1] INFO  server.RaftServerConfigKeys (ConfUtils.java:logGet(43)) - raft.server.log.statemachine.data.sync.timeout.retry = -1 (default)
2019-09-12 13:47:16,145 [pool-87-thread-1] INFO  server.RaftServerConfigKeys (ConfUtils.java:logGet(43)) - raft.server.log.statemachine.data.caching.enabled = true (custom)
2019-09-12 13:47:16,145 [pool-87-thread-1] INFO  segmented.SegmentedRaftLogWorker (SegmentedRaftLogWorker.java:lambda$new$0(132)) - 3ef341d8-3296-48d4-9b49-005c11ca2b71@group-CCD1DB151AF0-SegmentedRaftLogWorker: flushIndex: setUnconditionally 0 -> -1
2019-09-12 13:47:16,145 [pool-87-thread-1] INFO  server.RaftServerConfigKeys (ConfUtils.java:logGet(43)) - raft.server.snapshot.auto.trigger.enabled = true (custom)
2019-09-12 13:47:16,145 [pool-87-thread-1] INFO  server.RaftServerConfigKeys (ConfUtils.java:logGet(43)) - raft.server.snapshot.auto.trigger.threshold = 10000 (custom)
2019-09-12 13:47:16,146 [pool-87-thread-1] INFO  server.RaftServerConfigKeys (ConfUtils.java:logGet(43)) - raft.server.snapshot.retention.num.files = -1 (default)
2019-09-12 13:47:16,146 [pool-87-thread-1] INFO  server.RaftServerConfigKeys (ConfUtils.java:logGet(43)) - raft.server.retrycache.expirytime = 600000ms (custom)
2019-09-12 13:47:16,151 [pool-87-thread-1] INFO  impl.RaftServerImpl (RaftServerImpl.java:start(185)) - 3ef341d8-3296-48d4-9b49-005c11ca2b71@group-CCD1DB151AF0: start as a follower, conf=-1: [3ef341d8-3296-48d4-9b49-005c11ca2b71:192.168.34.38:43198], old=null
2019-09-12 13:47:16,152 [pool-87-thread-1] INFO  impl.RaftServerImpl (RaftServerImpl.java:setRole(174)) - 3ef341d8-3296-48d4-9b49-005c11ca2b71@group-CCD1DB151AF0: changes role from      null to FOLLOWER at term 0 for startAsFollower
2019-09-12 13:47:16,152 [pool-87-thread-1] INFO  impl.RoleInfo (RoleInfo.java:updateAndGet(143)) - 3ef341d8-3296-48d4-9b49-005c11ca2b71: start FollowerState
2019-09-12 13:47:16,152 [pool-87-thread-1] INFO  util.JmxRegister (JmxRegister.java:tryRegister(44)) - Successfully registered JMX Bean with object name Ratis:service=RaftServer,group=group-CCD1DB151AF0,id=3ef341d8-3296-48d4-9b49-005c11ca2b71
2019-09-12 13:47:16,177 [RatisPipelineUtilsThread] INFO  pipeline.PipelineStateManager (PipelineStateManager.java:addPipeline(56)) - Created pipeline Pipeline[ Id: 8992160b-b010-4e0c-9a74-ccd1db151af0, Nodes: 3ef341d8-3296-48d4-9b49-005c11ca2b71{ip: 192.168.34.38, host: pr-hdds-2007-65vhz-3510356991, networkLocation: /default-rack, certSerialId: null}, Type:RATIS, Factor:ONE, State:OPEN]
2019-09-12 13:47:16,197 [grpc-default-executor-0] INFO  impl.RaftServerProxy (RaftServerProxy.java:addNew(89)) - 76a15b5a-6854-49a0-8818-73e3745045ae: addNew group-D02E7E036843:[76a15b5a-6854-49a0-8818-73e3745045ae:192.168.34.38:41160] returns group-D02E7E036843:java.util.concurrent.CompletableFuture@2f48100c[Not completed]
2019-09-12 13:47:16,204 [pool-107-thread-1] INFO  impl.RaftServerImpl (RaftServerImpl.java:<init>(95)) - 76a15b5a-6854-49a0-8818-73e3745045ae: new RaftServerImpl for group-D02E7E036843:[76a15b5a-6854-49a0-8818-73e3745045ae:192.168.34.38:41160] with ContainerStateMachine:uninitialized
2019-09-12 13:47:16,204 [pool-107-thread-1] INFO  server.RaftServerConfigKeys (ConfUtils.java:logGet(43)) - raft.server.rpc.timeout.min = 1s (custom)
2019-09-12 13:47:16,205 [pool-107-thread-1] INFO  server.RaftServerConfigKeys (ConfUtils.java:logGet(43)) - raft.server.rpc.timeout.max = 1200ms (custom)
2019-09-12 13:47:16,205 [pool-107-thread-1] INFO  server.RaftServerConfigKeys (ConfUtils.java:logGet(43)) - raft.server.rpcslowness.timeout = 120s (custom)
2019-09-12 13:47:16,205 [pool-107-thread-1] INFO  server.RaftServerConfigKeys (ConfUtils.java:logGet(43)) - raft.server.sleep.deviation.threshold = 300 (default)
2019-09-12 13:47:16,205 [pool-107-thread-1] INFO  server.RaftServerConfigKeys (ConfUtils.java:logGet(43)) - raft.server.log.appender.install.snapshot.enabled = false (custom)
2019-09-12 13:47:16,205 [pool-107-thread-1] INFO  impl.RaftServerImpl (ServerState.java:<init>(103)) - 76a15b5a-6854-49a0-8818-73e3745045ae@group-D02E7E036843: ConfigurationManager, init=-1: [76a15b5a-6854-49a0-8818-73e3745045ae:192.168.34.38:41160], old=null, confs=<EMPTY_MAP>
2019-09-12 13:47:16,206 [pool-107-thread-1] INFO  server.RaftServerConfigKeys (ConfUtils.java:logGet(43)) - raft.server.storage.dir = [/workdir/hadoop-ozone/integration-test/target/test-dir/MiniOzoneClusterImpl-98ba6956-8e51-4dc7-be59-62a375280f0b/datanode-8/data/ratis] (custom)
2019-09-12 13:47:16,206 [pool-107-thread-1] INFO  storage.RaftStorageDirectory (RaftStorageDirectory.java:analyzeStorage(246)) - The storage directory /workdir/hadoop-ozone/integration-test/target/test-dir/MiniOzoneClusterImpl-98ba6956-8e51-4dc7-be59-62a375280f0b/datanode-8/data/ratis/b6de0af2-d825-4c84-a8bb-d02e7e036843 does not exist. Creating ...
2019-09-12 13:47:16,219 [pool-107-thread-1] INFO  storage.RaftStorageDirectory (RaftStorageDirectory.java:tryLock(328)) - Lock on /workdir/hadoop-ozone/integration-test/target/test-dir/MiniOzoneClusterImpl-98ba6956-8e51-4dc7-be59-62a375280f0b/datanode-8/data/ratis/b6de0af2-d825-4c84-a8bb-d02e7e036843/in_use.lock acquired by nodename 9935@pr-hdds-2007-65vhz-3510356991
2019-09-12 13:47:16,233 [pool-107-thread-1] INFO  storage.RaftStorage (RaftStorage.java:format(72)) - Storage directory /workdir/hadoop-ozone/integration-test/target/test-dir/MiniOzoneClusterImpl-98ba6956-8e51-4dc7-be59-62a375280f0b/datanode-8/data/ratis/b6de0af2-d825-4c84-a8bb-d02e7e036843 has been successfully formatted.
2019-09-12 13:47:16,233 [pool-107-thread-1] INFO  ratis.ContainerStateMachine (ContainerStateMachine.java:loadSnapshot(230)) - group-D02E7E036843: The snapshot info is null. Setting the last applied indexto:(t:0, i:~)
2019-09-12 13:47:16,233 [pool-107-thread-1] INFO  server.RaftServerConfigKeys (ConfUtils.java:logGet(43)) - raft.server.notification.no-leader.timeout = 120s (custom)
2019-09-12 13:47:16,233 [pool-107-thread-1] INFO  server.RaftServerConfigKeys (ConfUtils.java:logGet(43)) - raft.server.log.use.memory = false (default)
2019-09-12 13:47:16,234 [pool-107-thread-1] INFO  server.RaftServerConfigKeys (ConfUtils.java:logGet(43)) - raft.server.log.purge.gap = 1000000 (custom)
2019-09-12 13:47:16,234 [pool-107-thread-1] INFO  server.RaftServerConfigKeys (ConfUtils.java:logGet(43)) - raft.server.log.appender.buffer.byte-limit = 33554432 (custom)
2019-09-12 13:47:16,234 [pool-107-thread-1] INFO  server.RaftServerConfigKeys (ConfUtils.java:logGet(43)) - raft.server.log.segment.size.max = 1048576 (custom)
2019-09-12 13:47:16,234 [pool-107-thread-1] INFO  server.RaftServerConfigKeys (ConfUtils.java:logGet(43)) - raft.server.log.segment.cache.num.max = 2 (custom)
2019-09-12 13:47:16,235 [pool-107-thread-1] INFO  segmented.SegmentedRaftLogWorker (SegmentedRaftLogWorker.java:<init>(172)) - new 76a15b5a-6854-49a0-8818-73e3745045ae@group-D02E7E036843-SegmentedRaftLogWorker for RaftStorage:Storage Directory /workdir/hadoop-ozone/integration-test/target/test-dir/MiniOzoneClusterImpl-98ba6956-8e51-4dc7-be59-62a375280f0b/datanode-8/data/ratis/b6de0af2-d825-4c84-a8bb-d02e7e036843
2019-09-12 13:47:16,240 [pool-107-thread-1] INFO  server.RaftServerConfigKeys (ConfUtils.java:logGet(43)) - raft.server.log.queue.byte-limit = 2147483647 (custom)
2019-09-12 13:47:16,240 [pool-107-thread-1] INFO  server.RaftServerConfigKeys (ConfUtils.java:logGet(43)) - raft.server.log.queue.element-limit = 1024 (custom)
2019-09-12 13:47:16,240 [pool-107-thread-1] INFO  server.RaftServerConfigKeys (ConfUtils.java:logGet(43)) - raft.server.log.segment.size.max = 1048576 (custom)
2019-09-12 13:47:16,240 [pool-107-thread-1] INFO  server.RaftServerConfigKeys (ConfUtils.java:logGet(43)) - raft.server.log.preallocated.size = 16384 (custom)
2019-09-12 13:47:16,241 [pool-107-thread-1] INFO  server.RaftServerConfigKeys (ConfUtils.java:logGet(43)) - raft.server.log.write.buffer.size = 33554432 (custom)
2019-09-12 13:47:16,241 [pool-107-thread-1] INFO  server.RaftServerConfigKeys (ConfUtils.java:logGet(43)) - raft.server.log.force.sync.num = 128 (default)
2019-09-12 13:47:16,241 [pool-107-thread-1] INFO  server.RaftServerConfigKeys (ConfUtils.java:logGet(43)) - raft.server.log.statemachine.data.sync = true (default)
2019-09-12 13:47:16,241 [pool-107-thread-1] INFO  server.RaftServerConfigKeys (ConfUtils.java:logGet(43)) - raft.server.log.statemachine.data.sync.timeout = 10s (default)
2019-09-12 13:47:16,241 [pool-107-thread-1] INFO  server.RaftServerConfigKeys (ConfUtils.java:logGet(43)) - raft.server.log.statemachine.data.sync.timeout.retry = -1 (default)
2019-09-12 13:47:16,242 [pool-107-thread-1] INFO  server.RaftServerConfigKeys (ConfUtils.java:logGet(43)) - raft.server.log.statemachine.data.caching.enabled = true (custom)
2019-09-12 13:47:16,242 [pool-107-thread-1] INFO  segmented.SegmentedRaftLogWorker (SegmentedRaftLogWorker.java:lambda$new$0(132)) - 76a15b5a-6854-49a0-8818-73e3745045ae@group-D02E7E036843-SegmentedRaftLogWorker: flushIndex: setUnconditionally 0 -> -1
2019-09-12 13:47:16,243 [pool-107-thread-1] INFO  server.RaftServerConfigKeys (ConfUtils.java:logGet(43)) - raft.server.snapshot.auto.trigger.enabled = true (custom)
2019-09-12 13:47:16,243 [pool-107-thread-1] INFO  server.RaftServerConfigKeys (ConfUtils.java:logGet(43)) - raft.server.snapshot.auto.trigger.threshold = 10000 (custom)
2019-09-12 13:47:16,243 [pool-107-thread-1] INFO  server.RaftServerConfigKeys (ConfUtils.java:logGet(43)) - raft.server.snapshot.retention.num.files = -1 (default)
2019-09-12 13:47:16,243 [pool-107-thread-1] INFO  server.RaftServerConfigKeys (ConfUtils.java:logGet(43)) - raft.server.retrycache.expirytime = 600000ms (custom)
2019-09-12 13:47:16,248 [pool-107-thread-1] INFO  impl.RaftServerImpl (RaftServerImpl.java:start(185)) - 76a15b5a-6854-49a0-8818-73e3745045ae@group-D02E7E036843: start as a follower, conf=-1: [76a15b5a-6854-49a0-8818-73e3745045ae:192.168.34.38:41160], old=null
2019-09-12 13:47:16,248 [pool-107-thread-1] INFO  impl.RaftServerImpl (RaftServerImpl.java:setRole(174)) - 76a15b5a-6854-49a0-8818-73e3745045ae@group-D02E7E036843: changes role from      null to FOLLOWER at term 0 for startAsFollower
2019-09-12 13:47:16,248 [pool-107-thread-1] INFO  impl.RoleInfo (RoleInfo.java:updateAndGet(143)) - 76a15b5a-6854-49a0-8818-73e3745045ae: start FollowerState
2019-09-12 13:47:16,249 [pool-107-thread-1] INFO  util.JmxRegister (JmxRegister.java:tryRegister(44)) - Successfully registered JMX Bean with object name Ratis:service=RaftServer,group=group-D02E7E036843,id=76a15b5a-6854-49a0-8818-73e3745045ae
2019-09-12 13:47:16,266 [RatisPipelineUtilsThread] INFO  pipeline.PipelineStateManager (PipelineStateManager.java:addPipeline(56)) - Created pipeline Pipeline[ Id: b6de0af2-d825-4c84-a8bb-d02e7e036843, Nodes: 76a15b5a-6854-49a0-8818-73e3745045ae{ip: 192.168.34.38, host: pr-hdds-2007-65vhz-3510356991, networkLocation: /default-rack, certSerialId: null}, Type:RATIS, Factor:ONE, State:OPEN]
2019-09-12 13:47:16,288 [grpc-default-executor-0] INFO  impl.RaftServerProxy (RaftServerProxy.java:addNew(89)) - 7dd3d51f-7703-47e1-b378-11db862d4d4b: addNew group-F4A2504AEEA7:[7dd3d51f-7703-47e1-b378-11db862d4d4b:192.168.34.38:36691] returns group-F4A2504AEEA7:java.util.concurrent.CompletableFuture@7dbadd83[Not completed]
2019-09-12 13:47:16,295 [pool-37-thread-1] INFO  impl.RaftServerImpl (RaftServerImpl.java:<init>(95)) - 7dd3d51f-7703-47e1-b378-11db862d4d4b: new RaftServerImpl for group-F4A2504AEEA7:[7dd3d51f-7703-47e1-b378-11db862d4d4b:192.168.34.38:36691] with ContainerStateMachine:uninitialized
2019-09-12 13:47:16,295 [pool-37-thread-1] INFO  server.RaftServerConfigKeys (ConfUtils.java:logGet(43)) - raft.server.rpc.timeout.min = 1s (custom)
2019-09-12 13:47:16,296 [pool-37-thread-1] INFO  server.RaftServerConfigKeys (ConfUtils.java:logGet(43)) - raft.server.rpc.timeout.max = 1200ms (custom)
2019-09-12 13:47:16,296 [pool-37-thread-1] INFO  server.RaftServerConfigKeys (ConfUtils.java:logGet(43)) - raft.server.rpcslowness.timeout = 120s (custom)
2019-09-12 13:47:16,296 [pool-37-thread-1] INFO  server.RaftServerConfigKeys (ConfUtils.java:logGet(43)) - raft.server.sleep.deviation.threshold = 300 (default)
2019-09-12 13:47:16,296 [pool-37-thread-1] INFO  server.RaftServerConfigKeys (ConfUtils.java:logGet(43)) - raft.server.log.appender.install.snapshot.enabled = false (custom)
2019-09-12 13:47:16,296 [pool-37-thread-1] INFO  impl.RaftServerImpl (ServerState.java:<init>(103)) - 7dd3d51f-7703-47e1-b378-11db862d4d4b@group-F4A2504AEEA7: ConfigurationManager, init=-1: [7dd3d51f-7703-47e1-b378-11db862d4d4b:192.168.34.38:36691], old=null, confs=<EMPTY_MAP>
2019-09-12 13:47:16,297 [pool-37-thread-1] INFO  server.RaftServerConfigKeys (ConfUtils.java:logGet(43)) - raft.server.storage.dir = [/workdir/hadoop-ozone/integration-test/target/test-dir/MiniOzoneClusterImpl-98ba6956-8e51-4dc7-be59-62a375280f0b/datanode-1/data/ratis] (custom)
2019-09-12 13:47:16,297 [pool-37-thread-1] INFO  storage.RaftStorageDirectory (RaftStorageDirectory.java:analyzeStorage(246)) - The storage directory /workdir/hadoop-ozone/integration-test/target/test-dir/MiniOzoneClusterImpl-98ba6956-8e51-4dc7-be59-62a375280f0b/datanode-1/data/ratis/09bc4623-4a9f-4176-8f72-f4a2504aeea7 does not exist. Creating ...
2019-09-12 13:47:16,311 [pool-37-thread-1] INFO  storage.RaftStorageDirectory (RaftStorageDirectory.java:tryLock(328)) - Lock on /workdir/hadoop-ozone/integration-test/target/test-dir/MiniOzoneClusterImpl-98ba6956-8e51-4dc7-be59-62a375280f0b/datanode-1/data/ratis/09bc4623-4a9f-4176-8f72-f4a2504aeea7/in_use.lock acquired by nodename 9935@pr-hdds-2007-65vhz-3510356991
2019-09-12 13:47:16,325 [pool-37-thread-1] INFO  storage.RaftStorage (RaftStorage.java:format(72)) - Storage directory /workdir/hadoop-ozone/integration-test/target/test-dir/MiniOzoneClusterImpl-98ba6956-8e51-4dc7-be59-62a375280f0b/datanode-1/data/ratis/09bc4623-4a9f-4176-8f72-f4a2504aeea7 has been successfully formatted.
2019-09-12 13:47:16,325 [pool-37-thread-1] INFO  ratis.ContainerStateMachine (ContainerStateMachine.java:loadSnapshot(230)) - group-F4A2504AEEA7: The snapshot info is null. Setting the last applied indexto:(t:0, i:~)
2019-09-12 13:47:16,325 [pool-37-thread-1] INFO  server.RaftServerConfigKeys (ConfUtils.java:logGet(43)) - raft.server.notification.no-leader.timeout = 120s (custom)
2019-09-12 13:47:16,326 [pool-37-thread-1] INFO  server.RaftServerConfigKeys (ConfUtils.java:logGet(43)) - raft.server.log.use.memory = false (default)
2019-09-12 13:47:16,326 [pool-37-thread-1] INFO  server.RaftServerConfigKeys (ConfUtils.java:logGet(43)) - raft.server.log.purge.gap = 1000000 (custom)
2019-09-12 13:47:16,326 [pool-37-thread-1] INFO  server.RaftServerConfigKeys (ConfUtils.java:logGet(43)) - raft.server.log.appender.buffer.byte-limit = 33554432 (custom)
2019-09-12 13:47:16,326 [pool-37-thread-1] INFO  server.RaftServerConfigKeys (ConfUtils.java:logGet(43)) - raft.server.log.segment.size.max = 1048576 (custom)
2019-09-12 13:47:16,326 [pool-37-thread-1] INFO  server.RaftServerConfigKeys (ConfUtils.java:logGet(43)) - raft.server.log.segment.cache.num.max = 2 (custom)
2019-09-12 13:47:16,326 [pool-37-thread-1] INFO  segmented.SegmentedRaftLogWorker (SegmentedRaftLogWorker.java:<init>(172)) - new 7dd3d51f-7703-47e1-b378-11db862d4d4b@group-F4A2504AEEA7-SegmentedRaftLogWorker for RaftStorage:Storage Directory /workdir/hadoop-ozone/integration-test/target/test-dir/MiniOzoneClusterImpl-98ba6956-8e51-4dc7-be59-62a375280f0b/datanode-1/data/ratis/09bc4623-4a9f-4176-8f72-f4a2504aeea7
2019-09-12 13:47:16,330 [pool-37-thread-1] INFO  server.RaftServerConfigKeys (ConfUtils.java:logGet(43)) - raft.server.log.queue.byte-limit = 2147483647 (custom)
2019-09-12 13:47:16,331 [pool-37-thread-1] INFO  server.RaftServerConfigKeys (ConfUtils.java:logGet(43)) - raft.server.log.queue.element-limit = 1024 (custom)
2019-09-12 13:47:16,331 [pool-37-thread-1] INFO  server.RaftServerConfigKeys (ConfUtils.java:logGet(43)) - raft.server.log.segment.size.max = 1048576 (custom)
2019-09-12 13:47:16,331 [pool-37-thread-1] INFO  server.RaftServerConfigKeys (ConfUtils.java:logGet(43)) - raft.server.log.preallocated.size = 16384 (custom)
2019-09-12 13:47:16,331 [pool-37-thread-1] INFO  server.RaftServerConfigKeys (ConfUtils.java:logGet(43)) - raft.server.log.write.buffer.size = 33554432 (custom)
2019-09-12 13:47:16,332 [pool-37-thread-1] INFO  server.RaftServerConfigKeys (ConfUtils.java:logGet(43)) - raft.server.log.force.sync.num = 128 (default)
2019-09-12 13:47:16,332 [pool-37-thread-1] INFO  server.RaftServerConfigKeys (ConfUtils.java:logGet(43)) - raft.server.log.statemachine.data.sync = true (default)
2019-09-12 13:47:16,332 [pool-37-thread-1] INFO  server.RaftServerConfigKeys (ConfUtils.java:logGet(43)) - raft.server.log.statemachine.data.sync.timeout = 10s (default)
2019-09-12 13:47:16,332 [pool-37-thread-1] INFO  server.RaftServerConfigKeys (ConfUtils.java:logGet(43)) - raft.server.log.statemachine.data.sync.timeout.retry = -1 (default)
2019-09-12 13:47:16,333 [pool-37-thread-1] INFO  server.RaftServerConfigKeys (ConfUtils.java:logGet(43)) - raft.server.log.statemachine.data.caching.enabled = true (custom)
2019-09-12 13:47:16,333 [pool-37-thread-1] INFO  segmented.SegmentedRaftLogWorker (SegmentedRaftLogWorker.java:lambda$new$0(132)) - 7dd3d51f-7703-47e1-b378-11db862d4d4b@group-F4A2504AEEA7-SegmentedRaftLogWorker: flushIndex: setUnconditionally 0 -> -1
2019-09-12 13:47:16,333 [pool-37-thread-1] INFO  server.RaftServerConfigKeys (ConfUtils.java:logGet(43)) - raft.server.snapshot.auto.trigger.enabled = true (custom)
2019-09-12 13:47:16,334 [pool-37-thread-1] INFO  server.RaftServerConfigKeys (ConfUtils.java:logGet(43)) - raft.server.snapshot.auto.trigger.threshold = 10000 (custom)
2019-09-12 13:47:16,334 [pool-37-thread-1] INFO  server.RaftServerConfigKeys (ConfUtils.java:logGet(43)) - raft.server.snapshot.retention.num.files = -1 (default)
2019-09-12 13:47:16,334 [pool-37-thread-1] INFO  server.RaftServerConfigKeys (ConfUtils.java:logGet(43)) - raft.server.retrycache.expirytime = 600000ms (custom)
2019-09-12 13:47:16,338 [pool-37-thread-1] INFO  impl.RaftServerImpl (RaftServerImpl.java:start(185)) - 7dd3d51f-7703-47e1-b378-11db862d4d4b@group-F4A2504AEEA7: start as a follower, conf=-1: [7dd3d51f-7703-47e1-b378-11db862d4d4b:192.168.34.38:36691], old=null
2019-09-12 13:47:16,338 [pool-37-thread-1] INFO  impl.RaftServerImpl (RaftServerImpl.java:setRole(174)) - 7dd3d51f-7703-47e1-b378-11db862d4d4b@group-F4A2504AEEA7: changes role from      null to FOLLOWER at term 0 for startAsFollower
2019-09-12 13:47:16,339 [pool-37-thread-1] INFO  impl.RoleInfo (RoleInfo.java:updateAndGet(143)) - 7dd3d51f-7703-47e1-b378-11db862d4d4b: start FollowerState
2019-09-12 13:47:16,339 [pool-37-thread-1] INFO  util.JmxRegister (JmxRegister.java:tryRegister(44)) - Successfully registered JMX Bean with object name Ratis:service=RaftServer,group=group-F4A2504AEEA7,id=7dd3d51f-7703-47e1-b378-11db862d4d4b
2019-09-12 13:47:16,356 [RatisPipelineUtilsThread] INFO  pipeline.PipelineStateManager (PipelineStateManager.java:addPipeline(56)) - Created pipeline Pipeline[ Id: 09bc4623-4a9f-4176-8f72-f4a2504aeea7, Nodes: 7dd3d51f-7703-47e1-b378-11db862d4d4b{ip: 192.168.34.38, host: pr-hdds-2007-65vhz-3510356991, networkLocation: /default-rack, certSerialId: null}, Type:RATIS, Factor:ONE, State:OPEN]
2019-09-12 13:47:16,380 [grpc-default-executor-0] INFO  impl.RaftServerProxy (RaftServerProxy.java:addNew(89)) - 05e06da0-1d3a-4481-ab96-f6b3bccd14af: addNew group-3CB32A679A99:[05e06da0-1d3a-4481-ab96-f6b3bccd14af:192.168.34.38:45188] returns group-3CB32A679A99:java.util.concurrent.CompletableFuture@435b541[Not completed]
2019-09-12 13:47:16,389 [pool-57-thread-1] INFO  impl.RaftServerImpl (RaftServerImpl.java:<init>(95)) - 05e06da0-1d3a-4481-ab96-f6b3bccd14af: new RaftServerImpl for group-3CB32A679A99:[05e06da0-1d3a-4481-ab96-f6b3bccd14af:192.168.34.38:45188] with ContainerStateMachine:uninitialized
2019-09-12 13:47:16,390 [pool-57-thread-1] INFO  server.RaftServerConfigKeys (ConfUtils.java:logGet(43)) - raft.server.rpc.timeout.min = 1s (custom)
2019-09-12 13:47:16,390 [pool-57-thread-1] INFO  server.RaftServerConfigKeys (ConfUtils.java:logGet(43)) - raft.server.rpc.timeout.max = 1200ms (custom)
2019-09-12 13:47:16,390 [pool-57-thread-1] INFO  server.RaftServerConfigKeys (ConfUtils.java:logGet(43)) - raft.server.rpcslowness.timeout = 120s (custom)
2019-09-12 13:47:16,390 [pool-57-thread-1] INFO  server.RaftServerConfigKeys (ConfUtils.java:logGet(43)) - raft.server.sleep.deviation.threshold = 300 (default)
2019-09-12 13:47:16,391 [pool-57-thread-1] INFO  server.RaftServerConfigKeys (ConfUtils.java:logGet(43)) - raft.server.log.appender.install.snapshot.enabled = false (custom)
2019-09-12 13:47:16,391 [pool-57-thread-1] INFO  impl.RaftServerImpl (ServerState.java:<init>(103)) - 05e06da0-1d3a-4481-ab96-f6b3bccd14af@group-3CB32A679A99: ConfigurationManager, init=-1: [05e06da0-1d3a-4481-ab96-f6b3bccd14af:192.168.34.38:45188], old=null, confs=<EMPTY_MAP>
2019-09-12 13:47:16,391 [pool-57-thread-1] INFO  server.RaftServerConfigKeys (ConfUtils.java:logGet(43)) - raft.server.storage.dir = [/workdir/hadoop-ozone/integration-test/target/test-dir/MiniOzoneClusterImpl-98ba6956-8e51-4dc7-be59-62a375280f0b/datanode-3/data/ratis] (custom)
2019-09-12 13:47:16,392 [pool-57-thread-1] INFO  storage.RaftStorageDirectory (RaftStorageDirectory.java:analyzeStorage(246)) - The storage directory /workdir/hadoop-ozone/integration-test/target/test-dir/MiniOzoneClusterImpl-98ba6956-8e51-4dc7-be59-62a375280f0b/datanode-3/data/ratis/11babb0b-6445-47d6-9ecb-3cb32a679a99 does not exist. Creating ...
2019-09-12 13:47:16,415 [pool-57-thread-1] INFO  storage.RaftStorageDirectory (RaftStorageDirectory.java:tryLock(328)) - Lock on /workdir/hadoop-ozone/integration-test/target/test-dir/MiniOzoneClusterImpl-98ba6956-8e51-4dc7-be59-62a375280f0b/datanode-3/data/ratis/11babb0b-6445-47d6-9ecb-3cb32a679a99/in_use.lock acquired by nodename 9935@pr-hdds-2007-65vhz-3510356991
2019-09-12 13:47:16,430 [pool-57-thread-1] INFO  storage.RaftStorage (RaftStorage.java:format(72)) - Storage directory /workdir/hadoop-ozone/integration-test/target/test-dir/MiniOzoneClusterImpl-98ba6956-8e51-4dc7-be59-62a375280f0b/datanode-3/data/ratis/11babb0b-6445-47d6-9ecb-3cb32a679a99 has been successfully formatted.
2019-09-12 13:47:16,431 [pool-57-thread-1] INFO  ratis.ContainerStateMachine (ContainerStateMachine.java:loadSnapshot(230)) - group-3CB32A679A99: The snapshot info is null. Setting the last applied indexto:(t:0, i:~)
2019-09-12 13:47:16,431 [pool-57-thread-1] INFO  server.RaftServerConfigKeys (ConfUtils.java:logGet(43)) - raft.server.notification.no-leader.timeout = 120s (custom)
2019-09-12 13:47:16,431 [pool-57-thread-1] INFO  server.RaftServerConfigKeys (ConfUtils.java:logGet(43)) - raft.server.log.use.memory = false (default)
2019-09-12 13:47:16,432 [pool-57-thread-1] INFO  server.RaftServerConfigKeys (ConfUtils.java:logGet(43)) - raft.server.log.purge.gap = 1000000 (custom)
2019-09-12 13:47:16,432 [pool-57-thread-1] INFO  server.RaftServerConfigKeys (ConfUtils.java:logGet(43)) - raft.server.log.appender.buffer.byte-limit = 33554432 (custom)
2019-09-12 13:47:16,432 [pool-57-thread-1] INFO  server.RaftServerConfigKeys (ConfUtils.java:logGet(43)) - raft.server.log.segment.size.max = 1048576 (custom)
2019-09-12 13:47:16,432 [pool-57-thread-1] INFO  server.RaftServerConfigKeys (ConfUtils.java:logGet(43)) - raft.server.log.segment.cache.num.max = 2 (custom)
2019-09-12 13:47:16,432 [pool-57-thread-1] INFO  segmented.SegmentedRaftLogWorker (SegmentedRaftLogWorker.java:<init>(172)) - new 05e06da0-1d3a-4481-ab96-f6b3bccd14af@group-3CB32A679A99-SegmentedRaftLogWorker for RaftStorage:Storage Directory /workdir/hadoop-ozone/integration-test/target/test-dir/MiniOzoneClusterImpl-98ba6956-8e51-4dc7-be59-62a375280f0b/datanode-3/data/ratis/11babb0b-6445-47d6-9ecb-3cb32a679a99
2019-09-12 13:47:16,436 [pool-57-thread-1] INFO  server.RaftServerConfigKeys (ConfUtils.java:logGet(43)) - raft.server.log.queue.byte-limit = 2147483647 (custom)
2019-09-12 13:47:16,436 [pool-57-thread-1] INFO  server.RaftServerConfigKeys (ConfUtils.java:logGet(43)) - raft.server.log.queue.element-limit = 1024 (custom)
2019-09-12 13:47:16,436 [pool-57-thread-1] INFO  server.RaftServerConfigKeys (ConfUtils.java:logGet(43)) - raft.server.log.segment.size.max = 1048576 (custom)
2019-09-12 13:47:16,437 [pool-57-thread-1] INFO  server.RaftServerConfigKeys (ConfUtils.java:logGet(43)) - raft.server.log.preallocated.size = 16384 (custom)
2019-09-12 13:47:16,437 [pool-57-thread-1] INFO  server.RaftServerConfigKeys (ConfUtils.java:logGet(43)) - raft.server.log.write.buffer.size = 33554432 (custom)
2019-09-12 13:47:16,437 [pool-57-thread-1] INFO  server.RaftServerConfigKeys (ConfUtils.java:logGet(43)) - raft.server.log.force.sync.num = 128 (default)
2019-09-12 13:47:16,437 [pool-57-thread-1] INFO  server.RaftServerConfigKeys (ConfUtils.java:logGet(43)) - raft.server.log.statemachine.data.sync = true (default)
2019-09-12 13:47:16,437 [pool-57-thread-1] INFO  server.RaftServerConfigKeys (ConfUtils.java:logGet(43)) - raft.server.log.statemachine.data.sync.timeout = 10s (default)
2019-09-12 13:47:16,438 [pool-57-thread-1] INFO  server.RaftServerConfigKeys (ConfUtils.java:logGet(43)) - raft.server.log.statemachine.data.sync.timeout.retry = -1 (default)
2019-09-12 13:47:16,438 [pool-57-thread-1] INFO  server.RaftServerConfigKeys (ConfUtils.java:logGet(43)) - raft.server.log.statemachine.data.caching.enabled = true (custom)
2019-09-12 13:47:16,438 [pool-57-thread-1] INFO  segmented.SegmentedRaftLogWorker (SegmentedRaftLogWorker.java:lambda$new$0(132)) - 05e06da0-1d3a-4481-ab96-f6b3bccd14af@group-3CB32A679A99-SegmentedRaftLogWorker: flushIndex: setUnconditionally 0 -> -1
2019-09-12 13:47:16,439 [pool-57-thread-1] INFO  server.RaftServerConfigKeys (ConfUtils.java:logGet(43)) - raft.server.snapshot.auto.trigger.enabled = true (custom)
2019-09-12 13:47:16,439 [pool-57-thread-1] INFO  server.RaftServerConfigKeys (ConfUtils.java:logGet(43)) - raft.server.snapshot.auto.trigger.threshold = 10000 (custom)
2019-09-12 13:47:16,439 [pool-57-thread-1] INFO  server.RaftServerConfigKeys (ConfUtils.java:logGet(43)) - raft.server.snapshot.retention.num.files = -1 (default)
2019-09-12 13:47:16,440 [pool-57-thread-1] INFO  server.RaftServerConfigKeys (ConfUtils.java:logGet(43)) - raft.server.retrycache.expirytime = 600000ms (custom)
2019-09-12 13:47:16,443 [pool-57-thread-1] INFO  impl.RaftServerImpl (RaftServerImpl.java:start(185)) - 05e06da0-1d3a-4481-ab96-f6b3bccd14af@group-3CB32A679A99: start as a follower, conf=-1: [05e06da0-1d3a-4481-ab96-f6b3bccd14af:192.168.34.38:45188], old=null
2019-09-12 13:47:16,443 [pool-57-thread-1] INFO  impl.RaftServerImpl (RaftServerImpl.java:setRole(174)) - 05e06da0-1d3a-4481-ab96-f6b3bccd14af@group-3CB32A679A99: changes role from      null to FOLLOWER at term 0 for startAsFollower
2019-09-12 13:47:16,443 [pool-57-thread-1] INFO  impl.RoleInfo (RoleInfo.java:updateAndGet(143)) - 05e06da0-1d3a-4481-ab96-f6b3bccd14af: start FollowerState
2019-09-12 13:47:16,444 [pool-57-thread-1] INFO  util.JmxRegister (JmxRegister.java:tryRegister(44)) - Successfully registered JMX Bean with object name Ratis:service=RaftServer,group=group-3CB32A679A99,id=05e06da0-1d3a-4481-ab96-f6b3bccd14af
2019-09-12 13:47:16,469 [RatisPipelineUtilsThread] INFO  pipeline.PipelineStateManager (PipelineStateManager.java:addPipeline(56)) - Created pipeline Pipeline[ Id: 11babb0b-6445-47d6-9ecb-3cb32a679a99, Nodes: 05e06da0-1d3a-4481-ab96-f6b3bccd14af{ip: 192.168.34.38, host: pr-hdds-2007-65vhz-3510356991, networkLocation: /default-rack, certSerialId: null}, Type:RATIS, Factor:ONE, State:OPEN]
2019-09-12 13:47:16,490 [grpc-default-executor-0] INFO  impl.RaftServerProxy (RaftServerProxy.java:addNew(89)) - 763d52db-3808-40b7-9749-d7ff45e81d9a: addNew group-3365D4A5E428:[763d52db-3808-40b7-9749-d7ff45e81d9a:192.168.34.38:36181] returns group-3365D4A5E428:java.util.concurrent.CompletableFuture@3891a941[Not completed]
2019-09-12 13:47:16,496 [pool-77-thread-1] INFO  impl.RaftServerImpl (RaftServerImpl.java:<init>(95)) - 763d52db-3808-40b7-9749-d7ff45e81d9a: new RaftServerImpl for group-3365D4A5E428:[763d52db-3808-40b7-9749-d7ff45e81d9a:192.168.34.38:36181] with ContainerStateMachine:uninitialized
2019-09-12 13:47:16,496 [pool-77-thread-1] INFO  server.RaftServerConfigKeys (ConfUtils.java:logGet(43)) - raft.server.rpc.timeout.min = 1s (custom)
2019-09-12 13:47:16,497 [pool-77-thread-1] INFO  server.RaftServerConfigKeys (ConfUtils.java:logGet(43)) - raft.server.rpc.timeout.max = 1200ms (custom)
2019-09-12 13:47:16,497 [pool-77-thread-1] INFO  server.RaftServerConfigKeys (ConfUtils.java:logGet(43)) - raft.server.rpcslowness.timeout = 120s (custom)
2019-09-12 13:47:16,497 [pool-77-thread-1] INFO  server.RaftServerConfigKeys (ConfUtils.java:logGet(43)) - raft.server.sleep.deviation.threshold = 300 (default)
2019-09-12 13:47:16,497 [pool-77-thread-1] INFO  server.RaftServerConfigKeys (ConfUtils.java:logGet(43)) - raft.server.log.appender.install.snapshot.enabled = false (custom)
2019-09-12 13:47:16,497 [pool-77-thread-1] INFO  impl.RaftServerImpl (ServerState.java:<init>(103)) - 763d52db-3808-40b7-9749-d7ff45e81d9a@group-3365D4A5E428: ConfigurationManager, init=-1: [763d52db-3808-40b7-9749-d7ff45e81d9a:192.168.34.38:36181], old=null, confs=<EMPTY_MAP>
2019-09-12 13:47:16,497 [pool-77-thread-1] INFO  server.RaftServerConfigKeys (ConfUtils.java:logGet(43)) - raft.server.storage.dir = [/workdir/hadoop-ozone/integration-test/target/test-dir/MiniOzoneClusterImpl-98ba6956-8e51-4dc7-be59-62a375280f0b/datanode-5/data/ratis] (custom)
2019-09-12 13:47:16,498 [pool-77-thread-1] INFO  storage.RaftStorageDirectory (RaftStorageDirectory.java:analyzeStorage(246)) - The storage directory /workdir/hadoop-ozone/integration-test/target/test-dir/MiniOzoneClusterImpl-98ba6956-8e51-4dc7-be59-62a375280f0b/datanode-5/data/ratis/a8e35803-a35a-4bf7-8cc2-3365d4a5e428 does not exist. Creating ...
2019-09-12 13:47:16,523 [pool-77-thread-1] INFO  storage.RaftStorageDirectory (RaftStorageDirectory.java:tryLock(328)) - Lock on /workdir/hadoop-ozone/integration-test/target/test-dir/MiniOzoneClusterImpl-98ba6956-8e51-4dc7-be59-62a375280f0b/datanode-5/data/ratis/a8e35803-a35a-4bf7-8cc2-3365d4a5e428/in_use.lock acquired by nodename 9935@pr-hdds-2007-65vhz-3510356991
2019-09-12 13:47:16,536 [pool-77-thread-1] INFO  storage.RaftStorage (RaftStorage.java:format(72)) - Storage directory /workdir/hadoop-ozone/integration-test/target/test-dir/MiniOzoneClusterImpl-98ba6956-8e51-4dc7-be59-62a375280f0b/datanode-5/data/ratis/a8e35803-a35a-4bf7-8cc2-3365d4a5e428 has been successfully formatted.
2019-09-12 13:47:16,536 [pool-77-thread-1] INFO  ratis.ContainerStateMachine (ContainerStateMachine.java:loadSnapshot(230)) - group-3365D4A5E428: The snapshot info is null. Setting the last applied indexto:(t:0, i:~)
2019-09-12 13:47:16,536 [pool-77-thread-1] INFO  server.RaftServerConfigKeys (ConfUtils.java:logGet(43)) - raft.server.notification.no-leader.timeout = 120s (custom)
2019-09-12 13:47:16,536 [pool-77-thread-1] INFO  server.RaftServerConfigKeys (ConfUtils.java:logGet(43)) - raft.server.log.use.memory = false (default)
2019-09-12 13:47:16,536 [pool-77-thread-1] INFO  server.RaftServerConfigKeys (ConfUtils.java:logGet(43)) - raft.server.log.purge.gap = 1000000 (custom)
2019-09-12 13:47:16,537 [pool-77-thread-1] INFO  server.RaftServerConfigKeys (ConfUtils.java:logGet(43)) - raft.server.log.appender.buffer.byte-limit = 33554432 (custom)
2019-09-12 13:47:16,537 [pool-77-thread-1] INFO  server.RaftServerConfigKeys (ConfUtils.java:logGet(43)) - raft.server.log.segment.size.max = 1048576 (custom)
2019-09-12 13:47:16,537 [pool-77-thread-1] INFO  server.RaftServerConfigKeys (ConfUtils.java:logGet(43)) - raft.server.log.segment.cache.num.max = 2 (custom)
2019-09-12 13:47:16,537 [pool-77-thread-1] INFO  segmented.SegmentedRaftLogWorker (SegmentedRaftLogWorker.java:<init>(172)) - new 763d52db-3808-40b7-9749-d7ff45e81d9a@group-3365D4A5E428-SegmentedRaftLogWorker for RaftStorage:Storage Directory /workdir/hadoop-ozone/integration-test/target/test-dir/MiniOzoneClusterImpl-98ba6956-8e51-4dc7-be59-62a375280f0b/datanode-5/data/ratis/a8e35803-a35a-4bf7-8cc2-3365d4a5e428
2019-09-12 13:47:16,542 [pool-77-thread-1] INFO  server.RaftServerConfigKeys (ConfUtils.java:logGet(43)) - raft.server.log.queue.byte-limit = 2147483647 (custom)
2019-09-12 13:47:16,542 [pool-77-thread-1] INFO  server.RaftServerConfigKeys (ConfUtils.java:logGet(43)) - raft.server.log.queue.element-limit = 1024 (custom)
2019-09-12 13:47:16,543 [pool-77-thread-1] INFO  server.RaftServerConfigKeys (ConfUtils.java:logGet(43)) - raft.server.log.segment.size.max = 1048576 (custom)
2019-09-12 13:47:16,543 [pool-77-thread-1] INFO  server.RaftServerConfigKeys (ConfUtils.java:logGet(43)) - raft.server.log.preallocated.size = 16384 (custom)
2019-09-12 13:47:16,543 [pool-77-thread-1] INFO  server.RaftServerConfigKeys (ConfUtils.java:logGet(43)) - raft.server.log.write.buffer.size = 33554432 (custom)
2019-09-12 13:47:16,543 [pool-77-thread-1] INFO  server.RaftServerConfigKeys (ConfUtils.java:logGet(43)) - raft.server.log.force.sync.num = 128 (default)
2019-09-12 13:47:16,543 [pool-77-thread-1] INFO  server.RaftServerConfigKeys (ConfUtils.java:logGet(43)) - raft.server.log.statemachine.data.sync = true (default)
2019-09-12 13:47:16,543 [pool-77-thread-1] INFO  server.RaftServerConfigKeys (ConfUtils.java:logGet(43)) - raft.server.log.statemachine.data.sync.timeout = 10s (default)
2019-09-12 13:47:16,543 [pool-77-thread-1] INFO  server.RaftServerConfigKeys (ConfUtils.java:logGet(43)) - raft.server.log.statemachine.data.sync.timeout.retry = -1 (default)
2019-09-12 13:47:16,544 [pool-77-thread-1] INFO  server.RaftServerConfigKeys (ConfUtils.java:logGet(43)) - raft.server.log.statemachine.data.caching.enabled = true (custom)
2019-09-12 13:47:16,544 [pool-77-thread-1] INFO  segmented.SegmentedRaftLogWorker (SegmentedRaftLogWorker.java:lambda$new$0(132)) - 763d52db-3808-40b7-9749-d7ff45e81d9a@group-3365D4A5E428-SegmentedRaftLogWorker: flushIndex: setUnconditionally 0 -> -1
2019-09-12 13:47:16,544 [pool-77-thread-1] INFO  server.RaftServerConfigKeys (ConfUtils.java:logGet(43)) - raft.server.snapshot.auto.trigger.enabled = true (custom)
2019-09-12 13:47:16,544 [pool-77-thread-1] INFO  server.RaftServerConfigKeys (ConfUtils.java:logGet(43)) - raft.server.snapshot.auto.trigger.threshold = 10000 (custom)
2019-09-12 13:47:16,545 [pool-77-thread-1] INFO  server.RaftServerConfigKeys (ConfUtils.java:logGet(43)) - raft.server.snapshot.retention.num.files = -1 (default)
2019-09-12 13:47:16,545 [pool-77-thread-1] INFO  server.RaftServerConfigKeys (ConfUtils.java:logGet(43)) - raft.server.retrycache.expirytime = 600000ms (custom)
2019-09-12 13:47:16,547 [pool-77-thread-1] INFO  impl.RaftServerImpl (RaftServerImpl.java:start(185)) - 763d52db-3808-40b7-9749-d7ff45e81d9a@group-3365D4A5E428: start as a follower, conf=-1: [763d52db-3808-40b7-9749-d7ff45e81d9a:192.168.34.38:36181], old=null
2019-09-12 13:47:16,547 [pool-77-thread-1] INFO  impl.RaftServerImpl (RaftServerImpl.java:setRole(174)) - 763d52db-3808-40b7-9749-d7ff45e81d9a@group-3365D4A5E428: changes role from      null to FOLLOWER at term 0 for startAsFollower
2019-09-12 13:47:16,547 [pool-77-thread-1] INFO  impl.RoleInfo (RoleInfo.java:updateAndGet(143)) - 763d52db-3808-40b7-9749-d7ff45e81d9a: start FollowerState
2019-09-12 13:47:16,548 [pool-77-thread-1] INFO  util.JmxRegister (JmxRegister.java:tryRegister(44)) - Successfully registered JMX Bean with object name Ratis:service=RaftServer,group=group-3365D4A5E428,id=763d52db-3808-40b7-9749-d7ff45e81d9a
2019-09-12 13:47:16,562 [RatisPipelineUtilsThread] INFO  pipeline.PipelineStateManager (PipelineStateManager.java:addPipeline(56)) - Created pipeline Pipeline[ Id: a8e35803-a35a-4bf7-8cc2-3365d4a5e428, Nodes: 763d52db-3808-40b7-9749-d7ff45e81d9a{ip: 192.168.34.38, host: pr-hdds-2007-65vhz-3510356991, networkLocation: /default-rack, certSerialId: null}, Type:RATIS, Factor:ONE, State:OPEN]
2019-09-12 13:47:16,573 [main] INFO  ozone.MiniOzoneClusterImpl (MiniOzoneClusterImpl.java:lambda$waitForClusterToBeReady$0(145)) - Cluster is ready. Got 10 of 10 DN Heartbeats.
2019-09-12 13:47:16,581 [grpc-default-executor-0] INFO  impl.RaftServerProxy (RaftServerProxy.java:addNew(89)) - 57ae412b-1391-4b0c-ad94-18127dd39aa0: addNew group-34B63D7B0DF4:[57ae412b-1391-4b0c-ad94-18127dd39aa0:192.168.34.38:39194] returns group-34B63D7B0DF4:java.util.concurrent.CompletableFuture@5bdf8b4e[Not completed]
2019-09-12 13:47:16,587 [pool-97-thread-1] INFO  impl.RaftServerImpl (RaftServerImpl.java:<init>(95)) - 57ae412b-1391-4b0c-ad94-18127dd39aa0: new RaftServerImpl for group-34B63D7B0DF4:[57ae412b-1391-4b0c-ad94-18127dd39aa0:192.168.34.38:39194] with ContainerStateMachine:uninitialized
2019-09-12 13:47:16,588 [pool-97-thread-1] INFO  server.RaftServerConfigKeys (ConfUtils.java:logGet(43)) - raft.server.rpc.timeout.min = 1s (custom)
2019-09-12 13:47:16,588 [pool-97-thread-1] INFO  server.RaftServerConfigKeys (ConfUtils.java:logGet(43)) - raft.server.rpc.timeout.max = 1200ms (custom)
2019-09-12 13:47:16,588 [pool-97-thread-1] INFO  server.RaftServerConfigKeys (ConfUtils.java:logGet(43)) - raft.server.rpcslowness.timeout = 120s (custom)
2019-09-12 13:47:16,588 [pool-97-thread-1] INFO  server.RaftServerConfigKeys (ConfUtils.java:logGet(43)) - raft.server.sleep.deviation.threshold = 300 (default)
2019-09-12 13:47:16,588 [pool-97-thread-1] INFO  server.RaftServerConfigKeys (ConfUtils.java:logGet(43)) - raft.server.log.appender.install.snapshot.enabled = false (custom)
2019-09-12 13:47:16,589 [pool-97-thread-1] INFO  impl.RaftServerImpl (ServerState.java:<init>(103)) - 57ae412b-1391-4b0c-ad94-18127dd39aa0@group-34B63D7B0DF4: ConfigurationManager, init=-1: [57ae412b-1391-4b0c-ad94-18127dd39aa0:192.168.34.38:39194], old=null, confs=<EMPTY_MAP>
2019-09-12 13:47:16,589 [pool-97-thread-1] INFO  server.RaftServerConfigKeys (ConfUtils.java:logGet(43)) - raft.server.storage.dir = [/workdir/hadoop-ozone/integration-test/target/test-dir/MiniOzoneClusterImpl-98ba6956-8e51-4dc7-be59-62a375280f0b/datanode-7/data/ratis] (custom)
2019-09-12 13:47:16,589 [pool-97-thread-1] INFO  storage.RaftStorageDirectory (RaftStorageDirectory.java:analyzeStorage(246)) - The storage directory /workdir/hadoop-ozone/integration-test/target/test-dir/MiniOzoneClusterImpl-98ba6956-8e51-4dc7-be59-62a375280f0b/datanode-7/data/ratis/3ebb6408-eb5c-49c7-9c21-34b63d7b0df4 does not exist. Creating ...
2019-09-12 13:47:16,602 [pool-97-thread-1] INFO  storage.RaftStorageDirectory (RaftStorageDirectory.java:tryLock(328)) - Lock on /workdir/hadoop-ozone/integration-test/target/test-dir/MiniOzoneClusterImpl-98ba6956-8e51-4dc7-be59-62a375280f0b/datanode-7/data/ratis/3ebb6408-eb5c-49c7-9c21-34b63d7b0df4/in_use.lock acquired by nodename 9935@pr-hdds-2007-65vhz-3510356991
2019-09-12 13:47:16,615 [pool-97-thread-1] INFO  storage.RaftStorage (RaftStorage.java:format(72)) - Storage directory /workdir/hadoop-ozone/integration-test/target/test-dir/MiniOzoneClusterImpl-98ba6956-8e51-4dc7-be59-62a375280f0b/datanode-7/data/ratis/3ebb6408-eb5c-49c7-9c21-34b63d7b0df4 has been successfully formatted.
2019-09-12 13:47:16,615 [pool-97-thread-1] INFO  ratis.ContainerStateMachine (ContainerStateMachine.java:loadSnapshot(230)) - group-34B63D7B0DF4: The snapshot info is null. Setting the last applied indexto:(t:0, i:~)
2019-09-12 13:47:16,615 [pool-97-thread-1] INFO  server.RaftServerConfigKeys (ConfUtils.java:logGet(43)) - raft.server.notification.no-leader.timeout = 120s (custom)
2019-09-12 13:47:16,615 [pool-97-thread-1] INFO  server.RaftServerConfigKeys (ConfUtils.java:logGet(43)) - raft.server.log.use.memory = false (default)
2019-09-12 13:47:16,616 [pool-97-thread-1] INFO  server.RaftServerConfigKeys (ConfUtils.java:logGet(43)) - raft.server.log.purge.gap = 1000000 (custom)
2019-09-12 13:47:16,616 [pool-97-thread-1] INFO  server.RaftServerConfigKeys (ConfUtils.java:logGet(43)) - raft.server.log.appender.buffer.byte-limit = 33554432 (custom)
2019-09-12 13:47:16,616 [pool-97-thread-1] INFO  server.RaftServerConfigKeys (ConfUtils.java:logGet(43)) - raft.server.log.segment.size.max = 1048576 (custom)
2019-09-12 13:47:16,616 [pool-97-thread-1] INFO  server.RaftServerConfigKeys (ConfUtils.java:logGet(43)) - raft.server.log.segment.cache.num.max = 2 (custom)
2019-09-12 13:47:16,616 [pool-97-thread-1] INFO  segmented.SegmentedRaftLogWorker (SegmentedRaftLogWorker.java:<init>(172)) - new 57ae412b-1391-4b0c-ad94-18127dd39aa0@group-34B63D7B0DF4-SegmentedRaftLogWorker for RaftStorage:Storage Directory /workdir/hadoop-ozone/integration-test/target/test-dir/MiniOzoneClusterImpl-98ba6956-8e51-4dc7-be59-62a375280f0b/datanode-7/data/ratis/3ebb6408-eb5c-49c7-9c21-34b63d7b0df4
2019-09-12 13:47:16,622 [pool-97-thread-1] INFO  server.RaftServerConfigKeys (ConfUtils.java:logGet(43)) - raft.server.log.queue.byte-limit = 2147483647 (custom)
2019-09-12 13:47:16,623 [pool-97-thread-1] INFO  server.RaftServerConfigKeys (ConfUtils.java:logGet(43)) - raft.server.log.queue.element-limit = 1024 (custom)
2019-09-12 13:47:16,623 [pool-97-thread-1] INFO  server.RaftServerConfigKeys (ConfUtils.java:logGet(43)) - raft.server.log.segment.size.max = 1048576 (custom)
2019-09-12 13:47:16,623 [pool-97-thread-1] INFO  server.RaftServerConfigKeys (ConfUtils.java:logGet(43)) - raft.server.log.preallocated.size = 16384 (custom)
2019-09-12 13:47:16,623 [pool-97-thread-1] INFO  server.RaftServerConfigKeys (ConfUtils.java:logGet(43)) - raft.server.log.write.buffer.size = 33554432 (custom)
2019-09-12 13:47:16,624 [pool-97-thread-1] INFO  server.RaftServerConfigKeys (ConfUtils.java:logGet(43)) - raft.server.log.force.sync.num = 128 (default)
2019-09-12 13:47:16,624 [pool-97-thread-1] INFO  server.RaftServerConfigKeys (ConfUtils.java:logGet(43)) - raft.server.log.statemachine.data.sync = true (default)
2019-09-12 13:47:16,624 [pool-97-thread-1] INFO  server.RaftServerConfigKeys (ConfUtils.java:logGet(43)) - raft.server.log.statemachine.data.sync.timeout = 10s (default)
2019-09-12 13:47:16,624 [pool-97-thread-1] INFO  server.RaftServerConfigKeys (ConfUtils.java:logGet(43)) - raft.server.log.statemachine.data.sync.timeout.retry = -1 (default)
2019-09-12 13:47:16,624 [pool-97-thread-1] INFO  server.RaftServerConfigKeys (ConfUtils.java:logGet(43)) - raft.server.log.statemachine.data.caching.enabled = true (custom)
2019-09-12 13:47:16,625 [pool-97-thread-1] INFO  segmented.SegmentedRaftLogWorker (SegmentedRaftLogWorker.java:lambda$new$0(132)) - 57ae412b-1391-4b0c-ad94-18127dd39aa0@group-34B63D7B0DF4-SegmentedRaftLogWorker: flushIndex: setUnconditionally 0 -> -1
2019-09-12 13:47:16,625 [pool-97-thread-1] INFO  server.RaftServerConfigKeys (ConfUtils.java:logGet(43)) - raft.server.snapshot.auto.trigger.enabled = true (custom)
2019-09-12 13:47:16,625 [pool-97-thread-1] INFO  server.RaftServerConfigKeys (ConfUtils.java:logGet(43)) - raft.server.snapshot.auto.trigger.threshold = 10000 (custom)
2019-09-12 13:47:16,626 [pool-97-thread-1] INFO  server.RaftServerConfigKeys (ConfUtils.java:logGet(43)) - raft.server.snapshot.retention.num.files = -1 (default)
2019-09-12 13:47:16,626 [pool-97-thread-1] INFO  server.RaftServerConfigKeys (ConfUtils.java:logGet(43)) - raft.server.retrycache.expirytime = 600000ms (custom)
2019-09-12 13:47:16,629 [pool-97-thread-1] INFO  impl.RaftServerImpl (RaftServerImpl.java:start(185)) - 57ae412b-1391-4b0c-ad94-18127dd39aa0@group-34B63D7B0DF4: start as a follower, conf=-1: [57ae412b-1391-4b0c-ad94-18127dd39aa0:192.168.34.38:39194], old=null
2019-09-12 13:47:16,629 [pool-97-thread-1] INFO  impl.RaftServerImpl (RaftServerImpl.java:setRole(174)) - 57ae412b-1391-4b0c-ad94-18127dd39aa0@group-34B63D7B0DF4: changes role from      null to FOLLOWER at term 0 for startAsFollower
2019-09-12 13:47:16,629 [pool-97-thread-1] INFO  impl.RoleInfo (RoleInfo.java:updateAndGet(143)) - 57ae412b-1391-4b0c-ad94-18127dd39aa0: start FollowerState
2019-09-12 13:47:16,630 [pool-97-thread-1] INFO  util.JmxRegister (JmxRegister.java:tryRegister(44)) - Successfully registered JMX Bean with object name Ratis:service=RaftServer,group=group-34B63D7B0DF4,id=57ae412b-1391-4b0c-ad94-18127dd39aa0
2019-09-12 13:47:16,650 [RatisPipelineUtilsThread] INFO  pipeline.PipelineStateManager (PipelineStateManager.java:addPipeline(56)) - Created pipeline Pipeline[ Id: 3ebb6408-eb5c-49c7-9c21-34b63d7b0df4, Nodes: 57ae412b-1391-4b0c-ad94-18127dd39aa0{ip: 192.168.34.38, host: pr-hdds-2007-65vhz-3510356991, networkLocation: /default-rack, certSerialId: null}, Type:RATIS, Factor:ONE, State:OPEN]
2019-09-12 13:47:16,728 [Thread-285] INFO  impl.FollowerState (FollowerState.java:run(106)) - eb4af5da-c929-4f10-b53e-ce7f20abad1a:group-35E83EEC39F9 changes to CANDIDATE, lastRpcTime:1078, electionTimeout:1062ms
2019-09-12 13:47:16,737 [Thread-285] INFO  impl.RoleInfo (RoleInfo.java:shutdownFollowerState(121)) - eb4af5da-c929-4f10-b53e-ce7f20abad1a: shutdown FollowerState
2019-09-12 13:47:16,751 [Thread-285] INFO  impl.RaftServerImpl (RaftServerImpl.java:setRole(174)) - eb4af5da-c929-4f10-b53e-ce7f20abad1a@group-35E83EEC39F9: changes role from  FOLLOWER to CANDIDATE at term 0 for changeToCandidate
2019-09-12 13:47:16,770 [Thread-285] INFO  impl.RoleInfo (RoleInfo.java:updateAndGet(143)) - eb4af5da-c929-4f10-b53e-ce7f20abad1a: start LeaderElection
2019-09-12 13:47:16,794 [grpc-default-executor-0] INFO  impl.RaftServerProxy (RaftServerProxy.java:addNew(89)) - 48cce45d-95d9-4826-8e27-c253c7fb318f: addNew group-E77E49095420:[48cce45d-95d9-4826-8e27-c253c7fb318f:192.168.34.38:45076] returns group-E77E49095420:java.util.concurrent.CompletableFuture@125b717b[Not completed]
2019-09-12 13:47:16,839 [eb4af5da-c929-4f10-b53e-ce7f20abad1a@group-35E83EEC39F9:LeaderElection1] INFO  impl.LeaderElection (LeaderElection.java:askForVotes(182)) - eb4af5da-c929-4f10-b53e-ce7f20abad1a@group-35E83EEC39F9:LeaderElection1: begin an election at term 1 for -1: [eb4af5da-c929-4f10-b53e-ce7f20abad1a:192.168.34.38:38959], old=null
2019-09-12 13:47:16,844 [pool-117-thread-1] INFO  impl.RaftServerImpl (RaftServerImpl.java:<init>(95)) - 48cce45d-95d9-4826-8e27-c253c7fb318f: new RaftServerImpl for group-E77E49095420:[48cce45d-95d9-4826-8e27-c253c7fb318f:192.168.34.38:45076] with ContainerStateMachine:uninitialized
2019-09-12 13:47:16,844 [pool-117-thread-1] INFO  server.RaftServerConfigKeys (ConfUtils.java:logGet(43)) - raft.server.rpc.timeout.min = 1s (custom)
2019-09-12 13:47:16,847 [pool-117-thread-1] INFO  server.RaftServerConfigKeys (ConfUtils.java:logGet(43)) - raft.server.rpc.timeout.max = 1200ms (custom)
2019-09-12 13:47:16,847 [pool-117-thread-1] INFO  server.RaftServerConfigKeys (ConfUtils.java:logGet(43)) - raft.server.rpcslowness.timeout = 120s (custom)
2019-09-12 13:47:16,847 [pool-117-thread-1] INFO  server.RaftServerConfigKeys (ConfUtils.java:logGet(43)) - raft.server.sleep.deviation.threshold = 300 (default)
2019-09-12 13:47:16,847 [pool-117-thread-1] INFO  server.RaftServerConfigKeys (ConfUtils.java:logGet(43)) - raft.server.log.appender.install.snapshot.enabled = false (custom)
2019-09-12 13:47:16,847 [pool-117-thread-1] INFO  impl.RaftServerImpl (ServerState.java:<init>(103)) - 48cce45d-95d9-4826-8e27-c253c7fb318f@group-E77E49095420: ConfigurationManager, init=-1: [48cce45d-95d9-4826-8e27-c253c7fb318f:192.168.34.38:45076], old=null, confs=<EMPTY_MAP>
2019-09-12 13:47:16,847 [pool-117-thread-1] INFO  server.RaftServerConfigKeys (ConfUtils.java:logGet(43)) - raft.server.storage.dir = [/workdir/hadoop-ozone/integration-test/target/test-dir/MiniOzoneClusterImpl-98ba6956-8e51-4dc7-be59-62a375280f0b/datanode-9/data/ratis] (custom)
2019-09-12 13:47:16,848 [eb4af5da-c929-4f10-b53e-ce7f20abad1a@group-35E83EEC39F9:LeaderElection1] INFO  impl.RoleInfo (RoleInfo.java:shutdownLeaderElection(134)) - eb4af5da-c929-4f10-b53e-ce7f20abad1a: shutdown LeaderElection
2019-09-12 13:47:16,848 [pool-117-thread-1] INFO  storage.RaftStorageDirectory (RaftStorageDirectory.java:analyzeStorage(246)) - The storage directory /workdir/hadoop-ozone/integration-test/target/test-dir/MiniOzoneClusterImpl-98ba6956-8e51-4dc7-be59-62a375280f0b/datanode-9/data/ratis/ad4493ec-aea2-43e7-a7f1-e77e49095420 does not exist. Creating ...
2019-09-12 13:47:16,849 [eb4af5da-c929-4f10-b53e-ce7f20abad1a@group-35E83EEC39F9:LeaderElection1] INFO  impl.RaftServerImpl (RaftServerImpl.java:setRole(174)) - eb4af5da-c929-4f10-b53e-ce7f20abad1a@group-35E83EEC39F9: changes role from CANDIDATE to LEADER at term 1 for changeToLeader
2019-09-12 13:47:16,849 [eb4af5da-c929-4f10-b53e-ce7f20abad1a@group-35E83EEC39F9:LeaderElection1] INFO  impl.RaftServerImpl (ServerState.java:setLeader(253)) - eb4af5da-c929-4f10-b53e-ce7f20abad1a@group-35E83EEC39F9: change Leader from null to eb4af5da-c929-4f10-b53e-ce7f20abad1a at term 1 for becomeLeader, leader elected after 1332ms
2019-09-12 13:47:16,857 [eb4af5da-c929-4f10-b53e-ce7f20abad1a@group-35E83EEC39F9:LeaderElection1] INFO  server.RaftServerConfigKeys (ConfUtils.java:logGet(43)) - raft.server.staging.catchup.gap = 1000 (default)
2019-09-12 13:47:16,857 [eb4af5da-c929-4f10-b53e-ce7f20abad1a@group-35E83EEC39F9:LeaderElection1] INFO  server.RaftServerConfigKeys (ConfUtils.java:logGet(43)) - raft.server.rpc.sleep.time = 25ms (default)
2019-09-12 13:47:16,860 [eb4af5da-c929-4f10-b53e-ce7f20abad1a@group-35E83EEC39F9:LeaderElection1] INFO  server.RaftServerConfigKeys (ConfUtils.java:logGet(43)) - raft.server.write.element-limit = 4096 (default)
2019-09-12 13:47:16,861 [pool-117-thread-1] INFO  storage.RaftStorageDirectory (RaftStorageDirectory.java:tryLock(328)) - Lock on /workdir/hadoop-ozone/integration-test/target/test-dir/MiniOzoneClusterImpl-98ba6956-8e51-4dc7-be59-62a375280f0b/datanode-9/data/ratis/ad4493ec-aea2-43e7-a7f1-e77e49095420/in_use.lock acquired by nodename 9935@pr-hdds-2007-65vhz-3510356991
2019-09-12 13:47:16,864 [eb4af5da-c929-4f10-b53e-ce7f20abad1a@group-35E83EEC39F9:LeaderElection1] INFO  server.RaftServerConfigKeys (ConfUtils.java:logGet(43)) - raft.server.watch.timeout = 10s (default)
2019-09-12 13:47:16,864 [eb4af5da-c929-4f10-b53e-ce7f20abad1a@group-35E83EEC39F9:LeaderElection1] INFO  server.RaftServerConfigKeys (ConfUtils.java:logGet(43)) - raft.server.watch.timeout.denomination = 1s (default)
2019-09-12 13:47:16,865 [eb4af5da-c929-4f10-b53e-ce7f20abad1a@group-35E83EEC39F9:LeaderElection1] INFO  server.RaftServerConfigKeys (ConfUtils.java:logGet(43)) - raft.server.watch.element-limit = 65536 (default)
2019-09-12 13:47:16,874 [pool-117-thread-1] INFO  storage.RaftStorage (RaftStorage.java:format(72)) - Storage directory /workdir/hadoop-ozone/integration-test/target/test-dir/MiniOzoneClusterImpl-98ba6956-8e51-4dc7-be59-62a375280f0b/datanode-9/data/ratis/ad4493ec-aea2-43e7-a7f1-e77e49095420 has been successfully formatted.
2019-09-12 13:47:16,875 [pool-117-thread-1] INFO  ratis.ContainerStateMachine (ContainerStateMachine.java:loadSnapshot(230)) - group-E77E49095420: The snapshot info is null. Setting the last applied indexto:(t:0, i:~)
2019-09-12 13:47:16,875 [pool-117-thread-1] INFO  server.RaftServerConfigKeys (ConfUtils.java:logGet(43)) - raft.server.notification.no-leader.timeout = 120s (custom)
2019-09-12 13:47:16,875 [pool-117-thread-1] INFO  server.RaftServerConfigKeys (ConfUtils.java:logGet(43)) - raft.server.log.use.memory = false (default)
2019-09-12 13:47:16,875 [pool-117-thread-1] INFO  server.RaftServerConfigKeys (ConfUtils.java:logGet(43)) - raft.server.log.purge.gap = 1000000 (custom)
2019-09-12 13:47:16,875 [pool-117-thread-1] INFO  server.RaftServerConfigKeys (ConfUtils.java:logGet(43)) - raft.server.log.appender.buffer.byte-limit = 33554432 (custom)
2019-09-12 13:47:16,876 [pool-117-thread-1] INFO  server.RaftServerConfigKeys (ConfUtils.java:logGet(43)) - raft.server.log.segment.size.max = 1048576 (custom)
2019-09-12 13:47:16,876 [pool-117-thread-1] INFO  server.RaftServerConfigKeys (ConfUtils.java:logGet(43)) - raft.server.log.segment.cache.num.max = 2 (custom)
2019-09-12 13:47:16,876 [pool-117-thread-1] INFO  segmented.SegmentedRaftLogWorker (SegmentedRaftLogWorker.java:<init>(172)) - new 48cce45d-95d9-4826-8e27-c253c7fb318f@group-E77E49095420-SegmentedRaftLogWorker for RaftStorage:Storage Directory /workdir/hadoop-ozone/integration-test/target/test-dir/MiniOzoneClusterImpl-98ba6956-8e51-4dc7-be59-62a375280f0b/datanode-9/data/ratis/ad4493ec-aea2-43e7-a7f1-e77e49095420
2019-09-12 13:47:16,879 [pool-117-thread-1] INFO  server.RaftServerConfigKeys (ConfUtils.java:logGet(43)) - raft.server.log.queue.byte-limit = 2147483647 (custom)
2019-09-12 13:47:16,879 [pool-117-thread-1] INFO  server.RaftServerConfigKeys (ConfUtils.java:logGet(43)) - raft.server.log.queue.element-limit = 1024 (custom)
2019-09-12 13:47:16,879 [pool-117-thread-1] INFO  server.RaftServerConfigKeys (ConfUtils.java:logGet(43)) - raft.server.log.segment.size.max = 1048576 (custom)
2019-09-12 13:47:16,879 [pool-117-thread-1] INFO  server.RaftServerConfigKeys (ConfUtils.java:logGet(43)) - raft.server.log.preallocated.size = 16384 (custom)
2019-09-12 13:47:16,880 [pool-117-thread-1] INFO  server.RaftServerConfigKeys (ConfUtils.java:logGet(43)) - raft.server.log.write.buffer.size = 33554432 (custom)
2019-09-12 13:47:16,880 [pool-117-thread-1] INFO  server.RaftServerConfigKeys (ConfUtils.java:logGet(43)) - raft.server.log.force.sync.num = 128 (default)
2019-09-12 13:47:16,880 [pool-117-thread-1] INFO  server.RaftServerConfigKeys (ConfUtils.java:logGet(43)) - raft.server.log.statemachine.data.sync = true (default)
2019-09-12 13:47:16,880 [pool-117-thread-1] INFO  server.RaftServerConfigKeys (ConfUtils.java:logGet(43)) - raft.server.log.statemachine.data.sync.timeout = 10s (default)
2019-09-12 13:47:16,880 [pool-117-thread-1] INFO  server.RaftServerConfigKeys (ConfUtils.java:logGet(43)) - raft.server.log.statemachine.data.sync.timeout.retry = -1 (default)
2019-09-12 13:47:16,881 [pool-117-thread-1] INFO  server.RaftServerConfigKeys (ConfUtils.java:logGet(43)) - raft.server.log.statemachine.data.caching.enabled = true (custom)
2019-09-12 13:47:16,881 [pool-117-thread-1] INFO  segmented.SegmentedRaftLogWorker (SegmentedRaftLogWorker.java:lambda$new$0(132)) - 48cce45d-95d9-4826-8e27-c253c7fb318f@group-E77E49095420-SegmentedRaftLogWorker: flushIndex: setUnconditionally 0 -> -1
2019-09-12 13:47:16,881 [pool-117-thread-1] INFO  server.RaftServerConfigKeys (ConfUtils.java:logGet(43)) - raft.server.snapshot.auto.trigger.enabled = true (custom)
2019-09-12 13:47:16,882 [pool-117-thread-1] INFO  server.RaftServerConfigKeys (ConfUtils.java:logGet(43)) - raft.server.snapshot.auto.trigger.threshold = 10000 (custom)
2019-09-12 13:47:16,882 [pool-117-thread-1] INFO  server.RaftServerConfigKeys (ConfUtils.java:logGet(43)) - raft.server.snapshot.retention.num.files = -1 (default)
2019-09-12 13:47:16,882 [pool-117-thread-1] INFO  server.RaftServerConfigKeys (ConfUtils.java:logGet(43)) - raft.server.retrycache.expirytime = 600000ms (custom)
2019-09-12 13:47:16,883 [eb4af5da-c929-4f10-b53e-ce7f20abad1a@group-35E83EEC39F9:LeaderElection1] INFO  impl.RoleInfo (RoleInfo.java:updateAndGet(143)) - eb4af5da-c929-4f10-b53e-ce7f20abad1a: start LeaderState
2019-09-12 13:47:16,885 [pool-117-thread-1] INFO  impl.RaftServerImpl (RaftServerImpl.java:start(185)) - 48cce45d-95d9-4826-8e27-c253c7fb318f@group-E77E49095420: start as a follower, conf=-1: [48cce45d-95d9-4826-8e27-c253c7fb318f:192.168.34.38:45076], old=null
2019-09-12 13:47:16,885 [pool-117-thread-1] INFO  impl.RaftServerImpl (RaftServerImpl.java:setRole(174)) - 48cce45d-95d9-4826-8e27-c253c7fb318f@group-E77E49095420: changes role from      null to FOLLOWER at term 0 for startAsFollower
2019-09-12 13:47:16,885 [pool-117-thread-1] INFO  impl.RoleInfo (RoleInfo.java:updateAndGet(143)) - 48cce45d-95d9-4826-8e27-c253c7fb318f: start FollowerState
2019-09-12 13:47:16,886 [pool-117-thread-1] INFO  util.JmxRegister (JmxRegister.java:tryRegister(44)) - Successfully registered JMX Bean with object name Ratis:service=RaftServer,group=group-E77E49095420,id=48cce45d-95d9-4826-8e27-c253c7fb318f
2019-09-12 13:47:16,897 [RatisPipelineUtilsThread] INFO  pipeline.PipelineStateManager (PipelineStateManager.java:addPipeline(56)) - Created pipeline Pipeline[ Id: ad4493ec-aea2-43e7-a7f1-e77e49095420, Nodes: 48cce45d-95d9-4826-8e27-c253c7fb318f{ip: 192.168.34.38, host: pr-hdds-2007-65vhz-3510356991, networkLocation: /default-rack, certSerialId: null}, Type:RATIS, Factor:ONE, State:OPEN]
2019-09-12 13:47:16,930 [grpc-default-executor-2] INFO  impl.RaftServerProxy (RaftServerProxy.java:addNew(89)) - 92e4cfa5-488b-4a46-94d1-80a7c527ff9a: addNew group-FF9390A4C18C:[6ac4bcf8-6973-4d27-bc88-57130dead3af:192.168.34.38:43308, 3ef341d8-3296-48d4-9b49-005c11ca2b71:192.168.34.38:43198, 92e4cfa5-488b-4a46-94d1-80a7c527ff9a:192.168.34.38:36780] returns group-FF9390A4C18C:java.util.concurrent.CompletableFuture@1e4f2701[Not completed]
2019-09-12 13:47:16,933 [grpc-default-executor-1] INFO  impl.RaftServerProxy (RaftServerProxy.java:addNew(89)) - 6ac4bcf8-6973-4d27-bc88-57130dead3af: addNew group-FF9390A4C18C:[6ac4bcf8-6973-4d27-bc88-57130dead3af:192.168.34.38:43308, 3ef341d8-3296-48d4-9b49-005c11ca2b71:192.168.34.38:43198, 92e4cfa5-488b-4a46-94d1-80a7c527ff9a:192.168.34.38:36780] returns group-FF9390A4C18C:java.util.concurrent.CompletableFuture@28c94e83[Not completed]
2019-09-12 13:47:16,938 [grpc-default-executor-0] INFO  impl.RaftServerProxy (RaftServerProxy.java:addNew(89)) - 3ef341d8-3296-48d4-9b49-005c11ca2b71: addNew group-FF9390A4C18C:[6ac4bcf8-6973-4d27-bc88-57130dead3af:192.168.34.38:43308, 3ef341d8-3296-48d4-9b49-005c11ca2b71:192.168.34.38:43198, 92e4cfa5-488b-4a46-94d1-80a7c527ff9a:192.168.34.38:36780] returns group-FF9390A4C18C:java.util.concurrent.CompletableFuture@651af1eb[Not completed]
2019-09-12 13:47:16,938 [pool-67-thread-1] INFO  impl.RaftServerImpl (RaftServerImpl.java:<init>(95)) - 92e4cfa5-488b-4a46-94d1-80a7c527ff9a: new RaftServerImpl for group-FF9390A4C18C:[6ac4bcf8-6973-4d27-bc88-57130dead3af:192.168.34.38:43308, 3ef341d8-3296-48d4-9b49-005c11ca2b71:192.168.34.38:43198, 92e4cfa5-488b-4a46-94d1-80a7c527ff9a:192.168.34.38:36780] with ContainerStateMachine:uninitialized
2019-09-12 13:47:16,939 [eb4af5da-c929-4f10-b53e-ce7f20abad1a@group-35E83EEC39F9:LeaderElection1] INFO  segmented.SegmentedRaftLogWorker (SegmentedRaftLogWorker.java:startLogSegment(380)) - eb4af5da-c929-4f10-b53e-ce7f20abad1a@group-35E83EEC39F9-SegmentedRaftLogWorker: Starting segment from index:0
2019-09-12 13:47:16,939 [pool-67-thread-1] INFO  server.RaftServerConfigKeys (ConfUtils.java:logGet(43)) - raft.server.rpc.timeout.min = 1s (custom)
2019-09-12 13:47:16,939 [pool-67-thread-1] INFO  server.RaftServerConfigKeys (ConfUtils.java:logGet(43)) - raft.server.rpc.timeout.max = 1200ms (custom)
2019-09-12 13:47:16,939 [pool-67-thread-1] INFO  server.RaftServerConfigKeys (ConfUtils.java:logGet(43)) - raft.server.rpcslowness.timeout = 120s (custom)
2019-09-12 13:47:16,939 [pool-67-thread-1] INFO  server.RaftServerConfigKeys (ConfUtils.java:logGet(43)) - raft.server.sleep.deviation.threshold = 300 (default)
2019-09-12 13:47:16,939 [pool-87-thread-1] INFO  impl.RaftServerImpl (RaftServerImpl.java:<init>(95)) - 3ef341d8-3296-48d4-9b49-005c11ca2b71: new RaftServerImpl for group-FF9390A4C18C:[6ac4bcf8-6973-4d27-bc88-57130dead3af:192.168.34.38:43308, 3ef341d8-3296-48d4-9b49-005c11ca2b71:192.168.34.38:43198, 92e4cfa5-488b-4a46-94d1-80a7c527ff9a:192.168.34.38:36780] with ContainerStateMachine:uninitialized
2019-09-12 13:47:16,939 [pool-67-thread-1] INFO  server.RaftServerConfigKeys (ConfUtils.java:logGet(43)) - raft.server.log.appender.install.snapshot.enabled = false (custom)
2019-09-12 13:47:16,940 [pool-87-thread-1] INFO  server.RaftServerConfigKeys (ConfUtils.java:logGet(43)) - raft.server.rpc.timeout.min = 1s (custom)
2019-09-12 13:47:16,940 [pool-67-thread-1] INFO  impl.RaftServerImpl (ServerState.java:<init>(103)) - 92e4cfa5-488b-4a46-94d1-80a7c527ff9a@group-FF9390A4C18C: ConfigurationManager, init=-1: [6ac4bcf8-6973-4d27-bc88-57130dead3af:192.168.34.38:43308, 3ef341d8-3296-48d4-9b49-005c11ca2b71:192.168.34.38:43198, 92e4cfa5-488b-4a46-94d1-80a7c527ff9a:192.168.34.38:36780], old=null, confs=<EMPTY_MAP>
2019-09-12 13:47:16,940 [pool-87-thread-1] INFO  server.RaftServerConfigKeys (ConfUtils.java:logGet(43)) - raft.server.rpc.timeout.max = 1200ms (custom)
2019-09-12 13:47:16,940 [pool-67-thread-1] INFO  server.RaftServerConfigKeys (ConfUtils.java:logGet(43)) - raft.server.storage.dir = [/workdir/hadoop-ozone/integration-test/target/test-dir/MiniOzoneClusterImpl-98ba6956-8e51-4dc7-be59-62a375280f0b/datanode-4/data/ratis] (custom)
2019-09-12 13:47:16,940 [pool-87-thread-1] INFO  server.RaftServerConfigKeys (ConfUtils.java:logGet(43)) - raft.server.rpcslowness.timeout = 120s (custom)
2019-09-12 13:47:16,940 [pool-87-thread-1] INFO  server.RaftServerConfigKeys (ConfUtils.java:logGet(43)) - raft.server.sleep.deviation.threshold = 300 (default)
2019-09-12 13:47:16,940 [pool-47-thread-1] INFO  impl.RaftServerImpl (RaftServerImpl.java:<init>(95)) - 6ac4bcf8-6973-4d27-bc88-57130dead3af: new RaftServerImpl for group-FF9390A4C18C:[6ac4bcf8-6973-4d27-bc88-57130dead3af:192.168.34.38:43308, 3ef341d8-3296-48d4-9b49-005c11ca2b71:192.168.34.38:43198, 92e4cfa5-488b-4a46-94d1-80a7c527ff9a:192.168.34.38:36780] with ContainerStateMachine:uninitialized
2019-09-12 13:47:16,941 [pool-67-thread-1] INFO  storage.RaftStorageDirectory (RaftStorageDirectory.java:analyzeStorage(246)) - The storage directory /workdir/hadoop-ozone/integration-test/target/test-dir/MiniOzoneClusterImpl-98ba6956-8e51-4dc7-be59-62a375280f0b/datanode-4/data/ratis/14334f41-af10-4df4-81be-ff9390a4c18c does not exist. Creating ...
2019-09-12 13:47:16,941 [pool-47-thread-1] INFO  server.RaftServerConfigKeys (ConfUtils.java:logGet(43)) - raft.server.rpc.timeout.min = 1s (custom)
2019-09-12 13:47:16,941 [pool-87-thread-1] INFO  server.RaftServerConfigKeys (ConfUtils.java:logGet(43)) - raft.server.log.appender.install.snapshot.enabled = false (custom)
2019-09-12 13:47:16,943 [pool-47-thread-1] INFO  server.RaftServerConfigKeys (ConfUtils.java:logGet(43)) - raft.server.rpc.timeout.max = 1200ms (custom)
2019-09-12 13:47:16,943 [pool-87-thread-1] INFO  impl.RaftServerImpl (ServerState.java:<init>(103)) - 3ef341d8-3296-48d4-9b49-005c11ca2b71@group-FF9390A4C18C: ConfigurationManager, init=-1: [6ac4bcf8-6973-4d27-bc88-57130dead3af:192.168.34.38:43308, 3ef341d8-3296-48d4-9b49-005c11ca2b71:192.168.34.38:43198, 92e4cfa5-488b-4a46-94d1-80a7c527ff9a:192.168.34.38:36780], old=null, confs=<EMPTY_MAP>
2019-09-12 13:47:16,945 [pool-47-thread-1] INFO  server.RaftServerConfigKeys (ConfUtils.java:logGet(43)) - raft.server.rpcslowness.timeout = 120s (custom)
2019-09-12 13:47:16,945 [pool-87-thread-1] INFO  server.RaftServerConfigKeys (ConfUtils.java:logGet(43)) - raft.server.storage.dir = [/workdir/hadoop-ozone/integration-test/target/test-dir/MiniOzoneClusterImpl-98ba6956-8e51-4dc7-be59-62a375280f0b/datanode-6/data/ratis] (custom)
2019-09-12 13:47:16,945 [pool-47-thread-1] INFO  server.RaftServerConfigKeys (ConfUtils.java:logGet(43)) - raft.server.sleep.deviation.threshold = 300 (default)
2019-09-12 13:47:16,945 [pool-47-thread-1] INFO  server.RaftServerConfigKeys (ConfUtils.java:logGet(43)) - raft.server.log.appender.install.snapshot.enabled = false (custom)
2019-09-12 13:47:16,945 [pool-87-thread-1] INFO  storage.RaftStorageDirectory (RaftStorageDirectory.java:analyzeStorage(246)) - The storage directory /workdir/hadoop-ozone/integration-test/target/test-dir/MiniOzoneClusterImpl-98ba6956-8e51-4dc7-be59-62a375280f0b/datanode-6/data/ratis/14334f41-af10-4df4-81be-ff9390a4c18c does not exist. Creating ...
2019-09-12 13:47:16,945 [pool-47-thread-1] INFO  impl.RaftServerImpl (ServerState.java:<init>(103)) - 6ac4bcf8-6973-4d27-bc88-57130dead3af@group-FF9390A4C18C: ConfigurationManager, init=-1: [6ac4bcf8-6973-4d27-bc88-57130dead3af:192.168.34.38:43308, 3ef341d8-3296-48d4-9b49-005c11ca2b71:192.168.34.38:43198, 92e4cfa5-488b-4a46-94d1-80a7c527ff9a:192.168.34.38:36780], old=null, confs=<EMPTY_MAP>
2019-09-12 13:47:16,945 [pool-47-thread-1] INFO  server.RaftServerConfigKeys (ConfUtils.java:logGet(43)) - raft.server.storage.dir = [/workdir/hadoop-ozone/integration-test/target/test-dir/MiniOzoneClusterImpl-98ba6956-8e51-4dc7-be59-62a375280f0b/datanode-2/data/ratis] (custom)
2019-09-12 13:47:16,946 [pool-47-thread-1] INFO  storage.RaftStorageDirectory (RaftStorageDirectory.java:analyzeStorage(246)) - The storage directory /workdir/hadoop-ozone/integration-test/target/test-dir/MiniOzoneClusterImpl-98ba6956-8e51-4dc7-be59-62a375280f0b/datanode-2/data/ratis/14334f41-af10-4df4-81be-ff9390a4c18c does not exist. Creating ...
2019-09-12 13:47:16,951 [eb4af5da-c929-4f10-b53e-ce7f20abad1a@group-35E83EEC39F9:LeaderElection1] INFO  impl.RaftServerImpl (ServerState.java:setRaftConf(354)) - eb4af5da-c929-4f10-b53e-ce7f20abad1a@group-35E83EEC39F9: set configuration 0: [eb4af5da-c929-4f10-b53e-ce7f20abad1a:192.168.34.38:38959], old=null at 0
2019-09-12 13:47:16,967 [pool-87-thread-1] INFO  storage.RaftStorageDirectory (RaftStorageDirectory.java:tryLock(328)) - Lock on /workdir/hadoop-ozone/integration-test/target/test-dir/MiniOzoneClusterImpl-98ba6956-8e51-4dc7-be59-62a375280f0b/datanode-6/data/ratis/14334f41-af10-4df4-81be-ff9390a4c18c/in_use.lock acquired by nodename 9935@pr-hdds-2007-65vhz-3510356991
2019-09-12 13:47:16,967 [pool-47-thread-1] INFO  storage.RaftStorageDirectory (RaftStorageDirectory.java:tryLock(328)) - Lock on /workdir/hadoop-ozone/integration-test/target/test-dir/MiniOzoneClusterImpl-98ba6956-8e51-4dc7-be59-62a375280f0b/datanode-2/data/ratis/14334f41-af10-4df4-81be-ff9390a4c18c/in_use.lock acquired by nodename 9935@pr-hdds-2007-65vhz-3510356991
2019-09-12 13:47:16,967 [pool-67-thread-1] INFO  storage.RaftStorageDirectory (RaftStorageDirectory.java:tryLock(328)) - Lock on /workdir/hadoop-ozone/integration-test/target/test-dir/MiniOzoneClusterImpl-98ba6956-8e51-4dc7-be59-62a375280f0b/datanode-4/data/ratis/14334f41-af10-4df4-81be-ff9390a4c18c/in_use.lock acquired by nodename 9935@pr-hdds-2007-65vhz-3510356991
2019-09-12 13:47:16,984 [pool-47-thread-1] INFO  storage.RaftStorage (RaftStorage.java:format(72)) - Storage directory /workdir/hadoop-ozone/integration-test/target/test-dir/MiniOzoneClusterImpl-98ba6956-8e51-4dc7-be59-62a375280f0b/datanode-2/data/ratis/14334f41-af10-4df4-81be-ff9390a4c18c has been successfully formatted.
2019-09-12 13:47:16,984 [pool-87-thread-1] INFO  storage.RaftStorage (RaftStorage.java:format(72)) - Storage directory /workdir/hadoop-ozone/integration-test/target/test-dir/MiniOzoneClusterImpl-98ba6956-8e51-4dc7-be59-62a375280f0b/datanode-6/data/ratis/14334f41-af10-4df4-81be-ff9390a4c18c has been successfully formatted.
2019-09-12 13:47:16,985 [pool-47-thread-1] INFO  ratis.ContainerStateMachine (ContainerStateMachine.java:loadSnapshot(230)) - group-FF9390A4C18C: The snapshot info is null. Setting the last applied indexto:(t:0, i:~)
2019-09-12 13:47:16,984 [pool-67-thread-1] INFO  storage.RaftStorage (RaftStorage.java:format(72)) - Storage directory /workdir/hadoop-ozone/integration-test/target/test-dir/MiniOzoneClusterImpl-98ba6956-8e51-4dc7-be59-62a375280f0b/datanode-4/data/ratis/14334f41-af10-4df4-81be-ff9390a4c18c has been successfully formatted.
2019-09-12 13:47:16,985 [pool-47-thread-1] INFO  server.RaftServerConfigKeys (ConfUtils.java:logGet(43)) - raft.server.notification.no-leader.timeout = 120s (custom)
2019-09-12 13:47:16,985 [pool-87-thread-1] INFO  ratis.ContainerStateMachine (ContainerStateMachine.java:loadSnapshot(230)) - group-FF9390A4C18C: The snapshot info is null. Setting the last applied indexto:(t:0, i:~)
2019-09-12 13:47:16,985 [pool-67-thread-1] INFO  ratis.ContainerStateMachine (ContainerStateMachine.java:loadSnapshot(230)) - group-FF9390A4C18C: The snapshot info is null. Setting the last applied indexto:(t:0, i:~)
2019-09-12 13:47:16,985 [pool-47-thread-1] INFO  server.RaftServerConfigKeys (ConfUtils.java:logGet(43)) - raft.server.log.use.memory = false (default)
2019-09-12 13:47:16,985 [pool-67-thread-1] INFO  server.RaftServerConfigKeys (ConfUtils.java:logGet(43)) - raft.server.notification.no-leader.timeout = 120s (custom)
2019-09-12 13:47:16,985 [pool-87-thread-1] INFO  server.RaftServerConfigKeys (ConfUtils.java:logGet(43)) - raft.server.notification.no-leader.timeout = 120s (custom)
2019-09-12 13:47:16,986 [pool-67-thread-1] INFO  server.RaftServerConfigKeys (ConfUtils.java:logGet(43)) - raft.server.log.use.memory = false (default)
2019-09-12 13:47:16,986 [pool-47-thread-1] INFO  server.RaftServerConfigKeys (ConfUtils.java:logGet(43)) - raft.server.log.purge.gap = 1000000 (custom)
2019-09-12 13:47:16,986 [pool-67-thread-1] INFO  server.RaftServerConfigKeys (ConfUtils.java:logGet(43)) - raft.server.log.purge.gap = 1000000 (custom)
2019-09-12 13:47:16,986 [pool-87-thread-1] INFO  server.RaftServerConfigKeys (ConfUtils.java:logGet(43)) - raft.server.log.use.memory = false (default)
2019-09-12 13:47:16,987 [pool-67-thread-1] INFO  server.RaftServerConfigKeys (ConfUtils.java:logGet(43)) - raft.server.log.appender.buffer.byte-limit = 33554432 (custom)
2019-09-12 13:47:16,986 [pool-47-thread-1] INFO  server.RaftServerConfigKeys (ConfUtils.java:logGet(43)) - raft.server.log.appender.buffer.byte-limit = 33554432 (custom)
2019-09-12 13:47:16,987 [pool-67-thread-1] INFO  server.RaftServerConfigKeys (ConfUtils.java:logGet(43)) - raft.server.log.segment.size.max = 1048576 (custom)
2019-09-12 13:47:16,987 [pool-87-thread-1] INFO  server.RaftServerConfigKeys (ConfUtils.java:logGet(43)) - raft.server.log.purge.gap = 1000000 (custom)
2019-09-12 13:47:16,987 [pool-67-thread-1] INFO  server.RaftServerConfigKeys (ConfUtils.java:logGet(43)) - raft.server.log.segment.cache.num.max = 2 (custom)
2019-09-12 13:47:16,987 [pool-47-thread-1] INFO  server.RaftServerConfigKeys (ConfUtils.java:logGet(43)) - raft.server.log.segment.size.max = 1048576 (custom)
2019-09-12 13:47:16,988 [pool-67-thread-1] INFO  segmented.SegmentedRaftLogWorker (SegmentedRaftLogWorker.java:<init>(172)) - new 92e4cfa5-488b-4a46-94d1-80a7c527ff9a@group-FF9390A4C18C-SegmentedRaftLogWorker for RaftStorage:Storage Directory /workdir/hadoop-ozone/integration-test/target/test-dir/MiniOzoneClusterImpl-98ba6956-8e51-4dc7-be59-62a375280f0b/datanode-4/data/ratis/14334f41-af10-4df4-81be-ff9390a4c18c
2019-09-12 13:47:16,987 [pool-87-thread-1] INFO  server.RaftServerConfigKeys (ConfUtils.java:logGet(43)) - raft.server.log.appender.buffer.byte-limit = 33554432 (custom)
2019-09-12 13:47:16,988 [pool-67-thread-1] INFO  server.RaftServerConfigKeys (ConfUtils.java:logGet(43)) - raft.server.log.queue.byte-limit = 2147483647 (custom)
2019-09-12 13:47:16,988 [pool-87-thread-1] INFO  server.RaftServerConfigKeys (ConfUtils.java:logGet(43)) - raft.server.log.segment.size.max = 1048576 (custom)
2019-09-12 13:47:16,988 [pool-47-thread-1] INFO  server.RaftServerConfigKeys (ConfUtils.java:logGet(43)) - raft.server.log.segment.cache.num.max = 2 (custom)
2019-09-12 13:47:16,988 [pool-87-thread-1] INFO  server.RaftServerConfigKeys (ConfUtils.java:logGet(43)) - raft.server.log.segment.cache.num.max = 2 (custom)
2019-09-12 13:47:16,988 [pool-67-thread-1] INFO  server.RaftServerConfigKeys (ConfUtils.java:logGet(43)) - raft.server.log.queue.element-limit = 1024 (custom)
2019-09-12 13:47:16,989 [pool-87-thread-1] INFO  segmented.SegmentedRaftLogWorker (SegmentedRaftLogWorker.java:<init>(172)) - new 3ef341d8-3296-48d4-9b49-005c11ca2b71@group-FF9390A4C18C-SegmentedRaftLogWorker for RaftStorage:Storage Directory /workdir/hadoop-ozone/integration-test/target/test-dir/MiniOzoneClusterImpl-98ba6956-8e51-4dc7-be59-62a375280f0b/datanode-6/data/ratis/14334f41-af10-4df4-81be-ff9390a4c18c
2019-09-12 13:47:16,989 [pool-67-thread-1] INFO  server.RaftServerConfigKeys (ConfUtils.java:logGet(43)) - raft.server.log.segment.size.max = 1048576 (custom)
2019-09-12 13:47:16,989 [pool-47-thread-1] INFO  segmented.SegmentedRaftLogWorker (SegmentedRaftLogWorker.java:<init>(172)) - new 6ac4bcf8-6973-4d27-bc88-57130dead3af@group-FF9390A4C18C-SegmentedRaftLogWorker for RaftStorage:Storage Directory /workdir/hadoop-ozone/integration-test/target/test-dir/MiniOzoneClusterImpl-98ba6956-8e51-4dc7-be59-62a375280f0b/datanode-2/data/ratis/14334f41-af10-4df4-81be-ff9390a4c18c
2019-09-12 13:47:16,989 [pool-67-thread-1] INFO  server.RaftServerConfigKeys (ConfUtils.java:logGet(43)) - raft.server.log.preallocated.size = 16384 (custom)
2019-09-12 13:47:16,989 [pool-87-thread-1] INFO  server.RaftServerConfigKeys (ConfUtils.java:logGet(43)) - raft.server.log.queue.byte-limit = 2147483647 (custom)
2019-09-12 13:47:16,990 [pool-67-thread-1] INFO  server.RaftServerConfigKeys (ConfUtils.java:logGet(43)) - raft.server.log.write.buffer.size = 33554432 (custom)
2019-09-12 13:47:16,989 [pool-47-thread-1] INFO  server.RaftServerConfigKeys (ConfUtils.java:logGet(43)) - raft.server.log.queue.byte-limit = 2147483647 (custom)
2019-09-12 13:47:16,990 [pool-67-thread-1] INFO  server.RaftServerConfigKeys (ConfUtils.java:logGet(43)) - raft.server.log.force.sync.num = 128 (default)
2019-09-12 13:47:16,990 [pool-87-thread-1] INFO  server.RaftServerConfigKeys (ConfUtils.java:logGet(43)) - raft.server.log.queue.element-limit = 1024 (custom)
2019-09-12 13:47:16,990 [pool-67-thread-1] INFO  server.RaftServerConfigKeys (ConfUtils.java:logGet(43)) - raft.server.log.statemachine.data.sync = true (default)
2019-09-12 13:47:16,990 [pool-47-thread-1] INFO  server.RaftServerConfigKeys (ConfUtils.java:logGet(43)) - raft.server.log.queue.element-limit = 1024 (custom)
2019-09-12 13:47:16,991 [pool-67-thread-1] INFO  server.RaftServerConfigKeys (ConfUtils.java:logGet(43)) - raft.server.log.statemachine.data.sync.timeout = 10s (default)
2019-09-12 13:47:16,990 [pool-87-thread-1] INFO  server.RaftServerConfigKeys (ConfUtils.java:logGet(43)) - raft.server.log.segment.size.max = 1048576 (custom)
2019-09-12 13:47:16,991 [pool-67-thread-1] INFO  server.RaftServerConfigKeys (ConfUtils.java:logGet(43)) - raft.server.log.statemachine.data.sync.timeout.retry = -1 (default)
2019-09-12 13:47:16,991 [pool-47-thread-1] INFO  server.RaftServerConfigKeys (ConfUtils.java:logGet(43)) - raft.server.log.segment.size.max = 1048576 (custom)
2019-09-12 13:47:16,991 [pool-67-thread-1] INFO  server.RaftServerConfigKeys (ConfUtils.java:logGet(43)) - raft.server.log.statemachine.data.caching.enabled = true (custom)
2019-09-12 13:47:16,991 [pool-47-thread-1] INFO  server.RaftServerConfigKeys (ConfUtils.java:logGet(43)) - raft.server.log.preallocated.size = 16384 (custom)
2019-09-12 13:47:16,991 [pool-87-thread-1] INFO  server.RaftServerConfigKeys (ConfUtils.java:logGet(43)) - raft.server.log.preallocated.size = 16384 (custom)
2019-09-12 13:47:16,992 [pool-67-thread-1] INFO  segmented.SegmentedRaftLogWorker (SegmentedRaftLogWorker.java:lambda$new$0(132)) - 92e4cfa5-488b-4a46-94d1-80a7c527ff9a@group-FF9390A4C18C-SegmentedRaftLogWorker: flushIndex: setUnconditionally 0 -> -1
2019-09-12 13:47:16,992 [pool-47-thread-1] INFO  server.RaftServerConfigKeys (ConfUtils.java:logGet(43)) - raft.server.log.write.buffer.size = 33554432 (custom)
2019-09-12 13:47:16,992 [pool-87-thread-1] INFO  server.RaftServerConfigKeys (ConfUtils.java:logGet(43)) - raft.server.log.write.buffer.size = 33554432 (custom)
2019-09-12 13:47:16,992 [pool-67-thread-1] INFO  server.RaftServerConfigKeys (ConfUtils.java:logGet(43)) - raft.server.snapshot.auto.trigger.enabled = true (custom)
2019-09-12 13:47:16,992 [pool-47-thread-1] INFO  server.RaftServerConfigKeys (ConfUtils.java:logGet(43)) - raft.server.log.force.sync.num = 128 (default)
2019-09-12 13:47:16,993 [pool-67-thread-1] INFO  server.RaftServerConfigKeys (ConfUtils.java:logGet(43)) - raft.server.snapshot.auto.trigger.threshold = 10000 (custom)
2019-09-12 13:47:16,992 [pool-87-thread-1] INFO  server.RaftServerConfigKeys (ConfUtils.java:logGet(43)) - raft.server.log.force.sync.num = 128 (default)
2019-09-12 13:47:16,993 [pool-67-thread-1] INFO  server.RaftServerConfigKeys (ConfUtils.java:logGet(43)) - raft.server.snapshot.retention.num.files = -1 (default)
2019-09-12 13:47:16,993 [pool-47-thread-1] INFO  server.RaftServerConfigKeys (ConfUtils.java:logGet(43)) - raft.server.log.statemachine.data.sync = true (default)
2019-09-12 13:47:16,993 [pool-87-thread-1] INFO  server.RaftServerConfigKeys (ConfUtils.java:logGet(43)) - raft.server.log.statemachine.data.sync = true (default)
2019-09-12 13:47:16,994 [pool-47-thread-1] INFO  server.RaftServerConfigKeys (ConfUtils.java:logGet(43)) - raft.server.log.statemachine.data.sync.timeout = 10s (default)
2019-09-12 13:47:16,993 [pool-67-thread-1] INFO  server.RaftServerConfigKeys (ConfUtils.java:logGet(43)) - raft.server.retrycache.expirytime = 600000ms (custom)
2019-09-12 13:47:16,994 [pool-47-thread-1] INFO  server.RaftServerConfigKeys (ConfUtils.java:logGet(43)) - raft.server.log.statemachine.data.sync.timeout.retry = -1 (default)
2019-09-12 13:47:16,994 [pool-87-thread-1] INFO  server.RaftServerConfigKeys (ConfUtils.java:logGet(43)) - raft.server.log.statemachine.data.sync.timeout = 10s (default)
2019-09-12 13:47:16,994 [pool-47-thread-1] INFO  server.RaftServerConfigKeys (ConfUtils.java:logGet(43)) - raft.server.log.statemachine.data.caching.enabled = true (custom)
2019-09-12 13:47:16,994 [pool-87-thread-1] INFO  server.RaftServerConfigKeys (ConfUtils.java:logGet(43)) - raft.server.log.statemachine.data.sync.timeout.retry = -1 (default)
2019-09-12 13:47:16,995 [pool-87-thread-1] INFO  server.RaftServerConfigKeys (ConfUtils.java:logGet(43)) - raft.server.log.statemachine.data.caching.enabled = true (custom)
2019-09-12 13:47:16,995 [pool-47-thread-1] INFO  segmented.SegmentedRaftLogWorker (SegmentedRaftLogWorker.java:lambda$new$0(132)) - 6ac4bcf8-6973-4d27-bc88-57130dead3af@group-FF9390A4C18C-SegmentedRaftLogWorker: flushIndex: setUnconditionally 0 -> -1
2019-09-12 13:47:16,995 [pool-87-thread-1] INFO  segmented.SegmentedRaftLogWorker (SegmentedRaftLogWorker.java:lambda$new$0(132)) - 3ef341d8-3296-48d4-9b49-005c11ca2b71@group-FF9390A4C18C-SegmentedRaftLogWorker: flushIndex: setUnconditionally 0 -> -1
2019-09-12 13:47:16,995 [pool-47-thread-1] INFO  server.RaftServerConfigKeys (ConfUtils.java:logGet(43)) - raft.server.snapshot.auto.trigger.enabled = true (custom)
2019-09-12 13:47:16,995 [pool-87-thread-1] INFO  server.RaftServerConfigKeys (ConfUtils.java:logGet(43)) - raft.server.snapshot.auto.trigger.enabled = true (custom)
2019-09-12 13:47:16,996 [pool-47-thread-1] INFO  server.RaftServerConfigKeys (ConfUtils.java:logGet(43)) - raft.server.snapshot.auto.trigger.threshold = 10000 (custom)
2019-09-12 13:47:16,996 [pool-87-thread-1] INFO  server.RaftServerConfigKeys (ConfUtils.java:logGet(43)) - raft.server.snapshot.auto.trigger.threshold = 10000 (custom)
2019-09-12 13:47:16,996 [pool-47-thread-1] INFO  server.RaftServerConfigKeys (ConfUtils.java:logGet(43)) - raft.server.snapshot.retention.num.files = -1 (default)
2019-09-12 13:47:16,996 [pool-87-thread-1] INFO  server.RaftServerConfigKeys (ConfUtils.java:logGet(43)) - raft.server.snapshot.retention.num.files = -1 (default)
2019-09-12 13:47:16,996 [pool-47-thread-1] INFO  server.RaftServerConfigKeys (ConfUtils.java:logGet(43)) - raft.server.retrycache.expirytime = 600000ms (custom)
2019-09-12 13:47:16,996 [pool-87-thread-1] INFO  server.RaftServerConfigKeys (ConfUtils.java:logGet(43)) - raft.server.retrycache.expirytime = 600000ms (custom)
2019-09-12 13:47:16,998 [pool-67-thread-1] INFO  impl.RaftServerImpl (RaftServerImpl.java:start(185)) - 92e4cfa5-488b-4a46-94d1-80a7c527ff9a@group-FF9390A4C18C: start as a follower, conf=-1: [6ac4bcf8-6973-4d27-bc88-57130dead3af:192.168.34.38:43308, 3ef341d8-3296-48d4-9b49-005c11ca2b71:192.168.34.38:43198, 92e4cfa5-488b-4a46-94d1-80a7c527ff9a:192.168.34.38:36780], old=null
2019-09-12 13:47:16,998 [pool-67-thread-1] INFO  impl.RaftServerImpl (RaftServerImpl.java:setRole(174)) - 92e4cfa5-488b-4a46-94d1-80a7c527ff9a@group-FF9390A4C18C: changes role from      null to FOLLOWER at term 0 for startAsFollower
2019-09-12 13:47:16,998 [pool-67-thread-1] INFO  impl.RoleInfo (RoleInfo.java:updateAndGet(143)) - 92e4cfa5-488b-4a46-94d1-80a7c527ff9a: start FollowerState
2019-09-12 13:47:16,999 [pool-67-thread-1] INFO  util.JmxRegister (JmxRegister.java:tryRegister(44)) - Successfully registered JMX Bean with object name Ratis:service=RaftServer,group=group-FF9390A4C18C,id=92e4cfa5-488b-4a46-94d1-80a7c527ff9a
2019-09-12 13:47:17,006 [pool-47-thread-1] INFO  impl.RaftServerImpl (RaftServerImpl.java:start(185)) - 6ac4bcf8-6973-4d27-bc88-57130dead3af@group-FF9390A4C18C: start as a follower, conf=-1: [6ac4bcf8-6973-4d27-bc88-57130dead3af:192.168.34.38:43308, 3ef341d8-3296-48d4-9b49-005c11ca2b71:192.168.34.38:43198, 92e4cfa5-488b-4a46-94d1-80a7c527ff9a:192.168.34.38:36780], old=null
2019-09-12 13:47:17,006 [pool-87-thread-1] INFO  impl.RaftServerImpl (RaftServerImpl.java:start(185)) - 3ef341d8-3296-48d4-9b49-005c11ca2b71@group-FF9390A4C18C: start as a follower, conf=-1: [6ac4bcf8-6973-4d27-bc88-57130dead3af:192.168.34.38:43308, 3ef341d8-3296-48d4-9b49-005c11ca2b71:192.168.34.38:43198, 92e4cfa5-488b-4a46-94d1-80a7c527ff9a:192.168.34.38:36780], old=null
2019-09-12 13:47:17,006 [pool-47-thread-1] INFO  impl.RaftServerImpl (RaftServerImpl.java:setRole(174)) - 6ac4bcf8-6973-4d27-bc88-57130dead3af@group-FF9390A4C18C: changes role from      null to FOLLOWER at term 0 for startAsFollower
2019-09-12 13:47:17,006 [pool-87-thread-1] INFO  impl.RaftServerImpl (RaftServerImpl.java:setRole(174)) - 3ef341d8-3296-48d4-9b49-005c11ca2b71@group-FF9390A4C18C: changes role from      null to FOLLOWER at term 0 for startAsFollower
2019-09-12 13:47:17,007 [pool-47-thread-1] INFO  impl.RoleInfo (RoleInfo.java:updateAndGet(143)) - 6ac4bcf8-6973-4d27-bc88-57130dead3af: start FollowerState
2019-09-12 13:47:17,007 [pool-87-thread-1] INFO  impl.RoleInfo (RoleInfo.java:updateAndGet(143)) - 3ef341d8-3296-48d4-9b49-005c11ca2b71: start FollowerState
2019-09-12 13:47:17,007 [pool-47-thread-1] INFO  util.JmxRegister (JmxRegister.java:tryRegister(44)) - Successfully registered JMX Bean with object name Ratis:service=RaftServer,group=group-FF9390A4C18C,id=6ac4bcf8-6973-4d27-bc88-57130dead3af
2019-09-12 13:47:17,011 [pool-87-thread-1] INFO  util.JmxRegister (JmxRegister.java:tryRegister(44)) - Successfully registered JMX Bean with object name Ratis:service=RaftServer,group=group-FF9390A4C18C,id=3ef341d8-3296-48d4-9b49-005c11ca2b71
2019-09-12 13:47:17,053 [RatisPipelineUtilsThread] INFO  pipeline.PipelineStateManager (PipelineStateManager.java:addPipeline(56)) - Created pipeline Pipeline[ Id: 14334f41-af10-4df4-81be-ff9390a4c18c, Nodes: 6ac4bcf8-6973-4d27-bc88-57130dead3af{ip: 192.168.34.38, host: pr-hdds-2007-65vhz-3510356991, networkLocation: /default-rack, certSerialId: null}92e4cfa5-488b-4a46-94d1-80a7c527ff9a{ip: 192.168.34.38, host: pr-hdds-2007-65vhz-3510356991, networkLocation: /default-rack, certSerialId: null}3ef341d8-3296-48d4-9b49-005c11ca2b71{ip: 192.168.34.38, host: pr-hdds-2007-65vhz-3510356991, networkLocation: /default-rack, certSerialId: null}, Type:RATIS, Factor:THREE, State:OPEN]
2019-09-12 13:47:17,071 [Thread-288] INFO  impl.FollowerState (FollowerState.java:run(106)) - 6ac4bcf8-6973-4d27-bc88-57130dead3af:group-441D8F3B3442 changes to CANDIDATE, lastRpcTime:1179, electionTimeout:1177ms
2019-09-12 13:47:17,073 [Thread-288] INFO  impl.RoleInfo (RoleInfo.java:shutdownFollowerState(121)) - 6ac4bcf8-6973-4d27-bc88-57130dead3af: shutdown FollowerState
2019-09-12 13:47:17,074 [Thread-288] INFO  impl.RaftServerImpl (RaftServerImpl.java:setRole(174)) - 6ac4bcf8-6973-4d27-bc88-57130dead3af@group-441D8F3B3442: changes role from  FOLLOWER to CANDIDATE at term 0 for changeToCandidate
2019-09-12 13:47:17,074 [grpc-default-executor-0] INFO  impl.RaftServerProxy (RaftServerProxy.java:addNew(89)) - 7dd3d51f-7703-47e1-b378-11db862d4d4b: addNew group-411631934A30:[eb4af5da-c929-4f10-b53e-ce7f20abad1a:192.168.34.38:38959, 7dd3d51f-7703-47e1-b378-11db862d4d4b:192.168.34.38:36691, 76a15b5a-6854-49a0-8818-73e3745045ae:192.168.34.38:41160] returns group-411631934A30:java.util.concurrent.CompletableFuture@4eebd4b7[Not completed]
2019-09-12 13:47:17,079 [Thread-291] INFO  impl.FollowerState (FollowerState.java:run(106)) - 92e4cfa5-488b-4a46-94d1-80a7c527ff9a:group-14D7F06F4C94 changes to CANDIDATE, lastRpcTime:1035, electionTimeout:1032ms
2019-09-12 13:47:17,079 [Thread-288] INFO  impl.RoleInfo (RoleInfo.java:updateAndGet(143)) - 6ac4bcf8-6973-4d27-bc88-57130dead3af: start LeaderElection
2019-09-12 13:47:17,079 [Thread-291] INFO  impl.RoleInfo (RoleInfo.java:shutdownFollowerState(121)) - 92e4cfa5-488b-4a46-94d1-80a7c527ff9a: shutdown FollowerState
2019-09-12 13:47:17,080 [Thread-291] INFO  impl.RaftServerImpl (RaftServerImpl.java:setRole(174)) - 92e4cfa5-488b-4a46-94d1-80a7c527ff9a@group-14D7F06F4C94: changes role from  FOLLOWER to CANDIDATE at term 0 for changeToCandidate
2019-09-12 13:47:17,080 [grpc-default-executor-1] INFO  impl.RaftServerProxy (RaftServerProxy.java:addNew(89)) - 76a15b5a-6854-49a0-8818-73e3745045ae: addNew group-411631934A30:[eb4af5da-c929-4f10-b53e-ce7f20abad1a:192.168.34.38:38959, 7dd3d51f-7703-47e1-b378-11db862d4d4b:192.168.34.38:36691, 76a15b5a-6854-49a0-8818-73e3745045ae:192.168.34.38:41160] returns group-411631934A30:java.util.concurrent.CompletableFuture@46fe6b09[Not completed]
2019-09-12 13:47:17,088 [Thread-291] INFO  impl.RoleInfo (RoleInfo.java:updateAndGet(143)) - 92e4cfa5-488b-4a46-94d1-80a7c527ff9a: start LeaderElection
2019-09-12 13:47:17,080 [grpc-default-executor-2] INFO  impl.RaftServerProxy (RaftServerProxy.java:addNew(89)) - eb4af5da-c929-4f10-b53e-ce7f20abad1a: addNew group-411631934A30:[eb4af5da-c929-4f10-b53e-ce7f20abad1a:192.168.34.38:38959, 7dd3d51f-7703-47e1-b378-11db862d4d4b:192.168.34.38:36691, 76a15b5a-6854-49a0-8818-73e3745045ae:192.168.34.38:41160] returns group-411631934A30:java.util.concurrent.CompletableFuture@7537b170[Not completed]
2019-09-12 13:47:17,100 [pool-37-thread-1] INFO  impl.RaftServerImpl (RaftServerImpl.java:<init>(95)) - 7dd3d51f-7703-47e1-b378-11db862d4d4b: new RaftServerImpl for group-411631934A30:[eb4af5da-c929-4f10-b53e-ce7f20abad1a:192.168.34.38:38959, 7dd3d51f-7703-47e1-b378-11db862d4d4b:192.168.34.38:36691, 76a15b5a-6854-49a0-8818-73e3745045ae:192.168.34.38:41160] with ContainerStateMachine:uninitialized
2019-09-12 13:47:17,101 [pool-37-thread-1] INFO  server.RaftServerConfigKeys (ConfUtils.java:logGet(43)) - raft.server.rpc.timeout.min = 1s (custom)
2019-09-12 13:47:17,101 [pool-37-thread-1] INFO  server.RaftServerConfigKeys (ConfUtils.java:logGet(43)) - raft.server.rpc.timeout.max = 1200ms (custom)
2019-09-12 13:47:17,101 [pool-37-thread-1] INFO  server.RaftServerConfigKeys (ConfUtils.java:logGet(43)) - raft.server.rpcslowness.timeout = 120s (custom)
2019-09-12 13:47:17,101 [pool-37-thread-1] INFO  server.RaftServerConfigKeys (ConfUtils.java:logGet(43)) - raft.server.sleep.deviation.threshold = 300 (default)
2019-09-12 13:47:17,102 [pool-37-thread-1] INFO  server.RaftServerConfigKeys (ConfUtils.java:logGet(43)) - raft.server.log.appender.install.snapshot.enabled = false (custom)
2019-09-12 13:47:17,102 [pool-37-thread-1] INFO  impl.RaftServerImpl (ServerState.java:<init>(103)) - 7dd3d51f-7703-47e1-b378-11db862d4d4b@group-411631934A30: ConfigurationManager, init=-1: [eb4af5da-c929-4f10-b53e-ce7f20abad1a:192.168.34.38:38959, 7dd3d51f-7703-47e1-b378-11db862d4d4b:192.168.34.38:36691, 76a15b5a-6854-49a0-8818-73e3745045ae:192.168.34.38:41160], old=null, confs=<EMPTY_MAP>
2019-09-12 13:47:17,102 [pool-37-thread-1] INFO  server.RaftServerConfigKeys (ConfUtils.java:logGet(43)) - raft.server.storage.dir = [/workdir/hadoop-ozone/integration-test/target/test-dir/MiniOzoneClusterImpl-98ba6956-8e51-4dc7-be59-62a375280f0b/datanode-1/data/ratis] (custom)
2019-09-12 13:47:17,103 [pool-27-thread-1] INFO  impl.RaftServerImpl (RaftServerImpl.java:<init>(95)) - eb4af5da-c929-4f10-b53e-ce7f20abad1a: new RaftServerImpl for group-411631934A30:[eb4af5da-c929-4f10-b53e-ce7f20abad1a:192.168.34.38:38959, 7dd3d51f-7703-47e1-b378-11db862d4d4b:192.168.34.38:36691, 76a15b5a-6854-49a0-8818-73e3745045ae:192.168.34.38:41160] with ContainerStateMachine:uninitialized
2019-09-12 13:47:17,103 [pool-37-thread-1] INFO  storage.RaftStorageDirectory (RaftStorageDirectory.java:analyzeStorage(246)) - The storage directory /workdir/hadoop-ozone/integration-test/target/test-dir/MiniOzoneClusterImpl-98ba6956-8e51-4dc7-be59-62a375280f0b/datanode-1/data/ratis/dcf32ac8-d859-4fc8-9525-411631934a30 does not exist. Creating ...
2019-09-12 13:47:17,103 [pool-27-thread-1] INFO  server.RaftServerConfigKeys (ConfUtils.java:logGet(43)) - raft.server.rpc.timeout.min = 1s (custom)
2019-09-12 13:47:17,103 [pool-27-thread-1] INFO  server.RaftServerConfigKeys (ConfUtils.java:logGet(43)) - raft.server.rpc.timeout.max = 1200ms (custom)
2019-09-12 13:47:17,103 [pool-27-thread-1] INFO  server.RaftServerConfigKeys (ConfUtils.java:logGet(43)) - raft.server.rpcslowness.timeout = 120s (custom)
2019-09-12 13:47:17,104 [pool-27-thread-1] INFO  server.RaftServerConfigKeys (ConfUtils.java:logGet(43)) - raft.server.sleep.deviation.threshold = 300 (default)
2019-09-12 13:47:17,104 [pool-107-thread-1] INFO  impl.RaftServerImpl (RaftServerImpl.java:<init>(95)) - 76a15b5a-6854-49a0-8818-73e3745045ae: new RaftServerImpl for group-411631934A30:[eb4af5da-c929-4f10-b53e-ce7f20abad1a:192.168.34.38:38959, 7dd3d51f-7703-47e1-b378-11db862d4d4b:192.168.34.38:36691, 76a15b5a-6854-49a0-8818-73e3745045ae:192.168.34.38:41160] with ContainerStateMachine:uninitialized
2019-09-12 13:47:17,104 [pool-27-thread-1] INFO  server.RaftServerConfigKeys (ConfUtils.java:logGet(43)) - raft.server.log.appender.install.snapshot.enabled = false (custom)
2019-09-12 13:47:17,104 [pool-107-thread-1] INFO  server.RaftServerConfigKeys (ConfUtils.java:logGet(43)) - raft.server.rpc.timeout.min = 1s (custom)
2019-09-12 13:47:17,104 [pool-27-thread-1] INFO  impl.RaftServerImpl (ServerState.java:<init>(103)) - eb4af5da-c929-4f10-b53e-ce7f20abad1a@group-411631934A30: ConfigurationManager, init=-1: [eb4af5da-c929-4f10-b53e-ce7f20abad1a:192.168.34.38:38959, 7dd3d51f-7703-47e1-b378-11db862d4d4b:192.168.34.38:36691, 76a15b5a-6854-49a0-8818-73e3745045ae:192.168.34.38:41160], old=null, confs=<EMPTY_MAP>
2019-09-12 13:47:17,111 [pool-107-thread-1] INFO  server.RaftServerConfigKeys (ConfUtils.java:logGet(43)) - raft.server.rpc.timeout.max = 1200ms (custom)
2019-09-12 13:47:17,113 [pool-27-thread-1] INFO  server.RaftServerConfigKeys (ConfUtils.java:logGet(43)) - raft.server.storage.dir = [/workdir/hadoop-ozone/integration-test/target/test-dir/MiniOzoneClusterImpl-98ba6956-8e51-4dc7-be59-62a375280f0b/datanode-0/data/ratis] (custom)
2019-09-12 13:47:17,113 [pool-107-thread-1] INFO  server.RaftServerConfigKeys (ConfUtils.java:logGet(43)) - raft.server.rpcslowness.timeout = 120s (custom)
2019-09-12 13:47:17,114 [pool-107-thread-1] INFO  server.RaftServerConfigKeys (ConfUtils.java:logGet(43)) - raft.server.sleep.deviation.threshold = 300 (default)
2019-09-12 13:47:17,114 [pool-27-thread-1] INFO  storage.RaftStorageDirectory (RaftStorageDirectory.java:analyzeStorage(246)) - The storage directory /workdir/hadoop-ozone/integration-test/target/test-dir/MiniOzoneClusterImpl-98ba6956-8e51-4dc7-be59-62a375280f0b/datanode-0/data/ratis/dcf32ac8-d859-4fc8-9525-411631934a30 does not exist. Creating ...
2019-09-12 13:47:17,114 [pool-107-thread-1] INFO  server.RaftServerConfigKeys (ConfUtils.java:logGet(43)) - raft.server.log.appender.install.snapshot.enabled = false (custom)
2019-09-12 13:47:17,114 [pool-107-thread-1] INFO  impl.RaftServerImpl (ServerState.java:<init>(103)) - 76a15b5a-6854-49a0-8818-73e3745045ae@group-411631934A30: ConfigurationManager, init=-1: [eb4af5da-c929-4f10-b53e-ce7f20abad1a:192.168.34.38:38959, 7dd3d51f-7703-47e1-b378-11db862d4d4b:192.168.34.38:36691, 76a15b5a-6854-49a0-8818-73e3745045ae:192.168.34.38:41160], old=null, confs=<EMPTY_MAP>
2019-09-12 13:47:17,114 [pool-107-thread-1] INFO  server.RaftServerConfigKeys (ConfUtils.java:logGet(43)) - raft.server.storage.dir = [/workdir/hadoop-ozone/integration-test/target/test-dir/MiniOzoneClusterImpl-98ba6956-8e51-4dc7-be59-62a375280f0b/datanode-8/data/ratis] (custom)
2019-09-12 13:47:17,115 [pool-107-thread-1] INFO  storage.RaftStorageDirectory (RaftStorageDirectory.java:analyzeStorage(246)) - The storage directory /workdir/hadoop-ozone/integration-test/target/test-dir/MiniOzoneClusterImpl-98ba6956-8e51-4dc7-be59-62a375280f0b/datanode-8/data/ratis/dcf32ac8-d859-4fc8-9525-411631934a30 does not exist. Creating ...
2019-09-12 13:47:17,117 [6ac4bcf8-6973-4d27-bc88-57130dead3af@group-441D8F3B3442:LeaderElection2] INFO  impl.LeaderElection (LeaderElection.java:askForVotes(182)) - 6ac4bcf8-6973-4d27-bc88-57130dead3af@group-441D8F3B3442:LeaderElection2: begin an election at term 1 for -1: [6ac4bcf8-6973-4d27-bc88-57130dead3af:192.168.34.38:43308], old=null
2019-09-12 13:47:17,125 [pool-37-thread-1] INFO  storage.RaftStorageDirectory (RaftStorageDirectory.java:tryLock(328)) - Lock on /workdir/hadoop-ozone/integration-test/target/test-dir/MiniOzoneClusterImpl-98ba6956-8e51-4dc7-be59-62a375280f0b/datanode-1/data/ratis/dcf32ac8-d859-4fc8-9525-411631934a30/in_use.lock acquired by nodename 9935@pr-hdds-2007-65vhz-3510356991
2019-09-12 13:47:17,131 [6ac4bcf8-6973-4d27-bc88-57130dead3af@group-441D8F3B3442:LeaderElection2] INFO  impl.RoleInfo (RoleInfo.java:shutdownLeaderElection(134)) - 6ac4bcf8-6973-4d27-bc88-57130dead3af: shutdown LeaderElection
2019-09-12 13:47:17,125 [pool-27-thread-1] INFO  storage.RaftStorageDirectory (RaftStorageDirectory.java:tryLock(328)) - Lock on /workdir/hadoop-ozone/integration-test/target/test-dir/MiniOzoneClusterImpl-98ba6956-8e51-4dc7-be59-62a375280f0b/datanode-0/data/ratis/dcf32ac8-d859-4fc8-9525-411631934a30/in_use.lock acquired by nodename 9935@pr-hdds-2007-65vhz-3510356991
2019-09-12 13:47:17,131 [6ac4bcf8-6973-4d27-bc88-57130dead3af@group-441D8F3B3442:LeaderElection2] INFO  impl.RaftServerImpl (RaftServerImpl.java:setRole(174)) - 6ac4bcf8-6973-4d27-bc88-57130dead3af@group-441D8F3B3442: changes role from CANDIDATE to LEADER at term 1 for changeToLeader
2019-09-12 13:47:17,125 [pool-107-thread-1] INFO  storage.RaftStorageDirectory (RaftStorageDirectory.java:tryLock(328)) - Lock on /workdir/hadoop-ozone/integration-test/target/test-dir/MiniOzoneClusterImpl-98ba6956-8e51-4dc7-be59-62a375280f0b/datanode-8/data/ratis/dcf32ac8-d859-4fc8-9525-411631934a30/in_use.lock acquired by nodename 9935@pr-hdds-2007-65vhz-3510356991
2019-09-12 13:47:17,117 [92e4cfa5-488b-4a46-94d1-80a7c527ff9a@group-14D7F06F4C94:LeaderElection3] INFO  impl.LeaderElection (LeaderElection.java:askForVotes(182)) - 92e4cfa5-488b-4a46-94d1-80a7c527ff9a@group-14D7F06F4C94:LeaderElection3: begin an election at term 1 for -1: [92e4cfa5-488b-4a46-94d1-80a7c527ff9a:192.168.34.38:36780], old=null
2019-09-12 13:47:17,131 [6ac4bcf8-6973-4d27-bc88-57130dead3af@group-441D8F3B3442:LeaderElection2] INFO  impl.RaftServerImpl (ServerState.java:setLeader(253)) - 6ac4bcf8-6973-4d27-bc88-57130dead3af@group-441D8F3B3442: change Leader from null to 6ac4bcf8-6973-4d27-bc88-57130dead3af at term 1 for becomeLeader, leader elected after 1258ms
2019-09-12 13:47:17,132 [92e4cfa5-488b-4a46-94d1-80a7c527ff9a@group-14D7F06F4C94:LeaderElection3] INFO  impl.RoleInfo (RoleInfo.java:shutdownLeaderElection(134)) - 92e4cfa5-488b-4a46-94d1-80a7c527ff9a: shutdown LeaderElection
2019-09-12 13:47:17,132 [6ac4bcf8-6973-4d27-bc88-57130dead3af@group-441D8F3B3442:LeaderElection2] INFO  server.RaftServerConfigKeys (ConfUtils.java:logGet(43)) - raft.server.staging.catchup.gap = 1000 (default)
2019-09-12 13:47:17,132 [92e4cfa5-488b-4a46-94d1-80a7c527ff9a@group-14D7F06F4C94:LeaderElection3] INFO  impl.RaftServerImpl (RaftServerImpl.java:setRole(174)) - 92e4cfa5-488b-4a46-94d1-80a7c527ff9a@group-14D7F06F4C94: changes role from CANDIDATE to LEADER at term 1 for changeToLeader
2019-09-12 13:47:17,132 [6ac4bcf8-6973-4d27-bc88-57130dead3af@group-441D8F3B3442:LeaderElection2] INFO  server.RaftServerConfigKeys (ConfUtils.java:logGet(43)) - raft.server.rpc.sleep.time = 25ms (default)
2019-09-12 13:47:17,132 [92e4cfa5-488b-4a46-94d1-80a7c527ff9a@group-14D7F06F4C94:LeaderElection3] INFO  impl.RaftServerImpl (ServerState.java:setLeader(253)) - 92e4cfa5-488b-4a46-94d1-80a7c527ff9a@group-14D7F06F4C94: change Leader from null to 92e4cfa5-488b-4a46-94d1-80a7c527ff9a at term 1 for becomeLeader, leader elected after 1141ms
2019-09-12 13:47:17,133 [92e4cfa5-488b-4a46-94d1-80a7c527ff9a@group-14D7F06F4C94:LeaderElection3] INFO  server.RaftServerConfigKeys (ConfUtils.java:logGet(43)) - raft.server.staging.catchup.gap = 1000 (default)
2019-09-12 13:47:17,133 [92e4cfa5-488b-4a46-94d1-80a7c527ff9a@group-14D7F06F4C94:LeaderElection3] INFO  server.RaftServerConfigKeys (ConfUtils.java:logGet(43)) - raft.server.rpc.sleep.time = 25ms (default)
2019-09-12 13:47:17,133 [6ac4bcf8-6973-4d27-bc88-57130dead3af@group-441D8F3B3442:LeaderElection2] INFO  server.RaftServerConfigKeys (ConfUtils.java:logGet(43)) - raft.server.write.element-limit = 4096 (default)
2019-09-12 13:47:17,133 [92e4cfa5-488b-4a46-94d1-80a7c527ff9a@group-14D7F06F4C94:LeaderElection3] INFO  server.RaftServerConfigKeys (ConfUtils.java:logGet(43)) - raft.server.write.element-limit = 4096 (default)
2019-09-12 13:47:17,133 [6ac4bcf8-6973-4d27-bc88-57130dead3af@group-441D8F3B3442:LeaderElection2] INFO  server.RaftServerConfigKeys (ConfUtils.java:logGet(43)) - raft.server.watch.timeout = 10s (default)
2019-09-12 13:47:17,133 [92e4cfa5-488b-4a46-94d1-80a7c527ff9a@group-14D7F06F4C94:LeaderElection3] INFO  server.RaftServerConfigKeys (ConfUtils.java:logGet(43)) - raft.server.watch.timeout = 10s (default)
2019-09-12 13:47:17,133 [6ac4bcf8-6973-4d27-bc88-57130dead3af@group-441D8F3B3442:LeaderElection2] INFO  server.RaftServerConfigKeys (ConfUtils.java:logGet(43)) - raft.server.watch.timeout.denomination = 1s (default)
2019-09-12 13:47:17,134 [92e4cfa5-488b-4a46-94d1-80a7c527ff9a@group-14D7F06F4C94:LeaderElection3] INFO  server.RaftServerConfigKeys (ConfUtils.java:logGet(43)) - raft.server.watch.timeout.denomination = 1s (default)
2019-09-12 13:47:17,134 [6ac4bcf8-6973-4d27-bc88-57130dead3af@group-441D8F3B3442:LeaderElection2] INFO  server.RaftServerConfigKeys (ConfUtils.java:logGet(43)) - raft.server.watch.element-limit = 65536 (default)
2019-09-12 13:47:17,134 [92e4cfa5-488b-4a46-94d1-80a7c527ff9a@group-14D7F06F4C94:LeaderElection3] INFO  server.RaftServerConfigKeys (ConfUtils.java:logGet(43)) - raft.server.watch.element-limit = 65536 (default)
2019-09-12 13:47:17,138 [92e4cfa5-488b-4a46-94d1-80a7c527ff9a@group-14D7F06F4C94:LeaderElection3] INFO  impl.RoleInfo (RoleInfo.java:updateAndGet(143)) - 92e4cfa5-488b-4a46-94d1-80a7c527ff9a: start LeaderState
2019-09-12 13:47:17,139 [92e4cfa5-488b-4a46-94d1-80a7c527ff9a@group-14D7F06F4C94:LeaderElection3] INFO  segmented.SegmentedRaftLogWorker (SegmentedRaftLogWorker.java:startLogSegment(380)) - 92e4cfa5-488b-4a46-94d1-80a7c527ff9a@group-14D7F06F4C94-SegmentedRaftLogWorker: Starting segment from index:0
2019-09-12 13:47:17,139 [92e4cfa5-488b-4a46-94d1-80a7c527ff9a@group-14D7F06F4C94:LeaderElection3] INFO  impl.RaftServerImpl (ServerState.java:setRaftConf(354)) - 92e4cfa5-488b-4a46-94d1-80a7c527ff9a@group-14D7F06F4C94: set configuration 0: [92e4cfa5-488b-4a46-94d1-80a7c527ff9a:192.168.34.38:36780], old=null at 0
2019-09-12 13:47:17,143 [6ac4bcf8-6973-4d27-bc88-57130dead3af@group-441D8F3B3442:LeaderElection2] INFO  impl.RoleInfo (RoleInfo.java:updateAndGet(143)) - 6ac4bcf8-6973-4d27-bc88-57130dead3af: start LeaderState
2019-09-12 13:47:17,143 [6ac4bcf8-6973-4d27-bc88-57130dead3af@group-441D8F3B3442:LeaderElection2] INFO  segmented.SegmentedRaftLogWorker (SegmentedRaftLogWorker.java:startLogSegment(380)) - 6ac4bcf8-6973-4d27-bc88-57130dead3af@group-441D8F3B3442-SegmentedRaftLogWorker: Starting segment from index:0
2019-09-12 13:47:17,144 [6ac4bcf8-6973-4d27-bc88-57130dead3af@group-441D8F3B3442:LeaderElection2] INFO  impl.RaftServerImpl (ServerState.java:setRaftConf(354)) - 6ac4bcf8-6973-4d27-bc88-57130dead3af@group-441D8F3B3442: set configuration 0: [6ac4bcf8-6973-4d27-bc88-57130dead3af:192.168.34.38:43308], old=null at 0
2019-09-12 13:47:17,156 [pool-107-thread-1] INFO  storage.RaftStorage (RaftStorage.java:format(72)) - Storage directory /workdir/hadoop-ozone/integration-test/target/test-dir/MiniOzoneClusterImpl-98ba6956-8e51-4dc7-be59-62a375280f0b/datanode-8/data/ratis/dcf32ac8-d859-4fc8-9525-411631934a30 has been successfully formatted.
2019-09-12 13:47:17,156 [pool-37-thread-1] INFO  storage.RaftStorage (RaftStorage.java:format(72)) - Storage directory /workdir/hadoop-ozone/integration-test/target/test-dir/MiniOzoneClusterImpl-98ba6956-8e51-4dc7-be59-62a375280f0b/datanode-1/data/ratis/dcf32ac8-d859-4fc8-9525-411631934a30 has been successfully formatted.
2019-09-12 13:47:17,156 [pool-27-thread-1] INFO  storage.RaftStorage (RaftStorage.java:format(72)) - Storage directory /workdir/hadoop-ozone/integration-test/target/test-dir/MiniOzoneClusterImpl-98ba6956-8e51-4dc7-be59-62a375280f0b/datanode-0/data/ratis/dcf32ac8-d859-4fc8-9525-411631934a30 has been successfully formatted.
2019-09-12 13:47:17,156 [pool-107-thread-1] INFO  ratis.ContainerStateMachine (ContainerStateMachine.java:loadSnapshot(230)) - group-411631934A30: The snapshot info is null. Setting the last applied indexto:(t:0, i:~)
2019-09-12 13:47:17,156 [pool-27-thread-1] INFO  ratis.ContainerStateMachine (ContainerStateMachine.java:loadSnapshot(230)) - group-411631934A30: The snapshot info is null. Setting the last applied indexto:(t:0, i:~)
2019-09-12 13:47:17,156 [pool-37-thread-1] INFO  ratis.ContainerStateMachine (ContainerStateMachine.java:loadSnapshot(230)) - group-411631934A30: The snapshot info is null. Setting the last applied indexto:(t:0, i:~)
2019-09-12 13:47:17,157 [pool-27-thread-1] INFO  server.RaftServerConfigKeys (ConfUtils.java:logGet(43)) - raft.server.notification.no-leader.timeout = 120s (custom)
2019-09-12 13:47:17,156 [pool-107-thread-1] INFO  server.RaftServerConfigKeys (ConfUtils.java:logGet(43)) - raft.server.notification.no-leader.timeout = 120s (custom)
2019-09-12 13:47:17,157 [pool-27-thread-1] INFO  server.RaftServerConfigKeys (ConfUtils.java:logGet(43)) - raft.server.log.use.memory = false (default)
2019-09-12 13:47:17,157 [pool-37-thread-1] INFO  server.RaftServerConfigKeys (ConfUtils.java:logGet(43)) - raft.server.notification.no-leader.timeout = 120s (custom)
2019-09-12 13:47:17,157 [pool-27-thread-1] INFO  server.RaftServerConfigKeys (ConfUtils.java:logGet(43)) - raft.server.log.purge.gap = 1000000 (custom)
2019-09-12 13:47:17,157 [pool-107-thread-1] INFO  server.RaftServerConfigKeys (ConfUtils.java:logGet(43)) - raft.server.log.use.memory = false (default)
2019-09-12 13:47:17,157 [pool-27-thread-1] INFO  server.RaftServerConfigKeys (ConfUtils.java:logGet(43)) - raft.server.log.appender.buffer.byte-limit = 33554432 (custom)
2019-09-12 13:47:17,157 [pool-37-thread-1] INFO  server.RaftServerConfigKeys (ConfUtils.java:logGet(43)) - raft.server.log.use.memory = false (default)
2019-09-12 13:47:17,158 [pool-27-thread-1] INFO  server.RaftServerConfigKeys (ConfUtils.java:logGet(43)) - raft.server.log.segment.size.max = 1048576 (custom)
2019-09-12 13:47:17,157 [pool-107-thread-1] INFO  server.RaftServerConfigKeys (ConfUtils.java:logGet(43)) - raft.server.log.purge.gap = 1000000 (custom)
2019-09-12 13:47:17,158 [pool-27-thread-1] INFO  server.RaftServerConfigKeys (ConfUtils.java:logGet(43)) - raft.server.log.segment.cache.num.max = 2 (custom)
2019-09-12 13:47:17,158 [pool-37-thread-1] INFO  server.RaftServerConfigKeys (ConfUtils.java:logGet(43)) - raft.server.log.purge.gap = 1000000 (custom)
2019-09-12 13:47:17,158 [pool-27-thread-1] INFO  segmented.SegmentedRaftLogWorker (SegmentedRaftLogWorker.java:<init>(172)) - new eb4af5da-c929-4f10-b53e-ce7f20abad1a@group-411631934A30-SegmentedRaftLogWorker for RaftStorage:Storage Directory /workdir/hadoop-ozone/integration-test/target/test-dir/MiniOzoneClusterImpl-98ba6956-8e51-4dc7-be59-62a375280f0b/datanode-0/data/ratis/dcf32ac8-d859-4fc8-9525-411631934a30
2019-09-12 13:47:17,158 [pool-107-thread-1] INFO  server.RaftServerConfigKeys (ConfUtils.java:logGet(43)) - raft.server.log.appender.buffer.byte-limit = 33554432 (custom)
2019-09-12 13:47:17,158 [pool-27-thread-1] INFO  server.RaftServerConfigKeys (ConfUtils.java:logGet(43)) - raft.server.log.queue.byte-limit = 2147483647 (custom)
2019-09-12 13:47:17,158 [pool-37-thread-1] INFO  server.RaftServerConfigKeys (ConfUtils.java:logGet(43)) - raft.server.log.appender.buffer.byte-limit = 33554432 (custom)
2019-09-12 13:47:17,159 [pool-27-thread-1] INFO  server.RaftServerConfigKeys (ConfUtils.java:logGet(43)) - raft.server.log.queue.element-limit = 1024 (custom)
2019-09-12 13:47:17,159 [pool-107-thread-1] INFO  server.RaftServerConfigKeys (ConfUtils.java:logGet(43)) - raft.server.log.segment.size.max = 1048576 (custom)
2019-09-12 13:47:17,159 [pool-27-thread-1] INFO  server.RaftServerConfigKeys (ConfUtils.java:logGet(43)) - raft.server.log.segment.size.max = 1048576 (custom)
2019-09-12 13:47:17,159 [pool-37-thread-1] INFO  server.RaftServerConfigKeys (ConfUtils.java:logGet(43)) - raft.server.log.segment.size.max = 1048576 (custom)
2019-09-12 13:47:17,159 [pool-27-thread-1] INFO  server.RaftServerConfigKeys (ConfUtils.java:logGet(43)) - raft.server.log.preallocated.size = 16384 (custom)
2019-09-12 13:47:17,159 [pool-27-thread-1] INFO  server.RaftServerConfigKeys (ConfUtils.java:logGet(43)) - raft.server.log.write.buffer.size = 33554432 (custom)
2019-09-12 13:47:17,159 [pool-107-thread-1] INFO  server.RaftServerConfigKeys (ConfUtils.java:logGet(43)) - raft.server.log.segment.cache.num.max = 2 (custom)
2019-09-12 13:47:17,160 [pool-27-thread-1] INFO  server.RaftServerConfigKeys (ConfUtils.java:logGet(43)) - raft.server.log.force.sync.num = 128 (default)
2019-09-12 13:47:17,160 [pool-27-thread-1] INFO  server.RaftServerConfigKeys (ConfUtils.java:logGet(43)) - raft.server.log.statemachine.data.sync = true (default)
2019-09-12 13:47:17,159 [pool-37-thread-1] INFO  server.RaftServerConfigKeys (ConfUtils.java:logGet(43)) - raft.server.log.segment.cache.num.max = 2 (custom)
2019-09-12 13:47:17,160 [pool-27-thread-1] INFO  server.RaftServerConfigKeys (ConfUtils.java:logGet(43)) - raft.server.log.statemachine.data.sync.timeout = 10s (default)
2019-09-12 13:47:17,160 [pool-107-thread-1] INFO  segmented.SegmentedRaftLogWorker (SegmentedRaftLogWorker.java:<init>(172)) - new 76a15b5a-6854-49a0-8818-73e3745045ae@group-411631934A30-SegmentedRaftLogWorker for RaftStorage:Storage Directory /workdir/hadoop-ozone/integration-test/target/test-dir/MiniOzoneClusterImpl-98ba6956-8e51-4dc7-be59-62a375280f0b/datanode-8/data/ratis/dcf32ac8-d859-4fc8-9525-411631934a30
2019-09-12 13:47:17,160 [pool-27-thread-1] INFO  server.RaftServerConfigKeys (ConfUtils.java:logGet(43)) - raft.server.log.statemachine.data.sync.timeout.retry = -1 (default)
2019-09-12 13:47:17,160 [pool-37-thread-1] INFO  segmented.SegmentedRaftLogWorker (SegmentedRaftLogWorker.java:<init>(172)) - new 7dd3d51f-7703-47e1-b378-11db862d4d4b@group-411631934A30-SegmentedRaftLogWorker for RaftStorage:Storage Directory /workdir/hadoop-ozone/integration-test/target/test-dir/MiniOzoneClusterImpl-98ba6956-8e51-4dc7-be59-62a375280f0b/datanode-1/data/ratis/dcf32ac8-d859-4fc8-9525-411631934a30
2019-09-12 13:47:17,161 [pool-27-thread-1] INFO  server.RaftServerConfigKeys (ConfUtils.java:logGet(43)) - raft.server.log.statemachine.data.caching.enabled = true (custom)
2019-09-12 13:47:17,160 [pool-107-thread-1] INFO  server.RaftServerConfigKeys (ConfUtils.java:logGet(43)) - raft.server.log.queue.byte-limit = 2147483647 (custom)
2019-09-12 13:47:17,161 [pool-37-thread-1] INFO  server.RaftServerConfigKeys (ConfUtils.java:logGet(43)) - raft.server.log.queue.byte-limit = 2147483647 (custom)
2019-09-12 13:47:17,161 [pool-27-thread-1] INFO  segmented.SegmentedRaftLogWorker (SegmentedRaftLogWorker.java:lambda$new$0(132)) - eb4af5da-c929-4f10-b53e-ce7f20abad1a@group-411631934A30-SegmentedRaftLogWorker: flushIndex: setUnconditionally 0 -> -1
2019-09-12 13:47:17,161 [pool-37-thread-1] INFO  server.RaftServerConfigKeys (ConfUtils.java:logGet(43)) - raft.server.log.queue.element-limit = 1024 (custom)
2019-09-12 13:47:17,161 [pool-107-thread-1] INFO  server.RaftServerConfigKeys (ConfUtils.java:logGet(43)) - raft.server.log.queue.element-limit = 1024 (custom)
2019-09-12 13:47:17,161 [pool-37-thread-1] INFO  server.RaftServerConfigKeys (ConfUtils.java:logGet(43)) - raft.server.log.segment.size.max = 1048576 (custom)
2019-09-12 13:47:17,161 [pool-27-thread-1] INFO  server.RaftServerConfigKeys (ConfUtils.java:logGet(43)) - raft.server.snapshot.auto.trigger.enabled = true (custom)
2019-09-12 13:47:17,162 [pool-37-thread-1] INFO  server.RaftServerConfigKeys (ConfUtils.java:logGet(43)) - raft.server.log.preallocated.size = 16384 (custom)
2019-09-12 13:47:17,162 [pool-107-thread-1] INFO  server.RaftServerConfigKeys (ConfUtils.java:logGet(43)) - raft.server.log.segment.size.max = 1048576 (custom)
2019-09-12 13:47:17,162 [pool-37-thread-1] INFO  server.RaftServerConfigKeys (ConfUtils.java:logGet(43)) - raft.server.log.write.buffer.size = 33554432 (custom)
2019-09-12 13:47:17,162 [pool-27-thread-1] INFO  server.RaftServerConfigKeys (ConfUtils.java:logGet(43)) - raft.server.snapshot.auto.trigger.threshold = 10000 (custom)
2019-09-12 13:47:17,162 [pool-37-thread-1] INFO  server.RaftServerConfigKeys (ConfUtils.java:logGet(43)) - raft.server.log.force.sync.num = 128 (default)
2019-09-12 13:47:17,162 [pool-37-thread-1] INFO  server.RaftServerConfigKeys (ConfUtils.java:logGet(43)) - raft.server.log.statemachine.data.sync = true (default)
2019-09-12 13:47:17,162 [pool-107-thread-1] INFO  server.RaftServerConfigKeys (ConfUtils.java:logGet(43)) - raft.server.log.preallocated.size = 16384 (custom)
2019-09-12 13:47:17,163 [pool-37-thread-1] INFO  server.RaftServerConfigKeys (ConfUtils.java:logGet(43)) - raft.server.log.statemachine.data.sync.timeout = 10s (default)
2019-09-12 13:47:17,162 [pool-27-thread-1] INFO  server.RaftServerConfigKeys (ConfUtils.java:logGet(43)) - raft.server.snapshot.retention.num.files = -1 (default)
2019-09-12 13:47:17,163 [pool-37-thread-1] INFO  server.RaftServerConfigKeys (ConfUtils.java:logGet(43)) - raft.server.log.statemachine.data.sync.timeout.retry = -1 (default)
2019-09-12 13:47:17,163 [pool-107-thread-1] INFO  server.RaftServerConfigKeys (ConfUtils.java:logGet(43)) - raft.server.log.write.buffer.size = 33554432 (custom)
2019-09-12 13:47:17,163 [pool-37-thread-1] INFO  server.RaftServerConfigKeys (ConfUtils.java:logGet(43)) - raft.server.log.statemachine.data.caching.enabled = true (custom)
2019-09-12 13:47:17,163 [pool-27-thread-1] INFO  server.RaftServerConfigKeys (ConfUtils.java:logGet(43)) - raft.server.retrycache.expirytime = 600000ms (custom)
2019-09-12 13:47:17,163 [pool-107-thread-1] INFO  server.RaftServerConfigKeys (ConfUtils.java:logGet(43)) - raft.server.log.force.sync.num = 128 (default)
2019-09-12 13:47:17,164 [pool-37-thread-1] INFO  segmented.SegmentedRaftLogWorker (SegmentedRaftLogWorker.java:lambda$new$0(132)) - 7dd3d51f-7703-47e1-b378-11db862d4d4b@group-411631934A30-SegmentedRaftLogWorker: flushIndex: setUnconditionally 0 -> -1
2019-09-12 13:47:17,164 [pool-107-thread-1] INFO  server.RaftServerConfigKeys (ConfUtils.java:logGet(43)) - raft.server.log.statemachine.data.sync = true (default)
2019-09-12 13:47:17,164 [pool-107-thread-1] INFO  server.RaftServerConfigKeys (ConfUtils.java:logGet(43)) - raft.server.log.statemachine.data.sync.timeout = 10s (default)
2019-09-12 13:47:17,164 [pool-37-thread-1] INFO  server.RaftServerConfigKeys (ConfUtils.java:logGet(43)) - raft.server.snapshot.auto.trigger.enabled = true (custom)
2019-09-12 13:47:17,164 [pool-107-thread-1] INFO  server.RaftServerConfigKeys (ConfUtils.java:logGet(43)) - raft.server.log.statemachine.data.sync.timeout.retry = -1 (default)
2019-09-12 13:47:17,164 [pool-37-thread-1] INFO  server.RaftServerConfigKeys (ConfUtils.java:logGet(43)) - raft.server.snapshot.auto.trigger.threshold = 10000 (custom)
2019-09-12 13:47:17,164 [pool-107-thread-1] INFO  server.RaftServerConfigKeys (ConfUtils.java:logGet(43)) - raft.server.log.statemachine.data.caching.enabled = true (custom)
2019-09-12 13:47:17,164 [pool-37-thread-1] INFO  server.RaftServerConfigKeys (ConfUtils.java:logGet(43)) - raft.server.snapshot.retention.num.files = -1 (default)
2019-09-12 13:47:17,165 [pool-107-thread-1] INFO  segmented.SegmentedRaftLogWorker (SegmentedRaftLogWorker.java:lambda$new$0(132)) - 76a15b5a-6854-49a0-8818-73e3745045ae@group-411631934A30-SegmentedRaftLogWorker: flushIndex: setUnconditionally 0 -> -1
2019-09-12 13:47:17,165 [pool-37-thread-1] INFO  server.RaftServerConfigKeys (ConfUtils.java:logGet(43)) - raft.server.retrycache.expirytime = 600000ms (custom)
2019-09-12 13:47:17,172 [pool-107-thread-1] INFO  server.RaftServerConfigKeys (ConfUtils.java:logGet(43)) - raft.server.snapshot.auto.trigger.enabled = true (custom)
2019-09-12 13:47:17,172 [pool-107-thread-1] INFO  server.RaftServerConfigKeys (ConfUtils.java:logGet(43)) - raft.server.snapshot.auto.trigger.threshold = 10000 (custom)
2019-09-12 13:47:17,172 [pool-107-thread-1] INFO  server.RaftServerConfigKeys (ConfUtils.java:logGet(43)) - raft.server.snapshot.retention.num.files = -1 (default)
2019-09-12 13:47:17,173 [pool-107-thread-1] INFO  server.RaftServerConfigKeys (ConfUtils.java:logGet(43)) - raft.server.retrycache.expirytime = 600000ms (custom)
2019-09-12 13:47:17,173 [pool-27-thread-1] INFO  impl.RaftServerImpl (RaftServerImpl.java:start(185)) - eb4af5da-c929-4f10-b53e-ce7f20abad1a@group-411631934A30: start as a follower, conf=-1: [eb4af5da-c929-4f10-b53e-ce7f20abad1a:192.168.34.38:38959, 7dd3d51f-7703-47e1-b378-11db862d4d4b:192.168.34.38:36691, 76a15b5a-6854-49a0-8818-73e3745045ae:192.168.34.38:41160], old=null
2019-09-12 13:47:17,173 [pool-27-thread-1] INFO  impl.RaftServerImpl (RaftServerImpl.java:setRole(174)) - eb4af5da-c929-4f10-b53e-ce7f20abad1a@group-411631934A30: changes role from      null to FOLLOWER at term 0 for startAsFollower
2019-09-12 13:47:17,174 [pool-27-thread-1] INFO  impl.RoleInfo (RoleInfo.java:updateAndGet(143)) - eb4af5da-c929-4f10-b53e-ce7f20abad1a: start FollowerState
2019-09-12 13:47:17,174 [pool-27-thread-1] INFO  util.JmxRegister (JmxRegister.java:tryRegister(44)) - Successfully registered JMX Bean with object name Ratis:service=RaftServer,group=group-411631934A30,id=eb4af5da-c929-4f10-b53e-ce7f20abad1a
2019-09-12 13:47:17,175 [pool-37-thread-1] INFO  impl.RaftServerImpl (RaftServerImpl.java:start(185)) - 7dd3d51f-7703-47e1-b378-11db862d4d4b@group-411631934A30: start as a follower, conf=-1: [eb4af5da-c929-4f10-b53e-ce7f20abad1a:192.168.34.38:38959, 7dd3d51f-7703-47e1-b378-11db862d4d4b:192.168.34.38:36691, 76a15b5a-6854-49a0-8818-73e3745045ae:192.168.34.38:41160], old=null
2019-09-12 13:47:17,175 [pool-37-thread-1] INFO  impl.RaftServerImpl (RaftServerImpl.java:setRole(174)) - 7dd3d51f-7703-47e1-b378-11db862d4d4b@group-411631934A30: changes role from      null to FOLLOWER at term 0 for startAsFollower
2019-09-12 13:47:17,175 [pool-37-thread-1] INFO  impl.RoleInfo (RoleInfo.java:updateAndGet(143)) - 7dd3d51f-7703-47e1-b378-11db862d4d4b: start FollowerState
2019-09-12 13:47:17,175 [pool-107-thread-1] INFO  impl.RaftServerImpl (RaftServerImpl.java:start(185)) - 76a15b5a-6854-49a0-8818-73e3745045ae@group-411631934A30: start as a follower, conf=-1: [eb4af5da-c929-4f10-b53e-ce7f20abad1a:192.168.34.38:38959, 7dd3d51f-7703-47e1-b378-11db862d4d4b:192.168.34.38:36691, 76a15b5a-6854-49a0-8818-73e3745045ae:192.168.34.38:41160], old=null
2019-09-12 13:47:17,176 [pool-37-thread-1] INFO  util.JmxRegister (JmxRegister.java:tryRegister(44)) - Successfully registered JMX Bean with object name Ratis:service=RaftServer,group=group-411631934A30,id=7dd3d51f-7703-47e1-b378-11db862d4d4b
2019-09-12 13:47:17,176 [pool-107-thread-1] INFO  impl.RaftServerImpl (RaftServerImpl.java:setRole(174)) - 76a15b5a-6854-49a0-8818-73e3745045ae@group-411631934A30: changes role from      null to FOLLOWER at term 0 for startAsFollower
2019-09-12 13:47:17,176 [pool-107-thread-1] INFO  impl.RoleInfo (RoleInfo.java:updateAndGet(143)) - 76a15b5a-6854-49a0-8818-73e3745045ae: start FollowerState
2019-09-12 13:47:17,176 [pool-107-thread-1] INFO  util.JmxRegister (JmxRegister.java:tryRegister(44)) - Successfully registered JMX Bean with object name Ratis:service=RaftServer,group=group-411631934A30,id=76a15b5a-6854-49a0-8818-73e3745045ae
2019-09-12 13:47:17,194 [RatisPipelineUtilsThread] INFO  pipeline.PipelineStateManager (PipelineStateManager.java:addPipeline(56)) - Created pipeline Pipeline[ Id: dcf32ac8-d859-4fc8-9525-411631934a30, Nodes: eb4af5da-c929-4f10-b53e-ce7f20abad1a{ip: 192.168.34.38, host: pr-hdds-2007-65vhz-3510356991, networkLocation: /default-rack, certSerialId: null}76a15b5a-6854-49a0-8818-73e3745045ae{ip: 192.168.34.38, host: pr-hdds-2007-65vhz-3510356991, networkLocation: /default-rack, certSerialId: null}7dd3d51f-7703-47e1-b378-11db862d4d4b{ip: 192.168.34.38, host: pr-hdds-2007-65vhz-3510356991, networkLocation: /default-rack, certSerialId: null}, Type:RATIS, Factor:THREE, State:OPEN]
2019-09-12 13:47:17,217 [grpc-default-executor-2] INFO  impl.RaftServerProxy (RaftServerProxy.java:addNew(89)) - 763d52db-3808-40b7-9749-d7ff45e81d9a: addNew group-3636C80E75D6:[763d52db-3808-40b7-9749-d7ff45e81d9a:192.168.34.38:36181, 05e06da0-1d3a-4481-ab96-f6b3bccd14af:192.168.34.38:45188, 57ae412b-1391-4b0c-ad94-18127dd39aa0:192.168.34.38:39194] returns group-3636C80E75D6:java.util.concurrent.CompletableFuture@d4c163c[Not completed]
2019-09-12 13:47:17,217 [grpc-default-executor-1] INFO  impl.RaftServerProxy (RaftServerProxy.java:addNew(89)) - 57ae412b-1391-4b0c-ad94-18127dd39aa0: addNew group-3636C80E75D6:[763d52db-3808-40b7-9749-d7ff45e81d9a:192.168.34.38:36181, 05e06da0-1d3a-4481-ab96-f6b3bccd14af:192.168.34.38:45188, 57ae412b-1391-4b0c-ad94-18127dd39aa0:192.168.34.38:39194] returns group-3636C80E75D6:java.util.concurrent.CompletableFuture@3e33fcbc[Not completed]
2019-09-12 13:47:17,217 [grpc-default-executor-0] INFO  impl.RaftServerProxy (RaftServerProxy.java:addNew(89)) - 05e06da0-1d3a-4481-ab96-f6b3bccd14af: addNew group-3636C80E75D6:[763d52db-3808-40b7-9749-d7ff45e81d9a:192.168.34.38:36181, 05e06da0-1d3a-4481-ab96-f6b3bccd14af:192.168.34.38:45188, 57ae412b-1391-4b0c-ad94-18127dd39aa0:192.168.34.38:39194] returns group-3636C80E75D6:java.util.concurrent.CompletableFuture@721626b0[Not completed]
2019-09-12 13:47:17,220 [pool-77-thread-1] INFO  impl.RaftServerImpl (RaftServerImpl.java:<init>(95)) - 763d52db-3808-40b7-9749-d7ff45e81d9a: new RaftServerImpl for group-3636C80E75D6:[763d52db-3808-40b7-9749-d7ff45e81d9a:192.168.34.38:36181, 05e06da0-1d3a-4481-ab96-f6b3bccd14af:192.168.34.38:45188, 57ae412b-1391-4b0c-ad94-18127dd39aa0:192.168.34.38:39194] with ContainerStateMachine:uninitialized
2019-09-12 13:47:17,220 [pool-77-thread-1] INFO  server.RaftServerConfigKeys (ConfUtils.java:logGet(43)) - raft.server.rpc.timeout.min = 1s (custom)
2019-09-12 13:47:17,221 [pool-77-thread-1] INFO  server.RaftServerConfigKeys (ConfUtils.java:logGet(43)) - raft.server.rpc.timeout.max = 1200ms (custom)
2019-09-12 13:47:17,221 [pool-77-thread-1] INFO  server.RaftServerConfigKeys (ConfUtils.java:logGet(43)) - raft.server.rpcslowness.timeout = 120s (custom)
2019-09-12 13:47:17,221 [pool-77-thread-1] INFO  server.RaftServerConfigKeys (ConfUtils.java:logGet(43)) - raft.server.sleep.deviation.threshold = 300 (default)
2019-09-12 13:47:17,221 [pool-77-thread-1] INFO  server.RaftServerConfigKeys (ConfUtils.java:logGet(43)) - raft.server.log.appender.install.snapshot.enabled = false (custom)
2019-09-12 13:47:17,221 [pool-77-thread-1] INFO  impl.RaftServerImpl (ServerState.java:<init>(103)) - 763d52db-3808-40b7-9749-d7ff45e81d9a@group-3636C80E75D6: ConfigurationManager, init=-1: [763d52db-3808-40b7-9749-d7ff45e81d9a:192.168.34.38:36181, 05e06da0-1d3a-4481-ab96-f6b3bccd14af:192.168.34.38:45188, 57ae412b-1391-4b0c-ad94-18127dd39aa0:192.168.34.38:39194], old=null, confs=<EMPTY_MAP>
2019-09-12 13:47:17,221 [pool-97-thread-1] INFO  impl.RaftServerImpl (RaftServerImpl.java:<init>(95)) - 57ae412b-1391-4b0c-ad94-18127dd39aa0: new RaftServerImpl for group-3636C80E75D6:[763d52db-3808-40b7-9749-d7ff45e81d9a:192.168.34.38:36181, 05e06da0-1d3a-4481-ab96-f6b3bccd14af:192.168.34.38:45188, 57ae412b-1391-4b0c-ad94-18127dd39aa0:192.168.34.38:39194] with ContainerStateMachine:uninitialized
2019-09-12 13:47:17,221 [pool-77-thread-1] INFO  server.RaftServerConfigKeys (ConfUtils.java:logGet(43)) - raft.server.storage.dir = [/workdir/hadoop-ozone/integration-test/target/test-dir/MiniOzoneClusterImpl-98ba6956-8e51-4dc7-be59-62a375280f0b/datanode-5/data/ratis] (custom)
2019-09-12 13:47:17,222 [pool-97-thread-1] INFO  server.RaftServerConfigKeys (ConfUtils.java:logGet(43)) - raft.server.rpc.timeout.min = 1s (custom)
2019-09-12 13:47:17,222 [pool-97-thread-1] INFO  server.RaftServerConfigKeys (ConfUtils.java:logGet(43)) - raft.server.rpc.timeout.max = 1200ms (custom)
2019-09-12 13:47:17,222 [pool-77-thread-1] INFO  storage.RaftStorageDirectory (RaftStorageDirectory.java:analyzeStorage(246)) - The storage directory /workdir/hadoop-ozone/integration-test/target/test-dir/MiniOzoneClusterImpl-98ba6956-8e51-4dc7-be59-62a375280f0b/datanode-5/data/ratis/4c8f1a2d-9002-479d-9c36-3636c80e75d6 does not exist. Creating ...
2019-09-12 13:47:17,222 [pool-97-thread-1] INFO  server.RaftServerConfigKeys (ConfUtils.java:logGet(43)) - raft.server.rpcslowness.timeout = 120s (custom)
2019-09-12 13:47:17,222 [pool-57-thread-1] INFO  impl.RaftServerImpl (RaftServerImpl.java:<init>(95)) - 05e06da0-1d3a-4481-ab96-f6b3bccd14af: new RaftServerImpl for group-3636C80E75D6:[763d52db-3808-40b7-9749-d7ff45e81d9a:192.168.34.38:36181, 05e06da0-1d3a-4481-ab96-f6b3bccd14af:192.168.34.38:45188, 57ae412b-1391-4b0c-ad94-18127dd39aa0:192.168.34.38:39194] with ContainerStateMachine:uninitialized
2019-09-12 13:47:17,222 [pool-97-thread-1] INFO  server.RaftServerConfigKeys (ConfUtils.java:logGet(43)) - raft.server.sleep.deviation.threshold = 300 (default)
2019-09-12 13:47:17,222 [pool-57-thread-1] INFO  server.RaftServerConfigKeys (ConfUtils.java:logGet(43)) - raft.server.rpc.timeout.min = 1s (custom)
2019-09-12 13:47:17,222 [pool-97-thread-1] INFO  server.RaftServerConfigKeys (ConfUtils.java:logGet(43)) - raft.server.log.appender.install.snapshot.enabled = false (custom)
2019-09-12 13:47:17,223 [pool-57-thread-1] INFO  server.RaftServerConfigKeys (ConfUtils.java:logGet(43)) - raft.server.rpc.timeout.max = 1200ms (custom)
2019-09-12 13:47:17,223 [pool-97-thread-1] INFO  impl.RaftServerImpl (ServerState.java:<init>(103)) - 57ae412b-1391-4b0c-ad94-18127dd39aa0@group-3636C80E75D6: ConfigurationManager, init=-1: [763d52db-3808-40b7-9749-d7ff45e81d9a:192.168.34.38:36181, 05e06da0-1d3a-4481-ab96-f6b3bccd14af:192.168.34.38:45188, 57ae412b-1391-4b0c-ad94-18127dd39aa0:192.168.34.38:39194], old=null, confs=<EMPTY_MAP>
2019-09-12 13:47:17,223 [pool-57-thread-1] INFO  server.RaftServerConfigKeys (ConfUtils.java:logGet(43)) - raft.server.rpcslowness.timeout = 120s (custom)
2019-09-12 13:47:17,223 [pool-57-thread-1] INFO  server.RaftServerConfigKeys (ConfUtils.java:logGet(43)) - raft.server.sleep.deviation.threshold = 300 (default)
2019-09-12 13:47:17,223 [pool-97-thread-1] INFO  server.RaftServerConfigKeys (ConfUtils.java:logGet(43)) - raft.server.storage.dir = [/workdir/hadoop-ozone/integration-test/target/test-dir/MiniOzoneClusterImpl-98ba6956-8e51-4dc7-be59-62a375280f0b/datanode-7/data/ratis] (custom)
2019-09-12 13:47:17,223 [pool-57-thread-1] INFO  server.RaftServerConfigKeys (ConfUtils.java:logGet(43)) - raft.server.log.appender.install.snapshot.enabled = false (custom)
2019-09-12 13:47:17,223 [pool-57-thread-1] INFO  impl.RaftServerImpl (ServerState.java:<init>(103)) - 05e06da0-1d3a-4481-ab96-f6b3bccd14af@group-3636C80E75D6: ConfigurationManager, init=-1: [763d52db-3808-40b7-9749-d7ff45e81d9a:192.168.34.38:36181, 05e06da0-1d3a-4481-ab96-f6b3bccd14af:192.168.34.38:45188, 57ae412b-1391-4b0c-ad94-18127dd39aa0:192.168.34.38:39194], old=null, confs=<EMPTY_MAP>
2019-09-12 13:47:17,224 [pool-97-thread-1] INFO  storage.RaftStorageDirectory (RaftStorageDirectory.java:analyzeStorage(246)) - The storage directory /workdir/hadoop-ozone/integration-test/target/test-dir/MiniOzoneClusterImpl-98ba6956-8e51-4dc7-be59-62a375280f0b/datanode-7/data/ratis/4c8f1a2d-9002-479d-9c36-3636c80e75d6 does not exist. Creating ...
2019-09-12 13:47:17,224 [pool-57-thread-1] INFO  server.RaftServerConfigKeys (ConfUtils.java:logGet(43)) - raft.server.storage.dir = [/workdir/hadoop-ozone/integration-test/target/test-dir/MiniOzoneClusterImpl-98ba6956-8e51-4dc7-be59-62a375280f0b/datanode-3/data/ratis] (custom)
2019-09-12 13:47:17,224 [pool-57-thread-1] INFO  storage.RaftStorageDirectory (RaftStorageDirectory.java:analyzeStorage(246)) - The storage directory /workdir/hadoop-ozone/integration-test/target/test-dir/MiniOzoneClusterImpl-98ba6956-8e51-4dc7-be59-62a375280f0b/datanode-3/data/ratis/4c8f1a2d-9002-479d-9c36-3636c80e75d6 does not exist. Creating ...
2019-09-12 13:47:17,239 [Thread-294] INFO  impl.FollowerState (FollowerState.java:run(106)) - 3ef341d8-3296-48d4-9b49-005c11ca2b71:group-CCD1DB151AF0 changes to CANDIDATE, lastRpcTime:1087, electionTimeout:1087ms
2019-09-12 13:47:17,240 [Thread-294] INFO  impl.RoleInfo (RoleInfo.java:shutdownFollowerState(121)) - 3ef341d8-3296-48d4-9b49-005c11ca2b71: shutdown FollowerState
2019-09-12 13:47:17,240 [Thread-294] INFO  impl.RaftServerImpl (RaftServerImpl.java:setRole(174)) - 3ef341d8-3296-48d4-9b49-005c11ca2b71@group-CCD1DB151AF0: changes role from  FOLLOWER to CANDIDATE at term 0 for changeToCandidate
2019-09-12 13:47:17,240 [Thread-294] INFO  impl.RoleInfo (RoleInfo.java:updateAndGet(143)) - 3ef341d8-3296-48d4-9b49-005c11ca2b71: start LeaderElection
2019-09-12 13:47:17,249 [pool-57-thread-1] INFO  storage.RaftStorageDirectory (RaftStorageDirectory.java:tryLock(328)) - Lock on /workdir/hadoop-ozone/integration-test/target/test-dir/MiniOzoneClusterImpl-98ba6956-8e51-4dc7-be59-62a375280f0b/datanode-3/data/ratis/4c8f1a2d-9002-479d-9c36-3636c80e75d6/in_use.lock acquired by nodename 9935@pr-hdds-2007-65vhz-3510356991
2019-09-12 13:47:17,249 [pool-77-thread-1] INFO  storage.RaftStorageDirectory (RaftStorageDirectory.java:tryLock(328)) - Lock on /workdir/hadoop-ozone/integration-test/target/test-dir/MiniOzoneClusterImpl-98ba6956-8e51-4dc7-be59-62a375280f0b/datanode-5/data/ratis/4c8f1a2d-9002-479d-9c36-3636c80e75d6/in_use.lock acquired by nodename 9935@pr-hdds-2007-65vhz-3510356991
2019-09-12 13:47:17,249 [pool-97-thread-1] INFO  storage.RaftStorageDirectory (RaftStorageDirectory.java:tryLock(328)) - Lock on /workdir/hadoop-ozone/integration-test/target/test-dir/MiniOzoneClusterImpl-98ba6956-8e51-4dc7-be59-62a375280f0b/datanode-7/data/ratis/4c8f1a2d-9002-479d-9c36-3636c80e75d6/in_use.lock acquired by nodename 9935@pr-hdds-2007-65vhz-3510356991
2019-09-12 13:47:17,288 [Thread-297] INFO  impl.FollowerState (FollowerState.java:run(106)) - 76a15b5a-6854-49a0-8818-73e3745045ae:group-D02E7E036843 changes to CANDIDATE, lastRpcTime:1039, electionTimeout:1025ms
2019-09-12 13:47:17,289 [Thread-297] INFO  impl.RoleInfo (RoleInfo.java:shutdownFollowerState(121)) - 76a15b5a-6854-49a0-8818-73e3745045ae: shutdown FollowerState
2019-09-12 13:47:17,289 [Thread-297] INFO  impl.RaftServerImpl (RaftServerImpl.java:setRole(174)) - 76a15b5a-6854-49a0-8818-73e3745045ae@group-D02E7E036843: changes role from  FOLLOWER to CANDIDATE at term 0 for changeToCandidate
2019-09-12 13:47:17,289 [Thread-297] INFO  impl.RoleInfo (RoleInfo.java:updateAndGet(143)) - 76a15b5a-6854-49a0-8818-73e3745045ae: start LeaderElection
2019-09-12 13:47:17,290 [pool-77-thread-1] INFO  storage.RaftStorage (RaftStorage.java:format(72)) - Storage directory /workdir/hadoop-ozone/integration-test/target/test-dir/MiniOzoneClusterImpl-98ba6956-8e51-4dc7-be59-62a375280f0b/datanode-5/data/ratis/4c8f1a2d-9002-479d-9c36-3636c80e75d6 has been successfully formatted.
2019-09-12 13:47:17,290 [pool-97-thread-1] INFO  storage.RaftStorage (RaftStorage.java:format(72)) - Storage directory /workdir/hadoop-ozone/integration-test/target/test-dir/MiniOzoneClusterImpl-98ba6956-8e51-4dc7-be59-62a375280f0b/datanode-7/data/ratis/4c8f1a2d-9002-479d-9c36-3636c80e75d6 has been successfully formatted.
2019-09-12 13:47:17,290 [pool-57-thread-1] INFO  storage.RaftStorage (RaftStorage.java:format(72)) - Storage directory /workdir/hadoop-ozone/integration-test/target/test-dir/MiniOzoneClusterImpl-98ba6956-8e51-4dc7-be59-62a375280f0b/datanode-3/data/ratis/4c8f1a2d-9002-479d-9c36-3636c80e75d6 has been successfully formatted.
2019-09-12 13:47:17,290 [3ef341d8-3296-48d4-9b49-005c11ca2b71@group-CCD1DB151AF0:LeaderElection4] INFO  impl.LeaderElection (LeaderElection.java:askForVotes(182)) - 3ef341d8-3296-48d4-9b49-005c11ca2b71@group-CCD1DB151AF0:LeaderElection4: begin an election at term 1 for -1: [3ef341d8-3296-48d4-9b49-005c11ca2b71:192.168.34.38:43198], old=null
2019-09-12 13:47:17,300 [pool-97-thread-1] INFO  ratis.ContainerStateMachine (ContainerStateMachine.java:loadSnapshot(230)) - group-3636C80E75D6: The snapshot info is null. Setting the last applied indexto:(t:0, i:~)
2019-09-12 13:47:17,299 [pool-77-thread-1] INFO  ratis.ContainerStateMachine (ContainerStateMachine.java:loadSnapshot(230)) - group-3636C80E75D6: The snapshot info is null. Setting the last applied indexto:(t:0, i:~)
2019-09-12 13:47:17,300 [pool-97-thread-1] INFO  server.RaftServerConfigKeys (ConfUtils.java:logGet(43)) - raft.server.notification.no-leader.timeout = 120s (custom)
2019-09-12 13:47:17,300 [pool-57-thread-1] INFO  ratis.ContainerStateMachine (ContainerStateMachine.java:loadSnapshot(230)) - group-3636C80E75D6: The snapshot info is null. Setting the last applied indexto:(t:0, i:~)
2019-09-12 13:47:17,300 [3ef341d8-3296-48d4-9b49-005c11ca2b71@group-CCD1DB151AF0:LeaderElection4] INFO  impl.RoleInfo (RoleInfo.java:shutdownLeaderElection(134)) - 3ef341d8-3296-48d4-9b49-005c11ca2b71: shutdown LeaderElection
2019-09-12 13:47:17,304 [pool-57-thread-1] INFO  server.RaftServerConfigKeys (ConfUtils.java:logGet(43)) - raft.server.notification.no-leader.timeout = 120s (custom)
2019-09-12 13:47:17,304 [pool-97-thread-1] INFO  server.RaftServerConfigKeys (ConfUtils.java:logGet(43)) - raft.server.log.use.memory = false (default)
2019-09-12 13:47:17,300 [pool-77-thread-1] INFO  server.RaftServerConfigKeys (ConfUtils.java:logGet(43)) - raft.server.notification.no-leader.timeout = 120s (custom)
2019-09-12 13:47:17,304 [pool-97-thread-1] INFO  server.RaftServerConfigKeys (ConfUtils.java:logGet(43)) - raft.server.log.purge.gap = 1000000 (custom)
2019-09-12 13:47:17,304 [pool-57-thread-1] INFO  server.RaftServerConfigKeys (ConfUtils.java:logGet(43)) - raft.server.log.use.memory = false (default)
2019-09-12 13:47:17,304 [3ef341d8-3296-48d4-9b49-005c11ca2b71@group-CCD1DB151AF0:LeaderElection4] INFO  impl.RaftServerImpl (RaftServerImpl.java:setRole(174)) - 3ef341d8-3296-48d4-9b49-005c11ca2b71@group-CCD1DB151AF0: changes role from CANDIDATE to LEADER at term 1 for changeToLeader
2019-09-12 13:47:17,305 [pool-57-thread-1] INFO  server.RaftServerConfigKeys (ConfUtils.java:logGet(43)) - raft.server.log.purge.gap = 1000000 (custom)
2019-09-12 13:47:17,305 [pool-97-thread-1] INFO  server.RaftServerConfigKeys (ConfUtils.java:logGet(43)) - raft.server.log.appender.buffer.byte-limit = 33554432 (custom)
2019-09-12 13:47:17,304 [pool-77-thread-1] INFO  server.RaftServerConfigKeys (ConfUtils.java:logGet(43)) - raft.server.log.use.memory = false (default)
2019-09-12 13:47:17,305 [pool-97-thread-1] INFO  server.RaftServerConfigKeys (ConfUtils.java:logGet(43)) - raft.server.log.segment.size.max = 1048576 (custom)
2019-09-12 13:47:17,305 [pool-57-thread-1] INFO  server.RaftServerConfigKeys (ConfUtils.java:logGet(43)) - raft.server.log.appender.buffer.byte-limit = 33554432 (custom)
2019-09-12 13:47:17,305 [3ef341d8-3296-48d4-9b49-005c11ca2b71@group-CCD1DB151AF0:LeaderElection4] INFO  impl.RaftServerImpl (ServerState.java:setLeader(253)) - 3ef341d8-3296-48d4-9b49-005c11ca2b71@group-CCD1DB151AF0: change Leader from null to 3ef341d8-3296-48d4-9b49-005c11ca2b71 at term 1 for becomeLeader, leader elected after 1171ms
2019-09-12 13:47:17,305 [pool-57-thread-1] INFO  server.RaftServerConfigKeys (ConfUtils.java:logGet(43)) - raft.server.log.segment.size.max = 1048576 (custom)
2019-09-12 13:47:17,305 [pool-97-thread-1] INFO  server.RaftServerConfigKeys (ConfUtils.java:logGet(43)) - raft.server.log.segment.cache.num.max = 2 (custom)
2019-09-12 13:47:17,305 [pool-77-thread-1] INFO  server.RaftServerConfigKeys (ConfUtils.java:logGet(43)) - raft.server.log.purge.gap = 1000000 (custom)
2019-09-12 13:47:17,306 [pool-97-thread-1] INFO  segmented.SegmentedRaftLogWorker (SegmentedRaftLogWorker.java:<init>(172)) - new 57ae412b-1391-4b0c-ad94-18127dd39aa0@group-3636C80E75D6-SegmentedRaftLogWorker for RaftStorage:Storage Directory /workdir/hadoop-ozone/integration-test/target/test-dir/MiniOzoneClusterImpl-98ba6956-8e51-4dc7-be59-62a375280f0b/datanode-7/data/ratis/4c8f1a2d-9002-479d-9c36-3636c80e75d6
2019-09-12 13:47:17,306 [pool-57-thread-1] INFO  server.RaftServerConfigKeys (ConfUtils.java:logGet(43)) - raft.server.log.segment.cache.num.max = 2 (custom)
2019-09-12 13:47:17,306 [3ef341d8-3296-48d4-9b49-005c11ca2b71@group-CCD1DB151AF0:LeaderElection4] INFO  server.RaftServerConfigKeys (ConfUtils.java:logGet(43)) - raft.server.staging.catchup.gap = 1000 (default)
2019-09-12 13:47:17,306 [pool-57-thread-1] INFO  segmented.SegmentedRaftLogWorker (SegmentedRaftLogWorker.java:<init>(172)) - new 05e06da0-1d3a-4481-ab96-f6b3bccd14af@group-3636C80E75D6-SegmentedRaftLogWorker for RaftStorage:Storage Directory /workdir/hadoop-ozone/integration-test/target/test-dir/MiniOzoneClusterImpl-98ba6956-8e51-4dc7-be59-62a375280f0b/datanode-3/data/ratis/4c8f1a2d-9002-479d-9c36-3636c80e75d6
2019-09-12 13:47:17,306 [pool-97-thread-1] INFO  server.RaftServerConfigKeys (ConfUtils.java:logGet(43)) - raft.server.log.queue.byte-limit = 2147483647 (custom)
2019-09-12 13:47:17,306 [pool-77-thread-1] INFO  server.RaftServerConfigKeys (ConfUtils.java:logGet(43)) - raft.server.log.appender.buffer.byte-limit = 33554432 (custom)
2019-09-12 13:47:17,307 [pool-97-thread-1] INFO  server.RaftServerConfigKeys (ConfUtils.java:logGet(43)) - raft.server.log.queue.element-limit = 1024 (custom)
2019-09-12 13:47:17,306 [pool-57-thread-1] INFO  server.RaftServerConfigKeys (ConfUtils.java:logGet(43)) - raft.server.log.queue.byte-limit = 2147483647 (custom)
2019-09-12 13:47:17,307 [pool-57-thread-1] INFO  server.RaftServerConfigKeys (ConfUtils.java:logGet(43)) - raft.server.log.queue.element-limit = 1024 (custom)
2019-09-12 13:47:17,306 [3ef341d8-3296-48d4-9b49-005c11ca2b71@group-CCD1DB151AF0:LeaderElection4] INFO  server.RaftServerConfigKeys (ConfUtils.java:logGet(43)) - raft.server.rpc.sleep.time = 25ms (default)
2019-09-12 13:47:17,307 [pool-57-thread-1] INFO  server.RaftServerConfigKeys (ConfUtils.java:logGet(43)) - raft.server.log.segment.size.max = 1048576 (custom)
2019-09-12 13:47:17,307 [pool-97-thread-1] INFO  server.RaftServerConfigKeys (ConfUtils.java:logGet(43)) - raft.server.log.segment.size.max = 1048576 (custom)
2019-09-12 13:47:17,307 [pool-77-thread-1] INFO  server.RaftServerConfigKeys (ConfUtils.java:logGet(43)) - raft.server.log.segment.size.max = 1048576 (custom)
2019-09-12 13:47:17,307 [pool-97-thread-1] INFO  server.RaftServerConfigKeys (ConfUtils.java:logGet(43)) - raft.server.log.preallocated.size = 16384 (custom)
2019-09-12 13:47:17,307 [3ef341d8-3296-48d4-9b49-005c11ca2b71@group-CCD1DB151AF0:LeaderElection4] INFO  server.RaftServerConfigKeys (ConfUtils.java:logGet(43)) - raft.server.write.element-limit = 4096 (default)
2019-09-12 13:47:17,307 [pool-57-thread-1] INFO  server.RaftServerConfigKeys (ConfUtils.java:logGet(43)) - raft.server.log.preallocated.size = 16384 (custom)
2019-09-12 13:47:17,308 [3ef341d8-3296-48d4-9b49-005c11ca2b71@group-CCD1DB151AF0:LeaderElection4] INFO  server.RaftServerConfigKeys (ConfUtils.java:logGet(43)) - raft.server.watch.timeout = 10s (default)
2019-09-12 13:47:17,308 [pool-97-thread-1] INFO  server.RaftServerConfigKeys (ConfUtils.java:logGet(43)) - raft.server.log.write.buffer.size = 33554432 (custom)
2019-09-12 13:47:17,308 [pool-77-thread-1] INFO  server.RaftServerConfigKeys (ConfUtils.java:logGet(43)) - raft.server.log.segment.cache.num.max = 2 (custom)
2019-09-12 13:47:17,308 [pool-97-thread-1] INFO  server.RaftServerConfigKeys (ConfUtils.java:logGet(43)) - raft.server.log.force.sync.num = 128 (default)
2019-09-12 13:47:17,308 [3ef341d8-3296-48d4-9b49-005c11ca2b71@group-CCD1DB151AF0:LeaderElection4] INFO  server.RaftServerConfigKeys (ConfUtils.java:logGet(43)) - raft.server.watch.timeout.denomination = 1s (default)
2019-09-12 13:47:17,308 [pool-57-thread-1] INFO  server.RaftServerConfigKeys (ConfUtils.java:logGet(43)) - raft.server.log.write.buffer.size = 33554432 (custom)
2019-09-12 13:47:17,309 [3ef341d8-3296-48d4-9b49-005c11ca2b71@group-CCD1DB151AF0:LeaderElection4] INFO  server.RaftServerConfigKeys (ConfUtils.java:logGet(43)) - raft.server.watch.element-limit = 65536 (default)
2019-09-12 13:47:17,309 [pool-97-thread-1] INFO  server.RaftServerConfigKeys (ConfUtils.java:logGet(43)) - raft.server.log.statemachine.data.sync = true (default)
2019-09-12 13:47:17,308 [pool-77-thread-1] INFO  segmented.SegmentedRaftLogWorker (SegmentedRaftLogWorker.java:<init>(172)) - new 763d52db-3808-40b7-9749-d7ff45e81d9a@group-3636C80E75D6-SegmentedRaftLogWorker for RaftStorage:Storage Directory /workdir/hadoop-ozone/integration-test/target/test-dir/MiniOzoneClusterImpl-98ba6956-8e51-4dc7-be59-62a375280f0b/datanode-5/data/ratis/4c8f1a2d-9002-479d-9c36-3636c80e75d6
2019-09-12 13:47:17,309 [pool-97-thread-1] INFO  server.RaftServerConfigKeys (ConfUtils.java:logGet(43)) - raft.server.log.statemachine.data.sync.timeout = 10s (default)
2019-09-12 13:47:17,309 [pool-57-thread-1] INFO  server.RaftServerConfigKeys (ConfUtils.java:logGet(43)) - raft.server.log.force.sync.num = 128 (default)
2019-09-12 13:47:17,309 [pool-97-thread-1] INFO  server.RaftServerConfigKeys (ConfUtils.java:logGet(43)) - raft.server.log.statemachine.data.sync.timeout.retry = -1 (default)
2019-09-12 13:47:17,309 [pool-77-thread-1] INFO  server.RaftServerConfigKeys (ConfUtils.java:logGet(43)) - raft.server.log.queue.byte-limit = 2147483647 (custom)
2019-09-12 13:47:17,310 [pool-97-thread-1] INFO  server.RaftServerConfigKeys (ConfUtils.java:logGet(43)) - raft.server.log.statemachine.data.caching.enabled = true (custom)
2019-09-12 13:47:17,310 [pool-57-thread-1] INFO  server.RaftServerConfigKeys (ConfUtils.java:logGet(43)) - raft.server.log.statemachine.data.sync = true (default)
2019-09-12 13:47:17,310 [pool-77-thread-1] INFO  server.RaftServerConfigKeys (ConfUtils.java:logGet(43)) - raft.server.log.queue.element-limit = 1024 (custom)
2019-09-12 13:47:17,310 [pool-57-thread-1] INFO  server.RaftServerConfigKeys (ConfUtils.java:logGet(43)) - raft.server.log.statemachine.data.sync.timeout = 10s (default)
2019-09-12 13:47:17,310 [pool-77-thread-1] INFO  server.RaftServerConfigKeys (ConfUtils.java:logGet(43)) - raft.server.log.segment.size.max = 1048576 (custom)
2019-09-12 13:47:17,310 [pool-57-thread-1] INFO  server.RaftServerConfigKeys (ConfUtils.java:logGet(43)) - raft.server.log.statemachine.data.sync.timeout.retry = -1 (default)
2019-09-12 13:47:17,311 [pool-77-thread-1] INFO  server.RaftServerConfigKeys (ConfUtils.java:logGet(43)) - raft.server.log.preallocated.size = 16384 (custom)
2019-09-12 13:47:17,311 [3ef341d8-3296-48d4-9b49-005c11ca2b71@group-CCD1DB151AF0:LeaderElection4] INFO  impl.RoleInfo (RoleInfo.java:updateAndGet(143)) - 3ef341d8-3296-48d4-9b49-005c11ca2b71: start LeaderState
2019-09-12 13:47:17,311 [pool-57-thread-1] INFO  server.RaftServerConfigKeys (ConfUtils.java:logGet(43)) - raft.server.log.statemachine.data.caching.enabled = true (custom)
2019-09-12 13:47:17,311 [92e4cfa5-488b-4a46-94d1-80a7c527ff9a@group-14D7F06F4C94-SegmentedRaftLogWorker] INFO  segmented.SegmentedRaftLogWorker (SegmentedRaftLogWorker.java:execute(569)) - 92e4cfa5-488b-4a46-94d1-80a7c527ff9a@group-14D7F06F4C94-SegmentedRaftLogWorker: created new log segment /workdir/hadoop-ozone/integration-test/target/test-dir/MiniOzoneClusterImpl-98ba6956-8e51-4dc7-be59-62a375280f0b/datanode-4/data/ratis/7e3865ec-ec7b-4570-b7e3-14d7f06f4c94/current/log_inprogress_0
2019-09-12 13:47:17,311 [pool-97-thread-1] INFO  segmented.SegmentedRaftLogWorker (SegmentedRaftLogWorker.java:lambda$new$0(132)) - 57ae412b-1391-4b0c-ad94-18127dd39aa0@group-3636C80E75D6-SegmentedRaftLogWorker: flushIndex: setUnconditionally 0 -> -1
2019-09-12 13:47:17,311 [pool-57-thread-1] INFO  segmented.SegmentedRaftLogWorker (SegmentedRaftLogWorker.java:lambda$new$0(132)) - 05e06da0-1d3a-4481-ab96-f6b3bccd14af@group-3636C80E75D6-SegmentedRaftLogWorker: flushIndex: setUnconditionally 0 -> -1
2019-09-12 13:47:17,311 [76a15b5a-6854-49a0-8818-73e3745045ae@group-D02E7E036843:LeaderElection5] INFO  impl.LeaderElection (LeaderElection.java:askForVotes(182)) - 76a15b5a-6854-49a0-8818-73e3745045ae@group-D02E7E036843:LeaderElection5: begin an election at term 1 for -1: [76a15b5a-6854-49a0-8818-73e3745045ae:192.168.34.38:41160], old=null
2019-09-12 13:47:17,311 [3ef341d8-3296-48d4-9b49-005c11ca2b71@group-CCD1DB151AF0:LeaderElection4] INFO  segmented.SegmentedRaftLogWorker (SegmentedRaftLogWorker.java:startLogSegment(380)) - 3ef341d8-3296-48d4-9b49-005c11ca2b71@group-CCD1DB151AF0-SegmentedRaftLogWorker: Starting segment from index:0
2019-09-12 13:47:17,311 [6ac4bcf8-6973-4d27-bc88-57130dead3af@group-441D8F3B3442-SegmentedRaftLogWorker] INFO  segmented.SegmentedRaftLogWorker (SegmentedRaftLogWorker.java:execute(569)) - 6ac4bcf8-6973-4d27-bc88-57130dead3af@group-441D8F3B3442-SegmentedRaftLogWorker: created new log segment /workdir/hadoop-ozone/integration-test/target/test-dir/MiniOzoneClusterImpl-98ba6956-8e51-4dc7-be59-62a375280f0b/datanode-2/data/ratis/f3428213-8157-4d34-b1a8-441d8f3b3442/current/log_inprogress_0
2019-09-12 13:47:17,311 [eb4af5da-c929-4f10-b53e-ce7f20abad1a@group-35E83EEC39F9-SegmentedRaftLogWorker] INFO  segmented.SegmentedRaftLogWorker (SegmentedRaftLogWorker.java:execute(569)) - eb4af5da-c929-4f10-b53e-ce7f20abad1a@group-35E83EEC39F9-SegmentedRaftLogWorker: created new log segment /workdir/hadoop-ozone/integration-test/target/test-dir/MiniOzoneClusterImpl-98ba6956-8e51-4dc7-be59-62a375280f0b/datanode-0/data/ratis/903f9029-b0b4-469e-b5bd-35e83eec39f9/current/log_inprogress_0
2019-09-12 13:47:17,312 [3ef341d8-3296-48d4-9b49-005c11ca2b71@group-CCD1DB151AF0:LeaderElection4] INFO  impl.RaftServerImpl (ServerState.java:setRaftConf(354)) - 3ef341d8-3296-48d4-9b49-005c11ca2b71@group-CCD1DB151AF0: set configuration 0: [3ef341d8-3296-48d4-9b49-005c11ca2b71:192.168.34.38:43198], old=null at 0
2019-09-12 13:47:17,311 [pool-77-thread-1] INFO  server.RaftServerConfigKeys (ConfUtils.java:logGet(43)) - raft.server.log.write.buffer.size = 33554432 (custom)
2019-09-12 13:47:17,312 [76a15b5a-6854-49a0-8818-73e3745045ae@group-D02E7E036843:LeaderElection5] INFO  impl.RoleInfo (RoleInfo.java:shutdownLeaderElection(134)) - 76a15b5a-6854-49a0-8818-73e3745045ae: shutdown LeaderElection
2019-09-12 13:47:17,312 [pool-57-thread-1] INFO  server.RaftServerConfigKeys (ConfUtils.java:logGet(43)) - raft.server.snapshot.auto.trigger.enabled = true (custom)
2019-09-12 13:47:17,312 [pool-97-thread-1] INFO  server.RaftServerConfigKeys (ConfUtils.java:logGet(43)) - raft.server.snapshot.auto.trigger.enabled = true (custom)
2019-09-12 13:47:17,343 [pool-57-thread-1] INFO  server.RaftServerConfigKeys (ConfUtils.java:logGet(43)) - raft.server.snapshot.auto.trigger.threshold = 10000 (custom)
2019-09-12 13:47:17,343 [pool-57-thread-1] INFO  server.RaftServerConfigKeys (ConfUtils.java:logGet(43)) - raft.server.snapshot.retention.num.files = -1 (default)
2019-09-12 13:47:17,342 [76a15b5a-6854-49a0-8818-73e3745045ae@group-D02E7E036843:LeaderElection5] INFO  impl.RaftServerImpl (RaftServerImpl.java:setRole(174)) - 76a15b5a-6854-49a0-8818-73e3745045ae@group-D02E7E036843: changes role from CANDIDATE to LEADER at term 1 for changeToLeader
2019-09-12 13:47:17,343 [pool-57-thread-1] INFO  server.RaftServerConfigKeys (ConfUtils.java:logGet(43)) - raft.server.retrycache.expirytime = 600000ms (custom)
2019-09-12 13:47:17,342 [pool-77-thread-1] INFO  server.RaftServerConfigKeys (ConfUtils.java:logGet(43)) - raft.server.log.force.sync.num = 128 (default)
2019-09-12 13:47:17,343 [76a15b5a-6854-49a0-8818-73e3745045ae@group-D02E7E036843:LeaderElection5] INFO  impl.RaftServerImpl (ServerState.java:setLeader(253)) - 76a15b5a-6854-49a0-8818-73e3745045ae@group-D02E7E036843: change Leader from null to 76a15b5a-6854-49a0-8818-73e3745045ae at term 1 for becomeLeader, leader elected after 1109ms
2019-09-12 13:47:17,343 [pool-97-thread-1] INFO  server.RaftServerConfigKeys (ConfUtils.java:logGet(43)) - raft.server.snapshot.auto.trigger.threshold = 10000 (custom)
2019-09-12 13:47:17,343 [76a15b5a-6854-49a0-8818-73e3745045ae@group-D02E7E036843:LeaderElection5] INFO  server.RaftServerConfigKeys (ConfUtils.java:logGet(43)) - raft.server.staging.catchup.gap = 1000 (default)
2019-09-12 13:47:17,343 [pool-77-thread-1] INFO  server.RaftServerConfigKeys (ConfUtils.java:logGet(43)) - raft.server.log.statemachine.data.sync = true (default)
2019-09-12 13:47:17,344 [76a15b5a-6854-49a0-8818-73e3745045ae@group-D02E7E036843:LeaderElection5] INFO  server.RaftServerConfigKeys (ConfUtils.java:logGet(43)) - raft.server.rpc.sleep.time = 25ms (default)
2019-09-12 13:47:17,344 [pool-97-thread-1] INFO  server.RaftServerConfigKeys (ConfUtils.java:logGet(43)) - raft.server.snapshot.retention.num.files = -1 (default)
2019-09-12 13:47:17,344 [pool-77-thread-1] INFO  server.RaftServerConfigKeys (ConfUtils.java:logGet(43)) - raft.server.log.statemachine.data.sync.timeout = 10s (default)
2019-09-12 13:47:17,344 [76a15b5a-6854-49a0-8818-73e3745045ae@group-D02E7E036843:LeaderElection5] INFO  server.RaftServerConfigKeys (ConfUtils.java:logGet(43)) - raft.server.write.element-limit = 4096 (default)
2019-09-12 13:47:17,344 [pool-97-thread-1] INFO  server.RaftServerConfigKeys (ConfUtils.java:logGet(43)) - raft.server.retrycache.expirytime = 600000ms (custom)
2019-09-12 13:47:17,345 [76a15b5a-6854-49a0-8818-73e3745045ae@group-D02E7E036843:LeaderElection5] INFO  server.RaftServerConfigKeys (ConfUtils.java:logGet(43)) - raft.server.watch.timeout = 10s (default)
2019-09-12 13:47:17,344 [pool-77-thread-1] INFO  server.RaftServerConfigKeys (ConfUtils.java:logGet(43)) - raft.server.log.statemachine.data.sync.timeout.retry = -1 (default)
2019-09-12 13:47:17,345 [76a15b5a-6854-49a0-8818-73e3745045ae@group-D02E7E036843:LeaderElection5] INFO  server.RaftServerConfigKeys (ConfUtils.java:logGet(43)) - raft.server.watch.timeout.denomination = 1s (default)
2019-09-12 13:47:17,345 [pool-57-thread-1] INFO  impl.RaftServerImpl (RaftServerImpl.java:start(185)) - 05e06da0-1d3a-4481-ab96-f6b3bccd14af@group-3636C80E75D6: start as a follower, conf=-1: [763d52db-3808-40b7-9749-d7ff45e81d9a:192.168.34.38:36181, 05e06da0-1d3a-4481-ab96-f6b3bccd14af:192.168.34.38:45188, 57ae412b-1391-4b0c-ad94-18127dd39aa0:192.168.34.38:39194], old=null
2019-09-12 13:47:17,345 [pool-77-thread-1] INFO  server.RaftServerConfigKeys (ConfUtils.java:logGet(43)) - raft.server.log.statemachine.data.caching.enabled = true (custom)
2019-09-12 13:47:17,345 [pool-57-thread-1] INFO  impl.RaftServerImpl (RaftServerImpl.java:setRole(174)) - 05e06da0-1d3a-4481-ab96-f6b3bccd14af@group-3636C80E75D6: changes role from      null to FOLLOWER at term 0 for startAsFollower
2019-09-12 13:47:17,345 [76a15b5a-6854-49a0-8818-73e3745045ae@group-D02E7E036843:LeaderElection5] INFO  server.RaftServerConfigKeys (ConfUtils.java:logGet(43)) - raft.server.watch.element-limit = 65536 (default)
2019-09-12 13:47:17,346 [pool-57-thread-1] INFO  impl.RoleInfo (RoleInfo.java:updateAndGet(143)) - 05e06da0-1d3a-4481-ab96-f6b3bccd14af: start FollowerState
2019-09-12 13:47:17,346 [pool-77-thread-1] INFO  segmented.SegmentedRaftLogWorker (SegmentedRaftLogWorker.java:lambda$new$0(132)) - 763d52db-3808-40b7-9749-d7ff45e81d9a@group-3636C80E75D6-SegmentedRaftLogWorker: flushIndex: setUnconditionally 0 -> -1
2019-09-12 13:47:17,346 [pool-57-thread-1] INFO  util.JmxRegister (JmxRegister.java:tryRegister(44)) - Successfully registered JMX Bean with object name Ratis:service=RaftServer,group=group-3636C80E75D6,id=05e06da0-1d3a-4481-ab96-f6b3bccd14af
2019-09-12 13:47:17,346 [pool-77-thread-1] INFO  server.RaftServerConfigKeys (ConfUtils.java:logGet(43)) - raft.server.snapshot.auto.trigger.enabled = true (custom)
2019-09-12 13:47:17,346 [pool-77-thread-1] INFO  server.RaftServerConfigKeys (ConfUtils.java:logGet(43)) - raft.server.snapshot.auto.trigger.threshold = 10000 (custom)
2019-09-12 13:47:17,346 [pool-97-thread-1] INFO  impl.RaftServerImpl (RaftServerImpl.java:start(185)) - 57ae412b-1391-4b0c-ad94-18127dd39aa0@group-3636C80E75D6: start as a follower, conf=-1: [763d52db-3808-40b7-9749-d7ff45e81d9a:192.168.34.38:36181, 05e06da0-1d3a-4481-ab96-f6b3bccd14af:192.168.34.38:45188, 57ae412b-1391-4b0c-ad94-18127dd39aa0:192.168.34.38:39194], old=null
2019-09-12 13:47:17,346 [pool-77-thread-1] INFO  server.RaftServerConfigKeys (ConfUtils.java:logGet(43)) - raft.server.snapshot.retention.num.files = -1 (default)
2019-09-12 13:47:17,347 [pool-97-thread-1] INFO  impl.RaftServerImpl (RaftServerImpl.java:setRole(174)) - 57ae412b-1391-4b0c-ad94-18127dd39aa0@group-3636C80E75D6: changes role from      null to FOLLOWER at term 0 for startAsFollower
2019-09-12 13:47:17,347 [pool-97-thread-1] INFO  impl.RoleInfo (RoleInfo.java:updateAndGet(143)) - 57ae412b-1391-4b0c-ad94-18127dd39aa0: start FollowerState
2019-09-12 13:47:17,347 [pool-77-thread-1] INFO  server.RaftServerConfigKeys (ConfUtils.java:logGet(43)) - raft.server.retrycache.expirytime = 600000ms (custom)
2019-09-12 13:47:17,347 [pool-97-thread-1] INFO  util.JmxRegister (JmxRegister.java:tryRegister(44)) - Successfully registered JMX Bean with object name Ratis:service=RaftServer,group=group-3636C80E75D6,id=57ae412b-1391-4b0c-ad94-18127dd39aa0
2019-09-12 13:47:17,349 [76a15b5a-6854-49a0-8818-73e3745045ae@group-D02E7E036843:LeaderElection5] INFO  impl.RoleInfo (RoleInfo.java:updateAndGet(143)) - 76a15b5a-6854-49a0-8818-73e3745045ae: start LeaderState
2019-09-12 13:47:17,349 [76a15b5a-6854-49a0-8818-73e3745045ae@group-D02E7E036843:LeaderElection5] INFO  segmented.SegmentedRaftLogWorker (SegmentedRaftLogWorker.java:startLogSegment(380)) - 76a15b5a-6854-49a0-8818-73e3745045ae@group-D02E7E036843-SegmentedRaftLogWorker: Starting segment from index:0
2019-09-12 13:47:17,356 [3ef341d8-3296-48d4-9b49-005c11ca2b71@group-CCD1DB151AF0-SegmentedRaftLogWorker] INFO  segmented.SegmentedRaftLogWorker (SegmentedRaftLogWorker.java:execute(569)) - 3ef341d8-3296-48d4-9b49-005c11ca2b71@group-CCD1DB151AF0-SegmentedRaftLogWorker: created new log segment /workdir/hadoop-ozone/integration-test/target/test-dir/MiniOzoneClusterImpl-98ba6956-8e51-4dc7-be59-62a375280f0b/datanode-6/data/ratis/8992160b-b010-4e0c-9a74-ccd1db151af0/current/log_inprogress_0
2019-09-12 13:47:17,398 [76a15b5a-6854-49a0-8818-73e3745045ae@group-D02E7E036843:LeaderElection5] INFO  impl.RaftServerImpl (ServerState.java:setRaftConf(354)) - 76a15b5a-6854-49a0-8818-73e3745045ae@group-D02E7E036843: set configuration 0: [76a15b5a-6854-49a0-8818-73e3745045ae:192.168.34.38:41160], old=null at 0
2019-09-12 13:47:17,398 [pool-77-thread-1] INFO  impl.RaftServerImpl (RaftServerImpl.java:start(185)) - 763d52db-3808-40b7-9749-d7ff45e81d9a@group-3636C80E75D6: start as a follower, conf=-1: [763d52db-3808-40b7-9749-d7ff45e81d9a:192.168.34.38:36181, 05e06da0-1d3a-4481-ab96-f6b3bccd14af:192.168.34.38:45188, 57ae412b-1391-4b0c-ad94-18127dd39aa0:192.168.34.38:39194], old=null
2019-09-12 13:47:17,402 [pool-77-thread-1] INFO  impl.RaftServerImpl (RaftServerImpl.java:setRole(174)) - 763d52db-3808-40b7-9749-d7ff45e81d9a@group-3636C80E75D6: changes role from      null to FOLLOWER at term 0 for startAsFollower
2019-09-12 13:47:17,402 [pool-77-thread-1] INFO  impl.RoleInfo (RoleInfo.java:updateAndGet(143)) - 763d52db-3808-40b7-9749-d7ff45e81d9a: start FollowerState
2019-09-12 13:47:17,402 [pool-77-thread-1] INFO  util.JmxRegister (JmxRegister.java:tryRegister(44)) - Successfully registered JMX Bean with object name Ratis:service=RaftServer,group=group-3636C80E75D6,id=763d52db-3808-40b7-9749-d7ff45e81d9a
2019-09-12 13:47:17,409 [RatisPipelineUtilsThread] INFO  pipeline.PipelineStateManager (PipelineStateManager.java:addPipeline(56)) - Created pipeline Pipeline[ Id: 4c8f1a2d-9002-479d-9c36-3636c80e75d6, Nodes: 05e06da0-1d3a-4481-ab96-f6b3bccd14af{ip: 192.168.34.38, host: pr-hdds-2007-65vhz-3510356991, networkLocation: /default-rack, certSerialId: null}763d52db-3808-40b7-9749-d7ff45e81d9a{ip: 192.168.34.38, host: pr-hdds-2007-65vhz-3510356991, networkLocation: /default-rack, certSerialId: null}57ae412b-1391-4b0c-ad94-18127dd39aa0{ip: 192.168.34.38, host: pr-hdds-2007-65vhz-3510356991, networkLocation: /default-rack, certSerialId: null}, Type:RATIS, Factor:THREE, State:OPEN]
2019-09-12 13:47:17,414 [76a15b5a-6854-49a0-8818-73e3745045ae@group-D02E7E036843-SegmentedRaftLogWorker] INFO  segmented.SegmentedRaftLogWorker (SegmentedRaftLogWorker.java:execute(569)) - 76a15b5a-6854-49a0-8818-73e3745045ae@group-D02E7E036843-SegmentedRaftLogWorker: created new log segment /workdir/hadoop-ozone/integration-test/target/test-dir/MiniOzoneClusterImpl-98ba6956-8e51-4dc7-be59-62a375280f0b/datanode-8/data/ratis/b6de0af2-d825-4c84-a8bb-d02e7e036843/current/log_inprogress_0
2019-09-12 13:47:17,543 [Thread-300] INFO  impl.FollowerState (FollowerState.java:run(106)) - 7dd3d51f-7703-47e1-b378-11db862d4d4b:group-F4A2504AEEA7 changes to CANDIDATE, lastRpcTime:1201, electionTimeout:1197ms
2019-09-12 13:47:17,545 [Thread-300] INFO  impl.RoleInfo (RoleInfo.java:shutdownFollowerState(121)) - 7dd3d51f-7703-47e1-b378-11db862d4d4b: shutdown FollowerState
2019-09-12 13:47:17,545 [Thread-300] INFO  impl.RaftServerImpl (RaftServerImpl.java:setRole(174)) - 7dd3d51f-7703-47e1-b378-11db862d4d4b@group-F4A2504AEEA7: changes role from  FOLLOWER to CANDIDATE at term 0 for changeToCandidate
2019-09-12 13:47:17,546 [Thread-300] INFO  impl.RoleInfo (RoleInfo.java:updateAndGet(143)) - 7dd3d51f-7703-47e1-b378-11db862d4d4b: start LeaderElection
2019-09-12 13:47:17,566 [7dd3d51f-7703-47e1-b378-11db862d4d4b@group-F4A2504AEEA7:LeaderElection6] INFO  impl.LeaderElection (LeaderElection.java:askForVotes(182)) - 7dd3d51f-7703-47e1-b378-11db862d4d4b@group-F4A2504AEEA7:LeaderElection6: begin an election at term 1 for -1: [7dd3d51f-7703-47e1-b378-11db862d4d4b:192.168.34.38:36691], old=null
2019-09-12 13:47:17,566 [7dd3d51f-7703-47e1-b378-11db862d4d4b@group-F4A2504AEEA7:LeaderElection6] INFO  impl.RoleInfo (RoleInfo.java:shutdownLeaderElection(134)) - 7dd3d51f-7703-47e1-b378-11db862d4d4b: shutdown LeaderElection
2019-09-12 13:47:17,566 [7dd3d51f-7703-47e1-b378-11db862d4d4b@group-F4A2504AEEA7:LeaderElection6] INFO  impl.RaftServerImpl (RaftServerImpl.java:setRole(174)) - 7dd3d51f-7703-47e1-b378-11db862d4d4b@group-F4A2504AEEA7: changes role from CANDIDATE to LEADER at term 1 for changeToLeader
2019-09-12 13:47:17,566 [7dd3d51f-7703-47e1-b378-11db862d4d4b@group-F4A2504AEEA7:LeaderElection6] INFO  impl.RaftServerImpl (ServerState.java:setLeader(253)) - 7dd3d51f-7703-47e1-b378-11db862d4d4b@group-F4A2504AEEA7: change Leader from null to 7dd3d51f-7703-47e1-b378-11db862d4d4b at term 1 for becomeLeader, leader elected after 1240ms
2019-09-12 13:47:17,566 [7dd3d51f-7703-47e1-b378-11db862d4d4b@group-F4A2504AEEA7:LeaderElection6] INFO  server.RaftServerConfigKeys (ConfUtils.java:logGet(43)) - raft.server.staging.catchup.gap = 1000 (default)
2019-09-12 13:47:17,566 [7dd3d51f-7703-47e1-b378-11db862d4d4b@group-F4A2504AEEA7:LeaderElection6] INFO  server.RaftServerConfigKeys (ConfUtils.java:logGet(43)) - raft.server.rpc.sleep.time = 25ms (default)
2019-09-12 13:47:17,567 [7dd3d51f-7703-47e1-b378-11db862d4d4b@group-F4A2504AEEA7:LeaderElection6] INFO  server.RaftServerConfigKeys (ConfUtils.java:logGet(43)) - raft.server.write.element-limit = 4096 (default)
2019-09-12 13:47:17,567 [7dd3d51f-7703-47e1-b378-11db862d4d4b@group-F4A2504AEEA7:LeaderElection6] INFO  server.RaftServerConfigKeys (ConfUtils.java:logGet(43)) - raft.server.watch.timeout = 10s (default)
2019-09-12 13:47:17,567 [7dd3d51f-7703-47e1-b378-11db862d4d4b@group-F4A2504AEEA7:LeaderElection6] INFO  server.RaftServerConfigKeys (ConfUtils.java:logGet(43)) - raft.server.watch.timeout.denomination = 1s (default)
2019-09-12 13:47:17,567 [7dd3d51f-7703-47e1-b378-11db862d4d4b@group-F4A2504AEEA7:LeaderElection6] INFO  server.RaftServerConfigKeys (ConfUtils.java:logGet(43)) - raft.server.watch.element-limit = 65536 (default)
2019-09-12 13:47:17,571 [7dd3d51f-7703-47e1-b378-11db862d4d4b@group-F4A2504AEEA7:LeaderElection6] INFO  impl.RoleInfo (RoleInfo.java:updateAndGet(143)) - 7dd3d51f-7703-47e1-b378-11db862d4d4b: start LeaderState
2019-09-12 13:47:17,571 [7dd3d51f-7703-47e1-b378-11db862d4d4b@group-F4A2504AEEA7:LeaderElection6] INFO  segmented.SegmentedRaftLogWorker (SegmentedRaftLogWorker.java:startLogSegment(380)) - 7dd3d51f-7703-47e1-b378-11db862d4d4b@group-F4A2504AEEA7-SegmentedRaftLogWorker: Starting segment from index:0
2019-09-12 13:47:17,572 [7dd3d51f-7703-47e1-b378-11db862d4d4b@group-F4A2504AEEA7:LeaderElection6] INFO  impl.RaftServerImpl (ServerState.java:setRaftConf(354)) - 7dd3d51f-7703-47e1-b378-11db862d4d4b@group-F4A2504AEEA7: set configuration 0: [7dd3d51f-7703-47e1-b378-11db862d4d4b:192.168.34.38:36691], old=null at 0
2019-09-12 13:47:17,613 [Thread-303] INFO  impl.FollowerState (FollowerState.java:run(106)) - 05e06da0-1d3a-4481-ab96-f6b3bccd14af:group-3CB32A679A99 changes to CANDIDATE, lastRpcTime:1169, electionTimeout:1141ms
2019-09-12 13:47:17,613 [Thread-303] INFO  impl.RoleInfo (RoleInfo.java:shutdownFollowerState(121)) - 05e06da0-1d3a-4481-ab96-f6b3bccd14af: shutdown FollowerState
2019-09-12 13:47:17,614 [Thread-303] INFO  impl.RaftServerImpl (RaftServerImpl.java:setRole(174)) - 05e06da0-1d3a-4481-ab96-f6b3bccd14af@group-3CB32A679A99: changes role from  FOLLOWER to CANDIDATE at term 0 for changeToCandidate
2019-09-12 13:47:17,614 [Thread-303] INFO  impl.RoleInfo (RoleInfo.java:updateAndGet(143)) - 05e06da0-1d3a-4481-ab96-f6b3bccd14af: start LeaderElection
2019-09-12 13:47:17,625 [7dd3d51f-7703-47e1-b378-11db862d4d4b@group-F4A2504AEEA7-SegmentedRaftLogWorker] INFO  segmented.SegmentedRaftLogWorker (SegmentedRaftLogWorker.java:execute(569)) - 7dd3d51f-7703-47e1-b378-11db862d4d4b@group-F4A2504AEEA7-SegmentedRaftLogWorker: created new log segment /workdir/hadoop-ozone/integration-test/target/test-dir/MiniOzoneClusterImpl-98ba6956-8e51-4dc7-be59-62a375280f0b/datanode-1/data/ratis/09bc4623-4a9f-4176-8f72-f4a2504aeea7/current/log_inprogress_0
2019-09-12 13:47:17,641 [05e06da0-1d3a-4481-ab96-f6b3bccd14af@group-3CB32A679A99:LeaderElection7] INFO  impl.LeaderElection (LeaderElection.java:askForVotes(182)) - 05e06da0-1d3a-4481-ab96-f6b3bccd14af@group-3CB32A679A99:LeaderElection7: begin an election at term 1 for -1: [05e06da0-1d3a-4481-ab96-f6b3bccd14af:192.168.34.38:45188], old=null
2019-09-12 13:47:17,641 [05e06da0-1d3a-4481-ab96-f6b3bccd14af@group-3CB32A679A99:LeaderElection7] INFO  impl.RoleInfo (RoleInfo.java:shutdownLeaderElection(134)) - 05e06da0-1d3a-4481-ab96-f6b3bccd14af: shutdown LeaderElection
2019-09-12 13:47:17,642 [05e06da0-1d3a-4481-ab96-f6b3bccd14af@group-3CB32A679A99:LeaderElection7] INFO  impl.RaftServerImpl (RaftServerImpl.java:setRole(174)) - 05e06da0-1d3a-4481-ab96-f6b3bccd14af@group-3CB32A679A99: changes role from CANDIDATE to LEADER at term 1 for changeToLeader
2019-09-12 13:47:17,642 [05e06da0-1d3a-4481-ab96-f6b3bccd14af@group-3CB32A679A99:LeaderElection7] INFO  impl.RaftServerImpl (ServerState.java:setLeader(253)) - 05e06da0-1d3a-4481-ab96-f6b3bccd14af@group-3CB32A679A99: change Leader from null to 05e06da0-1d3a-4481-ab96-f6b3bccd14af at term 1 for becomeLeader, leader elected after 1210ms
2019-09-12 13:47:17,642 [05e06da0-1d3a-4481-ab96-f6b3bccd14af@group-3CB32A679A99:LeaderElection7] INFO  server.RaftServerConfigKeys (ConfUtils.java:logGet(43)) - raft.server.staging.catchup.gap = 1000 (default)
2019-09-12 13:47:17,642 [05e06da0-1d3a-4481-ab96-f6b3bccd14af@group-3CB32A679A99:LeaderElection7] INFO  server.RaftServerConfigKeys (ConfUtils.java:logGet(43)) - raft.server.rpc.sleep.time = 25ms (default)
2019-09-12 13:47:17,642 [05e06da0-1d3a-4481-ab96-f6b3bccd14af@group-3CB32A679A99:LeaderElection7] INFO  server.RaftServerConfigKeys (ConfUtils.java:logGet(43)) - raft.server.write.element-limit = 4096 (default)
2019-09-12 13:47:17,643 [05e06da0-1d3a-4481-ab96-f6b3bccd14af@group-3CB32A679A99:LeaderElection7] INFO  server.RaftServerConfigKeys (ConfUtils.java:logGet(43)) - raft.server.watch.timeout = 10s (default)
2019-09-12 13:47:17,643 [05e06da0-1d3a-4481-ab96-f6b3bccd14af@group-3CB32A679A99:LeaderElection7] INFO  server.RaftServerConfigKeys (ConfUtils.java:logGet(43)) - raft.server.watch.timeout.denomination = 1s (default)
2019-09-12 13:47:17,643 [05e06da0-1d3a-4481-ab96-f6b3bccd14af@group-3CB32A679A99:LeaderElection7] INFO  server.RaftServerConfigKeys (ConfUtils.java:logGet(43)) - raft.server.watch.element-limit = 65536 (default)
2019-09-12 13:47:17,646 [05e06da0-1d3a-4481-ab96-f6b3bccd14af@group-3CB32A679A99:LeaderElection7] INFO  impl.RoleInfo (RoleInfo.java:updateAndGet(143)) - 05e06da0-1d3a-4481-ab96-f6b3bccd14af: start LeaderState
2019-09-12 13:47:17,647 [05e06da0-1d3a-4481-ab96-f6b3bccd14af@group-3CB32A679A99:LeaderElection7] INFO  segmented.SegmentedRaftLogWorker (SegmentedRaftLogWorker.java:startLogSegment(380)) - 05e06da0-1d3a-4481-ab96-f6b3bccd14af@group-3CB32A679A99-SegmentedRaftLogWorker: Starting segment from index:0
2019-09-12 13:47:17,648 [05e06da0-1d3a-4481-ab96-f6b3bccd14af@group-3CB32A679A99:LeaderElection7] INFO  impl.RaftServerImpl (ServerState.java:setRaftConf(354)) - 05e06da0-1d3a-4481-ab96-f6b3bccd14af@group-3CB32A679A99: set configuration 0: [05e06da0-1d3a-4481-ab96-f6b3bccd14af:192.168.34.38:45188], old=null at 0
2019-09-12 13:47:17,702 [05e06da0-1d3a-4481-ab96-f6b3bccd14af@group-3CB32A679A99-SegmentedRaftLogWorker] INFO  segmented.SegmentedRaftLogWorker (SegmentedRaftLogWorker.java:execute(569)) - 05e06da0-1d3a-4481-ab96-f6b3bccd14af@group-3CB32A679A99-SegmentedRaftLogWorker: created new log segment /workdir/hadoop-ozone/integration-test/target/test-dir/MiniOzoneClusterImpl-98ba6956-8e51-4dc7-be59-62a375280f0b/datanode-3/data/ratis/11babb0b-6445-47d6-9ecb-3cb32a679a99/current/log_inprogress_0
2019-09-12 13:47:17,705 [Thread-306] INFO  impl.FollowerState (FollowerState.java:run(106)) - 763d52db-3808-40b7-9749-d7ff45e81d9a:group-3365D4A5E428 changes to CANDIDATE, lastRpcTime:1157, electionTimeout:1157ms
2019-09-12 13:47:17,705 [Thread-306] INFO  impl.RoleInfo (RoleInfo.java:shutdownFollowerState(121)) - 763d52db-3808-40b7-9749-d7ff45e81d9a: shutdown FollowerState
2019-09-12 13:47:17,706 [Thread-306] INFO  impl.RaftServerImpl (RaftServerImpl.java:setRole(174)) - 763d52db-3808-40b7-9749-d7ff45e81d9a@group-3365D4A5E428: changes role from  FOLLOWER to CANDIDATE at term 0 for changeToCandidate
2019-09-12 13:47:17,706 [Thread-306] INFO  impl.RoleInfo (RoleInfo.java:updateAndGet(143)) - 763d52db-3808-40b7-9749-d7ff45e81d9a: start LeaderElection
2019-09-12 13:47:17,726 [763d52db-3808-40b7-9749-d7ff45e81d9a@group-3365D4A5E428:LeaderElection8] INFO  impl.LeaderElection (LeaderElection.java:askForVotes(182)) - 763d52db-3808-40b7-9749-d7ff45e81d9a@group-3365D4A5E428:LeaderElection8: begin an election at term 1 for -1: [763d52db-3808-40b7-9749-d7ff45e81d9a:192.168.34.38:36181], old=null
2019-09-12 13:47:17,726 [763d52db-3808-40b7-9749-d7ff45e81d9a@group-3365D4A5E428:LeaderElection8] INFO  impl.RoleInfo (RoleInfo.java:shutdownLeaderElection(134)) - 763d52db-3808-40b7-9749-d7ff45e81d9a: shutdown LeaderElection
2019-09-12 13:47:17,727 [763d52db-3808-40b7-9749-d7ff45e81d9a@group-3365D4A5E428:LeaderElection8] INFO  impl.RaftServerImpl (RaftServerImpl.java:setRole(174)) - 763d52db-3808-40b7-9749-d7ff45e81d9a@group-3365D4A5E428: changes role from CANDIDATE to LEADER at term 1 for changeToLeader
2019-09-12 13:47:17,727 [763d52db-3808-40b7-9749-d7ff45e81d9a@group-3365D4A5E428:LeaderElection8] INFO  impl.RaftServerImpl (ServerState.java:setLeader(253)) - 763d52db-3808-40b7-9749-d7ff45e81d9a@group-3365D4A5E428: change Leader from null to 763d52db-3808-40b7-9749-d7ff45e81d9a at term 1 for becomeLeader, leader elected after 1190ms
2019-09-12 13:47:17,727 [763d52db-3808-40b7-9749-d7ff45e81d9a@group-3365D4A5E428:LeaderElection8] INFO  server.RaftServerConfigKeys (ConfUtils.java:logGet(43)) - raft.server.staging.catchup.gap = 1000 (default)
2019-09-12 13:47:17,727 [763d52db-3808-40b7-9749-d7ff45e81d9a@group-3365D4A5E428:LeaderElection8] INFO  server.RaftServerConfigKeys (ConfUtils.java:logGet(43)) - raft.server.rpc.sleep.time = 25ms (default)
2019-09-12 13:47:17,727 [763d52db-3808-40b7-9749-d7ff45e81d9a@group-3365D4A5E428:LeaderElection8] INFO  server.RaftServerConfigKeys (ConfUtils.java:logGet(43)) - raft.server.write.element-limit = 4096 (default)
2019-09-12 13:47:17,728 [763d52db-3808-40b7-9749-d7ff45e81d9a@group-3365D4A5E428:LeaderElection8] INFO  server.RaftServerConfigKeys (ConfUtils.java:logGet(43)) - raft.server.watch.timeout = 10s (default)
2019-09-12 13:47:17,728 [763d52db-3808-40b7-9749-d7ff45e81d9a@group-3365D4A5E428:LeaderElection8] INFO  server.RaftServerConfigKeys (ConfUtils.java:logGet(43)) - raft.server.watch.timeout.denomination = 1s (default)
2019-09-12 13:47:17,728 [763d52db-3808-40b7-9749-d7ff45e81d9a@group-3365D4A5E428:LeaderElection8] INFO  server.RaftServerConfigKeys (ConfUtils.java:logGet(43)) - raft.server.watch.element-limit = 65536 (default)
2019-09-12 13:47:17,730 [763d52db-3808-40b7-9749-d7ff45e81d9a@group-3365D4A5E428:LeaderElection8] INFO  impl.RoleInfo (RoleInfo.java:updateAndGet(143)) - 763d52db-3808-40b7-9749-d7ff45e81d9a: start LeaderState
2019-09-12 13:47:17,731 [763d52db-3808-40b7-9749-d7ff45e81d9a@group-3365D4A5E428:LeaderElection8] INFO  segmented.SegmentedRaftLogWorker (SegmentedRaftLogWorker.java:startLogSegment(380)) - 763d52db-3808-40b7-9749-d7ff45e81d9a@group-3365D4A5E428-SegmentedRaftLogWorker: Starting segment from index:0
2019-09-12 13:47:17,731 [763d52db-3808-40b7-9749-d7ff45e81d9a@group-3365D4A5E428:LeaderElection8] INFO  impl.RaftServerImpl (ServerState.java:setRaftConf(354)) - 763d52db-3808-40b7-9749-d7ff45e81d9a@group-3365D4A5E428: set configuration 0: [763d52db-3808-40b7-9749-d7ff45e81d9a:192.168.34.38:36181], old=null at 0
2019-09-12 13:47:17,776 [Thread-309] INFO  impl.FollowerState (FollowerState.java:run(106)) - 57ae412b-1391-4b0c-ad94-18127dd39aa0:group-34B63D7B0DF4 changes to CANDIDATE, lastRpcTime:1146, electionTimeout:1133ms
2019-09-12 13:47:17,781 [Thread-309] INFO  impl.RoleInfo (RoleInfo.java:shutdownFollowerState(121)) - 57ae412b-1391-4b0c-ad94-18127dd39aa0: shutdown FollowerState
2019-09-12 13:47:17,789 [Thread-309] INFO  impl.RaftServerImpl (RaftServerImpl.java:setRole(174)) - 57ae412b-1391-4b0c-ad94-18127dd39aa0@group-34B63D7B0DF4: changes role from  FOLLOWER to CANDIDATE at term 0 for changeToCandidate
2019-09-12 13:47:17,804 [763d52db-3808-40b7-9749-d7ff45e81d9a@group-3365D4A5E428-SegmentedRaftLogWorker] INFO  segmented.SegmentedRaftLogWorker (SegmentedRaftLogWorker.java:execute(569)) - 763d52db-3808-40b7-9749-d7ff45e81d9a@group-3365D4A5E428-SegmentedRaftLogWorker: created new log segment /workdir/hadoop-ozone/integration-test/target/test-dir/MiniOzoneClusterImpl-98ba6956-8e51-4dc7-be59-62a375280f0b/datanode-5/data/ratis/a8e35803-a35a-4bf7-8cc2-3365d4a5e428/current/log_inprogress_0
2019-09-12 13:47:17,816 [Thread-309] INFO  impl.RoleInfo (RoleInfo.java:updateAndGet(143)) - 57ae412b-1391-4b0c-ad94-18127dd39aa0: start LeaderElection
2019-09-12 13:47:17,829 [57ae412b-1391-4b0c-ad94-18127dd39aa0@group-34B63D7B0DF4:LeaderElection9] INFO  impl.LeaderElection (LeaderElection.java:askForVotes(182)) - 57ae412b-1391-4b0c-ad94-18127dd39aa0@group-34B63D7B0DF4:LeaderElection9: begin an election at term 1 for -1: [57ae412b-1391-4b0c-ad94-18127dd39aa0:192.168.34.38:39194], old=null
2019-09-12 13:47:17,829 [57ae412b-1391-4b0c-ad94-18127dd39aa0@group-34B63D7B0DF4:LeaderElection9] INFO  impl.RoleInfo (RoleInfo.java:shutdownLeaderElection(134)) - 57ae412b-1391-4b0c-ad94-18127dd39aa0: shutdown LeaderElection
2019-09-12 13:47:17,829 [57ae412b-1391-4b0c-ad94-18127dd39aa0@group-34B63D7B0DF4:LeaderElection9] INFO  impl.RaftServerImpl (RaftServerImpl.java:setRole(174)) - 57ae412b-1391-4b0c-ad94-18127dd39aa0@group-34B63D7B0DF4: changes role from CANDIDATE to LEADER at term 1 for changeToLeader
2019-09-12 13:47:17,829 [57ae412b-1391-4b0c-ad94-18127dd39aa0@group-34B63D7B0DF4:LeaderElection9] INFO  impl.RaftServerImpl (ServerState.java:setLeader(253)) - 57ae412b-1391-4b0c-ad94-18127dd39aa0@group-34B63D7B0DF4: change Leader from null to 57ae412b-1391-4b0c-ad94-18127dd39aa0 at term 1 for becomeLeader, leader elected after 1214ms
2019-09-12 13:47:17,829 [57ae412b-1391-4b0c-ad94-18127dd39aa0@group-34B63D7B0DF4:LeaderElection9] INFO  server.RaftServerConfigKeys (ConfUtils.java:logGet(43)) - raft.server.staging.catchup.gap = 1000 (default)
2019-09-12 13:47:17,830 [57ae412b-1391-4b0c-ad94-18127dd39aa0@group-34B63D7B0DF4:LeaderElection9] INFO  server.RaftServerConfigKeys (ConfUtils.java:logGet(43)) - raft.server.rpc.sleep.time = 25ms (default)
2019-09-12 13:47:17,830 [57ae412b-1391-4b0c-ad94-18127dd39aa0@group-34B63D7B0DF4:LeaderElection9] INFO  server.RaftServerConfigKeys (ConfUtils.java:logGet(43)) - raft.server.write.element-limit = 4096 (default)
2019-09-12 13:47:17,830 [main] INFO  rpc.RpcClient (RpcClient.java:createVolume(302)) - Creating Volume: datanodefailurehandlingtest, with jenkins1000 as owner.
2019-09-12 13:47:17,830 [57ae412b-1391-4b0c-ad94-18127dd39aa0@group-34B63D7B0DF4:LeaderElection9] INFO  server.RaftServerConfigKeys (ConfUtils.java:logGet(43)) - raft.server.watch.timeout = 10s (default)
2019-09-12 13:47:17,830 [57ae412b-1391-4b0c-ad94-18127dd39aa0@group-34B63D7B0DF4:LeaderElection9] INFO  server.RaftServerConfigKeys (ConfUtils.java:logGet(43)) - raft.server.watch.timeout.denomination = 1s (default)
2019-09-12 13:47:17,830 [57ae412b-1391-4b0c-ad94-18127dd39aa0@group-34B63D7B0DF4:LeaderElection9] INFO  server.RaftServerConfigKeys (ConfUtils.java:logGet(43)) - raft.server.watch.element-limit = 65536 (default)
2019-09-12 13:47:17,833 [57ae412b-1391-4b0c-ad94-18127dd39aa0@group-34B63D7B0DF4:LeaderElection9] INFO  impl.RoleInfo (RoleInfo.java:updateAndGet(143)) - 57ae412b-1391-4b0c-ad94-18127dd39aa0: start LeaderState
2019-09-12 13:47:17,833 [57ae412b-1391-4b0c-ad94-18127dd39aa0@group-34B63D7B0DF4:LeaderElection9] INFO  segmented.SegmentedRaftLogWorker (SegmentedRaftLogWorker.java:startLogSegment(380)) - 57ae412b-1391-4b0c-ad94-18127dd39aa0@group-34B63D7B0DF4-SegmentedRaftLogWorker: Starting segment from index:0
2019-09-12 13:47:17,833 [57ae412b-1391-4b0c-ad94-18127dd39aa0@group-34B63D7B0DF4:LeaderElection9] INFO  impl.RaftServerImpl (ServerState.java:setRaftConf(354)) - 57ae412b-1391-4b0c-ad94-18127dd39aa0@group-34B63D7B0DF4: set configuration 0: [57ae412b-1391-4b0c-ad94-18127dd39aa0:192.168.34.38:39194], old=null at 0
2019-09-12 13:47:17,865 [Thread-283] INFO  container.ReplicationManager (ReplicationManager.java:start(162)) - Starting Replication Monitor Thread.
2019-09-12 13:47:17,869 [ReplicationMonitor] INFO  container.ReplicationManager (ReplicationManager.java:run(225)) - Replication Monitor Thread took 2 milliseconds for processing 0 containers.
2019-09-12 13:47:17,873 [57ae412b-1391-4b0c-ad94-18127dd39aa0@group-34B63D7B0DF4-SegmentedRaftLogWorker] INFO  segmented.SegmentedRaftLogWorker (SegmentedRaftLogWorker.java:execute(569)) - 57ae412b-1391-4b0c-ad94-18127dd39aa0@group-34B63D7B0DF4-SegmentedRaftLogWorker: created new log segment /workdir/hadoop-ozone/integration-test/target/test-dir/MiniOzoneClusterImpl-98ba6956-8e51-4dc7-be59-62a375280f0b/datanode-7/data/ratis/3ebb6408-eb5c-49c7-9c21-34b63d7b0df4/current/log_inprogress_0
2019-09-12 13:47:18,212 [Thread-336] INFO  impl.FollowerState (FollowerState.java:run(106)) - 76a15b5a-6854-49a0-8818-73e3745045ae:group-411631934A30 changes to CANDIDATE, lastRpcTime:1036, electionTimeout:1036ms
2019-09-12 13:47:18,216 [Thread-321] INFO  impl.FollowerState (FollowerState.java:run(106)) - 6ac4bcf8-6973-4d27-bc88-57130dead3af:group-FF9390A4C18C changes to CANDIDATE, lastRpcTime:1209, electionTimeout:1072ms
2019-09-12 13:47:18,216 [Thread-319] INFO  impl.FollowerState (FollowerState.java:run(106)) - 92e4cfa5-488b-4a46-94d1-80a7c527ff9a:group-FF9390A4C18C changes to CANDIDATE, lastRpcTime:1217, electionTimeout:1092ms
2019-09-12 13:47:18,219 [Thread-314] INFO  impl.FollowerState (FollowerState.java:run(106)) - 48cce45d-95d9-4826-8e27-c253c7fb318f:group-E77E49095420 changes to CANDIDATE, lastRpcTime:1333, electionTimeout:1106ms
2019-09-12 13:47:18,229 [Thread-321] INFO  impl.RoleInfo (RoleInfo.java:shutdownFollowerState(121)) - 6ac4bcf8-6973-4d27-bc88-57130dead3af: shutdown FollowerState
2019-09-12 13:47:18,219 [Thread-322] INFO  impl.FollowerState (FollowerState.java:run(106)) - 3ef341d8-3296-48d4-9b49-005c11ca2b71:group-FF9390A4C18C changes to CANDIDATE, lastRpcTime:1212, electionTimeout:1009ms
2019-09-12 13:47:18,232 [Thread-314] INFO  impl.RoleInfo (RoleInfo.java:shutdownFollowerState(121)) - 48cce45d-95d9-4826-8e27-c253c7fb318f: shutdown FollowerState
2019-09-12 13:47:18,232 [Thread-319] INFO  impl.RoleInfo (RoleInfo.java:shutdownFollowerState(121)) - 92e4cfa5-488b-4a46-94d1-80a7c527ff9a: shutdown FollowerState
2019-09-12 13:47:18,231 [Thread-336] INFO  impl.RoleInfo (RoleInfo.java:shutdownFollowerState(121)) - 76a15b5a-6854-49a0-8818-73e3745045ae: shutdown FollowerState
2019-09-12 13:47:18,235 [Thread-314] INFO  impl.RaftServerImpl (RaftServerImpl.java:setRole(174)) - 48cce45d-95d9-4826-8e27-c253c7fb318f@group-E77E49095420: changes role from  FOLLOWER to CANDIDATE at term 0 for changeToCandidate
2019-09-12 13:47:18,235 [Thread-319] INFO  impl.RaftServerImpl (RaftServerImpl.java:setRole(174)) - 92e4cfa5-488b-4a46-94d1-80a7c527ff9a@group-FF9390A4C18C: changes role from  FOLLOWER to CANDIDATE at term 0 for changeToCandidate
2019-09-12 13:47:18,235 [Thread-321] INFO  impl.RaftServerImpl (RaftServerImpl.java:setRole(174)) - 6ac4bcf8-6973-4d27-bc88-57130dead3af@group-FF9390A4C18C: changes role from  FOLLOWER to CANDIDATE at term 0 for changeToCandidate
2019-09-12 13:47:18,235 [Thread-322] INFO  impl.RoleInfo (RoleInfo.java:shutdownFollowerState(121)) - 3ef341d8-3296-48d4-9b49-005c11ca2b71: shutdown FollowerState
2019-09-12 13:47:18,236 [Thread-321] INFO  impl.RoleInfo (RoleInfo.java:updateAndGet(143)) - 6ac4bcf8-6973-4d27-bc88-57130dead3af: start LeaderElection
2019-09-12 13:47:18,236 [Thread-314] INFO  impl.RoleInfo (RoleInfo.java:updateAndGet(143)) - 48cce45d-95d9-4826-8e27-c253c7fb318f: start LeaderElection
2019-09-12 13:47:18,236 [Thread-319] INFO  impl.RoleInfo (RoleInfo.java:updateAndGet(143)) - 92e4cfa5-488b-4a46-94d1-80a7c527ff9a: start LeaderElection
2019-09-12 13:47:18,235 [Thread-336] INFO  impl.RaftServerImpl (RaftServerImpl.java:setRole(174)) - 76a15b5a-6854-49a0-8818-73e3745045ae@group-411631934A30: changes role from  FOLLOWER to CANDIDATE at term 0 for changeToCandidate
2019-09-12 13:47:18,236 [Thread-322] INFO  impl.RaftServerImpl (RaftServerImpl.java:setRole(174)) - 3ef341d8-3296-48d4-9b49-005c11ca2b71@group-FF9390A4C18C: changes role from  FOLLOWER to CANDIDATE at term 0 for changeToCandidate
2019-09-12 13:47:18,248 [Thread-336] INFO  impl.RoleInfo (RoleInfo.java:updateAndGet(143)) - 76a15b5a-6854-49a0-8818-73e3745045ae: start LeaderElection
2019-09-12 13:47:18,250 [Thread-322] INFO  impl.RoleInfo (RoleInfo.java:updateAndGet(143)) - 3ef341d8-3296-48d4-9b49-005c11ca2b71: start LeaderElection
2019-09-12 13:47:18,274 [3ef341d8-3296-48d4-9b49-005c11ca2b71@group-FF9390A4C18C:LeaderElection14] INFO  impl.LeaderElection (LeaderElection.java:askForVotes(182)) - 3ef341d8-3296-48d4-9b49-005c11ca2b71@group-FF9390A4C18C:LeaderElection14: begin an election at term 1 for -1: [6ac4bcf8-6973-4d27-bc88-57130dead3af:192.168.34.38:43308, 3ef341d8-3296-48d4-9b49-005c11ca2b71:192.168.34.38:43198, 92e4cfa5-488b-4a46-94d1-80a7c527ff9a:192.168.34.38:36780], old=null
2019-09-12 13:47:18,281 [48cce45d-95d9-4826-8e27-c253c7fb318f@group-E77E49095420:LeaderElection10] INFO  impl.LeaderElection (LeaderElection.java:askForVotes(182)) - 48cce45d-95d9-4826-8e27-c253c7fb318f@group-E77E49095420:LeaderElection10: begin an election at term 1 for -1: [48cce45d-95d9-4826-8e27-c253c7fb318f:192.168.34.38:45076], old=null
2019-09-12 13:47:18,281 [6ac4bcf8-6973-4d27-bc88-57130dead3af@group-FF9390A4C18C:LeaderElection12] INFO  impl.LeaderElection (LeaderElection.java:askForVotes(182)) - 6ac4bcf8-6973-4d27-bc88-57130dead3af@group-FF9390A4C18C:LeaderElection12: begin an election at term 1 for -1: [6ac4bcf8-6973-4d27-bc88-57130dead3af:192.168.34.38:43308, 3ef341d8-3296-48d4-9b49-005c11ca2b71:192.168.34.38:43198, 92e4cfa5-488b-4a46-94d1-80a7c527ff9a:192.168.34.38:36780], old=null
2019-09-12 13:47:18,282 [48cce45d-95d9-4826-8e27-c253c7fb318f@group-E77E49095420:LeaderElection10] INFO  impl.RoleInfo (RoleInfo.java:shutdownLeaderElection(134)) - 48cce45d-95d9-4826-8e27-c253c7fb318f: shutdown LeaderElection
2019-09-12 13:47:18,282 [92e4cfa5-488b-4a46-94d1-80a7c527ff9a@group-FF9390A4C18C:LeaderElection11] INFO  impl.LeaderElection (LeaderElection.java:askForVotes(182)) - 92e4cfa5-488b-4a46-94d1-80a7c527ff9a@group-FF9390A4C18C:LeaderElection11: begin an election at term 1 for -1: [6ac4bcf8-6973-4d27-bc88-57130dead3af:192.168.34.38:43308, 3ef341d8-3296-48d4-9b49-005c11ca2b71:192.168.34.38:43198, 92e4cfa5-488b-4a46-94d1-80a7c527ff9a:192.168.34.38:36780], old=null
2019-09-12 13:47:18,282 [76a15b5a-6854-49a0-8818-73e3745045ae@group-411631934A30:LeaderElection13] INFO  impl.LeaderElection (LeaderElection.java:askForVotes(182)) - 76a15b5a-6854-49a0-8818-73e3745045ae@group-411631934A30:LeaderElection13: begin an election at term 1 for -1: [eb4af5da-c929-4f10-b53e-ce7f20abad1a:192.168.34.38:38959, 7dd3d51f-7703-47e1-b378-11db862d4d4b:192.168.34.38:36691, 76a15b5a-6854-49a0-8818-73e3745045ae:192.168.34.38:41160], old=null
2019-09-12 13:47:18,282 [48cce45d-95d9-4826-8e27-c253c7fb318f@group-E77E49095420:LeaderElection10] INFO  impl.RaftServerImpl (RaftServerImpl.java:setRole(174)) - 48cce45d-95d9-4826-8e27-c253c7fb318f@group-E77E49095420: changes role from CANDIDATE to LEADER at term 1 for changeToLeader
2019-09-12 13:47:18,283 [48cce45d-95d9-4826-8e27-c253c7fb318f@group-E77E49095420:LeaderElection10] INFO  impl.RaftServerImpl (ServerState.java:setLeader(253)) - 48cce45d-95d9-4826-8e27-c253c7fb318f@group-E77E49095420: change Leader from null to 48cce45d-95d9-4826-8e27-c253c7fb318f at term 1 for becomeLeader, leader elected after 1407ms
2019-09-12 13:47:18,283 [48cce45d-95d9-4826-8e27-c253c7fb318f@group-E77E49095420:LeaderElection10] INFO  server.RaftServerConfigKeys (ConfUtils.java:logGet(43)) - raft.server.staging.catchup.gap = 1000 (default)
2019-09-12 13:47:18,283 [48cce45d-95d9-4826-8e27-c253c7fb318f@group-E77E49095420:LeaderElection10] INFO  server.RaftServerConfigKeys (ConfUtils.java:logGet(43)) - raft.server.rpc.sleep.time = 25ms (default)
2019-09-12 13:47:18,283 [48cce45d-95d9-4826-8e27-c253c7fb318f@group-E77E49095420:LeaderElection10] INFO  server.RaftServerConfigKeys (ConfUtils.java:logGet(43)) - raft.server.write.element-limit = 4096 (default)
2019-09-12 13:47:18,284 [48cce45d-95d9-4826-8e27-c253c7fb318f@group-E77E49095420:LeaderElection10] INFO  server.RaftServerConfigKeys (ConfUtils.java:logGet(43)) - raft.server.watch.timeout = 10s (default)
2019-09-12 13:47:18,284 [48cce45d-95d9-4826-8e27-c253c7fb318f@group-E77E49095420:LeaderElection10] INFO  server.RaftServerConfigKeys (ConfUtils.java:logGet(43)) - raft.server.watch.timeout.denomination = 1s (default)
2019-09-12 13:47:18,284 [48cce45d-95d9-4826-8e27-c253c7fb318f@group-E77E49095420:LeaderElection10] INFO  server.RaftServerConfigKeys (ConfUtils.java:logGet(43)) - raft.server.watch.element-limit = 65536 (default)
2019-09-12 13:47:18,347 [Thread-335] INFO  impl.FollowerState (FollowerState.java:run(106)) - 7dd3d51f-7703-47e1-b378-11db862d4d4b:group-411631934A30 changes to CANDIDATE, lastRpcTime:1171, electionTimeout:1171ms
2019-09-12 13:47:18,347 [Thread-335] INFO  impl.RoleInfo (RoleInfo.java:shutdownFollowerState(121)) - 7dd3d51f-7703-47e1-b378-11db862d4d4b: shutdown FollowerState
2019-09-12 13:47:18,347 [Thread-335] INFO  impl.RaftServerImpl (RaftServerImpl.java:setRole(174)) - 7dd3d51f-7703-47e1-b378-11db862d4d4b@group-411631934A30: changes role from  FOLLOWER to CANDIDATE at term 0 for changeToCandidate
2019-09-12 13:47:18,358 [Thread-335] INFO  impl.RoleInfo (RoleInfo.java:updateAndGet(143)) - 7dd3d51f-7703-47e1-b378-11db862d4d4b: start LeaderElection
2019-09-12 13:47:18,372 [Thread-333] INFO  impl.FollowerState (FollowerState.java:run(106)) - eb4af5da-c929-4f10-b53e-ce7f20abad1a:group-411631934A30 changes to CANDIDATE, lastRpcTime:1198, electionTimeout:1198ms
2019-09-12 13:47:18,378 [Thread-333] INFO  impl.RoleInfo (RoleInfo.java:shutdownFollowerState(121)) - eb4af5da-c929-4f10-b53e-ce7f20abad1a: shutdown FollowerState
2019-09-12 13:47:18,378 [Thread-333] INFO  impl.RaftServerImpl (RaftServerImpl.java:setRole(174)) - eb4af5da-c929-4f10-b53e-ce7f20abad1a@group-411631934A30: changes role from  FOLLOWER to CANDIDATE at term 0 for changeToCandidate
2019-09-12 13:47:18,378 [Thread-333] INFO  impl.RoleInfo (RoleInfo.java:updateAndGet(143)) - eb4af5da-c929-4f10-b53e-ce7f20abad1a: start LeaderElection
2019-09-12 13:47:18,402 [7dd3d51f-7703-47e1-b378-11db862d4d4b@group-411631934A30:LeaderElection15] INFO  impl.LeaderElection (LeaderElection.java:askForVotes(182)) - 7dd3d51f-7703-47e1-b378-11db862d4d4b@group-411631934A30:LeaderElection15: begin an election at term 1 for -1: [eb4af5da-c929-4f10-b53e-ce7f20abad1a:192.168.34.38:38959, 7dd3d51f-7703-47e1-b378-11db862d4d4b:192.168.34.38:36691, 76a15b5a-6854-49a0-8818-73e3745045ae:192.168.34.38:41160], old=null
2019-09-12 13:47:18,419 [eb4af5da-c929-4f10-b53e-ce7f20abad1a@group-411631934A30:LeaderElection16] INFO  impl.LeaderElection (LeaderElection.java:askForVotes(182)) - eb4af5da-c929-4f10-b53e-ce7f20abad1a@group-411631934A30:LeaderElection16: begin an election at term 1 for -1: [eb4af5da-c929-4f10-b53e-ce7f20abad1a:192.168.34.38:38959, 7dd3d51f-7703-47e1-b378-11db862d4d4b:192.168.34.38:36691, 76a15b5a-6854-49a0-8818-73e3745045ae:192.168.34.38:41160], old=null
2019-09-12 13:47:18,423 [IPC Server handler 18 on 38751] INFO  volume.OMVolumeCreateRequest (OMVolumeCreateRequest.java:validateAndUpdateCache(189)) - created volume:datanodefailurehandlingtest for user:jenkins1000
2019-09-12 13:47:18,513 [Thread-345] INFO  impl.FollowerState (FollowerState.java:run(106)) - 05e06da0-1d3a-4481-ab96-f6b3bccd14af:group-3636C80E75D6 changes to CANDIDATE, lastRpcTime:1167, electionTimeout:1167ms
2019-09-12 13:47:18,513 [Thread-345] INFO  impl.RoleInfo (RoleInfo.java:shutdownFollowerState(121)) - 05e06da0-1d3a-4481-ab96-f6b3bccd14af: shutdown FollowerState
2019-09-12 13:47:18,514 [Thread-345] INFO  impl.RaftServerImpl (RaftServerImpl.java:setRole(174)) - 05e06da0-1d3a-4481-ab96-f6b3bccd14af@group-3636C80E75D6: changes role from  FOLLOWER to CANDIDATE at term 0 for changeToCandidate
2019-09-12 13:47:18,516 [Thread-348] INFO  impl.FollowerState (FollowerState.java:run(106)) - 57ae412b-1391-4b0c-ad94-18127dd39aa0:group-3636C80E75D6 changes to CANDIDATE, lastRpcTime:1169, electionTimeout:1169ms
2019-09-12 13:47:18,517 [Thread-348] INFO  impl.RoleInfo (RoleInfo.java:shutdownFollowerState(121)) - 57ae412b-1391-4b0c-ad94-18127dd39aa0: shutdown FollowerState
2019-09-12 13:47:18,517 [Thread-348] INFO  impl.RaftServerImpl (RaftServerImpl.java:setRole(174)) - 57ae412b-1391-4b0c-ad94-18127dd39aa0@group-3636C80E75D6: changes role from  FOLLOWER to CANDIDATE at term 0 for changeToCandidate
2019-09-12 13:47:18,522 [Thread-348] INFO  impl.RoleInfo (RoleInfo.java:updateAndGet(143)) - 57ae412b-1391-4b0c-ad94-18127dd39aa0: start LeaderElection
2019-09-12 13:47:18,526 [Thread-345] INFO  impl.RoleInfo (RoleInfo.java:updateAndGet(143)) - 05e06da0-1d3a-4481-ab96-f6b3bccd14af: start LeaderElection
2019-09-12 13:47:18,565 [05e06da0-1d3a-4481-ab96-f6b3bccd14af@group-3636C80E75D6:LeaderElection17] INFO  impl.LeaderElection (LeaderElection.java:askForVotes(182)) - 05e06da0-1d3a-4481-ab96-f6b3bccd14af@group-3636C80E75D6:LeaderElection17: begin an election at term 1 for -1: [763d52db-3808-40b7-9749-d7ff45e81d9a:192.168.34.38:36181, 05e06da0-1d3a-4481-ab96-f6b3bccd14af:192.168.34.38:45188, 57ae412b-1391-4b0c-ad94-18127dd39aa0:192.168.34.38:39194], old=null
2019-09-12 13:47:18,565 [57ae412b-1391-4b0c-ad94-18127dd39aa0@group-3636C80E75D6:LeaderElection18] INFO  impl.LeaderElection (LeaderElection.java:askForVotes(182)) - 57ae412b-1391-4b0c-ad94-18127dd39aa0@group-3636C80E75D6:LeaderElection18: begin an election at term 1 for -1: [763d52db-3808-40b7-9749-d7ff45e81d9a:192.168.34.38:36181, 05e06da0-1d3a-4481-ab96-f6b3bccd14af:192.168.34.38:45188, 57ae412b-1391-4b0c-ad94-18127dd39aa0:192.168.34.38:39194], old=null
2019-09-12 13:47:18,587 [Thread-350] INFO  impl.FollowerState (FollowerState.java:run(106)) - 763d52db-3808-40b7-9749-d7ff45e81d9a:group-3636C80E75D6 changes to CANDIDATE, lastRpcTime:1185, electionTimeout:1179ms
2019-09-12 13:47:18,588 [Thread-350] INFO  impl.RoleInfo (RoleInfo.java:shutdownFollowerState(121)) - 763d52db-3808-40b7-9749-d7ff45e81d9a: shutdown FollowerState
2019-09-12 13:47:18,588 [Thread-350] INFO  impl.RaftServerImpl (RaftServerImpl.java:setRole(174)) - 763d52db-3808-40b7-9749-d7ff45e81d9a@group-3636C80E75D6: changes role from  FOLLOWER to CANDIDATE at term 0 for changeToCandidate
2019-09-12 13:47:18,592 [Thread-350] INFO  impl.RoleInfo (RoleInfo.java:updateAndGet(143)) - 763d52db-3808-40b7-9749-d7ff45e81d9a: start LeaderElection
2019-09-12 13:47:18,625 [main] INFO  rpc.RpcClient (RpcClient.java:createBucket(441)) - Creating Bucket: datanodefailurehandlingtest/datanodefailurehandlingtest, with Versioning false and Storage Type set to DISK and Encryption set to false 
2019-09-12 13:47:18,625 [763d52db-3808-40b7-9749-d7ff45e81d9a@group-3636C80E75D6:LeaderElection19] INFO  impl.LeaderElection (LeaderElection.java:askForVotes(182)) - 763d52db-3808-40b7-9749-d7ff45e81d9a@group-3636C80E75D6:LeaderElection19: begin an election at term 1 for -1: [763d52db-3808-40b7-9749-d7ff45e81d9a:192.168.34.38:36181, 05e06da0-1d3a-4481-ab96-f6b3bccd14af:192.168.34.38:45188, 57ae412b-1391-4b0c-ad94-18127dd39aa0:192.168.34.38:39194], old=null
2019-09-12 13:47:18,684 [92e4cfa5-488b-4a46-94d1-80a7c527ff9a@group-FF9390A4C18C:LeaderElection11] INFO  impl.LeaderElection (LeaderElection.java:logAndReturn(56)) - 92e4cfa5-488b-4a46-94d1-80a7c527ff9a@group-FF9390A4C18C:LeaderElection11: Election REJECTED; received 2 response(s) [92e4cfa5-488b-4a46-94d1-80a7c527ff9a<-6ac4bcf8-6973-4d27-bc88-57130dead3af#0:FAIL-t1, 92e4cfa5-488b-4a46-94d1-80a7c527ff9a<-3ef341d8-3296-48d4-9b49-005c11ca2b71#0:FAIL-t1] and 0 exception(s); 92e4cfa5-488b-4a46-94d1-80a7c527ff9a@group-FF9390A4C18C:t1, leader=null, voted=92e4cfa5-488b-4a46-94d1-80a7c527ff9a, raftlog=92e4cfa5-488b-4a46-94d1-80a7c527ff9a@group-FF9390A4C18C-SegmentedRaftLog:OPENED:c-1,f-1,i0, conf=-1: [6ac4bcf8-6973-4d27-bc88-57130dead3af:192.168.34.38:43308, 3ef341d8-3296-48d4-9b49-005c11ca2b71:192.168.34.38:43198, 92e4cfa5-488b-4a46-94d1-80a7c527ff9a:192.168.34.38:36780], old=null
2019-09-12 13:47:18,722 [92e4cfa5-488b-4a46-94d1-80a7c527ff9a@group-FF9390A4C18C:LeaderElection11] INFO  impl.RaftServerImpl (RaftServerImpl.java:setRole(174)) - 92e4cfa5-488b-4a46-94d1-80a7c527ff9a@group-FF9390A4C18C: changes role from CANDIDATE to FOLLOWER at term 1 for DISCOVERED_A_NEW_TERM
2019-09-12 13:47:18,722 [92e4cfa5-488b-4a46-94d1-80a7c527ff9a@group-FF9390A4C18C:LeaderElection11] INFO  impl.RoleInfo (RoleInfo.java:shutdownLeaderElection(134)) - 92e4cfa5-488b-4a46-94d1-80a7c527ff9a: shutdown LeaderElection
2019-09-12 13:47:18,722 [92e4cfa5-488b-4a46-94d1-80a7c527ff9a@group-FF9390A4C18C:LeaderElection11] INFO  impl.RoleInfo (RoleInfo.java:updateAndGet(143)) - 92e4cfa5-488b-4a46-94d1-80a7c527ff9a: start FollowerState
2019-09-12 13:47:18,729 [6ac4bcf8-6973-4d27-bc88-57130dead3af@group-FF9390A4C18C:LeaderElection12] INFO  impl.LeaderElection (LeaderElection.java:logAndReturn(56)) - 6ac4bcf8-6973-4d27-bc88-57130dead3af@group-FF9390A4C18C:LeaderElection12: Election REJECTED; received 2 response(s) [6ac4bcf8-6973-4d27-bc88-57130dead3af<-3ef341d8-3296-48d4-9b49-005c11ca2b71#0:FAIL-t1, 6ac4bcf8-6973-4d27-bc88-57130dead3af<-92e4cfa5-488b-4a46-94d1-80a7c527ff9a#0:FAIL-t1] and 0 exception(s); 6ac4bcf8-6973-4d27-bc88-57130dead3af@group-FF9390A4C18C:t1, leader=null, voted=6ac4bcf8-6973-4d27-bc88-57130dead3af, raftlog=6ac4bcf8-6973-4d27-bc88-57130dead3af@group-FF9390A4C18C-SegmentedRaftLog:OPENED:c-1,f-1,i0, conf=-1: [6ac4bcf8-6973-4d27-bc88-57130dead3af:192.168.34.38:43308, 3ef341d8-3296-48d4-9b49-005c11ca2b71:192.168.34.38:43198, 92e4cfa5-488b-4a46-94d1-80a7c527ff9a:192.168.34.38:36780], old=null
2019-09-12 13:47:18,732 [3ef341d8-3296-48d4-9b49-005c11ca2b71@group-FF9390A4C18C:LeaderElection14] INFO  impl.LeaderElection (LeaderElection.java:logAndReturn(56)) - 3ef341d8-3296-48d4-9b49-005c11ca2b71@group-FF9390A4C18C:LeaderElection14: Election REJECTED; received 2 response(s) [3ef341d8-3296-48d4-9b49-005c11ca2b71<-6ac4bcf8-6973-4d27-bc88-57130dead3af#0:FAIL-t1, 3ef341d8-3296-48d4-9b49-005c11ca2b71<-92e4cfa5-488b-4a46-94d1-80a7c527ff9a#0:FAIL-t1] and 0 exception(s); 3ef341d8-3296-48d4-9b49-005c11ca2b71@group-FF9390A4C18C:t1, leader=null, voted=3ef341d8-3296-48d4-9b49-005c11ca2b71, raftlog=3ef341d8-3296-48d4-9b49-005c11ca2b71@group-FF9390A4C18C-SegmentedRaftLog:OPENED:c-1,f-1,i0, conf=-1: [6ac4bcf8-6973-4d27-bc88-57130dead3af:192.168.34.38:43308, 3ef341d8-3296-48d4-9b49-005c11ca2b71:192.168.34.38:43198, 92e4cfa5-488b-4a46-94d1-80a7c527ff9a:192.168.34.38:36780], old=null
2019-09-12 13:47:18,732 [6ac4bcf8-6973-4d27-bc88-57130dead3af@group-FF9390A4C18C:LeaderElection12] INFO  impl.RaftServerImpl (RaftServerImpl.java:setRole(174)) - 6ac4bcf8-6973-4d27-bc88-57130dead3af@group-FF9390A4C18C: changes role from CANDIDATE to FOLLOWER at term 1 for DISCOVERED_A_NEW_TERM
2019-09-12 13:47:18,768 [3ef341d8-3296-48d4-9b49-005c11ca2b71@group-FF9390A4C18C:LeaderElection14] INFO  impl.RaftServerImpl (RaftServerImpl.java:setRole(174)) - 3ef341d8-3296-48d4-9b49-005c11ca2b71@group-FF9390A4C18C: changes role from CANDIDATE to FOLLOWER at term 1 for DISCOVERED_A_NEW_TERM
2019-09-12 13:47:18,768 [6ac4bcf8-6973-4d27-bc88-57130dead3af@group-FF9390A4C18C:LeaderElection12] INFO  impl.RoleInfo (RoleInfo.java:shutdownLeaderElection(134)) - 6ac4bcf8-6973-4d27-bc88-57130dead3af: shutdown LeaderElection
2019-09-12 13:47:18,771 [3ef341d8-3296-48d4-9b49-005c11ca2b71@group-FF9390A4C18C:LeaderElection14] INFO  impl.RoleInfo (RoleInfo.java:shutdownLeaderElection(134)) - 3ef341d8-3296-48d4-9b49-005c11ca2b71: shutdown LeaderElection
2019-09-12 13:47:18,772 [6ac4bcf8-6973-4d27-bc88-57130dead3af@group-FF9390A4C18C:LeaderElection12] INFO  impl.RoleInfo (RoleInfo.java:updateAndGet(143)) - 6ac4bcf8-6973-4d27-bc88-57130dead3af: start FollowerState
2019-09-12 13:47:18,772 [76a15b5a-6854-49a0-8818-73e3745045ae@group-411631934A30:LeaderElection13] INFO  impl.LeaderElection (LeaderElection.java:logAndReturn(56)) - 76a15b5a-6854-49a0-8818-73e3745045ae@group-411631934A30:LeaderElection13: Election REJECTED; received 2 response(s) [76a15b5a-6854-49a0-8818-73e3745045ae<-eb4af5da-c929-4f10-b53e-ce7f20abad1a#0:FAIL-t1, 76a15b5a-6854-49a0-8818-73e3745045ae<-7dd3d51f-7703-47e1-b378-11db862d4d4b#0:FAIL-t1] and 0 exception(s); 76a15b5a-6854-49a0-8818-73e3745045ae@group-411631934A30:t1, leader=null, voted=76a15b5a-6854-49a0-8818-73e3745045ae, raftlog=76a15b5a-6854-49a0-8818-73e3745045ae@group-411631934A30-SegmentedRaftLog:OPENED:c-1,f-1,i0, conf=-1: [eb4af5da-c929-4f10-b53e-ce7f20abad1a:192.168.34.38:38959, 7dd3d51f-7703-47e1-b378-11db862d4d4b:192.168.34.38:36691, 76a15b5a-6854-49a0-8818-73e3745045ae:192.168.34.38:41160], old=null
2019-09-12 13:47:18,772 [3ef341d8-3296-48d4-9b49-005c11ca2b71@group-FF9390A4C18C:LeaderElection14] INFO  impl.RoleInfo (RoleInfo.java:updateAndGet(143)) - 3ef341d8-3296-48d4-9b49-005c11ca2b71: start FollowerState
2019-09-12 13:47:18,779 [7dd3d51f-7703-47e1-b378-11db862d4d4b@group-411631934A30:LeaderElection15] INFO  impl.LeaderElection (LeaderElection.java:logAndReturn(56)) - 7dd3d51f-7703-47e1-b378-11db862d4d4b@group-411631934A30:LeaderElection15: Election REJECTED; received 2 response(s) [7dd3d51f-7703-47e1-b378-11db862d4d4b<-eb4af5da-c929-4f10-b53e-ce7f20abad1a#0:FAIL-t1, 7dd3d51f-7703-47e1-b378-11db862d4d4b<-76a15b5a-6854-49a0-8818-73e3745045ae#0:FAIL-t1] and 0 exception(s); 7dd3d51f-7703-47e1-b378-11db862d4d4b@group-411631934A30:t1, leader=null, voted=7dd3d51f-7703-47e1-b378-11db862d4d4b, raftlog=7dd3d51f-7703-47e1-b378-11db862d4d4b@group-411631934A30-SegmentedRaftLog:OPENED:c-1,f-1,i0, conf=-1: [eb4af5da-c929-4f10-b53e-ce7f20abad1a:192.168.34.38:38959, 7dd3d51f-7703-47e1-b378-11db862d4d4b:192.168.34.38:36691, 76a15b5a-6854-49a0-8818-73e3745045ae:192.168.34.38:41160], old=null
2019-09-12 13:47:18,776 [76a15b5a-6854-49a0-8818-73e3745045ae@group-411631934A30:LeaderElection13] INFO  impl.RaftServerImpl (RaftServerImpl.java:setRole(174)) - 76a15b5a-6854-49a0-8818-73e3745045ae@group-411631934A30: changes role from CANDIDATE to FOLLOWER at term 1 for DISCOVERED_A_NEW_TERM
2019-09-12 13:47:18,795 [7dd3d51f-7703-47e1-b378-11db862d4d4b@group-411631934A30:LeaderElection15] INFO  impl.RaftServerImpl (RaftServerImpl.java:setRole(174)) - 7dd3d51f-7703-47e1-b378-11db862d4d4b@group-411631934A30: changes role from CANDIDATE to FOLLOWER at term 1 for DISCOVERED_A_NEW_TERM
2019-09-12 13:47:18,798 [7dd3d51f-7703-47e1-b378-11db862d4d4b@group-411631934A30:LeaderElection15] INFO  impl.RoleInfo (RoleInfo.java:shutdownLeaderElection(134)) - 7dd3d51f-7703-47e1-b378-11db862d4d4b: shutdown LeaderElection
2019-09-12 13:47:18,795 [eb4af5da-c929-4f10-b53e-ce7f20abad1a@group-411631934A30:LeaderElection16] INFO  impl.LeaderElection (LeaderElection.java:logAndReturn(56)) - eb4af5da-c929-4f10-b53e-ce7f20abad1a@group-411631934A30:LeaderElection16: Election REJECTED; received 2 response(s) [eb4af5da-c929-4f10-b53e-ce7f20abad1a<-7dd3d51f-7703-47e1-b378-11db862d4d4b#0:FAIL-t1, eb4af5da-c929-4f10-b53e-ce7f20abad1a<-76a15b5a-6854-49a0-8818-73e3745045ae#0:FAIL-t1] and 0 exception(s); eb4af5da-c929-4f10-b53e-ce7f20abad1a@group-411631934A30:t1, leader=null, voted=eb4af5da-c929-4f10-b53e-ce7f20abad1a, raftlog=eb4af5da-c929-4f10-b53e-ce7f20abad1a@group-411631934A30-SegmentedRaftLog:OPENED:c-1,f-1,i0, conf=-1: [eb4af5da-c929-4f10-b53e-ce7f20abad1a:192.168.34.38:38959, 7dd3d51f-7703-47e1-b378-11db862d4d4b:192.168.34.38:36691, 76a15b5a-6854-49a0-8818-73e3745045ae:192.168.34.38:41160], old=null
2019-09-12 13:47:18,798 [7dd3d51f-7703-47e1-b378-11db862d4d4b@group-411631934A30:LeaderElection15] INFO  impl.RoleInfo (RoleInfo.java:updateAndGet(143)) - 7dd3d51f-7703-47e1-b378-11db862d4d4b: start FollowerState
2019-09-12 13:47:18,795 [76a15b5a-6854-49a0-8818-73e3745045ae@group-411631934A30:LeaderElection13] INFO  impl.RoleInfo (RoleInfo.java:shutdownLeaderElection(134)) - 76a15b5a-6854-49a0-8818-73e3745045ae: shutdown LeaderElection
2019-09-12 13:47:18,798 [eb4af5da-c929-4f10-b53e-ce7f20abad1a@group-411631934A30:LeaderElection16] INFO  impl.RaftServerImpl (RaftServerImpl.java:setRole(174)) - eb4af5da-c929-4f10-b53e-ce7f20abad1a@group-411631934A30: changes role from CANDIDATE to FOLLOWER at term 1 for DISCOVERED_A_NEW_TERM
2019-09-12 13:47:18,802 [76a15b5a-6854-49a0-8818-73e3745045ae@group-411631934A30:LeaderElection13] INFO  impl.RoleInfo (RoleInfo.java:updateAndGet(143)) - 76a15b5a-6854-49a0-8818-73e3745045ae: start FollowerState
2019-09-12 13:47:18,802 [eb4af5da-c929-4f10-b53e-ce7f20abad1a@group-411631934A30:LeaderElection16] INFO  impl.RoleInfo (RoleInfo.java:shutdownLeaderElection(134)) - eb4af5da-c929-4f10-b53e-ce7f20abad1a: shutdown LeaderElection
2019-09-12 13:47:18,802 [eb4af5da-c929-4f10-b53e-ce7f20abad1a@group-411631934A30:LeaderElection16] INFO  impl.RoleInfo (RoleInfo.java:updateAndGet(143)) - eb4af5da-c929-4f10-b53e-ce7f20abad1a: start FollowerState
2019-09-12 13:47:18,843 [05e06da0-1d3a-4481-ab96-f6b3bccd14af@group-3636C80E75D6:LeaderElection17] INFO  impl.LeaderElection (LeaderElection.java:logAndReturn(56)) - 05e06da0-1d3a-4481-ab96-f6b3bccd14af@group-3636C80E75D6:LeaderElection17: Election REJECTED; received 2 response(s) [05e06da0-1d3a-4481-ab96-f6b3bccd14af<-763d52db-3808-40b7-9749-d7ff45e81d9a#0:FAIL-t1, 05e06da0-1d3a-4481-ab96-f6b3bccd14af<-57ae412b-1391-4b0c-ad94-18127dd39aa0#0:FAIL-t1] and 0 exception(s); 05e06da0-1d3a-4481-ab96-f6b3bccd14af@group-3636C80E75D6:t1, leader=null, voted=05e06da0-1d3a-4481-ab96-f6b3bccd14af, raftlog=05e06da0-1d3a-4481-ab96-f6b3bccd14af@group-3636C80E75D6-SegmentedRaftLog:OPENED:c-1,f-1,i0, conf=-1: [763d52db-3808-40b7-9749-d7ff45e81d9a:192.168.34.38:36181, 05e06da0-1d3a-4481-ab96-f6b3bccd14af:192.168.34.38:45188, 57ae412b-1391-4b0c-ad94-18127dd39aa0:192.168.34.38:39194], old=null
2019-09-12 13:47:18,850 [05e06da0-1d3a-4481-ab96-f6b3bccd14af@group-3636C80E75D6:LeaderElection17] INFO  impl.RaftServerImpl (RaftServerImpl.java:setRole(174)) - 05e06da0-1d3a-4481-ab96-f6b3bccd14af@group-3636C80E75D6: changes role from CANDIDATE to FOLLOWER at term 1 for DISCOVERED_A_NEW_TERM
2019-09-12 13:47:18,850 [05e06da0-1d3a-4481-ab96-f6b3bccd14af@group-3636C80E75D6:LeaderElection17] INFO  impl.RoleInfo (RoleInfo.java:shutdownLeaderElection(134)) - 05e06da0-1d3a-4481-ab96-f6b3bccd14af: shutdown LeaderElection
2019-09-12 13:47:18,851 [05e06da0-1d3a-4481-ab96-f6b3bccd14af@group-3636C80E75D6:LeaderElection17] INFO  impl.RoleInfo (RoleInfo.java:updateAndGet(143)) - 05e06da0-1d3a-4481-ab96-f6b3bccd14af: start FollowerState
2019-09-12 13:47:18,861 [57ae412b-1391-4b0c-ad94-18127dd39aa0@group-3636C80E75D6:LeaderElection18] INFO  impl.LeaderElection (LeaderElection.java:logAndReturn(56)) - 57ae412b-1391-4b0c-ad94-18127dd39aa0@group-3636C80E75D6:LeaderElection18: Election REJECTED; received 2 response(s) [57ae412b-1391-4b0c-ad94-18127dd39aa0<-763d52db-3808-40b7-9749-d7ff45e81d9a#0:FAIL-t1, 57ae412b-1391-4b0c-ad94-18127dd39aa0<-05e06da0-1d3a-4481-ab96-f6b3bccd14af#0:FAIL-t1] and 0 exception(s); 57ae412b-1391-4b0c-ad94-18127dd39aa0@group-3636C80E75D6:t1, leader=null, voted=57ae412b-1391-4b0c-ad94-18127dd39aa0, raftlog=57ae412b-1391-4b0c-ad94-18127dd39aa0@group-3636C80E75D6-SegmentedRaftLog:OPENED:c-1,f-1,i0, conf=-1: [763d52db-3808-40b7-9749-d7ff45e81d9a:192.168.34.38:36181, 05e06da0-1d3a-4481-ab96-f6b3bccd14af:192.168.34.38:45188, 57ae412b-1391-4b0c-ad94-18127dd39aa0:192.168.34.38:39194], old=null
2019-09-12 13:47:18,886 [57ae412b-1391-4b0c-ad94-18127dd39aa0@group-3636C80E75D6:LeaderElection18] INFO  impl.RaftServerImpl (RaftServerImpl.java:setRole(174)) - 57ae412b-1391-4b0c-ad94-18127dd39aa0@group-3636C80E75D6: changes role from CANDIDATE to FOLLOWER at term 1 for DISCOVERED_A_NEW_TERM
2019-09-12 13:47:18,886 [763d52db-3808-40b7-9749-d7ff45e81d9a@group-3636C80E75D6:LeaderElection19] INFO  impl.LeaderElection (LeaderElection.java:logAndReturn(56)) - 763d52db-3808-40b7-9749-d7ff45e81d9a@group-3636C80E75D6:LeaderElection19: Election REJECTED; received 2 response(s) [763d52db-3808-40b7-9749-d7ff45e81d9a<-05e06da0-1d3a-4481-ab96-f6b3bccd14af#0:FAIL-t1, 763d52db-3808-40b7-9749-d7ff45e81d9a<-57ae412b-1391-4b0c-ad94-18127dd39aa0#0:FAIL-t1] and 0 exception(s); 763d52db-3808-40b7-9749-d7ff45e81d9a@group-3636C80E75D6:t1, leader=null, voted=763d52db-3808-40b7-9749-d7ff45e81d9a, raftlog=763d52db-3808-40b7-9749-d7ff45e81d9a@group-3636C80E75D6-SegmentedRaftLog:OPENED:c-1,f-1,i0, conf=-1: [763d52db-3808-40b7-9749-d7ff45e81d9a:192.168.34.38:36181, 05e06da0-1d3a-4481-ab96-f6b3bccd14af:192.168.34.38:45188, 57ae412b-1391-4b0c-ad94-18127dd39aa0:192.168.34.38:39194], old=null
2019-09-12 13:47:18,886 [57ae412b-1391-4b0c-ad94-18127dd39aa0@group-3636C80E75D6:LeaderElection18] INFO  impl.RoleInfo (RoleInfo.java:shutdownLeaderElection(134)) - 57ae412b-1391-4b0c-ad94-18127dd39aa0: shutdown LeaderElection
2019-09-12 13:47:18,888 [763d52db-3808-40b7-9749-d7ff45e81d9a@group-3636C80E75D6:LeaderElection19] INFO  impl.RaftServerImpl (RaftServerImpl.java:setRole(174)) - 763d52db-3808-40b7-9749-d7ff45e81d9a@group-3636C80E75D6: changes role from CANDIDATE to FOLLOWER at term 1 for DISCOVERED_A_NEW_TERM
2019-09-12 13:47:18,891 [57ae412b-1391-4b0c-ad94-18127dd39aa0@group-3636C80E75D6:LeaderElection18] INFO  impl.RoleInfo (RoleInfo.java:updateAndGet(143)) - 57ae412b-1391-4b0c-ad94-18127dd39aa0: start FollowerState
2019-09-12 13:47:18,891 [763d52db-3808-40b7-9749-d7ff45e81d9a@group-3636C80E75D6:LeaderElection19] INFO  impl.RoleInfo (RoleInfo.java:shutdownLeaderElection(134)) - 763d52db-3808-40b7-9749-d7ff45e81d9a: shutdown LeaderElection
2019-09-12 13:47:18,893 [763d52db-3808-40b7-9749-d7ff45e81d9a@group-3636C80E75D6:LeaderElection19] INFO  impl.RoleInfo (RoleInfo.java:updateAndGet(143)) - 763d52db-3808-40b7-9749-d7ff45e81d9a: start FollowerState
2019-09-12 13:47:19,010 [48cce45d-95d9-4826-8e27-c253c7fb318f@group-E77E49095420:LeaderElection10] INFO  impl.RoleInfo (RoleInfo.java:updateAndGet(143)) - 48cce45d-95d9-4826-8e27-c253c7fb318f: start LeaderState
2019-09-12 13:47:19,010 [48cce45d-95d9-4826-8e27-c253c7fb318f@group-E77E49095420:LeaderElection10] INFO  segmented.SegmentedRaftLogWorker (SegmentedRaftLogWorker.java:startLogSegment(380)) - 48cce45d-95d9-4826-8e27-c253c7fb318f@group-E77E49095420-SegmentedRaftLogWorker: Starting segment from index:0
2019-09-12 13:47:19,011 [48cce45d-95d9-4826-8e27-c253c7fb318f@group-E77E49095420:LeaderElection10] INFO  impl.RaftServerImpl (ServerState.java:setRaftConf(354)) - 48cce45d-95d9-4826-8e27-c253c7fb318f@group-E77E49095420: set configuration 0: [48cce45d-95d9-4826-8e27-c253c7fb318f:192.168.34.38:45076], old=null at 0
2019-09-12 13:47:19,049 [48cce45d-95d9-4826-8e27-c253c7fb318f@group-E77E49095420-SegmentedRaftLogWorker] INFO  segmented.SegmentedRaftLogWorker (SegmentedRaftLogWorker.java:execute(569)) - 48cce45d-95d9-4826-8e27-c253c7fb318f@group-E77E49095420-SegmentedRaftLogWorker: created new log segment /workdir/hadoop-ozone/integration-test/target/test-dir/MiniOzoneClusterImpl-98ba6956-8e51-4dc7-be59-62a375280f0b/datanode-9/data/ratis/ad4493ec-aea2-43e7-a7f1-e77e49095420/current/log_inprogress_0
2019-09-12 13:47:19,132 [main] INFO  impl.MetricsSystemImpl (MetricsSystemImpl.java:init(158)) - XceiverClientMetrics metrics system started (again)
2019-09-12 13:47:19,269 [grpc-default-executor-1] INFO  client.GrpcClientProtocolClient (GrpcClientProtocolClient.java:onNext(264)) - client-ECFF5C766FEB->eb4af5da-c929-4f10-b53e-ce7f20abad1a: receive RaftClientReply:client-ECFF5C766FEB->eb4af5da-c929-4f10-b53e-ce7f20abad1a@group-411631934A30, cid=19, FAILED org.apache.ratis.protocol.NotLeaderException: Server eb4af5da-c929-4f10-b53e-ce7f20abad1a@group-411631934A30 is not the leader, logIndex=0, commits[eb4af5da-c929-4f10-b53e-ce7f20abad1a:c-1]
2019-09-12 13:47:19,857 [Thread-392] INFO  impl.FollowerState (FollowerState.java:run(106)) - 92e4cfa5-488b-4a46-94d1-80a7c527ff9a:group-FF9390A4C18C changes to CANDIDATE, lastRpcTime:1134, electionTimeout:1131ms
2019-09-12 13:47:19,857 [Thread-392] INFO  impl.RoleInfo (RoleInfo.java:shutdownFollowerState(121)) - 92e4cfa5-488b-4a46-94d1-80a7c527ff9a: shutdown FollowerState
2019-09-12 13:47:19,857 [Thread-392] INFO  impl.RaftServerImpl (RaftServerImpl.java:setRole(174)) - 92e4cfa5-488b-4a46-94d1-80a7c527ff9a@group-FF9390A4C18C: changes role from  FOLLOWER to CANDIDATE at term 1 for changeToCandidate
2019-09-12 13:47:19,857 [Thread-392] INFO  impl.RoleInfo (RoleInfo.java:updateAndGet(143)) - 92e4cfa5-488b-4a46-94d1-80a7c527ff9a: start LeaderElection
2019-09-12 13:47:19,890 [92e4cfa5-488b-4a46-94d1-80a7c527ff9a@group-FF9390A4C18C:LeaderElection20] INFO  impl.LeaderElection (LeaderElection.java:askForVotes(182)) - 92e4cfa5-488b-4a46-94d1-80a7c527ff9a@group-FF9390A4C18C:LeaderElection20: begin an election at term 2 for -1: [6ac4bcf8-6973-4d27-bc88-57130dead3af:192.168.34.38:43308, 3ef341d8-3296-48d4-9b49-005c11ca2b71:192.168.34.38:43198, 92e4cfa5-488b-4a46-94d1-80a7c527ff9a:192.168.34.38:36780], old=null
2019-09-12 13:47:19,907 [grpc-default-executor-1] INFO  impl.RaftServerImpl (RaftServerImpl.java:setRole(174)) - 3ef341d8-3296-48d4-9b49-005c11ca2b71@group-FF9390A4C18C: changes role from  FOLLOWER to FOLLOWER at term 2 for recognizeCandidate:92e4cfa5-488b-4a46-94d1-80a7c527ff9a
2019-09-12 13:47:19,907 [grpc-default-executor-3] INFO  impl.RaftServerImpl (RaftServerImpl.java:setRole(174)) - 6ac4bcf8-6973-4d27-bc88-57130dead3af@group-FF9390A4C18C: changes role from  FOLLOWER to FOLLOWER at term 2 for recognizeCandidate:92e4cfa5-488b-4a46-94d1-80a7c527ff9a
2019-09-12 13:47:19,907 [grpc-default-executor-1] INFO  impl.RoleInfo (RoleInfo.java:shutdownFollowerState(121)) - 3ef341d8-3296-48d4-9b49-005c11ca2b71: shutdown FollowerState
2019-09-12 13:47:19,908 [grpc-default-executor-3] INFO  impl.RoleInfo (RoleInfo.java:shutdownFollowerState(121)) - 6ac4bcf8-6973-4d27-bc88-57130dead3af: shutdown FollowerState
2019-09-12 13:47:19,908 [grpc-default-executor-1] INFO  impl.RoleInfo (RoleInfo.java:updateAndGet(143)) - 3ef341d8-3296-48d4-9b49-005c11ca2b71: start FollowerState
2019-09-12 13:47:19,908 [Thread-393] INFO  impl.FollowerState (FollowerState.java:run(115)) - 6ac4bcf8-6973-4d27-bc88-57130dead3af: FollowerState was interrupted: java.lang.InterruptedException: sleep interrupted
2019-09-12 13:47:19,908 [grpc-default-executor-3] INFO  impl.RoleInfo (RoleInfo.java:updateAndGet(143)) - 6ac4bcf8-6973-4d27-bc88-57130dead3af: start FollowerState
2019-09-12 13:47:19,908 [Thread-394] INFO  impl.FollowerState (FollowerState.java:run(115)) - 3ef341d8-3296-48d4-9b49-005c11ca2b71: FollowerState was interrupted: java.lang.InterruptedException: sleep interrupted
2019-09-12 13:47:19,913 [Thread-397] INFO  impl.FollowerState (FollowerState.java:run(106)) - eb4af5da-c929-4f10-b53e-ce7f20abad1a:group-411631934A30 changes to CANDIDATE, lastRpcTime:1111, electionTimeout:1106ms
2019-09-12 13:47:19,913 [Thread-397] INFO  impl.RoleInfo (RoleInfo.java:shutdownFollowerState(121)) - eb4af5da-c929-4f10-b53e-ce7f20abad1a: shutdown FollowerState
2019-09-12 13:47:19,914 [Thread-397] INFO  impl.RaftServerImpl (RaftServerImpl.java:setRole(174)) - eb4af5da-c929-4f10-b53e-ce7f20abad1a@group-411631934A30: changes role from  FOLLOWER to CANDIDATE at term 1 for changeToCandidate
2019-09-12 13:47:19,914 [Thread-397] INFO  impl.RoleInfo (RoleInfo.java:updateAndGet(143)) - eb4af5da-c929-4f10-b53e-ce7f20abad1a: start LeaderElection
2019-09-12 13:47:19,924 [Thread-400] INFO  impl.FollowerState (FollowerState.java:run(106)) - 57ae412b-1391-4b0c-ad94-18127dd39aa0:group-3636C80E75D6 changes to CANDIDATE, lastRpcTime:1033, electionTimeout:1026ms
2019-09-12 13:47:19,924 [Thread-400] INFO  impl.RoleInfo (RoleInfo.java:shutdownFollowerState(121)) - 57ae412b-1391-4b0c-ad94-18127dd39aa0: shutdown FollowerState
2019-09-12 13:47:19,925 [Thread-400] INFO  impl.RaftServerImpl (RaftServerImpl.java:setRole(174)) - 57ae412b-1391-4b0c-ad94-18127dd39aa0@group-3636C80E75D6: changes role from  FOLLOWER to CANDIDATE at term 1 for changeToCandidate
2019-09-12 13:47:19,925 [Thread-400] INFO  impl.RoleInfo (RoleInfo.java:updateAndGet(143)) - 57ae412b-1391-4b0c-ad94-18127dd39aa0: start LeaderElection
2019-09-12 13:47:19,938 [eb4af5da-c929-4f10-b53e-ce7f20abad1a@group-411631934A30:LeaderElection21] INFO  impl.LeaderElection (LeaderElection.java:askForVotes(182)) - eb4af5da-c929-4f10-b53e-ce7f20abad1a@group-411631934A30:LeaderElection21: begin an election at term 2 for -1: [eb4af5da-c929-4f10-b53e-ce7f20abad1a:192.168.34.38:38959, 7dd3d51f-7703-47e1-b378-11db862d4d4b:192.168.34.38:36691, 76a15b5a-6854-49a0-8818-73e3745045ae:192.168.34.38:41160], old=null
2019-09-12 13:47:19,940 [57ae412b-1391-4b0c-ad94-18127dd39aa0@group-3636C80E75D6:LeaderElection22] INFO  impl.LeaderElection (LeaderElection.java:askForVotes(182)) - 57ae412b-1391-4b0c-ad94-18127dd39aa0@group-3636C80E75D6:LeaderElection22: begin an election at term 2 for -1: [763d52db-3808-40b7-9749-d7ff45e81d9a:192.168.34.38:36181, 05e06da0-1d3a-4481-ab96-f6b3bccd14af:192.168.34.38:45188, 57ae412b-1391-4b0c-ad94-18127dd39aa0:192.168.34.38:39194], old=null
2019-09-12 13:47:19,940 [92e4cfa5-488b-4a46-94d1-80a7c527ff9a@group-FF9390A4C18C:LeaderElection20] INFO  impl.LeaderElection (LeaderElection.java:logAndReturn(56)) - 92e4cfa5-488b-4a46-94d1-80a7c527ff9a@group-FF9390A4C18C:LeaderElection20: Election PASSED; received 1 response(s) [92e4cfa5-488b-4a46-94d1-80a7c527ff9a<-6ac4bcf8-6973-4d27-bc88-57130dead3af#0:OK-t2] and 0 exception(s); 92e4cfa5-488b-4a46-94d1-80a7c527ff9a@group-FF9390A4C18C:t2, leader=null, voted=92e4cfa5-488b-4a46-94d1-80a7c527ff9a, raftlog=92e4cfa5-488b-4a46-94d1-80a7c527ff9a@group-FF9390A4C18C-SegmentedRaftLog:OPENED:c-1,f-1,i0, conf=-1: [6ac4bcf8-6973-4d27-bc88-57130dead3af:192.168.34.38:43308, 3ef341d8-3296-48d4-9b49-005c11ca2b71:192.168.34.38:43198, 92e4cfa5-488b-4a46-94d1-80a7c527ff9a:192.168.34.38:36780], old=null
2019-09-12 13:47:19,941 [92e4cfa5-488b-4a46-94d1-80a7c527ff9a@group-FF9390A4C18C:LeaderElection20] INFO  impl.RoleInfo (RoleInfo.java:shutdownLeaderElection(134)) - 92e4cfa5-488b-4a46-94d1-80a7c527ff9a: shutdown LeaderElection
2019-09-12 13:47:19,945 [Thread-398] INFO  impl.FollowerState (FollowerState.java:run(106)) - 05e06da0-1d3a-4481-ab96-f6b3bccd14af:group-3636C80E75D6 changes to CANDIDATE, lastRpcTime:1094, electionTimeout:1094ms
2019-09-12 13:47:19,949 [Thread-398] INFO  impl.RoleInfo (RoleInfo.java:shutdownFollowerState(121)) - 05e06da0-1d3a-4481-ab96-f6b3bccd14af: shutdown FollowerState
2019-09-12 13:47:19,949 [92e4cfa5-488b-4a46-94d1-80a7c527ff9a@group-FF9390A4C18C:LeaderElection20] INFO  impl.RaftServerImpl (RaftServerImpl.java:setRole(174)) - 92e4cfa5-488b-4a46-94d1-80a7c527ff9a@group-FF9390A4C18C: changes role from CANDIDATE to LEADER at term 2 for changeToLeader
2019-09-12 13:47:19,949 [Thread-398] INFO  impl.RaftServerImpl (RaftServerImpl.java:setRole(174)) - 05e06da0-1d3a-4481-ab96-f6b3bccd14af@group-3636C80E75D6: changes role from  FOLLOWER to CANDIDATE at term 1 for changeToCandidate
2019-09-12 13:47:19,949 [grpc-default-executor-3] INFO  impl.RaftServerImpl (RaftServerImpl.java:setRole(174)) - 7dd3d51f-7703-47e1-b378-11db862d4d4b@group-411631934A30: changes role from  FOLLOWER to FOLLOWER at term 2 for recognizeCandidate:eb4af5da-c929-4f10-b53e-ce7f20abad1a
2019-09-12 13:47:19,949 [92e4cfa5-488b-4a46-94d1-80a7c527ff9a@group-FF9390A4C18C:LeaderElection20] INFO  impl.RaftServerImpl (ServerState.java:setLeader(253)) - 92e4cfa5-488b-4a46-94d1-80a7c527ff9a@group-FF9390A4C18C: change Leader from null to 92e4cfa5-488b-4a46-94d1-80a7c527ff9a at term 2 for becomeLeader, leader elected after 2963ms
2019-09-12 13:47:19,950 [grpc-default-executor-3] INFO  impl.RoleInfo (RoleInfo.java:shutdownFollowerState(121)) - 7dd3d51f-7703-47e1-b378-11db862d4d4b: shutdown FollowerState
2019-09-12 13:47:19,950 [Thread-398] INFO  impl.RoleInfo (RoleInfo.java:updateAndGet(143)) - 05e06da0-1d3a-4481-ab96-f6b3bccd14af: start LeaderElection
2019-09-12 13:47:19,950 [Thread-395] INFO  impl.FollowerState (FollowerState.java:run(115)) - 7dd3d51f-7703-47e1-b378-11db862d4d4b: FollowerState was interrupted: java.lang.InterruptedException: sleep interrupted
2019-09-12 13:47:19,950 [grpc-default-executor-3] INFO  impl.RoleInfo (RoleInfo.java:updateAndGet(143)) - 7dd3d51f-7703-47e1-b378-11db862d4d4b: start FollowerState
2019-09-12 13:47:19,950 [92e4cfa5-488b-4a46-94d1-80a7c527ff9a@group-FF9390A4C18C:LeaderElection20] INFO  server.RaftServerConfigKeys (ConfUtils.java:logGet(43)) - raft.server.staging.catchup.gap = 1000 (default)
2019-09-12 13:47:19,951 [92e4cfa5-488b-4a46-94d1-80a7c527ff9a@group-FF9390A4C18C:LeaderElection20] INFO  server.RaftServerConfigKeys (ConfUtils.java:logGet(43)) - raft.server.rpc.sleep.time = 25ms (default)
2019-09-12 13:47:19,951 [92e4cfa5-488b-4a46-94d1-80a7c527ff9a@group-FF9390A4C18C:LeaderElection20] INFO  server.RaftServerConfigKeys (ConfUtils.java:logGet(43)) - raft.server.write.element-limit = 4096 (default)
2019-09-12 13:47:19,951 [92e4cfa5-488b-4a46-94d1-80a7c527ff9a@group-FF9390A4C18C:LeaderElection20] INFO  server.RaftServerConfigKeys (ConfUtils.java:logGet(43)) - raft.server.watch.timeout = 10s (default)
2019-09-12 13:47:19,952 [grpc-default-executor-1] INFO  impl.RaftServerImpl (RaftServerImpl.java:setRole(174)) - 763d52db-3808-40b7-9749-d7ff45e81d9a@group-3636C80E75D6: changes role from  FOLLOWER to FOLLOWER at term 2 for recognizeCandidate:57ae412b-1391-4b0c-ad94-18127dd39aa0
2019-09-12 13:47:19,952 [92e4cfa5-488b-4a46-94d1-80a7c527ff9a@group-FF9390A4C18C:LeaderElection20] INFO  server.RaftServerConfigKeys (ConfUtils.java:logGet(43)) - raft.server.watch.timeout.denomination = 1s (default)
2019-09-12 13:47:19,952 [grpc-default-executor-1] INFO  impl.RoleInfo (RoleInfo.java:shutdownFollowerState(121)) - 763d52db-3808-40b7-9749-d7ff45e81d9a: shutdown FollowerState
2019-09-12 13:47:19,952 [92e4cfa5-488b-4a46-94d1-80a7c527ff9a@group-FF9390A4C18C:LeaderElection20] INFO  server.RaftServerConfigKeys (ConfUtils.java:logGet(43)) - raft.server.watch.element-limit = 65536 (default)
2019-09-12 13:47:19,952 [grpc-default-executor-2] INFO  impl.RaftServerImpl (RaftServerImpl.java:setRole(174)) - 76a15b5a-6854-49a0-8818-73e3745045ae@group-411631934A30: changes role from  FOLLOWER to FOLLOWER at term 2 for recognizeCandidate:eb4af5da-c929-4f10-b53e-ce7f20abad1a
2019-09-12 13:47:19,952 [grpc-default-executor-1] INFO  impl.RoleInfo (RoleInfo.java:updateAndGet(143)) - 763d52db-3808-40b7-9749-d7ff45e81d9a: start FollowerState
2019-09-12 13:47:19,952 [Thread-401] INFO  impl.FollowerState (FollowerState.java:run(115)) - 763d52db-3808-40b7-9749-d7ff45e81d9a: FollowerState was interrupted: java.lang.InterruptedException: sleep interrupted
2019-09-12 13:47:19,953 [grpc-default-executor-2] INFO  impl.RoleInfo (RoleInfo.java:shutdownFollowerState(121)) - 76a15b5a-6854-49a0-8818-73e3745045ae: shutdown FollowerState
2019-09-12 13:47:19,953 [grpc-default-executor-2] INFO  impl.RoleInfo (RoleInfo.java:updateAndGet(143)) - 76a15b5a-6854-49a0-8818-73e3745045ae: start FollowerState
2019-09-12 13:47:19,953 [Thread-396] INFO  impl.FollowerState (FollowerState.java:run(115)) - 76a15b5a-6854-49a0-8818-73e3745045ae: FollowerState was interrupted: java.lang.InterruptedException: sleep interrupted
2019-09-12 13:47:19,960 [92e4cfa5-488b-4a46-94d1-80a7c527ff9a@group-FF9390A4C18C:LeaderElection20] INFO  server.RaftServerConfigKeys (ConfUtils.java:logGet(43)) - raft.server.log.appender.snapshot.chunk.size.max = 16MB (=16777216) (default)
2019-09-12 13:47:19,960 [92e4cfa5-488b-4a46-94d1-80a7c527ff9a@group-FF9390A4C18C:LeaderElection20] INFO  server.RaftServerConfigKeys (ConfUtils.java:logGet(43)) - raft.server.log.appender.buffer.byte-limit = 33554432 (custom)
2019-09-12 13:47:19,961 [92e4cfa5-488b-4a46-94d1-80a7c527ff9a@group-FF9390A4C18C:LeaderElection20] INFO  server.RaftServerConfigKeys (ConfUtils.java:logGet(43)) - raft.server.log.appender.buffer.element-limit = 1 (custom)
2019-09-12 13:47:19,965 [92e4cfa5-488b-4a46-94d1-80a7c527ff9a@group-FF9390A4C18C:LeaderElection20] INFO  grpc.GrpcConfigKeys$Server (ConfUtils.java:logGet(43)) - raft.grpc.server.leader.outstanding.appends.max = 128 (default)
2019-09-12 13:47:19,965 [92e4cfa5-488b-4a46-94d1-80a7c527ff9a@group-FF9390A4C18C:LeaderElection20] INFO  server.RaftServerConfigKeys (ConfUtils.java:logGet(43)) - raft.server.rpc.request.timeout = 3000ms (default)
2019-09-12 13:47:19,965 [92e4cfa5-488b-4a46-94d1-80a7c527ff9a@group-FF9390A4C18C:LeaderElection20] INFO  server.RaftServerConfigKeys (ConfUtils.java:logGet(43)) - raft.server.log.appender.install.snapshot.enabled = false (custom)
2019-09-12 13:47:19,966 [92e4cfa5-488b-4a46-94d1-80a7c527ff9a@group-FF9390A4C18C:LeaderElection20] INFO  server.RaftServerConfigKeys (ConfUtils.java:logGet(43)) - raft.server.log.appender.snapshot.chunk.size.max = 16MB (=16777216) (default)
2019-09-12 13:47:19,967 [92e4cfa5-488b-4a46-94d1-80a7c527ff9a@group-FF9390A4C18C:LeaderElection20] INFO  server.RaftServerConfigKeys (ConfUtils.java:logGet(43)) - raft.server.log.appender.buffer.byte-limit = 33554432 (custom)
2019-09-12 13:47:19,967 [92e4cfa5-488b-4a46-94d1-80a7c527ff9a@group-FF9390A4C18C:LeaderElection20] INFO  server.RaftServerConfigKeys (ConfUtils.java:logGet(43)) - raft.server.log.appender.buffer.element-limit = 1 (custom)
2019-09-12 13:47:19,967 [92e4cfa5-488b-4a46-94d1-80a7c527ff9a@group-FF9390A4C18C:LeaderElection20] INFO  grpc.GrpcConfigKeys$Server (ConfUtils.java:logGet(43)) - raft.grpc.server.leader.outstanding.appends.max = 128 (default)
2019-09-12 13:47:19,967 [92e4cfa5-488b-4a46-94d1-80a7c527ff9a@group-FF9390A4C18C:LeaderElection20] INFO  server.RaftServerConfigKeys (ConfUtils.java:logGet(43)) - raft.server.rpc.request.timeout = 3000ms (default)
2019-09-12 13:47:19,967 [92e4cfa5-488b-4a46-94d1-80a7c527ff9a@group-FF9390A4C18C:LeaderElection20] INFO  server.RaftServerConfigKeys (ConfUtils.java:logGet(43)) - raft.server.log.appender.install.snapshot.enabled = false (custom)
2019-09-12 13:47:19,969 [92e4cfa5-488b-4a46-94d1-80a7c527ff9a@group-FF9390A4C18C:LeaderElection20] INFO  impl.RoleInfo (RoleInfo.java:updateAndGet(143)) - 92e4cfa5-488b-4a46-94d1-80a7c527ff9a: start LeaderState
2019-09-12 13:47:19,969 [92e4cfa5-488b-4a46-94d1-80a7c527ff9a@group-FF9390A4C18C:LeaderElection20] INFO  segmented.SegmentedRaftLogWorker (SegmentedRaftLogWorker.java:startLogSegment(380)) - 92e4cfa5-488b-4a46-94d1-80a7c527ff9a@group-FF9390A4C18C-SegmentedRaftLogWorker: Starting segment from index:0
2019-09-12 13:47:19,970 [92e4cfa5-488b-4a46-94d1-80a7c527ff9a@group-FF9390A4C18C:LeaderElection20] INFO  impl.RaftServerImpl (ServerState.java:setRaftConf(354)) - 92e4cfa5-488b-4a46-94d1-80a7c527ff9a@group-FF9390A4C18C: set configuration 0: [6ac4bcf8-6973-4d27-bc88-57130dead3af:192.168.34.38:43308, 3ef341d8-3296-48d4-9b49-005c11ca2b71:192.168.34.38:43198, 92e4cfa5-488b-4a46-94d1-80a7c527ff9a:192.168.34.38:36780], old=null at 0
2019-09-12 13:47:19,977 [05e06da0-1d3a-4481-ab96-f6b3bccd14af@group-3636C80E75D6:LeaderElection23] INFO  impl.LeaderElection (LeaderElection.java:askForVotes(182)) - 05e06da0-1d3a-4481-ab96-f6b3bccd14af@group-3636C80E75D6:LeaderElection23: begin an election at term 2 for -1: [763d52db-3808-40b7-9749-d7ff45e81d9a:192.168.34.38:36181, 05e06da0-1d3a-4481-ab96-f6b3bccd14af:192.168.34.38:45188, 57ae412b-1391-4b0c-ad94-18127dd39aa0:192.168.34.38:39194], old=null
2019-09-12 13:47:19,980 [eb4af5da-c929-4f10-b53e-ce7f20abad1a@group-411631934A30:LeaderElection21] INFO  impl.LeaderElection (LeaderElection.java:logAndReturn(56)) - eb4af5da-c929-4f10-b53e-ce7f20abad1a@group-411631934A30:LeaderElection21: Election PASSED; received 1 response(s) [eb4af5da-c929-4f10-b53e-ce7f20abad1a<-76a15b5a-6854-49a0-8818-73e3745045ae#0:OK-t2] and 0 exception(s); eb4af5da-c929-4f10-b53e-ce7f20abad1a@group-411631934A30:t2, leader=null, voted=eb4af5da-c929-4f10-b53e-ce7f20abad1a, raftlog=eb4af5da-c929-4f10-b53e-ce7f20abad1a@group-411631934A30-SegmentedRaftLog:OPENED:c-1,f-1,i0, conf=-1: [eb4af5da-c929-4f10-b53e-ce7f20abad1a:192.168.34.38:38959, 7dd3d51f-7703-47e1-b378-11db862d4d4b:192.168.34.38:36691, 76a15b5a-6854-49a0-8818-73e3745045ae:192.168.34.38:41160], old=null
2019-09-12 13:47:19,980 [eb4af5da-c929-4f10-b53e-ce7f20abad1a@group-411631934A30:LeaderElection21] INFO  impl.RoleInfo (RoleInfo.java:shutdownLeaderElection(134)) - eb4af5da-c929-4f10-b53e-ce7f20abad1a: shutdown LeaderElection
2019-09-12 13:47:20,015 [eb4af5da-c929-4f10-b53e-ce7f20abad1a@group-411631934A30:LeaderElection21] INFO  impl.RaftServerImpl (RaftServerImpl.java:setRole(174)) - eb4af5da-c929-4f10-b53e-ce7f20abad1a@group-411631934A30: changes role from CANDIDATE to LEADER at term 2 for changeToLeader
2019-09-12 13:47:20,015 [eb4af5da-c929-4f10-b53e-ce7f20abad1a@group-411631934A30:LeaderElection21] INFO  impl.RaftServerImpl (ServerState.java:setLeader(253)) - eb4af5da-c929-4f10-b53e-ce7f20abad1a@group-411631934A30: change Leader from null to eb4af5da-c929-4f10-b53e-ce7f20abad1a at term 2 for becomeLeader, leader elected after 2859ms
2019-09-12 13:47:20,016 [eb4af5da-c929-4f10-b53e-ce7f20abad1a@group-411631934A30:LeaderElection21] INFO  server.RaftServerConfigKeys (ConfUtils.java:logGet(43)) - raft.server.staging.catchup.gap = 1000 (default)
2019-09-12 13:47:20,021 [eb4af5da-c929-4f10-b53e-ce7f20abad1a@group-411631934A30:LeaderElection21] INFO  server.RaftServerConfigKeys (ConfUtils.java:logGet(43)) - raft.server.rpc.sleep.time = 25ms (default)
2019-09-12 13:47:20,022 [eb4af5da-c929-4f10-b53e-ce7f20abad1a@group-411631934A30:LeaderElection21] INFO  server.RaftServerConfigKeys (ConfUtils.java:logGet(43)) - raft.server.write.element-limit = 4096 (default)
2019-09-12 13:47:20,022 [eb4af5da-c929-4f10-b53e-ce7f20abad1a@group-411631934A30:LeaderElection21] INFO  server.RaftServerConfigKeys (ConfUtils.java:logGet(43)) - raft.server.watch.timeout = 10s (default)
2019-09-12 13:47:20,022 [eb4af5da-c929-4f10-b53e-ce7f20abad1a@group-411631934A30:LeaderElection21] INFO  server.RaftServerConfigKeys (ConfUtils.java:logGet(43)) - raft.server.watch.timeout.denomination = 1s (default)
2019-09-12 13:47:20,022 [57ae412b-1391-4b0c-ad94-18127dd39aa0@group-3636C80E75D6:LeaderElection22] INFO  impl.LeaderElection (LeaderElection.java:logAndReturn(56)) - 57ae412b-1391-4b0c-ad94-18127dd39aa0@group-3636C80E75D6:LeaderElection22: Election PASSED; received 1 response(s) [57ae412b-1391-4b0c-ad94-18127dd39aa0<-763d52db-3808-40b7-9749-d7ff45e81d9a#0:OK-t2] and 0 exception(s); 57ae412b-1391-4b0c-ad94-18127dd39aa0@group-3636C80E75D6:t2, leader=null, voted=57ae412b-1391-4b0c-ad94-18127dd39aa0, raftlog=57ae412b-1391-4b0c-ad94-18127dd39aa0@group-3636C80E75D6-SegmentedRaftLog:OPENED:c-1,f-1,i0, conf=-1: [763d52db-3808-40b7-9749-d7ff45e81d9a:192.168.34.38:36181, 05e06da0-1d3a-4481-ab96-f6b3bccd14af:192.168.34.38:45188, 57ae412b-1391-4b0c-ad94-18127dd39aa0:192.168.34.38:39194], old=null
2019-09-12 13:47:20,022 [eb4af5da-c929-4f10-b53e-ce7f20abad1a@group-411631934A30:LeaderElection21] INFO  server.RaftServerConfigKeys (ConfUtils.java:logGet(43)) - raft.server.watch.element-limit = 65536 (default)
2019-09-12 13:47:20,025 [57ae412b-1391-4b0c-ad94-18127dd39aa0@group-3636C80E75D6:LeaderElection22] INFO  impl.RoleInfo (RoleInfo.java:shutdownLeaderElection(134)) - 57ae412b-1391-4b0c-ad94-18127dd39aa0: shutdown LeaderElection
2019-09-12 13:47:20,028 [92e4cfa5-488b-4a46-94d1-80a7c527ff9a@group-FF9390A4C18C-SegmentedRaftLogWorker] INFO  segmented.SegmentedRaftLogWorker (SegmentedRaftLogWorker.java:execute(569)) - 92e4cfa5-488b-4a46-94d1-80a7c527ff9a@group-FF9390A4C18C-SegmentedRaftLogWorker: created new log segment /workdir/hadoop-ozone/integration-test/target/test-dir/MiniOzoneClusterImpl-98ba6956-8e51-4dc7-be59-62a375280f0b/datanode-4/data/ratis/14334f41-af10-4df4-81be-ff9390a4c18c/current/log_inprogress_0
2019-09-12 13:47:20,031 [57ae412b-1391-4b0c-ad94-18127dd39aa0@group-3636C80E75D6:LeaderElection22] INFO  impl.RaftServerImpl (RaftServerImpl.java:setRole(174)) - 57ae412b-1391-4b0c-ad94-18127dd39aa0@group-3636C80E75D6: changes role from CANDIDATE to LEADER at term 2 for changeToLeader
2019-09-12 13:47:20,034 [57ae412b-1391-4b0c-ad94-18127dd39aa0@group-3636C80E75D6:LeaderElection22] INFO  impl.RaftServerImpl (ServerState.java:setLeader(253)) - 57ae412b-1391-4b0c-ad94-18127dd39aa0@group-3636C80E75D6: change Leader from null to 57ae412b-1391-4b0c-ad94-18127dd39aa0 at term 2 for becomeLeader, leader elected after 2734ms
2019-09-12 13:47:20,035 [57ae412b-1391-4b0c-ad94-18127dd39aa0@group-3636C80E75D6:LeaderElection22] INFO  server.RaftServerConfigKeys (ConfUtils.java:logGet(43)) - raft.server.staging.catchup.gap = 1000 (default)
2019-09-12 13:47:20,035 [57ae412b-1391-4b0c-ad94-18127dd39aa0@group-3636C80E75D6:LeaderElection22] INFO  server.RaftServerConfigKeys (ConfUtils.java:logGet(43)) - raft.server.rpc.sleep.time = 25ms (default)
2019-09-12 13:47:20,035 [57ae412b-1391-4b0c-ad94-18127dd39aa0@group-3636C80E75D6:LeaderElection22] INFO  server.RaftServerConfigKeys (ConfUtils.java:logGet(43)) - raft.server.write.element-limit = 4096 (default)
2019-09-12 13:47:20,035 [57ae412b-1391-4b0c-ad94-18127dd39aa0@group-3636C80E75D6:LeaderElection22] INFO  server.RaftServerConfigKeys (ConfUtils.java:logGet(43)) - raft.server.watch.timeout = 10s (default)
2019-09-12 13:47:20,035 [57ae412b-1391-4b0c-ad94-18127dd39aa0@group-3636C80E75D6:LeaderElection22] INFO  server.RaftServerConfigKeys (ConfUtils.java:logGet(43)) - raft.server.watch.timeout.denomination = 1s (default)
2019-09-12 13:47:20,036 [57ae412b-1391-4b0c-ad94-18127dd39aa0@group-3636C80E75D6:LeaderElection22] INFO  server.RaftServerConfigKeys (ConfUtils.java:logGet(43)) - raft.server.watch.element-limit = 65536 (default)
2019-09-12 13:47:20,038 [eb4af5da-c929-4f10-b53e-ce7f20abad1a@group-411631934A30:LeaderElection21] INFO  server.RaftServerConfigKeys (ConfUtils.java:logGet(43)) - raft.server.log.appender.snapshot.chunk.size.max = 16MB (=16777216) (default)
2019-09-12 13:47:20,038 [eb4af5da-c929-4f10-b53e-ce7f20abad1a@group-411631934A30:LeaderElection21] INFO  server.RaftServerConfigKeys (ConfUtils.java:logGet(43)) - raft.server.log.appender.buffer.byte-limit = 33554432 (custom)
2019-09-12 13:47:20,038 [eb4af5da-c929-4f10-b53e-ce7f20abad1a@group-411631934A30:LeaderElection21] INFO  server.RaftServerConfigKeys (ConfUtils.java:logGet(43)) - raft.server.log.appender.buffer.element-limit = 1 (custom)
2019-09-12 13:47:20,039 [eb4af5da-c929-4f10-b53e-ce7f20abad1a@group-411631934A30:LeaderElection21] INFO  grpc.GrpcConfigKeys$Server (ConfUtils.java:logGet(43)) - raft.grpc.server.leader.outstanding.appends.max = 128 (default)
2019-09-12 13:47:20,042 [57ae412b-1391-4b0c-ad94-18127dd39aa0@group-3636C80E75D6:LeaderElection22] INFO  server.RaftServerConfigKeys (ConfUtils.java:logGet(43)) - raft.server.log.appender.snapshot.chunk.size.max = 16MB (=16777216) (default)
2019-09-12 13:47:20,042 [eb4af5da-c929-4f10-b53e-ce7f20abad1a@group-411631934A30:LeaderElection21] INFO  server.RaftServerConfigKeys (ConfUtils.java:logGet(43)) - raft.server.rpc.request.timeout = 3000ms (default)
2019-09-12 13:47:20,042 [57ae412b-1391-4b0c-ad94-18127dd39aa0@group-3636C80E75D6:LeaderElection22] INFO  server.RaftServerConfigKeys (ConfUtils.java:logGet(43)) - raft.server.log.appender.buffer.byte-limit = 33554432 (custom)
2019-09-12 13:47:20,042 [eb4af5da-c929-4f10-b53e-ce7f20abad1a@group-411631934A30:LeaderElection21] INFO  server.RaftServerConfigKeys (ConfUtils.java:logGet(43)) - raft.server.log.appender.install.snapshot.enabled = false (custom)
2019-09-12 13:47:20,043 [57ae412b-1391-4b0c-ad94-18127dd39aa0@group-3636C80E75D6:LeaderElection22] INFO  server.RaftServerConfigKeys (ConfUtils.java:logGet(43)) - raft.server.log.appender.buffer.element-limit = 1 (custom)
2019-09-12 13:47:20,043 [eb4af5da-c929-4f10-b53e-ce7f20abad1a@group-411631934A30:LeaderElection21] INFO  server.RaftServerConfigKeys (ConfUtils.java:logGet(43)) - raft.server.log.appender.snapshot.chunk.size.max = 16MB (=16777216) (default)
2019-09-12 13:47:20,043 [57ae412b-1391-4b0c-ad94-18127dd39aa0@group-3636C80E75D6:LeaderElection22] INFO  grpc.GrpcConfigKeys$Server (ConfUtils.java:logGet(43)) - raft.grpc.server.leader.outstanding.appends.max = 128 (default)
2019-09-12 13:47:20,043 [eb4af5da-c929-4f10-b53e-ce7f20abad1a@group-411631934A30:LeaderElection21] INFO  server.RaftServerConfigKeys (ConfUtils.java:logGet(43)) - raft.server.log.appender.buffer.byte-limit = 33554432 (custom)
2019-09-12 13:47:20,043 [57ae412b-1391-4b0c-ad94-18127dd39aa0@group-3636C80E75D6:LeaderElection22] INFO  server.RaftServerConfigKeys (ConfUtils.java:logGet(43)) - raft.server.rpc.request.timeout = 3000ms (default)
2019-09-12 13:47:20,044 [eb4af5da-c929-4f10-b53e-ce7f20abad1a@group-411631934A30:LeaderElection21] INFO  server.RaftServerConfigKeys (ConfUtils.java:logGet(43)) - raft.server.log.appender.buffer.element-limit = 1 (custom)
2019-09-12 13:47:20,044 [57ae412b-1391-4b0c-ad94-18127dd39aa0@group-3636C80E75D6:LeaderElection22] INFO  server.RaftServerConfigKeys (ConfUtils.java:logGet(43)) - raft.server.log.appender.install.snapshot.enabled = false (custom)
2019-09-12 13:47:20,044 [eb4af5da-c929-4f10-b53e-ce7f20abad1a@group-411631934A30:LeaderElection21] INFO  grpc.GrpcConfigKeys$Server (ConfUtils.java:logGet(43)) - raft.grpc.server.leader.outstanding.appends.max = 128 (default)
2019-09-12 13:47:20,044 [57ae412b-1391-4b0c-ad94-18127dd39aa0@group-3636C80E75D6:LeaderElection22] INFO  server.RaftServerConfigKeys (ConfUtils.java:logGet(43)) - raft.server.log.appender.snapshot.chunk.size.max = 16MB (=16777216) (default)
2019-09-12 13:47:20,044 [eb4af5da-c929-4f10-b53e-ce7f20abad1a@group-411631934A30:LeaderElection21] INFO  server.RaftServerConfigKeys (ConfUtils.java:logGet(43)) - raft.server.rpc.request.timeout = 3000ms (default)
2019-09-12 13:47:20,045 [57ae412b-1391-4b0c-ad94-18127dd39aa0@group-3636C80E75D6:LeaderElection22] INFO  server.RaftServerConfigKeys (ConfUtils.java:logGet(43)) - raft.server.log.appender.buffer.byte-limit = 33554432 (custom)
2019-09-12 13:47:20,045 [eb4af5da-c929-4f10-b53e-ce7f20abad1a@group-411631934A30:LeaderElection21] INFO  server.RaftServerConfigKeys (ConfUtils.java:logGet(43)) - raft.server.log.appender.install.snapshot.enabled = false (custom)
2019-09-12 13:47:20,045 [57ae412b-1391-4b0c-ad94-18127dd39aa0@group-3636C80E75D6:LeaderElection22] INFO  server.RaftServerConfigKeys (ConfUtils.java:logGet(43)) - raft.server.log.appender.buffer.element-limit = 1 (custom)
2019-09-12 13:47:20,045 [eb4af5da-c929-4f10-b53e-ce7f20abad1a@group-411631934A30:LeaderElection21] INFO  impl.RoleInfo (RoleInfo.java:updateAndGet(143)) - eb4af5da-c929-4f10-b53e-ce7f20abad1a: start LeaderState
2019-09-12 13:47:20,048 [57ae412b-1391-4b0c-ad94-18127dd39aa0@group-3636C80E75D6:LeaderElection22] INFO  grpc.GrpcConfigKeys$Server (ConfUtils.java:logGet(43)) - raft.grpc.server.leader.outstanding.appends.max = 128 (default)
2019-09-12 13:47:20,048 [eb4af5da-c929-4f10-b53e-ce7f20abad1a@group-411631934A30:LeaderElection21] INFO  segmented.SegmentedRaftLogWorker (SegmentedRaftLogWorker.java:startLogSegment(380)) - eb4af5da-c929-4f10-b53e-ce7f20abad1a@group-411631934A30-SegmentedRaftLogWorker: Starting segment from index:0
2019-09-12 13:47:20,049 [57ae412b-1391-4b0c-ad94-18127dd39aa0@group-3636C80E75D6:LeaderElection22] INFO  server.RaftServerConfigKeys (ConfUtils.java:logGet(43)) - raft.server.rpc.request.timeout = 3000ms (default)
2019-09-12 13:47:20,049 [57ae412b-1391-4b0c-ad94-18127dd39aa0@group-3636C80E75D6:LeaderElection22] INFO  server.RaftServerConfigKeys (ConfUtils.java:logGet(43)) - raft.server.log.appender.install.snapshot.enabled = false (custom)
2019-09-12 13:47:20,049 [eb4af5da-c929-4f10-b53e-ce7f20abad1a@group-411631934A30:LeaderElection21] INFO  impl.RaftServerImpl (ServerState.java:setRaftConf(354)) - eb4af5da-c929-4f10-b53e-ce7f20abad1a@group-411631934A30: set configuration 0: [eb4af5da-c929-4f10-b53e-ce7f20abad1a:192.168.34.38:38959, 7dd3d51f-7703-47e1-b378-11db862d4d4b:192.168.34.38:36691, 76a15b5a-6854-49a0-8818-73e3745045ae:192.168.34.38:41160], old=null at 0
2019-09-12 13:47:20,049 [57ae412b-1391-4b0c-ad94-18127dd39aa0@group-3636C80E75D6:LeaderElection22] INFO  impl.RoleInfo (RoleInfo.java:updateAndGet(143)) - 57ae412b-1391-4b0c-ad94-18127dd39aa0: start LeaderState
2019-09-12 13:47:20,079 [57ae412b-1391-4b0c-ad94-18127dd39aa0@group-3636C80E75D6:LeaderElection22] INFO  segmented.SegmentedRaftLogWorker (SegmentedRaftLogWorker.java:startLogSegment(380)) - 57ae412b-1391-4b0c-ad94-18127dd39aa0@group-3636C80E75D6-SegmentedRaftLogWorker: Starting segment from index:0
2019-09-12 13:47:20,085 [grpc-default-executor-2] INFO  impl.RaftServerImpl (ServerState.java:setLeader(253)) - 6ac4bcf8-6973-4d27-bc88-57130dead3af@group-FF9390A4C18C: change Leader from null to 92e4cfa5-488b-4a46-94d1-80a7c527ff9a at term 2 for appendEntries, leader elected after 3100ms
2019-09-12 13:47:20,085 [grpc-default-executor-3] INFO  impl.RaftServerImpl (ServerState.java:setLeader(253)) - 3ef341d8-3296-48d4-9b49-005c11ca2b71@group-FF9390A4C18C: change Leader from null to 92e4cfa5-488b-4a46-94d1-80a7c527ff9a at term 2 for appendEntries, leader elected after 3100ms
2019-09-12 13:47:20,086 [57ae412b-1391-4b0c-ad94-18127dd39aa0@group-3636C80E75D6:LeaderElection22] INFO  impl.RaftServerImpl (ServerState.java:setRaftConf(354)) - 57ae412b-1391-4b0c-ad94-18127dd39aa0@group-3636C80E75D6: set configuration 0: [763d52db-3808-40b7-9749-d7ff45e81d9a:192.168.34.38:36181, 05e06da0-1d3a-4481-ab96-f6b3bccd14af:192.168.34.38:45188, 57ae412b-1391-4b0c-ad94-18127dd39aa0:192.168.34.38:39194], old=null at 0
2019-09-12 13:47:20,120 [eb4af5da-c929-4f10-b53e-ce7f20abad1a@group-411631934A30-SegmentedRaftLogWorker] INFO  segmented.SegmentedRaftLogWorker (SegmentedRaftLogWorker.java:execute(569)) - eb4af5da-c929-4f10-b53e-ce7f20abad1a@group-411631934A30-SegmentedRaftLogWorker: created new log segment /workdir/hadoop-ozone/integration-test/target/test-dir/MiniOzoneClusterImpl-98ba6956-8e51-4dc7-be59-62a375280f0b/datanode-0/data/ratis/dcf32ac8-d859-4fc8-9525-411631934a30/current/log_inprogress_0
2019-09-12 13:47:20,121 [grpc-default-executor-5] INFO  impl.RaftServerImpl (RaftServerImpl.java:requestVote(758)) - 57ae412b-1391-4b0c-ad94-18127dd39aa0@group-3636C80E75D6-   LEADER: Withhold vote from candidate 05e06da0-1d3a-4481-ab96-f6b3bccd14af with term 2. State: leader=57ae412b-1391-4b0c-ad94-18127dd39aa0, term=2, lastRpcElapsed=null
2019-09-12 13:47:20,123 [05e06da0-1d3a-4481-ab96-f6b3bccd14af@group-3636C80E75D6:LeaderElection23] INFO  impl.LeaderElection (LeaderElection.java:logAndReturn(56)) - 05e06da0-1d3a-4481-ab96-f6b3bccd14af@group-3636C80E75D6:LeaderElection23: Election REJECTED; received 2 response(s) [05e06da0-1d3a-4481-ab96-f6b3bccd14af<-763d52db-3808-40b7-9749-d7ff45e81d9a#0:FAIL-t2, 05e06da0-1d3a-4481-ab96-f6b3bccd14af<-57ae412b-1391-4b0c-ad94-18127dd39aa0#0:FAIL-t2] and 0 exception(s); 05e06da0-1d3a-4481-ab96-f6b3bccd14af@group-3636C80E75D6:t2, leader=null, voted=05e06da0-1d3a-4481-ab96-f6b3bccd14af, raftlog=05e06da0-1d3a-4481-ab96-f6b3bccd14af@group-3636C80E75D6-SegmentedRaftLog:OPENED:c-1,f-1,i0, conf=-1: [763d52db-3808-40b7-9749-d7ff45e81d9a:192.168.34.38:36181, 05e06da0-1d3a-4481-ab96-f6b3bccd14af:192.168.34.38:45188, 57ae412b-1391-4b0c-ad94-18127dd39aa0:192.168.34.38:39194], old=null
2019-09-12 13:47:20,123 [grpc-default-executor-5] INFO  impl.RaftServerImpl (ServerState.java:setLeader(253)) - 7dd3d51f-7703-47e1-b378-11db862d4d4b@group-411631934A30: change Leader from null to eb4af5da-c929-4f10-b53e-ce7f20abad1a at term 2 for appendEntries, leader elected after 2966ms
2019-09-12 13:47:20,126 [grpc-default-executor-1] INFO  impl.RaftServerImpl (ServerState.java:setLeader(253)) - 763d52db-3808-40b7-9749-d7ff45e81d9a@group-3636C80E75D6: change Leader from null to 57ae412b-1391-4b0c-ad94-18127dd39aa0 at term 2 for appendEntries, leader elected after 2826ms
2019-09-12 13:47:20,123 [05e06da0-1d3a-4481-ab96-f6b3bccd14af@group-3636C80E75D6:LeaderElection23] INFO  impl.RaftServerImpl (RaftServerImpl.java:setRole(174)) - 05e06da0-1d3a-4481-ab96-f6b3bccd14af@group-3636C80E75D6: changes role from CANDIDATE to FOLLOWER at term 2 for DISCOVERED_A_NEW_TERM
2019-09-12 13:47:20,132 [grpc-default-executor-4] INFO  impl.RaftServerImpl (ServerState.java:setLeader(253)) - 76a15b5a-6854-49a0-8818-73e3745045ae@group-411631934A30: change Leader from null to eb4af5da-c929-4f10-b53e-ce7f20abad1a at term 2 for appendEntries, leader elected after 2975ms
2019-09-12 13:47:20,132 [05e06da0-1d3a-4481-ab96-f6b3bccd14af@group-3636C80E75D6:LeaderElection23] INFO  impl.RoleInfo (RoleInfo.java:shutdownLeaderElection(134)) - 05e06da0-1d3a-4481-ab96-f6b3bccd14af: shutdown LeaderElection
2019-09-12 13:47:20,133 [05e06da0-1d3a-4481-ab96-f6b3bccd14af@group-3636C80E75D6:LeaderElection23] INFO  impl.RoleInfo (RoleInfo.java:updateAndGet(143)) - 05e06da0-1d3a-4481-ab96-f6b3bccd14af: start FollowerState
2019-09-12 13:47:20,133 [grpc-default-executor-7] INFO  impl.RaftServerImpl (ServerState.java:setLeader(253)) - 05e06da0-1d3a-4481-ab96-f6b3bccd14af@group-3636C80E75D6: change Leader from null to 57ae412b-1391-4b0c-ad94-18127dd39aa0 at term 2 for appendEntries, leader elected after 2829ms
2019-09-12 13:47:20,135 [57ae412b-1391-4b0c-ad94-18127dd39aa0@group-3636C80E75D6-SegmentedRaftLogWorker] INFO  segmented.SegmentedRaftLogWorker (SegmentedRaftLogWorker.java:execute(569)) - 57ae412b-1391-4b0c-ad94-18127dd39aa0@group-3636C80E75D6-SegmentedRaftLogWorker: created new log segment /workdir/hadoop-ozone/integration-test/target/test-dir/MiniOzoneClusterImpl-98ba6956-8e51-4dc7-be59-62a375280f0b/datanode-7/data/ratis/4c8f1a2d-9002-479d-9c36-3636c80e75d6/current/log_inprogress_0
2019-09-12 13:47:20,167 [grpc-default-executor-3] INFO  impl.RaftServerImpl (ServerState.java:setRaftConf(354)) - 76a15b5a-6854-49a0-8818-73e3745045ae@group-411631934A30: set configuration 0: [eb4af5da-c929-4f10-b53e-ce7f20abad1a:192.168.34.38:38959, 7dd3d51f-7703-47e1-b378-11db862d4d4b:192.168.34.38:36691, 76a15b5a-6854-49a0-8818-73e3745045ae:192.168.34.38:41160], old=null at 0
2019-09-12 13:47:20,168 [grpc-default-executor-4] INFO  impl.RaftServerImpl (ServerState.java:setRaftConf(354)) - 3ef341d8-3296-48d4-9b49-005c11ca2b71@group-FF9390A4C18C: set configuration 0: [6ac4bcf8-6973-4d27-bc88-57130dead3af:192.168.34.38:43308, 3ef341d8-3296-48d4-9b49-005c11ca2b71:192.168.34.38:43198, 92e4cfa5-488b-4a46-94d1-80a7c527ff9a:192.168.34.38:36780], old=null at 0
2019-09-12 13:47:20,168 [grpc-default-executor-3] INFO  segmented.SegmentedRaftLogWorker (SegmentedRaftLogWorker.java:startLogSegment(380)) - 76a15b5a-6854-49a0-8818-73e3745045ae@group-411631934A30-SegmentedRaftLogWorker: Starting segment from index:0
2019-09-12 13:47:20,168 [grpc-default-executor-2] INFO  impl.RaftServerImpl (ServerState.java:setRaftConf(354)) - 7dd3d51f-7703-47e1-b378-11db862d4d4b@group-411631934A30: set configuration 0: [eb4af5da-c929-4f10-b53e-ce7f20abad1a:192.168.34.38:38959, 7dd3d51f-7703-47e1-b378-11db862d4d4b:192.168.34.38:36691, 76a15b5a-6854-49a0-8818-73e3745045ae:192.168.34.38:41160], old=null at 0
2019-09-12 13:47:20,167 [grpc-default-executor-7] INFO  impl.RaftServerImpl (ServerState.java:setRaftConf(354)) - 05e06da0-1d3a-4481-ab96-f6b3bccd14af@group-3636C80E75D6: set configuration 0: [763d52db-3808-40b7-9749-d7ff45e81d9a:192.168.34.38:36181, 05e06da0-1d3a-4481-ab96-f6b3bccd14af:192.168.34.38:45188, 57ae412b-1391-4b0c-ad94-18127dd39aa0:192.168.34.38:39194], old=null at 0
2019-09-12 13:47:20,168 [grpc-default-executor-5] INFO  impl.RaftServerImpl (ServerState.java:setRaftConf(354)) - 6ac4bcf8-6973-4d27-bc88-57130dead3af@group-FF9390A4C18C: set configuration 0: [6ac4bcf8-6973-4d27-bc88-57130dead3af:192.168.34.38:43308, 3ef341d8-3296-48d4-9b49-005c11ca2b71:192.168.34.38:43198, 92e4cfa5-488b-4a46-94d1-80a7c527ff9a:192.168.34.38:36780], old=null at 0
2019-09-12 13:47:20,167 [grpc-default-executor-1] INFO  impl.RaftServerImpl (ServerState.java:setRaftConf(354)) - 763d52db-3808-40b7-9749-d7ff45e81d9a@group-3636C80E75D6: set configuration 0: [763d52db-3808-40b7-9749-d7ff45e81d9a:192.168.34.38:36181, 05e06da0-1d3a-4481-ab96-f6b3bccd14af:192.168.34.38:45188, 57ae412b-1391-4b0c-ad94-18127dd39aa0:192.168.34.38:39194], old=null at 0
2019-09-12 13:47:20,169 [grpc-default-executor-5] INFO  segmented.SegmentedRaftLogWorker (SegmentedRaftLogWorker.java:startLogSegment(380)) - 6ac4bcf8-6973-4d27-bc88-57130dead3af@group-FF9390A4C18C-SegmentedRaftLogWorker: Starting segment from index:0
2019-09-12 13:47:20,169 [grpc-default-executor-7] INFO  segmented.SegmentedRaftLogWorker (SegmentedRaftLogWorker.java:startLogSegment(380)) - 05e06da0-1d3a-4481-ab96-f6b3bccd14af@group-3636C80E75D6-SegmentedRaftLogWorker: Starting segment from index:0
2019-09-12 13:47:20,168 [grpc-default-executor-2] INFO  segmented.SegmentedRaftLogWorker (SegmentedRaftLogWorker.java:startLogSegment(380)) - 7dd3d51f-7703-47e1-b378-11db862d4d4b@group-411631934A30-SegmentedRaftLogWorker: Starting segment from index:0
2019-09-12 13:47:20,168 [grpc-default-executor-4] INFO  segmented.SegmentedRaftLogWorker (SegmentedRaftLogWorker.java:startLogSegment(380)) - 3ef341d8-3296-48d4-9b49-005c11ca2b71@group-FF9390A4C18C-SegmentedRaftLogWorker: Starting segment from index:0
2019-09-12 13:47:20,169 [grpc-default-executor-1] INFO  segmented.SegmentedRaftLogWorker (SegmentedRaftLogWorker.java:startLogSegment(380)) - 763d52db-3808-40b7-9749-d7ff45e81d9a@group-3636C80E75D6-SegmentedRaftLogWorker: Starting segment from index:0
2019-09-12 13:47:20,213 [3ef341d8-3296-48d4-9b49-005c11ca2b71@group-FF9390A4C18C-SegmentedRaftLogWorker] INFO  segmented.SegmentedRaftLogWorker (SegmentedRaftLogWorker.java:execute(569)) - 3ef341d8-3296-48d4-9b49-005c11ca2b71@group-FF9390A4C18C-SegmentedRaftLogWorker: created new log segment /workdir/hadoop-ozone/integration-test/target/test-dir/MiniOzoneClusterImpl-98ba6956-8e51-4dc7-be59-62a375280f0b/datanode-6/data/ratis/14334f41-af10-4df4-81be-ff9390a4c18c/current/log_inprogress_0
2019-09-12 13:47:20,213 [6ac4bcf8-6973-4d27-bc88-57130dead3af@group-FF9390A4C18C-SegmentedRaftLogWorker] INFO  segmented.SegmentedRaftLogWorker (SegmentedRaftLogWorker.java:execute(569)) - 6ac4bcf8-6973-4d27-bc88-57130dead3af@group-FF9390A4C18C-SegmentedRaftLogWorker: created new log segment /workdir/hadoop-ozone/integration-test/target/test-dir/MiniOzoneClusterImpl-98ba6956-8e51-4dc7-be59-62a375280f0b/datanode-2/data/ratis/14334f41-af10-4df4-81be-ff9390a4c18c/current/log_inprogress_0
2019-09-12 13:47:20,213 [05e06da0-1d3a-4481-ab96-f6b3bccd14af@group-3636C80E75D6-SegmentedRaftLogWorker] INFO  segmented.SegmentedRaftLogWorker (SegmentedRaftLogWorker.java:execute(569)) - 05e06da0-1d3a-4481-ab96-f6b3bccd14af@group-3636C80E75D6-SegmentedRaftLogWorker: created new log segment /workdir/hadoop-ozone/integration-test/target/test-dir/MiniOzoneClusterImpl-98ba6956-8e51-4dc7-be59-62a375280f0b/datanode-3/data/ratis/4c8f1a2d-9002-479d-9c36-3636c80e75d6/current/log_inprogress_0
2019-09-12 13:47:20,213 [76a15b5a-6854-49a0-8818-73e3745045ae@group-411631934A30-SegmentedRaftLogWorker] INFO  segmented.SegmentedRaftLogWorker (SegmentedRaftLogWorker.java:execute(569)) - 76a15b5a-6854-49a0-8818-73e3745045ae@group-411631934A30-SegmentedRaftLogWorker: created new log segment /workdir/hadoop-ozone/integration-test/target/test-dir/MiniOzoneClusterImpl-98ba6956-8e51-4dc7-be59-62a375280f0b/datanode-8/data/ratis/dcf32ac8-d859-4fc8-9525-411631934a30/current/log_inprogress_0
2019-09-12 13:47:20,238 [7dd3d51f-7703-47e1-b378-11db862d4d4b@group-411631934A30-SegmentedRaftLogWorker] INFO  segmented.SegmentedRaftLogWorker (SegmentedRaftLogWorker.java:execute(569)) - 7dd3d51f-7703-47e1-b378-11db862d4d4b@group-411631934A30-SegmentedRaftLogWorker: created new log segment /workdir/hadoop-ozone/integration-test/target/test-dir/MiniOzoneClusterImpl-98ba6956-8e51-4dc7-be59-62a375280f0b/datanode-1/data/ratis/dcf32ac8-d859-4fc8-9525-411631934a30/current/log_inprogress_0
2019-09-12 13:47:20,238 [763d52db-3808-40b7-9749-d7ff45e81d9a@group-3636C80E75D6-SegmentedRaftLogWorker] INFO  segmented.SegmentedRaftLogWorker (SegmentedRaftLogWorker.java:execute(569)) - 763d52db-3808-40b7-9749-d7ff45e81d9a@group-3636C80E75D6-SegmentedRaftLogWorker: created new log segment /workdir/hadoop-ozone/integration-test/target/test-dir/MiniOzoneClusterImpl-98ba6956-8e51-4dc7-be59-62a375280f0b/datanode-5/data/ratis/4c8f1a2d-9002-479d-9c36-3636c80e75d6/current/log_inprogress_0
2019-09-12 13:47:20,319 [grpc-default-executor-7] INFO  client.GrpcClientProtocolClient (GrpcClientProtocolClient.java:onNext(264)) - client-ECFF5C766FEB->76a15b5a-6854-49a0-8818-73e3745045ae: receive RaftClientReply:client-ECFF5C766FEB->76a15b5a-6854-49a0-8818-73e3745045ae@group-411631934A30, cid=19, FAILED org.apache.ratis.protocol.NotLeaderException: Server 76a15b5a-6854-49a0-8818-73e3745045ae@group-411631934A30 is not the leader eb4af5da-c929-4f10-b53e-ce7f20abad1a:192.168.34.38:38959, logIndex=0, commits[76a15b5a-6854-49a0-8818-73e3745045ae:c0, eb4af5da-c929-4f10-b53e-ce7f20abad1a:c0, 7dd3d51f-7703-47e1-b378-11db862d4d4b:c-1]
2019-09-12 13:47:20,672 [grpc-default-executor-2] INFO  client.GrpcClientProtocolClient (GrpcClientProtocolClient.java:onNext(264)) - client-ECFF5C766FEB->eb4af5da-c929-4f10-b53e-ce7f20abad1a: receive RaftClientReply:client-ECFF5C766FEB->eb4af5da-c929-4f10-b53e-ce7f20abad1a@group-411631934A30, cid=19, SUCCESS, logIndex=1, commits[eb4af5da-c929-4f10-b53e-ce7f20abad1a:c1, 7dd3d51f-7703-47e1-b378-11db862d4d4b:c0, 76a15b5a-6854-49a0-8818-73e3745045ae:c0]
2019-09-12 13:47:20,819 [grpc-default-executor-7] INFO  client.GrpcClientProtocolClient (GrpcClientProtocolClient.java:onNext(264)) - client-ECFF5C766FEB->eb4af5da-c929-4f10-b53e-ce7f20abad1a: receive RaftClientReply:client-ECFF5C766FEB->eb4af5da-c929-4f10-b53e-ce7f20abad1a@group-411631934A30, cid=20, SUCCESS, logIndex=3, commits[eb4af5da-c929-4f10-b53e-ce7f20abad1a:c8, 7dd3d51f-7703-47e1-b378-11db862d4d4b:c5, 76a15b5a-6854-49a0-8818-73e3745045ae:c5]
2019-09-12 13:47:20,827 [grpc-default-executor-7] INFO  client.GrpcClientProtocolClient (GrpcClientProtocolClient.java:onNext(264)) - client-ECFF5C766FEB->eb4af5da-c929-4f10-b53e-ce7f20abad1a: receive RaftClientReply:client-ECFF5C766FEB->eb4af5da-c929-4f10-b53e-ce7f20abad1a@group-411631934A30, cid=21, SUCCESS, logIndex=4, commits[eb4af5da-c929-4f10-b53e-ce7f20abad1a:c8, 7dd3d51f-7703-47e1-b378-11db862d4d4b:c5, 76a15b5a-6854-49a0-8818-73e3745045ae:c5]
2019-09-12 13:47:20,840 [grpc-default-executor-7] INFO  client.GrpcClientProtocolClient (GrpcClientProtocolClient.java:onNext(264)) - client-ECFF5C766FEB->eb4af5da-c929-4f10-b53e-ce7f20abad1a: receive RaftClientReply:client-ECFF5C766FEB->eb4af5da-c929-4f10-b53e-ce7f20abad1a@group-411631934A30, cid=22, SUCCESS, logIndex=5, commits[eb4af5da-c929-4f10-b53e-ce7f20abad1a:c8, 7dd3d51f-7703-47e1-b378-11db862d4d4b:c5, 76a15b5a-6854-49a0-8818-73e3745045ae:c5]
2019-09-12 13:47:20,895 [grpc-default-executor-7] INFO  client.GrpcClientProtocolClient (GrpcClientProtocolClient.java:onNext(264)) - client-ECFF5C766FEB->eb4af5da-c929-4f10-b53e-ce7f20abad1a: receive RaftClientReply:client-ECFF5C766FEB->eb4af5da-c929-4f10-b53e-ce7f20abad1a@group-411631934A30, cid=23, SUCCESS, logIndex=9, commits[eb4af5da-c929-4f10-b53e-ce7f20abad1a:c10, 7dd3d51f-7703-47e1-b378-11db862d4d4b:c8, 76a15b5a-6854-49a0-8818-73e3745045ae:c8]
2019-09-12 13:47:20,897 [grpc-default-executor-7] INFO  client.GrpcClientProtocolClient (GrpcClientProtocolClient.java:onNext(264)) - client-ECFF5C766FEB->eb4af5da-c929-4f10-b53e-ce7f20abad1a: receive RaftClientReply:client-ECFF5C766FEB->eb4af5da-c929-4f10-b53e-ce7f20abad1a@group-411631934A30, cid=24, SUCCESS, logIndex=10, commits[eb4af5da-c929-4f10-b53e-ce7f20abad1a:c10, 7dd3d51f-7703-47e1-b378-11db862d4d4b:c8, 76a15b5a-6854-49a0-8818-73e3745045ae:c8]
2019-09-12 13:47:20,907 [grpc-default-executor-4] INFO  client.GrpcClientProtocolClient (GrpcClientProtocolClient.java:onNext(264)) - client-ECFF5C766FEB->eb4af5da-c929-4f10-b53e-ce7f20abad1a: receive RaftClientReply:client-ECFF5C766FEB->eb4af5da-c929-4f10-b53e-ce7f20abad1a@group-411631934A30, cid=25, SUCCESS, logIndex=11, commits[eb4af5da-c929-4f10-b53e-ce7f20abad1a:c12, 7dd3d51f-7703-47e1-b378-11db862d4d4b:c8, 76a15b5a-6854-49a0-8818-73e3745045ae:c8]
2019-09-12 13:47:20,910 [grpc-default-executor-4] INFO  client.GrpcClientProtocolClient (GrpcClientProtocolClient.java:onNext(264)) - client-ECFF5C766FEB->eb4af5da-c929-4f10-b53e-ce7f20abad1a: receive RaftClientReply:client-ECFF5C766FEB->eb4af5da-c929-4f10-b53e-ce7f20abad1a@group-411631934A30, cid=26, SUCCESS, logIndex=12, commits[eb4af5da-c929-4f10-b53e-ce7f20abad1a:c13, 7dd3d51f-7703-47e1-b378-11db862d4d4b:c8, 76a15b5a-6854-49a0-8818-73e3745045ae:c10]
2019-09-12 13:47:20,931 [grpc-default-executor-4] INFO  client.GrpcClientProtocolClient (GrpcClientProtocolClient.java:onNext(264)) - client-ECFF5C766FEB->eb4af5da-c929-4f10-b53e-ce7f20abad1a: receive RaftClientReply:client-ECFF5C766FEB->eb4af5da-c929-4f10-b53e-ce7f20abad1a@group-411631934A30, cid=27, SUCCESS, logIndex=0, commits[eb4af5da-c929-4f10-b53e-ce7f20abad1a:c15, 7dd3d51f-7703-47e1-b378-11db862d4d4b:c12, 76a15b5a-6854-49a0-8818-73e3745045ae:c12]
2019-09-12 13:47:20,936 [grpc-default-executor-4] INFO  client.GrpcClientProtocolClient (GrpcClientProtocolClient.java:onNext(264)) - client-ECFF5C766FEB->eb4af5da-c929-4f10-b53e-ce7f20abad1a: receive RaftClientReply:client-ECFF5C766FEB->eb4af5da-c929-4f10-b53e-ce7f20abad1a@group-411631934A30, cid=28, SUCCESS, logIndex=0, commits[eb4af5da-c929-4f10-b53e-ce7f20abad1a:c16, 7dd3d51f-7703-47e1-b378-11db862d4d4b:c12, 76a15b5a-6854-49a0-8818-73e3745045ae:c12]
2019-09-12 13:47:20,978 [grpc-default-executor-4] INFO  client.GrpcClientProtocolClient (GrpcClientProtocolClient.java:onNext(264)) - client-5AA658B5233C->6ac4bcf8-6973-4d27-bc88-57130dead3af: receive RaftClientReply:client-5AA658B5233C->6ac4bcf8-6973-4d27-bc88-57130dead3af@group-FF9390A4C18C, cid=29, FAILED org.apache.ratis.protocol.NotLeaderException: Server 6ac4bcf8-6973-4d27-bc88-57130dead3af@group-FF9390A4C18C is not the leader 92e4cfa5-488b-4a46-94d1-80a7c527ff9a:192.168.34.38:36780, logIndex=0, commits[6ac4bcf8-6973-4d27-bc88-57130dead3af:c0, 3ef341d8-3296-48d4-9b49-005c11ca2b71:c0, 92e4cfa5-488b-4a46-94d1-80a7c527ff9a:c0]
2019-09-12 13:47:21,189 [grpc-default-executor-7] INFO  client.GrpcClientProtocolClient (GrpcClientProtocolClient.java:onNext(264)) - client-5AA658B5233C->92e4cfa5-488b-4a46-94d1-80a7c527ff9a: receive RaftClientReply:client-5AA658B5233C->92e4cfa5-488b-4a46-94d1-80a7c527ff9a@group-FF9390A4C18C, cid=29, SUCCESS, logIndex=1, commits[92e4cfa5-488b-4a46-94d1-80a7c527ff9a:c1, 6ac4bcf8-6973-4d27-bc88-57130dead3af:c0, 3ef341d8-3296-48d4-9b49-005c11ca2b71:c0]
2019-09-12 13:47:21,298 [grpc-default-executor-7] INFO  client.GrpcClientProtocolClient (GrpcClientProtocolClient.java:onNext(264)) - client-5AA658B5233C->92e4cfa5-488b-4a46-94d1-80a7c527ff9a: receive RaftClientReply:client-5AA658B5233C->92e4cfa5-488b-4a46-94d1-80a7c527ff9a@group-FF9390A4C18C, cid=30, SUCCESS, logIndex=3, commits[92e4cfa5-488b-4a46-94d1-80a7c527ff9a:c8, 6ac4bcf8-6973-4d27-bc88-57130dead3af:c6, 3ef341d8-3296-48d4-9b49-005c11ca2b71:c5]
2019-09-12 13:47:21,299 [grpc-default-executor-7] INFO  client.GrpcClientProtocolClient (GrpcClientProtocolClient.java:onNext(264)) - client-5AA658B5233C->92e4cfa5-488b-4a46-94d1-80a7c527ff9a: receive RaftClientReply:client-5AA658B5233C->92e4cfa5-488b-4a46-94d1-80a7c527ff9a@group-FF9390A4C18C, cid=31, SUCCESS, logIndex=4, commits[92e4cfa5-488b-4a46-94d1-80a7c527ff9a:c8, 6ac4bcf8-6973-4d27-bc88-57130dead3af:c6, 3ef341d8-3296-48d4-9b49-005c11ca2b71:c5]
2019-09-12 13:47:21,373 [grpc-default-executor-7] INFO  client.GrpcClientProtocolClient (GrpcClientProtocolClient.java:onNext(264)) - client-5AA658B5233C->92e4cfa5-488b-4a46-94d1-80a7c527ff9a: receive RaftClientReply:client-5AA658B5233C->92e4cfa5-488b-4a46-94d1-80a7c527ff9a@group-FF9390A4C18C, cid=32, SUCCESS, logIndex=5, commits[92e4cfa5-488b-4a46-94d1-80a7c527ff9a:c8, 6ac4bcf8-6973-4d27-bc88-57130dead3af:c6, 3ef341d8-3296-48d4-9b49-005c11ca2b71:c5]
2019-09-12 13:47:21,406 [grpc-default-executor-7] INFO  client.GrpcClientProtocolClient (GrpcClientProtocolClient.java:onNext(264)) - client-5AA658B5233C->92e4cfa5-488b-4a46-94d1-80a7c527ff9a: receive RaftClientReply:client-5AA658B5233C->92e4cfa5-488b-4a46-94d1-80a7c527ff9a@group-FF9390A4C18C, cid=33, SUCCESS, logIndex=9, commits[92e4cfa5-488b-4a46-94d1-80a7c527ff9a:c10, 6ac4bcf8-6973-4d27-bc88-57130dead3af:c8, 3ef341d8-3296-48d4-9b49-005c11ca2b71:c8]
2019-09-12 13:47:21,408 [grpc-default-executor-7] INFO  client.GrpcClientProtocolClient (GrpcClientProtocolClient.java:onNext(264)) - client-5AA658B5233C->92e4cfa5-488b-4a46-94d1-80a7c527ff9a: receive RaftClientReply:client-5AA658B5233C->92e4cfa5-488b-4a46-94d1-80a7c527ff9a@group-FF9390A4C18C, cid=34, SUCCESS, logIndex=10, commits[92e4cfa5-488b-4a46-94d1-80a7c527ff9a:c10, 6ac4bcf8-6973-4d27-bc88-57130dead3af:c8, 3ef341d8-3296-48d4-9b49-005c11ca2b71:c8]
2019-09-12 13:47:21,437 [grpc-default-executor-4] INFO  client.GrpcClientProtocolClient (GrpcClientProtocolClient.java:onNext(264)) - client-5AA658B5233C->92e4cfa5-488b-4a46-94d1-80a7c527ff9a: receive RaftClientReply:client-5AA658B5233C->92e4cfa5-488b-4a46-94d1-80a7c527ff9a@group-FF9390A4C18C, cid=35, SUCCESS, logIndex=11, commits[92e4cfa5-488b-4a46-94d1-80a7c527ff9a:c12, 6ac4bcf8-6973-4d27-bc88-57130dead3af:c8, 3ef341d8-3296-48d4-9b49-005c11ca2b71:c8]
2019-09-12 13:47:21,440 [grpc-default-executor-4] INFO  client.GrpcClientProtocolClient (GrpcClientProtocolClient.java:onNext(264)) - client-5AA658B5233C->92e4cfa5-488b-4a46-94d1-80a7c527ff9a: receive RaftClientReply:client-5AA658B5233C->92e4cfa5-488b-4a46-94d1-80a7c527ff9a@group-FF9390A4C18C, cid=36, SUCCESS, logIndex=12, commits[92e4cfa5-488b-4a46-94d1-80a7c527ff9a:c14, 6ac4bcf8-6973-4d27-bc88-57130dead3af:c10, 3ef341d8-3296-48d4-9b49-005c11ca2b71:c10]
2019-09-12 13:47:21,457 [grpc-default-executor-4] INFO  client.GrpcClientProtocolClient (GrpcClientProtocolClient.java:onNext(264)) - client-5AA658B5233C->92e4cfa5-488b-4a46-94d1-80a7c527ff9a: receive RaftClientReply:client-5AA658B5233C->92e4cfa5-488b-4a46-94d1-80a7c527ff9a@group-FF9390A4C18C, cid=37, SUCCESS, logIndex=0, commits[92e4cfa5-488b-4a46-94d1-80a7c527ff9a:c16, 6ac4bcf8-6973-4d27-bc88-57130dead3af:c12, 3ef341d8-3296-48d4-9b49-005c11ca2b71:c12]
2019-09-12 13:47:24,471 [java.util.concurrent.ThreadPoolExecutor$Worker@3e3e761f[State = -1, empty queue]] WARN  server.GrpcLogAppender (GrpcLogAppender.java:timeoutAppendRequest(200)) - eb4af5da-c929-4f10-b53e-ce7f20abad1a@group-411631934A30->7dd3d51f-7703-47e1-b378-11db862d4d4b-GrpcLogAppender: appendEntries Timeout, request=eb4af5da-c929-4f10-b53e-ce7f20abad1a->7dd3d51f-7703-47e1-b378-11db862d4d4b#19-t2, previous=(t:2, i:16), leaderCommit=16, initializing? false, entries: size=1, first=(t:2, i:17), STATEMACHINELOGENTRY, client-ECFF5C766FEB, cid=38
2019-09-12 13:47:24,471 [java.util.concurrent.ThreadPoolExecutor$Worker@42a174db[State = -1, empty queue]] WARN  server.GrpcLogAppender (GrpcLogAppender.java:timeoutAppendRequest(200)) - eb4af5da-c929-4f10-b53e-ce7f20abad1a@group-411631934A30->76a15b5a-6854-49a0-8818-73e3745045ae-GrpcLogAppender: appendEntries Timeout, request=eb4af5da-c929-4f10-b53e-ce7f20abad1a->76a15b5a-6854-49a0-8818-73e3745045ae#19-t2, previous=(t:2, i:16), leaderCommit=16, initializing? false, entries: size=1, first=(t:2, i:17), STATEMACHINELOGENTRY, client-ECFF5C766FEB, cid=38
2019-09-12 13:47:24,476 [java.util.concurrent.ThreadPoolExecutor$Worker@3e3e761f[State = -1, empty queue]] WARN  server.GrpcLogAppender (GrpcLogAppender.java:timeoutAppendRequest(200)) - eb4af5da-c929-4f10-b53e-ce7f20abad1a@group-411631934A30->7dd3d51f-7703-47e1-b378-11db862d4d4b-GrpcLogAppender: appendEntries Timeout, request=eb4af5da-c929-4f10-b53e-ce7f20abad1a->7dd3d51f-7703-47e1-b378-11db862d4d4b#20-t2, previous=(t:2, i:17), leaderCommit=16, initializing? false, entries: size=1, first=(t:2, i:18), STATEMACHINELOGENTRY, client-ECFF5C766FEB, cid=39
2019-09-12 13:47:24,479 [java.util.concurrent.ThreadPoolExecutor$Worker@42a174db[State = -1, empty queue]] WARN  server.GrpcLogAppender (GrpcLogAppender.java:timeoutAppendRequest(200)) - eb4af5da-c929-4f10-b53e-ce7f20abad1a@group-411631934A30->76a15b5a-6854-49a0-8818-73e3745045ae-GrpcLogAppender: appendEntries Timeout, request=eb4af5da-c929-4f10-b53e-ce7f20abad1a->76a15b5a-6854-49a0-8818-73e3745045ae#20-t2, previous=(t:2, i:17), leaderCommit=16, initializing? false, entries: size=1, first=(t:2, i:18), STATEMACHINELOGENTRY, client-ECFF5C766FEB, cid=39
2019-09-12 13:47:24,488 [java.util.concurrent.ThreadPoolExecutor$Worker@3e3e761f[State = -1, empty queue]] WARN  server.GrpcLogAppender (GrpcLogAppender.java:timeoutAppendRequest(200)) - eb4af5da-c929-4f10-b53e-ce7f20abad1a@group-411631934A30->7dd3d51f-7703-47e1-b378-11db862d4d4b-GrpcLogAppender: appendEntries Timeout, request=eb4af5da-c929-4f10-b53e-ce7f20abad1a->7dd3d51f-7703-47e1-b378-11db862d4d4b#21-t2, previous=(t:2, i:18), leaderCommit=16, initializing? false, entries: size=1, first=(t:2, i:19), STATEMACHINELOGENTRY, client-ECFF5C766FEB, cid=40
2019-09-12 13:47:24,491 [java.util.concurrent.ThreadPoolExecutor$Worker@42a174db[State = -1, empty queue]] WARN  server.GrpcLogAppender (GrpcLogAppender.java:timeoutAppendRequest(200)) - eb4af5da-c929-4f10-b53e-ce7f20abad1a@group-411631934A30->76a15b5a-6854-49a0-8818-73e3745045ae-GrpcLogAppender: appendEntries Timeout, request=eb4af5da-c929-4f10-b53e-ce7f20abad1a->76a15b5a-6854-49a0-8818-73e3745045ae#21-t2, previous=(t:2, i:18), leaderCommit=16, initializing? false, entries: size=1, first=(t:2, i:19), STATEMACHINELOGENTRY, client-ECFF5C766FEB, cid=40
2019-09-12 13:47:24,493 [java.util.concurrent.ThreadPoolExecutor$Worker@3e3e761f[State = -1, empty queue]] WARN  server.GrpcLogAppender (GrpcLogAppender.java:timeoutAppendRequest(200)) - eb4af5da-c929-4f10-b53e-ce7f20abad1a@group-411631934A30->7dd3d51f-7703-47e1-b378-11db862d4d4b-GrpcLogAppender: appendEntries Timeout, request=eb4af5da-c929-4f10-b53e-ce7f20abad1a->7dd3d51f-7703-47e1-b378-11db862d4d4b#22-t2, previous=(t:2, i:19), leaderCommit=16, initializing? false, entries: size=1, first=(t:2, i:20), STATEMACHINELOGENTRY, client-ECFF5C766FEB, cid=41
2019-09-12 13:47:24,496 [java.util.concurrent.ThreadPoolExecutor$Worker@42a174db[State = -1, empty queue]] WARN  server.GrpcLogAppender (GrpcLogAppender.java:timeoutAppendRequest(200)) - eb4af5da-c929-4f10-b53e-ce7f20abad1a@group-411631934A30->76a15b5a-6854-49a0-8818-73e3745045ae-GrpcLogAppender: appendEntries Timeout, request=eb4af5da-c929-4f10-b53e-ce7f20abad1a->76a15b5a-6854-49a0-8818-73e3745045ae#22-t2, previous=(t:2, i:19), leaderCommit=16, initializing? false, entries: size=1, first=(t:2, i:20), STATEMACHINELOGENTRY, client-ECFF5C766FEB, cid=41
2019-09-12 13:47:24,980 [java.util.concurrent.ThreadPoolExecutor$Worker@42a174db[State = -1, empty queue]] WARN  server.GrpcLogAppender (GrpcLogAppender.java:timeoutAppendRequest(200)) - eb4af5da-c929-4f10-b53e-ce7f20abad1a@group-411631934A30->76a15b5a-6854-49a0-8818-73e3745045ae-GrpcLogAppender: appendEntries Timeout, request=eb4af5da-c929-4f10-b53e-ce7f20abad1a->76a15b5a-6854-49a0-8818-73e3745045ae#23-t2, previous=(t:2, i:20), leaderCommit=16, initializing? false, entries: <empty>
2019-09-12 13:47:24,980 [java.util.concurrent.ThreadPoolExecutor$Worker@3e3e761f[State = -1, empty queue]] WARN  server.GrpcLogAppender (GrpcLogAppender.java:timeoutAppendRequest(200)) - eb4af5da-c929-4f10-b53e-ce7f20abad1a@group-411631934A30->7dd3d51f-7703-47e1-b378-11db862d4d4b-GrpcLogAppender: appendEntries Timeout, request=eb4af5da-c929-4f10-b53e-ce7f20abad1a->7dd3d51f-7703-47e1-b378-11db862d4d4b#23-t2, previous=(t:2, i:20), leaderCommit=16, initializing? false, entries: <empty>
2019-09-12 13:47:25,481 [java.util.concurrent.ThreadPoolExecutor$Worker@42a174db[State = -1, empty queue]] WARN  server.GrpcLogAppender (GrpcLogAppender.java:timeoutAppendRequest(200)) - eb4af5da-c929-4f10-b53e-ce7f20abad1a@group-411631934A30->76a15b5a-6854-49a0-8818-73e3745045ae-GrpcLogAppender: appendEntries Timeout, request=eb4af5da-c929-4f10-b53e-ce7f20abad1a->76a15b5a-6854-49a0-8818-73e3745045ae#24-t2, previous=(t:2, i:20), leaderCommit=16, initializing? false, entries: <empty>
2019-09-12 13:47:25,481 [java.util.concurrent.ThreadPoolExecutor$Worker@3e3e761f[State = -1, empty queue]] WARN  server.GrpcLogAppender (GrpcLogAppender.java:timeoutAppendRequest(200)) - eb4af5da-c929-4f10-b53e-ce7f20abad1a@group-411631934A30->7dd3d51f-7703-47e1-b378-11db862d4d4b-GrpcLogAppender: appendEntries Timeout, request=eb4af5da-c929-4f10-b53e-ce7f20abad1a->7dd3d51f-7703-47e1-b378-11db862d4d4b#24-t2, previous=(t:2, i:20), leaderCommit=16, initializing? false, entries: <empty>
2019-09-12 13:47:25,981 [java.util.concurrent.ThreadPoolExecutor$Worker@3e3e761f[State = -1, empty queue]] WARN  server.GrpcLogAppender (GrpcLogAppender.java:timeoutAppendRequest(200)) - eb4af5da-c929-4f10-b53e-ce7f20abad1a@group-411631934A30->7dd3d51f-7703-47e1-b378-11db862d4d4b-GrpcLogAppender: appendEntries Timeout, request=eb4af5da-c929-4f10-b53e-ce7f20abad1a->7dd3d51f-7703-47e1-b378-11db862d4d4b#25-t2, previous=(t:2, i:20), leaderCommit=16, initializing? false, entries: <empty>
2019-09-12 13:47:25,981 [java.util.concurrent.ThreadPoolExecutor$Worker@42a174db[State = -1, empty queue]] WARN  server.GrpcLogAppender (GrpcLogAppender.java:timeoutAppendRequest(200)) - eb4af5da-c929-4f10-b53e-ce7f20abad1a@group-411631934A30->76a15b5a-6854-49a0-8818-73e3745045ae-GrpcLogAppender: appendEntries Timeout, request=eb4af5da-c929-4f10-b53e-ce7f20abad1a->76a15b5a-6854-49a0-8818-73e3745045ae#25-t2, previous=(t:2, i:20), leaderCommit=16, initializing? false, entries: <empty>
2019-09-12 13:47:26,482 [java.util.concurrent.ThreadPoolExecutor$Worker@42a174db[State = -1, empty queue]] WARN  server.GrpcLogAppender (GrpcLogAppender.java:timeoutAppendRequest(200)) - eb4af5da-c929-4f10-b53e-ce7f20abad1a@group-411631934A30->76a15b5a-6854-49a0-8818-73e3745045ae-GrpcLogAppender: appendEntries Timeout, request=eb4af5da-c929-4f10-b53e-ce7f20abad1a->76a15b5a-6854-49a0-8818-73e3745045ae#26-t2, previous=(t:2, i:20), leaderCommit=16, initializing? false, entries: <empty>
2019-09-12 13:47:26,482 [java.util.concurrent.ThreadPoolExecutor$Worker@3e3e761f[State = -1, empty queue]] WARN  server.GrpcLogAppender (GrpcLogAppender.java:timeoutAppendRequest(200)) - eb4af5da-c929-4f10-b53e-ce7f20abad1a@group-411631934A30->7dd3d51f-7703-47e1-b378-11db862d4d4b-GrpcLogAppender: appendEntries Timeout, request=eb4af5da-c929-4f10-b53e-ce7f20abad1a->7dd3d51f-7703-47e1-b378-11db862d4d4b#26-t2, previous=(t:2, i:20), leaderCommit=16, initializing? false, entries: <empty>
2019-09-12 13:47:26,549 [grpc-default-executor-4] INFO  client.GrpcClientProtocolClient (GrpcClientProtocolClient.java:onNext(264)) - client-ECFF5C766FEB->7dd3d51f-7703-47e1-b378-11db862d4d4b: receive RaftClientReply:client-ECFF5C766FEB->7dd3d51f-7703-47e1-b378-11db862d4d4b@group-411631934A30, cid=38, FAILED org.apache.ratis.protocol.NotLeaderException: Server 7dd3d51f-7703-47e1-b378-11db862d4d4b@group-411631934A30 is not the leader eb4af5da-c929-4f10-b53e-ce7f20abad1a:192.168.34.38:38959, logIndex=0, commits[7dd3d51f-7703-47e1-b378-11db862d4d4b:c16, eb4af5da-c929-4f10-b53e-ce7f20abad1a:c16, 76a15b5a-6854-49a0-8818-73e3745045ae:c16]
2019-09-12 13:47:26,982 [java.util.concurrent.ThreadPoolExecutor$Worker@42a174db[State = -1, empty queue]] WARN  server.GrpcLogAppender (GrpcLogAppender.java:timeoutAppendRequest(200)) - eb4af5da-c929-4f10-b53e-ce7f20abad1a@group-411631934A30->76a15b5a-6854-49a0-8818-73e3745045ae-GrpcLogAppender: appendEntries Timeout, request=eb4af5da-c929-4f10-b53e-ce7f20abad1a->76a15b5a-6854-49a0-8818-73e3745045ae#27-t2, previous=(t:2, i:20), leaderCommit=16, initializing? false, entries: <empty>
2019-09-12 13:47:26,982 [java.util.concurrent.ThreadPoolExecutor$Worker@3e3e761f[State = -1, empty queue]] WARN  server.GrpcLogAppender (GrpcLogAppender.java:timeoutAppendRequest(200)) - eb4af5da-c929-4f10-b53e-ce7f20abad1a@group-411631934A30->7dd3d51f-7703-47e1-b378-11db862d4d4b-GrpcLogAppender: appendEntries Timeout, request=eb4af5da-c929-4f10-b53e-ce7f20abad1a->7dd3d51f-7703-47e1-b378-11db862d4d4b#27-t2, previous=(t:2, i:20), leaderCommit=16, initializing? false, entries: <empty>
2019-09-12 13:47:27,489 [java.util.concurrent.ThreadPoolExecutor$Worker@42a174db[State = -1, empty queue]] WARN  server.GrpcLogAppender (GrpcLogAppender.java:timeoutAppendRequest(200)) - eb4af5da-c929-4f10-b53e-ce7f20abad1a@group-411631934A30->76a15b5a-6854-49a0-8818-73e3745045ae-GrpcLogAppender: appendEntries Timeout, request=eb4af5da-c929-4f10-b53e-ce7f20abad1a->76a15b5a-6854-49a0-8818-73e3745045ae#28-t2, previous=(t:2, i:20), leaderCommit=16, initializing? false, entries: <empty>
2019-09-12 13:47:27,491 [java.util.concurrent.ThreadPoolExecutor$Worker@3e3e761f[State = -1, empty queue]] WARN  server.GrpcLogAppender (GrpcLogAppender.java:timeoutAppendRequest(200)) - eb4af5da-c929-4f10-b53e-ce7f20abad1a@group-411631934A30->7dd3d51f-7703-47e1-b378-11db862d4d4b-GrpcLogAppender: appendEntries Timeout, request=eb4af5da-c929-4f10-b53e-ce7f20abad1a->7dd3d51f-7703-47e1-b378-11db862d4d4b#28-t2, previous=(t:2, i:20), leaderCommit=16, initializing? false, entries: <empty>
2019-09-12 13:47:28,005 [java.util.concurrent.ThreadPoolExecutor$Worker@42a174db[State = -1, empty queue]] WARN  server.GrpcLogAppender (GrpcLogAppender.java:timeoutAppendRequest(200)) - eb4af5da-c929-4f10-b53e-ce7f20abad1a@group-411631934A30->76a15b5a-6854-49a0-8818-73e3745045ae-GrpcLogAppender: appendEntries Timeout, request=eb4af5da-c929-4f10-b53e-ce7f20abad1a->76a15b5a-6854-49a0-8818-73e3745045ae#29-t2, previous=(t:2, i:20), leaderCommit=16, initializing? false, entries: <empty>
2019-09-12 13:47:28,006 [java.util.concurrent.ThreadPoolExecutor$Worker@3e3e761f[State = -1, empty queue]] WARN  server.GrpcLogAppender (GrpcLogAppender.java:timeoutAppendRequest(200)) - eb4af5da-c929-4f10-b53e-ce7f20abad1a@group-411631934A30->7dd3d51f-7703-47e1-b378-11db862d4d4b-GrpcLogAppender: appendEntries Timeout, request=eb4af5da-c929-4f10-b53e-ce7f20abad1a->7dd3d51f-7703-47e1-b378-11db862d4d4b#29-t2, previous=(t:2, i:20), leaderCommit=16, initializing? false, entries: <empty>
2019-09-12 13:47:28,490 [java.util.concurrent.ThreadPoolExecutor$Worker@42a174db[State = -1, empty queue]] WARN  server.GrpcLogAppender (GrpcLogAppender.java:timeoutAppendRequest(200)) - eb4af5da-c929-4f10-b53e-ce7f20abad1a@group-411631934A30->76a15b5a-6854-49a0-8818-73e3745045ae-GrpcLogAppender: appendEntries Timeout, request=eb4af5da-c929-4f10-b53e-ce7f20abad1a->76a15b5a-6854-49a0-8818-73e3745045ae#30-t2, previous=(t:2, i:20), leaderCommit=16, initializing? false, entries: <empty>
2019-09-12 13:47:28,492 [java.util.concurrent.ThreadPoolExecutor$Worker@3e3e761f[State = -1, empty queue]] WARN  server.GrpcLogAppender (GrpcLogAppender.java:timeoutAppendRequest(200)) - eb4af5da-c929-4f10-b53e-ce7f20abad1a@group-411631934A30->7dd3d51f-7703-47e1-b378-11db862d4d4b-GrpcLogAppender: appendEntries Timeout, request=eb4af5da-c929-4f10-b53e-ce7f20abad1a->7dd3d51f-7703-47e1-b378-11db862d4d4b#30-t2, previous=(t:2, i:20), leaderCommit=16, initializing? false, entries: <empty>
2019-09-12 13:47:28,993 [java.util.concurrent.ThreadPoolExecutor$Worker@3e3e761f[State = -1, empty queue]] WARN  server.GrpcLogAppender (GrpcLogAppender.java:timeoutAppendRequest(200)) - eb4af5da-c929-4f10-b53e-ce7f20abad1a@group-411631934A30->7dd3d51f-7703-47e1-b378-11db862d4d4b-GrpcLogAppender: appendEntries Timeout, request=eb4af5da-c929-4f10-b53e-ce7f20abad1a->7dd3d51f-7703-47e1-b378-11db862d4d4b#31-t2, previous=(t:2, i:20), leaderCommit=16, initializing? false, entries: <empty>
2019-09-12 13:47:28,993 [java.util.concurrent.ThreadPoolExecutor$Worker@42a174db[State = -1, empty queue]] WARN  server.GrpcLogAppender (GrpcLogAppender.java:timeoutAppendRequest(200)) - eb4af5da-c929-4f10-b53e-ce7f20abad1a@group-411631934A30->76a15b5a-6854-49a0-8818-73e3745045ae-GrpcLogAppender: appendEntries Timeout, request=eb4af5da-c929-4f10-b53e-ce7f20abad1a->76a15b5a-6854-49a0-8818-73e3745045ae#31-t2, previous=(t:2, i:20), leaderCommit=16, initializing? false, entries: <empty>
2019-09-12 13:47:29,491 [java.util.concurrent.ThreadPoolExecutor$Worker@42a174db[State = -1, empty queue]] WARN  server.GrpcLogAppender (GrpcLogAppender.java:timeoutAppendRequest(200)) - eb4af5da-c929-4f10-b53e-ce7f20abad1a@group-411631934A30->76a15b5a-6854-49a0-8818-73e3745045ae-GrpcLogAppender: appendEntries Timeout, request=eb4af5da-c929-4f10-b53e-ce7f20abad1a->76a15b5a-6854-49a0-8818-73e3745045ae#32-t2, previous=(t:2, i:20), leaderCommit=16, initializing? false, entries: <empty>
2019-09-12 13:47:29,493 [java.util.concurrent.ThreadPoolExecutor$Worker@3e3e761f[State = -1, empty queue]] WARN  server.GrpcLogAppender (GrpcLogAppender.java:timeoutAppendRequest(200)) - eb4af5da-c929-4f10-b53e-ce7f20abad1a@group-411631934A30->7dd3d51f-7703-47e1-b378-11db862d4d4b-GrpcLogAppender: appendEntries Timeout, request=eb4af5da-c929-4f10-b53e-ce7f20abad1a->7dd3d51f-7703-47e1-b378-11db862d4d4b#32-t2, previous=(t:2, i:20), leaderCommit=16, initializing? false, entries: <empty>
2019-09-12 13:47:29,992 [java.util.concurrent.ThreadPoolExecutor$Worker@42a174db[State = -1, empty queue]] WARN  server.GrpcLogAppender (GrpcLogAppender.java:timeoutAppendRequest(200)) - eb4af5da-c929-4f10-b53e-ce7f20abad1a@group-411631934A30->76a15b5a-6854-49a0-8818-73e3745045ae-GrpcLogAppender: appendEntries Timeout, request=eb4af5da-c929-4f10-b53e-ce7f20abad1a->76a15b5a-6854-49a0-8818-73e3745045ae#33-t2, previous=(t:2, i:20), leaderCommit=16, initializing? false, entries: <empty>
2019-09-12 13:47:29,993 [java.util.concurrent.ThreadPoolExecutor$Worker@3e3e761f[State = -1, empty queue]] WARN  server.GrpcLogAppender (GrpcLogAppender.java:timeoutAppendRequest(200)) - eb4af5da-c929-4f10-b53e-ce7f20abad1a@group-411631934A30->7dd3d51f-7703-47e1-b378-11db862d4d4b-GrpcLogAppender: appendEntries Timeout, request=eb4af5da-c929-4f10-b53e-ce7f20abad1a->7dd3d51f-7703-47e1-b378-11db862d4d4b#33-t2, previous=(t:2, i:20), leaderCommit=16, initializing? false, entries: <empty>
2019-09-12 13:47:30,492 [java.util.concurrent.ThreadPoolExecutor$Worker@42a174db[State = -1, empty queue]] WARN  server.GrpcLogAppender (GrpcLogAppender.java:timeoutAppendRequest(200)) - eb4af5da-c929-4f10-b53e-ce7f20abad1a@group-411631934A30->76a15b5a-6854-49a0-8818-73e3745045ae-GrpcLogAppender: appendEntries Timeout, request=eb4af5da-c929-4f10-b53e-ce7f20abad1a->76a15b5a-6854-49a0-8818-73e3745045ae#34-t2, previous=(t:2, i:20), leaderCommit=16, initializing? false, entries: <empty>
2019-09-12 13:47:30,493 [java.util.concurrent.ThreadPoolExecutor$Worker@3e3e761f[State = -1, empty queue]] WARN  server.GrpcLogAppender (GrpcLogAppender.java:timeoutAppendRequest(200)) - eb4af5da-c929-4f10-b53e-ce7f20abad1a@group-411631934A30->7dd3d51f-7703-47e1-b378-11db862d4d4b-GrpcLogAppender: appendEntries Timeout, request=eb4af5da-c929-4f10-b53e-ce7f20abad1a->7dd3d51f-7703-47e1-b378-11db862d4d4b#34-t2, previous=(t:2, i:20), leaderCommit=16, initializing? false, entries: <empty>
2019-09-12 13:47:31,009 [java.util.concurrent.ThreadPoolExecutor$Worker@42a174db[State = -1, empty queue]] WARN  server.GrpcLogAppender (GrpcLogAppender.java:timeoutAppendRequest(200)) - eb4af5da-c929-4f10-b53e-ce7f20abad1a@group-411631934A30->76a15b5a-6854-49a0-8818-73e3745045ae-GrpcLogAppender: appendEntries Timeout, request=eb4af5da-c929-4f10-b53e-ce7f20abad1a->76a15b5a-6854-49a0-8818-73e3745045ae#35-t2, previous=(t:2, i:20), leaderCommit=16, initializing? false, entries: <empty>
2019-09-12 13:47:31,009 [java.util.concurrent.ThreadPoolExecutor$Worker@3e3e761f[State = -1, empty queue]] WARN  server.GrpcLogAppender (GrpcLogAppender.java:timeoutAppendRequest(200)) - eb4af5da-c929-4f10-b53e-ce7f20abad1a@group-411631934A30->7dd3d51f-7703-47e1-b378-11db862d4d4b-GrpcLogAppender: appendEntries Timeout, request=eb4af5da-c929-4f10-b53e-ce7f20abad1a->7dd3d51f-7703-47e1-b378-11db862d4d4b#35-t2, previous=(t:2, i:20), leaderCommit=16, initializing? false, entries: <empty>
2019-09-12 13:47:31,506 [java.util.concurrent.ThreadPoolExecutor$Worker@42a174db[State = -1, empty queue]] WARN  server.GrpcLogAppender (GrpcLogAppender.java:timeoutAppendRequest(200)) - eb4af5da-c929-4f10-b53e-ce7f20abad1a@group-411631934A30->76a15b5a-6854-49a0-8818-73e3745045ae-GrpcLogAppender: appendEntries Timeout, request=eb4af5da-c929-4f10-b53e-ce7f20abad1a->76a15b5a-6854-49a0-8818-73e3745045ae#36-t2, previous=(t:2, i:20), leaderCommit=16, initializing? false, entries: <empty>
2019-09-12 13:47:31,506 [java.util.concurrent.ThreadPoolExecutor$Worker@3e3e761f[State = -1, empty queue]] WARN  server.GrpcLogAppender (GrpcLogAppender.java:timeoutAppendRequest(200)) - eb4af5da-c929-4f10-b53e-ce7f20abad1a@group-411631934A30->7dd3d51f-7703-47e1-b378-11db862d4d4b-GrpcLogAppender: appendEntries Timeout, request=eb4af5da-c929-4f10-b53e-ce7f20abad1a->7dd3d51f-7703-47e1-b378-11db862d4d4b#36-t2, previous=(t:2, i:20), leaderCommit=16, initializing? false, entries: <empty>
2019-09-12 13:47:31,587 [eb4af5da-c929-4f10-b53e-ce7f20abad1a@group-411631934A30-SegmentedRaftLogWorker] WARN  segmented.SegmentedRaftLogWorker (SegmentedRaftLogWorker.java:getFromFuture(90)) - Timeout 0/~
org.apache.ratis.protocol.TimeoutIOException: Timeout 10s: WriteLog:19: (t:2, i:19), STATEMACHINELOGENTRY, client-ECFF5C766FEB, cid=40-writeStateMachineData
	at org.apache.ratis.util.IOUtils.getFromFuture(IOUtils.java:87)
	at org.apache.ratis.server.raftlog.segmented.SegmentedRaftLogWorker$StateMachineDataPolicy.getFromFuture(SegmentedRaftLogWorker.java:87)
	at org.apache.ratis.server.raftlog.segmented.SegmentedRaftLogWorker$WriteLog.execute(SegmentedRaftLogWorker.java:477)
	at org.apache.ratis.server.raftlog.segmented.SegmentedRaftLogWorker.run(SegmentedRaftLogWorker.java:289)
	at java.lang.Thread.run(Thread.java:748)
Caused by: java.util.concurrent.TimeoutException
	at java.util.concurrent.CompletableFuture.timedGet(CompletableFuture.java:1771)
	at java.util.concurrent.CompletableFuture.get(CompletableFuture.java:1915)
	at org.apache.ratis.util.IOUtils.getFromFuture(IOUtils.java:79)
	... 4 more
2019-09-12 13:47:31,587 [7dd3d51f-7703-47e1-b378-11db862d4d4b@group-411631934A30-SegmentedRaftLogWorker] WARN  segmented.SegmentedRaftLogWorker (SegmentedRaftLogWorker.java:getFromFuture(90)) - Timeout 0/~
org.apache.ratis.protocol.TimeoutIOException: Timeout 10s: WriteLog:19: (t:2, i:19), STATEMACHINELOGENTRY, client-ECFF5C766FEB, cid=40-writeStateMachineData
	at org.apache.ratis.util.IOUtils.getFromFuture(IOUtils.java:87)
	at org.apache.ratis.server.raftlog.segmented.SegmentedRaftLogWorker$StateMachineDataPolicy.getFromFuture(SegmentedRaftLogWorker.java:87)
	at org.apache.ratis.server.raftlog.segmented.SegmentedRaftLogWorker$WriteLog.execute(SegmentedRaftLogWorker.java:477)
	at org.apache.ratis.server.raftlog.segmented.SegmentedRaftLogWorker.run(SegmentedRaftLogWorker.java:289)
	at java.lang.Thread.run(Thread.java:748)
Caused by: java.util.concurrent.TimeoutException
	at java.util.concurrent.CompletableFuture.timedGet(CompletableFuture.java:1771)
	at java.util.concurrent.CompletableFuture.get(CompletableFuture.java:1915)
	at org.apache.ratis.util.IOUtils.getFromFuture(IOUtils.java:79)
	... 4 more
2019-09-12 13:47:31,587 [76a15b5a-6854-49a0-8818-73e3745045ae@group-411631934A30-SegmentedRaftLogWorker] WARN  segmented.SegmentedRaftLogWorker (SegmentedRaftLogWorker.java:getFromFuture(90)) - Timeout 0/~
org.apache.ratis.protocol.TimeoutIOException: Timeout 10s: WriteLog:19: (t:2, i:19), STATEMACHINELOGENTRY, client-ECFF5C766FEB, cid=40-writeStateMachineData
	at org.apache.ratis.util.IOUtils.getFromFuture(IOUtils.java:87)
	at org.apache.ratis.server.raftlog.segmented.SegmentedRaftLogWorker$StateMachineDataPolicy.getFromFuture(SegmentedRaftLogWorker.java:87)
	at org.apache.ratis.server.raftlog.segmented.SegmentedRaftLogWorker$WriteLog.execute(SegmentedRaftLogWorker.java:477)
	at org.apache.ratis.server.raftlog.segmented.SegmentedRaftLogWorker.run(SegmentedRaftLogWorker.java:289)
	at java.lang.Thread.run(Thread.java:748)
Caused by: java.util.concurrent.TimeoutException
	at java.util.concurrent.CompletableFuture.timedGet(CompletableFuture.java:1771)
	at java.util.concurrent.CompletableFuture.get(CompletableFuture.java:1915)
	at org.apache.ratis.util.IOUtils.getFromFuture(IOUtils.java:79)
	... 4 more
2019-09-12 13:47:31,619 [grpc-default-executor-1] INFO  client.GrpcClientProtocolClient (GrpcClientProtocolClient.java:onNext(264)) - client-ECFF5C766FEB->7dd3d51f-7703-47e1-b378-11db862d4d4b: receive RaftClientReply:client-ECFF5C766FEB->7dd3d51f-7703-47e1-b378-11db862d4d4b@group-411631934A30, cid=38, FAILED org.apache.ratis.protocol.NotLeaderException: Server 7dd3d51f-7703-47e1-b378-11db862d4d4b@group-411631934A30 is not the leader eb4af5da-c929-4f10-b53e-ce7f20abad1a:192.168.34.38:38959, logIndex=0, commits[7dd3d51f-7703-47e1-b378-11db862d4d4b:c16, eb4af5da-c929-4f10-b53e-ce7f20abad1a:c16, 76a15b5a-6854-49a0-8818-73e3745045ae:c16]
2019-09-12 13:47:32,007 [java.util.concurrent.ThreadPoolExecutor$Worker@3e3e761f[State = -1, empty queue]] WARN  server.GrpcLogAppender (GrpcLogAppender.java:timeoutAppendRequest(200)) - eb4af5da-c929-4f10-b53e-ce7f20abad1a@group-411631934A30->7dd3d51f-7703-47e1-b378-11db862d4d4b-GrpcLogAppender: appendEntries Timeout, request=eb4af5da-c929-4f10-b53e-ce7f20abad1a->7dd3d51f-7703-47e1-b378-11db862d4d4b#37-t2, previous=(t:2, i:20), leaderCommit=16, initializing? false, entries: <empty>
2019-09-12 13:47:32,007 [java.util.concurrent.ThreadPoolExecutor$Worker@42a174db[State = -1, empty queue]] WARN  server.GrpcLogAppender (GrpcLogAppender.java:timeoutAppendRequest(200)) - eb4af5da-c929-4f10-b53e-ce7f20abad1a@group-411631934A30->76a15b5a-6854-49a0-8818-73e3745045ae-GrpcLogAppender: appendEntries Timeout, request=eb4af5da-c929-4f10-b53e-ce7f20abad1a->76a15b5a-6854-49a0-8818-73e3745045ae#37-t2, previous=(t:2, i:20), leaderCommit=16, initializing? false, entries: <empty>
2019-09-12 13:47:32,508 [java.util.concurrent.ThreadPoolExecutor$Worker@42a174db[State = -1, empty queue]] WARN  server.GrpcLogAppender (GrpcLogAppender.java:timeoutAppendRequest(200)) - eb4af5da-c929-4f10-b53e-ce7f20abad1a@group-411631934A30->76a15b5a-6854-49a0-8818-73e3745045ae-GrpcLogAppender: appendEntries Timeout, request=eb4af5da-c929-4f10-b53e-ce7f20abad1a->76a15b5a-6854-49a0-8818-73e3745045ae#38-t2, previous=(t:2, i:20), leaderCommit=16, initializing? false, entries: <empty>
2019-09-12 13:47:32,508 [java.util.concurrent.ThreadPoolExecutor$Worker@3e3e761f[State = -1, empty queue]] WARN  server.GrpcLogAppender (GrpcLogAppender.java:timeoutAppendRequest(200)) - eb4af5da-c929-4f10-b53e-ce7f20abad1a@group-411631934A30->7dd3d51f-7703-47e1-b378-11db862d4d4b-GrpcLogAppender: appendEntries Timeout, request=eb4af5da-c929-4f10-b53e-ce7f20abad1a->7dd3d51f-7703-47e1-b378-11db862d4d4b#38-t2, previous=(t:2, i:20), leaderCommit=16, initializing? false, entries: <empty>
2019-09-12 13:47:33,008 [java.util.concurrent.ThreadPoolExecutor$Worker@3e3e761f[State = -1, empty queue]] WARN  server.GrpcLogAppender (GrpcLogAppender.java:timeoutAppendRequest(200)) - eb4af5da-c929-4f10-b53e-ce7f20abad1a@group-411631934A30->7dd3d51f-7703-47e1-b378-11db862d4d4b-GrpcLogAppender: appendEntries Timeout, request=eb4af5da-c929-4f10-b53e-ce7f20abad1a->7dd3d51f-7703-47e1-b378-11db862d4d4b#39-t2, previous=(t:2, i:20), leaderCommit=16, initializing? false, entries: <empty>
2019-09-12 13:47:33,008 [java.util.concurrent.ThreadPoolExecutor$Worker@42a174db[State = -1, empty queue]] WARN  server.GrpcLogAppender (GrpcLogAppender.java:timeoutAppendRequest(200)) - eb4af5da-c929-4f10-b53e-ce7f20abad1a@group-411631934A30->76a15b5a-6854-49a0-8818-73e3745045ae-GrpcLogAppender: appendEntries Timeout, request=eb4af5da-c929-4f10-b53e-ce7f20abad1a->76a15b5a-6854-49a0-8818-73e3745045ae#39-t2, previous=(t:2, i:20), leaderCommit=16, initializing? false, entries: <empty>
2019-09-12 13:47:33,509 [java.util.concurrent.ThreadPoolExecutor$Worker@42a174db[State = -1, empty queue]] WARN  server.GrpcLogAppender (GrpcLogAppender.java:timeoutAppendRequest(200)) - eb4af5da-c929-4f10-b53e-ce7f20abad1a@group-411631934A30->76a15b5a-6854-49a0-8818-73e3745045ae-GrpcLogAppender: appendEntries Timeout, request=eb4af5da-c929-4f10-b53e-ce7f20abad1a->76a15b5a-6854-49a0-8818-73e3745045ae#40-t2, previous=(t:2, i:20), leaderCommit=16, initializing? false, entries: <empty>
2019-09-12 13:47:33,509 [java.util.concurrent.ThreadPoolExecutor$Worker@3e3e761f[State = -1, empty queue]] WARN  server.GrpcLogAppender (GrpcLogAppender.java:timeoutAppendRequest(200)) - eb4af5da-c929-4f10-b53e-ce7f20abad1a@group-411631934A30->7dd3d51f-7703-47e1-b378-11db862d4d4b-GrpcLogAppender: appendEntries Timeout, request=eb4af5da-c929-4f10-b53e-ce7f20abad1a->7dd3d51f-7703-47e1-b378-11db862d4d4b#40-t2, previous=(t:2, i:20), leaderCommit=16, initializing? false, entries: <empty>
2019-09-12 13:47:34,010 [java.util.concurrent.ThreadPoolExecutor$Worker@3e3e761f[State = -1, empty queue]] WARN  server.GrpcLogAppender (GrpcLogAppender.java:timeoutAppendRequest(200)) - eb4af5da-c929-4f10-b53e-ce7f20abad1a@group-411631934A30->7dd3d51f-7703-47e1-b378-11db862d4d4b-GrpcLogAppender: appendEntries Timeout, request=eb4af5da-c929-4f10-b53e-ce7f20abad1a->7dd3d51f-7703-47e1-b378-11db862d4d4b#41-t2, previous=(t:2, i:20), leaderCommit=16, initializing? false, entries: <empty>
2019-09-12 13:47:34,010 [java.util.concurrent.ThreadPoolExecutor$Worker@42a174db[State = -1, empty queue]] WARN  server.GrpcLogAppender (GrpcLogAppender.java:timeoutAppendRequest(200)) - eb4af5da-c929-4f10-b53e-ce7f20abad1a@group-411631934A30->76a15b5a-6854-49a0-8818-73e3745045ae-GrpcLogAppender: appendEntries Timeout, request=eb4af5da-c929-4f10-b53e-ce7f20abad1a->76a15b5a-6854-49a0-8818-73e3745045ae#41-t2, previous=(t:2, i:20), leaderCommit=16, initializing? false, entries: <empty>
2019-09-12 13:47:34,510 [java.util.concurrent.ThreadPoolExecutor$Worker@42a174db[State = -1, empty queue]] WARN  server.GrpcLogAppender (GrpcLogAppender.java:timeoutAppendRequest(200)) - eb4af5da-c929-4f10-b53e-ce7f20abad1a@group-411631934A30->76a15b5a-6854-49a0-8818-73e3745045ae-GrpcLogAppender: appendEntries Timeout, request=eb4af5da-c929-4f10-b53e-ce7f20abad1a->76a15b5a-6854-49a0-8818-73e3745045ae#42-t2, previous=(t:2, i:20), leaderCommit=16, initializing? false, entries: <empty>
2019-09-12 13:47:34,510 [java.util.concurrent.ThreadPoolExecutor$Worker@3e3e761f[State = -1, empty queue]] WARN  server.GrpcLogAppender (GrpcLogAppender.java:timeoutAppendRequest(200)) - eb4af5da-c929-4f10-b53e-ce7f20abad1a@group-411631934A30->7dd3d51f-7703-47e1-b378-11db862d4d4b-GrpcLogAppender: appendEntries Timeout, request=eb4af5da-c929-4f10-b53e-ce7f20abad1a->7dd3d51f-7703-47e1-b378-11db862d4d4b#42-t2, previous=(t:2, i:20), leaderCommit=16, initializing? false, entries: <empty>
2019-09-12 13:47:35,013 [java.util.concurrent.ThreadPoolExecutor$Worker@42a174db[State = -1, empty queue]] WARN  server.GrpcLogAppender (GrpcLogAppender.java:timeoutAppendRequest(200)) - eb4af5da-c929-4f10-b53e-ce7f20abad1a@group-411631934A30->76a15b5a-6854-49a0-8818-73e3745045ae-GrpcLogAppender: appendEntries Timeout, request=eb4af5da-c929-4f10-b53e-ce7f20abad1a->76a15b5a-6854-49a0-8818-73e3745045ae#43-t2, previous=(t:2, i:20), leaderCommit=16, initializing? false, entries: <empty>
2019-09-12 13:47:35,013 [java.util.concurrent.ThreadPoolExecutor$Worker@3e3e761f[State = -1, empty queue]] WARN  server.GrpcLogAppender (GrpcLogAppender.java:timeoutAppendRequest(200)) - eb4af5da-c929-4f10-b53e-ce7f20abad1a@group-411631934A30->7dd3d51f-7703-47e1-b378-11db862d4d4b-GrpcLogAppender: appendEntries Timeout, request=eb4af5da-c929-4f10-b53e-ce7f20abad1a->7dd3d51f-7703-47e1-b378-11db862d4d4b#43-t2, previous=(t:2, i:20), leaderCommit=16, initializing? false, entries: <empty>
2019-09-12 13:47:35,515 [java.util.concurrent.ThreadPoolExecutor$Worker@42a174db[State = -1, empty queue]] WARN  server.GrpcLogAppender (GrpcLogAppender.java:timeoutAppendRequest(200)) - eb4af5da-c929-4f10-b53e-ce7f20abad1a@group-411631934A30->76a15b5a-6854-49a0-8818-73e3745045ae-GrpcLogAppender: appendEntries Timeout, request=eb4af5da-c929-4f10-b53e-ce7f20abad1a->76a15b5a-6854-49a0-8818-73e3745045ae#44-t2, previous=(t:2, i:20), leaderCommit=16, initializing? false, entries: <empty>
2019-09-12 13:47:35,515 [java.util.concurrent.ThreadPoolExecutor$Worker@3e3e761f[State = -1, empty queue]] WARN  server.GrpcLogAppender (GrpcLogAppender.java:timeoutAppendRequest(200)) - eb4af5da-c929-4f10-b53e-ce7f20abad1a@group-411631934A30->7dd3d51f-7703-47e1-b378-11db862d4d4b-GrpcLogAppender: appendEntries Timeout, request=eb4af5da-c929-4f10-b53e-ce7f20abad1a->7dd3d51f-7703-47e1-b378-11db862d4d4b#44-t2, previous=(t:2, i:20), leaderCommit=16, initializing? false, entries: <empty>
2019-09-12 13:47:36,015 [java.util.concurrent.ThreadPoolExecutor$Worker@42a174db[State = -1, empty queue]] WARN  server.GrpcLogAppender (GrpcLogAppender.java:timeoutAppendRequest(200)) - eb4af5da-c929-4f10-b53e-ce7f20abad1a@group-411631934A30->76a15b5a-6854-49a0-8818-73e3745045ae-GrpcLogAppender: appendEntries Timeout, request=eb4af5da-c929-4f10-b53e-ce7f20abad1a->76a15b5a-6854-49a0-8818-73e3745045ae#45-t2, previous=(t:2, i:20), leaderCommit=16, initializing? false, entries: <empty>
2019-09-12 13:47:36,015 [java.util.concurrent.ThreadPoolExecutor$Worker@3e3e761f[State = -1, empty queue]] WARN  server.GrpcLogAppender (GrpcLogAppender.java:timeoutAppendRequest(200)) - eb4af5da-c929-4f10-b53e-ce7f20abad1a@group-411631934A30->7dd3d51f-7703-47e1-b378-11db862d4d4b-GrpcLogAppender: appendEntries Timeout, request=eb4af5da-c929-4f10-b53e-ce7f20abad1a->7dd3d51f-7703-47e1-b378-11db862d4d4b#45-t2, previous=(t:2, i:20), leaderCommit=16, initializing? false, entries: <empty>
2019-09-12 13:47:36,516 [java.util.concurrent.ThreadPoolExecutor$Worker@42a174db[State = -1, empty queue]] WARN  server.GrpcLogAppender (GrpcLogAppender.java:timeoutAppendRequest(200)) - eb4af5da-c929-4f10-b53e-ce7f20abad1a@group-411631934A30->76a15b5a-6854-49a0-8818-73e3745045ae-GrpcLogAppender: appendEntries Timeout, request=eb4af5da-c929-4f10-b53e-ce7f20abad1a->76a15b5a-6854-49a0-8818-73e3745045ae#46-t2, previous=(t:2, i:20), leaderCommit=16, initializing? false, entries: <empty>
2019-09-12 13:47:36,516 [java.util.concurrent.ThreadPoolExecutor$Worker@3e3e761f[State = -1, empty queue]] WARN  server.GrpcLogAppender (GrpcLogAppender.java:timeoutAppendRequest(200)) - eb4af5da-c929-4f10-b53e-ce7f20abad1a@group-411631934A30->7dd3d51f-7703-47e1-b378-11db862d4d4b-GrpcLogAppender: appendEntries Timeout, request=eb4af5da-c929-4f10-b53e-ce7f20abad1a->7dd3d51f-7703-47e1-b378-11db862d4d4b#46-t2, previous=(t:2, i:20), leaderCommit=16, initializing? false, entries: <empty>
2019-09-12 13:47:36,713 [grpc-default-executor-1] INFO  client.GrpcClientProtocolClient (GrpcClientProtocolClient.java:onNext(264)) - client-ECFF5C766FEB->7dd3d51f-7703-47e1-b378-11db862d4d4b: receive RaftClientReply:client-ECFF5C766FEB->7dd3d51f-7703-47e1-b378-11db862d4d4b@group-411631934A30, cid=38, FAILED org.apache.ratis.protocol.NotLeaderException: Server 7dd3d51f-7703-47e1-b378-11db862d4d4b@group-411631934A30 is not the leader eb4af5da-c929-4f10-b53e-ce7f20abad1a:192.168.34.38:38959, logIndex=0, commits[7dd3d51f-7703-47e1-b378-11db862d4d4b:c16, eb4af5da-c929-4f10-b53e-ce7f20abad1a:c16, 76a15b5a-6854-49a0-8818-73e3745045ae:c16]
2019-09-12 13:47:37,016 [java.util.concurrent.ThreadPoolExecutor$Worker@42a174db[State = -1, empty queue]] WARN  server.GrpcLogAppender (GrpcLogAppender.java:timeoutAppendRequest(200)) - eb4af5da-c929-4f10-b53e-ce7f20abad1a@group-411631934A30->76a15b5a-6854-49a0-8818-73e3745045ae-GrpcLogAppender: appendEntries Timeout, request=eb4af5da-c929-4f10-b53e-ce7f20abad1a->76a15b5a-6854-49a0-8818-73e3745045ae#47-t2, previous=(t:2, i:20), leaderCommit=16, initializing? false, entries: <empty>
2019-09-12 13:47:37,016 [java.util.concurrent.ThreadPoolExecutor$Worker@3e3e761f[State = -1, empty queue]] WARN  server.GrpcLogAppender (GrpcLogAppender.java:timeoutAppendRequest(200)) - eb4af5da-c929-4f10-b53e-ce7f20abad1a@group-411631934A30->7dd3d51f-7703-47e1-b378-11db862d4d4b-GrpcLogAppender: appendEntries Timeout, request=eb4af5da-c929-4f10-b53e-ce7f20abad1a->7dd3d51f-7703-47e1-b378-11db862d4d4b#47-t2, previous=(t:2, i:20), leaderCommit=16, initializing? false, entries: <empty>
2019-09-12 13:47:37,516 [java.util.concurrent.ThreadPoolExecutor$Worker@42a174db[State = -1, empty queue]] WARN  server.GrpcLogAppender (GrpcLogAppender.java:timeoutAppendRequest(200)) - eb4af5da-c929-4f10-b53e-ce7f20abad1a@group-411631934A30->76a15b5a-6854-49a0-8818-73e3745045ae-GrpcLogAppender: appendEntries Timeout, request=eb4af5da-c929-4f10-b53e-ce7f20abad1a->76a15b5a-6854-49a0-8818-73e3745045ae#48-t2, previous=(t:2, i:20), leaderCommit=16, initializing? false, entries: <empty>
2019-09-12 13:47:37,516 [java.util.concurrent.ThreadPoolExecutor$Worker@3e3e761f[State = -1, empty queue]] WARN  server.GrpcLogAppender (GrpcLogAppender.java:timeoutAppendRequest(200)) - eb4af5da-c929-4f10-b53e-ce7f20abad1a@group-411631934A30->7dd3d51f-7703-47e1-b378-11db862d4d4b-GrpcLogAppender: appendEntries Timeout, request=eb4af5da-c929-4f10-b53e-ce7f20abad1a->7dd3d51f-7703-47e1-b378-11db862d4d4b#48-t2, previous=(t:2, i:20), leaderCommit=16, initializing? false, entries: <empty>
2019-09-12 13:47:38,017 [java.util.concurrent.ThreadPoolExecutor$Worker@42a174db[State = -1, empty queue]] WARN  server.GrpcLogAppender (GrpcLogAppender.java:timeoutAppendRequest(200)) - eb4af5da-c929-4f10-b53e-ce7f20abad1a@group-411631934A30->76a15b5a-6854-49a0-8818-73e3745045ae-GrpcLogAppender: appendEntries Timeout, request=eb4af5da-c929-4f10-b53e-ce7f20abad1a->76a15b5a-6854-49a0-8818-73e3745045ae#49-t2, previous=(t:2, i:20), leaderCommit=16, initializing? false, entries: <empty>
2019-09-12 13:47:38,017 [java.util.concurrent.ThreadPoolExecutor$Worker@3e3e761f[State = -1, empty queue]] WARN  server.GrpcLogAppender (GrpcLogAppender.java:timeoutAppendRequest(200)) - eb4af5da-c929-4f10-b53e-ce7f20abad1a@group-411631934A30->7dd3d51f-7703-47e1-b378-11db862d4d4b-GrpcLogAppender: appendEntries Timeout, request=eb4af5da-c929-4f10-b53e-ce7f20abad1a->7dd3d51f-7703-47e1-b378-11db862d4d4b#49-t2, previous=(t:2, i:20), leaderCommit=16, initializing? false, entries: <empty>
2019-09-12 13:47:38,517 [java.util.concurrent.ThreadPoolExecutor$Worker@3e3e761f[State = -1, empty queue]] WARN  server.GrpcLogAppender (GrpcLogAppender.java:timeoutAppendRequest(200)) - eb4af5da-c929-4f10-b53e-ce7f20abad1a@group-411631934A30->7dd3d51f-7703-47e1-b378-11db862d4d4b-GrpcLogAppender: appendEntries Timeout, request=eb4af5da-c929-4f10-b53e-ce7f20abad1a->7dd3d51f-7703-47e1-b378-11db862d4d4b#50-t2, previous=(t:2, i:20), leaderCommit=16, initializing? false, entries: <empty>
2019-09-12 13:47:38,518 [java.util.concurrent.ThreadPoolExecutor$Worker@42a174db[State = -1, empty queue]] WARN  server.GrpcLogAppender (GrpcLogAppender.java:timeoutAppendRequest(200)) - eb4af5da-c929-4f10-b53e-ce7f20abad1a@group-411631934A30->76a15b5a-6854-49a0-8818-73e3745045ae-GrpcLogAppender: appendEntries Timeout, request=eb4af5da-c929-4f10-b53e-ce7f20abad1a->76a15b5a-6854-49a0-8818-73e3745045ae#50-t2, previous=(t:2, i:20), leaderCommit=16, initializing? false, entries: <empty>
2019-09-12 13:47:39,018 [java.util.concurrent.ThreadPoolExecutor$Worker@3e3e761f[State = -1, empty queue]] WARN  server.GrpcLogAppender (GrpcLogAppender.java:timeoutAppendRequest(200)) - eb4af5da-c929-4f10-b53e-ce7f20abad1a@group-411631934A30->7dd3d51f-7703-47e1-b378-11db862d4d4b-GrpcLogAppender: appendEntries Timeout, request=eb4af5da-c929-4f10-b53e-ce7f20abad1a->7dd3d51f-7703-47e1-b378-11db862d4d4b#51-t2, previous=(t:2, i:20), leaderCommit=16, initializing? false, entries: <empty>
2019-09-12 13:47:39,018 [java.util.concurrent.ThreadPoolExecutor$Worker@42a174db[State = -1, empty queue]] WARN  server.GrpcLogAppender (GrpcLogAppender.java:timeoutAppendRequest(200)) - eb4af5da-c929-4f10-b53e-ce7f20abad1a@group-411631934A30->76a15b5a-6854-49a0-8818-73e3745045ae-GrpcLogAppender: appendEntries Timeout, request=eb4af5da-c929-4f10-b53e-ce7f20abad1a->76a15b5a-6854-49a0-8818-73e3745045ae#51-t2, previous=(t:2, i:20), leaderCommit=16, initializing? false, entries: <empty>
2019-09-12 13:47:39,518 [java.util.concurrent.ThreadPoolExecutor$Worker@3e3e761f[State = -1, empty queue]] WARN  server.GrpcLogAppender (GrpcLogAppender.java:timeoutAppendRequest(200)) - eb4af5da-c929-4f10-b53e-ce7f20abad1a@group-411631934A30->7dd3d51f-7703-47e1-b378-11db862d4d4b-GrpcLogAppender: appendEntries Timeout, request=eb4af5da-c929-4f10-b53e-ce7f20abad1a->7dd3d51f-7703-47e1-b378-11db862d4d4b#52-t2, previous=(t:2, i:20), leaderCommit=16, initializing? false, entries: <empty>
2019-09-12 13:47:39,518 [java.util.concurrent.ThreadPoolExecutor$Worker@42a174db[State = -1, empty queue]] WARN  server.GrpcLogAppender (GrpcLogAppender.java:timeoutAppendRequest(200)) - eb4af5da-c929-4f10-b53e-ce7f20abad1a@group-411631934A30->76a15b5a-6854-49a0-8818-73e3745045ae-GrpcLogAppender: appendEntries Timeout, request=eb4af5da-c929-4f10-b53e-ce7f20abad1a->76a15b5a-6854-49a0-8818-73e3745045ae#52-t2, previous=(t:2, i:20), leaderCommit=16, initializing? false, entries: <empty>
2019-09-12 13:47:39,755 [main] WARN  io.KeyOutputStream (KeyOutputStream.java:handleException(276)) - Encountered exception java.io.IOException: Unexpected Storage Container Exception: java.util.concurrent.CompletionException: java.util.concurrent.CompletionException: org.apache.ratis.protocol.RaftRetryFailureException: Failed RaftClientRequest:client-ECFF5C766FEB->eb4af5da-c929-4f10-b53e-ce7f20abad1a@group-411631934A30, cid=38, seq=9*, RW, org.apache.hadoop.hdds.scm.XceiverClientRatis$$Lambda$477/1566285515@18598b9a for 10 attempts with RetryLimited(maxAttempts=10, sleepTime=1000ms) on the pipeline Pipeline[ Id: dcf32ac8-d859-4fc8-9525-411631934a30, Nodes: eb4af5da-c929-4f10-b53e-ce7f20abad1a{ip: 192.168.34.38, host: pr-hdds-2007-65vhz-3510356991, networkLocation: /default-rack, certSerialId: null}76a15b5a-6854-49a0-8818-73e3745045ae{ip: 192.168.34.38, host: pr-hdds-2007-65vhz-3510356991, networkLocation: /default-rack, certSerialId: null}7dd3d51f-7703-47e1-b378-11db862d4d4b{ip: 192.168.34.38, host: pr-hdds-2007-65vhz-3510356991, networkLocation: /default-rack, certSerialId: null}, Type:RATIS, Factor:THREE, State:OPEN]. The last committed block length is 0, uncommitted data length is 2097152 retry count 0
2019-09-12 13:47:39,806 [grpc-default-executor-7] INFO  client.GrpcClientProtocolClient (GrpcClientProtocolClient.java:onNext(264)) - client-DC9C3C53DAD2->05e06da0-1d3a-4481-ab96-f6b3bccd14af: receive RaftClientReply:client-DC9C3C53DAD2->05e06da0-1d3a-4481-ab96-f6b3bccd14af@group-3636C80E75D6, cid=42, FAILED org.apache.ratis.protocol.NotLeaderException: Server 05e06da0-1d3a-4481-ab96-f6b3bccd14af@group-3636C80E75D6 is not the leader 57ae412b-1391-4b0c-ad94-18127dd39aa0:192.168.34.38:39194, logIndex=0, commits[05e06da0-1d3a-4481-ab96-f6b3bccd14af:c0, 763d52db-3808-40b7-9749-d7ff45e81d9a:c0, 57ae412b-1391-4b0c-ad94-18127dd39aa0:c0]
2019-09-12 13:47:39,979 [grpc-default-executor-7] INFO  client.GrpcClientProtocolClient (GrpcClientProtocolClient.java:onNext(264)) - client-DC9C3C53DAD2->57ae412b-1391-4b0c-ad94-18127dd39aa0: receive RaftClientReply:client-DC9C3C53DAD2->57ae412b-1391-4b0c-ad94-18127dd39aa0@group-3636C80E75D6, cid=42, SUCCESS, logIndex=1, commits[57ae412b-1391-4b0c-ad94-18127dd39aa0:c1, 763d52db-3808-40b7-9749-d7ff45e81d9a:c0, 05e06da0-1d3a-4481-ab96-f6b3bccd14af:c0]
2019-09-12 13:47:40,021 [java.util.concurrent.ThreadPoolExecutor$Worker@42a174db[State = -1, empty queue]] WARN  server.GrpcLogAppender (GrpcLogAppender.java:timeoutAppendRequest(200)) - eb4af5da-c929-4f10-b53e-ce7f20abad1a@group-411631934A30->76a15b5a-6854-49a0-8818-73e3745045ae-GrpcLogAppender: appendEntries Timeout, request=eb4af5da-c929-4f10-b53e-ce7f20abad1a->76a15b5a-6854-49a0-8818-73e3745045ae#53-t2, previous=(t:2, i:20), leaderCommit=16, initializing? false, entries: <empty>
2019-09-12 13:47:40,021 [java.util.concurrent.ThreadPoolExecutor$Worker@3e3e761f[State = -1, empty queue]] WARN  server.GrpcLogAppender (GrpcLogAppender.java:timeoutAppendRequest(200)) - eb4af5da-c929-4f10-b53e-ce7f20abad1a@group-411631934A30->7dd3d51f-7703-47e1-b378-11db862d4d4b-GrpcLogAppender: appendEntries Timeout, request=eb4af5da-c929-4f10-b53e-ce7f20abad1a->7dd3d51f-7703-47e1-b378-11db862d4d4b#53-t2, previous=(t:2, i:20), leaderCommit=16, initializing? false, entries: <empty>
2019-09-12 13:47:40,039 [grpc-default-executor-4] INFO  client.GrpcClientProtocolClient (GrpcClientProtocolClient.java:onNext(264)) - client-DC9C3C53DAD2->57ae412b-1391-4b0c-ad94-18127dd39aa0: receive RaftClientReply:client-DC9C3C53DAD2->57ae412b-1391-4b0c-ad94-18127dd39aa0@group-3636C80E75D6, cid=43, SUCCESS, logIndex=3, commits[57ae412b-1391-4b0c-ad94-18127dd39aa0:c7, 763d52db-3808-40b7-9749-d7ff45e81d9a:c4, 05e06da0-1d3a-4481-ab96-f6b3bccd14af:c6]
2019-09-12 13:47:40,040 [grpc-default-executor-4] INFO  client.GrpcClientProtocolClient (GrpcClientProtocolClient.java:onNext(264)) - client-DC9C3C53DAD2->57ae412b-1391-4b0c-ad94-18127dd39aa0: receive RaftClientReply:client-DC9C3C53DAD2->57ae412b-1391-4b0c-ad94-18127dd39aa0@group-3636C80E75D6, cid=44, SUCCESS, logIndex=4, commits[57ae412b-1391-4b0c-ad94-18127dd39aa0:c7, 763d52db-3808-40b7-9749-d7ff45e81d9a:c4, 05e06da0-1d3a-4481-ab96-f6b3bccd14af:c6]
2019-09-12 13:47:40,329 [grpc-default-executor-7] INFO  client.GrpcClientProtocolClient (GrpcClientProtocolClient.java:onNext(264)) - client-DC9C3C53DAD2->57ae412b-1391-4b0c-ad94-18127dd39aa0: receive RaftClientReply:client-DC9C3C53DAD2->57ae412b-1391-4b0c-ad94-18127dd39aa0@group-3636C80E75D6, cid=45, SUCCESS, logIndex=5, commits[57ae412b-1391-4b0c-ad94-18127dd39aa0:c7, 763d52db-3808-40b7-9749-d7ff45e81d9a:c4, 05e06da0-1d3a-4481-ab96-f6b3bccd14af:c6]
2019-09-12 13:47:40,522 [java.util.concurrent.ThreadPoolExecutor$Worker@3e3e761f[State = -1, empty queue]] WARN  server.GrpcLogAppender (GrpcLogAppender.java:timeoutAppendRequest(200)) - eb4af5da-c929-4f10-b53e-ce7f20abad1a@group-411631934A30->7dd3d51f-7703-47e1-b378-11db862d4d4b-GrpcLogAppender: appendEntries Timeout, request=eb4af5da-c929-4f10-b53e-ce7f20abad1a->7dd3d51f-7703-47e1-b378-11db862d4d4b#54-t2, previous=(t:2, i:20), leaderCommit=16, initializing? false, entries: <empty>
2019-09-12 13:47:40,522 [java.util.concurrent.ThreadPoolExecutor$Worker@42a174db[State = -1, empty queue]] WARN  server.GrpcLogAppender (GrpcLogAppender.java:timeoutAppendRequest(200)) - eb4af5da-c929-4f10-b53e-ce7f20abad1a@group-411631934A30->76a15b5a-6854-49a0-8818-73e3745045ae-GrpcLogAppender: appendEntries Timeout, request=eb4af5da-c929-4f10-b53e-ce7f20abad1a->76a15b5a-6854-49a0-8818-73e3745045ae#54-t2, previous=(t:2, i:20), leaderCommit=16, initializing? false, entries: <empty>
2019-09-12 13:47:40,541 [grpc-default-executor-7] INFO  client.GrpcClientProtocolClient (GrpcClientProtocolClient.java:onNext(264)) - client-DC9C3C53DAD2->57ae412b-1391-4b0c-ad94-18127dd39aa0: receive RaftClientReply:client-DC9C3C53DAD2->57ae412b-1391-4b0c-ad94-18127dd39aa0@group-3636C80E75D6, cid=46, SUCCESS, logIndex=0, commits[57ae412b-1391-4b0c-ad94-18127dd39aa0:c7, 763d52db-3808-40b7-9749-d7ff45e81d9a:c7, 05e06da0-1d3a-4481-ab96-f6b3bccd14af:c6]
2019-09-12 13:47:40,584 [Datanode State Machine Thread - 0] INFO  statemachine.DatanodeStateMachine (DatanodeStateMachine.java:lambda$startDaemon$0(350)) - Ozone container server started.
2019-09-12 13:47:41,022 [java.util.concurrent.ThreadPoolExecutor$Worker@3e3e761f[State = -1, empty queue]] WARN  server.GrpcLogAppender (GrpcLogAppender.java:timeoutAppendRequest(200)) - eb4af5da-c929-4f10-b53e-ce7f20abad1a@group-411631934A30->7dd3d51f-7703-47e1-b378-11db862d4d4b-GrpcLogAppender: appendEntries Timeout, request=eb4af5da-c929-4f10-b53e-ce7f20abad1a->7dd3d51f-7703-47e1-b378-11db862d4d4b#55-t2, previous=(t:2, i:20), leaderCommit=16, initializing? false, entries: <empty>
2019-09-12 13:47:41,022 [java.util.concurrent.ThreadPoolExecutor$Worker@42a174db[State = -1, empty queue]] WARN  server.GrpcLogAppender (GrpcLogAppender.java:timeoutAppendRequest(200)) - eb4af5da-c929-4f10-b53e-ce7f20abad1a@group-411631934A30->76a15b5a-6854-49a0-8818-73e3745045ae-GrpcLogAppender: appendEntries Timeout, request=eb4af5da-c929-4f10-b53e-ce7f20abad1a->76a15b5a-6854-49a0-8818-73e3745045ae#55-t2, previous=(t:2, i:20), leaderCommit=16, initializing? false, entries: <empty>
2019-09-12 13:47:41,522 [java.util.concurrent.ThreadPoolExecutor$Worker@42a174db[State = -1, empty queue]] WARN  server.GrpcLogAppender (GrpcLogAppender.java:timeoutAppendRequest(200)) - eb4af5da-c929-4f10-b53e-ce7f20abad1a@group-411631934A30->76a15b5a-6854-49a0-8818-73e3745045ae-GrpcLogAppender: appendEntries Timeout, request=eb4af5da-c929-4f10-b53e-ce7f20abad1a->76a15b5a-6854-49a0-8818-73e3745045ae#56-t2, previous=(t:2, i:20), leaderCommit=16, initializing? false, entries: <empty>
2019-09-12 13:47:41,522 [java.util.concurrent.ThreadPoolExecutor$Worker@3e3e761f[State = -1, empty queue]] WARN  server.GrpcLogAppender (GrpcLogAppender.java:timeoutAppendRequest(200)) - eb4af5da-c929-4f10-b53e-ce7f20abad1a@group-411631934A30->7dd3d51f-7703-47e1-b378-11db862d4d4b-GrpcLogAppender: appendEntries Timeout, request=eb4af5da-c929-4f10-b53e-ce7f20abad1a->7dd3d51f-7703-47e1-b378-11db862d4d4b#56-t2, previous=(t:2, i:20), leaderCommit=16, initializing? false, entries: <empty>
2019-09-12 13:47:41,591 [eb4af5da-c929-4f10-b53e-ce7f20abad1a@group-411631934A30-SegmentedRaftLogWorker] WARN  segmented.SegmentedRaftLogWorker (SegmentedRaftLogWorker.java:getFromFuture(90)) - Timeout 1/~
org.apache.ratis.protocol.TimeoutIOException: Timeout 10s: WriteLog:19: (t:2, i:19), STATEMACHINELOGENTRY, client-ECFF5C766FEB, cid=40-writeStateMachineData
	at org.apache.ratis.util.IOUtils.getFromFuture(IOUtils.java:87)
	at org.apache.ratis.server.raftlog.segmented.SegmentedRaftLogWorker$StateMachineDataPolicy.getFromFuture(SegmentedRaftLogWorker.java:87)
	at org.apache.ratis.server.raftlog.segmented.SegmentedRaftLogWorker$WriteLog.execute(SegmentedRaftLogWorker.java:477)
	at org.apache.ratis.server.raftlog.segmented.SegmentedRaftLogWorker.run(SegmentedRaftLogWorker.java:289)
	at java.lang.Thread.run(Thread.java:748)
Caused by: java.util.concurrent.TimeoutException
	at java.util.concurrent.CompletableFuture.timedGet(CompletableFuture.java:1771)
	at java.util.concurrent.CompletableFuture.get(CompletableFuture.java:1915)
	at org.apache.ratis.util.IOUtils.getFromFuture(IOUtils.java:79)
	... 4 more
2019-09-12 13:47:41,591 [7dd3d51f-7703-47e1-b378-11db862d4d4b@group-411631934A30-SegmentedRaftLogWorker] WARN  segmented.SegmentedRaftLogWorker (SegmentedRaftLogWorker.java:getFromFuture(90)) - Timeout 1/~
org.apache.ratis.protocol.TimeoutIOException: Timeout 10s: WriteLog:19: (t:2, i:19), STATEMACHINELOGENTRY, client-ECFF5C766FEB, cid=40-writeStateMachineData
	at org.apache.ratis.util.IOUtils.getFromFuture(IOUtils.java:87)
	at org.apache.ratis.server.raftlog.segmented.SegmentedRaftLogWorker$StateMachineDataPolicy.getFromFuture(SegmentedRaftLogWorker.java:87)
	at org.apache.ratis.server.raftlog.segmented.SegmentedRaftLogWorker$WriteLog.execute(SegmentedRaftLogWorker.java:477)
	at org.apache.ratis.server.raftlog.segmented.SegmentedRaftLogWorker.run(SegmentedRaftLogWorker.java:289)
	at java.lang.Thread.run(Thread.java:748)
Caused by: java.util.concurrent.TimeoutException
	at java.util.concurrent.CompletableFuture.timedGet(CompletableFuture.java:1771)
	at java.util.concurrent.CompletableFuture.get(CompletableFuture.java:1915)
	at org.apache.ratis.util.IOUtils.getFromFuture(IOUtils.java:79)
	... 4 more
2019-09-12 13:47:41,592 [76a15b5a-6854-49a0-8818-73e3745045ae@group-411631934A30-SegmentedRaftLogWorker] WARN  segmented.SegmentedRaftLogWorker (SegmentedRaftLogWorker.java:getFromFuture(90)) - Timeout 1/~
org.apache.ratis.protocol.TimeoutIOException: Timeout 10s: WriteLog:19: (t:2, i:19), STATEMACHINELOGENTRY, client-ECFF5C766FEB, cid=40-writeStateMachineData
	at org.apache.ratis.util.IOUtils.getFromFuture(IOUtils.java:87)
	at org.apache.ratis.server.raftlog.segmented.SegmentedRaftLogWorker$StateMachineDataPolicy.getFromFuture(SegmentedRaftLogWorker.java:87)
	at org.apache.ratis.server.raftlog.segmented.SegmentedRaftLogWorker$WriteLog.execute(SegmentedRaftLogWorker.java:477)
	at org.apache.ratis.server.raftlog.segmented.SegmentedRaftLogWorker.run(SegmentedRaftLogWorker.java:289)
	at java.lang.Thread.run(Thread.java:748)
Caused by: java.util.concurrent.TimeoutException
	at java.util.concurrent.CompletableFuture.timedGet(CompletableFuture.java:1771)
	at java.util.concurrent.CompletableFuture.get(CompletableFuture.java:1915)
	at org.apache.ratis.util.IOUtils.getFromFuture(IOUtils.java:79)
	... 4 more
2019-09-12 13:47:42,023 [java.util.concurrent.ThreadPoolExecutor$Worker@42a174db[State = -1, empty queue]] WARN  server.GrpcLogAppender (GrpcLogAppender.java:timeoutAppendRequest(200)) - eb4af5da-c929-4f10-b53e-ce7f20abad1a@group-411631934A30->76a15b5a-6854-49a0-8818-73e3745045ae-GrpcLogAppender: appendEntries Timeout, request=eb4af5da-c929-4f10-b53e-ce7f20abad1a->76a15b5a-6854-49a0-8818-73e3745045ae#57-t2, previous=(t:2, i:20), leaderCommit=16, initializing? false, entries: <empty>
2019-09-12 13:47:42,023 [java.util.concurrent.ThreadPoolExecutor$Worker@3e3e761f[State = -1, empty queue]] WARN  server.GrpcLogAppender (GrpcLogAppender.java:timeoutAppendRequest(200)) - eb4af5da-c929-4f10-b53e-ce7f20abad1a@group-411631934A30->7dd3d51f-7703-47e1-b378-11db862d4d4b-GrpcLogAppender: appendEntries Timeout, request=eb4af5da-c929-4f10-b53e-ce7f20abad1a->7dd3d51f-7703-47e1-b378-11db862d4d4b#57-t2, previous=(t:2, i:20), leaderCommit=16, initializing? false, entries: <empty>
2019-09-12 13:47:42,523 [java.util.concurrent.ThreadPoolExecutor$Worker@3e3e761f[State = -1, empty queue]] WARN  server.GrpcLogAppender (GrpcLogAppender.java:timeoutAppendRequest(200)) - eb4af5da-c929-4f10-b53e-ce7f20abad1a@group-411631934A30->7dd3d51f-7703-47e1-b378-11db862d4d4b-GrpcLogAppender: appendEntries Timeout, request=eb4af5da-c929-4f10-b53e-ce7f20abad1a->7dd3d51f-7703-47e1-b378-11db862d4d4b#58-t2, previous=(t:2, i:20), leaderCommit=16, initializing? false, entries: <empty>
2019-09-12 13:47:42,523 [java.util.concurrent.ThreadPoolExecutor$Worker@42a174db[State = -1, empty queue]] WARN  server.GrpcLogAppender (GrpcLogAppender.java:timeoutAppendRequest(200)) - eb4af5da-c929-4f10-b53e-ce7f20abad1a@group-411631934A30->76a15b5a-6854-49a0-8818-73e3745045ae-GrpcLogAppender: appendEntries Timeout, request=eb4af5da-c929-4f10-b53e-ce7f20abad1a->76a15b5a-6854-49a0-8818-73e3745045ae#58-t2, previous=(t:2, i:20), leaderCommit=16, initializing? false, entries: <empty>
2019-09-12 13:47:43,024 [java.util.concurrent.ThreadPoolExecutor$Worker@42a174db[State = -1, empty queue]] WARN  server.GrpcLogAppender (GrpcLogAppender.java:timeoutAppendRequest(200)) - eb4af5da-c929-4f10-b53e-ce7f20abad1a@group-411631934A30->76a15b5a-6854-49a0-8818-73e3745045ae-GrpcLogAppender: appendEntries Timeout, request=eb4af5da-c929-4f10-b53e-ce7f20abad1a->76a15b5a-6854-49a0-8818-73e3745045ae#59-t2, previous=(t:2, i:20), leaderCommit=16, initializing? false, entries: <empty>
2019-09-12 13:47:43,024 [java.util.concurrent.ThreadPoolExecutor$Worker@3e3e761f[State = -1, empty queue]] WARN  server.GrpcLogAppender (GrpcLogAppender.java:timeoutAppendRequest(200)) - eb4af5da-c929-4f10-b53e-ce7f20abad1a@group-411631934A30->7dd3d51f-7703-47e1-b378-11db862d4d4b-GrpcLogAppender: appendEntries Timeout, request=eb4af5da-c929-4f10-b53e-ce7f20abad1a->7dd3d51f-7703-47e1-b378-11db862d4d4b#59-t2, previous=(t:2, i:20), leaderCommit=16, initializing? false, entries: <empty>
2019-09-12 13:47:43,524 [java.util.concurrent.ThreadPoolExecutor$Worker@42a174db[State = -1, empty queue]] WARN  server.GrpcLogAppender (GrpcLogAppender.java:timeoutAppendRequest(200)) - eb4af5da-c929-4f10-b53e-ce7f20abad1a@group-411631934A30->76a15b5a-6854-49a0-8818-73e3745045ae-GrpcLogAppender: appendEntries Timeout, request=eb4af5da-c929-4f10-b53e-ce7f20abad1a->76a15b5a-6854-49a0-8818-73e3745045ae#60-t2, previous=(t:2, i:20), leaderCommit=16, initializing? false, entries: <empty>
2019-09-12 13:47:43,524 [java.util.concurrent.ThreadPoolExecutor$Worker@3e3e761f[State = -1, empty queue]] WARN  server.GrpcLogAppender (GrpcLogAppender.java:timeoutAppendRequest(200)) - eb4af5da-c929-4f10-b53e-ce7f20abad1a@group-411631934A30->7dd3d51f-7703-47e1-b378-11db862d4d4b-GrpcLogAppender: appendEntries Timeout, request=eb4af5da-c929-4f10-b53e-ce7f20abad1a->7dd3d51f-7703-47e1-b378-11db862d4d4b#60-t2, previous=(t:2, i:20), leaderCommit=16, initializing? false, entries: <empty>
2019-09-12 13:47:44,025 [java.util.concurrent.ThreadPoolExecutor$Worker@42a174db[State = -1, empty queue]] WARN  server.GrpcLogAppender (GrpcLogAppender.java:timeoutAppendRequest(200)) - eb4af5da-c929-4f10-b53e-ce7f20abad1a@group-411631934A30->76a15b5a-6854-49a0-8818-73e3745045ae-GrpcLogAppender: appendEntries Timeout, request=eb4af5da-c929-4f10-b53e-ce7f20abad1a->76a15b5a-6854-49a0-8818-73e3745045ae#61-t2, previous=(t:2, i:20), leaderCommit=16, initializing? false, entries: <empty>
2019-09-12 13:47:44,025 [java.util.concurrent.ThreadPoolExecutor$Worker@3e3e761f[State = -1, empty queue]] WARN  server.GrpcLogAppender (GrpcLogAppender.java:timeoutAppendRequest(200)) - eb4af5da-c929-4f10-b53e-ce7f20abad1a@group-411631934A30->7dd3d51f-7703-47e1-b378-11db862d4d4b-GrpcLogAppender: appendEntries Timeout, request=eb4af5da-c929-4f10-b53e-ce7f20abad1a->7dd3d51f-7703-47e1-b378-11db862d4d4b#61-t2, previous=(t:2, i:20), leaderCommit=16, initializing? false, entries: <empty>
2019-09-12 13:47:44,525 [java.util.concurrent.ThreadPoolExecutor$Worker@42a174db[State = -1, empty queue]] WARN  server.GrpcLogAppender (GrpcLogAppender.java:timeoutAppendRequest(200)) - eb4af5da-c929-4f10-b53e-ce7f20abad1a@group-411631934A30->76a15b5a-6854-49a0-8818-73e3745045ae-GrpcLogAppender: appendEntries Timeout, request=eb4af5da-c929-4f10-b53e-ce7f20abad1a->76a15b5a-6854-49a0-8818-73e3745045ae#62-t2, previous=(t:2, i:20), leaderCommit=16, initializing? false, entries: <empty>
2019-09-12 13:47:44,525 [java.util.concurrent.ThreadPoolExecutor$Worker@3e3e761f[State = -1, empty queue]] WARN  server.GrpcLogAppender (GrpcLogAppender.java:timeoutAppendRequest(200)) - eb4af5da-c929-4f10-b53e-ce7f20abad1a@group-411631934A30->7dd3d51f-7703-47e1-b378-11db862d4d4b-GrpcLogAppender: appendEntries Timeout, request=eb4af5da-c929-4f10-b53e-ce7f20abad1a->7dd3d51f-7703-47e1-b378-11db862d4d4b#62-t2, previous=(t:2, i:20), leaderCommit=16, initializing? false, entries: <empty>
2019-09-12 13:47:45,025 [java.util.concurrent.ThreadPoolExecutor$Worker@3e3e761f[State = -1, empty queue]] WARN  server.GrpcLogAppender (GrpcLogAppender.java:timeoutAppendRequest(200)) - eb4af5da-c929-4f10-b53e-ce7f20abad1a@group-411631934A30->7dd3d51f-7703-47e1-b378-11db862d4d4b-GrpcLogAppender: appendEntries Timeout, request=eb4af5da-c929-4f10-b53e-ce7f20abad1a->7dd3d51f-7703-47e1-b378-11db862d4d4b#63-t2, previous=(t:2, i:20), leaderCommit=16, initializing? false, entries: <empty>
2019-09-12 13:47:45,025 [java.util.concurrent.ThreadPoolExecutor$Worker@42a174db[State = -1, empty queue]] WARN  server.GrpcLogAppender (GrpcLogAppender.java:timeoutAppendRequest(200)) - eb4af5da-c929-4f10-b53e-ce7f20abad1a@group-411631934A30->76a15b5a-6854-49a0-8818-73e3745045ae-GrpcLogAppender: appendEntries Timeout, request=eb4af5da-c929-4f10-b53e-ce7f20abad1a->76a15b5a-6854-49a0-8818-73e3745045ae#63-t2, previous=(t:2, i:20), leaderCommit=16, initializing? false, entries: <empty>
2019-09-12 13:47:45,526 [java.util.concurrent.ThreadPoolExecutor$Worker@3e3e761f[State = -1, empty queue]] WARN  server.GrpcLogAppender (GrpcLogAppender.java:timeoutAppendRequest(200)) - eb4af5da-c929-4f10-b53e-ce7f20abad1a@group-411631934A30->7dd3d51f-7703-47e1-b378-11db862d4d4b-GrpcLogAppender: appendEntries Timeout, request=eb4af5da-c929-4f10-b53e-ce7f20abad1a->7dd3d51f-7703-47e1-b378-11db862d4d4b#64-t2, previous=(t:2, i:20), leaderCommit=16, initializing? false, entries: <empty>
2019-09-12 13:47:45,526 [java.util.concurrent.ThreadPoolExecutor$Worker@42a174db[State = -1, empty queue]] WARN  server.GrpcLogAppender (GrpcLogAppender.java:timeoutAppendRequest(200)) - eb4af5da-c929-4f10-b53e-ce7f20abad1a@group-411631934A30->76a15b5a-6854-49a0-8818-73e3745045ae-GrpcLogAppender: appendEntries Timeout, request=eb4af5da-c929-4f10-b53e-ce7f20abad1a->76a15b5a-6854-49a0-8818-73e3745045ae#64-t2, previous=(t:2, i:20), leaderCommit=16, initializing? false, entries: <empty>
2019-09-12 13:47:45,545 [main] INFO  ozoneimpl.OzoneContainer (OzoneContainer.java:stop(231)) - Attempting to stop container services.
2019-09-12 13:47:45,547 [main] INFO  impl.RaftServerProxy (RaftServerProxy.java:lambda$close$4(314)) - eb4af5da-c929-4f10-b53e-ce7f20abad1a: close
2019-09-12 13:47:45,550 [main] INFO  impl.RaftServerImpl (RaftServerImpl.java:lambda$shutdown$3(251)) - eb4af5da-c929-4f10-b53e-ce7f20abad1a@group-411631934A30: shutdown
2019-09-12 13:47:45,550 [main] INFO  util.JmxRegister (JmxRegister.java:unregister(73)) - Successfully un-registered JMX Bean with object name Ratis:service=RaftServer,group=group-411631934A30,id=eb4af5da-c929-4f10-b53e-ce7f20abad1a
2019-09-12 13:47:45,551 [main] INFO  impl.RoleInfo (RoleInfo.java:shutdownLeaderState(104)) - eb4af5da-c929-4f10-b53e-ce7f20abad1a: shutdown LeaderState
2019-09-12 13:47:45,562 [main] INFO  impl.PendingRequests (PendingRequests.java:sendNotLeaderResponses(202)) - eb4af5da-c929-4f10-b53e-ce7f20abad1a-PendingRequests: sendNotLeaderResponses
2019-09-12 13:47:45,562 [org.apache.ratis.server.impl.LogAppender$AppenderDaemon$$Lambda$548/456968514@f48a642] WARN  server.GrpcLogAppender (GrpcLogAppender.java:mayWait(143)) - eb4af5da-c929-4f10-b53e-ce7f20abad1a@group-411631934A30->7dd3d51f-7703-47e1-b378-11db862d4d4b-GrpcLogAppender: Wait interrupted by java.lang.InterruptedException
2019-09-12 13:47:45,562 [org.apache.ratis.server.impl.LogAppender$AppenderDaemon$$Lambda$548/456968514@5df87716] WARN  server.GrpcLogAppender (GrpcLogAppender.java:mayWait(143)) - eb4af5da-c929-4f10-b53e-ce7f20abad1a@group-411631934A30->76a15b5a-6854-49a0-8818-73e3745045ae-GrpcLogAppender: Wait interrupted by java.lang.InterruptedException
2019-09-12 13:47:45,565 [grpc-default-executor-4] INFO  server.GrpcServerProtocolService (GrpcServerProtocolService.java:onCompleted(113)) - 76a15b5a-6854-49a0-8818-73e3745045ae: Completed APPEND_ENTRIES, lastRequest: eb4af5da-c929-4f10-b53e-ce7f20abad1a->76a15b5a-6854-49a0-8818-73e3745045ae#70-t2, previous=(t:2, i:20), leaderCommit=16, initializing? false, entries: <empty>
2019-09-12 13:47:45,565 [grpc-default-executor-7] INFO  server.GrpcServerProtocolService (GrpcServerProtocolService.java:onCompleted(113)) - 7dd3d51f-7703-47e1-b378-11db862d4d4b: Completed APPEND_ENTRIES, lastRequest: eb4af5da-c929-4f10-b53e-ce7f20abad1a->7dd3d51f-7703-47e1-b378-11db862d4d4b#70-t2, previous=(t:2, i:20), leaderCommit=16, initializing? false, entries: <empty>
2019-09-12 13:47:45,572 [main] INFO  impl.StateMachineUpdater (StateMachineUpdater.java:stopAndJoin(125)) - eb4af5da-c929-4f10-b53e-ce7f20abad1a@group-411631934A30-StateMachineUpdater: set stopIndex = 16
2019-09-12 13:47:45,573 [grpc-default-executor-4] INFO  server.GrpcLogAppender (GrpcLogAppender.java:onCompleted(293)) - eb4af5da-c929-4f10-b53e-ce7f20abad1a@group-411631934A30->7dd3d51f-7703-47e1-b378-11db862d4d4b-AppendLogResponseHandler: follower responses appendEntries COMPLETED
2019-09-12 13:47:45,573 [grpc-default-executor-7] INFO  server.GrpcLogAppender (GrpcLogAppender.java:onCompleted(293)) - eb4af5da-c929-4f10-b53e-ce7f20abad1a@group-411631934A30->76a15b5a-6854-49a0-8818-73e3745045ae-AppendLogResponseHandler: follower responses appendEntries COMPLETED
2019-09-12 13:47:45,573 [eb4af5da-c929-4f10-b53e-ce7f20abad1a@group-411631934A30-StateMachineUpdater] INFO  ratis.ContainerStateMachine (ContainerStateMachine.java:takeSnapshot(289)) - group-411631934A30: Taking a snapshot at:(t:2, i:13) file /workdir/hadoop-ozone/integration-test/target/test-dir/MiniOzoneClusterImpl-98ba6956-8e51-4dc7-be59-62a375280f0b/datanode-0/data/ratis/dcf32ac8-d859-4fc8-9525-411631934a30/sm/snapshot.2_13
2019-09-12 13:47:45,580 [grpc-default-executor-4] INFO  impl.FollowerInfo (FollowerInfo.java:lambda$new$0(51)) - eb4af5da-c929-4f10-b53e-ce7f20abad1a@group-411631934A30->7dd3d51f-7703-47e1-b378-11db862d4d4b: nextIndex: updateUnconditionally 21 -> 17
2019-09-12 13:47:45,580 [grpc-default-executor-7] INFO  impl.FollowerInfo (FollowerInfo.java:lambda$new$0(51)) - eb4af5da-c929-4f10-b53e-ce7f20abad1a@group-411631934A30->76a15b5a-6854-49a0-8818-73e3745045ae: nextIndex: updateUnconditionally 21 -> 17
2019-09-12 13:47:45,624 [eb4af5da-c929-4f10-b53e-ce7f20abad1a@group-411631934A30-StateMachineUpdater] INFO  ratis.ContainerStateMachine (ContainerStateMachine.java:takeSnapshot(300)) - group-411631934A30: Finished taking a snapshot at:(t:2, i:13) file:/workdir/hadoop-ozone/integration-test/target/test-dir/MiniOzoneClusterImpl-98ba6956-8e51-4dc7-be59-62a375280f0b/datanode-0/data/ratis/dcf32ac8-d859-4fc8-9525-411631934a30/sm/snapshot.2_13 time:51
2019-09-12 13:47:45,624 [eb4af5da-c929-4f10-b53e-ce7f20abad1a@group-411631934A30-StateMachineUpdater] INFO  impl.StateMachineUpdater (StateMachineUpdater.java:takeSnapshot(258)) - eb4af5da-c929-4f10-b53e-ce7f20abad1a@group-411631934A30-StateMachineUpdater: Took a snapshot at index 13
2019-09-12 13:47:45,628 [eb4af5da-c929-4f10-b53e-ce7f20abad1a@group-411631934A30-StateMachineUpdater] INFO  impl.StateMachineUpdater (StateMachineUpdater.java:lambda$new$0(83)) - eb4af5da-c929-4f10-b53e-ce7f20abad1a@group-411631934A30-StateMachineUpdater: snapshotIndex: updateIncreasingly -1 -> 13
2019-09-12 13:47:45,634 [eb4af5da-c929-4f10-b53e-ce7f20abad1a@group-411631934A30-StateMachineUpdater] INFO  ratis.ContainerStateMachine (ContainerStateMachine.java:takeSnapshot(289)) - group-411631934A30: Taking a snapshot at:(t:2, i:13) file /workdir/hadoop-ozone/integration-test/target/test-dir/MiniOzoneClusterImpl-98ba6956-8e51-4dc7-be59-62a375280f0b/datanode-0/data/ratis/dcf32ac8-d859-4fc8-9525-411631934a30/sm/snapshot.2_13
2019-09-12 13:47:45,647 [eb4af5da-c929-4f10-b53e-ce7f20abad1a@group-411631934A30-StateMachineUpdater] INFO  ratis.ContainerStateMachine (ContainerStateMachine.java:takeSnapshot(300)) - group-411631934A30: Finished taking a snapshot at:(t:2, i:13) file:/workdir/hadoop-ozone/integration-test/target/test-dir/MiniOzoneClusterImpl-98ba6956-8e51-4dc7-be59-62a375280f0b/datanode-0/data/ratis/dcf32ac8-d859-4fc8-9525-411631934a30/sm/snapshot.2_13 time:12
2019-09-12 13:47:45,647 [eb4af5da-c929-4f10-b53e-ce7f20abad1a@group-411631934A30-StateMachineUpdater] INFO  impl.StateMachineUpdater (StateMachineUpdater.java:takeSnapshot(258)) - eb4af5da-c929-4f10-b53e-ce7f20abad1a@group-411631934A30-StateMachineUpdater: Took a snapshot at index 13
2019-09-12 13:47:45,647 [eb4af5da-c929-4f10-b53e-ce7f20abad1a@group-411631934A30-StateMachineUpdater] INFO  impl.StateMachineUpdater (StateMachineUpdater.java:lambda$new$0(83)) - eb4af5da-c929-4f10-b53e-ce7f20abad1a@group-411631934A30-StateMachineUpdater: snapshotIndex: updateIncreasingly 13 -> 13
2019-09-12 13:47:45,648 [main] INFO  impl.RaftServerImpl (ServerState.java:close(385)) - eb4af5da-c929-4f10-b53e-ce7f20abad1a@group-411631934A30: closes. applyIndex: 16
2019-09-12 13:47:45,663 [eb4af5da-c929-4f10-b53e-ce7f20abad1a@group-411631934A30-SegmentedRaftLogWorker] ERROR ratis.XceiverServerRatis (XceiverServerRatis.java:triggerPipelineClose(568)) - pipeline Action CLOSE  on pipeline PipelineID=dcf32ac8-d859-4fc8-9525-411631934a30.Reason : WriteLog:19: (t:2, i:19), STATEMACHINELOGENTRY, client-ECFF5C766FEB, cid=40-writeStateMachineData interrupted.
2019-09-12 13:47:45,677 [main] INFO  segmented.SegmentedRaftLogWorker (SegmentedRaftLogWorker.java:close(228)) - eb4af5da-c929-4f10-b53e-ce7f20abad1a@group-411631934A30-SegmentedRaftLogWorker close()
2019-09-12 13:47:45,682 [main] INFO  impl.RaftServerImpl (RaftServerImpl.java:lambda$shutdown$3(251)) - eb4af5da-c929-4f10-b53e-ce7f20abad1a@group-35E83EEC39F9: shutdown
2019-09-12 13:47:45,682 [main] INFO  util.JmxRegister (JmxRegister.java:unregister(73)) - Successfully un-registered JMX Bean with object name Ratis:service=RaftServer,group=group-35E83EEC39F9,id=eb4af5da-c929-4f10-b53e-ce7f20abad1a
2019-09-12 13:47:45,683 [main] INFO  impl.RoleInfo (RoleInfo.java:shutdownLeaderState(104)) - eb4af5da-c929-4f10-b53e-ce7f20abad1a: shutdown LeaderState
2019-09-12 13:47:45,683 [main] INFO  impl.PendingRequests (PendingRequests.java:sendNotLeaderResponses(202)) - eb4af5da-c929-4f10-b53e-ce7f20abad1a-PendingRequests: sendNotLeaderResponses
2019-09-12 13:47:45,683 [main] INFO  impl.StateMachineUpdater (StateMachineUpdater.java:stopAndJoin(125)) - eb4af5da-c929-4f10-b53e-ce7f20abad1a@group-35E83EEC39F9-StateMachineUpdater: set stopIndex = 0
2019-09-12 13:47:45,684 [main] INFO  impl.RaftServerImpl (ServerState.java:close(385)) - eb4af5da-c929-4f10-b53e-ce7f20abad1a@group-35E83EEC39F9: closes. applyIndex: 0
2019-09-12 13:47:45,684 [eb4af5da-c929-4f10-b53e-ce7f20abad1a@group-35E83EEC39F9-SegmentedRaftLogWorker] INFO  segmented.SegmentedRaftLogWorker (SegmentedRaftLogWorker.java:run(313)) - eb4af5da-c929-4f10-b53e-ce7f20abad1a@group-35E83EEC39F9-SegmentedRaftLogWorker was interrupted, exiting. There are 0 tasks remaining in the queue.
2019-09-12 13:47:45,687 [main] INFO  segmented.SegmentedRaftLogWorker (SegmentedRaftLogWorker.java:close(228)) - eb4af5da-c929-4f10-b53e-ce7f20abad1a@group-35E83EEC39F9-SegmentedRaftLogWorker close()
2019-09-12 13:47:45,692 [main] INFO  server.GrpcService (GrpcService.java:closeImpl(164)) - eb4af5da-c929-4f10-b53e-ce7f20abad1a: shutdown server with port 38959 now
2019-09-12 13:47:45,695 [main] INFO  server.GrpcService (GrpcService.java:closeImpl(172)) - eb4af5da-c929-4f10-b53e-ce7f20abad1a: shutdown server with port 38959 successfully
2019-09-12 13:47:45,702 [refreshUsed-/workdir/hadoop-ozone/integration-test/target/test-dir/MiniOzoneClusterImpl-98ba6956-8e51-4dc7-be59-62a375280f0b/datanode-0/data/containers] WARN  fs.CachingGetSpaceUsed (CachingGetSpaceUsed.java:run(183)) - Thread Interrupted waiting to refresh disk information: sleep interrupted
2019-09-12 13:47:45,714 [main] INFO  utils.BackgroundService (BackgroundService.java:shutdown(148)) - Shutting down service BlockDeletingService
2019-09-12 13:47:45,721 [main] INFO  statemachine.DatanodeStateMachine (DatanodeStateMachine.java:stopDaemon(395)) - Ozone container server stopped.
2019-09-12 13:47:45,726 [main] INFO  handler.ContextHandler (ContextHandler.java:doStop(910)) - Stopped o.e.j.w.WebAppContext@476fe690{/,null,UNAVAILABLE}{/hddsDatanode}
2019-09-12 13:47:45,731 [main] INFO  server.AbstractConnector (AbstractConnector.java:doStop(318)) - Stopped ServerConnector@7a0e7ecd{HTTP/1.1,[http/1.1]}{0.0.0.0:0}
2019-09-12 13:47:45,731 [main] INFO  handler.ContextHandler (ContextHandler.java:doStop(910)) - Stopped o.e.j.s.ServletContextHandler@6920614{/static,jar:file:/home/user/.m2/repository/org/apache/hadoop/hadoop-hdds-container-service/0.5.0-SNAPSHOT/hadoop-hdds-container-service-0.5.0-SNAPSHOT.jar!/webapps/static,UNAVAILABLE}
2019-09-12 13:47:45,731 [main] INFO  handler.ContextHandler (ContextHandler.java:doStop(910)) - Stopped o.e.j.s.ServletContextHandler@1effd53c{/logs,file:///workdir/hadoop-ozone/integration-test/target/log,UNAVAILABLE}
2019-09-12 13:47:45,798 [grpc-default-executor-1] INFO  client.GrpcClientProtocolClient (GrpcClientProtocolClient.java:onNext(264)) - client-DC9C3C53DAD2->57ae412b-1391-4b0c-ad94-18127dd39aa0: receive RaftClientReply:client-DC9C3C53DAD2->57ae412b-1391-4b0c-ad94-18127dd39aa0@group-3636C80E75D6, cid=47, SUCCESS, logIndex=8, commits[57ae412b-1391-4b0c-ad94-18127dd39aa0:c11, 763d52db-3808-40b7-9749-d7ff45e81d9a:c7, 05e06da0-1d3a-4481-ab96-f6b3bccd14af:c7]
2019-09-12 13:47:45,800 [grpc-default-executor-1] INFO  client.GrpcClientProtocolClient (GrpcClientProtocolClient.java:onNext(264)) - client-DC9C3C53DAD2->57ae412b-1391-4b0c-ad94-18127dd39aa0: receive RaftClientReply:client-DC9C3C53DAD2->57ae412b-1391-4b0c-ad94-18127dd39aa0@group-3636C80E75D6, cid=48, SUCCESS, logIndex=9, commits[57ae412b-1391-4b0c-ad94-18127dd39aa0:c11, 763d52db-3808-40b7-9749-d7ff45e81d9a:c7, 05e06da0-1d3a-4481-ab96-f6b3bccd14af:c7]
2019-09-12 13:47:45,801 [grpc-default-executor-1] INFO  client.GrpcClientProtocolClient (GrpcClientProtocolClient.java:onNext(264)) - client-DC9C3C53DAD2->57ae412b-1391-4b0c-ad94-18127dd39aa0: receive RaftClientReply:client-DC9C3C53DAD2->57ae412b-1391-4b0c-ad94-18127dd39aa0@group-3636C80E75D6, cid=49, SUCCESS, logIndex=10, commits[57ae412b-1391-4b0c-ad94-18127dd39aa0:c11, 763d52db-3808-40b7-9749-d7ff45e81d9a:c7, 05e06da0-1d3a-4481-ab96-f6b3bccd14af:c7]
2019-09-12 13:47:45,802 [grpc-default-executor-1] INFO  client.GrpcClientProtocolClient (GrpcClientProtocolClient.java:onNext(264)) - client-DC9C3C53DAD2->57ae412b-1391-4b0c-ad94-18127dd39aa0: receive RaftClientReply:client-DC9C3C53DAD2->57ae412b-1391-4b0c-ad94-18127dd39aa0@group-3636C80E75D6, cid=50, SUCCESS, logIndex=11, commits[57ae412b-1391-4b0c-ad94-18127dd39aa0:c11, 763d52db-3808-40b7-9749-d7ff45e81d9a:c7, 05e06da0-1d3a-4481-ab96-f6b3bccd14af:c7]
2019-09-12 13:47:45,824 [grpc-default-executor-1] INFO  client.GrpcClientProtocolClient (GrpcClientProtocolClient.java:onNext(264)) - client-DC9C3C53DAD2->57ae412b-1391-4b0c-ad94-18127dd39aa0: receive RaftClientReply:client-DC9C3C53DAD2->57ae412b-1391-4b0c-ad94-18127dd39aa0@group-3636C80E75D6, cid=51, SUCCESS, logIndex=0, commits[57ae412b-1391-4b0c-ad94-18127dd39aa0:c15, 763d52db-3808-40b7-9749-d7ff45e81d9a:c11, 05e06da0-1d3a-4481-ab96-f6b3bccd14af:c9]
2019-09-12 13:47:45,827 [grpc-default-executor-1] INFO  client.GrpcClientProtocolClient (GrpcClientProtocolClient.java:onNext(264)) - client-DC9C3C53DAD2->57ae412b-1391-4b0c-ad94-18127dd39aa0: receive RaftClientReply:client-DC9C3C53DAD2->57ae412b-1391-4b0c-ad94-18127dd39aa0@group-3636C80E75D6, cid=52, SUCCESS, logIndex=0, commits[57ae412b-1391-4b0c-ad94-18127dd39aa0:c15, 763d52db-3808-40b7-9749-d7ff45e81d9a:c11, 05e06da0-1d3a-4481-ab96-f6b3bccd14af:c11]
2019-09-12 13:47:48,872 [java.util.concurrent.ThreadPoolExecutor$Worker@37f0faaa[State = -1, empty queue]] WARN  server.GrpcLogAppender (GrpcLogAppender.java:timeoutAppendRequest(200)) - 57ae412b-1391-4b0c-ad94-18127dd39aa0@group-3636C80E75D6->05e06da0-1d3a-4481-ab96-f6b3bccd14af-GrpcLogAppender: appendEntries Timeout, request=57ae412b-1391-4b0c-ad94-18127dd39aa0->05e06da0-1d3a-4481-ab96-f6b3bccd14af#66-t2, previous=(t:2, i:15), leaderCommit=15, initializing? false, entries: size=1, first=(t:2, i:16), STATEMACHINELOGENTRY, client-DC9C3C53DAD2, cid=53
2019-09-12 13:47:48,873 [java.util.concurrent.ThreadPoolExecutor$Worker@37f0faaa[State = -1, empty queue]] WARN  server.GrpcLogAppender (GrpcLogAppender.java:timeoutAppendRequest(200)) - 57ae412b-1391-4b0c-ad94-18127dd39aa0@group-3636C80E75D6->05e06da0-1d3a-4481-ab96-f6b3bccd14af-GrpcLogAppender: appendEntries Timeout, request=57ae412b-1391-4b0c-ad94-18127dd39aa0->05e06da0-1d3a-4481-ab96-f6b3bccd14af#67-t2, previous=(t:2, i:16), leaderCommit=15, initializing? false, entries: size=1, first=(t:2, i:17), STATEMACHINELOGENTRY, client-DC9C3C53DAD2, cid=54
2019-09-12 13:47:48,880 [java.util.concurrent.ThreadPoolExecutor$Worker@37f0faaa[State = -1, empty queue]] WARN  server.GrpcLogAppender (GrpcLogAppender.java:timeoutAppendRequest(200)) - 57ae412b-1391-4b0c-ad94-18127dd39aa0@group-3636C80E75D6->05e06da0-1d3a-4481-ab96-f6b3bccd14af-GrpcLogAppender: appendEntries Timeout, request=57ae412b-1391-4b0c-ad94-18127dd39aa0->05e06da0-1d3a-4481-ab96-f6b3bccd14af#68-t2, previous=(t:2, i:17), leaderCommit=15, initializing? false, entries: size=1, first=(t:2, i:18), STATEMACHINELOGENTRY, client-DC9C3C53DAD2, cid=55
2019-09-12 13:47:48,881 [java.util.concurrent.ThreadPoolExecutor$Worker@37f0faaa[State = -1, empty queue]] WARN  server.GrpcLogAppender (GrpcLogAppender.java:timeoutAppendRequest(200)) - 57ae412b-1391-4b0c-ad94-18127dd39aa0@group-3636C80E75D6->05e06da0-1d3a-4481-ab96-f6b3bccd14af-GrpcLogAppender: appendEntries Timeout, request=57ae412b-1391-4b0c-ad94-18127dd39aa0->05e06da0-1d3a-4481-ab96-f6b3bccd14af#69-t2, previous=(t:2, i:18), leaderCommit=15, initializing? false, entries: size=1, first=(t:2, i:19), STATEMACHINELOGENTRY, client-DC9C3C53DAD2, cid=56
2019-09-12 13:47:49,382 [java.util.concurrent.ThreadPoolExecutor$Worker@37f0faaa[State = -1, empty queue]] WARN  server.GrpcLogAppender (GrpcLogAppender.java:timeoutAppendRequest(200)) - 57ae412b-1391-4b0c-ad94-18127dd39aa0@group-3636C80E75D6->05e06da0-1d3a-4481-ab96-f6b3bccd14af-GrpcLogAppender: appendEntries Timeout, request=57ae412b-1391-4b0c-ad94-18127dd39aa0->05e06da0-1d3a-4481-ab96-f6b3bccd14af#70-t2, previous=(t:2, i:19), leaderCommit=15, initializing? false, entries: <empty>
2019-09-12 13:47:49,882 [java.util.concurrent.ThreadPoolExecutor$Worker@37f0faaa[State = -1, empty queue]] WARN  server.GrpcLogAppender (GrpcLogAppender.java:timeoutAppendRequest(200)) - 57ae412b-1391-4b0c-ad94-18127dd39aa0@group-3636C80E75D6->05e06da0-1d3a-4481-ab96-f6b3bccd14af-GrpcLogAppender: appendEntries Timeout, request=57ae412b-1391-4b0c-ad94-18127dd39aa0->05e06da0-1d3a-4481-ab96-f6b3bccd14af#71-t2, previous=(t:2, i:19), leaderCommit=15, initializing? false, entries: <empty>
2019-09-12 13:47:50,382 [java.util.concurrent.ThreadPoolExecutor$Worker@37f0faaa[State = -1, empty queue]] WARN  server.GrpcLogAppender (GrpcLogAppender.java:timeoutAppendRequest(200)) - 57ae412b-1391-4b0c-ad94-18127dd39aa0@group-3636C80E75D6->05e06da0-1d3a-4481-ab96-f6b3bccd14af-GrpcLogAppender: appendEntries Timeout, request=57ae412b-1391-4b0c-ad94-18127dd39aa0->05e06da0-1d3a-4481-ab96-f6b3bccd14af#72-t2, previous=(t:2, i:19), leaderCommit=15, initializing? false, entries: <empty>
2019-09-12 13:47:50,883 [java.util.concurrent.ThreadPoolExecutor$Worker@37f0faaa[State = -1, empty queue]] WARN  server.GrpcLogAppender (GrpcLogAppender.java:timeoutAppendRequest(200)) - 57ae412b-1391-4b0c-ad94-18127dd39aa0@group-3636C80E75D6->05e06da0-1d3a-4481-ab96-f6b3bccd14af-GrpcLogAppender: appendEntries Timeout, request=57ae412b-1391-4b0c-ad94-18127dd39aa0->05e06da0-1d3a-4481-ab96-f6b3bccd14af#73-t2, previous=(t:2, i:19), leaderCommit=15, initializing? false, entries: <empty>
2019-09-12 13:47:50,922 [grpc-default-executor-4] INFO  client.GrpcClientProtocolClient (GrpcClientProtocolClient.java:onNext(264)) - client-DC9C3C53DAD2->763d52db-3808-40b7-9749-d7ff45e81d9a: receive RaftClientReply:client-DC9C3C53DAD2->763d52db-3808-40b7-9749-d7ff45e81d9a@group-3636C80E75D6, cid=53, FAILED org.apache.ratis.protocol.NotLeaderException: Server 763d52db-3808-40b7-9749-d7ff45e81d9a@group-3636C80E75D6 is not the leader 57ae412b-1391-4b0c-ad94-18127dd39aa0:192.168.34.38:39194, logIndex=0, commits[763d52db-3808-40b7-9749-d7ff45e81d9a:c15, 05e06da0-1d3a-4481-ab96-f6b3bccd14af:c11, 57ae412b-1391-4b0c-ad94-18127dd39aa0:c15]
2019-09-12 13:47:51,383 [java.util.concurrent.ThreadPoolExecutor$Worker@37f0faaa[State = -1, empty queue]] WARN  server.GrpcLogAppender (GrpcLogAppender.java:timeoutAppendRequest(200)) - 57ae412b-1391-4b0c-ad94-18127dd39aa0@group-3636C80E75D6->05e06da0-1d3a-4481-ab96-f6b3bccd14af-GrpcLogAppender: appendEntries Timeout, request=57ae412b-1391-4b0c-ad94-18127dd39aa0->05e06da0-1d3a-4481-ab96-f6b3bccd14af#74-t2, previous=(t:2, i:19), leaderCommit=15, initializing? false, entries: <empty>
2019-09-12 13:47:51,592 [7dd3d51f-7703-47e1-b378-11db862d4d4b@group-411631934A30-SegmentedRaftLogWorker] WARN  segmented.SegmentedRaftLogWorker (SegmentedRaftLogWorker.java:getFromFuture(90)) - Timeout 2/~
org.apache.ratis.protocol.TimeoutIOException: Timeout 10s: WriteLog:19: (t:2, i:19), STATEMACHINELOGENTRY, client-ECFF5C766FEB, cid=40-writeStateMachineData
	at org.apache.ratis.util.IOUtils.getFromFuture(IOUtils.java:87)
	at org.apache.ratis.server.raftlog.segmented.SegmentedRaftLogWorker$StateMachineDataPolicy.getFromFuture(SegmentedRaftLogWorker.java:87)
	at org.apache.ratis.server.raftlog.segmented.SegmentedRaftLogWorker$WriteLog.execute(SegmentedRaftLogWorker.java:477)
	at org.apache.ratis.server.raftlog.segmented.SegmentedRaftLogWorker.run(SegmentedRaftLogWorker.java:289)
	at java.lang.Thread.run(Thread.java:748)
Caused by: java.util.concurrent.TimeoutException
	at java.util.concurrent.CompletableFuture.timedGet(CompletableFuture.java:1771)
	at java.util.concurrent.CompletableFuture.get(CompletableFuture.java:1915)
	at org.apache.ratis.util.IOUtils.getFromFuture(IOUtils.java:79)
	... 4 more
2019-09-12 13:47:51,596 [76a15b5a-6854-49a0-8818-73e3745045ae@group-411631934A30-SegmentedRaftLogWorker] WARN  segmented.SegmentedRaftLogWorker (SegmentedRaftLogWorker.java:getFromFuture(90)) - Timeout 2/~
org.apache.ratis.protocol.TimeoutIOException: Timeout 10s: WriteLog:19: (t:2, i:19), STATEMACHINELOGENTRY, client-ECFF5C766FEB, cid=40-writeStateMachineData
	at org.apache.ratis.util.IOUtils.getFromFuture(IOUtils.java:87)
	at org.apache.ratis.server.raftlog.segmented.SegmentedRaftLogWorker$StateMachineDataPolicy.getFromFuture(SegmentedRaftLogWorker.java:87)
	at org.apache.ratis.server.raftlog.segmented.SegmentedRaftLogWorker$WriteLog.execute(SegmentedRaftLogWorker.java:477)
	at org.apache.ratis.server.raftlog.segmented.SegmentedRaftLogWorker.run(SegmentedRaftLogWorker.java:289)
	at java.lang.Thread.run(Thread.java:748)
Caused by: java.util.concurrent.TimeoutException
	at java.util.concurrent.CompletableFuture.timedGet(CompletableFuture.java:1771)
	at java.util.concurrent.CompletableFuture.get(CompletableFuture.java:1915)
	at org.apache.ratis.util.IOUtils.getFromFuture(IOUtils.java:79)
	... 4 more
2019-09-12 13:47:51,883 [java.util.concurrent.ThreadPoolExecutor$Worker@37f0faaa[State = -1, empty queue]] WARN  server.GrpcLogAppender (GrpcLogAppender.java:timeoutAppendRequest(200)) - 57ae412b-1391-4b0c-ad94-18127dd39aa0@group-3636C80E75D6->05e06da0-1d3a-4481-ab96-f6b3bccd14af-GrpcLogAppender: appendEntries Timeout, request=57ae412b-1391-4b0c-ad94-18127dd39aa0->05e06da0-1d3a-4481-ab96-f6b3bccd14af#75-t2, previous=(t:2, i:19), leaderCommit=15, initializing? false, entries: <empty>
2019-09-12 13:47:52,383 [java.util.concurrent.ThreadPoolExecutor$Worker@37f0faaa[State = -1, empty queue]] WARN  server.GrpcLogAppender (GrpcLogAppender.java:timeoutAppendRequest(200)) - 57ae412b-1391-4b0c-ad94-18127dd39aa0@group-3636C80E75D6->05e06da0-1d3a-4481-ab96-f6b3bccd14af-GrpcLogAppender: appendEntries Timeout, request=57ae412b-1391-4b0c-ad94-18127dd39aa0->05e06da0-1d3a-4481-ab96-f6b3bccd14af#76-t2, previous=(t:2, i:19), leaderCommit=15, initializing? false, entries: <empty>
2019-09-12 13:47:52,884 [java.util.concurrent.ThreadPoolExecutor$Worker@37f0faaa[State = -1, empty queue]] WARN  server.GrpcLogAppender (GrpcLogAppender.java:timeoutAppendRequest(200)) - 57ae412b-1391-4b0c-ad94-18127dd39aa0@group-3636C80E75D6->05e06da0-1d3a-4481-ab96-f6b3bccd14af-GrpcLogAppender: appendEntries Timeout, request=57ae412b-1391-4b0c-ad94-18127dd39aa0->05e06da0-1d3a-4481-ab96-f6b3bccd14af#77-t2, previous=(t:2, i:19), leaderCommit=15, initializing? false, entries: <empty>
2019-09-12 13:47:53,384 [java.util.concurrent.ThreadPoolExecutor$Worker@37f0faaa[State = -1, empty queue]] WARN  server.GrpcLogAppender (GrpcLogAppender.java:timeoutAppendRequest(200)) - 57ae412b-1391-4b0c-ad94-18127dd39aa0@group-3636C80E75D6->05e06da0-1d3a-4481-ab96-f6b3bccd14af-GrpcLogAppender: appendEntries Timeout, request=57ae412b-1391-4b0c-ad94-18127dd39aa0->05e06da0-1d3a-4481-ab96-f6b3bccd14af#78-t2, previous=(t:2, i:19), leaderCommit=15, initializing? false, entries: <empty>
2019-09-12 13:47:53,885 [java.util.concurrent.ThreadPoolExecutor$Worker@37f0faaa[State = -1, empty queue]] WARN  server.GrpcLogAppender (GrpcLogAppender.java:timeoutAppendRequest(200)) - 57ae412b-1391-4b0c-ad94-18127dd39aa0@group-3636C80E75D6->05e06da0-1d3a-4481-ab96-f6b3bccd14af-GrpcLogAppender: appendEntries Timeout, request=57ae412b-1391-4b0c-ad94-18127dd39aa0->05e06da0-1d3a-4481-ab96-f6b3bccd14af#79-t2, previous=(t:2, i:19), leaderCommit=15, initializing? false, entries: <empty>
2019-09-12 13:47:54,385 [java.util.concurrent.ThreadPoolExecutor$Worker@37f0faaa[State = -1, empty queue]] WARN  server.GrpcLogAppender (GrpcLogAppender.java:timeoutAppendRequest(200)) - 57ae412b-1391-4b0c-ad94-18127dd39aa0@group-3636C80E75D6->05e06da0-1d3a-4481-ab96-f6b3bccd14af-GrpcLogAppender: appendEntries Timeout, request=57ae412b-1391-4b0c-ad94-18127dd39aa0->05e06da0-1d3a-4481-ab96-f6b3bccd14af#80-t2, previous=(t:2, i:19), leaderCommit=15, initializing? false, entries: <empty>
2019-09-12 13:47:54,885 [java.util.concurrent.ThreadPoolExecutor$Worker@37f0faaa[State = -1, empty queue]] WARN  server.GrpcLogAppender (GrpcLogAppender.java:timeoutAppendRequest(200)) - 57ae412b-1391-4b0c-ad94-18127dd39aa0@group-3636C80E75D6->05e06da0-1d3a-4481-ab96-f6b3bccd14af-GrpcLogAppender: appendEntries Timeout, request=57ae412b-1391-4b0c-ad94-18127dd39aa0->05e06da0-1d3a-4481-ab96-f6b3bccd14af#81-t2, previous=(t:2, i:19), leaderCommit=15, initializing? false, entries: <empty>
2019-09-12 13:47:55,385 [java.util.concurrent.ThreadPoolExecutor$Worker@37f0faaa[State = -1, empty queue]] WARN  server.GrpcLogAppender (GrpcLogAppender.java:timeoutAppendRequest(200)) - 57ae412b-1391-4b0c-ad94-18127dd39aa0@group-3636C80E75D6->05e06da0-1d3a-4481-ab96-f6b3bccd14af-GrpcLogAppender: appendEntries Timeout, request=57ae412b-1391-4b0c-ad94-18127dd39aa0->05e06da0-1d3a-4481-ab96-f6b3bccd14af#82-t2, previous=(t:2, i:19), leaderCommit=15, initializing? false, entries: <empty>
2019-09-12 13:47:55,871 [57ae412b-1391-4b0c-ad94-18127dd39aa0@group-3636C80E75D6-SegmentedRaftLogWorker] WARN  segmented.SegmentedRaftLogWorker (SegmentedRaftLogWorker.java:getFromFuture(90)) - Timeout 0/~
org.apache.ratis.protocol.TimeoutIOException: Timeout 10s: WriteLog:16: (t:2, i:16), STATEMACHINELOGENTRY, client-DC9C3C53DAD2, cid=53-writeStateMachineData
	at org.apache.ratis.util.IOUtils.getFromFuture(IOUtils.java:87)
	at org.apache.ratis.server.raftlog.segmented.SegmentedRaftLogWorker$StateMachineDataPolicy.getFromFuture(SegmentedRaftLogWorker.java:87)
	at org.apache.ratis.server.raftlog.segmented.SegmentedRaftLogWorker$WriteLog.execute(SegmentedRaftLogWorker.java:477)
	at org.apache.ratis.server.raftlog.segmented.SegmentedRaftLogWorker.run(SegmentedRaftLogWorker.java:289)
	at java.lang.Thread.run(Thread.java:748)
Caused by: java.util.concurrent.TimeoutException
	at java.util.concurrent.CompletableFuture.timedGet(CompletableFuture.java:1771)
	at java.util.concurrent.CompletableFuture.get(CompletableFuture.java:1915)
	at org.apache.ratis.util.IOUtils.getFromFuture(IOUtils.java:79)
	... 4 more
2019-09-12 13:47:55,882 [05e06da0-1d3a-4481-ab96-f6b3bccd14af@group-3636C80E75D6-SegmentedRaftLogWorker] WARN  segmented.SegmentedRaftLogWorker (SegmentedRaftLogWorker.java:getFromFuture(90)) - Timeout 0/~
org.apache.ratis.protocol.TimeoutIOException: Timeout 10s: WriteLog:16: (t:2, i:16), STATEMACHINELOGENTRY, client-DC9C3C53DAD2, cid=53-writeStateMachineData
	at org.apache.ratis.util.IOUtils.getFromFuture(IOUtils.java:87)
	at org.apache.ratis.server.raftlog.segmented.SegmentedRaftLogWorker$StateMachineDataPolicy.getFromFuture(SegmentedRaftLogWorker.java:87)
	at org.apache.ratis.server.raftlog.segmented.SegmentedRaftLogWorker$WriteLog.execute(SegmentedRaftLogWorker.java:477)
	at org.apache.ratis.server.raftlog.segmented.SegmentedRaftLogWorker.run(SegmentedRaftLogWorker.java:289)
	at java.lang.Thread.run(Thread.java:748)
Caused by: java.util.concurrent.TimeoutException
	at java.util.concurrent.CompletableFuture.timedGet(CompletableFuture.java:1771)
	at java.util.concurrent.CompletableFuture.get(CompletableFuture.java:1915)
	at org.apache.ratis.util.IOUtils.getFromFuture(IOUtils.java:79)
	... 4 more
2019-09-12 13:47:55,886 [java.util.concurrent.ThreadPoolExecutor$Worker@37f0faaa[State = -1, empty queue]] WARN  server.GrpcLogAppender (GrpcLogAppender.java:timeoutAppendRequest(200)) - 57ae412b-1391-4b0c-ad94-18127dd39aa0@group-3636C80E75D6->05e06da0-1d3a-4481-ab96-f6b3bccd14af-GrpcLogAppender: appendEntries Timeout, request=57ae412b-1391-4b0c-ad94-18127dd39aa0->05e06da0-1d3a-4481-ab96-f6b3bccd14af#83-t2, previous=(t:2, i:19), leaderCommit=15, initializing? false, entries: <empty>
2019-09-12 13:47:55,979 [grpc-default-executor-4] INFO  client.GrpcClientProtocolClient (GrpcClientProtocolClient.java:onNext(264)) - client-DC9C3C53DAD2->763d52db-3808-40b7-9749-d7ff45e81d9a: receive RaftClientReply:client-DC9C3C53DAD2->763d52db-3808-40b7-9749-d7ff45e81d9a@group-3636C80E75D6, cid=53, FAILED org.apache.ratis.protocol.NotLeaderException: Server 763d52db-3808-40b7-9749-d7ff45e81d9a@group-3636C80E75D6 is not the leader 57ae412b-1391-4b0c-ad94-18127dd39aa0:192.168.34.38:39194, logIndex=0, commits[763d52db-3808-40b7-9749-d7ff45e81d9a:c15, 05e06da0-1d3a-4481-ab96-f6b3bccd14af:c11, 57ae412b-1391-4b0c-ad94-18127dd39aa0:c15]
2019-09-12 13:47:56,386 [java.util.concurrent.ThreadPoolExecutor$Worker@37f0faaa[State = -1, empty queue]] WARN  server.GrpcLogAppender (GrpcLogAppender.java:timeoutAppendRequest(200)) - 57ae412b-1391-4b0c-ad94-18127dd39aa0@group-3636C80E75D6->05e06da0-1d3a-4481-ab96-f6b3bccd14af-GrpcLogAppender: appendEntries Timeout, request=57ae412b-1391-4b0c-ad94-18127dd39aa0->05e06da0-1d3a-4481-ab96-f6b3bccd14af#84-t2, previous=(t:2, i:19), leaderCommit=15, initializing? false, entries: <empty>
2019-09-12 13:47:56,886 [java.util.concurrent.ThreadPoolExecutor$Worker@37f0faaa[State = -1, empty queue]] WARN  server.GrpcLogAppender (GrpcLogAppender.java:timeoutAppendRequest(200)) - 57ae412b-1391-4b0c-ad94-18127dd39aa0@group-3636C80E75D6->05e06da0-1d3a-4481-ab96-f6b3bccd14af-GrpcLogAppender: appendEntries Timeout, request=57ae412b-1391-4b0c-ad94-18127dd39aa0->05e06da0-1d3a-4481-ab96-f6b3bccd14af#85-t2, previous=(t:2, i:19), leaderCommit=15, initializing? false, entries: <empty>
2019-09-12 13:47:57,387 [java.util.concurrent.ThreadPoolExecutor$Worker@37f0faaa[State = -1, empty queue]] WARN  server.GrpcLogAppender (GrpcLogAppender.java:timeoutAppendRequest(200)) - 57ae412b-1391-4b0c-ad94-18127dd39aa0@group-3636C80E75D6->05e06da0-1d3a-4481-ab96-f6b3bccd14af-GrpcLogAppender: appendEntries Timeout, request=57ae412b-1391-4b0c-ad94-18127dd39aa0->05e06da0-1d3a-4481-ab96-f6b3bccd14af#86-t2, previous=(t:2, i:19), leaderCommit=15, initializing? false, entries: <empty>
2019-09-12 13:47:57,887 [java.util.concurrent.ThreadPoolExecutor$Worker@37f0faaa[State = -1, empty queue]] WARN  server.GrpcLogAppender (GrpcLogAppender.java:timeoutAppendRequest(200)) - 57ae412b-1391-4b0c-ad94-18127dd39aa0@group-3636C80E75D6->05e06da0-1d3a-4481-ab96-f6b3bccd14af-GrpcLogAppender: appendEntries Timeout, request=57ae412b-1391-4b0c-ad94-18127dd39aa0->05e06da0-1d3a-4481-ab96-f6b3bccd14af#87-t2, previous=(t:2, i:19), leaderCommit=15, initializing? false, entries: <empty>
2019-09-12 13:47:58,387 [java.util.concurrent.ThreadPoolExecutor$Worker@37f0faaa[State = -1, empty queue]] WARN  server.GrpcLogAppender (GrpcLogAppender.java:timeoutAppendRequest(200)) - 57ae412b-1391-4b0c-ad94-18127dd39aa0@group-3636C80E75D6->05e06da0-1d3a-4481-ab96-f6b3bccd14af-GrpcLogAppender: appendEntries Timeout, request=57ae412b-1391-4b0c-ad94-18127dd39aa0->05e06da0-1d3a-4481-ab96-f6b3bccd14af#88-t2, previous=(t:2, i:19), leaderCommit=15, initializing? false, entries: <empty>
2019-09-12 13:47:58,887 [java.util.concurrent.ThreadPoolExecutor$Worker@37f0faaa[State = -1, empty queue]] WARN  server.GrpcLogAppender (GrpcLogAppender.java:timeoutAppendRequest(200)) - 57ae412b-1391-4b0c-ad94-18127dd39aa0@group-3636C80E75D6->05e06da0-1d3a-4481-ab96-f6b3bccd14af-GrpcLogAppender: appendEntries Timeout, request=57ae412b-1391-4b0c-ad94-18127dd39aa0->05e06da0-1d3a-4481-ab96-f6b3bccd14af#89-t2, previous=(t:2, i:19), leaderCommit=15, initializing? false, entries: <empty>
2019-09-12 13:47:59,388 [java.util.concurrent.ThreadPoolExecutor$Worker@37f0faaa[State = -1, empty queue]] WARN  server.GrpcLogAppender (GrpcLogAppender.java:timeoutAppendRequest(200)) - 57ae412b-1391-4b0c-ad94-18127dd39aa0@group-3636C80E75D6->05e06da0-1d3a-4481-ab96-f6b3bccd14af-GrpcLogAppender: appendEntries Timeout, request=57ae412b-1391-4b0c-ad94-18127dd39aa0->05e06da0-1d3a-4481-ab96-f6b3bccd14af#90-t2, previous=(t:2, i:19), leaderCommit=15, initializing? false, entries: <empty>
2019-09-12 13:47:59,888 [java.util.concurrent.ThreadPoolExecutor$Worker@37f0faaa[State = -1, empty queue]] WARN  server.GrpcLogAppender (GrpcLogAppender.java:timeoutAppendRequest(200)) - 57ae412b-1391-4b0c-ad94-18127dd39aa0@group-3636C80E75D6->05e06da0-1d3a-4481-ab96-f6b3bccd14af-GrpcLogAppender: appendEntries Timeout, request=57ae412b-1391-4b0c-ad94-18127dd39aa0->05e06da0-1d3a-4481-ab96-f6b3bccd14af#91-t2, previous=(t:2, i:19), leaderCommit=15, initializing? false, entries: <empty>
2019-09-12 13:48:00,388 [java.util.concurrent.ThreadPoolExecutor$Worker@37f0faaa[State = -1, empty queue]] WARN  server.GrpcLogAppender (GrpcLogAppender.java:timeoutAppendRequest(200)) - 57ae412b-1391-4b0c-ad94-18127dd39aa0@group-3636C80E75D6->05e06da0-1d3a-4481-ab96-f6b3bccd14af-GrpcLogAppender: appendEntries Timeout, request=57ae412b-1391-4b0c-ad94-18127dd39aa0->05e06da0-1d3a-4481-ab96-f6b3bccd14af#92-t2, previous=(t:2, i:19), leaderCommit=15, initializing? false, entries: <empty>
2019-09-12 13:48:00,888 [java.util.concurrent.ThreadPoolExecutor$Worker@37f0faaa[State = -1, empty queue]] WARN  server.GrpcLogAppender (GrpcLogAppender.java:timeoutAppendRequest(200)) - 57ae412b-1391-4b0c-ad94-18127dd39aa0@group-3636C80E75D6->05e06da0-1d3a-4481-ab96-f6b3bccd14af-GrpcLogAppender: appendEntries Timeout, request=57ae412b-1391-4b0c-ad94-18127dd39aa0->05e06da0-1d3a-4481-ab96-f6b3bccd14af#93-t2, previous=(t:2, i:19), leaderCommit=15, initializing? false, entries: <empty>
2019-09-12 13:48:01,038 [grpc-default-executor-7] INFO  client.GrpcClientProtocolClient (GrpcClientProtocolClient.java:onNext(264)) - client-DC9C3C53DAD2->763d52db-3808-40b7-9749-d7ff45e81d9a: receive RaftClientReply:client-DC9C3C53DAD2->763d52db-3808-40b7-9749-d7ff45e81d9a@group-3636C80E75D6, cid=53, FAILED org.apache.ratis.protocol.NotLeaderException: Server 763d52db-3808-40b7-9749-d7ff45e81d9a@group-3636C80E75D6 is not the leader 57ae412b-1391-4b0c-ad94-18127dd39aa0:192.168.34.38:39194, logIndex=0, commits[763d52db-3808-40b7-9749-d7ff45e81d9a:c15, 05e06da0-1d3a-4481-ab96-f6b3bccd14af:c11, 57ae412b-1391-4b0c-ad94-18127dd39aa0:c15]
2019-09-12 13:48:01,389 [java.util.concurrent.ThreadPoolExecutor$Worker@37f0faaa[State = -1, empty queue]] WARN  server.GrpcLogAppender (GrpcLogAppender.java:timeoutAppendRequest(200)) - 57ae412b-1391-4b0c-ad94-18127dd39aa0@group-3636C80E75D6->05e06da0-1d3a-4481-ab96-f6b3bccd14af-GrpcLogAppender: appendEntries Timeout, request=57ae412b-1391-4b0c-ad94-18127dd39aa0->05e06da0-1d3a-4481-ab96-f6b3bccd14af#94-t2, previous=(t:2, i:19), leaderCommit=15, initializing? false, entries: <empty>
2019-09-12 13:48:01,597 [7dd3d51f-7703-47e1-b378-11db862d4d4b@group-411631934A30-SegmentedRaftLogWorker] WARN  segmented.SegmentedRaftLogWorker (SegmentedRaftLogWorker.java:getFromFuture(90)) - Timeout 3/~
org.apache.ratis.protocol.TimeoutIOException: Timeout 10s: WriteLog:19: (t:2, i:19), STATEMACHINELOGENTRY, client-ECFF5C766FEB, cid=40-writeStateMachineData
	at org.apache.ratis.util.IOUtils.getFromFuture(IOUtils.java:87)
	at org.apache.ratis.server.raftlog.segmented.SegmentedRaftLogWorker$StateMachineDataPolicy.getFromFuture(SegmentedRaftLogWorker.java:87)
	at org.apache.ratis.server.raftlog.segmented.SegmentedRaftLogWorker$WriteLog.execute(SegmentedRaftLogWorker.java:477)
	at org.apache.ratis.server.raftlog.segmented.SegmentedRaftLogWorker.run(SegmentedRaftLogWorker.java:289)
	at java.lang.Thread.run(Thread.java:748)
Caused by: java.util.concurrent.TimeoutException
	at java.util.concurrent.CompletableFuture.timedGet(CompletableFuture.java:1771)
	at java.util.concurrent.CompletableFuture.get(CompletableFuture.java:1915)
	at org.apache.ratis.util.IOUtils.getFromFuture(IOUtils.java:79)
	... 4 more
2019-09-12 13:48:01,603 [76a15b5a-6854-49a0-8818-73e3745045ae@group-411631934A30-SegmentedRaftLogWorker] WARN  segmented.SegmentedRaftLogWorker (SegmentedRaftLogWorker.java:getFromFuture(90)) - Timeout 3/~
org.apache.ratis.protocol.TimeoutIOException: Timeout 10s: WriteLog:19: (t:2, i:19), STATEMACHINELOGENTRY, client-ECFF5C766FEB, cid=40-writeStateMachineData
	at org.apache.ratis.util.IOUtils.getFromFuture(IOUtils.java:87)
	at org.apache.ratis.server.raftlog.segmented.SegmentedRaftLogWorker$StateMachineDataPolicy.getFromFuture(SegmentedRaftLogWorker.java:87)
	at org.apache.ratis.server.raftlog.segmented.SegmentedRaftLogWorker$WriteLog.execute(SegmentedRaftLogWorker.java:477)
	at org.apache.ratis.server.raftlog.segmented.SegmentedRaftLogWorker.run(SegmentedRaftLogWorker.java:289)
	at java.lang.Thread.run(Thread.java:748)
Caused by: java.util.concurrent.TimeoutException
	at java.util.concurrent.CompletableFuture.timedGet(CompletableFuture.java:1771)
	at java.util.concurrent.CompletableFuture.get(CompletableFuture.java:1915)
	at org.apache.ratis.util.IOUtils.getFromFuture(IOUtils.java:79)
	... 4 more
2019-09-12 13:48:01,889 [java.util.concurrent.ThreadPoolExecutor$Worker@37f0faaa[State = -1, empty queue]] WARN  server.GrpcLogAppender (GrpcLogAppender.java:timeoutAppendRequest(200)) - 57ae412b-1391-4b0c-ad94-18127dd39aa0@group-3636C80E75D6->05e06da0-1d3a-4481-ab96-f6b3bccd14af-GrpcLogAppender: appendEntries Timeout, request=57ae412b-1391-4b0c-ad94-18127dd39aa0->05e06da0-1d3a-4481-ab96-f6b3bccd14af#95-t2, previous=(t:2, i:19), leaderCommit=15, initializing? false, entries: <empty>
2019-09-12 13:48:02,389 [java.util.concurrent.ThreadPoolExecutor$Worker@37f0faaa[State = -1, empty queue]] WARN  server.GrpcLogAppender (GrpcLogAppender.java:timeoutAppendRequest(200)) - 57ae412b-1391-4b0c-ad94-18127dd39aa0@group-3636C80E75D6->05e06da0-1d3a-4481-ab96-f6b3bccd14af-GrpcLogAppender: appendEntries Timeout, request=57ae412b-1391-4b0c-ad94-18127dd39aa0->05e06da0-1d3a-4481-ab96-f6b3bccd14af#96-t2, previous=(t:2, i:19), leaderCommit=15, initializing? false, entries: <empty>
2019-09-12 13:48:02,889 [java.util.concurrent.ThreadPoolExecutor$Worker@37f0faaa[State = -1, empty queue]] WARN  server.GrpcLogAppender (GrpcLogAppender.java:timeoutAppendRequest(200)) - 57ae412b-1391-4b0c-ad94-18127dd39aa0@group-3636C80E75D6->05e06da0-1d3a-4481-ab96-f6b3bccd14af-GrpcLogAppender: appendEntries Timeout, request=57ae412b-1391-4b0c-ad94-18127dd39aa0->05e06da0-1d3a-4481-ab96-f6b3bccd14af#97-t2, previous=(t:2, i:19), leaderCommit=15, initializing? false, entries: <empty>
2019-09-12 13:48:03,389 [java.util.concurrent.ThreadPoolExecutor$Worker@37f0faaa[State = -1, empty queue]] WARN  server.GrpcLogAppender (GrpcLogAppender.java:timeoutAppendRequest(200)) - 57ae412b-1391-4b0c-ad94-18127dd39aa0@group-3636C80E75D6->05e06da0-1d3a-4481-ab96-f6b3bccd14af-GrpcLogAppender: appendEntries Timeout, request=57ae412b-1391-4b0c-ad94-18127dd39aa0->05e06da0-1d3a-4481-ab96-f6b3bccd14af#98-t2, previous=(t:2, i:19), leaderCommit=15, initializing? false, entries: <empty>
2019-09-12 13:48:03,890 [java.util.concurrent.ThreadPoolExecutor$Worker@37f0faaa[State = -1, empty queue]] WARN  server.GrpcLogAppender (GrpcLogAppender.java:timeoutAppendRequest(200)) - 57ae412b-1391-4b0c-ad94-18127dd39aa0@group-3636C80E75D6->05e06da0-1d3a-4481-ab96-f6b3bccd14af-GrpcLogAppender: appendEntries Timeout, request=57ae412b-1391-4b0c-ad94-18127dd39aa0->05e06da0-1d3a-4481-ab96-f6b3bccd14af#99-t2, previous=(t:2, i:19), leaderCommit=15, initializing? false, entries: <empty>
2019-09-12 13:48:04,115 [main] WARN  io.KeyOutputStream (KeyOutputStream.java:handleException(276)) - Encountered exception java.io.IOException: Unexpected Storage Container Exception: java.util.concurrent.CompletionException: java.util.concurrent.CompletionException: org.apache.ratis.protocol.RaftRetryFailureException: Failed RaftClientRequest:client-DC9C3C53DAD2->57ae412b-1391-4b0c-ad94-18127dd39aa0@group-3636C80E75D6, cid=53, seq=9*, RW, org.apache.hadoop.hdds.scm.XceiverClientRatis$$Lambda$477/1566285515@66ba8962 for 10 attempts with RetryLimited(maxAttempts=10, sleepTime=1000ms) on the pipeline Pipeline[ Id: 4c8f1a2d-9002-479d-9c36-3636c80e75d6, Nodes: 05e06da0-1d3a-4481-ab96-f6b3bccd14af{ip: 192.168.34.38, host: pr-hdds-2007-65vhz-3510356991, networkLocation: /default-rack, certSerialId: null}763d52db-3808-40b7-9749-d7ff45e81d9a{ip: 192.168.34.38, host: pr-hdds-2007-65vhz-3510356991, networkLocation: /default-rack, certSerialId: null}57ae412b-1391-4b0c-ad94-18127dd39aa0{ip: 192.168.34.38, host: pr-hdds-2007-65vhz-3510356991, networkLocation: /default-rack, certSerialId: null}, Type:RATIS, Factor:THREE, State:OPEN]. The last committed block length is 0, uncommitted data length is 2097152 retry count 0
2019-09-12 13:48:04,205 [grpc-default-executor-3] INFO  client.GrpcClientProtocolClient (GrpcClientProtocolClient.java:onNext(264)) - client-06A0480B634B->6ac4bcf8-6973-4d27-bc88-57130dead3af: receive RaftClientReply:client-06A0480B634B->6ac4bcf8-6973-4d27-bc88-57130dead3af@group-FF9390A4C18C, cid=57, FAILED org.apache.ratis.protocol.NotLeaderException: Server 6ac4bcf8-6973-4d27-bc88-57130dead3af@group-FF9390A4C18C is not the leader 92e4cfa5-488b-4a46-94d1-80a7c527ff9a:192.168.34.38:36780, logIndex=0, commits[6ac4bcf8-6973-4d27-bc88-57130dead3af:c16, 3ef341d8-3296-48d4-9b49-005c11ca2b71:c16, 92e4cfa5-488b-4a46-94d1-80a7c527ff9a:c16]
2019-09-12 13:48:04,359 [grpc-default-executor-3] INFO  client.GrpcClientProtocolClient (GrpcClientProtocolClient.java:onNext(264)) - client-06A0480B634B->92e4cfa5-488b-4a46-94d1-80a7c527ff9a: receive RaftClientReply:client-06A0480B634B->92e4cfa5-488b-4a46-94d1-80a7c527ff9a@group-FF9390A4C18C, cid=57, SUCCESS, logIndex=17, commits[92e4cfa5-488b-4a46-94d1-80a7c527ff9a:c17, 6ac4bcf8-6973-4d27-bc88-57130dead3af:c16, 3ef341d8-3296-48d4-9b49-005c11ca2b71:c16]
2019-09-12 13:48:04,390 [java.util.concurrent.ThreadPoolExecutor$Worker@37f0faaa[State = -1, empty queue]] WARN  server.GrpcLogAppender (GrpcLogAppender.java:timeoutAppendRequest(200)) - 57ae412b-1391-4b0c-ad94-18127dd39aa0@group-3636C80E75D6->05e06da0-1d3a-4481-ab96-f6b3bccd14af-GrpcLogAppender: appendEntries Timeout, request=57ae412b-1391-4b0c-ad94-18127dd39aa0->05e06da0-1d3a-4481-ab96-f6b3bccd14af#100-t2, previous=(t:2, i:19), leaderCommit=15, initializing? false, entries: <empty>
2019-09-12 13:48:04,414 [grpc-default-executor-3] INFO  client.GrpcClientProtocolClient (GrpcClientProtocolClient.java:onNext(264)) - client-06A0480B634B->92e4cfa5-488b-4a46-94d1-80a7c527ff9a: receive RaftClientReply:client-06A0480B634B->92e4cfa5-488b-4a46-94d1-80a7c527ff9a@group-FF9390A4C18C, cid=58, SUCCESS, logIndex=19, commits[92e4cfa5-488b-4a46-94d1-80a7c527ff9a:c24, 6ac4bcf8-6973-4d27-bc88-57130dead3af:c21, 3ef341d8-3296-48d4-9b49-005c11ca2b71:c22]
2019-09-12 13:48:04,416 [grpc-default-executor-3] INFO  client.GrpcClientProtocolClient (GrpcClientProtocolClient.java:onNext(264)) - client-06A0480B634B->92e4cfa5-488b-4a46-94d1-80a7c527ff9a: receive RaftClientReply:client-06A0480B634B->92e4cfa5-488b-4a46-94d1-80a7c527ff9a@group-FF9390A4C18C, cid=59, SUCCESS, logIndex=20, commits[92e4cfa5-488b-4a46-94d1-80a7c527ff9a:c24, 6ac4bcf8-6973-4d27-bc88-57130dead3af:c21, 3ef341d8-3296-48d4-9b49-005c11ca2b71:c22]
2019-09-12 13:48:04,445 [grpc-default-executor-3] INFO  client.GrpcClientProtocolClient (GrpcClientProtocolClient.java:onNext(264)) - client-06A0480B634B->92e4cfa5-488b-4a46-94d1-80a7c527ff9a: receive RaftClientReply:client-06A0480B634B->92e4cfa5-488b-4a46-94d1-80a7c527ff9a@group-FF9390A4C18C, cid=60, SUCCESS, logIndex=21, commits[92e4cfa5-488b-4a46-94d1-80a7c527ff9a:c24, 6ac4bcf8-6973-4d27-bc88-57130dead3af:c21, 3ef341d8-3296-48d4-9b49-005c11ca2b71:c22]
2019-09-12 13:48:04,470 [grpc-default-executor-2] INFO  client.GrpcClientProtocolClient (GrpcClientProtocolClient.java:onNext(264)) - client-06A0480B634B->92e4cfa5-488b-4a46-94d1-80a7c527ff9a: receive RaftClientReply:client-06A0480B634B->92e4cfa5-488b-4a46-94d1-80a7c527ff9a@group-FF9390A4C18C, cid=61, SUCCESS, logIndex=25, commits[92e4cfa5-488b-4a46-94d1-80a7c527ff9a:c26, 6ac4bcf8-6973-4d27-bc88-57130dead3af:c21, 3ef341d8-3296-48d4-9b49-005c11ca2b71:c24]
2019-09-12 13:48:04,472 [grpc-default-executor-3] INFO  client.GrpcClientProtocolClient (GrpcClientProtocolClient.java:onNext(264)) - client-06A0480B634B->92e4cfa5-488b-4a46-94d1-80a7c527ff9a: receive RaftClientReply:client-06A0480B634B->92e4cfa5-488b-4a46-94d1-80a7c527ff9a@group-FF9390A4C18C, cid=62, SUCCESS, logIndex=26, commits[92e4cfa5-488b-4a46-94d1-80a7c527ff9a:c26, 6ac4bcf8-6973-4d27-bc88-57130dead3af:c24, 3ef341d8-3296-48d4-9b49-005c11ca2b71:c24]
2019-09-12 13:48:04,588 [Datanode State Machine Thread - 0] INFO  statemachine.DatanodeStateMachine (DatanodeStateMachine.java:lambda$startDaemon$0(350)) - Ozone container server started.
2019-09-12 13:48:04,890 [java.util.concurrent.ThreadPoolExecutor$Worker@37f0faaa[State = -1, empty queue]] WARN  server.GrpcLogAppender (GrpcLogAppender.java:timeoutAppendRequest(200)) - 57ae412b-1391-4b0c-ad94-18127dd39aa0@group-3636C80E75D6->05e06da0-1d3a-4481-ab96-f6b3bccd14af-GrpcLogAppender: appendEntries Timeout, request=57ae412b-1391-4b0c-ad94-18127dd39aa0->05e06da0-1d3a-4481-ab96-f6b3bccd14af#101-t2, previous=(t:2, i:19), leaderCommit=15, initializing? false, entries: <empty>
2019-09-12 13:48:05,390 [java.util.concurrent.ThreadPoolExecutor$Worker@37f0faaa[State = -1, empty queue]] WARN  server.GrpcLogAppender (GrpcLogAppender.java:timeoutAppendRequest(200)) - 57ae412b-1391-4b0c-ad94-18127dd39aa0@group-3636C80E75D6->05e06da0-1d3a-4481-ab96-f6b3bccd14af-GrpcLogAppender: appendEntries Timeout, request=57ae412b-1391-4b0c-ad94-18127dd39aa0->05e06da0-1d3a-4481-ab96-f6b3bccd14af#102-t2, previous=(t:2, i:19), leaderCommit=15, initializing? false, entries: <empty>
2019-09-12 13:48:05,872 [57ae412b-1391-4b0c-ad94-18127dd39aa0@group-3636C80E75D6-SegmentedRaftLogWorker] WARN  segmented.SegmentedRaftLogWorker (SegmentedRaftLogWorker.java:getFromFuture(90)) - Timeout 1/~
org.apache.ratis.protocol.TimeoutIOException: Timeout 10s: WriteLog:16: (t:2, i:16), STATEMACHINELOGENTRY, client-DC9C3C53DAD2, cid=53-writeStateMachineData
	at org.apache.ratis.util.IOUtils.getFromFuture(IOUtils.java:87)
	at org.apache.ratis.server.raftlog.segmented.SegmentedRaftLogWorker$StateMachineDataPolicy.getFromFuture(SegmentedRaftLogWorker.java:87)
	at org.apache.ratis.server.raftlog.segmented.SegmentedRaftLogWorker$WriteLog.execute(SegmentedRaftLogWorker.java:477)
	at org.apache.ratis.server.raftlog.segmented.SegmentedRaftLogWorker.run(SegmentedRaftLogWorker.java:289)
	at java.lang.Thread.run(Thread.java:748)
Caused by: java.util.concurrent.TimeoutException
	at java.util.concurrent.CompletableFuture.timedGet(CompletableFuture.java:1771)
	at java.util.concurrent.CompletableFuture.get(CompletableFuture.java:1915)
	at org.apache.ratis.util.IOUtils.getFromFuture(IOUtils.java:79)
	... 4 more
2019-09-12 13:48:05,883 [05e06da0-1d3a-4481-ab96-f6b3bccd14af@group-3636C80E75D6-SegmentedRaftLogWorker] WARN  segmented.SegmentedRaftLogWorker (SegmentedRaftLogWorker.java:getFromFuture(90)) - Timeout 1/~
org.apache.ratis.protocol.TimeoutIOException: Timeout 10s: WriteLog:16: (t:2, i:16), STATEMACHINELOGENTRY, client-DC9C3C53DAD2, cid=53-writeStateMachineData
	at org.apache.ratis.util.IOUtils.getFromFuture(IOUtils.java:87)
	at org.apache.ratis.server.raftlog.segmented.SegmentedRaftLogWorker$StateMachineDataPolicy.getFromFuture(SegmentedRaftLogWorker.java:87)
	at org.apache.ratis.server.raftlog.segmented.SegmentedRaftLogWorker$WriteLog.execute(SegmentedRaftLogWorker.java:477)
	at org.apache.ratis.server.raftlog.segmented.SegmentedRaftLogWorker.run(SegmentedRaftLogWorker.java:289)
	at java.lang.Thread.run(Thread.java:748)
Caused by: java.util.concurrent.TimeoutException
	at java.util.concurrent.CompletableFuture.timedGet(CompletableFuture.java:1771)
	at java.util.concurrent.CompletableFuture.get(CompletableFuture.java:1915)
	at org.apache.ratis.util.IOUtils.getFromFuture(IOUtils.java:79)
	... 4 more
2019-09-12 13:48:05,891 [java.util.concurrent.ThreadPoolExecutor$Worker@37f0faaa[State = -1, empty queue]] WARN  server.GrpcLogAppender (GrpcLogAppender.java:timeoutAppendRequest(200)) - 57ae412b-1391-4b0c-ad94-18127dd39aa0@group-3636C80E75D6->05e06da0-1d3a-4481-ab96-f6b3bccd14af-GrpcLogAppender: appendEntries Timeout, request=57ae412b-1391-4b0c-ad94-18127dd39aa0->05e06da0-1d3a-4481-ab96-f6b3bccd14af#103-t2, previous=(t:2, i:19), leaderCommit=15, initializing? false, entries: <empty>
2019-09-12 13:48:06,391 [java.util.concurrent.ThreadPoolExecutor$Worker@37f0faaa[State = -1, empty queue]] WARN  server.GrpcLogAppender (GrpcLogAppender.java:timeoutAppendRequest(200)) - 57ae412b-1391-4b0c-ad94-18127dd39aa0@group-3636C80E75D6->05e06da0-1d3a-4481-ab96-f6b3bccd14af-GrpcLogAppender: appendEntries Timeout, request=57ae412b-1391-4b0c-ad94-18127dd39aa0->05e06da0-1d3a-4481-ab96-f6b3bccd14af#104-t2, previous=(t:2, i:19), leaderCommit=15, initializing? false, entries: <empty>
2019-09-12 13:48:06,891 [java.util.concurrent.ThreadPoolExecutor$Worker@37f0faaa[State = -1, empty queue]] WARN  server.GrpcLogAppender (GrpcLogAppender.java:timeoutAppendRequest(200)) - 57ae412b-1391-4b0c-ad94-18127dd39aa0@group-3636C80E75D6->05e06da0-1d3a-4481-ab96-f6b3bccd14af-GrpcLogAppender: appendEntries Timeout, request=57ae412b-1391-4b0c-ad94-18127dd39aa0->05e06da0-1d3a-4481-ab96-f6b3bccd14af#105-t2, previous=(t:2, i:19), leaderCommit=15, initializing? false, entries: <empty>
2019-09-12 13:48:07,393 [java.util.concurrent.ThreadPoolExecutor$Worker@37f0faaa[State = -1, empty queue]] WARN  server.GrpcLogAppender (GrpcLogAppender.java:timeoutAppendRequest(200)) - 57ae412b-1391-4b0c-ad94-18127dd39aa0@group-3636C80E75D6->05e06da0-1d3a-4481-ab96-f6b3bccd14af-GrpcLogAppender: appendEntries Timeout, request=57ae412b-1391-4b0c-ad94-18127dd39aa0->05e06da0-1d3a-4481-ab96-f6b3bccd14af#106-t2, previous=(t:2, i:19), leaderCommit=15, initializing? false, entries: <empty>
2019-09-12 13:48:07,893 [java.util.concurrent.ThreadPoolExecutor$Worker@37f0faaa[State = -1, empty queue]] WARN  server.GrpcLogAppender (GrpcLogAppender.java:timeoutAppendRequest(200)) - 57ae412b-1391-4b0c-ad94-18127dd39aa0@group-3636C80E75D6->05e06da0-1d3a-4481-ab96-f6b3bccd14af-GrpcLogAppender: appendEntries Timeout, request=57ae412b-1391-4b0c-ad94-18127dd39aa0->05e06da0-1d3a-4481-ab96-f6b3bccd14af#107-t2, previous=(t:2, i:19), leaderCommit=15, initializing? false, entries: <empty>
2019-09-12 13:48:08,393 [java.util.concurrent.ThreadPoolExecutor$Worker@37f0faaa[State = -1, empty queue]] WARN  server.GrpcLogAppender (GrpcLogAppender.java:timeoutAppendRequest(200)) - 57ae412b-1391-4b0c-ad94-18127dd39aa0@group-3636C80E75D6->05e06da0-1d3a-4481-ab96-f6b3bccd14af-GrpcLogAppender: appendEntries Timeout, request=57ae412b-1391-4b0c-ad94-18127dd39aa0->05e06da0-1d3a-4481-ab96-f6b3bccd14af#108-t2, previous=(t:2, i:19), leaderCommit=15, initializing? false, entries: <empty>
2019-09-12 13:48:08,894 [java.util.concurrent.ThreadPoolExecutor$Worker@37f0faaa[State = -1, empty queue]] WARN  server.GrpcLogAppender (GrpcLogAppender.java:timeoutAppendRequest(200)) - 57ae412b-1391-4b0c-ad94-18127dd39aa0@group-3636C80E75D6->05e06da0-1d3a-4481-ab96-f6b3bccd14af-GrpcLogAppender: appendEntries Timeout, request=57ae412b-1391-4b0c-ad94-18127dd39aa0->05e06da0-1d3a-4481-ab96-f6b3bccd14af#109-t2, previous=(t:2, i:19), leaderCommit=15, initializing? false, entries: <empty>
2019-09-12 13:48:09,394 [java.util.concurrent.ThreadPoolExecutor$Worker@37f0faaa[State = -1, empty queue]] WARN  server.GrpcLogAppender (GrpcLogAppender.java:timeoutAppendRequest(200)) - 57ae412b-1391-4b0c-ad94-18127dd39aa0@group-3636C80E75D6->05e06da0-1d3a-4481-ab96-f6b3bccd14af-GrpcLogAppender: appendEntries Timeout, request=57ae412b-1391-4b0c-ad94-18127dd39aa0->05e06da0-1d3a-4481-ab96-f6b3bccd14af#110-t2, previous=(t:2, i:19), leaderCommit=15, initializing? false, entries: <empty>
2019-09-12 13:48:09,452 [main] INFO  ozoneimpl.OzoneContainer (OzoneContainer.java:stop(231)) - Attempting to stop container services.
2019-09-12 13:48:09,453 [main] INFO  impl.RaftServerProxy (RaftServerProxy.java:lambda$close$4(314)) - 76a15b5a-6854-49a0-8818-73e3745045ae: close
2019-09-12 13:48:09,454 [main] INFO  impl.RaftServerImpl (RaftServerImpl.java:lambda$shutdown$3(251)) - 76a15b5a-6854-49a0-8818-73e3745045ae@group-D02E7E036843: shutdown
2019-09-12 13:48:09,454 [main] INFO  util.JmxRegister (JmxRegister.java:unregister(73)) - Successfully un-registered JMX Bean with object name Ratis:service=RaftServer,group=group-D02E7E036843,id=76a15b5a-6854-49a0-8818-73e3745045ae
2019-09-12 13:48:09,455 [main] INFO  impl.RoleInfo (RoleInfo.java:shutdownLeaderState(104)) - 76a15b5a-6854-49a0-8818-73e3745045ae: shutdown LeaderState
2019-09-12 13:48:09,455 [main] INFO  impl.PendingRequests (PendingRequests.java:sendNotLeaderResponses(202)) - 76a15b5a-6854-49a0-8818-73e3745045ae-PendingRequests: sendNotLeaderResponses
2019-09-12 13:48:09,456 [main] INFO  impl.StateMachineUpdater (StateMachineUpdater.java:stopAndJoin(125)) - 76a15b5a-6854-49a0-8818-73e3745045ae@group-D02E7E036843-StateMachineUpdater: set stopIndex = 0
2019-09-12 13:48:09,457 [main] INFO  impl.RaftServerImpl (ServerState.java:close(385)) - 76a15b5a-6854-49a0-8818-73e3745045ae@group-D02E7E036843: closes. applyIndex: 0
2019-09-12 13:48:09,457 [76a15b5a-6854-49a0-8818-73e3745045ae@group-D02E7E036843-SegmentedRaftLogWorker] INFO  segmented.SegmentedRaftLogWorker (SegmentedRaftLogWorker.java:run(313)) - 76a15b5a-6854-49a0-8818-73e3745045ae@group-D02E7E036843-SegmentedRaftLogWorker was interrupted, exiting. There are 0 tasks remaining in the queue.
2019-09-12 13:48:09,468 [main] INFO  segmented.SegmentedRaftLogWorker (SegmentedRaftLogWorker.java:close(228)) - 76a15b5a-6854-49a0-8818-73e3745045ae@group-D02E7E036843-SegmentedRaftLogWorker close()
2019-09-12 13:48:09,474 [main] INFO  impl.RaftServerImpl (RaftServerImpl.java:lambda$shutdown$3(251)) - 76a15b5a-6854-49a0-8818-73e3745045ae@group-411631934A30: shutdown
2019-09-12 13:48:09,474 [main] INFO  util.JmxRegister (JmxRegister.java:unregister(73)) - Successfully un-registered JMX Bean with object name Ratis:service=RaftServer,group=group-411631934A30,id=76a15b5a-6854-49a0-8818-73e3745045ae
2019-09-12 13:48:09,474 [main] INFO  impl.RoleInfo (RoleInfo.java:shutdownFollowerState(121)) - 76a15b5a-6854-49a0-8818-73e3745045ae: shutdown FollowerState
2019-09-12 13:48:09,475 [main] INFO  impl.StateMachineUpdater (StateMachineUpdater.java:stopAndJoin(125)) - 76a15b5a-6854-49a0-8818-73e3745045ae@group-411631934A30-StateMachineUpdater: set stopIndex = 16
2019-09-12 13:48:09,475 [Thread-420] INFO  impl.FollowerState (FollowerState.java:run(115)) - 76a15b5a-6854-49a0-8818-73e3745045ae: FollowerState was interrupted: java.lang.InterruptedException: sleep interrupted
2019-09-12 13:48:09,475 [76a15b5a-6854-49a0-8818-73e3745045ae@group-411631934A30-StateMachineUpdater] INFO  ratis.ContainerStateMachine (ContainerStateMachine.java:takeSnapshot(289)) - group-411631934A30: Taking a snapshot at:(t:2, i:12) file /workdir/hadoop-ozone/integration-test/target/test-dir/MiniOzoneClusterImpl-98ba6956-8e51-4dc7-be59-62a375280f0b/datanode-8/data/ratis/dcf32ac8-d859-4fc8-9525-411631934a30/sm/snapshot.2_12
2019-09-12 13:48:09,492 [76a15b5a-6854-49a0-8818-73e3745045ae@group-411631934A30-StateMachineUpdater] INFO  ratis.ContainerStateMachine (ContainerStateMachine.java:takeSnapshot(300)) - group-411631934A30: Finished taking a snapshot at:(t:2, i:12) file:/workdir/hadoop-ozone/integration-test/target/test-dir/MiniOzoneClusterImpl-98ba6956-8e51-4dc7-be59-62a375280f0b/datanode-8/data/ratis/dcf32ac8-d859-4fc8-9525-411631934a30/sm/snapshot.2_12 time:17
2019-09-12 13:48:09,492 [76a15b5a-6854-49a0-8818-73e3745045ae@group-411631934A30-StateMachineUpdater] INFO  impl.StateMachineUpdater (StateMachineUpdater.java:takeSnapshot(258)) - 76a15b5a-6854-49a0-8818-73e3745045ae@group-411631934A30-StateMachineUpdater: Took a snapshot at index 12
2019-09-12 13:48:09,493 [76a15b5a-6854-49a0-8818-73e3745045ae@group-411631934A30-StateMachineUpdater] INFO  impl.StateMachineUpdater (StateMachineUpdater.java:lambda$new$0(83)) - 76a15b5a-6854-49a0-8818-73e3745045ae@group-411631934A30-StateMachineUpdater: snapshotIndex: updateIncreasingly -1 -> 12
2019-09-12 13:48:09,493 [76a15b5a-6854-49a0-8818-73e3745045ae@group-411631934A30-StateMachineUpdater] INFO  ratis.ContainerStateMachine (ContainerStateMachine.java:takeSnapshot(289)) - group-411631934A30: Taking a snapshot at:(t:2, i:12) file /workdir/hadoop-ozone/integration-test/target/test-dir/MiniOzoneClusterImpl-98ba6956-8e51-4dc7-be59-62a375280f0b/datanode-8/data/ratis/dcf32ac8-d859-4fc8-9525-411631934a30/sm/snapshot.2_12
2019-09-12 13:48:09,505 [76a15b5a-6854-49a0-8818-73e3745045ae@group-411631934A30-StateMachineUpdater] INFO  ratis.ContainerStateMachine (ContainerStateMachine.java:takeSnapshot(300)) - group-411631934A30: Finished taking a snapshot at:(t:2, i:12) file:/workdir/hadoop-ozone/integration-test/target/test-dir/MiniOzoneClusterImpl-98ba6956-8e51-4dc7-be59-62a375280f0b/datanode-8/data/ratis/dcf32ac8-d859-4fc8-9525-411631934a30/sm/snapshot.2_12 time:13
2019-09-12 13:48:09,506 [76a15b5a-6854-49a0-8818-73e3745045ae@group-411631934A30-StateMachineUpdater] INFO  impl.StateMachineUpdater (StateMachineUpdater.java:takeSnapshot(258)) - 76a15b5a-6854-49a0-8818-73e3745045ae@group-411631934A30-StateMachineUpdater: Took a snapshot at index 12
2019-09-12 13:48:09,506 [76a15b5a-6854-49a0-8818-73e3745045ae@group-411631934A30-StateMachineUpdater] INFO  impl.StateMachineUpdater (StateMachineUpdater.java:lambda$new$0(83)) - 76a15b5a-6854-49a0-8818-73e3745045ae@group-411631934A30-StateMachineUpdater: snapshotIndex: updateIncreasingly 12 -> 12
2019-09-12 13:48:09,506 [main] INFO  impl.RaftServerImpl (ServerState.java:close(385)) - 76a15b5a-6854-49a0-8818-73e3745045ae@group-411631934A30: closes. applyIndex: 16
2019-09-12 13:48:09,510 [76a15b5a-6854-49a0-8818-73e3745045ae@group-411631934A30-SegmentedRaftLogWorker] ERROR ratis.XceiverServerRatis (XceiverServerRatis.java:triggerPipelineClose(568)) - pipeline Action CLOSE  on pipeline PipelineID=dcf32ac8-d859-4fc8-9525-411631934a30.Reason : WriteLog:19: (t:2, i:19), STATEMACHINELOGENTRY, client-ECFF5C766FEB, cid=40-writeStateMachineData interrupted.
2019-09-12 13:48:09,524 [main] INFO  segmented.SegmentedRaftLogWorker (SegmentedRaftLogWorker.java:close(228)) - 76a15b5a-6854-49a0-8818-73e3745045ae@group-411631934A30-SegmentedRaftLogWorker close()
2019-09-12 13:48:09,528 [main] INFO  server.GrpcService (GrpcService.java:closeImpl(164)) - 76a15b5a-6854-49a0-8818-73e3745045ae: shutdown server with port 41160 now
2019-09-12 13:48:09,530 [main] INFO  server.GrpcService (GrpcService.java:closeImpl(172)) - 76a15b5a-6854-49a0-8818-73e3745045ae: shutdown server with port 41160 successfully
2019-09-12 13:48:09,539 [refreshUsed-/workdir/hadoop-ozone/integration-test/target/test-dir/MiniOzoneClusterImpl-98ba6956-8e51-4dc7-be59-62a375280f0b/datanode-8/data/containers] WARN  fs.CachingGetSpaceUsed (CachingGetSpaceUsed.java:run(183)) - Thread Interrupted waiting to refresh disk information: sleep interrupted
2019-09-12 13:48:09,559 [main] INFO  utils.BackgroundService (BackgroundService.java:shutdown(148)) - Shutting down service BlockDeletingService
2019-09-12 13:48:09,564 [main] INFO  statemachine.DatanodeStateMachine (DatanodeStateMachine.java:stopDaemon(395)) - Ozone container server stopped.
2019-09-12 13:48:09,565 [main] INFO  handler.ContextHandler (ContextHandler.java:doStop(910)) - Stopped o.e.j.w.WebAppContext@33063f5b{/,null,UNAVAILABLE}{/hddsDatanode}
2019-09-12 13:48:09,566 [main] INFO  server.AbstractConnector (AbstractConnector.java:doStop(318)) - Stopped ServerConnector@15405bd6{HTTP/1.1,[http/1.1]}{0.0.0.0:0}
2019-09-12 13:48:09,567 [main] INFO  handler.ContextHandler (ContextHandler.java:doStop(910)) - Stopped o.e.j.s.ServletContextHandler@47be0f9b{/static,jar:file:/home/user/.m2/repository/org/apache/hadoop/hadoop-hdds-container-service/0.5.0-SNAPSHOT/hadoop-hdds-container-service-0.5.0-SNAPSHOT.jar!/webapps/static,UNAVAILABLE}
2019-09-12 13:48:09,567 [main] INFO  handler.ContextHandler (ContextHandler.java:doStop(910)) - Stopped o.e.j.s.ServletContextHandler@30ca0779{/logs,file:///workdir/hadoop-ozone/integration-test/target/log,UNAVAILABLE}
2019-09-12 13:48:09,633 [grpc-default-executor-2] INFO  client.GrpcClientProtocolClient (GrpcClientProtocolClient.java:onNext(264)) - client-06A0480B634B->92e4cfa5-488b-4a46-94d1-80a7c527ff9a: receive RaftClientReply:client-06A0480B634B->92e4cfa5-488b-4a46-94d1-80a7c527ff9a@group-FF9390A4C18C, cid=63, SUCCESS, logIndex=29, commits[92e4cfa5-488b-4a46-94d1-80a7c527ff9a:c30, 6ac4bcf8-6973-4d27-bc88-57130dead3af:c28, 3ef341d8-3296-48d4-9b49-005c11ca2b71:c28]
2019-09-12 13:48:09,634 [grpc-default-executor-2] INFO  client.GrpcClientProtocolClient (GrpcClientProtocolClient.java:onNext(264)) - client-06A0480B634B->92e4cfa5-488b-4a46-94d1-80a7c527ff9a: receive RaftClientReply:client-06A0480B634B->92e4cfa5-488b-4a46-94d1-80a7c527ff9a@group-FF9390A4C18C, cid=64, SUCCESS, logIndex=30, commits[92e4cfa5-488b-4a46-94d1-80a7c527ff9a:c30, 6ac4bcf8-6973-4d27-bc88-57130dead3af:c28, 3ef341d8-3296-48d4-9b49-005c11ca2b71:c28]
2019-09-12 13:48:09,652 [grpc-default-executor-2] INFO  client.GrpcClientProtocolClient (GrpcClientProtocolClient.java:onNext(264)) - client-06A0480B634B->92e4cfa5-488b-4a46-94d1-80a7c527ff9a: receive RaftClientReply:client-06A0480B634B->92e4cfa5-488b-4a46-94d1-80a7c527ff9a@group-FF9390A4C18C, cid=65, SUCCESS, logIndex=0, commits[92e4cfa5-488b-4a46-94d1-80a7c527ff9a:c32, 6ac4bcf8-6973-4d27-bc88-57130dead3af:c30, 3ef341d8-3296-48d4-9b49-005c11ca2b71:c30]
2019-09-12 13:48:09,894 [java.util.concurrent.ThreadPoolExecutor$Worker@37f0faaa[State = -1, empty queue]] WARN  server.GrpcLogAppender (GrpcLogAppender.java:timeoutAppendRequest(200)) - 57ae412b-1391-4b0c-ad94-18127dd39aa0@group-3636C80E75D6->05e06da0-1d3a-4481-ab96-f6b3bccd14af-GrpcLogAppender: appendEntries Timeout, request=57ae412b-1391-4b0c-ad94-18127dd39aa0->05e06da0-1d3a-4481-ab96-f6b3bccd14af#111-t2, previous=(t:2, i:19), leaderCommit=15, initializing? false, entries: <empty>
2019-09-12 13:48:10,395 [java.util.concurrent.ThreadPoolExecutor$Worker@37f0faaa[State = -1, empty queue]] WARN  server.GrpcLogAppender (GrpcLogAppender.java:timeoutAppendRequest(200)) - 57ae412b-1391-4b0c-ad94-18127dd39aa0@group-3636C80E75D6->05e06da0-1d3a-4481-ab96-f6b3bccd14af-GrpcLogAppender: appendEntries Timeout, request=57ae412b-1391-4b0c-ad94-18127dd39aa0->05e06da0-1d3a-4481-ab96-f6b3bccd14af#112-t2, previous=(t:2, i:19), leaderCommit=15, initializing? false, entries: <empty>
2019-09-12 13:48:10,895 [java.util.concurrent.ThreadPoolExecutor$Worker@37f0faaa[State = -1, empty queue]] WARN  server.GrpcLogAppender (GrpcLogAppender.java:timeoutAppendRequest(200)) - 57ae412b-1391-4b0c-ad94-18127dd39aa0@group-3636C80E75D6->05e06da0-1d3a-4481-ab96-f6b3bccd14af-GrpcLogAppender: appendEntries Timeout, request=57ae412b-1391-4b0c-ad94-18127dd39aa0->05e06da0-1d3a-4481-ab96-f6b3bccd14af#113-t2, previous=(t:2, i:19), leaderCommit=15, initializing? false, entries: <empty>
2019-09-12 13:48:11,396 [java.util.concurrent.ThreadPoolExecutor$Worker@37f0faaa[State = -1, empty queue]] WARN  server.GrpcLogAppender (GrpcLogAppender.java:timeoutAppendRequest(200)) - 57ae412b-1391-4b0c-ad94-18127dd39aa0@group-3636C80E75D6->05e06da0-1d3a-4481-ab96-f6b3bccd14af-GrpcLogAppender: appendEntries Timeout, request=57ae412b-1391-4b0c-ad94-18127dd39aa0->05e06da0-1d3a-4481-ab96-f6b3bccd14af#114-t2, previous=(t:2, i:19), leaderCommit=15, initializing? false, entries: <empty>
2019-09-12 13:48:11,604 [7dd3d51f-7703-47e1-b378-11db862d4d4b@group-411631934A30-SegmentedRaftLogWorker] WARN  segmented.SegmentedRaftLogWorker (SegmentedRaftLogWorker.java:getFromFuture(90)) - Timeout 4/~
org.apache.ratis.protocol.TimeoutIOException: Timeout 10s: WriteLog:19: (t:2, i:19), STATEMACHINELOGENTRY, client-ECFF5C766FEB, cid=40-writeStateMachineData
	at org.apache.ratis.util.IOUtils.getFromFuture(IOUtils.java:87)
	at org.apache.ratis.server.raftlog.segmented.SegmentedRaftLogWorker$StateMachineDataPolicy.getFromFuture(SegmentedRaftLogWorker.java:87)
	at org.apache.ratis.server.raftlog.segmented.SegmentedRaftLogWorker$WriteLog.execute(SegmentedRaftLogWorker.java:477)
	at org.apache.ratis.server.raftlog.segmented.SegmentedRaftLogWorker.run(SegmentedRaftLogWorker.java:289)
	at java.lang.Thread.run(Thread.java:748)
Caused by: java.util.concurrent.TimeoutException
	at java.util.concurrent.CompletableFuture.timedGet(CompletableFuture.java:1771)
	at java.util.concurrent.CompletableFuture.get(CompletableFuture.java:1915)
	at org.apache.ratis.util.IOUtils.getFromFuture(IOUtils.java:79)
	... 4 more
2019-09-12 13:48:11,896 [java.util.concurrent.ThreadPoolExecutor$Worker@37f0faaa[State = -1, empty queue]] WARN  server.GrpcLogAppender (GrpcLogAppender.java:timeoutAppendRequest(200)) - 57ae412b-1391-4b0c-ad94-18127dd39aa0@group-3636C80E75D6->05e06da0-1d3a-4481-ab96-f6b3bccd14af-GrpcLogAppender: appendEntries Timeout, request=57ae412b-1391-4b0c-ad94-18127dd39aa0->05e06da0-1d3a-4481-ab96-f6b3bccd14af#115-t2, previous=(t:2, i:19), leaderCommit=15, initializing? false, entries: <empty>
2019-09-12 13:48:12,396 [java.util.concurrent.ThreadPoolExecutor$Worker@37f0faaa[State = -1, empty queue]] WARN  server.GrpcLogAppender (GrpcLogAppender.java:timeoutAppendRequest(200)) - 57ae412b-1391-4b0c-ad94-18127dd39aa0@group-3636C80E75D6->05e06da0-1d3a-4481-ab96-f6b3bccd14af-GrpcLogAppender: appendEntries Timeout, request=57ae412b-1391-4b0c-ad94-18127dd39aa0->05e06da0-1d3a-4481-ab96-f6b3bccd14af#116-t2, previous=(t:2, i:19), leaderCommit=15, initializing? false, entries: <empty>
2019-09-12 13:48:12,687 [java.util.concurrent.ThreadPoolExecutor$Worker@33caedff[State = -1, empty queue]] WARN  server.GrpcLogAppender (GrpcLogAppender.java:timeoutAppendRequest(200)) - 92e4cfa5-488b-4a46-94d1-80a7c527ff9a@group-FF9390A4C18C->6ac4bcf8-6973-4d27-bc88-57130dead3af-GrpcLogAppender: appendEntries Timeout, request=92e4cfa5-488b-4a46-94d1-80a7c527ff9a->6ac4bcf8-6973-4d27-bc88-57130dead3af#129-t2, previous=(t:2, i:32), leaderCommit=32, initializing? false, entries: size=1, first=(t:2, i:33), STATEMACHINELOGENTRY, client-06A0480B634B, cid=66
2019-09-12 13:48:12,688 [java.util.concurrent.ThreadPoolExecutor$Worker@33caedff[State = -1, empty queue]] WARN  server.GrpcLogAppender (GrpcLogAppender.java:timeoutAppendRequest(200)) - 92e4cfa5-488b-4a46-94d1-80a7c527ff9a@group-FF9390A4C18C->6ac4bcf8-6973-4d27-bc88-57130dead3af-GrpcLogAppender: appendEntries Timeout, request=92e4cfa5-488b-4a46-94d1-80a7c527ff9a->6ac4bcf8-6973-4d27-bc88-57130dead3af#130-t2, previous=(t:2, i:33), leaderCommit=32, initializing? false, entries: size=1, first=(t:2, i:34), STATEMACHINELOGENTRY, client-06A0480B634B, cid=67
2019-09-12 13:48:12,688 [java.util.concurrent.ThreadPoolExecutor$Worker@f519941[State = -1, empty queue]] WARN  server.GrpcLogAppender (GrpcLogAppender.java:timeoutAppendRequest(200)) - 92e4cfa5-488b-4a46-94d1-80a7c527ff9a@group-FF9390A4C18C->3ef341d8-3296-48d4-9b49-005c11ca2b71-GrpcLogAppender: appendEntries Timeout, request=92e4cfa5-488b-4a46-94d1-80a7c527ff9a->3ef341d8-3296-48d4-9b49-005c11ca2b71#129-t2, previous=(t:2, i:32), leaderCommit=32, initializing? false, entries: size=1, first=(t:2, i:33), STATEMACHINELOGENTRY, client-06A0480B634B, cid=66
2019-09-12 13:48:12,692 [java.util.concurrent.ThreadPoolExecutor$Worker@f519941[State = -1, empty queue]] WARN  server.GrpcLogAppender (GrpcLogAppender.java:timeoutAppendRequest(200)) - 92e4cfa5-488b-4a46-94d1-80a7c527ff9a@group-FF9390A4C18C->3ef341d8-3296-48d4-9b49-005c11ca2b71-GrpcLogAppender: appendEntries Timeout, request=92e4cfa5-488b-4a46-94d1-80a7c527ff9a->3ef341d8-3296-48d4-9b49-005c11ca2b71#130-t2, previous=(t:2, i:33), leaderCommit=32, initializing? false, entries: size=1, first=(t:2, i:34), STATEMACHINELOGENTRY, client-06A0480B634B, cid=67
2019-09-12 13:48:12,693 [java.util.concurrent.ThreadPoolExecutor$Worker@f519941[State = -1, empty queue]] WARN  server.GrpcLogAppender (GrpcLogAppender.java:timeoutAppendRequest(200)) - 92e4cfa5-488b-4a46-94d1-80a7c527ff9a@group-FF9390A4C18C->3ef341d8-3296-48d4-9b49-005c11ca2b71-GrpcLogAppender: appendEntries Timeout, request=92e4cfa5-488b-4a46-94d1-80a7c527ff9a->3ef341d8-3296-48d4-9b49-005c11ca2b71#131-t2, previous=(t:2, i:34), leaderCommit=32, initializing? false, entries: size=1, first=(t:2, i:35), STATEMACHINELOGENTRY, client-06A0480B634B, cid=68
2019-09-12 13:48:12,693 [java.util.concurrent.ThreadPoolExecutor$Worker@33caedff[State = -1, empty queue]] WARN  server.GrpcLogAppender (GrpcLogAppender.java:timeoutAppendRequest(200)) - 92e4cfa5-488b-4a46-94d1-80a7c527ff9a@group-FF9390A4C18C->6ac4bcf8-6973-4d27-bc88-57130dead3af-GrpcLogAppender: appendEntries Timeout, request=92e4cfa5-488b-4a46-94d1-80a7c527ff9a->6ac4bcf8-6973-4d27-bc88-57130dead3af#131-t2, previous=(t:2, i:34), leaderCommit=32, initializing? false, entries: size=1, first=(t:2, i:35), STATEMACHINELOGENTRY, client-06A0480B634B, cid=68
2019-09-12 13:48:12,696 [java.util.concurrent.ThreadPoolExecutor$Worker@f519941[State = -1, empty queue]] WARN  server.GrpcLogAppender (GrpcLogAppender.java:timeoutAppendRequest(200)) - 92e4cfa5-488b-4a46-94d1-80a7c527ff9a@group-FF9390A4C18C->3ef341d8-3296-48d4-9b49-005c11ca2b71-GrpcLogAppender: appendEntries Timeout, request=92e4cfa5-488b-4a46-94d1-80a7c527ff9a->3ef341d8-3296-48d4-9b49-005c11ca2b71#132-t2, previous=(t:2, i:35), leaderCommit=32, initializing? false, entries: size=1, first=(t:2, i:36), STATEMACHINELOGENTRY, client-06A0480B634B, cid=69
2019-09-12 13:48:12,698 [java.util.concurrent.ThreadPoolExecutor$Worker@33caedff[State = -1, empty queue]] WARN  server.GrpcLogAppender (GrpcLogAppender.java:timeoutAppendRequest(200)) - 92e4cfa5-488b-4a46-94d1-80a7c527ff9a@group-FF9390A4C18C->6ac4bcf8-6973-4d27-bc88-57130dead3af-GrpcLogAppender: appendEntries Timeout, request=92e4cfa5-488b-4a46-94d1-80a7c527ff9a->6ac4bcf8-6973-4d27-bc88-57130dead3af#132-t2, previous=(t:2, i:35), leaderCommit=32, initializing? false, entries: size=1, first=(t:2, i:36), STATEMACHINELOGENTRY, client-06A0480B634B, cid=69
2019-09-12 13:48:12,897 [java.util.concurrent.ThreadPoolExecutor$Worker@37f0faaa[State = -1, empty queue]] WARN  server.GrpcLogAppender (GrpcLogAppender.java:timeoutAppendRequest(200)) - 57ae412b-1391-4b0c-ad94-18127dd39aa0@group-3636C80E75D6->05e06da0-1d3a-4481-ab96-f6b3bccd14af-GrpcLogAppender: appendEntries Timeout, request=57ae412b-1391-4b0c-ad94-18127dd39aa0->05e06da0-1d3a-4481-ab96-f6b3bccd14af#117-t2, previous=(t:2, i:19), leaderCommit=15, initializing? false, entries: <empty>
2019-09-12 13:48:13,193 [java.util.concurrent.ThreadPoolExecutor$Worker@f519941[State = -1, empty queue]] WARN  server.GrpcLogAppender (GrpcLogAppender.java:timeoutAppendRequest(200)) - 92e4cfa5-488b-4a46-94d1-80a7c527ff9a@group-FF9390A4C18C->3ef341d8-3296-48d4-9b49-005c11ca2b71-GrpcLogAppender: appendEntries Timeout, request=92e4cfa5-488b-4a46-94d1-80a7c527ff9a->3ef341d8-3296-48d4-9b49-005c11ca2b71#133-t2, previous=(t:2, i:36), leaderCommit=32, initializing? false, entries: <empty>
2019-09-12 13:48:13,193 [java.util.concurrent.ThreadPoolExecutor$Worker@33caedff[State = -1, empty queue]] WARN  server.GrpcLogAppender (GrpcLogAppender.java:timeoutAppendRequest(200)) - 92e4cfa5-488b-4a46-94d1-80a7c527ff9a@group-FF9390A4C18C->6ac4bcf8-6973-4d27-bc88-57130dead3af-GrpcLogAppender: appendEntries Timeout, request=92e4cfa5-488b-4a46-94d1-80a7c527ff9a->6ac4bcf8-6973-4d27-bc88-57130dead3af#133-t2, previous=(t:2, i:36), leaderCommit=32, initializing? false, entries: <empty>
2019-09-12 13:48:13,397 [java.util.concurrent.ThreadPoolExecutor$Worker@37f0faaa[State = -1, empty queue]] WARN  server.GrpcLogAppender (GrpcLogAppender.java:timeoutAppendRequest(200)) - 57ae412b-1391-4b0c-ad94-18127dd39aa0@group-3636C80E75D6->05e06da0-1d3a-4481-ab96-f6b3bccd14af-GrpcLogAppender: appendEntries Timeout, request=57ae412b-1391-4b0c-ad94-18127dd39aa0->05e06da0-1d3a-4481-ab96-f6b3bccd14af#118-t2, previous=(t:2, i:19), leaderCommit=15, initializing? false, entries: <empty>
2019-09-12 13:48:13,696 [java.util.concurrent.ThreadPoolExecutor$Worker@f519941[State = -1, empty queue]] WARN  server.GrpcLogAppender (GrpcLogAppender.java:timeoutAppendRequest(200)) - 92e4cfa5-488b-4a46-94d1-80a7c527ff9a@group-FF9390A4C18C->3ef341d8-3296-48d4-9b49-005c11ca2b71-GrpcLogAppender: appendEntries Timeout, request=92e4cfa5-488b-4a46-94d1-80a7c527ff9a->3ef341d8-3296-48d4-9b49-005c11ca2b71#134-t2, previous=(t:2, i:36), leaderCommit=32, initializing? false, entries: <empty>
2019-09-12 13:48:13,696 [java.util.concurrent.ThreadPoolExecutor$Worker@33caedff[State = -1, empty queue]] WARN  server.GrpcLogAppender (GrpcLogAppender.java:timeoutAppendRequest(200)) - 92e4cfa5-488b-4a46-94d1-80a7c527ff9a@group-FF9390A4C18C->6ac4bcf8-6973-4d27-bc88-57130dead3af-GrpcLogAppender: appendEntries Timeout, request=92e4cfa5-488b-4a46-94d1-80a7c527ff9a->6ac4bcf8-6973-4d27-bc88-57130dead3af#134-t2, previous=(t:2, i:36), leaderCommit=32, initializing? false, entries: <empty>
2019-09-12 13:48:13,897 [java.util.concurrent.ThreadPoolExecutor$Worker@37f0faaa[State = -1, empty queue]] WARN  server.GrpcLogAppender (GrpcLogAppender.java:timeoutAppendRequest(200)) - 57ae412b-1391-4b0c-ad94-18127dd39aa0@group-3636C80E75D6->05e06da0-1d3a-4481-ab96-f6b3bccd14af-GrpcLogAppender: appendEntries Timeout, request=57ae412b-1391-4b0c-ad94-18127dd39aa0->05e06da0-1d3a-4481-ab96-f6b3bccd14af#119-t2, previous=(t:2, i:19), leaderCommit=15, initializing? false, entries: <empty>
2019-09-12 13:48:14,194 [java.util.concurrent.ThreadPoolExecutor$Worker@33caedff[State = -1, empty queue]] WARN  server.GrpcLogAppender (GrpcLogAppender.java:timeoutAppendRequest(200)) - 92e4cfa5-488b-4a46-94d1-80a7c527ff9a@group-FF9390A4C18C->6ac4bcf8-6973-4d27-bc88-57130dead3af-GrpcLogAppender: appendEntries Timeout, request=92e4cfa5-488b-4a46-94d1-80a7c527ff9a->6ac4bcf8-6973-4d27-bc88-57130dead3af#135-t2, previous=(t:2, i:36), leaderCommit=32, initializing? false, entries: <empty>
2019-09-12 13:48:14,194 [java.util.concurrent.ThreadPoolExecutor$Worker@f519941[State = -1, empty queue]] WARN  server.GrpcLogAppender (GrpcLogAppender.java:timeoutAppendRequest(200)) - 92e4cfa5-488b-4a46-94d1-80a7c527ff9a@group-FF9390A4C18C->3ef341d8-3296-48d4-9b49-005c11ca2b71-GrpcLogAppender: appendEntries Timeout, request=92e4cfa5-488b-4a46-94d1-80a7c527ff9a->3ef341d8-3296-48d4-9b49-005c11ca2b71#135-t2, previous=(t:2, i:36), leaderCommit=32, initializing? false, entries: <empty>
2019-09-12 13:48:14,398 [java.util.concurrent.ThreadPoolExecutor$Worker@37f0faaa[State = -1, empty queue]] WARN  server.GrpcLogAppender (GrpcLogAppender.java:timeoutAppendRequest(200)) - 57ae412b-1391-4b0c-ad94-18127dd39aa0@group-3636C80E75D6->05e06da0-1d3a-4481-ab96-f6b3bccd14af-GrpcLogAppender: appendEntries Timeout, request=57ae412b-1391-4b0c-ad94-18127dd39aa0->05e06da0-1d3a-4481-ab96-f6b3bccd14af#120-t2, previous=(t:2, i:19), leaderCommit=15, initializing? false, entries: <empty>
2019-09-12 13:48:14,694 [java.util.concurrent.ThreadPoolExecutor$Worker@33caedff[State = -1, empty queue]] WARN  server.GrpcLogAppender (GrpcLogAppender.java:timeoutAppendRequest(200)) - 92e4cfa5-488b-4a46-94d1-80a7c527ff9a@group-FF9390A4C18C->6ac4bcf8-6973-4d27-bc88-57130dead3af-GrpcLogAppender: appendEntries Timeout, request=92e4cfa5-488b-4a46-94d1-80a7c527ff9a->6ac4bcf8-6973-4d27-bc88-57130dead3af#136-t2, previous=(t:2, i:36), leaderCommit=32, initializing? false, entries: <empty>
2019-09-12 13:48:14,694 [java.util.concurrent.ThreadPoolExecutor$Worker@f519941[State = -1, empty queue]] WARN  server.GrpcLogAppender (GrpcLogAppender.java:timeoutAppendRequest(200)) - 92e4cfa5-488b-4a46-94d1-80a7c527ff9a@group-FF9390A4C18C->3ef341d8-3296-48d4-9b49-005c11ca2b71-GrpcLogAppender: appendEntries Timeout, request=92e4cfa5-488b-4a46-94d1-80a7c527ff9a->3ef341d8-3296-48d4-9b49-005c11ca2b71#136-t2, previous=(t:2, i:36), leaderCommit=32, initializing? false, entries: <empty>
2019-09-12 13:48:14,724 [grpc-default-executor-3] INFO  client.GrpcClientProtocolClient (GrpcClientProtocolClient.java:onNext(264)) - client-06A0480B634B->3ef341d8-3296-48d4-9b49-005c11ca2b71: receive RaftClientReply:client-06A0480B634B->3ef341d8-3296-48d4-9b49-005c11ca2b71@group-FF9390A4C18C, cid=66, FAILED org.apache.ratis.protocol.NotLeaderException: Server 3ef341d8-3296-48d4-9b49-005c11ca2b71@group-FF9390A4C18C is not the leader 92e4cfa5-488b-4a46-94d1-80a7c527ff9a:192.168.34.38:36780, logIndex=0, commits[3ef341d8-3296-48d4-9b49-005c11ca2b71:c32, 6ac4bcf8-6973-4d27-bc88-57130dead3af:c30, 92e4cfa5-488b-4a46-94d1-80a7c527ff9a:c32]
2019-09-12 13:48:14,898 [java.util.concurrent.ThreadPoolExecutor$Worker@37f0faaa[State = -1, empty queue]] WARN  server.GrpcLogAppender (GrpcLogAppender.java:timeoutAppendRequest(200)) - 57ae412b-1391-4b0c-ad94-18127dd39aa0@group-3636C80E75D6->05e06da0-1d3a-4481-ab96-f6b3bccd14af-GrpcLogAppender: appendEntries Timeout, request=57ae412b-1391-4b0c-ad94-18127dd39aa0->05e06da0-1d3a-4481-ab96-f6b3bccd14af#121-t2, previous=(t:2, i:19), leaderCommit=15, initializing? false, entries: <empty>
2019-09-12 13:48:15,194 [java.util.concurrent.ThreadPoolExecutor$Worker@33caedff[State = -1, empty queue]] WARN  server.GrpcLogAppender (GrpcLogAppender.java:timeoutAppendRequest(200)) - 92e4cfa5-488b-4a46-94d1-80a7c527ff9a@group-FF9390A4C18C->6ac4bcf8-6973-4d27-bc88-57130dead3af-GrpcLogAppender: appendEntries Timeout, request=92e4cfa5-488b-4a46-94d1-80a7c527ff9a->6ac4bcf8-6973-4d27-bc88-57130dead3af#137-t2, previous=(t:2, i:36), leaderCommit=32, initializing? false, entries: <empty>
2019-09-12 13:48:15,194 [java.util.concurrent.ThreadPoolExecutor$Worker@f519941[State = -1, empty queue]] WARN  server.GrpcLogAppender (GrpcLogAppender.java:timeoutAppendRequest(200)) - 92e4cfa5-488b-4a46-94d1-80a7c527ff9a@group-FF9390A4C18C->3ef341d8-3296-48d4-9b49-005c11ca2b71-GrpcLogAppender: appendEntries Timeout, request=92e4cfa5-488b-4a46-94d1-80a7c527ff9a->3ef341d8-3296-48d4-9b49-005c11ca2b71#137-t2, previous=(t:2, i:36), leaderCommit=32, initializing? false, entries: <empty>
2019-09-12 13:48:15,398 [java.util.concurrent.ThreadPoolExecutor$Worker@37f0faaa[State = -1, empty queue]] WARN  server.GrpcLogAppender (GrpcLogAppender.java:timeoutAppendRequest(200)) - 57ae412b-1391-4b0c-ad94-18127dd39aa0@group-3636C80E75D6->05e06da0-1d3a-4481-ab96-f6b3bccd14af-GrpcLogAppender: appendEntries Timeout, request=57ae412b-1391-4b0c-ad94-18127dd39aa0->05e06da0-1d3a-4481-ab96-f6b3bccd14af#122-t2, previous=(t:2, i:19), leaderCommit=15, initializing? false, entries: <empty>
2019-09-12 13:48:15,696 [java.util.concurrent.ThreadPoolExecutor$Worker@f519941[State = -1, empty queue]] WARN  server.GrpcLogAppender (GrpcLogAppender.java:timeoutAppendRequest(200)) - 92e4cfa5-488b-4a46-94d1-80a7c527ff9a@group-FF9390A4C18C->3ef341d8-3296-48d4-9b49-005c11ca2b71-GrpcLogAppender: appendEntries Timeout, request=92e4cfa5-488b-4a46-94d1-80a7c527ff9a->3ef341d8-3296-48d4-9b49-005c11ca2b71#138-t2, previous=(t:2, i:36), leaderCommit=32, initializing? false, entries: <empty>
2019-09-12 13:48:15,696 [java.util.concurrent.ThreadPoolExecutor$Worker@33caedff[State = -1, empty queue]] WARN  server.GrpcLogAppender (GrpcLogAppender.java:timeoutAppendRequest(200)) - 92e4cfa5-488b-4a46-94d1-80a7c527ff9a@group-FF9390A4C18C->6ac4bcf8-6973-4d27-bc88-57130dead3af-GrpcLogAppender: appendEntries Timeout, request=92e4cfa5-488b-4a46-94d1-80a7c527ff9a->6ac4bcf8-6973-4d27-bc88-57130dead3af#138-t2, previous=(t:2, i:36), leaderCommit=32, initializing? false, entries: <empty>
2019-09-12 13:48:15,873 [57ae412b-1391-4b0c-ad94-18127dd39aa0@group-3636C80E75D6-SegmentedRaftLogWorker] WARN  segmented.SegmentedRaftLogWorker (SegmentedRaftLogWorker.java:getFromFuture(90)) - Timeout 2/~
org.apache.ratis.protocol.TimeoutIOException: Timeout 10s: WriteLog:16: (t:2, i:16), STATEMACHINELOGENTRY, client-DC9C3C53DAD2, cid=53-writeStateMachineData
	at org.apache.ratis.util.IOUtils.getFromFuture(IOUtils.java:87)
	at org.apache.ratis.server.raftlog.segmented.SegmentedRaftLogWorker$StateMachineDataPolicy.getFromFuture(SegmentedRaftLogWorker.java:87)
	at org.apache.ratis.server.raftlog.segmented.SegmentedRaftLogWorker$WriteLog.execute(SegmentedRaftLogWorker.java:477)
	at org.apache.ratis.server.raftlog.segmented.SegmentedRaftLogWorker.run(SegmentedRaftLogWorker.java:289)
	at java.lang.Thread.run(Thread.java:748)
Caused by: java.util.concurrent.TimeoutException
	at java.util.concurrent.CompletableFuture.timedGet(CompletableFuture.java:1771)
	at java.util.concurrent.CompletableFuture.get(CompletableFuture.java:1915)
	at org.apache.ratis.util.IOUtils.getFromFuture(IOUtils.java:79)
	... 4 more
2019-09-12 13:48:15,884 [05e06da0-1d3a-4481-ab96-f6b3bccd14af@group-3636C80E75D6-SegmentedRaftLogWorker] WARN  segmented.SegmentedRaftLogWorker (SegmentedRaftLogWorker.java:getFromFuture(90)) - Timeout 2/~
org.apache.ratis.protocol.TimeoutIOException: Timeout 10s: WriteLog:16: (t:2, i:16), STATEMACHINELOGENTRY, client-DC9C3C53DAD2, cid=53-writeStateMachineData
	at org.apache.ratis.util.IOUtils.getFromFuture(IOUtils.java:87)
	at org.apache.ratis.server.raftlog.segmented.SegmentedRaftLogWorker$StateMachineDataPolicy.getFromFuture(SegmentedRaftLogWorker.java:87)
	at org.apache.ratis.server.raftlog.segmented.SegmentedRaftLogWorker$WriteLog.execute(SegmentedRaftLogWorker.java:477)
	at org.apache.ratis.server.raftlog.segmented.SegmentedRaftLogWorker.run(SegmentedRaftLogWorker.java:289)
	at java.lang.Thread.run(Thread.java:748)
Caused by: java.util.concurrent.TimeoutException
	at java.util.concurrent.CompletableFuture.timedGet(CompletableFuture.java:1771)
	at java.util.concurrent.CompletableFuture.get(CompletableFuture.java:1915)
	at org.apache.ratis.util.IOUtils.getFromFuture(IOUtils.java:79)
	... 4 more
2019-09-12 13:48:15,900 [java.util.concurrent.ThreadPoolExecutor$Worker@37f0faaa[State = -1, empty queue]] WARN  server.GrpcLogAppender (GrpcLogAppender.java:timeoutAppendRequest(200)) - 57ae412b-1391-4b0c-ad94-18127dd39aa0@group-3636C80E75D6->05e06da0-1d3a-4481-ab96-f6b3bccd14af-GrpcLogAppender: appendEntries Timeout, request=57ae412b-1391-4b0c-ad94-18127dd39aa0->05e06da0-1d3a-4481-ab96-f6b3bccd14af#123-t2, previous=(t:2, i:19), leaderCommit=15, initializing? false, entries: <empty>
2019-09-12 13:48:16,197 [java.util.concurrent.ThreadPoolExecutor$Worker@f519941[State = -1, empty queue]] WARN  server.GrpcLogAppender (GrpcLogAppender.java:timeoutAppendRequest(200)) - 92e4cfa5-488b-4a46-94d1-80a7c527ff9a@group-FF9390A4C18C->3ef341d8-3296-48d4-9b49-005c11ca2b71-GrpcLogAppender: appendEntries Timeout, request=92e4cfa5-488b-4a46-94d1-80a7c527ff9a->3ef341d8-3296-48d4-9b49-005c11ca2b71#139-t2, previous=(t:2, i:36), leaderCommit=32, initializing? false, entries: <empty>
2019-09-12 13:48:16,197 [java.util.concurrent.ThreadPoolExecutor$Worker@33caedff[State = -1, empty queue]] WARN  server.GrpcLogAppender (GrpcLogAppender.java:timeoutAppendRequest(200)) - 92e4cfa5-488b-4a46-94d1-80a7c527ff9a@group-FF9390A4C18C->6ac4bcf8-6973-4d27-bc88-57130dead3af-GrpcLogAppender: appendEntries Timeout, request=92e4cfa5-488b-4a46-94d1-80a7c527ff9a->6ac4bcf8-6973-4d27-bc88-57130dead3af#139-t2, previous=(t:2, i:36), leaderCommit=32, initializing? false, entries: <empty>
2019-09-12 13:48:16,400 [java.util.concurrent.ThreadPoolExecutor$Worker@37f0faaa[State = -1, empty queue]] WARN  server.GrpcLogAppender (GrpcLogAppender.java:timeoutAppendRequest(200)) - 57ae412b-1391-4b0c-ad94-18127dd39aa0@group-3636C80E75D6->05e06da0-1d3a-4481-ab96-f6b3bccd14af-GrpcLogAppender: appendEntries Timeout, request=57ae412b-1391-4b0c-ad94-18127dd39aa0->05e06da0-1d3a-4481-ab96-f6b3bccd14af#124-t2, previous=(t:2, i:19), leaderCommit=15, initializing? false, entries: <empty>
2019-09-12 13:48:16,697 [java.util.concurrent.ThreadPoolExecutor$Worker@f519941[State = -1, empty queue]] WARN  server.GrpcLogAppender (GrpcLogAppender.java:timeoutAppendRequest(200)) - 92e4cfa5-488b-4a46-94d1-80a7c527ff9a@group-FF9390A4C18C->3ef341d8-3296-48d4-9b49-005c11ca2b71-GrpcLogAppender: appendEntries Timeout, request=92e4cfa5-488b-4a46-94d1-80a7c527ff9a->3ef341d8-3296-48d4-9b49-005c11ca2b71#140-t2, previous=(t:2, i:36), leaderCommit=32, initializing? false, entries: <empty>
2019-09-12 13:48:16,697 [java.util.concurrent.ThreadPoolExecutor$Worker@33caedff[State = -1, empty queue]] WARN  server.GrpcLogAppender (GrpcLogAppender.java:timeoutAppendRequest(200)) - 92e4cfa5-488b-4a46-94d1-80a7c527ff9a@group-FF9390A4C18C->6ac4bcf8-6973-4d27-bc88-57130dead3af-GrpcLogAppender: appendEntries Timeout, request=92e4cfa5-488b-4a46-94d1-80a7c527ff9a->6ac4bcf8-6973-4d27-bc88-57130dead3af#140-t2, previous=(t:2, i:36), leaderCommit=32, initializing? false, entries: <empty>
2019-09-12 13:48:16,901 [java.util.concurrent.ThreadPoolExecutor$Worker@37f0faaa[State = -1, empty queue]] WARN  server.GrpcLogAppender (GrpcLogAppender.java:timeoutAppendRequest(200)) - 57ae412b-1391-4b0c-ad94-18127dd39aa0@group-3636C80E75D6->05e06da0-1d3a-4481-ab96-f6b3bccd14af-GrpcLogAppender: appendEntries Timeout, request=57ae412b-1391-4b0c-ad94-18127dd39aa0->05e06da0-1d3a-4481-ab96-f6b3bccd14af#125-t2, previous=(t:2, i:19), leaderCommit=15, initializing? false, entries: <empty>
2019-09-12 13:48:17,197 [java.util.concurrent.ThreadPoolExecutor$Worker@33caedff[State = -1, empty queue]] WARN  server.GrpcLogAppender (GrpcLogAppender.java:timeoutAppendRequest(200)) - 92e4cfa5-488b-4a46-94d1-80a7c527ff9a@group-FF9390A4C18C->6ac4bcf8-6973-4d27-bc88-57130dead3af-GrpcLogAppender: appendEntries Timeout, request=92e4cfa5-488b-4a46-94d1-80a7c527ff9a->6ac4bcf8-6973-4d27-bc88-57130dead3af#141-t2, previous=(t:2, i:36), leaderCommit=32, initializing? false, entries: <empty>
2019-09-12 13:48:17,197 [java.util.concurrent.ThreadPoolExecutor$Worker@f519941[State = -1, empty queue]] WARN  server.GrpcLogAppender (GrpcLogAppender.java:timeoutAppendRequest(200)) - 92e4cfa5-488b-4a46-94d1-80a7c527ff9a@group-FF9390A4C18C->3ef341d8-3296-48d4-9b49-005c11ca2b71-GrpcLogAppender: appendEntries Timeout, request=92e4cfa5-488b-4a46-94d1-80a7c527ff9a->3ef341d8-3296-48d4-9b49-005c11ca2b71#141-t2, previous=(t:2, i:36), leaderCommit=32, initializing? false, entries: <empty>
2019-09-12 13:48:17,401 [java.util.concurrent.ThreadPoolExecutor$Worker@37f0faaa[State = -1, empty queue]] WARN  server.GrpcLogAppender (GrpcLogAppender.java:timeoutAppendRequest(200)) - 57ae412b-1391-4b0c-ad94-18127dd39aa0@group-3636C80E75D6->05e06da0-1d3a-4481-ab96-f6b3bccd14af-GrpcLogAppender: appendEntries Timeout, request=57ae412b-1391-4b0c-ad94-18127dd39aa0->05e06da0-1d3a-4481-ab96-f6b3bccd14af#126-t2, previous=(t:2, i:19), leaderCommit=15, initializing? false, entries: <empty>
2019-09-12 13:48:17,700 [java.util.concurrent.ThreadPoolExecutor$Worker@33caedff[State = -1, empty queue]] WARN  server.GrpcLogAppender (GrpcLogAppender.java:timeoutAppendRequest(200)) - 92e4cfa5-488b-4a46-94d1-80a7c527ff9a@group-FF9390A4C18C->6ac4bcf8-6973-4d27-bc88-57130dead3af-GrpcLogAppender: appendEntries Timeout, request=92e4cfa5-488b-4a46-94d1-80a7c527ff9a->6ac4bcf8-6973-4d27-bc88-57130dead3af#142-t2, previous=(t:2, i:36), leaderCommit=32, initializing? false, entries: <empty>
2019-09-12 13:48:17,700 [java.util.concurrent.ThreadPoolExecutor$Worker@f519941[State = -1, empty queue]] WARN  server.GrpcLogAppender (GrpcLogAppender.java:timeoutAppendRequest(200)) - 92e4cfa5-488b-4a46-94d1-80a7c527ff9a@group-FF9390A4C18C->3ef341d8-3296-48d4-9b49-005c11ca2b71-GrpcLogAppender: appendEntries Timeout, request=92e4cfa5-488b-4a46-94d1-80a7c527ff9a->3ef341d8-3296-48d4-9b49-005c11ca2b71#142-t2, previous=(t:2, i:36), leaderCommit=32, initializing? false, entries: <empty>
2019-09-12 13:48:17,901 [java.util.concurrent.ThreadPoolExecutor$Worker@37f0faaa[State = -1, empty queue]] WARN  server.GrpcLogAppender (GrpcLogAppender.java:timeoutAppendRequest(200)) - 57ae412b-1391-4b0c-ad94-18127dd39aa0@group-3636C80E75D6->05e06da0-1d3a-4481-ab96-f6b3bccd14af-GrpcLogAppender: appendEntries Timeout, request=57ae412b-1391-4b0c-ad94-18127dd39aa0->05e06da0-1d3a-4481-ab96-f6b3bccd14af#127-t2, previous=(t:2, i:19), leaderCommit=15, initializing? false, entries: <empty>
2019-09-12 13:48:18,200 [java.util.concurrent.ThreadPoolExecutor$Worker@33caedff[State = -1, empty queue]] WARN  server.GrpcLogAppender (GrpcLogAppender.java:timeoutAppendRequest(200)) - 92e4cfa5-488b-4a46-94d1-80a7c527ff9a@group-FF9390A4C18C->6ac4bcf8-6973-4d27-bc88-57130dead3af-GrpcLogAppender: appendEntries Timeout, request=92e4cfa5-488b-4a46-94d1-80a7c527ff9a->6ac4bcf8-6973-4d27-bc88-57130dead3af#143-t2, previous=(t:2, i:36), leaderCommit=32, initializing? false, entries: <empty>
2019-09-12 13:48:18,200 [java.util.concurrent.ThreadPoolExecutor$Worker@f519941[State = -1, empty queue]] WARN  server.GrpcLogAppender (GrpcLogAppender.java:timeoutAppendRequest(200)) - 92e4cfa5-488b-4a46-94d1-80a7c527ff9a@group-FF9390A4C18C->3ef341d8-3296-48d4-9b49-005c11ca2b71-GrpcLogAppender: appendEntries Timeout, request=92e4cfa5-488b-4a46-94d1-80a7c527ff9a->3ef341d8-3296-48d4-9b49-005c11ca2b71#143-t2, previous=(t:2, i:36), leaderCommit=32, initializing? false, entries: <empty>
2019-09-12 13:48:18,402 [java.util.concurrent.ThreadPoolExecutor$Worker@37f0faaa[State = -1, empty queue]] WARN  server.GrpcLogAppender (GrpcLogAppender.java:timeoutAppendRequest(200)) - 57ae412b-1391-4b0c-ad94-18127dd39aa0@group-3636C80E75D6->05e06da0-1d3a-4481-ab96-f6b3bccd14af-GrpcLogAppender: appendEntries Timeout, request=57ae412b-1391-4b0c-ad94-18127dd39aa0->05e06da0-1d3a-4481-ab96-f6b3bccd14af#128-t2, previous=(t:2, i:19), leaderCommit=15, initializing? false, entries: <empty>
2019-09-12 13:48:18,700 [java.util.concurrent.ThreadPoolExecutor$Worker@f519941[State = -1, empty queue]] WARN  server.GrpcLogAppender (GrpcLogAppender.java:timeoutAppendRequest(200)) - 92e4cfa5-488b-4a46-94d1-80a7c527ff9a@group-FF9390A4C18C->3ef341d8-3296-48d4-9b49-005c11ca2b71-GrpcLogAppender: appendEntries Timeout, request=92e4cfa5-488b-4a46-94d1-80a7c527ff9a->3ef341d8-3296-48d4-9b49-005c11ca2b71#144-t2, previous=(t:2, i:36), leaderCommit=32, initializing? false, entries: <empty>
2019-09-12 13:48:18,700 [java.util.concurrent.ThreadPoolExecutor$Worker@33caedff[State = -1, empty queue]] WARN  server.GrpcLogAppender (GrpcLogAppender.java:timeoutAppendRequest(200)) - 92e4cfa5-488b-4a46-94d1-80a7c527ff9a@group-FF9390A4C18C->6ac4bcf8-6973-4d27-bc88-57130dead3af-GrpcLogAppender: appendEntries Timeout, request=92e4cfa5-488b-4a46-94d1-80a7c527ff9a->6ac4bcf8-6973-4d27-bc88-57130dead3af#144-t2, previous=(t:2, i:36), leaderCommit=32, initializing? false, entries: <empty>
2019-09-12 13:48:18,902 [java.util.concurrent.ThreadPoolExecutor$Worker@37f0faaa[State = -1, empty queue]] WARN  server.GrpcLogAppender (GrpcLogAppender.java:timeoutAppendRequest(200)) - 57ae412b-1391-4b0c-ad94-18127dd39aa0@group-3636C80E75D6->05e06da0-1d3a-4481-ab96-f6b3bccd14af-GrpcLogAppender: appendEntries Timeout, request=57ae412b-1391-4b0c-ad94-18127dd39aa0->05e06da0-1d3a-4481-ab96-f6b3bccd14af#129-t2, previous=(t:2, i:19), leaderCommit=15, initializing? false, entries: <empty>
2019-09-12 13:48:19,207 [java.util.concurrent.ThreadPoolExecutor$Worker@33caedff[State = -1, empty queue]] WARN  server.GrpcLogAppender (GrpcLogAppender.java:timeoutAppendRequest(200)) - 92e4cfa5-488b-4a46-94d1-80a7c527ff9a@group-FF9390A4C18C->6ac4bcf8-6973-4d27-bc88-57130dead3af-GrpcLogAppender: appendEntries Timeout, request=92e4cfa5-488b-4a46-94d1-80a7c527ff9a->6ac4bcf8-6973-4d27-bc88-57130dead3af#145-t2, previous=(t:2, i:36), leaderCommit=32, initializing? false, entries: <empty>
2019-09-12 13:48:19,207 [java.util.concurrent.ThreadPoolExecutor$Worker@f519941[State = -1, empty queue]] WARN  server.GrpcLogAppender (GrpcLogAppender.java:timeoutAppendRequest(200)) - 92e4cfa5-488b-4a46-94d1-80a7c527ff9a@group-FF9390A4C18C->3ef341d8-3296-48d4-9b49-005c11ca2b71-GrpcLogAppender: appendEntries Timeout, request=92e4cfa5-488b-4a46-94d1-80a7c527ff9a->3ef341d8-3296-48d4-9b49-005c11ca2b71#145-t2, previous=(t:2, i:36), leaderCommit=32, initializing? false, entries: <empty>
2019-09-12 13:48:19,404 [java.util.concurrent.ThreadPoolExecutor$Worker@37f0faaa[State = -1, empty queue]] WARN  server.GrpcLogAppender (GrpcLogAppender.java:timeoutAppendRequest(200)) - 57ae412b-1391-4b0c-ad94-18127dd39aa0@group-3636C80E75D6->05e06da0-1d3a-4481-ab96-f6b3bccd14af-GrpcLogAppender: appendEntries Timeout, request=57ae412b-1391-4b0c-ad94-18127dd39aa0->05e06da0-1d3a-4481-ab96-f6b3bccd14af#130-t2, previous=(t:2, i:19), leaderCommit=15, initializing? false, entries: <empty>
2019-09-12 13:48:19,687 [92e4cfa5-488b-4a46-94d1-80a7c527ff9a@group-FF9390A4C18C-SegmentedRaftLogWorker] WARN  segmented.SegmentedRaftLogWorker (SegmentedRaftLogWorker.java:getFromFuture(90)) - Timeout 0/~
org.apache.ratis.protocol.TimeoutIOException: Timeout 10s: WriteLog:33: (t:2, i:33), STATEMACHINELOGENTRY, client-06A0480B634B, cid=66-writeStateMachineData
	at org.apache.ratis.util.IOUtils.getFromFuture(IOUtils.java:87)
	at org.apache.ratis.server.raftlog.segmented.SegmentedRaftLogWorker$StateMachineDataPolicy.getFromFuture(SegmentedRaftLogWorker.java:87)
	at org.apache.ratis.server.raftlog.segmented.SegmentedRaftLogWorker$WriteLog.execute(SegmentedRaftLogWorker.java:477)
	at org.apache.ratis.server.raftlog.segmented.SegmentedRaftLogWorker.run(SegmentedRaftLogWorker.java:289)
	at java.lang.Thread.run(Thread.java:748)
Caused by: java.util.concurrent.TimeoutException
	at java.util.concurrent.CompletableFuture.timedGet(CompletableFuture.java:1771)
	at java.util.concurrent.CompletableFuture.get(CompletableFuture.java:1915)
	at org.apache.ratis.util.IOUtils.getFromFuture(IOUtils.java:79)
	... 4 more
2019-09-12 13:48:19,693 [3ef341d8-3296-48d4-9b49-005c11ca2b71@group-FF9390A4C18C-SegmentedRaftLogWorker] WARN  segmented.SegmentedRaftLogWorker (SegmentedRaftLogWorker.java:getFromFuture(90)) - Timeout 0/~
org.apache.ratis.protocol.TimeoutIOException: Timeout 10s: WriteLog:33: (t:2, i:33), STATEMACHINELOGENTRY, client-06A0480B634B, cid=66-writeStateMachineData
	at org.apache.ratis.util.IOUtils.getFromFuture(IOUtils.java:87)
	at org.apache.ratis.server.raftlog.segmented.SegmentedRaftLogWorker$StateMachineDataPolicy.getFromFuture(SegmentedRaftLogWorker.java:87)
	at org.apache.ratis.server.raftlog.segmented.SegmentedRaftLogWorker$WriteLog.execute(SegmentedRaftLogWorker.java:477)
	at org.apache.ratis.server.raftlog.segmented.SegmentedRaftLogWorker.run(SegmentedRaftLogWorker.java:289)
	at java.lang.Thread.run(Thread.java:748)
Caused by: java.util.concurrent.TimeoutException
	at java.util.concurrent.CompletableFuture.timedGet(CompletableFuture.java:1771)
	at java.util.concurrent.CompletableFuture.get(CompletableFuture.java:1915)
	at org.apache.ratis.util.IOUtils.getFromFuture(IOUtils.java:79)
	... 4 more
2019-09-12 13:48:19,693 [6ac4bcf8-6973-4d27-bc88-57130dead3af@group-FF9390A4C18C-SegmentedRaftLogWorker] WARN  segmented.SegmentedRaftLogWorker (SegmentedRaftLogWorker.java:getFromFuture(90)) - Timeout 0/~
org.apache.ratis.protocol.TimeoutIOException: Timeout 10s: WriteLog:33: (t:2, i:33), STATEMACHINELOGENTRY, client-06A0480B634B, cid=66-writeStateMachineData
	at org.apache.ratis.util.IOUtils.getFromFuture(IOUtils.java:87)
	at org.apache.ratis.server.raftlog.segmented.SegmentedRaftLogWorker$StateMachineDataPolicy.getFromFuture(SegmentedRaftLogWorker.java:87)
	at org.apache.ratis.server.raftlog.segmented.SegmentedRaftLogWorker$WriteLog.execute(SegmentedRaftLogWorker.java:477)
	at org.apache.ratis.server.raftlog.segmented.SegmentedRaftLogWorker.run(SegmentedRaftLogWorker.java:289)
	at java.lang.Thread.run(Thread.java:748)
Caused by: java.util.concurrent.TimeoutException
	at java.util.concurrent.CompletableFuture.timedGet(CompletableFuture.java:1771)
	at java.util.concurrent.CompletableFuture.get(CompletableFuture.java:1915)
	at org.apache.ratis.util.IOUtils.getFromFuture(IOUtils.java:79)
	... 4 more
2019-09-12 13:48:19,727 [java.util.concurrent.ThreadPoolExecutor$Worker@33caedff[State = -1, empty queue]] WARN  server.GrpcLogAppender (GrpcLogAppender.java:timeoutAppendRequest(200)) - 92e4cfa5-488b-4a46-94d1-80a7c527ff9a@group-FF9390A4C18C->6ac4bcf8-6973-4d27-bc88-57130dead3af-GrpcLogAppender: appendEntries Timeout, request=92e4cfa5-488b-4a46-94d1-80a7c527ff9a->6ac4bcf8-6973-4d27-bc88-57130dead3af#146-t2, previous=(t:2, i:36), leaderCommit=32, initializing? false, entries: <empty>
2019-09-12 13:48:19,727 [java.util.concurrent.ThreadPoolExecutor$Worker@f519941[State = -1, empty queue]] WARN  server.GrpcLogAppender (GrpcLogAppender.java:timeoutAppendRequest(200)) - 92e4cfa5-488b-4a46-94d1-80a7c527ff9a@group-FF9390A4C18C->3ef341d8-3296-48d4-9b49-005c11ca2b71-GrpcLogAppender: appendEntries Timeout, request=92e4cfa5-488b-4a46-94d1-80a7c527ff9a->3ef341d8-3296-48d4-9b49-005c11ca2b71#146-t2, previous=(t:2, i:36), leaderCommit=32, initializing? false, entries: <empty>
2019-09-12 13:48:19,786 [grpc-default-executor-2] INFO  client.GrpcClientProtocolClient (GrpcClientProtocolClient.java:onNext(264)) - client-06A0480B634B->3ef341d8-3296-48d4-9b49-005c11ca2b71: receive RaftClientReply:client-06A0480B634B->3ef341d8-3296-48d4-9b49-005c11ca2b71@group-FF9390A4C18C, cid=66, FAILED org.apache.ratis.protocol.NotLeaderException: Server 3ef341d8-3296-48d4-9b49-005c11ca2b71@group-FF9390A4C18C is not the leader 92e4cfa5-488b-4a46-94d1-80a7c527ff9a:192.168.34.38:36780, logIndex=0, commits[3ef341d8-3296-48d4-9b49-005c11ca2b71:c32, 6ac4bcf8-6973-4d27-bc88-57130dead3af:c30, 92e4cfa5-488b-4a46-94d1-80a7c527ff9a:c32]
2019-09-12 13:48:19,907 [java.util.concurrent.ThreadPoolExecutor$Worker@37f0faaa[State = -1, empty queue]] WARN  server.GrpcLogAppender (GrpcLogAppender.java:timeoutAppendRequest(200)) - 57ae412b-1391-4b0c-ad94-18127dd39aa0@group-3636C80E75D6->05e06da0-1d3a-4481-ab96-f6b3bccd14af-GrpcLogAppender: appendEntries Timeout, request=57ae412b-1391-4b0c-ad94-18127dd39aa0->05e06da0-1d3a-4481-ab96-f6b3bccd14af#131-t2, previous=(t:2, i:19), leaderCommit=15, initializing? false, entries: <empty>
2019-09-12 13:48:20,211 [java.util.concurrent.ThreadPoolExecutor$Worker@f519941[State = -1, empty queue]] WARN  server.GrpcLogAppender (GrpcLogAppender.java:timeoutAppendRequest(200)) - 92e4cfa5-488b-4a46-94d1-80a7c527ff9a@group-FF9390A4C18C->3ef341d8-3296-48d4-9b49-005c11ca2b71-GrpcLogAppender: appendEntries Timeout, request=92e4cfa5-488b-4a46-94d1-80a7c527ff9a->3ef341d8-3296-48d4-9b49-005c11ca2b71#147-t2, previous=(t:2, i:36), leaderCommit=32, initializing? false, entries: <empty>
2019-09-12 13:48:20,214 [java.util.concurrent.ThreadPoolExecutor$Worker@33caedff[State = -1, empty queue]] WARN  server.GrpcLogAppender (GrpcLogAppender.java:timeoutAppendRequest(200)) - 92e4cfa5-488b-4a46-94d1-80a7c527ff9a@group-FF9390A4C18C->6ac4bcf8-6973-4d27-bc88-57130dead3af-GrpcLogAppender: appendEntries Timeout, request=92e4cfa5-488b-4a46-94d1-80a7c527ff9a->6ac4bcf8-6973-4d27-bc88-57130dead3af#147-t2, previous=(t:2, i:36), leaderCommit=32, initializing? false, entries: <empty>
2019-09-12 13:48:20,407 [java.util.concurrent.ThreadPoolExecutor$Worker@37f0faaa[State = -1, empty queue]] WARN  server.GrpcLogAppender (GrpcLogAppender.java:timeoutAppendRequest(200)) - 57ae412b-1391-4b0c-ad94-18127dd39aa0@group-3636C80E75D6->05e06da0-1d3a-4481-ab96-f6b3bccd14af-GrpcLogAppender: appendEntries Timeout, request=57ae412b-1391-4b0c-ad94-18127dd39aa0->05e06da0-1d3a-4481-ab96-f6b3bccd14af#132-t2, previous=(t:2, i:19), leaderCommit=15, initializing? false, entries: <empty>
2019-09-12 13:48:20,712 [java.util.concurrent.ThreadPoolExecutor$Worker@f519941[State = -1, empty queue]] WARN  server.GrpcLogAppender (GrpcLogAppender.java:timeoutAppendRequest(200)) - 92e4cfa5-488b-4a46-94d1-80a7c527ff9a@group-FF9390A4C18C->3ef341d8-3296-48d4-9b49-005c11ca2b71-GrpcLogAppender: appendEntries Timeout, request=92e4cfa5-488b-4a46-94d1-80a7c527ff9a->3ef341d8-3296-48d4-9b49-005c11ca2b71#148-t2, previous=(t:2, i:36), leaderCommit=32, initializing? false, entries: <empty>
2019-09-12 13:48:20,712 [java.util.concurrent.ThreadPoolExecutor$Worker@33caedff[State = -1, empty queue]] WARN  server.GrpcLogAppender (GrpcLogAppender.java:timeoutAppendRequest(200)) - 92e4cfa5-488b-4a46-94d1-80a7c527ff9a@group-FF9390A4C18C->6ac4bcf8-6973-4d27-bc88-57130dead3af-GrpcLogAppender: appendEntries Timeout, request=92e4cfa5-488b-4a46-94d1-80a7c527ff9a->6ac4bcf8-6973-4d27-bc88-57130dead3af#148-t2, previous=(t:2, i:36), leaderCommit=32, initializing? false, entries: <empty>
2019-09-12 13:48:20,908 [java.util.concurrent.ThreadPoolExecutor$Worker@37f0faaa[State = -1, empty queue]] WARN  server.GrpcLogAppender (GrpcLogAppender.java:timeoutAppendRequest(200)) - 57ae412b-1391-4b0c-ad94-18127dd39aa0@group-3636C80E75D6->05e06da0-1d3a-4481-ab96-f6b3bccd14af-GrpcLogAppender: appendEntries Timeout, request=57ae412b-1391-4b0c-ad94-18127dd39aa0->05e06da0-1d3a-4481-ab96-f6b3bccd14af#133-t2, previous=(t:2, i:19), leaderCommit=15, initializing? false, entries: <empty>
2019-09-12 13:48:21,212 [java.util.concurrent.ThreadPoolExecutor$Worker@f519941[State = -1, empty queue]] WARN  server.GrpcLogAppender (GrpcLogAppender.java:timeoutAppendRequest(200)) - 92e4cfa5-488b-4a46-94d1-80a7c527ff9a@group-FF9390A4C18C->3ef341d8-3296-48d4-9b49-005c11ca2b71-GrpcLogAppender: appendEntries Timeout, request=92e4cfa5-488b-4a46-94d1-80a7c527ff9a->3ef341d8-3296-48d4-9b49-005c11ca2b71#149-t2, previous=(t:2, i:36), leaderCommit=32, initializing? false, entries: <empty>
2019-09-12 13:48:21,212 [java.util.concurrent.ThreadPoolExecutor$Worker@33caedff[State = -1, empty queue]] WARN  server.GrpcLogAppender (GrpcLogAppender.java:timeoutAppendRequest(200)) - 92e4cfa5-488b-4a46-94d1-80a7c527ff9a@group-FF9390A4C18C->6ac4bcf8-6973-4d27-bc88-57130dead3af-GrpcLogAppender: appendEntries Timeout, request=92e4cfa5-488b-4a46-94d1-80a7c527ff9a->6ac4bcf8-6973-4d27-bc88-57130dead3af#149-t2, previous=(t:2, i:36), leaderCommit=32, initializing? false, entries: <empty>
2019-09-12 13:48:21,408 [java.util.concurrent.ThreadPoolExecutor$Worker@37f0faaa[State = -1, empty queue]] WARN  server.GrpcLogAppender (GrpcLogAppender.java:timeoutAppendRequest(200)) - 57ae412b-1391-4b0c-ad94-18127dd39aa0@group-3636C80E75D6->05e06da0-1d3a-4481-ab96-f6b3bccd14af-GrpcLogAppender: appendEntries Timeout, request=57ae412b-1391-4b0c-ad94-18127dd39aa0->05e06da0-1d3a-4481-ab96-f6b3bccd14af#134-t2, previous=(t:2, i:19), leaderCommit=15, initializing? false, entries: <empty>
2019-09-12 13:48:21,605 [7dd3d51f-7703-47e1-b378-11db862d4d4b@group-411631934A30-SegmentedRaftLogWorker] WARN  segmented.SegmentedRaftLogWorker (SegmentedRaftLogWorker.java:getFromFuture(90)) - Timeout 5/~
org.apache.ratis.protocol.TimeoutIOException: Timeout 10s: WriteLog:19: (t:2, i:19), STATEMACHINELOGENTRY, client-ECFF5C766FEB, cid=40-writeStateMachineData
	at org.apache.ratis.util.IOUtils.getFromFuture(IOUtils.java:87)
	at org.apache.ratis.server.raftlog.segmented.SegmentedRaftLogWorker$StateMachineDataPolicy.getFromFuture(SegmentedRaftLogWorker.java:87)
	at org.apache.ratis.server.raftlog.segmented.SegmentedRaftLogWorker$WriteLog.execute(SegmentedRaftLogWorker.java:477)
	at org.apache.ratis.server.raftlog.segmented.SegmentedRaftLogWorker.run(SegmentedRaftLogWorker.java:289)
	at java.lang.Thread.run(Thread.java:748)
Caused by: java.util.concurrent.TimeoutException
	at java.util.concurrent.CompletableFuture.timedGet(CompletableFuture.java:1771)
	at java.util.concurrent.CompletableFuture.get(CompletableFuture.java:1915)
	at org.apache.ratis.util.IOUtils.getFromFuture(IOUtils.java:79)
	... 4 more
2019-09-12 13:48:21,712 [java.util.concurrent.ThreadPoolExecutor$Worker@f519941[State = -1, empty queue]] WARN  server.GrpcLogAppender (GrpcLogAppender.java:timeoutAppendRequest(200)) - 92e4cfa5-488b-4a46-94d1-80a7c527ff9a@group-FF9390A4C18C->3ef341d8-3296-48d4-9b49-005c11ca2b71-GrpcLogAppender: appendEntries Timeout, request=92e4cfa5-488b-4a46-94d1-80a7c527ff9a->3ef341d8-3296-48d4-9b49-005c11ca2b71#150-t2, previous=(t:2, i:36), leaderCommit=32, initializing? false, entries: <empty>
2019-09-12 13:48:21,712 [java.util.concurrent.ThreadPoolExecutor$Worker@33caedff[State = -1, empty queue]] WARN  server.GrpcLogAppender (GrpcLogAppender.java:timeoutAppendRequest(200)) - 92e4cfa5-488b-4a46-94d1-80a7c527ff9a@group-FF9390A4C18C->6ac4bcf8-6973-4d27-bc88-57130dead3af-GrpcLogAppender: appendEntries Timeout, request=92e4cfa5-488b-4a46-94d1-80a7c527ff9a->6ac4bcf8-6973-4d27-bc88-57130dead3af#150-t2, previous=(t:2, i:36), leaderCommit=32, initializing? false, entries: <empty>
2019-09-12 13:48:21,908 [java.util.concurrent.ThreadPoolExecutor$Worker@37f0faaa[State = -1, empty queue]] WARN  server.GrpcLogAppender (GrpcLogAppender.java:timeoutAppendRequest(200)) - 57ae412b-1391-4b0c-ad94-18127dd39aa0@group-3636C80E75D6->05e06da0-1d3a-4481-ab96-f6b3bccd14af-GrpcLogAppender: appendEntries Timeout, request=57ae412b-1391-4b0c-ad94-18127dd39aa0->05e06da0-1d3a-4481-ab96-f6b3bccd14af#135-t2, previous=(t:2, i:19), leaderCommit=15, initializing? false, entries: <empty>
2019-09-12 13:48:22,212 [java.util.concurrent.ThreadPoolExecutor$Worker@f519941[State = -1, empty queue]] WARN  server.GrpcLogAppender (GrpcLogAppender.java:timeoutAppendRequest(200)) - 92e4cfa5-488b-4a46-94d1-80a7c527ff9a@group-FF9390A4C18C->3ef341d8-3296-48d4-9b49-005c11ca2b71-GrpcLogAppender: appendEntries Timeout, request=92e4cfa5-488b-4a46-94d1-80a7c527ff9a->3ef341d8-3296-48d4-9b49-005c11ca2b71#151-t2, previous=(t:2, i:36), leaderCommit=32, initializing? false, entries: <empty>
2019-09-12 13:48:22,212 [java.util.concurrent.ThreadPoolExecutor$Worker@33caedff[State = -1, empty queue]] WARN  server.GrpcLogAppender (GrpcLogAppender.java:timeoutAppendRequest(200)) - 92e4cfa5-488b-4a46-94d1-80a7c527ff9a@group-FF9390A4C18C->6ac4bcf8-6973-4d27-bc88-57130dead3af-GrpcLogAppender: appendEntries Timeout, request=92e4cfa5-488b-4a46-94d1-80a7c527ff9a->6ac4bcf8-6973-4d27-bc88-57130dead3af#151-t2, previous=(t:2, i:36), leaderCommit=32, initializing? false, entries: <empty>
2019-09-12 13:48:22,409 [java.util.concurrent.ThreadPoolExecutor$Worker@37f0faaa[State = -1, empty queue]] WARN  server.GrpcLogAppender (GrpcLogAppender.java:timeoutAppendRequest(200)) - 57ae412b-1391-4b0c-ad94-18127dd39aa0@group-3636C80E75D6->05e06da0-1d3a-4481-ab96-f6b3bccd14af-GrpcLogAppender: appendEntries Timeout, request=57ae412b-1391-4b0c-ad94-18127dd39aa0->05e06da0-1d3a-4481-ab96-f6b3bccd14af#136-t2, previous=(t:2, i:19), leaderCommit=15, initializing? false, entries: <empty>
2019-09-12 13:48:22,727 [java.util.concurrent.ThreadPoolExecutor$Worker@f519941[State = -1, empty queue]] WARN  server.GrpcLogAppender (GrpcLogAppender.java:timeoutAppendRequest(200)) - 92e4cfa5-488b-4a46-94d1-80a7c527ff9a@group-FF9390A4C18C->3ef341d8-3296-48d4-9b49-005c11ca2b71-GrpcLogAppender: appendEntries Timeout, request=92e4cfa5-488b-4a46-94d1-80a7c527ff9a->3ef341d8-3296-48d4-9b49-005c11ca2b71#152-t2, previous=(t:2, i:36), leaderCommit=32, initializing? false, entries: <empty>
2019-09-12 13:48:22,727 [java.util.concurrent.ThreadPoolExecutor$Worker@33caedff[State = -1, empty queue]] WARN  server.GrpcLogAppender (GrpcLogAppender.java:timeoutAppendRequest(200)) - 92e4cfa5-488b-4a46-94d1-80a7c527ff9a@group-FF9390A4C18C->6ac4bcf8-6973-4d27-bc88-57130dead3af-GrpcLogAppender: appendEntries Timeout, request=92e4cfa5-488b-4a46-94d1-80a7c527ff9a->6ac4bcf8-6973-4d27-bc88-57130dead3af#152-t2, previous=(t:2, i:36), leaderCommit=32, initializing? false, entries: <empty>
2019-09-12 13:48:22,909 [java.util.concurrent.ThreadPoolExecutor$Worker@37f0faaa[State = -1, empty queue]] WARN  server.GrpcLogAppender (GrpcLogAppender.java:timeoutAppendRequest(200)) - 57ae412b-1391-4b0c-ad94-18127dd39aa0@group-3636C80E75D6->05e06da0-1d3a-4481-ab96-f6b3bccd14af-GrpcLogAppender: appendEntries Timeout, request=57ae412b-1391-4b0c-ad94-18127dd39aa0->05e06da0-1d3a-4481-ab96-f6b3bccd14af#137-t2, previous=(t:2, i:19), leaderCommit=15, initializing? false, entries: <empty>
2019-09-12 13:48:23,227 [java.util.concurrent.ThreadPoolExecutor$Worker@f519941[State = -1, empty queue]] WARN  server.GrpcLogAppender (GrpcLogAppender.java:timeoutAppendRequest(200)) - 92e4cfa5-488b-4a46-94d1-80a7c527ff9a@group-FF9390A4C18C->3ef341d8-3296-48d4-9b49-005c11ca2b71-GrpcLogAppender: appendEntries Timeout, request=92e4cfa5-488b-4a46-94d1-80a7c527ff9a->3ef341d8-3296-48d4-9b49-005c11ca2b71#153-t2, previous=(t:2, i:36), leaderCommit=32, initializing? false, entries: <empty>
2019-09-12 13:48:23,227 [java.util.concurrent.ThreadPoolExecutor$Worker@33caedff[State = -1, empty queue]] WARN  server.GrpcLogAppender (GrpcLogAppender.java:timeoutAppendRequest(200)) - 92e4cfa5-488b-4a46-94d1-80a7c527ff9a@group-FF9390A4C18C->6ac4bcf8-6973-4d27-bc88-57130dead3af-GrpcLogAppender: appendEntries Timeout, request=92e4cfa5-488b-4a46-94d1-80a7c527ff9a->6ac4bcf8-6973-4d27-bc88-57130dead3af#153-t2, previous=(t:2, i:36), leaderCommit=32, initializing? false, entries: <empty>
2019-09-12 13:48:23,410 [java.util.concurrent.ThreadPoolExecutor$Worker@37f0faaa[State = -1, empty queue]] WARN  server.GrpcLogAppender (GrpcLogAppender.java:timeoutAppendRequest(200)) - 57ae412b-1391-4b0c-ad94-18127dd39aa0@group-3636C80E75D6->05e06da0-1d3a-4481-ab96-f6b3bccd14af-GrpcLogAppender: appendEntries Timeout, request=57ae412b-1391-4b0c-ad94-18127dd39aa0->05e06da0-1d3a-4481-ab96-f6b3bccd14af#138-t2, previous=(t:2, i:19), leaderCommit=15, initializing? false, entries: <empty>
2019-09-12 13:48:23,728 [java.util.concurrent.ThreadPoolExecutor$Worker@f519941[State = -1, empty queue]] WARN  server.GrpcLogAppender (GrpcLogAppender.java:timeoutAppendRequest(200)) - 92e4cfa5-488b-4a46-94d1-80a7c527ff9a@group-FF9390A4C18C->3ef341d8-3296-48d4-9b49-005c11ca2b71-GrpcLogAppender: appendEntries Timeout, request=92e4cfa5-488b-4a46-94d1-80a7c527ff9a->3ef341d8-3296-48d4-9b49-005c11ca2b71#154-t2, previous=(t:2, i:36), leaderCommit=32, initializing? false, entries: <empty>
2019-09-12 13:48:23,728 [java.util.concurrent.ThreadPoolExecutor$Worker@33caedff[State = -1, empty queue]] WARN  server.GrpcLogAppender (GrpcLogAppender.java:timeoutAppendRequest(200)) - 92e4cfa5-488b-4a46-94d1-80a7c527ff9a@group-FF9390A4C18C->6ac4bcf8-6973-4d27-bc88-57130dead3af-GrpcLogAppender: appendEntries Timeout, request=92e4cfa5-488b-4a46-94d1-80a7c527ff9a->6ac4bcf8-6973-4d27-bc88-57130dead3af#154-t2, previous=(t:2, i:36), leaderCommit=32, initializing? false, entries: <empty>
2019-09-12 13:48:23,910 [java.util.concurrent.ThreadPoolExecutor$Worker@37f0faaa[State = -1, empty queue]] WARN  server.GrpcLogAppender (GrpcLogAppender.java:timeoutAppendRequest(200)) - 57ae412b-1391-4b0c-ad94-18127dd39aa0@group-3636C80E75D6->05e06da0-1d3a-4481-ab96-f6b3bccd14af-GrpcLogAppender: appendEntries Timeout, request=57ae412b-1391-4b0c-ad94-18127dd39aa0->05e06da0-1d3a-4481-ab96-f6b3bccd14af#139-t2, previous=(t:2, i:19), leaderCommit=15, initializing? false, entries: <empty>
2019-09-12 13:48:24,229 [java.util.concurrent.ThreadPoolExecutor$Worker@f519941[State = -1, empty queue]] WARN  server.GrpcLogAppender (GrpcLogAppender.java:timeoutAppendRequest(200)) - 92e4cfa5-488b-4a46-94d1-80a7c527ff9a@group-FF9390A4C18C->3ef341d8-3296-48d4-9b49-005c11ca2b71-GrpcLogAppender: appendEntries Timeout, request=92e4cfa5-488b-4a46-94d1-80a7c527ff9a->3ef341d8-3296-48d4-9b49-005c11ca2b71#155-t2, previous=(t:2, i:36), leaderCommit=32, initializing? false, entries: <empty>
2019-09-12 13:48:24,229 [java.util.concurrent.ThreadPoolExecutor$Worker@33caedff[State = -1, empty queue]] WARN  server.GrpcLogAppender (GrpcLogAppender.java:timeoutAppendRequest(200)) - 92e4cfa5-488b-4a46-94d1-80a7c527ff9a@group-FF9390A4C18C->6ac4bcf8-6973-4d27-bc88-57130dead3af-GrpcLogAppender: appendEntries Timeout, request=92e4cfa5-488b-4a46-94d1-80a7c527ff9a->6ac4bcf8-6973-4d27-bc88-57130dead3af#155-t2, previous=(t:2, i:36), leaderCommit=32, initializing? false, entries: <empty>
2019-09-12 13:48:24,411 [java.util.concurrent.ThreadPoolExecutor$Worker@37f0faaa[State = -1, empty queue]] WARN  server.GrpcLogAppender (GrpcLogAppender.java:timeoutAppendRequest(200)) - 57ae412b-1391-4b0c-ad94-18127dd39aa0@group-3636C80E75D6->05e06da0-1d3a-4481-ab96-f6b3bccd14af-GrpcLogAppender: appendEntries Timeout, request=57ae412b-1391-4b0c-ad94-18127dd39aa0->05e06da0-1d3a-4481-ab96-f6b3bccd14af#140-t2, previous=(t:2, i:19), leaderCommit=15, initializing? false, entries: <empty>
2019-09-12 13:48:24,728 [java.util.concurrent.ThreadPoolExecutor$Worker@f519941[State = -1, empty queue]] WARN  server.GrpcLogAppender (GrpcLogAppender.java:timeoutAppendRequest(200)) - 92e4cfa5-488b-4a46-94d1-80a7c527ff9a@group-FF9390A4C18C->3ef341d8-3296-48d4-9b49-005c11ca2b71-GrpcLogAppender: appendEntries Timeout, request=92e4cfa5-488b-4a46-94d1-80a7c527ff9a->3ef341d8-3296-48d4-9b49-005c11ca2b71#156-t2, previous=(t:2, i:36), leaderCommit=32, initializing? false, entries: <empty>
2019-09-12 13:48:24,728 [java.util.concurrent.ThreadPoolExecutor$Worker@33caedff[State = -1, empty queue]] WARN  server.GrpcLogAppender (GrpcLogAppender.java:timeoutAppendRequest(200)) - 92e4cfa5-488b-4a46-94d1-80a7c527ff9a@group-FF9390A4C18C->6ac4bcf8-6973-4d27-bc88-57130dead3af-GrpcLogAppender: appendEntries Timeout, request=92e4cfa5-488b-4a46-94d1-80a7c527ff9a->6ac4bcf8-6973-4d27-bc88-57130dead3af#156-t2, previous=(t:2, i:36), leaderCommit=32, initializing? false, entries: <empty>
2019-09-12 13:48:24,850 [grpc-default-executor-2] INFO  client.GrpcClientProtocolClient (GrpcClientProtocolClient.java:onNext(264)) - client-06A0480B634B->6ac4bcf8-6973-4d27-bc88-57130dead3af: receive RaftClientReply:client-06A0480B634B->6ac4bcf8-6973-4d27-bc88-57130dead3af@group-FF9390A4C18C, cid=66, FAILED org.apache.ratis.protocol.NotLeaderException: Server 6ac4bcf8-6973-4d27-bc88-57130dead3af@group-FF9390A4C18C is not the leader 92e4cfa5-488b-4a46-94d1-80a7c527ff9a:192.168.34.38:36780, logIndex=0, commits[6ac4bcf8-6973-4d27-bc88-57130dead3af:c32, 3ef341d8-3296-48d4-9b49-005c11ca2b71:c30, 92e4cfa5-488b-4a46-94d1-80a7c527ff9a:c32]
2019-09-12 13:48:24,911 [java.util.concurrent.ThreadPoolExecutor$Worker@37f0faaa[State = -1, empty queue]] WARN  server.GrpcLogAppender (GrpcLogAppender.java:timeoutAppendRequest(200)) - 57ae412b-1391-4b0c-ad94-18127dd39aa0@group-3636C80E75D6->05e06da0-1d3a-4481-ab96-f6b3bccd14af-GrpcLogAppender: appendEntries Timeout, request=57ae412b-1391-4b0c-ad94-18127dd39aa0->05e06da0-1d3a-4481-ab96-f6b3bccd14af#141-t2, previous=(t:2, i:19), leaderCommit=15, initializing? false, entries: <empty>
2019-09-12 13:48:25,229 [java.util.concurrent.ThreadPoolExecutor$Worker@f519941[State = -1, empty queue]] WARN  server.GrpcLogAppender (GrpcLogAppender.java:timeoutAppendRequest(200)) - 92e4cfa5-488b-4a46-94d1-80a7c527ff9a@group-FF9390A4C18C->3ef341d8-3296-48d4-9b49-005c11ca2b71-GrpcLogAppender: appendEntries Timeout, request=92e4cfa5-488b-4a46-94d1-80a7c527ff9a->3ef341d8-3296-48d4-9b49-005c11ca2b71#157-t2, previous=(t:2, i:36), leaderCommit=32, initializing? false, entries: <empty>
2019-09-12 13:48:25,229 [java.util.concurrent.ThreadPoolExecutor$Worker@33caedff[State = -1, empty queue]] WARN  server.GrpcLogAppender (GrpcLogAppender.java:timeoutAppendRequest(200)) - 92e4cfa5-488b-4a46-94d1-80a7c527ff9a@group-FF9390A4C18C->6ac4bcf8-6973-4d27-bc88-57130dead3af-GrpcLogAppender: appendEntries Timeout, request=92e4cfa5-488b-4a46-94d1-80a7c527ff9a->6ac4bcf8-6973-4d27-bc88-57130dead3af#157-t2, previous=(t:2, i:36), leaderCommit=32, initializing? false, entries: <empty>
2019-09-12 13:48:25,411 [java.util.concurrent.ThreadPoolExecutor$Worker@37f0faaa[State = -1, empty queue]] WARN  server.GrpcLogAppender (GrpcLogAppender.java:timeoutAppendRequest(200)) - 57ae412b-1391-4b0c-ad94-18127dd39aa0@group-3636C80E75D6->05e06da0-1d3a-4481-ab96-f6b3bccd14af-GrpcLogAppender: appendEntries Timeout, request=57ae412b-1391-4b0c-ad94-18127dd39aa0->05e06da0-1d3a-4481-ab96-f6b3bccd14af#142-t2, previous=(t:2, i:19), leaderCommit=15, initializing? false, entries: <empty>
2019-09-12 13:48:25,729 [java.util.concurrent.ThreadPoolExecutor$Worker@f519941[State = -1, empty queue]] WARN  server.GrpcLogAppender (GrpcLogAppender.java:timeoutAppendRequest(200)) - 92e4cfa5-488b-4a46-94d1-80a7c527ff9a@group-FF9390A4C18C->3ef341d8-3296-48d4-9b49-005c11ca2b71-GrpcLogAppender: appendEntries Timeout, request=92e4cfa5-488b-4a46-94d1-80a7c527ff9a->3ef341d8-3296-48d4-9b49-005c11ca2b71#158-t2, previous=(t:2, i:36), leaderCommit=32, initializing? false, entries: <empty>
2019-09-12 13:48:25,729 [java.util.concurrent.ThreadPoolExecutor$Worker@33caedff[State = -1, empty queue]] WARN  server.GrpcLogAppender (GrpcLogAppender.java:timeoutAppendRequest(200)) - 92e4cfa5-488b-4a46-94d1-80a7c527ff9a@group-FF9390A4C18C->6ac4bcf8-6973-4d27-bc88-57130dead3af-GrpcLogAppender: appendEntries Timeout, request=92e4cfa5-488b-4a46-94d1-80a7c527ff9a->6ac4bcf8-6973-4d27-bc88-57130dead3af#158-t2, previous=(t:2, i:36), leaderCommit=32, initializing? false, entries: <empty>
2019-09-12 13:48:25,876 [57ae412b-1391-4b0c-ad94-18127dd39aa0@group-3636C80E75D6-SegmentedRaftLogWorker] WARN  segmented.SegmentedRaftLogWorker (SegmentedRaftLogWorker.java:getFromFuture(90)) - Timeout 3/~
org.apache.ratis.protocol.TimeoutIOException: Timeout 10s: WriteLog:16: (t:2, i:16), STATEMACHINELOGENTRY, client-DC9C3C53DAD2, cid=53-writeStateMachineData
	at org.apache.ratis.util.IOUtils.getFromFuture(IOUtils.java:87)
	at org.apache.ratis.server.raftlog.segmented.SegmentedRaftLogWorker$StateMachineDataPolicy.getFromFuture(SegmentedRaftLogWorker.java:87)
	at org.apache.ratis.server.raftlog.segmented.SegmentedRaftLogWorker$WriteLog.execute(SegmentedRaftLogWorker.java:477)
	at org.apache.ratis.server.raftlog.segmented.SegmentedRaftLogWorker.run(SegmentedRaftLogWorker.java:289)
	at java.lang.Thread.run(Thread.java:748)
Caused by: java.util.concurrent.TimeoutException
	at java.util.concurrent.CompletableFuture.timedGet(CompletableFuture.java:1771)
	at java.util.concurrent.CompletableFuture.get(CompletableFuture.java:1915)
	at org.apache.ratis.util.IOUtils.getFromFuture(IOUtils.java:79)
	... 4 more
2019-09-12 13:48:25,885 [05e06da0-1d3a-4481-ab96-f6b3bccd14af@group-3636C80E75D6-SegmentedRaftLogWorker] WARN  segmented.SegmentedRaftLogWorker (SegmentedRaftLogWorker.java:getFromFuture(90)) - Timeout 3/~
org.apache.ratis.protocol.TimeoutIOException: Timeout 10s: WriteLog:16: (t:2, i:16), STATEMACHINELOGENTRY, client-DC9C3C53DAD2, cid=53-writeStateMachineData
	at org.apache.ratis.util.IOUtils.getFromFuture(IOUtils.java:87)
	at org.apache.ratis.server.raftlog.segmented.SegmentedRaftLogWorker$StateMachineDataPolicy.getFromFuture(SegmentedRaftLogWorker.java:87)
	at org.apache.ratis.server.raftlog.segmented.SegmentedRaftLogWorker$WriteLog.execute(SegmentedRaftLogWorker.java:477)
	at org.apache.ratis.server.raftlog.segmented.SegmentedRaftLogWorker.run(SegmentedRaftLogWorker.java:289)
	at java.lang.Thread.run(Thread.java:748)
Caused by: java.util.concurrent.TimeoutException
	at java.util.concurrent.CompletableFuture.timedGet(CompletableFuture.java:1771)
	at java.util.concurrent.CompletableFuture.get(CompletableFuture.java:1915)
	at org.apache.ratis.util.IOUtils.getFromFuture(IOUtils.java:79)
	... 4 more
2019-09-12 13:48:25,911 [java.util.concurrent.ThreadPoolExecutor$Worker@37f0faaa[State = -1, empty queue]] WARN  server.GrpcLogAppender (GrpcLogAppender.java:timeoutAppendRequest(200)) - 57ae412b-1391-4b0c-ad94-18127dd39aa0@group-3636C80E75D6->05e06da0-1d3a-4481-ab96-f6b3bccd14af-GrpcLogAppender: appendEntries Timeout, request=57ae412b-1391-4b0c-ad94-18127dd39aa0->05e06da0-1d3a-4481-ab96-f6b3bccd14af#143-t2, previous=(t:2, i:19), leaderCommit=15, initializing? false, entries: <empty>
2019-09-12 13:48:26,229 [java.util.concurrent.ThreadPoolExecutor$Worker@f519941[State = -1, empty queue]] WARN  server.GrpcLogAppender (GrpcLogAppender.java:timeoutAppendRequest(200)) - 92e4cfa5-488b-4a46-94d1-80a7c527ff9a@group-FF9390A4C18C->3ef341d8-3296-48d4-9b49-005c11ca2b71-GrpcLogAppender: appendEntries Timeout, request=92e4cfa5-488b-4a46-94d1-80a7c527ff9a->3ef341d8-3296-48d4-9b49-005c11ca2b71#159-t2, previous=(t:2, i:36), leaderCommit=32, initializing? false, entries: <empty>
2019-09-12 13:48:26,229 [java.util.concurrent.ThreadPoolExecutor$Worker@33caedff[State = -1, empty queue]] WARN  server.GrpcLogAppender (GrpcLogAppender.java:timeoutAppendRequest(200)) - 92e4cfa5-488b-4a46-94d1-80a7c527ff9a@group-FF9390A4C18C->6ac4bcf8-6973-4d27-bc88-57130dead3af-GrpcLogAppender: appendEntries Timeout, request=92e4cfa5-488b-4a46-94d1-80a7c527ff9a->6ac4bcf8-6973-4d27-bc88-57130dead3af#159-t2, previous=(t:2, i:36), leaderCommit=32, initializing? false, entries: <empty>
2019-09-12 13:48:26,412 [java.util.concurrent.ThreadPoolExecutor$Worker@37f0faaa[State = -1, empty queue]] WARN  server.GrpcLogAppender (GrpcLogAppender.java:timeoutAppendRequest(200)) - 57ae412b-1391-4b0c-ad94-18127dd39aa0@group-3636C80E75D6->05e06da0-1d3a-4481-ab96-f6b3bccd14af-GrpcLogAppender: appendEntries Timeout, request=57ae412b-1391-4b0c-ad94-18127dd39aa0->05e06da0-1d3a-4481-ab96-f6b3bccd14af#144-t2, previous=(t:2, i:19), leaderCommit=15, initializing? false, entries: <empty>
2019-09-12 13:48:26,729 [java.util.concurrent.ThreadPoolExecutor$Worker@33caedff[State = -1, empty queue]] WARN  server.GrpcLogAppender (GrpcLogAppender.java:timeoutAppendRequest(200)) - 92e4cfa5-488b-4a46-94d1-80a7c527ff9a@group-FF9390A4C18C->6ac4bcf8-6973-4d27-bc88-57130dead3af-GrpcLogAppender: appendEntries Timeout, request=92e4cfa5-488b-4a46-94d1-80a7c527ff9a->6ac4bcf8-6973-4d27-bc88-57130dead3af#160-t2, previous=(t:2, i:36), leaderCommit=32, initializing? false, entries: <empty>
2019-09-12 13:48:26,730 [java.util.concurrent.ThreadPoolExecutor$Worker@f519941[State = -1, empty queue]] WARN  server.GrpcLogAppender (GrpcLogAppender.java:timeoutAppendRequest(200)) - 92e4cfa5-488b-4a46-94d1-80a7c527ff9a@group-FF9390A4C18C->3ef341d8-3296-48d4-9b49-005c11ca2b71-GrpcLogAppender: appendEntries Timeout, request=92e4cfa5-488b-4a46-94d1-80a7c527ff9a->3ef341d8-3296-48d4-9b49-005c11ca2b71#160-t2, previous=(t:2, i:36), leaderCommit=32, initializing? false, entries: <empty>
2019-09-12 13:48:26,912 [java.util.concurrent.ThreadPoolExecutor$Worker@37f0faaa[State = -1, empty queue]] WARN  server.GrpcLogAppender (GrpcLogAppender.java:timeoutAppendRequest(200)) - 57ae412b-1391-4b0c-ad94-18127dd39aa0@group-3636C80E75D6->05e06da0-1d3a-4481-ab96-f6b3bccd14af-GrpcLogAppender: appendEntries Timeout, request=57ae412b-1391-4b0c-ad94-18127dd39aa0->05e06da0-1d3a-4481-ab96-f6b3bccd14af#145-t2, previous=(t:2, i:19), leaderCommit=15, initializing? false, entries: <empty>
2019-09-12 13:48:27,230 [java.util.concurrent.ThreadPoolExecutor$Worker@f519941[State = -1, empty queue]] WARN  server.GrpcLogAppender (GrpcLogAppender.java:timeoutAppendRequest(200)) - 92e4cfa5-488b-4a46-94d1-80a7c527ff9a@group-FF9390A4C18C->3ef341d8-3296-48d4-9b49-005c11ca2b71-GrpcLogAppender: appendEntries Timeout, request=92e4cfa5-488b-4a46-94d1-80a7c527ff9a->3ef341d8-3296-48d4-9b49-005c11ca2b71#161-t2, previous=(t:2, i:36), leaderCommit=32, initializing? false, entries: <empty>
2019-09-12 13:48:27,230 [java.util.concurrent.ThreadPoolExecutor$Worker@33caedff[State = -1, empty queue]] WARN  server.GrpcLogAppender (GrpcLogAppender.java:timeoutAppendRequest(200)) - 92e4cfa5-488b-4a46-94d1-80a7c527ff9a@group-FF9390A4C18C->6ac4bcf8-6973-4d27-bc88-57130dead3af-GrpcLogAppender: appendEntries Timeout, request=92e4cfa5-488b-4a46-94d1-80a7c527ff9a->6ac4bcf8-6973-4d27-bc88-57130dead3af#161-t2, previous=(t:2, i:36), leaderCommit=32, initializing? false, entries: <empty>
2019-09-12 13:48:27,413 [java.util.concurrent.ThreadPoolExecutor$Worker@37f0faaa[State = -1, empty queue]] WARN  server.GrpcLogAppender (GrpcLogAppender.java:timeoutAppendRequest(200)) - 57ae412b-1391-4b0c-ad94-18127dd39aa0@group-3636C80E75D6->05e06da0-1d3a-4481-ab96-f6b3bccd14af-GrpcLogAppender: appendEntries Timeout, request=57ae412b-1391-4b0c-ad94-18127dd39aa0->05e06da0-1d3a-4481-ab96-f6b3bccd14af#146-t2, previous=(t:2, i:19), leaderCommit=15, initializing? false, entries: <empty>
2019-09-12 13:48:27,731 [java.util.concurrent.ThreadPoolExecutor$Worker@f519941[State = -1, empty queue]] WARN  server.GrpcLogAppender (GrpcLogAppender.java:timeoutAppendRequest(200)) - 92e4cfa5-488b-4a46-94d1-80a7c527ff9a@group-FF9390A4C18C->3ef341d8-3296-48d4-9b49-005c11ca2b71-GrpcLogAppender: appendEntries Timeout, request=92e4cfa5-488b-4a46-94d1-80a7c527ff9a->3ef341d8-3296-48d4-9b49-005c11ca2b71#162-t2, previous=(t:2, i:36), leaderCommit=32, initializing? false, entries: <empty>
2019-09-12 13:48:27,731 [java.util.concurrent.ThreadPoolExecutor$Worker@33caedff[State = -1, empty queue]] WARN  server.GrpcLogAppender (GrpcLogAppender.java:timeoutAppendRequest(200)) - 92e4cfa5-488b-4a46-94d1-80a7c527ff9a@group-FF9390A4C18C->6ac4bcf8-6973-4d27-bc88-57130dead3af-GrpcLogAppender: appendEntries Timeout, request=92e4cfa5-488b-4a46-94d1-80a7c527ff9a->6ac4bcf8-6973-4d27-bc88-57130dead3af#162-t2, previous=(t:2, i:36), leaderCommit=32, initializing? false, entries: <empty>
2019-09-12 13:48:27,876 [main] WARN  io.KeyOutputStream (KeyOutputStream.java:handleException(276)) - Encountered exception java.io.IOException: Unexpected Storage Container Exception: java.util.concurrent.CompletionException: java.util.concurrent.CompletionException: org.apache.ratis.protocol.RaftRetryFailureException: Failed RaftClientRequest:client-06A0480B634B->92e4cfa5-488b-4a46-94d1-80a7c527ff9a@group-FF9390A4C18C, cid=66, seq=9*, RW, org.apache.hadoop.hdds.scm.XceiverClientRatis$$Lambda$477/1566285515@59fa85b2 for 10 attempts with RetryLimited(maxAttempts=10, sleepTime=1000ms) on the pipeline Pipeline[ Id: 14334f41-af10-4df4-81be-ff9390a4c18c, Nodes: 6ac4bcf8-6973-4d27-bc88-57130dead3af{ip: 192.168.34.38, host: pr-hdds-2007-65vhz-3510356991, networkLocation: /default-rack, certSerialId: null}92e4cfa5-488b-4a46-94d1-80a7c527ff9a{ip: 192.168.34.38, host: pr-hdds-2007-65vhz-3510356991, networkLocation: /default-rack, certSerialId: null}3ef341d8-3296-48d4-9b49-005c11ca2b71{ip: 192.168.34.38, host: pr-hdds-2007-65vhz-3510356991, networkLocation: /default-rack, certSerialId: null}, Type:RATIS, Factor:THREE, State:OPEN]. The last committed block length is 0, uncommitted data length is 2097152 retry count 0
2019-09-12 13:48:27,913 [java.util.concurrent.ThreadPoolExecutor$Worker@37f0faaa[State = -1, empty queue]] WARN  server.GrpcLogAppender (GrpcLogAppender.java:timeoutAppendRequest(200)) - 57ae412b-1391-4b0c-ad94-18127dd39aa0@group-3636C80E75D6->05e06da0-1d3a-4481-ab96-f6b3bccd14af-GrpcLogAppender: appendEntries Timeout, request=57ae412b-1391-4b0c-ad94-18127dd39aa0->05e06da0-1d3a-4481-ab96-f6b3bccd14af#147-t2, previous=(t:2, i:19), leaderCommit=15, initializing? false, entries: <empty>
2019-09-12 13:48:27,917 [IPC Server handler 18 on 33828] WARN  block.BlockManagerImpl (BlockManagerImpl.java:allocateBlock(192)) - Pipeline creation failed for type:RATIS factor:THREE. Retrying get pipelines call once.
org.apache.hadoop.hdds.scm.pipeline.InsufficientDatanodesException: Cannot create pipeline of factor 3 using 1 nodes.
	at org.apache.hadoop.hdds.scm.pipeline.RatisPipelineProvider.create(RatisPipelineProvider.java:152)
	at org.apache.hadoop.hdds.scm.pipeline.PipelineFactory.create(PipelineFactory.java:57)
	at org.apache.hadoop.hdds.scm.pipeline.SCMPipelineManager.createPipeline(SCMPipelineManager.java:151)
	at org.apache.hadoop.hdds.scm.block.BlockManagerImpl.allocateBlock(BlockManagerImpl.java:190)
	at org.apache.hadoop.hdds.scm.server.SCMBlockProtocolServer.allocateBlock(SCMBlockProtocolServer.java:182)
	at org.apache.hadoop.ozone.protocolPB.ScmBlockLocationProtocolServerSideTranslatorPB.allocateScmBlock(ScmBlockLocationProtocolServerSideTranslatorPB.java:183)
	at org.apache.hadoop.ozone.protocolPB.ScmBlockLocationProtocolServerSideTranslatorPB.processMessage(ScmBlockLocationProtocolServerSideTranslatorPB.java:141)
	at org.apache.hadoop.ozone.protocolPB.ScmBlockLocationProtocolServerSideTranslatorPB.send(ScmBlockLocationProtocolServerSideTranslatorPB.java:116)
	at org.apache.hadoop.hdds.protocol.proto.ScmBlockLocationProtocolProtos$ScmBlockLocationProtocolService$2.callBlockingMethod(ScmBlockLocationProtocolProtos.java:13157)
	at org.apache.hadoop.ipc.ProtobufRpcEngine$Server$ProtoBufRpcInvoker.call(ProtobufRpcEngine.java:524)
	at org.apache.hadoop.ipc.RPC$Server.call(RPC.java:1025)
	at org.apache.hadoop.ipc.Server$RpcCall.run(Server.java:876)
	at org.apache.hadoop.ipc.Server$RpcCall.run(Server.java:822)
	at java.security.AccessController.doPrivileged(Native Method)
	at javax.security.auth.Subject.doAs(Subject.java:422)
	at org.apache.hadoop.security.UserGroupInformation.doAs(UserGroupInformation.java:1730)
	at org.apache.hadoop.ipc.Server$Handler.run(Server.java:2682)
2019-09-12 13:48:27,924 [IPC Server handler 18 on 33828] INFO  block.BlockManagerImpl (BlockManagerImpl.java:allocateBlock(198)) - Could not find available pipeline of type:RATIS and factor:THREE even after retrying
2019-09-12 13:48:27,924 [IPC Server handler 18 on 33828] ERROR block.BlockManagerImpl (BlockManagerImpl.java:allocateBlock(222)) - Unable to allocate a block for the size: 4194304, type: RATIS, factor: THREE
2019-09-12 13:48:27,932 [main] ERROR io.BlockOutputStreamEntryPool (BlockOutputStreamEntryPool.java:allocateBlockIfNeeded(299)) - Try to allocate more blocks for write failed, already allocated 0 blocks for this write.
INTERNAL_ERROR org.apache.hadoop.ozone.om.exceptions.OMException: Allocated 0 blocks. Requested 1 blocks
	at org.apache.hadoop.ozone.om.protocolPB.OzoneManagerProtocolClientSideTranslatorPB.handleError(OzoneManagerProtocolClientSideTranslatorPB.java:726)
	at org.apache.hadoop.ozone.om.protocolPB.OzoneManagerProtocolClientSideTranslatorPB.allocateBlock(OzoneManagerProtocolClientSideTranslatorPB.java:758)
	at sun.reflect.NativeMethodAccessorImpl.invoke0(Native Method)
	at sun.reflect.NativeMethodAccessorImpl.invoke(NativeMethodAccessorImpl.java:62)
	at sun.reflect.DelegatingMethodAccessorImpl.invoke(DelegatingMethodAccessorImpl.java:43)
	at java.lang.reflect.Method.invoke(Method.java:498)
	at org.apache.hadoop.hdds.tracing.TraceAllMethod.invoke(TraceAllMethod.java:66)
	at com.sun.proxy.$Proxy36.allocateBlock(Unknown Source)
	at org.apache.hadoop.ozone.client.io.BlockOutputStreamEntryPool.allocateNewBlock(BlockOutputStreamEntryPool.java:248)
	at org.apache.hadoop.ozone.client.io.BlockOutputStreamEntryPool.allocateBlockIfNeeded(BlockOutputStreamEntryPool.java:296)
	at org.apache.hadoop.ozone.client.io.KeyOutputStream.handleWrite(KeyOutputStream.java:201)
	at org.apache.hadoop.ozone.client.io.KeyOutputStream.handleRetry(KeyOutputStream.java:376)
	at org.apache.hadoop.ozone.client.io.KeyOutputStream.handleException(KeyOutputStream.java:325)
	at org.apache.hadoop.ozone.client.io.KeyOutputStream.handleWrite(KeyOutputStream.java:231)
	at org.apache.hadoop.ozone.client.io.KeyOutputStream.write(KeyOutputStream.java:193)
	at org.apache.hadoop.ozone.client.io.OzoneOutputStream.write(OzoneOutputStream.java:49)
	at java.io.OutputStream.write(OutputStream.java:75)
	at org.apache.hadoop.ozone.client.rpc.TestMultiBlockWritesWithDnFailures.testMultiBlockWritesWithIntermittentDnFailures(TestMultiBlockWritesWithDnFailures.java:196)
	at sun.reflect.NativeMethodAccessorImpl.invoke0(Native Method)
	at sun.reflect.NativeMethodAccessorImpl.invoke(NativeMethodAccessorImpl.java:62)
	at sun.reflect.DelegatingMethodAccessorImpl.invoke(DelegatingMethodAccessorImpl.java:43)
	at java.lang.reflect.Method.invoke(Method.java:498)
	at org.junit.runners.model.FrameworkMethod$1.runReflectiveCall(FrameworkMethod.java:47)
	at org.junit.internal.runners.model.ReflectiveCallable.run(ReflectiveCallable.java:12)
	at org.junit.runners.model.FrameworkMethod.invokeExplosively(FrameworkMethod.java:44)
	at org.junit.internal.runners.statements.InvokeMethod.evaluate(InvokeMethod.java:17)
	at org.junit.internal.runners.statements.RunAfters.evaluate(RunAfters.java:27)
	at org.junit.runners.ParentRunner.runLeaf(ParentRunner.java:271)
	at org.junit.runners.BlockJUnit4ClassRunner.runChild(BlockJUnit4ClassRunner.java:70)
	at org.junit.runners.BlockJUnit4ClassRunner.runChild(BlockJUnit4ClassRunner.java:50)
	at org.junit.runners.ParentRunner$3.run(ParentRunner.java:238)
	at org.junit.runners.ParentRunner$1.schedule(ParentRunner.java:63)
	at org.junit.runners.ParentRunner.runChildren(ParentRunner.java:236)
	at org.junit.runners.ParentRunner.access$000(ParentRunner.java:53)
	at org.junit.runners.ParentRunner$2.evaluate(ParentRunner.java:229)
	at org.junit.runners.ParentRunner.run(ParentRunner.java:309)
	at org.apache.maven.surefire.junit4.JUnit4Provider.execute(JUnit4Provider.java:365)
	at org.apache.maven.surefire.junit4.JUnit4Provider.executeWithRerun(JUnit4Provider.java:273)
	at org.apache.maven.surefire.junit4.JUnit4Provider.executeTestSet(JUnit4Provider.java:238)
	at org.apache.maven.surefire.junit4.JUnit4Provider.invoke(JUnit4Provider.java:159)
	at org.apache.maven.surefire.booter.ForkedBooter.invokeProviderInSameClassLoader(ForkedBooter.java:384)
	at org.apache.maven.surefire.booter.ForkedBooter.runSuitesInProcess(ForkedBooter.java:345)
	at org.apache.maven.surefire.booter.ForkedBooter.execute(ForkedBooter.java:126)
	at org.apache.maven.surefire.booter.ForkedBooter.main(ForkedBooter.java:418)
2019-09-12 13:48:27,934 [main] INFO  ozone.MiniOzoneClusterImpl (MiniOzoneClusterImpl.java:shutdown(312)) - Shutting down the Mini Ozone Cluster
2019-09-12 13:48:27,935 [main] INFO  ozone.MiniOzoneClusterImpl (MiniOzoneClusterImpl.java:stop(327)) - Stopping the Mini Ozone Cluster
2019-09-12 13:48:27,935 [main] INFO  ozone.MiniOzoneClusterImpl (MiniOzoneClusterImpl.java:stop(329)) - Stopping the OzoneManager
2019-09-12 13:48:27,935 [main] INFO  ipc.Server (Server.java:stop(3082)) - Stopping server on 38751
2019-09-12 13:48:27,948 [main] INFO  ratis.OzoneManagerDoubleBuffer (OzoneManagerDoubleBuffer.java:stop(248)) - Stopping OMDoubleBuffer flush thread
2019-09-12 13:48:27,948 [IPC Server listener on 38751] INFO  ipc.Server (Server.java:run(1185)) - Stopping IPC Server listener on 38751
2019-09-12 13:48:27,956 [IPC Server Responder] INFO  ipc.Server (Server.java:run(1319)) - Stopping IPC Server Responder
2019-09-12 13:48:27,959 [OMDoubleBufferFlushThread] INFO  ratis.OzoneManagerDoubleBuffer (OzoneManagerDoubleBuffer.java:flushTransactions(191)) - OMDoubleBuffer flush thread OMDoubleBufferFlushThread is interrupted and will exit. OMDoubleBufferFlushThread
2019-09-12 13:48:27,973 [main] INFO  utils.BackgroundService (BackgroundService.java:shutdown(148)) - Shutting down service KeyDeletingService
2019-09-12 13:48:27,994 [main] INFO  handler.ContextHandler (ContextHandler.java:doStop(910)) - Stopped o.e.j.w.WebAppContext@444548a0{/,null,UNAVAILABLE}{/ozoneManager}
2019-09-12 13:48:27,995 [main] INFO  server.AbstractConnector (AbstractConnector.java:doStop(318)) - Stopped ServerConnector@3766c667{HTTP/1.1,[http/1.1]}{0.0.0.0:0}
2019-09-12 13:48:27,995 [main] INFO  handler.ContextHandler (ContextHandler.java:doStop(910)) - Stopped o.e.j.s.ServletContextHandler@2571066a{/static,file:///workdir/hadoop-ozone/integration-test/target/test-classes/webapps/static,UNAVAILABLE}
2019-09-12 13:48:27,996 [main] INFO  handler.ContextHandler (ContextHandler.java:doStop(910)) - Stopped o.e.j.s.ServletContextHandler@25d3cfc8{/logs,file:///workdir/hadoop-ozone/integration-test/target/log,UNAVAILABLE}
2019-09-12 13:48:28,159 [main] INFO  ozone.MiniOzoneClusterImpl (MiniOzoneClusterImpl.java:stop(335)) - Shutting the HddsDatanodes
2019-09-12 13:48:28,234 [java.util.concurrent.ThreadPoolExecutor$Worker@f519941[State = -1, empty queue]] WARN  server.GrpcLogAppender (GrpcLogAppender.java:timeoutAppendRequest(200)) - 92e4cfa5-488b-4a46-94d1-80a7c527ff9a@group-FF9390A4C18C->3ef341d8-3296-48d4-9b49-005c11ca2b71-GrpcLogAppender: appendEntries Timeout, request=92e4cfa5-488b-4a46-94d1-80a7c527ff9a->3ef341d8-3296-48d4-9b49-005c11ca2b71#163-t2, previous=(t:2, i:36), leaderCommit=32, initializing? false, entries: <empty>
2019-09-12 13:48:28,234 [java.util.concurrent.ThreadPoolExecutor$Worker@33caedff[State = -1, empty queue]] WARN  server.GrpcLogAppender (GrpcLogAppender.java:timeoutAppendRequest(200)) - 92e4cfa5-488b-4a46-94d1-80a7c527ff9a@group-FF9390A4C18C->6ac4bcf8-6973-4d27-bc88-57130dead3af-GrpcLogAppender: appendEntries Timeout, request=92e4cfa5-488b-4a46-94d1-80a7c527ff9a->6ac4bcf8-6973-4d27-bc88-57130dead3af#163-t2, previous=(t:2, i:36), leaderCommit=32, initializing? false, entries: <empty>
2019-09-12 13:48:28,413 [java.util.concurrent.ThreadPoolExecutor$Worker@37f0faaa[State = -1, empty queue]] WARN  server.GrpcLogAppender (GrpcLogAppender.java:timeoutAppendRequest(200)) - 57ae412b-1391-4b0c-ad94-18127dd39aa0@group-3636C80E75D6->05e06da0-1d3a-4481-ab96-f6b3bccd14af-GrpcLogAppender: appendEntries Timeout, request=57ae412b-1391-4b0c-ad94-18127dd39aa0->05e06da0-1d3a-4481-ab96-f6b3bccd14af#148-t2, previous=(t:2, i:19), leaderCommit=15, initializing? false, entries: <empty>
2019-09-12 13:48:28,735 [java.util.concurrent.ThreadPoolExecutor$Worker@f519941[State = -1, empty queue]] WARN  server.GrpcLogAppender (GrpcLogAppender.java:timeoutAppendRequest(200)) - 92e4cfa5-488b-4a46-94d1-80a7c527ff9a@group-FF9390A4C18C->3ef341d8-3296-48d4-9b49-005c11ca2b71-GrpcLogAppender: appendEntries Timeout, request=92e4cfa5-488b-4a46-94d1-80a7c527ff9a->3ef341d8-3296-48d4-9b49-005c11ca2b71#164-t2, previous=(t:2, i:36), leaderCommit=32, initializing? false, entries: <empty>
2019-09-12 13:48:28,735 [java.util.concurrent.ThreadPoolExecutor$Worker@33caedff[State = -1, empty queue]] WARN  server.GrpcLogAppender (GrpcLogAppender.java:timeoutAppendRequest(200)) - 92e4cfa5-488b-4a46-94d1-80a7c527ff9a@group-FF9390A4C18C->6ac4bcf8-6973-4d27-bc88-57130dead3af-GrpcLogAppender: appendEntries Timeout, request=92e4cfa5-488b-4a46-94d1-80a7c527ff9a->6ac4bcf8-6973-4d27-bc88-57130dead3af#164-t2, previous=(t:2, i:36), leaderCommit=32, initializing? false, entries: <empty>
2019-09-12 13:48:28,800 [Datanode State Machine Thread - 0] INFO  statemachine.DatanodeStateMachine (DatanodeStateMachine.java:lambda$startDaemon$0(350)) - Ozone container server started.
2019-09-12 13:48:28,914 [java.util.concurrent.ThreadPoolExecutor$Worker@37f0faaa[State = -1, empty queue]] WARN  server.GrpcLogAppender (GrpcLogAppender.java:timeoutAppendRequest(200)) - 57ae412b-1391-4b0c-ad94-18127dd39aa0@group-3636C80E75D6->05e06da0-1d3a-4481-ab96-f6b3bccd14af-GrpcLogAppender: appendEntries Timeout, request=57ae412b-1391-4b0c-ad94-18127dd39aa0->05e06da0-1d3a-4481-ab96-f6b3bccd14af#149-t2, previous=(t:2, i:19), leaderCommit=15, initializing? false, entries: <empty>
2019-09-12 13:48:29,005 [Datanode State Machine Thread - 0] INFO  statemachine.DatanodeStateMachine (DatanodeStateMachine.java:lambda$startDaemon$0(350)) - Ozone container server started.
2019-09-12 13:48:29,237 [java.util.concurrent.ThreadPoolExecutor$Worker@f519941[State = -1, empty queue]] WARN  server.GrpcLogAppender (GrpcLogAppender.java:timeoutAppendRequest(200)) - 92e4cfa5-488b-4a46-94d1-80a7c527ff9a@group-FF9390A4C18C->3ef341d8-3296-48d4-9b49-005c11ca2b71-GrpcLogAppender: appendEntries Timeout, request=92e4cfa5-488b-4a46-94d1-80a7c527ff9a->3ef341d8-3296-48d4-9b49-005c11ca2b71#165-t2, previous=(t:2, i:36), leaderCommit=32, initializing? false, entries: <empty>
2019-09-12 13:48:29,237 [java.util.concurrent.ThreadPoolExecutor$Worker@33caedff[State = -1, empty queue]] WARN  server.GrpcLogAppender (GrpcLogAppender.java:timeoutAppendRequest(200)) - 92e4cfa5-488b-4a46-94d1-80a7c527ff9a@group-FF9390A4C18C->6ac4bcf8-6973-4d27-bc88-57130dead3af-GrpcLogAppender: appendEntries Timeout, request=92e4cfa5-488b-4a46-94d1-80a7c527ff9a->6ac4bcf8-6973-4d27-bc88-57130dead3af#165-t2, previous=(t:2, i:36), leaderCommit=32, initializing? false, entries: <empty>
2019-09-12 13:48:29,416 [java.util.concurrent.ThreadPoolExecutor$Worker@37f0faaa[State = -1, empty queue]] WARN  server.GrpcLogAppender (GrpcLogAppender.java:timeoutAppendRequest(200)) - 57ae412b-1391-4b0c-ad94-18127dd39aa0@group-3636C80E75D6->05e06da0-1d3a-4481-ab96-f6b3bccd14af-GrpcLogAppender: appendEntries Timeout, request=57ae412b-1391-4b0c-ad94-18127dd39aa0->05e06da0-1d3a-4481-ab96-f6b3bccd14af#150-t2, previous=(t:2, i:19), leaderCommit=15, initializing? false, entries: <empty>
2019-09-12 13:48:29,688 [92e4cfa5-488b-4a46-94d1-80a7c527ff9a@group-FF9390A4C18C-SegmentedRaftLogWorker] WARN  segmented.SegmentedRaftLogWorker (SegmentedRaftLogWorker.java:getFromFuture(90)) - Timeout 1/~
org.apache.ratis.protocol.TimeoutIOException: Timeout 10s: WriteLog:33: (t:2, i:33), STATEMACHINELOGENTRY, client-06A0480B634B, cid=66-writeStateMachineData
	at org.apache.ratis.util.IOUtils.getFromFuture(IOUtils.java:87)
	at org.apache.ratis.server.raftlog.segmented.SegmentedRaftLogWorker$StateMachineDataPolicy.getFromFuture(SegmentedRaftLogWorker.java:87)
	at org.apache.ratis.server.raftlog.segmented.SegmentedRaftLogWorker$WriteLog.execute(SegmentedRaftLogWorker.java:477)
	at org.apache.ratis.server.raftlog.segmented.SegmentedRaftLogWorker.run(SegmentedRaftLogWorker.java:289)
	at java.lang.Thread.run(Thread.java:748)
Caused by: java.util.concurrent.TimeoutException
	at java.util.concurrent.CompletableFuture.timedGet(CompletableFuture.java:1771)
	at java.util.concurrent.CompletableFuture.get(CompletableFuture.java:1915)
	at org.apache.ratis.util.IOUtils.getFromFuture(IOUtils.java:79)
	... 4 more
2019-09-12 13:48:29,694 [3ef341d8-3296-48d4-9b49-005c11ca2b71@group-FF9390A4C18C-SegmentedRaftLogWorker] WARN  segmented.SegmentedRaftLogWorker (SegmentedRaftLogWorker.java:getFromFuture(90)) - Timeout 1/~
org.apache.ratis.protocol.TimeoutIOException: Timeout 10s: WriteLog:33: (t:2, i:33), STATEMACHINELOGENTRY, client-06A0480B634B, cid=66-writeStateMachineData
	at org.apache.ratis.util.IOUtils.getFromFuture(IOUtils.java:87)
	at org.apache.ratis.server.raftlog.segmented.SegmentedRaftLogWorker$StateMachineDataPolicy.getFromFuture(SegmentedRaftLogWorker.java:87)
	at org.apache.ratis.server.raftlog.segmented.SegmentedRaftLogWorker$WriteLog.execute(SegmentedRaftLogWorker.java:477)
	at org.apache.ratis.server.raftlog.segmented.SegmentedRaftLogWorker.run(SegmentedRaftLogWorker.java:289)
	at java.lang.Thread.run(Thread.java:748)
Caused by: java.util.concurrent.TimeoutException
	at java.util.concurrent.CompletableFuture.timedGet(CompletableFuture.java:1771)
	at java.util.concurrent.CompletableFuture.get(CompletableFuture.java:1915)
	at org.apache.ratis.util.IOUtils.getFromFuture(IOUtils.java:79)
	... 4 more
2019-09-12 13:48:29,727 [6ac4bcf8-6973-4d27-bc88-57130dead3af@group-FF9390A4C18C-SegmentedRaftLogWorker] WARN  segmented.SegmentedRaftLogWorker (SegmentedRaftLogWorker.java:getFromFuture(90)) - Timeout 1/~
org.apache.ratis.protocol.TimeoutIOException: Timeout 10s: WriteLog:33: (t:2, i:33), STATEMACHINELOGENTRY, client-06A0480B634B, cid=66-writeStateMachineData
	at org.apache.ratis.util.IOUtils.getFromFuture(IOUtils.java:87)
	at org.apache.ratis.server.raftlog.segmented.SegmentedRaftLogWorker$StateMachineDataPolicy.getFromFuture(SegmentedRaftLogWorker.java:87)
	at org.apache.ratis.server.raftlog.segmented.SegmentedRaftLogWorker$WriteLog.execute(SegmentedRaftLogWorker.java:477)
	at org.apache.ratis.server.raftlog.segmented.SegmentedRaftLogWorker.run(SegmentedRaftLogWorker.java:289)
	at java.lang.Thread.run(Thread.java:748)
Caused by: java.util.concurrent.TimeoutException
	at java.util.concurrent.CompletableFuture.timedGet(CompletableFuture.java:1771)
	at java.util.concurrent.CompletableFuture.get(CompletableFuture.java:1915)
	at org.apache.ratis.util.IOUtils.getFromFuture(IOUtils.java:79)
	... 4 more
2019-09-12 13:48:29,737 [java.util.concurrent.ThreadPoolExecutor$Worker@f519941[State = -1, empty queue]] WARN  server.GrpcLogAppender (GrpcLogAppender.java:timeoutAppendRequest(200)) - 92e4cfa5-488b-4a46-94d1-80a7c527ff9a@group-FF9390A4C18C->3ef341d8-3296-48d4-9b49-005c11ca2b71-GrpcLogAppender: appendEntries Timeout, request=92e4cfa5-488b-4a46-94d1-80a7c527ff9a->3ef341d8-3296-48d4-9b49-005c11ca2b71#166-t2, previous=(t:2, i:36), leaderCommit=32, initializing? false, entries: <empty>
2019-09-12 13:48:29,737 [java.util.concurrent.ThreadPoolExecutor$Worker@33caedff[State = -1, empty queue]] WARN  server.GrpcLogAppender (GrpcLogAppender.java:timeoutAppendRequest(200)) - 92e4cfa5-488b-4a46-94d1-80a7c527ff9a@group-FF9390A4C18C->6ac4bcf8-6973-4d27-bc88-57130dead3af-GrpcLogAppender: appendEntries Timeout, request=92e4cfa5-488b-4a46-94d1-80a7c527ff9a->6ac4bcf8-6973-4d27-bc88-57130dead3af#166-t2, previous=(t:2, i:36), leaderCommit=32, initializing? false, entries: <empty>
2019-09-12 13:48:29,916 [java.util.concurrent.ThreadPoolExecutor$Worker@37f0faaa[State = -1, empty queue]] WARN  server.GrpcLogAppender (GrpcLogAppender.java:timeoutAppendRequest(200)) - 57ae412b-1391-4b0c-ad94-18127dd39aa0@group-3636C80E75D6->05e06da0-1d3a-4481-ab96-f6b3bccd14af-GrpcLogAppender: appendEntries Timeout, request=57ae412b-1391-4b0c-ad94-18127dd39aa0->05e06da0-1d3a-4481-ab96-f6b3bccd14af#151-t2, previous=(t:2, i:19), leaderCommit=15, initializing? false, entries: <empty>
2019-09-12 13:48:30,248 [java.util.concurrent.ThreadPoolExecutor$Worker@33caedff[State = -1, empty queue]] WARN  server.GrpcLogAppender (GrpcLogAppender.java:timeoutAppendRequest(200)) - 92e4cfa5-488b-4a46-94d1-80a7c527ff9a@group-FF9390A4C18C->6ac4bcf8-6973-4d27-bc88-57130dead3af-GrpcLogAppender: appendEntries Timeout, request=92e4cfa5-488b-4a46-94d1-80a7c527ff9a->6ac4bcf8-6973-4d27-bc88-57130dead3af#167-t2, previous=(t:2, i:36), leaderCommit=32, initializing? false, entries: <empty>
2019-09-12 13:48:30,248 [java.util.concurrent.ThreadPoolExecutor$Worker@f519941[State = -1, empty queue]] WARN  server.GrpcLogAppender (GrpcLogAppender.java:timeoutAppendRequest(200)) - 92e4cfa5-488b-4a46-94d1-80a7c527ff9a@group-FF9390A4C18C->3ef341d8-3296-48d4-9b49-005c11ca2b71-GrpcLogAppender: appendEntries Timeout, request=92e4cfa5-488b-4a46-94d1-80a7c527ff9a->3ef341d8-3296-48d4-9b49-005c11ca2b71#167-t2, previous=(t:2, i:36), leaderCommit=32, initializing? false, entries: <empty>
2019-09-12 13:48:30,417 [java.util.concurrent.ThreadPoolExecutor$Worker@37f0faaa[State = -1, empty queue]] WARN  server.GrpcLogAppender (GrpcLogAppender.java:timeoutAppendRequest(200)) - 57ae412b-1391-4b0c-ad94-18127dd39aa0@group-3636C80E75D6->05e06da0-1d3a-4481-ab96-f6b3bccd14af-GrpcLogAppender: appendEntries Timeout, request=57ae412b-1391-4b0c-ad94-18127dd39aa0->05e06da0-1d3a-4481-ab96-f6b3bccd14af#152-t2, previous=(t:2, i:19), leaderCommit=15, initializing? false, entries: <empty>
2019-09-12 13:48:30,748 [java.util.concurrent.ThreadPoolExecutor$Worker@f519941[State = -1, empty queue]] WARN  server.GrpcLogAppender (GrpcLogAppender.java:timeoutAppendRequest(200)) - 92e4cfa5-488b-4a46-94d1-80a7c527ff9a@group-FF9390A4C18C->3ef341d8-3296-48d4-9b49-005c11ca2b71-GrpcLogAppender: appendEntries Timeout, request=92e4cfa5-488b-4a46-94d1-80a7c527ff9a->3ef341d8-3296-48d4-9b49-005c11ca2b71#168-t2, previous=(t:2, i:36), leaderCommit=32, initializing? false, entries: <empty>
2019-09-12 13:48:30,748 [java.util.concurrent.ThreadPoolExecutor$Worker@33caedff[State = -1, empty queue]] WARN  server.GrpcLogAppender (GrpcLogAppender.java:timeoutAppendRequest(200)) - 92e4cfa5-488b-4a46-94d1-80a7c527ff9a@group-FF9390A4C18C->6ac4bcf8-6973-4d27-bc88-57130dead3af-GrpcLogAppender: appendEntries Timeout, request=92e4cfa5-488b-4a46-94d1-80a7c527ff9a->6ac4bcf8-6973-4d27-bc88-57130dead3af#168-t2, previous=(t:2, i:36), leaderCommit=32, initializing? false, entries: <empty>
2019-09-12 13:48:30,920 [java.util.concurrent.ThreadPoolExecutor$Worker@37f0faaa[State = -1, empty queue]] WARN  server.GrpcLogAppender (GrpcLogAppender.java:timeoutAppendRequest(200)) - 57ae412b-1391-4b0c-ad94-18127dd39aa0@group-3636C80E75D6->05e06da0-1d3a-4481-ab96-f6b3bccd14af-GrpcLogAppender: appendEntries Timeout, request=57ae412b-1391-4b0c-ad94-18127dd39aa0->05e06da0-1d3a-4481-ab96-f6b3bccd14af#153-t2, previous=(t:2, i:19), leaderCommit=15, initializing? false, entries: <empty>
2019-09-12 13:48:31,249 [java.util.concurrent.ThreadPoolExecutor$Worker@f519941[State = -1, empty queue]] WARN  server.GrpcLogAppender (GrpcLogAppender.java:timeoutAppendRequest(200)) - 92e4cfa5-488b-4a46-94d1-80a7c527ff9a@group-FF9390A4C18C->3ef341d8-3296-48d4-9b49-005c11ca2b71-GrpcLogAppender: appendEntries Timeout, request=92e4cfa5-488b-4a46-94d1-80a7c527ff9a->3ef341d8-3296-48d4-9b49-005c11ca2b71#169-t2, previous=(t:2, i:36), leaderCommit=32, initializing? false, entries: <empty>
2019-09-12 13:48:31,249 [java.util.concurrent.ThreadPoolExecutor$Worker@33caedff[State = -1, empty queue]] WARN  server.GrpcLogAppender (GrpcLogAppender.java:timeoutAppendRequest(200)) - 92e4cfa5-488b-4a46-94d1-80a7c527ff9a@group-FF9390A4C18C->6ac4bcf8-6973-4d27-bc88-57130dead3af-GrpcLogAppender: appendEntries Timeout, request=92e4cfa5-488b-4a46-94d1-80a7c527ff9a->6ac4bcf8-6973-4d27-bc88-57130dead3af#169-t2, previous=(t:2, i:36), leaderCommit=32, initializing? false, entries: <empty>
2019-09-12 13:48:31,420 [java.util.concurrent.ThreadPoolExecutor$Worker@37f0faaa[State = -1, empty queue]] WARN  server.GrpcLogAppender (GrpcLogAppender.java:timeoutAppendRequest(200)) - 57ae412b-1391-4b0c-ad94-18127dd39aa0@group-3636C80E75D6->05e06da0-1d3a-4481-ab96-f6b3bccd14af-GrpcLogAppender: appendEntries Timeout, request=57ae412b-1391-4b0c-ad94-18127dd39aa0->05e06da0-1d3a-4481-ab96-f6b3bccd14af#154-t2, previous=(t:2, i:19), leaderCommit=15, initializing? false, entries: <empty>
2019-09-12 13:48:31,606 [7dd3d51f-7703-47e1-b378-11db862d4d4b@group-411631934A30-SegmentedRaftLogWorker] WARN  segmented.SegmentedRaftLogWorker (SegmentedRaftLogWorker.java:getFromFuture(90)) - Timeout 6/~
org.apache.ratis.protocol.TimeoutIOException: Timeout 10s: WriteLog:19: (t:2, i:19), STATEMACHINELOGENTRY, client-ECFF5C766FEB, cid=40-writeStateMachineData
	at org.apache.ratis.util.IOUtils.getFromFuture(IOUtils.java:87)
	at org.apache.ratis.server.raftlog.segmented.SegmentedRaftLogWorker$StateMachineDataPolicy.getFromFuture(SegmentedRaftLogWorker.java:87)
	at org.apache.ratis.server.raftlog.segmented.SegmentedRaftLogWorker$WriteLog.execute(SegmentedRaftLogWorker.java:477)
	at org.apache.ratis.server.raftlog.segmented.SegmentedRaftLogWorker.run(SegmentedRaftLogWorker.java:289)
	at java.lang.Thread.run(Thread.java:748)
Caused by: java.util.concurrent.TimeoutException
	at java.util.concurrent.CompletableFuture.timedGet(CompletableFuture.java:1771)
	at java.util.concurrent.CompletableFuture.get(CompletableFuture.java:1915)
	at org.apache.ratis.util.IOUtils.getFromFuture(IOUtils.java:79)
	... 4 more
2019-09-12 13:48:31,749 [java.util.concurrent.ThreadPoolExecutor$Worker@f519941[State = -1, empty queue]] WARN  server.GrpcLogAppender (GrpcLogAppender.java:timeoutAppendRequest(200)) - 92e4cfa5-488b-4a46-94d1-80a7c527ff9a@group-FF9390A4C18C->3ef341d8-3296-48d4-9b49-005c11ca2b71-GrpcLogAppender: appendEntries Timeout, request=92e4cfa5-488b-4a46-94d1-80a7c527ff9a->3ef341d8-3296-48d4-9b49-005c11ca2b71#170-t2, previous=(t:2, i:36), leaderCommit=32, initializing? false, entries: <empty>
2019-09-12 13:48:31,749 [java.util.concurrent.ThreadPoolExecutor$Worker@33caedff[State = -1, empty queue]] WARN  server.GrpcLogAppender (GrpcLogAppender.java:timeoutAppendRequest(200)) - 92e4cfa5-488b-4a46-94d1-80a7c527ff9a@group-FF9390A4C18C->6ac4bcf8-6973-4d27-bc88-57130dead3af-GrpcLogAppender: appendEntries Timeout, request=92e4cfa5-488b-4a46-94d1-80a7c527ff9a->6ac4bcf8-6973-4d27-bc88-57130dead3af#170-t2, previous=(t:2, i:36), leaderCommit=32, initializing? false, entries: <empty>
2019-09-12 13:48:31,920 [java.util.concurrent.ThreadPoolExecutor$Worker@37f0faaa[State = -1, empty queue]] WARN  server.GrpcLogAppender (GrpcLogAppender.java:timeoutAppendRequest(200)) - 57ae412b-1391-4b0c-ad94-18127dd39aa0@group-3636C80E75D6->05e06da0-1d3a-4481-ab96-f6b3bccd14af-GrpcLogAppender: appendEntries Timeout, request=57ae412b-1391-4b0c-ad94-18127dd39aa0->05e06da0-1d3a-4481-ab96-f6b3bccd14af#155-t2, previous=(t:2, i:19), leaderCommit=15, initializing? false, entries: <empty>
2019-09-12 13:48:32,249 [java.util.concurrent.ThreadPoolExecutor$Worker@f519941[State = -1, empty queue]] WARN  server.GrpcLogAppender (GrpcLogAppender.java:timeoutAppendRequest(200)) - 92e4cfa5-488b-4a46-94d1-80a7c527ff9a@group-FF9390A4C18C->3ef341d8-3296-48d4-9b49-005c11ca2b71-GrpcLogAppender: appendEntries Timeout, request=92e4cfa5-488b-4a46-94d1-80a7c527ff9a->3ef341d8-3296-48d4-9b49-005c11ca2b71#171-t2, previous=(t:2, i:36), leaderCommit=32, initializing? false, entries: <empty>
2019-09-12 13:48:32,249 [java.util.concurrent.ThreadPoolExecutor$Worker@33caedff[State = -1, empty queue]] WARN  server.GrpcLogAppender (GrpcLogAppender.java:timeoutAppendRequest(200)) - 92e4cfa5-488b-4a46-94d1-80a7c527ff9a@group-FF9390A4C18C->6ac4bcf8-6973-4d27-bc88-57130dead3af-GrpcLogAppender: appendEntries Timeout, request=92e4cfa5-488b-4a46-94d1-80a7c527ff9a->6ac4bcf8-6973-4d27-bc88-57130dead3af#171-t2, previous=(t:2, i:36), leaderCommit=32, initializing? false, entries: <empty>
2019-09-12 13:48:32,420 [java.util.concurrent.ThreadPoolExecutor$Worker@37f0faaa[State = -1, empty queue]] WARN  server.GrpcLogAppender (GrpcLogAppender.java:timeoutAppendRequest(200)) - 57ae412b-1391-4b0c-ad94-18127dd39aa0@group-3636C80E75D6->05e06da0-1d3a-4481-ab96-f6b3bccd14af-GrpcLogAppender: appendEntries Timeout, request=57ae412b-1391-4b0c-ad94-18127dd39aa0->05e06da0-1d3a-4481-ab96-f6b3bccd14af#156-t2, previous=(t:2, i:19), leaderCommit=15, initializing? false, entries: <empty>
2019-09-12 13:48:32,750 [java.util.concurrent.ThreadPoolExecutor$Worker@f519941[State = -1, empty queue]] WARN  server.GrpcLogAppender (GrpcLogAppender.java:timeoutAppendRequest(200)) - 92e4cfa5-488b-4a46-94d1-80a7c527ff9a@group-FF9390A4C18C->3ef341d8-3296-48d4-9b49-005c11ca2b71-GrpcLogAppender: appendEntries Timeout, request=92e4cfa5-488b-4a46-94d1-80a7c527ff9a->3ef341d8-3296-48d4-9b49-005c11ca2b71#172-t2, previous=(t:2, i:36), leaderCommit=32, initializing? false, entries: <empty>
2019-09-12 13:48:32,750 [java.util.concurrent.ThreadPoolExecutor$Worker@33caedff[State = -1, empty queue]] WARN  server.GrpcLogAppender (GrpcLogAppender.java:timeoutAppendRequest(200)) - 92e4cfa5-488b-4a46-94d1-80a7c527ff9a@group-FF9390A4C18C->6ac4bcf8-6973-4d27-bc88-57130dead3af-GrpcLogAppender: appendEntries Timeout, request=92e4cfa5-488b-4a46-94d1-80a7c527ff9a->6ac4bcf8-6973-4d27-bc88-57130dead3af#172-t2, previous=(t:2, i:36), leaderCommit=32, initializing? false, entries: <empty>
2019-09-12 13:48:32,921 [java.util.concurrent.ThreadPoolExecutor$Worker@37f0faaa[State = -1, empty queue]] WARN  server.GrpcLogAppender (GrpcLogAppender.java:timeoutAppendRequest(200)) - 57ae412b-1391-4b0c-ad94-18127dd39aa0@group-3636C80E75D6->05e06da0-1d3a-4481-ab96-f6b3bccd14af-GrpcLogAppender: appendEntries Timeout, request=57ae412b-1391-4b0c-ad94-18127dd39aa0->05e06da0-1d3a-4481-ab96-f6b3bccd14af#157-t2, previous=(t:2, i:19), leaderCommit=15, initializing? false, entries: <empty>
2019-09-12 13:48:33,161 [main] INFO  ozoneimpl.OzoneContainer (OzoneContainer.java:stop(231)) - Attempting to stop container services.
2019-09-12 13:48:33,161 [ForkJoinPool.commonPool-worker-1] INFO  ozoneimpl.OzoneContainer (OzoneContainer.java:stop(231)) - Attempting to stop container services.
2019-09-12 13:48:33,162 [ForkJoinPool.commonPool-worker-1] INFO  impl.RaftServerProxy (RaftServerProxy.java:lambda$close$4(314)) - 6ac4bcf8-6973-4d27-bc88-57130dead3af: close
2019-09-12 13:48:33,162 [main] INFO  impl.RaftServerProxy (RaftServerProxy.java:lambda$close$4(314)) - 763d52db-3808-40b7-9749-d7ff45e81d9a: close
2019-09-12 13:48:33,162 [ForkJoinPool.commonPool-worker-1] INFO  impl.RaftServerImpl (RaftServerImpl.java:lambda$shutdown$3(251)) - 6ac4bcf8-6973-4d27-bc88-57130dead3af@group-FF9390A4C18C: shutdown
2019-09-12 13:48:33,163 [main] INFO  impl.RaftServerImpl (RaftServerImpl.java:lambda$shutdown$3(251)) - 763d52db-3808-40b7-9749-d7ff45e81d9a@group-3636C80E75D6: shutdown
2019-09-12 13:48:33,163 [ForkJoinPool.commonPool-worker-1] INFO  util.JmxRegister (JmxRegister.java:unregister(73)) - Successfully un-registered JMX Bean with object name Ratis:service=RaftServer,group=group-FF9390A4C18C,id=6ac4bcf8-6973-4d27-bc88-57130dead3af
2019-09-12 13:48:33,163 [main] INFO  util.JmxRegister (JmxRegister.java:unregister(73)) - Successfully un-registered JMX Bean with object name Ratis:service=RaftServer,group=group-3636C80E75D6,id=763d52db-3808-40b7-9749-d7ff45e81d9a
2019-09-12 13:48:33,163 [ForkJoinPool.commonPool-worker-1] INFO  impl.RoleInfo (RoleInfo.java:shutdownFollowerState(121)) - 6ac4bcf8-6973-4d27-bc88-57130dead3af: shutdown FollowerState
2019-09-12 13:48:33,164 [main] INFO  impl.RoleInfo (RoleInfo.java:shutdownFollowerState(121)) - 763d52db-3808-40b7-9749-d7ff45e81d9a: shutdown FollowerState
2019-09-12 13:48:33,164 [Thread-409] INFO  impl.FollowerState (FollowerState.java:run(115)) - 6ac4bcf8-6973-4d27-bc88-57130dead3af: FollowerState was interrupted: java.lang.InterruptedException: sleep interrupted
2019-09-12 13:48:33,164 [6ac4bcf8-6973-4d27-bc88-57130dead3af@group-FF9390A4C18C-StateMachineUpdater] INFO  ratis.ContainerStateMachine (ContainerStateMachine.java:takeSnapshot(289)) - group-FF9390A4C18C: Taking a snapshot at:(t:2, i:30) file /workdir/hadoop-ozone/integration-test/target/test-dir/MiniOzoneClusterImpl-98ba6956-8e51-4dc7-be59-62a375280f0b/datanode-2/data/ratis/14334f41-af10-4df4-81be-ff9390a4c18c/sm/snapshot.2_30
2019-09-12 13:48:33,164 [ForkJoinPool.commonPool-worker-1] INFO  impl.StateMachineUpdater (StateMachineUpdater.java:stopAndJoin(125)) - 6ac4bcf8-6973-4d27-bc88-57130dead3af@group-FF9390A4C18C-StateMachineUpdater: set stopIndex = 32
2019-09-12 13:48:33,168 [763d52db-3808-40b7-9749-d7ff45e81d9a@group-3636C80E75D6-StateMachineUpdater] INFO  ratis.ContainerStateMachine (ContainerStateMachine.java:takeSnapshot(289)) - group-3636C80E75D6: Taking a snapshot at:(t:2, i:11) file /workdir/hadoop-ozone/integration-test/target/test-dir/MiniOzoneClusterImpl-98ba6956-8e51-4dc7-be59-62a375280f0b/datanode-5/data/ratis/4c8f1a2d-9002-479d-9c36-3636c80e75d6/sm/snapshot.2_11
2019-09-12 13:48:33,165 [Thread-419] INFO  impl.FollowerState (FollowerState.java:run(115)) - 763d52db-3808-40b7-9749-d7ff45e81d9a: FollowerState was interrupted: java.lang.InterruptedException: sleep interrupted
2019-09-12 13:48:33,164 [main] INFO  impl.StateMachineUpdater (StateMachineUpdater.java:stopAndJoin(125)) - 763d52db-3808-40b7-9749-d7ff45e81d9a@group-3636C80E75D6-StateMachineUpdater: set stopIndex = 15
2019-09-12 13:48:33,182 [6ac4bcf8-6973-4d27-bc88-57130dead3af@group-FF9390A4C18C-StateMachineUpdater] INFO  ratis.ContainerStateMachine (ContainerStateMachine.java:takeSnapshot(300)) - group-FF9390A4C18C: Finished taking a snapshot at:(t:2, i:30) file:/workdir/hadoop-ozone/integration-test/target/test-dir/MiniOzoneClusterImpl-98ba6956-8e51-4dc7-be59-62a375280f0b/datanode-2/data/ratis/14334f41-af10-4df4-81be-ff9390a4c18c/sm/snapshot.2_30 time:18
2019-09-12 13:48:33,182 [763d52db-3808-40b7-9749-d7ff45e81d9a@group-3636C80E75D6-StateMachineUpdater] INFO  ratis.ContainerStateMachine (ContainerStateMachine.java:takeSnapshot(300)) - group-3636C80E75D6: Finished taking a snapshot at:(t:2, i:11) file:/workdir/hadoop-ozone/integration-test/target/test-dir/MiniOzoneClusterImpl-98ba6956-8e51-4dc7-be59-62a375280f0b/datanode-5/data/ratis/4c8f1a2d-9002-479d-9c36-3636c80e75d6/sm/snapshot.2_11 time:17
2019-09-12 13:48:33,182 [6ac4bcf8-6973-4d27-bc88-57130dead3af@group-FF9390A4C18C-StateMachineUpdater] INFO  impl.StateMachineUpdater (StateMachineUpdater.java:takeSnapshot(258)) - 6ac4bcf8-6973-4d27-bc88-57130dead3af@group-FF9390A4C18C-StateMachineUpdater: Took a snapshot at index 30
2019-09-12 13:48:33,182 [763d52db-3808-40b7-9749-d7ff45e81d9a@group-3636C80E75D6-StateMachineUpdater] INFO  impl.StateMachineUpdater (StateMachineUpdater.java:takeSnapshot(258)) - 763d52db-3808-40b7-9749-d7ff45e81d9a@group-3636C80E75D6-StateMachineUpdater: Took a snapshot at index 11
2019-09-12 13:48:33,182 [6ac4bcf8-6973-4d27-bc88-57130dead3af@group-FF9390A4C18C-StateMachineUpdater] INFO  impl.StateMachineUpdater (StateMachineUpdater.java:lambda$new$0(83)) - 6ac4bcf8-6973-4d27-bc88-57130dead3af@group-FF9390A4C18C-StateMachineUpdater: snapshotIndex: updateIncreasingly -1 -> 30
2019-09-12 13:48:33,182 [763d52db-3808-40b7-9749-d7ff45e81d9a@group-3636C80E75D6-StateMachineUpdater] INFO  impl.StateMachineUpdater (StateMachineUpdater.java:lambda$new$0(83)) - 763d52db-3808-40b7-9749-d7ff45e81d9a@group-3636C80E75D6-StateMachineUpdater: snapshotIndex: updateIncreasingly -1 -> 11
2019-09-12 13:48:33,183 [6ac4bcf8-6973-4d27-bc88-57130dead3af@group-FF9390A4C18C-StateMachineUpdater] INFO  ratis.ContainerStateMachine (ContainerStateMachine.java:takeSnapshot(289)) - group-FF9390A4C18C: Taking a snapshot at:(t:2, i:30) file /workdir/hadoop-ozone/integration-test/target/test-dir/MiniOzoneClusterImpl-98ba6956-8e51-4dc7-be59-62a375280f0b/datanode-2/data/ratis/14334f41-af10-4df4-81be-ff9390a4c18c/sm/snapshot.2_30
2019-09-12 13:48:33,183 [763d52db-3808-40b7-9749-d7ff45e81d9a@group-3636C80E75D6-StateMachineUpdater] INFO  ratis.ContainerStateMachine (ContainerStateMachine.java:takeSnapshot(289)) - group-3636C80E75D6: Taking a snapshot at:(t:2, i:11) file /workdir/hadoop-ozone/integration-test/target/test-dir/MiniOzoneClusterImpl-98ba6956-8e51-4dc7-be59-62a375280f0b/datanode-5/data/ratis/4c8f1a2d-9002-479d-9c36-3636c80e75d6/sm/snapshot.2_11
2019-09-12 13:48:33,196 [6ac4bcf8-6973-4d27-bc88-57130dead3af@group-FF9390A4C18C-StateMachineUpdater] INFO  ratis.ContainerStateMachine (ContainerStateMachine.java:takeSnapshot(300)) - group-FF9390A4C18C: Finished taking a snapshot at:(t:2, i:30) file:/workdir/hadoop-ozone/integration-test/target/test-dir/MiniOzoneClusterImpl-98ba6956-8e51-4dc7-be59-62a375280f0b/datanode-2/data/ratis/14334f41-af10-4df4-81be-ff9390a4c18c/sm/snapshot.2_30 time:14
2019-09-12 13:48:33,196 [763d52db-3808-40b7-9749-d7ff45e81d9a@group-3636C80E75D6-StateMachineUpdater] INFO  ratis.ContainerStateMachine (ContainerStateMachine.java:takeSnapshot(300)) - group-3636C80E75D6: Finished taking a snapshot at:(t:2, i:11) file:/workdir/hadoop-ozone/integration-test/target/test-dir/MiniOzoneClusterImpl-98ba6956-8e51-4dc7-be59-62a375280f0b/datanode-5/data/ratis/4c8f1a2d-9002-479d-9c36-3636c80e75d6/sm/snapshot.2_11 time:14
2019-09-12 13:48:33,196 [6ac4bcf8-6973-4d27-bc88-57130dead3af@group-FF9390A4C18C-StateMachineUpdater] INFO  impl.StateMachineUpdater (StateMachineUpdater.java:takeSnapshot(258)) - 6ac4bcf8-6973-4d27-bc88-57130dead3af@group-FF9390A4C18C-StateMachineUpdater: Took a snapshot at index 30
2019-09-12 13:48:33,197 [763d52db-3808-40b7-9749-d7ff45e81d9a@group-3636C80E75D6-StateMachineUpdater] INFO  impl.StateMachineUpdater (StateMachineUpdater.java:takeSnapshot(258)) - 763d52db-3808-40b7-9749-d7ff45e81d9a@group-3636C80E75D6-StateMachineUpdater: Took a snapshot at index 11
2019-09-12 13:48:33,197 [6ac4bcf8-6973-4d27-bc88-57130dead3af@group-FF9390A4C18C-StateMachineUpdater] INFO  impl.StateMachineUpdater (StateMachineUpdater.java:lambda$new$0(83)) - 6ac4bcf8-6973-4d27-bc88-57130dead3af@group-FF9390A4C18C-StateMachineUpdater: snapshotIndex: updateIncreasingly 30 -> 30
2019-09-12 13:48:33,197 [763d52db-3808-40b7-9749-d7ff45e81d9a@group-3636C80E75D6-StateMachineUpdater] INFO  impl.StateMachineUpdater (StateMachineUpdater.java:lambda$new$0(83)) - 763d52db-3808-40b7-9749-d7ff45e81d9a@group-3636C80E75D6-StateMachineUpdater: snapshotIndex: updateIncreasingly 11 -> 11
2019-09-12 13:48:33,197 [ForkJoinPool.commonPool-worker-1] INFO  impl.RaftServerImpl (ServerState.java:close(385)) - 6ac4bcf8-6973-4d27-bc88-57130dead3af@group-FF9390A4C18C: closes. applyIndex: 32
2019-09-12 13:48:33,197 [main] INFO  impl.RaftServerImpl (ServerState.java:close(385)) - 763d52db-3808-40b7-9749-d7ff45e81d9a@group-3636C80E75D6: closes. applyIndex: 15
2019-09-12 13:48:33,198 [763d52db-3808-40b7-9749-d7ff45e81d9a@group-3636C80E75D6-SegmentedRaftLogWorker] INFO  segmented.SegmentedRaftLogWorker (SegmentedRaftLogWorker.java:run(313)) - 763d52db-3808-40b7-9749-d7ff45e81d9a@group-3636C80E75D6-SegmentedRaftLogWorker was interrupted, exiting. There are 0 tasks remaining in the queue.
2019-09-12 13:48:33,201 [6ac4bcf8-6973-4d27-bc88-57130dead3af@group-FF9390A4C18C-SegmentedRaftLogWorker] ERROR ratis.XceiverServerRatis (XceiverServerRatis.java:triggerPipelineClose(568)) - pipeline Action CLOSE  on pipeline PipelineID=14334f41-af10-4df4-81be-ff9390a4c18c.Reason : WriteLog:33: (t:2, i:33), STATEMACHINELOGENTRY, client-06A0480B634B, cid=66-writeStateMachineData interrupted.
2019-09-12 13:48:33,203 [main] INFO  segmented.SegmentedRaftLogWorker (SegmentedRaftLogWorker.java:close(228)) - 763d52db-3808-40b7-9749-d7ff45e81d9a@group-3636C80E75D6-SegmentedRaftLogWorker close()
2019-09-12 13:48:33,209 [ForkJoinPool.commonPool-worker-1] INFO  segmented.SegmentedRaftLogWorker (SegmentedRaftLogWorker.java:close(228)) - 6ac4bcf8-6973-4d27-bc88-57130dead3af@group-FF9390A4C18C-SegmentedRaftLogWorker close()
2019-09-12 13:48:33,209 [main] INFO  impl.RaftServerImpl (RaftServerImpl.java:lambda$shutdown$3(251)) - 763d52db-3808-40b7-9749-d7ff45e81d9a@group-3365D4A5E428: shutdown
2019-09-12 13:48:33,213 [ForkJoinPool.commonPool-worker-1] INFO  impl.RaftServerImpl (RaftServerImpl.java:lambda$shutdown$3(251)) - 6ac4bcf8-6973-4d27-bc88-57130dead3af@group-441D8F3B3442: shutdown
2019-09-12 13:48:33,213 [main] INFO  util.JmxRegister (JmxRegister.java:unregister(73)) - Successfully un-registered JMX Bean with object name Ratis:service=RaftServer,group=group-3365D4A5E428,id=763d52db-3808-40b7-9749-d7ff45e81d9a
2019-09-12 13:48:33,213 [ForkJoinPool.commonPool-worker-1] INFO  util.JmxRegister (JmxRegister.java:unregister(73)) - Successfully un-registered JMX Bean with object name Ratis:service=RaftServer,group=group-441D8F3B3442,id=6ac4bcf8-6973-4d27-bc88-57130dead3af
2019-09-12 13:48:33,214 [main] INFO  impl.RoleInfo (RoleInfo.java:shutdownLeaderState(104)) - 763d52db-3808-40b7-9749-d7ff45e81d9a: shutdown LeaderState
2019-09-12 13:48:33,214 [ForkJoinPool.commonPool-worker-1] INFO  impl.RoleInfo (RoleInfo.java:shutdownLeaderState(104)) - 6ac4bcf8-6973-4d27-bc88-57130dead3af: shutdown LeaderState
2019-09-12 13:48:33,214 [main] INFO  impl.PendingRequests (PendingRequests.java:sendNotLeaderResponses(202)) - 763d52db-3808-40b7-9749-d7ff45e81d9a-PendingRequests: sendNotLeaderResponses
2019-09-12 13:48:33,215 [ForkJoinPool.commonPool-worker-1] INFO  impl.PendingRequests (PendingRequests.java:sendNotLeaderResponses(202)) - 6ac4bcf8-6973-4d27-bc88-57130dead3af-PendingRequests: sendNotLeaderResponses
2019-09-12 13:48:33,217 [main] INFO  impl.StateMachineUpdater (StateMachineUpdater.java:stopAndJoin(125)) - 763d52db-3808-40b7-9749-d7ff45e81d9a@group-3365D4A5E428-StateMachineUpdater: set stopIndex = 0
2019-09-12 13:48:33,217 [ForkJoinPool.commonPool-worker-1] INFO  impl.StateMachineUpdater (StateMachineUpdater.java:stopAndJoin(125)) - 6ac4bcf8-6973-4d27-bc88-57130dead3af@group-441D8F3B3442-StateMachineUpdater: set stopIndex = 0
2019-09-12 13:48:33,217 [main] INFO  impl.RaftServerImpl (ServerState.java:close(385)) - 763d52db-3808-40b7-9749-d7ff45e81d9a@group-3365D4A5E428: closes. applyIndex: 0
2019-09-12 13:48:33,218 [ForkJoinPool.commonPool-worker-1] INFO  impl.RaftServerImpl (ServerState.java:close(385)) - 6ac4bcf8-6973-4d27-bc88-57130dead3af@group-441D8F3B3442: closes. applyIndex: 0
2019-09-12 13:48:33,218 [763d52db-3808-40b7-9749-d7ff45e81d9a@group-3365D4A5E428-SegmentedRaftLogWorker] INFO  segmented.SegmentedRaftLogWorker (SegmentedRaftLogWorker.java:run(313)) - 763d52db-3808-40b7-9749-d7ff45e81d9a@group-3365D4A5E428-SegmentedRaftLogWorker was interrupted, exiting. There are 0 tasks remaining in the queue.
2019-09-12 13:48:33,221 [main] INFO  segmented.SegmentedRaftLogWorker (SegmentedRaftLogWorker.java:close(228)) - 763d52db-3808-40b7-9749-d7ff45e81d9a@group-3365D4A5E428-SegmentedRaftLogWorker close()
2019-09-12 13:48:33,221 [6ac4bcf8-6973-4d27-bc88-57130dead3af@group-441D8F3B3442-SegmentedRaftLogWorker] INFO  segmented.SegmentedRaftLogWorker (SegmentedRaftLogWorker.java:run(313)) - 6ac4bcf8-6973-4d27-bc88-57130dead3af@group-441D8F3B3442-SegmentedRaftLogWorker was interrupted, exiting. There are 0 tasks remaining in the queue.
2019-09-12 13:48:33,224 [main] INFO  server.GrpcService (GrpcService.java:closeImpl(164)) - 763d52db-3808-40b7-9749-d7ff45e81d9a: shutdown server with port 36181 now
2019-09-12 13:48:33,226 [ForkJoinPool.commonPool-worker-1] INFO  segmented.SegmentedRaftLogWorker (SegmentedRaftLogWorker.java:close(228)) - 6ac4bcf8-6973-4d27-bc88-57130dead3af@group-441D8F3B3442-SegmentedRaftLogWorker close()
2019-09-12 13:48:33,230 [ForkJoinPool.commonPool-worker-1] INFO  server.GrpcService (GrpcService.java:closeImpl(164)) - 6ac4bcf8-6973-4d27-bc88-57130dead3af: shutdown server with port 43308 now
2019-09-12 13:48:33,232 [main] INFO  server.GrpcService (GrpcService.java:closeImpl(172)) - 763d52db-3808-40b7-9749-d7ff45e81d9a: shutdown server with port 36181 successfully
2019-09-12 13:48:33,235 [ForkJoinPool.commonPool-worker-1] INFO  server.GrpcService (GrpcService.java:closeImpl(172)) - 6ac4bcf8-6973-4d27-bc88-57130dead3af: shutdown server with port 43308 successfully
2019-09-12 13:48:33,235 [grpc-default-executor-3] WARN  server.GrpcLogAppender (LogUtils.java:warn(134)) - 92e4cfa5-488b-4a46-94d1-80a7c527ff9a@group-FF9390A4C18C->6ac4bcf8-6973-4d27-bc88-57130dead3af-AppendLogResponseHandler: Failed appendEntries: org.apache.ratis.thirdparty.io.grpc.StatusRuntimeException: CANCELLED: HTTP/2 error code: CANCEL
Received Rst Stream
2019-09-12 13:48:33,235 [grpc-default-executor-7] WARN  server.GrpcServerProtocolService (LogUtils.java:warn(134)) - 763d52db-3808-40b7-9749-d7ff45e81d9a: installSnapshot onError, lastRequest: 57ae412b-1391-4b0c-ad94-18127dd39aa0->763d52db-3808-40b7-9749-d7ff45e81d9a#162-t2, previous=(t:2, i:19), leaderCommit=15, initializing? false, entries: <empty>: org.apache.ratis.thirdparty.io.grpc.StatusRuntimeException: CANCELLED: cancelled before receiving half close
2019-09-12 13:48:33,235 [grpc-default-executor-6] WARN  server.GrpcServerProtocolService (LogUtils.java:warn(134)) - 6ac4bcf8-6973-4d27-bc88-57130dead3af: installSnapshot onError, lastRequest: 92e4cfa5-488b-4a46-94d1-80a7c527ff9a->6ac4bcf8-6973-4d27-bc88-57130dead3af#178-t2, previous=(t:2, i:36), leaderCommit=32, initializing? false, entries: <empty>: org.apache.ratis.thirdparty.io.grpc.StatusRuntimeException: CANCELLED: cancelled before receiving half close
2019-09-12 13:48:33,235 [grpc-default-executor-2] WARN  server.GrpcLogAppender (LogUtils.java:warn(134)) - 57ae412b-1391-4b0c-ad94-18127dd39aa0@group-3636C80E75D6->763d52db-3808-40b7-9749-d7ff45e81d9a-AppendLogResponseHandler: Failed appendEntries: org.apache.ratis.thirdparty.io.grpc.StatusRuntimeException: CANCELLED: HTTP/2 error code: CANCEL
Received Rst Stream
2019-09-12 13:48:33,235 [grpc-default-executor-3] INFO  impl.FollowerInfo (FollowerInfo.java:lambda$new$0(51)) - 92e4cfa5-488b-4a46-94d1-80a7c527ff9a@group-FF9390A4C18C->6ac4bcf8-6973-4d27-bc88-57130dead3af: nextIndex: updateUnconditionally 37 -> 33
2019-09-12 13:48:33,236 [grpc-default-executor-2] INFO  impl.FollowerInfo (FollowerInfo.java:lambda$new$0(51)) - 57ae412b-1391-4b0c-ad94-18127dd39aa0@group-3636C80E75D6->763d52db-3808-40b7-9749-d7ff45e81d9a: nextIndex: updateUnconditionally 20 -> 19
2019-09-12 13:48:33,237 [refreshUsed-/workdir/hadoop-ozone/integration-test/target/test-dir/MiniOzoneClusterImpl-98ba6956-8e51-4dc7-be59-62a375280f0b/datanode-2/data/containers] WARN  fs.CachingGetSpaceUsed (CachingGetSpaceUsed.java:run(183)) - Thread Interrupted waiting to refresh disk information: sleep interrupted
2019-09-12 13:48:33,252 [java.util.concurrent.ThreadPoolExecutor$Worker@f519941[State = -1, empty queue]] WARN  server.GrpcLogAppender (GrpcLogAppender.java:timeoutAppendRequest(200)) - 92e4cfa5-488b-4a46-94d1-80a7c527ff9a@group-FF9390A4C18C->3ef341d8-3296-48d4-9b49-005c11ca2b71-GrpcLogAppender: appendEntries Timeout, request=92e4cfa5-488b-4a46-94d1-80a7c527ff9a->3ef341d8-3296-48d4-9b49-005c11ca2b71#173-t2, previous=(t:2, i:36), leaderCommit=32, initializing? false, entries: <empty>
2019-09-12 13:48:33,253 [refreshUsed-/workdir/hadoop-ozone/integration-test/target/test-dir/MiniOzoneClusterImpl-98ba6956-8e51-4dc7-be59-62a375280f0b/datanode-5/data/containers] WARN  fs.CachingGetSpaceUsed (CachingGetSpaceUsed.java:run(183)) - Thread Interrupted waiting to refresh disk information: sleep interrupted
2019-09-12 13:48:33,273 [grpc-default-executor-7] WARN  server.GrpcLogAppender (LogUtils.java:warn(134)) - 92e4cfa5-488b-4a46-94d1-80a7c527ff9a@group-FF9390A4C18C->6ac4bcf8-6973-4d27-bc88-57130dead3af-AppendLogResponseHandler: Failed appendEntries: org.apache.ratis.thirdparty.io.grpc.StatusRuntimeException: UNAVAILABLE: io exception
2019-09-12 13:48:33,275 [grpc-default-executor-7] INFO  impl.FollowerInfo (FollowerInfo.java:lambda$new$0(51)) - 92e4cfa5-488b-4a46-94d1-80a7c527ff9a@group-FF9390A4C18C->6ac4bcf8-6973-4d27-bc88-57130dead3af: nextIndex: updateUnconditionally 33 -> 32
2019-09-12 13:48:33,278 [ForkJoinPool.commonPool-worker-1] INFO  utils.BackgroundService (BackgroundService.java:shutdown(148)) - Shutting down service BlockDeletingService
2019-09-12 13:48:33,286 [ForkJoinPool.commonPool-worker-1] INFO  statemachine.DatanodeStateMachine (DatanodeStateMachine.java:stopDaemon(395)) - Ozone container server stopped.
2019-09-12 13:48:33,292 [ForkJoinPool.commonPool-worker-1] INFO  handler.ContextHandler (ContextHandler.java:doStop(910)) - Stopped o.e.j.w.WebAppContext@10f7c76{/,null,UNAVAILABLE}{/hddsDatanode}
2019-09-12 13:48:33,293 [ForkJoinPool.commonPool-worker-1] INFO  server.AbstractConnector (AbstractConnector.java:doStop(318)) - Stopped ServerConnector@4745e9c{HTTP/1.1,[http/1.1]}{0.0.0.0:0}
2019-09-12 13:48:33,294 [ForkJoinPool.commonPool-worker-1] INFO  handler.ContextHandler (ContextHandler.java:doStop(910)) - Stopped o.e.j.s.ServletContextHandler@54d8c20d{/static,jar:file:/home/user/.m2/repository/org/apache/hadoop/hadoop-hdds-container-service/0.5.0-SNAPSHOT/hadoop-hdds-container-service-0.5.0-SNAPSHOT.jar!/webapps/static,UNAVAILABLE}
2019-09-12 13:48:33,296 [ForkJoinPool.commonPool-worker-1] INFO  handler.ContextHandler (ContextHandler.java:doStop(910)) - Stopped o.e.j.s.ServletContextHandler@799ed4e8{/logs,file:///workdir/hadoop-ozone/integration-test/target/log,UNAVAILABLE}
2019-09-12 13:48:33,298 [grpc-default-executor-7] WARN  server.GrpcLogAppender (LogUtils.java:warn(134)) - 57ae412b-1391-4b0c-ad94-18127dd39aa0@group-3636C80E75D6->763d52db-3808-40b7-9749-d7ff45e81d9a-AppendLogResponseHandler: Failed appendEntries: org.apache.ratis.thirdparty.io.grpc.StatusRuntimeException: UNAVAILABLE: io exception
2019-09-12 13:48:33,300 [grpc-default-executor-7] INFO  impl.FollowerInfo (FollowerInfo.java:lambda$new$0(51)) - 57ae412b-1391-4b0c-ad94-18127dd39aa0@group-3636C80E75D6->763d52db-3808-40b7-9749-d7ff45e81d9a: nextIndex: updateUnconditionally 19 -> 18
2019-09-12 13:48:33,301 [main] INFO  utils.BackgroundService (BackgroundService.java:shutdown(148)) - Shutting down service BlockDeletingService
2019-09-12 13:48:33,307 [main] INFO  statemachine.DatanodeStateMachine (DatanodeStateMachine.java:stopDaemon(395)) - Ozone container server stopped.
2019-09-12 13:48:33,308 [main] INFO  handler.ContextHandler (ContextHandler.java:doStop(910)) - Stopped o.e.j.w.WebAppContext@3c83468e{/,null,UNAVAILABLE}{/hddsDatanode}
2019-09-12 13:48:33,308 [main] INFO  server.AbstractConnector (AbstractConnector.java:doStop(318)) - Stopped ServerConnector@272ce069{HTTP/1.1,[http/1.1]}{0.0.0.0:0}
2019-09-12 13:48:33,309 [main] INFO  handler.ContextHandler (ContextHandler.java:doStop(910)) - Stopped o.e.j.s.ServletContextHandler@ccf91df{/static,jar:file:/home/user/.m2/repository/org/apache/hadoop/hadoop-hdds-container-service/0.5.0-SNAPSHOT/hadoop-hdds-container-service-0.5.0-SNAPSHOT.jar!/webapps/static,UNAVAILABLE}
2019-09-12 13:48:33,309 [main] INFO  handler.ContextHandler (ContextHandler.java:doStop(910)) - Stopped o.e.j.s.ServletContextHandler@75d4a80f{/logs,file:///workdir/hadoop-ozone/integration-test/target/log,UNAVAILABLE}
2019-09-12 13:48:33,421 [java.util.concurrent.ThreadPoolExecutor$Worker@37f0faaa[State = -1, empty queue]] WARN  server.GrpcLogAppender (GrpcLogAppender.java:timeoutAppendRequest(200)) - 57ae412b-1391-4b0c-ad94-18127dd39aa0@group-3636C80E75D6->05e06da0-1d3a-4481-ab96-f6b3bccd14af-GrpcLogAppender: appendEntries Timeout, request=57ae412b-1391-4b0c-ad94-18127dd39aa0->05e06da0-1d3a-4481-ab96-f6b3bccd14af#158-t2, previous=(t:2, i:19), leaderCommit=15, initializing? false, entries: <empty>
2019-09-12 13:48:33,750 [java.util.concurrent.ThreadPoolExecutor$Worker@f519941[State = -1, empty queue]] WARN  server.GrpcLogAppender (GrpcLogAppender.java:timeoutAppendRequest(200)) - 92e4cfa5-488b-4a46-94d1-80a7c527ff9a@group-FF9390A4C18C->3ef341d8-3296-48d4-9b49-005c11ca2b71-GrpcLogAppender: appendEntries Timeout, request=92e4cfa5-488b-4a46-94d1-80a7c527ff9a->3ef341d8-3296-48d4-9b49-005c11ca2b71#174-t2, previous=(t:2, i:36), leaderCommit=32, initializing? false, entries: <empty>
2019-09-12 13:48:33,760 [grpc-default-executor-2] WARN  server.GrpcLogAppender (LogUtils.java:warn(134)) - 92e4cfa5-488b-4a46-94d1-80a7c527ff9a@group-FF9390A4C18C->6ac4bcf8-6973-4d27-bc88-57130dead3af-AppendLogResponseHandler: Failed appendEntries: org.apache.ratis.thirdparty.io.grpc.StatusRuntimeException: UNAVAILABLE: io exception
2019-09-12 13:48:33,764 [grpc-default-executor-2] INFO  impl.FollowerInfo (FollowerInfo.java:lambda$new$0(51)) - 92e4cfa5-488b-4a46-94d1-80a7c527ff9a@group-FF9390A4C18C->6ac4bcf8-6973-4d27-bc88-57130dead3af: nextIndex: updateUnconditionally 32 -> 31
2019-09-12 13:48:33,791 [Datanode State Machine Thread - 0] INFO  statemachine.DatanodeStateMachine (DatanodeStateMachine.java:lambda$startDaemon$0(350)) - Ozone container server started.
2019-09-12 13:48:33,792 [grpc-default-executor-6] WARN  server.GrpcLogAppender (LogUtils.java:warn(134)) - 57ae412b-1391-4b0c-ad94-18127dd39aa0@group-3636C80E75D6->763d52db-3808-40b7-9749-d7ff45e81d9a-AppendLogResponseHandler: Failed appendEntries: org.apache.ratis.thirdparty.io.grpc.StatusRuntimeException: UNAVAILABLE: io exception
2019-09-12 13:48:33,795 [grpc-default-executor-6] INFO  impl.FollowerInfo (FollowerInfo.java:lambda$new$0(51)) - 57ae412b-1391-4b0c-ad94-18127dd39aa0@group-3636C80E75D6->763d52db-3808-40b7-9749-d7ff45e81d9a: nextIndex: updateUnconditionally 18 -> 17
2019-09-12 13:48:33,921 [java.util.concurrent.ThreadPoolExecutor$Worker@37f0faaa[State = -1, empty queue]] WARN  server.GrpcLogAppender (GrpcLogAppender.java:timeoutAppendRequest(200)) - 57ae412b-1391-4b0c-ad94-18127dd39aa0@group-3636C80E75D6->05e06da0-1d3a-4481-ab96-f6b3bccd14af-GrpcLogAppender: appendEntries Timeout, request=57ae412b-1391-4b0c-ad94-18127dd39aa0->05e06da0-1d3a-4481-ab96-f6b3bccd14af#159-t2, previous=(t:2, i:19), leaderCommit=15, initializing? false, entries: <empty>
2019-09-12 13:48:34,012 [Datanode State Machine Thread - 0] INFO  statemachine.DatanodeStateMachine (DatanodeStateMachine.java:lambda$startDaemon$0(350)) - Ozone container server started.
2019-09-12 13:48:34,251 [java.util.concurrent.ThreadPoolExecutor$Worker@f519941[State = -1, empty queue]] WARN  server.GrpcLogAppender (GrpcLogAppender.java:timeoutAppendRequest(200)) - 92e4cfa5-488b-4a46-94d1-80a7c527ff9a@group-FF9390A4C18C->3ef341d8-3296-48d4-9b49-005c11ca2b71-GrpcLogAppender: appendEntries Timeout, request=92e4cfa5-488b-4a46-94d1-80a7c527ff9a->3ef341d8-3296-48d4-9b49-005c11ca2b71#175-t2, previous=(t:2, i:36), leaderCommit=32, initializing? false, entries: <empty>
2019-09-12 13:48:34,261 [grpc-default-executor-7] WARN  server.GrpcLogAppender (LogUtils.java:warn(134)) - 92e4cfa5-488b-4a46-94d1-80a7c527ff9a@group-FF9390A4C18C->6ac4bcf8-6973-4d27-bc88-57130dead3af-AppendLogResponseHandler: Failed appendEntries: org.apache.ratis.thirdparty.io.grpc.StatusRuntimeException: UNAVAILABLE: io exception
2019-09-12 13:48:34,264 [grpc-default-executor-7] INFO  impl.FollowerInfo (FollowerInfo.java:lambda$new$0(51)) - 92e4cfa5-488b-4a46-94d1-80a7c527ff9a@group-FF9390A4C18C->6ac4bcf8-6973-4d27-bc88-57130dead3af: nextIndex: updateUnconditionally 31 -> 30
2019-09-12 13:48:34,293 [grpc-default-executor-2] WARN  server.GrpcLogAppender (LogUtils.java:warn(134)) - 57ae412b-1391-4b0c-ad94-18127dd39aa0@group-3636C80E75D6->763d52db-3808-40b7-9749-d7ff45e81d9a-AppendLogResponseHandler: Failed appendEntries: org.apache.ratis.thirdparty.io.grpc.StatusRuntimeException: UNAVAILABLE: io exception
2019-09-12 13:48:34,296 [grpc-default-executor-2] INFO  impl.FollowerInfo (FollowerInfo.java:lambda$new$0(51)) - 57ae412b-1391-4b0c-ad94-18127dd39aa0@group-3636C80E75D6->763d52db-3808-40b7-9749-d7ff45e81d9a: nextIndex: updateUnconditionally 17 -> 16
2019-09-12 13:48:34,422 [java.util.concurrent.ThreadPoolExecutor$Worker@37f0faaa[State = -1, empty queue]] WARN  server.GrpcLogAppender (GrpcLogAppender.java:timeoutAppendRequest(200)) - 57ae412b-1391-4b0c-ad94-18127dd39aa0@group-3636C80E75D6->05e06da0-1d3a-4481-ab96-f6b3bccd14af-GrpcLogAppender: appendEntries Timeout, request=57ae412b-1391-4b0c-ad94-18127dd39aa0->05e06da0-1d3a-4481-ab96-f6b3bccd14af#160-t2, previous=(t:2, i:19), leaderCommit=15, initializing? false, entries: <empty>
2019-09-12 13:48:34,751 [java.util.concurrent.ThreadPoolExecutor$Worker@f519941[State = -1, empty queue]] WARN  server.GrpcLogAppender (GrpcLogAppender.java:timeoutAppendRequest(200)) - 92e4cfa5-488b-4a46-94d1-80a7c527ff9a@group-FF9390A4C18C->3ef341d8-3296-48d4-9b49-005c11ca2b71-GrpcLogAppender: appendEntries Timeout, request=92e4cfa5-488b-4a46-94d1-80a7c527ff9a->3ef341d8-3296-48d4-9b49-005c11ca2b71#176-t2, previous=(t:2, i:36), leaderCommit=32, initializing? false, entries: <empty>
2019-09-12 13:48:34,762 [grpc-default-executor-6] WARN  server.GrpcLogAppender (LogUtils.java:warn(134)) - 92e4cfa5-488b-4a46-94d1-80a7c527ff9a@group-FF9390A4C18C->6ac4bcf8-6973-4d27-bc88-57130dead3af-AppendLogResponseHandler: Failed appendEntries: org.apache.ratis.thirdparty.io.grpc.StatusRuntimeException: UNAVAILABLE: io exception
2019-09-12 13:48:34,765 [grpc-default-executor-6] INFO  impl.FollowerInfo (FollowerInfo.java:lambda$new$0(51)) - 92e4cfa5-488b-4a46-94d1-80a7c527ff9a@group-FF9390A4C18C->6ac4bcf8-6973-4d27-bc88-57130dead3af: nextIndex: updateUnconditionally 30 -> 29
2019-09-12 13:48:34,794 [grpc-default-executor-7] WARN  server.GrpcLogAppender (LogUtils.java:warn(134)) - 57ae412b-1391-4b0c-ad94-18127dd39aa0@group-3636C80E75D6->763d52db-3808-40b7-9749-d7ff45e81d9a-AppendLogResponseHandler: Failed appendEntries: org.apache.ratis.thirdparty.io.grpc.StatusRuntimeException: UNAVAILABLE: io exception
2019-09-12 13:48:34,796 [grpc-default-executor-7] INFO  impl.FollowerInfo (FollowerInfo.java:lambda$new$0(51)) - 57ae412b-1391-4b0c-ad94-18127dd39aa0@group-3636C80E75D6->763d52db-3808-40b7-9749-d7ff45e81d9a: nextIndex: updateUnconditionally 16 -> 15
2019-09-12 13:48:34,922 [java.util.concurrent.ThreadPoolExecutor$Worker@37f0faaa[State = -1, empty queue]] WARN  server.GrpcLogAppender (GrpcLogAppender.java:timeoutAppendRequest(200)) - 57ae412b-1391-4b0c-ad94-18127dd39aa0@group-3636C80E75D6->05e06da0-1d3a-4481-ab96-f6b3bccd14af-GrpcLogAppender: appendEntries Timeout, request=57ae412b-1391-4b0c-ad94-18127dd39aa0->05e06da0-1d3a-4481-ab96-f6b3bccd14af#161-t2, previous=(t:2, i:19), leaderCommit=15, initializing? false, entries: <empty>
2019-09-12 13:48:35,251 [java.util.concurrent.ThreadPoolExecutor$Worker@f519941[State = -1, empty queue]] WARN  server.GrpcLogAppender (GrpcLogAppender.java:timeoutAppendRequest(200)) - 92e4cfa5-488b-4a46-94d1-80a7c527ff9a@group-FF9390A4C18C->3ef341d8-3296-48d4-9b49-005c11ca2b71-GrpcLogAppender: appendEntries Timeout, request=92e4cfa5-488b-4a46-94d1-80a7c527ff9a->3ef341d8-3296-48d4-9b49-005c11ca2b71#177-t2, previous=(t:2, i:36), leaderCommit=32, initializing? false, entries: <empty>
2019-09-12 13:48:35,263 [grpc-default-executor-2] WARN  server.GrpcLogAppender (LogUtils.java:warn(134)) - 92e4cfa5-488b-4a46-94d1-80a7c527ff9a@group-FF9390A4C18C->6ac4bcf8-6973-4d27-bc88-57130dead3af-AppendLogResponseHandler: Failed appendEntries: org.apache.ratis.thirdparty.io.grpc.StatusRuntimeException: UNAVAILABLE: io exception
2019-09-12 13:48:35,267 [grpc-default-executor-2] INFO  impl.FollowerInfo (FollowerInfo.java:lambda$new$0(51)) - 92e4cfa5-488b-4a46-94d1-80a7c527ff9a@group-FF9390A4C18C->6ac4bcf8-6973-4d27-bc88-57130dead3af: nextIndex: updateUnconditionally 29 -> 28
2019-09-12 13:48:35,295 [grpc-default-executor-6] WARN  server.GrpcLogAppender (LogUtils.java:warn(134)) - 57ae412b-1391-4b0c-ad94-18127dd39aa0@group-3636C80E75D6->763d52db-3808-40b7-9749-d7ff45e81d9a-AppendLogResponseHandler: Failed appendEntries: org.apache.ratis.thirdparty.io.grpc.StatusRuntimeException: UNAVAILABLE: io exception
2019-09-12 13:48:35,299 [grpc-default-executor-6] INFO  impl.FollowerInfo (FollowerInfo.java:lambda$new$0(51)) - 57ae412b-1391-4b0c-ad94-18127dd39aa0@group-3636C80E75D6->763d52db-3808-40b7-9749-d7ff45e81d9a: nextIndex: updateUnconditionally 15 -> 14
2019-09-12 13:48:35,422 [java.util.concurrent.ThreadPoolExecutor$Worker@37f0faaa[State = -1, empty queue]] WARN  server.GrpcLogAppender (GrpcLogAppender.java:timeoutAppendRequest(200)) - 57ae412b-1391-4b0c-ad94-18127dd39aa0@group-3636C80E75D6->05e06da0-1d3a-4481-ab96-f6b3bccd14af-GrpcLogAppender: appendEntries Timeout, request=57ae412b-1391-4b0c-ad94-18127dd39aa0->05e06da0-1d3a-4481-ab96-f6b3bccd14af#162-t2, previous=(t:2, i:19), leaderCommit=15, initializing? false, entries: <empty>
2019-09-12 13:48:35,752 [java.util.concurrent.ThreadPoolExecutor$Worker@f519941[State = -1, empty queue]] WARN  server.GrpcLogAppender (GrpcLogAppender.java:timeoutAppendRequest(200)) - 92e4cfa5-488b-4a46-94d1-80a7c527ff9a@group-FF9390A4C18C->3ef341d8-3296-48d4-9b49-005c11ca2b71-GrpcLogAppender: appendEntries Timeout, request=92e4cfa5-488b-4a46-94d1-80a7c527ff9a->3ef341d8-3296-48d4-9b49-005c11ca2b71#178-t2, previous=(t:2, i:36), leaderCommit=32, initializing? false, entries: <empty>
2019-09-12 13:48:35,764 [grpc-default-executor-2] WARN  server.GrpcLogAppender (LogUtils.java:warn(134)) - 92e4cfa5-488b-4a46-94d1-80a7c527ff9a@group-FF9390A4C18C->6ac4bcf8-6973-4d27-bc88-57130dead3af-AppendLogResponseHandler: Failed appendEntries: org.apache.ratis.thirdparty.io.grpc.StatusRuntimeException: UNAVAILABLE: io exception
2019-09-12 13:48:35,768 [grpc-default-executor-2] INFO  impl.FollowerInfo (FollowerInfo.java:lambda$new$0(51)) - 92e4cfa5-488b-4a46-94d1-80a7c527ff9a@group-FF9390A4C18C->6ac4bcf8-6973-4d27-bc88-57130dead3af: nextIndex: updateUnconditionally 28 -> 27
2019-09-12 13:48:35,796 [grpc-default-executor-7] WARN  server.GrpcLogAppender (LogUtils.java:warn(134)) - 57ae412b-1391-4b0c-ad94-18127dd39aa0@group-3636C80E75D6->763d52db-3808-40b7-9749-d7ff45e81d9a-AppendLogResponseHandler: Failed appendEntries: org.apache.ratis.thirdparty.io.grpc.StatusRuntimeException: UNAVAILABLE: io exception
2019-09-12 13:48:35,805 [grpc-default-executor-7] INFO  impl.FollowerInfo (FollowerInfo.java:lambda$new$0(51)) - 57ae412b-1391-4b0c-ad94-18127dd39aa0@group-3636C80E75D6->763d52db-3808-40b7-9749-d7ff45e81d9a: nextIndex: updateUnconditionally 14 -> 13
2019-09-12 13:48:35,878 [57ae412b-1391-4b0c-ad94-18127dd39aa0@group-3636C80E75D6-SegmentedRaftLogWorker] WARN  segmented.SegmentedRaftLogWorker (SegmentedRaftLogWorker.java:getFromFuture(90)) - Timeout 4/~
org.apache.ratis.protocol.TimeoutIOException: Timeout 10s: WriteLog:16: (t:2, i:16), STATEMACHINELOGENTRY, client-DC9C3C53DAD2, cid=53-writeStateMachineData
	at org.apache.ratis.util.IOUtils.getFromFuture(IOUtils.java:87)
	at org.apache.ratis.server.raftlog.segmented.SegmentedRaftLogWorker$StateMachineDataPolicy.getFromFuture(SegmentedRaftLogWorker.java:87)
	at org.apache.ratis.server.raftlog.segmented.SegmentedRaftLogWorker$WriteLog.execute(SegmentedRaftLogWorker.java:477)
	at org.apache.ratis.server.raftlog.segmented.SegmentedRaftLogWorker.run(SegmentedRaftLogWorker.java:289)
	at java.lang.Thread.run(Thread.java:748)
Caused by: java.util.concurrent.TimeoutException
	at java.util.concurrent.CompletableFuture.timedGet(CompletableFuture.java:1771)
	at java.util.concurrent.CompletableFuture.get(CompletableFuture.java:1915)
	at org.apache.ratis.util.IOUtils.getFromFuture(IOUtils.java:79)
	... 4 more
2019-09-12 13:48:35,886 [05e06da0-1d3a-4481-ab96-f6b3bccd14af@group-3636C80E75D6-SegmentedRaftLogWorker] WARN  segmented.SegmentedRaftLogWorker (SegmentedRaftLogWorker.java:getFromFuture(90)) - Timeout 4/~
org.apache.ratis.protocol.TimeoutIOException: Timeout 10s: WriteLog:16: (t:2, i:16), STATEMACHINELOGENTRY, client-DC9C3C53DAD2, cid=53-writeStateMachineData
	at org.apache.ratis.util.IOUtils.getFromFuture(IOUtils.java:87)
	at org.apache.ratis.server.raftlog.segmented.SegmentedRaftLogWorker$StateMachineDataPolicy.getFromFuture(SegmentedRaftLogWorker.java:87)
	at org.apache.ratis.server.raftlog.segmented.SegmentedRaftLogWorker$WriteLog.execute(SegmentedRaftLogWorker.java:477)
	at org.apache.ratis.server.raftlog.segmented.SegmentedRaftLogWorker.run(SegmentedRaftLogWorker.java:289)
	at java.lang.Thread.run(Thread.java:748)
Caused by: java.util.concurrent.TimeoutException
	at java.util.concurrent.CompletableFuture.timedGet(CompletableFuture.java:1771)
	at java.util.concurrent.CompletableFuture.get(CompletableFuture.java:1915)
	at org.apache.ratis.util.IOUtils.getFromFuture(IOUtils.java:79)
	... 4 more
2019-09-12 13:48:35,923 [java.util.concurrent.ThreadPoolExecutor$Worker@37f0faaa[State = -1, empty queue]] WARN  server.GrpcLogAppender (GrpcLogAppender.java:timeoutAppendRequest(200)) - 57ae412b-1391-4b0c-ad94-18127dd39aa0@group-3636C80E75D6->05e06da0-1d3a-4481-ab96-f6b3bccd14af-GrpcLogAppender: appendEntries Timeout, request=57ae412b-1391-4b0c-ad94-18127dd39aa0->05e06da0-1d3a-4481-ab96-f6b3bccd14af#163-t2, previous=(t:2, i:19), leaderCommit=15, initializing? false, entries: <empty>
2019-09-12 13:48:36,252 [java.util.concurrent.ThreadPoolExecutor$Worker@f519941[State = -1, empty queue]] WARN  server.GrpcLogAppender (GrpcLogAppender.java:timeoutAppendRequest(200)) - 92e4cfa5-488b-4a46-94d1-80a7c527ff9a@group-FF9390A4C18C->3ef341d8-3296-48d4-9b49-005c11ca2b71-GrpcLogAppender: appendEntries Timeout, request=92e4cfa5-488b-4a46-94d1-80a7c527ff9a->3ef341d8-3296-48d4-9b49-005c11ca2b71#179-t2, previous=(t:2, i:36), leaderCommit=32, initializing? false, entries: <empty>
2019-09-12 13:48:36,265 [grpc-default-executor-7] WARN  server.GrpcLogAppender (LogUtils.java:warn(134)) - 92e4cfa5-488b-4a46-94d1-80a7c527ff9a@group-FF9390A4C18C->6ac4bcf8-6973-4d27-bc88-57130dead3af-AppendLogResponseHandler: Failed appendEntries: org.apache.ratis.thirdparty.io.grpc.StatusRuntimeException: UNAVAILABLE: io exception
2019-09-12 13:48:36,269 [grpc-default-executor-7] INFO  impl.FollowerInfo (FollowerInfo.java:lambda$new$0(51)) - 92e4cfa5-488b-4a46-94d1-80a7c527ff9a@group-FF9390A4C18C->6ac4bcf8-6973-4d27-bc88-57130dead3af: nextIndex: updateUnconditionally 27 -> 26
2019-09-12 13:48:36,297 [grpc-default-executor-6] WARN  server.GrpcLogAppender (LogUtils.java:warn(134)) - 57ae412b-1391-4b0c-ad94-18127dd39aa0@group-3636C80E75D6->763d52db-3808-40b7-9749-d7ff45e81d9a-AppendLogResponseHandler: Failed appendEntries: org.apache.ratis.thirdparty.io.grpc.StatusRuntimeException: UNAVAILABLE: io exception
2019-09-12 13:48:36,301 [grpc-default-executor-6] INFO  impl.FollowerInfo (FollowerInfo.java:lambda$new$0(51)) - 57ae412b-1391-4b0c-ad94-18127dd39aa0@group-3636C80E75D6->763d52db-3808-40b7-9749-d7ff45e81d9a: nextIndex: updateUnconditionally 13 -> 12
2019-09-12 13:48:36,422 [java.util.concurrent.ThreadPoolExecutor$Worker@37f0faaa[State = -1, empty queue]] WARN  server.GrpcLogAppender (GrpcLogAppender.java:timeoutAppendRequest(200)) - 57ae412b-1391-4b0c-ad94-18127dd39aa0@group-3636C80E75D6->05e06da0-1d3a-4481-ab96-f6b3bccd14af-GrpcLogAppender: appendEntries Timeout, request=57ae412b-1391-4b0c-ad94-18127dd39aa0->05e06da0-1d3a-4481-ab96-f6b3bccd14af#164-t2, previous=(t:2, i:19), leaderCommit=15, initializing? false, entries: <empty>
2019-09-12 13:48:36,753 [java.util.concurrent.ThreadPoolExecutor$Worker@f519941[State = -1, empty queue]] WARN  server.GrpcLogAppender (GrpcLogAppender.java:timeoutAppendRequest(200)) - 92e4cfa5-488b-4a46-94d1-80a7c527ff9a@group-FF9390A4C18C->3ef341d8-3296-48d4-9b49-005c11ca2b71-GrpcLogAppender: appendEntries Timeout, request=92e4cfa5-488b-4a46-94d1-80a7c527ff9a->3ef341d8-3296-48d4-9b49-005c11ca2b71#180-t2, previous=(t:2, i:36), leaderCommit=32, initializing? false, entries: <empty>
2019-09-12 13:48:36,766 [grpc-default-executor-2] WARN  server.GrpcLogAppender (LogUtils.java:warn(134)) - 92e4cfa5-488b-4a46-94d1-80a7c527ff9a@group-FF9390A4C18C->6ac4bcf8-6973-4d27-bc88-57130dead3af-AppendLogResponseHandler: Failed appendEntries: org.apache.ratis.thirdparty.io.grpc.StatusRuntimeException: UNAVAILABLE: io exception
2019-09-12 13:48:36,772 [grpc-default-executor-2] INFO  impl.FollowerInfo (FollowerInfo.java:lambda$new$0(51)) - 92e4cfa5-488b-4a46-94d1-80a7c527ff9a@group-FF9390A4C18C->6ac4bcf8-6973-4d27-bc88-57130dead3af: nextIndex: updateUnconditionally 26 -> 25
2019-09-12 13:48:36,797 [grpc-default-executor-7] WARN  server.GrpcLogAppender (LogUtils.java:warn(134)) - 57ae412b-1391-4b0c-ad94-18127dd39aa0@group-3636C80E75D6->763d52db-3808-40b7-9749-d7ff45e81d9a-AppendLogResponseHandler: Failed appendEntries: org.apache.ratis.thirdparty.io.grpc.StatusRuntimeException: UNAVAILABLE: io exception
2019-09-12 13:48:36,800 [grpc-default-executor-7] INFO  impl.FollowerInfo (FollowerInfo.java:lambda$new$0(51)) - 57ae412b-1391-4b0c-ad94-18127dd39aa0@group-3636C80E75D6->763d52db-3808-40b7-9749-d7ff45e81d9a: nextIndex: updateUnconditionally 12 -> 11
2019-09-12 13:48:36,923 [java.util.concurrent.ThreadPoolExecutor$Worker@37f0faaa[State = -1, empty queue]] WARN  server.GrpcLogAppender (GrpcLogAppender.java:timeoutAppendRequest(200)) - 57ae412b-1391-4b0c-ad94-18127dd39aa0@group-3636C80E75D6->05e06da0-1d3a-4481-ab96-f6b3bccd14af-GrpcLogAppender: appendEntries Timeout, request=57ae412b-1391-4b0c-ad94-18127dd39aa0->05e06da0-1d3a-4481-ab96-f6b3bccd14af#165-t2, previous=(t:2, i:19), leaderCommit=15, initializing? false, entries: <empty>
2019-09-12 13:48:37,253 [java.util.concurrent.ThreadPoolExecutor$Worker@f519941[State = -1, empty queue]] WARN  server.GrpcLogAppender (GrpcLogAppender.java:timeoutAppendRequest(200)) - 92e4cfa5-488b-4a46-94d1-80a7c527ff9a@group-FF9390A4C18C->3ef341d8-3296-48d4-9b49-005c11ca2b71-GrpcLogAppender: appendEntries Timeout, request=92e4cfa5-488b-4a46-94d1-80a7c527ff9a->3ef341d8-3296-48d4-9b49-005c11ca2b71#181-t2, previous=(t:2, i:36), leaderCommit=32, initializing? false, entries: <empty>
2019-09-12 13:48:37,269 [grpc-default-executor-6] WARN  server.GrpcLogAppender (LogUtils.java:warn(134)) - 92e4cfa5-488b-4a46-94d1-80a7c527ff9a@group-FF9390A4C18C->6ac4bcf8-6973-4d27-bc88-57130dead3af-AppendLogResponseHandler: Failed appendEntries: org.apache.ratis.thirdparty.io.grpc.StatusRuntimeException: UNAVAILABLE: io exception
2019-09-12 13:48:37,273 [grpc-default-executor-6] INFO  impl.FollowerInfo (FollowerInfo.java:lambda$new$0(51)) - 92e4cfa5-488b-4a46-94d1-80a7c527ff9a@group-FF9390A4C18C->6ac4bcf8-6973-4d27-bc88-57130dead3af: nextIndex: updateUnconditionally 25 -> 24
2019-09-12 13:48:37,298 [grpc-default-executor-2] WARN  server.GrpcLogAppender (LogUtils.java:warn(134)) - 57ae412b-1391-4b0c-ad94-18127dd39aa0@group-3636C80E75D6->763d52db-3808-40b7-9749-d7ff45e81d9a-AppendLogResponseHandler: Failed appendEntries: org.apache.ratis.thirdparty.io.grpc.StatusRuntimeException: UNAVAILABLE: io exception
2019-09-12 13:48:37,300 [grpc-default-executor-2] INFO  impl.FollowerInfo (FollowerInfo.java:lambda$new$0(51)) - 57ae412b-1391-4b0c-ad94-18127dd39aa0@group-3636C80E75D6->763d52db-3808-40b7-9749-d7ff45e81d9a: nextIndex: updateUnconditionally 11 -> 10
2019-09-12 13:48:37,423 [java.util.concurrent.ThreadPoolExecutor$Worker@37f0faaa[State = -1, empty queue]] WARN  server.GrpcLogAppender (GrpcLogAppender.java:timeoutAppendRequest(200)) - 57ae412b-1391-4b0c-ad94-18127dd39aa0@group-3636C80E75D6->05e06da0-1d3a-4481-ab96-f6b3bccd14af-GrpcLogAppender: appendEntries Timeout, request=57ae412b-1391-4b0c-ad94-18127dd39aa0->05e06da0-1d3a-4481-ab96-f6b3bccd14af#166-t2, previous=(t:2, i:19), leaderCommit=15, initializing? false, entries: <empty>
2019-09-12 13:48:37,753 [java.util.concurrent.ThreadPoolExecutor$Worker@f519941[State = -1, empty queue]] WARN  server.GrpcLogAppender (GrpcLogAppender.java:timeoutAppendRequest(200)) - 92e4cfa5-488b-4a46-94d1-80a7c527ff9a@group-FF9390A4C18C->3ef341d8-3296-48d4-9b49-005c11ca2b71-GrpcLogAppender: appendEntries Timeout, request=92e4cfa5-488b-4a46-94d1-80a7c527ff9a->3ef341d8-3296-48d4-9b49-005c11ca2b71#182-t2, previous=(t:2, i:36), leaderCommit=32, initializing? false, entries: <empty>
2019-09-12 13:48:37,769 [grpc-default-executor-7] WARN  server.GrpcLogAppender (LogUtils.java:warn(134)) - 92e4cfa5-488b-4a46-94d1-80a7c527ff9a@group-FF9390A4C18C->6ac4bcf8-6973-4d27-bc88-57130dead3af-AppendLogResponseHandler: Failed appendEntries: org.apache.ratis.thirdparty.io.grpc.StatusRuntimeException: UNAVAILABLE: io exception
2019-09-12 13:48:37,772 [grpc-default-executor-7] INFO  impl.FollowerInfo (FollowerInfo.java:lambda$new$0(51)) - 92e4cfa5-488b-4a46-94d1-80a7c527ff9a@group-FF9390A4C18C->6ac4bcf8-6973-4d27-bc88-57130dead3af: nextIndex: updateUnconditionally 24 -> 23
2019-09-12 13:48:37,818 [grpc-default-executor-6] WARN  server.GrpcLogAppender (LogUtils.java:warn(134)) - 57ae412b-1391-4b0c-ad94-18127dd39aa0@group-3636C80E75D6->763d52db-3808-40b7-9749-d7ff45e81d9a-AppendLogResponseHandler: Failed appendEntries: org.apache.ratis.thirdparty.io.grpc.StatusRuntimeException: UNAVAILABLE: io exception
2019-09-12 13:48:37,825 [grpc-default-executor-6] INFO  impl.FollowerInfo (FollowerInfo.java:lambda$new$0(51)) - 57ae412b-1391-4b0c-ad94-18127dd39aa0@group-3636C80E75D6->763d52db-3808-40b7-9749-d7ff45e81d9a: nextIndex: updateUnconditionally 10 -> 9
2019-09-12 13:48:37,923 [java.util.concurrent.ThreadPoolExecutor$Worker@37f0faaa[State = -1, empty queue]] WARN  server.GrpcLogAppender (GrpcLogAppender.java:timeoutAppendRequest(200)) - 57ae412b-1391-4b0c-ad94-18127dd39aa0@group-3636C80E75D6->05e06da0-1d3a-4481-ab96-f6b3bccd14af-GrpcLogAppender: appendEntries Timeout, request=57ae412b-1391-4b0c-ad94-18127dd39aa0->05e06da0-1d3a-4481-ab96-f6b3bccd14af#167-t2, previous=(t:2, i:19), leaderCommit=15, initializing? false, entries: <empty>
2019-09-12 13:48:38,307 [java.util.concurrent.ThreadPoolExecutor$Worker@f519941[State = -1, empty queue]] WARN  server.GrpcLogAppender (GrpcLogAppender.java:timeoutAppendRequest(200)) - 92e4cfa5-488b-4a46-94d1-80a7c527ff9a@group-FF9390A4C18C->3ef341d8-3296-48d4-9b49-005c11ca2b71-GrpcLogAppender: appendEntries Timeout, request=92e4cfa5-488b-4a46-94d1-80a7c527ff9a->3ef341d8-3296-48d4-9b49-005c11ca2b71#183-t2, previous=(t:2, i:36), leaderCommit=32, initializing? false, entries: <empty>
2019-09-12 13:48:38,324 [ForkJoinPool.commonPool-worker-1] INFO  ozoneimpl.OzoneContainer (OzoneContainer.java:stop(231)) - Attempting to stop container services.
2019-09-12 13:48:38,324 [main] INFO  ozoneimpl.OzoneContainer (OzoneContainer.java:stop(231)) - Attempting to stop container services.
2019-09-12 13:48:38,338 [ForkJoinPool.commonPool-worker-1] INFO  impl.RaftServerProxy (RaftServerProxy.java:lambda$close$4(314)) - 05e06da0-1d3a-4481-ab96-f6b3bccd14af: close
2019-09-12 13:48:38,338 [main] INFO  impl.RaftServerProxy (RaftServerProxy.java:lambda$close$4(314)) - 3ef341d8-3296-48d4-9b49-005c11ca2b71: close
2019-09-12 13:48:38,338 [grpc-default-executor-2] WARN  server.GrpcLogAppender (LogUtils.java:warn(134)) - 57ae412b-1391-4b0c-ad94-18127dd39aa0@group-3636C80E75D6->763d52db-3808-40b7-9749-d7ff45e81d9a-AppendLogResponseHandler: Failed appendEntries: org.apache.ratis.thirdparty.io.grpc.StatusRuntimeException: UNAVAILABLE: io exception
2019-09-12 13:48:38,338 [ForkJoinPool.commonPool-worker-1] INFO  impl.RaftServerImpl (RaftServerImpl.java:lambda$shutdown$3(251)) - 05e06da0-1d3a-4481-ab96-f6b3bccd14af@group-3CB32A679A99: shutdown
2019-09-12 13:48:38,338 [grpc-default-executor-6] WARN  server.GrpcLogAppender (LogUtils.java:warn(134)) - 92e4cfa5-488b-4a46-94d1-80a7c527ff9a@group-FF9390A4C18C->6ac4bcf8-6973-4d27-bc88-57130dead3af-AppendLogResponseHandler: Failed appendEntries: org.apache.ratis.thirdparty.io.grpc.StatusRuntimeException: UNAVAILABLE: io exception
2019-09-12 13:48:38,340 [grpc-default-executor-2] INFO  impl.FollowerInfo (FollowerInfo.java:lambda$new$0(51)) - 57ae412b-1391-4b0c-ad94-18127dd39aa0@group-3636C80E75D6->763d52db-3808-40b7-9749-d7ff45e81d9a: nextIndex: updateUnconditionally 9 -> 8
2019-09-12 13:48:38,340 [ForkJoinPool.commonPool-worker-1] INFO  util.JmxRegister (JmxRegister.java:unregister(73)) - Successfully un-registered JMX Bean with object name Ratis:service=RaftServer,group=group-3CB32A679A99,id=05e06da0-1d3a-4481-ab96-f6b3bccd14af
2019-09-12 13:48:38,338 [main] INFO  impl.RaftServerImpl (RaftServerImpl.java:lambda$shutdown$3(251)) - 3ef341d8-3296-48d4-9b49-005c11ca2b71@group-FF9390A4C18C: shutdown
2019-09-12 13:48:38,341 [ForkJoinPool.commonPool-worker-1] INFO  impl.RoleInfo (RoleInfo.java:shutdownLeaderState(104)) - 05e06da0-1d3a-4481-ab96-f6b3bccd14af: shutdown LeaderState
2019-09-12 13:48:38,341 [main] INFO  util.JmxRegister (JmxRegister.java:unregister(73)) - Successfully un-registered JMX Bean with object name Ratis:service=RaftServer,group=group-FF9390A4C18C,id=3ef341d8-3296-48d4-9b49-005c11ca2b71
2019-09-12 13:48:38,342 [ForkJoinPool.commonPool-worker-1] INFO  impl.PendingRequests (PendingRequests.java:sendNotLeaderResponses(202)) - 05e06da0-1d3a-4481-ab96-f6b3bccd14af-PendingRequests: sendNotLeaderResponses
2019-09-12 13:48:38,342 [main] INFO  impl.RoleInfo (RoleInfo.java:shutdownFollowerState(121)) - 3ef341d8-3296-48d4-9b49-005c11ca2b71: shutdown FollowerState
2019-09-12 13:48:38,343 [ForkJoinPool.commonPool-worker-1] INFO  impl.StateMachineUpdater (StateMachineUpdater.java:stopAndJoin(125)) - 05e06da0-1d3a-4481-ab96-f6b3bccd14af@group-3CB32A679A99-StateMachineUpdater: set stopIndex = 0
2019-09-12 13:48:38,344 [ForkJoinPool.commonPool-worker-1] INFO  impl.RaftServerImpl (ServerState.java:close(385)) - 05e06da0-1d3a-4481-ab96-f6b3bccd14af@group-3CB32A679A99: closes. applyIndex: 0
2019-09-12 13:48:38,354 [main] INFO  impl.StateMachineUpdater (StateMachineUpdater.java:stopAndJoin(125)) - 3ef341d8-3296-48d4-9b49-005c11ca2b71@group-FF9390A4C18C-StateMachineUpdater: set stopIndex = 32
2019-09-12 13:48:38,355 [Thread-408] INFO  impl.FollowerState (FollowerState.java:run(115)) - 3ef341d8-3296-48d4-9b49-005c11ca2b71: FollowerState was interrupted: java.lang.InterruptedException: sleep interrupted
2019-09-12 13:48:38,355 [3ef341d8-3296-48d4-9b49-005c11ca2b71@group-FF9390A4C18C-StateMachineUpdater] INFO  ratis.ContainerStateMachine (ContainerStateMachine.java:takeSnapshot(289)) - group-FF9390A4C18C: Taking a snapshot at:(t:2, i:30) file /workdir/hadoop-ozone/integration-test/target/test-dir/MiniOzoneClusterImpl-98ba6956-8e51-4dc7-be59-62a375280f0b/datanode-6/data/ratis/14334f41-af10-4df4-81be-ff9390a4c18c/sm/snapshot.2_30
2019-09-12 13:48:38,355 [05e06da0-1d3a-4481-ab96-f6b3bccd14af@group-3CB32A679A99-SegmentedRaftLogWorker] INFO  segmented.SegmentedRaftLogWorker (SegmentedRaftLogWorker.java:run(313)) - 05e06da0-1d3a-4481-ab96-f6b3bccd14af@group-3CB32A679A99-SegmentedRaftLogWorker was interrupted, exiting. There are 0 tasks remaining in the queue.
2019-09-12 13:48:38,355 [grpc-default-executor-6] INFO  impl.FollowerInfo (FollowerInfo.java:lambda$new$0(51)) - 92e4cfa5-488b-4a46-94d1-80a7c527ff9a@group-FF9390A4C18C->6ac4bcf8-6973-4d27-bc88-57130dead3af: nextIndex: updateUnconditionally 23 -> 22
2019-09-12 13:48:38,368 [ForkJoinPool.commonPool-worker-1] INFO  segmented.SegmentedRaftLogWorker (SegmentedRaftLogWorker.java:close(228)) - 05e06da0-1d3a-4481-ab96-f6b3bccd14af@group-3CB32A679A99-SegmentedRaftLogWorker close()
2019-09-12 13:48:38,373 [ForkJoinPool.commonPool-worker-1] INFO  impl.RaftServerImpl (RaftServerImpl.java:lambda$shutdown$3(251)) - 05e06da0-1d3a-4481-ab96-f6b3bccd14af@group-3636C80E75D6: shutdown
2019-09-12 13:48:38,373 [3ef341d8-3296-48d4-9b49-005c11ca2b71@group-FF9390A4C18C-StateMachineUpdater] INFO  ratis.ContainerStateMachine (ContainerStateMachine.java:takeSnapshot(300)) - group-FF9390A4C18C: Finished taking a snapshot at:(t:2, i:30) file:/workdir/hadoop-ozone/integration-test/target/test-dir/MiniOzoneClusterImpl-98ba6956-8e51-4dc7-be59-62a375280f0b/datanode-6/data/ratis/14334f41-af10-4df4-81be-ff9390a4c18c/sm/snapshot.2_30 time:18
2019-09-12 13:48:38,373 [ForkJoinPool.commonPool-worker-1] INFO  util.JmxRegister (JmxRegister.java:unregister(73)) - Successfully un-registered JMX Bean with object name Ratis:service=RaftServer,group=group-3636C80E75D6,id=05e06da0-1d3a-4481-ab96-f6b3bccd14af
2019-09-12 13:48:38,373 [3ef341d8-3296-48d4-9b49-005c11ca2b71@group-FF9390A4C18C-StateMachineUpdater] INFO  impl.StateMachineUpdater (StateMachineUpdater.java:takeSnapshot(258)) - 3ef341d8-3296-48d4-9b49-005c11ca2b71@group-FF9390A4C18C-StateMachineUpdater: Took a snapshot at index 30
2019-09-12 13:48:38,373 [ForkJoinPool.commonPool-worker-1] INFO  impl.RoleInfo (RoleInfo.java:shutdownFollowerState(121)) - 05e06da0-1d3a-4481-ab96-f6b3bccd14af: shutdown FollowerState
2019-09-12 13:48:38,374 [3ef341d8-3296-48d4-9b49-005c11ca2b71@group-FF9390A4C18C-StateMachineUpdater] INFO  impl.StateMachineUpdater (StateMachineUpdater.java:lambda$new$0(83)) - 3ef341d8-3296-48d4-9b49-005c11ca2b71@group-FF9390A4C18C-StateMachineUpdater: snapshotIndex: updateIncreasingly -1 -> 30
2019-09-12 13:48:38,374 [ForkJoinPool.commonPool-worker-1] INFO  impl.StateMachineUpdater (StateMachineUpdater.java:stopAndJoin(125)) - 05e06da0-1d3a-4481-ab96-f6b3bccd14af@group-3636C80E75D6-StateMachineUpdater: set stopIndex = 15
2019-09-12 13:48:38,374 [05e06da0-1d3a-4481-ab96-f6b3bccd14af@group-3636C80E75D6-StateMachineUpdater] INFO  ratis.ContainerStateMachine (ContainerStateMachine.java:takeSnapshot(289)) - group-3636C80E75D6: Taking a snapshot at:(t:2, i:11) file /workdir/hadoop-ozone/integration-test/target/test-dir/MiniOzoneClusterImpl-98ba6956-8e51-4dc7-be59-62a375280f0b/datanode-3/data/ratis/4c8f1a2d-9002-479d-9c36-3636c80e75d6/sm/snapshot.2_11
2019-09-12 13:48:38,374 [Thread-442] INFO  impl.FollowerState (FollowerState.java:run(115)) - 05e06da0-1d3a-4481-ab96-f6b3bccd14af: FollowerState was interrupted: java.lang.InterruptedException: sleep interrupted
2019-09-12 13:48:38,375 [3ef341d8-3296-48d4-9b49-005c11ca2b71@group-FF9390A4C18C-StateMachineUpdater] INFO  ratis.ContainerStateMachine (ContainerStateMachine.java:takeSnapshot(289)) - group-FF9390A4C18C: Taking a snapshot at:(t:2, i:30) file /workdir/hadoop-ozone/integration-test/target/test-dir/MiniOzoneClusterImpl-98ba6956-8e51-4dc7-be59-62a375280f0b/datanode-6/data/ratis/14334f41-af10-4df4-81be-ff9390a4c18c/sm/snapshot.2_30
2019-09-12 13:48:38,389 [05e06da0-1d3a-4481-ab96-f6b3bccd14af@group-3636C80E75D6-StateMachineUpdater] INFO  ratis.ContainerStateMachine (ContainerStateMachine.java:takeSnapshot(300)) - group-3636C80E75D6: Finished taking a snapshot at:(t:2, i:11) file:/workdir/hadoop-ozone/integration-test/target/test-dir/MiniOzoneClusterImpl-98ba6956-8e51-4dc7-be59-62a375280f0b/datanode-3/data/ratis/4c8f1a2d-9002-479d-9c36-3636c80e75d6/sm/snapshot.2_11 time:15
2019-09-12 13:48:38,389 [3ef341d8-3296-48d4-9b49-005c11ca2b71@group-FF9390A4C18C-StateMachineUpdater] INFO  ratis.ContainerStateMachine (ContainerStateMachine.java:takeSnapshot(300)) - group-FF9390A4C18C: Finished taking a snapshot at:(t:2, i:30) file:/workdir/hadoop-ozone/integration-test/target/test-dir/MiniOzoneClusterImpl-98ba6956-8e51-4dc7-be59-62a375280f0b/datanode-6/data/ratis/14334f41-af10-4df4-81be-ff9390a4c18c/sm/snapshot.2_30 time:15
2019-09-12 13:48:38,389 [05e06da0-1d3a-4481-ab96-f6b3bccd14af@group-3636C80E75D6-StateMachineUpdater] INFO  impl.StateMachineUpdater (StateMachineUpdater.java:takeSnapshot(258)) - 05e06da0-1d3a-4481-ab96-f6b3bccd14af@group-3636C80E75D6-StateMachineUpdater: Took a snapshot at index 11
2019-09-12 13:48:38,390 [3ef341d8-3296-48d4-9b49-005c11ca2b71@group-FF9390A4C18C-StateMachineUpdater] INFO  impl.StateMachineUpdater (StateMachineUpdater.java:takeSnapshot(258)) - 3ef341d8-3296-48d4-9b49-005c11ca2b71@group-FF9390A4C18C-StateMachineUpdater: Took a snapshot at index 30
2019-09-12 13:48:38,390 [05e06da0-1d3a-4481-ab96-f6b3bccd14af@group-3636C80E75D6-StateMachineUpdater] INFO  impl.StateMachineUpdater (StateMachineUpdater.java:lambda$new$0(83)) - 05e06da0-1d3a-4481-ab96-f6b3bccd14af@group-3636C80E75D6-StateMachineUpdater: snapshotIndex: updateIncreasingly -1 -> 11
2019-09-12 13:48:38,390 [3ef341d8-3296-48d4-9b49-005c11ca2b71@group-FF9390A4C18C-StateMachineUpdater] INFO  impl.StateMachineUpdater (StateMachineUpdater.java:lambda$new$0(83)) - 3ef341d8-3296-48d4-9b49-005c11ca2b71@group-FF9390A4C18C-StateMachineUpdater: snapshotIndex: updateIncreasingly 30 -> 30
2019-09-12 13:48:38,390 [05e06da0-1d3a-4481-ab96-f6b3bccd14af@group-3636C80E75D6-StateMachineUpdater] INFO  ratis.ContainerStateMachine (ContainerStateMachine.java:takeSnapshot(289)) - group-3636C80E75D6: Taking a snapshot at:(t:2, i:11) file /workdir/hadoop-ozone/integration-test/target/test-dir/MiniOzoneClusterImpl-98ba6956-8e51-4dc7-be59-62a375280f0b/datanode-3/data/ratis/4c8f1a2d-9002-479d-9c36-3636c80e75d6/sm/snapshot.2_11
2019-09-12 13:48:38,390 [main] INFO  impl.RaftServerImpl (ServerState.java:close(385)) - 3ef341d8-3296-48d4-9b49-005c11ca2b71@group-FF9390A4C18C: closes. applyIndex: 32
2019-09-12 13:48:38,393 [3ef341d8-3296-48d4-9b49-005c11ca2b71@group-FF9390A4C18C-SegmentedRaftLogWorker] ERROR ratis.XceiverServerRatis (XceiverServerRatis.java:triggerPipelineClose(568)) - pipeline Action CLOSE  on pipeline PipelineID=14334f41-af10-4df4-81be-ff9390a4c18c.Reason : WriteLog:33: (t:2, i:33), STATEMACHINELOGENTRY, client-06A0480B634B, cid=66-writeStateMachineData interrupted.
2019-09-12 13:48:38,395 [main] INFO  segmented.SegmentedRaftLogWorker (SegmentedRaftLogWorker.java:close(228)) - 3ef341d8-3296-48d4-9b49-005c11ca2b71@group-FF9390A4C18C-SegmentedRaftLogWorker close()
2019-09-12 13:48:38,402 [main] INFO  impl.RaftServerImpl (RaftServerImpl.java:lambda$shutdown$3(251)) - 3ef341d8-3296-48d4-9b49-005c11ca2b71@group-CCD1DB151AF0: shutdown
2019-09-12 13:48:38,402 [05e06da0-1d3a-4481-ab96-f6b3bccd14af@group-3636C80E75D6-StateMachineUpdater] INFO  ratis.ContainerStateMachine (ContainerStateMachine.java:takeSnapshot(300)) - group-3636C80E75D6: Finished taking a snapshot at:(t:2, i:11) file:/workdir/hadoop-ozone/integration-test/target/test-dir/MiniOzoneClusterImpl-98ba6956-8e51-4dc7-be59-62a375280f0b/datanode-3/data/ratis/4c8f1a2d-9002-479d-9c36-3636c80e75d6/sm/snapshot.2_11 time:12
2019-09-12 13:48:38,402 [main] INFO  util.JmxRegister (JmxRegister.java:unregister(73)) - Successfully un-registered JMX Bean with object name Ratis:service=RaftServer,group=group-CCD1DB151AF0,id=3ef341d8-3296-48d4-9b49-005c11ca2b71
2019-09-12 13:48:38,402 [05e06da0-1d3a-4481-ab96-f6b3bccd14af@group-3636C80E75D6-StateMachineUpdater] INFO  impl.StateMachineUpdater (StateMachineUpdater.java:takeSnapshot(258)) - 05e06da0-1d3a-4481-ab96-f6b3bccd14af@group-3636C80E75D6-StateMachineUpdater: Took a snapshot at index 11
2019-09-12 13:48:38,403 [main] INFO  impl.RoleInfo (RoleInfo.java:shutdownLeaderState(104)) - 3ef341d8-3296-48d4-9b49-005c11ca2b71: shutdown LeaderState
2019-09-12 13:48:38,403 [05e06da0-1d3a-4481-ab96-f6b3bccd14af@group-3636C80E75D6-StateMachineUpdater] INFO  impl.StateMachineUpdater (StateMachineUpdater.java:lambda$new$0(83)) - 05e06da0-1d3a-4481-ab96-f6b3bccd14af@group-3636C80E75D6-StateMachineUpdater: snapshotIndex: updateIncreasingly 11 -> 11
2019-09-12 13:48:38,403 [main] INFO  impl.PendingRequests (PendingRequests.java:sendNotLeaderResponses(202)) - 3ef341d8-3296-48d4-9b49-005c11ca2b71-PendingRequests: sendNotLeaderResponses
2019-09-12 13:48:38,403 [ForkJoinPool.commonPool-worker-1] INFO  impl.RaftServerImpl (ServerState.java:close(385)) - 05e06da0-1d3a-4481-ab96-f6b3bccd14af@group-3636C80E75D6: closes. applyIndex: 15
2019-09-12 13:48:38,404 [main] INFO  impl.StateMachineUpdater (StateMachineUpdater.java:stopAndJoin(125)) - 3ef341d8-3296-48d4-9b49-005c11ca2b71@group-CCD1DB151AF0-StateMachineUpdater: set stopIndex = 0
2019-09-12 13:48:38,405 [05e06da0-1d3a-4481-ab96-f6b3bccd14af@group-3636C80E75D6-SegmentedRaftLogWorker] ERROR ratis.XceiverServerRatis (XceiverServerRatis.java:triggerPipelineClose(568)) - pipeline Action CLOSE  on pipeline PipelineID=4c8f1a2d-9002-479d-9c36-3636c80e75d6.Reason : WriteLog:16: (t:2, i:16), STATEMACHINELOGENTRY, client-DC9C3C53DAD2, cid=53-writeStateMachineData interrupted.
2019-09-12 13:48:38,406 [main] INFO  impl.RaftServerImpl (ServerState.java:close(385)) - 3ef341d8-3296-48d4-9b49-005c11ca2b71@group-CCD1DB151AF0: closes. applyIndex: 0
2019-09-12 13:48:38,406 [ForkJoinPool.commonPool-worker-1] INFO  segmented.SegmentedRaftLogWorker (SegmentedRaftLogWorker.java:close(228)) - 05e06da0-1d3a-4481-ab96-f6b3bccd14af@group-3636C80E75D6-SegmentedRaftLogWorker close()
2019-09-12 13:48:38,406 [3ef341d8-3296-48d4-9b49-005c11ca2b71@group-CCD1DB151AF0-SegmentedRaftLogWorker] INFO  segmented.SegmentedRaftLogWorker (SegmentedRaftLogWorker.java:run(313)) - 3ef341d8-3296-48d4-9b49-005c11ca2b71@group-CCD1DB151AF0-SegmentedRaftLogWorker was interrupted, exiting. There are 0 tasks remaining in the queue.
2019-09-12 13:48:38,408 [ForkJoinPool.commonPool-worker-1] INFO  server.GrpcService (GrpcService.java:closeImpl(164)) - 05e06da0-1d3a-4481-ab96-f6b3bccd14af: shutdown server with port 45188 now
2019-09-12 13:48:38,408 [main] INFO  segmented.SegmentedRaftLogWorker (SegmentedRaftLogWorker.java:close(228)) - 3ef341d8-3296-48d4-9b49-005c11ca2b71@group-CCD1DB151AF0-SegmentedRaftLogWorker close()
2019-09-12 13:48:38,410 [main] INFO  server.GrpcService (GrpcService.java:closeImpl(164)) - 3ef341d8-3296-48d4-9b49-005c11ca2b71: shutdown server with port 43198 now
2019-09-12 13:48:38,410 [grpc-default-executor-2] WARN  server.GrpcServerProtocolService (LogUtils.java:warn(134)) - 05e06da0-1d3a-4481-ab96-f6b3bccd14af: installSnapshot onError, lastRequest: 57ae412b-1391-4b0c-ad94-18127dd39aa0->05e06da0-1d3a-4481-ab96-f6b3bccd14af#173-t2, previous=(t:2, i:19), leaderCommit=15, initializing? false, entries: <empty>: org.apache.ratis.thirdparty.io.grpc.StatusRuntimeException: CANCELLED: cancelled before receiving half close
2019-09-12 13:48:38,410 [ForkJoinPool.commonPool-worker-1] INFO  server.GrpcService (GrpcService.java:closeImpl(172)) - 05e06da0-1d3a-4481-ab96-f6b3bccd14af: shutdown server with port 45188 successfully
2019-09-12 13:48:38,411 [grpc-default-executor-7] WARN  server.GrpcServerProtocolService (LogUtils.java:warn(134)) - 3ef341d8-3296-48d4-9b49-005c11ca2b71: installSnapshot onError, lastRequest: 92e4cfa5-488b-4a46-94d1-80a7c527ff9a->3ef341d8-3296-48d4-9b49-005c11ca2b71#189-t2, previous=(t:2, i:36), leaderCommit=32, initializing? false, entries: <empty>: org.apache.ratis.thirdparty.io.grpc.StatusRuntimeException: CANCELLED: cancelled before receiving half close
2019-09-12 13:48:38,411 [grpc-default-executor-6] WARN  server.GrpcLogAppender (LogUtils.java:warn(134)) - 92e4cfa5-488b-4a46-94d1-80a7c527ff9a@group-FF9390A4C18C->3ef341d8-3296-48d4-9b49-005c11ca2b71-AppendLogResponseHandler: Failed appendEntries: org.apache.ratis.thirdparty.io.grpc.StatusRuntimeException: CANCELLED: HTTP/2 error code: CANCEL
Received Rst Stream
2019-09-12 13:48:38,411 [grpc-default-executor-3] WARN  server.GrpcLogAppender (LogUtils.java:warn(134)) - 57ae412b-1391-4b0c-ad94-18127dd39aa0@group-3636C80E75D6->05e06da0-1d3a-4481-ab96-f6b3bccd14af-AppendLogResponseHandler: Failed appendEntries: org.apache.ratis.thirdparty.io.grpc.StatusRuntimeException: CANCELLED: HTTP/2 error code: CANCEL
Received Rst Stream
2019-09-12 13:48:38,411 [main] INFO  server.GrpcService (GrpcService.java:closeImpl(172)) - 3ef341d8-3296-48d4-9b49-005c11ca2b71: shutdown server with port 43198 successfully
2019-09-12 13:48:38,412 [grpc-default-executor-3] INFO  impl.FollowerInfo (FollowerInfo.java:lambda$new$0(51)) - 57ae412b-1391-4b0c-ad94-18127dd39aa0@group-3636C80E75D6->05e06da0-1d3a-4481-ab96-f6b3bccd14af: nextIndex: updateUnconditionally 20 -> 16
2019-09-12 13:48:38,412 [grpc-default-executor-6] INFO  impl.FollowerInfo (FollowerInfo.java:lambda$new$0(51)) - 92e4cfa5-488b-4a46-94d1-80a7c527ff9a@group-FF9390A4C18C->3ef341d8-3296-48d4-9b49-005c11ca2b71: nextIndex: updateUnconditionally 37 -> 33
2019-09-12 13:48:38,418 [refreshUsed-/workdir/hadoop-ozone/integration-test/target/test-dir/MiniOzoneClusterImpl-98ba6956-8e51-4dc7-be59-62a375280f0b/datanode-6/data/containers] WARN  fs.CachingGetSpaceUsed (CachingGetSpaceUsed.java:run(183)) - Thread Interrupted waiting to refresh disk information: sleep interrupted
2019-09-12 13:48:38,424 [refreshUsed-/workdir/hadoop-ozone/integration-test/target/test-dir/MiniOzoneClusterImpl-98ba6956-8e51-4dc7-be59-62a375280f0b/datanode-3/data/containers] WARN  fs.CachingGetSpaceUsed (CachingGetSpaceUsed.java:run(183)) - Thread Interrupted waiting to refresh disk information: sleep interrupted
2019-09-12 13:48:38,433 [grpc-default-executor-3] WARN  server.GrpcLogAppender (LogUtils.java:warn(134)) - 57ae412b-1391-4b0c-ad94-18127dd39aa0@group-3636C80E75D6->05e06da0-1d3a-4481-ab96-f6b3bccd14af-AppendLogResponseHandler: Failed appendEntries: org.apache.ratis.thirdparty.io.grpc.StatusRuntimeException: UNAVAILABLE: io exception
2019-09-12 13:48:38,434 [grpc-default-executor-3] INFO  impl.FollowerInfo (FollowerInfo.java:lambda$new$0(51)) - 57ae412b-1391-4b0c-ad94-18127dd39aa0@group-3636C80E75D6->05e06da0-1d3a-4481-ab96-f6b3bccd14af: nextIndex: updateUnconditionally 16 -> 15
2019-09-12 13:48:38,442 [main] INFO  utils.BackgroundService (BackgroundService.java:shutdown(148)) - Shutting down service BlockDeletingService
2019-09-12 13:48:38,447 [main] INFO  statemachine.DatanodeStateMachine (DatanodeStateMachine.java:stopDaemon(395)) - Ozone container server stopped.
2019-09-12 13:48:38,447 [ForkJoinPool.commonPool-worker-1] INFO  utils.BackgroundService (BackgroundService.java:shutdown(148)) - Shutting down service BlockDeletingService
2019-09-12 13:48:38,451 [ForkJoinPool.commonPool-worker-1] INFO  statemachine.DatanodeStateMachine (DatanodeStateMachine.java:stopDaemon(395)) - Ozone container server stopped.
2019-09-12 13:48:38,453 [main] INFO  handler.ContextHandler (ContextHandler.java:doStop(910)) - Stopped o.e.j.w.WebAppContext@3e3315d9{/,null,UNAVAILABLE}{/hddsDatanode}
2019-09-12 13:48:38,455 [ForkJoinPool.commonPool-worker-1] INFO  handler.ContextHandler (ContextHandler.java:doStop(910)) - Stopped o.e.j.w.WebAppContext@698fee9a{/,null,UNAVAILABLE}{/hddsDatanode}
2019-09-12 13:48:38,456 [main] INFO  server.AbstractConnector (AbstractConnector.java:doStop(318)) - Stopped ServerConnector@64db4967{HTTP/1.1,[http/1.1]}{0.0.0.0:0}
2019-09-12 13:48:38,456 [ForkJoinPool.commonPool-worker-1] INFO  server.AbstractConnector (AbstractConnector.java:doStop(318)) - Stopped ServerConnector@102c577f{HTTP/1.1,[http/1.1]}{0.0.0.0:0}
2019-09-12 13:48:38,456 [main] INFO  handler.ContextHandler (ContextHandler.java:doStop(910)) - Stopped o.e.j.s.ServletContextHandler@7f5538a1{/static,jar:file:/home/user/.m2/repository/org/apache/hadoop/hadoop-hdds-container-service/0.5.0-SNAPSHOT/hadoop-hdds-container-service-0.5.0-SNAPSHOT.jar!/webapps/static,UNAVAILABLE}
2019-09-12 13:48:38,457 [ForkJoinPool.commonPool-worker-1] INFO  handler.ContextHandler (ContextHandler.java:doStop(910)) - Stopped o.e.j.s.ServletContextHandler@74ecacc3{/static,jar:file:/home/user/.m2/repository/org/apache/hadoop/hadoop-hdds-container-service/0.5.0-SNAPSHOT/hadoop-hdds-container-service-0.5.0-SNAPSHOT.jar!/webapps/static,UNAVAILABLE}
2019-09-12 13:48:38,457 [main] INFO  handler.ContextHandler (ContextHandler.java:doStop(910)) - Stopped o.e.j.s.ServletContextHandler@67514bdd{/logs,file:///workdir/hadoop-ozone/integration-test/target/log,UNAVAILABLE}
2019-09-12 13:48:38,459 [ForkJoinPool.commonPool-worker-1] INFO  handler.ContextHandler (ContextHandler.java:doStop(910)) - Stopped o.e.j.s.ServletContextHandler@42b84286{/logs,file:///workdir/hadoop-ozone/integration-test/target/log,UNAVAILABLE}
2019-09-12 13:48:38,566 [Datanode State Machine Thread - 0] INFO  statemachine.DatanodeStateMachine (DatanodeStateMachine.java:lambda$startDaemon$0(350)) - Ozone container server started.
2019-09-12 13:48:38,796 [Datanode State Machine Thread - 0] INFO  statemachine.DatanodeStateMachine (DatanodeStateMachine.java:lambda$startDaemon$0(350)) - Ozone container server started.
2019-09-12 13:48:38,811 [grpc-default-executor-6] WARN  server.GrpcLogAppender (LogUtils.java:warn(134)) - 92e4cfa5-488b-4a46-94d1-80a7c527ff9a@group-FF9390A4C18C->3ef341d8-3296-48d4-9b49-005c11ca2b71-AppendLogResponseHandler: Failed appendEntries: org.apache.ratis.thirdparty.io.grpc.StatusRuntimeException: UNAVAILABLE: io exception
2019-09-12 13:48:38,813 [grpc-default-executor-6] INFO  impl.FollowerInfo (FollowerInfo.java:lambda$new$0(51)) - 92e4cfa5-488b-4a46-94d1-80a7c527ff9a@group-FF9390A4C18C->3ef341d8-3296-48d4-9b49-005c11ca2b71: nextIndex: updateUnconditionally 33 -> 32
2019-09-12 13:48:38,815 [grpc-default-executor-6] WARN  server.GrpcLogAppender (LogUtils.java:warn(134)) - 92e4cfa5-488b-4a46-94d1-80a7c527ff9a@group-FF9390A4C18C->6ac4bcf8-6973-4d27-bc88-57130dead3af-AppendLogResponseHandler: Failed appendEntries: org.apache.ratis.thirdparty.io.grpc.StatusRuntimeException: UNAVAILABLE: io exception
2019-09-12 13:48:38,817 [grpc-default-executor-6] INFO  impl.FollowerInfo (FollowerInfo.java:lambda$new$0(51)) - 92e4cfa5-488b-4a46-94d1-80a7c527ff9a@group-FF9390A4C18C->6ac4bcf8-6973-4d27-bc88-57130dead3af: nextIndex: updateUnconditionally 22 -> 21
2019-09-12 13:48:38,817 [grpc-default-executor-2] WARN  server.GrpcLogAppender (LogUtils.java:warn(134)) - 57ae412b-1391-4b0c-ad94-18127dd39aa0@group-3636C80E75D6->763d52db-3808-40b7-9749-d7ff45e81d9a-AppendLogResponseHandler: Failed appendEntries: org.apache.ratis.thirdparty.io.grpc.StatusRuntimeException: UNAVAILABLE: io exception
2019-09-12 13:48:38,819 [grpc-default-executor-2] INFO  impl.FollowerInfo (FollowerInfo.java:lambda$new$0(51)) - 57ae412b-1391-4b0c-ad94-18127dd39aa0@group-3636C80E75D6->763d52db-3808-40b7-9749-d7ff45e81d9a: nextIndex: updateUnconditionally 8 -> 7
2019-09-12 13:48:38,933 [grpc-default-executor-2] WARN  server.GrpcLogAppender (LogUtils.java:warn(134)) - 57ae412b-1391-4b0c-ad94-18127dd39aa0@group-3636C80E75D6->05e06da0-1d3a-4481-ab96-f6b3bccd14af-AppendLogResponseHandler: Failed appendEntries: org.apache.ratis.thirdparty.io.grpc.StatusRuntimeException: UNAVAILABLE: io exception
2019-09-12 13:48:38,934 [grpc-default-executor-2] INFO  impl.FollowerInfo (FollowerInfo.java:lambda$new$0(51)) - 57ae412b-1391-4b0c-ad94-18127dd39aa0@group-3636C80E75D6->05e06da0-1d3a-4481-ab96-f6b3bccd14af: nextIndex: updateUnconditionally 15 -> 14
2019-09-12 13:48:39,312 [grpc-default-executor-7] WARN  server.GrpcLogAppender (LogUtils.java:warn(134)) - 92e4cfa5-488b-4a46-94d1-80a7c527ff9a@group-FF9390A4C18C->3ef341d8-3296-48d4-9b49-005c11ca2b71-AppendLogResponseHandler: Failed appendEntries: org.apache.ratis.thirdparty.io.grpc.StatusRuntimeException: UNAVAILABLE: io exception
2019-09-12 13:48:39,314 [grpc-default-executor-7] INFO  impl.FollowerInfo (FollowerInfo.java:lambda$new$0(51)) - 92e4cfa5-488b-4a46-94d1-80a7c527ff9a@group-FF9390A4C18C->3ef341d8-3296-48d4-9b49-005c11ca2b71: nextIndex: updateUnconditionally 32 -> 31
2019-09-12 13:48:39,316 [grpc-default-executor-7] WARN  server.GrpcLogAppender (LogUtils.java:warn(134)) - 57ae412b-1391-4b0c-ad94-18127dd39aa0@group-3636C80E75D6->763d52db-3808-40b7-9749-d7ff45e81d9a-AppendLogResponseHandler: Failed appendEntries: org.apache.ratis.thirdparty.io.grpc.StatusRuntimeException: UNAVAILABLE: io exception
2019-09-12 13:48:39,316 [grpc-default-executor-3] WARN  server.GrpcLogAppender (LogUtils.java:warn(134)) - 92e4cfa5-488b-4a46-94d1-80a7c527ff9a@group-FF9390A4C18C->6ac4bcf8-6973-4d27-bc88-57130dead3af-AppendLogResponseHandler: Failed appendEntries: org.apache.ratis.thirdparty.io.grpc.StatusRuntimeException: UNAVAILABLE: io exception
2019-09-12 13:48:39,317 [grpc-default-executor-7] INFO  impl.FollowerInfo (FollowerInfo.java:lambda$new$0(51)) - 57ae412b-1391-4b0c-ad94-18127dd39aa0@group-3636C80E75D6->763d52db-3808-40b7-9749-d7ff45e81d9a: nextIndex: updateUnconditionally 7 -> 6
2019-09-12 13:48:39,319 [grpc-default-executor-3] INFO  impl.FollowerInfo (FollowerInfo.java:lambda$new$0(51)) - 92e4cfa5-488b-4a46-94d1-80a7c527ff9a@group-FF9390A4C18C->6ac4bcf8-6973-4d27-bc88-57130dead3af: nextIndex: updateUnconditionally 21 -> 20
2019-09-12 13:48:39,433 [grpc-default-executor-6] WARN  server.GrpcLogAppender (LogUtils.java:warn(134)) - 57ae412b-1391-4b0c-ad94-18127dd39aa0@group-3636C80E75D6->05e06da0-1d3a-4481-ab96-f6b3bccd14af-AppendLogResponseHandler: Failed appendEntries: org.apache.ratis.thirdparty.io.grpc.StatusRuntimeException: UNAVAILABLE: io exception
2019-09-12 13:48:39,435 [grpc-default-executor-6] INFO  impl.FollowerInfo (FollowerInfo.java:lambda$new$0(51)) - 57ae412b-1391-4b0c-ad94-18127dd39aa0@group-3636C80E75D6->05e06da0-1d3a-4481-ab96-f6b3bccd14af: nextIndex: updateUnconditionally 14 -> 13
2019-09-12 13:48:39,689 [92e4cfa5-488b-4a46-94d1-80a7c527ff9a@group-FF9390A4C18C-SegmentedRaftLogWorker] WARN  segmented.SegmentedRaftLogWorker (SegmentedRaftLogWorker.java:getFromFuture(90)) - Timeout 2/~
org.apache.ratis.protocol.TimeoutIOException: Timeout 10s: WriteLog:33: (t:2, i:33), STATEMACHINELOGENTRY, client-06A0480B634B, cid=66-writeStateMachineData
	at org.apache.ratis.util.IOUtils.getFromFuture(IOUtils.java:87)
	at org.apache.ratis.server.raftlog.segmented.SegmentedRaftLogWorker$StateMachineDataPolicy.getFromFuture(SegmentedRaftLogWorker.java:87)
	at org.apache.ratis.server.raftlog.segmented.SegmentedRaftLogWorker$WriteLog.execute(SegmentedRaftLogWorker.java:477)
	at org.apache.ratis.server.raftlog.segmented.SegmentedRaftLogWorker.run(SegmentedRaftLogWorker.java:289)
	at java.lang.Thread.run(Thread.java:748)
Caused by: java.util.concurrent.TimeoutException
	at java.util.concurrent.CompletableFuture.timedGet(CompletableFuture.java:1771)
	at java.util.concurrent.CompletableFuture.get(CompletableFuture.java:1915)
	at org.apache.ratis.util.IOUtils.getFromFuture(IOUtils.java:79)
	... 4 more
2019-09-12 13:48:39,813 [grpc-default-executor-7] WARN  server.GrpcLogAppender (LogUtils.java:warn(134)) - 92e4cfa5-488b-4a46-94d1-80a7c527ff9a@group-FF9390A4C18C->3ef341d8-3296-48d4-9b49-005c11ca2b71-AppendLogResponseHandler: Failed appendEntries: org.apache.ratis.thirdparty.io.grpc.StatusRuntimeException: UNAVAILABLE: io exception
2019-09-12 13:48:39,815 [grpc-default-executor-7] INFO  impl.FollowerInfo (FollowerInfo.java:lambda$new$0(51)) - 92e4cfa5-488b-4a46-94d1-80a7c527ff9a@group-FF9390A4C18C->3ef341d8-3296-48d4-9b49-005c11ca2b71: nextIndex: updateUnconditionally 31 -> 30
2019-09-12 13:48:39,817 [grpc-default-executor-6] WARN  server.GrpcLogAppender (LogUtils.java:warn(134)) - 92e4cfa5-488b-4a46-94d1-80a7c527ff9a@group-FF9390A4C18C->6ac4bcf8-6973-4d27-bc88-57130dead3af-AppendLogResponseHandler: Failed appendEntries: org.apache.ratis.thirdparty.io.grpc.StatusRuntimeException: UNAVAILABLE: io exception
2019-09-12 13:48:39,817 [grpc-default-executor-1] WARN  server.GrpcLogAppender (LogUtils.java:warn(134)) - 57ae412b-1391-4b0c-ad94-18127dd39aa0@group-3636C80E75D6->763d52db-3808-40b7-9749-d7ff45e81d9a-AppendLogResponseHandler: Failed appendEntries: org.apache.ratis.thirdparty.io.grpc.StatusRuntimeException: UNAVAILABLE: io exception
2019-09-12 13:48:39,818 [grpc-default-executor-6] INFO  impl.FollowerInfo (FollowerInfo.java:lambda$new$0(51)) - 92e4cfa5-488b-4a46-94d1-80a7c527ff9a@group-FF9390A4C18C->6ac4bcf8-6973-4d27-bc88-57130dead3af: nextIndex: updateUnconditionally 20 -> 19
2019-09-12 13:48:39,819 [grpc-default-executor-1] INFO  impl.FollowerInfo (FollowerInfo.java:lambda$new$0(51)) - 57ae412b-1391-4b0c-ad94-18127dd39aa0@group-3636C80E75D6->763d52db-3808-40b7-9749-d7ff45e81d9a: nextIndex: updateUnconditionally 6 -> 5
2019-09-12 13:48:39,934 [grpc-default-executor-3] WARN  server.GrpcLogAppender (LogUtils.java:warn(134)) - 57ae412b-1391-4b0c-ad94-18127dd39aa0@group-3636C80E75D6->05e06da0-1d3a-4481-ab96-f6b3bccd14af-AppendLogResponseHandler: Failed appendEntries: org.apache.ratis.thirdparty.io.grpc.StatusRuntimeException: UNAVAILABLE: io exception
2019-09-12 13:48:39,935 [grpc-default-executor-3] INFO  impl.FollowerInfo (FollowerInfo.java:lambda$new$0(51)) - 57ae412b-1391-4b0c-ad94-18127dd39aa0@group-3636C80E75D6->05e06da0-1d3a-4481-ab96-f6b3bccd14af: nextIndex: updateUnconditionally 13 -> 12
2019-09-12 13:48:40,314 [grpc-default-executor-6] WARN  server.GrpcLogAppender (LogUtils.java:warn(134)) - 92e4cfa5-488b-4a46-94d1-80a7c527ff9a@group-FF9390A4C18C->3ef341d8-3296-48d4-9b49-005c11ca2b71-AppendLogResponseHandler: Failed appendEntries: org.apache.ratis.thirdparty.io.grpc.StatusRuntimeException: UNAVAILABLE: io exception
2019-09-12 13:48:40,316 [grpc-default-executor-6] INFO  impl.FollowerInfo (FollowerInfo.java:lambda$new$0(51)) - 92e4cfa5-488b-4a46-94d1-80a7c527ff9a@group-FF9390A4C18C->3ef341d8-3296-48d4-9b49-005c11ca2b71: nextIndex: updateUnconditionally 30 -> 29
2019-09-12 13:48:40,317 [grpc-default-executor-6] WARN  server.GrpcLogAppender (LogUtils.java:warn(134)) - 92e4cfa5-488b-4a46-94d1-80a7c527ff9a@group-FF9390A4C18C->6ac4bcf8-6973-4d27-bc88-57130dead3af-AppendLogResponseHandler: Failed appendEntries: org.apache.ratis.thirdparty.io.grpc.StatusRuntimeException: UNAVAILABLE: io exception
2019-09-12 13:48:40,318 [grpc-default-executor-7] WARN  server.GrpcLogAppender (LogUtils.java:warn(134)) - 57ae412b-1391-4b0c-ad94-18127dd39aa0@group-3636C80E75D6->763d52db-3808-40b7-9749-d7ff45e81d9a-AppendLogResponseHandler: Failed appendEntries: org.apache.ratis.thirdparty.io.grpc.StatusRuntimeException: UNAVAILABLE: io exception
2019-09-12 13:48:40,319 [grpc-default-executor-6] INFO  impl.FollowerInfo (FollowerInfo.java:lambda$new$0(51)) - 92e4cfa5-488b-4a46-94d1-80a7c527ff9a@group-FF9390A4C18C->6ac4bcf8-6973-4d27-bc88-57130dead3af: nextIndex: updateUnconditionally 19 -> 18
2019-09-12 13:48:40,320 [grpc-default-executor-7] INFO  impl.FollowerInfo (FollowerInfo.java:lambda$new$0(51)) - 57ae412b-1391-4b0c-ad94-18127dd39aa0@group-3636C80E75D6->763d52db-3808-40b7-9749-d7ff45e81d9a: nextIndex: updateUnconditionally 5 -> 4
2019-09-12 13:48:40,435 [grpc-default-executor-1] WARN  server.GrpcLogAppender (LogUtils.java:warn(134)) - 57ae412b-1391-4b0c-ad94-18127dd39aa0@group-3636C80E75D6->05e06da0-1d3a-4481-ab96-f6b3bccd14af-AppendLogResponseHandler: Failed appendEntries: org.apache.ratis.thirdparty.io.grpc.StatusRuntimeException: UNAVAILABLE: io exception
2019-09-12 13:48:40,436 [grpc-default-executor-1] INFO  impl.FollowerInfo (FollowerInfo.java:lambda$new$0(51)) - 57ae412b-1391-4b0c-ad94-18127dd39aa0@group-3636C80E75D6->05e06da0-1d3a-4481-ab96-f6b3bccd14af: nextIndex: updateUnconditionally 12 -> 11
2019-09-12 13:48:40,837 [grpc-default-executor-7] WARN  server.GrpcLogAppender (LogUtils.java:warn(134)) - 92e4cfa5-488b-4a46-94d1-80a7c527ff9a@group-FF9390A4C18C->3ef341d8-3296-48d4-9b49-005c11ca2b71-AppendLogResponseHandler: Failed appendEntries: org.apache.ratis.thirdparty.io.grpc.StatusRuntimeException: UNAVAILABLE: io exception
2019-09-12 13:48:40,841 [grpc-default-executor-6] WARN  server.GrpcLogAppender (LogUtils.java:warn(134)) - 92e4cfa5-488b-4a46-94d1-80a7c527ff9a@group-FF9390A4C18C->6ac4bcf8-6973-4d27-bc88-57130dead3af-AppendLogResponseHandler: Failed appendEntries: org.apache.ratis.thirdparty.io.grpc.StatusRuntimeException: UNAVAILABLE: io exception
2019-09-12 13:48:40,842 [grpc-default-executor-7] INFO  impl.FollowerInfo (FollowerInfo.java:lambda$new$0(51)) - 92e4cfa5-488b-4a46-94d1-80a7c527ff9a@group-FF9390A4C18C->3ef341d8-3296-48d4-9b49-005c11ca2b71: nextIndex: updateUnconditionally 29 -> 28
2019-09-12 13:48:40,842 [grpc-default-executor-6] INFO  impl.FollowerInfo (FollowerInfo.java:lambda$new$0(51)) - 92e4cfa5-488b-4a46-94d1-80a7c527ff9a@group-FF9390A4C18C->6ac4bcf8-6973-4d27-bc88-57130dead3af: nextIndex: updateUnconditionally 18 -> 17
2019-09-12 13:48:40,842 [grpc-default-executor-2] WARN  server.GrpcLogAppender (LogUtils.java:warn(134)) - 57ae412b-1391-4b0c-ad94-18127dd39aa0@group-3636C80E75D6->763d52db-3808-40b7-9749-d7ff45e81d9a-AppendLogResponseHandler: Failed appendEntries: org.apache.ratis.thirdparty.io.grpc.StatusRuntimeException: UNAVAILABLE: io exception
2019-09-12 13:48:40,842 [grpc-default-executor-2] INFO  impl.FollowerInfo (FollowerInfo.java:lambda$new$0(51)) - 57ae412b-1391-4b0c-ad94-18127dd39aa0@group-3636C80E75D6->763d52db-3808-40b7-9749-d7ff45e81d9a: nextIndex: updateUnconditionally 4 -> 3
2019-09-12 13:48:40,938 [grpc-default-executor-7] WARN  server.GrpcLogAppender (LogUtils.java:warn(134)) - 57ae412b-1391-4b0c-ad94-18127dd39aa0@group-3636C80E75D6->05e06da0-1d3a-4481-ab96-f6b3bccd14af-AppendLogResponseHandler: Failed appendEntries: org.apache.ratis.thirdparty.io.grpc.StatusRuntimeException: UNAVAILABLE: io exception
2019-09-12 13:48:40,939 [grpc-default-executor-7] INFO  impl.FollowerInfo (FollowerInfo.java:lambda$new$0(51)) - 57ae412b-1391-4b0c-ad94-18127dd39aa0@group-3636C80E75D6->05e06da0-1d3a-4481-ab96-f6b3bccd14af: nextIndex: updateUnconditionally 11 -> 10
2019-09-12 13:48:41,320 [grpc-default-executor-6] WARN  server.GrpcLogAppender (LogUtils.java:warn(134)) - 92e4cfa5-488b-4a46-94d1-80a7c527ff9a@group-FF9390A4C18C->3ef341d8-3296-48d4-9b49-005c11ca2b71-AppendLogResponseHandler: Failed appendEntries: org.apache.ratis.thirdparty.io.grpc.StatusRuntimeException: UNAVAILABLE: io exception
2019-09-12 13:48:41,321 [grpc-default-executor-6] INFO  impl.FollowerInfo (FollowerInfo.java:lambda$new$0(51)) - 92e4cfa5-488b-4a46-94d1-80a7c527ff9a@group-FF9390A4C18C->3ef341d8-3296-48d4-9b49-005c11ca2b71: nextIndex: updateUnconditionally 28 -> 27
2019-09-12 13:48:41,339 [grpc-default-executor-2] WARN  server.GrpcLogAppender (LogUtils.java:warn(134)) - 92e4cfa5-488b-4a46-94d1-80a7c527ff9a@group-FF9390A4C18C->6ac4bcf8-6973-4d27-bc88-57130dead3af-AppendLogResponseHandler: Failed appendEntries: org.apache.ratis.thirdparty.io.grpc.StatusRuntimeException: UNAVAILABLE: io exception
2019-09-12 13:48:41,339 [grpc-default-executor-3] WARN  server.GrpcLogAppender (LogUtils.java:warn(134)) - 57ae412b-1391-4b0c-ad94-18127dd39aa0@group-3636C80E75D6->763d52db-3808-40b7-9749-d7ff45e81d9a-AppendLogResponseHandler: Failed appendEntries: org.apache.ratis.thirdparty.io.grpc.StatusRuntimeException: UNAVAILABLE: io exception
2019-09-12 13:48:41,339 [grpc-default-executor-2] INFO  impl.FollowerInfo (FollowerInfo.java:lambda$new$0(51)) - 92e4cfa5-488b-4a46-94d1-80a7c527ff9a@group-FF9390A4C18C->6ac4bcf8-6973-4d27-bc88-57130dead3af: nextIndex: updateUnconditionally 17 -> 16
2019-09-12 13:48:41,339 [grpc-default-executor-3] INFO  impl.FollowerInfo (FollowerInfo.java:lambda$new$0(51)) - 57ae412b-1391-4b0c-ad94-18127dd39aa0@group-3636C80E75D6->763d52db-3808-40b7-9749-d7ff45e81d9a: nextIndex: updateUnconditionally 3 -> 2
2019-09-12 13:48:41,437 [grpc-default-executor-7] WARN  server.GrpcLogAppender (LogUtils.java:warn(134)) - 57ae412b-1391-4b0c-ad94-18127dd39aa0@group-3636C80E75D6->05e06da0-1d3a-4481-ab96-f6b3bccd14af-AppendLogResponseHandler: Failed appendEntries: org.apache.ratis.thirdparty.io.grpc.StatusRuntimeException: UNAVAILABLE: io exception
2019-09-12 13:48:41,438 [grpc-default-executor-7] INFO  impl.FollowerInfo (FollowerInfo.java:lambda$new$0(51)) - 57ae412b-1391-4b0c-ad94-18127dd39aa0@group-3636C80E75D6->05e06da0-1d3a-4481-ab96-f6b3bccd14af: nextIndex: updateUnconditionally 10 -> 9
2019-09-12 13:48:41,608 [7dd3d51f-7703-47e1-b378-11db862d4d4b@group-411631934A30-SegmentedRaftLogWorker] WARN  segmented.SegmentedRaftLogWorker (SegmentedRaftLogWorker.java:getFromFuture(90)) - Timeout 7/~
org.apache.ratis.protocol.TimeoutIOException: Timeout 10s: WriteLog:19: (t:2, i:19), STATEMACHINELOGENTRY, client-ECFF5C766FEB, cid=40-writeStateMachineData
	at org.apache.ratis.util.IOUtils.getFromFuture(IOUtils.java:87)
	at org.apache.ratis.server.raftlog.segmented.SegmentedRaftLogWorker$StateMachineDataPolicy.getFromFuture(SegmentedRaftLogWorker.java:87)
	at org.apache.ratis.server.raftlog.segmented.SegmentedRaftLogWorker$WriteLog.execute(SegmentedRaftLogWorker.java:477)
	at org.apache.ratis.server.raftlog.segmented.SegmentedRaftLogWorker.run(SegmentedRaftLogWorker.java:289)
	at java.lang.Thread.run(Thread.java:748)
Caused by: java.util.concurrent.TimeoutException
	at java.util.concurrent.CompletableFuture.timedGet(CompletableFuture.java:1771)
	at java.util.concurrent.CompletableFuture.get(CompletableFuture.java:1915)
	at org.apache.ratis.util.IOUtils.getFromFuture(IOUtils.java:79)
	... 4 more
2019-09-12 13:48:41,821 [grpc-default-executor-2] WARN  server.GrpcLogAppender (LogUtils.java:warn(134)) - 92e4cfa5-488b-4a46-94d1-80a7c527ff9a@group-FF9390A4C18C->3ef341d8-3296-48d4-9b49-005c11ca2b71-AppendLogResponseHandler: Failed appendEntries: org.apache.ratis.thirdparty.io.grpc.StatusRuntimeException: UNAVAILABLE: io exception
2019-09-12 13:48:41,822 [grpc-default-executor-2] INFO  impl.FollowerInfo (FollowerInfo.java:lambda$new$0(51)) - 92e4cfa5-488b-4a46-94d1-80a7c527ff9a@group-FF9390A4C18C->3ef341d8-3296-48d4-9b49-005c11ca2b71: nextIndex: updateUnconditionally 27 -> 26
2019-09-12 13:48:41,839 [grpc-default-executor-3] WARN  server.GrpcLogAppender (LogUtils.java:warn(134)) - 92e4cfa5-488b-4a46-94d1-80a7c527ff9a@group-FF9390A4C18C->6ac4bcf8-6973-4d27-bc88-57130dead3af-AppendLogResponseHandler: Failed appendEntries: org.apache.ratis.thirdparty.io.grpc.StatusRuntimeException: UNAVAILABLE: io exception
2019-09-12 13:48:41,839 [grpc-default-executor-6] WARN  server.GrpcLogAppender (LogUtils.java:warn(134)) - 57ae412b-1391-4b0c-ad94-18127dd39aa0@group-3636C80E75D6->763d52db-3808-40b7-9749-d7ff45e81d9a-AppendLogResponseHandler: Failed appendEntries: org.apache.ratis.thirdparty.io.grpc.StatusRuntimeException: UNAVAILABLE: io exception
2019-09-12 13:48:41,839 [grpc-default-executor-3] INFO  impl.FollowerInfo (FollowerInfo.java:lambda$new$0(51)) - 92e4cfa5-488b-4a46-94d1-80a7c527ff9a@group-FF9390A4C18C->6ac4bcf8-6973-4d27-bc88-57130dead3af: nextIndex: updateUnconditionally 16 -> 15
2019-09-12 13:48:41,840 [grpc-default-executor-6] INFO  impl.FollowerInfo (FollowerInfo.java:lambda$new$0(51)) - 57ae412b-1391-4b0c-ad94-18127dd39aa0@group-3636C80E75D6->763d52db-3808-40b7-9749-d7ff45e81d9a: nextIndex: updateUnconditionally 2 -> 1
2019-09-12 13:48:41,938 [grpc-default-executor-7] WARN  server.GrpcLogAppender (LogUtils.java:warn(134)) - 57ae412b-1391-4b0c-ad94-18127dd39aa0@group-3636C80E75D6->05e06da0-1d3a-4481-ab96-f6b3bccd14af-AppendLogResponseHandler: Failed appendEntries: org.apache.ratis.thirdparty.io.grpc.StatusRuntimeException: UNAVAILABLE: io exception
2019-09-12 13:48:41,938 [grpc-default-executor-7] INFO  impl.FollowerInfo (FollowerInfo.java:lambda$new$0(51)) - 57ae412b-1391-4b0c-ad94-18127dd39aa0@group-3636C80E75D6->05e06da0-1d3a-4481-ab96-f6b3bccd14af: nextIndex: updateUnconditionally 9 -> 8
2019-09-12 13:48:42,322 [grpc-default-executor-3] WARN  server.GrpcLogAppender (LogUtils.java:warn(134)) - 92e4cfa5-488b-4a46-94d1-80a7c527ff9a@group-FF9390A4C18C->3ef341d8-3296-48d4-9b49-005c11ca2b71-AppendLogResponseHandler: Failed appendEntries: org.apache.ratis.thirdparty.io.grpc.StatusRuntimeException: UNAVAILABLE: io exception
2019-09-12 13:48:42,322 [grpc-default-executor-3] INFO  impl.FollowerInfo (FollowerInfo.java:lambda$new$0(51)) - 92e4cfa5-488b-4a46-94d1-80a7c527ff9a@group-FF9390A4C18C->3ef341d8-3296-48d4-9b49-005c11ca2b71: nextIndex: updateUnconditionally 26 -> 25
2019-09-12 13:48:42,340 [grpc-default-executor-6] WARN  server.GrpcLogAppender (LogUtils.java:warn(134)) - 92e4cfa5-488b-4a46-94d1-80a7c527ff9a@group-FF9390A4C18C->6ac4bcf8-6973-4d27-bc88-57130dead3af-AppendLogResponseHandler: Failed appendEntries: org.apache.ratis.thirdparty.io.grpc.StatusRuntimeException: UNAVAILABLE: io exception
2019-09-12 13:48:42,340 [grpc-default-executor-2] WARN  server.GrpcLogAppender (LogUtils.java:warn(134)) - 57ae412b-1391-4b0c-ad94-18127dd39aa0@group-3636C80E75D6->763d52db-3808-40b7-9749-d7ff45e81d9a-AppendLogResponseHandler: Failed appendEntries: org.apache.ratis.thirdparty.io.grpc.StatusRuntimeException: UNAVAILABLE: io exception
2019-09-12 13:48:42,340 [grpc-default-executor-6] INFO  impl.FollowerInfo (FollowerInfo.java:lambda$new$0(51)) - 92e4cfa5-488b-4a46-94d1-80a7c527ff9a@group-FF9390A4C18C->6ac4bcf8-6973-4d27-bc88-57130dead3af: nextIndex: updateUnconditionally 15 -> 14
2019-09-12 13:48:42,340 [grpc-default-executor-2] INFO  impl.FollowerInfo (FollowerInfo.java:lambda$new$0(51)) - 57ae412b-1391-4b0c-ad94-18127dd39aa0@group-3636C80E75D6->763d52db-3808-40b7-9749-d7ff45e81d9a: nextIndex: updateUnconditionally 1 -> 0
2019-09-12 13:48:42,440 [grpc-default-executor-2] WARN  server.GrpcLogAppender (LogUtils.java:warn(134)) - 57ae412b-1391-4b0c-ad94-18127dd39aa0@group-3636C80E75D6->05e06da0-1d3a-4481-ab96-f6b3bccd14af-AppendLogResponseHandler: Failed appendEntries: org.apache.ratis.thirdparty.io.grpc.StatusRuntimeException: UNAVAILABLE: io exception
2019-09-12 13:48:42,440 [grpc-default-executor-2] INFO  impl.FollowerInfo (FollowerInfo.java:lambda$new$0(51)) - 57ae412b-1391-4b0c-ad94-18127dd39aa0@group-3636C80E75D6->05e06da0-1d3a-4481-ab96-f6b3bccd14af: nextIndex: updateUnconditionally 8 -> 7
2019-09-12 13:48:42,825 [grpc-default-executor-2] WARN  server.GrpcLogAppender (LogUtils.java:warn(134)) - 92e4cfa5-488b-4a46-94d1-80a7c527ff9a@group-FF9390A4C18C->3ef341d8-3296-48d4-9b49-005c11ca2b71-AppendLogResponseHandler: Failed appendEntries: org.apache.ratis.thirdparty.io.grpc.StatusRuntimeException: UNAVAILABLE: io exception
2019-09-12 13:48:42,825 [grpc-default-executor-2] INFO  impl.FollowerInfo (FollowerInfo.java:lambda$new$0(51)) - 92e4cfa5-488b-4a46-94d1-80a7c527ff9a@group-FF9390A4C18C->3ef341d8-3296-48d4-9b49-005c11ca2b71: nextIndex: updateUnconditionally 25 -> 24
2019-09-12 13:48:42,841 [grpc-default-executor-7] WARN  server.GrpcLogAppender (LogUtils.java:warn(134)) - 92e4cfa5-488b-4a46-94d1-80a7c527ff9a@group-FF9390A4C18C->6ac4bcf8-6973-4d27-bc88-57130dead3af-AppendLogResponseHandler: Failed appendEntries: org.apache.ratis.thirdparty.io.grpc.StatusRuntimeException: UNAVAILABLE: io exception
2019-09-12 13:48:42,841 [grpc-default-executor-3] WARN  server.GrpcLogAppender (LogUtils.java:warn(134)) - 57ae412b-1391-4b0c-ad94-18127dd39aa0@group-3636C80E75D6->763d52db-3808-40b7-9749-d7ff45e81d9a-AppendLogResponseHandler: Failed appendEntries: org.apache.ratis.thirdparty.io.grpc.StatusRuntimeException: UNAVAILABLE: io exception
2019-09-12 13:48:42,841 [grpc-default-executor-7] INFO  impl.FollowerInfo (FollowerInfo.java:lambda$new$0(51)) - 92e4cfa5-488b-4a46-94d1-80a7c527ff9a@group-FF9390A4C18C->6ac4bcf8-6973-4d27-bc88-57130dead3af: nextIndex: updateUnconditionally 14 -> 13
2019-09-12 13:48:42,841 [grpc-default-executor-3] INFO  impl.FollowerInfo (FollowerInfo.java:lambda$new$0(51)) - 57ae412b-1391-4b0c-ad94-18127dd39aa0@group-3636C80E75D6->763d52db-3808-40b7-9749-d7ff45e81d9a: nextIndex: updateUnconditionally 0 -> 0
2019-09-12 13:48:42,940 [grpc-default-executor-2] WARN  server.GrpcLogAppender (LogUtils.java:warn(134)) - 57ae412b-1391-4b0c-ad94-18127dd39aa0@group-3636C80E75D6->05e06da0-1d3a-4481-ab96-f6b3bccd14af-AppendLogResponseHandler: Failed appendEntries: org.apache.ratis.thirdparty.io.grpc.StatusRuntimeException: UNAVAILABLE: io exception
2019-09-12 13:48:42,941 [grpc-default-executor-2] INFO  impl.FollowerInfo (FollowerInfo.java:lambda$new$0(51)) - 57ae412b-1391-4b0c-ad94-18127dd39aa0@group-3636C80E75D6->05e06da0-1d3a-4481-ab96-f6b3bccd14af: nextIndex: updateUnconditionally 7 -> 6
2019-09-12 13:48:43,325 [grpc-default-executor-2] WARN  server.GrpcLogAppender (LogUtils.java:warn(134)) - 92e4cfa5-488b-4a46-94d1-80a7c527ff9a@group-FF9390A4C18C->3ef341d8-3296-48d4-9b49-005c11ca2b71-AppendLogResponseHandler: Failed appendEntries: org.apache.ratis.thirdparty.io.grpc.StatusRuntimeException: UNAVAILABLE: io exception
2019-09-12 13:48:43,325 [grpc-default-executor-2] INFO  impl.FollowerInfo (FollowerInfo.java:lambda$new$0(51)) - 92e4cfa5-488b-4a46-94d1-80a7c527ff9a@group-FF9390A4C18C->3ef341d8-3296-48d4-9b49-005c11ca2b71: nextIndex: updateUnconditionally 24 -> 23
2019-09-12 13:48:43,342 [grpc-default-executor-2] WARN  server.GrpcLogAppender (LogUtils.java:warn(134)) - 57ae412b-1391-4b0c-ad94-18127dd39aa0@group-3636C80E75D6->763d52db-3808-40b7-9749-d7ff45e81d9a-AppendLogResponseHandler: Failed appendEntries: org.apache.ratis.thirdparty.io.grpc.StatusRuntimeException: UNAVAILABLE: io exception
2019-09-12 13:48:43,342 [grpc-default-executor-7] WARN  server.GrpcLogAppender (LogUtils.java:warn(134)) - 92e4cfa5-488b-4a46-94d1-80a7c527ff9a@group-FF9390A4C18C->6ac4bcf8-6973-4d27-bc88-57130dead3af-AppendLogResponseHandler: Failed appendEntries: org.apache.ratis.thirdparty.io.grpc.StatusRuntimeException: UNAVAILABLE: io exception
2019-09-12 13:48:43,342 [grpc-default-executor-2] INFO  impl.FollowerInfo (FollowerInfo.java:lambda$new$0(51)) - 57ae412b-1391-4b0c-ad94-18127dd39aa0@group-3636C80E75D6->763d52db-3808-40b7-9749-d7ff45e81d9a: nextIndex: updateUnconditionally 0 -> 0
2019-09-12 13:48:43,342 [grpc-default-executor-7] INFO  impl.FollowerInfo (FollowerInfo.java:lambda$new$0(51)) - 92e4cfa5-488b-4a46-94d1-80a7c527ff9a@group-FF9390A4C18C->6ac4bcf8-6973-4d27-bc88-57130dead3af: nextIndex: updateUnconditionally 13 -> 12
2019-09-12 13:48:43,441 [grpc-default-executor-3] WARN  server.GrpcLogAppender (LogUtils.java:warn(134)) - 57ae412b-1391-4b0c-ad94-18127dd39aa0@group-3636C80E75D6->05e06da0-1d3a-4481-ab96-f6b3bccd14af-AppendLogResponseHandler: Failed appendEntries: org.apache.ratis.thirdparty.io.grpc.StatusRuntimeException: UNAVAILABLE: io exception
2019-09-12 13:48:43,441 [grpc-default-executor-3] INFO  impl.FollowerInfo (FollowerInfo.java:lambda$new$0(51)) - 57ae412b-1391-4b0c-ad94-18127dd39aa0@group-3636C80E75D6->05e06da0-1d3a-4481-ab96-f6b3bccd14af: nextIndex: updateUnconditionally 6 -> 5
2019-09-12 13:48:43,461 [main] INFO  ozoneimpl.OzoneContainer (OzoneContainer.java:stop(231)) - Attempting to stop container services.
2019-09-12 13:48:43,461 [ForkJoinPool.commonPool-worker-1] INFO  ozoneimpl.OzoneContainer (OzoneContainer.java:stop(231)) - Attempting to stop container services.
2019-09-12 13:48:43,462 [main] INFO  impl.RaftServerProxy (RaftServerProxy.java:lambda$close$4(314)) - 48cce45d-95d9-4826-8e27-c253c7fb318f: close
2019-09-12 13:48:43,463 [ForkJoinPool.commonPool-worker-1] INFO  impl.RaftServerProxy (RaftServerProxy.java:lambda$close$4(314)) - 92e4cfa5-488b-4a46-94d1-80a7c527ff9a: close
2019-09-12 13:48:43,463 [main] INFO  impl.RaftServerImpl (RaftServerImpl.java:lambda$shutdown$3(251)) - 48cce45d-95d9-4826-8e27-c253c7fb318f@group-E77E49095420: shutdown
2019-09-12 13:48:43,463 [ForkJoinPool.commonPool-worker-1] INFO  impl.RaftServerImpl (RaftServerImpl.java:lambda$shutdown$3(251)) - 92e4cfa5-488b-4a46-94d1-80a7c527ff9a@group-14D7F06F4C94: shutdown
2019-09-12 13:48:43,464 [main] INFO  util.JmxRegister (JmxRegister.java:unregister(73)) - Successfully un-registered JMX Bean with object name Ratis:service=RaftServer,group=group-E77E49095420,id=48cce45d-95d9-4826-8e27-c253c7fb318f
2019-09-12 13:48:43,464 [ForkJoinPool.commonPool-worker-1] INFO  util.JmxRegister (JmxRegister.java:unregister(73)) - Successfully un-registered JMX Bean with object name Ratis:service=RaftServer,group=group-14D7F06F4C94,id=92e4cfa5-488b-4a46-94d1-80a7c527ff9a
2019-09-12 13:48:43,464 [main] INFO  impl.RoleInfo (RoleInfo.java:shutdownLeaderState(104)) - 48cce45d-95d9-4826-8e27-c253c7fb318f: shutdown LeaderState
2019-09-12 13:48:43,465 [ForkJoinPool.commonPool-worker-1] INFO  impl.RoleInfo (RoleInfo.java:shutdownLeaderState(104)) - 92e4cfa5-488b-4a46-94d1-80a7c527ff9a: shutdown LeaderState
2019-09-12 13:48:43,465 [main] INFO  impl.PendingRequests (PendingRequests.java:sendNotLeaderResponses(202)) - 48cce45d-95d9-4826-8e27-c253c7fb318f-PendingRequests: sendNotLeaderResponses
2019-09-12 13:48:43,465 [ForkJoinPool.commonPool-worker-1] INFO  impl.PendingRequests (PendingRequests.java:sendNotLeaderResponses(202)) - 92e4cfa5-488b-4a46-94d1-80a7c527ff9a-PendingRequests: sendNotLeaderResponses
2019-09-12 13:48:43,466 [main] INFO  impl.StateMachineUpdater (StateMachineUpdater.java:stopAndJoin(125)) - 48cce45d-95d9-4826-8e27-c253c7fb318f@group-E77E49095420-StateMachineUpdater: set stopIndex = 0
2019-09-12 13:48:43,466 [ForkJoinPool.commonPool-worker-1] INFO  impl.StateMachineUpdater (StateMachineUpdater.java:stopAndJoin(125)) - 92e4cfa5-488b-4a46-94d1-80a7c527ff9a@group-14D7F06F4C94-StateMachineUpdater: set stopIndex = 0
2019-09-12 13:48:43,467 [main] INFO  impl.RaftServerImpl (ServerState.java:close(385)) - 48cce45d-95d9-4826-8e27-c253c7fb318f@group-E77E49095420: closes. applyIndex: 0
2019-09-12 13:48:43,467 [ForkJoinPool.commonPool-worker-1] INFO  impl.RaftServerImpl (ServerState.java:close(385)) - 92e4cfa5-488b-4a46-94d1-80a7c527ff9a@group-14D7F06F4C94: closes. applyIndex: 0
2019-09-12 13:48:43,468 [48cce45d-95d9-4826-8e27-c253c7fb318f@group-E77E49095420-SegmentedRaftLogWorker] INFO  segmented.SegmentedRaftLogWorker (SegmentedRaftLogWorker.java:run(313)) - 48cce45d-95d9-4826-8e27-c253c7fb318f@group-E77E49095420-SegmentedRaftLogWorker was interrupted, exiting. There are 0 tasks remaining in the queue.
2019-09-12 13:48:43,468 [92e4cfa5-488b-4a46-94d1-80a7c527ff9a@group-14D7F06F4C94-SegmentedRaftLogWorker] INFO  segmented.SegmentedRaftLogWorker (SegmentedRaftLogWorker.java:run(313)) - 92e4cfa5-488b-4a46-94d1-80a7c527ff9a@group-14D7F06F4C94-SegmentedRaftLogWorker was interrupted, exiting. There are 0 tasks remaining in the queue.
2019-09-12 13:48:43,469 [main] INFO  segmented.SegmentedRaftLogWorker (SegmentedRaftLogWorker.java:close(228)) - 48cce45d-95d9-4826-8e27-c253c7fb318f@group-E77E49095420-SegmentedRaftLogWorker close()
2019-09-12 13:48:43,469 [ForkJoinPool.commonPool-worker-1] INFO  segmented.SegmentedRaftLogWorker (SegmentedRaftLogWorker.java:close(228)) - 92e4cfa5-488b-4a46-94d1-80a7c527ff9a@group-14D7F06F4C94-SegmentedRaftLogWorker close()
2019-09-12 13:48:43,473 [main] INFO  server.GrpcService (GrpcService.java:closeImpl(164)) - 48cce45d-95d9-4826-8e27-c253c7fb318f: shutdown server with port 45076 now
2019-09-12 13:48:43,474 [ForkJoinPool.commonPool-worker-1] INFO  impl.RaftServerImpl (RaftServerImpl.java:lambda$shutdown$3(251)) - 92e4cfa5-488b-4a46-94d1-80a7c527ff9a@group-FF9390A4C18C: shutdown
2019-09-12 13:48:43,475 [ForkJoinPool.commonPool-worker-1] INFO  util.JmxRegister (JmxRegister.java:unregister(73)) - Successfully un-registered JMX Bean with object name Ratis:service=RaftServer,group=group-FF9390A4C18C,id=92e4cfa5-488b-4a46-94d1-80a7c527ff9a
2019-09-12 13:48:43,476 [main] INFO  server.GrpcService (GrpcService.java:closeImpl(172)) - 48cce45d-95d9-4826-8e27-c253c7fb318f: shutdown server with port 45076 successfully
2019-09-12 13:48:43,476 [ForkJoinPool.commonPool-worker-1] INFO  impl.RoleInfo (RoleInfo.java:shutdownLeaderState(104)) - 92e4cfa5-488b-4a46-94d1-80a7c527ff9a: shutdown LeaderState
2019-09-12 13:48:43,480 [ForkJoinPool.commonPool-worker-1] INFO  impl.PendingRequests (PendingRequests.java:sendNotLeaderResponses(202)) - 92e4cfa5-488b-4a46-94d1-80a7c527ff9a-PendingRequests: sendNotLeaderResponses
2019-09-12 13:48:43,480 [org.apache.ratis.server.impl.LogAppender$AppenderDaemon$$Lambda$548/456968514@86f52db] WARN  server.GrpcLogAppender (GrpcLogAppender.java:mayWait(143)) - 92e4cfa5-488b-4a46-94d1-80a7c527ff9a@group-FF9390A4C18C->3ef341d8-3296-48d4-9b49-005c11ca2b71-GrpcLogAppender: Wait interrupted by java.lang.InterruptedException
2019-09-12 13:48:43,481 [org.apache.ratis.server.impl.LogAppender$AppenderDaemon$$Lambda$548/456968514@73483830] WARN  server.GrpcLogAppender (GrpcLogAppender.java:mayWait(143)) - 92e4cfa5-488b-4a46-94d1-80a7c527ff9a@group-FF9390A4C18C->6ac4bcf8-6973-4d27-bc88-57130dead3af-GrpcLogAppender: Wait interrupted by java.lang.InterruptedException
2019-09-12 13:48:43,485 [ForkJoinPool.commonPool-worker-1] INFO  impl.StateMachineUpdater (StateMachineUpdater.java:stopAndJoin(125)) - 92e4cfa5-488b-4a46-94d1-80a7c527ff9a@group-FF9390A4C18C-StateMachineUpdater: set stopIndex = 32
2019-09-12 13:48:43,485 [refreshUsed-/workdir/hadoop-ozone/integration-test/target/test-dir/MiniOzoneClusterImpl-98ba6956-8e51-4dc7-be59-62a375280f0b/datanode-9/data/containers] WARN  fs.CachingGetSpaceUsed (CachingGetSpaceUsed.java:run(183)) - Thread Interrupted waiting to refresh disk information: sleep interrupted
2019-09-12 13:48:43,486 [92e4cfa5-488b-4a46-94d1-80a7c527ff9a@group-FF9390A4C18C-StateMachineUpdater] INFO  ratis.ContainerStateMachine (ContainerStateMachine.java:takeSnapshot(289)) - group-FF9390A4C18C: Taking a snapshot at:(t:2, i:30) file /workdir/hadoop-ozone/integration-test/target/test-dir/MiniOzoneClusterImpl-98ba6956-8e51-4dc7-be59-62a375280f0b/datanode-4/data/ratis/14334f41-af10-4df4-81be-ff9390a4c18c/sm/snapshot.2_30
2019-09-12 13:48:43,490 [92e4cfa5-488b-4a46-94d1-80a7c527ff9a@group-FF9390A4C18C-StateMachineUpdater] INFO  ratis.ContainerStateMachine (ContainerStateMachine.java:takeSnapshot(300)) - group-FF9390A4C18C: Finished taking a snapshot at:(t:2, i:30) file:/workdir/hadoop-ozone/integration-test/target/test-dir/MiniOzoneClusterImpl-98ba6956-8e51-4dc7-be59-62a375280f0b/datanode-4/data/ratis/14334f41-af10-4df4-81be-ff9390a4c18c/sm/snapshot.2_30 time:4
2019-09-12 13:48:43,490 [92e4cfa5-488b-4a46-94d1-80a7c527ff9a@group-FF9390A4C18C-StateMachineUpdater] INFO  impl.StateMachineUpdater (StateMachineUpdater.java:takeSnapshot(258)) - 92e4cfa5-488b-4a46-94d1-80a7c527ff9a@group-FF9390A4C18C-StateMachineUpdater: Took a snapshot at index 30
2019-09-12 13:48:43,490 [92e4cfa5-488b-4a46-94d1-80a7c527ff9a@group-FF9390A4C18C-StateMachineUpdater] INFO  impl.StateMachineUpdater (StateMachineUpdater.java:lambda$new$0(83)) - 92e4cfa5-488b-4a46-94d1-80a7c527ff9a@group-FF9390A4C18C-StateMachineUpdater: snapshotIndex: updateIncreasingly -1 -> 30
2019-09-12 13:48:43,492 [92e4cfa5-488b-4a46-94d1-80a7c527ff9a@group-FF9390A4C18C-StateMachineUpdater] INFO  ratis.ContainerStateMachine (ContainerStateMachine.java:takeSnapshot(289)) - group-FF9390A4C18C: Taking a snapshot at:(t:2, i:30) file /workdir/hadoop-ozone/integration-test/target/test-dir/MiniOzoneClusterImpl-98ba6956-8e51-4dc7-be59-62a375280f0b/datanode-4/data/ratis/14334f41-af10-4df4-81be-ff9390a4c18c/sm/snapshot.2_30
2019-09-12 13:48:43,495 [92e4cfa5-488b-4a46-94d1-80a7c527ff9a@group-FF9390A4C18C-StateMachineUpdater] INFO  ratis.ContainerStateMachine (ContainerStateMachine.java:takeSnapshot(300)) - group-FF9390A4C18C: Finished taking a snapshot at:(t:2, i:30) file:/workdir/hadoop-ozone/integration-test/target/test-dir/MiniOzoneClusterImpl-98ba6956-8e51-4dc7-be59-62a375280f0b/datanode-4/data/ratis/14334f41-af10-4df4-81be-ff9390a4c18c/sm/snapshot.2_30 time:4
2019-09-12 13:48:43,496 [92e4cfa5-488b-4a46-94d1-80a7c527ff9a@group-FF9390A4C18C-StateMachineUpdater] INFO  impl.StateMachineUpdater (StateMachineUpdater.java:takeSnapshot(258)) - 92e4cfa5-488b-4a46-94d1-80a7c527ff9a@group-FF9390A4C18C-StateMachineUpdater: Took a snapshot at index 30
2019-09-12 13:48:43,496 [92e4cfa5-488b-4a46-94d1-80a7c527ff9a@group-FF9390A4C18C-StateMachineUpdater] INFO  impl.StateMachineUpdater (StateMachineUpdater.java:lambda$new$0(83)) - 92e4cfa5-488b-4a46-94d1-80a7c527ff9a@group-FF9390A4C18C-StateMachineUpdater: snapshotIndex: updateIncreasingly 30 -> 30
2019-09-12 13:48:43,496 [ForkJoinPool.commonPool-worker-1] INFO  impl.RaftServerImpl (ServerState.java:close(385)) - 92e4cfa5-488b-4a46-94d1-80a7c527ff9a@group-FF9390A4C18C: closes. applyIndex: 32
2019-09-12 13:48:43,498 [92e4cfa5-488b-4a46-94d1-80a7c527ff9a@group-FF9390A4C18C-SegmentedRaftLogWorker] ERROR ratis.XceiverServerRatis (XceiverServerRatis.java:triggerPipelineClose(568)) - pipeline Action CLOSE  on pipeline PipelineID=14334f41-af10-4df4-81be-ff9390a4c18c.Reason : WriteLog:33: (t:2, i:33), STATEMACHINELOGENTRY, client-06A0480B634B, cid=66-writeStateMachineData interrupted.
2019-09-12 13:48:43,499 [ForkJoinPool.commonPool-worker-1] INFO  segmented.SegmentedRaftLogWorker (SegmentedRaftLogWorker.java:close(228)) - 92e4cfa5-488b-4a46-94d1-80a7c527ff9a@group-FF9390A4C18C-SegmentedRaftLogWorker close()
2019-09-12 13:48:43,500 [ForkJoinPool.commonPool-worker-1] INFO  server.GrpcService (GrpcService.java:closeImpl(164)) - 92e4cfa5-488b-4a46-94d1-80a7c527ff9a: shutdown server with port 36780 now
2019-09-12 13:48:43,501 [ForkJoinPool.commonPool-worker-1] INFO  server.GrpcService (GrpcService.java:closeImpl(172)) - 92e4cfa5-488b-4a46-94d1-80a7c527ff9a: shutdown server with port 36780 successfully
2019-09-12 13:48:43,504 [refreshUsed-/workdir/hadoop-ozone/integration-test/target/test-dir/MiniOzoneClusterImpl-98ba6956-8e51-4dc7-be59-62a375280f0b/datanode-4/data/containers] WARN  fs.CachingGetSpaceUsed (CachingGetSpaceUsed.java:run(183)) - Thread Interrupted waiting to refresh disk information: sleep interrupted
2019-09-12 13:48:43,522 [ForkJoinPool.commonPool-worker-1] INFO  utils.BackgroundService (BackgroundService.java:shutdown(148)) - Shutting down service BlockDeletingService
2019-09-12 13:48:43,522 [main] INFO  utils.BackgroundService (BackgroundService.java:shutdown(148)) - Shutting down service BlockDeletingService
2019-09-12 13:48:43,526 [ForkJoinPool.commonPool-worker-1] INFO  statemachine.DatanodeStateMachine (DatanodeStateMachine.java:stopDaemon(395)) - Ozone container server stopped.
2019-09-12 13:48:43,528 [main] INFO  statemachine.DatanodeStateMachine (DatanodeStateMachine.java:stopDaemon(395)) - Ozone container server stopped.
2019-09-12 13:48:43,532 [ForkJoinPool.commonPool-worker-1] INFO  handler.ContextHandler (ContextHandler.java:doStop(910)) - Stopped o.e.j.w.WebAppContext@a5272be{/,null,UNAVAILABLE}{/hddsDatanode}
2019-09-12 13:48:43,533 [main] INFO  handler.ContextHandler (ContextHandler.java:doStop(910)) - Stopped o.e.j.w.WebAppContext@26bbe604{/,null,UNAVAILABLE}{/hddsDatanode}
2019-09-12 13:48:43,533 [ForkJoinPool.commonPool-worker-1] INFO  server.AbstractConnector (AbstractConnector.java:doStop(318)) - Stopped ServerConnector@58ba5b30{HTTP/1.1,[http/1.1]}{0.0.0.0:0}
2019-09-12 13:48:43,534 [ForkJoinPool.commonPool-worker-1] INFO  handler.ContextHandler (ContextHandler.java:doStop(910)) - Stopped o.e.j.s.ServletContextHandler@22eaa86e{/static,jar:file:/home/user/.m2/repository/org/apache/hadoop/hadoop-hdds-container-service/0.5.0-SNAPSHOT/hadoop-hdds-container-service-0.5.0-SNAPSHOT.jar!/webapps/static,UNAVAILABLE}
2019-09-12 13:48:43,535 [main] INFO  server.AbstractConnector (AbstractConnector.java:doStop(318)) - Stopped ServerConnector@fe34b86{HTTP/1.1,[http/1.1]}{0.0.0.0:0}
2019-09-12 13:48:43,535 [ForkJoinPool.commonPool-worker-1] INFO  handler.ContextHandler (ContextHandler.java:doStop(910)) - Stopped o.e.j.s.ServletContextHandler@333c8791{/logs,file:///workdir/hadoop-ozone/integration-test/target/log,UNAVAILABLE}
2019-09-12 13:48:43,536 [main] INFO  handler.ContextHandler (ContextHandler.java:doStop(910)) - Stopped o.e.j.s.ServletContextHandler@136965e3{/static,jar:file:/home/user/.m2/repository/org/apache/hadoop/hadoop-hdds-container-service/0.5.0-SNAPSHOT/hadoop-hdds-container-service-0.5.0-SNAPSHOT.jar!/webapps/static,UNAVAILABLE}
2019-09-12 13:48:43,537 [main] INFO  handler.ContextHandler (ContextHandler.java:doStop(910)) - Stopped o.e.j.s.ServletContextHandler@5578be42{/logs,file:///workdir/hadoop-ozone/integration-test/target/log,UNAVAILABLE}
2019-09-12 13:48:43,593 [Datanode State Machine Thread - 0] INFO  statemachine.DatanodeStateMachine (DatanodeStateMachine.java:lambda$startDaemon$0(350)) - Ozone container server started.
2019-09-12 13:48:43,843 [grpc-default-executor-3] WARN  server.GrpcLogAppender (LogUtils.java:warn(134)) - 57ae412b-1391-4b0c-ad94-18127dd39aa0@group-3636C80E75D6->763d52db-3808-40b7-9749-d7ff45e81d9a-AppendLogResponseHandler: Failed appendEntries: org.apache.ratis.thirdparty.io.grpc.StatusRuntimeException: UNAVAILABLE: io exception
2019-09-12 13:48:43,843 [grpc-default-executor-3] INFO  impl.FollowerInfo (FollowerInfo.java:lambda$new$0(51)) - 57ae412b-1391-4b0c-ad94-18127dd39aa0@group-3636C80E75D6->763d52db-3808-40b7-9749-d7ff45e81d9a: nextIndex: updateUnconditionally 0 -> 0
2019-09-12 13:48:43,941 [grpc-default-executor-3] WARN  server.GrpcLogAppender (LogUtils.java:warn(134)) - 57ae412b-1391-4b0c-ad94-18127dd39aa0@group-3636C80E75D6->05e06da0-1d3a-4481-ab96-f6b3bccd14af-AppendLogResponseHandler: Failed appendEntries: org.apache.ratis.thirdparty.io.grpc.StatusRuntimeException: UNAVAILABLE: io exception
2019-09-12 13:48:43,942 [grpc-default-executor-3] INFO  impl.FollowerInfo (FollowerInfo.java:lambda$new$0(51)) - 57ae412b-1391-4b0c-ad94-18127dd39aa0@group-3636C80E75D6->05e06da0-1d3a-4481-ab96-f6b3bccd14af: nextIndex: updateUnconditionally 5 -> 4
2019-09-12 13:48:43,993 [Datanode State Machine Thread - 0] INFO  statemachine.DatanodeStateMachine (DatanodeStateMachine.java:lambda$startDaemon$0(350)) - Ozone container server started.
2019-09-12 13:48:44,344 [grpc-default-executor-2] WARN  server.GrpcLogAppender (LogUtils.java:warn(134)) - 57ae412b-1391-4b0c-ad94-18127dd39aa0@group-3636C80E75D6->763d52db-3808-40b7-9749-d7ff45e81d9a-AppendLogResponseHandler: Failed appendEntries: org.apache.ratis.thirdparty.io.grpc.StatusRuntimeException: UNAVAILABLE: io exception
2019-09-12 13:48:44,345 [grpc-default-executor-2] INFO  impl.FollowerInfo (FollowerInfo.java:lambda$new$0(51)) - 57ae412b-1391-4b0c-ad94-18127dd39aa0@group-3636C80E75D6->763d52db-3808-40b7-9749-d7ff45e81d9a: nextIndex: updateUnconditionally 0 -> 0
2019-09-12 13:48:44,442 [grpc-default-executor-3] WARN  server.GrpcLogAppender (LogUtils.java:warn(134)) - 57ae412b-1391-4b0c-ad94-18127dd39aa0@group-3636C80E75D6->05e06da0-1d3a-4481-ab96-f6b3bccd14af-AppendLogResponseHandler: Failed appendEntries: org.apache.ratis.thirdparty.io.grpc.StatusRuntimeException: UNAVAILABLE: io exception
2019-09-12 13:48:44,443 [grpc-default-executor-3] INFO  impl.FollowerInfo (FollowerInfo.java:lambda$new$0(51)) - 57ae412b-1391-4b0c-ad94-18127dd39aa0@group-3636C80E75D6->05e06da0-1d3a-4481-ab96-f6b3bccd14af: nextIndex: updateUnconditionally 4 -> 3
2019-09-12 13:48:44,845 [grpc-default-executor-7] WARN  server.GrpcLogAppender (LogUtils.java:warn(134)) - 57ae412b-1391-4b0c-ad94-18127dd39aa0@group-3636C80E75D6->763d52db-3808-40b7-9749-d7ff45e81d9a-AppendLogResponseHandler: Failed appendEntries: org.apache.ratis.thirdparty.io.grpc.StatusRuntimeException: UNAVAILABLE: io exception
2019-09-12 13:48:44,845 [grpc-default-executor-7] INFO  impl.FollowerInfo (FollowerInfo.java:lambda$new$0(51)) - 57ae412b-1391-4b0c-ad94-18127dd39aa0@group-3636C80E75D6->763d52db-3808-40b7-9749-d7ff45e81d9a: nextIndex: updateUnconditionally 0 -> 0
2019-09-12 13:48:44,943 [grpc-default-executor-2] WARN  server.GrpcLogAppender (LogUtils.java:warn(134)) - 57ae412b-1391-4b0c-ad94-18127dd39aa0@group-3636C80E75D6->05e06da0-1d3a-4481-ab96-f6b3bccd14af-AppendLogResponseHandler: Failed appendEntries: org.apache.ratis.thirdparty.io.grpc.StatusRuntimeException: UNAVAILABLE: io exception
2019-09-12 13:48:44,944 [grpc-default-executor-2] INFO  impl.FollowerInfo (FollowerInfo.java:lambda$new$0(51)) - 57ae412b-1391-4b0c-ad94-18127dd39aa0@group-3636C80E75D6->05e06da0-1d3a-4481-ab96-f6b3bccd14af: nextIndex: updateUnconditionally 3 -> 2
2019-09-12 13:48:45,346 [grpc-default-executor-3] WARN  server.GrpcLogAppender (LogUtils.java:warn(134)) - 57ae412b-1391-4b0c-ad94-18127dd39aa0@group-3636C80E75D6->763d52db-3808-40b7-9749-d7ff45e81d9a-AppendLogResponseHandler: Failed appendEntries: org.apache.ratis.thirdparty.io.grpc.StatusRuntimeException: UNAVAILABLE: io exception
2019-09-12 13:48:45,347 [grpc-default-executor-3] INFO  impl.FollowerInfo (FollowerInfo.java:lambda$new$0(51)) - 57ae412b-1391-4b0c-ad94-18127dd39aa0@group-3636C80E75D6->763d52db-3808-40b7-9749-d7ff45e81d9a: nextIndex: updateUnconditionally 0 -> 0
2019-09-12 13:48:45,448 [grpc-default-executor-7] WARN  server.GrpcLogAppender (LogUtils.java:warn(134)) - 57ae412b-1391-4b0c-ad94-18127dd39aa0@group-3636C80E75D6->05e06da0-1d3a-4481-ab96-f6b3bccd14af-AppendLogResponseHandler: Failed appendEntries: org.apache.ratis.thirdparty.io.grpc.StatusRuntimeException: UNAVAILABLE: io exception
2019-09-12 13:48:45,449 [grpc-default-executor-7] INFO  impl.FollowerInfo (FollowerInfo.java:lambda$new$0(51)) - 57ae412b-1391-4b0c-ad94-18127dd39aa0@group-3636C80E75D6->05e06da0-1d3a-4481-ab96-f6b3bccd14af: nextIndex: updateUnconditionally 2 -> 1
2019-09-12 13:48:45,851 [grpc-default-executor-2] WARN  server.GrpcLogAppender (LogUtils.java:warn(134)) - 57ae412b-1391-4b0c-ad94-18127dd39aa0@group-3636C80E75D6->763d52db-3808-40b7-9749-d7ff45e81d9a-AppendLogResponseHandler: Failed appendEntries: org.apache.ratis.thirdparty.io.grpc.StatusRuntimeException: UNAVAILABLE: io exception
2019-09-12 13:48:45,852 [grpc-default-executor-2] INFO  impl.FollowerInfo (FollowerInfo.java:lambda$new$0(51)) - 57ae412b-1391-4b0c-ad94-18127dd39aa0@group-3636C80E75D6->763d52db-3808-40b7-9749-d7ff45e81d9a: nextIndex: updateUnconditionally 0 -> 0
2019-09-12 13:48:45,882 [57ae412b-1391-4b0c-ad94-18127dd39aa0@group-3636C80E75D6-SegmentedRaftLogWorker] WARN  segmented.SegmentedRaftLogWorker (SegmentedRaftLogWorker.java:getFromFuture(90)) - Timeout 5/~
org.apache.ratis.protocol.TimeoutIOException: Timeout 10s: WriteLog:16: (t:2, i:16), STATEMACHINELOGENTRY, client-DC9C3C53DAD2, cid=53-writeStateMachineData
	at org.apache.ratis.util.IOUtils.getFromFuture(IOUtils.java:87)
	at org.apache.ratis.server.raftlog.segmented.SegmentedRaftLogWorker$StateMachineDataPolicy.getFromFuture(SegmentedRaftLogWorker.java:87)
	at org.apache.ratis.server.raftlog.segmented.SegmentedRaftLogWorker$WriteLog.execute(SegmentedRaftLogWorker.java:477)
	at org.apache.ratis.server.raftlog.segmented.SegmentedRaftLogWorker.run(SegmentedRaftLogWorker.java:289)
	at java.lang.Thread.run(Thread.java:748)
Caused by: java.util.concurrent.TimeoutException
	at java.util.concurrent.CompletableFuture.timedGet(CompletableFuture.java:1771)
	at java.util.concurrent.CompletableFuture.get(CompletableFuture.java:1915)
	at org.apache.ratis.util.IOUtils.getFromFuture(IOUtils.java:79)
	... 4 more
2019-09-12 13:48:45,944 [grpc-default-executor-3] WARN  server.GrpcLogAppender (LogUtils.java:warn(134)) - 57ae412b-1391-4b0c-ad94-18127dd39aa0@group-3636C80E75D6->05e06da0-1d3a-4481-ab96-f6b3bccd14af-AppendLogResponseHandler: Failed appendEntries: org.apache.ratis.thirdparty.io.grpc.StatusRuntimeException: UNAVAILABLE: io exception
2019-09-12 13:48:45,945 [grpc-default-executor-3] INFO  impl.FollowerInfo (FollowerInfo.java:lambda$new$0(51)) - 57ae412b-1391-4b0c-ad94-18127dd39aa0@group-3636C80E75D6->05e06da0-1d3a-4481-ab96-f6b3bccd14af: nextIndex: updateUnconditionally 1 -> 0
2019-09-12 13:48:46,350 [grpc-default-executor-7] WARN  server.GrpcLogAppender (LogUtils.java:warn(134)) - 57ae412b-1391-4b0c-ad94-18127dd39aa0@group-3636C80E75D6->763d52db-3808-40b7-9749-d7ff45e81d9a-AppendLogResponseHandler: Failed appendEntries: org.apache.ratis.thirdparty.io.grpc.StatusRuntimeException: UNAVAILABLE: io exception
2019-09-12 13:48:46,350 [grpc-default-executor-7] INFO  impl.FollowerInfo (FollowerInfo.java:lambda$new$0(51)) - 57ae412b-1391-4b0c-ad94-18127dd39aa0@group-3636C80E75D6->763d52db-3808-40b7-9749-d7ff45e81d9a: nextIndex: updateUnconditionally 0 -> 0
2019-09-12 13:48:46,445 [grpc-default-executor-2] WARN  server.GrpcLogAppender (LogUtils.java:warn(134)) - 57ae412b-1391-4b0c-ad94-18127dd39aa0@group-3636C80E75D6->05e06da0-1d3a-4481-ab96-f6b3bccd14af-AppendLogResponseHandler: Failed appendEntries: org.apache.ratis.thirdparty.io.grpc.StatusRuntimeException: UNAVAILABLE: io exception
2019-09-12 13:48:46,446 [grpc-default-executor-2] INFO  impl.FollowerInfo (FollowerInfo.java:lambda$new$0(51)) - 57ae412b-1391-4b0c-ad94-18127dd39aa0@group-3636C80E75D6->05e06da0-1d3a-4481-ab96-f6b3bccd14af: nextIndex: updateUnconditionally 0 -> 0
2019-09-12 13:48:46,852 [grpc-default-executor-2] WARN  server.GrpcLogAppender (LogUtils.java:warn(134)) - 57ae412b-1391-4b0c-ad94-18127dd39aa0@group-3636C80E75D6->763d52db-3808-40b7-9749-d7ff45e81d9a-AppendLogResponseHandler: Failed appendEntries: org.apache.ratis.thirdparty.io.grpc.StatusRuntimeException: UNAVAILABLE: io exception
2019-09-12 13:48:46,853 [grpc-default-executor-2] INFO  impl.FollowerInfo (FollowerInfo.java:lambda$new$0(51)) - 57ae412b-1391-4b0c-ad94-18127dd39aa0@group-3636C80E75D6->763d52db-3808-40b7-9749-d7ff45e81d9a: nextIndex: updateUnconditionally 0 -> 0
2019-09-12 13:48:46,947 [grpc-default-executor-3] WARN  server.GrpcLogAppender (LogUtils.java:warn(134)) - 57ae412b-1391-4b0c-ad94-18127dd39aa0@group-3636C80E75D6->05e06da0-1d3a-4481-ab96-f6b3bccd14af-AppendLogResponseHandler: Failed appendEntries: org.apache.ratis.thirdparty.io.grpc.StatusRuntimeException: UNAVAILABLE: io exception
2019-09-12 13:48:46,947 [grpc-default-executor-3] INFO  impl.FollowerInfo (FollowerInfo.java:lambda$new$0(51)) - 57ae412b-1391-4b0c-ad94-18127dd39aa0@group-3636C80E75D6->05e06da0-1d3a-4481-ab96-f6b3bccd14af: nextIndex: updateUnconditionally 0 -> 0
2019-09-12 13:48:47,352 [grpc-default-executor-7] WARN  server.GrpcLogAppender (LogUtils.java:warn(134)) - 57ae412b-1391-4b0c-ad94-18127dd39aa0@group-3636C80E75D6->763d52db-3808-40b7-9749-d7ff45e81d9a-AppendLogResponseHandler: Failed appendEntries: org.apache.ratis.thirdparty.io.grpc.StatusRuntimeException: UNAVAILABLE: io exception
2019-09-12 13:48:47,353 [grpc-default-executor-7] INFO  impl.FollowerInfo (FollowerInfo.java:lambda$new$0(51)) - 57ae412b-1391-4b0c-ad94-18127dd39aa0@group-3636C80E75D6->763d52db-3808-40b7-9749-d7ff45e81d9a: nextIndex: updateUnconditionally 0 -> 0
2019-09-12 13:48:47,448 [grpc-default-executor-7] WARN  server.GrpcLogAppender (LogUtils.java:warn(134)) - 57ae412b-1391-4b0c-ad94-18127dd39aa0@group-3636C80E75D6->05e06da0-1d3a-4481-ab96-f6b3bccd14af-AppendLogResponseHandler: Failed appendEntries: org.apache.ratis.thirdparty.io.grpc.StatusRuntimeException: UNAVAILABLE: io exception
2019-09-12 13:48:47,448 [grpc-default-executor-7] INFO  impl.FollowerInfo (FollowerInfo.java:lambda$new$0(51)) - 57ae412b-1391-4b0c-ad94-18127dd39aa0@group-3636C80E75D6->05e06da0-1d3a-4481-ab96-f6b3bccd14af: nextIndex: updateUnconditionally 0 -> 0
2019-09-12 13:48:47,855 [grpc-default-executor-3] WARN  server.GrpcLogAppender (LogUtils.java:warn(134)) - 57ae412b-1391-4b0c-ad94-18127dd39aa0@group-3636C80E75D6->763d52db-3808-40b7-9749-d7ff45e81d9a-AppendLogResponseHandler: Failed appendEntries: org.apache.ratis.thirdparty.io.grpc.StatusRuntimeException: UNAVAILABLE: io exception
2019-09-12 13:48:47,855 [grpc-default-executor-3] INFO  impl.FollowerInfo (FollowerInfo.java:lambda$new$0(51)) - 57ae412b-1391-4b0c-ad94-18127dd39aa0@group-3636C80E75D6->763d52db-3808-40b7-9749-d7ff45e81d9a: nextIndex: updateUnconditionally 0 -> 0
2019-09-12 13:48:47,948 [grpc-default-executor-2] WARN  server.GrpcLogAppender (LogUtils.java:warn(134)) - 57ae412b-1391-4b0c-ad94-18127dd39aa0@group-3636C80E75D6->05e06da0-1d3a-4481-ab96-f6b3bccd14af-AppendLogResponseHandler: Failed appendEntries: org.apache.ratis.thirdparty.io.grpc.StatusRuntimeException: UNAVAILABLE: io exception
2019-09-12 13:48:47,948 [grpc-default-executor-2] INFO  impl.FollowerInfo (FollowerInfo.java:lambda$new$0(51)) - 57ae412b-1391-4b0c-ad94-18127dd39aa0@group-3636C80E75D6->05e06da0-1d3a-4481-ab96-f6b3bccd14af: nextIndex: updateUnconditionally 0 -> 0
2019-09-12 13:48:48,357 [grpc-default-executor-7] WARN  server.GrpcLogAppender (LogUtils.java:warn(134)) - 57ae412b-1391-4b0c-ad94-18127dd39aa0@group-3636C80E75D6->763d52db-3808-40b7-9749-d7ff45e81d9a-AppendLogResponseHandler: Failed appendEntries: org.apache.ratis.thirdparty.io.grpc.StatusRuntimeException: UNAVAILABLE: io exception
2019-09-12 13:48:48,358 [grpc-default-executor-7] INFO  impl.FollowerInfo (FollowerInfo.java:lambda$new$0(51)) - 57ae412b-1391-4b0c-ad94-18127dd39aa0@group-3636C80E75D6->763d52db-3808-40b7-9749-d7ff45e81d9a: nextIndex: updateUnconditionally 0 -> 0
2019-09-12 13:48:48,448 [grpc-default-executor-3] WARN  server.GrpcLogAppender (LogUtils.java:warn(134)) - 57ae412b-1391-4b0c-ad94-18127dd39aa0@group-3636C80E75D6->05e06da0-1d3a-4481-ab96-f6b3bccd14af-AppendLogResponseHandler: Failed appendEntries: org.apache.ratis.thirdparty.io.grpc.StatusRuntimeException: UNAVAILABLE: io exception
2019-09-12 13:48:48,449 [grpc-default-executor-3] INFO  impl.FollowerInfo (FollowerInfo.java:lambda$new$0(51)) - 57ae412b-1391-4b0c-ad94-18127dd39aa0@group-3636C80E75D6->05e06da0-1d3a-4481-ab96-f6b3bccd14af: nextIndex: updateUnconditionally 0 -> 0
2019-09-12 13:48:48,538 [ForkJoinPool.commonPool-worker-1] INFO  ozoneimpl.OzoneContainer (OzoneContainer.java:stop(231)) - Attempting to stop container services.
2019-09-12 13:48:48,538 [main] INFO  ozoneimpl.OzoneContainer (OzoneContainer.java:stop(231)) - Attempting to stop container services.
2019-09-12 13:48:48,539 [ForkJoinPool.commonPool-worker-1] INFO  impl.RaftServerProxy (RaftServerProxy.java:lambda$close$4(314)) - 7dd3d51f-7703-47e1-b378-11db862d4d4b: close
2019-09-12 13:48:48,540 [main] INFO  impl.RaftServerProxy (RaftServerProxy.java:lambda$close$4(314)) - 57ae412b-1391-4b0c-ad94-18127dd39aa0: close
2019-09-12 13:48:48,540 [ForkJoinPool.commonPool-worker-1] INFO  impl.RaftServerImpl (RaftServerImpl.java:lambda$shutdown$3(251)) - 7dd3d51f-7703-47e1-b378-11db862d4d4b@group-411631934A30: shutdown
2019-09-12 13:48:48,540 [main] INFO  impl.RaftServerImpl (RaftServerImpl.java:lambda$shutdown$3(251)) - 57ae412b-1391-4b0c-ad94-18127dd39aa0@group-34B63D7B0DF4: shutdown
2019-09-12 13:48:48,541 [ForkJoinPool.commonPool-worker-1] INFO  util.JmxRegister (JmxRegister.java:unregister(73)) - Successfully un-registered JMX Bean with object name Ratis:service=RaftServer,group=group-411631934A30,id=7dd3d51f-7703-47e1-b378-11db862d4d4b
2019-09-12 13:48:48,541 [main] INFO  util.JmxRegister (JmxRegister.java:unregister(73)) - Successfully un-registered JMX Bean with object name Ratis:service=RaftServer,group=group-34B63D7B0DF4,id=57ae412b-1391-4b0c-ad94-18127dd39aa0
2019-09-12 13:48:48,541 [ForkJoinPool.commonPool-worker-1] INFO  impl.RoleInfo (RoleInfo.java:shutdownFollowerState(121)) - 7dd3d51f-7703-47e1-b378-11db862d4d4b: shutdown FollowerState
2019-09-12 13:48:48,542 [main] INFO  impl.RoleInfo (RoleInfo.java:shutdownLeaderState(104)) - 57ae412b-1391-4b0c-ad94-18127dd39aa0: shutdown LeaderState
2019-09-12 13:48:48,542 [Thread-417] INFO  impl.FollowerState (FollowerState.java:run(115)) - 7dd3d51f-7703-47e1-b378-11db862d4d4b: FollowerState was interrupted: java.lang.InterruptedException: sleep interrupted
2019-09-12 13:48:48,542 [ForkJoinPool.commonPool-worker-1] INFO  impl.StateMachineUpdater (StateMachineUpdater.java:stopAndJoin(125)) - 7dd3d51f-7703-47e1-b378-11db862d4d4b@group-411631934A30-StateMachineUpdater: set stopIndex = 16
2019-09-12 13:48:48,544 [main] INFO  impl.PendingRequests (PendingRequests.java:sendNotLeaderResponses(202)) - 57ae412b-1391-4b0c-ad94-18127dd39aa0-PendingRequests: sendNotLeaderResponses
2019-09-12 13:48:48,544 [7dd3d51f-7703-47e1-b378-11db862d4d4b@group-411631934A30-StateMachineUpdater] INFO  ratis.ContainerStateMachine (ContainerStateMachine.java:takeSnapshot(289)) - group-411631934A30: Taking a snapshot at:(t:2, i:12) file /workdir/hadoop-ozone/integration-test/target/test-dir/MiniOzoneClusterImpl-98ba6956-8e51-4dc7-be59-62a375280f0b/datanode-1/data/ratis/dcf32ac8-d859-4fc8-9525-411631934a30/sm/snapshot.2_12
2019-09-12 13:48:48,545 [main] INFO  impl.StateMachineUpdater (StateMachineUpdater.java:stopAndJoin(125)) - 57ae412b-1391-4b0c-ad94-18127dd39aa0@group-34B63D7B0DF4-StateMachineUpdater: set stopIndex = 0
2019-09-12 13:48:48,545 [main] INFO  impl.RaftServerImpl (ServerState.java:close(385)) - 57ae412b-1391-4b0c-ad94-18127dd39aa0@group-34B63D7B0DF4: closes. applyIndex: 0
2019-09-12 13:48:48,546 [57ae412b-1391-4b0c-ad94-18127dd39aa0@group-34B63D7B0DF4-SegmentedRaftLogWorker] INFO  segmented.SegmentedRaftLogWorker (SegmentedRaftLogWorker.java:run(313)) - 57ae412b-1391-4b0c-ad94-18127dd39aa0@group-34B63D7B0DF4-SegmentedRaftLogWorker was interrupted, exiting. There are 0 tasks remaining in the queue.
2019-09-12 13:48:48,547 [main] INFO  segmented.SegmentedRaftLogWorker (SegmentedRaftLogWorker.java:close(228)) - 57ae412b-1391-4b0c-ad94-18127dd39aa0@group-34B63D7B0DF4-SegmentedRaftLogWorker close()
2019-09-12 13:48:48,548 [main] INFO  impl.RaftServerImpl (RaftServerImpl.java:lambda$shutdown$3(251)) - 57ae412b-1391-4b0c-ad94-18127dd39aa0@group-3636C80E75D6: shutdown
2019-09-12 13:48:48,549 [main] INFO  util.JmxRegister (JmxRegister.java:unregister(73)) - Successfully un-registered JMX Bean with object name Ratis:service=RaftServer,group=group-3636C80E75D6,id=57ae412b-1391-4b0c-ad94-18127dd39aa0
2019-09-12 13:48:48,549 [main] INFO  impl.RoleInfo (RoleInfo.java:shutdownLeaderState(104)) - 57ae412b-1391-4b0c-ad94-18127dd39aa0: shutdown LeaderState
2019-09-12 13:48:48,552 [main] INFO  impl.PendingRequests (PendingRequests.java:sendNotLeaderResponses(202)) - 57ae412b-1391-4b0c-ad94-18127dd39aa0-PendingRequests: sendNotLeaderResponses
2019-09-12 13:48:48,552 [org.apache.ratis.server.impl.LogAppender$AppenderDaemon$$Lambda$548/456968514@57e8dab] WARN  server.GrpcLogAppender (GrpcLogAppender.java:mayWait(143)) - 57ae412b-1391-4b0c-ad94-18127dd39aa0@group-3636C80E75D6->763d52db-3808-40b7-9749-d7ff45e81d9a-GrpcLogAppender: Wait interrupted by java.lang.InterruptedException
2019-09-12 13:48:48,552 [org.apache.ratis.server.impl.LogAppender$AppenderDaemon$$Lambda$548/456968514@6c166c44] WARN  server.GrpcLogAppender (GrpcLogAppender.java:mayWait(143)) - 57ae412b-1391-4b0c-ad94-18127dd39aa0@group-3636C80E75D6->05e06da0-1d3a-4481-ab96-f6b3bccd14af-GrpcLogAppender: Wait interrupted by java.lang.InterruptedException
2019-09-12 13:48:48,557 [main] INFO  impl.StateMachineUpdater (StateMachineUpdater.java:stopAndJoin(125)) - 57ae412b-1391-4b0c-ad94-18127dd39aa0@group-3636C80E75D6-StateMachineUpdater: set stopIndex = 15
2019-09-12 13:48:48,557 [57ae412b-1391-4b0c-ad94-18127dd39aa0@group-3636C80E75D6-StateMachineUpdater] INFO  ratis.ContainerStateMachine (ContainerStateMachine.java:takeSnapshot(289)) - group-3636C80E75D6: Taking a snapshot at:(t:2, i:11) file /workdir/hadoop-ozone/integration-test/target/test-dir/MiniOzoneClusterImpl-98ba6956-8e51-4dc7-be59-62a375280f0b/datanode-7/data/ratis/4c8f1a2d-9002-479d-9c36-3636c80e75d6/sm/snapshot.2_11
2019-09-12 13:48:48,559 [7dd3d51f-7703-47e1-b378-11db862d4d4b@group-411631934A30-StateMachineUpdater] INFO  ratis.ContainerStateMachine (ContainerStateMachine.java:takeSnapshot(300)) - group-411631934A30: Finished taking a snapshot at:(t:2, i:12) file:/workdir/hadoop-ozone/integration-test/target/test-dir/MiniOzoneClusterImpl-98ba6956-8e51-4dc7-be59-62a375280f0b/datanode-1/data/ratis/dcf32ac8-d859-4fc8-9525-411631934a30/sm/snapshot.2_12 time:18
2019-09-12 13:48:48,559 [7dd3d51f-7703-47e1-b378-11db862d4d4b@group-411631934A30-StateMachineUpdater] INFO  impl.StateMachineUpdater (StateMachineUpdater.java:takeSnapshot(258)) - 7dd3d51f-7703-47e1-b378-11db862d4d4b@group-411631934A30-StateMachineUpdater: Took a snapshot at index 12
2019-09-12 13:48:48,560 [7dd3d51f-7703-47e1-b378-11db862d4d4b@group-411631934A30-StateMachineUpdater] INFO  impl.StateMachineUpdater (StateMachineUpdater.java:lambda$new$0(83)) - 7dd3d51f-7703-47e1-b378-11db862d4d4b@group-411631934A30-StateMachineUpdater: snapshotIndex: updateIncreasingly -1 -> 12
2019-09-12 13:48:48,561 [7dd3d51f-7703-47e1-b378-11db862d4d4b@group-411631934A30-StateMachineUpdater] INFO  ratis.ContainerStateMachine (ContainerStateMachine.java:takeSnapshot(289)) - group-411631934A30: Taking a snapshot at:(t:2, i:12) file /workdir/hadoop-ozone/integration-test/target/test-dir/MiniOzoneClusterImpl-98ba6956-8e51-4dc7-be59-62a375280f0b/datanode-1/data/ratis/dcf32ac8-d859-4fc8-9525-411631934a30/sm/snapshot.2_12
2019-09-12 13:48:48,562 [57ae412b-1391-4b0c-ad94-18127dd39aa0@group-3636C80E75D6-StateMachineUpdater] INFO  ratis.ContainerStateMachine (ContainerStateMachine.java:takeSnapshot(300)) - group-3636C80E75D6: Finished taking a snapshot at:(t:2, i:11) file:/workdir/hadoop-ozone/integration-test/target/test-dir/MiniOzoneClusterImpl-98ba6956-8e51-4dc7-be59-62a375280f0b/datanode-7/data/ratis/4c8f1a2d-9002-479d-9c36-3636c80e75d6/sm/snapshot.2_11 time:5
2019-09-12 13:48:48,562 [57ae412b-1391-4b0c-ad94-18127dd39aa0@group-3636C80E75D6-StateMachineUpdater] INFO  impl.StateMachineUpdater (StateMachineUpdater.java:takeSnapshot(258)) - 57ae412b-1391-4b0c-ad94-18127dd39aa0@group-3636C80E75D6-StateMachineUpdater: Took a snapshot at index 11
2019-09-12 13:48:48,562 [57ae412b-1391-4b0c-ad94-18127dd39aa0@group-3636C80E75D6-StateMachineUpdater] INFO  impl.StateMachineUpdater (StateMachineUpdater.java:lambda$new$0(83)) - 57ae412b-1391-4b0c-ad94-18127dd39aa0@group-3636C80E75D6-StateMachineUpdater: snapshotIndex: updateIncreasingly -1 -> 11
2019-09-12 13:48:48,562 [57ae412b-1391-4b0c-ad94-18127dd39aa0@group-3636C80E75D6-StateMachineUpdater] INFO  ratis.ContainerStateMachine (ContainerStateMachine.java:takeSnapshot(289)) - group-3636C80E75D6: Taking a snapshot at:(t:2, i:11) file /workdir/hadoop-ozone/integration-test/target/test-dir/MiniOzoneClusterImpl-98ba6956-8e51-4dc7-be59-62a375280f0b/datanode-7/data/ratis/4c8f1a2d-9002-479d-9c36-3636c80e75d6/sm/snapshot.2_11
2019-09-12 13:48:48,563 [7dd3d51f-7703-47e1-b378-11db862d4d4b@group-411631934A30-StateMachineUpdater] INFO  ratis.ContainerStateMachine (ContainerStateMachine.java:takeSnapshot(300)) - group-411631934A30: Finished taking a snapshot at:(t:2, i:12) file:/workdir/hadoop-ozone/integration-test/target/test-dir/MiniOzoneClusterImpl-98ba6956-8e51-4dc7-be59-62a375280f0b/datanode-1/data/ratis/dcf32ac8-d859-4fc8-9525-411631934a30/sm/snapshot.2_12 time:3
2019-09-12 13:48:48,563 [7dd3d51f-7703-47e1-b378-11db862d4d4b@group-411631934A30-StateMachineUpdater] INFO  impl.StateMachineUpdater (StateMachineUpdater.java:takeSnapshot(258)) - 7dd3d51f-7703-47e1-b378-11db862d4d4b@group-411631934A30-StateMachineUpdater: Took a snapshot at index 12
2019-09-12 13:48:48,564 [7dd3d51f-7703-47e1-b378-11db862d4d4b@group-411631934A30-StateMachineUpdater] INFO  impl.StateMachineUpdater (StateMachineUpdater.java:lambda$new$0(83)) - 7dd3d51f-7703-47e1-b378-11db862d4d4b@group-411631934A30-StateMachineUpdater: snapshotIndex: updateIncreasingly 12 -> 12
2019-09-12 13:48:48,564 [ForkJoinPool.commonPool-worker-1] INFO  impl.RaftServerImpl (ServerState.java:close(385)) - 7dd3d51f-7703-47e1-b378-11db862d4d4b@group-411631934A30: closes. applyIndex: 16
2019-09-12 13:48:48,566 [7dd3d51f-7703-47e1-b378-11db862d4d4b@group-411631934A30-SegmentedRaftLogWorker] ERROR ratis.XceiverServerRatis (XceiverServerRatis.java:triggerPipelineClose(568)) - pipeline Action CLOSE  on pipeline PipelineID=dcf32ac8-d859-4fc8-9525-411631934a30.Reason : WriteLog:19: (t:2, i:19), STATEMACHINELOGENTRY, client-ECFF5C766FEB, cid=40-writeStateMachineData interrupted.
2019-09-12 13:48:48,567 [57ae412b-1391-4b0c-ad94-18127dd39aa0@group-3636C80E75D6-StateMachineUpdater] INFO  ratis.ContainerStateMachine (ContainerStateMachine.java:takeSnapshot(300)) - group-3636C80E75D6: Finished taking a snapshot at:(t:2, i:11) file:/workdir/hadoop-ozone/integration-test/target/test-dir/MiniOzoneClusterImpl-98ba6956-8e51-4dc7-be59-62a375280f0b/datanode-7/data/ratis/4c8f1a2d-9002-479d-9c36-3636c80e75d6/sm/snapshot.2_11 time:5
2019-09-12 13:48:48,567 [57ae412b-1391-4b0c-ad94-18127dd39aa0@group-3636C80E75D6-StateMachineUpdater] INFO  impl.StateMachineUpdater (StateMachineUpdater.java:takeSnapshot(258)) - 57ae412b-1391-4b0c-ad94-18127dd39aa0@group-3636C80E75D6-StateMachineUpdater: Took a snapshot at index 11
2019-09-12 13:48:48,568 [57ae412b-1391-4b0c-ad94-18127dd39aa0@group-3636C80E75D6-StateMachineUpdater] INFO  impl.StateMachineUpdater (StateMachineUpdater.java:lambda$new$0(83)) - 57ae412b-1391-4b0c-ad94-18127dd39aa0@group-3636C80E75D6-StateMachineUpdater: snapshotIndex: updateIncreasingly 11 -> 11
2019-09-12 13:48:48,568 [main] INFO  impl.RaftServerImpl (ServerState.java:close(385)) - 57ae412b-1391-4b0c-ad94-18127dd39aa0@group-3636C80E75D6: closes. applyIndex: 15
2019-09-12 13:48:48,568 [ForkJoinPool.commonPool-worker-1] INFO  segmented.SegmentedRaftLogWorker (SegmentedRaftLogWorker.java:close(228)) - 7dd3d51f-7703-47e1-b378-11db862d4d4b@group-411631934A30-SegmentedRaftLogWorker close()
2019-09-12 13:48:48,570 [57ae412b-1391-4b0c-ad94-18127dd39aa0@group-3636C80E75D6-SegmentedRaftLogWorker] ERROR ratis.XceiverServerRatis (XceiverServerRatis.java:triggerPipelineClose(568)) - pipeline Action CLOSE  on pipeline PipelineID=4c8f1a2d-9002-479d-9c36-3636c80e75d6.Reason : WriteLog:16: (t:2, i:16), STATEMACHINELOGENTRY, client-DC9C3C53DAD2, cid=53-writeStateMachineData interrupted.
2019-09-12 13:48:48,571 [ForkJoinPool.commonPool-worker-1] INFO  impl.RaftServerImpl (RaftServerImpl.java:lambda$shutdown$3(251)) - 7dd3d51f-7703-47e1-b378-11db862d4d4b@group-F4A2504AEEA7: shutdown
2019-09-12 13:48:48,571 [main] INFO  segmented.SegmentedRaftLogWorker (SegmentedRaftLogWorker.java:close(228)) - 57ae412b-1391-4b0c-ad94-18127dd39aa0@group-3636C80E75D6-SegmentedRaftLogWorker close()
2019-09-12 13:48:48,571 [ForkJoinPool.commonPool-worker-1] INFO  util.JmxRegister (JmxRegister.java:unregister(73)) - Successfully un-registered JMX Bean with object name Ratis:service=RaftServer,group=group-F4A2504AEEA7,id=7dd3d51f-7703-47e1-b378-11db862d4d4b
2019-09-12 13:48:48,573 [main] INFO  server.GrpcService (GrpcService.java:closeImpl(164)) - 57ae412b-1391-4b0c-ad94-18127dd39aa0: shutdown server with port 39194 now
2019-09-12 13:48:48,573 [ForkJoinPool.commonPool-worker-1] INFO  impl.RoleInfo (RoleInfo.java:shutdownLeaderState(104)) - 7dd3d51f-7703-47e1-b378-11db862d4d4b: shutdown LeaderState
2019-09-12 13:48:48,573 [ForkJoinPool.commonPool-worker-1] INFO  impl.PendingRequests (PendingRequests.java:sendNotLeaderResponses(202)) - 7dd3d51f-7703-47e1-b378-11db862d4d4b-PendingRequests: sendNotLeaderResponses
2019-09-12 13:48:48,574 [main] INFO  server.GrpcService (GrpcService.java:closeImpl(172)) - 57ae412b-1391-4b0c-ad94-18127dd39aa0: shutdown server with port 39194 successfully
2019-09-12 13:48:48,574 [ForkJoinPool.commonPool-worker-1] INFO  impl.StateMachineUpdater (StateMachineUpdater.java:stopAndJoin(125)) - 7dd3d51f-7703-47e1-b378-11db862d4d4b@group-F4A2504AEEA7-StateMachineUpdater: set stopIndex = 0
2019-09-12 13:48:48,574 [ForkJoinPool.commonPool-worker-1] INFO  impl.RaftServerImpl (ServerState.java:close(385)) - 7dd3d51f-7703-47e1-b378-11db862d4d4b@group-F4A2504AEEA7: closes. applyIndex: 0
2019-09-12 13:48:48,575 [7dd3d51f-7703-47e1-b378-11db862d4d4b@group-F4A2504AEEA7-SegmentedRaftLogWorker] INFO  segmented.SegmentedRaftLogWorker (SegmentedRaftLogWorker.java:run(313)) - 7dd3d51f-7703-47e1-b378-11db862d4d4b@group-F4A2504AEEA7-SegmentedRaftLogWorker was interrupted, exiting. There are 0 tasks remaining in the queue.
2019-09-12 13:48:48,575 [ForkJoinPool.commonPool-worker-1] INFO  segmented.SegmentedRaftLogWorker (SegmentedRaftLogWorker.java:close(228)) - 7dd3d51f-7703-47e1-b378-11db862d4d4b@group-F4A2504AEEA7-SegmentedRaftLogWorker close()
2019-09-12 13:48:48,577 [ForkJoinPool.commonPool-worker-1] INFO  server.GrpcService (GrpcService.java:closeImpl(164)) - 7dd3d51f-7703-47e1-b378-11db862d4d4b: shutdown server with port 36691 now
2019-09-12 13:48:48,577 [ForkJoinPool.commonPool-worker-1] INFO  server.GrpcService (GrpcService.java:closeImpl(172)) - 7dd3d51f-7703-47e1-b378-11db862d4d4b: shutdown server with port 36691 successfully
2019-09-12 13:48:48,581 [refreshUsed-/workdir/hadoop-ozone/integration-test/target/test-dir/MiniOzoneClusterImpl-98ba6956-8e51-4dc7-be59-62a375280f0b/datanode-7/data/containers] WARN  fs.CachingGetSpaceUsed (CachingGetSpaceUsed.java:run(183)) - Thread Interrupted waiting to refresh disk information: sleep interrupted
2019-09-12 13:48:48,590 [refreshUsed-/workdir/hadoop-ozone/integration-test/target/test-dir/MiniOzoneClusterImpl-98ba6956-8e51-4dc7-be59-62a375280f0b/datanode-1/data/containers] WARN  fs.CachingGetSpaceUsed (CachingGetSpaceUsed.java:run(183)) - Thread Interrupted waiting to refresh disk information: sleep interrupted
2019-09-12 13:48:48,606 [main] INFO  utils.BackgroundService (BackgroundService.java:shutdown(148)) - Shutting down service BlockDeletingService
2019-09-12 13:48:48,609 [main] INFO  statemachine.DatanodeStateMachine (DatanodeStateMachine.java:stopDaemon(395)) - Ozone container server stopped.
2019-09-12 13:48:48,610 [ForkJoinPool.commonPool-worker-1] INFO  utils.BackgroundService (BackgroundService.java:shutdown(148)) - Shutting down service BlockDeletingService
2019-09-12 13:48:48,612 [main] INFO  handler.ContextHandler (ContextHandler.java:doStop(910)) - Stopped o.e.j.w.WebAppContext@663bb8ef{/,null,UNAVAILABLE}{/hddsDatanode}
2019-09-12 13:48:48,613 [ForkJoinPool.commonPool-worker-1] INFO  statemachine.DatanodeStateMachine (DatanodeStateMachine.java:stopDaemon(395)) - Ozone container server stopped.
2019-09-12 13:48:48,615 [main] INFO  server.AbstractConnector (AbstractConnector.java:doStop(318)) - Stopped ServerConnector@2f4e40d7{HTTP/1.1,[http/1.1]}{0.0.0.0:0}
2019-09-12 13:48:48,616 [ForkJoinPool.commonPool-worker-1] INFO  handler.ContextHandler (ContextHandler.java:doStop(910)) - Stopped o.e.j.w.WebAppContext@25ad4f71{/,null,UNAVAILABLE}{/hddsDatanode}
2019-09-12 13:48:48,616 [main] INFO  handler.ContextHandler (ContextHandler.java:doStop(910)) - Stopped o.e.j.s.ServletContextHandler@6cd3ad8a{/static,jar:file:/home/user/.m2/repository/org/apache/hadoop/hadoop-hdds-container-service/0.5.0-SNAPSHOT/hadoop-hdds-container-service-0.5.0-SNAPSHOT.jar!/webapps/static,UNAVAILABLE}
2019-09-12 13:48:48,617 [ForkJoinPool.commonPool-worker-1] INFO  server.AbstractConnector (AbstractConnector.java:doStop(318)) - Stopped ServerConnector@49faf066{HTTP/1.1,[http/1.1]}{0.0.0.0:0}
2019-09-12 13:48:48,617 [main] INFO  handler.ContextHandler (ContextHandler.java:doStop(910)) - Stopped o.e.j.s.ServletContextHandler@b9a77c8{/logs,file:///workdir/hadoop-ozone/integration-test/target/log,UNAVAILABLE}
2019-09-12 13:48:48,618 [ForkJoinPool.commonPool-worker-1] INFO  handler.ContextHandler (ContextHandler.java:doStop(910)) - Stopped o.e.j.s.ServletContextHandler@15400fff{/static,jar:file:/home/user/.m2/repository/org/apache/hadoop/hadoop-hdds-container-service/0.5.0-SNAPSHOT/hadoop-hdds-container-service-0.5.0-SNAPSHOT.jar!/webapps/static,UNAVAILABLE}
2019-09-12 13:48:48,619 [ForkJoinPool.commonPool-worker-1] INFO  handler.ContextHandler (ContextHandler.java:doStop(910)) - Stopped o.e.j.s.ServletContextHandler@654c7d2d{/logs,file:///workdir/hadoop-ozone/integration-test/target/log,UNAVAILABLE}
2019-09-12 13:48:48,620 [main] INFO  ozone.MiniOzoneClusterImpl (MiniOzoneClusterImpl.java:stop(344)) - Stopping the StorageContainerManager
2019-09-12 13:48:48,620 [main] INFO  server.StorageContainerManager (StorageContainerManager.java:stop(801)) - Stopping Replication Manager Service.
2019-09-12 13:48:48,621 [main] INFO  container.ReplicationManager (ReplicationManager.java:stop(203)) - Stopping Replication Monitor Thread.
2019-09-12 13:48:48,621 [main] INFO  server.StorageContainerManager (StorageContainerManager.java:stop(808)) - Stopping Lease Manager of the command watchers
2019-09-12 13:48:48,621 [main] INFO  server.StorageContainerManager (StorageContainerManager.java:stop(815)) - Stopping datanode service RPC server
2019-09-12 13:48:48,622 [main] INFO  server.SCMDatanodeProtocolServer (SCMDatanodeProtocolServer.java:stop(367)) - Stopping the RPC server for DataNodes
2019-09-12 13:48:48,622 [main] INFO  ipc.Server (Server.java:stop(3082)) - Stopping server on 40178
2019-09-12 13:48:48,624 [IPC Server listener on 40178] INFO  ipc.Server (Server.java:run(1185)) - Stopping IPC Server listener on 40178
2019-09-12 13:48:48,624 [IPC Server Responder] INFO  ipc.Server (Server.java:run(1319)) - Stopping IPC Server Responder
2019-09-12 13:48:48,724 [SCM Heartbeat Processing Thread - 0] WARN  node.NodeStateManager (NodeStateManager.java:scheduleNextHealthCheck(646)) - Current Thread is interrupted, shutting down HB processing thread for Node Manager.
2019-09-12 13:48:48,724 [main] INFO  server.StorageContainerManager (StorageContainerManager.java:stop(823)) - Stopping block service RPC server
2019-09-12 13:48:48,725 [main] INFO  server.SCMBlockProtocolServer (SCMBlockProtocolServer.java:stop(155)) - Stopping the RPC server for Block Protocol
2019-09-12 13:48:48,725 [main] INFO  ipc.Server (Server.java:stop(3082)) - Stopping server on 33828
2019-09-12 13:48:48,727 [IPC Server listener on 33828] INFO  ipc.Server (Server.java:run(1185)) - Stopping IPC Server listener on 33828
2019-09-12 13:48:48,727 [main] INFO  server.StorageContainerManager (StorageContainerManager.java:stop(830)) - Stopping the StorageContainerLocationProtocol RPC server
2019-09-12 13:48:48,727 [IPC Server Responder] INFO  ipc.Server (Server.java:run(1319)) - Stopping IPC Server Responder
2019-09-12 13:48:48,727 [main] INFO  server.SCMClientProtocolServer (SCMClientProtocolServer.java:stop(159)) - Stopping the RPC server for Client Protocol
2019-09-12 13:48:48,728 [main] INFO  ipc.Server (Server.java:stop(3082)) - Stopping server on 42022
2019-09-12 13:48:48,730 [IPC Server listener on 42022] INFO  ipc.Server (Server.java:run(1185)) - Stopping IPC Server listener on 42022
2019-09-12 13:48:48,730 [main] INFO  server.StorageContainerManager (StorageContainerManager.java:stop(837)) - Stopping Storage Container Manager HTTP server.
2019-09-12 13:48:48,730 [IPC Server Responder] INFO  ipc.Server (Server.java:run(1319)) - Stopping IPC Server Responder
2019-09-12 13:48:48,731 [main] INFO  handler.ContextHandler (ContextHandler.java:doStop(910)) - Stopped o.e.j.w.WebAppContext@7555b920{/,null,UNAVAILABLE}{/scm}
2019-09-12 13:48:48,732 [main] INFO  server.AbstractConnector (AbstractConnector.java:doStop(318)) - Stopped ServerConnector@6db66836{HTTP/1.1,[http/1.1]}{0.0.0.0:0}
2019-09-12 13:48:48,733 [main] INFO  handler.ContextHandler (ContextHandler.java:doStop(910)) - Stopped o.e.j.s.ServletContextHandler@6622fc65{/static,file:///workdir/hadoop-ozone/integration-test/target/test-classes/webapps/static,UNAVAILABLE}
2019-09-12 13:48:48,733 [main] INFO  handler.ContextHandler (ContextHandler.java:doStop(910)) - Stopped o.e.j.s.ServletContextHandler@732f29af{/logs,file:///workdir/hadoop-ozone/integration-test/target/log,UNAVAILABLE}
2019-09-12 13:48:48,734 [main] INFO  server.StorageContainerManager (StorageContainerManager.java:stop(848)) - Stopping Block Manager Service.
2019-09-12 13:48:48,734 [main] INFO  utils.BackgroundService (BackgroundService.java:shutdown(148)) - Shutting down service SCMBlockDeletingService
2019-09-12 13:48:48,735 [main] INFO  utils.BackgroundService (BackgroundService.java:shutdown(148)) - Shutting down service SCMBlockDeletingService
2019-09-12 13:48:48,736 [main] INFO  server.StorageContainerManager (StorageContainerManager.java:stop(870)) - Stopping SCM Event Queue.
2019-09-12 13:48:48,745 [main] INFO  impl.MetricsSystemImpl (MetricsSystemImpl.java:stop(210)) - Stopping XceiverClientMetrics metrics system...
2019-09-12 13:48:48,756 [prometheus] INFO  impl.MetricsSinkAdapter (MetricsSinkAdapter.java:publishMetricsFromQueue(141)) - prometheus thread interrupted.
2019-09-12 13:48:48,756 [main] INFO  impl.MetricsSystemImpl (MetricsSystemImpl.java:stop(216)) - XceiverClientMetrics metrics system stopped.
]]></system-out>
    <system-err><![CDATA[ERROR StatusLogger No Log4j 2 configuration file found. Using default configuration (logging only errors to the console), or user programmatically provided configurations. Set system property 'log4j2.debug' to show Log4j 2 internal initialization logging. See https://logging.apache.org/log4j/2.x/manual/configuration.html for instructions on how to configure Log4j 2
Sep 12, 2019 1:48:33 PM org.apache.ratis.thirdparty.io.grpc.internal.SerializingExecutor run
SEVERE: Exception while executing runnable org.apache.ratis.thirdparty.io.grpc.internal.ServerImpl$JumpToApplicationThreadServerStreamListener$1Closed@1cbda978
org.apache.ratis.thirdparty.io.grpc.StatusRuntimeException: CANCELLED: call already cancelled
	at org.apache.ratis.thirdparty.io.grpc.Status.asRuntimeException(Status.java:517)
	at org.apache.ratis.thirdparty.io.grpc.stub.ServerCalls$ServerCallStreamObserverImpl.onCompleted(ServerCalls.java:356)
	at org.apache.ratis.grpc.server.GrpcServerProtocolService$ServerRequestStreamObserver.onError(GrpcServerProtocolService.java:121)
	at org.apache.ratis.thirdparty.io.grpc.stub.ServerCalls$StreamingServerCallHandler$StreamingServerCallListener.onCancel(ServerCalls.java:269)
	at org.apache.ratis.thirdparty.io.grpc.internal.ServerCallImpl$ServerStreamListenerImpl.closed(ServerCallImpl.java:293)
	at org.apache.ratis.thirdparty.io.grpc.internal.ServerImpl$JumpToApplicationThreadServerStreamListener$1Closed.runInContext(ServerImpl.java:741)
	at org.apache.ratis.thirdparty.io.grpc.internal.ContextRunnable.run(ContextRunnable.java:37)
	at org.apache.ratis.thirdparty.io.grpc.internal.SerializingExecutor.run(SerializingExecutor.java:123)
	at java.util.concurrent.ThreadPoolExecutor.runWorker(ThreadPoolExecutor.java:1149)
	at java.util.concurrent.ThreadPoolExecutor$Worker.run(ThreadPoolExecutor.java:624)
	at java.lang.Thread.run(Thread.java:748)

Sep 12, 2019 1:48:33 PM org.apache.ratis.thirdparty.io.grpc.internal.SerializingExecutor run
SEVERE: Exception while executing runnable org.apache.ratis.thirdparty.io.grpc.internal.ServerImpl$JumpToApplicationThreadServerStreamListener$1Closed@1206b47d
org.apache.ratis.thirdparty.io.grpc.StatusRuntimeException: CANCELLED: call already cancelled
	at org.apache.ratis.thirdparty.io.grpc.Status.asRuntimeException(Status.java:517)
	at org.apache.ratis.thirdparty.io.grpc.stub.ServerCalls$ServerCallStreamObserverImpl.onCompleted(ServerCalls.java:356)
	at org.apache.ratis.grpc.server.GrpcServerProtocolService$ServerRequestStreamObserver.onError(GrpcServerProtocolService.java:121)
	at org.apache.ratis.thirdparty.io.grpc.stub.ServerCalls$StreamingServerCallHandler$StreamingServerCallListener.onCancel(ServerCalls.java:269)
	at org.apache.ratis.thirdparty.io.grpc.internal.ServerCallImpl$ServerStreamListenerImpl.closed(ServerCallImpl.java:293)
	at org.apache.ratis.thirdparty.io.grpc.internal.ServerImpl$JumpToApplicationThreadServerStreamListener$1Closed.runInContext(ServerImpl.java:741)
	at org.apache.ratis.thirdparty.io.grpc.internal.ContextRunnable.run(ContextRunnable.java:37)
	at org.apache.ratis.thirdparty.io.grpc.internal.SerializingExecutor.run(SerializingExecutor.java:123)
	at java.util.concurrent.ThreadPoolExecutor.runWorker(ThreadPoolExecutor.java:1149)
	at java.util.concurrent.ThreadPoolExecutor$Worker.run(ThreadPoolExecutor.java:624)
	at java.lang.Thread.run(Thread.java:748)

Sep 12, 2019 1:48:38 PM org.apache.ratis.thirdparty.io.grpc.internal.SerializingExecutor run
SEVERE: Exception while executing runnable org.apache.ratis.thirdparty.io.grpc.internal.ServerImpl$JumpToApplicationThreadServerStreamListener$1Closed@73d18e04
org.apache.ratis.thirdparty.io.grpc.StatusRuntimeException: CANCELLED: call already cancelled
	at org.apache.ratis.thirdparty.io.grpc.Status.asRuntimeException(Status.java:517)
	at org.apache.ratis.thirdparty.io.grpc.stub.ServerCalls$ServerCallStreamObserverImpl.onCompleted(ServerCalls.java:356)
	at org.apache.ratis.grpc.server.GrpcServerProtocolService$ServerRequestStreamObserver.onError(GrpcServerProtocolService.java:121)
	at org.apache.ratis.thirdparty.io.grpc.stub.ServerCalls$StreamingServerCallHandler$StreamingServerCallListener.onCancel(ServerCalls.java:269)
	at org.apache.ratis.thirdparty.io.grpc.internal.ServerCallImpl$ServerStreamListenerImpl.closed(ServerCallImpl.java:293)
	at org.apache.ratis.thirdparty.io.grpc.internal.ServerImpl$JumpToApplicationThreadServerStreamListener$1Closed.runInContext(ServerImpl.java:741)
	at org.apache.ratis.thirdparty.io.grpc.internal.ContextRunnable.run(ContextRunnable.java:37)
	at org.apache.ratis.thirdparty.io.grpc.internal.SerializingExecutor.run(SerializingExecutor.java:123)
	at java.util.concurrent.ThreadPoolExecutor.runWorker(ThreadPoolExecutor.java:1149)
	at java.util.concurrent.ThreadPoolExecutor$Worker.run(ThreadPoolExecutor.java:624)
	at java.lang.Thread.run(Thread.java:748)

Sep 12, 2019 1:48:38 PM org.apache.ratis.thirdparty.io.grpc.internal.SerializingExecutor run
SEVERE: Exception while executing runnable org.apache.ratis.thirdparty.io.grpc.internal.ServerImpl$JumpToApplicationThreadServerStreamListener$1Closed@73b49053
org.apache.ratis.thirdparty.io.grpc.StatusRuntimeException: CANCELLED: call already cancelled
	at org.apache.ratis.thirdparty.io.grpc.Status.asRuntimeException(Status.java:517)
	at org.apache.ratis.thirdparty.io.grpc.stub.ServerCalls$ServerCallStreamObserverImpl.onCompleted(ServerCalls.java:356)
	at org.apache.ratis.grpc.server.GrpcServerProtocolService$ServerRequestStreamObserver.onError(GrpcServerProtocolService.java:121)
	at org.apache.ratis.thirdparty.io.grpc.stub.ServerCalls$StreamingServerCallHandler$StreamingServerCallListener.onCancel(ServerCalls.java:269)
	at org.apache.ratis.thirdparty.io.grpc.internal.ServerCallImpl$ServerStreamListenerImpl.closed(ServerCallImpl.java:293)
	at org.apache.ratis.thirdparty.io.grpc.internal.ServerImpl$JumpToApplicationThreadServerStreamListener$1Closed.runInContext(ServerImpl.java:741)
	at org.apache.ratis.thirdparty.io.grpc.internal.ContextRunnable.run(ContextRunnable.java:37)
	at org.apache.ratis.thirdparty.io.grpc.internal.SerializingExecutor.run(SerializingExecutor.java:123)
	at java.util.concurrent.ThreadPoolExecutor.runWorker(ThreadPoolExecutor.java:1149)
	at java.util.concurrent.ThreadPoolExecutor$Worker.run(ThreadPoolExecutor.java:624)
	at java.lang.Thread.run(Thread.java:748)

]]></system-err>
  </testcase>
  <testcase name="testMultiBlockWritesWithDnFailures" classname="org.apache.hadoop.ozone.client.rpc.TestMultiBlockWritesWithDnFailures" time="48.054"/>
</testsuite>