<?xml version="1.0" encoding="UTF-8"?>
<testsuite xmlns:xsi="http://www.w3.org/2001/XMLSchema-instance" xsi:noNamespaceSchemaLocation="https://maven.apache.org/surefire/maven-surefire-plugin/xsd/surefire-test-report.xsd" name="org.apache.hadoop.ozone.client.rpc.TestSecureOzoneRpcClient" time="53.301" tests="68" errors="8" skipped="3" failures="0">
  <properties>
    <property name="awt.toolkit" value="sun.awt.X11.XToolkit"/>
    <property name="file.encoding.pkg" value="sun.io"/>
    <property name="java.specification.version" value="1.8"/>
    <property name="sun.cpu.isalist" value=""/>
    <property name="sun.jnu.encoding" value="UTF-8"/>
    <property name="java.class.path" value="/workdir/hadoop-ozone/integration-test/target/test-classes:/workdir/hadoop-ozone/integration-test/target/classes:/home/user/.m2/repository/org/apache/hadoop/hadoop-ozone-common/0.5.0-SNAPSHOT/hadoop-ozone-common-0.5.0-SNAPSHOT.jar:/home/user/.m2/repository/org/apache/commons/commons-compress/1.4.1/commons-compress-1.4.1.jar:/home/user/.m2/repository/org/tukaani/xz/1.0/xz-1.0.jar:/home/user/.m2/repository/org/apache/hadoop/hadoop-common/3.2.0/hadoop-common-3.2.0.jar:/home/user/.m2/repository/org/apache/hadoop/hadoop-hdfs/3.2.0/hadoop-hdfs-3.2.0.jar:/home/user/.m2/repository/org/apache/hadoop/hadoop-hdfs-client/3.2.0/hadoop-hdfs-client-3.2.0.jar:/home/user/.m2/repository/com/fasterxml/jackson/core/jackson-annotations/2.9.5/jackson-annotations-2.9.5.jar:/home/user/.m2/repository/org/apache/hadoop/hadoop-hdds-common/0.5.0-SNAPSHOT/hadoop-hdds-common-0.5.0-SNAPSHOT.jar:/home/user/.m2/repository/javax/annotation/javax.annotation-api/1.2/javax.annotation-api-1.2.jar:/home/user/.m2/repository/org/apache/ratis/ratis-server/0.4.0-2337318-SNAPSHOT/ratis-server-0.4.0-2337318-SNAPSHOT.jar:/home/user/.m2/repository/org/apache/ratis/ratis-thirdparty-misc/0.2.0/ratis-thirdparty-misc-0.2.0.jar:/home/user/.m2/repository/org/apache/ratis/ratis-proto/0.4.0-2337318-SNAPSHOT/ratis-proto-0.4.0-2337318-SNAPSHOT.jar:/home/user/.m2/repository/org/apache/ratis/ratis-common/0.4.0-2337318-SNAPSHOT/ratis-common-0.4.0-2337318-SNAPSHOT.jar:/home/user/.m2/repository/org/apache/ratis/ratis-client/0.4.0-2337318-SNAPSHOT/ratis-client-0.4.0-2337318-SNAPSHOT.jar:/home/user/.m2/repository/org/apache/ratis/ratis-metrics/0.4.0-2337318-SNAPSHOT/ratis-metrics-0.4.0-2337318-SNAPSHOT.jar:/home/user/.m2/repository/org/apache/ratis/ratis-netty/0.4.0-2337318-SNAPSHOT/ratis-netty-0.4.0-2337318-SNAPSHOT.jar:/home/user/.m2/repository/org/apache/ratis/ratis-grpc/0.4.0-2337318-SNAPSHOT/ratis-grpc-0.4.0-2337318-SNAPSHOT.jar:/home/user/.m2/repository/org/rocksdb/rocksdbjni/6.0.1/rocksdbjni-6.0.1.jar:/home/user/.m2/repository/org/apache/logging/log4j/log4j-api/2.11.0/log4j-api-2.11.0.jar:/home/user/.m2/repository/org/apache/logging/log4j/log4j-core/2.11.0/log4j-core-2.11.0.jar:/home/user/.m2/repository/com/lmax/disruptor/3.4.2/disruptor-3.4.2.jar:/home/user/.m2/repository/org/apache/commons/commons-pool2/2.6.0/commons-pool2-2.6.0.jar:/home/user/.m2/repository/org/bouncycastle/bcpkix-jdk15on/1.60/bcpkix-jdk15on-1.60.jar:/home/user/.m2/repository/commons-validator/commons-validator/1.6/commons-validator-1.6.jar:/home/user/.m2/repository/commons-digester/commons-digester/1.8.1/commons-digester-1.8.1.jar:/home/user/.m2/repository/io/jaegertracing/jaeger-client/0.33.1/jaeger-client-0.33.1.jar:/home/user/.m2/repository/io/jaegertracing/jaeger-thrift/0.33.1/jaeger-thrift-0.33.1.jar:/home/user/.m2/repository/org/apache/thrift/libthrift/0.11.0/libthrift-0.11.0.jar:/home/user/.m2/repository/com/squareup/okhttp3/okhttp/3.9.0/okhttp-3.9.0.jar:/home/user/.m2/repository/com/squareup/okio/okio/1.13.0/okio-1.13.0.jar:/home/user/.m2/repository/io/jaegertracing/jaeger-core/0.33.1/jaeger-core-0.33.1.jar:/home/user/.m2/repository/io/jaegertracing/jaeger-tracerresolver/0.33.1/jaeger-tracerresolver-0.33.1.jar:/home/user/.m2/repository/io/opentracing/contrib/opentracing-tracerresolver/0.1.5/opentracing-tracerresolver-0.1.5.jar:/home/user/.m2/repository/io/opentracing/opentracing-util/0.31.0/opentracing-util-0.31.0.jar:/home/user/.m2/repository/io/opentracing/opentracing-api/0.31.0/opentracing-api-0.31.0.jar:/home/user/.m2/repository/io/opentracing/opentracing-noop/0.31.0/opentracing-noop-0.31.0.jar:/home/user/.m2/repository/org/apache/hadoop/hadoop-hdds-server-framework/0.5.0-SNAPSHOT/hadoop-hdds-server-framework-0.5.0-SNAPSHOT.jar:/home/user/.m2/repository/org/apache/hadoop/hadoop-hdds-container-service/0.5.0-SNAPSHOT/hadoop-hdds-container-service-0.5.0-SNAPSHOT.jar:/home/user/.m2/repository/org/apache/hadoop/hadoop-hdds-client/0.5.0-SNAPSHOT/hadoop-hdds-client-0.5.0-SNAPSHOT.jar:/home/user/.m2/repository/org/apache/hadoop/hadoop-hdds-tools/0.5.0-SNAPSHOT/hadoop-hdds-tools-0.5.0-SNAPSHOT.jar:/home/user/.m2/repository/org/apache/hadoop/hadoop-hdds-server-scm/0.5.0-SNAPSHOT/hadoop-hdds-server-scm-0.5.0-SNAPSHOT.jar:/home/user/.m2/repository/org/apache/hadoop/hadoop-hdds-docs/0.5.0-SNAPSHOT/hadoop-hdds-docs-0.5.0-SNAPSHOT.jar:/home/user/.m2/repository/io/dropwizard/metrics/metrics-core/3.2.4/metrics-core-3.2.4.jar:/home/user/.m2/repository/org/hamcrest/hamcrest-all/1.3/hamcrest-all-1.3.jar:/home/user/.m2/repository/org/bouncycastle/bcprov-jdk15on/1.60/bcprov-jdk15on-1.60.jar:/home/user/.m2/repository/info/picocli/picocli/3.9.6/picocli-3.9.6.jar:/home/user/.m2/repository/com/google/protobuf/protobuf-java/2.5.0/protobuf-java-2.5.0.jar:/home/user/.m2/repository/com/google/guava/guava/11.0.2/guava-11.0.2.jar:/home/user/.m2/repository/org/apache/hadoop/hadoop-ozone-ozone-manager/0.5.0-SNAPSHOT/hadoop-ozone-ozone-manager-0.5.0-SNAPSHOT.jar:/home/user/.m2/repository/org/apache/hadoop/hadoop-minikdc/3.2.0/hadoop-minikdc-3.2.0.jar:/home/user/.m2/repository/commons-io/commons-io/2.5/commons-io-2.5.jar:/home/user/.m2/repository/org/apache/kerby/kerb-simplekdc/1.0.1/kerb-simplekdc-1.0.1.jar:/home/user/.m2/repository/org/apache/kerby/kerb-client/1.0.1/kerb-client-1.0.1.jar:/home/user/.m2/repository/org/apache/kerby/kerby-config/1.0.1/kerby-config-1.0.1.jar:/home/user/.m2/repository/org/apache/kerby/kerb-core/1.0.1/kerb-core-1.0.1.jar:/home/user/.m2/repository/org/apache/kerby/kerby-pkix/1.0.1/kerby-pkix-1.0.1.jar:/home/user/.m2/repository/org/apache/kerby/kerby-asn1/1.0.1/kerby-asn1-1.0.1.jar:/home/user/.m2/repository/org/apache/kerby/kerby-util/1.0.1/kerby-util-1.0.1.jar:/home/user/.m2/repository/org/apache/kerby/kerb-common/1.0.1/kerb-common-1.0.1.jar:/home/user/.m2/repository/org/apache/kerby/kerb-crypto/1.0.1/kerb-crypto-1.0.1.jar:/home/user/.m2/repository/org/apache/kerby/kerb-util/1.0.1/kerb-util-1.0.1.jar:/home/user/.m2/repository/org/apache/kerby/token-provider/1.0.1/token-provider-1.0.1.jar:/home/user/.m2/repository/org/apache/kerby/kerb-admin/1.0.1/kerb-admin-1.0.1.jar:/home/user/.m2/repository/org/apache/kerby/kerb-server/1.0.1/kerb-server-1.0.1.jar:/home/user/.m2/repository/org/apache/kerby/kerb-identity/1.0.1/kerb-identity-1.0.1.jar:/home/user/.m2/repository/org/apache/kerby/kerby-xdr/1.0.1/kerby-xdr-1.0.1.jar:/home/user/.m2/repository/org/slf4j/slf4j-log4j12/1.7.25/slf4j-log4j12-1.7.25.jar:/home/user/.m2/repository/org/apache/hadoop/hadoop-ozone-objectstore-service/0.5.0-SNAPSHOT/hadoop-ozone-objectstore-service-0.5.0-SNAPSHOT.jar:/home/user/.m2/repository/org/apache/hadoop/hadoop-ozone-s3gateway/0.5.0-SNAPSHOT/hadoop-ozone-s3gateway-0.5.0-SNAPSHOT.jar:/home/user/.m2/repository/org/jboss/weld/servlet/weld-servlet/2.4.7.Final/weld-servlet-2.4.7.Final.jar:/home/user/.m2/repository/org/glassfish/jersey/containers/jersey-container-servlet-core/2.27/jersey-container-servlet-core-2.27.jar:/home/user/.m2/repository/org/glassfish/hk2/external/javax.inject/2.5.0-b42/javax.inject-2.5.0-b42.jar:/home/user/.m2/repository/org/glassfish/jersey/core/jersey-common/2.27/jersey-common-2.27.jar:/home/user/.m2/repository/org/glassfish/hk2/osgi-resource-locator/1.0.1/osgi-resource-locator-1.0.1.jar:/home/user/.m2/repository/javax/ws/rs/javax.ws.rs-api/2.1/javax.ws.rs-api-2.1.jar:/home/user/.m2/repository/org/glassfish/jersey/ext/cdi/jersey-cdi1x/2.27/jersey-cdi1x-2.27.jar:/home/user/.m2/repository/org/glassfish/jersey/inject/jersey-hk2/2.27/jersey-hk2-2.27.jar:/home/user/.m2/repository/org/glassfish/hk2/hk2-locator/2.5.0-b42/hk2-locator-2.5.0-b42.jar:/home/user/.m2/repository/org/javassist/javassist/3.22.0-CR2/javassist-3.22.0-CR2.jar:/home/user/.m2/repository/org/glassfish/hk2/hk2-api/2.5.0/hk2-api-2.5.0.jar:/home/user/.m2/repository/org/glassfish/hk2/external/jakarta.inject/2.5.0/jakarta.inject-2.5.0.jar:/home/user/.m2/repository/org/glassfish/hk2/hk2-utils/2.5.0/hk2-utils-2.5.0.jar:/home/user/.m2/repository/jakarta/annotation/jakarta.annotation-api/1.3.4/jakarta.annotation-api-1.3.4.jar:/home/user/.m2/repository/org/glassfish/hk2/external/aopalliance-repackaged/2.5.0/aopalliance-repackaged-2.5.0.jar:/home/user/.m2/repository/com/fasterxml/jackson/dataformat/jackson-dataformat-xml/2.9.0/jackson-dataformat-xml-2.9.0.jar:/home/user/.m2/repository/com/fasterxml/jackson/core/jackson-core/2.9.5/jackson-core-2.9.5.jar:/home/user/.m2/repository/com/fasterxml/jackson/module/jackson-module-jaxb-annotations/2.9.5/jackson-module-jaxb-annotations-2.9.5.jar:/home/user/.m2/repository/javax/enterprise/cdi-api/1.2/cdi-api-1.2.jar:/home/user/.m2/repository/javax/el/javax.el-api/3.0.0/javax.el-api-3.0.0.jar:/home/user/.m2/repository/javax/interceptor/javax.interceptor-api/1.2/javax.interceptor-api-1.2.jar:/home/user/.m2/repository/javax/inject/javax.inject/1/javax.inject-1.jar:/home/user/.m2/repository/com/sun/xml/bind/jaxb-impl/2.3.0.1/jaxb-impl-2.3.0.1.jar:/home/user/.m2/repository/com/sun/xml/bind/jaxb-core/2.3.0.1/jaxb-core-2.3.0.1.jar:/home/user/.m2/repository/javax/xml/bind/jaxb-api/2.3.0/jaxb-api-2.3.0.jar:/home/user/.m2/repository/javax/activation/activation/1.1.1/activation-1.1.1.jar:/home/user/.m2/repository/org/apache/hadoop/hadoop-ozone-csi/0.5.0-SNAPSHOT/hadoop-ozone-csi-0.5.0-SNAPSHOT.jar:/home/user/.m2/repository/com/google/protobuf/protobuf-java-util/3.5.1/protobuf-java-util-3.5.1.jar:/home/user/.m2/repository/org/apache/hadoop/hadoop-hdds-config/0.5.0-SNAPSHOT/hadoop-hdds-config-0.5.0-SNAPSHOT.jar:/home/user/.m2/repository/io/grpc/grpc-netty/1.17.1/grpc-netty-1.17.1.jar:/home/user/.m2/repository/io/grpc/grpc-core/1.17.1/grpc-core-1.17.1.jar:/home/user/.m2/repository/io/grpc/grpc-context/1.17.1/grpc-context-1.17.1.jar:/home/user/.m2/repository/com/google/errorprone/error_prone_annotations/2.2.0/error_prone_annotations-2.2.0.jar:/home/user/.m2/repository/org/codehaus/mojo/animal-sniffer-annotations/1.17/animal-sniffer-annotations-1.17.jar:/home/user/.m2/repository/io/opencensus/opencensus-api/0.17.0/opencensus-api-0.17.0.jar:/home/user/.m2/repository/io/opencensus/opencensus-contrib-grpc-metrics/0.17.0/opencensus-contrib-grpc-metrics-0.17.0.jar:/home/user/.m2/repository/io/netty/netty-codec-http2/4.1.30.Final/netty-codec-http2-4.1.30.Final.jar:/home/user/.m2/repository/io/netty/netty-codec-http/4.1.30.Final/netty-codec-http-4.1.30.Final.jar:/home/user/.m2/repository/io/netty/netty-codec/4.1.30.Final/netty-codec-4.1.30.Final.jar:/home/user/.m2/repository/io/netty/netty-handler/4.1.30.Final/netty-handler-4.1.30.Final.jar:/home/user/.m2/repository/io/netty/netty-handler-proxy/4.1.30.Final/netty-handler-proxy-4.1.30.Final.jar:/home/user/.m2/repository/io/netty/netty-codec-socks/4.1.30.Final/netty-codec-socks-4.1.30.Final.jar:/home/user/.m2/repository/io/netty/netty-transport-native-epoll/4.1.30.Final/netty-transport-native-epoll-4.1.30.Final.jar:/home/user/.m2/repository/io/netty/netty-common/4.1.30.Final/netty-common-4.1.30.Final.jar:/home/user/.m2/repository/io/netty/netty-buffer/4.1.30.Final/netty-buffer-4.1.30.Final.jar:/home/user/.m2/repository/io/netty/netty-transport/4.1.30.Final/netty-transport-4.1.30.Final.jar:/home/user/.m2/repository/io/netty/netty-resolver/4.1.30.Final/netty-resolver-4.1.30.Final.jar:/home/user/.m2/repository/io/netty/netty-transport-native-unix-common/4.1.30.Final/netty-transport-native-unix-common-4.1.30.Final.jar:/home/user/.m2/repository/io/grpc/grpc-protobuf/1.17.1/grpc-protobuf-1.17.1.jar:/home/user/.m2/repository/com/google/api/grpc/proto-google-common-protos/1.0.0/proto-google-common-protos-1.0.0.jar:/home/user/.m2/repository/io/grpc/grpc-protobuf-lite/1.17.1/grpc-protobuf-lite-1.17.1.jar:/home/user/.m2/repository/io/grpc/grpc-stub/1.17.1/grpc-stub-1.17.1.jar:/home/user/.m2/repository/org/apache/hadoop/hadoop-ozone-recon/0.5.0-SNAPSHOT/hadoop-ozone-recon-0.5.0-SNAPSHOT.jar:/home/user/.m2/repository/org/apache/hadoop/hadoop-ozone-reconcodegen/0.5.0-SNAPSHOT/hadoop-ozone-reconcodegen-0.5.0-SNAPSHOT.jar:/home/user/.m2/repository/com/google/inject/extensions/guice-multibindings/4.0/guice-multibindings-4.0.jar:/home/user/.m2/repository/com/google/inject/guice/4.0/guice-4.0.jar:/home/user/.m2/repository/aopalliance/aopalliance/1.0/aopalliance-1.0.jar:/home/user/.m2/repository/com/google/inject/extensions/guice-servlet/4.0/guice-servlet-4.0.jar:/home/user/.m2/repository/org/glassfish/jersey/containers/jersey-container-servlet/2.27/jersey-container-servlet-2.27.jar:/home/user/.m2/repository/org/glassfish/hk2/guice-bridge/2.5.0/guice-bridge-2.5.0.jar:/home/user/.m2/repository/org/glassfish/jersey/core/jersey-server/2.27/jersey-server-2.27.jar:/home/user/.m2/repository/org/glassfish/jersey/core/jersey-client/2.27/jersey-client-2.27.jar:/home/user/.m2/repository/org/glassfish/jersey/media/jersey-media-jaxb/2.27/jersey-media-jaxb-2.27.jar:/home/user/.m2/repository/javax/validation/validation-api/1.1.0.Final/validation-api-1.1.0.Final.jar:/home/user/.m2/repository/org/glassfish/jersey/media/jersey-media-json-jackson/2.27/jersey-media-json-jackson-2.27.jar:/home/user/.m2/repository/org/glassfish/jersey/ext/jersey-entity-filtering/2.27/jersey-entity-filtering-2.27.jar:/home/user/.m2/repository/com/google/inject/extensions/guice-assistedinject/4.0/guice-assistedinject-4.0.jar:/home/user/.m2/repository/org/jooq/jooq/3.11.10/jooq-3.11.10.jar:/home/user/.m2/repository/org/jooq/jooq-meta/3.11.10/jooq-meta-3.11.10.jar:/home/user/.m2/repository/org/jooq/jooq-codegen/3.11.10/jooq-codegen-3.11.10.jar:/home/user/.m2/repository/com/jolbox/bonecp/0.8.0.RELEASE/bonecp-0.8.0.RELEASE.jar:/home/user/.m2/repository/org/xerial/sqlite-jdbc/3.25.2/sqlite-jdbc-3.25.2.jar:/home/user/.m2/repository/org/springframework/spring-jdbc/5.1.3.RELEASE/spring-jdbc-5.1.3.RELEASE.jar:/home/user/.m2/repository/org/springframework/spring-beans/5.1.3.RELEASE/spring-beans-5.1.3.RELEASE.jar:/home/user/.m2/repository/org/springframework/spring-core/5.1.3.RELEASE/spring-core-5.1.3.RELEASE.jar:/home/user/.m2/repository/org/springframework/spring-jcl/5.1.3.RELEASE/spring-jcl-5.1.3.RELEASE.jar:/home/user/.m2/repository/org/springframework/spring-tx/5.1.3.RELEASE/spring-tx-5.1.3.RELEASE.jar:/home/user/.m2/repository/org/apache/hadoop/hadoop-ozone-client/0.5.0-SNAPSHOT/hadoop-ozone-client-0.5.0-SNAPSHOT.jar:/home/user/.m2/repository/commons-lang/commons-lang/2.6/commons-lang-2.6.jar:/home/user/.m2/repository/org/apache/hadoop/hadoop-ozone-ozone-manager/0.5.0-SNAPSHOT/hadoop-ozone-ozone-manager-0.5.0-SNAPSHOT-tests.jar:/home/user/.m2/repository/junit/junit/4.11/junit-4.11.jar:/home/user/.m2/repository/org/hamcrest/hamcrest-core/1.3/hamcrest-core-1.3.jar:/home/user/.m2/repository/org/openjdk/jmh/jmh-core/1.19/jmh-core-1.19.jar:/home/user/.m2/repository/net/sf/jopt-simple/jopt-simple/4.6/jopt-simple-4.6.jar:/home/user/.m2/repository/org/apache/commons/commons-math3/3.1.1/commons-math3-3.1.1.jar:/home/user/.m2/repository/org/openjdk/jmh/jmh-generator-annprocess/1.19/jmh-generator-annprocess-1.19.jar:/home/user/.m2/repository/org/mockito/mockito-all/1.8.5/mockito-all-1.8.5.jar:/home/user/.m2/repository/org/apache/hadoop/hadoop-kms/3.2.0/hadoop-kms-3.2.0.jar:/home/user/.m2/repository/org/apache/hadoop/hadoop-auth/3.2.0/hadoop-auth-3.2.0.jar:/home/user/.m2/repository/com/nimbusds/nimbus-jose-jwt/4.41.1/nimbus-jose-jwt-4.41.1.jar:/home/user/.m2/repository/com/github/stephenc/jcip/jcip-annotations/1.0-1/jcip-annotations-1.0-1.jar:/home/user/.m2/repository/net/minidev/json-smart/2.3/json-smart-2.3.jar:/home/user/.m2/repository/net/minidev/accessors-smart/1.2/accessors-smart-1.2.jar:/home/user/.m2/repository/org/ow2/asm/asm/5.0.4/asm-5.0.4.jar:/home/user/.m2/repository/org/apache/curator/curator-framework/2.12.0/curator-framework-2.12.0.jar:/home/user/.m2/repository/com/sun/jersey/jersey-core/1.19/jersey-core-1.19.jar:/home/user/.m2/repository/javax/ws/rs/jsr311-api/1.1.1/jsr311-api-1.1.1.jar:/home/user/.m2/repository/com/sun/jersey/jersey-server/1.19/jersey-server-1.19.jar:/home/user/.m2/repository/javax/servlet/javax.servlet-api/3.1.0/javax.servlet-api-3.1.0.jar:/home/user/.m2/repository/org/eclipse/jetty/jetty-server/9.3.24.v20180605/jetty-server-9.3.24.v20180605.jar:/home/user/.m2/repository/org/eclipse/jetty/jetty-http/9.3.24.v20180605/jetty-http-9.3.24.v20180605.jar:/home/user/.m2/repository/org/eclipse/jetty/jetty-io/9.3.24.v20180605/jetty-io-9.3.24.v20180605.jar:/home/user/.m2/repository/org/eclipse/jetty/jetty-webapp/9.3.24.v20180605/jetty-webapp-9.3.24.v20180605.jar:/home/user/.m2/repository/org/eclipse/jetty/jetty-xml/9.3.24.v20180605/jetty-xml-9.3.24.v20180605.jar:/home/user/.m2/repository/log4j/log4j/1.2.17/log4j-1.2.17.jar:/home/user/.m2/repository/org/slf4j/slf4j-api/1.7.25/slf4j-api-1.7.25.jar:/home/user/.m2/repository/org/slf4j/jul-to-slf4j/1.7.25/jul-to-slf4j-1.7.25.jar:/home/user/.m2/repository/org/eclipse/jetty/jetty-util/9.3.24.v20180605/jetty-util-9.3.24.v20180605.jar:/home/user/.m2/repository/com/fasterxml/jackson/core/jackson-databind/2.9.5/jackson-databind-2.9.5.jar:/home/user/.m2/repository/org/apache/hadoop/hadoop-kms/3.2.0/hadoop-kms-3.2.0-tests.jar:/home/user/.m2/repository/org/apache/hadoop/hadoop-hdds-server-scm/0.5.0-SNAPSHOT/hadoop-hdds-server-scm-0.5.0-SNAPSHOT-tests.jar:/home/user/.m2/repository/org/apache/hadoop/hadoop-hdds-container-service/0.5.0-SNAPSHOT/hadoop-hdds-container-service-0.5.0-SNAPSHOT-tests.jar:/home/user/.m2/repository/org/yaml/snakeyaml/1.16/snakeyaml-1.16.jar:/home/user/.m2/repository/org/apache/hadoop/hadoop-common/3.2.0/hadoop-common-3.2.0-tests.jar:/home/user/.m2/repository/org/apache/hadoop/hadoop-annotations/3.2.0/hadoop-annotations-3.2.0.jar:/usr/lib/jvm/java-1.8-openjdk/jre/../lib/tools.jar:/home/user/.m2/repository/commons-cli/commons-cli/1.2/commons-cli-1.2.jar:/home/user/.m2/repository/org/apache/httpcomponents/httpclient/4.5.2/httpclient-4.5.2.jar:/home/user/.m2/repository/org/apache/httpcomponents/httpcore/4.4.4/httpcore-4.4.4.jar:/home/user/.m2/repository/commons-codec/commons-codec/1.11/commons-codec-1.11.jar:/home/user/.m2/repository/commons-net/commons-net/3.6/commons-net-3.6.jar:/home/user/.m2/repository/commons-collections/commons-collections/3.2.2/commons-collections-3.2.2.jar:/home/user/.m2/repository/org/eclipse/jetty/jetty-servlet/9.3.24.v20180605/jetty-servlet-9.3.24.v20180605.jar:/home/user/.m2/repository/org/eclipse/jetty/jetty-security/9.3.24.v20180605/jetty-security-9.3.24.v20180605.jar:/home/user/.m2/repository/javax/servlet/jsp/jsp-api/2.1/jsp-api-2.1.jar:/home/user/.m2/repository/com/sun/jersey/jersey-servlet/1.19/jersey-servlet-1.19.jar:/home/user/.m2/repository/com/sun/jersey/jersey-json/1.19/jersey-json-1.19.jar:/home/user/.m2/repository/org/codehaus/jettison/jettison/1.1/jettison-1.1.jar:/home/user/.m2/repository/org/codehaus/jackson/jackson-core-asl/1.9.13/jackson-core-asl-1.9.13.jar:/home/user/.m2/repository/org/codehaus/jackson/jackson-mapper-asl/1.9.13/jackson-mapper-asl-1.9.13.jar:/home/user/.m2/repository/org/codehaus/jackson/jackson-jaxrs/1.9.13/jackson-jaxrs-1.9.13.jar:/home/user/.m2/repository/org/codehaus/jackson/jackson-xc/1.9.13/jackson-xc-1.9.13.jar:/home/user/.m2/repository/commons-logging/commons-logging/1.1.3/commons-logging-1.1.3.jar:/home/user/.m2/repository/commons-beanutils/commons-beanutils/1.9.3/commons-beanutils-1.9.3.jar:/home/user/.m2/repository/org/apache/commons/commons-configuration2/2.1.1/commons-configuration2-2.1.1.jar:/home/user/.m2/repository/org/apache/commons/commons-lang3/3.7/commons-lang3-3.7.jar:/home/user/.m2/repository/org/apache/commons/commons-text/1.4/commons-text-1.4.jar:/home/user/.m2/repository/org/apache/avro/avro/1.7.7/avro-1.7.7.jar:/home/user/.m2/repository/com/thoughtworks/paranamer/paranamer/2.3/paranamer-2.3.jar:/home/user/.m2/repository/org/xerial/snappy/snappy-java/1.0.5/snappy-java-1.0.5.jar:/home/user/.m2/repository/com/google/re2j/re2j/1.1/re2j-1.1.jar:/home/user/.m2/repository/com/google/code/gson/gson/2.2.4/gson-2.2.4.jar:/home/user/.m2/repository/com/jcraft/jsch/0.1.54/jsch-0.1.54.jar:/home/user/.m2/repository/org/apache/curator/curator-client/2.12.0/curator-client-2.12.0.jar:/home/user/.m2/repository/org/apache/curator/curator-recipes/2.12.0/curator-recipes-2.12.0.jar:/home/user/.m2/repository/com/google/code/findbugs/jsr305/3.0.0/jsr305-3.0.0.jar:/home/user/.m2/repository/org/apache/htrace/htrace-core4/4.1.0-incubating/htrace-core4-4.1.0-incubating.jar:/home/user/.m2/repository/org/apache/zookeeper/zookeeper/3.4.13/zookeeper-3.4.13.jar:/home/user/.m2/repository/org/apache/yetus/audience-annotations/0.5.0/audience-annotations-0.5.0.jar:/home/user/.m2/repository/org/codehaus/woodstox/stax2-api/3.1.4/stax2-api-3.1.4.jar:/home/user/.m2/repository/com/fasterxml/woodstox/woodstox-core/5.0.3/woodstox-core-5.0.3.jar:/home/user/.m2/repository/dnsjava/dnsjava/2.1.7/dnsjava-2.1.7.jar:/home/user/.m2/repository/org/apache/hadoop/hadoop-hdfs/3.2.0/hadoop-hdfs-3.2.0-tests.jar:/home/user/.m2/repository/org/eclipse/jetty/jetty-util-ajax/9.3.24.v20180605/jetty-util-ajax-9.3.24.v20180605.jar:/home/user/.m2/repository/commons-daemon/commons-daemon/1.0.13/commons-daemon-1.0.13.jar:/home/user/.m2/repository/io/netty/netty/3.10.5.Final/netty-3.10.5.Final.jar:/home/user/.m2/repository/io/netty/netty-all/4.0.52.Final/netty-all-4.0.52.Final.jar:/home/user/.m2/repository/org/fusesource/leveldbjni/leveldbjni-all/1.8/leveldbjni-all-1.8.jar:"/>
    <property name="java.vm.vendor" value="IcedTea"/>
    <property name="sun.arch.data.model" value="64"/>
    <property name="test.build.dir" value="/workdir/hadoop-ozone/integration-test/target/test-dir"/>
    <property name="test.cache.data" value=""/>
    <property name="java.vendor.url" value="https://icedtea.classpath.org"/>
    <property name="user.timezone" value=""/>
    <property name="java.vm.specification.version" value="1.8"/>
    <property name="os.name" value="Linux"/>
    <property name="test.build.data" value="/workdir/hadoop-ozone/integration-test/target/test-dir"/>
    <property name="user.country" value="US"/>
    <property name="sun.java.launcher" value="SUN_STANDARD"/>
    <property name="sun.boot.library.path" value="/usr/lib/jvm/java-1.8-openjdk/jre/lib/amd64"/>
    <property name="sun.java.command" value="/workdir/hadoop-ozone/integration-test/target/surefire/surefirebooter5799388949899898827.jar /workdir/hadoop-ozone/integration-test/target/surefire 2019-07-14T15-23-37_400-jvmRun1 surefire7381243015704770173tmp surefire_716960807368737384904tmp"/>
    <property name="surefire.test.class.path" value="/workdir/hadoop-ozone/integration-test/target/test-classes:/workdir/hadoop-ozone/integration-test/target/classes:/home/user/.m2/repository/org/apache/hadoop/hadoop-ozone-common/0.5.0-SNAPSHOT/hadoop-ozone-common-0.5.0-SNAPSHOT.jar:/home/user/.m2/repository/org/apache/commons/commons-compress/1.4.1/commons-compress-1.4.1.jar:/home/user/.m2/repository/org/tukaani/xz/1.0/xz-1.0.jar:/home/user/.m2/repository/org/apache/hadoop/hadoop-common/3.2.0/hadoop-common-3.2.0.jar:/home/user/.m2/repository/org/apache/hadoop/hadoop-hdfs/3.2.0/hadoop-hdfs-3.2.0.jar:/home/user/.m2/repository/org/apache/hadoop/hadoop-hdfs-client/3.2.0/hadoop-hdfs-client-3.2.0.jar:/home/user/.m2/repository/com/fasterxml/jackson/core/jackson-annotations/2.9.5/jackson-annotations-2.9.5.jar:/home/user/.m2/repository/org/apache/hadoop/hadoop-hdds-common/0.5.0-SNAPSHOT/hadoop-hdds-common-0.5.0-SNAPSHOT.jar:/home/user/.m2/repository/javax/annotation/javax.annotation-api/1.2/javax.annotation-api-1.2.jar:/home/user/.m2/repository/org/apache/ratis/ratis-server/0.4.0-2337318-SNAPSHOT/ratis-server-0.4.0-2337318-SNAPSHOT.jar:/home/user/.m2/repository/org/apache/ratis/ratis-thirdparty-misc/0.2.0/ratis-thirdparty-misc-0.2.0.jar:/home/user/.m2/repository/org/apache/ratis/ratis-proto/0.4.0-2337318-SNAPSHOT/ratis-proto-0.4.0-2337318-SNAPSHOT.jar:/home/user/.m2/repository/org/apache/ratis/ratis-common/0.4.0-2337318-SNAPSHOT/ratis-common-0.4.0-2337318-SNAPSHOT.jar:/home/user/.m2/repository/org/apache/ratis/ratis-client/0.4.0-2337318-SNAPSHOT/ratis-client-0.4.0-2337318-SNAPSHOT.jar:/home/user/.m2/repository/org/apache/ratis/ratis-metrics/0.4.0-2337318-SNAPSHOT/ratis-metrics-0.4.0-2337318-SNAPSHOT.jar:/home/user/.m2/repository/org/apache/ratis/ratis-netty/0.4.0-2337318-SNAPSHOT/ratis-netty-0.4.0-2337318-SNAPSHOT.jar:/home/user/.m2/repository/org/apache/ratis/ratis-grpc/0.4.0-2337318-SNAPSHOT/ratis-grpc-0.4.0-2337318-SNAPSHOT.jar:/home/user/.m2/repository/org/rocksdb/rocksdbjni/6.0.1/rocksdbjni-6.0.1.jar:/home/user/.m2/repository/org/apache/logging/log4j/log4j-api/2.11.0/log4j-api-2.11.0.jar:/home/user/.m2/repository/org/apache/logging/log4j/log4j-core/2.11.0/log4j-core-2.11.0.jar:/home/user/.m2/repository/com/lmax/disruptor/3.4.2/disruptor-3.4.2.jar:/home/user/.m2/repository/org/apache/commons/commons-pool2/2.6.0/commons-pool2-2.6.0.jar:/home/user/.m2/repository/org/bouncycastle/bcpkix-jdk15on/1.60/bcpkix-jdk15on-1.60.jar:/home/user/.m2/repository/commons-validator/commons-validator/1.6/commons-validator-1.6.jar:/home/user/.m2/repository/commons-digester/commons-digester/1.8.1/commons-digester-1.8.1.jar:/home/user/.m2/repository/io/jaegertracing/jaeger-client/0.33.1/jaeger-client-0.33.1.jar:/home/user/.m2/repository/io/jaegertracing/jaeger-thrift/0.33.1/jaeger-thrift-0.33.1.jar:/home/user/.m2/repository/org/apache/thrift/libthrift/0.11.0/libthrift-0.11.0.jar:/home/user/.m2/repository/com/squareup/okhttp3/okhttp/3.9.0/okhttp-3.9.0.jar:/home/user/.m2/repository/com/squareup/okio/okio/1.13.0/okio-1.13.0.jar:/home/user/.m2/repository/io/jaegertracing/jaeger-core/0.33.1/jaeger-core-0.33.1.jar:/home/user/.m2/repository/io/jaegertracing/jaeger-tracerresolver/0.33.1/jaeger-tracerresolver-0.33.1.jar:/home/user/.m2/repository/io/opentracing/contrib/opentracing-tracerresolver/0.1.5/opentracing-tracerresolver-0.1.5.jar:/home/user/.m2/repository/io/opentracing/opentracing-util/0.31.0/opentracing-util-0.31.0.jar:/home/user/.m2/repository/io/opentracing/opentracing-api/0.31.0/opentracing-api-0.31.0.jar:/home/user/.m2/repository/io/opentracing/opentracing-noop/0.31.0/opentracing-noop-0.31.0.jar:/home/user/.m2/repository/org/apache/hadoop/hadoop-hdds-server-framework/0.5.0-SNAPSHOT/hadoop-hdds-server-framework-0.5.0-SNAPSHOT.jar:/home/user/.m2/repository/org/apache/hadoop/hadoop-hdds-container-service/0.5.0-SNAPSHOT/hadoop-hdds-container-service-0.5.0-SNAPSHOT.jar:/home/user/.m2/repository/org/apache/hadoop/hadoop-hdds-client/0.5.0-SNAPSHOT/hadoop-hdds-client-0.5.0-SNAPSHOT.jar:/home/user/.m2/repository/org/apache/hadoop/hadoop-hdds-tools/0.5.0-SNAPSHOT/hadoop-hdds-tools-0.5.0-SNAPSHOT.jar:/home/user/.m2/repository/org/apache/hadoop/hadoop-hdds-server-scm/0.5.0-SNAPSHOT/hadoop-hdds-server-scm-0.5.0-SNAPSHOT.jar:/home/user/.m2/repository/org/apache/hadoop/hadoop-hdds-docs/0.5.0-SNAPSHOT/hadoop-hdds-docs-0.5.0-SNAPSHOT.jar:/home/user/.m2/repository/io/dropwizard/metrics/metrics-core/3.2.4/metrics-core-3.2.4.jar:/home/user/.m2/repository/org/hamcrest/hamcrest-all/1.3/hamcrest-all-1.3.jar:/home/user/.m2/repository/org/bouncycastle/bcprov-jdk15on/1.60/bcprov-jdk15on-1.60.jar:/home/user/.m2/repository/info/picocli/picocli/3.9.6/picocli-3.9.6.jar:/home/user/.m2/repository/com/google/protobuf/protobuf-java/2.5.0/protobuf-java-2.5.0.jar:/home/user/.m2/repository/com/google/guava/guava/11.0.2/guava-11.0.2.jar:/home/user/.m2/repository/org/apache/hadoop/hadoop-ozone-ozone-manager/0.5.0-SNAPSHOT/hadoop-ozone-ozone-manager-0.5.0-SNAPSHOT.jar:/home/user/.m2/repository/org/apache/hadoop/hadoop-minikdc/3.2.0/hadoop-minikdc-3.2.0.jar:/home/user/.m2/repository/commons-io/commons-io/2.5/commons-io-2.5.jar:/home/user/.m2/repository/org/apache/kerby/kerb-simplekdc/1.0.1/kerb-simplekdc-1.0.1.jar:/home/user/.m2/repository/org/apache/kerby/kerb-client/1.0.1/kerb-client-1.0.1.jar:/home/user/.m2/repository/org/apache/kerby/kerby-config/1.0.1/kerby-config-1.0.1.jar:/home/user/.m2/repository/org/apache/kerby/kerb-core/1.0.1/kerb-core-1.0.1.jar:/home/user/.m2/repository/org/apache/kerby/kerby-pkix/1.0.1/kerby-pkix-1.0.1.jar:/home/user/.m2/repository/org/apache/kerby/kerby-asn1/1.0.1/kerby-asn1-1.0.1.jar:/home/user/.m2/repository/org/apache/kerby/kerby-util/1.0.1/kerby-util-1.0.1.jar:/home/user/.m2/repository/org/apache/kerby/kerb-common/1.0.1/kerb-common-1.0.1.jar:/home/user/.m2/repository/org/apache/kerby/kerb-crypto/1.0.1/kerb-crypto-1.0.1.jar:/home/user/.m2/repository/org/apache/kerby/kerb-util/1.0.1/kerb-util-1.0.1.jar:/home/user/.m2/repository/org/apache/kerby/token-provider/1.0.1/token-provider-1.0.1.jar:/home/user/.m2/repository/org/apache/kerby/kerb-admin/1.0.1/kerb-admin-1.0.1.jar:/home/user/.m2/repository/org/apache/kerby/kerb-server/1.0.1/kerb-server-1.0.1.jar:/home/user/.m2/repository/org/apache/kerby/kerb-identity/1.0.1/kerb-identity-1.0.1.jar:/home/user/.m2/repository/org/apache/kerby/kerby-xdr/1.0.1/kerby-xdr-1.0.1.jar:/home/user/.m2/repository/org/slf4j/slf4j-log4j12/1.7.25/slf4j-log4j12-1.7.25.jar:/home/user/.m2/repository/org/apache/hadoop/hadoop-ozone-objectstore-service/0.5.0-SNAPSHOT/hadoop-ozone-objectstore-service-0.5.0-SNAPSHOT.jar:/home/user/.m2/repository/org/apache/hadoop/hadoop-ozone-s3gateway/0.5.0-SNAPSHOT/hadoop-ozone-s3gateway-0.5.0-SNAPSHOT.jar:/home/user/.m2/repository/org/jboss/weld/servlet/weld-servlet/2.4.7.Final/weld-servlet-2.4.7.Final.jar:/home/user/.m2/repository/org/glassfish/jersey/containers/jersey-container-servlet-core/2.27/jersey-container-servlet-core-2.27.jar:/home/user/.m2/repository/org/glassfish/hk2/external/javax.inject/2.5.0-b42/javax.inject-2.5.0-b42.jar:/home/user/.m2/repository/org/glassfish/jersey/core/jersey-common/2.27/jersey-common-2.27.jar:/home/user/.m2/repository/org/glassfish/hk2/osgi-resource-locator/1.0.1/osgi-resource-locator-1.0.1.jar:/home/user/.m2/repository/javax/ws/rs/javax.ws.rs-api/2.1/javax.ws.rs-api-2.1.jar:/home/user/.m2/repository/org/glassfish/jersey/ext/cdi/jersey-cdi1x/2.27/jersey-cdi1x-2.27.jar:/home/user/.m2/repository/org/glassfish/jersey/inject/jersey-hk2/2.27/jersey-hk2-2.27.jar:/home/user/.m2/repository/org/glassfish/hk2/hk2-locator/2.5.0-b42/hk2-locator-2.5.0-b42.jar:/home/user/.m2/repository/org/javassist/javassist/3.22.0-CR2/javassist-3.22.0-CR2.jar:/home/user/.m2/repository/org/glassfish/hk2/hk2-api/2.5.0/hk2-api-2.5.0.jar:/home/user/.m2/repository/org/glassfish/hk2/external/jakarta.inject/2.5.0/jakarta.inject-2.5.0.jar:/home/user/.m2/repository/org/glassfish/hk2/hk2-utils/2.5.0/hk2-utils-2.5.0.jar:/home/user/.m2/repository/jakarta/annotation/jakarta.annotation-api/1.3.4/jakarta.annotation-api-1.3.4.jar:/home/user/.m2/repository/org/glassfish/hk2/external/aopalliance-repackaged/2.5.0/aopalliance-repackaged-2.5.0.jar:/home/user/.m2/repository/com/fasterxml/jackson/dataformat/jackson-dataformat-xml/2.9.0/jackson-dataformat-xml-2.9.0.jar:/home/user/.m2/repository/com/fasterxml/jackson/core/jackson-core/2.9.5/jackson-core-2.9.5.jar:/home/user/.m2/repository/com/fasterxml/jackson/module/jackson-module-jaxb-annotations/2.9.5/jackson-module-jaxb-annotations-2.9.5.jar:/home/user/.m2/repository/javax/enterprise/cdi-api/1.2/cdi-api-1.2.jar:/home/user/.m2/repository/javax/el/javax.el-api/3.0.0/javax.el-api-3.0.0.jar:/home/user/.m2/repository/javax/interceptor/javax.interceptor-api/1.2/javax.interceptor-api-1.2.jar:/home/user/.m2/repository/javax/inject/javax.inject/1/javax.inject-1.jar:/home/user/.m2/repository/com/sun/xml/bind/jaxb-impl/2.3.0.1/jaxb-impl-2.3.0.1.jar:/home/user/.m2/repository/com/sun/xml/bind/jaxb-core/2.3.0.1/jaxb-core-2.3.0.1.jar:/home/user/.m2/repository/javax/xml/bind/jaxb-api/2.3.0/jaxb-api-2.3.0.jar:/home/user/.m2/repository/javax/activation/activation/1.1.1/activation-1.1.1.jar:/home/user/.m2/repository/org/apache/hadoop/hadoop-ozone-csi/0.5.0-SNAPSHOT/hadoop-ozone-csi-0.5.0-SNAPSHOT.jar:/home/user/.m2/repository/com/google/protobuf/protobuf-java-util/3.5.1/protobuf-java-util-3.5.1.jar:/home/user/.m2/repository/org/apache/hadoop/hadoop-hdds-config/0.5.0-SNAPSHOT/hadoop-hdds-config-0.5.0-SNAPSHOT.jar:/home/user/.m2/repository/io/grpc/grpc-netty/1.17.1/grpc-netty-1.17.1.jar:/home/user/.m2/repository/io/grpc/grpc-core/1.17.1/grpc-core-1.17.1.jar:/home/user/.m2/repository/io/grpc/grpc-context/1.17.1/grpc-context-1.17.1.jar:/home/user/.m2/repository/com/google/errorprone/error_prone_annotations/2.2.0/error_prone_annotations-2.2.0.jar:/home/user/.m2/repository/org/codehaus/mojo/animal-sniffer-annotations/1.17/animal-sniffer-annotations-1.17.jar:/home/user/.m2/repository/io/opencensus/opencensus-api/0.17.0/opencensus-api-0.17.0.jar:/home/user/.m2/repository/io/opencensus/opencensus-contrib-grpc-metrics/0.17.0/opencensus-contrib-grpc-metrics-0.17.0.jar:/home/user/.m2/repository/io/netty/netty-codec-http2/4.1.30.Final/netty-codec-http2-4.1.30.Final.jar:/home/user/.m2/repository/io/netty/netty-codec-http/4.1.30.Final/netty-codec-http-4.1.30.Final.jar:/home/user/.m2/repository/io/netty/netty-codec/4.1.30.Final/netty-codec-4.1.30.Final.jar:/home/user/.m2/repository/io/netty/netty-handler/4.1.30.Final/netty-handler-4.1.30.Final.jar:/home/user/.m2/repository/io/netty/netty-handler-proxy/4.1.30.Final/netty-handler-proxy-4.1.30.Final.jar:/home/user/.m2/repository/io/netty/netty-codec-socks/4.1.30.Final/netty-codec-socks-4.1.30.Final.jar:/home/user/.m2/repository/io/netty/netty-transport-native-epoll/4.1.30.Final/netty-transport-native-epoll-4.1.30.Final.jar:/home/user/.m2/repository/io/netty/netty-common/4.1.30.Final/netty-common-4.1.30.Final.jar:/home/user/.m2/repository/io/netty/netty-buffer/4.1.30.Final/netty-buffer-4.1.30.Final.jar:/home/user/.m2/repository/io/netty/netty-transport/4.1.30.Final/netty-transport-4.1.30.Final.jar:/home/user/.m2/repository/io/netty/netty-resolver/4.1.30.Final/netty-resolver-4.1.30.Final.jar:/home/user/.m2/repository/io/netty/netty-transport-native-unix-common/4.1.30.Final/netty-transport-native-unix-common-4.1.30.Final.jar:/home/user/.m2/repository/io/grpc/grpc-protobuf/1.17.1/grpc-protobuf-1.17.1.jar:/home/user/.m2/repository/com/google/api/grpc/proto-google-common-protos/1.0.0/proto-google-common-protos-1.0.0.jar:/home/user/.m2/repository/io/grpc/grpc-protobuf-lite/1.17.1/grpc-protobuf-lite-1.17.1.jar:/home/user/.m2/repository/io/grpc/grpc-stub/1.17.1/grpc-stub-1.17.1.jar:/home/user/.m2/repository/org/apache/hadoop/hadoop-ozone-recon/0.5.0-SNAPSHOT/hadoop-ozone-recon-0.5.0-SNAPSHOT.jar:/home/user/.m2/repository/org/apache/hadoop/hadoop-ozone-reconcodegen/0.5.0-SNAPSHOT/hadoop-ozone-reconcodegen-0.5.0-SNAPSHOT.jar:/home/user/.m2/repository/com/google/inject/extensions/guice-multibindings/4.0/guice-multibindings-4.0.jar:/home/user/.m2/repository/com/google/inject/guice/4.0/guice-4.0.jar:/home/user/.m2/repository/aopalliance/aopalliance/1.0/aopalliance-1.0.jar:/home/user/.m2/repository/com/google/inject/extensions/guice-servlet/4.0/guice-servlet-4.0.jar:/home/user/.m2/repository/org/glassfish/jersey/containers/jersey-container-servlet/2.27/jersey-container-servlet-2.27.jar:/home/user/.m2/repository/org/glassfish/hk2/guice-bridge/2.5.0/guice-bridge-2.5.0.jar:/home/user/.m2/repository/org/glassfish/jersey/core/jersey-server/2.27/jersey-server-2.27.jar:/home/user/.m2/repository/org/glassfish/jersey/core/jersey-client/2.27/jersey-client-2.27.jar:/home/user/.m2/repository/org/glassfish/jersey/media/jersey-media-jaxb/2.27/jersey-media-jaxb-2.27.jar:/home/user/.m2/repository/javax/validation/validation-api/1.1.0.Final/validation-api-1.1.0.Final.jar:/home/user/.m2/repository/org/glassfish/jersey/media/jersey-media-json-jackson/2.27/jersey-media-json-jackson-2.27.jar:/home/user/.m2/repository/org/glassfish/jersey/ext/jersey-entity-filtering/2.27/jersey-entity-filtering-2.27.jar:/home/user/.m2/repository/com/google/inject/extensions/guice-assistedinject/4.0/guice-assistedinject-4.0.jar:/home/user/.m2/repository/org/jooq/jooq/3.11.10/jooq-3.11.10.jar:/home/user/.m2/repository/org/jooq/jooq-meta/3.11.10/jooq-meta-3.11.10.jar:/home/user/.m2/repository/org/jooq/jooq-codegen/3.11.10/jooq-codegen-3.11.10.jar:/home/user/.m2/repository/com/jolbox/bonecp/0.8.0.RELEASE/bonecp-0.8.0.RELEASE.jar:/home/user/.m2/repository/org/xerial/sqlite-jdbc/3.25.2/sqlite-jdbc-3.25.2.jar:/home/user/.m2/repository/org/springframework/spring-jdbc/5.1.3.RELEASE/spring-jdbc-5.1.3.RELEASE.jar:/home/user/.m2/repository/org/springframework/spring-beans/5.1.3.RELEASE/spring-beans-5.1.3.RELEASE.jar:/home/user/.m2/repository/org/springframework/spring-core/5.1.3.RELEASE/spring-core-5.1.3.RELEASE.jar:/home/user/.m2/repository/org/springframework/spring-jcl/5.1.3.RELEASE/spring-jcl-5.1.3.RELEASE.jar:/home/user/.m2/repository/org/springframework/spring-tx/5.1.3.RELEASE/spring-tx-5.1.3.RELEASE.jar:/home/user/.m2/repository/org/apache/hadoop/hadoop-ozone-client/0.5.0-SNAPSHOT/hadoop-ozone-client-0.5.0-SNAPSHOT.jar:/home/user/.m2/repository/commons-lang/commons-lang/2.6/commons-lang-2.6.jar:/home/user/.m2/repository/org/apache/hadoop/hadoop-ozone-ozone-manager/0.5.0-SNAPSHOT/hadoop-ozone-ozone-manager-0.5.0-SNAPSHOT-tests.jar:/home/user/.m2/repository/junit/junit/4.11/junit-4.11.jar:/home/user/.m2/repository/org/hamcrest/hamcrest-core/1.3/hamcrest-core-1.3.jar:/home/user/.m2/repository/org/openjdk/jmh/jmh-core/1.19/jmh-core-1.19.jar:/home/user/.m2/repository/net/sf/jopt-simple/jopt-simple/4.6/jopt-simple-4.6.jar:/home/user/.m2/repository/org/apache/commons/commons-math3/3.1.1/commons-math3-3.1.1.jar:/home/user/.m2/repository/org/openjdk/jmh/jmh-generator-annprocess/1.19/jmh-generator-annprocess-1.19.jar:/home/user/.m2/repository/org/mockito/mockito-all/1.8.5/mockito-all-1.8.5.jar:/home/user/.m2/repository/org/apache/hadoop/hadoop-kms/3.2.0/hadoop-kms-3.2.0.jar:/home/user/.m2/repository/org/apache/hadoop/hadoop-auth/3.2.0/hadoop-auth-3.2.0.jar:/home/user/.m2/repository/com/nimbusds/nimbus-jose-jwt/4.41.1/nimbus-jose-jwt-4.41.1.jar:/home/user/.m2/repository/com/github/stephenc/jcip/jcip-annotations/1.0-1/jcip-annotations-1.0-1.jar:/home/user/.m2/repository/net/minidev/json-smart/2.3/json-smart-2.3.jar:/home/user/.m2/repository/net/minidev/accessors-smart/1.2/accessors-smart-1.2.jar:/home/user/.m2/repository/org/ow2/asm/asm/5.0.4/asm-5.0.4.jar:/home/user/.m2/repository/org/apache/curator/curator-framework/2.12.0/curator-framework-2.12.0.jar:/home/user/.m2/repository/com/sun/jersey/jersey-core/1.19/jersey-core-1.19.jar:/home/user/.m2/repository/javax/ws/rs/jsr311-api/1.1.1/jsr311-api-1.1.1.jar:/home/user/.m2/repository/com/sun/jersey/jersey-server/1.19/jersey-server-1.19.jar:/home/user/.m2/repository/javax/servlet/javax.servlet-api/3.1.0/javax.servlet-api-3.1.0.jar:/home/user/.m2/repository/org/eclipse/jetty/jetty-server/9.3.24.v20180605/jetty-server-9.3.24.v20180605.jar:/home/user/.m2/repository/org/eclipse/jetty/jetty-http/9.3.24.v20180605/jetty-http-9.3.24.v20180605.jar:/home/user/.m2/repository/org/eclipse/jetty/jetty-io/9.3.24.v20180605/jetty-io-9.3.24.v20180605.jar:/home/user/.m2/repository/org/eclipse/jetty/jetty-webapp/9.3.24.v20180605/jetty-webapp-9.3.24.v20180605.jar:/home/user/.m2/repository/org/eclipse/jetty/jetty-xml/9.3.24.v20180605/jetty-xml-9.3.24.v20180605.jar:/home/user/.m2/repository/log4j/log4j/1.2.17/log4j-1.2.17.jar:/home/user/.m2/repository/org/slf4j/slf4j-api/1.7.25/slf4j-api-1.7.25.jar:/home/user/.m2/repository/org/slf4j/jul-to-slf4j/1.7.25/jul-to-slf4j-1.7.25.jar:/home/user/.m2/repository/org/eclipse/jetty/jetty-util/9.3.24.v20180605/jetty-util-9.3.24.v20180605.jar:/home/user/.m2/repository/com/fasterxml/jackson/core/jackson-databind/2.9.5/jackson-databind-2.9.5.jar:/home/user/.m2/repository/org/apache/hadoop/hadoop-kms/3.2.0/hadoop-kms-3.2.0-tests.jar:/home/user/.m2/repository/org/apache/hadoop/hadoop-hdds-server-scm/0.5.0-SNAPSHOT/hadoop-hdds-server-scm-0.5.0-SNAPSHOT-tests.jar:/home/user/.m2/repository/org/apache/hadoop/hadoop-hdds-container-service/0.5.0-SNAPSHOT/hadoop-hdds-container-service-0.5.0-SNAPSHOT-tests.jar:/home/user/.m2/repository/org/yaml/snakeyaml/1.16/snakeyaml-1.16.jar:/home/user/.m2/repository/org/apache/hadoop/hadoop-common/3.2.0/hadoop-common-3.2.0-tests.jar:/home/user/.m2/repository/org/apache/hadoop/hadoop-annotations/3.2.0/hadoop-annotations-3.2.0.jar:/usr/lib/jvm/java-1.8-openjdk/jre/../lib/tools.jar:/home/user/.m2/repository/commons-cli/commons-cli/1.2/commons-cli-1.2.jar:/home/user/.m2/repository/org/apache/httpcomponents/httpclient/4.5.2/httpclient-4.5.2.jar:/home/user/.m2/repository/org/apache/httpcomponents/httpcore/4.4.4/httpcore-4.4.4.jar:/home/user/.m2/repository/commons-codec/commons-codec/1.11/commons-codec-1.11.jar:/home/user/.m2/repository/commons-net/commons-net/3.6/commons-net-3.6.jar:/home/user/.m2/repository/commons-collections/commons-collections/3.2.2/commons-collections-3.2.2.jar:/home/user/.m2/repository/org/eclipse/jetty/jetty-servlet/9.3.24.v20180605/jetty-servlet-9.3.24.v20180605.jar:/home/user/.m2/repository/org/eclipse/jetty/jetty-security/9.3.24.v20180605/jetty-security-9.3.24.v20180605.jar:/home/user/.m2/repository/javax/servlet/jsp/jsp-api/2.1/jsp-api-2.1.jar:/home/user/.m2/repository/com/sun/jersey/jersey-servlet/1.19/jersey-servlet-1.19.jar:/home/user/.m2/repository/com/sun/jersey/jersey-json/1.19/jersey-json-1.19.jar:/home/user/.m2/repository/org/codehaus/jettison/jettison/1.1/jettison-1.1.jar:/home/user/.m2/repository/org/codehaus/jackson/jackson-core-asl/1.9.13/jackson-core-asl-1.9.13.jar:/home/user/.m2/repository/org/codehaus/jackson/jackson-mapper-asl/1.9.13/jackson-mapper-asl-1.9.13.jar:/home/user/.m2/repository/org/codehaus/jackson/jackson-jaxrs/1.9.13/jackson-jaxrs-1.9.13.jar:/home/user/.m2/repository/org/codehaus/jackson/jackson-xc/1.9.13/jackson-xc-1.9.13.jar:/home/user/.m2/repository/commons-logging/commons-logging/1.1.3/commons-logging-1.1.3.jar:/home/user/.m2/repository/commons-beanutils/commons-beanutils/1.9.3/commons-beanutils-1.9.3.jar:/home/user/.m2/repository/org/apache/commons/commons-configuration2/2.1.1/commons-configuration2-2.1.1.jar:/home/user/.m2/repository/org/apache/commons/commons-lang3/3.7/commons-lang3-3.7.jar:/home/user/.m2/repository/org/apache/commons/commons-text/1.4/commons-text-1.4.jar:/home/user/.m2/repository/org/apache/avro/avro/1.7.7/avro-1.7.7.jar:/home/user/.m2/repository/com/thoughtworks/paranamer/paranamer/2.3/paranamer-2.3.jar:/home/user/.m2/repository/org/xerial/snappy/snappy-java/1.0.5/snappy-java-1.0.5.jar:/home/user/.m2/repository/com/google/re2j/re2j/1.1/re2j-1.1.jar:/home/user/.m2/repository/com/google/code/gson/gson/2.2.4/gson-2.2.4.jar:/home/user/.m2/repository/com/jcraft/jsch/0.1.54/jsch-0.1.54.jar:/home/user/.m2/repository/org/apache/curator/curator-client/2.12.0/curator-client-2.12.0.jar:/home/user/.m2/repository/org/apache/curator/curator-recipes/2.12.0/curator-recipes-2.12.0.jar:/home/user/.m2/repository/com/google/code/findbugs/jsr305/3.0.0/jsr305-3.0.0.jar:/home/user/.m2/repository/org/apache/htrace/htrace-core4/4.1.0-incubating/htrace-core4-4.1.0-incubating.jar:/home/user/.m2/repository/org/apache/zookeeper/zookeeper/3.4.13/zookeeper-3.4.13.jar:/home/user/.m2/repository/org/apache/yetus/audience-annotations/0.5.0/audience-annotations-0.5.0.jar:/home/user/.m2/repository/org/codehaus/woodstox/stax2-api/3.1.4/stax2-api-3.1.4.jar:/home/user/.m2/repository/com/fasterxml/woodstox/woodstox-core/5.0.3/woodstox-core-5.0.3.jar:/home/user/.m2/repository/dnsjava/dnsjava/2.1.7/dnsjava-2.1.7.jar:/home/user/.m2/repository/org/apache/hadoop/hadoop-hdfs/3.2.0/hadoop-hdfs-3.2.0-tests.jar:/home/user/.m2/repository/org/eclipse/jetty/jetty-util-ajax/9.3.24.v20180605/jetty-util-ajax-9.3.24.v20180605.jar:/home/user/.m2/repository/commons-daemon/commons-daemon/1.0.13/commons-daemon-1.0.13.jar:/home/user/.m2/repository/io/netty/netty/3.10.5.Final/netty-3.10.5.Final.jar:/home/user/.m2/repository/io/netty/netty-all/4.0.52.Final/netty-all-4.0.52.Final.jar:/home/user/.m2/repository/org/fusesource/leveldbjni/leveldbjni-all/1.8/leveldbjni-all-1.8.jar:"/>
    <property name="sun.cpu.endian" value="little"/>
    <property name="user.home" value="/home/user"/>
    <property name="user.language" value="en"/>
    <property name="java.specification.vendor" value="Oracle Corporation"/>
    <property name="java.home" value="/usr/lib/jvm/java-1.8-openjdk/jre"/>
    <property name="java.security.krb5.conf" value="/workdir/hadoop-ozone/integration-test/target/test-classes/krb5.conf"/>
    <property name="basedir" value="/workdir/hadoop-ozone/integration-test"/>
    <property name="file.separator" value="/"/>
    <property name="line.separator" value="&#10;"/>
    <property name="java.vm.specification.vendor" value="Oracle Corporation"/>
    <property name="java.specification.name" value="Java Platform API Specification"/>
    <property name="java.awt.graphicsenv" value="sun.awt.X11GraphicsEnvironment"/>
    <property name="surefire.real.class.path" value="/workdir/hadoop-ozone/integration-test/target/surefire/surefirebooter5799388949899898827.jar"/>
    <property name="hadoop.log.dir" value="/workdir/hadoop-ozone/integration-test/target/log"/>
    <property name="sun.boot.class.path" value="/usr/lib/jvm/java-1.8-openjdk/jre/lib/resources.jar:/usr/lib/jvm/java-1.8-openjdk/jre/lib/rt.jar:/usr/lib/jvm/java-1.8-openjdk/jre/lib/sunrsasign.jar:/usr/lib/jvm/java-1.8-openjdk/jre/lib/jsse.jar:/usr/lib/jvm/java-1.8-openjdk/jre/lib/jce.jar:/usr/lib/jvm/java-1.8-openjdk/jre/lib/charsets.jar:/usr/lib/jvm/java-1.8-openjdk/jre/lib/jfr.jar:/usr/lib/jvm/java-1.8-openjdk/jre/classes"/>
    <property name="sun.management.compiler" value="HotSpot 64-Bit Tiered Compilers"/>
    <property name="java.runtime.version" value="1.8.0_212-b04"/>
    <property name="java.net.preferIPv4Stack" value="true"/>
    <property name="user.name" value="jenkins1000"/>
    <property name="path.separator" value=":"/>
    <property name="java.security.egd" value="file:///dev/urandom"/>
    <property name="os.version" value="3.10.0-957.12.2.el7.x86_64"/>
    <property name="java.endorsed.dirs" value="/usr/lib/jvm/java-1.8-openjdk/jre/lib/endorsed"/>
    <property name="java.runtime.name" value="OpenJDK Runtime Environment"/>
    <property name="file.encoding" value="UTF-8"/>
    <property name="java.vm.name" value="OpenJDK 64-Bit Server VM"/>
    <property name="test.build.webapps" value=""/>
    <property name="localRepository" value="/home/user/.m2/repository"/>
    <property name="java.vendor.url.bug" value="https://icedtea.classpath.org/bugzilla"/>
    <property name="java.io.tmpdir" value="/tmp"/>
    <property name="require.test.libhadoop" value=""/>
    <property name="java.version" value="1.8.0_212"/>
    <property name="user.dir" value="/workdir/hadoop-ozone/integration-test"/>
    <property name="os.arch" value="amd64"/>
    <property name="java.vm.specification.name" value="Java Virtual Machine Specification"/>
    <property name="test.build.classes" value="/workdir/hadoop-ozone/integration-test/target/test-classes"/>
    <property name="java.awt.printerjob" value="sun.print.PSPrinterJob"/>
    <property name="sun.os.patch.level" value="unknown"/>
    <property name="hadoop.tmp.dir" value="/workdir/hadoop-ozone/integration-test/target/tmp"/>
    <property name="java.library.path" value="/usr/lib/jvm/java-1.8-openjdk/jre/lib/amd64/server:/usr/lib/jvm/java-1.8-openjdk/jre/lib/amd64:/usr/lib/jvm/java-1.8-openjdk/jre/../lib/amd64:/workdir/hadoop-ozone/integration-test/target/native/target/usr/local/lib:/workdir/hadoop-ozone/integration-test/../../hadoop-common-project/hadoop-common/target/native/target/usr/local/lib:/usr/java/packages/lib/amd64:/usr/lib64:/lib64:/lib:/usr/lib"/>
    <property name="java.vm.info" value="mixed mode"/>
    <property name="java.vendor" value="IcedTea"/>
    <property name="java.vm.version" value="25.212-b04"/>
    <property name="java.ext.dirs" value="/usr/lib/jvm/java-1.8-openjdk/jre/lib/ext:/usr/java/packages/lib/ext"/>
    <property name="sun.io.unicode.encoding" value="UnicodeLittle"/>
    <property name="java.class.version" value="52.0"/>
  </properties>
  <testcase name="testPutKeySuccessWithBlockToken" classname="org.apache.hadoop.ozone.client.rpc.TestSecureOzoneRpcClient" time="1.782"/>
  <testcase name="testKeyOpFailureWithoutBlockToken" classname="org.apache.hadoop.ozone.client.rpc.TestSecureOzoneRpcClient" time="0">
    <skipped message="Needs to be moved out of this class as  client setup is static"/>
  </testcase>
  <testcase name="testMultipartUpload" classname="org.apache.hadoop.ozone.client.rpc.TestSecureOzoneRpcClient" time="4.637">
    <error message="Unexpected Storage Container Exception: org.apache.hadoop.hdds.scm.container.common.helpers.StorageContainerException: ContainerID 2 does not exist" type="java.io.IOException">java.io.IOException: Unexpected Storage Container Exception: org.apache.hadoop.hdds.scm.container.common.helpers.StorageContainerException: ContainerID 2 does not exist
	at org.apache.hadoop.hdds.scm.storage.BlockOutputStream.setIoException(BlockOutputStream.java:549)
	at org.apache.hadoop.hdds.scm.storage.BlockOutputStream.validateResponse(BlockOutputStream.java:540)
	at org.apache.hadoop.hdds.scm.storage.BlockOutputStream.lambda$writeChunkToContainer$2(BlockOutputStream.java:615)
	at java.util.concurrent.CompletableFuture.uniApply(CompletableFuture.java:602)
	at java.util.concurrent.CompletableFuture$UniApply.tryFire(CompletableFuture.java:577)
	at java.util.concurrent.CompletableFuture$Completion.run(CompletableFuture.java:442)
	at java.util.concurrent.ThreadPoolExecutor.runWorker(ThreadPoolExecutor.java:1149)
	at java.util.concurrent.ThreadPoolExecutor$Worker.run(ThreadPoolExecutor.java:624)
	at java.lang.Thread.run(Thread.java:748)
Caused by: org.apache.hadoop.hdds.scm.container.common.helpers.StorageContainerException: ContainerID 2 does not exist
	at org.apache.hadoop.hdds.scm.storage.ContainerProtocolCalls.validateContainerResponse(ContainerProtocolCalls.java:536)
	at org.apache.hadoop.hdds.scm.storage.BlockOutputStream.validateResponse(BlockOutputStream.java:537)
	... 7 more
</error>
    <system-out><![CDATA[2019-07-14 16:35:17,892 INFO  rpc.RpcClient (RpcClient.java:createVolume(287)) - Creating Volume: 2a63a979-e41e-482d-98e6-8d621f2e34e5, with jenkins1000 as owner.
2019-07-14 16:35:17,896 INFO  rpc.RpcClient (RpcClient.java:createBucket(424)) - Creating Bucket: 2a63a979-e41e-482d-98e6-8d621f2e34e5/4159852d-7c65-416f-ad98-1a31bf7c836c, with Versioning false and Storage Type set to DISK and Encryption set to false 
2019-07-14 16:35:18,037 INFO  client.GrpcClientProtocolClient (GrpcClientProtocolClient.java:onNext(255)) - client-F95293D52F67->809a6994-cddd-4239-ab19-d890f54eceb5: receive RaftClientReply:client-F95293D52F67->809a6994-cddd-4239-ab19-d890f54eceb5@group-3FE76243B3D7, cid=19, FAILED org.apache.ratis.protocol.NotLeaderException: Server 809a6994-cddd-4239-ab19-d890f54eceb5 is not the leader (null). Request must be sent to leader., logIndex=0, commits[809a6994-cddd-4239-ab19-d890f54eceb5:c-1]
2019-07-14 16:35:19,086 INFO  client.GrpcClientProtocolClient (GrpcClientProtocolClient.java:onNext(255)) - client-F95293D52F67->c56e9eac-ce96-4317-bc9f-b13e9f3c9173: receive RaftClientReply:client-F95293D52F67->c56e9eac-ce96-4317-bc9f-b13e9f3c9173@group-3FE76243B3D7, cid=19, FAILED org.apache.ratis.protocol.NotLeaderException: Server c56e9eac-ce96-4317-bc9f-b13e9f3c9173 is not the leader (null). Request must be sent to leader., logIndex=0, commits[c56e9eac-ce96-4317-bc9f-b13e9f3c9173:c-1]
2019-07-14 16:35:20,001 INFO  impl.FollowerState (FollowerState.java:run(106)) - 661cd752-e62c-4f70-8fdb-6fc401ea7514:group-66F0932832FF changes to CANDIDATE, lastRpcTime:5019, electionTimeout:5018ms
2019-07-14 16:35:20,002 INFO  impl.RoleInfo (RoleInfo.java:shutdownFollowerState(121)) - 661cd752-e62c-4f70-8fdb-6fc401ea7514: shutdown FollowerState
2019-07-14 16:35:20,002 INFO  impl.RaftServerImpl (RaftServerImpl.java:setRole(171)) - 661cd752-e62c-4f70-8fdb-6fc401ea7514:group-66F0932832FF changes role from FOLLOWER to CANDIDATE at term 0 for changeToCandidate
2019-07-14 16:35:20,011 INFO  impl.RoleInfo (RoleInfo.java:updateAndGet(143)) - 661cd752-e62c-4f70-8fdb-6fc401ea7514: start LeaderElection
2019-07-14 16:35:20,051 INFO  impl.LeaderElection (LeaderElection.java:askForVotes(181)) - 661cd752-e62c-4f70-8fdb-6fc401ea7514:group-66F0932832FF:LeaderElection1: begin an election at term 1 for -1: [661cd752-e62c-4f70-8fdb-6fc401ea7514:192.168.69.77:40472], old=null
2019-07-14 16:35:20,054 INFO  impl.RoleInfo (RoleInfo.java:shutdownLeaderElection(134)) - 661cd752-e62c-4f70-8fdb-6fc401ea7514: shutdown LeaderElection
2019-07-14 16:35:20,054 INFO  impl.RaftServerImpl (RaftServerImpl.java:setRole(171)) - 661cd752-e62c-4f70-8fdb-6fc401ea7514:group-66F0932832FF changes role from CANDIDATE to LEADER at term 1 for changeToLeader
2019-07-14 16:35:20,055 INFO  impl.RaftServerImpl (ServerState.java:setLeader(263)) - 661cd752-e62c-4f70-8fdb-6fc401ea7514:group-66F0932832FF change Leader from null to 661cd752-e62c-4f70-8fdb-6fc401ea7514 at term 1 for becomeLeader, leader elected after 5173ms
2019-07-14 16:35:20,066 INFO  server.RaftServerConfigKeys (ConfUtils.java:logGet(43)) - raft.server.staging.catchup.gap = 1000 (default)
2019-07-14 16:35:20,066 INFO  server.RaftServerConfigKeys (ConfUtils.java:logGet(43)) - raft.server.rpc.sleep.time = 25ms (default)
2019-07-14 16:35:20,070 INFO  server.RaftServerConfigKeys (ConfUtils.java:logGet(43)) - raft.server.write.element-limit = 4096 (default)
2019-07-14 16:35:20,073 INFO  server.RaftServerConfigKeys (ConfUtils.java:logGet(43)) - raft.server.watch.timeout = 10s (default)
2019-07-14 16:35:20,074 INFO  server.RaftServerConfigKeys (ConfUtils.java:logGet(43)) - raft.server.watch.timeout.denomination = 1s (default)
2019-07-14 16:35:20,075 INFO  server.RaftServerConfigKeys (ConfUtils.java:logGet(43)) - raft.server.watch.element-limit = 65536 (default)
2019-07-14 16:35:20,086 INFO  impl.RoleInfo (RoleInfo.java:updateAndGet(143)) - 661cd752-e62c-4f70-8fdb-6fc401ea7514: start LeaderState
2019-07-14 16:35:20,121 INFO  segmented.SegmentedRaftLogWorker (SegmentedRaftLogWorker.java:startLogSegment(380)) - 661cd752-e62c-4f70-8fdb-6fc401ea7514-SegmentedRaftLogWorker:Storage Directory /workdir/hadoop-ozone/integration-test/target/test-dir/MiniOzoneClusterImpl-8cf1dee3-ffcd-4285-82f5-cc2f44ea5ab3/datanode-0/data/ratis/6b179185-ea19-4bc2-976c-66f0932832ff: Starting segment from index:0
2019-07-14 16:35:20,130 INFO  client.GrpcClientProtocolClient (GrpcClientProtocolClient.java:onNext(255)) - client-F95293D52F67->6a6dfdfc-b0dc-448c-b5a6-9b2d16926b65: receive RaftClientReply:client-F95293D52F67->6a6dfdfc-b0dc-448c-b5a6-9b2d16926b65@group-3FE76243B3D7, cid=19, FAILED org.apache.ratis.protocol.NotLeaderException: Server 6a6dfdfc-b0dc-448c-b5a6-9b2d16926b65 is not the leader (null). Request must be sent to leader., logIndex=0, commits[6a6dfdfc-b0dc-448c-b5a6-9b2d16926b65:c-1]
2019-07-14 16:35:20,149 INFO  impl.RaftServerImpl (ServerState.java:setRaftConf(361)) - 661cd752-e62c-4f70-8fdb-6fc401ea7514:group-66F0932832FF set configuration 0: [661cd752-e62c-4f70-8fdb-6fc401ea7514:192.168.69.77:40472], old=null at 0
2019-07-14 16:35:20,256 INFO  impl.FollowerState (FollowerState.java:run(106)) - 364f186b-28cb-4028-a5ac-94f7a3d4ba5b:group-4EFFE1635A6A changes to CANDIDATE, lastRpcTime:5064, electionTimeout:5059ms
2019-07-14 16:35:20,258 INFO  impl.RoleInfo (RoleInfo.java:shutdownFollowerState(121)) - 364f186b-28cb-4028-a5ac-94f7a3d4ba5b: shutdown FollowerState
2019-07-14 16:35:20,258 INFO  impl.RaftServerImpl (RaftServerImpl.java:setRole(171)) - 364f186b-28cb-4028-a5ac-94f7a3d4ba5b:group-4EFFE1635A6A changes role from FOLLOWER to CANDIDATE at term 0 for changeToCandidate
2019-07-14 16:35:20,259 INFO  impl.RoleInfo (RoleInfo.java:updateAndGet(143)) - 364f186b-28cb-4028-a5ac-94f7a3d4ba5b: start LeaderElection
2019-07-14 16:35:20,278 INFO  impl.LeaderElection (LeaderElection.java:askForVotes(181)) - 364f186b-28cb-4028-a5ac-94f7a3d4ba5b:group-4EFFE1635A6A:LeaderElection2: begin an election at term 1 for -1: [364f186b-28cb-4028-a5ac-94f7a3d4ba5b:192.168.69.77:33670], old=null
2019-07-14 16:35:20,281 INFO  impl.RoleInfo (RoleInfo.java:shutdownLeaderElection(134)) - 364f186b-28cb-4028-a5ac-94f7a3d4ba5b: shutdown LeaderElection
2019-07-14 16:35:20,281 INFO  impl.RaftServerImpl (RaftServerImpl.java:setRole(171)) - 364f186b-28cb-4028-a5ac-94f7a3d4ba5b:group-4EFFE1635A6A changes role from CANDIDATE to LEADER at term 1 for changeToLeader
2019-07-14 16:35:20,281 INFO  impl.RaftServerImpl (ServerState.java:setLeader(263)) - 364f186b-28cb-4028-a5ac-94f7a3d4ba5b:group-4EFFE1635A6A change Leader from null to 364f186b-28cb-4028-a5ac-94f7a3d4ba5b at term 1 for becomeLeader, leader elected after 5099ms
2019-07-14 16:35:20,284 INFO  server.RaftServerConfigKeys (ConfUtils.java:logGet(43)) - raft.server.staging.catchup.gap = 1000 (default)
2019-07-14 16:35:20,284 INFO  server.RaftServerConfigKeys (ConfUtils.java:logGet(43)) - raft.server.rpc.sleep.time = 25ms (default)
2019-07-14 16:35:20,284 INFO  server.RaftServerConfigKeys (ConfUtils.java:logGet(43)) - raft.server.write.element-limit = 4096 (default)
2019-07-14 16:35:20,284 INFO  server.RaftServerConfigKeys (ConfUtils.java:logGet(43)) - raft.server.watch.timeout = 10s (default)
2019-07-14 16:35:20,285 INFO  server.RaftServerConfigKeys (ConfUtils.java:logGet(43)) - raft.server.watch.timeout.denomination = 1s (default)
2019-07-14 16:35:20,285 INFO  server.RaftServerConfigKeys (ConfUtils.java:logGet(43)) - raft.server.watch.element-limit = 65536 (default)
2019-07-14 16:35:20,285 INFO  impl.RoleInfo (RoleInfo.java:updateAndGet(143)) - 364f186b-28cb-4028-a5ac-94f7a3d4ba5b: start LeaderState
2019-07-14 16:35:20,285 INFO  segmented.SegmentedRaftLogWorker (SegmentedRaftLogWorker.java:startLogSegment(380)) - 364f186b-28cb-4028-a5ac-94f7a3d4ba5b-SegmentedRaftLogWorker:Storage Directory /workdir/hadoop-ozone/integration-test/target/test-dir/MiniOzoneClusterImpl-8cf1dee3-ffcd-4285-82f5-cc2f44ea5ab3/datanode-1/data/ratis/445e4dd0-52d9-440a-85e0-4effe1635a6a: Starting segment from index:0
2019-07-14 16:35:20,286 INFO  impl.RaftServerImpl (ServerState.java:setRaftConf(361)) - 364f186b-28cb-4028-a5ac-94f7a3d4ba5b:group-4EFFE1635A6A set configuration 0: [364f186b-28cb-4028-a5ac-94f7a3d4ba5b:192.168.69.77:33670], old=null at 0
2019-07-14 16:35:20,340 INFO  segmented.SegmentedRaftLogWorker (SegmentedRaftLogWorker.java:execute(569)) - 364f186b-28cb-4028-a5ac-94f7a3d4ba5b-SegmentedRaftLogWorker:Storage Directory /workdir/hadoop-ozone/integration-test/target/test-dir/MiniOzoneClusterImpl-8cf1dee3-ffcd-4285-82f5-cc2f44ea5ab3/datanode-1/data/ratis/445e4dd0-52d9-440a-85e0-4effe1635a6a: created new log segment /workdir/hadoop-ozone/integration-test/target/test-dir/MiniOzoneClusterImpl-8cf1dee3-ffcd-4285-82f5-cc2f44ea5ab3/datanode-1/data/ratis/445e4dd0-52d9-440a-85e0-4effe1635a6a/current/log_inprogress_0
2019-07-14 16:35:20,340 INFO  segmented.SegmentedRaftLogWorker (SegmentedRaftLogWorker.java:execute(569)) - 661cd752-e62c-4f70-8fdb-6fc401ea7514-SegmentedRaftLogWorker:Storage Directory /workdir/hadoop-ozone/integration-test/target/test-dir/MiniOzoneClusterImpl-8cf1dee3-ffcd-4285-82f5-cc2f44ea5ab3/datanode-0/data/ratis/6b179185-ea19-4bc2-976c-66f0932832ff: created new log segment /workdir/hadoop-ozone/integration-test/target/test-dir/MiniOzoneClusterImpl-8cf1dee3-ffcd-4285-82f5-cc2f44ea5ab3/datanode-0/data/ratis/6b179185-ea19-4bc2-976c-66f0932832ff/current/log_inprogress_0
2019-07-14 16:35:20,379 INFO  impl.FollowerState (FollowerState.java:run(106)) - 7c90c030-0d77-485f-8ae5-7fd0c6b87ec6:group-661944770A05 changes to CANDIDATE, lastRpcTime:5082, electionTimeout:5082ms
2019-07-14 16:35:20,383 INFO  impl.RoleInfo (RoleInfo.java:shutdownFollowerState(121)) - 7c90c030-0d77-485f-8ae5-7fd0c6b87ec6: shutdown FollowerState
2019-07-14 16:35:20,383 INFO  impl.RaftServerImpl (RaftServerImpl.java:setRole(171)) - 7c90c030-0d77-485f-8ae5-7fd0c6b87ec6:group-661944770A05 changes role from FOLLOWER to CANDIDATE at term 0 for changeToCandidate
2019-07-14 16:35:20,384 INFO  impl.RoleInfo (RoleInfo.java:updateAndGet(143)) - 7c90c030-0d77-485f-8ae5-7fd0c6b87ec6: start LeaderElection
2019-07-14 16:35:20,405 INFO  impl.LeaderElection (LeaderElection.java:askForVotes(181)) - 7c90c030-0d77-485f-8ae5-7fd0c6b87ec6:group-661944770A05:LeaderElection3: begin an election at term 1 for -1: [7c90c030-0d77-485f-8ae5-7fd0c6b87ec6:192.168.69.77:34263], old=null
2019-07-14 16:35:20,408 INFO  impl.RoleInfo (RoleInfo.java:shutdownLeaderElection(134)) - 7c90c030-0d77-485f-8ae5-7fd0c6b87ec6: shutdown LeaderElection
2019-07-14 16:35:20,408 INFO  impl.RaftServerImpl (RaftServerImpl.java:setRole(171)) - 7c90c030-0d77-485f-8ae5-7fd0c6b87ec6:group-661944770A05 changes role from CANDIDATE to LEADER at term 1 for changeToLeader
2019-07-14 16:35:20,408 INFO  impl.RaftServerImpl (ServerState.java:setLeader(263)) - 7c90c030-0d77-485f-8ae5-7fd0c6b87ec6:group-661944770A05 change Leader from null to 7c90c030-0d77-485f-8ae5-7fd0c6b87ec6 at term 1 for becomeLeader, leader elected after 5117ms
2019-07-14 16:35:20,411 INFO  server.RaftServerConfigKeys (ConfUtils.java:logGet(43)) - raft.server.staging.catchup.gap = 1000 (default)
2019-07-14 16:35:20,411 INFO  server.RaftServerConfigKeys (ConfUtils.java:logGet(43)) - raft.server.rpc.sleep.time = 25ms (default)
2019-07-14 16:35:20,411 INFO  server.RaftServerConfigKeys (ConfUtils.java:logGet(43)) - raft.server.write.element-limit = 4096 (default)
2019-07-14 16:35:20,411 INFO  server.RaftServerConfigKeys (ConfUtils.java:logGet(43)) - raft.server.watch.timeout = 10s (default)
2019-07-14 16:35:20,412 INFO  server.RaftServerConfigKeys (ConfUtils.java:logGet(43)) - raft.server.watch.timeout.denomination = 1s (default)
2019-07-14 16:35:20,412 INFO  server.RaftServerConfigKeys (ConfUtils.java:logGet(43)) - raft.server.watch.element-limit = 65536 (default)
2019-07-14 16:35:20,412 INFO  impl.RoleInfo (RoleInfo.java:updateAndGet(143)) - 7c90c030-0d77-485f-8ae5-7fd0c6b87ec6: start LeaderState
2019-07-14 16:35:20,412 INFO  segmented.SegmentedRaftLogWorker (SegmentedRaftLogWorker.java:startLogSegment(380)) - 7c90c030-0d77-485f-8ae5-7fd0c6b87ec6-SegmentedRaftLogWorker:Storage Directory /workdir/hadoop-ozone/integration-test/target/test-dir/MiniOzoneClusterImpl-8cf1dee3-ffcd-4285-82f5-cc2f44ea5ab3/datanode-2/data/ratis/9eb0b715-4775-448d-ad2e-661944770a05: Starting segment from index:0
2019-07-14 16:35:20,413 INFO  impl.RaftServerImpl (ServerState.java:setRaftConf(361)) - 7c90c030-0d77-485f-8ae5-7fd0c6b87ec6:group-661944770A05 set configuration 0: [7c90c030-0d77-485f-8ae5-7fd0c6b87ec6:192.168.69.77:34263], old=null at 0
2019-07-14 16:35:20,448 INFO  segmented.SegmentedRaftLogWorker (SegmentedRaftLogWorker.java:execute(569)) - 7c90c030-0d77-485f-8ae5-7fd0c6b87ec6-SegmentedRaftLogWorker:Storage Directory /workdir/hadoop-ozone/integration-test/target/test-dir/MiniOzoneClusterImpl-8cf1dee3-ffcd-4285-82f5-cc2f44ea5ab3/datanode-2/data/ratis/9eb0b715-4775-448d-ad2e-661944770a05: created new log segment /workdir/hadoop-ozone/integration-test/target/test-dir/MiniOzoneClusterImpl-8cf1dee3-ffcd-4285-82f5-cc2f44ea5ab3/datanode-2/data/ratis/9eb0b715-4775-448d-ad2e-661944770a05/current/log_inprogress_0
2019-07-14 16:35:20,450 INFO  impl.FollowerState (FollowerState.java:run(106)) - 0d93ace1-f03e-41da-9627-e20667421560:group-9981A182374F changes to CANDIDATE, lastRpcTime:5066, electionTimeout:5066ms
2019-07-14 16:35:20,451 INFO  impl.RoleInfo (RoleInfo.java:shutdownFollowerState(121)) - 0d93ace1-f03e-41da-9627-e20667421560: shutdown FollowerState
2019-07-14 16:35:20,451 INFO  impl.RaftServerImpl (RaftServerImpl.java:setRole(171)) - 0d93ace1-f03e-41da-9627-e20667421560:group-9981A182374F changes role from FOLLOWER to CANDIDATE at term 0 for changeToCandidate
2019-07-14 16:35:20,451 INFO  impl.RoleInfo (RoleInfo.java:updateAndGet(143)) - 0d93ace1-f03e-41da-9627-e20667421560: start LeaderElection
2019-07-14 16:35:20,462 INFO  impl.LeaderElection (LeaderElection.java:askForVotes(181)) - 0d93ace1-f03e-41da-9627-e20667421560:group-9981A182374F:LeaderElection4: begin an election at term 1 for -1: [0d93ace1-f03e-41da-9627-e20667421560:192.168.69.77:41913], old=null
2019-07-14 16:35:20,465 INFO  impl.RoleInfo (RoleInfo.java:shutdownLeaderElection(134)) - 0d93ace1-f03e-41da-9627-e20667421560: shutdown LeaderElection
2019-07-14 16:35:20,465 INFO  impl.RaftServerImpl (RaftServerImpl.java:setRole(171)) - 0d93ace1-f03e-41da-9627-e20667421560:group-9981A182374F changes role from CANDIDATE to LEADER at term 1 for changeToLeader
2019-07-14 16:35:20,465 INFO  impl.RaftServerImpl (ServerState.java:setLeader(263)) - 0d93ace1-f03e-41da-9627-e20667421560:group-9981A182374F change Leader from null to 0d93ace1-f03e-41da-9627-e20667421560 at term 1 for becomeLeader, leader elected after 5086ms
2019-07-14 16:35:20,468 INFO  server.RaftServerConfigKeys (ConfUtils.java:logGet(43)) - raft.server.staging.catchup.gap = 1000 (default)
2019-07-14 16:35:20,468 INFO  server.RaftServerConfigKeys (ConfUtils.java:logGet(43)) - raft.server.rpc.sleep.time = 25ms (default)
2019-07-14 16:35:20,468 INFO  server.RaftServerConfigKeys (ConfUtils.java:logGet(43)) - raft.server.write.element-limit = 4096 (default)
2019-07-14 16:35:20,469 INFO  server.RaftServerConfigKeys (ConfUtils.java:logGet(43)) - raft.server.watch.timeout = 10s (default)
2019-07-14 16:35:20,469 INFO  server.RaftServerConfigKeys (ConfUtils.java:logGet(43)) - raft.server.watch.timeout.denomination = 1s (default)
2019-07-14 16:35:20,469 INFO  server.RaftServerConfigKeys (ConfUtils.java:logGet(43)) - raft.server.watch.element-limit = 65536 (default)
2019-07-14 16:35:20,469 INFO  impl.RoleInfo (RoleInfo.java:updateAndGet(143)) - 0d93ace1-f03e-41da-9627-e20667421560: start LeaderState
2019-07-14 16:35:20,470 INFO  segmented.SegmentedRaftLogWorker (SegmentedRaftLogWorker.java:startLogSegment(380)) - 0d93ace1-f03e-41da-9627-e20667421560-SegmentedRaftLogWorker:Storage Directory /workdir/hadoop-ozone/integration-test/target/test-dir/MiniOzoneClusterImpl-8cf1dee3-ffcd-4285-82f5-cc2f44ea5ab3/datanode-3/data/ratis/44377f58-b066-4524-b3e3-9981a182374f: Starting segment from index:0
2019-07-14 16:35:20,470 INFO  impl.RaftServerImpl (ServerState.java:setRaftConf(361)) - 0d93ace1-f03e-41da-9627-e20667421560:group-9981A182374F set configuration 0: [0d93ace1-f03e-41da-9627-e20667421560:192.168.69.77:41913], old=null at 0
2019-07-14 16:35:20,505 INFO  segmented.SegmentedRaftLogWorker (SegmentedRaftLogWorker.java:execute(569)) - 0d93ace1-f03e-41da-9627-e20667421560-SegmentedRaftLogWorker:Storage Directory /workdir/hadoop-ozone/integration-test/target/test-dir/MiniOzoneClusterImpl-8cf1dee3-ffcd-4285-82f5-cc2f44ea5ab3/datanode-3/data/ratis/44377f58-b066-4524-b3e3-9981a182374f: created new log segment /workdir/hadoop-ozone/integration-test/target/test-dir/MiniOzoneClusterImpl-8cf1dee3-ffcd-4285-82f5-cc2f44ea5ab3/datanode-3/data/ratis/44377f58-b066-4524-b3e3-9981a182374f/current/log_inprogress_0
2019-07-14 16:35:20,540 INFO  impl.FollowerState (FollowerState.java:run(106)) - 6dd76e0a-9c0a-4ecd-a6b9-58bf80bbf684:group-6A3F31C982B3 changes to CANDIDATE, lastRpcTime:5070, electionTimeout:5070ms
2019-07-14 16:35:20,541 INFO  impl.RoleInfo (RoleInfo.java:shutdownFollowerState(121)) - 6dd76e0a-9c0a-4ecd-a6b9-58bf80bbf684: shutdown FollowerState
2019-07-14 16:35:20,541 INFO  impl.RaftServerImpl (RaftServerImpl.java:setRole(171)) - 6dd76e0a-9c0a-4ecd-a6b9-58bf80bbf684:group-6A3F31C982B3 changes role from FOLLOWER to CANDIDATE at term 0 for changeToCandidate
2019-07-14 16:35:20,541 INFO  impl.RoleInfo (RoleInfo.java:updateAndGet(143)) - 6dd76e0a-9c0a-4ecd-a6b9-58bf80bbf684: start LeaderElection
2019-07-14 16:35:20,563 INFO  impl.LeaderElection (LeaderElection.java:askForVotes(181)) - 6dd76e0a-9c0a-4ecd-a6b9-58bf80bbf684:group-6A3F31C982B3:LeaderElection5: begin an election at term 1 for -1: [6dd76e0a-9c0a-4ecd-a6b9-58bf80bbf684:192.168.69.77:34350], old=null
2019-07-14 16:35:20,566 INFO  impl.RoleInfo (RoleInfo.java:shutdownLeaderElection(134)) - 6dd76e0a-9c0a-4ecd-a6b9-58bf80bbf684: shutdown LeaderElection
2019-07-14 16:35:20,566 INFO  impl.RaftServerImpl (RaftServerImpl.java:setRole(171)) - 6dd76e0a-9c0a-4ecd-a6b9-58bf80bbf684:group-6A3F31C982B3 changes role from CANDIDATE to LEADER at term 1 for changeToLeader
2019-07-14 16:35:20,566 INFO  impl.RaftServerImpl (ServerState.java:setLeader(263)) - 6dd76e0a-9c0a-4ecd-a6b9-58bf80bbf684:group-6A3F31C982B3 change Leader from null to 6dd76e0a-9c0a-4ecd-a6b9-58bf80bbf684 at term 1 for becomeLeader, leader elected after 5101ms
2019-07-14 16:35:20,569 INFO  server.RaftServerConfigKeys (ConfUtils.java:logGet(43)) - raft.server.staging.catchup.gap = 1000 (default)
2019-07-14 16:35:20,569 INFO  server.RaftServerConfigKeys (ConfUtils.java:logGet(43)) - raft.server.rpc.sleep.time = 25ms (default)
2019-07-14 16:35:20,569 INFO  server.RaftServerConfigKeys (ConfUtils.java:logGet(43)) - raft.server.write.element-limit = 4096 (default)
2019-07-14 16:35:20,569 INFO  server.RaftServerConfigKeys (ConfUtils.java:logGet(43)) - raft.server.watch.timeout = 10s (default)
2019-07-14 16:35:20,570 INFO  server.RaftServerConfigKeys (ConfUtils.java:logGet(43)) - raft.server.watch.timeout.denomination = 1s (default)
2019-07-14 16:35:20,570 INFO  server.RaftServerConfigKeys (ConfUtils.java:logGet(43)) - raft.server.watch.element-limit = 65536 (default)
2019-07-14 16:35:20,570 INFO  impl.RoleInfo (RoleInfo.java:updateAndGet(143)) - 6dd76e0a-9c0a-4ecd-a6b9-58bf80bbf684: start LeaderState
2019-07-14 16:35:20,570 INFO  segmented.SegmentedRaftLogWorker (SegmentedRaftLogWorker.java:startLogSegment(380)) - 6dd76e0a-9c0a-4ecd-a6b9-58bf80bbf684-SegmentedRaftLogWorker:Storage Directory /workdir/hadoop-ozone/integration-test/target/test-dir/MiniOzoneClusterImpl-8cf1dee3-ffcd-4285-82f5-cc2f44ea5ab3/datanode-8/data/ratis/ce25d3aa-f710-46f3-a803-6a3f31c982b3: Starting segment from index:0
2019-07-14 16:35:20,571 INFO  impl.RaftServerImpl (ServerState.java:setRaftConf(361)) - 6dd76e0a-9c0a-4ecd-a6b9-58bf80bbf684:group-6A3F31C982B3 set configuration 0: [6dd76e0a-9c0a-4ecd-a6b9-58bf80bbf684:192.168.69.77:34350], old=null at 0
2019-07-14 16:35:20,617 INFO  segmented.SegmentedRaftLogWorker (SegmentedRaftLogWorker.java:execute(569)) - 6dd76e0a-9c0a-4ecd-a6b9-58bf80bbf684-SegmentedRaftLogWorker:Storage Directory /workdir/hadoop-ozone/integration-test/target/test-dir/MiniOzoneClusterImpl-8cf1dee3-ffcd-4285-82f5-cc2f44ea5ab3/datanode-8/data/ratis/ce25d3aa-f710-46f3-a803-6a3f31c982b3: created new log segment /workdir/hadoop-ozone/integration-test/target/test-dir/MiniOzoneClusterImpl-8cf1dee3-ffcd-4285-82f5-cc2f44ea5ab3/datanode-8/data/ratis/ce25d3aa-f710-46f3-a803-6a3f31c982b3/current/log_inprogress_0
2019-07-14 16:35:20,641 INFO  impl.FollowerState (FollowerState.java:run(106)) - ccda97d6-f984-4376-af5e-bd1d37e9c823:group-D153676F379A changes to CANDIDATE, lastRpcTime:5096, electionTimeout:5094ms
2019-07-14 16:35:20,641 INFO  impl.RoleInfo (RoleInfo.java:shutdownFollowerState(121)) - ccda97d6-f984-4376-af5e-bd1d37e9c823: shutdown FollowerState
2019-07-14 16:35:20,641 INFO  impl.RaftServerImpl (RaftServerImpl.java:setRole(171)) - ccda97d6-f984-4376-af5e-bd1d37e9c823:group-D153676F379A changes role from FOLLOWER to CANDIDATE at term 0 for changeToCandidate
2019-07-14 16:35:20,641 INFO  impl.RoleInfo (RoleInfo.java:updateAndGet(143)) - ccda97d6-f984-4376-af5e-bd1d37e9c823: start LeaderElection
2019-07-14 16:35:20,666 INFO  impl.LeaderElection (LeaderElection.java:askForVotes(181)) - ccda97d6-f984-4376-af5e-bd1d37e9c823:group-D153676F379A:LeaderElection6: begin an election at term 1 for -1: [ccda97d6-f984-4376-af5e-bd1d37e9c823:192.168.69.77:35482], old=null
2019-07-14 16:35:20,669 INFO  impl.RoleInfo (RoleInfo.java:shutdownLeaderElection(134)) - ccda97d6-f984-4376-af5e-bd1d37e9c823: shutdown LeaderElection
2019-07-14 16:35:20,669 INFO  impl.RaftServerImpl (RaftServerImpl.java:setRole(171)) - ccda97d6-f984-4376-af5e-bd1d37e9c823:group-D153676F379A changes role from CANDIDATE to LEADER at term 1 for changeToLeader
2019-07-14 16:35:20,670 INFO  impl.RaftServerImpl (ServerState.java:setLeader(263)) - ccda97d6-f984-4376-af5e-bd1d37e9c823:group-D153676F379A change Leader from null to ccda97d6-f984-4376-af5e-bd1d37e9c823 at term 1 for becomeLeader, leader elected after 5130ms
2019-07-14 16:35:20,672 INFO  server.RaftServerConfigKeys (ConfUtils.java:logGet(43)) - raft.server.staging.catchup.gap = 1000 (default)
2019-07-14 16:35:20,672 INFO  server.RaftServerConfigKeys (ConfUtils.java:logGet(43)) - raft.server.rpc.sleep.time = 25ms (default)
2019-07-14 16:35:20,673 INFO  server.RaftServerConfigKeys (ConfUtils.java:logGet(43)) - raft.server.write.element-limit = 4096 (default)
2019-07-14 16:35:20,673 INFO  server.RaftServerConfigKeys (ConfUtils.java:logGet(43)) - raft.server.watch.timeout = 10s (default)
2019-07-14 16:35:20,673 INFO  server.RaftServerConfigKeys (ConfUtils.java:logGet(43)) - raft.server.watch.timeout.denomination = 1s (default)
2019-07-14 16:35:20,673 INFO  server.RaftServerConfigKeys (ConfUtils.java:logGet(43)) - raft.server.watch.element-limit = 65536 (default)
2019-07-14 16:35:20,673 INFO  impl.RoleInfo (RoleInfo.java:updateAndGet(143)) - ccda97d6-f984-4376-af5e-bd1d37e9c823: start LeaderState
2019-07-14 16:35:20,674 INFO  segmented.SegmentedRaftLogWorker (SegmentedRaftLogWorker.java:startLogSegment(380)) - ccda97d6-f984-4376-af5e-bd1d37e9c823-SegmentedRaftLogWorker:Storage Directory /workdir/hadoop-ozone/integration-test/target/test-dir/MiniOzoneClusterImpl-8cf1dee3-ffcd-4285-82f5-cc2f44ea5ab3/datanode-6/data/ratis/1faaac8e-006d-4537-9b0f-d153676f379a: Starting segment from index:0
2019-07-14 16:35:20,674 INFO  impl.RaftServerImpl (ServerState.java:setRaftConf(361)) - ccda97d6-f984-4376-af5e-bd1d37e9c823:group-D153676F379A set configuration 0: [ccda97d6-f984-4376-af5e-bd1d37e9c823:192.168.69.77:35482], old=null at 0
2019-07-14 16:35:20,709 INFO  segmented.SegmentedRaftLogWorker (SegmentedRaftLogWorker.java:execute(569)) - ccda97d6-f984-4376-af5e-bd1d37e9c823-SegmentedRaftLogWorker:Storage Directory /workdir/hadoop-ozone/integration-test/target/test-dir/MiniOzoneClusterImpl-8cf1dee3-ffcd-4285-82f5-cc2f44ea5ab3/datanode-6/data/ratis/1faaac8e-006d-4537-9b0f-d153676f379a: created new log segment /workdir/hadoop-ozone/integration-test/target/test-dir/MiniOzoneClusterImpl-8cf1dee3-ffcd-4285-82f5-cc2f44ea5ab3/datanode-6/data/ratis/1faaac8e-006d-4537-9b0f-d153676f379a/current/log_inprogress_0
2019-07-14 16:35:20,777 INFO  impl.FollowerState (FollowerState.java:run(106)) - 809a6994-cddd-4239-ab19-d890f54eceb5:group-96936E9EF568 changes to CANDIDATE, lastRpcTime:5140, electionTimeout:5140ms
2019-07-14 16:35:20,777 INFO  impl.RoleInfo (RoleInfo.java:shutdownFollowerState(121)) - 809a6994-cddd-4239-ab19-d890f54eceb5: shutdown FollowerState
2019-07-14 16:35:20,777 INFO  impl.RaftServerImpl (RaftServerImpl.java:setRole(171)) - 809a6994-cddd-4239-ab19-d890f54eceb5:group-96936E9EF568 changes role from FOLLOWER to CANDIDATE at term 0 for changeToCandidate
2019-07-14 16:35:20,777 INFO  impl.RoleInfo (RoleInfo.java:updateAndGet(143)) - 809a6994-cddd-4239-ab19-d890f54eceb5: start LeaderElection
2019-07-14 16:35:20,800 INFO  impl.LeaderElection (LeaderElection.java:askForVotes(181)) - 809a6994-cddd-4239-ab19-d890f54eceb5:group-96936E9EF568:LeaderElection7: begin an election at term 1 for -1: [809a6994-cddd-4239-ab19-d890f54eceb5:192.168.69.77:45926], old=null
2019-07-14 16:35:20,802 INFO  impl.RoleInfo (RoleInfo.java:shutdownLeaderElection(134)) - 809a6994-cddd-4239-ab19-d890f54eceb5: shutdown LeaderElection
2019-07-14 16:35:20,803 INFO  impl.RaftServerImpl (RaftServerImpl.java:setRole(171)) - 809a6994-cddd-4239-ab19-d890f54eceb5:group-96936E9EF568 changes role from CANDIDATE to LEADER at term 1 for changeToLeader
2019-07-14 16:35:20,803 INFO  impl.RaftServerImpl (ServerState.java:setLeader(263)) - 809a6994-cddd-4239-ab19-d890f54eceb5:group-96936E9EF568 change Leader from null to 809a6994-cddd-4239-ab19-d890f54eceb5 at term 1 for becomeLeader, leader elected after 5171ms
2019-07-14 16:35:20,806 INFO  server.RaftServerConfigKeys (ConfUtils.java:logGet(43)) - raft.server.staging.catchup.gap = 1000 (default)
2019-07-14 16:35:20,806 INFO  server.RaftServerConfigKeys (ConfUtils.java:logGet(43)) - raft.server.rpc.sleep.time = 25ms (default)
2019-07-14 16:35:20,807 INFO  server.RaftServerConfigKeys (ConfUtils.java:logGet(43)) - raft.server.write.element-limit = 4096 (default)
2019-07-14 16:35:20,807 INFO  server.RaftServerConfigKeys (ConfUtils.java:logGet(43)) - raft.server.watch.timeout = 10s (default)
2019-07-14 16:35:20,807 INFO  server.RaftServerConfigKeys (ConfUtils.java:logGet(43)) - raft.server.watch.timeout.denomination = 1s (default)
2019-07-14 16:35:20,808 INFO  server.RaftServerConfigKeys (ConfUtils.java:logGet(43)) - raft.server.watch.element-limit = 65536 (default)
2019-07-14 16:35:20,808 INFO  impl.RoleInfo (RoleInfo.java:updateAndGet(143)) - 809a6994-cddd-4239-ab19-d890f54eceb5: start LeaderState
2019-07-14 16:35:20,809 INFO  segmented.SegmentedRaftLogWorker (SegmentedRaftLogWorker.java:startLogSegment(380)) - 809a6994-cddd-4239-ab19-d890f54eceb5-SegmentedRaftLogWorker:Storage Directory /workdir/hadoop-ozone/integration-test/target/test-dir/MiniOzoneClusterImpl-8cf1dee3-ffcd-4285-82f5-cc2f44ea5ab3/datanode-7/data/ratis/f8e75db0-de9b-458e-8a35-96936e9ef568: Starting segment from index:0
2019-07-14 16:35:20,815 INFO  impl.RaftServerImpl (ServerState.java:setRaftConf(361)) - 809a6994-cddd-4239-ab19-d890f54eceb5:group-96936E9EF568 set configuration 0: [809a6994-cddd-4239-ab19-d890f54eceb5:192.168.69.77:45926], old=null at 0
2019-07-14 16:35:20,856 INFO  impl.FollowerState (FollowerState.java:run(106)) - c56e9eac-ce96-4317-bc9f-b13e9f3c9173:group-5D2B2FEE0368 changes to CANDIDATE, lastRpcTime:5104, electionTimeout:5104ms
2019-07-14 16:35:20,856 INFO  impl.RoleInfo (RoleInfo.java:shutdownFollowerState(121)) - c56e9eac-ce96-4317-bc9f-b13e9f3c9173: shutdown FollowerState
2019-07-14 16:35:20,857 INFO  impl.RaftServerImpl (RaftServerImpl.java:setRole(171)) - c56e9eac-ce96-4317-bc9f-b13e9f3c9173:group-5D2B2FEE0368 changes role from FOLLOWER to CANDIDATE at term 0 for changeToCandidate
2019-07-14 16:35:20,857 INFO  impl.RoleInfo (RoleInfo.java:updateAndGet(143)) - c56e9eac-ce96-4317-bc9f-b13e9f3c9173: start LeaderElection
2019-07-14 16:35:20,865 INFO  segmented.SegmentedRaftLogWorker (SegmentedRaftLogWorker.java:execute(569)) - 809a6994-cddd-4239-ab19-d890f54eceb5-SegmentedRaftLogWorker:Storage Directory /workdir/hadoop-ozone/integration-test/target/test-dir/MiniOzoneClusterImpl-8cf1dee3-ffcd-4285-82f5-cc2f44ea5ab3/datanode-7/data/ratis/f8e75db0-de9b-458e-8a35-96936e9ef568: created new log segment /workdir/hadoop-ozone/integration-test/target/test-dir/MiniOzoneClusterImpl-8cf1dee3-ffcd-4285-82f5-cc2f44ea5ab3/datanode-7/data/ratis/f8e75db0-de9b-458e-8a35-96936e9ef568/current/log_inprogress_0
2019-07-14 16:35:20,868 INFO  impl.LeaderElection (LeaderElection.java:askForVotes(181)) - c56e9eac-ce96-4317-bc9f-b13e9f3c9173:group-5D2B2FEE0368:LeaderElection8: begin an election at term 1 for -1: [c56e9eac-ce96-4317-bc9f-b13e9f3c9173:192.168.69.77:36725], old=null
2019-07-14 16:35:20,868 INFO  impl.RoleInfo (RoleInfo.java:shutdownLeaderElection(134)) - c56e9eac-ce96-4317-bc9f-b13e9f3c9173: shutdown LeaderElection
2019-07-14 16:35:20,869 INFO  impl.RaftServerImpl (RaftServerImpl.java:setRole(171)) - c56e9eac-ce96-4317-bc9f-b13e9f3c9173:group-5D2B2FEE0368 changes role from CANDIDATE to LEADER at term 1 for changeToLeader
2019-07-14 16:35:20,869 INFO  impl.RaftServerImpl (ServerState.java:setLeader(263)) - c56e9eac-ce96-4317-bc9f-b13e9f3c9173:group-5D2B2FEE0368 change Leader from null to c56e9eac-ce96-4317-bc9f-b13e9f3c9173 at term 1 for becomeLeader, leader elected after 5122ms
2019-07-14 16:35:20,871 INFO  server.RaftServerConfigKeys (ConfUtils.java:logGet(43)) - raft.server.staging.catchup.gap = 1000 (default)
2019-07-14 16:35:20,871 INFO  server.RaftServerConfigKeys (ConfUtils.java:logGet(43)) - raft.server.rpc.sleep.time = 25ms (default)
2019-07-14 16:35:20,872 INFO  server.RaftServerConfigKeys (ConfUtils.java:logGet(43)) - raft.server.write.element-limit = 4096 (default)
2019-07-14 16:35:20,872 INFO  server.RaftServerConfigKeys (ConfUtils.java:logGet(43)) - raft.server.watch.timeout = 10s (default)
2019-07-14 16:35:20,872 INFO  server.RaftServerConfigKeys (ConfUtils.java:logGet(43)) - raft.server.watch.timeout.denomination = 1s (default)
2019-07-14 16:35:20,872 INFO  server.RaftServerConfigKeys (ConfUtils.java:logGet(43)) - raft.server.watch.element-limit = 65536 (default)
2019-07-14 16:35:20,872 INFO  impl.RoleInfo (RoleInfo.java:updateAndGet(143)) - c56e9eac-ce96-4317-bc9f-b13e9f3c9173: start LeaderState
2019-07-14 16:35:20,873 INFO  segmented.SegmentedRaftLogWorker (SegmentedRaftLogWorker.java:startLogSegment(380)) - c56e9eac-ce96-4317-bc9f-b13e9f3c9173-SegmentedRaftLogWorker:Storage Directory /workdir/hadoop-ozone/integration-test/target/test-dir/MiniOzoneClusterImpl-8cf1dee3-ffcd-4285-82f5-cc2f44ea5ab3/datanode-4/data/ratis/d2b4d44e-e9c5-4c2d-ae97-5d2b2fee0368: Starting segment from index:0
2019-07-14 16:35:20,873 INFO  impl.RaftServerImpl (ServerState.java:setRaftConf(361)) - c56e9eac-ce96-4317-bc9f-b13e9f3c9173:group-5D2B2FEE0368 set configuration 0: [c56e9eac-ce96-4317-bc9f-b13e9f3c9173:192.168.69.77:36725], old=null at 0
2019-07-14 16:35:20,903 INFO  segmented.SegmentedRaftLogWorker (SegmentedRaftLogWorker.java:execute(569)) - c56e9eac-ce96-4317-bc9f-b13e9f3c9173-SegmentedRaftLogWorker:Storage Directory /workdir/hadoop-ozone/integration-test/target/test-dir/MiniOzoneClusterImpl-8cf1dee3-ffcd-4285-82f5-cc2f44ea5ab3/datanode-4/data/ratis/d2b4d44e-e9c5-4c2d-ae97-5d2b2fee0368: created new log segment /workdir/hadoop-ozone/integration-test/target/test-dir/MiniOzoneClusterImpl-8cf1dee3-ffcd-4285-82f5-cc2f44ea5ab3/datanode-4/data/ratis/d2b4d44e-e9c5-4c2d-ae97-5d2b2fee0368/current/log_inprogress_0
2019-07-14 16:35:20,916 INFO  impl.FollowerState (FollowerState.java:run(106)) - 527f9ba0-8618-49a0-afe8-228bcd673fac:group-56EB3BAEC0C7 changes to CANDIDATE, lastRpcTime:5003, electionTimeout:5003ms
2019-07-14 16:35:20,916 INFO  impl.RoleInfo (RoleInfo.java:shutdownFollowerState(121)) - 527f9ba0-8618-49a0-afe8-228bcd673fac: shutdown FollowerState
2019-07-14 16:35:20,916 INFO  impl.RaftServerImpl (RaftServerImpl.java:setRole(171)) - 527f9ba0-8618-49a0-afe8-228bcd673fac:group-56EB3BAEC0C7 changes role from FOLLOWER to CANDIDATE at term 0 for changeToCandidate
2019-07-14 16:35:20,917 INFO  impl.RoleInfo (RoleInfo.java:updateAndGet(143)) - 527f9ba0-8618-49a0-afe8-228bcd673fac: start LeaderElection
2019-07-14 16:35:20,936 INFO  impl.LeaderElection (LeaderElection.java:askForVotes(181)) - 527f9ba0-8618-49a0-afe8-228bcd673fac:group-56EB3BAEC0C7:LeaderElection9: begin an election at term 1 for -1: [527f9ba0-8618-49a0-afe8-228bcd673fac:192.168.69.77:33510], old=null
2019-07-14 16:35:20,938 INFO  impl.RoleInfo (RoleInfo.java:shutdownLeaderElection(134)) - 527f9ba0-8618-49a0-afe8-228bcd673fac: shutdown LeaderElection
2019-07-14 16:35:20,938 INFO  impl.RaftServerImpl (RaftServerImpl.java:setRole(171)) - 527f9ba0-8618-49a0-afe8-228bcd673fac:group-56EB3BAEC0C7 changes role from CANDIDATE to LEADER at term 1 for changeToLeader
2019-07-14 16:35:20,938 INFO  impl.RaftServerImpl (ServerState.java:setLeader(263)) - 527f9ba0-8618-49a0-afe8-228bcd673fac:group-56EB3BAEC0C7 change Leader from null to 527f9ba0-8618-49a0-afe8-228bcd673fac at term 1 for becomeLeader, leader elected after 5032ms
2019-07-14 16:35:20,941 INFO  server.RaftServerConfigKeys (ConfUtils.java:logGet(43)) - raft.server.staging.catchup.gap = 1000 (default)
2019-07-14 16:35:20,941 INFO  server.RaftServerConfigKeys (ConfUtils.java:logGet(43)) - raft.server.rpc.sleep.time = 25ms (default)
2019-07-14 16:35:20,941 INFO  server.RaftServerConfigKeys (ConfUtils.java:logGet(43)) - raft.server.write.element-limit = 4096 (default)
2019-07-14 16:35:20,941 INFO  server.RaftServerConfigKeys (ConfUtils.java:logGet(43)) - raft.server.watch.timeout = 10s (default)
2019-07-14 16:35:20,941 INFO  server.RaftServerConfigKeys (ConfUtils.java:logGet(43)) - raft.server.watch.timeout.denomination = 1s (default)
2019-07-14 16:35:20,942 INFO  server.RaftServerConfigKeys (ConfUtils.java:logGet(43)) - raft.server.watch.element-limit = 65536 (default)
2019-07-14 16:35:20,942 INFO  impl.RoleInfo (RoleInfo.java:updateAndGet(143)) - 527f9ba0-8618-49a0-afe8-228bcd673fac: start LeaderState
2019-07-14 16:35:20,942 INFO  segmented.SegmentedRaftLogWorker (SegmentedRaftLogWorker.java:startLogSegment(380)) - 527f9ba0-8618-49a0-afe8-228bcd673fac-SegmentedRaftLogWorker:Storage Directory /workdir/hadoop-ozone/integration-test/target/test-dir/MiniOzoneClusterImpl-8cf1dee3-ffcd-4285-82f5-cc2f44ea5ab3/datanode-9/data/ratis/5f72d0e4-03c3-4439-ab4e-56eb3baec0c7: Starting segment from index:0
2019-07-14 16:35:20,943 INFO  impl.RaftServerImpl (ServerState.java:setRaftConf(361)) - 527f9ba0-8618-49a0-afe8-228bcd673fac:group-56EB3BAEC0C7 set configuration 0: [527f9ba0-8618-49a0-afe8-228bcd673fac:192.168.69.77:33510], old=null at 0
2019-07-14 16:35:20,965 INFO  impl.FollowerState (FollowerState.java:run(106)) - 6a6dfdfc-b0dc-448c-b5a6-9b2d16926b65:group-C8723AA80CF3 changes to CANDIDATE, lastRpcTime:5136, electionTimeout:5131ms
2019-07-14 16:35:20,965 INFO  impl.RoleInfo (RoleInfo.java:shutdownFollowerState(121)) - 6a6dfdfc-b0dc-448c-b5a6-9b2d16926b65: shutdown FollowerState
2019-07-14 16:35:20,965 INFO  impl.RaftServerImpl (RaftServerImpl.java:setRole(171)) - 6a6dfdfc-b0dc-448c-b5a6-9b2d16926b65:group-C8723AA80CF3 changes role from FOLLOWER to CANDIDATE at term 0 for changeToCandidate
2019-07-14 16:35:20,965 INFO  impl.RoleInfo (RoleInfo.java:updateAndGet(143)) - 6a6dfdfc-b0dc-448c-b5a6-9b2d16926b65: start LeaderElection
2019-07-14 16:35:20,978 INFO  segmented.SegmentedRaftLogWorker (SegmentedRaftLogWorker.java:execute(569)) - 527f9ba0-8618-49a0-afe8-228bcd673fac-SegmentedRaftLogWorker:Storage Directory /workdir/hadoop-ozone/integration-test/target/test-dir/MiniOzoneClusterImpl-8cf1dee3-ffcd-4285-82f5-cc2f44ea5ab3/datanode-9/data/ratis/5f72d0e4-03c3-4439-ab4e-56eb3baec0c7: created new log segment /workdir/hadoop-ozone/integration-test/target/test-dir/MiniOzoneClusterImpl-8cf1dee3-ffcd-4285-82f5-cc2f44ea5ab3/datanode-9/data/ratis/5f72d0e4-03c3-4439-ab4e-56eb3baec0c7/current/log_inprogress_0
2019-07-14 16:35:20,978 INFO  impl.LeaderElection (LeaderElection.java:askForVotes(181)) - 6a6dfdfc-b0dc-448c-b5a6-9b2d16926b65:group-C8723AA80CF3:LeaderElection10: begin an election at term 1 for -1: [6a6dfdfc-b0dc-448c-b5a6-9b2d16926b65:192.168.69.77:32973], old=null
2019-07-14 16:35:20,978 INFO  impl.RoleInfo (RoleInfo.java:shutdownLeaderElection(134)) - 6a6dfdfc-b0dc-448c-b5a6-9b2d16926b65: shutdown LeaderElection
2019-07-14 16:35:20,979 INFO  impl.RaftServerImpl (RaftServerImpl.java:setRole(171)) - 6a6dfdfc-b0dc-448c-b5a6-9b2d16926b65:group-C8723AA80CF3 changes role from CANDIDATE to LEADER at term 1 for changeToLeader
2019-07-14 16:35:20,979 INFO  impl.RaftServerImpl (ServerState.java:setLeader(263)) - 6a6dfdfc-b0dc-448c-b5a6-9b2d16926b65:group-C8723AA80CF3 change Leader from null to 6a6dfdfc-b0dc-448c-b5a6-9b2d16926b65 at term 1 for becomeLeader, leader elected after 5156ms
2019-07-14 16:35:20,981 INFO  server.RaftServerConfigKeys (ConfUtils.java:logGet(43)) - raft.server.staging.catchup.gap = 1000 (default)
2019-07-14 16:35:20,982 INFO  server.RaftServerConfigKeys (ConfUtils.java:logGet(43)) - raft.server.rpc.sleep.time = 25ms (default)
2019-07-14 16:35:20,982 INFO  server.RaftServerConfigKeys (ConfUtils.java:logGet(43)) - raft.server.write.element-limit = 4096 (default)
2019-07-14 16:35:20,982 INFO  server.RaftServerConfigKeys (ConfUtils.java:logGet(43)) - raft.server.watch.timeout = 10s (default)
2019-07-14 16:35:20,982 INFO  server.RaftServerConfigKeys (ConfUtils.java:logGet(43)) - raft.server.watch.timeout.denomination = 1s (default)
2019-07-14 16:35:20,982 INFO  server.RaftServerConfigKeys (ConfUtils.java:logGet(43)) - raft.server.watch.element-limit = 65536 (default)
2019-07-14 16:35:20,983 INFO  impl.RoleInfo (RoleInfo.java:updateAndGet(143)) - 6a6dfdfc-b0dc-448c-b5a6-9b2d16926b65: start LeaderState
2019-07-14 16:35:20,983 INFO  segmented.SegmentedRaftLogWorker (SegmentedRaftLogWorker.java:startLogSegment(380)) - 6a6dfdfc-b0dc-448c-b5a6-9b2d16926b65-SegmentedRaftLogWorker:Storage Directory /workdir/hadoop-ozone/integration-test/target/test-dir/MiniOzoneClusterImpl-8cf1dee3-ffcd-4285-82f5-cc2f44ea5ab3/datanode-5/data/ratis/e863d2e7-fa4f-4924-92ae-c8723aa80cf3: Starting segment from index:0
2019-07-14 16:35:20,984 INFO  impl.RaftServerImpl (ServerState.java:setRaftConf(361)) - 6a6dfdfc-b0dc-448c-b5a6-9b2d16926b65:group-C8723AA80CF3 set configuration 0: [6a6dfdfc-b0dc-448c-b5a6-9b2d16926b65:192.168.69.77:32973], old=null at 0
2019-07-14 16:35:21,018 INFO  segmented.SegmentedRaftLogWorker (SegmentedRaftLogWorker.java:execute(569)) - 6a6dfdfc-b0dc-448c-b5a6-9b2d16926b65-SegmentedRaftLogWorker:Storage Directory /workdir/hadoop-ozone/integration-test/target/test-dir/MiniOzoneClusterImpl-8cf1dee3-ffcd-4285-82f5-cc2f44ea5ab3/datanode-5/data/ratis/e863d2e7-fa4f-4924-92ae-c8723aa80cf3: created new log segment /workdir/hadoop-ozone/integration-test/target/test-dir/MiniOzoneClusterImpl-8cf1dee3-ffcd-4285-82f5-cc2f44ea5ab3/datanode-5/data/ratis/e863d2e7-fa4f-4924-92ae-c8723aa80cf3/current/log_inprogress_0
2019-07-14 16:35:21,067 INFO  impl.FollowerState (FollowerState.java:run(106)) - 364f186b-28cb-4028-a5ac-94f7a3d4ba5b:group-A2C94D407326 changes to CANDIDATE, lastRpcTime:5020, electionTimeout:5020ms
2019-07-14 16:35:21,067 INFO  impl.RoleInfo (RoleInfo.java:shutdownFollowerState(121)) - 364f186b-28cb-4028-a5ac-94f7a3d4ba5b: shutdown FollowerState
2019-07-14 16:35:21,067 INFO  impl.RaftServerImpl (RaftServerImpl.java:setRole(171)) - 364f186b-28cb-4028-a5ac-94f7a3d4ba5b:group-A2C94D407326 changes role from FOLLOWER to CANDIDATE at term 0 for changeToCandidate
2019-07-14 16:35:21,068 INFO  impl.RoleInfo (RoleInfo.java:updateAndGet(143)) - 364f186b-28cb-4028-a5ac-94f7a3d4ba5b: start LeaderElection
2019-07-14 16:35:21,090 INFO  impl.LeaderElection (LeaderElection.java:askForVotes(181)) - 364f186b-28cb-4028-a5ac-94f7a3d4ba5b:group-A2C94D407326:LeaderElection11: begin an election at term 1 for -1: [7c90c030-0d77-485f-8ae5-7fd0c6b87ec6:192.168.69.77:34263, 661cd752-e62c-4f70-8fdb-6fc401ea7514:192.168.69.77:40472, 364f186b-28cb-4028-a5ac-94f7a3d4ba5b:192.168.69.77:33670], old=null
2019-07-14 16:35:21,097 INFO  impl.FollowerState (FollowerState.java:run(106)) - 661cd752-e62c-4f70-8fdb-6fc401ea7514:group-A2C94D407326 changes to CANDIDATE, lastRpcTime:5067, electionTimeout:5066ms
2019-07-14 16:35:21,097 INFO  impl.RoleInfo (RoleInfo.java:shutdownFollowerState(121)) - 661cd752-e62c-4f70-8fdb-6fc401ea7514: shutdown FollowerState
2019-07-14 16:35:21,098 INFO  impl.RaftServerImpl (RaftServerImpl.java:setRole(171)) - 661cd752-e62c-4f70-8fdb-6fc401ea7514:group-A2C94D407326 changes role from FOLLOWER to CANDIDATE at term 0 for changeToCandidate
2019-07-14 16:35:21,098 INFO  impl.RoleInfo (RoleInfo.java:updateAndGet(143)) - 661cd752-e62c-4f70-8fdb-6fc401ea7514: start LeaderElection
2019-07-14 16:35:21,120 INFO  impl.LeaderElection (LeaderElection.java:askForVotes(181)) - 661cd752-e62c-4f70-8fdb-6fc401ea7514:group-A2C94D407326:LeaderElection12: begin an election at term 1 for -1: [7c90c030-0d77-485f-8ae5-7fd0c6b87ec6:192.168.69.77:34263, 661cd752-e62c-4f70-8fdb-6fc401ea7514:192.168.69.77:40472, 364f186b-28cb-4028-a5ac-94f7a3d4ba5b:192.168.69.77:33670], old=null
2019-07-14 16:35:21,128 INFO  impl.FollowerState (FollowerState.java:run(106)) - 7c90c030-0d77-485f-8ae5-7fd0c6b87ec6:group-A2C94D407326 changes to CANDIDATE, lastRpcTime:5081, electionTimeout:5080ms
2019-07-14 16:35:21,128 INFO  impl.RoleInfo (RoleInfo.java:shutdownFollowerState(121)) - 7c90c030-0d77-485f-8ae5-7fd0c6b87ec6: shutdown FollowerState
2019-07-14 16:35:21,128 INFO  impl.RaftServerImpl (RaftServerImpl.java:setRole(171)) - 7c90c030-0d77-485f-8ae5-7fd0c6b87ec6:group-A2C94D407326 changes role from FOLLOWER to CANDIDATE at term 0 for changeToCandidate
2019-07-14 16:35:21,128 INFO  impl.RoleInfo (RoleInfo.java:updateAndGet(143)) - 7c90c030-0d77-485f-8ae5-7fd0c6b87ec6: start LeaderElection
2019-07-14 16:35:21,145 INFO  impl.LeaderElection (LeaderElection.java:askForVotes(181)) - 7c90c030-0d77-485f-8ae5-7fd0c6b87ec6:group-A2C94D407326:LeaderElection13: begin an election at term 1 for -1: [7c90c030-0d77-485f-8ae5-7fd0c6b87ec6:192.168.69.77:34263, 661cd752-e62c-4f70-8fdb-6fc401ea7514:192.168.69.77:40472, 364f186b-28cb-4028-a5ac-94f7a3d4ba5b:192.168.69.77:33670], old=null
2019-07-14 16:35:21,185 INFO  impl.LeaderElection (LeaderElection.java:logAndReturn(56)) - 364f186b-28cb-4028-a5ac-94f7a3d4ba5b:group-A2C94D407326:LeaderElection11: Election REJECTED; received 2 response(s) [364f186b-28cb-4028-a5ac-94f7a3d4ba5b<-7c90c030-0d77-485f-8ae5-7fd0c6b87ec6#0:FAIL-t1, 364f186b-28cb-4028-a5ac-94f7a3d4ba5b<-661cd752-e62c-4f70-8fdb-6fc401ea7514#0:FAIL-t1] and 0 exception(s); 364f186b-28cb-4028-a5ac-94f7a3d4ba5b:t1, leader=null, voted=364f186b-28cb-4028-a5ac-94f7a3d4ba5b, raftlog=364f186b-28cb-4028-a5ac-94f7a3d4ba5b-SegmentedRaftLog:OPENED:c-1,f-1,i0, conf=-1: [7c90c030-0d77-485f-8ae5-7fd0c6b87ec6:192.168.69.77:34263, 661cd752-e62c-4f70-8fdb-6fc401ea7514:192.168.69.77:40472, 364f186b-28cb-4028-a5ac-94f7a3d4ba5b:192.168.69.77:33670], old=null
2019-07-14 16:35:21,189 INFO  impl.LeaderElection (LeaderElection.java:logAndReturn(56)) - 661cd752-e62c-4f70-8fdb-6fc401ea7514:group-A2C94D407326:LeaderElection12: Election REJECTED; received 2 response(s) [661cd752-e62c-4f70-8fdb-6fc401ea7514<-7c90c030-0d77-485f-8ae5-7fd0c6b87ec6#0:FAIL-t1, 661cd752-e62c-4f70-8fdb-6fc401ea7514<-364f186b-28cb-4028-a5ac-94f7a3d4ba5b#0:FAIL-t1] and 0 exception(s); 661cd752-e62c-4f70-8fdb-6fc401ea7514:t1, leader=null, voted=661cd752-e62c-4f70-8fdb-6fc401ea7514, raftlog=661cd752-e62c-4f70-8fdb-6fc401ea7514-SegmentedRaftLog:OPENED:c-1,f-1,i0, conf=-1: [7c90c030-0d77-485f-8ae5-7fd0c6b87ec6:192.168.69.77:34263, 661cd752-e62c-4f70-8fdb-6fc401ea7514:192.168.69.77:40472, 364f186b-28cb-4028-a5ac-94f7a3d4ba5b:192.168.69.77:33670], old=null
2019-07-14 16:35:21,201 INFO  impl.RaftServerImpl (RaftServerImpl.java:setRole(171)) - 364f186b-28cb-4028-a5ac-94f7a3d4ba5b:group-A2C94D407326 changes role from CANDIDATE to FOLLOWER at term 1 for DISCOVERED_A_NEW_TERM
2019-07-14 16:35:21,203 INFO  impl.RaftServerImpl (RaftServerImpl.java:setRole(171)) - 661cd752-e62c-4f70-8fdb-6fc401ea7514:group-A2C94D407326 changes role from CANDIDATE to FOLLOWER at term 1 for DISCOVERED_A_NEW_TERM
2019-07-14 16:35:21,206 INFO  impl.RoleInfo (RoleInfo.java:shutdownLeaderElection(134)) - 661cd752-e62c-4f70-8fdb-6fc401ea7514: shutdown LeaderElection
2019-07-14 16:35:21,206 INFO  impl.RoleInfo (RoleInfo.java:shutdownLeaderElection(134)) - 364f186b-28cb-4028-a5ac-94f7a3d4ba5b: shutdown LeaderElection
2019-07-14 16:35:21,206 INFO  impl.RoleInfo (RoleInfo.java:updateAndGet(143)) - 661cd752-e62c-4f70-8fdb-6fc401ea7514: start FollowerState
2019-07-14 16:35:21,210 INFO  impl.RoleInfo (RoleInfo.java:updateAndGet(143)) - 364f186b-28cb-4028-a5ac-94f7a3d4ba5b: start FollowerState
2019-07-14 16:35:21,215 INFO  impl.LeaderElection (LeaderElection.java:logAndReturn(56)) - 7c90c030-0d77-485f-8ae5-7fd0c6b87ec6:group-A2C94D407326:LeaderElection13: Election REJECTED; received 2 response(s) [7c90c030-0d77-485f-8ae5-7fd0c6b87ec6<-661cd752-e62c-4f70-8fdb-6fc401ea7514#0:FAIL-t1, 7c90c030-0d77-485f-8ae5-7fd0c6b87ec6<-364f186b-28cb-4028-a5ac-94f7a3d4ba5b#0:FAIL-t1] and 0 exception(s); 7c90c030-0d77-485f-8ae5-7fd0c6b87ec6:t1, leader=null, voted=7c90c030-0d77-485f-8ae5-7fd0c6b87ec6, raftlog=7c90c030-0d77-485f-8ae5-7fd0c6b87ec6-SegmentedRaftLog:OPENED:c-1,f-1,i0, conf=-1: [7c90c030-0d77-485f-8ae5-7fd0c6b87ec6:192.168.69.77:34263, 661cd752-e62c-4f70-8fdb-6fc401ea7514:192.168.69.77:40472, 364f186b-28cb-4028-a5ac-94f7a3d4ba5b:192.168.69.77:33670], old=null
2019-07-14 16:35:21,216 INFO  impl.RaftServerImpl (RaftServerImpl.java:setRole(171)) - 7c90c030-0d77-485f-8ae5-7fd0c6b87ec6:group-A2C94D407326 changes role from CANDIDATE to FOLLOWER at term 1 for DISCOVERED_A_NEW_TERM
2019-07-14 16:35:21,221 INFO  impl.RoleInfo (RoleInfo.java:shutdownLeaderElection(134)) - 7c90c030-0d77-485f-8ae5-7fd0c6b87ec6: shutdown LeaderElection
2019-07-14 16:35:21,221 INFO  impl.RoleInfo (RoleInfo.java:updateAndGet(143)) - 7c90c030-0d77-485f-8ae5-7fd0c6b87ec6: start FollowerState
2019-07-14 16:35:21,225 INFO  client.GrpcClientProtocolClient (GrpcClientProtocolClient.java:onNext(255)) - client-F95293D52F67->c56e9eac-ce96-4317-bc9f-b13e9f3c9173: receive RaftClientReply:client-F95293D52F67->c56e9eac-ce96-4317-bc9f-b13e9f3c9173@group-3FE76243B3D7, cid=19, FAILED org.apache.ratis.protocol.NotLeaderException: Server c56e9eac-ce96-4317-bc9f-b13e9f3c9173 is not the leader (null). Request must be sent to leader., logIndex=0, commits[c56e9eac-ce96-4317-bc9f-b13e9f3c9173:c-1]
2019-07-14 16:35:21,269 INFO  impl.FollowerState (FollowerState.java:run(106)) - 6dd76e0a-9c0a-4ecd-a6b9-58bf80bbf684:group-238794C04517 changes to CANDIDATE, lastRpcTime:5098, electionTimeout:5098ms
2019-07-14 16:35:21,269 INFO  impl.RoleInfo (RoleInfo.java:shutdownFollowerState(121)) - 6dd76e0a-9c0a-4ecd-a6b9-58bf80bbf684: shutdown FollowerState
2019-07-14 16:35:21,269 INFO  impl.RaftServerImpl (RaftServerImpl.java:setRole(171)) - 6dd76e0a-9c0a-4ecd-a6b9-58bf80bbf684:group-238794C04517 changes role from FOLLOWER to CANDIDATE at term 0 for changeToCandidate
2019-07-14 16:35:21,269 INFO  impl.RoleInfo (RoleInfo.java:updateAndGet(143)) - 6dd76e0a-9c0a-4ecd-a6b9-58bf80bbf684: start LeaderElection
2019-07-14 16:35:21,286 INFO  impl.FollowerState (FollowerState.java:run(106)) - ccda97d6-f984-4376-af5e-bd1d37e9c823:group-238794C04517 changes to CANDIDATE, lastRpcTime:5112, electionTimeout:5112ms
2019-07-14 16:35:21,287 INFO  impl.RoleInfo (RoleInfo.java:shutdownFollowerState(121)) - ccda97d6-f984-4376-af5e-bd1d37e9c823: shutdown FollowerState
2019-07-14 16:35:21,287 INFO  impl.RaftServerImpl (RaftServerImpl.java:setRole(171)) - ccda97d6-f984-4376-af5e-bd1d37e9c823:group-238794C04517 changes role from FOLLOWER to CANDIDATE at term 0 for changeToCandidate
2019-07-14 16:35:21,287 INFO  impl.RoleInfo (RoleInfo.java:updateAndGet(143)) - ccda97d6-f984-4376-af5e-bd1d37e9c823: start LeaderElection
2019-07-14 16:35:21,295 INFO  impl.LeaderElection (LeaderElection.java:askForVotes(181)) - 6dd76e0a-9c0a-4ecd-a6b9-58bf80bbf684:group-238794C04517:LeaderElection14: begin an election at term 1 for -1: [6dd76e0a-9c0a-4ecd-a6b9-58bf80bbf684:192.168.69.77:34350, ccda97d6-f984-4376-af5e-bd1d37e9c823:192.168.69.77:35482, 0d93ace1-f03e-41da-9627-e20667421560:192.168.69.77:41913], old=null
2019-07-14 16:35:21,299 INFO  impl.FollowerState (FollowerState.java:run(106)) - 6a6dfdfc-b0dc-448c-b5a6-9b2d16926b65:group-3FE76243B3D7 changes to CANDIDATE, lastRpcTime:5011, electionTimeout:5008ms
2019-07-14 16:35:21,299 INFO  impl.RoleInfo (RoleInfo.java:shutdownFollowerState(121)) - 6a6dfdfc-b0dc-448c-b5a6-9b2d16926b65: shutdown FollowerState
2019-07-14 16:35:21,299 INFO  impl.RaftServerImpl (RaftServerImpl.java:setRole(171)) - 6a6dfdfc-b0dc-448c-b5a6-9b2d16926b65:group-3FE76243B3D7 changes role from FOLLOWER to CANDIDATE at term 0 for changeToCandidate
2019-07-14 16:35:21,302 INFO  impl.RoleInfo (RoleInfo.java:updateAndGet(143)) - 6a6dfdfc-b0dc-448c-b5a6-9b2d16926b65: start LeaderElection
2019-07-14 16:35:21,309 INFO  impl.LeaderElection (LeaderElection.java:askForVotes(181)) - ccda97d6-f984-4376-af5e-bd1d37e9c823:group-238794C04517:LeaderElection15: begin an election at term 1 for -1: [6dd76e0a-9c0a-4ecd-a6b9-58bf80bbf684:192.168.69.77:34350, ccda97d6-f984-4376-af5e-bd1d37e9c823:192.168.69.77:35482, 0d93ace1-f03e-41da-9627-e20667421560:192.168.69.77:41913], old=null
2019-07-14 16:35:21,312 INFO  impl.LeaderElection (LeaderElection.java:askForVotes(181)) - 6a6dfdfc-b0dc-448c-b5a6-9b2d16926b65:group-3FE76243B3D7:LeaderElection16: begin an election at term 1 for -1: [6a6dfdfc-b0dc-448c-b5a6-9b2d16926b65:192.168.69.77:32973, 809a6994-cddd-4239-ab19-d890f54eceb5:192.168.69.77:45926, c56e9eac-ce96-4317-bc9f-b13e9f3c9173:192.168.69.77:36725], old=null
2019-07-14 16:35:21,315 INFO  impl.FollowerState (FollowerState.java:run(106)) - 0d93ace1-f03e-41da-9627-e20667421560:group-238794C04517 changes to CANDIDATE, lastRpcTime:5146, electionTimeout:5146ms
2019-07-14 16:35:21,315 INFO  impl.RoleInfo (RoleInfo.java:shutdownFollowerState(121)) - 0d93ace1-f03e-41da-9627-e20667421560: shutdown FollowerState
2019-07-14 16:35:21,315 INFO  impl.RaftServerImpl (RaftServerImpl.java:setRole(171)) - 0d93ace1-f03e-41da-9627-e20667421560:group-238794C04517 changes role from FOLLOWER to CANDIDATE at term 0 for changeToCandidate
2019-07-14 16:35:21,315 INFO  impl.RoleInfo (RoleInfo.java:updateAndGet(143)) - 0d93ace1-f03e-41da-9627-e20667421560: start LeaderElection
2019-07-14 16:35:21,347 INFO  impl.LeaderElection (LeaderElection.java:askForVotes(181)) - 0d93ace1-f03e-41da-9627-e20667421560:group-238794C04517:LeaderElection17: begin an election at term 1 for -1: [6dd76e0a-9c0a-4ecd-a6b9-58bf80bbf684:192.168.69.77:34350, ccda97d6-f984-4376-af5e-bd1d37e9c823:192.168.69.77:35482, 0d93ace1-f03e-41da-9627-e20667421560:192.168.69.77:41913], old=null
2019-07-14 16:35:21,350 INFO  impl.RaftServerImpl (RaftServerImpl.java:setRole(171)) - c56e9eac-ce96-4317-bc9f-b13e9f3c9173:group-3FE76243B3D7 changes role from FOLLOWER to FOLLOWER at term 1 for recognizeCandidate:6a6dfdfc-b0dc-448c-b5a6-9b2d16926b65
2019-07-14 16:35:21,353 INFO  impl.RoleInfo (RoleInfo.java:shutdownFollowerState(121)) - c56e9eac-ce96-4317-bc9f-b13e9f3c9173: shutdown FollowerState
2019-07-14 16:35:21,359 INFO  impl.RoleInfo (RoleInfo.java:updateAndGet(143)) - c56e9eac-ce96-4317-bc9f-b13e9f3c9173: start FollowerState
2019-07-14 16:35:21,359 INFO  impl.FollowerState (FollowerState.java:run(114)) - c56e9eac-ce96-4317-bc9f-b13e9f3c9173: FollowerState was interrupted: java.lang.InterruptedException: sleep interrupted
2019-07-14 16:35:21,369 INFO  impl.LeaderElection (LeaderElection.java:logAndReturn(56)) - 6dd76e0a-9c0a-4ecd-a6b9-58bf80bbf684:group-238794C04517:LeaderElection14: Election REJECTED; received 2 response(s) [6dd76e0a-9c0a-4ecd-a6b9-58bf80bbf684<-ccda97d6-f984-4376-af5e-bd1d37e9c823#0:FAIL-t1, 6dd76e0a-9c0a-4ecd-a6b9-58bf80bbf684<-0d93ace1-f03e-41da-9627-e20667421560#0:FAIL-t1] and 0 exception(s); 6dd76e0a-9c0a-4ecd-a6b9-58bf80bbf684:t1, leader=null, voted=6dd76e0a-9c0a-4ecd-a6b9-58bf80bbf684, raftlog=6dd76e0a-9c0a-4ecd-a6b9-58bf80bbf684-SegmentedRaftLog:OPENED:c-1,f-1,i0, conf=-1: [6dd76e0a-9c0a-4ecd-a6b9-58bf80bbf684:192.168.69.77:34350, ccda97d6-f984-4376-af5e-bd1d37e9c823:192.168.69.77:35482, 0d93ace1-f03e-41da-9627-e20667421560:192.168.69.77:41913], old=null
2019-07-14 16:35:21,369 INFO  impl.RaftServerImpl (RaftServerImpl.java:setRole(171)) - 6dd76e0a-9c0a-4ecd-a6b9-58bf80bbf684:group-238794C04517 changes role from CANDIDATE to FOLLOWER at term 1 for DISCOVERED_A_NEW_TERM
2019-07-14 16:35:21,398 INFO  impl.RoleInfo (RoleInfo.java:shutdownLeaderElection(134)) - 6dd76e0a-9c0a-4ecd-a6b9-58bf80bbf684: shutdown LeaderElection
2019-07-14 16:35:21,398 INFO  impl.RoleInfo (RoleInfo.java:updateAndGet(143)) - 6dd76e0a-9c0a-4ecd-a6b9-58bf80bbf684: start FollowerState
2019-07-14 16:35:21,398 INFO  impl.RaftServerImpl (RaftServerImpl.java:setRole(171)) - 809a6994-cddd-4239-ab19-d890f54eceb5:group-3FE76243B3D7 changes role from FOLLOWER to FOLLOWER at term 1 for recognizeCandidate:6a6dfdfc-b0dc-448c-b5a6-9b2d16926b65
2019-07-14 16:35:21,402 INFO  impl.RoleInfo (RoleInfo.java:shutdownFollowerState(121)) - 809a6994-cddd-4239-ab19-d890f54eceb5: shutdown FollowerState
2019-07-14 16:35:21,402 INFO  impl.FollowerState (FollowerState.java:run(114)) - 809a6994-cddd-4239-ab19-d890f54eceb5: FollowerState was interrupted: java.lang.InterruptedException: sleep interrupted
2019-07-14 16:35:21,402 INFO  impl.RoleInfo (RoleInfo.java:updateAndGet(143)) - 809a6994-cddd-4239-ab19-d890f54eceb5: start FollowerState
2019-07-14 16:35:21,402 INFO  impl.LeaderElection (LeaderElection.java:logAndReturn(56)) - ccda97d6-f984-4376-af5e-bd1d37e9c823:group-238794C04517:LeaderElection15: Election REJECTED; received 2 response(s) [ccda97d6-f984-4376-af5e-bd1d37e9c823<-6dd76e0a-9c0a-4ecd-a6b9-58bf80bbf684#0:FAIL-t1, ccda97d6-f984-4376-af5e-bd1d37e9c823<-0d93ace1-f03e-41da-9627-e20667421560#0:FAIL-t1] and 0 exception(s); ccda97d6-f984-4376-af5e-bd1d37e9c823:t1, leader=null, voted=ccda97d6-f984-4376-af5e-bd1d37e9c823, raftlog=ccda97d6-f984-4376-af5e-bd1d37e9c823-SegmentedRaftLog:OPENED:c-1,f-1,i0, conf=-1: [6dd76e0a-9c0a-4ecd-a6b9-58bf80bbf684:192.168.69.77:34350, ccda97d6-f984-4376-af5e-bd1d37e9c823:192.168.69.77:35482, 0d93ace1-f03e-41da-9627-e20667421560:192.168.69.77:41913], old=null
2019-07-14 16:35:21,406 INFO  impl.RaftServerImpl (RaftServerImpl.java:setRole(171)) - ccda97d6-f984-4376-af5e-bd1d37e9c823:group-238794C04517 changes role from CANDIDATE to FOLLOWER at term 1 for DISCOVERED_A_NEW_TERM
2019-07-14 16:35:21,406 INFO  impl.RoleInfo (RoleInfo.java:shutdownLeaderElection(134)) - ccda97d6-f984-4376-af5e-bd1d37e9c823: shutdown LeaderElection
2019-07-14 16:35:21,406 INFO  impl.RoleInfo (RoleInfo.java:updateAndGet(143)) - ccda97d6-f984-4376-af5e-bd1d37e9c823: start FollowerState
2019-07-14 16:35:21,419 INFO  impl.LeaderElection (LeaderElection.java:logAndReturn(56)) - 0d93ace1-f03e-41da-9627-e20667421560:group-238794C04517:LeaderElection17: Election REJECTED; received 2 response(s) [0d93ace1-f03e-41da-9627-e20667421560<-6dd76e0a-9c0a-4ecd-a6b9-58bf80bbf684#0:FAIL-t1, 0d93ace1-f03e-41da-9627-e20667421560<-ccda97d6-f984-4376-af5e-bd1d37e9c823#0:FAIL-t1] and 0 exception(s); 0d93ace1-f03e-41da-9627-e20667421560:t1, leader=null, voted=0d93ace1-f03e-41da-9627-e20667421560, raftlog=0d93ace1-f03e-41da-9627-e20667421560-SegmentedRaftLog:OPENED:c-1,f-1,i0, conf=-1: [6dd76e0a-9c0a-4ecd-a6b9-58bf80bbf684:192.168.69.77:34350, ccda97d6-f984-4376-af5e-bd1d37e9c823:192.168.69.77:35482, 0d93ace1-f03e-41da-9627-e20667421560:192.168.69.77:41913], old=null
2019-07-14 16:35:21,421 INFO  impl.RaftServerImpl (RaftServerImpl.java:setRole(171)) - 0d93ace1-f03e-41da-9627-e20667421560:group-238794C04517 changes role from CANDIDATE to FOLLOWER at term 1 for DISCOVERED_A_NEW_TERM
2019-07-14 16:35:21,421 INFO  impl.RoleInfo (RoleInfo.java:shutdownLeaderElection(134)) - 0d93ace1-f03e-41da-9627-e20667421560: shutdown LeaderElection
2019-07-14 16:35:21,422 INFO  impl.RoleInfo (RoleInfo.java:updateAndGet(143)) - 0d93ace1-f03e-41da-9627-e20667421560: start FollowerState
2019-07-14 16:35:21,431 INFO  impl.LeaderElection (LeaderElection.java:logAndReturn(56)) - 6a6dfdfc-b0dc-448c-b5a6-9b2d16926b65:group-3FE76243B3D7:LeaderElection16: Election PASSED; received 1 response(s) [6a6dfdfc-b0dc-448c-b5a6-9b2d16926b65<-c56e9eac-ce96-4317-bc9f-b13e9f3c9173#0:OK-t1] and 0 exception(s); 6a6dfdfc-b0dc-448c-b5a6-9b2d16926b65:t1, leader=null, voted=6a6dfdfc-b0dc-448c-b5a6-9b2d16926b65, raftlog=6a6dfdfc-b0dc-448c-b5a6-9b2d16926b65-SegmentedRaftLog:OPENED:c-1,f-1,i0, conf=-1: [6a6dfdfc-b0dc-448c-b5a6-9b2d16926b65:192.168.69.77:32973, 809a6994-cddd-4239-ab19-d890f54eceb5:192.168.69.77:45926, c56e9eac-ce96-4317-bc9f-b13e9f3c9173:192.168.69.77:36725], old=null
2019-07-14 16:35:21,433 INFO  impl.RoleInfo (RoleInfo.java:shutdownLeaderElection(134)) - 6a6dfdfc-b0dc-448c-b5a6-9b2d16926b65: shutdown LeaderElection
2019-07-14 16:35:21,433 INFO  impl.RaftServerImpl (RaftServerImpl.java:setRole(171)) - 6a6dfdfc-b0dc-448c-b5a6-9b2d16926b65:group-3FE76243B3D7 changes role from CANDIDATE to LEADER at term 1 for changeToLeader
2019-07-14 16:35:21,434 INFO  impl.RaftServerImpl (ServerState.java:setLeader(263)) - 6a6dfdfc-b0dc-448c-b5a6-9b2d16926b65:group-3FE76243B3D7 change Leader from null to 6a6dfdfc-b0dc-448c-b5a6-9b2d16926b65 at term 1 for becomeLeader, leader elected after 5177ms
2019-07-14 16:35:21,434 INFO  server.RaftServerConfigKeys (ConfUtils.java:logGet(43)) - raft.server.staging.catchup.gap = 1000 (default)
2019-07-14 16:35:21,434 INFO  server.RaftServerConfigKeys (ConfUtils.java:logGet(43)) - raft.server.rpc.sleep.time = 25ms (default)
2019-07-14 16:35:21,434 INFO  server.RaftServerConfigKeys (ConfUtils.java:logGet(43)) - raft.server.write.element-limit = 4096 (default)
2019-07-14 16:35:21,434 INFO  server.RaftServerConfigKeys (ConfUtils.java:logGet(43)) - raft.server.watch.timeout = 10s (default)
2019-07-14 16:35:21,434 INFO  server.RaftServerConfigKeys (ConfUtils.java:logGet(43)) - raft.server.watch.timeout.denomination = 1s (default)
2019-07-14 16:35:21,434 INFO  server.RaftServerConfigKeys (ConfUtils.java:logGet(43)) - raft.server.watch.element-limit = 65536 (default)
2019-07-14 16:35:21,437 INFO  server.RaftServerConfigKeys (ConfUtils.java:logGet(43)) - raft.server.log.appender.snapshot.chunk.size.max = 16MB (=16777216) (default)
2019-07-14 16:35:21,438 INFO  server.RaftServerConfigKeys (ConfUtils.java:logGet(43)) - raft.server.log.appender.buffer.byte-limit = 33554432 (custom)
2019-07-14 16:35:21,438 INFO  server.RaftServerConfigKeys (ConfUtils.java:logGet(43)) - raft.server.log.appender.buffer.element-limit = 1 (custom)
2019-07-14 16:35:21,442 INFO  grpc.GrpcConfigKeys$Server (ConfUtils.java:logGet(43)) - raft.grpc.server.leader.outstanding.appends.max = 128 (default)
2019-07-14 16:35:21,451 INFO  server.RaftServerConfigKeys (ConfUtils.java:logGet(43)) - raft.server.rpc.request.timeout = 3000ms (default)
2019-07-14 16:35:21,451 INFO  server.RaftServerConfigKeys (ConfUtils.java:logGet(43)) - raft.server.log.appender.install.snapshot.enabled = false (custom)
2019-07-14 16:35:21,451 INFO  server.RaftServerConfigKeys (ConfUtils.java:logGet(43)) - raft.server.log.appender.snapshot.chunk.size.max = 16MB (=16777216) (default)
2019-07-14 16:35:21,452 INFO  server.RaftServerConfigKeys (ConfUtils.java:logGet(43)) - raft.server.log.appender.buffer.byte-limit = 33554432 (custom)
2019-07-14 16:35:21,452 INFO  server.RaftServerConfigKeys (ConfUtils.java:logGet(43)) - raft.server.log.appender.buffer.element-limit = 1 (custom)
2019-07-14 16:35:21,452 INFO  grpc.GrpcConfigKeys$Server (ConfUtils.java:logGet(43)) - raft.grpc.server.leader.outstanding.appends.max = 128 (default)
2019-07-14 16:35:21,452 INFO  server.RaftServerConfigKeys (ConfUtils.java:logGet(43)) - raft.server.rpc.request.timeout = 3000ms (default)
2019-07-14 16:35:21,452 INFO  server.RaftServerConfigKeys (ConfUtils.java:logGet(43)) - raft.server.log.appender.install.snapshot.enabled = false (custom)
2019-07-14 16:35:21,454 INFO  impl.RoleInfo (RoleInfo.java:updateAndGet(143)) - 6a6dfdfc-b0dc-448c-b5a6-9b2d16926b65: start LeaderState
2019-07-14 16:35:21,454 INFO  segmented.SegmentedRaftLogWorker (SegmentedRaftLogWorker.java:startLogSegment(380)) - 6a6dfdfc-b0dc-448c-b5a6-9b2d16926b65-SegmentedRaftLogWorker:Storage Directory /workdir/hadoop-ozone/integration-test/target/test-dir/MiniOzoneClusterImpl-8cf1dee3-ffcd-4285-82f5-cc2f44ea5ab3/datanode-5/data/ratis/fbfc1bdd-b46a-452b-81a7-3fe76243b3d7: Starting segment from index:0
2019-07-14 16:35:21,455 INFO  impl.RaftServerImpl (ServerState.java:setRaftConf(361)) - 6a6dfdfc-b0dc-448c-b5a6-9b2d16926b65:group-3FE76243B3D7 set configuration 0: [6a6dfdfc-b0dc-448c-b5a6-9b2d16926b65:192.168.69.77:32973, 809a6994-cddd-4239-ab19-d890f54eceb5:192.168.69.77:45926, c56e9eac-ce96-4317-bc9f-b13e9f3c9173:192.168.69.77:36725], old=null at 0
2019-07-14 16:35:21,487 INFO  segmented.SegmentedRaftLogWorker (SegmentedRaftLogWorker.java:execute(569)) - 6a6dfdfc-b0dc-448c-b5a6-9b2d16926b65-SegmentedRaftLogWorker:Storage Directory /workdir/hadoop-ozone/integration-test/target/test-dir/MiniOzoneClusterImpl-8cf1dee3-ffcd-4285-82f5-cc2f44ea5ab3/datanode-5/data/ratis/fbfc1bdd-b46a-452b-81a7-3fe76243b3d7: created new log segment /workdir/hadoop-ozone/integration-test/target/test-dir/MiniOzoneClusterImpl-8cf1dee3-ffcd-4285-82f5-cc2f44ea5ab3/datanode-5/data/ratis/fbfc1bdd-b46a-452b-81a7-3fe76243b3d7/current/log_inprogress_0
2019-07-14 16:35:21,507 INFO  impl.RaftServerImpl (ServerState.java:setLeader(263)) - 809a6994-cddd-4239-ab19-d890f54eceb5:group-3FE76243B3D7 change Leader from null to 6a6dfdfc-b0dc-448c-b5a6-9b2d16926b65 at term 1 for appendEntries, leader elected after 5251ms
2019-07-14 16:35:21,507 INFO  impl.RaftServerImpl (ServerState.java:setLeader(263)) - c56e9eac-ce96-4317-bc9f-b13e9f3c9173:group-3FE76243B3D7 change Leader from null to 6a6dfdfc-b0dc-448c-b5a6-9b2d16926b65 at term 1 for appendEntries, leader elected after 5251ms
2019-07-14 16:35:21,541 INFO  impl.RaftServerImpl (ServerState.java:setRaftConf(361)) - c56e9eac-ce96-4317-bc9f-b13e9f3c9173:group-3FE76243B3D7 set configuration 0: [6a6dfdfc-b0dc-448c-b5a6-9b2d16926b65:192.168.69.77:32973, 809a6994-cddd-4239-ab19-d890f54eceb5:192.168.69.77:45926, c56e9eac-ce96-4317-bc9f-b13e9f3c9173:192.168.69.77:36725], old=null at 0
2019-07-14 16:35:21,541 INFO  impl.RaftServerImpl (ServerState.java:setRaftConf(361)) - 809a6994-cddd-4239-ab19-d890f54eceb5:group-3FE76243B3D7 set configuration 0: [6a6dfdfc-b0dc-448c-b5a6-9b2d16926b65:192.168.69.77:32973, 809a6994-cddd-4239-ab19-d890f54eceb5:192.168.69.77:45926, c56e9eac-ce96-4317-bc9f-b13e9f3c9173:192.168.69.77:36725], old=null at 0
2019-07-14 16:35:21,541 INFO  segmented.SegmentedRaftLogWorker (SegmentedRaftLogWorker.java:startLogSegment(380)) - c56e9eac-ce96-4317-bc9f-b13e9f3c9173-SegmentedRaftLogWorker:Storage Directory /workdir/hadoop-ozone/integration-test/target/test-dir/MiniOzoneClusterImpl-8cf1dee3-ffcd-4285-82f5-cc2f44ea5ab3/datanode-4/data/ratis/fbfc1bdd-b46a-452b-81a7-3fe76243b3d7: Starting segment from index:0
2019-07-14 16:35:21,542 INFO  segmented.SegmentedRaftLogWorker (SegmentedRaftLogWorker.java:startLogSegment(380)) - 809a6994-cddd-4239-ab19-d890f54eceb5-SegmentedRaftLogWorker:Storage Directory /workdir/hadoop-ozone/integration-test/target/test-dir/MiniOzoneClusterImpl-8cf1dee3-ffcd-4285-82f5-cc2f44ea5ab3/datanode-7/data/ratis/fbfc1bdd-b46a-452b-81a7-3fe76243b3d7: Starting segment from index:0
2019-07-14 16:35:21,572 INFO  segmented.SegmentedRaftLogWorker (SegmentedRaftLogWorker.java:execute(569)) - 809a6994-cddd-4239-ab19-d890f54eceb5-SegmentedRaftLogWorker:Storage Directory /workdir/hadoop-ozone/integration-test/target/test-dir/MiniOzoneClusterImpl-8cf1dee3-ffcd-4285-82f5-cc2f44ea5ab3/datanode-7/data/ratis/fbfc1bdd-b46a-452b-81a7-3fe76243b3d7: created new log segment /workdir/hadoop-ozone/integration-test/target/test-dir/MiniOzoneClusterImpl-8cf1dee3-ffcd-4285-82f5-cc2f44ea5ab3/datanode-7/data/ratis/fbfc1bdd-b46a-452b-81a7-3fe76243b3d7/current/log_inprogress_0
2019-07-14 16:35:21,572 INFO  segmented.SegmentedRaftLogWorker (SegmentedRaftLogWorker.java:execute(569)) - c56e9eac-ce96-4317-bc9f-b13e9f3c9173-SegmentedRaftLogWorker:Storage Directory /workdir/hadoop-ozone/integration-test/target/test-dir/MiniOzoneClusterImpl-8cf1dee3-ffcd-4285-82f5-cc2f44ea5ab3/datanode-4/data/ratis/fbfc1bdd-b46a-452b-81a7-3fe76243b3d7: created new log segment /workdir/hadoop-ozone/integration-test/target/test-dir/MiniOzoneClusterImpl-8cf1dee3-ffcd-4285-82f5-cc2f44ea5ab3/datanode-4/data/ratis/fbfc1bdd-b46a-452b-81a7-3fe76243b3d7/current/log_inprogress_0
2019-07-14 16:35:22,312 INFO  keyvalue.KeyValueHandler (ContainerUtils.java:logAndReturnError(146)) - Operation: CreateContainer : Trace ID: 6a24ba8cbb27b653:6a24ba8cbb27b653:0:0 : Message: Container creation failed, due to disk out of space : Result: DISK_OUT_OF_SPACE
16:35:22.315 [pool-131-thread-1] ERROR DNAudit - user=null | ip=null | op=WRITE_CHUNK {blockData=conID: 2 locID: 102440771120463893 bcsId: 0} | ret=FAILURE
org.apache.hadoop.hdds.scm.container.common.helpers.StorageContainerException: ContainerID 2 creation failed
	at org.apache.hadoop.ozone.container.common.impl.HddsDispatcher.dispatchRequest(HddsDispatcher.java:227) ~[hadoop-hdds-container-service-0.5.0-SNAPSHOT.jar:?]
	at org.apache.hadoop.ozone.container.common.impl.HddsDispatcher.dispatch(HddsDispatcher.java:148) ~[hadoop-hdds-container-service-0.5.0-SNAPSHOT.jar:?]
	at org.apache.hadoop.ozone.container.common.transport.server.ratis.ContainerStateMachine.dispatchCommand(ContainerStateMachine.java:357) ~[hadoop-hdds-container-service-0.5.0-SNAPSHOT.jar:?]
	at org.apache.hadoop.ozone.container.common.transport.server.ratis.ContainerStateMachine.runCommand(ContainerStateMachine.java:364) ~[hadoop-hdds-container-service-0.5.0-SNAPSHOT.jar:?]
	at org.apache.hadoop.ozone.container.common.transport.server.ratis.ContainerStateMachine.lambda$handleWriteChunk$0(ContainerStateMachine.java:395) ~[hadoop-hdds-container-service-0.5.0-SNAPSHOT.jar:?]
	at java.util.concurrent.CompletableFuture$AsyncSupply.run(CompletableFuture.java:1590) [?:1.8.0_212]
	at java.util.concurrent.ThreadPoolExecutor.runWorker(ThreadPoolExecutor.java:1149) [?:1.8.0_212]
	at java.util.concurrent.ThreadPoolExecutor$Worker.run(ThreadPoolExecutor.java:624) [?:1.8.0_212]
	at java.lang.Thread.run(Thread.java:748) [?:1.8.0_212]
2019-07-14 16:35:22,333 INFO  impl.HddsDispatcher (ContainerUtils.java:logAndReturnError(146)) - Operation: WriteChunk : Trace ID: 6a24ba8cbb27b653:6a24ba8cbb27b653:0:0 : Message: ContainerID 2 creation failed : Result: DISK_OUT_OF_SPACE
16:35:22.413 [pool-134-thread-1] ERROR DNAudit - user=null | ip=null | op=WRITE_CHUNK {blockData=conID: 2 locID: 102440771120463893 bcsId: 0} | ret=FAILURE
org.apache.hadoop.hdds.scm.container.common.helpers.StorageContainerException: ContainerID 2 does not exist
	at org.apache.hadoop.ozone.container.common.impl.HddsDispatcher.dispatchRequest(HddsDispatcher.java:242) ~[hadoop-hdds-container-service-0.5.0-SNAPSHOT.jar:?]
	at org.apache.hadoop.ozone.container.common.impl.HddsDispatcher.dispatch(HddsDispatcher.java:148) ~[hadoop-hdds-container-service-0.5.0-SNAPSHOT.jar:?]
	at org.apache.hadoop.ozone.container.common.transport.server.ratis.ContainerStateMachine.dispatchCommand(ContainerStateMachine.java:357) ~[hadoop-hdds-container-service-0.5.0-SNAPSHOT.jar:?]
	at org.apache.hadoop.ozone.container.common.transport.server.ratis.ContainerStateMachine.runCommand(ContainerStateMachine.java:364) ~[hadoop-hdds-container-service-0.5.0-SNAPSHOT.jar:?]
	at org.apache.hadoop.ozone.container.common.transport.server.ratis.ContainerStateMachine.lambda$applyTransaction$5(ContainerStateMachine.java:630) ~[hadoop-hdds-container-service-0.5.0-SNAPSHOT.jar:?]
	at java.util.concurrent.CompletableFuture$AsyncSupply.run(CompletableFuture.java:1590) [?:1.8.0_212]
	at java.util.concurrent.ThreadPoolExecutor.runWorker(ThreadPoolExecutor.java:1149) [?:1.8.0_212]
	at java.util.concurrent.ThreadPoolExecutor$Worker.run(ThreadPoolExecutor.java:624) [?:1.8.0_212]
	at java.lang.Thread.run(Thread.java:748) [?:1.8.0_212]
2019-07-14 16:35:22,413 INFO  impl.HddsDispatcher (ContainerUtils.java:logAndReturnError(146)) - Operation: WriteChunk : Trace ID: 6a24ba8cbb27b653:6a24ba8cbb27b653:0:0 : Message: ContainerID 2 does not exist : Result: CONTAINER_NOT_FOUND
2019-07-14 16:35:22,432 INFO  client.GrpcClientProtocolClient (GrpcClientProtocolClient.java:onNext(255)) - client-F95293D52F67->6a6dfdfc-b0dc-448c-b5a6-9b2d16926b65: receive RaftClientReply:client-F95293D52F67->6a6dfdfc-b0dc-448c-b5a6-9b2d16926b65@group-3FE76243B3D7, cid=19, SUCCESS, logIndex=1, commits[6a6dfdfc-b0dc-448c-b5a6-9b2d16926b65:c1, 809a6994-cddd-4239-ab19-d890f54eceb5:c0, c56e9eac-ce96-4317-bc9f-b13e9f3c9173:c0]
2019-07-14 16:35:22,444 ERROR storage.BlockOutputStream (BlockOutputStream.java:validateResponse(539)) - Unexpected Storage Container Exception: 
org.apache.hadoop.hdds.scm.container.common.helpers.StorageContainerException: ContainerID 2 does not exist
	at org.apache.hadoop.hdds.scm.storage.ContainerProtocolCalls.validateContainerResponse(ContainerProtocolCalls.java:536)
	at org.apache.hadoop.hdds.scm.storage.BlockOutputStream.validateResponse(BlockOutputStream.java:537)
	at org.apache.hadoop.hdds.scm.storage.BlockOutputStream.lambda$writeChunkToContainer$2(BlockOutputStream.java:615)
	at java.util.concurrent.CompletableFuture.uniApply(CompletableFuture.java:602)
	at java.util.concurrent.CompletableFuture$UniApply.tryFire(CompletableFuture.java:577)
	at java.util.concurrent.CompletableFuture$Completion.run(CompletableFuture.java:442)
	at java.util.concurrent.ThreadPoolExecutor.runWorker(ThreadPoolExecutor.java:1149)
	at java.util.concurrent.ThreadPoolExecutor$Worker.run(ThreadPoolExecutor.java:624)
	at java.lang.Thread.run(Thread.java:748)
2019-07-14 16:35:22,457 INFO  keyvalue.KeyValueHandler (ContainerUtils.java:logAndReturnError(146)) - Operation: CreateContainer : Trace ID: 231c671393f5739d:231c671393f5739d:0:0 : Message: Container creation failed, due to disk out of space : Result: DISK_OUT_OF_SPACE
16:35:22.462 [pool-131-thread-4] ERROR DNAudit - user=null | ip=null | op=WRITE_CHUNK {blockData=conID: 2 locID: 102440771120463893 bcsId: 0} | ret=FAILURE
org.apache.hadoop.hdds.scm.container.common.helpers.StorageContainerException: ContainerID 2 creation failed
	at org.apache.hadoop.ozone.container.common.impl.HddsDispatcher.dispatchRequest(HddsDispatcher.java:227) ~[hadoop-hdds-container-service-0.5.0-SNAPSHOT.jar:?]
	at org.apache.hadoop.ozone.container.common.impl.HddsDispatcher.dispatch(HddsDispatcher.java:148) ~[hadoop-hdds-container-service-0.5.0-SNAPSHOT.jar:?]
	at org.apache.hadoop.ozone.container.common.transport.server.ratis.ContainerStateMachine.dispatchCommand(ContainerStateMachine.java:357) ~[hadoop-hdds-container-service-0.5.0-SNAPSHOT.jar:?]
	at org.apache.hadoop.ozone.container.common.transport.server.ratis.ContainerStateMachine.runCommand(ContainerStateMachine.java:364) ~[hadoop-hdds-container-service-0.5.0-SNAPSHOT.jar:?]
	at org.apache.hadoop.ozone.container.common.transport.server.ratis.ContainerStateMachine.lambda$handleWriteChunk$0(ContainerStateMachine.java:395) ~[hadoop-hdds-container-service-0.5.0-SNAPSHOT.jar:?]
	at java.util.concurrent.CompletableFuture$AsyncSupply.run(CompletableFuture.java:1590) [?:1.8.0_212]
	at java.util.concurrent.ThreadPoolExecutor.runWorker(ThreadPoolExecutor.java:1149) [?:1.8.0_212]
	at java.util.concurrent.ThreadPoolExecutor$Worker.run(ThreadPoolExecutor.java:624) [?:1.8.0_212]
	at java.lang.Thread.run(Thread.java:748) [?:1.8.0_212]
2019-07-14 16:35:22,463 INFO  impl.HddsDispatcher (ContainerUtils.java:logAndReturnError(146)) - Operation: WriteChunk : Trace ID: 231c671393f5739d:231c671393f5739d:0:0 : Message: ContainerID 2 creation failed : Result: DISK_OUT_OF_SPACE
16:35:22.463 [pool-134-thread-1] ERROR DNAudit - user=null | ip=null | op=PUT_BLOCK {blockData=[blockId=conID: 2 locID: 102440771120463893 bcsId: 0,size=1048576]} | ret=FAILURE
org.apache.hadoop.hdds.scm.container.common.helpers.StorageContainerException: ContainerID 2 does not exist
	at org.apache.hadoop.ozone.container.common.impl.HddsDispatcher.dispatchRequest(HddsDispatcher.java:242) ~[hadoop-hdds-container-service-0.5.0-SNAPSHOT.jar:?]
	at org.apache.hadoop.ozone.container.common.impl.HddsDispatcher.dispatch(HddsDispatcher.java:148) ~[hadoop-hdds-container-service-0.5.0-SNAPSHOT.jar:?]
	at org.apache.hadoop.ozone.container.common.transport.server.ratis.ContainerStateMachine.dispatchCommand(ContainerStateMachine.java:357) ~[hadoop-hdds-container-service-0.5.0-SNAPSHOT.jar:?]
	at org.apache.hadoop.ozone.container.common.transport.server.ratis.ContainerStateMachine.runCommand(ContainerStateMachine.java:364) ~[hadoop-hdds-container-service-0.5.0-SNAPSHOT.jar:?]
	at org.apache.hadoop.ozone.container.common.transport.server.ratis.ContainerStateMachine.lambda$applyTransaction$5(ContainerStateMachine.java:630) ~[hadoop-hdds-container-service-0.5.0-SNAPSHOT.jar:?]
	at java.util.concurrent.CompletableFuture$AsyncSupply.run(CompletableFuture.java:1590) [?:1.8.0_212]
	at java.util.concurrent.ThreadPoolExecutor.runWorker(ThreadPoolExecutor.java:1149) [?:1.8.0_212]
	at java.util.concurrent.ThreadPoolExecutor$Worker.run(ThreadPoolExecutor.java:624) [?:1.8.0_212]
	at java.lang.Thread.run(Thread.java:748) [?:1.8.0_212]
2019-07-14 16:35:22,463 INFO  impl.HddsDispatcher (ContainerUtils.java:logAndReturnError(146)) - Operation: PutBlock : Trace ID: 8097b9db4e35a1f1:8097b9db4e35a1f1:0:0 : Message: ContainerID 2 does not exist : Result: CONTAINER_NOT_FOUND
2019-07-14 16:35:22,475 INFO  client.GrpcClientProtocolClient (GrpcClientProtocolClient.java:onNext(255)) - client-F95293D52F67->6a6dfdfc-b0dc-448c-b5a6-9b2d16926b65: receive RaftClientReply:client-F95293D52F67->6a6dfdfc-b0dc-448c-b5a6-9b2d16926b65@group-3FE76243B3D7, cid=20, SUCCESS, logIndex=3, commits[6a6dfdfc-b0dc-448c-b5a6-9b2d16926b65:c3, 809a6994-cddd-4239-ab19-d890f54eceb5:c2, c56e9eac-ce96-4317-bc9f-b13e9f3c9173:c2]
16:35:22.494 [pool-134-thread-1] ERROR DNAudit - user=null | ip=null | op=WRITE_CHUNK {blockData=conID: 2 locID: 102440771120463893 bcsId: 0} | ret=FAILURE
org.apache.hadoop.hdds.scm.container.common.helpers.StorageContainerException: ContainerID 2 does not exist
	at org.apache.hadoop.ozone.container.common.impl.HddsDispatcher.dispatchRequest(HddsDispatcher.java:242) ~[hadoop-hdds-container-service-0.5.0-SNAPSHOT.jar:?]
	at org.apache.hadoop.ozone.container.common.impl.HddsDispatcher.dispatch(HddsDispatcher.java:148) ~[hadoop-hdds-container-service-0.5.0-SNAPSHOT.jar:?]
	at org.apache.hadoop.ozone.container.common.transport.server.ratis.ContainerStateMachine.dispatchCommand(ContainerStateMachine.java:357) ~[hadoop-hdds-container-service-0.5.0-SNAPSHOT.jar:?]
	at org.apache.hadoop.ozone.container.common.transport.server.ratis.ContainerStateMachine.runCommand(ContainerStateMachine.java:364) ~[hadoop-hdds-container-service-0.5.0-SNAPSHOT.jar:?]
	at org.apache.hadoop.ozone.container.common.transport.server.ratis.ContainerStateMachine.lambda$applyTransaction$5(ContainerStateMachine.java:630) ~[hadoop-hdds-container-service-0.5.0-SNAPSHOT.jar:?]
	at java.util.concurrent.CompletableFuture$AsyncSupply.run(CompletableFuture.java:1590) [?:1.8.0_212]
	at java.util.concurrent.ThreadPoolExecutor.runWorker(ThreadPoolExecutor.java:1149) [?:1.8.0_212]
	at java.util.concurrent.ThreadPoolExecutor$Worker.run(ThreadPoolExecutor.java:624) [?:1.8.0_212]
	at java.lang.Thread.run(Thread.java:748) [?:1.8.0_212]
2019-07-14 16:35:22,498 INFO  impl.HddsDispatcher (ContainerUtils.java:logAndReturnError(146)) - Operation: WriteChunk : Trace ID: 231c671393f5739d:231c671393f5739d:0:0 : Message: ContainerID 2 does not exist : Result: CONTAINER_NOT_FOUND
2019-07-14 16:35:22,502 INFO  client.GrpcClientProtocolClient (GrpcClientProtocolClient.java:onNext(255)) - client-F95293D52F67->6a6dfdfc-b0dc-448c-b5a6-9b2d16926b65: receive RaftClientReply:client-F95293D52F67->6a6dfdfc-b0dc-448c-b5a6-9b2d16926b65@group-3FE76243B3D7, cid=21, SUCCESS, logIndex=4, commits[6a6dfdfc-b0dc-448c-b5a6-9b2d16926b65:c6, 809a6994-cddd-4239-ab19-d890f54eceb5:c2, c56e9eac-ce96-4317-bc9f-b13e9f3c9173:c3]
16:35:22.502 [pool-134-thread-1] ERROR DNAudit - user=null | ip=null | op=PUT_BLOCK {blockData=[blockId=conID: 2 locID: 102440771120463893 bcsId: 0,size=2097152]} | ret=FAILURE
org.apache.hadoop.hdds.scm.container.common.helpers.StorageContainerException: ContainerID 2 does not exist
	at org.apache.hadoop.ozone.container.common.impl.HddsDispatcher.dispatchRequest(HddsDispatcher.java:242) ~[hadoop-hdds-container-service-0.5.0-SNAPSHOT.jar:?]
	at org.apache.hadoop.ozone.container.common.impl.HddsDispatcher.dispatch(HddsDispatcher.java:148) ~[hadoop-hdds-container-service-0.5.0-SNAPSHOT.jar:?]
	at org.apache.hadoop.ozone.container.common.transport.server.ratis.ContainerStateMachine.dispatchCommand(ContainerStateMachine.java:357) ~[hadoop-hdds-container-service-0.5.0-SNAPSHOT.jar:?]
	at org.apache.hadoop.ozone.container.common.transport.server.ratis.ContainerStateMachine.runCommand(ContainerStateMachine.java:364) ~[hadoop-hdds-container-service-0.5.0-SNAPSHOT.jar:?]
	at org.apache.hadoop.ozone.container.common.transport.server.ratis.ContainerStateMachine.lambda$applyTransaction$5(ContainerStateMachine.java:630) ~[hadoop-hdds-container-service-0.5.0-SNAPSHOT.jar:?]
	at java.util.concurrent.CompletableFuture$AsyncSupply.run(CompletableFuture.java:1590) [?:1.8.0_212]
	at java.util.concurrent.ThreadPoolExecutor.runWorker(ThreadPoolExecutor.java:1149) [?:1.8.0_212]
	at java.util.concurrent.ThreadPoolExecutor$Worker.run(ThreadPoolExecutor.java:624) [?:1.8.0_212]
	at java.lang.Thread.run(Thread.java:748) [?:1.8.0_212]
2019-07-14 16:35:22,502 INFO  impl.HddsDispatcher (ContainerUtils.java:logAndReturnError(146)) - Operation: PutBlock : Trace ID: 81df7c5c7ba3a1:81df7c5c7ba3a1:0:0 : Message: ContainerID 2 does not exist : Result: CONTAINER_NOT_FOUND
2019-07-14 16:35:22,504 INFO  client.GrpcClientProtocolClient (GrpcClientProtocolClient.java:onNext(255)) - client-F95293D52F67->6a6dfdfc-b0dc-448c-b5a6-9b2d16926b65: receive RaftClientReply:client-F95293D52F67->6a6dfdfc-b0dc-448c-b5a6-9b2d16926b65@group-3FE76243B3D7, cid=22, SUCCESS, logIndex=5, commits[6a6dfdfc-b0dc-448c-b5a6-9b2d16926b65:c6, 809a6994-cddd-4239-ab19-d890f54eceb5:c3, c56e9eac-ce96-4317-bc9f-b13e9f3c9173:c3]
]]></system-out>
  </testcase>
  <testcase name="testInitiateMultipartUploadWithReplicationInformationSet" classname="org.apache.hadoop.ozone.client.rpc.TestSecureOzoneRpcClient" time="0.015"/>
  <testcase name="testRenameKey" classname="org.apache.hadoop.ozone.client.rpc.TestSecureOzoneRpcClient" time="0.088"/>
  <testcase name="testCreateBucketWithVersioning" classname="org.apache.hadoop.ozone.client.rpc.TestSecureOzoneRpcClient" time="0.008"/>
  <testcase name="testCreateS3Bucket" classname="org.apache.hadoop.ozone.client.rpc.TestSecureOzoneRpcClient" time="0.017"/>
  <testcase name="testUploadPartOverrideWithStandAlone" classname="org.apache.hadoop.ozone.client.rpc.TestSecureOzoneRpcClient" time="0.067"/>
  <testcase name="testNativeAclsForKey" classname="org.apache.hadoop.ozone.client.rpc.TestSecureOzoneRpcClient" time="0.121"/>
  <testcase name="testAddBucketAcl" classname="org.apache.hadoop.ozone.client.rpc.TestSecureOzoneRpcClient" time="0.019"/>
  <testcase name="testReadKeyWithVerifyChecksumFlagDisable" classname="org.apache.hadoop.ozone.client.rpc.TestSecureOzoneRpcClient" time="0.33"/>
  <testcase name="testListMultipartUploadParts" classname="org.apache.hadoop.ozone.client.rpc.TestSecureOzoneRpcClient" time="0.327"/>
  <testcase name="testNativeAclsForBucket" classname="org.apache.hadoop.ozone.client.rpc.TestSecureOzoneRpcClient" time="0.046"/>
  <testcase name="testPutKeyRatisThreeNodesParallel" classname="org.apache.hadoop.ozone.client.rpc.TestSecureOzoneRpcClient" time="0">
    <skipped message="Debug Jenkins Timeout"/>
  </testcase>
  <testcase name="testDeleteS3NonExistingBucket" classname="org.apache.hadoop.ozone.client.rpc.TestSecureOzoneRpcClient" time="0.004"/>
  <testcase name="testListPartsWithInvalidUploadID" classname="org.apache.hadoop.ozone.client.rpc.TestSecureOzoneRpcClient" time="0.013"/>
  <testcase name="testUploadPartOverrideWithRatis" classname="org.apache.hadoop.ozone.client.rpc.TestSecureOzoneRpcClient" time="3.299">
    <error message="Unexpected Storage Container Exception: org.apache.hadoop.hdds.scm.container.common.helpers.StorageContainerException: ContainerID 5 does not exist" type="java.io.IOException">java.io.IOException: Unexpected Storage Container Exception: org.apache.hadoop.hdds.scm.container.common.helpers.StorageContainerException: ContainerID 5 does not exist
	at org.apache.hadoop.hdds.scm.storage.BlockOutputStream.setIoException(BlockOutputStream.java:549)
	at org.apache.hadoop.hdds.scm.storage.BlockOutputStream.validateResponse(BlockOutputStream.java:540)
	at org.apache.hadoop.hdds.scm.storage.BlockOutputStream.lambda$writeChunkToContainer$2(BlockOutputStream.java:615)
	at java.util.concurrent.CompletableFuture.uniApply(CompletableFuture.java:602)
	at java.util.concurrent.CompletableFuture$UniApply.tryFire(CompletableFuture.java:577)
	at java.util.concurrent.CompletableFuture$Completion.run(CompletableFuture.java:442)
	at java.util.concurrent.ThreadPoolExecutor.runWorker(ThreadPoolExecutor.java:1149)
	at java.util.concurrent.ThreadPoolExecutor$Worker.run(ThreadPoolExecutor.java:624)
	at java.lang.Thread.run(Thread.java:748)
Caused by: org.apache.hadoop.hdds.scm.container.common.helpers.StorageContainerException: ContainerID 5 does not exist
	at org.apache.hadoop.hdds.scm.storage.ContainerProtocolCalls.validateContainerResponse(ContainerProtocolCalls.java:536)
	at org.apache.hadoop.hdds.scm.storage.BlockOutputStream.validateResponse(BlockOutputStream.java:537)
	... 7 more
</error>
    <system-out><![CDATA[2019-07-14 16:35:23,584 INFO  rpc.RpcClient (RpcClient.java:createVolume(287)) - Creating Volume: 006c1615-b831-4f89-93b7-68e910daa8b9, with jenkins1000 as owner.
2019-07-14 16:35:23,588 INFO  rpc.RpcClient (RpcClient.java:createBucket(424)) - Creating Bucket: 006c1615-b831-4f89-93b7-68e910daa8b9/5e8283d9-ec39-4a60-b4c4-3f51a8bbac1d, with Versioning false and Storage Type set to DISK and Encryption set to false 
2019-07-14 16:35:23,615 INFO  client.GrpcClientProtocolClient (GrpcClientProtocolClient.java:onNext(255)) - client-0F9D3D1BEA92->6dd76e0a-9c0a-4ecd-a6b9-58bf80bbf684: receive RaftClientReply:client-0F9D3D1BEA92->6dd76e0a-9c0a-4ecd-a6b9-58bf80bbf684@group-238794C04517, cid=25, FAILED org.apache.ratis.protocol.NotLeaderException: Server 6dd76e0a-9c0a-4ecd-a6b9-58bf80bbf684 is not the leader (null). Request must be sent to leader., logIndex=0, commits[6dd76e0a-9c0a-4ecd-a6b9-58bf80bbf684:c-1]
2019-07-14 16:35:24,642 INFO  client.GrpcClientProtocolClient (GrpcClientProtocolClient.java:onNext(255)) - client-0F9D3D1BEA92->0d93ace1-f03e-41da-9627-e20667421560: receive RaftClientReply:client-0F9D3D1BEA92->0d93ace1-f03e-41da-9627-e20667421560@group-238794C04517, cid=25, FAILED org.apache.ratis.protocol.NotLeaderException: Server 0d93ace1-f03e-41da-9627-e20667421560 is not the leader (null). Request must be sent to leader., logIndex=0, commits[0d93ace1-f03e-41da-9627-e20667421560:c-1]
2019-07-14 16:35:25,665 INFO  client.GrpcClientProtocolClient (GrpcClientProtocolClient.java:onNext(255)) - client-0F9D3D1BEA92->6dd76e0a-9c0a-4ecd-a6b9-58bf80bbf684: receive RaftClientReply:client-0F9D3D1BEA92->6dd76e0a-9c0a-4ecd-a6b9-58bf80bbf684@group-238794C04517, cid=25, FAILED org.apache.ratis.protocol.NotLeaderException: Server 6dd76e0a-9c0a-4ecd-a6b9-58bf80bbf684 is not the leader (null). Request must be sent to leader., logIndex=0, commits[6dd76e0a-9c0a-4ecd-a6b9-58bf80bbf684:c-1]
2019-07-14 16:35:26,216 INFO  impl.FollowerState (FollowerState.java:run(106)) - 364f186b-28cb-4028-a5ac-94f7a3d4ba5b:group-A2C94D407326 changes to CANDIDATE, lastRpcTime:5006, electionTimeout:5001ms
2019-07-14 16:35:26,217 INFO  impl.RoleInfo (RoleInfo.java:shutdownFollowerState(121)) - 364f186b-28cb-4028-a5ac-94f7a3d4ba5b: shutdown FollowerState
2019-07-14 16:35:26,217 INFO  impl.RaftServerImpl (RaftServerImpl.java:setRole(171)) - 364f186b-28cb-4028-a5ac-94f7a3d4ba5b:group-A2C94D407326 changes role from FOLLOWER to CANDIDATE at term 1 for changeToCandidate
2019-07-14 16:35:26,217 INFO  impl.RoleInfo (RoleInfo.java:updateAndGet(143)) - 364f186b-28cb-4028-a5ac-94f7a3d4ba5b: start LeaderElection
2019-07-14 16:35:26,234 INFO  impl.FollowerState (FollowerState.java:run(106)) - 7c90c030-0d77-485f-8ae5-7fd0c6b87ec6:group-A2C94D407326 changes to CANDIDATE, lastRpcTime:5013, electionTimeout:5010ms
2019-07-14 16:35:26,235 INFO  impl.RoleInfo (RoleInfo.java:shutdownFollowerState(121)) - 7c90c030-0d77-485f-8ae5-7fd0c6b87ec6: shutdown FollowerState
2019-07-14 16:35:26,235 INFO  impl.RaftServerImpl (RaftServerImpl.java:setRole(171)) - 7c90c030-0d77-485f-8ae5-7fd0c6b87ec6:group-A2C94D407326 changes role from FOLLOWER to CANDIDATE at term 1 for changeToCandidate
2019-07-14 16:35:26,235 INFO  impl.RoleInfo (RoleInfo.java:updateAndGet(143)) - 7c90c030-0d77-485f-8ae5-7fd0c6b87ec6: start LeaderElection
2019-07-14 16:35:26,246 INFO  impl.LeaderElection (LeaderElection.java:askForVotes(181)) - 364f186b-28cb-4028-a5ac-94f7a3d4ba5b:group-A2C94D407326:LeaderElection18: begin an election at term 2 for -1: [7c90c030-0d77-485f-8ae5-7fd0c6b87ec6:192.168.69.77:34263, 661cd752-e62c-4f70-8fdb-6fc401ea7514:192.168.69.77:40472, 364f186b-28cb-4028-a5ac-94f7a3d4ba5b:192.168.69.77:33670], old=null
2019-07-14 16:35:26,246 INFO  impl.LeaderElection (LeaderElection.java:askForVotes(181)) - 7c90c030-0d77-485f-8ae5-7fd0c6b87ec6:group-A2C94D407326:LeaderElection19: begin an election at term 2 for -1: [7c90c030-0d77-485f-8ae5-7fd0c6b87ec6:192.168.69.77:34263, 661cd752-e62c-4f70-8fdb-6fc401ea7514:192.168.69.77:40472, 364f186b-28cb-4028-a5ac-94f7a3d4ba5b:192.168.69.77:33670], old=null
2019-07-14 16:35:26,250 INFO  impl.RaftServerImpl (RaftServerImpl.java:setRole(171)) - 661cd752-e62c-4f70-8fdb-6fc401ea7514:group-A2C94D407326 changes role from FOLLOWER to FOLLOWER at term 2 for recognizeCandidate:364f186b-28cb-4028-a5ac-94f7a3d4ba5b
2019-07-14 16:35:26,250 INFO  impl.RoleInfo (RoleInfo.java:shutdownFollowerState(121)) - 661cd752-e62c-4f70-8fdb-6fc401ea7514: shutdown FollowerState
2019-07-14 16:35:26,250 INFO  impl.RoleInfo (RoleInfo.java:updateAndGet(143)) - 661cd752-e62c-4f70-8fdb-6fc401ea7514: start FollowerState
2019-07-14 16:35:26,250 INFO  impl.FollowerState (FollowerState.java:run(114)) - 661cd752-e62c-4f70-8fdb-6fc401ea7514: FollowerState was interrupted: java.lang.InterruptedException: sleep interrupted
2019-07-14 16:35:26,266 INFO  impl.LeaderElection (LeaderElection.java:logAndReturn(56)) - 364f186b-28cb-4028-a5ac-94f7a3d4ba5b:group-A2C94D407326:LeaderElection18: Election PASSED; received 2 response(s) [364f186b-28cb-4028-a5ac-94f7a3d4ba5b<-7c90c030-0d77-485f-8ae5-7fd0c6b87ec6#0:FAIL-t2, 364f186b-28cb-4028-a5ac-94f7a3d4ba5b<-661cd752-e62c-4f70-8fdb-6fc401ea7514#0:OK-t2] and 0 exception(s); 364f186b-28cb-4028-a5ac-94f7a3d4ba5b:t2, leader=null, voted=364f186b-28cb-4028-a5ac-94f7a3d4ba5b, raftlog=364f186b-28cb-4028-a5ac-94f7a3d4ba5b-SegmentedRaftLog:OPENED:c-1,f-1,i0, conf=-1: [7c90c030-0d77-485f-8ae5-7fd0c6b87ec6:192.168.69.77:34263, 661cd752-e62c-4f70-8fdb-6fc401ea7514:192.168.69.77:40472, 364f186b-28cb-4028-a5ac-94f7a3d4ba5b:192.168.69.77:33670], old=null
2019-07-14 16:35:26,266 INFO  impl.LeaderElection (LeaderElection.java:logAndReturn(56)) - 7c90c030-0d77-485f-8ae5-7fd0c6b87ec6:group-A2C94D407326:LeaderElection19: Election REJECTED; received 2 response(s) [7c90c030-0d77-485f-8ae5-7fd0c6b87ec6<-661cd752-e62c-4f70-8fdb-6fc401ea7514#0:FAIL-t2, 7c90c030-0d77-485f-8ae5-7fd0c6b87ec6<-364f186b-28cb-4028-a5ac-94f7a3d4ba5b#0:FAIL-t2] and 0 exception(s); 7c90c030-0d77-485f-8ae5-7fd0c6b87ec6:t2, leader=null, voted=7c90c030-0d77-485f-8ae5-7fd0c6b87ec6, raftlog=7c90c030-0d77-485f-8ae5-7fd0c6b87ec6-SegmentedRaftLog:OPENED:c-1,f-1,i0, conf=-1: [7c90c030-0d77-485f-8ae5-7fd0c6b87ec6:192.168.69.77:34263, 661cd752-e62c-4f70-8fdb-6fc401ea7514:192.168.69.77:40472, 364f186b-28cb-4028-a5ac-94f7a3d4ba5b:192.168.69.77:33670], old=null
2019-07-14 16:35:26,266 INFO  impl.RoleInfo (RoleInfo.java:shutdownLeaderElection(134)) - 364f186b-28cb-4028-a5ac-94f7a3d4ba5b: shutdown LeaderElection
2019-07-14 16:35:26,277 INFO  impl.RaftServerImpl (RaftServerImpl.java:setRole(171)) - 7c90c030-0d77-485f-8ae5-7fd0c6b87ec6:group-A2C94D407326 changes role from CANDIDATE to FOLLOWER at term 2 for DISCOVERED_A_NEW_TERM
2019-07-14 16:35:26,278 INFO  impl.RaftServerImpl (RaftServerImpl.java:setRole(171)) - 364f186b-28cb-4028-a5ac-94f7a3d4ba5b:group-A2C94D407326 changes role from CANDIDATE to LEADER at term 2 for changeToLeader
2019-07-14 16:35:26,278 INFO  impl.RoleInfo (RoleInfo.java:shutdownLeaderElection(134)) - 7c90c030-0d77-485f-8ae5-7fd0c6b87ec6: shutdown LeaderElection
2019-07-14 16:35:26,278 INFO  impl.RaftServerImpl (ServerState.java:setLeader(263)) - 364f186b-28cb-4028-a5ac-94f7a3d4ba5b:group-A2C94D407326 change Leader from null to 364f186b-28cb-4028-a5ac-94f7a3d4ba5b at term 2 for becomeLeader, leader elected after 10266ms
2019-07-14 16:35:26,278 INFO  impl.RoleInfo (RoleInfo.java:updateAndGet(143)) - 7c90c030-0d77-485f-8ae5-7fd0c6b87ec6: start FollowerState
2019-07-14 16:35:26,278 INFO  server.RaftServerConfigKeys (ConfUtils.java:logGet(43)) - raft.server.staging.catchup.gap = 1000 (default)
2019-07-14 16:35:26,279 INFO  server.RaftServerConfigKeys (ConfUtils.java:logGet(43)) - raft.server.rpc.sleep.time = 25ms (default)
2019-07-14 16:35:26,282 INFO  server.RaftServerConfigKeys (ConfUtils.java:logGet(43)) - raft.server.write.element-limit = 4096 (default)
2019-07-14 16:35:26,282 INFO  server.RaftServerConfigKeys (ConfUtils.java:logGet(43)) - raft.server.watch.timeout = 10s (default)
2019-07-14 16:35:26,282 INFO  server.RaftServerConfigKeys (ConfUtils.java:logGet(43)) - raft.server.watch.timeout.denomination = 1s (default)
2019-07-14 16:35:26,282 INFO  server.RaftServerConfigKeys (ConfUtils.java:logGet(43)) - raft.server.watch.element-limit = 65536 (default)
2019-07-14 16:35:26,282 INFO  server.RaftServerConfigKeys (ConfUtils.java:logGet(43)) - raft.server.log.appender.snapshot.chunk.size.max = 16MB (=16777216) (default)
2019-07-14 16:35:26,283 INFO  server.RaftServerConfigKeys (ConfUtils.java:logGet(43)) - raft.server.log.appender.buffer.byte-limit = 33554432 (custom)
2019-07-14 16:35:26,283 INFO  server.RaftServerConfigKeys (ConfUtils.java:logGet(43)) - raft.server.log.appender.buffer.element-limit = 1 (custom)
2019-07-14 16:35:26,283 INFO  grpc.GrpcConfigKeys$Server (ConfUtils.java:logGet(43)) - raft.grpc.server.leader.outstanding.appends.max = 128 (default)
2019-07-14 16:35:26,286 INFO  server.RaftServerConfigKeys (ConfUtils.java:logGet(43)) - raft.server.rpc.request.timeout = 3000ms (default)
2019-07-14 16:35:26,286 INFO  server.RaftServerConfigKeys (ConfUtils.java:logGet(43)) - raft.server.log.appender.install.snapshot.enabled = false (custom)
2019-07-14 16:35:26,287 INFO  server.RaftServerConfigKeys (ConfUtils.java:logGet(43)) - raft.server.log.appender.snapshot.chunk.size.max = 16MB (=16777216) (default)
2019-07-14 16:35:26,287 INFO  server.RaftServerConfigKeys (ConfUtils.java:logGet(43)) - raft.server.log.appender.buffer.byte-limit = 33554432 (custom)
2019-07-14 16:35:26,287 INFO  server.RaftServerConfigKeys (ConfUtils.java:logGet(43)) - raft.server.log.appender.buffer.element-limit = 1 (custom)
2019-07-14 16:35:26,287 INFO  grpc.GrpcConfigKeys$Server (ConfUtils.java:logGet(43)) - raft.grpc.server.leader.outstanding.appends.max = 128 (default)
2019-07-14 16:35:26,288 INFO  server.RaftServerConfigKeys (ConfUtils.java:logGet(43)) - raft.server.rpc.request.timeout = 3000ms (default)
2019-07-14 16:35:26,288 INFO  server.RaftServerConfigKeys (ConfUtils.java:logGet(43)) - raft.server.log.appender.install.snapshot.enabled = false (custom)
2019-07-14 16:35:26,288 INFO  impl.RoleInfo (RoleInfo.java:updateAndGet(143)) - 364f186b-28cb-4028-a5ac-94f7a3d4ba5b: start LeaderState
2019-07-14 16:35:26,289 INFO  segmented.SegmentedRaftLogWorker (SegmentedRaftLogWorker.java:startLogSegment(380)) - 364f186b-28cb-4028-a5ac-94f7a3d4ba5b-SegmentedRaftLogWorker:Storage Directory /workdir/hadoop-ozone/integration-test/target/test-dir/MiniOzoneClusterImpl-8cf1dee3-ffcd-4285-82f5-cc2f44ea5ab3/datanode-1/data/ratis/9f07d24e-995c-45c6-8b96-a2c94d407326: Starting segment from index:0
2019-07-14 16:35:26,291 INFO  impl.RaftServerImpl (ServerState.java:setRaftConf(361)) - 364f186b-28cb-4028-a5ac-94f7a3d4ba5b:group-A2C94D407326 set configuration 0: [7c90c030-0d77-485f-8ae5-7fd0c6b87ec6:192.168.69.77:34263, 661cd752-e62c-4f70-8fdb-6fc401ea7514:192.168.69.77:40472, 364f186b-28cb-4028-a5ac-94f7a3d4ba5b:192.168.69.77:33670], old=null at 0
2019-07-14 16:35:26,318 INFO  impl.RaftServerImpl (ServerState.java:setLeader(263)) - 7c90c030-0d77-485f-8ae5-7fd0c6b87ec6:group-A2C94D407326 change Leader from null to 364f186b-28cb-4028-a5ac-94f7a3d4ba5b at term 2 for appendEntries, leader elected after 10306ms
2019-07-14 16:35:26,318 INFO  impl.RaftServerImpl (ServerState.java:setLeader(263)) - 661cd752-e62c-4f70-8fdb-6fc401ea7514:group-A2C94D407326 change Leader from null to 364f186b-28cb-4028-a5ac-94f7a3d4ba5b at term 2 for appendEntries, leader elected after 10306ms
2019-07-14 16:35:26,322 INFO  impl.RaftServerImpl (ServerState.java:setRaftConf(361)) - 7c90c030-0d77-485f-8ae5-7fd0c6b87ec6:group-A2C94D407326 set configuration 0: [7c90c030-0d77-485f-8ae5-7fd0c6b87ec6:192.168.69.77:34263, 661cd752-e62c-4f70-8fdb-6fc401ea7514:192.168.69.77:40472, 364f186b-28cb-4028-a5ac-94f7a3d4ba5b:192.168.69.77:33670], old=null at 0
2019-07-14 16:35:26,322 INFO  impl.RaftServerImpl (ServerState.java:setRaftConf(361)) - 661cd752-e62c-4f70-8fdb-6fc401ea7514:group-A2C94D407326 set configuration 0: [7c90c030-0d77-485f-8ae5-7fd0c6b87ec6:192.168.69.77:34263, 661cd752-e62c-4f70-8fdb-6fc401ea7514:192.168.69.77:40472, 364f186b-28cb-4028-a5ac-94f7a3d4ba5b:192.168.69.77:33670], old=null at 0
2019-07-14 16:35:26,323 INFO  segmented.SegmentedRaftLogWorker (SegmentedRaftLogWorker.java:startLogSegment(380)) - 7c90c030-0d77-485f-8ae5-7fd0c6b87ec6-SegmentedRaftLogWorker:Storage Directory /workdir/hadoop-ozone/integration-test/target/test-dir/MiniOzoneClusterImpl-8cf1dee3-ffcd-4285-82f5-cc2f44ea5ab3/datanode-2/data/ratis/9f07d24e-995c-45c6-8b96-a2c94d407326: Starting segment from index:0
2019-07-14 16:35:26,323 INFO  segmented.SegmentedRaftLogWorker (SegmentedRaftLogWorker.java:startLogSegment(380)) - 661cd752-e62c-4f70-8fdb-6fc401ea7514-SegmentedRaftLogWorker:Storage Directory /workdir/hadoop-ozone/integration-test/target/test-dir/MiniOzoneClusterImpl-8cf1dee3-ffcd-4285-82f5-cc2f44ea5ab3/datanode-0/data/ratis/9f07d24e-995c-45c6-8b96-a2c94d407326: Starting segment from index:0
2019-07-14 16:35:26,327 INFO  segmented.SegmentedRaftLogWorker (SegmentedRaftLogWorker.java:execute(569)) - 364f186b-28cb-4028-a5ac-94f7a3d4ba5b-SegmentedRaftLogWorker:Storage Directory /workdir/hadoop-ozone/integration-test/target/test-dir/MiniOzoneClusterImpl-8cf1dee3-ffcd-4285-82f5-cc2f44ea5ab3/datanode-1/data/ratis/9f07d24e-995c-45c6-8b96-a2c94d407326: created new log segment /workdir/hadoop-ozone/integration-test/target/test-dir/MiniOzoneClusterImpl-8cf1dee3-ffcd-4285-82f5-cc2f44ea5ab3/datanode-1/data/ratis/9f07d24e-995c-45c6-8b96-a2c94d407326/current/log_inprogress_0
2019-07-14 16:35:26,355 INFO  segmented.SegmentedRaftLogWorker (SegmentedRaftLogWorker.java:execute(569)) - 661cd752-e62c-4f70-8fdb-6fc401ea7514-SegmentedRaftLogWorker:Storage Directory /workdir/hadoop-ozone/integration-test/target/test-dir/MiniOzoneClusterImpl-8cf1dee3-ffcd-4285-82f5-cc2f44ea5ab3/datanode-0/data/ratis/9f07d24e-995c-45c6-8b96-a2c94d407326: created new log segment /workdir/hadoop-ozone/integration-test/target/test-dir/MiniOzoneClusterImpl-8cf1dee3-ffcd-4285-82f5-cc2f44ea5ab3/datanode-0/data/ratis/9f07d24e-995c-45c6-8b96-a2c94d407326/current/log_inprogress_0
2019-07-14 16:35:26,355 INFO  segmented.SegmentedRaftLogWorker (SegmentedRaftLogWorker.java:execute(569)) - 7c90c030-0d77-485f-8ae5-7fd0c6b87ec6-SegmentedRaftLogWorker:Storage Directory /workdir/hadoop-ozone/integration-test/target/test-dir/MiniOzoneClusterImpl-8cf1dee3-ffcd-4285-82f5-cc2f44ea5ab3/datanode-2/data/ratis/9f07d24e-995c-45c6-8b96-a2c94d407326: created new log segment /workdir/hadoop-ozone/integration-test/target/test-dir/MiniOzoneClusterImpl-8cf1dee3-ffcd-4285-82f5-cc2f44ea5ab3/datanode-2/data/ratis/9f07d24e-995c-45c6-8b96-a2c94d407326/current/log_inprogress_0
2019-07-14 16:35:26,410 INFO  impl.FollowerState (FollowerState.java:run(106)) - ccda97d6-f984-4376-af5e-bd1d37e9c823:group-238794C04517 changes to CANDIDATE, lastRpcTime:5004, electionTimeout:5001ms
2019-07-14 16:35:26,410 INFO  impl.RoleInfo (RoleInfo.java:shutdownFollowerState(121)) - ccda97d6-f984-4376-af5e-bd1d37e9c823: shutdown FollowerState
2019-07-14 16:35:26,411 INFO  impl.RaftServerImpl (RaftServerImpl.java:setRole(171)) - ccda97d6-f984-4376-af5e-bd1d37e9c823:group-238794C04517 changes role from FOLLOWER to CANDIDATE at term 1 for changeToCandidate
2019-07-14 16:35:26,411 INFO  impl.RoleInfo (RoleInfo.java:updateAndGet(143)) - ccda97d6-f984-4376-af5e-bd1d37e9c823: start LeaderElection
2019-07-14 16:35:26,424 INFO  impl.LeaderElection (LeaderElection.java:askForVotes(181)) - ccda97d6-f984-4376-af5e-bd1d37e9c823:group-238794C04517:LeaderElection20: begin an election at term 2 for -1: [6dd76e0a-9c0a-4ecd-a6b9-58bf80bbf684:192.168.69.77:34350, ccda97d6-f984-4376-af5e-bd1d37e9c823:192.168.69.77:35482, 0d93ace1-f03e-41da-9627-e20667421560:192.168.69.77:41913], old=null
2019-07-14 16:35:26,428 INFO  impl.RaftServerImpl (RaftServerImpl.java:setRole(171)) - 6dd76e0a-9c0a-4ecd-a6b9-58bf80bbf684:group-238794C04517 changes role from FOLLOWER to FOLLOWER at term 2 for recognizeCandidate:ccda97d6-f984-4376-af5e-bd1d37e9c823
2019-07-14 16:35:26,428 INFO  impl.RaftServerImpl (RaftServerImpl.java:setRole(171)) - 0d93ace1-f03e-41da-9627-e20667421560:group-238794C04517 changes role from FOLLOWER to FOLLOWER at term 2 for recognizeCandidate:ccda97d6-f984-4376-af5e-bd1d37e9c823
2019-07-14 16:35:26,428 INFO  impl.RoleInfo (RoleInfo.java:shutdownFollowerState(121)) - 6dd76e0a-9c0a-4ecd-a6b9-58bf80bbf684: shutdown FollowerState
2019-07-14 16:35:26,428 INFO  impl.RoleInfo (RoleInfo.java:shutdownFollowerState(121)) - 0d93ace1-f03e-41da-9627-e20667421560: shutdown FollowerState
2019-07-14 16:35:26,429 INFO  impl.FollowerState (FollowerState.java:run(114)) - 6dd76e0a-9c0a-4ecd-a6b9-58bf80bbf684: FollowerState was interrupted: java.lang.InterruptedException: sleep interrupted
2019-07-14 16:35:26,429 INFO  impl.RoleInfo (RoleInfo.java:updateAndGet(143)) - 0d93ace1-f03e-41da-9627-e20667421560: start FollowerState
2019-07-14 16:35:26,429 INFO  impl.RoleInfo (RoleInfo.java:updateAndGet(143)) - 6dd76e0a-9c0a-4ecd-a6b9-58bf80bbf684: start FollowerState
2019-07-14 16:35:26,429 INFO  impl.FollowerState (FollowerState.java:run(114)) - 0d93ace1-f03e-41da-9627-e20667421560: FollowerState was interrupted: java.lang.InterruptedException: sleep interrupted
2019-07-14 16:35:26,445 INFO  impl.LeaderElection (LeaderElection.java:logAndReturn(56)) - ccda97d6-f984-4376-af5e-bd1d37e9c823:group-238794C04517:LeaderElection20: Election PASSED; received 1 response(s) [ccda97d6-f984-4376-af5e-bd1d37e9c823<-0d93ace1-f03e-41da-9627-e20667421560#0:OK-t2] and 0 exception(s); ccda97d6-f984-4376-af5e-bd1d37e9c823:t2, leader=null, voted=ccda97d6-f984-4376-af5e-bd1d37e9c823, raftlog=ccda97d6-f984-4376-af5e-bd1d37e9c823-SegmentedRaftLog:OPENED:c-1,f-1,i0, conf=-1: [6dd76e0a-9c0a-4ecd-a6b9-58bf80bbf684:192.168.69.77:34350, ccda97d6-f984-4376-af5e-bd1d37e9c823:192.168.69.77:35482, 0d93ace1-f03e-41da-9627-e20667421560:192.168.69.77:41913], old=null
2019-07-14 16:35:26,445 INFO  impl.RoleInfo (RoleInfo.java:shutdownLeaderElection(134)) - ccda97d6-f984-4376-af5e-bd1d37e9c823: shutdown LeaderElection
2019-07-14 16:35:26,449 INFO  impl.RaftServerImpl (RaftServerImpl.java:setRole(171)) - ccda97d6-f984-4376-af5e-bd1d37e9c823:group-238794C04517 changes role from CANDIDATE to LEADER at term 2 for changeToLeader
2019-07-14 16:35:26,449 INFO  impl.RaftServerImpl (ServerState.java:setLeader(263)) - ccda97d6-f984-4376-af5e-bd1d37e9c823:group-238794C04517 change Leader from null to ccda97d6-f984-4376-af5e-bd1d37e9c823 at term 2 for becomeLeader, leader elected after 10297ms
2019-07-14 16:35:26,450 INFO  server.RaftServerConfigKeys (ConfUtils.java:logGet(43)) - raft.server.staging.catchup.gap = 1000 (default)
2019-07-14 16:35:26,450 INFO  server.RaftServerConfigKeys (ConfUtils.java:logGet(43)) - raft.server.rpc.sleep.time = 25ms (default)
2019-07-14 16:35:26,450 INFO  server.RaftServerConfigKeys (ConfUtils.java:logGet(43)) - raft.server.write.element-limit = 4096 (default)
2019-07-14 16:35:26,450 INFO  server.RaftServerConfigKeys (ConfUtils.java:logGet(43)) - raft.server.watch.timeout = 10s (default)
2019-07-14 16:35:26,450 INFO  server.RaftServerConfigKeys (ConfUtils.java:logGet(43)) - raft.server.watch.timeout.denomination = 1s (default)
2019-07-14 16:35:26,450 INFO  server.RaftServerConfigKeys (ConfUtils.java:logGet(43)) - raft.server.watch.element-limit = 65536 (default)
2019-07-14 16:35:26,451 INFO  server.RaftServerConfigKeys (ConfUtils.java:logGet(43)) - raft.server.log.appender.snapshot.chunk.size.max = 16MB (=16777216) (default)
2019-07-14 16:35:26,451 INFO  server.RaftServerConfigKeys (ConfUtils.java:logGet(43)) - raft.server.log.appender.buffer.byte-limit = 33554432 (custom)
2019-07-14 16:35:26,451 INFO  server.RaftServerConfigKeys (ConfUtils.java:logGet(43)) - raft.server.log.appender.buffer.element-limit = 1 (custom)
2019-07-14 16:35:26,452 INFO  grpc.GrpcConfigKeys$Server (ConfUtils.java:logGet(43)) - raft.grpc.server.leader.outstanding.appends.max = 128 (default)
2019-07-14 16:35:26,452 INFO  server.RaftServerConfigKeys (ConfUtils.java:logGet(43)) - raft.server.rpc.request.timeout = 3000ms (default)
2019-07-14 16:35:26,452 INFO  server.RaftServerConfigKeys (ConfUtils.java:logGet(43)) - raft.server.log.appender.install.snapshot.enabled = false (custom)
2019-07-14 16:35:26,452 INFO  server.RaftServerConfigKeys (ConfUtils.java:logGet(43)) - raft.server.log.appender.snapshot.chunk.size.max = 16MB (=16777216) (default)
2019-07-14 16:35:26,452 INFO  server.RaftServerConfigKeys (ConfUtils.java:logGet(43)) - raft.server.log.appender.buffer.byte-limit = 33554432 (custom)
2019-07-14 16:35:26,453 INFO  server.RaftServerConfigKeys (ConfUtils.java:logGet(43)) - raft.server.log.appender.buffer.element-limit = 1 (custom)
2019-07-14 16:35:26,453 INFO  grpc.GrpcConfigKeys$Server (ConfUtils.java:logGet(43)) - raft.grpc.server.leader.outstanding.appends.max = 128 (default)
2019-07-14 16:35:26,453 INFO  server.RaftServerConfigKeys (ConfUtils.java:logGet(43)) - raft.server.rpc.request.timeout = 3000ms (default)
2019-07-14 16:35:26,453 INFO  server.RaftServerConfigKeys (ConfUtils.java:logGet(43)) - raft.server.log.appender.install.snapshot.enabled = false (custom)
2019-07-14 16:35:26,453 INFO  impl.RoleInfo (RoleInfo.java:updateAndGet(143)) - ccda97d6-f984-4376-af5e-bd1d37e9c823: start LeaderState
2019-07-14 16:35:26,454 INFO  segmented.SegmentedRaftLogWorker (SegmentedRaftLogWorker.java:startLogSegment(380)) - ccda97d6-f984-4376-af5e-bd1d37e9c823-SegmentedRaftLogWorker:Storage Directory /workdir/hadoop-ozone/integration-test/target/test-dir/MiniOzoneClusterImpl-8cf1dee3-ffcd-4285-82f5-cc2f44ea5ab3/datanode-6/data/ratis/64d5e21c-a75d-42a1-9f7d-238794c04517: Starting segment from index:0
2019-07-14 16:35:26,455 INFO  impl.RaftServerImpl (ServerState.java:setRaftConf(361)) - ccda97d6-f984-4376-af5e-bd1d37e9c823:group-238794C04517 set configuration 0: [6dd76e0a-9c0a-4ecd-a6b9-58bf80bbf684:192.168.69.77:34350, ccda97d6-f984-4376-af5e-bd1d37e9c823:192.168.69.77:35482, 0d93ace1-f03e-41da-9627-e20667421560:192.168.69.77:41913], old=null at 0
2019-07-14 16:35:26,478 INFO  impl.RaftServerImpl (ServerState.java:setLeader(263)) - 6dd76e0a-9c0a-4ecd-a6b9-58bf80bbf684:group-238794C04517 change Leader from null to ccda97d6-f984-4376-af5e-bd1d37e9c823 at term 2 for appendEntries, leader elected after 10325ms
2019-07-14 16:35:26,478 INFO  impl.RaftServerImpl (ServerState.java:setLeader(263)) - 0d93ace1-f03e-41da-9627-e20667421560:group-238794C04517 change Leader from null to ccda97d6-f984-4376-af5e-bd1d37e9c823 at term 2 for appendEntries, leader elected after 10354ms
2019-07-14 16:35:26,481 INFO  impl.RaftServerImpl (ServerState.java:setRaftConf(361)) - 6dd76e0a-9c0a-4ecd-a6b9-58bf80bbf684:group-238794C04517 set configuration 0: [6dd76e0a-9c0a-4ecd-a6b9-58bf80bbf684:192.168.69.77:34350, ccda97d6-f984-4376-af5e-bd1d37e9c823:192.168.69.77:35482, 0d93ace1-f03e-41da-9627-e20667421560:192.168.69.77:41913], old=null at 0
2019-07-14 16:35:26,481 INFO  segmented.SegmentedRaftLogWorker (SegmentedRaftLogWorker.java:startLogSegment(380)) - 6dd76e0a-9c0a-4ecd-a6b9-58bf80bbf684-SegmentedRaftLogWorker:Storage Directory /workdir/hadoop-ozone/integration-test/target/test-dir/MiniOzoneClusterImpl-8cf1dee3-ffcd-4285-82f5-cc2f44ea5ab3/datanode-8/data/ratis/64d5e21c-a75d-42a1-9f7d-238794c04517: Starting segment from index:0
2019-07-14 16:35:26,481 INFO  impl.RaftServerImpl (ServerState.java:setRaftConf(361)) - 0d93ace1-f03e-41da-9627-e20667421560:group-238794C04517 set configuration 0: [6dd76e0a-9c0a-4ecd-a6b9-58bf80bbf684:192.168.69.77:34350, ccda97d6-f984-4376-af5e-bd1d37e9c823:192.168.69.77:35482, 0d93ace1-f03e-41da-9627-e20667421560:192.168.69.77:41913], old=null at 0
2019-07-14 16:35:26,482 INFO  segmented.SegmentedRaftLogWorker (SegmentedRaftLogWorker.java:startLogSegment(380)) - 0d93ace1-f03e-41da-9627-e20667421560-SegmentedRaftLogWorker:Storage Directory /workdir/hadoop-ozone/integration-test/target/test-dir/MiniOzoneClusterImpl-8cf1dee3-ffcd-4285-82f5-cc2f44ea5ab3/datanode-3/data/ratis/64d5e21c-a75d-42a1-9f7d-238794c04517: Starting segment from index:0
2019-07-14 16:35:26,489 INFO  segmented.SegmentedRaftLogWorker (SegmentedRaftLogWorker.java:execute(569)) - ccda97d6-f984-4376-af5e-bd1d37e9c823-SegmentedRaftLogWorker:Storage Directory /workdir/hadoop-ozone/integration-test/target/test-dir/MiniOzoneClusterImpl-8cf1dee3-ffcd-4285-82f5-cc2f44ea5ab3/datanode-6/data/ratis/64d5e21c-a75d-42a1-9f7d-238794c04517: created new log segment /workdir/hadoop-ozone/integration-test/target/test-dir/MiniOzoneClusterImpl-8cf1dee3-ffcd-4285-82f5-cc2f44ea5ab3/datanode-6/data/ratis/64d5e21c-a75d-42a1-9f7d-238794c04517/current/log_inprogress_0
2019-07-14 16:35:26,502 INFO  segmented.SegmentedRaftLogWorker (SegmentedRaftLogWorker.java:execute(569)) - 6dd76e0a-9c0a-4ecd-a6b9-58bf80bbf684-SegmentedRaftLogWorker:Storage Directory /workdir/hadoop-ozone/integration-test/target/test-dir/MiniOzoneClusterImpl-8cf1dee3-ffcd-4285-82f5-cc2f44ea5ab3/datanode-8/data/ratis/64d5e21c-a75d-42a1-9f7d-238794c04517: created new log segment /workdir/hadoop-ozone/integration-test/target/test-dir/MiniOzoneClusterImpl-8cf1dee3-ffcd-4285-82f5-cc2f44ea5ab3/datanode-8/data/ratis/64d5e21c-a75d-42a1-9f7d-238794c04517/current/log_inprogress_0
2019-07-14 16:35:26,504 INFO  segmented.SegmentedRaftLogWorker (SegmentedRaftLogWorker.java:execute(569)) - 0d93ace1-f03e-41da-9627-e20667421560-SegmentedRaftLogWorker:Storage Directory /workdir/hadoop-ozone/integration-test/target/test-dir/MiniOzoneClusterImpl-8cf1dee3-ffcd-4285-82f5-cc2f44ea5ab3/datanode-3/data/ratis/64d5e21c-a75d-42a1-9f7d-238794c04517: created new log segment /workdir/hadoop-ozone/integration-test/target/test-dir/MiniOzoneClusterImpl-8cf1dee3-ffcd-4285-82f5-cc2f44ea5ab3/datanode-3/data/ratis/64d5e21c-a75d-42a1-9f7d-238794c04517/current/log_inprogress_0
2019-07-14 16:35:26,688 INFO  client.GrpcClientProtocolClient (GrpcClientProtocolClient.java:onNext(255)) - client-0F9D3D1BEA92->0d93ace1-f03e-41da-9627-e20667421560: receive RaftClientReply:client-0F9D3D1BEA92->0d93ace1-f03e-41da-9627-e20667421560@group-238794C04517, cid=25, FAILED org.apache.ratis.protocol.NotLeaderException: Server 0d93ace1-f03e-41da-9627-e20667421560 is not the leader (ccda97d6-f984-4376-af5e-bd1d37e9c823:192.168.69.77:35482). Request must be sent to leader., logIndex=0, commits[0d93ace1-f03e-41da-9627-e20667421560:c-1, 6dd76e0a-9c0a-4ecd-a6b9-58bf80bbf684:c-1, ccda97d6-f984-4376-af5e-bd1d37e9c823:c-1]
2019-07-14 16:35:26,708 INFO  keyvalue.KeyValueHandler (ContainerUtils.java:logAndReturnError(146)) - Operation: CreateContainer : Trace ID: 789cfa47899c91e9:789cfa47899c91e9:0:0 : Message: Container creation failed, due to disk out of space : Result: DISK_OUT_OF_SPACE
16:35:26.708 [pool-152-thread-2] ERROR DNAudit - user=null | ip=null | op=WRITE_CHUNK {blockData=conID: 5 locID: 102440771491921965 bcsId: 0} | ret=FAILURE
org.apache.hadoop.hdds.scm.container.common.helpers.StorageContainerException: ContainerID 5 creation failed
	at org.apache.hadoop.ozone.container.common.impl.HddsDispatcher.dispatchRequest(HddsDispatcher.java:227) ~[hadoop-hdds-container-service-0.5.0-SNAPSHOT.jar:?]
	at org.apache.hadoop.ozone.container.common.impl.HddsDispatcher.dispatch(HddsDispatcher.java:148) ~[hadoop-hdds-container-service-0.5.0-SNAPSHOT.jar:?]
	at org.apache.hadoop.ozone.container.common.transport.server.ratis.ContainerStateMachine.dispatchCommand(ContainerStateMachine.java:357) ~[hadoop-hdds-container-service-0.5.0-SNAPSHOT.jar:?]
	at org.apache.hadoop.ozone.container.common.transport.server.ratis.ContainerStateMachine.runCommand(ContainerStateMachine.java:364) ~[hadoop-hdds-container-service-0.5.0-SNAPSHOT.jar:?]
	at org.apache.hadoop.ozone.container.common.transport.server.ratis.ContainerStateMachine.lambda$handleWriteChunk$0(ContainerStateMachine.java:395) ~[hadoop-hdds-container-service-0.5.0-SNAPSHOT.jar:?]
	at java.util.concurrent.CompletableFuture$AsyncSupply.run(CompletableFuture.java:1590) [?:1.8.0_212]
	at java.util.concurrent.ThreadPoolExecutor.runWorker(ThreadPoolExecutor.java:1149) [?:1.8.0_212]
	at java.util.concurrent.ThreadPoolExecutor$Worker.run(ThreadPoolExecutor.java:624) [?:1.8.0_212]
	at java.lang.Thread.run(Thread.java:748) [?:1.8.0_212]
2019-07-14 16:35:26,709 INFO  impl.HddsDispatcher (ContainerUtils.java:logAndReturnError(146)) - Operation: WriteChunk : Trace ID: 789cfa47899c91e9:789cfa47899c91e9:0:0 : Message: ContainerID 5 creation failed : Result: DISK_OUT_OF_SPACE
16:35:26.823 [pool-158-thread-1] ERROR DNAudit - user=null | ip=null | op=WRITE_CHUNK {blockData=conID: 5 locID: 102440771491921965 bcsId: 0} | ret=FAILURE
org.apache.hadoop.hdds.scm.container.common.helpers.StorageContainerException: ContainerID 5 does not exist
	at org.apache.hadoop.ozone.container.common.impl.HddsDispatcher.dispatchRequest(HddsDispatcher.java:242) ~[hadoop-hdds-container-service-0.5.0-SNAPSHOT.jar:?]
	at org.apache.hadoop.ozone.container.common.impl.HddsDispatcher.dispatch(HddsDispatcher.java:148) ~[hadoop-hdds-container-service-0.5.0-SNAPSHOT.jar:?]
	at org.apache.hadoop.ozone.container.common.transport.server.ratis.ContainerStateMachine.dispatchCommand(ContainerStateMachine.java:357) ~[hadoop-hdds-container-service-0.5.0-SNAPSHOT.jar:?]
	at org.apache.hadoop.ozone.container.common.transport.server.ratis.ContainerStateMachine.runCommand(ContainerStateMachine.java:364) ~[hadoop-hdds-container-service-0.5.0-SNAPSHOT.jar:?]
	at org.apache.hadoop.ozone.container.common.transport.server.ratis.ContainerStateMachine.lambda$applyTransaction$5(ContainerStateMachine.java:630) ~[hadoop-hdds-container-service-0.5.0-SNAPSHOT.jar:?]
	at java.util.concurrent.CompletableFuture$AsyncSupply.run(CompletableFuture.java:1590) [?:1.8.0_212]
	at java.util.concurrent.ThreadPoolExecutor.runWorker(ThreadPoolExecutor.java:1149) [?:1.8.0_212]
	at java.util.concurrent.ThreadPoolExecutor$Worker.run(ThreadPoolExecutor.java:624) [?:1.8.0_212]
	at java.lang.Thread.run(Thread.java:748) [?:1.8.0_212]
2019-07-14 16:35:26,824 INFO  impl.HddsDispatcher (ContainerUtils.java:logAndReturnError(146)) - Operation: WriteChunk : Trace ID: 789cfa47899c91e9:789cfa47899c91e9:0:0 : Message: ContainerID 5 does not exist : Result: CONTAINER_NOT_FOUND
2019-07-14 16:35:26,829 INFO  client.GrpcClientProtocolClient (GrpcClientProtocolClient.java:onNext(255)) - client-0F9D3D1BEA92->ccda97d6-f984-4376-af5e-bd1d37e9c823: receive RaftClientReply:client-0F9D3D1BEA92->ccda97d6-f984-4376-af5e-bd1d37e9c823@group-238794C04517, cid=25, SUCCESS, logIndex=1, commits[ccda97d6-f984-4376-af5e-bd1d37e9c823:c1, 6dd76e0a-9c0a-4ecd-a6b9-58bf80bbf684:c0, 0d93ace1-f03e-41da-9627-e20667421560:c0]
2019-07-14 16:35:26,835 ERROR storage.BlockOutputStream (BlockOutputStream.java:validateResponse(539)) - Unexpected Storage Container Exception: 
org.apache.hadoop.hdds.scm.container.common.helpers.StorageContainerException: ContainerID 5 does not exist
	at org.apache.hadoop.hdds.scm.storage.ContainerProtocolCalls.validateContainerResponse(ContainerProtocolCalls.java:536)
	at org.apache.hadoop.hdds.scm.storage.BlockOutputStream.validateResponse(BlockOutputStream.java:537)
	at org.apache.hadoop.hdds.scm.storage.BlockOutputStream.lambda$writeChunkToContainer$2(BlockOutputStream.java:615)
	at java.util.concurrent.CompletableFuture.uniApply(CompletableFuture.java:602)
	at java.util.concurrent.CompletableFuture$UniApply.tryFire(CompletableFuture.java:577)
	at java.util.concurrent.CompletableFuture$Completion.run(CompletableFuture.java:442)
	at java.util.concurrent.ThreadPoolExecutor.runWorker(ThreadPoolExecutor.java:1149)
	at java.util.concurrent.ThreadPoolExecutor$Worker.run(ThreadPoolExecutor.java:624)
	at java.lang.Thread.run(Thread.java:748)
16:35:26.865 [pool-158-thread-1] ERROR DNAudit - user=null | ip=null | op=PUT_BLOCK {blockData=[blockId=conID: 5 locID: 102440771491921965 bcsId: 0,size=12]} | ret=FAILURE
org.apache.hadoop.hdds.scm.container.common.helpers.StorageContainerException: ContainerID 5 does not exist
	at org.apache.hadoop.ozone.container.common.impl.HddsDispatcher.dispatchRequest(HddsDispatcher.java:242) ~[hadoop-hdds-container-service-0.5.0-SNAPSHOT.jar:?]
	at org.apache.hadoop.ozone.container.common.impl.HddsDispatcher.dispatch(HddsDispatcher.java:148) ~[hadoop-hdds-container-service-0.5.0-SNAPSHOT.jar:?]
	at org.apache.hadoop.ozone.container.common.transport.server.ratis.ContainerStateMachine.dispatchCommand(ContainerStateMachine.java:357) ~[hadoop-hdds-container-service-0.5.0-SNAPSHOT.jar:?]
	at org.apache.hadoop.ozone.container.common.transport.server.ratis.ContainerStateMachine.runCommand(ContainerStateMachine.java:364) ~[hadoop-hdds-container-service-0.5.0-SNAPSHOT.jar:?]
	at org.apache.hadoop.ozone.container.common.transport.server.ratis.ContainerStateMachine.lambda$applyTransaction$5(ContainerStateMachine.java:630) ~[hadoop-hdds-container-service-0.5.0-SNAPSHOT.jar:?]
	at java.util.concurrent.CompletableFuture$AsyncSupply.run(CompletableFuture.java:1590) [?:1.8.0_212]
	at java.util.concurrent.ThreadPoolExecutor.runWorker(ThreadPoolExecutor.java:1149) [?:1.8.0_212]
	at java.util.concurrent.ThreadPoolExecutor$Worker.run(ThreadPoolExecutor.java:624) [?:1.8.0_212]
	at java.lang.Thread.run(Thread.java:748) [?:1.8.0_212]
2019-07-14 16:35:26,866 INFO  impl.HddsDispatcher (ContainerUtils.java:logAndReturnError(146)) - Operation: PutBlock : Trace ID: 61d13fbab7b9378b:61d13fbab7b9378b:0:0 : Message: ContainerID 5 does not exist : Result: CONTAINER_NOT_FOUND
2019-07-14 16:35:26,870 INFO  client.GrpcClientProtocolClient (GrpcClientProtocolClient.java:onNext(255)) - client-0F9D3D1BEA92->ccda97d6-f984-4376-af5e-bd1d37e9c823: receive RaftClientReply:client-0F9D3D1BEA92->ccda97d6-f984-4376-af5e-bd1d37e9c823@group-238794C04517, cid=26, SUCCESS, logIndex=3, commits[ccda97d6-f984-4376-af5e-bd1d37e9c823:c3, 6dd76e0a-9c0a-4ecd-a6b9-58bf80bbf684:c2, 0d93ace1-f03e-41da-9627-e20667421560:c2]
]]></system-out>
  </testcase>
  <testcase name="testListBucket" classname="org.apache.hadoop.ozone.client.rpc.TestSecureOzoneRpcClient" time="0.145"/>
  <testcase name="testSetBucketStorageType" classname="org.apache.hadoop.ozone.client.rpc.TestSecureOzoneRpcClient" time="0.011"/>
  <testcase name="testGetKeyDetails" classname="org.apache.hadoop.ozone.client.rpc.TestSecureOzoneRpcClient" time="0.082"/>
  <testcase name="testNativeAclsForPrefix" classname="org.apache.hadoop.ozone.client.rpc.TestSecureOzoneRpcClient" time="0.069"/>
  <testcase name="testOMClientProxyProvider" classname="org.apache.hadoop.ozone.client.rpc.TestSecureOzoneRpcClient" time="0.001"/>
  <testcase name="testCreateBucketWithAllArgument" classname="org.apache.hadoop.ozone.client.rpc.TestSecureOzoneRpcClient" time="0.007"/>
  <testcase name="testRemoveBucketAcl" classname="org.apache.hadoop.ozone.client.rpc.TestSecureOzoneRpcClient" time="0.011"/>
  <testcase name="testNativeAclsForVolume" classname="org.apache.hadoop.ozone.client.rpc.TestSecureOzoneRpcClient" time="0.038"/>
  <testcase name="testDeleteS3Bucket" classname="org.apache.hadoop.ozone.client.rpc.TestSecureOzoneRpcClient" time="0.015"/>
  <testcase name="testCreateSecureS3Bucket" classname="org.apache.hadoop.ozone.client.rpc.TestSecureOzoneRpcClient" time="0.006"/>
  <testcase name="testMultipartUploadWithMissingParts" classname="org.apache.hadoop.ozone.client.rpc.TestSecureOzoneRpcClient" time="0.052"/>
  <testcase name="testListVolume" classname="org.apache.hadoop.ozone.client.rpc.TestSecureOzoneRpcClient" time="0">
    <skipped/>
  </testcase>
  <testcase name="testSetVolumeQuota" classname="org.apache.hadoop.ozone.client.rpc.TestSecureOzoneRpcClient" time="0.013"/>
  <testcase name="testDeleteBucket" classname="org.apache.hadoop.ozone.client.rpc.TestSecureOzoneRpcClient" time="0.015"/>
  <testcase name="testListKey" classname="org.apache.hadoop.ozone.client.rpc.TestSecureOzoneRpcClient" time="1.336"/>
  <testcase name="testListPartsInvalidPartMarker" classname="org.apache.hadoop.ozone.client.rpc.TestSecureOzoneRpcClient" time="0.006"/>
  <testcase name="testMultipartUploadWithPartsLessThanMinSize" classname="org.apache.hadoop.ozone.client.rpc.TestSecureOzoneRpcClient" time="0.042"/>
  <testcase name="testPutKeyRatisOneNode" classname="org.apache.hadoop.ozone.client.rpc.TestSecureOzoneRpcClient" time="0.078">
    <error message="Unexpected Storage Container Exception: org.apache.hadoop.hdds.scm.container.common.helpers.StorageContainerException: ContainerID 6 does not exist" type="java.io.IOException">java.io.IOException: Unexpected Storage Container Exception: org.apache.hadoop.hdds.scm.container.common.helpers.StorageContainerException: ContainerID 6 does not exist
	at org.apache.hadoop.hdds.scm.storage.BlockOutputStream.setIoException(BlockOutputStream.java:549)
	at org.apache.hadoop.hdds.scm.storage.BlockOutputStream.validateResponse(BlockOutputStream.java:540)
	at org.apache.hadoop.hdds.scm.storage.BlockOutputStream.lambda$writeChunkToContainer$2(BlockOutputStream.java:615)
	at java.util.concurrent.CompletableFuture.uniApply(CompletableFuture.java:602)
	at java.util.concurrent.CompletableFuture$UniApply.tryFire(CompletableFuture.java:577)
	at java.util.concurrent.CompletableFuture$Completion.run(CompletableFuture.java:442)
	at java.util.concurrent.ThreadPoolExecutor.runWorker(ThreadPoolExecutor.java:1149)
	at java.util.concurrent.ThreadPoolExecutor$Worker.run(ThreadPoolExecutor.java:624)
	at java.lang.Thread.run(Thread.java:748)
Caused by: org.apache.hadoop.hdds.scm.container.common.helpers.StorageContainerException: ContainerID 6 does not exist
	at org.apache.hadoop.hdds.scm.storage.ContainerProtocolCalls.validateContainerResponse(ContainerProtocolCalls.java:536)
	at org.apache.hadoop.hdds.scm.storage.BlockOutputStream.validateResponse(BlockOutputStream.java:537)
	... 7 more
</error>
    <system-out><![CDATA[2019-07-14 16:35:28,732 INFO  rpc.RpcClient (RpcClient.java:createVolume(287)) - Creating Volume: 6935051b-0f6a-42fa-a434-69536d51094f, with jenkins1000 as owner.
2019-07-14 16:35:28,735 INFO  rpc.RpcClient (RpcClient.java:createBucket(424)) - Creating Bucket: 6935051b-0f6a-42fa-a434-69536d51094f/ce9d5977-4cb6-463e-8db5-a1b7275fa333, with Versioning false and Storage Type set to DISK and Encryption set to false 
2019-07-14 16:35:28,752 INFO  keyvalue.KeyValueHandler (ContainerUtils.java:logAndReturnError(146)) - Operation: CreateContainer : Trace ID: 3d4b6aa1a18e503b:3d4b6aa1a18e503b:0:0 : Message: Container creation failed, due to disk out of space : Result: DISK_OUT_OF_SPACE
16:35:28.753 [pool-89-thread-2] ERROR DNAudit - user=null | ip=null | op=WRITE_CHUNK {blockData=conID: 6 locID: 102440771829039323 bcsId: 0} | ret=FAILURE
org.apache.hadoop.hdds.scm.container.common.helpers.StorageContainerException: ContainerID 6 creation failed
	at org.apache.hadoop.ozone.container.common.impl.HddsDispatcher.dispatchRequest(HddsDispatcher.java:227) ~[hadoop-hdds-container-service-0.5.0-SNAPSHOT.jar:?]
	at org.apache.hadoop.ozone.container.common.impl.HddsDispatcher.dispatch(HddsDispatcher.java:148) ~[hadoop-hdds-container-service-0.5.0-SNAPSHOT.jar:?]
	at org.apache.hadoop.ozone.container.common.transport.server.ratis.ContainerStateMachine.dispatchCommand(ContainerStateMachine.java:357) ~[hadoop-hdds-container-service-0.5.0-SNAPSHOT.jar:?]
	at org.apache.hadoop.ozone.container.common.transport.server.ratis.ContainerStateMachine.runCommand(ContainerStateMachine.java:364) ~[hadoop-hdds-container-service-0.5.0-SNAPSHOT.jar:?]
	at org.apache.hadoop.ozone.container.common.transport.server.ratis.ContainerStateMachine.lambda$handleWriteChunk$0(ContainerStateMachine.java:395) ~[hadoop-hdds-container-service-0.5.0-SNAPSHOT.jar:?]
	at java.util.concurrent.CompletableFuture$AsyncSupply.run(CompletableFuture.java:1590) [?:1.8.0_212]
	at java.util.concurrent.ThreadPoolExecutor.runWorker(ThreadPoolExecutor.java:1149) [?:1.8.0_212]
	at java.util.concurrent.ThreadPoolExecutor$Worker.run(ThreadPoolExecutor.java:624) [?:1.8.0_212]
	at java.lang.Thread.run(Thread.java:748) [?:1.8.0_212]
2019-07-14 16:35:28,753 INFO  impl.HddsDispatcher (ContainerUtils.java:logAndReturnError(146)) - Operation: WriteChunk : Trace ID: 3d4b6aa1a18e503b:3d4b6aa1a18e503b:0:0 : Message: ContainerID 6 creation failed : Result: DISK_OUT_OF_SPACE
16:35:28.766 [pool-96-thread-1] ERROR DNAudit - user=null | ip=null | op=WRITE_CHUNK {blockData=conID: 6 locID: 102440771829039323 bcsId: 0} | ret=FAILURE
org.apache.hadoop.hdds.scm.container.common.helpers.StorageContainerException: ContainerID 6 does not exist
	at org.apache.hadoop.ozone.container.common.impl.HddsDispatcher.dispatchRequest(HddsDispatcher.java:242) ~[hadoop-hdds-container-service-0.5.0-SNAPSHOT.jar:?]
	at org.apache.hadoop.ozone.container.common.impl.HddsDispatcher.dispatch(HddsDispatcher.java:148) ~[hadoop-hdds-container-service-0.5.0-SNAPSHOT.jar:?]
	at org.apache.hadoop.ozone.container.common.transport.server.ratis.ContainerStateMachine.dispatchCommand(ContainerStateMachine.java:357) ~[hadoop-hdds-container-service-0.5.0-SNAPSHOT.jar:?]
	at org.apache.hadoop.ozone.container.common.transport.server.ratis.ContainerStateMachine.runCommand(ContainerStateMachine.java:364) ~[hadoop-hdds-container-service-0.5.0-SNAPSHOT.jar:?]
	at org.apache.hadoop.ozone.container.common.transport.server.ratis.ContainerStateMachine.lambda$applyTransaction$5(ContainerStateMachine.java:630) ~[hadoop-hdds-container-service-0.5.0-SNAPSHOT.jar:?]
	at java.util.concurrent.CompletableFuture$AsyncSupply.run(CompletableFuture.java:1590) [?:1.8.0_212]
	at java.util.concurrent.ThreadPoolExecutor.runWorker(ThreadPoolExecutor.java:1149) [?:1.8.0_212]
	at java.util.concurrent.ThreadPoolExecutor$Worker.run(ThreadPoolExecutor.java:624) [?:1.8.0_212]
	at java.lang.Thread.run(Thread.java:748) [?:1.8.0_212]
2019-07-14 16:35:28,766 INFO  impl.HddsDispatcher (ContainerUtils.java:logAndReturnError(146)) - Operation: WriteChunk : Trace ID: 3d4b6aa1a18e503b:3d4b6aa1a18e503b:0:0 : Message: ContainerID 6 does not exist : Result: CONTAINER_NOT_FOUND
2019-07-14 16:35:28,772 INFO  client.GrpcClientProtocolClient (GrpcClientProtocolClient.java:onNext(255)) - client-B0BC210AE334->0d93ace1-f03e-41da-9627-e20667421560: receive RaftClientReply:client-B0BC210AE334->0d93ace1-f03e-41da-9627-e20667421560@group-9981A182374F, cid=27, SUCCESS, logIndex=1, commits[0d93ace1-f03e-41da-9627-e20667421560:c1]
2019-07-14 16:35:28,779 ERROR storage.BlockOutputStream (BlockOutputStream.java:validateResponse(539)) - Unexpected Storage Container Exception: 
org.apache.hadoop.hdds.scm.container.common.helpers.StorageContainerException: ContainerID 6 does not exist
	at org.apache.hadoop.hdds.scm.storage.ContainerProtocolCalls.validateContainerResponse(ContainerProtocolCalls.java:536)
	at org.apache.hadoop.hdds.scm.storage.BlockOutputStream.validateResponse(BlockOutputStream.java:537)
	at org.apache.hadoop.hdds.scm.storage.BlockOutputStream.lambda$writeChunkToContainer$2(BlockOutputStream.java:615)
	at java.util.concurrent.CompletableFuture.uniApply(CompletableFuture.java:602)
	at java.util.concurrent.CompletableFuture$UniApply.tryFire(CompletableFuture.java:577)
	at java.util.concurrent.CompletableFuture$Completion.run(CompletableFuture.java:442)
	at java.util.concurrent.ThreadPoolExecutor.runWorker(ThreadPoolExecutor.java:1149)
	at java.util.concurrent.ThreadPoolExecutor$Worker.run(ThreadPoolExecutor.java:624)
	at java.lang.Thread.run(Thread.java:748)
16:35:28.797 [pool-96-thread-1] ERROR DNAudit - user=null | ip=null | op=PUT_BLOCK {blockData=[blockId=conID: 6 locID: 102440771829039323 bcsId: 0,size=12]} | ret=FAILURE
org.apache.hadoop.hdds.scm.container.common.helpers.StorageContainerException: ContainerID 6 does not exist
	at org.apache.hadoop.ozone.container.common.impl.HddsDispatcher.dispatchRequest(HddsDispatcher.java:242) ~[hadoop-hdds-container-service-0.5.0-SNAPSHOT.jar:?]
	at org.apache.hadoop.ozone.container.common.impl.HddsDispatcher.dispatch(HddsDispatcher.java:148) ~[hadoop-hdds-container-service-0.5.0-SNAPSHOT.jar:?]
	at org.apache.hadoop.ozone.container.common.transport.server.ratis.ContainerStateMachine.dispatchCommand(ContainerStateMachine.java:357) ~[hadoop-hdds-container-service-0.5.0-SNAPSHOT.jar:?]
	at org.apache.hadoop.ozone.container.common.transport.server.ratis.ContainerStateMachine.runCommand(ContainerStateMachine.java:364) ~[hadoop-hdds-container-service-0.5.0-SNAPSHOT.jar:?]
	at org.apache.hadoop.ozone.container.common.transport.server.ratis.ContainerStateMachine.lambda$applyTransaction$5(ContainerStateMachine.java:630) ~[hadoop-hdds-container-service-0.5.0-SNAPSHOT.jar:?]
	at java.util.concurrent.CompletableFuture$AsyncSupply.run(CompletableFuture.java:1590) [?:1.8.0_212]
	at java.util.concurrent.ThreadPoolExecutor.runWorker(ThreadPoolExecutor.java:1149) [?:1.8.0_212]
	at java.util.concurrent.ThreadPoolExecutor$Worker.run(ThreadPoolExecutor.java:624) [?:1.8.0_212]
	at java.lang.Thread.run(Thread.java:748) [?:1.8.0_212]
2019-07-14 16:35:28,798 INFO  impl.HddsDispatcher (ContainerUtils.java:logAndReturnError(146)) - Operation: PutBlock : Trace ID: e96afa7ddb7c103e:e96afa7ddb7c103e:0:0 : Message: ContainerID 6 does not exist : Result: CONTAINER_NOT_FOUND
2019-07-14 16:35:28,802 INFO  client.GrpcClientProtocolClient (GrpcClientProtocolClient.java:onNext(255)) - client-B0BC210AE334->0d93ace1-f03e-41da-9627-e20667421560: receive RaftClientReply:client-B0BC210AE334->0d93ace1-f03e-41da-9627-e20667421560@group-9981A182374F, cid=28, SUCCESS, logIndex=3, commits[0d93ace1-f03e-41da-9627-e20667421560:c3]
]]></system-out>
  </testcase>
  <testcase name="testListS3Buckets" classname="org.apache.hadoop.ozone.client.rpc.TestSecureOzoneRpcClient" time="0.024"/>
  <testcase name="testAbortUploadSuccessWithParts" classname="org.apache.hadoop.ozone.client.rpc.TestSecureOzoneRpcClient" time="0.033"/>
  <testcase name="testListS3BucketsFail" classname="org.apache.hadoop.ozone.client.rpc.TestSecureOzoneRpcClient" time="0.004"/>
  <testcase name="testListMultipartUploadPartsWithContinuation" classname="org.apache.hadoop.ozone.client.rpc.TestSecureOzoneRpcClient" time="0.37"/>
  <testcase name="testListBucketsOnEmptyVolume" classname="org.apache.hadoop.ozone.client.rpc.TestSecureOzoneRpcClient" time="0.006"/>
  <testcase name="testCreateBucketWithStorageType" classname="org.apache.hadoop.ozone.client.rpc.TestSecureOzoneRpcClient" time="0.006"/>
  <testcase name="testDeleteKey" classname="org.apache.hadoop.ozone.client.rpc.TestSecureOzoneRpcClient" time="0.037"/>
  <testcase name="testDeleteVolume" classname="org.apache.hadoop.ozone.client.rpc.TestSecureOzoneRpcClient" time="0.011"/>
  <testcase name="testGetKeyAndFileWithNetworkTopology" classname="org.apache.hadoop.ozone.client.rpc.TestSecureOzoneRpcClient" time="0.484"/>
  <testcase name="testInvalidBucketCreation" classname="org.apache.hadoop.ozone.client.rpc.TestSecureOzoneRpcClient" time="0.008"/>
  <testcase name="testReadKeyWithVerifyChecksumFlagEnable" classname="org.apache.hadoop.ozone.client.rpc.TestSecureOzoneRpcClient" time="0.078">
    <error message="Unexpected Storage Container Exception: org.apache.hadoop.hdds.scm.container.common.helpers.StorageContainerException: ContainerID 7 does not exist" type="java.io.IOException">java.io.IOException: Unexpected Storage Container Exception: org.apache.hadoop.hdds.scm.container.common.helpers.StorageContainerException: ContainerID 7 does not exist
	at org.apache.hadoop.hdds.scm.storage.BlockOutputStream.setIoException(BlockOutputStream.java:549)
	at org.apache.hadoop.hdds.scm.storage.BlockOutputStream.validateResponse(BlockOutputStream.java:540)
	at org.apache.hadoop.hdds.scm.storage.BlockOutputStream.lambda$writeChunkToContainer$2(BlockOutputStream.java:615)
	at java.util.concurrent.CompletableFuture.uniApply(CompletableFuture.java:602)
	at java.util.concurrent.CompletableFuture$UniApply.tryFire(CompletableFuture.java:577)
	at java.util.concurrent.CompletableFuture$Completion.run(CompletableFuture.java:442)
	at java.util.concurrent.ThreadPoolExecutor.runWorker(ThreadPoolExecutor.java:1149)
	at java.util.concurrent.ThreadPoolExecutor$Worker.run(ThreadPoolExecutor.java:624)
	at java.lang.Thread.run(Thread.java:748)
Caused by: org.apache.hadoop.hdds.scm.container.common.helpers.StorageContainerException: ContainerID 7 does not exist
	at org.apache.hadoop.hdds.scm.storage.ContainerProtocolCalls.validateContainerResponse(ContainerProtocolCalls.java:536)
	at org.apache.hadoop.hdds.scm.storage.BlockOutputStream.validateResponse(BlockOutputStream.java:537)
	... 7 more
</error>
    <system-out><![CDATA[2019-07-14 16:35:29,793 INFO  rpc.RpcClient (RpcClient.java:createVolume(287)) - Creating Volume: 8b69b915-833d-4d91-8a84-8e1a07d48681, with jenkins1000 as owner.
2019-07-14 16:35:29,796 INFO  rpc.RpcClient (RpcClient.java:createBucket(424)) - Creating Bucket: 8b69b915-833d-4d91-8a84-8e1a07d48681/673a7ed8-ba59-437b-97f2-dc0838164850, with Versioning false and Storage Type set to DISK and Encryption set to false 
2019-07-14 16:35:29,813 INFO  keyvalue.KeyValueHandler (ContainerUtils.java:logAndReturnError(146)) - Operation: CreateContainer : Trace ID: 308828212d2db2cf:308828212d2db2cf:0:0 : Message: Container creation failed, due to disk out of space : Result: DISK_OUT_OF_SPACE
16:35:29.813 [pool-68-thread-2] ERROR DNAudit - user=null | ip=null | op=WRITE_CHUNK {blockData=conID: 7 locID: 102440771898573036 bcsId: 0} | ret=FAILURE
org.apache.hadoop.hdds.scm.container.common.helpers.StorageContainerException: ContainerID 7 creation failed
	at org.apache.hadoop.ozone.container.common.impl.HddsDispatcher.dispatchRequest(HddsDispatcher.java:227) ~[hadoop-hdds-container-service-0.5.0-SNAPSHOT.jar:?]
	at org.apache.hadoop.ozone.container.common.impl.HddsDispatcher.dispatch(HddsDispatcher.java:148) ~[hadoop-hdds-container-service-0.5.0-SNAPSHOT.jar:?]
	at org.apache.hadoop.ozone.container.common.transport.server.ratis.ContainerStateMachine.dispatchCommand(ContainerStateMachine.java:357) ~[hadoop-hdds-container-service-0.5.0-SNAPSHOT.jar:?]
	at org.apache.hadoop.ozone.container.common.transport.server.ratis.ContainerStateMachine.runCommand(ContainerStateMachine.java:364) ~[hadoop-hdds-container-service-0.5.0-SNAPSHOT.jar:?]
	at org.apache.hadoop.ozone.container.common.transport.server.ratis.ContainerStateMachine.lambda$handleWriteChunk$0(ContainerStateMachine.java:395) ~[hadoop-hdds-container-service-0.5.0-SNAPSHOT.jar:?]
	at java.util.concurrent.CompletableFuture$AsyncSupply.run(CompletableFuture.java:1590) [?:1.8.0_212]
	at java.util.concurrent.ThreadPoolExecutor.runWorker(ThreadPoolExecutor.java:1149) [?:1.8.0_212]
	at java.util.concurrent.ThreadPoolExecutor$Worker.run(ThreadPoolExecutor.java:624) [?:1.8.0_212]
	at java.lang.Thread.run(Thread.java:748) [?:1.8.0_212]
2019-07-14 16:35:29,814 INFO  impl.HddsDispatcher (ContainerUtils.java:logAndReturnError(146)) - Operation: WriteChunk : Trace ID: 308828212d2db2cf:308828212d2db2cf:0:0 : Message: ContainerID 7 creation failed : Result: DISK_OUT_OF_SPACE
16:35:29.826 [pool-76-thread-1] ERROR DNAudit - user=null | ip=null | op=WRITE_CHUNK {blockData=conID: 7 locID: 102440771898573036 bcsId: 0} | ret=FAILURE
org.apache.hadoop.hdds.scm.container.common.helpers.StorageContainerException: ContainerID 7 does not exist
	at org.apache.hadoop.ozone.container.common.impl.HddsDispatcher.dispatchRequest(HddsDispatcher.java:242) ~[hadoop-hdds-container-service-0.5.0-SNAPSHOT.jar:?]
	at org.apache.hadoop.ozone.container.common.impl.HddsDispatcher.dispatch(HddsDispatcher.java:148) ~[hadoop-hdds-container-service-0.5.0-SNAPSHOT.jar:?]
	at org.apache.hadoop.ozone.container.common.transport.server.ratis.ContainerStateMachine.dispatchCommand(ContainerStateMachine.java:357) ~[hadoop-hdds-container-service-0.5.0-SNAPSHOT.jar:?]
	at org.apache.hadoop.ozone.container.common.transport.server.ratis.ContainerStateMachine.runCommand(ContainerStateMachine.java:364) ~[hadoop-hdds-container-service-0.5.0-SNAPSHOT.jar:?]
	at org.apache.hadoop.ozone.container.common.transport.server.ratis.ContainerStateMachine.lambda$applyTransaction$5(ContainerStateMachine.java:630) ~[hadoop-hdds-container-service-0.5.0-SNAPSHOT.jar:?]
	at java.util.concurrent.CompletableFuture$AsyncSupply.run(CompletableFuture.java:1590) [?:1.8.0_212]
	at java.util.concurrent.ThreadPoolExecutor.runWorker(ThreadPoolExecutor.java:1149) [?:1.8.0_212]
	at java.util.concurrent.ThreadPoolExecutor$Worker.run(ThreadPoolExecutor.java:624) [?:1.8.0_212]
	at java.lang.Thread.run(Thread.java:748) [?:1.8.0_212]
2019-07-14 16:35:29,827 INFO  impl.HddsDispatcher (ContainerUtils.java:logAndReturnError(146)) - Operation: WriteChunk : Trace ID: 308828212d2db2cf:308828212d2db2cf:0:0 : Message: ContainerID 7 does not exist : Result: CONTAINER_NOT_FOUND
2019-07-14 16:35:29,833 INFO  client.GrpcClientProtocolClient (GrpcClientProtocolClient.java:onNext(255)) - client-F9D2D6147191->7c90c030-0d77-485f-8ae5-7fd0c6b87ec6: receive RaftClientReply:client-F9D2D6147191->7c90c030-0d77-485f-8ae5-7fd0c6b87ec6@group-661944770A05, cid=31, SUCCESS, logIndex=1, commits[7c90c030-0d77-485f-8ae5-7fd0c6b87ec6:c1]
2019-07-14 16:35:29,845 ERROR storage.BlockOutputStream (BlockOutputStream.java:validateResponse(539)) - Unexpected Storage Container Exception: 
org.apache.hadoop.hdds.scm.container.common.helpers.StorageContainerException: ContainerID 7 does not exist
	at org.apache.hadoop.hdds.scm.storage.ContainerProtocolCalls.validateContainerResponse(ContainerProtocolCalls.java:536)
	at org.apache.hadoop.hdds.scm.storage.BlockOutputStream.validateResponse(BlockOutputStream.java:537)
	at org.apache.hadoop.hdds.scm.storage.BlockOutputStream.lambda$writeChunkToContainer$2(BlockOutputStream.java:615)
	at java.util.concurrent.CompletableFuture.uniApply(CompletableFuture.java:602)
	at java.util.concurrent.CompletableFuture$UniApply.tryFire(CompletableFuture.java:577)
	at java.util.concurrent.CompletableFuture$Completion.run(CompletableFuture.java:442)
	at java.util.concurrent.ThreadPoolExecutor.runWorker(ThreadPoolExecutor.java:1149)
	at java.util.concurrent.ThreadPoolExecutor$Worker.run(ThreadPoolExecutor.java:624)
	at java.lang.Thread.run(Thread.java:748)
16:35:29.860 [pool-76-thread-1] ERROR DNAudit - user=null | ip=null | op=PUT_BLOCK {blockData=[blockId=conID: 7 locID: 102440771898573036 bcsId: 0,size=12]} | ret=FAILURE
org.apache.hadoop.hdds.scm.container.common.helpers.StorageContainerException: ContainerID 7 does not exist
	at org.apache.hadoop.ozone.container.common.impl.HddsDispatcher.dispatchRequest(HddsDispatcher.java:242) ~[hadoop-hdds-container-service-0.5.0-SNAPSHOT.jar:?]
	at org.apache.hadoop.ozone.container.common.impl.HddsDispatcher.dispatch(HddsDispatcher.java:148) ~[hadoop-hdds-container-service-0.5.0-SNAPSHOT.jar:?]
	at org.apache.hadoop.ozone.container.common.transport.server.ratis.ContainerStateMachine.dispatchCommand(ContainerStateMachine.java:357) ~[hadoop-hdds-container-service-0.5.0-SNAPSHOT.jar:?]
	at org.apache.hadoop.ozone.container.common.transport.server.ratis.ContainerStateMachine.runCommand(ContainerStateMachine.java:364) ~[hadoop-hdds-container-service-0.5.0-SNAPSHOT.jar:?]
	at org.apache.hadoop.ozone.container.common.transport.server.ratis.ContainerStateMachine.lambda$applyTransaction$5(ContainerStateMachine.java:630) ~[hadoop-hdds-container-service-0.5.0-SNAPSHOT.jar:?]
	at java.util.concurrent.CompletableFuture$AsyncSupply.run(CompletableFuture.java:1590) [?:1.8.0_212]
	at java.util.concurrent.ThreadPoolExecutor.runWorker(ThreadPoolExecutor.java:1149) [?:1.8.0_212]
	at java.util.concurrent.ThreadPoolExecutor$Worker.run(ThreadPoolExecutor.java:624) [?:1.8.0_212]
	at java.lang.Thread.run(Thread.java:748) [?:1.8.0_212]
2019-07-14 16:35:29,861 INFO  impl.HddsDispatcher (ContainerUtils.java:logAndReturnError(146)) - Operation: PutBlock : Trace ID: b0f726d1858a39bc:b0f726d1858a39bc:0:0 : Message: ContainerID 7 does not exist : Result: CONTAINER_NOT_FOUND
2019-07-14 16:35:29,865 INFO  client.GrpcClientProtocolClient (GrpcClientProtocolClient.java:onNext(255)) - client-F9D2D6147191->7c90c030-0d77-485f-8ae5-7fd0c6b87ec6: receive RaftClientReply:client-F9D2D6147191->7c90c030-0d77-485f-8ae5-7fd0c6b87ec6@group-661944770A05, cid=32, SUCCESS, logIndex=3, commits[7c90c030-0d77-485f-8ae5-7fd0c6b87ec6:c3]
]]></system-out>
  </testcase>
  <testcase name="testAbortUploadSuccessWithOutAnyParts" classname="org.apache.hadoop.ozone.client.rpc.TestSecureOzoneRpcClient" time="0.009"/>
  <testcase name="testListPartsInvalidMaxParts" classname="org.apache.hadoop.ozone.client.rpc.TestSecureOzoneRpcClient" time="0.005"/>
  <testcase name="testSetBucketVersioning" classname="org.apache.hadoop.ozone.client.rpc.TestSecureOzoneRpcClient" time="0.008"/>
  <testcase name="testAbortUploadFail" classname="org.apache.hadoop.ozone.client.rpc.TestSecureOzoneRpcClient" time="0.007"/>
  <testcase name="testCreateS3BucketMapping" classname="org.apache.hadoop.ozone.client.rpc.TestSecureOzoneRpcClient" time="0.008"/>
  <testcase name="testMultipartUploadOverride" classname="org.apache.hadoop.ozone.client.rpc.TestSecureOzoneRpcClient" time="0.077">
    <error message="Unexpected Storage Container Exception: org.apache.hadoop.hdds.scm.container.common.helpers.StorageContainerException: ContainerID 5 does not exist" type="java.io.IOException">java.io.IOException: Unexpected Storage Container Exception: org.apache.hadoop.hdds.scm.container.common.helpers.StorageContainerException: ContainerID 5 does not exist
	at org.apache.hadoop.hdds.scm.storage.BlockOutputStream.setIoException(BlockOutputStream.java:549)
	at org.apache.hadoop.hdds.scm.storage.BlockOutputStream.validateResponse(BlockOutputStream.java:540)
	at org.apache.hadoop.hdds.scm.storage.BlockOutputStream.lambda$writeChunkToContainer$2(BlockOutputStream.java:615)
	at java.util.concurrent.CompletableFuture.uniApply(CompletableFuture.java:602)
	at java.util.concurrent.CompletableFuture$UniApply.tryFire(CompletableFuture.java:577)
	at java.util.concurrent.CompletableFuture$Completion.run(CompletableFuture.java:442)
	at java.util.concurrent.ThreadPoolExecutor.runWorker(ThreadPoolExecutor.java:1149)
	at java.util.concurrent.ThreadPoolExecutor$Worker.run(ThreadPoolExecutor.java:624)
	at java.lang.Thread.run(Thread.java:748)
Caused by: org.apache.hadoop.hdds.scm.container.common.helpers.StorageContainerException: ContainerID 5 does not exist
	at org.apache.hadoop.hdds.scm.storage.ContainerProtocolCalls.validateContainerResponse(ContainerProtocolCalls.java:536)
	at org.apache.hadoop.hdds.scm.storage.BlockOutputStream.validateResponse(BlockOutputStream.java:537)
	... 7 more
</error>
    <system-out><![CDATA[2019-07-14 16:35:29,908 INFO  rpc.RpcClient (RpcClient.java:createVolume(287)) - Creating Volume: 5a7253c3-f3bb-4c6f-98dc-ce65ef865eb6, with jenkins1000 as owner.
2019-07-14 16:35:29,910 INFO  rpc.RpcClient (RpcClient.java:createBucket(424)) - Creating Bucket: 5a7253c3-f3bb-4c6f-98dc-ce65ef865eb6/a4cbdb55-2bc0-452a-93c0-d1b7ba13a5ba, with Versioning false and Storage Type set to DISK and Encryption set to false 
2019-07-14 16:35:29,943 INFO  keyvalue.KeyValueHandler (ContainerUtils.java:logAndReturnError(146)) - Operation: CreateContainer : Trace ID: a17adc6f6582cbc0:a17adc6f6582cbc0:0:0 : Message: Container creation failed, due to disk out of space : Result: DISK_OUT_OF_SPACE
16:35:29.943 [pool-152-thread-5] ERROR DNAudit - user=null | ip=null | op=WRITE_CHUNK {blockData=conID: 5 locID: 102440771906502894 bcsId: 0} | ret=FAILURE
org.apache.hadoop.hdds.scm.container.common.helpers.StorageContainerException: ContainerID 5 creation failed
	at org.apache.hadoop.ozone.container.common.impl.HddsDispatcher.dispatchRequest(HddsDispatcher.java:227) ~[hadoop-hdds-container-service-0.5.0-SNAPSHOT.jar:?]
	at org.apache.hadoop.ozone.container.common.impl.HddsDispatcher.dispatch(HddsDispatcher.java:148) ~[hadoop-hdds-container-service-0.5.0-SNAPSHOT.jar:?]
	at org.apache.hadoop.ozone.container.common.transport.server.ratis.ContainerStateMachine.dispatchCommand(ContainerStateMachine.java:357) ~[hadoop-hdds-container-service-0.5.0-SNAPSHOT.jar:?]
	at org.apache.hadoop.ozone.container.common.transport.server.ratis.ContainerStateMachine.runCommand(ContainerStateMachine.java:364) ~[hadoop-hdds-container-service-0.5.0-SNAPSHOT.jar:?]
	at org.apache.hadoop.ozone.container.common.transport.server.ratis.ContainerStateMachine.lambda$handleWriteChunk$0(ContainerStateMachine.java:395) ~[hadoop-hdds-container-service-0.5.0-SNAPSHOT.jar:?]
	at java.util.concurrent.CompletableFuture$AsyncSupply.run(CompletableFuture.java:1590) [?:1.8.0_212]
	at java.util.concurrent.ThreadPoolExecutor.runWorker(ThreadPoolExecutor.java:1149) [?:1.8.0_212]
	at java.util.concurrent.ThreadPoolExecutor$Worker.run(ThreadPoolExecutor.java:624) [?:1.8.0_212]
	at java.lang.Thread.run(Thread.java:748) [?:1.8.0_212]
2019-07-14 16:35:29,944 INFO  impl.HddsDispatcher (ContainerUtils.java:logAndReturnError(146)) - Operation: WriteChunk : Trace ID: a17adc6f6582cbc0:a17adc6f6582cbc0:0:0 : Message: ContainerID 5 creation failed : Result: DISK_OUT_OF_SPACE
2019-07-14 16:35:29,951 INFO  keyvalue.KeyValueHandler (ContainerUtils.java:logAndReturnError(146)) - Operation: CreateContainer : Trace ID: a4db50a49f520281:a4db50a49f520281:0:0 : Message: Container creation failed, due to disk out of space : Result: DISK_OUT_OF_SPACE
16:35:29.951 [pool-152-thread-8] ERROR DNAudit - user=null | ip=null | op=WRITE_CHUNK {blockData=conID: 5 locID: 102440771906502894 bcsId: 0} | ret=FAILURE
org.apache.hadoop.hdds.scm.container.common.helpers.StorageContainerException: ContainerID 5 creation failed
	at org.apache.hadoop.ozone.container.common.impl.HddsDispatcher.dispatchRequest(HddsDispatcher.java:227) ~[hadoop-hdds-container-service-0.5.0-SNAPSHOT.jar:?]
	at org.apache.hadoop.ozone.container.common.impl.HddsDispatcher.dispatch(HddsDispatcher.java:148) ~[hadoop-hdds-container-service-0.5.0-SNAPSHOT.jar:?]
	at org.apache.hadoop.ozone.container.common.transport.server.ratis.ContainerStateMachine.dispatchCommand(ContainerStateMachine.java:357) ~[hadoop-hdds-container-service-0.5.0-SNAPSHOT.jar:?]
	at org.apache.hadoop.ozone.container.common.transport.server.ratis.ContainerStateMachine.runCommand(ContainerStateMachine.java:364) ~[hadoop-hdds-container-service-0.5.0-SNAPSHOT.jar:?]
	at org.apache.hadoop.ozone.container.common.transport.server.ratis.ContainerStateMachine.lambda$handleWriteChunk$0(ContainerStateMachine.java:395) ~[hadoop-hdds-container-service-0.5.0-SNAPSHOT.jar:?]
	at java.util.concurrent.CompletableFuture$AsyncSupply.run(CompletableFuture.java:1590) [?:1.8.0_212]
	at java.util.concurrent.ThreadPoolExecutor.runWorker(ThreadPoolExecutor.java:1149) [?:1.8.0_212]
	at java.util.concurrent.ThreadPoolExecutor$Worker.run(ThreadPoolExecutor.java:624) [?:1.8.0_212]
	at java.lang.Thread.run(Thread.java:748) [?:1.8.0_212]
2019-07-14 16:35:29,952 INFO  impl.HddsDispatcher (ContainerUtils.java:logAndReturnError(146)) - Operation: WriteChunk : Trace ID: a4db50a49f520281:a4db50a49f520281:0:0 : Message: ContainerID 5 creation failed : Result: DISK_OUT_OF_SPACE
16:35:29.971 [pool-158-thread-1] ERROR DNAudit - user=null | ip=null | op=WRITE_CHUNK {blockData=conID: 5 locID: 102440771906502894 bcsId: 0} | ret=FAILURE
org.apache.hadoop.hdds.scm.container.common.helpers.StorageContainerException: ContainerID 5 does not exist
	at org.apache.hadoop.ozone.container.common.impl.HddsDispatcher.dispatchRequest(HddsDispatcher.java:242) ~[hadoop-hdds-container-service-0.5.0-SNAPSHOT.jar:?]
	at org.apache.hadoop.ozone.container.common.impl.HddsDispatcher.dispatch(HddsDispatcher.java:148) ~[hadoop-hdds-container-service-0.5.0-SNAPSHOT.jar:?]
	at org.apache.hadoop.ozone.container.common.transport.server.ratis.ContainerStateMachine.dispatchCommand(ContainerStateMachine.java:357) ~[hadoop-hdds-container-service-0.5.0-SNAPSHOT.jar:?]
	at org.apache.hadoop.ozone.container.common.transport.server.ratis.ContainerStateMachine.runCommand(ContainerStateMachine.java:364) ~[hadoop-hdds-container-service-0.5.0-SNAPSHOT.jar:?]
	at org.apache.hadoop.ozone.container.common.transport.server.ratis.ContainerStateMachine.lambda$applyTransaction$5(ContainerStateMachine.java:630) ~[hadoop-hdds-container-service-0.5.0-SNAPSHOT.jar:?]
	at java.util.concurrent.CompletableFuture$AsyncSupply.run(CompletableFuture.java:1590) [?:1.8.0_212]
	at java.util.concurrent.ThreadPoolExecutor.runWorker(ThreadPoolExecutor.java:1149) [?:1.8.0_212]
	at java.util.concurrent.ThreadPoolExecutor$Worker.run(ThreadPoolExecutor.java:624) [?:1.8.0_212]
	at java.lang.Thread.run(Thread.java:748) [?:1.8.0_212]
2019-07-14 16:35:29,971 INFO  impl.HddsDispatcher (ContainerUtils.java:logAndReturnError(146)) - Operation: WriteChunk : Trace ID: a17adc6f6582cbc0:a17adc6f6582cbc0:0:0 : Message: ContainerID 5 does not exist : Result: CONTAINER_NOT_FOUND
2019-07-14 16:35:29,973 INFO  client.GrpcClientProtocolClient (GrpcClientProtocolClient.java:onNext(255)) - client-0F9D3D1BEA92->ccda97d6-f984-4376-af5e-bd1d37e9c823: receive RaftClientReply:client-0F9D3D1BEA92->ccda97d6-f984-4376-af5e-bd1d37e9c823@group-238794C04517, cid=33, SUCCESS, logIndex=5, commits[ccda97d6-f984-4376-af5e-bd1d37e9c823:c8, 6dd76e0a-9c0a-4ecd-a6b9-58bf80bbf684:c4, 0d93ace1-f03e-41da-9627-e20667421560:c4]
16:35:29.972 [pool-158-thread-1] ERROR DNAudit - user=null | ip=null | op=PUT_BLOCK {blockData=[blockId=conID: 5 locID: 102440771906502894 bcsId: 0,size=1048576]} | ret=FAILURE
org.apache.hadoop.hdds.scm.container.common.helpers.StorageContainerException: ContainerID 5 does not exist
	at org.apache.hadoop.ozone.container.common.impl.HddsDispatcher.dispatchRequest(HddsDispatcher.java:242) ~[hadoop-hdds-container-service-0.5.0-SNAPSHOT.jar:?]
	at org.apache.hadoop.ozone.container.common.impl.HddsDispatcher.dispatch(HddsDispatcher.java:148) ~[hadoop-hdds-container-service-0.5.0-SNAPSHOT.jar:?]
	at org.apache.hadoop.ozone.container.common.transport.server.ratis.ContainerStateMachine.dispatchCommand(ContainerStateMachine.java:357) ~[hadoop-hdds-container-service-0.5.0-SNAPSHOT.jar:?]
	at org.apache.hadoop.ozone.container.common.transport.server.ratis.ContainerStateMachine.runCommand(ContainerStateMachine.java:364) ~[hadoop-hdds-container-service-0.5.0-SNAPSHOT.jar:?]
	at org.apache.hadoop.ozone.container.common.transport.server.ratis.ContainerStateMachine.lambda$applyTransaction$5(ContainerStateMachine.java:630) ~[hadoop-hdds-container-service-0.5.0-SNAPSHOT.jar:?]
	at java.util.concurrent.CompletableFuture$AsyncSupply.run(CompletableFuture.java:1590) [?:1.8.0_212]
	at java.util.concurrent.ThreadPoolExecutor.runWorker(ThreadPoolExecutor.java:1149) [?:1.8.0_212]
	at java.util.concurrent.ThreadPoolExecutor$Worker.run(ThreadPoolExecutor.java:624) [?:1.8.0_212]
	at java.lang.Thread.run(Thread.java:748) [?:1.8.0_212]
2019-07-14 16:35:29,973 INFO  impl.HddsDispatcher (ContainerUtils.java:logAndReturnError(146)) - Operation: PutBlock : Trace ID: b0aa6eb0159a8dda:b0aa6eb0159a8dda:0:0 : Message: ContainerID 5 does not exist : Result: CONTAINER_NOT_FOUND
2019-07-14 16:35:29,974 ERROR storage.BlockOutputStream (BlockOutputStream.java:validateResponse(539)) - Unexpected Storage Container Exception: 
org.apache.hadoop.hdds.scm.container.common.helpers.StorageContainerException: ContainerID 5 does not exist
	at org.apache.hadoop.hdds.scm.storage.ContainerProtocolCalls.validateContainerResponse(ContainerProtocolCalls.java:536)
	at org.apache.hadoop.hdds.scm.storage.BlockOutputStream.validateResponse(BlockOutputStream.java:537)
	at org.apache.hadoop.hdds.scm.storage.BlockOutputStream.lambda$writeChunkToContainer$2(BlockOutputStream.java:615)
	at java.util.concurrent.CompletableFuture.uniApply(CompletableFuture.java:602)
	at java.util.concurrent.CompletableFuture$UniApply.tryFire(CompletableFuture.java:577)
	at java.util.concurrent.CompletableFuture$Completion.run(CompletableFuture.java:442)
	at java.util.concurrent.ThreadPoolExecutor.runWorker(ThreadPoolExecutor.java:1149)
	at java.util.concurrent.ThreadPoolExecutor$Worker.run(ThreadPoolExecutor.java:624)
	at java.lang.Thread.run(Thread.java:748)
16:35:29.974 [pool-158-thread-1] ERROR DNAudit - user=null | ip=null | op=WRITE_CHUNK {blockData=conID: 5 locID: 102440771906502894 bcsId: 0} | ret=FAILURE
org.apache.hadoop.hdds.scm.container.common.helpers.StorageContainerException: ContainerID 5 does not exist
	at org.apache.hadoop.ozone.container.common.impl.HddsDispatcher.dispatchRequest(HddsDispatcher.java:242) ~[hadoop-hdds-container-service-0.5.0-SNAPSHOT.jar:?]
	at org.apache.hadoop.ozone.container.common.impl.HddsDispatcher.dispatch(HddsDispatcher.java:148) ~[hadoop-hdds-container-service-0.5.0-SNAPSHOT.jar:?]
	at org.apache.hadoop.ozone.container.common.transport.server.ratis.ContainerStateMachine.dispatchCommand(ContainerStateMachine.java:357) ~[hadoop-hdds-container-service-0.5.0-SNAPSHOT.jar:?]
	at org.apache.hadoop.ozone.container.common.transport.server.ratis.ContainerStateMachine.runCommand(ContainerStateMachine.java:364) ~[hadoop-hdds-container-service-0.5.0-SNAPSHOT.jar:?]
	at org.apache.hadoop.ozone.container.common.transport.server.ratis.ContainerStateMachine.lambda$applyTransaction$5(ContainerStateMachine.java:630) ~[hadoop-hdds-container-service-0.5.0-SNAPSHOT.jar:?]
	at java.util.concurrent.CompletableFuture$AsyncSupply.run(CompletableFuture.java:1590) [?:1.8.0_212]
	at java.util.concurrent.ThreadPoolExecutor.runWorker(ThreadPoolExecutor.java:1149) [?:1.8.0_212]
	at java.util.concurrent.ThreadPoolExecutor$Worker.run(ThreadPoolExecutor.java:624) [?:1.8.0_212]
	at java.lang.Thread.run(Thread.java:748) [?:1.8.0_212]
2019-07-14 16:35:29,974 INFO  client.GrpcClientProtocolClient (GrpcClientProtocolClient.java:onNext(255)) - client-0F9D3D1BEA92->ccda97d6-f984-4376-af5e-bd1d37e9c823: receive RaftClientReply:client-0F9D3D1BEA92->ccda97d6-f984-4376-af5e-bd1d37e9c823@group-238794C04517, cid=34, SUCCESS, logIndex=6, commits[ccda97d6-f984-4376-af5e-bd1d37e9c823:c8, 6dd76e0a-9c0a-4ecd-a6b9-58bf80bbf684:c4, 0d93ace1-f03e-41da-9627-e20667421560:c4]
2019-07-14 16:35:29,975 INFO  impl.HddsDispatcher (ContainerUtils.java:logAndReturnError(146)) - Operation: WriteChunk : Trace ID: a4db50a49f520281:a4db50a49f520281:0:0 : Message: ContainerID 5 does not exist : Result: CONTAINER_NOT_FOUND
2019-07-14 16:35:29,976 INFO  client.GrpcClientProtocolClient (GrpcClientProtocolClient.java:onNext(255)) - client-0F9D3D1BEA92->ccda97d6-f984-4376-af5e-bd1d37e9c823: receive RaftClientReply:client-0F9D3D1BEA92->ccda97d6-f984-4376-af5e-bd1d37e9c823@group-238794C04517, cid=35, SUCCESS, logIndex=7, commits[ccda97d6-f984-4376-af5e-bd1d37e9c823:c8, 6dd76e0a-9c0a-4ecd-a6b9-58bf80bbf684:c4, 0d93ace1-f03e-41da-9627-e20667421560:c4]
16:35:29.976 [pool-158-thread-1] ERROR DNAudit - user=null | ip=null | op=PUT_BLOCK {blockData=[blockId=conID: 5 locID: 102440771906502894 bcsId: 0,size=2097152]} | ret=FAILURE
org.apache.hadoop.hdds.scm.container.common.helpers.StorageContainerException: ContainerID 5 does not exist
	at org.apache.hadoop.ozone.container.common.impl.HddsDispatcher.dispatchRequest(HddsDispatcher.java:242) ~[hadoop-hdds-container-service-0.5.0-SNAPSHOT.jar:?]
	at org.apache.hadoop.ozone.container.common.impl.HddsDispatcher.dispatch(HddsDispatcher.java:148) ~[hadoop-hdds-container-service-0.5.0-SNAPSHOT.jar:?]
	at org.apache.hadoop.ozone.container.common.transport.server.ratis.ContainerStateMachine.dispatchCommand(ContainerStateMachine.java:357) ~[hadoop-hdds-container-service-0.5.0-SNAPSHOT.jar:?]
	at org.apache.hadoop.ozone.container.common.transport.server.ratis.ContainerStateMachine.runCommand(ContainerStateMachine.java:364) ~[hadoop-hdds-container-service-0.5.0-SNAPSHOT.jar:?]
	at org.apache.hadoop.ozone.container.common.transport.server.ratis.ContainerStateMachine.lambda$applyTransaction$5(ContainerStateMachine.java:630) ~[hadoop-hdds-container-service-0.5.0-SNAPSHOT.jar:?]
	at java.util.concurrent.CompletableFuture$AsyncSupply.run(CompletableFuture.java:1590) [?:1.8.0_212]
	at java.util.concurrent.ThreadPoolExecutor.runWorker(ThreadPoolExecutor.java:1149) [?:1.8.0_212]
	at java.util.concurrent.ThreadPoolExecutor$Worker.run(ThreadPoolExecutor.java:624) [?:1.8.0_212]
	at java.lang.Thread.run(Thread.java:748) [?:1.8.0_212]
2019-07-14 16:35:29,976 INFO  impl.HddsDispatcher (ContainerUtils.java:logAndReturnError(146)) - Operation: PutBlock : Trace ID: bafe2cf8535d0333:bafe2cf8535d0333:0:0 : Message: ContainerID 5 does not exist : Result: CONTAINER_NOT_FOUND
2019-07-14 16:35:29,978 INFO  client.GrpcClientProtocolClient (GrpcClientProtocolClient.java:onNext(255)) - client-0F9D3D1BEA92->ccda97d6-f984-4376-af5e-bd1d37e9c823: receive RaftClientReply:client-0F9D3D1BEA92->ccda97d6-f984-4376-af5e-bd1d37e9c823@group-238794C04517, cid=36, SUCCESS, logIndex=8, commits[ccda97d6-f984-4376-af5e-bd1d37e9c823:c8, 6dd76e0a-9c0a-4ecd-a6b9-58bf80bbf684:c4, 0d93ace1-f03e-41da-9627-e20667421560:c4]
]]></system-out>
  </testcase>
  <testcase name="testValidateBlockLengthWithCommitKey" classname="org.apache.hadoop.ozone.client.rpc.TestSecureOzoneRpcClient" time="0.048"/>
  <testcase name="testMultipartUploadWithPartsMisMatchWithListSizeDifferent" classname="org.apache.hadoop.ozone.client.rpc.TestSecureOzoneRpcClient" time="0.009"/>
  <testcase name="testNoSuchUploadError" classname="org.apache.hadoop.ozone.client.rpc.TestSecureOzoneRpcClient" time="0.006"/>
  <testcase name="testPutKeyRatisThreeNodes" classname="org.apache.hadoop.ozone.client.rpc.TestSecureOzoneRpcClient" time="0.173">
    <error message="Unexpected Storage Container Exception: org.apache.hadoop.hdds.scm.container.common.helpers.StorageContainerException: ContainerID 2 does not exist" type="java.io.IOException">java.io.IOException: Unexpected Storage Container Exception: org.apache.hadoop.hdds.scm.container.common.helpers.StorageContainerException: ContainerID 2 does not exist
	at org.apache.hadoop.hdds.scm.storage.BlockOutputStream.setIoException(BlockOutputStream.java:549)
	at org.apache.hadoop.hdds.scm.storage.BlockOutputStream.validateResponse(BlockOutputStream.java:540)
	at org.apache.hadoop.hdds.scm.storage.BlockOutputStream.lambda$writeChunkToContainer$2(BlockOutputStream.java:615)
	at java.util.concurrent.CompletableFuture.uniApply(CompletableFuture.java:602)
	at java.util.concurrent.CompletableFuture$UniApply.tryFire(CompletableFuture.java:577)
	at java.util.concurrent.CompletableFuture$Completion.run(CompletableFuture.java:442)
	at java.util.concurrent.ThreadPoolExecutor.runWorker(ThreadPoolExecutor.java:1149)
	at java.util.concurrent.ThreadPoolExecutor$Worker.run(ThreadPoolExecutor.java:624)
	at java.lang.Thread.run(Thread.java:748)
Caused by: org.apache.hadoop.hdds.scm.container.common.helpers.StorageContainerException: ContainerID 2 does not exist
	at org.apache.hadoop.hdds.scm.storage.ContainerProtocolCalls.validateContainerResponse(ContainerProtocolCalls.java:536)
	at org.apache.hadoop.hdds.scm.storage.BlockOutputStream.validateResponse(BlockOutputStream.java:537)
	... 7 more
</error>
    <system-out><![CDATA[2019-07-14 16:35:30,049 INFO  rpc.RpcClient (RpcClient.java:createVolume(287)) - Creating Volume: e9468150-dcff-4bfb-b476-eb604182896c, with jenkins1000 as owner.
2019-07-14 16:35:30,051 INFO  rpc.RpcClient (RpcClient.java:createBucket(424)) - Creating Bucket: e9468150-dcff-4bfb-b476-eb604182896c/59080c0f-ee99-4cf4-a5bf-62173a03c1b9, with Versioning false and Storage Type set to DISK and Encryption set to false 
2019-07-14 16:35:30,090 INFO  client.GrpcClientProtocolClient (GrpcClientProtocolClient.java:onNext(255)) - client-96344F89D29A->364f186b-28cb-4028-a5ac-94f7a3d4ba5b: receive RaftClientReply:client-96344F89D29A->364f186b-28cb-4028-a5ac-94f7a3d4ba5b@group-A2C94D407326, cid=37, SUCCESS, logIndex=5, commits[364f186b-28cb-4028-a5ac-94f7a3d4ba5b:c6, 7c90c030-0d77-485f-8ae5-7fd0c6b87ec6:c4, 661cd752-e62c-4f70-8fdb-6fc401ea7514:c4]
2019-07-14 16:35:30,091 INFO  client.GrpcClientProtocolClient (GrpcClientProtocolClient.java:onNext(255)) - client-96344F89D29A->364f186b-28cb-4028-a5ac-94f7a3d4ba5b: receive RaftClientReply:client-96344F89D29A->364f186b-28cb-4028-a5ac-94f7a3d4ba5b@group-A2C94D407326, cid=38, SUCCESS, logIndex=6, commits[364f186b-28cb-4028-a5ac-94f7a3d4ba5b:c6, 7c90c030-0d77-485f-8ae5-7fd0c6b87ec6:c4, 661cd752-e62c-4f70-8fdb-6fc401ea7514:c4]
2019-07-14 16:35:30,108 INFO  client.GrpcClientProtocolClient (GrpcClientProtocolClient.java:onNext(255)) - client-96344F89D29A->364f186b-28cb-4028-a5ac-94f7a3d4ba5b: receive RaftClientReply:client-96344F89D29A->364f186b-28cb-4028-a5ac-94f7a3d4ba5b@group-A2C94D407326, cid=39, SUCCESS, logIndex=0, commits[364f186b-28cb-4028-a5ac-94f7a3d4ba5b:c8, 7c90c030-0d77-485f-8ae5-7fd0c6b87ec6:c6, 661cd752-e62c-4f70-8fdb-6fc401ea7514:c6]
2019-07-14 16:35:30,117 INFO  pipeline.Pipeline (Pipeline.java:getProtobufMessage(195)) - Serialize pipeline PipelineID=9f07d24e-995c-45c6-8b96-a2c94d407326 with nodesInOrder{ }
2019-07-14 16:35:30,124 INFO  pipeline.Pipeline (Pipeline.java:getProtobufMessage(195)) - Serialize pipeline PipelineID=9f07d24e-995c-45c6-8b96-a2c94d407326 with nodesInOrder{ }
2019-07-14 16:35:30,162 INFO  client.GrpcClientProtocolClient (GrpcClientProtocolClient.java:onNext(255)) - client-A04FE6D81001->809a6994-cddd-4239-ab19-d890f54eceb5: receive RaftClientReply:client-A04FE6D81001->809a6994-cddd-4239-ab19-d890f54eceb5@group-3FE76243B3D7, cid=40, FAILED org.apache.ratis.protocol.NotLeaderException: Server 809a6994-cddd-4239-ab19-d890f54eceb5 is not the leader (6a6dfdfc-b0dc-448c-b5a6-9b2d16926b65:192.168.69.77:32973). Request must be sent to leader., logIndex=0, commits[809a6994-cddd-4239-ab19-d890f54eceb5:c8, 6a6dfdfc-b0dc-448c-b5a6-9b2d16926b65:c8, c56e9eac-ce96-4317-bc9f-b13e9f3c9173:c8]
2019-07-14 16:35:30,179 INFO  keyvalue.KeyValueHandler (ContainerUtils.java:logAndReturnError(146)) - Operation: CreateContainer : Trace ID: 3064d937f0a29dec:3064d937f0a29dec:0:0 : Message: Container creation failed, due to disk out of space : Result: DISK_OUT_OF_SPACE
16:35:30.179 [pool-131-thread-7] ERROR DNAudit - user=null | ip=null | op=WRITE_CHUNK {blockData=conID: 2 locID: 102440771921182966 bcsId: 0} | ret=FAILURE
org.apache.hadoop.hdds.scm.container.common.helpers.StorageContainerException: ContainerID 2 creation failed
	at org.apache.hadoop.ozone.container.common.impl.HddsDispatcher.dispatchRequest(HddsDispatcher.java:227) ~[hadoop-hdds-container-service-0.5.0-SNAPSHOT.jar:?]
	at org.apache.hadoop.ozone.container.common.impl.HddsDispatcher.dispatch(HddsDispatcher.java:148) ~[hadoop-hdds-container-service-0.5.0-SNAPSHOT.jar:?]
	at org.apache.hadoop.ozone.container.common.transport.server.ratis.ContainerStateMachine.dispatchCommand(ContainerStateMachine.java:357) ~[hadoop-hdds-container-service-0.5.0-SNAPSHOT.jar:?]
	at org.apache.hadoop.ozone.container.common.transport.server.ratis.ContainerStateMachine.runCommand(ContainerStateMachine.java:364) ~[hadoop-hdds-container-service-0.5.0-SNAPSHOT.jar:?]
	at org.apache.hadoop.ozone.container.common.transport.server.ratis.ContainerStateMachine.lambda$handleWriteChunk$0(ContainerStateMachine.java:395) ~[hadoop-hdds-container-service-0.5.0-SNAPSHOT.jar:?]
	at java.util.concurrent.CompletableFuture$AsyncSupply.run(CompletableFuture.java:1590) [?:1.8.0_212]
	at java.util.concurrent.ThreadPoolExecutor.runWorker(ThreadPoolExecutor.java:1149) [?:1.8.0_212]
	at java.util.concurrent.ThreadPoolExecutor$Worker.run(ThreadPoolExecutor.java:624) [?:1.8.0_212]
	at java.lang.Thread.run(Thread.java:748) [?:1.8.0_212]
2019-07-14 16:35:30,180 INFO  impl.HddsDispatcher (ContainerUtils.java:logAndReturnError(146)) - Operation: WriteChunk : Trace ID: 3064d937f0a29dec:3064d937f0a29dec:0:0 : Message: ContainerID 2 creation failed : Result: DISK_OUT_OF_SPACE
16:35:30.193 [pool-134-thread-1] ERROR DNAudit - user=null | ip=null | op=WRITE_CHUNK {blockData=conID: 2 locID: 102440771921182966 bcsId: 0} | ret=FAILURE
org.apache.hadoop.hdds.scm.container.common.helpers.StorageContainerException: ContainerID 2 does not exist
	at org.apache.hadoop.ozone.container.common.impl.HddsDispatcher.dispatchRequest(HddsDispatcher.java:242) ~[hadoop-hdds-container-service-0.5.0-SNAPSHOT.jar:?]
	at org.apache.hadoop.ozone.container.common.impl.HddsDispatcher.dispatch(HddsDispatcher.java:148) ~[hadoop-hdds-container-service-0.5.0-SNAPSHOT.jar:?]
	at org.apache.hadoop.ozone.container.common.transport.server.ratis.ContainerStateMachine.dispatchCommand(ContainerStateMachine.java:357) ~[hadoop-hdds-container-service-0.5.0-SNAPSHOT.jar:?]
	at org.apache.hadoop.ozone.container.common.transport.server.ratis.ContainerStateMachine.runCommand(ContainerStateMachine.java:364) ~[hadoop-hdds-container-service-0.5.0-SNAPSHOT.jar:?]
	at org.apache.hadoop.ozone.container.common.transport.server.ratis.ContainerStateMachine.lambda$applyTransaction$5(ContainerStateMachine.java:630) ~[hadoop-hdds-container-service-0.5.0-SNAPSHOT.jar:?]
	at java.util.concurrent.CompletableFuture$AsyncSupply.run(CompletableFuture.java:1590) [?:1.8.0_212]
	at java.util.concurrent.ThreadPoolExecutor.runWorker(ThreadPoolExecutor.java:1149) [?:1.8.0_212]
	at java.util.concurrent.ThreadPoolExecutor$Worker.run(ThreadPoolExecutor.java:624) [?:1.8.0_212]
	at java.lang.Thread.run(Thread.java:748) [?:1.8.0_212]
2019-07-14 16:35:30,194 INFO  impl.HddsDispatcher (ContainerUtils.java:logAndReturnError(146)) - Operation: WriteChunk : Trace ID: 3064d937f0a29dec:3064d937f0a29dec:0:0 : Message: ContainerID 2 does not exist : Result: CONTAINER_NOT_FOUND
2019-07-14 16:35:30,197 INFO  client.GrpcClientProtocolClient (GrpcClientProtocolClient.java:onNext(255)) - client-A04FE6D81001->6a6dfdfc-b0dc-448c-b5a6-9b2d16926b65: receive RaftClientReply:client-A04FE6D81001->6a6dfdfc-b0dc-448c-b5a6-9b2d16926b65@group-3FE76243B3D7, cid=40, SUCCESS, logIndex=9, commits[6a6dfdfc-b0dc-448c-b5a6-9b2d16926b65:c9, 809a6994-cddd-4239-ab19-d890f54eceb5:c8, c56e9eac-ce96-4317-bc9f-b13e9f3c9173:c8]
2019-07-14 16:35:30,200 ERROR storage.BlockOutputStream (BlockOutputStream.java:validateResponse(539)) - Unexpected Storage Container Exception: 
org.apache.hadoop.hdds.scm.container.common.helpers.StorageContainerException: ContainerID 2 does not exist
	at org.apache.hadoop.hdds.scm.storage.ContainerProtocolCalls.validateContainerResponse(ContainerProtocolCalls.java:536)
	at org.apache.hadoop.hdds.scm.storage.BlockOutputStream.validateResponse(BlockOutputStream.java:537)
	at org.apache.hadoop.hdds.scm.storage.BlockOutputStream.lambda$writeChunkToContainer$2(BlockOutputStream.java:615)
	at java.util.concurrent.CompletableFuture.uniApply(CompletableFuture.java:602)
	at java.util.concurrent.CompletableFuture$UniApply.tryFire(CompletableFuture.java:577)
	at java.util.concurrent.CompletableFuture$Completion.run(CompletableFuture.java:442)
	at java.util.concurrent.ThreadPoolExecutor.runWorker(ThreadPoolExecutor.java:1149)
	at java.util.concurrent.ThreadPoolExecutor$Worker.run(ThreadPoolExecutor.java:624)
	at java.lang.Thread.run(Thread.java:748)
16:35:30.213 [pool-134-thread-1] ERROR DNAudit - user=null | ip=null | op=PUT_BLOCK {blockData=[blockId=conID: 2 locID: 102440771921182966 bcsId: 0,size=12]} | ret=FAILURE
org.apache.hadoop.hdds.scm.container.common.helpers.StorageContainerException: ContainerID 2 does not exist
	at org.apache.hadoop.ozone.container.common.impl.HddsDispatcher.dispatchRequest(HddsDispatcher.java:242) ~[hadoop-hdds-container-service-0.5.0-SNAPSHOT.jar:?]
	at org.apache.hadoop.ozone.container.common.impl.HddsDispatcher.dispatch(HddsDispatcher.java:148) ~[hadoop-hdds-container-service-0.5.0-SNAPSHOT.jar:?]
	at org.apache.hadoop.ozone.container.common.transport.server.ratis.ContainerStateMachine.dispatchCommand(ContainerStateMachine.java:357) ~[hadoop-hdds-container-service-0.5.0-SNAPSHOT.jar:?]
	at org.apache.hadoop.ozone.container.common.transport.server.ratis.ContainerStateMachine.runCommand(ContainerStateMachine.java:364) ~[hadoop-hdds-container-service-0.5.0-SNAPSHOT.jar:?]
	at org.apache.hadoop.ozone.container.common.transport.server.ratis.ContainerStateMachine.lambda$applyTransaction$5(ContainerStateMachine.java:630) ~[hadoop-hdds-container-service-0.5.0-SNAPSHOT.jar:?]
	at java.util.concurrent.CompletableFuture$AsyncSupply.run(CompletableFuture.java:1590) [?:1.8.0_212]
	at java.util.concurrent.ThreadPoolExecutor.runWorker(ThreadPoolExecutor.java:1149) [?:1.8.0_212]
	at java.util.concurrent.ThreadPoolExecutor$Worker.run(ThreadPoolExecutor.java:624) [?:1.8.0_212]
	at java.lang.Thread.run(Thread.java:748) [?:1.8.0_212]
2019-07-14 16:35:30,214 INFO  impl.HddsDispatcher (ContainerUtils.java:logAndReturnError(146)) - Operation: PutBlock : Trace ID: 3cfff1b0ed7e376f:3cfff1b0ed7e376f:0:0 : Message: ContainerID 2 does not exist : Result: CONTAINER_NOT_FOUND
2019-07-14 16:35:30,217 INFO  client.GrpcClientProtocolClient (GrpcClientProtocolClient.java:onNext(255)) - client-A04FE6D81001->6a6dfdfc-b0dc-448c-b5a6-9b2d16926b65: receive RaftClientReply:client-A04FE6D81001->6a6dfdfc-b0dc-448c-b5a6-9b2d16926b65@group-3FE76243B3D7, cid=41, SUCCESS, logIndex=11, commits[6a6dfdfc-b0dc-448c-b5a6-9b2d16926b65:c11, 809a6994-cddd-4239-ab19-d890f54eceb5:c9, c56e9eac-ce96-4317-bc9f-b13e9f3c9173:c9]
]]></system-out>
  </testcase>
  <testcase name="testListKeyOnEmptyBucket" classname="org.apache.hadoop.ozone.client.rpc.TestSecureOzoneRpcClient" time="0.008"/>
  <testcase name="testReadKeyWithCorruptedDataWithMutiNodes" classname="org.apache.hadoop.ozone.client.rpc.TestSecureOzoneRpcClient" time="0.04">
    <error message="Unexpected Storage Container Exception: org.apache.hadoop.hdds.scm.container.common.helpers.StorageContainerException: ContainerID 2 does not exist" type="java.io.IOException">java.io.IOException: Unexpected Storage Container Exception: org.apache.hadoop.hdds.scm.container.common.helpers.StorageContainerException: ContainerID 2 does not exist
	at org.apache.hadoop.hdds.scm.storage.BlockOutputStream.setIoException(BlockOutputStream.java:549)
	at org.apache.hadoop.hdds.scm.storage.BlockOutputStream.validateResponse(BlockOutputStream.java:540)
	at org.apache.hadoop.hdds.scm.storage.BlockOutputStream.lambda$writeChunkToContainer$2(BlockOutputStream.java:615)
	at java.util.concurrent.CompletableFuture.uniApply(CompletableFuture.java:602)
	at java.util.concurrent.CompletableFuture$UniApply.tryFire(CompletableFuture.java:577)
	at java.util.concurrent.CompletableFuture$Completion.run(CompletableFuture.java:442)
	at java.util.concurrent.ThreadPoolExecutor.runWorker(ThreadPoolExecutor.java:1149)
	at java.util.concurrent.ThreadPoolExecutor$Worker.run(ThreadPoolExecutor.java:624)
	at java.lang.Thread.run(Thread.java:748)
Caused by: org.apache.hadoop.hdds.scm.container.common.helpers.StorageContainerException: ContainerID 2 does not exist
	at org.apache.hadoop.hdds.scm.storage.ContainerProtocolCalls.validateContainerResponse(ContainerProtocolCalls.java:536)
	at org.apache.hadoop.hdds.scm.storage.BlockOutputStream.validateResponse(BlockOutputStream.java:537)
	... 7 more
</error>
    <system-out><![CDATA[2019-07-14 16:35:30,230 INFO  rpc.RpcClient (RpcClient.java:createVolume(287)) - Creating Volume: e4c69447-e226-4d35-94cd-05cdd7cb29d4, with jenkins1000 as owner.
2019-07-14 16:35:30,233 INFO  rpc.RpcClient (RpcClient.java:createBucket(424)) - Creating Bucket: e4c69447-e226-4d35-94cd-05cdd7cb29d4/78da9914-714b-4907-a837-4351f9a852c7, with Versioning false and Storage Type set to DISK and Encryption set to false 
2019-07-14 16:35:30,245 INFO  keyvalue.KeyValueHandler (ContainerUtils.java:logAndReturnError(146)) - Operation: CreateContainer : Trace ID: 25b525a518381047:25b525a518381047:0:0 : Message: Container creation failed, due to disk out of space : Result: DISK_OUT_OF_SPACE
16:35:30.245 [pool-131-thread-10] ERROR DNAudit - user=null | ip=null | op=WRITE_CHUNK {blockData=conID: 2 locID: 102440771927212280 bcsId: 0} | ret=FAILURE
org.apache.hadoop.hdds.scm.container.common.helpers.StorageContainerException: ContainerID 2 creation failed
	at org.apache.hadoop.ozone.container.common.impl.HddsDispatcher.dispatchRequest(HddsDispatcher.java:227) ~[hadoop-hdds-container-service-0.5.0-SNAPSHOT.jar:?]
	at org.apache.hadoop.ozone.container.common.impl.HddsDispatcher.dispatch(HddsDispatcher.java:148) ~[hadoop-hdds-container-service-0.5.0-SNAPSHOT.jar:?]
	at org.apache.hadoop.ozone.container.common.transport.server.ratis.ContainerStateMachine.dispatchCommand(ContainerStateMachine.java:357) ~[hadoop-hdds-container-service-0.5.0-SNAPSHOT.jar:?]
	at org.apache.hadoop.ozone.container.common.transport.server.ratis.ContainerStateMachine.runCommand(ContainerStateMachine.java:364) ~[hadoop-hdds-container-service-0.5.0-SNAPSHOT.jar:?]
	at org.apache.hadoop.ozone.container.common.transport.server.ratis.ContainerStateMachine.lambda$handleWriteChunk$0(ContainerStateMachine.java:395) ~[hadoop-hdds-container-service-0.5.0-SNAPSHOT.jar:?]
	at java.util.concurrent.CompletableFuture$AsyncSupply.run(CompletableFuture.java:1590) [?:1.8.0_212]
	at java.util.concurrent.ThreadPoolExecutor.runWorker(ThreadPoolExecutor.java:1149) [?:1.8.0_212]
	at java.util.concurrent.ThreadPoolExecutor$Worker.run(ThreadPoolExecutor.java:624) [?:1.8.0_212]
	at java.lang.Thread.run(Thread.java:748) [?:1.8.0_212]
2019-07-14 16:35:30,245 INFO  impl.HddsDispatcher (ContainerUtils.java:logAndReturnError(146)) - Operation: WriteChunk : Trace ID: 25b525a518381047:25b525a518381047:0:0 : Message: ContainerID 2 creation failed : Result: DISK_OUT_OF_SPACE
16:35:30.259 [pool-134-thread-1] ERROR DNAudit - user=null | ip=null | op=WRITE_CHUNK {blockData=conID: 2 locID: 102440771927212280 bcsId: 0} | ret=FAILURE
org.apache.hadoop.hdds.scm.container.common.helpers.StorageContainerException: ContainerID 2 does not exist
	at org.apache.hadoop.ozone.container.common.impl.HddsDispatcher.dispatchRequest(HddsDispatcher.java:242) ~[hadoop-hdds-container-service-0.5.0-SNAPSHOT.jar:?]
	at org.apache.hadoop.ozone.container.common.impl.HddsDispatcher.dispatch(HddsDispatcher.java:148) ~[hadoop-hdds-container-service-0.5.0-SNAPSHOT.jar:?]
	at org.apache.hadoop.ozone.container.common.transport.server.ratis.ContainerStateMachine.dispatchCommand(ContainerStateMachine.java:357) ~[hadoop-hdds-container-service-0.5.0-SNAPSHOT.jar:?]
	at org.apache.hadoop.ozone.container.common.transport.server.ratis.ContainerStateMachine.runCommand(ContainerStateMachine.java:364) ~[hadoop-hdds-container-service-0.5.0-SNAPSHOT.jar:?]
	at org.apache.hadoop.ozone.container.common.transport.server.ratis.ContainerStateMachine.lambda$applyTransaction$5(ContainerStateMachine.java:630) ~[hadoop-hdds-container-service-0.5.0-SNAPSHOT.jar:?]
	at java.util.concurrent.CompletableFuture$AsyncSupply.run(CompletableFuture.java:1590) [?:1.8.0_212]
	at java.util.concurrent.ThreadPoolExecutor.runWorker(ThreadPoolExecutor.java:1149) [?:1.8.0_212]
	at java.util.concurrent.ThreadPoolExecutor$Worker.run(ThreadPoolExecutor.java:624) [?:1.8.0_212]
	at java.lang.Thread.run(Thread.java:748) [?:1.8.0_212]
2019-07-14 16:35:30,260 INFO  impl.HddsDispatcher (ContainerUtils.java:logAndReturnError(146)) - Operation: WriteChunk : Trace ID: 25b525a518381047:25b525a518381047:0:0 : Message: ContainerID 2 does not exist : Result: CONTAINER_NOT_FOUND
16:35:30.260 [pool-134-thread-1] ERROR DNAudit - user=null | ip=null | op=PUT_BLOCK {blockData=[blockId=conID: 2 locID: 102440771927212280 bcsId: 0,size=12]} | ret=FAILURE
org.apache.hadoop.hdds.scm.container.common.helpers.StorageContainerException: ContainerID 2 does not exist
	at org.apache.hadoop.ozone.container.common.impl.HddsDispatcher.dispatchRequest(HddsDispatcher.java:242) ~[hadoop-hdds-container-service-0.5.0-SNAPSHOT.jar:?]
	at org.apache.hadoop.ozone.container.common.impl.HddsDispatcher.dispatch(HddsDispatcher.java:148) ~[hadoop-hdds-container-service-0.5.0-SNAPSHOT.jar:?]
	at org.apache.hadoop.ozone.container.common.transport.server.ratis.ContainerStateMachine.dispatchCommand(ContainerStateMachine.java:357) ~[hadoop-hdds-container-service-0.5.0-SNAPSHOT.jar:?]
	at org.apache.hadoop.ozone.container.common.transport.server.ratis.ContainerStateMachine.runCommand(ContainerStateMachine.java:364) ~[hadoop-hdds-container-service-0.5.0-SNAPSHOT.jar:?]
	at org.apache.hadoop.ozone.container.common.transport.server.ratis.ContainerStateMachine.lambda$applyTransaction$5(ContainerStateMachine.java:630) ~[hadoop-hdds-container-service-0.5.0-SNAPSHOT.jar:?]
	at java.util.concurrent.CompletableFuture$AsyncSupply.run(CompletableFuture.java:1590) [?:1.8.0_212]
	at java.util.concurrent.ThreadPoolExecutor.runWorker(ThreadPoolExecutor.java:1149) [?:1.8.0_212]
	at java.util.concurrent.ThreadPoolExecutor$Worker.run(ThreadPoolExecutor.java:624) [?:1.8.0_212]
	at java.lang.Thread.run(Thread.java:748) [?:1.8.0_212]
2019-07-14 16:35:30,261 INFO  client.GrpcClientProtocolClient (GrpcClientProtocolClient.java:onNext(255)) - client-A04FE6D81001->6a6dfdfc-b0dc-448c-b5a6-9b2d16926b65: receive RaftClientReply:client-A04FE6D81001->6a6dfdfc-b0dc-448c-b5a6-9b2d16926b65@group-3FE76243B3D7, cid=42, SUCCESS, logIndex=13, commits[6a6dfdfc-b0dc-448c-b5a6-9b2d16926b65:c14, 809a6994-cddd-4239-ab19-d890f54eceb5:c12, c56e9eac-ce96-4317-bc9f-b13e9f3c9173:c12]
2019-07-14 16:35:30,261 INFO  impl.HddsDispatcher (ContainerUtils.java:logAndReturnError(146)) - Operation: PutBlock : Trace ID: a34e1d034eb67691:a34e1d034eb67691:0:0 : Message: ContainerID 2 does not exist : Result: CONTAINER_NOT_FOUND
2019-07-14 16:35:30,262 ERROR storage.BlockOutputStream (BlockOutputStream.java:validateResponse(539)) - Unexpected Storage Container Exception: 
org.apache.hadoop.hdds.scm.container.common.helpers.StorageContainerException: ContainerID 2 does not exist
	at org.apache.hadoop.hdds.scm.storage.ContainerProtocolCalls.validateContainerResponse(ContainerProtocolCalls.java:536)
	at org.apache.hadoop.hdds.scm.storage.BlockOutputStream.validateResponse(BlockOutputStream.java:537)
	at org.apache.hadoop.hdds.scm.storage.BlockOutputStream.lambda$writeChunkToContainer$2(BlockOutputStream.java:615)
	at java.util.concurrent.CompletableFuture.uniApply(CompletableFuture.java:602)
	at java.util.concurrent.CompletableFuture$UniApply.tryFire(CompletableFuture.java:577)
	at java.util.concurrent.CompletableFuture$Completion.run(CompletableFuture.java:442)
	at java.util.concurrent.ThreadPoolExecutor.runWorker(ThreadPoolExecutor.java:1149)
	at java.util.concurrent.ThreadPoolExecutor$Worker.run(ThreadPoolExecutor.java:624)
	at java.lang.Thread.run(Thread.java:748)
2019-07-14 16:35:30,263 INFO  client.GrpcClientProtocolClient (GrpcClientProtocolClient.java:onNext(255)) - client-A04FE6D81001->6a6dfdfc-b0dc-448c-b5a6-9b2d16926b65: receive RaftClientReply:client-A04FE6D81001->6a6dfdfc-b0dc-448c-b5a6-9b2d16926b65@group-3FE76243B3D7, cid=43, SUCCESS, logIndex=14, commits[6a6dfdfc-b0dc-448c-b5a6-9b2d16926b65:c14, 809a6994-cddd-4239-ab19-d890f54eceb5:c12, c56e9eac-ce96-4317-bc9f-b13e9f3c9173:c12]
]]></system-out>
  </testcase>
  <testcase name="testPutKey" classname="org.apache.hadoop.ozone.client.rpc.TestSecureOzoneRpcClient" time="0.48"/>
  <testcase name="testReadKeyWithCorruptedData" classname="org.apache.hadoop.ozone.client.rpc.TestSecureOzoneRpcClient" time="0.042">
    <error message="Unexpected Storage Container Exception: org.apache.hadoop.hdds.scm.container.common.helpers.StorageContainerException: ContainerID 6 does not exist" type="java.io.IOException">java.io.IOException: Unexpected Storage Container Exception: org.apache.hadoop.hdds.scm.container.common.helpers.StorageContainerException: ContainerID 6 does not exist
	at org.apache.hadoop.hdds.scm.storage.BlockOutputStream.setIoException(BlockOutputStream.java:549)
	at org.apache.hadoop.hdds.scm.storage.BlockOutputStream.validateResponse(BlockOutputStream.java:540)
	at org.apache.hadoop.hdds.scm.storage.BlockOutputStream.lambda$writeChunkToContainer$2(BlockOutputStream.java:615)
	at java.util.concurrent.CompletableFuture.uniApply(CompletableFuture.java:602)
	at java.util.concurrent.CompletableFuture$UniApply.tryFire(CompletableFuture.java:577)
	at java.util.concurrent.CompletableFuture$Completion.run(CompletableFuture.java:442)
	at java.util.concurrent.ThreadPoolExecutor.runWorker(ThreadPoolExecutor.java:1149)
	at java.util.concurrent.ThreadPoolExecutor$Worker.run(ThreadPoolExecutor.java:624)
	at java.lang.Thread.run(Thread.java:748)
Caused by: org.apache.hadoop.hdds.scm.container.common.helpers.StorageContainerException: ContainerID 6 does not exist
	at org.apache.hadoop.hdds.scm.storage.ContainerProtocolCalls.validateContainerResponse(ContainerProtocolCalls.java:536)
	at org.apache.hadoop.hdds.scm.storage.BlockOutputStream.validateResponse(BlockOutputStream.java:537)
	... 7 more
</error>
    <system-out><![CDATA[2019-07-14 16:35:30,751 INFO  rpc.RpcClient (RpcClient.java:createVolume(287)) - Creating Volume: 48d7dbe8-173e-417a-b673-a76ca197bfa1, with jenkins1000 as owner.
2019-07-14 16:35:30,753 INFO  rpc.RpcClient (RpcClient.java:createBucket(424)) - Creating Bucket: 48d7dbe8-173e-417a-b673-a76ca197bfa1/99c7b072-8f1d-476c-a0eb-f41aca6ce1b7, with Versioning false and Storage Type set to DISK and Encryption set to false 
2019-07-14 16:35:30,767 INFO  keyvalue.KeyValueHandler (ContainerUtils.java:logAndReturnError(146)) - Operation: CreateContainer : Trace ID: 93cd3fb5a451bca9:93cd3fb5a451bca9:0:0 : Message: Container creation failed, due to disk out of space : Result: DISK_OUT_OF_SPACE
16:35:30.767 [pool-89-thread-5] ERROR DNAudit - user=null | ip=null | op=WRITE_CHUNK {blockData=conID: 6 locID: 102440771961356558 bcsId: 0} | ret=FAILURE
org.apache.hadoop.hdds.scm.container.common.helpers.StorageContainerException: ContainerID 6 creation failed
	at org.apache.hadoop.ozone.container.common.impl.HddsDispatcher.dispatchRequest(HddsDispatcher.java:227) ~[hadoop-hdds-container-service-0.5.0-SNAPSHOT.jar:?]
	at org.apache.hadoop.ozone.container.common.impl.HddsDispatcher.dispatch(HddsDispatcher.java:148) ~[hadoop-hdds-container-service-0.5.0-SNAPSHOT.jar:?]
	at org.apache.hadoop.ozone.container.common.transport.server.ratis.ContainerStateMachine.dispatchCommand(ContainerStateMachine.java:357) ~[hadoop-hdds-container-service-0.5.0-SNAPSHOT.jar:?]
	at org.apache.hadoop.ozone.container.common.transport.server.ratis.ContainerStateMachine.runCommand(ContainerStateMachine.java:364) ~[hadoop-hdds-container-service-0.5.0-SNAPSHOT.jar:?]
	at org.apache.hadoop.ozone.container.common.transport.server.ratis.ContainerStateMachine.lambda$handleWriteChunk$0(ContainerStateMachine.java:395) ~[hadoop-hdds-container-service-0.5.0-SNAPSHOT.jar:?]
	at java.util.concurrent.CompletableFuture$AsyncSupply.run(CompletableFuture.java:1590) [?:1.8.0_212]
	at java.util.concurrent.ThreadPoolExecutor.runWorker(ThreadPoolExecutor.java:1149) [?:1.8.0_212]
	at java.util.concurrent.ThreadPoolExecutor$Worker.run(ThreadPoolExecutor.java:624) [?:1.8.0_212]
	at java.lang.Thread.run(Thread.java:748) [?:1.8.0_212]
2019-07-14 16:35:30,768 INFO  impl.HddsDispatcher (ContainerUtils.java:logAndReturnError(146)) - Operation: WriteChunk : Trace ID: 93cd3fb5a451bca9:93cd3fb5a451bca9:0:0 : Message: ContainerID 6 creation failed : Result: DISK_OUT_OF_SPACE
16:35:30.780 [pool-96-thread-1] ERROR DNAudit - user=null | ip=null | op=WRITE_CHUNK {blockData=conID: 6 locID: 102440771961356558 bcsId: 0} | ret=FAILURE
org.apache.hadoop.hdds.scm.container.common.helpers.StorageContainerException: ContainerID 6 does not exist
	at org.apache.hadoop.ozone.container.common.impl.HddsDispatcher.dispatchRequest(HddsDispatcher.java:242) ~[hadoop-hdds-container-service-0.5.0-SNAPSHOT.jar:?]
	at org.apache.hadoop.ozone.container.common.impl.HddsDispatcher.dispatch(HddsDispatcher.java:148) ~[hadoop-hdds-container-service-0.5.0-SNAPSHOT.jar:?]
	at org.apache.hadoop.ozone.container.common.transport.server.ratis.ContainerStateMachine.dispatchCommand(ContainerStateMachine.java:357) ~[hadoop-hdds-container-service-0.5.0-SNAPSHOT.jar:?]
	at org.apache.hadoop.ozone.container.common.transport.server.ratis.ContainerStateMachine.runCommand(ContainerStateMachine.java:364) ~[hadoop-hdds-container-service-0.5.0-SNAPSHOT.jar:?]
	at org.apache.hadoop.ozone.container.common.transport.server.ratis.ContainerStateMachine.lambda$applyTransaction$5(ContainerStateMachine.java:630) ~[hadoop-hdds-container-service-0.5.0-SNAPSHOT.jar:?]
	at java.util.concurrent.CompletableFuture$AsyncSupply.run(CompletableFuture.java:1590) [?:1.8.0_212]
	at java.util.concurrent.ThreadPoolExecutor.runWorker(ThreadPoolExecutor.java:1149) [?:1.8.0_212]
	at java.util.concurrent.ThreadPoolExecutor$Worker.run(ThreadPoolExecutor.java:624) [?:1.8.0_212]
	at java.lang.Thread.run(Thread.java:748) [?:1.8.0_212]
2019-07-14 16:35:30,781 INFO  impl.HddsDispatcher (ContainerUtils.java:logAndReturnError(146)) - Operation: WriteChunk : Trace ID: 93cd3fb5a451bca9:93cd3fb5a451bca9:0:0 : Message: ContainerID 6 does not exist : Result: CONTAINER_NOT_FOUND
16:35:30.782 [pool-96-thread-1] ERROR DNAudit - user=null | ip=null | op=PUT_BLOCK {blockData=[blockId=conID: 6 locID: 102440771961356558 bcsId: 0,size=12]} | ret=FAILURE
org.apache.hadoop.hdds.scm.container.common.helpers.StorageContainerException: ContainerID 6 does not exist
	at org.apache.hadoop.ozone.container.common.impl.HddsDispatcher.dispatchRequest(HddsDispatcher.java:242) ~[hadoop-hdds-container-service-0.5.0-SNAPSHOT.jar:?]
	at org.apache.hadoop.ozone.container.common.impl.HddsDispatcher.dispatch(HddsDispatcher.java:148) ~[hadoop-hdds-container-service-0.5.0-SNAPSHOT.jar:?]
	at org.apache.hadoop.ozone.container.common.transport.server.ratis.ContainerStateMachine.dispatchCommand(ContainerStateMachine.java:357) ~[hadoop-hdds-container-service-0.5.0-SNAPSHOT.jar:?]
	at org.apache.hadoop.ozone.container.common.transport.server.ratis.ContainerStateMachine.runCommand(ContainerStateMachine.java:364) ~[hadoop-hdds-container-service-0.5.0-SNAPSHOT.jar:?]
	at org.apache.hadoop.ozone.container.common.transport.server.ratis.ContainerStateMachine.lambda$applyTransaction$5(ContainerStateMachine.java:630) ~[hadoop-hdds-container-service-0.5.0-SNAPSHOT.jar:?]
	at java.util.concurrent.CompletableFuture$AsyncSupply.run(CompletableFuture.java:1590) [?:1.8.0_212]
	at java.util.concurrent.ThreadPoolExecutor.runWorker(ThreadPoolExecutor.java:1149) [?:1.8.0_212]
	at java.util.concurrent.ThreadPoolExecutor$Worker.run(ThreadPoolExecutor.java:624) [?:1.8.0_212]
	at java.lang.Thread.run(Thread.java:748) [?:1.8.0_212]
2019-07-14 16:35:30,782 INFO  impl.HddsDispatcher (ContainerUtils.java:logAndReturnError(146)) - Operation: PutBlock : Trace ID: 8481e180187da483:8481e180187da483:0:0 : Message: ContainerID 6 does not exist : Result: CONTAINER_NOT_FOUND
2019-07-14 16:35:30,783 INFO  client.GrpcClientProtocolClient (GrpcClientProtocolClient.java:onNext(255)) - client-B0BC210AE334->0d93ace1-f03e-41da-9627-e20667421560: receive RaftClientReply:client-B0BC210AE334->0d93ace1-f03e-41da-9627-e20667421560@group-9981A182374F, cid=44, SUCCESS, logIndex=5, commits[0d93ace1-f03e-41da-9627-e20667421560:c6]
2019-07-14 16:35:30,784 ERROR storage.BlockOutputStream (BlockOutputStream.java:validateResponse(539)) - Unexpected Storage Container Exception: 
org.apache.hadoop.hdds.scm.container.common.helpers.StorageContainerException: ContainerID 6 does not exist
	at org.apache.hadoop.hdds.scm.storage.ContainerProtocolCalls.validateContainerResponse(ContainerProtocolCalls.java:536)
	at org.apache.hadoop.hdds.scm.storage.BlockOutputStream.validateResponse(BlockOutputStream.java:537)
	at org.apache.hadoop.hdds.scm.storage.BlockOutputStream.lambda$writeChunkToContainer$2(BlockOutputStream.java:615)
	at java.util.concurrent.CompletableFuture.uniApply(CompletableFuture.java:602)
	at java.util.concurrent.CompletableFuture$UniApply.tryFire(CompletableFuture.java:577)
	at java.util.concurrent.CompletableFuture$Completion.run(CompletableFuture.java:442)
	at java.util.concurrent.ThreadPoolExecutor.runWorker(ThreadPoolExecutor.java:1149)
	at java.util.concurrent.ThreadPoolExecutor$Worker.run(ThreadPoolExecutor.java:624)
	at java.lang.Thread.run(Thread.java:748)
2019-07-14 16:35:30,784 INFO  client.GrpcClientProtocolClient (GrpcClientProtocolClient.java:onNext(255)) - client-B0BC210AE334->0d93ace1-f03e-41da-9627-e20667421560: receive RaftClientReply:client-B0BC210AE334->0d93ace1-f03e-41da-9627-e20667421560@group-9981A182374F, cid=45, SUCCESS, logIndex=6, commits[0d93ace1-f03e-41da-9627-e20667421560:c6]
]]></system-out>
  </testcase>
  <testcase name="testCreateBucketWithAcls" classname="org.apache.hadoop.ozone.client.rpc.TestSecureOzoneRpcClient" time="0.006"/>
  <testcase name="testMultipartUploadWithPartsMisMatchWithIncorrectPartName" classname="org.apache.hadoop.ozone.client.rpc.TestSecureOzoneRpcClient" time="0.025"/>
  <testcase name="testCreateVolumeWithMetadata" classname="org.apache.hadoop.ozone.client.rpc.TestSecureOzoneRpcClient" time="0.003"/>
  <testcase name="testCreateBucketWithMetadata" classname="org.apache.hadoop.ozone.client.rpc.TestSecureOzoneRpcClient" time="0.006"/>
  <testcase name="testListPartsWithPartMarkerGreaterThanPartCount" classname="org.apache.hadoop.ozone.client.rpc.TestSecureOzoneRpcClient" time="0.076"/>
  <testcase name="testCreateBucket" classname="org.apache.hadoop.ozone.client.rpc.TestSecureOzoneRpcClient" time="0.006"/>
  <testcase name="testUploadPartWithNoOverride" classname="org.apache.hadoop.ozone.client.rpc.TestSecureOzoneRpcClient" time="0.019"/>
  <testcase name="testInitiateMultipartUploadWithDefaultReplication" classname="org.apache.hadoop.ozone.client.rpc.TestSecureOzoneRpcClient" time="0.017"/>
</testsuite>