<?xml version="1.0" encoding="UTF-8"?>
<testsuite xmlns:xsi="http://www.w3.org/2001/XMLSchema-instance" xsi:noNamespaceSchemaLocation="https://maven.apache.org/surefire/maven-surefire-plugin/xsd/surefire-test-report.xsd" name="org.apache.hadoop.ozone.client.rpc.TestWatchForCommit" time="160.649" tests="6" errors="1" skipped="0" failures="3">
  <properties>
    <property name="awt.toolkit" value="sun.awt.X11.XToolkit"/>
    <property name="file.encoding.pkg" value="sun.io"/>
    <property name="java.specification.version" value="1.8"/>
    <property name="sun.cpu.isalist" value=""/>
    <property name="sun.jnu.encoding" value="UTF-8"/>
    <property name="java.class.path" value="/workdir/hadoop-ozone/integration-test/target/test-classes:/workdir/hadoop-ozone/integration-test/target/classes:/home/user/.m2/repository/org/apache/hadoop/hadoop-ozone-common/0.5.0-SNAPSHOT/hadoop-ozone-common-0.5.0-SNAPSHOT.jar:/home/user/.m2/repository/org/apache/commons/commons-compress/1.4.1/commons-compress-1.4.1.jar:/home/user/.m2/repository/org/tukaani/xz/1.0/xz-1.0.jar:/home/user/.m2/repository/org/apache/hadoop/hadoop-common/3.2.0/hadoop-common-3.2.0.jar:/home/user/.m2/repository/org/apache/hadoop/hadoop-hdfs/3.2.0/hadoop-hdfs-3.2.0.jar:/home/user/.m2/repository/org/apache/hadoop/hadoop-hdfs-client/3.2.0/hadoop-hdfs-client-3.2.0.jar:/home/user/.m2/repository/com/fasterxml/jackson/core/jackson-annotations/2.9.5/jackson-annotations-2.9.5.jar:/home/user/.m2/repository/org/apache/hadoop/hadoop-hdds-common/0.5.0-SNAPSHOT/hadoop-hdds-common-0.5.0-SNAPSHOT.jar:/home/user/.m2/repository/javax/annotation/javax.annotation-api/1.2/javax.annotation-api-1.2.jar:/home/user/.m2/repository/org/apache/ratis/ratis-server/0.4.0-2337318-SNAPSHOT/ratis-server-0.4.0-2337318-SNAPSHOT.jar:/home/user/.m2/repository/org/apache/ratis/ratis-thirdparty-misc/0.2.0/ratis-thirdparty-misc-0.2.0.jar:/home/user/.m2/repository/org/apache/ratis/ratis-proto/0.4.0-2337318-SNAPSHOT/ratis-proto-0.4.0-2337318-SNAPSHOT.jar:/home/user/.m2/repository/org/apache/ratis/ratis-common/0.4.0-2337318-SNAPSHOT/ratis-common-0.4.0-2337318-SNAPSHOT.jar:/home/user/.m2/repository/org/apache/ratis/ratis-client/0.4.0-2337318-SNAPSHOT/ratis-client-0.4.0-2337318-SNAPSHOT.jar:/home/user/.m2/repository/org/apache/ratis/ratis-metrics/0.4.0-2337318-SNAPSHOT/ratis-metrics-0.4.0-2337318-SNAPSHOT.jar:/home/user/.m2/repository/org/apache/ratis/ratis-netty/0.4.0-2337318-SNAPSHOT/ratis-netty-0.4.0-2337318-SNAPSHOT.jar:/home/user/.m2/repository/org/apache/ratis/ratis-grpc/0.4.0-2337318-SNAPSHOT/ratis-grpc-0.4.0-2337318-SNAPSHOT.jar:/home/user/.m2/repository/org/rocksdb/rocksdbjni/6.0.1/rocksdbjni-6.0.1.jar:/home/user/.m2/repository/org/apache/logging/log4j/log4j-api/2.11.0/log4j-api-2.11.0.jar:/home/user/.m2/repository/org/apache/logging/log4j/log4j-core/2.11.0/log4j-core-2.11.0.jar:/home/user/.m2/repository/com/lmax/disruptor/3.4.2/disruptor-3.4.2.jar:/home/user/.m2/repository/org/apache/commons/commons-pool2/2.6.0/commons-pool2-2.6.0.jar:/home/user/.m2/repository/org/bouncycastle/bcpkix-jdk15on/1.60/bcpkix-jdk15on-1.60.jar:/home/user/.m2/repository/commons-validator/commons-validator/1.6/commons-validator-1.6.jar:/home/user/.m2/repository/commons-digester/commons-digester/1.8.1/commons-digester-1.8.1.jar:/home/user/.m2/repository/io/jaegertracing/jaeger-client/0.33.1/jaeger-client-0.33.1.jar:/home/user/.m2/repository/io/jaegertracing/jaeger-thrift/0.33.1/jaeger-thrift-0.33.1.jar:/home/user/.m2/repository/org/apache/thrift/libthrift/0.11.0/libthrift-0.11.0.jar:/home/user/.m2/repository/com/squareup/okhttp3/okhttp/3.9.0/okhttp-3.9.0.jar:/home/user/.m2/repository/com/squareup/okio/okio/1.13.0/okio-1.13.0.jar:/home/user/.m2/repository/io/jaegertracing/jaeger-core/0.33.1/jaeger-core-0.33.1.jar:/home/user/.m2/repository/io/jaegertracing/jaeger-tracerresolver/0.33.1/jaeger-tracerresolver-0.33.1.jar:/home/user/.m2/repository/io/opentracing/contrib/opentracing-tracerresolver/0.1.5/opentracing-tracerresolver-0.1.5.jar:/home/user/.m2/repository/io/opentracing/opentracing-util/0.31.0/opentracing-util-0.31.0.jar:/home/user/.m2/repository/io/opentracing/opentracing-api/0.31.0/opentracing-api-0.31.0.jar:/home/user/.m2/repository/io/opentracing/opentracing-noop/0.31.0/opentracing-noop-0.31.0.jar:/home/user/.m2/repository/org/apache/hadoop/hadoop-hdds-server-framework/0.5.0-SNAPSHOT/hadoop-hdds-server-framework-0.5.0-SNAPSHOT.jar:/home/user/.m2/repository/org/apache/hadoop/hadoop-hdds-container-service/0.5.0-SNAPSHOT/hadoop-hdds-container-service-0.5.0-SNAPSHOT.jar:/home/user/.m2/repository/org/apache/hadoop/hadoop-hdds-client/0.5.0-SNAPSHOT/hadoop-hdds-client-0.5.0-SNAPSHOT.jar:/home/user/.m2/repository/org/apache/hadoop/hadoop-hdds-tools/0.5.0-SNAPSHOT/hadoop-hdds-tools-0.5.0-SNAPSHOT.jar:/home/user/.m2/repository/org/apache/hadoop/hadoop-hdds-server-scm/0.5.0-SNAPSHOT/hadoop-hdds-server-scm-0.5.0-SNAPSHOT.jar:/home/user/.m2/repository/org/apache/hadoop/hadoop-hdds-docs/0.5.0-SNAPSHOT/hadoop-hdds-docs-0.5.0-SNAPSHOT.jar:/home/user/.m2/repository/io/dropwizard/metrics/metrics-core/3.2.4/metrics-core-3.2.4.jar:/home/user/.m2/repository/org/hamcrest/hamcrest-all/1.3/hamcrest-all-1.3.jar:/home/user/.m2/repository/org/bouncycastle/bcprov-jdk15on/1.60/bcprov-jdk15on-1.60.jar:/home/user/.m2/repository/info/picocli/picocli/3.9.6/picocli-3.9.6.jar:/home/user/.m2/repository/com/google/protobuf/protobuf-java/2.5.0/protobuf-java-2.5.0.jar:/home/user/.m2/repository/com/google/guava/guava/11.0.2/guava-11.0.2.jar:/home/user/.m2/repository/org/apache/hadoop/hadoop-ozone-ozone-manager/0.5.0-SNAPSHOT/hadoop-ozone-ozone-manager-0.5.0-SNAPSHOT.jar:/home/user/.m2/repository/org/apache/hadoop/hadoop-minikdc/3.2.0/hadoop-minikdc-3.2.0.jar:/home/user/.m2/repository/commons-io/commons-io/2.5/commons-io-2.5.jar:/home/user/.m2/repository/org/apache/kerby/kerb-simplekdc/1.0.1/kerb-simplekdc-1.0.1.jar:/home/user/.m2/repository/org/apache/kerby/kerb-client/1.0.1/kerb-client-1.0.1.jar:/home/user/.m2/repository/org/apache/kerby/kerby-config/1.0.1/kerby-config-1.0.1.jar:/home/user/.m2/repository/org/apache/kerby/kerb-core/1.0.1/kerb-core-1.0.1.jar:/home/user/.m2/repository/org/apache/kerby/kerby-pkix/1.0.1/kerby-pkix-1.0.1.jar:/home/user/.m2/repository/org/apache/kerby/kerby-asn1/1.0.1/kerby-asn1-1.0.1.jar:/home/user/.m2/repository/org/apache/kerby/kerby-util/1.0.1/kerby-util-1.0.1.jar:/home/user/.m2/repository/org/apache/kerby/kerb-common/1.0.1/kerb-common-1.0.1.jar:/home/user/.m2/repository/org/apache/kerby/kerb-crypto/1.0.1/kerb-crypto-1.0.1.jar:/home/user/.m2/repository/org/apache/kerby/kerb-util/1.0.1/kerb-util-1.0.1.jar:/home/user/.m2/repository/org/apache/kerby/token-provider/1.0.1/token-provider-1.0.1.jar:/home/user/.m2/repository/org/apache/kerby/kerb-admin/1.0.1/kerb-admin-1.0.1.jar:/home/user/.m2/repository/org/apache/kerby/kerb-server/1.0.1/kerb-server-1.0.1.jar:/home/user/.m2/repository/org/apache/kerby/kerb-identity/1.0.1/kerb-identity-1.0.1.jar:/home/user/.m2/repository/org/apache/kerby/kerby-xdr/1.0.1/kerby-xdr-1.0.1.jar:/home/user/.m2/repository/org/slf4j/slf4j-log4j12/1.7.25/slf4j-log4j12-1.7.25.jar:/home/user/.m2/repository/org/apache/hadoop/hadoop-ozone-objectstore-service/0.5.0-SNAPSHOT/hadoop-ozone-objectstore-service-0.5.0-SNAPSHOT.jar:/home/user/.m2/repository/org/apache/hadoop/hadoop-ozone-s3gateway/0.5.0-SNAPSHOT/hadoop-ozone-s3gateway-0.5.0-SNAPSHOT.jar:/home/user/.m2/repository/org/jboss/weld/servlet/weld-servlet/2.4.7.Final/weld-servlet-2.4.7.Final.jar:/home/user/.m2/repository/org/glassfish/jersey/containers/jersey-container-servlet-core/2.27/jersey-container-servlet-core-2.27.jar:/home/user/.m2/repository/org/glassfish/hk2/external/javax.inject/2.5.0-b42/javax.inject-2.5.0-b42.jar:/home/user/.m2/repository/org/glassfish/jersey/core/jersey-common/2.27/jersey-common-2.27.jar:/home/user/.m2/repository/org/glassfish/hk2/osgi-resource-locator/1.0.1/osgi-resource-locator-1.0.1.jar:/home/user/.m2/repository/javax/ws/rs/javax.ws.rs-api/2.1/javax.ws.rs-api-2.1.jar:/home/user/.m2/repository/org/glassfish/jersey/ext/cdi/jersey-cdi1x/2.27/jersey-cdi1x-2.27.jar:/home/user/.m2/repository/org/glassfish/jersey/inject/jersey-hk2/2.27/jersey-hk2-2.27.jar:/home/user/.m2/repository/org/glassfish/hk2/hk2-locator/2.5.0-b42/hk2-locator-2.5.0-b42.jar:/home/user/.m2/repository/org/javassist/javassist/3.22.0-CR2/javassist-3.22.0-CR2.jar:/home/user/.m2/repository/org/glassfish/hk2/hk2-api/2.5.0/hk2-api-2.5.0.jar:/home/user/.m2/repository/org/glassfish/hk2/external/jakarta.inject/2.5.0/jakarta.inject-2.5.0.jar:/home/user/.m2/repository/org/glassfish/hk2/hk2-utils/2.5.0/hk2-utils-2.5.0.jar:/home/user/.m2/repository/jakarta/annotation/jakarta.annotation-api/1.3.4/jakarta.annotation-api-1.3.4.jar:/home/user/.m2/repository/org/glassfish/hk2/external/aopalliance-repackaged/2.5.0/aopalliance-repackaged-2.5.0.jar:/home/user/.m2/repository/com/fasterxml/jackson/dataformat/jackson-dataformat-xml/2.9.0/jackson-dataformat-xml-2.9.0.jar:/home/user/.m2/repository/com/fasterxml/jackson/core/jackson-core/2.9.5/jackson-core-2.9.5.jar:/home/user/.m2/repository/com/fasterxml/jackson/module/jackson-module-jaxb-annotations/2.9.5/jackson-module-jaxb-annotations-2.9.5.jar:/home/user/.m2/repository/javax/enterprise/cdi-api/1.2/cdi-api-1.2.jar:/home/user/.m2/repository/javax/el/javax.el-api/3.0.0/javax.el-api-3.0.0.jar:/home/user/.m2/repository/javax/interceptor/javax.interceptor-api/1.2/javax.interceptor-api-1.2.jar:/home/user/.m2/repository/javax/inject/javax.inject/1/javax.inject-1.jar:/home/user/.m2/repository/com/sun/xml/bind/jaxb-impl/2.3.0.1/jaxb-impl-2.3.0.1.jar:/home/user/.m2/repository/com/sun/xml/bind/jaxb-core/2.3.0.1/jaxb-core-2.3.0.1.jar:/home/user/.m2/repository/javax/xml/bind/jaxb-api/2.3.0/jaxb-api-2.3.0.jar:/home/user/.m2/repository/javax/activation/activation/1.1.1/activation-1.1.1.jar:/home/user/.m2/repository/org/apache/hadoop/hadoop-ozone-csi/0.5.0-SNAPSHOT/hadoop-ozone-csi-0.5.0-SNAPSHOT.jar:/home/user/.m2/repository/com/google/protobuf/protobuf-java-util/3.5.1/protobuf-java-util-3.5.1.jar:/home/user/.m2/repository/org/apache/hadoop/hadoop-hdds-config/0.5.0-SNAPSHOT/hadoop-hdds-config-0.5.0-SNAPSHOT.jar:/home/user/.m2/repository/io/grpc/grpc-netty/1.17.1/grpc-netty-1.17.1.jar:/home/user/.m2/repository/io/grpc/grpc-core/1.17.1/grpc-core-1.17.1.jar:/home/user/.m2/repository/io/grpc/grpc-context/1.17.1/grpc-context-1.17.1.jar:/home/user/.m2/repository/com/google/errorprone/error_prone_annotations/2.2.0/error_prone_annotations-2.2.0.jar:/home/user/.m2/repository/org/codehaus/mojo/animal-sniffer-annotations/1.17/animal-sniffer-annotations-1.17.jar:/home/user/.m2/repository/io/opencensus/opencensus-api/0.17.0/opencensus-api-0.17.0.jar:/home/user/.m2/repository/io/opencensus/opencensus-contrib-grpc-metrics/0.17.0/opencensus-contrib-grpc-metrics-0.17.0.jar:/home/user/.m2/repository/io/netty/netty-codec-http2/4.1.30.Final/netty-codec-http2-4.1.30.Final.jar:/home/user/.m2/repository/io/netty/netty-codec-http/4.1.30.Final/netty-codec-http-4.1.30.Final.jar:/home/user/.m2/repository/io/netty/netty-codec/4.1.30.Final/netty-codec-4.1.30.Final.jar:/home/user/.m2/repository/io/netty/netty-handler/4.1.30.Final/netty-handler-4.1.30.Final.jar:/home/user/.m2/repository/io/netty/netty-handler-proxy/4.1.30.Final/netty-handler-proxy-4.1.30.Final.jar:/home/user/.m2/repository/io/netty/netty-codec-socks/4.1.30.Final/netty-codec-socks-4.1.30.Final.jar:/home/user/.m2/repository/io/netty/netty-transport-native-epoll/4.1.30.Final/netty-transport-native-epoll-4.1.30.Final.jar:/home/user/.m2/repository/io/netty/netty-common/4.1.30.Final/netty-common-4.1.30.Final.jar:/home/user/.m2/repository/io/netty/netty-buffer/4.1.30.Final/netty-buffer-4.1.30.Final.jar:/home/user/.m2/repository/io/netty/netty-transport/4.1.30.Final/netty-transport-4.1.30.Final.jar:/home/user/.m2/repository/io/netty/netty-resolver/4.1.30.Final/netty-resolver-4.1.30.Final.jar:/home/user/.m2/repository/io/netty/netty-transport-native-unix-common/4.1.30.Final/netty-transport-native-unix-common-4.1.30.Final.jar:/home/user/.m2/repository/io/grpc/grpc-protobuf/1.17.1/grpc-protobuf-1.17.1.jar:/home/user/.m2/repository/com/google/api/grpc/proto-google-common-protos/1.0.0/proto-google-common-protos-1.0.0.jar:/home/user/.m2/repository/io/grpc/grpc-protobuf-lite/1.17.1/grpc-protobuf-lite-1.17.1.jar:/home/user/.m2/repository/io/grpc/grpc-stub/1.17.1/grpc-stub-1.17.1.jar:/home/user/.m2/repository/org/apache/hadoop/hadoop-ozone-recon/0.5.0-SNAPSHOT/hadoop-ozone-recon-0.5.0-SNAPSHOT.jar:/home/user/.m2/repository/org/apache/hadoop/hadoop-ozone-reconcodegen/0.5.0-SNAPSHOT/hadoop-ozone-reconcodegen-0.5.0-SNAPSHOT.jar:/home/user/.m2/repository/com/google/inject/extensions/guice-multibindings/4.0/guice-multibindings-4.0.jar:/home/user/.m2/repository/com/google/inject/guice/4.0/guice-4.0.jar:/home/user/.m2/repository/aopalliance/aopalliance/1.0/aopalliance-1.0.jar:/home/user/.m2/repository/com/google/inject/extensions/guice-servlet/4.0/guice-servlet-4.0.jar:/home/user/.m2/repository/org/glassfish/jersey/containers/jersey-container-servlet/2.27/jersey-container-servlet-2.27.jar:/home/user/.m2/repository/org/glassfish/hk2/guice-bridge/2.5.0/guice-bridge-2.5.0.jar:/home/user/.m2/repository/org/glassfish/jersey/core/jersey-server/2.27/jersey-server-2.27.jar:/home/user/.m2/repository/org/glassfish/jersey/core/jersey-client/2.27/jersey-client-2.27.jar:/home/user/.m2/repository/org/glassfish/jersey/media/jersey-media-jaxb/2.27/jersey-media-jaxb-2.27.jar:/home/user/.m2/repository/javax/validation/validation-api/1.1.0.Final/validation-api-1.1.0.Final.jar:/home/user/.m2/repository/org/glassfish/jersey/media/jersey-media-json-jackson/2.27/jersey-media-json-jackson-2.27.jar:/home/user/.m2/repository/org/glassfish/jersey/ext/jersey-entity-filtering/2.27/jersey-entity-filtering-2.27.jar:/home/user/.m2/repository/com/google/inject/extensions/guice-assistedinject/4.0/guice-assistedinject-4.0.jar:/home/user/.m2/repository/org/jooq/jooq/3.11.10/jooq-3.11.10.jar:/home/user/.m2/repository/org/jooq/jooq-meta/3.11.10/jooq-meta-3.11.10.jar:/home/user/.m2/repository/org/jooq/jooq-codegen/3.11.10/jooq-codegen-3.11.10.jar:/home/user/.m2/repository/com/jolbox/bonecp/0.8.0.RELEASE/bonecp-0.8.0.RELEASE.jar:/home/user/.m2/repository/org/xerial/sqlite-jdbc/3.25.2/sqlite-jdbc-3.25.2.jar:/home/user/.m2/repository/org/springframework/spring-jdbc/5.1.3.RELEASE/spring-jdbc-5.1.3.RELEASE.jar:/home/user/.m2/repository/org/springframework/spring-beans/5.1.3.RELEASE/spring-beans-5.1.3.RELEASE.jar:/home/user/.m2/repository/org/springframework/spring-core/5.1.3.RELEASE/spring-core-5.1.3.RELEASE.jar:/home/user/.m2/repository/org/springframework/spring-jcl/5.1.3.RELEASE/spring-jcl-5.1.3.RELEASE.jar:/home/user/.m2/repository/org/springframework/spring-tx/5.1.3.RELEASE/spring-tx-5.1.3.RELEASE.jar:/home/user/.m2/repository/org/apache/hadoop/hadoop-ozone-client/0.5.0-SNAPSHOT/hadoop-ozone-client-0.5.0-SNAPSHOT.jar:/home/user/.m2/repository/commons-lang/commons-lang/2.6/commons-lang-2.6.jar:/home/user/.m2/repository/org/apache/hadoop/hadoop-ozone-ozone-manager/0.5.0-SNAPSHOT/hadoop-ozone-ozone-manager-0.5.0-SNAPSHOT-tests.jar:/home/user/.m2/repository/junit/junit/4.11/junit-4.11.jar:/home/user/.m2/repository/org/hamcrest/hamcrest-core/1.3/hamcrest-core-1.3.jar:/home/user/.m2/repository/org/openjdk/jmh/jmh-core/1.19/jmh-core-1.19.jar:/home/user/.m2/repository/net/sf/jopt-simple/jopt-simple/4.6/jopt-simple-4.6.jar:/home/user/.m2/repository/org/apache/commons/commons-math3/3.1.1/commons-math3-3.1.1.jar:/home/user/.m2/repository/org/openjdk/jmh/jmh-generator-annprocess/1.19/jmh-generator-annprocess-1.19.jar:/home/user/.m2/repository/org/mockito/mockito-all/1.8.5/mockito-all-1.8.5.jar:/home/user/.m2/repository/org/apache/hadoop/hadoop-kms/3.2.0/hadoop-kms-3.2.0.jar:/home/user/.m2/repository/org/apache/hadoop/hadoop-auth/3.2.0/hadoop-auth-3.2.0.jar:/home/user/.m2/repository/com/nimbusds/nimbus-jose-jwt/4.41.1/nimbus-jose-jwt-4.41.1.jar:/home/user/.m2/repository/com/github/stephenc/jcip/jcip-annotations/1.0-1/jcip-annotations-1.0-1.jar:/home/user/.m2/repository/net/minidev/json-smart/2.3/json-smart-2.3.jar:/home/user/.m2/repository/net/minidev/accessors-smart/1.2/accessors-smart-1.2.jar:/home/user/.m2/repository/org/ow2/asm/asm/5.0.4/asm-5.0.4.jar:/home/user/.m2/repository/org/apache/curator/curator-framework/2.12.0/curator-framework-2.12.0.jar:/home/user/.m2/repository/com/sun/jersey/jersey-core/1.19/jersey-core-1.19.jar:/home/user/.m2/repository/javax/ws/rs/jsr311-api/1.1.1/jsr311-api-1.1.1.jar:/home/user/.m2/repository/com/sun/jersey/jersey-server/1.19/jersey-server-1.19.jar:/home/user/.m2/repository/javax/servlet/javax.servlet-api/3.1.0/javax.servlet-api-3.1.0.jar:/home/user/.m2/repository/org/eclipse/jetty/jetty-server/9.3.24.v20180605/jetty-server-9.3.24.v20180605.jar:/home/user/.m2/repository/org/eclipse/jetty/jetty-http/9.3.24.v20180605/jetty-http-9.3.24.v20180605.jar:/home/user/.m2/repository/org/eclipse/jetty/jetty-io/9.3.24.v20180605/jetty-io-9.3.24.v20180605.jar:/home/user/.m2/repository/org/eclipse/jetty/jetty-webapp/9.3.24.v20180605/jetty-webapp-9.3.24.v20180605.jar:/home/user/.m2/repository/org/eclipse/jetty/jetty-xml/9.3.24.v20180605/jetty-xml-9.3.24.v20180605.jar:/home/user/.m2/repository/log4j/log4j/1.2.17/log4j-1.2.17.jar:/home/user/.m2/repository/org/slf4j/slf4j-api/1.7.25/slf4j-api-1.7.25.jar:/home/user/.m2/repository/org/slf4j/jul-to-slf4j/1.7.25/jul-to-slf4j-1.7.25.jar:/home/user/.m2/repository/org/eclipse/jetty/jetty-util/9.3.24.v20180605/jetty-util-9.3.24.v20180605.jar:/home/user/.m2/repository/com/fasterxml/jackson/core/jackson-databind/2.9.5/jackson-databind-2.9.5.jar:/home/user/.m2/repository/org/apache/hadoop/hadoop-kms/3.2.0/hadoop-kms-3.2.0-tests.jar:/home/user/.m2/repository/org/apache/hadoop/hadoop-hdds-server-scm/0.5.0-SNAPSHOT/hadoop-hdds-server-scm-0.5.0-SNAPSHOT-tests.jar:/home/user/.m2/repository/org/apache/hadoop/hadoop-hdds-container-service/0.5.0-SNAPSHOT/hadoop-hdds-container-service-0.5.0-SNAPSHOT-tests.jar:/home/user/.m2/repository/org/yaml/snakeyaml/1.16/snakeyaml-1.16.jar:/home/user/.m2/repository/org/apache/hadoop/hadoop-common/3.2.0/hadoop-common-3.2.0-tests.jar:/home/user/.m2/repository/org/apache/hadoop/hadoop-annotations/3.2.0/hadoop-annotations-3.2.0.jar:/usr/lib/jvm/java-1.8-openjdk/jre/../lib/tools.jar:/home/user/.m2/repository/commons-cli/commons-cli/1.2/commons-cli-1.2.jar:/home/user/.m2/repository/org/apache/httpcomponents/httpclient/4.5.2/httpclient-4.5.2.jar:/home/user/.m2/repository/org/apache/httpcomponents/httpcore/4.4.4/httpcore-4.4.4.jar:/home/user/.m2/repository/commons-codec/commons-codec/1.11/commons-codec-1.11.jar:/home/user/.m2/repository/commons-net/commons-net/3.6/commons-net-3.6.jar:/home/user/.m2/repository/commons-collections/commons-collections/3.2.2/commons-collections-3.2.2.jar:/home/user/.m2/repository/org/eclipse/jetty/jetty-servlet/9.3.24.v20180605/jetty-servlet-9.3.24.v20180605.jar:/home/user/.m2/repository/org/eclipse/jetty/jetty-security/9.3.24.v20180605/jetty-security-9.3.24.v20180605.jar:/home/user/.m2/repository/javax/servlet/jsp/jsp-api/2.1/jsp-api-2.1.jar:/home/user/.m2/repository/com/sun/jersey/jersey-servlet/1.19/jersey-servlet-1.19.jar:/home/user/.m2/repository/com/sun/jersey/jersey-json/1.19/jersey-json-1.19.jar:/home/user/.m2/repository/org/codehaus/jettison/jettison/1.1/jettison-1.1.jar:/home/user/.m2/repository/org/codehaus/jackson/jackson-core-asl/1.9.13/jackson-core-asl-1.9.13.jar:/home/user/.m2/repository/org/codehaus/jackson/jackson-mapper-asl/1.9.13/jackson-mapper-asl-1.9.13.jar:/home/user/.m2/repository/org/codehaus/jackson/jackson-jaxrs/1.9.13/jackson-jaxrs-1.9.13.jar:/home/user/.m2/repository/org/codehaus/jackson/jackson-xc/1.9.13/jackson-xc-1.9.13.jar:/home/user/.m2/repository/commons-logging/commons-logging/1.1.3/commons-logging-1.1.3.jar:/home/user/.m2/repository/commons-beanutils/commons-beanutils/1.9.3/commons-beanutils-1.9.3.jar:/home/user/.m2/repository/org/apache/commons/commons-configuration2/2.1.1/commons-configuration2-2.1.1.jar:/home/user/.m2/repository/org/apache/commons/commons-lang3/3.7/commons-lang3-3.7.jar:/home/user/.m2/repository/org/apache/commons/commons-text/1.4/commons-text-1.4.jar:/home/user/.m2/repository/org/apache/avro/avro/1.7.7/avro-1.7.7.jar:/home/user/.m2/repository/com/thoughtworks/paranamer/paranamer/2.3/paranamer-2.3.jar:/home/user/.m2/repository/org/xerial/snappy/snappy-java/1.0.5/snappy-java-1.0.5.jar:/home/user/.m2/repository/com/google/re2j/re2j/1.1/re2j-1.1.jar:/home/user/.m2/repository/com/google/code/gson/gson/2.2.4/gson-2.2.4.jar:/home/user/.m2/repository/com/jcraft/jsch/0.1.54/jsch-0.1.54.jar:/home/user/.m2/repository/org/apache/curator/curator-client/2.12.0/curator-client-2.12.0.jar:/home/user/.m2/repository/org/apache/curator/curator-recipes/2.12.0/curator-recipes-2.12.0.jar:/home/user/.m2/repository/com/google/code/findbugs/jsr305/3.0.0/jsr305-3.0.0.jar:/home/user/.m2/repository/org/apache/htrace/htrace-core4/4.1.0-incubating/htrace-core4-4.1.0-incubating.jar:/home/user/.m2/repository/org/apache/zookeeper/zookeeper/3.4.13/zookeeper-3.4.13.jar:/home/user/.m2/repository/org/apache/yetus/audience-annotations/0.5.0/audience-annotations-0.5.0.jar:/home/user/.m2/repository/org/codehaus/woodstox/stax2-api/3.1.4/stax2-api-3.1.4.jar:/home/user/.m2/repository/com/fasterxml/woodstox/woodstox-core/5.0.3/woodstox-core-5.0.3.jar:/home/user/.m2/repository/dnsjava/dnsjava/2.1.7/dnsjava-2.1.7.jar:/home/user/.m2/repository/org/apache/hadoop/hadoop-hdfs/3.2.0/hadoop-hdfs-3.2.0-tests.jar:/home/user/.m2/repository/org/eclipse/jetty/jetty-util-ajax/9.3.24.v20180605/jetty-util-ajax-9.3.24.v20180605.jar:/home/user/.m2/repository/commons-daemon/commons-daemon/1.0.13/commons-daemon-1.0.13.jar:/home/user/.m2/repository/io/netty/netty/3.10.5.Final/netty-3.10.5.Final.jar:/home/user/.m2/repository/io/netty/netty-all/4.0.52.Final/netty-all-4.0.52.Final.jar:/home/user/.m2/repository/org/fusesource/leveldbjni/leveldbjni-all/1.8/leveldbjni-all-1.8.jar:"/>
    <property name="java.vm.vendor" value="IcedTea"/>
    <property name="sun.arch.data.model" value="64"/>
    <property name="test.build.dir" value="/workdir/hadoop-ozone/integration-test/target/test-dir"/>
    <property name="test.cache.data" value=""/>
    <property name="java.vendor.url" value="https://icedtea.classpath.org"/>
    <property name="user.timezone" value=""/>
    <property name="java.vm.specification.version" value="1.8"/>
    <property name="os.name" value="Linux"/>
    <property name="test.build.data" value="/workdir/hadoop-ozone/integration-test/target/test-dir"/>
    <property name="user.country" value="US"/>
    <property name="sun.java.launcher" value="SUN_STANDARD"/>
    <property name="sun.boot.library.path" value="/usr/lib/jvm/java-1.8-openjdk/jre/lib/amd64"/>
    <property name="sun.java.command" value="/workdir/hadoop-ozone/integration-test/target/surefire/surefirebooter1436468257230115183.jar /workdir/hadoop-ozone/integration-test/target/surefire 2019-07-14T15-23-37_400-jvmRun1 surefire5374967853608614293tmp surefire_797118779631842857720tmp"/>
    <property name="surefire.test.class.path" value="/workdir/hadoop-ozone/integration-test/target/test-classes:/workdir/hadoop-ozone/integration-test/target/classes:/home/user/.m2/repository/org/apache/hadoop/hadoop-ozone-common/0.5.0-SNAPSHOT/hadoop-ozone-common-0.5.0-SNAPSHOT.jar:/home/user/.m2/repository/org/apache/commons/commons-compress/1.4.1/commons-compress-1.4.1.jar:/home/user/.m2/repository/org/tukaani/xz/1.0/xz-1.0.jar:/home/user/.m2/repository/org/apache/hadoop/hadoop-common/3.2.0/hadoop-common-3.2.0.jar:/home/user/.m2/repository/org/apache/hadoop/hadoop-hdfs/3.2.0/hadoop-hdfs-3.2.0.jar:/home/user/.m2/repository/org/apache/hadoop/hadoop-hdfs-client/3.2.0/hadoop-hdfs-client-3.2.0.jar:/home/user/.m2/repository/com/fasterxml/jackson/core/jackson-annotations/2.9.5/jackson-annotations-2.9.5.jar:/home/user/.m2/repository/org/apache/hadoop/hadoop-hdds-common/0.5.0-SNAPSHOT/hadoop-hdds-common-0.5.0-SNAPSHOT.jar:/home/user/.m2/repository/javax/annotation/javax.annotation-api/1.2/javax.annotation-api-1.2.jar:/home/user/.m2/repository/org/apache/ratis/ratis-server/0.4.0-2337318-SNAPSHOT/ratis-server-0.4.0-2337318-SNAPSHOT.jar:/home/user/.m2/repository/org/apache/ratis/ratis-thirdparty-misc/0.2.0/ratis-thirdparty-misc-0.2.0.jar:/home/user/.m2/repository/org/apache/ratis/ratis-proto/0.4.0-2337318-SNAPSHOT/ratis-proto-0.4.0-2337318-SNAPSHOT.jar:/home/user/.m2/repository/org/apache/ratis/ratis-common/0.4.0-2337318-SNAPSHOT/ratis-common-0.4.0-2337318-SNAPSHOT.jar:/home/user/.m2/repository/org/apache/ratis/ratis-client/0.4.0-2337318-SNAPSHOT/ratis-client-0.4.0-2337318-SNAPSHOT.jar:/home/user/.m2/repository/org/apache/ratis/ratis-metrics/0.4.0-2337318-SNAPSHOT/ratis-metrics-0.4.0-2337318-SNAPSHOT.jar:/home/user/.m2/repository/org/apache/ratis/ratis-netty/0.4.0-2337318-SNAPSHOT/ratis-netty-0.4.0-2337318-SNAPSHOT.jar:/home/user/.m2/repository/org/apache/ratis/ratis-grpc/0.4.0-2337318-SNAPSHOT/ratis-grpc-0.4.0-2337318-SNAPSHOT.jar:/home/user/.m2/repository/org/rocksdb/rocksdbjni/6.0.1/rocksdbjni-6.0.1.jar:/home/user/.m2/repository/org/apache/logging/log4j/log4j-api/2.11.0/log4j-api-2.11.0.jar:/home/user/.m2/repository/org/apache/logging/log4j/log4j-core/2.11.0/log4j-core-2.11.0.jar:/home/user/.m2/repository/com/lmax/disruptor/3.4.2/disruptor-3.4.2.jar:/home/user/.m2/repository/org/apache/commons/commons-pool2/2.6.0/commons-pool2-2.6.0.jar:/home/user/.m2/repository/org/bouncycastle/bcpkix-jdk15on/1.60/bcpkix-jdk15on-1.60.jar:/home/user/.m2/repository/commons-validator/commons-validator/1.6/commons-validator-1.6.jar:/home/user/.m2/repository/commons-digester/commons-digester/1.8.1/commons-digester-1.8.1.jar:/home/user/.m2/repository/io/jaegertracing/jaeger-client/0.33.1/jaeger-client-0.33.1.jar:/home/user/.m2/repository/io/jaegertracing/jaeger-thrift/0.33.1/jaeger-thrift-0.33.1.jar:/home/user/.m2/repository/org/apache/thrift/libthrift/0.11.0/libthrift-0.11.0.jar:/home/user/.m2/repository/com/squareup/okhttp3/okhttp/3.9.0/okhttp-3.9.0.jar:/home/user/.m2/repository/com/squareup/okio/okio/1.13.0/okio-1.13.0.jar:/home/user/.m2/repository/io/jaegertracing/jaeger-core/0.33.1/jaeger-core-0.33.1.jar:/home/user/.m2/repository/io/jaegertracing/jaeger-tracerresolver/0.33.1/jaeger-tracerresolver-0.33.1.jar:/home/user/.m2/repository/io/opentracing/contrib/opentracing-tracerresolver/0.1.5/opentracing-tracerresolver-0.1.5.jar:/home/user/.m2/repository/io/opentracing/opentracing-util/0.31.0/opentracing-util-0.31.0.jar:/home/user/.m2/repository/io/opentracing/opentracing-api/0.31.0/opentracing-api-0.31.0.jar:/home/user/.m2/repository/io/opentracing/opentracing-noop/0.31.0/opentracing-noop-0.31.0.jar:/home/user/.m2/repository/org/apache/hadoop/hadoop-hdds-server-framework/0.5.0-SNAPSHOT/hadoop-hdds-server-framework-0.5.0-SNAPSHOT.jar:/home/user/.m2/repository/org/apache/hadoop/hadoop-hdds-container-service/0.5.0-SNAPSHOT/hadoop-hdds-container-service-0.5.0-SNAPSHOT.jar:/home/user/.m2/repository/org/apache/hadoop/hadoop-hdds-client/0.5.0-SNAPSHOT/hadoop-hdds-client-0.5.0-SNAPSHOT.jar:/home/user/.m2/repository/org/apache/hadoop/hadoop-hdds-tools/0.5.0-SNAPSHOT/hadoop-hdds-tools-0.5.0-SNAPSHOT.jar:/home/user/.m2/repository/org/apache/hadoop/hadoop-hdds-server-scm/0.5.0-SNAPSHOT/hadoop-hdds-server-scm-0.5.0-SNAPSHOT.jar:/home/user/.m2/repository/org/apache/hadoop/hadoop-hdds-docs/0.5.0-SNAPSHOT/hadoop-hdds-docs-0.5.0-SNAPSHOT.jar:/home/user/.m2/repository/io/dropwizard/metrics/metrics-core/3.2.4/metrics-core-3.2.4.jar:/home/user/.m2/repository/org/hamcrest/hamcrest-all/1.3/hamcrest-all-1.3.jar:/home/user/.m2/repository/org/bouncycastle/bcprov-jdk15on/1.60/bcprov-jdk15on-1.60.jar:/home/user/.m2/repository/info/picocli/picocli/3.9.6/picocli-3.9.6.jar:/home/user/.m2/repository/com/google/protobuf/protobuf-java/2.5.0/protobuf-java-2.5.0.jar:/home/user/.m2/repository/com/google/guava/guava/11.0.2/guava-11.0.2.jar:/home/user/.m2/repository/org/apache/hadoop/hadoop-ozone-ozone-manager/0.5.0-SNAPSHOT/hadoop-ozone-ozone-manager-0.5.0-SNAPSHOT.jar:/home/user/.m2/repository/org/apache/hadoop/hadoop-minikdc/3.2.0/hadoop-minikdc-3.2.0.jar:/home/user/.m2/repository/commons-io/commons-io/2.5/commons-io-2.5.jar:/home/user/.m2/repository/org/apache/kerby/kerb-simplekdc/1.0.1/kerb-simplekdc-1.0.1.jar:/home/user/.m2/repository/org/apache/kerby/kerb-client/1.0.1/kerb-client-1.0.1.jar:/home/user/.m2/repository/org/apache/kerby/kerby-config/1.0.1/kerby-config-1.0.1.jar:/home/user/.m2/repository/org/apache/kerby/kerb-core/1.0.1/kerb-core-1.0.1.jar:/home/user/.m2/repository/org/apache/kerby/kerby-pkix/1.0.1/kerby-pkix-1.0.1.jar:/home/user/.m2/repository/org/apache/kerby/kerby-asn1/1.0.1/kerby-asn1-1.0.1.jar:/home/user/.m2/repository/org/apache/kerby/kerby-util/1.0.1/kerby-util-1.0.1.jar:/home/user/.m2/repository/org/apache/kerby/kerb-common/1.0.1/kerb-common-1.0.1.jar:/home/user/.m2/repository/org/apache/kerby/kerb-crypto/1.0.1/kerb-crypto-1.0.1.jar:/home/user/.m2/repository/org/apache/kerby/kerb-util/1.0.1/kerb-util-1.0.1.jar:/home/user/.m2/repository/org/apache/kerby/token-provider/1.0.1/token-provider-1.0.1.jar:/home/user/.m2/repository/org/apache/kerby/kerb-admin/1.0.1/kerb-admin-1.0.1.jar:/home/user/.m2/repository/org/apache/kerby/kerb-server/1.0.1/kerb-server-1.0.1.jar:/home/user/.m2/repository/org/apache/kerby/kerb-identity/1.0.1/kerb-identity-1.0.1.jar:/home/user/.m2/repository/org/apache/kerby/kerby-xdr/1.0.1/kerby-xdr-1.0.1.jar:/home/user/.m2/repository/org/slf4j/slf4j-log4j12/1.7.25/slf4j-log4j12-1.7.25.jar:/home/user/.m2/repository/org/apache/hadoop/hadoop-ozone-objectstore-service/0.5.0-SNAPSHOT/hadoop-ozone-objectstore-service-0.5.0-SNAPSHOT.jar:/home/user/.m2/repository/org/apache/hadoop/hadoop-ozone-s3gateway/0.5.0-SNAPSHOT/hadoop-ozone-s3gateway-0.5.0-SNAPSHOT.jar:/home/user/.m2/repository/org/jboss/weld/servlet/weld-servlet/2.4.7.Final/weld-servlet-2.4.7.Final.jar:/home/user/.m2/repository/org/glassfish/jersey/containers/jersey-container-servlet-core/2.27/jersey-container-servlet-core-2.27.jar:/home/user/.m2/repository/org/glassfish/hk2/external/javax.inject/2.5.0-b42/javax.inject-2.5.0-b42.jar:/home/user/.m2/repository/org/glassfish/jersey/core/jersey-common/2.27/jersey-common-2.27.jar:/home/user/.m2/repository/org/glassfish/hk2/osgi-resource-locator/1.0.1/osgi-resource-locator-1.0.1.jar:/home/user/.m2/repository/javax/ws/rs/javax.ws.rs-api/2.1/javax.ws.rs-api-2.1.jar:/home/user/.m2/repository/org/glassfish/jersey/ext/cdi/jersey-cdi1x/2.27/jersey-cdi1x-2.27.jar:/home/user/.m2/repository/org/glassfish/jersey/inject/jersey-hk2/2.27/jersey-hk2-2.27.jar:/home/user/.m2/repository/org/glassfish/hk2/hk2-locator/2.5.0-b42/hk2-locator-2.5.0-b42.jar:/home/user/.m2/repository/org/javassist/javassist/3.22.0-CR2/javassist-3.22.0-CR2.jar:/home/user/.m2/repository/org/glassfish/hk2/hk2-api/2.5.0/hk2-api-2.5.0.jar:/home/user/.m2/repository/org/glassfish/hk2/external/jakarta.inject/2.5.0/jakarta.inject-2.5.0.jar:/home/user/.m2/repository/org/glassfish/hk2/hk2-utils/2.5.0/hk2-utils-2.5.0.jar:/home/user/.m2/repository/jakarta/annotation/jakarta.annotation-api/1.3.4/jakarta.annotation-api-1.3.4.jar:/home/user/.m2/repository/org/glassfish/hk2/external/aopalliance-repackaged/2.5.0/aopalliance-repackaged-2.5.0.jar:/home/user/.m2/repository/com/fasterxml/jackson/dataformat/jackson-dataformat-xml/2.9.0/jackson-dataformat-xml-2.9.0.jar:/home/user/.m2/repository/com/fasterxml/jackson/core/jackson-core/2.9.5/jackson-core-2.9.5.jar:/home/user/.m2/repository/com/fasterxml/jackson/module/jackson-module-jaxb-annotations/2.9.5/jackson-module-jaxb-annotations-2.9.5.jar:/home/user/.m2/repository/javax/enterprise/cdi-api/1.2/cdi-api-1.2.jar:/home/user/.m2/repository/javax/el/javax.el-api/3.0.0/javax.el-api-3.0.0.jar:/home/user/.m2/repository/javax/interceptor/javax.interceptor-api/1.2/javax.interceptor-api-1.2.jar:/home/user/.m2/repository/javax/inject/javax.inject/1/javax.inject-1.jar:/home/user/.m2/repository/com/sun/xml/bind/jaxb-impl/2.3.0.1/jaxb-impl-2.3.0.1.jar:/home/user/.m2/repository/com/sun/xml/bind/jaxb-core/2.3.0.1/jaxb-core-2.3.0.1.jar:/home/user/.m2/repository/javax/xml/bind/jaxb-api/2.3.0/jaxb-api-2.3.0.jar:/home/user/.m2/repository/javax/activation/activation/1.1.1/activation-1.1.1.jar:/home/user/.m2/repository/org/apache/hadoop/hadoop-ozone-csi/0.5.0-SNAPSHOT/hadoop-ozone-csi-0.5.0-SNAPSHOT.jar:/home/user/.m2/repository/com/google/protobuf/protobuf-java-util/3.5.1/protobuf-java-util-3.5.1.jar:/home/user/.m2/repository/org/apache/hadoop/hadoop-hdds-config/0.5.0-SNAPSHOT/hadoop-hdds-config-0.5.0-SNAPSHOT.jar:/home/user/.m2/repository/io/grpc/grpc-netty/1.17.1/grpc-netty-1.17.1.jar:/home/user/.m2/repository/io/grpc/grpc-core/1.17.1/grpc-core-1.17.1.jar:/home/user/.m2/repository/io/grpc/grpc-context/1.17.1/grpc-context-1.17.1.jar:/home/user/.m2/repository/com/google/errorprone/error_prone_annotations/2.2.0/error_prone_annotations-2.2.0.jar:/home/user/.m2/repository/org/codehaus/mojo/animal-sniffer-annotations/1.17/animal-sniffer-annotations-1.17.jar:/home/user/.m2/repository/io/opencensus/opencensus-api/0.17.0/opencensus-api-0.17.0.jar:/home/user/.m2/repository/io/opencensus/opencensus-contrib-grpc-metrics/0.17.0/opencensus-contrib-grpc-metrics-0.17.0.jar:/home/user/.m2/repository/io/netty/netty-codec-http2/4.1.30.Final/netty-codec-http2-4.1.30.Final.jar:/home/user/.m2/repository/io/netty/netty-codec-http/4.1.30.Final/netty-codec-http-4.1.30.Final.jar:/home/user/.m2/repository/io/netty/netty-codec/4.1.30.Final/netty-codec-4.1.30.Final.jar:/home/user/.m2/repository/io/netty/netty-handler/4.1.30.Final/netty-handler-4.1.30.Final.jar:/home/user/.m2/repository/io/netty/netty-handler-proxy/4.1.30.Final/netty-handler-proxy-4.1.30.Final.jar:/home/user/.m2/repository/io/netty/netty-codec-socks/4.1.30.Final/netty-codec-socks-4.1.30.Final.jar:/home/user/.m2/repository/io/netty/netty-transport-native-epoll/4.1.30.Final/netty-transport-native-epoll-4.1.30.Final.jar:/home/user/.m2/repository/io/netty/netty-common/4.1.30.Final/netty-common-4.1.30.Final.jar:/home/user/.m2/repository/io/netty/netty-buffer/4.1.30.Final/netty-buffer-4.1.30.Final.jar:/home/user/.m2/repository/io/netty/netty-transport/4.1.30.Final/netty-transport-4.1.30.Final.jar:/home/user/.m2/repository/io/netty/netty-resolver/4.1.30.Final/netty-resolver-4.1.30.Final.jar:/home/user/.m2/repository/io/netty/netty-transport-native-unix-common/4.1.30.Final/netty-transport-native-unix-common-4.1.30.Final.jar:/home/user/.m2/repository/io/grpc/grpc-protobuf/1.17.1/grpc-protobuf-1.17.1.jar:/home/user/.m2/repository/com/google/api/grpc/proto-google-common-protos/1.0.0/proto-google-common-protos-1.0.0.jar:/home/user/.m2/repository/io/grpc/grpc-protobuf-lite/1.17.1/grpc-protobuf-lite-1.17.1.jar:/home/user/.m2/repository/io/grpc/grpc-stub/1.17.1/grpc-stub-1.17.1.jar:/home/user/.m2/repository/org/apache/hadoop/hadoop-ozone-recon/0.5.0-SNAPSHOT/hadoop-ozone-recon-0.5.0-SNAPSHOT.jar:/home/user/.m2/repository/org/apache/hadoop/hadoop-ozone-reconcodegen/0.5.0-SNAPSHOT/hadoop-ozone-reconcodegen-0.5.0-SNAPSHOT.jar:/home/user/.m2/repository/com/google/inject/extensions/guice-multibindings/4.0/guice-multibindings-4.0.jar:/home/user/.m2/repository/com/google/inject/guice/4.0/guice-4.0.jar:/home/user/.m2/repository/aopalliance/aopalliance/1.0/aopalliance-1.0.jar:/home/user/.m2/repository/com/google/inject/extensions/guice-servlet/4.0/guice-servlet-4.0.jar:/home/user/.m2/repository/org/glassfish/jersey/containers/jersey-container-servlet/2.27/jersey-container-servlet-2.27.jar:/home/user/.m2/repository/org/glassfish/hk2/guice-bridge/2.5.0/guice-bridge-2.5.0.jar:/home/user/.m2/repository/org/glassfish/jersey/core/jersey-server/2.27/jersey-server-2.27.jar:/home/user/.m2/repository/org/glassfish/jersey/core/jersey-client/2.27/jersey-client-2.27.jar:/home/user/.m2/repository/org/glassfish/jersey/media/jersey-media-jaxb/2.27/jersey-media-jaxb-2.27.jar:/home/user/.m2/repository/javax/validation/validation-api/1.1.0.Final/validation-api-1.1.0.Final.jar:/home/user/.m2/repository/org/glassfish/jersey/media/jersey-media-json-jackson/2.27/jersey-media-json-jackson-2.27.jar:/home/user/.m2/repository/org/glassfish/jersey/ext/jersey-entity-filtering/2.27/jersey-entity-filtering-2.27.jar:/home/user/.m2/repository/com/google/inject/extensions/guice-assistedinject/4.0/guice-assistedinject-4.0.jar:/home/user/.m2/repository/org/jooq/jooq/3.11.10/jooq-3.11.10.jar:/home/user/.m2/repository/org/jooq/jooq-meta/3.11.10/jooq-meta-3.11.10.jar:/home/user/.m2/repository/org/jooq/jooq-codegen/3.11.10/jooq-codegen-3.11.10.jar:/home/user/.m2/repository/com/jolbox/bonecp/0.8.0.RELEASE/bonecp-0.8.0.RELEASE.jar:/home/user/.m2/repository/org/xerial/sqlite-jdbc/3.25.2/sqlite-jdbc-3.25.2.jar:/home/user/.m2/repository/org/springframework/spring-jdbc/5.1.3.RELEASE/spring-jdbc-5.1.3.RELEASE.jar:/home/user/.m2/repository/org/springframework/spring-beans/5.1.3.RELEASE/spring-beans-5.1.3.RELEASE.jar:/home/user/.m2/repository/org/springframework/spring-core/5.1.3.RELEASE/spring-core-5.1.3.RELEASE.jar:/home/user/.m2/repository/org/springframework/spring-jcl/5.1.3.RELEASE/spring-jcl-5.1.3.RELEASE.jar:/home/user/.m2/repository/org/springframework/spring-tx/5.1.3.RELEASE/spring-tx-5.1.3.RELEASE.jar:/home/user/.m2/repository/org/apache/hadoop/hadoop-ozone-client/0.5.0-SNAPSHOT/hadoop-ozone-client-0.5.0-SNAPSHOT.jar:/home/user/.m2/repository/commons-lang/commons-lang/2.6/commons-lang-2.6.jar:/home/user/.m2/repository/org/apache/hadoop/hadoop-ozone-ozone-manager/0.5.0-SNAPSHOT/hadoop-ozone-ozone-manager-0.5.0-SNAPSHOT-tests.jar:/home/user/.m2/repository/junit/junit/4.11/junit-4.11.jar:/home/user/.m2/repository/org/hamcrest/hamcrest-core/1.3/hamcrest-core-1.3.jar:/home/user/.m2/repository/org/openjdk/jmh/jmh-core/1.19/jmh-core-1.19.jar:/home/user/.m2/repository/net/sf/jopt-simple/jopt-simple/4.6/jopt-simple-4.6.jar:/home/user/.m2/repository/org/apache/commons/commons-math3/3.1.1/commons-math3-3.1.1.jar:/home/user/.m2/repository/org/openjdk/jmh/jmh-generator-annprocess/1.19/jmh-generator-annprocess-1.19.jar:/home/user/.m2/repository/org/mockito/mockito-all/1.8.5/mockito-all-1.8.5.jar:/home/user/.m2/repository/org/apache/hadoop/hadoop-kms/3.2.0/hadoop-kms-3.2.0.jar:/home/user/.m2/repository/org/apache/hadoop/hadoop-auth/3.2.0/hadoop-auth-3.2.0.jar:/home/user/.m2/repository/com/nimbusds/nimbus-jose-jwt/4.41.1/nimbus-jose-jwt-4.41.1.jar:/home/user/.m2/repository/com/github/stephenc/jcip/jcip-annotations/1.0-1/jcip-annotations-1.0-1.jar:/home/user/.m2/repository/net/minidev/json-smart/2.3/json-smart-2.3.jar:/home/user/.m2/repository/net/minidev/accessors-smart/1.2/accessors-smart-1.2.jar:/home/user/.m2/repository/org/ow2/asm/asm/5.0.4/asm-5.0.4.jar:/home/user/.m2/repository/org/apache/curator/curator-framework/2.12.0/curator-framework-2.12.0.jar:/home/user/.m2/repository/com/sun/jersey/jersey-core/1.19/jersey-core-1.19.jar:/home/user/.m2/repository/javax/ws/rs/jsr311-api/1.1.1/jsr311-api-1.1.1.jar:/home/user/.m2/repository/com/sun/jersey/jersey-server/1.19/jersey-server-1.19.jar:/home/user/.m2/repository/javax/servlet/javax.servlet-api/3.1.0/javax.servlet-api-3.1.0.jar:/home/user/.m2/repository/org/eclipse/jetty/jetty-server/9.3.24.v20180605/jetty-server-9.3.24.v20180605.jar:/home/user/.m2/repository/org/eclipse/jetty/jetty-http/9.3.24.v20180605/jetty-http-9.3.24.v20180605.jar:/home/user/.m2/repository/org/eclipse/jetty/jetty-io/9.3.24.v20180605/jetty-io-9.3.24.v20180605.jar:/home/user/.m2/repository/org/eclipse/jetty/jetty-webapp/9.3.24.v20180605/jetty-webapp-9.3.24.v20180605.jar:/home/user/.m2/repository/org/eclipse/jetty/jetty-xml/9.3.24.v20180605/jetty-xml-9.3.24.v20180605.jar:/home/user/.m2/repository/log4j/log4j/1.2.17/log4j-1.2.17.jar:/home/user/.m2/repository/org/slf4j/slf4j-api/1.7.25/slf4j-api-1.7.25.jar:/home/user/.m2/repository/org/slf4j/jul-to-slf4j/1.7.25/jul-to-slf4j-1.7.25.jar:/home/user/.m2/repository/org/eclipse/jetty/jetty-util/9.3.24.v20180605/jetty-util-9.3.24.v20180605.jar:/home/user/.m2/repository/com/fasterxml/jackson/core/jackson-databind/2.9.5/jackson-databind-2.9.5.jar:/home/user/.m2/repository/org/apache/hadoop/hadoop-kms/3.2.0/hadoop-kms-3.2.0-tests.jar:/home/user/.m2/repository/org/apache/hadoop/hadoop-hdds-server-scm/0.5.0-SNAPSHOT/hadoop-hdds-server-scm-0.5.0-SNAPSHOT-tests.jar:/home/user/.m2/repository/org/apache/hadoop/hadoop-hdds-container-service/0.5.0-SNAPSHOT/hadoop-hdds-container-service-0.5.0-SNAPSHOT-tests.jar:/home/user/.m2/repository/org/yaml/snakeyaml/1.16/snakeyaml-1.16.jar:/home/user/.m2/repository/org/apache/hadoop/hadoop-common/3.2.0/hadoop-common-3.2.0-tests.jar:/home/user/.m2/repository/org/apache/hadoop/hadoop-annotations/3.2.0/hadoop-annotations-3.2.0.jar:/usr/lib/jvm/java-1.8-openjdk/jre/../lib/tools.jar:/home/user/.m2/repository/commons-cli/commons-cli/1.2/commons-cli-1.2.jar:/home/user/.m2/repository/org/apache/httpcomponents/httpclient/4.5.2/httpclient-4.5.2.jar:/home/user/.m2/repository/org/apache/httpcomponents/httpcore/4.4.4/httpcore-4.4.4.jar:/home/user/.m2/repository/commons-codec/commons-codec/1.11/commons-codec-1.11.jar:/home/user/.m2/repository/commons-net/commons-net/3.6/commons-net-3.6.jar:/home/user/.m2/repository/commons-collections/commons-collections/3.2.2/commons-collections-3.2.2.jar:/home/user/.m2/repository/org/eclipse/jetty/jetty-servlet/9.3.24.v20180605/jetty-servlet-9.3.24.v20180605.jar:/home/user/.m2/repository/org/eclipse/jetty/jetty-security/9.3.24.v20180605/jetty-security-9.3.24.v20180605.jar:/home/user/.m2/repository/javax/servlet/jsp/jsp-api/2.1/jsp-api-2.1.jar:/home/user/.m2/repository/com/sun/jersey/jersey-servlet/1.19/jersey-servlet-1.19.jar:/home/user/.m2/repository/com/sun/jersey/jersey-json/1.19/jersey-json-1.19.jar:/home/user/.m2/repository/org/codehaus/jettison/jettison/1.1/jettison-1.1.jar:/home/user/.m2/repository/org/codehaus/jackson/jackson-core-asl/1.9.13/jackson-core-asl-1.9.13.jar:/home/user/.m2/repository/org/codehaus/jackson/jackson-mapper-asl/1.9.13/jackson-mapper-asl-1.9.13.jar:/home/user/.m2/repository/org/codehaus/jackson/jackson-jaxrs/1.9.13/jackson-jaxrs-1.9.13.jar:/home/user/.m2/repository/org/codehaus/jackson/jackson-xc/1.9.13/jackson-xc-1.9.13.jar:/home/user/.m2/repository/commons-logging/commons-logging/1.1.3/commons-logging-1.1.3.jar:/home/user/.m2/repository/commons-beanutils/commons-beanutils/1.9.3/commons-beanutils-1.9.3.jar:/home/user/.m2/repository/org/apache/commons/commons-configuration2/2.1.1/commons-configuration2-2.1.1.jar:/home/user/.m2/repository/org/apache/commons/commons-lang3/3.7/commons-lang3-3.7.jar:/home/user/.m2/repository/org/apache/commons/commons-text/1.4/commons-text-1.4.jar:/home/user/.m2/repository/org/apache/avro/avro/1.7.7/avro-1.7.7.jar:/home/user/.m2/repository/com/thoughtworks/paranamer/paranamer/2.3/paranamer-2.3.jar:/home/user/.m2/repository/org/xerial/snappy/snappy-java/1.0.5/snappy-java-1.0.5.jar:/home/user/.m2/repository/com/google/re2j/re2j/1.1/re2j-1.1.jar:/home/user/.m2/repository/com/google/code/gson/gson/2.2.4/gson-2.2.4.jar:/home/user/.m2/repository/com/jcraft/jsch/0.1.54/jsch-0.1.54.jar:/home/user/.m2/repository/org/apache/curator/curator-client/2.12.0/curator-client-2.12.0.jar:/home/user/.m2/repository/org/apache/curator/curator-recipes/2.12.0/curator-recipes-2.12.0.jar:/home/user/.m2/repository/com/google/code/findbugs/jsr305/3.0.0/jsr305-3.0.0.jar:/home/user/.m2/repository/org/apache/htrace/htrace-core4/4.1.0-incubating/htrace-core4-4.1.0-incubating.jar:/home/user/.m2/repository/org/apache/zookeeper/zookeeper/3.4.13/zookeeper-3.4.13.jar:/home/user/.m2/repository/org/apache/yetus/audience-annotations/0.5.0/audience-annotations-0.5.0.jar:/home/user/.m2/repository/org/codehaus/woodstox/stax2-api/3.1.4/stax2-api-3.1.4.jar:/home/user/.m2/repository/com/fasterxml/woodstox/woodstox-core/5.0.3/woodstox-core-5.0.3.jar:/home/user/.m2/repository/dnsjava/dnsjava/2.1.7/dnsjava-2.1.7.jar:/home/user/.m2/repository/org/apache/hadoop/hadoop-hdfs/3.2.0/hadoop-hdfs-3.2.0-tests.jar:/home/user/.m2/repository/org/eclipse/jetty/jetty-util-ajax/9.3.24.v20180605/jetty-util-ajax-9.3.24.v20180605.jar:/home/user/.m2/repository/commons-daemon/commons-daemon/1.0.13/commons-daemon-1.0.13.jar:/home/user/.m2/repository/io/netty/netty/3.10.5.Final/netty-3.10.5.Final.jar:/home/user/.m2/repository/io/netty/netty-all/4.0.52.Final/netty-all-4.0.52.Final.jar:/home/user/.m2/repository/org/fusesource/leveldbjni/leveldbjni-all/1.8/leveldbjni-all-1.8.jar:"/>
    <property name="sun.cpu.endian" value="little"/>
    <property name="user.home" value="/home/user"/>
    <property name="user.language" value="en"/>
    <property name="java.specification.vendor" value="Oracle Corporation"/>
    <property name="java.home" value="/usr/lib/jvm/java-1.8-openjdk/jre"/>
    <property name="java.security.krb5.conf" value="/workdir/hadoop-ozone/integration-test/target/test-classes/krb5.conf"/>
    <property name="basedir" value="/workdir/hadoop-ozone/integration-test"/>
    <property name="file.separator" value="/"/>
    <property name="line.separator" value="&#10;"/>
    <property name="java.vm.specification.vendor" value="Oracle Corporation"/>
    <property name="java.specification.name" value="Java Platform API Specification"/>
    <property name="java.awt.graphicsenv" value="sun.awt.X11GraphicsEnvironment"/>
    <property name="surefire.real.class.path" value="/workdir/hadoop-ozone/integration-test/target/surefire/surefirebooter1436468257230115183.jar"/>
    <property name="hadoop.log.dir" value="/workdir/hadoop-ozone/integration-test/target/log"/>
    <property name="sun.boot.class.path" value="/usr/lib/jvm/java-1.8-openjdk/jre/lib/resources.jar:/usr/lib/jvm/java-1.8-openjdk/jre/lib/rt.jar:/usr/lib/jvm/java-1.8-openjdk/jre/lib/sunrsasign.jar:/usr/lib/jvm/java-1.8-openjdk/jre/lib/jsse.jar:/usr/lib/jvm/java-1.8-openjdk/jre/lib/jce.jar:/usr/lib/jvm/java-1.8-openjdk/jre/lib/charsets.jar:/usr/lib/jvm/java-1.8-openjdk/jre/lib/jfr.jar:/usr/lib/jvm/java-1.8-openjdk/jre/classes"/>
    <property name="sun.management.compiler" value="HotSpot 64-Bit Tiered Compilers"/>
    <property name="java.runtime.version" value="1.8.0_212-b04"/>
    <property name="java.net.preferIPv4Stack" value="true"/>
    <property name="user.name" value="jenkins1000"/>
    <property name="path.separator" value=":"/>
    <property name="java.security.egd" value="file:///dev/urandom"/>
    <property name="os.version" value="3.10.0-957.12.2.el7.x86_64"/>
    <property name="java.endorsed.dirs" value="/usr/lib/jvm/java-1.8-openjdk/jre/lib/endorsed"/>
    <property name="java.runtime.name" value="OpenJDK Runtime Environment"/>
    <property name="file.encoding" value="UTF-8"/>
    <property name="java.vm.name" value="OpenJDK 64-Bit Server VM"/>
    <property name="test.build.webapps" value=""/>
    <property name="localRepository" value="/home/user/.m2/repository"/>
    <property name="java.vendor.url.bug" value="https://icedtea.classpath.org/bugzilla"/>
    <property name="java.io.tmpdir" value="/tmp"/>
    <property name="require.test.libhadoop" value=""/>
    <property name="java.version" value="1.8.0_212"/>
    <property name="user.dir" value="/workdir/hadoop-ozone/integration-test"/>
    <property name="os.arch" value="amd64"/>
    <property name="java.vm.specification.name" value="Java Virtual Machine Specification"/>
    <property name="test.build.classes" value="/workdir/hadoop-ozone/integration-test/target/test-classes"/>
    <property name="java.awt.printerjob" value="sun.print.PSPrinterJob"/>
    <property name="sun.os.patch.level" value="unknown"/>
    <property name="hadoop.tmp.dir" value="/workdir/hadoop-ozone/integration-test/target/tmp"/>
    <property name="java.library.path" value="/usr/lib/jvm/java-1.8-openjdk/jre/lib/amd64/server:/usr/lib/jvm/java-1.8-openjdk/jre/lib/amd64:/usr/lib/jvm/java-1.8-openjdk/jre/../lib/amd64:/workdir/hadoop-ozone/integration-test/target/native/target/usr/local/lib:/workdir/hadoop-ozone/integration-test/../../hadoop-common-project/hadoop-common/target/native/target/usr/local/lib:/usr/java/packages/lib/amd64:/usr/lib64:/lib64:/lib:/usr/lib"/>
    <property name="java.vm.info" value="mixed mode"/>
    <property name="java.vendor" value="IcedTea"/>
    <property name="java.vm.version" value="25.212-b04"/>
    <property name="java.ext.dirs" value="/usr/lib/jvm/java-1.8-openjdk/jre/lib/ext:/usr/java/packages/lib/ext"/>
    <property name="sun.io.unicode.encoding" value="UnicodeLittle"/>
    <property name="java.class.version" value="52.0"/>
  </properties>
  <testcase name="testWatchForCommitWithKeyWrite" classname="org.apache.hadoop.ozone.client.rpc.TestWatchForCommit" time="17.738">
    <failure message="expected:&lt;4&gt; but was:&lt;8&gt;" type="java.lang.AssertionError"><![CDATA[java.lang.AssertionError: expected:<4> but was:<8>
	at org.junit.Assert.fail(Assert.java:88)
	at org.junit.Assert.failNotEquals(Assert.java:743)
	at org.junit.Assert.assertEquals(Assert.java:118)
	at org.junit.Assert.assertEquals(Assert.java:555)
	at org.junit.Assert.assertEquals(Assert.java:542)
	at org.apache.hadoop.ozone.client.rpc.TestWatchForCommit.testWatchForCommitWithKeyWrite(TestWatchForCommit.java:167)
	at sun.reflect.NativeMethodAccessorImpl.invoke0(Native Method)
	at sun.reflect.NativeMethodAccessorImpl.invoke(NativeMethodAccessorImpl.java:62)
	at sun.reflect.DelegatingMethodAccessorImpl.invoke(DelegatingMethodAccessorImpl.java:43)
	at java.lang.reflect.Method.invoke(Method.java:498)
	at org.junit.runners.model.FrameworkMethod$1.runReflectiveCall(FrameworkMethod.java:47)
	at org.junit.internal.runners.model.ReflectiveCallable.run(ReflectiveCallable.java:12)
	at org.junit.runners.model.FrameworkMethod.invokeExplosively(FrameworkMethod.java:44)
	at org.junit.internal.runners.statements.InvokeMethod.evaluate(InvokeMethod.java:17)
	at org.junit.runners.ParentRunner.runLeaf(ParentRunner.java:271)
	at org.junit.runners.BlockJUnit4ClassRunner.runChild(BlockJUnit4ClassRunner.java:70)
	at org.junit.runners.BlockJUnit4ClassRunner.runChild(BlockJUnit4ClassRunner.java:50)
	at org.junit.runners.ParentRunner$3.run(ParentRunner.java:238)
	at org.junit.runners.ParentRunner$1.schedule(ParentRunner.java:63)
	at org.junit.runners.ParentRunner.runChildren(ParentRunner.java:236)
	at org.junit.runners.ParentRunner.access$000(ParentRunner.java:53)
	at org.junit.runners.ParentRunner$2.evaluate(ParentRunner.java:229)
	at org.junit.runners.ParentRunner.run(ParentRunner.java:309)
	at org.apache.maven.surefire.junit4.JUnit4Provider.execute(JUnit4Provider.java:365)
	at org.apache.maven.surefire.junit4.JUnit4Provider.executeWithRerun(JUnit4Provider.java:273)
	at org.apache.maven.surefire.junit4.JUnit4Provider.executeTestSet(JUnit4Provider.java:238)
	at org.apache.maven.surefire.junit4.JUnit4Provider.invoke(JUnit4Provider.java:159)
	at org.apache.maven.surefire.booter.ForkedBooter.invokeProviderInSameClassLoader(ForkedBooter.java:384)
	at org.apache.maven.surefire.booter.ForkedBooter.runSuitesInProcess(ForkedBooter.java:345)
	at org.apache.maven.surefire.booter.ForkedBooter.execute(ForkedBooter.java:126)
	at org.apache.maven.surefire.booter.ForkedBooter.main(ForkedBooter.java:418)
]]></failure>
    <system-out><![CDATA[2019-07-14 16:41:40,909 WARN  server.ServerUtils (ServerUtils.java:getScmDbDir(145)) - ozone.scm.db.dirs is not configured. We recommend adding this setting. Falling back to ozone.metadata.dirs instead.
2019-07-14 16:41:41,022 WARN  server.ServerUtils (ServerUtils.java:getScmDbDir(145)) - ozone.scm.db.dirs is not configured. We recommend adding this setting. Falling back to ozone.metadata.dirs instead.
2019-07-14 16:41:41,025 WARN  server.ServerUtils (ServerUtils.java:getScmDbDir(145)) - ozone.scm.db.dirs is not configured. We recommend adding this setting. Falling back to ozone.metadata.dirs instead.
2019-07-14 16:41:41,044 INFO  util.log (Log.java:initialized(192)) - Logging initialized @846ms
2019-07-14 16:41:41,129 INFO  db.DBStoreBuilder (DBStoreBuilder.java:addTable(110)) - using custom profile for table: deletedBlocks
2019-07-14 16:41:41,129 INFO  db.DBStoreBuilder (DBStoreBuilder.java:processTables(161)) - Using default column profile:DBProfile.DISK for Table:deletedBlocks
2019-07-14 16:41:41,130 INFO  db.DBStoreBuilder (DBStoreBuilder.java:addTable(110)) - using custom profile for table: validCerts
2019-07-14 16:41:41,130 INFO  db.DBStoreBuilder (DBStoreBuilder.java:processTables(161)) - Using default column profile:DBProfile.DISK for Table:validCerts
2019-07-14 16:41:41,130 INFO  db.DBStoreBuilder (DBStoreBuilder.java:addTable(110)) - using custom profile for table: revokedCerts
2019-07-14 16:41:41,130 INFO  db.DBStoreBuilder (DBStoreBuilder.java:processTables(161)) - Using default column profile:DBProfile.DISK for Table:revokedCerts
2019-07-14 16:41:41,139 INFO  db.DBStoreBuilder (DBStoreBuilder.java:addTable(110)) - using custom profile for table: default
2019-07-14 16:41:41,139 INFO  db.DBStoreBuilder (DBStoreBuilder.java:processTables(167)) - Using default column profile:DBProfile.DISK for Table:default
2019-07-14 16:41:41,140 INFO  db.DBStoreBuilder (DBStoreBuilder.java:getDbProfile(198)) - Using default options. DBProfile.DISK
2019-07-14 16:41:41,347 INFO  net.NodeSchemaLoader (NodeSchemaLoader.java:loadSchemaFromFile(125)) - Loading file from sun.misc.CompoundEnumeration@7714e963
2019-07-14 16:41:41,350 INFO  net.NodeSchemaLoader (NodeSchemaLoader.java:loadSchema(171)) - Loading network topology layer schema file
2019-07-14 16:41:41,433 WARN  server.ServerUtils (ServerUtils.java:sanitizeUserArgs(70)) - ozone.scm.stale.node.interval value = 300000 is larger than max = 100000 based on the key value of ozone.scm.heartbeat.thread.interval, reset to the max value 100000.
2019-07-14 16:41:41,436 WARN  server.ServerUtils (ServerUtils.java:sanitizeUserArgs(70)) - ozone.scm.stale.node.interval value = 300000 is larger than max = 100000 based on the key value of ozone.scm.heartbeat.thread.interval, reset to the max value 100000.
2019-07-14 16:41:41,438 INFO  node.SCMNodeManager (SCMNodeManager.java:<init>(119)) - Entering startup safe mode.
2019-07-14 16:41:41,522 WARN  server.ServerUtils (ServerUtils.java:getScmDbDir(145)) - ozone.scm.db.dirs is not configured. We recommend adding this setting. Falling back to ozone.metadata.dirs instead.
2019-07-14 16:41:41,614 INFO  pipeline.SCMPipelineManager (SCMPipelineManager.java:initializePipelineState(126)) - No pipeline exists in current db
2019-07-14 16:41:41,617 WARN  server.ServerUtils (ServerUtils.java:getScmDbDir(145)) - ozone.scm.db.dirs is not configured. We recommend adding this setting. Falling back to ozone.metadata.dirs instead.
2019-07-14 16:41:41,742 WARN  events.EventQueue (EventQueue.java:fireEvent(175)) - No event handler registered for event TypedEvent{payloadType=SafeModeStatus, name='SafeModeStatus'}
2019-07-14 16:41:42,093 INFO  ipc.CallQueueManager (CallQueueManager.java:<init>(84)) - Using callQueue: class java.util.concurrent.LinkedBlockingQueue, queueCapacity: 2000, scheduler: class org.apache.hadoop.ipc.DefaultRpcScheduler, ipcBackoff: false.
2019-07-14 16:41:42,120 INFO  ipc.Server (Server.java:run(1074)) - Starting Socket Reader #1 for port 34690
2019-07-14 16:41:42,142 INFO  ipc.CallQueueManager (CallQueueManager.java:<init>(84)) - Using callQueue: class java.util.concurrent.LinkedBlockingQueue, queueCapacity: 2000, scheduler: class org.apache.hadoop.ipc.DefaultRpcScheduler, ipcBackoff: false.
2019-07-14 16:41:42,143 INFO  ipc.Server (Server.java:run(1074)) - Starting Socket Reader #1 for port 43988
2019-07-14 16:41:42,149 INFO  ipc.CallQueueManager (CallQueueManager.java:<init>(84)) - Using callQueue: class java.util.concurrent.LinkedBlockingQueue, queueCapacity: 2000, scheduler: class org.apache.hadoop.ipc.DefaultRpcScheduler, ipcBackoff: false.
2019-07-14 16:41:42,150 INFO  ipc.Server (Server.java:run(1074)) - Starting Socket Reader #1 for port 42214
2019-07-14 16:41:42,272 INFO  hdfs.DFSUtil (DFSUtil.java:httpServerTemplateForNNAndJN(1641)) - Starting Web-server for scm at: http://0.0.0.0:0
2019-07-14 16:41:42,432 INFO  server.AuthenticationFilter (AuthenticationFilter.java:constructSecretProvider(240)) - Unable to initialize FileSignerSecretProvider, falling back to use random secrets.
2019-07-14 16:41:42,440 WARN  http.HttpRequestLog (HttpRequestLog.java:getRequestLog(97)) - Jetty request log can only be enabled using Log4j
2019-07-14 16:41:42,448 INFO  http.HttpServer2 (HttpServer2.java:addGlobalFilter(975)) - Added global filter 'safety' (class=org.apache.hadoop.http.HttpServer2$QuotingInputFilter)
2019-07-14 16:41:42,450 INFO  http.HttpServer2 (HttpServer2.java:addFilter(948)) - Added filter static_user_filter (class=org.apache.hadoop.http.lib.StaticUserWebFilter$StaticUserFilter) to context scm
2019-07-14 16:41:42,450 INFO  http.HttpServer2 (HttpServer2.java:addFilter(958)) - Added filter static_user_filter (class=org.apache.hadoop.http.lib.StaticUserWebFilter$StaticUserFilter) to context static
2019-07-14 16:41:42,451 INFO  http.HttpServer2 (HttpServer2.java:addFilter(958)) - Added filter static_user_filter (class=org.apache.hadoop.http.lib.StaticUserWebFilter$StaticUserFilter) to context logs
2019-07-14 16:41:42,478 INFO  server.StorageContainerManager (StorageContainerManager.java:start(761)) - StorageContainerLocationProtocol RPC server is listening at /0.0.0.0:42214
2019-07-14 16:41:42,539 WARN  impl.MetricsConfig (MetricsConfig.java:loadFirst(134)) - Cannot locate configuration: tried hadoop-metrics2-storagecontainermanager.properties,hadoop-metrics2.properties
2019-07-14 16:41:42,552 INFO  impl.MetricsSystemImpl (MetricsSystemImpl.java:startTimer(374)) - Scheduled Metric snapshot period at 10 second(s).
2019-07-14 16:41:42,552 INFO  impl.MetricsSystemImpl (MetricsSystemImpl.java:start(191)) - StorageContainerManager metrics system started
2019-07-14 16:41:42,804 INFO  server.SCMClientProtocolServer (SCMClientProtocolServer.java:start(149)) - RPC server for Client  is listening at /0.0.0.0:42214
2019-07-14 16:41:42,805 INFO  ipc.Server (Server.java:run(1314)) - IPC Server Responder: starting
2019-07-14 16:41:42,805 INFO  ipc.Server (Server.java:run(1153)) - IPC Server listener on 42214: starting
2019-07-14 16:41:42,810 INFO  server.StorageContainerManager (StorageContainerManager.java:start(771)) - ScmBlockLocationProtocol RPC server is listening at /0.0.0.0:43988
2019-07-14 16:41:42,810 INFO  server.SCMBlockProtocolServer (SCMBlockProtocolServer.java:start(140)) - RPC server for Block Protocol is listening at /0.0.0.0:43988
2019-07-14 16:41:42,810 INFO  ipc.Server (Server.java:run(1314)) - IPC Server Responder: starting
2019-07-14 16:41:42,811 INFO  ipc.Server (Server.java:run(1153)) - IPC Server listener on 43988: starting
2019-07-14 16:41:42,820 INFO  server.StorageContainerManager (StorageContainerManager.java:start(775)) - ScmDatanodeProtocl RPC server is listening at /0.0.0.0:34690
2019-07-14 16:41:42,820 INFO  server.SCMDatanodeProtocolServer (SCMDatanodeProtocolServer.java:start(191)) - RPC server for DataNodes is listening at /0.0.0.0:34690
2019-07-14 16:41:42,822 INFO  ipc.Server (Server.java:run(1314)) - IPC Server Responder: starting
2019-07-14 16:41:42,822 INFO  ipc.Server (Server.java:run(1153)) - IPC Server listener on 34690: starting
2019-07-14 16:41:42,833 INFO  http.HttpServer2 (HttpServer2.java:bindListener(1191)) - Jetty bound to port 43324
2019-07-14 16:41:42,835 INFO  server.Server (Server.java:doStart(351)) - jetty-9.3.24.v20180605, build timestamp: 2018-06-05T17:11:56Z, git hash: 84205aa28f11a4f31f2a3b86d1bba2cc8ab69827
2019-07-14 16:41:42,873 INFO  handler.ContextHandler (ContextHandler.java:doStart(781)) - Started o.e.j.s.ServletContextHandler@6bbe2511{/logs,file:///workdir/hadoop-ozone/integration-test/target/log,AVAILABLE}
2019-07-14 16:41:42,874 INFO  handler.ContextHandler (ContextHandler.java:doStart(781)) - Started o.e.j.s.ServletContextHandler@76012793{/static,file:///workdir/hadoop-ozone/integration-test/target/test-classes/webapps/static,AVAILABLE}
2019-07-14 16:41:42,907 INFO  handler.ContextHandler (ContextHandler.java:doStart(781)) - Started o.e.j.w.WebAppContext@664a9613{/,file:///workdir/hadoop-ozone/integration-test/target/test-classes/webapps/scm/,AVAILABLE}{/scm}
2019-07-14 16:41:42,912 INFO  server.AbstractConnector (AbstractConnector.java:doStart(278)) - Started ServerConnector@37ebc9d8{HTTP/1.1,[http/1.1]}{0.0.0.0:43324}
2019-07-14 16:41:42,912 INFO  server.Server (Server.java:doStart(419)) - Started @2714ms
2019-07-14 16:41:42,913 INFO  server.BaseHttpServer (BaseHttpServer.java:updateConnectorAddress(207)) - HTTP server of SCM is listening at http://0.0.0.0:43324
2019-07-14 16:41:42,919 INFO  util.JvmPauseMonitor (JvmPauseMonitor.java:run(188)) - Starting JVM pause monitor
2019-07-14 16:41:42,921 WARN  server.ServerUtils (ServerUtils.java:getDBPath(222)) - ozone.om.db.dirs is not configured. We recommend adding this setting. Falling back to ozone.metadata.dirs instead.
2019-07-14 16:41:43,018 WARN  server.ServerUtils (ServerUtils.java:getDBPath(222)) - ozone.om.db.dirs is not configured. We recommend adding this setting. Falling back to ozone.metadata.dirs instead.
2019-07-14 16:41:43,019 INFO  om.OzoneManager (OzoneManager.java:setOMNodeDetails(632)) - OM Service ID is not set. Setting it to the default ID: omServiceIdDefault
2019-07-14 16:41:43,020 INFO  om.OzoneManager (OzoneManager.java:setOMNodeDetails(638)) - OM Node ID is not set. Setting it to the OmStorage's OmID: 93c1c221-448c-4c36-b1b6-bccdde43c0c4
2019-07-14 16:41:43,021 INFO  om.OzoneManager (OzoneManager.java:loadOMHAConfigs(589)) - Found matching OM address with OMServiceId: null, OMNodeId: null, RPC Address: localhost:0 and Ratis port: 9872
2019-07-14 16:41:43,276 WARN  server.ServerUtils (ServerUtils.java:getDBPath(222)) - ozone.om.db.dirs is not configured. We recommend adding this setting. Falling back to ozone.metadata.dirs instead.
2019-07-14 16:41:43,289 INFO  db.DBStoreBuilder (DBStoreBuilder.java:addTable(110)) - using custom profile for table: userTable
2019-07-14 16:41:43,289 INFO  db.DBStoreBuilder (DBStoreBuilder.java:processTables(161)) - Using default column profile:DBProfile.DISK for Table:userTable
2019-07-14 16:41:43,290 INFO  db.DBStoreBuilder (DBStoreBuilder.java:addTable(110)) - using custom profile for table: volumeTable
2019-07-14 16:41:43,290 INFO  db.DBStoreBuilder (DBStoreBuilder.java:processTables(161)) - Using default column profile:DBProfile.DISK for Table:volumeTable
2019-07-14 16:41:43,291 INFO  db.DBStoreBuilder (DBStoreBuilder.java:addTable(110)) - using custom profile for table: bucketTable
2019-07-14 16:41:43,291 INFO  db.DBStoreBuilder (DBStoreBuilder.java:processTables(161)) - Using default column profile:DBProfile.DISK for Table:bucketTable
2019-07-14 16:41:43,291 INFO  db.DBStoreBuilder (DBStoreBuilder.java:addTable(110)) - using custom profile for table: keyTable
2019-07-14 16:41:43,292 INFO  db.DBStoreBuilder (DBStoreBuilder.java:processTables(161)) - Using default column profile:DBProfile.DISK for Table:keyTable
2019-07-14 16:41:43,292 INFO  db.DBStoreBuilder (DBStoreBuilder.java:addTable(110)) - using custom profile for table: deletedTable
2019-07-14 16:41:43,293 INFO  db.DBStoreBuilder (DBStoreBuilder.java:processTables(161)) - Using default column profile:DBProfile.DISK for Table:deletedTable
2019-07-14 16:41:43,293 INFO  db.DBStoreBuilder (DBStoreBuilder.java:addTable(110)) - using custom profile for table: openKeyTable
2019-07-14 16:41:43,293 INFO  db.DBStoreBuilder (DBStoreBuilder.java:processTables(161)) - Using default column profile:DBProfile.DISK for Table:openKeyTable
2019-07-14 16:41:43,294 INFO  db.DBStoreBuilder (DBStoreBuilder.java:addTable(110)) - using custom profile for table: s3Table
2019-07-14 16:41:43,294 INFO  db.DBStoreBuilder (DBStoreBuilder.java:processTables(161)) - Using default column profile:DBProfile.DISK for Table:s3Table
2019-07-14 16:41:43,295 INFO  db.DBStoreBuilder (DBStoreBuilder.java:addTable(110)) - using custom profile for table: multipartInfoTable
2019-07-14 16:41:43,295 INFO  db.DBStoreBuilder (DBStoreBuilder.java:processTables(161)) - Using default column profile:DBProfile.DISK for Table:multipartInfoTable
2019-07-14 16:41:43,296 INFO  db.DBStoreBuilder (DBStoreBuilder.java:addTable(110)) - using custom profile for table: dTokenTable
2019-07-14 16:41:43,296 INFO  db.DBStoreBuilder (DBStoreBuilder.java:processTables(161)) - Using default column profile:DBProfile.DISK for Table:dTokenTable
2019-07-14 16:41:43,296 INFO  db.DBStoreBuilder (DBStoreBuilder.java:addTable(110)) - using custom profile for table: s3SecretTable
2019-07-14 16:41:43,297 INFO  db.DBStoreBuilder (DBStoreBuilder.java:processTables(161)) - Using default column profile:DBProfile.DISK for Table:s3SecretTable
2019-07-14 16:41:43,297 INFO  db.DBStoreBuilder (DBStoreBuilder.java:addTable(110)) - using custom profile for table: prefixTable
2019-07-14 16:41:43,297 INFO  db.DBStoreBuilder (DBStoreBuilder.java:processTables(161)) - Using default column profile:DBProfile.DISK for Table:prefixTable
2019-07-14 16:41:43,298 INFO  db.DBStoreBuilder (DBStoreBuilder.java:addTable(110)) - using custom profile for table: default
2019-07-14 16:41:43,298 INFO  db.DBStoreBuilder (DBStoreBuilder.java:processTables(167)) - Using default column profile:DBProfile.DISK for Table:default
2019-07-14 16:41:43,299 INFO  db.DBStoreBuilder (DBStoreBuilder.java:getDbProfile(198)) - Using default options. DBProfile.DISK
2019-07-14 16:41:44,251 INFO  ipc.CallQueueManager (CallQueueManager.java:<init>(84)) - Using callQueue: class java.util.concurrent.LinkedBlockingQueue, queueCapacity: 2000, scheduler: class org.apache.hadoop.ipc.DefaultRpcScheduler, ipcBackoff: false.
2019-07-14 16:41:44,253 INFO  ipc.Server (Server.java:run(1074)) - Starting Socket Reader #1 for port 34632
2019-07-14 16:41:44,283 WARN  server.ServerUtils (ServerUtils.java:getDBPath(222)) - ozone.om.db.dirs is not configured. We recommend adding this setting. Falling back to ozone.metadata.dirs instead.
2019-07-14 16:41:44,284 INFO  om.OzoneManager (OzoneManager.java:start(1230)) - OzoneManager RPC server is listening at localhost/127.0.0.1:34632
2019-07-14 16:41:44,284 INFO  impl.MetricsSystemImpl (MetricsSystemImpl.java:init(158)) - OzoneManager metrics system started (again)
2019-07-14 16:41:44,288 INFO  ipc.Server (Server.java:run(1314)) - IPC Server Responder: starting
2019-07-14 16:41:44,288 INFO  ipc.Server (Server.java:run(1153)) - IPC Server listener on 34632: starting
2019-07-14 16:41:44,300 INFO  hdfs.DFSUtil (DFSUtil.java:httpServerTemplateForNNAndJN(1641)) - Starting Web-server for ozoneManager at: http://0.0.0.0:0
2019-07-14 16:41:44,303 INFO  server.AuthenticationFilter (AuthenticationFilter.java:constructSecretProvider(240)) - Unable to initialize FileSignerSecretProvider, falling back to use random secrets.
2019-07-14 16:41:44,304 WARN  http.HttpRequestLog (HttpRequestLog.java:getRequestLog(97)) - Jetty request log can only be enabled using Log4j
2019-07-14 16:41:44,307 INFO  http.HttpServer2 (HttpServer2.java:addGlobalFilter(975)) - Added global filter 'safety' (class=org.apache.hadoop.http.HttpServer2$QuotingInputFilter)
2019-07-14 16:41:44,308 INFO  http.HttpServer2 (HttpServer2.java:addFilter(948)) - Added filter static_user_filter (class=org.apache.hadoop.http.lib.StaticUserWebFilter$StaticUserFilter) to context ozoneManager
2019-07-14 16:41:44,308 INFO  http.HttpServer2 (HttpServer2.java:addFilter(958)) - Added filter static_user_filter (class=org.apache.hadoop.http.lib.StaticUserWebFilter$StaticUserFilter) to context static
2019-07-14 16:41:44,308 INFO  http.HttpServer2 (HttpServer2.java:addFilter(958)) - Added filter static_user_filter (class=org.apache.hadoop.http.lib.StaticUserWebFilter$StaticUserFilter) to context logs
2019-07-14 16:41:44,310 INFO  http.HttpServer2 (HttpServer2.java:bindListener(1191)) - Jetty bound to port 45909
2019-07-14 16:41:44,311 INFO  server.Server (Server.java:doStart(351)) - jetty-9.3.24.v20180605, build timestamp: 2018-06-05T17:11:56Z, git hash: 84205aa28f11a4f31f2a3b86d1bba2cc8ab69827
2019-07-14 16:41:44,313 INFO  handler.ContextHandler (ContextHandler.java:doStart(781)) - Started o.e.j.s.ServletContextHandler@2e52fb3e{/logs,file:///workdir/hadoop-ozone/integration-test/target/log,AVAILABLE}
2019-07-14 16:41:44,313 INFO  handler.ContextHandler (ContextHandler.java:doStart(781)) - Started o.e.j.s.ServletContextHandler@3e9803c2{/static,file:///workdir/hadoop-ozone/integration-test/target/test-classes/webapps/static,AVAILABLE}
2019-07-14 16:41:44,320 INFO  handler.ContextHandler (ContextHandler.java:doStart(781)) - Started o.e.j.w.WebAppContext@5b3f3ba0{/,file:///workdir/hadoop-ozone/integration-test/target/test-classes/webapps/ozoneManager/,AVAILABLE}{/ozoneManager}
2019-07-14 16:41:44,321 INFO  server.AbstractConnector (AbstractConnector.java:doStart(278)) - Started ServerConnector@ddf20fd{HTTP/1.1,[http/1.1]}{0.0.0.0:45909}
2019-07-14 16:41:44,322 INFO  server.Server (Server.java:doStart(419)) - Started @4124ms
2019-07-14 16:41:44,324 INFO  server.BaseHttpServer (BaseHttpServer.java:updateConnectorAddress(207)) - HTTP server of OZONEMANAGER is listening at http://0.0.0.0:45909
2019-07-14 16:41:44,683 INFO  impl.MetricsSystemImpl (MetricsSystemImpl.java:init(158)) - HddsDatanode metrics system started (again)
2019-07-14 16:41:44,773 INFO  ozone.HddsDatanodeService (HddsDatanodeService.java:start(185)) - HddsDatanodeService host:pr-hdds-1710-5x6jb-1204890111 ip:192.168.69.77
2019-07-14 16:41:44,804 INFO  volume.HddsVolume (HddsVolume.java:<init>(176)) - Creating Volume: /workdir/hadoop-ozone/integration-test/target/test-dir/MiniOzoneClusterImpl-b9e3a967-622d-41f2-af2c-36316d08c0b1/datanode-0/data/containers/hdds of  storage type : DISK and capacity : 52710309888
2019-07-14 16:41:44,805 INFO  volume.VolumeSet (VolumeSet.java:initializeVolumeSet(170)) - Added Volume : /workdir/hadoop-ozone/integration-test/target/test-dir/MiniOzoneClusterImpl-b9e3a967-622d-41f2-af2c-36316d08c0b1/datanode-0/data/containers/hdds to VolumeSet
2019-07-14 16:41:44,809 INFO  volume.ThrottledAsyncChecker (ThrottledAsyncChecker.java:schedule(140)) - Scheduling a check for org.apache.hadoop.ozone.container.common.volume.HddsVolume@42fcc7e6
2019-07-14 16:41:44,826 INFO  volume.HddsVolumeChecker (HddsVolumeChecker.java:checkAllVolumes(203)) - Scheduled health check for volume org.apache.hadoop.ozone.container.common.volume.HddsVolume@42fcc7e6
2019-07-14 16:41:44,937 INFO  impl.RaftServerProxy (ConfUtils.java:logGet(43)) - raft.rpc.type = GRPC (default)
2019-07-14 16:41:45,003 INFO  grpc.GrpcFactory (GrpcFactory.java:checkPooledByteBufAllocatorUseCacheForAllThreads(45)) - PERFORMANCE WARNING: useCacheForAllThreads is true that may cause Netty to create a lot garbage objects and, as a result, trigger GC.
	It is recommended to disable useCacheForAllThreads by setting -Dorg.apache.ratis.thirdparty.io.netty.allocator.useCacheForAllThreads=false in command line.
2019-07-14 16:41:45,008 INFO  grpc.GrpcConfigKeys$Server (ConfUtils.java:logGet(43)) - raft.grpc.server.port = 0 (default)
2019-07-14 16:41:45,009 INFO  server.GrpcService (ConfUtils.java:logGet(43)) - raft.grpc.message.size.max = 33570816 (custom)
2019-07-14 16:41:45,011 INFO  server.RaftServerConfigKeys (ConfUtils.java:logGet(43)) - raft.server.log.appender.buffer.byte-limit = 33554432 (custom)
2019-07-14 16:41:45,011 INFO  server.GrpcService (ConfUtils.java:logGet(43)) - raft.grpc.flow.control.window = 1MB (=1048576) (default)
2019-07-14 16:41:45,012 INFO  server.RaftServerConfigKeys (ConfUtils.java:logGet(43)) - raft.server.rpc.request.timeout = 3000ms (default)
2019-07-14 16:41:45,172 INFO  server.RaftServerConfigKeys (ConfUtils.java:logGet(43)) - raft.server.storage.dir = [/workdir/hadoop-ozone/integration-test/target/test-dir/MiniOzoneClusterImpl-b9e3a967-622d-41f2-af2c-36316d08c0b1/datanode-0/data/ratis] (custom)
2019-07-14 16:41:45,208 INFO  replication.SimpleContainerDownloader (SimpleContainerDownloader.java:<init>(72)) - Starting container downloader service to copy containers to replicate.
2019-07-14 16:41:45,221 INFO  hdfs.DFSUtil (DFSUtil.java:httpServerTemplateForNNAndJN(1641)) - Starting Web-server for hddsDatanode at: http://0.0.0.0:0
2019-07-14 16:41:45,224 INFO  server.AuthenticationFilter (AuthenticationFilter.java:constructSecretProvider(240)) - Unable to initialize FileSignerSecretProvider, falling back to use random secrets.
2019-07-14 16:41:45,225 WARN  http.HttpRequestLog (HttpRequestLog.java:getRequestLog(97)) - Jetty request log can only be enabled using Log4j
2019-07-14 16:41:45,227 INFO  http.HttpServer2 (HttpServer2.java:addGlobalFilter(975)) - Added global filter 'safety' (class=org.apache.hadoop.http.HttpServer2$QuotingInputFilter)
2019-07-14 16:41:45,229 INFO  http.HttpServer2 (HttpServer2.java:addFilter(948)) - Added filter static_user_filter (class=org.apache.hadoop.http.lib.StaticUserWebFilter$StaticUserFilter) to context hddsDatanode
2019-07-14 16:41:45,229 INFO  http.HttpServer2 (HttpServer2.java:addFilter(958)) - Added filter static_user_filter (class=org.apache.hadoop.http.lib.StaticUserWebFilter$StaticUserFilter) to context logs
2019-07-14 16:41:45,229 INFO  http.HttpServer2 (HttpServer2.java:addFilter(958)) - Added filter static_user_filter (class=org.apache.hadoop.http.lib.StaticUserWebFilter$StaticUserFilter) to context static
2019-07-14 16:41:45,231 INFO  http.HttpServer2 (HttpServer2.java:bindListener(1191)) - Jetty bound to port 44040
2019-07-14 16:41:45,231 INFO  server.Server (Server.java:doStart(351)) - jetty-9.3.24.v20180605, build timestamp: 2018-06-05T17:11:56Z, git hash: 84205aa28f11a4f31f2a3b86d1bba2cc8ab69827
2019-07-14 16:41:45,234 INFO  handler.ContextHandler (ContextHandler.java:doStart(781)) - Started o.e.j.s.ServletContextHandler@7c36db44{/logs,file:///workdir/hadoop-ozone/integration-test/target/log,AVAILABLE}
2019-07-14 16:41:45,235 INFO  handler.ContextHandler (ContextHandler.java:doStart(781)) - Started o.e.j.s.ServletContextHandler@7903d448{/static,jar:file:/home/user/.m2/repository/org/apache/hadoop/hadoop-hdds-container-service/0.5.0-SNAPSHOT/hadoop-hdds-container-service-0.5.0-SNAPSHOT.jar!/webapps/static,AVAILABLE}
2019-07-14 16:41:45,290 INFO  handler.ContextHandler (ContextHandler.java:doStart(781)) - Started o.e.j.w.WebAppContext@67c5ac52{/,file:///tmp/jetty-0.0.0.0-44040-hddsDatanode-_-any-4116569558398670397.dir/webapp/,AVAILABLE}{/hddsDatanode}
2019-07-14 16:41:45,292 INFO  server.AbstractConnector (AbstractConnector.java:doStart(278)) - Started ServerConnector@36417a54{HTTP/1.1,[http/1.1]}{0.0.0.0:44040}
2019-07-14 16:41:45,296 INFO  server.Server (Server.java:doStart(419)) - Started @5098ms
2019-07-14 16:41:45,299 INFO  server.BaseHttpServer (BaseHttpServer.java:updateConnectorAddress(207)) - HTTP server of HDDSDATANODE is listening at http://0.0.0.0:44040
2019-07-14 16:41:46,477 INFO  ozone.HddsDatanodeService (HddsDatanodeService.java:startPlugins(396)) - Started plug-in org.apache.hadoop.ozone.web.OzoneHddsDatanodeService@8e25d3f
2019-07-14 16:41:46,480 INFO  impl.MetricsSystemImpl (MetricsSystemImpl.java:init(158)) - HddsDatanode metrics system started (again)
2019-07-14 16:41:46,484 INFO  ozone.HddsDatanodeService (HddsDatanodeService.java:start(185)) - HddsDatanodeService host:pr-hdds-1710-5x6jb-1204890111 ip:192.168.69.77
2019-07-14 16:41:46,487 INFO  util.JvmPauseMonitor (JvmPauseMonitor.java:run(188)) - Starting JVM pause monitor
2019-07-14 16:41:46,492 INFO  volume.HddsVolume (HddsVolume.java:<init>(176)) - Creating Volume: /workdir/hadoop-ozone/integration-test/target/test-dir/MiniOzoneClusterImpl-b9e3a967-622d-41f2-af2c-36316d08c0b1/datanode-1/data/containers/hdds of  storage type : DISK and capacity : 52710309888
2019-07-14 16:41:46,494 INFO  volume.VolumeSet (VolumeSet.java:initializeVolumeSet(170)) - Added Volume : /workdir/hadoop-ozone/integration-test/target/test-dir/MiniOzoneClusterImpl-b9e3a967-622d-41f2-af2c-36316d08c0b1/datanode-1/data/containers/hdds to VolumeSet
2019-07-14 16:41:46,494 INFO  volume.ThrottledAsyncChecker (ThrottledAsyncChecker.java:schedule(140)) - Scheduling a check for org.apache.hadoop.ozone.container.common.volume.HddsVolume@2401856
2019-07-14 16:41:46,495 INFO  volume.HddsVolumeChecker (HddsVolumeChecker.java:checkAllVolumes(203)) - Scheduled health check for volume org.apache.hadoop.ozone.container.common.volume.HddsVolume@2401856
2019-07-14 16:41:46,516 INFO  impl.RaftServerProxy (ConfUtils.java:logGet(43)) - raft.rpc.type = GRPC (default)
2019-07-14 16:41:46,516 INFO  grpc.GrpcFactory (GrpcFactory.java:checkPooledByteBufAllocatorUseCacheForAllThreads(45)) - PERFORMANCE WARNING: useCacheForAllThreads is true that may cause Netty to create a lot garbage objects and, as a result, trigger GC.
	It is recommended to disable useCacheForAllThreads by setting -Dorg.apache.ratis.thirdparty.io.netty.allocator.useCacheForAllThreads=false in command line.
2019-07-14 16:41:46,516 INFO  grpc.GrpcConfigKeys$Server (ConfUtils.java:logGet(43)) - raft.grpc.server.port = 0 (default)
2019-07-14 16:41:46,517 INFO  server.GrpcService (ConfUtils.java:logGet(43)) - raft.grpc.message.size.max = 33570816 (custom)
2019-07-14 16:41:46,517 INFO  server.RaftServerConfigKeys (ConfUtils.java:logGet(43)) - raft.server.log.appender.buffer.byte-limit = 33554432 (custom)
2019-07-14 16:41:46,517 INFO  server.GrpcService (ConfUtils.java:logGet(43)) - raft.grpc.flow.control.window = 1MB (=1048576) (default)
2019-07-14 16:41:46,517 INFO  server.RaftServerConfigKeys (ConfUtils.java:logGet(43)) - raft.server.rpc.request.timeout = 3000ms (default)
2019-07-14 16:41:46,518 INFO  server.RaftServerConfigKeys (ConfUtils.java:logGet(43)) - raft.server.storage.dir = [/workdir/hadoop-ozone/integration-test/target/test-dir/MiniOzoneClusterImpl-b9e3a967-622d-41f2-af2c-36316d08c0b1/datanode-1/data/ratis] (custom)
2019-07-14 16:41:46,519 INFO  replication.SimpleContainerDownloader (SimpleContainerDownloader.java:<init>(72)) - Starting container downloader service to copy containers to replicate.
2019-07-14 16:41:46,520 INFO  hdfs.DFSUtil (DFSUtil.java:httpServerTemplateForNNAndJN(1641)) - Starting Web-server for hddsDatanode at: http://0.0.0.0:0
2019-07-14 16:41:46,521 INFO  server.AuthenticationFilter (AuthenticationFilter.java:constructSecretProvider(240)) - Unable to initialize FileSignerSecretProvider, falling back to use random secrets.
2019-07-14 16:41:46,522 WARN  http.HttpRequestLog (HttpRequestLog.java:getRequestLog(97)) - Jetty request log can only be enabled using Log4j
2019-07-14 16:41:46,524 INFO  http.HttpServer2 (HttpServer2.java:addGlobalFilter(975)) - Added global filter 'safety' (class=org.apache.hadoop.http.HttpServer2$QuotingInputFilter)
2019-07-14 16:41:46,524 INFO  http.HttpServer2 (HttpServer2.java:addFilter(948)) - Added filter static_user_filter (class=org.apache.hadoop.http.lib.StaticUserWebFilter$StaticUserFilter) to context hddsDatanode
2019-07-14 16:41:46,524 INFO  http.HttpServer2 (HttpServer2.java:addFilter(958)) - Added filter static_user_filter (class=org.apache.hadoop.http.lib.StaticUserWebFilter$StaticUserFilter) to context logs
2019-07-14 16:41:46,524 INFO  http.HttpServer2 (HttpServer2.java:addFilter(958)) - Added filter static_user_filter (class=org.apache.hadoop.http.lib.StaticUserWebFilter$StaticUserFilter) to context static
2019-07-14 16:41:46,525 INFO  http.HttpServer2 (HttpServer2.java:bindListener(1191)) - Jetty bound to port 35263
2019-07-14 16:41:46,525 INFO  server.Server (Server.java:doStart(351)) - jetty-9.3.24.v20180605, build timestamp: 2018-06-05T17:11:56Z, git hash: 84205aa28f11a4f31f2a3b86d1bba2cc8ab69827
2019-07-14 16:41:46,527 INFO  handler.ContextHandler (ContextHandler.java:doStart(781)) - Started o.e.j.s.ServletContextHandler@5934153e{/logs,file:///workdir/hadoop-ozone/integration-test/target/log,AVAILABLE}
2019-07-14 16:41:46,528 INFO  handler.ContextHandler (ContextHandler.java:doStart(781)) - Started o.e.j.s.ServletContextHandler@160e99e0{/static,jar:file:/home/user/.m2/repository/org/apache/hadoop/hadoop-hdds-container-service/0.5.0-SNAPSHOT/hadoop-hdds-container-service-0.5.0-SNAPSHOT.jar!/webapps/static,AVAILABLE}
2019-07-14 16:41:46,551 INFO  handler.ContextHandler (ContextHandler.java:doStart(781)) - Started o.e.j.w.WebAppContext@53aa2fc9{/,file:///tmp/jetty-0.0.0.0-35263-hddsDatanode-_-any-3401289077337144868.dir/webapp/,AVAILABLE}{/hddsDatanode}
2019-07-14 16:41:46,552 INFO  server.AbstractConnector (AbstractConnector.java:doStart(278)) - Started ServerConnector@4792f119{HTTP/1.1,[http/1.1]}{0.0.0.0:35263}
2019-07-14 16:41:46,554 INFO  server.Server (Server.java:doStart(419)) - Started @6355ms
2019-07-14 16:41:46,555 INFO  server.BaseHttpServer (BaseHttpServer.java:updateConnectorAddress(207)) - HTTP server of HDDSDATANODE is listening at http://0.0.0.0:35263
2019-07-14 16:41:46,631 INFO  datanode.InitDatanodeState (InitDatanodeState.java:persistContainerDatanodeDetails(140)) - DatanodeDetails is persisted to /workdir/hadoop-ozone/integration-test/target/test-dir/MiniOzoneClusterImpl-b9e3a967-622d-41f2-af2c-36316d08c0b1/datanode-0/meta/datanode.id
2019-07-14 16:41:46,761 INFO  ozone.HddsDatanodeService (HddsDatanodeService.java:startPlugins(396)) - Started plug-in org.apache.hadoop.ozone.web.OzoneHddsDatanodeService@7c46c9c3
2019-07-14 16:41:46,762 INFO  impl.MetricsSystemImpl (MetricsSystemImpl.java:init(158)) - HddsDatanode metrics system started (again)
2019-07-14 16:41:46,765 INFO  ozone.HddsDatanodeService (HddsDatanodeService.java:start(185)) - HddsDatanodeService host:pr-hdds-1710-5x6jb-1204890111 ip:192.168.69.77
2019-07-14 16:41:46,765 INFO  util.JvmPauseMonitor (JvmPauseMonitor.java:run(188)) - Starting JVM pause monitor
2019-07-14 16:41:46,775 INFO  volume.HddsVolume (HddsVolume.java:<init>(176)) - Creating Volume: /workdir/hadoop-ozone/integration-test/target/test-dir/MiniOzoneClusterImpl-b9e3a967-622d-41f2-af2c-36316d08c0b1/datanode-2/data/containers/hdds of  storage type : DISK and capacity : 52710309888
2019-07-14 16:41:46,775 INFO  volume.VolumeSet (VolumeSet.java:initializeVolumeSet(170)) - Added Volume : /workdir/hadoop-ozone/integration-test/target/test-dir/MiniOzoneClusterImpl-b9e3a967-622d-41f2-af2c-36316d08c0b1/datanode-2/data/containers/hdds to VolumeSet
2019-07-14 16:41:46,775 INFO  volume.ThrottledAsyncChecker (ThrottledAsyncChecker.java:schedule(140)) - Scheduling a check for org.apache.hadoop.ozone.container.common.volume.HddsVolume@5fed9976
2019-07-14 16:41:46,776 INFO  datanode.InitDatanodeState (InitDatanodeState.java:persistContainerDatanodeDetails(140)) - DatanodeDetails is persisted to /workdir/hadoop-ozone/integration-test/target/test-dir/MiniOzoneClusterImpl-b9e3a967-622d-41f2-af2c-36316d08c0b1/datanode-1/meta/datanode.id
2019-07-14 16:41:46,776 INFO  volume.HddsVolumeChecker (HddsVolumeChecker.java:checkAllVolumes(203)) - Scheduled health check for volume org.apache.hadoop.ozone.container.common.volume.HddsVolume@5fed9976
2019-07-14 16:41:46,791 INFO  impl.RaftServerProxy (ConfUtils.java:logGet(43)) - raft.rpc.type = GRPC (default)
2019-07-14 16:41:46,791 INFO  grpc.GrpcFactory (GrpcFactory.java:checkPooledByteBufAllocatorUseCacheForAllThreads(45)) - PERFORMANCE WARNING: useCacheForAllThreads is true that may cause Netty to create a lot garbage objects and, as a result, trigger GC.
	It is recommended to disable useCacheForAllThreads by setting -Dorg.apache.ratis.thirdparty.io.netty.allocator.useCacheForAllThreads=false in command line.
2019-07-14 16:41:46,791 INFO  grpc.GrpcConfigKeys$Server (ConfUtils.java:logGet(43)) - raft.grpc.server.port = 0 (default)
2019-07-14 16:41:46,792 INFO  server.GrpcService (ConfUtils.java:logGet(43)) - raft.grpc.message.size.max = 33570816 (custom)
2019-07-14 16:41:46,792 INFO  server.RaftServerConfigKeys (ConfUtils.java:logGet(43)) - raft.server.log.appender.buffer.byte-limit = 33554432 (custom)
2019-07-14 16:41:46,792 INFO  server.GrpcService (ConfUtils.java:logGet(43)) - raft.grpc.flow.control.window = 1MB (=1048576) (default)
2019-07-14 16:41:46,792 INFO  server.RaftServerConfigKeys (ConfUtils.java:logGet(43)) - raft.server.rpc.request.timeout = 3000ms (default)
2019-07-14 16:41:46,793 INFO  server.RaftServerConfigKeys (ConfUtils.java:logGet(43)) - raft.server.storage.dir = [/workdir/hadoop-ozone/integration-test/target/test-dir/MiniOzoneClusterImpl-b9e3a967-622d-41f2-af2c-36316d08c0b1/datanode-2/data/ratis] (custom)
2019-07-14 16:41:46,794 INFO  replication.SimpleContainerDownloader (SimpleContainerDownloader.java:<init>(72)) - Starting container downloader service to copy containers to replicate.
2019-07-14 16:41:46,795 INFO  hdfs.DFSUtil (DFSUtil.java:httpServerTemplateForNNAndJN(1641)) - Starting Web-server for hddsDatanode at: http://0.0.0.0:0
2019-07-14 16:41:46,797 INFO  server.AuthenticationFilter (AuthenticationFilter.java:constructSecretProvider(240)) - Unable to initialize FileSignerSecretProvider, falling back to use random secrets.
2019-07-14 16:41:46,798 WARN  http.HttpRequestLog (HttpRequestLog.java:getRequestLog(97)) - Jetty request log can only be enabled using Log4j
2019-07-14 16:41:46,800 INFO  http.HttpServer2 (HttpServer2.java:addGlobalFilter(975)) - Added global filter 'safety' (class=org.apache.hadoop.http.HttpServer2$QuotingInputFilter)
2019-07-14 16:41:46,801 INFO  http.HttpServer2 (HttpServer2.java:addFilter(948)) - Added filter static_user_filter (class=org.apache.hadoop.http.lib.StaticUserWebFilter$StaticUserFilter) to context hddsDatanode
2019-07-14 16:41:46,802 INFO  http.HttpServer2 (HttpServer2.java:addFilter(958)) - Added filter static_user_filter (class=org.apache.hadoop.http.lib.StaticUserWebFilter$StaticUserFilter) to context logs
2019-07-14 16:41:46,802 INFO  http.HttpServer2 (HttpServer2.java:addFilter(958)) - Added filter static_user_filter (class=org.apache.hadoop.http.lib.StaticUserWebFilter$StaticUserFilter) to context static
2019-07-14 16:41:46,803 INFO  http.HttpServer2 (HttpServer2.java:bindListener(1191)) - Jetty bound to port 42615
2019-07-14 16:41:46,803 INFO  server.Server (Server.java:doStart(351)) - jetty-9.3.24.v20180605, build timestamp: 2018-06-05T17:11:56Z, git hash: 84205aa28f11a4f31f2a3b86d1bba2cc8ab69827
2019-07-14 16:41:46,808 INFO  handler.ContextHandler (ContextHandler.java:doStart(781)) - Started o.e.j.s.ServletContextHandler@644a3add{/logs,file:///workdir/hadoop-ozone/integration-test/target/log,AVAILABLE}
2019-07-14 16:41:46,809 INFO  handler.ContextHandler (ContextHandler.java:doStart(781)) - Started o.e.j.s.ServletContextHandler@4665428b{/static,jar:file:/home/user/.m2/repository/org/apache/hadoop/hadoop-hdds-container-service/0.5.0-SNAPSHOT/hadoop-hdds-container-service-0.5.0-SNAPSHOT.jar!/webapps/static,AVAILABLE}
2019-07-14 16:41:46,848 INFO  handler.ContextHandler (ContextHandler.java:doStart(781)) - Started o.e.j.w.WebAppContext@2abafa97{/,file:///tmp/jetty-0.0.0.0-42615-hddsDatanode-_-any-7633373002908460155.dir/webapp/,AVAILABLE}{/hddsDatanode}
2019-07-14 16:41:46,849 INFO  server.AbstractConnector (AbstractConnector.java:doStart(278)) - Started ServerConnector@6f6cc7da{HTTP/1.1,[http/1.1]}{0.0.0.0:42615}
2019-07-14 16:41:46,850 INFO  server.Server (Server.java:doStart(419)) - Started @6652ms
2019-07-14 16:41:46,852 INFO  server.BaseHttpServer (BaseHttpServer.java:updateConnectorAddress(207)) - HTTP server of HDDSDATANODE is listening at http://0.0.0.0:42615
2019-07-14 16:41:46,989 INFO  ozone.HddsDatanodeService (HddsDatanodeService.java:startPlugins(396)) - Started plug-in org.apache.hadoop.ozone.web.OzoneHddsDatanodeService@7c7e73c5
2019-07-14 16:41:46,990 INFO  impl.MetricsSystemImpl (MetricsSystemImpl.java:init(158)) - HddsDatanode metrics system started (again)
2019-07-14 16:41:46,993 INFO  ozone.HddsDatanodeService (HddsDatanodeService.java:start(185)) - HddsDatanodeService host:pr-hdds-1710-5x6jb-1204890111 ip:192.168.69.77
2019-07-14 16:41:46,994 INFO  util.JvmPauseMonitor (JvmPauseMonitor.java:run(188)) - Starting JVM pause monitor
2019-07-14 16:41:46,997 INFO  datanode.InitDatanodeState (InitDatanodeState.java:persistContainerDatanodeDetails(140)) - DatanodeDetails is persisted to /workdir/hadoop-ozone/integration-test/target/test-dir/MiniOzoneClusterImpl-b9e3a967-622d-41f2-af2c-36316d08c0b1/datanode-2/meta/datanode.id
2019-07-14 16:41:47,003 INFO  volume.HddsVolume (HddsVolume.java:<init>(176)) - Creating Volume: /workdir/hadoop-ozone/integration-test/target/test-dir/MiniOzoneClusterImpl-b9e3a967-622d-41f2-af2c-36316d08c0b1/datanode-3/data/containers/hdds of  storage type : DISK and capacity : 52710309888
2019-07-14 16:41:47,003 INFO  volume.VolumeSet (VolumeSet.java:initializeVolumeSet(170)) - Added Volume : /workdir/hadoop-ozone/integration-test/target/test-dir/MiniOzoneClusterImpl-b9e3a967-622d-41f2-af2c-36316d08c0b1/datanode-3/data/containers/hdds to VolumeSet
2019-07-14 16:41:47,004 INFO  volume.ThrottledAsyncChecker (ThrottledAsyncChecker.java:schedule(140)) - Scheduling a check for org.apache.hadoop.ozone.container.common.volume.HddsVolume@11df2829
2019-07-14 16:41:47,004 INFO  volume.HddsVolumeChecker (HddsVolumeChecker.java:checkAllVolumes(203)) - Scheduled health check for volume org.apache.hadoop.ozone.container.common.volume.HddsVolume@11df2829
2019-07-14 16:41:47,018 INFO  impl.RaftServerProxy (ConfUtils.java:logGet(43)) - raft.rpc.type = GRPC (default)
2019-07-14 16:41:47,019 INFO  grpc.GrpcFactory (GrpcFactory.java:checkPooledByteBufAllocatorUseCacheForAllThreads(45)) - PERFORMANCE WARNING: useCacheForAllThreads is true that may cause Netty to create a lot garbage objects and, as a result, trigger GC.
	It is recommended to disable useCacheForAllThreads by setting -Dorg.apache.ratis.thirdparty.io.netty.allocator.useCacheForAllThreads=false in command line.
2019-07-14 16:41:47,019 INFO  grpc.GrpcConfigKeys$Server (ConfUtils.java:logGet(43)) - raft.grpc.server.port = 0 (default)
2019-07-14 16:41:47,019 INFO  server.GrpcService (ConfUtils.java:logGet(43)) - raft.grpc.message.size.max = 33570816 (custom)
2019-07-14 16:41:47,019 INFO  server.RaftServerConfigKeys (ConfUtils.java:logGet(43)) - raft.server.log.appender.buffer.byte-limit = 33554432 (custom)
2019-07-14 16:41:47,020 INFO  server.GrpcService (ConfUtils.java:logGet(43)) - raft.grpc.flow.control.window = 1MB (=1048576) (default)
2019-07-14 16:41:47,020 INFO  server.RaftServerConfigKeys (ConfUtils.java:logGet(43)) - raft.server.rpc.request.timeout = 3000ms (default)
2019-07-14 16:41:47,020 INFO  server.RaftServerConfigKeys (ConfUtils.java:logGet(43)) - raft.server.storage.dir = [/workdir/hadoop-ozone/integration-test/target/test-dir/MiniOzoneClusterImpl-b9e3a967-622d-41f2-af2c-36316d08c0b1/datanode-3/data/ratis] (custom)
2019-07-14 16:41:47,021 INFO  replication.SimpleContainerDownloader (SimpleContainerDownloader.java:<init>(72)) - Starting container downloader service to copy containers to replicate.
2019-07-14 16:41:47,022 INFO  hdfs.DFSUtil (DFSUtil.java:httpServerTemplateForNNAndJN(1641)) - Starting Web-server for hddsDatanode at: http://0.0.0.0:0
2019-07-14 16:41:47,023 INFO  server.AuthenticationFilter (AuthenticationFilter.java:constructSecretProvider(240)) - Unable to initialize FileSignerSecretProvider, falling back to use random secrets.
2019-07-14 16:41:47,024 WARN  http.HttpRequestLog (HttpRequestLog.java:getRequestLog(97)) - Jetty request log can only be enabled using Log4j
2019-07-14 16:41:47,025 INFO  http.HttpServer2 (HttpServer2.java:addGlobalFilter(975)) - Added global filter 'safety' (class=org.apache.hadoop.http.HttpServer2$QuotingInputFilter)
2019-07-14 16:41:47,026 INFO  http.HttpServer2 (HttpServer2.java:addFilter(948)) - Added filter static_user_filter (class=org.apache.hadoop.http.lib.StaticUserWebFilter$StaticUserFilter) to context hddsDatanode
2019-07-14 16:41:47,026 INFO  http.HttpServer2 (HttpServer2.java:addFilter(958)) - Added filter static_user_filter (class=org.apache.hadoop.http.lib.StaticUserWebFilter$StaticUserFilter) to context logs
2019-07-14 16:41:47,026 INFO  http.HttpServer2 (HttpServer2.java:addFilter(958)) - Added filter static_user_filter (class=org.apache.hadoop.http.lib.StaticUserWebFilter$StaticUserFilter) to context static
2019-07-14 16:41:47,027 INFO  http.HttpServer2 (HttpServer2.java:bindListener(1191)) - Jetty bound to port 44715
2019-07-14 16:41:47,027 INFO  server.Server (Server.java:doStart(351)) - jetty-9.3.24.v20180605, build timestamp: 2018-06-05T17:11:56Z, git hash: 84205aa28f11a4f31f2a3b86d1bba2cc8ab69827
2019-07-14 16:41:47,030 INFO  handler.ContextHandler (ContextHandler.java:doStart(781)) - Started o.e.j.s.ServletContextHandler@580902cd{/logs,file:///workdir/hadoop-ozone/integration-test/target/log,AVAILABLE}
2019-07-14 16:41:47,030 INFO  handler.ContextHandler (ContextHandler.java:doStart(781)) - Started o.e.j.s.ServletContextHandler@1653b84e{/static,jar:file:/home/user/.m2/repository/org/apache/hadoop/hadoop-hdds-container-service/0.5.0-SNAPSHOT/hadoop-hdds-container-service-0.5.0-SNAPSHOT.jar!/webapps/static,AVAILABLE}
2019-07-14 16:41:47,058 INFO  handler.ContextHandler (ContextHandler.java:doStart(781)) - Started o.e.j.w.WebAppContext@44bc2449{/,file:///tmp/jetty-0.0.0.0-44715-hddsDatanode-_-any-8993752077535146159.dir/webapp/,AVAILABLE}{/hddsDatanode}
2019-07-14 16:41:47,059 INFO  server.AbstractConnector (AbstractConnector.java:doStart(278)) - Started ServerConnector@3c28e5b6{HTTP/1.1,[http/1.1]}{0.0.0.0:44715}
2019-07-14 16:41:47,059 INFO  server.Server (Server.java:doStart(419)) - Started @6862ms
2019-07-14 16:41:47,061 INFO  server.BaseHttpServer (BaseHttpServer.java:updateConnectorAddress(207)) - HTTP server of HDDSDATANODE is listening at http://0.0.0.0:44715
2019-07-14 16:41:47,190 INFO  ozone.HddsDatanodeService (HddsDatanodeService.java:startPlugins(396)) - Started plug-in org.apache.hadoop.ozone.web.OzoneHddsDatanodeService@3815146b
2019-07-14 16:41:47,191 INFO  impl.MetricsSystemImpl (MetricsSystemImpl.java:init(158)) - HddsDatanode metrics system started (again)
2019-07-14 16:41:47,194 INFO  ozone.HddsDatanodeService (HddsDatanodeService.java:start(185)) - HddsDatanodeService host:pr-hdds-1710-5x6jb-1204890111 ip:192.168.69.77
2019-07-14 16:41:47,196 INFO  util.JvmPauseMonitor (JvmPauseMonitor.java:run(188)) - Starting JVM pause monitor
2019-07-14 16:41:47,199 INFO  datanode.InitDatanodeState (InitDatanodeState.java:persistContainerDatanodeDetails(140)) - DatanodeDetails is persisted to /workdir/hadoop-ozone/integration-test/target/test-dir/MiniOzoneClusterImpl-b9e3a967-622d-41f2-af2c-36316d08c0b1/datanode-3/meta/datanode.id
2019-07-14 16:41:47,204 INFO  volume.HddsVolume (HddsVolume.java:<init>(176)) - Creating Volume: /workdir/hadoop-ozone/integration-test/target/test-dir/MiniOzoneClusterImpl-b9e3a967-622d-41f2-af2c-36316d08c0b1/datanode-4/data/containers/hdds of  storage type : DISK and capacity : 52710309888
2019-07-14 16:41:47,204 INFO  volume.VolumeSet (VolumeSet.java:initializeVolumeSet(170)) - Added Volume : /workdir/hadoop-ozone/integration-test/target/test-dir/MiniOzoneClusterImpl-b9e3a967-622d-41f2-af2c-36316d08c0b1/datanode-4/data/containers/hdds to VolumeSet
2019-07-14 16:41:47,205 INFO  volume.ThrottledAsyncChecker (ThrottledAsyncChecker.java:schedule(140)) - Scheduling a check for org.apache.hadoop.ozone.container.common.volume.HddsVolume@20349058
2019-07-14 16:41:47,205 INFO  volume.HddsVolumeChecker (HddsVolumeChecker.java:checkAllVolumes(203)) - Scheduled health check for volume org.apache.hadoop.ozone.container.common.volume.HddsVolume@20349058
2019-07-14 16:41:47,219 INFO  impl.RaftServerProxy (ConfUtils.java:logGet(43)) - raft.rpc.type = GRPC (default)
2019-07-14 16:41:47,219 INFO  grpc.GrpcFactory (GrpcFactory.java:checkPooledByteBufAllocatorUseCacheForAllThreads(45)) - PERFORMANCE WARNING: useCacheForAllThreads is true that may cause Netty to create a lot garbage objects and, as a result, trigger GC.
	It is recommended to disable useCacheForAllThreads by setting -Dorg.apache.ratis.thirdparty.io.netty.allocator.useCacheForAllThreads=false in command line.
2019-07-14 16:41:47,219 INFO  grpc.GrpcConfigKeys$Server (ConfUtils.java:logGet(43)) - raft.grpc.server.port = 0 (default)
2019-07-14 16:41:47,220 INFO  server.GrpcService (ConfUtils.java:logGet(43)) - raft.grpc.message.size.max = 33570816 (custom)
2019-07-14 16:41:47,220 INFO  server.RaftServerConfigKeys (ConfUtils.java:logGet(43)) - raft.server.log.appender.buffer.byte-limit = 33554432 (custom)
2019-07-14 16:41:47,220 INFO  server.GrpcService (ConfUtils.java:logGet(43)) - raft.grpc.flow.control.window = 1MB (=1048576) (default)
2019-07-14 16:41:47,220 INFO  server.RaftServerConfigKeys (ConfUtils.java:logGet(43)) - raft.server.rpc.request.timeout = 3000ms (default)
2019-07-14 16:41:47,221 INFO  server.RaftServerConfigKeys (ConfUtils.java:logGet(43)) - raft.server.storage.dir = [/workdir/hadoop-ozone/integration-test/target/test-dir/MiniOzoneClusterImpl-b9e3a967-622d-41f2-af2c-36316d08c0b1/datanode-4/data/ratis] (custom)
2019-07-14 16:41:47,222 INFO  replication.SimpleContainerDownloader (SimpleContainerDownloader.java:<init>(72)) - Starting container downloader service to copy containers to replicate.
2019-07-14 16:41:47,223 INFO  hdfs.DFSUtil (DFSUtil.java:httpServerTemplateForNNAndJN(1641)) - Starting Web-server for hddsDatanode at: http://0.0.0.0:0
2019-07-14 16:41:47,224 INFO  server.AuthenticationFilter (AuthenticationFilter.java:constructSecretProvider(240)) - Unable to initialize FileSignerSecretProvider, falling back to use random secrets.
2019-07-14 16:41:47,225 WARN  http.HttpRequestLog (HttpRequestLog.java:getRequestLog(97)) - Jetty request log can only be enabled using Log4j
2019-07-14 16:41:47,226 INFO  http.HttpServer2 (HttpServer2.java:addGlobalFilter(975)) - Added global filter 'safety' (class=org.apache.hadoop.http.HttpServer2$QuotingInputFilter)
2019-07-14 16:41:47,227 INFO  http.HttpServer2 (HttpServer2.java:addFilter(948)) - Added filter static_user_filter (class=org.apache.hadoop.http.lib.StaticUserWebFilter$StaticUserFilter) to context hddsDatanode
2019-07-14 16:41:47,227 INFO  http.HttpServer2 (HttpServer2.java:addFilter(958)) - Added filter static_user_filter (class=org.apache.hadoop.http.lib.StaticUserWebFilter$StaticUserFilter) to context static
2019-07-14 16:41:47,227 INFO  http.HttpServer2 (HttpServer2.java:addFilter(958)) - Added filter static_user_filter (class=org.apache.hadoop.http.lib.StaticUserWebFilter$StaticUserFilter) to context logs
2019-07-14 16:41:47,228 INFO  http.HttpServer2 (HttpServer2.java:bindListener(1191)) - Jetty bound to port 46760
2019-07-14 16:41:47,228 INFO  server.Server (Server.java:doStart(351)) - jetty-9.3.24.v20180605, build timestamp: 2018-06-05T17:11:56Z, git hash: 84205aa28f11a4f31f2a3b86d1bba2cc8ab69827
2019-07-14 16:41:47,233 INFO  handler.ContextHandler (ContextHandler.java:doStart(781)) - Started o.e.j.s.ServletContextHandler@37c7766e{/logs,file:///workdir/hadoop-ozone/integration-test/target/log,AVAILABLE}
2019-07-14 16:41:47,234 INFO  handler.ContextHandler (ContextHandler.java:doStart(781)) - Started o.e.j.s.ServletContextHandler@4b7ed03e{/static,jar:file:/home/user/.m2/repository/org/apache/hadoop/hadoop-hdds-container-service/0.5.0-SNAPSHOT/hadoop-hdds-container-service-0.5.0-SNAPSHOT.jar!/webapps/static,AVAILABLE}
2019-07-14 16:41:47,262 INFO  handler.ContextHandler (ContextHandler.java:doStart(781)) - Started o.e.j.w.WebAppContext@6d294ddc{/,file:///tmp/jetty-0.0.0.0-46760-hddsDatanode-_-any-3692324270911953300.dir/webapp/,AVAILABLE}{/hddsDatanode}
2019-07-14 16:41:47,263 INFO  server.AbstractConnector (AbstractConnector.java:doStart(278)) - Started ServerConnector@2801827a{HTTP/1.1,[http/1.1]}{0.0.0.0:46760}
2019-07-14 16:41:47,264 INFO  server.Server (Server.java:doStart(419)) - Started @7066ms
2019-07-14 16:41:47,264 INFO  server.BaseHttpServer (BaseHttpServer.java:updateConnectorAddress(207)) - HTTP server of HDDSDATANODE is listening at http://0.0.0.0:46760
2019-07-14 16:41:47,395 INFO  ozone.HddsDatanodeService (HddsDatanodeService.java:startPlugins(396)) - Started plug-in org.apache.hadoop.ozone.web.OzoneHddsDatanodeService@2017f6e6
2019-07-14 16:41:47,396 INFO  impl.MetricsSystemImpl (MetricsSystemImpl.java:init(158)) - HddsDatanode metrics system started (again)
2019-07-14 16:41:47,400 INFO  ozone.HddsDatanodeService (HddsDatanodeService.java:start(185)) - HddsDatanodeService host:pr-hdds-1710-5x6jb-1204890111 ip:192.168.69.77
2019-07-14 16:41:47,401 INFO  util.JvmPauseMonitor (JvmPauseMonitor.java:run(188)) - Starting JVM pause monitor
2019-07-14 16:41:47,404 INFO  datanode.InitDatanodeState (InitDatanodeState.java:persistContainerDatanodeDetails(140)) - DatanodeDetails is persisted to /workdir/hadoop-ozone/integration-test/target/test-dir/MiniOzoneClusterImpl-b9e3a967-622d-41f2-af2c-36316d08c0b1/datanode-4/meta/datanode.id
2019-07-14 16:41:47,409 INFO  volume.HddsVolume (HddsVolume.java:<init>(176)) - Creating Volume: /workdir/hadoop-ozone/integration-test/target/test-dir/MiniOzoneClusterImpl-b9e3a967-622d-41f2-af2c-36316d08c0b1/datanode-5/data/containers/hdds of  storage type : DISK and capacity : 52710309888
2019-07-14 16:41:47,409 INFO  volume.VolumeSet (VolumeSet.java:initializeVolumeSet(170)) - Added Volume : /workdir/hadoop-ozone/integration-test/target/test-dir/MiniOzoneClusterImpl-b9e3a967-622d-41f2-af2c-36316d08c0b1/datanode-5/data/containers/hdds to VolumeSet
2019-07-14 16:41:47,410 INFO  volume.ThrottledAsyncChecker (ThrottledAsyncChecker.java:schedule(140)) - Scheduling a check for org.apache.hadoop.ozone.container.common.volume.HddsVolume@336f49a1
2019-07-14 16:41:47,410 INFO  volume.HddsVolumeChecker (HddsVolumeChecker.java:checkAllVolumes(203)) - Scheduled health check for volume org.apache.hadoop.ozone.container.common.volume.HddsVolume@336f49a1
2019-07-14 16:41:47,425 INFO  impl.RaftServerProxy (ConfUtils.java:logGet(43)) - raft.rpc.type = GRPC (default)
2019-07-14 16:41:47,425 INFO  grpc.GrpcFactory (GrpcFactory.java:checkPooledByteBufAllocatorUseCacheForAllThreads(45)) - PERFORMANCE WARNING: useCacheForAllThreads is true that may cause Netty to create a lot garbage objects and, as a result, trigger GC.
	It is recommended to disable useCacheForAllThreads by setting -Dorg.apache.ratis.thirdparty.io.netty.allocator.useCacheForAllThreads=false in command line.
2019-07-14 16:41:47,426 INFO  grpc.GrpcConfigKeys$Server (ConfUtils.java:logGet(43)) - raft.grpc.server.port = 0 (default)
2019-07-14 16:41:47,426 INFO  server.GrpcService (ConfUtils.java:logGet(43)) - raft.grpc.message.size.max = 33570816 (custom)
2019-07-14 16:41:47,426 INFO  server.RaftServerConfigKeys (ConfUtils.java:logGet(43)) - raft.server.log.appender.buffer.byte-limit = 33554432 (custom)
2019-07-14 16:41:47,426 INFO  server.GrpcService (ConfUtils.java:logGet(43)) - raft.grpc.flow.control.window = 1MB (=1048576) (default)
2019-07-14 16:41:47,427 INFO  server.RaftServerConfigKeys (ConfUtils.java:logGet(43)) - raft.server.rpc.request.timeout = 3000ms (default)
2019-07-14 16:41:47,427 INFO  server.RaftServerConfigKeys (ConfUtils.java:logGet(43)) - raft.server.storage.dir = [/workdir/hadoop-ozone/integration-test/target/test-dir/MiniOzoneClusterImpl-b9e3a967-622d-41f2-af2c-36316d08c0b1/datanode-5/data/ratis] (custom)
2019-07-14 16:41:47,428 INFO  replication.SimpleContainerDownloader (SimpleContainerDownloader.java:<init>(72)) - Starting container downloader service to copy containers to replicate.
2019-07-14 16:41:47,429 INFO  hdfs.DFSUtil (DFSUtil.java:httpServerTemplateForNNAndJN(1641)) - Starting Web-server for hddsDatanode at: http://0.0.0.0:0
2019-07-14 16:41:47,430 INFO  server.AuthenticationFilter (AuthenticationFilter.java:constructSecretProvider(240)) - Unable to initialize FileSignerSecretProvider, falling back to use random secrets.
2019-07-14 16:41:47,431 WARN  http.HttpRequestLog (HttpRequestLog.java:getRequestLog(97)) - Jetty request log can only be enabled using Log4j
2019-07-14 16:41:47,432 INFO  http.HttpServer2 (HttpServer2.java:addGlobalFilter(975)) - Added global filter 'safety' (class=org.apache.hadoop.http.HttpServer2$QuotingInputFilter)
2019-07-14 16:41:47,433 INFO  http.HttpServer2 (HttpServer2.java:addFilter(948)) - Added filter static_user_filter (class=org.apache.hadoop.http.lib.StaticUserWebFilter$StaticUserFilter) to context hddsDatanode
2019-07-14 16:41:47,433 INFO  http.HttpServer2 (HttpServer2.java:addFilter(958)) - Added filter static_user_filter (class=org.apache.hadoop.http.lib.StaticUserWebFilter$StaticUserFilter) to context static
2019-07-14 16:41:47,433 INFO  http.HttpServer2 (HttpServer2.java:addFilter(958)) - Added filter static_user_filter (class=org.apache.hadoop.http.lib.StaticUserWebFilter$StaticUserFilter) to context logs
2019-07-14 16:41:47,434 INFO  http.HttpServer2 (HttpServer2.java:bindListener(1191)) - Jetty bound to port 40222
2019-07-14 16:41:47,434 INFO  server.Server (Server.java:doStart(351)) - jetty-9.3.24.v20180605, build timestamp: 2018-06-05T17:11:56Z, git hash: 84205aa28f11a4f31f2a3b86d1bba2cc8ab69827
2019-07-14 16:41:47,437 INFO  handler.ContextHandler (ContextHandler.java:doStart(781)) - Started o.e.j.s.ServletContextHandler@78116659{/logs,file:///workdir/hadoop-ozone/integration-test/target/log,AVAILABLE}
2019-07-14 16:41:47,437 INFO  handler.ContextHandler (ContextHandler.java:doStart(781)) - Started o.e.j.s.ServletContextHandler@53ea380b{/static,jar:file:/home/user/.m2/repository/org/apache/hadoop/hadoop-hdds-container-service/0.5.0-SNAPSHOT/hadoop-hdds-container-service-0.5.0-SNAPSHOT.jar!/webapps/static,AVAILABLE}
2019-07-14 16:41:47,466 INFO  handler.ContextHandler (ContextHandler.java:doStart(781)) - Started o.e.j.w.WebAppContext@4863c8ac{/,file:///tmp/jetty-0.0.0.0-40222-hddsDatanode-_-any-5506691433693675366.dir/webapp/,AVAILABLE}{/hddsDatanode}
2019-07-14 16:41:47,467 INFO  server.AbstractConnector (AbstractConnector.java:doStart(278)) - Started ServerConnector@56fda064{HTTP/1.1,[http/1.1]}{0.0.0.0:40222}
2019-07-14 16:41:47,467 INFO  server.Server (Server.java:doStart(419)) - Started @7270ms
2019-07-14 16:41:47,468 INFO  server.BaseHttpServer (BaseHttpServer.java:updateConnectorAddress(207)) - HTTP server of HDDSDATANODE is listening at http://0.0.0.0:40222
2019-07-14 16:41:47,608 INFO  ozone.HddsDatanodeService (HddsDatanodeService.java:startPlugins(396)) - Started plug-in org.apache.hadoop.ozone.web.OzoneHddsDatanodeService@2baac4a7
2019-07-14 16:41:47,609 INFO  impl.MetricsSystemImpl (MetricsSystemImpl.java:init(158)) - HddsDatanode metrics system started (again)
2019-07-14 16:41:47,613 INFO  ozone.HddsDatanodeService (HddsDatanodeService.java:start(185)) - HddsDatanodeService host:pr-hdds-1710-5x6jb-1204890111 ip:192.168.69.77
2019-07-14 16:41:47,614 INFO  util.JvmPauseMonitor (JvmPauseMonitor.java:run(188)) - Starting JVM pause monitor
2019-07-14 16:41:47,616 INFO  datanode.InitDatanodeState (InitDatanodeState.java:persistContainerDatanodeDetails(140)) - DatanodeDetails is persisted to /workdir/hadoop-ozone/integration-test/target/test-dir/MiniOzoneClusterImpl-b9e3a967-622d-41f2-af2c-36316d08c0b1/datanode-5/meta/datanode.id
2019-07-14 16:41:47,623 INFO  volume.HddsVolume (HddsVolume.java:<init>(176)) - Creating Volume: /workdir/hadoop-ozone/integration-test/target/test-dir/MiniOzoneClusterImpl-b9e3a967-622d-41f2-af2c-36316d08c0b1/datanode-6/data/containers/hdds of  storage type : DISK and capacity : 52710309888
2019-07-14 16:41:47,624 INFO  volume.VolumeSet (VolumeSet.java:initializeVolumeSet(170)) - Added Volume : /workdir/hadoop-ozone/integration-test/target/test-dir/MiniOzoneClusterImpl-b9e3a967-622d-41f2-af2c-36316d08c0b1/datanode-6/data/containers/hdds to VolumeSet
2019-07-14 16:41:47,624 INFO  volume.ThrottledAsyncChecker (ThrottledAsyncChecker.java:schedule(140)) - Scheduling a check for org.apache.hadoop.ozone.container.common.volume.HddsVolume@4d7cac24
2019-07-14 16:41:47,625 INFO  volume.HddsVolumeChecker (HddsVolumeChecker.java:checkAllVolumes(203)) - Scheduled health check for volume org.apache.hadoop.ozone.container.common.volume.HddsVolume@4d7cac24
2019-07-14 16:41:47,641 INFO  impl.RaftServerProxy (ConfUtils.java:logGet(43)) - raft.rpc.type = GRPC (default)
2019-07-14 16:41:47,641 INFO  grpc.GrpcFactory (GrpcFactory.java:checkPooledByteBufAllocatorUseCacheForAllThreads(45)) - PERFORMANCE WARNING: useCacheForAllThreads is true that may cause Netty to create a lot garbage objects and, as a result, trigger GC.
	It is recommended to disable useCacheForAllThreads by setting -Dorg.apache.ratis.thirdparty.io.netty.allocator.useCacheForAllThreads=false in command line.
2019-07-14 16:41:47,641 INFO  grpc.GrpcConfigKeys$Server (ConfUtils.java:logGet(43)) - raft.grpc.server.port = 0 (default)
2019-07-14 16:41:47,642 INFO  server.GrpcService (ConfUtils.java:logGet(43)) - raft.grpc.message.size.max = 33570816 (custom)
2019-07-14 16:41:47,642 INFO  server.RaftServerConfigKeys (ConfUtils.java:logGet(43)) - raft.server.log.appender.buffer.byte-limit = 33554432 (custom)
2019-07-14 16:41:47,642 INFO  server.GrpcService (ConfUtils.java:logGet(43)) - raft.grpc.flow.control.window = 1MB (=1048576) (default)
2019-07-14 16:41:47,642 INFO  server.RaftServerConfigKeys (ConfUtils.java:logGet(43)) - raft.server.rpc.request.timeout = 3000ms (default)
2019-07-14 16:41:47,643 INFO  server.RaftServerConfigKeys (ConfUtils.java:logGet(43)) - raft.server.storage.dir = [/workdir/hadoop-ozone/integration-test/target/test-dir/MiniOzoneClusterImpl-b9e3a967-622d-41f2-af2c-36316d08c0b1/datanode-6/data/ratis] (custom)
2019-07-14 16:41:47,644 INFO  replication.SimpleContainerDownloader (SimpleContainerDownloader.java:<init>(72)) - Starting container downloader service to copy containers to replicate.
2019-07-14 16:41:47,645 INFO  hdfs.DFSUtil (DFSUtil.java:httpServerTemplateForNNAndJN(1641)) - Starting Web-server for hddsDatanode at: http://0.0.0.0:0
2019-07-14 16:41:47,646 INFO  server.AuthenticationFilter (AuthenticationFilter.java:constructSecretProvider(240)) - Unable to initialize FileSignerSecretProvider, falling back to use random secrets.
2019-07-14 16:41:47,647 WARN  http.HttpRequestLog (HttpRequestLog.java:getRequestLog(97)) - Jetty request log can only be enabled using Log4j
2019-07-14 16:41:47,649 INFO  http.HttpServer2 (HttpServer2.java:addGlobalFilter(975)) - Added global filter 'safety' (class=org.apache.hadoop.http.HttpServer2$QuotingInputFilter)
2019-07-14 16:41:47,650 INFO  http.HttpServer2 (HttpServer2.java:addFilter(948)) - Added filter static_user_filter (class=org.apache.hadoop.http.lib.StaticUserWebFilter$StaticUserFilter) to context hddsDatanode
2019-07-14 16:41:47,650 INFO  http.HttpServer2 (HttpServer2.java:addFilter(958)) - Added filter static_user_filter (class=org.apache.hadoop.http.lib.StaticUserWebFilter$StaticUserFilter) to context static
2019-07-14 16:41:47,650 INFO  http.HttpServer2 (HttpServer2.java:addFilter(958)) - Added filter static_user_filter (class=org.apache.hadoop.http.lib.StaticUserWebFilter$StaticUserFilter) to context logs
2019-07-14 16:41:47,651 INFO  http.HttpServer2 (HttpServer2.java:bindListener(1191)) - Jetty bound to port 42698
2019-07-14 16:41:47,651 INFO  server.Server (Server.java:doStart(351)) - jetty-9.3.24.v20180605, build timestamp: 2018-06-05T17:11:56Z, git hash: 84205aa28f11a4f31f2a3b86d1bba2cc8ab69827
2019-07-14 16:41:47,655 INFO  handler.ContextHandler (ContextHandler.java:doStart(781)) - Started o.e.j.s.ServletContextHandler@59328218{/logs,file:///workdir/hadoop-ozone/integration-test/target/log,AVAILABLE}
2019-07-14 16:41:47,656 INFO  handler.ContextHandler (ContextHandler.java:doStart(781)) - Started o.e.j.s.ServletContextHandler@478967eb{/static,jar:file:/home/user/.m2/repository/org/apache/hadoop/hadoop-hdds-container-service/0.5.0-SNAPSHOT/hadoop-hdds-container-service-0.5.0-SNAPSHOT.jar!/webapps/static,AVAILABLE}
2019-07-14 16:41:47,684 INFO  handler.ContextHandler (ContextHandler.java:doStart(781)) - Started o.e.j.w.WebAppContext@388be5fd{/,file:///tmp/jetty-0.0.0.0-42698-hddsDatanode-_-any-1895188029392595025.dir/webapp/,AVAILABLE}{/hddsDatanode}
2019-07-14 16:41:47,684 INFO  server.AbstractConnector (AbstractConnector.java:doStart(278)) - Started ServerConnector@440ef8d{HTTP/1.1,[http/1.1]}{0.0.0.0:42698}
2019-07-14 16:41:47,686 INFO  server.Server (Server.java:doStart(419)) - Started @7488ms
2019-07-14 16:41:47,687 INFO  server.BaseHttpServer (BaseHttpServer.java:updateConnectorAddress(207)) - HTTP server of HDDSDATANODE is listening at http://0.0.0.0:42698
2019-07-14 16:41:47,941 INFO  ozone.HddsDatanodeService (HddsDatanodeService.java:startPlugins(396)) - Started plug-in org.apache.hadoop.ozone.web.OzoneHddsDatanodeService@5940b14e
2019-07-14 16:41:47,945 INFO  ozone.MiniOzoneClusterImpl (MiniOzoneClusterImpl.java:lambda$waitForClusterToBeReady$0(142)) - Waiting for cluster to be ready. Got 0 of 7 DN Heartbeats.
2019-07-14 16:41:47,945 INFO  util.JvmPauseMonitor (JvmPauseMonitor.java:run(188)) - Starting JVM pause monitor
2019-07-14 16:41:47,947 INFO  datanode.InitDatanodeState (InitDatanodeState.java:persistContainerDatanodeDetails(140)) - DatanodeDetails is persisted to /workdir/hadoop-ozone/integration-test/target/test-dir/MiniOzoneClusterImpl-b9e3a967-622d-41f2-af2c-36316d08c0b1/datanode-6/meta/datanode.id
2019-07-14 16:41:48,543 INFO  ozoneimpl.OzoneContainer (OzoneContainer.java:start(186)) - Attempting to start container services.
2019-07-14 16:41:48,545 INFO  ozoneimpl.OzoneContainer (OzoneContainer.java:startContainerScrub(160)) - Background container scrubber has been disabled by hdds.containerscrub.enabled
2019-07-14 16:41:48,546 INFO  ratis.XceiverServerRatis (XceiverServerRatis.java:start(418)) - Starting XceiverServerRatis ed32276d-c3b5-499d-a454-6ae0e61b9e77 at port 0
2019-07-14 16:41:48,566 INFO  impl.RaftServerProxy (RaftServerProxy.java:lambda$start$3(299)) - ed32276d-c3b5-499d-a454-6ae0e61b9e77: start RPC server
2019-07-14 16:41:48,696 INFO  server.GrpcService (GrpcService.java:startImpl(149)) - ed32276d-c3b5-499d-a454-6ae0e61b9e77: GrpcService started, listening on 0.0.0.0/0.0.0.0:37214
2019-07-14 16:41:48,697 INFO  ratis.XceiverServerRatis (XceiverServerRatis.java:start(428)) - XceiverServerRatis ed32276d-c3b5-499d-a454-6ae0e61b9e77 is started using port 37214
2019-07-14 16:41:48,699 INFO  server.XceiverServerGrpc (XceiverServerGrpc.java:start(161)) - XceiverServerGrpc ed32276d-c3b5-499d-a454-6ae0e61b9e77 is started using port 37008
2019-07-14 16:41:48,783 INFO  ozoneimpl.OzoneContainer (OzoneContainer.java:start(186)) - Attempting to start container services.
2019-07-14 16:41:48,786 INFO  ozoneimpl.OzoneContainer (OzoneContainer.java:startContainerScrub(160)) - Background container scrubber has been disabled by hdds.containerscrub.enabled
2019-07-14 16:41:48,786 INFO  ratis.XceiverServerRatis (XceiverServerRatis.java:start(418)) - Starting XceiverServerRatis db92fa66-58a9-421b-9c9b-1bf8484a524a at port 0
2019-07-14 16:41:48,794 INFO  impl.RaftServerProxy (RaftServerProxy.java:lambda$start$3(299)) - db92fa66-58a9-421b-9c9b-1bf8484a524a: start RPC server
2019-07-14 16:41:48,798 INFO  server.GrpcService (GrpcService.java:startImpl(149)) - db92fa66-58a9-421b-9c9b-1bf8484a524a: GrpcService started, listening on 0.0.0.0/0.0.0.0:39084
2019-07-14 16:41:48,798 INFO  ratis.XceiverServerRatis (XceiverServerRatis.java:start(428)) - XceiverServerRatis db92fa66-58a9-421b-9c9b-1bf8484a524a is started using port 39084
2019-07-14 16:41:48,801 INFO  server.XceiverServerGrpc (XceiverServerGrpc.java:start(161)) - XceiverServerGrpc db92fa66-58a9-421b-9c9b-1bf8484a524a is started using port 45295
2019-07-14 16:41:48,945 INFO  ozone.MiniOzoneClusterImpl (MiniOzoneClusterImpl.java:lambda$waitForClusterToBeReady$0(142)) - Waiting for cluster to be ready. Got 0 of 7 DN Heartbeats.
2019-07-14 16:41:49,010 INFO  ozoneimpl.OzoneContainer (OzoneContainer.java:start(186)) - Attempting to start container services.
2019-07-14 16:41:49,015 INFO  ozoneimpl.OzoneContainer (OzoneContainer.java:startContainerScrub(160)) - Background container scrubber has been disabled by hdds.containerscrub.enabled
2019-07-14 16:41:49,015 INFO  ratis.XceiverServerRatis (XceiverServerRatis.java:start(418)) - Starting XceiverServerRatis 3824e43a-eff5-465f-8337-5f1fad9a56ba at port 0
2019-07-14 16:41:49,023 INFO  impl.RaftServerProxy (RaftServerProxy.java:lambda$start$3(299)) - 3824e43a-eff5-465f-8337-5f1fad9a56ba: start RPC server
2019-07-14 16:41:49,026 INFO  server.GrpcService (GrpcService.java:startImpl(149)) - 3824e43a-eff5-465f-8337-5f1fad9a56ba: GrpcService started, listening on 0.0.0.0/0.0.0.0:44398
2019-07-14 16:41:49,026 INFO  ratis.XceiverServerRatis (XceiverServerRatis.java:start(428)) - XceiverServerRatis 3824e43a-eff5-465f-8337-5f1fad9a56ba is started using port 44398
2019-07-14 16:41:49,029 INFO  server.XceiverServerGrpc (XceiverServerGrpc.java:start(161)) - XceiverServerGrpc 3824e43a-eff5-465f-8337-5f1fad9a56ba is started using port 45160
2019-07-14 16:41:49,212 INFO  ozoneimpl.OzoneContainer (OzoneContainer.java:start(186)) - Attempting to start container services.
2019-07-14 16:41:49,212 INFO  ozoneimpl.OzoneContainer (OzoneContainer.java:startContainerScrub(160)) - Background container scrubber has been disabled by hdds.containerscrub.enabled
2019-07-14 16:41:49,212 INFO  ratis.XceiverServerRatis (XceiverServerRatis.java:start(418)) - Starting XceiverServerRatis 7aeff993-62c7-43ce-9136-4228ac6fee1d at port 0
2019-07-14 16:41:49,224 INFO  impl.RaftServerProxy (RaftServerProxy.java:lambda$start$3(299)) - 7aeff993-62c7-43ce-9136-4228ac6fee1d: start RPC server
2019-07-14 16:41:49,228 INFO  server.GrpcService (GrpcService.java:startImpl(149)) - 7aeff993-62c7-43ce-9136-4228ac6fee1d: GrpcService started, listening on 0.0.0.0/0.0.0.0:41484
2019-07-14 16:41:49,228 INFO  ratis.XceiverServerRatis (XceiverServerRatis.java:start(428)) - XceiverServerRatis 7aeff993-62c7-43ce-9136-4228ac6fee1d is started using port 41484
2019-07-14 16:41:49,231 INFO  server.XceiverServerGrpc (XceiverServerGrpc.java:start(161)) - XceiverServerGrpc 7aeff993-62c7-43ce-9136-4228ac6fee1d is started using port 45131
2019-07-14 16:41:49,421 INFO  ozoneimpl.OzoneContainer (OzoneContainer.java:start(186)) - Attempting to start container services.
2019-07-14 16:41:49,421 INFO  ozoneimpl.OzoneContainer (OzoneContainer.java:startContainerScrub(160)) - Background container scrubber has been disabled by hdds.containerscrub.enabled
2019-07-14 16:41:49,421 INFO  ratis.XceiverServerRatis (XceiverServerRatis.java:start(418)) - Starting XceiverServerRatis a4a407f9-093b-4164-9a52-cf7c4be9fa57 at port 0
2019-07-14 16:41:49,432 INFO  impl.RaftServerProxy (RaftServerProxy.java:lambda$start$3(299)) - a4a407f9-093b-4164-9a52-cf7c4be9fa57: start RPC server
2019-07-14 16:41:49,437 INFO  server.GrpcService (GrpcService.java:startImpl(149)) - a4a407f9-093b-4164-9a52-cf7c4be9fa57: GrpcService started, listening on 0.0.0.0/0.0.0.0:44083
2019-07-14 16:41:49,437 INFO  ratis.XceiverServerRatis (XceiverServerRatis.java:start(428)) - XceiverServerRatis a4a407f9-093b-4164-9a52-cf7c4be9fa57 is started using port 44083
2019-07-14 16:41:49,441 INFO  server.XceiverServerGrpc (XceiverServerGrpc.java:start(161)) - XceiverServerGrpc a4a407f9-093b-4164-9a52-cf7c4be9fa57 is started using port 34741
2019-07-14 16:41:49,632 INFO  ozoneimpl.OzoneContainer (OzoneContainer.java:start(186)) - Attempting to start container services.
2019-07-14 16:41:49,632 INFO  ozoneimpl.OzoneContainer (OzoneContainer.java:startContainerScrub(160)) - Background container scrubber has been disabled by hdds.containerscrub.enabled
2019-07-14 16:41:49,633 INFO  ratis.XceiverServerRatis (XceiverServerRatis.java:start(418)) - Starting XceiverServerRatis 9c5e400c-1a94-4ecb-977b-6ee6b901e642 at port 0
2019-07-14 16:41:49,641 INFO  impl.RaftServerProxy (RaftServerProxy.java:lambda$start$3(299)) - 9c5e400c-1a94-4ecb-977b-6ee6b901e642: start RPC server
2019-07-14 16:41:49,646 INFO  server.GrpcService (GrpcService.java:startImpl(149)) - 9c5e400c-1a94-4ecb-977b-6ee6b901e642: GrpcService started, listening on 0.0.0.0/0.0.0.0:41507
2019-07-14 16:41:49,647 INFO  ratis.XceiverServerRatis (XceiverServerRatis.java:start(428)) - XceiverServerRatis 9c5e400c-1a94-4ecb-977b-6ee6b901e642 is started using port 41507
2019-07-14 16:41:49,651 INFO  server.XceiverServerGrpc (XceiverServerGrpc.java:start(161)) - XceiverServerGrpc 9c5e400c-1a94-4ecb-977b-6ee6b901e642 is started using port 33280
2019-07-14 16:41:49,946 INFO  ozone.MiniOzoneClusterImpl (MiniOzoneClusterImpl.java:lambda$waitForClusterToBeReady$0(142)) - Waiting for cluster to be ready. Got 0 of 7 DN Heartbeats.
2019-07-14 16:41:49,963 INFO  ozoneimpl.OzoneContainer (OzoneContainer.java:start(186)) - Attempting to start container services.
2019-07-14 16:41:49,963 INFO  ozoneimpl.OzoneContainer (OzoneContainer.java:startContainerScrub(160)) - Background container scrubber has been disabled by hdds.containerscrub.enabled
2019-07-14 16:41:49,963 INFO  ratis.XceiverServerRatis (XceiverServerRatis.java:start(418)) - Starting XceiverServerRatis e36470be-7608-4cae-8203-ef6ebe47ef75 at port 0
2019-07-14 16:41:49,973 INFO  impl.RaftServerProxy (RaftServerProxy.java:lambda$start$3(299)) - e36470be-7608-4cae-8203-ef6ebe47ef75: start RPC server
2019-07-14 16:41:49,977 INFO  server.GrpcService (GrpcService.java:startImpl(149)) - e36470be-7608-4cae-8203-ef6ebe47ef75: GrpcService started, listening on 0.0.0.0/0.0.0.0:43358
2019-07-14 16:41:49,977 INFO  ratis.XceiverServerRatis (XceiverServerRatis.java:start(428)) - XceiverServerRatis e36470be-7608-4cae-8203-ef6ebe47ef75 is started using port 43358
2019-07-14 16:41:49,981 INFO  server.XceiverServerGrpc (XceiverServerGrpc.java:start(161)) - XceiverServerGrpc e36470be-7608-4cae-8203-ef6ebe47ef75 is started using port 33877
2019-07-14 16:41:50,535 INFO  net.NetworkTopology (NetworkTopologyImpl.java:add(110)) - Added a new node: /default-rack/192.168.69.77
2019-07-14 16:41:50,536 INFO  node.SCMNodeManager (SCMNodeManager.java:register(269)) - Registered Data node : ed32276d-c3b5-499d-a454-6ae0e61b9e77{ip: 192.168.69.77, host: pr-hdds-1710-5x6jb-1204890111, networkLocation: /default-rack, certSerialId: null}
2019-07-14 16:41:50,543 INFO  safemode.SCMSafeModeManager (DataNodeSafeModeRule.java:process(71)) - SCM in safe mode. 1 DataNodes registered, 1 required.
2019-07-14 16:41:50,543 INFO  safemode.SCMSafeModeManager (SCMSafeModeManager.java:validateSafeModeExitRules(177)) - ScmSafeModeManager, all rules are successfully validated
2019-07-14 16:41:50,543 INFO  safemode.SCMSafeModeManager (SCMSafeModeManager.java:exitSafeMode(193)) - SCM exiting safe mode.
2019-07-14 16:41:50,770 INFO  node.SCMNodeManager (SCMNodeManager.java:register(269)) - Registered Data node : db92fa66-58a9-421b-9c9b-1bf8484a524a{ip: 192.168.69.77, host: pr-hdds-1710-5x6jb-1204890111, networkLocation: /default-rack, certSerialId: null}
2019-07-14 16:41:50,946 INFO  ozone.MiniOzoneClusterImpl (MiniOzoneClusterImpl.java:lambda$waitForClusterToBeReady$0(142)) - Waiting for cluster to be ready. Got 2 of 7 DN Heartbeats.
2019-07-14 16:41:50,999 INFO  node.SCMNodeManager (SCMNodeManager.java:register(269)) - Registered Data node : 3824e43a-eff5-465f-8337-5f1fad9a56ba{ip: 192.168.69.77, host: pr-hdds-1710-5x6jb-1204890111, networkLocation: /default-rack, certSerialId: null}
2019-07-14 16:41:51,471 INFO  node.SCMNodeManager (SCMNodeManager.java:register(269)) - Registered Data node : a4a407f9-093b-4164-9a52-cf7c4be9fa57{ip: 192.168.69.77, host: pr-hdds-1710-5x6jb-1204890111, networkLocation: /default-rack, certSerialId: null}
2019-07-14 16:41:51,471 INFO  node.SCMNodeManager (SCMNodeManager.java:register(269)) - Registered Data node : 7aeff993-62c7-43ce-9136-4228ac6fee1d{ip: 192.168.69.77, host: pr-hdds-1710-5x6jb-1204890111, networkLocation: /default-rack, certSerialId: null}
2019-07-14 16:41:51,507 INFO  impl.RaftServerProxy (RaftServerProxy.java:addNew(89)) - ed32276d-c3b5-499d-a454-6ae0e61b9e77: addNew group-52F4D695D177:[ed32276d-c3b5-499d-a454-6ae0e61b9e77:192.168.69.77:37214] returns group-52F4D695D177:java.util.concurrent.CompletableFuture@2b22791c[Not completed]
2019-07-14 16:41:51,531 INFO  impl.RaftServerImpl (RaftServerImpl.java:<init>(93)) - ed32276d-c3b5-499d-a454-6ae0e61b9e77: new RaftServerImpl for group-52F4D695D177:[ed32276d-c3b5-499d-a454-6ae0e61b9e77:192.168.69.77:37214] with ContainerStateMachine:uninitialized
2019-07-14 16:41:51,533 INFO  server.RaftServerConfigKeys (ConfUtils.java:logGet(43)) - raft.server.rpc.timeout.min = 5s (custom)
2019-07-14 16:41:51,535 INFO  server.RaftServerConfigKeys (ConfUtils.java:logGet(43)) - raft.server.rpc.timeout.max = 5200ms (custom)
2019-07-14 16:41:51,536 INFO  server.RaftServerConfigKeys (ConfUtils.java:logGet(43)) - raft.server.rpcslowness.timeout = 120s (custom)
2019-07-14 16:41:51,537 INFO  server.RaftServerConfigKeys (ConfUtils.java:logGet(43)) - raft.server.sleep.deviation.threshold = 300 (default)
2019-07-14 16:41:51,538 INFO  server.RaftServerConfigKeys (ConfUtils.java:logGet(43)) - raft.server.log.appender.install.snapshot.enabled = false (custom)
2019-07-14 16:41:51,549 INFO  impl.RaftServerImpl (ServerState.java:<init>(105)) - ed32276d-c3b5-499d-a454-6ae0e61b9e77:group-52F4D695D177 ConfigurationManager, init=-1: [ed32276d-c3b5-499d-a454-6ae0e61b9e77:192.168.69.77:37214], old=null, confs=<EMPTY_MAP>
2019-07-14 16:41:51,549 INFO  server.RaftServerConfigKeys (ConfUtils.java:logGet(43)) - raft.server.storage.dir = [/workdir/hadoop-ozone/integration-test/target/test-dir/MiniOzoneClusterImpl-b9e3a967-622d-41f2-af2c-36316d08c0b1/datanode-0/data/ratis] (custom)
2019-07-14 16:41:51,559 INFO  storage.RaftStorageDirectory (RaftStorageDirectory.java:analyzeStorage(246)) - The storage directory /workdir/hadoop-ozone/integration-test/target/test-dir/MiniOzoneClusterImpl-b9e3a967-622d-41f2-af2c-36316d08c0b1/datanode-0/data/ratis/17ebadaf-33e7-46ef-bd82-52f4d695d177 does not exist. Creating ...
2019-07-14 16:41:51,577 INFO  storage.RaftStorageDirectory (RaftStorageDirectory.java:tryLock(328)) - Lock on /workdir/hadoop-ozone/integration-test/target/test-dir/MiniOzoneClusterImpl-b9e3a967-622d-41f2-af2c-36316d08c0b1/datanode-0/data/ratis/17ebadaf-33e7-46ef-bd82-52f4d695d177/in_use.lock acquired by nodename 7323@pr-hdds-1710-5x6jb-1204890111
2019-07-14 16:41:51,593 INFO  storage.RaftStorage (RaftStorage.java:format(72)) - Storage directory /workdir/hadoop-ozone/integration-test/target/test-dir/MiniOzoneClusterImpl-b9e3a967-622d-41f2-af2c-36316d08c0b1/datanode-0/data/ratis/17ebadaf-33e7-46ef-bd82-52f4d695d177 has been successfully formatted.
2019-07-14 16:41:51,597 INFO  ratis.ContainerStateMachine (ContainerStateMachine.java:loadSnapshot(200)) - The snapshot info is null.Setting the last applied index to:(t:0, i:~)
2019-07-14 16:41:51,597 INFO  server.RaftServerConfigKeys (ConfUtils.java:logGet(43)) - raft.server.leader.election.timeout = 120s (custom)
2019-07-14 16:41:51,600 INFO  server.RaftServerConfigKeys (ConfUtils.java:logGet(43)) - raft.server.log.use.memory = false (default)
2019-07-14 16:41:51,608 INFO  server.RaftServerConfigKeys (ConfUtils.java:logGet(43)) - raft.server.log.purge.gap = 1000000000 (custom)
2019-07-14 16:41:51,609 INFO  server.RaftServerConfigKeys (ConfUtils.java:logGet(43)) - raft.server.log.appender.buffer.byte-limit = 33554432 (custom)
2019-07-14 16:41:51,611 INFO  server.RaftServerConfigKeys (ConfUtils.java:logGet(43)) - raft.server.log.segment.size.max = 1048576 (custom)
2019-07-14 16:41:51,619 INFO  node.SCMNodeManager (SCMNodeManager.java:register(269)) - Registered Data node : 9c5e400c-1a94-4ecb-977b-6ee6b901e642{ip: 192.168.69.77, host: pr-hdds-1710-5x6jb-1204890111, networkLocation: /default-rack, certSerialId: null}
2019-07-14 16:41:51,620 INFO  server.RaftServerConfigKeys (ConfUtils.java:logGet(43)) - raft.server.log.segment.cache.num.max = 2 (custom)
2019-07-14 16:41:51,628 INFO  segmented.SegmentedRaftLogWorker (SegmentedRaftLogWorker.java:<init>(172)) - new ed32276d-c3b5-499d-a454-6ae0e61b9e77-SegmentedRaftLogWorker:Storage Directory /workdir/hadoop-ozone/integration-test/target/test-dir/MiniOzoneClusterImpl-b9e3a967-622d-41f2-af2c-36316d08c0b1/datanode-0/data/ratis/17ebadaf-33e7-46ef-bd82-52f4d695d177 for RaftStorage:Storage Directory /workdir/hadoop-ozone/integration-test/target/test-dir/MiniOzoneClusterImpl-b9e3a967-622d-41f2-af2c-36316d08c0b1/datanode-0/data/ratis/17ebadaf-33e7-46ef-bd82-52f4d695d177
2019-07-14 16:41:51,644 INFO  server.RaftServerConfigKeys (ConfUtils.java:logGet(43)) - raft.server.log.queue.byte-limit = 2147483647 (custom)
2019-07-14 16:41:51,645 INFO  server.RaftServerConfigKeys (ConfUtils.java:logGet(43)) - raft.server.log.queue.element-limit = 1024 (custom)
2019-07-14 16:41:51,651 INFO  server.RaftServerConfigKeys (ConfUtils.java:logGet(43)) - raft.server.log.segment.size.max = 1048576 (custom)
2019-07-14 16:41:51,651 INFO  server.RaftServerConfigKeys (ConfUtils.java:logGet(43)) - raft.server.log.preallocated.size = 16384 (custom)
2019-07-14 16:41:51,652 INFO  server.RaftServerConfigKeys (ConfUtils.java:logGet(43)) - raft.server.log.write.buffer.size = 33554432 (custom)
2019-07-14 16:41:51,652 INFO  server.RaftServerConfigKeys (ConfUtils.java:logGet(43)) - raft.server.log.force.sync.num = 128 (default)
2019-07-14 16:41:51,654 INFO  server.RaftServerConfigKeys (ConfUtils.java:logGet(43)) - raft.server.log.statemachine.data.sync = true (default)
2019-07-14 16:41:51,654 INFO  server.RaftServerConfigKeys (ConfUtils.java:logGet(43)) - raft.server.log.statemachine.data.sync.timeout = 10s (default)
2019-07-14 16:41:51,654 INFO  server.RaftServerConfigKeys (ConfUtils.java:logGet(43)) - raft.server.log.statemachine.data.sync.timeout.retry = -1 (default)
2019-07-14 16:41:51,665 INFO  server.RaftServerConfigKeys (ConfUtils.java:logGet(43)) - raft.server.log.statemachine.data.caching.enabled = true (custom)
2019-07-14 16:41:51,670 INFO  segmented.SegmentedRaftLogWorker (SegmentedRaftLogWorker.java:lambda$new$0(132)) - ed32276d-c3b5-499d-a454-6ae0e61b9e77-SegmentedRaftLogWorker:Storage Directory /workdir/hadoop-ozone/integration-test/target/test-dir/MiniOzoneClusterImpl-b9e3a967-622d-41f2-af2c-36316d08c0b1/datanode-0/data/ratis/17ebadaf-33e7-46ef-bd82-52f4d695d177: flushIndex: setUnconditionally 0 -> -1
2019-07-14 16:41:51,675 INFO  server.RaftServerConfigKeys (ConfUtils.java:logGet(43)) - raft.server.snapshot.auto.trigger.enabled = true (custom)
2019-07-14 16:41:51,676 INFO  server.RaftServerConfigKeys (ConfUtils.java:logGet(43)) - raft.server.snapshot.auto.trigger.threshold = 10000 (custom)
2019-07-14 16:41:51,676 INFO  server.RaftServerConfigKeys (ConfUtils.java:logGet(43)) - raft.server.retrycache.expirytime = 600000ms (custom)
2019-07-14 16:41:51,699 INFO  impl.RaftServerImpl (RaftServerImpl.java:start(180)) - ed32276d-c3b5-499d-a454-6ae0e61b9e77: start group-52F4D695D177
2019-07-14 16:41:51,700 INFO  impl.RaftServerImpl (RaftServerImpl.java:setRole(171)) - ed32276d-c3b5-499d-a454-6ae0e61b9e77:group-52F4D695D177 changes role from null to FOLLOWER at term 0 for startAsFollower
2019-07-14 16:41:51,701 INFO  impl.RoleInfo (RoleInfo.java:updateAndGet(143)) - ed32276d-c3b5-499d-a454-6ae0e61b9e77: start FollowerState
2019-07-14 16:41:51,703 INFO  util.JmxRegister (JmxRegister.java:tryRegister(44)) - Successfully registered JMX Bean with object name Ratis:service=RaftServer,group=group-52F4D695D177,id=ed32276d-c3b5-499d-a454-6ae0e61b9e77
2019-07-14 16:41:51,776 INFO  pipeline.PipelineStateManager (PipelineStateManager.java:addPipeline(56)) - Created pipeline Pipeline[ Id: 17ebadaf-33e7-46ef-bd82-52f4d695d177, Nodes: ed32276d-c3b5-499d-a454-6ae0e61b9e77{ip: 192.168.69.77, host: pr-hdds-1710-5x6jb-1204890111, networkLocation: /default-rack, certSerialId: null}, Type:RATIS, Factor:ONE, State:OPEN]
2019-07-14 16:41:51,807 INFO  impl.RaftServerProxy (RaftServerProxy.java:addNew(89)) - a4a407f9-093b-4164-9a52-cf7c4be9fa57: addNew group-3E78B1D0737E:[a4a407f9-093b-4164-9a52-cf7c4be9fa57:192.168.69.77:44083] returns group-3E78B1D0737E:java.util.concurrent.CompletableFuture@3a4b4343[Not completed]
2019-07-14 16:41:51,859 INFO  impl.RaftServerImpl (RaftServerImpl.java:<init>(93)) - a4a407f9-093b-4164-9a52-cf7c4be9fa57: new RaftServerImpl for group-3E78B1D0737E:[a4a407f9-093b-4164-9a52-cf7c4be9fa57:192.168.69.77:44083] with ContainerStateMachine:uninitialized
2019-07-14 16:41:51,861 INFO  server.RaftServerConfigKeys (ConfUtils.java:logGet(43)) - raft.server.rpc.timeout.min = 5s (custom)
2019-07-14 16:41:51,861 INFO  server.RaftServerConfigKeys (ConfUtils.java:logGet(43)) - raft.server.rpc.timeout.max = 5200ms (custom)
2019-07-14 16:41:51,861 INFO  server.RaftServerConfigKeys (ConfUtils.java:logGet(43)) - raft.server.rpcslowness.timeout = 120s (custom)
2019-07-14 16:41:51,862 INFO  server.RaftServerConfigKeys (ConfUtils.java:logGet(43)) - raft.server.sleep.deviation.threshold = 300 (default)
2019-07-14 16:41:51,862 INFO  server.RaftServerConfigKeys (ConfUtils.java:logGet(43)) - raft.server.log.appender.install.snapshot.enabled = false (custom)
2019-07-14 16:41:51,862 INFO  impl.RaftServerImpl (ServerState.java:<init>(105)) - a4a407f9-093b-4164-9a52-cf7c4be9fa57:group-3E78B1D0737E ConfigurationManager, init=-1: [a4a407f9-093b-4164-9a52-cf7c4be9fa57:192.168.69.77:44083], old=null, confs=<EMPTY_MAP>
2019-07-14 16:41:51,862 INFO  server.RaftServerConfigKeys (ConfUtils.java:logGet(43)) - raft.server.storage.dir = [/workdir/hadoop-ozone/integration-test/target/test-dir/MiniOzoneClusterImpl-b9e3a967-622d-41f2-af2c-36316d08c0b1/datanode-4/data/ratis] (custom)
2019-07-14 16:41:51,862 INFO  storage.RaftStorageDirectory (RaftStorageDirectory.java:analyzeStorage(246)) - The storage directory /workdir/hadoop-ozone/integration-test/target/test-dir/MiniOzoneClusterImpl-b9e3a967-622d-41f2-af2c-36316d08c0b1/datanode-4/data/ratis/f3ac810f-f060-463e-813a-3e78b1d0737e does not exist. Creating ...
2019-07-14 16:41:51,876 INFO  storage.RaftStorageDirectory (RaftStorageDirectory.java:tryLock(328)) - Lock on /workdir/hadoop-ozone/integration-test/target/test-dir/MiniOzoneClusterImpl-b9e3a967-622d-41f2-af2c-36316d08c0b1/datanode-4/data/ratis/f3ac810f-f060-463e-813a-3e78b1d0737e/in_use.lock acquired by nodename 7323@pr-hdds-1710-5x6jb-1204890111
2019-07-14 16:41:51,889 INFO  storage.RaftStorage (RaftStorage.java:format(72)) - Storage directory /workdir/hadoop-ozone/integration-test/target/test-dir/MiniOzoneClusterImpl-b9e3a967-622d-41f2-af2c-36316d08c0b1/datanode-4/data/ratis/f3ac810f-f060-463e-813a-3e78b1d0737e has been successfully formatted.
2019-07-14 16:41:51,890 INFO  ratis.ContainerStateMachine (ContainerStateMachine.java:loadSnapshot(200)) - The snapshot info is null.Setting the last applied index to:(t:0, i:~)
2019-07-14 16:41:51,892 INFO  server.RaftServerConfigKeys (ConfUtils.java:logGet(43)) - raft.server.leader.election.timeout = 120s (custom)
2019-07-14 16:41:51,892 INFO  server.RaftServerConfigKeys (ConfUtils.java:logGet(43)) - raft.server.log.use.memory = false (default)
2019-07-14 16:41:51,892 INFO  server.RaftServerConfigKeys (ConfUtils.java:logGet(43)) - raft.server.log.purge.gap = 1000000000 (custom)
2019-07-14 16:41:51,892 INFO  server.RaftServerConfigKeys (ConfUtils.java:logGet(43)) - raft.server.log.appender.buffer.byte-limit = 33554432 (custom)
2019-07-14 16:41:51,892 INFO  server.RaftServerConfigKeys (ConfUtils.java:logGet(43)) - raft.server.log.segment.size.max = 1048576 (custom)
2019-07-14 16:41:51,892 INFO  server.RaftServerConfigKeys (ConfUtils.java:logGet(43)) - raft.server.log.segment.cache.num.max = 2 (custom)
2019-07-14 16:41:51,893 INFO  segmented.SegmentedRaftLogWorker (SegmentedRaftLogWorker.java:<init>(172)) - new a4a407f9-093b-4164-9a52-cf7c4be9fa57-SegmentedRaftLogWorker:Storage Directory /workdir/hadoop-ozone/integration-test/target/test-dir/MiniOzoneClusterImpl-b9e3a967-622d-41f2-af2c-36316d08c0b1/datanode-4/data/ratis/f3ac810f-f060-463e-813a-3e78b1d0737e for RaftStorage:Storage Directory /workdir/hadoop-ozone/integration-test/target/test-dir/MiniOzoneClusterImpl-b9e3a967-622d-41f2-af2c-36316d08c0b1/datanode-4/data/ratis/f3ac810f-f060-463e-813a-3e78b1d0737e
2019-07-14 16:41:51,894 INFO  server.RaftServerConfigKeys (ConfUtils.java:logGet(43)) - raft.server.log.queue.byte-limit = 2147483647 (custom)
2019-07-14 16:41:51,894 INFO  server.RaftServerConfigKeys (ConfUtils.java:logGet(43)) - raft.server.log.queue.element-limit = 1024 (custom)
2019-07-14 16:41:51,894 INFO  server.RaftServerConfigKeys (ConfUtils.java:logGet(43)) - raft.server.log.segment.size.max = 1048576 (custom)
2019-07-14 16:41:51,894 INFO  server.RaftServerConfigKeys (ConfUtils.java:logGet(43)) - raft.server.log.preallocated.size = 16384 (custom)
2019-07-14 16:41:51,894 INFO  server.RaftServerConfigKeys (ConfUtils.java:logGet(43)) - raft.server.log.write.buffer.size = 33554432 (custom)
2019-07-14 16:41:51,895 INFO  server.RaftServerConfigKeys (ConfUtils.java:logGet(43)) - raft.server.log.force.sync.num = 128 (default)
2019-07-14 16:41:51,895 INFO  server.RaftServerConfigKeys (ConfUtils.java:logGet(43)) - raft.server.log.statemachine.data.sync = true (default)
2019-07-14 16:41:51,895 INFO  server.RaftServerConfigKeys (ConfUtils.java:logGet(43)) - raft.server.log.statemachine.data.sync.timeout = 10s (default)
2019-07-14 16:41:51,895 INFO  server.RaftServerConfigKeys (ConfUtils.java:logGet(43)) - raft.server.log.statemachine.data.sync.timeout.retry = -1 (default)
2019-07-14 16:41:51,895 INFO  server.RaftServerConfigKeys (ConfUtils.java:logGet(43)) - raft.server.log.statemachine.data.caching.enabled = true (custom)
2019-07-14 16:41:51,896 INFO  segmented.SegmentedRaftLogWorker (SegmentedRaftLogWorker.java:lambda$new$0(132)) - a4a407f9-093b-4164-9a52-cf7c4be9fa57-SegmentedRaftLogWorker:Storage Directory /workdir/hadoop-ozone/integration-test/target/test-dir/MiniOzoneClusterImpl-b9e3a967-622d-41f2-af2c-36316d08c0b1/datanode-4/data/ratis/f3ac810f-f060-463e-813a-3e78b1d0737e: flushIndex: setUnconditionally 0 -> -1
2019-07-14 16:41:51,896 INFO  server.RaftServerConfigKeys (ConfUtils.java:logGet(43)) - raft.server.snapshot.auto.trigger.enabled = true (custom)
2019-07-14 16:41:51,896 INFO  server.RaftServerConfigKeys (ConfUtils.java:logGet(43)) - raft.server.snapshot.auto.trigger.threshold = 10000 (custom)
2019-07-14 16:41:51,896 INFO  server.RaftServerConfigKeys (ConfUtils.java:logGet(43)) - raft.server.retrycache.expirytime = 600000ms (custom)
2019-07-14 16:41:51,897 INFO  impl.RaftServerImpl (RaftServerImpl.java:start(180)) - a4a407f9-093b-4164-9a52-cf7c4be9fa57: start group-3E78B1D0737E
2019-07-14 16:41:51,897 INFO  impl.RaftServerImpl (RaftServerImpl.java:setRole(171)) - a4a407f9-093b-4164-9a52-cf7c4be9fa57:group-3E78B1D0737E changes role from null to FOLLOWER at term 0 for startAsFollower
2019-07-14 16:41:51,897 INFO  impl.RoleInfo (RoleInfo.java:updateAndGet(143)) - a4a407f9-093b-4164-9a52-cf7c4be9fa57: start FollowerState
2019-07-14 16:41:51,898 INFO  util.JmxRegister (JmxRegister.java:tryRegister(44)) - Successfully registered JMX Bean with object name Ratis:service=RaftServer,group=group-3E78B1D0737E,id=a4a407f9-093b-4164-9a52-cf7c4be9fa57
2019-07-14 16:41:51,912 INFO  pipeline.PipelineStateManager (PipelineStateManager.java:addPipeline(56)) - Created pipeline Pipeline[ Id: f3ac810f-f060-463e-813a-3e78b1d0737e, Nodes: a4a407f9-093b-4164-9a52-cf7c4be9fa57{ip: 192.168.69.77, host: pr-hdds-1710-5x6jb-1204890111, networkLocation: /default-rack, certSerialId: null}, Type:RATIS, Factor:ONE, State:OPEN]
2019-07-14 16:41:51,937 INFO  impl.RaftServerProxy (RaftServerProxy.java:addNew(89)) - 9c5e400c-1a94-4ecb-977b-6ee6b901e642: addNew group-62BEA6DC3077:[9c5e400c-1a94-4ecb-977b-6ee6b901e642:192.168.69.77:41507] returns group-62BEA6DC3077:java.util.concurrent.CompletableFuture@19c5e6ee[Not completed]
2019-07-14 16:41:51,947 INFO  impl.RaftServerImpl (RaftServerImpl.java:<init>(93)) - 9c5e400c-1a94-4ecb-977b-6ee6b901e642: new RaftServerImpl for group-62BEA6DC3077:[9c5e400c-1a94-4ecb-977b-6ee6b901e642:192.168.69.77:41507] with ContainerStateMachine:uninitialized
2019-07-14 16:41:51,948 INFO  ozone.MiniOzoneClusterImpl (MiniOzoneClusterImpl.java:lambda$waitForClusterToBeReady$0(142)) - Waiting for cluster to be ready. Got 6 of 7 DN Heartbeats.
2019-07-14 16:41:51,948 INFO  server.RaftServerConfigKeys (ConfUtils.java:logGet(43)) - raft.server.rpc.timeout.min = 5s (custom)
2019-07-14 16:41:51,948 INFO  server.RaftServerConfigKeys (ConfUtils.java:logGet(43)) - raft.server.rpc.timeout.max = 5200ms (custom)
2019-07-14 16:41:51,949 INFO  server.RaftServerConfigKeys (ConfUtils.java:logGet(43)) - raft.server.rpcslowness.timeout = 120s (custom)
2019-07-14 16:41:51,949 INFO  node.SCMNodeManager (SCMNodeManager.java:register(269)) - Registered Data node : e36470be-7608-4cae-8203-ef6ebe47ef75{ip: 192.168.69.77, host: pr-hdds-1710-5x6jb-1204890111, networkLocation: /default-rack, certSerialId: null}
2019-07-14 16:41:51,949 INFO  server.RaftServerConfigKeys (ConfUtils.java:logGet(43)) - raft.server.sleep.deviation.threshold = 300 (default)
2019-07-14 16:41:51,949 INFO  server.RaftServerConfigKeys (ConfUtils.java:logGet(43)) - raft.server.log.appender.install.snapshot.enabled = false (custom)
2019-07-14 16:41:51,949 INFO  impl.RaftServerImpl (ServerState.java:<init>(105)) - 9c5e400c-1a94-4ecb-977b-6ee6b901e642:group-62BEA6DC3077 ConfigurationManager, init=-1: [9c5e400c-1a94-4ecb-977b-6ee6b901e642:192.168.69.77:41507], old=null, confs=<EMPTY_MAP>
2019-07-14 16:41:51,950 INFO  server.RaftServerConfigKeys (ConfUtils.java:logGet(43)) - raft.server.storage.dir = [/workdir/hadoop-ozone/integration-test/target/test-dir/MiniOzoneClusterImpl-b9e3a967-622d-41f2-af2c-36316d08c0b1/datanode-5/data/ratis] (custom)
2019-07-14 16:41:51,950 INFO  storage.RaftStorageDirectory (RaftStorageDirectory.java:analyzeStorage(246)) - The storage directory /workdir/hadoop-ozone/integration-test/target/test-dir/MiniOzoneClusterImpl-b9e3a967-622d-41f2-af2c-36316d08c0b1/datanode-5/data/ratis/f4ae5e33-cb0b-4c1a-bc3e-62bea6dc3077 does not exist. Creating ...
2019-07-14 16:41:51,964 INFO  storage.RaftStorageDirectory (RaftStorageDirectory.java:tryLock(328)) - Lock on /workdir/hadoop-ozone/integration-test/target/test-dir/MiniOzoneClusterImpl-b9e3a967-622d-41f2-af2c-36316d08c0b1/datanode-5/data/ratis/f4ae5e33-cb0b-4c1a-bc3e-62bea6dc3077/in_use.lock acquired by nodename 7323@pr-hdds-1710-5x6jb-1204890111
2019-07-14 16:41:51,977 INFO  storage.RaftStorage (RaftStorage.java:format(72)) - Storage directory /workdir/hadoop-ozone/integration-test/target/test-dir/MiniOzoneClusterImpl-b9e3a967-622d-41f2-af2c-36316d08c0b1/datanode-5/data/ratis/f4ae5e33-cb0b-4c1a-bc3e-62bea6dc3077 has been successfully formatted.
2019-07-14 16:41:51,977 INFO  ratis.ContainerStateMachine (ContainerStateMachine.java:loadSnapshot(200)) - The snapshot info is null.Setting the last applied index to:(t:0, i:~)
2019-07-14 16:41:51,978 INFO  server.RaftServerConfigKeys (ConfUtils.java:logGet(43)) - raft.server.leader.election.timeout = 120s (custom)
2019-07-14 16:41:51,978 INFO  server.RaftServerConfigKeys (ConfUtils.java:logGet(43)) - raft.server.log.use.memory = false (default)
2019-07-14 16:41:51,978 INFO  server.RaftServerConfigKeys (ConfUtils.java:logGet(43)) - raft.server.log.purge.gap = 1000000000 (custom)
2019-07-14 16:41:51,978 INFO  server.RaftServerConfigKeys (ConfUtils.java:logGet(43)) - raft.server.log.appender.buffer.byte-limit = 33554432 (custom)
2019-07-14 16:41:51,978 INFO  server.RaftServerConfigKeys (ConfUtils.java:logGet(43)) - raft.server.log.segment.size.max = 1048576 (custom)
2019-07-14 16:41:51,979 INFO  server.RaftServerConfigKeys (ConfUtils.java:logGet(43)) - raft.server.log.segment.cache.num.max = 2 (custom)
2019-07-14 16:41:51,979 INFO  segmented.SegmentedRaftLogWorker (SegmentedRaftLogWorker.java:<init>(172)) - new 9c5e400c-1a94-4ecb-977b-6ee6b901e642-SegmentedRaftLogWorker:Storage Directory /workdir/hadoop-ozone/integration-test/target/test-dir/MiniOzoneClusterImpl-b9e3a967-622d-41f2-af2c-36316d08c0b1/datanode-5/data/ratis/f4ae5e33-cb0b-4c1a-bc3e-62bea6dc3077 for RaftStorage:Storage Directory /workdir/hadoop-ozone/integration-test/target/test-dir/MiniOzoneClusterImpl-b9e3a967-622d-41f2-af2c-36316d08c0b1/datanode-5/data/ratis/f4ae5e33-cb0b-4c1a-bc3e-62bea6dc3077
2019-07-14 16:41:51,979 INFO  server.RaftServerConfigKeys (ConfUtils.java:logGet(43)) - raft.server.log.queue.byte-limit = 2147483647 (custom)
2019-07-14 16:41:51,979 INFO  server.RaftServerConfigKeys (ConfUtils.java:logGet(43)) - raft.server.log.queue.element-limit = 1024 (custom)
2019-07-14 16:41:51,980 INFO  server.RaftServerConfigKeys (ConfUtils.java:logGet(43)) - raft.server.log.segment.size.max = 1048576 (custom)
2019-07-14 16:41:51,980 INFO  server.RaftServerConfigKeys (ConfUtils.java:logGet(43)) - raft.server.log.preallocated.size = 16384 (custom)
2019-07-14 16:41:51,980 INFO  server.RaftServerConfigKeys (ConfUtils.java:logGet(43)) - raft.server.log.write.buffer.size = 33554432 (custom)
2019-07-14 16:41:51,980 INFO  server.RaftServerConfigKeys (ConfUtils.java:logGet(43)) - raft.server.log.force.sync.num = 128 (default)
2019-07-14 16:41:51,980 INFO  server.RaftServerConfigKeys (ConfUtils.java:logGet(43)) - raft.server.log.statemachine.data.sync = true (default)
2019-07-14 16:41:51,981 INFO  server.RaftServerConfigKeys (ConfUtils.java:logGet(43)) - raft.server.log.statemachine.data.sync.timeout = 10s (default)
2019-07-14 16:41:51,981 INFO  server.RaftServerConfigKeys (ConfUtils.java:logGet(43)) - raft.server.log.statemachine.data.sync.timeout.retry = -1 (default)
2019-07-14 16:41:51,981 INFO  server.RaftServerConfigKeys (ConfUtils.java:logGet(43)) - raft.server.log.statemachine.data.caching.enabled = true (custom)
2019-07-14 16:41:51,982 INFO  segmented.SegmentedRaftLogWorker (SegmentedRaftLogWorker.java:lambda$new$0(132)) - 9c5e400c-1a94-4ecb-977b-6ee6b901e642-SegmentedRaftLogWorker:Storage Directory /workdir/hadoop-ozone/integration-test/target/test-dir/MiniOzoneClusterImpl-b9e3a967-622d-41f2-af2c-36316d08c0b1/datanode-5/data/ratis/f4ae5e33-cb0b-4c1a-bc3e-62bea6dc3077: flushIndex: setUnconditionally 0 -> -1
2019-07-14 16:41:51,982 INFO  server.RaftServerConfigKeys (ConfUtils.java:logGet(43)) - raft.server.snapshot.auto.trigger.enabled = true (custom)
2019-07-14 16:41:51,982 INFO  server.RaftServerConfigKeys (ConfUtils.java:logGet(43)) - raft.server.snapshot.auto.trigger.threshold = 10000 (custom)
2019-07-14 16:41:51,982 INFO  server.RaftServerConfigKeys (ConfUtils.java:logGet(43)) - raft.server.retrycache.expirytime = 600000ms (custom)
2019-07-14 16:41:51,983 INFO  impl.RaftServerImpl (RaftServerImpl.java:start(180)) - 9c5e400c-1a94-4ecb-977b-6ee6b901e642: start group-62BEA6DC3077
2019-07-14 16:41:51,983 INFO  impl.RaftServerImpl (RaftServerImpl.java:setRole(171)) - 9c5e400c-1a94-4ecb-977b-6ee6b901e642:group-62BEA6DC3077 changes role from null to FOLLOWER at term 0 for startAsFollower
2019-07-14 16:41:51,983 INFO  impl.RoleInfo (RoleInfo.java:updateAndGet(143)) - 9c5e400c-1a94-4ecb-977b-6ee6b901e642: start FollowerState
2019-07-14 16:41:51,983 INFO  util.JmxRegister (JmxRegister.java:tryRegister(44)) - Successfully registered JMX Bean with object name Ratis:service=RaftServer,group=group-62BEA6DC3077,id=9c5e400c-1a94-4ecb-977b-6ee6b901e642
2019-07-14 16:41:51,997 INFO  pipeline.PipelineStateManager (PipelineStateManager.java:addPipeline(56)) - Created pipeline Pipeline[ Id: f4ae5e33-cb0b-4c1a-bc3e-62bea6dc3077, Nodes: 9c5e400c-1a94-4ecb-977b-6ee6b901e642{ip: 192.168.69.77, host: pr-hdds-1710-5x6jb-1204890111, networkLocation: /default-rack, certSerialId: null}, Type:RATIS, Factor:ONE, State:OPEN]
2019-07-14 16:41:52,022 INFO  impl.RaftServerProxy (RaftServerProxy.java:addNew(89)) - e36470be-7608-4cae-8203-ef6ebe47ef75: addNew group-868907EC6DA9:[e36470be-7608-4cae-8203-ef6ebe47ef75:192.168.69.77:43358] returns group-868907EC6DA9:java.util.concurrent.CompletableFuture@1fecb8b3[Not completed]
2019-07-14 16:41:52,023 INFO  impl.RaftServerImpl (RaftServerImpl.java:<init>(93)) - e36470be-7608-4cae-8203-ef6ebe47ef75: new RaftServerImpl for group-868907EC6DA9:[e36470be-7608-4cae-8203-ef6ebe47ef75:192.168.69.77:43358] with ContainerStateMachine:uninitialized
2019-07-14 16:41:52,024 INFO  server.RaftServerConfigKeys (ConfUtils.java:logGet(43)) - raft.server.rpc.timeout.min = 5s (custom)
2019-07-14 16:41:52,024 INFO  server.RaftServerConfigKeys (ConfUtils.java:logGet(43)) - raft.server.rpc.timeout.max = 5200ms (custom)
2019-07-14 16:41:52,024 INFO  server.RaftServerConfigKeys (ConfUtils.java:logGet(43)) - raft.server.rpcslowness.timeout = 120s (custom)
2019-07-14 16:41:52,024 INFO  server.RaftServerConfigKeys (ConfUtils.java:logGet(43)) - raft.server.sleep.deviation.threshold = 300 (default)
2019-07-14 16:41:52,024 INFO  server.RaftServerConfigKeys (ConfUtils.java:logGet(43)) - raft.server.log.appender.install.snapshot.enabled = false (custom)
2019-07-14 16:41:52,024 INFO  impl.RaftServerImpl (ServerState.java:<init>(105)) - e36470be-7608-4cae-8203-ef6ebe47ef75:group-868907EC6DA9 ConfigurationManager, init=-1: [e36470be-7608-4cae-8203-ef6ebe47ef75:192.168.69.77:43358], old=null, confs=<EMPTY_MAP>
2019-07-14 16:41:52,025 INFO  server.RaftServerConfigKeys (ConfUtils.java:logGet(43)) - raft.server.storage.dir = [/workdir/hadoop-ozone/integration-test/target/test-dir/MiniOzoneClusterImpl-b9e3a967-622d-41f2-af2c-36316d08c0b1/datanode-6/data/ratis] (custom)
2019-07-14 16:41:52,025 INFO  storage.RaftStorageDirectory (RaftStorageDirectory.java:analyzeStorage(246)) - The storage directory /workdir/hadoop-ozone/integration-test/target/test-dir/MiniOzoneClusterImpl-b9e3a967-622d-41f2-af2c-36316d08c0b1/datanode-6/data/ratis/cd53a663-7051-41b8-8be2-868907ec6da9 does not exist. Creating ...
2019-07-14 16:41:52,046 INFO  storage.RaftStorageDirectory (RaftStorageDirectory.java:tryLock(328)) - Lock on /workdir/hadoop-ozone/integration-test/target/test-dir/MiniOzoneClusterImpl-b9e3a967-622d-41f2-af2c-36316d08c0b1/datanode-6/data/ratis/cd53a663-7051-41b8-8be2-868907ec6da9/in_use.lock acquired by nodename 7323@pr-hdds-1710-5x6jb-1204890111
2019-07-14 16:41:52,059 INFO  storage.RaftStorage (RaftStorage.java:format(72)) - Storage directory /workdir/hadoop-ozone/integration-test/target/test-dir/MiniOzoneClusterImpl-b9e3a967-622d-41f2-af2c-36316d08c0b1/datanode-6/data/ratis/cd53a663-7051-41b8-8be2-868907ec6da9 has been successfully formatted.
2019-07-14 16:41:52,060 INFO  ratis.ContainerStateMachine (ContainerStateMachine.java:loadSnapshot(200)) - The snapshot info is null.Setting the last applied index to:(t:0, i:~)
2019-07-14 16:41:52,060 INFO  server.RaftServerConfigKeys (ConfUtils.java:logGet(43)) - raft.server.leader.election.timeout = 120s (custom)
2019-07-14 16:41:52,060 INFO  server.RaftServerConfigKeys (ConfUtils.java:logGet(43)) - raft.server.log.use.memory = false (default)
2019-07-14 16:41:52,060 INFO  server.RaftServerConfigKeys (ConfUtils.java:logGet(43)) - raft.server.log.purge.gap = 1000000000 (custom)
2019-07-14 16:41:52,061 INFO  server.RaftServerConfigKeys (ConfUtils.java:logGet(43)) - raft.server.log.appender.buffer.byte-limit = 33554432 (custom)
2019-07-14 16:41:52,061 INFO  server.RaftServerConfigKeys (ConfUtils.java:logGet(43)) - raft.server.log.segment.size.max = 1048576 (custom)
2019-07-14 16:41:52,061 INFO  server.RaftServerConfigKeys (ConfUtils.java:logGet(43)) - raft.server.log.segment.cache.num.max = 2 (custom)
2019-07-14 16:41:52,061 INFO  segmented.SegmentedRaftLogWorker (SegmentedRaftLogWorker.java:<init>(172)) - new e36470be-7608-4cae-8203-ef6ebe47ef75-SegmentedRaftLogWorker:Storage Directory /workdir/hadoop-ozone/integration-test/target/test-dir/MiniOzoneClusterImpl-b9e3a967-622d-41f2-af2c-36316d08c0b1/datanode-6/data/ratis/cd53a663-7051-41b8-8be2-868907ec6da9 for RaftStorage:Storage Directory /workdir/hadoop-ozone/integration-test/target/test-dir/MiniOzoneClusterImpl-b9e3a967-622d-41f2-af2c-36316d08c0b1/datanode-6/data/ratis/cd53a663-7051-41b8-8be2-868907ec6da9
2019-07-14 16:41:52,062 INFO  server.RaftServerConfigKeys (ConfUtils.java:logGet(43)) - raft.server.log.queue.byte-limit = 2147483647 (custom)
2019-07-14 16:41:52,062 INFO  server.RaftServerConfigKeys (ConfUtils.java:logGet(43)) - raft.server.log.queue.element-limit = 1024 (custom)
2019-07-14 16:41:52,062 INFO  server.RaftServerConfigKeys (ConfUtils.java:logGet(43)) - raft.server.log.segment.size.max = 1048576 (custom)
2019-07-14 16:41:52,062 INFO  server.RaftServerConfigKeys (ConfUtils.java:logGet(43)) - raft.server.log.preallocated.size = 16384 (custom)
2019-07-14 16:41:52,062 INFO  server.RaftServerConfigKeys (ConfUtils.java:logGet(43)) - raft.server.log.write.buffer.size = 33554432 (custom)
2019-07-14 16:41:52,063 INFO  server.RaftServerConfigKeys (ConfUtils.java:logGet(43)) - raft.server.log.force.sync.num = 128 (default)
2019-07-14 16:41:52,063 INFO  server.RaftServerConfigKeys (ConfUtils.java:logGet(43)) - raft.server.log.statemachine.data.sync = true (default)
2019-07-14 16:41:52,063 INFO  server.RaftServerConfigKeys (ConfUtils.java:logGet(43)) - raft.server.log.statemachine.data.sync.timeout = 10s (default)
2019-07-14 16:41:52,063 INFO  server.RaftServerConfigKeys (ConfUtils.java:logGet(43)) - raft.server.log.statemachine.data.sync.timeout.retry = -1 (default)
2019-07-14 16:41:52,064 INFO  server.RaftServerConfigKeys (ConfUtils.java:logGet(43)) - raft.server.log.statemachine.data.caching.enabled = true (custom)
2019-07-14 16:41:52,064 INFO  segmented.SegmentedRaftLogWorker (SegmentedRaftLogWorker.java:lambda$new$0(132)) - e36470be-7608-4cae-8203-ef6ebe47ef75-SegmentedRaftLogWorker:Storage Directory /workdir/hadoop-ozone/integration-test/target/test-dir/MiniOzoneClusterImpl-b9e3a967-622d-41f2-af2c-36316d08c0b1/datanode-6/data/ratis/cd53a663-7051-41b8-8be2-868907ec6da9: flushIndex: setUnconditionally 0 -> -1
2019-07-14 16:41:52,065 INFO  server.RaftServerConfigKeys (ConfUtils.java:logGet(43)) - raft.server.snapshot.auto.trigger.enabled = true (custom)
2019-07-14 16:41:52,065 INFO  server.RaftServerConfigKeys (ConfUtils.java:logGet(43)) - raft.server.snapshot.auto.trigger.threshold = 10000 (custom)
2019-07-14 16:41:52,065 INFO  server.RaftServerConfigKeys (ConfUtils.java:logGet(43)) - raft.server.retrycache.expirytime = 600000ms (custom)
2019-07-14 16:41:52,065 INFO  impl.RaftServerImpl (RaftServerImpl.java:start(180)) - e36470be-7608-4cae-8203-ef6ebe47ef75: start group-868907EC6DA9
2019-07-14 16:41:52,065 INFO  impl.RaftServerImpl (RaftServerImpl.java:setRole(171)) - e36470be-7608-4cae-8203-ef6ebe47ef75:group-868907EC6DA9 changes role from null to FOLLOWER at term 0 for startAsFollower
2019-07-14 16:41:52,066 INFO  impl.RoleInfo (RoleInfo.java:updateAndGet(143)) - e36470be-7608-4cae-8203-ef6ebe47ef75: start FollowerState
2019-07-14 16:41:52,066 INFO  util.JmxRegister (JmxRegister.java:tryRegister(44)) - Successfully registered JMX Bean with object name Ratis:service=RaftServer,group=group-868907EC6DA9,id=e36470be-7608-4cae-8203-ef6ebe47ef75
2019-07-14 16:41:52,081 INFO  pipeline.PipelineStateManager (PipelineStateManager.java:addPipeline(56)) - Created pipeline Pipeline[ Id: cd53a663-7051-41b8-8be2-868907ec6da9, Nodes: e36470be-7608-4cae-8203-ef6ebe47ef75{ip: 192.168.69.77, host: pr-hdds-1710-5x6jb-1204890111, networkLocation: /default-rack, certSerialId: null}, Type:RATIS, Factor:ONE, State:OPEN]
2019-07-14 16:41:52,105 INFO  impl.RaftServerProxy (RaftServerProxy.java:addNew(89)) - db92fa66-58a9-421b-9c9b-1bf8484a524a: addNew group-0049CC916C7C:[db92fa66-58a9-421b-9c9b-1bf8484a524a:192.168.69.77:39084] returns group-0049CC916C7C:java.util.concurrent.CompletableFuture@39cf09a4[Not completed]
2019-07-14 16:41:52,107 INFO  impl.RaftServerImpl (RaftServerImpl.java:<init>(93)) - db92fa66-58a9-421b-9c9b-1bf8484a524a: new RaftServerImpl for group-0049CC916C7C:[db92fa66-58a9-421b-9c9b-1bf8484a524a:192.168.69.77:39084] with ContainerStateMachine:uninitialized
2019-07-14 16:41:52,107 INFO  server.RaftServerConfigKeys (ConfUtils.java:logGet(43)) - raft.server.rpc.timeout.min = 5s (custom)
2019-07-14 16:41:52,107 INFO  server.RaftServerConfigKeys (ConfUtils.java:logGet(43)) - raft.server.rpc.timeout.max = 5200ms (custom)
2019-07-14 16:41:52,108 INFO  server.RaftServerConfigKeys (ConfUtils.java:logGet(43)) - raft.server.rpcslowness.timeout = 120s (custom)
2019-07-14 16:41:52,108 INFO  server.RaftServerConfigKeys (ConfUtils.java:logGet(43)) - raft.server.sleep.deviation.threshold = 300 (default)
2019-07-14 16:41:52,108 INFO  server.RaftServerConfigKeys (ConfUtils.java:logGet(43)) - raft.server.log.appender.install.snapshot.enabled = false (custom)
2019-07-14 16:41:52,108 INFO  impl.RaftServerImpl (ServerState.java:<init>(105)) - db92fa66-58a9-421b-9c9b-1bf8484a524a:group-0049CC916C7C ConfigurationManager, init=-1: [db92fa66-58a9-421b-9c9b-1bf8484a524a:192.168.69.77:39084], old=null, confs=<EMPTY_MAP>
2019-07-14 16:41:52,108 INFO  server.RaftServerConfigKeys (ConfUtils.java:logGet(43)) - raft.server.storage.dir = [/workdir/hadoop-ozone/integration-test/target/test-dir/MiniOzoneClusterImpl-b9e3a967-622d-41f2-af2c-36316d08c0b1/datanode-1/data/ratis] (custom)
2019-07-14 16:41:52,109 INFO  storage.RaftStorageDirectory (RaftStorageDirectory.java:analyzeStorage(246)) - The storage directory /workdir/hadoop-ozone/integration-test/target/test-dir/MiniOzoneClusterImpl-b9e3a967-622d-41f2-af2c-36316d08c0b1/datanode-1/data/ratis/ecbc885d-ea40-415e-aa71-0049cc916c7c does not exist. Creating ...
2019-07-14 16:41:52,130 INFO  storage.RaftStorageDirectory (RaftStorageDirectory.java:tryLock(328)) - Lock on /workdir/hadoop-ozone/integration-test/target/test-dir/MiniOzoneClusterImpl-b9e3a967-622d-41f2-af2c-36316d08c0b1/datanode-1/data/ratis/ecbc885d-ea40-415e-aa71-0049cc916c7c/in_use.lock acquired by nodename 7323@pr-hdds-1710-5x6jb-1204890111
2019-07-14 16:41:52,146 INFO  storage.RaftStorage (RaftStorage.java:format(72)) - Storage directory /workdir/hadoop-ozone/integration-test/target/test-dir/MiniOzoneClusterImpl-b9e3a967-622d-41f2-af2c-36316d08c0b1/datanode-1/data/ratis/ecbc885d-ea40-415e-aa71-0049cc916c7c has been successfully formatted.
2019-07-14 16:41:52,147 INFO  ratis.ContainerStateMachine (ContainerStateMachine.java:loadSnapshot(200)) - The snapshot info is null.Setting the last applied index to:(t:0, i:~)
2019-07-14 16:41:52,147 INFO  server.RaftServerConfigKeys (ConfUtils.java:logGet(43)) - raft.server.leader.election.timeout = 120s (custom)
2019-07-14 16:41:52,147 INFO  server.RaftServerConfigKeys (ConfUtils.java:logGet(43)) - raft.server.log.use.memory = false (default)
2019-07-14 16:41:52,147 INFO  server.RaftServerConfigKeys (ConfUtils.java:logGet(43)) - raft.server.log.purge.gap = 1000000000 (custom)
2019-07-14 16:41:52,147 INFO  server.RaftServerConfigKeys (ConfUtils.java:logGet(43)) - raft.server.log.appender.buffer.byte-limit = 33554432 (custom)
2019-07-14 16:41:52,148 INFO  server.RaftServerConfigKeys (ConfUtils.java:logGet(43)) - raft.server.log.segment.size.max = 1048576 (custom)
2019-07-14 16:41:52,148 INFO  server.RaftServerConfigKeys (ConfUtils.java:logGet(43)) - raft.server.log.segment.cache.num.max = 2 (custom)
2019-07-14 16:41:52,148 INFO  segmented.SegmentedRaftLogWorker (SegmentedRaftLogWorker.java:<init>(172)) - new db92fa66-58a9-421b-9c9b-1bf8484a524a-SegmentedRaftLogWorker:Storage Directory /workdir/hadoop-ozone/integration-test/target/test-dir/MiniOzoneClusterImpl-b9e3a967-622d-41f2-af2c-36316d08c0b1/datanode-1/data/ratis/ecbc885d-ea40-415e-aa71-0049cc916c7c for RaftStorage:Storage Directory /workdir/hadoop-ozone/integration-test/target/test-dir/MiniOzoneClusterImpl-b9e3a967-622d-41f2-af2c-36316d08c0b1/datanode-1/data/ratis/ecbc885d-ea40-415e-aa71-0049cc916c7c
2019-07-14 16:41:52,148 INFO  server.RaftServerConfigKeys (ConfUtils.java:logGet(43)) - raft.server.log.queue.byte-limit = 2147483647 (custom)
2019-07-14 16:41:52,148 INFO  server.RaftServerConfigKeys (ConfUtils.java:logGet(43)) - raft.server.log.queue.element-limit = 1024 (custom)
2019-07-14 16:41:52,149 INFO  server.RaftServerConfigKeys (ConfUtils.java:logGet(43)) - raft.server.log.segment.size.max = 1048576 (custom)
2019-07-14 16:41:52,149 INFO  server.RaftServerConfigKeys (ConfUtils.java:logGet(43)) - raft.server.log.preallocated.size = 16384 (custom)
2019-07-14 16:41:52,149 INFO  server.RaftServerConfigKeys (ConfUtils.java:logGet(43)) - raft.server.log.write.buffer.size = 33554432 (custom)
2019-07-14 16:41:52,149 INFO  server.RaftServerConfigKeys (ConfUtils.java:logGet(43)) - raft.server.log.force.sync.num = 128 (default)
2019-07-14 16:41:52,149 INFO  server.RaftServerConfigKeys (ConfUtils.java:logGet(43)) - raft.server.log.statemachine.data.sync = true (default)
2019-07-14 16:41:52,150 INFO  server.RaftServerConfigKeys (ConfUtils.java:logGet(43)) - raft.server.log.statemachine.data.sync.timeout = 10s (default)
2019-07-14 16:41:52,150 INFO  server.RaftServerConfigKeys (ConfUtils.java:logGet(43)) - raft.server.log.statemachine.data.sync.timeout.retry = -1 (default)
2019-07-14 16:41:52,150 INFO  server.RaftServerConfigKeys (ConfUtils.java:logGet(43)) - raft.server.log.statemachine.data.caching.enabled = true (custom)
2019-07-14 16:41:52,151 INFO  segmented.SegmentedRaftLogWorker (SegmentedRaftLogWorker.java:lambda$new$0(132)) - db92fa66-58a9-421b-9c9b-1bf8484a524a-SegmentedRaftLogWorker:Storage Directory /workdir/hadoop-ozone/integration-test/target/test-dir/MiniOzoneClusterImpl-b9e3a967-622d-41f2-af2c-36316d08c0b1/datanode-1/data/ratis/ecbc885d-ea40-415e-aa71-0049cc916c7c: flushIndex: setUnconditionally 0 -> -1
2019-07-14 16:41:52,151 INFO  server.RaftServerConfigKeys (ConfUtils.java:logGet(43)) - raft.server.snapshot.auto.trigger.enabled = true (custom)
2019-07-14 16:41:52,151 INFO  server.RaftServerConfigKeys (ConfUtils.java:logGet(43)) - raft.server.snapshot.auto.trigger.threshold = 10000 (custom)
2019-07-14 16:41:52,151 INFO  server.RaftServerConfigKeys (ConfUtils.java:logGet(43)) - raft.server.retrycache.expirytime = 600000ms (custom)
2019-07-14 16:41:52,152 INFO  impl.RaftServerImpl (RaftServerImpl.java:start(180)) - db92fa66-58a9-421b-9c9b-1bf8484a524a: start group-0049CC916C7C
2019-07-14 16:41:52,152 INFO  impl.RaftServerImpl (RaftServerImpl.java:setRole(171)) - db92fa66-58a9-421b-9c9b-1bf8484a524a:group-0049CC916C7C changes role from null to FOLLOWER at term 0 for startAsFollower
2019-07-14 16:41:52,152 INFO  impl.RoleInfo (RoleInfo.java:updateAndGet(143)) - db92fa66-58a9-421b-9c9b-1bf8484a524a: start FollowerState
2019-07-14 16:41:52,152 INFO  util.JmxRegister (JmxRegister.java:tryRegister(44)) - Successfully registered JMX Bean with object name Ratis:service=RaftServer,group=group-0049CC916C7C,id=db92fa66-58a9-421b-9c9b-1bf8484a524a
2019-07-14 16:41:52,168 INFO  pipeline.PipelineStateManager (PipelineStateManager.java:addPipeline(56)) - Created pipeline Pipeline[ Id: ecbc885d-ea40-415e-aa71-0049cc916c7c, Nodes: db92fa66-58a9-421b-9c9b-1bf8484a524a{ip: 192.168.69.77, host: pr-hdds-1710-5x6jb-1204890111, networkLocation: /default-rack, certSerialId: null}, Type:RATIS, Factor:ONE, State:OPEN]
2019-07-14 16:41:52,197 INFO  impl.RaftServerProxy (RaftServerProxy.java:addNew(89)) - 7aeff993-62c7-43ce-9136-4228ac6fee1d: addNew group-4277DD1D5BAC:[7aeff993-62c7-43ce-9136-4228ac6fee1d:192.168.69.77:41484] returns group-4277DD1D5BAC:java.util.concurrent.CompletableFuture@3d357d3d[Not completed]
2019-07-14 16:41:52,199 INFO  impl.RaftServerImpl (RaftServerImpl.java:<init>(93)) - 7aeff993-62c7-43ce-9136-4228ac6fee1d: new RaftServerImpl for group-4277DD1D5BAC:[7aeff993-62c7-43ce-9136-4228ac6fee1d:192.168.69.77:41484] with ContainerStateMachine:uninitialized
2019-07-14 16:41:52,199 INFO  server.RaftServerConfigKeys (ConfUtils.java:logGet(43)) - raft.server.rpc.timeout.min = 5s (custom)
2019-07-14 16:41:52,199 INFO  server.RaftServerConfigKeys (ConfUtils.java:logGet(43)) - raft.server.rpc.timeout.max = 5200ms (custom)
2019-07-14 16:41:52,200 INFO  server.RaftServerConfigKeys (ConfUtils.java:logGet(43)) - raft.server.rpcslowness.timeout = 120s (custom)
2019-07-14 16:41:52,200 INFO  server.RaftServerConfigKeys (ConfUtils.java:logGet(43)) - raft.server.sleep.deviation.threshold = 300 (default)
2019-07-14 16:41:52,200 INFO  server.RaftServerConfigKeys (ConfUtils.java:logGet(43)) - raft.server.log.appender.install.snapshot.enabled = false (custom)
2019-07-14 16:41:52,200 INFO  impl.RaftServerImpl (ServerState.java:<init>(105)) - 7aeff993-62c7-43ce-9136-4228ac6fee1d:group-4277DD1D5BAC ConfigurationManager, init=-1: [7aeff993-62c7-43ce-9136-4228ac6fee1d:192.168.69.77:41484], old=null, confs=<EMPTY_MAP>
2019-07-14 16:41:52,201 INFO  server.RaftServerConfigKeys (ConfUtils.java:logGet(43)) - raft.server.storage.dir = [/workdir/hadoop-ozone/integration-test/target/test-dir/MiniOzoneClusterImpl-b9e3a967-622d-41f2-af2c-36316d08c0b1/datanode-3/data/ratis] (custom)
2019-07-14 16:41:52,201 INFO  storage.RaftStorageDirectory (RaftStorageDirectory.java:analyzeStorage(246)) - The storage directory /workdir/hadoop-ozone/integration-test/target/test-dir/MiniOzoneClusterImpl-b9e3a967-622d-41f2-af2c-36316d08c0b1/datanode-3/data/ratis/73adb16b-4699-45f1-a32c-4277dd1d5bac does not exist. Creating ...
2019-07-14 16:41:52,214 INFO  storage.RaftStorageDirectory (RaftStorageDirectory.java:tryLock(328)) - Lock on /workdir/hadoop-ozone/integration-test/target/test-dir/MiniOzoneClusterImpl-b9e3a967-622d-41f2-af2c-36316d08c0b1/datanode-3/data/ratis/73adb16b-4699-45f1-a32c-4277dd1d5bac/in_use.lock acquired by nodename 7323@pr-hdds-1710-5x6jb-1204890111
2019-07-14 16:41:52,228 INFO  storage.RaftStorage (RaftStorage.java:format(72)) - Storage directory /workdir/hadoop-ozone/integration-test/target/test-dir/MiniOzoneClusterImpl-b9e3a967-622d-41f2-af2c-36316d08c0b1/datanode-3/data/ratis/73adb16b-4699-45f1-a32c-4277dd1d5bac has been successfully formatted.
2019-07-14 16:41:52,229 INFO  ratis.ContainerStateMachine (ContainerStateMachine.java:loadSnapshot(200)) - The snapshot info is null.Setting the last applied index to:(t:0, i:~)
2019-07-14 16:41:52,229 INFO  server.RaftServerConfigKeys (ConfUtils.java:logGet(43)) - raft.server.leader.election.timeout = 120s (custom)
2019-07-14 16:41:52,229 INFO  server.RaftServerConfigKeys (ConfUtils.java:logGet(43)) - raft.server.log.use.memory = false (default)
2019-07-14 16:41:52,229 INFO  server.RaftServerConfigKeys (ConfUtils.java:logGet(43)) - raft.server.log.purge.gap = 1000000000 (custom)
2019-07-14 16:41:52,229 INFO  server.RaftServerConfigKeys (ConfUtils.java:logGet(43)) - raft.server.log.appender.buffer.byte-limit = 33554432 (custom)
2019-07-14 16:41:52,230 INFO  server.RaftServerConfigKeys (ConfUtils.java:logGet(43)) - raft.server.log.segment.size.max = 1048576 (custom)
2019-07-14 16:41:52,230 INFO  server.RaftServerConfigKeys (ConfUtils.java:logGet(43)) - raft.server.log.segment.cache.num.max = 2 (custom)
2019-07-14 16:41:52,230 INFO  segmented.SegmentedRaftLogWorker (SegmentedRaftLogWorker.java:<init>(172)) - new 7aeff993-62c7-43ce-9136-4228ac6fee1d-SegmentedRaftLogWorker:Storage Directory /workdir/hadoop-ozone/integration-test/target/test-dir/MiniOzoneClusterImpl-b9e3a967-622d-41f2-af2c-36316d08c0b1/datanode-3/data/ratis/73adb16b-4699-45f1-a32c-4277dd1d5bac for RaftStorage:Storage Directory /workdir/hadoop-ozone/integration-test/target/test-dir/MiniOzoneClusterImpl-b9e3a967-622d-41f2-af2c-36316d08c0b1/datanode-3/data/ratis/73adb16b-4699-45f1-a32c-4277dd1d5bac
2019-07-14 16:41:52,230 INFO  server.RaftServerConfigKeys (ConfUtils.java:logGet(43)) - raft.server.log.queue.byte-limit = 2147483647 (custom)
2019-07-14 16:41:52,230 INFO  server.RaftServerConfigKeys (ConfUtils.java:logGet(43)) - raft.server.log.queue.element-limit = 1024 (custom)
2019-07-14 16:41:52,231 INFO  server.RaftServerConfigKeys (ConfUtils.java:logGet(43)) - raft.server.log.segment.size.max = 1048576 (custom)
2019-07-14 16:41:52,231 INFO  server.RaftServerConfigKeys (ConfUtils.java:logGet(43)) - raft.server.log.preallocated.size = 16384 (custom)
2019-07-14 16:41:52,231 INFO  server.RaftServerConfigKeys (ConfUtils.java:logGet(43)) - raft.server.log.write.buffer.size = 33554432 (custom)
2019-07-14 16:41:52,231 INFO  server.RaftServerConfigKeys (ConfUtils.java:logGet(43)) - raft.server.log.force.sync.num = 128 (default)
2019-07-14 16:41:52,232 INFO  server.RaftServerConfigKeys (ConfUtils.java:logGet(43)) - raft.server.log.statemachine.data.sync = true (default)
2019-07-14 16:41:52,232 INFO  server.RaftServerConfigKeys (ConfUtils.java:logGet(43)) - raft.server.log.statemachine.data.sync.timeout = 10s (default)
2019-07-14 16:41:52,232 INFO  server.RaftServerConfigKeys (ConfUtils.java:logGet(43)) - raft.server.log.statemachine.data.sync.timeout.retry = -1 (default)
2019-07-14 16:41:52,232 INFO  server.RaftServerConfigKeys (ConfUtils.java:logGet(43)) - raft.server.log.statemachine.data.caching.enabled = true (custom)
2019-07-14 16:41:52,233 INFO  segmented.SegmentedRaftLogWorker (SegmentedRaftLogWorker.java:lambda$new$0(132)) - 7aeff993-62c7-43ce-9136-4228ac6fee1d-SegmentedRaftLogWorker:Storage Directory /workdir/hadoop-ozone/integration-test/target/test-dir/MiniOzoneClusterImpl-b9e3a967-622d-41f2-af2c-36316d08c0b1/datanode-3/data/ratis/73adb16b-4699-45f1-a32c-4277dd1d5bac: flushIndex: setUnconditionally 0 -> -1
2019-07-14 16:41:52,233 INFO  server.RaftServerConfigKeys (ConfUtils.java:logGet(43)) - raft.server.snapshot.auto.trigger.enabled = true (custom)
2019-07-14 16:41:52,233 INFO  server.RaftServerConfigKeys (ConfUtils.java:logGet(43)) - raft.server.snapshot.auto.trigger.threshold = 10000 (custom)
2019-07-14 16:41:52,234 INFO  server.RaftServerConfigKeys (ConfUtils.java:logGet(43)) - raft.server.retrycache.expirytime = 600000ms (custom)
2019-07-14 16:41:52,234 INFO  impl.RaftServerImpl (RaftServerImpl.java:start(180)) - 7aeff993-62c7-43ce-9136-4228ac6fee1d: start group-4277DD1D5BAC
2019-07-14 16:41:52,234 INFO  impl.RaftServerImpl (RaftServerImpl.java:setRole(171)) - 7aeff993-62c7-43ce-9136-4228ac6fee1d:group-4277DD1D5BAC changes role from null to FOLLOWER at term 0 for startAsFollower
2019-07-14 16:41:52,234 INFO  impl.RoleInfo (RoleInfo.java:updateAndGet(143)) - 7aeff993-62c7-43ce-9136-4228ac6fee1d: start FollowerState
2019-07-14 16:41:52,235 INFO  util.JmxRegister (JmxRegister.java:tryRegister(44)) - Successfully registered JMX Bean with object name Ratis:service=RaftServer,group=group-4277DD1D5BAC,id=7aeff993-62c7-43ce-9136-4228ac6fee1d
2019-07-14 16:41:52,248 INFO  pipeline.PipelineStateManager (PipelineStateManager.java:addPipeline(56)) - Created pipeline Pipeline[ Id: 73adb16b-4699-45f1-a32c-4277dd1d5bac, Nodes: 7aeff993-62c7-43ce-9136-4228ac6fee1d{ip: 192.168.69.77, host: pr-hdds-1710-5x6jb-1204890111, networkLocation: /default-rack, certSerialId: null}, Type:RATIS, Factor:ONE, State:OPEN]
2019-07-14 16:41:52,270 INFO  impl.RaftServerProxy (RaftServerProxy.java:addNew(89)) - 3824e43a-eff5-465f-8337-5f1fad9a56ba: addNew group-17ABA7EB4362:[3824e43a-eff5-465f-8337-5f1fad9a56ba:192.168.69.77:44398] returns group-17ABA7EB4362:java.util.concurrent.CompletableFuture@62e7ac3a[Not completed]
2019-07-14 16:41:52,272 INFO  impl.RaftServerImpl (RaftServerImpl.java:<init>(93)) - 3824e43a-eff5-465f-8337-5f1fad9a56ba: new RaftServerImpl for group-17ABA7EB4362:[3824e43a-eff5-465f-8337-5f1fad9a56ba:192.168.69.77:44398] with ContainerStateMachine:uninitialized
2019-07-14 16:41:52,273 INFO  server.RaftServerConfigKeys (ConfUtils.java:logGet(43)) - raft.server.rpc.timeout.min = 5s (custom)
2019-07-14 16:41:52,273 INFO  server.RaftServerConfigKeys (ConfUtils.java:logGet(43)) - raft.server.rpc.timeout.max = 5200ms (custom)
2019-07-14 16:41:52,273 INFO  server.RaftServerConfigKeys (ConfUtils.java:logGet(43)) - raft.server.rpcslowness.timeout = 120s (custom)
2019-07-14 16:41:52,273 INFO  server.RaftServerConfigKeys (ConfUtils.java:logGet(43)) - raft.server.sleep.deviation.threshold = 300 (default)
2019-07-14 16:41:52,273 INFO  server.RaftServerConfigKeys (ConfUtils.java:logGet(43)) - raft.server.log.appender.install.snapshot.enabled = false (custom)
2019-07-14 16:41:52,274 INFO  impl.RaftServerImpl (ServerState.java:<init>(105)) - 3824e43a-eff5-465f-8337-5f1fad9a56ba:group-17ABA7EB4362 ConfigurationManager, init=-1: [3824e43a-eff5-465f-8337-5f1fad9a56ba:192.168.69.77:44398], old=null, confs=<EMPTY_MAP>
2019-07-14 16:41:52,274 INFO  server.RaftServerConfigKeys (ConfUtils.java:logGet(43)) - raft.server.storage.dir = [/workdir/hadoop-ozone/integration-test/target/test-dir/MiniOzoneClusterImpl-b9e3a967-622d-41f2-af2c-36316d08c0b1/datanode-2/data/ratis] (custom)
2019-07-14 16:41:52,275 INFO  storage.RaftStorageDirectory (RaftStorageDirectory.java:analyzeStorage(246)) - The storage directory /workdir/hadoop-ozone/integration-test/target/test-dir/MiniOzoneClusterImpl-b9e3a967-622d-41f2-af2c-36316d08c0b1/datanode-2/data/ratis/7d518fb4-3969-4cd5-a701-17aba7eb4362 does not exist. Creating ...
2019-07-14 16:41:52,288 INFO  storage.RaftStorageDirectory (RaftStorageDirectory.java:tryLock(328)) - Lock on /workdir/hadoop-ozone/integration-test/target/test-dir/MiniOzoneClusterImpl-b9e3a967-622d-41f2-af2c-36316d08c0b1/datanode-2/data/ratis/7d518fb4-3969-4cd5-a701-17aba7eb4362/in_use.lock acquired by nodename 7323@pr-hdds-1710-5x6jb-1204890111
2019-07-14 16:41:52,301 INFO  storage.RaftStorage (RaftStorage.java:format(72)) - Storage directory /workdir/hadoop-ozone/integration-test/target/test-dir/MiniOzoneClusterImpl-b9e3a967-622d-41f2-af2c-36316d08c0b1/datanode-2/data/ratis/7d518fb4-3969-4cd5-a701-17aba7eb4362 has been successfully formatted.
2019-07-14 16:41:52,301 INFO  ratis.ContainerStateMachine (ContainerStateMachine.java:loadSnapshot(200)) - The snapshot info is null.Setting the last applied index to:(t:0, i:~)
2019-07-14 16:41:52,301 INFO  server.RaftServerConfigKeys (ConfUtils.java:logGet(43)) - raft.server.leader.election.timeout = 120s (custom)
2019-07-14 16:41:52,301 INFO  server.RaftServerConfigKeys (ConfUtils.java:logGet(43)) - raft.server.log.use.memory = false (default)
2019-07-14 16:41:52,301 INFO  server.RaftServerConfigKeys (ConfUtils.java:logGet(43)) - raft.server.log.purge.gap = 1000000000 (custom)
2019-07-14 16:41:52,301 INFO  server.RaftServerConfigKeys (ConfUtils.java:logGet(43)) - raft.server.log.appender.buffer.byte-limit = 33554432 (custom)
2019-07-14 16:41:52,302 INFO  server.RaftServerConfigKeys (ConfUtils.java:logGet(43)) - raft.server.log.segment.size.max = 1048576 (custom)
2019-07-14 16:41:52,302 INFO  server.RaftServerConfigKeys (ConfUtils.java:logGet(43)) - raft.server.log.segment.cache.num.max = 2 (custom)
2019-07-14 16:41:52,302 INFO  segmented.SegmentedRaftLogWorker (SegmentedRaftLogWorker.java:<init>(172)) - new 3824e43a-eff5-465f-8337-5f1fad9a56ba-SegmentedRaftLogWorker:Storage Directory /workdir/hadoop-ozone/integration-test/target/test-dir/MiniOzoneClusterImpl-b9e3a967-622d-41f2-af2c-36316d08c0b1/datanode-2/data/ratis/7d518fb4-3969-4cd5-a701-17aba7eb4362 for RaftStorage:Storage Directory /workdir/hadoop-ozone/integration-test/target/test-dir/MiniOzoneClusterImpl-b9e3a967-622d-41f2-af2c-36316d08c0b1/datanode-2/data/ratis/7d518fb4-3969-4cd5-a701-17aba7eb4362
2019-07-14 16:41:52,302 INFO  server.RaftServerConfigKeys (ConfUtils.java:logGet(43)) - raft.server.log.queue.byte-limit = 2147483647 (custom)
2019-07-14 16:41:52,302 INFO  server.RaftServerConfigKeys (ConfUtils.java:logGet(43)) - raft.server.log.queue.element-limit = 1024 (custom)
2019-07-14 16:41:52,302 INFO  server.RaftServerConfigKeys (ConfUtils.java:logGet(43)) - raft.server.log.segment.size.max = 1048576 (custom)
2019-07-14 16:41:52,303 INFO  server.RaftServerConfigKeys (ConfUtils.java:logGet(43)) - raft.server.log.preallocated.size = 16384 (custom)
2019-07-14 16:41:52,303 INFO  server.RaftServerConfigKeys (ConfUtils.java:logGet(43)) - raft.server.log.write.buffer.size = 33554432 (custom)
2019-07-14 16:41:52,303 INFO  server.RaftServerConfigKeys (ConfUtils.java:logGet(43)) - raft.server.log.force.sync.num = 128 (default)
2019-07-14 16:41:52,303 INFO  server.RaftServerConfigKeys (ConfUtils.java:logGet(43)) - raft.server.log.statemachine.data.sync = true (default)
2019-07-14 16:41:52,303 INFO  server.RaftServerConfigKeys (ConfUtils.java:logGet(43)) - raft.server.log.statemachine.data.sync.timeout = 10s (default)
2019-07-14 16:41:52,303 INFO  server.RaftServerConfigKeys (ConfUtils.java:logGet(43)) - raft.server.log.statemachine.data.sync.timeout.retry = -1 (default)
2019-07-14 16:41:52,304 INFO  server.RaftServerConfigKeys (ConfUtils.java:logGet(43)) - raft.server.log.statemachine.data.caching.enabled = true (custom)
2019-07-14 16:41:52,304 INFO  segmented.SegmentedRaftLogWorker (SegmentedRaftLogWorker.java:lambda$new$0(132)) - 3824e43a-eff5-465f-8337-5f1fad9a56ba-SegmentedRaftLogWorker:Storage Directory /workdir/hadoop-ozone/integration-test/target/test-dir/MiniOzoneClusterImpl-b9e3a967-622d-41f2-af2c-36316d08c0b1/datanode-2/data/ratis/7d518fb4-3969-4cd5-a701-17aba7eb4362: flushIndex: setUnconditionally 0 -> -1
2019-07-14 16:41:52,304 INFO  server.RaftServerConfigKeys (ConfUtils.java:logGet(43)) - raft.server.snapshot.auto.trigger.enabled = true (custom)
2019-07-14 16:41:52,305 INFO  server.RaftServerConfigKeys (ConfUtils.java:logGet(43)) - raft.server.snapshot.auto.trigger.threshold = 10000 (custom)
2019-07-14 16:41:52,305 INFO  server.RaftServerConfigKeys (ConfUtils.java:logGet(43)) - raft.server.retrycache.expirytime = 600000ms (custom)
2019-07-14 16:41:52,305 INFO  impl.RaftServerImpl (RaftServerImpl.java:start(180)) - 3824e43a-eff5-465f-8337-5f1fad9a56ba: start group-17ABA7EB4362
2019-07-14 16:41:52,305 INFO  impl.RaftServerImpl (RaftServerImpl.java:setRole(171)) - 3824e43a-eff5-465f-8337-5f1fad9a56ba:group-17ABA7EB4362 changes role from null to FOLLOWER at term 0 for startAsFollower
2019-07-14 16:41:52,305 INFO  impl.RoleInfo (RoleInfo.java:updateAndGet(143)) - 3824e43a-eff5-465f-8337-5f1fad9a56ba: start FollowerState
2019-07-14 16:41:52,306 INFO  util.JmxRegister (JmxRegister.java:tryRegister(44)) - Successfully registered JMX Bean with object name Ratis:service=RaftServer,group=group-17ABA7EB4362,id=3824e43a-eff5-465f-8337-5f1fad9a56ba
2019-07-14 16:41:52,324 INFO  pipeline.PipelineStateManager (PipelineStateManager.java:addPipeline(56)) - Created pipeline Pipeline[ Id: 7d518fb4-3969-4cd5-a701-17aba7eb4362, Nodes: 3824e43a-eff5-465f-8337-5f1fad9a56ba{ip: 192.168.69.77, host: pr-hdds-1710-5x6jb-1204890111, networkLocation: /default-rack, certSerialId: null}, Type:RATIS, Factor:ONE, State:OPEN]
2019-07-14 16:41:52,362 INFO  impl.RaftServerProxy (RaftServerProxy.java:addNew(89)) - a4a407f9-093b-4164-9a52-cf7c4be9fa57: addNew group-5C22AE6C24B5:[e36470be-7608-4cae-8203-ef6ebe47ef75:192.168.69.77:43358, a4a407f9-093b-4164-9a52-cf7c4be9fa57:192.168.69.77:44083, 9c5e400c-1a94-4ecb-977b-6ee6b901e642:192.168.69.77:41507] returns group-5C22AE6C24B5:java.util.concurrent.CompletableFuture@572ca68c[Not completed]
2019-07-14 16:41:52,363 INFO  impl.RaftServerProxy (RaftServerProxy.java:addNew(89)) - 9c5e400c-1a94-4ecb-977b-6ee6b901e642: addNew group-5C22AE6C24B5:[e36470be-7608-4cae-8203-ef6ebe47ef75:192.168.69.77:43358, a4a407f9-093b-4164-9a52-cf7c4be9fa57:192.168.69.77:44083, 9c5e400c-1a94-4ecb-977b-6ee6b901e642:192.168.69.77:41507] returns group-5C22AE6C24B5:java.util.concurrent.CompletableFuture@34860881[Not completed]
2019-07-14 16:41:52,365 INFO  impl.RaftServerProxy (RaftServerProxy.java:addNew(89)) - e36470be-7608-4cae-8203-ef6ebe47ef75: addNew group-5C22AE6C24B5:[e36470be-7608-4cae-8203-ef6ebe47ef75:192.168.69.77:43358, a4a407f9-093b-4164-9a52-cf7c4be9fa57:192.168.69.77:44083, 9c5e400c-1a94-4ecb-977b-6ee6b901e642:192.168.69.77:41507] returns group-5C22AE6C24B5:java.util.concurrent.CompletableFuture@71849075[Not completed]
2019-07-14 16:41:52,366 INFO  impl.RaftServerImpl (RaftServerImpl.java:<init>(93)) - a4a407f9-093b-4164-9a52-cf7c4be9fa57: new RaftServerImpl for group-5C22AE6C24B5:[e36470be-7608-4cae-8203-ef6ebe47ef75:192.168.69.77:43358, a4a407f9-093b-4164-9a52-cf7c4be9fa57:192.168.69.77:44083, 9c5e400c-1a94-4ecb-977b-6ee6b901e642:192.168.69.77:41507] with ContainerStateMachine:uninitialized
2019-07-14 16:41:52,366 INFO  server.RaftServerConfigKeys (ConfUtils.java:logGet(43)) - raft.server.rpc.timeout.min = 5s (custom)
2019-07-14 16:41:52,367 INFO  server.RaftServerConfigKeys (ConfUtils.java:logGet(43)) - raft.server.rpc.timeout.max = 5200ms (custom)
2019-07-14 16:41:52,367 INFO  server.RaftServerConfigKeys (ConfUtils.java:logGet(43)) - raft.server.rpcslowness.timeout = 120s (custom)
2019-07-14 16:41:52,367 INFO  impl.RaftServerImpl (RaftServerImpl.java:<init>(93)) - e36470be-7608-4cae-8203-ef6ebe47ef75: new RaftServerImpl for group-5C22AE6C24B5:[e36470be-7608-4cae-8203-ef6ebe47ef75:192.168.69.77:43358, a4a407f9-093b-4164-9a52-cf7c4be9fa57:192.168.69.77:44083, 9c5e400c-1a94-4ecb-977b-6ee6b901e642:192.168.69.77:41507] with ContainerStateMachine:uninitialized
2019-07-14 16:41:52,367 INFO  server.RaftServerConfigKeys (ConfUtils.java:logGet(43)) - raft.server.sleep.deviation.threshold = 300 (default)
2019-07-14 16:41:52,368 INFO  server.RaftServerConfigKeys (ConfUtils.java:logGet(43)) - raft.server.rpc.timeout.min = 5s (custom)
2019-07-14 16:41:52,368 INFO  server.RaftServerConfigKeys (ConfUtils.java:logGet(43)) - raft.server.log.appender.install.snapshot.enabled = false (custom)
2019-07-14 16:41:52,368 INFO  impl.RaftServerImpl (RaftServerImpl.java:<init>(93)) - 9c5e400c-1a94-4ecb-977b-6ee6b901e642: new RaftServerImpl for group-5C22AE6C24B5:[e36470be-7608-4cae-8203-ef6ebe47ef75:192.168.69.77:43358, a4a407f9-093b-4164-9a52-cf7c4be9fa57:192.168.69.77:44083, 9c5e400c-1a94-4ecb-977b-6ee6b901e642:192.168.69.77:41507] with ContainerStateMachine:uninitialized
2019-07-14 16:41:52,368 INFO  server.RaftServerConfigKeys (ConfUtils.java:logGet(43)) - raft.server.rpc.timeout.max = 5200ms (custom)
2019-07-14 16:41:52,368 INFO  server.RaftServerConfigKeys (ConfUtils.java:logGet(43)) - raft.server.rpc.timeout.min = 5s (custom)
2019-07-14 16:41:52,368 INFO  impl.RaftServerImpl (ServerState.java:<init>(105)) - a4a407f9-093b-4164-9a52-cf7c4be9fa57:group-5C22AE6C24B5 ConfigurationManager, init=-1: [e36470be-7608-4cae-8203-ef6ebe47ef75:192.168.69.77:43358, a4a407f9-093b-4164-9a52-cf7c4be9fa57:192.168.69.77:44083, 9c5e400c-1a94-4ecb-977b-6ee6b901e642:192.168.69.77:41507], old=null, confs=<EMPTY_MAP>
2019-07-14 16:41:52,369 INFO  server.RaftServerConfigKeys (ConfUtils.java:logGet(43)) - raft.server.rpc.timeout.max = 5200ms (custom)
2019-07-14 16:41:52,368 INFO  server.RaftServerConfigKeys (ConfUtils.java:logGet(43)) - raft.server.rpcslowness.timeout = 120s (custom)
2019-07-14 16:41:52,369 INFO  server.RaftServerConfigKeys (ConfUtils.java:logGet(43)) - raft.server.rpcslowness.timeout = 120s (custom)
2019-07-14 16:41:52,369 INFO  server.RaftServerConfigKeys (ConfUtils.java:logGet(43)) - raft.server.storage.dir = [/workdir/hadoop-ozone/integration-test/target/test-dir/MiniOzoneClusterImpl-b9e3a967-622d-41f2-af2c-36316d08c0b1/datanode-4/data/ratis] (custom)
2019-07-14 16:41:52,369 INFO  server.RaftServerConfigKeys (ConfUtils.java:logGet(43)) - raft.server.sleep.deviation.threshold = 300 (default)
2019-07-14 16:41:52,369 INFO  server.RaftServerConfigKeys (ConfUtils.java:logGet(43)) - raft.server.sleep.deviation.threshold = 300 (default)
2019-07-14 16:41:52,370 INFO  server.RaftServerConfigKeys (ConfUtils.java:logGet(43)) - raft.server.log.appender.install.snapshot.enabled = false (custom)
2019-07-14 16:41:52,370 INFO  server.RaftServerConfigKeys (ConfUtils.java:logGet(43)) - raft.server.log.appender.install.snapshot.enabled = false (custom)
2019-07-14 16:41:52,370 INFO  storage.RaftStorageDirectory (RaftStorageDirectory.java:analyzeStorage(246)) - The storage directory /workdir/hadoop-ozone/integration-test/target/test-dir/MiniOzoneClusterImpl-b9e3a967-622d-41f2-af2c-36316d08c0b1/datanode-4/data/ratis/86a37e0a-5cb5-4d0d-88d2-5c22ae6c24b5 does not exist. Creating ...
2019-07-14 16:41:52,370 INFO  impl.RaftServerImpl (ServerState.java:<init>(105)) - 9c5e400c-1a94-4ecb-977b-6ee6b901e642:group-5C22AE6C24B5 ConfigurationManager, init=-1: [e36470be-7608-4cae-8203-ef6ebe47ef75:192.168.69.77:43358, a4a407f9-093b-4164-9a52-cf7c4be9fa57:192.168.69.77:44083, 9c5e400c-1a94-4ecb-977b-6ee6b901e642:192.168.69.77:41507], old=null, confs=<EMPTY_MAP>
2019-07-14 16:41:52,370 INFO  impl.RaftServerImpl (ServerState.java:<init>(105)) - e36470be-7608-4cae-8203-ef6ebe47ef75:group-5C22AE6C24B5 ConfigurationManager, init=-1: [e36470be-7608-4cae-8203-ef6ebe47ef75:192.168.69.77:43358, a4a407f9-093b-4164-9a52-cf7c4be9fa57:192.168.69.77:44083, 9c5e400c-1a94-4ecb-977b-6ee6b901e642:192.168.69.77:41507], old=null, confs=<EMPTY_MAP>
2019-07-14 16:41:52,371 INFO  server.RaftServerConfigKeys (ConfUtils.java:logGet(43)) - raft.server.storage.dir = [/workdir/hadoop-ozone/integration-test/target/test-dir/MiniOzoneClusterImpl-b9e3a967-622d-41f2-af2c-36316d08c0b1/datanode-5/data/ratis] (custom)
2019-07-14 16:41:52,371 INFO  server.RaftServerConfigKeys (ConfUtils.java:logGet(43)) - raft.server.storage.dir = [/workdir/hadoop-ozone/integration-test/target/test-dir/MiniOzoneClusterImpl-b9e3a967-622d-41f2-af2c-36316d08c0b1/datanode-6/data/ratis] (custom)
2019-07-14 16:41:52,371 INFO  storage.RaftStorageDirectory (RaftStorageDirectory.java:analyzeStorage(246)) - The storage directory /workdir/hadoop-ozone/integration-test/target/test-dir/MiniOzoneClusterImpl-b9e3a967-622d-41f2-af2c-36316d08c0b1/datanode-5/data/ratis/86a37e0a-5cb5-4d0d-88d2-5c22ae6c24b5 does not exist. Creating ...
2019-07-14 16:41:52,371 INFO  storage.RaftStorageDirectory (RaftStorageDirectory.java:analyzeStorage(246)) - The storage directory /workdir/hadoop-ozone/integration-test/target/test-dir/MiniOzoneClusterImpl-b9e3a967-622d-41f2-af2c-36316d08c0b1/datanode-6/data/ratis/86a37e0a-5cb5-4d0d-88d2-5c22ae6c24b5 does not exist. Creating ...
2019-07-14 16:41:52,384 INFO  storage.RaftStorageDirectory (RaftStorageDirectory.java:tryLock(328)) - Lock on /workdir/hadoop-ozone/integration-test/target/test-dir/MiniOzoneClusterImpl-b9e3a967-622d-41f2-af2c-36316d08c0b1/datanode-4/data/ratis/86a37e0a-5cb5-4d0d-88d2-5c22ae6c24b5/in_use.lock acquired by nodename 7323@pr-hdds-1710-5x6jb-1204890111
2019-07-14 16:41:52,384 INFO  storage.RaftStorageDirectory (RaftStorageDirectory.java:tryLock(328)) - Lock on /workdir/hadoop-ozone/integration-test/target/test-dir/MiniOzoneClusterImpl-b9e3a967-622d-41f2-af2c-36316d08c0b1/datanode-5/data/ratis/86a37e0a-5cb5-4d0d-88d2-5c22ae6c24b5/in_use.lock acquired by nodename 7323@pr-hdds-1710-5x6jb-1204890111
2019-07-14 16:41:52,384 INFO  storage.RaftStorageDirectory (RaftStorageDirectory.java:tryLock(328)) - Lock on /workdir/hadoop-ozone/integration-test/target/test-dir/MiniOzoneClusterImpl-b9e3a967-622d-41f2-af2c-36316d08c0b1/datanode-6/data/ratis/86a37e0a-5cb5-4d0d-88d2-5c22ae6c24b5/in_use.lock acquired by nodename 7323@pr-hdds-1710-5x6jb-1204890111
2019-07-14 16:41:52,405 INFO  storage.RaftStorage (RaftStorage.java:format(72)) - Storage directory /workdir/hadoop-ozone/integration-test/target/test-dir/MiniOzoneClusterImpl-b9e3a967-622d-41f2-af2c-36316d08c0b1/datanode-5/data/ratis/86a37e0a-5cb5-4d0d-88d2-5c22ae6c24b5 has been successfully formatted.
2019-07-14 16:41:52,405 INFO  storage.RaftStorage (RaftStorage.java:format(72)) - Storage directory /workdir/hadoop-ozone/integration-test/target/test-dir/MiniOzoneClusterImpl-b9e3a967-622d-41f2-af2c-36316d08c0b1/datanode-4/data/ratis/86a37e0a-5cb5-4d0d-88d2-5c22ae6c24b5 has been successfully formatted.
2019-07-14 16:41:52,405 INFO  storage.RaftStorage (RaftStorage.java:format(72)) - Storage directory /workdir/hadoop-ozone/integration-test/target/test-dir/MiniOzoneClusterImpl-b9e3a967-622d-41f2-af2c-36316d08c0b1/datanode-6/data/ratis/86a37e0a-5cb5-4d0d-88d2-5c22ae6c24b5 has been successfully formatted.
2019-07-14 16:41:52,406 INFO  ratis.ContainerStateMachine (ContainerStateMachine.java:loadSnapshot(200)) - The snapshot info is null.Setting the last applied index to:(t:0, i:~)
2019-07-14 16:41:52,406 INFO  ratis.ContainerStateMachine (ContainerStateMachine.java:loadSnapshot(200)) - The snapshot info is null.Setting the last applied index to:(t:0, i:~)
2019-07-14 16:41:52,406 INFO  ratis.ContainerStateMachine (ContainerStateMachine.java:loadSnapshot(200)) - The snapshot info is null.Setting the last applied index to:(t:0, i:~)
2019-07-14 16:41:52,406 INFO  server.RaftServerConfigKeys (ConfUtils.java:logGet(43)) - raft.server.leader.election.timeout = 120s (custom)
2019-07-14 16:41:52,406 INFO  server.RaftServerConfigKeys (ConfUtils.java:logGet(43)) - raft.server.leader.election.timeout = 120s (custom)
2019-07-14 16:41:52,407 INFO  server.RaftServerConfigKeys (ConfUtils.java:logGet(43)) - raft.server.log.use.memory = false (default)
2019-07-14 16:41:52,407 INFO  server.RaftServerConfigKeys (ConfUtils.java:logGet(43)) - raft.server.leader.election.timeout = 120s (custom)
2019-07-14 16:41:52,407 INFO  server.RaftServerConfigKeys (ConfUtils.java:logGet(43)) - raft.server.log.purge.gap = 1000000000 (custom)
2019-07-14 16:41:52,407 INFO  server.RaftServerConfigKeys (ConfUtils.java:logGet(43)) - raft.server.log.use.memory = false (default)
2019-07-14 16:41:52,407 INFO  server.RaftServerConfigKeys (ConfUtils.java:logGet(43)) - raft.server.log.appender.buffer.byte-limit = 33554432 (custom)
2019-07-14 16:41:52,407 INFO  server.RaftServerConfigKeys (ConfUtils.java:logGet(43)) - raft.server.log.use.memory = false (default)
2019-07-14 16:41:52,408 INFO  server.RaftServerConfigKeys (ConfUtils.java:logGet(43)) - raft.server.log.segment.size.max = 1048576 (custom)
2019-07-14 16:41:52,408 INFO  server.RaftServerConfigKeys (ConfUtils.java:logGet(43)) - raft.server.log.purge.gap = 1000000000 (custom)
2019-07-14 16:41:52,408 INFO  server.RaftServerConfigKeys (ConfUtils.java:logGet(43)) - raft.server.log.segment.cache.num.max = 2 (custom)
2019-07-14 16:41:52,408 INFO  server.RaftServerConfigKeys (ConfUtils.java:logGet(43)) - raft.server.log.purge.gap = 1000000000 (custom)
2019-07-14 16:41:52,408 INFO  segmented.SegmentedRaftLogWorker (SegmentedRaftLogWorker.java:<init>(172)) - new e36470be-7608-4cae-8203-ef6ebe47ef75-SegmentedRaftLogWorker:Storage Directory /workdir/hadoop-ozone/integration-test/target/test-dir/MiniOzoneClusterImpl-b9e3a967-622d-41f2-af2c-36316d08c0b1/datanode-6/data/ratis/86a37e0a-5cb5-4d0d-88d2-5c22ae6c24b5 for RaftStorage:Storage Directory /workdir/hadoop-ozone/integration-test/target/test-dir/MiniOzoneClusterImpl-b9e3a967-622d-41f2-af2c-36316d08c0b1/datanode-6/data/ratis/86a37e0a-5cb5-4d0d-88d2-5c22ae6c24b5
2019-07-14 16:41:52,408 INFO  server.RaftServerConfigKeys (ConfUtils.java:logGet(43)) - raft.server.log.appender.buffer.byte-limit = 33554432 (custom)
2019-07-14 16:41:52,409 INFO  server.RaftServerConfigKeys (ConfUtils.java:logGet(43)) - raft.server.log.queue.byte-limit = 2147483647 (custom)
2019-07-14 16:41:52,409 INFO  server.RaftServerConfigKeys (ConfUtils.java:logGet(43)) - raft.server.log.appender.buffer.byte-limit = 33554432 (custom)
2019-07-14 16:41:52,411 INFO  server.RaftServerConfigKeys (ConfUtils.java:logGet(43)) - raft.server.log.queue.element-limit = 1024 (custom)
2019-07-14 16:41:52,411 INFO  server.RaftServerConfigKeys (ConfUtils.java:logGet(43)) - raft.server.log.segment.size.max = 1048576 (custom)
2019-07-14 16:41:52,412 INFO  server.RaftServerConfigKeys (ConfUtils.java:logGet(43)) - raft.server.log.segment.size.max = 1048576 (custom)
2019-07-14 16:41:52,411 INFO  server.RaftServerConfigKeys (ConfUtils.java:logGet(43)) - raft.server.log.segment.size.max = 1048576 (custom)
2019-07-14 16:41:52,412 INFO  server.RaftServerConfigKeys (ConfUtils.java:logGet(43)) - raft.server.log.preallocated.size = 16384 (custom)
2019-07-14 16:41:52,412 INFO  server.RaftServerConfigKeys (ConfUtils.java:logGet(43)) - raft.server.log.segment.cache.num.max = 2 (custom)
2019-07-14 16:41:52,412 INFO  server.RaftServerConfigKeys (ConfUtils.java:logGet(43)) - raft.server.log.write.buffer.size = 33554432 (custom)
2019-07-14 16:41:52,412 INFO  server.RaftServerConfigKeys (ConfUtils.java:logGet(43)) - raft.server.log.segment.cache.num.max = 2 (custom)
2019-07-14 16:41:52,413 INFO  server.RaftServerConfigKeys (ConfUtils.java:logGet(43)) - raft.server.log.force.sync.num = 128 (default)
2019-07-14 16:41:52,413 INFO  segmented.SegmentedRaftLogWorker (SegmentedRaftLogWorker.java:<init>(172)) - new a4a407f9-093b-4164-9a52-cf7c4be9fa57-SegmentedRaftLogWorker:Storage Directory /workdir/hadoop-ozone/integration-test/target/test-dir/MiniOzoneClusterImpl-b9e3a967-622d-41f2-af2c-36316d08c0b1/datanode-4/data/ratis/86a37e0a-5cb5-4d0d-88d2-5c22ae6c24b5 for RaftStorage:Storage Directory /workdir/hadoop-ozone/integration-test/target/test-dir/MiniOzoneClusterImpl-b9e3a967-622d-41f2-af2c-36316d08c0b1/datanode-4/data/ratis/86a37e0a-5cb5-4d0d-88d2-5c22ae6c24b5
2019-07-14 16:41:52,413 INFO  server.RaftServerConfigKeys (ConfUtils.java:logGet(43)) - raft.server.log.statemachine.data.sync = true (default)
2019-07-14 16:41:52,413 INFO  segmented.SegmentedRaftLogWorker (SegmentedRaftLogWorker.java:<init>(172)) - new 9c5e400c-1a94-4ecb-977b-6ee6b901e642-SegmentedRaftLogWorker:Storage Directory /workdir/hadoop-ozone/integration-test/target/test-dir/MiniOzoneClusterImpl-b9e3a967-622d-41f2-af2c-36316d08c0b1/datanode-5/data/ratis/86a37e0a-5cb5-4d0d-88d2-5c22ae6c24b5 for RaftStorage:Storage Directory /workdir/hadoop-ozone/integration-test/target/test-dir/MiniOzoneClusterImpl-b9e3a967-622d-41f2-af2c-36316d08c0b1/datanode-5/data/ratis/86a37e0a-5cb5-4d0d-88d2-5c22ae6c24b5
2019-07-14 16:41:52,414 INFO  server.RaftServerConfigKeys (ConfUtils.java:logGet(43)) - raft.server.log.statemachine.data.sync.timeout = 10s (default)
2019-07-14 16:41:52,413 INFO  server.RaftServerConfigKeys (ConfUtils.java:logGet(43)) - raft.server.log.queue.byte-limit = 2147483647 (custom)
2019-07-14 16:41:52,416 INFO  server.RaftServerConfigKeys (ConfUtils.java:logGet(43)) - raft.server.log.statemachine.data.sync.timeout.retry = -1 (default)
2019-07-14 16:41:52,416 INFO  server.RaftServerConfigKeys (ConfUtils.java:logGet(43)) - raft.server.log.queue.byte-limit = 2147483647 (custom)
2019-07-14 16:41:52,418 INFO  server.RaftServerConfigKeys (ConfUtils.java:logGet(43)) - raft.server.log.statemachine.data.caching.enabled = true (custom)
2019-07-14 16:41:52,418 INFO  server.RaftServerConfigKeys (ConfUtils.java:logGet(43)) - raft.server.log.queue.element-limit = 1024 (custom)
2019-07-14 16:41:52,419 INFO  server.RaftServerConfigKeys (ConfUtils.java:logGet(43)) - raft.server.log.queue.element-limit = 1024 (custom)
2019-07-14 16:41:52,419 INFO  segmented.SegmentedRaftLogWorker (SegmentedRaftLogWorker.java:lambda$new$0(132)) - e36470be-7608-4cae-8203-ef6ebe47ef75-SegmentedRaftLogWorker:Storage Directory /workdir/hadoop-ozone/integration-test/target/test-dir/MiniOzoneClusterImpl-b9e3a967-622d-41f2-af2c-36316d08c0b1/datanode-6/data/ratis/86a37e0a-5cb5-4d0d-88d2-5c22ae6c24b5: flushIndex: setUnconditionally 0 -> -1
2019-07-14 16:41:52,419 INFO  server.RaftServerConfigKeys (ConfUtils.java:logGet(43)) - raft.server.log.segment.size.max = 1048576 (custom)
2019-07-14 16:41:52,419 INFO  server.RaftServerConfigKeys (ConfUtils.java:logGet(43)) - raft.server.log.segment.size.max = 1048576 (custom)
2019-07-14 16:41:52,419 INFO  server.RaftServerConfigKeys (ConfUtils.java:logGet(43)) - raft.server.snapshot.auto.trigger.enabled = true (custom)
2019-07-14 16:41:52,419 INFO  server.RaftServerConfigKeys (ConfUtils.java:logGet(43)) - raft.server.log.preallocated.size = 16384 (custom)
2019-07-14 16:41:52,420 INFO  server.RaftServerConfigKeys (ConfUtils.java:logGet(43)) - raft.server.snapshot.auto.trigger.threshold = 10000 (custom)
2019-07-14 16:41:52,420 INFO  server.RaftServerConfigKeys (ConfUtils.java:logGet(43)) - raft.server.log.preallocated.size = 16384 (custom)
2019-07-14 16:41:52,420 INFO  server.RaftServerConfigKeys (ConfUtils.java:logGet(43)) - raft.server.retrycache.expirytime = 600000ms (custom)
2019-07-14 16:41:52,420 INFO  server.RaftServerConfigKeys (ConfUtils.java:logGet(43)) - raft.server.log.write.buffer.size = 33554432 (custom)
2019-07-14 16:41:52,421 INFO  impl.RaftServerImpl (RaftServerImpl.java:start(180)) - e36470be-7608-4cae-8203-ef6ebe47ef75: start group-5C22AE6C24B5
2019-07-14 16:41:52,421 INFO  impl.RaftServerImpl (RaftServerImpl.java:setRole(171)) - e36470be-7608-4cae-8203-ef6ebe47ef75:group-5C22AE6C24B5 changes role from null to FOLLOWER at term 0 for startAsFollower
2019-07-14 16:41:52,420 INFO  server.RaftServerConfigKeys (ConfUtils.java:logGet(43)) - raft.server.log.write.buffer.size = 33554432 (custom)
2019-07-14 16:41:52,421 INFO  impl.RoleInfo (RoleInfo.java:updateAndGet(143)) - e36470be-7608-4cae-8203-ef6ebe47ef75: start FollowerState
2019-07-14 16:41:52,421 INFO  server.RaftServerConfigKeys (ConfUtils.java:logGet(43)) - raft.server.log.force.sync.num = 128 (default)
2019-07-14 16:41:52,422 INFO  util.JmxRegister (JmxRegister.java:tryRegister(44)) - Successfully registered JMX Bean with object name Ratis:service=RaftServer,group=group-5C22AE6C24B5,id=e36470be-7608-4cae-8203-ef6ebe47ef75
2019-07-14 16:41:52,421 INFO  server.RaftServerConfigKeys (ConfUtils.java:logGet(43)) - raft.server.log.force.sync.num = 128 (default)
2019-07-14 16:41:52,422 INFO  server.RaftServerConfigKeys (ConfUtils.java:logGet(43)) - raft.server.log.statemachine.data.sync = true (default)
2019-07-14 16:41:52,422 INFO  server.RaftServerConfigKeys (ConfUtils.java:logGet(43)) - raft.server.log.statemachine.data.sync = true (default)
2019-07-14 16:41:52,422 INFO  server.RaftServerConfigKeys (ConfUtils.java:logGet(43)) - raft.server.log.statemachine.data.sync.timeout = 10s (default)
2019-07-14 16:41:52,423 INFO  server.RaftServerConfigKeys (ConfUtils.java:logGet(43)) - raft.server.log.statemachine.data.sync.timeout = 10s (default)
2019-07-14 16:41:52,423 INFO  server.RaftServerConfigKeys (ConfUtils.java:logGet(43)) - raft.server.log.statemachine.data.sync.timeout.retry = -1 (default)
2019-07-14 16:41:52,423 INFO  server.RaftServerConfigKeys (ConfUtils.java:logGet(43)) - raft.server.log.statemachine.data.sync.timeout.retry = -1 (default)
2019-07-14 16:41:52,423 INFO  server.RaftServerConfigKeys (ConfUtils.java:logGet(43)) - raft.server.log.statemachine.data.caching.enabled = true (custom)
2019-07-14 16:41:52,423 INFO  server.RaftServerConfigKeys (ConfUtils.java:logGet(43)) - raft.server.log.statemachine.data.caching.enabled = true (custom)
2019-07-14 16:41:52,424 INFO  segmented.SegmentedRaftLogWorker (SegmentedRaftLogWorker.java:lambda$new$0(132)) - a4a407f9-093b-4164-9a52-cf7c4be9fa57-SegmentedRaftLogWorker:Storage Directory /workdir/hadoop-ozone/integration-test/target/test-dir/MiniOzoneClusterImpl-b9e3a967-622d-41f2-af2c-36316d08c0b1/datanode-4/data/ratis/86a37e0a-5cb5-4d0d-88d2-5c22ae6c24b5: flushIndex: setUnconditionally 0 -> -1
2019-07-14 16:41:52,424 INFO  segmented.SegmentedRaftLogWorker (SegmentedRaftLogWorker.java:lambda$new$0(132)) - 9c5e400c-1a94-4ecb-977b-6ee6b901e642-SegmentedRaftLogWorker:Storage Directory /workdir/hadoop-ozone/integration-test/target/test-dir/MiniOzoneClusterImpl-b9e3a967-622d-41f2-af2c-36316d08c0b1/datanode-5/data/ratis/86a37e0a-5cb5-4d0d-88d2-5c22ae6c24b5: flushIndex: setUnconditionally 0 -> -1
2019-07-14 16:41:52,426 INFO  server.RaftServerConfigKeys (ConfUtils.java:logGet(43)) - raft.server.snapshot.auto.trigger.enabled = true (custom)
2019-07-14 16:41:52,428 INFO  server.RaftServerConfigKeys (ConfUtils.java:logGet(43)) - raft.server.snapshot.auto.trigger.enabled = true (custom)
2019-07-14 16:41:52,429 INFO  server.RaftServerConfigKeys (ConfUtils.java:logGet(43)) - raft.server.snapshot.auto.trigger.threshold = 10000 (custom)
2019-07-14 16:41:52,429 INFO  server.RaftServerConfigKeys (ConfUtils.java:logGet(43)) - raft.server.snapshot.auto.trigger.threshold = 10000 (custom)
2019-07-14 16:41:52,431 INFO  server.RaftServerConfigKeys (ConfUtils.java:logGet(43)) - raft.server.retrycache.expirytime = 600000ms (custom)
2019-07-14 16:41:52,431 INFO  server.RaftServerConfigKeys (ConfUtils.java:logGet(43)) - raft.server.retrycache.expirytime = 600000ms (custom)
2019-07-14 16:41:52,434 INFO  impl.RaftServerImpl (RaftServerImpl.java:start(180)) - 9c5e400c-1a94-4ecb-977b-6ee6b901e642: start group-5C22AE6C24B5
2019-07-14 16:41:52,434 INFO  impl.RaftServerImpl (RaftServerImpl.java:start(180)) - a4a407f9-093b-4164-9a52-cf7c4be9fa57: start group-5C22AE6C24B5
2019-07-14 16:41:52,434 INFO  impl.RaftServerImpl (RaftServerImpl.java:setRole(171)) - 9c5e400c-1a94-4ecb-977b-6ee6b901e642:group-5C22AE6C24B5 changes role from null to FOLLOWER at term 0 for startAsFollower
2019-07-14 16:41:52,434 INFO  impl.RaftServerImpl (RaftServerImpl.java:setRole(171)) - a4a407f9-093b-4164-9a52-cf7c4be9fa57:group-5C22AE6C24B5 changes role from null to FOLLOWER at term 0 for startAsFollower
2019-07-14 16:41:52,434 INFO  impl.RoleInfo (RoleInfo.java:updateAndGet(143)) - 9c5e400c-1a94-4ecb-977b-6ee6b901e642: start FollowerState
2019-07-14 16:41:52,434 INFO  impl.RoleInfo (RoleInfo.java:updateAndGet(143)) - a4a407f9-093b-4164-9a52-cf7c4be9fa57: start FollowerState
2019-07-14 16:41:52,435 INFO  util.JmxRegister (JmxRegister.java:tryRegister(44)) - Successfully registered JMX Bean with object name Ratis:service=RaftServer,group=group-5C22AE6C24B5,id=9c5e400c-1a94-4ecb-977b-6ee6b901e642
2019-07-14 16:41:52,435 INFO  util.JmxRegister (JmxRegister.java:tryRegister(44)) - Successfully registered JMX Bean with object name Ratis:service=RaftServer,group=group-5C22AE6C24B5,id=a4a407f9-093b-4164-9a52-cf7c4be9fa57
2019-07-14 16:41:52,453 INFO  pipeline.PipelineStateManager (PipelineStateManager.java:addPipeline(56)) - Created pipeline Pipeline[ Id: 86a37e0a-5cb5-4d0d-88d2-5c22ae6c24b5, Nodes: a4a407f9-093b-4164-9a52-cf7c4be9fa57{ip: 192.168.69.77, host: pr-hdds-1710-5x6jb-1204890111, networkLocation: /default-rack, certSerialId: null}9c5e400c-1a94-4ecb-977b-6ee6b901e642{ip: 192.168.69.77, host: pr-hdds-1710-5x6jb-1204890111, networkLocation: /default-rack, certSerialId: null}e36470be-7608-4cae-8203-ef6ebe47ef75{ip: 192.168.69.77, host: pr-hdds-1710-5x6jb-1204890111, networkLocation: /default-rack, certSerialId: null}, Type:RATIS, Factor:THREE, State:OPEN]
2019-07-14 16:41:52,487 INFO  impl.RaftServerProxy (RaftServerProxy.java:addNew(89)) - db92fa66-58a9-421b-9c9b-1bf8484a524a: addNew group-71B8782F33CF:[db92fa66-58a9-421b-9c9b-1bf8484a524a:192.168.69.77:39084, 7aeff993-62c7-43ce-9136-4228ac6fee1d:192.168.69.77:41484, 3824e43a-eff5-465f-8337-5f1fad9a56ba:192.168.69.77:44398] returns group-71B8782F33CF:java.util.concurrent.CompletableFuture@360903e7[Not completed]
2019-07-14 16:41:52,491 INFO  impl.RaftServerProxy (RaftServerProxy.java:addNew(89)) - 3824e43a-eff5-465f-8337-5f1fad9a56ba: addNew group-71B8782F33CF:[db92fa66-58a9-421b-9c9b-1bf8484a524a:192.168.69.77:39084, 7aeff993-62c7-43ce-9136-4228ac6fee1d:192.168.69.77:41484, 3824e43a-eff5-465f-8337-5f1fad9a56ba:192.168.69.77:44398] returns group-71B8782F33CF:java.util.concurrent.CompletableFuture@2d717f71[Not completed]
2019-07-14 16:41:52,492 INFO  impl.RaftServerImpl (RaftServerImpl.java:<init>(93)) - db92fa66-58a9-421b-9c9b-1bf8484a524a: new RaftServerImpl for group-71B8782F33CF:[db92fa66-58a9-421b-9c9b-1bf8484a524a:192.168.69.77:39084, 7aeff993-62c7-43ce-9136-4228ac6fee1d:192.168.69.77:41484, 3824e43a-eff5-465f-8337-5f1fad9a56ba:192.168.69.77:44398] with ContainerStateMachine:uninitialized
2019-07-14 16:41:52,493 INFO  impl.RaftServerProxy (RaftServerProxy.java:addNew(89)) - 7aeff993-62c7-43ce-9136-4228ac6fee1d: addNew group-71B8782F33CF:[db92fa66-58a9-421b-9c9b-1bf8484a524a:192.168.69.77:39084, 7aeff993-62c7-43ce-9136-4228ac6fee1d:192.168.69.77:41484, 3824e43a-eff5-465f-8337-5f1fad9a56ba:192.168.69.77:44398] returns group-71B8782F33CF:java.util.concurrent.CompletableFuture@69eeb699[Not completed]
2019-07-14 16:41:52,494 INFO  server.RaftServerConfigKeys (ConfUtils.java:logGet(43)) - raft.server.rpc.timeout.min = 5s (custom)
2019-07-14 16:41:52,494 INFO  server.RaftServerConfigKeys (ConfUtils.java:logGet(43)) - raft.server.rpc.timeout.max = 5200ms (custom)
2019-07-14 16:41:52,494 INFO  server.RaftServerConfigKeys (ConfUtils.java:logGet(43)) - raft.server.rpcslowness.timeout = 120s (custom)
2019-07-14 16:41:52,494 INFO  server.RaftServerConfigKeys (ConfUtils.java:logGet(43)) - raft.server.sleep.deviation.threshold = 300 (default)
2019-07-14 16:41:52,494 INFO  server.RaftServerConfigKeys (ConfUtils.java:logGet(43)) - raft.server.log.appender.install.snapshot.enabled = false (custom)
2019-07-14 16:41:52,495 INFO  impl.RaftServerImpl (RaftServerImpl.java:<init>(93)) - 3824e43a-eff5-465f-8337-5f1fad9a56ba: new RaftServerImpl for group-71B8782F33CF:[db92fa66-58a9-421b-9c9b-1bf8484a524a:192.168.69.77:39084, 7aeff993-62c7-43ce-9136-4228ac6fee1d:192.168.69.77:41484, 3824e43a-eff5-465f-8337-5f1fad9a56ba:192.168.69.77:44398] with ContainerStateMachine:uninitialized
2019-07-14 16:41:52,495 INFO  impl.RaftServerImpl (ServerState.java:<init>(105)) - db92fa66-58a9-421b-9c9b-1bf8484a524a:group-71B8782F33CF ConfigurationManager, init=-1: [db92fa66-58a9-421b-9c9b-1bf8484a524a:192.168.69.77:39084, 7aeff993-62c7-43ce-9136-4228ac6fee1d:192.168.69.77:41484, 3824e43a-eff5-465f-8337-5f1fad9a56ba:192.168.69.77:44398], old=null, confs=<EMPTY_MAP>
2019-07-14 16:41:52,495 INFO  server.RaftServerConfigKeys (ConfUtils.java:logGet(43)) - raft.server.rpc.timeout.min = 5s (custom)
2019-07-14 16:41:52,495 INFO  server.RaftServerConfigKeys (ConfUtils.java:logGet(43)) - raft.server.rpc.timeout.max = 5200ms (custom)
2019-07-14 16:41:52,495 INFO  server.RaftServerConfigKeys (ConfUtils.java:logGet(43)) - raft.server.storage.dir = [/workdir/hadoop-ozone/integration-test/target/test-dir/MiniOzoneClusterImpl-b9e3a967-622d-41f2-af2c-36316d08c0b1/datanode-1/data/ratis] (custom)
2019-07-14 16:41:52,495 INFO  server.RaftServerConfigKeys (ConfUtils.java:logGet(43)) - raft.server.rpcslowness.timeout = 120s (custom)
2019-07-14 16:41:52,496 INFO  impl.RaftServerImpl (RaftServerImpl.java:<init>(93)) - 7aeff993-62c7-43ce-9136-4228ac6fee1d: new RaftServerImpl for group-71B8782F33CF:[db92fa66-58a9-421b-9c9b-1bf8484a524a:192.168.69.77:39084, 7aeff993-62c7-43ce-9136-4228ac6fee1d:192.168.69.77:41484, 3824e43a-eff5-465f-8337-5f1fad9a56ba:192.168.69.77:44398] with ContainerStateMachine:uninitialized
2019-07-14 16:41:52,496 INFO  server.RaftServerConfigKeys (ConfUtils.java:logGet(43)) - raft.server.sleep.deviation.threshold = 300 (default)
2019-07-14 16:41:52,496 INFO  server.RaftServerConfigKeys (ConfUtils.java:logGet(43)) - raft.server.rpc.timeout.min = 5s (custom)
2019-07-14 16:41:52,496 INFO  storage.RaftStorageDirectory (RaftStorageDirectory.java:analyzeStorage(246)) - The storage directory /workdir/hadoop-ozone/integration-test/target/test-dir/MiniOzoneClusterImpl-b9e3a967-622d-41f2-af2c-36316d08c0b1/datanode-1/data/ratis/903e7c51-4f94-4291-bd3a-71b8782f33cf does not exist. Creating ...
2019-07-14 16:41:52,496 INFO  server.RaftServerConfigKeys (ConfUtils.java:logGet(43)) - raft.server.rpc.timeout.max = 5200ms (custom)
2019-07-14 16:41:52,496 INFO  server.RaftServerConfigKeys (ConfUtils.java:logGet(43)) - raft.server.log.appender.install.snapshot.enabled = false (custom)
2019-07-14 16:41:52,496 INFO  server.RaftServerConfigKeys (ConfUtils.java:logGet(43)) - raft.server.rpcslowness.timeout = 120s (custom)
2019-07-14 16:41:52,497 INFO  impl.RaftServerImpl (ServerState.java:<init>(105)) - 3824e43a-eff5-465f-8337-5f1fad9a56ba:group-71B8782F33CF ConfigurationManager, init=-1: [db92fa66-58a9-421b-9c9b-1bf8484a524a:192.168.69.77:39084, 7aeff993-62c7-43ce-9136-4228ac6fee1d:192.168.69.77:41484, 3824e43a-eff5-465f-8337-5f1fad9a56ba:192.168.69.77:44398], old=null, confs=<EMPTY_MAP>
2019-07-14 16:41:52,497 INFO  server.RaftServerConfigKeys (ConfUtils.java:logGet(43)) - raft.server.sleep.deviation.threshold = 300 (default)
2019-07-14 16:41:52,497 INFO  server.RaftServerConfigKeys (ConfUtils.java:logGet(43)) - raft.server.storage.dir = [/workdir/hadoop-ozone/integration-test/target/test-dir/MiniOzoneClusterImpl-b9e3a967-622d-41f2-af2c-36316d08c0b1/datanode-2/data/ratis] (custom)
2019-07-14 16:41:52,497 INFO  server.RaftServerConfigKeys (ConfUtils.java:logGet(43)) - raft.server.log.appender.install.snapshot.enabled = false (custom)
2019-07-14 16:41:52,497 INFO  impl.RaftServerImpl (ServerState.java:<init>(105)) - 7aeff993-62c7-43ce-9136-4228ac6fee1d:group-71B8782F33CF ConfigurationManager, init=-1: [db92fa66-58a9-421b-9c9b-1bf8484a524a:192.168.69.77:39084, 7aeff993-62c7-43ce-9136-4228ac6fee1d:192.168.69.77:41484, 3824e43a-eff5-465f-8337-5f1fad9a56ba:192.168.69.77:44398], old=null, confs=<EMPTY_MAP>
2019-07-14 16:41:52,497 INFO  storage.RaftStorageDirectory (RaftStorageDirectory.java:analyzeStorage(246)) - The storage directory /workdir/hadoop-ozone/integration-test/target/test-dir/MiniOzoneClusterImpl-b9e3a967-622d-41f2-af2c-36316d08c0b1/datanode-2/data/ratis/903e7c51-4f94-4291-bd3a-71b8782f33cf does not exist. Creating ...
2019-07-14 16:41:52,497 INFO  server.RaftServerConfigKeys (ConfUtils.java:logGet(43)) - raft.server.storage.dir = [/workdir/hadoop-ozone/integration-test/target/test-dir/MiniOzoneClusterImpl-b9e3a967-622d-41f2-af2c-36316d08c0b1/datanode-3/data/ratis] (custom)
2019-07-14 16:41:52,498 INFO  storage.RaftStorageDirectory (RaftStorageDirectory.java:analyzeStorage(246)) - The storage directory /workdir/hadoop-ozone/integration-test/target/test-dir/MiniOzoneClusterImpl-b9e3a967-622d-41f2-af2c-36316d08c0b1/datanode-3/data/ratis/903e7c51-4f94-4291-bd3a-71b8782f33cf does not exist. Creating ...
2019-07-14 16:41:52,510 INFO  storage.RaftStorageDirectory (RaftStorageDirectory.java:tryLock(328)) - Lock on /workdir/hadoop-ozone/integration-test/target/test-dir/MiniOzoneClusterImpl-b9e3a967-622d-41f2-af2c-36316d08c0b1/datanode-2/data/ratis/903e7c51-4f94-4291-bd3a-71b8782f33cf/in_use.lock acquired by nodename 7323@pr-hdds-1710-5x6jb-1204890111
2019-07-14 16:41:52,510 INFO  storage.RaftStorageDirectory (RaftStorageDirectory.java:tryLock(328)) - Lock on /workdir/hadoop-ozone/integration-test/target/test-dir/MiniOzoneClusterImpl-b9e3a967-622d-41f2-af2c-36316d08c0b1/datanode-3/data/ratis/903e7c51-4f94-4291-bd3a-71b8782f33cf/in_use.lock acquired by nodename 7323@pr-hdds-1710-5x6jb-1204890111
2019-07-14 16:41:52,510 INFO  storage.RaftStorageDirectory (RaftStorageDirectory.java:tryLock(328)) - Lock on /workdir/hadoop-ozone/integration-test/target/test-dir/MiniOzoneClusterImpl-b9e3a967-622d-41f2-af2c-36316d08c0b1/datanode-1/data/ratis/903e7c51-4f94-4291-bd3a-71b8782f33cf/in_use.lock acquired by nodename 7323@pr-hdds-1710-5x6jb-1204890111
2019-07-14 16:41:52,524 INFO  storage.RaftStorage (RaftStorage.java:format(72)) - Storage directory /workdir/hadoop-ozone/integration-test/target/test-dir/MiniOzoneClusterImpl-b9e3a967-622d-41f2-af2c-36316d08c0b1/datanode-2/data/ratis/903e7c51-4f94-4291-bd3a-71b8782f33cf has been successfully formatted.
2019-07-14 16:41:52,524 INFO  storage.RaftStorage (RaftStorage.java:format(72)) - Storage directory /workdir/hadoop-ozone/integration-test/target/test-dir/MiniOzoneClusterImpl-b9e3a967-622d-41f2-af2c-36316d08c0b1/datanode-1/data/ratis/903e7c51-4f94-4291-bd3a-71b8782f33cf has been successfully formatted.
2019-07-14 16:41:52,524 INFO  storage.RaftStorage (RaftStorage.java:format(72)) - Storage directory /workdir/hadoop-ozone/integration-test/target/test-dir/MiniOzoneClusterImpl-b9e3a967-622d-41f2-af2c-36316d08c0b1/datanode-3/data/ratis/903e7c51-4f94-4291-bd3a-71b8782f33cf has been successfully formatted.
2019-07-14 16:41:52,524 INFO  ratis.ContainerStateMachine (ContainerStateMachine.java:loadSnapshot(200)) - The snapshot info is null.Setting the last applied index to:(t:0, i:~)
2019-07-14 16:41:52,525 INFO  ratis.ContainerStateMachine (ContainerStateMachine.java:loadSnapshot(200)) - The snapshot info is null.Setting the last applied index to:(t:0, i:~)
2019-07-14 16:41:52,525 INFO  server.RaftServerConfigKeys (ConfUtils.java:logGet(43)) - raft.server.leader.election.timeout = 120s (custom)
2019-07-14 16:41:52,525 INFO  ratis.ContainerStateMachine (ContainerStateMachine.java:loadSnapshot(200)) - The snapshot info is null.Setting the last applied index to:(t:0, i:~)
2019-07-14 16:41:52,525 INFO  server.RaftServerConfigKeys (ConfUtils.java:logGet(43)) - raft.server.log.use.memory = false (default)
2019-07-14 16:41:52,525 INFO  server.RaftServerConfigKeys (ConfUtils.java:logGet(43)) - raft.server.leader.election.timeout = 120s (custom)
2019-07-14 16:41:52,525 INFO  server.RaftServerConfigKeys (ConfUtils.java:logGet(43)) - raft.server.log.purge.gap = 1000000000 (custom)
2019-07-14 16:41:52,525 INFO  server.RaftServerConfigKeys (ConfUtils.java:logGet(43)) - raft.server.leader.election.timeout = 120s (custom)
2019-07-14 16:41:52,526 INFO  server.RaftServerConfigKeys (ConfUtils.java:logGet(43)) - raft.server.log.appender.buffer.byte-limit = 33554432 (custom)
2019-07-14 16:41:52,526 INFO  server.RaftServerConfigKeys (ConfUtils.java:logGet(43)) - raft.server.log.use.memory = false (default)
2019-07-14 16:41:52,526 INFO  server.RaftServerConfigKeys (ConfUtils.java:logGet(43)) - raft.server.log.segment.size.max = 1048576 (custom)
2019-07-14 16:41:52,526 INFO  server.RaftServerConfigKeys (ConfUtils.java:logGet(43)) - raft.server.log.use.memory = false (default)
2019-07-14 16:41:52,526 INFO  server.RaftServerConfigKeys (ConfUtils.java:logGet(43)) - raft.server.log.segment.cache.num.max = 2 (custom)
2019-07-14 16:41:52,526 INFO  server.RaftServerConfigKeys (ConfUtils.java:logGet(43)) - raft.server.log.purge.gap = 1000000000 (custom)
2019-07-14 16:41:52,527 INFO  segmented.SegmentedRaftLogWorker (SegmentedRaftLogWorker.java:<init>(172)) - new 3824e43a-eff5-465f-8337-5f1fad9a56ba-SegmentedRaftLogWorker:Storage Directory /workdir/hadoop-ozone/integration-test/target/test-dir/MiniOzoneClusterImpl-b9e3a967-622d-41f2-af2c-36316d08c0b1/datanode-2/data/ratis/903e7c51-4f94-4291-bd3a-71b8782f33cf for RaftStorage:Storage Directory /workdir/hadoop-ozone/integration-test/target/test-dir/MiniOzoneClusterImpl-b9e3a967-622d-41f2-af2c-36316d08c0b1/datanode-2/data/ratis/903e7c51-4f94-4291-bd3a-71b8782f33cf
2019-07-14 16:41:52,526 INFO  server.RaftServerConfigKeys (ConfUtils.java:logGet(43)) - raft.server.log.purge.gap = 1000000000 (custom)
2019-07-14 16:41:52,527 INFO  server.RaftServerConfigKeys (ConfUtils.java:logGet(43)) - raft.server.log.queue.byte-limit = 2147483647 (custom)
2019-07-14 16:41:52,527 INFO  server.RaftServerConfigKeys (ConfUtils.java:logGet(43)) - raft.server.log.appender.buffer.byte-limit = 33554432 (custom)
2019-07-14 16:41:52,529 INFO  server.RaftServerConfigKeys (ConfUtils.java:logGet(43)) - raft.server.log.queue.element-limit = 1024 (custom)
2019-07-14 16:41:52,527 INFO  server.RaftServerConfigKeys (ConfUtils.java:logGet(43)) - raft.server.log.appender.buffer.byte-limit = 33554432 (custom)
2019-07-14 16:41:52,529 INFO  server.RaftServerConfigKeys (ConfUtils.java:logGet(43)) - raft.server.log.segment.size.max = 1048576 (custom)
2019-07-14 16:41:52,529 INFO  server.RaftServerConfigKeys (ConfUtils.java:logGet(43)) - raft.server.log.segment.size.max = 1048576 (custom)
2019-07-14 16:41:52,530 INFO  server.RaftServerConfigKeys (ConfUtils.java:logGet(43)) - raft.server.log.preallocated.size = 16384 (custom)
2019-07-14 16:41:52,530 INFO  server.RaftServerConfigKeys (ConfUtils.java:logGet(43)) - raft.server.log.segment.size.max = 1048576 (custom)
2019-07-14 16:41:52,530 INFO  server.RaftServerConfigKeys (ConfUtils.java:logGet(43)) - raft.server.log.write.buffer.size = 33554432 (custom)
2019-07-14 16:41:52,530 INFO  server.RaftServerConfigKeys (ConfUtils.java:logGet(43)) - raft.server.log.segment.cache.num.max = 2 (custom)
2019-07-14 16:41:52,530 INFO  server.RaftServerConfigKeys (ConfUtils.java:logGet(43)) - raft.server.log.force.sync.num = 128 (default)
2019-07-14 16:41:52,530 INFO  server.RaftServerConfigKeys (ConfUtils.java:logGet(43)) - raft.server.log.segment.cache.num.max = 2 (custom)
2019-07-14 16:41:52,531 INFO  server.RaftServerConfigKeys (ConfUtils.java:logGet(43)) - raft.server.log.statemachine.data.sync = true (default)
2019-07-14 16:41:52,530 INFO  segmented.SegmentedRaftLogWorker (SegmentedRaftLogWorker.java:<init>(172)) - new db92fa66-58a9-421b-9c9b-1bf8484a524a-SegmentedRaftLogWorker:Storage Directory /workdir/hadoop-ozone/integration-test/target/test-dir/MiniOzoneClusterImpl-b9e3a967-622d-41f2-af2c-36316d08c0b1/datanode-1/data/ratis/903e7c51-4f94-4291-bd3a-71b8782f33cf for RaftStorage:Storage Directory /workdir/hadoop-ozone/integration-test/target/test-dir/MiniOzoneClusterImpl-b9e3a967-622d-41f2-af2c-36316d08c0b1/datanode-1/data/ratis/903e7c51-4f94-4291-bd3a-71b8782f33cf
2019-07-14 16:41:52,531 INFO  server.RaftServerConfigKeys (ConfUtils.java:logGet(43)) - raft.server.log.statemachine.data.sync.timeout = 10s (default)
2019-07-14 16:41:52,531 INFO  server.RaftServerConfigKeys (ConfUtils.java:logGet(43)) - raft.server.log.statemachine.data.sync.timeout.retry = -1 (default)
2019-07-14 16:41:52,531 INFO  segmented.SegmentedRaftLogWorker (SegmentedRaftLogWorker.java:<init>(172)) - new 7aeff993-62c7-43ce-9136-4228ac6fee1d-SegmentedRaftLogWorker:Storage Directory /workdir/hadoop-ozone/integration-test/target/test-dir/MiniOzoneClusterImpl-b9e3a967-622d-41f2-af2c-36316d08c0b1/datanode-3/data/ratis/903e7c51-4f94-4291-bd3a-71b8782f33cf for RaftStorage:Storage Directory /workdir/hadoop-ozone/integration-test/target/test-dir/MiniOzoneClusterImpl-b9e3a967-622d-41f2-af2c-36316d08c0b1/datanode-3/data/ratis/903e7c51-4f94-4291-bd3a-71b8782f33cf
2019-07-14 16:41:52,533 INFO  server.RaftServerConfigKeys (ConfUtils.java:logGet(43)) - raft.server.log.statemachine.data.caching.enabled = true (custom)
2019-07-14 16:41:52,531 INFO  server.RaftServerConfigKeys (ConfUtils.java:logGet(43)) - raft.server.log.queue.byte-limit = 2147483647 (custom)
2019-07-14 16:41:52,535 INFO  segmented.SegmentedRaftLogWorker (SegmentedRaftLogWorker.java:lambda$new$0(132)) - 3824e43a-eff5-465f-8337-5f1fad9a56ba-SegmentedRaftLogWorker:Storage Directory /workdir/hadoop-ozone/integration-test/target/test-dir/MiniOzoneClusterImpl-b9e3a967-622d-41f2-af2c-36316d08c0b1/datanode-2/data/ratis/903e7c51-4f94-4291-bd3a-71b8782f33cf: flushIndex: setUnconditionally 0 -> -1
2019-07-14 16:41:52,533 INFO  server.RaftServerConfigKeys (ConfUtils.java:logGet(43)) - raft.server.log.queue.byte-limit = 2147483647 (custom)
2019-07-14 16:41:52,535 INFO  server.RaftServerConfigKeys (ConfUtils.java:logGet(43)) - raft.server.log.queue.element-limit = 1024 (custom)
2019-07-14 16:41:52,536 INFO  server.RaftServerConfigKeys (ConfUtils.java:logGet(43)) - raft.server.log.queue.element-limit = 1024 (custom)
2019-07-14 16:41:52,536 INFO  server.RaftServerConfigKeys (ConfUtils.java:logGet(43)) - raft.server.snapshot.auto.trigger.enabled = true (custom)
2019-07-14 16:41:52,536 INFO  server.RaftServerConfigKeys (ConfUtils.java:logGet(43)) - raft.server.log.segment.size.max = 1048576 (custom)
2019-07-14 16:41:52,536 INFO  server.RaftServerConfigKeys (ConfUtils.java:logGet(43)) - raft.server.log.segment.size.max = 1048576 (custom)
2019-07-14 16:41:52,536 INFO  server.RaftServerConfigKeys (ConfUtils.java:logGet(43)) - raft.server.log.preallocated.size = 16384 (custom)
2019-07-14 16:41:52,536 INFO  server.RaftServerConfigKeys (ConfUtils.java:logGet(43)) - raft.server.snapshot.auto.trigger.threshold = 10000 (custom)
2019-07-14 16:41:52,537 INFO  server.RaftServerConfigKeys (ConfUtils.java:logGet(43)) - raft.server.log.write.buffer.size = 33554432 (custom)
2019-07-14 16:41:52,537 INFO  server.RaftServerConfigKeys (ConfUtils.java:logGet(43)) - raft.server.log.preallocated.size = 16384 (custom)
2019-07-14 16:41:52,537 INFO  server.RaftServerConfigKeys (ConfUtils.java:logGet(43)) - raft.server.log.force.sync.num = 128 (default)
2019-07-14 16:41:52,537 INFO  server.RaftServerConfigKeys (ConfUtils.java:logGet(43)) - raft.server.retrycache.expirytime = 600000ms (custom)
2019-07-14 16:41:52,537 INFO  server.RaftServerConfigKeys (ConfUtils.java:logGet(43)) - raft.server.log.statemachine.data.sync = true (default)
2019-07-14 16:41:52,537 INFO  server.RaftServerConfigKeys (ConfUtils.java:logGet(43)) - raft.server.log.write.buffer.size = 33554432 (custom)
2019-07-14 16:41:52,538 INFO  server.RaftServerConfigKeys (ConfUtils.java:logGet(43)) - raft.server.log.statemachine.data.sync.timeout = 10s (default)
2019-07-14 16:41:52,537 INFO  impl.RaftServerImpl (RaftServerImpl.java:start(180)) - 3824e43a-eff5-465f-8337-5f1fad9a56ba: start group-71B8782F33CF
2019-07-14 16:41:52,538 INFO  server.RaftServerConfigKeys (ConfUtils.java:logGet(43)) - raft.server.log.statemachine.data.sync.timeout.retry = -1 (default)
2019-07-14 16:41:52,538 INFO  server.RaftServerConfigKeys (ConfUtils.java:logGet(43)) - raft.server.log.force.sync.num = 128 (default)
2019-07-14 16:41:52,538 INFO  server.RaftServerConfigKeys (ConfUtils.java:logGet(43)) - raft.server.log.statemachine.data.caching.enabled = true (custom)
2019-07-14 16:41:52,538 INFO  impl.RaftServerImpl (RaftServerImpl.java:setRole(171)) - 3824e43a-eff5-465f-8337-5f1fad9a56ba:group-71B8782F33CF changes role from null to FOLLOWER at term 0 for startAsFollower
2019-07-14 16:41:52,538 INFO  server.RaftServerConfigKeys (ConfUtils.java:logGet(43)) - raft.server.log.statemachine.data.sync = true (default)
2019-07-14 16:41:52,539 INFO  segmented.SegmentedRaftLogWorker (SegmentedRaftLogWorker.java:lambda$new$0(132)) - 7aeff993-62c7-43ce-9136-4228ac6fee1d-SegmentedRaftLogWorker:Storage Directory /workdir/hadoop-ozone/integration-test/target/test-dir/MiniOzoneClusterImpl-b9e3a967-622d-41f2-af2c-36316d08c0b1/datanode-3/data/ratis/903e7c51-4f94-4291-bd3a-71b8782f33cf: flushIndex: setUnconditionally 0 -> -1
2019-07-14 16:41:52,539 INFO  impl.RoleInfo (RoleInfo.java:updateAndGet(143)) - 3824e43a-eff5-465f-8337-5f1fad9a56ba: start FollowerState
2019-07-14 16:41:52,539 INFO  server.RaftServerConfigKeys (ConfUtils.java:logGet(43)) - raft.server.log.statemachine.data.sync.timeout = 10s (default)
2019-07-14 16:41:52,539 INFO  server.RaftServerConfigKeys (ConfUtils.java:logGet(43)) - raft.server.snapshot.auto.trigger.enabled = true (custom)
2019-07-14 16:41:52,539 INFO  util.JmxRegister (JmxRegister.java:tryRegister(44)) - Successfully registered JMX Bean with object name Ratis:service=RaftServer,group=group-71B8782F33CF,id=3824e43a-eff5-465f-8337-5f1fad9a56ba
2019-07-14 16:41:52,539 INFO  server.RaftServerConfigKeys (ConfUtils.java:logGet(43)) - raft.server.log.statemachine.data.sync.timeout.retry = -1 (default)
2019-07-14 16:41:52,539 INFO  server.RaftServerConfigKeys (ConfUtils.java:logGet(43)) - raft.server.snapshot.auto.trigger.threshold = 10000 (custom)
2019-07-14 16:41:52,540 INFO  server.RaftServerConfigKeys (ConfUtils.java:logGet(43)) - raft.server.log.statemachine.data.caching.enabled = true (custom)
2019-07-14 16:41:52,540 INFO  server.RaftServerConfigKeys (ConfUtils.java:logGet(43)) - raft.server.retrycache.expirytime = 600000ms (custom)
2019-07-14 16:41:52,540 INFO  impl.RaftServerImpl (RaftServerImpl.java:start(180)) - 7aeff993-62c7-43ce-9136-4228ac6fee1d: start group-71B8782F33CF
2019-07-14 16:41:52,540 INFO  segmented.SegmentedRaftLogWorker (SegmentedRaftLogWorker.java:lambda$new$0(132)) - db92fa66-58a9-421b-9c9b-1bf8484a524a-SegmentedRaftLogWorker:Storage Directory /workdir/hadoop-ozone/integration-test/target/test-dir/MiniOzoneClusterImpl-b9e3a967-622d-41f2-af2c-36316d08c0b1/datanode-1/data/ratis/903e7c51-4f94-4291-bd3a-71b8782f33cf: flushIndex: setUnconditionally 0 -> -1
2019-07-14 16:41:52,540 INFO  impl.RaftServerImpl (RaftServerImpl.java:setRole(171)) - 7aeff993-62c7-43ce-9136-4228ac6fee1d:group-71B8782F33CF changes role from null to FOLLOWER at term 0 for startAsFollower
2019-07-14 16:41:52,541 INFO  server.RaftServerConfigKeys (ConfUtils.java:logGet(43)) - raft.server.snapshot.auto.trigger.enabled = true (custom)
2019-07-14 16:41:52,541 INFO  impl.RoleInfo (RoleInfo.java:updateAndGet(143)) - 7aeff993-62c7-43ce-9136-4228ac6fee1d: start FollowerState
2019-07-14 16:41:52,541 INFO  server.RaftServerConfigKeys (ConfUtils.java:logGet(43)) - raft.server.snapshot.auto.trigger.threshold = 10000 (custom)
2019-07-14 16:41:52,541 INFO  server.RaftServerConfigKeys (ConfUtils.java:logGet(43)) - raft.server.retrycache.expirytime = 600000ms (custom)
2019-07-14 16:41:52,541 INFO  util.JmxRegister (JmxRegister.java:tryRegister(44)) - Successfully registered JMX Bean with object name Ratis:service=RaftServer,group=group-71B8782F33CF,id=7aeff993-62c7-43ce-9136-4228ac6fee1d
2019-07-14 16:41:52,541 INFO  impl.RaftServerImpl (RaftServerImpl.java:start(180)) - db92fa66-58a9-421b-9c9b-1bf8484a524a: start group-71B8782F33CF
2019-07-14 16:41:52,542 INFO  impl.RaftServerImpl (RaftServerImpl.java:setRole(171)) - db92fa66-58a9-421b-9c9b-1bf8484a524a:group-71B8782F33CF changes role from null to FOLLOWER at term 0 for startAsFollower
2019-07-14 16:41:52,544 INFO  impl.RoleInfo (RoleInfo.java:updateAndGet(143)) - db92fa66-58a9-421b-9c9b-1bf8484a524a: start FollowerState
2019-07-14 16:41:52,546 INFO  util.JmxRegister (JmxRegister.java:tryRegister(44)) - Successfully registered JMX Bean with object name Ratis:service=RaftServer,group=group-71B8782F33CF,id=db92fa66-58a9-421b-9c9b-1bf8484a524a
2019-07-14 16:41:52,561 INFO  pipeline.PipelineStateManager (PipelineStateManager.java:addPipeline(56)) - Created pipeline Pipeline[ Id: 903e7c51-4f94-4291-bd3a-71b8782f33cf, Nodes: db92fa66-58a9-421b-9c9b-1bf8484a524a{ip: 192.168.69.77, host: pr-hdds-1710-5x6jb-1204890111, networkLocation: /default-rack, certSerialId: null}7aeff993-62c7-43ce-9136-4228ac6fee1d{ip: 192.168.69.77, host: pr-hdds-1710-5x6jb-1204890111, networkLocation: /default-rack, certSerialId: null}3824e43a-eff5-465f-8337-5f1fad9a56ba{ip: 192.168.69.77, host: pr-hdds-1710-5x6jb-1204890111, networkLocation: /default-rack, certSerialId: null}, Type:RATIS, Factor:THREE, State:OPEN]
2019-07-14 16:41:52,948 INFO  ozone.MiniOzoneClusterImpl (MiniOzoneClusterImpl.java:lambda$waitForClusterToBeReady$0(142)) - Cluster is ready. Got 7 of 7 DN Heartbeats.
2019-07-14 16:41:53,282 INFO  rpc.RpcClient (RpcClient.java:createVolume(287)) - Creating Volume: watchforcommithandlingtest, with jenkins1000 as owner.
2019-07-14 16:41:53,342 INFO  rpc.RpcClient (RpcClient.java:createBucket(424)) - Creating Bucket: watchforcommithandlingtest/watchforcommithandlingtest, with Versioning false and Storage Type set to DISK and Encryption set to false 
2019-07-14 16:41:53,366 INFO  ozone.MiniOzoneClusterImpl (MiniOzoneClusterImpl.java:getStorageContainerLocationClient(241)) - Creating StorageContainerLocationProtocol RPC client with address /0.0.0.0:42214
2019-07-14 16:41:53,545 INFO  container.ReplicationManager (ReplicationManager.java:start(155)) - Starting Replication Monitor Thread.
2019-07-14 16:41:53,552 INFO  container.ReplicationManager (ReplicationManager.java:run(207)) - Replication Monitor Thread took 3 milliseconds for processing 1 containers.
2019-07-14 16:41:53,661 INFO  client.GrpcClientProtocolClient (GrpcClientProtocolClient.java:onNext(255)) - client-8F5087B35A5D->db92fa66-58a9-421b-9c9b-1bf8484a524a: receive RaftClientReply:client-8F5087B35A5D->db92fa66-58a9-421b-9c9b-1bf8484a524a@group-71B8782F33CF, cid=13, FAILED org.apache.ratis.protocol.NotLeaderException: Server db92fa66-58a9-421b-9c9b-1bf8484a524a is not the leader (null). Request must be sent to leader., logIndex=0, commits[db92fa66-58a9-421b-9c9b-1bf8484a524a:c-1]
2019-07-14 16:41:54,708 INFO  client.GrpcClientProtocolClient (GrpcClientProtocolClient.java:onNext(255)) - client-8F5087B35A5D->3824e43a-eff5-465f-8337-5f1fad9a56ba: receive RaftClientReply:client-8F5087B35A5D->3824e43a-eff5-465f-8337-5f1fad9a56ba@group-71B8782F33CF, cid=13, FAILED org.apache.ratis.protocol.NotLeaderException: Server 3824e43a-eff5-465f-8337-5f1fad9a56ba is not the leader (null). Request must be sent to leader., logIndex=0, commits[3824e43a-eff5-465f-8337-5f1fad9a56ba:c-1]
2019-07-14 16:41:55,742 INFO  client.GrpcClientProtocolClient (GrpcClientProtocolClient.java:onNext(255)) - client-8F5087B35A5D->7aeff993-62c7-43ce-9136-4228ac6fee1d: receive RaftClientReply:client-8F5087B35A5D->7aeff993-62c7-43ce-9136-4228ac6fee1d@group-71B8782F33CF, cid=13, FAILED org.apache.ratis.protocol.NotLeaderException: Server 7aeff993-62c7-43ce-9136-4228ac6fee1d is not the leader (null). Request must be sent to leader., logIndex=0, commits[7aeff993-62c7-43ce-9136-4228ac6fee1d:c-1]
2019-07-14 16:41:56,768 INFO  client.GrpcClientProtocolClient (GrpcClientProtocolClient.java:onNext(255)) - client-8F5087B35A5D->db92fa66-58a9-421b-9c9b-1bf8484a524a: receive RaftClientReply:client-8F5087B35A5D->db92fa66-58a9-421b-9c9b-1bf8484a524a@group-71B8782F33CF, cid=13, FAILED org.apache.ratis.protocol.NotLeaderException: Server db92fa66-58a9-421b-9c9b-1bf8484a524a is not the leader (null). Request must be sent to leader., logIndex=0, commits[db92fa66-58a9-421b-9c9b-1bf8484a524a:c-1]
2019-07-14 16:41:56,853 INFO  impl.FollowerState (FollowerState.java:run(106)) - ed32276d-c3b5-499d-a454-6ae0e61b9e77:group-52F4D695D177 changes to CANDIDATE, lastRpcTime:5152, electionTimeout:5151ms
2019-07-14 16:41:56,853 INFO  impl.RoleInfo (RoleInfo.java:shutdownFollowerState(121)) - ed32276d-c3b5-499d-a454-6ae0e61b9e77: shutdown FollowerState
2019-07-14 16:41:56,853 INFO  impl.RaftServerImpl (RaftServerImpl.java:setRole(171)) - ed32276d-c3b5-499d-a454-6ae0e61b9e77:group-52F4D695D177 changes role from FOLLOWER to CANDIDATE at term 0 for changeToCandidate
2019-07-14 16:41:56,871 INFO  impl.RoleInfo (RoleInfo.java:updateAndGet(143)) - ed32276d-c3b5-499d-a454-6ae0e61b9e77: start LeaderElection
2019-07-14 16:41:56,898 INFO  impl.LeaderElection (LeaderElection.java:askForVotes(181)) - ed32276d-c3b5-499d-a454-6ae0e61b9e77:group-52F4D695D177:LeaderElection1: begin an election at term 1 for -1: [ed32276d-c3b5-499d-a454-6ae0e61b9e77:192.168.69.77:37214], old=null
2019-07-14 16:41:56,901 INFO  impl.RoleInfo (RoleInfo.java:shutdownLeaderElection(134)) - ed32276d-c3b5-499d-a454-6ae0e61b9e77: shutdown LeaderElection
2019-07-14 16:41:56,902 INFO  impl.RaftServerImpl (RaftServerImpl.java:setRole(171)) - ed32276d-c3b5-499d-a454-6ae0e61b9e77:group-52F4D695D177 changes role from CANDIDATE to LEADER at term 1 for changeToLeader
2019-07-14 16:41:56,903 INFO  impl.RaftServerImpl (ServerState.java:setLeader(263)) - ed32276d-c3b5-499d-a454-6ae0e61b9e77:group-52F4D695D177 change Leader from null to ed32276d-c3b5-499d-a454-6ae0e61b9e77 at term 1 for becomeLeader, leader elected after 5305ms
2019-07-14 16:41:56,906 INFO  impl.FollowerState (FollowerState.java:run(106)) - a4a407f9-093b-4164-9a52-cf7c4be9fa57:group-3E78B1D0737E changes to CANDIDATE, lastRpcTime:5009, electionTimeout:5008ms
2019-07-14 16:41:56,910 INFO  impl.RoleInfo (RoleInfo.java:shutdownFollowerState(121)) - a4a407f9-093b-4164-9a52-cf7c4be9fa57: shutdown FollowerState
2019-07-14 16:41:56,911 INFO  impl.RaftServerImpl (RaftServerImpl.java:setRole(171)) - a4a407f9-093b-4164-9a52-cf7c4be9fa57:group-3E78B1D0737E changes role from FOLLOWER to CANDIDATE at term 0 for changeToCandidate
2019-07-14 16:41:56,911 INFO  impl.RoleInfo (RoleInfo.java:updateAndGet(143)) - a4a407f9-093b-4164-9a52-cf7c4be9fa57: start LeaderElection
2019-07-14 16:41:56,923 INFO  server.RaftServerConfigKeys (ConfUtils.java:logGet(43)) - raft.server.staging.catchup.gap = 1000 (default)
2019-07-14 16:41:56,924 INFO  server.RaftServerConfigKeys (ConfUtils.java:logGet(43)) - raft.server.rpc.sleep.time = 25ms (default)
2019-07-14 16:41:56,927 INFO  server.RaftServerConfigKeys (ConfUtils.java:logGet(43)) - raft.server.write.element-limit = 4096 (default)
2019-07-14 16:41:56,931 INFO  server.RaftServerConfigKeys (ConfUtils.java:logGet(43)) - raft.server.watch.timeout = 10s (default)
2019-07-14 16:41:56,931 INFO  server.RaftServerConfigKeys (ConfUtils.java:logGet(43)) - raft.server.watch.timeout.denomination = 1s (default)
2019-07-14 16:41:56,931 INFO  impl.LeaderElection (LeaderElection.java:askForVotes(181)) - a4a407f9-093b-4164-9a52-cf7c4be9fa57:group-3E78B1D0737E:LeaderElection2: begin an election at term 1 for -1: [a4a407f9-093b-4164-9a52-cf7c4be9fa57:192.168.69.77:44083], old=null
2019-07-14 16:41:56,934 INFO  impl.RoleInfo (RoleInfo.java:shutdownLeaderElection(134)) - a4a407f9-093b-4164-9a52-cf7c4be9fa57: shutdown LeaderElection
2019-07-14 16:41:56,934 INFO  impl.RaftServerImpl (RaftServerImpl.java:setRole(171)) - a4a407f9-093b-4164-9a52-cf7c4be9fa57:group-3E78B1D0737E changes role from CANDIDATE to LEADER at term 1 for changeToLeader
2019-07-14 16:41:56,934 INFO  impl.RaftServerImpl (ServerState.java:setLeader(263)) - a4a407f9-093b-4164-9a52-cf7c4be9fa57:group-3E78B1D0737E change Leader from null to a4a407f9-093b-4164-9a52-cf7c4be9fa57 at term 1 for becomeLeader, leader elected after 5042ms
2019-07-14 16:41:56,936 INFO  server.RaftServerConfigKeys (ConfUtils.java:logGet(43)) - raft.server.staging.catchup.gap = 1000 (default)
2019-07-14 16:41:56,936 INFO  server.RaftServerConfigKeys (ConfUtils.java:logGet(43)) - raft.server.watch.element-limit = 65536 (default)
2019-07-14 16:41:56,936 INFO  server.RaftServerConfigKeys (ConfUtils.java:logGet(43)) - raft.server.rpc.sleep.time = 25ms (default)
2019-07-14 16:41:56,937 INFO  server.RaftServerConfigKeys (ConfUtils.java:logGet(43)) - raft.server.write.element-limit = 4096 (default)
2019-07-14 16:41:56,937 INFO  server.RaftServerConfigKeys (ConfUtils.java:logGet(43)) - raft.server.watch.timeout = 10s (default)
2019-07-14 16:41:56,937 INFO  server.RaftServerConfigKeys (ConfUtils.java:logGet(43)) - raft.server.watch.timeout.denomination = 1s (default)
2019-07-14 16:41:56,937 INFO  server.RaftServerConfigKeys (ConfUtils.java:logGet(43)) - raft.server.watch.element-limit = 65536 (default)
2019-07-14 16:41:56,959 INFO  impl.RoleInfo (RoleInfo.java:updateAndGet(143)) - ed32276d-c3b5-499d-a454-6ae0e61b9e77: start LeaderState
2019-07-14 16:41:56,959 INFO  impl.RoleInfo (RoleInfo.java:updateAndGet(143)) - a4a407f9-093b-4164-9a52-cf7c4be9fa57: start LeaderState
2019-07-14 16:41:56,987 INFO  segmented.SegmentedRaftLogWorker (SegmentedRaftLogWorker.java:startLogSegment(380)) - ed32276d-c3b5-499d-a454-6ae0e61b9e77-SegmentedRaftLogWorker:Storage Directory /workdir/hadoop-ozone/integration-test/target/test-dir/MiniOzoneClusterImpl-b9e3a967-622d-41f2-af2c-36316d08c0b1/datanode-0/data/ratis/17ebadaf-33e7-46ef-bd82-52f4d695d177: Starting segment from index:0
2019-07-14 16:41:56,987 INFO  segmented.SegmentedRaftLogWorker (SegmentedRaftLogWorker.java:startLogSegment(380)) - a4a407f9-093b-4164-9a52-cf7c4be9fa57-SegmentedRaftLogWorker:Storage Directory /workdir/hadoop-ozone/integration-test/target/test-dir/MiniOzoneClusterImpl-b9e3a967-622d-41f2-af2c-36316d08c0b1/datanode-4/data/ratis/f3ac810f-f060-463e-813a-3e78b1d0737e: Starting segment from index:0
2019-07-14 16:41:56,996 INFO  impl.FollowerState (FollowerState.java:run(106)) - 9c5e400c-1a94-4ecb-977b-6ee6b901e642:group-62BEA6DC3077 changes to CANDIDATE, lastRpcTime:5012, electionTimeout:5012ms
2019-07-14 16:41:56,996 INFO  impl.RoleInfo (RoleInfo.java:shutdownFollowerState(121)) - 9c5e400c-1a94-4ecb-977b-6ee6b901e642: shutdown FollowerState
2019-07-14 16:41:56,996 INFO  impl.RaftServerImpl (RaftServerImpl.java:setRole(171)) - 9c5e400c-1a94-4ecb-977b-6ee6b901e642:group-62BEA6DC3077 changes role from FOLLOWER to CANDIDATE at term 0 for changeToCandidate
2019-07-14 16:41:56,996 INFO  impl.RoleInfo (RoleInfo.java:updateAndGet(143)) - 9c5e400c-1a94-4ecb-977b-6ee6b901e642: start LeaderElection
2019-07-14 16:41:57,005 INFO  impl.RaftServerImpl (ServerState.java:setRaftConf(361)) - a4a407f9-093b-4164-9a52-cf7c4be9fa57:group-3E78B1D0737E set configuration 0: [a4a407f9-093b-4164-9a52-cf7c4be9fa57:192.168.69.77:44083], old=null at 0
2019-07-14 16:41:57,005 INFO  impl.RaftServerImpl (ServerState.java:setRaftConf(361)) - ed32276d-c3b5-499d-a454-6ae0e61b9e77:group-52F4D695D177 set configuration 0: [ed32276d-c3b5-499d-a454-6ae0e61b9e77:192.168.69.77:37214], old=null at 0
2019-07-14 16:41:57,015 INFO  impl.LeaderElection (LeaderElection.java:askForVotes(181)) - 9c5e400c-1a94-4ecb-977b-6ee6b901e642:group-62BEA6DC3077:LeaderElection3: begin an election at term 1 for -1: [9c5e400c-1a94-4ecb-977b-6ee6b901e642:192.168.69.77:41507], old=null
2019-07-14 16:41:57,015 INFO  impl.RoleInfo (RoleInfo.java:shutdownLeaderElection(134)) - 9c5e400c-1a94-4ecb-977b-6ee6b901e642: shutdown LeaderElection
2019-07-14 16:41:57,015 INFO  impl.RaftServerImpl (RaftServerImpl.java:setRole(171)) - 9c5e400c-1a94-4ecb-977b-6ee6b901e642:group-62BEA6DC3077 changes role from CANDIDATE to LEADER at term 1 for changeToLeader
2019-07-14 16:41:57,015 INFO  impl.RaftServerImpl (ServerState.java:setLeader(263)) - 9c5e400c-1a94-4ecb-977b-6ee6b901e642:group-62BEA6DC3077 change Leader from null to 9c5e400c-1a94-4ecb-977b-6ee6b901e642 at term 1 for becomeLeader, leader elected after 5037ms
2019-07-14 16:41:57,017 INFO  server.RaftServerConfigKeys (ConfUtils.java:logGet(43)) - raft.server.staging.catchup.gap = 1000 (default)
2019-07-14 16:41:57,017 INFO  server.RaftServerConfigKeys (ConfUtils.java:logGet(43)) - raft.server.rpc.sleep.time = 25ms (default)
2019-07-14 16:41:57,017 INFO  server.RaftServerConfigKeys (ConfUtils.java:logGet(43)) - raft.server.write.element-limit = 4096 (default)
2019-07-14 16:41:57,018 INFO  server.RaftServerConfigKeys (ConfUtils.java:logGet(43)) - raft.server.watch.timeout = 10s (default)
2019-07-14 16:41:57,018 INFO  server.RaftServerConfigKeys (ConfUtils.java:logGet(43)) - raft.server.watch.timeout.denomination = 1s (default)
2019-07-14 16:41:57,018 INFO  server.RaftServerConfigKeys (ConfUtils.java:logGet(43)) - raft.server.watch.element-limit = 65536 (default)
2019-07-14 16:41:57,018 INFO  impl.RoleInfo (RoleInfo.java:updateAndGet(143)) - 9c5e400c-1a94-4ecb-977b-6ee6b901e642: start LeaderState
2019-07-14 16:41:57,018 INFO  segmented.SegmentedRaftLogWorker (SegmentedRaftLogWorker.java:startLogSegment(380)) - 9c5e400c-1a94-4ecb-977b-6ee6b901e642-SegmentedRaftLogWorker:Storage Directory /workdir/hadoop-ozone/integration-test/target/test-dir/MiniOzoneClusterImpl-b9e3a967-622d-41f2-af2c-36316d08c0b1/datanode-5/data/ratis/f4ae5e33-cb0b-4c1a-bc3e-62bea6dc3077: Starting segment from index:0
2019-07-14 16:41:57,019 INFO  impl.RaftServerImpl (ServerState.java:setRaftConf(361)) - 9c5e400c-1a94-4ecb-977b-6ee6b901e642:group-62BEA6DC3077 set configuration 0: [9c5e400c-1a94-4ecb-977b-6ee6b901e642:192.168.69.77:41507], old=null at 0
2019-07-14 16:41:57,173 INFO  impl.FollowerState (FollowerState.java:run(106)) - db92fa66-58a9-421b-9c9b-1bf8484a524a:group-0049CC916C7C changes to CANDIDATE, lastRpcTime:5020, electionTimeout:5020ms
2019-07-14 16:41:57,173 INFO  impl.RoleInfo (RoleInfo.java:shutdownFollowerState(121)) - db92fa66-58a9-421b-9c9b-1bf8484a524a: shutdown FollowerState
2019-07-14 16:41:57,173 INFO  impl.RaftServerImpl (RaftServerImpl.java:setRole(171)) - db92fa66-58a9-421b-9c9b-1bf8484a524a:group-0049CC916C7C changes role from FOLLOWER to CANDIDATE at term 0 for changeToCandidate
2019-07-14 16:41:57,173 INFO  impl.RoleInfo (RoleInfo.java:updateAndGet(143)) - db92fa66-58a9-421b-9c9b-1bf8484a524a: start LeaderElection
2019-07-14 16:41:57,193 INFO  impl.LeaderElection (LeaderElection.java:askForVotes(181)) - db92fa66-58a9-421b-9c9b-1bf8484a524a:group-0049CC916C7C:LeaderElection4: begin an election at term 1 for -1: [db92fa66-58a9-421b-9c9b-1bf8484a524a:192.168.69.77:39084], old=null
2019-07-14 16:41:57,193 INFO  impl.RoleInfo (RoleInfo.java:shutdownLeaderElection(134)) - db92fa66-58a9-421b-9c9b-1bf8484a524a: shutdown LeaderElection
2019-07-14 16:41:57,193 INFO  impl.RaftServerImpl (RaftServerImpl.java:setRole(171)) - db92fa66-58a9-421b-9c9b-1bf8484a524a:group-0049CC916C7C changes role from CANDIDATE to LEADER at term 1 for changeToLeader
2019-07-14 16:41:57,193 INFO  impl.RaftServerImpl (ServerState.java:setLeader(263)) - db92fa66-58a9-421b-9c9b-1bf8484a524a:group-0049CC916C7C change Leader from null to db92fa66-58a9-421b-9c9b-1bf8484a524a at term 1 for becomeLeader, leader elected after 5046ms
2019-07-14 16:41:57,195 INFO  server.RaftServerConfigKeys (ConfUtils.java:logGet(43)) - raft.server.staging.catchup.gap = 1000 (default)
2019-07-14 16:41:57,195 INFO  server.RaftServerConfigKeys (ConfUtils.java:logGet(43)) - raft.server.rpc.sleep.time = 25ms (default)
2019-07-14 16:41:57,195 INFO  server.RaftServerConfigKeys (ConfUtils.java:logGet(43)) - raft.server.write.element-limit = 4096 (default)
2019-07-14 16:41:57,195 INFO  server.RaftServerConfigKeys (ConfUtils.java:logGet(43)) - raft.server.watch.timeout = 10s (default)
2019-07-14 16:41:57,195 INFO  server.RaftServerConfigKeys (ConfUtils.java:logGet(43)) - raft.server.watch.timeout.denomination = 1s (default)
2019-07-14 16:41:57,196 INFO  server.RaftServerConfigKeys (ConfUtils.java:logGet(43)) - raft.server.watch.element-limit = 65536 (default)
2019-07-14 16:41:57,196 INFO  impl.RoleInfo (RoleInfo.java:updateAndGet(143)) - db92fa66-58a9-421b-9c9b-1bf8484a524a: start LeaderState
2019-07-14 16:41:57,196 INFO  segmented.SegmentedRaftLogWorker (SegmentedRaftLogWorker.java:startLogSegment(380)) - db92fa66-58a9-421b-9c9b-1bf8484a524a-SegmentedRaftLogWorker:Storage Directory /workdir/hadoop-ozone/integration-test/target/test-dir/MiniOzoneClusterImpl-b9e3a967-622d-41f2-af2c-36316d08c0b1/datanode-1/data/ratis/ecbc885d-ea40-415e-aa71-0049cc916c7c: Starting segment from index:0
2019-07-14 16:41:57,197 INFO  impl.RaftServerImpl (ServerState.java:setRaftConf(361)) - db92fa66-58a9-421b-9c9b-1bf8484a524a:group-0049CC916C7C set configuration 0: [db92fa66-58a9-421b-9c9b-1bf8484a524a:192.168.69.77:39084], old=null at 0
2019-07-14 16:41:57,211 INFO  impl.FollowerState (FollowerState.java:run(106)) - e36470be-7608-4cae-8203-ef6ebe47ef75:group-868907EC6DA9 changes to CANDIDATE, lastRpcTime:5145, electionTimeout:5143ms
2019-07-14 16:41:57,211 INFO  impl.RoleInfo (RoleInfo.java:shutdownFollowerState(121)) - e36470be-7608-4cae-8203-ef6ebe47ef75: shutdown FollowerState
2019-07-14 16:41:57,211 INFO  impl.RaftServerImpl (RaftServerImpl.java:setRole(171)) - e36470be-7608-4cae-8203-ef6ebe47ef75:group-868907EC6DA9 changes role from FOLLOWER to CANDIDATE at term 0 for changeToCandidate
2019-07-14 16:41:57,211 INFO  impl.RoleInfo (RoleInfo.java:updateAndGet(143)) - e36470be-7608-4cae-8203-ef6ebe47ef75: start LeaderElection
2019-07-14 16:41:57,246 INFO  segmented.SegmentedRaftLogWorker (SegmentedRaftLogWorker.java:execute(569)) - db92fa66-58a9-421b-9c9b-1bf8484a524a-SegmentedRaftLogWorker:Storage Directory /workdir/hadoop-ozone/integration-test/target/test-dir/MiniOzoneClusterImpl-b9e3a967-622d-41f2-af2c-36316d08c0b1/datanode-1/data/ratis/ecbc885d-ea40-415e-aa71-0049cc916c7c: created new log segment /workdir/hadoop-ozone/integration-test/target/test-dir/MiniOzoneClusterImpl-b9e3a967-622d-41f2-af2c-36316d08c0b1/datanode-1/data/ratis/ecbc885d-ea40-415e-aa71-0049cc916c7c/current/log_inprogress_0
2019-07-14 16:41:57,246 INFO  segmented.SegmentedRaftLogWorker (SegmentedRaftLogWorker.java:execute(569)) - ed32276d-c3b5-499d-a454-6ae0e61b9e77-SegmentedRaftLogWorker:Storage Directory /workdir/hadoop-ozone/integration-test/target/test-dir/MiniOzoneClusterImpl-b9e3a967-622d-41f2-af2c-36316d08c0b1/datanode-0/data/ratis/17ebadaf-33e7-46ef-bd82-52f4d695d177: created new log segment /workdir/hadoop-ozone/integration-test/target/test-dir/MiniOzoneClusterImpl-b9e3a967-622d-41f2-af2c-36316d08c0b1/datanode-0/data/ratis/17ebadaf-33e7-46ef-bd82-52f4d695d177/current/log_inprogress_0
2019-07-14 16:41:57,246 INFO  segmented.SegmentedRaftLogWorker (SegmentedRaftLogWorker.java:execute(569)) - a4a407f9-093b-4164-9a52-cf7c4be9fa57-SegmentedRaftLogWorker:Storage Directory /workdir/hadoop-ozone/integration-test/target/test-dir/MiniOzoneClusterImpl-b9e3a967-622d-41f2-af2c-36316d08c0b1/datanode-4/data/ratis/f3ac810f-f060-463e-813a-3e78b1d0737e: created new log segment /workdir/hadoop-ozone/integration-test/target/test-dir/MiniOzoneClusterImpl-b9e3a967-622d-41f2-af2c-36316d08c0b1/datanode-4/data/ratis/f3ac810f-f060-463e-813a-3e78b1d0737e/current/log_inprogress_0
2019-07-14 16:41:57,247 INFO  impl.LeaderElection (LeaderElection.java:askForVotes(181)) - e36470be-7608-4cae-8203-ef6ebe47ef75:group-868907EC6DA9:LeaderElection5: begin an election at term 1 for -1: [e36470be-7608-4cae-8203-ef6ebe47ef75:192.168.69.77:43358], old=null
2019-07-14 16:41:57,246 INFO  segmented.SegmentedRaftLogWorker (SegmentedRaftLogWorker.java:execute(569)) - 9c5e400c-1a94-4ecb-977b-6ee6b901e642-SegmentedRaftLogWorker:Storage Directory /workdir/hadoop-ozone/integration-test/target/test-dir/MiniOzoneClusterImpl-b9e3a967-622d-41f2-af2c-36316d08c0b1/datanode-5/data/ratis/f4ae5e33-cb0b-4c1a-bc3e-62bea6dc3077: created new log segment /workdir/hadoop-ozone/integration-test/target/test-dir/MiniOzoneClusterImpl-b9e3a967-622d-41f2-af2c-36316d08c0b1/datanode-5/data/ratis/f4ae5e33-cb0b-4c1a-bc3e-62bea6dc3077/current/log_inprogress_0
2019-07-14 16:41:57,253 INFO  impl.RoleInfo (RoleInfo.java:shutdownLeaderElection(134)) - e36470be-7608-4cae-8203-ef6ebe47ef75: shutdown LeaderElection
2019-07-14 16:41:57,253 INFO  impl.RaftServerImpl (RaftServerImpl.java:setRole(171)) - e36470be-7608-4cae-8203-ef6ebe47ef75:group-868907EC6DA9 changes role from CANDIDATE to LEADER at term 1 for changeToLeader
2019-07-14 16:41:57,254 INFO  impl.RaftServerImpl (ServerState.java:setLeader(263)) - e36470be-7608-4cae-8203-ef6ebe47ef75:group-868907EC6DA9 change Leader from null to e36470be-7608-4cae-8203-ef6ebe47ef75 at term 1 for becomeLeader, leader elected after 5193ms
2019-07-14 16:41:57,256 INFO  server.RaftServerConfigKeys (ConfUtils.java:logGet(43)) - raft.server.staging.catchup.gap = 1000 (default)
2019-07-14 16:41:57,256 INFO  server.RaftServerConfigKeys (ConfUtils.java:logGet(43)) - raft.server.rpc.sleep.time = 25ms (default)
2019-07-14 16:41:57,258 INFO  server.RaftServerConfigKeys (ConfUtils.java:logGet(43)) - raft.server.write.element-limit = 4096 (default)
2019-07-14 16:41:57,258 INFO  server.RaftServerConfigKeys (ConfUtils.java:logGet(43)) - raft.server.watch.timeout = 10s (default)
2019-07-14 16:41:57,258 INFO  server.RaftServerConfigKeys (ConfUtils.java:logGet(43)) - raft.server.watch.timeout.denomination = 1s (default)
2019-07-14 16:41:57,258 INFO  server.RaftServerConfigKeys (ConfUtils.java:logGet(43)) - raft.server.watch.element-limit = 65536 (default)
2019-07-14 16:41:57,259 INFO  impl.RoleInfo (RoleInfo.java:updateAndGet(143)) - e36470be-7608-4cae-8203-ef6ebe47ef75: start LeaderState
2019-07-14 16:41:57,259 INFO  segmented.SegmentedRaftLogWorker (SegmentedRaftLogWorker.java:startLogSegment(380)) - e36470be-7608-4cae-8203-ef6ebe47ef75-SegmentedRaftLogWorker:Storage Directory /workdir/hadoop-ozone/integration-test/target/test-dir/MiniOzoneClusterImpl-b9e3a967-622d-41f2-af2c-36316d08c0b1/datanode-6/data/ratis/cd53a663-7051-41b8-8be2-868907ec6da9: Starting segment from index:0
2019-07-14 16:41:57,260 INFO  impl.RaftServerImpl (ServerState.java:setRaftConf(361)) - e36470be-7608-4cae-8203-ef6ebe47ef75:group-868907EC6DA9 set configuration 0: [e36470be-7608-4cae-8203-ef6ebe47ef75:192.168.69.77:43358], old=null at 0
2019-07-14 16:41:57,278 INFO  impl.FollowerState (FollowerState.java:run(106)) - 7aeff993-62c7-43ce-9136-4228ac6fee1d:group-4277DD1D5BAC changes to CANDIDATE, lastRpcTime:5043, electionTimeout:5040ms
2019-07-14 16:41:57,280 INFO  impl.RoleInfo (RoleInfo.java:shutdownFollowerState(121)) - 7aeff993-62c7-43ce-9136-4228ac6fee1d: shutdown FollowerState
2019-07-14 16:41:57,280 INFO  impl.RaftServerImpl (RaftServerImpl.java:setRole(171)) - 7aeff993-62c7-43ce-9136-4228ac6fee1d:group-4277DD1D5BAC changes role from FOLLOWER to CANDIDATE at term 0 for changeToCandidate
2019-07-14 16:41:57,280 INFO  impl.RoleInfo (RoleInfo.java:updateAndGet(143)) - 7aeff993-62c7-43ce-9136-4228ac6fee1d: start LeaderElection
2019-07-14 16:41:57,293 INFO  segmented.SegmentedRaftLogWorker (SegmentedRaftLogWorker.java:execute(569)) - e36470be-7608-4cae-8203-ef6ebe47ef75-SegmentedRaftLogWorker:Storage Directory /workdir/hadoop-ozone/integration-test/target/test-dir/MiniOzoneClusterImpl-b9e3a967-622d-41f2-af2c-36316d08c0b1/datanode-6/data/ratis/cd53a663-7051-41b8-8be2-868907ec6da9: created new log segment /workdir/hadoop-ozone/integration-test/target/test-dir/MiniOzoneClusterImpl-b9e3a967-622d-41f2-af2c-36316d08c0b1/datanode-6/data/ratis/cd53a663-7051-41b8-8be2-868907ec6da9/current/log_inprogress_0
2019-07-14 16:41:57,293 INFO  impl.LeaderElection (LeaderElection.java:askForVotes(181)) - 7aeff993-62c7-43ce-9136-4228ac6fee1d:group-4277DD1D5BAC:LeaderElection6: begin an election at term 1 for -1: [7aeff993-62c7-43ce-9136-4228ac6fee1d:192.168.69.77:41484], old=null
2019-07-14 16:41:57,293 INFO  impl.RoleInfo (RoleInfo.java:shutdownLeaderElection(134)) - 7aeff993-62c7-43ce-9136-4228ac6fee1d: shutdown LeaderElection
2019-07-14 16:41:57,294 INFO  impl.RaftServerImpl (RaftServerImpl.java:setRole(171)) - 7aeff993-62c7-43ce-9136-4228ac6fee1d:group-4277DD1D5BAC changes role from CANDIDATE to LEADER at term 1 for changeToLeader
2019-07-14 16:41:57,294 INFO  impl.RaftServerImpl (ServerState.java:setLeader(263)) - 7aeff993-62c7-43ce-9136-4228ac6fee1d:group-4277DD1D5BAC change Leader from null to 7aeff993-62c7-43ce-9136-4228ac6fee1d at term 1 for becomeLeader, leader elected after 5064ms
2019-07-14 16:41:57,296 INFO  server.RaftServerConfigKeys (ConfUtils.java:logGet(43)) - raft.server.staging.catchup.gap = 1000 (default)
2019-07-14 16:41:57,296 INFO  server.RaftServerConfigKeys (ConfUtils.java:logGet(43)) - raft.server.rpc.sleep.time = 25ms (default)
2019-07-14 16:41:57,296 INFO  server.RaftServerConfigKeys (ConfUtils.java:logGet(43)) - raft.server.write.element-limit = 4096 (default)
2019-07-14 16:41:57,297 INFO  server.RaftServerConfigKeys (ConfUtils.java:logGet(43)) - raft.server.watch.timeout = 10s (default)
2019-07-14 16:41:57,297 INFO  server.RaftServerConfigKeys (ConfUtils.java:logGet(43)) - raft.server.watch.timeout.denomination = 1s (default)
2019-07-14 16:41:57,297 INFO  server.RaftServerConfigKeys (ConfUtils.java:logGet(43)) - raft.server.watch.element-limit = 65536 (default)
2019-07-14 16:41:57,297 INFO  impl.RoleInfo (RoleInfo.java:updateAndGet(143)) - 7aeff993-62c7-43ce-9136-4228ac6fee1d: start LeaderState
2019-07-14 16:41:57,298 INFO  segmented.SegmentedRaftLogWorker (SegmentedRaftLogWorker.java:startLogSegment(380)) - 7aeff993-62c7-43ce-9136-4228ac6fee1d-SegmentedRaftLogWorker:Storage Directory /workdir/hadoop-ozone/integration-test/target/test-dir/MiniOzoneClusterImpl-b9e3a967-622d-41f2-af2c-36316d08c0b1/datanode-3/data/ratis/73adb16b-4699-45f1-a32c-4277dd1d5bac: Starting segment from index:0
2019-07-14 16:41:57,298 INFO  impl.RaftServerImpl (ServerState.java:setRaftConf(361)) - 7aeff993-62c7-43ce-9136-4228ac6fee1d:group-4277DD1D5BAC set configuration 0: [7aeff993-62c7-43ce-9136-4228ac6fee1d:192.168.69.77:41484], old=null at 0
2019-07-14 16:41:57,331 INFO  segmented.SegmentedRaftLogWorker (SegmentedRaftLogWorker.java:execute(569)) - 7aeff993-62c7-43ce-9136-4228ac6fee1d-SegmentedRaftLogWorker:Storage Directory /workdir/hadoop-ozone/integration-test/target/test-dir/MiniOzoneClusterImpl-b9e3a967-622d-41f2-af2c-36316d08c0b1/datanode-3/data/ratis/73adb16b-4699-45f1-a32c-4277dd1d5bac: created new log segment /workdir/hadoop-ozone/integration-test/target/test-dir/MiniOzoneClusterImpl-b9e3a967-622d-41f2-af2c-36316d08c0b1/datanode-3/data/ratis/73adb16b-4699-45f1-a32c-4277dd1d5bac/current/log_inprogress_0
2019-07-14 16:41:57,369 INFO  impl.FollowerState (FollowerState.java:run(106)) - 3824e43a-eff5-465f-8337-5f1fad9a56ba:group-17ABA7EB4362 changes to CANDIDATE, lastRpcTime:5063, electionTimeout:5063ms
2019-07-14 16:41:57,371 INFO  impl.RoleInfo (RoleInfo.java:shutdownFollowerState(121)) - 3824e43a-eff5-465f-8337-5f1fad9a56ba: shutdown FollowerState
2019-07-14 16:41:57,371 INFO  impl.RaftServerImpl (RaftServerImpl.java:setRole(171)) - 3824e43a-eff5-465f-8337-5f1fad9a56ba:group-17ABA7EB4362 changes role from FOLLOWER to CANDIDATE at term 0 for changeToCandidate
2019-07-14 16:41:57,371 INFO  impl.RoleInfo (RoleInfo.java:updateAndGet(143)) - 3824e43a-eff5-465f-8337-5f1fad9a56ba: start LeaderElection
2019-07-14 16:41:57,389 INFO  impl.LeaderElection (LeaderElection.java:askForVotes(181)) - 3824e43a-eff5-465f-8337-5f1fad9a56ba:group-17ABA7EB4362:LeaderElection7: begin an election at term 1 for -1: [3824e43a-eff5-465f-8337-5f1fad9a56ba:192.168.69.77:44398], old=null
2019-07-14 16:41:57,391 INFO  impl.RoleInfo (RoleInfo.java:shutdownLeaderElection(134)) - 3824e43a-eff5-465f-8337-5f1fad9a56ba: shutdown LeaderElection
2019-07-14 16:41:57,391 INFO  impl.RaftServerImpl (RaftServerImpl.java:setRole(171)) - 3824e43a-eff5-465f-8337-5f1fad9a56ba:group-17ABA7EB4362 changes role from CANDIDATE to LEADER at term 1 for changeToLeader
2019-07-14 16:41:57,391 INFO  impl.RaftServerImpl (ServerState.java:setLeader(263)) - 3824e43a-eff5-465f-8337-5f1fad9a56ba:group-17ABA7EB4362 change Leader from null to 3824e43a-eff5-465f-8337-5f1fad9a56ba at term 1 for becomeLeader, leader elected after 5090ms
2019-07-14 16:41:57,393 INFO  server.RaftServerConfigKeys (ConfUtils.java:logGet(43)) - raft.server.staging.catchup.gap = 1000 (default)
2019-07-14 16:41:57,393 INFO  server.RaftServerConfigKeys (ConfUtils.java:logGet(43)) - raft.server.rpc.sleep.time = 25ms (default)
2019-07-14 16:41:57,393 INFO  server.RaftServerConfigKeys (ConfUtils.java:logGet(43)) - raft.server.write.element-limit = 4096 (default)
2019-07-14 16:41:57,394 INFO  server.RaftServerConfigKeys (ConfUtils.java:logGet(43)) - raft.server.watch.timeout = 10s (default)
2019-07-14 16:41:57,394 INFO  server.RaftServerConfigKeys (ConfUtils.java:logGet(43)) - raft.server.watch.timeout.denomination = 1s (default)
2019-07-14 16:41:57,394 INFO  server.RaftServerConfigKeys (ConfUtils.java:logGet(43)) - raft.server.watch.element-limit = 65536 (default)
2019-07-14 16:41:57,394 INFO  impl.RoleInfo (RoleInfo.java:updateAndGet(143)) - 3824e43a-eff5-465f-8337-5f1fad9a56ba: start LeaderState
2019-07-14 16:41:57,395 INFO  segmented.SegmentedRaftLogWorker (SegmentedRaftLogWorker.java:startLogSegment(380)) - 3824e43a-eff5-465f-8337-5f1fad9a56ba-SegmentedRaftLogWorker:Storage Directory /workdir/hadoop-ozone/integration-test/target/test-dir/MiniOzoneClusterImpl-b9e3a967-622d-41f2-af2c-36316d08c0b1/datanode-2/data/ratis/7d518fb4-3969-4cd5-a701-17aba7eb4362: Starting segment from index:0
2019-07-14 16:41:57,395 INFO  impl.RaftServerImpl (ServerState.java:setRaftConf(361)) - 3824e43a-eff5-465f-8337-5f1fad9a56ba:group-17ABA7EB4362 set configuration 0: [3824e43a-eff5-465f-8337-5f1fad9a56ba:192.168.69.77:44398], old=null at 0
2019-07-14 16:41:57,428 INFO  segmented.SegmentedRaftLogWorker (SegmentedRaftLogWorker.java:execute(569)) - 3824e43a-eff5-465f-8337-5f1fad9a56ba-SegmentedRaftLogWorker:Storage Directory /workdir/hadoop-ozone/integration-test/target/test-dir/MiniOzoneClusterImpl-b9e3a967-622d-41f2-af2c-36316d08c0b1/datanode-2/data/ratis/7d518fb4-3969-4cd5-a701-17aba7eb4362: created new log segment /workdir/hadoop-ozone/integration-test/target/test-dir/MiniOzoneClusterImpl-b9e3a967-622d-41f2-af2c-36316d08c0b1/datanode-2/data/ratis/7d518fb4-3969-4cd5-a701-17aba7eb4362/current/log_inprogress_0
2019-07-14 16:41:57,442 INFO  impl.FollowerState (FollowerState.java:run(106)) - e36470be-7608-4cae-8203-ef6ebe47ef75:group-5C22AE6C24B5 changes to CANDIDATE, lastRpcTime:5020, electionTimeout:5020ms
2019-07-14 16:41:57,442 INFO  impl.RoleInfo (RoleInfo.java:shutdownFollowerState(121)) - e36470be-7608-4cae-8203-ef6ebe47ef75: shutdown FollowerState
2019-07-14 16:41:57,442 INFO  impl.RaftServerImpl (RaftServerImpl.java:setRole(171)) - e36470be-7608-4cae-8203-ef6ebe47ef75:group-5C22AE6C24B5 changes role from FOLLOWER to CANDIDATE at term 0 for changeToCandidate
2019-07-14 16:41:57,442 INFO  impl.RoleInfo (RoleInfo.java:updateAndGet(143)) - e36470be-7608-4cae-8203-ef6ebe47ef75: start LeaderElection
2019-07-14 16:41:57,459 INFO  impl.LeaderElection (LeaderElection.java:askForVotes(181)) - e36470be-7608-4cae-8203-ef6ebe47ef75:group-5C22AE6C24B5:LeaderElection8: begin an election at term 1 for -1: [e36470be-7608-4cae-8203-ef6ebe47ef75:192.168.69.77:43358, a4a407f9-093b-4164-9a52-cf7c4be9fa57:192.168.69.77:44083, 9c5e400c-1a94-4ecb-977b-6ee6b901e642:192.168.69.77:41507], old=null
2019-07-14 16:41:57,494 INFO  impl.RaftServerImpl (RaftServerImpl.java:setRole(171)) - 9c5e400c-1a94-4ecb-977b-6ee6b901e642:group-5C22AE6C24B5 changes role from FOLLOWER to FOLLOWER at term 1 for recognizeCandidate:e36470be-7608-4cae-8203-ef6ebe47ef75
2019-07-14 16:41:57,494 INFO  impl.RaftServerImpl (RaftServerImpl.java:setRole(171)) - a4a407f9-093b-4164-9a52-cf7c4be9fa57:group-5C22AE6C24B5 changes role from FOLLOWER to FOLLOWER at term 1 for recognizeCandidate:e36470be-7608-4cae-8203-ef6ebe47ef75
2019-07-14 16:41:57,495 INFO  impl.RoleInfo (RoleInfo.java:shutdownFollowerState(121)) - 9c5e400c-1a94-4ecb-977b-6ee6b901e642: shutdown FollowerState
2019-07-14 16:41:57,495 INFO  impl.RoleInfo (RoleInfo.java:shutdownFollowerState(121)) - a4a407f9-093b-4164-9a52-cf7c4be9fa57: shutdown FollowerState
2019-07-14 16:41:57,495 INFO  impl.RoleInfo (RoleInfo.java:updateAndGet(143)) - 9c5e400c-1a94-4ecb-977b-6ee6b901e642: start FollowerState
2019-07-14 16:41:57,495 INFO  impl.RoleInfo (RoleInfo.java:updateAndGet(143)) - a4a407f9-093b-4164-9a52-cf7c4be9fa57: start FollowerState
2019-07-14 16:41:57,495 INFO  impl.FollowerState (FollowerState.java:run(114)) - 9c5e400c-1a94-4ecb-977b-6ee6b901e642: FollowerState was interrupted: java.lang.InterruptedException: sleep interrupted
2019-07-14 16:41:57,496 INFO  impl.FollowerState (FollowerState.java:run(114)) - a4a407f9-093b-4164-9a52-cf7c4be9fa57: FollowerState was interrupted: java.lang.InterruptedException: sleep interrupted
2019-07-14 16:41:57,526 INFO  impl.LeaderElection (LeaderElection.java:logAndReturn(56)) - e36470be-7608-4cae-8203-ef6ebe47ef75:group-5C22AE6C24B5:LeaderElection8: Election PASSED; received 1 response(s) [e36470be-7608-4cae-8203-ef6ebe47ef75<-9c5e400c-1a94-4ecb-977b-6ee6b901e642#0:OK-t1] and 0 exception(s); e36470be-7608-4cae-8203-ef6ebe47ef75:t1, leader=null, voted=e36470be-7608-4cae-8203-ef6ebe47ef75, raftlog=e36470be-7608-4cae-8203-ef6ebe47ef75-SegmentedRaftLog:OPENED:c-1,f-1,i0, conf=-1: [e36470be-7608-4cae-8203-ef6ebe47ef75:192.168.69.77:43358, a4a407f9-093b-4164-9a52-cf7c4be9fa57:192.168.69.77:44083, 9c5e400c-1a94-4ecb-977b-6ee6b901e642:192.168.69.77:41507], old=null
2019-07-14 16:41:57,526 INFO  impl.RoleInfo (RoleInfo.java:shutdownLeaderElection(134)) - e36470be-7608-4cae-8203-ef6ebe47ef75: shutdown LeaderElection
2019-07-14 16:41:57,526 INFO  impl.RaftServerImpl (RaftServerImpl.java:setRole(171)) - e36470be-7608-4cae-8203-ef6ebe47ef75:group-5C22AE6C24B5 changes role from CANDIDATE to LEADER at term 1 for changeToLeader
2019-07-14 16:41:57,530 INFO  impl.RaftServerImpl (ServerState.java:setLeader(263)) - e36470be-7608-4cae-8203-ef6ebe47ef75:group-5C22AE6C24B5 change Leader from null to e36470be-7608-4cae-8203-ef6ebe47ef75 at term 1 for becomeLeader, leader elected after 5123ms
2019-07-14 16:41:57,530 INFO  server.RaftServerConfigKeys (ConfUtils.java:logGet(43)) - raft.server.staging.catchup.gap = 1000 (default)
2019-07-14 16:41:57,531 INFO  server.RaftServerConfigKeys (ConfUtils.java:logGet(43)) - raft.server.rpc.sleep.time = 25ms (default)
2019-07-14 16:41:57,531 INFO  server.RaftServerConfigKeys (ConfUtils.java:logGet(43)) - raft.server.write.element-limit = 4096 (default)
2019-07-14 16:41:57,531 INFO  server.RaftServerConfigKeys (ConfUtils.java:logGet(43)) - raft.server.watch.timeout = 10s (default)
2019-07-14 16:41:57,531 INFO  server.RaftServerConfigKeys (ConfUtils.java:logGet(43)) - raft.server.watch.timeout.denomination = 1s (default)
2019-07-14 16:41:57,531 INFO  server.RaftServerConfigKeys (ConfUtils.java:logGet(43)) - raft.server.watch.element-limit = 65536 (default)
2019-07-14 16:41:57,534 INFO  server.RaftServerConfigKeys (ConfUtils.java:logGet(43)) - raft.server.log.appender.snapshot.chunk.size.max = 16MB (=16777216) (default)
2019-07-14 16:41:57,535 INFO  server.RaftServerConfigKeys (ConfUtils.java:logGet(43)) - raft.server.log.appender.buffer.byte-limit = 33554432 (custom)
2019-07-14 16:41:57,535 INFO  server.RaftServerConfigKeys (ConfUtils.java:logGet(43)) - raft.server.log.appender.buffer.element-limit = 1 (custom)
2019-07-14 16:41:57,540 INFO  grpc.GrpcConfigKeys$Server (ConfUtils.java:logGet(43)) - raft.grpc.server.leader.outstanding.appends.max = 128 (default)
2019-07-14 16:41:57,543 INFO  server.RaftServerConfigKeys (ConfUtils.java:logGet(43)) - raft.server.rpc.request.timeout = 3000ms (default)
2019-07-14 16:41:57,543 INFO  server.RaftServerConfigKeys (ConfUtils.java:logGet(43)) - raft.server.log.appender.install.snapshot.enabled = false (custom)
2019-07-14 16:41:57,544 INFO  server.RaftServerConfigKeys (ConfUtils.java:logGet(43)) - raft.server.log.appender.snapshot.chunk.size.max = 16MB (=16777216) (default)
2019-07-14 16:41:57,544 INFO  server.RaftServerConfigKeys (ConfUtils.java:logGet(43)) - raft.server.log.appender.buffer.byte-limit = 33554432 (custom)
2019-07-14 16:41:57,544 INFO  server.RaftServerConfigKeys (ConfUtils.java:logGet(43)) - raft.server.log.appender.buffer.element-limit = 1 (custom)
2019-07-14 16:41:57,545 INFO  grpc.GrpcConfigKeys$Server (ConfUtils.java:logGet(43)) - raft.grpc.server.leader.outstanding.appends.max = 128 (default)
2019-07-14 16:41:57,545 INFO  server.RaftServerConfigKeys (ConfUtils.java:logGet(43)) - raft.server.rpc.request.timeout = 3000ms (default)
2019-07-14 16:41:57,545 INFO  server.RaftServerConfigKeys (ConfUtils.java:logGet(43)) - raft.server.log.appender.install.snapshot.enabled = false (custom)
2019-07-14 16:41:57,548 INFO  impl.RoleInfo (RoleInfo.java:updateAndGet(143)) - e36470be-7608-4cae-8203-ef6ebe47ef75: start LeaderState
2019-07-14 16:41:57,548 INFO  segmented.SegmentedRaftLogWorker (SegmentedRaftLogWorker.java:startLogSegment(380)) - e36470be-7608-4cae-8203-ef6ebe47ef75-SegmentedRaftLogWorker:Storage Directory /workdir/hadoop-ozone/integration-test/target/test-dir/MiniOzoneClusterImpl-b9e3a967-622d-41f2-af2c-36316d08c0b1/datanode-6/data/ratis/86a37e0a-5cb5-4d0d-88d2-5c22ae6c24b5: Starting segment from index:0
2019-07-14 16:41:57,550 INFO  impl.RaftServerImpl (ServerState.java:setRaftConf(361)) - e36470be-7608-4cae-8203-ef6ebe47ef75:group-5C22AE6C24B5 set configuration 0: [e36470be-7608-4cae-8203-ef6ebe47ef75:192.168.69.77:43358, a4a407f9-093b-4164-9a52-cf7c4be9fa57:192.168.69.77:44083, 9c5e400c-1a94-4ecb-977b-6ee6b901e642:192.168.69.77:41507], old=null at 0
2019-07-14 16:41:57,582 INFO  segmented.SegmentedRaftLogWorker (SegmentedRaftLogWorker.java:execute(569)) - e36470be-7608-4cae-8203-ef6ebe47ef75-SegmentedRaftLogWorker:Storage Directory /workdir/hadoop-ozone/integration-test/target/test-dir/MiniOzoneClusterImpl-b9e3a967-622d-41f2-af2c-36316d08c0b1/datanode-6/data/ratis/86a37e0a-5cb5-4d0d-88d2-5c22ae6c24b5: created new log segment /workdir/hadoop-ozone/integration-test/target/test-dir/MiniOzoneClusterImpl-b9e3a967-622d-41f2-af2c-36316d08c0b1/datanode-6/data/ratis/86a37e0a-5cb5-4d0d-88d2-5c22ae6c24b5/current/log_inprogress_0
2019-07-14 16:41:57,597 INFO  impl.RaftServerImpl (ServerState.java:setLeader(263)) - a4a407f9-093b-4164-9a52-cf7c4be9fa57:group-5C22AE6C24B5 change Leader from null to e36470be-7608-4cae-8203-ef6ebe47ef75 at term 1 for appendEntries, leader elected after 5190ms
2019-07-14 16:41:57,597 INFO  impl.RaftServerImpl (ServerState.java:setLeader(263)) - 9c5e400c-1a94-4ecb-977b-6ee6b901e642:group-5C22AE6C24B5 change Leader from null to e36470be-7608-4cae-8203-ef6ebe47ef75 at term 1 for appendEntries, leader elected after 5190ms
2019-07-14 16:41:57,636 INFO  impl.RaftServerImpl (ServerState.java:setRaftConf(361)) - a4a407f9-093b-4164-9a52-cf7c4be9fa57:group-5C22AE6C24B5 set configuration 0: [e36470be-7608-4cae-8203-ef6ebe47ef75:192.168.69.77:43358, a4a407f9-093b-4164-9a52-cf7c4be9fa57:192.168.69.77:44083, 9c5e400c-1a94-4ecb-977b-6ee6b901e642:192.168.69.77:41507], old=null at 0
2019-07-14 16:41:57,636 INFO  impl.RaftServerImpl (ServerState.java:setRaftConf(361)) - 9c5e400c-1a94-4ecb-977b-6ee6b901e642:group-5C22AE6C24B5 set configuration 0: [e36470be-7608-4cae-8203-ef6ebe47ef75:192.168.69.77:43358, a4a407f9-093b-4164-9a52-cf7c4be9fa57:192.168.69.77:44083, 9c5e400c-1a94-4ecb-977b-6ee6b901e642:192.168.69.77:41507], old=null at 0
2019-07-14 16:41:57,636 INFO  segmented.SegmentedRaftLogWorker (SegmentedRaftLogWorker.java:startLogSegment(380)) - a4a407f9-093b-4164-9a52-cf7c4be9fa57-SegmentedRaftLogWorker:Storage Directory /workdir/hadoop-ozone/integration-test/target/test-dir/MiniOzoneClusterImpl-b9e3a967-622d-41f2-af2c-36316d08c0b1/datanode-4/data/ratis/86a37e0a-5cb5-4d0d-88d2-5c22ae6c24b5: Starting segment from index:0
2019-07-14 16:41:57,636 INFO  segmented.SegmentedRaftLogWorker (SegmentedRaftLogWorker.java:startLogSegment(380)) - 9c5e400c-1a94-4ecb-977b-6ee6b901e642-SegmentedRaftLogWorker:Storage Directory /workdir/hadoop-ozone/integration-test/target/test-dir/MiniOzoneClusterImpl-b9e3a967-622d-41f2-af2c-36316d08c0b1/datanode-5/data/ratis/86a37e0a-5cb5-4d0d-88d2-5c22ae6c24b5: Starting segment from index:0
2019-07-14 16:41:57,648 INFO  impl.FollowerState (FollowerState.java:run(106)) - 7aeff993-62c7-43ce-9136-4228ac6fee1d:group-71B8782F33CF changes to CANDIDATE, lastRpcTime:5107, electionTimeout:5107ms
2019-07-14 16:41:57,649 INFO  impl.RoleInfo (RoleInfo.java:shutdownFollowerState(121)) - 7aeff993-62c7-43ce-9136-4228ac6fee1d: shutdown FollowerState
2019-07-14 16:41:57,649 INFO  impl.RaftServerImpl (RaftServerImpl.java:setRole(171)) - 7aeff993-62c7-43ce-9136-4228ac6fee1d:group-71B8782F33CF changes role from FOLLOWER to CANDIDATE at term 0 for changeToCandidate
2019-07-14 16:41:57,649 INFO  impl.RoleInfo (RoleInfo.java:updateAndGet(143)) - 7aeff993-62c7-43ce-9136-4228ac6fee1d: start LeaderElection
2019-07-14 16:41:57,667 INFO  impl.FollowerState (FollowerState.java:run(106)) - db92fa66-58a9-421b-9c9b-1bf8484a524a:group-71B8782F33CF changes to CANDIDATE, lastRpcTime:5125, electionTimeout:5121ms
2019-07-14 16:41:57,667 INFO  impl.RoleInfo (RoleInfo.java:shutdownFollowerState(121)) - db92fa66-58a9-421b-9c9b-1bf8484a524a: shutdown FollowerState
2019-07-14 16:41:57,667 INFO  impl.RaftServerImpl (RaftServerImpl.java:setRole(171)) - db92fa66-58a9-421b-9c9b-1bf8484a524a:group-71B8782F33CF changes role from FOLLOWER to CANDIDATE at term 0 for changeToCandidate
2019-07-14 16:41:57,668 INFO  impl.RoleInfo (RoleInfo.java:updateAndGet(143)) - db92fa66-58a9-421b-9c9b-1bf8484a524a: start LeaderElection
2019-07-14 16:41:57,671 INFO  segmented.SegmentedRaftLogWorker (SegmentedRaftLogWorker.java:execute(569)) - a4a407f9-093b-4164-9a52-cf7c4be9fa57-SegmentedRaftLogWorker:Storage Directory /workdir/hadoop-ozone/integration-test/target/test-dir/MiniOzoneClusterImpl-b9e3a967-622d-41f2-af2c-36316d08c0b1/datanode-4/data/ratis/86a37e0a-5cb5-4d0d-88d2-5c22ae6c24b5: created new log segment /workdir/hadoop-ozone/integration-test/target/test-dir/MiniOzoneClusterImpl-b9e3a967-622d-41f2-af2c-36316d08c0b1/datanode-4/data/ratis/86a37e0a-5cb5-4d0d-88d2-5c22ae6c24b5/current/log_inprogress_0
2019-07-14 16:41:57,671 INFO  segmented.SegmentedRaftLogWorker (SegmentedRaftLogWorker.java:execute(569)) - 9c5e400c-1a94-4ecb-977b-6ee6b901e642-SegmentedRaftLogWorker:Storage Directory /workdir/hadoop-ozone/integration-test/target/test-dir/MiniOzoneClusterImpl-b9e3a967-622d-41f2-af2c-36316d08c0b1/datanode-5/data/ratis/86a37e0a-5cb5-4d0d-88d2-5c22ae6c24b5: created new log segment /workdir/hadoop-ozone/integration-test/target/test-dir/MiniOzoneClusterImpl-b9e3a967-622d-41f2-af2c-36316d08c0b1/datanode-5/data/ratis/86a37e0a-5cb5-4d0d-88d2-5c22ae6c24b5/current/log_inprogress_0
2019-07-14 16:41:57,671 INFO  impl.LeaderElection (LeaderElection.java:askForVotes(181)) - 7aeff993-62c7-43ce-9136-4228ac6fee1d:group-71B8782F33CF:LeaderElection9: begin an election at term 1 for -1: [db92fa66-58a9-421b-9c9b-1bf8484a524a:192.168.69.77:39084, 7aeff993-62c7-43ce-9136-4228ac6fee1d:192.168.69.77:41484, 3824e43a-eff5-465f-8337-5f1fad9a56ba:192.168.69.77:44398], old=null
2019-07-14 16:41:57,686 INFO  impl.LeaderElection (LeaderElection.java:askForVotes(181)) - db92fa66-58a9-421b-9c9b-1bf8484a524a:group-71B8782F33CF:LeaderElection10: begin an election at term 1 for -1: [db92fa66-58a9-421b-9c9b-1bf8484a524a:192.168.69.77:39084, 7aeff993-62c7-43ce-9136-4228ac6fee1d:192.168.69.77:41484, 3824e43a-eff5-465f-8337-5f1fad9a56ba:192.168.69.77:44398], old=null
2019-07-14 16:41:57,704 INFO  impl.RaftServerImpl (RaftServerImpl.java:setRole(171)) - 3824e43a-eff5-465f-8337-5f1fad9a56ba:group-71B8782F33CF changes role from FOLLOWER to FOLLOWER at term 1 for recognizeCandidate:7aeff993-62c7-43ce-9136-4228ac6fee1d
2019-07-14 16:41:57,704 INFO  impl.RoleInfo (RoleInfo.java:shutdownFollowerState(121)) - 3824e43a-eff5-465f-8337-5f1fad9a56ba: shutdown FollowerState
2019-07-14 16:41:57,705 INFO  impl.RoleInfo (RoleInfo.java:updateAndGet(143)) - 3824e43a-eff5-465f-8337-5f1fad9a56ba: start FollowerState
2019-07-14 16:41:57,705 INFO  impl.FollowerState (FollowerState.java:run(114)) - 3824e43a-eff5-465f-8337-5f1fad9a56ba: FollowerState was interrupted: java.lang.InterruptedException: sleep interrupted
2019-07-14 16:41:57,727 INFO  impl.LeaderElection (LeaderElection.java:logAndReturn(56)) - 7aeff993-62c7-43ce-9136-4228ac6fee1d:group-71B8782F33CF:LeaderElection9: Election PASSED; received 2 response(s) [7aeff993-62c7-43ce-9136-4228ac6fee1d<-db92fa66-58a9-421b-9c9b-1bf8484a524a#0:FAIL-t1, 7aeff993-62c7-43ce-9136-4228ac6fee1d<-3824e43a-eff5-465f-8337-5f1fad9a56ba#0:OK-t1] and 0 exception(s); 7aeff993-62c7-43ce-9136-4228ac6fee1d:t1, leader=null, voted=7aeff993-62c7-43ce-9136-4228ac6fee1d, raftlog=7aeff993-62c7-43ce-9136-4228ac6fee1d-SegmentedRaftLog:OPENED:c-1,f-1,i0, conf=-1: [db92fa66-58a9-421b-9c9b-1bf8484a524a:192.168.69.77:39084, 7aeff993-62c7-43ce-9136-4228ac6fee1d:192.168.69.77:41484, 3824e43a-eff5-465f-8337-5f1fad9a56ba:192.168.69.77:44398], old=null
2019-07-14 16:41:57,727 INFO  impl.RoleInfo (RoleInfo.java:shutdownLeaderElection(134)) - 7aeff993-62c7-43ce-9136-4228ac6fee1d: shutdown LeaderElection
2019-07-14 16:41:57,730 INFO  impl.RaftServerImpl (RaftServerImpl.java:setRole(171)) - 7aeff993-62c7-43ce-9136-4228ac6fee1d:group-71B8782F33CF changes role from CANDIDATE to LEADER at term 1 for changeToLeader
2019-07-14 16:41:57,730 INFO  impl.RaftServerImpl (ServerState.java:setLeader(263)) - 7aeff993-62c7-43ce-9136-4228ac6fee1d:group-71B8782F33CF change Leader from null to 7aeff993-62c7-43ce-9136-4228ac6fee1d at term 1 for becomeLeader, leader elected after 5204ms
2019-07-14 16:41:57,730 INFO  server.RaftServerConfigKeys (ConfUtils.java:logGet(43)) - raft.server.staging.catchup.gap = 1000 (default)
2019-07-14 16:41:57,730 INFO  impl.LeaderElection (LeaderElection.java:logAndReturn(56)) - db92fa66-58a9-421b-9c9b-1bf8484a524a:group-71B8782F33CF:LeaderElection10: Election REJECTED; received 2 response(s) [db92fa66-58a9-421b-9c9b-1bf8484a524a<-7aeff993-62c7-43ce-9136-4228ac6fee1d#0:FAIL-t1, db92fa66-58a9-421b-9c9b-1bf8484a524a<-3824e43a-eff5-465f-8337-5f1fad9a56ba#0:FAIL-t1] and 0 exception(s); db92fa66-58a9-421b-9c9b-1bf8484a524a:t1, leader=null, voted=db92fa66-58a9-421b-9c9b-1bf8484a524a, raftlog=db92fa66-58a9-421b-9c9b-1bf8484a524a-SegmentedRaftLog:OPENED:c-1,f-1,i0, conf=-1: [db92fa66-58a9-421b-9c9b-1bf8484a524a:192.168.69.77:39084, 7aeff993-62c7-43ce-9136-4228ac6fee1d:192.168.69.77:41484, 3824e43a-eff5-465f-8337-5f1fad9a56ba:192.168.69.77:44398], old=null
2019-07-14 16:41:57,731 INFO  server.RaftServerConfigKeys (ConfUtils.java:logGet(43)) - raft.server.rpc.sleep.time = 25ms (default)
2019-07-14 16:41:57,732 INFO  impl.RaftServerImpl (RaftServerImpl.java:setRole(171)) - db92fa66-58a9-421b-9c9b-1bf8484a524a:group-71B8782F33CF changes role from CANDIDATE to FOLLOWER at term 1 for DISCOVERED_A_NEW_TERM
2019-07-14 16:41:57,735 INFO  impl.RoleInfo (RoleInfo.java:shutdownLeaderElection(134)) - db92fa66-58a9-421b-9c9b-1bf8484a524a: shutdown LeaderElection
2019-07-14 16:41:57,735 INFO  server.RaftServerConfigKeys (ConfUtils.java:logGet(43)) - raft.server.write.element-limit = 4096 (default)
2019-07-14 16:41:57,736 INFO  impl.RoleInfo (RoleInfo.java:updateAndGet(143)) - db92fa66-58a9-421b-9c9b-1bf8484a524a: start FollowerState
2019-07-14 16:41:57,736 INFO  server.RaftServerConfigKeys (ConfUtils.java:logGet(43)) - raft.server.watch.timeout = 10s (default)
2019-07-14 16:41:57,736 INFO  server.RaftServerConfigKeys (ConfUtils.java:logGet(43)) - raft.server.watch.timeout.denomination = 1s (default)
2019-07-14 16:41:57,737 INFO  server.RaftServerConfigKeys (ConfUtils.java:logGet(43)) - raft.server.watch.element-limit = 65536 (default)
2019-07-14 16:41:57,738 INFO  server.RaftServerConfigKeys (ConfUtils.java:logGet(43)) - raft.server.log.appender.snapshot.chunk.size.max = 16MB (=16777216) (default)
2019-07-14 16:41:57,738 INFO  server.RaftServerConfigKeys (ConfUtils.java:logGet(43)) - raft.server.log.appender.buffer.byte-limit = 33554432 (custom)
2019-07-14 16:41:57,738 INFO  server.RaftServerConfigKeys (ConfUtils.java:logGet(43)) - raft.server.log.appender.buffer.element-limit = 1 (custom)
2019-07-14 16:41:57,739 INFO  grpc.GrpcConfigKeys$Server (ConfUtils.java:logGet(43)) - raft.grpc.server.leader.outstanding.appends.max = 128 (default)
2019-07-14 16:41:57,739 INFO  server.RaftServerConfigKeys (ConfUtils.java:logGet(43)) - raft.server.rpc.request.timeout = 3000ms (default)
2019-07-14 16:41:57,739 INFO  server.RaftServerConfigKeys (ConfUtils.java:logGet(43)) - raft.server.log.appender.install.snapshot.enabled = false (custom)
2019-07-14 16:41:57,739 INFO  server.RaftServerConfigKeys (ConfUtils.java:logGet(43)) - raft.server.log.appender.snapshot.chunk.size.max = 16MB (=16777216) (default)
2019-07-14 16:41:57,739 INFO  server.RaftServerConfigKeys (ConfUtils.java:logGet(43)) - raft.server.log.appender.buffer.byte-limit = 33554432 (custom)
2019-07-14 16:41:57,740 INFO  server.RaftServerConfigKeys (ConfUtils.java:logGet(43)) - raft.server.log.appender.buffer.element-limit = 1 (custom)
2019-07-14 16:41:57,740 INFO  grpc.GrpcConfigKeys$Server (ConfUtils.java:logGet(43)) - raft.grpc.server.leader.outstanding.appends.max = 128 (default)
2019-07-14 16:41:57,740 INFO  server.RaftServerConfigKeys (ConfUtils.java:logGet(43)) - raft.server.rpc.request.timeout = 3000ms (default)
2019-07-14 16:41:57,740 INFO  server.RaftServerConfigKeys (ConfUtils.java:logGet(43)) - raft.server.log.appender.install.snapshot.enabled = false (custom)
2019-07-14 16:41:57,741 INFO  impl.RoleInfo (RoleInfo.java:updateAndGet(143)) - 7aeff993-62c7-43ce-9136-4228ac6fee1d: start LeaderState
2019-07-14 16:41:57,741 INFO  segmented.SegmentedRaftLogWorker (SegmentedRaftLogWorker.java:startLogSegment(380)) - 7aeff993-62c7-43ce-9136-4228ac6fee1d-SegmentedRaftLogWorker:Storage Directory /workdir/hadoop-ozone/integration-test/target/test-dir/MiniOzoneClusterImpl-b9e3a967-622d-41f2-af2c-36316d08c0b1/datanode-3/data/ratis/903e7c51-4f94-4291-bd3a-71b8782f33cf: Starting segment from index:0
2019-07-14 16:41:57,742 INFO  impl.RaftServerImpl (ServerState.java:setRaftConf(361)) - 7aeff993-62c7-43ce-9136-4228ac6fee1d:group-71B8782F33CF set configuration 0: [db92fa66-58a9-421b-9c9b-1bf8484a524a:192.168.69.77:39084, 7aeff993-62c7-43ce-9136-4228ac6fee1d:192.168.69.77:41484, 3824e43a-eff5-465f-8337-5f1fad9a56ba:192.168.69.77:44398], old=null at 0
2019-07-14 16:41:57,762 INFO  impl.RaftServerImpl (ServerState.java:setLeader(263)) - db92fa66-58a9-421b-9c9b-1bf8484a524a:group-71B8782F33CF change Leader from null to 7aeff993-62c7-43ce-9136-4228ac6fee1d at term 1 for appendEntries, leader elected after 5237ms
2019-07-14 16:41:57,763 INFO  impl.RaftServerImpl (ServerState.java:setLeader(263)) - 3824e43a-eff5-465f-8337-5f1fad9a56ba:group-71B8782F33CF change Leader from null to 7aeff993-62c7-43ce-9136-4228ac6fee1d at term 1 for appendEntries, leader elected after 5237ms
2019-07-14 16:41:57,766 INFO  impl.RaftServerImpl (ServerState.java:setRaftConf(361)) - db92fa66-58a9-421b-9c9b-1bf8484a524a:group-71B8782F33CF set configuration 0: [db92fa66-58a9-421b-9c9b-1bf8484a524a:192.168.69.77:39084, 7aeff993-62c7-43ce-9136-4228ac6fee1d:192.168.69.77:41484, 3824e43a-eff5-465f-8337-5f1fad9a56ba:192.168.69.77:44398], old=null at 0
2019-07-14 16:41:57,767 INFO  segmented.SegmentedRaftLogWorker (SegmentedRaftLogWorker.java:startLogSegment(380)) - db92fa66-58a9-421b-9c9b-1bf8484a524a-SegmentedRaftLogWorker:Storage Directory /workdir/hadoop-ozone/integration-test/target/test-dir/MiniOzoneClusterImpl-b9e3a967-622d-41f2-af2c-36316d08c0b1/datanode-1/data/ratis/903e7c51-4f94-4291-bd3a-71b8782f33cf: Starting segment from index:0
2019-07-14 16:41:57,767 INFO  impl.RaftServerImpl (ServerState.java:setRaftConf(361)) - 3824e43a-eff5-465f-8337-5f1fad9a56ba:group-71B8782F33CF set configuration 0: [db92fa66-58a9-421b-9c9b-1bf8484a524a:192.168.69.77:39084, 7aeff993-62c7-43ce-9136-4228ac6fee1d:192.168.69.77:41484, 3824e43a-eff5-465f-8337-5f1fad9a56ba:192.168.69.77:44398], old=null at 0
2019-07-14 16:41:57,767 INFO  segmented.SegmentedRaftLogWorker (SegmentedRaftLogWorker.java:startLogSegment(380)) - 3824e43a-eff5-465f-8337-5f1fad9a56ba-SegmentedRaftLogWorker:Storage Directory /workdir/hadoop-ozone/integration-test/target/test-dir/MiniOzoneClusterImpl-b9e3a967-622d-41f2-af2c-36316d08c0b1/datanode-2/data/ratis/903e7c51-4f94-4291-bd3a-71b8782f33cf: Starting segment from index:0
2019-07-14 16:41:57,774 INFO  segmented.SegmentedRaftLogWorker (SegmentedRaftLogWorker.java:execute(569)) - 7aeff993-62c7-43ce-9136-4228ac6fee1d-SegmentedRaftLogWorker:Storage Directory /workdir/hadoop-ozone/integration-test/target/test-dir/MiniOzoneClusterImpl-b9e3a967-622d-41f2-af2c-36316d08c0b1/datanode-3/data/ratis/903e7c51-4f94-4291-bd3a-71b8782f33cf: created new log segment /workdir/hadoop-ozone/integration-test/target/test-dir/MiniOzoneClusterImpl-b9e3a967-622d-41f2-af2c-36316d08c0b1/datanode-3/data/ratis/903e7c51-4f94-4291-bd3a-71b8782f33cf/current/log_inprogress_0
2019-07-14 16:41:57,799 INFO  client.GrpcClientProtocolClient (GrpcClientProtocolClient.java:onNext(255)) - client-8F5087B35A5D->3824e43a-eff5-465f-8337-5f1fad9a56ba: receive RaftClientReply:client-8F5087B35A5D->3824e43a-eff5-465f-8337-5f1fad9a56ba@group-71B8782F33CF, cid=13, FAILED org.apache.ratis.protocol.NotLeaderException: Server 3824e43a-eff5-465f-8337-5f1fad9a56ba is not the leader (7aeff993-62c7-43ce-9136-4228ac6fee1d:192.168.69.77:41484). Request must be sent to leader., logIndex=0, commits[3824e43a-eff5-465f-8337-5f1fad9a56ba:c-1, db92fa66-58a9-421b-9c9b-1bf8484a524a:c-1, 7aeff993-62c7-43ce-9136-4228ac6fee1d:c-1]
2019-07-14 16:41:57,800 INFO  segmented.SegmentedRaftLogWorker (SegmentedRaftLogWorker.java:execute(569)) - 3824e43a-eff5-465f-8337-5f1fad9a56ba-SegmentedRaftLogWorker:Storage Directory /workdir/hadoop-ozone/integration-test/target/test-dir/MiniOzoneClusterImpl-b9e3a967-622d-41f2-af2c-36316d08c0b1/datanode-2/data/ratis/903e7c51-4f94-4291-bd3a-71b8782f33cf: created new log segment /workdir/hadoop-ozone/integration-test/target/test-dir/MiniOzoneClusterImpl-b9e3a967-622d-41f2-af2c-36316d08c0b1/datanode-2/data/ratis/903e7c51-4f94-4291-bd3a-71b8782f33cf/current/log_inprogress_0
2019-07-14 16:41:57,800 INFO  segmented.SegmentedRaftLogWorker (SegmentedRaftLogWorker.java:execute(569)) - db92fa66-58a9-421b-9c9b-1bf8484a524a-SegmentedRaftLogWorker:Storage Directory /workdir/hadoop-ozone/integration-test/target/test-dir/MiniOzoneClusterImpl-b9e3a967-622d-41f2-af2c-36316d08c0b1/datanode-1/data/ratis/903e7c51-4f94-4291-bd3a-71b8782f33cf: created new log segment /workdir/hadoop-ozone/integration-test/target/test-dir/MiniOzoneClusterImpl-b9e3a967-622d-41f2-af2c-36316d08c0b1/datanode-1/data/ratis/903e7c51-4f94-4291-bd3a-71b8782f33cf/current/log_inprogress_0
2019-07-14 16:41:57,828 WARN  io.KeyOutputStream (KeyOutputStream.java:handleException(276)) - Encountered exception java.io.IOException: Unexpected Storage Container Exception: java.util.concurrent.CompletionException: java.util.concurrent.CompletionException: org.apache.ratis.protocol.RaftRetryFailureException: Failed RaftClientRequest:client-8F5087B35A5D->3824e43a-eff5-465f-8337-5f1fad9a56ba@group-71B8782F33CF, cid=13, seq=1*, RW, org.apache.hadoop.hdds.scm.XceiverClientRatis$$Lambda$311/381397683@514dc81b for 5 attempts with RetryLimited(maxAttempts=5, sleepTime=1000ms) on the pipeline Pipeline[ Id: 903e7c51-4f94-4291-bd3a-71b8782f33cf, Nodes: db92fa66-58a9-421b-9c9b-1bf8484a524a{ip: 192.168.69.77, host: pr-hdds-1710-5x6jb-1204890111, networkLocation: /default-rack, certSerialId: null}7aeff993-62c7-43ce-9136-4228ac6fee1d{ip: 192.168.69.77, host: pr-hdds-1710-5x6jb-1204890111, networkLocation: /default-rack, certSerialId: null}3824e43a-eff5-465f-8337-5f1fad9a56ba{ip: 192.168.69.77, host: pr-hdds-1710-5x6jb-1204890111, networkLocation: /default-rack, certSerialId: null}, Type:RATIS, Factor:THREE, State:OPEN]. The last committed block length is 0, uncommitted data length is 400 retry count 0
2019-07-14 16:41:57,873 INFO  client.GrpcClientProtocolClient (GrpcClientProtocolClient.java:onNext(255)) - client-13F39E1BC43A->a4a407f9-093b-4164-9a52-cf7c4be9fa57: receive RaftClientReply:client-13F39E1BC43A->a4a407f9-093b-4164-9a52-cf7c4be9fa57@group-5C22AE6C24B5, cid=19, FAILED org.apache.ratis.protocol.NotLeaderException: Server a4a407f9-093b-4164-9a52-cf7c4be9fa57 is not the leader (e36470be-7608-4cae-8203-ef6ebe47ef75:192.168.69.77:43358). Request must be sent to leader., logIndex=0, commits[a4a407f9-093b-4164-9a52-cf7c4be9fa57:c0, e36470be-7608-4cae-8203-ef6ebe47ef75:c0, 9c5e400c-1a94-4ecb-977b-6ee6b901e642:c-1]
2019-07-14 16:41:58,125 INFO  client.GrpcClientProtocolClient (GrpcClientProtocolClient.java:onNext(255)) - client-13F39E1BC43A->e36470be-7608-4cae-8203-ef6ebe47ef75: receive RaftClientReply:client-13F39E1BC43A->e36470be-7608-4cae-8203-ef6ebe47ef75@group-5C22AE6C24B5, cid=19, SUCCESS, logIndex=1, commits[e36470be-7608-4cae-8203-ef6ebe47ef75:c1, a4a407f9-093b-4164-9a52-cf7c4be9fa57:c0, 9c5e400c-1a94-4ecb-977b-6ee6b901e642:c0]
2019-07-14 16:41:58,156 INFO  client.GrpcClientProtocolClient (GrpcClientProtocolClient.java:onNext(255)) - client-13F39E1BC43A->e36470be-7608-4cae-8203-ef6ebe47ef75: receive RaftClientReply:client-13F39E1BC43A->e36470be-7608-4cae-8203-ef6ebe47ef75@group-5C22AE6C24B5, cid=20, SUCCESS, logIndex=3, commits[e36470be-7608-4cae-8203-ef6ebe47ef75:c3, a4a407f9-093b-4164-9a52-cf7c4be9fa57:c2, 9c5e400c-1a94-4ecb-977b-6ee6b901e642:c2]
2019-07-14 16:41:58,226 INFO  client.GrpcClientProtocolClient (GrpcClientProtocolClient.java:onNext(255)) - client-13F39E1BC43A->e36470be-7608-4cae-8203-ef6ebe47ef75: receive RaftClientReply:client-13F39E1BC43A->e36470be-7608-4cae-8203-ef6ebe47ef75@group-5C22AE6C24B5, cid=21, SUCCESS, logIndex=4, commits[e36470be-7608-4cae-8203-ef6ebe47ef75:c12, a4a407f9-093b-4164-9a52-cf7c4be9fa57:c7, 9c5e400c-1a94-4ecb-977b-6ee6b901e642:c7]
2019-07-14 16:41:58,229 INFO  client.GrpcClientProtocolClient (GrpcClientProtocolClient.java:onNext(255)) - client-13F39E1BC43A->e36470be-7608-4cae-8203-ef6ebe47ef75: receive RaftClientReply:client-13F39E1BC43A->e36470be-7608-4cae-8203-ef6ebe47ef75@group-5C22AE6C24B5, cid=22, SUCCESS, logIndex=5, commits[e36470be-7608-4cae-8203-ef6ebe47ef75:c12, a4a407f9-093b-4164-9a52-cf7c4be9fa57:c7, 9c5e400c-1a94-4ecb-977b-6ee6b901e642:c7]
2019-07-14 16:41:58,230 INFO  client.GrpcClientProtocolClient (GrpcClientProtocolClient.java:onNext(255)) - client-13F39E1BC43A->e36470be-7608-4cae-8203-ef6ebe47ef75: receive RaftClientReply:client-13F39E1BC43A->e36470be-7608-4cae-8203-ef6ebe47ef75@group-5C22AE6C24B5, cid=23, SUCCESS, logIndex=6, commits[e36470be-7608-4cae-8203-ef6ebe47ef75:c12, a4a407f9-093b-4164-9a52-cf7c4be9fa57:c7, 9c5e400c-1a94-4ecb-977b-6ee6b901e642:c7]
2019-07-14 16:41:58,320 INFO  client.GrpcClientProtocolClient (GrpcClientProtocolClient.java:onNext(255)) - client-13F39E1BC43A->e36470be-7608-4cae-8203-ef6ebe47ef75: receive RaftClientReply:client-13F39E1BC43A->e36470be-7608-4cae-8203-ef6ebe47ef75@group-5C22AE6C24B5, cid=24, SUCCESS, logIndex=7, commits[e36470be-7608-4cae-8203-ef6ebe47ef75:c12, a4a407f9-093b-4164-9a52-cf7c4be9fa57:c7, 9c5e400c-1a94-4ecb-977b-6ee6b901e642:c7]
]]></system-out>
    <system-err><![CDATA[ERROR StatusLogger No Log4j 2 configuration file found. Using default configuration (logging only errors to the console), or user programmatically provided configurations. Set system property 'log4j2.debug' to show Log4j 2 internal initialization logging. See https://logging.apache.org/log4j/2.x/manual/configuration.html for instructions on how to configure Log4j 2
Jul 14, 2019 4:41:45 PM com.sun.jersey.server.impl.application.WebApplicationImpl _initiate
INFO: Initiating Jersey application, version 'Jersey: 1.19 02/11/2015 03:25 AM'
Jul 14, 2019 4:41:46 PM com.sun.jersey.server.impl.application.WebApplicationImpl _initiate
INFO: Initiating Jersey application, version 'Jersey: 1.19 02/11/2015 03:25 AM'
Jul 14, 2019 4:41:46 PM com.sun.jersey.server.impl.application.WebApplicationImpl _initiate
INFO: Initiating Jersey application, version 'Jersey: 1.19 02/11/2015 03:25 AM'
Jul 14, 2019 4:41:47 PM com.sun.jersey.server.impl.application.WebApplicationImpl _initiate
INFO: Initiating Jersey application, version 'Jersey: 1.19 02/11/2015 03:25 AM'
Jul 14, 2019 4:41:47 PM com.sun.jersey.server.impl.application.WebApplicationImpl _initiate
INFO: Initiating Jersey application, version 'Jersey: 1.19 02/11/2015 03:25 AM'
Jul 14, 2019 4:41:47 PM com.sun.jersey.server.impl.application.WebApplicationImpl _initiate
INFO: Initiating Jersey application, version 'Jersey: 1.19 02/11/2015 03:25 AM'
Jul 14, 2019 4:41:47 PM com.sun.jersey.server.impl.application.WebApplicationImpl _initiate
INFO: Initiating Jersey application, version 'Jersey: 1.19 02/11/2015 03:25 AM'
]]></system-err>
  </testcase>
  <testcase name="testWatchForCommitWithSmallerTimeoutValue" classname="org.apache.hadoop.ozone.client.rpc.TestWatchForCommit" time="22.775">
    <failure message="expected exception not thrown" type="java.lang.AssertionError">java.lang.AssertionError: expected exception not thrown
	at org.junit.Assert.fail(Assert.java:88)
	at org.apache.hadoop.ozone.client.rpc.TestWatchForCommit.testWatchForCommitWithSmallerTimeoutValue(TestWatchForCommit.java:308)
	at sun.reflect.NativeMethodAccessorImpl.invoke0(Native Method)
	at sun.reflect.NativeMethodAccessorImpl.invoke(NativeMethodAccessorImpl.java:62)
	at sun.reflect.DelegatingMethodAccessorImpl.invoke(DelegatingMethodAccessorImpl.java:43)
	at java.lang.reflect.Method.invoke(Method.java:498)
	at org.junit.runners.model.FrameworkMethod$1.runReflectiveCall(FrameworkMethod.java:47)
	at org.junit.internal.runners.model.ReflectiveCallable.run(ReflectiveCallable.java:12)
	at org.junit.runners.model.FrameworkMethod.invokeExplosively(FrameworkMethod.java:44)
	at org.junit.internal.runners.statements.InvokeMethod.evaluate(InvokeMethod.java:17)
	at org.junit.runners.ParentRunner.runLeaf(ParentRunner.java:271)
	at org.junit.runners.BlockJUnit4ClassRunner.runChild(BlockJUnit4ClassRunner.java:70)
	at org.junit.runners.BlockJUnit4ClassRunner.runChild(BlockJUnit4ClassRunner.java:50)
	at org.junit.runners.ParentRunner$3.run(ParentRunner.java:238)
	at org.junit.runners.ParentRunner$1.schedule(ParentRunner.java:63)
	at org.junit.runners.ParentRunner.runChildren(ParentRunner.java:236)
	at org.junit.runners.ParentRunner.access$000(ParentRunner.java:53)
	at org.junit.runners.ParentRunner$2.evaluate(ParentRunner.java:229)
	at org.junit.runners.ParentRunner.run(ParentRunner.java:309)
	at org.apache.maven.surefire.junit4.JUnit4Provider.execute(JUnit4Provider.java:365)
	at org.apache.maven.surefire.junit4.JUnit4Provider.executeWithRerun(JUnit4Provider.java:273)
	at org.apache.maven.surefire.junit4.JUnit4Provider.executeTestSet(JUnit4Provider.java:238)
	at org.apache.maven.surefire.junit4.JUnit4Provider.invoke(JUnit4Provider.java:159)
	at org.apache.maven.surefire.booter.ForkedBooter.invokeProviderInSameClassLoader(ForkedBooter.java:384)
	at org.apache.maven.surefire.booter.ForkedBooter.runSuitesInProcess(ForkedBooter.java:345)
	at org.apache.maven.surefire.booter.ForkedBooter.execute(ForkedBooter.java:126)
	at org.apache.maven.surefire.booter.ForkedBooter.main(ForkedBooter.java:418)
</failure>
    <system-out><![CDATA[2019-07-14 16:41:58,353 WARN  server.ServerUtils (ServerUtils.java:getScmDbDir(145)) - ozone.scm.db.dirs is not configured. We recommend adding this setting. Falling back to ozone.metadata.dirs instead.
2019-07-14 16:41:58,368 WARN  server.ServerUtils (ServerUtils.java:getScmDbDir(145)) - ozone.scm.db.dirs is not configured. We recommend adding this setting. Falling back to ozone.metadata.dirs instead.
2019-07-14 16:41:58,369 WARN  server.ServerUtils (ServerUtils.java:getScmDbDir(145)) - ozone.scm.db.dirs is not configured. We recommend adding this setting. Falling back to ozone.metadata.dirs instead.
2019-07-14 16:41:58,369 INFO  db.DBStoreBuilder (DBStoreBuilder.java:addTable(110)) - using custom profile for table: deletedBlocks
2019-07-14 16:41:58,370 INFO  db.DBStoreBuilder (DBStoreBuilder.java:processTables(161)) - Using default column profile:DBProfile.DISK for Table:deletedBlocks
2019-07-14 16:41:58,370 INFO  db.DBStoreBuilder (DBStoreBuilder.java:addTable(110)) - using custom profile for table: validCerts
2019-07-14 16:41:58,370 INFO  db.DBStoreBuilder (DBStoreBuilder.java:processTables(161)) - Using default column profile:DBProfile.DISK for Table:validCerts
2019-07-14 16:41:58,371 INFO  db.DBStoreBuilder (DBStoreBuilder.java:addTable(110)) - using custom profile for table: revokedCerts
2019-07-14 16:41:58,371 INFO  db.DBStoreBuilder (DBStoreBuilder.java:processTables(161)) - Using default column profile:DBProfile.DISK for Table:revokedCerts
2019-07-14 16:41:58,371 INFO  db.DBStoreBuilder (DBStoreBuilder.java:addTable(110)) - using custom profile for table: default
2019-07-14 16:41:58,371 INFO  db.DBStoreBuilder (DBStoreBuilder.java:processTables(167)) - Using default column profile:DBProfile.DISK for Table:default
2019-07-14 16:41:58,372 INFO  db.DBStoreBuilder (DBStoreBuilder.java:getDbProfile(198)) - Using default options. DBProfile.DISK
2019-07-14 16:41:58,538 INFO  net.NodeSchemaLoader (NodeSchemaLoader.java:loadSchemaFromFile(125)) - Loading file from sun.misc.CompoundEnumeration@600bbf9e
2019-07-14 16:41:58,539 INFO  net.NodeSchemaLoader (NodeSchemaLoader.java:loadSchema(171)) - Loading network topology layer schema file
2019-07-14 16:41:58,544 WARN  server.ServerUtils (ServerUtils.java:sanitizeUserArgs(70)) - ozone.scm.stale.node.interval value = 300000 is larger than max = 100000 based on the key value of ozone.scm.heartbeat.thread.interval, reset to the max value 100000.
2019-07-14 16:41:58,544 WARN  server.ServerUtils (ServerUtils.java:sanitizeUserArgs(70)) - ozone.scm.stale.node.interval value = 300000 is larger than max = 100000 based on the key value of ozone.scm.heartbeat.thread.interval, reset to the max value 100000.
2019-07-14 16:41:58,545 INFO  node.SCMNodeManager (SCMNodeManager.java:<init>(119)) - Entering startup safe mode.
2019-07-14 16:41:58,546 WARN  server.ServerUtils (ServerUtils.java:getScmDbDir(145)) - ozone.scm.db.dirs is not configured. We recommend adding this setting. Falling back to ozone.metadata.dirs instead.
2019-07-14 16:41:58,616 INFO  pipeline.SCMPipelineManager (SCMPipelineManager.java:initializePipelineState(126)) - No pipeline exists in current db
2019-07-14 16:41:58,616 WARN  server.ServerUtils (ServerUtils.java:getScmDbDir(145)) - ozone.scm.db.dirs is not configured. We recommend adding this setting. Falling back to ozone.metadata.dirs instead.
2019-07-14 16:41:58,707 WARN  events.EventQueue (EventQueue.java:fireEvent(175)) - No event handler registered for event TypedEvent{payloadType=SafeModeStatus, name='SafeModeStatus'}
2019-07-14 16:41:58,710 INFO  ipc.CallQueueManager (CallQueueManager.java:<init>(84)) - Using callQueue: class java.util.concurrent.LinkedBlockingQueue, queueCapacity: 2000, scheduler: class org.apache.hadoop.ipc.DefaultRpcScheduler, ipcBackoff: false.
2019-07-14 16:41:58,711 INFO  ipc.Server (Server.java:run(1074)) - Starting Socket Reader #1 for port 32824
2019-07-14 16:41:58,718 INFO  ipc.CallQueueManager (CallQueueManager.java:<init>(84)) - Using callQueue: class java.util.concurrent.LinkedBlockingQueue, queueCapacity: 2000, scheduler: class org.apache.hadoop.ipc.DefaultRpcScheduler, ipcBackoff: false.
2019-07-14 16:41:58,719 INFO  ipc.Server (Server.java:run(1074)) - Starting Socket Reader #1 for port 37131
2019-07-14 16:41:58,726 INFO  ipc.CallQueueManager (CallQueueManager.java:<init>(84)) - Using callQueue: class java.util.concurrent.LinkedBlockingQueue, queueCapacity: 2000, scheduler: class org.apache.hadoop.ipc.DefaultRpcScheduler, ipcBackoff: false.
2019-07-14 16:41:58,727 INFO  ipc.Server (Server.java:run(1074)) - Starting Socket Reader #1 for port 46100
2019-07-14 16:41:58,732 INFO  hdfs.DFSUtil (DFSUtil.java:httpServerTemplateForNNAndJN(1641)) - Starting Web-server for scm at: http://0.0.0.0:0
2019-07-14 16:41:58,735 INFO  server.AuthenticationFilter (AuthenticationFilter.java:constructSecretProvider(240)) - Unable to initialize FileSignerSecretProvider, falling back to use random secrets.
2019-07-14 16:41:58,736 WARN  http.HttpRequestLog (HttpRequestLog.java:getRequestLog(97)) - Jetty request log can only be enabled using Log4j
2019-07-14 16:41:58,739 INFO  http.HttpServer2 (HttpServer2.java:addGlobalFilter(975)) - Added global filter 'safety' (class=org.apache.hadoop.http.HttpServer2$QuotingInputFilter)
2019-07-14 16:41:58,742 INFO  http.HttpServer2 (HttpServer2.java:addFilter(948)) - Added filter static_user_filter (class=org.apache.hadoop.http.lib.StaticUserWebFilter$StaticUserFilter) to context scm
2019-07-14 16:41:58,742 INFO  http.HttpServer2 (HttpServer2.java:addFilter(958)) - Added filter static_user_filter (class=org.apache.hadoop.http.lib.StaticUserWebFilter$StaticUserFilter) to context static
2019-07-14 16:41:58,742 INFO  http.HttpServer2 (HttpServer2.java:addFilter(958)) - Added filter static_user_filter (class=org.apache.hadoop.http.lib.StaticUserWebFilter$StaticUserFilter) to context logs
2019-07-14 16:41:58,752 INFO  server.StorageContainerManager (StorageContainerManager.java:start(761)) - StorageContainerLocationProtocol RPC server is listening at /0.0.0.0:46100
2019-07-14 16:41:58,753 INFO  impl.MetricsSystemImpl (MetricsSystemImpl.java:init(158)) - StorageContainerManager metrics system started (again)
2019-07-14 16:41:58,771 INFO  server.SCMClientProtocolServer (SCMClientProtocolServer.java:start(149)) - RPC server for Client  is listening at /0.0.0.0:46100
2019-07-14 16:41:58,772 INFO  ipc.Server (Server.java:run(1314)) - IPC Server Responder: starting
2019-07-14 16:41:58,772 INFO  ipc.Server (Server.java:run(1153)) - IPC Server listener on 46100: starting
2019-07-14 16:41:58,780 INFO  server.StorageContainerManager (StorageContainerManager.java:start(771)) - ScmBlockLocationProtocol RPC server is listening at /0.0.0.0:37131
2019-07-14 16:41:58,780 INFO  server.SCMBlockProtocolServer (SCMBlockProtocolServer.java:start(140)) - RPC server for Block Protocol is listening at /0.0.0.0:37131
2019-07-14 16:41:58,780 INFO  ipc.Server (Server.java:run(1314)) - IPC Server Responder: starting
2019-07-14 16:41:58,780 INFO  ipc.Server (Server.java:run(1153)) - IPC Server listener on 37131: starting
2019-07-14 16:41:58,789 INFO  server.StorageContainerManager (StorageContainerManager.java:start(775)) - ScmDatanodeProtocl RPC server is listening at /0.0.0.0:32824
2019-07-14 16:41:58,789 INFO  server.SCMDatanodeProtocolServer (SCMDatanodeProtocolServer.java:start(191)) - RPC server for DataNodes is listening at /0.0.0.0:32824
2019-07-14 16:41:58,790 INFO  ipc.Server (Server.java:run(1314)) - IPC Server Responder: starting
2019-07-14 16:41:58,790 INFO  ipc.Server (Server.java:run(1153)) - IPC Server listener on 32824: starting
2019-07-14 16:41:58,797 INFO  http.HttpServer2 (HttpServer2.java:bindListener(1191)) - Jetty bound to port 40448
2019-07-14 16:41:58,797 INFO  server.Server (Server.java:doStart(351)) - jetty-9.3.24.v20180605, build timestamp: 2018-06-05T17:11:56Z, git hash: 84205aa28f11a4f31f2a3b86d1bba2cc8ab69827
2019-07-14 16:41:58,799 INFO  handler.ContextHandler (ContextHandler.java:doStart(781)) - Started o.e.j.s.ServletContextHandler@2026fbff{/logs,file:///workdir/hadoop-ozone/integration-test/target/log,AVAILABLE}
2019-07-14 16:41:58,800 INFO  handler.ContextHandler (ContextHandler.java:doStart(781)) - Started o.e.j.s.ServletContextHandler@351e89fc{/static,file:///workdir/hadoop-ozone/integration-test/target/test-classes/webapps/static,AVAILABLE}
2019-07-14 16:41:58,806 INFO  handler.ContextHandler (ContextHandler.java:doStart(781)) - Started o.e.j.w.WebAppContext@b55f5b7{/,file:///workdir/hadoop-ozone/integration-test/target/test-classes/webapps/scm/,AVAILABLE}{/scm}
2019-07-14 16:41:58,806 INFO  server.AbstractConnector (AbstractConnector.java:doStart(278)) - Started ServerConnector@2aa6bbad{HTTP/1.1,[http/1.1]}{0.0.0.0:40448}
2019-07-14 16:41:58,809 INFO  server.Server (Server.java:doStart(419)) - Started @18611ms
2019-07-14 16:41:58,810 INFO  server.BaseHttpServer (BaseHttpServer.java:updateConnectorAddress(207)) - HTTP server of SCM is listening at http://0.0.0.0:40448
2019-07-14 16:41:58,810 WARN  server.ServerUtils (ServerUtils.java:getDBPath(222)) - ozone.om.db.dirs is not configured. We recommend adding this setting. Falling back to ozone.metadata.dirs instead.
2019-07-14 16:41:58,813 INFO  util.JvmPauseMonitor (JvmPauseMonitor.java:run(188)) - Starting JVM pause monitor
2019-07-14 16:41:58,827 WARN  server.ServerUtils (ServerUtils.java:getDBPath(222)) - ozone.om.db.dirs is not configured. We recommend adding this setting. Falling back to ozone.metadata.dirs instead.
2019-07-14 16:41:58,827 INFO  om.OzoneManager (OzoneManager.java:setOMNodeDetails(632)) - OM Service ID is not set. Setting it to the default ID: omServiceIdDefault
2019-07-14 16:41:58,827 INFO  om.OzoneManager (OzoneManager.java:setOMNodeDetails(638)) - OM Node ID is not set. Setting it to the OmStorage's OmID: 968ef010-ad44-45cb-8edb-4afcb5ffd37f
2019-07-14 16:41:58,828 INFO  om.OzoneManager (OzoneManager.java:loadOMHAConfigs(589)) - Found matching OM address with OMServiceId: null, OMNodeId: null, RPC Address: localhost:0 and Ratis port: 9872
2019-07-14 16:41:58,849 WARN  server.ServerUtils (ServerUtils.java:getDBPath(222)) - ozone.om.db.dirs is not configured. We recommend adding this setting. Falling back to ozone.metadata.dirs instead.
2019-07-14 16:41:58,850 INFO  db.DBStoreBuilder (DBStoreBuilder.java:addTable(110)) - using custom profile for table: userTable
2019-07-14 16:41:58,850 INFO  db.DBStoreBuilder (DBStoreBuilder.java:processTables(161)) - Using default column profile:DBProfile.DISK for Table:userTable
2019-07-14 16:41:58,850 INFO  db.DBStoreBuilder (DBStoreBuilder.java:addTable(110)) - using custom profile for table: volumeTable
2019-07-14 16:41:58,850 INFO  db.DBStoreBuilder (DBStoreBuilder.java:processTables(161)) - Using default column profile:DBProfile.DISK for Table:volumeTable
2019-07-14 16:41:58,851 INFO  db.DBStoreBuilder (DBStoreBuilder.java:addTable(110)) - using custom profile for table: bucketTable
2019-07-14 16:41:58,851 INFO  db.DBStoreBuilder (DBStoreBuilder.java:processTables(161)) - Using default column profile:DBProfile.DISK for Table:bucketTable
2019-07-14 16:41:58,851 INFO  db.DBStoreBuilder (DBStoreBuilder.java:addTable(110)) - using custom profile for table: keyTable
2019-07-14 16:41:58,851 INFO  db.DBStoreBuilder (DBStoreBuilder.java:processTables(161)) - Using default column profile:DBProfile.DISK for Table:keyTable
2019-07-14 16:41:58,852 INFO  db.DBStoreBuilder (DBStoreBuilder.java:addTable(110)) - using custom profile for table: deletedTable
2019-07-14 16:41:58,852 INFO  db.DBStoreBuilder (DBStoreBuilder.java:processTables(161)) - Using default column profile:DBProfile.DISK for Table:deletedTable
2019-07-14 16:41:58,852 INFO  db.DBStoreBuilder (DBStoreBuilder.java:addTable(110)) - using custom profile for table: openKeyTable
2019-07-14 16:41:58,853 INFO  db.DBStoreBuilder (DBStoreBuilder.java:processTables(161)) - Using default column profile:DBProfile.DISK for Table:openKeyTable
2019-07-14 16:41:58,853 INFO  db.DBStoreBuilder (DBStoreBuilder.java:addTable(110)) - using custom profile for table: s3Table
2019-07-14 16:41:58,853 INFO  db.DBStoreBuilder (DBStoreBuilder.java:processTables(161)) - Using default column profile:DBProfile.DISK for Table:s3Table
2019-07-14 16:41:58,854 INFO  db.DBStoreBuilder (DBStoreBuilder.java:addTable(110)) - using custom profile for table: multipartInfoTable
2019-07-14 16:41:58,854 INFO  db.DBStoreBuilder (DBStoreBuilder.java:processTables(161)) - Using default column profile:DBProfile.DISK for Table:multipartInfoTable
2019-07-14 16:41:58,854 INFO  db.DBStoreBuilder (DBStoreBuilder.java:addTable(110)) - using custom profile for table: dTokenTable
2019-07-14 16:41:58,854 INFO  db.DBStoreBuilder (DBStoreBuilder.java:processTables(161)) - Using default column profile:DBProfile.DISK for Table:dTokenTable
2019-07-14 16:41:58,855 INFO  db.DBStoreBuilder (DBStoreBuilder.java:addTable(110)) - using custom profile for table: s3SecretTable
2019-07-14 16:41:58,855 INFO  db.DBStoreBuilder (DBStoreBuilder.java:processTables(161)) - Using default column profile:DBProfile.DISK for Table:s3SecretTable
2019-07-14 16:41:58,855 INFO  db.DBStoreBuilder (DBStoreBuilder.java:addTable(110)) - using custom profile for table: prefixTable
2019-07-14 16:41:58,856 INFO  db.DBStoreBuilder (DBStoreBuilder.java:processTables(161)) - Using default column profile:DBProfile.DISK for Table:prefixTable
2019-07-14 16:41:58,856 INFO  db.DBStoreBuilder (DBStoreBuilder.java:addTable(110)) - using custom profile for table: default
2019-07-14 16:41:58,856 INFO  db.DBStoreBuilder (DBStoreBuilder.java:processTables(167)) - Using default column profile:DBProfile.DISK for Table:default
2019-07-14 16:41:58,856 INFO  db.DBStoreBuilder (DBStoreBuilder.java:getDbProfile(198)) - Using default options. DBProfile.DISK
2019-07-14 16:41:59,528 INFO  ipc.CallQueueManager (CallQueueManager.java:<init>(84)) - Using callQueue: class java.util.concurrent.LinkedBlockingQueue, queueCapacity: 2000, scheduler: class org.apache.hadoop.ipc.DefaultRpcScheduler, ipcBackoff: false.
2019-07-14 16:41:59,530 INFO  ipc.Server (Server.java:run(1074)) - Starting Socket Reader #1 for port 42575
2019-07-14 16:41:59,550 WARN  server.ServerUtils (ServerUtils.java:getDBPath(222)) - ozone.om.db.dirs is not configured. We recommend adding this setting. Falling back to ozone.metadata.dirs instead.
2019-07-14 16:41:59,550 INFO  om.OzoneManager (OzoneManager.java:start(1230)) - OzoneManager RPC server is listening at localhost/127.0.0.1:42575
2019-07-14 16:41:59,551 INFO  impl.MetricsSystemImpl (MetricsSystemImpl.java:init(158)) - OzoneManager metrics system started (again)
2019-07-14 16:41:59,571 INFO  ipc.Server (Server.java:run(1314)) - IPC Server Responder: starting
2019-07-14 16:41:59,571 INFO  ipc.Server (Server.java:run(1153)) - IPC Server listener on 42575: starting
2019-07-14 16:41:59,580 INFO  hdfs.DFSUtil (DFSUtil.java:httpServerTemplateForNNAndJN(1641)) - Starting Web-server for ozoneManager at: http://0.0.0.0:0
2019-07-14 16:41:59,583 INFO  server.AuthenticationFilter (AuthenticationFilter.java:constructSecretProvider(240)) - Unable to initialize FileSignerSecretProvider, falling back to use random secrets.
2019-07-14 16:41:59,584 WARN  http.HttpRequestLog (HttpRequestLog.java:getRequestLog(97)) - Jetty request log can only be enabled using Log4j
2019-07-14 16:41:59,586 INFO  http.HttpServer2 (HttpServer2.java:addGlobalFilter(975)) - Added global filter 'safety' (class=org.apache.hadoop.http.HttpServer2$QuotingInputFilter)
2019-07-14 16:41:59,587 INFO  http.HttpServer2 (HttpServer2.java:addFilter(948)) - Added filter static_user_filter (class=org.apache.hadoop.http.lib.StaticUserWebFilter$StaticUserFilter) to context ozoneManager
2019-07-14 16:41:59,587 INFO  http.HttpServer2 (HttpServer2.java:addFilter(958)) - Added filter static_user_filter (class=org.apache.hadoop.http.lib.StaticUserWebFilter$StaticUserFilter) to context static
2019-07-14 16:41:59,588 INFO  http.HttpServer2 (HttpServer2.java:addFilter(958)) - Added filter static_user_filter (class=org.apache.hadoop.http.lib.StaticUserWebFilter$StaticUserFilter) to context logs
2019-07-14 16:41:59,589 INFO  http.HttpServer2 (HttpServer2.java:bindListener(1191)) - Jetty bound to port 46617
2019-07-14 16:41:59,589 INFO  server.Server (Server.java:doStart(351)) - jetty-9.3.24.v20180605, build timestamp: 2018-06-05T17:11:56Z, git hash: 84205aa28f11a4f31f2a3b86d1bba2cc8ab69827
2019-07-14 16:41:59,592 INFO  handler.ContextHandler (ContextHandler.java:doStart(781)) - Started o.e.j.s.ServletContextHandler@c262f2f{/logs,file:///workdir/hadoop-ozone/integration-test/target/log,AVAILABLE}
2019-07-14 16:41:59,593 INFO  handler.ContextHandler (ContextHandler.java:doStart(781)) - Started o.e.j.s.ServletContextHandler@11148dc2{/static,file:///workdir/hadoop-ozone/integration-test/target/test-classes/webapps/static,AVAILABLE}
2019-07-14 16:41:59,600 INFO  handler.ContextHandler (ContextHandler.java:doStart(781)) - Started o.e.j.w.WebAppContext@467ef400{/,file:///workdir/hadoop-ozone/integration-test/target/test-classes/webapps/ozoneManager/,AVAILABLE}{/ozoneManager}
2019-07-14 16:41:59,603 INFO  server.AbstractConnector (AbstractConnector.java:doStart(278)) - Started ServerConnector@13fe5bb7{HTTP/1.1,[http/1.1]}{0.0.0.0:46617}
2019-07-14 16:41:59,603 INFO  server.Server (Server.java:doStart(419)) - Started @19405ms
2019-07-14 16:41:59,604 INFO  server.BaseHttpServer (BaseHttpServer.java:updateConnectorAddress(207)) - HTTP server of OZONEMANAGER is listening at http://0.0.0.0:46617
2019-07-14 16:41:59,627 INFO  impl.MetricsSystemImpl (MetricsSystemImpl.java:init(158)) - HddsDatanode metrics system started (again)
2019-07-14 16:41:59,649 INFO  ozone.HddsDatanodeService (HddsDatanodeService.java:start(185)) - HddsDatanodeService host:pr-hdds-1710-5x6jb-1204890111 ip:192.168.69.77
2019-07-14 16:41:59,664 INFO  volume.HddsVolume (HddsVolume.java:<init>(176)) - Creating Volume: /workdir/hadoop-ozone/integration-test/target/test-dir/MiniOzoneClusterImpl-8a2e4dc2-5b92-4f8e-84de-2994ad5ae8e6/datanode-0/data/containers/hdds of  storage type : DISK and capacity : 52710309888
2019-07-14 16:41:59,665 INFO  volume.VolumeSet (VolumeSet.java:initializeVolumeSet(170)) - Added Volume : /workdir/hadoop-ozone/integration-test/target/test-dir/MiniOzoneClusterImpl-8a2e4dc2-5b92-4f8e-84de-2994ad5ae8e6/datanode-0/data/containers/hdds to VolumeSet
2019-07-14 16:41:59,665 INFO  volume.ThrottledAsyncChecker (ThrottledAsyncChecker.java:schedule(140)) - Scheduling a check for org.apache.hadoop.ozone.container.common.volume.HddsVolume@65d73bd
2019-07-14 16:41:59,666 INFO  volume.HddsVolumeChecker (HddsVolumeChecker.java:checkAllVolumes(203)) - Scheduled health check for volume org.apache.hadoop.ozone.container.common.volume.HddsVolume@65d73bd
2019-07-14 16:41:59,685 INFO  impl.RaftServerProxy (ConfUtils.java:logGet(43)) - raft.rpc.type = GRPC (default)
2019-07-14 16:41:59,686 INFO  grpc.GrpcFactory (GrpcFactory.java:checkPooledByteBufAllocatorUseCacheForAllThreads(45)) - PERFORMANCE WARNING: useCacheForAllThreads is true that may cause Netty to create a lot garbage objects and, as a result, trigger GC.
	It is recommended to disable useCacheForAllThreads by setting -Dorg.apache.ratis.thirdparty.io.netty.allocator.useCacheForAllThreads=false in command line.
2019-07-14 16:41:59,686 INFO  grpc.GrpcConfigKeys$Server (ConfUtils.java:logGet(43)) - raft.grpc.server.port = 0 (default)
2019-07-14 16:41:59,686 INFO  server.GrpcService (ConfUtils.java:logGet(43)) - raft.grpc.message.size.max = 33570816 (custom)
2019-07-14 16:41:59,687 INFO  server.RaftServerConfigKeys (ConfUtils.java:logGet(43)) - raft.server.log.appender.buffer.byte-limit = 33554432 (custom)
2019-07-14 16:41:59,687 INFO  server.GrpcService (ConfUtils.java:logGet(43)) - raft.grpc.flow.control.window = 1MB (=1048576) (default)
2019-07-14 16:41:59,687 INFO  server.RaftServerConfigKeys (ConfUtils.java:logGet(43)) - raft.server.rpc.request.timeout = 3000ms (default)
2019-07-14 16:41:59,688 INFO  server.RaftServerConfigKeys (ConfUtils.java:logGet(43)) - raft.server.storage.dir = [/workdir/hadoop-ozone/integration-test/target/test-dir/MiniOzoneClusterImpl-8a2e4dc2-5b92-4f8e-84de-2994ad5ae8e6/datanode-0/data/ratis] (custom)
2019-07-14 16:41:59,688 INFO  replication.SimpleContainerDownloader (SimpleContainerDownloader.java:<init>(72)) - Starting container downloader service to copy containers to replicate.
2019-07-14 16:41:59,690 INFO  hdfs.DFSUtil (DFSUtil.java:httpServerTemplateForNNAndJN(1641)) - Starting Web-server for hddsDatanode at: http://0.0.0.0:0
2019-07-14 16:41:59,691 INFO  server.AuthenticationFilter (AuthenticationFilter.java:constructSecretProvider(240)) - Unable to initialize FileSignerSecretProvider, falling back to use random secrets.
2019-07-14 16:41:59,691 WARN  http.HttpRequestLog (HttpRequestLog.java:getRequestLog(97)) - Jetty request log can only be enabled using Log4j
2019-07-14 16:41:59,693 INFO  http.HttpServer2 (HttpServer2.java:addGlobalFilter(975)) - Added global filter 'safety' (class=org.apache.hadoop.http.HttpServer2$QuotingInputFilter)
2019-07-14 16:41:59,693 INFO  http.HttpServer2 (HttpServer2.java:addFilter(948)) - Added filter static_user_filter (class=org.apache.hadoop.http.lib.StaticUserWebFilter$StaticUserFilter) to context hddsDatanode
2019-07-14 16:41:59,694 INFO  http.HttpServer2 (HttpServer2.java:addFilter(958)) - Added filter static_user_filter (class=org.apache.hadoop.http.lib.StaticUserWebFilter$StaticUserFilter) to context static
2019-07-14 16:41:59,694 INFO  http.HttpServer2 (HttpServer2.java:addFilter(958)) - Added filter static_user_filter (class=org.apache.hadoop.http.lib.StaticUserWebFilter$StaticUserFilter) to context logs
2019-07-14 16:41:59,695 INFO  http.HttpServer2 (HttpServer2.java:bindListener(1191)) - Jetty bound to port 45702
2019-07-14 16:41:59,695 INFO  server.Server (Server.java:doStart(351)) - jetty-9.3.24.v20180605, build timestamp: 2018-06-05T17:11:56Z, git hash: 84205aa28f11a4f31f2a3b86d1bba2cc8ab69827
2019-07-14 16:41:59,697 INFO  handler.ContextHandler (ContextHandler.java:doStart(781)) - Started o.e.j.s.ServletContextHandler@63187d63{/logs,file:///workdir/hadoop-ozone/integration-test/target/log,AVAILABLE}
2019-07-14 16:41:59,698 INFO  handler.ContextHandler (ContextHandler.java:doStart(781)) - Started o.e.j.s.ServletContextHandler@1a536164{/static,jar:file:/home/user/.m2/repository/org/apache/hadoop/hadoop-hdds-container-service/0.5.0-SNAPSHOT/hadoop-hdds-container-service-0.5.0-SNAPSHOT.jar!/webapps/static,AVAILABLE}
2019-07-14 16:41:59,732 INFO  handler.ContextHandler (ContextHandler.java:doStart(781)) - Started o.e.j.w.WebAppContext@60fc7f43{/,file:///tmp/jetty-0.0.0.0-45702-hddsDatanode-_-any-8317671815247033636.dir/webapp/,AVAILABLE}{/hddsDatanode}
2019-07-14 16:41:59,732 INFO  server.AbstractConnector (AbstractConnector.java:doStart(278)) - Started ServerConnector@16e195cf{HTTP/1.1,[http/1.1]}{0.0.0.0:45702}
2019-07-14 16:41:59,735 INFO  server.Server (Server.java:doStart(419)) - Started @19537ms
2019-07-14 16:41:59,736 INFO  server.BaseHttpServer (BaseHttpServer.java:updateConnectorAddress(207)) - HTTP server of HDDSDATANODE is listening at http://0.0.0.0:45702
2019-07-14 16:41:59,869 INFO  ozone.HddsDatanodeService (HddsDatanodeService.java:startPlugins(396)) - Started plug-in org.apache.hadoop.ozone.web.OzoneHddsDatanodeService@49c83262
2019-07-14 16:41:59,870 INFO  impl.MetricsSystemImpl (MetricsSystemImpl.java:init(158)) - HddsDatanode metrics system started (again)
2019-07-14 16:41:59,887 INFO  util.JvmPauseMonitor (JvmPauseMonitor.java:run(188)) - Starting JVM pause monitor
2019-07-14 16:41:59,890 INFO  datanode.InitDatanodeState (InitDatanodeState.java:persistContainerDatanodeDetails(140)) - DatanodeDetails is persisted to /workdir/hadoop-ozone/integration-test/target/test-dir/MiniOzoneClusterImpl-8a2e4dc2-5b92-4f8e-84de-2994ad5ae8e6/datanode-0/meta/datanode.id
2019-07-14 16:41:59,909 INFO  ozone.HddsDatanodeService (HddsDatanodeService.java:start(185)) - HddsDatanodeService host:pr-hdds-1710-5x6jb-1204890111 ip:192.168.69.77
2019-07-14 16:41:59,923 INFO  volume.HddsVolume (HddsVolume.java:<init>(176)) - Creating Volume: /workdir/hadoop-ozone/integration-test/target/test-dir/MiniOzoneClusterImpl-8a2e4dc2-5b92-4f8e-84de-2994ad5ae8e6/datanode-1/data/containers/hdds of  storage type : DISK and capacity : 52710309888
2019-07-14 16:41:59,924 INFO  volume.VolumeSet (VolumeSet.java:initializeVolumeSet(170)) - Added Volume : /workdir/hadoop-ozone/integration-test/target/test-dir/MiniOzoneClusterImpl-8a2e4dc2-5b92-4f8e-84de-2994ad5ae8e6/datanode-1/data/containers/hdds to VolumeSet
2019-07-14 16:41:59,924 INFO  volume.ThrottledAsyncChecker (ThrottledAsyncChecker.java:schedule(140)) - Scheduling a check for org.apache.hadoop.ozone.container.common.volume.HddsVolume@41d20f06
2019-07-14 16:41:59,925 INFO  volume.HddsVolumeChecker (HddsVolumeChecker.java:checkAllVolumes(203)) - Scheduled health check for volume org.apache.hadoop.ozone.container.common.volume.HddsVolume@41d20f06
2019-07-14 16:41:59,944 INFO  impl.RaftServerProxy (ConfUtils.java:logGet(43)) - raft.rpc.type = GRPC (default)
2019-07-14 16:41:59,945 INFO  grpc.GrpcFactory (GrpcFactory.java:checkPooledByteBufAllocatorUseCacheForAllThreads(45)) - PERFORMANCE WARNING: useCacheForAllThreads is true that may cause Netty to create a lot garbage objects and, as a result, trigger GC.
	It is recommended to disable useCacheForAllThreads by setting -Dorg.apache.ratis.thirdparty.io.netty.allocator.useCacheForAllThreads=false in command line.
2019-07-14 16:41:59,945 INFO  grpc.GrpcConfigKeys$Server (ConfUtils.java:logGet(43)) - raft.grpc.server.port = 0 (default)
2019-07-14 16:41:59,945 INFO  server.GrpcService (ConfUtils.java:logGet(43)) - raft.grpc.message.size.max = 33570816 (custom)
2019-07-14 16:41:59,945 INFO  server.RaftServerConfigKeys (ConfUtils.java:logGet(43)) - raft.server.log.appender.buffer.byte-limit = 33554432 (custom)
2019-07-14 16:41:59,946 INFO  server.GrpcService (ConfUtils.java:logGet(43)) - raft.grpc.flow.control.window = 1MB (=1048576) (default)
2019-07-14 16:41:59,946 INFO  server.RaftServerConfigKeys (ConfUtils.java:logGet(43)) - raft.server.rpc.request.timeout = 3000ms (default)
2019-07-14 16:41:59,946 INFO  server.RaftServerConfigKeys (ConfUtils.java:logGet(43)) - raft.server.storage.dir = [/workdir/hadoop-ozone/integration-test/target/test-dir/MiniOzoneClusterImpl-8a2e4dc2-5b92-4f8e-84de-2994ad5ae8e6/datanode-1/data/ratis] (custom)
2019-07-14 16:41:59,947 INFO  replication.SimpleContainerDownloader (SimpleContainerDownloader.java:<init>(72)) - Starting container downloader service to copy containers to replicate.
2019-07-14 16:41:59,949 INFO  hdfs.DFSUtil (DFSUtil.java:httpServerTemplateForNNAndJN(1641)) - Starting Web-server for hddsDatanode at: http://0.0.0.0:0
2019-07-14 16:41:59,950 INFO  server.AuthenticationFilter (AuthenticationFilter.java:constructSecretProvider(240)) - Unable to initialize FileSignerSecretProvider, falling back to use random secrets.
2019-07-14 16:41:59,951 WARN  http.HttpRequestLog (HttpRequestLog.java:getRequestLog(97)) - Jetty request log can only be enabled using Log4j
2019-07-14 16:41:59,953 INFO  http.HttpServer2 (HttpServer2.java:addGlobalFilter(975)) - Added global filter 'safety' (class=org.apache.hadoop.http.HttpServer2$QuotingInputFilter)
2019-07-14 16:41:59,954 INFO  http.HttpServer2 (HttpServer2.java:addFilter(948)) - Added filter static_user_filter (class=org.apache.hadoop.http.lib.StaticUserWebFilter$StaticUserFilter) to context hddsDatanode
2019-07-14 16:41:59,954 INFO  http.HttpServer2 (HttpServer2.java:addFilter(958)) - Added filter static_user_filter (class=org.apache.hadoop.http.lib.StaticUserWebFilter$StaticUserFilter) to context logs
2019-07-14 16:41:59,954 INFO  http.HttpServer2 (HttpServer2.java:addFilter(958)) - Added filter static_user_filter (class=org.apache.hadoop.http.lib.StaticUserWebFilter$StaticUserFilter) to context static
2019-07-14 16:41:59,955 INFO  http.HttpServer2 (HttpServer2.java:bindListener(1191)) - Jetty bound to port 36408
2019-07-14 16:41:59,955 INFO  server.Server (Server.java:doStart(351)) - jetty-9.3.24.v20180605, build timestamp: 2018-06-05T17:11:56Z, git hash: 84205aa28f11a4f31f2a3b86d1bba2cc8ab69827
2019-07-14 16:41:59,957 INFO  handler.ContextHandler (ContextHandler.java:doStart(781)) - Started o.e.j.s.ServletContextHandler@42cc420b{/logs,file:///workdir/hadoop-ozone/integration-test/target/log,AVAILABLE}
2019-07-14 16:41:59,958 INFO  handler.ContextHandler (ContextHandler.java:doStart(781)) - Started o.e.j.s.ServletContextHandler@5086623f{/static,jar:file:/home/user/.m2/repository/org/apache/hadoop/hadoop-hdds-container-service/0.5.0-SNAPSHOT/hadoop-hdds-container-service-0.5.0-SNAPSHOT.jar!/webapps/static,AVAILABLE}
2019-07-14 16:41:59,997 INFO  handler.ContextHandler (ContextHandler.java:doStart(781)) - Started o.e.j.w.WebAppContext@1410d645{/,file:///tmp/jetty-0.0.0.0-36408-hddsDatanode-_-any-3537918424363324541.dir/webapp/,AVAILABLE}{/hddsDatanode}
2019-07-14 16:41:59,998 INFO  server.AbstractConnector (AbstractConnector.java:doStart(278)) - Started ServerConnector@4ccdacf5{HTTP/1.1,[http/1.1]}{0.0.0.0:36408}
2019-07-14 16:42:00,001 INFO  server.Server (Server.java:doStart(419)) - Started @19803ms
2019-07-14 16:42:00,002 INFO  server.BaseHttpServer (BaseHttpServer.java:updateConnectorAddress(207)) - HTTP server of HDDSDATANODE is listening at http://0.0.0.0:36408
2019-07-14 16:42:00,122 INFO  ozone.HddsDatanodeService (HddsDatanodeService.java:startPlugins(396)) - Started plug-in org.apache.hadoop.ozone.web.OzoneHddsDatanodeService@4537880f
2019-07-14 16:42:00,122 INFO  impl.MetricsSystemImpl (MetricsSystemImpl.java:init(158)) - HddsDatanode metrics system started (again)
2019-07-14 16:42:00,138 INFO  util.JvmPauseMonitor (JvmPauseMonitor.java:run(188)) - Starting JVM pause monitor
2019-07-14 16:42:00,139 INFO  ozone.HddsDatanodeService (HddsDatanodeService.java:start(185)) - HddsDatanodeService host:pr-hdds-1710-5x6jb-1204890111 ip:192.168.69.77
2019-07-14 16:42:00,140 INFO  datanode.InitDatanodeState (InitDatanodeState.java:persistContainerDatanodeDetails(140)) - DatanodeDetails is persisted to /workdir/hadoop-ozone/integration-test/target/test-dir/MiniOzoneClusterImpl-8a2e4dc2-5b92-4f8e-84de-2994ad5ae8e6/datanode-1/meta/datanode.id
2019-07-14 16:42:00,151 INFO  volume.HddsVolume (HddsVolume.java:<init>(176)) - Creating Volume: /workdir/hadoop-ozone/integration-test/target/test-dir/MiniOzoneClusterImpl-8a2e4dc2-5b92-4f8e-84de-2994ad5ae8e6/datanode-2/data/containers/hdds of  storage type : DISK and capacity : 52710309888
2019-07-14 16:42:00,151 INFO  volume.VolumeSet (VolumeSet.java:initializeVolumeSet(170)) - Added Volume : /workdir/hadoop-ozone/integration-test/target/test-dir/MiniOzoneClusterImpl-8a2e4dc2-5b92-4f8e-84de-2994ad5ae8e6/datanode-2/data/containers/hdds to VolumeSet
2019-07-14 16:42:00,151 INFO  volume.ThrottledAsyncChecker (ThrottledAsyncChecker.java:schedule(140)) - Scheduling a check for org.apache.hadoop.ozone.container.common.volume.HddsVolume@4d8056bf
2019-07-14 16:42:00,152 INFO  volume.HddsVolumeChecker (HddsVolumeChecker.java:checkAllVolumes(203)) - Scheduled health check for volume org.apache.hadoop.ozone.container.common.volume.HddsVolume@4d8056bf
2019-07-14 16:42:00,167 INFO  impl.RaftServerProxy (ConfUtils.java:logGet(43)) - raft.rpc.type = GRPC (default)
2019-07-14 16:42:00,167 INFO  grpc.GrpcFactory (GrpcFactory.java:checkPooledByteBufAllocatorUseCacheForAllThreads(45)) - PERFORMANCE WARNING: useCacheForAllThreads is true that may cause Netty to create a lot garbage objects and, as a result, trigger GC.
	It is recommended to disable useCacheForAllThreads by setting -Dorg.apache.ratis.thirdparty.io.netty.allocator.useCacheForAllThreads=false in command line.
2019-07-14 16:42:00,168 INFO  grpc.GrpcConfigKeys$Server (ConfUtils.java:logGet(43)) - raft.grpc.server.port = 0 (default)
2019-07-14 16:42:00,168 INFO  server.GrpcService (ConfUtils.java:logGet(43)) - raft.grpc.message.size.max = 33570816 (custom)
2019-07-14 16:42:00,168 INFO  server.RaftServerConfigKeys (ConfUtils.java:logGet(43)) - raft.server.log.appender.buffer.byte-limit = 33554432 (custom)
2019-07-14 16:42:00,168 INFO  server.GrpcService (ConfUtils.java:logGet(43)) - raft.grpc.flow.control.window = 1MB (=1048576) (default)
2019-07-14 16:42:00,168 INFO  server.RaftServerConfigKeys (ConfUtils.java:logGet(43)) - raft.server.rpc.request.timeout = 3000ms (default)
2019-07-14 16:42:00,169 INFO  server.RaftServerConfigKeys (ConfUtils.java:logGet(43)) - raft.server.storage.dir = [/workdir/hadoop-ozone/integration-test/target/test-dir/MiniOzoneClusterImpl-8a2e4dc2-5b92-4f8e-84de-2994ad5ae8e6/datanode-2/data/ratis] (custom)
2019-07-14 16:42:00,169 INFO  replication.SimpleContainerDownloader (SimpleContainerDownloader.java:<init>(72)) - Starting container downloader service to copy containers to replicate.
2019-07-14 16:42:00,170 INFO  hdfs.DFSUtil (DFSUtil.java:httpServerTemplateForNNAndJN(1641)) - Starting Web-server for hddsDatanode at: http://0.0.0.0:0
2019-07-14 16:42:00,172 INFO  server.AuthenticationFilter (AuthenticationFilter.java:constructSecretProvider(240)) - Unable to initialize FileSignerSecretProvider, falling back to use random secrets.
2019-07-14 16:42:00,172 WARN  http.HttpRequestLog (HttpRequestLog.java:getRequestLog(97)) - Jetty request log can only be enabled using Log4j
2019-07-14 16:42:00,173 INFO  http.HttpServer2 (HttpServer2.java:addGlobalFilter(975)) - Added global filter 'safety' (class=org.apache.hadoop.http.HttpServer2$QuotingInputFilter)
2019-07-14 16:42:00,174 INFO  http.HttpServer2 (HttpServer2.java:addFilter(948)) - Added filter static_user_filter (class=org.apache.hadoop.http.lib.StaticUserWebFilter$StaticUserFilter) to context hddsDatanode
2019-07-14 16:42:00,174 INFO  http.HttpServer2 (HttpServer2.java:addFilter(958)) - Added filter static_user_filter (class=org.apache.hadoop.http.lib.StaticUserWebFilter$StaticUserFilter) to context logs
2019-07-14 16:42:00,174 INFO  http.HttpServer2 (HttpServer2.java:addFilter(958)) - Added filter static_user_filter (class=org.apache.hadoop.http.lib.StaticUserWebFilter$StaticUserFilter) to context static
2019-07-14 16:42:00,175 INFO  http.HttpServer2 (HttpServer2.java:bindListener(1191)) - Jetty bound to port 41829
2019-07-14 16:42:00,175 INFO  server.Server (Server.java:doStart(351)) - jetty-9.3.24.v20180605, build timestamp: 2018-06-05T17:11:56Z, git hash: 84205aa28f11a4f31f2a3b86d1bba2cc8ab69827
2019-07-14 16:42:00,176 INFO  handler.ContextHandler (ContextHandler.java:doStart(781)) - Started o.e.j.s.ServletContextHandler@6c421123{/logs,file:///workdir/hadoop-ozone/integration-test/target/log,AVAILABLE}
2019-07-14 16:42:00,177 INFO  handler.ContextHandler (ContextHandler.java:doStart(781)) - Started o.e.j.s.ServletContextHandler@2a631049{/static,jar:file:/home/user/.m2/repository/org/apache/hadoop/hadoop-hdds-container-service/0.5.0-SNAPSHOT/hadoop-hdds-container-service-0.5.0-SNAPSHOT.jar!/webapps/static,AVAILABLE}
2019-07-14 16:42:00,204 INFO  handler.ContextHandler (ContextHandler.java:doStart(781)) - Started o.e.j.w.WebAppContext@7d3c22a5{/,file:///tmp/jetty-0.0.0.0-41829-hddsDatanode-_-any-4001566835659496074.dir/webapp/,AVAILABLE}{/hddsDatanode}
2019-07-14 16:42:00,207 INFO  server.AbstractConnector (AbstractConnector.java:doStart(278)) - Started ServerConnector@369ad7da{HTTP/1.1,[http/1.1]}{0.0.0.0:41829}
2019-07-14 16:42:00,207 INFO  server.Server (Server.java:doStart(419)) - Started @20010ms
2019-07-14 16:42:00,208 INFO  server.BaseHttpServer (BaseHttpServer.java:updateConnectorAddress(207)) - HTTP server of HDDSDATANODE is listening at http://0.0.0.0:41829
2019-07-14 16:42:00,326 INFO  ozone.HddsDatanodeService (HddsDatanodeService.java:startPlugins(396)) - Started plug-in org.apache.hadoop.ozone.web.OzoneHddsDatanodeService@d1f23a0
2019-07-14 16:42:00,326 INFO  impl.MetricsSystemImpl (MetricsSystemImpl.java:init(158)) - HddsDatanode metrics system started (again)
2019-07-14 16:42:00,344 INFO  util.JvmPauseMonitor (JvmPauseMonitor.java:run(188)) - Starting JVM pause monitor
2019-07-14 16:42:00,345 INFO  ozone.HddsDatanodeService (HddsDatanodeService.java:start(185)) - HddsDatanodeService host:pr-hdds-1710-5x6jb-1204890111 ip:192.168.69.77
2019-07-14 16:42:00,347 INFO  datanode.InitDatanodeState (InitDatanodeState.java:persistContainerDatanodeDetails(140)) - DatanodeDetails is persisted to /workdir/hadoop-ozone/integration-test/target/test-dir/MiniOzoneClusterImpl-8a2e4dc2-5b92-4f8e-84de-2994ad5ae8e6/datanode-2/meta/datanode.id
2019-07-14 16:42:00,371 INFO  volume.HddsVolume (HddsVolume.java:<init>(176)) - Creating Volume: /workdir/hadoop-ozone/integration-test/target/test-dir/MiniOzoneClusterImpl-8a2e4dc2-5b92-4f8e-84de-2994ad5ae8e6/datanode-3/data/containers/hdds of  storage type : DISK and capacity : 52710309888
2019-07-14 16:42:00,371 INFO  volume.VolumeSet (VolumeSet.java:initializeVolumeSet(170)) - Added Volume : /workdir/hadoop-ozone/integration-test/target/test-dir/MiniOzoneClusterImpl-8a2e4dc2-5b92-4f8e-84de-2994ad5ae8e6/datanode-3/data/containers/hdds to VolumeSet
2019-07-14 16:42:00,372 INFO  volume.ThrottledAsyncChecker (ThrottledAsyncChecker.java:schedule(140)) - Scheduling a check for org.apache.hadoop.ozone.container.common.volume.HddsVolume@7b3feb26
2019-07-14 16:42:00,372 INFO  volume.HddsVolumeChecker (HddsVolumeChecker.java:checkAllVolumes(203)) - Scheduled health check for volume org.apache.hadoop.ozone.container.common.volume.HddsVolume@7b3feb26
2019-07-14 16:42:00,388 INFO  impl.RaftServerProxy (ConfUtils.java:logGet(43)) - raft.rpc.type = GRPC (default)
2019-07-14 16:42:00,388 INFO  grpc.GrpcFactory (GrpcFactory.java:checkPooledByteBufAllocatorUseCacheForAllThreads(45)) - PERFORMANCE WARNING: useCacheForAllThreads is true that may cause Netty to create a lot garbage objects and, as a result, trigger GC.
	It is recommended to disable useCacheForAllThreads by setting -Dorg.apache.ratis.thirdparty.io.netty.allocator.useCacheForAllThreads=false in command line.
2019-07-14 16:42:00,389 INFO  grpc.GrpcConfigKeys$Server (ConfUtils.java:logGet(43)) - raft.grpc.server.port = 0 (default)
2019-07-14 16:42:00,389 INFO  server.GrpcService (ConfUtils.java:logGet(43)) - raft.grpc.message.size.max = 33570816 (custom)
2019-07-14 16:42:00,389 INFO  server.RaftServerConfigKeys (ConfUtils.java:logGet(43)) - raft.server.log.appender.buffer.byte-limit = 33554432 (custom)
2019-07-14 16:42:00,389 INFO  server.GrpcService (ConfUtils.java:logGet(43)) - raft.grpc.flow.control.window = 1MB (=1048576) (default)
2019-07-14 16:42:00,389 INFO  server.RaftServerConfigKeys (ConfUtils.java:logGet(43)) - raft.server.rpc.request.timeout = 3000ms (default)
2019-07-14 16:42:00,390 INFO  server.RaftServerConfigKeys (ConfUtils.java:logGet(43)) - raft.server.storage.dir = [/workdir/hadoop-ozone/integration-test/target/test-dir/MiniOzoneClusterImpl-8a2e4dc2-5b92-4f8e-84de-2994ad5ae8e6/datanode-3/data/ratis] (custom)
2019-07-14 16:42:00,390 INFO  replication.SimpleContainerDownloader (SimpleContainerDownloader.java:<init>(72)) - Starting container downloader service to copy containers to replicate.
2019-07-14 16:42:00,391 INFO  hdfs.DFSUtil (DFSUtil.java:httpServerTemplateForNNAndJN(1641)) - Starting Web-server for hddsDatanode at: http://0.0.0.0:0
2019-07-14 16:42:00,393 INFO  server.AuthenticationFilter (AuthenticationFilter.java:constructSecretProvider(240)) - Unable to initialize FileSignerSecretProvider, falling back to use random secrets.
2019-07-14 16:42:00,393 WARN  http.HttpRequestLog (HttpRequestLog.java:getRequestLog(97)) - Jetty request log can only be enabled using Log4j
2019-07-14 16:42:00,394 INFO  http.HttpServer2 (HttpServer2.java:addGlobalFilter(975)) - Added global filter 'safety' (class=org.apache.hadoop.http.HttpServer2$QuotingInputFilter)
2019-07-14 16:42:00,395 INFO  http.HttpServer2 (HttpServer2.java:addFilter(948)) - Added filter static_user_filter (class=org.apache.hadoop.http.lib.StaticUserWebFilter$StaticUserFilter) to context hddsDatanode
2019-07-14 16:42:00,395 INFO  http.HttpServer2 (HttpServer2.java:addFilter(958)) - Added filter static_user_filter (class=org.apache.hadoop.http.lib.StaticUserWebFilter$StaticUserFilter) to context logs
2019-07-14 16:42:00,395 INFO  http.HttpServer2 (HttpServer2.java:addFilter(958)) - Added filter static_user_filter (class=org.apache.hadoop.http.lib.StaticUserWebFilter$StaticUserFilter) to context static
2019-07-14 16:42:00,396 INFO  http.HttpServer2 (HttpServer2.java:bindListener(1191)) - Jetty bound to port 37165
2019-07-14 16:42:00,396 INFO  server.Server (Server.java:doStart(351)) - jetty-9.3.24.v20180605, build timestamp: 2018-06-05T17:11:56Z, git hash: 84205aa28f11a4f31f2a3b86d1bba2cc8ab69827
2019-07-14 16:42:00,398 INFO  handler.ContextHandler (ContextHandler.java:doStart(781)) - Started o.e.j.s.ServletContextHandler@1e0294a7{/logs,file:///workdir/hadoop-ozone/integration-test/target/log,AVAILABLE}
2019-07-14 16:42:00,398 INFO  handler.ContextHandler (ContextHandler.java:doStart(781)) - Started o.e.j.s.ServletContextHandler@15cee630{/static,jar:file:/home/user/.m2/repository/org/apache/hadoop/hadoop-hdds-container-service/0.5.0-SNAPSHOT/hadoop-hdds-container-service-0.5.0-SNAPSHOT.jar!/webapps/static,AVAILABLE}
2019-07-14 16:42:00,425 INFO  handler.ContextHandler (ContextHandler.java:doStart(781)) - Started o.e.j.w.WebAppContext@e49437{/,file:///tmp/jetty-0.0.0.0-37165-hddsDatanode-_-any-1145102641968396668.dir/webapp/,AVAILABLE}{/hddsDatanode}
2019-07-14 16:42:00,426 INFO  server.AbstractConnector (AbstractConnector.java:doStart(278)) - Started ServerConnector@7645b7d{HTTP/1.1,[http/1.1]}{0.0.0.0:37165}
2019-07-14 16:42:00,429 INFO  server.Server (Server.java:doStart(419)) - Started @20231ms
2019-07-14 16:42:00,430 INFO  server.BaseHttpServer (BaseHttpServer.java:updateConnectorAddress(207)) - HTTP server of HDDSDATANODE is listening at http://0.0.0.0:37165
2019-07-14 16:42:00,546 INFO  ozone.HddsDatanodeService (HddsDatanodeService.java:startPlugins(396)) - Started plug-in org.apache.hadoop.ozone.web.OzoneHddsDatanodeService@5b5b53c6
2019-07-14 16:42:00,546 INFO  impl.MetricsSystemImpl (MetricsSystemImpl.java:init(158)) - HddsDatanode metrics system started (again)
2019-07-14 16:42:00,564 INFO  util.JvmPauseMonitor (JvmPauseMonitor.java:run(188)) - Starting JVM pause monitor
2019-07-14 16:42:00,565 INFO  ozone.HddsDatanodeService (HddsDatanodeService.java:start(185)) - HddsDatanodeService host:pr-hdds-1710-5x6jb-1204890111 ip:192.168.69.77
2019-07-14 16:42:00,566 INFO  datanode.InitDatanodeState (InitDatanodeState.java:persistContainerDatanodeDetails(140)) - DatanodeDetails is persisted to /workdir/hadoop-ozone/integration-test/target/test-dir/MiniOzoneClusterImpl-8a2e4dc2-5b92-4f8e-84de-2994ad5ae8e6/datanode-3/meta/datanode.id
2019-07-14 16:42:00,579 INFO  volume.HddsVolume (HddsVolume.java:<init>(176)) - Creating Volume: /workdir/hadoop-ozone/integration-test/target/test-dir/MiniOzoneClusterImpl-8a2e4dc2-5b92-4f8e-84de-2994ad5ae8e6/datanode-4/data/containers/hdds of  storage type : DISK and capacity : 52710309888
2019-07-14 16:42:00,580 INFO  volume.VolumeSet (VolumeSet.java:initializeVolumeSet(170)) - Added Volume : /workdir/hadoop-ozone/integration-test/target/test-dir/MiniOzoneClusterImpl-8a2e4dc2-5b92-4f8e-84de-2994ad5ae8e6/datanode-4/data/containers/hdds to VolumeSet
2019-07-14 16:42:00,580 INFO  volume.ThrottledAsyncChecker (ThrottledAsyncChecker.java:schedule(140)) - Scheduling a check for org.apache.hadoop.ozone.container.common.volume.HddsVolume@2efcc0b3
2019-07-14 16:42:00,580 INFO  volume.HddsVolumeChecker (HddsVolumeChecker.java:checkAllVolumes(203)) - Scheduled health check for volume org.apache.hadoop.ozone.container.common.volume.HddsVolume@2efcc0b3
2019-07-14 16:42:00,600 INFO  impl.RaftServerProxy (ConfUtils.java:logGet(43)) - raft.rpc.type = GRPC (default)
2019-07-14 16:42:00,600 INFO  grpc.GrpcFactory (GrpcFactory.java:checkPooledByteBufAllocatorUseCacheForAllThreads(45)) - PERFORMANCE WARNING: useCacheForAllThreads is true that may cause Netty to create a lot garbage objects and, as a result, trigger GC.
	It is recommended to disable useCacheForAllThreads by setting -Dorg.apache.ratis.thirdparty.io.netty.allocator.useCacheForAllThreads=false in command line.
2019-07-14 16:42:00,600 INFO  grpc.GrpcConfigKeys$Server (ConfUtils.java:logGet(43)) - raft.grpc.server.port = 0 (default)
2019-07-14 16:42:00,600 INFO  server.GrpcService (ConfUtils.java:logGet(43)) - raft.grpc.message.size.max = 33570816 (custom)
2019-07-14 16:42:00,601 INFO  server.RaftServerConfigKeys (ConfUtils.java:logGet(43)) - raft.server.log.appender.buffer.byte-limit = 33554432 (custom)
2019-07-14 16:42:00,601 INFO  server.GrpcService (ConfUtils.java:logGet(43)) - raft.grpc.flow.control.window = 1MB (=1048576) (default)
2019-07-14 16:42:00,601 INFO  server.RaftServerConfigKeys (ConfUtils.java:logGet(43)) - raft.server.rpc.request.timeout = 3000ms (default)
2019-07-14 16:42:00,601 INFO  server.RaftServerConfigKeys (ConfUtils.java:logGet(43)) - raft.server.storage.dir = [/workdir/hadoop-ozone/integration-test/target/test-dir/MiniOzoneClusterImpl-8a2e4dc2-5b92-4f8e-84de-2994ad5ae8e6/datanode-4/data/ratis] (custom)
2019-07-14 16:42:00,602 INFO  replication.SimpleContainerDownloader (SimpleContainerDownloader.java:<init>(72)) - Starting container downloader service to copy containers to replicate.
2019-07-14 16:42:00,603 INFO  hdfs.DFSUtil (DFSUtil.java:httpServerTemplateForNNAndJN(1641)) - Starting Web-server for hddsDatanode at: http://0.0.0.0:0
2019-07-14 16:42:00,605 INFO  server.AuthenticationFilter (AuthenticationFilter.java:constructSecretProvider(240)) - Unable to initialize FileSignerSecretProvider, falling back to use random secrets.
2019-07-14 16:42:00,608 WARN  http.HttpRequestLog (HttpRequestLog.java:getRequestLog(97)) - Jetty request log can only be enabled using Log4j
2019-07-14 16:42:00,609 INFO  http.HttpServer2 (HttpServer2.java:addGlobalFilter(975)) - Added global filter 'safety' (class=org.apache.hadoop.http.HttpServer2$QuotingInputFilter)
2019-07-14 16:42:00,610 INFO  http.HttpServer2 (HttpServer2.java:addFilter(948)) - Added filter static_user_filter (class=org.apache.hadoop.http.lib.StaticUserWebFilter$StaticUserFilter) to context hddsDatanode
2019-07-14 16:42:00,610 INFO  http.HttpServer2 (HttpServer2.java:addFilter(958)) - Added filter static_user_filter (class=org.apache.hadoop.http.lib.StaticUserWebFilter$StaticUserFilter) to context logs
2019-07-14 16:42:00,610 INFO  http.HttpServer2 (HttpServer2.java:addFilter(958)) - Added filter static_user_filter (class=org.apache.hadoop.http.lib.StaticUserWebFilter$StaticUserFilter) to context static
2019-07-14 16:42:00,611 INFO  http.HttpServer2 (HttpServer2.java:bindListener(1191)) - Jetty bound to port 34460
2019-07-14 16:42:00,611 INFO  server.Server (Server.java:doStart(351)) - jetty-9.3.24.v20180605, build timestamp: 2018-06-05T17:11:56Z, git hash: 84205aa28f11a4f31f2a3b86d1bba2cc8ab69827
2019-07-14 16:42:00,613 INFO  handler.ContextHandler (ContextHandler.java:doStart(781)) - Started o.e.j.s.ServletContextHandler@5402612e{/logs,file:///workdir/hadoop-ozone/integration-test/target/log,AVAILABLE}
2019-07-14 16:42:00,614 INFO  handler.ContextHandler (ContextHandler.java:doStart(781)) - Started o.e.j.s.ServletContextHandler@431babe6{/static,jar:file:/home/user/.m2/repository/org/apache/hadoop/hadoop-hdds-container-service/0.5.0-SNAPSHOT/hadoop-hdds-container-service-0.5.0-SNAPSHOT.jar!/webapps/static,AVAILABLE}
2019-07-14 16:42:00,642 INFO  handler.ContextHandler (ContextHandler.java:doStart(781)) - Started o.e.j.w.WebAppContext@4345fd45{/,file:///tmp/jetty-0.0.0.0-34460-hddsDatanode-_-any-4065271788414007750.dir/webapp/,AVAILABLE}{/hddsDatanode}
2019-07-14 16:42:00,643 INFO  server.AbstractConnector (AbstractConnector.java:doStart(278)) - Started ServerConnector@4152bd0f{HTTP/1.1,[http/1.1]}{0.0.0.0:34460}
2019-07-14 16:42:00,648 INFO  server.Server (Server.java:doStart(419)) - Started @20451ms
2019-07-14 16:42:00,652 INFO  server.BaseHttpServer (BaseHttpServer.java:updateConnectorAddress(207)) - HTTP server of HDDSDATANODE is listening at http://0.0.0.0:34460
2019-07-14 16:42:00,770 INFO  ozone.HddsDatanodeService (HddsDatanodeService.java:startPlugins(396)) - Started plug-in org.apache.hadoop.ozone.web.OzoneHddsDatanodeService@189633f2
2019-07-14 16:42:00,770 INFO  impl.MetricsSystemImpl (MetricsSystemImpl.java:init(158)) - HddsDatanode metrics system started (again)
2019-07-14 16:42:00,800 INFO  util.JvmPauseMonitor (JvmPauseMonitor.java:run(188)) - Starting JVM pause monitor
2019-07-14 16:42:00,802 INFO  datanode.InitDatanodeState (InitDatanodeState.java:persistContainerDatanodeDetails(140)) - DatanodeDetails is persisted to /workdir/hadoop-ozone/integration-test/target/test-dir/MiniOzoneClusterImpl-8a2e4dc2-5b92-4f8e-84de-2994ad5ae8e6/datanode-4/meta/datanode.id
2019-07-14 16:42:00,803 INFO  ozone.HddsDatanodeService (HddsDatanodeService.java:start(185)) - HddsDatanodeService host:pr-hdds-1710-5x6jb-1204890111 ip:192.168.69.77
2019-07-14 16:42:00,817 INFO  volume.HddsVolume (HddsVolume.java:<init>(176)) - Creating Volume: /workdir/hadoop-ozone/integration-test/target/test-dir/MiniOzoneClusterImpl-8a2e4dc2-5b92-4f8e-84de-2994ad5ae8e6/datanode-5/data/containers/hdds of  storage type : DISK and capacity : 52710309888
2019-07-14 16:42:00,817 INFO  volume.VolumeSet (VolumeSet.java:initializeVolumeSet(170)) - Added Volume : /workdir/hadoop-ozone/integration-test/target/test-dir/MiniOzoneClusterImpl-8a2e4dc2-5b92-4f8e-84de-2994ad5ae8e6/datanode-5/data/containers/hdds to VolumeSet
2019-07-14 16:42:00,818 INFO  volume.ThrottledAsyncChecker (ThrottledAsyncChecker.java:schedule(140)) - Scheduling a check for org.apache.hadoop.ozone.container.common.volume.HddsVolume@76fc5687
2019-07-14 16:42:00,821 INFO  volume.HddsVolumeChecker (HddsVolumeChecker.java:checkAllVolumes(203)) - Scheduled health check for volume org.apache.hadoop.ozone.container.common.volume.HddsVolume@76fc5687
2019-07-14 16:42:00,840 INFO  impl.RaftServerProxy (ConfUtils.java:logGet(43)) - raft.rpc.type = GRPC (default)
2019-07-14 16:42:00,840 INFO  grpc.GrpcFactory (GrpcFactory.java:checkPooledByteBufAllocatorUseCacheForAllThreads(45)) - PERFORMANCE WARNING: useCacheForAllThreads is true that may cause Netty to create a lot garbage objects and, as a result, trigger GC.
	It is recommended to disable useCacheForAllThreads by setting -Dorg.apache.ratis.thirdparty.io.netty.allocator.useCacheForAllThreads=false in command line.
2019-07-14 16:42:00,841 INFO  grpc.GrpcConfigKeys$Server (ConfUtils.java:logGet(43)) - raft.grpc.server.port = 0 (default)
2019-07-14 16:42:00,841 INFO  server.GrpcService (ConfUtils.java:logGet(43)) - raft.grpc.message.size.max = 33570816 (custom)
2019-07-14 16:42:00,841 INFO  server.RaftServerConfigKeys (ConfUtils.java:logGet(43)) - raft.server.log.appender.buffer.byte-limit = 33554432 (custom)
2019-07-14 16:42:00,841 INFO  server.GrpcService (ConfUtils.java:logGet(43)) - raft.grpc.flow.control.window = 1MB (=1048576) (default)
2019-07-14 16:42:00,842 INFO  server.RaftServerConfigKeys (ConfUtils.java:logGet(43)) - raft.server.rpc.request.timeout = 3000ms (default)
2019-07-14 16:42:00,842 INFO  server.RaftServerConfigKeys (ConfUtils.java:logGet(43)) - raft.server.storage.dir = [/workdir/hadoop-ozone/integration-test/target/test-dir/MiniOzoneClusterImpl-8a2e4dc2-5b92-4f8e-84de-2994ad5ae8e6/datanode-5/data/ratis] (custom)
2019-07-14 16:42:00,843 INFO  replication.SimpleContainerDownloader (SimpleContainerDownloader.java:<init>(72)) - Starting container downloader service to copy containers to replicate.
2019-07-14 16:42:00,845 INFO  hdfs.DFSUtil (DFSUtil.java:httpServerTemplateForNNAndJN(1641)) - Starting Web-server for hddsDatanode at: http://0.0.0.0:0
2019-07-14 16:42:00,847 INFO  server.AuthenticationFilter (AuthenticationFilter.java:constructSecretProvider(240)) - Unable to initialize FileSignerSecretProvider, falling back to use random secrets.
2019-07-14 16:42:00,847 WARN  http.HttpRequestLog (HttpRequestLog.java:getRequestLog(97)) - Jetty request log can only be enabled using Log4j
2019-07-14 16:42:00,850 INFO  http.HttpServer2 (HttpServer2.java:addGlobalFilter(975)) - Added global filter 'safety' (class=org.apache.hadoop.http.HttpServer2$QuotingInputFilter)
2019-07-14 16:42:00,850 INFO  http.HttpServer2 (HttpServer2.java:addFilter(948)) - Added filter static_user_filter (class=org.apache.hadoop.http.lib.StaticUserWebFilter$StaticUserFilter) to context hddsDatanode
2019-07-14 16:42:00,851 INFO  http.HttpServer2 (HttpServer2.java:addFilter(958)) - Added filter static_user_filter (class=org.apache.hadoop.http.lib.StaticUserWebFilter$StaticUserFilter) to context logs
2019-07-14 16:42:00,851 INFO  http.HttpServer2 (HttpServer2.java:addFilter(958)) - Added filter static_user_filter (class=org.apache.hadoop.http.lib.StaticUserWebFilter$StaticUserFilter) to context static
2019-07-14 16:42:00,852 INFO  http.HttpServer2 (HttpServer2.java:bindListener(1191)) - Jetty bound to port 34150
2019-07-14 16:42:00,852 INFO  server.Server (Server.java:doStart(351)) - jetty-9.3.24.v20180605, build timestamp: 2018-06-05T17:11:56Z, git hash: 84205aa28f11a4f31f2a3b86d1bba2cc8ab69827
2019-07-14 16:42:00,854 INFO  handler.ContextHandler (ContextHandler.java:doStart(781)) - Started o.e.j.s.ServletContextHandler@1a66be41{/logs,file:///workdir/hadoop-ozone/integration-test/target/log,AVAILABLE}
2019-07-14 16:42:00,855 INFO  handler.ContextHandler (ContextHandler.java:doStart(781)) - Started o.e.j.s.ServletContextHandler@fd14789{/static,jar:file:/home/user/.m2/repository/org/apache/hadoop/hadoop-hdds-container-service/0.5.0-SNAPSHOT/hadoop-hdds-container-service-0.5.0-SNAPSHOT.jar!/webapps/static,AVAILABLE}
2019-07-14 16:42:00,917 INFO  handler.ContextHandler (ContextHandler.java:doStart(781)) - Started o.e.j.w.WebAppContext@7a3a49e5{/,file:///tmp/jetty-0.0.0.0-34150-hddsDatanode-_-any-5779982910809969465.dir/webapp/,AVAILABLE}{/hddsDatanode}
2019-07-14 16:42:00,917 INFO  server.AbstractConnector (AbstractConnector.java:doStart(278)) - Started ServerConnector@6c1b82cd{HTTP/1.1,[http/1.1]}{0.0.0.0:34150}
2019-07-14 16:42:00,920 INFO  server.Server (Server.java:doStart(419)) - Started @20723ms
2019-07-14 16:42:00,921 INFO  server.BaseHttpServer (BaseHttpServer.java:updateConnectorAddress(207)) - HTTP server of HDDSDATANODE is listening at http://0.0.0.0:34150
2019-07-14 16:42:01,093 INFO  ozone.HddsDatanodeService (HddsDatanodeService.java:startPlugins(396)) - Started plug-in org.apache.hadoop.ozone.web.OzoneHddsDatanodeService@211da640
2019-07-14 16:42:01,094 INFO  impl.MetricsSystemImpl (MetricsSystemImpl.java:init(158)) - HddsDatanode metrics system started (again)
2019-07-14 16:42:01,117 INFO  util.JvmPauseMonitor (JvmPauseMonitor.java:run(188)) - Starting JVM pause monitor
2019-07-14 16:42:01,119 INFO  ozone.HddsDatanodeService (HddsDatanodeService.java:start(185)) - HddsDatanodeService host:pr-hdds-1710-5x6jb-1204890111 ip:192.168.69.77
2019-07-14 16:42:01,119 INFO  datanode.InitDatanodeState (InitDatanodeState.java:persistContainerDatanodeDetails(140)) - DatanodeDetails is persisted to /workdir/hadoop-ozone/integration-test/target/test-dir/MiniOzoneClusterImpl-8a2e4dc2-5b92-4f8e-84de-2994ad5ae8e6/datanode-5/meta/datanode.id
2019-07-14 16:42:01,135 INFO  volume.HddsVolume (HddsVolume.java:<init>(176)) - Creating Volume: /workdir/hadoop-ozone/integration-test/target/test-dir/MiniOzoneClusterImpl-8a2e4dc2-5b92-4f8e-84de-2994ad5ae8e6/datanode-6/data/containers/hdds of  storage type : DISK and capacity : 52710309888
2019-07-14 16:42:01,135 INFO  volume.VolumeSet (VolumeSet.java:initializeVolumeSet(170)) - Added Volume : /workdir/hadoop-ozone/integration-test/target/test-dir/MiniOzoneClusterImpl-8a2e4dc2-5b92-4f8e-84de-2994ad5ae8e6/datanode-6/data/containers/hdds to VolumeSet
2019-07-14 16:42:01,136 INFO  volume.ThrottledAsyncChecker (ThrottledAsyncChecker.java:schedule(140)) - Scheduling a check for org.apache.hadoop.ozone.container.common.volume.HddsVolume@5c25daad
2019-07-14 16:42:01,136 INFO  volume.HddsVolumeChecker (HddsVolumeChecker.java:checkAllVolumes(203)) - Scheduled health check for volume org.apache.hadoop.ozone.container.common.volume.HddsVolume@5c25daad
2019-07-14 16:42:01,172 INFO  impl.RaftServerProxy (ConfUtils.java:logGet(43)) - raft.rpc.type = GRPC (default)
2019-07-14 16:42:01,172 INFO  grpc.GrpcFactory (GrpcFactory.java:checkPooledByteBufAllocatorUseCacheForAllThreads(45)) - PERFORMANCE WARNING: useCacheForAllThreads is true that may cause Netty to create a lot garbage objects and, as a result, trigger GC.
	It is recommended to disable useCacheForAllThreads by setting -Dorg.apache.ratis.thirdparty.io.netty.allocator.useCacheForAllThreads=false in command line.
2019-07-14 16:42:01,173 INFO  grpc.GrpcConfigKeys$Server (ConfUtils.java:logGet(43)) - raft.grpc.server.port = 0 (default)
2019-07-14 16:42:01,173 INFO  server.GrpcService (ConfUtils.java:logGet(43)) - raft.grpc.message.size.max = 33570816 (custom)
2019-07-14 16:42:01,173 INFO  server.RaftServerConfigKeys (ConfUtils.java:logGet(43)) - raft.server.log.appender.buffer.byte-limit = 33554432 (custom)
2019-07-14 16:42:01,173 INFO  server.GrpcService (ConfUtils.java:logGet(43)) - raft.grpc.flow.control.window = 1MB (=1048576) (default)
2019-07-14 16:42:01,174 INFO  server.RaftServerConfigKeys (ConfUtils.java:logGet(43)) - raft.server.rpc.request.timeout = 3000ms (default)
2019-07-14 16:42:01,175 INFO  server.RaftServerConfigKeys (ConfUtils.java:logGet(43)) - raft.server.storage.dir = [/workdir/hadoop-ozone/integration-test/target/test-dir/MiniOzoneClusterImpl-8a2e4dc2-5b92-4f8e-84de-2994ad5ae8e6/datanode-6/data/ratis] (custom)
2019-07-14 16:42:01,175 INFO  replication.SimpleContainerDownloader (SimpleContainerDownloader.java:<init>(72)) - Starting container downloader service to copy containers to replicate.
2019-07-14 16:42:01,177 INFO  hdfs.DFSUtil (DFSUtil.java:httpServerTemplateForNNAndJN(1641)) - Starting Web-server for hddsDatanode at: http://0.0.0.0:0
2019-07-14 16:42:01,179 INFO  server.AuthenticationFilter (AuthenticationFilter.java:constructSecretProvider(240)) - Unable to initialize FileSignerSecretProvider, falling back to use random secrets.
2019-07-14 16:42:01,180 WARN  http.HttpRequestLog (HttpRequestLog.java:getRequestLog(97)) - Jetty request log can only be enabled using Log4j
2019-07-14 16:42:01,182 INFO  http.HttpServer2 (HttpServer2.java:addGlobalFilter(975)) - Added global filter 'safety' (class=org.apache.hadoop.http.HttpServer2$QuotingInputFilter)
2019-07-14 16:42:01,183 INFO  http.HttpServer2 (HttpServer2.java:addFilter(948)) - Added filter static_user_filter (class=org.apache.hadoop.http.lib.StaticUserWebFilter$StaticUserFilter) to context hddsDatanode
2019-07-14 16:42:01,183 INFO  http.HttpServer2 (HttpServer2.java:addFilter(958)) - Added filter static_user_filter (class=org.apache.hadoop.http.lib.StaticUserWebFilter$StaticUserFilter) to context static
2019-07-14 16:42:01,183 INFO  http.HttpServer2 (HttpServer2.java:addFilter(958)) - Added filter static_user_filter (class=org.apache.hadoop.http.lib.StaticUserWebFilter$StaticUserFilter) to context logs
2019-07-14 16:42:01,184 INFO  http.HttpServer2 (HttpServer2.java:bindListener(1191)) - Jetty bound to port 44865
2019-07-14 16:42:01,184 INFO  server.Server (Server.java:doStart(351)) - jetty-9.3.24.v20180605, build timestamp: 2018-06-05T17:11:56Z, git hash: 84205aa28f11a4f31f2a3b86d1bba2cc8ab69827
2019-07-14 16:42:01,187 INFO  handler.ContextHandler (ContextHandler.java:doStart(781)) - Started o.e.j.s.ServletContextHandler@30a62a5b{/logs,file:///workdir/hadoop-ozone/integration-test/target/log,AVAILABLE}
2019-07-14 16:42:01,187 INFO  handler.ContextHandler (ContextHandler.java:doStart(781)) - Started o.e.j.s.ServletContextHandler@30133a11{/static,jar:file:/home/user/.m2/repository/org/apache/hadoop/hadoop-hdds-container-service/0.5.0-SNAPSHOT/hadoop-hdds-container-service-0.5.0-SNAPSHOT.jar!/webapps/static,AVAILABLE}
2019-07-14 16:42:01,228 INFO  handler.ContextHandler (ContextHandler.java:doStart(781)) - Started o.e.j.w.WebAppContext@68f2363{/,file:///tmp/jetty-0.0.0.0-44865-hddsDatanode-_-any-7843583787996476915.dir/webapp/,AVAILABLE}{/hddsDatanode}
2019-07-14 16:42:01,229 INFO  server.AbstractConnector (AbstractConnector.java:doStart(278)) - Started ServerConnector@37fca349{HTTP/1.1,[http/1.1]}{0.0.0.0:44865}
2019-07-14 16:42:01,232 INFO  server.Server (Server.java:doStart(419)) - Started @21034ms
2019-07-14 16:42:01,232 INFO  server.BaseHttpServer (BaseHttpServer.java:updateConnectorAddress(207)) - HTTP server of HDDSDATANODE is listening at http://0.0.0.0:44865
2019-07-14 16:42:01,353 INFO  ozone.HddsDatanodeService (HddsDatanodeService.java:startPlugins(396)) - Started plug-in org.apache.hadoop.ozone.web.OzoneHddsDatanodeService@5e7e7a7e
2019-07-14 16:42:01,353 INFO  ozone.MiniOzoneClusterImpl (MiniOzoneClusterImpl.java:lambda$waitForClusterToBeReady$0(142)) - Waiting for cluster to be ready. Got 0 of 7 DN Heartbeats.
2019-07-14 16:42:01,355 INFO  util.JvmPauseMonitor (JvmPauseMonitor.java:run(188)) - Starting JVM pause monitor
2019-07-14 16:42:01,356 INFO  datanode.InitDatanodeState (InitDatanodeState.java:persistContainerDatanodeDetails(140)) - DatanodeDetails is persisted to /workdir/hadoop-ozone/integration-test/target/test-dir/MiniOzoneClusterImpl-8a2e4dc2-5b92-4f8e-84de-2994ad5ae8e6/datanode-6/meta/datanode.id
2019-07-14 16:42:01,929 INFO  ozoneimpl.OzoneContainer (OzoneContainer.java:start(186)) - Attempting to start container services.
2019-07-14 16:42:01,930 INFO  ozoneimpl.OzoneContainer (OzoneContainer.java:startContainerScrub(160)) - Background container scrubber has been disabled by hdds.containerscrub.enabled
2019-07-14 16:42:01,930 INFO  ratis.XceiverServerRatis (XceiverServerRatis.java:start(418)) - Starting XceiverServerRatis ce51f40e-6b80-4084-8b29-ef5c0bb939b1 at port 0
2019-07-14 16:42:01,937 INFO  impl.RaftServerProxy (RaftServerProxy.java:lambda$start$3(299)) - ce51f40e-6b80-4084-8b29-ef5c0bb939b1: start RPC server
2019-07-14 16:42:01,938 INFO  server.GrpcService (GrpcService.java:startImpl(149)) - ce51f40e-6b80-4084-8b29-ef5c0bb939b1: GrpcService started, listening on 0.0.0.0/0.0.0.0:45088
2019-07-14 16:42:01,939 INFO  ratis.XceiverServerRatis (XceiverServerRatis.java:start(428)) - XceiverServerRatis ce51f40e-6b80-4084-8b29-ef5c0bb939b1 is started using port 45088
2019-07-14 16:42:01,940 INFO  server.XceiverServerGrpc (XceiverServerGrpc.java:start(161)) - XceiverServerGrpc ce51f40e-6b80-4084-8b29-ef5c0bb939b1 is started using port 43672
2019-07-14 16:42:02,156 INFO  ozoneimpl.OzoneContainer (OzoneContainer.java:start(186)) - Attempting to start container services.
2019-07-14 16:42:02,157 INFO  ozoneimpl.OzoneContainer (OzoneContainer.java:startContainerScrub(160)) - Background container scrubber has been disabled by hdds.containerscrub.enabled
2019-07-14 16:42:02,157 INFO  ratis.XceiverServerRatis (XceiverServerRatis.java:start(418)) - Starting XceiverServerRatis 68a5dfdb-c74c-438f-a088-2062485c848e at port 0
2019-07-14 16:42:02,164 INFO  impl.RaftServerProxy (RaftServerProxy.java:lambda$start$3(299)) - 68a5dfdb-c74c-438f-a088-2062485c848e: start RPC server
2019-07-14 16:42:02,166 INFO  server.GrpcService (GrpcService.java:startImpl(149)) - 68a5dfdb-c74c-438f-a088-2062485c848e: GrpcService started, listening on 0.0.0.0/0.0.0.0:37181
2019-07-14 16:42:02,166 INFO  ratis.XceiverServerRatis (XceiverServerRatis.java:start(428)) - XceiverServerRatis 68a5dfdb-c74c-438f-a088-2062485c848e is started using port 37181
2019-07-14 16:42:02,179 INFO  server.XceiverServerGrpc (XceiverServerGrpc.java:start(161)) - XceiverServerGrpc 68a5dfdb-c74c-438f-a088-2062485c848e is started using port 37353
2019-07-14 16:42:02,354 INFO  ozone.MiniOzoneClusterImpl (MiniOzoneClusterImpl.java:lambda$waitForClusterToBeReady$0(142)) - Waiting for cluster to be ready. Got 0 of 7 DN Heartbeats.
2019-07-14 16:42:02,361 INFO  ozoneimpl.OzoneContainer (OzoneContainer.java:start(186)) - Attempting to start container services.
2019-07-14 16:42:02,361 INFO  ozoneimpl.OzoneContainer (OzoneContainer.java:startContainerScrub(160)) - Background container scrubber has been disabled by hdds.containerscrub.enabled
2019-07-14 16:42:02,362 INFO  ratis.XceiverServerRatis (XceiverServerRatis.java:start(418)) - Starting XceiverServerRatis 77d8bfd8-9417-42e4-b630-e55bb18b8339 at port 0
2019-07-14 16:42:02,369 INFO  impl.RaftServerProxy (RaftServerProxy.java:lambda$start$3(299)) - 77d8bfd8-9417-42e4-b630-e55bb18b8339: start RPC server
2019-07-14 16:42:02,373 INFO  server.GrpcService (GrpcService.java:startImpl(149)) - 77d8bfd8-9417-42e4-b630-e55bb18b8339: GrpcService started, listening on 0.0.0.0/0.0.0.0:39034
2019-07-14 16:42:02,373 INFO  ratis.XceiverServerRatis (XceiverServerRatis.java:start(428)) - XceiverServerRatis 77d8bfd8-9417-42e4-b630-e55bb18b8339 is started using port 39034
2019-07-14 16:42:02,390 INFO  server.XceiverServerGrpc (XceiverServerGrpc.java:start(161)) - XceiverServerGrpc 77d8bfd8-9417-42e4-b630-e55bb18b8339 is started using port 36296
2019-07-14 16:42:02,578 INFO  ozoneimpl.OzoneContainer (OzoneContainer.java:start(186)) - Attempting to start container services.
2019-07-14 16:42:02,579 INFO  ozoneimpl.OzoneContainer (OzoneContainer.java:startContainerScrub(160)) - Background container scrubber has been disabled by hdds.containerscrub.enabled
2019-07-14 16:42:02,579 INFO  ratis.XceiverServerRatis (XceiverServerRatis.java:start(418)) - Starting XceiverServerRatis dbf1b2ad-6579-45da-b190-94740564a1fa at port 0
2019-07-14 16:42:02,587 INFO  impl.RaftServerProxy (RaftServerProxy.java:lambda$start$3(299)) - dbf1b2ad-6579-45da-b190-94740564a1fa: start RPC server
2019-07-14 16:42:02,588 INFO  server.GrpcService (GrpcService.java:startImpl(149)) - dbf1b2ad-6579-45da-b190-94740564a1fa: GrpcService started, listening on 0.0.0.0/0.0.0.0:36919
2019-07-14 16:42:02,588 INFO  ratis.XceiverServerRatis (XceiverServerRatis.java:start(428)) - XceiverServerRatis dbf1b2ad-6579-45da-b190-94740564a1fa is started using port 36919
2019-07-14 16:42:02,589 INFO  server.XceiverServerGrpc (XceiverServerGrpc.java:start(161)) - XceiverServerGrpc dbf1b2ad-6579-45da-b190-94740564a1fa is started using port 38514
2019-07-14 16:42:02,816 INFO  ozoneimpl.OzoneContainer (OzoneContainer.java:start(186)) - Attempting to start container services.
2019-07-14 16:42:02,816 INFO  ozoneimpl.OzoneContainer (OzoneContainer.java:startContainerScrub(160)) - Background container scrubber has been disabled by hdds.containerscrub.enabled
2019-07-14 16:42:02,816 INFO  ratis.XceiverServerRatis (XceiverServerRatis.java:start(418)) - Starting XceiverServerRatis 68af30c7-8a35-4a66-abb8-efc332c037f9 at port 0
2019-07-14 16:42:02,824 INFO  impl.RaftServerProxy (RaftServerProxy.java:lambda$start$3(299)) - 68af30c7-8a35-4a66-abb8-efc332c037f9: start RPC server
2019-07-14 16:42:02,830 INFO  server.GrpcService (GrpcService.java:startImpl(149)) - 68af30c7-8a35-4a66-abb8-efc332c037f9: GrpcService started, listening on 0.0.0.0/0.0.0.0:38046
2019-07-14 16:42:02,830 INFO  ratis.XceiverServerRatis (XceiverServerRatis.java:start(428)) - XceiverServerRatis 68af30c7-8a35-4a66-abb8-efc332c037f9 is started using port 38046
2019-07-14 16:42:02,831 INFO  server.XceiverServerGrpc (XceiverServerGrpc.java:start(161)) - XceiverServerGrpc 68af30c7-8a35-4a66-abb8-efc332c037f9 is started using port 43674
2019-07-14 16:42:03,131 INFO  ozoneimpl.OzoneContainer (OzoneContainer.java:start(186)) - Attempting to start container services.
2019-07-14 16:42:03,132 INFO  ozoneimpl.OzoneContainer (OzoneContainer.java:startContainerScrub(160)) - Background container scrubber has been disabled by hdds.containerscrub.enabled
2019-07-14 16:42:03,132 INFO  ratis.XceiverServerRatis (XceiverServerRatis.java:start(418)) - Starting XceiverServerRatis dd198400-d517-4b15-847f-bb9982db363c at port 0
2019-07-14 16:42:03,140 INFO  impl.RaftServerProxy (RaftServerProxy.java:lambda$start$3(299)) - dd198400-d517-4b15-847f-bb9982db363c: start RPC server
2019-07-14 16:42:03,142 INFO  server.GrpcService (GrpcService.java:startImpl(149)) - dd198400-d517-4b15-847f-bb9982db363c: GrpcService started, listening on 0.0.0.0/0.0.0.0:40917
2019-07-14 16:42:03,142 INFO  ratis.XceiverServerRatis (XceiverServerRatis.java:start(428)) - XceiverServerRatis dd198400-d517-4b15-847f-bb9982db363c is started using port 40917
2019-07-14 16:42:03,143 INFO  server.XceiverServerGrpc (XceiverServerGrpc.java:start(161)) - XceiverServerGrpc dd198400-d517-4b15-847f-bb9982db363c is started using port 39978
2019-07-14 16:42:03,354 INFO  ozone.MiniOzoneClusterImpl (MiniOzoneClusterImpl.java:lambda$waitForClusterToBeReady$0(142)) - Waiting for cluster to be ready. Got 0 of 7 DN Heartbeats.
2019-07-14 16:42:03,370 INFO  ozoneimpl.OzoneContainer (OzoneContainer.java:start(186)) - Attempting to start container services.
2019-07-14 16:42:03,371 INFO  ozoneimpl.OzoneContainer (OzoneContainer.java:startContainerScrub(160)) - Background container scrubber has been disabled by hdds.containerscrub.enabled
2019-07-14 16:42:03,371 INFO  ratis.XceiverServerRatis (XceiverServerRatis.java:start(418)) - Starting XceiverServerRatis 0e096a1f-a852-4f95-8c23-22ecb22ee1ce at port 0
2019-07-14 16:42:03,381 INFO  impl.RaftServerProxy (RaftServerProxy.java:lambda$start$3(299)) - 0e096a1f-a852-4f95-8c23-22ecb22ee1ce: start RPC server
2019-07-14 16:42:03,382 INFO  server.GrpcService (GrpcService.java:startImpl(149)) - 0e096a1f-a852-4f95-8c23-22ecb22ee1ce: GrpcService started, listening on 0.0.0.0/0.0.0.0:45883
2019-07-14 16:42:03,383 INFO  ratis.XceiverServerRatis (XceiverServerRatis.java:start(428)) - XceiverServerRatis 0e096a1f-a852-4f95-8c23-22ecb22ee1ce is started using port 45883
2019-07-14 16:42:03,389 INFO  server.XceiverServerGrpc (XceiverServerGrpc.java:start(161)) - XceiverServerGrpc 0e096a1f-a852-4f95-8c23-22ecb22ee1ce is started using port 37101
2019-07-14 16:42:03,895 INFO  net.NetworkTopology (NetworkTopologyImpl.java:add(110)) - Added a new node: /default-rack/192.168.69.77
2019-07-14 16:42:03,899 INFO  node.SCMNodeManager (SCMNodeManager.java:register(269)) - Registered Data node : ce51f40e-6b80-4084-8b29-ef5c0bb939b1{ip: 192.168.69.77, host: pr-hdds-1710-5x6jb-1204890111, networkLocation: /default-rack, certSerialId: null}
2019-07-14 16:42:03,900 INFO  safemode.SCMSafeModeManager (DataNodeSafeModeRule.java:process(71)) - SCM in safe mode. 1 DataNodes registered, 1 required.
2019-07-14 16:42:03,905 INFO  safemode.SCMSafeModeManager (SCMSafeModeManager.java:validateSafeModeExitRules(177)) - ScmSafeModeManager, all rules are successfully validated
2019-07-14 16:42:03,905 INFO  safemode.SCMSafeModeManager (SCMSafeModeManager.java:exitSafeMode(193)) - SCM exiting safe mode.
2019-07-14 16:42:03,933 INFO  impl.RaftServerProxy (RaftServerProxy.java:addNew(89)) - ce51f40e-6b80-4084-8b29-ef5c0bb939b1: addNew group-3CB4675C9B5B:[ce51f40e-6b80-4084-8b29-ef5c0bb939b1:192.168.69.77:45088] returns group-3CB4675C9B5B:java.util.concurrent.CompletableFuture@311c1cb6[Not completed]
2019-07-14 16:42:03,935 INFO  impl.RaftServerImpl (RaftServerImpl.java:<init>(93)) - ce51f40e-6b80-4084-8b29-ef5c0bb939b1: new RaftServerImpl for group-3CB4675C9B5B:[ce51f40e-6b80-4084-8b29-ef5c0bb939b1:192.168.69.77:45088] with ContainerStateMachine:uninitialized
2019-07-14 16:42:03,935 INFO  server.RaftServerConfigKeys (ConfUtils.java:logGet(43)) - raft.server.rpc.timeout.min = 5s (custom)
2019-07-14 16:42:03,936 INFO  server.RaftServerConfigKeys (ConfUtils.java:logGet(43)) - raft.server.rpc.timeout.max = 5200ms (custom)
2019-07-14 16:42:03,936 INFO  server.RaftServerConfigKeys (ConfUtils.java:logGet(43)) - raft.server.rpcslowness.timeout = 120s (custom)
2019-07-14 16:42:03,936 INFO  server.RaftServerConfigKeys (ConfUtils.java:logGet(43)) - raft.server.sleep.deviation.threshold = 300 (default)
2019-07-14 16:42:03,936 INFO  server.RaftServerConfigKeys (ConfUtils.java:logGet(43)) - raft.server.log.appender.install.snapshot.enabled = false (custom)
2019-07-14 16:42:03,936 INFO  impl.RaftServerImpl (ServerState.java:<init>(105)) - ce51f40e-6b80-4084-8b29-ef5c0bb939b1:group-3CB4675C9B5B ConfigurationManager, init=-1: [ce51f40e-6b80-4084-8b29-ef5c0bb939b1:192.168.69.77:45088], old=null, confs=<EMPTY_MAP>
2019-07-14 16:42:03,937 INFO  server.RaftServerConfigKeys (ConfUtils.java:logGet(43)) - raft.server.storage.dir = [/workdir/hadoop-ozone/integration-test/target/test-dir/MiniOzoneClusterImpl-8a2e4dc2-5b92-4f8e-84de-2994ad5ae8e6/datanode-0/data/ratis] (custom)
2019-07-14 16:42:03,937 INFO  storage.RaftStorageDirectory (RaftStorageDirectory.java:analyzeStorage(246)) - The storage directory /workdir/hadoop-ozone/integration-test/target/test-dir/MiniOzoneClusterImpl-8a2e4dc2-5b92-4f8e-84de-2994ad5ae8e6/datanode-0/data/ratis/bcadeb20-2c39-4857-9c70-3cb4675c9b5b does not exist. Creating ...
2019-07-14 16:42:03,950 INFO  storage.RaftStorageDirectory (RaftStorageDirectory.java:tryLock(328)) - Lock on /workdir/hadoop-ozone/integration-test/target/test-dir/MiniOzoneClusterImpl-8a2e4dc2-5b92-4f8e-84de-2994ad5ae8e6/datanode-0/data/ratis/bcadeb20-2c39-4857-9c70-3cb4675c9b5b/in_use.lock acquired by nodename 7323@pr-hdds-1710-5x6jb-1204890111
2019-07-14 16:42:03,981 INFO  storage.RaftStorage (RaftStorage.java:format(72)) - Storage directory /workdir/hadoop-ozone/integration-test/target/test-dir/MiniOzoneClusterImpl-8a2e4dc2-5b92-4f8e-84de-2994ad5ae8e6/datanode-0/data/ratis/bcadeb20-2c39-4857-9c70-3cb4675c9b5b has been successfully formatted.
2019-07-14 16:42:03,981 INFO  ratis.ContainerStateMachine (ContainerStateMachine.java:loadSnapshot(200)) - The snapshot info is null.Setting the last applied index to:(t:0, i:~)
2019-07-14 16:42:03,981 INFO  server.RaftServerConfigKeys (ConfUtils.java:logGet(43)) - raft.server.leader.election.timeout = 120s (custom)
2019-07-14 16:42:03,981 INFO  server.RaftServerConfigKeys (ConfUtils.java:logGet(43)) - raft.server.log.use.memory = false (default)
2019-07-14 16:42:03,982 INFO  server.RaftServerConfigKeys (ConfUtils.java:logGet(43)) - raft.server.log.purge.gap = 1000000000 (custom)
2019-07-14 16:42:03,982 INFO  server.RaftServerConfigKeys (ConfUtils.java:logGet(43)) - raft.server.log.appender.buffer.byte-limit = 33554432 (custom)
2019-07-14 16:42:03,982 INFO  server.RaftServerConfigKeys (ConfUtils.java:logGet(43)) - raft.server.log.segment.size.max = 1048576 (custom)
2019-07-14 16:42:03,982 INFO  server.RaftServerConfigKeys (ConfUtils.java:logGet(43)) - raft.server.log.segment.cache.num.max = 2 (custom)
2019-07-14 16:42:03,982 INFO  segmented.SegmentedRaftLogWorker (SegmentedRaftLogWorker.java:<init>(172)) - new ce51f40e-6b80-4084-8b29-ef5c0bb939b1-SegmentedRaftLogWorker:Storage Directory /workdir/hadoop-ozone/integration-test/target/test-dir/MiniOzoneClusterImpl-8a2e4dc2-5b92-4f8e-84de-2994ad5ae8e6/datanode-0/data/ratis/bcadeb20-2c39-4857-9c70-3cb4675c9b5b for RaftStorage:Storage Directory /workdir/hadoop-ozone/integration-test/target/test-dir/MiniOzoneClusterImpl-8a2e4dc2-5b92-4f8e-84de-2994ad5ae8e6/datanode-0/data/ratis/bcadeb20-2c39-4857-9c70-3cb4675c9b5b
2019-07-14 16:42:03,983 INFO  server.RaftServerConfigKeys (ConfUtils.java:logGet(43)) - raft.server.log.queue.byte-limit = 2147483647 (custom)
2019-07-14 16:42:03,983 INFO  server.RaftServerConfigKeys (ConfUtils.java:logGet(43)) - raft.server.log.queue.element-limit = 1024 (custom)
2019-07-14 16:42:03,983 INFO  server.RaftServerConfigKeys (ConfUtils.java:logGet(43)) - raft.server.log.segment.size.max = 1048576 (custom)
2019-07-14 16:42:03,983 INFO  server.RaftServerConfigKeys (ConfUtils.java:logGet(43)) - raft.server.log.preallocated.size = 16384 (custom)
2019-07-14 16:42:03,984 INFO  server.RaftServerConfigKeys (ConfUtils.java:logGet(43)) - raft.server.log.write.buffer.size = 33554432 (custom)
2019-07-14 16:42:03,984 INFO  server.RaftServerConfigKeys (ConfUtils.java:logGet(43)) - raft.server.log.force.sync.num = 128 (default)
2019-07-14 16:42:03,984 INFO  server.RaftServerConfigKeys (ConfUtils.java:logGet(43)) - raft.server.log.statemachine.data.sync = true (default)
2019-07-14 16:42:03,984 INFO  server.RaftServerConfigKeys (ConfUtils.java:logGet(43)) - raft.server.log.statemachine.data.sync.timeout = 10s (default)
2019-07-14 16:42:03,984 INFO  server.RaftServerConfigKeys (ConfUtils.java:logGet(43)) - raft.server.log.statemachine.data.sync.timeout.retry = -1 (default)
2019-07-14 16:42:03,985 INFO  server.RaftServerConfigKeys (ConfUtils.java:logGet(43)) - raft.server.log.statemachine.data.caching.enabled = true (custom)
2019-07-14 16:42:03,985 INFO  segmented.SegmentedRaftLogWorker (SegmentedRaftLogWorker.java:lambda$new$0(132)) - ce51f40e-6b80-4084-8b29-ef5c0bb939b1-SegmentedRaftLogWorker:Storage Directory /workdir/hadoop-ozone/integration-test/target/test-dir/MiniOzoneClusterImpl-8a2e4dc2-5b92-4f8e-84de-2994ad5ae8e6/datanode-0/data/ratis/bcadeb20-2c39-4857-9c70-3cb4675c9b5b: flushIndex: setUnconditionally 0 -> -1
2019-07-14 16:42:03,986 INFO  server.RaftServerConfigKeys (ConfUtils.java:logGet(43)) - raft.server.snapshot.auto.trigger.enabled = true (custom)
2019-07-14 16:42:03,986 INFO  server.RaftServerConfigKeys (ConfUtils.java:logGet(43)) - raft.server.snapshot.auto.trigger.threshold = 10000 (custom)
2019-07-14 16:42:03,986 INFO  server.RaftServerConfigKeys (ConfUtils.java:logGet(43)) - raft.server.retrycache.expirytime = 600000ms (custom)
2019-07-14 16:42:03,987 INFO  impl.RaftServerImpl (RaftServerImpl.java:start(180)) - ce51f40e-6b80-4084-8b29-ef5c0bb939b1: start group-3CB4675C9B5B
2019-07-14 16:42:03,987 INFO  impl.RaftServerImpl (RaftServerImpl.java:setRole(171)) - ce51f40e-6b80-4084-8b29-ef5c0bb939b1:group-3CB4675C9B5B changes role from null to FOLLOWER at term 0 for startAsFollower
2019-07-14 16:42:03,987 INFO  impl.RoleInfo (RoleInfo.java:updateAndGet(143)) - ce51f40e-6b80-4084-8b29-ef5c0bb939b1: start FollowerState
2019-07-14 16:42:03,988 INFO  util.JmxRegister (JmxRegister.java:tryRegister(44)) - Successfully registered JMX Bean with object name Ratis:service=RaftServer,group=group-3CB4675C9B5B,id=ce51f40e-6b80-4084-8b29-ef5c0bb939b1
2019-07-14 16:42:03,998 INFO  pipeline.PipelineStateManager (PipelineStateManager.java:addPipeline(56)) - Created pipeline Pipeline[ Id: bcadeb20-2c39-4857-9c70-3cb4675c9b5b, Nodes: ce51f40e-6b80-4084-8b29-ef5c0bb939b1{ip: 192.168.69.77, host: pr-hdds-1710-5x6jb-1204890111, networkLocation: /default-rack, certSerialId: null}, Type:RATIS, Factor:ONE, State:OPEN]
2019-07-14 16:42:04,139 INFO  node.SCMNodeManager (SCMNodeManager.java:register(269)) - Registered Data node : 68a5dfdb-c74c-438f-a088-2062485c848e{ip: 192.168.69.77, host: pr-hdds-1710-5x6jb-1204890111, networkLocation: /default-rack, certSerialId: null}
2019-07-14 16:42:04,160 INFO  impl.RaftServerProxy (RaftServerProxy.java:addNew(89)) - 68a5dfdb-c74c-438f-a088-2062485c848e: addNew group-DF00E9C52F19:[68a5dfdb-c74c-438f-a088-2062485c848e:192.168.69.77:37181] returns group-DF00E9C52F19:java.util.concurrent.CompletableFuture@a95220f[Not completed]
2019-07-14 16:42:04,162 INFO  impl.RaftServerImpl (RaftServerImpl.java:<init>(93)) - 68a5dfdb-c74c-438f-a088-2062485c848e: new RaftServerImpl for group-DF00E9C52F19:[68a5dfdb-c74c-438f-a088-2062485c848e:192.168.69.77:37181] with ContainerStateMachine:uninitialized
2019-07-14 16:42:04,163 INFO  server.RaftServerConfigKeys (ConfUtils.java:logGet(43)) - raft.server.rpc.timeout.min = 5s (custom)
2019-07-14 16:42:04,163 INFO  server.RaftServerConfigKeys (ConfUtils.java:logGet(43)) - raft.server.rpc.timeout.max = 5200ms (custom)
2019-07-14 16:42:04,163 INFO  server.RaftServerConfigKeys (ConfUtils.java:logGet(43)) - raft.server.rpcslowness.timeout = 120s (custom)
2019-07-14 16:42:04,163 INFO  server.RaftServerConfigKeys (ConfUtils.java:logGet(43)) - raft.server.sleep.deviation.threshold = 300 (default)
2019-07-14 16:42:04,163 INFO  server.RaftServerConfigKeys (ConfUtils.java:logGet(43)) - raft.server.log.appender.install.snapshot.enabled = false (custom)
2019-07-14 16:42:04,164 INFO  impl.RaftServerImpl (ServerState.java:<init>(105)) - 68a5dfdb-c74c-438f-a088-2062485c848e:group-DF00E9C52F19 ConfigurationManager, init=-1: [68a5dfdb-c74c-438f-a088-2062485c848e:192.168.69.77:37181], old=null, confs=<EMPTY_MAP>
2019-07-14 16:42:04,164 INFO  server.RaftServerConfigKeys (ConfUtils.java:logGet(43)) - raft.server.storage.dir = [/workdir/hadoop-ozone/integration-test/target/test-dir/MiniOzoneClusterImpl-8a2e4dc2-5b92-4f8e-84de-2994ad5ae8e6/datanode-1/data/ratis] (custom)
2019-07-14 16:42:04,164 INFO  storage.RaftStorageDirectory (RaftStorageDirectory.java:analyzeStorage(246)) - The storage directory /workdir/hadoop-ozone/integration-test/target/test-dir/MiniOzoneClusterImpl-8a2e4dc2-5b92-4f8e-84de-2994ad5ae8e6/datanode-1/data/ratis/37983371-7f30-49cc-8836-df00e9c52f19 does not exist. Creating ...
2019-07-14 16:42:04,178 INFO  storage.RaftStorageDirectory (RaftStorageDirectory.java:tryLock(328)) - Lock on /workdir/hadoop-ozone/integration-test/target/test-dir/MiniOzoneClusterImpl-8a2e4dc2-5b92-4f8e-84de-2994ad5ae8e6/datanode-1/data/ratis/37983371-7f30-49cc-8836-df00e9c52f19/in_use.lock acquired by nodename 7323@pr-hdds-1710-5x6jb-1204890111
2019-07-14 16:42:04,191 INFO  storage.RaftStorage (RaftStorage.java:format(72)) - Storage directory /workdir/hadoop-ozone/integration-test/target/test-dir/MiniOzoneClusterImpl-8a2e4dc2-5b92-4f8e-84de-2994ad5ae8e6/datanode-1/data/ratis/37983371-7f30-49cc-8836-df00e9c52f19 has been successfully formatted.
2019-07-14 16:42:04,192 INFO  ratis.ContainerStateMachine (ContainerStateMachine.java:loadSnapshot(200)) - The snapshot info is null.Setting the last applied index to:(t:0, i:~)
2019-07-14 16:42:04,192 INFO  server.RaftServerConfigKeys (ConfUtils.java:logGet(43)) - raft.server.leader.election.timeout = 120s (custom)
2019-07-14 16:42:04,192 INFO  server.RaftServerConfigKeys (ConfUtils.java:logGet(43)) - raft.server.log.use.memory = false (default)
2019-07-14 16:42:04,192 INFO  server.RaftServerConfigKeys (ConfUtils.java:logGet(43)) - raft.server.log.purge.gap = 1000000000 (custom)
2019-07-14 16:42:04,192 INFO  server.RaftServerConfigKeys (ConfUtils.java:logGet(43)) - raft.server.log.appender.buffer.byte-limit = 33554432 (custom)
2019-07-14 16:42:04,193 INFO  server.RaftServerConfigKeys (ConfUtils.java:logGet(43)) - raft.server.log.segment.size.max = 1048576 (custom)
2019-07-14 16:42:04,193 INFO  server.RaftServerConfigKeys (ConfUtils.java:logGet(43)) - raft.server.log.segment.cache.num.max = 2 (custom)
2019-07-14 16:42:04,193 INFO  segmented.SegmentedRaftLogWorker (SegmentedRaftLogWorker.java:<init>(172)) - new 68a5dfdb-c74c-438f-a088-2062485c848e-SegmentedRaftLogWorker:Storage Directory /workdir/hadoop-ozone/integration-test/target/test-dir/MiniOzoneClusterImpl-8a2e4dc2-5b92-4f8e-84de-2994ad5ae8e6/datanode-1/data/ratis/37983371-7f30-49cc-8836-df00e9c52f19 for RaftStorage:Storage Directory /workdir/hadoop-ozone/integration-test/target/test-dir/MiniOzoneClusterImpl-8a2e4dc2-5b92-4f8e-84de-2994ad5ae8e6/datanode-1/data/ratis/37983371-7f30-49cc-8836-df00e9c52f19
2019-07-14 16:42:04,193 INFO  server.RaftServerConfigKeys (ConfUtils.java:logGet(43)) - raft.server.log.queue.byte-limit = 2147483647 (custom)
2019-07-14 16:42:04,193 INFO  server.RaftServerConfigKeys (ConfUtils.java:logGet(43)) - raft.server.log.queue.element-limit = 1024 (custom)
2019-07-14 16:42:04,194 INFO  server.RaftServerConfigKeys (ConfUtils.java:logGet(43)) - raft.server.log.segment.size.max = 1048576 (custom)
2019-07-14 16:42:04,194 INFO  server.RaftServerConfigKeys (ConfUtils.java:logGet(43)) - raft.server.log.preallocated.size = 16384 (custom)
2019-07-14 16:42:04,194 INFO  server.RaftServerConfigKeys (ConfUtils.java:logGet(43)) - raft.server.log.write.buffer.size = 33554432 (custom)
2019-07-14 16:42:04,194 INFO  server.RaftServerConfigKeys (ConfUtils.java:logGet(43)) - raft.server.log.force.sync.num = 128 (default)
2019-07-14 16:42:04,194 INFO  server.RaftServerConfigKeys (ConfUtils.java:logGet(43)) - raft.server.log.statemachine.data.sync = true (default)
2019-07-14 16:42:04,195 INFO  server.RaftServerConfigKeys (ConfUtils.java:logGet(43)) - raft.server.log.statemachine.data.sync.timeout = 10s (default)
2019-07-14 16:42:04,195 INFO  server.RaftServerConfigKeys (ConfUtils.java:logGet(43)) - raft.server.log.statemachine.data.sync.timeout.retry = -1 (default)
2019-07-14 16:42:04,195 INFO  server.RaftServerConfigKeys (ConfUtils.java:logGet(43)) - raft.server.log.statemachine.data.caching.enabled = true (custom)
2019-07-14 16:42:04,196 INFO  segmented.SegmentedRaftLogWorker (SegmentedRaftLogWorker.java:lambda$new$0(132)) - 68a5dfdb-c74c-438f-a088-2062485c848e-SegmentedRaftLogWorker:Storage Directory /workdir/hadoop-ozone/integration-test/target/test-dir/MiniOzoneClusterImpl-8a2e4dc2-5b92-4f8e-84de-2994ad5ae8e6/datanode-1/data/ratis/37983371-7f30-49cc-8836-df00e9c52f19: flushIndex: setUnconditionally 0 -> -1
2019-07-14 16:42:04,196 INFO  server.RaftServerConfigKeys (ConfUtils.java:logGet(43)) - raft.server.snapshot.auto.trigger.enabled = true (custom)
2019-07-14 16:42:04,196 INFO  server.RaftServerConfigKeys (ConfUtils.java:logGet(43)) - raft.server.snapshot.auto.trigger.threshold = 10000 (custom)
2019-07-14 16:42:04,196 INFO  server.RaftServerConfigKeys (ConfUtils.java:logGet(43)) - raft.server.retrycache.expirytime = 600000ms (custom)
2019-07-14 16:42:04,197 INFO  impl.RaftServerImpl (RaftServerImpl.java:start(180)) - 68a5dfdb-c74c-438f-a088-2062485c848e: start group-DF00E9C52F19
2019-07-14 16:42:04,197 INFO  impl.RaftServerImpl (RaftServerImpl.java:setRole(171)) - 68a5dfdb-c74c-438f-a088-2062485c848e:group-DF00E9C52F19 changes role from null to FOLLOWER at term 0 for startAsFollower
2019-07-14 16:42:04,197 INFO  impl.RoleInfo (RoleInfo.java:updateAndGet(143)) - 68a5dfdb-c74c-438f-a088-2062485c848e: start FollowerState
2019-07-14 16:42:04,198 INFO  util.JmxRegister (JmxRegister.java:tryRegister(44)) - Successfully registered JMX Bean with object name Ratis:service=RaftServer,group=group-DF00E9C52F19,id=68a5dfdb-c74c-438f-a088-2062485c848e
2019-07-14 16:42:04,206 INFO  pipeline.PipelineStateManager (PipelineStateManager.java:addPipeline(56)) - Created pipeline Pipeline[ Id: 37983371-7f30-49cc-8836-df00e9c52f19, Nodes: 68a5dfdb-c74c-438f-a088-2062485c848e{ip: 192.168.69.77, host: pr-hdds-1710-5x6jb-1204890111, networkLocation: /default-rack, certSerialId: null}, Type:RATIS, Factor:ONE, State:OPEN]
2019-07-14 16:42:04,347 INFO  node.SCMNodeManager (SCMNodeManager.java:register(269)) - Registered Data node : 77d8bfd8-9417-42e4-b630-e55bb18b8339{ip: 192.168.69.77, host: pr-hdds-1710-5x6jb-1204890111, networkLocation: /default-rack, certSerialId: null}
2019-07-14 16:42:04,358 INFO  ozone.MiniOzoneClusterImpl (MiniOzoneClusterImpl.java:lambda$waitForClusterToBeReady$0(142)) - Waiting for cluster to be ready. Got 3 of 7 DN Heartbeats.
2019-07-14 16:42:04,372 INFO  impl.RaftServerProxy (RaftServerProxy.java:addNew(89)) - 77d8bfd8-9417-42e4-b630-e55bb18b8339: addNew group-03C413E94950:[77d8bfd8-9417-42e4-b630-e55bb18b8339:192.168.69.77:39034] returns group-03C413E94950:java.util.concurrent.CompletableFuture@3deda3bc[Not completed]
2019-07-14 16:42:04,373 INFO  impl.RaftServerImpl (RaftServerImpl.java:<init>(93)) - 77d8bfd8-9417-42e4-b630-e55bb18b8339: new RaftServerImpl for group-03C413E94950:[77d8bfd8-9417-42e4-b630-e55bb18b8339:192.168.69.77:39034] with ContainerStateMachine:uninitialized
2019-07-14 16:42:04,373 INFO  server.RaftServerConfigKeys (ConfUtils.java:logGet(43)) - raft.server.rpc.timeout.min = 5s (custom)
2019-07-14 16:42:04,374 INFO  server.RaftServerConfigKeys (ConfUtils.java:logGet(43)) - raft.server.rpc.timeout.max = 5200ms (custom)
2019-07-14 16:42:04,374 INFO  server.RaftServerConfigKeys (ConfUtils.java:logGet(43)) - raft.server.rpcslowness.timeout = 120s (custom)
2019-07-14 16:42:04,374 INFO  server.RaftServerConfigKeys (ConfUtils.java:logGet(43)) - raft.server.sleep.deviation.threshold = 300 (default)
2019-07-14 16:42:04,374 INFO  server.RaftServerConfigKeys (ConfUtils.java:logGet(43)) - raft.server.log.appender.install.snapshot.enabled = false (custom)
2019-07-14 16:42:04,374 INFO  impl.RaftServerImpl (ServerState.java:<init>(105)) - 77d8bfd8-9417-42e4-b630-e55bb18b8339:group-03C413E94950 ConfigurationManager, init=-1: [77d8bfd8-9417-42e4-b630-e55bb18b8339:192.168.69.77:39034], old=null, confs=<EMPTY_MAP>
2019-07-14 16:42:04,374 INFO  server.RaftServerConfigKeys (ConfUtils.java:logGet(43)) - raft.server.storage.dir = [/workdir/hadoop-ozone/integration-test/target/test-dir/MiniOzoneClusterImpl-8a2e4dc2-5b92-4f8e-84de-2994ad5ae8e6/datanode-2/data/ratis] (custom)
2019-07-14 16:42:04,375 INFO  storage.RaftStorageDirectory (RaftStorageDirectory.java:analyzeStorage(246)) - The storage directory /workdir/hadoop-ozone/integration-test/target/test-dir/MiniOzoneClusterImpl-8a2e4dc2-5b92-4f8e-84de-2994ad5ae8e6/datanode-2/data/ratis/63171287-f45b-4264-bf67-03c413e94950 does not exist. Creating ...
2019-07-14 16:42:04,388 INFO  storage.RaftStorageDirectory (RaftStorageDirectory.java:tryLock(328)) - Lock on /workdir/hadoop-ozone/integration-test/target/test-dir/MiniOzoneClusterImpl-8a2e4dc2-5b92-4f8e-84de-2994ad5ae8e6/datanode-2/data/ratis/63171287-f45b-4264-bf67-03c413e94950/in_use.lock acquired by nodename 7323@pr-hdds-1710-5x6jb-1204890111
2019-07-14 16:42:04,401 INFO  storage.RaftStorage (RaftStorage.java:format(72)) - Storage directory /workdir/hadoop-ozone/integration-test/target/test-dir/MiniOzoneClusterImpl-8a2e4dc2-5b92-4f8e-84de-2994ad5ae8e6/datanode-2/data/ratis/63171287-f45b-4264-bf67-03c413e94950 has been successfully formatted.
2019-07-14 16:42:04,401 INFO  ratis.ContainerStateMachine (ContainerStateMachine.java:loadSnapshot(200)) - The snapshot info is null.Setting the last applied index to:(t:0, i:~)
2019-07-14 16:42:04,401 INFO  server.RaftServerConfigKeys (ConfUtils.java:logGet(43)) - raft.server.leader.election.timeout = 120s (custom)
2019-07-14 16:42:04,402 INFO  server.RaftServerConfigKeys (ConfUtils.java:logGet(43)) - raft.server.log.use.memory = false (default)
2019-07-14 16:42:04,402 INFO  server.RaftServerConfigKeys (ConfUtils.java:logGet(43)) - raft.server.log.purge.gap = 1000000000 (custom)
2019-07-14 16:42:04,402 INFO  server.RaftServerConfigKeys (ConfUtils.java:logGet(43)) - raft.server.log.appender.buffer.byte-limit = 33554432 (custom)
2019-07-14 16:42:04,402 INFO  server.RaftServerConfigKeys (ConfUtils.java:logGet(43)) - raft.server.log.segment.size.max = 1048576 (custom)
2019-07-14 16:42:04,402 INFO  server.RaftServerConfigKeys (ConfUtils.java:logGet(43)) - raft.server.log.segment.cache.num.max = 2 (custom)
2019-07-14 16:42:04,402 INFO  segmented.SegmentedRaftLogWorker (SegmentedRaftLogWorker.java:<init>(172)) - new 77d8bfd8-9417-42e4-b630-e55bb18b8339-SegmentedRaftLogWorker:Storage Directory /workdir/hadoop-ozone/integration-test/target/test-dir/MiniOzoneClusterImpl-8a2e4dc2-5b92-4f8e-84de-2994ad5ae8e6/datanode-2/data/ratis/63171287-f45b-4264-bf67-03c413e94950 for RaftStorage:Storage Directory /workdir/hadoop-ozone/integration-test/target/test-dir/MiniOzoneClusterImpl-8a2e4dc2-5b92-4f8e-84de-2994ad5ae8e6/datanode-2/data/ratis/63171287-f45b-4264-bf67-03c413e94950
2019-07-14 16:42:04,403 INFO  server.RaftServerConfigKeys (ConfUtils.java:logGet(43)) - raft.server.log.queue.byte-limit = 2147483647 (custom)
2019-07-14 16:42:04,403 INFO  server.RaftServerConfigKeys (ConfUtils.java:logGet(43)) - raft.server.log.queue.element-limit = 1024 (custom)
2019-07-14 16:42:04,403 INFO  server.RaftServerConfigKeys (ConfUtils.java:logGet(43)) - raft.server.log.segment.size.max = 1048576 (custom)
2019-07-14 16:42:04,403 INFO  server.RaftServerConfigKeys (ConfUtils.java:logGet(43)) - raft.server.log.preallocated.size = 16384 (custom)
2019-07-14 16:42:04,403 INFO  server.RaftServerConfigKeys (ConfUtils.java:logGet(43)) - raft.server.log.write.buffer.size = 33554432 (custom)
2019-07-14 16:42:04,404 INFO  server.RaftServerConfigKeys (ConfUtils.java:logGet(43)) - raft.server.log.force.sync.num = 128 (default)
2019-07-14 16:42:04,404 INFO  server.RaftServerConfigKeys (ConfUtils.java:logGet(43)) - raft.server.log.statemachine.data.sync = true (default)
2019-07-14 16:42:04,404 INFO  server.RaftServerConfigKeys (ConfUtils.java:logGet(43)) - raft.server.log.statemachine.data.sync.timeout = 10s (default)
2019-07-14 16:42:04,404 INFO  server.RaftServerConfigKeys (ConfUtils.java:logGet(43)) - raft.server.log.statemachine.data.sync.timeout.retry = -1 (default)
2019-07-14 16:42:04,405 INFO  server.RaftServerConfigKeys (ConfUtils.java:logGet(43)) - raft.server.log.statemachine.data.caching.enabled = true (custom)
2019-07-14 16:42:04,405 INFO  segmented.SegmentedRaftLogWorker (SegmentedRaftLogWorker.java:lambda$new$0(132)) - 77d8bfd8-9417-42e4-b630-e55bb18b8339-SegmentedRaftLogWorker:Storage Directory /workdir/hadoop-ozone/integration-test/target/test-dir/MiniOzoneClusterImpl-8a2e4dc2-5b92-4f8e-84de-2994ad5ae8e6/datanode-2/data/ratis/63171287-f45b-4264-bf67-03c413e94950: flushIndex: setUnconditionally 0 -> -1
2019-07-14 16:42:04,405 INFO  server.RaftServerConfigKeys (ConfUtils.java:logGet(43)) - raft.server.snapshot.auto.trigger.enabled = true (custom)
2019-07-14 16:42:04,405 INFO  server.RaftServerConfigKeys (ConfUtils.java:logGet(43)) - raft.server.snapshot.auto.trigger.threshold = 10000 (custom)
2019-07-14 16:42:04,406 INFO  server.RaftServerConfigKeys (ConfUtils.java:logGet(43)) - raft.server.retrycache.expirytime = 600000ms (custom)
2019-07-14 16:42:04,406 INFO  impl.RaftServerImpl (RaftServerImpl.java:start(180)) - 77d8bfd8-9417-42e4-b630-e55bb18b8339: start group-03C413E94950
2019-07-14 16:42:04,406 INFO  impl.RaftServerImpl (RaftServerImpl.java:setRole(171)) - 77d8bfd8-9417-42e4-b630-e55bb18b8339:group-03C413E94950 changes role from null to FOLLOWER at term 0 for startAsFollower
2019-07-14 16:42:04,406 INFO  impl.RoleInfo (RoleInfo.java:updateAndGet(143)) - 77d8bfd8-9417-42e4-b630-e55bb18b8339: start FollowerState
2019-07-14 16:42:04,407 INFO  util.JmxRegister (JmxRegister.java:tryRegister(44)) - Successfully registered JMX Bean with object name Ratis:service=RaftServer,group=group-03C413E94950,id=77d8bfd8-9417-42e4-b630-e55bb18b8339
2019-07-14 16:42:04,415 INFO  pipeline.PipelineStateManager (PipelineStateManager.java:addPipeline(56)) - Created pipeline Pipeline[ Id: 63171287-f45b-4264-bf67-03c413e94950, Nodes: 77d8bfd8-9417-42e4-b630-e55bb18b8339{ip: 192.168.69.77, host: pr-hdds-1710-5x6jb-1204890111, networkLocation: /default-rack, certSerialId: null}, Type:RATIS, Factor:ONE, State:OPEN]
2019-07-14 16:42:04,461 INFO  impl.RaftServerProxy (RaftServerProxy.java:addNew(89)) - 68a5dfdb-c74c-438f-a088-2062485c848e: addNew group-5DE829442D67:[77d8bfd8-9417-42e4-b630-e55bb18b8339:192.168.69.77:39034, 68a5dfdb-c74c-438f-a088-2062485c848e:192.168.69.77:37181, ce51f40e-6b80-4084-8b29-ef5c0bb939b1:192.168.69.77:45088] returns group-5DE829442D67:java.util.concurrent.CompletableFuture@bc41828[Not completed]
2019-07-14 16:42:04,462 INFO  impl.RaftServerProxy (RaftServerProxy.java:addNew(89)) - ce51f40e-6b80-4084-8b29-ef5c0bb939b1: addNew group-5DE829442D67:[77d8bfd8-9417-42e4-b630-e55bb18b8339:192.168.69.77:39034, 68a5dfdb-c74c-438f-a088-2062485c848e:192.168.69.77:37181, ce51f40e-6b80-4084-8b29-ef5c0bb939b1:192.168.69.77:45088] returns group-5DE829442D67:java.util.concurrent.CompletableFuture@21b3f066[Not completed]
2019-07-14 16:42:04,462 INFO  impl.RaftServerProxy (RaftServerProxy.java:addNew(89)) - 77d8bfd8-9417-42e4-b630-e55bb18b8339: addNew group-5DE829442D67:[77d8bfd8-9417-42e4-b630-e55bb18b8339:192.168.69.77:39034, 68a5dfdb-c74c-438f-a088-2062485c848e:192.168.69.77:37181, ce51f40e-6b80-4084-8b29-ef5c0bb939b1:192.168.69.77:45088] returns group-5DE829442D67:java.util.concurrent.CompletableFuture@2ef42984[Not completed]
2019-07-14 16:42:04,463 INFO  impl.RaftServerImpl (RaftServerImpl.java:<init>(93)) - 68a5dfdb-c74c-438f-a088-2062485c848e: new RaftServerImpl for group-5DE829442D67:[77d8bfd8-9417-42e4-b630-e55bb18b8339:192.168.69.77:39034, 68a5dfdb-c74c-438f-a088-2062485c848e:192.168.69.77:37181, ce51f40e-6b80-4084-8b29-ef5c0bb939b1:192.168.69.77:45088] with ContainerStateMachine:uninitialized
2019-07-14 16:42:04,463 INFO  server.RaftServerConfigKeys (ConfUtils.java:logGet(43)) - raft.server.rpc.timeout.min = 5s (custom)
2019-07-14 16:42:04,463 INFO  server.RaftServerConfigKeys (ConfUtils.java:logGet(43)) - raft.server.rpc.timeout.max = 5200ms (custom)
2019-07-14 16:42:04,463 INFO  server.RaftServerConfigKeys (ConfUtils.java:logGet(43)) - raft.server.rpcslowness.timeout = 120s (custom)
2019-07-14 16:42:04,463 INFO  server.RaftServerConfigKeys (ConfUtils.java:logGet(43)) - raft.server.sleep.deviation.threshold = 300 (default)
2019-07-14 16:42:04,464 INFO  server.RaftServerConfigKeys (ConfUtils.java:logGet(43)) - raft.server.log.appender.install.snapshot.enabled = false (custom)
2019-07-14 16:42:04,464 INFO  impl.RaftServerImpl (RaftServerImpl.java:<init>(93)) - 77d8bfd8-9417-42e4-b630-e55bb18b8339: new RaftServerImpl for group-5DE829442D67:[77d8bfd8-9417-42e4-b630-e55bb18b8339:192.168.69.77:39034, 68a5dfdb-c74c-438f-a088-2062485c848e:192.168.69.77:37181, ce51f40e-6b80-4084-8b29-ef5c0bb939b1:192.168.69.77:45088] with ContainerStateMachine:uninitialized
2019-07-14 16:42:04,464 INFO  impl.RaftServerImpl (ServerState.java:<init>(105)) - 68a5dfdb-c74c-438f-a088-2062485c848e:group-5DE829442D67 ConfigurationManager, init=-1: [77d8bfd8-9417-42e4-b630-e55bb18b8339:192.168.69.77:39034, 68a5dfdb-c74c-438f-a088-2062485c848e:192.168.69.77:37181, ce51f40e-6b80-4084-8b29-ef5c0bb939b1:192.168.69.77:45088], old=null, confs=<EMPTY_MAP>
2019-07-14 16:42:04,464 INFO  server.RaftServerConfigKeys (ConfUtils.java:logGet(43)) - raft.server.rpc.timeout.min = 5s (custom)
2019-07-14 16:42:04,464 INFO  server.RaftServerConfigKeys (ConfUtils.java:logGet(43)) - raft.server.storage.dir = [/workdir/hadoop-ozone/integration-test/target/test-dir/MiniOzoneClusterImpl-8a2e4dc2-5b92-4f8e-84de-2994ad5ae8e6/datanode-1/data/ratis] (custom)
2019-07-14 16:42:04,464 INFO  server.RaftServerConfigKeys (ConfUtils.java:logGet(43)) - raft.server.rpc.timeout.max = 5200ms (custom)
2019-07-14 16:42:04,465 INFO  impl.RaftServerImpl (RaftServerImpl.java:<init>(93)) - ce51f40e-6b80-4084-8b29-ef5c0bb939b1: new RaftServerImpl for group-5DE829442D67:[77d8bfd8-9417-42e4-b630-e55bb18b8339:192.168.69.77:39034, 68a5dfdb-c74c-438f-a088-2062485c848e:192.168.69.77:37181, ce51f40e-6b80-4084-8b29-ef5c0bb939b1:192.168.69.77:45088] with ContainerStateMachine:uninitialized
2019-07-14 16:42:04,465 INFO  storage.RaftStorageDirectory (RaftStorageDirectory.java:analyzeStorage(246)) - The storage directory /workdir/hadoop-ozone/integration-test/target/test-dir/MiniOzoneClusterImpl-8a2e4dc2-5b92-4f8e-84de-2994ad5ae8e6/datanode-1/data/ratis/1a438493-0a42-4579-a62b-5de829442d67 does not exist. Creating ...
2019-07-14 16:42:04,465 INFO  server.RaftServerConfigKeys (ConfUtils.java:logGet(43)) - raft.server.rpcslowness.timeout = 120s (custom)
2019-07-14 16:42:04,465 INFO  server.RaftServerConfigKeys (ConfUtils.java:logGet(43)) - raft.server.rpc.timeout.min = 5s (custom)
2019-07-14 16:42:04,466 INFO  server.RaftServerConfigKeys (ConfUtils.java:logGet(43)) - raft.server.sleep.deviation.threshold = 300 (default)
2019-07-14 16:42:04,466 INFO  server.RaftServerConfigKeys (ConfUtils.java:logGet(43)) - raft.server.rpc.timeout.max = 5200ms (custom)
2019-07-14 16:42:04,466 INFO  server.RaftServerConfigKeys (ConfUtils.java:logGet(43)) - raft.server.log.appender.install.snapshot.enabled = false (custom)
2019-07-14 16:42:04,466 INFO  server.RaftServerConfigKeys (ConfUtils.java:logGet(43)) - raft.server.rpcslowness.timeout = 120s (custom)
2019-07-14 16:42:04,466 INFO  impl.RaftServerImpl (ServerState.java:<init>(105)) - 77d8bfd8-9417-42e4-b630-e55bb18b8339:group-5DE829442D67 ConfigurationManager, init=-1: [77d8bfd8-9417-42e4-b630-e55bb18b8339:192.168.69.77:39034, 68a5dfdb-c74c-438f-a088-2062485c848e:192.168.69.77:37181, ce51f40e-6b80-4084-8b29-ef5c0bb939b1:192.168.69.77:45088], old=null, confs=<EMPTY_MAP>
2019-07-14 16:42:04,467 INFO  server.RaftServerConfigKeys (ConfUtils.java:logGet(43)) - raft.server.sleep.deviation.threshold = 300 (default)
2019-07-14 16:42:04,467 INFO  server.RaftServerConfigKeys (ConfUtils.java:logGet(43)) - raft.server.storage.dir = [/workdir/hadoop-ozone/integration-test/target/test-dir/MiniOzoneClusterImpl-8a2e4dc2-5b92-4f8e-84de-2994ad5ae8e6/datanode-2/data/ratis] (custom)
2019-07-14 16:42:04,467 INFO  server.RaftServerConfigKeys (ConfUtils.java:logGet(43)) - raft.server.log.appender.install.snapshot.enabled = false (custom)
2019-07-14 16:42:04,467 INFO  impl.RaftServerImpl (ServerState.java:<init>(105)) - ce51f40e-6b80-4084-8b29-ef5c0bb939b1:group-5DE829442D67 ConfigurationManager, init=-1: [77d8bfd8-9417-42e4-b630-e55bb18b8339:192.168.69.77:39034, 68a5dfdb-c74c-438f-a088-2062485c848e:192.168.69.77:37181, ce51f40e-6b80-4084-8b29-ef5c0bb939b1:192.168.69.77:45088], old=null, confs=<EMPTY_MAP>
2019-07-14 16:42:04,468 INFO  storage.RaftStorageDirectory (RaftStorageDirectory.java:analyzeStorage(246)) - The storage directory /workdir/hadoop-ozone/integration-test/target/test-dir/MiniOzoneClusterImpl-8a2e4dc2-5b92-4f8e-84de-2994ad5ae8e6/datanode-2/data/ratis/1a438493-0a42-4579-a62b-5de829442d67 does not exist. Creating ...
2019-07-14 16:42:04,468 INFO  server.RaftServerConfigKeys (ConfUtils.java:logGet(43)) - raft.server.storage.dir = [/workdir/hadoop-ozone/integration-test/target/test-dir/MiniOzoneClusterImpl-8a2e4dc2-5b92-4f8e-84de-2994ad5ae8e6/datanode-0/data/ratis] (custom)
2019-07-14 16:42:04,469 INFO  storage.RaftStorageDirectory (RaftStorageDirectory.java:analyzeStorage(246)) - The storage directory /workdir/hadoop-ozone/integration-test/target/test-dir/MiniOzoneClusterImpl-8a2e4dc2-5b92-4f8e-84de-2994ad5ae8e6/datanode-0/data/ratis/1a438493-0a42-4579-a62b-5de829442d67 does not exist. Creating ...
2019-07-14 16:42:04,479 INFO  storage.RaftStorageDirectory (RaftStorageDirectory.java:tryLock(328)) - Lock on /workdir/hadoop-ozone/integration-test/target/test-dir/MiniOzoneClusterImpl-8a2e4dc2-5b92-4f8e-84de-2994ad5ae8e6/datanode-1/data/ratis/1a438493-0a42-4579-a62b-5de829442d67/in_use.lock acquired by nodename 7323@pr-hdds-1710-5x6jb-1204890111
2019-07-14 16:42:04,479 INFO  storage.RaftStorageDirectory (RaftStorageDirectory.java:tryLock(328)) - Lock on /workdir/hadoop-ozone/integration-test/target/test-dir/MiniOzoneClusterImpl-8a2e4dc2-5b92-4f8e-84de-2994ad5ae8e6/datanode-0/data/ratis/1a438493-0a42-4579-a62b-5de829442d67/in_use.lock acquired by nodename 7323@pr-hdds-1710-5x6jb-1204890111
2019-07-14 16:42:04,479 INFO  storage.RaftStorageDirectory (RaftStorageDirectory.java:tryLock(328)) - Lock on /workdir/hadoop-ozone/integration-test/target/test-dir/MiniOzoneClusterImpl-8a2e4dc2-5b92-4f8e-84de-2994ad5ae8e6/datanode-2/data/ratis/1a438493-0a42-4579-a62b-5de829442d67/in_use.lock acquired by nodename 7323@pr-hdds-1710-5x6jb-1204890111
2019-07-14 16:42:04,493 INFO  storage.RaftStorage (RaftStorage.java:format(72)) - Storage directory /workdir/hadoop-ozone/integration-test/target/test-dir/MiniOzoneClusterImpl-8a2e4dc2-5b92-4f8e-84de-2994ad5ae8e6/datanode-1/data/ratis/1a438493-0a42-4579-a62b-5de829442d67 has been successfully formatted.
2019-07-14 16:42:04,493 INFO  storage.RaftStorage (RaftStorage.java:format(72)) - Storage directory /workdir/hadoop-ozone/integration-test/target/test-dir/MiniOzoneClusterImpl-8a2e4dc2-5b92-4f8e-84de-2994ad5ae8e6/datanode-0/data/ratis/1a438493-0a42-4579-a62b-5de829442d67 has been successfully formatted.
2019-07-14 16:42:04,493 INFO  storage.RaftStorage (RaftStorage.java:format(72)) - Storage directory /workdir/hadoop-ozone/integration-test/target/test-dir/MiniOzoneClusterImpl-8a2e4dc2-5b92-4f8e-84de-2994ad5ae8e6/datanode-2/data/ratis/1a438493-0a42-4579-a62b-5de829442d67 has been successfully formatted.
2019-07-14 16:42:04,494 INFO  ratis.ContainerStateMachine (ContainerStateMachine.java:loadSnapshot(200)) - The snapshot info is null.Setting the last applied index to:(t:0, i:~)
2019-07-14 16:42:04,494 INFO  ratis.ContainerStateMachine (ContainerStateMachine.java:loadSnapshot(200)) - The snapshot info is null.Setting the last applied index to:(t:0, i:~)
2019-07-14 16:42:04,494 INFO  ratis.ContainerStateMachine (ContainerStateMachine.java:loadSnapshot(200)) - The snapshot info is null.Setting the last applied index to:(t:0, i:~)
2019-07-14 16:42:04,494 INFO  server.RaftServerConfigKeys (ConfUtils.java:logGet(43)) - raft.server.leader.election.timeout = 120s (custom)
2019-07-14 16:42:04,494 INFO  server.RaftServerConfigKeys (ConfUtils.java:logGet(43)) - raft.server.leader.election.timeout = 120s (custom)
2019-07-14 16:42:04,494 INFO  server.RaftServerConfigKeys (ConfUtils.java:logGet(43)) - raft.server.log.use.memory = false (default)
2019-07-14 16:42:04,494 INFO  server.RaftServerConfigKeys (ConfUtils.java:logGet(43)) - raft.server.leader.election.timeout = 120s (custom)
2019-07-14 16:42:04,495 INFO  server.RaftServerConfigKeys (ConfUtils.java:logGet(43)) - raft.server.log.purge.gap = 1000000000 (custom)
2019-07-14 16:42:04,495 INFO  server.RaftServerConfigKeys (ConfUtils.java:logGet(43)) - raft.server.log.use.memory = false (default)
2019-07-14 16:42:04,495 INFO  server.RaftServerConfigKeys (ConfUtils.java:logGet(43)) - raft.server.log.appender.buffer.byte-limit = 33554432 (custom)
2019-07-14 16:42:04,495 INFO  server.RaftServerConfigKeys (ConfUtils.java:logGet(43)) - raft.server.log.use.memory = false (default)
2019-07-14 16:42:04,495 INFO  server.RaftServerConfigKeys (ConfUtils.java:logGet(43)) - raft.server.log.segment.size.max = 1048576 (custom)
2019-07-14 16:42:04,495 INFO  server.RaftServerConfigKeys (ConfUtils.java:logGet(43)) - raft.server.log.purge.gap = 1000000000 (custom)
2019-07-14 16:42:04,495 INFO  server.RaftServerConfigKeys (ConfUtils.java:logGet(43)) - raft.server.log.segment.cache.num.max = 2 (custom)
2019-07-14 16:42:04,495 INFO  server.RaftServerConfigKeys (ConfUtils.java:logGet(43)) - raft.server.log.purge.gap = 1000000000 (custom)
2019-07-14 16:42:04,496 INFO  segmented.SegmentedRaftLogWorker (SegmentedRaftLogWorker.java:<init>(172)) - new 68a5dfdb-c74c-438f-a088-2062485c848e-SegmentedRaftLogWorker:Storage Directory /workdir/hadoop-ozone/integration-test/target/test-dir/MiniOzoneClusterImpl-8a2e4dc2-5b92-4f8e-84de-2994ad5ae8e6/datanode-1/data/ratis/1a438493-0a42-4579-a62b-5de829442d67 for RaftStorage:Storage Directory /workdir/hadoop-ozone/integration-test/target/test-dir/MiniOzoneClusterImpl-8a2e4dc2-5b92-4f8e-84de-2994ad5ae8e6/datanode-1/data/ratis/1a438493-0a42-4579-a62b-5de829442d67
2019-07-14 16:42:04,496 INFO  server.RaftServerConfigKeys (ConfUtils.java:logGet(43)) - raft.server.log.appender.buffer.byte-limit = 33554432 (custom)
2019-07-14 16:42:04,496 INFO  server.RaftServerConfigKeys (ConfUtils.java:logGet(43)) - raft.server.log.queue.byte-limit = 2147483647 (custom)
2019-07-14 16:42:04,502 INFO  server.RaftServerConfigKeys (ConfUtils.java:logGet(43)) - raft.server.log.queue.element-limit = 1024 (custom)
2019-07-14 16:42:04,496 INFO  server.RaftServerConfigKeys (ConfUtils.java:logGet(43)) - raft.server.log.appender.buffer.byte-limit = 33554432 (custom)
2019-07-14 16:42:04,502 INFO  server.RaftServerConfigKeys (ConfUtils.java:logGet(43)) - raft.server.log.segment.size.max = 1048576 (custom)
2019-07-14 16:42:04,496 INFO  server.RaftServerConfigKeys (ConfUtils.java:logGet(43)) - raft.server.log.segment.size.max = 1048576 (custom)
2019-07-14 16:42:04,502 INFO  server.RaftServerConfigKeys (ConfUtils.java:logGet(43)) - raft.server.log.preallocated.size = 16384 (custom)
2019-07-14 16:42:04,502 INFO  server.RaftServerConfigKeys (ConfUtils.java:logGet(43)) - raft.server.log.segment.size.max = 1048576 (custom)
2019-07-14 16:42:04,503 INFO  server.RaftServerConfigKeys (ConfUtils.java:logGet(43)) - raft.server.log.write.buffer.size = 33554432 (custom)
2019-07-14 16:42:04,503 INFO  server.RaftServerConfigKeys (ConfUtils.java:logGet(43)) - raft.server.log.segment.cache.num.max = 2 (custom)
2019-07-14 16:42:04,503 INFO  server.RaftServerConfigKeys (ConfUtils.java:logGet(43)) - raft.server.log.force.sync.num = 128 (default)
2019-07-14 16:42:04,503 INFO  server.RaftServerConfigKeys (ConfUtils.java:logGet(43)) - raft.server.log.statemachine.data.sync = true (default)
2019-07-14 16:42:04,503 INFO  server.RaftServerConfigKeys (ConfUtils.java:logGet(43)) - raft.server.log.segment.cache.num.max = 2 (custom)
2019-07-14 16:42:04,503 INFO  server.RaftServerConfigKeys (ConfUtils.java:logGet(43)) - raft.server.log.statemachine.data.sync.timeout = 10s (default)
2019-07-14 16:42:04,503 INFO  segmented.SegmentedRaftLogWorker (SegmentedRaftLogWorker.java:<init>(172)) - new 77d8bfd8-9417-42e4-b630-e55bb18b8339-SegmentedRaftLogWorker:Storage Directory /workdir/hadoop-ozone/integration-test/target/test-dir/MiniOzoneClusterImpl-8a2e4dc2-5b92-4f8e-84de-2994ad5ae8e6/datanode-2/data/ratis/1a438493-0a42-4579-a62b-5de829442d67 for RaftStorage:Storage Directory /workdir/hadoop-ozone/integration-test/target/test-dir/MiniOzoneClusterImpl-8a2e4dc2-5b92-4f8e-84de-2994ad5ae8e6/datanode-2/data/ratis/1a438493-0a42-4579-a62b-5de829442d67
2019-07-14 16:42:04,504 INFO  server.RaftServerConfigKeys (ConfUtils.java:logGet(43)) - raft.server.log.statemachine.data.sync.timeout.retry = -1 (default)
2019-07-14 16:42:04,504 INFO  segmented.SegmentedRaftLogWorker (SegmentedRaftLogWorker.java:<init>(172)) - new ce51f40e-6b80-4084-8b29-ef5c0bb939b1-SegmentedRaftLogWorker:Storage Directory /workdir/hadoop-ozone/integration-test/target/test-dir/MiniOzoneClusterImpl-8a2e4dc2-5b92-4f8e-84de-2994ad5ae8e6/datanode-0/data/ratis/1a438493-0a42-4579-a62b-5de829442d67 for RaftStorage:Storage Directory /workdir/hadoop-ozone/integration-test/target/test-dir/MiniOzoneClusterImpl-8a2e4dc2-5b92-4f8e-84de-2994ad5ae8e6/datanode-0/data/ratis/1a438493-0a42-4579-a62b-5de829442d67
2019-07-14 16:42:04,504 INFO  server.RaftServerConfigKeys (ConfUtils.java:logGet(43)) - raft.server.log.statemachine.data.caching.enabled = true (custom)
2019-07-14 16:42:04,504 INFO  server.RaftServerConfigKeys (ConfUtils.java:logGet(43)) - raft.server.log.queue.byte-limit = 2147483647 (custom)
2019-07-14 16:42:04,521 INFO  segmented.SegmentedRaftLogWorker (SegmentedRaftLogWorker.java:lambda$new$0(132)) - 68a5dfdb-c74c-438f-a088-2062485c848e-SegmentedRaftLogWorker:Storage Directory /workdir/hadoop-ozone/integration-test/target/test-dir/MiniOzoneClusterImpl-8a2e4dc2-5b92-4f8e-84de-2994ad5ae8e6/datanode-1/data/ratis/1a438493-0a42-4579-a62b-5de829442d67: flushIndex: setUnconditionally 0 -> -1
2019-07-14 16:42:04,520 INFO  server.RaftServerConfigKeys (ConfUtils.java:logGet(43)) - raft.server.log.queue.byte-limit = 2147483647 (custom)
2019-07-14 16:42:04,521 INFO  server.RaftServerConfigKeys (ConfUtils.java:logGet(43)) - raft.server.snapshot.auto.trigger.enabled = true (custom)
2019-07-14 16:42:04,521 INFO  server.RaftServerConfigKeys (ConfUtils.java:logGet(43)) - raft.server.log.queue.element-limit = 1024 (custom)
2019-07-14 16:42:04,521 INFO  server.RaftServerConfigKeys (ConfUtils.java:logGet(43)) - raft.server.snapshot.auto.trigger.threshold = 10000 (custom)
2019-07-14 16:42:04,521 INFO  server.RaftServerConfigKeys (ConfUtils.java:logGet(43)) - raft.server.log.queue.element-limit = 1024 (custom)
2019-07-14 16:42:04,521 INFO  server.RaftServerConfigKeys (ConfUtils.java:logGet(43)) - raft.server.retrycache.expirytime = 600000ms (custom)
2019-07-14 16:42:04,521 INFO  server.RaftServerConfigKeys (ConfUtils.java:logGet(43)) - raft.server.log.segment.size.max = 1048576 (custom)
2019-07-14 16:42:04,522 INFO  impl.RaftServerImpl (RaftServerImpl.java:start(180)) - 68a5dfdb-c74c-438f-a088-2062485c848e: start group-5DE829442D67
2019-07-14 16:42:04,522 INFO  server.RaftServerConfigKeys (ConfUtils.java:logGet(43)) - raft.server.log.segment.size.max = 1048576 (custom)
2019-07-14 16:42:04,522 INFO  impl.RaftServerImpl (RaftServerImpl.java:setRole(171)) - 68a5dfdb-c74c-438f-a088-2062485c848e:group-5DE829442D67 changes role from null to FOLLOWER at term 0 for startAsFollower
2019-07-14 16:42:04,522 INFO  server.RaftServerConfigKeys (ConfUtils.java:logGet(43)) - raft.server.log.preallocated.size = 16384 (custom)
2019-07-14 16:42:04,522 INFO  impl.RoleInfo (RoleInfo.java:updateAndGet(143)) - 68a5dfdb-c74c-438f-a088-2062485c848e: start FollowerState
2019-07-14 16:42:04,522 INFO  server.RaftServerConfigKeys (ConfUtils.java:logGet(43)) - raft.server.log.preallocated.size = 16384 (custom)
2019-07-14 16:42:04,522 INFO  server.RaftServerConfigKeys (ConfUtils.java:logGet(43)) - raft.server.log.write.buffer.size = 33554432 (custom)
2019-07-14 16:42:04,523 INFO  util.JmxRegister (JmxRegister.java:tryRegister(44)) - Successfully registered JMX Bean with object name Ratis:service=RaftServer,group=group-5DE829442D67,id=68a5dfdb-c74c-438f-a088-2062485c848e
2019-07-14 16:42:04,523 INFO  server.RaftServerConfigKeys (ConfUtils.java:logGet(43)) - raft.server.log.write.buffer.size = 33554432 (custom)
2019-07-14 16:42:04,523 INFO  server.RaftServerConfigKeys (ConfUtils.java:logGet(43)) - raft.server.log.force.sync.num = 128 (default)
2019-07-14 16:42:04,523 INFO  server.RaftServerConfigKeys (ConfUtils.java:logGet(43)) - raft.server.log.force.sync.num = 128 (default)
2019-07-14 16:42:04,524 INFO  server.RaftServerConfigKeys (ConfUtils.java:logGet(43)) - raft.server.log.statemachine.data.sync = true (default)
2019-07-14 16:42:04,524 INFO  server.RaftServerConfigKeys (ConfUtils.java:logGet(43)) - raft.server.log.statemachine.data.sync = true (default)
2019-07-14 16:42:04,524 INFO  server.RaftServerConfigKeys (ConfUtils.java:logGet(43)) - raft.server.log.statemachine.data.sync.timeout = 10s (default)
2019-07-14 16:42:04,524 INFO  server.RaftServerConfigKeys (ConfUtils.java:logGet(43)) - raft.server.log.statemachine.data.sync.timeout = 10s (default)
2019-07-14 16:42:04,524 INFO  server.RaftServerConfigKeys (ConfUtils.java:logGet(43)) - raft.server.log.statemachine.data.sync.timeout.retry = -1 (default)
2019-07-14 16:42:04,524 INFO  server.RaftServerConfigKeys (ConfUtils.java:logGet(43)) - raft.server.log.statemachine.data.sync.timeout.retry = -1 (default)
2019-07-14 16:42:04,525 INFO  server.RaftServerConfigKeys (ConfUtils.java:logGet(43)) - raft.server.log.statemachine.data.caching.enabled = true (custom)
2019-07-14 16:42:04,525 INFO  server.RaftServerConfigKeys (ConfUtils.java:logGet(43)) - raft.server.log.statemachine.data.caching.enabled = true (custom)
2019-07-14 16:42:04,525 INFO  segmented.SegmentedRaftLogWorker (SegmentedRaftLogWorker.java:lambda$new$0(132)) - 77d8bfd8-9417-42e4-b630-e55bb18b8339-SegmentedRaftLogWorker:Storage Directory /workdir/hadoop-ozone/integration-test/target/test-dir/MiniOzoneClusterImpl-8a2e4dc2-5b92-4f8e-84de-2994ad5ae8e6/datanode-2/data/ratis/1a438493-0a42-4579-a62b-5de829442d67: flushIndex: setUnconditionally 0 -> -1
2019-07-14 16:42:04,529 INFO  server.RaftServerConfigKeys (ConfUtils.java:logGet(43)) - raft.server.snapshot.auto.trigger.enabled = true (custom)
2019-07-14 16:42:04,529 INFO  server.RaftServerConfigKeys (ConfUtils.java:logGet(43)) - raft.server.snapshot.auto.trigger.threshold = 10000 (custom)
2019-07-14 16:42:04,529 INFO  segmented.SegmentedRaftLogWorker (SegmentedRaftLogWorker.java:lambda$new$0(132)) - ce51f40e-6b80-4084-8b29-ef5c0bb939b1-SegmentedRaftLogWorker:Storage Directory /workdir/hadoop-ozone/integration-test/target/test-dir/MiniOzoneClusterImpl-8a2e4dc2-5b92-4f8e-84de-2994ad5ae8e6/datanode-0/data/ratis/1a438493-0a42-4579-a62b-5de829442d67: flushIndex: setUnconditionally 0 -> -1
2019-07-14 16:42:04,529 INFO  server.RaftServerConfigKeys (ConfUtils.java:logGet(43)) - raft.server.retrycache.expirytime = 600000ms (custom)
2019-07-14 16:42:04,530 INFO  impl.RaftServerImpl (RaftServerImpl.java:start(180)) - 77d8bfd8-9417-42e4-b630-e55bb18b8339: start group-5DE829442D67
2019-07-14 16:42:04,530 INFO  server.RaftServerConfigKeys (ConfUtils.java:logGet(43)) - raft.server.snapshot.auto.trigger.enabled = true (custom)
2019-07-14 16:42:04,530 INFO  impl.RaftServerImpl (RaftServerImpl.java:setRole(171)) - 77d8bfd8-9417-42e4-b630-e55bb18b8339:group-5DE829442D67 changes role from null to FOLLOWER at term 0 for startAsFollower
2019-07-14 16:42:04,530 INFO  server.RaftServerConfigKeys (ConfUtils.java:logGet(43)) - raft.server.snapshot.auto.trigger.threshold = 10000 (custom)
2019-07-14 16:42:04,530 INFO  impl.RoleInfo (RoleInfo.java:updateAndGet(143)) - 77d8bfd8-9417-42e4-b630-e55bb18b8339: start FollowerState
2019-07-14 16:42:04,530 INFO  server.RaftServerConfigKeys (ConfUtils.java:logGet(43)) - raft.server.retrycache.expirytime = 600000ms (custom)
2019-07-14 16:42:04,531 INFO  util.JmxRegister (JmxRegister.java:tryRegister(44)) - Successfully registered JMX Bean with object name Ratis:service=RaftServer,group=group-5DE829442D67,id=77d8bfd8-9417-42e4-b630-e55bb18b8339
2019-07-14 16:42:04,531 INFO  impl.RaftServerImpl (RaftServerImpl.java:start(180)) - ce51f40e-6b80-4084-8b29-ef5c0bb939b1: start group-5DE829442D67
2019-07-14 16:42:04,531 INFO  impl.RaftServerImpl (RaftServerImpl.java:setRole(171)) - ce51f40e-6b80-4084-8b29-ef5c0bb939b1:group-5DE829442D67 changes role from null to FOLLOWER at term 0 for startAsFollower
2019-07-14 16:42:04,531 INFO  impl.RoleInfo (RoleInfo.java:updateAndGet(143)) - ce51f40e-6b80-4084-8b29-ef5c0bb939b1: start FollowerState
2019-07-14 16:42:04,532 INFO  util.JmxRegister (JmxRegister.java:tryRegister(44)) - Successfully registered JMX Bean with object name Ratis:service=RaftServer,group=group-5DE829442D67,id=ce51f40e-6b80-4084-8b29-ef5c0bb939b1
2019-07-14 16:42:04,541 INFO  pipeline.PipelineStateManager (PipelineStateManager.java:addPipeline(56)) - Created pipeline Pipeline[ Id: 1a438493-0a42-4579-a62b-5de829442d67, Nodes: 68a5dfdb-c74c-438f-a088-2062485c848e{ip: 192.168.69.77, host: pr-hdds-1710-5x6jb-1204890111, networkLocation: /default-rack, certSerialId: null}ce51f40e-6b80-4084-8b29-ef5c0bb939b1{ip: 192.168.69.77, host: pr-hdds-1710-5x6jb-1204890111, networkLocation: /default-rack, certSerialId: null}77d8bfd8-9417-42e4-b630-e55bb18b8339{ip: 192.168.69.77, host: pr-hdds-1710-5x6jb-1204890111, networkLocation: /default-rack, certSerialId: null}, Type:RATIS, Factor:THREE, State:OPEN]
2019-07-14 16:42:04,569 INFO  node.SCMNodeManager (SCMNodeManager.java:register(269)) - Registered Data node : dbf1b2ad-6579-45da-b190-94740564a1fa{ip: 192.168.69.77, host: pr-hdds-1710-5x6jb-1204890111, networkLocation: /default-rack, certSerialId: null}
2019-07-14 16:42:04,594 INFO  impl.RaftServerProxy (RaftServerProxy.java:addNew(89)) - dbf1b2ad-6579-45da-b190-94740564a1fa: addNew group-74094CB7C87E:[dbf1b2ad-6579-45da-b190-94740564a1fa:192.168.69.77:36919] returns group-74094CB7C87E:java.util.concurrent.CompletableFuture@391e072e[Not completed]
2019-07-14 16:42:04,595 INFO  impl.RaftServerImpl (RaftServerImpl.java:<init>(93)) - dbf1b2ad-6579-45da-b190-94740564a1fa: new RaftServerImpl for group-74094CB7C87E:[dbf1b2ad-6579-45da-b190-94740564a1fa:192.168.69.77:36919] with ContainerStateMachine:uninitialized
2019-07-14 16:42:04,596 INFO  server.RaftServerConfigKeys (ConfUtils.java:logGet(43)) - raft.server.rpc.timeout.min = 5s (custom)
2019-07-14 16:42:04,596 INFO  server.RaftServerConfigKeys (ConfUtils.java:logGet(43)) - raft.server.rpc.timeout.max = 5200ms (custom)
2019-07-14 16:42:04,596 INFO  server.RaftServerConfigKeys (ConfUtils.java:logGet(43)) - raft.server.rpcslowness.timeout = 120s (custom)
2019-07-14 16:42:04,596 INFO  server.RaftServerConfigKeys (ConfUtils.java:logGet(43)) - raft.server.sleep.deviation.threshold = 300 (default)
2019-07-14 16:42:04,596 INFO  server.RaftServerConfigKeys (ConfUtils.java:logGet(43)) - raft.server.log.appender.install.snapshot.enabled = false (custom)
2019-07-14 16:42:04,596 INFO  impl.RaftServerImpl (ServerState.java:<init>(105)) - dbf1b2ad-6579-45da-b190-94740564a1fa:group-74094CB7C87E ConfigurationManager, init=-1: [dbf1b2ad-6579-45da-b190-94740564a1fa:192.168.69.77:36919], old=null, confs=<EMPTY_MAP>
2019-07-14 16:42:04,597 INFO  server.RaftServerConfigKeys (ConfUtils.java:logGet(43)) - raft.server.storage.dir = [/workdir/hadoop-ozone/integration-test/target/test-dir/MiniOzoneClusterImpl-8a2e4dc2-5b92-4f8e-84de-2994ad5ae8e6/datanode-3/data/ratis] (custom)
2019-07-14 16:42:04,597 INFO  storage.RaftStorageDirectory (RaftStorageDirectory.java:analyzeStorage(246)) - The storage directory /workdir/hadoop-ozone/integration-test/target/test-dir/MiniOzoneClusterImpl-8a2e4dc2-5b92-4f8e-84de-2994ad5ae8e6/datanode-3/data/ratis/67115cf6-162d-4e7f-b049-74094cb7c87e does not exist. Creating ...
2019-07-14 16:42:04,622 INFO  storage.RaftStorageDirectory (RaftStorageDirectory.java:tryLock(328)) - Lock on /workdir/hadoop-ozone/integration-test/target/test-dir/MiniOzoneClusterImpl-8a2e4dc2-5b92-4f8e-84de-2994ad5ae8e6/datanode-3/data/ratis/67115cf6-162d-4e7f-b049-74094cb7c87e/in_use.lock acquired by nodename 7323@pr-hdds-1710-5x6jb-1204890111
2019-07-14 16:42:04,636 INFO  storage.RaftStorage (RaftStorage.java:format(72)) - Storage directory /workdir/hadoop-ozone/integration-test/target/test-dir/MiniOzoneClusterImpl-8a2e4dc2-5b92-4f8e-84de-2994ad5ae8e6/datanode-3/data/ratis/67115cf6-162d-4e7f-b049-74094cb7c87e has been successfully formatted.
2019-07-14 16:42:04,636 INFO  ratis.ContainerStateMachine (ContainerStateMachine.java:loadSnapshot(200)) - The snapshot info is null.Setting the last applied index to:(t:0, i:~)
2019-07-14 16:42:04,636 INFO  server.RaftServerConfigKeys (ConfUtils.java:logGet(43)) - raft.server.leader.election.timeout = 120s (custom)
2019-07-14 16:42:04,636 INFO  server.RaftServerConfigKeys (ConfUtils.java:logGet(43)) - raft.server.log.use.memory = false (default)
2019-07-14 16:42:04,636 INFO  server.RaftServerConfigKeys (ConfUtils.java:logGet(43)) - raft.server.log.purge.gap = 1000000000 (custom)
2019-07-14 16:42:04,637 INFO  server.RaftServerConfigKeys (ConfUtils.java:logGet(43)) - raft.server.log.appender.buffer.byte-limit = 33554432 (custom)
2019-07-14 16:42:04,637 INFO  server.RaftServerConfigKeys (ConfUtils.java:logGet(43)) - raft.server.log.segment.size.max = 1048576 (custom)
2019-07-14 16:42:04,637 INFO  server.RaftServerConfigKeys (ConfUtils.java:logGet(43)) - raft.server.log.segment.cache.num.max = 2 (custom)
2019-07-14 16:42:04,637 INFO  segmented.SegmentedRaftLogWorker (SegmentedRaftLogWorker.java:<init>(172)) - new dbf1b2ad-6579-45da-b190-94740564a1fa-SegmentedRaftLogWorker:Storage Directory /workdir/hadoop-ozone/integration-test/target/test-dir/MiniOzoneClusterImpl-8a2e4dc2-5b92-4f8e-84de-2994ad5ae8e6/datanode-3/data/ratis/67115cf6-162d-4e7f-b049-74094cb7c87e for RaftStorage:Storage Directory /workdir/hadoop-ozone/integration-test/target/test-dir/MiniOzoneClusterImpl-8a2e4dc2-5b92-4f8e-84de-2994ad5ae8e6/datanode-3/data/ratis/67115cf6-162d-4e7f-b049-74094cb7c87e
2019-07-14 16:42:04,637 INFO  server.RaftServerConfigKeys (ConfUtils.java:logGet(43)) - raft.server.log.queue.byte-limit = 2147483647 (custom)
2019-07-14 16:42:04,638 INFO  server.RaftServerConfigKeys (ConfUtils.java:logGet(43)) - raft.server.log.queue.element-limit = 1024 (custom)
2019-07-14 16:42:04,638 INFO  server.RaftServerConfigKeys (ConfUtils.java:logGet(43)) - raft.server.log.segment.size.max = 1048576 (custom)
2019-07-14 16:42:04,638 INFO  server.RaftServerConfigKeys (ConfUtils.java:logGet(43)) - raft.server.log.preallocated.size = 16384 (custom)
2019-07-14 16:42:04,638 INFO  server.RaftServerConfigKeys (ConfUtils.java:logGet(43)) - raft.server.log.write.buffer.size = 33554432 (custom)
2019-07-14 16:42:04,638 INFO  server.RaftServerConfigKeys (ConfUtils.java:logGet(43)) - raft.server.log.force.sync.num = 128 (default)
2019-07-14 16:42:04,638 INFO  server.RaftServerConfigKeys (ConfUtils.java:logGet(43)) - raft.server.log.statemachine.data.sync = true (default)
2019-07-14 16:42:04,639 INFO  server.RaftServerConfigKeys (ConfUtils.java:logGet(43)) - raft.server.log.statemachine.data.sync.timeout = 10s (default)
2019-07-14 16:42:04,639 INFO  server.RaftServerConfigKeys (ConfUtils.java:logGet(43)) - raft.server.log.statemachine.data.sync.timeout.retry = -1 (default)
2019-07-14 16:42:04,639 INFO  server.RaftServerConfigKeys (ConfUtils.java:logGet(43)) - raft.server.log.statemachine.data.caching.enabled = true (custom)
2019-07-14 16:42:04,639 INFO  segmented.SegmentedRaftLogWorker (SegmentedRaftLogWorker.java:lambda$new$0(132)) - dbf1b2ad-6579-45da-b190-94740564a1fa-SegmentedRaftLogWorker:Storage Directory /workdir/hadoop-ozone/integration-test/target/test-dir/MiniOzoneClusterImpl-8a2e4dc2-5b92-4f8e-84de-2994ad5ae8e6/datanode-3/data/ratis/67115cf6-162d-4e7f-b049-74094cb7c87e: flushIndex: setUnconditionally 0 -> -1
2019-07-14 16:42:04,640 INFO  server.RaftServerConfigKeys (ConfUtils.java:logGet(43)) - raft.server.snapshot.auto.trigger.enabled = true (custom)
2019-07-14 16:42:04,640 INFO  server.RaftServerConfigKeys (ConfUtils.java:logGet(43)) - raft.server.snapshot.auto.trigger.threshold = 10000 (custom)
2019-07-14 16:42:04,640 INFO  server.RaftServerConfigKeys (ConfUtils.java:logGet(43)) - raft.server.retrycache.expirytime = 600000ms (custom)
2019-07-14 16:42:04,640 INFO  impl.RaftServerImpl (RaftServerImpl.java:start(180)) - dbf1b2ad-6579-45da-b190-94740564a1fa: start group-74094CB7C87E
2019-07-14 16:42:04,641 INFO  impl.RaftServerImpl (RaftServerImpl.java:setRole(171)) - dbf1b2ad-6579-45da-b190-94740564a1fa:group-74094CB7C87E changes role from null to FOLLOWER at term 0 for startAsFollower
2019-07-14 16:42:04,641 INFO  impl.RoleInfo (RoleInfo.java:updateAndGet(143)) - dbf1b2ad-6579-45da-b190-94740564a1fa: start FollowerState
2019-07-14 16:42:04,659 INFO  util.JmxRegister (JmxRegister.java:tryRegister(44)) - Successfully registered JMX Bean with object name Ratis:service=RaftServer,group=group-74094CB7C87E,id=dbf1b2ad-6579-45da-b190-94740564a1fa
2019-07-14 16:42:04,685 INFO  pipeline.PipelineStateManager (PipelineStateManager.java:addPipeline(56)) - Created pipeline Pipeline[ Id: 67115cf6-162d-4e7f-b049-74094cb7c87e, Nodes: dbf1b2ad-6579-45da-b190-94740564a1fa{ip: 192.168.69.77, host: pr-hdds-1710-5x6jb-1204890111, networkLocation: /default-rack, certSerialId: null}, Type:RATIS, Factor:ONE, State:OPEN]
2019-07-14 16:42:04,802 INFO  node.SCMNodeManager (SCMNodeManager.java:register(269)) - Registered Data node : 68af30c7-8a35-4a66-abb8-efc332c037f9{ip: 192.168.69.77, host: pr-hdds-1710-5x6jb-1204890111, networkLocation: /default-rack, certSerialId: null}
2019-07-14 16:42:04,828 INFO  impl.RaftServerProxy (RaftServerProxy.java:addNew(89)) - 68af30c7-8a35-4a66-abb8-efc332c037f9: addNew group-3E2B8898CD7D:[68af30c7-8a35-4a66-abb8-efc332c037f9:192.168.69.77:38046] returns group-3E2B8898CD7D:java.util.concurrent.CompletableFuture@636f9b22[Not completed]
2019-07-14 16:42:04,830 INFO  impl.RaftServerImpl (RaftServerImpl.java:<init>(93)) - 68af30c7-8a35-4a66-abb8-efc332c037f9: new RaftServerImpl for group-3E2B8898CD7D:[68af30c7-8a35-4a66-abb8-efc332c037f9:192.168.69.77:38046] with ContainerStateMachine:uninitialized
2019-07-14 16:42:04,830 INFO  server.RaftServerConfigKeys (ConfUtils.java:logGet(43)) - raft.server.rpc.timeout.min = 5s (custom)
2019-07-14 16:42:04,830 INFO  server.RaftServerConfigKeys (ConfUtils.java:logGet(43)) - raft.server.rpc.timeout.max = 5200ms (custom)
2019-07-14 16:42:04,830 INFO  server.RaftServerConfigKeys (ConfUtils.java:logGet(43)) - raft.server.rpcslowness.timeout = 120s (custom)
2019-07-14 16:42:04,831 INFO  server.RaftServerConfigKeys (ConfUtils.java:logGet(43)) - raft.server.sleep.deviation.threshold = 300 (default)
2019-07-14 16:42:04,831 INFO  server.RaftServerConfigKeys (ConfUtils.java:logGet(43)) - raft.server.log.appender.install.snapshot.enabled = false (custom)
2019-07-14 16:42:04,831 INFO  impl.RaftServerImpl (ServerState.java:<init>(105)) - 68af30c7-8a35-4a66-abb8-efc332c037f9:group-3E2B8898CD7D ConfigurationManager, init=-1: [68af30c7-8a35-4a66-abb8-efc332c037f9:192.168.69.77:38046], old=null, confs=<EMPTY_MAP>
2019-07-14 16:42:04,831 INFO  server.RaftServerConfigKeys (ConfUtils.java:logGet(43)) - raft.server.storage.dir = [/workdir/hadoop-ozone/integration-test/target/test-dir/MiniOzoneClusterImpl-8a2e4dc2-5b92-4f8e-84de-2994ad5ae8e6/datanode-4/data/ratis] (custom)
2019-07-14 16:42:04,832 INFO  storage.RaftStorageDirectory (RaftStorageDirectory.java:analyzeStorage(246)) - The storage directory /workdir/hadoop-ozone/integration-test/target/test-dir/MiniOzoneClusterImpl-8a2e4dc2-5b92-4f8e-84de-2994ad5ae8e6/datanode-4/data/ratis/657dd4d7-6a4b-4db6-96ca-3e2b8898cd7d does not exist. Creating ...
2019-07-14 16:42:04,845 INFO  storage.RaftStorageDirectory (RaftStorageDirectory.java:tryLock(328)) - Lock on /workdir/hadoop-ozone/integration-test/target/test-dir/MiniOzoneClusterImpl-8a2e4dc2-5b92-4f8e-84de-2994ad5ae8e6/datanode-4/data/ratis/657dd4d7-6a4b-4db6-96ca-3e2b8898cd7d/in_use.lock acquired by nodename 7323@pr-hdds-1710-5x6jb-1204890111
2019-07-14 16:42:04,858 INFO  storage.RaftStorage (RaftStorage.java:format(72)) - Storage directory /workdir/hadoop-ozone/integration-test/target/test-dir/MiniOzoneClusterImpl-8a2e4dc2-5b92-4f8e-84de-2994ad5ae8e6/datanode-4/data/ratis/657dd4d7-6a4b-4db6-96ca-3e2b8898cd7d has been successfully formatted.
2019-07-14 16:42:04,859 INFO  ratis.ContainerStateMachine (ContainerStateMachine.java:loadSnapshot(200)) - The snapshot info is null.Setting the last applied index to:(t:0, i:~)
2019-07-14 16:42:04,859 INFO  server.RaftServerConfigKeys (ConfUtils.java:logGet(43)) - raft.server.leader.election.timeout = 120s (custom)
2019-07-14 16:42:04,859 INFO  server.RaftServerConfigKeys (ConfUtils.java:logGet(43)) - raft.server.log.use.memory = false (default)
2019-07-14 16:42:04,859 INFO  server.RaftServerConfigKeys (ConfUtils.java:logGet(43)) - raft.server.log.purge.gap = 1000000000 (custom)
2019-07-14 16:42:04,860 INFO  server.RaftServerConfigKeys (ConfUtils.java:logGet(43)) - raft.server.log.appender.buffer.byte-limit = 33554432 (custom)
2019-07-14 16:42:04,860 INFO  server.RaftServerConfigKeys (ConfUtils.java:logGet(43)) - raft.server.log.segment.size.max = 1048576 (custom)
2019-07-14 16:42:04,860 INFO  server.RaftServerConfigKeys (ConfUtils.java:logGet(43)) - raft.server.log.segment.cache.num.max = 2 (custom)
2019-07-14 16:42:04,860 INFO  segmented.SegmentedRaftLogWorker (SegmentedRaftLogWorker.java:<init>(172)) - new 68af30c7-8a35-4a66-abb8-efc332c037f9-SegmentedRaftLogWorker:Storage Directory /workdir/hadoop-ozone/integration-test/target/test-dir/MiniOzoneClusterImpl-8a2e4dc2-5b92-4f8e-84de-2994ad5ae8e6/datanode-4/data/ratis/657dd4d7-6a4b-4db6-96ca-3e2b8898cd7d for RaftStorage:Storage Directory /workdir/hadoop-ozone/integration-test/target/test-dir/MiniOzoneClusterImpl-8a2e4dc2-5b92-4f8e-84de-2994ad5ae8e6/datanode-4/data/ratis/657dd4d7-6a4b-4db6-96ca-3e2b8898cd7d
2019-07-14 16:42:04,860 INFO  server.RaftServerConfigKeys (ConfUtils.java:logGet(43)) - raft.server.log.queue.byte-limit = 2147483647 (custom)
2019-07-14 16:42:04,860 INFO  server.RaftServerConfigKeys (ConfUtils.java:logGet(43)) - raft.server.log.queue.element-limit = 1024 (custom)
2019-07-14 16:42:04,861 INFO  server.RaftServerConfigKeys (ConfUtils.java:logGet(43)) - raft.server.log.segment.size.max = 1048576 (custom)
2019-07-14 16:42:04,861 INFO  server.RaftServerConfigKeys (ConfUtils.java:logGet(43)) - raft.server.log.preallocated.size = 16384 (custom)
2019-07-14 16:42:04,861 INFO  server.RaftServerConfigKeys (ConfUtils.java:logGet(43)) - raft.server.log.write.buffer.size = 33554432 (custom)
2019-07-14 16:42:04,861 INFO  server.RaftServerConfigKeys (ConfUtils.java:logGet(43)) - raft.server.log.force.sync.num = 128 (default)
2019-07-14 16:42:04,862 INFO  server.RaftServerConfigKeys (ConfUtils.java:logGet(43)) - raft.server.log.statemachine.data.sync = true (default)
2019-07-14 16:42:04,862 INFO  server.RaftServerConfigKeys (ConfUtils.java:logGet(43)) - raft.server.log.statemachine.data.sync.timeout = 10s (default)
2019-07-14 16:42:04,862 INFO  server.RaftServerConfigKeys (ConfUtils.java:logGet(43)) - raft.server.log.statemachine.data.sync.timeout.retry = -1 (default)
2019-07-14 16:42:04,862 INFO  server.RaftServerConfigKeys (ConfUtils.java:logGet(43)) - raft.server.log.statemachine.data.caching.enabled = true (custom)
2019-07-14 16:42:04,863 INFO  segmented.SegmentedRaftLogWorker (SegmentedRaftLogWorker.java:lambda$new$0(132)) - 68af30c7-8a35-4a66-abb8-efc332c037f9-SegmentedRaftLogWorker:Storage Directory /workdir/hadoop-ozone/integration-test/target/test-dir/MiniOzoneClusterImpl-8a2e4dc2-5b92-4f8e-84de-2994ad5ae8e6/datanode-4/data/ratis/657dd4d7-6a4b-4db6-96ca-3e2b8898cd7d: flushIndex: setUnconditionally 0 -> -1
2019-07-14 16:42:04,863 INFO  server.RaftServerConfigKeys (ConfUtils.java:logGet(43)) - raft.server.snapshot.auto.trigger.enabled = true (custom)
2019-07-14 16:42:04,863 INFO  server.RaftServerConfigKeys (ConfUtils.java:logGet(43)) - raft.server.snapshot.auto.trigger.threshold = 10000 (custom)
2019-07-14 16:42:04,864 INFO  server.RaftServerConfigKeys (ConfUtils.java:logGet(43)) - raft.server.retrycache.expirytime = 600000ms (custom)
2019-07-14 16:42:04,864 INFO  impl.RaftServerImpl (RaftServerImpl.java:start(180)) - 68af30c7-8a35-4a66-abb8-efc332c037f9: start group-3E2B8898CD7D
2019-07-14 16:42:04,864 INFO  impl.RaftServerImpl (RaftServerImpl.java:setRole(171)) - 68af30c7-8a35-4a66-abb8-efc332c037f9:group-3E2B8898CD7D changes role from null to FOLLOWER at term 0 for startAsFollower
2019-07-14 16:42:04,864 INFO  impl.RoleInfo (RoleInfo.java:updateAndGet(143)) - 68af30c7-8a35-4a66-abb8-efc332c037f9: start FollowerState
2019-07-14 16:42:04,865 INFO  util.JmxRegister (JmxRegister.java:tryRegister(44)) - Successfully registered JMX Bean with object name Ratis:service=RaftServer,group=group-3E2B8898CD7D,id=68af30c7-8a35-4a66-abb8-efc332c037f9
2019-07-14 16:42:04,872 INFO  pipeline.PipelineStateManager (PipelineStateManager.java:addPipeline(56)) - Created pipeline Pipeline[ Id: 657dd4d7-6a4b-4db6-96ca-3e2b8898cd7d, Nodes: 68af30c7-8a35-4a66-abb8-efc332c037f9{ip: 192.168.69.77, host: pr-hdds-1710-5x6jb-1204890111, networkLocation: /default-rack, certSerialId: null}, Type:RATIS, Factor:ONE, State:OPEN]
2019-07-14 16:42:05,118 INFO  node.SCMNodeManager (SCMNodeManager.java:register(269)) - Registered Data node : dd198400-d517-4b15-847f-bb9982db363c{ip: 192.168.69.77, host: pr-hdds-1710-5x6jb-1204890111, networkLocation: /default-rack, certSerialId: null}
2019-07-14 16:42:05,139 INFO  impl.RaftServerProxy (RaftServerProxy.java:addNew(89)) - dd198400-d517-4b15-847f-bb9982db363c: addNew group-F7D2C1F2FE25:[dd198400-d517-4b15-847f-bb9982db363c:192.168.69.77:40917] returns group-F7D2C1F2FE25:java.util.concurrent.CompletableFuture@4e8708e4[Not completed]
2019-07-14 16:42:05,141 INFO  impl.RaftServerImpl (RaftServerImpl.java:<init>(93)) - dd198400-d517-4b15-847f-bb9982db363c: new RaftServerImpl for group-F7D2C1F2FE25:[dd198400-d517-4b15-847f-bb9982db363c:192.168.69.77:40917] with ContainerStateMachine:uninitialized
2019-07-14 16:42:05,141 INFO  server.RaftServerConfigKeys (ConfUtils.java:logGet(43)) - raft.server.rpc.timeout.min = 5s (custom)
2019-07-14 16:42:05,141 INFO  server.RaftServerConfigKeys (ConfUtils.java:logGet(43)) - raft.server.rpc.timeout.max = 5200ms (custom)
2019-07-14 16:42:05,141 INFO  server.RaftServerConfigKeys (ConfUtils.java:logGet(43)) - raft.server.rpcslowness.timeout = 120s (custom)
2019-07-14 16:42:05,141 INFO  server.RaftServerConfigKeys (ConfUtils.java:logGet(43)) - raft.server.sleep.deviation.threshold = 300 (default)
2019-07-14 16:42:05,142 INFO  server.RaftServerConfigKeys (ConfUtils.java:logGet(43)) - raft.server.log.appender.install.snapshot.enabled = false (custom)
2019-07-14 16:42:05,142 INFO  impl.RaftServerImpl (ServerState.java:<init>(105)) - dd198400-d517-4b15-847f-bb9982db363c:group-F7D2C1F2FE25 ConfigurationManager, init=-1: [dd198400-d517-4b15-847f-bb9982db363c:192.168.69.77:40917], old=null, confs=<EMPTY_MAP>
2019-07-14 16:42:05,142 INFO  server.RaftServerConfigKeys (ConfUtils.java:logGet(43)) - raft.server.storage.dir = [/workdir/hadoop-ozone/integration-test/target/test-dir/MiniOzoneClusterImpl-8a2e4dc2-5b92-4f8e-84de-2994ad5ae8e6/datanode-5/data/ratis] (custom)
2019-07-14 16:42:05,142 INFO  storage.RaftStorageDirectory (RaftStorageDirectory.java:analyzeStorage(246)) - The storage directory /workdir/hadoop-ozone/integration-test/target/test-dir/MiniOzoneClusterImpl-8a2e4dc2-5b92-4f8e-84de-2994ad5ae8e6/datanode-5/data/ratis/c628810b-8a7a-463b-82fa-f7d2c1f2fe25 does not exist. Creating ...
2019-07-14 16:42:05,168 INFO  storage.RaftStorageDirectory (RaftStorageDirectory.java:tryLock(328)) - Lock on /workdir/hadoop-ozone/integration-test/target/test-dir/MiniOzoneClusterImpl-8a2e4dc2-5b92-4f8e-84de-2994ad5ae8e6/datanode-5/data/ratis/c628810b-8a7a-463b-82fa-f7d2c1f2fe25/in_use.lock acquired by nodename 7323@pr-hdds-1710-5x6jb-1204890111
2019-07-14 16:42:05,182 INFO  storage.RaftStorage (RaftStorage.java:format(72)) - Storage directory /workdir/hadoop-ozone/integration-test/target/test-dir/MiniOzoneClusterImpl-8a2e4dc2-5b92-4f8e-84de-2994ad5ae8e6/datanode-5/data/ratis/c628810b-8a7a-463b-82fa-f7d2c1f2fe25 has been successfully formatted.
2019-07-14 16:42:05,182 INFO  ratis.ContainerStateMachine (ContainerStateMachine.java:loadSnapshot(200)) - The snapshot info is null.Setting the last applied index to:(t:0, i:~)
2019-07-14 16:42:05,182 INFO  server.RaftServerConfigKeys (ConfUtils.java:logGet(43)) - raft.server.leader.election.timeout = 120s (custom)
2019-07-14 16:42:05,182 INFO  server.RaftServerConfigKeys (ConfUtils.java:logGet(43)) - raft.server.log.use.memory = false (default)
2019-07-14 16:42:05,183 INFO  server.RaftServerConfigKeys (ConfUtils.java:logGet(43)) - raft.server.log.purge.gap = 1000000000 (custom)
2019-07-14 16:42:05,183 INFO  server.RaftServerConfigKeys (ConfUtils.java:logGet(43)) - raft.server.log.appender.buffer.byte-limit = 33554432 (custom)
2019-07-14 16:42:05,183 INFO  server.RaftServerConfigKeys (ConfUtils.java:logGet(43)) - raft.server.log.segment.size.max = 1048576 (custom)
2019-07-14 16:42:05,183 INFO  server.RaftServerConfigKeys (ConfUtils.java:logGet(43)) - raft.server.log.segment.cache.num.max = 2 (custom)
2019-07-14 16:42:05,183 INFO  segmented.SegmentedRaftLogWorker (SegmentedRaftLogWorker.java:<init>(172)) - new dd198400-d517-4b15-847f-bb9982db363c-SegmentedRaftLogWorker:Storage Directory /workdir/hadoop-ozone/integration-test/target/test-dir/MiniOzoneClusterImpl-8a2e4dc2-5b92-4f8e-84de-2994ad5ae8e6/datanode-5/data/ratis/c628810b-8a7a-463b-82fa-f7d2c1f2fe25 for RaftStorage:Storage Directory /workdir/hadoop-ozone/integration-test/target/test-dir/MiniOzoneClusterImpl-8a2e4dc2-5b92-4f8e-84de-2994ad5ae8e6/datanode-5/data/ratis/c628810b-8a7a-463b-82fa-f7d2c1f2fe25
2019-07-14 16:42:05,184 INFO  server.RaftServerConfigKeys (ConfUtils.java:logGet(43)) - raft.server.log.queue.byte-limit = 2147483647 (custom)
2019-07-14 16:42:05,184 INFO  server.RaftServerConfigKeys (ConfUtils.java:logGet(43)) - raft.server.log.queue.element-limit = 1024 (custom)
2019-07-14 16:42:05,184 INFO  server.RaftServerConfigKeys (ConfUtils.java:logGet(43)) - raft.server.log.segment.size.max = 1048576 (custom)
2019-07-14 16:42:05,184 INFO  server.RaftServerConfigKeys (ConfUtils.java:logGet(43)) - raft.server.log.preallocated.size = 16384 (custom)
2019-07-14 16:42:05,185 INFO  server.RaftServerConfigKeys (ConfUtils.java:logGet(43)) - raft.server.log.write.buffer.size = 33554432 (custom)
2019-07-14 16:42:05,185 INFO  server.RaftServerConfigKeys (ConfUtils.java:logGet(43)) - raft.server.log.force.sync.num = 128 (default)
2019-07-14 16:42:05,185 INFO  server.RaftServerConfigKeys (ConfUtils.java:logGet(43)) - raft.server.log.statemachine.data.sync = true (default)
2019-07-14 16:42:05,185 INFO  server.RaftServerConfigKeys (ConfUtils.java:logGet(43)) - raft.server.log.statemachine.data.sync.timeout = 10s (default)
2019-07-14 16:42:05,185 INFO  server.RaftServerConfigKeys (ConfUtils.java:logGet(43)) - raft.server.log.statemachine.data.sync.timeout.retry = -1 (default)
2019-07-14 16:42:05,186 INFO  server.RaftServerConfigKeys (ConfUtils.java:logGet(43)) - raft.server.log.statemachine.data.caching.enabled = true (custom)
2019-07-14 16:42:05,186 INFO  segmented.SegmentedRaftLogWorker (SegmentedRaftLogWorker.java:lambda$new$0(132)) - dd198400-d517-4b15-847f-bb9982db363c-SegmentedRaftLogWorker:Storage Directory /workdir/hadoop-ozone/integration-test/target/test-dir/MiniOzoneClusterImpl-8a2e4dc2-5b92-4f8e-84de-2994ad5ae8e6/datanode-5/data/ratis/c628810b-8a7a-463b-82fa-f7d2c1f2fe25: flushIndex: setUnconditionally 0 -> -1
2019-07-14 16:42:05,187 INFO  server.RaftServerConfigKeys (ConfUtils.java:logGet(43)) - raft.server.snapshot.auto.trigger.enabled = true (custom)
2019-07-14 16:42:05,187 INFO  server.RaftServerConfigKeys (ConfUtils.java:logGet(43)) - raft.server.snapshot.auto.trigger.threshold = 10000 (custom)
2019-07-14 16:42:05,187 INFO  server.RaftServerConfigKeys (ConfUtils.java:logGet(43)) - raft.server.retrycache.expirytime = 600000ms (custom)
2019-07-14 16:42:05,187 INFO  impl.RaftServerImpl (RaftServerImpl.java:start(180)) - dd198400-d517-4b15-847f-bb9982db363c: start group-F7D2C1F2FE25
2019-07-14 16:42:05,188 INFO  impl.RaftServerImpl (RaftServerImpl.java:setRole(171)) - dd198400-d517-4b15-847f-bb9982db363c:group-F7D2C1F2FE25 changes role from null to FOLLOWER at term 0 for startAsFollower
2019-07-14 16:42:05,188 INFO  impl.RoleInfo (RoleInfo.java:updateAndGet(143)) - dd198400-d517-4b15-847f-bb9982db363c: start FollowerState
2019-07-14 16:42:05,188 INFO  util.JmxRegister (JmxRegister.java:tryRegister(44)) - Successfully registered JMX Bean with object name Ratis:service=RaftServer,group=group-F7D2C1F2FE25,id=dd198400-d517-4b15-847f-bb9982db363c
2019-07-14 16:42:05,196 INFO  pipeline.PipelineStateManager (PipelineStateManager.java:addPipeline(56)) - Created pipeline Pipeline[ Id: c628810b-8a7a-463b-82fa-f7d2c1f2fe25, Nodes: dd198400-d517-4b15-847f-bb9982db363c{ip: 192.168.69.77, host: pr-hdds-1710-5x6jb-1204890111, networkLocation: /default-rack, certSerialId: null}, Type:RATIS, Factor:ONE, State:OPEN]
2019-07-14 16:42:05,228 INFO  impl.RaftServerProxy (RaftServerProxy.java:addNew(89)) - 68af30c7-8a35-4a66-abb8-efc332c037f9: addNew group-87CDDB136CF0:[dd198400-d517-4b15-847f-bb9982db363c:192.168.69.77:40917, 68af30c7-8a35-4a66-abb8-efc332c037f9:192.168.69.77:38046, dbf1b2ad-6579-45da-b190-94740564a1fa:192.168.69.77:36919] returns group-87CDDB136CF0:java.util.concurrent.CompletableFuture@5e79a7cb[Not completed]
2019-07-14 16:42:05,232 INFO  impl.RaftServerProxy (RaftServerProxy.java:addNew(89)) - dd198400-d517-4b15-847f-bb9982db363c: addNew group-87CDDB136CF0:[dd198400-d517-4b15-847f-bb9982db363c:192.168.69.77:40917, 68af30c7-8a35-4a66-abb8-efc332c037f9:192.168.69.77:38046, dbf1b2ad-6579-45da-b190-94740564a1fa:192.168.69.77:36919] returns group-87CDDB136CF0:java.util.concurrent.CompletableFuture@608efa5d[Not completed]
2019-07-14 16:42:05,233 INFO  impl.RaftServerProxy (RaftServerProxy.java:addNew(89)) - dbf1b2ad-6579-45da-b190-94740564a1fa: addNew group-87CDDB136CF0:[dd198400-d517-4b15-847f-bb9982db363c:192.168.69.77:40917, 68af30c7-8a35-4a66-abb8-efc332c037f9:192.168.69.77:38046, dbf1b2ad-6579-45da-b190-94740564a1fa:192.168.69.77:36919] returns group-87CDDB136CF0:java.util.concurrent.CompletableFuture@37e938f5[Not completed]
2019-07-14 16:42:05,233 INFO  impl.RaftServerImpl (RaftServerImpl.java:<init>(93)) - 68af30c7-8a35-4a66-abb8-efc332c037f9: new RaftServerImpl for group-87CDDB136CF0:[dd198400-d517-4b15-847f-bb9982db363c:192.168.69.77:40917, 68af30c7-8a35-4a66-abb8-efc332c037f9:192.168.69.77:38046, dbf1b2ad-6579-45da-b190-94740564a1fa:192.168.69.77:36919] with ContainerStateMachine:uninitialized
2019-07-14 16:42:05,233 INFO  server.RaftServerConfigKeys (ConfUtils.java:logGet(43)) - raft.server.rpc.timeout.min = 5s (custom)
2019-07-14 16:42:05,234 INFO  server.RaftServerConfigKeys (ConfUtils.java:logGet(43)) - raft.server.rpc.timeout.max = 5200ms (custom)
2019-07-14 16:42:05,234 INFO  server.RaftServerConfigKeys (ConfUtils.java:logGet(43)) - raft.server.rpcslowness.timeout = 120s (custom)
2019-07-14 16:42:05,234 INFO  server.RaftServerConfigKeys (ConfUtils.java:logGet(43)) - raft.server.sleep.deviation.threshold = 300 (default)
2019-07-14 16:42:05,234 INFO  server.RaftServerConfigKeys (ConfUtils.java:logGet(43)) - raft.server.log.appender.install.snapshot.enabled = false (custom)
2019-07-14 16:42:05,234 INFO  impl.RaftServerImpl (RaftServerImpl.java:<init>(93)) - dbf1b2ad-6579-45da-b190-94740564a1fa: new RaftServerImpl for group-87CDDB136CF0:[dd198400-d517-4b15-847f-bb9982db363c:192.168.69.77:40917, 68af30c7-8a35-4a66-abb8-efc332c037f9:192.168.69.77:38046, dbf1b2ad-6579-45da-b190-94740564a1fa:192.168.69.77:36919] with ContainerStateMachine:uninitialized
2019-07-14 16:42:05,234 INFO  impl.RaftServerImpl (ServerState.java:<init>(105)) - 68af30c7-8a35-4a66-abb8-efc332c037f9:group-87CDDB136CF0 ConfigurationManager, init=-1: [dd198400-d517-4b15-847f-bb9982db363c:192.168.69.77:40917, 68af30c7-8a35-4a66-abb8-efc332c037f9:192.168.69.77:38046, dbf1b2ad-6579-45da-b190-94740564a1fa:192.168.69.77:36919], old=null, confs=<EMPTY_MAP>
2019-07-14 16:42:05,234 INFO  server.RaftServerConfigKeys (ConfUtils.java:logGet(43)) - raft.server.rpc.timeout.min = 5s (custom)
2019-07-14 16:42:05,235 INFO  server.RaftServerConfigKeys (ConfUtils.java:logGet(43)) - raft.server.storage.dir = [/workdir/hadoop-ozone/integration-test/target/test-dir/MiniOzoneClusterImpl-8a2e4dc2-5b92-4f8e-84de-2994ad5ae8e6/datanode-4/data/ratis] (custom)
2019-07-14 16:42:05,235 INFO  impl.RaftServerImpl (RaftServerImpl.java:<init>(93)) - dd198400-d517-4b15-847f-bb9982db363c: new RaftServerImpl for group-87CDDB136CF0:[dd198400-d517-4b15-847f-bb9982db363c:192.168.69.77:40917, 68af30c7-8a35-4a66-abb8-efc332c037f9:192.168.69.77:38046, dbf1b2ad-6579-45da-b190-94740564a1fa:192.168.69.77:36919] with ContainerStateMachine:uninitialized
2019-07-14 16:42:05,235 INFO  server.RaftServerConfigKeys (ConfUtils.java:logGet(43)) - raft.server.rpc.timeout.max = 5200ms (custom)
2019-07-14 16:42:05,235 INFO  storage.RaftStorageDirectory (RaftStorageDirectory.java:analyzeStorage(246)) - The storage directory /workdir/hadoop-ozone/integration-test/target/test-dir/MiniOzoneClusterImpl-8a2e4dc2-5b92-4f8e-84de-2994ad5ae8e6/datanode-4/data/ratis/7eff02ec-8e3d-4721-af6b-87cddb136cf0 does not exist. Creating ...
2019-07-14 16:42:05,235 INFO  server.RaftServerConfigKeys (ConfUtils.java:logGet(43)) - raft.server.rpc.timeout.min = 5s (custom)
2019-07-14 16:42:05,235 INFO  server.RaftServerConfigKeys (ConfUtils.java:logGet(43)) - raft.server.rpcslowness.timeout = 120s (custom)
2019-07-14 16:42:05,235 INFO  server.RaftServerConfigKeys (ConfUtils.java:logGet(43)) - raft.server.rpc.timeout.max = 5200ms (custom)
2019-07-14 16:42:05,236 INFO  server.RaftServerConfigKeys (ConfUtils.java:logGet(43)) - raft.server.sleep.deviation.threshold = 300 (default)
2019-07-14 16:42:05,236 INFO  server.RaftServerConfigKeys (ConfUtils.java:logGet(43)) - raft.server.rpcslowness.timeout = 120s (custom)
2019-07-14 16:42:05,236 INFO  server.RaftServerConfigKeys (ConfUtils.java:logGet(43)) - raft.server.log.appender.install.snapshot.enabled = false (custom)
2019-07-14 16:42:05,236 INFO  server.RaftServerConfigKeys (ConfUtils.java:logGet(43)) - raft.server.sleep.deviation.threshold = 300 (default)
2019-07-14 16:42:05,236 INFO  impl.RaftServerImpl (ServerState.java:<init>(105)) - dbf1b2ad-6579-45da-b190-94740564a1fa:group-87CDDB136CF0 ConfigurationManager, init=-1: [dd198400-d517-4b15-847f-bb9982db363c:192.168.69.77:40917, 68af30c7-8a35-4a66-abb8-efc332c037f9:192.168.69.77:38046, dbf1b2ad-6579-45da-b190-94740564a1fa:192.168.69.77:36919], old=null, confs=<EMPTY_MAP>
2019-07-14 16:42:05,236 INFO  server.RaftServerConfigKeys (ConfUtils.java:logGet(43)) - raft.server.log.appender.install.snapshot.enabled = false (custom)
2019-07-14 16:42:05,236 INFO  server.RaftServerConfigKeys (ConfUtils.java:logGet(43)) - raft.server.storage.dir = [/workdir/hadoop-ozone/integration-test/target/test-dir/MiniOzoneClusterImpl-8a2e4dc2-5b92-4f8e-84de-2994ad5ae8e6/datanode-3/data/ratis] (custom)
2019-07-14 16:42:05,237 INFO  impl.RaftServerImpl (ServerState.java:<init>(105)) - dd198400-d517-4b15-847f-bb9982db363c:group-87CDDB136CF0 ConfigurationManager, init=-1: [dd198400-d517-4b15-847f-bb9982db363c:192.168.69.77:40917, 68af30c7-8a35-4a66-abb8-efc332c037f9:192.168.69.77:38046, dbf1b2ad-6579-45da-b190-94740564a1fa:192.168.69.77:36919], old=null, confs=<EMPTY_MAP>
2019-07-14 16:42:05,237 INFO  server.RaftServerConfigKeys (ConfUtils.java:logGet(43)) - raft.server.storage.dir = [/workdir/hadoop-ozone/integration-test/target/test-dir/MiniOzoneClusterImpl-8a2e4dc2-5b92-4f8e-84de-2994ad5ae8e6/datanode-5/data/ratis] (custom)
2019-07-14 16:42:05,237 INFO  storage.RaftStorageDirectory (RaftStorageDirectory.java:analyzeStorage(246)) - The storage directory /workdir/hadoop-ozone/integration-test/target/test-dir/MiniOzoneClusterImpl-8a2e4dc2-5b92-4f8e-84de-2994ad5ae8e6/datanode-3/data/ratis/7eff02ec-8e3d-4721-af6b-87cddb136cf0 does not exist. Creating ...
2019-07-14 16:42:05,237 INFO  storage.RaftStorageDirectory (RaftStorageDirectory.java:analyzeStorage(246)) - The storage directory /workdir/hadoop-ozone/integration-test/target/test-dir/MiniOzoneClusterImpl-8a2e4dc2-5b92-4f8e-84de-2994ad5ae8e6/datanode-5/data/ratis/7eff02ec-8e3d-4721-af6b-87cddb136cf0 does not exist. Creating ...
2019-07-14 16:42:05,260 INFO  storage.RaftStorageDirectory (RaftStorageDirectory.java:tryLock(328)) - Lock on /workdir/hadoop-ozone/integration-test/target/test-dir/MiniOzoneClusterImpl-8a2e4dc2-5b92-4f8e-84de-2994ad5ae8e6/datanode-3/data/ratis/7eff02ec-8e3d-4721-af6b-87cddb136cf0/in_use.lock acquired by nodename 7323@pr-hdds-1710-5x6jb-1204890111
2019-07-14 16:42:05,260 INFO  storage.RaftStorageDirectory (RaftStorageDirectory.java:tryLock(328)) - Lock on /workdir/hadoop-ozone/integration-test/target/test-dir/MiniOzoneClusterImpl-8a2e4dc2-5b92-4f8e-84de-2994ad5ae8e6/datanode-5/data/ratis/7eff02ec-8e3d-4721-af6b-87cddb136cf0/in_use.lock acquired by nodename 7323@pr-hdds-1710-5x6jb-1204890111
2019-07-14 16:42:05,260 INFO  storage.RaftStorageDirectory (RaftStorageDirectory.java:tryLock(328)) - Lock on /workdir/hadoop-ozone/integration-test/target/test-dir/MiniOzoneClusterImpl-8a2e4dc2-5b92-4f8e-84de-2994ad5ae8e6/datanode-4/data/ratis/7eff02ec-8e3d-4721-af6b-87cddb136cf0/in_use.lock acquired by nodename 7323@pr-hdds-1710-5x6jb-1204890111
2019-07-14 16:42:05,274 INFO  storage.RaftStorage (RaftStorage.java:format(72)) - Storage directory /workdir/hadoop-ozone/integration-test/target/test-dir/MiniOzoneClusterImpl-8a2e4dc2-5b92-4f8e-84de-2994ad5ae8e6/datanode-3/data/ratis/7eff02ec-8e3d-4721-af6b-87cddb136cf0 has been successfully formatted.
2019-07-14 16:42:05,274 INFO  storage.RaftStorage (RaftStorage.java:format(72)) - Storage directory /workdir/hadoop-ozone/integration-test/target/test-dir/MiniOzoneClusterImpl-8a2e4dc2-5b92-4f8e-84de-2994ad5ae8e6/datanode-5/data/ratis/7eff02ec-8e3d-4721-af6b-87cddb136cf0 has been successfully formatted.
2019-07-14 16:42:05,274 INFO  storage.RaftStorage (RaftStorage.java:format(72)) - Storage directory /workdir/hadoop-ozone/integration-test/target/test-dir/MiniOzoneClusterImpl-8a2e4dc2-5b92-4f8e-84de-2994ad5ae8e6/datanode-4/data/ratis/7eff02ec-8e3d-4721-af6b-87cddb136cf0 has been successfully formatted.
2019-07-14 16:42:05,275 INFO  ratis.ContainerStateMachine (ContainerStateMachine.java:loadSnapshot(200)) - The snapshot info is null.Setting the last applied index to:(t:0, i:~)
2019-07-14 16:42:05,275 INFO  ratis.ContainerStateMachine (ContainerStateMachine.java:loadSnapshot(200)) - The snapshot info is null.Setting the last applied index to:(t:0, i:~)
2019-07-14 16:42:05,275 INFO  ratis.ContainerStateMachine (ContainerStateMachine.java:loadSnapshot(200)) - The snapshot info is null.Setting the last applied index to:(t:0, i:~)
2019-07-14 16:42:05,275 INFO  server.RaftServerConfigKeys (ConfUtils.java:logGet(43)) - raft.server.leader.election.timeout = 120s (custom)
2019-07-14 16:42:05,275 INFO  server.RaftServerConfigKeys (ConfUtils.java:logGet(43)) - raft.server.leader.election.timeout = 120s (custom)
2019-07-14 16:42:05,276 INFO  server.RaftServerConfigKeys (ConfUtils.java:logGet(43)) - raft.server.log.use.memory = false (default)
2019-07-14 16:42:05,275 INFO  server.RaftServerConfigKeys (ConfUtils.java:logGet(43)) - raft.server.leader.election.timeout = 120s (custom)
2019-07-14 16:42:05,276 INFO  server.RaftServerConfigKeys (ConfUtils.java:logGet(43)) - raft.server.log.purge.gap = 1000000000 (custom)
2019-07-14 16:42:05,276 INFO  server.RaftServerConfigKeys (ConfUtils.java:logGet(43)) - raft.server.log.use.memory = false (default)
2019-07-14 16:42:05,276 INFO  server.RaftServerConfigKeys (ConfUtils.java:logGet(43)) - raft.server.log.appender.buffer.byte-limit = 33554432 (custom)
2019-07-14 16:42:05,276 INFO  server.RaftServerConfigKeys (ConfUtils.java:logGet(43)) - raft.server.log.use.memory = false (default)
2019-07-14 16:42:05,277 INFO  server.RaftServerConfigKeys (ConfUtils.java:logGet(43)) - raft.server.log.segment.size.max = 1048576 (custom)
2019-07-14 16:42:05,277 INFO  server.RaftServerConfigKeys (ConfUtils.java:logGet(43)) - raft.server.log.purge.gap = 1000000000 (custom)
2019-07-14 16:42:05,277 INFO  server.RaftServerConfigKeys (ConfUtils.java:logGet(43)) - raft.server.log.segment.cache.num.max = 2 (custom)
2019-07-14 16:42:05,277 INFO  server.RaftServerConfigKeys (ConfUtils.java:logGet(43)) - raft.server.log.purge.gap = 1000000000 (custom)
2019-07-14 16:42:05,277 INFO  segmented.SegmentedRaftLogWorker (SegmentedRaftLogWorker.java:<init>(172)) - new 68af30c7-8a35-4a66-abb8-efc332c037f9-SegmentedRaftLogWorker:Storage Directory /workdir/hadoop-ozone/integration-test/target/test-dir/MiniOzoneClusterImpl-8a2e4dc2-5b92-4f8e-84de-2994ad5ae8e6/datanode-4/data/ratis/7eff02ec-8e3d-4721-af6b-87cddb136cf0 for RaftStorage:Storage Directory /workdir/hadoop-ozone/integration-test/target/test-dir/MiniOzoneClusterImpl-8a2e4dc2-5b92-4f8e-84de-2994ad5ae8e6/datanode-4/data/ratis/7eff02ec-8e3d-4721-af6b-87cddb136cf0
2019-07-14 16:42:05,277 INFO  server.RaftServerConfigKeys (ConfUtils.java:logGet(43)) - raft.server.log.appender.buffer.byte-limit = 33554432 (custom)
2019-07-14 16:42:05,278 INFO  server.RaftServerConfigKeys (ConfUtils.java:logGet(43)) - raft.server.log.queue.byte-limit = 2147483647 (custom)
2019-07-14 16:42:05,278 INFO  server.RaftServerConfigKeys (ConfUtils.java:logGet(43)) - raft.server.log.appender.buffer.byte-limit = 33554432 (custom)
2019-07-14 16:42:05,278 INFO  server.RaftServerConfigKeys (ConfUtils.java:logGet(43)) - raft.server.log.queue.element-limit = 1024 (custom)
2019-07-14 16:42:05,278 INFO  server.RaftServerConfigKeys (ConfUtils.java:logGet(43)) - raft.server.log.segment.size.max = 1048576 (custom)
2019-07-14 16:42:05,278 INFO  server.RaftServerConfigKeys (ConfUtils.java:logGet(43)) - raft.server.log.segment.size.max = 1048576 (custom)
2019-07-14 16:42:05,278 INFO  server.RaftServerConfigKeys (ConfUtils.java:logGet(43)) - raft.server.log.segment.size.max = 1048576 (custom)
2019-07-14 16:42:05,279 INFO  server.RaftServerConfigKeys (ConfUtils.java:logGet(43)) - raft.server.log.preallocated.size = 16384 (custom)
2019-07-14 16:42:05,279 INFO  server.RaftServerConfigKeys (ConfUtils.java:logGet(43)) - raft.server.log.segment.cache.num.max = 2 (custom)
2019-07-14 16:42:05,279 INFO  server.RaftServerConfigKeys (ConfUtils.java:logGet(43)) - raft.server.log.write.buffer.size = 33554432 (custom)
2019-07-14 16:42:05,279 INFO  server.RaftServerConfigKeys (ConfUtils.java:logGet(43)) - raft.server.log.segment.cache.num.max = 2 (custom)
2019-07-14 16:42:05,279 INFO  server.RaftServerConfigKeys (ConfUtils.java:logGet(43)) - raft.server.log.force.sync.num = 128 (default)
2019-07-14 16:42:05,280 INFO  server.RaftServerConfigKeys (ConfUtils.java:logGet(43)) - raft.server.log.statemachine.data.sync = true (default)
2019-07-14 16:42:05,279 INFO  segmented.SegmentedRaftLogWorker (SegmentedRaftLogWorker.java:<init>(172)) - new dd198400-d517-4b15-847f-bb9982db363c-SegmentedRaftLogWorker:Storage Directory /workdir/hadoop-ozone/integration-test/target/test-dir/MiniOzoneClusterImpl-8a2e4dc2-5b92-4f8e-84de-2994ad5ae8e6/datanode-5/data/ratis/7eff02ec-8e3d-4721-af6b-87cddb136cf0 for RaftStorage:Storage Directory /workdir/hadoop-ozone/integration-test/target/test-dir/MiniOzoneClusterImpl-8a2e4dc2-5b92-4f8e-84de-2994ad5ae8e6/datanode-5/data/ratis/7eff02ec-8e3d-4721-af6b-87cddb136cf0
2019-07-14 16:42:05,280 INFO  server.RaftServerConfigKeys (ConfUtils.java:logGet(43)) - raft.server.log.statemachine.data.sync.timeout = 10s (default)
2019-07-14 16:42:05,280 INFO  segmented.SegmentedRaftLogWorker (SegmentedRaftLogWorker.java:<init>(172)) - new dbf1b2ad-6579-45da-b190-94740564a1fa-SegmentedRaftLogWorker:Storage Directory /workdir/hadoop-ozone/integration-test/target/test-dir/MiniOzoneClusterImpl-8a2e4dc2-5b92-4f8e-84de-2994ad5ae8e6/datanode-3/data/ratis/7eff02ec-8e3d-4721-af6b-87cddb136cf0 for RaftStorage:Storage Directory /workdir/hadoop-ozone/integration-test/target/test-dir/MiniOzoneClusterImpl-8a2e4dc2-5b92-4f8e-84de-2994ad5ae8e6/datanode-3/data/ratis/7eff02ec-8e3d-4721-af6b-87cddb136cf0
2019-07-14 16:42:05,280 INFO  server.RaftServerConfigKeys (ConfUtils.java:logGet(43)) - raft.server.log.statemachine.data.sync.timeout.retry = -1 (default)
2019-07-14 16:42:05,280 INFO  server.RaftServerConfigKeys (ConfUtils.java:logGet(43)) - raft.server.log.queue.byte-limit = 2147483647 (custom)
2019-07-14 16:42:05,281 INFO  server.RaftServerConfigKeys (ConfUtils.java:logGet(43)) - raft.server.log.statemachine.data.caching.enabled = true (custom)
2019-07-14 16:42:05,281 INFO  server.RaftServerConfigKeys (ConfUtils.java:logGet(43)) - raft.server.log.queue.byte-limit = 2147483647 (custom)
2019-07-14 16:42:05,281 INFO  server.RaftServerConfigKeys (ConfUtils.java:logGet(43)) - raft.server.log.queue.element-limit = 1024 (custom)
2019-07-14 16:42:05,281 INFO  segmented.SegmentedRaftLogWorker (SegmentedRaftLogWorker.java:lambda$new$0(132)) - 68af30c7-8a35-4a66-abb8-efc332c037f9-SegmentedRaftLogWorker:Storage Directory /workdir/hadoop-ozone/integration-test/target/test-dir/MiniOzoneClusterImpl-8a2e4dc2-5b92-4f8e-84de-2994ad5ae8e6/datanode-4/data/ratis/7eff02ec-8e3d-4721-af6b-87cddb136cf0: flushIndex: setUnconditionally 0 -> -1
2019-07-14 16:42:05,281 INFO  server.RaftServerConfigKeys (ConfUtils.java:logGet(43)) - raft.server.log.queue.element-limit = 1024 (custom)
2019-07-14 16:42:05,282 INFO  server.RaftServerConfigKeys (ConfUtils.java:logGet(43)) - raft.server.log.segment.size.max = 1048576 (custom)
2019-07-14 16:42:05,282 INFO  server.RaftServerConfigKeys (ConfUtils.java:logGet(43)) - raft.server.log.segment.size.max = 1048576 (custom)
2019-07-14 16:42:05,282 INFO  server.RaftServerConfigKeys (ConfUtils.java:logGet(43)) - raft.server.snapshot.auto.trigger.enabled = true (custom)
2019-07-14 16:42:05,282 INFO  server.RaftServerConfigKeys (ConfUtils.java:logGet(43)) - raft.server.log.preallocated.size = 16384 (custom)
2019-07-14 16:42:05,282 INFO  server.RaftServerConfigKeys (ConfUtils.java:logGet(43)) - raft.server.log.preallocated.size = 16384 (custom)
2019-07-14 16:42:05,283 INFO  server.RaftServerConfigKeys (ConfUtils.java:logGet(43)) - raft.server.log.write.buffer.size = 33554432 (custom)
2019-07-14 16:42:05,282 INFO  server.RaftServerConfigKeys (ConfUtils.java:logGet(43)) - raft.server.snapshot.auto.trigger.threshold = 10000 (custom)
2019-07-14 16:42:05,283 INFO  server.RaftServerConfigKeys (ConfUtils.java:logGet(43)) - raft.server.log.force.sync.num = 128 (default)
2019-07-14 16:42:05,283 INFO  server.RaftServerConfigKeys (ConfUtils.java:logGet(43)) - raft.server.log.write.buffer.size = 33554432 (custom)
2019-07-14 16:42:05,283 INFO  server.RaftServerConfigKeys (ConfUtils.java:logGet(43)) - raft.server.log.statemachine.data.sync = true (default)
2019-07-14 16:42:05,283 INFO  server.RaftServerConfigKeys (ConfUtils.java:logGet(43)) - raft.server.retrycache.expirytime = 600000ms (custom)
2019-07-14 16:42:05,284 INFO  server.RaftServerConfigKeys (ConfUtils.java:logGet(43)) - raft.server.log.statemachine.data.sync.timeout = 10s (default)
2019-07-14 16:42:05,284 INFO  server.RaftServerConfigKeys (ConfUtils.java:logGet(43)) - raft.server.log.force.sync.num = 128 (default)
2019-07-14 16:42:05,284 INFO  server.RaftServerConfigKeys (ConfUtils.java:logGet(43)) - raft.server.log.statemachine.data.sync.timeout.retry = -1 (default)
2019-07-14 16:42:05,284 INFO  impl.RaftServerImpl (RaftServerImpl.java:start(180)) - 68af30c7-8a35-4a66-abb8-efc332c037f9: start group-87CDDB136CF0
2019-07-14 16:42:05,284 INFO  server.RaftServerConfigKeys (ConfUtils.java:logGet(43)) - raft.server.log.statemachine.data.caching.enabled = true (custom)
2019-07-14 16:42:05,284 INFO  server.RaftServerConfigKeys (ConfUtils.java:logGet(43)) - raft.server.log.statemachine.data.sync = true (default)
2019-07-14 16:42:05,285 INFO  segmented.SegmentedRaftLogWorker (SegmentedRaftLogWorker.java:lambda$new$0(132)) - dbf1b2ad-6579-45da-b190-94740564a1fa-SegmentedRaftLogWorker:Storage Directory /workdir/hadoop-ozone/integration-test/target/test-dir/MiniOzoneClusterImpl-8a2e4dc2-5b92-4f8e-84de-2994ad5ae8e6/datanode-3/data/ratis/7eff02ec-8e3d-4721-af6b-87cddb136cf0: flushIndex: setUnconditionally 0 -> -1
2019-07-14 16:42:05,284 INFO  impl.RaftServerImpl (RaftServerImpl.java:setRole(171)) - 68af30c7-8a35-4a66-abb8-efc332c037f9:group-87CDDB136CF0 changes role from null to FOLLOWER at term 0 for startAsFollower
2019-07-14 16:42:05,285 INFO  server.RaftServerConfigKeys (ConfUtils.java:logGet(43)) - raft.server.log.statemachine.data.sync.timeout = 10s (default)
2019-07-14 16:42:05,285 INFO  server.RaftServerConfigKeys (ConfUtils.java:logGet(43)) - raft.server.snapshot.auto.trigger.enabled = true (custom)
2019-07-14 16:42:05,285 INFO  impl.RoleInfo (RoleInfo.java:updateAndGet(143)) - 68af30c7-8a35-4a66-abb8-efc332c037f9: start FollowerState
2019-07-14 16:42:05,285 INFO  server.RaftServerConfigKeys (ConfUtils.java:logGet(43)) - raft.server.snapshot.auto.trigger.threshold = 10000 (custom)
2019-07-14 16:42:05,285 INFO  server.RaftServerConfigKeys (ConfUtils.java:logGet(43)) - raft.server.log.statemachine.data.sync.timeout.retry = -1 (default)
2019-07-14 16:42:05,286 INFO  server.RaftServerConfigKeys (ConfUtils.java:logGet(43)) - raft.server.retrycache.expirytime = 600000ms (custom)
2019-07-14 16:42:05,388 INFO  ozone.MiniOzoneClusterImpl (MiniOzoneClusterImpl.java:lambda$waitForClusterToBeReady$0(142)) - Waiting for cluster to be ready. Got 6 of 7 DN Heartbeats.
2019-07-14 16:42:05,388 INFO  util.JmxRegister (JmxRegister.java:tryRegister(44)) - Successfully registered JMX Bean with object name Ratis:service=RaftServer,group=group-87CDDB136CF0,id=68af30c7-8a35-4a66-abb8-efc332c037f9
2019-07-14 16:42:05,388 INFO  impl.RaftServerImpl (RaftServerImpl.java:start(180)) - dbf1b2ad-6579-45da-b190-94740564a1fa: start group-87CDDB136CF0
2019-07-14 16:42:05,388 INFO  server.RaftServerConfigKeys (ConfUtils.java:logGet(43)) - raft.server.log.statemachine.data.caching.enabled = true (custom)
2019-07-14 16:42:05,389 INFO  impl.RaftServerImpl (RaftServerImpl.java:setRole(171)) - dbf1b2ad-6579-45da-b190-94740564a1fa:group-87CDDB136CF0 changes role from null to FOLLOWER at term 0 for startAsFollower
2019-07-14 16:42:05,389 INFO  impl.RoleInfo (RoleInfo.java:updateAndGet(143)) - dbf1b2ad-6579-45da-b190-94740564a1fa: start FollowerState
2019-07-14 16:42:05,389 INFO  segmented.SegmentedRaftLogWorker (SegmentedRaftLogWorker.java:lambda$new$0(132)) - dd198400-d517-4b15-847f-bb9982db363c-SegmentedRaftLogWorker:Storage Directory /workdir/hadoop-ozone/integration-test/target/test-dir/MiniOzoneClusterImpl-8a2e4dc2-5b92-4f8e-84de-2994ad5ae8e6/datanode-5/data/ratis/7eff02ec-8e3d-4721-af6b-87cddb136cf0: flushIndex: setUnconditionally 0 -> -1
2019-07-14 16:42:05,390 INFO  node.SCMNodeManager (SCMNodeManager.java:register(269)) - Registered Data node : 0e096a1f-a852-4f95-8c23-22ecb22ee1ce{ip: 192.168.69.77, host: pr-hdds-1710-5x6jb-1204890111, networkLocation: /default-rack, certSerialId: null}
2019-07-14 16:42:05,390 INFO  server.RaftServerConfigKeys (ConfUtils.java:logGet(43)) - raft.server.snapshot.auto.trigger.enabled = true (custom)
2019-07-14 16:42:05,390 INFO  util.JmxRegister (JmxRegister.java:tryRegister(44)) - Successfully registered JMX Bean with object name Ratis:service=RaftServer,group=group-87CDDB136CF0,id=dbf1b2ad-6579-45da-b190-94740564a1fa
2019-07-14 16:42:05,390 INFO  server.RaftServerConfigKeys (ConfUtils.java:logGet(43)) - raft.server.snapshot.auto.trigger.threshold = 10000 (custom)
2019-07-14 16:42:05,448 INFO  server.RaftServerConfigKeys (ConfUtils.java:logGet(43)) - raft.server.retrycache.expirytime = 600000ms (custom)
2019-07-14 16:42:05,458 INFO  impl.RaftServerImpl (RaftServerImpl.java:start(180)) - dd198400-d517-4b15-847f-bb9982db363c: start group-87CDDB136CF0
2019-07-14 16:42:05,470 INFO  impl.RaftServerImpl (RaftServerImpl.java:setRole(171)) - dd198400-d517-4b15-847f-bb9982db363c:group-87CDDB136CF0 changes role from null to FOLLOWER at term 0 for startAsFollower
2019-07-14 16:42:05,471 INFO  impl.RoleInfo (RoleInfo.java:updateAndGet(143)) - dd198400-d517-4b15-847f-bb9982db363c: start FollowerState
2019-07-14 16:42:05,471 INFO  util.JmxRegister (JmxRegister.java:tryRegister(44)) - Successfully registered JMX Bean with object name Ratis:service=RaftServer,group=group-87CDDB136CF0,id=dd198400-d517-4b15-847f-bb9982db363c
2019-07-14 16:42:05,482 INFO  pipeline.PipelineStateManager (PipelineStateManager.java:addPipeline(56)) - Created pipeline Pipeline[ Id: 7eff02ec-8e3d-4721-af6b-87cddb136cf0, Nodes: dbf1b2ad-6579-45da-b190-94740564a1fa{ip: 192.168.69.77, host: pr-hdds-1710-5x6jb-1204890111, networkLocation: /default-rack, certSerialId: null}68af30c7-8a35-4a66-abb8-efc332c037f9{ip: 192.168.69.77, host: pr-hdds-1710-5x6jb-1204890111, networkLocation: /default-rack, certSerialId: null}dd198400-d517-4b15-847f-bb9982db363c{ip: 192.168.69.77, host: pr-hdds-1710-5x6jb-1204890111, networkLocation: /default-rack, certSerialId: null}, Type:RATIS, Factor:THREE, State:OPEN]
2019-07-14 16:42:06,388 INFO  ozone.MiniOzoneClusterImpl (MiniOzoneClusterImpl.java:lambda$waitForClusterToBeReady$0(142)) - Cluster is ready. Got 7 of 7 DN Heartbeats.
2019-07-14 16:42:06,444 INFO  rpc.RpcClient (RpcClient.java:createVolume(287)) - Creating Volume: watchforcommithandlingtest, with jenkins1000 as owner.
2019-07-14 16:42:06,468 INFO  rpc.RpcClient (RpcClient.java:createBucket(424)) - Creating Bucket: watchforcommithandlingtest/watchforcommithandlingtest, with Versioning false and Storage Type set to DISK and Encryption set to false 
2019-07-14 16:42:06,474 INFO  ozone.MiniOzoneClusterImpl (MiniOzoneClusterImpl.java:getStorageContainerLocationClient(241)) - Creating StorageContainerLocationProtocol RPC client with address /0.0.0.0:46100
2019-07-14 16:42:06,529 INFO  client.GrpcClientProtocolClient (GrpcClientProtocolClient.java:onNext(255)) - client-66187A59C24B->68a5dfdb-c74c-438f-a088-2062485c848e: receive RaftClientReply:client-66187A59C24B->68a5dfdb-c74c-438f-a088-2062485c848e@group-5DE829442D67, cid=37, FAILED org.apache.ratis.protocol.NotLeaderException: Server 68a5dfdb-c74c-438f-a088-2062485c848e is not the leader (null). Request must be sent to leader., logIndex=0, commits[68a5dfdb-c74c-438f-a088-2062485c848e:c-1]
2019-07-14 16:42:06,906 INFO  container.ReplicationManager (ReplicationManager.java:start(155)) - Starting Replication Monitor Thread.
2019-07-14 16:42:06,914 INFO  container.ReplicationManager (ReplicationManager.java:run(207)) - Replication Monitor Thread took 0 milliseconds for processing 1 containers.
2019-07-14 16:42:07,592 INFO  client.GrpcClientProtocolClient (GrpcClientProtocolClient.java:onNext(255)) - client-66187A59C24B->77d8bfd8-9417-42e4-b630-e55bb18b8339: receive RaftClientReply:client-66187A59C24B->77d8bfd8-9417-42e4-b630-e55bb18b8339@group-5DE829442D67, cid=37, FAILED org.apache.ratis.protocol.NotLeaderException: Server 77d8bfd8-9417-42e4-b630-e55bb18b8339 is not the leader (null). Request must be sent to leader., logIndex=0, commits[77d8bfd8-9417-42e4-b630-e55bb18b8339:c-1]
2019-07-14 16:42:08,622 INFO  client.GrpcClientProtocolClient (GrpcClientProtocolClient.java:onNext(255)) - client-66187A59C24B->68a5dfdb-c74c-438f-a088-2062485c848e: receive RaftClientReply:client-66187A59C24B->68a5dfdb-c74c-438f-a088-2062485c848e@group-5DE829442D67, cid=37, FAILED org.apache.ratis.protocol.NotLeaderException: Server 68a5dfdb-c74c-438f-a088-2062485c848e is not the leader (null). Request must be sent to leader., logIndex=0, commits[68a5dfdb-c74c-438f-a088-2062485c848e:c-1]
2019-07-14 16:42:09,118 INFO  impl.FollowerState (FollowerState.java:run(106)) - ce51f40e-6b80-4084-8b29-ef5c0bb939b1:group-3CB4675C9B5B changes to CANDIDATE, lastRpcTime:5130, electionTimeout:5130ms
2019-07-14 16:42:09,119 INFO  impl.RoleInfo (RoleInfo.java:shutdownFollowerState(121)) - ce51f40e-6b80-4084-8b29-ef5c0bb939b1: shutdown FollowerState
2019-07-14 16:42:09,119 INFO  impl.RaftServerImpl (RaftServerImpl.java:setRole(171)) - ce51f40e-6b80-4084-8b29-ef5c0bb939b1:group-3CB4675C9B5B changes role from FOLLOWER to CANDIDATE at term 0 for changeToCandidate
2019-07-14 16:42:09,119 INFO  impl.RoleInfo (RoleInfo.java:updateAndGet(143)) - ce51f40e-6b80-4084-8b29-ef5c0bb939b1: start LeaderElection
2019-07-14 16:42:09,158 INFO  impl.LeaderElection (LeaderElection.java:askForVotes(181)) - ce51f40e-6b80-4084-8b29-ef5c0bb939b1:group-3CB4675C9B5B:LeaderElection11: begin an election at term 1 for -1: [ce51f40e-6b80-4084-8b29-ef5c0bb939b1:192.168.69.77:45088], old=null
2019-07-14 16:42:09,158 INFO  impl.RoleInfo (RoleInfo.java:shutdownLeaderElection(134)) - ce51f40e-6b80-4084-8b29-ef5c0bb939b1: shutdown LeaderElection
2019-07-14 16:42:09,158 INFO  impl.RaftServerImpl (RaftServerImpl.java:setRole(171)) - ce51f40e-6b80-4084-8b29-ef5c0bb939b1:group-3CB4675C9B5B changes role from CANDIDATE to LEADER at term 1 for changeToLeader
2019-07-14 16:42:09,159 INFO  impl.RaftServerImpl (ServerState.java:setLeader(263)) - ce51f40e-6b80-4084-8b29-ef5c0bb939b1:group-3CB4675C9B5B change Leader from null to ce51f40e-6b80-4084-8b29-ef5c0bb939b1 at term 1 for becomeLeader, leader elected after 5177ms
2019-07-14 16:42:09,159 INFO  server.RaftServerConfigKeys (ConfUtils.java:logGet(43)) - raft.server.staging.catchup.gap = 1000 (default)
2019-07-14 16:42:09,159 INFO  server.RaftServerConfigKeys (ConfUtils.java:logGet(43)) - raft.server.rpc.sleep.time = 25ms (default)
2019-07-14 16:42:09,159 INFO  server.RaftServerConfigKeys (ConfUtils.java:logGet(43)) - raft.server.write.element-limit = 4096 (default)
2019-07-14 16:42:09,159 INFO  server.RaftServerConfigKeys (ConfUtils.java:logGet(43)) - raft.server.watch.timeout = 10s (default)
2019-07-14 16:42:09,160 INFO  server.RaftServerConfigKeys (ConfUtils.java:logGet(43)) - raft.server.watch.timeout.denomination = 1s (default)
2019-07-14 16:42:09,160 INFO  server.RaftServerConfigKeys (ConfUtils.java:logGet(43)) - raft.server.watch.element-limit = 65536 (default)
2019-07-14 16:42:09,160 INFO  impl.RoleInfo (RoleInfo.java:updateAndGet(143)) - ce51f40e-6b80-4084-8b29-ef5c0bb939b1: start LeaderState
2019-07-14 16:42:09,160 INFO  segmented.SegmentedRaftLogWorker (SegmentedRaftLogWorker.java:startLogSegment(380)) - ce51f40e-6b80-4084-8b29-ef5c0bb939b1-SegmentedRaftLogWorker:Storage Directory /workdir/hadoop-ozone/integration-test/target/test-dir/MiniOzoneClusterImpl-8a2e4dc2-5b92-4f8e-84de-2994ad5ae8e6/datanode-0/data/ratis/bcadeb20-2c39-4857-9c70-3cb4675c9b5b: Starting segment from index:0
2019-07-14 16:42:09,161 INFO  impl.RaftServerImpl (ServerState.java:setRaftConf(361)) - ce51f40e-6b80-4084-8b29-ef5c0bb939b1:group-3CB4675C9B5B set configuration 0: [ce51f40e-6b80-4084-8b29-ef5c0bb939b1:192.168.69.77:45088], old=null at 0
2019-07-14 16:42:09,189 INFO  segmented.SegmentedRaftLogWorker (SegmentedRaftLogWorker.java:execute(569)) - ce51f40e-6b80-4084-8b29-ef5c0bb939b1-SegmentedRaftLogWorker:Storage Directory /workdir/hadoop-ozone/integration-test/target/test-dir/MiniOzoneClusterImpl-8a2e4dc2-5b92-4f8e-84de-2994ad5ae8e6/datanode-0/data/ratis/bcadeb20-2c39-4857-9c70-3cb4675c9b5b: created new log segment /workdir/hadoop-ozone/integration-test/target/test-dir/MiniOzoneClusterImpl-8a2e4dc2-5b92-4f8e-84de-2994ad5ae8e6/datanode-0/data/ratis/bcadeb20-2c39-4857-9c70-3cb4675c9b5b/current/log_inprogress_0
2019-07-14 16:42:09,247 INFO  impl.FollowerState (FollowerState.java:run(106)) - 68a5dfdb-c74c-438f-a088-2062485c848e:group-DF00E9C52F19 changes to CANDIDATE, lastRpcTime:5049, electionTimeout:5049ms
2019-07-14 16:42:09,247 INFO  impl.RoleInfo (RoleInfo.java:shutdownFollowerState(121)) - 68a5dfdb-c74c-438f-a088-2062485c848e: shutdown FollowerState
2019-07-14 16:42:09,247 INFO  impl.RaftServerImpl (RaftServerImpl.java:setRole(171)) - 68a5dfdb-c74c-438f-a088-2062485c848e:group-DF00E9C52F19 changes role from FOLLOWER to CANDIDATE at term 0 for changeToCandidate
2019-07-14 16:42:09,247 INFO  impl.RoleInfo (RoleInfo.java:updateAndGet(143)) - 68a5dfdb-c74c-438f-a088-2062485c848e: start LeaderElection
2019-07-14 16:42:09,270 INFO  impl.LeaderElection (LeaderElection.java:askForVotes(181)) - 68a5dfdb-c74c-438f-a088-2062485c848e:group-DF00E9C52F19:LeaderElection12: begin an election at term 1 for -1: [68a5dfdb-c74c-438f-a088-2062485c848e:192.168.69.77:37181], old=null
2019-07-14 16:42:09,270 INFO  impl.RoleInfo (RoleInfo.java:shutdownLeaderElection(134)) - 68a5dfdb-c74c-438f-a088-2062485c848e: shutdown LeaderElection
2019-07-14 16:42:09,270 INFO  impl.RaftServerImpl (RaftServerImpl.java:setRole(171)) - 68a5dfdb-c74c-438f-a088-2062485c848e:group-DF00E9C52F19 changes role from CANDIDATE to LEADER at term 1 for changeToLeader
2019-07-14 16:42:09,271 INFO  impl.RaftServerImpl (ServerState.java:setLeader(263)) - 68a5dfdb-c74c-438f-a088-2062485c848e:group-DF00E9C52F19 change Leader from null to 68a5dfdb-c74c-438f-a088-2062485c848e at term 1 for becomeLeader, leader elected after 5078ms
2019-07-14 16:42:09,271 INFO  server.RaftServerConfigKeys (ConfUtils.java:logGet(43)) - raft.server.staging.catchup.gap = 1000 (default)
2019-07-14 16:42:09,271 INFO  server.RaftServerConfigKeys (ConfUtils.java:logGet(43)) - raft.server.rpc.sleep.time = 25ms (default)
2019-07-14 16:42:09,271 INFO  server.RaftServerConfigKeys (ConfUtils.java:logGet(43)) - raft.server.write.element-limit = 4096 (default)
2019-07-14 16:42:09,271 INFO  server.RaftServerConfigKeys (ConfUtils.java:logGet(43)) - raft.server.watch.timeout = 10s (default)
2019-07-14 16:42:09,272 INFO  server.RaftServerConfigKeys (ConfUtils.java:logGet(43)) - raft.server.watch.timeout.denomination = 1s (default)
2019-07-14 16:42:09,272 INFO  server.RaftServerConfigKeys (ConfUtils.java:logGet(43)) - raft.server.watch.element-limit = 65536 (default)
2019-07-14 16:42:09,272 INFO  impl.RoleInfo (RoleInfo.java:updateAndGet(143)) - 68a5dfdb-c74c-438f-a088-2062485c848e: start LeaderState
2019-07-14 16:42:09,272 INFO  segmented.SegmentedRaftLogWorker (SegmentedRaftLogWorker.java:startLogSegment(380)) - 68a5dfdb-c74c-438f-a088-2062485c848e-SegmentedRaftLogWorker:Storage Directory /workdir/hadoop-ozone/integration-test/target/test-dir/MiniOzoneClusterImpl-8a2e4dc2-5b92-4f8e-84de-2994ad5ae8e6/datanode-1/data/ratis/37983371-7f30-49cc-8836-df00e9c52f19: Starting segment from index:0
2019-07-14 16:42:09,273 INFO  impl.RaftServerImpl (ServerState.java:setRaftConf(361)) - 68a5dfdb-c74c-438f-a088-2062485c848e:group-DF00E9C52F19 set configuration 0: [68a5dfdb-c74c-438f-a088-2062485c848e:192.168.69.77:37181], old=null at 0
2019-07-14 16:42:09,309 INFO  segmented.SegmentedRaftLogWorker (SegmentedRaftLogWorker.java:execute(569)) - 68a5dfdb-c74c-438f-a088-2062485c848e-SegmentedRaftLogWorker:Storage Directory /workdir/hadoop-ozone/integration-test/target/test-dir/MiniOzoneClusterImpl-8a2e4dc2-5b92-4f8e-84de-2994ad5ae8e6/datanode-1/data/ratis/37983371-7f30-49cc-8836-df00e9c52f19: created new log segment /workdir/hadoop-ozone/integration-test/target/test-dir/MiniOzoneClusterImpl-8a2e4dc2-5b92-4f8e-84de-2994ad5ae8e6/datanode-1/data/ratis/37983371-7f30-49cc-8836-df00e9c52f19/current/log_inprogress_0
2019-07-14 16:42:09,412 INFO  impl.FollowerState (FollowerState.java:run(106)) - 77d8bfd8-9417-42e4-b630-e55bb18b8339:group-03C413E94950 changes to CANDIDATE, lastRpcTime:5005, electionTimeout:5005ms
2019-07-14 16:42:09,412 INFO  impl.RoleInfo (RoleInfo.java:shutdownFollowerState(121)) - 77d8bfd8-9417-42e4-b630-e55bb18b8339: shutdown FollowerState
2019-07-14 16:42:09,412 INFO  impl.RaftServerImpl (RaftServerImpl.java:setRole(171)) - 77d8bfd8-9417-42e4-b630-e55bb18b8339:group-03C413E94950 changes role from FOLLOWER to CANDIDATE at term 0 for changeToCandidate
2019-07-14 16:42:09,413 INFO  impl.RoleInfo (RoleInfo.java:updateAndGet(143)) - 77d8bfd8-9417-42e4-b630-e55bb18b8339: start LeaderElection
2019-07-14 16:42:09,441 INFO  impl.LeaderElection (LeaderElection.java:askForVotes(181)) - 77d8bfd8-9417-42e4-b630-e55bb18b8339:group-03C413E94950:LeaderElection13: begin an election at term 1 for -1: [77d8bfd8-9417-42e4-b630-e55bb18b8339:192.168.69.77:39034], old=null
2019-07-14 16:42:09,441 INFO  impl.RoleInfo (RoleInfo.java:shutdownLeaderElection(134)) - 77d8bfd8-9417-42e4-b630-e55bb18b8339: shutdown LeaderElection
2019-07-14 16:42:09,441 INFO  impl.RaftServerImpl (RaftServerImpl.java:setRole(171)) - 77d8bfd8-9417-42e4-b630-e55bb18b8339:group-03C413E94950 changes role from CANDIDATE to LEADER at term 1 for changeToLeader
2019-07-14 16:42:09,441 INFO  impl.RaftServerImpl (ServerState.java:setLeader(263)) - 77d8bfd8-9417-42e4-b630-e55bb18b8339:group-03C413E94950 change Leader from null to 77d8bfd8-9417-42e4-b630-e55bb18b8339 at term 1 for becomeLeader, leader elected after 5039ms
2019-07-14 16:42:09,441 INFO  server.RaftServerConfigKeys (ConfUtils.java:logGet(43)) - raft.server.staging.catchup.gap = 1000 (default)
2019-07-14 16:42:09,442 INFO  server.RaftServerConfigKeys (ConfUtils.java:logGet(43)) - raft.server.rpc.sleep.time = 25ms (default)
2019-07-14 16:42:09,442 INFO  server.RaftServerConfigKeys (ConfUtils.java:logGet(43)) - raft.server.write.element-limit = 4096 (default)
2019-07-14 16:42:09,442 INFO  server.RaftServerConfigKeys (ConfUtils.java:logGet(43)) - raft.server.watch.timeout = 10s (default)
2019-07-14 16:42:09,442 INFO  server.RaftServerConfigKeys (ConfUtils.java:logGet(43)) - raft.server.watch.timeout.denomination = 1s (default)
2019-07-14 16:42:09,442 INFO  server.RaftServerConfigKeys (ConfUtils.java:logGet(43)) - raft.server.watch.element-limit = 65536 (default)
2019-07-14 16:42:09,443 INFO  impl.RoleInfo (RoleInfo.java:updateAndGet(143)) - 77d8bfd8-9417-42e4-b630-e55bb18b8339: start LeaderState
2019-07-14 16:42:09,443 INFO  segmented.SegmentedRaftLogWorker (SegmentedRaftLogWorker.java:startLogSegment(380)) - 77d8bfd8-9417-42e4-b630-e55bb18b8339-SegmentedRaftLogWorker:Storage Directory /workdir/hadoop-ozone/integration-test/target/test-dir/MiniOzoneClusterImpl-8a2e4dc2-5b92-4f8e-84de-2994ad5ae8e6/datanode-2/data/ratis/63171287-f45b-4264-bf67-03c413e94950: Starting segment from index:0
2019-07-14 16:42:09,443 INFO  impl.RaftServerImpl (ServerState.java:setRaftConf(361)) - 77d8bfd8-9417-42e4-b630-e55bb18b8339:group-03C413E94950 set configuration 0: [77d8bfd8-9417-42e4-b630-e55bb18b8339:192.168.69.77:39034], old=null at 0
2019-07-14 16:42:09,478 INFO  segmented.SegmentedRaftLogWorker (SegmentedRaftLogWorker.java:execute(569)) - 77d8bfd8-9417-42e4-b630-e55bb18b8339-SegmentedRaftLogWorker:Storage Directory /workdir/hadoop-ozone/integration-test/target/test-dir/MiniOzoneClusterImpl-8a2e4dc2-5b92-4f8e-84de-2994ad5ae8e6/datanode-2/data/ratis/63171287-f45b-4264-bf67-03c413e94950: created new log segment /workdir/hadoop-ozone/integration-test/target/test-dir/MiniOzoneClusterImpl-8a2e4dc2-5b92-4f8e-84de-2994ad5ae8e6/datanode-2/data/ratis/63171287-f45b-4264-bf67-03c413e94950/current/log_inprogress_0
2019-07-14 16:42:09,583 INFO  impl.FollowerState (FollowerState.java:run(106)) - 77d8bfd8-9417-42e4-b630-e55bb18b8339:group-5DE829442D67 changes to CANDIDATE, lastRpcTime:5052, electionTimeout:5052ms
2019-07-14 16:42:09,583 INFO  impl.RoleInfo (RoleInfo.java:shutdownFollowerState(121)) - 77d8bfd8-9417-42e4-b630-e55bb18b8339: shutdown FollowerState
2019-07-14 16:42:09,583 INFO  impl.RaftServerImpl (RaftServerImpl.java:setRole(171)) - 77d8bfd8-9417-42e4-b630-e55bb18b8339:group-5DE829442D67 changes role from FOLLOWER to CANDIDATE at term 0 for changeToCandidate
2019-07-14 16:42:09,583 INFO  impl.RoleInfo (RoleInfo.java:updateAndGet(143)) - 77d8bfd8-9417-42e4-b630-e55bb18b8339: start LeaderElection
2019-07-14 16:42:09,612 INFO  impl.LeaderElection (LeaderElection.java:askForVotes(181)) - 77d8bfd8-9417-42e4-b630-e55bb18b8339:group-5DE829442D67:LeaderElection14: begin an election at term 1 for -1: [77d8bfd8-9417-42e4-b630-e55bb18b8339:192.168.69.77:39034, 68a5dfdb-c74c-438f-a088-2062485c848e:192.168.69.77:37181, ce51f40e-6b80-4084-8b29-ef5c0bb939b1:192.168.69.77:45088], old=null
2019-07-14 16:42:09,639 INFO  impl.FollowerState (FollowerState.java:run(106)) - ce51f40e-6b80-4084-8b29-ef5c0bb939b1:group-5DE829442D67 changes to CANDIDATE, lastRpcTime:5108, electionTimeout:5088ms
2019-07-14 16:42:09,639 INFO  impl.RoleInfo (RoleInfo.java:shutdownFollowerState(121)) - ce51f40e-6b80-4084-8b29-ef5c0bb939b1: shutdown FollowerState
2019-07-14 16:42:09,639 INFO  impl.RaftServerImpl (RaftServerImpl.java:setRole(171)) - ce51f40e-6b80-4084-8b29-ef5c0bb939b1:group-5DE829442D67 changes role from FOLLOWER to CANDIDATE at term 0 for changeToCandidate
2019-07-14 16:42:09,640 INFO  impl.RaftServerImpl (RaftServerImpl.java:setRole(171)) - 68a5dfdb-c74c-438f-a088-2062485c848e:group-5DE829442D67 changes role from FOLLOWER to FOLLOWER at term 1 for recognizeCandidate:77d8bfd8-9417-42e4-b630-e55bb18b8339
2019-07-14 16:42:09,640 INFO  impl.RoleInfo (RoleInfo.java:updateAndGet(143)) - ce51f40e-6b80-4084-8b29-ef5c0bb939b1: start LeaderElection
2019-07-14 16:42:09,640 INFO  impl.RoleInfo (RoleInfo.java:shutdownFollowerState(121)) - 68a5dfdb-c74c-438f-a088-2062485c848e: shutdown FollowerState
2019-07-14 16:42:09,645 INFO  impl.FollowerState (FollowerState.java:run(114)) - 68a5dfdb-c74c-438f-a088-2062485c848e: FollowerState was interrupted: java.lang.InterruptedException: sleep interrupted
2019-07-14 16:42:09,645 INFO  impl.RoleInfo (RoleInfo.java:updateAndGet(143)) - 68a5dfdb-c74c-438f-a088-2062485c848e: start FollowerState
2019-07-14 16:42:09,670 INFO  impl.LeaderElection (LeaderElection.java:askForVotes(181)) - ce51f40e-6b80-4084-8b29-ef5c0bb939b1:group-5DE829442D67:LeaderElection15: begin an election at term 1 for -1: [77d8bfd8-9417-42e4-b630-e55bb18b8339:192.168.69.77:39034, 68a5dfdb-c74c-438f-a088-2062485c848e:192.168.69.77:37181, ce51f40e-6b80-4084-8b29-ef5c0bb939b1:192.168.69.77:45088], old=null
2019-07-14 16:42:09,671 INFO  client.GrpcClientProtocolClient (GrpcClientProtocolClient.java:onNext(255)) - client-66187A59C24B->ce51f40e-6b80-4084-8b29-ef5c0bb939b1: receive RaftClientReply:client-66187A59C24B->ce51f40e-6b80-4084-8b29-ef5c0bb939b1@group-5DE829442D67, cid=37, FAILED org.apache.ratis.protocol.NotLeaderException: Server ce51f40e-6b80-4084-8b29-ef5c0bb939b1 is not the leader (null). Request must be sent to leader., logIndex=0, commits[ce51f40e-6b80-4084-8b29-ef5c0bb939b1:c-1]
2019-07-14 16:42:09,703 INFO  impl.LeaderElection (LeaderElection.java:logAndReturn(56)) - 77d8bfd8-9417-42e4-b630-e55bb18b8339:group-5DE829442D67:LeaderElection14: Election PASSED; received 1 response(s) [77d8bfd8-9417-42e4-b630-e55bb18b8339<-68a5dfdb-c74c-438f-a088-2062485c848e#0:OK-t1] and 0 exception(s); 77d8bfd8-9417-42e4-b630-e55bb18b8339:t1, leader=null, voted=77d8bfd8-9417-42e4-b630-e55bb18b8339, raftlog=77d8bfd8-9417-42e4-b630-e55bb18b8339-SegmentedRaftLog:OPENED:c-1,f-1,i0, conf=-1: [77d8bfd8-9417-42e4-b630-e55bb18b8339:192.168.69.77:39034, 68a5dfdb-c74c-438f-a088-2062485c848e:192.168.69.77:37181, ce51f40e-6b80-4084-8b29-ef5c0bb939b1:192.168.69.77:45088], old=null
2019-07-14 16:42:09,703 INFO  impl.RoleInfo (RoleInfo.java:shutdownLeaderElection(134)) - 77d8bfd8-9417-42e4-b630-e55bb18b8339: shutdown LeaderElection
2019-07-14 16:42:09,719 INFO  impl.RaftServerImpl (RaftServerImpl.java:setRole(171)) - 77d8bfd8-9417-42e4-b630-e55bb18b8339:group-5DE829442D67 changes role from CANDIDATE to LEADER at term 1 for changeToLeader
2019-07-14 16:42:09,723 INFO  impl.RaftServerImpl (ServerState.java:setLeader(263)) - 77d8bfd8-9417-42e4-b630-e55bb18b8339:group-5DE829442D67 change Leader from null to 77d8bfd8-9417-42e4-b630-e55bb18b8339 at term 1 for becomeLeader, leader elected after 5228ms
2019-07-14 16:42:09,723 INFO  server.RaftServerConfigKeys (ConfUtils.java:logGet(43)) - raft.server.staging.catchup.gap = 1000 (default)
2019-07-14 16:42:09,723 INFO  server.RaftServerConfigKeys (ConfUtils.java:logGet(43)) - raft.server.rpc.sleep.time = 25ms (default)
2019-07-14 16:42:09,724 INFO  server.RaftServerConfigKeys (ConfUtils.java:logGet(43)) - raft.server.write.element-limit = 4096 (default)
2019-07-14 16:42:09,724 INFO  server.RaftServerConfigKeys (ConfUtils.java:logGet(43)) - raft.server.watch.timeout = 10s (default)
2019-07-14 16:42:09,724 INFO  server.RaftServerConfigKeys (ConfUtils.java:logGet(43)) - raft.server.watch.timeout.denomination = 1s (default)
2019-07-14 16:42:09,724 INFO  server.RaftServerConfigKeys (ConfUtils.java:logGet(43)) - raft.server.watch.element-limit = 65536 (default)
2019-07-14 16:42:09,724 INFO  server.RaftServerConfigKeys (ConfUtils.java:logGet(43)) - raft.server.log.appender.snapshot.chunk.size.max = 16MB (=16777216) (default)
2019-07-14 16:42:09,725 INFO  server.RaftServerConfigKeys (ConfUtils.java:logGet(43)) - raft.server.log.appender.buffer.byte-limit = 33554432 (custom)
2019-07-14 16:42:09,725 INFO  server.RaftServerConfigKeys (ConfUtils.java:logGet(43)) - raft.server.log.appender.buffer.element-limit = 1 (custom)
2019-07-14 16:42:09,725 INFO  grpc.GrpcConfigKeys$Server (ConfUtils.java:logGet(43)) - raft.grpc.server.leader.outstanding.appends.max = 128 (default)
2019-07-14 16:42:09,726 INFO  server.RaftServerConfigKeys (ConfUtils.java:logGet(43)) - raft.server.rpc.request.timeout = 3000ms (default)
2019-07-14 16:42:09,726 INFO  server.RaftServerConfigKeys (ConfUtils.java:logGet(43)) - raft.server.log.appender.install.snapshot.enabled = false (custom)
2019-07-14 16:42:09,726 INFO  server.RaftServerConfigKeys (ConfUtils.java:logGet(43)) - raft.server.log.appender.snapshot.chunk.size.max = 16MB (=16777216) (default)
2019-07-14 16:42:09,726 INFO  server.RaftServerConfigKeys (ConfUtils.java:logGet(43)) - raft.server.log.appender.buffer.byte-limit = 33554432 (custom)
2019-07-14 16:42:09,726 INFO  server.RaftServerConfigKeys (ConfUtils.java:logGet(43)) - raft.server.log.appender.buffer.element-limit = 1 (custom)
2019-07-14 16:42:09,727 INFO  grpc.GrpcConfigKeys$Server (ConfUtils.java:logGet(43)) - raft.grpc.server.leader.outstanding.appends.max = 128 (default)
2019-07-14 16:42:09,730 INFO  server.RaftServerConfigKeys (ConfUtils.java:logGet(43)) - raft.server.rpc.request.timeout = 3000ms (default)
2019-07-14 16:42:09,730 INFO  server.RaftServerConfigKeys (ConfUtils.java:logGet(43)) - raft.server.log.appender.install.snapshot.enabled = false (custom)
2019-07-14 16:42:09,731 INFO  impl.RoleInfo (RoleInfo.java:updateAndGet(143)) - 77d8bfd8-9417-42e4-b630-e55bb18b8339: start LeaderState
2019-07-14 16:42:09,731 INFO  segmented.SegmentedRaftLogWorker (SegmentedRaftLogWorker.java:startLogSegment(380)) - 77d8bfd8-9417-42e4-b630-e55bb18b8339-SegmentedRaftLogWorker:Storage Directory /workdir/hadoop-ozone/integration-test/target/test-dir/MiniOzoneClusterImpl-8a2e4dc2-5b92-4f8e-84de-2994ad5ae8e6/datanode-2/data/ratis/1a438493-0a42-4579-a62b-5de829442d67: Starting segment from index:0
2019-07-14 16:42:09,732 INFO  impl.RaftServerImpl (ServerState.java:setRaftConf(361)) - 77d8bfd8-9417-42e4-b630-e55bb18b8339:group-5DE829442D67 set configuration 0: [77d8bfd8-9417-42e4-b630-e55bb18b8339:192.168.69.77:39034, 68a5dfdb-c74c-438f-a088-2062485c848e:192.168.69.77:37181, ce51f40e-6b80-4084-8b29-ef5c0bb939b1:192.168.69.77:45088], old=null at 0
2019-07-14 16:42:09,732 INFO  impl.RaftServerImpl (RaftServerImpl.java:requestVote(754)) - 77d8bfd8-9417-42e4-b630-e55bb18b8339-LEADER: Withhold vote from candidate ce51f40e-6b80-4084-8b29-ef5c0bb939b1 with term 1. State: leader=77d8bfd8-9417-42e4-b630-e55bb18b8339, term=1, lastRpcElapsed=null
2019-07-14 16:42:09,734 INFO  impl.RaftServerImpl (ServerState.java:setLeader(263)) - 68a5dfdb-c74c-438f-a088-2062485c848e:group-5DE829442D67 change Leader from null to 77d8bfd8-9417-42e4-b630-e55bb18b8339 at term 1 for appendEntries, leader elected after 5239ms
2019-07-14 16:42:09,734 INFO  impl.RaftServerImpl (RaftServerImpl.java:setRole(171)) - ce51f40e-6b80-4084-8b29-ef5c0bb939b1:group-5DE829442D67 changes role from CANDIDATE to FOLLOWER at term 1 for appendEntries
2019-07-14 16:42:09,734 INFO  impl.LeaderElection (LeaderElection.java:logAndReturn(56)) - ce51f40e-6b80-4084-8b29-ef5c0bb939b1:group-5DE829442D67:LeaderElection15: Election REJECTED; received 2 response(s) [ce51f40e-6b80-4084-8b29-ef5c0bb939b1<-77d8bfd8-9417-42e4-b630-e55bb18b8339#0:FAIL-t1, ce51f40e-6b80-4084-8b29-ef5c0bb939b1<-68a5dfdb-c74c-438f-a088-2062485c848e#0:FAIL-t1] and 0 exception(s); ce51f40e-6b80-4084-8b29-ef5c0bb939b1:t1, leader=null, voted=ce51f40e-6b80-4084-8b29-ef5c0bb939b1, raftlog=ce51f40e-6b80-4084-8b29-ef5c0bb939b1-SegmentedRaftLog:OPENED:c-1,f-1,i0, conf=-1: [77d8bfd8-9417-42e4-b630-e55bb18b8339:192.168.69.77:39034, 68a5dfdb-c74c-438f-a088-2062485c848e:192.168.69.77:37181, ce51f40e-6b80-4084-8b29-ef5c0bb939b1:192.168.69.77:45088], old=null
2019-07-14 16:42:09,735 INFO  impl.RoleInfo (RoleInfo.java:shutdownLeaderElection(134)) - ce51f40e-6b80-4084-8b29-ef5c0bb939b1: shutdown LeaderElection
2019-07-14 16:42:09,735 INFO  impl.RoleInfo (RoleInfo.java:updateAndGet(143)) - ce51f40e-6b80-4084-8b29-ef5c0bb939b1: start FollowerState
2019-07-14 16:42:09,736 INFO  impl.RaftServerImpl (ServerState.java:setLeader(263)) - ce51f40e-6b80-4084-8b29-ef5c0bb939b1:group-5DE829442D67 change Leader from null to 77d8bfd8-9417-42e4-b630-e55bb18b8339 at term 1 for appendEntries, leader elected after 5241ms
2019-07-14 16:42:09,740 INFO  impl.RaftServerImpl (ServerState.java:setRaftConf(361)) - 68a5dfdb-c74c-438f-a088-2062485c848e:group-5DE829442D67 set configuration 0: [77d8bfd8-9417-42e4-b630-e55bb18b8339:192.168.69.77:39034, 68a5dfdb-c74c-438f-a088-2062485c848e:192.168.69.77:37181, ce51f40e-6b80-4084-8b29-ef5c0bb939b1:192.168.69.77:45088], old=null at 0
2019-07-14 16:42:09,740 INFO  segmented.SegmentedRaftLogWorker (SegmentedRaftLogWorker.java:startLogSegment(380)) - 68a5dfdb-c74c-438f-a088-2062485c848e-SegmentedRaftLogWorker:Storage Directory /workdir/hadoop-ozone/integration-test/target/test-dir/MiniOzoneClusterImpl-8a2e4dc2-5b92-4f8e-84de-2994ad5ae8e6/datanode-1/data/ratis/1a438493-0a42-4579-a62b-5de829442d67: Starting segment from index:0
2019-07-14 16:42:09,741 INFO  impl.RaftServerImpl (ServerState.java:setRaftConf(361)) - ce51f40e-6b80-4084-8b29-ef5c0bb939b1:group-5DE829442D67 set configuration 0: [77d8bfd8-9417-42e4-b630-e55bb18b8339:192.168.69.77:39034, 68a5dfdb-c74c-438f-a088-2062485c848e:192.168.69.77:37181, ce51f40e-6b80-4084-8b29-ef5c0bb939b1:192.168.69.77:45088], old=null at 0
2019-07-14 16:42:09,741 INFO  segmented.SegmentedRaftLogWorker (SegmentedRaftLogWorker.java:startLogSegment(380)) - ce51f40e-6b80-4084-8b29-ef5c0bb939b1-SegmentedRaftLogWorker:Storage Directory /workdir/hadoop-ozone/integration-test/target/test-dir/MiniOzoneClusterImpl-8a2e4dc2-5b92-4f8e-84de-2994ad5ae8e6/datanode-0/data/ratis/1a438493-0a42-4579-a62b-5de829442d67: Starting segment from index:0
2019-07-14 16:42:09,765 INFO  segmented.SegmentedRaftLogWorker (SegmentedRaftLogWorker.java:execute(569)) - 68a5dfdb-c74c-438f-a088-2062485c848e-SegmentedRaftLogWorker:Storage Directory /workdir/hadoop-ozone/integration-test/target/test-dir/MiniOzoneClusterImpl-8a2e4dc2-5b92-4f8e-84de-2994ad5ae8e6/datanode-1/data/ratis/1a438493-0a42-4579-a62b-5de829442d67: created new log segment /workdir/hadoop-ozone/integration-test/target/test-dir/MiniOzoneClusterImpl-8a2e4dc2-5b92-4f8e-84de-2994ad5ae8e6/datanode-1/data/ratis/1a438493-0a42-4579-a62b-5de829442d67/current/log_inprogress_0
2019-07-14 16:42:09,765 INFO  segmented.SegmentedRaftLogWorker (SegmentedRaftLogWorker.java:execute(569)) - ce51f40e-6b80-4084-8b29-ef5c0bb939b1-SegmentedRaftLogWorker:Storage Directory /workdir/hadoop-ozone/integration-test/target/test-dir/MiniOzoneClusterImpl-8a2e4dc2-5b92-4f8e-84de-2994ad5ae8e6/datanode-0/data/ratis/1a438493-0a42-4579-a62b-5de829442d67: created new log segment /workdir/hadoop-ozone/integration-test/target/test-dir/MiniOzoneClusterImpl-8a2e4dc2-5b92-4f8e-84de-2994ad5ae8e6/datanode-0/data/ratis/1a438493-0a42-4579-a62b-5de829442d67/current/log_inprogress_0
2019-07-14 16:42:09,765 INFO  segmented.SegmentedRaftLogWorker (SegmentedRaftLogWorker.java:execute(569)) - 77d8bfd8-9417-42e4-b630-e55bb18b8339-SegmentedRaftLogWorker:Storage Directory /workdir/hadoop-ozone/integration-test/target/test-dir/MiniOzoneClusterImpl-8a2e4dc2-5b92-4f8e-84de-2994ad5ae8e6/datanode-2/data/ratis/1a438493-0a42-4579-a62b-5de829442d67: created new log segment /workdir/hadoop-ozone/integration-test/target/test-dir/MiniOzoneClusterImpl-8a2e4dc2-5b92-4f8e-84de-2994ad5ae8e6/datanode-2/data/ratis/1a438493-0a42-4579-a62b-5de829442d67/current/log_inprogress_0
2019-07-14 16:42:09,790 INFO  impl.FollowerState (FollowerState.java:run(106)) - dbf1b2ad-6579-45da-b190-94740564a1fa:group-74094CB7C87E changes to CANDIDATE, lastRpcTime:5149, electionTimeout:5149ms
2019-07-14 16:42:09,790 INFO  impl.RoleInfo (RoleInfo.java:shutdownFollowerState(121)) - dbf1b2ad-6579-45da-b190-94740564a1fa: shutdown FollowerState
2019-07-14 16:42:09,791 INFO  impl.RaftServerImpl (RaftServerImpl.java:setRole(171)) - dbf1b2ad-6579-45da-b190-94740564a1fa:group-74094CB7C87E changes role from FOLLOWER to CANDIDATE at term 0 for changeToCandidate
2019-07-14 16:42:09,791 INFO  impl.RoleInfo (RoleInfo.java:updateAndGet(143)) - dbf1b2ad-6579-45da-b190-94740564a1fa: start LeaderElection
2019-07-14 16:42:09,856 INFO  impl.LeaderElection (LeaderElection.java:askForVotes(181)) - dbf1b2ad-6579-45da-b190-94740564a1fa:group-74094CB7C87E:LeaderElection16: begin an election at term 1 for -1: [dbf1b2ad-6579-45da-b190-94740564a1fa:192.168.69.77:36919], old=null
2019-07-14 16:42:09,857 INFO  impl.RoleInfo (RoleInfo.java:shutdownLeaderElection(134)) - dbf1b2ad-6579-45da-b190-94740564a1fa: shutdown LeaderElection
2019-07-14 16:42:09,857 INFO  impl.RaftServerImpl (RaftServerImpl.java:setRole(171)) - dbf1b2ad-6579-45da-b190-94740564a1fa:group-74094CB7C87E changes role from CANDIDATE to LEADER at term 1 for changeToLeader
2019-07-14 16:42:09,857 INFO  impl.RaftServerImpl (ServerState.java:setLeader(263)) - dbf1b2ad-6579-45da-b190-94740564a1fa:group-74094CB7C87E change Leader from null to dbf1b2ad-6579-45da-b190-94740564a1fa at term 1 for becomeLeader, leader elected after 5220ms
2019-07-14 16:42:09,857 INFO  server.RaftServerConfigKeys (ConfUtils.java:logGet(43)) - raft.server.staging.catchup.gap = 1000 (default)
2019-07-14 16:42:09,857 INFO  server.RaftServerConfigKeys (ConfUtils.java:logGet(43)) - raft.server.rpc.sleep.time = 25ms (default)
2019-07-14 16:42:09,858 INFO  server.RaftServerConfigKeys (ConfUtils.java:logGet(43)) - raft.server.write.element-limit = 4096 (default)
2019-07-14 16:42:09,858 INFO  server.RaftServerConfigKeys (ConfUtils.java:logGet(43)) - raft.server.watch.timeout = 10s (default)
2019-07-14 16:42:09,858 INFO  server.RaftServerConfigKeys (ConfUtils.java:logGet(43)) - raft.server.watch.timeout.denomination = 1s (default)
2019-07-14 16:42:09,858 INFO  server.RaftServerConfigKeys (ConfUtils.java:logGet(43)) - raft.server.watch.element-limit = 65536 (default)
2019-07-14 16:42:09,858 INFO  impl.RoleInfo (RoleInfo.java:updateAndGet(143)) - dbf1b2ad-6579-45da-b190-94740564a1fa: start LeaderState
2019-07-14 16:42:09,859 INFO  segmented.SegmentedRaftLogWorker (SegmentedRaftLogWorker.java:startLogSegment(380)) - dbf1b2ad-6579-45da-b190-94740564a1fa-SegmentedRaftLogWorker:Storage Directory /workdir/hadoop-ozone/integration-test/target/test-dir/MiniOzoneClusterImpl-8a2e4dc2-5b92-4f8e-84de-2994ad5ae8e6/datanode-3/data/ratis/67115cf6-162d-4e7f-b049-74094cb7c87e: Starting segment from index:0
2019-07-14 16:42:09,859 INFO  impl.RaftServerImpl (ServerState.java:setRaftConf(361)) - dbf1b2ad-6579-45da-b190-94740564a1fa:group-74094CB7C87E set configuration 0: [dbf1b2ad-6579-45da-b190-94740564a1fa:192.168.69.77:36919], old=null at 0
2019-07-14 16:42:09,900 INFO  segmented.SegmentedRaftLogWorker (SegmentedRaftLogWorker.java:execute(569)) - dbf1b2ad-6579-45da-b190-94740564a1fa-SegmentedRaftLogWorker:Storage Directory /workdir/hadoop-ozone/integration-test/target/test-dir/MiniOzoneClusterImpl-8a2e4dc2-5b92-4f8e-84de-2994ad5ae8e6/datanode-3/data/ratis/67115cf6-162d-4e7f-b049-74094cb7c87e: created new log segment /workdir/hadoop-ozone/integration-test/target/test-dir/MiniOzoneClusterImpl-8a2e4dc2-5b92-4f8e-84de-2994ad5ae8e6/datanode-3/data/ratis/67115cf6-162d-4e7f-b049-74094cb7c87e/current/log_inprogress_0
2019-07-14 16:42:10,031 INFO  impl.FollowerState (FollowerState.java:run(106)) - 68af30c7-8a35-4a66-abb8-efc332c037f9:group-3E2B8898CD7D changes to CANDIDATE, lastRpcTime:5166, electionTimeout:5166ms
2019-07-14 16:42:10,031 INFO  impl.RoleInfo (RoleInfo.java:shutdownFollowerState(121)) - 68af30c7-8a35-4a66-abb8-efc332c037f9: shutdown FollowerState
2019-07-14 16:42:10,031 INFO  impl.RaftServerImpl (RaftServerImpl.java:setRole(171)) - 68af30c7-8a35-4a66-abb8-efc332c037f9:group-3E2B8898CD7D changes role from FOLLOWER to CANDIDATE at term 0 for changeToCandidate
2019-07-14 16:42:10,031 INFO  impl.RoleInfo (RoleInfo.java:updateAndGet(143)) - 68af30c7-8a35-4a66-abb8-efc332c037f9: start LeaderElection
2019-07-14 16:42:10,050 INFO  impl.LeaderElection (LeaderElection.java:askForVotes(181)) - 68af30c7-8a35-4a66-abb8-efc332c037f9:group-3E2B8898CD7D:LeaderElection17: begin an election at term 1 for -1: [68af30c7-8a35-4a66-abb8-efc332c037f9:192.168.69.77:38046], old=null
2019-07-14 16:42:10,050 INFO  impl.RoleInfo (RoleInfo.java:shutdownLeaderElection(134)) - 68af30c7-8a35-4a66-abb8-efc332c037f9: shutdown LeaderElection
2019-07-14 16:42:10,050 INFO  impl.RaftServerImpl (RaftServerImpl.java:setRole(171)) - 68af30c7-8a35-4a66-abb8-efc332c037f9:group-3E2B8898CD7D changes role from CANDIDATE to LEADER at term 1 for changeToLeader
2019-07-14 16:42:10,050 INFO  impl.RaftServerImpl (ServerState.java:setLeader(263)) - 68af30c7-8a35-4a66-abb8-efc332c037f9:group-3E2B8898CD7D change Leader from null to 68af30c7-8a35-4a66-abb8-efc332c037f9 at term 1 for becomeLeader, leader elected after 5191ms
2019-07-14 16:42:10,051 INFO  server.RaftServerConfigKeys (ConfUtils.java:logGet(43)) - raft.server.staging.catchup.gap = 1000 (default)
2019-07-14 16:42:10,051 INFO  server.RaftServerConfigKeys (ConfUtils.java:logGet(43)) - raft.server.rpc.sleep.time = 25ms (default)
2019-07-14 16:42:10,051 INFO  server.RaftServerConfigKeys (ConfUtils.java:logGet(43)) - raft.server.write.element-limit = 4096 (default)
2019-07-14 16:42:10,051 INFO  server.RaftServerConfigKeys (ConfUtils.java:logGet(43)) - raft.server.watch.timeout = 10s (default)
2019-07-14 16:42:10,051 INFO  server.RaftServerConfigKeys (ConfUtils.java:logGet(43)) - raft.server.watch.timeout.denomination = 1s (default)
2019-07-14 16:42:10,052 INFO  server.RaftServerConfigKeys (ConfUtils.java:logGet(43)) - raft.server.watch.element-limit = 65536 (default)
2019-07-14 16:42:10,052 INFO  impl.RoleInfo (RoleInfo.java:updateAndGet(143)) - 68af30c7-8a35-4a66-abb8-efc332c037f9: start LeaderState
2019-07-14 16:42:10,052 INFO  segmented.SegmentedRaftLogWorker (SegmentedRaftLogWorker.java:startLogSegment(380)) - 68af30c7-8a35-4a66-abb8-efc332c037f9-SegmentedRaftLogWorker:Storage Directory /workdir/hadoop-ozone/integration-test/target/test-dir/MiniOzoneClusterImpl-8a2e4dc2-5b92-4f8e-84de-2994ad5ae8e6/datanode-4/data/ratis/657dd4d7-6a4b-4db6-96ca-3e2b8898cd7d: Starting segment from index:0
2019-07-14 16:42:10,053 INFO  impl.RaftServerImpl (ServerState.java:setRaftConf(361)) - 68af30c7-8a35-4a66-abb8-efc332c037f9:group-3E2B8898CD7D set configuration 0: [68af30c7-8a35-4a66-abb8-efc332c037f9:192.168.69.77:38046], old=null at 0
2019-07-14 16:42:10,090 INFO  segmented.SegmentedRaftLogWorker (SegmentedRaftLogWorker.java:execute(569)) - 68af30c7-8a35-4a66-abb8-efc332c037f9-SegmentedRaftLogWorker:Storage Directory /workdir/hadoop-ozone/integration-test/target/test-dir/MiniOzoneClusterImpl-8a2e4dc2-5b92-4f8e-84de-2994ad5ae8e6/datanode-4/data/ratis/657dd4d7-6a4b-4db6-96ca-3e2b8898cd7d: created new log segment /workdir/hadoop-ozone/integration-test/target/test-dir/MiniOzoneClusterImpl-8a2e4dc2-5b92-4f8e-84de-2994ad5ae8e6/datanode-4/data/ratis/657dd4d7-6a4b-4db6-96ca-3e2b8898cd7d/current/log_inprogress_0
2019-07-14 16:42:10,347 INFO  impl.FollowerState (FollowerState.java:run(106)) - dd198400-d517-4b15-847f-bb9982db363c:group-F7D2C1F2FE25 changes to CANDIDATE, lastRpcTime:5159, electionTimeout:5159ms
2019-07-14 16:42:10,348 INFO  impl.RoleInfo (RoleInfo.java:shutdownFollowerState(121)) - dd198400-d517-4b15-847f-bb9982db363c: shutdown FollowerState
2019-07-14 16:42:10,348 INFO  impl.RaftServerImpl (RaftServerImpl.java:setRole(171)) - dd198400-d517-4b15-847f-bb9982db363c:group-F7D2C1F2FE25 changes role from FOLLOWER to CANDIDATE at term 0 for changeToCandidate
2019-07-14 16:42:10,348 INFO  impl.RoleInfo (RoleInfo.java:updateAndGet(143)) - dd198400-d517-4b15-847f-bb9982db363c: start LeaderElection
2019-07-14 16:42:10,369 INFO  impl.LeaderElection (LeaderElection.java:askForVotes(181)) - dd198400-d517-4b15-847f-bb9982db363c:group-F7D2C1F2FE25:LeaderElection18: begin an election at term 1 for -1: [dd198400-d517-4b15-847f-bb9982db363c:192.168.69.77:40917], old=null
2019-07-14 16:42:10,369 INFO  impl.RoleInfo (RoleInfo.java:shutdownLeaderElection(134)) - dd198400-d517-4b15-847f-bb9982db363c: shutdown LeaderElection
2019-07-14 16:42:10,369 INFO  impl.RaftServerImpl (RaftServerImpl.java:setRole(171)) - dd198400-d517-4b15-847f-bb9982db363c:group-F7D2C1F2FE25 changes role from CANDIDATE to LEADER at term 1 for changeToLeader
2019-07-14 16:42:10,369 INFO  impl.RaftServerImpl (ServerState.java:setLeader(263)) - dd198400-d517-4b15-847f-bb9982db363c:group-F7D2C1F2FE25 change Leader from null to dd198400-d517-4b15-847f-bb9982db363c at term 1 for becomeLeader, leader elected after 5187ms
2019-07-14 16:42:10,369 INFO  server.RaftServerConfigKeys (ConfUtils.java:logGet(43)) - raft.server.staging.catchup.gap = 1000 (default)
2019-07-14 16:42:10,370 INFO  server.RaftServerConfigKeys (ConfUtils.java:logGet(43)) - raft.server.rpc.sleep.time = 25ms (default)
2019-07-14 16:42:10,370 INFO  server.RaftServerConfigKeys (ConfUtils.java:logGet(43)) - raft.server.write.element-limit = 4096 (default)
2019-07-14 16:42:10,370 INFO  server.RaftServerConfigKeys (ConfUtils.java:logGet(43)) - raft.server.watch.timeout = 10s (default)
2019-07-14 16:42:10,370 INFO  server.RaftServerConfigKeys (ConfUtils.java:logGet(43)) - raft.server.watch.timeout.denomination = 1s (default)
2019-07-14 16:42:10,370 INFO  server.RaftServerConfigKeys (ConfUtils.java:logGet(43)) - raft.server.watch.element-limit = 65536 (default)
2019-07-14 16:42:10,371 INFO  impl.RoleInfo (RoleInfo.java:updateAndGet(143)) - dd198400-d517-4b15-847f-bb9982db363c: start LeaderState
2019-07-14 16:42:10,371 INFO  segmented.SegmentedRaftLogWorker (SegmentedRaftLogWorker.java:startLogSegment(380)) - dd198400-d517-4b15-847f-bb9982db363c-SegmentedRaftLogWorker:Storage Directory /workdir/hadoop-ozone/integration-test/target/test-dir/MiniOzoneClusterImpl-8a2e4dc2-5b92-4f8e-84de-2994ad5ae8e6/datanode-5/data/ratis/c628810b-8a7a-463b-82fa-f7d2c1f2fe25: Starting segment from index:0
2019-07-14 16:42:10,372 INFO  impl.RaftServerImpl (ServerState.java:setRaftConf(361)) - dd198400-d517-4b15-847f-bb9982db363c:group-F7D2C1F2FE25 set configuration 0: [dd198400-d517-4b15-847f-bb9982db363c:192.168.69.77:40917], old=null at 0
2019-07-14 16:42:10,406 INFO  segmented.SegmentedRaftLogWorker (SegmentedRaftLogWorker.java:execute(569)) - dd198400-d517-4b15-847f-bb9982db363c-SegmentedRaftLogWorker:Storage Directory /workdir/hadoop-ozone/integration-test/target/test-dir/MiniOzoneClusterImpl-8a2e4dc2-5b92-4f8e-84de-2994ad5ae8e6/datanode-5/data/ratis/c628810b-8a7a-463b-82fa-f7d2c1f2fe25: created new log segment /workdir/hadoop-ozone/integration-test/target/test-dir/MiniOzoneClusterImpl-8a2e4dc2-5b92-4f8e-84de-2994ad5ae8e6/datanode-5/data/ratis/c628810b-8a7a-463b-82fa-f7d2c1f2fe25/current/log_inprogress_0
2019-07-14 16:42:10,477 INFO  impl.FollowerState (FollowerState.java:run(106)) - dbf1b2ad-6579-45da-b190-94740564a1fa:group-87CDDB136CF0 changes to CANDIDATE, lastRpcTime:5087, electionTimeout:5087ms
2019-07-14 16:42:10,477 INFO  impl.RoleInfo (RoleInfo.java:shutdownFollowerState(121)) - dbf1b2ad-6579-45da-b190-94740564a1fa: shutdown FollowerState
2019-07-14 16:42:10,477 INFO  impl.RaftServerImpl (RaftServerImpl.java:setRole(171)) - dbf1b2ad-6579-45da-b190-94740564a1fa:group-87CDDB136CF0 changes role from FOLLOWER to CANDIDATE at term 0 for changeToCandidate
2019-07-14 16:42:10,477 INFO  impl.RoleInfo (RoleInfo.java:updateAndGet(143)) - dbf1b2ad-6579-45da-b190-94740564a1fa: start LeaderElection
2019-07-14 16:42:10,496 INFO  impl.LeaderElection (LeaderElection.java:askForVotes(181)) - dbf1b2ad-6579-45da-b190-94740564a1fa:group-87CDDB136CF0:LeaderElection19: begin an election at term 1 for -1: [dd198400-d517-4b15-847f-bb9982db363c:192.168.69.77:40917, 68af30c7-8a35-4a66-abb8-efc332c037f9:192.168.69.77:38046, dbf1b2ad-6579-45da-b190-94740564a1fa:192.168.69.77:36919], old=null
2019-07-14 16:42:10,503 INFO  impl.RaftServerImpl (RaftServerImpl.java:setRole(171)) - 68af30c7-8a35-4a66-abb8-efc332c037f9:group-87CDDB136CF0 changes role from FOLLOWER to FOLLOWER at term 1 for recognizeCandidate:dbf1b2ad-6579-45da-b190-94740564a1fa
2019-07-14 16:42:10,503 INFO  impl.RaftServerImpl (RaftServerImpl.java:setRole(171)) - dd198400-d517-4b15-847f-bb9982db363c:group-87CDDB136CF0 changes role from FOLLOWER to FOLLOWER at term 1 for recognizeCandidate:dbf1b2ad-6579-45da-b190-94740564a1fa
2019-07-14 16:42:10,503 INFO  impl.RoleInfo (RoleInfo.java:shutdownFollowerState(121)) - 68af30c7-8a35-4a66-abb8-efc332c037f9: shutdown FollowerState
2019-07-14 16:42:10,503 INFO  impl.RoleInfo (RoleInfo.java:shutdownFollowerState(121)) - dd198400-d517-4b15-847f-bb9982db363c: shutdown FollowerState
2019-07-14 16:42:10,504 INFO  impl.FollowerState (FollowerState.java:run(114)) - 68af30c7-8a35-4a66-abb8-efc332c037f9: FollowerState was interrupted: java.lang.InterruptedException: sleep interrupted
2019-07-14 16:42:10,504 INFO  impl.RoleInfo (RoleInfo.java:updateAndGet(143)) - 68af30c7-8a35-4a66-abb8-efc332c037f9: start FollowerState
2019-07-14 16:42:10,504 INFO  impl.FollowerState (FollowerState.java:run(114)) - dd198400-d517-4b15-847f-bb9982db363c: FollowerState was interrupted: java.lang.InterruptedException: sleep interrupted
2019-07-14 16:42:10,504 INFO  impl.RoleInfo (RoleInfo.java:updateAndGet(143)) - dd198400-d517-4b15-847f-bb9982db363c: start FollowerState
2019-07-14 16:42:10,520 INFO  impl.LeaderElection (LeaderElection.java:logAndReturn(56)) - dbf1b2ad-6579-45da-b190-94740564a1fa:group-87CDDB136CF0:LeaderElection19: Election PASSED; received 1 response(s) [dbf1b2ad-6579-45da-b190-94740564a1fa<-68af30c7-8a35-4a66-abb8-efc332c037f9#0:OK-t1] and 0 exception(s); dbf1b2ad-6579-45da-b190-94740564a1fa:t1, leader=null, voted=dbf1b2ad-6579-45da-b190-94740564a1fa, raftlog=dbf1b2ad-6579-45da-b190-94740564a1fa-SegmentedRaftLog:OPENED:c-1,f-1,i0, conf=-1: [dd198400-d517-4b15-847f-bb9982db363c:192.168.69.77:40917, 68af30c7-8a35-4a66-abb8-efc332c037f9:192.168.69.77:38046, dbf1b2ad-6579-45da-b190-94740564a1fa:192.168.69.77:36919], old=null
2019-07-14 16:42:10,521 INFO  impl.RoleInfo (RoleInfo.java:shutdownLeaderElection(134)) - dbf1b2ad-6579-45da-b190-94740564a1fa: shutdown LeaderElection
2019-07-14 16:42:10,527 INFO  impl.RaftServerImpl (RaftServerImpl.java:setRole(171)) - dbf1b2ad-6579-45da-b190-94740564a1fa:group-87CDDB136CF0 changes role from CANDIDATE to LEADER at term 1 for changeToLeader
2019-07-14 16:42:10,527 INFO  impl.RaftServerImpl (ServerState.java:setLeader(263)) - dbf1b2ad-6579-45da-b190-94740564a1fa:group-87CDDB136CF0 change Leader from null to dbf1b2ad-6579-45da-b190-94740564a1fa at term 1 for becomeLeader, leader elected after 5251ms
2019-07-14 16:42:10,527 INFO  server.RaftServerConfigKeys (ConfUtils.java:logGet(43)) - raft.server.staging.catchup.gap = 1000 (default)
2019-07-14 16:42:10,527 INFO  server.RaftServerConfigKeys (ConfUtils.java:logGet(43)) - raft.server.rpc.sleep.time = 25ms (default)
2019-07-14 16:42:10,527 INFO  server.RaftServerConfigKeys (ConfUtils.java:logGet(43)) - raft.server.write.element-limit = 4096 (default)
2019-07-14 16:42:10,527 INFO  server.RaftServerConfigKeys (ConfUtils.java:logGet(43)) - raft.server.watch.timeout = 10s (default)
2019-07-14 16:42:10,528 INFO  server.RaftServerConfigKeys (ConfUtils.java:logGet(43)) - raft.server.watch.timeout.denomination = 1s (default)
2019-07-14 16:42:10,528 INFO  server.RaftServerConfigKeys (ConfUtils.java:logGet(43)) - raft.server.watch.element-limit = 65536 (default)
2019-07-14 16:42:10,528 INFO  server.RaftServerConfigKeys (ConfUtils.java:logGet(43)) - raft.server.log.appender.snapshot.chunk.size.max = 16MB (=16777216) (default)
2019-07-14 16:42:10,528 INFO  server.RaftServerConfigKeys (ConfUtils.java:logGet(43)) - raft.server.log.appender.buffer.byte-limit = 33554432 (custom)
2019-07-14 16:42:10,528 INFO  server.RaftServerConfigKeys (ConfUtils.java:logGet(43)) - raft.server.log.appender.buffer.element-limit = 1 (custom)
2019-07-14 16:42:10,529 INFO  grpc.GrpcConfigKeys$Server (ConfUtils.java:logGet(43)) - raft.grpc.server.leader.outstanding.appends.max = 128 (default)
2019-07-14 16:42:10,529 INFO  server.RaftServerConfigKeys (ConfUtils.java:logGet(43)) - raft.server.rpc.request.timeout = 3000ms (default)
2019-07-14 16:42:10,529 INFO  server.RaftServerConfigKeys (ConfUtils.java:logGet(43)) - raft.server.log.appender.install.snapshot.enabled = false (custom)
2019-07-14 16:42:10,529 INFO  server.RaftServerConfigKeys (ConfUtils.java:logGet(43)) - raft.server.log.appender.snapshot.chunk.size.max = 16MB (=16777216) (default)
2019-07-14 16:42:10,529 INFO  server.RaftServerConfigKeys (ConfUtils.java:logGet(43)) - raft.server.log.appender.buffer.byte-limit = 33554432 (custom)
2019-07-14 16:42:10,530 INFO  server.RaftServerConfigKeys (ConfUtils.java:logGet(43)) - raft.server.log.appender.buffer.element-limit = 1 (custom)
2019-07-14 16:42:10,530 INFO  grpc.GrpcConfigKeys$Server (ConfUtils.java:logGet(43)) - raft.grpc.server.leader.outstanding.appends.max = 128 (default)
2019-07-14 16:42:10,530 INFO  server.RaftServerConfigKeys (ConfUtils.java:logGet(43)) - raft.server.rpc.request.timeout = 3000ms (default)
2019-07-14 16:42:10,530 INFO  server.RaftServerConfigKeys (ConfUtils.java:logGet(43)) - raft.server.log.appender.install.snapshot.enabled = false (custom)
2019-07-14 16:42:10,530 INFO  impl.RoleInfo (RoleInfo.java:updateAndGet(143)) - dbf1b2ad-6579-45da-b190-94740564a1fa: start LeaderState
2019-07-14 16:42:10,531 INFO  segmented.SegmentedRaftLogWorker (SegmentedRaftLogWorker.java:startLogSegment(380)) - dbf1b2ad-6579-45da-b190-94740564a1fa-SegmentedRaftLogWorker:Storage Directory /workdir/hadoop-ozone/integration-test/target/test-dir/MiniOzoneClusterImpl-8a2e4dc2-5b92-4f8e-84de-2994ad5ae8e6/datanode-3/data/ratis/7eff02ec-8e3d-4721-af6b-87cddb136cf0: Starting segment from index:0
2019-07-14 16:42:10,531 INFO  impl.RaftServerImpl (ServerState.java:setRaftConf(361)) - dbf1b2ad-6579-45da-b190-94740564a1fa:group-87CDDB136CF0 set configuration 0: [dd198400-d517-4b15-847f-bb9982db363c:192.168.69.77:40917, 68af30c7-8a35-4a66-abb8-efc332c037f9:192.168.69.77:38046, dbf1b2ad-6579-45da-b190-94740564a1fa:192.168.69.77:36919], old=null at 0
2019-07-14 16:42:10,553 INFO  impl.RaftServerImpl (ServerState.java:setLeader(263)) - dd198400-d517-4b15-847f-bb9982db363c:group-87CDDB136CF0 change Leader from null to dbf1b2ad-6579-45da-b190-94740564a1fa at term 1 for appendEntries, leader elected after 5278ms
2019-07-14 16:42:10,553 INFO  impl.RaftServerImpl (ServerState.java:setLeader(263)) - 68af30c7-8a35-4a66-abb8-efc332c037f9:group-87CDDB136CF0 change Leader from null to dbf1b2ad-6579-45da-b190-94740564a1fa at term 1 for appendEntries, leader elected after 5278ms
2019-07-14 16:42:10,564 INFO  segmented.SegmentedRaftLogWorker (SegmentedRaftLogWorker.java:execute(569)) - dbf1b2ad-6579-45da-b190-94740564a1fa-SegmentedRaftLogWorker:Storage Directory /workdir/hadoop-ozone/integration-test/target/test-dir/MiniOzoneClusterImpl-8a2e4dc2-5b92-4f8e-84de-2994ad5ae8e6/datanode-3/data/ratis/7eff02ec-8e3d-4721-af6b-87cddb136cf0: created new log segment /workdir/hadoop-ozone/integration-test/target/test-dir/MiniOzoneClusterImpl-8a2e4dc2-5b92-4f8e-84de-2994ad5ae8e6/datanode-3/data/ratis/7eff02ec-8e3d-4721-af6b-87cddb136cf0/current/log_inprogress_0
2019-07-14 16:42:10,568 INFO  impl.RaftServerImpl (ServerState.java:setRaftConf(361)) - 68af30c7-8a35-4a66-abb8-efc332c037f9:group-87CDDB136CF0 set configuration 0: [dd198400-d517-4b15-847f-bb9982db363c:192.168.69.77:40917, 68af30c7-8a35-4a66-abb8-efc332c037f9:192.168.69.77:38046, dbf1b2ad-6579-45da-b190-94740564a1fa:192.168.69.77:36919], old=null at 0
2019-07-14 16:42:10,575 INFO  impl.RaftServerImpl (ServerState.java:setRaftConf(361)) - dd198400-d517-4b15-847f-bb9982db363c:group-87CDDB136CF0 set configuration 0: [dd198400-d517-4b15-847f-bb9982db363c:192.168.69.77:40917, 68af30c7-8a35-4a66-abb8-efc332c037f9:192.168.69.77:38046, dbf1b2ad-6579-45da-b190-94740564a1fa:192.168.69.77:36919], old=null at 0
2019-07-14 16:42:10,575 INFO  segmented.SegmentedRaftLogWorker (SegmentedRaftLogWorker.java:startLogSegment(380)) - 68af30c7-8a35-4a66-abb8-efc332c037f9-SegmentedRaftLogWorker:Storage Directory /workdir/hadoop-ozone/integration-test/target/test-dir/MiniOzoneClusterImpl-8a2e4dc2-5b92-4f8e-84de-2994ad5ae8e6/datanode-4/data/ratis/7eff02ec-8e3d-4721-af6b-87cddb136cf0: Starting segment from index:0
2019-07-14 16:42:10,576 INFO  segmented.SegmentedRaftLogWorker (SegmentedRaftLogWorker.java:startLogSegment(380)) - dd198400-d517-4b15-847f-bb9982db363c-SegmentedRaftLogWorker:Storage Directory /workdir/hadoop-ozone/integration-test/target/test-dir/MiniOzoneClusterImpl-8a2e4dc2-5b92-4f8e-84de-2994ad5ae8e6/datanode-5/data/ratis/7eff02ec-8e3d-4721-af6b-87cddb136cf0: Starting segment from index:0
2019-07-14 16:42:10,595 INFO  segmented.SegmentedRaftLogWorker (SegmentedRaftLogWorker.java:execute(569)) - 68af30c7-8a35-4a66-abb8-efc332c037f9-SegmentedRaftLogWorker:Storage Directory /workdir/hadoop-ozone/integration-test/target/test-dir/MiniOzoneClusterImpl-8a2e4dc2-5b92-4f8e-84de-2994ad5ae8e6/datanode-4/data/ratis/7eff02ec-8e3d-4721-af6b-87cddb136cf0: created new log segment /workdir/hadoop-ozone/integration-test/target/test-dir/MiniOzoneClusterImpl-8a2e4dc2-5b92-4f8e-84de-2994ad5ae8e6/datanode-4/data/ratis/7eff02ec-8e3d-4721-af6b-87cddb136cf0/current/log_inprogress_0
2019-07-14 16:42:10,595 INFO  segmented.SegmentedRaftLogWorker (SegmentedRaftLogWorker.java:execute(569)) - dd198400-d517-4b15-847f-bb9982db363c-SegmentedRaftLogWorker:Storage Directory /workdir/hadoop-ozone/integration-test/target/test-dir/MiniOzoneClusterImpl-8a2e4dc2-5b92-4f8e-84de-2994ad5ae8e6/datanode-5/data/ratis/7eff02ec-8e3d-4721-af6b-87cddb136cf0: created new log segment /workdir/hadoop-ozone/integration-test/target/test-dir/MiniOzoneClusterImpl-8a2e4dc2-5b92-4f8e-84de-2994ad5ae8e6/datanode-5/data/ratis/7eff02ec-8e3d-4721-af6b-87cddb136cf0/current/log_inprogress_0
2019-07-14 16:42:10,841 INFO  client.GrpcClientProtocolClient (GrpcClientProtocolClient.java:onNext(255)) - client-66187A59C24B->77d8bfd8-9417-42e4-b630-e55bb18b8339: receive RaftClientReply:client-66187A59C24B->77d8bfd8-9417-42e4-b630-e55bb18b8339@group-5DE829442D67, cid=37, SUCCESS, logIndex=1, commits[77d8bfd8-9417-42e4-b630-e55bb18b8339:c2, 68a5dfdb-c74c-438f-a088-2062485c848e:c1, ce51f40e-6b80-4084-8b29-ef5c0bb939b1:c1]
2019-07-14 16:42:10,842 INFO  datanode.ObjectStoreHandler (ObjectStoreHandler.java:close(155)) - Closing ObjectStoreHandler.
2019-07-14 16:42:10,843 INFO  ozone.HddsDatanodeService (HddsDatanodeService.java:stop(452)) - Stopped plug-in org.apache.hadoop.ozone.web.OzoneHddsDatanodeService@4537880f
2019-07-14 16:42:10,848 INFO  statemachine.DatanodeStateMachine (DatanodeStateMachine.java:lambda$startDaemon$0(350)) - Ozone container server started.
2019-07-14 16:42:15,846 INFO  ozoneimpl.OzoneContainer (OzoneContainer.java:stop(199)) - Attempting to stop container services.
2019-07-14 16:42:15,847 INFO  impl.RaftServerProxy (RaftServerProxy.java:lambda$close$4(314)) - 68a5dfdb-c74c-438f-a088-2062485c848e: close
2019-07-14 16:42:15,849 INFO  impl.RaftServerImpl (RaftServerImpl.java:lambda$shutdown$3(245)) - 68a5dfdb-c74c-438f-a088-2062485c848e: shutdown group-5DE829442D67
2019-07-14 16:42:15,849 INFO  util.JmxRegister (JmxRegister.java:unregister(73)) - Successfully un-registered JMX Bean with object name Ratis:service=RaftServer,group=group-5DE829442D67,id=68a5dfdb-c74c-438f-a088-2062485c848e
2019-07-14 16:42:15,850 INFO  impl.RoleInfo (RoleInfo.java:shutdownFollowerState(121)) - 68a5dfdb-c74c-438f-a088-2062485c848e: shutdown FollowerState
2019-07-14 16:42:15,850 INFO  impl.StateMachineUpdater (StateMachineUpdater.java:stopAndJoin(115)) - StateMachineUpdater:68a5dfdb-c74c-438f-a088-2062485c848e:group-5DE829442D67: set stopIndex = 2
2019-07-14 16:42:15,850 INFO  ratis.ContainerStateMachine (ContainerStateMachine.java:takeSnapshot(246)) - Taking snapshot at termIndex:(t:1, i:1)
2019-07-14 16:42:15,850 INFO  impl.FollowerState (FollowerState.java:run(114)) - 68a5dfdb-c74c-438f-a088-2062485c848e: FollowerState was interrupted: java.lang.InterruptedException: sleep interrupted
2019-07-14 16:42:15,851 INFO  ratis.ContainerStateMachine (ContainerStateMachine.java:takeSnapshot(250)) - Taking a snapshot to file /workdir/hadoop-ozone/integration-test/target/test-dir/MiniOzoneClusterImpl-8a2e4dc2-5b92-4f8e-84de-2994ad5ae8e6/datanode-1/data/ratis/1a438493-0a42-4579-a62b-5de829442d67/sm/snapshot.1_1
2019-07-14 16:42:15,869 INFO  impl.StateMachineUpdater (StateMachineUpdater.java:takeSnapshot(242)) - StateMachineUpdater:68a5dfdb-c74c-438f-a088-2062485c848e:group-5DE829442D67: Took a snapshot at index 1
2019-07-14 16:42:15,874 INFO  impl.StateMachineUpdater (StateMachineUpdater.java:lambda$new$0(80)) - StateMachineUpdater:68a5dfdb-c74c-438f-a088-2062485c848e:group-5DE829442D67: snapshotIndex: updateIncreasingly -1 -> 1
2019-07-14 16:42:15,880 INFO  impl.RaftServerImpl (ServerState.java:close(394)) - 68a5dfdb-c74c-438f-a088-2062485c848e:group-5DE829442D67 closes. The last applied log index is 2
2019-07-14 16:42:15,882 INFO  segmented.SegmentedRaftLogWorker (SegmentedRaftLogWorker.java:run(313)) - 68a5dfdb-c74c-438f-a088-2062485c848e-SegmentedRaftLogWorker:Storage Directory /workdir/hadoop-ozone/integration-test/target/test-dir/MiniOzoneClusterImpl-8a2e4dc2-5b92-4f8e-84de-2994ad5ae8e6/datanode-1/data/ratis/1a438493-0a42-4579-a62b-5de829442d67 was interrupted, exiting. There are 0 tasks remaining in the queue.
2019-07-14 16:42:15,887 INFO  segmented.SegmentedRaftLogWorker (SegmentedRaftLogWorker.java:close(228)) - 68a5dfdb-c74c-438f-a088-2062485c848e-SegmentedRaftLogWorker:Storage Directory /workdir/hadoop-ozone/integration-test/target/test-dir/MiniOzoneClusterImpl-8a2e4dc2-5b92-4f8e-84de-2994ad5ae8e6/datanode-1/data/ratis/1a438493-0a42-4579-a62b-5de829442d67 close()
2019-07-14 16:42:15,895 INFO  impl.RaftServerImpl (RaftServerImpl.java:lambda$shutdown$3(245)) - 68a5dfdb-c74c-438f-a088-2062485c848e: shutdown group-DF00E9C52F19
2019-07-14 16:42:15,896 INFO  util.JmxRegister (JmxRegister.java:unregister(73)) - Successfully un-registered JMX Bean with object name Ratis:service=RaftServer,group=group-DF00E9C52F19,id=68a5dfdb-c74c-438f-a088-2062485c848e
2019-07-14 16:42:15,896 INFO  impl.RoleInfo (RoleInfo.java:shutdownLeaderState(104)) - 68a5dfdb-c74c-438f-a088-2062485c848e: shutdown LeaderState
2019-07-14 16:42:15,897 INFO  impl.PendingRequests (PendingRequests.java:sendNotLeaderResponses(202)) - 68a5dfdb-c74c-438f-a088-2062485c848e-PendingRequests: sendNotLeaderResponses
2019-07-14 16:42:15,899 INFO  impl.StateMachineUpdater (StateMachineUpdater.java:stopAndJoin(115)) - StateMachineUpdater:68a5dfdb-c74c-438f-a088-2062485c848e:group-DF00E9C52F19: set stopIndex = 0
2019-07-14 16:42:15,899 INFO  ratis.ContainerStateMachine (ContainerStateMachine.java:takeSnapshot(246)) - Taking snapshot at termIndex:(t:0, i:~)
2019-07-14 16:42:15,900 INFO  impl.RaftServerImpl (ServerState.java:close(394)) - 68a5dfdb-c74c-438f-a088-2062485c848e:group-DF00E9C52F19 closes. The last applied log index is 0
2019-07-14 16:42:15,900 INFO  segmented.SegmentedRaftLogWorker (SegmentedRaftLogWorker.java:run(313)) - 68a5dfdb-c74c-438f-a088-2062485c848e-SegmentedRaftLogWorker:Storage Directory /workdir/hadoop-ozone/integration-test/target/test-dir/MiniOzoneClusterImpl-8a2e4dc2-5b92-4f8e-84de-2994ad5ae8e6/datanode-1/data/ratis/37983371-7f30-49cc-8836-df00e9c52f19 was interrupted, exiting. There are 0 tasks remaining in the queue.
2019-07-14 16:42:15,904 INFO  segmented.SegmentedRaftLogWorker (SegmentedRaftLogWorker.java:close(228)) - 68a5dfdb-c74c-438f-a088-2062485c848e-SegmentedRaftLogWorker:Storage Directory /workdir/hadoop-ozone/integration-test/target/test-dir/MiniOzoneClusterImpl-8a2e4dc2-5b92-4f8e-84de-2994ad5ae8e6/datanode-1/data/ratis/37983371-7f30-49cc-8836-df00e9c52f19 close()
2019-07-14 16:42:15,912 INFO  server.GrpcService (GrpcService.java:closeImpl(155)) - 68a5dfdb-c74c-438f-a088-2062485c848e: shutdown server with port 37181 now
2019-07-14 16:42:15,918 WARN  server.GrpcServerProtocolService (LogUtils.java:warn(134)) - 68a5dfdb-c74c-438f-a088-2062485c848e: appendEntries onError: org.apache.ratis.thirdparty.io.grpc.StatusRuntimeException: CANCELLED: cancelled before receiving half close
2019-07-14 16:42:15,918 INFO  server.GrpcService (GrpcService.java:closeImpl(163)) - 68a5dfdb-c74c-438f-a088-2062485c848e: shutdown server with port 37181 successfully
2019-07-14 16:42:15,919 WARN  server.GrpcLogAppender (LogUtils.java:warn(134)) - 77d8bfd8-9417-42e4-b630-e55bb18b8339->68a5dfdb-c74c-438f-a088-2062485c848e: Failed appendEntries: org.apache.ratis.thirdparty.io.grpc.StatusRuntimeException: CANCELLED: HTTP/2 error code: CANCEL
Received Rst Stream
2019-07-14 16:42:15,925 INFO  utils.BackgroundService (BackgroundService.java:shutdown(148)) - Shutting down service BlockDeletingService
2019-07-14 16:42:15,925 INFO  impl.FollowerInfo (FollowerInfo.java:lambda$new$0(50)) - 77d8bfd8-9417-42e4-b630-e55bb18b8339->68a5dfdb-c74c-438f-a088-2062485c848e: nextIndex: updateUnconditionally 3 -> 2
2019-07-14 16:42:15,926 WARN  fs.CachingGetSpaceUsed (CachingGetSpaceUsed.java:run(183)) - Thread Interrupted waiting to refresh disk information: sleep interrupted
2019-07-14 16:42:15,949 INFO  statemachine.DatanodeStateMachine (DatanodeStateMachine.java:stopDaemon(395)) - Ozone container server stopped.
2019-07-14 16:42:15,976 INFO  handler.ContextHandler (ContextHandler.java:doStop(910)) - Stopped o.e.j.w.WebAppContext@1410d645{/,null,UNAVAILABLE}{/hddsDatanode}
2019-07-14 16:42:15,984 INFO  server.AbstractConnector (AbstractConnector.java:doStop(318)) - Stopped ServerConnector@4ccdacf5{HTTP/1.1,[http/1.1]}{0.0.0.0:0}
2019-07-14 16:42:15,984 INFO  handler.ContextHandler (ContextHandler.java:doStop(910)) - Stopped o.e.j.s.ServletContextHandler@5086623f{/static,jar:file:/home/user/.m2/repository/org/apache/hadoop/hadoop-hdds-container-service/0.5.0-SNAPSHOT/hadoop-hdds-container-service-0.5.0-SNAPSHOT.jar!/webapps/static,UNAVAILABLE}
2019-07-14 16:42:15,985 INFO  handler.ContextHandler (ContextHandler.java:doStop(910)) - Stopped o.e.j.s.ServletContextHandler@42cc420b{/logs,file:///workdir/hadoop-ozone/integration-test/target/log,UNAVAILABLE}
2019-07-14 16:42:15,987 INFO  datanode.ObjectStoreHandler (ObjectStoreHandler.java:close(155)) - Closing ObjectStoreHandler.
2019-07-14 16:42:15,988 INFO  ozone.HddsDatanodeService (HddsDatanodeService.java:stop(452)) - Stopped plug-in org.apache.hadoop.ozone.web.OzoneHddsDatanodeService@49c83262
2019-07-14 16:42:16,849 INFO  statemachine.DatanodeStateMachine (DatanodeStateMachine.java:lambda$startDaemon$0(350)) - Ozone container server started.
2019-07-14 16:42:18,288 WARN  server.GrpcLogAppender (LogUtils.java:warn(134)) - 77d8bfd8-9417-42e4-b630-e55bb18b8339->68a5dfdb-c74c-438f-a088-2062485c848e: Failed appendEntries: org.apache.ratis.thirdparty.io.grpc.StatusRuntimeException: UNAVAILABLE: io exception
2019-07-14 16:42:18,294 INFO  impl.FollowerInfo (FollowerInfo.java:lambda$new$0(50)) - 77d8bfd8-9417-42e4-b630-e55bb18b8339->68a5dfdb-c74c-438f-a088-2062485c848e: nextIndex: updateUnconditionally 2 -> 1
2019-07-14 16:42:20,781 WARN  server.GrpcLogAppender (LogUtils.java:warn(134)) - 77d8bfd8-9417-42e4-b630-e55bb18b8339->68a5dfdb-c74c-438f-a088-2062485c848e: Failed appendEntries: org.apache.ratis.thirdparty.io.grpc.StatusRuntimeException: UNAVAILABLE: io exception
2019-07-14 16:42:20,790 INFO  impl.FollowerInfo (FollowerInfo.java:lambda$new$0(50)) - 77d8bfd8-9417-42e4-b630-e55bb18b8339->68a5dfdb-c74c-438f-a088-2062485c848e: nextIndex: updateUnconditionally 1 -> 0
2019-07-14 16:42:20,989 INFO  ozoneimpl.OzoneContainer (OzoneContainer.java:stop(199)) - Attempting to stop container services.
2019-07-14 16:42:20,989 INFO  impl.RaftServerProxy (RaftServerProxy.java:lambda$close$4(314)) - ce51f40e-6b80-4084-8b29-ef5c0bb939b1: close
2019-07-14 16:42:20,990 INFO  impl.RaftServerImpl (RaftServerImpl.java:lambda$shutdown$3(245)) - ce51f40e-6b80-4084-8b29-ef5c0bb939b1: shutdown group-3CB4675C9B5B
2019-07-14 16:42:20,990 INFO  impl.RaftServerImpl (RaftServerImpl.java:lambda$shutdown$3(245)) - ce51f40e-6b80-4084-8b29-ef5c0bb939b1: shutdown group-5DE829442D67
2019-07-14 16:42:20,990 INFO  util.JmxRegister (JmxRegister.java:unregister(73)) - Successfully un-registered JMX Bean with object name Ratis:service=RaftServer,group=group-3CB4675C9B5B,id=ce51f40e-6b80-4084-8b29-ef5c0bb939b1
2019-07-14 16:42:20,991 INFO  util.JmxRegister (JmxRegister.java:unregister(73)) - Successfully un-registered JMX Bean with object name Ratis:service=RaftServer,group=group-5DE829442D67,id=ce51f40e-6b80-4084-8b29-ef5c0bb939b1
2019-07-14 16:42:20,991 INFO  impl.RoleInfo (RoleInfo.java:shutdownLeaderState(104)) - ce51f40e-6b80-4084-8b29-ef5c0bb939b1: shutdown LeaderState
2019-07-14 16:42:20,991 INFO  impl.RoleInfo (RoleInfo.java:shutdownFollowerState(121)) - ce51f40e-6b80-4084-8b29-ef5c0bb939b1: shutdown FollowerState
2019-07-14 16:42:20,992 INFO  impl.PendingRequests (PendingRequests.java:sendNotLeaderResponses(202)) - ce51f40e-6b80-4084-8b29-ef5c0bb939b1-PendingRequests: sendNotLeaderResponses
2019-07-14 16:42:20,992 INFO  impl.FollowerState (FollowerState.java:run(114)) - ce51f40e-6b80-4084-8b29-ef5c0bb939b1: FollowerState was interrupted: java.lang.InterruptedException: sleep interrupted
2019-07-14 16:42:20,992 INFO  impl.StateMachineUpdater (StateMachineUpdater.java:stopAndJoin(115)) - StateMachineUpdater:ce51f40e-6b80-4084-8b29-ef5c0bb939b1:group-3CB4675C9B5B: set stopIndex = 0
2019-07-14 16:42:20,992 INFO  ratis.ContainerStateMachine (ContainerStateMachine.java:takeSnapshot(246)) - Taking snapshot at termIndex:(t:1, i:1)
2019-07-14 16:42:20,992 INFO  impl.StateMachineUpdater (StateMachineUpdater.java:stopAndJoin(115)) - StateMachineUpdater:ce51f40e-6b80-4084-8b29-ef5c0bb939b1:group-5DE829442D67: set stopIndex = 2
2019-07-14 16:42:20,993 INFO  ratis.ContainerStateMachine (ContainerStateMachine.java:takeSnapshot(250)) - Taking a snapshot to file /workdir/hadoop-ozone/integration-test/target/test-dir/MiniOzoneClusterImpl-8a2e4dc2-5b92-4f8e-84de-2994ad5ae8e6/datanode-0/data/ratis/1a438493-0a42-4579-a62b-5de829442d67/sm/snapshot.1_1
2019-07-14 16:42:20,992 INFO  ratis.ContainerStateMachine (ContainerStateMachine.java:takeSnapshot(246)) - Taking snapshot at termIndex:(t:0, i:~)
2019-07-14 16:42:20,994 INFO  impl.RaftServerImpl (ServerState.java:close(394)) - ce51f40e-6b80-4084-8b29-ef5c0bb939b1:group-3CB4675C9B5B closes. The last applied log index is 0
2019-07-14 16:42:20,994 INFO  segmented.SegmentedRaftLogWorker (SegmentedRaftLogWorker.java:run(313)) - ce51f40e-6b80-4084-8b29-ef5c0bb939b1-SegmentedRaftLogWorker:Storage Directory /workdir/hadoop-ozone/integration-test/target/test-dir/MiniOzoneClusterImpl-8a2e4dc2-5b92-4f8e-84de-2994ad5ae8e6/datanode-0/data/ratis/bcadeb20-2c39-4857-9c70-3cb4675c9b5b was interrupted, exiting. There are 0 tasks remaining in the queue.
2019-07-14 16:42:20,994 INFO  impl.StateMachineUpdater (StateMachineUpdater.java:takeSnapshot(242)) - StateMachineUpdater:ce51f40e-6b80-4084-8b29-ef5c0bb939b1:group-5DE829442D67: Took a snapshot at index 1
2019-07-14 16:42:20,999 INFO  impl.StateMachineUpdater (StateMachineUpdater.java:lambda$new$0(80)) - StateMachineUpdater:ce51f40e-6b80-4084-8b29-ef5c0bb939b1:group-5DE829442D67: snapshotIndex: updateIncreasingly -1 -> 1
2019-07-14 16:42:20,999 INFO  segmented.SegmentedRaftLogWorker (SegmentedRaftLogWorker.java:close(228)) - ce51f40e-6b80-4084-8b29-ef5c0bb939b1-SegmentedRaftLogWorker:Storage Directory /workdir/hadoop-ozone/integration-test/target/test-dir/MiniOzoneClusterImpl-8a2e4dc2-5b92-4f8e-84de-2994ad5ae8e6/datanode-0/data/ratis/bcadeb20-2c39-4857-9c70-3cb4675c9b5b close()
2019-07-14 16:42:20,999 INFO  impl.RaftServerImpl (ServerState.java:close(394)) - ce51f40e-6b80-4084-8b29-ef5c0bb939b1:group-5DE829442D67 closes. The last applied log index is 2
2019-07-14 16:42:21,007 INFO  segmented.SegmentedRaftLogWorker (SegmentedRaftLogWorker.java:run(313)) - ce51f40e-6b80-4084-8b29-ef5c0bb939b1-SegmentedRaftLogWorker:Storage Directory /workdir/hadoop-ozone/integration-test/target/test-dir/MiniOzoneClusterImpl-8a2e4dc2-5b92-4f8e-84de-2994ad5ae8e6/datanode-0/data/ratis/1a438493-0a42-4579-a62b-5de829442d67 was interrupted, exiting. There are 0 tasks remaining in the queue.
2019-07-14 16:42:21,011 INFO  segmented.SegmentedRaftLogWorker (SegmentedRaftLogWorker.java:close(228)) - ce51f40e-6b80-4084-8b29-ef5c0bb939b1-SegmentedRaftLogWorker:Storage Directory /workdir/hadoop-ozone/integration-test/target/test-dir/MiniOzoneClusterImpl-8a2e4dc2-5b92-4f8e-84de-2994ad5ae8e6/datanode-0/data/ratis/1a438493-0a42-4579-a62b-5de829442d67 close()
2019-07-14 16:42:21,020 INFO  server.GrpcService (GrpcService.java:closeImpl(155)) - ce51f40e-6b80-4084-8b29-ef5c0bb939b1: shutdown server with port 45088 now
2019-07-14 16:42:21,028 WARN  server.GrpcServerProtocolService (LogUtils.java:warn(134)) - ce51f40e-6b80-4084-8b29-ef5c0bb939b1: appendEntries onError: org.apache.ratis.thirdparty.io.grpc.StatusRuntimeException: CANCELLED: cancelled before receiving half close
2019-07-14 16:42:21,028 INFO  server.GrpcService (GrpcService.java:closeImpl(163)) - ce51f40e-6b80-4084-8b29-ef5c0bb939b1: shutdown server with port 45088 successfully
2019-07-14 16:42:21,028 WARN  server.GrpcLogAppender (LogUtils.java:warn(134)) - 77d8bfd8-9417-42e4-b630-e55bb18b8339->ce51f40e-6b80-4084-8b29-ef5c0bb939b1: Failed appendEntries: org.apache.ratis.thirdparty.io.grpc.StatusRuntimeException: CANCELLED: HTTP/2 error code: CANCEL
Received Rst Stream
2019-07-14 16:42:21,033 INFO  impl.FollowerInfo (FollowerInfo.java:lambda$new$0(50)) - 77d8bfd8-9417-42e4-b630-e55bb18b8339->ce51f40e-6b80-4084-8b29-ef5c0bb939b1: nextIndex: updateUnconditionally 3 -> 2
2019-07-14 16:42:21,033 INFO  utils.BackgroundService (BackgroundService.java:shutdown(148)) - Shutting down service BlockDeletingService
2019-07-14 16:42:21,034 WARN  fs.CachingGetSpaceUsed (CachingGetSpaceUsed.java:run(183)) - Thread Interrupted waiting to refresh disk information: sleep interrupted
2019-07-14 16:42:21,061 INFO  statemachine.DatanodeStateMachine (DatanodeStateMachine.java:stopDaemon(395)) - Ozone container server stopped.
2019-07-14 16:42:21,062 INFO  handler.ContextHandler (ContextHandler.java:doStop(910)) - Stopped o.e.j.w.WebAppContext@60fc7f43{/,null,UNAVAILABLE}{/hddsDatanode}
2019-07-14 16:42:21,063 INFO  server.AbstractConnector (AbstractConnector.java:doStop(318)) - Stopped ServerConnector@16e195cf{HTTP/1.1,[http/1.1]}{0.0.0.0:0}
2019-07-14 16:42:21,063 INFO  handler.ContextHandler (ContextHandler.java:doStop(910)) - Stopped o.e.j.s.ServletContextHandler@1a536164{/static,jar:file:/home/user/.m2/repository/org/apache/hadoop/hadoop-hdds-container-service/0.5.0-SNAPSHOT/hadoop-hdds-container-service-0.5.0-SNAPSHOT.jar!/webapps/static,UNAVAILABLE}
2019-07-14 16:42:21,064 INFO  handler.ContextHandler (ContextHandler.java:doStop(910)) - Stopped o.e.j.s.ServletContextHandler@63187d63{/logs,file:///workdir/hadoop-ozone/integration-test/target/log,UNAVAILABLE}
2019-07-14 16:42:21,108 INFO  client.GrpcClientProtocolClient (GrpcClientProtocolClient.java:onNext(255)) - client-66187A59C24B->77d8bfd8-9417-42e4-b630-e55bb18b8339: receive RaftClientReply:client-66187A59C24B->77d8bfd8-9417-42e4-b630-e55bb18b8339@group-5DE829442D67, cid=38, SUCCESS, logIndex=0, commits[77d8bfd8-9417-42e4-b630-e55bb18b8339:c2, 68a5dfdb-c74c-438f-a088-2062485c848e:c2, ce51f40e-6b80-4084-8b29-ef5c0bb939b1:c2]
]]></system-out>
    <system-err><![CDATA[Jul 14, 2019 4:41:59 PM com.sun.jersey.server.impl.application.WebApplicationImpl _initiate
INFO: Initiating Jersey application, version 'Jersey: 1.19 02/11/2015 03:25 AM'
Jul 14, 2019 4:42:00 PM com.sun.jersey.server.impl.application.WebApplicationImpl _initiate
INFO: Initiating Jersey application, version 'Jersey: 1.19 02/11/2015 03:25 AM'
Jul 14, 2019 4:42:00 PM com.sun.jersey.server.impl.application.WebApplicationImpl _initiate
INFO: Initiating Jersey application, version 'Jersey: 1.19 02/11/2015 03:25 AM'
Jul 14, 2019 4:42:00 PM com.sun.jersey.server.impl.application.WebApplicationImpl _initiate
INFO: Initiating Jersey application, version 'Jersey: 1.19 02/11/2015 03:25 AM'
Jul 14, 2019 4:42:00 PM com.sun.jersey.server.impl.application.WebApplicationImpl _initiate
INFO: Initiating Jersey application, version 'Jersey: 1.19 02/11/2015 03:25 AM'
Jul 14, 2019 4:42:00 PM com.sun.jersey.server.impl.application.WebApplicationImpl _initiate
INFO: Initiating Jersey application, version 'Jersey: 1.19 02/11/2015 03:25 AM'
Jul 14, 2019 4:42:01 PM com.sun.jersey.server.impl.application.WebApplicationImpl _initiate
INFO: Initiating Jersey application, version 'Jersey: 1.19 02/11/2015 03:25 AM'
]]></system-err>
  </testcase>
  <testcase name="testWatchForCommitForRetryfailure" classname="org.apache.hadoop.ozone.client.rpc.TestWatchForCommit" time="21.865">
    <failure message="expected exception not thrown" type="java.lang.AssertionError">java.lang.AssertionError: expected exception not thrown
	at org.junit.Assert.fail(Assert.java:88)
	at org.apache.hadoop.ozone.client.rpc.TestWatchForCommit.testWatchForCommitForRetryfailure(TestWatchForCommit.java:348)
	at sun.reflect.NativeMethodAccessorImpl.invoke0(Native Method)
	at sun.reflect.NativeMethodAccessorImpl.invoke(NativeMethodAccessorImpl.java:62)
	at sun.reflect.DelegatingMethodAccessorImpl.invoke(DelegatingMethodAccessorImpl.java:43)
	at java.lang.reflect.Method.invoke(Method.java:498)
	at org.junit.runners.model.FrameworkMethod$1.runReflectiveCall(FrameworkMethod.java:47)
	at org.junit.internal.runners.model.ReflectiveCallable.run(ReflectiveCallable.java:12)
	at org.junit.runners.model.FrameworkMethod.invokeExplosively(FrameworkMethod.java:44)
	at org.junit.internal.runners.statements.InvokeMethod.evaluate(InvokeMethod.java:17)
	at org.junit.runners.ParentRunner.runLeaf(ParentRunner.java:271)
	at org.junit.runners.BlockJUnit4ClassRunner.runChild(BlockJUnit4ClassRunner.java:70)
	at org.junit.runners.BlockJUnit4ClassRunner.runChild(BlockJUnit4ClassRunner.java:50)
	at org.junit.runners.ParentRunner$3.run(ParentRunner.java:238)
	at org.junit.runners.ParentRunner$1.schedule(ParentRunner.java:63)
	at org.junit.runners.ParentRunner.runChildren(ParentRunner.java:236)
	at org.junit.runners.ParentRunner.access$000(ParentRunner.java:53)
	at org.junit.runners.ParentRunner$2.evaluate(ParentRunner.java:229)
	at org.junit.runners.ParentRunner.run(ParentRunner.java:309)
	at org.apache.maven.surefire.junit4.JUnit4Provider.execute(JUnit4Provider.java:365)
	at org.apache.maven.surefire.junit4.JUnit4Provider.executeWithRerun(JUnit4Provider.java:273)
	at org.apache.maven.surefire.junit4.JUnit4Provider.executeTestSet(JUnit4Provider.java:238)
	at org.apache.maven.surefire.junit4.JUnit4Provider.invoke(JUnit4Provider.java:159)
	at org.apache.maven.surefire.booter.ForkedBooter.invokeProviderInSameClassLoader(ForkedBooter.java:384)
	at org.apache.maven.surefire.booter.ForkedBooter.runSuitesInProcess(ForkedBooter.java:345)
	at org.apache.maven.surefire.booter.ForkedBooter.execute(ForkedBooter.java:126)
	at org.apache.maven.surefire.booter.ForkedBooter.main(ForkedBooter.java:418)
</failure>
    <system-out><![CDATA[2019-07-14 16:42:21,127 WARN  server.ServerUtils (ServerUtils.java:getScmDbDir(145)) - ozone.scm.db.dirs is not configured. We recommend adding this setting. Falling back to ozone.metadata.dirs instead.
2019-07-14 16:42:21,141 WARN  server.ServerUtils (ServerUtils.java:getScmDbDir(145)) - ozone.scm.db.dirs is not configured. We recommend adding this setting. Falling back to ozone.metadata.dirs instead.
2019-07-14 16:42:21,141 WARN  server.ServerUtils (ServerUtils.java:getScmDbDir(145)) - ozone.scm.db.dirs is not configured. We recommend adding this setting. Falling back to ozone.metadata.dirs instead.
2019-07-14 16:42:21,142 INFO  db.DBStoreBuilder (DBStoreBuilder.java:addTable(110)) - using custom profile for table: deletedBlocks
2019-07-14 16:42:21,142 INFO  db.DBStoreBuilder (DBStoreBuilder.java:processTables(161)) - Using default column profile:DBProfile.DISK for Table:deletedBlocks
2019-07-14 16:42:21,142 INFO  db.DBStoreBuilder (DBStoreBuilder.java:addTable(110)) - using custom profile for table: validCerts
2019-07-14 16:42:21,142 INFO  db.DBStoreBuilder (DBStoreBuilder.java:processTables(161)) - Using default column profile:DBProfile.DISK for Table:validCerts
2019-07-14 16:42:21,143 INFO  db.DBStoreBuilder (DBStoreBuilder.java:addTable(110)) - using custom profile for table: revokedCerts
2019-07-14 16:42:21,143 INFO  db.DBStoreBuilder (DBStoreBuilder.java:processTables(161)) - Using default column profile:DBProfile.DISK for Table:revokedCerts
2019-07-14 16:42:21,143 INFO  db.DBStoreBuilder (DBStoreBuilder.java:addTable(110)) - using custom profile for table: default
2019-07-14 16:42:21,143 INFO  db.DBStoreBuilder (DBStoreBuilder.java:processTables(167)) - Using default column profile:DBProfile.DISK for Table:default
2019-07-14 16:42:21,143 INFO  db.DBStoreBuilder (DBStoreBuilder.java:getDbProfile(198)) - Using default options. DBProfile.DISK
2019-07-14 16:42:21,234 INFO  net.NodeSchemaLoader (NodeSchemaLoader.java:loadSchemaFromFile(125)) - Loading file from sun.misc.CompoundEnumeration@6fa7ce4
2019-07-14 16:42:21,234 INFO  net.NodeSchemaLoader (NodeSchemaLoader.java:loadSchema(171)) - Loading network topology layer schema file
2019-07-14 16:42:21,241 WARN  server.ServerUtils (ServerUtils.java:sanitizeUserArgs(70)) - ozone.scm.stale.node.interval value = 300000 is larger than max = 100000 based on the key value of ozone.scm.heartbeat.thread.interval, reset to the max value 100000.
2019-07-14 16:42:21,241 WARN  server.ServerUtils (ServerUtils.java:sanitizeUserArgs(70)) - ozone.scm.stale.node.interval value = 300000 is larger than max = 100000 based on the key value of ozone.scm.heartbeat.thread.interval, reset to the max value 100000.
2019-07-14 16:42:21,241 INFO  node.SCMNodeManager (SCMNodeManager.java:<init>(119)) - Entering startup safe mode.
2019-07-14 16:42:21,243 WARN  server.ServerUtils (ServerUtils.java:getScmDbDir(145)) - ozone.scm.db.dirs is not configured. We recommend adding this setting. Falling back to ozone.metadata.dirs instead.
2019-07-14 16:42:21,291 INFO  pipeline.SCMPipelineManager (SCMPipelineManager.java:initializePipelineState(126)) - No pipeline exists in current db
2019-07-14 16:42:21,291 WARN  server.ServerUtils (ServerUtils.java:getScmDbDir(145)) - ozone.scm.db.dirs is not configured. We recommend adding this setting. Falling back to ozone.metadata.dirs instead.
2019-07-14 16:42:21,355 WARN  events.EventQueue (EventQueue.java:fireEvent(175)) - No event handler registered for event TypedEvent{payloadType=SafeModeStatus, name='SafeModeStatus'}
2019-07-14 16:42:21,357 INFO  ipc.CallQueueManager (CallQueueManager.java:<init>(84)) - Using callQueue: class java.util.concurrent.LinkedBlockingQueue, queueCapacity: 2000, scheduler: class org.apache.hadoop.ipc.DefaultRpcScheduler, ipcBackoff: false.
2019-07-14 16:42:21,358 INFO  ipc.Server (Server.java:run(1074)) - Starting Socket Reader #1 for port 44689
2019-07-14 16:42:21,368 INFO  ipc.CallQueueManager (CallQueueManager.java:<init>(84)) - Using callQueue: class java.util.concurrent.LinkedBlockingQueue, queueCapacity: 2000, scheduler: class org.apache.hadoop.ipc.DefaultRpcScheduler, ipcBackoff: false.
2019-07-14 16:42:21,369 INFO  ipc.Server (Server.java:run(1074)) - Starting Socket Reader #1 for port 46543
2019-07-14 16:42:21,374 INFO  ipc.CallQueueManager (CallQueueManager.java:<init>(84)) - Using callQueue: class java.util.concurrent.LinkedBlockingQueue, queueCapacity: 2000, scheduler: class org.apache.hadoop.ipc.DefaultRpcScheduler, ipcBackoff: false.
2019-07-14 16:42:21,375 INFO  ipc.Server (Server.java:run(1074)) - Starting Socket Reader #1 for port 45500
2019-07-14 16:42:21,384 INFO  hdfs.DFSUtil (DFSUtil.java:httpServerTemplateForNNAndJN(1641)) - Starting Web-server for scm at: http://0.0.0.0:0
2019-07-14 16:42:21,387 INFO  server.AuthenticationFilter (AuthenticationFilter.java:constructSecretProvider(240)) - Unable to initialize FileSignerSecretProvider, falling back to use random secrets.
2019-07-14 16:42:21,388 WARN  http.HttpRequestLog (HttpRequestLog.java:getRequestLog(97)) - Jetty request log can only be enabled using Log4j
2019-07-14 16:42:21,391 INFO  http.HttpServer2 (HttpServer2.java:addGlobalFilter(975)) - Added global filter 'safety' (class=org.apache.hadoop.http.HttpServer2$QuotingInputFilter)
2019-07-14 16:42:21,392 INFO  http.HttpServer2 (HttpServer2.java:addFilter(948)) - Added filter static_user_filter (class=org.apache.hadoop.http.lib.StaticUserWebFilter$StaticUserFilter) to context scm
2019-07-14 16:42:21,392 INFO  http.HttpServer2 (HttpServer2.java:addFilter(958)) - Added filter static_user_filter (class=org.apache.hadoop.http.lib.StaticUserWebFilter$StaticUserFilter) to context logs
2019-07-14 16:42:21,393 INFO  http.HttpServer2 (HttpServer2.java:addFilter(958)) - Added filter static_user_filter (class=org.apache.hadoop.http.lib.StaticUserWebFilter$StaticUserFilter) to context static
2019-07-14 16:42:21,401 INFO  server.StorageContainerManager (StorageContainerManager.java:start(761)) - StorageContainerLocationProtocol RPC server is listening at /0.0.0.0:45500
2019-07-14 16:42:21,402 INFO  impl.MetricsSystemImpl (MetricsSystemImpl.java:init(158)) - StorageContainerManager metrics system started (again)
2019-07-14 16:42:21,458 INFO  server.SCMClientProtocolServer (SCMClientProtocolServer.java:start(149)) - RPC server for Client  is listening at /0.0.0.0:45500
2019-07-14 16:42:21,458 INFO  ipc.Server (Server.java:run(1314)) - IPC Server Responder: starting
2019-07-14 16:42:21,458 INFO  ipc.Server (Server.java:run(1153)) - IPC Server listener on 45500: starting
2019-07-14 16:42:21,473 INFO  server.StorageContainerManager (StorageContainerManager.java:start(771)) - ScmBlockLocationProtocol RPC server is listening at /0.0.0.0:46543
2019-07-14 16:42:21,473 INFO  server.SCMBlockProtocolServer (SCMBlockProtocolServer.java:start(140)) - RPC server for Block Protocol is listening at /0.0.0.0:46543
2019-07-14 16:42:21,473 INFO  ipc.Server (Server.java:run(1314)) - IPC Server Responder: starting
2019-07-14 16:42:21,474 INFO  ipc.Server (Server.java:run(1153)) - IPC Server listener on 46543: starting
2019-07-14 16:42:21,488 INFO  server.StorageContainerManager (StorageContainerManager.java:start(775)) - ScmDatanodeProtocl RPC server is listening at /0.0.0.0:44689
2019-07-14 16:42:21,488 INFO  server.SCMDatanodeProtocolServer (SCMDatanodeProtocolServer.java:start(191)) - RPC server for DataNodes is listening at /0.0.0.0:44689
2019-07-14 16:42:21,489 INFO  ipc.Server (Server.java:run(1314)) - IPC Server Responder: starting
2019-07-14 16:42:21,489 INFO  ipc.Server (Server.java:run(1153)) - IPC Server listener on 44689: starting
2019-07-14 16:42:21,502 INFO  http.HttpServer2 (HttpServer2.java:bindListener(1191)) - Jetty bound to port 34432
2019-07-14 16:42:21,502 INFO  server.Server (Server.java:doStart(351)) - jetty-9.3.24.v20180605, build timestamp: 2018-06-05T17:11:56Z, git hash: 84205aa28f11a4f31f2a3b86d1bba2cc8ab69827
2019-07-14 16:42:21,505 INFO  handler.ContextHandler (ContextHandler.java:doStart(781)) - Started o.e.j.s.ServletContextHandler@6b64bf61{/logs,file:///workdir/hadoop-ozone/integration-test/target/log,AVAILABLE}
2019-07-14 16:42:21,505 INFO  handler.ContextHandler (ContextHandler.java:doStart(781)) - Started o.e.j.s.ServletContextHandler@7846913f{/static,file:///workdir/hadoop-ozone/integration-test/target/test-classes/webapps/static,AVAILABLE}
2019-07-14 16:42:21,511 INFO  handler.ContextHandler (ContextHandler.java:doStart(781)) - Started o.e.j.w.WebAppContext@270f7b4d{/,file:///workdir/hadoop-ozone/integration-test/target/test-classes/webapps/scm/,AVAILABLE}{/scm}
2019-07-14 16:42:21,512 INFO  server.AbstractConnector (AbstractConnector.java:doStart(278)) - Started ServerConnector@56b704ea{HTTP/1.1,[http/1.1]}{0.0.0.0:34432}
2019-07-14 16:42:21,515 INFO  server.Server (Server.java:doStart(419)) - Started @41318ms
2019-07-14 16:42:21,517 INFO  server.BaseHttpServer (BaseHttpServer.java:updateConnectorAddress(207)) - HTTP server of SCM is listening at http://0.0.0.0:34432
2019-07-14 16:42:21,517 WARN  server.ServerUtils (ServerUtils.java:getDBPath(222)) - ozone.om.db.dirs is not configured. We recommend adding this setting. Falling back to ozone.metadata.dirs instead.
2019-07-14 16:42:21,521 INFO  util.JvmPauseMonitor (JvmPauseMonitor.java:run(188)) - Starting JVM pause monitor
2019-07-14 16:42:21,535 WARN  server.ServerUtils (ServerUtils.java:getDBPath(222)) - ozone.om.db.dirs is not configured. We recommend adding this setting. Falling back to ozone.metadata.dirs instead.
2019-07-14 16:42:21,536 INFO  om.OzoneManager (OzoneManager.java:setOMNodeDetails(632)) - OM Service ID is not set. Setting it to the default ID: omServiceIdDefault
2019-07-14 16:42:21,536 INFO  om.OzoneManager (OzoneManager.java:setOMNodeDetails(638)) - OM Node ID is not set. Setting it to the OmStorage's OmID: e7a639ea-2f84-49fa-8950-e2a9097683f1
2019-07-14 16:42:21,536 INFO  om.OzoneManager (OzoneManager.java:loadOMHAConfigs(589)) - Found matching OM address with OMServiceId: null, OMNodeId: null, RPC Address: localhost:0 and Ratis port: 9872
2019-07-14 16:42:21,552 WARN  server.ServerUtils (ServerUtils.java:getDBPath(222)) - ozone.om.db.dirs is not configured. We recommend adding this setting. Falling back to ozone.metadata.dirs instead.
2019-07-14 16:42:21,553 INFO  db.DBStoreBuilder (DBStoreBuilder.java:addTable(110)) - using custom profile for table: userTable
2019-07-14 16:42:21,553 INFO  db.DBStoreBuilder (DBStoreBuilder.java:processTables(161)) - Using default column profile:DBProfile.DISK for Table:userTable
2019-07-14 16:42:21,553 INFO  db.DBStoreBuilder (DBStoreBuilder.java:addTable(110)) - using custom profile for table: volumeTable
2019-07-14 16:42:21,554 INFO  db.DBStoreBuilder (DBStoreBuilder.java:processTables(161)) - Using default column profile:DBProfile.DISK for Table:volumeTable
2019-07-14 16:42:21,554 INFO  db.DBStoreBuilder (DBStoreBuilder.java:addTable(110)) - using custom profile for table: bucketTable
2019-07-14 16:42:21,554 INFO  db.DBStoreBuilder (DBStoreBuilder.java:processTables(161)) - Using default column profile:DBProfile.DISK for Table:bucketTable
2019-07-14 16:42:21,554 INFO  db.DBStoreBuilder (DBStoreBuilder.java:addTable(110)) - using custom profile for table: keyTable
2019-07-14 16:42:21,554 INFO  db.DBStoreBuilder (DBStoreBuilder.java:processTables(161)) - Using default column profile:DBProfile.DISK for Table:keyTable
2019-07-14 16:42:21,555 INFO  db.DBStoreBuilder (DBStoreBuilder.java:addTable(110)) - using custom profile for table: deletedTable
2019-07-14 16:42:21,555 INFO  db.DBStoreBuilder (DBStoreBuilder.java:processTables(161)) - Using default column profile:DBProfile.DISK for Table:deletedTable
2019-07-14 16:42:21,555 INFO  db.DBStoreBuilder (DBStoreBuilder.java:addTable(110)) - using custom profile for table: openKeyTable
2019-07-14 16:42:21,556 INFO  db.DBStoreBuilder (DBStoreBuilder.java:processTables(161)) - Using default column profile:DBProfile.DISK for Table:openKeyTable
2019-07-14 16:42:21,556 INFO  db.DBStoreBuilder (DBStoreBuilder.java:addTable(110)) - using custom profile for table: s3Table
2019-07-14 16:42:21,556 INFO  db.DBStoreBuilder (DBStoreBuilder.java:processTables(161)) - Using default column profile:DBProfile.DISK for Table:s3Table
2019-07-14 16:42:21,556 INFO  db.DBStoreBuilder (DBStoreBuilder.java:addTable(110)) - using custom profile for table: multipartInfoTable
2019-07-14 16:42:21,556 INFO  db.DBStoreBuilder (DBStoreBuilder.java:processTables(161)) - Using default column profile:DBProfile.DISK for Table:multipartInfoTable
2019-07-14 16:42:21,557 INFO  db.DBStoreBuilder (DBStoreBuilder.java:addTable(110)) - using custom profile for table: dTokenTable
2019-07-14 16:42:21,557 INFO  db.DBStoreBuilder (DBStoreBuilder.java:processTables(161)) - Using default column profile:DBProfile.DISK for Table:dTokenTable
2019-07-14 16:42:21,557 INFO  db.DBStoreBuilder (DBStoreBuilder.java:addTable(110)) - using custom profile for table: s3SecretTable
2019-07-14 16:42:21,557 INFO  db.DBStoreBuilder (DBStoreBuilder.java:processTables(161)) - Using default column profile:DBProfile.DISK for Table:s3SecretTable
2019-07-14 16:42:21,558 INFO  db.DBStoreBuilder (DBStoreBuilder.java:addTable(110)) - using custom profile for table: prefixTable
2019-07-14 16:42:21,558 INFO  db.DBStoreBuilder (DBStoreBuilder.java:processTables(161)) - Using default column profile:DBProfile.DISK for Table:prefixTable
2019-07-14 16:42:21,558 INFO  db.DBStoreBuilder (DBStoreBuilder.java:addTable(110)) - using custom profile for table: default
2019-07-14 16:42:21,558 INFO  db.DBStoreBuilder (DBStoreBuilder.java:processTables(167)) - Using default column profile:DBProfile.DISK for Table:default
2019-07-14 16:42:21,559 INFO  db.DBStoreBuilder (DBStoreBuilder.java:getDbProfile(198)) - Using default options. DBProfile.DISK
2019-07-14 16:42:22,074 INFO  ipc.CallQueueManager (CallQueueManager.java:<init>(84)) - Using callQueue: class java.util.concurrent.LinkedBlockingQueue, queueCapacity: 2000, scheduler: class org.apache.hadoop.ipc.DefaultRpcScheduler, ipcBackoff: false.
2019-07-14 16:42:22,075 INFO  ipc.Server (Server.java:run(1074)) - Starting Socket Reader #1 for port 45505
2019-07-14 16:42:22,105 WARN  server.ServerUtils (ServerUtils.java:getDBPath(222)) - ozone.om.db.dirs is not configured. We recommend adding this setting. Falling back to ozone.metadata.dirs instead.
2019-07-14 16:42:22,106 INFO  om.OzoneManager (OzoneManager.java:start(1230)) - OzoneManager RPC server is listening at localhost/127.0.0.1:45505
2019-07-14 16:42:22,106 INFO  impl.MetricsSystemImpl (MetricsSystemImpl.java:init(158)) - OzoneManager metrics system started (again)
2019-07-14 16:42:22,162 INFO  ipc.Server (Server.java:run(1314)) - IPC Server Responder: starting
2019-07-14 16:42:22,162 INFO  ipc.Server (Server.java:run(1153)) - IPC Server listener on 45505: starting
2019-07-14 16:42:22,176 INFO  hdfs.DFSUtil (DFSUtil.java:httpServerTemplateForNNAndJN(1641)) - Starting Web-server for ozoneManager at: http://0.0.0.0:0
2019-07-14 16:42:22,178 INFO  server.AuthenticationFilter (AuthenticationFilter.java:constructSecretProvider(240)) - Unable to initialize FileSignerSecretProvider, falling back to use random secrets.
2019-07-14 16:42:22,178 WARN  http.HttpRequestLog (HttpRequestLog.java:getRequestLog(97)) - Jetty request log can only be enabled using Log4j
2019-07-14 16:42:22,181 INFO  http.HttpServer2 (HttpServer2.java:addGlobalFilter(975)) - Added global filter 'safety' (class=org.apache.hadoop.http.HttpServer2$QuotingInputFilter)
2019-07-14 16:42:22,182 INFO  http.HttpServer2 (HttpServer2.java:addFilter(948)) - Added filter static_user_filter (class=org.apache.hadoop.http.lib.StaticUserWebFilter$StaticUserFilter) to context ozoneManager
2019-07-14 16:42:22,182 INFO  http.HttpServer2 (HttpServer2.java:addFilter(958)) - Added filter static_user_filter (class=org.apache.hadoop.http.lib.StaticUserWebFilter$StaticUserFilter) to context logs
2019-07-14 16:42:22,182 INFO  http.HttpServer2 (HttpServer2.java:addFilter(958)) - Added filter static_user_filter (class=org.apache.hadoop.http.lib.StaticUserWebFilter$StaticUserFilter) to context static
2019-07-14 16:42:22,183 INFO  http.HttpServer2 (HttpServer2.java:bindListener(1191)) - Jetty bound to port 34909
2019-07-14 16:42:22,183 INFO  server.Server (Server.java:doStart(351)) - jetty-9.3.24.v20180605, build timestamp: 2018-06-05T17:11:56Z, git hash: 84205aa28f11a4f31f2a3b86d1bba2cc8ab69827
2019-07-14 16:42:22,186 INFO  handler.ContextHandler (ContextHandler.java:doStart(781)) - Started o.e.j.s.ServletContextHandler@14d18029{/logs,file:///workdir/hadoop-ozone/integration-test/target/log,AVAILABLE}
2019-07-14 16:42:22,187 INFO  handler.ContextHandler (ContextHandler.java:doStart(781)) - Started o.e.j.s.ServletContextHandler@75d7297d{/static,file:///workdir/hadoop-ozone/integration-test/target/test-classes/webapps/static,AVAILABLE}
2019-07-14 16:42:22,192 INFO  handler.ContextHandler (ContextHandler.java:doStart(781)) - Started o.e.j.w.WebAppContext@6ab1f85b{/,file:///workdir/hadoop-ozone/integration-test/target/test-classes/webapps/ozoneManager/,AVAILABLE}{/ozoneManager}
2019-07-14 16:42:22,197 INFO  server.AbstractConnector (AbstractConnector.java:doStart(278)) - Started ServerConnector@10e8c7a2{HTTP/1.1,[http/1.1]}{0.0.0.0:34909}
2019-07-14 16:42:22,197 INFO  server.Server (Server.java:doStart(419)) - Started @42000ms
2019-07-14 16:42:22,200 INFO  server.BaseHttpServer (BaseHttpServer.java:updateConnectorAddress(207)) - HTTP server of OZONEMANAGER is listening at http://0.0.0.0:34909
2019-07-14 16:42:22,221 INFO  impl.MetricsSystemImpl (MetricsSystemImpl.java:init(158)) - HddsDatanode metrics system started (again)
2019-07-14 16:42:22,275 INFO  ozone.HddsDatanodeService (HddsDatanodeService.java:start(185)) - HddsDatanodeService host:pr-hdds-1710-5x6jb-1204890111 ip:192.168.69.77
2019-07-14 16:42:22,291 INFO  volume.HddsVolume (HddsVolume.java:<init>(176)) - Creating Volume: /workdir/hadoop-ozone/integration-test/target/test-dir/MiniOzoneClusterImpl-8097b823-397b-4f28-adca-d7b431faadee/datanode-0/data/containers/hdds of  storage type : DISK and capacity : 52710309888
2019-07-14 16:42:22,291 INFO  volume.VolumeSet (VolumeSet.java:initializeVolumeSet(170)) - Added Volume : /workdir/hadoop-ozone/integration-test/target/test-dir/MiniOzoneClusterImpl-8097b823-397b-4f28-adca-d7b431faadee/datanode-0/data/containers/hdds to VolumeSet
2019-07-14 16:42:22,292 INFO  volume.ThrottledAsyncChecker (ThrottledAsyncChecker.java:schedule(140)) - Scheduling a check for org.apache.hadoop.ozone.container.common.volume.HddsVolume@217b0952
2019-07-14 16:42:22,293 INFO  volume.HddsVolumeChecker (HddsVolumeChecker.java:checkAllVolumes(203)) - Scheduled health check for volume org.apache.hadoop.ozone.container.common.volume.HddsVolume@217b0952
2019-07-14 16:42:22,313 INFO  impl.RaftServerProxy (ConfUtils.java:logGet(43)) - raft.rpc.type = GRPC (default)
2019-07-14 16:42:22,314 INFO  grpc.GrpcFactory (GrpcFactory.java:checkPooledByteBufAllocatorUseCacheForAllThreads(45)) - PERFORMANCE WARNING: useCacheForAllThreads is true that may cause Netty to create a lot garbage objects and, as a result, trigger GC.
	It is recommended to disable useCacheForAllThreads by setting -Dorg.apache.ratis.thirdparty.io.netty.allocator.useCacheForAllThreads=false in command line.
2019-07-14 16:42:22,314 INFO  grpc.GrpcConfigKeys$Server (ConfUtils.java:logGet(43)) - raft.grpc.server.port = 0 (default)
2019-07-14 16:42:22,314 INFO  server.GrpcService (ConfUtils.java:logGet(43)) - raft.grpc.message.size.max = 33570816 (custom)
2019-07-14 16:42:22,315 INFO  server.RaftServerConfigKeys (ConfUtils.java:logGet(43)) - raft.server.log.appender.buffer.byte-limit = 33554432 (custom)
2019-07-14 16:42:22,315 INFO  server.GrpcService (ConfUtils.java:logGet(43)) - raft.grpc.flow.control.window = 1MB (=1048576) (default)
2019-07-14 16:42:22,315 INFO  server.RaftServerConfigKeys (ConfUtils.java:logGet(43)) - raft.server.rpc.request.timeout = 3000ms (default)
2019-07-14 16:42:22,316 INFO  server.RaftServerConfigKeys (ConfUtils.java:logGet(43)) - raft.server.storage.dir = [/workdir/hadoop-ozone/integration-test/target/test-dir/MiniOzoneClusterImpl-8097b823-397b-4f28-adca-d7b431faadee/datanode-0/data/ratis] (custom)
2019-07-14 16:42:22,316 INFO  replication.SimpleContainerDownloader (SimpleContainerDownloader.java:<init>(72)) - Starting container downloader service to copy containers to replicate.
2019-07-14 16:42:22,318 INFO  hdfs.DFSUtil (DFSUtil.java:httpServerTemplateForNNAndJN(1641)) - Starting Web-server for hddsDatanode at: http://0.0.0.0:0
2019-07-14 16:42:22,319 INFO  server.AuthenticationFilter (AuthenticationFilter.java:constructSecretProvider(240)) - Unable to initialize FileSignerSecretProvider, falling back to use random secrets.
2019-07-14 16:42:22,319 WARN  http.HttpRequestLog (HttpRequestLog.java:getRequestLog(97)) - Jetty request log can only be enabled using Log4j
2019-07-14 16:42:22,321 INFO  http.HttpServer2 (HttpServer2.java:addGlobalFilter(975)) - Added global filter 'safety' (class=org.apache.hadoop.http.HttpServer2$QuotingInputFilter)
2019-07-14 16:42:22,321 INFO  http.HttpServer2 (HttpServer2.java:addFilter(948)) - Added filter static_user_filter (class=org.apache.hadoop.http.lib.StaticUserWebFilter$StaticUserFilter) to context hddsDatanode
2019-07-14 16:42:22,321 INFO  http.HttpServer2 (HttpServer2.java:addFilter(958)) - Added filter static_user_filter (class=org.apache.hadoop.http.lib.StaticUserWebFilter$StaticUserFilter) to context static
2019-07-14 16:42:22,322 INFO  http.HttpServer2 (HttpServer2.java:addFilter(958)) - Added filter static_user_filter (class=org.apache.hadoop.http.lib.StaticUserWebFilter$StaticUserFilter) to context logs
2019-07-14 16:42:22,322 INFO  http.HttpServer2 (HttpServer2.java:bindListener(1191)) - Jetty bound to port 40103
2019-07-14 16:42:22,322 INFO  server.Server (Server.java:doStart(351)) - jetty-9.3.24.v20180605, build timestamp: 2018-06-05T17:11:56Z, git hash: 84205aa28f11a4f31f2a3b86d1bba2cc8ab69827
2019-07-14 16:42:22,324 INFO  handler.ContextHandler (ContextHandler.java:doStart(781)) - Started o.e.j.s.ServletContextHandler@3d02ff64{/logs,file:///workdir/hadoop-ozone/integration-test/target/log,AVAILABLE}
2019-07-14 16:42:22,325 INFO  handler.ContextHandler (ContextHandler.java:doStart(781)) - Started o.e.j.s.ServletContextHandler@7977f046{/static,jar:file:/home/user/.m2/repository/org/apache/hadoop/hadoop-hdds-container-service/0.5.0-SNAPSHOT/hadoop-hdds-container-service-0.5.0-SNAPSHOT.jar!/webapps/static,AVAILABLE}
2019-07-14 16:42:22,354 INFO  handler.ContextHandler (ContextHandler.java:doStart(781)) - Started o.e.j.w.WebAppContext@7e8c58fd{/,file:///tmp/jetty-0.0.0.0-40103-hddsDatanode-_-any-5025300258480221249.dir/webapp/,AVAILABLE}{/hddsDatanode}
2019-07-14 16:42:22,355 INFO  server.AbstractConnector (AbstractConnector.java:doStart(278)) - Started ServerConnector@11ce9319{HTTP/1.1,[http/1.1]}{0.0.0.0:40103}
2019-07-14 16:42:22,358 INFO  server.Server (Server.java:doStart(419)) - Started @42161ms
2019-07-14 16:42:22,359 INFO  server.BaseHttpServer (BaseHttpServer.java:updateConnectorAddress(207)) - HTTP server of HDDSDATANODE is listening at http://0.0.0.0:40103
2019-07-14 16:42:22,476 INFO  ozone.HddsDatanodeService (HddsDatanodeService.java:startPlugins(396)) - Started plug-in org.apache.hadoop.ozone.web.OzoneHddsDatanodeService@62f37bfd
2019-07-14 16:42:22,477 INFO  impl.MetricsSystemImpl (MetricsSystemImpl.java:init(158)) - HddsDatanode metrics system started (again)
2019-07-14 16:42:22,518 INFO  util.JvmPauseMonitor (JvmPauseMonitor.java:run(188)) - Starting JVM pause monitor
2019-07-14 16:42:22,519 INFO  ozone.HddsDatanodeService (HddsDatanodeService.java:start(185)) - HddsDatanodeService host:pr-hdds-1710-5x6jb-1204890111 ip:192.168.69.77
2019-07-14 16:42:22,520 INFO  datanode.InitDatanodeState (InitDatanodeState.java:persistContainerDatanodeDetails(140)) - DatanodeDetails is persisted to /workdir/hadoop-ozone/integration-test/target/test-dir/MiniOzoneClusterImpl-8097b823-397b-4f28-adca-d7b431faadee/datanode-0/meta/datanode.id
2019-07-14 16:42:22,536 INFO  volume.HddsVolume (HddsVolume.java:<init>(176)) - Creating Volume: /workdir/hadoop-ozone/integration-test/target/test-dir/MiniOzoneClusterImpl-8097b823-397b-4f28-adca-d7b431faadee/datanode-1/data/containers/hdds of  storage type : DISK and capacity : 52710309888
2019-07-14 16:42:22,536 INFO  volume.VolumeSet (VolumeSet.java:initializeVolumeSet(170)) - Added Volume : /workdir/hadoop-ozone/integration-test/target/test-dir/MiniOzoneClusterImpl-8097b823-397b-4f28-adca-d7b431faadee/datanode-1/data/containers/hdds to VolumeSet
2019-07-14 16:42:22,536 INFO  volume.ThrottledAsyncChecker (ThrottledAsyncChecker.java:schedule(140)) - Scheduling a check for org.apache.hadoop.ozone.container.common.volume.HddsVolume@41492479
2019-07-14 16:42:22,537 INFO  volume.HddsVolumeChecker (HddsVolumeChecker.java:checkAllVolumes(203)) - Scheduled health check for volume org.apache.hadoop.ozone.container.common.volume.HddsVolume@41492479
2019-07-14 16:42:22,571 INFO  impl.RaftServerProxy (ConfUtils.java:logGet(43)) - raft.rpc.type = GRPC (default)
2019-07-14 16:42:22,572 INFO  grpc.GrpcFactory (GrpcFactory.java:checkPooledByteBufAllocatorUseCacheForAllThreads(45)) - PERFORMANCE WARNING: useCacheForAllThreads is true that may cause Netty to create a lot garbage objects and, as a result, trigger GC.
	It is recommended to disable useCacheForAllThreads by setting -Dorg.apache.ratis.thirdparty.io.netty.allocator.useCacheForAllThreads=false in command line.
2019-07-14 16:42:22,572 INFO  grpc.GrpcConfigKeys$Server (ConfUtils.java:logGet(43)) - raft.grpc.server.port = 0 (default)
2019-07-14 16:42:22,572 INFO  server.GrpcService (ConfUtils.java:logGet(43)) - raft.grpc.message.size.max = 33570816 (custom)
2019-07-14 16:42:22,572 INFO  server.RaftServerConfigKeys (ConfUtils.java:logGet(43)) - raft.server.log.appender.buffer.byte-limit = 33554432 (custom)
2019-07-14 16:42:22,572 INFO  server.GrpcService (ConfUtils.java:logGet(43)) - raft.grpc.flow.control.window = 1MB (=1048576) (default)
2019-07-14 16:42:22,573 INFO  server.RaftServerConfigKeys (ConfUtils.java:logGet(43)) - raft.server.rpc.request.timeout = 3000ms (default)
2019-07-14 16:42:22,573 INFO  server.RaftServerConfigKeys (ConfUtils.java:logGet(43)) - raft.server.storage.dir = [/workdir/hadoop-ozone/integration-test/target/test-dir/MiniOzoneClusterImpl-8097b823-397b-4f28-adca-d7b431faadee/datanode-1/data/ratis] (custom)
2019-07-14 16:42:22,574 INFO  replication.SimpleContainerDownloader (SimpleContainerDownloader.java:<init>(72)) - Starting container downloader service to copy containers to replicate.
2019-07-14 16:42:22,576 INFO  hdfs.DFSUtil (DFSUtil.java:httpServerTemplateForNNAndJN(1641)) - Starting Web-server for hddsDatanode at: http://0.0.0.0:0
2019-07-14 16:42:22,589 INFO  server.AuthenticationFilter (AuthenticationFilter.java:constructSecretProvider(240)) - Unable to initialize FileSignerSecretProvider, falling back to use random secrets.
2019-07-14 16:42:22,589 WARN  http.HttpRequestLog (HttpRequestLog.java:getRequestLog(97)) - Jetty request log can only be enabled using Log4j
2019-07-14 16:42:22,591 INFO  http.HttpServer2 (HttpServer2.java:addGlobalFilter(975)) - Added global filter 'safety' (class=org.apache.hadoop.http.HttpServer2$QuotingInputFilter)
2019-07-14 16:42:22,592 INFO  http.HttpServer2 (HttpServer2.java:addFilter(948)) - Added filter static_user_filter (class=org.apache.hadoop.http.lib.StaticUserWebFilter$StaticUserFilter) to context hddsDatanode
2019-07-14 16:42:22,592 INFO  http.HttpServer2 (HttpServer2.java:addFilter(958)) - Added filter static_user_filter (class=org.apache.hadoop.http.lib.StaticUserWebFilter$StaticUserFilter) to context static
2019-07-14 16:42:22,592 INFO  http.HttpServer2 (HttpServer2.java:addFilter(958)) - Added filter static_user_filter (class=org.apache.hadoop.http.lib.StaticUserWebFilter$StaticUserFilter) to context logs
2019-07-14 16:42:22,593 INFO  http.HttpServer2 (HttpServer2.java:bindListener(1191)) - Jetty bound to port 32999
2019-07-14 16:42:22,593 INFO  server.Server (Server.java:doStart(351)) - jetty-9.3.24.v20180605, build timestamp: 2018-06-05T17:11:56Z, git hash: 84205aa28f11a4f31f2a3b86d1bba2cc8ab69827
2019-07-14 16:42:22,595 INFO  handler.ContextHandler (ContextHandler.java:doStart(781)) - Started o.e.j.s.ServletContextHandler@2a5d2041{/logs,file:///workdir/hadoop-ozone/integration-test/target/log,AVAILABLE}
2019-07-14 16:42:22,596 INFO  handler.ContextHandler (ContextHandler.java:doStart(781)) - Started o.e.j.s.ServletContextHandler@3bc6c10f{/static,jar:file:/home/user/.m2/repository/org/apache/hadoop/hadoop-hdds-container-service/0.5.0-SNAPSHOT/hadoop-hdds-container-service-0.5.0-SNAPSHOT.jar!/webapps/static,AVAILABLE}
2019-07-14 16:42:22,636 INFO  handler.ContextHandler (ContextHandler.java:doStart(781)) - Started o.e.j.w.WebAppContext@4822ab4d{/,file:///tmp/jetty-0.0.0.0-32999-hddsDatanode-_-any-2013992932504636913.dir/webapp/,AVAILABLE}{/hddsDatanode}
2019-07-14 16:42:22,636 INFO  server.AbstractConnector (AbstractConnector.java:doStart(278)) - Started ServerConnector@516b84d1{HTTP/1.1,[http/1.1]}{0.0.0.0:32999}
2019-07-14 16:42:22,654 INFO  server.Server (Server.java:doStart(419)) - Started @42456ms
2019-07-14 16:42:22,655 INFO  server.BaseHttpServer (BaseHttpServer.java:updateConnectorAddress(207)) - HTTP server of HDDSDATANODE is listening at http://0.0.0.0:32999
2019-07-14 16:42:22,811 INFO  ozone.HddsDatanodeService (HddsDatanodeService.java:startPlugins(396)) - Started plug-in org.apache.hadoop.ozone.web.OzoneHddsDatanodeService@147059f8
2019-07-14 16:42:22,811 INFO  impl.MetricsSystemImpl (MetricsSystemImpl.java:init(158)) - HddsDatanode metrics system started (again)
2019-07-14 16:42:22,853 INFO  util.JvmPauseMonitor (JvmPauseMonitor.java:run(188)) - Starting JVM pause monitor
2019-07-14 16:42:22,854 INFO  ozone.HddsDatanodeService (HddsDatanodeService.java:start(185)) - HddsDatanodeService host:pr-hdds-1710-5x6jb-1204890111 ip:192.168.69.77
2019-07-14 16:42:22,856 INFO  datanode.InitDatanodeState (InitDatanodeState.java:persistContainerDatanodeDetails(140)) - DatanodeDetails is persisted to /workdir/hadoop-ozone/integration-test/target/test-dir/MiniOzoneClusterImpl-8097b823-397b-4f28-adca-d7b431faadee/datanode-1/meta/datanode.id
2019-07-14 16:42:22,868 INFO  volume.HddsVolume (HddsVolume.java:<init>(176)) - Creating Volume: /workdir/hadoop-ozone/integration-test/target/test-dir/MiniOzoneClusterImpl-8097b823-397b-4f28-adca-d7b431faadee/datanode-2/data/containers/hdds of  storage type : DISK and capacity : 52710309888
2019-07-14 16:42:22,868 INFO  volume.VolumeSet (VolumeSet.java:initializeVolumeSet(170)) - Added Volume : /workdir/hadoop-ozone/integration-test/target/test-dir/MiniOzoneClusterImpl-8097b823-397b-4f28-adca-d7b431faadee/datanode-2/data/containers/hdds to VolumeSet
2019-07-14 16:42:22,869 INFO  volume.ThrottledAsyncChecker (ThrottledAsyncChecker.java:schedule(140)) - Scheduling a check for org.apache.hadoop.ozone.container.common.volume.HddsVolume@2573b149
2019-07-14 16:42:22,869 INFO  volume.HddsVolumeChecker (HddsVolumeChecker.java:checkAllVolumes(203)) - Scheduled health check for volume org.apache.hadoop.ozone.container.common.volume.HddsVolume@2573b149
2019-07-14 16:42:22,885 INFO  impl.RaftServerProxy (ConfUtils.java:logGet(43)) - raft.rpc.type = GRPC (default)
2019-07-14 16:42:22,885 INFO  grpc.GrpcFactory (GrpcFactory.java:checkPooledByteBufAllocatorUseCacheForAllThreads(45)) - PERFORMANCE WARNING: useCacheForAllThreads is true that may cause Netty to create a lot garbage objects and, as a result, trigger GC.
	It is recommended to disable useCacheForAllThreads by setting -Dorg.apache.ratis.thirdparty.io.netty.allocator.useCacheForAllThreads=false in command line.
2019-07-14 16:42:22,886 INFO  grpc.GrpcConfigKeys$Server (ConfUtils.java:logGet(43)) - raft.grpc.server.port = 0 (default)
2019-07-14 16:42:22,886 INFO  server.GrpcService (ConfUtils.java:logGet(43)) - raft.grpc.message.size.max = 33570816 (custom)
2019-07-14 16:42:22,886 INFO  server.RaftServerConfigKeys (ConfUtils.java:logGet(43)) - raft.server.log.appender.buffer.byte-limit = 33554432 (custom)
2019-07-14 16:42:22,886 INFO  server.GrpcService (ConfUtils.java:logGet(43)) - raft.grpc.flow.control.window = 1MB (=1048576) (default)
2019-07-14 16:42:22,886 INFO  server.RaftServerConfigKeys (ConfUtils.java:logGet(43)) - raft.server.rpc.request.timeout = 3000ms (default)
2019-07-14 16:42:22,887 INFO  server.RaftServerConfigKeys (ConfUtils.java:logGet(43)) - raft.server.storage.dir = [/workdir/hadoop-ozone/integration-test/target/test-dir/MiniOzoneClusterImpl-8097b823-397b-4f28-adca-d7b431faadee/datanode-2/data/ratis] (custom)
2019-07-14 16:42:22,887 INFO  replication.SimpleContainerDownloader (SimpleContainerDownloader.java:<init>(72)) - Starting container downloader service to copy containers to replicate.
2019-07-14 16:42:22,888 INFO  hdfs.DFSUtil (DFSUtil.java:httpServerTemplateForNNAndJN(1641)) - Starting Web-server for hddsDatanode at: http://0.0.0.0:0
2019-07-14 16:42:22,890 INFO  server.AuthenticationFilter (AuthenticationFilter.java:constructSecretProvider(240)) - Unable to initialize FileSignerSecretProvider, falling back to use random secrets.
2019-07-14 16:42:22,891 WARN  http.HttpRequestLog (HttpRequestLog.java:getRequestLog(97)) - Jetty request log can only be enabled using Log4j
2019-07-14 16:42:22,893 INFO  http.HttpServer2 (HttpServer2.java:addGlobalFilter(975)) - Added global filter 'safety' (class=org.apache.hadoop.http.HttpServer2$QuotingInputFilter)
2019-07-14 16:42:22,893 INFO  http.HttpServer2 (HttpServer2.java:addFilter(948)) - Added filter static_user_filter (class=org.apache.hadoop.http.lib.StaticUserWebFilter$StaticUserFilter) to context hddsDatanode
2019-07-14 16:42:22,894 INFO  http.HttpServer2 (HttpServer2.java:addFilter(958)) - Added filter static_user_filter (class=org.apache.hadoop.http.lib.StaticUserWebFilter$StaticUserFilter) to context static
2019-07-14 16:42:22,894 INFO  http.HttpServer2 (HttpServer2.java:addFilter(958)) - Added filter static_user_filter (class=org.apache.hadoop.http.lib.StaticUserWebFilter$StaticUserFilter) to context logs
2019-07-14 16:42:22,895 INFO  http.HttpServer2 (HttpServer2.java:bindListener(1191)) - Jetty bound to port 46211
2019-07-14 16:42:22,895 INFO  server.Server (Server.java:doStart(351)) - jetty-9.3.24.v20180605, build timestamp: 2018-06-05T17:11:56Z, git hash: 84205aa28f11a4f31f2a3b86d1bba2cc8ab69827
2019-07-14 16:42:22,897 INFO  handler.ContextHandler (ContextHandler.java:doStart(781)) - Started o.e.j.s.ServletContextHandler@23dff243{/logs,file:///workdir/hadoop-ozone/integration-test/target/log,AVAILABLE}
2019-07-14 16:42:22,898 INFO  handler.ContextHandler (ContextHandler.java:doStart(781)) - Started o.e.j.s.ServletContextHandler@17dbca0a{/static,jar:file:/home/user/.m2/repository/org/apache/hadoop/hadoop-hdds-container-service/0.5.0-SNAPSHOT/hadoop-hdds-container-service-0.5.0-SNAPSHOT.jar!/webapps/static,AVAILABLE}
2019-07-14 16:42:22,936 INFO  handler.ContextHandler (ContextHandler.java:doStart(781)) - Started o.e.j.w.WebAppContext@3a8ead9{/,file:///tmp/jetty-0.0.0.0-46211-hddsDatanode-_-any-567326705557226062.dir/webapp/,AVAILABLE}{/hddsDatanode}
2019-07-14 16:42:22,937 INFO  server.AbstractConnector (AbstractConnector.java:doStart(278)) - Started ServerConnector@281ca256{HTTP/1.1,[http/1.1]}{0.0.0.0:46211}
2019-07-14 16:42:22,941 INFO  server.Server (Server.java:doStart(419)) - Started @42744ms
2019-07-14 16:42:22,942 INFO  server.BaseHttpServer (BaseHttpServer.java:updateConnectorAddress(207)) - HTTP server of HDDSDATANODE is listening at http://0.0.0.0:46211
2019-07-14 16:42:23,095 INFO  ozone.HddsDatanodeService (HddsDatanodeService.java:startPlugins(396)) - Started plug-in org.apache.hadoop.ozone.web.OzoneHddsDatanodeService@129c322f
2019-07-14 16:42:23,095 INFO  impl.MetricsSystemImpl (MetricsSystemImpl.java:init(158)) - HddsDatanode metrics system started (again)
2019-07-14 16:42:23,147 INFO  util.JvmPauseMonitor (JvmPauseMonitor.java:run(188)) - Starting JVM pause monitor
2019-07-14 16:42:23,149 INFO  ozone.HddsDatanodeService (HddsDatanodeService.java:start(185)) - HddsDatanodeService host:pr-hdds-1710-5x6jb-1204890111 ip:192.168.69.77
2019-07-14 16:42:23,150 INFO  datanode.InitDatanodeState (InitDatanodeState.java:persistContainerDatanodeDetails(140)) - DatanodeDetails is persisted to /workdir/hadoop-ozone/integration-test/target/test-dir/MiniOzoneClusterImpl-8097b823-397b-4f28-adca-d7b431faadee/datanode-2/meta/datanode.id
2019-07-14 16:42:23,167 INFO  volume.HddsVolume (HddsVolume.java:<init>(176)) - Creating Volume: /workdir/hadoop-ozone/integration-test/target/test-dir/MiniOzoneClusterImpl-8097b823-397b-4f28-adca-d7b431faadee/datanode-3/data/containers/hdds of  storage type : DISK and capacity : 52710309888
2019-07-14 16:42:23,167 INFO  volume.VolumeSet (VolumeSet.java:initializeVolumeSet(170)) - Added Volume : /workdir/hadoop-ozone/integration-test/target/test-dir/MiniOzoneClusterImpl-8097b823-397b-4f28-adca-d7b431faadee/datanode-3/data/containers/hdds to VolumeSet
2019-07-14 16:42:23,167 INFO  volume.ThrottledAsyncChecker (ThrottledAsyncChecker.java:schedule(140)) - Scheduling a check for org.apache.hadoop.ozone.container.common.volume.HddsVolume@239d9cb7
2019-07-14 16:42:23,168 INFO  volume.HddsVolumeChecker (HddsVolumeChecker.java:checkAllVolumes(203)) - Scheduled health check for volume org.apache.hadoop.ozone.container.common.volume.HddsVolume@239d9cb7
2019-07-14 16:42:23,187 INFO  impl.RaftServerProxy (ConfUtils.java:logGet(43)) - raft.rpc.type = GRPC (default)
2019-07-14 16:42:23,187 INFO  grpc.GrpcFactory (GrpcFactory.java:checkPooledByteBufAllocatorUseCacheForAllThreads(45)) - PERFORMANCE WARNING: useCacheForAllThreads is true that may cause Netty to create a lot garbage objects and, as a result, trigger GC.
	It is recommended to disable useCacheForAllThreads by setting -Dorg.apache.ratis.thirdparty.io.netty.allocator.useCacheForAllThreads=false in command line.
2019-07-14 16:42:23,187 INFO  grpc.GrpcConfigKeys$Server (ConfUtils.java:logGet(43)) - raft.grpc.server.port = 0 (default)
2019-07-14 16:42:23,188 INFO  server.GrpcService (ConfUtils.java:logGet(43)) - raft.grpc.message.size.max = 33570816 (custom)
2019-07-14 16:42:23,188 INFO  server.RaftServerConfigKeys (ConfUtils.java:logGet(43)) - raft.server.log.appender.buffer.byte-limit = 33554432 (custom)
2019-07-14 16:42:23,188 INFO  server.GrpcService (ConfUtils.java:logGet(43)) - raft.grpc.flow.control.window = 1MB (=1048576) (default)
2019-07-14 16:42:23,188 INFO  server.RaftServerConfigKeys (ConfUtils.java:logGet(43)) - raft.server.rpc.request.timeout = 3000ms (default)
2019-07-14 16:42:23,189 INFO  server.RaftServerConfigKeys (ConfUtils.java:logGet(43)) - raft.server.storage.dir = [/workdir/hadoop-ozone/integration-test/target/test-dir/MiniOzoneClusterImpl-8097b823-397b-4f28-adca-d7b431faadee/datanode-3/data/ratis] (custom)
2019-07-14 16:42:23,189 INFO  replication.SimpleContainerDownloader (SimpleContainerDownloader.java:<init>(72)) - Starting container downloader service to copy containers to replicate.
2019-07-14 16:42:23,190 INFO  hdfs.DFSUtil (DFSUtil.java:httpServerTemplateForNNAndJN(1641)) - Starting Web-server for hddsDatanode at: http://0.0.0.0:0
2019-07-14 16:42:23,192 INFO  server.AuthenticationFilter (AuthenticationFilter.java:constructSecretProvider(240)) - Unable to initialize FileSignerSecretProvider, falling back to use random secrets.
2019-07-14 16:42:23,193 WARN  http.HttpRequestLog (HttpRequestLog.java:getRequestLog(97)) - Jetty request log can only be enabled using Log4j
2019-07-14 16:42:23,195 INFO  http.HttpServer2 (HttpServer2.java:addGlobalFilter(975)) - Added global filter 'safety' (class=org.apache.hadoop.http.HttpServer2$QuotingInputFilter)
2019-07-14 16:42:23,196 INFO  http.HttpServer2 (HttpServer2.java:addFilter(948)) - Added filter static_user_filter (class=org.apache.hadoop.http.lib.StaticUserWebFilter$StaticUserFilter) to context hddsDatanode
2019-07-14 16:42:23,196 INFO  http.HttpServer2 (HttpServer2.java:addFilter(958)) - Added filter static_user_filter (class=org.apache.hadoop.http.lib.StaticUserWebFilter$StaticUserFilter) to context static
2019-07-14 16:42:23,197 INFO  http.HttpServer2 (HttpServer2.java:addFilter(958)) - Added filter static_user_filter (class=org.apache.hadoop.http.lib.StaticUserWebFilter$StaticUserFilter) to context logs
2019-07-14 16:42:23,198 INFO  http.HttpServer2 (HttpServer2.java:bindListener(1191)) - Jetty bound to port 41666
2019-07-14 16:42:23,198 INFO  server.Server (Server.java:doStart(351)) - jetty-9.3.24.v20180605, build timestamp: 2018-06-05T17:11:56Z, git hash: 84205aa28f11a4f31f2a3b86d1bba2cc8ab69827
2019-07-14 16:42:23,201 INFO  handler.ContextHandler (ContextHandler.java:doStart(781)) - Started o.e.j.s.ServletContextHandler@6de9bba2{/logs,file:///workdir/hadoop-ozone/integration-test/target/log,AVAILABLE}
2019-07-14 16:42:23,202 INFO  handler.ContextHandler (ContextHandler.java:doStart(781)) - Started o.e.j.s.ServletContextHandler@7682bf66{/static,jar:file:/home/user/.m2/repository/org/apache/hadoop/hadoop-hdds-container-service/0.5.0-SNAPSHOT/hadoop-hdds-container-service-0.5.0-SNAPSHOT.jar!/webapps/static,AVAILABLE}
2019-07-14 16:42:23,256 INFO  handler.ContextHandler (ContextHandler.java:doStart(781)) - Started o.e.j.w.WebAppContext@f6cde7e{/,file:///tmp/jetty-0.0.0.0-41666-hddsDatanode-_-any-4405831384098842132.dir/webapp/,AVAILABLE}{/hddsDatanode}
2019-07-14 16:42:23,256 INFO  server.AbstractConnector (AbstractConnector.java:doStart(278)) - Started ServerConnector@ff8e36d{HTTP/1.1,[http/1.1]}{0.0.0.0:41666}
2019-07-14 16:42:23,262 INFO  server.Server (Server.java:doStart(419)) - Started @43064ms
2019-07-14 16:42:23,263 INFO  server.BaseHttpServer (BaseHttpServer.java:updateConnectorAddress(207)) - HTTP server of HDDSDATANODE is listening at http://0.0.0.0:41666
2019-07-14 16:42:23,283 WARN  server.GrpcLogAppender (LogUtils.java:warn(134)) - 77d8bfd8-9417-42e4-b630-e55bb18b8339->68a5dfdb-c74c-438f-a088-2062485c848e: Failed appendEntries: org.apache.ratis.thirdparty.io.grpc.StatusRuntimeException: UNAVAILABLE: io exception
2019-07-14 16:42:23,287 INFO  impl.FollowerInfo (FollowerInfo.java:lambda$new$0(50)) - 77d8bfd8-9417-42e4-b630-e55bb18b8339->68a5dfdb-c74c-438f-a088-2062485c848e: nextIndex: updateUnconditionally 0 -> 0
2019-07-14 16:42:23,297 WARN  server.GrpcLogAppender (LogUtils.java:warn(134)) - 77d8bfd8-9417-42e4-b630-e55bb18b8339->ce51f40e-6b80-4084-8b29-ef5c0bb939b1: Failed appendEntries: org.apache.ratis.thirdparty.io.grpc.StatusRuntimeException: UNAVAILABLE: io exception
2019-07-14 16:42:23,301 INFO  impl.FollowerInfo (FollowerInfo.java:lambda$new$0(50)) - 77d8bfd8-9417-42e4-b630-e55bb18b8339->ce51f40e-6b80-4084-8b29-ef5c0bb939b1: nextIndex: updateUnconditionally 2 -> 1
2019-07-14 16:42:23,401 INFO  ozone.HddsDatanodeService (HddsDatanodeService.java:startPlugins(396)) - Started plug-in org.apache.hadoop.ozone.web.OzoneHddsDatanodeService@2ec156fb
2019-07-14 16:42:23,402 INFO  impl.MetricsSystemImpl (MetricsSystemImpl.java:init(158)) - HddsDatanode metrics system started (again)
2019-07-14 16:42:23,447 INFO  util.JvmPauseMonitor (JvmPauseMonitor.java:run(188)) - Starting JVM pause monitor
2019-07-14 16:42:23,449 INFO  ozone.HddsDatanodeService (HddsDatanodeService.java:start(185)) - HddsDatanodeService host:pr-hdds-1710-5x6jb-1204890111 ip:192.168.69.77
2019-07-14 16:42:23,449 INFO  datanode.InitDatanodeState (InitDatanodeState.java:persistContainerDatanodeDetails(140)) - DatanodeDetails is persisted to /workdir/hadoop-ozone/integration-test/target/test-dir/MiniOzoneClusterImpl-8097b823-397b-4f28-adca-d7b431faadee/datanode-3/meta/datanode.id
2019-07-14 16:42:23,488 INFO  volume.HddsVolume (HddsVolume.java:<init>(176)) - Creating Volume: /workdir/hadoop-ozone/integration-test/target/test-dir/MiniOzoneClusterImpl-8097b823-397b-4f28-adca-d7b431faadee/datanode-4/data/containers/hdds of  storage type : DISK and capacity : 52710309888
2019-07-14 16:42:23,489 INFO  volume.VolumeSet (VolumeSet.java:initializeVolumeSet(170)) - Added Volume : /workdir/hadoop-ozone/integration-test/target/test-dir/MiniOzoneClusterImpl-8097b823-397b-4f28-adca-d7b431faadee/datanode-4/data/containers/hdds to VolumeSet
2019-07-14 16:42:23,489 INFO  volume.ThrottledAsyncChecker (ThrottledAsyncChecker.java:schedule(140)) - Scheduling a check for org.apache.hadoop.ozone.container.common.volume.HddsVolume@64a8d575
2019-07-14 16:42:23,489 INFO  volume.HddsVolumeChecker (HddsVolumeChecker.java:checkAllVolumes(203)) - Scheduled health check for volume org.apache.hadoop.ozone.container.common.volume.HddsVolume@64a8d575
2019-07-14 16:42:23,513 INFO  impl.RaftServerProxy (ConfUtils.java:logGet(43)) - raft.rpc.type = GRPC (default)
2019-07-14 16:42:23,513 INFO  grpc.GrpcFactory (GrpcFactory.java:checkPooledByteBufAllocatorUseCacheForAllThreads(45)) - PERFORMANCE WARNING: useCacheForAllThreads is true that may cause Netty to create a lot garbage objects and, as a result, trigger GC.
	It is recommended to disable useCacheForAllThreads by setting -Dorg.apache.ratis.thirdparty.io.netty.allocator.useCacheForAllThreads=false in command line.
2019-07-14 16:42:23,513 INFO  grpc.GrpcConfigKeys$Server (ConfUtils.java:logGet(43)) - raft.grpc.server.port = 0 (default)
2019-07-14 16:42:23,514 INFO  server.GrpcService (ConfUtils.java:logGet(43)) - raft.grpc.message.size.max = 33570816 (custom)
2019-07-14 16:42:23,514 INFO  server.RaftServerConfigKeys (ConfUtils.java:logGet(43)) - raft.server.log.appender.buffer.byte-limit = 33554432 (custom)
2019-07-14 16:42:23,514 INFO  server.GrpcService (ConfUtils.java:logGet(43)) - raft.grpc.flow.control.window = 1MB (=1048576) (default)
2019-07-14 16:42:23,514 INFO  server.RaftServerConfigKeys (ConfUtils.java:logGet(43)) - raft.server.rpc.request.timeout = 3000ms (default)
2019-07-14 16:42:23,515 INFO  server.RaftServerConfigKeys (ConfUtils.java:logGet(43)) - raft.server.storage.dir = [/workdir/hadoop-ozone/integration-test/target/test-dir/MiniOzoneClusterImpl-8097b823-397b-4f28-adca-d7b431faadee/datanode-4/data/ratis] (custom)
2019-07-14 16:42:23,516 INFO  replication.SimpleContainerDownloader (SimpleContainerDownloader.java:<init>(72)) - Starting container downloader service to copy containers to replicate.
2019-07-14 16:42:23,517 INFO  hdfs.DFSUtil (DFSUtil.java:httpServerTemplateForNNAndJN(1641)) - Starting Web-server for hddsDatanode at: http://0.0.0.0:0
2019-07-14 16:42:23,518 INFO  server.AuthenticationFilter (AuthenticationFilter.java:constructSecretProvider(240)) - Unable to initialize FileSignerSecretProvider, falling back to use random secrets.
2019-07-14 16:42:23,519 WARN  http.HttpRequestLog (HttpRequestLog.java:getRequestLog(97)) - Jetty request log can only be enabled using Log4j
2019-07-14 16:42:23,521 INFO  http.HttpServer2 (HttpServer2.java:addGlobalFilter(975)) - Added global filter 'safety' (class=org.apache.hadoop.http.HttpServer2$QuotingInputFilter)
2019-07-14 16:42:23,521 INFO  http.HttpServer2 (HttpServer2.java:addFilter(948)) - Added filter static_user_filter (class=org.apache.hadoop.http.lib.StaticUserWebFilter$StaticUserFilter) to context hddsDatanode
2019-07-14 16:42:23,521 INFO  http.HttpServer2 (HttpServer2.java:addFilter(958)) - Added filter static_user_filter (class=org.apache.hadoop.http.lib.StaticUserWebFilter$StaticUserFilter) to context logs
2019-07-14 16:42:23,521 INFO  http.HttpServer2 (HttpServer2.java:addFilter(958)) - Added filter static_user_filter (class=org.apache.hadoop.http.lib.StaticUserWebFilter$StaticUserFilter) to context static
2019-07-14 16:42:23,522 INFO  http.HttpServer2 (HttpServer2.java:bindListener(1191)) - Jetty bound to port 45729
2019-07-14 16:42:23,523 INFO  server.Server (Server.java:doStart(351)) - jetty-9.3.24.v20180605, build timestamp: 2018-06-05T17:11:56Z, git hash: 84205aa28f11a4f31f2a3b86d1bba2cc8ab69827
2019-07-14 16:42:23,525 INFO  handler.ContextHandler (ContextHandler.java:doStart(781)) - Started o.e.j.s.ServletContextHandler@4e1b5532{/logs,file:///workdir/hadoop-ozone/integration-test/target/log,AVAILABLE}
2019-07-14 16:42:23,525 INFO  handler.ContextHandler (ContextHandler.java:doStart(781)) - Started o.e.j.s.ServletContextHandler@4b5cdd07{/static,jar:file:/home/user/.m2/repository/org/apache/hadoop/hadoop-hdds-container-service/0.5.0-SNAPSHOT/hadoop-hdds-container-service-0.5.0-SNAPSHOT.jar!/webapps/static,AVAILABLE}
2019-07-14 16:42:23,559 INFO  handler.ContextHandler (ContextHandler.java:doStart(781)) - Started o.e.j.w.WebAppContext@70df41f9{/,file:///tmp/jetty-0.0.0.0-45729-hddsDatanode-_-any-1829059874071072960.dir/webapp/,AVAILABLE}{/hddsDatanode}
2019-07-14 16:42:23,559 INFO  server.AbstractConnector (AbstractConnector.java:doStart(278)) - Started ServerConnector@64a7ad02{HTTP/1.1,[http/1.1]}{0.0.0.0:45729}
2019-07-14 16:42:23,564 INFO  server.Server (Server.java:doStart(419)) - Started @43366ms
2019-07-14 16:42:23,565 INFO  server.BaseHttpServer (BaseHttpServer.java:updateConnectorAddress(207)) - HTTP server of HDDSDATANODE is listening at http://0.0.0.0:45729
2019-07-14 16:42:23,680 INFO  ozone.HddsDatanodeService (HddsDatanodeService.java:startPlugins(396)) - Started plug-in org.apache.hadoop.ozone.web.OzoneHddsDatanodeService@50008974
2019-07-14 16:42:23,681 INFO  impl.MetricsSystemImpl (MetricsSystemImpl.java:init(158)) - HddsDatanode metrics system started (again)
2019-07-14 16:42:23,728 INFO  util.JvmPauseMonitor (JvmPauseMonitor.java:run(188)) - Starting JVM pause monitor
2019-07-14 16:42:23,729 INFO  ozone.HddsDatanodeService (HddsDatanodeService.java:start(185)) - HddsDatanodeService host:pr-hdds-1710-5x6jb-1204890111 ip:192.168.69.77
2019-07-14 16:42:23,730 INFO  datanode.InitDatanodeState (InitDatanodeState.java:persistContainerDatanodeDetails(140)) - DatanodeDetails is persisted to /workdir/hadoop-ozone/integration-test/target/test-dir/MiniOzoneClusterImpl-8097b823-397b-4f28-adca-d7b431faadee/datanode-4/meta/datanode.id
2019-07-14 16:42:23,746 INFO  volume.HddsVolume (HddsVolume.java:<init>(176)) - Creating Volume: /workdir/hadoop-ozone/integration-test/target/test-dir/MiniOzoneClusterImpl-8097b823-397b-4f28-adca-d7b431faadee/datanode-5/data/containers/hdds of  storage type : DISK and capacity : 52710309888
2019-07-14 16:42:23,746 INFO  volume.VolumeSet (VolumeSet.java:initializeVolumeSet(170)) - Added Volume : /workdir/hadoop-ozone/integration-test/target/test-dir/MiniOzoneClusterImpl-8097b823-397b-4f28-adca-d7b431faadee/datanode-5/data/containers/hdds to VolumeSet
2019-07-14 16:42:23,747 INFO  volume.ThrottledAsyncChecker (ThrottledAsyncChecker.java:schedule(140)) - Scheduling a check for org.apache.hadoop.ozone.container.common.volume.HddsVolume@77d58f3a
2019-07-14 16:42:23,747 INFO  volume.HddsVolumeChecker (HddsVolumeChecker.java:checkAllVolumes(203)) - Scheduled health check for volume org.apache.hadoop.ozone.container.common.volume.HddsVolume@77d58f3a
2019-07-14 16:42:23,770 INFO  impl.RaftServerProxy (ConfUtils.java:logGet(43)) - raft.rpc.type = GRPC (default)
2019-07-14 16:42:23,770 INFO  grpc.GrpcFactory (GrpcFactory.java:checkPooledByteBufAllocatorUseCacheForAllThreads(45)) - PERFORMANCE WARNING: useCacheForAllThreads is true that may cause Netty to create a lot garbage objects and, as a result, trigger GC.
	It is recommended to disable useCacheForAllThreads by setting -Dorg.apache.ratis.thirdparty.io.netty.allocator.useCacheForAllThreads=false in command line.
2019-07-14 16:42:23,770 INFO  grpc.GrpcConfigKeys$Server (ConfUtils.java:logGet(43)) - raft.grpc.server.port = 0 (default)
2019-07-14 16:42:23,770 INFO  server.GrpcService (ConfUtils.java:logGet(43)) - raft.grpc.message.size.max = 33570816 (custom)
2019-07-14 16:42:23,771 INFO  server.RaftServerConfigKeys (ConfUtils.java:logGet(43)) - raft.server.log.appender.buffer.byte-limit = 33554432 (custom)
2019-07-14 16:42:23,771 INFO  server.GrpcService (ConfUtils.java:logGet(43)) - raft.grpc.flow.control.window = 1MB (=1048576) (default)
2019-07-14 16:42:23,771 INFO  server.RaftServerConfigKeys (ConfUtils.java:logGet(43)) - raft.server.rpc.request.timeout = 3000ms (default)
2019-07-14 16:42:23,771 INFO  server.RaftServerConfigKeys (ConfUtils.java:logGet(43)) - raft.server.storage.dir = [/workdir/hadoop-ozone/integration-test/target/test-dir/MiniOzoneClusterImpl-8097b823-397b-4f28-adca-d7b431faadee/datanode-5/data/ratis] (custom)
2019-07-14 16:42:23,772 INFO  replication.SimpleContainerDownloader (SimpleContainerDownloader.java:<init>(72)) - Starting container downloader service to copy containers to replicate.
2019-07-14 16:42:23,773 INFO  hdfs.DFSUtil (DFSUtil.java:httpServerTemplateForNNAndJN(1641)) - Starting Web-server for hddsDatanode at: http://0.0.0.0:0
2019-07-14 16:42:23,774 INFO  server.AuthenticationFilter (AuthenticationFilter.java:constructSecretProvider(240)) - Unable to initialize FileSignerSecretProvider, falling back to use random secrets.
2019-07-14 16:42:23,775 WARN  http.HttpRequestLog (HttpRequestLog.java:getRequestLog(97)) - Jetty request log can only be enabled using Log4j
2019-07-14 16:42:23,776 INFO  http.HttpServer2 (HttpServer2.java:addGlobalFilter(975)) - Added global filter 'safety' (class=org.apache.hadoop.http.HttpServer2$QuotingInputFilter)
2019-07-14 16:42:23,776 INFO  http.HttpServer2 (HttpServer2.java:addFilter(948)) - Added filter static_user_filter (class=org.apache.hadoop.http.lib.StaticUserWebFilter$StaticUserFilter) to context hddsDatanode
2019-07-14 16:42:23,777 INFO  http.HttpServer2 (HttpServer2.java:addFilter(958)) - Added filter static_user_filter (class=org.apache.hadoop.http.lib.StaticUserWebFilter$StaticUserFilter) to context static
2019-07-14 16:42:23,777 INFO  http.HttpServer2 (HttpServer2.java:addFilter(958)) - Added filter static_user_filter (class=org.apache.hadoop.http.lib.StaticUserWebFilter$StaticUserFilter) to context logs
2019-07-14 16:42:23,778 INFO  http.HttpServer2 (HttpServer2.java:bindListener(1191)) - Jetty bound to port 44386
2019-07-14 16:42:23,778 INFO  server.Server (Server.java:doStart(351)) - jetty-9.3.24.v20180605, build timestamp: 2018-06-05T17:11:56Z, git hash: 84205aa28f11a4f31f2a3b86d1bba2cc8ab69827
2019-07-14 16:42:23,780 INFO  handler.ContextHandler (ContextHandler.java:doStart(781)) - Started o.e.j.s.ServletContextHandler@35dc849b{/logs,file:///workdir/hadoop-ozone/integration-test/target/log,AVAILABLE}
2019-07-14 16:42:23,780 INFO  handler.ContextHandler (ContextHandler.java:doStart(781)) - Started o.e.j.s.ServletContextHandler@34065642{/static,jar:file:/home/user/.m2/repository/org/apache/hadoop/hadoop-hdds-container-service/0.5.0-SNAPSHOT/hadoop-hdds-container-service-0.5.0-SNAPSHOT.jar!/webapps/static,AVAILABLE}
2019-07-14 16:42:23,807 INFO  handler.ContextHandler (ContextHandler.java:doStart(781)) - Started o.e.j.w.WebAppContext@61b76a7d{/,file:///tmp/jetty-0.0.0.0-44386-hddsDatanode-_-any-6625958508367415422.dir/webapp/,AVAILABLE}{/hddsDatanode}
2019-07-14 16:42:23,807 INFO  server.AbstractConnector (AbstractConnector.java:doStart(278)) - Started ServerConnector@57f89680{HTTP/1.1,[http/1.1]}{0.0.0.0:44386}
2019-07-14 16:42:23,811 INFO  server.Server (Server.java:doStart(419)) - Started @43613ms
2019-07-14 16:42:23,812 INFO  server.BaseHttpServer (BaseHttpServer.java:updateConnectorAddress(207)) - HTTP server of HDDSDATANODE is listening at http://0.0.0.0:44386
2019-07-14 16:42:23,959 INFO  ozone.HddsDatanodeService (HddsDatanodeService.java:startPlugins(396)) - Started plug-in org.apache.hadoop.ozone.web.OzoneHddsDatanodeService@3c538e62
2019-07-14 16:42:23,960 INFO  impl.MetricsSystemImpl (MetricsSystemImpl.java:init(158)) - HddsDatanode metrics system started (again)
2019-07-14 16:42:24,009 INFO  util.JvmPauseMonitor (JvmPauseMonitor.java:run(188)) - Starting JVM pause monitor
2019-07-14 16:42:24,011 INFO  ozone.HddsDatanodeService (HddsDatanodeService.java:start(185)) - HddsDatanodeService host:pr-hdds-1710-5x6jb-1204890111 ip:192.168.69.77
2019-07-14 16:42:24,011 INFO  datanode.InitDatanodeState (InitDatanodeState.java:persistContainerDatanodeDetails(140)) - DatanodeDetails is persisted to /workdir/hadoop-ozone/integration-test/target/test-dir/MiniOzoneClusterImpl-8097b823-397b-4f28-adca-d7b431faadee/datanode-5/meta/datanode.id
2019-07-14 16:42:24,028 INFO  volume.HddsVolume (HddsVolume.java:<init>(176)) - Creating Volume: /workdir/hadoop-ozone/integration-test/target/test-dir/MiniOzoneClusterImpl-8097b823-397b-4f28-adca-d7b431faadee/datanode-6/data/containers/hdds of  storage type : DISK and capacity : 52710309888
2019-07-14 16:42:24,028 INFO  volume.VolumeSet (VolumeSet.java:initializeVolumeSet(170)) - Added Volume : /workdir/hadoop-ozone/integration-test/target/test-dir/MiniOzoneClusterImpl-8097b823-397b-4f28-adca-d7b431faadee/datanode-6/data/containers/hdds to VolumeSet
2019-07-14 16:42:24,029 INFO  volume.ThrottledAsyncChecker (ThrottledAsyncChecker.java:schedule(140)) - Scheduling a check for org.apache.hadoop.ozone.container.common.volume.HddsVolume@6655f3cd
2019-07-14 16:42:24,029 INFO  volume.HddsVolumeChecker (HddsVolumeChecker.java:checkAllVolumes(203)) - Scheduled health check for volume org.apache.hadoop.ozone.container.common.volume.HddsVolume@6655f3cd
2019-07-14 16:42:24,049 INFO  impl.RaftServerProxy (ConfUtils.java:logGet(43)) - raft.rpc.type = GRPC (default)
2019-07-14 16:42:24,049 INFO  grpc.GrpcFactory (GrpcFactory.java:checkPooledByteBufAllocatorUseCacheForAllThreads(45)) - PERFORMANCE WARNING: useCacheForAllThreads is true that may cause Netty to create a lot garbage objects and, as a result, trigger GC.
	It is recommended to disable useCacheForAllThreads by setting -Dorg.apache.ratis.thirdparty.io.netty.allocator.useCacheForAllThreads=false in command line.
2019-07-14 16:42:24,049 INFO  grpc.GrpcConfigKeys$Server (ConfUtils.java:logGet(43)) - raft.grpc.server.port = 0 (default)
2019-07-14 16:42:24,050 INFO  server.GrpcService (ConfUtils.java:logGet(43)) - raft.grpc.message.size.max = 33570816 (custom)
2019-07-14 16:42:24,050 INFO  server.RaftServerConfigKeys (ConfUtils.java:logGet(43)) - raft.server.log.appender.buffer.byte-limit = 33554432 (custom)
2019-07-14 16:42:24,050 INFO  server.GrpcService (ConfUtils.java:logGet(43)) - raft.grpc.flow.control.window = 1MB (=1048576) (default)
2019-07-14 16:42:24,050 INFO  server.RaftServerConfigKeys (ConfUtils.java:logGet(43)) - raft.server.rpc.request.timeout = 3000ms (default)
2019-07-14 16:42:24,051 INFO  server.RaftServerConfigKeys (ConfUtils.java:logGet(43)) - raft.server.storage.dir = [/workdir/hadoop-ozone/integration-test/target/test-dir/MiniOzoneClusterImpl-8097b823-397b-4f28-adca-d7b431faadee/datanode-6/data/ratis] (custom)
2019-07-14 16:42:24,052 INFO  replication.SimpleContainerDownloader (SimpleContainerDownloader.java:<init>(72)) - Starting container downloader service to copy containers to replicate.
2019-07-14 16:42:24,053 INFO  hdfs.DFSUtil (DFSUtil.java:httpServerTemplateForNNAndJN(1641)) - Starting Web-server for hddsDatanode at: http://0.0.0.0:0
2019-07-14 16:42:24,054 INFO  server.AuthenticationFilter (AuthenticationFilter.java:constructSecretProvider(240)) - Unable to initialize FileSignerSecretProvider, falling back to use random secrets.
2019-07-14 16:42:24,055 WARN  http.HttpRequestLog (HttpRequestLog.java:getRequestLog(97)) - Jetty request log can only be enabled using Log4j
2019-07-14 16:42:24,056 INFO  http.HttpServer2 (HttpServer2.java:addGlobalFilter(975)) - Added global filter 'safety' (class=org.apache.hadoop.http.HttpServer2$QuotingInputFilter)
2019-07-14 16:42:24,056 INFO  http.HttpServer2 (HttpServer2.java:addFilter(948)) - Added filter static_user_filter (class=org.apache.hadoop.http.lib.StaticUserWebFilter$StaticUserFilter) to context hddsDatanode
2019-07-14 16:42:24,057 INFO  http.HttpServer2 (HttpServer2.java:addFilter(958)) - Added filter static_user_filter (class=org.apache.hadoop.http.lib.StaticUserWebFilter$StaticUserFilter) to context logs
2019-07-14 16:42:24,057 INFO  http.HttpServer2 (HttpServer2.java:addFilter(958)) - Added filter static_user_filter (class=org.apache.hadoop.http.lib.StaticUserWebFilter$StaticUserFilter) to context static
2019-07-14 16:42:24,057 INFO  http.HttpServer2 (HttpServer2.java:bindListener(1191)) - Jetty bound to port 34705
2019-07-14 16:42:24,058 INFO  server.Server (Server.java:doStart(351)) - jetty-9.3.24.v20180605, build timestamp: 2018-06-05T17:11:56Z, git hash: 84205aa28f11a4f31f2a3b86d1bba2cc8ab69827
2019-07-14 16:42:24,059 INFO  handler.ContextHandler (ContextHandler.java:doStart(781)) - Started o.e.j.s.ServletContextHandler@33563147{/logs,file:///workdir/hadoop-ozone/integration-test/target/log,AVAILABLE}
2019-07-14 16:42:24,060 INFO  handler.ContextHandler (ContextHandler.java:doStart(781)) - Started o.e.j.s.ServletContextHandler@19c24321{/static,jar:file:/home/user/.m2/repository/org/apache/hadoop/hadoop-hdds-container-service/0.5.0-SNAPSHOT/hadoop-hdds-container-service-0.5.0-SNAPSHOT.jar!/webapps/static,AVAILABLE}
2019-07-14 16:42:24,086 INFO  handler.ContextHandler (ContextHandler.java:doStart(781)) - Started o.e.j.w.WebAppContext@23aaa756{/,file:///tmp/jetty-0.0.0.0-34705-hddsDatanode-_-any-5142501179359084344.dir/webapp/,AVAILABLE}{/hddsDatanode}
2019-07-14 16:42:24,086 INFO  server.AbstractConnector (AbstractConnector.java:doStart(278)) - Started ServerConnector@2d5d001f{HTTP/1.1,[http/1.1]}{0.0.0.0:34705}
2019-07-14 16:42:24,090 INFO  server.Server (Server.java:doStart(419)) - Started @43893ms
2019-07-14 16:42:24,091 INFO  server.BaseHttpServer (BaseHttpServer.java:updateConnectorAddress(207)) - HTTP server of HDDSDATANODE is listening at http://0.0.0.0:34705
2019-07-14 16:42:24,204 INFO  ozone.HddsDatanodeService (HddsDatanodeService.java:startPlugins(396)) - Started plug-in org.apache.hadoop.ozone.web.OzoneHddsDatanodeService@d17d554
2019-07-14 16:42:24,205 INFO  ozone.MiniOzoneClusterImpl (MiniOzoneClusterImpl.java:lambda$waitForClusterToBeReady$0(142)) - Waiting for cluster to be ready. Got 0 of 7 DN Heartbeats.
2019-07-14 16:42:24,206 INFO  util.JvmPauseMonitor (JvmPauseMonitor.java:run(188)) - Starting JVM pause monitor
2019-07-14 16:42:24,208 INFO  datanode.InitDatanodeState (InitDatanodeState.java:persistContainerDatanodeDetails(140)) - DatanodeDetails is persisted to /workdir/hadoop-ozone/integration-test/target/test-dir/MiniOzoneClusterImpl-8097b823-397b-4f28-adca-d7b431faadee/datanode-6/meta/datanode.id
2019-07-14 16:42:24,554 INFO  ozoneimpl.OzoneContainer (OzoneContainer.java:start(186)) - Attempting to start container services.
2019-07-14 16:42:24,554 INFO  ozoneimpl.OzoneContainer (OzoneContainer.java:startContainerScrub(160)) - Background container scrubber has been disabled by hdds.containerscrub.enabled
2019-07-14 16:42:24,554 INFO  ratis.XceiverServerRatis (XceiverServerRatis.java:start(418)) - Starting XceiverServerRatis 9cd3a1db-b0fe-40bd-a539-64cc346e67f4 at port 0
2019-07-14 16:42:24,562 INFO  impl.RaftServerProxy (RaftServerProxy.java:lambda$start$3(299)) - 9cd3a1db-b0fe-40bd-a539-64cc346e67f4: start RPC server
2019-07-14 16:42:24,563 INFO  server.GrpcService (GrpcService.java:startImpl(149)) - 9cd3a1db-b0fe-40bd-a539-64cc346e67f4: GrpcService started, listening on 0.0.0.0/0.0.0.0:45336
2019-07-14 16:42:24,563 INFO  ratis.XceiverServerRatis (XceiverServerRatis.java:start(428)) - XceiverServerRatis 9cd3a1db-b0fe-40bd-a539-64cc346e67f4 is started using port 45336
2019-07-14 16:42:24,564 INFO  server.XceiverServerGrpc (XceiverServerGrpc.java:start(161)) - XceiverServerGrpc 9cd3a1db-b0fe-40bd-a539-64cc346e67f4 is started using port 43843
2019-07-14 16:42:24,870 INFO  ozoneimpl.OzoneContainer (OzoneContainer.java:start(186)) - Attempting to start container services.
2019-07-14 16:42:24,870 INFO  ozoneimpl.OzoneContainer (OzoneContainer.java:startContainerScrub(160)) - Background container scrubber has been disabled by hdds.containerscrub.enabled
2019-07-14 16:42:24,870 INFO  ratis.XceiverServerRatis (XceiverServerRatis.java:start(418)) - Starting XceiverServerRatis 3cba4ce6-c4f5-4e1e-b7ad-40d7d1e29a4e at port 0
2019-07-14 16:42:24,878 INFO  impl.RaftServerProxy (RaftServerProxy.java:lambda$start$3(299)) - 3cba4ce6-c4f5-4e1e-b7ad-40d7d1e29a4e: start RPC server
2019-07-14 16:42:24,879 INFO  server.GrpcService (GrpcService.java:startImpl(149)) - 3cba4ce6-c4f5-4e1e-b7ad-40d7d1e29a4e: GrpcService started, listening on 0.0.0.0/0.0.0.0:42261
2019-07-14 16:42:24,880 INFO  ratis.XceiverServerRatis (XceiverServerRatis.java:start(428)) - XceiverServerRatis 3cba4ce6-c4f5-4e1e-b7ad-40d7d1e29a4e is started using port 42261
2019-07-14 16:42:24,900 INFO  server.XceiverServerGrpc (XceiverServerGrpc.java:start(161)) - XceiverServerGrpc 3cba4ce6-c4f5-4e1e-b7ad-40d7d1e29a4e is started using port 34982
2019-07-14 16:42:25,162 INFO  ozoneimpl.OzoneContainer (OzoneContainer.java:start(186)) - Attempting to start container services.
2019-07-14 16:42:25,162 INFO  ozoneimpl.OzoneContainer (OzoneContainer.java:startContainerScrub(160)) - Background container scrubber has been disabled by hdds.containerscrub.enabled
2019-07-14 16:42:25,162 INFO  ratis.XceiverServerRatis (XceiverServerRatis.java:start(418)) - Starting XceiverServerRatis 9fd9e3e3-5262-496b-8df7-255f5916d7a3 at port 0
2019-07-14 16:42:25,170 INFO  impl.RaftServerProxy (RaftServerProxy.java:lambda$start$3(299)) - 9fd9e3e3-5262-496b-8df7-255f5916d7a3: start RPC server
2019-07-14 16:42:25,171 INFO  server.GrpcService (GrpcService.java:startImpl(149)) - 9fd9e3e3-5262-496b-8df7-255f5916d7a3: GrpcService started, listening on 0.0.0.0/0.0.0.0:43911
2019-07-14 16:42:25,171 INFO  ratis.XceiverServerRatis (XceiverServerRatis.java:start(428)) - XceiverServerRatis 9fd9e3e3-5262-496b-8df7-255f5916d7a3 is started using port 43911
2019-07-14 16:42:25,171 INFO  server.XceiverServerGrpc (XceiverServerGrpc.java:start(161)) - XceiverServerGrpc 9fd9e3e3-5262-496b-8df7-255f5916d7a3 is started using port 45711
2019-07-14 16:42:25,205 INFO  ozone.MiniOzoneClusterImpl (MiniOzoneClusterImpl.java:lambda$waitForClusterToBeReady$0(142)) - Waiting for cluster to be ready. Got 0 of 7 DN Heartbeats.
2019-07-14 16:42:25,464 INFO  ozoneimpl.OzoneContainer (OzoneContainer.java:start(186)) - Attempting to start container services.
2019-07-14 16:42:25,465 INFO  ozoneimpl.OzoneContainer (OzoneContainer.java:startContainerScrub(160)) - Background container scrubber has been disabled by hdds.containerscrub.enabled
2019-07-14 16:42:25,465 INFO  ratis.XceiverServerRatis (XceiverServerRatis.java:start(418)) - Starting XceiverServerRatis 8d37726f-b13e-4a32-b323-1c7a6d08d96c at port 0
2019-07-14 16:42:25,472 INFO  impl.RaftServerProxy (RaftServerProxy.java:lambda$start$3(299)) - 8d37726f-b13e-4a32-b323-1c7a6d08d96c: start RPC server
2019-07-14 16:42:25,473 INFO  server.GrpcService (GrpcService.java:startImpl(149)) - 8d37726f-b13e-4a32-b323-1c7a6d08d96c: GrpcService started, listening on 0.0.0.0/0.0.0.0:35063
2019-07-14 16:42:25,473 INFO  ratis.XceiverServerRatis (XceiverServerRatis.java:start(428)) - XceiverServerRatis 8d37726f-b13e-4a32-b323-1c7a6d08d96c is started using port 35063
2019-07-14 16:42:25,474 INFO  server.XceiverServerGrpc (XceiverServerGrpc.java:start(161)) - XceiverServerGrpc 8d37726f-b13e-4a32-b323-1c7a6d08d96c is started using port 43649
2019-07-14 16:42:25,743 INFO  ozoneimpl.OzoneContainer (OzoneContainer.java:start(186)) - Attempting to start container services.
2019-07-14 16:42:25,743 INFO  ozoneimpl.OzoneContainer (OzoneContainer.java:startContainerScrub(160)) - Background container scrubber has been disabled by hdds.containerscrub.enabled
2019-07-14 16:42:25,743 INFO  ratis.XceiverServerRatis (XceiverServerRatis.java:start(418)) - Starting XceiverServerRatis 714029a6-fd27-4dc8-92a6-e871964dec37 at port 0
2019-07-14 16:42:25,751 INFO  impl.RaftServerProxy (RaftServerProxy.java:lambda$start$3(299)) - 714029a6-fd27-4dc8-92a6-e871964dec37: start RPC server
2019-07-14 16:42:25,751 INFO  server.GrpcService (GrpcService.java:startImpl(149)) - 714029a6-fd27-4dc8-92a6-e871964dec37: GrpcService started, listening on 0.0.0.0/0.0.0.0:43293
2019-07-14 16:42:25,752 INFO  ratis.XceiverServerRatis (XceiverServerRatis.java:start(428)) - XceiverServerRatis 714029a6-fd27-4dc8-92a6-e871964dec37 is started using port 43293
2019-07-14 16:42:25,752 INFO  server.XceiverServerGrpc (XceiverServerGrpc.java:start(161)) - XceiverServerGrpc 714029a6-fd27-4dc8-92a6-e871964dec37 is started using port 43925
2019-07-14 16:42:25,783 WARN  server.GrpcLogAppender (LogUtils.java:warn(134)) - 77d8bfd8-9417-42e4-b630-e55bb18b8339->68a5dfdb-c74c-438f-a088-2062485c848e: Failed appendEntries: org.apache.ratis.thirdparty.io.grpc.StatusRuntimeException: UNAVAILABLE: io exception
2019-07-14 16:42:25,792 INFO  impl.FollowerInfo (FollowerInfo.java:lambda$new$0(50)) - 77d8bfd8-9417-42e4-b630-e55bb18b8339->68a5dfdb-c74c-438f-a088-2062485c848e: nextIndex: updateUnconditionally 0 -> 0
2019-07-14 16:42:25,798 WARN  server.GrpcLogAppender (LogUtils.java:warn(134)) - 77d8bfd8-9417-42e4-b630-e55bb18b8339->ce51f40e-6b80-4084-8b29-ef5c0bb939b1: Failed appendEntries: org.apache.ratis.thirdparty.io.grpc.StatusRuntimeException: UNAVAILABLE: io exception
2019-07-14 16:42:25,841 INFO  impl.FollowerInfo (FollowerInfo.java:lambda$new$0(50)) - 77d8bfd8-9417-42e4-b630-e55bb18b8339->ce51f40e-6b80-4084-8b29-ef5c0bb939b1: nextIndex: updateUnconditionally 1 -> 0
2019-07-14 16:42:26,024 INFO  ozoneimpl.OzoneContainer (OzoneContainer.java:start(186)) - Attempting to start container services.
2019-07-14 16:42:26,024 INFO  ozoneimpl.OzoneContainer (OzoneContainer.java:startContainerScrub(160)) - Background container scrubber has been disabled by hdds.containerscrub.enabled
2019-07-14 16:42:26,024 INFO  ratis.XceiverServerRatis (XceiverServerRatis.java:start(418)) - Starting XceiverServerRatis 9696ff71-dd4a-4a33-9139-8e8effbb68fa at port 0
2019-07-14 16:42:26,031 INFO  impl.RaftServerProxy (RaftServerProxy.java:lambda$start$3(299)) - 9696ff71-dd4a-4a33-9139-8e8effbb68fa: start RPC server
2019-07-14 16:42:26,032 INFO  server.GrpcService (GrpcService.java:startImpl(149)) - 9696ff71-dd4a-4a33-9139-8e8effbb68fa: GrpcService started, listening on 0.0.0.0/0.0.0.0:36114
2019-07-14 16:42:26,032 INFO  ratis.XceiverServerRatis (XceiverServerRatis.java:start(428)) - XceiverServerRatis 9696ff71-dd4a-4a33-9139-8e8effbb68fa is started using port 36114
2019-07-14 16:42:26,075 INFO  server.XceiverServerGrpc (XceiverServerGrpc.java:start(161)) - XceiverServerGrpc 9696ff71-dd4a-4a33-9139-8e8effbb68fa is started using port 38828
2019-07-14 16:42:26,205 INFO  ozone.MiniOzoneClusterImpl (MiniOzoneClusterImpl.java:lambda$waitForClusterToBeReady$0(142)) - Waiting for cluster to be ready. Got 0 of 7 DN Heartbeats.
2019-07-14 16:42:26,220 INFO  ozoneimpl.OzoneContainer (OzoneContainer.java:start(186)) - Attempting to start container services.
2019-07-14 16:42:26,220 INFO  ozoneimpl.OzoneContainer (OzoneContainer.java:startContainerScrub(160)) - Background container scrubber has been disabled by hdds.containerscrub.enabled
2019-07-14 16:42:26,220 INFO  ratis.XceiverServerRatis (XceiverServerRatis.java:start(418)) - Starting XceiverServerRatis 20386bcc-5c84-4057-87ae-4240260256e5 at port 0
2019-07-14 16:42:26,227 INFO  impl.RaftServerProxy (RaftServerProxy.java:lambda$start$3(299)) - 20386bcc-5c84-4057-87ae-4240260256e5: start RPC server
2019-07-14 16:42:26,228 INFO  server.GrpcService (GrpcService.java:startImpl(149)) - 20386bcc-5c84-4057-87ae-4240260256e5: GrpcService started, listening on 0.0.0.0/0.0.0.0:45337
2019-07-14 16:42:26,228 INFO  ratis.XceiverServerRatis (XceiverServerRatis.java:start(428)) - XceiverServerRatis 20386bcc-5c84-4057-87ae-4240260256e5 is started using port 45337
2019-07-14 16:42:26,228 INFO  server.XceiverServerGrpc (XceiverServerGrpc.java:start(161)) - XceiverServerGrpc 20386bcc-5c84-4057-87ae-4240260256e5 is started using port 41078
2019-07-14 16:42:26,528 INFO  net.NetworkTopology (NetworkTopologyImpl.java:add(110)) - Added a new node: /default-rack/192.168.69.77
2019-07-14 16:42:26,534 INFO  node.SCMNodeManager (SCMNodeManager.java:register(269)) - Registered Data node : 9cd3a1db-b0fe-40bd-a539-64cc346e67f4{ip: 192.168.69.77, host: pr-hdds-1710-5x6jb-1204890111, networkLocation: /default-rack, certSerialId: null}
2019-07-14 16:42:26,536 INFO  safemode.SCMSafeModeManager (DataNodeSafeModeRule.java:process(71)) - SCM in safe mode. 1 DataNodes registered, 1 required.
2019-07-14 16:42:26,541 INFO  safemode.SCMSafeModeManager (SCMSafeModeManager.java:validateSafeModeExitRules(177)) - ScmSafeModeManager, all rules are successfully validated
2019-07-14 16:42:26,541 INFO  safemode.SCMSafeModeManager (SCMSafeModeManager.java:exitSafeMode(193)) - SCM exiting safe mode.
2019-07-14 16:42:26,556 INFO  impl.RaftServerProxy (RaftServerProxy.java:addNew(89)) - 9cd3a1db-b0fe-40bd-a539-64cc346e67f4: addNew group-7EC8158D626E:[9cd3a1db-b0fe-40bd-a539-64cc346e67f4:192.168.69.77:45336] returns group-7EC8158D626E:java.util.concurrent.CompletableFuture@3dec7d8d[Not completed]
2019-07-14 16:42:26,558 INFO  impl.RaftServerImpl (RaftServerImpl.java:<init>(93)) - 9cd3a1db-b0fe-40bd-a539-64cc346e67f4: new RaftServerImpl for group-7EC8158D626E:[9cd3a1db-b0fe-40bd-a539-64cc346e67f4:192.168.69.77:45336] with ContainerStateMachine:uninitialized
2019-07-14 16:42:26,558 INFO  server.RaftServerConfigKeys (ConfUtils.java:logGet(43)) - raft.server.rpc.timeout.min = 5s (custom)
2019-07-14 16:42:26,558 INFO  server.RaftServerConfigKeys (ConfUtils.java:logGet(43)) - raft.server.rpc.timeout.max = 5200ms (custom)
2019-07-14 16:42:26,558 INFO  server.RaftServerConfigKeys (ConfUtils.java:logGet(43)) - raft.server.rpcslowness.timeout = 120s (custom)
2019-07-14 16:42:26,558 INFO  server.RaftServerConfigKeys (ConfUtils.java:logGet(43)) - raft.server.sleep.deviation.threshold = 300 (default)
2019-07-14 16:42:26,558 INFO  server.RaftServerConfigKeys (ConfUtils.java:logGet(43)) - raft.server.log.appender.install.snapshot.enabled = false (custom)
2019-07-14 16:42:26,559 INFO  impl.RaftServerImpl (ServerState.java:<init>(105)) - 9cd3a1db-b0fe-40bd-a539-64cc346e67f4:group-7EC8158D626E ConfigurationManager, init=-1: [9cd3a1db-b0fe-40bd-a539-64cc346e67f4:192.168.69.77:45336], old=null, confs=<EMPTY_MAP>
2019-07-14 16:42:26,559 INFO  server.RaftServerConfigKeys (ConfUtils.java:logGet(43)) - raft.server.storage.dir = [/workdir/hadoop-ozone/integration-test/target/test-dir/MiniOzoneClusterImpl-8097b823-397b-4f28-adca-d7b431faadee/datanode-0/data/ratis] (custom)
2019-07-14 16:42:26,559 INFO  storage.RaftStorageDirectory (RaftStorageDirectory.java:analyzeStorage(246)) - The storage directory /workdir/hadoop-ozone/integration-test/target/test-dir/MiniOzoneClusterImpl-8097b823-397b-4f28-adca-d7b431faadee/datanode-0/data/ratis/c8e27c4b-a266-4d8e-a8bc-7ec8158d626e does not exist. Creating ...
2019-07-14 16:42:26,573 INFO  storage.RaftStorageDirectory (RaftStorageDirectory.java:tryLock(328)) - Lock on /workdir/hadoop-ozone/integration-test/target/test-dir/MiniOzoneClusterImpl-8097b823-397b-4f28-adca-d7b431faadee/datanode-0/data/ratis/c8e27c4b-a266-4d8e-a8bc-7ec8158d626e/in_use.lock acquired by nodename 7323@pr-hdds-1710-5x6jb-1204890111
2019-07-14 16:42:26,595 INFO  storage.RaftStorage (RaftStorage.java:format(72)) - Storage directory /workdir/hadoop-ozone/integration-test/target/test-dir/MiniOzoneClusterImpl-8097b823-397b-4f28-adca-d7b431faadee/datanode-0/data/ratis/c8e27c4b-a266-4d8e-a8bc-7ec8158d626e has been successfully formatted.
2019-07-14 16:42:26,595 INFO  ratis.ContainerStateMachine (ContainerStateMachine.java:loadSnapshot(200)) - The snapshot info is null.Setting the last applied index to:(t:0, i:~)
2019-07-14 16:42:26,596 INFO  server.RaftServerConfigKeys (ConfUtils.java:logGet(43)) - raft.server.leader.election.timeout = 120s (custom)
2019-07-14 16:42:26,596 INFO  server.RaftServerConfigKeys (ConfUtils.java:logGet(43)) - raft.server.log.use.memory = false (default)
2019-07-14 16:42:26,596 INFO  server.RaftServerConfigKeys (ConfUtils.java:logGet(43)) - raft.server.log.purge.gap = 1000000000 (custom)
2019-07-14 16:42:26,596 INFO  server.RaftServerConfigKeys (ConfUtils.java:logGet(43)) - raft.server.log.appender.buffer.byte-limit = 33554432 (custom)
2019-07-14 16:42:26,596 INFO  server.RaftServerConfigKeys (ConfUtils.java:logGet(43)) - raft.server.log.segment.size.max = 1048576 (custom)
2019-07-14 16:42:26,596 INFO  server.RaftServerConfigKeys (ConfUtils.java:logGet(43)) - raft.server.log.segment.cache.num.max = 2 (custom)
2019-07-14 16:42:26,597 INFO  segmented.SegmentedRaftLogWorker (SegmentedRaftLogWorker.java:<init>(172)) - new 9cd3a1db-b0fe-40bd-a539-64cc346e67f4-SegmentedRaftLogWorker:Storage Directory /workdir/hadoop-ozone/integration-test/target/test-dir/MiniOzoneClusterImpl-8097b823-397b-4f28-adca-d7b431faadee/datanode-0/data/ratis/c8e27c4b-a266-4d8e-a8bc-7ec8158d626e for RaftStorage:Storage Directory /workdir/hadoop-ozone/integration-test/target/test-dir/MiniOzoneClusterImpl-8097b823-397b-4f28-adca-d7b431faadee/datanode-0/data/ratis/c8e27c4b-a266-4d8e-a8bc-7ec8158d626e
2019-07-14 16:42:26,597 INFO  server.RaftServerConfigKeys (ConfUtils.java:logGet(43)) - raft.server.log.queue.byte-limit = 2147483647 (custom)
2019-07-14 16:42:26,597 INFO  server.RaftServerConfigKeys (ConfUtils.java:logGet(43)) - raft.server.log.queue.element-limit = 1024 (custom)
2019-07-14 16:42:26,597 INFO  server.RaftServerConfigKeys (ConfUtils.java:logGet(43)) - raft.server.log.segment.size.max = 1048576 (custom)
2019-07-14 16:42:26,598 INFO  server.RaftServerConfigKeys (ConfUtils.java:logGet(43)) - raft.server.log.preallocated.size = 16384 (custom)
2019-07-14 16:42:26,598 INFO  server.RaftServerConfigKeys (ConfUtils.java:logGet(43)) - raft.server.log.write.buffer.size = 33554432 (custom)
2019-07-14 16:42:26,598 INFO  server.RaftServerConfigKeys (ConfUtils.java:logGet(43)) - raft.server.log.force.sync.num = 128 (default)
2019-07-14 16:42:26,598 INFO  server.RaftServerConfigKeys (ConfUtils.java:logGet(43)) - raft.server.log.statemachine.data.sync = true (default)
2019-07-14 16:42:26,598 INFO  server.RaftServerConfigKeys (ConfUtils.java:logGet(43)) - raft.server.log.statemachine.data.sync.timeout = 10s (default)
2019-07-14 16:42:26,598 INFO  server.RaftServerConfigKeys (ConfUtils.java:logGet(43)) - raft.server.log.statemachine.data.sync.timeout.retry = -1 (default)
2019-07-14 16:42:26,599 INFO  server.RaftServerConfigKeys (ConfUtils.java:logGet(43)) - raft.server.log.statemachine.data.caching.enabled = true (custom)
2019-07-14 16:42:26,599 INFO  segmented.SegmentedRaftLogWorker (SegmentedRaftLogWorker.java:lambda$new$0(132)) - 9cd3a1db-b0fe-40bd-a539-64cc346e67f4-SegmentedRaftLogWorker:Storage Directory /workdir/hadoop-ozone/integration-test/target/test-dir/MiniOzoneClusterImpl-8097b823-397b-4f28-adca-d7b431faadee/datanode-0/data/ratis/c8e27c4b-a266-4d8e-a8bc-7ec8158d626e: flushIndex: setUnconditionally 0 -> -1
2019-07-14 16:42:26,599 INFO  server.RaftServerConfigKeys (ConfUtils.java:logGet(43)) - raft.server.snapshot.auto.trigger.enabled = true (custom)
2019-07-14 16:42:26,600 INFO  server.RaftServerConfigKeys (ConfUtils.java:logGet(43)) - raft.server.snapshot.auto.trigger.threshold = 10000 (custom)
2019-07-14 16:42:26,600 INFO  server.RaftServerConfigKeys (ConfUtils.java:logGet(43)) - raft.server.retrycache.expirytime = 600000ms (custom)
2019-07-14 16:42:26,600 INFO  impl.RaftServerImpl (RaftServerImpl.java:start(180)) - 9cd3a1db-b0fe-40bd-a539-64cc346e67f4: start group-7EC8158D626E
2019-07-14 16:42:26,600 INFO  impl.RaftServerImpl (RaftServerImpl.java:setRole(171)) - 9cd3a1db-b0fe-40bd-a539-64cc346e67f4:group-7EC8158D626E changes role from null to FOLLOWER at term 0 for startAsFollower
2019-07-14 16:42:26,600 INFO  impl.RoleInfo (RoleInfo.java:updateAndGet(143)) - 9cd3a1db-b0fe-40bd-a539-64cc346e67f4: start FollowerState
2019-07-14 16:42:26,601 INFO  util.JmxRegister (JmxRegister.java:tryRegister(44)) - Successfully registered JMX Bean with object name Ratis:service=RaftServer,group=group-7EC8158D626E,id=9cd3a1db-b0fe-40bd-a539-64cc346e67f4
2019-07-14 16:42:26,608 INFO  pipeline.PipelineStateManager (PipelineStateManager.java:addPipeline(56)) - Created pipeline Pipeline[ Id: c8e27c4b-a266-4d8e-a8bc-7ec8158d626e, Nodes: 9cd3a1db-b0fe-40bd-a539-64cc346e67f4{ip: 192.168.69.77, host: pr-hdds-1710-5x6jb-1204890111, networkLocation: /default-rack, certSerialId: null}, Type:RATIS, Factor:ONE, State:OPEN]
2019-07-14 16:42:26,854 INFO  node.SCMNodeManager (SCMNodeManager.java:register(269)) - Registered Data node : 3cba4ce6-c4f5-4e1e-b7ad-40d7d1e29a4e{ip: 192.168.69.77, host: pr-hdds-1710-5x6jb-1204890111, networkLocation: /default-rack, certSerialId: null}
2019-07-14 16:42:26,881 INFO  impl.RaftServerProxy (RaftServerProxy.java:addNew(89)) - 3cba4ce6-c4f5-4e1e-b7ad-40d7d1e29a4e: addNew group-00DF8EFC605A:[3cba4ce6-c4f5-4e1e-b7ad-40d7d1e29a4e:192.168.69.77:42261] returns group-00DF8EFC605A:java.util.concurrent.CompletableFuture@6dad6269[Not completed]
2019-07-14 16:42:26,883 INFO  impl.RaftServerImpl (RaftServerImpl.java:<init>(93)) - 3cba4ce6-c4f5-4e1e-b7ad-40d7d1e29a4e: new RaftServerImpl for group-00DF8EFC605A:[3cba4ce6-c4f5-4e1e-b7ad-40d7d1e29a4e:192.168.69.77:42261] with ContainerStateMachine:uninitialized
2019-07-14 16:42:26,883 INFO  server.RaftServerConfigKeys (ConfUtils.java:logGet(43)) - raft.server.rpc.timeout.min = 5s (custom)
2019-07-14 16:42:26,883 INFO  server.RaftServerConfigKeys (ConfUtils.java:logGet(43)) - raft.server.rpc.timeout.max = 5200ms (custom)
2019-07-14 16:42:26,884 INFO  server.RaftServerConfigKeys (ConfUtils.java:logGet(43)) - raft.server.rpcslowness.timeout = 120s (custom)
2019-07-14 16:42:26,884 INFO  server.RaftServerConfigKeys (ConfUtils.java:logGet(43)) - raft.server.sleep.deviation.threshold = 300 (default)
2019-07-14 16:42:26,884 INFO  server.RaftServerConfigKeys (ConfUtils.java:logGet(43)) - raft.server.log.appender.install.snapshot.enabled = false (custom)
2019-07-14 16:42:26,884 INFO  impl.RaftServerImpl (ServerState.java:<init>(105)) - 3cba4ce6-c4f5-4e1e-b7ad-40d7d1e29a4e:group-00DF8EFC605A ConfigurationManager, init=-1: [3cba4ce6-c4f5-4e1e-b7ad-40d7d1e29a4e:192.168.69.77:42261], old=null, confs=<EMPTY_MAP>
2019-07-14 16:42:26,884 INFO  server.RaftServerConfigKeys (ConfUtils.java:logGet(43)) - raft.server.storage.dir = [/workdir/hadoop-ozone/integration-test/target/test-dir/MiniOzoneClusterImpl-8097b823-397b-4f28-adca-d7b431faadee/datanode-1/data/ratis] (custom)
2019-07-14 16:42:26,885 INFO  storage.RaftStorageDirectory (RaftStorageDirectory.java:analyzeStorage(246)) - The storage directory /workdir/hadoop-ozone/integration-test/target/test-dir/MiniOzoneClusterImpl-8097b823-397b-4f28-adca-d7b431faadee/datanode-1/data/ratis/a0bdf200-3045-4721-b38e-00df8efc605a does not exist. Creating ...
2019-07-14 16:42:26,899 INFO  storage.RaftStorageDirectory (RaftStorageDirectory.java:tryLock(328)) - Lock on /workdir/hadoop-ozone/integration-test/target/test-dir/MiniOzoneClusterImpl-8097b823-397b-4f28-adca-d7b431faadee/datanode-1/data/ratis/a0bdf200-3045-4721-b38e-00df8efc605a/in_use.lock acquired by nodename 7323@pr-hdds-1710-5x6jb-1204890111
2019-07-14 16:42:26,913 INFO  storage.RaftStorage (RaftStorage.java:format(72)) - Storage directory /workdir/hadoop-ozone/integration-test/target/test-dir/MiniOzoneClusterImpl-8097b823-397b-4f28-adca-d7b431faadee/datanode-1/data/ratis/a0bdf200-3045-4721-b38e-00df8efc605a has been successfully formatted.
2019-07-14 16:42:26,913 INFO  ratis.ContainerStateMachine (ContainerStateMachine.java:loadSnapshot(200)) - The snapshot info is null.Setting the last applied index to:(t:0, i:~)
2019-07-14 16:42:26,914 INFO  server.RaftServerConfigKeys (ConfUtils.java:logGet(43)) - raft.server.leader.election.timeout = 120s (custom)
2019-07-14 16:42:26,914 INFO  server.RaftServerConfigKeys (ConfUtils.java:logGet(43)) - raft.server.log.use.memory = false (default)
2019-07-14 16:42:26,914 INFO  server.RaftServerConfigKeys (ConfUtils.java:logGet(43)) - raft.server.log.purge.gap = 1000000000 (custom)
2019-07-14 16:42:26,914 INFO  server.RaftServerConfigKeys (ConfUtils.java:logGet(43)) - raft.server.log.appender.buffer.byte-limit = 33554432 (custom)
2019-07-14 16:42:26,914 INFO  server.RaftServerConfigKeys (ConfUtils.java:logGet(43)) - raft.server.log.segment.size.max = 1048576 (custom)
2019-07-14 16:42:26,914 INFO  server.RaftServerConfigKeys (ConfUtils.java:logGet(43)) - raft.server.log.segment.cache.num.max = 2 (custom)
2019-07-14 16:42:26,915 INFO  segmented.SegmentedRaftLogWorker (SegmentedRaftLogWorker.java:<init>(172)) - new 3cba4ce6-c4f5-4e1e-b7ad-40d7d1e29a4e-SegmentedRaftLogWorker:Storage Directory /workdir/hadoop-ozone/integration-test/target/test-dir/MiniOzoneClusterImpl-8097b823-397b-4f28-adca-d7b431faadee/datanode-1/data/ratis/a0bdf200-3045-4721-b38e-00df8efc605a for RaftStorage:Storage Directory /workdir/hadoop-ozone/integration-test/target/test-dir/MiniOzoneClusterImpl-8097b823-397b-4f28-adca-d7b431faadee/datanode-1/data/ratis/a0bdf200-3045-4721-b38e-00df8efc605a
2019-07-14 16:42:26,915 INFO  server.RaftServerConfigKeys (ConfUtils.java:logGet(43)) - raft.server.log.queue.byte-limit = 2147483647 (custom)
2019-07-14 16:42:26,915 INFO  server.RaftServerConfigKeys (ConfUtils.java:logGet(43)) - raft.server.log.queue.element-limit = 1024 (custom)
2019-07-14 16:42:26,915 INFO  server.RaftServerConfigKeys (ConfUtils.java:logGet(43)) - raft.server.log.segment.size.max = 1048576 (custom)
2019-07-14 16:42:26,916 INFO  server.RaftServerConfigKeys (ConfUtils.java:logGet(43)) - raft.server.log.preallocated.size = 16384 (custom)
2019-07-14 16:42:26,916 INFO  server.RaftServerConfigKeys (ConfUtils.java:logGet(43)) - raft.server.log.write.buffer.size = 33554432 (custom)
2019-07-14 16:42:26,916 INFO  server.RaftServerConfigKeys (ConfUtils.java:logGet(43)) - raft.server.log.force.sync.num = 128 (default)
2019-07-14 16:42:26,916 INFO  server.RaftServerConfigKeys (ConfUtils.java:logGet(43)) - raft.server.log.statemachine.data.sync = true (default)
2019-07-14 16:42:26,916 INFO  server.RaftServerConfigKeys (ConfUtils.java:logGet(43)) - raft.server.log.statemachine.data.sync.timeout = 10s (default)
2019-07-14 16:42:26,917 INFO  server.RaftServerConfigKeys (ConfUtils.java:logGet(43)) - raft.server.log.statemachine.data.sync.timeout.retry = -1 (default)
2019-07-14 16:42:26,917 INFO  server.RaftServerConfigKeys (ConfUtils.java:logGet(43)) - raft.server.log.statemachine.data.caching.enabled = true (custom)
2019-07-14 16:42:26,917 INFO  segmented.SegmentedRaftLogWorker (SegmentedRaftLogWorker.java:lambda$new$0(132)) - 3cba4ce6-c4f5-4e1e-b7ad-40d7d1e29a4e-SegmentedRaftLogWorker:Storage Directory /workdir/hadoop-ozone/integration-test/target/test-dir/MiniOzoneClusterImpl-8097b823-397b-4f28-adca-d7b431faadee/datanode-1/data/ratis/a0bdf200-3045-4721-b38e-00df8efc605a: flushIndex: setUnconditionally 0 -> -1
2019-07-14 16:42:26,918 INFO  server.RaftServerConfigKeys (ConfUtils.java:logGet(43)) - raft.server.snapshot.auto.trigger.enabled = true (custom)
2019-07-14 16:42:26,918 INFO  server.RaftServerConfigKeys (ConfUtils.java:logGet(43)) - raft.server.snapshot.auto.trigger.threshold = 10000 (custom)
2019-07-14 16:42:26,918 INFO  server.RaftServerConfigKeys (ConfUtils.java:logGet(43)) - raft.server.retrycache.expirytime = 600000ms (custom)
2019-07-14 16:42:26,918 INFO  impl.RaftServerImpl (RaftServerImpl.java:start(180)) - 3cba4ce6-c4f5-4e1e-b7ad-40d7d1e29a4e: start group-00DF8EFC605A
2019-07-14 16:42:26,919 INFO  impl.RaftServerImpl (RaftServerImpl.java:setRole(171)) - 3cba4ce6-c4f5-4e1e-b7ad-40d7d1e29a4e:group-00DF8EFC605A changes role from null to FOLLOWER at term 0 for startAsFollower
2019-07-14 16:42:26,919 INFO  impl.RoleInfo (RoleInfo.java:updateAndGet(143)) - 3cba4ce6-c4f5-4e1e-b7ad-40d7d1e29a4e: start FollowerState
2019-07-14 16:42:26,919 INFO  util.JmxRegister (JmxRegister.java:tryRegister(44)) - Successfully registered JMX Bean with object name Ratis:service=RaftServer,group=group-00DF8EFC605A,id=3cba4ce6-c4f5-4e1e-b7ad-40d7d1e29a4e
2019-07-14 16:42:26,922 INFO  pipeline.PipelineStateManager (PipelineStateManager.java:addPipeline(56)) - Created pipeline Pipeline[ Id: a0bdf200-3045-4721-b38e-00df8efc605a, Nodes: 3cba4ce6-c4f5-4e1e-b7ad-40d7d1e29a4e{ip: 192.168.69.77, host: pr-hdds-1710-5x6jb-1204890111, networkLocation: /default-rack, certSerialId: null}, Type:RATIS, Factor:ONE, State:OPEN]
2019-07-14 16:42:27,149 INFO  node.SCMNodeManager (SCMNodeManager.java:register(269)) - Registered Data node : 9fd9e3e3-5262-496b-8df7-255f5916d7a3{ip: 192.168.69.77, host: pr-hdds-1710-5x6jb-1204890111, networkLocation: /default-rack, certSerialId: null}
2019-07-14 16:42:27,196 INFO  impl.RaftServerProxy (RaftServerProxy.java:addNew(89)) - 9fd9e3e3-5262-496b-8df7-255f5916d7a3: addNew group-AFD85F32CC81:[9fd9e3e3-5262-496b-8df7-255f5916d7a3:192.168.69.77:43911] returns group-AFD85F32CC81:java.util.concurrent.CompletableFuture@38ecc00b[Not completed]
2019-07-14 16:42:27,198 INFO  impl.RaftServerImpl (RaftServerImpl.java:<init>(93)) - 9fd9e3e3-5262-496b-8df7-255f5916d7a3: new RaftServerImpl for group-AFD85F32CC81:[9fd9e3e3-5262-496b-8df7-255f5916d7a3:192.168.69.77:43911] with ContainerStateMachine:uninitialized
2019-07-14 16:42:27,198 INFO  server.RaftServerConfigKeys (ConfUtils.java:logGet(43)) - raft.server.rpc.timeout.min = 5s (custom)
2019-07-14 16:42:27,198 INFO  server.RaftServerConfigKeys (ConfUtils.java:logGet(43)) - raft.server.rpc.timeout.max = 5200ms (custom)
2019-07-14 16:42:27,198 INFO  server.RaftServerConfigKeys (ConfUtils.java:logGet(43)) - raft.server.rpcslowness.timeout = 120s (custom)
2019-07-14 16:42:27,199 INFO  server.RaftServerConfigKeys (ConfUtils.java:logGet(43)) - raft.server.sleep.deviation.threshold = 300 (default)
2019-07-14 16:42:27,199 INFO  server.RaftServerConfigKeys (ConfUtils.java:logGet(43)) - raft.server.log.appender.install.snapshot.enabled = false (custom)
2019-07-14 16:42:27,199 INFO  impl.RaftServerImpl (ServerState.java:<init>(105)) - 9fd9e3e3-5262-496b-8df7-255f5916d7a3:group-AFD85F32CC81 ConfigurationManager, init=-1: [9fd9e3e3-5262-496b-8df7-255f5916d7a3:192.168.69.77:43911], old=null, confs=<EMPTY_MAP>
2019-07-14 16:42:27,199 INFO  server.RaftServerConfigKeys (ConfUtils.java:logGet(43)) - raft.server.storage.dir = [/workdir/hadoop-ozone/integration-test/target/test-dir/MiniOzoneClusterImpl-8097b823-397b-4f28-adca-d7b431faadee/datanode-2/data/ratis] (custom)
2019-07-14 16:42:27,200 INFO  storage.RaftStorageDirectory (RaftStorageDirectory.java:analyzeStorage(246)) - The storage directory /workdir/hadoop-ozone/integration-test/target/test-dir/MiniOzoneClusterImpl-8097b823-397b-4f28-adca-d7b431faadee/datanode-2/data/ratis/f8144225-8676-4d52-a8d0-afd85f32cc81 does not exist. Creating ...
2019-07-14 16:42:27,206 INFO  ozone.MiniOzoneClusterImpl (MiniOzoneClusterImpl.java:lambda$waitForClusterToBeReady$0(142)) - Waiting for cluster to be ready. Got 3 of 7 DN Heartbeats.
2019-07-14 16:42:27,212 INFO  storage.RaftStorageDirectory (RaftStorageDirectory.java:tryLock(328)) - Lock on /workdir/hadoop-ozone/integration-test/target/test-dir/MiniOzoneClusterImpl-8097b823-397b-4f28-adca-d7b431faadee/datanode-2/data/ratis/f8144225-8676-4d52-a8d0-afd85f32cc81/in_use.lock acquired by nodename 7323@pr-hdds-1710-5x6jb-1204890111
2019-07-14 16:42:27,226 INFO  storage.RaftStorage (RaftStorage.java:format(72)) - Storage directory /workdir/hadoop-ozone/integration-test/target/test-dir/MiniOzoneClusterImpl-8097b823-397b-4f28-adca-d7b431faadee/datanode-2/data/ratis/f8144225-8676-4d52-a8d0-afd85f32cc81 has been successfully formatted.
2019-07-14 16:42:27,226 INFO  ratis.ContainerStateMachine (ContainerStateMachine.java:loadSnapshot(200)) - The snapshot info is null.Setting the last applied index to:(t:0, i:~)
2019-07-14 16:42:27,226 INFO  server.RaftServerConfigKeys (ConfUtils.java:logGet(43)) - raft.server.leader.election.timeout = 120s (custom)
2019-07-14 16:42:27,227 INFO  server.RaftServerConfigKeys (ConfUtils.java:logGet(43)) - raft.server.log.use.memory = false (default)
2019-07-14 16:42:27,227 INFO  server.RaftServerConfigKeys (ConfUtils.java:logGet(43)) - raft.server.log.purge.gap = 1000000000 (custom)
2019-07-14 16:42:27,227 INFO  server.RaftServerConfigKeys (ConfUtils.java:logGet(43)) - raft.server.log.appender.buffer.byte-limit = 33554432 (custom)
2019-07-14 16:42:27,227 INFO  server.RaftServerConfigKeys (ConfUtils.java:logGet(43)) - raft.server.log.segment.size.max = 1048576 (custom)
2019-07-14 16:42:27,227 INFO  server.RaftServerConfigKeys (ConfUtils.java:logGet(43)) - raft.server.log.segment.cache.num.max = 2 (custom)
2019-07-14 16:42:27,227 INFO  segmented.SegmentedRaftLogWorker (SegmentedRaftLogWorker.java:<init>(172)) - new 9fd9e3e3-5262-496b-8df7-255f5916d7a3-SegmentedRaftLogWorker:Storage Directory /workdir/hadoop-ozone/integration-test/target/test-dir/MiniOzoneClusterImpl-8097b823-397b-4f28-adca-d7b431faadee/datanode-2/data/ratis/f8144225-8676-4d52-a8d0-afd85f32cc81 for RaftStorage:Storage Directory /workdir/hadoop-ozone/integration-test/target/test-dir/MiniOzoneClusterImpl-8097b823-397b-4f28-adca-d7b431faadee/datanode-2/data/ratis/f8144225-8676-4d52-a8d0-afd85f32cc81
2019-07-14 16:42:27,228 INFO  server.RaftServerConfigKeys (ConfUtils.java:logGet(43)) - raft.server.log.queue.byte-limit = 2147483647 (custom)
2019-07-14 16:42:27,228 INFO  server.RaftServerConfigKeys (ConfUtils.java:logGet(43)) - raft.server.log.queue.element-limit = 1024 (custom)
2019-07-14 16:42:27,228 INFO  server.RaftServerConfigKeys (ConfUtils.java:logGet(43)) - raft.server.log.segment.size.max = 1048576 (custom)
2019-07-14 16:42:27,228 INFO  server.RaftServerConfigKeys (ConfUtils.java:logGet(43)) - raft.server.log.preallocated.size = 16384 (custom)
2019-07-14 16:42:27,228 INFO  server.RaftServerConfigKeys (ConfUtils.java:logGet(43)) - raft.server.log.write.buffer.size = 33554432 (custom)
2019-07-14 16:42:27,229 INFO  server.RaftServerConfigKeys (ConfUtils.java:logGet(43)) - raft.server.log.force.sync.num = 128 (default)
2019-07-14 16:42:27,229 INFO  server.RaftServerConfigKeys (ConfUtils.java:logGet(43)) - raft.server.log.statemachine.data.sync = true (default)
2019-07-14 16:42:27,229 INFO  server.RaftServerConfigKeys (ConfUtils.java:logGet(43)) - raft.server.log.statemachine.data.sync.timeout = 10s (default)
2019-07-14 16:42:27,229 INFO  server.RaftServerConfigKeys (ConfUtils.java:logGet(43)) - raft.server.log.statemachine.data.sync.timeout.retry = -1 (default)
2019-07-14 16:42:27,229 INFO  server.RaftServerConfigKeys (ConfUtils.java:logGet(43)) - raft.server.log.statemachine.data.caching.enabled = true (custom)
2019-07-14 16:42:27,230 INFO  segmented.SegmentedRaftLogWorker (SegmentedRaftLogWorker.java:lambda$new$0(132)) - 9fd9e3e3-5262-496b-8df7-255f5916d7a3-SegmentedRaftLogWorker:Storage Directory /workdir/hadoop-ozone/integration-test/target/test-dir/MiniOzoneClusterImpl-8097b823-397b-4f28-adca-d7b431faadee/datanode-2/data/ratis/f8144225-8676-4d52-a8d0-afd85f32cc81: flushIndex: setUnconditionally 0 -> -1
2019-07-14 16:42:27,230 INFO  server.RaftServerConfigKeys (ConfUtils.java:logGet(43)) - raft.server.snapshot.auto.trigger.enabled = true (custom)
2019-07-14 16:42:27,230 INFO  server.RaftServerConfigKeys (ConfUtils.java:logGet(43)) - raft.server.snapshot.auto.trigger.threshold = 10000 (custom)
2019-07-14 16:42:27,231 INFO  server.RaftServerConfigKeys (ConfUtils.java:logGet(43)) - raft.server.retrycache.expirytime = 600000ms (custom)
2019-07-14 16:42:27,231 INFO  impl.RaftServerImpl (RaftServerImpl.java:start(180)) - 9fd9e3e3-5262-496b-8df7-255f5916d7a3: start group-AFD85F32CC81
2019-07-14 16:42:27,231 INFO  impl.RaftServerImpl (RaftServerImpl.java:setRole(171)) - 9fd9e3e3-5262-496b-8df7-255f5916d7a3:group-AFD85F32CC81 changes role from null to FOLLOWER at term 0 for startAsFollower
2019-07-14 16:42:27,231 INFO  impl.RoleInfo (RoleInfo.java:updateAndGet(143)) - 9fd9e3e3-5262-496b-8df7-255f5916d7a3: start FollowerState
2019-07-14 16:42:27,232 INFO  util.JmxRegister (JmxRegister.java:tryRegister(44)) - Successfully registered JMX Bean with object name Ratis:service=RaftServer,group=group-AFD85F32CC81,id=9fd9e3e3-5262-496b-8df7-255f5916d7a3
2019-07-14 16:42:27,234 INFO  pipeline.PipelineStateManager (PipelineStateManager.java:addPipeline(56)) - Created pipeline Pipeline[ Id: f8144225-8676-4d52-a8d0-afd85f32cc81, Nodes: 9fd9e3e3-5262-496b-8df7-255f5916d7a3{ip: 192.168.69.77, host: pr-hdds-1710-5x6jb-1204890111, networkLocation: /default-rack, certSerialId: null}, Type:RATIS, Factor:ONE, State:OPEN]
2019-07-14 16:42:27,262 INFO  impl.RaftServerProxy (RaftServerProxy.java:addNew(89)) - 9cd3a1db-b0fe-40bd-a539-64cc346e67f4: addNew group-4658065892AD:[9cd3a1db-b0fe-40bd-a539-64cc346e67f4:192.168.69.77:45336, 9fd9e3e3-5262-496b-8df7-255f5916d7a3:192.168.69.77:43911, 3cba4ce6-c4f5-4e1e-b7ad-40d7d1e29a4e:192.168.69.77:42261] returns group-4658065892AD:java.util.concurrent.CompletableFuture@2ad6d659[Not completed]
2019-07-14 16:42:27,262 INFO  impl.RaftServerProxy (RaftServerProxy.java:addNew(89)) - 3cba4ce6-c4f5-4e1e-b7ad-40d7d1e29a4e: addNew group-4658065892AD:[9cd3a1db-b0fe-40bd-a539-64cc346e67f4:192.168.69.77:45336, 9fd9e3e3-5262-496b-8df7-255f5916d7a3:192.168.69.77:43911, 3cba4ce6-c4f5-4e1e-b7ad-40d7d1e29a4e:192.168.69.77:42261] returns group-4658065892AD:java.util.concurrent.CompletableFuture@52c7917[Not completed]
2019-07-14 16:42:27,262 INFO  impl.RaftServerProxy (RaftServerProxy.java:addNew(89)) - 9fd9e3e3-5262-496b-8df7-255f5916d7a3: addNew group-4658065892AD:[9cd3a1db-b0fe-40bd-a539-64cc346e67f4:192.168.69.77:45336, 9fd9e3e3-5262-496b-8df7-255f5916d7a3:192.168.69.77:43911, 3cba4ce6-c4f5-4e1e-b7ad-40d7d1e29a4e:192.168.69.77:42261] returns group-4658065892AD:java.util.concurrent.CompletableFuture@165d2f81[Not completed]
2019-07-14 16:42:27,264 INFO  impl.RaftServerImpl (RaftServerImpl.java:<init>(93)) - 9cd3a1db-b0fe-40bd-a539-64cc346e67f4: new RaftServerImpl for group-4658065892AD:[9cd3a1db-b0fe-40bd-a539-64cc346e67f4:192.168.69.77:45336, 9fd9e3e3-5262-496b-8df7-255f5916d7a3:192.168.69.77:43911, 3cba4ce6-c4f5-4e1e-b7ad-40d7d1e29a4e:192.168.69.77:42261] with ContainerStateMachine:uninitialized
2019-07-14 16:42:27,264 INFO  server.RaftServerConfigKeys (ConfUtils.java:logGet(43)) - raft.server.rpc.timeout.min = 5s (custom)
2019-07-14 16:42:27,264 INFO  server.RaftServerConfigKeys (ConfUtils.java:logGet(43)) - raft.server.rpc.timeout.max = 5200ms (custom)
2019-07-14 16:42:27,264 INFO  server.RaftServerConfigKeys (ConfUtils.java:logGet(43)) - raft.server.rpcslowness.timeout = 120s (custom)
2019-07-14 16:42:27,264 INFO  impl.RaftServerImpl (RaftServerImpl.java:<init>(93)) - 9fd9e3e3-5262-496b-8df7-255f5916d7a3: new RaftServerImpl for group-4658065892AD:[9cd3a1db-b0fe-40bd-a539-64cc346e67f4:192.168.69.77:45336, 9fd9e3e3-5262-496b-8df7-255f5916d7a3:192.168.69.77:43911, 3cba4ce6-c4f5-4e1e-b7ad-40d7d1e29a4e:192.168.69.77:42261] with ContainerStateMachine:uninitialized
2019-07-14 16:42:27,264 INFO  server.RaftServerConfigKeys (ConfUtils.java:logGet(43)) - raft.server.sleep.deviation.threshold = 300 (default)
2019-07-14 16:42:27,265 INFO  server.RaftServerConfigKeys (ConfUtils.java:logGet(43)) - raft.server.rpc.timeout.min = 5s (custom)
2019-07-14 16:42:27,265 INFO  server.RaftServerConfigKeys (ConfUtils.java:logGet(43)) - raft.server.log.appender.install.snapshot.enabled = false (custom)
2019-07-14 16:42:27,265 INFO  impl.RaftServerImpl (RaftServerImpl.java:<init>(93)) - 3cba4ce6-c4f5-4e1e-b7ad-40d7d1e29a4e: new RaftServerImpl for group-4658065892AD:[9cd3a1db-b0fe-40bd-a539-64cc346e67f4:192.168.69.77:45336, 9fd9e3e3-5262-496b-8df7-255f5916d7a3:192.168.69.77:43911, 3cba4ce6-c4f5-4e1e-b7ad-40d7d1e29a4e:192.168.69.77:42261] with ContainerStateMachine:uninitialized
2019-07-14 16:42:27,265 INFO  server.RaftServerConfigKeys (ConfUtils.java:logGet(43)) - raft.server.rpc.timeout.max = 5200ms (custom)
2019-07-14 16:42:27,265 INFO  server.RaftServerConfigKeys (ConfUtils.java:logGet(43)) - raft.server.rpc.timeout.min = 5s (custom)
2019-07-14 16:42:27,265 INFO  impl.RaftServerImpl (ServerState.java:<init>(105)) - 9cd3a1db-b0fe-40bd-a539-64cc346e67f4:group-4658065892AD ConfigurationManager, init=-1: [9cd3a1db-b0fe-40bd-a539-64cc346e67f4:192.168.69.77:45336, 9fd9e3e3-5262-496b-8df7-255f5916d7a3:192.168.69.77:43911, 3cba4ce6-c4f5-4e1e-b7ad-40d7d1e29a4e:192.168.69.77:42261], old=null, confs=<EMPTY_MAP>
2019-07-14 16:42:27,266 INFO  server.RaftServerConfigKeys (ConfUtils.java:logGet(43)) - raft.server.rpc.timeout.max = 5200ms (custom)
2019-07-14 16:42:27,265 INFO  server.RaftServerConfigKeys (ConfUtils.java:logGet(43)) - raft.server.rpcslowness.timeout = 120s (custom)
2019-07-14 16:42:27,266 INFO  server.RaftServerConfigKeys (ConfUtils.java:logGet(43)) - raft.server.rpcslowness.timeout = 120s (custom)
2019-07-14 16:42:27,266 INFO  server.RaftServerConfigKeys (ConfUtils.java:logGet(43)) - raft.server.storage.dir = [/workdir/hadoop-ozone/integration-test/target/test-dir/MiniOzoneClusterImpl-8097b823-397b-4f28-adca-d7b431faadee/datanode-0/data/ratis] (custom)
2019-07-14 16:42:27,266 INFO  server.RaftServerConfigKeys (ConfUtils.java:logGet(43)) - raft.server.sleep.deviation.threshold = 300 (default)
2019-07-14 16:42:27,267 INFO  server.RaftServerConfigKeys (ConfUtils.java:logGet(43)) - raft.server.log.appender.install.snapshot.enabled = false (custom)
2019-07-14 16:42:27,266 INFO  server.RaftServerConfigKeys (ConfUtils.java:logGet(43)) - raft.server.sleep.deviation.threshold = 300 (default)
2019-07-14 16:42:27,267 INFO  storage.RaftStorageDirectory (RaftStorageDirectory.java:analyzeStorage(246)) - The storage directory /workdir/hadoop-ozone/integration-test/target/test-dir/MiniOzoneClusterImpl-8097b823-397b-4f28-adca-d7b431faadee/datanode-0/data/ratis/e048c973-63a2-4ef8-81a2-4658065892ad does not exist. Creating ...
2019-07-14 16:42:27,267 INFO  impl.RaftServerImpl (ServerState.java:<init>(105)) - 3cba4ce6-c4f5-4e1e-b7ad-40d7d1e29a4e:group-4658065892AD ConfigurationManager, init=-1: [9cd3a1db-b0fe-40bd-a539-64cc346e67f4:192.168.69.77:45336, 9fd9e3e3-5262-496b-8df7-255f5916d7a3:192.168.69.77:43911, 3cba4ce6-c4f5-4e1e-b7ad-40d7d1e29a4e:192.168.69.77:42261], old=null, confs=<EMPTY_MAP>
2019-07-14 16:42:27,267 INFO  server.RaftServerConfigKeys (ConfUtils.java:logGet(43)) - raft.server.log.appender.install.snapshot.enabled = false (custom)
2019-07-14 16:42:27,267 INFO  server.RaftServerConfigKeys (ConfUtils.java:logGet(43)) - raft.server.storage.dir = [/workdir/hadoop-ozone/integration-test/target/test-dir/MiniOzoneClusterImpl-8097b823-397b-4f28-adca-d7b431faadee/datanode-1/data/ratis] (custom)
2019-07-14 16:42:27,267 INFO  impl.RaftServerImpl (ServerState.java:<init>(105)) - 9fd9e3e3-5262-496b-8df7-255f5916d7a3:group-4658065892AD ConfigurationManager, init=-1: [9cd3a1db-b0fe-40bd-a539-64cc346e67f4:192.168.69.77:45336, 9fd9e3e3-5262-496b-8df7-255f5916d7a3:192.168.69.77:43911, 3cba4ce6-c4f5-4e1e-b7ad-40d7d1e29a4e:192.168.69.77:42261], old=null, confs=<EMPTY_MAP>
2019-07-14 16:42:27,268 INFO  server.RaftServerConfigKeys (ConfUtils.java:logGet(43)) - raft.server.storage.dir = [/workdir/hadoop-ozone/integration-test/target/test-dir/MiniOzoneClusterImpl-8097b823-397b-4f28-adca-d7b431faadee/datanode-2/data/ratis] (custom)
2019-07-14 16:42:27,268 INFO  storage.RaftStorageDirectory (RaftStorageDirectory.java:analyzeStorage(246)) - The storage directory /workdir/hadoop-ozone/integration-test/target/test-dir/MiniOzoneClusterImpl-8097b823-397b-4f28-adca-d7b431faadee/datanode-1/data/ratis/e048c973-63a2-4ef8-81a2-4658065892ad does not exist. Creating ...
2019-07-14 16:42:27,268 INFO  storage.RaftStorageDirectory (RaftStorageDirectory.java:analyzeStorage(246)) - The storage directory /workdir/hadoop-ozone/integration-test/target/test-dir/MiniOzoneClusterImpl-8097b823-397b-4f28-adca-d7b431faadee/datanode-2/data/ratis/e048c973-63a2-4ef8-81a2-4658065892ad does not exist. Creating ...
2019-07-14 16:42:27,281 INFO  storage.RaftStorageDirectory (RaftStorageDirectory.java:tryLock(328)) - Lock on /workdir/hadoop-ozone/integration-test/target/test-dir/MiniOzoneClusterImpl-8097b823-397b-4f28-adca-d7b431faadee/datanode-2/data/ratis/e048c973-63a2-4ef8-81a2-4658065892ad/in_use.lock acquired by nodename 7323@pr-hdds-1710-5x6jb-1204890111
2019-07-14 16:42:27,281 INFO  storage.RaftStorageDirectory (RaftStorageDirectory.java:tryLock(328)) - Lock on /workdir/hadoop-ozone/integration-test/target/test-dir/MiniOzoneClusterImpl-8097b823-397b-4f28-adca-d7b431faadee/datanode-1/data/ratis/e048c973-63a2-4ef8-81a2-4658065892ad/in_use.lock acquired by nodename 7323@pr-hdds-1710-5x6jb-1204890111
2019-07-14 16:42:27,281 INFO  storage.RaftStorageDirectory (RaftStorageDirectory.java:tryLock(328)) - Lock on /workdir/hadoop-ozone/integration-test/target/test-dir/MiniOzoneClusterImpl-8097b823-397b-4f28-adca-d7b431faadee/datanode-0/data/ratis/e048c973-63a2-4ef8-81a2-4658065892ad/in_use.lock acquired by nodename 7323@pr-hdds-1710-5x6jb-1204890111
2019-07-14 16:42:27,294 INFO  storage.RaftStorage (RaftStorage.java:format(72)) - Storage directory /workdir/hadoop-ozone/integration-test/target/test-dir/MiniOzoneClusterImpl-8097b823-397b-4f28-adca-d7b431faadee/datanode-1/data/ratis/e048c973-63a2-4ef8-81a2-4658065892ad has been successfully formatted.
2019-07-14 16:42:27,294 INFO  storage.RaftStorage (RaftStorage.java:format(72)) - Storage directory /workdir/hadoop-ozone/integration-test/target/test-dir/MiniOzoneClusterImpl-8097b823-397b-4f28-adca-d7b431faadee/datanode-0/data/ratis/e048c973-63a2-4ef8-81a2-4658065892ad has been successfully formatted.
2019-07-14 16:42:27,295 INFO  ratis.ContainerStateMachine (ContainerStateMachine.java:loadSnapshot(200)) - The snapshot info is null.Setting the last applied index to:(t:0, i:~)
2019-07-14 16:42:27,294 INFO  storage.RaftStorage (RaftStorage.java:format(72)) - Storage directory /workdir/hadoop-ozone/integration-test/target/test-dir/MiniOzoneClusterImpl-8097b823-397b-4f28-adca-d7b431faadee/datanode-2/data/ratis/e048c973-63a2-4ef8-81a2-4658065892ad has been successfully formatted.
2019-07-14 16:42:27,295 INFO  server.RaftServerConfigKeys (ConfUtils.java:logGet(43)) - raft.server.leader.election.timeout = 120s (custom)
2019-07-14 16:42:27,295 INFO  ratis.ContainerStateMachine (ContainerStateMachine.java:loadSnapshot(200)) - The snapshot info is null.Setting the last applied index to:(t:0, i:~)
2019-07-14 16:42:27,295 INFO  ratis.ContainerStateMachine (ContainerStateMachine.java:loadSnapshot(200)) - The snapshot info is null.Setting the last applied index to:(t:0, i:~)
2019-07-14 16:42:27,295 INFO  server.RaftServerConfigKeys (ConfUtils.java:logGet(43)) - raft.server.log.use.memory = false (default)
2019-07-14 16:42:27,296 INFO  server.RaftServerConfigKeys (ConfUtils.java:logGet(43)) - raft.server.leader.election.timeout = 120s (custom)
2019-07-14 16:42:27,295 INFO  server.RaftServerConfigKeys (ConfUtils.java:logGet(43)) - raft.server.leader.election.timeout = 120s (custom)
2019-07-14 16:42:27,296 INFO  server.RaftServerConfigKeys (ConfUtils.java:logGet(43)) - raft.server.log.use.memory = false (default)
2019-07-14 16:42:27,296 INFO  server.RaftServerConfigKeys (ConfUtils.java:logGet(43)) - raft.server.log.purge.gap = 1000000000 (custom)
2019-07-14 16:42:27,296 INFO  server.RaftServerConfigKeys (ConfUtils.java:logGet(43)) - raft.server.log.purge.gap = 1000000000 (custom)
2019-07-14 16:42:27,297 INFO  server.RaftServerConfigKeys (ConfUtils.java:logGet(43)) - raft.server.log.appender.buffer.byte-limit = 33554432 (custom)
2019-07-14 16:42:27,296 INFO  server.RaftServerConfigKeys (ConfUtils.java:logGet(43)) - raft.server.log.use.memory = false (default)
2019-07-14 16:42:27,297 INFO  server.RaftServerConfigKeys (ConfUtils.java:logGet(43)) - raft.server.log.segment.size.max = 1048576 (custom)
2019-07-14 16:42:27,296 INFO  server.RaftServerConfigKeys (ConfUtils.java:logGet(43)) - raft.server.log.appender.buffer.byte-limit = 33554432 (custom)
2019-07-14 16:42:27,297 INFO  server.RaftServerConfigKeys (ConfUtils.java:logGet(43)) - raft.server.log.segment.cache.num.max = 2 (custom)
2019-07-14 16:42:27,297 INFO  server.RaftServerConfigKeys (ConfUtils.java:logGet(43)) - raft.server.log.purge.gap = 1000000000 (custom)
2019-07-14 16:42:27,297 INFO  segmented.SegmentedRaftLogWorker (SegmentedRaftLogWorker.java:<init>(172)) - new 9fd9e3e3-5262-496b-8df7-255f5916d7a3-SegmentedRaftLogWorker:Storage Directory /workdir/hadoop-ozone/integration-test/target/test-dir/MiniOzoneClusterImpl-8097b823-397b-4f28-adca-d7b431faadee/datanode-2/data/ratis/e048c973-63a2-4ef8-81a2-4658065892ad for RaftStorage:Storage Directory /workdir/hadoop-ozone/integration-test/target/test-dir/MiniOzoneClusterImpl-8097b823-397b-4f28-adca-d7b431faadee/datanode-2/data/ratis/e048c973-63a2-4ef8-81a2-4658065892ad
2019-07-14 16:42:27,297 INFO  server.RaftServerConfigKeys (ConfUtils.java:logGet(43)) - raft.server.log.segment.size.max = 1048576 (custom)
2019-07-14 16:42:27,298 INFO  server.RaftServerConfigKeys (ConfUtils.java:logGet(43)) - raft.server.log.queue.byte-limit = 2147483647 (custom)
2019-07-14 16:42:27,298 INFO  server.RaftServerConfigKeys (ConfUtils.java:logGet(43)) - raft.server.log.queue.element-limit = 1024 (custom)
2019-07-14 16:42:27,298 INFO  server.RaftServerConfigKeys (ConfUtils.java:logGet(43)) - raft.server.log.appender.buffer.byte-limit = 33554432 (custom)
2019-07-14 16:42:27,298 INFO  server.RaftServerConfigKeys (ConfUtils.java:logGet(43)) - raft.server.log.segment.size.max = 1048576 (custom)
2019-07-14 16:42:27,298 INFO  server.RaftServerConfigKeys (ConfUtils.java:logGet(43)) - raft.server.log.segment.cache.num.max = 2 (custom)
2019-07-14 16:42:27,299 INFO  server.RaftServerConfigKeys (ConfUtils.java:logGet(43)) - raft.server.log.preallocated.size = 16384 (custom)
2019-07-14 16:42:27,299 INFO  server.RaftServerConfigKeys (ConfUtils.java:logGet(43)) - raft.server.log.segment.size.max = 1048576 (custom)
2019-07-14 16:42:27,299 INFO  server.RaftServerConfigKeys (ConfUtils.java:logGet(43)) - raft.server.log.write.buffer.size = 33554432 (custom)
2019-07-14 16:42:27,299 INFO  server.RaftServerConfigKeys (ConfUtils.java:logGet(43)) - raft.server.log.force.sync.num = 128 (default)
2019-07-14 16:42:27,299 INFO  segmented.SegmentedRaftLogWorker (SegmentedRaftLogWorker.java:<init>(172)) - new 3cba4ce6-c4f5-4e1e-b7ad-40d7d1e29a4e-SegmentedRaftLogWorker:Storage Directory /workdir/hadoop-ozone/integration-test/target/test-dir/MiniOzoneClusterImpl-8097b823-397b-4f28-adca-d7b431faadee/datanode-1/data/ratis/e048c973-63a2-4ef8-81a2-4658065892ad for RaftStorage:Storage Directory /workdir/hadoop-ozone/integration-test/target/test-dir/MiniOzoneClusterImpl-8097b823-397b-4f28-adca-d7b431faadee/datanode-1/data/ratis/e048c973-63a2-4ef8-81a2-4658065892ad
2019-07-14 16:42:27,300 INFO  server.RaftServerConfigKeys (ConfUtils.java:logGet(43)) - raft.server.log.statemachine.data.sync = true (default)
2019-07-14 16:42:27,299 INFO  server.RaftServerConfigKeys (ConfUtils.java:logGet(43)) - raft.server.log.segment.cache.num.max = 2 (custom)
2019-07-14 16:42:27,300 INFO  server.RaftServerConfigKeys (ConfUtils.java:logGet(43)) - raft.server.log.statemachine.data.sync.timeout = 10s (default)
2019-07-14 16:42:27,300 INFO  server.RaftServerConfigKeys (ConfUtils.java:logGet(43)) - raft.server.log.queue.byte-limit = 2147483647 (custom)
2019-07-14 16:42:27,300 INFO  server.RaftServerConfigKeys (ConfUtils.java:logGet(43)) - raft.server.log.statemachine.data.sync.timeout.retry = -1 (default)
2019-07-14 16:42:27,300 INFO  segmented.SegmentedRaftLogWorker (SegmentedRaftLogWorker.java:<init>(172)) - new 9cd3a1db-b0fe-40bd-a539-64cc346e67f4-SegmentedRaftLogWorker:Storage Directory /workdir/hadoop-ozone/integration-test/target/test-dir/MiniOzoneClusterImpl-8097b823-397b-4f28-adca-d7b431faadee/datanode-0/data/ratis/e048c973-63a2-4ef8-81a2-4658065892ad for RaftStorage:Storage Directory /workdir/hadoop-ozone/integration-test/target/test-dir/MiniOzoneClusterImpl-8097b823-397b-4f28-adca-d7b431faadee/datanode-0/data/ratis/e048c973-63a2-4ef8-81a2-4658065892ad
2019-07-14 16:42:27,301 INFO  server.RaftServerConfigKeys (ConfUtils.java:logGet(43)) - raft.server.log.statemachine.data.caching.enabled = true (custom)
2019-07-14 16:42:27,300 INFO  server.RaftServerConfigKeys (ConfUtils.java:logGet(43)) - raft.server.log.queue.element-limit = 1024 (custom)
2019-07-14 16:42:27,301 INFO  server.RaftServerConfigKeys (ConfUtils.java:logGet(43)) - raft.server.log.queue.byte-limit = 2147483647 (custom)
2019-07-14 16:42:27,301 INFO  segmented.SegmentedRaftLogWorker (SegmentedRaftLogWorker.java:lambda$new$0(132)) - 9fd9e3e3-5262-496b-8df7-255f5916d7a3-SegmentedRaftLogWorker:Storage Directory /workdir/hadoop-ozone/integration-test/target/test-dir/MiniOzoneClusterImpl-8097b823-397b-4f28-adca-d7b431faadee/datanode-2/data/ratis/e048c973-63a2-4ef8-81a2-4658065892ad: flushIndex: setUnconditionally 0 -> -1
2019-07-14 16:42:27,301 INFO  server.RaftServerConfigKeys (ConfUtils.java:logGet(43)) - raft.server.log.segment.size.max = 1048576 (custom)
2019-07-14 16:42:27,301 INFO  server.RaftServerConfigKeys (ConfUtils.java:logGet(43)) - raft.server.log.queue.element-limit = 1024 (custom)
2019-07-14 16:42:27,302 INFO  server.RaftServerConfigKeys (ConfUtils.java:logGet(43)) - raft.server.snapshot.auto.trigger.enabled = true (custom)
2019-07-14 16:42:27,302 INFO  server.RaftServerConfigKeys (ConfUtils.java:logGet(43)) - raft.server.log.preallocated.size = 16384 (custom)
2019-07-14 16:42:27,302 INFO  server.RaftServerConfigKeys (ConfUtils.java:logGet(43)) - raft.server.snapshot.auto.trigger.threshold = 10000 (custom)
2019-07-14 16:42:27,302 INFO  server.RaftServerConfigKeys (ConfUtils.java:logGet(43)) - raft.server.log.segment.size.max = 1048576 (custom)
2019-07-14 16:42:27,303 INFO  server.RaftServerConfigKeys (ConfUtils.java:logGet(43)) - raft.server.retrycache.expirytime = 600000ms (custom)
2019-07-14 16:42:27,302 INFO  server.RaftServerConfigKeys (ConfUtils.java:logGet(43)) - raft.server.log.write.buffer.size = 33554432 (custom)
2019-07-14 16:42:27,303 INFO  impl.RaftServerImpl (RaftServerImpl.java:start(180)) - 9fd9e3e3-5262-496b-8df7-255f5916d7a3: start group-4658065892AD
2019-07-14 16:42:27,303 INFO  server.RaftServerConfigKeys (ConfUtils.java:logGet(43)) - raft.server.log.preallocated.size = 16384 (custom)
2019-07-14 16:42:27,303 INFO  impl.RaftServerImpl (RaftServerImpl.java:setRole(171)) - 9fd9e3e3-5262-496b-8df7-255f5916d7a3:group-4658065892AD changes role from null to FOLLOWER at term 0 for startAsFollower
2019-07-14 16:42:27,303 INFO  server.RaftServerConfigKeys (ConfUtils.java:logGet(43)) - raft.server.log.force.sync.num = 128 (default)
2019-07-14 16:42:27,303 INFO  impl.RoleInfo (RoleInfo.java:updateAndGet(143)) - 9fd9e3e3-5262-496b-8df7-255f5916d7a3: start FollowerState
2019-07-14 16:42:27,303 INFO  server.RaftServerConfigKeys (ConfUtils.java:logGet(43)) - raft.server.log.write.buffer.size = 33554432 (custom)
2019-07-14 16:42:27,304 INFO  server.RaftServerConfigKeys (ConfUtils.java:logGet(43)) - raft.server.log.statemachine.data.sync = true (default)
2019-07-14 16:42:27,304 INFO  server.RaftServerConfigKeys (ConfUtils.java:logGet(43)) - raft.server.log.force.sync.num = 128 (default)
2019-07-14 16:42:27,304 INFO  util.JmxRegister (JmxRegister.java:tryRegister(44)) - Successfully registered JMX Bean with object name Ratis:service=RaftServer,group=group-4658065892AD,id=9fd9e3e3-5262-496b-8df7-255f5916d7a3
2019-07-14 16:42:27,304 INFO  server.RaftServerConfigKeys (ConfUtils.java:logGet(43)) - raft.server.log.statemachine.data.sync.timeout = 10s (default)
2019-07-14 16:42:27,304 INFO  server.RaftServerConfigKeys (ConfUtils.java:logGet(43)) - raft.server.log.statemachine.data.sync = true (default)
2019-07-14 16:42:27,305 INFO  server.RaftServerConfigKeys (ConfUtils.java:logGet(43)) - raft.server.log.statemachine.data.sync.timeout.retry = -1 (default)
2019-07-14 16:42:27,305 INFO  server.RaftServerConfigKeys (ConfUtils.java:logGet(43)) - raft.server.log.statemachine.data.sync.timeout = 10s (default)
2019-07-14 16:42:27,305 INFO  server.RaftServerConfigKeys (ConfUtils.java:logGet(43)) - raft.server.log.statemachine.data.caching.enabled = true (custom)
2019-07-14 16:42:27,305 INFO  server.RaftServerConfigKeys (ConfUtils.java:logGet(43)) - raft.server.log.statemachine.data.sync.timeout.retry = -1 (default)
2019-07-14 16:42:27,305 INFO  segmented.SegmentedRaftLogWorker (SegmentedRaftLogWorker.java:lambda$new$0(132)) - 3cba4ce6-c4f5-4e1e-b7ad-40d7d1e29a4e-SegmentedRaftLogWorker:Storage Directory /workdir/hadoop-ozone/integration-test/target/test-dir/MiniOzoneClusterImpl-8097b823-397b-4f28-adca-d7b431faadee/datanode-1/data/ratis/e048c973-63a2-4ef8-81a2-4658065892ad: flushIndex: setUnconditionally 0 -> -1
2019-07-14 16:42:27,305 INFO  server.RaftServerConfigKeys (ConfUtils.java:logGet(43)) - raft.server.log.statemachine.data.caching.enabled = true (custom)
2019-07-14 16:42:27,306 INFO  server.RaftServerConfigKeys (ConfUtils.java:logGet(43)) - raft.server.snapshot.auto.trigger.enabled = true (custom)
2019-07-14 16:42:27,306 INFO  server.RaftServerConfigKeys (ConfUtils.java:logGet(43)) - raft.server.snapshot.auto.trigger.threshold = 10000 (custom)
2019-07-14 16:42:27,306 INFO  segmented.SegmentedRaftLogWorker (SegmentedRaftLogWorker.java:lambda$new$0(132)) - 9cd3a1db-b0fe-40bd-a539-64cc346e67f4-SegmentedRaftLogWorker:Storage Directory /workdir/hadoop-ozone/integration-test/target/test-dir/MiniOzoneClusterImpl-8097b823-397b-4f28-adca-d7b431faadee/datanode-0/data/ratis/e048c973-63a2-4ef8-81a2-4658065892ad: flushIndex: setUnconditionally 0 -> -1
2019-07-14 16:42:27,306 INFO  server.RaftServerConfigKeys (ConfUtils.java:logGet(43)) - raft.server.retrycache.expirytime = 600000ms (custom)
2019-07-14 16:42:27,306 INFO  impl.RaftServerImpl (RaftServerImpl.java:start(180)) - 3cba4ce6-c4f5-4e1e-b7ad-40d7d1e29a4e: start group-4658065892AD
2019-07-14 16:42:27,306 INFO  server.RaftServerConfigKeys (ConfUtils.java:logGet(43)) - raft.server.snapshot.auto.trigger.enabled = true (custom)
2019-07-14 16:42:27,306 INFO  impl.RaftServerImpl (RaftServerImpl.java:setRole(171)) - 3cba4ce6-c4f5-4e1e-b7ad-40d7d1e29a4e:group-4658065892AD changes role from null to FOLLOWER at term 0 for startAsFollower
2019-07-14 16:42:27,307 INFO  server.RaftServerConfigKeys (ConfUtils.java:logGet(43)) - raft.server.snapshot.auto.trigger.threshold = 10000 (custom)
2019-07-14 16:42:27,307 INFO  impl.RoleInfo (RoleInfo.java:updateAndGet(143)) - 3cba4ce6-c4f5-4e1e-b7ad-40d7d1e29a4e: start FollowerState
2019-07-14 16:42:27,307 INFO  server.RaftServerConfigKeys (ConfUtils.java:logGet(43)) - raft.server.retrycache.expirytime = 600000ms (custom)
2019-07-14 16:42:27,307 INFO  impl.RaftServerImpl (RaftServerImpl.java:start(180)) - 9cd3a1db-b0fe-40bd-a539-64cc346e67f4: start group-4658065892AD
2019-07-14 16:42:27,307 INFO  util.JmxRegister (JmxRegister.java:tryRegister(44)) - Successfully registered JMX Bean with object name Ratis:service=RaftServer,group=group-4658065892AD,id=3cba4ce6-c4f5-4e1e-b7ad-40d7d1e29a4e
2019-07-14 16:42:27,307 INFO  impl.RaftServerImpl (RaftServerImpl.java:setRole(171)) - 9cd3a1db-b0fe-40bd-a539-64cc346e67f4:group-4658065892AD changes role from null to FOLLOWER at term 0 for startAsFollower
2019-07-14 16:42:27,308 INFO  impl.RoleInfo (RoleInfo.java:updateAndGet(143)) - 9cd3a1db-b0fe-40bd-a539-64cc346e67f4: start FollowerState
2019-07-14 16:42:27,308 INFO  util.JmxRegister (JmxRegister.java:tryRegister(44)) - Successfully registered JMX Bean with object name Ratis:service=RaftServer,group=group-4658065892AD,id=9cd3a1db-b0fe-40bd-a539-64cc346e67f4
2019-07-14 16:42:27,312 INFO  pipeline.PipelineStateManager (PipelineStateManager.java:addPipeline(56)) - Created pipeline Pipeline[ Id: e048c973-63a2-4ef8-81a2-4658065892ad, Nodes: 3cba4ce6-c4f5-4e1e-b7ad-40d7d1e29a4e{ip: 192.168.69.77, host: pr-hdds-1710-5x6jb-1204890111, networkLocation: /default-rack, certSerialId: null}9cd3a1db-b0fe-40bd-a539-64cc346e67f4{ip: 192.168.69.77, host: pr-hdds-1710-5x6jb-1204890111, networkLocation: /default-rack, certSerialId: null}9fd9e3e3-5262-496b-8df7-255f5916d7a3{ip: 192.168.69.77, host: pr-hdds-1710-5x6jb-1204890111, networkLocation: /default-rack, certSerialId: null}, Type:RATIS, Factor:THREE, State:OPEN]
2019-07-14 16:42:27,449 INFO  node.SCMNodeManager (SCMNodeManager.java:register(269)) - Registered Data node : 8d37726f-b13e-4a32-b323-1c7a6d08d96c{ip: 192.168.69.77, host: pr-hdds-1710-5x6jb-1204890111, networkLocation: /default-rack, certSerialId: null}
2019-07-14 16:42:27,467 INFO  impl.RaftServerProxy (RaftServerProxy.java:addNew(89)) - 8d37726f-b13e-4a32-b323-1c7a6d08d96c: addNew group-8C8FCEDE04D7:[8d37726f-b13e-4a32-b323-1c7a6d08d96c:192.168.69.77:35063] returns group-8C8FCEDE04D7:java.util.concurrent.CompletableFuture@55c38bbe[Not completed]
2019-07-14 16:42:27,468 INFO  impl.RaftServerImpl (RaftServerImpl.java:<init>(93)) - 8d37726f-b13e-4a32-b323-1c7a6d08d96c: new RaftServerImpl for group-8C8FCEDE04D7:[8d37726f-b13e-4a32-b323-1c7a6d08d96c:192.168.69.77:35063] with ContainerStateMachine:uninitialized
2019-07-14 16:42:27,469 INFO  server.RaftServerConfigKeys (ConfUtils.java:logGet(43)) - raft.server.rpc.timeout.min = 5s (custom)
2019-07-14 16:42:27,469 INFO  server.RaftServerConfigKeys (ConfUtils.java:logGet(43)) - raft.server.rpc.timeout.max = 5200ms (custom)
2019-07-14 16:42:27,469 INFO  server.RaftServerConfigKeys (ConfUtils.java:logGet(43)) - raft.server.rpcslowness.timeout = 120s (custom)
2019-07-14 16:42:27,469 INFO  server.RaftServerConfigKeys (ConfUtils.java:logGet(43)) - raft.server.sleep.deviation.threshold = 300 (default)
2019-07-14 16:42:27,469 INFO  server.RaftServerConfigKeys (ConfUtils.java:logGet(43)) - raft.server.log.appender.install.snapshot.enabled = false (custom)
2019-07-14 16:42:27,469 INFO  impl.RaftServerImpl (ServerState.java:<init>(105)) - 8d37726f-b13e-4a32-b323-1c7a6d08d96c:group-8C8FCEDE04D7 ConfigurationManager, init=-1: [8d37726f-b13e-4a32-b323-1c7a6d08d96c:192.168.69.77:35063], old=null, confs=<EMPTY_MAP>
2019-07-14 16:42:27,470 INFO  server.RaftServerConfigKeys (ConfUtils.java:logGet(43)) - raft.server.storage.dir = [/workdir/hadoop-ozone/integration-test/target/test-dir/MiniOzoneClusterImpl-8097b823-397b-4f28-adca-d7b431faadee/datanode-3/data/ratis] (custom)
2019-07-14 16:42:27,470 INFO  storage.RaftStorageDirectory (RaftStorageDirectory.java:analyzeStorage(246)) - The storage directory /workdir/hadoop-ozone/integration-test/target/test-dir/MiniOzoneClusterImpl-8097b823-397b-4f28-adca-d7b431faadee/datanode-3/data/ratis/adbffbcf-8dec-40cc-a4b4-8c8fcede04d7 does not exist. Creating ...
2019-07-14 16:42:27,483 INFO  storage.RaftStorageDirectory (RaftStorageDirectory.java:tryLock(328)) - Lock on /workdir/hadoop-ozone/integration-test/target/test-dir/MiniOzoneClusterImpl-8097b823-397b-4f28-adca-d7b431faadee/datanode-3/data/ratis/adbffbcf-8dec-40cc-a4b4-8c8fcede04d7/in_use.lock acquired by nodename 7323@pr-hdds-1710-5x6jb-1204890111
2019-07-14 16:42:27,496 INFO  storage.RaftStorage (RaftStorage.java:format(72)) - Storage directory /workdir/hadoop-ozone/integration-test/target/test-dir/MiniOzoneClusterImpl-8097b823-397b-4f28-adca-d7b431faadee/datanode-3/data/ratis/adbffbcf-8dec-40cc-a4b4-8c8fcede04d7 has been successfully formatted.
2019-07-14 16:42:27,497 INFO  ratis.ContainerStateMachine (ContainerStateMachine.java:loadSnapshot(200)) - The snapshot info is null.Setting the last applied index to:(t:0, i:~)
2019-07-14 16:42:27,497 INFO  server.RaftServerConfigKeys (ConfUtils.java:logGet(43)) - raft.server.leader.election.timeout = 120s (custom)
2019-07-14 16:42:27,497 INFO  server.RaftServerConfigKeys (ConfUtils.java:logGet(43)) - raft.server.log.use.memory = false (default)
2019-07-14 16:42:27,497 INFO  server.RaftServerConfigKeys (ConfUtils.java:logGet(43)) - raft.server.log.purge.gap = 1000000000 (custom)
2019-07-14 16:42:27,497 INFO  server.RaftServerConfigKeys (ConfUtils.java:logGet(43)) - raft.server.log.appender.buffer.byte-limit = 33554432 (custom)
2019-07-14 16:42:27,497 INFO  server.RaftServerConfigKeys (ConfUtils.java:logGet(43)) - raft.server.log.segment.size.max = 1048576 (custom)
2019-07-14 16:42:27,498 INFO  server.RaftServerConfigKeys (ConfUtils.java:logGet(43)) - raft.server.log.segment.cache.num.max = 2 (custom)
2019-07-14 16:42:27,498 INFO  segmented.SegmentedRaftLogWorker (SegmentedRaftLogWorker.java:<init>(172)) - new 8d37726f-b13e-4a32-b323-1c7a6d08d96c-SegmentedRaftLogWorker:Storage Directory /workdir/hadoop-ozone/integration-test/target/test-dir/MiniOzoneClusterImpl-8097b823-397b-4f28-adca-d7b431faadee/datanode-3/data/ratis/adbffbcf-8dec-40cc-a4b4-8c8fcede04d7 for RaftStorage:Storage Directory /workdir/hadoop-ozone/integration-test/target/test-dir/MiniOzoneClusterImpl-8097b823-397b-4f28-adca-d7b431faadee/datanode-3/data/ratis/adbffbcf-8dec-40cc-a4b4-8c8fcede04d7
2019-07-14 16:42:27,498 INFO  server.RaftServerConfigKeys (ConfUtils.java:logGet(43)) - raft.server.log.queue.byte-limit = 2147483647 (custom)
2019-07-14 16:42:27,498 INFO  server.RaftServerConfigKeys (ConfUtils.java:logGet(43)) - raft.server.log.queue.element-limit = 1024 (custom)
2019-07-14 16:42:27,498 INFO  server.RaftServerConfigKeys (ConfUtils.java:logGet(43)) - raft.server.log.segment.size.max = 1048576 (custom)
2019-07-14 16:42:27,499 INFO  server.RaftServerConfigKeys (ConfUtils.java:logGet(43)) - raft.server.log.preallocated.size = 16384 (custom)
2019-07-14 16:42:27,499 INFO  server.RaftServerConfigKeys (ConfUtils.java:logGet(43)) - raft.server.log.write.buffer.size = 33554432 (custom)
2019-07-14 16:42:27,499 INFO  server.RaftServerConfigKeys (ConfUtils.java:logGet(43)) - raft.server.log.force.sync.num = 128 (default)
2019-07-14 16:42:27,499 INFO  server.RaftServerConfigKeys (ConfUtils.java:logGet(43)) - raft.server.log.statemachine.data.sync = true (default)
2019-07-14 16:42:27,499 INFO  server.RaftServerConfigKeys (ConfUtils.java:logGet(43)) - raft.server.log.statemachine.data.sync.timeout = 10s (default)
2019-07-14 16:42:27,499 INFO  server.RaftServerConfigKeys (ConfUtils.java:logGet(43)) - raft.server.log.statemachine.data.sync.timeout.retry = -1 (default)
2019-07-14 16:42:27,500 INFO  server.RaftServerConfigKeys (ConfUtils.java:logGet(43)) - raft.server.log.statemachine.data.caching.enabled = true (custom)
2019-07-14 16:42:27,500 INFO  segmented.SegmentedRaftLogWorker (SegmentedRaftLogWorker.java:lambda$new$0(132)) - 8d37726f-b13e-4a32-b323-1c7a6d08d96c-SegmentedRaftLogWorker:Storage Directory /workdir/hadoop-ozone/integration-test/target/test-dir/MiniOzoneClusterImpl-8097b823-397b-4f28-adca-d7b431faadee/datanode-3/data/ratis/adbffbcf-8dec-40cc-a4b4-8c8fcede04d7: flushIndex: setUnconditionally 0 -> -1
2019-07-14 16:42:27,500 INFO  server.RaftServerConfigKeys (ConfUtils.java:logGet(43)) - raft.server.snapshot.auto.trigger.enabled = true (custom)
2019-07-14 16:42:27,501 INFO  server.RaftServerConfigKeys (ConfUtils.java:logGet(43)) - raft.server.snapshot.auto.trigger.threshold = 10000 (custom)
2019-07-14 16:42:27,501 INFO  server.RaftServerConfigKeys (ConfUtils.java:logGet(43)) - raft.server.retrycache.expirytime = 600000ms (custom)
2019-07-14 16:42:27,501 INFO  impl.RaftServerImpl (RaftServerImpl.java:start(180)) - 8d37726f-b13e-4a32-b323-1c7a6d08d96c: start group-8C8FCEDE04D7
2019-07-14 16:42:27,501 INFO  impl.RaftServerImpl (RaftServerImpl.java:setRole(171)) - 8d37726f-b13e-4a32-b323-1c7a6d08d96c:group-8C8FCEDE04D7 changes role from null to FOLLOWER at term 0 for startAsFollower
2019-07-14 16:42:27,501 INFO  impl.RoleInfo (RoleInfo.java:updateAndGet(143)) - 8d37726f-b13e-4a32-b323-1c7a6d08d96c: start FollowerState
2019-07-14 16:42:27,502 INFO  util.JmxRegister (JmxRegister.java:tryRegister(44)) - Successfully registered JMX Bean with object name Ratis:service=RaftServer,group=group-8C8FCEDE04D7,id=8d37726f-b13e-4a32-b323-1c7a6d08d96c
2019-07-14 16:42:27,504 INFO  pipeline.PipelineStateManager (PipelineStateManager.java:addPipeline(56)) - Created pipeline Pipeline[ Id: adbffbcf-8dec-40cc-a4b4-8c8fcede04d7, Nodes: 8d37726f-b13e-4a32-b323-1c7a6d08d96c{ip: 192.168.69.77, host: pr-hdds-1710-5x6jb-1204890111, networkLocation: /default-rack, certSerialId: null}, Type:RATIS, Factor:ONE, State:OPEN]
2019-07-14 16:42:27,729 INFO  node.SCMNodeManager (SCMNodeManager.java:register(269)) - Registered Data node : 714029a6-fd27-4dc8-92a6-e871964dec37{ip: 192.168.69.77, host: pr-hdds-1710-5x6jb-1204890111, networkLocation: /default-rack, certSerialId: null}
2019-07-14 16:42:27,743 INFO  impl.RaftServerProxy (RaftServerProxy.java:addNew(89)) - 714029a6-fd27-4dc8-92a6-e871964dec37: addNew group-BD17D6A20FC9:[714029a6-fd27-4dc8-92a6-e871964dec37:192.168.69.77:43293] returns group-BD17D6A20FC9:java.util.concurrent.CompletableFuture@675149bd[Not completed]
2019-07-14 16:42:27,744 INFO  impl.RaftServerImpl (RaftServerImpl.java:<init>(93)) - 714029a6-fd27-4dc8-92a6-e871964dec37: new RaftServerImpl for group-BD17D6A20FC9:[714029a6-fd27-4dc8-92a6-e871964dec37:192.168.69.77:43293] with ContainerStateMachine:uninitialized
2019-07-14 16:42:27,744 INFO  server.RaftServerConfigKeys (ConfUtils.java:logGet(43)) - raft.server.rpc.timeout.min = 5s (custom)
2019-07-14 16:42:27,744 INFO  server.RaftServerConfigKeys (ConfUtils.java:logGet(43)) - raft.server.rpc.timeout.max = 5200ms (custom)
2019-07-14 16:42:27,745 INFO  server.RaftServerConfigKeys (ConfUtils.java:logGet(43)) - raft.server.rpcslowness.timeout = 120s (custom)
2019-07-14 16:42:27,745 INFO  server.RaftServerConfigKeys (ConfUtils.java:logGet(43)) - raft.server.sleep.deviation.threshold = 300 (default)
2019-07-14 16:42:27,745 INFO  server.RaftServerConfigKeys (ConfUtils.java:logGet(43)) - raft.server.log.appender.install.snapshot.enabled = false (custom)
2019-07-14 16:42:27,745 INFO  impl.RaftServerImpl (ServerState.java:<init>(105)) - 714029a6-fd27-4dc8-92a6-e871964dec37:group-BD17D6A20FC9 ConfigurationManager, init=-1: [714029a6-fd27-4dc8-92a6-e871964dec37:192.168.69.77:43293], old=null, confs=<EMPTY_MAP>
2019-07-14 16:42:27,745 INFO  server.RaftServerConfigKeys (ConfUtils.java:logGet(43)) - raft.server.storage.dir = [/workdir/hadoop-ozone/integration-test/target/test-dir/MiniOzoneClusterImpl-8097b823-397b-4f28-adca-d7b431faadee/datanode-4/data/ratis] (custom)
2019-07-14 16:42:27,746 INFO  storage.RaftStorageDirectory (RaftStorageDirectory.java:analyzeStorage(246)) - The storage directory /workdir/hadoop-ozone/integration-test/target/test-dir/MiniOzoneClusterImpl-8097b823-397b-4f28-adca-d7b431faadee/datanode-4/data/ratis/aa5cd0cb-d2bd-4305-9789-bd17d6a20fc9 does not exist. Creating ...
2019-07-14 16:42:27,764 INFO  storage.RaftStorageDirectory (RaftStorageDirectory.java:tryLock(328)) - Lock on /workdir/hadoop-ozone/integration-test/target/test-dir/MiniOzoneClusterImpl-8097b823-397b-4f28-adca-d7b431faadee/datanode-4/data/ratis/aa5cd0cb-d2bd-4305-9789-bd17d6a20fc9/in_use.lock acquired by nodename 7323@pr-hdds-1710-5x6jb-1204890111
2019-07-14 16:42:27,778 INFO  storage.RaftStorage (RaftStorage.java:format(72)) - Storage directory /workdir/hadoop-ozone/integration-test/target/test-dir/MiniOzoneClusterImpl-8097b823-397b-4f28-adca-d7b431faadee/datanode-4/data/ratis/aa5cd0cb-d2bd-4305-9789-bd17d6a20fc9 has been successfully formatted.
2019-07-14 16:42:27,779 INFO  ratis.ContainerStateMachine (ContainerStateMachine.java:loadSnapshot(200)) - The snapshot info is null.Setting the last applied index to:(t:0, i:~)
2019-07-14 16:42:27,779 INFO  server.RaftServerConfigKeys (ConfUtils.java:logGet(43)) - raft.server.leader.election.timeout = 120s (custom)
2019-07-14 16:42:27,779 INFO  server.RaftServerConfigKeys (ConfUtils.java:logGet(43)) - raft.server.log.use.memory = false (default)
2019-07-14 16:42:27,779 INFO  server.RaftServerConfigKeys (ConfUtils.java:logGet(43)) - raft.server.log.purge.gap = 1000000000 (custom)
2019-07-14 16:42:27,780 INFO  server.RaftServerConfigKeys (ConfUtils.java:logGet(43)) - raft.server.log.appender.buffer.byte-limit = 33554432 (custom)
2019-07-14 16:42:27,780 INFO  server.RaftServerConfigKeys (ConfUtils.java:logGet(43)) - raft.server.log.segment.size.max = 1048576 (custom)
2019-07-14 16:42:27,780 INFO  server.RaftServerConfigKeys (ConfUtils.java:logGet(43)) - raft.server.log.segment.cache.num.max = 2 (custom)
2019-07-14 16:42:27,780 INFO  segmented.SegmentedRaftLogWorker (SegmentedRaftLogWorker.java:<init>(172)) - new 714029a6-fd27-4dc8-92a6-e871964dec37-SegmentedRaftLogWorker:Storage Directory /workdir/hadoop-ozone/integration-test/target/test-dir/MiniOzoneClusterImpl-8097b823-397b-4f28-adca-d7b431faadee/datanode-4/data/ratis/aa5cd0cb-d2bd-4305-9789-bd17d6a20fc9 for RaftStorage:Storage Directory /workdir/hadoop-ozone/integration-test/target/test-dir/MiniOzoneClusterImpl-8097b823-397b-4f28-adca-d7b431faadee/datanode-4/data/ratis/aa5cd0cb-d2bd-4305-9789-bd17d6a20fc9
2019-07-14 16:42:27,781 INFO  server.RaftServerConfigKeys (ConfUtils.java:logGet(43)) - raft.server.log.queue.byte-limit = 2147483647 (custom)
2019-07-14 16:42:27,781 INFO  server.RaftServerConfigKeys (ConfUtils.java:logGet(43)) - raft.server.log.queue.element-limit = 1024 (custom)
2019-07-14 16:42:27,781 INFO  server.RaftServerConfigKeys (ConfUtils.java:logGet(43)) - raft.server.log.segment.size.max = 1048576 (custom)
2019-07-14 16:42:27,781 INFO  server.RaftServerConfigKeys (ConfUtils.java:logGet(43)) - raft.server.log.preallocated.size = 16384 (custom)
2019-07-14 16:42:27,781 INFO  server.RaftServerConfigKeys (ConfUtils.java:logGet(43)) - raft.server.log.write.buffer.size = 33554432 (custom)
2019-07-14 16:42:27,782 INFO  server.RaftServerConfigKeys (ConfUtils.java:logGet(43)) - raft.server.log.force.sync.num = 128 (default)
2019-07-14 16:42:27,782 INFO  server.RaftServerConfigKeys (ConfUtils.java:logGet(43)) - raft.server.log.statemachine.data.sync = true (default)
2019-07-14 16:42:27,782 INFO  server.RaftServerConfigKeys (ConfUtils.java:logGet(43)) - raft.server.log.statemachine.data.sync.timeout = 10s (default)
2019-07-14 16:42:27,782 INFO  server.RaftServerConfigKeys (ConfUtils.java:logGet(43)) - raft.server.log.statemachine.data.sync.timeout.retry = -1 (default)
2019-07-14 16:42:27,783 INFO  server.RaftServerConfigKeys (ConfUtils.java:logGet(43)) - raft.server.log.statemachine.data.caching.enabled = true (custom)
2019-07-14 16:42:27,783 INFO  segmented.SegmentedRaftLogWorker (SegmentedRaftLogWorker.java:lambda$new$0(132)) - 714029a6-fd27-4dc8-92a6-e871964dec37-SegmentedRaftLogWorker:Storage Directory /workdir/hadoop-ozone/integration-test/target/test-dir/MiniOzoneClusterImpl-8097b823-397b-4f28-adca-d7b431faadee/datanode-4/data/ratis/aa5cd0cb-d2bd-4305-9789-bd17d6a20fc9: flushIndex: setUnconditionally 0 -> -1
2019-07-14 16:42:27,783 INFO  server.RaftServerConfigKeys (ConfUtils.java:logGet(43)) - raft.server.snapshot.auto.trigger.enabled = true (custom)
2019-07-14 16:42:27,784 INFO  server.RaftServerConfigKeys (ConfUtils.java:logGet(43)) - raft.server.snapshot.auto.trigger.threshold = 10000 (custom)
2019-07-14 16:42:27,784 INFO  server.RaftServerConfigKeys (ConfUtils.java:logGet(43)) - raft.server.retrycache.expirytime = 600000ms (custom)
2019-07-14 16:42:27,784 INFO  impl.RaftServerImpl (RaftServerImpl.java:start(180)) - 714029a6-fd27-4dc8-92a6-e871964dec37: start group-BD17D6A20FC9
2019-07-14 16:42:27,784 INFO  impl.RaftServerImpl (RaftServerImpl.java:setRole(171)) - 714029a6-fd27-4dc8-92a6-e871964dec37:group-BD17D6A20FC9 changes role from null to FOLLOWER at term 0 for startAsFollower
2019-07-14 16:42:27,784 INFO  impl.RoleInfo (RoleInfo.java:updateAndGet(143)) - 714029a6-fd27-4dc8-92a6-e871964dec37: start FollowerState
2019-07-14 16:42:27,785 INFO  util.JmxRegister (JmxRegister.java:tryRegister(44)) - Successfully registered JMX Bean with object name Ratis:service=RaftServer,group=group-BD17D6A20FC9,id=714029a6-fd27-4dc8-92a6-e871964dec37
2019-07-14 16:42:27,788 INFO  pipeline.PipelineStateManager (PipelineStateManager.java:addPipeline(56)) - Created pipeline Pipeline[ Id: aa5cd0cb-d2bd-4305-9789-bd17d6a20fc9, Nodes: 714029a6-fd27-4dc8-92a6-e871964dec37{ip: 192.168.69.77, host: pr-hdds-1710-5x6jb-1204890111, networkLocation: /default-rack, certSerialId: null}, Type:RATIS, Factor:ONE, State:OPEN]
2019-07-14 16:42:28,010 INFO  node.SCMNodeManager (SCMNodeManager.java:register(269)) - Registered Data node : 9696ff71-dd4a-4a33-9139-8e8effbb68fa{ip: 192.168.69.77, host: pr-hdds-1710-5x6jb-1204890111, networkLocation: /default-rack, certSerialId: null}
2019-07-14 16:42:28,034 INFO  impl.RaftServerProxy (RaftServerProxy.java:addNew(89)) - 9696ff71-dd4a-4a33-9139-8e8effbb68fa: addNew group-92E9173BFB7B:[9696ff71-dd4a-4a33-9139-8e8effbb68fa:192.168.69.77:36114] returns group-92E9173BFB7B:java.util.concurrent.CompletableFuture@21028e8c[Not completed]
2019-07-14 16:42:28,035 INFO  impl.RaftServerImpl (RaftServerImpl.java:<init>(93)) - 9696ff71-dd4a-4a33-9139-8e8effbb68fa: new RaftServerImpl for group-92E9173BFB7B:[9696ff71-dd4a-4a33-9139-8e8effbb68fa:192.168.69.77:36114] with ContainerStateMachine:uninitialized
2019-07-14 16:42:28,035 INFO  server.RaftServerConfigKeys (ConfUtils.java:logGet(43)) - raft.server.rpc.timeout.min = 5s (custom)
2019-07-14 16:42:28,035 INFO  server.RaftServerConfigKeys (ConfUtils.java:logGet(43)) - raft.server.rpc.timeout.max = 5200ms (custom)
2019-07-14 16:42:28,036 INFO  server.RaftServerConfigKeys (ConfUtils.java:logGet(43)) - raft.server.rpcslowness.timeout = 120s (custom)
2019-07-14 16:42:28,036 INFO  server.RaftServerConfigKeys (ConfUtils.java:logGet(43)) - raft.server.sleep.deviation.threshold = 300 (default)
2019-07-14 16:42:28,036 INFO  server.RaftServerConfigKeys (ConfUtils.java:logGet(43)) - raft.server.log.appender.install.snapshot.enabled = false (custom)
2019-07-14 16:42:28,036 INFO  impl.RaftServerImpl (ServerState.java:<init>(105)) - 9696ff71-dd4a-4a33-9139-8e8effbb68fa:group-92E9173BFB7B ConfigurationManager, init=-1: [9696ff71-dd4a-4a33-9139-8e8effbb68fa:192.168.69.77:36114], old=null, confs=<EMPTY_MAP>
2019-07-14 16:42:28,036 INFO  server.RaftServerConfigKeys (ConfUtils.java:logGet(43)) - raft.server.storage.dir = [/workdir/hadoop-ozone/integration-test/target/test-dir/MiniOzoneClusterImpl-8097b823-397b-4f28-adca-d7b431faadee/datanode-5/data/ratis] (custom)
2019-07-14 16:42:28,037 INFO  storage.RaftStorageDirectory (RaftStorageDirectory.java:analyzeStorage(246)) - The storage directory /workdir/hadoop-ozone/integration-test/target/test-dir/MiniOzoneClusterImpl-8097b823-397b-4f28-adca-d7b431faadee/datanode-5/data/ratis/af4115e5-1b43-47bf-b5d5-92e9173bfb7b does not exist. Creating ...
2019-07-14 16:42:28,051 INFO  storage.RaftStorageDirectory (RaftStorageDirectory.java:tryLock(328)) - Lock on /workdir/hadoop-ozone/integration-test/target/test-dir/MiniOzoneClusterImpl-8097b823-397b-4f28-adca-d7b431faadee/datanode-5/data/ratis/af4115e5-1b43-47bf-b5d5-92e9173bfb7b/in_use.lock acquired by nodename 7323@pr-hdds-1710-5x6jb-1204890111
2019-07-14 16:42:28,081 INFO  storage.RaftStorage (RaftStorage.java:format(72)) - Storage directory /workdir/hadoop-ozone/integration-test/target/test-dir/MiniOzoneClusterImpl-8097b823-397b-4f28-adca-d7b431faadee/datanode-5/data/ratis/af4115e5-1b43-47bf-b5d5-92e9173bfb7b has been successfully formatted.
2019-07-14 16:42:28,082 INFO  ratis.ContainerStateMachine (ContainerStateMachine.java:loadSnapshot(200)) - The snapshot info is null.Setting the last applied index to:(t:0, i:~)
2019-07-14 16:42:28,082 INFO  server.RaftServerConfigKeys (ConfUtils.java:logGet(43)) - raft.server.leader.election.timeout = 120s (custom)
2019-07-14 16:42:28,082 INFO  server.RaftServerConfigKeys (ConfUtils.java:logGet(43)) - raft.server.log.use.memory = false (default)
2019-07-14 16:42:28,082 INFO  server.RaftServerConfigKeys (ConfUtils.java:logGet(43)) - raft.server.log.purge.gap = 1000000000 (custom)
2019-07-14 16:42:28,082 INFO  server.RaftServerConfigKeys (ConfUtils.java:logGet(43)) - raft.server.log.appender.buffer.byte-limit = 33554432 (custom)
2019-07-14 16:42:28,083 INFO  server.RaftServerConfigKeys (ConfUtils.java:logGet(43)) - raft.server.log.segment.size.max = 1048576 (custom)
2019-07-14 16:42:28,083 INFO  server.RaftServerConfigKeys (ConfUtils.java:logGet(43)) - raft.server.log.segment.cache.num.max = 2 (custom)
2019-07-14 16:42:28,083 INFO  segmented.SegmentedRaftLogWorker (SegmentedRaftLogWorker.java:<init>(172)) - new 9696ff71-dd4a-4a33-9139-8e8effbb68fa-SegmentedRaftLogWorker:Storage Directory /workdir/hadoop-ozone/integration-test/target/test-dir/MiniOzoneClusterImpl-8097b823-397b-4f28-adca-d7b431faadee/datanode-5/data/ratis/af4115e5-1b43-47bf-b5d5-92e9173bfb7b for RaftStorage:Storage Directory /workdir/hadoop-ozone/integration-test/target/test-dir/MiniOzoneClusterImpl-8097b823-397b-4f28-adca-d7b431faadee/datanode-5/data/ratis/af4115e5-1b43-47bf-b5d5-92e9173bfb7b
2019-07-14 16:42:28,083 INFO  server.RaftServerConfigKeys (ConfUtils.java:logGet(43)) - raft.server.log.queue.byte-limit = 2147483647 (custom)
2019-07-14 16:42:28,083 INFO  server.RaftServerConfigKeys (ConfUtils.java:logGet(43)) - raft.server.log.queue.element-limit = 1024 (custom)
2019-07-14 16:42:28,084 INFO  server.RaftServerConfigKeys (ConfUtils.java:logGet(43)) - raft.server.log.segment.size.max = 1048576 (custom)
2019-07-14 16:42:28,084 INFO  server.RaftServerConfigKeys (ConfUtils.java:logGet(43)) - raft.server.log.preallocated.size = 16384 (custom)
2019-07-14 16:42:28,084 INFO  server.RaftServerConfigKeys (ConfUtils.java:logGet(43)) - raft.server.log.write.buffer.size = 33554432 (custom)
2019-07-14 16:42:28,084 INFO  server.RaftServerConfigKeys (ConfUtils.java:logGet(43)) - raft.server.log.force.sync.num = 128 (default)
2019-07-14 16:42:28,084 INFO  server.RaftServerConfigKeys (ConfUtils.java:logGet(43)) - raft.server.log.statemachine.data.sync = true (default)
2019-07-14 16:42:28,084 INFO  server.RaftServerConfigKeys (ConfUtils.java:logGet(43)) - raft.server.log.statemachine.data.sync.timeout = 10s (default)
2019-07-14 16:42:28,084 INFO  server.RaftServerConfigKeys (ConfUtils.java:logGet(43)) - raft.server.log.statemachine.data.sync.timeout.retry = -1 (default)
2019-07-14 16:42:28,085 INFO  server.RaftServerConfigKeys (ConfUtils.java:logGet(43)) - raft.server.log.statemachine.data.caching.enabled = true (custom)
2019-07-14 16:42:28,085 INFO  segmented.SegmentedRaftLogWorker (SegmentedRaftLogWorker.java:lambda$new$0(132)) - 9696ff71-dd4a-4a33-9139-8e8effbb68fa-SegmentedRaftLogWorker:Storage Directory /workdir/hadoop-ozone/integration-test/target/test-dir/MiniOzoneClusterImpl-8097b823-397b-4f28-adca-d7b431faadee/datanode-5/data/ratis/af4115e5-1b43-47bf-b5d5-92e9173bfb7b: flushIndex: setUnconditionally 0 -> -1
2019-07-14 16:42:28,085 INFO  server.RaftServerConfigKeys (ConfUtils.java:logGet(43)) - raft.server.snapshot.auto.trigger.enabled = true (custom)
2019-07-14 16:42:28,085 INFO  server.RaftServerConfigKeys (ConfUtils.java:logGet(43)) - raft.server.snapshot.auto.trigger.threshold = 10000 (custom)
2019-07-14 16:42:28,086 INFO  server.RaftServerConfigKeys (ConfUtils.java:logGet(43)) - raft.server.retrycache.expirytime = 600000ms (custom)
2019-07-14 16:42:28,086 INFO  impl.RaftServerImpl (RaftServerImpl.java:start(180)) - 9696ff71-dd4a-4a33-9139-8e8effbb68fa: start group-92E9173BFB7B
2019-07-14 16:42:28,086 INFO  impl.RaftServerImpl (RaftServerImpl.java:setRole(171)) - 9696ff71-dd4a-4a33-9139-8e8effbb68fa:group-92E9173BFB7B changes role from null to FOLLOWER at term 0 for startAsFollower
2019-07-14 16:42:28,086 INFO  impl.RoleInfo (RoleInfo.java:updateAndGet(143)) - 9696ff71-dd4a-4a33-9139-8e8effbb68fa: start FollowerState
2019-07-14 16:42:28,087 INFO  util.JmxRegister (JmxRegister.java:tryRegister(44)) - Successfully registered JMX Bean with object name Ratis:service=RaftServer,group=group-92E9173BFB7B,id=9696ff71-dd4a-4a33-9139-8e8effbb68fa
2019-07-14 16:42:28,089 INFO  pipeline.PipelineStateManager (PipelineStateManager.java:addPipeline(56)) - Created pipeline Pipeline[ Id: af4115e5-1b43-47bf-b5d5-92e9173bfb7b, Nodes: 9696ff71-dd4a-4a33-9139-8e8effbb68fa{ip: 192.168.69.77, host: pr-hdds-1710-5x6jb-1204890111, networkLocation: /default-rack, certSerialId: null}, Type:RATIS, Factor:ONE, State:OPEN]
2019-07-14 16:42:28,112 INFO  impl.RaftServerProxy (RaftServerProxy.java:addNew(89)) - 9696ff71-dd4a-4a33-9139-8e8effbb68fa: addNew group-7C5BD848CA3E:[8d37726f-b13e-4a32-b323-1c7a6d08d96c:192.168.69.77:35063, 9696ff71-dd4a-4a33-9139-8e8effbb68fa:192.168.69.77:36114, 714029a6-fd27-4dc8-92a6-e871964dec37:192.168.69.77:43293] returns group-7C5BD848CA3E:java.util.concurrent.CompletableFuture@7d4e1c61[Not completed]
2019-07-14 16:42:28,112 INFO  impl.RaftServerProxy (RaftServerProxy.java:addNew(89)) - 8d37726f-b13e-4a32-b323-1c7a6d08d96c: addNew group-7C5BD848CA3E:[8d37726f-b13e-4a32-b323-1c7a6d08d96c:192.168.69.77:35063, 9696ff71-dd4a-4a33-9139-8e8effbb68fa:192.168.69.77:36114, 714029a6-fd27-4dc8-92a6-e871964dec37:192.168.69.77:43293] returns group-7C5BD848CA3E:java.util.concurrent.CompletableFuture@576a9c8c[Not completed]
2019-07-14 16:42:28,113 INFO  impl.RaftServerProxy (RaftServerProxy.java:addNew(89)) - 714029a6-fd27-4dc8-92a6-e871964dec37: addNew group-7C5BD848CA3E:[8d37726f-b13e-4a32-b323-1c7a6d08d96c:192.168.69.77:35063, 9696ff71-dd4a-4a33-9139-8e8effbb68fa:192.168.69.77:36114, 714029a6-fd27-4dc8-92a6-e871964dec37:192.168.69.77:43293] returns group-7C5BD848CA3E:java.util.concurrent.CompletableFuture@1462453f[Not completed]
2019-07-14 16:42:28,114 INFO  impl.RaftServerImpl (RaftServerImpl.java:<init>(93)) - 9696ff71-dd4a-4a33-9139-8e8effbb68fa: new RaftServerImpl for group-7C5BD848CA3E:[8d37726f-b13e-4a32-b323-1c7a6d08d96c:192.168.69.77:35063, 9696ff71-dd4a-4a33-9139-8e8effbb68fa:192.168.69.77:36114, 714029a6-fd27-4dc8-92a6-e871964dec37:192.168.69.77:43293] with ContainerStateMachine:uninitialized
2019-07-14 16:42:28,114 INFO  server.RaftServerConfigKeys (ConfUtils.java:logGet(43)) - raft.server.rpc.timeout.min = 5s (custom)
2019-07-14 16:42:28,114 INFO  server.RaftServerConfigKeys (ConfUtils.java:logGet(43)) - raft.server.rpc.timeout.max = 5200ms (custom)
2019-07-14 16:42:28,114 INFO  server.RaftServerConfigKeys (ConfUtils.java:logGet(43)) - raft.server.rpcslowness.timeout = 120s (custom)
2019-07-14 16:42:28,114 INFO  server.RaftServerConfigKeys (ConfUtils.java:logGet(43)) - raft.server.sleep.deviation.threshold = 300 (default)
2019-07-14 16:42:28,114 INFO  impl.RaftServerImpl (RaftServerImpl.java:<init>(93)) - 714029a6-fd27-4dc8-92a6-e871964dec37: new RaftServerImpl for group-7C5BD848CA3E:[8d37726f-b13e-4a32-b323-1c7a6d08d96c:192.168.69.77:35063, 9696ff71-dd4a-4a33-9139-8e8effbb68fa:192.168.69.77:36114, 714029a6-fd27-4dc8-92a6-e871964dec37:192.168.69.77:43293] with ContainerStateMachine:uninitialized
2019-07-14 16:42:28,114 INFO  server.RaftServerConfigKeys (ConfUtils.java:logGet(43)) - raft.server.log.appender.install.snapshot.enabled = false (custom)
2019-07-14 16:42:28,114 INFO  server.RaftServerConfigKeys (ConfUtils.java:logGet(43)) - raft.server.rpc.timeout.min = 5s (custom)
2019-07-14 16:42:28,114 INFO  impl.RaftServerImpl (ServerState.java:<init>(105)) - 9696ff71-dd4a-4a33-9139-8e8effbb68fa:group-7C5BD848CA3E ConfigurationManager, init=-1: [8d37726f-b13e-4a32-b323-1c7a6d08d96c:192.168.69.77:35063, 9696ff71-dd4a-4a33-9139-8e8effbb68fa:192.168.69.77:36114, 714029a6-fd27-4dc8-92a6-e871964dec37:192.168.69.77:43293], old=null, confs=<EMPTY_MAP>
2019-07-14 16:42:28,115 INFO  impl.RaftServerImpl (RaftServerImpl.java:<init>(93)) - 8d37726f-b13e-4a32-b323-1c7a6d08d96c: new RaftServerImpl for group-7C5BD848CA3E:[8d37726f-b13e-4a32-b323-1c7a6d08d96c:192.168.69.77:35063, 9696ff71-dd4a-4a33-9139-8e8effbb68fa:192.168.69.77:36114, 714029a6-fd27-4dc8-92a6-e871964dec37:192.168.69.77:43293] with ContainerStateMachine:uninitialized
2019-07-14 16:42:28,114 INFO  server.RaftServerConfigKeys (ConfUtils.java:logGet(43)) - raft.server.rpc.timeout.max = 5200ms (custom)
2019-07-14 16:42:28,115 INFO  server.RaftServerConfigKeys (ConfUtils.java:logGet(43)) - raft.server.rpc.timeout.min = 5s (custom)
2019-07-14 16:42:28,115 INFO  server.RaftServerConfigKeys (ConfUtils.java:logGet(43)) - raft.server.storage.dir = [/workdir/hadoop-ozone/integration-test/target/test-dir/MiniOzoneClusterImpl-8097b823-397b-4f28-adca-d7b431faadee/datanode-5/data/ratis] (custom)
2019-07-14 16:42:28,115 INFO  server.RaftServerConfigKeys (ConfUtils.java:logGet(43)) - raft.server.rpc.timeout.max = 5200ms (custom)
2019-07-14 16:42:28,115 INFO  server.RaftServerConfigKeys (ConfUtils.java:logGet(43)) - raft.server.rpcslowness.timeout = 120s (custom)
2019-07-14 16:42:28,115 INFO  server.RaftServerConfigKeys (ConfUtils.java:logGet(43)) - raft.server.rpcslowness.timeout = 120s (custom)
2019-07-14 16:42:28,115 INFO  storage.RaftStorageDirectory (RaftStorageDirectory.java:analyzeStorage(246)) - The storage directory /workdir/hadoop-ozone/integration-test/target/test-dir/MiniOzoneClusterImpl-8097b823-397b-4f28-adca-d7b431faadee/datanode-5/data/ratis/6cee6fa3-a9df-447b-bce5-7c5bd848ca3e does not exist. Creating ...
2019-07-14 16:42:28,115 INFO  server.RaftServerConfigKeys (ConfUtils.java:logGet(43)) - raft.server.sleep.deviation.threshold = 300 (default)
2019-07-14 16:42:28,115 INFO  server.RaftServerConfigKeys (ConfUtils.java:logGet(43)) - raft.server.sleep.deviation.threshold = 300 (default)
2019-07-14 16:42:28,116 INFO  server.RaftServerConfigKeys (ConfUtils.java:logGet(43)) - raft.server.log.appender.install.snapshot.enabled = false (custom)
2019-07-14 16:42:28,116 INFO  server.RaftServerConfigKeys (ConfUtils.java:logGet(43)) - raft.server.log.appender.install.snapshot.enabled = false (custom)
2019-07-14 16:42:28,116 INFO  impl.RaftServerImpl (ServerState.java:<init>(105)) - 714029a6-fd27-4dc8-92a6-e871964dec37:group-7C5BD848CA3E ConfigurationManager, init=-1: [8d37726f-b13e-4a32-b323-1c7a6d08d96c:192.168.69.77:35063, 9696ff71-dd4a-4a33-9139-8e8effbb68fa:192.168.69.77:36114, 714029a6-fd27-4dc8-92a6-e871964dec37:192.168.69.77:43293], old=null, confs=<EMPTY_MAP>
2019-07-14 16:42:28,116 INFO  impl.RaftServerImpl (ServerState.java:<init>(105)) - 8d37726f-b13e-4a32-b323-1c7a6d08d96c:group-7C5BD848CA3E ConfigurationManager, init=-1: [8d37726f-b13e-4a32-b323-1c7a6d08d96c:192.168.69.77:35063, 9696ff71-dd4a-4a33-9139-8e8effbb68fa:192.168.69.77:36114, 714029a6-fd27-4dc8-92a6-e871964dec37:192.168.69.77:43293], old=null, confs=<EMPTY_MAP>
2019-07-14 16:42:28,116 INFO  server.RaftServerConfigKeys (ConfUtils.java:logGet(43)) - raft.server.storage.dir = [/workdir/hadoop-ozone/integration-test/target/test-dir/MiniOzoneClusterImpl-8097b823-397b-4f28-adca-d7b431faadee/datanode-4/data/ratis] (custom)
2019-07-14 16:42:28,116 INFO  server.RaftServerConfigKeys (ConfUtils.java:logGet(43)) - raft.server.storage.dir = [/workdir/hadoop-ozone/integration-test/target/test-dir/MiniOzoneClusterImpl-8097b823-397b-4f28-adca-d7b431faadee/datanode-3/data/ratis] (custom)
2019-07-14 16:42:28,117 INFO  storage.RaftStorageDirectory (RaftStorageDirectory.java:analyzeStorage(246)) - The storage directory /workdir/hadoop-ozone/integration-test/target/test-dir/MiniOzoneClusterImpl-8097b823-397b-4f28-adca-d7b431faadee/datanode-4/data/ratis/6cee6fa3-a9df-447b-bce5-7c5bd848ca3e does not exist. Creating ...
2019-07-14 16:42:28,117 INFO  storage.RaftStorageDirectory (RaftStorageDirectory.java:analyzeStorage(246)) - The storage directory /workdir/hadoop-ozone/integration-test/target/test-dir/MiniOzoneClusterImpl-8097b823-397b-4f28-adca-d7b431faadee/datanode-3/data/ratis/6cee6fa3-a9df-447b-bce5-7c5bd848ca3e does not exist. Creating ...
2019-07-14 16:42:28,129 INFO  storage.RaftStorageDirectory (RaftStorageDirectory.java:tryLock(328)) - Lock on /workdir/hadoop-ozone/integration-test/target/test-dir/MiniOzoneClusterImpl-8097b823-397b-4f28-adca-d7b431faadee/datanode-3/data/ratis/6cee6fa3-a9df-447b-bce5-7c5bd848ca3e/in_use.lock acquired by nodename 7323@pr-hdds-1710-5x6jb-1204890111
2019-07-14 16:42:28,129 INFO  storage.RaftStorageDirectory (RaftStorageDirectory.java:tryLock(328)) - Lock on /workdir/hadoop-ozone/integration-test/target/test-dir/MiniOzoneClusterImpl-8097b823-397b-4f28-adca-d7b431faadee/datanode-4/data/ratis/6cee6fa3-a9df-447b-bce5-7c5bd848ca3e/in_use.lock acquired by nodename 7323@pr-hdds-1710-5x6jb-1204890111
2019-07-14 16:42:28,129 INFO  storage.RaftStorageDirectory (RaftStorageDirectory.java:tryLock(328)) - Lock on /workdir/hadoop-ozone/integration-test/target/test-dir/MiniOzoneClusterImpl-8097b823-397b-4f28-adca-d7b431faadee/datanode-5/data/ratis/6cee6fa3-a9df-447b-bce5-7c5bd848ca3e/in_use.lock acquired by nodename 7323@pr-hdds-1710-5x6jb-1204890111
2019-07-14 16:42:28,143 INFO  storage.RaftStorage (RaftStorage.java:format(72)) - Storage directory /workdir/hadoop-ozone/integration-test/target/test-dir/MiniOzoneClusterImpl-8097b823-397b-4f28-adca-d7b431faadee/datanode-3/data/ratis/6cee6fa3-a9df-447b-bce5-7c5bd848ca3e has been successfully formatted.
2019-07-14 16:42:28,143 INFO  storage.RaftStorage (RaftStorage.java:format(72)) - Storage directory /workdir/hadoop-ozone/integration-test/target/test-dir/MiniOzoneClusterImpl-8097b823-397b-4f28-adca-d7b431faadee/datanode-4/data/ratis/6cee6fa3-a9df-447b-bce5-7c5bd848ca3e has been successfully formatted.
2019-07-14 16:42:28,143 INFO  storage.RaftStorage (RaftStorage.java:format(72)) - Storage directory /workdir/hadoop-ozone/integration-test/target/test-dir/MiniOzoneClusterImpl-8097b823-397b-4f28-adca-d7b431faadee/datanode-5/data/ratis/6cee6fa3-a9df-447b-bce5-7c5bd848ca3e has been successfully formatted.
2019-07-14 16:42:28,144 INFO  ratis.ContainerStateMachine (ContainerStateMachine.java:loadSnapshot(200)) - The snapshot info is null.Setting the last applied index to:(t:0, i:~)
2019-07-14 16:42:28,144 INFO  ratis.ContainerStateMachine (ContainerStateMachine.java:loadSnapshot(200)) - The snapshot info is null.Setting the last applied index to:(t:0, i:~)
2019-07-14 16:42:28,144 INFO  server.RaftServerConfigKeys (ConfUtils.java:logGet(43)) - raft.server.leader.election.timeout = 120s (custom)
2019-07-14 16:42:28,144 INFO  ratis.ContainerStateMachine (ContainerStateMachine.java:loadSnapshot(200)) - The snapshot info is null.Setting the last applied index to:(t:0, i:~)
2019-07-14 16:42:28,144 INFO  server.RaftServerConfigKeys (ConfUtils.java:logGet(43)) - raft.server.log.use.memory = false (default)
2019-07-14 16:42:28,144 INFO  server.RaftServerConfigKeys (ConfUtils.java:logGet(43)) - raft.server.leader.election.timeout = 120s (custom)
2019-07-14 16:42:28,145 INFO  server.RaftServerConfigKeys (ConfUtils.java:logGet(43)) - raft.server.log.purge.gap = 1000000000 (custom)
2019-07-14 16:42:28,145 INFO  server.RaftServerConfigKeys (ConfUtils.java:logGet(43)) - raft.server.leader.election.timeout = 120s (custom)
2019-07-14 16:42:28,145 INFO  server.RaftServerConfigKeys (ConfUtils.java:logGet(43)) - raft.server.log.appender.buffer.byte-limit = 33554432 (custom)
2019-07-14 16:42:28,145 INFO  server.RaftServerConfigKeys (ConfUtils.java:logGet(43)) - raft.server.log.use.memory = false (default)
2019-07-14 16:42:28,145 INFO  server.RaftServerConfigKeys (ConfUtils.java:logGet(43)) - raft.server.log.segment.size.max = 1048576 (custom)
2019-07-14 16:42:28,146 INFO  server.RaftServerConfigKeys (ConfUtils.java:logGet(43)) - raft.server.log.segment.cache.num.max = 2 (custom)
2019-07-14 16:42:28,145 INFO  server.RaftServerConfigKeys (ConfUtils.java:logGet(43)) - raft.server.log.use.memory = false (default)
2019-07-14 16:42:28,146 INFO  segmented.SegmentedRaftLogWorker (SegmentedRaftLogWorker.java:<init>(172)) - new 8d37726f-b13e-4a32-b323-1c7a6d08d96c-SegmentedRaftLogWorker:Storage Directory /workdir/hadoop-ozone/integration-test/target/test-dir/MiniOzoneClusterImpl-8097b823-397b-4f28-adca-d7b431faadee/datanode-3/data/ratis/6cee6fa3-a9df-447b-bce5-7c5bd848ca3e for RaftStorage:Storage Directory /workdir/hadoop-ozone/integration-test/target/test-dir/MiniOzoneClusterImpl-8097b823-397b-4f28-adca-d7b431faadee/datanode-3/data/ratis/6cee6fa3-a9df-447b-bce5-7c5bd848ca3e
2019-07-14 16:42:28,145 INFO  server.RaftServerConfigKeys (ConfUtils.java:logGet(43)) - raft.server.log.purge.gap = 1000000000 (custom)
2019-07-14 16:42:28,146 INFO  server.RaftServerConfigKeys (ConfUtils.java:logGet(43)) - raft.server.log.queue.byte-limit = 2147483647 (custom)
2019-07-14 16:42:28,146 INFO  server.RaftServerConfigKeys (ConfUtils.java:logGet(43)) - raft.server.log.purge.gap = 1000000000 (custom)
2019-07-14 16:42:28,146 INFO  server.RaftServerConfigKeys (ConfUtils.java:logGet(43)) - raft.server.log.queue.element-limit = 1024 (custom)
2019-07-14 16:42:28,146 INFO  server.RaftServerConfigKeys (ConfUtils.java:logGet(43)) - raft.server.log.appender.buffer.byte-limit = 33554432 (custom)
2019-07-14 16:42:28,147 INFO  server.RaftServerConfigKeys (ConfUtils.java:logGet(43)) - raft.server.log.segment.size.max = 1048576 (custom)
2019-07-14 16:42:28,147 INFO  server.RaftServerConfigKeys (ConfUtils.java:logGet(43)) - raft.server.log.appender.buffer.byte-limit = 33554432 (custom)
2019-07-14 16:42:28,147 INFO  server.RaftServerConfigKeys (ConfUtils.java:logGet(43)) - raft.server.log.preallocated.size = 16384 (custom)
2019-07-14 16:42:28,147 INFO  server.RaftServerConfigKeys (ConfUtils.java:logGet(43)) - raft.server.log.segment.size.max = 1048576 (custom)
2019-07-14 16:42:28,147 INFO  server.RaftServerConfigKeys (ConfUtils.java:logGet(43)) - raft.server.log.write.buffer.size = 33554432 (custom)
2019-07-14 16:42:28,148 INFO  server.RaftServerConfigKeys (ConfUtils.java:logGet(43)) - raft.server.log.force.sync.num = 128 (default)
2019-07-14 16:42:28,147 INFO  server.RaftServerConfigKeys (ConfUtils.java:logGet(43)) - raft.server.log.segment.size.max = 1048576 (custom)
2019-07-14 16:42:28,148 INFO  server.RaftServerConfigKeys (ConfUtils.java:logGet(43)) - raft.server.log.statemachine.data.sync = true (default)
2019-07-14 16:42:28,147 INFO  server.RaftServerConfigKeys (ConfUtils.java:logGet(43)) - raft.server.log.segment.cache.num.max = 2 (custom)
2019-07-14 16:42:28,148 INFO  server.RaftServerConfigKeys (ConfUtils.java:logGet(43)) - raft.server.log.statemachine.data.sync.timeout = 10s (default)
2019-07-14 16:42:28,148 INFO  server.RaftServerConfigKeys (ConfUtils.java:logGet(43)) - raft.server.log.segment.cache.num.max = 2 (custom)
2019-07-14 16:42:28,148 INFO  server.RaftServerConfigKeys (ConfUtils.java:logGet(43)) - raft.server.log.statemachine.data.sync.timeout.retry = -1 (default)
2019-07-14 16:42:28,148 INFO  segmented.SegmentedRaftLogWorker (SegmentedRaftLogWorker.java:<init>(172)) - new 9696ff71-dd4a-4a33-9139-8e8effbb68fa-SegmentedRaftLogWorker:Storage Directory /workdir/hadoop-ozone/integration-test/target/test-dir/MiniOzoneClusterImpl-8097b823-397b-4f28-adca-d7b431faadee/datanode-5/data/ratis/6cee6fa3-a9df-447b-bce5-7c5bd848ca3e for RaftStorage:Storage Directory /workdir/hadoop-ozone/integration-test/target/test-dir/MiniOzoneClusterImpl-8097b823-397b-4f28-adca-d7b431faadee/datanode-5/data/ratis/6cee6fa3-a9df-447b-bce5-7c5bd848ca3e
2019-07-14 16:42:28,149 INFO  server.RaftServerConfigKeys (ConfUtils.java:logGet(43)) - raft.server.log.statemachine.data.caching.enabled = true (custom)
2019-07-14 16:42:28,148 INFO  segmented.SegmentedRaftLogWorker (SegmentedRaftLogWorker.java:<init>(172)) - new 714029a6-fd27-4dc8-92a6-e871964dec37-SegmentedRaftLogWorker:Storage Directory /workdir/hadoop-ozone/integration-test/target/test-dir/MiniOzoneClusterImpl-8097b823-397b-4f28-adca-d7b431faadee/datanode-4/data/ratis/6cee6fa3-a9df-447b-bce5-7c5bd848ca3e for RaftStorage:Storage Directory /workdir/hadoop-ozone/integration-test/target/test-dir/MiniOzoneClusterImpl-8097b823-397b-4f28-adca-d7b431faadee/datanode-4/data/ratis/6cee6fa3-a9df-447b-bce5-7c5bd848ca3e
2019-07-14 16:42:28,149 INFO  server.RaftServerConfigKeys (ConfUtils.java:logGet(43)) - raft.server.log.queue.byte-limit = 2147483647 (custom)
2019-07-14 16:42:28,149 INFO  server.RaftServerConfigKeys (ConfUtils.java:logGet(43)) - raft.server.log.queue.byte-limit = 2147483647 (custom)
2019-07-14 16:42:28,149 INFO  segmented.SegmentedRaftLogWorker (SegmentedRaftLogWorker.java:lambda$new$0(132)) - 8d37726f-b13e-4a32-b323-1c7a6d08d96c-SegmentedRaftLogWorker:Storage Directory /workdir/hadoop-ozone/integration-test/target/test-dir/MiniOzoneClusterImpl-8097b823-397b-4f28-adca-d7b431faadee/datanode-3/data/ratis/6cee6fa3-a9df-447b-bce5-7c5bd848ca3e: flushIndex: setUnconditionally 0 -> -1
2019-07-14 16:42:28,149 INFO  server.RaftServerConfigKeys (ConfUtils.java:logGet(43)) - raft.server.log.queue.element-limit = 1024 (custom)
2019-07-14 16:42:28,149 INFO  server.RaftServerConfigKeys (ConfUtils.java:logGet(43)) - raft.server.log.queue.element-limit = 1024 (custom)
2019-07-14 16:42:28,150 INFO  server.RaftServerConfigKeys (ConfUtils.java:logGet(43)) - raft.server.log.segment.size.max = 1048576 (custom)
2019-07-14 16:42:28,150 INFO  server.RaftServerConfigKeys (ConfUtils.java:logGet(43)) - raft.server.snapshot.auto.trigger.enabled = true (custom)
2019-07-14 16:42:28,150 INFO  server.RaftServerConfigKeys (ConfUtils.java:logGet(43)) - raft.server.log.preallocated.size = 16384 (custom)
2019-07-14 16:42:28,150 INFO  server.RaftServerConfigKeys (ConfUtils.java:logGet(43)) - raft.server.log.segment.size.max = 1048576 (custom)
2019-07-14 16:42:28,150 INFO  server.RaftServerConfigKeys (ConfUtils.java:logGet(43)) - raft.server.log.write.buffer.size = 33554432 (custom)
2019-07-14 16:42:28,151 INFO  server.RaftServerConfigKeys (ConfUtils.java:logGet(43)) - raft.server.log.force.sync.num = 128 (default)
2019-07-14 16:42:28,150 INFO  server.RaftServerConfigKeys (ConfUtils.java:logGet(43)) - raft.server.snapshot.auto.trigger.threshold = 10000 (custom)
2019-07-14 16:42:28,151 INFO  server.RaftServerConfigKeys (ConfUtils.java:logGet(43)) - raft.server.log.statemachine.data.sync = true (default)
2019-07-14 16:42:28,150 INFO  server.RaftServerConfigKeys (ConfUtils.java:logGet(43)) - raft.server.log.preallocated.size = 16384 (custom)
2019-07-14 16:42:28,151 INFO  server.RaftServerConfigKeys (ConfUtils.java:logGet(43)) - raft.server.log.statemachine.data.sync.timeout = 10s (default)
2019-07-14 16:42:28,151 INFO  server.RaftServerConfigKeys (ConfUtils.java:logGet(43)) - raft.server.retrycache.expirytime = 600000ms (custom)
2019-07-14 16:42:28,151 INFO  server.RaftServerConfigKeys (ConfUtils.java:logGet(43)) - raft.server.log.statemachine.data.sync.timeout.retry = -1 (default)
2019-07-14 16:42:28,151 INFO  server.RaftServerConfigKeys (ConfUtils.java:logGet(43)) - raft.server.log.write.buffer.size = 33554432 (custom)
2019-07-14 16:42:28,152 INFO  server.RaftServerConfigKeys (ConfUtils.java:logGet(43)) - raft.server.log.statemachine.data.caching.enabled = true (custom)
2019-07-14 16:42:28,152 INFO  impl.RaftServerImpl (RaftServerImpl.java:start(180)) - 8d37726f-b13e-4a32-b323-1c7a6d08d96c: start group-7C5BD848CA3E
2019-07-14 16:42:28,152 INFO  server.RaftServerConfigKeys (ConfUtils.java:logGet(43)) - raft.server.log.force.sync.num = 128 (default)
2019-07-14 16:42:28,152 INFO  segmented.SegmentedRaftLogWorker (SegmentedRaftLogWorker.java:lambda$new$0(132)) - 714029a6-fd27-4dc8-92a6-e871964dec37-SegmentedRaftLogWorker:Storage Directory /workdir/hadoop-ozone/integration-test/target/test-dir/MiniOzoneClusterImpl-8097b823-397b-4f28-adca-d7b431faadee/datanode-4/data/ratis/6cee6fa3-a9df-447b-bce5-7c5bd848ca3e: flushIndex: setUnconditionally 0 -> -1
2019-07-14 16:42:28,152 INFO  impl.RaftServerImpl (RaftServerImpl.java:setRole(171)) - 8d37726f-b13e-4a32-b323-1c7a6d08d96c:group-7C5BD848CA3E changes role from null to FOLLOWER at term 0 for startAsFollower
2019-07-14 16:42:28,152 INFO  server.RaftServerConfigKeys (ConfUtils.java:logGet(43)) - raft.server.log.statemachine.data.sync = true (default)
2019-07-14 16:42:28,153 INFO  impl.RoleInfo (RoleInfo.java:updateAndGet(143)) - 8d37726f-b13e-4a32-b323-1c7a6d08d96c: start FollowerState
2019-07-14 16:42:28,153 INFO  server.RaftServerConfigKeys (ConfUtils.java:logGet(43)) - raft.server.snapshot.auto.trigger.enabled = true (custom)
2019-07-14 16:42:28,153 INFO  server.RaftServerConfigKeys (ConfUtils.java:logGet(43)) - raft.server.log.statemachine.data.sync.timeout = 10s (default)
2019-07-14 16:42:28,153 INFO  server.RaftServerConfigKeys (ConfUtils.java:logGet(43)) - raft.server.snapshot.auto.trigger.threshold = 10000 (custom)
2019-07-14 16:42:28,153 INFO  util.JmxRegister (JmxRegister.java:tryRegister(44)) - Successfully registered JMX Bean with object name Ratis:service=RaftServer,group=group-7C5BD848CA3E,id=8d37726f-b13e-4a32-b323-1c7a6d08d96c
2019-07-14 16:42:28,153 INFO  server.RaftServerConfigKeys (ConfUtils.java:logGet(43)) - raft.server.log.statemachine.data.sync.timeout.retry = -1 (default)
2019-07-14 16:42:28,153 INFO  server.RaftServerConfigKeys (ConfUtils.java:logGet(43)) - raft.server.retrycache.expirytime = 600000ms (custom)
2019-07-14 16:42:28,154 INFO  server.RaftServerConfigKeys (ConfUtils.java:logGet(43)) - raft.server.log.statemachine.data.caching.enabled = true (custom)
2019-07-14 16:42:28,154 INFO  impl.RaftServerImpl (RaftServerImpl.java:start(180)) - 714029a6-fd27-4dc8-92a6-e871964dec37: start group-7C5BD848CA3E
2019-07-14 16:42:28,154 INFO  impl.RaftServerImpl (RaftServerImpl.java:setRole(171)) - 714029a6-fd27-4dc8-92a6-e871964dec37:group-7C5BD848CA3E changes role from null to FOLLOWER at term 0 for startAsFollower
2019-07-14 16:42:28,154 INFO  segmented.SegmentedRaftLogWorker (SegmentedRaftLogWorker.java:lambda$new$0(132)) - 9696ff71-dd4a-4a33-9139-8e8effbb68fa-SegmentedRaftLogWorker:Storage Directory /workdir/hadoop-ozone/integration-test/target/test-dir/MiniOzoneClusterImpl-8097b823-397b-4f28-adca-d7b431faadee/datanode-5/data/ratis/6cee6fa3-a9df-447b-bce5-7c5bd848ca3e: flushIndex: setUnconditionally 0 -> -1
2019-07-14 16:42:28,154 INFO  impl.RoleInfo (RoleInfo.java:updateAndGet(143)) - 714029a6-fd27-4dc8-92a6-e871964dec37: start FollowerState
2019-07-14 16:42:28,155 INFO  server.RaftServerConfigKeys (ConfUtils.java:logGet(43)) - raft.server.snapshot.auto.trigger.enabled = true (custom)
2019-07-14 16:42:28,155 INFO  server.RaftServerConfigKeys (ConfUtils.java:logGet(43)) - raft.server.snapshot.auto.trigger.threshold = 10000 (custom)
2019-07-14 16:42:28,155 INFO  server.RaftServerConfigKeys (ConfUtils.java:logGet(43)) - raft.server.retrycache.expirytime = 600000ms (custom)
2019-07-14 16:42:28,155 INFO  util.JmxRegister (JmxRegister.java:tryRegister(44)) - Successfully registered JMX Bean with object name Ratis:service=RaftServer,group=group-7C5BD848CA3E,id=714029a6-fd27-4dc8-92a6-e871964dec37
2019-07-14 16:42:28,155 INFO  impl.RaftServerImpl (RaftServerImpl.java:start(180)) - 9696ff71-dd4a-4a33-9139-8e8effbb68fa: start group-7C5BD848CA3E
2019-07-14 16:42:28,155 INFO  impl.RaftServerImpl (RaftServerImpl.java:setRole(171)) - 9696ff71-dd4a-4a33-9139-8e8effbb68fa:group-7C5BD848CA3E changes role from null to FOLLOWER at term 0 for startAsFollower
2019-07-14 16:42:28,155 INFO  impl.RoleInfo (RoleInfo.java:updateAndGet(143)) - 9696ff71-dd4a-4a33-9139-8e8effbb68fa: start FollowerState
2019-07-14 16:42:28,156 INFO  util.JmxRegister (JmxRegister.java:tryRegister(44)) - Successfully registered JMX Bean with object name Ratis:service=RaftServer,group=group-7C5BD848CA3E,id=9696ff71-dd4a-4a33-9139-8e8effbb68fa
2019-07-14 16:42:28,158 INFO  pipeline.PipelineStateManager (PipelineStateManager.java:addPipeline(56)) - Created pipeline Pipeline[ Id: 6cee6fa3-a9df-447b-bce5-7c5bd848ca3e, Nodes: 714029a6-fd27-4dc8-92a6-e871964dec37{ip: 192.168.69.77, host: pr-hdds-1710-5x6jb-1204890111, networkLocation: /default-rack, certSerialId: null}9696ff71-dd4a-4a33-9139-8e8effbb68fa{ip: 192.168.69.77, host: pr-hdds-1710-5x6jb-1204890111, networkLocation: /default-rack, certSerialId: null}8d37726f-b13e-4a32-b323-1c7a6d08d96c{ip: 192.168.69.77, host: pr-hdds-1710-5x6jb-1204890111, networkLocation: /default-rack, certSerialId: null}, Type:RATIS, Factor:THREE, State:OPEN]
2019-07-14 16:42:28,206 INFO  ozone.MiniOzoneClusterImpl (MiniOzoneClusterImpl.java:lambda$waitForClusterToBeReady$0(142)) - Waiting for cluster to be ready. Got 6 of 7 DN Heartbeats.
2019-07-14 16:42:28,207 INFO  node.SCMNodeManager (SCMNodeManager.java:register(269)) - Registered Data node : 20386bcc-5c84-4057-87ae-4240260256e5{ip: 192.168.69.77, host: pr-hdds-1710-5x6jb-1204890111, networkLocation: /default-rack, certSerialId: null}
2019-07-14 16:42:28,245 INFO  impl.RaftServerProxy (RaftServerProxy.java:addNew(89)) - 20386bcc-5c84-4057-87ae-4240260256e5: addNew group-58B952CCD0C3:[20386bcc-5c84-4057-87ae-4240260256e5:192.168.69.77:45337] returns group-58B952CCD0C3:java.util.concurrent.CompletableFuture@684bf98d[Not completed]
2019-07-14 16:42:28,247 INFO  impl.RaftServerImpl (RaftServerImpl.java:<init>(93)) - 20386bcc-5c84-4057-87ae-4240260256e5: new RaftServerImpl for group-58B952CCD0C3:[20386bcc-5c84-4057-87ae-4240260256e5:192.168.69.77:45337] with ContainerStateMachine:uninitialized
2019-07-14 16:42:28,247 INFO  server.RaftServerConfigKeys (ConfUtils.java:logGet(43)) - raft.server.rpc.timeout.min = 5s (custom)
2019-07-14 16:42:28,247 INFO  server.RaftServerConfigKeys (ConfUtils.java:logGet(43)) - raft.server.rpc.timeout.max = 5200ms (custom)
2019-07-14 16:42:28,247 INFO  server.RaftServerConfigKeys (ConfUtils.java:logGet(43)) - raft.server.rpcslowness.timeout = 120s (custom)
2019-07-14 16:42:28,247 INFO  server.RaftServerConfigKeys (ConfUtils.java:logGet(43)) - raft.server.sleep.deviation.threshold = 300 (default)
2019-07-14 16:42:28,247 INFO  server.RaftServerConfigKeys (ConfUtils.java:logGet(43)) - raft.server.log.appender.install.snapshot.enabled = false (custom)
2019-07-14 16:42:28,248 INFO  impl.RaftServerImpl (ServerState.java:<init>(105)) - 20386bcc-5c84-4057-87ae-4240260256e5:group-58B952CCD0C3 ConfigurationManager, init=-1: [20386bcc-5c84-4057-87ae-4240260256e5:192.168.69.77:45337], old=null, confs=<EMPTY_MAP>
2019-07-14 16:42:28,248 INFO  server.RaftServerConfigKeys (ConfUtils.java:logGet(43)) - raft.server.storage.dir = [/workdir/hadoop-ozone/integration-test/target/test-dir/MiniOzoneClusterImpl-8097b823-397b-4f28-adca-d7b431faadee/datanode-6/data/ratis] (custom)
2019-07-14 16:42:28,248 INFO  storage.RaftStorageDirectory (RaftStorageDirectory.java:analyzeStorage(246)) - The storage directory /workdir/hadoop-ozone/integration-test/target/test-dir/MiniOzoneClusterImpl-8097b823-397b-4f28-adca-d7b431faadee/datanode-6/data/ratis/6ed5fa10-2849-461b-a4c9-58b952ccd0c3 does not exist. Creating ...
2019-07-14 16:42:28,261 INFO  storage.RaftStorageDirectory (RaftStorageDirectory.java:tryLock(328)) - Lock on /workdir/hadoop-ozone/integration-test/target/test-dir/MiniOzoneClusterImpl-8097b823-397b-4f28-adca-d7b431faadee/datanode-6/data/ratis/6ed5fa10-2849-461b-a4c9-58b952ccd0c3/in_use.lock acquired by nodename 7323@pr-hdds-1710-5x6jb-1204890111
2019-07-14 16:42:28,275 INFO  storage.RaftStorage (RaftStorage.java:format(72)) - Storage directory /workdir/hadoop-ozone/integration-test/target/test-dir/MiniOzoneClusterImpl-8097b823-397b-4f28-adca-d7b431faadee/datanode-6/data/ratis/6ed5fa10-2849-461b-a4c9-58b952ccd0c3 has been successfully formatted.
2019-07-14 16:42:28,275 INFO  ratis.ContainerStateMachine (ContainerStateMachine.java:loadSnapshot(200)) - The snapshot info is null.Setting the last applied index to:(t:0, i:~)
2019-07-14 16:42:28,275 INFO  server.RaftServerConfigKeys (ConfUtils.java:logGet(43)) - raft.server.leader.election.timeout = 120s (custom)
2019-07-14 16:42:28,275 INFO  server.RaftServerConfigKeys (ConfUtils.java:logGet(43)) - raft.server.log.use.memory = false (default)
2019-07-14 16:42:28,276 INFO  server.RaftServerConfigKeys (ConfUtils.java:logGet(43)) - raft.server.log.purge.gap = 1000000000 (custom)
2019-07-14 16:42:28,276 INFO  server.RaftServerConfigKeys (ConfUtils.java:logGet(43)) - raft.server.log.appender.buffer.byte-limit = 33554432 (custom)
2019-07-14 16:42:28,276 INFO  server.RaftServerConfigKeys (ConfUtils.java:logGet(43)) - raft.server.log.segment.size.max = 1048576 (custom)
2019-07-14 16:42:28,276 INFO  server.RaftServerConfigKeys (ConfUtils.java:logGet(43)) - raft.server.log.segment.cache.num.max = 2 (custom)
2019-07-14 16:42:28,276 INFO  segmented.SegmentedRaftLogWorker (SegmentedRaftLogWorker.java:<init>(172)) - new 20386bcc-5c84-4057-87ae-4240260256e5-SegmentedRaftLogWorker:Storage Directory /workdir/hadoop-ozone/integration-test/target/test-dir/MiniOzoneClusterImpl-8097b823-397b-4f28-adca-d7b431faadee/datanode-6/data/ratis/6ed5fa10-2849-461b-a4c9-58b952ccd0c3 for RaftStorage:Storage Directory /workdir/hadoop-ozone/integration-test/target/test-dir/MiniOzoneClusterImpl-8097b823-397b-4f28-adca-d7b431faadee/datanode-6/data/ratis/6ed5fa10-2849-461b-a4c9-58b952ccd0c3
2019-07-14 16:42:28,277 INFO  server.RaftServerConfigKeys (ConfUtils.java:logGet(43)) - raft.server.log.queue.byte-limit = 2147483647 (custom)
2019-07-14 16:42:28,277 INFO  server.RaftServerConfigKeys (ConfUtils.java:logGet(43)) - raft.server.log.queue.element-limit = 1024 (custom)
2019-07-14 16:42:28,277 INFO  server.RaftServerConfigKeys (ConfUtils.java:logGet(43)) - raft.server.log.segment.size.max = 1048576 (custom)
2019-07-14 16:42:28,277 INFO  server.RaftServerConfigKeys (ConfUtils.java:logGet(43)) - raft.server.log.preallocated.size = 16384 (custom)
2019-07-14 16:42:28,277 INFO  server.RaftServerConfigKeys (ConfUtils.java:logGet(43)) - raft.server.log.write.buffer.size = 33554432 (custom)
2019-07-14 16:42:28,278 INFO  server.RaftServerConfigKeys (ConfUtils.java:logGet(43)) - raft.server.log.force.sync.num = 128 (default)
2019-07-14 16:42:28,278 INFO  server.RaftServerConfigKeys (ConfUtils.java:logGet(43)) - raft.server.log.statemachine.data.sync = true (default)
2019-07-14 16:42:28,278 INFO  server.RaftServerConfigKeys (ConfUtils.java:logGet(43)) - raft.server.log.statemachine.data.sync.timeout = 10s (default)
2019-07-14 16:42:28,278 INFO  server.RaftServerConfigKeys (ConfUtils.java:logGet(43)) - raft.server.log.statemachine.data.sync.timeout.retry = -1 (default)
2019-07-14 16:42:28,279 INFO  server.RaftServerConfigKeys (ConfUtils.java:logGet(43)) - raft.server.log.statemachine.data.caching.enabled = true (custom)
2019-07-14 16:42:28,279 INFO  segmented.SegmentedRaftLogWorker (SegmentedRaftLogWorker.java:lambda$new$0(132)) - 20386bcc-5c84-4057-87ae-4240260256e5-SegmentedRaftLogWorker:Storage Directory /workdir/hadoop-ozone/integration-test/target/test-dir/MiniOzoneClusterImpl-8097b823-397b-4f28-adca-d7b431faadee/datanode-6/data/ratis/6ed5fa10-2849-461b-a4c9-58b952ccd0c3: flushIndex: setUnconditionally 0 -> -1
2019-07-14 16:42:28,279 INFO  server.RaftServerConfigKeys (ConfUtils.java:logGet(43)) - raft.server.snapshot.auto.trigger.enabled = true (custom)
2019-07-14 16:42:28,280 INFO  server.RaftServerConfigKeys (ConfUtils.java:logGet(43)) - raft.server.snapshot.auto.trigger.threshold = 10000 (custom)
2019-07-14 16:42:28,280 INFO  server.RaftServerConfigKeys (ConfUtils.java:logGet(43)) - raft.server.retrycache.expirytime = 600000ms (custom)
2019-07-14 16:42:28,280 INFO  impl.RaftServerImpl (RaftServerImpl.java:start(180)) - 20386bcc-5c84-4057-87ae-4240260256e5: start group-58B952CCD0C3
2019-07-14 16:42:28,280 INFO  impl.RaftServerImpl (RaftServerImpl.java:setRole(171)) - 20386bcc-5c84-4057-87ae-4240260256e5:group-58B952CCD0C3 changes role from null to FOLLOWER at term 0 for startAsFollower
2019-07-14 16:42:28,280 INFO  impl.RoleInfo (RoleInfo.java:updateAndGet(143)) - 20386bcc-5c84-4057-87ae-4240260256e5: start FollowerState
2019-07-14 16:42:28,281 INFO  util.JmxRegister (JmxRegister.java:tryRegister(44)) - Successfully registered JMX Bean with object name Ratis:service=RaftServer,group=group-58B952CCD0C3,id=20386bcc-5c84-4057-87ae-4240260256e5
2019-07-14 16:42:28,284 INFO  pipeline.PipelineStateManager (PipelineStateManager.java:addPipeline(56)) - Created pipeline Pipeline[ Id: 6ed5fa10-2849-461b-a4c9-58b952ccd0c3, Nodes: 20386bcc-5c84-4057-87ae-4240260256e5{ip: 192.168.69.77, host: pr-hdds-1710-5x6jb-1204890111, networkLocation: /default-rack, certSerialId: null}, Type:RATIS, Factor:ONE, State:OPEN]
2019-07-14 16:42:28,285 WARN  server.GrpcLogAppender (LogUtils.java:warn(134)) - 77d8bfd8-9417-42e4-b630-e55bb18b8339->68a5dfdb-c74c-438f-a088-2062485c848e: Failed appendEntries: org.apache.ratis.thirdparty.io.grpc.StatusRuntimeException: UNAVAILABLE: io exception
2019-07-14 16:42:28,294 INFO  impl.FollowerInfo (FollowerInfo.java:lambda$new$0(50)) - 77d8bfd8-9417-42e4-b630-e55bb18b8339->68a5dfdb-c74c-438f-a088-2062485c848e: nextIndex: updateUnconditionally 0 -> 0
2019-07-14 16:42:28,321 WARN  server.GrpcLogAppender (LogUtils.java:warn(134)) - 77d8bfd8-9417-42e4-b630-e55bb18b8339->ce51f40e-6b80-4084-8b29-ef5c0bb939b1: Failed appendEntries: org.apache.ratis.thirdparty.io.grpc.StatusRuntimeException: UNAVAILABLE: io exception
2019-07-14 16:42:28,328 INFO  impl.FollowerInfo (FollowerInfo.java:lambda$new$0(50)) - 77d8bfd8-9417-42e4-b630-e55bb18b8339->ce51f40e-6b80-4084-8b29-ef5c0bb939b1: nextIndex: updateUnconditionally 0 -> 0
2019-07-14 16:42:29,207 INFO  ozone.MiniOzoneClusterImpl (MiniOzoneClusterImpl.java:lambda$waitForClusterToBeReady$0(142)) - Cluster is ready. Got 7 of 7 DN Heartbeats.
2019-07-14 16:42:29,268 INFO  rpc.RpcClient (RpcClient.java:createVolume(287)) - Creating Volume: watchforcommithandlingtest, with jenkins1000 as owner.
2019-07-14 16:42:29,299 INFO  rpc.RpcClient (RpcClient.java:createBucket(424)) - Creating Bucket: watchforcommithandlingtest/watchforcommithandlingtest, with Versioning false and Storage Type set to DISK and Encryption set to false 
2019-07-14 16:42:29,306 INFO  ozone.MiniOzoneClusterImpl (MiniOzoneClusterImpl.java:getStorageContainerLocationClient(241)) - Creating StorageContainerLocationProtocol RPC client with address /0.0.0.0:45500
2019-07-14 16:42:29,334 INFO  client.GrpcClientProtocolClient (GrpcClientProtocolClient.java:onNext(255)) - client-88FD6BAE1016->3cba4ce6-c4f5-4e1e-b7ad-40d7d1e29a4e: receive RaftClientReply:client-88FD6BAE1016->3cba4ce6-c4f5-4e1e-b7ad-40d7d1e29a4e@group-4658065892AD, cid=52, FAILED org.apache.ratis.protocol.NotLeaderException: Server 3cba4ce6-c4f5-4e1e-b7ad-40d7d1e29a4e is not the leader (null). Request must be sent to leader., logIndex=0, commits[3cba4ce6-c4f5-4e1e-b7ad-40d7d1e29a4e:c-1]
2019-07-14 16:42:29,543 INFO  container.ReplicationManager (ReplicationManager.java:start(155)) - Starting Replication Monitor Thread.
2019-07-14 16:42:29,550 INFO  container.ReplicationManager (ReplicationManager.java:run(207)) - Replication Monitor Thread took 0 milliseconds for processing 1 containers.
2019-07-14 16:42:30,382 INFO  client.GrpcClientProtocolClient (GrpcClientProtocolClient.java:onNext(255)) - client-88FD6BAE1016->9cd3a1db-b0fe-40bd-a539-64cc346e67f4: receive RaftClientReply:client-88FD6BAE1016->9cd3a1db-b0fe-40bd-a539-64cc346e67f4@group-4658065892AD, cid=52, FAILED org.apache.ratis.protocol.NotLeaderException: Server 9cd3a1db-b0fe-40bd-a539-64cc346e67f4 is not the leader (null). Request must be sent to leader., logIndex=0, commits[9cd3a1db-b0fe-40bd-a539-64cc346e67f4:c-1]
2019-07-14 16:42:30,786 WARN  server.GrpcLogAppender (LogUtils.java:warn(134)) - 77d8bfd8-9417-42e4-b630-e55bb18b8339->68a5dfdb-c74c-438f-a088-2062485c848e: Failed appendEntries: org.apache.ratis.thirdparty.io.grpc.StatusRuntimeException: UNAVAILABLE: io exception
2019-07-14 16:42:30,795 INFO  impl.FollowerInfo (FollowerInfo.java:lambda$new$0(50)) - 77d8bfd8-9417-42e4-b630-e55bb18b8339->68a5dfdb-c74c-438f-a088-2062485c848e: nextIndex: updateUnconditionally 0 -> 0
2019-07-14 16:42:30,822 WARN  server.GrpcLogAppender (LogUtils.java:warn(134)) - 77d8bfd8-9417-42e4-b630-e55bb18b8339->ce51f40e-6b80-4084-8b29-ef5c0bb939b1: Failed appendEntries: org.apache.ratis.thirdparty.io.grpc.StatusRuntimeException: UNAVAILABLE: io exception
2019-07-14 16:42:30,831 INFO  impl.FollowerInfo (FollowerInfo.java:lambda$new$0(50)) - 77d8bfd8-9417-42e4-b630-e55bb18b8339->ce51f40e-6b80-4084-8b29-ef5c0bb939b1: nextIndex: updateUnconditionally 0 -> 0
2019-07-14 16:42:31,424 INFO  client.GrpcClientProtocolClient (GrpcClientProtocolClient.java:onNext(255)) - client-88FD6BAE1016->9fd9e3e3-5262-496b-8df7-255f5916d7a3: receive RaftClientReply:client-88FD6BAE1016->9fd9e3e3-5262-496b-8df7-255f5916d7a3@group-4658065892AD, cid=52, FAILED org.apache.ratis.protocol.NotLeaderException: Server 9fd9e3e3-5262-496b-8df7-255f5916d7a3 is not the leader (null). Request must be sent to leader., logIndex=0, commits[9fd9e3e3-5262-496b-8df7-255f5916d7a3:c-1]
2019-07-14 16:42:31,675 INFO  impl.FollowerState (FollowerState.java:run(106)) - 9cd3a1db-b0fe-40bd-a539-64cc346e67f4:group-7EC8158D626E changes to CANDIDATE, lastRpcTime:5074, electionTimeout:5074ms
2019-07-14 16:42:31,675 INFO  impl.RoleInfo (RoleInfo.java:shutdownFollowerState(121)) - 9cd3a1db-b0fe-40bd-a539-64cc346e67f4: shutdown FollowerState
2019-07-14 16:42:31,676 INFO  impl.RaftServerImpl (RaftServerImpl.java:setRole(171)) - 9cd3a1db-b0fe-40bd-a539-64cc346e67f4:group-7EC8158D626E changes role from FOLLOWER to CANDIDATE at term 0 for changeToCandidate
2019-07-14 16:42:31,676 INFO  impl.RoleInfo (RoleInfo.java:updateAndGet(143)) - 9cd3a1db-b0fe-40bd-a539-64cc346e67f4: start LeaderElection
2019-07-14 16:42:31,707 INFO  impl.LeaderElection (LeaderElection.java:askForVotes(181)) - 9cd3a1db-b0fe-40bd-a539-64cc346e67f4:group-7EC8158D626E:LeaderElection20: begin an election at term 1 for -1: [9cd3a1db-b0fe-40bd-a539-64cc346e67f4:192.168.69.77:45336], old=null
2019-07-14 16:42:31,707 INFO  impl.RoleInfo (RoleInfo.java:shutdownLeaderElection(134)) - 9cd3a1db-b0fe-40bd-a539-64cc346e67f4: shutdown LeaderElection
2019-07-14 16:42:31,707 INFO  impl.RaftServerImpl (RaftServerImpl.java:setRole(171)) - 9cd3a1db-b0fe-40bd-a539-64cc346e67f4:group-7EC8158D626E changes role from CANDIDATE to LEADER at term 1 for changeToLeader
2019-07-14 16:42:31,708 INFO  impl.RaftServerImpl (ServerState.java:setLeader(263)) - 9cd3a1db-b0fe-40bd-a539-64cc346e67f4:group-7EC8158D626E change Leader from null to 9cd3a1db-b0fe-40bd-a539-64cc346e67f4 at term 1 for becomeLeader, leader elected after 5112ms
2019-07-14 16:42:31,708 INFO  server.RaftServerConfigKeys (ConfUtils.java:logGet(43)) - raft.server.staging.catchup.gap = 1000 (default)
2019-07-14 16:42:31,708 INFO  server.RaftServerConfigKeys (ConfUtils.java:logGet(43)) - raft.server.rpc.sleep.time = 25ms (default)
2019-07-14 16:42:31,708 INFO  server.RaftServerConfigKeys (ConfUtils.java:logGet(43)) - raft.server.write.element-limit = 4096 (default)
2019-07-14 16:42:31,708 INFO  server.RaftServerConfigKeys (ConfUtils.java:logGet(43)) - raft.server.watch.timeout = 10s (default)
2019-07-14 16:42:31,709 INFO  server.RaftServerConfigKeys (ConfUtils.java:logGet(43)) - raft.server.watch.timeout.denomination = 1s (default)
2019-07-14 16:42:31,709 INFO  server.RaftServerConfigKeys (ConfUtils.java:logGet(43)) - raft.server.watch.element-limit = 65536 (default)
2019-07-14 16:42:31,709 INFO  impl.RoleInfo (RoleInfo.java:updateAndGet(143)) - 9cd3a1db-b0fe-40bd-a539-64cc346e67f4: start LeaderState
2019-07-14 16:42:31,710 INFO  segmented.SegmentedRaftLogWorker (SegmentedRaftLogWorker.java:startLogSegment(380)) - 9cd3a1db-b0fe-40bd-a539-64cc346e67f4-SegmentedRaftLogWorker:Storage Directory /workdir/hadoop-ozone/integration-test/target/test-dir/MiniOzoneClusterImpl-8097b823-397b-4f28-adca-d7b431faadee/datanode-0/data/ratis/c8e27c4b-a266-4d8e-a8bc-7ec8158d626e: Starting segment from index:0
2019-07-14 16:42:31,710 INFO  impl.RaftServerImpl (ServerState.java:setRaftConf(361)) - 9cd3a1db-b0fe-40bd-a539-64cc346e67f4:group-7EC8158D626E set configuration 0: [9cd3a1db-b0fe-40bd-a539-64cc346e67f4:192.168.69.77:45336], old=null at 0
2019-07-14 16:42:31,740 INFO  segmented.SegmentedRaftLogWorker (SegmentedRaftLogWorker.java:execute(569)) - 9cd3a1db-b0fe-40bd-a539-64cc346e67f4-SegmentedRaftLogWorker:Storage Directory /workdir/hadoop-ozone/integration-test/target/test-dir/MiniOzoneClusterImpl-8097b823-397b-4f28-adca-d7b431faadee/datanode-0/data/ratis/c8e27c4b-a266-4d8e-a8bc-7ec8158d626e: created new log segment /workdir/hadoop-ozone/integration-test/target/test-dir/MiniOzoneClusterImpl-8097b823-397b-4f28-adca-d7b431faadee/datanode-0/data/ratis/c8e27c4b-a266-4d8e-a8bc-7ec8158d626e/current/log_inprogress_0
2019-07-14 16:42:32,099 INFO  impl.FollowerState (FollowerState.java:run(106)) - 3cba4ce6-c4f5-4e1e-b7ad-40d7d1e29a4e:group-00DF8EFC605A changes to CANDIDATE, lastRpcTime:5180, electionTimeout:5180ms
2019-07-14 16:42:32,100 INFO  impl.RoleInfo (RoleInfo.java:shutdownFollowerState(121)) - 3cba4ce6-c4f5-4e1e-b7ad-40d7d1e29a4e: shutdown FollowerState
2019-07-14 16:42:32,100 INFO  impl.RaftServerImpl (RaftServerImpl.java:setRole(171)) - 3cba4ce6-c4f5-4e1e-b7ad-40d7d1e29a4e:group-00DF8EFC605A changes role from FOLLOWER to CANDIDATE at term 0 for changeToCandidate
2019-07-14 16:42:32,100 INFO  impl.RoleInfo (RoleInfo.java:updateAndGet(143)) - 3cba4ce6-c4f5-4e1e-b7ad-40d7d1e29a4e: start LeaderElection
2019-07-14 16:42:32,136 INFO  impl.LeaderElection (LeaderElection.java:askForVotes(181)) - 3cba4ce6-c4f5-4e1e-b7ad-40d7d1e29a4e:group-00DF8EFC605A:LeaderElection21: begin an election at term 1 for -1: [3cba4ce6-c4f5-4e1e-b7ad-40d7d1e29a4e:192.168.69.77:42261], old=null
2019-07-14 16:42:32,136 INFO  impl.RoleInfo (RoleInfo.java:shutdownLeaderElection(134)) - 3cba4ce6-c4f5-4e1e-b7ad-40d7d1e29a4e: shutdown LeaderElection
2019-07-14 16:42:32,137 INFO  impl.RaftServerImpl (RaftServerImpl.java:setRole(171)) - 3cba4ce6-c4f5-4e1e-b7ad-40d7d1e29a4e:group-00DF8EFC605A changes role from CANDIDATE to LEADER at term 1 for changeToLeader
2019-07-14 16:42:32,137 INFO  impl.RaftServerImpl (ServerState.java:setLeader(263)) - 3cba4ce6-c4f5-4e1e-b7ad-40d7d1e29a4e:group-00DF8EFC605A change Leader from null to 3cba4ce6-c4f5-4e1e-b7ad-40d7d1e29a4e at term 1 for becomeLeader, leader elected after 5223ms
2019-07-14 16:42:32,137 INFO  server.RaftServerConfigKeys (ConfUtils.java:logGet(43)) - raft.server.staging.catchup.gap = 1000 (default)
2019-07-14 16:42:32,137 INFO  server.RaftServerConfigKeys (ConfUtils.java:logGet(43)) - raft.server.rpc.sleep.time = 25ms (default)
2019-07-14 16:42:32,137 INFO  server.RaftServerConfigKeys (ConfUtils.java:logGet(43)) - raft.server.write.element-limit = 4096 (default)
2019-07-14 16:42:32,137 INFO  server.RaftServerConfigKeys (ConfUtils.java:logGet(43)) - raft.server.watch.timeout = 10s (default)
2019-07-14 16:42:32,138 INFO  server.RaftServerConfigKeys (ConfUtils.java:logGet(43)) - raft.server.watch.timeout.denomination = 1s (default)
2019-07-14 16:42:32,138 INFO  server.RaftServerConfigKeys (ConfUtils.java:logGet(43)) - raft.server.watch.element-limit = 65536 (default)
2019-07-14 16:42:32,138 INFO  impl.RoleInfo (RoleInfo.java:updateAndGet(143)) - 3cba4ce6-c4f5-4e1e-b7ad-40d7d1e29a4e: start LeaderState
2019-07-14 16:42:32,138 INFO  segmented.SegmentedRaftLogWorker (SegmentedRaftLogWorker.java:startLogSegment(380)) - 3cba4ce6-c4f5-4e1e-b7ad-40d7d1e29a4e-SegmentedRaftLogWorker:Storage Directory /workdir/hadoop-ozone/integration-test/target/test-dir/MiniOzoneClusterImpl-8097b823-397b-4f28-adca-d7b431faadee/datanode-1/data/ratis/a0bdf200-3045-4721-b38e-00df8efc605a: Starting segment from index:0
2019-07-14 16:42:32,139 INFO  impl.RaftServerImpl (ServerState.java:setRaftConf(361)) - 3cba4ce6-c4f5-4e1e-b7ad-40d7d1e29a4e:group-00DF8EFC605A set configuration 0: [3cba4ce6-c4f5-4e1e-b7ad-40d7d1e29a4e:192.168.69.77:42261], old=null at 0
2019-07-14 16:42:32,179 INFO  segmented.SegmentedRaftLogWorker (SegmentedRaftLogWorker.java:execute(569)) - 3cba4ce6-c4f5-4e1e-b7ad-40d7d1e29a4e-SegmentedRaftLogWorker:Storage Directory /workdir/hadoop-ozone/integration-test/target/test-dir/MiniOzoneClusterImpl-8097b823-397b-4f28-adca-d7b431faadee/datanode-1/data/ratis/a0bdf200-3045-4721-b38e-00df8efc605a: created new log segment /workdir/hadoop-ozone/integration-test/target/test-dir/MiniOzoneClusterImpl-8097b823-397b-4f28-adca-d7b431faadee/datanode-1/data/ratis/a0bdf200-3045-4721-b38e-00df8efc605a/current/log_inprogress_0
2019-07-14 16:42:32,331 INFO  impl.FollowerState (FollowerState.java:run(106)) - 9fd9e3e3-5262-496b-8df7-255f5916d7a3:group-4658065892AD changes to CANDIDATE, lastRpcTime:5027, electionTimeout:5027ms
2019-07-14 16:42:32,331 INFO  impl.RoleInfo (RoleInfo.java:shutdownFollowerState(121)) - 9fd9e3e3-5262-496b-8df7-255f5916d7a3: shutdown FollowerState
2019-07-14 16:42:32,331 INFO  impl.RaftServerImpl (RaftServerImpl.java:setRole(171)) - 9fd9e3e3-5262-496b-8df7-255f5916d7a3:group-4658065892AD changes role from FOLLOWER to CANDIDATE at term 0 for changeToCandidate
2019-07-14 16:42:32,332 INFO  impl.RoleInfo (RoleInfo.java:updateAndGet(143)) - 9fd9e3e3-5262-496b-8df7-255f5916d7a3: start LeaderElection
2019-07-14 16:42:32,343 INFO  impl.FollowerState (FollowerState.java:run(106)) - 3cba4ce6-c4f5-4e1e-b7ad-40d7d1e29a4e:group-4658065892AD changes to CANDIDATE, lastRpcTime:5036, electionTimeout:5036ms
2019-07-14 16:42:32,343 INFO  impl.RoleInfo (RoleInfo.java:shutdownFollowerState(121)) - 3cba4ce6-c4f5-4e1e-b7ad-40d7d1e29a4e: shutdown FollowerState
2019-07-14 16:42:32,344 INFO  impl.RaftServerImpl (RaftServerImpl.java:setRole(171)) - 3cba4ce6-c4f5-4e1e-b7ad-40d7d1e29a4e:group-4658065892AD changes role from FOLLOWER to CANDIDATE at term 0 for changeToCandidate
2019-07-14 16:42:32,344 INFO  impl.RoleInfo (RoleInfo.java:updateAndGet(143)) - 3cba4ce6-c4f5-4e1e-b7ad-40d7d1e29a4e: start LeaderElection
2019-07-14 16:42:32,368 INFO  impl.LeaderElection (LeaderElection.java:askForVotes(181)) - 9fd9e3e3-5262-496b-8df7-255f5916d7a3:group-4658065892AD:LeaderElection22: begin an election at term 1 for -1: [9cd3a1db-b0fe-40bd-a539-64cc346e67f4:192.168.69.77:45336, 9fd9e3e3-5262-496b-8df7-255f5916d7a3:192.168.69.77:43911, 3cba4ce6-c4f5-4e1e-b7ad-40d7d1e29a4e:192.168.69.77:42261], old=null
2019-07-14 16:42:32,370 INFO  impl.LeaderElection (LeaderElection.java:askForVotes(181)) - 3cba4ce6-c4f5-4e1e-b7ad-40d7d1e29a4e:group-4658065892AD:LeaderElection23: begin an election at term 1 for -1: [9cd3a1db-b0fe-40bd-a539-64cc346e67f4:192.168.69.77:45336, 9fd9e3e3-5262-496b-8df7-255f5916d7a3:192.168.69.77:43911, 3cba4ce6-c4f5-4e1e-b7ad-40d7d1e29a4e:192.168.69.77:42261], old=null
2019-07-14 16:42:32,375 INFO  impl.RaftServerImpl (RaftServerImpl.java:setRole(171)) - 9cd3a1db-b0fe-40bd-a539-64cc346e67f4:group-4658065892AD changes role from FOLLOWER to FOLLOWER at term 1 for recognizeCandidate:9fd9e3e3-5262-496b-8df7-255f5916d7a3
2019-07-14 16:42:32,381 INFO  impl.RoleInfo (RoleInfo.java:shutdownFollowerState(121)) - 9cd3a1db-b0fe-40bd-a539-64cc346e67f4: shutdown FollowerState
2019-07-14 16:42:32,381 INFO  impl.RoleInfo (RoleInfo.java:updateAndGet(143)) - 9cd3a1db-b0fe-40bd-a539-64cc346e67f4: start FollowerState
2019-07-14 16:42:32,382 INFO  impl.FollowerState (FollowerState.java:run(114)) - 9cd3a1db-b0fe-40bd-a539-64cc346e67f4: FollowerState was interrupted: java.lang.InterruptedException: sleep interrupted
2019-07-14 16:42:32,402 INFO  impl.LeaderElection (LeaderElection.java:logAndReturn(56)) - 9fd9e3e3-5262-496b-8df7-255f5916d7a3:group-4658065892AD:LeaderElection22: Election PASSED; received 2 response(s) [9fd9e3e3-5262-496b-8df7-255f5916d7a3<-9cd3a1db-b0fe-40bd-a539-64cc346e67f4#0:OK-t1, 9fd9e3e3-5262-496b-8df7-255f5916d7a3<-3cba4ce6-c4f5-4e1e-b7ad-40d7d1e29a4e#0:FAIL-t1] and 0 exception(s); 9fd9e3e3-5262-496b-8df7-255f5916d7a3:t1, leader=null, voted=9fd9e3e3-5262-496b-8df7-255f5916d7a3, raftlog=9fd9e3e3-5262-496b-8df7-255f5916d7a3-SegmentedRaftLog:OPENED:c-1,f-1,i0, conf=-1: [9cd3a1db-b0fe-40bd-a539-64cc346e67f4:192.168.69.77:45336, 9fd9e3e3-5262-496b-8df7-255f5916d7a3:192.168.69.77:43911, 3cba4ce6-c4f5-4e1e-b7ad-40d7d1e29a4e:192.168.69.77:42261], old=null
2019-07-14 16:42:32,402 INFO  impl.RoleInfo (RoleInfo.java:shutdownLeaderElection(134)) - 9fd9e3e3-5262-496b-8df7-255f5916d7a3: shutdown LeaderElection
2019-07-14 16:42:32,407 INFO  impl.RaftServerImpl (RaftServerImpl.java:setRole(171)) - 9fd9e3e3-5262-496b-8df7-255f5916d7a3:group-4658065892AD changes role from CANDIDATE to LEADER at term 1 for changeToLeader
2019-07-14 16:42:32,407 INFO  impl.LeaderElection (LeaderElection.java:logAndReturn(56)) - 3cba4ce6-c4f5-4e1e-b7ad-40d7d1e29a4e:group-4658065892AD:LeaderElection23: Election REJECTED; received 2 response(s) [3cba4ce6-c4f5-4e1e-b7ad-40d7d1e29a4e<-9cd3a1db-b0fe-40bd-a539-64cc346e67f4#0:FAIL-t1, 3cba4ce6-c4f5-4e1e-b7ad-40d7d1e29a4e<-9fd9e3e3-5262-496b-8df7-255f5916d7a3#0:FAIL-t1] and 0 exception(s); 3cba4ce6-c4f5-4e1e-b7ad-40d7d1e29a4e:t1, leader=null, voted=3cba4ce6-c4f5-4e1e-b7ad-40d7d1e29a4e, raftlog=3cba4ce6-c4f5-4e1e-b7ad-40d7d1e29a4e-SegmentedRaftLog:OPENED:c-1,f-1,i0, conf=-1: [9cd3a1db-b0fe-40bd-a539-64cc346e67f4:192.168.69.77:45336, 9fd9e3e3-5262-496b-8df7-255f5916d7a3:192.168.69.77:43911, 3cba4ce6-c4f5-4e1e-b7ad-40d7d1e29a4e:192.168.69.77:42261], old=null
2019-07-14 16:42:32,407 INFO  impl.RaftServerImpl (ServerState.java:setLeader(263)) - 9fd9e3e3-5262-496b-8df7-255f5916d7a3:group-4658065892AD change Leader from null to 9fd9e3e3-5262-496b-8df7-255f5916d7a3 at term 1 for becomeLeader, leader elected after 5111ms
2019-07-14 16:42:32,407 INFO  impl.RaftServerImpl (RaftServerImpl.java:setRole(171)) - 3cba4ce6-c4f5-4e1e-b7ad-40d7d1e29a4e:group-4658065892AD changes role from CANDIDATE to FOLLOWER at term 1 for DISCOVERED_A_NEW_TERM
2019-07-14 16:42:32,407 INFO  server.RaftServerConfigKeys (ConfUtils.java:logGet(43)) - raft.server.staging.catchup.gap = 1000 (default)
2019-07-14 16:42:32,413 INFO  impl.RoleInfo (RoleInfo.java:shutdownLeaderElection(134)) - 3cba4ce6-c4f5-4e1e-b7ad-40d7d1e29a4e: shutdown LeaderElection
2019-07-14 16:42:32,413 INFO  server.RaftServerConfigKeys (ConfUtils.java:logGet(43)) - raft.server.rpc.sleep.time = 25ms (default)
2019-07-14 16:42:32,414 INFO  impl.RoleInfo (RoleInfo.java:updateAndGet(143)) - 3cba4ce6-c4f5-4e1e-b7ad-40d7d1e29a4e: start FollowerState
2019-07-14 16:42:32,414 INFO  server.RaftServerConfigKeys (ConfUtils.java:logGet(43)) - raft.server.write.element-limit = 4096 (default)
2019-07-14 16:42:32,419 INFO  server.RaftServerConfigKeys (ConfUtils.java:logGet(43)) - raft.server.watch.timeout = 10s (default)
2019-07-14 16:42:32,419 INFO  server.RaftServerConfigKeys (ConfUtils.java:logGet(43)) - raft.server.watch.timeout.denomination = 1s (default)
2019-07-14 16:42:32,419 INFO  server.RaftServerConfigKeys (ConfUtils.java:logGet(43)) - raft.server.watch.element-limit = 65536 (default)
2019-07-14 16:42:32,419 INFO  server.RaftServerConfigKeys (ConfUtils.java:logGet(43)) - raft.server.log.appender.snapshot.chunk.size.max = 16MB (=16777216) (default)
2019-07-14 16:42:32,420 INFO  server.RaftServerConfigKeys (ConfUtils.java:logGet(43)) - raft.server.log.appender.buffer.byte-limit = 33554432 (custom)
2019-07-14 16:42:32,420 INFO  server.RaftServerConfigKeys (ConfUtils.java:logGet(43)) - raft.server.log.appender.buffer.element-limit = 1 (custom)
2019-07-14 16:42:32,420 INFO  grpc.GrpcConfigKeys$Server (ConfUtils.java:logGet(43)) - raft.grpc.server.leader.outstanding.appends.max = 128 (default)
2019-07-14 16:42:32,420 INFO  server.RaftServerConfigKeys (ConfUtils.java:logGet(43)) - raft.server.rpc.request.timeout = 3000ms (default)
2019-07-14 16:42:32,421 INFO  server.RaftServerConfigKeys (ConfUtils.java:logGet(43)) - raft.server.log.appender.install.snapshot.enabled = false (custom)
2019-07-14 16:42:32,421 INFO  impl.FollowerState (FollowerState.java:run(106)) - 9fd9e3e3-5262-496b-8df7-255f5916d7a3:group-AFD85F32CC81 changes to CANDIDATE, lastRpcTime:5189, electionTimeout:5189ms
2019-07-14 16:42:32,421 INFO  server.RaftServerConfigKeys (ConfUtils.java:logGet(43)) - raft.server.log.appender.snapshot.chunk.size.max = 16MB (=16777216) (default)
2019-07-14 16:42:32,421 INFO  impl.RoleInfo (RoleInfo.java:shutdownFollowerState(121)) - 9fd9e3e3-5262-496b-8df7-255f5916d7a3: shutdown FollowerState
2019-07-14 16:42:32,421 INFO  server.RaftServerConfigKeys (ConfUtils.java:logGet(43)) - raft.server.log.appender.buffer.byte-limit = 33554432 (custom)
2019-07-14 16:42:32,421 INFO  impl.RaftServerImpl (RaftServerImpl.java:setRole(171)) - 9fd9e3e3-5262-496b-8df7-255f5916d7a3:group-AFD85F32CC81 changes role from FOLLOWER to CANDIDATE at term 0 for changeToCandidate
2019-07-14 16:42:32,422 INFO  server.RaftServerConfigKeys (ConfUtils.java:logGet(43)) - raft.server.log.appender.buffer.element-limit = 1 (custom)
2019-07-14 16:42:32,422 INFO  impl.RoleInfo (RoleInfo.java:updateAndGet(143)) - 9fd9e3e3-5262-496b-8df7-255f5916d7a3: start LeaderElection
2019-07-14 16:42:32,422 INFO  grpc.GrpcConfigKeys$Server (ConfUtils.java:logGet(43)) - raft.grpc.server.leader.outstanding.appends.max = 128 (default)
2019-07-14 16:42:32,427 INFO  server.RaftServerConfigKeys (ConfUtils.java:logGet(43)) - raft.server.rpc.request.timeout = 3000ms (default)
2019-07-14 16:42:32,435 INFO  server.RaftServerConfigKeys (ConfUtils.java:logGet(43)) - raft.server.log.appender.install.snapshot.enabled = false (custom)
2019-07-14 16:42:32,436 INFO  impl.RoleInfo (RoleInfo.java:updateAndGet(143)) - 9fd9e3e3-5262-496b-8df7-255f5916d7a3: start LeaderState
2019-07-14 16:42:32,436 INFO  segmented.SegmentedRaftLogWorker (SegmentedRaftLogWorker.java:startLogSegment(380)) - 9fd9e3e3-5262-496b-8df7-255f5916d7a3-SegmentedRaftLogWorker:Storage Directory /workdir/hadoop-ozone/integration-test/target/test-dir/MiniOzoneClusterImpl-8097b823-397b-4f28-adca-d7b431faadee/datanode-2/data/ratis/e048c973-63a2-4ef8-81a2-4658065892ad: Starting segment from index:0
2019-07-14 16:42:32,437 INFO  impl.RaftServerImpl (ServerState.java:setRaftConf(361)) - 9fd9e3e3-5262-496b-8df7-255f5916d7a3:group-4658065892AD set configuration 0: [9cd3a1db-b0fe-40bd-a539-64cc346e67f4:192.168.69.77:45336, 9fd9e3e3-5262-496b-8df7-255f5916d7a3:192.168.69.77:43911, 3cba4ce6-c4f5-4e1e-b7ad-40d7d1e29a4e:192.168.69.77:42261], old=null at 0
2019-07-14 16:42:32,462 INFO  impl.LeaderElection (LeaderElection.java:askForVotes(181)) - 9fd9e3e3-5262-496b-8df7-255f5916d7a3:group-AFD85F32CC81:LeaderElection24: begin an election at term 1 for -1: [9fd9e3e3-5262-496b-8df7-255f5916d7a3:192.168.69.77:43911], old=null
2019-07-14 16:42:32,463 INFO  impl.RoleInfo (RoleInfo.java:shutdownLeaderElection(134)) - 9fd9e3e3-5262-496b-8df7-255f5916d7a3: shutdown LeaderElection
2019-07-14 16:42:32,463 INFO  impl.RaftServerImpl (RaftServerImpl.java:setRole(171)) - 9fd9e3e3-5262-496b-8df7-255f5916d7a3:group-AFD85F32CC81 changes role from CANDIDATE to LEADER at term 1 for changeToLeader
2019-07-14 16:42:32,463 INFO  impl.RaftServerImpl (ServerState.java:setLeader(263)) - 9fd9e3e3-5262-496b-8df7-255f5916d7a3:group-AFD85F32CC81 change Leader from null to 9fd9e3e3-5262-496b-8df7-255f5916d7a3 at term 1 for becomeLeader, leader elected after 5236ms
2019-07-14 16:42:32,463 INFO  server.RaftServerConfigKeys (ConfUtils.java:logGet(43)) - raft.server.staging.catchup.gap = 1000 (default)
2019-07-14 16:42:32,463 INFO  server.RaftServerConfigKeys (ConfUtils.java:logGet(43)) - raft.server.rpc.sleep.time = 25ms (default)
2019-07-14 16:42:32,464 INFO  server.RaftServerConfigKeys (ConfUtils.java:logGet(43)) - raft.server.write.element-limit = 4096 (default)
2019-07-14 16:42:32,464 INFO  server.RaftServerConfigKeys (ConfUtils.java:logGet(43)) - raft.server.watch.timeout = 10s (default)
2019-07-14 16:42:32,464 INFO  server.RaftServerConfigKeys (ConfUtils.java:logGet(43)) - raft.server.watch.timeout.denomination = 1s (default)
2019-07-14 16:42:32,464 INFO  server.RaftServerConfigKeys (ConfUtils.java:logGet(43)) - raft.server.watch.element-limit = 65536 (default)
2019-07-14 16:42:32,464 INFO  impl.RoleInfo (RoleInfo.java:updateAndGet(143)) - 9fd9e3e3-5262-496b-8df7-255f5916d7a3: start LeaderState
2019-07-14 16:42:32,464 INFO  impl.RaftServerImpl (ServerState.java:setLeader(263)) - 9cd3a1db-b0fe-40bd-a539-64cc346e67f4:group-4658065892AD change Leader from null to 9fd9e3e3-5262-496b-8df7-255f5916d7a3 at term 1 for appendEntries, leader elected after 5168ms
2019-07-14 16:42:32,465 INFO  segmented.SegmentedRaftLogWorker (SegmentedRaftLogWorker.java:startLogSegment(380)) - 9fd9e3e3-5262-496b-8df7-255f5916d7a3-SegmentedRaftLogWorker:Storage Directory /workdir/hadoop-ozone/integration-test/target/test-dir/MiniOzoneClusterImpl-8097b823-397b-4f28-adca-d7b431faadee/datanode-2/data/ratis/f8144225-8676-4d52-a8d0-afd85f32cc81: Starting segment from index:0
2019-07-14 16:42:32,465 INFO  impl.RaftServerImpl (ServerState.java:setLeader(263)) - 3cba4ce6-c4f5-4e1e-b7ad-40d7d1e29a4e:group-4658065892AD change Leader from null to 9fd9e3e3-5262-496b-8df7-255f5916d7a3 at term 1 for appendEntries, leader elected after 5169ms
2019-07-14 16:42:32,465 INFO  impl.RaftServerImpl (ServerState.java:setRaftConf(361)) - 9fd9e3e3-5262-496b-8df7-255f5916d7a3:group-AFD85F32CC81 set configuration 0: [9fd9e3e3-5262-496b-8df7-255f5916d7a3:192.168.69.77:43911], old=null at 0
2019-07-14 16:42:32,492 INFO  segmented.SegmentedRaftLogWorker (SegmentedRaftLogWorker.java:execute(569)) - 9fd9e3e3-5262-496b-8df7-255f5916d7a3-SegmentedRaftLogWorker:Storage Directory /workdir/hadoop-ozone/integration-test/target/test-dir/MiniOzoneClusterImpl-8097b823-397b-4f28-adca-d7b431faadee/datanode-2/data/ratis/e048c973-63a2-4ef8-81a2-4658065892ad: created new log segment /workdir/hadoop-ozone/integration-test/target/test-dir/MiniOzoneClusterImpl-8097b823-397b-4f28-adca-d7b431faadee/datanode-2/data/ratis/e048c973-63a2-4ef8-81a2-4658065892ad/current/log_inprogress_0
2019-07-14 16:42:32,500 INFO  impl.RaftServerImpl (ServerState.java:setRaftConf(361)) - 9cd3a1db-b0fe-40bd-a539-64cc346e67f4:group-4658065892AD set configuration 0: [9cd3a1db-b0fe-40bd-a539-64cc346e67f4:192.168.69.77:45336, 9fd9e3e3-5262-496b-8df7-255f5916d7a3:192.168.69.77:43911, 3cba4ce6-c4f5-4e1e-b7ad-40d7d1e29a4e:192.168.69.77:42261], old=null at 0
2019-07-14 16:42:32,500 INFO  impl.RaftServerImpl (ServerState.java:setRaftConf(361)) - 3cba4ce6-c4f5-4e1e-b7ad-40d7d1e29a4e:group-4658065892AD set configuration 0: [9cd3a1db-b0fe-40bd-a539-64cc346e67f4:192.168.69.77:45336, 9fd9e3e3-5262-496b-8df7-255f5916d7a3:192.168.69.77:43911, 3cba4ce6-c4f5-4e1e-b7ad-40d7d1e29a4e:192.168.69.77:42261], old=null at 0
2019-07-14 16:42:32,500 INFO  segmented.SegmentedRaftLogWorker (SegmentedRaftLogWorker.java:startLogSegment(380)) - 9cd3a1db-b0fe-40bd-a539-64cc346e67f4-SegmentedRaftLogWorker:Storage Directory /workdir/hadoop-ozone/integration-test/target/test-dir/MiniOzoneClusterImpl-8097b823-397b-4f28-adca-d7b431faadee/datanode-0/data/ratis/e048c973-63a2-4ef8-81a2-4658065892ad: Starting segment from index:0
2019-07-14 16:42:32,501 INFO  client.GrpcClientProtocolClient (GrpcClientProtocolClient.java:onNext(255)) - client-88FD6BAE1016->9cd3a1db-b0fe-40bd-a539-64cc346e67f4: receive RaftClientReply:client-88FD6BAE1016->9cd3a1db-b0fe-40bd-a539-64cc346e67f4@group-4658065892AD, cid=52, FAILED org.apache.ratis.protocol.NotLeaderException: Server 9cd3a1db-b0fe-40bd-a539-64cc346e67f4 is not the leader (9fd9e3e3-5262-496b-8df7-255f5916d7a3:192.168.69.77:43911). Request must be sent to leader., logIndex=0, commits[9cd3a1db-b0fe-40bd-a539-64cc346e67f4:c-1, 9fd9e3e3-5262-496b-8df7-255f5916d7a3:c-1, 3cba4ce6-c4f5-4e1e-b7ad-40d7d1e29a4e:c-1]
2019-07-14 16:42:32,501 INFO  segmented.SegmentedRaftLogWorker (SegmentedRaftLogWorker.java:startLogSegment(380)) - 3cba4ce6-c4f5-4e1e-b7ad-40d7d1e29a4e-SegmentedRaftLogWorker:Storage Directory /workdir/hadoop-ozone/integration-test/target/test-dir/MiniOzoneClusterImpl-8097b823-397b-4f28-adca-d7b431faadee/datanode-1/data/ratis/e048c973-63a2-4ef8-81a2-4658065892ad: Starting segment from index:0
2019-07-14 16:42:32,505 INFO  segmented.SegmentedRaftLogWorker (SegmentedRaftLogWorker.java:execute(569)) - 9fd9e3e3-5262-496b-8df7-255f5916d7a3-SegmentedRaftLogWorker:Storage Directory /workdir/hadoop-ozone/integration-test/target/test-dir/MiniOzoneClusterImpl-8097b823-397b-4f28-adca-d7b431faadee/datanode-2/data/ratis/f8144225-8676-4d52-a8d0-afd85f32cc81: created new log segment /workdir/hadoop-ozone/integration-test/target/test-dir/MiniOzoneClusterImpl-8097b823-397b-4f28-adca-d7b431faadee/datanode-2/data/ratis/f8144225-8676-4d52-a8d0-afd85f32cc81/current/log_inprogress_0
2019-07-14 16:42:32,548 INFO  segmented.SegmentedRaftLogWorker (SegmentedRaftLogWorker.java:execute(569)) - 9cd3a1db-b0fe-40bd-a539-64cc346e67f4-SegmentedRaftLogWorker:Storage Directory /workdir/hadoop-ozone/integration-test/target/test-dir/MiniOzoneClusterImpl-8097b823-397b-4f28-adca-d7b431faadee/datanode-0/data/ratis/e048c973-63a2-4ef8-81a2-4658065892ad: created new log segment /workdir/hadoop-ozone/integration-test/target/test-dir/MiniOzoneClusterImpl-8097b823-397b-4f28-adca-d7b431faadee/datanode-0/data/ratis/e048c973-63a2-4ef8-81a2-4658065892ad/current/log_inprogress_0
2019-07-14 16:42:32,569 INFO  segmented.SegmentedRaftLogWorker (SegmentedRaftLogWorker.java:execute(569)) - 3cba4ce6-c4f5-4e1e-b7ad-40d7d1e29a4e-SegmentedRaftLogWorker:Storage Directory /workdir/hadoop-ozone/integration-test/target/test-dir/MiniOzoneClusterImpl-8097b823-397b-4f28-adca-d7b431faadee/datanode-1/data/ratis/e048c973-63a2-4ef8-81a2-4658065892ad: created new log segment /workdir/hadoop-ozone/integration-test/target/test-dir/MiniOzoneClusterImpl-8097b823-397b-4f28-adca-d7b431faadee/datanode-1/data/ratis/e048c973-63a2-4ef8-81a2-4658065892ad/current/log_inprogress_0
2019-07-14 16:42:32,689 INFO  impl.FollowerState (FollowerState.java:run(106)) - 8d37726f-b13e-4a32-b323-1c7a6d08d96c:group-8C8FCEDE04D7 changes to CANDIDATE, lastRpcTime:5187, electionTimeout:5183ms
2019-07-14 16:42:32,689 INFO  impl.RoleInfo (RoleInfo.java:shutdownFollowerState(121)) - 8d37726f-b13e-4a32-b323-1c7a6d08d96c: shutdown FollowerState
2019-07-14 16:42:32,689 INFO  impl.RaftServerImpl (RaftServerImpl.java:setRole(171)) - 8d37726f-b13e-4a32-b323-1c7a6d08d96c:group-8C8FCEDE04D7 changes role from FOLLOWER to CANDIDATE at term 0 for changeToCandidate
2019-07-14 16:42:32,700 INFO  impl.RoleInfo (RoleInfo.java:updateAndGet(143)) - 8d37726f-b13e-4a32-b323-1c7a6d08d96c: start LeaderElection
2019-07-14 16:42:32,721 INFO  client.GrpcClientProtocolClient (GrpcClientProtocolClient.java:onNext(255)) - client-88FD6BAE1016->9fd9e3e3-5262-496b-8df7-255f5916d7a3: receive RaftClientReply:client-88FD6BAE1016->9fd9e3e3-5262-496b-8df7-255f5916d7a3@group-4658065892AD, cid=52, SUCCESS, logIndex=1, commits[9fd9e3e3-5262-496b-8df7-255f5916d7a3:c2, 9cd3a1db-b0fe-40bd-a539-64cc346e67f4:c1, 3cba4ce6-c4f5-4e1e-b7ad-40d7d1e29a4e:c1]
2019-07-14 16:42:32,726 INFO  datanode.ObjectStoreHandler (ObjectStoreHandler.java:close(155)) - Closing ObjectStoreHandler.
2019-07-14 16:42:32,727 INFO  ozone.HddsDatanodeService (HddsDatanodeService.java:stop(452)) - Stopped plug-in org.apache.hadoop.ozone.web.OzoneHddsDatanodeService@147059f8
2019-07-14 16:42:32,732 INFO  impl.LeaderElection (LeaderElection.java:askForVotes(181)) - 8d37726f-b13e-4a32-b323-1c7a6d08d96c:group-8C8FCEDE04D7:LeaderElection25: begin an election at term 1 for -1: [8d37726f-b13e-4a32-b323-1c7a6d08d96c:192.168.69.77:35063], old=null
2019-07-14 16:42:32,733 INFO  impl.RoleInfo (RoleInfo.java:shutdownLeaderElection(134)) - 8d37726f-b13e-4a32-b323-1c7a6d08d96c: shutdown LeaderElection
2019-07-14 16:42:32,733 INFO  impl.RaftServerImpl (RaftServerImpl.java:setRole(171)) - 8d37726f-b13e-4a32-b323-1c7a6d08d96c:group-8C8FCEDE04D7 changes role from CANDIDATE to LEADER at term 1 for changeToLeader
2019-07-14 16:42:32,733 INFO  impl.RaftServerImpl (ServerState.java:setLeader(263)) - 8d37726f-b13e-4a32-b323-1c7a6d08d96c:group-8C8FCEDE04D7 change Leader from null to 8d37726f-b13e-4a32-b323-1c7a6d08d96c at term 1 for becomeLeader, leader elected after 5236ms
2019-07-14 16:42:32,733 INFO  server.RaftServerConfigKeys (ConfUtils.java:logGet(43)) - raft.server.staging.catchup.gap = 1000 (default)
2019-07-14 16:42:32,733 INFO  server.RaftServerConfigKeys (ConfUtils.java:logGet(43)) - raft.server.rpc.sleep.time = 25ms (default)
2019-07-14 16:42:32,733 INFO  server.RaftServerConfigKeys (ConfUtils.java:logGet(43)) - raft.server.write.element-limit = 4096 (default)
2019-07-14 16:42:32,734 INFO  server.RaftServerConfigKeys (ConfUtils.java:logGet(43)) - raft.server.watch.timeout = 10s (default)
2019-07-14 16:42:32,734 INFO  server.RaftServerConfigKeys (ConfUtils.java:logGet(43)) - raft.server.watch.timeout.denomination = 1s (default)
2019-07-14 16:42:32,734 INFO  server.RaftServerConfigKeys (ConfUtils.java:logGet(43)) - raft.server.watch.element-limit = 65536 (default)
2019-07-14 16:42:32,734 INFO  impl.RoleInfo (RoleInfo.java:updateAndGet(143)) - 8d37726f-b13e-4a32-b323-1c7a6d08d96c: start LeaderState
2019-07-14 16:42:32,734 INFO  segmented.SegmentedRaftLogWorker (SegmentedRaftLogWorker.java:startLogSegment(380)) - 8d37726f-b13e-4a32-b323-1c7a6d08d96c-SegmentedRaftLogWorker:Storage Directory /workdir/hadoop-ozone/integration-test/target/test-dir/MiniOzoneClusterImpl-8097b823-397b-4f28-adca-d7b431faadee/datanode-3/data/ratis/adbffbcf-8dec-40cc-a4b4-8c8fcede04d7: Starting segment from index:0
2019-07-14 16:42:32,735 INFO  impl.RaftServerImpl (ServerState.java:setRaftConf(361)) - 8d37726f-b13e-4a32-b323-1c7a6d08d96c:group-8C8FCEDE04D7 set configuration 0: [8d37726f-b13e-4a32-b323-1c7a6d08d96c:192.168.69.77:35063], old=null at 0
2019-07-14 16:42:32,803 INFO  segmented.SegmentedRaftLogWorker (SegmentedRaftLogWorker.java:execute(569)) - 8d37726f-b13e-4a32-b323-1c7a6d08d96c-SegmentedRaftLogWorker:Storage Directory /workdir/hadoop-ozone/integration-test/target/test-dir/MiniOzoneClusterImpl-8097b823-397b-4f28-adca-d7b431faadee/datanode-3/data/ratis/adbffbcf-8dec-40cc-a4b4-8c8fcede04d7: created new log segment /workdir/hadoop-ozone/integration-test/target/test-dir/MiniOzoneClusterImpl-8097b823-397b-4f28-adca-d7b431faadee/datanode-3/data/ratis/adbffbcf-8dec-40cc-a4b4-8c8fcede04d7/current/log_inprogress_0
2019-07-14 16:42:32,903 INFO  impl.FollowerState (FollowerState.java:run(106)) - 714029a6-fd27-4dc8-92a6-e871964dec37:group-BD17D6A20FC9 changes to CANDIDATE, lastRpcTime:5118, electionTimeout:5118ms
2019-07-14 16:42:32,903 INFO  impl.RoleInfo (RoleInfo.java:shutdownFollowerState(121)) - 714029a6-fd27-4dc8-92a6-e871964dec37: shutdown FollowerState
2019-07-14 16:42:32,903 INFO  impl.RaftServerImpl (RaftServerImpl.java:setRole(171)) - 714029a6-fd27-4dc8-92a6-e871964dec37:group-BD17D6A20FC9 changes role from FOLLOWER to CANDIDATE at term 0 for changeToCandidate
2019-07-14 16:42:32,903 INFO  impl.RoleInfo (RoleInfo.java:updateAndGet(143)) - 714029a6-fd27-4dc8-92a6-e871964dec37: start LeaderElection
2019-07-14 16:42:32,951 INFO  impl.LeaderElection (LeaderElection.java:askForVotes(181)) - 714029a6-fd27-4dc8-92a6-e871964dec37:group-BD17D6A20FC9:LeaderElection26: begin an election at term 1 for -1: [714029a6-fd27-4dc8-92a6-e871964dec37:192.168.69.77:43293], old=null
2019-07-14 16:42:32,951 INFO  impl.RoleInfo (RoleInfo.java:shutdownLeaderElection(134)) - 714029a6-fd27-4dc8-92a6-e871964dec37: shutdown LeaderElection
2019-07-14 16:42:32,952 INFO  impl.RaftServerImpl (RaftServerImpl.java:setRole(171)) - 714029a6-fd27-4dc8-92a6-e871964dec37:group-BD17D6A20FC9 changes role from CANDIDATE to LEADER at term 1 for changeToLeader
2019-07-14 16:42:32,952 INFO  impl.RaftServerImpl (ServerState.java:setLeader(263)) - 714029a6-fd27-4dc8-92a6-e871964dec37:group-BD17D6A20FC9 change Leader from null to 714029a6-fd27-4dc8-92a6-e871964dec37 at term 1 for becomeLeader, leader elected after 5172ms
2019-07-14 16:42:32,952 INFO  server.RaftServerConfigKeys (ConfUtils.java:logGet(43)) - raft.server.staging.catchup.gap = 1000 (default)
2019-07-14 16:42:32,952 INFO  server.RaftServerConfigKeys (ConfUtils.java:logGet(43)) - raft.server.rpc.sleep.time = 25ms (default)
2019-07-14 16:42:32,952 INFO  server.RaftServerConfigKeys (ConfUtils.java:logGet(43)) - raft.server.write.element-limit = 4096 (default)
2019-07-14 16:42:32,952 INFO  server.RaftServerConfigKeys (ConfUtils.java:logGet(43)) - raft.server.watch.timeout = 10s (default)
2019-07-14 16:42:32,953 INFO  server.RaftServerConfigKeys (ConfUtils.java:logGet(43)) - raft.server.watch.timeout.denomination = 1s (default)
2019-07-14 16:42:32,953 INFO  server.RaftServerConfigKeys (ConfUtils.java:logGet(43)) - raft.server.watch.element-limit = 65536 (default)
2019-07-14 16:42:32,953 INFO  impl.RoleInfo (RoleInfo.java:updateAndGet(143)) - 714029a6-fd27-4dc8-92a6-e871964dec37: start LeaderState
2019-07-14 16:42:32,953 INFO  segmented.SegmentedRaftLogWorker (SegmentedRaftLogWorker.java:startLogSegment(380)) - 714029a6-fd27-4dc8-92a6-e871964dec37-SegmentedRaftLogWorker:Storage Directory /workdir/hadoop-ozone/integration-test/target/test-dir/MiniOzoneClusterImpl-8097b823-397b-4f28-adca-d7b431faadee/datanode-4/data/ratis/aa5cd0cb-d2bd-4305-9789-bd17d6a20fc9: Starting segment from index:0
2019-07-14 16:42:32,954 INFO  impl.RaftServerImpl (ServerState.java:setRaftConf(361)) - 714029a6-fd27-4dc8-92a6-e871964dec37:group-BD17D6A20FC9 set configuration 0: [714029a6-fd27-4dc8-92a6-e871964dec37:192.168.69.77:43293], old=null at 0
2019-07-14 16:42:32,986 INFO  segmented.SegmentedRaftLogWorker (SegmentedRaftLogWorker.java:execute(569)) - 714029a6-fd27-4dc8-92a6-e871964dec37-SegmentedRaftLogWorker:Storage Directory /workdir/hadoop-ozone/integration-test/target/test-dir/MiniOzoneClusterImpl-8097b823-397b-4f28-adca-d7b431faadee/datanode-4/data/ratis/aa5cd0cb-d2bd-4305-9789-bd17d6a20fc9: created new log segment /workdir/hadoop-ozone/integration-test/target/test-dir/MiniOzoneClusterImpl-8097b823-397b-4f28-adca-d7b431faadee/datanode-4/data/ratis/aa5cd0cb-d2bd-4305-9789-bd17d6a20fc9/current/log_inprogress_0
2019-07-14 16:42:33,157 INFO  impl.FollowerState (FollowerState.java:run(106)) - 8d37726f-b13e-4a32-b323-1c7a6d08d96c:group-7C5BD848CA3E changes to CANDIDATE, lastRpcTime:5003, electionTimeout:5003ms
2019-07-14 16:42:33,157 INFO  impl.RoleInfo (RoleInfo.java:shutdownFollowerState(121)) - 8d37726f-b13e-4a32-b323-1c7a6d08d96c: shutdown FollowerState
2019-07-14 16:42:33,157 INFO  impl.RaftServerImpl (RaftServerImpl.java:setRole(171)) - 8d37726f-b13e-4a32-b323-1c7a6d08d96c:group-7C5BD848CA3E changes role from FOLLOWER to CANDIDATE at term 0 for changeToCandidate
2019-07-14 16:42:33,157 INFO  impl.RoleInfo (RoleInfo.java:updateAndGet(143)) - 8d37726f-b13e-4a32-b323-1c7a6d08d96c: start LeaderElection
2019-07-14 16:42:33,192 INFO  impl.LeaderElection (LeaderElection.java:askForVotes(181)) - 8d37726f-b13e-4a32-b323-1c7a6d08d96c:group-7C5BD848CA3E:LeaderElection27: begin an election at term 1 for -1: [8d37726f-b13e-4a32-b323-1c7a6d08d96c:192.168.69.77:35063, 9696ff71-dd4a-4a33-9139-8e8effbb68fa:192.168.69.77:36114, 714029a6-fd27-4dc8-92a6-e871964dec37:192.168.69.77:43293], old=null
2019-07-14 16:42:33,212 INFO  impl.RaftServerImpl (RaftServerImpl.java:setRole(171)) - 9696ff71-dd4a-4a33-9139-8e8effbb68fa:group-7C5BD848CA3E changes role from FOLLOWER to FOLLOWER at term 1 for recognizeCandidate:8d37726f-b13e-4a32-b323-1c7a6d08d96c
2019-07-14 16:42:33,217 INFO  impl.RaftServerImpl (RaftServerImpl.java:setRole(171)) - 714029a6-fd27-4dc8-92a6-e871964dec37:group-7C5BD848CA3E changes role from FOLLOWER to FOLLOWER at term 1 for recognizeCandidate:8d37726f-b13e-4a32-b323-1c7a6d08d96c
2019-07-14 16:42:33,218 INFO  impl.RoleInfo (RoleInfo.java:shutdownFollowerState(121)) - 714029a6-fd27-4dc8-92a6-e871964dec37: shutdown FollowerState
2019-07-14 16:42:33,217 INFO  impl.RoleInfo (RoleInfo.java:shutdownFollowerState(121)) - 9696ff71-dd4a-4a33-9139-8e8effbb68fa: shutdown FollowerState
2019-07-14 16:42:33,218 INFO  impl.FollowerState (FollowerState.java:run(114)) - 714029a6-fd27-4dc8-92a6-e871964dec37: FollowerState was interrupted: java.lang.InterruptedException: sleep interrupted
2019-07-14 16:42:33,218 INFO  impl.RoleInfo (RoleInfo.java:updateAndGet(143)) - 714029a6-fd27-4dc8-92a6-e871964dec37: start FollowerState
2019-07-14 16:42:33,223 INFO  impl.RoleInfo (RoleInfo.java:updateAndGet(143)) - 9696ff71-dd4a-4a33-9139-8e8effbb68fa: start FollowerState
2019-07-14 16:42:33,249 INFO  impl.LeaderElection (LeaderElection.java:logAndReturn(56)) - 8d37726f-b13e-4a32-b323-1c7a6d08d96c:group-7C5BD848CA3E:LeaderElection27: Election PASSED; received 1 response(s) [8d37726f-b13e-4a32-b323-1c7a6d08d96c<-714029a6-fd27-4dc8-92a6-e871964dec37#0:OK-t1] and 0 exception(s); 8d37726f-b13e-4a32-b323-1c7a6d08d96c:t1, leader=null, voted=8d37726f-b13e-4a32-b323-1c7a6d08d96c, raftlog=8d37726f-b13e-4a32-b323-1c7a6d08d96c-SegmentedRaftLog:OPENED:c-1,f-1,i0, conf=-1: [8d37726f-b13e-4a32-b323-1c7a6d08d96c:192.168.69.77:35063, 9696ff71-dd4a-4a33-9139-8e8effbb68fa:192.168.69.77:36114, 714029a6-fd27-4dc8-92a6-e871964dec37:192.168.69.77:43293], old=null
2019-07-14 16:42:33,250 INFO  impl.FollowerState (FollowerState.java:run(106)) - 9696ff71-dd4a-4a33-9139-8e8effbb68fa:group-92E9173BFB7B changes to CANDIDATE, lastRpcTime:5163, electionTimeout:5163ms
2019-07-14 16:42:33,250 INFO  impl.RoleInfo (RoleInfo.java:shutdownFollowerState(121)) - 9696ff71-dd4a-4a33-9139-8e8effbb68fa: shutdown FollowerState
2019-07-14 16:42:33,250 INFO  impl.RoleInfo (RoleInfo.java:shutdownLeaderElection(134)) - 8d37726f-b13e-4a32-b323-1c7a6d08d96c: shutdown LeaderElection
2019-07-14 16:42:33,250 INFO  impl.RaftServerImpl (RaftServerImpl.java:setRole(171)) - 9696ff71-dd4a-4a33-9139-8e8effbb68fa:group-92E9173BFB7B changes role from FOLLOWER to CANDIDATE at term 0 for changeToCandidate
2019-07-14 16:42:33,250 INFO  impl.RaftServerImpl (RaftServerImpl.java:setRole(171)) - 8d37726f-b13e-4a32-b323-1c7a6d08d96c:group-7C5BD848CA3E changes role from CANDIDATE to LEADER at term 1 for changeToLeader
2019-07-14 16:42:33,250 INFO  impl.RoleInfo (RoleInfo.java:updateAndGet(143)) - 9696ff71-dd4a-4a33-9139-8e8effbb68fa: start LeaderElection
2019-07-14 16:42:33,250 INFO  impl.RaftServerImpl (ServerState.java:setLeader(263)) - 8d37726f-b13e-4a32-b323-1c7a6d08d96c:group-7C5BD848CA3E change Leader from null to 8d37726f-b13e-4a32-b323-1c7a6d08d96c at term 1 for becomeLeader, leader elected after 5106ms
2019-07-14 16:42:33,251 INFO  server.RaftServerConfigKeys (ConfUtils.java:logGet(43)) - raft.server.staging.catchup.gap = 1000 (default)
2019-07-14 16:42:33,267 INFO  server.RaftServerConfigKeys (ConfUtils.java:logGet(43)) - raft.server.rpc.sleep.time = 25ms (default)
2019-07-14 16:42:33,268 INFO  server.RaftServerConfigKeys (ConfUtils.java:logGet(43)) - raft.server.write.element-limit = 4096 (default)
2019-07-14 16:42:33,268 INFO  server.RaftServerConfigKeys (ConfUtils.java:logGet(43)) - raft.server.watch.timeout = 10s (default)
2019-07-14 16:42:33,268 INFO  server.RaftServerConfigKeys (ConfUtils.java:logGet(43)) - raft.server.watch.timeout.denomination = 1s (default)
2019-07-14 16:42:33,268 INFO  server.RaftServerConfigKeys (ConfUtils.java:logGet(43)) - raft.server.watch.element-limit = 65536 (default)
2019-07-14 16:42:33,268 INFO  server.RaftServerConfigKeys (ConfUtils.java:logGet(43)) - raft.server.log.appender.snapshot.chunk.size.max = 16MB (=16777216) (default)
2019-07-14 16:42:33,269 INFO  server.RaftServerConfigKeys (ConfUtils.java:logGet(43)) - raft.server.log.appender.buffer.byte-limit = 33554432 (custom)
2019-07-14 16:42:33,269 INFO  server.RaftServerConfigKeys (ConfUtils.java:logGet(43)) - raft.server.log.appender.buffer.element-limit = 1 (custom)
2019-07-14 16:42:33,269 INFO  grpc.GrpcConfigKeys$Server (ConfUtils.java:logGet(43)) - raft.grpc.server.leader.outstanding.appends.max = 128 (default)
2019-07-14 16:42:33,270 INFO  server.RaftServerConfigKeys (ConfUtils.java:logGet(43)) - raft.server.rpc.request.timeout = 3000ms (default)
2019-07-14 16:42:33,270 INFO  server.RaftServerConfigKeys (ConfUtils.java:logGet(43)) - raft.server.log.appender.install.snapshot.enabled = false (custom)
2019-07-14 16:42:33,270 INFO  server.RaftServerConfigKeys (ConfUtils.java:logGet(43)) - raft.server.log.appender.snapshot.chunk.size.max = 16MB (=16777216) (default)
2019-07-14 16:42:33,270 INFO  server.RaftServerConfigKeys (ConfUtils.java:logGet(43)) - raft.server.log.appender.buffer.byte-limit = 33554432 (custom)
2019-07-14 16:42:33,270 INFO  server.RaftServerConfigKeys (ConfUtils.java:logGet(43)) - raft.server.log.appender.buffer.element-limit = 1 (custom)
2019-07-14 16:42:33,271 INFO  grpc.GrpcConfigKeys$Server (ConfUtils.java:logGet(43)) - raft.grpc.server.leader.outstanding.appends.max = 128 (default)
2019-07-14 16:42:33,271 INFO  server.RaftServerConfigKeys (ConfUtils.java:logGet(43)) - raft.server.rpc.request.timeout = 3000ms (default)
2019-07-14 16:42:33,271 INFO  server.RaftServerConfigKeys (ConfUtils.java:logGet(43)) - raft.server.log.appender.install.snapshot.enabled = false (custom)
2019-07-14 16:42:33,271 INFO  impl.RoleInfo (RoleInfo.java:updateAndGet(143)) - 8d37726f-b13e-4a32-b323-1c7a6d08d96c: start LeaderState
2019-07-14 16:42:33,272 INFO  segmented.SegmentedRaftLogWorker (SegmentedRaftLogWorker.java:startLogSegment(380)) - 8d37726f-b13e-4a32-b323-1c7a6d08d96c-SegmentedRaftLogWorker:Storage Directory /workdir/hadoop-ozone/integration-test/target/test-dir/MiniOzoneClusterImpl-8097b823-397b-4f28-adca-d7b431faadee/datanode-3/data/ratis/6cee6fa3-a9df-447b-bce5-7c5bd848ca3e: Starting segment from index:0
2019-07-14 16:42:33,273 INFO  impl.RaftServerImpl (ServerState.java:setRaftConf(361)) - 8d37726f-b13e-4a32-b323-1c7a6d08d96c:group-7C5BD848CA3E set configuration 0: [8d37726f-b13e-4a32-b323-1c7a6d08d96c:192.168.69.77:35063, 9696ff71-dd4a-4a33-9139-8e8effbb68fa:192.168.69.77:36114, 714029a6-fd27-4dc8-92a6-e871964dec37:192.168.69.77:43293], old=null at 0
2019-07-14 16:42:33,274 INFO  impl.RaftServerImpl (ServerState.java:setLeader(263)) - 9696ff71-dd4a-4a33-9139-8e8effbb68fa:group-7C5BD848CA3E change Leader from null to 8d37726f-b13e-4a32-b323-1c7a6d08d96c at term 1 for appendEntries, leader elected after 5130ms
2019-07-14 16:42:33,299 INFO  impl.RaftServerImpl (ServerState.java:setLeader(263)) - 714029a6-fd27-4dc8-92a6-e871964dec37:group-7C5BD848CA3E change Leader from null to 8d37726f-b13e-4a32-b323-1c7a6d08d96c at term 1 for appendEntries, leader elected after 5154ms
2019-07-14 16:42:33,299 INFO  impl.LeaderElection (LeaderElection.java:askForVotes(181)) - 9696ff71-dd4a-4a33-9139-8e8effbb68fa:group-92E9173BFB7B:LeaderElection28: begin an election at term 1 for -1: [9696ff71-dd4a-4a33-9139-8e8effbb68fa:192.168.69.77:36114], old=null
2019-07-14 16:42:33,300 INFO  impl.RoleInfo (RoleInfo.java:shutdownLeaderElection(134)) - 9696ff71-dd4a-4a33-9139-8e8effbb68fa: shutdown LeaderElection
2019-07-14 16:42:33,300 INFO  impl.RaftServerImpl (RaftServerImpl.java:setRole(171)) - 9696ff71-dd4a-4a33-9139-8e8effbb68fa:group-92E9173BFB7B changes role from CANDIDATE to LEADER at term 1 for changeToLeader
2019-07-14 16:42:33,300 INFO  impl.RaftServerImpl (ServerState.java:setLeader(263)) - 9696ff71-dd4a-4a33-9139-8e8effbb68fa:group-92E9173BFB7B change Leader from null to 9696ff71-dd4a-4a33-9139-8e8effbb68fa at term 1 for becomeLeader, leader elected after 5218ms
2019-07-14 16:42:33,300 INFO  server.RaftServerConfigKeys (ConfUtils.java:logGet(43)) - raft.server.staging.catchup.gap = 1000 (default)
2019-07-14 16:42:33,301 INFO  server.RaftServerConfigKeys (ConfUtils.java:logGet(43)) - raft.server.rpc.sleep.time = 25ms (default)
2019-07-14 16:42:33,301 INFO  server.RaftServerConfigKeys (ConfUtils.java:logGet(43)) - raft.server.write.element-limit = 4096 (default)
2019-07-14 16:42:33,301 INFO  server.RaftServerConfigKeys (ConfUtils.java:logGet(43)) - raft.server.watch.timeout = 10s (default)
2019-07-14 16:42:33,301 INFO  server.RaftServerConfigKeys (ConfUtils.java:logGet(43)) - raft.server.watch.timeout.denomination = 1s (default)
2019-07-14 16:42:33,301 INFO  server.RaftServerConfigKeys (ConfUtils.java:logGet(43)) - raft.server.watch.element-limit = 65536 (default)
2019-07-14 16:42:33,301 INFO  impl.RoleInfo (RoleInfo.java:updateAndGet(143)) - 9696ff71-dd4a-4a33-9139-8e8effbb68fa: start LeaderState
2019-07-14 16:42:33,302 INFO  segmented.SegmentedRaftLogWorker (SegmentedRaftLogWorker.java:startLogSegment(380)) - 9696ff71-dd4a-4a33-9139-8e8effbb68fa-SegmentedRaftLogWorker:Storage Directory /workdir/hadoop-ozone/integration-test/target/test-dir/MiniOzoneClusterImpl-8097b823-397b-4f28-adca-d7b431faadee/datanode-5/data/ratis/af4115e5-1b43-47bf-b5d5-92e9173bfb7b: Starting segment from index:0
2019-07-14 16:42:33,302 INFO  impl.RaftServerImpl (ServerState.java:setRaftConf(361)) - 9696ff71-dd4a-4a33-9139-8e8effbb68fa:group-92E9173BFB7B set configuration 0: [9696ff71-dd4a-4a33-9139-8e8effbb68fa:192.168.69.77:36114], old=null at 0
2019-07-14 16:42:33,303 INFO  impl.RaftServerImpl (ServerState.java:setRaftConf(361)) - 9696ff71-dd4a-4a33-9139-8e8effbb68fa:group-7C5BD848CA3E set configuration 0: [8d37726f-b13e-4a32-b323-1c7a6d08d96c:192.168.69.77:35063, 9696ff71-dd4a-4a33-9139-8e8effbb68fa:192.168.69.77:36114, 714029a6-fd27-4dc8-92a6-e871964dec37:192.168.69.77:43293], old=null at 0
2019-07-14 16:42:33,303 WARN  server.GrpcLogAppender (LogUtils.java:warn(134)) - 77d8bfd8-9417-42e4-b630-e55bb18b8339->68a5dfdb-c74c-438f-a088-2062485c848e: Failed appendEntries: org.apache.ratis.thirdparty.io.grpc.StatusRuntimeException: UNAVAILABLE: io exception
2019-07-14 16:42:33,303 INFO  segmented.SegmentedRaftLogWorker (SegmentedRaftLogWorker.java:startLogSegment(380)) - 9696ff71-dd4a-4a33-9139-8e8effbb68fa-SegmentedRaftLogWorker:Storage Directory /workdir/hadoop-ozone/integration-test/target/test-dir/MiniOzoneClusterImpl-8097b823-397b-4f28-adca-d7b431faadee/datanode-5/data/ratis/6cee6fa3-a9df-447b-bce5-7c5bd848ca3e: Starting segment from index:0
2019-07-14 16:42:33,327 INFO  impl.FollowerInfo (FollowerInfo.java:lambda$new$0(50)) - 77d8bfd8-9417-42e4-b630-e55bb18b8339->68a5dfdb-c74c-438f-a088-2062485c848e: nextIndex: updateUnconditionally 0 -> 0
2019-07-14 16:42:33,326 INFO  segmented.SegmentedRaftLogWorker (SegmentedRaftLogWorker.java:execute(569)) - 8d37726f-b13e-4a32-b323-1c7a6d08d96c-SegmentedRaftLogWorker:Storage Directory /workdir/hadoop-ozone/integration-test/target/test-dir/MiniOzoneClusterImpl-8097b823-397b-4f28-adca-d7b431faadee/datanode-3/data/ratis/6cee6fa3-a9df-447b-bce5-7c5bd848ca3e: created new log segment /workdir/hadoop-ozone/integration-test/target/test-dir/MiniOzoneClusterImpl-8097b823-397b-4f28-adca-d7b431faadee/datanode-3/data/ratis/6cee6fa3-a9df-447b-bce5-7c5bd848ca3e/current/log_inprogress_0
2019-07-14 16:42:33,327 INFO  impl.RaftServerImpl (ServerState.java:setRaftConf(361)) - 714029a6-fd27-4dc8-92a6-e871964dec37:group-7C5BD848CA3E set configuration 0: [8d37726f-b13e-4a32-b323-1c7a6d08d96c:192.168.69.77:35063, 9696ff71-dd4a-4a33-9139-8e8effbb68fa:192.168.69.77:36114, 714029a6-fd27-4dc8-92a6-e871964dec37:192.168.69.77:43293], old=null at 0
2019-07-14 16:42:33,328 INFO  segmented.SegmentedRaftLogWorker (SegmentedRaftLogWorker.java:startLogSegment(380)) - 714029a6-fd27-4dc8-92a6-e871964dec37-SegmentedRaftLogWorker:Storage Directory /workdir/hadoop-ozone/integration-test/target/test-dir/MiniOzoneClusterImpl-8097b823-397b-4f28-adca-d7b431faadee/datanode-4/data/ratis/6cee6fa3-a9df-447b-bce5-7c5bd848ca3e: Starting segment from index:0
2019-07-14 16:42:33,330 WARN  server.GrpcLogAppender (LogUtils.java:warn(134)) - 77d8bfd8-9417-42e4-b630-e55bb18b8339->ce51f40e-6b80-4084-8b29-ef5c0bb939b1: Failed appendEntries: org.apache.ratis.thirdparty.io.grpc.StatusRuntimeException: UNAVAILABLE: io exception
2019-07-14 16:42:33,355 INFO  segmented.SegmentedRaftLogWorker (SegmentedRaftLogWorker.java:execute(569)) - 9696ff71-dd4a-4a33-9139-8e8effbb68fa-SegmentedRaftLogWorker:Storage Directory /workdir/hadoop-ozone/integration-test/target/test-dir/MiniOzoneClusterImpl-8097b823-397b-4f28-adca-d7b431faadee/datanode-5/data/ratis/af4115e5-1b43-47bf-b5d5-92e9173bfb7b: created new log segment /workdir/hadoop-ozone/integration-test/target/test-dir/MiniOzoneClusterImpl-8097b823-397b-4f28-adca-d7b431faadee/datanode-5/data/ratis/af4115e5-1b43-47bf-b5d5-92e9173bfb7b/current/log_inprogress_0
2019-07-14 16:42:33,355 INFO  impl.FollowerInfo (FollowerInfo.java:lambda$new$0(50)) - 77d8bfd8-9417-42e4-b630-e55bb18b8339->ce51f40e-6b80-4084-8b29-ef5c0bb939b1: nextIndex: updateUnconditionally 0 -> 0
2019-07-14 16:42:33,355 INFO  impl.FollowerState (FollowerState.java:run(106)) - 20386bcc-5c84-4057-87ae-4240260256e5:group-58B952CCD0C3 changes to CANDIDATE, lastRpcTime:5074, electionTimeout:5058ms
2019-07-14 16:42:33,355 INFO  impl.RoleInfo (RoleInfo.java:shutdownFollowerState(121)) - 20386bcc-5c84-4057-87ae-4240260256e5: shutdown FollowerState
2019-07-14 16:42:33,356 INFO  impl.RaftServerImpl (RaftServerImpl.java:setRole(171)) - 20386bcc-5c84-4057-87ae-4240260256e5:group-58B952CCD0C3 changes role from FOLLOWER to CANDIDATE at term 0 for changeToCandidate
2019-07-14 16:42:33,356 INFO  impl.RoleInfo (RoleInfo.java:updateAndGet(143)) - 20386bcc-5c84-4057-87ae-4240260256e5: start LeaderElection
2019-07-14 16:42:33,371 INFO  segmented.SegmentedRaftLogWorker (SegmentedRaftLogWorker.java:execute(569)) - 714029a6-fd27-4dc8-92a6-e871964dec37-SegmentedRaftLogWorker:Storage Directory /workdir/hadoop-ozone/integration-test/target/test-dir/MiniOzoneClusterImpl-8097b823-397b-4f28-adca-d7b431faadee/datanode-4/data/ratis/6cee6fa3-a9df-447b-bce5-7c5bd848ca3e: created new log segment /workdir/hadoop-ozone/integration-test/target/test-dir/MiniOzoneClusterImpl-8097b823-397b-4f28-adca-d7b431faadee/datanode-4/data/ratis/6cee6fa3-a9df-447b-bce5-7c5bd848ca3e/current/log_inprogress_0
2019-07-14 16:42:33,371 INFO  segmented.SegmentedRaftLogWorker (SegmentedRaftLogWorker.java:execute(569)) - 9696ff71-dd4a-4a33-9139-8e8effbb68fa-SegmentedRaftLogWorker:Storage Directory /workdir/hadoop-ozone/integration-test/target/test-dir/MiniOzoneClusterImpl-8097b823-397b-4f28-adca-d7b431faadee/datanode-5/data/ratis/6cee6fa3-a9df-447b-bce5-7c5bd848ca3e: created new log segment /workdir/hadoop-ozone/integration-test/target/test-dir/MiniOzoneClusterImpl-8097b823-397b-4f28-adca-d7b431faadee/datanode-5/data/ratis/6cee6fa3-a9df-447b-bce5-7c5bd848ca3e/current/log_inprogress_0
2019-07-14 16:42:33,392 INFO  impl.LeaderElection (LeaderElection.java:askForVotes(181)) - 20386bcc-5c84-4057-87ae-4240260256e5:group-58B952CCD0C3:LeaderElection29: begin an election at term 1 for -1: [20386bcc-5c84-4057-87ae-4240260256e5:192.168.69.77:45337], old=null
2019-07-14 16:42:33,393 INFO  impl.RoleInfo (RoleInfo.java:shutdownLeaderElection(134)) - 20386bcc-5c84-4057-87ae-4240260256e5: shutdown LeaderElection
2019-07-14 16:42:33,393 INFO  impl.RaftServerImpl (RaftServerImpl.java:setRole(171)) - 20386bcc-5c84-4057-87ae-4240260256e5:group-58B952CCD0C3 changes role from CANDIDATE to LEADER at term 1 for changeToLeader
2019-07-14 16:42:33,393 INFO  impl.RaftServerImpl (ServerState.java:setLeader(263)) - 20386bcc-5c84-4057-87ae-4240260256e5:group-58B952CCD0C3 change Leader from null to 20386bcc-5c84-4057-87ae-4240260256e5 at term 1 for becomeLeader, leader elected after 5117ms
2019-07-14 16:42:33,393 INFO  server.RaftServerConfigKeys (ConfUtils.java:logGet(43)) - raft.server.staging.catchup.gap = 1000 (default)
2019-07-14 16:42:33,393 INFO  server.RaftServerConfigKeys (ConfUtils.java:logGet(43)) - raft.server.rpc.sleep.time = 25ms (default)
2019-07-14 16:42:33,393 INFO  server.RaftServerConfigKeys (ConfUtils.java:logGet(43)) - raft.server.write.element-limit = 4096 (default)
2019-07-14 16:42:33,393 INFO  server.RaftServerConfigKeys (ConfUtils.java:logGet(43)) - raft.server.watch.timeout = 10s (default)
2019-07-14 16:42:33,394 INFO  server.RaftServerConfigKeys (ConfUtils.java:logGet(43)) - raft.server.watch.timeout.denomination = 1s (default)
2019-07-14 16:42:33,394 INFO  server.RaftServerConfigKeys (ConfUtils.java:logGet(43)) - raft.server.watch.element-limit = 65536 (default)
2019-07-14 16:42:33,394 INFO  impl.RoleInfo (RoleInfo.java:updateAndGet(143)) - 20386bcc-5c84-4057-87ae-4240260256e5: start LeaderState
2019-07-14 16:42:33,394 INFO  segmented.SegmentedRaftLogWorker (SegmentedRaftLogWorker.java:startLogSegment(380)) - 20386bcc-5c84-4057-87ae-4240260256e5-SegmentedRaftLogWorker:Storage Directory /workdir/hadoop-ozone/integration-test/target/test-dir/MiniOzoneClusterImpl-8097b823-397b-4f28-adca-d7b431faadee/datanode-6/data/ratis/6ed5fa10-2849-461b-a4c9-58b952ccd0c3: Starting segment from index:0
2019-07-14 16:42:33,395 INFO  impl.RaftServerImpl (ServerState.java:setRaftConf(361)) - 20386bcc-5c84-4057-87ae-4240260256e5:group-58B952CCD0C3 set configuration 0: [20386bcc-5c84-4057-87ae-4240260256e5:192.168.69.77:45337], old=null at 0
2019-07-14 16:42:33,425 INFO  segmented.SegmentedRaftLogWorker (SegmentedRaftLogWorker.java:execute(569)) - 20386bcc-5c84-4057-87ae-4240260256e5-SegmentedRaftLogWorker:Storage Directory /workdir/hadoop-ozone/integration-test/target/test-dir/MiniOzoneClusterImpl-8097b823-397b-4f28-adca-d7b431faadee/datanode-6/data/ratis/6ed5fa10-2849-461b-a4c9-58b952ccd0c3: created new log segment /workdir/hadoop-ozone/integration-test/target/test-dir/MiniOzoneClusterImpl-8097b823-397b-4f28-adca-d7b431faadee/datanode-6/data/ratis/6ed5fa10-2849-461b-a4c9-58b952ccd0c3/current/log_inprogress_0
2019-07-14 16:42:33,689 INFO  statemachine.DatanodeStateMachine (DatanodeStateMachine.java:lambda$startDaemon$0(350)) - Ozone container server started.
2019-07-14 16:42:35,804 WARN  server.GrpcLogAppender (LogUtils.java:warn(134)) - 77d8bfd8-9417-42e4-b630-e55bb18b8339->68a5dfdb-c74c-438f-a088-2062485c848e: Failed appendEntries: org.apache.ratis.thirdparty.io.grpc.StatusRuntimeException: UNAVAILABLE: io exception
2019-07-14 16:42:35,814 INFO  impl.FollowerInfo (FollowerInfo.java:lambda$new$0(50)) - 77d8bfd8-9417-42e4-b630-e55bb18b8339->68a5dfdb-c74c-438f-a088-2062485c848e: nextIndex: updateUnconditionally 0 -> 0
2019-07-14 16:42:35,830 WARN  server.GrpcLogAppender (LogUtils.java:warn(134)) - 77d8bfd8-9417-42e4-b630-e55bb18b8339->ce51f40e-6b80-4084-8b29-ef5c0bb939b1: Failed appendEntries: org.apache.ratis.thirdparty.io.grpc.StatusRuntimeException: UNAVAILABLE: io exception
2019-07-14 16:42:35,836 INFO  impl.FollowerInfo (FollowerInfo.java:lambda$new$0(50)) - 77d8bfd8-9417-42e4-b630-e55bb18b8339->ce51f40e-6b80-4084-8b29-ef5c0bb939b1: nextIndex: updateUnconditionally 0 -> 0
2019-07-14 16:42:37,728 INFO  ozoneimpl.OzoneContainer (OzoneContainer.java:stop(199)) - Attempting to stop container services.
2019-07-14 16:42:37,729 INFO  impl.RaftServerProxy (RaftServerProxy.java:lambda$close$4(314)) - 3cba4ce6-c4f5-4e1e-b7ad-40d7d1e29a4e: close
2019-07-14 16:42:37,730 INFO  impl.RaftServerImpl (RaftServerImpl.java:lambda$shutdown$3(245)) - 3cba4ce6-c4f5-4e1e-b7ad-40d7d1e29a4e: shutdown group-00DF8EFC605A
2019-07-14 16:42:37,730 INFO  util.JmxRegister (JmxRegister.java:unregister(73)) - Successfully un-registered JMX Bean with object name Ratis:service=RaftServer,group=group-00DF8EFC605A,id=3cba4ce6-c4f5-4e1e-b7ad-40d7d1e29a4e
2019-07-14 16:42:37,730 INFO  impl.RoleInfo (RoleInfo.java:shutdownLeaderState(104)) - 3cba4ce6-c4f5-4e1e-b7ad-40d7d1e29a4e: shutdown LeaderState
2019-07-14 16:42:37,731 INFO  impl.PendingRequests (PendingRequests.java:sendNotLeaderResponses(202)) - 3cba4ce6-c4f5-4e1e-b7ad-40d7d1e29a4e-PendingRequests: sendNotLeaderResponses
2019-07-14 16:42:37,731 INFO  impl.StateMachineUpdater (StateMachineUpdater.java:stopAndJoin(115)) - StateMachineUpdater:3cba4ce6-c4f5-4e1e-b7ad-40d7d1e29a4e:group-00DF8EFC605A: set stopIndex = 0
2019-07-14 16:42:37,732 INFO  ratis.ContainerStateMachine (ContainerStateMachine.java:takeSnapshot(246)) - Taking snapshot at termIndex:(t:0, i:~)
2019-07-14 16:42:37,732 INFO  impl.RaftServerImpl (ServerState.java:close(394)) - 3cba4ce6-c4f5-4e1e-b7ad-40d7d1e29a4e:group-00DF8EFC605A closes. The last applied log index is 0
2019-07-14 16:42:37,733 INFO  segmented.SegmentedRaftLogWorker (SegmentedRaftLogWorker.java:run(313)) - 3cba4ce6-c4f5-4e1e-b7ad-40d7d1e29a4e-SegmentedRaftLogWorker:Storage Directory /workdir/hadoop-ozone/integration-test/target/test-dir/MiniOzoneClusterImpl-8097b823-397b-4f28-adca-d7b431faadee/datanode-1/data/ratis/a0bdf200-3045-4721-b38e-00df8efc605a was interrupted, exiting. There are 0 tasks remaining in the queue.
2019-07-14 16:42:37,742 INFO  segmented.SegmentedRaftLogWorker (SegmentedRaftLogWorker.java:close(228)) - 3cba4ce6-c4f5-4e1e-b7ad-40d7d1e29a4e-SegmentedRaftLogWorker:Storage Directory /workdir/hadoop-ozone/integration-test/target/test-dir/MiniOzoneClusterImpl-8097b823-397b-4f28-adca-d7b431faadee/datanode-1/data/ratis/a0bdf200-3045-4721-b38e-00df8efc605a close()
2019-07-14 16:42:37,757 INFO  impl.RaftServerImpl (RaftServerImpl.java:lambda$shutdown$3(245)) - 3cba4ce6-c4f5-4e1e-b7ad-40d7d1e29a4e: shutdown group-4658065892AD
2019-07-14 16:42:37,758 INFO  util.JmxRegister (JmxRegister.java:unregister(73)) - Successfully un-registered JMX Bean with object name Ratis:service=RaftServer,group=group-4658065892AD,id=3cba4ce6-c4f5-4e1e-b7ad-40d7d1e29a4e
2019-07-14 16:42:37,758 INFO  impl.RoleInfo (RoleInfo.java:shutdownFollowerState(121)) - 3cba4ce6-c4f5-4e1e-b7ad-40d7d1e29a4e: shutdown FollowerState
2019-07-14 16:42:37,759 INFO  impl.StateMachineUpdater (StateMachineUpdater.java:stopAndJoin(115)) - StateMachineUpdater:3cba4ce6-c4f5-4e1e-b7ad-40d7d1e29a4e:group-4658065892AD: set stopIndex = 2
2019-07-14 16:42:37,759 INFO  impl.FollowerState (FollowerState.java:run(114)) - 3cba4ce6-c4f5-4e1e-b7ad-40d7d1e29a4e: FollowerState was interrupted: java.lang.InterruptedException: sleep interrupted
2019-07-14 16:42:37,759 INFO  ratis.ContainerStateMachine (ContainerStateMachine.java:takeSnapshot(246)) - Taking snapshot at termIndex:(t:1, i:1)
2019-07-14 16:42:37,765 INFO  ratis.ContainerStateMachine (ContainerStateMachine.java:takeSnapshot(250)) - Taking a snapshot to file /workdir/hadoop-ozone/integration-test/target/test-dir/MiniOzoneClusterImpl-8097b823-397b-4f28-adca-d7b431faadee/datanode-1/data/ratis/e048c973-63a2-4ef8-81a2-4658065892ad/sm/snapshot.1_1
2019-07-14 16:42:37,765 INFO  impl.StateMachineUpdater (StateMachineUpdater.java:takeSnapshot(242)) - StateMachineUpdater:3cba4ce6-c4f5-4e1e-b7ad-40d7d1e29a4e:group-4658065892AD: Took a snapshot at index 1
2019-07-14 16:42:37,765 INFO  impl.StateMachineUpdater (StateMachineUpdater.java:lambda$new$0(80)) - StateMachineUpdater:3cba4ce6-c4f5-4e1e-b7ad-40d7d1e29a4e:group-4658065892AD: snapshotIndex: updateIncreasingly -1 -> 1
2019-07-14 16:42:37,766 INFO  impl.RaftServerImpl (ServerState.java:close(394)) - 3cba4ce6-c4f5-4e1e-b7ad-40d7d1e29a4e:group-4658065892AD closes. The last applied log index is 2
2019-07-14 16:42:37,766 INFO  segmented.SegmentedRaftLogWorker (SegmentedRaftLogWorker.java:run(313)) - 3cba4ce6-c4f5-4e1e-b7ad-40d7d1e29a4e-SegmentedRaftLogWorker:Storage Directory /workdir/hadoop-ozone/integration-test/target/test-dir/MiniOzoneClusterImpl-8097b823-397b-4f28-adca-d7b431faadee/datanode-1/data/ratis/e048c973-63a2-4ef8-81a2-4658065892ad was interrupted, exiting. There are 0 tasks remaining in the queue.
2019-07-14 16:42:37,772 INFO  segmented.SegmentedRaftLogWorker (SegmentedRaftLogWorker.java:close(228)) - 3cba4ce6-c4f5-4e1e-b7ad-40d7d1e29a4e-SegmentedRaftLogWorker:Storage Directory /workdir/hadoop-ozone/integration-test/target/test-dir/MiniOzoneClusterImpl-8097b823-397b-4f28-adca-d7b431faadee/datanode-1/data/ratis/e048c973-63a2-4ef8-81a2-4658065892ad close()
2019-07-14 16:42:37,786 INFO  server.GrpcService (GrpcService.java:closeImpl(155)) - 3cba4ce6-c4f5-4e1e-b7ad-40d7d1e29a4e: shutdown server with port 42261 now
2019-07-14 16:42:37,798 WARN  server.GrpcServerProtocolService (LogUtils.java:warn(134)) - 3cba4ce6-c4f5-4e1e-b7ad-40d7d1e29a4e: appendEntries onError: org.apache.ratis.thirdparty.io.grpc.StatusRuntimeException: CANCELLED: cancelled before receiving half close
2019-07-14 16:42:37,805 INFO  server.GrpcService (GrpcService.java:closeImpl(163)) - 3cba4ce6-c4f5-4e1e-b7ad-40d7d1e29a4e: shutdown server with port 42261 successfully
2019-07-14 16:42:37,806 WARN  server.GrpcLogAppender (LogUtils.java:warn(134)) - 9fd9e3e3-5262-496b-8df7-255f5916d7a3->3cba4ce6-c4f5-4e1e-b7ad-40d7d1e29a4e: Failed appendEntries: org.apache.ratis.thirdparty.io.grpc.StatusRuntimeException: CANCELLED: HTTP/2 error code: CANCEL
Received Rst Stream
2019-07-14 16:42:37,812 INFO  impl.FollowerInfo (FollowerInfo.java:lambda$new$0(50)) - 9fd9e3e3-5262-496b-8df7-255f5916d7a3->3cba4ce6-c4f5-4e1e-b7ad-40d7d1e29a4e: nextIndex: updateUnconditionally 3 -> 2
2019-07-14 16:42:37,821 INFO  utils.BackgroundService (BackgroundService.java:shutdown(148)) - Shutting down service BlockDeletingService
2019-07-14 16:42:37,830 WARN  fs.CachingGetSpaceUsed (CachingGetSpaceUsed.java:run(183)) - Thread Interrupted waiting to refresh disk information: sleep interrupted
2019-07-14 16:42:37,862 INFO  statemachine.DatanodeStateMachine (DatanodeStateMachine.java:stopDaemon(395)) - Ozone container server stopped.
2019-07-14 16:42:37,863 INFO  handler.ContextHandler (ContextHandler.java:doStop(910)) - Stopped o.e.j.w.WebAppContext@4822ab4d{/,null,UNAVAILABLE}{/hddsDatanode}
2019-07-14 16:42:37,869 INFO  server.AbstractConnector (AbstractConnector.java:doStop(318)) - Stopped ServerConnector@516b84d1{HTTP/1.1,[http/1.1]}{0.0.0.0:0}
2019-07-14 16:42:37,870 INFO  handler.ContextHandler (ContextHandler.java:doStop(910)) - Stopped o.e.j.s.ServletContextHandler@3bc6c10f{/static,jar:file:/home/user/.m2/repository/org/apache/hadoop/hadoop-hdds-container-service/0.5.0-SNAPSHOT/hadoop-hdds-container-service-0.5.0-SNAPSHOT.jar!/webapps/static,UNAVAILABLE}
2019-07-14 16:42:37,870 INFO  handler.ContextHandler (ContextHandler.java:doStop(910)) - Stopped o.e.j.s.ServletContextHandler@2a5d2041{/logs,file:///workdir/hadoop-ozone/integration-test/target/log,UNAVAILABLE}
2019-07-14 16:42:37,872 INFO  datanode.ObjectStoreHandler (ObjectStoreHandler.java:close(155)) - Closing ObjectStoreHandler.
2019-07-14 16:42:37,872 INFO  ozone.HddsDatanodeService (HddsDatanodeService.java:stop(452)) - Stopped plug-in org.apache.hadoop.ozone.web.OzoneHddsDatanodeService@62f37bfd
2019-07-14 16:42:38,305 WARN  server.GrpcLogAppender (LogUtils.java:warn(134)) - 77d8bfd8-9417-42e4-b630-e55bb18b8339->68a5dfdb-c74c-438f-a088-2062485c848e: Failed appendEntries: org.apache.ratis.thirdparty.io.grpc.StatusRuntimeException: UNAVAILABLE: io exception
2019-07-14 16:42:38,314 INFO  impl.FollowerInfo (FollowerInfo.java:lambda$new$0(50)) - 77d8bfd8-9417-42e4-b630-e55bb18b8339->68a5dfdb-c74c-438f-a088-2062485c848e: nextIndex: updateUnconditionally 0 -> 0
2019-07-14 16:42:38,331 WARN  server.GrpcLogAppender (LogUtils.java:warn(134)) - 77d8bfd8-9417-42e4-b630-e55bb18b8339->ce51f40e-6b80-4084-8b29-ef5c0bb939b1: Failed appendEntries: org.apache.ratis.thirdparty.io.grpc.StatusRuntimeException: UNAVAILABLE: io exception
2019-07-14 16:42:38,337 INFO  impl.FollowerInfo (FollowerInfo.java:lambda$new$0(50)) - 77d8bfd8-9417-42e4-b630-e55bb18b8339->ce51f40e-6b80-4084-8b29-ef5c0bb939b1: nextIndex: updateUnconditionally 0 -> 0
2019-07-14 16:42:38,672 INFO  statemachine.DatanodeStateMachine (DatanodeStateMachine.java:lambda$startDaemon$0(350)) - Ozone container server started.
2019-07-14 16:42:40,092 WARN  server.GrpcLogAppender (LogUtils.java:warn(134)) - 9fd9e3e3-5262-496b-8df7-255f5916d7a3->3cba4ce6-c4f5-4e1e-b7ad-40d7d1e29a4e: Failed appendEntries: org.apache.ratis.thirdparty.io.grpc.StatusRuntimeException: UNAVAILABLE: io exception
2019-07-14 16:42:40,102 INFO  impl.FollowerInfo (FollowerInfo.java:lambda$new$0(50)) - 9fd9e3e3-5262-496b-8df7-255f5916d7a3->3cba4ce6-c4f5-4e1e-b7ad-40d7d1e29a4e: nextIndex: updateUnconditionally 2 -> 1
2019-07-14 16:42:40,806 WARN  server.GrpcLogAppender (LogUtils.java:warn(134)) - 77d8bfd8-9417-42e4-b630-e55bb18b8339->68a5dfdb-c74c-438f-a088-2062485c848e: Failed appendEntries: org.apache.ratis.thirdparty.io.grpc.StatusRuntimeException: UNAVAILABLE: io exception
2019-07-14 16:42:40,816 INFO  impl.FollowerInfo (FollowerInfo.java:lambda$new$0(50)) - 77d8bfd8-9417-42e4-b630-e55bb18b8339->68a5dfdb-c74c-438f-a088-2062485c848e: nextIndex: updateUnconditionally 0 -> 0
2019-07-14 16:42:40,832 WARN  server.GrpcLogAppender (LogUtils.java:warn(134)) - 77d8bfd8-9417-42e4-b630-e55bb18b8339->ce51f40e-6b80-4084-8b29-ef5c0bb939b1: Failed appendEntries: org.apache.ratis.thirdparty.io.grpc.StatusRuntimeException: UNAVAILABLE: io exception
2019-07-14 16:42:40,875 INFO  impl.FollowerInfo (FollowerInfo.java:lambda$new$0(50)) - 77d8bfd8-9417-42e4-b630-e55bb18b8339->ce51f40e-6b80-4084-8b29-ef5c0bb939b1: nextIndex: updateUnconditionally 0 -> 0
2019-07-14 16:42:42,648 WARN  server.GrpcLogAppender (LogUtils.java:warn(134)) - 9fd9e3e3-5262-496b-8df7-255f5916d7a3->3cba4ce6-c4f5-4e1e-b7ad-40d7d1e29a4e: Failed appendEntries: org.apache.ratis.thirdparty.io.grpc.StatusRuntimeException: UNAVAILABLE: io exception
2019-07-14 16:42:42,649 INFO  impl.FollowerInfo (FollowerInfo.java:lambda$new$0(50)) - 9fd9e3e3-5262-496b-8df7-255f5916d7a3->3cba4ce6-c4f5-4e1e-b7ad-40d7d1e29a4e: nextIndex: updateUnconditionally 1 -> 0
2019-07-14 16:42:42,874 INFO  ozoneimpl.OzoneContainer (OzoneContainer.java:stop(199)) - Attempting to stop container services.
2019-07-14 16:42:42,874 INFO  impl.RaftServerProxy (RaftServerProxy.java:lambda$close$4(314)) - 9cd3a1db-b0fe-40bd-a539-64cc346e67f4: close
2019-07-14 16:42:42,875 INFO  impl.RaftServerImpl (RaftServerImpl.java:lambda$shutdown$3(245)) - 9cd3a1db-b0fe-40bd-a539-64cc346e67f4: shutdown group-7EC8158D626E
2019-07-14 16:42:42,875 INFO  impl.RaftServerImpl (RaftServerImpl.java:lambda$shutdown$3(245)) - 9cd3a1db-b0fe-40bd-a539-64cc346e67f4: shutdown group-4658065892AD
2019-07-14 16:42:42,875 INFO  util.JmxRegister (JmxRegister.java:unregister(73)) - Successfully un-registered JMX Bean with object name Ratis:service=RaftServer,group=group-7EC8158D626E,id=9cd3a1db-b0fe-40bd-a539-64cc346e67f4
2019-07-14 16:42:42,876 INFO  util.JmxRegister (JmxRegister.java:unregister(73)) - Successfully un-registered JMX Bean with object name Ratis:service=RaftServer,group=group-4658065892AD,id=9cd3a1db-b0fe-40bd-a539-64cc346e67f4
2019-07-14 16:42:42,876 INFO  impl.RoleInfo (RoleInfo.java:shutdownLeaderState(104)) - 9cd3a1db-b0fe-40bd-a539-64cc346e67f4: shutdown LeaderState
2019-07-14 16:42:42,876 INFO  impl.RoleInfo (RoleInfo.java:shutdownFollowerState(121)) - 9cd3a1db-b0fe-40bd-a539-64cc346e67f4: shutdown FollowerState
2019-07-14 16:42:42,877 INFO  impl.PendingRequests (PendingRequests.java:sendNotLeaderResponses(202)) - 9cd3a1db-b0fe-40bd-a539-64cc346e67f4-PendingRequests: sendNotLeaderResponses
2019-07-14 16:42:42,877 INFO  ratis.ContainerStateMachine (ContainerStateMachine.java:takeSnapshot(246)) - Taking snapshot at termIndex:(t:1, i:1)
2019-07-14 16:42:42,877 INFO  impl.FollowerState (FollowerState.java:run(114)) - 9cd3a1db-b0fe-40bd-a539-64cc346e67f4: FollowerState was interrupted: java.lang.InterruptedException: sleep interrupted
2019-07-14 16:42:42,878 INFO  ratis.ContainerStateMachine (ContainerStateMachine.java:takeSnapshot(246)) - Taking snapshot at termIndex:(t:0, i:~)
2019-07-14 16:42:42,877 INFO  impl.StateMachineUpdater (StateMachineUpdater.java:stopAndJoin(115)) - StateMachineUpdater:9cd3a1db-b0fe-40bd-a539-64cc346e67f4:group-4658065892AD: set stopIndex = 2
2019-07-14 16:42:42,878 INFO  ratis.ContainerStateMachine (ContainerStateMachine.java:takeSnapshot(250)) - Taking a snapshot to file /workdir/hadoop-ozone/integration-test/target/test-dir/MiniOzoneClusterImpl-8097b823-397b-4f28-adca-d7b431faadee/datanode-0/data/ratis/e048c973-63a2-4ef8-81a2-4658065892ad/sm/snapshot.1_1
2019-07-14 16:42:42,878 INFO  impl.StateMachineUpdater (StateMachineUpdater.java:stopAndJoin(115)) - StateMachineUpdater:9cd3a1db-b0fe-40bd-a539-64cc346e67f4:group-7EC8158D626E: set stopIndex = 0
2019-07-14 16:42:42,887 INFO  impl.StateMachineUpdater (StateMachineUpdater.java:takeSnapshot(242)) - StateMachineUpdater:9cd3a1db-b0fe-40bd-a539-64cc346e67f4:group-4658065892AD: Took a snapshot at index 1
2019-07-14 16:42:42,887 INFO  impl.RaftServerImpl (ServerState.java:close(394)) - 9cd3a1db-b0fe-40bd-a539-64cc346e67f4:group-7EC8158D626E closes. The last applied log index is 0
2019-07-14 16:42:42,887 INFO  impl.StateMachineUpdater (StateMachineUpdater.java:lambda$new$0(80)) - StateMachineUpdater:9cd3a1db-b0fe-40bd-a539-64cc346e67f4:group-4658065892AD: snapshotIndex: updateIncreasingly -1 -> 1
2019-07-14 16:42:42,888 INFO  segmented.SegmentedRaftLogWorker (SegmentedRaftLogWorker.java:run(313)) - 9cd3a1db-b0fe-40bd-a539-64cc346e67f4-SegmentedRaftLogWorker:Storage Directory /workdir/hadoop-ozone/integration-test/target/test-dir/MiniOzoneClusterImpl-8097b823-397b-4f28-adca-d7b431faadee/datanode-0/data/ratis/c8e27c4b-a266-4d8e-a8bc-7ec8158d626e was interrupted, exiting. There are 0 tasks remaining in the queue.
2019-07-14 16:42:42,893 INFO  impl.RaftServerImpl (ServerState.java:close(394)) - 9cd3a1db-b0fe-40bd-a539-64cc346e67f4:group-4658065892AD closes. The last applied log index is 2
2019-07-14 16:42:42,893 INFO  segmented.SegmentedRaftLogWorker (SegmentedRaftLogWorker.java:close(228)) - 9cd3a1db-b0fe-40bd-a539-64cc346e67f4-SegmentedRaftLogWorker:Storage Directory /workdir/hadoop-ozone/integration-test/target/test-dir/MiniOzoneClusterImpl-8097b823-397b-4f28-adca-d7b431faadee/datanode-0/data/ratis/c8e27c4b-a266-4d8e-a8bc-7ec8158d626e close()
2019-07-14 16:42:42,893 INFO  segmented.SegmentedRaftLogWorker (SegmentedRaftLogWorker.java:run(313)) - 9cd3a1db-b0fe-40bd-a539-64cc346e67f4-SegmentedRaftLogWorker:Storage Directory /workdir/hadoop-ozone/integration-test/target/test-dir/MiniOzoneClusterImpl-8097b823-397b-4f28-adca-d7b431faadee/datanode-0/data/ratis/e048c973-63a2-4ef8-81a2-4658065892ad was interrupted, exiting. There are 0 tasks remaining in the queue.
2019-07-14 16:42:42,910 INFO  segmented.SegmentedRaftLogWorker (SegmentedRaftLogWorker.java:close(228)) - 9cd3a1db-b0fe-40bd-a539-64cc346e67f4-SegmentedRaftLogWorker:Storage Directory /workdir/hadoop-ozone/integration-test/target/test-dir/MiniOzoneClusterImpl-8097b823-397b-4f28-adca-d7b431faadee/datanode-0/data/ratis/e048c973-63a2-4ef8-81a2-4658065892ad close()
2019-07-14 16:42:42,920 INFO  server.GrpcService (GrpcService.java:closeImpl(155)) - 9cd3a1db-b0fe-40bd-a539-64cc346e67f4: shutdown server with port 45336 now
2019-07-14 16:42:42,922 WARN  server.GrpcServerProtocolService (LogUtils.java:warn(134)) - 9cd3a1db-b0fe-40bd-a539-64cc346e67f4: appendEntries onError: org.apache.ratis.thirdparty.io.grpc.StatusRuntimeException: CANCELLED: cancelled before receiving half close
2019-07-14 16:42:42,922 INFO  server.GrpcService (GrpcService.java:closeImpl(163)) - 9cd3a1db-b0fe-40bd-a539-64cc346e67f4: shutdown server with port 45336 successfully
2019-07-14 16:42:42,922 WARN  server.GrpcLogAppender (LogUtils.java:warn(134)) - 9fd9e3e3-5262-496b-8df7-255f5916d7a3->9cd3a1db-b0fe-40bd-a539-64cc346e67f4: Failed appendEntries: org.apache.ratis.thirdparty.io.grpc.StatusRuntimeException: CANCELLED: HTTP/2 error code: CANCEL
Received Rst Stream
2019-07-14 16:42:42,923 INFO  impl.FollowerInfo (FollowerInfo.java:lambda$new$0(50)) - 9fd9e3e3-5262-496b-8df7-255f5916d7a3->9cd3a1db-b0fe-40bd-a539-64cc346e67f4: nextIndex: updateUnconditionally 3 -> 2
2019-07-14 16:42:42,924 INFO  utils.BackgroundService (BackgroundService.java:shutdown(148)) - Shutting down service BlockDeletingService
2019-07-14 16:42:42,927 WARN  fs.CachingGetSpaceUsed (CachingGetSpaceUsed.java:run(183)) - Thread Interrupted waiting to refresh disk information: sleep interrupted
2019-07-14 16:42:42,956 INFO  statemachine.DatanodeStateMachine (DatanodeStateMachine.java:stopDaemon(395)) - Ozone container server stopped.
2019-07-14 16:42:42,958 INFO  handler.ContextHandler (ContextHandler.java:doStop(910)) - Stopped o.e.j.w.WebAppContext@7e8c58fd{/,null,UNAVAILABLE}{/hddsDatanode}
2019-07-14 16:42:42,959 INFO  server.AbstractConnector (AbstractConnector.java:doStop(318)) - Stopped ServerConnector@11ce9319{HTTP/1.1,[http/1.1]}{0.0.0.0:0}
2019-07-14 16:42:42,959 INFO  handler.ContextHandler (ContextHandler.java:doStop(910)) - Stopped o.e.j.s.ServletContextHandler@7977f046{/static,jar:file:/home/user/.m2/repository/org/apache/hadoop/hadoop-hdds-container-service/0.5.0-SNAPSHOT/hadoop-hdds-container-service-0.5.0-SNAPSHOT.jar!/webapps/static,UNAVAILABLE}
2019-07-14 16:42:42,960 INFO  handler.ContextHandler (ContextHandler.java:doStop(910)) - Stopped o.e.j.s.ServletContextHandler@3d02ff64{/logs,file:///workdir/hadoop-ozone/integration-test/target/log,UNAVAILABLE}
2019-07-14 16:42:42,974 INFO  client.GrpcClientProtocolClient (GrpcClientProtocolClient.java:onNext(255)) - client-88FD6BAE1016->9fd9e3e3-5262-496b-8df7-255f5916d7a3: receive RaftClientReply:client-88FD6BAE1016->9fd9e3e3-5262-496b-8df7-255f5916d7a3@group-4658065892AD, cid=53, SUCCESS, logIndex=0, commits[9fd9e3e3-5262-496b-8df7-255f5916d7a3:c2, 9cd3a1db-b0fe-40bd-a539-64cc346e67f4:c2, 3cba4ce6-c4f5-4e1e-b7ad-40d7d1e29a4e:c2]
]]></system-out>
    <system-err><![CDATA[Jul 14, 2019 4:42:22 PM com.sun.jersey.server.impl.application.WebApplicationImpl _initiate
INFO: Initiating Jersey application, version 'Jersey: 1.19 02/11/2015 03:25 AM'
Jul 14, 2019 4:42:22 PM com.sun.jersey.server.impl.application.WebApplicationImpl _initiate
INFO: Initiating Jersey application, version 'Jersey: 1.19 02/11/2015 03:25 AM'
Jul 14, 2019 4:42:22 PM com.sun.jersey.server.impl.application.WebApplicationImpl _initiate
INFO: Initiating Jersey application, version 'Jersey: 1.19 02/11/2015 03:25 AM'
Jul 14, 2019 4:42:23 PM com.sun.jersey.server.impl.application.WebApplicationImpl _initiate
INFO: Initiating Jersey application, version 'Jersey: 1.19 02/11/2015 03:25 AM'
Jul 14, 2019 4:42:23 PM com.sun.jersey.server.impl.application.WebApplicationImpl _initiate
INFO: Initiating Jersey application, version 'Jersey: 1.19 02/11/2015 03:25 AM'
Jul 14, 2019 4:42:23 PM com.sun.jersey.server.impl.application.WebApplicationImpl _initiate
INFO: Initiating Jersey application, version 'Jersey: 1.19 02/11/2015 03:25 AM'
Jul 14, 2019 4:42:24 PM com.sun.jersey.server.impl.application.WebApplicationImpl _initiate
INFO: Initiating Jersey application, version 'Jersey: 1.19 02/11/2015 03:25 AM'
]]></system-err>
  </testcase>
  <testcase name="testWatchForCommitForGroupMismatchException" classname="org.apache.hadoop.ozone.client.rpc.TestWatchForCommit" time="39.203"/>
  <testcase name="test2WayCommitForTimeoutException" classname="org.apache.hadoop.ozone.client.rpc.TestWatchForCommit" time="39.795"/>
  <testcase name="test2WayCommitForRetryfailure" classname="org.apache.hadoop.ozone.client.rpc.TestWatchForCommit" time="19.21">
    <error message="org.apache.ratis.protocol.RaftRetryFailureException: Failed RaftClientRequest:client-03DE08891396-&gt;5636bbf6-dda5-41ae-a18f-e64dd1f75d98@group-729AF35D5A68, cid=106, seq=1*, RW, org.apache.hadoop.hdds.scm.XceiverClientRatis$$Lambda$311/381397683@7e4c5703 for 8 attempts with RetryLimited(maxAttempts=8, sleepTime=1000ms)" type="java.util.concurrent.ExecutionException">java.util.concurrent.ExecutionException: org.apache.ratis.protocol.RaftRetryFailureException: Failed RaftClientRequest:client-03DE08891396->5636bbf6-dda5-41ae-a18f-e64dd1f75d98@group-729AF35D5A68, cid=106, seq=1*, RW, org.apache.hadoop.hdds.scm.XceiverClientRatis$$Lambda$311/381397683@7e4c5703 for 8 attempts with RetryLimited(maxAttempts=8, sleepTime=1000ms)
	at java.util.concurrent.CompletableFuture.reportGet(CompletableFuture.java:357)
	at java.util.concurrent.CompletableFuture.get(CompletableFuture.java:1895)
	at org.apache.hadoop.ozone.client.rpc.TestWatchForCommit.test2WayCommitForRetryfailure(TestWatchForCommit.java:382)
	at sun.reflect.NativeMethodAccessorImpl.invoke0(Native Method)
	at sun.reflect.NativeMethodAccessorImpl.invoke(NativeMethodAccessorImpl.java:62)
	at sun.reflect.DelegatingMethodAccessorImpl.invoke(DelegatingMethodAccessorImpl.java:43)
	at java.lang.reflect.Method.invoke(Method.java:498)
	at org.junit.runners.model.FrameworkMethod$1.runReflectiveCall(FrameworkMethod.java:47)
	at org.junit.internal.runners.model.ReflectiveCallable.run(ReflectiveCallable.java:12)
	at org.junit.runners.model.FrameworkMethod.invokeExplosively(FrameworkMethod.java:44)
	at org.junit.internal.runners.statements.InvokeMethod.evaluate(InvokeMethod.java:17)
	at org.junit.runners.ParentRunner.runLeaf(ParentRunner.java:271)
	at org.junit.runners.BlockJUnit4ClassRunner.runChild(BlockJUnit4ClassRunner.java:70)
	at org.junit.runners.BlockJUnit4ClassRunner.runChild(BlockJUnit4ClassRunner.java:50)
	at org.junit.runners.ParentRunner$3.run(ParentRunner.java:238)
	at org.junit.runners.ParentRunner$1.schedule(ParentRunner.java:63)
	at org.junit.runners.ParentRunner.runChildren(ParentRunner.java:236)
	at org.junit.runners.ParentRunner.access$000(ParentRunner.java:53)
	at org.junit.runners.ParentRunner$2.evaluate(ParentRunner.java:229)
	at org.junit.runners.ParentRunner.run(ParentRunner.java:309)
	at org.apache.maven.surefire.junit4.JUnit4Provider.execute(JUnit4Provider.java:365)
	at org.apache.maven.surefire.junit4.JUnit4Provider.executeWithRerun(JUnit4Provider.java:273)
	at org.apache.maven.surefire.junit4.JUnit4Provider.executeTestSet(JUnit4Provider.java:238)
	at org.apache.maven.surefire.junit4.JUnit4Provider.invoke(JUnit4Provider.java:159)
	at org.apache.maven.surefire.booter.ForkedBooter.invokeProviderInSameClassLoader(ForkedBooter.java:384)
	at org.apache.maven.surefire.booter.ForkedBooter.runSuitesInProcess(ForkedBooter.java:345)
	at org.apache.maven.surefire.booter.ForkedBooter.execute(ForkedBooter.java:126)
	at org.apache.maven.surefire.booter.ForkedBooter.main(ForkedBooter.java:418)
Caused by: org.apache.ratis.protocol.RaftRetryFailureException: Failed RaftClientRequest:client-03DE08891396->5636bbf6-dda5-41ae-a18f-e64dd1f75d98@group-729AF35D5A68, cid=106, seq=1*, RW, org.apache.hadoop.hdds.scm.XceiverClientRatis$$Lambda$311/381397683@7e4c5703 for 8 attempts with RetryLimited(maxAttempts=8, sleepTime=1000ms)
	at org.apache.ratis.client.impl.RaftClientImpl.noMoreRetries(RaftClientImpl.java:272)
	at org.apache.ratis.client.impl.OrderedAsync.handleAsyncRetryFailure(OrderedAsync.java:138)
	at org.apache.ratis.client.impl.OrderedAsync.lambda$sendRequest$10(OrderedAsync.java:230)
	at java.util.concurrent.CompletableFuture.uniExceptionally(CompletableFuture.java:870)
	at java.util.concurrent.CompletableFuture$UniExceptionally.tryFire(CompletableFuture.java:852)
	at java.util.concurrent.CompletableFuture.postComplete(CompletableFuture.java:474)
	at java.util.concurrent.CompletableFuture.completeExceptionally(CompletableFuture.java:1977)
	at org.apache.ratis.grpc.client.GrpcClientProtocolClient$AsyncStreamObservers.completeReplyExceptionally(GrpcClientProtocolClient.java:330)
	at org.apache.ratis.grpc.client.GrpcClientProtocolClient$AsyncStreamObservers.access$000(GrpcClientProtocolClient.java:246)
	at org.apache.ratis.grpc.client.GrpcClientProtocolClient$AsyncStreamObservers$1.onNext(GrpcClientProtocolClient.java:258)
	at org.apache.ratis.grpc.client.GrpcClientProtocolClient$AsyncStreamObservers$1.onNext(GrpcClientProtocolClient.java:249)
	at org.apache.ratis.thirdparty.io.grpc.stub.ClientCalls$StreamObserverToCallListenerAdapter.onMessage(ClientCalls.java:421)
	at org.apache.ratis.thirdparty.io.grpc.ForwardingClientCallListener.onMessage(ForwardingClientCallListener.java:33)
	at org.apache.ratis.thirdparty.io.grpc.ForwardingClientCallListener.onMessage(ForwardingClientCallListener.java:33)
	at org.apache.ratis.thirdparty.io.grpc.internal.ClientCallImpl$ClientStreamListenerImpl$1MessagesAvailable.runInContext(ClientCallImpl.java:519)
	at org.apache.ratis.thirdparty.io.grpc.internal.ContextRunnable.run(ContextRunnable.java:37)
	at org.apache.ratis.thirdparty.io.grpc.internal.SerializingExecutor.run(SerializingExecutor.java:123)
	at java.util.concurrent.ThreadPoolExecutor.runWorker(ThreadPoolExecutor.java:1149)
	at java.util.concurrent.ThreadPoolExecutor$Worker.run(ThreadPoolExecutor.java:624)
	at java.lang.Thread.run(Thread.java:748)
Caused by: org.apache.ratis.protocol.NotLeaderException: Server 5636bbf6-dda5-41ae-a18f-e64dd1f75d98 is not the leader (null). Request must be sent to leader.
	at org.apache.ratis.client.impl.ClientProtoUtils.toRaftClientReply(ClientProtoUtils.java:242)
	at org.apache.ratis.grpc.client.GrpcClientProtocolClient$AsyncStreamObservers$1.onNext(GrpcClientProtocolClient.java:254)
	... 10 more
</error>
    <system-out><![CDATA[2019-07-14 16:44:01,988 WARN  server.ServerUtils (ServerUtils.java:getScmDbDir(145)) - ozone.scm.db.dirs is not configured. We recommend adding this setting. Falling back to ozone.metadata.dirs instead.
2019-07-14 16:44:02,014 WARN  server.ServerUtils (ServerUtils.java:getScmDbDir(145)) - ozone.scm.db.dirs is not configured. We recommend adding this setting. Falling back to ozone.metadata.dirs instead.
2019-07-14 16:44:02,015 WARN  server.ServerUtils (ServerUtils.java:getScmDbDir(145)) - ozone.scm.db.dirs is not configured. We recommend adding this setting. Falling back to ozone.metadata.dirs instead.
2019-07-14 16:44:02,015 INFO  db.DBStoreBuilder (DBStoreBuilder.java:addTable(110)) - using custom profile for table: deletedBlocks
2019-07-14 16:44:02,015 INFO  db.DBStoreBuilder (DBStoreBuilder.java:processTables(161)) - Using default column profile:DBProfile.DISK for Table:deletedBlocks
2019-07-14 16:44:02,016 INFO  db.DBStoreBuilder (DBStoreBuilder.java:addTable(110)) - using custom profile for table: validCerts
2019-07-14 16:44:02,016 INFO  db.DBStoreBuilder (DBStoreBuilder.java:processTables(161)) - Using default column profile:DBProfile.DISK for Table:validCerts
2019-07-14 16:44:02,016 INFO  db.DBStoreBuilder (DBStoreBuilder.java:addTable(110)) - using custom profile for table: revokedCerts
2019-07-14 16:44:02,016 INFO  db.DBStoreBuilder (DBStoreBuilder.java:processTables(161)) - Using default column profile:DBProfile.DISK for Table:revokedCerts
2019-07-14 16:44:02,016 INFO  db.DBStoreBuilder (DBStoreBuilder.java:addTable(110)) - using custom profile for table: default
2019-07-14 16:44:02,017 INFO  db.DBStoreBuilder (DBStoreBuilder.java:processTables(167)) - Using default column profile:DBProfile.DISK for Table:default
2019-07-14 16:44:02,017 INFO  db.DBStoreBuilder (DBStoreBuilder.java:getDbProfile(198)) - Using default options. DBProfile.DISK
2019-07-14 16:44:02,182 INFO  net.NodeSchemaLoader (NodeSchemaLoader.java:loadSchemaFromFile(125)) - Loading file from sun.misc.CompoundEnumeration@5680f009
2019-07-14 16:44:02,182 INFO  net.NodeSchemaLoader (NodeSchemaLoader.java:loadSchema(171)) - Loading network topology layer schema file
2019-07-14 16:44:02,186 WARN  server.ServerUtils (ServerUtils.java:sanitizeUserArgs(70)) - ozone.scm.stale.node.interval value = 300000 is larger than max = 100000 based on the key value of ozone.scm.heartbeat.thread.interval, reset to the max value 100000.
2019-07-14 16:44:02,186 WARN  server.ServerUtils (ServerUtils.java:sanitizeUserArgs(70)) - ozone.scm.stale.node.interval value = 300000 is larger than max = 100000 based on the key value of ozone.scm.heartbeat.thread.interval, reset to the max value 100000.
2019-07-14 16:44:02,187 INFO  node.SCMNodeManager (SCMNodeManager.java:<init>(119)) - Entering startup safe mode.
2019-07-14 16:44:02,187 WARN  server.ServerUtils (ServerUtils.java:getScmDbDir(145)) - ozone.scm.db.dirs is not configured. We recommend adding this setting. Falling back to ozone.metadata.dirs instead.
2019-07-14 16:44:02,237 INFO  pipeline.SCMPipelineManager (SCMPipelineManager.java:initializePipelineState(126)) - No pipeline exists in current db
2019-07-14 16:44:02,237 WARN  server.ServerUtils (ServerUtils.java:getScmDbDir(145)) - ozone.scm.db.dirs is not configured. We recommend adding this setting. Falling back to ozone.metadata.dirs instead.
2019-07-14 16:44:02,287 WARN  events.EventQueue (EventQueue.java:fireEvent(175)) - No event handler registered for event TypedEvent{payloadType=SafeModeStatus, name='SafeModeStatus'}
2019-07-14 16:44:02,288 INFO  ipc.CallQueueManager (CallQueueManager.java:<init>(84)) - Using callQueue: class java.util.concurrent.LinkedBlockingQueue, queueCapacity: 2000, scheduler: class org.apache.hadoop.ipc.DefaultRpcScheduler, ipcBackoff: false.
2019-07-14 16:44:02,289 INFO  ipc.Server (Server.java:run(1074)) - Starting Socket Reader #1 for port 44448
2019-07-14 16:44:02,299 INFO  ipc.CallQueueManager (CallQueueManager.java:<init>(84)) - Using callQueue: class java.util.concurrent.LinkedBlockingQueue, queueCapacity: 2000, scheduler: class org.apache.hadoop.ipc.DefaultRpcScheduler, ipcBackoff: false.
2019-07-14 16:44:02,299 INFO  ipc.Server (Server.java:run(1074)) - Starting Socket Reader #1 for port 36071
2019-07-14 16:44:02,307 INFO  ipc.CallQueueManager (CallQueueManager.java:<init>(84)) - Using callQueue: class java.util.concurrent.LinkedBlockingQueue, queueCapacity: 2000, scheduler: class org.apache.hadoop.ipc.DefaultRpcScheduler, ipcBackoff: false.
2019-07-14 16:44:02,308 INFO  ipc.Server (Server.java:run(1074)) - Starting Socket Reader #1 for port 35167
2019-07-14 16:44:02,316 INFO  hdfs.DFSUtil (DFSUtil.java:httpServerTemplateForNNAndJN(1641)) - Starting Web-server for scm at: http://0.0.0.0:0
2019-07-14 16:44:02,318 INFO  server.AuthenticationFilter (AuthenticationFilter.java:constructSecretProvider(240)) - Unable to initialize FileSignerSecretProvider, falling back to use random secrets.
2019-07-14 16:44:02,319 WARN  http.HttpRequestLog (HttpRequestLog.java:getRequestLog(97)) - Jetty request log can only be enabled using Log4j
2019-07-14 16:44:02,321 INFO  http.HttpServer2 (HttpServer2.java:addGlobalFilter(975)) - Added global filter 'safety' (class=org.apache.hadoop.http.HttpServer2$QuotingInputFilter)
2019-07-14 16:44:02,322 INFO  http.HttpServer2 (HttpServer2.java:addFilter(948)) - Added filter static_user_filter (class=org.apache.hadoop.http.lib.StaticUserWebFilter$StaticUserFilter) to context scm
2019-07-14 16:44:02,322 INFO  http.HttpServer2 (HttpServer2.java:addFilter(958)) - Added filter static_user_filter (class=org.apache.hadoop.http.lib.StaticUserWebFilter$StaticUserFilter) to context static
2019-07-14 16:44:02,322 INFO  http.HttpServer2 (HttpServer2.java:addFilter(958)) - Added filter static_user_filter (class=org.apache.hadoop.http.lib.StaticUserWebFilter$StaticUserFilter) to context logs
2019-07-14 16:44:02,325 INFO  server.StorageContainerManager (StorageContainerManager.java:start(761)) - StorageContainerLocationProtocol RPC server is listening at /0.0.0.0:35167
2019-07-14 16:44:02,327 WARN  impl.MetricsConfig (MetricsConfig.java:loadFirst(134)) - Cannot locate configuration: tried hadoop-metrics2-storagecontainermanager.properties,hadoop-metrics2.properties
2019-07-14 16:44:02,328 INFO  impl.MetricsSystemImpl (MetricsSystemImpl.java:startTimer(374)) - Scheduled Metric snapshot period at 10 second(s).
2019-07-14 16:44:02,329 INFO  impl.MetricsSystemImpl (MetricsSystemImpl.java:start(191)) - StorageContainerManager metrics system started
2019-07-14 16:44:02,682 WARN  server.GrpcLogAppender (LogUtils.java:warn(134)) - 9fd9e3e3-5262-496b-8df7-255f5916d7a3->9cd3a1db-b0fe-40bd-a539-64cc346e67f4: Failed appendEntries: org.apache.ratis.thirdparty.io.grpc.StatusRuntimeException: UNAVAILABLE: io exception
2019-07-14 16:44:02,683 INFO  impl.FollowerInfo (FollowerInfo.java:lambda$new$0(50)) - 9fd9e3e3-5262-496b-8df7-255f5916d7a3->9cd3a1db-b0fe-40bd-a539-64cc346e67f4: nextIndex: updateUnconditionally 0 -> 0
2019-07-14 16:44:02,705 WARN  server.GrpcLogAppender (LogUtils.java:warn(134)) - 9fd9e3e3-5262-496b-8df7-255f5916d7a3->3cba4ce6-c4f5-4e1e-b7ad-40d7d1e29a4e: Failed appendEntries: org.apache.ratis.thirdparty.io.grpc.StatusRuntimeException: UNAVAILABLE: io exception
2019-07-14 16:44:02,706 INFO  impl.FollowerInfo (FollowerInfo.java:lambda$new$0(50)) - 9fd9e3e3-5262-496b-8df7-255f5916d7a3->3cba4ce6-c4f5-4e1e-b7ad-40d7d1e29a4e: nextIndex: updateUnconditionally 0 -> 0
2019-07-14 16:44:04,134 INFO  impl.RaftServerProxy (RaftServerProxy.java:addNew(89)) - 0e096a1f-a852-4f95-8c23-22ecb22ee1ce: addNew group-E160DB5DD7DD:[0e096a1f-a852-4f95-8c23-22ecb22ee1ce:192.168.69.77:45883] returns group-E160DB5DD7DD:java.util.concurrent.CompletableFuture@6137b641[Not completed]
2019-07-14 16:44:04,455 WARN  server.GrpcLogAppender (LogUtils.java:warn(134)) - 77d8bfd8-9417-42e4-b630-e55bb18b8339->68a5dfdb-c74c-438f-a088-2062485c848e: Failed appendEntries: org.apache.ratis.thirdparty.io.grpc.StatusRuntimeException: UNAVAILABLE: io exception
2019-07-14 16:44:04,455 WARN  server.GrpcLogAppender (LogUtils.java:warn(134)) - 77d8bfd8-9417-42e4-b630-e55bb18b8339->ce51f40e-6b80-4084-8b29-ef5c0bb939b1: Failed appendEntries: org.apache.ratis.thirdparty.io.grpc.StatusRuntimeException: UNAVAILABLE: io exception
2019-07-14 16:44:04,455 INFO  impl.FollowerInfo (FollowerInfo.java:lambda$new$0(50)) - 77d8bfd8-9417-42e4-b630-e55bb18b8339->68a5dfdb-c74c-438f-a088-2062485c848e: nextIndex: updateUnconditionally 0 -> 0
2019-07-14 16:44:04,455 INFO  impl.FollowerInfo (FollowerInfo.java:lambda$new$0(50)) - 77d8bfd8-9417-42e4-b630-e55bb18b8339->ce51f40e-6b80-4084-8b29-ef5c0bb939b1: nextIndex: updateUnconditionally 0 -> 0
2019-07-14 16:44:05,183 WARN  server.GrpcLogAppender (LogUtils.java:warn(134)) - 9fd9e3e3-5262-496b-8df7-255f5916d7a3->9cd3a1db-b0fe-40bd-a539-64cc346e67f4: Failed appendEntries: org.apache.ratis.thirdparty.io.grpc.StatusRuntimeException: UNAVAILABLE: io exception
2019-07-14 16:44:05,183 INFO  impl.FollowerInfo (FollowerInfo.java:lambda$new$0(50)) - 9fd9e3e3-5262-496b-8df7-255f5916d7a3->9cd3a1db-b0fe-40bd-a539-64cc346e67f4: nextIndex: updateUnconditionally 0 -> 0
2019-07-14 16:44:05,214 WARN  server.GrpcLogAppender (LogUtils.java:warn(134)) - 9fd9e3e3-5262-496b-8df7-255f5916d7a3->3cba4ce6-c4f5-4e1e-b7ad-40d7d1e29a4e: Failed appendEntries: org.apache.ratis.thirdparty.io.grpc.StatusRuntimeException: UNAVAILABLE: io exception
2019-07-14 16:44:05,214 INFO  impl.FollowerInfo (FollowerInfo.java:lambda$new$0(50)) - 9fd9e3e3-5262-496b-8df7-255f5916d7a3->3cba4ce6-c4f5-4e1e-b7ad-40d7d1e29a4e: nextIndex: updateUnconditionally 0 -> 0
2019-07-14 16:44:06,455 INFO  server.SCMClientProtocolServer (SCMClientProtocolServer.java:start(149)) - RPC server for Client  is listening at /0.0.0.0:35167
2019-07-14 16:44:06,455 INFO  ipc.Server (Server.java:run(1314)) - IPC Server Responder: starting
2019-07-14 16:44:06,455 INFO  impl.RaftServerImpl (RaftServerImpl.java:<init>(93)) - 0e096a1f-a852-4f95-8c23-22ecb22ee1ce: new RaftServerImpl for group-E160DB5DD7DD:[0e096a1f-a852-4f95-8c23-22ecb22ee1ce:192.168.69.77:45883] with ContainerStateMachine:uninitialized
2019-07-14 16:44:06,463 INFO  server.RaftServerConfigKeys (ConfUtils.java:logGet(43)) - raft.server.rpc.timeout.min = 5s (custom)
2019-07-14 16:44:06,463 INFO  server.RaftServerConfigKeys (ConfUtils.java:logGet(43)) - raft.server.rpc.timeout.max = 5200ms (custom)
2019-07-14 16:44:06,463 INFO  server.RaftServerConfigKeys (ConfUtils.java:logGet(43)) - raft.server.rpcslowness.timeout = 120s (custom)
2019-07-14 16:44:06,464 INFO  ipc.Server (Server.java:run(1153)) - IPC Server listener on 35167: starting
2019-07-14 16:44:06,464 INFO  server.RaftServerConfigKeys (ConfUtils.java:logGet(43)) - raft.server.sleep.deviation.threshold = 300 (default)
2019-07-14 16:44:06,475 INFO  server.RaftServerConfigKeys (ConfUtils.java:logGet(43)) - raft.server.log.appender.install.snapshot.enabled = false (custom)
2019-07-14 16:44:06,475 INFO  impl.RaftServerImpl (ServerState.java:<init>(105)) - 0e096a1f-a852-4f95-8c23-22ecb22ee1ce:group-E160DB5DD7DD ConfigurationManager, init=-1: [0e096a1f-a852-4f95-8c23-22ecb22ee1ce:192.168.69.77:45883], old=null, confs=<EMPTY_MAP>
2019-07-14 16:44:06,475 INFO  server.RaftServerConfigKeys (ConfUtils.java:logGet(43)) - raft.server.storage.dir = [/workdir/hadoop-ozone/integration-test/target/test-dir/MiniOzoneClusterImpl-8a2e4dc2-5b92-4f8e-84de-2994ad5ae8e6/datanode-6/data/ratis] (custom)
2019-07-14 16:44:06,476 INFO  server.StorageContainerManager (StorageContainerManager.java:start(771)) - ScmBlockLocationProtocol RPC server is listening at /0.0.0.0:36071
2019-07-14 16:44:06,476 INFO  server.SCMBlockProtocolServer (SCMBlockProtocolServer.java:start(140)) - RPC server for Block Protocol is listening at /0.0.0.0:36071
2019-07-14 16:44:06,476 INFO  storage.RaftStorageDirectory (RaftStorageDirectory.java:analyzeStorage(246)) - The storage directory /workdir/hadoop-ozone/integration-test/target/test-dir/MiniOzoneClusterImpl-8a2e4dc2-5b92-4f8e-84de-2994ad5ae8e6/datanode-6/data/ratis/37f5e873-46ac-40cd-8348-e160db5dd7dd does not exist. Creating ...
2019-07-14 16:44:06,476 INFO  ipc.Server (Server.java:run(1314)) - IPC Server Responder: starting
2019-07-14 16:44:06,476 INFO  ipc.Server (Server.java:run(1153)) - IPC Server listener on 36071: starting
2019-07-14 16:44:06,489 INFO  server.StorageContainerManager (StorageContainerManager.java:start(775)) - ScmDatanodeProtocl RPC server is listening at /0.0.0.0:44448
2019-07-14 16:44:06,490 INFO  server.SCMDatanodeProtocolServer (SCMDatanodeProtocolServer.java:start(191)) - RPC server for DataNodes is listening at /0.0.0.0:44448
2019-07-14 16:44:06,490 INFO  ipc.Server (Server.java:run(1314)) - IPC Server Responder: starting
2019-07-14 16:44:06,490 INFO  ipc.Server (Server.java:run(1153)) - IPC Server listener on 44448: starting
2019-07-14 16:44:06,501 INFO  storage.RaftStorageDirectory (RaftStorageDirectory.java:tryLock(328)) - Lock on /workdir/hadoop-ozone/integration-test/target/test-dir/MiniOzoneClusterImpl-8a2e4dc2-5b92-4f8e-84de-2994ad5ae8e6/datanode-6/data/ratis/37f5e873-46ac-40cd-8348-e160db5dd7dd/in_use.lock acquired by nodename 7323@pr-hdds-1710-5x6jb-1204890111
2019-07-14 16:44:06,503 INFO  http.HttpServer2 (HttpServer2.java:bindListener(1191)) - Jetty bound to port 34288
2019-07-14 16:44:06,503 INFO  server.Server (Server.java:doStart(351)) - jetty-9.3.24.v20180605, build timestamp: 2018-06-05T17:11:56Z, git hash: 84205aa28f11a4f31f2a3b86d1bba2cc8ab69827
2019-07-14 16:44:06,505 INFO  handler.ContextHandler (ContextHandler.java:doStart(781)) - Started o.e.j.s.ServletContextHandler@209ab1d7{/logs,file:///workdir/hadoop-ozone/integration-test/target/log,AVAILABLE}
2019-07-14 16:44:06,505 INFO  handler.ContextHandler (ContextHandler.java:doStart(781)) - Started o.e.j.s.ServletContextHandler@5599f22f{/static,file:///workdir/hadoop-ozone/integration-test/target/test-classes/webapps/static,AVAILABLE}
2019-07-14 16:44:06,509 INFO  handler.ContextHandler (ContextHandler.java:doStart(781)) - Started o.e.j.w.WebAppContext@1464a177{/,file:///workdir/hadoop-ozone/integration-test/target/test-classes/webapps/scm/,AVAILABLE}{/scm}
2019-07-14 16:44:06,509 INFO  server.AbstractConnector (AbstractConnector.java:doStart(278)) - Started ServerConnector@14144cc9{HTTP/1.1,[http/1.1]}{0.0.0.0:34288}
2019-07-14 16:44:06,514 INFO  storage.RaftStorage (RaftStorage.java:format(72)) - Storage directory /workdir/hadoop-ozone/integration-test/target/test-dir/MiniOzoneClusterImpl-8a2e4dc2-5b92-4f8e-84de-2994ad5ae8e6/datanode-6/data/ratis/37f5e873-46ac-40cd-8348-e160db5dd7dd has been successfully formatted.
2019-07-14 16:44:06,515 INFO  server.Server (Server.java:doStart(419)) - Started @146317ms
2019-07-14 16:44:06,515 INFO  ratis.ContainerStateMachine (ContainerStateMachine.java:loadSnapshot(200)) - The snapshot info is null.Setting the last applied index to:(t:0, i:~)
2019-07-14 16:44:06,515 INFO  server.RaftServerConfigKeys (ConfUtils.java:logGet(43)) - raft.server.leader.election.timeout = 120s (custom)
2019-07-14 16:44:06,515 INFO  server.RaftServerConfigKeys (ConfUtils.java:logGet(43)) - raft.server.log.use.memory = false (default)
2019-07-14 16:44:06,516 INFO  server.RaftServerConfigKeys (ConfUtils.java:logGet(43)) - raft.server.log.purge.gap = 1000000000 (custom)
2019-07-14 16:44:06,516 INFO  server.RaftServerConfigKeys (ConfUtils.java:logGet(43)) - raft.server.log.appender.buffer.byte-limit = 33554432 (custom)
2019-07-14 16:44:06,516 INFO  server.RaftServerConfigKeys (ConfUtils.java:logGet(43)) - raft.server.log.segment.size.max = 1048576 (custom)
2019-07-14 16:44:06,516 INFO  server.RaftServerConfigKeys (ConfUtils.java:logGet(43)) - raft.server.log.segment.cache.num.max = 2 (custom)
2019-07-14 16:44:06,516 INFO  segmented.SegmentedRaftLogWorker (SegmentedRaftLogWorker.java:<init>(172)) - new 0e096a1f-a852-4f95-8c23-22ecb22ee1ce-SegmentedRaftLogWorker:Storage Directory /workdir/hadoop-ozone/integration-test/target/test-dir/MiniOzoneClusterImpl-8a2e4dc2-5b92-4f8e-84de-2994ad5ae8e6/datanode-6/data/ratis/37f5e873-46ac-40cd-8348-e160db5dd7dd for RaftStorage:Storage Directory /workdir/hadoop-ozone/integration-test/target/test-dir/MiniOzoneClusterImpl-8a2e4dc2-5b92-4f8e-84de-2994ad5ae8e6/datanode-6/data/ratis/37f5e873-46ac-40cd-8348-e160db5dd7dd
2019-07-14 16:44:06,516 INFO  server.RaftServerConfigKeys (ConfUtils.java:logGet(43)) - raft.server.log.queue.byte-limit = 2147483647 (custom)
2019-07-14 16:44:06,517 INFO  server.RaftServerConfigKeys (ConfUtils.java:logGet(43)) - raft.server.log.queue.element-limit = 1024 (custom)
2019-07-14 16:44:06,517 INFO  server.RaftServerConfigKeys (ConfUtils.java:logGet(43)) - raft.server.log.segment.size.max = 1048576 (custom)
2019-07-14 16:44:06,517 INFO  server.RaftServerConfigKeys (ConfUtils.java:logGet(43)) - raft.server.log.preallocated.size = 16384 (custom)
2019-07-14 16:44:06,517 INFO  server.RaftServerConfigKeys (ConfUtils.java:logGet(43)) - raft.server.log.write.buffer.size = 33554432 (custom)
2019-07-14 16:44:06,517 INFO  server.RaftServerConfigKeys (ConfUtils.java:logGet(43)) - raft.server.log.force.sync.num = 128 (default)
2019-07-14 16:44:06,517 INFO  server.RaftServerConfigKeys (ConfUtils.java:logGet(43)) - raft.server.log.statemachine.data.sync = true (default)
2019-07-14 16:44:06,518 INFO  server.BaseHttpServer (BaseHttpServer.java:updateConnectorAddress(207)) - HTTP server of SCM is listening at http://0.0.0.0:34288
2019-07-14 16:44:06,518 INFO  server.RaftServerConfigKeys (ConfUtils.java:logGet(43)) - raft.server.log.statemachine.data.sync.timeout = 10s (default)
2019-07-14 16:44:06,518 INFO  server.RaftServerConfigKeys (ConfUtils.java:logGet(43)) - raft.server.log.statemachine.data.sync.timeout.retry = -1 (default)
2019-07-14 16:44:06,518 INFO  server.RaftServerConfigKeys (ConfUtils.java:logGet(43)) - raft.server.log.statemachine.data.caching.enabled = true (custom)
2019-07-14 16:44:06,522 WARN  server.ServerUtils (ServerUtils.java:getDBPath(222)) - ozone.om.db.dirs is not configured. We recommend adding this setting. Falling back to ozone.metadata.dirs instead.
2019-07-14 16:44:06,523 INFO  util.JvmPauseMonitor (JvmPauseMonitor.java:run(188)) - Starting JVM pause monitor
2019-07-14 16:44:06,523 INFO  segmented.SegmentedRaftLogWorker (SegmentedRaftLogWorker.java:lambda$new$0(132)) - 0e096a1f-a852-4f95-8c23-22ecb22ee1ce-SegmentedRaftLogWorker:Storage Directory /workdir/hadoop-ozone/integration-test/target/test-dir/MiniOzoneClusterImpl-8a2e4dc2-5b92-4f8e-84de-2994ad5ae8e6/datanode-6/data/ratis/37f5e873-46ac-40cd-8348-e160db5dd7dd: flushIndex: setUnconditionally 0 -> -1
2019-07-14 16:44:06,523 INFO  server.RaftServerConfigKeys (ConfUtils.java:logGet(43)) - raft.server.snapshot.auto.trigger.enabled = true (custom)
2019-07-14 16:44:06,523 INFO  server.RaftServerConfigKeys (ConfUtils.java:logGet(43)) - raft.server.snapshot.auto.trigger.threshold = 10000 (custom)
2019-07-14 16:44:06,524 INFO  server.RaftServerConfigKeys (ConfUtils.java:logGet(43)) - raft.server.retrycache.expirytime = 600000ms (custom)
2019-07-14 16:44:06,524 INFO  impl.RaftServerImpl (RaftServerImpl.java:start(180)) - 0e096a1f-a852-4f95-8c23-22ecb22ee1ce: start group-E160DB5DD7DD
2019-07-14 16:44:06,524 INFO  impl.RaftServerImpl (RaftServerImpl.java:setRole(171)) - 0e096a1f-a852-4f95-8c23-22ecb22ee1ce:group-E160DB5DD7DD changes role from null to FOLLOWER at term 0 for startAsFollower
2019-07-14 16:44:06,524 INFO  impl.RoleInfo (RoleInfo.java:updateAndGet(143)) - 0e096a1f-a852-4f95-8c23-22ecb22ee1ce: start FollowerState
2019-07-14 16:44:06,525 INFO  util.JmxRegister (JmxRegister.java:tryRegister(44)) - Successfully registered JMX Bean with object name Ratis:service=RaftServer,group=group-E160DB5DD7DD,id=0e096a1f-a852-4f95-8c23-22ecb22ee1ce
2019-07-14 16:44:06,527 INFO  pipeline.PipelineStateManager (PipelineStateManager.java:addPipeline(56)) - Created pipeline Pipeline[ Id: 37f5e873-46ac-40cd-8348-e160db5dd7dd, Nodes: 0e096a1f-a852-4f95-8c23-22ecb22ee1ce{ip: 192.168.69.77, host: pr-hdds-1710-5x6jb-1204890111, networkLocation: /default-rack, certSerialId: null}, Type:RATIS, Factor:ONE, State:OPEN]
2019-07-14 16:44:06,536 WARN  server.ServerUtils (ServerUtils.java:getDBPath(222)) - ozone.om.db.dirs is not configured. We recommend adding this setting. Falling back to ozone.metadata.dirs instead.
2019-07-14 16:44:06,537 INFO  om.OzoneManager (OzoneManager.java:setOMNodeDetails(632)) - OM Service ID is not set. Setting it to the default ID: omServiceIdDefault
2019-07-14 16:44:06,537 INFO  om.OzoneManager (OzoneManager.java:setOMNodeDetails(638)) - OM Node ID is not set. Setting it to the OmStorage's OmID: b5a409e9-0ca6-4e79-8a98-a4bae5763c17
2019-07-14 16:44:06,537 INFO  om.OzoneManager (OzoneManager.java:loadOMHAConfigs(589)) - Found matching OM address with OMServiceId: null, OMNodeId: null, RPC Address: localhost:0 and Ratis port: 9872
2019-07-14 16:44:06,557 WARN  server.ServerUtils (ServerUtils.java:getDBPath(222)) - ozone.om.db.dirs is not configured. We recommend adding this setting. Falling back to ozone.metadata.dirs instead.
2019-07-14 16:44:06,558 INFO  db.DBStoreBuilder (DBStoreBuilder.java:addTable(110)) - using custom profile for table: userTable
2019-07-14 16:44:06,558 INFO  db.DBStoreBuilder (DBStoreBuilder.java:processTables(161)) - Using default column profile:DBProfile.DISK for Table:userTable
2019-07-14 16:44:06,559 INFO  db.DBStoreBuilder (DBStoreBuilder.java:addTable(110)) - using custom profile for table: volumeTable
2019-07-14 16:44:06,559 INFO  db.DBStoreBuilder (DBStoreBuilder.java:processTables(161)) - Using default column profile:DBProfile.DISK for Table:volumeTable
2019-07-14 16:44:06,559 INFO  db.DBStoreBuilder (DBStoreBuilder.java:addTable(110)) - using custom profile for table: bucketTable
2019-07-14 16:44:06,559 INFO  db.DBStoreBuilder (DBStoreBuilder.java:processTables(161)) - Using default column profile:DBProfile.DISK for Table:bucketTable
2019-07-14 16:44:06,560 INFO  db.DBStoreBuilder (DBStoreBuilder.java:addTable(110)) - using custom profile for table: keyTable
2019-07-14 16:44:06,560 INFO  db.DBStoreBuilder (DBStoreBuilder.java:processTables(161)) - Using default column profile:DBProfile.DISK for Table:keyTable
2019-07-14 16:44:06,560 INFO  db.DBStoreBuilder (DBStoreBuilder.java:addTable(110)) - using custom profile for table: deletedTable
2019-07-14 16:44:06,560 INFO  db.DBStoreBuilder (DBStoreBuilder.java:processTables(161)) - Using default column profile:DBProfile.DISK for Table:deletedTable
2019-07-14 16:44:06,561 INFO  db.DBStoreBuilder (DBStoreBuilder.java:addTable(110)) - using custom profile for table: openKeyTable
2019-07-14 16:44:06,561 INFO  db.DBStoreBuilder (DBStoreBuilder.java:processTables(161)) - Using default column profile:DBProfile.DISK for Table:openKeyTable
2019-07-14 16:44:06,561 INFO  db.DBStoreBuilder (DBStoreBuilder.java:addTable(110)) - using custom profile for table: s3Table
2019-07-14 16:44:06,561 INFO  db.DBStoreBuilder (DBStoreBuilder.java:processTables(161)) - Using default column profile:DBProfile.DISK for Table:s3Table
2019-07-14 16:44:06,562 INFO  db.DBStoreBuilder (DBStoreBuilder.java:addTable(110)) - using custom profile for table: multipartInfoTable
2019-07-14 16:44:06,562 INFO  db.DBStoreBuilder (DBStoreBuilder.java:processTables(161)) - Using default column profile:DBProfile.DISK for Table:multipartInfoTable
2019-07-14 16:44:06,562 INFO  db.DBStoreBuilder (DBStoreBuilder.java:addTable(110)) - using custom profile for table: dTokenTable
2019-07-14 16:44:06,562 INFO  db.DBStoreBuilder (DBStoreBuilder.java:processTables(161)) - Using default column profile:DBProfile.DISK for Table:dTokenTable
2019-07-14 16:44:06,563 INFO  db.DBStoreBuilder (DBStoreBuilder.java:addTable(110)) - using custom profile for table: s3SecretTable
2019-07-14 16:44:06,563 INFO  db.DBStoreBuilder (DBStoreBuilder.java:processTables(161)) - Using default column profile:DBProfile.DISK for Table:s3SecretTable
2019-07-14 16:44:06,563 INFO  db.DBStoreBuilder (DBStoreBuilder.java:addTable(110)) - using custom profile for table: prefixTable
2019-07-14 16:44:06,563 INFO  db.DBStoreBuilder (DBStoreBuilder.java:processTables(161)) - Using default column profile:DBProfile.DISK for Table:prefixTable
2019-07-14 16:44:06,564 INFO  db.DBStoreBuilder (DBStoreBuilder.java:addTable(110)) - using custom profile for table: default
2019-07-14 16:44:06,564 INFO  db.DBStoreBuilder (DBStoreBuilder.java:processTables(167)) - Using default column profile:DBProfile.DISK for Table:default
2019-07-14 16:44:06,564 INFO  db.DBStoreBuilder (DBStoreBuilder.java:getDbProfile(198)) - Using default options. DBProfile.DISK
2019-07-14 16:44:06,956 WARN  server.GrpcLogAppender (LogUtils.java:warn(134)) - 77d8bfd8-9417-42e4-b630-e55bb18b8339->ce51f40e-6b80-4084-8b29-ef5c0bb939b1: Failed appendEntries: org.apache.ratis.thirdparty.io.grpc.StatusRuntimeException: UNAVAILABLE: io exception
2019-07-14 16:44:06,956 WARN  server.GrpcLogAppender (LogUtils.java:warn(134)) - 77d8bfd8-9417-42e4-b630-e55bb18b8339->68a5dfdb-c74c-438f-a088-2062485c848e: Failed appendEntries: org.apache.ratis.thirdparty.io.grpc.StatusRuntimeException: UNAVAILABLE: io exception
2019-07-14 16:44:06,956 INFO  impl.FollowerInfo (FollowerInfo.java:lambda$new$0(50)) - 77d8bfd8-9417-42e4-b630-e55bb18b8339->ce51f40e-6b80-4084-8b29-ef5c0bb939b1: nextIndex: updateUnconditionally 0 -> 0
2019-07-14 16:44:06,957 INFO  impl.FollowerInfo (FollowerInfo.java:lambda$new$0(50)) - 77d8bfd8-9417-42e4-b630-e55bb18b8339->68a5dfdb-c74c-438f-a088-2062485c848e: nextIndex: updateUnconditionally 0 -> 0
2019-07-14 16:44:07,020 INFO  ipc.CallQueueManager (CallQueueManager.java:<init>(84)) - Using callQueue: class java.util.concurrent.LinkedBlockingQueue, queueCapacity: 2000, scheduler: class org.apache.hadoop.ipc.DefaultRpcScheduler, ipcBackoff: false.
2019-07-14 16:44:07,021 INFO  ipc.Server (Server.java:run(1074)) - Starting Socket Reader #1 for port 43957
2019-07-14 16:44:07,093 WARN  server.ServerUtils (ServerUtils.java:getDBPath(222)) - ozone.om.db.dirs is not configured. We recommend adding this setting. Falling back to ozone.metadata.dirs instead.
2019-07-14 16:44:07,093 INFO  om.OzoneManager (OzoneManager.java:start(1230)) - OzoneManager RPC server is listening at localhost/127.0.0.1:43957
2019-07-14 16:44:07,094 INFO  impl.MetricsSystemImpl (MetricsSystemImpl.java:init(158)) - OzoneManager metrics system started (again)
2019-07-14 16:44:07,203 INFO  ipc.Server (Server.java:run(1153)) - IPC Server listener on 43957: starting
2019-07-14 16:44:07,203 INFO  ipc.Server (Server.java:run(1314)) - IPC Server Responder: starting
2019-07-14 16:44:07,248 INFO  hdfs.DFSUtil (DFSUtil.java:httpServerTemplateForNNAndJN(1641)) - Starting Web-server for ozoneManager at: http://0.0.0.0:0
2019-07-14 16:44:07,250 INFO  server.AuthenticationFilter (AuthenticationFilter.java:constructSecretProvider(240)) - Unable to initialize FileSignerSecretProvider, falling back to use random secrets.
2019-07-14 16:44:07,251 WARN  http.HttpRequestLog (HttpRequestLog.java:getRequestLog(97)) - Jetty request log can only be enabled using Log4j
2019-07-14 16:44:07,253 INFO  http.HttpServer2 (HttpServer2.java:addGlobalFilter(975)) - Added global filter 'safety' (class=org.apache.hadoop.http.HttpServer2$QuotingInputFilter)
2019-07-14 16:44:07,253 INFO  http.HttpServer2 (HttpServer2.java:addFilter(948)) - Added filter static_user_filter (class=org.apache.hadoop.http.lib.StaticUserWebFilter$StaticUserFilter) to context ozoneManager
2019-07-14 16:44:07,253 INFO  http.HttpServer2 (HttpServer2.java:addFilter(958)) - Added filter static_user_filter (class=org.apache.hadoop.http.lib.StaticUserWebFilter$StaticUserFilter) to context static
2019-07-14 16:44:07,254 INFO  http.HttpServer2 (HttpServer2.java:addFilter(958)) - Added filter static_user_filter (class=org.apache.hadoop.http.lib.StaticUserWebFilter$StaticUserFilter) to context logs
2019-07-14 16:44:07,255 INFO  http.HttpServer2 (HttpServer2.java:bindListener(1191)) - Jetty bound to port 35752
2019-07-14 16:44:07,255 INFO  server.Server (Server.java:doStart(351)) - jetty-9.3.24.v20180605, build timestamp: 2018-06-05T17:11:56Z, git hash: 84205aa28f11a4f31f2a3b86d1bba2cc8ab69827
2019-07-14 16:44:07,257 INFO  handler.ContextHandler (ContextHandler.java:doStart(781)) - Started o.e.j.s.ServletContextHandler@53741683{/logs,file:///workdir/hadoop-ozone/integration-test/target/log,AVAILABLE}
2019-07-14 16:44:07,257 INFO  handler.ContextHandler (ContextHandler.java:doStart(781)) - Started o.e.j.s.ServletContextHandler@52b7a3e1{/static,file:///workdir/hadoop-ozone/integration-test/target/test-classes/webapps/static,AVAILABLE}
2019-07-14 16:44:07,262 INFO  handler.ContextHandler (ContextHandler.java:doStart(781)) - Started o.e.j.w.WebAppContext@54455c8d{/,file:///workdir/hadoop-ozone/integration-test/target/test-classes/webapps/ozoneManager/,AVAILABLE}{/ozoneManager}
2019-07-14 16:44:07,263 INFO  server.AbstractConnector (AbstractConnector.java:doStart(278)) - Started ServerConnector@80347b2{HTTP/1.1,[http/1.1]}{0.0.0.0:35752}
2019-07-14 16:44:07,267 INFO  server.Server (Server.java:doStart(419)) - Started @147070ms
2019-07-14 16:44:07,268 INFO  server.BaseHttpServer (BaseHttpServer.java:updateConnectorAddress(207)) - HTTP server of OZONEMANAGER is listening at http://0.0.0.0:35752
2019-07-14 16:44:07,286 INFO  impl.MetricsSystemImpl (MetricsSystemImpl.java:init(158)) - HddsDatanode metrics system started (again)
2019-07-14 16:44:07,392 INFO  ozone.HddsDatanodeService (HddsDatanodeService.java:start(185)) - HddsDatanodeService host:pr-hdds-1710-5x6jb-1204890111 ip:192.168.69.77
2019-07-14 16:44:07,414 INFO  volume.HddsVolume (HddsVolume.java:<init>(176)) - Creating Volume: /workdir/hadoop-ozone/integration-test/target/test-dir/MiniOzoneClusterImpl-d93b8c70-40ee-4c69-8ae2-2a5fe4aff117/datanode-0/data/containers/hdds of  storage type : DISK and capacity : 52710309888
2019-07-14 16:44:07,415 INFO  volume.VolumeSet (VolumeSet.java:initializeVolumeSet(170)) - Added Volume : /workdir/hadoop-ozone/integration-test/target/test-dir/MiniOzoneClusterImpl-d93b8c70-40ee-4c69-8ae2-2a5fe4aff117/datanode-0/data/containers/hdds to VolumeSet
2019-07-14 16:44:07,415 INFO  volume.ThrottledAsyncChecker (ThrottledAsyncChecker.java:schedule(140)) - Scheduling a check for org.apache.hadoop.ozone.container.common.volume.HddsVolume@121fe002
2019-07-14 16:44:07,421 INFO  volume.HddsVolumeChecker (HddsVolumeChecker.java:checkAllVolumes(203)) - Scheduled health check for volume org.apache.hadoop.ozone.container.common.volume.HddsVolume@121fe002
2019-07-14 16:44:07,438 INFO  impl.RaftServerProxy (ConfUtils.java:logGet(43)) - raft.rpc.type = GRPC (default)
2019-07-14 16:44:07,438 INFO  grpc.GrpcFactory (GrpcFactory.java:checkPooledByteBufAllocatorUseCacheForAllThreads(45)) - PERFORMANCE WARNING: useCacheForAllThreads is true that may cause Netty to create a lot garbage objects and, as a result, trigger GC.
	It is recommended to disable useCacheForAllThreads by setting -Dorg.apache.ratis.thirdparty.io.netty.allocator.useCacheForAllThreads=false in command line.
2019-07-14 16:44:07,439 INFO  grpc.GrpcConfigKeys$Server (ConfUtils.java:logGet(43)) - raft.grpc.server.port = 0 (default)
2019-07-14 16:44:07,439 INFO  server.GrpcService (ConfUtils.java:logGet(43)) - raft.grpc.message.size.max = 33570816 (custom)
2019-07-14 16:44:07,439 INFO  server.RaftServerConfigKeys (ConfUtils.java:logGet(43)) - raft.server.log.appender.buffer.byte-limit = 33554432 (custom)
2019-07-14 16:44:07,439 INFO  server.GrpcService (ConfUtils.java:logGet(43)) - raft.grpc.flow.control.window = 1MB (=1048576) (default)
2019-07-14 16:44:07,440 INFO  server.RaftServerConfigKeys (ConfUtils.java:logGet(43)) - raft.server.rpc.request.timeout = 3000ms (default)
2019-07-14 16:44:07,440 INFO  server.RaftServerConfigKeys (ConfUtils.java:logGet(43)) - raft.server.storage.dir = [/workdir/hadoop-ozone/integration-test/target/test-dir/MiniOzoneClusterImpl-d93b8c70-40ee-4c69-8ae2-2a5fe4aff117/datanode-0/data/ratis] (custom)
2019-07-14 16:44:07,441 INFO  replication.SimpleContainerDownloader (SimpleContainerDownloader.java:<init>(72)) - Starting container downloader service to copy containers to replicate.
2019-07-14 16:44:07,442 INFO  hdfs.DFSUtil (DFSUtil.java:httpServerTemplateForNNAndJN(1641)) - Starting Web-server for hddsDatanode at: http://0.0.0.0:0
2019-07-14 16:44:07,443 INFO  server.AuthenticationFilter (AuthenticationFilter.java:constructSecretProvider(240)) - Unable to initialize FileSignerSecretProvider, falling back to use random secrets.
2019-07-14 16:44:07,443 WARN  http.HttpRequestLog (HttpRequestLog.java:getRequestLog(97)) - Jetty request log can only be enabled using Log4j
2019-07-14 16:44:07,445 INFO  http.HttpServer2 (HttpServer2.java:addGlobalFilter(975)) - Added global filter 'safety' (class=org.apache.hadoop.http.HttpServer2$QuotingInputFilter)
2019-07-14 16:44:07,445 INFO  http.HttpServer2 (HttpServer2.java:addFilter(948)) - Added filter static_user_filter (class=org.apache.hadoop.http.lib.StaticUserWebFilter$StaticUserFilter) to context hddsDatanode
2019-07-14 16:44:07,445 INFO  http.HttpServer2 (HttpServer2.java:addFilter(958)) - Added filter static_user_filter (class=org.apache.hadoop.http.lib.StaticUserWebFilter$StaticUserFilter) to context static
2019-07-14 16:44:07,445 INFO  http.HttpServer2 (HttpServer2.java:addFilter(958)) - Added filter static_user_filter (class=org.apache.hadoop.http.lib.StaticUserWebFilter$StaticUserFilter) to context logs
2019-07-14 16:44:07,446 INFO  http.HttpServer2 (HttpServer2.java:bindListener(1191)) - Jetty bound to port 44491
2019-07-14 16:44:07,446 INFO  server.Server (Server.java:doStart(351)) - jetty-9.3.24.v20180605, build timestamp: 2018-06-05T17:11:56Z, git hash: 84205aa28f11a4f31f2a3b86d1bba2cc8ab69827
2019-07-14 16:44:07,447 INFO  handler.ContextHandler (ContextHandler.java:doStart(781)) - Started o.e.j.s.ServletContextHandler@34438b38{/logs,file:///workdir/hadoop-ozone/integration-test/target/log,AVAILABLE}
2019-07-14 16:44:07,448 INFO  handler.ContextHandler (ContextHandler.java:doStart(781)) - Started o.e.j.s.ServletContextHandler@27115d45{/static,jar:file:/home/user/.m2/repository/org/apache/hadoop/hadoop-hdds-container-service/0.5.0-SNAPSHOT/hadoop-hdds-container-service-0.5.0-SNAPSHOT.jar!/webapps/static,AVAILABLE}
2019-07-14 16:44:07,475 INFO  handler.ContextHandler (ContextHandler.java:doStart(781)) - Started o.e.j.w.WebAppContext@64f34c91{/,file:///tmp/jetty-0.0.0.0-44491-hddsDatanode-_-any-5061812641682971605.dir/webapp/,AVAILABLE}{/hddsDatanode}
2019-07-14 16:44:07,475 INFO  server.AbstractConnector (AbstractConnector.java:doStart(278)) - Started ServerConnector@158f0af4{HTTP/1.1,[http/1.1]}{0.0.0.0:44491}
2019-07-14 16:44:07,483 INFO  server.Server (Server.java:doStart(419)) - Started @147278ms
2019-07-14 16:44:07,484 INFO  server.BaseHttpServer (BaseHttpServer.java:updateConnectorAddress(207)) - HTTP server of HDDSDATANODE is listening at http://0.0.0.0:44491
2019-07-14 16:44:07,644 INFO  ozone.HddsDatanodeService (HddsDatanodeService.java:startPlugins(396)) - Started plug-in org.apache.hadoop.ozone.web.OzoneHddsDatanodeService@1469015e
2019-07-14 16:44:07,644 INFO  impl.MetricsSystemImpl (MetricsSystemImpl.java:init(158)) - HddsDatanode metrics system started (again)
2019-07-14 16:44:07,683 WARN  server.GrpcLogAppender (LogUtils.java:warn(134)) - 9fd9e3e3-5262-496b-8df7-255f5916d7a3->9cd3a1db-b0fe-40bd-a539-64cc346e67f4: Failed appendEntries: org.apache.ratis.thirdparty.io.grpc.StatusRuntimeException: UNAVAILABLE: io exception
2019-07-14 16:44:07,684 INFO  impl.FollowerInfo (FollowerInfo.java:lambda$new$0(50)) - 9fd9e3e3-5262-496b-8df7-255f5916d7a3->9cd3a1db-b0fe-40bd-a539-64cc346e67f4: nextIndex: updateUnconditionally 0 -> 0
2019-07-14 16:44:07,706 WARN  server.GrpcLogAppender (LogUtils.java:warn(134)) - 9fd9e3e3-5262-496b-8df7-255f5916d7a3->3cba4ce6-c4f5-4e1e-b7ad-40d7d1e29a4e: Failed appendEntries: org.apache.ratis.thirdparty.io.grpc.StatusRuntimeException: UNAVAILABLE: io exception
2019-07-14 16:44:07,707 INFO  impl.FollowerInfo (FollowerInfo.java:lambda$new$0(50)) - 9fd9e3e3-5262-496b-8df7-255f5916d7a3->3cba4ce6-c4f5-4e1e-b7ad-40d7d1e29a4e: nextIndex: updateUnconditionally 0 -> 0
2019-07-14 16:44:07,760 INFO  util.JvmPauseMonitor (JvmPauseMonitor.java:run(188)) - Starting JVM pause monitor
2019-07-14 16:44:07,761 INFO  datanode.InitDatanodeState (InitDatanodeState.java:persistContainerDatanodeDetails(140)) - DatanodeDetails is persisted to /workdir/hadoop-ozone/integration-test/target/test-dir/MiniOzoneClusterImpl-d93b8c70-40ee-4c69-8ae2-2a5fe4aff117/datanode-0/meta/datanode.id
2019-07-14 16:44:07,764 INFO  ozone.HddsDatanodeService (HddsDatanodeService.java:start(185)) - HddsDatanodeService host:pr-hdds-1710-5x6jb-1204890111 ip:192.168.69.77
2019-07-14 16:44:07,786 INFO  volume.HddsVolume (HddsVolume.java:<init>(176)) - Creating Volume: /workdir/hadoop-ozone/integration-test/target/test-dir/MiniOzoneClusterImpl-d93b8c70-40ee-4c69-8ae2-2a5fe4aff117/datanode-1/data/containers/hdds of  storage type : DISK and capacity : 52710309888
2019-07-14 16:44:07,787 INFO  volume.VolumeSet (VolumeSet.java:initializeVolumeSet(170)) - Added Volume : /workdir/hadoop-ozone/integration-test/target/test-dir/MiniOzoneClusterImpl-d93b8c70-40ee-4c69-8ae2-2a5fe4aff117/datanode-1/data/containers/hdds to VolumeSet
2019-07-14 16:44:07,787 INFO  volume.ThrottledAsyncChecker (ThrottledAsyncChecker.java:schedule(140)) - Scheduling a check for org.apache.hadoop.ozone.container.common.volume.HddsVolume@4271960c
2019-07-14 16:44:07,787 INFO  volume.HddsVolumeChecker (HddsVolumeChecker.java:checkAllVolumes(203)) - Scheduled health check for volume org.apache.hadoop.ozone.container.common.volume.HddsVolume@4271960c
2019-07-14 16:44:07,818 INFO  impl.RaftServerProxy (ConfUtils.java:logGet(43)) - raft.rpc.type = GRPC (default)
2019-07-14 16:44:07,818 INFO  grpc.GrpcFactory (GrpcFactory.java:checkPooledByteBufAllocatorUseCacheForAllThreads(45)) - PERFORMANCE WARNING: useCacheForAllThreads is true that may cause Netty to create a lot garbage objects and, as a result, trigger GC.
	It is recommended to disable useCacheForAllThreads by setting -Dorg.apache.ratis.thirdparty.io.netty.allocator.useCacheForAllThreads=false in command line.
2019-07-14 16:44:07,818 INFO  grpc.GrpcConfigKeys$Server (ConfUtils.java:logGet(43)) - raft.grpc.server.port = 0 (default)
2019-07-14 16:44:07,819 INFO  server.GrpcService (ConfUtils.java:logGet(43)) - raft.grpc.message.size.max = 33570816 (custom)
2019-07-14 16:44:07,819 INFO  server.RaftServerConfigKeys (ConfUtils.java:logGet(43)) - raft.server.log.appender.buffer.byte-limit = 33554432 (custom)
2019-07-14 16:44:07,819 INFO  server.GrpcService (ConfUtils.java:logGet(43)) - raft.grpc.flow.control.window = 1MB (=1048576) (default)
2019-07-14 16:44:07,820 INFO  server.RaftServerConfigKeys (ConfUtils.java:logGet(43)) - raft.server.rpc.request.timeout = 3000ms (default)
2019-07-14 16:44:07,820 INFO  server.RaftServerConfigKeys (ConfUtils.java:logGet(43)) - raft.server.storage.dir = [/workdir/hadoop-ozone/integration-test/target/test-dir/MiniOzoneClusterImpl-d93b8c70-40ee-4c69-8ae2-2a5fe4aff117/datanode-1/data/ratis] (custom)
2019-07-14 16:44:07,821 INFO  replication.SimpleContainerDownloader (SimpleContainerDownloader.java:<init>(72)) - Starting container downloader service to copy containers to replicate.
2019-07-14 16:44:07,822 INFO  hdfs.DFSUtil (DFSUtil.java:httpServerTemplateForNNAndJN(1641)) - Starting Web-server for hddsDatanode at: http://0.0.0.0:0
2019-07-14 16:44:07,824 INFO  server.AuthenticationFilter (AuthenticationFilter.java:constructSecretProvider(240)) - Unable to initialize FileSignerSecretProvider, falling back to use random secrets.
2019-07-14 16:44:07,824 WARN  http.HttpRequestLog (HttpRequestLog.java:getRequestLog(97)) - Jetty request log can only be enabled using Log4j
2019-07-14 16:44:07,826 INFO  http.HttpServer2 (HttpServer2.java:addGlobalFilter(975)) - Added global filter 'safety' (class=org.apache.hadoop.http.HttpServer2$QuotingInputFilter)
2019-07-14 16:44:07,826 INFO  http.HttpServer2 (HttpServer2.java:addFilter(948)) - Added filter static_user_filter (class=org.apache.hadoop.http.lib.StaticUserWebFilter$StaticUserFilter) to context hddsDatanode
2019-07-14 16:44:07,826 INFO  http.HttpServer2 (HttpServer2.java:addFilter(958)) - Added filter static_user_filter (class=org.apache.hadoop.http.lib.StaticUserWebFilter$StaticUserFilter) to context logs
2019-07-14 16:44:07,826 INFO  http.HttpServer2 (HttpServer2.java:addFilter(958)) - Added filter static_user_filter (class=org.apache.hadoop.http.lib.StaticUserWebFilter$StaticUserFilter) to context static
2019-07-14 16:44:07,827 INFO  http.HttpServer2 (HttpServer2.java:bindListener(1191)) - Jetty bound to port 46443
2019-07-14 16:44:07,828 INFO  server.Server (Server.java:doStart(351)) - jetty-9.3.24.v20180605, build timestamp: 2018-06-05T17:11:56Z, git hash: 84205aa28f11a4f31f2a3b86d1bba2cc8ab69827
2019-07-14 16:44:07,829 INFO  handler.ContextHandler (ContextHandler.java:doStart(781)) - Started o.e.j.s.ServletContextHandler@28f663de{/logs,file:///workdir/hadoop-ozone/integration-test/target/log,AVAILABLE}
2019-07-14 16:44:07,830 INFO  handler.ContextHandler (ContextHandler.java:doStart(781)) - Started o.e.j.s.ServletContextHandler@2be89ba5{/static,jar:file:/home/user/.m2/repository/org/apache/hadoop/hadoop-hdds-container-service/0.5.0-SNAPSHOT/hadoop-hdds-container-service-0.5.0-SNAPSHOT.jar!/webapps/static,AVAILABLE}
2019-07-14 16:44:07,862 INFO  handler.ContextHandler (ContextHandler.java:doStart(781)) - Started o.e.j.w.WebAppContext@7d45e754{/,file:///tmp/jetty-0.0.0.0-46443-hddsDatanode-_-any-3104821915133107575.dir/webapp/,AVAILABLE}{/hddsDatanode}
2019-07-14 16:44:07,863 INFO  server.AbstractConnector (AbstractConnector.java:doStart(278)) - Started ServerConnector@16a30d66{HTTP/1.1,[http/1.1]}{0.0.0.0:46443}
2019-07-14 16:44:07,863 INFO  server.Server (Server.java:doStart(419)) - Started @147665ms
2019-07-14 16:44:07,872 INFO  server.BaseHttpServer (BaseHttpServer.java:updateConnectorAddress(207)) - HTTP server of HDDSDATANODE is listening at http://0.0.0.0:46443
2019-07-14 16:44:07,986 INFO  ozone.HddsDatanodeService (HddsDatanodeService.java:startPlugins(396)) - Started plug-in org.apache.hadoop.ozone.web.OzoneHddsDatanodeService@3f1b4a14
2019-07-14 16:44:07,986 INFO  impl.MetricsSystemImpl (MetricsSystemImpl.java:init(158)) - HddsDatanode metrics system started (again)
2019-07-14 16:44:07,988 INFO  util.JvmPauseMonitor (JvmPauseMonitor.java:run(188)) - Starting JVM pause monitor
2019-07-14 16:44:08,097 INFO  datanode.InitDatanodeState (InitDatanodeState.java:persistContainerDatanodeDetails(140)) - DatanodeDetails is persisted to /workdir/hadoop-ozone/integration-test/target/test-dir/MiniOzoneClusterImpl-d93b8c70-40ee-4c69-8ae2-2a5fe4aff117/datanode-1/meta/datanode.id
2019-07-14 16:44:08,098 INFO  ozone.HddsDatanodeService (HddsDatanodeService.java:start(185)) - HddsDatanodeService host:pr-hdds-1710-5x6jb-1204890111 ip:192.168.69.77
2019-07-14 16:44:08,119 INFO  volume.HddsVolume (HddsVolume.java:<init>(176)) - Creating Volume: /workdir/hadoop-ozone/integration-test/target/test-dir/MiniOzoneClusterImpl-d93b8c70-40ee-4c69-8ae2-2a5fe4aff117/datanode-2/data/containers/hdds of  storage type : DISK and capacity : 52710309888
2019-07-14 16:44:08,119 INFO  volume.VolumeSet (VolumeSet.java:initializeVolumeSet(170)) - Added Volume : /workdir/hadoop-ozone/integration-test/target/test-dir/MiniOzoneClusterImpl-d93b8c70-40ee-4c69-8ae2-2a5fe4aff117/datanode-2/data/containers/hdds to VolumeSet
2019-07-14 16:44:08,120 INFO  volume.ThrottledAsyncChecker (ThrottledAsyncChecker.java:schedule(140)) - Scheduling a check for org.apache.hadoop.ozone.container.common.volume.HddsVolume@512319dc
2019-07-14 16:44:08,120 INFO  volume.HddsVolumeChecker (HddsVolumeChecker.java:checkAllVolumes(203)) - Scheduled health check for volume org.apache.hadoop.ozone.container.common.volume.HddsVolume@512319dc
2019-07-14 16:44:08,160 INFO  impl.RaftServerProxy (ConfUtils.java:logGet(43)) - raft.rpc.type = GRPC (default)
2019-07-14 16:44:08,161 INFO  grpc.GrpcFactory (GrpcFactory.java:checkPooledByteBufAllocatorUseCacheForAllThreads(45)) - PERFORMANCE WARNING: useCacheForAllThreads is true that may cause Netty to create a lot garbage objects and, as a result, trigger GC.
	It is recommended to disable useCacheForAllThreads by setting -Dorg.apache.ratis.thirdparty.io.netty.allocator.useCacheForAllThreads=false in command line.
2019-07-14 16:44:08,161 INFO  grpc.GrpcConfigKeys$Server (ConfUtils.java:logGet(43)) - raft.grpc.server.port = 0 (default)
2019-07-14 16:44:08,161 INFO  server.GrpcService (ConfUtils.java:logGet(43)) - raft.grpc.message.size.max = 33570816 (custom)
2019-07-14 16:44:08,161 INFO  server.RaftServerConfigKeys (ConfUtils.java:logGet(43)) - raft.server.log.appender.buffer.byte-limit = 33554432 (custom)
2019-07-14 16:44:08,161 INFO  server.GrpcService (ConfUtils.java:logGet(43)) - raft.grpc.flow.control.window = 1MB (=1048576) (default)
2019-07-14 16:44:08,162 INFO  server.RaftServerConfigKeys (ConfUtils.java:logGet(43)) - raft.server.rpc.request.timeout = 3000ms (default)
2019-07-14 16:44:08,162 INFO  server.RaftServerConfigKeys (ConfUtils.java:logGet(43)) - raft.server.storage.dir = [/workdir/hadoop-ozone/integration-test/target/test-dir/MiniOzoneClusterImpl-d93b8c70-40ee-4c69-8ae2-2a5fe4aff117/datanode-2/data/ratis] (custom)
2019-07-14 16:44:08,162 INFO  replication.SimpleContainerDownloader (SimpleContainerDownloader.java:<init>(72)) - Starting container downloader service to copy containers to replicate.
2019-07-14 16:44:08,163 INFO  hdfs.DFSUtil (DFSUtil.java:httpServerTemplateForNNAndJN(1641)) - Starting Web-server for hddsDatanode at: http://0.0.0.0:0
2019-07-14 16:44:08,164 INFO  server.AuthenticationFilter (AuthenticationFilter.java:constructSecretProvider(240)) - Unable to initialize FileSignerSecretProvider, falling back to use random secrets.
2019-07-14 16:44:08,165 WARN  http.HttpRequestLog (HttpRequestLog.java:getRequestLog(97)) - Jetty request log can only be enabled using Log4j
2019-07-14 16:44:08,166 INFO  http.HttpServer2 (HttpServer2.java:addGlobalFilter(975)) - Added global filter 'safety' (class=org.apache.hadoop.http.HttpServer2$QuotingInputFilter)
2019-07-14 16:44:08,166 INFO  http.HttpServer2 (HttpServer2.java:addFilter(948)) - Added filter static_user_filter (class=org.apache.hadoop.http.lib.StaticUserWebFilter$StaticUserFilter) to context hddsDatanode
2019-07-14 16:44:08,166 INFO  http.HttpServer2 (HttpServer2.java:addFilter(958)) - Added filter static_user_filter (class=org.apache.hadoop.http.lib.StaticUserWebFilter$StaticUserFilter) to context logs
2019-07-14 16:44:08,167 INFO  http.HttpServer2 (HttpServer2.java:addFilter(958)) - Added filter static_user_filter (class=org.apache.hadoop.http.lib.StaticUserWebFilter$StaticUserFilter) to context static
2019-07-14 16:44:08,167 INFO  http.HttpServer2 (HttpServer2.java:bindListener(1191)) - Jetty bound to port 38184
2019-07-14 16:44:08,167 INFO  server.Server (Server.java:doStart(351)) - jetty-9.3.24.v20180605, build timestamp: 2018-06-05T17:11:56Z, git hash: 84205aa28f11a4f31f2a3b86d1bba2cc8ab69827
2019-07-14 16:44:08,169 INFO  handler.ContextHandler (ContextHandler.java:doStart(781)) - Started o.e.j.s.ServletContextHandler@7ddd5715{/logs,file:///workdir/hadoop-ozone/integration-test/target/log,AVAILABLE}
2019-07-14 16:44:08,169 INFO  handler.ContextHandler (ContextHandler.java:doStart(781)) - Started o.e.j.s.ServletContextHandler@54c15e{/static,jar:file:/home/user/.m2/repository/org/apache/hadoop/hadoop-hdds-container-service/0.5.0-SNAPSHOT/hadoop-hdds-container-service-0.5.0-SNAPSHOT.jar!/webapps/static,AVAILABLE}
2019-07-14 16:44:08,196 INFO  handler.ContextHandler (ContextHandler.java:doStart(781)) - Started o.e.j.w.WebAppContext@7dc16d33{/,file:///tmp/jetty-0.0.0.0-38184-hddsDatanode-_-any-8350823342060404361.dir/webapp/,AVAILABLE}{/hddsDatanode}
2019-07-14 16:44:08,196 INFO  server.AbstractConnector (AbstractConnector.java:doStart(278)) - Started ServerConnector@1915879c{HTTP/1.1,[http/1.1]}{0.0.0.0:38184}
2019-07-14 16:44:08,196 INFO  server.Server (Server.java:doStart(419)) - Started @147999ms
2019-07-14 16:44:08,202 INFO  server.BaseHttpServer (BaseHttpServer.java:updateConnectorAddress(207)) - HTTP server of HDDSDATANODE is listening at http://0.0.0.0:38184
2019-07-14 16:44:08,311 INFO  ozone.HddsDatanodeService (HddsDatanodeService.java:startPlugins(396)) - Started plug-in org.apache.hadoop.ozone.web.OzoneHddsDatanodeService@35307365
2019-07-14 16:44:08,312 INFO  impl.MetricsSystemImpl (MetricsSystemImpl.java:init(158)) - HddsDatanode metrics system started (again)
2019-07-14 16:44:08,403 INFO  util.JvmPauseMonitor (JvmPauseMonitor.java:run(188)) - Starting JVM pause monitor
2019-07-14 16:44:08,404 INFO  datanode.InitDatanodeState (InitDatanodeState.java:persistContainerDatanodeDetails(140)) - DatanodeDetails is persisted to /workdir/hadoop-ozone/integration-test/target/test-dir/MiniOzoneClusterImpl-d93b8c70-40ee-4c69-8ae2-2a5fe4aff117/datanode-2/meta/datanode.id
2019-07-14 16:44:08,404 INFO  ozone.HddsDatanodeService (HddsDatanodeService.java:start(185)) - HddsDatanodeService host:pr-hdds-1710-5x6jb-1204890111 ip:192.168.69.77
2019-07-14 16:44:08,427 INFO  volume.HddsVolume (HddsVolume.java:<init>(176)) - Creating Volume: /workdir/hadoop-ozone/integration-test/target/test-dir/MiniOzoneClusterImpl-d93b8c70-40ee-4c69-8ae2-2a5fe4aff117/datanode-3/data/containers/hdds of  storage type : DISK and capacity : 52710309888
2019-07-14 16:44:08,427 INFO  volume.VolumeSet (VolumeSet.java:initializeVolumeSet(170)) - Added Volume : /workdir/hadoop-ozone/integration-test/target/test-dir/MiniOzoneClusterImpl-d93b8c70-40ee-4c69-8ae2-2a5fe4aff117/datanode-3/data/containers/hdds to VolumeSet
2019-07-14 16:44:08,428 INFO  volume.ThrottledAsyncChecker (ThrottledAsyncChecker.java:schedule(140)) - Scheduling a check for org.apache.hadoop.ozone.container.common.volume.HddsVolume@54a98439
2019-07-14 16:44:08,428 INFO  volume.HddsVolumeChecker (HddsVolumeChecker.java:checkAllVolumes(203)) - Scheduled health check for volume org.apache.hadoop.ozone.container.common.volume.HddsVolume@54a98439
2019-07-14 16:44:08,453 INFO  impl.RaftServerProxy (ConfUtils.java:logGet(43)) - raft.rpc.type = GRPC (default)
2019-07-14 16:44:08,453 INFO  grpc.GrpcFactory (GrpcFactory.java:checkPooledByteBufAllocatorUseCacheForAllThreads(45)) - PERFORMANCE WARNING: useCacheForAllThreads is true that may cause Netty to create a lot garbage objects and, as a result, trigger GC.
	It is recommended to disable useCacheForAllThreads by setting -Dorg.apache.ratis.thirdparty.io.netty.allocator.useCacheForAllThreads=false in command line.
2019-07-14 16:44:08,454 INFO  grpc.GrpcConfigKeys$Server (ConfUtils.java:logGet(43)) - raft.grpc.server.port = 0 (default)
2019-07-14 16:44:08,454 INFO  server.GrpcService (ConfUtils.java:logGet(43)) - raft.grpc.message.size.max = 33570816 (custom)
2019-07-14 16:44:08,454 INFO  server.RaftServerConfigKeys (ConfUtils.java:logGet(43)) - raft.server.log.appender.buffer.byte-limit = 33554432 (custom)
2019-07-14 16:44:08,454 INFO  server.GrpcService (ConfUtils.java:logGet(43)) - raft.grpc.flow.control.window = 1MB (=1048576) (default)
2019-07-14 16:44:08,454 INFO  server.RaftServerConfigKeys (ConfUtils.java:logGet(43)) - raft.server.rpc.request.timeout = 3000ms (default)
2019-07-14 16:44:08,455 INFO  server.RaftServerConfigKeys (ConfUtils.java:logGet(43)) - raft.server.storage.dir = [/workdir/hadoop-ozone/integration-test/target/test-dir/MiniOzoneClusterImpl-d93b8c70-40ee-4c69-8ae2-2a5fe4aff117/datanode-3/data/ratis] (custom)
2019-07-14 16:44:08,455 INFO  replication.SimpleContainerDownloader (SimpleContainerDownloader.java:<init>(72)) - Starting container downloader service to copy containers to replicate.
2019-07-14 16:44:08,456 INFO  hdfs.DFSUtil (DFSUtil.java:httpServerTemplateForNNAndJN(1641)) - Starting Web-server for hddsDatanode at: http://0.0.0.0:0
2019-07-14 16:44:08,457 INFO  server.AuthenticationFilter (AuthenticationFilter.java:constructSecretProvider(240)) - Unable to initialize FileSignerSecretProvider, falling back to use random secrets.
2019-07-14 16:44:08,458 WARN  http.HttpRequestLog (HttpRequestLog.java:getRequestLog(97)) - Jetty request log can only be enabled using Log4j
2019-07-14 16:44:08,459 INFO  http.HttpServer2 (HttpServer2.java:addGlobalFilter(975)) - Added global filter 'safety' (class=org.apache.hadoop.http.HttpServer2$QuotingInputFilter)
2019-07-14 16:44:08,459 INFO  http.HttpServer2 (HttpServer2.java:addFilter(948)) - Added filter static_user_filter (class=org.apache.hadoop.http.lib.StaticUserWebFilter$StaticUserFilter) to context hddsDatanode
2019-07-14 16:44:08,459 INFO  http.HttpServer2 (HttpServer2.java:addFilter(958)) - Added filter static_user_filter (class=org.apache.hadoop.http.lib.StaticUserWebFilter$StaticUserFilter) to context logs
2019-07-14 16:44:08,459 INFO  http.HttpServer2 (HttpServer2.java:addFilter(958)) - Added filter static_user_filter (class=org.apache.hadoop.http.lib.StaticUserWebFilter$StaticUserFilter) to context static
2019-07-14 16:44:08,460 INFO  http.HttpServer2 (HttpServer2.java:bindListener(1191)) - Jetty bound to port 40450
2019-07-14 16:44:08,460 INFO  server.Server (Server.java:doStart(351)) - jetty-9.3.24.v20180605, build timestamp: 2018-06-05T17:11:56Z, git hash: 84205aa28f11a4f31f2a3b86d1bba2cc8ab69827
2019-07-14 16:44:08,461 INFO  handler.ContextHandler (ContextHandler.java:doStart(781)) - Started o.e.j.s.ServletContextHandler@7db53694{/logs,file:///workdir/hadoop-ozone/integration-test/target/log,AVAILABLE}
2019-07-14 16:44:08,462 INFO  handler.ContextHandler (ContextHandler.java:doStart(781)) - Started o.e.j.s.ServletContextHandler@4c2057c6{/static,jar:file:/home/user/.m2/repository/org/apache/hadoop/hadoop-hdds-container-service/0.5.0-SNAPSHOT/hadoop-hdds-container-service-0.5.0-SNAPSHOT.jar!/webapps/static,AVAILABLE}
2019-07-14 16:44:08,488 INFO  handler.ContextHandler (ContextHandler.java:doStart(781)) - Started o.e.j.w.WebAppContext@aee3d6e{/,file:///tmp/jetty-0.0.0.0-40450-hddsDatanode-_-any-896013684376363544.dir/webapp/,AVAILABLE}{/hddsDatanode}
2019-07-14 16:44:08,488 INFO  server.AbstractConnector (AbstractConnector.java:doStart(278)) - Started ServerConnector@2b8106fa{HTTP/1.1,[http/1.1]}{0.0.0.0:40450}
2019-07-14 16:44:08,488 INFO  server.Server (Server.java:doStart(419)) - Started @148291ms
2019-07-14 16:44:08,496 INFO  server.BaseHttpServer (BaseHttpServer.java:updateConnectorAddress(207)) - HTTP server of HDDSDATANODE is listening at http://0.0.0.0:40450
2019-07-14 16:44:08,613 INFO  ozone.HddsDatanodeService (HddsDatanodeService.java:startPlugins(396)) - Started plug-in org.apache.hadoop.ozone.web.OzoneHddsDatanodeService@7752f9fe
2019-07-14 16:44:08,614 INFO  impl.MetricsSystemImpl (MetricsSystemImpl.java:init(158)) - HddsDatanode metrics system started (again)
2019-07-14 16:44:08,709 INFO  util.JvmPauseMonitor (JvmPauseMonitor.java:run(188)) - Starting JVM pause monitor
2019-07-14 16:44:08,710 INFO  ozone.HddsDatanodeService (HddsDatanodeService.java:start(185)) - HddsDatanodeService host:pr-hdds-1710-5x6jb-1204890111 ip:192.168.69.77
2019-07-14 16:44:08,710 INFO  datanode.InitDatanodeState (InitDatanodeState.java:persistContainerDatanodeDetails(140)) - DatanodeDetails is persisted to /workdir/hadoop-ozone/integration-test/target/test-dir/MiniOzoneClusterImpl-d93b8c70-40ee-4c69-8ae2-2a5fe4aff117/datanode-3/meta/datanode.id
2019-07-14 16:44:08,736 INFO  volume.HddsVolume (HddsVolume.java:<init>(176)) - Creating Volume: /workdir/hadoop-ozone/integration-test/target/test-dir/MiniOzoneClusterImpl-d93b8c70-40ee-4c69-8ae2-2a5fe4aff117/datanode-4/data/containers/hdds of  storage type : DISK and capacity : 52710309888
2019-07-14 16:44:08,736 INFO  volume.VolumeSet (VolumeSet.java:initializeVolumeSet(170)) - Added Volume : /workdir/hadoop-ozone/integration-test/target/test-dir/MiniOzoneClusterImpl-d93b8c70-40ee-4c69-8ae2-2a5fe4aff117/datanode-4/data/containers/hdds to VolumeSet
2019-07-14 16:44:08,736 INFO  volume.ThrottledAsyncChecker (ThrottledAsyncChecker.java:schedule(140)) - Scheduling a check for org.apache.hadoop.ozone.container.common.volume.HddsVolume@68fd0fba
2019-07-14 16:44:08,737 INFO  volume.HddsVolumeChecker (HddsVolumeChecker.java:checkAllVolumes(203)) - Scheduled health check for volume org.apache.hadoop.ozone.container.common.volume.HddsVolume@68fd0fba
2019-07-14 16:44:08,766 INFO  impl.RaftServerProxy (ConfUtils.java:logGet(43)) - raft.rpc.type = GRPC (default)
2019-07-14 16:44:08,767 INFO  grpc.GrpcFactory (GrpcFactory.java:checkPooledByteBufAllocatorUseCacheForAllThreads(45)) - PERFORMANCE WARNING: useCacheForAllThreads is true that may cause Netty to create a lot garbage objects and, as a result, trigger GC.
	It is recommended to disable useCacheForAllThreads by setting -Dorg.apache.ratis.thirdparty.io.netty.allocator.useCacheForAllThreads=false in command line.
2019-07-14 16:44:08,767 INFO  grpc.GrpcConfigKeys$Server (ConfUtils.java:logGet(43)) - raft.grpc.server.port = 0 (default)
2019-07-14 16:44:08,767 INFO  server.GrpcService (ConfUtils.java:logGet(43)) - raft.grpc.message.size.max = 33570816 (custom)
2019-07-14 16:44:08,768 INFO  server.RaftServerConfigKeys (ConfUtils.java:logGet(43)) - raft.server.log.appender.buffer.byte-limit = 33554432 (custom)
2019-07-14 16:44:08,768 INFO  server.GrpcService (ConfUtils.java:logGet(43)) - raft.grpc.flow.control.window = 1MB (=1048576) (default)
2019-07-14 16:44:08,768 INFO  server.RaftServerConfigKeys (ConfUtils.java:logGet(43)) - raft.server.rpc.request.timeout = 3000ms (default)
2019-07-14 16:44:08,768 INFO  server.RaftServerConfigKeys (ConfUtils.java:logGet(43)) - raft.server.storage.dir = [/workdir/hadoop-ozone/integration-test/target/test-dir/MiniOzoneClusterImpl-d93b8c70-40ee-4c69-8ae2-2a5fe4aff117/datanode-4/data/ratis] (custom)
2019-07-14 16:44:08,769 INFO  replication.SimpleContainerDownloader (SimpleContainerDownloader.java:<init>(72)) - Starting container downloader service to copy containers to replicate.
2019-07-14 16:44:08,770 INFO  hdfs.DFSUtil (DFSUtil.java:httpServerTemplateForNNAndJN(1641)) - Starting Web-server for hddsDatanode at: http://0.0.0.0:0
2019-07-14 16:44:08,771 INFO  server.AuthenticationFilter (AuthenticationFilter.java:constructSecretProvider(240)) - Unable to initialize FileSignerSecretProvider, falling back to use random secrets.
2019-07-14 16:44:08,771 WARN  http.HttpRequestLog (HttpRequestLog.java:getRequestLog(97)) - Jetty request log can only be enabled using Log4j
2019-07-14 16:44:08,773 INFO  http.HttpServer2 (HttpServer2.java:addGlobalFilter(975)) - Added global filter 'safety' (class=org.apache.hadoop.http.HttpServer2$QuotingInputFilter)
2019-07-14 16:44:08,773 INFO  http.HttpServer2 (HttpServer2.java:addFilter(948)) - Added filter static_user_filter (class=org.apache.hadoop.http.lib.StaticUserWebFilter$StaticUserFilter) to context hddsDatanode
2019-07-14 16:44:08,773 INFO  http.HttpServer2 (HttpServer2.java:addFilter(958)) - Added filter static_user_filter (class=org.apache.hadoop.http.lib.StaticUserWebFilter$StaticUserFilter) to context logs
2019-07-14 16:44:08,773 INFO  http.HttpServer2 (HttpServer2.java:addFilter(958)) - Added filter static_user_filter (class=org.apache.hadoop.http.lib.StaticUserWebFilter$StaticUserFilter) to context static
2019-07-14 16:44:08,774 INFO  http.HttpServer2 (HttpServer2.java:bindListener(1191)) - Jetty bound to port 35924
2019-07-14 16:44:08,774 INFO  server.Server (Server.java:doStart(351)) - jetty-9.3.24.v20180605, build timestamp: 2018-06-05T17:11:56Z, git hash: 84205aa28f11a4f31f2a3b86d1bba2cc8ab69827
2019-07-14 16:44:08,776 INFO  handler.ContextHandler (ContextHandler.java:doStart(781)) - Started o.e.j.s.ServletContextHandler@7eeabaf3{/logs,file:///workdir/hadoop-ozone/integration-test/target/log,AVAILABLE}
2019-07-14 16:44:08,776 INFO  handler.ContextHandler (ContextHandler.java:doStart(781)) - Started o.e.j.s.ServletContextHandler@2fb006dc{/static,jar:file:/home/user/.m2/repository/org/apache/hadoop/hadoop-hdds-container-service/0.5.0-SNAPSHOT/hadoop-hdds-container-service-0.5.0-SNAPSHOT.jar!/webapps/static,AVAILABLE}
2019-07-14 16:44:08,803 INFO  handler.ContextHandler (ContextHandler.java:doStart(781)) - Started o.e.j.w.WebAppContext@dab0a6c{/,file:///tmp/jetty-0.0.0.0-35924-hddsDatanode-_-any-8290861899935863407.dir/webapp/,AVAILABLE}{/hddsDatanode}
2019-07-14 16:44:08,803 INFO  server.AbstractConnector (AbstractConnector.java:doStart(278)) - Started ServerConnector@1a35343e{HTTP/1.1,[http/1.1]}{0.0.0.0:35924}
2019-07-14 16:44:08,804 INFO  server.Server (Server.java:doStart(419)) - Started @148606ms
2019-07-14 16:44:08,811 INFO  server.BaseHttpServer (BaseHttpServer.java:updateConnectorAddress(207)) - HTTP server of HDDSDATANODE is listening at http://0.0.0.0:35924
2019-07-14 16:44:08,951 INFO  ozone.HddsDatanodeService (HddsDatanodeService.java:startPlugins(396)) - Started plug-in org.apache.hadoop.ozone.web.OzoneHddsDatanodeService@34f4fd04
2019-07-14 16:44:08,952 INFO  impl.MetricsSystemImpl (MetricsSystemImpl.java:init(158)) - HddsDatanode metrics system started (again)
2019-07-14 16:44:09,055 INFO  util.JvmPauseMonitor (JvmPauseMonitor.java:run(188)) - Starting JVM pause monitor
2019-07-14 16:44:09,056 INFO  datanode.InitDatanodeState (InitDatanodeState.java:persistContainerDatanodeDetails(140)) - DatanodeDetails is persisted to /workdir/hadoop-ozone/integration-test/target/test-dir/MiniOzoneClusterImpl-d93b8c70-40ee-4c69-8ae2-2a5fe4aff117/datanode-4/meta/datanode.id
2019-07-14 16:44:09,057 INFO  ozone.HddsDatanodeService (HddsDatanodeService.java:start(185)) - HddsDatanodeService host:pr-hdds-1710-5x6jb-1204890111 ip:192.168.69.77
2019-07-14 16:44:09,082 INFO  volume.HddsVolume (HddsVolume.java:<init>(176)) - Creating Volume: /workdir/hadoop-ozone/integration-test/target/test-dir/MiniOzoneClusterImpl-d93b8c70-40ee-4c69-8ae2-2a5fe4aff117/datanode-5/data/containers/hdds of  storage type : DISK and capacity : 52710309888
2019-07-14 16:44:09,082 INFO  volume.VolumeSet (VolumeSet.java:initializeVolumeSet(170)) - Added Volume : /workdir/hadoop-ozone/integration-test/target/test-dir/MiniOzoneClusterImpl-d93b8c70-40ee-4c69-8ae2-2a5fe4aff117/datanode-5/data/containers/hdds to VolumeSet
2019-07-14 16:44:09,082 INFO  volume.ThrottledAsyncChecker (ThrottledAsyncChecker.java:schedule(140)) - Scheduling a check for org.apache.hadoop.ozone.container.common.volume.HddsVolume@2a90c15e
2019-07-14 16:44:09,083 INFO  volume.HddsVolumeChecker (HddsVolumeChecker.java:checkAllVolumes(203)) - Scheduled health check for volume org.apache.hadoop.ozone.container.common.volume.HddsVolume@2a90c15e
2019-07-14 16:44:09,109 INFO  impl.RaftServerProxy (ConfUtils.java:logGet(43)) - raft.rpc.type = GRPC (default)
2019-07-14 16:44:09,110 INFO  grpc.GrpcFactory (GrpcFactory.java:checkPooledByteBufAllocatorUseCacheForAllThreads(45)) - PERFORMANCE WARNING: useCacheForAllThreads is true that may cause Netty to create a lot garbage objects and, as a result, trigger GC.
	It is recommended to disable useCacheForAllThreads by setting -Dorg.apache.ratis.thirdparty.io.netty.allocator.useCacheForAllThreads=false in command line.
2019-07-14 16:44:09,110 INFO  grpc.GrpcConfigKeys$Server (ConfUtils.java:logGet(43)) - raft.grpc.server.port = 0 (default)
2019-07-14 16:44:09,110 INFO  server.GrpcService (ConfUtils.java:logGet(43)) - raft.grpc.message.size.max = 33570816 (custom)
2019-07-14 16:44:09,111 INFO  server.RaftServerConfigKeys (ConfUtils.java:logGet(43)) - raft.server.log.appender.buffer.byte-limit = 33554432 (custom)
2019-07-14 16:44:09,111 INFO  server.GrpcService (ConfUtils.java:logGet(43)) - raft.grpc.flow.control.window = 1MB (=1048576) (default)
2019-07-14 16:44:09,111 INFO  server.RaftServerConfigKeys (ConfUtils.java:logGet(43)) - raft.server.rpc.request.timeout = 3000ms (default)
2019-07-14 16:44:09,112 INFO  server.RaftServerConfigKeys (ConfUtils.java:logGet(43)) - raft.server.storage.dir = [/workdir/hadoop-ozone/integration-test/target/test-dir/MiniOzoneClusterImpl-d93b8c70-40ee-4c69-8ae2-2a5fe4aff117/datanode-5/data/ratis] (custom)
2019-07-14 16:44:09,112 INFO  replication.SimpleContainerDownloader (SimpleContainerDownloader.java:<init>(72)) - Starting container downloader service to copy containers to replicate.
2019-07-14 16:44:09,113 INFO  hdfs.DFSUtil (DFSUtil.java:httpServerTemplateForNNAndJN(1641)) - Starting Web-server for hddsDatanode at: http://0.0.0.0:0
2019-07-14 16:44:09,115 INFO  server.AuthenticationFilter (AuthenticationFilter.java:constructSecretProvider(240)) - Unable to initialize FileSignerSecretProvider, falling back to use random secrets.
2019-07-14 16:44:09,115 WARN  http.HttpRequestLog (HttpRequestLog.java:getRequestLog(97)) - Jetty request log can only be enabled using Log4j
2019-07-14 16:44:09,117 INFO  http.HttpServer2 (HttpServer2.java:addGlobalFilter(975)) - Added global filter 'safety' (class=org.apache.hadoop.http.HttpServer2$QuotingInputFilter)
2019-07-14 16:44:09,118 INFO  http.HttpServer2 (HttpServer2.java:addFilter(948)) - Added filter static_user_filter (class=org.apache.hadoop.http.lib.StaticUserWebFilter$StaticUserFilter) to context hddsDatanode
2019-07-14 16:44:09,118 INFO  http.HttpServer2 (HttpServer2.java:addFilter(958)) - Added filter static_user_filter (class=org.apache.hadoop.http.lib.StaticUserWebFilter$StaticUserFilter) to context logs
2019-07-14 16:44:09,118 INFO  http.HttpServer2 (HttpServer2.java:addFilter(958)) - Added filter static_user_filter (class=org.apache.hadoop.http.lib.StaticUserWebFilter$StaticUserFilter) to context static
2019-07-14 16:44:09,119 INFO  http.HttpServer2 (HttpServer2.java:bindListener(1191)) - Jetty bound to port 33366
2019-07-14 16:44:09,119 INFO  server.Server (Server.java:doStart(351)) - jetty-9.3.24.v20180605, build timestamp: 2018-06-05T17:11:56Z, git hash: 84205aa28f11a4f31f2a3b86d1bba2cc8ab69827
2019-07-14 16:44:09,121 INFO  handler.ContextHandler (ContextHandler.java:doStart(781)) - Started o.e.j.s.ServletContextHandler@5d3b0f8a{/logs,file:///workdir/hadoop-ozone/integration-test/target/log,AVAILABLE}
2019-07-14 16:44:09,121 INFO  handler.ContextHandler (ContextHandler.java:doStart(781)) - Started o.e.j.s.ServletContextHandler@4b50ebea{/static,jar:file:/home/user/.m2/repository/org/apache/hadoop/hadoop-hdds-container-service/0.5.0-SNAPSHOT/hadoop-hdds-container-service-0.5.0-SNAPSHOT.jar!/webapps/static,AVAILABLE}
2019-07-14 16:44:09,155 INFO  handler.ContextHandler (ContextHandler.java:doStart(781)) - Started o.e.j.w.WebAppContext@28d07fa4{/,file:///tmp/jetty-0.0.0.0-33366-hddsDatanode-_-any-5552900939463984425.dir/webapp/,AVAILABLE}{/hddsDatanode}
2019-07-14 16:44:09,155 INFO  server.AbstractConnector (AbstractConnector.java:doStart(278)) - Started ServerConnector@298990ab{HTTP/1.1,[http/1.1]}{0.0.0.0:33366}
2019-07-14 16:44:09,155 INFO  server.Server (Server.java:doStart(419)) - Started @148958ms
2019-07-14 16:44:09,165 INFO  server.BaseHttpServer (BaseHttpServer.java:updateConnectorAddress(207)) - HTTP server of HDDSDATANODE is listening at http://0.0.0.0:33366
2019-07-14 16:44:09,307 INFO  ozone.HddsDatanodeService (HddsDatanodeService.java:startPlugins(396)) - Started plug-in org.apache.hadoop.ozone.web.OzoneHddsDatanodeService@738a1324
2019-07-14 16:44:09,307 INFO  impl.MetricsSystemImpl (MetricsSystemImpl.java:init(158)) - HddsDatanode metrics system started (again)
2019-07-14 16:44:09,408 INFO  util.JvmPauseMonitor (JvmPauseMonitor.java:run(188)) - Starting JVM pause monitor
2019-07-14 16:44:09,409 INFO  datanode.InitDatanodeState (InitDatanodeState.java:persistContainerDatanodeDetails(140)) - DatanodeDetails is persisted to /workdir/hadoop-ozone/integration-test/target/test-dir/MiniOzoneClusterImpl-d93b8c70-40ee-4c69-8ae2-2a5fe4aff117/datanode-5/meta/datanode.id
2019-07-14 16:44:09,410 INFO  ozone.HddsDatanodeService (HddsDatanodeService.java:start(185)) - HddsDatanodeService host:pr-hdds-1710-5x6jb-1204890111 ip:192.168.69.77
2019-07-14 16:44:09,433 INFO  volume.HddsVolume (HddsVolume.java:<init>(176)) - Creating Volume: /workdir/hadoop-ozone/integration-test/target/test-dir/MiniOzoneClusterImpl-d93b8c70-40ee-4c69-8ae2-2a5fe4aff117/datanode-6/data/containers/hdds of  storage type : DISK and capacity : 52710309888
2019-07-14 16:44:09,434 INFO  volume.VolumeSet (VolumeSet.java:initializeVolumeSet(170)) - Added Volume : /workdir/hadoop-ozone/integration-test/target/test-dir/MiniOzoneClusterImpl-d93b8c70-40ee-4c69-8ae2-2a5fe4aff117/datanode-6/data/containers/hdds to VolumeSet
2019-07-14 16:44:09,434 INFO  volume.ThrottledAsyncChecker (ThrottledAsyncChecker.java:schedule(140)) - Scheduling a check for org.apache.hadoop.ozone.container.common.volume.HddsVolume@730e663a
2019-07-14 16:44:09,434 INFO  volume.HddsVolumeChecker (HddsVolumeChecker.java:checkAllVolumes(203)) - Scheduled health check for volume org.apache.hadoop.ozone.container.common.volume.HddsVolume@730e663a
2019-07-14 16:44:09,456 WARN  server.GrpcLogAppender (LogUtils.java:warn(134)) - 77d8bfd8-9417-42e4-b630-e55bb18b8339->68a5dfdb-c74c-438f-a088-2062485c848e: Failed appendEntries: org.apache.ratis.thirdparty.io.grpc.StatusRuntimeException: UNAVAILABLE: io exception
2019-07-14 16:44:09,456 WARN  server.GrpcLogAppender (LogUtils.java:warn(134)) - 77d8bfd8-9417-42e4-b630-e55bb18b8339->ce51f40e-6b80-4084-8b29-ef5c0bb939b1: Failed appendEntries: org.apache.ratis.thirdparty.io.grpc.StatusRuntimeException: UNAVAILABLE: io exception
2019-07-14 16:44:09,457 INFO  impl.FollowerInfo (FollowerInfo.java:lambda$new$0(50)) - 77d8bfd8-9417-42e4-b630-e55bb18b8339->68a5dfdb-c74c-438f-a088-2062485c848e: nextIndex: updateUnconditionally 0 -> 0
2019-07-14 16:44:09,457 INFO  impl.FollowerInfo (FollowerInfo.java:lambda$new$0(50)) - 77d8bfd8-9417-42e4-b630-e55bb18b8339->ce51f40e-6b80-4084-8b29-ef5c0bb939b1: nextIndex: updateUnconditionally 0 -> 0
2019-07-14 16:44:09,464 INFO  impl.RaftServerProxy (ConfUtils.java:logGet(43)) - raft.rpc.type = GRPC (default)
2019-07-14 16:44:09,464 INFO  grpc.GrpcFactory (GrpcFactory.java:checkPooledByteBufAllocatorUseCacheForAllThreads(45)) - PERFORMANCE WARNING: useCacheForAllThreads is true that may cause Netty to create a lot garbage objects and, as a result, trigger GC.
	It is recommended to disable useCacheForAllThreads by setting -Dorg.apache.ratis.thirdparty.io.netty.allocator.useCacheForAllThreads=false in command line.
2019-07-14 16:44:09,464 INFO  grpc.GrpcConfigKeys$Server (ConfUtils.java:logGet(43)) - raft.grpc.server.port = 0 (default)
2019-07-14 16:44:09,465 INFO  server.GrpcService (ConfUtils.java:logGet(43)) - raft.grpc.message.size.max = 33570816 (custom)
2019-07-14 16:44:09,465 INFO  server.RaftServerConfigKeys (ConfUtils.java:logGet(43)) - raft.server.log.appender.buffer.byte-limit = 33554432 (custom)
2019-07-14 16:44:09,465 INFO  server.GrpcService (ConfUtils.java:logGet(43)) - raft.grpc.flow.control.window = 1MB (=1048576) (default)
2019-07-14 16:44:09,465 INFO  server.RaftServerConfigKeys (ConfUtils.java:logGet(43)) - raft.server.rpc.request.timeout = 3000ms (default)
2019-07-14 16:44:09,466 INFO  server.RaftServerConfigKeys (ConfUtils.java:logGet(43)) - raft.server.storage.dir = [/workdir/hadoop-ozone/integration-test/target/test-dir/MiniOzoneClusterImpl-d93b8c70-40ee-4c69-8ae2-2a5fe4aff117/datanode-6/data/ratis] (custom)
2019-07-14 16:44:09,466 INFO  replication.SimpleContainerDownloader (SimpleContainerDownloader.java:<init>(72)) - Starting container downloader service to copy containers to replicate.
2019-07-14 16:44:09,467 INFO  hdfs.DFSUtil (DFSUtil.java:httpServerTemplateForNNAndJN(1641)) - Starting Web-server for hddsDatanode at: http://0.0.0.0:0
2019-07-14 16:44:09,468 INFO  server.AuthenticationFilter (AuthenticationFilter.java:constructSecretProvider(240)) - Unable to initialize FileSignerSecretProvider, falling back to use random secrets.
2019-07-14 16:44:09,469 WARN  http.HttpRequestLog (HttpRequestLog.java:getRequestLog(97)) - Jetty request log can only be enabled using Log4j
2019-07-14 16:44:09,470 INFO  http.HttpServer2 (HttpServer2.java:addGlobalFilter(975)) - Added global filter 'safety' (class=org.apache.hadoop.http.HttpServer2$QuotingInputFilter)
2019-07-14 16:44:09,470 INFO  http.HttpServer2 (HttpServer2.java:addFilter(948)) - Added filter static_user_filter (class=org.apache.hadoop.http.lib.StaticUserWebFilter$StaticUserFilter) to context hddsDatanode
2019-07-14 16:44:09,470 INFO  http.HttpServer2 (HttpServer2.java:addFilter(958)) - Added filter static_user_filter (class=org.apache.hadoop.http.lib.StaticUserWebFilter$StaticUserFilter) to context logs
2019-07-14 16:44:09,471 INFO  http.HttpServer2 (HttpServer2.java:addFilter(958)) - Added filter static_user_filter (class=org.apache.hadoop.http.lib.StaticUserWebFilter$StaticUserFilter) to context static
2019-07-14 16:44:09,471 INFO  http.HttpServer2 (HttpServer2.java:bindListener(1191)) - Jetty bound to port 35850
2019-07-14 16:44:09,471 INFO  server.Server (Server.java:doStart(351)) - jetty-9.3.24.v20180605, build timestamp: 2018-06-05T17:11:56Z, git hash: 84205aa28f11a4f31f2a3b86d1bba2cc8ab69827
2019-07-14 16:44:09,473 INFO  handler.ContextHandler (ContextHandler.java:doStart(781)) - Started o.e.j.s.ServletContextHandler@6dd0d9a2{/logs,file:///workdir/hadoop-ozone/integration-test/target/log,AVAILABLE}
2019-07-14 16:44:09,473 INFO  handler.ContextHandler (ContextHandler.java:doStart(781)) - Started o.e.j.s.ServletContextHandler@d374c01{/static,jar:file:/home/user/.m2/repository/org/apache/hadoop/hadoop-hdds-container-service/0.5.0-SNAPSHOT/hadoop-hdds-container-service-0.5.0-SNAPSHOT.jar!/webapps/static,AVAILABLE}
2019-07-14 16:44:09,501 INFO  handler.ContextHandler (ContextHandler.java:doStart(781)) - Started o.e.j.w.WebAppContext@3fcc58f8{/,file:///tmp/jetty-0.0.0.0-35850-hddsDatanode-_-any-8214121558249411919.dir/webapp/,AVAILABLE}{/hddsDatanode}
2019-07-14 16:44:09,502 INFO  server.AbstractConnector (AbstractConnector.java:doStart(278)) - Started ServerConnector@51f714d1{HTTP/1.1,[http/1.1]}{0.0.0.0:35850}
2019-07-14 16:44:09,508 INFO  server.Server (Server.java:doStart(419)) - Started @149310ms
2019-07-14 16:44:09,509 INFO  server.BaseHttpServer (BaseHttpServer.java:updateConnectorAddress(207)) - HTTP server of HDDSDATANODE is listening at http://0.0.0.0:35850
2019-07-14 16:44:09,619 INFO  ozone.HddsDatanodeService (HddsDatanodeService.java:startPlugins(396)) - Started plug-in org.apache.hadoop.ozone.web.OzoneHddsDatanodeService@42018e32
2019-07-14 16:44:09,620 INFO  ozone.MiniOzoneClusterImpl (MiniOzoneClusterImpl.java:lambda$waitForClusterToBeReady$0(142)) - Waiting for cluster to be ready. Got 0 of 7 DN Heartbeats.
2019-07-14 16:44:09,621 INFO  util.JvmPauseMonitor (JvmPauseMonitor.java:run(188)) - Starting JVM pause monitor
2019-07-14 16:44:09,622 INFO  datanode.InitDatanodeState (InitDatanodeState.java:persistContainerDatanodeDetails(140)) - DatanodeDetails is persisted to /workdir/hadoop-ozone/integration-test/target/test-dir/MiniOzoneClusterImpl-d93b8c70-40ee-4c69-8ae2-2a5fe4aff117/datanode-6/meta/datanode.id
2019-07-14 16:44:09,812 INFO  ozoneimpl.OzoneContainer (OzoneContainer.java:start(186)) - Attempting to start container services.
2019-07-14 16:44:09,812 INFO  ozoneimpl.OzoneContainer (OzoneContainer.java:startContainerScrub(160)) - Background container scrubber has been disabled by hdds.containerscrub.enabled
2019-07-14 16:44:09,812 INFO  ratis.XceiverServerRatis (XceiverServerRatis.java:start(418)) - Starting XceiverServerRatis e7da1c13-0d41-4ca7-9ecc-eebbf8fef67a at port 0
2019-07-14 16:44:09,820 INFO  impl.RaftServerProxy (RaftServerProxy.java:lambda$start$3(299)) - e7da1c13-0d41-4ca7-9ecc-eebbf8fef67a: start RPC server
2019-07-14 16:44:09,821 INFO  server.GrpcService (GrpcService.java:startImpl(149)) - e7da1c13-0d41-4ca7-9ecc-eebbf8fef67a: GrpcService started, listening on 0.0.0.0/0.0.0.0:45169
2019-07-14 16:44:09,821 INFO  ratis.XceiverServerRatis (XceiverServerRatis.java:start(428)) - XceiverServerRatis e7da1c13-0d41-4ca7-9ecc-eebbf8fef67a is started using port 45169
2019-07-14 16:44:09,822 INFO  server.XceiverServerGrpc (XceiverServerGrpc.java:start(161)) - XceiverServerGrpc e7da1c13-0d41-4ca7-9ecc-eebbf8fef67a is started using port 44202
2019-07-14 16:44:10,009 INFO  ozoneimpl.OzoneContainer (OzoneContainer.java:start(186)) - Attempting to start container services.
2019-07-14 16:44:10,010 INFO  ozoneimpl.OzoneContainer (OzoneContainer.java:startContainerScrub(160)) - Background container scrubber has been disabled by hdds.containerscrub.enabled
2019-07-14 16:44:10,010 INFO  ratis.XceiverServerRatis (XceiverServerRatis.java:start(418)) - Starting XceiverServerRatis 5636bbf6-dda5-41ae-a18f-e64dd1f75d98 at port 0
2019-07-14 16:44:10,017 INFO  impl.RaftServerProxy (RaftServerProxy.java:lambda$start$3(299)) - 5636bbf6-dda5-41ae-a18f-e64dd1f75d98: start RPC server
2019-07-14 16:44:10,018 INFO  server.GrpcService (GrpcService.java:startImpl(149)) - 5636bbf6-dda5-41ae-a18f-e64dd1f75d98: GrpcService started, listening on 0.0.0.0/0.0.0.0:45540
2019-07-14 16:44:10,018 INFO  ratis.XceiverServerRatis (XceiverServerRatis.java:start(428)) - XceiverServerRatis 5636bbf6-dda5-41ae-a18f-e64dd1f75d98 is started using port 45540
2019-07-14 16:44:10,019 INFO  server.XceiverServerGrpc (XceiverServerGrpc.java:start(161)) - XceiverServerGrpc 5636bbf6-dda5-41ae-a18f-e64dd1f75d98 is started using port 33786
2019-07-14 16:44:10,184 WARN  server.GrpcLogAppender (LogUtils.java:warn(134)) - 9fd9e3e3-5262-496b-8df7-255f5916d7a3->9cd3a1db-b0fe-40bd-a539-64cc346e67f4: Failed appendEntries: org.apache.ratis.thirdparty.io.grpc.StatusRuntimeException: UNAVAILABLE: io exception
2019-07-14 16:44:10,185 INFO  impl.FollowerInfo (FollowerInfo.java:lambda$new$0(50)) - 9fd9e3e3-5262-496b-8df7-255f5916d7a3->9cd3a1db-b0fe-40bd-a539-64cc346e67f4: nextIndex: updateUnconditionally 0 -> 0
2019-07-14 16:44:10,207 WARN  server.GrpcLogAppender (LogUtils.java:warn(134)) - 9fd9e3e3-5262-496b-8df7-255f5916d7a3->3cba4ce6-c4f5-4e1e-b7ad-40d7d1e29a4e: Failed appendEntries: org.apache.ratis.thirdparty.io.grpc.StatusRuntimeException: UNAVAILABLE: io exception
2019-07-14 16:44:10,207 INFO  impl.FollowerInfo (FollowerInfo.java:lambda$new$0(50)) - 9fd9e3e3-5262-496b-8df7-255f5916d7a3->3cba4ce6-c4f5-4e1e-b7ad-40d7d1e29a4e: nextIndex: updateUnconditionally 0 -> 0
2019-07-14 16:44:10,422 INFO  ozoneimpl.OzoneContainer (OzoneContainer.java:start(186)) - Attempting to start container services.
2019-07-14 16:44:10,423 INFO  ozoneimpl.OzoneContainer (OzoneContainer.java:startContainerScrub(160)) - Background container scrubber has been disabled by hdds.containerscrub.enabled
2019-07-14 16:44:10,423 INFO  ratis.XceiverServerRatis (XceiverServerRatis.java:start(418)) - Starting XceiverServerRatis 68cffac9-a874-4e5f-b124-9271109b3fbb at port 0
2019-07-14 16:44:10,431 INFO  impl.RaftServerProxy (RaftServerProxy.java:lambda$start$3(299)) - 68cffac9-a874-4e5f-b124-9271109b3fbb: start RPC server
2019-07-14 16:44:10,432 INFO  server.GrpcService (GrpcService.java:startImpl(149)) - 68cffac9-a874-4e5f-b124-9271109b3fbb: GrpcService started, listening on 0.0.0.0/0.0.0.0:32780
2019-07-14 16:44:10,432 INFO  ratis.XceiverServerRatis (XceiverServerRatis.java:start(428)) - XceiverServerRatis 68cffac9-a874-4e5f-b124-9271109b3fbb is started using port 32780
2019-07-14 16:44:10,433 INFO  server.XceiverServerGrpc (XceiverServerGrpc.java:start(161)) - XceiverServerGrpc 68cffac9-a874-4e5f-b124-9271109b3fbb is started using port 34888
2019-07-14 16:44:10,620 INFO  ozone.MiniOzoneClusterImpl (MiniOzoneClusterImpl.java:lambda$waitForClusterToBeReady$0(142)) - Waiting for cluster to be ready. Got 0 of 7 DN Heartbeats.
2019-07-14 16:44:10,724 INFO  ozoneimpl.OzoneContainer (OzoneContainer.java:start(186)) - Attempting to start container services.
2019-07-14 16:44:10,724 INFO  ozoneimpl.OzoneContainer (OzoneContainer.java:startContainerScrub(160)) - Background container scrubber has been disabled by hdds.containerscrub.enabled
2019-07-14 16:44:10,724 INFO  ratis.XceiverServerRatis (XceiverServerRatis.java:start(418)) - Starting XceiverServerRatis 3fc6d144-2164-4620-842a-05555e71ef77 at port 0
2019-07-14 16:44:10,731 INFO  impl.RaftServerProxy (RaftServerProxy.java:lambda$start$3(299)) - 3fc6d144-2164-4620-842a-05555e71ef77: start RPC server
2019-07-14 16:44:10,732 INFO  server.GrpcService (GrpcService.java:startImpl(149)) - 3fc6d144-2164-4620-842a-05555e71ef77: GrpcService started, listening on 0.0.0.0/0.0.0.0:46063
2019-07-14 16:44:10,732 INFO  ratis.XceiverServerRatis (XceiverServerRatis.java:start(428)) - XceiverServerRatis 3fc6d144-2164-4620-842a-05555e71ef77 is started using port 46063
2019-07-14 16:44:10,733 INFO  server.XceiverServerGrpc (XceiverServerGrpc.java:start(161)) - XceiverServerGrpc 3fc6d144-2164-4620-842a-05555e71ef77 is started using port 37756
2019-07-14 16:44:11,070 INFO  ozoneimpl.OzoneContainer (OzoneContainer.java:start(186)) - Attempting to start container services.
2019-07-14 16:44:11,070 INFO  ozoneimpl.OzoneContainer (OzoneContainer.java:startContainerScrub(160)) - Background container scrubber has been disabled by hdds.containerscrub.enabled
2019-07-14 16:44:11,070 INFO  ratis.XceiverServerRatis (XceiverServerRatis.java:start(418)) - Starting XceiverServerRatis 62071d59-5618-4717-8e7d-19a0122f7d2e at port 0
2019-07-14 16:44:11,077 INFO  impl.RaftServerProxy (RaftServerProxy.java:lambda$start$3(299)) - 62071d59-5618-4717-8e7d-19a0122f7d2e: start RPC server
2019-07-14 16:44:11,078 INFO  server.GrpcService (GrpcService.java:startImpl(149)) - 62071d59-5618-4717-8e7d-19a0122f7d2e: GrpcService started, listening on 0.0.0.0/0.0.0.0:37376
2019-07-14 16:44:11,079 INFO  ratis.XceiverServerRatis (XceiverServerRatis.java:start(428)) - XceiverServerRatis 62071d59-5618-4717-8e7d-19a0122f7d2e is started using port 37376
2019-07-14 16:44:11,079 INFO  server.XceiverServerGrpc (XceiverServerGrpc.java:start(161)) - XceiverServerGrpc 62071d59-5618-4717-8e7d-19a0122f7d2e is started using port 43840
2019-07-14 16:44:11,422 INFO  ozoneimpl.OzoneContainer (OzoneContainer.java:start(186)) - Attempting to start container services.
2019-07-14 16:44:11,422 INFO  ozoneimpl.OzoneContainer (OzoneContainer.java:startContainerScrub(160)) - Background container scrubber has been disabled by hdds.containerscrub.enabled
2019-07-14 16:44:11,422 INFO  ratis.XceiverServerRatis (XceiverServerRatis.java:start(418)) - Starting XceiverServerRatis bf216f1c-cf05-4aa2-b328-d60d799e2e7f at port 0
2019-07-14 16:44:11,429 INFO  impl.RaftServerProxy (RaftServerProxy.java:lambda$start$3(299)) - bf216f1c-cf05-4aa2-b328-d60d799e2e7f: start RPC server
2019-07-14 16:44:11,429 INFO  server.GrpcService (GrpcService.java:startImpl(149)) - bf216f1c-cf05-4aa2-b328-d60d799e2e7f: GrpcService started, listening on 0.0.0.0/0.0.0.0:46261
2019-07-14 16:44:11,430 INFO  ratis.XceiverServerRatis (XceiverServerRatis.java:start(428)) - XceiverServerRatis bf216f1c-cf05-4aa2-b328-d60d799e2e7f is started using port 46261
2019-07-14 16:44:11,430 INFO  server.XceiverServerGrpc (XceiverServerGrpc.java:start(161)) - XceiverServerGrpc bf216f1c-cf05-4aa2-b328-d60d799e2e7f is started using port 45674
2019-07-14 16:44:11,620 INFO  ozone.MiniOzoneClusterImpl (MiniOzoneClusterImpl.java:lambda$waitForClusterToBeReady$0(142)) - Waiting for cluster to be ready. Got 0 of 7 DN Heartbeats.
2019-07-14 16:44:11,635 INFO  ozoneimpl.OzoneContainer (OzoneContainer.java:start(186)) - Attempting to start container services.
2019-07-14 16:44:11,635 INFO  ozoneimpl.OzoneContainer (OzoneContainer.java:startContainerScrub(160)) - Background container scrubber has been disabled by hdds.containerscrub.enabled
2019-07-14 16:44:11,635 INFO  ratis.XceiverServerRatis (XceiverServerRatis.java:start(418)) - Starting XceiverServerRatis ada8f62c-b819-487a-a073-c29d09ef8c5e at port 0
2019-07-14 16:44:11,643 INFO  impl.RaftServerProxy (RaftServerProxy.java:lambda$start$3(299)) - ada8f62c-b819-487a-a073-c29d09ef8c5e: start RPC server
2019-07-14 16:44:11,644 INFO  server.GrpcService (GrpcService.java:startImpl(149)) - ada8f62c-b819-487a-a073-c29d09ef8c5e: GrpcService started, listening on 0.0.0.0/0.0.0.0:41225
2019-07-14 16:44:11,644 INFO  ratis.XceiverServerRatis (XceiverServerRatis.java:start(428)) - XceiverServerRatis ada8f62c-b819-487a-a073-c29d09ef8c5e is started using port 41225
2019-07-14 16:44:11,645 INFO  server.XceiverServerGrpc (XceiverServerGrpc.java:start(161)) - XceiverServerGrpc ada8f62c-b819-487a-a073-c29d09ef8c5e is started using port 43787
2019-07-14 16:44:11,708 INFO  impl.FollowerState (FollowerState.java:run(106)) - 0e096a1f-a852-4f95-8c23-22ecb22ee1ce:group-E160DB5DD7DD changes to CANDIDATE, lastRpcTime:5183, electionTimeout:5183ms
2019-07-14 16:44:11,708 INFO  impl.RoleInfo (RoleInfo.java:shutdownFollowerState(121)) - 0e096a1f-a852-4f95-8c23-22ecb22ee1ce: shutdown FollowerState
2019-07-14 16:44:11,708 INFO  impl.RaftServerImpl (RaftServerImpl.java:setRole(171)) - 0e096a1f-a852-4f95-8c23-22ecb22ee1ce:group-E160DB5DD7DD changes role from FOLLOWER to CANDIDATE at term 0 for changeToCandidate
2019-07-14 16:44:11,708 INFO  impl.RoleInfo (RoleInfo.java:updateAndGet(143)) - 0e096a1f-a852-4f95-8c23-22ecb22ee1ce: start LeaderElection
2019-07-14 16:44:11,747 INFO  impl.LeaderElection (LeaderElection.java:askForVotes(181)) - 0e096a1f-a852-4f95-8c23-22ecb22ee1ce:group-E160DB5DD7DD:LeaderElection57: begin an election at term 1 for -1: [0e096a1f-a852-4f95-8c23-22ecb22ee1ce:192.168.69.77:45883], old=null
2019-07-14 16:44:11,747 INFO  impl.RoleInfo (RoleInfo.java:shutdownLeaderElection(134)) - 0e096a1f-a852-4f95-8c23-22ecb22ee1ce: shutdown LeaderElection
2019-07-14 16:44:11,748 INFO  impl.RaftServerImpl (RaftServerImpl.java:setRole(171)) - 0e096a1f-a852-4f95-8c23-22ecb22ee1ce:group-E160DB5DD7DD changes role from CANDIDATE to LEADER at term 1 for changeToLeader
2019-07-14 16:44:11,748 INFO  impl.RaftServerImpl (ServerState.java:setLeader(263)) - 0e096a1f-a852-4f95-8c23-22ecb22ee1ce:group-E160DB5DD7DD change Leader from null to 0e096a1f-a852-4f95-8c23-22ecb22ee1ce at term 1 for becomeLeader, leader elected after 5232ms
2019-07-14 16:44:11,748 INFO  server.RaftServerConfigKeys (ConfUtils.java:logGet(43)) - raft.server.staging.catchup.gap = 1000 (default)
2019-07-14 16:44:11,748 INFO  server.RaftServerConfigKeys (ConfUtils.java:logGet(43)) - raft.server.rpc.sleep.time = 25ms (default)
2019-07-14 16:44:11,748 INFO  server.RaftServerConfigKeys (ConfUtils.java:logGet(43)) - raft.server.write.element-limit = 4096 (default)
2019-07-14 16:44:11,748 INFO  server.RaftServerConfigKeys (ConfUtils.java:logGet(43)) - raft.server.watch.timeout = 10s (default)
2019-07-14 16:44:11,748 INFO  server.RaftServerConfigKeys (ConfUtils.java:logGet(43)) - raft.server.watch.timeout.denomination = 1s (default)
2019-07-14 16:44:11,749 INFO  server.RaftServerConfigKeys (ConfUtils.java:logGet(43)) - raft.server.watch.element-limit = 65536 (default)
2019-07-14 16:44:11,749 INFO  impl.RoleInfo (RoleInfo.java:updateAndGet(143)) - 0e096a1f-a852-4f95-8c23-22ecb22ee1ce: start LeaderState
2019-07-14 16:44:11,749 INFO  segmented.SegmentedRaftLogWorker (SegmentedRaftLogWorker.java:startLogSegment(380)) - 0e096a1f-a852-4f95-8c23-22ecb22ee1ce-SegmentedRaftLogWorker:Storage Directory /workdir/hadoop-ozone/integration-test/target/test-dir/MiniOzoneClusterImpl-8a2e4dc2-5b92-4f8e-84de-2994ad5ae8e6/datanode-6/data/ratis/37f5e873-46ac-40cd-8348-e160db5dd7dd: Starting segment from index:0
2019-07-14 16:44:11,750 INFO  impl.RaftServerImpl (ServerState.java:setRaftConf(361)) - 0e096a1f-a852-4f95-8c23-22ecb22ee1ce:group-E160DB5DD7DD set configuration 0: [0e096a1f-a852-4f95-8c23-22ecb22ee1ce:192.168.69.77:45883], old=null at 0
2019-07-14 16:44:11,775 INFO  net.NetworkTopology (NetworkTopologyImpl.java:add(110)) - Added a new node: /default-rack/192.168.69.77
2019-07-14 16:44:11,782 INFO  node.SCMNodeManager (SCMNodeManager.java:register(269)) - Registered Data node : e7da1c13-0d41-4ca7-9ecc-eebbf8fef67a{ip: 192.168.69.77, host: pr-hdds-1710-5x6jb-1204890111, networkLocation: /default-rack, certSerialId: null}
2019-07-14 16:44:11,783 INFO  safemode.SCMSafeModeManager (DataNodeSafeModeRule.java:process(71)) - SCM in safe mode. 1 DataNodes registered, 1 required.
2019-07-14 16:44:11,790 INFO  safemode.SCMSafeModeManager (SCMSafeModeManager.java:validateSafeModeExitRules(177)) - ScmSafeModeManager, all rules are successfully validated
2019-07-14 16:44:11,790 INFO  segmented.SegmentedRaftLogWorker (SegmentedRaftLogWorker.java:execute(569)) - 0e096a1f-a852-4f95-8c23-22ecb22ee1ce-SegmentedRaftLogWorker:Storage Directory /workdir/hadoop-ozone/integration-test/target/test-dir/MiniOzoneClusterImpl-8a2e4dc2-5b92-4f8e-84de-2994ad5ae8e6/datanode-6/data/ratis/37f5e873-46ac-40cd-8348-e160db5dd7dd: created new log segment /workdir/hadoop-ozone/integration-test/target/test-dir/MiniOzoneClusterImpl-8a2e4dc2-5b92-4f8e-84de-2994ad5ae8e6/datanode-6/data/ratis/37f5e873-46ac-40cd-8348-e160db5dd7dd/current/log_inprogress_0
2019-07-14 16:44:11,790 INFO  safemode.SCMSafeModeManager (SCMSafeModeManager.java:exitSafeMode(193)) - SCM exiting safe mode.
2019-07-14 16:44:11,803 INFO  impl.RaftServerProxy (RaftServerProxy.java:addNew(89)) - e7da1c13-0d41-4ca7-9ecc-eebbf8fef67a: addNew group-726373D388A6:[e7da1c13-0d41-4ca7-9ecc-eebbf8fef67a:192.168.69.77:45169] returns group-726373D388A6:java.util.concurrent.CompletableFuture@7f09e40e[Not completed]
2019-07-14 16:44:11,805 INFO  impl.RaftServerImpl (RaftServerImpl.java:<init>(93)) - e7da1c13-0d41-4ca7-9ecc-eebbf8fef67a: new RaftServerImpl for group-726373D388A6:[e7da1c13-0d41-4ca7-9ecc-eebbf8fef67a:192.168.69.77:45169] with ContainerStateMachine:uninitialized
2019-07-14 16:44:11,805 INFO  server.RaftServerConfigKeys (ConfUtils.java:logGet(43)) - raft.server.rpc.timeout.min = 5s (custom)
2019-07-14 16:44:11,805 INFO  server.RaftServerConfigKeys (ConfUtils.java:logGet(43)) - raft.server.rpc.timeout.max = 5200ms (custom)
2019-07-14 16:44:11,806 INFO  server.RaftServerConfigKeys (ConfUtils.java:logGet(43)) - raft.server.rpcslowness.timeout = 120s (custom)
2019-07-14 16:44:11,806 INFO  server.RaftServerConfigKeys (ConfUtils.java:logGet(43)) - raft.server.sleep.deviation.threshold = 300 (default)
2019-07-14 16:44:11,806 INFO  server.RaftServerConfigKeys (ConfUtils.java:logGet(43)) - raft.server.log.appender.install.snapshot.enabled = false (custom)
2019-07-14 16:44:11,806 INFO  impl.RaftServerImpl (ServerState.java:<init>(105)) - e7da1c13-0d41-4ca7-9ecc-eebbf8fef67a:group-726373D388A6 ConfigurationManager, init=-1: [e7da1c13-0d41-4ca7-9ecc-eebbf8fef67a:192.168.69.77:45169], old=null, confs=<EMPTY_MAP>
2019-07-14 16:44:11,806 INFO  server.RaftServerConfigKeys (ConfUtils.java:logGet(43)) - raft.server.storage.dir = [/workdir/hadoop-ozone/integration-test/target/test-dir/MiniOzoneClusterImpl-d93b8c70-40ee-4c69-8ae2-2a5fe4aff117/datanode-0/data/ratis] (custom)
2019-07-14 16:44:11,807 INFO  storage.RaftStorageDirectory (RaftStorageDirectory.java:analyzeStorage(246)) - The storage directory /workdir/hadoop-ozone/integration-test/target/test-dir/MiniOzoneClusterImpl-d93b8c70-40ee-4c69-8ae2-2a5fe4aff117/datanode-0/data/ratis/3adfa697-9c42-4ca8-bf85-726373d388a6 does not exist. Creating ...
2019-07-14 16:44:11,820 INFO  storage.RaftStorageDirectory (RaftStorageDirectory.java:tryLock(328)) - Lock on /workdir/hadoop-ozone/integration-test/target/test-dir/MiniOzoneClusterImpl-d93b8c70-40ee-4c69-8ae2-2a5fe4aff117/datanode-0/data/ratis/3adfa697-9c42-4ca8-bf85-726373d388a6/in_use.lock acquired by nodename 7323@pr-hdds-1710-5x6jb-1204890111
2019-07-14 16:44:11,833 INFO  storage.RaftStorage (RaftStorage.java:format(72)) - Storage directory /workdir/hadoop-ozone/integration-test/target/test-dir/MiniOzoneClusterImpl-d93b8c70-40ee-4c69-8ae2-2a5fe4aff117/datanode-0/data/ratis/3adfa697-9c42-4ca8-bf85-726373d388a6 has been successfully formatted.
2019-07-14 16:44:11,833 INFO  ratis.ContainerStateMachine (ContainerStateMachine.java:loadSnapshot(200)) - The snapshot info is null.Setting the last applied index to:(t:0, i:~)
2019-07-14 16:44:11,834 INFO  server.RaftServerConfigKeys (ConfUtils.java:logGet(43)) - raft.server.leader.election.timeout = 120s (custom)
2019-07-14 16:44:11,834 INFO  server.RaftServerConfigKeys (ConfUtils.java:logGet(43)) - raft.server.log.use.memory = false (default)
2019-07-14 16:44:11,834 INFO  server.RaftServerConfigKeys (ConfUtils.java:logGet(43)) - raft.server.log.purge.gap = 1000000000 (custom)
2019-07-14 16:44:11,834 INFO  server.RaftServerConfigKeys (ConfUtils.java:logGet(43)) - raft.server.log.appender.buffer.byte-limit = 33554432 (custom)
2019-07-14 16:44:11,834 INFO  server.RaftServerConfigKeys (ConfUtils.java:logGet(43)) - raft.server.log.segment.size.max = 1048576 (custom)
2019-07-14 16:44:11,834 INFO  server.RaftServerConfigKeys (ConfUtils.java:logGet(43)) - raft.server.log.segment.cache.num.max = 2 (custom)
2019-07-14 16:44:11,835 INFO  segmented.SegmentedRaftLogWorker (SegmentedRaftLogWorker.java:<init>(172)) - new e7da1c13-0d41-4ca7-9ecc-eebbf8fef67a-SegmentedRaftLogWorker:Storage Directory /workdir/hadoop-ozone/integration-test/target/test-dir/MiniOzoneClusterImpl-d93b8c70-40ee-4c69-8ae2-2a5fe4aff117/datanode-0/data/ratis/3adfa697-9c42-4ca8-bf85-726373d388a6 for RaftStorage:Storage Directory /workdir/hadoop-ozone/integration-test/target/test-dir/MiniOzoneClusterImpl-d93b8c70-40ee-4c69-8ae2-2a5fe4aff117/datanode-0/data/ratis/3adfa697-9c42-4ca8-bf85-726373d388a6
2019-07-14 16:44:11,835 INFO  server.RaftServerConfigKeys (ConfUtils.java:logGet(43)) - raft.server.log.queue.byte-limit = 2147483647 (custom)
2019-07-14 16:44:11,835 INFO  server.RaftServerConfigKeys (ConfUtils.java:logGet(43)) - raft.server.log.queue.element-limit = 1024 (custom)
2019-07-14 16:44:11,835 INFO  server.RaftServerConfigKeys (ConfUtils.java:logGet(43)) - raft.server.log.segment.size.max = 1048576 (custom)
2019-07-14 16:44:11,835 INFO  server.RaftServerConfigKeys (ConfUtils.java:logGet(43)) - raft.server.log.preallocated.size = 16384 (custom)
2019-07-14 16:44:11,836 INFO  server.RaftServerConfigKeys (ConfUtils.java:logGet(43)) - raft.server.log.write.buffer.size = 33554432 (custom)
2019-07-14 16:44:11,836 INFO  server.RaftServerConfigKeys (ConfUtils.java:logGet(43)) - raft.server.log.force.sync.num = 128 (default)
2019-07-14 16:44:11,836 INFO  server.RaftServerConfigKeys (ConfUtils.java:logGet(43)) - raft.server.log.statemachine.data.sync = true (default)
2019-07-14 16:44:11,836 INFO  server.RaftServerConfigKeys (ConfUtils.java:logGet(43)) - raft.server.log.statemachine.data.sync.timeout = 10s (default)
2019-07-14 16:44:11,836 INFO  server.RaftServerConfigKeys (ConfUtils.java:logGet(43)) - raft.server.log.statemachine.data.sync.timeout.retry = -1 (default)
2019-07-14 16:44:11,836 INFO  server.RaftServerConfigKeys (ConfUtils.java:logGet(43)) - raft.server.log.statemachine.data.caching.enabled = true (custom)
2019-07-14 16:44:11,837 INFO  segmented.SegmentedRaftLogWorker (SegmentedRaftLogWorker.java:lambda$new$0(132)) - e7da1c13-0d41-4ca7-9ecc-eebbf8fef67a-SegmentedRaftLogWorker:Storage Directory /workdir/hadoop-ozone/integration-test/target/test-dir/MiniOzoneClusterImpl-d93b8c70-40ee-4c69-8ae2-2a5fe4aff117/datanode-0/data/ratis/3adfa697-9c42-4ca8-bf85-726373d388a6: flushIndex: setUnconditionally 0 -> -1
2019-07-14 16:44:11,837 INFO  server.RaftServerConfigKeys (ConfUtils.java:logGet(43)) - raft.server.snapshot.auto.trigger.enabled = true (custom)
2019-07-14 16:44:11,837 INFO  server.RaftServerConfigKeys (ConfUtils.java:logGet(43)) - raft.server.snapshot.auto.trigger.threshold = 10000 (custom)
2019-07-14 16:44:11,838 INFO  server.RaftServerConfigKeys (ConfUtils.java:logGet(43)) - raft.server.retrycache.expirytime = 600000ms (custom)
2019-07-14 16:44:11,838 INFO  impl.RaftServerImpl (RaftServerImpl.java:start(180)) - e7da1c13-0d41-4ca7-9ecc-eebbf8fef67a: start group-726373D388A6
2019-07-14 16:44:11,838 INFO  impl.RaftServerImpl (RaftServerImpl.java:setRole(171)) - e7da1c13-0d41-4ca7-9ecc-eebbf8fef67a:group-726373D388A6 changes role from null to FOLLOWER at term 0 for startAsFollower
2019-07-14 16:44:11,838 INFO  impl.RoleInfo (RoleInfo.java:updateAndGet(143)) - e7da1c13-0d41-4ca7-9ecc-eebbf8fef67a: start FollowerState
2019-07-14 16:44:11,839 INFO  util.JmxRegister (JmxRegister.java:tryRegister(44)) - Successfully registered JMX Bean with object name Ratis:service=RaftServer,group=group-726373D388A6,id=e7da1c13-0d41-4ca7-9ecc-eebbf8fef67a
2019-07-14 16:44:11,843 INFO  pipeline.PipelineStateManager (PipelineStateManager.java:addPipeline(56)) - Created pipeline Pipeline[ Id: 3adfa697-9c42-4ca8-bf85-726373d388a6, Nodes: e7da1c13-0d41-4ca7-9ecc-eebbf8fef67a{ip: 192.168.69.77, host: pr-hdds-1710-5x6jb-1204890111, networkLocation: /default-rack, certSerialId: null}, Type:RATIS, Factor:ONE, State:OPEN]
2019-07-14 16:44:11,957 WARN  server.GrpcLogAppender (LogUtils.java:warn(134)) - 77d8bfd8-9417-42e4-b630-e55bb18b8339->68a5dfdb-c74c-438f-a088-2062485c848e: Failed appendEntries: org.apache.ratis.thirdparty.io.grpc.StatusRuntimeException: UNAVAILABLE: io exception
2019-07-14 16:44:11,957 WARN  server.GrpcLogAppender (LogUtils.java:warn(134)) - 77d8bfd8-9417-42e4-b630-e55bb18b8339->ce51f40e-6b80-4084-8b29-ef5c0bb939b1: Failed appendEntries: org.apache.ratis.thirdparty.io.grpc.StatusRuntimeException: UNAVAILABLE: io exception
2019-07-14 16:44:11,957 INFO  impl.FollowerInfo (FollowerInfo.java:lambda$new$0(50)) - 77d8bfd8-9417-42e4-b630-e55bb18b8339->68a5dfdb-c74c-438f-a088-2062485c848e: nextIndex: updateUnconditionally 0 -> 0
2019-07-14 16:44:11,957 INFO  impl.FollowerInfo (FollowerInfo.java:lambda$new$0(50)) - 77d8bfd8-9417-42e4-b630-e55bb18b8339->ce51f40e-6b80-4084-8b29-ef5c0bb939b1: nextIndex: updateUnconditionally 0 -> 0
2019-07-14 16:44:11,988 INFO  node.SCMNodeManager (SCMNodeManager.java:register(269)) - Registered Data node : 5636bbf6-dda5-41ae-a18f-e64dd1f75d98{ip: 192.168.69.77, host: pr-hdds-1710-5x6jb-1204890111, networkLocation: /default-rack, certSerialId: null}
2019-07-14 16:44:12,003 INFO  impl.RaftServerProxy (RaftServerProxy.java:addNew(89)) - 5636bbf6-dda5-41ae-a18f-e64dd1f75d98: addNew group-F9F42AF79CF8:[5636bbf6-dda5-41ae-a18f-e64dd1f75d98:192.168.69.77:45540] returns group-F9F42AF79CF8:java.util.concurrent.CompletableFuture@47e2574[Not completed]
2019-07-14 16:44:12,004 INFO  impl.RaftServerImpl (RaftServerImpl.java:<init>(93)) - 5636bbf6-dda5-41ae-a18f-e64dd1f75d98: new RaftServerImpl for group-F9F42AF79CF8:[5636bbf6-dda5-41ae-a18f-e64dd1f75d98:192.168.69.77:45540] with ContainerStateMachine:uninitialized
2019-07-14 16:44:12,005 INFO  server.RaftServerConfigKeys (ConfUtils.java:logGet(43)) - raft.server.rpc.timeout.min = 5s (custom)
2019-07-14 16:44:12,005 INFO  server.RaftServerConfigKeys (ConfUtils.java:logGet(43)) - raft.server.rpc.timeout.max = 5200ms (custom)
2019-07-14 16:44:12,005 INFO  server.RaftServerConfigKeys (ConfUtils.java:logGet(43)) - raft.server.rpcslowness.timeout = 120s (custom)
2019-07-14 16:44:12,005 INFO  server.RaftServerConfigKeys (ConfUtils.java:logGet(43)) - raft.server.sleep.deviation.threshold = 300 (default)
2019-07-14 16:44:12,005 INFO  server.RaftServerConfigKeys (ConfUtils.java:logGet(43)) - raft.server.log.appender.install.snapshot.enabled = false (custom)
2019-07-14 16:44:12,005 INFO  impl.RaftServerImpl (ServerState.java:<init>(105)) - 5636bbf6-dda5-41ae-a18f-e64dd1f75d98:group-F9F42AF79CF8 ConfigurationManager, init=-1: [5636bbf6-dda5-41ae-a18f-e64dd1f75d98:192.168.69.77:45540], old=null, confs=<EMPTY_MAP>
2019-07-14 16:44:12,006 INFO  server.RaftServerConfigKeys (ConfUtils.java:logGet(43)) - raft.server.storage.dir = [/workdir/hadoop-ozone/integration-test/target/test-dir/MiniOzoneClusterImpl-d93b8c70-40ee-4c69-8ae2-2a5fe4aff117/datanode-1/data/ratis] (custom)
2019-07-14 16:44:12,006 INFO  storage.RaftStorageDirectory (RaftStorageDirectory.java:analyzeStorage(246)) - The storage directory /workdir/hadoop-ozone/integration-test/target/test-dir/MiniOzoneClusterImpl-d93b8c70-40ee-4c69-8ae2-2a5fe4aff117/datanode-1/data/ratis/c6c3c9fd-8677-417d-8203-f9f42af79cf8 does not exist. Creating ...
2019-07-14 16:44:12,019 INFO  storage.RaftStorageDirectory (RaftStorageDirectory.java:tryLock(328)) - Lock on /workdir/hadoop-ozone/integration-test/target/test-dir/MiniOzoneClusterImpl-d93b8c70-40ee-4c69-8ae2-2a5fe4aff117/datanode-1/data/ratis/c6c3c9fd-8677-417d-8203-f9f42af79cf8/in_use.lock acquired by nodename 7323@pr-hdds-1710-5x6jb-1204890111
2019-07-14 16:44:12,032 INFO  storage.RaftStorage (RaftStorage.java:format(72)) - Storage directory /workdir/hadoop-ozone/integration-test/target/test-dir/MiniOzoneClusterImpl-d93b8c70-40ee-4c69-8ae2-2a5fe4aff117/datanode-1/data/ratis/c6c3c9fd-8677-417d-8203-f9f42af79cf8 has been successfully formatted.
2019-07-14 16:44:12,033 INFO  ratis.ContainerStateMachine (ContainerStateMachine.java:loadSnapshot(200)) - The snapshot info is null.Setting the last applied index to:(t:0, i:~)
2019-07-14 16:44:12,033 INFO  server.RaftServerConfigKeys (ConfUtils.java:logGet(43)) - raft.server.leader.election.timeout = 120s (custom)
2019-07-14 16:44:12,033 INFO  server.RaftServerConfigKeys (ConfUtils.java:logGet(43)) - raft.server.log.use.memory = false (default)
2019-07-14 16:44:12,033 INFO  server.RaftServerConfigKeys (ConfUtils.java:logGet(43)) - raft.server.log.purge.gap = 1000000000 (custom)
2019-07-14 16:44:12,033 INFO  server.RaftServerConfigKeys (ConfUtils.java:logGet(43)) - raft.server.log.appender.buffer.byte-limit = 33554432 (custom)
2019-07-14 16:44:12,034 INFO  server.RaftServerConfigKeys (ConfUtils.java:logGet(43)) - raft.server.log.segment.size.max = 1048576 (custom)
2019-07-14 16:44:12,034 INFO  server.RaftServerConfigKeys (ConfUtils.java:logGet(43)) - raft.server.log.segment.cache.num.max = 2 (custom)
2019-07-14 16:44:12,034 INFO  segmented.SegmentedRaftLogWorker (SegmentedRaftLogWorker.java:<init>(172)) - new 5636bbf6-dda5-41ae-a18f-e64dd1f75d98-SegmentedRaftLogWorker:Storage Directory /workdir/hadoop-ozone/integration-test/target/test-dir/MiniOzoneClusterImpl-d93b8c70-40ee-4c69-8ae2-2a5fe4aff117/datanode-1/data/ratis/c6c3c9fd-8677-417d-8203-f9f42af79cf8 for RaftStorage:Storage Directory /workdir/hadoop-ozone/integration-test/target/test-dir/MiniOzoneClusterImpl-d93b8c70-40ee-4c69-8ae2-2a5fe4aff117/datanode-1/data/ratis/c6c3c9fd-8677-417d-8203-f9f42af79cf8
2019-07-14 16:44:12,034 INFO  server.RaftServerConfigKeys (ConfUtils.java:logGet(43)) - raft.server.log.queue.byte-limit = 2147483647 (custom)
2019-07-14 16:44:12,034 INFO  server.RaftServerConfigKeys (ConfUtils.java:logGet(43)) - raft.server.log.queue.element-limit = 1024 (custom)
2019-07-14 16:44:12,035 INFO  server.RaftServerConfigKeys (ConfUtils.java:logGet(43)) - raft.server.log.segment.size.max = 1048576 (custom)
2019-07-14 16:44:12,035 INFO  server.RaftServerConfigKeys (ConfUtils.java:logGet(43)) - raft.server.log.preallocated.size = 16384 (custom)
2019-07-14 16:44:12,035 INFO  server.RaftServerConfigKeys (ConfUtils.java:logGet(43)) - raft.server.log.write.buffer.size = 33554432 (custom)
2019-07-14 16:44:12,035 INFO  server.RaftServerConfigKeys (ConfUtils.java:logGet(43)) - raft.server.log.force.sync.num = 128 (default)
2019-07-14 16:44:12,035 INFO  server.RaftServerConfigKeys (ConfUtils.java:logGet(43)) - raft.server.log.statemachine.data.sync = true (default)
2019-07-14 16:44:12,036 INFO  server.RaftServerConfigKeys (ConfUtils.java:logGet(43)) - raft.server.log.statemachine.data.sync.timeout = 10s (default)
2019-07-14 16:44:12,036 INFO  server.RaftServerConfigKeys (ConfUtils.java:logGet(43)) - raft.server.log.statemachine.data.sync.timeout.retry = -1 (default)
2019-07-14 16:44:12,036 INFO  server.RaftServerConfigKeys (ConfUtils.java:logGet(43)) - raft.server.log.statemachine.data.caching.enabled = true (custom)
2019-07-14 16:44:12,036 INFO  segmented.SegmentedRaftLogWorker (SegmentedRaftLogWorker.java:lambda$new$0(132)) - 5636bbf6-dda5-41ae-a18f-e64dd1f75d98-SegmentedRaftLogWorker:Storage Directory /workdir/hadoop-ozone/integration-test/target/test-dir/MiniOzoneClusterImpl-d93b8c70-40ee-4c69-8ae2-2a5fe4aff117/datanode-1/data/ratis/c6c3c9fd-8677-417d-8203-f9f42af79cf8: flushIndex: setUnconditionally 0 -> -1
2019-07-14 16:44:12,037 INFO  server.RaftServerConfigKeys (ConfUtils.java:logGet(43)) - raft.server.snapshot.auto.trigger.enabled = true (custom)
2019-07-14 16:44:12,037 INFO  server.RaftServerConfigKeys (ConfUtils.java:logGet(43)) - raft.server.snapshot.auto.trigger.threshold = 10000 (custom)
2019-07-14 16:44:12,037 INFO  server.RaftServerConfigKeys (ConfUtils.java:logGet(43)) - raft.server.retrycache.expirytime = 600000ms (custom)
2019-07-14 16:44:12,037 INFO  impl.RaftServerImpl (RaftServerImpl.java:start(180)) - 5636bbf6-dda5-41ae-a18f-e64dd1f75d98: start group-F9F42AF79CF8
2019-07-14 16:44:12,037 INFO  impl.RaftServerImpl (RaftServerImpl.java:setRole(171)) - 5636bbf6-dda5-41ae-a18f-e64dd1f75d98:group-F9F42AF79CF8 changes role from null to FOLLOWER at term 0 for startAsFollower
2019-07-14 16:44:12,038 INFO  impl.RoleInfo (RoleInfo.java:updateAndGet(143)) - 5636bbf6-dda5-41ae-a18f-e64dd1f75d98: start FollowerState
2019-07-14 16:44:12,038 INFO  util.JmxRegister (JmxRegister.java:tryRegister(44)) - Successfully registered JMX Bean with object name Ratis:service=RaftServer,group=group-F9F42AF79CF8,id=5636bbf6-dda5-41ae-a18f-e64dd1f75d98
2019-07-14 16:44:12,041 INFO  pipeline.PipelineStateManager (PipelineStateManager.java:addPipeline(56)) - Created pipeline Pipeline[ Id: c6c3c9fd-8677-417d-8203-f9f42af79cf8, Nodes: 5636bbf6-dda5-41ae-a18f-e64dd1f75d98{ip: 192.168.69.77, host: pr-hdds-1710-5x6jb-1204890111, networkLocation: /default-rack, certSerialId: null}, Type:RATIS, Factor:ONE, State:OPEN]
2019-07-14 16:44:12,403 INFO  node.SCMNodeManager (SCMNodeManager.java:register(269)) - Registered Data node : 68cffac9-a874-4e5f-b124-9271109b3fbb{ip: 192.168.69.77, host: pr-hdds-1710-5x6jb-1204890111, networkLocation: /default-rack, certSerialId: null}
2019-07-14 16:44:12,420 INFO  impl.RaftServerProxy (RaftServerProxy.java:addNew(89)) - 68cffac9-a874-4e5f-b124-9271109b3fbb: addNew group-18D7FB5BBEAC:[68cffac9-a874-4e5f-b124-9271109b3fbb:192.168.69.77:32780] returns group-18D7FB5BBEAC:java.util.concurrent.CompletableFuture@14131828[Not completed]
2019-07-14 16:44:12,423 INFO  impl.RaftServerImpl (RaftServerImpl.java:<init>(93)) - 68cffac9-a874-4e5f-b124-9271109b3fbb: new RaftServerImpl for group-18D7FB5BBEAC:[68cffac9-a874-4e5f-b124-9271109b3fbb:192.168.69.77:32780] with ContainerStateMachine:uninitialized
2019-07-14 16:44:12,423 INFO  server.RaftServerConfigKeys (ConfUtils.java:logGet(43)) - raft.server.rpc.timeout.min = 5s (custom)
2019-07-14 16:44:12,423 INFO  server.RaftServerConfigKeys (ConfUtils.java:logGet(43)) - raft.server.rpc.timeout.max = 5200ms (custom)
2019-07-14 16:44:12,423 INFO  server.RaftServerConfigKeys (ConfUtils.java:logGet(43)) - raft.server.rpcslowness.timeout = 120s (custom)
2019-07-14 16:44:12,424 INFO  server.RaftServerConfigKeys (ConfUtils.java:logGet(43)) - raft.server.sleep.deviation.threshold = 300 (default)
2019-07-14 16:44:12,424 INFO  server.RaftServerConfigKeys (ConfUtils.java:logGet(43)) - raft.server.log.appender.install.snapshot.enabled = false (custom)
2019-07-14 16:44:12,424 INFO  impl.RaftServerImpl (ServerState.java:<init>(105)) - 68cffac9-a874-4e5f-b124-9271109b3fbb:group-18D7FB5BBEAC ConfigurationManager, init=-1: [68cffac9-a874-4e5f-b124-9271109b3fbb:192.168.69.77:32780], old=null, confs=<EMPTY_MAP>
2019-07-14 16:44:12,424 INFO  server.RaftServerConfigKeys (ConfUtils.java:logGet(43)) - raft.server.storage.dir = [/workdir/hadoop-ozone/integration-test/target/test-dir/MiniOzoneClusterImpl-d93b8c70-40ee-4c69-8ae2-2a5fe4aff117/datanode-2/data/ratis] (custom)
2019-07-14 16:44:12,425 INFO  storage.RaftStorageDirectory (RaftStorageDirectory.java:analyzeStorage(246)) - The storage directory /workdir/hadoop-ozone/integration-test/target/test-dir/MiniOzoneClusterImpl-d93b8c70-40ee-4c69-8ae2-2a5fe4aff117/datanode-2/data/ratis/2e837ae9-6417-4e24-9375-18d7fb5bbeac does not exist. Creating ...
2019-07-14 16:44:12,438 INFO  storage.RaftStorageDirectory (RaftStorageDirectory.java:tryLock(328)) - Lock on /workdir/hadoop-ozone/integration-test/target/test-dir/MiniOzoneClusterImpl-d93b8c70-40ee-4c69-8ae2-2a5fe4aff117/datanode-2/data/ratis/2e837ae9-6417-4e24-9375-18d7fb5bbeac/in_use.lock acquired by nodename 7323@pr-hdds-1710-5x6jb-1204890111
2019-07-14 16:44:12,452 INFO  storage.RaftStorage (RaftStorage.java:format(72)) - Storage directory /workdir/hadoop-ozone/integration-test/target/test-dir/MiniOzoneClusterImpl-d93b8c70-40ee-4c69-8ae2-2a5fe4aff117/datanode-2/data/ratis/2e837ae9-6417-4e24-9375-18d7fb5bbeac has been successfully formatted.
2019-07-14 16:44:12,452 INFO  ratis.ContainerStateMachine (ContainerStateMachine.java:loadSnapshot(200)) - The snapshot info is null.Setting the last applied index to:(t:0, i:~)
2019-07-14 16:44:12,452 INFO  server.RaftServerConfigKeys (ConfUtils.java:logGet(43)) - raft.server.leader.election.timeout = 120s (custom)
2019-07-14 16:44:12,453 INFO  server.RaftServerConfigKeys (ConfUtils.java:logGet(43)) - raft.server.log.use.memory = false (default)
2019-07-14 16:44:12,453 INFO  server.RaftServerConfigKeys (ConfUtils.java:logGet(43)) - raft.server.log.purge.gap = 1000000000 (custom)
2019-07-14 16:44:12,453 INFO  server.RaftServerConfigKeys (ConfUtils.java:logGet(43)) - raft.server.log.appender.buffer.byte-limit = 33554432 (custom)
2019-07-14 16:44:12,453 INFO  server.RaftServerConfigKeys (ConfUtils.java:logGet(43)) - raft.server.log.segment.size.max = 1048576 (custom)
2019-07-14 16:44:12,453 INFO  server.RaftServerConfigKeys (ConfUtils.java:logGet(43)) - raft.server.log.segment.cache.num.max = 2 (custom)
2019-07-14 16:44:12,453 INFO  segmented.SegmentedRaftLogWorker (SegmentedRaftLogWorker.java:<init>(172)) - new 68cffac9-a874-4e5f-b124-9271109b3fbb-SegmentedRaftLogWorker:Storage Directory /workdir/hadoop-ozone/integration-test/target/test-dir/MiniOzoneClusterImpl-d93b8c70-40ee-4c69-8ae2-2a5fe4aff117/datanode-2/data/ratis/2e837ae9-6417-4e24-9375-18d7fb5bbeac for RaftStorage:Storage Directory /workdir/hadoop-ozone/integration-test/target/test-dir/MiniOzoneClusterImpl-d93b8c70-40ee-4c69-8ae2-2a5fe4aff117/datanode-2/data/ratis/2e837ae9-6417-4e24-9375-18d7fb5bbeac
2019-07-14 16:44:12,453 INFO  server.RaftServerConfigKeys (ConfUtils.java:logGet(43)) - raft.server.log.queue.byte-limit = 2147483647 (custom)
2019-07-14 16:44:12,454 INFO  server.RaftServerConfigKeys (ConfUtils.java:logGet(43)) - raft.server.log.queue.element-limit = 1024 (custom)
2019-07-14 16:44:12,454 INFO  server.RaftServerConfigKeys (ConfUtils.java:logGet(43)) - raft.server.log.segment.size.max = 1048576 (custom)
2019-07-14 16:44:12,454 INFO  server.RaftServerConfigKeys (ConfUtils.java:logGet(43)) - raft.server.log.preallocated.size = 16384 (custom)
2019-07-14 16:44:12,454 INFO  server.RaftServerConfigKeys (ConfUtils.java:logGet(43)) - raft.server.log.write.buffer.size = 33554432 (custom)
2019-07-14 16:44:12,454 INFO  server.RaftServerConfigKeys (ConfUtils.java:logGet(43)) - raft.server.log.force.sync.num = 128 (default)
2019-07-14 16:44:12,454 INFO  server.RaftServerConfigKeys (ConfUtils.java:logGet(43)) - raft.server.log.statemachine.data.sync = true (default)
2019-07-14 16:44:12,454 INFO  server.RaftServerConfigKeys (ConfUtils.java:logGet(43)) - raft.server.log.statemachine.data.sync.timeout = 10s (default)
2019-07-14 16:44:12,455 INFO  server.RaftServerConfigKeys (ConfUtils.java:logGet(43)) - raft.server.log.statemachine.data.sync.timeout.retry = -1 (default)
2019-07-14 16:44:12,455 INFO  server.RaftServerConfigKeys (ConfUtils.java:logGet(43)) - raft.server.log.statemachine.data.caching.enabled = true (custom)
2019-07-14 16:44:12,455 INFO  segmented.SegmentedRaftLogWorker (SegmentedRaftLogWorker.java:lambda$new$0(132)) - 68cffac9-a874-4e5f-b124-9271109b3fbb-SegmentedRaftLogWorker:Storage Directory /workdir/hadoop-ozone/integration-test/target/test-dir/MiniOzoneClusterImpl-d93b8c70-40ee-4c69-8ae2-2a5fe4aff117/datanode-2/data/ratis/2e837ae9-6417-4e24-9375-18d7fb5bbeac: flushIndex: setUnconditionally 0 -> -1
2019-07-14 16:44:12,455 INFO  server.RaftServerConfigKeys (ConfUtils.java:logGet(43)) - raft.server.snapshot.auto.trigger.enabled = true (custom)
2019-07-14 16:44:12,456 INFO  server.RaftServerConfigKeys (ConfUtils.java:logGet(43)) - raft.server.snapshot.auto.trigger.threshold = 10000 (custom)
2019-07-14 16:44:12,456 INFO  server.RaftServerConfigKeys (ConfUtils.java:logGet(43)) - raft.server.retrycache.expirytime = 600000ms (custom)
2019-07-14 16:44:12,456 INFO  impl.RaftServerImpl (RaftServerImpl.java:start(180)) - 68cffac9-a874-4e5f-b124-9271109b3fbb: start group-18D7FB5BBEAC
2019-07-14 16:44:12,456 INFO  impl.RaftServerImpl (RaftServerImpl.java:setRole(171)) - 68cffac9-a874-4e5f-b124-9271109b3fbb:group-18D7FB5BBEAC changes role from null to FOLLOWER at term 0 for startAsFollower
2019-07-14 16:44:12,456 INFO  impl.RoleInfo (RoleInfo.java:updateAndGet(143)) - 68cffac9-a874-4e5f-b124-9271109b3fbb: start FollowerState
2019-07-14 16:44:12,457 INFO  util.JmxRegister (JmxRegister.java:tryRegister(44)) - Successfully registered JMX Bean with object name Ratis:service=RaftServer,group=group-18D7FB5BBEAC,id=68cffac9-a874-4e5f-b124-9271109b3fbb
2019-07-14 16:44:12,459 INFO  pipeline.PipelineStateManager (PipelineStateManager.java:addPipeline(56)) - Created pipeline Pipeline[ Id: 2e837ae9-6417-4e24-9375-18d7fb5bbeac, Nodes: 68cffac9-a874-4e5f-b124-9271109b3fbb{ip: 192.168.69.77, host: pr-hdds-1710-5x6jb-1204890111, networkLocation: /default-rack, certSerialId: null}, Type:RATIS, Factor:ONE, State:OPEN]
2019-07-14 16:44:12,501 INFO  impl.RaftServerProxy (RaftServerProxy.java:addNew(89)) - 68cffac9-a874-4e5f-b124-9271109b3fbb: addNew group-729AF35D5A68:[e7da1c13-0d41-4ca7-9ecc-eebbf8fef67a:192.168.69.77:45169, 68cffac9-a874-4e5f-b124-9271109b3fbb:192.168.69.77:32780, 5636bbf6-dda5-41ae-a18f-e64dd1f75d98:192.168.69.77:45540] returns group-729AF35D5A68:java.util.concurrent.CompletableFuture@2ed2af03[Not completed]
2019-07-14 16:44:12,502 INFO  impl.RaftServerProxy (RaftServerProxy.java:addNew(89)) - e7da1c13-0d41-4ca7-9ecc-eebbf8fef67a: addNew group-729AF35D5A68:[e7da1c13-0d41-4ca7-9ecc-eebbf8fef67a:192.168.69.77:45169, 68cffac9-a874-4e5f-b124-9271109b3fbb:192.168.69.77:32780, 5636bbf6-dda5-41ae-a18f-e64dd1f75d98:192.168.69.77:45540] returns group-729AF35D5A68:java.util.concurrent.CompletableFuture@1b5969ce[Not completed]
2019-07-14 16:44:12,502 INFO  impl.RaftServerImpl (RaftServerImpl.java:<init>(93)) - 68cffac9-a874-4e5f-b124-9271109b3fbb: new RaftServerImpl for group-729AF35D5A68:[e7da1c13-0d41-4ca7-9ecc-eebbf8fef67a:192.168.69.77:45169, 68cffac9-a874-4e5f-b124-9271109b3fbb:192.168.69.77:32780, 5636bbf6-dda5-41ae-a18f-e64dd1f75d98:192.168.69.77:45540] with ContainerStateMachine:uninitialized
2019-07-14 16:44:12,502 INFO  server.RaftServerConfigKeys (ConfUtils.java:logGet(43)) - raft.server.rpc.timeout.min = 5s (custom)
2019-07-14 16:44:12,502 INFO  impl.RaftServerProxy (RaftServerProxy.java:addNew(89)) - 5636bbf6-dda5-41ae-a18f-e64dd1f75d98: addNew group-729AF35D5A68:[e7da1c13-0d41-4ca7-9ecc-eebbf8fef67a:192.168.69.77:45169, 68cffac9-a874-4e5f-b124-9271109b3fbb:192.168.69.77:32780, 5636bbf6-dda5-41ae-a18f-e64dd1f75d98:192.168.69.77:45540] returns group-729AF35D5A68:java.util.concurrent.CompletableFuture@4d570d50[Not completed]
2019-07-14 16:44:12,503 INFO  server.RaftServerConfigKeys (ConfUtils.java:logGet(43)) - raft.server.rpc.timeout.max = 5200ms (custom)
2019-07-14 16:44:12,503 INFO  server.RaftServerConfigKeys (ConfUtils.java:logGet(43)) - raft.server.rpcslowness.timeout = 120s (custom)
2019-07-14 16:44:12,503 INFO  impl.RaftServerImpl (RaftServerImpl.java:<init>(93)) - e7da1c13-0d41-4ca7-9ecc-eebbf8fef67a: new RaftServerImpl for group-729AF35D5A68:[e7da1c13-0d41-4ca7-9ecc-eebbf8fef67a:192.168.69.77:45169, 68cffac9-a874-4e5f-b124-9271109b3fbb:192.168.69.77:32780, 5636bbf6-dda5-41ae-a18f-e64dd1f75d98:192.168.69.77:45540] with ContainerStateMachine:uninitialized
2019-07-14 16:44:12,503 INFO  server.RaftServerConfigKeys (ConfUtils.java:logGet(43)) - raft.server.sleep.deviation.threshold = 300 (default)
2019-07-14 16:44:12,503 INFO  server.RaftServerConfigKeys (ConfUtils.java:logGet(43)) - raft.server.rpc.timeout.min = 5s (custom)
2019-07-14 16:44:12,503 INFO  server.RaftServerConfigKeys (ConfUtils.java:logGet(43)) - raft.server.log.appender.install.snapshot.enabled = false (custom)
2019-07-14 16:44:12,504 INFO  server.RaftServerConfigKeys (ConfUtils.java:logGet(43)) - raft.server.rpc.timeout.max = 5200ms (custom)
2019-07-14 16:44:12,504 INFO  impl.RaftServerImpl (ServerState.java:<init>(105)) - 68cffac9-a874-4e5f-b124-9271109b3fbb:group-729AF35D5A68 ConfigurationManager, init=-1: [e7da1c13-0d41-4ca7-9ecc-eebbf8fef67a:192.168.69.77:45169, 68cffac9-a874-4e5f-b124-9271109b3fbb:192.168.69.77:32780, 5636bbf6-dda5-41ae-a18f-e64dd1f75d98:192.168.69.77:45540], old=null, confs=<EMPTY_MAP>
2019-07-14 16:44:12,504 INFO  server.RaftServerConfigKeys (ConfUtils.java:logGet(43)) - raft.server.rpcslowness.timeout = 120s (custom)
2019-07-14 16:44:12,504 INFO  server.RaftServerConfigKeys (ConfUtils.java:logGet(43)) - raft.server.storage.dir = [/workdir/hadoop-ozone/integration-test/target/test-dir/MiniOzoneClusterImpl-d93b8c70-40ee-4c69-8ae2-2a5fe4aff117/datanode-2/data/ratis] (custom)
2019-07-14 16:44:12,504 INFO  server.RaftServerConfigKeys (ConfUtils.java:logGet(43)) - raft.server.sleep.deviation.threshold = 300 (default)
2019-07-14 16:44:12,504 INFO  impl.RaftServerImpl (RaftServerImpl.java:<init>(93)) - 5636bbf6-dda5-41ae-a18f-e64dd1f75d98: new RaftServerImpl for group-729AF35D5A68:[e7da1c13-0d41-4ca7-9ecc-eebbf8fef67a:192.168.69.77:45169, 68cffac9-a874-4e5f-b124-9271109b3fbb:192.168.69.77:32780, 5636bbf6-dda5-41ae-a18f-e64dd1f75d98:192.168.69.77:45540] with ContainerStateMachine:uninitialized
2019-07-14 16:44:12,504 INFO  server.RaftServerConfigKeys (ConfUtils.java:logGet(43)) - raft.server.log.appender.install.snapshot.enabled = false (custom)
2019-07-14 16:44:12,505 INFO  server.RaftServerConfigKeys (ConfUtils.java:logGet(43)) - raft.server.rpc.timeout.min = 5s (custom)
2019-07-14 16:44:12,505 INFO  storage.RaftStorageDirectory (RaftStorageDirectory.java:analyzeStorage(246)) - The storage directory /workdir/hadoop-ozone/integration-test/target/test-dir/MiniOzoneClusterImpl-d93b8c70-40ee-4c69-8ae2-2a5fe4aff117/datanode-2/data/ratis/cf0eafce-f57e-40e4-93b0-729af35d5a68 does not exist. Creating ...
2019-07-14 16:44:12,505 INFO  server.RaftServerConfigKeys (ConfUtils.java:logGet(43)) - raft.server.rpc.timeout.max = 5200ms (custom)
2019-07-14 16:44:12,505 INFO  impl.RaftServerImpl (ServerState.java:<init>(105)) - e7da1c13-0d41-4ca7-9ecc-eebbf8fef67a:group-729AF35D5A68 ConfigurationManager, init=-1: [e7da1c13-0d41-4ca7-9ecc-eebbf8fef67a:192.168.69.77:45169, 68cffac9-a874-4e5f-b124-9271109b3fbb:192.168.69.77:32780, 5636bbf6-dda5-41ae-a18f-e64dd1f75d98:192.168.69.77:45540], old=null, confs=<EMPTY_MAP>
2019-07-14 16:44:12,505 INFO  server.RaftServerConfigKeys (ConfUtils.java:logGet(43)) - raft.server.rpcslowness.timeout = 120s (custom)
2019-07-14 16:44:12,505 INFO  server.RaftServerConfigKeys (ConfUtils.java:logGet(43)) - raft.server.storage.dir = [/workdir/hadoop-ozone/integration-test/target/test-dir/MiniOzoneClusterImpl-d93b8c70-40ee-4c69-8ae2-2a5fe4aff117/datanode-0/data/ratis] (custom)
2019-07-14 16:44:12,505 INFO  server.RaftServerConfigKeys (ConfUtils.java:logGet(43)) - raft.server.sleep.deviation.threshold = 300 (default)
2019-07-14 16:44:12,506 INFO  server.RaftServerConfigKeys (ConfUtils.java:logGet(43)) - raft.server.log.appender.install.snapshot.enabled = false (custom)
2019-07-14 16:44:12,506 INFO  storage.RaftStorageDirectory (RaftStorageDirectory.java:analyzeStorage(246)) - The storage directory /workdir/hadoop-ozone/integration-test/target/test-dir/MiniOzoneClusterImpl-d93b8c70-40ee-4c69-8ae2-2a5fe4aff117/datanode-0/data/ratis/cf0eafce-f57e-40e4-93b0-729af35d5a68 does not exist. Creating ...
2019-07-14 16:44:12,506 INFO  impl.RaftServerImpl (ServerState.java:<init>(105)) - 5636bbf6-dda5-41ae-a18f-e64dd1f75d98:group-729AF35D5A68 ConfigurationManager, init=-1: [e7da1c13-0d41-4ca7-9ecc-eebbf8fef67a:192.168.69.77:45169, 68cffac9-a874-4e5f-b124-9271109b3fbb:192.168.69.77:32780, 5636bbf6-dda5-41ae-a18f-e64dd1f75d98:192.168.69.77:45540], old=null, confs=<EMPTY_MAP>
2019-07-14 16:44:12,506 INFO  server.RaftServerConfigKeys (ConfUtils.java:logGet(43)) - raft.server.storage.dir = [/workdir/hadoop-ozone/integration-test/target/test-dir/MiniOzoneClusterImpl-d93b8c70-40ee-4c69-8ae2-2a5fe4aff117/datanode-1/data/ratis] (custom)
2019-07-14 16:44:12,507 INFO  storage.RaftStorageDirectory (RaftStorageDirectory.java:analyzeStorage(246)) - The storage directory /workdir/hadoop-ozone/integration-test/target/test-dir/MiniOzoneClusterImpl-d93b8c70-40ee-4c69-8ae2-2a5fe4aff117/datanode-1/data/ratis/cf0eafce-f57e-40e4-93b0-729af35d5a68 does not exist. Creating ...
2019-07-14 16:44:12,519 INFO  storage.RaftStorageDirectory (RaftStorageDirectory.java:tryLock(328)) - Lock on /workdir/hadoop-ozone/integration-test/target/test-dir/MiniOzoneClusterImpl-d93b8c70-40ee-4c69-8ae2-2a5fe4aff117/datanode-0/data/ratis/cf0eafce-f57e-40e4-93b0-729af35d5a68/in_use.lock acquired by nodename 7323@pr-hdds-1710-5x6jb-1204890111
2019-07-14 16:44:12,519 INFO  storage.RaftStorageDirectory (RaftStorageDirectory.java:tryLock(328)) - Lock on /workdir/hadoop-ozone/integration-test/target/test-dir/MiniOzoneClusterImpl-d93b8c70-40ee-4c69-8ae2-2a5fe4aff117/datanode-2/data/ratis/cf0eafce-f57e-40e4-93b0-729af35d5a68/in_use.lock acquired by nodename 7323@pr-hdds-1710-5x6jb-1204890111
2019-07-14 16:44:12,519 INFO  storage.RaftStorageDirectory (RaftStorageDirectory.java:tryLock(328)) - Lock on /workdir/hadoop-ozone/integration-test/target/test-dir/MiniOzoneClusterImpl-d93b8c70-40ee-4c69-8ae2-2a5fe4aff117/datanode-1/data/ratis/cf0eafce-f57e-40e4-93b0-729af35d5a68/in_use.lock acquired by nodename 7323@pr-hdds-1710-5x6jb-1204890111
2019-07-14 16:44:12,536 INFO  storage.RaftStorage (RaftStorage.java:format(72)) - Storage directory /workdir/hadoop-ozone/integration-test/target/test-dir/MiniOzoneClusterImpl-d93b8c70-40ee-4c69-8ae2-2a5fe4aff117/datanode-0/data/ratis/cf0eafce-f57e-40e4-93b0-729af35d5a68 has been successfully formatted.
2019-07-14 16:44:12,536 INFO  storage.RaftStorage (RaftStorage.java:format(72)) - Storage directory /workdir/hadoop-ozone/integration-test/target/test-dir/MiniOzoneClusterImpl-d93b8c70-40ee-4c69-8ae2-2a5fe4aff117/datanode-2/data/ratis/cf0eafce-f57e-40e4-93b0-729af35d5a68 has been successfully formatted.
2019-07-14 16:44:12,536 INFO  ratis.ContainerStateMachine (ContainerStateMachine.java:loadSnapshot(200)) - The snapshot info is null.Setting the last applied index to:(t:0, i:~)
2019-07-14 16:44:12,536 INFO  ratis.ContainerStateMachine (ContainerStateMachine.java:loadSnapshot(200)) - The snapshot info is null.Setting the last applied index to:(t:0, i:~)
2019-07-14 16:44:12,536 INFO  storage.RaftStorage (RaftStorage.java:format(72)) - Storage directory /workdir/hadoop-ozone/integration-test/target/test-dir/MiniOzoneClusterImpl-d93b8c70-40ee-4c69-8ae2-2a5fe4aff117/datanode-1/data/ratis/cf0eafce-f57e-40e4-93b0-729af35d5a68 has been successfully formatted.
2019-07-14 16:44:12,536 INFO  server.RaftServerConfigKeys (ConfUtils.java:logGet(43)) - raft.server.leader.election.timeout = 120s (custom)
2019-07-14 16:44:12,537 INFO  ratis.ContainerStateMachine (ContainerStateMachine.java:loadSnapshot(200)) - The snapshot info is null.Setting the last applied index to:(t:0, i:~)
2019-07-14 16:44:12,536 INFO  server.RaftServerConfigKeys (ConfUtils.java:logGet(43)) - raft.server.leader.election.timeout = 120s (custom)
2019-07-14 16:44:12,537 INFO  server.RaftServerConfigKeys (ConfUtils.java:logGet(43)) - raft.server.leader.election.timeout = 120s (custom)
2019-07-14 16:44:12,537 INFO  server.RaftServerConfigKeys (ConfUtils.java:logGet(43)) - raft.server.log.use.memory = false (default)
2019-07-14 16:44:12,537 INFO  server.RaftServerConfigKeys (ConfUtils.java:logGet(43)) - raft.server.log.use.memory = false (default)
2019-07-14 16:44:12,537 INFO  server.RaftServerConfigKeys (ConfUtils.java:logGet(43)) - raft.server.log.purge.gap = 1000000000 (custom)
2019-07-14 16:44:12,537 INFO  server.RaftServerConfigKeys (ConfUtils.java:logGet(43)) - raft.server.log.use.memory = false (default)
2019-07-14 16:44:12,538 INFO  server.RaftServerConfigKeys (ConfUtils.java:logGet(43)) - raft.server.log.appender.buffer.byte-limit = 33554432 (custom)
2019-07-14 16:44:12,537 INFO  server.RaftServerConfigKeys (ConfUtils.java:logGet(43)) - raft.server.log.purge.gap = 1000000000 (custom)
2019-07-14 16:44:12,538 INFO  server.RaftServerConfigKeys (ConfUtils.java:logGet(43)) - raft.server.log.segment.size.max = 1048576 (custom)
2019-07-14 16:44:12,538 INFO  server.RaftServerConfigKeys (ConfUtils.java:logGet(43)) - raft.server.log.purge.gap = 1000000000 (custom)
2019-07-14 16:44:12,538 INFO  server.RaftServerConfigKeys (ConfUtils.java:logGet(43)) - raft.server.log.segment.cache.num.max = 2 (custom)
2019-07-14 16:44:12,538 INFO  server.RaftServerConfigKeys (ConfUtils.java:logGet(43)) - raft.server.log.appender.buffer.byte-limit = 33554432 (custom)
2019-07-14 16:44:12,538 INFO  segmented.SegmentedRaftLogWorker (SegmentedRaftLogWorker.java:<init>(172)) - new 5636bbf6-dda5-41ae-a18f-e64dd1f75d98-SegmentedRaftLogWorker:Storage Directory /workdir/hadoop-ozone/integration-test/target/test-dir/MiniOzoneClusterImpl-d93b8c70-40ee-4c69-8ae2-2a5fe4aff117/datanode-1/data/ratis/cf0eafce-f57e-40e4-93b0-729af35d5a68 for RaftStorage:Storage Directory /workdir/hadoop-ozone/integration-test/target/test-dir/MiniOzoneClusterImpl-d93b8c70-40ee-4c69-8ae2-2a5fe4aff117/datanode-1/data/ratis/cf0eafce-f57e-40e4-93b0-729af35d5a68
2019-07-14 16:44:12,538 INFO  server.RaftServerConfigKeys (ConfUtils.java:logGet(43)) - raft.server.log.appender.buffer.byte-limit = 33554432 (custom)
2019-07-14 16:44:12,539 INFO  server.RaftServerConfigKeys (ConfUtils.java:logGet(43)) - raft.server.log.queue.byte-limit = 2147483647 (custom)
2019-07-14 16:44:12,539 INFO  server.RaftServerConfigKeys (ConfUtils.java:logGet(43)) - raft.server.log.segment.size.max = 1048576 (custom)
2019-07-14 16:44:12,539 INFO  server.RaftServerConfigKeys (ConfUtils.java:logGet(43)) - raft.server.log.queue.element-limit = 1024 (custom)
2019-07-14 16:44:12,539 INFO  server.RaftServerConfigKeys (ConfUtils.java:logGet(43)) - raft.server.log.segment.size.max = 1048576 (custom)
2019-07-14 16:44:12,539 INFO  server.RaftServerConfigKeys (ConfUtils.java:logGet(43)) - raft.server.log.segment.size.max = 1048576 (custom)
2019-07-14 16:44:12,539 INFO  server.RaftServerConfigKeys (ConfUtils.java:logGet(43)) - raft.server.log.preallocated.size = 16384 (custom)
2019-07-14 16:44:12,539 INFO  server.RaftServerConfigKeys (ConfUtils.java:logGet(43)) - raft.server.log.segment.cache.num.max = 2 (custom)
2019-07-14 16:44:12,540 INFO  server.RaftServerConfigKeys (ConfUtils.java:logGet(43)) - raft.server.log.write.buffer.size = 33554432 (custom)
2019-07-14 16:44:12,539 INFO  server.RaftServerConfigKeys (ConfUtils.java:logGet(43)) - raft.server.log.segment.cache.num.max = 2 (custom)
2019-07-14 16:44:12,540 INFO  server.RaftServerConfigKeys (ConfUtils.java:logGet(43)) - raft.server.log.force.sync.num = 128 (default)
2019-07-14 16:44:12,540 INFO  server.RaftServerConfigKeys (ConfUtils.java:logGet(43)) - raft.server.log.statemachine.data.sync = true (default)
2019-07-14 16:44:12,540 INFO  segmented.SegmentedRaftLogWorker (SegmentedRaftLogWorker.java:<init>(172)) - new 68cffac9-a874-4e5f-b124-9271109b3fbb-SegmentedRaftLogWorker:Storage Directory /workdir/hadoop-ozone/integration-test/target/test-dir/MiniOzoneClusterImpl-d93b8c70-40ee-4c69-8ae2-2a5fe4aff117/datanode-2/data/ratis/cf0eafce-f57e-40e4-93b0-729af35d5a68 for RaftStorage:Storage Directory /workdir/hadoop-ozone/integration-test/target/test-dir/MiniOzoneClusterImpl-d93b8c70-40ee-4c69-8ae2-2a5fe4aff117/datanode-2/data/ratis/cf0eafce-f57e-40e4-93b0-729af35d5a68
2019-07-14 16:44:12,540 INFO  server.RaftServerConfigKeys (ConfUtils.java:logGet(43)) - raft.server.log.statemachine.data.sync.timeout = 10s (default)
2019-07-14 16:44:12,540 INFO  segmented.SegmentedRaftLogWorker (SegmentedRaftLogWorker.java:<init>(172)) - new e7da1c13-0d41-4ca7-9ecc-eebbf8fef67a-SegmentedRaftLogWorker:Storage Directory /workdir/hadoop-ozone/integration-test/target/test-dir/MiniOzoneClusterImpl-d93b8c70-40ee-4c69-8ae2-2a5fe4aff117/datanode-0/data/ratis/cf0eafce-f57e-40e4-93b0-729af35d5a68 for RaftStorage:Storage Directory /workdir/hadoop-ozone/integration-test/target/test-dir/MiniOzoneClusterImpl-d93b8c70-40ee-4c69-8ae2-2a5fe4aff117/datanode-0/data/ratis/cf0eafce-f57e-40e4-93b0-729af35d5a68
2019-07-14 16:44:12,541 INFO  server.RaftServerConfigKeys (ConfUtils.java:logGet(43)) - raft.server.log.statemachine.data.sync.timeout.retry = -1 (default)
2019-07-14 16:44:12,541 INFO  server.RaftServerConfigKeys (ConfUtils.java:logGet(43)) - raft.server.log.queue.byte-limit = 2147483647 (custom)
2019-07-14 16:44:12,541 INFO  server.RaftServerConfigKeys (ConfUtils.java:logGet(43)) - raft.server.log.statemachine.data.caching.enabled = true (custom)
2019-07-14 16:44:12,541 INFO  server.RaftServerConfigKeys (ConfUtils.java:logGet(43)) - raft.server.log.queue.byte-limit = 2147483647 (custom)
2019-07-14 16:44:12,541 INFO  segmented.SegmentedRaftLogWorker (SegmentedRaftLogWorker.java:lambda$new$0(132)) - 5636bbf6-dda5-41ae-a18f-e64dd1f75d98-SegmentedRaftLogWorker:Storage Directory /workdir/hadoop-ozone/integration-test/target/test-dir/MiniOzoneClusterImpl-d93b8c70-40ee-4c69-8ae2-2a5fe4aff117/datanode-1/data/ratis/cf0eafce-f57e-40e4-93b0-729af35d5a68: flushIndex: setUnconditionally 0 -> -1
2019-07-14 16:44:12,541 INFO  server.RaftServerConfigKeys (ConfUtils.java:logGet(43)) - raft.server.log.queue.element-limit = 1024 (custom)
2019-07-14 16:44:12,541 INFO  server.RaftServerConfigKeys (ConfUtils.java:logGet(43)) - raft.server.log.queue.element-limit = 1024 (custom)
2019-07-14 16:44:12,542 INFO  server.RaftServerConfigKeys (ConfUtils.java:logGet(43)) - raft.server.snapshot.auto.trigger.enabled = true (custom)
2019-07-14 16:44:12,542 INFO  server.RaftServerConfigKeys (ConfUtils.java:logGet(43)) - raft.server.log.segment.size.max = 1048576 (custom)
2019-07-14 16:44:12,542 INFO  server.RaftServerConfigKeys (ConfUtils.java:logGet(43)) - raft.server.snapshot.auto.trigger.threshold = 10000 (custom)
2019-07-14 16:44:12,542 INFO  server.RaftServerConfigKeys (ConfUtils.java:logGet(43)) - raft.server.log.segment.size.max = 1048576 (custom)
2019-07-14 16:44:12,542 INFO  server.RaftServerConfigKeys (ConfUtils.java:logGet(43)) - raft.server.retrycache.expirytime = 600000ms (custom)
2019-07-14 16:44:12,542 INFO  server.RaftServerConfigKeys (ConfUtils.java:logGet(43)) - raft.server.log.preallocated.size = 16384 (custom)
2019-07-14 16:44:12,542 INFO  impl.RaftServerImpl (RaftServerImpl.java:start(180)) - 5636bbf6-dda5-41ae-a18f-e64dd1f75d98: start group-729AF35D5A68
2019-07-14 16:44:12,543 INFO  impl.RaftServerImpl (RaftServerImpl.java:setRole(171)) - 5636bbf6-dda5-41ae-a18f-e64dd1f75d98:group-729AF35D5A68 changes role from null to FOLLOWER at term 0 for startAsFollower
2019-07-14 16:44:12,542 INFO  server.RaftServerConfigKeys (ConfUtils.java:logGet(43)) - raft.server.log.preallocated.size = 16384 (custom)
2019-07-14 16:44:12,543 INFO  impl.RoleInfo (RoleInfo.java:updateAndGet(143)) - 5636bbf6-dda5-41ae-a18f-e64dd1f75d98: start FollowerState
2019-07-14 16:44:12,543 INFO  server.RaftServerConfigKeys (ConfUtils.java:logGet(43)) - raft.server.log.write.buffer.size = 33554432 (custom)
2019-07-14 16:44:12,543 INFO  server.RaftServerConfigKeys (ConfUtils.java:logGet(43)) - raft.server.log.write.buffer.size = 33554432 (custom)
2019-07-14 16:44:12,543 INFO  util.JmxRegister (JmxRegister.java:tryRegister(44)) - Successfully registered JMX Bean with object name Ratis:service=RaftServer,group=group-729AF35D5A68,id=5636bbf6-dda5-41ae-a18f-e64dd1f75d98
2019-07-14 16:44:12,543 INFO  server.RaftServerConfigKeys (ConfUtils.java:logGet(43)) - raft.server.log.force.sync.num = 128 (default)
2019-07-14 16:44:12,543 INFO  server.RaftServerConfigKeys (ConfUtils.java:logGet(43)) - raft.server.log.force.sync.num = 128 (default)
2019-07-14 16:44:12,544 INFO  server.RaftServerConfigKeys (ConfUtils.java:logGet(43)) - raft.server.log.statemachine.data.sync = true (default)
2019-07-14 16:44:12,544 INFO  server.RaftServerConfigKeys (ConfUtils.java:logGet(43)) - raft.server.log.statemachine.data.sync = true (default)
2019-07-14 16:44:12,544 INFO  server.RaftServerConfigKeys (ConfUtils.java:logGet(43)) - raft.server.log.statemachine.data.sync.timeout = 10s (default)
2019-07-14 16:44:12,544 INFO  server.RaftServerConfigKeys (ConfUtils.java:logGet(43)) - raft.server.log.statemachine.data.sync.timeout = 10s (default)
2019-07-14 16:44:12,544 INFO  server.RaftServerConfigKeys (ConfUtils.java:logGet(43)) - raft.server.log.statemachine.data.sync.timeout.retry = -1 (default)
2019-07-14 16:44:12,544 INFO  server.RaftServerConfigKeys (ConfUtils.java:logGet(43)) - raft.server.log.statemachine.data.sync.timeout.retry = -1 (default)
2019-07-14 16:44:12,545 INFO  server.RaftServerConfigKeys (ConfUtils.java:logGet(43)) - raft.server.log.statemachine.data.caching.enabled = true (custom)
2019-07-14 16:44:12,545 INFO  server.RaftServerConfigKeys (ConfUtils.java:logGet(43)) - raft.server.log.statemachine.data.caching.enabled = true (custom)
2019-07-14 16:44:12,545 INFO  segmented.SegmentedRaftLogWorker (SegmentedRaftLogWorker.java:lambda$new$0(132)) - 68cffac9-a874-4e5f-b124-9271109b3fbb-SegmentedRaftLogWorker:Storage Directory /workdir/hadoop-ozone/integration-test/target/test-dir/MiniOzoneClusterImpl-d93b8c70-40ee-4c69-8ae2-2a5fe4aff117/datanode-2/data/ratis/cf0eafce-f57e-40e4-93b0-729af35d5a68: flushIndex: setUnconditionally 0 -> -1
2019-07-14 16:44:12,545 INFO  segmented.SegmentedRaftLogWorker (SegmentedRaftLogWorker.java:lambda$new$0(132)) - e7da1c13-0d41-4ca7-9ecc-eebbf8fef67a-SegmentedRaftLogWorker:Storage Directory /workdir/hadoop-ozone/integration-test/target/test-dir/MiniOzoneClusterImpl-d93b8c70-40ee-4c69-8ae2-2a5fe4aff117/datanode-0/data/ratis/cf0eafce-f57e-40e4-93b0-729af35d5a68: flushIndex: setUnconditionally 0 -> -1
2019-07-14 16:44:12,545 INFO  server.RaftServerConfigKeys (ConfUtils.java:logGet(43)) - raft.server.snapshot.auto.trigger.enabled = true (custom)
2019-07-14 16:44:12,546 INFO  server.RaftServerConfigKeys (ConfUtils.java:logGet(43)) - raft.server.snapshot.auto.trigger.enabled = true (custom)
2019-07-14 16:44:12,546 INFO  server.RaftServerConfigKeys (ConfUtils.java:logGet(43)) - raft.server.snapshot.auto.trigger.threshold = 10000 (custom)
2019-07-14 16:44:12,546 INFO  server.RaftServerConfigKeys (ConfUtils.java:logGet(43)) - raft.server.snapshot.auto.trigger.threshold = 10000 (custom)
2019-07-14 16:44:12,546 INFO  server.RaftServerConfigKeys (ConfUtils.java:logGet(43)) - raft.server.retrycache.expirytime = 600000ms (custom)
2019-07-14 16:44:12,546 INFO  server.RaftServerConfigKeys (ConfUtils.java:logGet(43)) - raft.server.retrycache.expirytime = 600000ms (custom)
2019-07-14 16:44:12,546 INFO  impl.RaftServerImpl (RaftServerImpl.java:start(180)) - 68cffac9-a874-4e5f-b124-9271109b3fbb: start group-729AF35D5A68
2019-07-14 16:44:12,546 INFO  impl.RaftServerImpl (RaftServerImpl.java:start(180)) - e7da1c13-0d41-4ca7-9ecc-eebbf8fef67a: start group-729AF35D5A68
2019-07-14 16:44:12,546 INFO  impl.RaftServerImpl (RaftServerImpl.java:setRole(171)) - 68cffac9-a874-4e5f-b124-9271109b3fbb:group-729AF35D5A68 changes role from null to FOLLOWER at term 0 for startAsFollower
2019-07-14 16:44:12,547 INFO  impl.RaftServerImpl (RaftServerImpl.java:setRole(171)) - e7da1c13-0d41-4ca7-9ecc-eebbf8fef67a:group-729AF35D5A68 changes role from null to FOLLOWER at term 0 for startAsFollower
2019-07-14 16:44:12,547 INFO  impl.RoleInfo (RoleInfo.java:updateAndGet(143)) - 68cffac9-a874-4e5f-b124-9271109b3fbb: start FollowerState
2019-07-14 16:44:12,547 INFO  impl.RoleInfo (RoleInfo.java:updateAndGet(143)) - e7da1c13-0d41-4ca7-9ecc-eebbf8fef67a: start FollowerState
2019-07-14 16:44:12,547 INFO  util.JmxRegister (JmxRegister.java:tryRegister(44)) - Successfully registered JMX Bean with object name Ratis:service=RaftServer,group=group-729AF35D5A68,id=68cffac9-a874-4e5f-b124-9271109b3fbb
2019-07-14 16:44:12,548 INFO  util.JmxRegister (JmxRegister.java:tryRegister(44)) - Successfully registered JMX Bean with object name Ratis:service=RaftServer,group=group-729AF35D5A68,id=e7da1c13-0d41-4ca7-9ecc-eebbf8fef67a
2019-07-14 16:44:12,552 INFO  pipeline.PipelineStateManager (PipelineStateManager.java:addPipeline(56)) - Created pipeline Pipeline[ Id: cf0eafce-f57e-40e4-93b0-729af35d5a68, Nodes: 5636bbf6-dda5-41ae-a18f-e64dd1f75d98{ip: 192.168.69.77, host: pr-hdds-1710-5x6jb-1204890111, networkLocation: /default-rack, certSerialId: null}68cffac9-a874-4e5f-b124-9271109b3fbb{ip: 192.168.69.77, host: pr-hdds-1710-5x6jb-1204890111, networkLocation: /default-rack, certSerialId: null}e7da1c13-0d41-4ca7-9ecc-eebbf8fef67a{ip: 192.168.69.77, host: pr-hdds-1710-5x6jb-1204890111, networkLocation: /default-rack, certSerialId: null}, Type:RATIS, Factor:THREE, State:OPEN]
2019-07-14 16:44:12,621 INFO  ozone.MiniOzoneClusterImpl (MiniOzoneClusterImpl.java:lambda$waitForClusterToBeReady$0(142)) - Waiting for cluster to be ready. Got 3 of 7 DN Heartbeats.
2019-07-14 16:44:12,685 WARN  server.GrpcLogAppender (LogUtils.java:warn(134)) - 9fd9e3e3-5262-496b-8df7-255f5916d7a3->9cd3a1db-b0fe-40bd-a539-64cc346e67f4: Failed appendEntries: org.apache.ratis.thirdparty.io.grpc.StatusRuntimeException: UNAVAILABLE: io exception
2019-07-14 16:44:12,686 INFO  impl.FollowerInfo (FollowerInfo.java:lambda$new$0(50)) - 9fd9e3e3-5262-496b-8df7-255f5916d7a3->9cd3a1db-b0fe-40bd-a539-64cc346e67f4: nextIndex: updateUnconditionally 0 -> 0
2019-07-14 16:44:12,708 WARN  server.GrpcLogAppender (LogUtils.java:warn(134)) - 9fd9e3e3-5262-496b-8df7-255f5916d7a3->3cba4ce6-c4f5-4e1e-b7ad-40d7d1e29a4e: Failed appendEntries: org.apache.ratis.thirdparty.io.grpc.StatusRuntimeException: UNAVAILABLE: io exception
2019-07-14 16:44:12,708 INFO  impl.FollowerInfo (FollowerInfo.java:lambda$new$0(50)) - 9fd9e3e3-5262-496b-8df7-255f5916d7a3->3cba4ce6-c4f5-4e1e-b7ad-40d7d1e29a4e: nextIndex: updateUnconditionally 0 -> 0
2019-07-14 16:44:12,711 INFO  node.SCMNodeManager (SCMNodeManager.java:register(269)) - Registered Data node : 3fc6d144-2164-4620-842a-05555e71ef77{ip: 192.168.69.77, host: pr-hdds-1710-5x6jb-1204890111, networkLocation: /default-rack, certSerialId: null}
2019-07-14 16:44:12,728 INFO  impl.RaftServerProxy (RaftServerProxy.java:addNew(89)) - 3fc6d144-2164-4620-842a-05555e71ef77: addNew group-49CCAA6B9368:[3fc6d144-2164-4620-842a-05555e71ef77:192.168.69.77:46063] returns group-49CCAA6B9368:java.util.concurrent.CompletableFuture@38d8dc47[Not completed]
2019-07-14 16:44:12,730 INFO  impl.RaftServerImpl (RaftServerImpl.java:<init>(93)) - 3fc6d144-2164-4620-842a-05555e71ef77: new RaftServerImpl for group-49CCAA6B9368:[3fc6d144-2164-4620-842a-05555e71ef77:192.168.69.77:46063] with ContainerStateMachine:uninitialized
2019-07-14 16:44:12,730 INFO  server.RaftServerConfigKeys (ConfUtils.java:logGet(43)) - raft.server.rpc.timeout.min = 5s (custom)
2019-07-14 16:44:12,730 INFO  server.RaftServerConfigKeys (ConfUtils.java:logGet(43)) - raft.server.rpc.timeout.max = 5200ms (custom)
2019-07-14 16:44:12,730 INFO  server.RaftServerConfigKeys (ConfUtils.java:logGet(43)) - raft.server.rpcslowness.timeout = 120s (custom)
2019-07-14 16:44:12,730 INFO  server.RaftServerConfigKeys (ConfUtils.java:logGet(43)) - raft.server.sleep.deviation.threshold = 300 (default)
2019-07-14 16:44:12,730 INFO  server.RaftServerConfigKeys (ConfUtils.java:logGet(43)) - raft.server.log.appender.install.snapshot.enabled = false (custom)
2019-07-14 16:44:12,731 INFO  impl.RaftServerImpl (ServerState.java:<init>(105)) - 3fc6d144-2164-4620-842a-05555e71ef77:group-49CCAA6B9368 ConfigurationManager, init=-1: [3fc6d144-2164-4620-842a-05555e71ef77:192.168.69.77:46063], old=null, confs=<EMPTY_MAP>
2019-07-14 16:44:12,731 INFO  server.RaftServerConfigKeys (ConfUtils.java:logGet(43)) - raft.server.storage.dir = [/workdir/hadoop-ozone/integration-test/target/test-dir/MiniOzoneClusterImpl-d93b8c70-40ee-4c69-8ae2-2a5fe4aff117/datanode-3/data/ratis] (custom)
2019-07-14 16:44:12,731 INFO  storage.RaftStorageDirectory (RaftStorageDirectory.java:analyzeStorage(246)) - The storage directory /workdir/hadoop-ozone/integration-test/target/test-dir/MiniOzoneClusterImpl-d93b8c70-40ee-4c69-8ae2-2a5fe4aff117/datanode-3/data/ratis/744422da-c75e-429a-808b-49ccaa6b9368 does not exist. Creating ...
2019-07-14 16:44:12,744 INFO  storage.RaftStorageDirectory (RaftStorageDirectory.java:tryLock(328)) - Lock on /workdir/hadoop-ozone/integration-test/target/test-dir/MiniOzoneClusterImpl-d93b8c70-40ee-4c69-8ae2-2a5fe4aff117/datanode-3/data/ratis/744422da-c75e-429a-808b-49ccaa6b9368/in_use.lock acquired by nodename 7323@pr-hdds-1710-5x6jb-1204890111
2019-07-14 16:44:12,757 INFO  node.StaleNodeHandler (StaleNodeHandler.java:onMessage(58)) - Datanode 3cba4ce6-c4f5-4e1e-b7ad-40d7d1e29a4e{ip: 192.168.69.77, host: pr-hdds-1710-5x6jb-1204890111, networkLocation: /default-rack, certSerialId: null} moved to stale state. Finalizing its pipelines [PipelineID=a0bdf200-3045-4721-b38e-00df8efc605a, PipelineID=e048c973-63a2-4ef8-81a2-4658065892ad]
2019-07-14 16:44:12,757 INFO  pipeline.SCMPipelineManager (SCMPipelineManager.java:finalizeAndDestroyPipeline(309)) - destroying pipeline:Pipeline[ Id: a0bdf200-3045-4721-b38e-00df8efc605a, Nodes: 3cba4ce6-c4f5-4e1e-b7ad-40d7d1e29a4e{ip: 192.168.69.77, host: pr-hdds-1710-5x6jb-1204890111, networkLocation: /default-rack, certSerialId: null}, Type:RATIS, Factor:ONE, State:OPEN]
2019-07-14 16:44:12,757 INFO  pipeline.PipelineStateManager (PipelineStateManager.java:finalizePipeline(123)) - Pipeline Pipeline[ Id: a0bdf200-3045-4721-b38e-00df8efc605a, Nodes: 3cba4ce6-c4f5-4e1e-b7ad-40d7d1e29a4e{ip: 192.168.69.77, host: pr-hdds-1710-5x6jb-1204890111, networkLocation: /default-rack, certSerialId: null}, Type:RATIS, Factor:ONE, State:CLOSED] moved to CLOSED state
2019-07-14 16:44:12,757 INFO  pipeline.SCMPipelineManager (SCMPipelineManager.java:finalizeAndDestroyPipeline(309)) - destroying pipeline:Pipeline[ Id: e048c973-63a2-4ef8-81a2-4658065892ad, Nodes: 3cba4ce6-c4f5-4e1e-b7ad-40d7d1e29a4e{ip: 192.168.69.77, host: pr-hdds-1710-5x6jb-1204890111, networkLocation: /default-rack, certSerialId: null}9cd3a1db-b0fe-40bd-a539-64cc346e67f4{ip: 192.168.69.77, host: pr-hdds-1710-5x6jb-1204890111, networkLocation: /default-rack, certSerialId: null}9fd9e3e3-5262-496b-8df7-255f5916d7a3{ip: 192.168.69.77, host: pr-hdds-1710-5x6jb-1204890111, networkLocation: /default-rack, certSerialId: null}, Type:RATIS, Factor:THREE, State:OPEN]
2019-07-14 16:44:12,758 INFO  pipeline.PipelineStateManager (PipelineStateManager.java:finalizePipeline(123)) - Pipeline Pipeline[ Id: e048c973-63a2-4ef8-81a2-4658065892ad, Nodes: 3cba4ce6-c4f5-4e1e-b7ad-40d7d1e29a4e{ip: 192.168.69.77, host: pr-hdds-1710-5x6jb-1204890111, networkLocation: /default-rack, certSerialId: null}9cd3a1db-b0fe-40bd-a539-64cc346e67f4{ip: 192.168.69.77, host: pr-hdds-1710-5x6jb-1204890111, networkLocation: /default-rack, certSerialId: null}9fd9e3e3-5262-496b-8df7-255f5916d7a3{ip: 192.168.69.77, host: pr-hdds-1710-5x6jb-1204890111, networkLocation: /default-rack, certSerialId: null}, Type:RATIS, Factor:THREE, State:CLOSED] moved to CLOSED state
2019-07-14 16:44:12,758 INFO  container.CloseContainerEventHandler (CloseContainerEventHandler.java:onMessage(61)) - Close container Event triggered for container : #1
2019-07-14 16:44:12,760 INFO  storage.RaftStorage (RaftStorage.java:format(72)) - Storage directory /workdir/hadoop-ozone/integration-test/target/test-dir/MiniOzoneClusterImpl-d93b8c70-40ee-4c69-8ae2-2a5fe4aff117/datanode-3/data/ratis/744422da-c75e-429a-808b-49ccaa6b9368 has been successfully formatted.
2019-07-14 16:44:12,760 INFO  ratis.ContainerStateMachine (ContainerStateMachine.java:loadSnapshot(200)) - The snapshot info is null.Setting the last applied index to:(t:0, i:~)
2019-07-14 16:44:12,760 INFO  server.RaftServerConfigKeys (ConfUtils.java:logGet(43)) - raft.server.leader.election.timeout = 120s (custom)
2019-07-14 16:44:12,761 INFO  server.RaftServerConfigKeys (ConfUtils.java:logGet(43)) - raft.server.log.use.memory = false (default)
2019-07-14 16:44:12,761 INFO  server.RaftServerConfigKeys (ConfUtils.java:logGet(43)) - raft.server.log.purge.gap = 1000000000 (custom)
2019-07-14 16:44:12,761 INFO  server.RaftServerConfigKeys (ConfUtils.java:logGet(43)) - raft.server.log.appender.buffer.byte-limit = 33554432 (custom)
2019-07-14 16:44:12,761 INFO  server.RaftServerConfigKeys (ConfUtils.java:logGet(43)) - raft.server.log.segment.size.max = 1048576 (custom)
2019-07-14 16:44:12,761 INFO  server.RaftServerConfigKeys (ConfUtils.java:logGet(43)) - raft.server.log.segment.cache.num.max = 2 (custom)
2019-07-14 16:44:12,761 INFO  segmented.SegmentedRaftLogWorker (SegmentedRaftLogWorker.java:<init>(172)) - new 3fc6d144-2164-4620-842a-05555e71ef77-SegmentedRaftLogWorker:Storage Directory /workdir/hadoop-ozone/integration-test/target/test-dir/MiniOzoneClusterImpl-d93b8c70-40ee-4c69-8ae2-2a5fe4aff117/datanode-3/data/ratis/744422da-c75e-429a-808b-49ccaa6b9368 for RaftStorage:Storage Directory /workdir/hadoop-ozone/integration-test/target/test-dir/MiniOzoneClusterImpl-d93b8c70-40ee-4c69-8ae2-2a5fe4aff117/datanode-3/data/ratis/744422da-c75e-429a-808b-49ccaa6b9368
2019-07-14 16:44:12,762 INFO  server.RaftServerConfigKeys (ConfUtils.java:logGet(43)) - raft.server.log.queue.byte-limit = 2147483647 (custom)
2019-07-14 16:44:12,762 INFO  server.RaftServerConfigKeys (ConfUtils.java:logGet(43)) - raft.server.log.queue.element-limit = 1024 (custom)
2019-07-14 16:44:12,762 INFO  server.RaftServerConfigKeys (ConfUtils.java:logGet(43)) - raft.server.log.segment.size.max = 1048576 (custom)
2019-07-14 16:44:12,762 INFO  server.RaftServerConfigKeys (ConfUtils.java:logGet(43)) - raft.server.log.preallocated.size = 16384 (custom)
2019-07-14 16:44:12,763 INFO  server.RaftServerConfigKeys (ConfUtils.java:logGet(43)) - raft.server.log.write.buffer.size = 33554432 (custom)
2019-07-14 16:44:12,763 INFO  server.RaftServerConfigKeys (ConfUtils.java:logGet(43)) - raft.server.log.force.sync.num = 128 (default)
2019-07-14 16:44:12,763 INFO  server.RaftServerConfigKeys (ConfUtils.java:logGet(43)) - raft.server.log.statemachine.data.sync = true (default)
2019-07-14 16:44:12,763 INFO  server.RaftServerConfigKeys (ConfUtils.java:logGet(43)) - raft.server.log.statemachine.data.sync.timeout = 10s (default)
2019-07-14 16:44:12,763 INFO  server.RaftServerConfigKeys (ConfUtils.java:logGet(43)) - raft.server.log.statemachine.data.sync.timeout.retry = -1 (default)
2019-07-14 16:44:12,764 INFO  server.RaftServerConfigKeys (ConfUtils.java:logGet(43)) - raft.server.log.statemachine.data.caching.enabled = true (custom)
2019-07-14 16:44:12,764 INFO  segmented.SegmentedRaftLogWorker (SegmentedRaftLogWorker.java:lambda$new$0(132)) - 3fc6d144-2164-4620-842a-05555e71ef77-SegmentedRaftLogWorker:Storage Directory /workdir/hadoop-ozone/integration-test/target/test-dir/MiniOzoneClusterImpl-d93b8c70-40ee-4c69-8ae2-2a5fe4aff117/datanode-3/data/ratis/744422da-c75e-429a-808b-49ccaa6b9368: flushIndex: setUnconditionally 0 -> -1
2019-07-14 16:44:12,764 INFO  server.RaftServerConfigKeys (ConfUtils.java:logGet(43)) - raft.server.snapshot.auto.trigger.enabled = true (custom)
2019-07-14 16:44:12,764 INFO  server.RaftServerConfigKeys (ConfUtils.java:logGet(43)) - raft.server.snapshot.auto.trigger.threshold = 10000 (custom)
2019-07-14 16:44:12,765 INFO  server.RaftServerConfigKeys (ConfUtils.java:logGet(43)) - raft.server.retrycache.expirytime = 600000ms (custom)
2019-07-14 16:44:12,765 INFO  impl.RaftServerImpl (RaftServerImpl.java:start(180)) - 3fc6d144-2164-4620-842a-05555e71ef77: start group-49CCAA6B9368
2019-07-14 16:44:12,765 INFO  impl.RaftServerImpl (RaftServerImpl.java:setRole(171)) - 3fc6d144-2164-4620-842a-05555e71ef77:group-49CCAA6B9368 changes role from null to FOLLOWER at term 0 for startAsFollower
2019-07-14 16:44:12,765 INFO  impl.RoleInfo (RoleInfo.java:updateAndGet(143)) - 3fc6d144-2164-4620-842a-05555e71ef77: start FollowerState
2019-07-14 16:44:12,766 INFO  util.JmxRegister (JmxRegister.java:tryRegister(44)) - Successfully registered JMX Bean with object name Ratis:service=RaftServer,group=group-49CCAA6B9368,id=3fc6d144-2164-4620-842a-05555e71ef77
2019-07-14 16:44:12,768 INFO  pipeline.PipelineStateManager (PipelineStateManager.java:addPipeline(56)) - Created pipeline Pipeline[ Id: 744422da-c75e-429a-808b-49ccaa6b9368, Nodes: 3fc6d144-2164-4620-842a-05555e71ef77{ip: 192.168.69.77, host: pr-hdds-1710-5x6jb-1204890111, networkLocation: /default-rack, certSerialId: null}, Type:RATIS, Factor:ONE, State:OPEN]
2019-07-14 16:44:13,085 INFO  node.SCMNodeManager (SCMNodeManager.java:register(269)) - Registered Data node : 62071d59-5618-4717-8e7d-19a0122f7d2e{ip: 192.168.69.77, host: pr-hdds-1710-5x6jb-1204890111, networkLocation: /default-rack, certSerialId: null}
2019-07-14 16:44:13,102 INFO  impl.RaftServerProxy (RaftServerProxy.java:addNew(89)) - 62071d59-5618-4717-8e7d-19a0122f7d2e: addNew group-C0514FC814CC:[62071d59-5618-4717-8e7d-19a0122f7d2e:192.168.69.77:37376] returns group-C0514FC814CC:java.util.concurrent.CompletableFuture@2774bd3b[Not completed]
2019-07-14 16:44:13,105 INFO  impl.RaftServerImpl (RaftServerImpl.java:<init>(93)) - 62071d59-5618-4717-8e7d-19a0122f7d2e: new RaftServerImpl for group-C0514FC814CC:[62071d59-5618-4717-8e7d-19a0122f7d2e:192.168.69.77:37376] with ContainerStateMachine:uninitialized
2019-07-14 16:44:13,105 INFO  server.RaftServerConfigKeys (ConfUtils.java:logGet(43)) - raft.server.rpc.timeout.min = 5s (custom)
2019-07-14 16:44:13,106 INFO  server.RaftServerConfigKeys (ConfUtils.java:logGet(43)) - raft.server.rpc.timeout.max = 5200ms (custom)
2019-07-14 16:44:13,106 INFO  server.RaftServerConfigKeys (ConfUtils.java:logGet(43)) - raft.server.rpcslowness.timeout = 120s (custom)
2019-07-14 16:44:13,106 INFO  server.RaftServerConfigKeys (ConfUtils.java:logGet(43)) - raft.server.sleep.deviation.threshold = 300 (default)
2019-07-14 16:44:13,106 INFO  server.RaftServerConfigKeys (ConfUtils.java:logGet(43)) - raft.server.log.appender.install.snapshot.enabled = false (custom)
2019-07-14 16:44:13,106 INFO  impl.RaftServerImpl (ServerState.java:<init>(105)) - 62071d59-5618-4717-8e7d-19a0122f7d2e:group-C0514FC814CC ConfigurationManager, init=-1: [62071d59-5618-4717-8e7d-19a0122f7d2e:192.168.69.77:37376], old=null, confs=<EMPTY_MAP>
2019-07-14 16:44:13,106 INFO  server.RaftServerConfigKeys (ConfUtils.java:logGet(43)) - raft.server.storage.dir = [/workdir/hadoop-ozone/integration-test/target/test-dir/MiniOzoneClusterImpl-d93b8c70-40ee-4c69-8ae2-2a5fe4aff117/datanode-4/data/ratis] (custom)
2019-07-14 16:44:13,107 INFO  storage.RaftStorageDirectory (RaftStorageDirectory.java:analyzeStorage(246)) - The storage directory /workdir/hadoop-ozone/integration-test/target/test-dir/MiniOzoneClusterImpl-d93b8c70-40ee-4c69-8ae2-2a5fe4aff117/datanode-4/data/ratis/445bb387-fbdf-415c-b156-c0514fc814cc does not exist. Creating ...
2019-07-14 16:44:13,120 INFO  storage.RaftStorageDirectory (RaftStorageDirectory.java:tryLock(328)) - Lock on /workdir/hadoop-ozone/integration-test/target/test-dir/MiniOzoneClusterImpl-d93b8c70-40ee-4c69-8ae2-2a5fe4aff117/datanode-4/data/ratis/445bb387-fbdf-415c-b156-c0514fc814cc/in_use.lock acquired by nodename 7323@pr-hdds-1710-5x6jb-1204890111
2019-07-14 16:44:13,133 INFO  storage.RaftStorage (RaftStorage.java:format(72)) - Storage directory /workdir/hadoop-ozone/integration-test/target/test-dir/MiniOzoneClusterImpl-d93b8c70-40ee-4c69-8ae2-2a5fe4aff117/datanode-4/data/ratis/445bb387-fbdf-415c-b156-c0514fc814cc has been successfully formatted.
2019-07-14 16:44:13,134 INFO  ratis.ContainerStateMachine (ContainerStateMachine.java:loadSnapshot(200)) - The snapshot info is null.Setting the last applied index to:(t:0, i:~)
2019-07-14 16:44:13,134 INFO  server.RaftServerConfigKeys (ConfUtils.java:logGet(43)) - raft.server.leader.election.timeout = 120s (custom)
2019-07-14 16:44:13,134 INFO  server.RaftServerConfigKeys (ConfUtils.java:logGet(43)) - raft.server.log.use.memory = false (default)
2019-07-14 16:44:13,134 INFO  server.RaftServerConfigKeys (ConfUtils.java:logGet(43)) - raft.server.log.purge.gap = 1000000000 (custom)
2019-07-14 16:44:13,134 INFO  server.RaftServerConfigKeys (ConfUtils.java:logGet(43)) - raft.server.log.appender.buffer.byte-limit = 33554432 (custom)
2019-07-14 16:44:13,134 INFO  server.RaftServerConfigKeys (ConfUtils.java:logGet(43)) - raft.server.log.segment.size.max = 1048576 (custom)
2019-07-14 16:44:13,135 INFO  server.RaftServerConfigKeys (ConfUtils.java:logGet(43)) - raft.server.log.segment.cache.num.max = 2 (custom)
2019-07-14 16:44:13,135 INFO  segmented.SegmentedRaftLogWorker (SegmentedRaftLogWorker.java:<init>(172)) - new 62071d59-5618-4717-8e7d-19a0122f7d2e-SegmentedRaftLogWorker:Storage Directory /workdir/hadoop-ozone/integration-test/target/test-dir/MiniOzoneClusterImpl-d93b8c70-40ee-4c69-8ae2-2a5fe4aff117/datanode-4/data/ratis/445bb387-fbdf-415c-b156-c0514fc814cc for RaftStorage:Storage Directory /workdir/hadoop-ozone/integration-test/target/test-dir/MiniOzoneClusterImpl-d93b8c70-40ee-4c69-8ae2-2a5fe4aff117/datanode-4/data/ratis/445bb387-fbdf-415c-b156-c0514fc814cc
2019-07-14 16:44:13,135 INFO  server.RaftServerConfigKeys (ConfUtils.java:logGet(43)) - raft.server.log.queue.byte-limit = 2147483647 (custom)
2019-07-14 16:44:13,135 INFO  server.RaftServerConfigKeys (ConfUtils.java:logGet(43)) - raft.server.log.queue.element-limit = 1024 (custom)
2019-07-14 16:44:13,135 INFO  server.RaftServerConfigKeys (ConfUtils.java:logGet(43)) - raft.server.log.segment.size.max = 1048576 (custom)
2019-07-14 16:44:13,136 INFO  server.RaftServerConfigKeys (ConfUtils.java:logGet(43)) - raft.server.log.preallocated.size = 16384 (custom)
2019-07-14 16:44:13,136 INFO  server.RaftServerConfigKeys (ConfUtils.java:logGet(43)) - raft.server.log.write.buffer.size = 33554432 (custom)
2019-07-14 16:44:13,136 INFO  server.RaftServerConfigKeys (ConfUtils.java:logGet(43)) - raft.server.log.force.sync.num = 128 (default)
2019-07-14 16:44:13,136 INFO  server.RaftServerConfigKeys (ConfUtils.java:logGet(43)) - raft.server.log.statemachine.data.sync = true (default)
2019-07-14 16:44:13,136 INFO  server.RaftServerConfigKeys (ConfUtils.java:logGet(43)) - raft.server.log.statemachine.data.sync.timeout = 10s (default)
2019-07-14 16:44:13,136 INFO  server.RaftServerConfigKeys (ConfUtils.java:logGet(43)) - raft.server.log.statemachine.data.sync.timeout.retry = -1 (default)
2019-07-14 16:44:13,137 INFO  server.RaftServerConfigKeys (ConfUtils.java:logGet(43)) - raft.server.log.statemachine.data.caching.enabled = true (custom)
2019-07-14 16:44:13,137 INFO  segmented.SegmentedRaftLogWorker (SegmentedRaftLogWorker.java:lambda$new$0(132)) - 62071d59-5618-4717-8e7d-19a0122f7d2e-SegmentedRaftLogWorker:Storage Directory /workdir/hadoop-ozone/integration-test/target/test-dir/MiniOzoneClusterImpl-d93b8c70-40ee-4c69-8ae2-2a5fe4aff117/datanode-4/data/ratis/445bb387-fbdf-415c-b156-c0514fc814cc: flushIndex: setUnconditionally 0 -> -1
2019-07-14 16:44:13,137 INFO  server.RaftServerConfigKeys (ConfUtils.java:logGet(43)) - raft.server.snapshot.auto.trigger.enabled = true (custom)
2019-07-14 16:44:13,137 INFO  server.RaftServerConfigKeys (ConfUtils.java:logGet(43)) - raft.server.snapshot.auto.trigger.threshold = 10000 (custom)
2019-07-14 16:44:13,138 INFO  server.RaftServerConfigKeys (ConfUtils.java:logGet(43)) - raft.server.retrycache.expirytime = 600000ms (custom)
2019-07-14 16:44:13,138 INFO  impl.RaftServerImpl (RaftServerImpl.java:start(180)) - 62071d59-5618-4717-8e7d-19a0122f7d2e: start group-C0514FC814CC
2019-07-14 16:44:13,138 INFO  impl.RaftServerImpl (RaftServerImpl.java:setRole(171)) - 62071d59-5618-4717-8e7d-19a0122f7d2e:group-C0514FC814CC changes role from null to FOLLOWER at term 0 for startAsFollower
2019-07-14 16:44:13,138 INFO  impl.RoleInfo (RoleInfo.java:updateAndGet(143)) - 62071d59-5618-4717-8e7d-19a0122f7d2e: start FollowerState
2019-07-14 16:44:13,139 INFO  util.JmxRegister (JmxRegister.java:tryRegister(44)) - Successfully registered JMX Bean with object name Ratis:service=RaftServer,group=group-C0514FC814CC,id=62071d59-5618-4717-8e7d-19a0122f7d2e
2019-07-14 16:44:13,142 INFO  pipeline.PipelineStateManager (PipelineStateManager.java:addPipeline(56)) - Created pipeline Pipeline[ Id: 445bb387-fbdf-415c-b156-c0514fc814cc, Nodes: 62071d59-5618-4717-8e7d-19a0122f7d2e{ip: 192.168.69.77, host: pr-hdds-1710-5x6jb-1204890111, networkLocation: /default-rack, certSerialId: null}, Type:RATIS, Factor:ONE, State:OPEN]
2019-07-14 16:44:13,409 INFO  node.SCMNodeManager (SCMNodeManager.java:register(269)) - Registered Data node : bf216f1c-cf05-4aa2-b328-d60d799e2e7f{ip: 192.168.69.77, host: pr-hdds-1710-5x6jb-1204890111, networkLocation: /default-rack, certSerialId: null}
2019-07-14 16:44:13,426 INFO  impl.RaftServerProxy (RaftServerProxy.java:addNew(89)) - bf216f1c-cf05-4aa2-b328-d60d799e2e7f: addNew group-AF0B5B42BACC:[bf216f1c-cf05-4aa2-b328-d60d799e2e7f:192.168.69.77:46261] returns group-AF0B5B42BACC:java.util.concurrent.CompletableFuture@57b916a9[Not completed]
2019-07-14 16:44:13,427 INFO  impl.RaftServerImpl (RaftServerImpl.java:<init>(93)) - bf216f1c-cf05-4aa2-b328-d60d799e2e7f: new RaftServerImpl for group-AF0B5B42BACC:[bf216f1c-cf05-4aa2-b328-d60d799e2e7f:192.168.69.77:46261] with ContainerStateMachine:uninitialized
2019-07-14 16:44:13,427 INFO  server.RaftServerConfigKeys (ConfUtils.java:logGet(43)) - raft.server.rpc.timeout.min = 5s (custom)
2019-07-14 16:44:13,427 INFO  server.RaftServerConfigKeys (ConfUtils.java:logGet(43)) - raft.server.rpc.timeout.max = 5200ms (custom)
2019-07-14 16:44:13,428 INFO  server.RaftServerConfigKeys (ConfUtils.java:logGet(43)) - raft.server.rpcslowness.timeout = 120s (custom)
2019-07-14 16:44:13,428 INFO  server.RaftServerConfigKeys (ConfUtils.java:logGet(43)) - raft.server.sleep.deviation.threshold = 300 (default)
2019-07-14 16:44:13,428 INFO  server.RaftServerConfigKeys (ConfUtils.java:logGet(43)) - raft.server.log.appender.install.snapshot.enabled = false (custom)
2019-07-14 16:44:13,428 INFO  impl.RaftServerImpl (ServerState.java:<init>(105)) - bf216f1c-cf05-4aa2-b328-d60d799e2e7f:group-AF0B5B42BACC ConfigurationManager, init=-1: [bf216f1c-cf05-4aa2-b328-d60d799e2e7f:192.168.69.77:46261], old=null, confs=<EMPTY_MAP>
2019-07-14 16:44:13,428 INFO  server.RaftServerConfigKeys (ConfUtils.java:logGet(43)) - raft.server.storage.dir = [/workdir/hadoop-ozone/integration-test/target/test-dir/MiniOzoneClusterImpl-d93b8c70-40ee-4c69-8ae2-2a5fe4aff117/datanode-5/data/ratis] (custom)
2019-07-14 16:44:13,429 INFO  storage.RaftStorageDirectory (RaftStorageDirectory.java:analyzeStorage(246)) - The storage directory /workdir/hadoop-ozone/integration-test/target/test-dir/MiniOzoneClusterImpl-d93b8c70-40ee-4c69-8ae2-2a5fe4aff117/datanode-5/data/ratis/cee582fe-de65-4763-9fde-af0b5b42bacc does not exist. Creating ...
2019-07-14 16:44:13,442 INFO  storage.RaftStorageDirectory (RaftStorageDirectory.java:tryLock(328)) - Lock on /workdir/hadoop-ozone/integration-test/target/test-dir/MiniOzoneClusterImpl-d93b8c70-40ee-4c69-8ae2-2a5fe4aff117/datanode-5/data/ratis/cee582fe-de65-4763-9fde-af0b5b42bacc/in_use.lock acquired by nodename 7323@pr-hdds-1710-5x6jb-1204890111
2019-07-14 16:44:13,455 INFO  storage.RaftStorage (RaftStorage.java:format(72)) - Storage directory /workdir/hadoop-ozone/integration-test/target/test-dir/MiniOzoneClusterImpl-d93b8c70-40ee-4c69-8ae2-2a5fe4aff117/datanode-5/data/ratis/cee582fe-de65-4763-9fde-af0b5b42bacc has been successfully formatted.
2019-07-14 16:44:13,455 INFO  ratis.ContainerStateMachine (ContainerStateMachine.java:loadSnapshot(200)) - The snapshot info is null.Setting the last applied index to:(t:0, i:~)
2019-07-14 16:44:13,455 INFO  server.RaftServerConfigKeys (ConfUtils.java:logGet(43)) - raft.server.leader.election.timeout = 120s (custom)
2019-07-14 16:44:13,456 INFO  server.RaftServerConfigKeys (ConfUtils.java:logGet(43)) - raft.server.log.use.memory = false (default)
2019-07-14 16:44:13,456 INFO  server.RaftServerConfigKeys (ConfUtils.java:logGet(43)) - raft.server.log.purge.gap = 1000000000 (custom)
2019-07-14 16:44:13,456 INFO  server.RaftServerConfigKeys (ConfUtils.java:logGet(43)) - raft.server.log.appender.buffer.byte-limit = 33554432 (custom)
2019-07-14 16:44:13,456 INFO  server.RaftServerConfigKeys (ConfUtils.java:logGet(43)) - raft.server.log.segment.size.max = 1048576 (custom)
2019-07-14 16:44:13,456 INFO  server.RaftServerConfigKeys (ConfUtils.java:logGet(43)) - raft.server.log.segment.cache.num.max = 2 (custom)
2019-07-14 16:44:13,456 INFO  segmented.SegmentedRaftLogWorker (SegmentedRaftLogWorker.java:<init>(172)) - new bf216f1c-cf05-4aa2-b328-d60d799e2e7f-SegmentedRaftLogWorker:Storage Directory /workdir/hadoop-ozone/integration-test/target/test-dir/MiniOzoneClusterImpl-d93b8c70-40ee-4c69-8ae2-2a5fe4aff117/datanode-5/data/ratis/cee582fe-de65-4763-9fde-af0b5b42bacc for RaftStorage:Storage Directory /workdir/hadoop-ozone/integration-test/target/test-dir/MiniOzoneClusterImpl-d93b8c70-40ee-4c69-8ae2-2a5fe4aff117/datanode-5/data/ratis/cee582fe-de65-4763-9fde-af0b5b42bacc
2019-07-14 16:44:13,457 INFO  server.RaftServerConfigKeys (ConfUtils.java:logGet(43)) - raft.server.log.queue.byte-limit = 2147483647 (custom)
2019-07-14 16:44:13,457 INFO  server.RaftServerConfigKeys (ConfUtils.java:logGet(43)) - raft.server.log.queue.element-limit = 1024 (custom)
2019-07-14 16:44:13,457 INFO  server.RaftServerConfigKeys (ConfUtils.java:logGet(43)) - raft.server.log.segment.size.max = 1048576 (custom)
2019-07-14 16:44:13,457 INFO  server.RaftServerConfigKeys (ConfUtils.java:logGet(43)) - raft.server.log.preallocated.size = 16384 (custom)
2019-07-14 16:44:13,457 INFO  server.RaftServerConfigKeys (ConfUtils.java:logGet(43)) - raft.server.log.write.buffer.size = 33554432 (custom)
2019-07-14 16:44:13,457 INFO  server.RaftServerConfigKeys (ConfUtils.java:logGet(43)) - raft.server.log.force.sync.num = 128 (default)
2019-07-14 16:44:13,458 INFO  server.RaftServerConfigKeys (ConfUtils.java:logGet(43)) - raft.server.log.statemachine.data.sync = true (default)
2019-07-14 16:44:13,458 INFO  server.RaftServerConfigKeys (ConfUtils.java:logGet(43)) - raft.server.log.statemachine.data.sync.timeout = 10s (default)
2019-07-14 16:44:13,458 INFO  server.RaftServerConfigKeys (ConfUtils.java:logGet(43)) - raft.server.log.statemachine.data.sync.timeout.retry = -1 (default)
2019-07-14 16:44:13,458 INFO  server.RaftServerConfigKeys (ConfUtils.java:logGet(43)) - raft.server.log.statemachine.data.caching.enabled = true (custom)
2019-07-14 16:44:13,459 INFO  segmented.SegmentedRaftLogWorker (SegmentedRaftLogWorker.java:lambda$new$0(132)) - bf216f1c-cf05-4aa2-b328-d60d799e2e7f-SegmentedRaftLogWorker:Storage Directory /workdir/hadoop-ozone/integration-test/target/test-dir/MiniOzoneClusterImpl-d93b8c70-40ee-4c69-8ae2-2a5fe4aff117/datanode-5/data/ratis/cee582fe-de65-4763-9fde-af0b5b42bacc: flushIndex: setUnconditionally 0 -> -1
2019-07-14 16:44:13,459 INFO  server.RaftServerConfigKeys (ConfUtils.java:logGet(43)) - raft.server.snapshot.auto.trigger.enabled = true (custom)
2019-07-14 16:44:13,459 INFO  server.RaftServerConfigKeys (ConfUtils.java:logGet(43)) - raft.server.snapshot.auto.trigger.threshold = 10000 (custom)
2019-07-14 16:44:13,459 INFO  server.RaftServerConfigKeys (ConfUtils.java:logGet(43)) - raft.server.retrycache.expirytime = 600000ms (custom)
2019-07-14 16:44:13,460 INFO  impl.RaftServerImpl (RaftServerImpl.java:start(180)) - bf216f1c-cf05-4aa2-b328-d60d799e2e7f: start group-AF0B5B42BACC
2019-07-14 16:44:13,460 INFO  impl.RaftServerImpl (RaftServerImpl.java:setRole(171)) - bf216f1c-cf05-4aa2-b328-d60d799e2e7f:group-AF0B5B42BACC changes role from null to FOLLOWER at term 0 for startAsFollower
2019-07-14 16:44:13,460 INFO  impl.RoleInfo (RoleInfo.java:updateAndGet(143)) - bf216f1c-cf05-4aa2-b328-d60d799e2e7f: start FollowerState
2019-07-14 16:44:13,460 INFO  util.JmxRegister (JmxRegister.java:tryRegister(44)) - Successfully registered JMX Bean with object name Ratis:service=RaftServer,group=group-AF0B5B42BACC,id=bf216f1c-cf05-4aa2-b328-d60d799e2e7f
2019-07-14 16:44:13,463 INFO  pipeline.PipelineStateManager (PipelineStateManager.java:addPipeline(56)) - Created pipeline Pipeline[ Id: cee582fe-de65-4763-9fde-af0b5b42bacc, Nodes: bf216f1c-cf05-4aa2-b328-d60d799e2e7f{ip: 192.168.69.77, host: pr-hdds-1710-5x6jb-1204890111, networkLocation: /default-rack, certSerialId: null}, Type:RATIS, Factor:ONE, State:OPEN]
2019-07-14 16:44:13,486 INFO  impl.RaftServerProxy (RaftServerProxy.java:addNew(89)) - 3fc6d144-2164-4620-842a-05555e71ef77: addNew group-6BB1E278B96E:[62071d59-5618-4717-8e7d-19a0122f7d2e:192.168.69.77:37376, bf216f1c-cf05-4aa2-b328-d60d799e2e7f:192.168.69.77:46261, 3fc6d144-2164-4620-842a-05555e71ef77:192.168.69.77:46063] returns group-6BB1E278B96E:java.util.concurrent.CompletableFuture@216cb7c0[Not completed]
2019-07-14 16:44:13,486 INFO  impl.RaftServerProxy (RaftServerProxy.java:addNew(89)) - bf216f1c-cf05-4aa2-b328-d60d799e2e7f: addNew group-6BB1E278B96E:[62071d59-5618-4717-8e7d-19a0122f7d2e:192.168.69.77:37376, bf216f1c-cf05-4aa2-b328-d60d799e2e7f:192.168.69.77:46261, 3fc6d144-2164-4620-842a-05555e71ef77:192.168.69.77:46063] returns group-6BB1E278B96E:java.util.concurrent.CompletableFuture@ff72215[Not completed]
2019-07-14 16:44:13,487 INFO  impl.RaftServerProxy (RaftServerProxy.java:addNew(89)) - 62071d59-5618-4717-8e7d-19a0122f7d2e: addNew group-6BB1E278B96E:[62071d59-5618-4717-8e7d-19a0122f7d2e:192.168.69.77:37376, bf216f1c-cf05-4aa2-b328-d60d799e2e7f:192.168.69.77:46261, 3fc6d144-2164-4620-842a-05555e71ef77:192.168.69.77:46063] returns group-6BB1E278B96E:java.util.concurrent.CompletableFuture@2f0dc9e7[Not completed]
2019-07-14 16:44:13,487 INFO  impl.RaftServerImpl (RaftServerImpl.java:<init>(93)) - 3fc6d144-2164-4620-842a-05555e71ef77: new RaftServerImpl for group-6BB1E278B96E:[62071d59-5618-4717-8e7d-19a0122f7d2e:192.168.69.77:37376, bf216f1c-cf05-4aa2-b328-d60d799e2e7f:192.168.69.77:46261, 3fc6d144-2164-4620-842a-05555e71ef77:192.168.69.77:46063] with ContainerStateMachine:uninitialized
2019-07-14 16:44:13,487 INFO  server.RaftServerConfigKeys (ConfUtils.java:logGet(43)) - raft.server.rpc.timeout.min = 5s (custom)
2019-07-14 16:44:13,487 INFO  server.RaftServerConfigKeys (ConfUtils.java:logGet(43)) - raft.server.rpc.timeout.max = 5200ms (custom)
2019-07-14 16:44:13,488 INFO  server.RaftServerConfigKeys (ConfUtils.java:logGet(43)) - raft.server.rpcslowness.timeout = 120s (custom)
2019-07-14 16:44:13,488 INFO  server.RaftServerConfigKeys (ConfUtils.java:logGet(43)) - raft.server.sleep.deviation.threshold = 300 (default)
2019-07-14 16:44:13,488 INFO  impl.RaftServerImpl (RaftServerImpl.java:<init>(93)) - bf216f1c-cf05-4aa2-b328-d60d799e2e7f: new RaftServerImpl for group-6BB1E278B96E:[62071d59-5618-4717-8e7d-19a0122f7d2e:192.168.69.77:37376, bf216f1c-cf05-4aa2-b328-d60d799e2e7f:192.168.69.77:46261, 3fc6d144-2164-4620-842a-05555e71ef77:192.168.69.77:46063] with ContainerStateMachine:uninitialized
2019-07-14 16:44:13,488 INFO  server.RaftServerConfigKeys (ConfUtils.java:logGet(43)) - raft.server.log.appender.install.snapshot.enabled = false (custom)
2019-07-14 16:44:13,488 INFO  server.RaftServerConfigKeys (ConfUtils.java:logGet(43)) - raft.server.rpc.timeout.min = 5s (custom)
2019-07-14 16:44:13,488 INFO  impl.RaftServerImpl (RaftServerImpl.java:<init>(93)) - 62071d59-5618-4717-8e7d-19a0122f7d2e: new RaftServerImpl for group-6BB1E278B96E:[62071d59-5618-4717-8e7d-19a0122f7d2e:192.168.69.77:37376, bf216f1c-cf05-4aa2-b328-d60d799e2e7f:192.168.69.77:46261, 3fc6d144-2164-4620-842a-05555e71ef77:192.168.69.77:46063] with ContainerStateMachine:uninitialized
2019-07-14 16:44:13,488 INFO  impl.RaftServerImpl (ServerState.java:<init>(105)) - 3fc6d144-2164-4620-842a-05555e71ef77:group-6BB1E278B96E ConfigurationManager, init=-1: [62071d59-5618-4717-8e7d-19a0122f7d2e:192.168.69.77:37376, bf216f1c-cf05-4aa2-b328-d60d799e2e7f:192.168.69.77:46261, 3fc6d144-2164-4620-842a-05555e71ef77:192.168.69.77:46063], old=null, confs=<EMPTY_MAP>
2019-07-14 16:44:13,488 INFO  server.RaftServerConfigKeys (ConfUtils.java:logGet(43)) - raft.server.rpc.timeout.min = 5s (custom)
2019-07-14 16:44:13,489 INFO  server.RaftServerConfigKeys (ConfUtils.java:logGet(43)) - raft.server.rpc.timeout.max = 5200ms (custom)
2019-07-14 16:44:13,488 INFO  server.RaftServerConfigKeys (ConfUtils.java:logGet(43)) - raft.server.rpc.timeout.max = 5200ms (custom)
2019-07-14 16:44:13,489 INFO  server.RaftServerConfigKeys (ConfUtils.java:logGet(43)) - raft.server.rpcslowness.timeout = 120s (custom)
2019-07-14 16:44:13,489 INFO  server.RaftServerConfigKeys (ConfUtils.java:logGet(43)) - raft.server.sleep.deviation.threshold = 300 (default)
2019-07-14 16:44:13,489 INFO  server.RaftServerConfigKeys (ConfUtils.java:logGet(43)) - raft.server.storage.dir = [/workdir/hadoop-ozone/integration-test/target/test-dir/MiniOzoneClusterImpl-d93b8c70-40ee-4c69-8ae2-2a5fe4aff117/datanode-3/data/ratis] (custom)
2019-07-14 16:44:13,489 INFO  server.RaftServerConfigKeys (ConfUtils.java:logGet(43)) - raft.server.log.appender.install.snapshot.enabled = false (custom)
2019-07-14 16:44:13,489 INFO  server.RaftServerConfigKeys (ConfUtils.java:logGet(43)) - raft.server.rpcslowness.timeout = 120s (custom)
2019-07-14 16:44:13,490 INFO  impl.RaftServerImpl (ServerState.java:<init>(105)) - 62071d59-5618-4717-8e7d-19a0122f7d2e:group-6BB1E278B96E ConfigurationManager, init=-1: [62071d59-5618-4717-8e7d-19a0122f7d2e:192.168.69.77:37376, bf216f1c-cf05-4aa2-b328-d60d799e2e7f:192.168.69.77:46261, 3fc6d144-2164-4620-842a-05555e71ef77:192.168.69.77:46063], old=null, confs=<EMPTY_MAP>
2019-07-14 16:44:13,490 INFO  server.RaftServerConfigKeys (ConfUtils.java:logGet(43)) - raft.server.sleep.deviation.threshold = 300 (default)
2019-07-14 16:44:13,490 INFO  storage.RaftStorageDirectory (RaftStorageDirectory.java:analyzeStorage(246)) - The storage directory /workdir/hadoop-ozone/integration-test/target/test-dir/MiniOzoneClusterImpl-d93b8c70-40ee-4c69-8ae2-2a5fe4aff117/datanode-3/data/ratis/ecbfdd01-7df2-4e1e-a3ab-6bb1e278b96e does not exist. Creating ...
2019-07-14 16:44:13,490 INFO  server.RaftServerConfigKeys (ConfUtils.java:logGet(43)) - raft.server.log.appender.install.snapshot.enabled = false (custom)
2019-07-14 16:44:13,490 INFO  server.RaftServerConfigKeys (ConfUtils.java:logGet(43)) - raft.server.storage.dir = [/workdir/hadoop-ozone/integration-test/target/test-dir/MiniOzoneClusterImpl-d93b8c70-40ee-4c69-8ae2-2a5fe4aff117/datanode-4/data/ratis] (custom)
2019-07-14 16:44:13,490 INFO  impl.RaftServerImpl (ServerState.java:<init>(105)) - bf216f1c-cf05-4aa2-b328-d60d799e2e7f:group-6BB1E278B96E ConfigurationManager, init=-1: [62071d59-5618-4717-8e7d-19a0122f7d2e:192.168.69.77:37376, bf216f1c-cf05-4aa2-b328-d60d799e2e7f:192.168.69.77:46261, 3fc6d144-2164-4620-842a-05555e71ef77:192.168.69.77:46063], old=null, confs=<EMPTY_MAP>
2019-07-14 16:44:13,491 INFO  storage.RaftStorageDirectory (RaftStorageDirectory.java:analyzeStorage(246)) - The storage directory /workdir/hadoop-ozone/integration-test/target/test-dir/MiniOzoneClusterImpl-d93b8c70-40ee-4c69-8ae2-2a5fe4aff117/datanode-4/data/ratis/ecbfdd01-7df2-4e1e-a3ab-6bb1e278b96e does not exist. Creating ...
2019-07-14 16:44:13,491 INFO  server.RaftServerConfigKeys (ConfUtils.java:logGet(43)) - raft.server.storage.dir = [/workdir/hadoop-ozone/integration-test/target/test-dir/MiniOzoneClusterImpl-d93b8c70-40ee-4c69-8ae2-2a5fe4aff117/datanode-5/data/ratis] (custom)
2019-07-14 16:44:13,491 INFO  storage.RaftStorageDirectory (RaftStorageDirectory.java:analyzeStorage(246)) - The storage directory /workdir/hadoop-ozone/integration-test/target/test-dir/MiniOzoneClusterImpl-d93b8c70-40ee-4c69-8ae2-2a5fe4aff117/datanode-5/data/ratis/ecbfdd01-7df2-4e1e-a3ab-6bb1e278b96e does not exist. Creating ...
2019-07-14 16:44:13,504 INFO  storage.RaftStorageDirectory (RaftStorageDirectory.java:tryLock(328)) - Lock on /workdir/hadoop-ozone/integration-test/target/test-dir/MiniOzoneClusterImpl-d93b8c70-40ee-4c69-8ae2-2a5fe4aff117/datanode-5/data/ratis/ecbfdd01-7df2-4e1e-a3ab-6bb1e278b96e/in_use.lock acquired by nodename 7323@pr-hdds-1710-5x6jb-1204890111
2019-07-14 16:44:13,504 INFO  storage.RaftStorageDirectory (RaftStorageDirectory.java:tryLock(328)) - Lock on /workdir/hadoop-ozone/integration-test/target/test-dir/MiniOzoneClusterImpl-d93b8c70-40ee-4c69-8ae2-2a5fe4aff117/datanode-4/data/ratis/ecbfdd01-7df2-4e1e-a3ab-6bb1e278b96e/in_use.lock acquired by nodename 7323@pr-hdds-1710-5x6jb-1204890111
2019-07-14 16:44:13,504 INFO  storage.RaftStorageDirectory (RaftStorageDirectory.java:tryLock(328)) - Lock on /workdir/hadoop-ozone/integration-test/target/test-dir/MiniOzoneClusterImpl-d93b8c70-40ee-4c69-8ae2-2a5fe4aff117/datanode-3/data/ratis/ecbfdd01-7df2-4e1e-a3ab-6bb1e278b96e/in_use.lock acquired by nodename 7323@pr-hdds-1710-5x6jb-1204890111
2019-07-14 16:44:13,517 INFO  storage.RaftStorage (RaftStorage.java:format(72)) - Storage directory /workdir/hadoop-ozone/integration-test/target/test-dir/MiniOzoneClusterImpl-d93b8c70-40ee-4c69-8ae2-2a5fe4aff117/datanode-5/data/ratis/ecbfdd01-7df2-4e1e-a3ab-6bb1e278b96e has been successfully formatted.
2019-07-14 16:44:13,517 INFO  storage.RaftStorage (RaftStorage.java:format(72)) - Storage directory /workdir/hadoop-ozone/integration-test/target/test-dir/MiniOzoneClusterImpl-d93b8c70-40ee-4c69-8ae2-2a5fe4aff117/datanode-3/data/ratis/ecbfdd01-7df2-4e1e-a3ab-6bb1e278b96e has been successfully formatted.
2019-07-14 16:44:13,517 INFO  storage.RaftStorage (RaftStorage.java:format(72)) - Storage directory /workdir/hadoop-ozone/integration-test/target/test-dir/MiniOzoneClusterImpl-d93b8c70-40ee-4c69-8ae2-2a5fe4aff117/datanode-4/data/ratis/ecbfdd01-7df2-4e1e-a3ab-6bb1e278b96e has been successfully formatted.
2019-07-14 16:44:13,518 INFO  ratis.ContainerStateMachine (ContainerStateMachine.java:loadSnapshot(200)) - The snapshot info is null.Setting the last applied index to:(t:0, i:~)
2019-07-14 16:44:13,518 INFO  ratis.ContainerStateMachine (ContainerStateMachine.java:loadSnapshot(200)) - The snapshot info is null.Setting the last applied index to:(t:0, i:~)
2019-07-14 16:44:13,518 INFO  ratis.ContainerStateMachine (ContainerStateMachine.java:loadSnapshot(200)) - The snapshot info is null.Setting the last applied index to:(t:0, i:~)
2019-07-14 16:44:13,518 INFO  server.RaftServerConfigKeys (ConfUtils.java:logGet(43)) - raft.server.leader.election.timeout = 120s (custom)
2019-07-14 16:44:13,518 INFO  server.RaftServerConfigKeys (ConfUtils.java:logGet(43)) - raft.server.leader.election.timeout = 120s (custom)
2019-07-14 16:44:13,518 INFO  server.RaftServerConfigKeys (ConfUtils.java:logGet(43)) - raft.server.log.use.memory = false (default)
2019-07-14 16:44:13,518 INFO  server.RaftServerConfigKeys (ConfUtils.java:logGet(43)) - raft.server.leader.election.timeout = 120s (custom)
2019-07-14 16:44:13,519 INFO  server.RaftServerConfigKeys (ConfUtils.java:logGet(43)) - raft.server.log.purge.gap = 1000000000 (custom)
2019-07-14 16:44:13,519 INFO  server.RaftServerConfigKeys (ConfUtils.java:logGet(43)) - raft.server.log.use.memory = false (default)
2019-07-14 16:44:13,519 INFO  server.RaftServerConfigKeys (ConfUtils.java:logGet(43)) - raft.server.log.appender.buffer.byte-limit = 33554432 (custom)
2019-07-14 16:44:13,519 INFO  server.RaftServerConfigKeys (ConfUtils.java:logGet(43)) - raft.server.log.use.memory = false (default)
2019-07-14 16:44:13,519 INFO  server.RaftServerConfigKeys (ConfUtils.java:logGet(43)) - raft.server.log.segment.size.max = 1048576 (custom)
2019-07-14 16:44:13,519 INFO  server.RaftServerConfigKeys (ConfUtils.java:logGet(43)) - raft.server.log.purge.gap = 1000000000 (custom)
2019-07-14 16:44:13,520 INFO  server.RaftServerConfigKeys (ConfUtils.java:logGet(43)) - raft.server.log.segment.cache.num.max = 2 (custom)
2019-07-14 16:44:13,520 INFO  server.RaftServerConfigKeys (ConfUtils.java:logGet(43)) - raft.server.log.purge.gap = 1000000000 (custom)
2019-07-14 16:44:13,520 INFO  segmented.SegmentedRaftLogWorker (SegmentedRaftLogWorker.java:<init>(172)) - new 62071d59-5618-4717-8e7d-19a0122f7d2e-SegmentedRaftLogWorker:Storage Directory /workdir/hadoop-ozone/integration-test/target/test-dir/MiniOzoneClusterImpl-d93b8c70-40ee-4c69-8ae2-2a5fe4aff117/datanode-4/data/ratis/ecbfdd01-7df2-4e1e-a3ab-6bb1e278b96e for RaftStorage:Storage Directory /workdir/hadoop-ozone/integration-test/target/test-dir/MiniOzoneClusterImpl-d93b8c70-40ee-4c69-8ae2-2a5fe4aff117/datanode-4/data/ratis/ecbfdd01-7df2-4e1e-a3ab-6bb1e278b96e
2019-07-14 16:44:13,520 INFO  server.RaftServerConfigKeys (ConfUtils.java:logGet(43)) - raft.server.log.appender.buffer.byte-limit = 33554432 (custom)
2019-07-14 16:44:13,520 INFO  server.RaftServerConfigKeys (ConfUtils.java:logGet(43)) - raft.server.log.queue.byte-limit = 2147483647 (custom)
2019-07-14 16:44:13,521 INFO  server.RaftServerConfigKeys (ConfUtils.java:logGet(43)) - raft.server.log.queue.element-limit = 1024 (custom)
2019-07-14 16:44:13,520 INFO  server.RaftServerConfigKeys (ConfUtils.java:logGet(43)) - raft.server.log.appender.buffer.byte-limit = 33554432 (custom)
2019-07-14 16:44:13,521 INFO  server.RaftServerConfigKeys (ConfUtils.java:logGet(43)) - raft.server.log.segment.size.max = 1048576 (custom)
2019-07-14 16:44:13,520 INFO  server.RaftServerConfigKeys (ConfUtils.java:logGet(43)) - raft.server.log.segment.size.max = 1048576 (custom)
2019-07-14 16:44:13,521 INFO  server.RaftServerConfigKeys (ConfUtils.java:logGet(43)) - raft.server.log.preallocated.size = 16384 (custom)
2019-07-14 16:44:13,521 INFO  server.RaftServerConfigKeys (ConfUtils.java:logGet(43)) - raft.server.log.segment.size.max = 1048576 (custom)
2019-07-14 16:44:13,521 INFO  server.RaftServerConfigKeys (ConfUtils.java:logGet(43)) - raft.server.log.write.buffer.size = 33554432 (custom)
2019-07-14 16:44:13,522 INFO  server.RaftServerConfigKeys (ConfUtils.java:logGet(43)) - raft.server.log.force.sync.num = 128 (default)
2019-07-14 16:44:13,521 INFO  server.RaftServerConfigKeys (ConfUtils.java:logGet(43)) - raft.server.log.segment.cache.num.max = 2 (custom)
2019-07-14 16:44:13,522 INFO  server.RaftServerConfigKeys (ConfUtils.java:logGet(43)) - raft.server.log.statemachine.data.sync = true (default)
2019-07-14 16:44:13,522 INFO  server.RaftServerConfigKeys (ConfUtils.java:logGet(43)) - raft.server.log.statemachine.data.sync.timeout = 10s (default)
2019-07-14 16:44:13,522 INFO  server.RaftServerConfigKeys (ConfUtils.java:logGet(43)) - raft.server.log.segment.cache.num.max = 2 (custom)
2019-07-14 16:44:13,522 INFO  server.RaftServerConfigKeys (ConfUtils.java:logGet(43)) - raft.server.log.statemachine.data.sync.timeout.retry = -1 (default)
2019-07-14 16:44:13,522 INFO  segmented.SegmentedRaftLogWorker (SegmentedRaftLogWorker.java:<init>(172)) - new 3fc6d144-2164-4620-842a-05555e71ef77-SegmentedRaftLogWorker:Storage Directory /workdir/hadoop-ozone/integration-test/target/test-dir/MiniOzoneClusterImpl-d93b8c70-40ee-4c69-8ae2-2a5fe4aff117/datanode-3/data/ratis/ecbfdd01-7df2-4e1e-a3ab-6bb1e278b96e for RaftStorage:Storage Directory /workdir/hadoop-ozone/integration-test/target/test-dir/MiniOzoneClusterImpl-d93b8c70-40ee-4c69-8ae2-2a5fe4aff117/datanode-3/data/ratis/ecbfdd01-7df2-4e1e-a3ab-6bb1e278b96e
2019-07-14 16:44:13,523 INFO  server.RaftServerConfigKeys (ConfUtils.java:logGet(43)) - raft.server.log.statemachine.data.caching.enabled = true (custom)
2019-07-14 16:44:13,523 INFO  segmented.SegmentedRaftLogWorker (SegmentedRaftLogWorker.java:<init>(172)) - new bf216f1c-cf05-4aa2-b328-d60d799e2e7f-SegmentedRaftLogWorker:Storage Directory /workdir/hadoop-ozone/integration-test/target/test-dir/MiniOzoneClusterImpl-d93b8c70-40ee-4c69-8ae2-2a5fe4aff117/datanode-5/data/ratis/ecbfdd01-7df2-4e1e-a3ab-6bb1e278b96e for RaftStorage:Storage Directory /workdir/hadoop-ozone/integration-test/target/test-dir/MiniOzoneClusterImpl-d93b8c70-40ee-4c69-8ae2-2a5fe4aff117/datanode-5/data/ratis/ecbfdd01-7df2-4e1e-a3ab-6bb1e278b96e
2019-07-14 16:44:13,523 INFO  server.RaftServerConfigKeys (ConfUtils.java:logGet(43)) - raft.server.log.queue.byte-limit = 2147483647 (custom)
2019-07-14 16:44:13,523 INFO  server.RaftServerConfigKeys (ConfUtils.java:logGet(43)) - raft.server.log.queue.byte-limit = 2147483647 (custom)
2019-07-14 16:44:13,523 INFO  segmented.SegmentedRaftLogWorker (SegmentedRaftLogWorker.java:lambda$new$0(132)) - 62071d59-5618-4717-8e7d-19a0122f7d2e-SegmentedRaftLogWorker:Storage Directory /workdir/hadoop-ozone/integration-test/target/test-dir/MiniOzoneClusterImpl-d93b8c70-40ee-4c69-8ae2-2a5fe4aff117/datanode-4/data/ratis/ecbfdd01-7df2-4e1e-a3ab-6bb1e278b96e: flushIndex: setUnconditionally 0 -> -1
2019-07-14 16:44:13,524 INFO  server.RaftServerConfigKeys (ConfUtils.java:logGet(43)) - raft.server.log.queue.element-limit = 1024 (custom)
2019-07-14 16:44:13,523 INFO  server.RaftServerConfigKeys (ConfUtils.java:logGet(43)) - raft.server.log.queue.element-limit = 1024 (custom)
2019-07-14 16:44:13,524 INFO  server.RaftServerConfigKeys (ConfUtils.java:logGet(43)) - raft.server.snapshot.auto.trigger.enabled = true (custom)
2019-07-14 16:44:13,524 INFO  server.RaftServerConfigKeys (ConfUtils.java:logGet(43)) - raft.server.log.segment.size.max = 1048576 (custom)
2019-07-14 16:44:13,524 INFO  server.RaftServerConfigKeys (ConfUtils.java:logGet(43)) - raft.server.snapshot.auto.trigger.threshold = 10000 (custom)
2019-07-14 16:44:13,524 INFO  server.RaftServerConfigKeys (ConfUtils.java:logGet(43)) - raft.server.log.segment.size.max = 1048576 (custom)
2019-07-14 16:44:13,525 INFO  server.RaftServerConfigKeys (ConfUtils.java:logGet(43)) - raft.server.retrycache.expirytime = 600000ms (custom)
2019-07-14 16:44:13,524 INFO  server.RaftServerConfigKeys (ConfUtils.java:logGet(43)) - raft.server.log.preallocated.size = 16384 (custom)
2019-07-14 16:44:13,525 INFO  impl.RaftServerImpl (RaftServerImpl.java:start(180)) - 62071d59-5618-4717-8e7d-19a0122f7d2e: start group-6BB1E278B96E
2019-07-14 16:44:13,525 INFO  server.RaftServerConfigKeys (ConfUtils.java:logGet(43)) - raft.server.log.write.buffer.size = 33554432 (custom)
2019-07-14 16:44:13,525 INFO  server.RaftServerConfigKeys (ConfUtils.java:logGet(43)) - raft.server.log.force.sync.num = 128 (default)
2019-07-14 16:44:13,525 INFO  server.RaftServerConfigKeys (ConfUtils.java:logGet(43)) - raft.server.log.preallocated.size = 16384 (custom)
2019-07-14 16:44:13,525 INFO  server.RaftServerConfigKeys (ConfUtils.java:logGet(43)) - raft.server.log.statemachine.data.sync = true (default)
2019-07-14 16:44:13,525 INFO  impl.RaftServerImpl (RaftServerImpl.java:setRole(171)) - 62071d59-5618-4717-8e7d-19a0122f7d2e:group-6BB1E278B96E changes role from null to FOLLOWER at term 0 for startAsFollower
2019-07-14 16:44:13,526 INFO  server.RaftServerConfigKeys (ConfUtils.java:logGet(43)) - raft.server.log.statemachine.data.sync.timeout = 10s (default)
2019-07-14 16:44:13,526 INFO  server.RaftServerConfigKeys (ConfUtils.java:logGet(43)) - raft.server.log.write.buffer.size = 33554432 (custom)
2019-07-14 16:44:13,526 INFO  server.RaftServerConfigKeys (ConfUtils.java:logGet(43)) - raft.server.log.statemachine.data.sync.timeout.retry = -1 (default)
2019-07-14 16:44:13,526 INFO  impl.RoleInfo (RoleInfo.java:updateAndGet(143)) - 62071d59-5618-4717-8e7d-19a0122f7d2e: start FollowerState
2019-07-14 16:44:13,526 INFO  server.RaftServerConfigKeys (ConfUtils.java:logGet(43)) - raft.server.log.statemachine.data.caching.enabled = true (custom)
2019-07-14 16:44:13,526 INFO  server.RaftServerConfigKeys (ConfUtils.java:logGet(43)) - raft.server.log.force.sync.num = 128 (default)
2019-07-14 16:44:13,527 INFO  util.JmxRegister (JmxRegister.java:tryRegister(44)) - Successfully registered JMX Bean with object name Ratis:service=RaftServer,group=group-6BB1E278B96E,id=62071d59-5618-4717-8e7d-19a0122f7d2e
2019-07-14 16:44:13,527 INFO  segmented.SegmentedRaftLogWorker (SegmentedRaftLogWorker.java:lambda$new$0(132)) - bf216f1c-cf05-4aa2-b328-d60d799e2e7f-SegmentedRaftLogWorker:Storage Directory /workdir/hadoop-ozone/integration-test/target/test-dir/MiniOzoneClusterImpl-d93b8c70-40ee-4c69-8ae2-2a5fe4aff117/datanode-5/data/ratis/ecbfdd01-7df2-4e1e-a3ab-6bb1e278b96e: flushIndex: setUnconditionally 0 -> -1
2019-07-14 16:44:13,527 INFO  server.RaftServerConfigKeys (ConfUtils.java:logGet(43)) - raft.server.log.statemachine.data.sync = true (default)
2019-07-14 16:44:13,527 INFO  server.RaftServerConfigKeys (ConfUtils.java:logGet(43)) - raft.server.snapshot.auto.trigger.enabled = true (custom)
2019-07-14 16:44:13,527 INFO  server.RaftServerConfigKeys (ConfUtils.java:logGet(43)) - raft.server.log.statemachine.data.sync.timeout = 10s (default)
2019-07-14 16:44:13,527 INFO  server.RaftServerConfigKeys (ConfUtils.java:logGet(43)) - raft.server.snapshot.auto.trigger.threshold = 10000 (custom)
2019-07-14 16:44:13,528 INFO  server.RaftServerConfigKeys (ConfUtils.java:logGet(43)) - raft.server.log.statemachine.data.sync.timeout.retry = -1 (default)
2019-07-14 16:44:13,528 INFO  server.RaftServerConfigKeys (ConfUtils.java:logGet(43)) - raft.server.retrycache.expirytime = 600000ms (custom)
2019-07-14 16:44:13,528 INFO  server.RaftServerConfigKeys (ConfUtils.java:logGet(43)) - raft.server.log.statemachine.data.caching.enabled = true (custom)
2019-07-14 16:44:13,528 INFO  impl.RaftServerImpl (RaftServerImpl.java:start(180)) - bf216f1c-cf05-4aa2-b328-d60d799e2e7f: start group-6BB1E278B96E
2019-07-14 16:44:13,528 INFO  impl.RaftServerImpl (RaftServerImpl.java:setRole(171)) - bf216f1c-cf05-4aa2-b328-d60d799e2e7f:group-6BB1E278B96E changes role from null to FOLLOWER at term 0 for startAsFollower
2019-07-14 16:44:13,528 INFO  segmented.SegmentedRaftLogWorker (SegmentedRaftLogWorker.java:lambda$new$0(132)) - 3fc6d144-2164-4620-842a-05555e71ef77-SegmentedRaftLogWorker:Storage Directory /workdir/hadoop-ozone/integration-test/target/test-dir/MiniOzoneClusterImpl-d93b8c70-40ee-4c69-8ae2-2a5fe4aff117/datanode-3/data/ratis/ecbfdd01-7df2-4e1e-a3ab-6bb1e278b96e: flushIndex: setUnconditionally 0 -> -1
2019-07-14 16:44:13,529 INFO  impl.RoleInfo (RoleInfo.java:updateAndGet(143)) - bf216f1c-cf05-4aa2-b328-d60d799e2e7f: start FollowerState
2019-07-14 16:44:13,529 INFO  server.RaftServerConfigKeys (ConfUtils.java:logGet(43)) - raft.server.snapshot.auto.trigger.enabled = true (custom)
2019-07-14 16:44:13,529 INFO  server.RaftServerConfigKeys (ConfUtils.java:logGet(43)) - raft.server.snapshot.auto.trigger.threshold = 10000 (custom)
2019-07-14 16:44:13,529 INFO  util.JmxRegister (JmxRegister.java:tryRegister(44)) - Successfully registered JMX Bean with object name Ratis:service=RaftServer,group=group-6BB1E278B96E,id=bf216f1c-cf05-4aa2-b328-d60d799e2e7f
2019-07-14 16:44:13,529 INFO  server.RaftServerConfigKeys (ConfUtils.java:logGet(43)) - raft.server.retrycache.expirytime = 600000ms (custom)
2019-07-14 16:44:13,530 INFO  impl.RaftServerImpl (RaftServerImpl.java:start(180)) - 3fc6d144-2164-4620-842a-05555e71ef77: start group-6BB1E278B96E
2019-07-14 16:44:13,530 INFO  impl.RaftServerImpl (RaftServerImpl.java:setRole(171)) - 3fc6d144-2164-4620-842a-05555e71ef77:group-6BB1E278B96E changes role from null to FOLLOWER at term 0 for startAsFollower
2019-07-14 16:44:13,530 INFO  impl.RoleInfo (RoleInfo.java:updateAndGet(143)) - 3fc6d144-2164-4620-842a-05555e71ef77: start FollowerState
2019-07-14 16:44:13,530 INFO  util.JmxRegister (JmxRegister.java:tryRegister(44)) - Successfully registered JMX Bean with object name Ratis:service=RaftServer,group=group-6BB1E278B96E,id=3fc6d144-2164-4620-842a-05555e71ef77
2019-07-14 16:44:13,532 INFO  pipeline.PipelineStateManager (PipelineStateManager.java:addPipeline(56)) - Created pipeline Pipeline[ Id: ecbfdd01-7df2-4e1e-a3ab-6bb1e278b96e, Nodes: 62071d59-5618-4717-8e7d-19a0122f7d2e{ip: 192.168.69.77, host: pr-hdds-1710-5x6jb-1204890111, networkLocation: /default-rack, certSerialId: null}bf216f1c-cf05-4aa2-b328-d60d799e2e7f{ip: 192.168.69.77, host: pr-hdds-1710-5x6jb-1204890111, networkLocation: /default-rack, certSerialId: null}3fc6d144-2164-4620-842a-05555e71ef77{ip: 192.168.69.77, host: pr-hdds-1710-5x6jb-1204890111, networkLocation: /default-rack, certSerialId: null}, Type:RATIS, Factor:THREE, State:OPEN]
2019-07-14 16:44:13,621 INFO  ozone.MiniOzoneClusterImpl (MiniOzoneClusterImpl.java:lambda$waitForClusterToBeReady$0(142)) - Cluster is ready. Got 7 of 7 DN Heartbeats.
2019-07-14 16:44:13,621 INFO  node.SCMNodeManager (SCMNodeManager.java:register(269)) - Registered Data node : ada8f62c-b819-487a-a073-c29d09ef8c5e{ip: 192.168.69.77, host: pr-hdds-1710-5x6jb-1204890111, networkLocation: /default-rack, certSerialId: null}
2019-07-14 16:44:13,743 INFO  impl.RaftServerProxy (RaftServerProxy.java:addNew(89)) - ada8f62c-b819-487a-a073-c29d09ef8c5e: addNew group-67E939B06FCB:[ada8f62c-b819-487a-a073-c29d09ef8c5e:192.168.69.77:41225] returns group-67E939B06FCB:java.util.concurrent.CompletableFuture@358648a7[Not completed]
2019-07-14 16:44:13,764 INFO  impl.RaftServerImpl (RaftServerImpl.java:<init>(93)) - ada8f62c-b819-487a-a073-c29d09ef8c5e: new RaftServerImpl for group-67E939B06FCB:[ada8f62c-b819-487a-a073-c29d09ef8c5e:192.168.69.77:41225] with ContainerStateMachine:uninitialized
2019-07-14 16:44:13,764 INFO  server.RaftServerConfigKeys (ConfUtils.java:logGet(43)) - raft.server.rpc.timeout.min = 5s (custom)
2019-07-14 16:44:13,764 INFO  server.RaftServerConfigKeys (ConfUtils.java:logGet(43)) - raft.server.rpc.timeout.max = 5200ms (custom)
2019-07-14 16:44:13,764 INFO  server.RaftServerConfigKeys (ConfUtils.java:logGet(43)) - raft.server.rpcslowness.timeout = 120s (custom)
2019-07-14 16:44:13,765 INFO  server.RaftServerConfigKeys (ConfUtils.java:logGet(43)) - raft.server.sleep.deviation.threshold = 300 (default)
2019-07-14 16:44:13,765 INFO  server.RaftServerConfigKeys (ConfUtils.java:logGet(43)) - raft.server.log.appender.install.snapshot.enabled = false (custom)
2019-07-14 16:44:13,765 INFO  impl.RaftServerImpl (ServerState.java:<init>(105)) - ada8f62c-b819-487a-a073-c29d09ef8c5e:group-67E939B06FCB ConfigurationManager, init=-1: [ada8f62c-b819-487a-a073-c29d09ef8c5e:192.168.69.77:41225], old=null, confs=<EMPTY_MAP>
2019-07-14 16:44:13,777 INFO  server.RaftServerConfigKeys (ConfUtils.java:logGet(43)) - raft.server.storage.dir = [/workdir/hadoop-ozone/integration-test/target/test-dir/MiniOzoneClusterImpl-d93b8c70-40ee-4c69-8ae2-2a5fe4aff117/datanode-6/data/ratis] (custom)
2019-07-14 16:44:13,777 INFO  storage.RaftStorageDirectory (RaftStorageDirectory.java:analyzeStorage(246)) - The storage directory /workdir/hadoop-ozone/integration-test/target/test-dir/MiniOzoneClusterImpl-d93b8c70-40ee-4c69-8ae2-2a5fe4aff117/datanode-6/data/ratis/09189da2-3a8f-4b00-ab35-67e939b06fcb does not exist. Creating ...
2019-07-14 16:44:13,791 INFO  rpc.RpcClient (RpcClient.java:createVolume(287)) - Creating Volume: watchforcommithandlingtest, with jenkins1000 as owner.
2019-07-14 16:44:13,803 INFO  storage.RaftStorageDirectory (RaftStorageDirectory.java:tryLock(328)) - Lock on /workdir/hadoop-ozone/integration-test/target/test-dir/MiniOzoneClusterImpl-d93b8c70-40ee-4c69-8ae2-2a5fe4aff117/datanode-6/data/ratis/09189da2-3a8f-4b00-ab35-67e939b06fcb/in_use.lock acquired by nodename 7323@pr-hdds-1710-5x6jb-1204890111
2019-07-14 16:44:13,819 INFO  storage.RaftStorage (RaftStorage.java:format(72)) - Storage directory /workdir/hadoop-ozone/integration-test/target/test-dir/MiniOzoneClusterImpl-d93b8c70-40ee-4c69-8ae2-2a5fe4aff117/datanode-6/data/ratis/09189da2-3a8f-4b00-ab35-67e939b06fcb has been successfully formatted.
2019-07-14 16:44:13,824 INFO  ratis.ContainerStateMachine (ContainerStateMachine.java:loadSnapshot(200)) - The snapshot info is null.Setting the last applied index to:(t:0, i:~)
2019-07-14 16:44:13,824 INFO  server.RaftServerConfigKeys (ConfUtils.java:logGet(43)) - raft.server.leader.election.timeout = 120s (custom)
2019-07-14 16:44:13,824 INFO  server.RaftServerConfigKeys (ConfUtils.java:logGet(43)) - raft.server.log.use.memory = false (default)
2019-07-14 16:44:13,824 INFO  server.RaftServerConfigKeys (ConfUtils.java:logGet(43)) - raft.server.log.purge.gap = 1000000000 (custom)
2019-07-14 16:44:13,824 INFO  server.RaftServerConfigKeys (ConfUtils.java:logGet(43)) - raft.server.log.appender.buffer.byte-limit = 33554432 (custom)
2019-07-14 16:44:13,825 INFO  rpc.RpcClient (RpcClient.java:createBucket(424)) - Creating Bucket: watchforcommithandlingtest/watchforcommithandlingtest, with Versioning false and Storage Type set to DISK and Encryption set to false 
2019-07-14 16:44:13,825 INFO  server.RaftServerConfigKeys (ConfUtils.java:logGet(43)) - raft.server.log.segment.size.max = 1048576 (custom)
2019-07-14 16:44:13,825 INFO  server.RaftServerConfigKeys (ConfUtils.java:logGet(43)) - raft.server.log.segment.cache.num.max = 2 (custom)
2019-07-14 16:44:13,825 INFO  segmented.SegmentedRaftLogWorker (SegmentedRaftLogWorker.java:<init>(172)) - new ada8f62c-b819-487a-a073-c29d09ef8c5e-SegmentedRaftLogWorker:Storage Directory /workdir/hadoop-ozone/integration-test/target/test-dir/MiniOzoneClusterImpl-d93b8c70-40ee-4c69-8ae2-2a5fe4aff117/datanode-6/data/ratis/09189da2-3a8f-4b00-ab35-67e939b06fcb for RaftStorage:Storage Directory /workdir/hadoop-ozone/integration-test/target/test-dir/MiniOzoneClusterImpl-d93b8c70-40ee-4c69-8ae2-2a5fe4aff117/datanode-6/data/ratis/09189da2-3a8f-4b00-ab35-67e939b06fcb
2019-07-14 16:44:13,825 INFO  server.RaftServerConfigKeys (ConfUtils.java:logGet(43)) - raft.server.log.queue.byte-limit = 2147483647 (custom)
2019-07-14 16:44:13,826 INFO  server.RaftServerConfigKeys (ConfUtils.java:logGet(43)) - raft.server.log.queue.element-limit = 1024 (custom)
2019-07-14 16:44:13,826 INFO  server.RaftServerConfigKeys (ConfUtils.java:logGet(43)) - raft.server.log.segment.size.max = 1048576 (custom)
2019-07-14 16:44:13,831 INFO  server.RaftServerConfigKeys (ConfUtils.java:logGet(43)) - raft.server.log.preallocated.size = 16384 (custom)
2019-07-14 16:44:13,831 INFO  server.RaftServerConfigKeys (ConfUtils.java:logGet(43)) - raft.server.log.write.buffer.size = 33554432 (custom)
2019-07-14 16:44:13,831 INFO  server.RaftServerConfigKeys (ConfUtils.java:logGet(43)) - raft.server.log.force.sync.num = 128 (default)
2019-07-14 16:44:13,831 INFO  server.RaftServerConfigKeys (ConfUtils.java:logGet(43)) - raft.server.log.statemachine.data.sync = true (default)
2019-07-14 16:44:13,831 INFO  server.RaftServerConfigKeys (ConfUtils.java:logGet(43)) - raft.server.log.statemachine.data.sync.timeout = 10s (default)
2019-07-14 16:44:13,832 INFO  server.RaftServerConfigKeys (ConfUtils.java:logGet(43)) - raft.server.log.statemachine.data.sync.timeout.retry = -1 (default)
2019-07-14 16:44:13,832 INFO  ozone.MiniOzoneClusterImpl (MiniOzoneClusterImpl.java:getStorageContainerLocationClient(241)) - Creating StorageContainerLocationProtocol RPC client with address /0.0.0.0:35167
2019-07-14 16:44:13,832 INFO  server.RaftServerConfigKeys (ConfUtils.java:logGet(43)) - raft.server.log.statemachine.data.caching.enabled = true (custom)
2019-07-14 16:44:13,832 INFO  segmented.SegmentedRaftLogWorker (SegmentedRaftLogWorker.java:lambda$new$0(132)) - ada8f62c-b819-487a-a073-c29d09ef8c5e-SegmentedRaftLogWorker:Storage Directory /workdir/hadoop-ozone/integration-test/target/test-dir/MiniOzoneClusterImpl-d93b8c70-40ee-4c69-8ae2-2a5fe4aff117/datanode-6/data/ratis/09189da2-3a8f-4b00-ab35-67e939b06fcb: flushIndex: setUnconditionally 0 -> -1
2019-07-14 16:44:13,833 INFO  server.RaftServerConfigKeys (ConfUtils.java:logGet(43)) - raft.server.snapshot.auto.trigger.enabled = true (custom)
2019-07-14 16:44:13,833 INFO  server.RaftServerConfigKeys (ConfUtils.java:logGet(43)) - raft.server.snapshot.auto.trigger.threshold = 10000 (custom)
2019-07-14 16:44:13,833 INFO  server.RaftServerConfigKeys (ConfUtils.java:logGet(43)) - raft.server.retrycache.expirytime = 600000ms (custom)
2019-07-14 16:44:13,833 INFO  impl.RaftServerImpl (RaftServerImpl.java:start(180)) - ada8f62c-b819-487a-a073-c29d09ef8c5e: start group-67E939B06FCB
2019-07-14 16:44:13,834 INFO  impl.RaftServerImpl (RaftServerImpl.java:setRole(171)) - ada8f62c-b819-487a-a073-c29d09ef8c5e:group-67E939B06FCB changes role from null to FOLLOWER at term 0 for startAsFollower
2019-07-14 16:44:13,834 INFO  impl.RoleInfo (RoleInfo.java:updateAndGet(143)) - ada8f62c-b819-487a-a073-c29d09ef8c5e: start FollowerState
2019-07-14 16:44:13,834 INFO  util.JmxRegister (JmxRegister.java:tryRegister(44)) - Successfully registered JMX Bean with object name Ratis:service=RaftServer,group=group-67E939B06FCB,id=ada8f62c-b819-487a-a073-c29d09ef8c5e
2019-07-14 16:44:13,837 INFO  pipeline.PipelineStateManager (PipelineStateManager.java:addPipeline(56)) - Created pipeline Pipeline[ Id: 09189da2-3a8f-4b00-ab35-67e939b06fcb, Nodes: ada8f62c-b819-487a-a073-c29d09ef8c5e{ip: 192.168.69.77, host: pr-hdds-1710-5x6jb-1204890111, networkLocation: /default-rack, certSerialId: null}, Type:RATIS, Factor:ONE, State:OPEN]
2019-07-14 16:44:13,870 INFO  client.GrpcClientProtocolClient (GrpcClientProtocolClient.java:onNext(255)) - client-03DE08891396->5636bbf6-dda5-41ae-a18f-e64dd1f75d98: receive RaftClientReply:client-03DE08891396->5636bbf6-dda5-41ae-a18f-e64dd1f75d98@group-729AF35D5A68, cid=106, FAILED org.apache.ratis.protocol.NotLeaderException: Server 5636bbf6-dda5-41ae-a18f-e64dd1f75d98 is not the leader (null). Request must be sent to leader., logIndex=0, commits[5636bbf6-dda5-41ae-a18f-e64dd1f75d98:c-1]
2019-07-14 16:44:14,459 WARN  server.GrpcLogAppender (LogUtils.java:warn(134)) - 77d8bfd8-9417-42e4-b630-e55bb18b8339->ce51f40e-6b80-4084-8b29-ef5c0bb939b1: Failed appendEntries: org.apache.ratis.thirdparty.io.grpc.StatusRuntimeException: UNAVAILABLE: io exception
2019-07-14 16:44:14,459 WARN  server.GrpcLogAppender (LogUtils.java:warn(134)) - 77d8bfd8-9417-42e4-b630-e55bb18b8339->68a5dfdb-c74c-438f-a088-2062485c848e: Failed appendEntries: org.apache.ratis.thirdparty.io.grpc.StatusRuntimeException: UNAVAILABLE: io exception
2019-07-14 16:44:14,459 INFO  impl.FollowerInfo (FollowerInfo.java:lambda$new$0(50)) - 77d8bfd8-9417-42e4-b630-e55bb18b8339->ce51f40e-6b80-4084-8b29-ef5c0bb939b1: nextIndex: updateUnconditionally 0 -> 0
2019-07-14 16:44:14,460 INFO  impl.FollowerInfo (FollowerInfo.java:lambda$new$0(50)) - 77d8bfd8-9417-42e4-b630-e55bb18b8339->68a5dfdb-c74c-438f-a088-2062485c848e: nextIndex: updateUnconditionally 0 -> 0
2019-07-14 16:44:14,791 INFO  container.ReplicationManager (ReplicationManager.java:start(155)) - Starting Replication Monitor Thread.
2019-07-14 16:44:14,806 INFO  container.ReplicationManager (ReplicationManager.java:run(207)) - Replication Monitor Thread took 0 milliseconds for processing 1 containers.
2019-07-14 16:44:14,928 INFO  client.GrpcClientProtocolClient (GrpcClientProtocolClient.java:onNext(255)) - client-03DE08891396->68cffac9-a874-4e5f-b124-9271109b3fbb: receive RaftClientReply:client-03DE08891396->68cffac9-a874-4e5f-b124-9271109b3fbb@group-729AF35D5A68, cid=106, FAILED org.apache.ratis.protocol.NotLeaderException: Server 68cffac9-a874-4e5f-b124-9271109b3fbb is not the leader (null). Request must be sent to leader., logIndex=0, commits[68cffac9-a874-4e5f-b124-9271109b3fbb:c-1]
2019-07-14 16:44:15,047 WARN  server.GrpcLogAppender (LogUtils.java:warn(134)) - 9fd9e3e3-5262-496b-8df7-255f5916d7a3->3cba4ce6-c4f5-4e1e-b7ad-40d7d1e29a4e: Failed appendEntries: org.apache.ratis.thirdparty.io.grpc.StatusRuntimeException: UNAVAILABLE: io exception
2019-07-14 16:44:15,047 WARN  server.GrpcLogAppender (LogUtils.java:warn(134)) - 9fd9e3e3-5262-496b-8df7-255f5916d7a3->9cd3a1db-b0fe-40bd-a539-64cc346e67f4: Failed appendEntries: org.apache.ratis.thirdparty.io.grpc.StatusRuntimeException: UNAVAILABLE: io exception
2019-07-14 16:44:15,048 INFO  impl.FollowerInfo (FollowerInfo.java:lambda$new$0(50)) - 9fd9e3e3-5262-496b-8df7-255f5916d7a3->3cba4ce6-c4f5-4e1e-b7ad-40d7d1e29a4e: nextIndex: updateUnconditionally 1 -> 0
2019-07-14 16:44:15,048 INFO  impl.FollowerInfo (FollowerInfo.java:lambda$new$0(50)) - 9fd9e3e3-5262-496b-8df7-255f5916d7a3->9cd3a1db-b0fe-40bd-a539-64cc346e67f4: nextIndex: updateUnconditionally 1 -> 0
2019-07-14 16:44:15,968 INFO  client.GrpcClientProtocolClient (GrpcClientProtocolClient.java:onNext(255)) - client-03DE08891396->e7da1c13-0d41-4ca7-9ecc-eebbf8fef67a: receive RaftClientReply:client-03DE08891396->e7da1c13-0d41-4ca7-9ecc-eebbf8fef67a@group-729AF35D5A68, cid=106, FAILED org.apache.ratis.protocol.NotLeaderException: Server e7da1c13-0d41-4ca7-9ecc-eebbf8fef67a is not the leader (null). Request must be sent to leader., logIndex=0, commits[e7da1c13-0d41-4ca7-9ecc-eebbf8fef67a:c-1]
2019-07-14 16:44:16,959 WARN  server.GrpcLogAppender (LogUtils.java:warn(134)) - 77d8bfd8-9417-42e4-b630-e55bb18b8339->ce51f40e-6b80-4084-8b29-ef5c0bb939b1: Failed appendEntries: org.apache.ratis.thirdparty.io.grpc.StatusRuntimeException: UNAVAILABLE: io exception
2019-07-14 16:44:16,959 WARN  server.GrpcLogAppender (LogUtils.java:warn(134)) - 77d8bfd8-9417-42e4-b630-e55bb18b8339->68a5dfdb-c74c-438f-a088-2062485c848e: Failed appendEntries: org.apache.ratis.thirdparty.io.grpc.StatusRuntimeException: UNAVAILABLE: io exception
2019-07-14 16:44:16,960 INFO  impl.FollowerInfo (FollowerInfo.java:lambda$new$0(50)) - 77d8bfd8-9417-42e4-b630-e55bb18b8339->ce51f40e-6b80-4084-8b29-ef5c0bb939b1: nextIndex: updateUnconditionally 0 -> 0
2019-07-14 16:44:16,960 INFO  impl.FollowerInfo (FollowerInfo.java:lambda$new$0(50)) - 77d8bfd8-9417-42e4-b630-e55bb18b8339->68a5dfdb-c74c-438f-a088-2062485c848e: nextIndex: updateUnconditionally 0 -> 0
2019-07-14 16:44:16,998 INFO  client.GrpcClientProtocolClient (GrpcClientProtocolClient.java:onNext(255)) - client-03DE08891396->5636bbf6-dda5-41ae-a18f-e64dd1f75d98: receive RaftClientReply:client-03DE08891396->5636bbf6-dda5-41ae-a18f-e64dd1f75d98@group-729AF35D5A68, cid=106, FAILED org.apache.ratis.protocol.NotLeaderException: Server 5636bbf6-dda5-41ae-a18f-e64dd1f75d98 is not the leader (null). Request must be sent to leader., logIndex=0, commits[5636bbf6-dda5-41ae-a18f-e64dd1f75d98:c-1]
2019-07-14 16:44:17,025 INFO  impl.FollowerState (FollowerState.java:run(106)) - e7da1c13-0d41-4ca7-9ecc-eebbf8fef67a:group-726373D388A6 changes to CANDIDATE, lastRpcTime:5187, electionTimeout:5180ms
2019-07-14 16:44:17,025 INFO  impl.RoleInfo (RoleInfo.java:shutdownFollowerState(121)) - e7da1c13-0d41-4ca7-9ecc-eebbf8fef67a: shutdown FollowerState
2019-07-14 16:44:17,026 INFO  impl.RaftServerImpl (RaftServerImpl.java:setRole(171)) - e7da1c13-0d41-4ca7-9ecc-eebbf8fef67a:group-726373D388A6 changes role from FOLLOWER to CANDIDATE at term 0 for changeToCandidate
2019-07-14 16:44:17,026 INFO  impl.RoleInfo (RoleInfo.java:updateAndGet(143)) - e7da1c13-0d41-4ca7-9ecc-eebbf8fef67a: start LeaderElection
2019-07-14 16:44:17,066 INFO  impl.LeaderElection (LeaderElection.java:askForVotes(181)) - e7da1c13-0d41-4ca7-9ecc-eebbf8fef67a:group-726373D388A6:LeaderElection58: begin an election at term 1 for -1: [e7da1c13-0d41-4ca7-9ecc-eebbf8fef67a:192.168.69.77:45169], old=null
2019-07-14 16:44:17,066 INFO  impl.RoleInfo (RoleInfo.java:shutdownLeaderElection(134)) - e7da1c13-0d41-4ca7-9ecc-eebbf8fef67a: shutdown LeaderElection
2019-07-14 16:44:17,066 INFO  impl.RaftServerImpl (RaftServerImpl.java:setRole(171)) - e7da1c13-0d41-4ca7-9ecc-eebbf8fef67a:group-726373D388A6 changes role from CANDIDATE to LEADER at term 1 for changeToLeader
2019-07-14 16:44:17,066 INFO  impl.RaftServerImpl (ServerState.java:setLeader(263)) - e7da1c13-0d41-4ca7-9ecc-eebbf8fef67a:group-726373D388A6 change Leader from null to e7da1c13-0d41-4ca7-9ecc-eebbf8fef67a at term 1 for becomeLeader, leader elected after 5232ms
2019-07-14 16:44:17,067 INFO  server.RaftServerConfigKeys (ConfUtils.java:logGet(43)) - raft.server.staging.catchup.gap = 1000 (default)
2019-07-14 16:44:17,067 INFO  server.RaftServerConfigKeys (ConfUtils.java:logGet(43)) - raft.server.rpc.sleep.time = 25ms (default)
2019-07-14 16:44:17,067 INFO  server.RaftServerConfigKeys (ConfUtils.java:logGet(43)) - raft.server.write.element-limit = 4096 (default)
2019-07-14 16:44:17,067 INFO  server.RaftServerConfigKeys (ConfUtils.java:logGet(43)) - raft.server.watch.timeout = 10s (default)
2019-07-14 16:44:17,067 INFO  server.RaftServerConfigKeys (ConfUtils.java:logGet(43)) - raft.server.watch.timeout.denomination = 1s (default)
2019-07-14 16:44:17,067 INFO  server.RaftServerConfigKeys (ConfUtils.java:logGet(43)) - raft.server.watch.element-limit = 65536 (default)
2019-07-14 16:44:17,068 INFO  impl.RoleInfo (RoleInfo.java:updateAndGet(143)) - e7da1c13-0d41-4ca7-9ecc-eebbf8fef67a: start LeaderState
2019-07-14 16:44:17,068 INFO  segmented.SegmentedRaftLogWorker (SegmentedRaftLogWorker.java:startLogSegment(380)) - e7da1c13-0d41-4ca7-9ecc-eebbf8fef67a-SegmentedRaftLogWorker:Storage Directory /workdir/hadoop-ozone/integration-test/target/test-dir/MiniOzoneClusterImpl-d93b8c70-40ee-4c69-8ae2-2a5fe4aff117/datanode-0/data/ratis/3adfa697-9c42-4ca8-bf85-726373d388a6: Starting segment from index:0
2019-07-14 16:44:17,068 WARN  server.GrpcLogAppender (LogUtils.java:warn(134)) - 77d8bfd8-9417-42e4-b630-e55bb18b8339->68a5dfdb-c74c-438f-a088-2062485c848e: Failed appendEntries: org.apache.ratis.thirdparty.io.grpc.StatusRuntimeException: UNAVAILABLE: io exception
2019-07-14 16:44:17,068 INFO  impl.RaftServerImpl (ServerState.java:setRaftConf(361)) - e7da1c13-0d41-4ca7-9ecc-eebbf8fef67a:group-726373D388A6 set configuration 0: [e7da1c13-0d41-4ca7-9ecc-eebbf8fef67a:192.168.69.77:45169], old=null at 0
2019-07-14 16:44:17,069 INFO  impl.FollowerInfo (FollowerInfo.java:lambda$new$0(50)) - 77d8bfd8-9417-42e4-b630-e55bb18b8339->68a5dfdb-c74c-438f-a088-2062485c848e: nextIndex: updateUnconditionally 1 -> 0
2019-07-14 16:44:17,097 INFO  segmented.SegmentedRaftLogWorker (SegmentedRaftLogWorker.java:execute(569)) - e7da1c13-0d41-4ca7-9ecc-eebbf8fef67a-SegmentedRaftLogWorker:Storage Directory /workdir/hadoop-ozone/integration-test/target/test-dir/MiniOzoneClusterImpl-d93b8c70-40ee-4c69-8ae2-2a5fe4aff117/datanode-0/data/ratis/3adfa697-9c42-4ca8-bf85-726373d388a6: created new log segment /workdir/hadoop-ozone/integration-test/target/test-dir/MiniOzoneClusterImpl-d93b8c70-40ee-4c69-8ae2-2a5fe4aff117/datanode-0/data/ratis/3adfa697-9c42-4ca8-bf85-726373d388a6/current/log_inprogress_0
2019-07-14 16:44:17,104 INFO  impl.FollowerState (FollowerState.java:run(106)) - 5636bbf6-dda5-41ae-a18f-e64dd1f75d98:group-F9F42AF79CF8 changes to CANDIDATE, lastRpcTime:5066, electionTimeout:5066ms
2019-07-14 16:44:17,104 INFO  impl.RoleInfo (RoleInfo.java:shutdownFollowerState(121)) - 5636bbf6-dda5-41ae-a18f-e64dd1f75d98: shutdown FollowerState
2019-07-14 16:44:17,104 INFO  impl.RaftServerImpl (RaftServerImpl.java:setRole(171)) - 5636bbf6-dda5-41ae-a18f-e64dd1f75d98:group-F9F42AF79CF8 changes role from FOLLOWER to CANDIDATE at term 0 for changeToCandidate
2019-07-14 16:44:17,105 INFO  impl.RoleInfo (RoleInfo.java:updateAndGet(143)) - 5636bbf6-dda5-41ae-a18f-e64dd1f75d98: start LeaderElection
2019-07-14 16:44:17,200 INFO  impl.LeaderElection (LeaderElection.java:askForVotes(181)) - 5636bbf6-dda5-41ae-a18f-e64dd1f75d98:group-F9F42AF79CF8:LeaderElection59: begin an election at term 1 for -1: [5636bbf6-dda5-41ae-a18f-e64dd1f75d98:192.168.69.77:45540], old=null
2019-07-14 16:44:17,200 INFO  impl.RoleInfo (RoleInfo.java:shutdownLeaderElection(134)) - 5636bbf6-dda5-41ae-a18f-e64dd1f75d98: shutdown LeaderElection
2019-07-14 16:44:17,200 INFO  impl.RaftServerImpl (RaftServerImpl.java:setRole(171)) - 5636bbf6-dda5-41ae-a18f-e64dd1f75d98:group-F9F42AF79CF8 changes role from CANDIDATE to LEADER at term 1 for changeToLeader
2019-07-14 16:44:17,200 INFO  impl.RaftServerImpl (ServerState.java:setLeader(263)) - 5636bbf6-dda5-41ae-a18f-e64dd1f75d98:group-F9F42AF79CF8 change Leader from null to 5636bbf6-dda5-41ae-a18f-e64dd1f75d98 at term 1 for becomeLeader, leader elected after 5167ms
2019-07-14 16:44:17,200 INFO  server.RaftServerConfigKeys (ConfUtils.java:logGet(43)) - raft.server.staging.catchup.gap = 1000 (default)
2019-07-14 16:44:17,201 INFO  server.RaftServerConfigKeys (ConfUtils.java:logGet(43)) - raft.server.rpc.sleep.time = 25ms (default)
2019-07-14 16:44:17,201 INFO  server.RaftServerConfigKeys (ConfUtils.java:logGet(43)) - raft.server.write.element-limit = 4096 (default)
2019-07-14 16:44:17,201 INFO  server.RaftServerConfigKeys (ConfUtils.java:logGet(43)) - raft.server.watch.timeout = 10s (default)
2019-07-14 16:44:17,201 INFO  server.RaftServerConfigKeys (ConfUtils.java:logGet(43)) - raft.server.watch.timeout.denomination = 1s (default)
2019-07-14 16:44:17,201 INFO  server.RaftServerConfigKeys (ConfUtils.java:logGet(43)) - raft.server.watch.element-limit = 65536 (default)
2019-07-14 16:44:17,201 INFO  impl.RoleInfo (RoleInfo.java:updateAndGet(143)) - 5636bbf6-dda5-41ae-a18f-e64dd1f75d98: start LeaderState
2019-07-14 16:44:17,202 INFO  segmented.SegmentedRaftLogWorker (SegmentedRaftLogWorker.java:startLogSegment(380)) - 5636bbf6-dda5-41ae-a18f-e64dd1f75d98-SegmentedRaftLogWorker:Storage Directory /workdir/hadoop-ozone/integration-test/target/test-dir/MiniOzoneClusterImpl-d93b8c70-40ee-4c69-8ae2-2a5fe4aff117/datanode-1/data/ratis/c6c3c9fd-8677-417d-8203-f9f42af79cf8: Starting segment from index:0
2019-07-14 16:44:17,202 INFO  impl.RaftServerImpl (ServerState.java:setRaftConf(361)) - 5636bbf6-dda5-41ae-a18f-e64dd1f75d98:group-F9F42AF79CF8 set configuration 0: [5636bbf6-dda5-41ae-a18f-e64dd1f75d98:192.168.69.77:45540], old=null at 0
2019-07-14 16:44:17,232 INFO  segmented.SegmentedRaftLogWorker (SegmentedRaftLogWorker.java:execute(569)) - 5636bbf6-dda5-41ae-a18f-e64dd1f75d98-SegmentedRaftLogWorker:Storage Directory /workdir/hadoop-ozone/integration-test/target/test-dir/MiniOzoneClusterImpl-d93b8c70-40ee-4c69-8ae2-2a5fe4aff117/datanode-1/data/ratis/c6c3c9fd-8677-417d-8203-f9f42af79cf8: created new log segment /workdir/hadoop-ozone/integration-test/target/test-dir/MiniOzoneClusterImpl-d93b8c70-40ee-4c69-8ae2-2a5fe4aff117/datanode-1/data/ratis/c6c3c9fd-8677-417d-8203-f9f42af79cf8/current/log_inprogress_0
2019-07-14 16:44:17,548 WARN  server.GrpcLogAppender (LogUtils.java:warn(134)) - 9fd9e3e3-5262-496b-8df7-255f5916d7a3->9cd3a1db-b0fe-40bd-a539-64cc346e67f4: Failed appendEntries: org.apache.ratis.thirdparty.io.grpc.StatusRuntimeException: UNAVAILABLE: io exception
2019-07-14 16:44:17,548 WARN  server.GrpcLogAppender (LogUtils.java:warn(134)) - 9fd9e3e3-5262-496b-8df7-255f5916d7a3->3cba4ce6-c4f5-4e1e-b7ad-40d7d1e29a4e: Failed appendEntries: org.apache.ratis.thirdparty.io.grpc.StatusRuntimeException: UNAVAILABLE: io exception
2019-07-14 16:44:17,549 INFO  impl.FollowerInfo (FollowerInfo.java:lambda$new$0(50)) - 9fd9e3e3-5262-496b-8df7-255f5916d7a3->9cd3a1db-b0fe-40bd-a539-64cc346e67f4: nextIndex: updateUnconditionally 0 -> 0
2019-07-14 16:44:17,549 INFO  impl.FollowerInfo (FollowerInfo.java:lambda$new$0(50)) - 9fd9e3e3-5262-496b-8df7-255f5916d7a3->3cba4ce6-c4f5-4e1e-b7ad-40d7d1e29a4e: nextIndex: updateUnconditionally 0 -> 0
2019-07-14 16:44:17,552 INFO  impl.FollowerState (FollowerState.java:run(106)) - 68cffac9-a874-4e5f-b124-9271109b3fbb:group-18D7FB5BBEAC changes to CANDIDATE, lastRpcTime:5095, electionTimeout:5095ms
2019-07-14 16:44:17,552 INFO  impl.RoleInfo (RoleInfo.java:shutdownFollowerState(121)) - 68cffac9-a874-4e5f-b124-9271109b3fbb: shutdown FollowerState
2019-07-14 16:44:17,552 INFO  impl.RaftServerImpl (RaftServerImpl.java:setRole(171)) - 68cffac9-a874-4e5f-b124-9271109b3fbb:group-18D7FB5BBEAC changes role from FOLLOWER to CANDIDATE at term 0 for changeToCandidate
2019-07-14 16:44:17,552 INFO  impl.RoleInfo (RoleInfo.java:updateAndGet(143)) - 68cffac9-a874-4e5f-b124-9271109b3fbb: start LeaderElection
2019-07-14 16:44:17,583 INFO  impl.LeaderElection (LeaderElection.java:askForVotes(181)) - 68cffac9-a874-4e5f-b124-9271109b3fbb:group-18D7FB5BBEAC:LeaderElection60: begin an election at term 1 for -1: [68cffac9-a874-4e5f-b124-9271109b3fbb:192.168.69.77:32780], old=null
2019-07-14 16:44:17,584 INFO  impl.RoleInfo (RoleInfo.java:shutdownLeaderElection(134)) - 68cffac9-a874-4e5f-b124-9271109b3fbb: shutdown LeaderElection
2019-07-14 16:44:17,584 INFO  impl.RaftServerImpl (RaftServerImpl.java:setRole(171)) - 68cffac9-a874-4e5f-b124-9271109b3fbb:group-18D7FB5BBEAC changes role from CANDIDATE to LEADER at term 1 for changeToLeader
2019-07-14 16:44:17,584 INFO  impl.RaftServerImpl (ServerState.java:setLeader(263)) - 68cffac9-a874-4e5f-b124-9271109b3fbb:group-18D7FB5BBEAC change Leader from null to 68cffac9-a874-4e5f-b124-9271109b3fbb at term 1 for becomeLeader, leader elected after 5131ms
2019-07-14 16:44:17,584 INFO  server.RaftServerConfigKeys (ConfUtils.java:logGet(43)) - raft.server.staging.catchup.gap = 1000 (default)
2019-07-14 16:44:17,584 INFO  server.RaftServerConfigKeys (ConfUtils.java:logGet(43)) - raft.server.rpc.sleep.time = 25ms (default)
2019-07-14 16:44:17,584 INFO  server.RaftServerConfigKeys (ConfUtils.java:logGet(43)) - raft.server.write.element-limit = 4096 (default)
2019-07-14 16:44:17,584 INFO  server.RaftServerConfigKeys (ConfUtils.java:logGet(43)) - raft.server.watch.timeout = 10s (default)
2019-07-14 16:44:17,585 INFO  server.RaftServerConfigKeys (ConfUtils.java:logGet(43)) - raft.server.watch.timeout.denomination = 1s (default)
2019-07-14 16:44:17,585 INFO  server.RaftServerConfigKeys (ConfUtils.java:logGet(43)) - raft.server.watch.element-limit = 65536 (default)
2019-07-14 16:44:17,585 INFO  impl.RoleInfo (RoleInfo.java:updateAndGet(143)) - 68cffac9-a874-4e5f-b124-9271109b3fbb: start LeaderState
2019-07-14 16:44:17,585 INFO  segmented.SegmentedRaftLogWorker (SegmentedRaftLogWorker.java:startLogSegment(380)) - 68cffac9-a874-4e5f-b124-9271109b3fbb-SegmentedRaftLogWorker:Storage Directory /workdir/hadoop-ozone/integration-test/target/test-dir/MiniOzoneClusterImpl-d93b8c70-40ee-4c69-8ae2-2a5fe4aff117/datanode-2/data/ratis/2e837ae9-6417-4e24-9375-18d7fb5bbeac: Starting segment from index:0
2019-07-14 16:44:17,586 INFO  impl.RaftServerImpl (ServerState.java:setRaftConf(361)) - 68cffac9-a874-4e5f-b124-9271109b3fbb:group-18D7FB5BBEAC set configuration 0: [68cffac9-a874-4e5f-b124-9271109b3fbb:192.168.69.77:32780], old=null at 0
2019-07-14 16:44:17,617 INFO  segmented.SegmentedRaftLogWorker (SegmentedRaftLogWorker.java:execute(569)) - 68cffac9-a874-4e5f-b124-9271109b3fbb-SegmentedRaftLogWorker:Storage Directory /workdir/hadoop-ozone/integration-test/target/test-dir/MiniOzoneClusterImpl-d93b8c70-40ee-4c69-8ae2-2a5fe4aff117/datanode-2/data/ratis/2e837ae9-6417-4e24-9375-18d7fb5bbeac: created new log segment /workdir/hadoop-ozone/integration-test/target/test-dir/MiniOzoneClusterImpl-d93b8c70-40ee-4c69-8ae2-2a5fe4aff117/datanode-2/data/ratis/2e837ae9-6417-4e24-9375-18d7fb5bbeac/current/log_inprogress_0
2019-07-14 16:44:17,719 INFO  impl.FollowerState (FollowerState.java:run(106)) - 5636bbf6-dda5-41ae-a18f-e64dd1f75d98:group-729AF35D5A68 changes to CANDIDATE, lastRpcTime:5176, electionTimeout:5176ms
2019-07-14 16:44:17,720 INFO  impl.RoleInfo (RoleInfo.java:shutdownFollowerState(121)) - 5636bbf6-dda5-41ae-a18f-e64dd1f75d98: shutdown FollowerState
2019-07-14 16:44:17,720 INFO  impl.RaftServerImpl (RaftServerImpl.java:setRole(171)) - 5636bbf6-dda5-41ae-a18f-e64dd1f75d98:group-729AF35D5A68 changes role from FOLLOWER to CANDIDATE at term 0 for changeToCandidate
2019-07-14 16:44:17,720 INFO  impl.RoleInfo (RoleInfo.java:updateAndGet(143)) - 5636bbf6-dda5-41ae-a18f-e64dd1f75d98: start LeaderElection
2019-07-14 16:44:17,736 INFO  impl.FollowerState (FollowerState.java:run(106)) - e7da1c13-0d41-4ca7-9ecc-eebbf8fef67a:group-729AF35D5A68 changes to CANDIDATE, lastRpcTime:5189, electionTimeout:5189ms
2019-07-14 16:44:17,737 INFO  impl.RoleInfo (RoleInfo.java:shutdownFollowerState(121)) - e7da1c13-0d41-4ca7-9ecc-eebbf8fef67a: shutdown FollowerState
2019-07-14 16:44:17,737 INFO  impl.RaftServerImpl (RaftServerImpl.java:setRole(171)) - e7da1c13-0d41-4ca7-9ecc-eebbf8fef67a:group-729AF35D5A68 changes role from FOLLOWER to CANDIDATE at term 0 for changeToCandidate
2019-07-14 16:44:17,737 INFO  impl.RoleInfo (RoleInfo.java:updateAndGet(143)) - e7da1c13-0d41-4ca7-9ecc-eebbf8fef67a: start LeaderElection
2019-07-14 16:44:17,737 INFO  impl.FollowerState (FollowerState.java:run(106)) - 68cffac9-a874-4e5f-b124-9271109b3fbb:group-729AF35D5A68 changes to CANDIDATE, lastRpcTime:5190, electionTimeout:5190ms
2019-07-14 16:44:17,745 INFO  impl.LeaderElection (LeaderElection.java:askForVotes(181)) - 5636bbf6-dda5-41ae-a18f-e64dd1f75d98:group-729AF35D5A68:LeaderElection61: begin an election at term 1 for -1: [e7da1c13-0d41-4ca7-9ecc-eebbf8fef67a:192.168.69.77:45169, 68cffac9-a874-4e5f-b124-9271109b3fbb:192.168.69.77:32780, 5636bbf6-dda5-41ae-a18f-e64dd1f75d98:192.168.69.77:45540], old=null
2019-07-14 16:44:17,745 INFO  impl.RoleInfo (RoleInfo.java:shutdownFollowerState(121)) - 68cffac9-a874-4e5f-b124-9271109b3fbb: shutdown FollowerState
2019-07-14 16:44:17,745 INFO  impl.RaftServerImpl (RaftServerImpl.java:setRole(171)) - 68cffac9-a874-4e5f-b124-9271109b3fbb:group-729AF35D5A68 changes role from FOLLOWER to CANDIDATE at term 0 for changeToCandidate
2019-07-14 16:44:17,745 INFO  impl.RoleInfo (RoleInfo.java:updateAndGet(143)) - 68cffac9-a874-4e5f-b124-9271109b3fbb: start LeaderElection
2019-07-14 16:44:17,758 INFO  impl.LeaderElection (LeaderElection.java:askForVotes(181)) - e7da1c13-0d41-4ca7-9ecc-eebbf8fef67a:group-729AF35D5A68:LeaderElection62: begin an election at term 1 for -1: [e7da1c13-0d41-4ca7-9ecc-eebbf8fef67a:192.168.69.77:45169, 68cffac9-a874-4e5f-b124-9271109b3fbb:192.168.69.77:32780, 5636bbf6-dda5-41ae-a18f-e64dd1f75d98:192.168.69.77:45540], old=null
2019-07-14 16:44:17,758 INFO  impl.LeaderElection (LeaderElection.java:askForVotes(181)) - 68cffac9-a874-4e5f-b124-9271109b3fbb:group-729AF35D5A68:LeaderElection63: begin an election at term 1 for -1: [e7da1c13-0d41-4ca7-9ecc-eebbf8fef67a:192.168.69.77:45169, 68cffac9-a874-4e5f-b124-9271109b3fbb:192.168.69.77:32780, 5636bbf6-dda5-41ae-a18f-e64dd1f75d98:192.168.69.77:45540], old=null
2019-07-14 16:44:17,760 INFO  impl.LeaderElection (LeaderElection.java:logAndReturn(56)) - 5636bbf6-dda5-41ae-a18f-e64dd1f75d98:group-729AF35D5A68:LeaderElection61: Election REJECTED; received 2 response(s) [5636bbf6-dda5-41ae-a18f-e64dd1f75d98<-e7da1c13-0d41-4ca7-9ecc-eebbf8fef67a#0:FAIL-t1, 5636bbf6-dda5-41ae-a18f-e64dd1f75d98<-68cffac9-a874-4e5f-b124-9271109b3fbb#0:FAIL-t1] and 0 exception(s); 5636bbf6-dda5-41ae-a18f-e64dd1f75d98:t1, leader=null, voted=5636bbf6-dda5-41ae-a18f-e64dd1f75d98, raftlog=5636bbf6-dda5-41ae-a18f-e64dd1f75d98-SegmentedRaftLog:OPENED:c-1,f-1,i0, conf=-1: [e7da1c13-0d41-4ca7-9ecc-eebbf8fef67a:192.168.69.77:45169, 68cffac9-a874-4e5f-b124-9271109b3fbb:192.168.69.77:32780, 5636bbf6-dda5-41ae-a18f-e64dd1f75d98:192.168.69.77:45540], old=null
2019-07-14 16:44:17,760 INFO  impl.RaftServerImpl (RaftServerImpl.java:setRole(171)) - 5636bbf6-dda5-41ae-a18f-e64dd1f75d98:group-729AF35D5A68 changes role from CANDIDATE to FOLLOWER at term 1 for DISCOVERED_A_NEW_TERM
2019-07-14 16:44:17,760 INFO  impl.RoleInfo (RoleInfo.java:shutdownLeaderElection(134)) - 5636bbf6-dda5-41ae-a18f-e64dd1f75d98: shutdown LeaderElection
2019-07-14 16:44:17,760 INFO  impl.RoleInfo (RoleInfo.java:updateAndGet(143)) - 5636bbf6-dda5-41ae-a18f-e64dd1f75d98: start FollowerState
2019-07-14 16:44:17,764 INFO  impl.LeaderElection (LeaderElection.java:logAndReturn(56)) - e7da1c13-0d41-4ca7-9ecc-eebbf8fef67a:group-729AF35D5A68:LeaderElection62: Election REJECTED; received 2 response(s) [e7da1c13-0d41-4ca7-9ecc-eebbf8fef67a<-68cffac9-a874-4e5f-b124-9271109b3fbb#0:FAIL-t1, e7da1c13-0d41-4ca7-9ecc-eebbf8fef67a<-5636bbf6-dda5-41ae-a18f-e64dd1f75d98#0:FAIL-t1] and 0 exception(s); e7da1c13-0d41-4ca7-9ecc-eebbf8fef67a:t1, leader=null, voted=e7da1c13-0d41-4ca7-9ecc-eebbf8fef67a, raftlog=e7da1c13-0d41-4ca7-9ecc-eebbf8fef67a-SegmentedRaftLog:OPENED:c-1,f-1,i0, conf=-1: [e7da1c13-0d41-4ca7-9ecc-eebbf8fef67a:192.168.69.77:45169, 68cffac9-a874-4e5f-b124-9271109b3fbb:192.168.69.77:32780, 5636bbf6-dda5-41ae-a18f-e64dd1f75d98:192.168.69.77:45540], old=null
2019-07-14 16:44:17,764 INFO  impl.LeaderElection (LeaderElection.java:logAndReturn(56)) - 68cffac9-a874-4e5f-b124-9271109b3fbb:group-729AF35D5A68:LeaderElection63: Election REJECTED; received 2 response(s) [68cffac9-a874-4e5f-b124-9271109b3fbb<-e7da1c13-0d41-4ca7-9ecc-eebbf8fef67a#0:FAIL-t1, 68cffac9-a874-4e5f-b124-9271109b3fbb<-5636bbf6-dda5-41ae-a18f-e64dd1f75d98#0:FAIL-t1] and 0 exception(s); 68cffac9-a874-4e5f-b124-9271109b3fbb:t1, leader=null, voted=68cffac9-a874-4e5f-b124-9271109b3fbb, raftlog=68cffac9-a874-4e5f-b124-9271109b3fbb-SegmentedRaftLog:OPENED:c-1,f-1,i0, conf=-1: [e7da1c13-0d41-4ca7-9ecc-eebbf8fef67a:192.168.69.77:45169, 68cffac9-a874-4e5f-b124-9271109b3fbb:192.168.69.77:32780, 5636bbf6-dda5-41ae-a18f-e64dd1f75d98:192.168.69.77:45540], old=null
2019-07-14 16:44:17,764 INFO  impl.RaftServerImpl (RaftServerImpl.java:setRole(171)) - e7da1c13-0d41-4ca7-9ecc-eebbf8fef67a:group-729AF35D5A68 changes role from CANDIDATE to FOLLOWER at term 1 for DISCOVERED_A_NEW_TERM
2019-07-14 16:44:17,764 INFO  impl.RaftServerImpl (RaftServerImpl.java:setRole(171)) - 68cffac9-a874-4e5f-b124-9271109b3fbb:group-729AF35D5A68 changes role from CANDIDATE to FOLLOWER at term 1 for DISCOVERED_A_NEW_TERM
2019-07-14 16:44:17,765 INFO  impl.RoleInfo (RoleInfo.java:shutdownLeaderElection(134)) - e7da1c13-0d41-4ca7-9ecc-eebbf8fef67a: shutdown LeaderElection
2019-07-14 16:44:17,765 INFO  impl.RoleInfo (RoleInfo.java:shutdownLeaderElection(134)) - 68cffac9-a874-4e5f-b124-9271109b3fbb: shutdown LeaderElection
2019-07-14 16:44:17,765 INFO  impl.RoleInfo (RoleInfo.java:updateAndGet(143)) - e7da1c13-0d41-4ca7-9ecc-eebbf8fef67a: start FollowerState
2019-07-14 16:44:17,765 INFO  impl.RoleInfo (RoleInfo.java:updateAndGet(143)) - 68cffac9-a874-4e5f-b124-9271109b3fbb: start FollowerState
2019-07-14 16:44:17,772 INFO  node.StaleNodeHandler (StaleNodeHandler.java:onMessage(58)) - Datanode 9cd3a1db-b0fe-40bd-a539-64cc346e67f4{ip: 192.168.69.77, host: pr-hdds-1710-5x6jb-1204890111, networkLocation: /default-rack, certSerialId: null} moved to stale state. Finalizing its pipelines [PipelineID=c8e27c4b-a266-4d8e-a8bc-7ec8158d626e, PipelineID=e048c973-63a2-4ef8-81a2-4658065892ad]
2019-07-14 16:44:17,773 INFO  pipeline.SCMPipelineManager (SCMPipelineManager.java:finalizeAndDestroyPipeline(309)) - destroying pipeline:Pipeline[ Id: c8e27c4b-a266-4d8e-a8bc-7ec8158d626e, Nodes: 9cd3a1db-b0fe-40bd-a539-64cc346e67f4{ip: 192.168.69.77, host: pr-hdds-1710-5x6jb-1204890111, networkLocation: /default-rack, certSerialId: null}, Type:RATIS, Factor:ONE, State:OPEN]
2019-07-14 16:44:17,773 INFO  pipeline.PipelineStateManager (PipelineStateManager.java:finalizePipeline(123)) - Pipeline Pipeline[ Id: c8e27c4b-a266-4d8e-a8bc-7ec8158d626e, Nodes: 9cd3a1db-b0fe-40bd-a539-64cc346e67f4{ip: 192.168.69.77, host: pr-hdds-1710-5x6jb-1204890111, networkLocation: /default-rack, certSerialId: null}, Type:RATIS, Factor:ONE, State:CLOSED] moved to CLOSED state
2019-07-14 16:44:17,773 INFO  pipeline.SCMPipelineManager (SCMPipelineManager.java:finalizeAndDestroyPipeline(309)) - destroying pipeline:Pipeline[ Id: e048c973-63a2-4ef8-81a2-4658065892ad, Nodes: 3cba4ce6-c4f5-4e1e-b7ad-40d7d1e29a4e{ip: 192.168.69.77, host: pr-hdds-1710-5x6jb-1204890111, networkLocation: /default-rack, certSerialId: null}9cd3a1db-b0fe-40bd-a539-64cc346e67f4{ip: 192.168.69.77, host: pr-hdds-1710-5x6jb-1204890111, networkLocation: /default-rack, certSerialId: null}9fd9e3e3-5262-496b-8df7-255f5916d7a3{ip: 192.168.69.77, host: pr-hdds-1710-5x6jb-1204890111, networkLocation: /default-rack, certSerialId: null}, Type:RATIS, Factor:THREE, State:CLOSED]
2019-07-14 16:44:17,880 INFO  impl.FollowerState (FollowerState.java:run(106)) - 3fc6d144-2164-4620-842a-05555e71ef77:group-49CCAA6B9368 changes to CANDIDATE, lastRpcTime:5114, electionTimeout:5114ms
2019-07-14 16:44:17,880 INFO  impl.RoleInfo (RoleInfo.java:shutdownFollowerState(121)) - 3fc6d144-2164-4620-842a-05555e71ef77: shutdown FollowerState
2019-07-14 16:44:17,880 INFO  impl.RaftServerImpl (RaftServerImpl.java:setRole(171)) - 3fc6d144-2164-4620-842a-05555e71ef77:group-49CCAA6B9368 changes role from FOLLOWER to CANDIDATE at term 0 for changeToCandidate
2019-07-14 16:44:17,880 INFO  impl.RoleInfo (RoleInfo.java:updateAndGet(143)) - 3fc6d144-2164-4620-842a-05555e71ef77: start LeaderElection
2019-07-14 16:44:17,914 INFO  impl.LeaderElection (LeaderElection.java:askForVotes(181)) - 3fc6d144-2164-4620-842a-05555e71ef77:group-49CCAA6B9368:LeaderElection64: begin an election at term 1 for -1: [3fc6d144-2164-4620-842a-05555e71ef77:192.168.69.77:46063], old=null
2019-07-14 16:44:17,914 INFO  impl.RoleInfo (RoleInfo.java:shutdownLeaderElection(134)) - 3fc6d144-2164-4620-842a-05555e71ef77: shutdown LeaderElection
2019-07-14 16:44:17,914 INFO  impl.RaftServerImpl (RaftServerImpl.java:setRole(171)) - 3fc6d144-2164-4620-842a-05555e71ef77:group-49CCAA6B9368 changes role from CANDIDATE to LEADER at term 1 for changeToLeader
2019-07-14 16:44:17,915 INFO  impl.RaftServerImpl (ServerState.java:setLeader(263)) - 3fc6d144-2164-4620-842a-05555e71ef77:group-49CCAA6B9368 change Leader from null to 3fc6d144-2164-4620-842a-05555e71ef77 at term 1 for becomeLeader, leader elected after 5154ms
2019-07-14 16:44:17,915 INFO  server.RaftServerConfigKeys (ConfUtils.java:logGet(43)) - raft.server.staging.catchup.gap = 1000 (default)
2019-07-14 16:44:17,915 INFO  server.RaftServerConfigKeys (ConfUtils.java:logGet(43)) - raft.server.rpc.sleep.time = 25ms (default)
2019-07-14 16:44:17,915 INFO  server.RaftServerConfigKeys (ConfUtils.java:logGet(43)) - raft.server.write.element-limit = 4096 (default)
2019-07-14 16:44:17,915 INFO  server.RaftServerConfigKeys (ConfUtils.java:logGet(43)) - raft.server.watch.timeout = 10s (default)
2019-07-14 16:44:17,915 INFO  server.RaftServerConfigKeys (ConfUtils.java:logGet(43)) - raft.server.watch.timeout.denomination = 1s (default)
2019-07-14 16:44:17,915 INFO  server.RaftServerConfigKeys (ConfUtils.java:logGet(43)) - raft.server.watch.element-limit = 65536 (default)
2019-07-14 16:44:17,916 INFO  impl.RoleInfo (RoleInfo.java:updateAndGet(143)) - 3fc6d144-2164-4620-842a-05555e71ef77: start LeaderState
2019-07-14 16:44:17,916 INFO  segmented.SegmentedRaftLogWorker (SegmentedRaftLogWorker.java:startLogSegment(380)) - 3fc6d144-2164-4620-842a-05555e71ef77-SegmentedRaftLogWorker:Storage Directory /workdir/hadoop-ozone/integration-test/target/test-dir/MiniOzoneClusterImpl-d93b8c70-40ee-4c69-8ae2-2a5fe4aff117/datanode-3/data/ratis/744422da-c75e-429a-808b-49ccaa6b9368: Starting segment from index:0
2019-07-14 16:44:17,917 INFO  impl.RaftServerImpl (ServerState.java:setRaftConf(361)) - 3fc6d144-2164-4620-842a-05555e71ef77:group-49CCAA6B9368 set configuration 0: [3fc6d144-2164-4620-842a-05555e71ef77:192.168.69.77:46063], old=null at 0
2019-07-14 16:44:17,947 INFO  segmented.SegmentedRaftLogWorker (SegmentedRaftLogWorker.java:execute(569)) - 3fc6d144-2164-4620-842a-05555e71ef77-SegmentedRaftLogWorker:Storage Directory /workdir/hadoop-ozone/integration-test/target/test-dir/MiniOzoneClusterImpl-d93b8c70-40ee-4c69-8ae2-2a5fe4aff117/datanode-3/data/ratis/744422da-c75e-429a-808b-49ccaa6b9368: created new log segment /workdir/hadoop-ozone/integration-test/target/test-dir/MiniOzoneClusterImpl-d93b8c70-40ee-4c69-8ae2-2a5fe4aff117/datanode-3/data/ratis/744422da-c75e-429a-808b-49ccaa6b9368/current/log_inprogress_0
2019-07-14 16:44:18,035 INFO  client.GrpcClientProtocolClient (GrpcClientProtocolClient.java:onNext(255)) - client-03DE08891396->68cffac9-a874-4e5f-b124-9271109b3fbb: receive RaftClientReply:client-03DE08891396->68cffac9-a874-4e5f-b124-9271109b3fbb@group-729AF35D5A68, cid=106, FAILED org.apache.ratis.protocol.NotLeaderException: Server 68cffac9-a874-4e5f-b124-9271109b3fbb is not the leader (null). Request must be sent to leader., logIndex=0, commits[68cffac9-a874-4e5f-b124-9271109b3fbb:c-1]
2019-07-14 16:44:18,065 INFO  pipeline.PipelineActionHandler (PipelineActionHandler.java:onMessage(60)) - Received pipeline action CLOSE for Pipeline[ Id: 1a438493-0a42-4579-a62b-5de829442d67, Nodes: 68a5dfdb-c74c-438f-a088-2062485c848e{ip: 192.168.69.77, host: pr-hdds-1710-5x6jb-1204890111, networkLocation: /default-rack, certSerialId: null}ce51f40e-6b80-4084-8b29-ef5c0bb939b1{ip: 192.168.69.77, host: pr-hdds-1710-5x6jb-1204890111, networkLocation: /default-rack, certSerialId: null}77d8bfd8-9417-42e4-b630-e55bb18b8339{ip: 192.168.69.77, host: pr-hdds-1710-5x6jb-1204890111, networkLocation: /default-rack, certSerialId: null}, Type:RATIS, Factor:THREE, State:CLOSED] from datanode [}
2019-07-14 16:44:18,065 INFO  pipeline.SCMPipelineManager (SCMPipelineManager.java:finalizeAndDestroyPipeline(309)) - destroying pipeline:Pipeline[ Id: 1a438493-0a42-4579-a62b-5de829442d67, Nodes: 68a5dfdb-c74c-438f-a088-2062485c848e{ip: 192.168.69.77, host: pr-hdds-1710-5x6jb-1204890111, networkLocation: /default-rack, certSerialId: null}ce51f40e-6b80-4084-8b29-ef5c0bb939b1{ip: 192.168.69.77, host: pr-hdds-1710-5x6jb-1204890111, networkLocation: /default-rack, certSerialId: null}77d8bfd8-9417-42e4-b630-e55bb18b8339{ip: 192.168.69.77, host: pr-hdds-1710-5x6jb-1204890111, networkLocation: /default-rack, certSerialId: null}, Type:RATIS, Factor:THREE, State:CLOSED]
2019-07-14 16:44:18,218 INFO  impl.FollowerState (FollowerState.java:run(106)) - 62071d59-5618-4717-8e7d-19a0122f7d2e:group-C0514FC814CC changes to CANDIDATE, lastRpcTime:5079, electionTimeout:5079ms
2019-07-14 16:44:18,218 INFO  impl.RoleInfo (RoleInfo.java:shutdownFollowerState(121)) - 62071d59-5618-4717-8e7d-19a0122f7d2e: shutdown FollowerState
2019-07-14 16:44:18,218 INFO  impl.RaftServerImpl (RaftServerImpl.java:setRole(171)) - 62071d59-5618-4717-8e7d-19a0122f7d2e:group-C0514FC814CC changes role from FOLLOWER to CANDIDATE at term 0 for changeToCandidate
2019-07-14 16:44:18,218 INFO  impl.RoleInfo (RoleInfo.java:updateAndGet(143)) - 62071d59-5618-4717-8e7d-19a0122f7d2e: start LeaderElection
2019-07-14 16:44:18,253 INFO  impl.LeaderElection (LeaderElection.java:askForVotes(181)) - 62071d59-5618-4717-8e7d-19a0122f7d2e:group-C0514FC814CC:LeaderElection65: begin an election at term 1 for -1: [62071d59-5618-4717-8e7d-19a0122f7d2e:192.168.69.77:37376], old=null
2019-07-14 16:44:18,253 INFO  impl.RoleInfo (RoleInfo.java:shutdownLeaderElection(134)) - 62071d59-5618-4717-8e7d-19a0122f7d2e: shutdown LeaderElection
2019-07-14 16:44:18,253 INFO  impl.RaftServerImpl (RaftServerImpl.java:setRole(171)) - 62071d59-5618-4717-8e7d-19a0122f7d2e:group-C0514FC814CC changes role from CANDIDATE to LEADER at term 1 for changeToLeader
2019-07-14 16:44:18,253 INFO  impl.RaftServerImpl (ServerState.java:setLeader(263)) - 62071d59-5618-4717-8e7d-19a0122f7d2e:group-C0514FC814CC change Leader from null to 62071d59-5618-4717-8e7d-19a0122f7d2e at term 1 for becomeLeader, leader elected after 5119ms
2019-07-14 16:44:18,254 INFO  server.RaftServerConfigKeys (ConfUtils.java:logGet(43)) - raft.server.staging.catchup.gap = 1000 (default)
2019-07-14 16:44:18,254 INFO  server.RaftServerConfigKeys (ConfUtils.java:logGet(43)) - raft.server.rpc.sleep.time = 25ms (default)
2019-07-14 16:44:18,254 INFO  server.RaftServerConfigKeys (ConfUtils.java:logGet(43)) - raft.server.write.element-limit = 4096 (default)
2019-07-14 16:44:18,254 INFO  server.RaftServerConfigKeys (ConfUtils.java:logGet(43)) - raft.server.watch.timeout = 10s (default)
2019-07-14 16:44:18,254 INFO  server.RaftServerConfigKeys (ConfUtils.java:logGet(43)) - raft.server.watch.timeout.denomination = 1s (default)
2019-07-14 16:44:18,254 INFO  server.RaftServerConfigKeys (ConfUtils.java:logGet(43)) - raft.server.watch.element-limit = 65536 (default)
2019-07-14 16:44:18,255 INFO  impl.RoleInfo (RoleInfo.java:updateAndGet(143)) - 62071d59-5618-4717-8e7d-19a0122f7d2e: start LeaderState
2019-07-14 16:44:18,255 INFO  segmented.SegmentedRaftLogWorker (SegmentedRaftLogWorker.java:startLogSegment(380)) - 62071d59-5618-4717-8e7d-19a0122f7d2e-SegmentedRaftLogWorker:Storage Directory /workdir/hadoop-ozone/integration-test/target/test-dir/MiniOzoneClusterImpl-d93b8c70-40ee-4c69-8ae2-2a5fe4aff117/datanode-4/data/ratis/445bb387-fbdf-415c-b156-c0514fc814cc: Starting segment from index:0
2019-07-14 16:44:18,255 INFO  impl.RaftServerImpl (ServerState.java:setRaftConf(361)) - 62071d59-5618-4717-8e7d-19a0122f7d2e:group-C0514FC814CC set configuration 0: [62071d59-5618-4717-8e7d-19a0122f7d2e:192.168.69.77:37376], old=null at 0
2019-07-14 16:44:18,285 INFO  segmented.SegmentedRaftLogWorker (SegmentedRaftLogWorker.java:execute(569)) - 62071d59-5618-4717-8e7d-19a0122f7d2e-SegmentedRaftLogWorker:Storage Directory /workdir/hadoop-ozone/integration-test/target/test-dir/MiniOzoneClusterImpl-d93b8c70-40ee-4c69-8ae2-2a5fe4aff117/datanode-4/data/ratis/445bb387-fbdf-415c-b156-c0514fc814cc: created new log segment /workdir/hadoop-ozone/integration-test/target/test-dir/MiniOzoneClusterImpl-d93b8c70-40ee-4c69-8ae2-2a5fe4aff117/datanode-4/data/ratis/445bb387-fbdf-415c-b156-c0514fc814cc/current/log_inprogress_0
2019-07-14 16:44:18,509 INFO  impl.FollowerState (FollowerState.java:run(106)) - bf216f1c-cf05-4aa2-b328-d60d799e2e7f:group-AF0B5B42BACC changes to CANDIDATE, lastRpcTime:5049, electionTimeout:5049ms
2019-07-14 16:44:18,510 INFO  impl.RoleInfo (RoleInfo.java:shutdownFollowerState(121)) - bf216f1c-cf05-4aa2-b328-d60d799e2e7f: shutdown FollowerState
2019-07-14 16:44:18,510 INFO  impl.RaftServerImpl (RaftServerImpl.java:setRole(171)) - bf216f1c-cf05-4aa2-b328-d60d799e2e7f:group-AF0B5B42BACC changes role from FOLLOWER to CANDIDATE at term 0 for changeToCandidate
2019-07-14 16:44:18,510 INFO  impl.RoleInfo (RoleInfo.java:updateAndGet(143)) - bf216f1c-cf05-4aa2-b328-d60d799e2e7f: start LeaderElection
2019-07-14 16:44:18,555 INFO  impl.FollowerState (FollowerState.java:run(106)) - 62071d59-5618-4717-8e7d-19a0122f7d2e:group-6BB1E278B96E changes to CANDIDATE, lastRpcTime:5029, electionTimeout:5028ms
2019-07-14 16:44:18,555 INFO  impl.RoleInfo (RoleInfo.java:shutdownFollowerState(121)) - 62071d59-5618-4717-8e7d-19a0122f7d2e: shutdown FollowerState
2019-07-14 16:44:18,555 INFO  impl.RaftServerImpl (RaftServerImpl.java:setRole(171)) - 62071d59-5618-4717-8e7d-19a0122f7d2e:group-6BB1E278B96E changes role from FOLLOWER to CANDIDATE at term 0 for changeToCandidate
2019-07-14 16:44:18,555 INFO  impl.RoleInfo (RoleInfo.java:updateAndGet(143)) - 62071d59-5618-4717-8e7d-19a0122f7d2e: start LeaderElection
2019-07-14 16:44:18,573 INFO  impl.LeaderElection (LeaderElection.java:askForVotes(181)) - bf216f1c-cf05-4aa2-b328-d60d799e2e7f:group-AF0B5B42BACC:LeaderElection66: begin an election at term 1 for -1: [bf216f1c-cf05-4aa2-b328-d60d799e2e7f:192.168.69.77:46261], old=null
2019-07-14 16:44:18,574 INFO  impl.RoleInfo (RoleInfo.java:shutdownLeaderElection(134)) - bf216f1c-cf05-4aa2-b328-d60d799e2e7f: shutdown LeaderElection
2019-07-14 16:44:18,574 INFO  impl.RaftServerImpl (RaftServerImpl.java:setRole(171)) - bf216f1c-cf05-4aa2-b328-d60d799e2e7f:group-AF0B5B42BACC changes role from CANDIDATE to LEADER at term 1 for changeToLeader
2019-07-14 16:44:18,574 INFO  impl.RaftServerImpl (ServerState.java:setLeader(263)) - bf216f1c-cf05-4aa2-b328-d60d799e2e7f:group-AF0B5B42BACC change Leader from null to bf216f1c-cf05-4aa2-b328-d60d799e2e7f at term 1 for becomeLeader, leader elected after 5118ms
2019-07-14 16:44:18,574 INFO  server.RaftServerConfigKeys (ConfUtils.java:logGet(43)) - raft.server.staging.catchup.gap = 1000 (default)
2019-07-14 16:44:18,574 INFO  server.RaftServerConfigKeys (ConfUtils.java:logGet(43)) - raft.server.rpc.sleep.time = 25ms (default)
2019-07-14 16:44:18,574 INFO  server.RaftServerConfigKeys (ConfUtils.java:logGet(43)) - raft.server.write.element-limit = 4096 (default)
2019-07-14 16:44:18,574 INFO  server.RaftServerConfigKeys (ConfUtils.java:logGet(43)) - raft.server.watch.timeout = 10s (default)
2019-07-14 16:44:18,575 INFO  server.RaftServerConfigKeys (ConfUtils.java:logGet(43)) - raft.server.watch.timeout.denomination = 1s (default)
2019-07-14 16:44:18,575 INFO  server.RaftServerConfigKeys (ConfUtils.java:logGet(43)) - raft.server.watch.element-limit = 65536 (default)
2019-07-14 16:44:18,575 INFO  impl.RoleInfo (RoleInfo.java:updateAndGet(143)) - bf216f1c-cf05-4aa2-b328-d60d799e2e7f: start LeaderState
2019-07-14 16:44:18,575 INFO  segmented.SegmentedRaftLogWorker (SegmentedRaftLogWorker.java:startLogSegment(380)) - bf216f1c-cf05-4aa2-b328-d60d799e2e7f-SegmentedRaftLogWorker:Storage Directory /workdir/hadoop-ozone/integration-test/target/test-dir/MiniOzoneClusterImpl-d93b8c70-40ee-4c69-8ae2-2a5fe4aff117/datanode-5/data/ratis/cee582fe-de65-4763-9fde-af0b5b42bacc: Starting segment from index:0
2019-07-14 16:44:18,576 INFO  impl.RaftServerImpl (ServerState.java:setRaftConf(361)) - bf216f1c-cf05-4aa2-b328-d60d799e2e7f:group-AF0B5B42BACC set configuration 0: [bf216f1c-cf05-4aa2-b328-d60d799e2e7f:192.168.69.77:46261], old=null at 0
2019-07-14 16:44:18,586 INFO  impl.LeaderElection (LeaderElection.java:askForVotes(181)) - 62071d59-5618-4717-8e7d-19a0122f7d2e:group-6BB1E278B96E:LeaderElection67: begin an election at term 1 for -1: [62071d59-5618-4717-8e7d-19a0122f7d2e:192.168.69.77:37376, bf216f1c-cf05-4aa2-b328-d60d799e2e7f:192.168.69.77:46261, 3fc6d144-2164-4620-842a-05555e71ef77:192.168.69.77:46063], old=null
2019-07-14 16:44:18,605 INFO  impl.RaftServerImpl (RaftServerImpl.java:setRole(171)) - bf216f1c-cf05-4aa2-b328-d60d799e2e7f:group-6BB1E278B96E changes role from FOLLOWER to FOLLOWER at term 1 for recognizeCandidate:62071d59-5618-4717-8e7d-19a0122f7d2e
2019-07-14 16:44:18,605 INFO  impl.RoleInfo (RoleInfo.java:shutdownFollowerState(121)) - bf216f1c-cf05-4aa2-b328-d60d799e2e7f: shutdown FollowerState
2019-07-14 16:44:18,606 INFO  impl.RoleInfo (RoleInfo.java:updateAndGet(143)) - bf216f1c-cf05-4aa2-b328-d60d799e2e7f: start FollowerState
2019-07-14 16:44:18,606 INFO  impl.FollowerState (FollowerState.java:run(114)) - bf216f1c-cf05-4aa2-b328-d60d799e2e7f: FollowerState was interrupted: java.lang.InterruptedException: sleep interrupted
2019-07-14 16:44:18,614 INFO  impl.RaftServerImpl (RaftServerImpl.java:setRole(171)) - 3fc6d144-2164-4620-842a-05555e71ef77:group-6BB1E278B96E changes role from FOLLOWER to FOLLOWER at term 1 for recognizeCandidate:62071d59-5618-4717-8e7d-19a0122f7d2e
2019-07-14 16:44:18,614 INFO  impl.RoleInfo (RoleInfo.java:shutdownFollowerState(121)) - 3fc6d144-2164-4620-842a-05555e71ef77: shutdown FollowerState
2019-07-14 16:44:18,614 INFO  impl.RoleInfo (RoleInfo.java:updateAndGet(143)) - 3fc6d144-2164-4620-842a-05555e71ef77: start FollowerState
2019-07-14 16:44:18,614 INFO  impl.FollowerState (FollowerState.java:run(114)) - 3fc6d144-2164-4620-842a-05555e71ef77: FollowerState was interrupted: java.lang.InterruptedException: sleep interrupted
2019-07-14 16:44:18,618 INFO  segmented.SegmentedRaftLogWorker (SegmentedRaftLogWorker.java:execute(569)) - bf216f1c-cf05-4aa2-b328-d60d799e2e7f-SegmentedRaftLogWorker:Storage Directory /workdir/hadoop-ozone/integration-test/target/test-dir/MiniOzoneClusterImpl-d93b8c70-40ee-4c69-8ae2-2a5fe4aff117/datanode-5/data/ratis/cee582fe-de65-4763-9fde-af0b5b42bacc: created new log segment /workdir/hadoop-ozone/integration-test/target/test-dir/MiniOzoneClusterImpl-d93b8c70-40ee-4c69-8ae2-2a5fe4aff117/datanode-5/data/ratis/cee582fe-de65-4763-9fde-af0b5b42bacc/current/log_inprogress_0
2019-07-14 16:44:18,620 INFO  impl.LeaderElection (LeaderElection.java:logAndReturn(56)) - 62071d59-5618-4717-8e7d-19a0122f7d2e:group-6BB1E278B96E:LeaderElection67: Election PASSED; received 1 response(s) [62071d59-5618-4717-8e7d-19a0122f7d2e<-3fc6d144-2164-4620-842a-05555e71ef77#0:OK-t1] and 0 exception(s); 62071d59-5618-4717-8e7d-19a0122f7d2e:t1, leader=null, voted=62071d59-5618-4717-8e7d-19a0122f7d2e, raftlog=62071d59-5618-4717-8e7d-19a0122f7d2e-SegmentedRaftLog:OPENED:c-1,f-1,i0, conf=-1: [62071d59-5618-4717-8e7d-19a0122f7d2e:192.168.69.77:37376, bf216f1c-cf05-4aa2-b328-d60d799e2e7f:192.168.69.77:46261, 3fc6d144-2164-4620-842a-05555e71ef77:192.168.69.77:46063], old=null
2019-07-14 16:44:18,620 INFO  impl.RoleInfo (RoleInfo.java:shutdownLeaderElection(134)) - 62071d59-5618-4717-8e7d-19a0122f7d2e: shutdown LeaderElection
2019-07-14 16:44:18,620 INFO  impl.RaftServerImpl (RaftServerImpl.java:setRole(171)) - 62071d59-5618-4717-8e7d-19a0122f7d2e:group-6BB1E278B96E changes role from CANDIDATE to LEADER at term 1 for changeToLeader
2019-07-14 16:44:18,620 INFO  impl.RaftServerImpl (ServerState.java:setLeader(263)) - 62071d59-5618-4717-8e7d-19a0122f7d2e:group-6BB1E278B96E change Leader from null to 62071d59-5618-4717-8e7d-19a0122f7d2e at term 1 for becomeLeader, leader elected after 5102ms
2019-07-14 16:44:18,620 INFO  server.RaftServerConfigKeys (ConfUtils.java:logGet(43)) - raft.server.staging.catchup.gap = 1000 (default)
2019-07-14 16:44:18,621 INFO  server.RaftServerConfigKeys (ConfUtils.java:logGet(43)) - raft.server.rpc.sleep.time = 25ms (default)
2019-07-14 16:44:18,621 INFO  server.RaftServerConfigKeys (ConfUtils.java:logGet(43)) - raft.server.write.element-limit = 4096 (default)
2019-07-14 16:44:18,621 INFO  server.RaftServerConfigKeys (ConfUtils.java:logGet(43)) - raft.server.watch.timeout = 10s (default)
2019-07-14 16:44:18,621 INFO  server.RaftServerConfigKeys (ConfUtils.java:logGet(43)) - raft.server.watch.timeout.denomination = 1s (default)
2019-07-14 16:44:18,621 INFO  server.RaftServerConfigKeys (ConfUtils.java:logGet(43)) - raft.server.watch.element-limit = 65536 (default)
2019-07-14 16:44:18,622 INFO  server.RaftServerConfigKeys (ConfUtils.java:logGet(43)) - raft.server.log.appender.snapshot.chunk.size.max = 16MB (=16777216) (default)
2019-07-14 16:44:18,622 INFO  server.RaftServerConfigKeys (ConfUtils.java:logGet(43)) - raft.server.log.appender.buffer.byte-limit = 33554432 (custom)
2019-07-14 16:44:18,622 INFO  server.RaftServerConfigKeys (ConfUtils.java:logGet(43)) - raft.server.log.appender.buffer.element-limit = 1 (custom)
2019-07-14 16:44:18,623 INFO  grpc.GrpcConfigKeys$Server (ConfUtils.java:logGet(43)) - raft.grpc.server.leader.outstanding.appends.max = 128 (default)
2019-07-14 16:44:18,623 INFO  server.RaftServerConfigKeys (ConfUtils.java:logGet(43)) - raft.server.rpc.request.timeout = 3000ms (default)
2019-07-14 16:44:18,623 INFO  server.RaftServerConfigKeys (ConfUtils.java:logGet(43)) - raft.server.log.appender.install.snapshot.enabled = false (custom)
2019-07-14 16:44:18,623 INFO  server.RaftServerConfigKeys (ConfUtils.java:logGet(43)) - raft.server.log.appender.snapshot.chunk.size.max = 16MB (=16777216) (default)
2019-07-14 16:44:18,624 INFO  server.RaftServerConfigKeys (ConfUtils.java:logGet(43)) - raft.server.log.appender.buffer.byte-limit = 33554432 (custom)
2019-07-14 16:44:18,624 INFO  server.RaftServerConfigKeys (ConfUtils.java:logGet(43)) - raft.server.log.appender.buffer.element-limit = 1 (custom)
2019-07-14 16:44:18,624 INFO  grpc.GrpcConfigKeys$Server (ConfUtils.java:logGet(43)) - raft.grpc.server.leader.outstanding.appends.max = 128 (default)
2019-07-14 16:44:18,624 INFO  server.RaftServerConfigKeys (ConfUtils.java:logGet(43)) - raft.server.rpc.request.timeout = 3000ms (default)
2019-07-14 16:44:18,625 INFO  server.RaftServerConfigKeys (ConfUtils.java:logGet(43)) - raft.server.log.appender.install.snapshot.enabled = false (custom)
2019-07-14 16:44:18,625 INFO  impl.RoleInfo (RoleInfo.java:updateAndGet(143)) - 62071d59-5618-4717-8e7d-19a0122f7d2e: start LeaderState
2019-07-14 16:44:18,625 INFO  segmented.SegmentedRaftLogWorker (SegmentedRaftLogWorker.java:startLogSegment(380)) - 62071d59-5618-4717-8e7d-19a0122f7d2e-SegmentedRaftLogWorker:Storage Directory /workdir/hadoop-ozone/integration-test/target/test-dir/MiniOzoneClusterImpl-d93b8c70-40ee-4c69-8ae2-2a5fe4aff117/datanode-4/data/ratis/ecbfdd01-7df2-4e1e-a3ab-6bb1e278b96e: Starting segment from index:0
2019-07-14 16:44:18,626 INFO  impl.RaftServerImpl (ServerState.java:setRaftConf(361)) - 62071d59-5618-4717-8e7d-19a0122f7d2e:group-6BB1E278B96E set configuration 0: [62071d59-5618-4717-8e7d-19a0122f7d2e:192.168.69.77:37376, bf216f1c-cf05-4aa2-b328-d60d799e2e7f:192.168.69.77:46261, 3fc6d144-2164-4620-842a-05555e71ef77:192.168.69.77:46063], old=null at 0
2019-07-14 16:44:18,653 INFO  impl.RaftServerImpl (ServerState.java:setLeader(263)) - 3fc6d144-2164-4620-842a-05555e71ef77:group-6BB1E278B96E change Leader from null to 62071d59-5618-4717-8e7d-19a0122f7d2e at term 1 for appendEntries, leader elected after 5135ms
2019-07-14 16:44:18,665 INFO  impl.RaftServerImpl (ServerState.java:setLeader(263)) - bf216f1c-cf05-4aa2-b328-d60d799e2e7f:group-6BB1E278B96E change Leader from null to 62071d59-5618-4717-8e7d-19a0122f7d2e at term 1 for appendEntries, leader elected after 5146ms
2019-07-14 16:44:18,666 INFO  segmented.SegmentedRaftLogWorker (SegmentedRaftLogWorker.java:execute(569)) - 62071d59-5618-4717-8e7d-19a0122f7d2e-SegmentedRaftLogWorker:Storage Directory /workdir/hadoop-ozone/integration-test/target/test-dir/MiniOzoneClusterImpl-d93b8c70-40ee-4c69-8ae2-2a5fe4aff117/datanode-4/data/ratis/ecbfdd01-7df2-4e1e-a3ab-6bb1e278b96e: created new log segment /workdir/hadoop-ozone/integration-test/target/test-dir/MiniOzoneClusterImpl-d93b8c70-40ee-4c69-8ae2-2a5fe4aff117/datanode-4/data/ratis/ecbfdd01-7df2-4e1e-a3ab-6bb1e278b96e/current/log_inprogress_0
2019-07-14 16:44:18,667 INFO  impl.RaftServerImpl (ServerState.java:setRaftConf(361)) - bf216f1c-cf05-4aa2-b328-d60d799e2e7f:group-6BB1E278B96E set configuration 0: [62071d59-5618-4717-8e7d-19a0122f7d2e:192.168.69.77:37376, bf216f1c-cf05-4aa2-b328-d60d799e2e7f:192.168.69.77:46261, 3fc6d144-2164-4620-842a-05555e71ef77:192.168.69.77:46063], old=null at 0
2019-07-14 16:44:18,667 INFO  impl.RaftServerImpl (ServerState.java:setRaftConf(361)) - 3fc6d144-2164-4620-842a-05555e71ef77:group-6BB1E278B96E set configuration 0: [62071d59-5618-4717-8e7d-19a0122f7d2e:192.168.69.77:37376, bf216f1c-cf05-4aa2-b328-d60d799e2e7f:192.168.69.77:46261, 3fc6d144-2164-4620-842a-05555e71ef77:192.168.69.77:46063], old=null at 0
2019-07-14 16:44:18,668 INFO  segmented.SegmentedRaftLogWorker (SegmentedRaftLogWorker.java:startLogSegment(380)) - bf216f1c-cf05-4aa2-b328-d60d799e2e7f-SegmentedRaftLogWorker:Storage Directory /workdir/hadoop-ozone/integration-test/target/test-dir/MiniOzoneClusterImpl-d93b8c70-40ee-4c69-8ae2-2a5fe4aff117/datanode-5/data/ratis/ecbfdd01-7df2-4e1e-a3ab-6bb1e278b96e: Starting segment from index:0
2019-07-14 16:44:18,668 INFO  segmented.SegmentedRaftLogWorker (SegmentedRaftLogWorker.java:startLogSegment(380)) - 3fc6d144-2164-4620-842a-05555e71ef77-SegmentedRaftLogWorker:Storage Directory /workdir/hadoop-ozone/integration-test/target/test-dir/MiniOzoneClusterImpl-d93b8c70-40ee-4c69-8ae2-2a5fe4aff117/datanode-3/data/ratis/ecbfdd01-7df2-4e1e-a3ab-6bb1e278b96e: Starting segment from index:0
2019-07-14 16:44:18,697 INFO  segmented.SegmentedRaftLogWorker (SegmentedRaftLogWorker.java:execute(569)) - 3fc6d144-2164-4620-842a-05555e71ef77-SegmentedRaftLogWorker:Storage Directory /workdir/hadoop-ozone/integration-test/target/test-dir/MiniOzoneClusterImpl-d93b8c70-40ee-4c69-8ae2-2a5fe4aff117/datanode-3/data/ratis/ecbfdd01-7df2-4e1e-a3ab-6bb1e278b96e: created new log segment /workdir/hadoop-ozone/integration-test/target/test-dir/MiniOzoneClusterImpl-d93b8c70-40ee-4c69-8ae2-2a5fe4aff117/datanode-3/data/ratis/ecbfdd01-7df2-4e1e-a3ab-6bb1e278b96e/current/log_inprogress_0
2019-07-14 16:44:18,697 INFO  segmented.SegmentedRaftLogWorker (SegmentedRaftLogWorker.java:execute(569)) - bf216f1c-cf05-4aa2-b328-d60d799e2e7f-SegmentedRaftLogWorker:Storage Directory /workdir/hadoop-ozone/integration-test/target/test-dir/MiniOzoneClusterImpl-d93b8c70-40ee-4c69-8ae2-2a5fe4aff117/datanode-5/data/ratis/ecbfdd01-7df2-4e1e-a3ab-6bb1e278b96e: created new log segment /workdir/hadoop-ozone/integration-test/target/test-dir/MiniOzoneClusterImpl-d93b8c70-40ee-4c69-8ae2-2a5fe4aff117/datanode-5/data/ratis/ecbfdd01-7df2-4e1e-a3ab-6bb1e278b96e/current/log_inprogress_0
2019-07-14 16:44:18,921 INFO  impl.FollowerState (FollowerState.java:run(106)) - ada8f62c-b819-487a-a073-c29d09ef8c5e:group-67E939B06FCB changes to CANDIDATE, lastRpcTime:5087, electionTimeout:5087ms
2019-07-14 16:44:18,922 INFO  impl.RoleInfo (RoleInfo.java:shutdownFollowerState(121)) - ada8f62c-b819-487a-a073-c29d09ef8c5e: shutdown FollowerState
2019-07-14 16:44:18,922 INFO  impl.RaftServerImpl (RaftServerImpl.java:setRole(171)) - ada8f62c-b819-487a-a073-c29d09ef8c5e:group-67E939B06FCB changes role from FOLLOWER to CANDIDATE at term 0 for changeToCandidate
2019-07-14 16:44:18,922 INFO  impl.RoleInfo (RoleInfo.java:updateAndGet(143)) - ada8f62c-b819-487a-a073-c29d09ef8c5e: start LeaderElection
2019-07-14 16:44:18,977 INFO  impl.LeaderElection (LeaderElection.java:askForVotes(181)) - ada8f62c-b819-487a-a073-c29d09ef8c5e:group-67E939B06FCB:LeaderElection68: begin an election at term 1 for -1: [ada8f62c-b819-487a-a073-c29d09ef8c5e:192.168.69.77:41225], old=null
2019-07-14 16:44:18,977 INFO  impl.RoleInfo (RoleInfo.java:shutdownLeaderElection(134)) - ada8f62c-b819-487a-a073-c29d09ef8c5e: shutdown LeaderElection
2019-07-14 16:44:18,977 INFO  impl.RaftServerImpl (RaftServerImpl.java:setRole(171)) - ada8f62c-b819-487a-a073-c29d09ef8c5e:group-67E939B06FCB changes role from CANDIDATE to LEADER at term 1 for changeToLeader
2019-07-14 16:44:18,977 INFO  impl.RaftServerImpl (ServerState.java:setLeader(263)) - ada8f62c-b819-487a-a073-c29d09ef8c5e:group-67E939B06FCB change Leader from null to ada8f62c-b819-487a-a073-c29d09ef8c5e at term 1 for becomeLeader, leader elected after 5153ms
2019-07-14 16:44:18,978 INFO  server.RaftServerConfigKeys (ConfUtils.java:logGet(43)) - raft.server.staging.catchup.gap = 1000 (default)
2019-07-14 16:44:18,978 INFO  server.RaftServerConfigKeys (ConfUtils.java:logGet(43)) - raft.server.rpc.sleep.time = 25ms (default)
2019-07-14 16:44:18,978 INFO  server.RaftServerConfigKeys (ConfUtils.java:logGet(43)) - raft.server.write.element-limit = 4096 (default)
2019-07-14 16:44:18,978 INFO  server.RaftServerConfigKeys (ConfUtils.java:logGet(43)) - raft.server.watch.timeout = 10s (default)
2019-07-14 16:44:18,978 INFO  server.RaftServerConfigKeys (ConfUtils.java:logGet(43)) - raft.server.watch.timeout.denomination = 1s (default)
2019-07-14 16:44:18,978 INFO  server.RaftServerConfigKeys (ConfUtils.java:logGet(43)) - raft.server.watch.element-limit = 65536 (default)
2019-07-14 16:44:18,979 INFO  impl.RoleInfo (RoleInfo.java:updateAndGet(143)) - ada8f62c-b819-487a-a073-c29d09ef8c5e: start LeaderState
2019-07-14 16:44:18,979 INFO  segmented.SegmentedRaftLogWorker (SegmentedRaftLogWorker.java:startLogSegment(380)) - ada8f62c-b819-487a-a073-c29d09ef8c5e-SegmentedRaftLogWorker:Storage Directory /workdir/hadoop-ozone/integration-test/target/test-dir/MiniOzoneClusterImpl-d93b8c70-40ee-4c69-8ae2-2a5fe4aff117/datanode-6/data/ratis/09189da2-3a8f-4b00-ab35-67e939b06fcb: Starting segment from index:0
2019-07-14 16:44:18,979 INFO  impl.RaftServerImpl (ServerState.java:setRaftConf(361)) - ada8f62c-b819-487a-a073-c29d09ef8c5e:group-67E939B06FCB set configuration 0: [ada8f62c-b819-487a-a073-c29d09ef8c5e:192.168.69.77:41225], old=null at 0
2019-07-14 16:44:19,005 INFO  segmented.SegmentedRaftLogWorker (SegmentedRaftLogWorker.java:execute(569)) - ada8f62c-b819-487a-a073-c29d09ef8c5e-SegmentedRaftLogWorker:Storage Directory /workdir/hadoop-ozone/integration-test/target/test-dir/MiniOzoneClusterImpl-d93b8c70-40ee-4c69-8ae2-2a5fe4aff117/datanode-6/data/ratis/09189da2-3a8f-4b00-ab35-67e939b06fcb: created new log segment /workdir/hadoop-ozone/integration-test/target/test-dir/MiniOzoneClusterImpl-d93b8c70-40ee-4c69-8ae2-2a5fe4aff117/datanode-6/data/ratis/09189da2-3a8f-4b00-ab35-67e939b06fcb/current/log_inprogress_0
2019-07-14 16:44:19,070 INFO  client.GrpcClientProtocolClient (GrpcClientProtocolClient.java:onNext(255)) - client-03DE08891396->e7da1c13-0d41-4ca7-9ecc-eebbf8fef67a: receive RaftClientReply:client-03DE08891396->e7da1c13-0d41-4ca7-9ecc-eebbf8fef67a@group-729AF35D5A68, cid=106, FAILED org.apache.ratis.protocol.NotLeaderException: Server e7da1c13-0d41-4ca7-9ecc-eebbf8fef67a is not the leader (null). Request must be sent to leader., logIndex=0, commits[e7da1c13-0d41-4ca7-9ecc-eebbf8fef67a:c-1]
2019-07-14 16:44:19,460 WARN  server.GrpcLogAppender (LogUtils.java:warn(134)) - 77d8bfd8-9417-42e4-b630-e55bb18b8339->ce51f40e-6b80-4084-8b29-ef5c0bb939b1: Failed appendEntries: org.apache.ratis.thirdparty.io.grpc.StatusRuntimeException: UNAVAILABLE: io exception
2019-07-14 16:44:19,461 INFO  impl.FollowerInfo (FollowerInfo.java:lambda$new$0(50)) - 77d8bfd8-9417-42e4-b630-e55bb18b8339->ce51f40e-6b80-4084-8b29-ef5c0bb939b1: nextIndex: updateUnconditionally 0 -> 0
2019-07-14 16:44:19,569 WARN  server.GrpcLogAppender (LogUtils.java:warn(134)) - 77d8bfd8-9417-42e4-b630-e55bb18b8339->68a5dfdb-c74c-438f-a088-2062485c848e: Failed appendEntries: org.apache.ratis.thirdparty.io.grpc.StatusRuntimeException: UNAVAILABLE: io exception
2019-07-14 16:44:19,569 INFO  impl.FollowerInfo (FollowerInfo.java:lambda$new$0(50)) - 77d8bfd8-9417-42e4-b630-e55bb18b8339->68a5dfdb-c74c-438f-a088-2062485c848e: nextIndex: updateUnconditionally 0 -> 0
2019-07-14 16:44:20,049 WARN  server.GrpcLogAppender (LogUtils.java:warn(134)) - 9fd9e3e3-5262-496b-8df7-255f5916d7a3->3cba4ce6-c4f5-4e1e-b7ad-40d7d1e29a4e: Failed appendEntries: org.apache.ratis.thirdparty.io.grpc.StatusRuntimeException: UNAVAILABLE: io exception
2019-07-14 16:44:20,049 WARN  server.GrpcLogAppender (LogUtils.java:warn(134)) - 9fd9e3e3-5262-496b-8df7-255f5916d7a3->9cd3a1db-b0fe-40bd-a539-64cc346e67f4: Failed appendEntries: org.apache.ratis.thirdparty.io.grpc.StatusRuntimeException: UNAVAILABLE: io exception
2019-07-14 16:44:20,049 INFO  impl.FollowerInfo (FollowerInfo.java:lambda$new$0(50)) - 9fd9e3e3-5262-496b-8df7-255f5916d7a3->3cba4ce6-c4f5-4e1e-b7ad-40d7d1e29a4e: nextIndex: updateUnconditionally 0 -> 0
2019-07-14 16:44:20,049 INFO  impl.FollowerInfo (FollowerInfo.java:lambda$new$0(50)) - 9fd9e3e3-5262-496b-8df7-255f5916d7a3->9cd3a1db-b0fe-40bd-a539-64cc346e67f4: nextIndex: updateUnconditionally 0 -> 0
2019-07-14 16:44:20,071 INFO  pipeline.PipelineActionHandler (PipelineActionHandler.java:onMessage(60)) - Received pipeline action CLOSE for Pipeline[ Id: 1a438493-0a42-4579-a62b-5de829442d67, Nodes: 68a5dfdb-c74c-438f-a088-2062485c848e{ip: 192.168.69.77, host: pr-hdds-1710-5x6jb-1204890111, networkLocation: /default-rack, certSerialId: null}ce51f40e-6b80-4084-8b29-ef5c0bb939b1{ip: 192.168.69.77, host: pr-hdds-1710-5x6jb-1204890111, networkLocation: /default-rack, certSerialId: null}77d8bfd8-9417-42e4-b630-e55bb18b8339{ip: 192.168.69.77, host: pr-hdds-1710-5x6jb-1204890111, networkLocation: /default-rack, certSerialId: null}, Type:RATIS, Factor:THREE, State:CLOSED] from datanode [}
2019-07-14 16:44:20,071 INFO  pipeline.SCMPipelineManager (SCMPipelineManager.java:finalizeAndDestroyPipeline(309)) - destroying pipeline:Pipeline[ Id: 1a438493-0a42-4579-a62b-5de829442d67, Nodes: 68a5dfdb-c74c-438f-a088-2062485c848e{ip: 192.168.69.77, host: pr-hdds-1710-5x6jb-1204890111, networkLocation: /default-rack, certSerialId: null}ce51f40e-6b80-4084-8b29-ef5c0bb939b1{ip: 192.168.69.77, host: pr-hdds-1710-5x6jb-1204890111, networkLocation: /default-rack, certSerialId: null}77d8bfd8-9417-42e4-b630-e55bb18b8339{ip: 192.168.69.77, host: pr-hdds-1710-5x6jb-1204890111, networkLocation: /default-rack, certSerialId: null}, Type:RATIS, Factor:THREE, State:CLOSED]
2019-07-14 16:44:20,100 INFO  client.GrpcClientProtocolClient (GrpcClientProtocolClient.java:onNext(255)) - client-03DE08891396->68cffac9-a874-4e5f-b124-9271109b3fbb: receive RaftClientReply:client-03DE08891396->68cffac9-a874-4e5f-b124-9271109b3fbb@group-729AF35D5A68, cid=106, FAILED org.apache.ratis.protocol.NotLeaderException: Server 68cffac9-a874-4e5f-b124-9271109b3fbb is not the leader (null). Request must be sent to leader., logIndex=0, commits[68cffac9-a874-4e5f-b124-9271109b3fbb:c-1]
2019-07-14 16:44:21,153 INFO  client.GrpcClientProtocolClient (GrpcClientProtocolClient.java:onNext(255)) - client-03DE08891396->5636bbf6-dda5-41ae-a18f-e64dd1f75d98: receive RaftClientReply:client-03DE08891396->5636bbf6-dda5-41ae-a18f-e64dd1f75d98@group-729AF35D5A68, cid=106, FAILED org.apache.ratis.protocol.NotLeaderException: Server 5636bbf6-dda5-41ae-a18f-e64dd1f75d98 is not the leader (null). Request must be sent to leader., logIndex=0, commits[5636bbf6-dda5-41ae-a18f-e64dd1f75d98:c-1]
]]></system-out>
    <system-err><![CDATA[Jul 14, 2019 4:44:04 PM org.apache.ratis.thirdparty.io.grpc.internal.ManagedChannelOrphanWrapper$ManagedChannelReference cleanQueue
SEVERE: *~*~*~ Channel ManagedChannelImpl{logId=1538, target=192.168.69.77:40630} was not shutdown properly!!! ~*~*~*
    Make sure to call shutdown()/shutdownNow() and wait until awaitTermination() returns true.
java.lang.RuntimeException: ManagedChannel allocation site
	at org.apache.ratis.thirdparty.io.grpc.internal.ManagedChannelOrphanWrapper$ManagedChannelReference.<init>(ManagedChannelOrphanWrapper.java:103)
	at org.apache.ratis.thirdparty.io.grpc.internal.ManagedChannelOrphanWrapper.<init>(ManagedChannelOrphanWrapper.java:53)
	at org.apache.ratis.thirdparty.io.grpc.internal.ManagedChannelOrphanWrapper.<init>(ManagedChannelOrphanWrapper.java:44)
	at org.apache.ratis.thirdparty.io.grpc.internal.AbstractManagedChannelImplBuilder.build(AbstractManagedChannelImplBuilder.java:411)
	at org.apache.ratis.grpc.client.GrpcClientProtocolClient.<init>(GrpcClientProtocolClient.java:119)
	at org.apache.ratis.grpc.client.GrpcClientRpc.lambda$new$0(GrpcClientRpc.java:55)
	at org.apache.ratis.util.PeerProxyMap$PeerAndProxy.lambda$getProxy$0(PeerProxyMap.java:61)
	at org.apache.ratis.util.LifeCycle.startAndTransition(LifeCycle.java:202)
	at org.apache.ratis.util.PeerProxyMap$PeerAndProxy.getProxy(PeerProxyMap.java:60)
	at org.apache.ratis.util.PeerProxyMap.getProxy(PeerProxyMap.java:107)
	at org.apache.ratis.grpc.client.GrpcClientRpc.sendRequestAsyncUnordered(GrpcClientRpc.java:78)
	at org.apache.ratis.client.impl.UnorderedAsync.sendRequestWithRetry(UnorderedAsync.java:75)
	at org.apache.ratis.client.impl.UnorderedAsync.lambda$null$2(UnorderedAsync.java:120)
	at org.apache.ratis.util.TimeoutScheduler.lambda$onTimeout$0(TimeoutScheduler.java:85)
	at org.apache.ratis.util.TimeoutScheduler.lambda$onTimeout$1(TimeoutScheduler.java:104)
	at org.apache.ratis.util.LogUtils.runAndLog(LogUtils.java:50)
	at org.apache.ratis.util.LogUtils$1.run(LogUtils.java:91)
	at java.util.concurrent.Executors$RunnableAdapter.call(Executors.java:511)
	at java.util.concurrent.FutureTask.run(FutureTask.java:266)
	at java.util.concurrent.ScheduledThreadPoolExecutor$ScheduledFutureTask.access$201(ScheduledThreadPoolExecutor.java:180)
	at java.util.concurrent.ScheduledThreadPoolExecutor$ScheduledFutureTask.run(ScheduledThreadPoolExecutor.java:293)
	at java.util.concurrent.ThreadPoolExecutor.runWorker(ThreadPoolExecutor.java:1149)
	at java.util.concurrent.ThreadPoolExecutor$Worker.run(ThreadPoolExecutor.java:624)
	at java.lang.Thread.run(Thread.java:748)

Jul 14, 2019 4:44:07 PM com.sun.jersey.server.impl.application.WebApplicationImpl _initiate
INFO: Initiating Jersey application, version 'Jersey: 1.19 02/11/2015 03:25 AM'
Jul 14, 2019 4:44:07 PM com.sun.jersey.server.impl.application.WebApplicationImpl _initiate
INFO: Initiating Jersey application, version 'Jersey: 1.19 02/11/2015 03:25 AM'
Jul 14, 2019 4:44:08 PM com.sun.jersey.server.impl.application.WebApplicationImpl _initiate
INFO: Initiating Jersey application, version 'Jersey: 1.19 02/11/2015 03:25 AM'
Jul 14, 2019 4:44:08 PM com.sun.jersey.server.impl.application.WebApplicationImpl _initiate
INFO: Initiating Jersey application, version 'Jersey: 1.19 02/11/2015 03:25 AM'
Jul 14, 2019 4:44:08 PM com.sun.jersey.server.impl.application.WebApplicationImpl _initiate
INFO: Initiating Jersey application, version 'Jersey: 1.19 02/11/2015 03:25 AM'
Jul 14, 2019 4:44:09 PM com.sun.jersey.server.impl.application.WebApplicationImpl _initiate
INFO: Initiating Jersey application, version 'Jersey: 1.19 02/11/2015 03:25 AM'
Jul 14, 2019 4:44:09 PM com.sun.jersey.server.impl.application.WebApplicationImpl _initiate
INFO: Initiating Jersey application, version 'Jersey: 1.19 02/11/2015 03:25 AM'
]]></system-err>
  </testcase>
</testsuite>