<?xml version="1.0" encoding="UTF-8"?>
<testsuite xmlns:xsi="http://www.w3.org/2001/XMLSchema-instance" xsi:noNamespaceSchemaLocation="https://maven.apache.org/surefire/maven-surefire-plugin/xsd/surefire-test-report.xsd" name="org.apache.hadoop.ozone.client.rpc.TestHybridPipelineOnDatanode" time="33.093" tests="1" errors="1" skipped="0" failures="0">
  <properties>
    <property name="awt.toolkit" value="sun.awt.X11.XToolkit"/>
    <property name="file.encoding.pkg" value="sun.io"/>
    <property name="java.specification.version" value="1.8"/>
    <property name="sun.cpu.isalist" value=""/>
    <property name="sun.jnu.encoding" value="UTF-8"/>
    <property name="java.class.path" value="/workdir/hadoop-ozone/integration-test/target/test-classes:/workdir/hadoop-ozone/integration-test/target/classes:/home/user/.m2/repository/org/apache/hadoop/hadoop-ozone-common/0.5.0-SNAPSHOT/hadoop-ozone-common-0.5.0-SNAPSHOT.jar:/home/user/.m2/repository/org/apache/commons/commons-compress/1.4.1/commons-compress-1.4.1.jar:/home/user/.m2/repository/org/tukaani/xz/1.0/xz-1.0.jar:/home/user/.m2/repository/org/apache/hadoop/hadoop-common/3.2.0/hadoop-common-3.2.0.jar:/home/user/.m2/repository/org/apache/hadoop/hadoop-hdfs/3.2.0/hadoop-hdfs-3.2.0.jar:/home/user/.m2/repository/org/apache/hadoop/hadoop-hdfs-client/3.2.0/hadoop-hdfs-client-3.2.0.jar:/home/user/.m2/repository/com/fasterxml/jackson/core/jackson-annotations/2.9.5/jackson-annotations-2.9.5.jar:/home/user/.m2/repository/org/apache/hadoop/hadoop-hdds-common/0.5.0-SNAPSHOT/hadoop-hdds-common-0.5.0-SNAPSHOT.jar:/home/user/.m2/repository/javax/annotation/javax.annotation-api/1.2/javax.annotation-api-1.2.jar:/home/user/.m2/repository/org/apache/ratis/ratis-server/0.4.0-2337318-SNAPSHOT/ratis-server-0.4.0-2337318-SNAPSHOT.jar:/home/user/.m2/repository/org/apache/ratis/ratis-thirdparty-misc/0.2.0/ratis-thirdparty-misc-0.2.0.jar:/home/user/.m2/repository/org/apache/ratis/ratis-proto/0.4.0-2337318-SNAPSHOT/ratis-proto-0.4.0-2337318-SNAPSHOT.jar:/home/user/.m2/repository/org/apache/ratis/ratis-common/0.4.0-2337318-SNAPSHOT/ratis-common-0.4.0-2337318-SNAPSHOT.jar:/home/user/.m2/repository/org/apache/ratis/ratis-client/0.4.0-2337318-SNAPSHOT/ratis-client-0.4.0-2337318-SNAPSHOT.jar:/home/user/.m2/repository/org/apache/ratis/ratis-metrics/0.4.0-2337318-SNAPSHOT/ratis-metrics-0.4.0-2337318-SNAPSHOT.jar:/home/user/.m2/repository/org/apache/ratis/ratis-netty/0.4.0-2337318-SNAPSHOT/ratis-netty-0.4.0-2337318-SNAPSHOT.jar:/home/user/.m2/repository/org/apache/ratis/ratis-grpc/0.4.0-2337318-SNAPSHOT/ratis-grpc-0.4.0-2337318-SNAPSHOT.jar:/home/user/.m2/repository/org/rocksdb/rocksdbjni/6.0.1/rocksdbjni-6.0.1.jar:/home/user/.m2/repository/org/apache/logging/log4j/log4j-api/2.11.0/log4j-api-2.11.0.jar:/home/user/.m2/repository/org/apache/logging/log4j/log4j-core/2.11.0/log4j-core-2.11.0.jar:/home/user/.m2/repository/com/lmax/disruptor/3.4.2/disruptor-3.4.2.jar:/home/user/.m2/repository/org/apache/commons/commons-pool2/2.6.0/commons-pool2-2.6.0.jar:/home/user/.m2/repository/org/bouncycastle/bcpkix-jdk15on/1.60/bcpkix-jdk15on-1.60.jar:/home/user/.m2/repository/commons-validator/commons-validator/1.6/commons-validator-1.6.jar:/home/user/.m2/repository/commons-digester/commons-digester/1.8.1/commons-digester-1.8.1.jar:/home/user/.m2/repository/io/jaegertracing/jaeger-client/0.33.1/jaeger-client-0.33.1.jar:/home/user/.m2/repository/io/jaegertracing/jaeger-thrift/0.33.1/jaeger-thrift-0.33.1.jar:/home/user/.m2/repository/org/apache/thrift/libthrift/0.11.0/libthrift-0.11.0.jar:/home/user/.m2/repository/com/squareup/okhttp3/okhttp/3.9.0/okhttp-3.9.0.jar:/home/user/.m2/repository/com/squareup/okio/okio/1.13.0/okio-1.13.0.jar:/home/user/.m2/repository/io/jaegertracing/jaeger-core/0.33.1/jaeger-core-0.33.1.jar:/home/user/.m2/repository/io/jaegertracing/jaeger-tracerresolver/0.33.1/jaeger-tracerresolver-0.33.1.jar:/home/user/.m2/repository/io/opentracing/contrib/opentracing-tracerresolver/0.1.5/opentracing-tracerresolver-0.1.5.jar:/home/user/.m2/repository/io/opentracing/opentracing-util/0.31.0/opentracing-util-0.31.0.jar:/home/user/.m2/repository/io/opentracing/opentracing-api/0.31.0/opentracing-api-0.31.0.jar:/home/user/.m2/repository/io/opentracing/opentracing-noop/0.31.0/opentracing-noop-0.31.0.jar:/home/user/.m2/repository/org/apache/hadoop/hadoop-hdds-server-framework/0.5.0-SNAPSHOT/hadoop-hdds-server-framework-0.5.0-SNAPSHOT.jar:/home/user/.m2/repository/org/apache/hadoop/hadoop-hdds-container-service/0.5.0-SNAPSHOT/hadoop-hdds-container-service-0.5.0-SNAPSHOT.jar:/home/user/.m2/repository/org/apache/hadoop/hadoop-hdds-client/0.5.0-SNAPSHOT/hadoop-hdds-client-0.5.0-SNAPSHOT.jar:/home/user/.m2/repository/org/apache/hadoop/hadoop-hdds-tools/0.5.0-SNAPSHOT/hadoop-hdds-tools-0.5.0-SNAPSHOT.jar:/home/user/.m2/repository/org/apache/hadoop/hadoop-hdds-server-scm/0.5.0-SNAPSHOT/hadoop-hdds-server-scm-0.5.0-SNAPSHOT.jar:/home/user/.m2/repository/org/apache/hadoop/hadoop-hdds-docs/0.5.0-SNAPSHOT/hadoop-hdds-docs-0.5.0-SNAPSHOT.jar:/home/user/.m2/repository/io/dropwizard/metrics/metrics-core/3.2.4/metrics-core-3.2.4.jar:/home/user/.m2/repository/org/hamcrest/hamcrest-all/1.3/hamcrest-all-1.3.jar:/home/user/.m2/repository/org/bouncycastle/bcprov-jdk15on/1.60/bcprov-jdk15on-1.60.jar:/home/user/.m2/repository/info/picocli/picocli/3.9.6/picocli-3.9.6.jar:/home/user/.m2/repository/com/google/protobuf/protobuf-java/2.5.0/protobuf-java-2.5.0.jar:/home/user/.m2/repository/com/google/guava/guava/11.0.2/guava-11.0.2.jar:/home/user/.m2/repository/org/apache/hadoop/hadoop-ozone-ozone-manager/0.5.0-SNAPSHOT/hadoop-ozone-ozone-manager-0.5.0-SNAPSHOT.jar:/home/user/.m2/repository/org/apache/hadoop/hadoop-minikdc/3.2.0/hadoop-minikdc-3.2.0.jar:/home/user/.m2/repository/commons-io/commons-io/2.5/commons-io-2.5.jar:/home/user/.m2/repository/org/apache/kerby/kerb-simplekdc/1.0.1/kerb-simplekdc-1.0.1.jar:/home/user/.m2/repository/org/apache/kerby/kerb-client/1.0.1/kerb-client-1.0.1.jar:/home/user/.m2/repository/org/apache/kerby/kerby-config/1.0.1/kerby-config-1.0.1.jar:/home/user/.m2/repository/org/apache/kerby/kerb-core/1.0.1/kerb-core-1.0.1.jar:/home/user/.m2/repository/org/apache/kerby/kerby-pkix/1.0.1/kerby-pkix-1.0.1.jar:/home/user/.m2/repository/org/apache/kerby/kerby-asn1/1.0.1/kerby-asn1-1.0.1.jar:/home/user/.m2/repository/org/apache/kerby/kerby-util/1.0.1/kerby-util-1.0.1.jar:/home/user/.m2/repository/org/apache/kerby/kerb-common/1.0.1/kerb-common-1.0.1.jar:/home/user/.m2/repository/org/apache/kerby/kerb-crypto/1.0.1/kerb-crypto-1.0.1.jar:/home/user/.m2/repository/org/apache/kerby/kerb-util/1.0.1/kerb-util-1.0.1.jar:/home/user/.m2/repository/org/apache/kerby/token-provider/1.0.1/token-provider-1.0.1.jar:/home/user/.m2/repository/org/apache/kerby/kerb-admin/1.0.1/kerb-admin-1.0.1.jar:/home/user/.m2/repository/org/apache/kerby/kerb-server/1.0.1/kerb-server-1.0.1.jar:/home/user/.m2/repository/org/apache/kerby/kerb-identity/1.0.1/kerb-identity-1.0.1.jar:/home/user/.m2/repository/org/apache/kerby/kerby-xdr/1.0.1/kerby-xdr-1.0.1.jar:/home/user/.m2/repository/org/slf4j/slf4j-log4j12/1.7.25/slf4j-log4j12-1.7.25.jar:/home/user/.m2/repository/org/apache/hadoop/hadoop-ozone-objectstore-service/0.5.0-SNAPSHOT/hadoop-ozone-objectstore-service-0.5.0-SNAPSHOT.jar:/home/user/.m2/repository/org/apache/hadoop/hadoop-ozone-s3gateway/0.5.0-SNAPSHOT/hadoop-ozone-s3gateway-0.5.0-SNAPSHOT.jar:/home/user/.m2/repository/org/jboss/weld/servlet/weld-servlet/2.4.7.Final/weld-servlet-2.4.7.Final.jar:/home/user/.m2/repository/org/glassfish/jersey/containers/jersey-container-servlet-core/2.27/jersey-container-servlet-core-2.27.jar:/home/user/.m2/repository/org/glassfish/hk2/external/javax.inject/2.5.0-b42/javax.inject-2.5.0-b42.jar:/home/user/.m2/repository/org/glassfish/jersey/core/jersey-common/2.27/jersey-common-2.27.jar:/home/user/.m2/repository/org/glassfish/hk2/osgi-resource-locator/1.0.1/osgi-resource-locator-1.0.1.jar:/home/user/.m2/repository/javax/ws/rs/javax.ws.rs-api/2.1/javax.ws.rs-api-2.1.jar:/home/user/.m2/repository/org/glassfish/jersey/ext/cdi/jersey-cdi1x/2.27/jersey-cdi1x-2.27.jar:/home/user/.m2/repository/org/glassfish/jersey/inject/jersey-hk2/2.27/jersey-hk2-2.27.jar:/home/user/.m2/repository/org/glassfish/hk2/hk2-locator/2.5.0-b42/hk2-locator-2.5.0-b42.jar:/home/user/.m2/repository/org/javassist/javassist/3.22.0-CR2/javassist-3.22.0-CR2.jar:/home/user/.m2/repository/org/glassfish/hk2/hk2-api/2.5.0/hk2-api-2.5.0.jar:/home/user/.m2/repository/org/glassfish/hk2/external/jakarta.inject/2.5.0/jakarta.inject-2.5.0.jar:/home/user/.m2/repository/org/glassfish/hk2/hk2-utils/2.5.0/hk2-utils-2.5.0.jar:/home/user/.m2/repository/jakarta/annotation/jakarta.annotation-api/1.3.4/jakarta.annotation-api-1.3.4.jar:/home/user/.m2/repository/org/glassfish/hk2/external/aopalliance-repackaged/2.5.0/aopalliance-repackaged-2.5.0.jar:/home/user/.m2/repository/com/fasterxml/jackson/dataformat/jackson-dataformat-xml/2.9.0/jackson-dataformat-xml-2.9.0.jar:/home/user/.m2/repository/com/fasterxml/jackson/core/jackson-core/2.9.5/jackson-core-2.9.5.jar:/home/user/.m2/repository/com/fasterxml/jackson/module/jackson-module-jaxb-annotations/2.9.5/jackson-module-jaxb-annotations-2.9.5.jar:/home/user/.m2/repository/javax/enterprise/cdi-api/1.2/cdi-api-1.2.jar:/home/user/.m2/repository/javax/el/javax.el-api/3.0.0/javax.el-api-3.0.0.jar:/home/user/.m2/repository/javax/interceptor/javax.interceptor-api/1.2/javax.interceptor-api-1.2.jar:/home/user/.m2/repository/javax/inject/javax.inject/1/javax.inject-1.jar:/home/user/.m2/repository/com/sun/xml/bind/jaxb-impl/2.3.0.1/jaxb-impl-2.3.0.1.jar:/home/user/.m2/repository/com/sun/xml/bind/jaxb-core/2.3.0.1/jaxb-core-2.3.0.1.jar:/home/user/.m2/repository/javax/xml/bind/jaxb-api/2.3.0/jaxb-api-2.3.0.jar:/home/user/.m2/repository/javax/activation/activation/1.1.1/activation-1.1.1.jar:/home/user/.m2/repository/org/apache/hadoop/hadoop-ozone-csi/0.5.0-SNAPSHOT/hadoop-ozone-csi-0.5.0-SNAPSHOT.jar:/home/user/.m2/repository/com/google/protobuf/protobuf-java-util/3.5.1/protobuf-java-util-3.5.1.jar:/home/user/.m2/repository/org/apache/hadoop/hadoop-hdds-config/0.5.0-SNAPSHOT/hadoop-hdds-config-0.5.0-SNAPSHOT.jar:/home/user/.m2/repository/io/grpc/grpc-netty/1.17.1/grpc-netty-1.17.1.jar:/home/user/.m2/repository/io/grpc/grpc-core/1.17.1/grpc-core-1.17.1.jar:/home/user/.m2/repository/io/grpc/grpc-context/1.17.1/grpc-context-1.17.1.jar:/home/user/.m2/repository/com/google/errorprone/error_prone_annotations/2.2.0/error_prone_annotations-2.2.0.jar:/home/user/.m2/repository/org/codehaus/mojo/animal-sniffer-annotations/1.17/animal-sniffer-annotations-1.17.jar:/home/user/.m2/repository/io/opencensus/opencensus-api/0.17.0/opencensus-api-0.17.0.jar:/home/user/.m2/repository/io/opencensus/opencensus-contrib-grpc-metrics/0.17.0/opencensus-contrib-grpc-metrics-0.17.0.jar:/home/user/.m2/repository/io/netty/netty-codec-http2/4.1.30.Final/netty-codec-http2-4.1.30.Final.jar:/home/user/.m2/repository/io/netty/netty-codec-http/4.1.30.Final/netty-codec-http-4.1.30.Final.jar:/home/user/.m2/repository/io/netty/netty-codec/4.1.30.Final/netty-codec-4.1.30.Final.jar:/home/user/.m2/repository/io/netty/netty-handler/4.1.30.Final/netty-handler-4.1.30.Final.jar:/home/user/.m2/repository/io/netty/netty-handler-proxy/4.1.30.Final/netty-handler-proxy-4.1.30.Final.jar:/home/user/.m2/repository/io/netty/netty-codec-socks/4.1.30.Final/netty-codec-socks-4.1.30.Final.jar:/home/user/.m2/repository/io/netty/netty-transport-native-epoll/4.1.30.Final/netty-transport-native-epoll-4.1.30.Final.jar:/home/user/.m2/repository/io/netty/netty-common/4.1.30.Final/netty-common-4.1.30.Final.jar:/home/user/.m2/repository/io/netty/netty-buffer/4.1.30.Final/netty-buffer-4.1.30.Final.jar:/home/user/.m2/repository/io/netty/netty-transport/4.1.30.Final/netty-transport-4.1.30.Final.jar:/home/user/.m2/repository/io/netty/netty-resolver/4.1.30.Final/netty-resolver-4.1.30.Final.jar:/home/user/.m2/repository/io/netty/netty-transport-native-unix-common/4.1.30.Final/netty-transport-native-unix-common-4.1.30.Final.jar:/home/user/.m2/repository/io/grpc/grpc-protobuf/1.17.1/grpc-protobuf-1.17.1.jar:/home/user/.m2/repository/com/google/api/grpc/proto-google-common-protos/1.0.0/proto-google-common-protos-1.0.0.jar:/home/user/.m2/repository/io/grpc/grpc-protobuf-lite/1.17.1/grpc-protobuf-lite-1.17.1.jar:/home/user/.m2/repository/io/grpc/grpc-stub/1.17.1/grpc-stub-1.17.1.jar:/home/user/.m2/repository/org/apache/hadoop/hadoop-ozone-recon/0.5.0-SNAPSHOT/hadoop-ozone-recon-0.5.0-SNAPSHOT.jar:/home/user/.m2/repository/org/apache/hadoop/hadoop-ozone-reconcodegen/0.5.0-SNAPSHOT/hadoop-ozone-reconcodegen-0.5.0-SNAPSHOT.jar:/home/user/.m2/repository/com/google/inject/extensions/guice-multibindings/4.0/guice-multibindings-4.0.jar:/home/user/.m2/repository/com/google/inject/guice/4.0/guice-4.0.jar:/home/user/.m2/repository/aopalliance/aopalliance/1.0/aopalliance-1.0.jar:/home/user/.m2/repository/com/google/inject/extensions/guice-servlet/4.0/guice-servlet-4.0.jar:/home/user/.m2/repository/org/glassfish/jersey/containers/jersey-container-servlet/2.27/jersey-container-servlet-2.27.jar:/home/user/.m2/repository/org/glassfish/hk2/guice-bridge/2.5.0/guice-bridge-2.5.0.jar:/home/user/.m2/repository/org/glassfish/jersey/core/jersey-server/2.27/jersey-server-2.27.jar:/home/user/.m2/repository/org/glassfish/jersey/core/jersey-client/2.27/jersey-client-2.27.jar:/home/user/.m2/repository/org/glassfish/jersey/media/jersey-media-jaxb/2.27/jersey-media-jaxb-2.27.jar:/home/user/.m2/repository/javax/validation/validation-api/1.1.0.Final/validation-api-1.1.0.Final.jar:/home/user/.m2/repository/org/glassfish/jersey/media/jersey-media-json-jackson/2.27/jersey-media-json-jackson-2.27.jar:/home/user/.m2/repository/org/glassfish/jersey/ext/jersey-entity-filtering/2.27/jersey-entity-filtering-2.27.jar:/home/user/.m2/repository/com/google/inject/extensions/guice-assistedinject/4.0/guice-assistedinject-4.0.jar:/home/user/.m2/repository/org/jooq/jooq/3.11.10/jooq-3.11.10.jar:/home/user/.m2/repository/org/jooq/jooq-meta/3.11.10/jooq-meta-3.11.10.jar:/home/user/.m2/repository/org/jooq/jooq-codegen/3.11.10/jooq-codegen-3.11.10.jar:/home/user/.m2/repository/com/jolbox/bonecp/0.8.0.RELEASE/bonecp-0.8.0.RELEASE.jar:/home/user/.m2/repository/org/xerial/sqlite-jdbc/3.25.2/sqlite-jdbc-3.25.2.jar:/home/user/.m2/repository/org/springframework/spring-jdbc/5.1.3.RELEASE/spring-jdbc-5.1.3.RELEASE.jar:/home/user/.m2/repository/org/springframework/spring-beans/5.1.3.RELEASE/spring-beans-5.1.3.RELEASE.jar:/home/user/.m2/repository/org/springframework/spring-core/5.1.3.RELEASE/spring-core-5.1.3.RELEASE.jar:/home/user/.m2/repository/org/springframework/spring-jcl/5.1.3.RELEASE/spring-jcl-5.1.3.RELEASE.jar:/home/user/.m2/repository/org/springframework/spring-tx/5.1.3.RELEASE/spring-tx-5.1.3.RELEASE.jar:/home/user/.m2/repository/org/apache/hadoop/hadoop-ozone-client/0.5.0-SNAPSHOT/hadoop-ozone-client-0.5.0-SNAPSHOT.jar:/home/user/.m2/repository/commons-lang/commons-lang/2.6/commons-lang-2.6.jar:/home/user/.m2/repository/org/apache/hadoop/hadoop-ozone-ozone-manager/0.5.0-SNAPSHOT/hadoop-ozone-ozone-manager-0.5.0-SNAPSHOT-tests.jar:/home/user/.m2/repository/junit/junit/4.11/junit-4.11.jar:/home/user/.m2/repository/org/hamcrest/hamcrest-core/1.3/hamcrest-core-1.3.jar:/home/user/.m2/repository/org/openjdk/jmh/jmh-core/1.19/jmh-core-1.19.jar:/home/user/.m2/repository/net/sf/jopt-simple/jopt-simple/4.6/jopt-simple-4.6.jar:/home/user/.m2/repository/org/apache/commons/commons-math3/3.1.1/commons-math3-3.1.1.jar:/home/user/.m2/repository/org/openjdk/jmh/jmh-generator-annprocess/1.19/jmh-generator-annprocess-1.19.jar:/home/user/.m2/repository/org/mockito/mockito-all/1.8.5/mockito-all-1.8.5.jar:/home/user/.m2/repository/org/apache/hadoop/hadoop-kms/3.2.0/hadoop-kms-3.2.0.jar:/home/user/.m2/repository/org/apache/hadoop/hadoop-auth/3.2.0/hadoop-auth-3.2.0.jar:/home/user/.m2/repository/com/nimbusds/nimbus-jose-jwt/4.41.1/nimbus-jose-jwt-4.41.1.jar:/home/user/.m2/repository/com/github/stephenc/jcip/jcip-annotations/1.0-1/jcip-annotations-1.0-1.jar:/home/user/.m2/repository/net/minidev/json-smart/2.3/json-smart-2.3.jar:/home/user/.m2/repository/net/minidev/accessors-smart/1.2/accessors-smart-1.2.jar:/home/user/.m2/repository/org/ow2/asm/asm/5.0.4/asm-5.0.4.jar:/home/user/.m2/repository/org/apache/curator/curator-framework/2.12.0/curator-framework-2.12.0.jar:/home/user/.m2/repository/com/sun/jersey/jersey-core/1.19/jersey-core-1.19.jar:/home/user/.m2/repository/javax/ws/rs/jsr311-api/1.1.1/jsr311-api-1.1.1.jar:/home/user/.m2/repository/com/sun/jersey/jersey-server/1.19/jersey-server-1.19.jar:/home/user/.m2/repository/javax/servlet/javax.servlet-api/3.1.0/javax.servlet-api-3.1.0.jar:/home/user/.m2/repository/org/eclipse/jetty/jetty-server/9.3.24.v20180605/jetty-server-9.3.24.v20180605.jar:/home/user/.m2/repository/org/eclipse/jetty/jetty-http/9.3.24.v20180605/jetty-http-9.3.24.v20180605.jar:/home/user/.m2/repository/org/eclipse/jetty/jetty-io/9.3.24.v20180605/jetty-io-9.3.24.v20180605.jar:/home/user/.m2/repository/org/eclipse/jetty/jetty-webapp/9.3.24.v20180605/jetty-webapp-9.3.24.v20180605.jar:/home/user/.m2/repository/org/eclipse/jetty/jetty-xml/9.3.24.v20180605/jetty-xml-9.3.24.v20180605.jar:/home/user/.m2/repository/log4j/log4j/1.2.17/log4j-1.2.17.jar:/home/user/.m2/repository/org/slf4j/slf4j-api/1.7.25/slf4j-api-1.7.25.jar:/home/user/.m2/repository/org/slf4j/jul-to-slf4j/1.7.25/jul-to-slf4j-1.7.25.jar:/home/user/.m2/repository/org/eclipse/jetty/jetty-util/9.3.24.v20180605/jetty-util-9.3.24.v20180605.jar:/home/user/.m2/repository/com/fasterxml/jackson/core/jackson-databind/2.9.5/jackson-databind-2.9.5.jar:/home/user/.m2/repository/org/apache/hadoop/hadoop-kms/3.2.0/hadoop-kms-3.2.0-tests.jar:/home/user/.m2/repository/org/apache/hadoop/hadoop-hdds-server-scm/0.5.0-SNAPSHOT/hadoop-hdds-server-scm-0.5.0-SNAPSHOT-tests.jar:/home/user/.m2/repository/org/apache/hadoop/hadoop-hdds-container-service/0.5.0-SNAPSHOT/hadoop-hdds-container-service-0.5.0-SNAPSHOT-tests.jar:/home/user/.m2/repository/org/yaml/snakeyaml/1.16/snakeyaml-1.16.jar:/home/user/.m2/repository/org/apache/hadoop/hadoop-common/3.2.0/hadoop-common-3.2.0-tests.jar:/home/user/.m2/repository/org/apache/hadoop/hadoop-annotations/3.2.0/hadoop-annotations-3.2.0.jar:/usr/lib/jvm/java-1.8-openjdk/jre/../lib/tools.jar:/home/user/.m2/repository/commons-cli/commons-cli/1.2/commons-cli-1.2.jar:/home/user/.m2/repository/org/apache/httpcomponents/httpclient/4.5.2/httpclient-4.5.2.jar:/home/user/.m2/repository/org/apache/httpcomponents/httpcore/4.4.4/httpcore-4.4.4.jar:/home/user/.m2/repository/commons-codec/commons-codec/1.11/commons-codec-1.11.jar:/home/user/.m2/repository/commons-net/commons-net/3.6/commons-net-3.6.jar:/home/user/.m2/repository/commons-collections/commons-collections/3.2.2/commons-collections-3.2.2.jar:/home/user/.m2/repository/org/eclipse/jetty/jetty-servlet/9.3.24.v20180605/jetty-servlet-9.3.24.v20180605.jar:/home/user/.m2/repository/org/eclipse/jetty/jetty-security/9.3.24.v20180605/jetty-security-9.3.24.v20180605.jar:/home/user/.m2/repository/javax/servlet/jsp/jsp-api/2.1/jsp-api-2.1.jar:/home/user/.m2/repository/com/sun/jersey/jersey-servlet/1.19/jersey-servlet-1.19.jar:/home/user/.m2/repository/com/sun/jersey/jersey-json/1.19/jersey-json-1.19.jar:/home/user/.m2/repository/org/codehaus/jettison/jettison/1.1/jettison-1.1.jar:/home/user/.m2/repository/org/codehaus/jackson/jackson-core-asl/1.9.13/jackson-core-asl-1.9.13.jar:/home/user/.m2/repository/org/codehaus/jackson/jackson-mapper-asl/1.9.13/jackson-mapper-asl-1.9.13.jar:/home/user/.m2/repository/org/codehaus/jackson/jackson-jaxrs/1.9.13/jackson-jaxrs-1.9.13.jar:/home/user/.m2/repository/org/codehaus/jackson/jackson-xc/1.9.13/jackson-xc-1.9.13.jar:/home/user/.m2/repository/commons-logging/commons-logging/1.1.3/commons-logging-1.1.3.jar:/home/user/.m2/repository/commons-beanutils/commons-beanutils/1.9.3/commons-beanutils-1.9.3.jar:/home/user/.m2/repository/org/apache/commons/commons-configuration2/2.1.1/commons-configuration2-2.1.1.jar:/home/user/.m2/repository/org/apache/commons/commons-lang3/3.7/commons-lang3-3.7.jar:/home/user/.m2/repository/org/apache/commons/commons-text/1.4/commons-text-1.4.jar:/home/user/.m2/repository/org/apache/avro/avro/1.7.7/avro-1.7.7.jar:/home/user/.m2/repository/com/thoughtworks/paranamer/paranamer/2.3/paranamer-2.3.jar:/home/user/.m2/repository/org/xerial/snappy/snappy-java/1.0.5/snappy-java-1.0.5.jar:/home/user/.m2/repository/com/google/re2j/re2j/1.1/re2j-1.1.jar:/home/user/.m2/repository/com/google/code/gson/gson/2.2.4/gson-2.2.4.jar:/home/user/.m2/repository/com/jcraft/jsch/0.1.54/jsch-0.1.54.jar:/home/user/.m2/repository/org/apache/curator/curator-client/2.12.0/curator-client-2.12.0.jar:/home/user/.m2/repository/org/apache/curator/curator-recipes/2.12.0/curator-recipes-2.12.0.jar:/home/user/.m2/repository/com/google/code/findbugs/jsr305/3.0.0/jsr305-3.0.0.jar:/home/user/.m2/repository/org/apache/htrace/htrace-core4/4.1.0-incubating/htrace-core4-4.1.0-incubating.jar:/home/user/.m2/repository/org/apache/zookeeper/zookeeper/3.4.13/zookeeper-3.4.13.jar:/home/user/.m2/repository/org/apache/yetus/audience-annotations/0.5.0/audience-annotations-0.5.0.jar:/home/user/.m2/repository/org/codehaus/woodstox/stax2-api/3.1.4/stax2-api-3.1.4.jar:/home/user/.m2/repository/com/fasterxml/woodstox/woodstox-core/5.0.3/woodstox-core-5.0.3.jar:/home/user/.m2/repository/dnsjava/dnsjava/2.1.7/dnsjava-2.1.7.jar:/home/user/.m2/repository/org/apache/hadoop/hadoop-hdfs/3.2.0/hadoop-hdfs-3.2.0-tests.jar:/home/user/.m2/repository/org/eclipse/jetty/jetty-util-ajax/9.3.24.v20180605/jetty-util-ajax-9.3.24.v20180605.jar:/home/user/.m2/repository/commons-daemon/commons-daemon/1.0.13/commons-daemon-1.0.13.jar:/home/user/.m2/repository/io/netty/netty/3.10.5.Final/netty-3.10.5.Final.jar:/home/user/.m2/repository/io/netty/netty-all/4.0.52.Final/netty-all-4.0.52.Final.jar:/home/user/.m2/repository/org/fusesource/leveldbjni/leveldbjni-all/1.8/leveldbjni-all-1.8.jar:"/>
    <property name="java.vm.vendor" value="IcedTea"/>
    <property name="sun.arch.data.model" value="64"/>
    <property name="test.build.dir" value="/workdir/hadoop-ozone/integration-test/target/test-dir"/>
    <property name="test.cache.data" value=""/>
    <property name="java.vendor.url" value="https://icedtea.classpath.org"/>
    <property name="user.timezone" value=""/>
    <property name="java.vm.specification.version" value="1.8"/>
    <property name="os.name" value="Linux"/>
    <property name="test.build.data" value="/workdir/hadoop-ozone/integration-test/target/test-dir"/>
    <property name="user.country" value="US"/>
    <property name="sun.java.launcher" value="SUN_STANDARD"/>
    <property name="sun.boot.library.path" value="/usr/lib/jvm/java-1.8-openjdk/jre/lib/amd64"/>
    <property name="sun.java.command" value="/workdir/hadoop-ozone/integration-test/target/surefire/surefirebooter2204904740134360262.jar /workdir/hadoop-ozone/integration-test/target/surefire 2019-07-14T15-23-37_400-jvmRun1 surefire917024673960799323tmp surefire_707393074165152460005tmp"/>
    <property name="surefire.test.class.path" value="/workdir/hadoop-ozone/integration-test/target/test-classes:/workdir/hadoop-ozone/integration-test/target/classes:/home/user/.m2/repository/org/apache/hadoop/hadoop-ozone-common/0.5.0-SNAPSHOT/hadoop-ozone-common-0.5.0-SNAPSHOT.jar:/home/user/.m2/repository/org/apache/commons/commons-compress/1.4.1/commons-compress-1.4.1.jar:/home/user/.m2/repository/org/tukaani/xz/1.0/xz-1.0.jar:/home/user/.m2/repository/org/apache/hadoop/hadoop-common/3.2.0/hadoop-common-3.2.0.jar:/home/user/.m2/repository/org/apache/hadoop/hadoop-hdfs/3.2.0/hadoop-hdfs-3.2.0.jar:/home/user/.m2/repository/org/apache/hadoop/hadoop-hdfs-client/3.2.0/hadoop-hdfs-client-3.2.0.jar:/home/user/.m2/repository/com/fasterxml/jackson/core/jackson-annotations/2.9.5/jackson-annotations-2.9.5.jar:/home/user/.m2/repository/org/apache/hadoop/hadoop-hdds-common/0.5.0-SNAPSHOT/hadoop-hdds-common-0.5.0-SNAPSHOT.jar:/home/user/.m2/repository/javax/annotation/javax.annotation-api/1.2/javax.annotation-api-1.2.jar:/home/user/.m2/repository/org/apache/ratis/ratis-server/0.4.0-2337318-SNAPSHOT/ratis-server-0.4.0-2337318-SNAPSHOT.jar:/home/user/.m2/repository/org/apache/ratis/ratis-thirdparty-misc/0.2.0/ratis-thirdparty-misc-0.2.0.jar:/home/user/.m2/repository/org/apache/ratis/ratis-proto/0.4.0-2337318-SNAPSHOT/ratis-proto-0.4.0-2337318-SNAPSHOT.jar:/home/user/.m2/repository/org/apache/ratis/ratis-common/0.4.0-2337318-SNAPSHOT/ratis-common-0.4.0-2337318-SNAPSHOT.jar:/home/user/.m2/repository/org/apache/ratis/ratis-client/0.4.0-2337318-SNAPSHOT/ratis-client-0.4.0-2337318-SNAPSHOT.jar:/home/user/.m2/repository/org/apache/ratis/ratis-metrics/0.4.0-2337318-SNAPSHOT/ratis-metrics-0.4.0-2337318-SNAPSHOT.jar:/home/user/.m2/repository/org/apache/ratis/ratis-netty/0.4.0-2337318-SNAPSHOT/ratis-netty-0.4.0-2337318-SNAPSHOT.jar:/home/user/.m2/repository/org/apache/ratis/ratis-grpc/0.4.0-2337318-SNAPSHOT/ratis-grpc-0.4.0-2337318-SNAPSHOT.jar:/home/user/.m2/repository/org/rocksdb/rocksdbjni/6.0.1/rocksdbjni-6.0.1.jar:/home/user/.m2/repository/org/apache/logging/log4j/log4j-api/2.11.0/log4j-api-2.11.0.jar:/home/user/.m2/repository/org/apache/logging/log4j/log4j-core/2.11.0/log4j-core-2.11.0.jar:/home/user/.m2/repository/com/lmax/disruptor/3.4.2/disruptor-3.4.2.jar:/home/user/.m2/repository/org/apache/commons/commons-pool2/2.6.0/commons-pool2-2.6.0.jar:/home/user/.m2/repository/org/bouncycastle/bcpkix-jdk15on/1.60/bcpkix-jdk15on-1.60.jar:/home/user/.m2/repository/commons-validator/commons-validator/1.6/commons-validator-1.6.jar:/home/user/.m2/repository/commons-digester/commons-digester/1.8.1/commons-digester-1.8.1.jar:/home/user/.m2/repository/io/jaegertracing/jaeger-client/0.33.1/jaeger-client-0.33.1.jar:/home/user/.m2/repository/io/jaegertracing/jaeger-thrift/0.33.1/jaeger-thrift-0.33.1.jar:/home/user/.m2/repository/org/apache/thrift/libthrift/0.11.0/libthrift-0.11.0.jar:/home/user/.m2/repository/com/squareup/okhttp3/okhttp/3.9.0/okhttp-3.9.0.jar:/home/user/.m2/repository/com/squareup/okio/okio/1.13.0/okio-1.13.0.jar:/home/user/.m2/repository/io/jaegertracing/jaeger-core/0.33.1/jaeger-core-0.33.1.jar:/home/user/.m2/repository/io/jaegertracing/jaeger-tracerresolver/0.33.1/jaeger-tracerresolver-0.33.1.jar:/home/user/.m2/repository/io/opentracing/contrib/opentracing-tracerresolver/0.1.5/opentracing-tracerresolver-0.1.5.jar:/home/user/.m2/repository/io/opentracing/opentracing-util/0.31.0/opentracing-util-0.31.0.jar:/home/user/.m2/repository/io/opentracing/opentracing-api/0.31.0/opentracing-api-0.31.0.jar:/home/user/.m2/repository/io/opentracing/opentracing-noop/0.31.0/opentracing-noop-0.31.0.jar:/home/user/.m2/repository/org/apache/hadoop/hadoop-hdds-server-framework/0.5.0-SNAPSHOT/hadoop-hdds-server-framework-0.5.0-SNAPSHOT.jar:/home/user/.m2/repository/org/apache/hadoop/hadoop-hdds-container-service/0.5.0-SNAPSHOT/hadoop-hdds-container-service-0.5.0-SNAPSHOT.jar:/home/user/.m2/repository/org/apache/hadoop/hadoop-hdds-client/0.5.0-SNAPSHOT/hadoop-hdds-client-0.5.0-SNAPSHOT.jar:/home/user/.m2/repository/org/apache/hadoop/hadoop-hdds-tools/0.5.0-SNAPSHOT/hadoop-hdds-tools-0.5.0-SNAPSHOT.jar:/home/user/.m2/repository/org/apache/hadoop/hadoop-hdds-server-scm/0.5.0-SNAPSHOT/hadoop-hdds-server-scm-0.5.0-SNAPSHOT.jar:/home/user/.m2/repository/org/apache/hadoop/hadoop-hdds-docs/0.5.0-SNAPSHOT/hadoop-hdds-docs-0.5.0-SNAPSHOT.jar:/home/user/.m2/repository/io/dropwizard/metrics/metrics-core/3.2.4/metrics-core-3.2.4.jar:/home/user/.m2/repository/org/hamcrest/hamcrest-all/1.3/hamcrest-all-1.3.jar:/home/user/.m2/repository/org/bouncycastle/bcprov-jdk15on/1.60/bcprov-jdk15on-1.60.jar:/home/user/.m2/repository/info/picocli/picocli/3.9.6/picocli-3.9.6.jar:/home/user/.m2/repository/com/google/protobuf/protobuf-java/2.5.0/protobuf-java-2.5.0.jar:/home/user/.m2/repository/com/google/guava/guava/11.0.2/guava-11.0.2.jar:/home/user/.m2/repository/org/apache/hadoop/hadoop-ozone-ozone-manager/0.5.0-SNAPSHOT/hadoop-ozone-ozone-manager-0.5.0-SNAPSHOT.jar:/home/user/.m2/repository/org/apache/hadoop/hadoop-minikdc/3.2.0/hadoop-minikdc-3.2.0.jar:/home/user/.m2/repository/commons-io/commons-io/2.5/commons-io-2.5.jar:/home/user/.m2/repository/org/apache/kerby/kerb-simplekdc/1.0.1/kerb-simplekdc-1.0.1.jar:/home/user/.m2/repository/org/apache/kerby/kerb-client/1.0.1/kerb-client-1.0.1.jar:/home/user/.m2/repository/org/apache/kerby/kerby-config/1.0.1/kerby-config-1.0.1.jar:/home/user/.m2/repository/org/apache/kerby/kerb-core/1.0.1/kerb-core-1.0.1.jar:/home/user/.m2/repository/org/apache/kerby/kerby-pkix/1.0.1/kerby-pkix-1.0.1.jar:/home/user/.m2/repository/org/apache/kerby/kerby-asn1/1.0.1/kerby-asn1-1.0.1.jar:/home/user/.m2/repository/org/apache/kerby/kerby-util/1.0.1/kerby-util-1.0.1.jar:/home/user/.m2/repository/org/apache/kerby/kerb-common/1.0.1/kerb-common-1.0.1.jar:/home/user/.m2/repository/org/apache/kerby/kerb-crypto/1.0.1/kerb-crypto-1.0.1.jar:/home/user/.m2/repository/org/apache/kerby/kerb-util/1.0.1/kerb-util-1.0.1.jar:/home/user/.m2/repository/org/apache/kerby/token-provider/1.0.1/token-provider-1.0.1.jar:/home/user/.m2/repository/org/apache/kerby/kerb-admin/1.0.1/kerb-admin-1.0.1.jar:/home/user/.m2/repository/org/apache/kerby/kerb-server/1.0.1/kerb-server-1.0.1.jar:/home/user/.m2/repository/org/apache/kerby/kerb-identity/1.0.1/kerb-identity-1.0.1.jar:/home/user/.m2/repository/org/apache/kerby/kerby-xdr/1.0.1/kerby-xdr-1.0.1.jar:/home/user/.m2/repository/org/slf4j/slf4j-log4j12/1.7.25/slf4j-log4j12-1.7.25.jar:/home/user/.m2/repository/org/apache/hadoop/hadoop-ozone-objectstore-service/0.5.0-SNAPSHOT/hadoop-ozone-objectstore-service-0.5.0-SNAPSHOT.jar:/home/user/.m2/repository/org/apache/hadoop/hadoop-ozone-s3gateway/0.5.0-SNAPSHOT/hadoop-ozone-s3gateway-0.5.0-SNAPSHOT.jar:/home/user/.m2/repository/org/jboss/weld/servlet/weld-servlet/2.4.7.Final/weld-servlet-2.4.7.Final.jar:/home/user/.m2/repository/org/glassfish/jersey/containers/jersey-container-servlet-core/2.27/jersey-container-servlet-core-2.27.jar:/home/user/.m2/repository/org/glassfish/hk2/external/javax.inject/2.5.0-b42/javax.inject-2.5.0-b42.jar:/home/user/.m2/repository/org/glassfish/jersey/core/jersey-common/2.27/jersey-common-2.27.jar:/home/user/.m2/repository/org/glassfish/hk2/osgi-resource-locator/1.0.1/osgi-resource-locator-1.0.1.jar:/home/user/.m2/repository/javax/ws/rs/javax.ws.rs-api/2.1/javax.ws.rs-api-2.1.jar:/home/user/.m2/repository/org/glassfish/jersey/ext/cdi/jersey-cdi1x/2.27/jersey-cdi1x-2.27.jar:/home/user/.m2/repository/org/glassfish/jersey/inject/jersey-hk2/2.27/jersey-hk2-2.27.jar:/home/user/.m2/repository/org/glassfish/hk2/hk2-locator/2.5.0-b42/hk2-locator-2.5.0-b42.jar:/home/user/.m2/repository/org/javassist/javassist/3.22.0-CR2/javassist-3.22.0-CR2.jar:/home/user/.m2/repository/org/glassfish/hk2/hk2-api/2.5.0/hk2-api-2.5.0.jar:/home/user/.m2/repository/org/glassfish/hk2/external/jakarta.inject/2.5.0/jakarta.inject-2.5.0.jar:/home/user/.m2/repository/org/glassfish/hk2/hk2-utils/2.5.0/hk2-utils-2.5.0.jar:/home/user/.m2/repository/jakarta/annotation/jakarta.annotation-api/1.3.4/jakarta.annotation-api-1.3.4.jar:/home/user/.m2/repository/org/glassfish/hk2/external/aopalliance-repackaged/2.5.0/aopalliance-repackaged-2.5.0.jar:/home/user/.m2/repository/com/fasterxml/jackson/dataformat/jackson-dataformat-xml/2.9.0/jackson-dataformat-xml-2.9.0.jar:/home/user/.m2/repository/com/fasterxml/jackson/core/jackson-core/2.9.5/jackson-core-2.9.5.jar:/home/user/.m2/repository/com/fasterxml/jackson/module/jackson-module-jaxb-annotations/2.9.5/jackson-module-jaxb-annotations-2.9.5.jar:/home/user/.m2/repository/javax/enterprise/cdi-api/1.2/cdi-api-1.2.jar:/home/user/.m2/repository/javax/el/javax.el-api/3.0.0/javax.el-api-3.0.0.jar:/home/user/.m2/repository/javax/interceptor/javax.interceptor-api/1.2/javax.interceptor-api-1.2.jar:/home/user/.m2/repository/javax/inject/javax.inject/1/javax.inject-1.jar:/home/user/.m2/repository/com/sun/xml/bind/jaxb-impl/2.3.0.1/jaxb-impl-2.3.0.1.jar:/home/user/.m2/repository/com/sun/xml/bind/jaxb-core/2.3.0.1/jaxb-core-2.3.0.1.jar:/home/user/.m2/repository/javax/xml/bind/jaxb-api/2.3.0/jaxb-api-2.3.0.jar:/home/user/.m2/repository/javax/activation/activation/1.1.1/activation-1.1.1.jar:/home/user/.m2/repository/org/apache/hadoop/hadoop-ozone-csi/0.5.0-SNAPSHOT/hadoop-ozone-csi-0.5.0-SNAPSHOT.jar:/home/user/.m2/repository/com/google/protobuf/protobuf-java-util/3.5.1/protobuf-java-util-3.5.1.jar:/home/user/.m2/repository/org/apache/hadoop/hadoop-hdds-config/0.5.0-SNAPSHOT/hadoop-hdds-config-0.5.0-SNAPSHOT.jar:/home/user/.m2/repository/io/grpc/grpc-netty/1.17.1/grpc-netty-1.17.1.jar:/home/user/.m2/repository/io/grpc/grpc-core/1.17.1/grpc-core-1.17.1.jar:/home/user/.m2/repository/io/grpc/grpc-context/1.17.1/grpc-context-1.17.1.jar:/home/user/.m2/repository/com/google/errorprone/error_prone_annotations/2.2.0/error_prone_annotations-2.2.0.jar:/home/user/.m2/repository/org/codehaus/mojo/animal-sniffer-annotations/1.17/animal-sniffer-annotations-1.17.jar:/home/user/.m2/repository/io/opencensus/opencensus-api/0.17.0/opencensus-api-0.17.0.jar:/home/user/.m2/repository/io/opencensus/opencensus-contrib-grpc-metrics/0.17.0/opencensus-contrib-grpc-metrics-0.17.0.jar:/home/user/.m2/repository/io/netty/netty-codec-http2/4.1.30.Final/netty-codec-http2-4.1.30.Final.jar:/home/user/.m2/repository/io/netty/netty-codec-http/4.1.30.Final/netty-codec-http-4.1.30.Final.jar:/home/user/.m2/repository/io/netty/netty-codec/4.1.30.Final/netty-codec-4.1.30.Final.jar:/home/user/.m2/repository/io/netty/netty-handler/4.1.30.Final/netty-handler-4.1.30.Final.jar:/home/user/.m2/repository/io/netty/netty-handler-proxy/4.1.30.Final/netty-handler-proxy-4.1.30.Final.jar:/home/user/.m2/repository/io/netty/netty-codec-socks/4.1.30.Final/netty-codec-socks-4.1.30.Final.jar:/home/user/.m2/repository/io/netty/netty-transport-native-epoll/4.1.30.Final/netty-transport-native-epoll-4.1.30.Final.jar:/home/user/.m2/repository/io/netty/netty-common/4.1.30.Final/netty-common-4.1.30.Final.jar:/home/user/.m2/repository/io/netty/netty-buffer/4.1.30.Final/netty-buffer-4.1.30.Final.jar:/home/user/.m2/repository/io/netty/netty-transport/4.1.30.Final/netty-transport-4.1.30.Final.jar:/home/user/.m2/repository/io/netty/netty-resolver/4.1.30.Final/netty-resolver-4.1.30.Final.jar:/home/user/.m2/repository/io/netty/netty-transport-native-unix-common/4.1.30.Final/netty-transport-native-unix-common-4.1.30.Final.jar:/home/user/.m2/repository/io/grpc/grpc-protobuf/1.17.1/grpc-protobuf-1.17.1.jar:/home/user/.m2/repository/com/google/api/grpc/proto-google-common-protos/1.0.0/proto-google-common-protos-1.0.0.jar:/home/user/.m2/repository/io/grpc/grpc-protobuf-lite/1.17.1/grpc-protobuf-lite-1.17.1.jar:/home/user/.m2/repository/io/grpc/grpc-stub/1.17.1/grpc-stub-1.17.1.jar:/home/user/.m2/repository/org/apache/hadoop/hadoop-ozone-recon/0.5.0-SNAPSHOT/hadoop-ozone-recon-0.5.0-SNAPSHOT.jar:/home/user/.m2/repository/org/apache/hadoop/hadoop-ozone-reconcodegen/0.5.0-SNAPSHOT/hadoop-ozone-reconcodegen-0.5.0-SNAPSHOT.jar:/home/user/.m2/repository/com/google/inject/extensions/guice-multibindings/4.0/guice-multibindings-4.0.jar:/home/user/.m2/repository/com/google/inject/guice/4.0/guice-4.0.jar:/home/user/.m2/repository/aopalliance/aopalliance/1.0/aopalliance-1.0.jar:/home/user/.m2/repository/com/google/inject/extensions/guice-servlet/4.0/guice-servlet-4.0.jar:/home/user/.m2/repository/org/glassfish/jersey/containers/jersey-container-servlet/2.27/jersey-container-servlet-2.27.jar:/home/user/.m2/repository/org/glassfish/hk2/guice-bridge/2.5.0/guice-bridge-2.5.0.jar:/home/user/.m2/repository/org/glassfish/jersey/core/jersey-server/2.27/jersey-server-2.27.jar:/home/user/.m2/repository/org/glassfish/jersey/core/jersey-client/2.27/jersey-client-2.27.jar:/home/user/.m2/repository/org/glassfish/jersey/media/jersey-media-jaxb/2.27/jersey-media-jaxb-2.27.jar:/home/user/.m2/repository/javax/validation/validation-api/1.1.0.Final/validation-api-1.1.0.Final.jar:/home/user/.m2/repository/org/glassfish/jersey/media/jersey-media-json-jackson/2.27/jersey-media-json-jackson-2.27.jar:/home/user/.m2/repository/org/glassfish/jersey/ext/jersey-entity-filtering/2.27/jersey-entity-filtering-2.27.jar:/home/user/.m2/repository/com/google/inject/extensions/guice-assistedinject/4.0/guice-assistedinject-4.0.jar:/home/user/.m2/repository/org/jooq/jooq/3.11.10/jooq-3.11.10.jar:/home/user/.m2/repository/org/jooq/jooq-meta/3.11.10/jooq-meta-3.11.10.jar:/home/user/.m2/repository/org/jooq/jooq-codegen/3.11.10/jooq-codegen-3.11.10.jar:/home/user/.m2/repository/com/jolbox/bonecp/0.8.0.RELEASE/bonecp-0.8.0.RELEASE.jar:/home/user/.m2/repository/org/xerial/sqlite-jdbc/3.25.2/sqlite-jdbc-3.25.2.jar:/home/user/.m2/repository/org/springframework/spring-jdbc/5.1.3.RELEASE/spring-jdbc-5.1.3.RELEASE.jar:/home/user/.m2/repository/org/springframework/spring-beans/5.1.3.RELEASE/spring-beans-5.1.3.RELEASE.jar:/home/user/.m2/repository/org/springframework/spring-core/5.1.3.RELEASE/spring-core-5.1.3.RELEASE.jar:/home/user/.m2/repository/org/springframework/spring-jcl/5.1.3.RELEASE/spring-jcl-5.1.3.RELEASE.jar:/home/user/.m2/repository/org/springframework/spring-tx/5.1.3.RELEASE/spring-tx-5.1.3.RELEASE.jar:/home/user/.m2/repository/org/apache/hadoop/hadoop-ozone-client/0.5.0-SNAPSHOT/hadoop-ozone-client-0.5.0-SNAPSHOT.jar:/home/user/.m2/repository/commons-lang/commons-lang/2.6/commons-lang-2.6.jar:/home/user/.m2/repository/org/apache/hadoop/hadoop-ozone-ozone-manager/0.5.0-SNAPSHOT/hadoop-ozone-ozone-manager-0.5.0-SNAPSHOT-tests.jar:/home/user/.m2/repository/junit/junit/4.11/junit-4.11.jar:/home/user/.m2/repository/org/hamcrest/hamcrest-core/1.3/hamcrest-core-1.3.jar:/home/user/.m2/repository/org/openjdk/jmh/jmh-core/1.19/jmh-core-1.19.jar:/home/user/.m2/repository/net/sf/jopt-simple/jopt-simple/4.6/jopt-simple-4.6.jar:/home/user/.m2/repository/org/apache/commons/commons-math3/3.1.1/commons-math3-3.1.1.jar:/home/user/.m2/repository/org/openjdk/jmh/jmh-generator-annprocess/1.19/jmh-generator-annprocess-1.19.jar:/home/user/.m2/repository/org/mockito/mockito-all/1.8.5/mockito-all-1.8.5.jar:/home/user/.m2/repository/org/apache/hadoop/hadoop-kms/3.2.0/hadoop-kms-3.2.0.jar:/home/user/.m2/repository/org/apache/hadoop/hadoop-auth/3.2.0/hadoop-auth-3.2.0.jar:/home/user/.m2/repository/com/nimbusds/nimbus-jose-jwt/4.41.1/nimbus-jose-jwt-4.41.1.jar:/home/user/.m2/repository/com/github/stephenc/jcip/jcip-annotations/1.0-1/jcip-annotations-1.0-1.jar:/home/user/.m2/repository/net/minidev/json-smart/2.3/json-smart-2.3.jar:/home/user/.m2/repository/net/minidev/accessors-smart/1.2/accessors-smart-1.2.jar:/home/user/.m2/repository/org/ow2/asm/asm/5.0.4/asm-5.0.4.jar:/home/user/.m2/repository/org/apache/curator/curator-framework/2.12.0/curator-framework-2.12.0.jar:/home/user/.m2/repository/com/sun/jersey/jersey-core/1.19/jersey-core-1.19.jar:/home/user/.m2/repository/javax/ws/rs/jsr311-api/1.1.1/jsr311-api-1.1.1.jar:/home/user/.m2/repository/com/sun/jersey/jersey-server/1.19/jersey-server-1.19.jar:/home/user/.m2/repository/javax/servlet/javax.servlet-api/3.1.0/javax.servlet-api-3.1.0.jar:/home/user/.m2/repository/org/eclipse/jetty/jetty-server/9.3.24.v20180605/jetty-server-9.3.24.v20180605.jar:/home/user/.m2/repository/org/eclipse/jetty/jetty-http/9.3.24.v20180605/jetty-http-9.3.24.v20180605.jar:/home/user/.m2/repository/org/eclipse/jetty/jetty-io/9.3.24.v20180605/jetty-io-9.3.24.v20180605.jar:/home/user/.m2/repository/org/eclipse/jetty/jetty-webapp/9.3.24.v20180605/jetty-webapp-9.3.24.v20180605.jar:/home/user/.m2/repository/org/eclipse/jetty/jetty-xml/9.3.24.v20180605/jetty-xml-9.3.24.v20180605.jar:/home/user/.m2/repository/log4j/log4j/1.2.17/log4j-1.2.17.jar:/home/user/.m2/repository/org/slf4j/slf4j-api/1.7.25/slf4j-api-1.7.25.jar:/home/user/.m2/repository/org/slf4j/jul-to-slf4j/1.7.25/jul-to-slf4j-1.7.25.jar:/home/user/.m2/repository/org/eclipse/jetty/jetty-util/9.3.24.v20180605/jetty-util-9.3.24.v20180605.jar:/home/user/.m2/repository/com/fasterxml/jackson/core/jackson-databind/2.9.5/jackson-databind-2.9.5.jar:/home/user/.m2/repository/org/apache/hadoop/hadoop-kms/3.2.0/hadoop-kms-3.2.0-tests.jar:/home/user/.m2/repository/org/apache/hadoop/hadoop-hdds-server-scm/0.5.0-SNAPSHOT/hadoop-hdds-server-scm-0.5.0-SNAPSHOT-tests.jar:/home/user/.m2/repository/org/apache/hadoop/hadoop-hdds-container-service/0.5.0-SNAPSHOT/hadoop-hdds-container-service-0.5.0-SNAPSHOT-tests.jar:/home/user/.m2/repository/org/yaml/snakeyaml/1.16/snakeyaml-1.16.jar:/home/user/.m2/repository/org/apache/hadoop/hadoop-common/3.2.0/hadoop-common-3.2.0-tests.jar:/home/user/.m2/repository/org/apache/hadoop/hadoop-annotations/3.2.0/hadoop-annotations-3.2.0.jar:/usr/lib/jvm/java-1.8-openjdk/jre/../lib/tools.jar:/home/user/.m2/repository/commons-cli/commons-cli/1.2/commons-cli-1.2.jar:/home/user/.m2/repository/org/apache/httpcomponents/httpclient/4.5.2/httpclient-4.5.2.jar:/home/user/.m2/repository/org/apache/httpcomponents/httpcore/4.4.4/httpcore-4.4.4.jar:/home/user/.m2/repository/commons-codec/commons-codec/1.11/commons-codec-1.11.jar:/home/user/.m2/repository/commons-net/commons-net/3.6/commons-net-3.6.jar:/home/user/.m2/repository/commons-collections/commons-collections/3.2.2/commons-collections-3.2.2.jar:/home/user/.m2/repository/org/eclipse/jetty/jetty-servlet/9.3.24.v20180605/jetty-servlet-9.3.24.v20180605.jar:/home/user/.m2/repository/org/eclipse/jetty/jetty-security/9.3.24.v20180605/jetty-security-9.3.24.v20180605.jar:/home/user/.m2/repository/javax/servlet/jsp/jsp-api/2.1/jsp-api-2.1.jar:/home/user/.m2/repository/com/sun/jersey/jersey-servlet/1.19/jersey-servlet-1.19.jar:/home/user/.m2/repository/com/sun/jersey/jersey-json/1.19/jersey-json-1.19.jar:/home/user/.m2/repository/org/codehaus/jettison/jettison/1.1/jettison-1.1.jar:/home/user/.m2/repository/org/codehaus/jackson/jackson-core-asl/1.9.13/jackson-core-asl-1.9.13.jar:/home/user/.m2/repository/org/codehaus/jackson/jackson-mapper-asl/1.9.13/jackson-mapper-asl-1.9.13.jar:/home/user/.m2/repository/org/codehaus/jackson/jackson-jaxrs/1.9.13/jackson-jaxrs-1.9.13.jar:/home/user/.m2/repository/org/codehaus/jackson/jackson-xc/1.9.13/jackson-xc-1.9.13.jar:/home/user/.m2/repository/commons-logging/commons-logging/1.1.3/commons-logging-1.1.3.jar:/home/user/.m2/repository/commons-beanutils/commons-beanutils/1.9.3/commons-beanutils-1.9.3.jar:/home/user/.m2/repository/org/apache/commons/commons-configuration2/2.1.1/commons-configuration2-2.1.1.jar:/home/user/.m2/repository/org/apache/commons/commons-lang3/3.7/commons-lang3-3.7.jar:/home/user/.m2/repository/org/apache/commons/commons-text/1.4/commons-text-1.4.jar:/home/user/.m2/repository/org/apache/avro/avro/1.7.7/avro-1.7.7.jar:/home/user/.m2/repository/com/thoughtworks/paranamer/paranamer/2.3/paranamer-2.3.jar:/home/user/.m2/repository/org/xerial/snappy/snappy-java/1.0.5/snappy-java-1.0.5.jar:/home/user/.m2/repository/com/google/re2j/re2j/1.1/re2j-1.1.jar:/home/user/.m2/repository/com/google/code/gson/gson/2.2.4/gson-2.2.4.jar:/home/user/.m2/repository/com/jcraft/jsch/0.1.54/jsch-0.1.54.jar:/home/user/.m2/repository/org/apache/curator/curator-client/2.12.0/curator-client-2.12.0.jar:/home/user/.m2/repository/org/apache/curator/curator-recipes/2.12.0/curator-recipes-2.12.0.jar:/home/user/.m2/repository/com/google/code/findbugs/jsr305/3.0.0/jsr305-3.0.0.jar:/home/user/.m2/repository/org/apache/htrace/htrace-core4/4.1.0-incubating/htrace-core4-4.1.0-incubating.jar:/home/user/.m2/repository/org/apache/zookeeper/zookeeper/3.4.13/zookeeper-3.4.13.jar:/home/user/.m2/repository/org/apache/yetus/audience-annotations/0.5.0/audience-annotations-0.5.0.jar:/home/user/.m2/repository/org/codehaus/woodstox/stax2-api/3.1.4/stax2-api-3.1.4.jar:/home/user/.m2/repository/com/fasterxml/woodstox/woodstox-core/5.0.3/woodstox-core-5.0.3.jar:/home/user/.m2/repository/dnsjava/dnsjava/2.1.7/dnsjava-2.1.7.jar:/home/user/.m2/repository/org/apache/hadoop/hadoop-hdfs/3.2.0/hadoop-hdfs-3.2.0-tests.jar:/home/user/.m2/repository/org/eclipse/jetty/jetty-util-ajax/9.3.24.v20180605/jetty-util-ajax-9.3.24.v20180605.jar:/home/user/.m2/repository/commons-daemon/commons-daemon/1.0.13/commons-daemon-1.0.13.jar:/home/user/.m2/repository/io/netty/netty/3.10.5.Final/netty-3.10.5.Final.jar:/home/user/.m2/repository/io/netty/netty-all/4.0.52.Final/netty-all-4.0.52.Final.jar:/home/user/.m2/repository/org/fusesource/leveldbjni/leveldbjni-all/1.8/leveldbjni-all-1.8.jar:"/>
    <property name="sun.cpu.endian" value="little"/>
    <property name="user.home" value="/home/user"/>
    <property name="user.language" value="en"/>
    <property name="java.specification.vendor" value="Oracle Corporation"/>
    <property name="java.home" value="/usr/lib/jvm/java-1.8-openjdk/jre"/>
    <property name="java.security.krb5.conf" value="/workdir/hadoop-ozone/integration-test/target/test-classes/krb5.conf"/>
    <property name="basedir" value="/workdir/hadoop-ozone/integration-test"/>
    <property name="file.separator" value="/"/>
    <property name="line.separator" value="&#10;"/>
    <property name="java.vm.specification.vendor" value="Oracle Corporation"/>
    <property name="java.specification.name" value="Java Platform API Specification"/>
    <property name="java.awt.graphicsenv" value="sun.awt.X11GraphicsEnvironment"/>
    <property name="surefire.real.class.path" value="/workdir/hadoop-ozone/integration-test/target/surefire/surefirebooter2204904740134360262.jar"/>
    <property name="hadoop.log.dir" value="/workdir/hadoop-ozone/integration-test/target/log"/>
    <property name="sun.boot.class.path" value="/usr/lib/jvm/java-1.8-openjdk/jre/lib/resources.jar:/usr/lib/jvm/java-1.8-openjdk/jre/lib/rt.jar:/usr/lib/jvm/java-1.8-openjdk/jre/lib/sunrsasign.jar:/usr/lib/jvm/java-1.8-openjdk/jre/lib/jsse.jar:/usr/lib/jvm/java-1.8-openjdk/jre/lib/jce.jar:/usr/lib/jvm/java-1.8-openjdk/jre/lib/charsets.jar:/usr/lib/jvm/java-1.8-openjdk/jre/lib/jfr.jar:/usr/lib/jvm/java-1.8-openjdk/jre/classes"/>
    <property name="sun.management.compiler" value="HotSpot 64-Bit Tiered Compilers"/>
    <property name="java.runtime.version" value="1.8.0_212-b04"/>
    <property name="java.net.preferIPv4Stack" value="true"/>
    <property name="user.name" value="jenkins1000"/>
    <property name="path.separator" value=":"/>
    <property name="java.security.egd" value="file:///dev/urandom"/>
    <property name="os.version" value="3.10.0-957.12.2.el7.x86_64"/>
    <property name="java.endorsed.dirs" value="/usr/lib/jvm/java-1.8-openjdk/jre/lib/endorsed"/>
    <property name="java.runtime.name" value="OpenJDK Runtime Environment"/>
    <property name="file.encoding" value="UTF-8"/>
    <property name="java.vm.name" value="OpenJDK 64-Bit Server VM"/>
    <property name="test.build.webapps" value=""/>
    <property name="localRepository" value="/home/user/.m2/repository"/>
    <property name="java.vendor.url.bug" value="https://icedtea.classpath.org/bugzilla"/>
    <property name="java.io.tmpdir" value="/tmp"/>
    <property name="require.test.libhadoop" value=""/>
    <property name="java.version" value="1.8.0_212"/>
    <property name="user.dir" value="/workdir/hadoop-ozone/integration-test"/>
    <property name="os.arch" value="amd64"/>
    <property name="java.vm.specification.name" value="Java Virtual Machine Specification"/>
    <property name="test.build.classes" value="/workdir/hadoop-ozone/integration-test/target/test-classes"/>
    <property name="java.awt.printerjob" value="sun.print.PSPrinterJob"/>
    <property name="sun.os.patch.level" value="unknown"/>
    <property name="hadoop.tmp.dir" value="/workdir/hadoop-ozone/integration-test/target/tmp"/>
    <property name="java.library.path" value="/usr/lib/jvm/java-1.8-openjdk/jre/lib/amd64/server:/usr/lib/jvm/java-1.8-openjdk/jre/lib/amd64:/usr/lib/jvm/java-1.8-openjdk/jre/../lib/amd64:/workdir/hadoop-ozone/integration-test/target/native/target/usr/local/lib:/workdir/hadoop-ozone/integration-test/../../hadoop-common-project/hadoop-common/target/native/target/usr/local/lib:/usr/java/packages/lib/amd64:/usr/lib64:/lib64:/lib:/usr/lib"/>
    <property name="java.vm.info" value="mixed mode"/>
    <property name="java.vendor" value="IcedTea"/>
    <property name="java.vm.version" value="25.212-b04"/>
    <property name="java.ext.dirs" value="/usr/lib/jvm/java-1.8-openjdk/jre/lib/ext:/usr/java/packages/lib/ext"/>
    <property name="sun.io.unicode.encoding" value="UnicodeLittle"/>
    <property name="java.class.version" value="52.0"/>
  </properties>
  <testcase name="testHybridPipelineOnDatanode" classname="org.apache.hadoop.ozone.client.rpc.TestHybridPipelineOnDatanode" time="11.044">
    <error message="Unexpected Storage Container Exception: org.apache.hadoop.hdds.scm.container.common.helpers.StorageContainerException: ContainerID 2 does not exist" type="java.io.IOException">java.io.IOException: Unexpected Storage Container Exception: org.apache.hadoop.hdds.scm.container.common.helpers.StorageContainerException: ContainerID 2 does not exist
	at org.apache.hadoop.hdds.scm.storage.BlockOutputStream.setIoException(BlockOutputStream.java:549)
	at org.apache.hadoop.hdds.scm.storage.BlockOutputStream.validateResponse(BlockOutputStream.java:540)
	at org.apache.hadoop.hdds.scm.storage.BlockOutputStream.lambda$writeChunkToContainer$2(BlockOutputStream.java:615)
	at java.util.concurrent.CompletableFuture.uniApply(CompletableFuture.java:602)
	at java.util.concurrent.CompletableFuture$UniApply.tryFire(CompletableFuture.java:577)
	at java.util.concurrent.CompletableFuture$Completion.run(CompletableFuture.java:442)
	at java.util.concurrent.ThreadPoolExecutor.runWorker(ThreadPoolExecutor.java:1149)
	at java.util.concurrent.ThreadPoolExecutor$Worker.run(ThreadPoolExecutor.java:624)
	at java.lang.Thread.run(Thread.java:748)
Caused by: org.apache.hadoop.hdds.scm.container.common.helpers.StorageContainerException: ContainerID 2 does not exist
	at org.apache.hadoop.hdds.scm.storage.ContainerProtocolCalls.validateContainerResponse(ContainerProtocolCalls.java:536)
	at org.apache.hadoop.hdds.scm.storage.BlockOutputStream.validateResponse(BlockOutputStream.java:537)
	... 7 more
</error>
    <system-out><![CDATA[2019-07-14 16:34:30,025 WARN  server.ServerUtils (ServerUtils.java:getScmDbDir(145)) - ozone.scm.db.dirs is not configured. We recommend adding this setting. Falling back to ozone.metadata.dirs instead.
2019-07-14 16:34:30,139 WARN  server.ServerUtils (ServerUtils.java:getScmDbDir(145)) - ozone.scm.db.dirs is not configured. We recommend adding this setting. Falling back to ozone.metadata.dirs instead.
2019-07-14 16:34:30,144 WARN  server.ServerUtils (ServerUtils.java:getScmDbDir(145)) - ozone.scm.db.dirs is not configured. We recommend adding this setting. Falling back to ozone.metadata.dirs instead.
2019-07-14 16:34:30,169 INFO  util.log (Log.java:initialized(192)) - Logging initialized @897ms
2019-07-14 16:34:30,282 INFO  db.DBStoreBuilder (DBStoreBuilder.java:addTable(110)) - using custom profile for table: deletedBlocks
2019-07-14 16:34:30,283 INFO  db.DBStoreBuilder (DBStoreBuilder.java:processTables(161)) - Using default column profile:DBProfile.DISK for Table:deletedBlocks
2019-07-14 16:34:30,283 INFO  db.DBStoreBuilder (DBStoreBuilder.java:addTable(110)) - using custom profile for table: validCerts
2019-07-14 16:34:30,283 INFO  db.DBStoreBuilder (DBStoreBuilder.java:processTables(161)) - Using default column profile:DBProfile.DISK for Table:validCerts
2019-07-14 16:34:30,284 INFO  db.DBStoreBuilder (DBStoreBuilder.java:addTable(110)) - using custom profile for table: revokedCerts
2019-07-14 16:34:30,284 INFO  db.DBStoreBuilder (DBStoreBuilder.java:processTables(161)) - Using default column profile:DBProfile.DISK for Table:revokedCerts
2019-07-14 16:34:30,295 INFO  db.DBStoreBuilder (DBStoreBuilder.java:addTable(110)) - using custom profile for table: default
2019-07-14 16:34:30,295 INFO  db.DBStoreBuilder (DBStoreBuilder.java:processTables(167)) - Using default column profile:DBProfile.DISK for Table:default
2019-07-14 16:34:30,297 INFO  db.DBStoreBuilder (DBStoreBuilder.java:getDbProfile(198)) - Using default options. DBProfile.DISK
2019-07-14 16:34:30,497 INFO  net.NodeSchemaLoader (NodeSchemaLoader.java:loadSchemaFromFile(125)) - Loading file from sun.misc.CompoundEnumeration@2ef3eef9
2019-07-14 16:34:30,501 INFO  net.NodeSchemaLoader (NodeSchemaLoader.java:loadSchema(171)) - Loading network topology layer schema file
2019-07-14 16:34:30,576 WARN  server.ServerUtils (ServerUtils.java:sanitizeUserArgs(70)) - ozone.scm.stale.node.interval value = 300000 is larger than max = 100000 based on the key value of ozone.scm.heartbeat.thread.interval, reset to the max value 100000.
2019-07-14 16:34:30,578 WARN  server.ServerUtils (ServerUtils.java:sanitizeUserArgs(70)) - ozone.scm.stale.node.interval value = 300000 is larger than max = 100000 based on the key value of ozone.scm.heartbeat.thread.interval, reset to the max value 100000.
2019-07-14 16:34:30,580 INFO  node.SCMNodeManager (SCMNodeManager.java:<init>(119)) - Entering startup safe mode.
2019-07-14 16:34:30,664 WARN  server.ServerUtils (ServerUtils.java:getScmDbDir(145)) - ozone.scm.db.dirs is not configured. We recommend adding this setting. Falling back to ozone.metadata.dirs instead.
2019-07-14 16:34:30,724 INFO  pipeline.SCMPipelineManager (SCMPipelineManager.java:initializePipelineState(126)) - No pipeline exists in current db
2019-07-14 16:34:30,727 WARN  server.ServerUtils (ServerUtils.java:getScmDbDir(145)) - ozone.scm.db.dirs is not configured. We recommend adding this setting. Falling back to ozone.metadata.dirs instead.
2019-07-14 16:34:30,827 WARN  events.EventQueue (EventQueue.java:fireEvent(175)) - No event handler registered for event TypedEvent{payloadType=SafeModeStatus, name='SafeModeStatus'}
2019-07-14 16:34:31,152 INFO  ipc.CallQueueManager (CallQueueManager.java:<init>(84)) - Using callQueue: class java.util.concurrent.LinkedBlockingQueue, queueCapacity: 2000, scheduler: class org.apache.hadoop.ipc.DefaultRpcScheduler, ipcBackoff: false.
2019-07-14 16:34:31,179 INFO  ipc.Server (Server.java:run(1074)) - Starting Socket Reader #1 for port 41359
2019-07-14 16:34:31,201 INFO  ipc.CallQueueManager (CallQueueManager.java:<init>(84)) - Using callQueue: class java.util.concurrent.LinkedBlockingQueue, queueCapacity: 2000, scheduler: class org.apache.hadoop.ipc.DefaultRpcScheduler, ipcBackoff: false.
2019-07-14 16:34:31,202 INFO  ipc.Server (Server.java:run(1074)) - Starting Socket Reader #1 for port 44525
2019-07-14 16:34:31,208 INFO  ipc.CallQueueManager (CallQueueManager.java:<init>(84)) - Using callQueue: class java.util.concurrent.LinkedBlockingQueue, queueCapacity: 2000, scheduler: class org.apache.hadoop.ipc.DefaultRpcScheduler, ipcBackoff: false.
2019-07-14 16:34:31,209 INFO  ipc.Server (Server.java:run(1074)) - Starting Socket Reader #1 for port 34515
2019-07-14 16:34:31,343 INFO  hdfs.DFSUtil (DFSUtil.java:httpServerTemplateForNNAndJN(1641)) - Starting Web-server for scm at: http://0.0.0.0:0
2019-07-14 16:34:31,509 INFO  server.AuthenticationFilter (AuthenticationFilter.java:constructSecretProvider(240)) - Unable to initialize FileSignerSecretProvider, falling back to use random secrets.
2019-07-14 16:34:31,516 WARN  http.HttpRequestLog (HttpRequestLog.java:getRequestLog(97)) - Jetty request log can only be enabled using Log4j
2019-07-14 16:34:31,524 INFO  http.HttpServer2 (HttpServer2.java:addGlobalFilter(975)) - Added global filter 'safety' (class=org.apache.hadoop.http.HttpServer2$QuotingInputFilter)
2019-07-14 16:34:31,526 INFO  http.HttpServer2 (HttpServer2.java:addFilter(948)) - Added filter static_user_filter (class=org.apache.hadoop.http.lib.StaticUserWebFilter$StaticUserFilter) to context scm
2019-07-14 16:34:31,526 INFO  http.HttpServer2 (HttpServer2.java:addFilter(958)) - Added filter static_user_filter (class=org.apache.hadoop.http.lib.StaticUserWebFilter$StaticUserFilter) to context logs
2019-07-14 16:34:31,527 INFO  http.HttpServer2 (HttpServer2.java:addFilter(958)) - Added filter static_user_filter (class=org.apache.hadoop.http.lib.StaticUserWebFilter$StaticUserFilter) to context static
2019-07-14 16:34:31,554 INFO  server.StorageContainerManager (StorageContainerManager.java:start(761)) - StorageContainerLocationProtocol RPC server is listening at /0.0.0.0:34515
2019-07-14 16:34:31,613 WARN  impl.MetricsConfig (MetricsConfig.java:loadFirst(134)) - Cannot locate configuration: tried hadoop-metrics2-storagecontainermanager.properties,hadoop-metrics2.properties
2019-07-14 16:34:31,626 INFO  impl.MetricsSystemImpl (MetricsSystemImpl.java:startTimer(374)) - Scheduled Metric snapshot period at 10 second(s).
2019-07-14 16:34:31,626 INFO  impl.MetricsSystemImpl (MetricsSystemImpl.java:start(191)) - StorageContainerManager metrics system started
2019-07-14 16:34:31,876 INFO  server.SCMClientProtocolServer (SCMClientProtocolServer.java:start(149)) - RPC server for Client  is listening at /0.0.0.0:34515
2019-07-14 16:34:31,878 INFO  ipc.Server (Server.java:run(1314)) - IPC Server Responder: starting
2019-07-14 16:34:31,878 INFO  ipc.Server (Server.java:run(1153)) - IPC Server listener on 34515: starting
2019-07-14 16:34:31,882 INFO  server.StorageContainerManager (StorageContainerManager.java:start(771)) - ScmBlockLocationProtocol RPC server is listening at /0.0.0.0:44525
2019-07-14 16:34:31,883 INFO  server.SCMBlockProtocolServer (SCMBlockProtocolServer.java:start(140)) - RPC server for Block Protocol is listening at /0.0.0.0:44525
2019-07-14 16:34:31,883 INFO  ipc.Server (Server.java:run(1153)) - IPC Server listener on 44525: starting
2019-07-14 16:34:31,883 INFO  ipc.Server (Server.java:run(1314)) - IPC Server Responder: starting
2019-07-14 16:34:31,892 INFO  server.StorageContainerManager (StorageContainerManager.java:start(775)) - ScmDatanodeProtocl RPC server is listening at /0.0.0.0:41359
2019-07-14 16:34:31,893 INFO  server.SCMDatanodeProtocolServer (SCMDatanodeProtocolServer.java:start(191)) - RPC server for DataNodes is listening at /0.0.0.0:41359
2019-07-14 16:34:31,894 INFO  ipc.Server (Server.java:run(1314)) - IPC Server Responder: starting
2019-07-14 16:34:31,894 INFO  ipc.Server (Server.java:run(1153)) - IPC Server listener on 41359: starting
2019-07-14 16:34:31,906 INFO  http.HttpServer2 (HttpServer2.java:bindListener(1191)) - Jetty bound to port 35379
2019-07-14 16:34:31,908 INFO  server.Server (Server.java:doStart(351)) - jetty-9.3.24.v20180605, build timestamp: 2018-06-05T17:11:56Z, git hash: 84205aa28f11a4f31f2a3b86d1bba2cc8ab69827
2019-07-14 16:34:31,949 INFO  handler.ContextHandler (ContextHandler.java:doStart(781)) - Started o.e.j.s.ServletContextHandler@2654635{/logs,file:///workdir/hadoop-ozone/integration-test/target/log,AVAILABLE}
2019-07-14 16:34:31,949 INFO  handler.ContextHandler (ContextHandler.java:doStart(781)) - Started o.e.j.s.ServletContextHandler@687ef2e0{/static,file:///workdir/hadoop-ozone/integration-test/target/test-classes/webapps/static,AVAILABLE}
2019-07-14 16:34:31,980 INFO  handler.ContextHandler (ContextHandler.java:doStart(781)) - Started o.e.j.w.WebAppContext@61078690{/,file:///workdir/hadoop-ozone/integration-test/target/test-classes/webapps/scm/,AVAILABLE}{/scm}
2019-07-14 16:34:31,986 INFO  server.AbstractConnector (AbstractConnector.java:doStart(278)) - Started ServerConnector@15a902e7{HTTP/1.1,[http/1.1]}{0.0.0.0:35379}
2019-07-14 16:34:31,986 INFO  server.Server (Server.java:doStart(419)) - Started @2715ms
2019-07-14 16:34:31,989 INFO  server.BaseHttpServer (BaseHttpServer.java:updateConnectorAddress(207)) - HTTP server of SCM is listening at http://0.0.0.0:35379
2019-07-14 16:34:31,998 INFO  util.JvmPauseMonitor (JvmPauseMonitor.java:run(188)) - Starting JVM pause monitor
2019-07-14 16:34:32,002 WARN  server.ServerUtils (ServerUtils.java:getDBPath(222)) - ozone.om.db.dirs is not configured. We recommend adding this setting. Falling back to ozone.metadata.dirs instead.
2019-07-14 16:34:32,127 WARN  server.ServerUtils (ServerUtils.java:getDBPath(222)) - ozone.om.db.dirs is not configured. We recommend adding this setting. Falling back to ozone.metadata.dirs instead.
2019-07-14 16:34:32,128 INFO  om.OzoneManager (OzoneManager.java:setOMNodeDetails(632)) - OM Service ID is not set. Setting it to the default ID: omServiceIdDefault
2019-07-14 16:34:32,128 INFO  om.OzoneManager (OzoneManager.java:setOMNodeDetails(638)) - OM Node ID is not set. Setting it to the OmStorage's OmID: cd707568-fed7-44bb-b001-a3dbb1d6cfcf
2019-07-14 16:34:32,130 INFO  om.OzoneManager (OzoneManager.java:loadOMHAConfigs(589)) - Found matching OM address with OMServiceId: null, OMNodeId: null, RPC Address: localhost:0 and Ratis port: 9872
2019-07-14 16:34:32,392 WARN  server.ServerUtils (ServerUtils.java:getDBPath(222)) - ozone.om.db.dirs is not configured. We recommend adding this setting. Falling back to ozone.metadata.dirs instead.
2019-07-14 16:34:32,400 INFO  db.DBStoreBuilder (DBStoreBuilder.java:addTable(110)) - using custom profile for table: userTable
2019-07-14 16:34:32,400 INFO  db.DBStoreBuilder (DBStoreBuilder.java:processTables(161)) - Using default column profile:DBProfile.DISK for Table:userTable
2019-07-14 16:34:32,401 INFO  db.DBStoreBuilder (DBStoreBuilder.java:addTable(110)) - using custom profile for table: volumeTable
2019-07-14 16:34:32,401 INFO  db.DBStoreBuilder (DBStoreBuilder.java:processTables(161)) - Using default column profile:DBProfile.DISK for Table:volumeTable
2019-07-14 16:34:32,401 INFO  db.DBStoreBuilder (DBStoreBuilder.java:addTable(110)) - using custom profile for table: bucketTable
2019-07-14 16:34:32,401 INFO  db.DBStoreBuilder (DBStoreBuilder.java:processTables(161)) - Using default column profile:DBProfile.DISK for Table:bucketTable
2019-07-14 16:34:32,402 INFO  db.DBStoreBuilder (DBStoreBuilder.java:addTable(110)) - using custom profile for table: keyTable
2019-07-14 16:34:32,402 INFO  db.DBStoreBuilder (DBStoreBuilder.java:processTables(161)) - Using default column profile:DBProfile.DISK for Table:keyTable
2019-07-14 16:34:32,402 INFO  db.DBStoreBuilder (DBStoreBuilder.java:addTable(110)) - using custom profile for table: deletedTable
2019-07-14 16:34:32,402 INFO  db.DBStoreBuilder (DBStoreBuilder.java:processTables(161)) - Using default column profile:DBProfile.DISK for Table:deletedTable
2019-07-14 16:34:32,403 INFO  db.DBStoreBuilder (DBStoreBuilder.java:addTable(110)) - using custom profile for table: openKeyTable
2019-07-14 16:34:32,403 INFO  db.DBStoreBuilder (DBStoreBuilder.java:processTables(161)) - Using default column profile:DBProfile.DISK for Table:openKeyTable
2019-07-14 16:34:32,403 INFO  db.DBStoreBuilder (DBStoreBuilder.java:addTable(110)) - using custom profile for table: s3Table
2019-07-14 16:34:32,403 INFO  db.DBStoreBuilder (DBStoreBuilder.java:processTables(161)) - Using default column profile:DBProfile.DISK for Table:s3Table
2019-07-14 16:34:32,404 INFO  db.DBStoreBuilder (DBStoreBuilder.java:addTable(110)) - using custom profile for table: multipartInfoTable
2019-07-14 16:34:32,404 INFO  db.DBStoreBuilder (DBStoreBuilder.java:processTables(161)) - Using default column profile:DBProfile.DISK for Table:multipartInfoTable
2019-07-14 16:34:32,404 INFO  db.DBStoreBuilder (DBStoreBuilder.java:addTable(110)) - using custom profile for table: dTokenTable
2019-07-14 16:34:32,404 INFO  db.DBStoreBuilder (DBStoreBuilder.java:processTables(161)) - Using default column profile:DBProfile.DISK for Table:dTokenTable
2019-07-14 16:34:32,405 INFO  db.DBStoreBuilder (DBStoreBuilder.java:addTable(110)) - using custom profile for table: s3SecretTable
2019-07-14 16:34:32,405 INFO  db.DBStoreBuilder (DBStoreBuilder.java:processTables(161)) - Using default column profile:DBProfile.DISK for Table:s3SecretTable
2019-07-14 16:34:32,405 INFO  db.DBStoreBuilder (DBStoreBuilder.java:addTable(110)) - using custom profile for table: prefixTable
2019-07-14 16:34:32,405 INFO  db.DBStoreBuilder (DBStoreBuilder.java:processTables(161)) - Using default column profile:DBProfile.DISK for Table:prefixTable
2019-07-14 16:34:32,406 INFO  db.DBStoreBuilder (DBStoreBuilder.java:addTable(110)) - using custom profile for table: default
2019-07-14 16:34:32,406 INFO  db.DBStoreBuilder (DBStoreBuilder.java:processTables(167)) - Using default column profile:DBProfile.DISK for Table:default
2019-07-14 16:34:32,406 INFO  db.DBStoreBuilder (DBStoreBuilder.java:getDbProfile(198)) - Using default options. DBProfile.DISK
2019-07-14 16:34:33,369 INFO  ipc.CallQueueManager (CallQueueManager.java:<init>(84)) - Using callQueue: class java.util.concurrent.LinkedBlockingQueue, queueCapacity: 2000, scheduler: class org.apache.hadoop.ipc.DefaultRpcScheduler, ipcBackoff: false.
2019-07-14 16:34:33,371 INFO  ipc.Server (Server.java:run(1074)) - Starting Socket Reader #1 for port 40075
2019-07-14 16:34:33,399 WARN  server.ServerUtils (ServerUtils.java:getDBPath(222)) - ozone.om.db.dirs is not configured. We recommend adding this setting. Falling back to ozone.metadata.dirs instead.
2019-07-14 16:34:33,399 INFO  om.OzoneManager (OzoneManager.java:start(1230)) - OzoneManager RPC server is listening at localhost/127.0.0.1:40075
2019-07-14 16:34:33,399 INFO  impl.MetricsSystemImpl (MetricsSystemImpl.java:init(158)) - OzoneManager metrics system started (again)
2019-07-14 16:34:33,403 INFO  ipc.Server (Server.java:run(1314)) - IPC Server Responder: starting
2019-07-14 16:34:33,406 INFO  ipc.Server (Server.java:run(1153)) - IPC Server listener on 40075: starting
2019-07-14 16:34:33,417 INFO  hdfs.DFSUtil (DFSUtil.java:httpServerTemplateForNNAndJN(1641)) - Starting Web-server for ozoneManager at: http://0.0.0.0:0
2019-07-14 16:34:33,420 INFO  server.AuthenticationFilter (AuthenticationFilter.java:constructSecretProvider(240)) - Unable to initialize FileSignerSecretProvider, falling back to use random secrets.
2019-07-14 16:34:33,421 WARN  http.HttpRequestLog (HttpRequestLog.java:getRequestLog(97)) - Jetty request log can only be enabled using Log4j
2019-07-14 16:34:33,424 INFO  http.HttpServer2 (HttpServer2.java:addGlobalFilter(975)) - Added global filter 'safety' (class=org.apache.hadoop.http.HttpServer2$QuotingInputFilter)
2019-07-14 16:34:33,426 INFO  http.HttpServer2 (HttpServer2.java:addFilter(948)) - Added filter static_user_filter (class=org.apache.hadoop.http.lib.StaticUserWebFilter$StaticUserFilter) to context ozoneManager
2019-07-14 16:34:33,426 INFO  http.HttpServer2 (HttpServer2.java:addFilter(958)) - Added filter static_user_filter (class=org.apache.hadoop.http.lib.StaticUserWebFilter$StaticUserFilter) to context static
2019-07-14 16:34:33,426 INFO  http.HttpServer2 (HttpServer2.java:addFilter(958)) - Added filter static_user_filter (class=org.apache.hadoop.http.lib.StaticUserWebFilter$StaticUserFilter) to context logs
2019-07-14 16:34:33,429 INFO  http.HttpServer2 (HttpServer2.java:bindListener(1191)) - Jetty bound to port 37527
2019-07-14 16:34:33,429 INFO  server.Server (Server.java:doStart(351)) - jetty-9.3.24.v20180605, build timestamp: 2018-06-05T17:11:56Z, git hash: 84205aa28f11a4f31f2a3b86d1bba2cc8ab69827
2019-07-14 16:34:33,432 INFO  handler.ContextHandler (ContextHandler.java:doStart(781)) - Started o.e.j.s.ServletContextHandler@682c1e93{/logs,file:///workdir/hadoop-ozone/integration-test/target/log,AVAILABLE}
2019-07-14 16:34:33,433 INFO  handler.ContextHandler (ContextHandler.java:doStart(781)) - Started o.e.j.s.ServletContextHandler@68e62ca4{/static,file:///workdir/hadoop-ozone/integration-test/target/test-classes/webapps/static,AVAILABLE}
2019-07-14 16:34:33,440 INFO  handler.ContextHandler (ContextHandler.java:doStart(781)) - Started o.e.j.w.WebAppContext@71a3a190{/,file:///workdir/hadoop-ozone/integration-test/target/test-classes/webapps/ozoneManager/,AVAILABLE}{/ozoneManager}
2019-07-14 16:34:33,442 INFO  server.AbstractConnector (AbstractConnector.java:doStart(278)) - Started ServerConnector@588ffeb{HTTP/1.1,[http/1.1]}{0.0.0.0:37527}
2019-07-14 16:34:33,442 INFO  server.Server (Server.java:doStart(419)) - Started @4171ms
2019-07-14 16:34:33,444 INFO  server.BaseHttpServer (BaseHttpServer.java:updateConnectorAddress(207)) - HTTP server of OZONEMANAGER is listening at http://0.0.0.0:37527
2019-07-14 16:34:33,755 INFO  impl.MetricsSystemImpl (MetricsSystemImpl.java:init(158)) - HddsDatanode metrics system started (again)
2019-07-14 16:34:33,840 INFO  ozone.HddsDatanodeService (HddsDatanodeService.java:start(185)) - HddsDatanodeService host:pr-hdds-1710-5x6jb-1204890111 ip:192.168.69.77
2019-07-14 16:34:33,871 INFO  volume.HddsVolume (HddsVolume.java:<init>(176)) - Creating Volume: /workdir/hadoop-ozone/integration-test/target/test-dir/MiniOzoneClusterImpl-82b6509d-b70a-47b0-bd13-965f0fed5d1a/datanode-0/data/containers/hdds of  storage type : DISK and capacity : 52710309888
2019-07-14 16:34:33,873 INFO  volume.VolumeSet (VolumeSet.java:initializeVolumeSet(170)) - Added Volume : /workdir/hadoop-ozone/integration-test/target/test-dir/MiniOzoneClusterImpl-82b6509d-b70a-47b0-bd13-965f0fed5d1a/datanode-0/data/containers/hdds to VolumeSet
2019-07-14 16:34:33,876 INFO  volume.ThrottledAsyncChecker (ThrottledAsyncChecker.java:schedule(140)) - Scheduling a check for org.apache.hadoop.ozone.container.common.volume.HddsVolume@1f193686
2019-07-14 16:34:33,892 INFO  volume.HddsVolumeChecker (HddsVolumeChecker.java:checkAllVolumes(203)) - Scheduled health check for volume org.apache.hadoop.ozone.container.common.volume.HddsVolume@1f193686
2019-07-14 16:34:34,002 INFO  impl.RaftServerProxy (ConfUtils.java:logGet(43)) - raft.rpc.type = GRPC (default)
2019-07-14 16:34:34,063 INFO  grpc.GrpcFactory (GrpcFactory.java:checkPooledByteBufAllocatorUseCacheForAllThreads(45)) - PERFORMANCE WARNING: useCacheForAllThreads is true that may cause Netty to create a lot garbage objects and, as a result, trigger GC.
	It is recommended to disable useCacheForAllThreads by setting -Dorg.apache.ratis.thirdparty.io.netty.allocator.useCacheForAllThreads=false in command line.
2019-07-14 16:34:34,068 INFO  grpc.GrpcConfigKeys$Server (ConfUtils.java:logGet(43)) - raft.grpc.server.port = 0 (default)
2019-07-14 16:34:34,069 INFO  server.GrpcService (ConfUtils.java:logGet(43)) - raft.grpc.message.size.max = 33570816 (custom)
2019-07-14 16:34:34,070 INFO  server.RaftServerConfigKeys (ConfUtils.java:logGet(43)) - raft.server.log.appender.buffer.byte-limit = 33554432 (custom)
2019-07-14 16:34:34,071 INFO  server.GrpcService (ConfUtils.java:logGet(43)) - raft.grpc.flow.control.window = 1MB (=1048576) (default)
2019-07-14 16:34:34,072 INFO  server.RaftServerConfigKeys (ConfUtils.java:logGet(43)) - raft.server.rpc.request.timeout = 3000ms (default)
2019-07-14 16:34:34,225 INFO  server.RaftServerConfigKeys (ConfUtils.java:logGet(43)) - raft.server.storage.dir = [/workdir/hadoop-ozone/integration-test/target/test-dir/MiniOzoneClusterImpl-82b6509d-b70a-47b0-bd13-965f0fed5d1a/datanode-0/data/ratis] (custom)
2019-07-14 16:34:34,260 INFO  replication.SimpleContainerDownloader (SimpleContainerDownloader.java:<init>(72)) - Starting container downloader service to copy containers to replicate.
2019-07-14 16:34:34,273 INFO  hdfs.DFSUtil (DFSUtil.java:httpServerTemplateForNNAndJN(1641)) - Starting Web-server for hddsDatanode at: http://0.0.0.0:0
2019-07-14 16:34:34,274 INFO  server.AuthenticationFilter (AuthenticationFilter.java:constructSecretProvider(240)) - Unable to initialize FileSignerSecretProvider, falling back to use random secrets.
2019-07-14 16:34:34,275 WARN  http.HttpRequestLog (HttpRequestLog.java:getRequestLog(97)) - Jetty request log can only be enabled using Log4j
2019-07-14 16:34:34,277 INFO  http.HttpServer2 (HttpServer2.java:addGlobalFilter(975)) - Added global filter 'safety' (class=org.apache.hadoop.http.HttpServer2$QuotingInputFilter)
2019-07-14 16:34:34,277 INFO  http.HttpServer2 (HttpServer2.java:addFilter(948)) - Added filter static_user_filter (class=org.apache.hadoop.http.lib.StaticUserWebFilter$StaticUserFilter) to context hddsDatanode
2019-07-14 16:34:34,277 INFO  http.HttpServer2 (HttpServer2.java:addFilter(958)) - Added filter static_user_filter (class=org.apache.hadoop.http.lib.StaticUserWebFilter$StaticUserFilter) to context static
2019-07-14 16:34:34,278 INFO  http.HttpServer2 (HttpServer2.java:addFilter(958)) - Added filter static_user_filter (class=org.apache.hadoop.http.lib.StaticUserWebFilter$StaticUserFilter) to context logs
2019-07-14 16:34:34,278 INFO  http.HttpServer2 (HttpServer2.java:bindListener(1191)) - Jetty bound to port 35130
2019-07-14 16:34:34,279 INFO  server.Server (Server.java:doStart(351)) - jetty-9.3.24.v20180605, build timestamp: 2018-06-05T17:11:56Z, git hash: 84205aa28f11a4f31f2a3b86d1bba2cc8ab69827
2019-07-14 16:34:34,280 INFO  handler.ContextHandler (ContextHandler.java:doStart(781)) - Started o.e.j.s.ServletContextHandler@2b03d52f{/logs,file:///workdir/hadoop-ozone/integration-test/target/log,AVAILABLE}
2019-07-14 16:34:34,281 INFO  handler.ContextHandler (ContextHandler.java:doStart(781)) - Started o.e.j.s.ServletContextHandler@4af70944{/static,jar:file:/home/user/.m2/repository/org/apache/hadoop/hadoop-hdds-container-service/0.5.0-SNAPSHOT/hadoop-hdds-container-service-0.5.0-SNAPSHOT.jar!/webapps/static,AVAILABLE}
2019-07-14 16:34:34,332 INFO  handler.ContextHandler (ContextHandler.java:doStart(781)) - Started o.e.j.w.WebAppContext@7718a40f{/,file:///tmp/jetty-0.0.0.0-35130-hddsDatanode-_-any-6397399467128330821.dir/webapp/,AVAILABLE}{/hddsDatanode}
2019-07-14 16:34:34,333 INFO  server.AbstractConnector (AbstractConnector.java:doStart(278)) - Started ServerConnector@312b34e3{HTTP/1.1,[http/1.1]}{0.0.0.0:35130}
2019-07-14 16:34:34,337 INFO  server.Server (Server.java:doStart(419)) - Started @5066ms
2019-07-14 16:34:34,339 INFO  server.BaseHttpServer (BaseHttpServer.java:updateConnectorAddress(207)) - HTTP server of HDDSDATANODE is listening at http://0.0.0.0:35130
2019-07-14 16:34:35,518 INFO  ozone.HddsDatanodeService (HddsDatanodeService.java:startPlugins(396)) - Started plug-in org.apache.hadoop.ozone.web.OzoneHddsDatanodeService@459003a0
2019-07-14 16:34:35,522 INFO  impl.MetricsSystemImpl (MetricsSystemImpl.java:init(158)) - HddsDatanode metrics system started (again)
2019-07-14 16:34:35,527 INFO  ozone.HddsDatanodeService (HddsDatanodeService.java:start(185)) - HddsDatanodeService host:pr-hdds-1710-5x6jb-1204890111 ip:192.168.69.77
2019-07-14 16:34:35,530 INFO  util.JvmPauseMonitor (JvmPauseMonitor.java:run(188)) - Starting JVM pause monitor
2019-07-14 16:34:35,537 INFO  volume.HddsVolume (HddsVolume.java:<init>(176)) - Creating Volume: /workdir/hadoop-ozone/integration-test/target/test-dir/MiniOzoneClusterImpl-82b6509d-b70a-47b0-bd13-965f0fed5d1a/datanode-1/data/containers/hdds of  storage type : DISK and capacity : 52710309888
2019-07-14 16:34:35,538 INFO  volume.VolumeSet (VolumeSet.java:initializeVolumeSet(170)) - Added Volume : /workdir/hadoop-ozone/integration-test/target/test-dir/MiniOzoneClusterImpl-82b6509d-b70a-47b0-bd13-965f0fed5d1a/datanode-1/data/containers/hdds to VolumeSet
2019-07-14 16:34:35,538 INFO  volume.ThrottledAsyncChecker (ThrottledAsyncChecker.java:schedule(140)) - Scheduling a check for org.apache.hadoop.ozone.container.common.volume.HddsVolume@2f79f192
2019-07-14 16:34:35,539 INFO  volume.HddsVolumeChecker (HddsVolumeChecker.java:checkAllVolumes(203)) - Scheduled health check for volume org.apache.hadoop.ozone.container.common.volume.HddsVolume@2f79f192
2019-07-14 16:34:35,561 INFO  impl.RaftServerProxy (ConfUtils.java:logGet(43)) - raft.rpc.type = GRPC (default)
2019-07-14 16:34:35,561 INFO  grpc.GrpcFactory (GrpcFactory.java:checkPooledByteBufAllocatorUseCacheForAllThreads(45)) - PERFORMANCE WARNING: useCacheForAllThreads is true that may cause Netty to create a lot garbage objects and, as a result, trigger GC.
	It is recommended to disable useCacheForAllThreads by setting -Dorg.apache.ratis.thirdparty.io.netty.allocator.useCacheForAllThreads=false in command line.
2019-07-14 16:34:35,561 INFO  grpc.GrpcConfigKeys$Server (ConfUtils.java:logGet(43)) - raft.grpc.server.port = 0 (default)
2019-07-14 16:34:35,562 INFO  server.GrpcService (ConfUtils.java:logGet(43)) - raft.grpc.message.size.max = 33570816 (custom)
2019-07-14 16:34:35,562 INFO  server.RaftServerConfigKeys (ConfUtils.java:logGet(43)) - raft.server.log.appender.buffer.byte-limit = 33554432 (custom)
2019-07-14 16:34:35,562 INFO  server.GrpcService (ConfUtils.java:logGet(43)) - raft.grpc.flow.control.window = 1MB (=1048576) (default)
2019-07-14 16:34:35,562 INFO  server.RaftServerConfigKeys (ConfUtils.java:logGet(43)) - raft.server.rpc.request.timeout = 3000ms (default)
2019-07-14 16:34:35,563 INFO  server.RaftServerConfigKeys (ConfUtils.java:logGet(43)) - raft.server.storage.dir = [/workdir/hadoop-ozone/integration-test/target/test-dir/MiniOzoneClusterImpl-82b6509d-b70a-47b0-bd13-965f0fed5d1a/datanode-1/data/ratis] (custom)
2019-07-14 16:34:35,564 INFO  replication.SimpleContainerDownloader (SimpleContainerDownloader.java:<init>(72)) - Starting container downloader service to copy containers to replicate.
2019-07-14 16:34:35,565 INFO  hdfs.DFSUtil (DFSUtil.java:httpServerTemplateForNNAndJN(1641)) - Starting Web-server for hddsDatanode at: http://0.0.0.0:0
2019-07-14 16:34:35,569 INFO  server.AuthenticationFilter (AuthenticationFilter.java:constructSecretProvider(240)) - Unable to initialize FileSignerSecretProvider, falling back to use random secrets.
2019-07-14 16:34:35,571 WARN  http.HttpRequestLog (HttpRequestLog.java:getRequestLog(97)) - Jetty request log can only be enabled using Log4j
2019-07-14 16:34:35,574 INFO  http.HttpServer2 (HttpServer2.java:addGlobalFilter(975)) - Added global filter 'safety' (class=org.apache.hadoop.http.HttpServer2$QuotingInputFilter)
2019-07-14 16:34:35,576 INFO  http.HttpServer2 (HttpServer2.java:addFilter(948)) - Added filter static_user_filter (class=org.apache.hadoop.http.lib.StaticUserWebFilter$StaticUserFilter) to context hddsDatanode
2019-07-14 16:34:35,576 INFO  http.HttpServer2 (HttpServer2.java:addFilter(958)) - Added filter static_user_filter (class=org.apache.hadoop.http.lib.StaticUserWebFilter$StaticUserFilter) to context static
2019-07-14 16:34:35,576 INFO  http.HttpServer2 (HttpServer2.java:addFilter(958)) - Added filter static_user_filter (class=org.apache.hadoop.http.lib.StaticUserWebFilter$StaticUserFilter) to context logs
2019-07-14 16:34:35,578 INFO  http.HttpServer2 (HttpServer2.java:bindListener(1191)) - Jetty bound to port 45941
2019-07-14 16:34:35,578 INFO  server.Server (Server.java:doStart(351)) - jetty-9.3.24.v20180605, build timestamp: 2018-06-05T17:11:56Z, git hash: 84205aa28f11a4f31f2a3b86d1bba2cc8ab69827
2019-07-14 16:34:35,582 INFO  handler.ContextHandler (ContextHandler.java:doStart(781)) - Started o.e.j.s.ServletContextHandler@2e71240b{/logs,file:///workdir/hadoop-ozone/integration-test/target/log,AVAILABLE}
2019-07-14 16:34:35,583 INFO  handler.ContextHandler (ContextHandler.java:doStart(781)) - Started o.e.j.s.ServletContextHandler@2b44d6d0{/static,jar:file:/home/user/.m2/repository/org/apache/hadoop/hadoop-hdds-container-service/0.5.0-SNAPSHOT/hadoop-hdds-container-service-0.5.0-SNAPSHOT.jar!/webapps/static,AVAILABLE}
2019-07-14 16:34:35,628 INFO  handler.ContextHandler (ContextHandler.java:doStart(781)) - Started o.e.j.w.WebAppContext@7bee8621{/,file:///tmp/jetty-0.0.0.0-45941-hddsDatanode-_-any-7810563168973264116.dir/webapp/,AVAILABLE}{/hddsDatanode}
2019-07-14 16:34:35,628 INFO  server.AbstractConnector (AbstractConnector.java:doStart(278)) - Started ServerConnector@4e0cc334{HTTP/1.1,[http/1.1]}{0.0.0.0:45941}
2019-07-14 16:34:35,629 INFO  server.Server (Server.java:doStart(419)) - Started @6358ms
2019-07-14 16:34:35,631 INFO  server.BaseHttpServer (BaseHttpServer.java:updateConnectorAddress(207)) - HTTP server of HDDSDATANODE is listening at http://0.0.0.0:45941
2019-07-14 16:34:35,653 INFO  datanode.InitDatanodeState (InitDatanodeState.java:persistContainerDatanodeDetails(140)) - DatanodeDetails is persisted to /workdir/hadoop-ozone/integration-test/target/test-dir/MiniOzoneClusterImpl-82b6509d-b70a-47b0-bd13-965f0fed5d1a/datanode-0/meta/datanode.id
2019-07-14 16:34:35,776 INFO  ozone.HddsDatanodeService (HddsDatanodeService.java:startPlugins(396)) - Started plug-in org.apache.hadoop.ozone.web.OzoneHddsDatanodeService@36359723
2019-07-14 16:34:35,776 INFO  impl.MetricsSystemImpl (MetricsSystemImpl.java:init(158)) - HddsDatanode metrics system started (again)
2019-07-14 16:34:35,779 INFO  ozone.HddsDatanodeService (HddsDatanodeService.java:start(185)) - HddsDatanodeService host:pr-hdds-1710-5x6jb-1204890111 ip:192.168.69.77
2019-07-14 16:34:35,780 INFO  util.JvmPauseMonitor (JvmPauseMonitor.java:run(188)) - Starting JVM pause monitor
2019-07-14 16:34:35,788 INFO  volume.HddsVolume (HddsVolume.java:<init>(176)) - Creating Volume: /workdir/hadoop-ozone/integration-test/target/test-dir/MiniOzoneClusterImpl-82b6509d-b70a-47b0-bd13-965f0fed5d1a/datanode-2/data/containers/hdds of  storage type : DISK and capacity : 52710309888
2019-07-14 16:34:35,789 INFO  volume.VolumeSet (VolumeSet.java:initializeVolumeSet(170)) - Added Volume : /workdir/hadoop-ozone/integration-test/target/test-dir/MiniOzoneClusterImpl-82b6509d-b70a-47b0-bd13-965f0fed5d1a/datanode-2/data/containers/hdds to VolumeSet
2019-07-14 16:34:35,789 INFO  volume.ThrottledAsyncChecker (ThrottledAsyncChecker.java:schedule(140)) - Scheduling a check for org.apache.hadoop.ozone.container.common.volume.HddsVolume@33a8c9c9
2019-07-14 16:34:35,789 INFO  volume.HddsVolumeChecker (HddsVolumeChecker.java:checkAllVolumes(203)) - Scheduled health check for volume org.apache.hadoop.ozone.container.common.volume.HddsVolume@33a8c9c9
2019-07-14 16:34:35,791 INFO  datanode.InitDatanodeState (InitDatanodeState.java:persistContainerDatanodeDetails(140)) - DatanodeDetails is persisted to /workdir/hadoop-ozone/integration-test/target/test-dir/MiniOzoneClusterImpl-82b6509d-b70a-47b0-bd13-965f0fed5d1a/datanode-1/meta/datanode.id
2019-07-14 16:34:35,804 INFO  impl.RaftServerProxy (ConfUtils.java:logGet(43)) - raft.rpc.type = GRPC (default)
2019-07-14 16:34:35,804 INFO  grpc.GrpcFactory (GrpcFactory.java:checkPooledByteBufAllocatorUseCacheForAllThreads(45)) - PERFORMANCE WARNING: useCacheForAllThreads is true that may cause Netty to create a lot garbage objects and, as a result, trigger GC.
	It is recommended to disable useCacheForAllThreads by setting -Dorg.apache.ratis.thirdparty.io.netty.allocator.useCacheForAllThreads=false in command line.
2019-07-14 16:34:35,804 INFO  grpc.GrpcConfigKeys$Server (ConfUtils.java:logGet(43)) - raft.grpc.server.port = 0 (default)
2019-07-14 16:34:35,805 INFO  server.GrpcService (ConfUtils.java:logGet(43)) - raft.grpc.message.size.max = 33570816 (custom)
2019-07-14 16:34:35,805 INFO  server.RaftServerConfigKeys (ConfUtils.java:logGet(43)) - raft.server.log.appender.buffer.byte-limit = 33554432 (custom)
2019-07-14 16:34:35,805 INFO  server.GrpcService (ConfUtils.java:logGet(43)) - raft.grpc.flow.control.window = 1MB (=1048576) (default)
2019-07-14 16:34:35,805 INFO  server.RaftServerConfigKeys (ConfUtils.java:logGet(43)) - raft.server.rpc.request.timeout = 3000ms (default)
2019-07-14 16:34:35,806 INFO  server.RaftServerConfigKeys (ConfUtils.java:logGet(43)) - raft.server.storage.dir = [/workdir/hadoop-ozone/integration-test/target/test-dir/MiniOzoneClusterImpl-82b6509d-b70a-47b0-bd13-965f0fed5d1a/datanode-2/data/ratis] (custom)
2019-07-14 16:34:35,807 INFO  replication.SimpleContainerDownloader (SimpleContainerDownloader.java:<init>(72)) - Starting container downloader service to copy containers to replicate.
2019-07-14 16:34:35,808 INFO  hdfs.DFSUtil (DFSUtil.java:httpServerTemplateForNNAndJN(1641)) - Starting Web-server for hddsDatanode at: http://0.0.0.0:0
2019-07-14 16:34:35,809 INFO  server.AuthenticationFilter (AuthenticationFilter.java:constructSecretProvider(240)) - Unable to initialize FileSignerSecretProvider, falling back to use random secrets.
2019-07-14 16:34:35,809 WARN  http.HttpRequestLog (HttpRequestLog.java:getRequestLog(97)) - Jetty request log can only be enabled using Log4j
2019-07-14 16:34:35,811 INFO  http.HttpServer2 (HttpServer2.java:addGlobalFilter(975)) - Added global filter 'safety' (class=org.apache.hadoop.http.HttpServer2$QuotingInputFilter)
2019-07-14 16:34:35,811 INFO  http.HttpServer2 (HttpServer2.java:addFilter(948)) - Added filter static_user_filter (class=org.apache.hadoop.http.lib.StaticUserWebFilter$StaticUserFilter) to context hddsDatanode
2019-07-14 16:34:35,811 INFO  http.HttpServer2 (HttpServer2.java:addFilter(958)) - Added filter static_user_filter (class=org.apache.hadoop.http.lib.StaticUserWebFilter$StaticUserFilter) to context static
2019-07-14 16:34:35,812 INFO  http.HttpServer2 (HttpServer2.java:addFilter(958)) - Added filter static_user_filter (class=org.apache.hadoop.http.lib.StaticUserWebFilter$StaticUserFilter) to context logs
2019-07-14 16:34:35,812 INFO  http.HttpServer2 (HttpServer2.java:bindListener(1191)) - Jetty bound to port 38044
2019-07-14 16:34:35,812 INFO  server.Server (Server.java:doStart(351)) - jetty-9.3.24.v20180605, build timestamp: 2018-06-05T17:11:56Z, git hash: 84205aa28f11a4f31f2a3b86d1bba2cc8ab69827
2019-07-14 16:34:35,814 INFO  handler.ContextHandler (ContextHandler.java:doStart(781)) - Started o.e.j.s.ServletContextHandler@a1691c0{/logs,file:///workdir/hadoop-ozone/integration-test/target/log,AVAILABLE}
2019-07-14 16:34:35,815 INFO  handler.ContextHandler (ContextHandler.java:doStart(781)) - Started o.e.j.s.ServletContextHandler@2f995afc{/static,jar:file:/home/user/.m2/repository/org/apache/hadoop/hadoop-hdds-container-service/0.5.0-SNAPSHOT/hadoop-hdds-container-service-0.5.0-SNAPSHOT.jar!/webapps/static,AVAILABLE}
2019-07-14 16:34:35,842 INFO  handler.ContextHandler (ContextHandler.java:doStart(781)) - Started o.e.j.w.WebAppContext@2fe2965c{/,file:///tmp/jetty-0.0.0.0-38044-hddsDatanode-_-any-9100746339289823289.dir/webapp/,AVAILABLE}{/hddsDatanode}
2019-07-14 16:34:35,843 INFO  server.AbstractConnector (AbstractConnector.java:doStart(278)) - Started ServerConnector@3375ebd3{HTTP/1.1,[http/1.1]}{0.0.0.0:38044}
2019-07-14 16:34:35,843 INFO  server.Server (Server.java:doStart(419)) - Started @6572ms
2019-07-14 16:34:35,845 INFO  server.BaseHttpServer (BaseHttpServer.java:updateConnectorAddress(207)) - HTTP server of HDDSDATANODE is listening at http://0.0.0.0:38044
2019-07-14 16:34:35,973 INFO  ozone.HddsDatanodeService (HddsDatanodeService.java:startPlugins(396)) - Started plug-in org.apache.hadoop.ozone.web.OzoneHddsDatanodeService@73bb1337
2019-07-14 16:34:35,976 INFO  ozone.MiniOzoneClusterImpl (MiniOzoneClusterImpl.java:lambda$waitForClusterToBeReady$0(142)) - Waiting for cluster to be ready. Got 0 of 3 DN Heartbeats.
2019-07-14 16:34:35,977 INFO  util.JvmPauseMonitor (JvmPauseMonitor.java:run(188)) - Starting JVM pause monitor
2019-07-14 16:34:35,979 INFO  datanode.InitDatanodeState (InitDatanodeState.java:persistContainerDatanodeDetails(140)) - DatanodeDetails is persisted to /workdir/hadoop-ozone/integration-test/target/test-dir/MiniOzoneClusterImpl-82b6509d-b70a-47b0-bd13-965f0fed5d1a/datanode-2/meta/datanode.id
2019-07-14 16:34:36,976 INFO  ozone.MiniOzoneClusterImpl (MiniOzoneClusterImpl.java:lambda$waitForClusterToBeReady$0(142)) - Waiting for cluster to be ready. Got 0 of 3 DN Heartbeats.
2019-07-14 16:34:37,592 INFO  ozoneimpl.OzoneContainer (OzoneContainer.java:start(186)) - Attempting to start container services.
2019-07-14 16:34:37,593 INFO  ozoneimpl.OzoneContainer (OzoneContainer.java:startContainerScrub(160)) - Background container scrubber has been disabled by hdds.containerscrub.enabled
2019-07-14 16:34:37,594 INFO  ratis.XceiverServerRatis (XceiverServerRatis.java:start(418)) - Starting XceiverServerRatis de73d09c-dee1-467e-9efd-5c5ec02f11ff at port 0
2019-07-14 16:34:37,623 INFO  impl.RaftServerProxy (RaftServerProxy.java:lambda$start$3(299)) - de73d09c-dee1-467e-9efd-5c5ec02f11ff: start RPC server
2019-07-14 16:34:37,742 INFO  server.GrpcService (GrpcService.java:startImpl(149)) - de73d09c-dee1-467e-9efd-5c5ec02f11ff: GrpcService started, listening on 0.0.0.0/0.0.0.0:35411
2019-07-14 16:34:37,743 INFO  ratis.XceiverServerRatis (XceiverServerRatis.java:start(428)) - XceiverServerRatis de73d09c-dee1-467e-9efd-5c5ec02f11ff is started using port 35411
2019-07-14 16:34:37,746 INFO  server.XceiverServerGrpc (XceiverServerGrpc.java:start(161)) - XceiverServerGrpc de73d09c-dee1-467e-9efd-5c5ec02f11ff is started using port 33538
2019-07-14 16:34:37,797 INFO  ozoneimpl.OzoneContainer (OzoneContainer.java:start(186)) - Attempting to start container services.
2019-07-14 16:34:37,799 INFO  ozoneimpl.OzoneContainer (OzoneContainer.java:startContainerScrub(160)) - Background container scrubber has been disabled by hdds.containerscrub.enabled
2019-07-14 16:34:37,799 INFO  ratis.XceiverServerRatis (XceiverServerRatis.java:start(418)) - Starting XceiverServerRatis f7a53fc6-deff-4dd0-b4b2-d62f185152c8 at port 0
2019-07-14 16:34:37,813 INFO  impl.RaftServerProxy (RaftServerProxy.java:lambda$start$3(299)) - f7a53fc6-deff-4dd0-b4b2-d62f185152c8: start RPC server
2019-07-14 16:34:37,817 INFO  server.GrpcService (GrpcService.java:startImpl(149)) - f7a53fc6-deff-4dd0-b4b2-d62f185152c8: GrpcService started, listening on 0.0.0.0/0.0.0.0:35882
2019-07-14 16:34:37,817 INFO  ratis.XceiverServerRatis (XceiverServerRatis.java:start(428)) - XceiverServerRatis f7a53fc6-deff-4dd0-b4b2-d62f185152c8 is started using port 35882
2019-07-14 16:34:37,819 INFO  server.XceiverServerGrpc (XceiverServerGrpc.java:start(161)) - XceiverServerGrpc f7a53fc6-deff-4dd0-b4b2-d62f185152c8 is started using port 36594
2019-07-14 16:34:37,977 INFO  ozone.MiniOzoneClusterImpl (MiniOzoneClusterImpl.java:lambda$waitForClusterToBeReady$0(142)) - Waiting for cluster to be ready. Got 0 of 3 DN Heartbeats.
2019-07-14 16:34:37,994 INFO  ozoneimpl.OzoneContainer (OzoneContainer.java:start(186)) - Attempting to start container services.
2019-07-14 16:34:37,997 INFO  ozoneimpl.OzoneContainer (OzoneContainer.java:startContainerScrub(160)) - Background container scrubber has been disabled by hdds.containerscrub.enabled
2019-07-14 16:34:37,997 INFO  ratis.XceiverServerRatis (XceiverServerRatis.java:start(418)) - Starting XceiverServerRatis 64bded8c-655e-4017-8ae7-00b844471100 at port 0
2019-07-14 16:34:38,009 INFO  impl.RaftServerProxy (RaftServerProxy.java:lambda$start$3(299)) - 64bded8c-655e-4017-8ae7-00b844471100: start RPC server
2019-07-14 16:34:38,013 INFO  server.GrpcService (GrpcService.java:startImpl(149)) - 64bded8c-655e-4017-8ae7-00b844471100: GrpcService started, listening on 0.0.0.0/0.0.0.0:38787
2019-07-14 16:34:38,013 INFO  ratis.XceiverServerRatis (XceiverServerRatis.java:start(428)) - XceiverServerRatis 64bded8c-655e-4017-8ae7-00b844471100 is started using port 38787
2019-07-14 16:34:38,016 INFO  server.XceiverServerGrpc (XceiverServerGrpc.java:start(161)) - XceiverServerGrpc 64bded8c-655e-4017-8ae7-00b844471100 is started using port 40995
2019-07-14 16:34:38,977 INFO  ozone.MiniOzoneClusterImpl (MiniOzoneClusterImpl.java:lambda$waitForClusterToBeReady$0(142)) - Waiting for cluster to be ready. Got 0 of 3 DN Heartbeats.
2019-07-14 16:34:39,577 INFO  net.NetworkTopology (NetworkTopologyImpl.java:add(110)) - Added a new node: /default-rack/192.168.69.77
2019-07-14 16:34:39,577 INFO  node.SCMNodeManager (SCMNodeManager.java:register(269)) - Registered Data node : de73d09c-dee1-467e-9efd-5c5ec02f11ff{ip: 192.168.69.77, host: pr-hdds-1710-5x6jb-1204890111, networkLocation: /default-rack, certSerialId: null}
2019-07-14 16:34:39,595 INFO  safemode.SCMSafeModeManager (DataNodeSafeModeRule.java:process(71)) - SCM in safe mode. 1 DataNodes registered, 1 required.
2019-07-14 16:34:39,595 INFO  safemode.SCMSafeModeManager (SCMSafeModeManager.java:validateSafeModeExitRules(177)) - ScmSafeModeManager, all rules are successfully validated
2019-07-14 16:34:39,595 INFO  safemode.SCMSafeModeManager (SCMSafeModeManager.java:exitSafeMode(193)) - SCM exiting safe mode.
2019-07-14 16:34:39,783 INFO  node.SCMNodeManager (SCMNodeManager.java:register(269)) - Registered Data node : f7a53fc6-deff-4dd0-b4b2-d62f185152c8{ip: 192.168.69.77, host: pr-hdds-1710-5x6jb-1204890111, networkLocation: /default-rack, certSerialId: null}
2019-07-14 16:34:39,982 INFO  ozone.MiniOzoneClusterImpl (MiniOzoneClusterImpl.java:lambda$waitForClusterToBeReady$0(142)) - Waiting for cluster to be ready. Got 2 of 3 DN Heartbeats.
2019-07-14 16:34:39,985 INFO  node.SCMNodeManager (SCMNodeManager.java:register(269)) - Registered Data node : 64bded8c-655e-4017-8ae7-00b844471100{ip: 192.168.69.77, host: pr-hdds-1710-5x6jb-1204890111, networkLocation: /default-rack, certSerialId: null}
2019-07-14 16:34:40,159 INFO  impl.RaftServerProxy (RaftServerProxy.java:addNew(89)) - de73d09c-dee1-467e-9efd-5c5ec02f11ff: addNew group-527E5DC0D2E9:[de73d09c-dee1-467e-9efd-5c5ec02f11ff:192.168.69.77:35411] returns group-527E5DC0D2E9:java.util.concurrent.CompletableFuture@321e83f2[Not completed]
2019-07-14 16:34:40,178 INFO  impl.RaftServerImpl (RaftServerImpl.java:<init>(93)) - de73d09c-dee1-467e-9efd-5c5ec02f11ff: new RaftServerImpl for group-527E5DC0D2E9:[de73d09c-dee1-467e-9efd-5c5ec02f11ff:192.168.69.77:35411] with ContainerStateMachine:uninitialized
2019-07-14 16:34:40,182 INFO  server.RaftServerConfigKeys (ConfUtils.java:logGet(43)) - raft.server.rpc.timeout.min = 5s (custom)
2019-07-14 16:34:40,183 INFO  server.RaftServerConfigKeys (ConfUtils.java:logGet(43)) - raft.server.rpc.timeout.max = 5200ms (custom)
2019-07-14 16:34:40,183 INFO  server.RaftServerConfigKeys (ConfUtils.java:logGet(43)) - raft.server.rpcslowness.timeout = 120s (custom)
2019-07-14 16:34:40,184 INFO  server.RaftServerConfigKeys (ConfUtils.java:logGet(43)) - raft.server.sleep.deviation.threshold = 300 (default)
2019-07-14 16:34:40,186 INFO  server.RaftServerConfigKeys (ConfUtils.java:logGet(43)) - raft.server.log.appender.install.snapshot.enabled = false (custom)
2019-07-14 16:34:40,195 INFO  impl.RaftServerImpl (ServerState.java:<init>(105)) - de73d09c-dee1-467e-9efd-5c5ec02f11ff:group-527E5DC0D2E9 ConfigurationManager, init=-1: [de73d09c-dee1-467e-9efd-5c5ec02f11ff:192.168.69.77:35411], old=null, confs=<EMPTY_MAP>
2019-07-14 16:34:40,196 INFO  server.RaftServerConfigKeys (ConfUtils.java:logGet(43)) - raft.server.storage.dir = [/workdir/hadoop-ozone/integration-test/target/test-dir/MiniOzoneClusterImpl-82b6509d-b70a-47b0-bd13-965f0fed5d1a/datanode-0/data/ratis] (custom)
2019-07-14 16:34:40,205 INFO  storage.RaftStorageDirectory (RaftStorageDirectory.java:analyzeStorage(246)) - The storage directory /workdir/hadoop-ozone/integration-test/target/test-dir/MiniOzoneClusterImpl-82b6509d-b70a-47b0-bd13-965f0fed5d1a/datanode-0/data/ratis/c8b4663b-67a4-424f-a2d9-527e5dc0d2e9 does not exist. Creating ...
2019-07-14 16:34:40,565 INFO  storage.RaftStorageDirectory (RaftStorageDirectory.java:tryLock(328)) - Lock on /workdir/hadoop-ozone/integration-test/target/test-dir/MiniOzoneClusterImpl-82b6509d-b70a-47b0-bd13-965f0fed5d1a/datanode-0/data/ratis/c8b4663b-67a4-424f-a2d9-527e5dc0d2e9/in_use.lock acquired by nodename 25528@pr-hdds-1710-5x6jb-1204890111
2019-07-14 16:34:40,584 INFO  storage.RaftStorage (RaftStorage.java:format(72)) - Storage directory /workdir/hadoop-ozone/integration-test/target/test-dir/MiniOzoneClusterImpl-82b6509d-b70a-47b0-bd13-965f0fed5d1a/datanode-0/data/ratis/c8b4663b-67a4-424f-a2d9-527e5dc0d2e9 has been successfully formatted.
2019-07-14 16:34:40,589 INFO  ratis.ContainerStateMachine (ContainerStateMachine.java:loadSnapshot(200)) - The snapshot info is null.Setting the last applied index to:(t:0, i:~)
2019-07-14 16:34:40,589 INFO  server.RaftServerConfigKeys (ConfUtils.java:logGet(43)) - raft.server.leader.election.timeout = 120s (custom)
2019-07-14 16:34:40,593 INFO  server.RaftServerConfigKeys (ConfUtils.java:logGet(43)) - raft.server.log.use.memory = false (default)
2019-07-14 16:34:40,600 INFO  server.RaftServerConfigKeys (ConfUtils.java:logGet(43)) - raft.server.log.purge.gap = 1000000000 (custom)
2019-07-14 16:34:40,601 INFO  server.RaftServerConfigKeys (ConfUtils.java:logGet(43)) - raft.server.log.appender.buffer.byte-limit = 33554432 (custom)
2019-07-14 16:34:40,603 INFO  server.RaftServerConfigKeys (ConfUtils.java:logGet(43)) - raft.server.log.segment.size.max = 1048576 (custom)
2019-07-14 16:34:40,609 INFO  server.RaftServerConfigKeys (ConfUtils.java:logGet(43)) - raft.server.log.segment.cache.num.max = 2 (custom)
2019-07-14 16:34:40,616 INFO  segmented.SegmentedRaftLogWorker (SegmentedRaftLogWorker.java:<init>(172)) - new de73d09c-dee1-467e-9efd-5c5ec02f11ff-SegmentedRaftLogWorker:Storage Directory /workdir/hadoop-ozone/integration-test/target/test-dir/MiniOzoneClusterImpl-82b6509d-b70a-47b0-bd13-965f0fed5d1a/datanode-0/data/ratis/c8b4663b-67a4-424f-a2d9-527e5dc0d2e9 for RaftStorage:Storage Directory /workdir/hadoop-ozone/integration-test/target/test-dir/MiniOzoneClusterImpl-82b6509d-b70a-47b0-bd13-965f0fed5d1a/datanode-0/data/ratis/c8b4663b-67a4-424f-a2d9-527e5dc0d2e9
2019-07-14 16:34:40,632 INFO  server.RaftServerConfigKeys (ConfUtils.java:logGet(43)) - raft.server.log.queue.byte-limit = 2147483647 (custom)
2019-07-14 16:34:40,633 INFO  server.RaftServerConfigKeys (ConfUtils.java:logGet(43)) - raft.server.log.queue.element-limit = 1024 (custom)
2019-07-14 16:34:40,641 INFO  server.RaftServerConfigKeys (ConfUtils.java:logGet(43)) - raft.server.log.segment.size.max = 1048576 (custom)
2019-07-14 16:34:40,641 INFO  server.RaftServerConfigKeys (ConfUtils.java:logGet(43)) - raft.server.log.preallocated.size = 16384 (custom)
2019-07-14 16:34:40,642 INFO  server.RaftServerConfigKeys (ConfUtils.java:logGet(43)) - raft.server.log.write.buffer.size = 33554432 (custom)
2019-07-14 16:34:40,642 INFO  server.RaftServerConfigKeys (ConfUtils.java:logGet(43)) - raft.server.log.force.sync.num = 128 (default)
2019-07-14 16:34:40,643 INFO  server.RaftServerConfigKeys (ConfUtils.java:logGet(43)) - raft.server.log.statemachine.data.sync = true (default)
2019-07-14 16:34:40,643 INFO  server.RaftServerConfigKeys (ConfUtils.java:logGet(43)) - raft.server.log.statemachine.data.sync.timeout = 10s (default)
2019-07-14 16:34:40,644 INFO  server.RaftServerConfigKeys (ConfUtils.java:logGet(43)) - raft.server.log.statemachine.data.sync.timeout.retry = -1 (default)
2019-07-14 16:34:40,653 INFO  server.RaftServerConfigKeys (ConfUtils.java:logGet(43)) - raft.server.log.statemachine.data.caching.enabled = true (custom)
2019-07-14 16:34:40,658 INFO  segmented.SegmentedRaftLogWorker (SegmentedRaftLogWorker.java:lambda$new$0(132)) - de73d09c-dee1-467e-9efd-5c5ec02f11ff-SegmentedRaftLogWorker:Storage Directory /workdir/hadoop-ozone/integration-test/target/test-dir/MiniOzoneClusterImpl-82b6509d-b70a-47b0-bd13-965f0fed5d1a/datanode-0/data/ratis/c8b4663b-67a4-424f-a2d9-527e5dc0d2e9: flushIndex: setUnconditionally 0 -> -1
2019-07-14 16:34:40,662 INFO  server.RaftServerConfigKeys (ConfUtils.java:logGet(43)) - raft.server.snapshot.auto.trigger.enabled = true (custom)
2019-07-14 16:34:40,663 INFO  server.RaftServerConfigKeys (ConfUtils.java:logGet(43)) - raft.server.snapshot.auto.trigger.threshold = 10000 (custom)
2019-07-14 16:34:40,663 INFO  server.RaftServerConfigKeys (ConfUtils.java:logGet(43)) - raft.server.retrycache.expirytime = 600000ms (custom)
2019-07-14 16:34:40,683 INFO  impl.RaftServerImpl (RaftServerImpl.java:start(180)) - de73d09c-dee1-467e-9efd-5c5ec02f11ff: start group-527E5DC0D2E9
2019-07-14 16:34:40,684 INFO  impl.RaftServerImpl (RaftServerImpl.java:setRole(171)) - de73d09c-dee1-467e-9efd-5c5ec02f11ff:group-527E5DC0D2E9 changes role from null to FOLLOWER at term 0 for startAsFollower
2019-07-14 16:34:40,685 INFO  impl.RoleInfo (RoleInfo.java:updateAndGet(143)) - de73d09c-dee1-467e-9efd-5c5ec02f11ff: start FollowerState
2019-07-14 16:34:40,687 INFO  util.JmxRegister (JmxRegister.java:tryRegister(44)) - Successfully registered JMX Bean with object name Ratis:service=RaftServer,group=group-527E5DC0D2E9,id=de73d09c-dee1-467e-9efd-5c5ec02f11ff
2019-07-14 16:34:40,754 INFO  pipeline.PipelineStateManager (PipelineStateManager.java:addPipeline(56)) - Created pipeline Pipeline[ Id: c8b4663b-67a4-424f-a2d9-527e5dc0d2e9, Nodes: de73d09c-dee1-467e-9efd-5c5ec02f11ff{ip: 192.168.69.77, host: pr-hdds-1710-5x6jb-1204890111, networkLocation: /default-rack, certSerialId: null}, Type:RATIS, Factor:ONE, State:OPEN]
2019-07-14 16:34:40,776 INFO  impl.RaftServerProxy (RaftServerProxy.java:addNew(89)) - 64bded8c-655e-4017-8ae7-00b844471100: addNew group-1E540630D2B2:[64bded8c-655e-4017-8ae7-00b844471100:192.168.69.77:38787] returns group-1E540630D2B2:java.util.concurrent.CompletableFuture@62022b09[Not completed]
2019-07-14 16:34:40,812 INFO  impl.RaftServerImpl (RaftServerImpl.java:<init>(93)) - 64bded8c-655e-4017-8ae7-00b844471100: new RaftServerImpl for group-1E540630D2B2:[64bded8c-655e-4017-8ae7-00b844471100:192.168.69.77:38787] with ContainerStateMachine:uninitialized
2019-07-14 16:34:40,814 INFO  server.RaftServerConfigKeys (ConfUtils.java:logGet(43)) - raft.server.rpc.timeout.min = 5s (custom)
2019-07-14 16:34:40,814 INFO  server.RaftServerConfigKeys (ConfUtils.java:logGet(43)) - raft.server.rpc.timeout.max = 5200ms (custom)
2019-07-14 16:34:40,815 INFO  server.RaftServerConfigKeys (ConfUtils.java:logGet(43)) - raft.server.rpcslowness.timeout = 120s (custom)
2019-07-14 16:34:40,815 INFO  server.RaftServerConfigKeys (ConfUtils.java:logGet(43)) - raft.server.sleep.deviation.threshold = 300 (default)
2019-07-14 16:34:40,815 INFO  server.RaftServerConfigKeys (ConfUtils.java:logGet(43)) - raft.server.log.appender.install.snapshot.enabled = false (custom)
2019-07-14 16:34:40,815 INFO  impl.RaftServerImpl (ServerState.java:<init>(105)) - 64bded8c-655e-4017-8ae7-00b844471100:group-1E540630D2B2 ConfigurationManager, init=-1: [64bded8c-655e-4017-8ae7-00b844471100:192.168.69.77:38787], old=null, confs=<EMPTY_MAP>
2019-07-14 16:34:40,816 INFO  server.RaftServerConfigKeys (ConfUtils.java:logGet(43)) - raft.server.storage.dir = [/workdir/hadoop-ozone/integration-test/target/test-dir/MiniOzoneClusterImpl-82b6509d-b70a-47b0-bd13-965f0fed5d1a/datanode-2/data/ratis] (custom)
2019-07-14 16:34:40,816 INFO  storage.RaftStorageDirectory (RaftStorageDirectory.java:analyzeStorage(246)) - The storage directory /workdir/hadoop-ozone/integration-test/target/test-dir/MiniOzoneClusterImpl-82b6509d-b70a-47b0-bd13-965f0fed5d1a/datanode-2/data/ratis/60d23ed9-b22f-4eb0-b310-1e540630d2b2 does not exist. Creating ...
2019-07-14 16:34:40,831 INFO  storage.RaftStorageDirectory (RaftStorageDirectory.java:tryLock(328)) - Lock on /workdir/hadoop-ozone/integration-test/target/test-dir/MiniOzoneClusterImpl-82b6509d-b70a-47b0-bd13-965f0fed5d1a/datanode-2/data/ratis/60d23ed9-b22f-4eb0-b310-1e540630d2b2/in_use.lock acquired by nodename 25528@pr-hdds-1710-5x6jb-1204890111
2019-07-14 16:34:40,850 INFO  storage.RaftStorage (RaftStorage.java:format(72)) - Storage directory /workdir/hadoop-ozone/integration-test/target/test-dir/MiniOzoneClusterImpl-82b6509d-b70a-47b0-bd13-965f0fed5d1a/datanode-2/data/ratis/60d23ed9-b22f-4eb0-b310-1e540630d2b2 has been successfully formatted.
2019-07-14 16:34:40,851 INFO  ratis.ContainerStateMachine (ContainerStateMachine.java:loadSnapshot(200)) - The snapshot info is null.Setting the last applied index to:(t:0, i:~)
2019-07-14 16:34:40,852 INFO  server.RaftServerConfigKeys (ConfUtils.java:logGet(43)) - raft.server.leader.election.timeout = 120s (custom)
2019-07-14 16:34:40,852 INFO  server.RaftServerConfigKeys (ConfUtils.java:logGet(43)) - raft.server.log.use.memory = false (default)
2019-07-14 16:34:40,853 INFO  server.RaftServerConfigKeys (ConfUtils.java:logGet(43)) - raft.server.log.purge.gap = 1000000000 (custom)
2019-07-14 16:34:40,853 INFO  server.RaftServerConfigKeys (ConfUtils.java:logGet(43)) - raft.server.log.appender.buffer.byte-limit = 33554432 (custom)
2019-07-14 16:34:40,853 INFO  server.RaftServerConfigKeys (ConfUtils.java:logGet(43)) - raft.server.log.segment.size.max = 1048576 (custom)
2019-07-14 16:34:40,854 INFO  server.RaftServerConfigKeys (ConfUtils.java:logGet(43)) - raft.server.log.segment.cache.num.max = 2 (custom)
2019-07-14 16:34:40,854 INFO  segmented.SegmentedRaftLogWorker (SegmentedRaftLogWorker.java:<init>(172)) - new 64bded8c-655e-4017-8ae7-00b844471100-SegmentedRaftLogWorker:Storage Directory /workdir/hadoop-ozone/integration-test/target/test-dir/MiniOzoneClusterImpl-82b6509d-b70a-47b0-bd13-965f0fed5d1a/datanode-2/data/ratis/60d23ed9-b22f-4eb0-b310-1e540630d2b2 for RaftStorage:Storage Directory /workdir/hadoop-ozone/integration-test/target/test-dir/MiniOzoneClusterImpl-82b6509d-b70a-47b0-bd13-965f0fed5d1a/datanode-2/data/ratis/60d23ed9-b22f-4eb0-b310-1e540630d2b2
2019-07-14 16:34:40,855 INFO  server.RaftServerConfigKeys (ConfUtils.java:logGet(43)) - raft.server.log.queue.byte-limit = 2147483647 (custom)
2019-07-14 16:34:40,855 INFO  server.RaftServerConfigKeys (ConfUtils.java:logGet(43)) - raft.server.log.queue.element-limit = 1024 (custom)
2019-07-14 16:34:40,856 INFO  server.RaftServerConfigKeys (ConfUtils.java:logGet(43)) - raft.server.log.segment.size.max = 1048576 (custom)
2019-07-14 16:34:40,856 INFO  server.RaftServerConfigKeys (ConfUtils.java:logGet(43)) - raft.server.log.preallocated.size = 16384 (custom)
2019-07-14 16:34:40,856 INFO  server.RaftServerConfigKeys (ConfUtils.java:logGet(43)) - raft.server.log.write.buffer.size = 33554432 (custom)
2019-07-14 16:34:40,857 INFO  server.RaftServerConfigKeys (ConfUtils.java:logGet(43)) - raft.server.log.force.sync.num = 128 (default)
2019-07-14 16:34:40,857 INFO  server.RaftServerConfigKeys (ConfUtils.java:logGet(43)) - raft.server.log.statemachine.data.sync = true (default)
2019-07-14 16:34:40,857 INFO  server.RaftServerConfigKeys (ConfUtils.java:logGet(43)) - raft.server.log.statemachine.data.sync.timeout = 10s (default)
2019-07-14 16:34:40,857 INFO  server.RaftServerConfigKeys (ConfUtils.java:logGet(43)) - raft.server.log.statemachine.data.sync.timeout.retry = -1 (default)
2019-07-14 16:34:40,858 INFO  server.RaftServerConfigKeys (ConfUtils.java:logGet(43)) - raft.server.log.statemachine.data.caching.enabled = true (custom)
2019-07-14 16:34:40,858 INFO  segmented.SegmentedRaftLogWorker (SegmentedRaftLogWorker.java:lambda$new$0(132)) - 64bded8c-655e-4017-8ae7-00b844471100-SegmentedRaftLogWorker:Storage Directory /workdir/hadoop-ozone/integration-test/target/test-dir/MiniOzoneClusterImpl-82b6509d-b70a-47b0-bd13-965f0fed5d1a/datanode-2/data/ratis/60d23ed9-b22f-4eb0-b310-1e540630d2b2: flushIndex: setUnconditionally 0 -> -1
2019-07-14 16:34:40,859 INFO  server.RaftServerConfigKeys (ConfUtils.java:logGet(43)) - raft.server.snapshot.auto.trigger.enabled = true (custom)
2019-07-14 16:34:40,859 INFO  server.RaftServerConfigKeys (ConfUtils.java:logGet(43)) - raft.server.snapshot.auto.trigger.threshold = 10000 (custom)
2019-07-14 16:34:40,859 INFO  server.RaftServerConfigKeys (ConfUtils.java:logGet(43)) - raft.server.retrycache.expirytime = 600000ms (custom)
2019-07-14 16:34:40,860 INFO  impl.RaftServerImpl (RaftServerImpl.java:start(180)) - 64bded8c-655e-4017-8ae7-00b844471100: start group-1E540630D2B2
2019-07-14 16:34:40,860 INFO  impl.RaftServerImpl (RaftServerImpl.java:setRole(171)) - 64bded8c-655e-4017-8ae7-00b844471100:group-1E540630D2B2 changes role from null to FOLLOWER at term 0 for startAsFollower
2019-07-14 16:34:40,860 INFO  impl.RoleInfo (RoleInfo.java:updateAndGet(143)) - 64bded8c-655e-4017-8ae7-00b844471100: start FollowerState
2019-07-14 16:34:40,862 INFO  util.JmxRegister (JmxRegister.java:tryRegister(44)) - Successfully registered JMX Bean with object name Ratis:service=RaftServer,group=group-1E540630D2B2,id=64bded8c-655e-4017-8ae7-00b844471100
2019-07-14 16:34:40,876 INFO  pipeline.PipelineStateManager (PipelineStateManager.java:addPipeline(56)) - Created pipeline Pipeline[ Id: 60d23ed9-b22f-4eb0-b310-1e540630d2b2, Nodes: 64bded8c-655e-4017-8ae7-00b844471100{ip: 192.168.69.77, host: pr-hdds-1710-5x6jb-1204890111, networkLocation: /default-rack, certSerialId: null}, Type:RATIS, Factor:ONE, State:OPEN]
2019-07-14 16:34:40,899 INFO  impl.RaftServerProxy (RaftServerProxy.java:addNew(89)) - f7a53fc6-deff-4dd0-b4b2-d62f185152c8: addNew group-E753309C4271:[f7a53fc6-deff-4dd0-b4b2-d62f185152c8:192.168.69.77:35882] returns group-E753309C4271:java.util.concurrent.CompletableFuture@6e3cdc64[Not completed]
2019-07-14 16:34:40,907 INFO  impl.RaftServerImpl (RaftServerImpl.java:<init>(93)) - f7a53fc6-deff-4dd0-b4b2-d62f185152c8: new RaftServerImpl for group-E753309C4271:[f7a53fc6-deff-4dd0-b4b2-d62f185152c8:192.168.69.77:35882] with ContainerStateMachine:uninitialized
2019-07-14 16:34:40,908 INFO  server.RaftServerConfigKeys (ConfUtils.java:logGet(43)) - raft.server.rpc.timeout.min = 5s (custom)
2019-07-14 16:34:40,908 INFO  server.RaftServerConfigKeys (ConfUtils.java:logGet(43)) - raft.server.rpc.timeout.max = 5200ms (custom)
2019-07-14 16:34:40,909 INFO  server.RaftServerConfigKeys (ConfUtils.java:logGet(43)) - raft.server.rpcslowness.timeout = 120s (custom)
2019-07-14 16:34:40,909 INFO  server.RaftServerConfigKeys (ConfUtils.java:logGet(43)) - raft.server.sleep.deviation.threshold = 300 (default)
2019-07-14 16:34:40,909 INFO  server.RaftServerConfigKeys (ConfUtils.java:logGet(43)) - raft.server.log.appender.install.snapshot.enabled = false (custom)
2019-07-14 16:34:40,909 INFO  impl.RaftServerImpl (ServerState.java:<init>(105)) - f7a53fc6-deff-4dd0-b4b2-d62f185152c8:group-E753309C4271 ConfigurationManager, init=-1: [f7a53fc6-deff-4dd0-b4b2-d62f185152c8:192.168.69.77:35882], old=null, confs=<EMPTY_MAP>
2019-07-14 16:34:40,910 INFO  server.RaftServerConfigKeys (ConfUtils.java:logGet(43)) - raft.server.storage.dir = [/workdir/hadoop-ozone/integration-test/target/test-dir/MiniOzoneClusterImpl-82b6509d-b70a-47b0-bd13-965f0fed5d1a/datanode-1/data/ratis] (custom)
2019-07-14 16:34:40,910 INFO  storage.RaftStorageDirectory (RaftStorageDirectory.java:analyzeStorage(246)) - The storage directory /workdir/hadoop-ozone/integration-test/target/test-dir/MiniOzoneClusterImpl-82b6509d-b70a-47b0-bd13-965f0fed5d1a/datanode-1/data/ratis/dfb4da44-3116-488d-8644-e753309c4271 does not exist. Creating ...
2019-07-14 16:34:40,923 INFO  storage.RaftStorageDirectory (RaftStorageDirectory.java:tryLock(328)) - Lock on /workdir/hadoop-ozone/integration-test/target/test-dir/MiniOzoneClusterImpl-82b6509d-b70a-47b0-bd13-965f0fed5d1a/datanode-1/data/ratis/dfb4da44-3116-488d-8644-e753309c4271/in_use.lock acquired by nodename 25528@pr-hdds-1710-5x6jb-1204890111
2019-07-14 16:34:40,937 INFO  storage.RaftStorage (RaftStorage.java:format(72)) - Storage directory /workdir/hadoop-ozone/integration-test/target/test-dir/MiniOzoneClusterImpl-82b6509d-b70a-47b0-bd13-965f0fed5d1a/datanode-1/data/ratis/dfb4da44-3116-488d-8644-e753309c4271 has been successfully formatted.
2019-07-14 16:34:40,937 INFO  ratis.ContainerStateMachine (ContainerStateMachine.java:loadSnapshot(200)) - The snapshot info is null.Setting the last applied index to:(t:0, i:~)
2019-07-14 16:34:40,937 INFO  server.RaftServerConfigKeys (ConfUtils.java:logGet(43)) - raft.server.leader.election.timeout = 120s (custom)
2019-07-14 16:34:40,938 INFO  server.RaftServerConfigKeys (ConfUtils.java:logGet(43)) - raft.server.log.use.memory = false (default)
2019-07-14 16:34:40,938 INFO  server.RaftServerConfigKeys (ConfUtils.java:logGet(43)) - raft.server.log.purge.gap = 1000000000 (custom)
2019-07-14 16:34:40,938 INFO  server.RaftServerConfigKeys (ConfUtils.java:logGet(43)) - raft.server.log.appender.buffer.byte-limit = 33554432 (custom)
2019-07-14 16:34:40,938 INFO  server.RaftServerConfigKeys (ConfUtils.java:logGet(43)) - raft.server.log.segment.size.max = 1048576 (custom)
2019-07-14 16:34:40,938 INFO  server.RaftServerConfigKeys (ConfUtils.java:logGet(43)) - raft.server.log.segment.cache.num.max = 2 (custom)
2019-07-14 16:34:40,938 INFO  segmented.SegmentedRaftLogWorker (SegmentedRaftLogWorker.java:<init>(172)) - new f7a53fc6-deff-4dd0-b4b2-d62f185152c8-SegmentedRaftLogWorker:Storage Directory /workdir/hadoop-ozone/integration-test/target/test-dir/MiniOzoneClusterImpl-82b6509d-b70a-47b0-bd13-965f0fed5d1a/datanode-1/data/ratis/dfb4da44-3116-488d-8644-e753309c4271 for RaftStorage:Storage Directory /workdir/hadoop-ozone/integration-test/target/test-dir/MiniOzoneClusterImpl-82b6509d-b70a-47b0-bd13-965f0fed5d1a/datanode-1/data/ratis/dfb4da44-3116-488d-8644-e753309c4271
2019-07-14 16:34:40,939 INFO  server.RaftServerConfigKeys (ConfUtils.java:logGet(43)) - raft.server.log.queue.byte-limit = 2147483647 (custom)
2019-07-14 16:34:40,939 INFO  server.RaftServerConfigKeys (ConfUtils.java:logGet(43)) - raft.server.log.queue.element-limit = 1024 (custom)
2019-07-14 16:34:40,939 INFO  server.RaftServerConfigKeys (ConfUtils.java:logGet(43)) - raft.server.log.segment.size.max = 1048576 (custom)
2019-07-14 16:34:40,939 INFO  server.RaftServerConfigKeys (ConfUtils.java:logGet(43)) - raft.server.log.preallocated.size = 16384 (custom)
2019-07-14 16:34:40,940 INFO  server.RaftServerConfigKeys (ConfUtils.java:logGet(43)) - raft.server.log.write.buffer.size = 33554432 (custom)
2019-07-14 16:34:40,940 INFO  server.RaftServerConfigKeys (ConfUtils.java:logGet(43)) - raft.server.log.force.sync.num = 128 (default)
2019-07-14 16:34:40,940 INFO  server.RaftServerConfigKeys (ConfUtils.java:logGet(43)) - raft.server.log.statemachine.data.sync = true (default)
2019-07-14 16:34:40,940 INFO  server.RaftServerConfigKeys (ConfUtils.java:logGet(43)) - raft.server.log.statemachine.data.sync.timeout = 10s (default)
2019-07-14 16:34:40,940 INFO  server.RaftServerConfigKeys (ConfUtils.java:logGet(43)) - raft.server.log.statemachine.data.sync.timeout.retry = -1 (default)
2019-07-14 16:34:40,941 INFO  server.RaftServerConfigKeys (ConfUtils.java:logGet(43)) - raft.server.log.statemachine.data.caching.enabled = true (custom)
2019-07-14 16:34:40,941 INFO  segmented.SegmentedRaftLogWorker (SegmentedRaftLogWorker.java:lambda$new$0(132)) - f7a53fc6-deff-4dd0-b4b2-d62f185152c8-SegmentedRaftLogWorker:Storage Directory /workdir/hadoop-ozone/integration-test/target/test-dir/MiniOzoneClusterImpl-82b6509d-b70a-47b0-bd13-965f0fed5d1a/datanode-1/data/ratis/dfb4da44-3116-488d-8644-e753309c4271: flushIndex: setUnconditionally 0 -> -1
2019-07-14 16:34:40,941 INFO  server.RaftServerConfigKeys (ConfUtils.java:logGet(43)) - raft.server.snapshot.auto.trigger.enabled = true (custom)
2019-07-14 16:34:40,942 INFO  server.RaftServerConfigKeys (ConfUtils.java:logGet(43)) - raft.server.snapshot.auto.trigger.threshold = 10000 (custom)
2019-07-14 16:34:40,942 INFO  server.RaftServerConfigKeys (ConfUtils.java:logGet(43)) - raft.server.retrycache.expirytime = 600000ms (custom)
2019-07-14 16:34:40,942 INFO  impl.RaftServerImpl (RaftServerImpl.java:start(180)) - f7a53fc6-deff-4dd0-b4b2-d62f185152c8: start group-E753309C4271
2019-07-14 16:34:40,942 INFO  impl.RaftServerImpl (RaftServerImpl.java:setRole(171)) - f7a53fc6-deff-4dd0-b4b2-d62f185152c8:group-E753309C4271 changes role from null to FOLLOWER at term 0 for startAsFollower
2019-07-14 16:34:40,943 INFO  impl.RoleInfo (RoleInfo.java:updateAndGet(143)) - f7a53fc6-deff-4dd0-b4b2-d62f185152c8: start FollowerState
2019-07-14 16:34:40,943 INFO  util.JmxRegister (JmxRegister.java:tryRegister(44)) - Successfully registered JMX Bean with object name Ratis:service=RaftServer,group=group-E753309C4271,id=f7a53fc6-deff-4dd0-b4b2-d62f185152c8
2019-07-14 16:34:40,955 INFO  pipeline.PipelineStateManager (PipelineStateManager.java:addPipeline(56)) - Created pipeline Pipeline[ Id: dfb4da44-3116-488d-8644-e753309c4271, Nodes: f7a53fc6-deff-4dd0-b4b2-d62f185152c8{ip: 192.168.69.77, host: pr-hdds-1710-5x6jb-1204890111, networkLocation: /default-rack, certSerialId: null}, Type:RATIS, Factor:ONE, State:OPEN]
2019-07-14 16:34:40,984 INFO  ozone.MiniOzoneClusterImpl (MiniOzoneClusterImpl.java:lambda$waitForClusterToBeReady$0(142)) - Cluster is ready. Got 3 of 3 DN Heartbeats.
2019-07-14 16:34:40,990 INFO  impl.RaftServerProxy (RaftServerProxy.java:addNew(89)) - 64bded8c-655e-4017-8ae7-00b844471100: addNew group-7E75FB113D43:[de73d09c-dee1-467e-9efd-5c5ec02f11ff:192.168.69.77:35411, 64bded8c-655e-4017-8ae7-00b844471100:192.168.69.77:38787, f7a53fc6-deff-4dd0-b4b2-d62f185152c8:192.168.69.77:35882] returns group-7E75FB113D43:java.util.concurrent.CompletableFuture@305be7a[Not completed]
2019-07-14 16:34:40,999 INFO  impl.RaftServerProxy (RaftServerProxy.java:addNew(89)) - de73d09c-dee1-467e-9efd-5c5ec02f11ff: addNew group-7E75FB113D43:[de73d09c-dee1-467e-9efd-5c5ec02f11ff:192.168.69.77:35411, 64bded8c-655e-4017-8ae7-00b844471100:192.168.69.77:38787, f7a53fc6-deff-4dd0-b4b2-d62f185152c8:192.168.69.77:35882] returns group-7E75FB113D43:java.util.concurrent.CompletableFuture@21b5e831[Not completed]
2019-07-14 16:34:40,999 INFO  impl.RaftServerImpl (RaftServerImpl.java:<init>(93)) - 64bded8c-655e-4017-8ae7-00b844471100: new RaftServerImpl for group-7E75FB113D43:[de73d09c-dee1-467e-9efd-5c5ec02f11ff:192.168.69.77:35411, 64bded8c-655e-4017-8ae7-00b844471100:192.168.69.77:38787, f7a53fc6-deff-4dd0-b4b2-d62f185152c8:192.168.69.77:35882] with ContainerStateMachine:uninitialized
2019-07-14 16:34:40,999 INFO  server.RaftServerConfigKeys (ConfUtils.java:logGet(43)) - raft.server.rpc.timeout.min = 5s (custom)
2019-07-14 16:34:41,000 INFO  server.RaftServerConfigKeys (ConfUtils.java:logGet(43)) - raft.server.rpc.timeout.max = 5200ms (custom)
2019-07-14 16:34:41,000 INFO  server.RaftServerConfigKeys (ConfUtils.java:logGet(43)) - raft.server.rpcslowness.timeout = 120s (custom)
2019-07-14 16:34:41,000 INFO  server.RaftServerConfigKeys (ConfUtils.java:logGet(43)) - raft.server.sleep.deviation.threshold = 300 (default)
2019-07-14 16:34:41,000 INFO  impl.RaftServerProxy (RaftServerProxy.java:addNew(89)) - f7a53fc6-deff-4dd0-b4b2-d62f185152c8: addNew group-7E75FB113D43:[de73d09c-dee1-467e-9efd-5c5ec02f11ff:192.168.69.77:35411, 64bded8c-655e-4017-8ae7-00b844471100:192.168.69.77:38787, f7a53fc6-deff-4dd0-b4b2-d62f185152c8:192.168.69.77:35882] returns group-7E75FB113D43:java.util.concurrent.CompletableFuture@742dad50[Not completed]
2019-07-14 16:34:41,000 INFO  impl.RaftServerImpl (RaftServerImpl.java:<init>(93)) - de73d09c-dee1-467e-9efd-5c5ec02f11ff: new RaftServerImpl for group-7E75FB113D43:[de73d09c-dee1-467e-9efd-5c5ec02f11ff:192.168.69.77:35411, 64bded8c-655e-4017-8ae7-00b844471100:192.168.69.77:38787, f7a53fc6-deff-4dd0-b4b2-d62f185152c8:192.168.69.77:35882] with ContainerStateMachine:uninitialized
2019-07-14 16:34:41,000 INFO  server.RaftServerConfigKeys (ConfUtils.java:logGet(43)) - raft.server.log.appender.install.snapshot.enabled = false (custom)
2019-07-14 16:34:41,001 INFO  server.RaftServerConfigKeys (ConfUtils.java:logGet(43)) - raft.server.rpc.timeout.min = 5s (custom)
2019-07-14 16:34:41,001 INFO  impl.RaftServerImpl (ServerState.java:<init>(105)) - 64bded8c-655e-4017-8ae7-00b844471100:group-7E75FB113D43 ConfigurationManager, init=-1: [de73d09c-dee1-467e-9efd-5c5ec02f11ff:192.168.69.77:35411, 64bded8c-655e-4017-8ae7-00b844471100:192.168.69.77:38787, f7a53fc6-deff-4dd0-b4b2-d62f185152c8:192.168.69.77:35882], old=null, confs=<EMPTY_MAP>
2019-07-14 16:34:41,001 INFO  server.RaftServerConfigKeys (ConfUtils.java:logGet(43)) - raft.server.rpc.timeout.max = 5200ms (custom)
2019-07-14 16:34:41,001 INFO  server.RaftServerConfigKeys (ConfUtils.java:logGet(43)) - raft.server.storage.dir = [/workdir/hadoop-ozone/integration-test/target/test-dir/MiniOzoneClusterImpl-82b6509d-b70a-47b0-bd13-965f0fed5d1a/datanode-2/data/ratis] (custom)
2019-07-14 16:34:41,001 INFO  server.RaftServerConfigKeys (ConfUtils.java:logGet(43)) - raft.server.rpcslowness.timeout = 120s (custom)
2019-07-14 16:34:41,001 INFO  impl.RaftServerImpl (RaftServerImpl.java:<init>(93)) - f7a53fc6-deff-4dd0-b4b2-d62f185152c8: new RaftServerImpl for group-7E75FB113D43:[de73d09c-dee1-467e-9efd-5c5ec02f11ff:192.168.69.77:35411, 64bded8c-655e-4017-8ae7-00b844471100:192.168.69.77:38787, f7a53fc6-deff-4dd0-b4b2-d62f185152c8:192.168.69.77:35882] with ContainerStateMachine:uninitialized
2019-07-14 16:34:41,001 INFO  server.RaftServerConfigKeys (ConfUtils.java:logGet(43)) - raft.server.sleep.deviation.threshold = 300 (default)
2019-07-14 16:34:41,002 INFO  server.RaftServerConfigKeys (ConfUtils.java:logGet(43)) - raft.server.rpc.timeout.min = 5s (custom)
2019-07-14 16:34:41,002 INFO  storage.RaftStorageDirectory (RaftStorageDirectory.java:analyzeStorage(246)) - The storage directory /workdir/hadoop-ozone/integration-test/target/test-dir/MiniOzoneClusterImpl-82b6509d-b70a-47b0-bd13-965f0fed5d1a/datanode-2/data/ratis/0569c2f0-2505-4fa0-ab26-7e75fb113d43 does not exist. Creating ...
2019-07-14 16:34:41,002 INFO  server.RaftServerConfigKeys (ConfUtils.java:logGet(43)) - raft.server.rpc.timeout.max = 5200ms (custom)
2019-07-14 16:34:41,002 INFO  server.RaftServerConfigKeys (ConfUtils.java:logGet(43)) - raft.server.log.appender.install.snapshot.enabled = false (custom)
2019-07-14 16:34:41,002 INFO  server.RaftServerConfigKeys (ConfUtils.java:logGet(43)) - raft.server.rpcslowness.timeout = 120s (custom)
2019-07-14 16:34:41,002 INFO  impl.RaftServerImpl (ServerState.java:<init>(105)) - de73d09c-dee1-467e-9efd-5c5ec02f11ff:group-7E75FB113D43 ConfigurationManager, init=-1: [de73d09c-dee1-467e-9efd-5c5ec02f11ff:192.168.69.77:35411, 64bded8c-655e-4017-8ae7-00b844471100:192.168.69.77:38787, f7a53fc6-deff-4dd0-b4b2-d62f185152c8:192.168.69.77:35882], old=null, confs=<EMPTY_MAP>
2019-07-14 16:34:41,003 INFO  server.RaftServerConfigKeys (ConfUtils.java:logGet(43)) - raft.server.sleep.deviation.threshold = 300 (default)
2019-07-14 16:34:41,003 INFO  server.RaftServerConfigKeys (ConfUtils.java:logGet(43)) - raft.server.storage.dir = [/workdir/hadoop-ozone/integration-test/target/test-dir/MiniOzoneClusterImpl-82b6509d-b70a-47b0-bd13-965f0fed5d1a/datanode-0/data/ratis] (custom)
2019-07-14 16:34:41,003 INFO  server.RaftServerConfigKeys (ConfUtils.java:logGet(43)) - raft.server.log.appender.install.snapshot.enabled = false (custom)
2019-07-14 16:34:41,003 INFO  impl.RaftServerImpl (ServerState.java:<init>(105)) - f7a53fc6-deff-4dd0-b4b2-d62f185152c8:group-7E75FB113D43 ConfigurationManager, init=-1: [de73d09c-dee1-467e-9efd-5c5ec02f11ff:192.168.69.77:35411, 64bded8c-655e-4017-8ae7-00b844471100:192.168.69.77:38787, f7a53fc6-deff-4dd0-b4b2-d62f185152c8:192.168.69.77:35882], old=null, confs=<EMPTY_MAP>
2019-07-14 16:34:41,003 INFO  storage.RaftStorageDirectory (RaftStorageDirectory.java:analyzeStorage(246)) - The storage directory /workdir/hadoop-ozone/integration-test/target/test-dir/MiniOzoneClusterImpl-82b6509d-b70a-47b0-bd13-965f0fed5d1a/datanode-0/data/ratis/0569c2f0-2505-4fa0-ab26-7e75fb113d43 does not exist. Creating ...
2019-07-14 16:34:41,003 INFO  server.RaftServerConfigKeys (ConfUtils.java:logGet(43)) - raft.server.storage.dir = [/workdir/hadoop-ozone/integration-test/target/test-dir/MiniOzoneClusterImpl-82b6509d-b70a-47b0-bd13-965f0fed5d1a/datanode-1/data/ratis] (custom)
2019-07-14 16:34:41,004 INFO  storage.RaftStorageDirectory (RaftStorageDirectory.java:analyzeStorage(246)) - The storage directory /workdir/hadoop-ozone/integration-test/target/test-dir/MiniOzoneClusterImpl-82b6509d-b70a-47b0-bd13-965f0fed5d1a/datanode-1/data/ratis/0569c2f0-2505-4fa0-ab26-7e75fb113d43 does not exist. Creating ...
2019-07-14 16:34:41,016 INFO  storage.RaftStorageDirectory (RaftStorageDirectory.java:tryLock(328)) - Lock on /workdir/hadoop-ozone/integration-test/target/test-dir/MiniOzoneClusterImpl-82b6509d-b70a-47b0-bd13-965f0fed5d1a/datanode-0/data/ratis/0569c2f0-2505-4fa0-ab26-7e75fb113d43/in_use.lock acquired by nodename 25528@pr-hdds-1710-5x6jb-1204890111
2019-07-14 16:34:41,016 INFO  storage.RaftStorageDirectory (RaftStorageDirectory.java:tryLock(328)) - Lock on /workdir/hadoop-ozone/integration-test/target/test-dir/MiniOzoneClusterImpl-82b6509d-b70a-47b0-bd13-965f0fed5d1a/datanode-1/data/ratis/0569c2f0-2505-4fa0-ab26-7e75fb113d43/in_use.lock acquired by nodename 25528@pr-hdds-1710-5x6jb-1204890111
2019-07-14 16:34:41,016 INFO  storage.RaftStorageDirectory (RaftStorageDirectory.java:tryLock(328)) - Lock on /workdir/hadoop-ozone/integration-test/target/test-dir/MiniOzoneClusterImpl-82b6509d-b70a-47b0-bd13-965f0fed5d1a/datanode-2/data/ratis/0569c2f0-2505-4fa0-ab26-7e75fb113d43/in_use.lock acquired by nodename 25528@pr-hdds-1710-5x6jb-1204890111
2019-07-14 16:34:41,030 INFO  storage.RaftStorage (RaftStorage.java:format(72)) - Storage directory /workdir/hadoop-ozone/integration-test/target/test-dir/MiniOzoneClusterImpl-82b6509d-b70a-47b0-bd13-965f0fed5d1a/datanode-1/data/ratis/0569c2f0-2505-4fa0-ab26-7e75fb113d43 has been successfully formatted.
2019-07-14 16:34:41,030 INFO  storage.RaftStorage (RaftStorage.java:format(72)) - Storage directory /workdir/hadoop-ozone/integration-test/target/test-dir/MiniOzoneClusterImpl-82b6509d-b70a-47b0-bd13-965f0fed5d1a/datanode-0/data/ratis/0569c2f0-2505-4fa0-ab26-7e75fb113d43 has been successfully formatted.
2019-07-14 16:34:41,030 INFO  storage.RaftStorage (RaftStorage.java:format(72)) - Storage directory /workdir/hadoop-ozone/integration-test/target/test-dir/MiniOzoneClusterImpl-82b6509d-b70a-47b0-bd13-965f0fed5d1a/datanode-2/data/ratis/0569c2f0-2505-4fa0-ab26-7e75fb113d43 has been successfully formatted.
2019-07-14 16:34:41,030 INFO  ratis.ContainerStateMachine (ContainerStateMachine.java:loadSnapshot(200)) - The snapshot info is null.Setting the last applied index to:(t:0, i:~)
2019-07-14 16:34:41,030 INFO  ratis.ContainerStateMachine (ContainerStateMachine.java:loadSnapshot(200)) - The snapshot info is null.Setting the last applied index to:(t:0, i:~)
2019-07-14 16:34:41,030 INFO  server.RaftServerConfigKeys (ConfUtils.java:logGet(43)) - raft.server.leader.election.timeout = 120s (custom)
2019-07-14 16:34:41,030 INFO  ratis.ContainerStateMachine (ContainerStateMachine.java:loadSnapshot(200)) - The snapshot info is null.Setting the last applied index to:(t:0, i:~)
2019-07-14 16:34:41,031 INFO  server.RaftServerConfigKeys (ConfUtils.java:logGet(43)) - raft.server.log.use.memory = false (default)
2019-07-14 16:34:41,031 INFO  server.RaftServerConfigKeys (ConfUtils.java:logGet(43)) - raft.server.leader.election.timeout = 120s (custom)
2019-07-14 16:34:41,031 INFO  server.RaftServerConfigKeys (ConfUtils.java:logGet(43)) - raft.server.leader.election.timeout = 120s (custom)
2019-07-14 16:34:41,031 INFO  server.RaftServerConfigKeys (ConfUtils.java:logGet(43)) - raft.server.log.use.memory = false (default)
2019-07-14 16:34:41,031 INFO  server.RaftServerConfigKeys (ConfUtils.java:logGet(43)) - raft.server.log.purge.gap = 1000000000 (custom)
2019-07-14 16:34:41,031 INFO  server.RaftServerConfigKeys (ConfUtils.java:logGet(43)) - raft.server.log.purge.gap = 1000000000 (custom)
2019-07-14 16:34:41,031 INFO  server.RaftServerConfigKeys (ConfUtils.java:logGet(43)) - raft.server.log.use.memory = false (default)
2019-07-14 16:34:41,032 INFO  server.RaftServerConfigKeys (ConfUtils.java:logGet(43)) - raft.server.log.appender.buffer.byte-limit = 33554432 (custom)
2019-07-14 16:34:41,032 INFO  server.RaftServerConfigKeys (ConfUtils.java:logGet(43)) - raft.server.log.appender.buffer.byte-limit = 33554432 (custom)
2019-07-14 16:34:41,032 INFO  server.RaftServerConfigKeys (ConfUtils.java:logGet(43)) - raft.server.log.segment.size.max = 1048576 (custom)
2019-07-14 16:34:41,032 INFO  server.RaftServerConfigKeys (ConfUtils.java:logGet(43)) - raft.server.log.purge.gap = 1000000000 (custom)
2019-07-14 16:34:41,032 INFO  server.RaftServerConfigKeys (ConfUtils.java:logGet(43)) - raft.server.log.segment.cache.num.max = 2 (custom)
2019-07-14 16:34:41,032 INFO  server.RaftServerConfigKeys (ConfUtils.java:logGet(43)) - raft.server.log.segment.size.max = 1048576 (custom)
2019-07-14 16:34:41,033 INFO  segmented.SegmentedRaftLogWorker (SegmentedRaftLogWorker.java:<init>(172)) - new 64bded8c-655e-4017-8ae7-00b844471100-SegmentedRaftLogWorker:Storage Directory /workdir/hadoop-ozone/integration-test/target/test-dir/MiniOzoneClusterImpl-82b6509d-b70a-47b0-bd13-965f0fed5d1a/datanode-2/data/ratis/0569c2f0-2505-4fa0-ab26-7e75fb113d43 for RaftStorage:Storage Directory /workdir/hadoop-ozone/integration-test/target/test-dir/MiniOzoneClusterImpl-82b6509d-b70a-47b0-bd13-965f0fed5d1a/datanode-2/data/ratis/0569c2f0-2505-4fa0-ab26-7e75fb113d43
2019-07-14 16:34:41,033 INFO  server.RaftServerConfigKeys (ConfUtils.java:logGet(43)) - raft.server.log.appender.buffer.byte-limit = 33554432 (custom)
2019-07-14 16:34:41,033 INFO  server.RaftServerConfigKeys (ConfUtils.java:logGet(43)) - raft.server.log.queue.byte-limit = 2147483647 (custom)
2019-07-14 16:34:41,033 INFO  server.RaftServerConfigKeys (ConfUtils.java:logGet(43)) - raft.server.log.segment.cache.num.max = 2 (custom)
2019-07-14 16:34:41,037 INFO  server.RaftServerConfigKeys (ConfUtils.java:logGet(43)) - raft.server.log.queue.element-limit = 1024 (custom)
2019-07-14 16:34:41,033 INFO  server.RaftServerConfigKeys (ConfUtils.java:logGet(43)) - raft.server.log.segment.size.max = 1048576 (custom)
2019-07-14 16:34:41,037 INFO  server.RaftServerConfigKeys (ConfUtils.java:logGet(43)) - raft.server.log.segment.size.max = 1048576 (custom)
2019-07-14 16:34:41,037 INFO  segmented.SegmentedRaftLogWorker (SegmentedRaftLogWorker.java:<init>(172)) - new de73d09c-dee1-467e-9efd-5c5ec02f11ff-SegmentedRaftLogWorker:Storage Directory /workdir/hadoop-ozone/integration-test/target/test-dir/MiniOzoneClusterImpl-82b6509d-b70a-47b0-bd13-965f0fed5d1a/datanode-0/data/ratis/0569c2f0-2505-4fa0-ab26-7e75fb113d43 for RaftStorage:Storage Directory /workdir/hadoop-ozone/integration-test/target/test-dir/MiniOzoneClusterImpl-82b6509d-b70a-47b0-bd13-965f0fed5d1a/datanode-0/data/ratis/0569c2f0-2505-4fa0-ab26-7e75fb113d43
2019-07-14 16:34:41,037 INFO  server.RaftServerConfigKeys (ConfUtils.java:logGet(43)) - raft.server.log.preallocated.size = 16384 (custom)
2019-07-14 16:34:41,037 INFO  server.RaftServerConfigKeys (ConfUtils.java:logGet(43)) - raft.server.log.segment.cache.num.max = 2 (custom)
2019-07-14 16:34:41,039 INFO  server.RaftServerConfigKeys (ConfUtils.java:logGet(43)) - raft.server.log.write.buffer.size = 33554432 (custom)
2019-07-14 16:34:41,038 INFO  server.RaftServerConfigKeys (ConfUtils.java:logGet(43)) - raft.server.log.queue.byte-limit = 2147483647 (custom)
2019-07-14 16:34:41,039 INFO  server.RaftServerConfigKeys (ConfUtils.java:logGet(43)) - raft.server.log.force.sync.num = 128 (default)
2019-07-14 16:34:41,039 INFO  segmented.SegmentedRaftLogWorker (SegmentedRaftLogWorker.java:<init>(172)) - new f7a53fc6-deff-4dd0-b4b2-d62f185152c8-SegmentedRaftLogWorker:Storage Directory /workdir/hadoop-ozone/integration-test/target/test-dir/MiniOzoneClusterImpl-82b6509d-b70a-47b0-bd13-965f0fed5d1a/datanode-1/data/ratis/0569c2f0-2505-4fa0-ab26-7e75fb113d43 for RaftStorage:Storage Directory /workdir/hadoop-ozone/integration-test/target/test-dir/MiniOzoneClusterImpl-82b6509d-b70a-47b0-bd13-965f0fed5d1a/datanode-1/data/ratis/0569c2f0-2505-4fa0-ab26-7e75fb113d43
2019-07-14 16:34:41,040 INFO  server.RaftServerConfigKeys (ConfUtils.java:logGet(43)) - raft.server.log.statemachine.data.sync = true (default)
2019-07-14 16:34:41,039 INFO  server.RaftServerConfigKeys (ConfUtils.java:logGet(43)) - raft.server.log.queue.element-limit = 1024 (custom)
2019-07-14 16:34:41,040 INFO  server.RaftServerConfigKeys (ConfUtils.java:logGet(43)) - raft.server.log.queue.byte-limit = 2147483647 (custom)
2019-07-14 16:34:41,044 INFO  server.RaftServerConfigKeys (ConfUtils.java:logGet(43)) - raft.server.log.segment.size.max = 1048576 (custom)
2019-07-14 16:34:41,044 INFO  server.RaftServerConfigKeys (ConfUtils.java:logGet(43)) - raft.server.log.statemachine.data.sync.timeout = 10s (default)
2019-07-14 16:34:41,045 INFO  server.RaftServerConfigKeys (ConfUtils.java:logGet(43)) - raft.server.log.preallocated.size = 16384 (custom)
2019-07-14 16:34:41,044 INFO  server.RaftServerConfigKeys (ConfUtils.java:logGet(43)) - raft.server.log.queue.element-limit = 1024 (custom)
2019-07-14 16:34:41,045 INFO  server.RaftServerConfigKeys (ConfUtils.java:logGet(43)) - raft.server.log.write.buffer.size = 33554432 (custom)
2019-07-14 16:34:41,045 INFO  server.RaftServerConfigKeys (ConfUtils.java:logGet(43)) - raft.server.log.statemachine.data.sync.timeout.retry = -1 (default)
2019-07-14 16:34:41,045 INFO  server.RaftServerConfigKeys (ConfUtils.java:logGet(43)) - raft.server.log.force.sync.num = 128 (default)
2019-07-14 16:34:41,045 INFO  server.RaftServerConfigKeys (ConfUtils.java:logGet(43)) - raft.server.log.segment.size.max = 1048576 (custom)
2019-07-14 16:34:41,046 INFO  server.RaftServerConfigKeys (ConfUtils.java:logGet(43)) - raft.server.log.statemachine.data.caching.enabled = true (custom)
2019-07-14 16:34:41,046 INFO  server.RaftServerConfigKeys (ConfUtils.java:logGet(43)) - raft.server.log.statemachine.data.sync = true (default)
2019-07-14 16:34:41,046 INFO  server.RaftServerConfigKeys (ConfUtils.java:logGet(43)) - raft.server.log.preallocated.size = 16384 (custom)
2019-07-14 16:34:41,046 INFO  server.RaftServerConfigKeys (ConfUtils.java:logGet(43)) - raft.server.log.statemachine.data.sync.timeout = 10s (default)
2019-07-14 16:34:41,046 INFO  server.RaftServerConfigKeys (ConfUtils.java:logGet(43)) - raft.server.log.write.buffer.size = 33554432 (custom)
2019-07-14 16:34:41,046 INFO  segmented.SegmentedRaftLogWorker (SegmentedRaftLogWorker.java:lambda$new$0(132)) - 64bded8c-655e-4017-8ae7-00b844471100-SegmentedRaftLogWorker:Storage Directory /workdir/hadoop-ozone/integration-test/target/test-dir/MiniOzoneClusterImpl-82b6509d-b70a-47b0-bd13-965f0fed5d1a/datanode-2/data/ratis/0569c2f0-2505-4fa0-ab26-7e75fb113d43: flushIndex: setUnconditionally 0 -> -1
2019-07-14 16:34:41,046 INFO  server.RaftServerConfigKeys (ConfUtils.java:logGet(43)) - raft.server.log.statemachine.data.sync.timeout.retry = -1 (default)
2019-07-14 16:34:41,047 INFO  server.RaftServerConfigKeys (ConfUtils.java:logGet(43)) - raft.server.log.force.sync.num = 128 (default)
2019-07-14 16:34:41,047 INFO  server.RaftServerConfigKeys (ConfUtils.java:logGet(43)) - raft.server.log.statemachine.data.caching.enabled = true (custom)
2019-07-14 16:34:41,047 INFO  server.RaftServerConfigKeys (ConfUtils.java:logGet(43)) - raft.server.log.statemachine.data.sync = true (default)
2019-07-14 16:34:41,047 INFO  server.RaftServerConfigKeys (ConfUtils.java:logGet(43)) - raft.server.snapshot.auto.trigger.enabled = true (custom)
2019-07-14 16:34:41,047 INFO  segmented.SegmentedRaftLogWorker (SegmentedRaftLogWorker.java:lambda$new$0(132)) - de73d09c-dee1-467e-9efd-5c5ec02f11ff-SegmentedRaftLogWorker:Storage Directory /workdir/hadoop-ozone/integration-test/target/test-dir/MiniOzoneClusterImpl-82b6509d-b70a-47b0-bd13-965f0fed5d1a/datanode-0/data/ratis/0569c2f0-2505-4fa0-ab26-7e75fb113d43: flushIndex: setUnconditionally 0 -> -1
2019-07-14 16:34:41,047 INFO  server.RaftServerConfigKeys (ConfUtils.java:logGet(43)) - raft.server.log.statemachine.data.sync.timeout = 10s (default)
2019-07-14 16:34:41,048 INFO  server.RaftServerConfigKeys (ConfUtils.java:logGet(43)) - raft.server.snapshot.auto.trigger.threshold = 10000 (custom)
2019-07-14 16:34:41,048 INFO  server.RaftServerConfigKeys (ConfUtils.java:logGet(43)) - raft.server.log.statemachine.data.sync.timeout.retry = -1 (default)
2019-07-14 16:34:41,048 INFO  server.RaftServerConfigKeys (ConfUtils.java:logGet(43)) - raft.server.snapshot.auto.trigger.enabled = true (custom)
2019-07-14 16:34:41,048 INFO  server.RaftServerConfigKeys (ConfUtils.java:logGet(43)) - raft.server.log.statemachine.data.caching.enabled = true (custom)
2019-07-14 16:34:41,048 INFO  server.RaftServerConfigKeys (ConfUtils.java:logGet(43)) - raft.server.retrycache.expirytime = 600000ms (custom)
2019-07-14 16:34:41,049 INFO  segmented.SegmentedRaftLogWorker (SegmentedRaftLogWorker.java:lambda$new$0(132)) - f7a53fc6-deff-4dd0-b4b2-d62f185152c8-SegmentedRaftLogWorker:Storage Directory /workdir/hadoop-ozone/integration-test/target/test-dir/MiniOzoneClusterImpl-82b6509d-b70a-47b0-bd13-965f0fed5d1a/datanode-1/data/ratis/0569c2f0-2505-4fa0-ab26-7e75fb113d43: flushIndex: setUnconditionally 0 -> -1
2019-07-14 16:34:41,048 INFO  server.RaftServerConfigKeys (ConfUtils.java:logGet(43)) - raft.server.snapshot.auto.trigger.threshold = 10000 (custom)
2019-07-14 16:34:41,049 INFO  impl.RaftServerImpl (RaftServerImpl.java:start(180)) - 64bded8c-655e-4017-8ae7-00b844471100: start group-7E75FB113D43
2019-07-14 16:34:41,049 INFO  server.RaftServerConfigKeys (ConfUtils.java:logGet(43)) - raft.server.retrycache.expirytime = 600000ms (custom)
2019-07-14 16:34:41,049 INFO  server.RaftServerConfigKeys (ConfUtils.java:logGet(43)) - raft.server.snapshot.auto.trigger.enabled = true (custom)
2019-07-14 16:34:41,049 INFO  impl.RaftServerImpl (RaftServerImpl.java:start(180)) - de73d09c-dee1-467e-9efd-5c5ec02f11ff: start group-7E75FB113D43
2019-07-14 16:34:41,049 INFO  impl.RaftServerImpl (RaftServerImpl.java:setRole(171)) - 64bded8c-655e-4017-8ae7-00b844471100:group-7E75FB113D43 changes role from null to FOLLOWER at term 0 for startAsFollower
2019-07-14 16:34:41,050 INFO  impl.RaftServerImpl (RaftServerImpl.java:setRole(171)) - de73d09c-dee1-467e-9efd-5c5ec02f11ff:group-7E75FB113D43 changes role from null to FOLLOWER at term 0 for startAsFollower
2019-07-14 16:34:41,049 INFO  server.RaftServerConfigKeys (ConfUtils.java:logGet(43)) - raft.server.snapshot.auto.trigger.threshold = 10000 (custom)
2019-07-14 16:34:41,050 INFO  impl.RoleInfo (RoleInfo.java:updateAndGet(143)) - de73d09c-dee1-467e-9efd-5c5ec02f11ff: start FollowerState
2019-07-14 16:34:41,050 INFO  impl.RoleInfo (RoleInfo.java:updateAndGet(143)) - 64bded8c-655e-4017-8ae7-00b844471100: start FollowerState
2019-07-14 16:34:41,050 INFO  server.RaftServerConfigKeys (ConfUtils.java:logGet(43)) - raft.server.retrycache.expirytime = 600000ms (custom)
2019-07-14 16:34:41,050 INFO  util.JmxRegister (JmxRegister.java:tryRegister(44)) - Successfully registered JMX Bean with object name Ratis:service=RaftServer,group=group-7E75FB113D43,id=de73d09c-dee1-467e-9efd-5c5ec02f11ff
2019-07-14 16:34:41,050 INFO  impl.RaftServerImpl (RaftServerImpl.java:start(180)) - f7a53fc6-deff-4dd0-b4b2-d62f185152c8: start group-7E75FB113D43
2019-07-14 16:34:41,051 INFO  impl.RaftServerImpl (RaftServerImpl.java:setRole(171)) - f7a53fc6-deff-4dd0-b4b2-d62f185152c8:group-7E75FB113D43 changes role from null to FOLLOWER at term 0 for startAsFollower
2019-07-14 16:34:41,051 INFO  util.JmxRegister (JmxRegister.java:tryRegister(44)) - Successfully registered JMX Bean with object name Ratis:service=RaftServer,group=group-7E75FB113D43,id=64bded8c-655e-4017-8ae7-00b844471100
2019-07-14 16:34:41,051 INFO  impl.RoleInfo (RoleInfo.java:updateAndGet(143)) - f7a53fc6-deff-4dd0-b4b2-d62f185152c8: start FollowerState
2019-07-14 16:34:41,056 INFO  util.JmxRegister (JmxRegister.java:tryRegister(44)) - Successfully registered JMX Bean with object name Ratis:service=RaftServer,group=group-7E75FB113D43,id=f7a53fc6-deff-4dd0-b4b2-d62f185152c8
2019-07-14 16:34:41,074 INFO  pipeline.PipelineStateManager (PipelineStateManager.java:addPipeline(56)) - Created pipeline Pipeline[ Id: 0569c2f0-2505-4fa0-ab26-7e75fb113d43, Nodes: 64bded8c-655e-4017-8ae7-00b844471100{ip: 192.168.69.77, host: pr-hdds-1710-5x6jb-1204890111, networkLocation: /default-rack, certSerialId: null}de73d09c-dee1-467e-9efd-5c5ec02f11ff{ip: 192.168.69.77, host: pr-hdds-1710-5x6jb-1204890111, networkLocation: /default-rack, certSerialId: null}f7a53fc6-deff-4dd0-b4b2-d62f185152c8{ip: 192.168.69.77, host: pr-hdds-1710-5x6jb-1204890111, networkLocation: /default-rack, certSerialId: null}, Type:RATIS, Factor:THREE, State:OPEN]
2019-07-14 16:34:41,303 INFO  rpc.RpcClient (RpcClient.java:createVolume(287)) - Creating Volume: 758f57fa-d4f1-4048-aeb6-b011bc33dd8d, with jenkins1000 as owner.
2019-07-14 16:34:41,344 INFO  rpc.RpcClient (RpcClient.java:createBucket(424)) - Creating Bucket: 758f57fa-d4f1-4048-aeb6-b011bc33dd8d/36399436-6ced-4053-b112-77cfe50882cf, with Versioning false and Storage Type set to DISK and Encryption set to false 
2019-07-14 16:34:41,612 INFO  client.GrpcClientProtocolClient (GrpcClientProtocolClient.java:onNext(255)) - client-310228CA1BD5->de73d09c-dee1-467e-9efd-5c5ec02f11ff: receive RaftClientReply:client-310228CA1BD5->de73d09c-dee1-467e-9efd-5c5ec02f11ff@group-527E5DC0D2E9, cid=6, FAILED org.apache.ratis.protocol.NotLeaderException: Server de73d09c-dee1-467e-9efd-5c5ec02f11ff is not the leader (null). Request must be sent to leader., logIndex=0, commits[de73d09c-dee1-467e-9efd-5c5ec02f11ff:c-1]
2019-07-14 16:34:42,597 INFO  container.ReplicationManager (ReplicationManager.java:start(155)) - Starting Replication Monitor Thread.
2019-07-14 16:34:42,603 INFO  container.ReplicationManager (ReplicationManager.java:run(207)) - Replication Monitor Thread took 4 milliseconds for processing 1 containers.
2019-07-14 16:34:43,648 INFO  client.GrpcClientProtocolClient (GrpcClientProtocolClient.java:onNext(255)) - client-310228CA1BD5->de73d09c-dee1-467e-9efd-5c5ec02f11ff: receive RaftClientReply:client-310228CA1BD5->de73d09c-dee1-467e-9efd-5c5ec02f11ff@group-527E5DC0D2E9, cid=6, FAILED org.apache.ratis.protocol.NotLeaderException: Server de73d09c-dee1-467e-9efd-5c5ec02f11ff is not the leader (null). Request must be sent to leader., logIndex=0, commits[de73d09c-dee1-467e-9efd-5c5ec02f11ff:c-1]
2019-07-14 16:34:45,672 INFO  client.GrpcClientProtocolClient (GrpcClientProtocolClient.java:onNext(255)) - client-310228CA1BD5->de73d09c-dee1-467e-9efd-5c5ec02f11ff: receive RaftClientReply:client-310228CA1BD5->de73d09c-dee1-467e-9efd-5c5ec02f11ff@group-527E5DC0D2E9, cid=6, FAILED org.apache.ratis.protocol.NotLeaderException: Server de73d09c-dee1-467e-9efd-5c5ec02f11ff is not the leader (null). Request must be sent to leader., logIndex=0, commits[de73d09c-dee1-467e-9efd-5c5ec02f11ff:c-1]
2019-07-14 16:34:45,717 INFO  impl.FollowerState (FollowerState.java:run(106)) - de73d09c-dee1-467e-9efd-5c5ec02f11ff:group-527E5DC0D2E9 changes to CANDIDATE, lastRpcTime:5032, electionTimeout:5031ms
2019-07-14 16:34:45,717 INFO  impl.RoleInfo (RoleInfo.java:shutdownFollowerState(121)) - de73d09c-dee1-467e-9efd-5c5ec02f11ff: shutdown FollowerState
2019-07-14 16:34:45,717 INFO  impl.RaftServerImpl (RaftServerImpl.java:setRole(171)) - de73d09c-dee1-467e-9efd-5c5ec02f11ff:group-527E5DC0D2E9 changes role from FOLLOWER to CANDIDATE at term 0 for changeToCandidate
2019-07-14 16:34:45,723 INFO  impl.RoleInfo (RoleInfo.java:updateAndGet(143)) - de73d09c-dee1-467e-9efd-5c5ec02f11ff: start LeaderElection
2019-07-14 16:34:45,741 INFO  impl.LeaderElection (LeaderElection.java:askForVotes(181)) - de73d09c-dee1-467e-9efd-5c5ec02f11ff:group-527E5DC0D2E9:LeaderElection1: begin an election at term 1 for -1: [de73d09c-dee1-467e-9efd-5c5ec02f11ff:192.168.69.77:35411], old=null
2019-07-14 16:34:45,743 INFO  impl.RoleInfo (RoleInfo.java:shutdownLeaderElection(134)) - de73d09c-dee1-467e-9efd-5c5ec02f11ff: shutdown LeaderElection
2019-07-14 16:34:45,744 INFO  impl.RaftServerImpl (RaftServerImpl.java:setRole(171)) - de73d09c-dee1-467e-9efd-5c5ec02f11ff:group-527E5DC0D2E9 changes role from CANDIDATE to LEADER at term 1 for changeToLeader
2019-07-14 16:34:45,744 INFO  impl.RaftServerImpl (ServerState.java:setLeader(263)) - de73d09c-dee1-467e-9efd-5c5ec02f11ff:group-527E5DC0D2E9 change Leader from null to de73d09c-dee1-467e-9efd-5c5ec02f11ff at term 1 for becomeLeader, leader elected after 5154ms
2019-07-14 16:34:45,752 INFO  server.RaftServerConfigKeys (ConfUtils.java:logGet(43)) - raft.server.staging.catchup.gap = 1000 (default)
2019-07-14 16:34:45,753 INFO  server.RaftServerConfigKeys (ConfUtils.java:logGet(43)) - raft.server.rpc.sleep.time = 25ms (default)
2019-07-14 16:34:45,756 INFO  server.RaftServerConfigKeys (ConfUtils.java:logGet(43)) - raft.server.write.element-limit = 4096 (default)
2019-07-14 16:34:45,760 INFO  server.RaftServerConfigKeys (ConfUtils.java:logGet(43)) - raft.server.watch.timeout = 10s (default)
2019-07-14 16:34:45,760 INFO  server.RaftServerConfigKeys (ConfUtils.java:logGet(43)) - raft.server.watch.timeout.denomination = 1s (default)
2019-07-14 16:34:45,761 INFO  server.RaftServerConfigKeys (ConfUtils.java:logGet(43)) - raft.server.watch.element-limit = 65536 (default)
2019-07-14 16:34:45,772 INFO  impl.RoleInfo (RoleInfo.java:updateAndGet(143)) - de73d09c-dee1-467e-9efd-5c5ec02f11ff: start LeaderState
2019-07-14 16:34:45,798 INFO  segmented.SegmentedRaftLogWorker (SegmentedRaftLogWorker.java:startLogSegment(380)) - de73d09c-dee1-467e-9efd-5c5ec02f11ff-SegmentedRaftLogWorker:Storage Directory /workdir/hadoop-ozone/integration-test/target/test-dir/MiniOzoneClusterImpl-82b6509d-b70a-47b0-bd13-965f0fed5d1a/datanode-0/data/ratis/c8b4663b-67a4-424f-a2d9-527e5dc0d2e9: Starting segment from index:0
2019-07-14 16:34:45,807 INFO  impl.RaftServerImpl (ServerState.java:setRaftConf(361)) - de73d09c-dee1-467e-9efd-5c5ec02f11ff:group-527E5DC0D2E9 set configuration 0: [de73d09c-dee1-467e-9efd-5c5ec02f11ff:192.168.69.77:35411], old=null at 0
2019-07-14 16:34:46,019 INFO  segmented.SegmentedRaftLogWorker (SegmentedRaftLogWorker.java:execute(569)) - de73d09c-dee1-467e-9efd-5c5ec02f11ff-SegmentedRaftLogWorker:Storage Directory /workdir/hadoop-ozone/integration-test/target/test-dir/MiniOzoneClusterImpl-82b6509d-b70a-47b0-bd13-965f0fed5d1a/datanode-0/data/ratis/c8b4663b-67a4-424f-a2d9-527e5dc0d2e9: created new log segment /workdir/hadoop-ozone/integration-test/target/test-dir/MiniOzoneClusterImpl-82b6509d-b70a-47b0-bd13-965f0fed5d1a/datanode-0/data/ratis/c8b4663b-67a4-424f-a2d9-527e5dc0d2e9/current/log_inprogress_0
2019-07-14 16:34:46,045 INFO  impl.FollowerState (FollowerState.java:run(106)) - 64bded8c-655e-4017-8ae7-00b844471100:group-1E540630D2B2 changes to CANDIDATE, lastRpcTime:5184, electionTimeout:5183ms
2019-07-14 16:34:46,046 INFO  impl.RoleInfo (RoleInfo.java:shutdownFollowerState(121)) - 64bded8c-655e-4017-8ae7-00b844471100: shutdown FollowerState
2019-07-14 16:34:46,046 INFO  impl.RaftServerImpl (RaftServerImpl.java:setRole(171)) - 64bded8c-655e-4017-8ae7-00b844471100:group-1E540630D2B2 changes role from FOLLOWER to CANDIDATE at term 0 for changeToCandidate
2019-07-14 16:34:46,047 INFO  impl.RoleInfo (RoleInfo.java:updateAndGet(143)) - 64bded8c-655e-4017-8ae7-00b844471100: start LeaderElection
2019-07-14 16:34:46,064 INFO  impl.LeaderElection (LeaderElection.java:askForVotes(181)) - 64bded8c-655e-4017-8ae7-00b844471100:group-1E540630D2B2:LeaderElection2: begin an election at term 1 for -1: [64bded8c-655e-4017-8ae7-00b844471100:192.168.69.77:38787], old=null
2019-07-14 16:34:46,066 INFO  impl.RoleInfo (RoleInfo.java:shutdownLeaderElection(134)) - 64bded8c-655e-4017-8ae7-00b844471100: shutdown LeaderElection
2019-07-14 16:34:46,067 INFO  impl.RaftServerImpl (RaftServerImpl.java:setRole(171)) - 64bded8c-655e-4017-8ae7-00b844471100:group-1E540630D2B2 changes role from CANDIDATE to LEADER at term 1 for changeToLeader
2019-07-14 16:34:46,067 INFO  impl.RaftServerImpl (ServerState.java:setLeader(263)) - 64bded8c-655e-4017-8ae7-00b844471100:group-1E540630D2B2 change Leader from null to 64bded8c-655e-4017-8ae7-00b844471100 at term 1 for becomeLeader, leader elected after 5214ms
2019-07-14 16:34:46,067 INFO  server.RaftServerConfigKeys (ConfUtils.java:logGet(43)) - raft.server.staging.catchup.gap = 1000 (default)
2019-07-14 16:34:46,067 INFO  server.RaftServerConfigKeys (ConfUtils.java:logGet(43)) - raft.server.rpc.sleep.time = 25ms (default)
2019-07-14 16:34:46,068 INFO  server.RaftServerConfigKeys (ConfUtils.java:logGet(43)) - raft.server.write.element-limit = 4096 (default)
2019-07-14 16:34:46,068 INFO  server.RaftServerConfigKeys (ConfUtils.java:logGet(43)) - raft.server.watch.timeout = 10s (default)
2019-07-14 16:34:46,068 INFO  server.RaftServerConfigKeys (ConfUtils.java:logGet(43)) - raft.server.watch.timeout.denomination = 1s (default)
2019-07-14 16:34:46,069 INFO  server.RaftServerConfigKeys (ConfUtils.java:logGet(43)) - raft.server.watch.element-limit = 65536 (default)
2019-07-14 16:34:46,069 INFO  impl.RoleInfo (RoleInfo.java:updateAndGet(143)) - 64bded8c-655e-4017-8ae7-00b844471100: start LeaderState
2019-07-14 16:34:46,069 INFO  segmented.SegmentedRaftLogWorker (SegmentedRaftLogWorker.java:startLogSegment(380)) - 64bded8c-655e-4017-8ae7-00b844471100-SegmentedRaftLogWorker:Storage Directory /workdir/hadoop-ozone/integration-test/target/test-dir/MiniOzoneClusterImpl-82b6509d-b70a-47b0-bd13-965f0fed5d1a/datanode-2/data/ratis/60d23ed9-b22f-4eb0-b310-1e540630d2b2: Starting segment from index:0
2019-07-14 16:34:46,070 INFO  impl.RaftServerImpl (ServerState.java:setRaftConf(361)) - 64bded8c-655e-4017-8ae7-00b844471100:group-1E540630D2B2 set configuration 0: [64bded8c-655e-4017-8ae7-00b844471100:192.168.69.77:38787], old=null at 0
2019-07-14 16:34:46,087 INFO  impl.FollowerState (FollowerState.java:run(106)) - f7a53fc6-deff-4dd0-b4b2-d62f185152c8:group-E753309C4271 changes to CANDIDATE, lastRpcTime:5143, electionTimeout:5135ms
2019-07-14 16:34:46,087 INFO  impl.RoleInfo (RoleInfo.java:shutdownFollowerState(121)) - f7a53fc6-deff-4dd0-b4b2-d62f185152c8: shutdown FollowerState
2019-07-14 16:34:46,087 INFO  impl.RaftServerImpl (RaftServerImpl.java:setRole(171)) - f7a53fc6-deff-4dd0-b4b2-d62f185152c8:group-E753309C4271 changes role from FOLLOWER to CANDIDATE at term 0 for changeToCandidate
2019-07-14 16:34:46,087 INFO  impl.RoleInfo (RoleInfo.java:updateAndGet(143)) - f7a53fc6-deff-4dd0-b4b2-d62f185152c8: start LeaderElection
2019-07-14 16:34:46,100 INFO  segmented.SegmentedRaftLogWorker (SegmentedRaftLogWorker.java:execute(569)) - 64bded8c-655e-4017-8ae7-00b844471100-SegmentedRaftLogWorker:Storage Directory /workdir/hadoop-ozone/integration-test/target/test-dir/MiniOzoneClusterImpl-82b6509d-b70a-47b0-bd13-965f0fed5d1a/datanode-2/data/ratis/60d23ed9-b22f-4eb0-b310-1e540630d2b2: created new log segment /workdir/hadoop-ozone/integration-test/target/test-dir/MiniOzoneClusterImpl-82b6509d-b70a-47b0-bd13-965f0fed5d1a/datanode-2/data/ratis/60d23ed9-b22f-4eb0-b310-1e540630d2b2/current/log_inprogress_0
2019-07-14 16:34:46,100 INFO  impl.LeaderElection (LeaderElection.java:askForVotes(181)) - f7a53fc6-deff-4dd0-b4b2-d62f185152c8:group-E753309C4271:LeaderElection3: begin an election at term 1 for -1: [f7a53fc6-deff-4dd0-b4b2-d62f185152c8:192.168.69.77:35882], old=null
2019-07-14 16:34:46,100 INFO  impl.RoleInfo (RoleInfo.java:shutdownLeaderElection(134)) - f7a53fc6-deff-4dd0-b4b2-d62f185152c8: shutdown LeaderElection
2019-07-14 16:34:46,101 INFO  impl.RaftServerImpl (RaftServerImpl.java:setRole(171)) - f7a53fc6-deff-4dd0-b4b2-d62f185152c8:group-E753309C4271 changes role from CANDIDATE to LEADER at term 1 for changeToLeader
2019-07-14 16:34:46,101 INFO  impl.RaftServerImpl (ServerState.java:setLeader(263)) - f7a53fc6-deff-4dd0-b4b2-d62f185152c8:group-E753309C4271 change Leader from null to f7a53fc6-deff-4dd0-b4b2-d62f185152c8 at term 1 for becomeLeader, leader elected after 5163ms
2019-07-14 16:34:46,101 INFO  server.RaftServerConfigKeys (ConfUtils.java:logGet(43)) - raft.server.staging.catchup.gap = 1000 (default)
2019-07-14 16:34:46,101 INFO  server.RaftServerConfigKeys (ConfUtils.java:logGet(43)) - raft.server.rpc.sleep.time = 25ms (default)
2019-07-14 16:34:46,102 INFO  server.RaftServerConfigKeys (ConfUtils.java:logGet(43)) - raft.server.write.element-limit = 4096 (default)
2019-07-14 16:34:46,102 INFO  server.RaftServerConfigKeys (ConfUtils.java:logGet(43)) - raft.server.watch.timeout = 10s (default)
2019-07-14 16:34:46,102 INFO  server.RaftServerConfigKeys (ConfUtils.java:logGet(43)) - raft.server.watch.timeout.denomination = 1s (default)
2019-07-14 16:34:46,102 INFO  server.RaftServerConfigKeys (ConfUtils.java:logGet(43)) - raft.server.watch.element-limit = 65536 (default)
2019-07-14 16:34:46,103 INFO  impl.RoleInfo (RoleInfo.java:updateAndGet(143)) - f7a53fc6-deff-4dd0-b4b2-d62f185152c8: start LeaderState
2019-07-14 16:34:46,103 INFO  segmented.SegmentedRaftLogWorker (SegmentedRaftLogWorker.java:startLogSegment(380)) - f7a53fc6-deff-4dd0-b4b2-d62f185152c8-SegmentedRaftLogWorker:Storage Directory /workdir/hadoop-ozone/integration-test/target/test-dir/MiniOzoneClusterImpl-82b6509d-b70a-47b0-bd13-965f0fed5d1a/datanode-1/data/ratis/dfb4da44-3116-488d-8644-e753309c4271: Starting segment from index:0
2019-07-14 16:34:46,104 INFO  impl.RaftServerImpl (ServerState.java:setRaftConf(361)) - f7a53fc6-deff-4dd0-b4b2-d62f185152c8:group-E753309C4271 set configuration 0: [f7a53fc6-deff-4dd0-b4b2-d62f185152c8:192.168.69.77:35882], old=null at 0
2019-07-14 16:34:46,135 INFO  segmented.SegmentedRaftLogWorker (SegmentedRaftLogWorker.java:execute(569)) - f7a53fc6-deff-4dd0-b4b2-d62f185152c8-SegmentedRaftLogWorker:Storage Directory /workdir/hadoop-ozone/integration-test/target/test-dir/MiniOzoneClusterImpl-82b6509d-b70a-47b0-bd13-965f0fed5d1a/datanode-1/data/ratis/dfb4da44-3116-488d-8644-e753309c4271: created new log segment /workdir/hadoop-ozone/integration-test/target/test-dir/MiniOzoneClusterImpl-82b6509d-b70a-47b0-bd13-965f0fed5d1a/datanode-1/data/ratis/dfb4da44-3116-488d-8644-e753309c4271/current/log_inprogress_0
2019-07-14 16:34:46,140 INFO  impl.FollowerState (FollowerState.java:run(106)) - 64bded8c-655e-4017-8ae7-00b844471100:group-7E75FB113D43 changes to CANDIDATE, lastRpcTime:5089, electionTimeout:5089ms
2019-07-14 16:34:46,140 INFO  impl.RoleInfo (RoleInfo.java:shutdownFollowerState(121)) - 64bded8c-655e-4017-8ae7-00b844471100: shutdown FollowerState
2019-07-14 16:34:46,140 INFO  impl.RaftServerImpl (RaftServerImpl.java:setRole(171)) - 64bded8c-655e-4017-8ae7-00b844471100:group-7E75FB113D43 changes role from FOLLOWER to CANDIDATE at term 0 for changeToCandidate
2019-07-14 16:34:46,140 INFO  impl.RoleInfo (RoleInfo.java:updateAndGet(143)) - 64bded8c-655e-4017-8ae7-00b844471100: start LeaderElection
2019-07-14 16:34:46,150 INFO  impl.LeaderElection (LeaderElection.java:askForVotes(181)) - 64bded8c-655e-4017-8ae7-00b844471100:group-7E75FB113D43:LeaderElection4: begin an election at term 1 for -1: [de73d09c-dee1-467e-9efd-5c5ec02f11ff:192.168.69.77:35411, 64bded8c-655e-4017-8ae7-00b844471100:192.168.69.77:38787, f7a53fc6-deff-4dd0-b4b2-d62f185152c8:192.168.69.77:35882], old=null
2019-07-14 16:34:46,167 INFO  impl.FollowerState (FollowerState.java:run(106)) - de73d09c-dee1-467e-9efd-5c5ec02f11ff:group-7E75FB113D43 changes to CANDIDATE, lastRpcTime:5116, electionTimeout:5116ms
2019-07-14 16:34:46,167 INFO  impl.RoleInfo (RoleInfo.java:shutdownFollowerState(121)) - de73d09c-dee1-467e-9efd-5c5ec02f11ff: shutdown FollowerState
2019-07-14 16:34:46,167 INFO  impl.RaftServerImpl (RaftServerImpl.java:setRole(171)) - de73d09c-dee1-467e-9efd-5c5ec02f11ff:group-7E75FB113D43 changes role from FOLLOWER to CANDIDATE at term 0 for changeToCandidate
2019-07-14 16:34:46,167 INFO  impl.RoleInfo (RoleInfo.java:updateAndGet(143)) - de73d09c-dee1-467e-9efd-5c5ec02f11ff: start LeaderElection
2019-07-14 16:34:46,175 INFO  impl.FollowerState (FollowerState.java:run(106)) - f7a53fc6-deff-4dd0-b4b2-d62f185152c8:group-7E75FB113D43 changes to CANDIDATE, lastRpcTime:5123, electionTimeout:5119ms
2019-07-14 16:34:46,175 INFO  impl.RoleInfo (RoleInfo.java:shutdownFollowerState(121)) - f7a53fc6-deff-4dd0-b4b2-d62f185152c8: shutdown FollowerState
2019-07-14 16:34:46,175 INFO  impl.RaftServerImpl (RaftServerImpl.java:setRole(171)) - f7a53fc6-deff-4dd0-b4b2-d62f185152c8:group-7E75FB113D43 changes role from FOLLOWER to CANDIDATE at term 0 for changeToCandidate
2019-07-14 16:34:46,175 INFO  impl.RoleInfo (RoleInfo.java:updateAndGet(143)) - f7a53fc6-deff-4dd0-b4b2-d62f185152c8: start LeaderElection
2019-07-14 16:34:46,187 INFO  impl.LeaderElection (LeaderElection.java:askForVotes(181)) - de73d09c-dee1-467e-9efd-5c5ec02f11ff:group-7E75FB113D43:LeaderElection5: begin an election at term 1 for -1: [de73d09c-dee1-467e-9efd-5c5ec02f11ff:192.168.69.77:35411, 64bded8c-655e-4017-8ae7-00b844471100:192.168.69.77:38787, f7a53fc6-deff-4dd0-b4b2-d62f185152c8:192.168.69.77:35882], old=null
2019-07-14 16:34:46,187 INFO  impl.LeaderElection (LeaderElection.java:askForVotes(181)) - f7a53fc6-deff-4dd0-b4b2-d62f185152c8:group-7E75FB113D43:LeaderElection6: begin an election at term 1 for -1: [de73d09c-dee1-467e-9efd-5c5ec02f11ff:192.168.69.77:35411, 64bded8c-655e-4017-8ae7-00b844471100:192.168.69.77:38787, f7a53fc6-deff-4dd0-b4b2-d62f185152c8:192.168.69.77:35882], old=null
2019-07-14 16:34:46,213 INFO  impl.LeaderElection (LeaderElection.java:logAndReturn(56)) - 64bded8c-655e-4017-8ae7-00b844471100:group-7E75FB113D43:LeaderElection4: Election REJECTED; received 2 response(s) [64bded8c-655e-4017-8ae7-00b844471100<-de73d09c-dee1-467e-9efd-5c5ec02f11ff#0:FAIL-t1, 64bded8c-655e-4017-8ae7-00b844471100<-f7a53fc6-deff-4dd0-b4b2-d62f185152c8#0:FAIL-t1] and 0 exception(s); 64bded8c-655e-4017-8ae7-00b844471100:t1, leader=null, voted=64bded8c-655e-4017-8ae7-00b844471100, raftlog=64bded8c-655e-4017-8ae7-00b844471100-SegmentedRaftLog:OPENED:c-1,f-1,i0, conf=-1: [de73d09c-dee1-467e-9efd-5c5ec02f11ff:192.168.69.77:35411, 64bded8c-655e-4017-8ae7-00b844471100:192.168.69.77:38787, f7a53fc6-deff-4dd0-b4b2-d62f185152c8:192.168.69.77:35882], old=null
2019-07-14 16:34:46,215 INFO  impl.RaftServerImpl (RaftServerImpl.java:setRole(171)) - 64bded8c-655e-4017-8ae7-00b844471100:group-7E75FB113D43 changes role from CANDIDATE to FOLLOWER at term 1 for DISCOVERED_A_NEW_TERM
2019-07-14 16:34:46,215 INFO  impl.RoleInfo (RoleInfo.java:shutdownLeaderElection(134)) - 64bded8c-655e-4017-8ae7-00b844471100: shutdown LeaderElection
2019-07-14 16:34:46,217 INFO  impl.RoleInfo (RoleInfo.java:updateAndGet(143)) - 64bded8c-655e-4017-8ae7-00b844471100: start FollowerState
2019-07-14 16:34:46,235 INFO  impl.LeaderElection (LeaderElection.java:logAndReturn(56)) - de73d09c-dee1-467e-9efd-5c5ec02f11ff:group-7E75FB113D43:LeaderElection5: Election REJECTED; received 2 response(s) [de73d09c-dee1-467e-9efd-5c5ec02f11ff<-64bded8c-655e-4017-8ae7-00b844471100#0:FAIL-t1, de73d09c-dee1-467e-9efd-5c5ec02f11ff<-f7a53fc6-deff-4dd0-b4b2-d62f185152c8#0:FAIL-t1] and 0 exception(s); de73d09c-dee1-467e-9efd-5c5ec02f11ff:t1, leader=null, voted=de73d09c-dee1-467e-9efd-5c5ec02f11ff, raftlog=de73d09c-dee1-467e-9efd-5c5ec02f11ff-SegmentedRaftLog:OPENED:c-1,f-1,i0, conf=-1: [de73d09c-dee1-467e-9efd-5c5ec02f11ff:192.168.69.77:35411, 64bded8c-655e-4017-8ae7-00b844471100:192.168.69.77:38787, f7a53fc6-deff-4dd0-b4b2-d62f185152c8:192.168.69.77:35882], old=null
2019-07-14 16:34:46,237 INFO  impl.RaftServerImpl (RaftServerImpl.java:setRole(171)) - de73d09c-dee1-467e-9efd-5c5ec02f11ff:group-7E75FB113D43 changes role from CANDIDATE to FOLLOWER at term 1 for DISCOVERED_A_NEW_TERM
2019-07-14 16:34:46,239 INFO  impl.RoleInfo (RoleInfo.java:shutdownLeaderElection(134)) - de73d09c-dee1-467e-9efd-5c5ec02f11ff: shutdown LeaderElection
2019-07-14 16:34:46,239 INFO  impl.RoleInfo (RoleInfo.java:updateAndGet(143)) - de73d09c-dee1-467e-9efd-5c5ec02f11ff: start FollowerState
2019-07-14 16:34:46,244 INFO  impl.LeaderElection (LeaderElection.java:logAndReturn(56)) - f7a53fc6-deff-4dd0-b4b2-d62f185152c8:group-7E75FB113D43:LeaderElection6: Election REJECTED; received 2 response(s) [f7a53fc6-deff-4dd0-b4b2-d62f185152c8<-de73d09c-dee1-467e-9efd-5c5ec02f11ff#0:FAIL-t1, f7a53fc6-deff-4dd0-b4b2-d62f185152c8<-64bded8c-655e-4017-8ae7-00b844471100#0:FAIL-t1] and 0 exception(s); f7a53fc6-deff-4dd0-b4b2-d62f185152c8:t1, leader=null, voted=f7a53fc6-deff-4dd0-b4b2-d62f185152c8, raftlog=f7a53fc6-deff-4dd0-b4b2-d62f185152c8-SegmentedRaftLog:OPENED:c-1,f-1,i0, conf=-1: [de73d09c-dee1-467e-9efd-5c5ec02f11ff:192.168.69.77:35411, 64bded8c-655e-4017-8ae7-00b844471100:192.168.69.77:38787, f7a53fc6-deff-4dd0-b4b2-d62f185152c8:192.168.69.77:35882], old=null
2019-07-14 16:34:46,245 INFO  impl.RaftServerImpl (RaftServerImpl.java:setRole(171)) - f7a53fc6-deff-4dd0-b4b2-d62f185152c8:group-7E75FB113D43 changes role from CANDIDATE to FOLLOWER at term 1 for DISCOVERED_A_NEW_TERM
2019-07-14 16:34:46,248 INFO  impl.RoleInfo (RoleInfo.java:shutdownLeaderElection(134)) - f7a53fc6-deff-4dd0-b4b2-d62f185152c8: shutdown LeaderElection
2019-07-14 16:34:46,248 INFO  impl.RoleInfo (RoleInfo.java:updateAndGet(143)) - f7a53fc6-deff-4dd0-b4b2-d62f185152c8: start FollowerState
2019-07-14 16:34:47,882 INFO  client.GrpcClientProtocolClient (GrpcClientProtocolClient.java:onNext(255)) - client-310228CA1BD5->de73d09c-dee1-467e-9efd-5c5ec02f11ff: receive RaftClientReply:client-310228CA1BD5->de73d09c-dee1-467e-9efd-5c5ec02f11ff@group-527E5DC0D2E9, cid=6, SUCCESS, logIndex=1, commits[de73d09c-dee1-467e-9efd-5c5ec02f11ff:c1]
2019-07-14 16:34:47,987 INFO  client.GrpcClientProtocolClient (GrpcClientProtocolClient.java:onNext(255)) - client-310228CA1BD5->de73d09c-dee1-467e-9efd-5c5ec02f11ff: receive RaftClientReply:client-310228CA1BD5->de73d09c-dee1-467e-9efd-5c5ec02f11ff@group-527E5DC0D2E9, cid=7, SUCCESS, logIndex=3, commits[de73d09c-dee1-467e-9efd-5c5ec02f11ff:c4]
2019-07-14 16:34:48,040 INFO  client.GrpcClientProtocolClient (GrpcClientProtocolClient.java:onNext(255)) - client-271A5123083C->64bded8c-655e-4017-8ae7-00b844471100: receive RaftClientReply:client-271A5123083C->64bded8c-655e-4017-8ae7-00b844471100@group-7E75FB113D43, cid=8, FAILED org.apache.ratis.protocol.NotLeaderException: Server 64bded8c-655e-4017-8ae7-00b844471100 is not the leader (null). Request must be sent to leader., logIndex=0, commits[64bded8c-655e-4017-8ae7-00b844471100:c-1]
2019-07-14 16:34:49,065 INFO  client.GrpcClientProtocolClient (GrpcClientProtocolClient.java:onNext(255)) - client-271A5123083C->de73d09c-dee1-467e-9efd-5c5ec02f11ff: receive RaftClientReply:client-271A5123083C->de73d09c-dee1-467e-9efd-5c5ec02f11ff@group-7E75FB113D43, cid=8, FAILED org.apache.ratis.protocol.NotLeaderException: Server de73d09c-dee1-467e-9efd-5c5ec02f11ff is not the leader (null). Request must be sent to leader., logIndex=0, commits[de73d09c-dee1-467e-9efd-5c5ec02f11ff:c-1]
2019-07-14 16:34:50,085 INFO  client.GrpcClientProtocolClient (GrpcClientProtocolClient.java:onNext(255)) - client-271A5123083C->f7a53fc6-deff-4dd0-b4b2-d62f185152c8: receive RaftClientReply:client-271A5123083C->f7a53fc6-deff-4dd0-b4b2-d62f185152c8@group-7E75FB113D43, cid=8, FAILED org.apache.ratis.protocol.NotLeaderException: Server f7a53fc6-deff-4dd0-b4b2-d62f185152c8 is not the leader (null). Request must be sent to leader., logIndex=0, commits[f7a53fc6-deff-4dd0-b4b2-d62f185152c8:c-1]
2019-07-14 16:34:51,111 INFO  client.GrpcClientProtocolClient (GrpcClientProtocolClient.java:onNext(255)) - client-271A5123083C->de73d09c-dee1-467e-9efd-5c5ec02f11ff: receive RaftClientReply:client-271A5123083C->de73d09c-dee1-467e-9efd-5c5ec02f11ff@group-7E75FB113D43, cid=8, FAILED org.apache.ratis.protocol.NotLeaderException: Server de73d09c-dee1-467e-9efd-5c5ec02f11ff is not the leader (null). Request must be sent to leader., logIndex=0, commits[de73d09c-dee1-467e-9efd-5c5ec02f11ff:c-1]
2019-07-14 16:34:51,243 INFO  impl.FollowerState (FollowerState.java:run(106)) - de73d09c-dee1-467e-9efd-5c5ec02f11ff:group-7E75FB113D43 changes to CANDIDATE, lastRpcTime:5003, electionTimeout:5002ms
2019-07-14 16:34:51,243 INFO  impl.RoleInfo (RoleInfo.java:shutdownFollowerState(121)) - de73d09c-dee1-467e-9efd-5c5ec02f11ff: shutdown FollowerState
2019-07-14 16:34:51,243 INFO  impl.RaftServerImpl (RaftServerImpl.java:setRole(171)) - de73d09c-dee1-467e-9efd-5c5ec02f11ff:group-7E75FB113D43 changes role from FOLLOWER to CANDIDATE at term 1 for changeToCandidate
2019-07-14 16:34:51,244 INFO  impl.RoleInfo (RoleInfo.java:updateAndGet(143)) - de73d09c-dee1-467e-9efd-5c5ec02f11ff: start LeaderElection
2019-07-14 16:34:51,260 INFO  impl.LeaderElection (LeaderElection.java:askForVotes(181)) - de73d09c-dee1-467e-9efd-5c5ec02f11ff:group-7E75FB113D43:LeaderElection7: begin an election at term 2 for -1: [de73d09c-dee1-467e-9efd-5c5ec02f11ff:192.168.69.77:35411, 64bded8c-655e-4017-8ae7-00b844471100:192.168.69.77:38787, f7a53fc6-deff-4dd0-b4b2-d62f185152c8:192.168.69.77:35882], old=null
2019-07-14 16:34:51,268 INFO  impl.RaftServerImpl (RaftServerImpl.java:setRole(171)) - f7a53fc6-deff-4dd0-b4b2-d62f185152c8:group-7E75FB113D43 changes role from FOLLOWER to FOLLOWER at term 2 for recognizeCandidate:de73d09c-dee1-467e-9efd-5c5ec02f11ff
2019-07-14 16:34:51,268 INFO  impl.RaftServerImpl (RaftServerImpl.java:setRole(171)) - 64bded8c-655e-4017-8ae7-00b844471100:group-7E75FB113D43 changes role from FOLLOWER to FOLLOWER at term 2 for recognizeCandidate:de73d09c-dee1-467e-9efd-5c5ec02f11ff
2019-07-14 16:34:51,268 INFO  impl.RoleInfo (RoleInfo.java:shutdownFollowerState(121)) - f7a53fc6-deff-4dd0-b4b2-d62f185152c8: shutdown FollowerState
2019-07-14 16:34:51,268 INFO  impl.RoleInfo (RoleInfo.java:shutdownFollowerState(121)) - 64bded8c-655e-4017-8ae7-00b844471100: shutdown FollowerState
2019-07-14 16:34:51,269 INFO  impl.RoleInfo (RoleInfo.java:updateAndGet(143)) - f7a53fc6-deff-4dd0-b4b2-d62f185152c8: start FollowerState
2019-07-14 16:34:51,269 INFO  impl.FollowerState (FollowerState.java:run(114)) - 64bded8c-655e-4017-8ae7-00b844471100: FollowerState was interrupted: java.lang.InterruptedException: sleep interrupted
2019-07-14 16:34:51,269 INFO  impl.RoleInfo (RoleInfo.java:updateAndGet(143)) - 64bded8c-655e-4017-8ae7-00b844471100: start FollowerState
2019-07-14 16:34:51,269 INFO  impl.FollowerState (FollowerState.java:run(114)) - f7a53fc6-deff-4dd0-b4b2-d62f185152c8: FollowerState was interrupted: java.lang.InterruptedException: sleep interrupted
2019-07-14 16:34:51,296 INFO  impl.LeaderElection (LeaderElection.java:logAndReturn(56)) - de73d09c-dee1-467e-9efd-5c5ec02f11ff:group-7E75FB113D43:LeaderElection7: Election PASSED; received 1 response(s) [de73d09c-dee1-467e-9efd-5c5ec02f11ff<-f7a53fc6-deff-4dd0-b4b2-d62f185152c8#0:OK-t2] and 0 exception(s); de73d09c-dee1-467e-9efd-5c5ec02f11ff:t2, leader=null, voted=de73d09c-dee1-467e-9efd-5c5ec02f11ff, raftlog=de73d09c-dee1-467e-9efd-5c5ec02f11ff-SegmentedRaftLog:OPENED:c-1,f-1,i0, conf=-1: [de73d09c-dee1-467e-9efd-5c5ec02f11ff:192.168.69.77:35411, 64bded8c-655e-4017-8ae7-00b844471100:192.168.69.77:38787, f7a53fc6-deff-4dd0-b4b2-d62f185152c8:192.168.69.77:35882], old=null
2019-07-14 16:34:51,297 INFO  impl.RoleInfo (RoleInfo.java:shutdownLeaderElection(134)) - de73d09c-dee1-467e-9efd-5c5ec02f11ff: shutdown LeaderElection
2019-07-14 16:34:51,298 INFO  impl.RaftServerImpl (RaftServerImpl.java:setRole(171)) - de73d09c-dee1-467e-9efd-5c5ec02f11ff:group-7E75FB113D43 changes role from CANDIDATE to LEADER at term 2 for changeToLeader
2019-07-14 16:34:51,298 INFO  impl.RaftServerImpl (ServerState.java:setLeader(263)) - de73d09c-dee1-467e-9efd-5c5ec02f11ff:group-7E75FB113D43 change Leader from null to de73d09c-dee1-467e-9efd-5c5ec02f11ff at term 2 for becomeLeader, leader elected after 10267ms
2019-07-14 16:34:51,299 INFO  server.RaftServerConfigKeys (ConfUtils.java:logGet(43)) - raft.server.staging.catchup.gap = 1000 (default)
2019-07-14 16:34:51,299 INFO  server.RaftServerConfigKeys (ConfUtils.java:logGet(43)) - raft.server.rpc.sleep.time = 25ms (default)
2019-07-14 16:34:51,299 INFO  server.RaftServerConfigKeys (ConfUtils.java:logGet(43)) - raft.server.write.element-limit = 4096 (default)
2019-07-14 16:34:51,300 INFO  server.RaftServerConfigKeys (ConfUtils.java:logGet(43)) - raft.server.watch.timeout = 10s (default)
2019-07-14 16:34:51,300 INFO  server.RaftServerConfigKeys (ConfUtils.java:logGet(43)) - raft.server.watch.timeout.denomination = 1s (default)
2019-07-14 16:34:51,300 INFO  server.RaftServerConfigKeys (ConfUtils.java:logGet(43)) - raft.server.watch.element-limit = 65536 (default)
2019-07-14 16:34:51,303 INFO  server.RaftServerConfigKeys (ConfUtils.java:logGet(43)) - raft.server.log.appender.snapshot.chunk.size.max = 16MB (=16777216) (default)
2019-07-14 16:34:51,304 INFO  server.RaftServerConfigKeys (ConfUtils.java:logGet(43)) - raft.server.log.appender.buffer.byte-limit = 33554432 (custom)
2019-07-14 16:34:51,304 INFO  server.RaftServerConfigKeys (ConfUtils.java:logGet(43)) - raft.server.log.appender.buffer.element-limit = 1 (custom)
2019-07-14 16:34:51,308 INFO  grpc.GrpcConfigKeys$Server (ConfUtils.java:logGet(43)) - raft.grpc.server.leader.outstanding.appends.max = 128 (default)
2019-07-14 16:34:51,309 INFO  server.RaftServerConfigKeys (ConfUtils.java:logGet(43)) - raft.server.rpc.request.timeout = 3000ms (default)
2019-07-14 16:34:51,310 INFO  server.RaftServerConfigKeys (ConfUtils.java:logGet(43)) - raft.server.log.appender.install.snapshot.enabled = false (custom)
2019-07-14 16:34:51,310 INFO  server.RaftServerConfigKeys (ConfUtils.java:logGet(43)) - raft.server.log.appender.snapshot.chunk.size.max = 16MB (=16777216) (default)
2019-07-14 16:34:51,310 INFO  server.RaftServerConfigKeys (ConfUtils.java:logGet(43)) - raft.server.log.appender.buffer.byte-limit = 33554432 (custom)
2019-07-14 16:34:51,310 INFO  server.RaftServerConfigKeys (ConfUtils.java:logGet(43)) - raft.server.log.appender.buffer.element-limit = 1 (custom)
2019-07-14 16:34:51,311 INFO  grpc.GrpcConfigKeys$Server (ConfUtils.java:logGet(43)) - raft.grpc.server.leader.outstanding.appends.max = 128 (default)
2019-07-14 16:34:51,311 INFO  server.RaftServerConfigKeys (ConfUtils.java:logGet(43)) - raft.server.rpc.request.timeout = 3000ms (default)
2019-07-14 16:34:51,311 INFO  server.RaftServerConfigKeys (ConfUtils.java:logGet(43)) - raft.server.log.appender.install.snapshot.enabled = false (custom)
2019-07-14 16:34:51,313 INFO  impl.RoleInfo (RoleInfo.java:updateAndGet(143)) - de73d09c-dee1-467e-9efd-5c5ec02f11ff: start LeaderState
2019-07-14 16:34:51,313 INFO  segmented.SegmentedRaftLogWorker (SegmentedRaftLogWorker.java:startLogSegment(380)) - de73d09c-dee1-467e-9efd-5c5ec02f11ff-SegmentedRaftLogWorker:Storage Directory /workdir/hadoop-ozone/integration-test/target/test-dir/MiniOzoneClusterImpl-82b6509d-b70a-47b0-bd13-965f0fed5d1a/datanode-0/data/ratis/0569c2f0-2505-4fa0-ab26-7e75fb113d43: Starting segment from index:0
2019-07-14 16:34:51,314 INFO  impl.RaftServerImpl (ServerState.java:setRaftConf(361)) - de73d09c-dee1-467e-9efd-5c5ec02f11ff:group-7E75FB113D43 set configuration 0: [de73d09c-dee1-467e-9efd-5c5ec02f11ff:192.168.69.77:35411, 64bded8c-655e-4017-8ae7-00b844471100:192.168.69.77:38787, f7a53fc6-deff-4dd0-b4b2-d62f185152c8:192.168.69.77:35882], old=null at 0
2019-07-14 16:34:51,346 INFO  segmented.SegmentedRaftLogWorker (SegmentedRaftLogWorker.java:execute(569)) - de73d09c-dee1-467e-9efd-5c5ec02f11ff-SegmentedRaftLogWorker:Storage Directory /workdir/hadoop-ozone/integration-test/target/test-dir/MiniOzoneClusterImpl-82b6509d-b70a-47b0-bd13-965f0fed5d1a/datanode-0/data/ratis/0569c2f0-2505-4fa0-ab26-7e75fb113d43: created new log segment /workdir/hadoop-ozone/integration-test/target/test-dir/MiniOzoneClusterImpl-82b6509d-b70a-47b0-bd13-965f0fed5d1a/datanode-0/data/ratis/0569c2f0-2505-4fa0-ab26-7e75fb113d43/current/log_inprogress_0
2019-07-14 16:34:51,354 INFO  impl.RaftServerImpl (ServerState.java:setLeader(263)) - 64bded8c-655e-4017-8ae7-00b844471100:group-7E75FB113D43 change Leader from null to de73d09c-dee1-467e-9efd-5c5ec02f11ff at term 2 for appendEntries, leader elected after 10323ms
2019-07-14 16:34:51,354 INFO  impl.RaftServerImpl (ServerState.java:setLeader(263)) - f7a53fc6-deff-4dd0-b4b2-d62f185152c8:group-7E75FB113D43 change Leader from null to de73d09c-dee1-467e-9efd-5c5ec02f11ff at term 2 for appendEntries, leader elected after 10323ms
2019-07-14 16:34:51,392 INFO  impl.RaftServerImpl (ServerState.java:setRaftConf(361)) - f7a53fc6-deff-4dd0-b4b2-d62f185152c8:group-7E75FB113D43 set configuration 0: [de73d09c-dee1-467e-9efd-5c5ec02f11ff:192.168.69.77:35411, 64bded8c-655e-4017-8ae7-00b844471100:192.168.69.77:38787, f7a53fc6-deff-4dd0-b4b2-d62f185152c8:192.168.69.77:35882], old=null at 0
2019-07-14 16:34:51,392 INFO  impl.RaftServerImpl (ServerState.java:setRaftConf(361)) - 64bded8c-655e-4017-8ae7-00b844471100:group-7E75FB113D43 set configuration 0: [de73d09c-dee1-467e-9efd-5c5ec02f11ff:192.168.69.77:35411, 64bded8c-655e-4017-8ae7-00b844471100:192.168.69.77:38787, f7a53fc6-deff-4dd0-b4b2-d62f185152c8:192.168.69.77:35882], old=null at 0
2019-07-14 16:34:51,392 INFO  segmented.SegmentedRaftLogWorker (SegmentedRaftLogWorker.java:startLogSegment(380)) - f7a53fc6-deff-4dd0-b4b2-d62f185152c8-SegmentedRaftLogWorker:Storage Directory /workdir/hadoop-ozone/integration-test/target/test-dir/MiniOzoneClusterImpl-82b6509d-b70a-47b0-bd13-965f0fed5d1a/datanode-1/data/ratis/0569c2f0-2505-4fa0-ab26-7e75fb113d43: Starting segment from index:0
2019-07-14 16:34:51,393 INFO  segmented.SegmentedRaftLogWorker (SegmentedRaftLogWorker.java:startLogSegment(380)) - 64bded8c-655e-4017-8ae7-00b844471100-SegmentedRaftLogWorker:Storage Directory /workdir/hadoop-ozone/integration-test/target/test-dir/MiniOzoneClusterImpl-82b6509d-b70a-47b0-bd13-965f0fed5d1a/datanode-2/data/ratis/0569c2f0-2505-4fa0-ab26-7e75fb113d43: Starting segment from index:0
2019-07-14 16:34:51,422 INFO  segmented.SegmentedRaftLogWorker (SegmentedRaftLogWorker.java:execute(569)) - f7a53fc6-deff-4dd0-b4b2-d62f185152c8-SegmentedRaftLogWorker:Storage Directory /workdir/hadoop-ozone/integration-test/target/test-dir/MiniOzoneClusterImpl-82b6509d-b70a-47b0-bd13-965f0fed5d1a/datanode-1/data/ratis/0569c2f0-2505-4fa0-ab26-7e75fb113d43: created new log segment /workdir/hadoop-ozone/integration-test/target/test-dir/MiniOzoneClusterImpl-82b6509d-b70a-47b0-bd13-965f0fed5d1a/datanode-1/data/ratis/0569c2f0-2505-4fa0-ab26-7e75fb113d43/current/log_inprogress_0
2019-07-14 16:34:51,422 INFO  segmented.SegmentedRaftLogWorker (SegmentedRaftLogWorker.java:execute(569)) - 64bded8c-655e-4017-8ae7-00b844471100-SegmentedRaftLogWorker:Storage Directory /workdir/hadoop-ozone/integration-test/target/test-dir/MiniOzoneClusterImpl-82b6509d-b70a-47b0-bd13-965f0fed5d1a/datanode-2/data/ratis/0569c2f0-2505-4fa0-ab26-7e75fb113d43: created new log segment /workdir/hadoop-ozone/integration-test/target/test-dir/MiniOzoneClusterImpl-82b6509d-b70a-47b0-bd13-965f0fed5d1a/datanode-2/data/ratis/0569c2f0-2505-4fa0-ab26-7e75fb113d43/current/log_inprogress_0
2019-07-14 16:34:52,133 INFO  client.GrpcClientProtocolClient (GrpcClientProtocolClient.java:onNext(255)) - client-271A5123083C->f7a53fc6-deff-4dd0-b4b2-d62f185152c8: receive RaftClientReply:client-271A5123083C->f7a53fc6-deff-4dd0-b4b2-d62f185152c8@group-7E75FB113D43, cid=8, FAILED org.apache.ratis.protocol.NotLeaderException: Server f7a53fc6-deff-4dd0-b4b2-d62f185152c8 is not the leader (de73d09c-dee1-467e-9efd-5c5ec02f11ff:192.168.69.77:35411). Request must be sent to leader., logIndex=0, commits[f7a53fc6-deff-4dd0-b4b2-d62f185152c8:c0, de73d09c-dee1-467e-9efd-5c5ec02f11ff:c0, 64bded8c-655e-4017-8ae7-00b844471100:c-1]
2019-07-14 16:34:52,155 INFO  keyvalue.KeyValueHandler (ContainerUtils.java:logAndReturnError(146)) - Operation: CreateContainer : Trace ID: c9fbc9ad9be3740e:c9fbc9ad9be3740e:0:0 : Message: Container creation failed, due to disk out of space : Result: DISK_OUT_OF_SPACE
16:34:52.160 [pool-26-thread-2] ERROR DNAudit - user=null | ip=null | op=WRITE_CHUNK {blockData=conID: 2 locID: 102440769160216579 bcsId: 0} | ret=FAILURE
org.apache.hadoop.hdds.scm.container.common.helpers.StorageContainerException: ContainerID 2 creation failed
	at org.apache.hadoop.ozone.container.common.impl.HddsDispatcher.dispatchRequest(HddsDispatcher.java:227) ~[hadoop-hdds-container-service-0.5.0-SNAPSHOT.jar:?]
	at org.apache.hadoop.ozone.container.common.impl.HddsDispatcher.dispatch(HddsDispatcher.java:148) ~[hadoop-hdds-container-service-0.5.0-SNAPSHOT.jar:?]
	at org.apache.hadoop.ozone.container.common.transport.server.ratis.ContainerStateMachine.dispatchCommand(ContainerStateMachine.java:357) ~[hadoop-hdds-container-service-0.5.0-SNAPSHOT.jar:?]
	at org.apache.hadoop.ozone.container.common.transport.server.ratis.ContainerStateMachine.runCommand(ContainerStateMachine.java:364) ~[hadoop-hdds-container-service-0.5.0-SNAPSHOT.jar:?]
	at org.apache.hadoop.ozone.container.common.transport.server.ratis.ContainerStateMachine.lambda$handleWriteChunk$0(ContainerStateMachine.java:395) ~[hadoop-hdds-container-service-0.5.0-SNAPSHOT.jar:?]
	at java.util.concurrent.CompletableFuture$AsyncSupply.run(CompletableFuture.java:1590) [?:1.8.0_212]
	at java.util.concurrent.ThreadPoolExecutor.runWorker(ThreadPoolExecutor.java:1149) [?:1.8.0_212]
	at java.util.concurrent.ThreadPoolExecutor$Worker.run(ThreadPoolExecutor.java:624) [?:1.8.0_212]
	at java.lang.Thread.run(Thread.java:748) [?:1.8.0_212]
2019-07-14 16:34:52,177 INFO  impl.HddsDispatcher (ContainerUtils.java:logAndReturnError(146)) - Operation: WriteChunk : Trace ID: c9fbc9ad9be3740e:c9fbc9ad9be3740e:0:0 : Message: ContainerID 2 creation failed : Result: DISK_OUT_OF_SPACE
16:34:52.261 [pool-29-thread-1] ERROR DNAudit - user=null | ip=null | op=WRITE_CHUNK {blockData=conID: 2 locID: 102440769160216579 bcsId: 0} | ret=FAILURE
org.apache.hadoop.hdds.scm.container.common.helpers.StorageContainerException: ContainerID 2 does not exist
	at org.apache.hadoop.ozone.container.common.impl.HddsDispatcher.dispatchRequest(HddsDispatcher.java:242) ~[hadoop-hdds-container-service-0.5.0-SNAPSHOT.jar:?]
	at org.apache.hadoop.ozone.container.common.impl.HddsDispatcher.dispatch(HddsDispatcher.java:148) ~[hadoop-hdds-container-service-0.5.0-SNAPSHOT.jar:?]
	at org.apache.hadoop.ozone.container.common.transport.server.ratis.ContainerStateMachine.dispatchCommand(ContainerStateMachine.java:357) ~[hadoop-hdds-container-service-0.5.0-SNAPSHOT.jar:?]
	at org.apache.hadoop.ozone.container.common.transport.server.ratis.ContainerStateMachine.runCommand(ContainerStateMachine.java:364) ~[hadoop-hdds-container-service-0.5.0-SNAPSHOT.jar:?]
	at org.apache.hadoop.ozone.container.common.transport.server.ratis.ContainerStateMachine.lambda$applyTransaction$5(ContainerStateMachine.java:630) ~[hadoop-hdds-container-service-0.5.0-SNAPSHOT.jar:?]
	at java.util.concurrent.CompletableFuture$AsyncSupply.run(CompletableFuture.java:1590) [?:1.8.0_212]
	at java.util.concurrent.ThreadPoolExecutor.runWorker(ThreadPoolExecutor.java:1149) [?:1.8.0_212]
	at java.util.concurrent.ThreadPoolExecutor$Worker.run(ThreadPoolExecutor.java:624) [?:1.8.0_212]
	at java.lang.Thread.run(Thread.java:748) [?:1.8.0_212]
2019-07-14 16:34:52,262 INFO  impl.HddsDispatcher (ContainerUtils.java:logAndReturnError(146)) - Operation: WriteChunk : Trace ID: c9fbc9ad9be3740e:c9fbc9ad9be3740e:0:0 : Message: ContainerID 2 does not exist : Result: CONTAINER_NOT_FOUND
2019-07-14 16:34:52,272 INFO  client.GrpcClientProtocolClient (GrpcClientProtocolClient.java:onNext(255)) - client-271A5123083C->de73d09c-dee1-467e-9efd-5c5ec02f11ff: receive RaftClientReply:client-271A5123083C->de73d09c-dee1-467e-9efd-5c5ec02f11ff@group-7E75FB113D43, cid=8, SUCCESS, logIndex=1, commits[de73d09c-dee1-467e-9efd-5c5ec02f11ff:c1, 64bded8c-655e-4017-8ae7-00b844471100:c0, f7a53fc6-deff-4dd0-b4b2-d62f185152c8:c0]
2019-07-14 16:34:52,282 ERROR storage.BlockOutputStream (BlockOutputStream.java:validateResponse(539)) - Unexpected Storage Container Exception: 
org.apache.hadoop.hdds.scm.container.common.helpers.StorageContainerException: ContainerID 2 does not exist
	at org.apache.hadoop.hdds.scm.storage.ContainerProtocolCalls.validateContainerResponse(ContainerProtocolCalls.java:536)
	at org.apache.hadoop.hdds.scm.storage.BlockOutputStream.validateResponse(BlockOutputStream.java:537)
	at org.apache.hadoop.hdds.scm.storage.BlockOutputStream.lambda$writeChunkToContainer$2(BlockOutputStream.java:615)
	at java.util.concurrent.CompletableFuture.uniApply(CompletableFuture.java:602)
	at java.util.concurrent.CompletableFuture$UniApply.tryFire(CompletableFuture.java:577)
	at java.util.concurrent.CompletableFuture$Completion.run(CompletableFuture.java:442)
	at java.util.concurrent.ThreadPoolExecutor.runWorker(ThreadPoolExecutor.java:1149)
	at java.util.concurrent.ThreadPoolExecutor$Worker.run(ThreadPoolExecutor.java:624)
	at java.lang.Thread.run(Thread.java:748)
16:34:52.295 [pool-29-thread-1] ERROR DNAudit - user=null | ip=null | op=PUT_BLOCK {blockData=[blockId=conID: 2 locID: 102440769160216579 bcsId: 0,size=36]} | ret=FAILURE
org.apache.hadoop.hdds.scm.container.common.helpers.StorageContainerException: ContainerID 2 does not exist
	at org.apache.hadoop.ozone.container.common.impl.HddsDispatcher.dispatchRequest(HddsDispatcher.java:242) ~[hadoop-hdds-container-service-0.5.0-SNAPSHOT.jar:?]
	at org.apache.hadoop.ozone.container.common.impl.HddsDispatcher.dispatch(HddsDispatcher.java:148) ~[hadoop-hdds-container-service-0.5.0-SNAPSHOT.jar:?]
	at org.apache.hadoop.ozone.container.common.transport.server.ratis.ContainerStateMachine.dispatchCommand(ContainerStateMachine.java:357) ~[hadoop-hdds-container-service-0.5.0-SNAPSHOT.jar:?]
	at org.apache.hadoop.ozone.container.common.transport.server.ratis.ContainerStateMachine.runCommand(ContainerStateMachine.java:364) ~[hadoop-hdds-container-service-0.5.0-SNAPSHOT.jar:?]
	at org.apache.hadoop.ozone.container.common.transport.server.ratis.ContainerStateMachine.lambda$applyTransaction$5(ContainerStateMachine.java:630) ~[hadoop-hdds-container-service-0.5.0-SNAPSHOT.jar:?]
	at java.util.concurrent.CompletableFuture$AsyncSupply.run(CompletableFuture.java:1590) [?:1.8.0_212]
	at java.util.concurrent.ThreadPoolExecutor.runWorker(ThreadPoolExecutor.java:1149) [?:1.8.0_212]
	at java.util.concurrent.ThreadPoolExecutor$Worker.run(ThreadPoolExecutor.java:624) [?:1.8.0_212]
	at java.lang.Thread.run(Thread.java:748) [?:1.8.0_212]
2019-07-14 16:34:52,295 INFO  impl.HddsDispatcher (ContainerUtils.java:logAndReturnError(146)) - Operation: PutBlock : Trace ID: 7968e12b1e708134:7968e12b1e708134:0:0 : Message: ContainerID 2 does not exist : Result: CONTAINER_NOT_FOUND
2019-07-14 16:34:52,300 INFO  client.GrpcClientProtocolClient (GrpcClientProtocolClient.java:onNext(255)) - client-271A5123083C->de73d09c-dee1-467e-9efd-5c5ec02f11ff: receive RaftClientReply:client-271A5123083C->de73d09c-dee1-467e-9efd-5c5ec02f11ff@group-7E75FB113D43, cid=9, SUCCESS, logIndex=3, commits[de73d09c-dee1-467e-9efd-5c5ec02f11ff:c3, 64bded8c-655e-4017-8ae7-00b844471100:c2, f7a53fc6-deff-4dd0-b4b2-d62f185152c8:c2]
]]></system-out>
    <system-err><![CDATA[ERROR StatusLogger No Log4j 2 configuration file found. Using default configuration (logging only errors to the console), or user programmatically provided configurations. Set system property 'log4j2.debug' to show Log4j 2 internal initialization logging. See https://logging.apache.org/log4j/2.x/manual/configuration.html for instructions on how to configure Log4j 2
Jul 14, 2019 4:34:34 PM com.sun.jersey.server.impl.application.WebApplicationImpl _initiate
INFO: Initiating Jersey application, version 'Jersey: 1.19 02/11/2015 03:25 AM'
Jul 14, 2019 4:34:35 PM com.sun.jersey.server.impl.application.WebApplicationImpl _initiate
INFO: Initiating Jersey application, version 'Jersey: 1.19 02/11/2015 03:25 AM'
Jul 14, 2019 4:34:35 PM com.sun.jersey.server.impl.application.WebApplicationImpl _initiate
INFO: Initiating Jersey application, version 'Jersey: 1.19 02/11/2015 03:25 AM'
]]></system-err>
  </testcase>
</testsuite>