<?xml version="1.0" encoding="UTF-8"?>
<testsuite xmlns:xsi="http://www.w3.org/2001/XMLSchema-instance" xsi:noNamespaceSchemaLocation="https://maven.apache.org/surefire/maven-surefire-plugin/xsd/surefire-test-report.xsd" name="org.apache.hadoop.ozone.client.rpc.TestFailureHandlingByClient" time="169.553" tests="7" errors="3" skipped="0" failures="2">
  <properties>
    <property name="awt.toolkit" value="sun.awt.X11.XToolkit"/>
    <property name="file.encoding.pkg" value="sun.io"/>
    <property name="java.specification.version" value="1.8"/>
    <property name="sun.cpu.isalist" value=""/>
    <property name="sun.jnu.encoding" value="UTF-8"/>
    <property name="java.class.path" value="/workdir/hadoop-ozone/integration-test/target/test-classes:/workdir/hadoop-ozone/integration-test/target/classes:/home/user/.m2/repository/org/apache/hadoop/hadoop-ozone-common/0.5.0-SNAPSHOT/hadoop-ozone-common-0.5.0-SNAPSHOT.jar:/home/user/.m2/repository/org/apache/commons/commons-compress/1.4.1/commons-compress-1.4.1.jar:/home/user/.m2/repository/org/tukaani/xz/1.0/xz-1.0.jar:/home/user/.m2/repository/org/apache/hadoop/hadoop-common/3.2.0/hadoop-common-3.2.0.jar:/home/user/.m2/repository/org/apache/hadoop/hadoop-hdfs/3.2.0/hadoop-hdfs-3.2.0.jar:/home/user/.m2/repository/org/apache/hadoop/hadoop-hdfs-client/3.2.0/hadoop-hdfs-client-3.2.0.jar:/home/user/.m2/repository/com/fasterxml/jackson/core/jackson-annotations/2.9.5/jackson-annotations-2.9.5.jar:/home/user/.m2/repository/org/apache/hadoop/hadoop-hdds-common/0.5.0-SNAPSHOT/hadoop-hdds-common-0.5.0-SNAPSHOT.jar:/home/user/.m2/repository/javax/annotation/javax.annotation-api/1.2/javax.annotation-api-1.2.jar:/home/user/.m2/repository/org/apache/ratis/ratis-server/0.4.0-2337318-SNAPSHOT/ratis-server-0.4.0-2337318-SNAPSHOT.jar:/home/user/.m2/repository/org/apache/ratis/ratis-thirdparty-misc/0.2.0/ratis-thirdparty-misc-0.2.0.jar:/home/user/.m2/repository/org/apache/ratis/ratis-proto/0.4.0-2337318-SNAPSHOT/ratis-proto-0.4.0-2337318-SNAPSHOT.jar:/home/user/.m2/repository/org/apache/ratis/ratis-common/0.4.0-2337318-SNAPSHOT/ratis-common-0.4.0-2337318-SNAPSHOT.jar:/home/user/.m2/repository/org/apache/ratis/ratis-client/0.4.0-2337318-SNAPSHOT/ratis-client-0.4.0-2337318-SNAPSHOT.jar:/home/user/.m2/repository/org/apache/ratis/ratis-metrics/0.4.0-2337318-SNAPSHOT/ratis-metrics-0.4.0-2337318-SNAPSHOT.jar:/home/user/.m2/repository/org/apache/ratis/ratis-netty/0.4.0-2337318-SNAPSHOT/ratis-netty-0.4.0-2337318-SNAPSHOT.jar:/home/user/.m2/repository/org/apache/ratis/ratis-grpc/0.4.0-2337318-SNAPSHOT/ratis-grpc-0.4.0-2337318-SNAPSHOT.jar:/home/user/.m2/repository/org/rocksdb/rocksdbjni/6.0.1/rocksdbjni-6.0.1.jar:/home/user/.m2/repository/org/apache/logging/log4j/log4j-api/2.11.0/log4j-api-2.11.0.jar:/home/user/.m2/repository/org/apache/logging/log4j/log4j-core/2.11.0/log4j-core-2.11.0.jar:/home/user/.m2/repository/com/lmax/disruptor/3.4.2/disruptor-3.4.2.jar:/home/user/.m2/repository/org/apache/commons/commons-pool2/2.6.0/commons-pool2-2.6.0.jar:/home/user/.m2/repository/org/bouncycastle/bcpkix-jdk15on/1.60/bcpkix-jdk15on-1.60.jar:/home/user/.m2/repository/commons-validator/commons-validator/1.6/commons-validator-1.6.jar:/home/user/.m2/repository/commons-digester/commons-digester/1.8.1/commons-digester-1.8.1.jar:/home/user/.m2/repository/io/jaegertracing/jaeger-client/0.33.1/jaeger-client-0.33.1.jar:/home/user/.m2/repository/io/jaegertracing/jaeger-thrift/0.33.1/jaeger-thrift-0.33.1.jar:/home/user/.m2/repository/org/apache/thrift/libthrift/0.11.0/libthrift-0.11.0.jar:/home/user/.m2/repository/com/squareup/okhttp3/okhttp/3.9.0/okhttp-3.9.0.jar:/home/user/.m2/repository/com/squareup/okio/okio/1.13.0/okio-1.13.0.jar:/home/user/.m2/repository/io/jaegertracing/jaeger-core/0.33.1/jaeger-core-0.33.1.jar:/home/user/.m2/repository/io/jaegertracing/jaeger-tracerresolver/0.33.1/jaeger-tracerresolver-0.33.1.jar:/home/user/.m2/repository/io/opentracing/contrib/opentracing-tracerresolver/0.1.5/opentracing-tracerresolver-0.1.5.jar:/home/user/.m2/repository/io/opentracing/opentracing-util/0.31.0/opentracing-util-0.31.0.jar:/home/user/.m2/repository/io/opentracing/opentracing-api/0.31.0/opentracing-api-0.31.0.jar:/home/user/.m2/repository/io/opentracing/opentracing-noop/0.31.0/opentracing-noop-0.31.0.jar:/home/user/.m2/repository/org/apache/hadoop/hadoop-hdds-server-framework/0.5.0-SNAPSHOT/hadoop-hdds-server-framework-0.5.0-SNAPSHOT.jar:/home/user/.m2/repository/org/apache/hadoop/hadoop-hdds-container-service/0.5.0-SNAPSHOT/hadoop-hdds-container-service-0.5.0-SNAPSHOT.jar:/home/user/.m2/repository/org/apache/hadoop/hadoop-hdds-client/0.5.0-SNAPSHOT/hadoop-hdds-client-0.5.0-SNAPSHOT.jar:/home/user/.m2/repository/org/apache/hadoop/hadoop-hdds-tools/0.5.0-SNAPSHOT/hadoop-hdds-tools-0.5.0-SNAPSHOT.jar:/home/user/.m2/repository/org/apache/hadoop/hadoop-hdds-server-scm/0.5.0-SNAPSHOT/hadoop-hdds-server-scm-0.5.0-SNAPSHOT.jar:/home/user/.m2/repository/org/apache/hadoop/hadoop-hdds-docs/0.5.0-SNAPSHOT/hadoop-hdds-docs-0.5.0-SNAPSHOT.jar:/home/user/.m2/repository/io/dropwizard/metrics/metrics-core/3.2.4/metrics-core-3.2.4.jar:/home/user/.m2/repository/org/hamcrest/hamcrest-all/1.3/hamcrest-all-1.3.jar:/home/user/.m2/repository/org/bouncycastle/bcprov-jdk15on/1.60/bcprov-jdk15on-1.60.jar:/home/user/.m2/repository/info/picocli/picocli/3.9.6/picocli-3.9.6.jar:/home/user/.m2/repository/com/google/protobuf/protobuf-java/2.5.0/protobuf-java-2.5.0.jar:/home/user/.m2/repository/com/google/guava/guava/11.0.2/guava-11.0.2.jar:/home/user/.m2/repository/org/apache/hadoop/hadoop-ozone-ozone-manager/0.5.0-SNAPSHOT/hadoop-ozone-ozone-manager-0.5.0-SNAPSHOT.jar:/home/user/.m2/repository/org/apache/hadoop/hadoop-minikdc/3.2.0/hadoop-minikdc-3.2.0.jar:/home/user/.m2/repository/commons-io/commons-io/2.5/commons-io-2.5.jar:/home/user/.m2/repository/org/apache/kerby/kerb-simplekdc/1.0.1/kerb-simplekdc-1.0.1.jar:/home/user/.m2/repository/org/apache/kerby/kerb-client/1.0.1/kerb-client-1.0.1.jar:/home/user/.m2/repository/org/apache/kerby/kerby-config/1.0.1/kerby-config-1.0.1.jar:/home/user/.m2/repository/org/apache/kerby/kerb-core/1.0.1/kerb-core-1.0.1.jar:/home/user/.m2/repository/org/apache/kerby/kerby-pkix/1.0.1/kerby-pkix-1.0.1.jar:/home/user/.m2/repository/org/apache/kerby/kerby-asn1/1.0.1/kerby-asn1-1.0.1.jar:/home/user/.m2/repository/org/apache/kerby/kerby-util/1.0.1/kerby-util-1.0.1.jar:/home/user/.m2/repository/org/apache/kerby/kerb-common/1.0.1/kerb-common-1.0.1.jar:/home/user/.m2/repository/org/apache/kerby/kerb-crypto/1.0.1/kerb-crypto-1.0.1.jar:/home/user/.m2/repository/org/apache/kerby/kerb-util/1.0.1/kerb-util-1.0.1.jar:/home/user/.m2/repository/org/apache/kerby/token-provider/1.0.1/token-provider-1.0.1.jar:/home/user/.m2/repository/org/apache/kerby/kerb-admin/1.0.1/kerb-admin-1.0.1.jar:/home/user/.m2/repository/org/apache/kerby/kerb-server/1.0.1/kerb-server-1.0.1.jar:/home/user/.m2/repository/org/apache/kerby/kerb-identity/1.0.1/kerb-identity-1.0.1.jar:/home/user/.m2/repository/org/apache/kerby/kerby-xdr/1.0.1/kerby-xdr-1.0.1.jar:/home/user/.m2/repository/org/slf4j/slf4j-log4j12/1.7.25/slf4j-log4j12-1.7.25.jar:/home/user/.m2/repository/org/apache/hadoop/hadoop-ozone-objectstore-service/0.5.0-SNAPSHOT/hadoop-ozone-objectstore-service-0.5.0-SNAPSHOT.jar:/home/user/.m2/repository/org/apache/hadoop/hadoop-ozone-s3gateway/0.5.0-SNAPSHOT/hadoop-ozone-s3gateway-0.5.0-SNAPSHOT.jar:/home/user/.m2/repository/org/jboss/weld/servlet/weld-servlet/2.4.7.Final/weld-servlet-2.4.7.Final.jar:/home/user/.m2/repository/org/glassfish/jersey/containers/jersey-container-servlet-core/2.27/jersey-container-servlet-core-2.27.jar:/home/user/.m2/repository/org/glassfish/hk2/external/javax.inject/2.5.0-b42/javax.inject-2.5.0-b42.jar:/home/user/.m2/repository/org/glassfish/jersey/core/jersey-common/2.27/jersey-common-2.27.jar:/home/user/.m2/repository/org/glassfish/hk2/osgi-resource-locator/1.0.1/osgi-resource-locator-1.0.1.jar:/home/user/.m2/repository/javax/ws/rs/javax.ws.rs-api/2.1/javax.ws.rs-api-2.1.jar:/home/user/.m2/repository/org/glassfish/jersey/ext/cdi/jersey-cdi1x/2.27/jersey-cdi1x-2.27.jar:/home/user/.m2/repository/org/glassfish/jersey/inject/jersey-hk2/2.27/jersey-hk2-2.27.jar:/home/user/.m2/repository/org/glassfish/hk2/hk2-locator/2.5.0-b42/hk2-locator-2.5.0-b42.jar:/home/user/.m2/repository/org/javassist/javassist/3.22.0-CR2/javassist-3.22.0-CR2.jar:/home/user/.m2/repository/org/glassfish/hk2/hk2-api/2.5.0/hk2-api-2.5.0.jar:/home/user/.m2/repository/org/glassfish/hk2/external/jakarta.inject/2.5.0/jakarta.inject-2.5.0.jar:/home/user/.m2/repository/org/glassfish/hk2/hk2-utils/2.5.0/hk2-utils-2.5.0.jar:/home/user/.m2/repository/jakarta/annotation/jakarta.annotation-api/1.3.4/jakarta.annotation-api-1.3.4.jar:/home/user/.m2/repository/org/glassfish/hk2/external/aopalliance-repackaged/2.5.0/aopalliance-repackaged-2.5.0.jar:/home/user/.m2/repository/com/fasterxml/jackson/dataformat/jackson-dataformat-xml/2.9.0/jackson-dataformat-xml-2.9.0.jar:/home/user/.m2/repository/com/fasterxml/jackson/core/jackson-core/2.9.5/jackson-core-2.9.5.jar:/home/user/.m2/repository/com/fasterxml/jackson/module/jackson-module-jaxb-annotations/2.9.5/jackson-module-jaxb-annotations-2.9.5.jar:/home/user/.m2/repository/javax/enterprise/cdi-api/1.2/cdi-api-1.2.jar:/home/user/.m2/repository/javax/el/javax.el-api/3.0.0/javax.el-api-3.0.0.jar:/home/user/.m2/repository/javax/interceptor/javax.interceptor-api/1.2/javax.interceptor-api-1.2.jar:/home/user/.m2/repository/javax/inject/javax.inject/1/javax.inject-1.jar:/home/user/.m2/repository/com/sun/xml/bind/jaxb-impl/2.3.0.1/jaxb-impl-2.3.0.1.jar:/home/user/.m2/repository/com/sun/xml/bind/jaxb-core/2.3.0.1/jaxb-core-2.3.0.1.jar:/home/user/.m2/repository/javax/xml/bind/jaxb-api/2.3.0/jaxb-api-2.3.0.jar:/home/user/.m2/repository/javax/activation/activation/1.1.1/activation-1.1.1.jar:/home/user/.m2/repository/org/apache/hadoop/hadoop-ozone-csi/0.5.0-SNAPSHOT/hadoop-ozone-csi-0.5.0-SNAPSHOT.jar:/home/user/.m2/repository/com/google/protobuf/protobuf-java-util/3.5.1/protobuf-java-util-3.5.1.jar:/home/user/.m2/repository/org/apache/hadoop/hadoop-hdds-config/0.5.0-SNAPSHOT/hadoop-hdds-config-0.5.0-SNAPSHOT.jar:/home/user/.m2/repository/io/grpc/grpc-netty/1.17.1/grpc-netty-1.17.1.jar:/home/user/.m2/repository/io/grpc/grpc-core/1.17.1/grpc-core-1.17.1.jar:/home/user/.m2/repository/io/grpc/grpc-context/1.17.1/grpc-context-1.17.1.jar:/home/user/.m2/repository/com/google/errorprone/error_prone_annotations/2.2.0/error_prone_annotations-2.2.0.jar:/home/user/.m2/repository/org/codehaus/mojo/animal-sniffer-annotations/1.17/animal-sniffer-annotations-1.17.jar:/home/user/.m2/repository/io/opencensus/opencensus-api/0.17.0/opencensus-api-0.17.0.jar:/home/user/.m2/repository/io/opencensus/opencensus-contrib-grpc-metrics/0.17.0/opencensus-contrib-grpc-metrics-0.17.0.jar:/home/user/.m2/repository/io/netty/netty-codec-http2/4.1.30.Final/netty-codec-http2-4.1.30.Final.jar:/home/user/.m2/repository/io/netty/netty-codec-http/4.1.30.Final/netty-codec-http-4.1.30.Final.jar:/home/user/.m2/repository/io/netty/netty-codec/4.1.30.Final/netty-codec-4.1.30.Final.jar:/home/user/.m2/repository/io/netty/netty-handler/4.1.30.Final/netty-handler-4.1.30.Final.jar:/home/user/.m2/repository/io/netty/netty-handler-proxy/4.1.30.Final/netty-handler-proxy-4.1.30.Final.jar:/home/user/.m2/repository/io/netty/netty-codec-socks/4.1.30.Final/netty-codec-socks-4.1.30.Final.jar:/home/user/.m2/repository/io/netty/netty-transport-native-epoll/4.1.30.Final/netty-transport-native-epoll-4.1.30.Final.jar:/home/user/.m2/repository/io/netty/netty-common/4.1.30.Final/netty-common-4.1.30.Final.jar:/home/user/.m2/repository/io/netty/netty-buffer/4.1.30.Final/netty-buffer-4.1.30.Final.jar:/home/user/.m2/repository/io/netty/netty-transport/4.1.30.Final/netty-transport-4.1.30.Final.jar:/home/user/.m2/repository/io/netty/netty-resolver/4.1.30.Final/netty-resolver-4.1.30.Final.jar:/home/user/.m2/repository/io/netty/netty-transport-native-unix-common/4.1.30.Final/netty-transport-native-unix-common-4.1.30.Final.jar:/home/user/.m2/repository/io/grpc/grpc-protobuf/1.17.1/grpc-protobuf-1.17.1.jar:/home/user/.m2/repository/com/google/api/grpc/proto-google-common-protos/1.0.0/proto-google-common-protos-1.0.0.jar:/home/user/.m2/repository/io/grpc/grpc-protobuf-lite/1.17.1/grpc-protobuf-lite-1.17.1.jar:/home/user/.m2/repository/io/grpc/grpc-stub/1.17.1/grpc-stub-1.17.1.jar:/home/user/.m2/repository/org/apache/hadoop/hadoop-ozone-recon/0.5.0-SNAPSHOT/hadoop-ozone-recon-0.5.0-SNAPSHOT.jar:/home/user/.m2/repository/org/apache/hadoop/hadoop-ozone-reconcodegen/0.5.0-SNAPSHOT/hadoop-ozone-reconcodegen-0.5.0-SNAPSHOT.jar:/home/user/.m2/repository/com/google/inject/extensions/guice-multibindings/4.0/guice-multibindings-4.0.jar:/home/user/.m2/repository/com/google/inject/guice/4.0/guice-4.0.jar:/home/user/.m2/repository/aopalliance/aopalliance/1.0/aopalliance-1.0.jar:/home/user/.m2/repository/com/google/inject/extensions/guice-servlet/4.0/guice-servlet-4.0.jar:/home/user/.m2/repository/org/glassfish/jersey/containers/jersey-container-servlet/2.27/jersey-container-servlet-2.27.jar:/home/user/.m2/repository/org/glassfish/hk2/guice-bridge/2.5.0/guice-bridge-2.5.0.jar:/home/user/.m2/repository/org/glassfish/jersey/core/jersey-server/2.27/jersey-server-2.27.jar:/home/user/.m2/repository/org/glassfish/jersey/core/jersey-client/2.27/jersey-client-2.27.jar:/home/user/.m2/repository/org/glassfish/jersey/media/jersey-media-jaxb/2.27/jersey-media-jaxb-2.27.jar:/home/user/.m2/repository/javax/validation/validation-api/1.1.0.Final/validation-api-1.1.0.Final.jar:/home/user/.m2/repository/org/glassfish/jersey/media/jersey-media-json-jackson/2.27/jersey-media-json-jackson-2.27.jar:/home/user/.m2/repository/org/glassfish/jersey/ext/jersey-entity-filtering/2.27/jersey-entity-filtering-2.27.jar:/home/user/.m2/repository/com/google/inject/extensions/guice-assistedinject/4.0/guice-assistedinject-4.0.jar:/home/user/.m2/repository/org/jooq/jooq/3.11.10/jooq-3.11.10.jar:/home/user/.m2/repository/org/jooq/jooq-meta/3.11.10/jooq-meta-3.11.10.jar:/home/user/.m2/repository/org/jooq/jooq-codegen/3.11.10/jooq-codegen-3.11.10.jar:/home/user/.m2/repository/com/jolbox/bonecp/0.8.0.RELEASE/bonecp-0.8.0.RELEASE.jar:/home/user/.m2/repository/org/xerial/sqlite-jdbc/3.25.2/sqlite-jdbc-3.25.2.jar:/home/user/.m2/repository/org/springframework/spring-jdbc/5.1.3.RELEASE/spring-jdbc-5.1.3.RELEASE.jar:/home/user/.m2/repository/org/springframework/spring-beans/5.1.3.RELEASE/spring-beans-5.1.3.RELEASE.jar:/home/user/.m2/repository/org/springframework/spring-core/5.1.3.RELEASE/spring-core-5.1.3.RELEASE.jar:/home/user/.m2/repository/org/springframework/spring-jcl/5.1.3.RELEASE/spring-jcl-5.1.3.RELEASE.jar:/home/user/.m2/repository/org/springframework/spring-tx/5.1.3.RELEASE/spring-tx-5.1.3.RELEASE.jar:/home/user/.m2/repository/org/apache/hadoop/hadoop-ozone-client/0.5.0-SNAPSHOT/hadoop-ozone-client-0.5.0-SNAPSHOT.jar:/home/user/.m2/repository/commons-lang/commons-lang/2.6/commons-lang-2.6.jar:/home/user/.m2/repository/org/apache/hadoop/hadoop-ozone-ozone-manager/0.5.0-SNAPSHOT/hadoop-ozone-ozone-manager-0.5.0-SNAPSHOT-tests.jar:/home/user/.m2/repository/junit/junit/4.11/junit-4.11.jar:/home/user/.m2/repository/org/hamcrest/hamcrest-core/1.3/hamcrest-core-1.3.jar:/home/user/.m2/repository/org/openjdk/jmh/jmh-core/1.19/jmh-core-1.19.jar:/home/user/.m2/repository/net/sf/jopt-simple/jopt-simple/4.6/jopt-simple-4.6.jar:/home/user/.m2/repository/org/apache/commons/commons-math3/3.1.1/commons-math3-3.1.1.jar:/home/user/.m2/repository/org/openjdk/jmh/jmh-generator-annprocess/1.19/jmh-generator-annprocess-1.19.jar:/home/user/.m2/repository/org/mockito/mockito-all/1.8.5/mockito-all-1.8.5.jar:/home/user/.m2/repository/org/apache/hadoop/hadoop-kms/3.2.0/hadoop-kms-3.2.0.jar:/home/user/.m2/repository/org/apache/hadoop/hadoop-auth/3.2.0/hadoop-auth-3.2.0.jar:/home/user/.m2/repository/com/nimbusds/nimbus-jose-jwt/4.41.1/nimbus-jose-jwt-4.41.1.jar:/home/user/.m2/repository/com/github/stephenc/jcip/jcip-annotations/1.0-1/jcip-annotations-1.0-1.jar:/home/user/.m2/repository/net/minidev/json-smart/2.3/json-smart-2.3.jar:/home/user/.m2/repository/net/minidev/accessors-smart/1.2/accessors-smart-1.2.jar:/home/user/.m2/repository/org/ow2/asm/asm/5.0.4/asm-5.0.4.jar:/home/user/.m2/repository/org/apache/curator/curator-framework/2.12.0/curator-framework-2.12.0.jar:/home/user/.m2/repository/com/sun/jersey/jersey-core/1.19/jersey-core-1.19.jar:/home/user/.m2/repository/javax/ws/rs/jsr311-api/1.1.1/jsr311-api-1.1.1.jar:/home/user/.m2/repository/com/sun/jersey/jersey-server/1.19/jersey-server-1.19.jar:/home/user/.m2/repository/javax/servlet/javax.servlet-api/3.1.0/javax.servlet-api-3.1.0.jar:/home/user/.m2/repository/org/eclipse/jetty/jetty-server/9.3.24.v20180605/jetty-server-9.3.24.v20180605.jar:/home/user/.m2/repository/org/eclipse/jetty/jetty-http/9.3.24.v20180605/jetty-http-9.3.24.v20180605.jar:/home/user/.m2/repository/org/eclipse/jetty/jetty-io/9.3.24.v20180605/jetty-io-9.3.24.v20180605.jar:/home/user/.m2/repository/org/eclipse/jetty/jetty-webapp/9.3.24.v20180605/jetty-webapp-9.3.24.v20180605.jar:/home/user/.m2/repository/org/eclipse/jetty/jetty-xml/9.3.24.v20180605/jetty-xml-9.3.24.v20180605.jar:/home/user/.m2/repository/log4j/log4j/1.2.17/log4j-1.2.17.jar:/home/user/.m2/repository/org/slf4j/slf4j-api/1.7.25/slf4j-api-1.7.25.jar:/home/user/.m2/repository/org/slf4j/jul-to-slf4j/1.7.25/jul-to-slf4j-1.7.25.jar:/home/user/.m2/repository/org/eclipse/jetty/jetty-util/9.3.24.v20180605/jetty-util-9.3.24.v20180605.jar:/home/user/.m2/repository/com/fasterxml/jackson/core/jackson-databind/2.9.5/jackson-databind-2.9.5.jar:/home/user/.m2/repository/org/apache/hadoop/hadoop-kms/3.2.0/hadoop-kms-3.2.0-tests.jar:/home/user/.m2/repository/org/apache/hadoop/hadoop-hdds-server-scm/0.5.0-SNAPSHOT/hadoop-hdds-server-scm-0.5.0-SNAPSHOT-tests.jar:/home/user/.m2/repository/org/apache/hadoop/hadoop-hdds-container-service/0.5.0-SNAPSHOT/hadoop-hdds-container-service-0.5.0-SNAPSHOT-tests.jar:/home/user/.m2/repository/org/yaml/snakeyaml/1.16/snakeyaml-1.16.jar:/home/user/.m2/repository/org/apache/hadoop/hadoop-common/3.2.0/hadoop-common-3.2.0-tests.jar:/home/user/.m2/repository/org/apache/hadoop/hadoop-annotations/3.2.0/hadoop-annotations-3.2.0.jar:/usr/lib/jvm/java-1.8-openjdk/jre/../lib/tools.jar:/home/user/.m2/repository/commons-cli/commons-cli/1.2/commons-cli-1.2.jar:/home/user/.m2/repository/org/apache/httpcomponents/httpclient/4.5.2/httpclient-4.5.2.jar:/home/user/.m2/repository/org/apache/httpcomponents/httpcore/4.4.4/httpcore-4.4.4.jar:/home/user/.m2/repository/commons-codec/commons-codec/1.11/commons-codec-1.11.jar:/home/user/.m2/repository/commons-net/commons-net/3.6/commons-net-3.6.jar:/home/user/.m2/repository/commons-collections/commons-collections/3.2.2/commons-collections-3.2.2.jar:/home/user/.m2/repository/org/eclipse/jetty/jetty-servlet/9.3.24.v20180605/jetty-servlet-9.3.24.v20180605.jar:/home/user/.m2/repository/org/eclipse/jetty/jetty-security/9.3.24.v20180605/jetty-security-9.3.24.v20180605.jar:/home/user/.m2/repository/javax/servlet/jsp/jsp-api/2.1/jsp-api-2.1.jar:/home/user/.m2/repository/com/sun/jersey/jersey-servlet/1.19/jersey-servlet-1.19.jar:/home/user/.m2/repository/com/sun/jersey/jersey-json/1.19/jersey-json-1.19.jar:/home/user/.m2/repository/org/codehaus/jettison/jettison/1.1/jettison-1.1.jar:/home/user/.m2/repository/org/codehaus/jackson/jackson-core-asl/1.9.13/jackson-core-asl-1.9.13.jar:/home/user/.m2/repository/org/codehaus/jackson/jackson-mapper-asl/1.9.13/jackson-mapper-asl-1.9.13.jar:/home/user/.m2/repository/org/codehaus/jackson/jackson-jaxrs/1.9.13/jackson-jaxrs-1.9.13.jar:/home/user/.m2/repository/org/codehaus/jackson/jackson-xc/1.9.13/jackson-xc-1.9.13.jar:/home/user/.m2/repository/commons-logging/commons-logging/1.1.3/commons-logging-1.1.3.jar:/home/user/.m2/repository/commons-beanutils/commons-beanutils/1.9.3/commons-beanutils-1.9.3.jar:/home/user/.m2/repository/org/apache/commons/commons-configuration2/2.1.1/commons-configuration2-2.1.1.jar:/home/user/.m2/repository/org/apache/commons/commons-lang3/3.7/commons-lang3-3.7.jar:/home/user/.m2/repository/org/apache/commons/commons-text/1.4/commons-text-1.4.jar:/home/user/.m2/repository/org/apache/avro/avro/1.7.7/avro-1.7.7.jar:/home/user/.m2/repository/com/thoughtworks/paranamer/paranamer/2.3/paranamer-2.3.jar:/home/user/.m2/repository/org/xerial/snappy/snappy-java/1.0.5/snappy-java-1.0.5.jar:/home/user/.m2/repository/com/google/re2j/re2j/1.1/re2j-1.1.jar:/home/user/.m2/repository/com/google/code/gson/gson/2.2.4/gson-2.2.4.jar:/home/user/.m2/repository/com/jcraft/jsch/0.1.54/jsch-0.1.54.jar:/home/user/.m2/repository/org/apache/curator/curator-client/2.12.0/curator-client-2.12.0.jar:/home/user/.m2/repository/org/apache/curator/curator-recipes/2.12.0/curator-recipes-2.12.0.jar:/home/user/.m2/repository/com/google/code/findbugs/jsr305/3.0.0/jsr305-3.0.0.jar:/home/user/.m2/repository/org/apache/htrace/htrace-core4/4.1.0-incubating/htrace-core4-4.1.0-incubating.jar:/home/user/.m2/repository/org/apache/zookeeper/zookeeper/3.4.13/zookeeper-3.4.13.jar:/home/user/.m2/repository/org/apache/yetus/audience-annotations/0.5.0/audience-annotations-0.5.0.jar:/home/user/.m2/repository/org/codehaus/woodstox/stax2-api/3.1.4/stax2-api-3.1.4.jar:/home/user/.m2/repository/com/fasterxml/woodstox/woodstox-core/5.0.3/woodstox-core-5.0.3.jar:/home/user/.m2/repository/dnsjava/dnsjava/2.1.7/dnsjava-2.1.7.jar:/home/user/.m2/repository/org/apache/hadoop/hadoop-hdfs/3.2.0/hadoop-hdfs-3.2.0-tests.jar:/home/user/.m2/repository/org/eclipse/jetty/jetty-util-ajax/9.3.24.v20180605/jetty-util-ajax-9.3.24.v20180605.jar:/home/user/.m2/repository/commons-daemon/commons-daemon/1.0.13/commons-daemon-1.0.13.jar:/home/user/.m2/repository/io/netty/netty/3.10.5.Final/netty-3.10.5.Final.jar:/home/user/.m2/repository/io/netty/netty-all/4.0.52.Final/netty-all-4.0.52.Final.jar:/home/user/.m2/repository/org/fusesource/leveldbjni/leveldbjni-all/1.8/leveldbjni-all-1.8.jar:"/>
    <property name="java.vm.vendor" value="IcedTea"/>
    <property name="sun.arch.data.model" value="64"/>
    <property name="test.build.dir" value="/workdir/hadoop-ozone/integration-test/target/test-dir"/>
    <property name="test.cache.data" value=""/>
    <property name="java.vendor.url" value="https://icedtea.classpath.org"/>
    <property name="user.timezone" value=""/>
    <property name="java.vm.specification.version" value="1.8"/>
    <property name="os.name" value="Linux"/>
    <property name="test.build.data" value="/workdir/hadoop-ozone/integration-test/target/test-dir"/>
    <property name="user.country" value="US"/>
    <property name="sun.java.launcher" value="SUN_STANDARD"/>
    <property name="sun.boot.library.path" value="/usr/lib/jvm/java-1.8-openjdk/jre/lib/amd64"/>
    <property name="sun.java.command" value="/workdir/hadoop-ozone/integration-test/target/surefire/surefirebooter3964969064833597351.jar /workdir/hadoop-ozone/integration-test/target/surefire 2019-07-14T15-23-37_400-jvmRun1 surefire2463841295441498775tmp surefire_65880494234169585471tmp"/>
    <property name="surefire.test.class.path" value="/workdir/hadoop-ozone/integration-test/target/test-classes:/workdir/hadoop-ozone/integration-test/target/classes:/home/user/.m2/repository/org/apache/hadoop/hadoop-ozone-common/0.5.0-SNAPSHOT/hadoop-ozone-common-0.5.0-SNAPSHOT.jar:/home/user/.m2/repository/org/apache/commons/commons-compress/1.4.1/commons-compress-1.4.1.jar:/home/user/.m2/repository/org/tukaani/xz/1.0/xz-1.0.jar:/home/user/.m2/repository/org/apache/hadoop/hadoop-common/3.2.0/hadoop-common-3.2.0.jar:/home/user/.m2/repository/org/apache/hadoop/hadoop-hdfs/3.2.0/hadoop-hdfs-3.2.0.jar:/home/user/.m2/repository/org/apache/hadoop/hadoop-hdfs-client/3.2.0/hadoop-hdfs-client-3.2.0.jar:/home/user/.m2/repository/com/fasterxml/jackson/core/jackson-annotations/2.9.5/jackson-annotations-2.9.5.jar:/home/user/.m2/repository/org/apache/hadoop/hadoop-hdds-common/0.5.0-SNAPSHOT/hadoop-hdds-common-0.5.0-SNAPSHOT.jar:/home/user/.m2/repository/javax/annotation/javax.annotation-api/1.2/javax.annotation-api-1.2.jar:/home/user/.m2/repository/org/apache/ratis/ratis-server/0.4.0-2337318-SNAPSHOT/ratis-server-0.4.0-2337318-SNAPSHOT.jar:/home/user/.m2/repository/org/apache/ratis/ratis-thirdparty-misc/0.2.0/ratis-thirdparty-misc-0.2.0.jar:/home/user/.m2/repository/org/apache/ratis/ratis-proto/0.4.0-2337318-SNAPSHOT/ratis-proto-0.4.0-2337318-SNAPSHOT.jar:/home/user/.m2/repository/org/apache/ratis/ratis-common/0.4.0-2337318-SNAPSHOT/ratis-common-0.4.0-2337318-SNAPSHOT.jar:/home/user/.m2/repository/org/apache/ratis/ratis-client/0.4.0-2337318-SNAPSHOT/ratis-client-0.4.0-2337318-SNAPSHOT.jar:/home/user/.m2/repository/org/apache/ratis/ratis-metrics/0.4.0-2337318-SNAPSHOT/ratis-metrics-0.4.0-2337318-SNAPSHOT.jar:/home/user/.m2/repository/org/apache/ratis/ratis-netty/0.4.0-2337318-SNAPSHOT/ratis-netty-0.4.0-2337318-SNAPSHOT.jar:/home/user/.m2/repository/org/apache/ratis/ratis-grpc/0.4.0-2337318-SNAPSHOT/ratis-grpc-0.4.0-2337318-SNAPSHOT.jar:/home/user/.m2/repository/org/rocksdb/rocksdbjni/6.0.1/rocksdbjni-6.0.1.jar:/home/user/.m2/repository/org/apache/logging/log4j/log4j-api/2.11.0/log4j-api-2.11.0.jar:/home/user/.m2/repository/org/apache/logging/log4j/log4j-core/2.11.0/log4j-core-2.11.0.jar:/home/user/.m2/repository/com/lmax/disruptor/3.4.2/disruptor-3.4.2.jar:/home/user/.m2/repository/org/apache/commons/commons-pool2/2.6.0/commons-pool2-2.6.0.jar:/home/user/.m2/repository/org/bouncycastle/bcpkix-jdk15on/1.60/bcpkix-jdk15on-1.60.jar:/home/user/.m2/repository/commons-validator/commons-validator/1.6/commons-validator-1.6.jar:/home/user/.m2/repository/commons-digester/commons-digester/1.8.1/commons-digester-1.8.1.jar:/home/user/.m2/repository/io/jaegertracing/jaeger-client/0.33.1/jaeger-client-0.33.1.jar:/home/user/.m2/repository/io/jaegertracing/jaeger-thrift/0.33.1/jaeger-thrift-0.33.1.jar:/home/user/.m2/repository/org/apache/thrift/libthrift/0.11.0/libthrift-0.11.0.jar:/home/user/.m2/repository/com/squareup/okhttp3/okhttp/3.9.0/okhttp-3.9.0.jar:/home/user/.m2/repository/com/squareup/okio/okio/1.13.0/okio-1.13.0.jar:/home/user/.m2/repository/io/jaegertracing/jaeger-core/0.33.1/jaeger-core-0.33.1.jar:/home/user/.m2/repository/io/jaegertracing/jaeger-tracerresolver/0.33.1/jaeger-tracerresolver-0.33.1.jar:/home/user/.m2/repository/io/opentracing/contrib/opentracing-tracerresolver/0.1.5/opentracing-tracerresolver-0.1.5.jar:/home/user/.m2/repository/io/opentracing/opentracing-util/0.31.0/opentracing-util-0.31.0.jar:/home/user/.m2/repository/io/opentracing/opentracing-api/0.31.0/opentracing-api-0.31.0.jar:/home/user/.m2/repository/io/opentracing/opentracing-noop/0.31.0/opentracing-noop-0.31.0.jar:/home/user/.m2/repository/org/apache/hadoop/hadoop-hdds-server-framework/0.5.0-SNAPSHOT/hadoop-hdds-server-framework-0.5.0-SNAPSHOT.jar:/home/user/.m2/repository/org/apache/hadoop/hadoop-hdds-container-service/0.5.0-SNAPSHOT/hadoop-hdds-container-service-0.5.0-SNAPSHOT.jar:/home/user/.m2/repository/org/apache/hadoop/hadoop-hdds-client/0.5.0-SNAPSHOT/hadoop-hdds-client-0.5.0-SNAPSHOT.jar:/home/user/.m2/repository/org/apache/hadoop/hadoop-hdds-tools/0.5.0-SNAPSHOT/hadoop-hdds-tools-0.5.0-SNAPSHOT.jar:/home/user/.m2/repository/org/apache/hadoop/hadoop-hdds-server-scm/0.5.0-SNAPSHOT/hadoop-hdds-server-scm-0.5.0-SNAPSHOT.jar:/home/user/.m2/repository/org/apache/hadoop/hadoop-hdds-docs/0.5.0-SNAPSHOT/hadoop-hdds-docs-0.5.0-SNAPSHOT.jar:/home/user/.m2/repository/io/dropwizard/metrics/metrics-core/3.2.4/metrics-core-3.2.4.jar:/home/user/.m2/repository/org/hamcrest/hamcrest-all/1.3/hamcrest-all-1.3.jar:/home/user/.m2/repository/org/bouncycastle/bcprov-jdk15on/1.60/bcprov-jdk15on-1.60.jar:/home/user/.m2/repository/info/picocli/picocli/3.9.6/picocli-3.9.6.jar:/home/user/.m2/repository/com/google/protobuf/protobuf-java/2.5.0/protobuf-java-2.5.0.jar:/home/user/.m2/repository/com/google/guava/guava/11.0.2/guava-11.0.2.jar:/home/user/.m2/repository/org/apache/hadoop/hadoop-ozone-ozone-manager/0.5.0-SNAPSHOT/hadoop-ozone-ozone-manager-0.5.0-SNAPSHOT.jar:/home/user/.m2/repository/org/apache/hadoop/hadoop-minikdc/3.2.0/hadoop-minikdc-3.2.0.jar:/home/user/.m2/repository/commons-io/commons-io/2.5/commons-io-2.5.jar:/home/user/.m2/repository/org/apache/kerby/kerb-simplekdc/1.0.1/kerb-simplekdc-1.0.1.jar:/home/user/.m2/repository/org/apache/kerby/kerb-client/1.0.1/kerb-client-1.0.1.jar:/home/user/.m2/repository/org/apache/kerby/kerby-config/1.0.1/kerby-config-1.0.1.jar:/home/user/.m2/repository/org/apache/kerby/kerb-core/1.0.1/kerb-core-1.0.1.jar:/home/user/.m2/repository/org/apache/kerby/kerby-pkix/1.0.1/kerby-pkix-1.0.1.jar:/home/user/.m2/repository/org/apache/kerby/kerby-asn1/1.0.1/kerby-asn1-1.0.1.jar:/home/user/.m2/repository/org/apache/kerby/kerby-util/1.0.1/kerby-util-1.0.1.jar:/home/user/.m2/repository/org/apache/kerby/kerb-common/1.0.1/kerb-common-1.0.1.jar:/home/user/.m2/repository/org/apache/kerby/kerb-crypto/1.0.1/kerb-crypto-1.0.1.jar:/home/user/.m2/repository/org/apache/kerby/kerb-util/1.0.1/kerb-util-1.0.1.jar:/home/user/.m2/repository/org/apache/kerby/token-provider/1.0.1/token-provider-1.0.1.jar:/home/user/.m2/repository/org/apache/kerby/kerb-admin/1.0.1/kerb-admin-1.0.1.jar:/home/user/.m2/repository/org/apache/kerby/kerb-server/1.0.1/kerb-server-1.0.1.jar:/home/user/.m2/repository/org/apache/kerby/kerb-identity/1.0.1/kerb-identity-1.0.1.jar:/home/user/.m2/repository/org/apache/kerby/kerby-xdr/1.0.1/kerby-xdr-1.0.1.jar:/home/user/.m2/repository/org/slf4j/slf4j-log4j12/1.7.25/slf4j-log4j12-1.7.25.jar:/home/user/.m2/repository/org/apache/hadoop/hadoop-ozone-objectstore-service/0.5.0-SNAPSHOT/hadoop-ozone-objectstore-service-0.5.0-SNAPSHOT.jar:/home/user/.m2/repository/org/apache/hadoop/hadoop-ozone-s3gateway/0.5.0-SNAPSHOT/hadoop-ozone-s3gateway-0.5.0-SNAPSHOT.jar:/home/user/.m2/repository/org/jboss/weld/servlet/weld-servlet/2.4.7.Final/weld-servlet-2.4.7.Final.jar:/home/user/.m2/repository/org/glassfish/jersey/containers/jersey-container-servlet-core/2.27/jersey-container-servlet-core-2.27.jar:/home/user/.m2/repository/org/glassfish/hk2/external/javax.inject/2.5.0-b42/javax.inject-2.5.0-b42.jar:/home/user/.m2/repository/org/glassfish/jersey/core/jersey-common/2.27/jersey-common-2.27.jar:/home/user/.m2/repository/org/glassfish/hk2/osgi-resource-locator/1.0.1/osgi-resource-locator-1.0.1.jar:/home/user/.m2/repository/javax/ws/rs/javax.ws.rs-api/2.1/javax.ws.rs-api-2.1.jar:/home/user/.m2/repository/org/glassfish/jersey/ext/cdi/jersey-cdi1x/2.27/jersey-cdi1x-2.27.jar:/home/user/.m2/repository/org/glassfish/jersey/inject/jersey-hk2/2.27/jersey-hk2-2.27.jar:/home/user/.m2/repository/org/glassfish/hk2/hk2-locator/2.5.0-b42/hk2-locator-2.5.0-b42.jar:/home/user/.m2/repository/org/javassist/javassist/3.22.0-CR2/javassist-3.22.0-CR2.jar:/home/user/.m2/repository/org/glassfish/hk2/hk2-api/2.5.0/hk2-api-2.5.0.jar:/home/user/.m2/repository/org/glassfish/hk2/external/jakarta.inject/2.5.0/jakarta.inject-2.5.0.jar:/home/user/.m2/repository/org/glassfish/hk2/hk2-utils/2.5.0/hk2-utils-2.5.0.jar:/home/user/.m2/repository/jakarta/annotation/jakarta.annotation-api/1.3.4/jakarta.annotation-api-1.3.4.jar:/home/user/.m2/repository/org/glassfish/hk2/external/aopalliance-repackaged/2.5.0/aopalliance-repackaged-2.5.0.jar:/home/user/.m2/repository/com/fasterxml/jackson/dataformat/jackson-dataformat-xml/2.9.0/jackson-dataformat-xml-2.9.0.jar:/home/user/.m2/repository/com/fasterxml/jackson/core/jackson-core/2.9.5/jackson-core-2.9.5.jar:/home/user/.m2/repository/com/fasterxml/jackson/module/jackson-module-jaxb-annotations/2.9.5/jackson-module-jaxb-annotations-2.9.5.jar:/home/user/.m2/repository/javax/enterprise/cdi-api/1.2/cdi-api-1.2.jar:/home/user/.m2/repository/javax/el/javax.el-api/3.0.0/javax.el-api-3.0.0.jar:/home/user/.m2/repository/javax/interceptor/javax.interceptor-api/1.2/javax.interceptor-api-1.2.jar:/home/user/.m2/repository/javax/inject/javax.inject/1/javax.inject-1.jar:/home/user/.m2/repository/com/sun/xml/bind/jaxb-impl/2.3.0.1/jaxb-impl-2.3.0.1.jar:/home/user/.m2/repository/com/sun/xml/bind/jaxb-core/2.3.0.1/jaxb-core-2.3.0.1.jar:/home/user/.m2/repository/javax/xml/bind/jaxb-api/2.3.0/jaxb-api-2.3.0.jar:/home/user/.m2/repository/javax/activation/activation/1.1.1/activation-1.1.1.jar:/home/user/.m2/repository/org/apache/hadoop/hadoop-ozone-csi/0.5.0-SNAPSHOT/hadoop-ozone-csi-0.5.0-SNAPSHOT.jar:/home/user/.m2/repository/com/google/protobuf/protobuf-java-util/3.5.1/protobuf-java-util-3.5.1.jar:/home/user/.m2/repository/org/apache/hadoop/hadoop-hdds-config/0.5.0-SNAPSHOT/hadoop-hdds-config-0.5.0-SNAPSHOT.jar:/home/user/.m2/repository/io/grpc/grpc-netty/1.17.1/grpc-netty-1.17.1.jar:/home/user/.m2/repository/io/grpc/grpc-core/1.17.1/grpc-core-1.17.1.jar:/home/user/.m2/repository/io/grpc/grpc-context/1.17.1/grpc-context-1.17.1.jar:/home/user/.m2/repository/com/google/errorprone/error_prone_annotations/2.2.0/error_prone_annotations-2.2.0.jar:/home/user/.m2/repository/org/codehaus/mojo/animal-sniffer-annotations/1.17/animal-sniffer-annotations-1.17.jar:/home/user/.m2/repository/io/opencensus/opencensus-api/0.17.0/opencensus-api-0.17.0.jar:/home/user/.m2/repository/io/opencensus/opencensus-contrib-grpc-metrics/0.17.0/opencensus-contrib-grpc-metrics-0.17.0.jar:/home/user/.m2/repository/io/netty/netty-codec-http2/4.1.30.Final/netty-codec-http2-4.1.30.Final.jar:/home/user/.m2/repository/io/netty/netty-codec-http/4.1.30.Final/netty-codec-http-4.1.30.Final.jar:/home/user/.m2/repository/io/netty/netty-codec/4.1.30.Final/netty-codec-4.1.30.Final.jar:/home/user/.m2/repository/io/netty/netty-handler/4.1.30.Final/netty-handler-4.1.30.Final.jar:/home/user/.m2/repository/io/netty/netty-handler-proxy/4.1.30.Final/netty-handler-proxy-4.1.30.Final.jar:/home/user/.m2/repository/io/netty/netty-codec-socks/4.1.30.Final/netty-codec-socks-4.1.30.Final.jar:/home/user/.m2/repository/io/netty/netty-transport-native-epoll/4.1.30.Final/netty-transport-native-epoll-4.1.30.Final.jar:/home/user/.m2/repository/io/netty/netty-common/4.1.30.Final/netty-common-4.1.30.Final.jar:/home/user/.m2/repository/io/netty/netty-buffer/4.1.30.Final/netty-buffer-4.1.30.Final.jar:/home/user/.m2/repository/io/netty/netty-transport/4.1.30.Final/netty-transport-4.1.30.Final.jar:/home/user/.m2/repository/io/netty/netty-resolver/4.1.30.Final/netty-resolver-4.1.30.Final.jar:/home/user/.m2/repository/io/netty/netty-transport-native-unix-common/4.1.30.Final/netty-transport-native-unix-common-4.1.30.Final.jar:/home/user/.m2/repository/io/grpc/grpc-protobuf/1.17.1/grpc-protobuf-1.17.1.jar:/home/user/.m2/repository/com/google/api/grpc/proto-google-common-protos/1.0.0/proto-google-common-protos-1.0.0.jar:/home/user/.m2/repository/io/grpc/grpc-protobuf-lite/1.17.1/grpc-protobuf-lite-1.17.1.jar:/home/user/.m2/repository/io/grpc/grpc-stub/1.17.1/grpc-stub-1.17.1.jar:/home/user/.m2/repository/org/apache/hadoop/hadoop-ozone-recon/0.5.0-SNAPSHOT/hadoop-ozone-recon-0.5.0-SNAPSHOT.jar:/home/user/.m2/repository/org/apache/hadoop/hadoop-ozone-reconcodegen/0.5.0-SNAPSHOT/hadoop-ozone-reconcodegen-0.5.0-SNAPSHOT.jar:/home/user/.m2/repository/com/google/inject/extensions/guice-multibindings/4.0/guice-multibindings-4.0.jar:/home/user/.m2/repository/com/google/inject/guice/4.0/guice-4.0.jar:/home/user/.m2/repository/aopalliance/aopalliance/1.0/aopalliance-1.0.jar:/home/user/.m2/repository/com/google/inject/extensions/guice-servlet/4.0/guice-servlet-4.0.jar:/home/user/.m2/repository/org/glassfish/jersey/containers/jersey-container-servlet/2.27/jersey-container-servlet-2.27.jar:/home/user/.m2/repository/org/glassfish/hk2/guice-bridge/2.5.0/guice-bridge-2.5.0.jar:/home/user/.m2/repository/org/glassfish/jersey/core/jersey-server/2.27/jersey-server-2.27.jar:/home/user/.m2/repository/org/glassfish/jersey/core/jersey-client/2.27/jersey-client-2.27.jar:/home/user/.m2/repository/org/glassfish/jersey/media/jersey-media-jaxb/2.27/jersey-media-jaxb-2.27.jar:/home/user/.m2/repository/javax/validation/validation-api/1.1.0.Final/validation-api-1.1.0.Final.jar:/home/user/.m2/repository/org/glassfish/jersey/media/jersey-media-json-jackson/2.27/jersey-media-json-jackson-2.27.jar:/home/user/.m2/repository/org/glassfish/jersey/ext/jersey-entity-filtering/2.27/jersey-entity-filtering-2.27.jar:/home/user/.m2/repository/com/google/inject/extensions/guice-assistedinject/4.0/guice-assistedinject-4.0.jar:/home/user/.m2/repository/org/jooq/jooq/3.11.10/jooq-3.11.10.jar:/home/user/.m2/repository/org/jooq/jooq-meta/3.11.10/jooq-meta-3.11.10.jar:/home/user/.m2/repository/org/jooq/jooq-codegen/3.11.10/jooq-codegen-3.11.10.jar:/home/user/.m2/repository/com/jolbox/bonecp/0.8.0.RELEASE/bonecp-0.8.0.RELEASE.jar:/home/user/.m2/repository/org/xerial/sqlite-jdbc/3.25.2/sqlite-jdbc-3.25.2.jar:/home/user/.m2/repository/org/springframework/spring-jdbc/5.1.3.RELEASE/spring-jdbc-5.1.3.RELEASE.jar:/home/user/.m2/repository/org/springframework/spring-beans/5.1.3.RELEASE/spring-beans-5.1.3.RELEASE.jar:/home/user/.m2/repository/org/springframework/spring-core/5.1.3.RELEASE/spring-core-5.1.3.RELEASE.jar:/home/user/.m2/repository/org/springframework/spring-jcl/5.1.3.RELEASE/spring-jcl-5.1.3.RELEASE.jar:/home/user/.m2/repository/org/springframework/spring-tx/5.1.3.RELEASE/spring-tx-5.1.3.RELEASE.jar:/home/user/.m2/repository/org/apache/hadoop/hadoop-ozone-client/0.5.0-SNAPSHOT/hadoop-ozone-client-0.5.0-SNAPSHOT.jar:/home/user/.m2/repository/commons-lang/commons-lang/2.6/commons-lang-2.6.jar:/home/user/.m2/repository/org/apache/hadoop/hadoop-ozone-ozone-manager/0.5.0-SNAPSHOT/hadoop-ozone-ozone-manager-0.5.0-SNAPSHOT-tests.jar:/home/user/.m2/repository/junit/junit/4.11/junit-4.11.jar:/home/user/.m2/repository/org/hamcrest/hamcrest-core/1.3/hamcrest-core-1.3.jar:/home/user/.m2/repository/org/openjdk/jmh/jmh-core/1.19/jmh-core-1.19.jar:/home/user/.m2/repository/net/sf/jopt-simple/jopt-simple/4.6/jopt-simple-4.6.jar:/home/user/.m2/repository/org/apache/commons/commons-math3/3.1.1/commons-math3-3.1.1.jar:/home/user/.m2/repository/org/openjdk/jmh/jmh-generator-annprocess/1.19/jmh-generator-annprocess-1.19.jar:/home/user/.m2/repository/org/mockito/mockito-all/1.8.5/mockito-all-1.8.5.jar:/home/user/.m2/repository/org/apache/hadoop/hadoop-kms/3.2.0/hadoop-kms-3.2.0.jar:/home/user/.m2/repository/org/apache/hadoop/hadoop-auth/3.2.0/hadoop-auth-3.2.0.jar:/home/user/.m2/repository/com/nimbusds/nimbus-jose-jwt/4.41.1/nimbus-jose-jwt-4.41.1.jar:/home/user/.m2/repository/com/github/stephenc/jcip/jcip-annotations/1.0-1/jcip-annotations-1.0-1.jar:/home/user/.m2/repository/net/minidev/json-smart/2.3/json-smart-2.3.jar:/home/user/.m2/repository/net/minidev/accessors-smart/1.2/accessors-smart-1.2.jar:/home/user/.m2/repository/org/ow2/asm/asm/5.0.4/asm-5.0.4.jar:/home/user/.m2/repository/org/apache/curator/curator-framework/2.12.0/curator-framework-2.12.0.jar:/home/user/.m2/repository/com/sun/jersey/jersey-core/1.19/jersey-core-1.19.jar:/home/user/.m2/repository/javax/ws/rs/jsr311-api/1.1.1/jsr311-api-1.1.1.jar:/home/user/.m2/repository/com/sun/jersey/jersey-server/1.19/jersey-server-1.19.jar:/home/user/.m2/repository/javax/servlet/javax.servlet-api/3.1.0/javax.servlet-api-3.1.0.jar:/home/user/.m2/repository/org/eclipse/jetty/jetty-server/9.3.24.v20180605/jetty-server-9.3.24.v20180605.jar:/home/user/.m2/repository/org/eclipse/jetty/jetty-http/9.3.24.v20180605/jetty-http-9.3.24.v20180605.jar:/home/user/.m2/repository/org/eclipse/jetty/jetty-io/9.3.24.v20180605/jetty-io-9.3.24.v20180605.jar:/home/user/.m2/repository/org/eclipse/jetty/jetty-webapp/9.3.24.v20180605/jetty-webapp-9.3.24.v20180605.jar:/home/user/.m2/repository/org/eclipse/jetty/jetty-xml/9.3.24.v20180605/jetty-xml-9.3.24.v20180605.jar:/home/user/.m2/repository/log4j/log4j/1.2.17/log4j-1.2.17.jar:/home/user/.m2/repository/org/slf4j/slf4j-api/1.7.25/slf4j-api-1.7.25.jar:/home/user/.m2/repository/org/slf4j/jul-to-slf4j/1.7.25/jul-to-slf4j-1.7.25.jar:/home/user/.m2/repository/org/eclipse/jetty/jetty-util/9.3.24.v20180605/jetty-util-9.3.24.v20180605.jar:/home/user/.m2/repository/com/fasterxml/jackson/core/jackson-databind/2.9.5/jackson-databind-2.9.5.jar:/home/user/.m2/repository/org/apache/hadoop/hadoop-kms/3.2.0/hadoop-kms-3.2.0-tests.jar:/home/user/.m2/repository/org/apache/hadoop/hadoop-hdds-server-scm/0.5.0-SNAPSHOT/hadoop-hdds-server-scm-0.5.0-SNAPSHOT-tests.jar:/home/user/.m2/repository/org/apache/hadoop/hadoop-hdds-container-service/0.5.0-SNAPSHOT/hadoop-hdds-container-service-0.5.0-SNAPSHOT-tests.jar:/home/user/.m2/repository/org/yaml/snakeyaml/1.16/snakeyaml-1.16.jar:/home/user/.m2/repository/org/apache/hadoop/hadoop-common/3.2.0/hadoop-common-3.2.0-tests.jar:/home/user/.m2/repository/org/apache/hadoop/hadoop-annotations/3.2.0/hadoop-annotations-3.2.0.jar:/usr/lib/jvm/java-1.8-openjdk/jre/../lib/tools.jar:/home/user/.m2/repository/commons-cli/commons-cli/1.2/commons-cli-1.2.jar:/home/user/.m2/repository/org/apache/httpcomponents/httpclient/4.5.2/httpclient-4.5.2.jar:/home/user/.m2/repository/org/apache/httpcomponents/httpcore/4.4.4/httpcore-4.4.4.jar:/home/user/.m2/repository/commons-codec/commons-codec/1.11/commons-codec-1.11.jar:/home/user/.m2/repository/commons-net/commons-net/3.6/commons-net-3.6.jar:/home/user/.m2/repository/commons-collections/commons-collections/3.2.2/commons-collections-3.2.2.jar:/home/user/.m2/repository/org/eclipse/jetty/jetty-servlet/9.3.24.v20180605/jetty-servlet-9.3.24.v20180605.jar:/home/user/.m2/repository/org/eclipse/jetty/jetty-security/9.3.24.v20180605/jetty-security-9.3.24.v20180605.jar:/home/user/.m2/repository/javax/servlet/jsp/jsp-api/2.1/jsp-api-2.1.jar:/home/user/.m2/repository/com/sun/jersey/jersey-servlet/1.19/jersey-servlet-1.19.jar:/home/user/.m2/repository/com/sun/jersey/jersey-json/1.19/jersey-json-1.19.jar:/home/user/.m2/repository/org/codehaus/jettison/jettison/1.1/jettison-1.1.jar:/home/user/.m2/repository/org/codehaus/jackson/jackson-core-asl/1.9.13/jackson-core-asl-1.9.13.jar:/home/user/.m2/repository/org/codehaus/jackson/jackson-mapper-asl/1.9.13/jackson-mapper-asl-1.9.13.jar:/home/user/.m2/repository/org/codehaus/jackson/jackson-jaxrs/1.9.13/jackson-jaxrs-1.9.13.jar:/home/user/.m2/repository/org/codehaus/jackson/jackson-xc/1.9.13/jackson-xc-1.9.13.jar:/home/user/.m2/repository/commons-logging/commons-logging/1.1.3/commons-logging-1.1.3.jar:/home/user/.m2/repository/commons-beanutils/commons-beanutils/1.9.3/commons-beanutils-1.9.3.jar:/home/user/.m2/repository/org/apache/commons/commons-configuration2/2.1.1/commons-configuration2-2.1.1.jar:/home/user/.m2/repository/org/apache/commons/commons-lang3/3.7/commons-lang3-3.7.jar:/home/user/.m2/repository/org/apache/commons/commons-text/1.4/commons-text-1.4.jar:/home/user/.m2/repository/org/apache/avro/avro/1.7.7/avro-1.7.7.jar:/home/user/.m2/repository/com/thoughtworks/paranamer/paranamer/2.3/paranamer-2.3.jar:/home/user/.m2/repository/org/xerial/snappy/snappy-java/1.0.5/snappy-java-1.0.5.jar:/home/user/.m2/repository/com/google/re2j/re2j/1.1/re2j-1.1.jar:/home/user/.m2/repository/com/google/code/gson/gson/2.2.4/gson-2.2.4.jar:/home/user/.m2/repository/com/jcraft/jsch/0.1.54/jsch-0.1.54.jar:/home/user/.m2/repository/org/apache/curator/curator-client/2.12.0/curator-client-2.12.0.jar:/home/user/.m2/repository/org/apache/curator/curator-recipes/2.12.0/curator-recipes-2.12.0.jar:/home/user/.m2/repository/com/google/code/findbugs/jsr305/3.0.0/jsr305-3.0.0.jar:/home/user/.m2/repository/org/apache/htrace/htrace-core4/4.1.0-incubating/htrace-core4-4.1.0-incubating.jar:/home/user/.m2/repository/org/apache/zookeeper/zookeeper/3.4.13/zookeeper-3.4.13.jar:/home/user/.m2/repository/org/apache/yetus/audience-annotations/0.5.0/audience-annotations-0.5.0.jar:/home/user/.m2/repository/org/codehaus/woodstox/stax2-api/3.1.4/stax2-api-3.1.4.jar:/home/user/.m2/repository/com/fasterxml/woodstox/woodstox-core/5.0.3/woodstox-core-5.0.3.jar:/home/user/.m2/repository/dnsjava/dnsjava/2.1.7/dnsjava-2.1.7.jar:/home/user/.m2/repository/org/apache/hadoop/hadoop-hdfs/3.2.0/hadoop-hdfs-3.2.0-tests.jar:/home/user/.m2/repository/org/eclipse/jetty/jetty-util-ajax/9.3.24.v20180605/jetty-util-ajax-9.3.24.v20180605.jar:/home/user/.m2/repository/commons-daemon/commons-daemon/1.0.13/commons-daemon-1.0.13.jar:/home/user/.m2/repository/io/netty/netty/3.10.5.Final/netty-3.10.5.Final.jar:/home/user/.m2/repository/io/netty/netty-all/4.0.52.Final/netty-all-4.0.52.Final.jar:/home/user/.m2/repository/org/fusesource/leveldbjni/leveldbjni-all/1.8/leveldbjni-all-1.8.jar:"/>
    <property name="sun.cpu.endian" value="little"/>
    <property name="user.home" value="/home/user"/>
    <property name="user.language" value="en"/>
    <property name="java.specification.vendor" value="Oracle Corporation"/>
    <property name="java.home" value="/usr/lib/jvm/java-1.8-openjdk/jre"/>
    <property name="java.security.krb5.conf" value="/workdir/hadoop-ozone/integration-test/target/test-classes/krb5.conf"/>
    <property name="basedir" value="/workdir/hadoop-ozone/integration-test"/>
    <property name="file.separator" value="/"/>
    <property name="line.separator" value="&#10;"/>
    <property name="java.vm.specification.vendor" value="Oracle Corporation"/>
    <property name="java.specification.name" value="Java Platform API Specification"/>
    <property name="java.awt.graphicsenv" value="sun.awt.X11GraphicsEnvironment"/>
    <property name="surefire.real.class.path" value="/workdir/hadoop-ozone/integration-test/target/surefire/surefirebooter3964969064833597351.jar"/>
    <property name="hadoop.log.dir" value="/workdir/hadoop-ozone/integration-test/target/log"/>
    <property name="sun.boot.class.path" value="/usr/lib/jvm/java-1.8-openjdk/jre/lib/resources.jar:/usr/lib/jvm/java-1.8-openjdk/jre/lib/rt.jar:/usr/lib/jvm/java-1.8-openjdk/jre/lib/sunrsasign.jar:/usr/lib/jvm/java-1.8-openjdk/jre/lib/jsse.jar:/usr/lib/jvm/java-1.8-openjdk/jre/lib/jce.jar:/usr/lib/jvm/java-1.8-openjdk/jre/lib/charsets.jar:/usr/lib/jvm/java-1.8-openjdk/jre/lib/jfr.jar:/usr/lib/jvm/java-1.8-openjdk/jre/classes"/>
    <property name="sun.management.compiler" value="HotSpot 64-Bit Tiered Compilers"/>
    <property name="java.runtime.version" value="1.8.0_212-b04"/>
    <property name="java.net.preferIPv4Stack" value="true"/>
    <property name="user.name" value="jenkins1000"/>
    <property name="path.separator" value=":"/>
    <property name="java.security.egd" value="file:///dev/urandom"/>
    <property name="os.version" value="3.10.0-957.12.2.el7.x86_64"/>
    <property name="java.endorsed.dirs" value="/usr/lib/jvm/java-1.8-openjdk/jre/lib/endorsed"/>
    <property name="java.runtime.name" value="OpenJDK Runtime Environment"/>
    <property name="file.encoding" value="UTF-8"/>
    <property name="java.vm.name" value="OpenJDK 64-Bit Server VM"/>
    <property name="test.build.webapps" value=""/>
    <property name="localRepository" value="/home/user/.m2/repository"/>
    <property name="java.vendor.url.bug" value="https://icedtea.classpath.org/bugzilla"/>
    <property name="java.io.tmpdir" value="/tmp"/>
    <property name="require.test.libhadoop" value=""/>
    <property name="java.version" value="1.8.0_212"/>
    <property name="user.dir" value="/workdir/hadoop-ozone/integration-test"/>
    <property name="os.arch" value="amd64"/>
    <property name="java.vm.specification.name" value="Java Virtual Machine Specification"/>
    <property name="test.build.classes" value="/workdir/hadoop-ozone/integration-test/target/test-classes"/>
    <property name="java.awt.printerjob" value="sun.print.PSPrinterJob"/>
    <property name="sun.os.patch.level" value="unknown"/>
    <property name="hadoop.tmp.dir" value="/workdir/hadoop-ozone/integration-test/target/tmp"/>
    <property name="java.library.path" value="/usr/lib/jvm/java-1.8-openjdk/jre/lib/amd64/server:/usr/lib/jvm/java-1.8-openjdk/jre/lib/amd64:/usr/lib/jvm/java-1.8-openjdk/jre/../lib/amd64:/workdir/hadoop-ozone/integration-test/target/native/target/usr/local/lib:/workdir/hadoop-ozone/integration-test/../../hadoop-common-project/hadoop-common/target/native/target/usr/local/lib:/usr/java/packages/lib/amd64:/usr/lib64:/lib64:/lib:/usr/lib"/>
    <property name="java.vm.info" value="mixed mode"/>
    <property name="java.vendor" value="IcedTea"/>
    <property name="java.vm.version" value="25.212-b04"/>
    <property name="java.ext.dirs" value="/usr/lib/jvm/java-1.8-openjdk/jre/lib/ext:/usr/java/packages/lib/ext"/>
    <property name="sun.io.unicode.encoding" value="UnicodeLittle"/>
    <property name="java.class.version" value="52.0"/>
  </properties>
  <testcase name="testPipelineExclusionWithPipelineFailure" classname="org.apache.hadoop.ozone.client.rpc.TestFailureHandlingByClient" time="38.617"/>
  <testcase name="testContainerExclusionWithClosedContainerException" classname="org.apache.hadoop.ozone.client.rpc.TestFailureHandlingByClient" time="15.918">
    <error message="Allocated 0 blocks. Requested 1 blocks" type="INTERNAL_ERROR org.apache.hadoop.ozone.om.exceptions.OMException">INTERNAL_ERROR org.apache.hadoop.ozone.om.exceptions.OMException: Allocated 0 blocks. Requested 1 blocks
	at org.apache.hadoop.ozone.om.protocolPB.OzoneManagerProtocolClientSideTranslatorPB.handleError(OzoneManagerProtocolClientSideTranslatorPB.java:720)
	at org.apache.hadoop.ozone.om.protocolPB.OzoneManagerProtocolClientSideTranslatorPB.allocateBlock(OzoneManagerProtocolClientSideTranslatorPB.java:752)
	at org.apache.hadoop.ozone.client.io.BlockOutputStreamEntryPool.allocateNewBlock(BlockOutputStreamEntryPool.java:248)
	at org.apache.hadoop.ozone.client.io.BlockOutputStreamEntryPool.allocateBlockIfNeeded(BlockOutputStreamEntryPool.java:296)
	at org.apache.hadoop.ozone.client.io.KeyOutputStream.handleWrite(KeyOutputStream.java:201)
	at org.apache.hadoop.ozone.client.io.KeyOutputStream.handleRetry(KeyOutputStream.java:376)
	at org.apache.hadoop.ozone.client.io.KeyOutputStream.handleException(KeyOutputStream.java:325)
	at org.apache.hadoop.ozone.client.io.KeyOutputStream.handleFlushOrClose(KeyOutputStream.java:448)
	at org.apache.hadoop.ozone.client.io.KeyOutputStream.flush(KeyOutputStream.java:396)
	at org.apache.hadoop.ozone.client.io.OzoneOutputStream.flush(OzoneOutputStream.java:54)
	at org.apache.hadoop.ozone.client.rpc.TestFailureHandlingByClient.testContainerExclusionWithClosedContainerException(TestFailureHandlingByClient.java:322)
	at sun.reflect.NativeMethodAccessorImpl.invoke0(Native Method)
	at sun.reflect.NativeMethodAccessorImpl.invoke(NativeMethodAccessorImpl.java:62)
	at sun.reflect.DelegatingMethodAccessorImpl.invoke(DelegatingMethodAccessorImpl.java:43)
	at java.lang.reflect.Method.invoke(Method.java:498)
	at org.junit.runners.model.FrameworkMethod$1.runReflectiveCall(FrameworkMethod.java:47)
	at org.junit.internal.runners.model.ReflectiveCallable.run(ReflectiveCallable.java:12)
	at org.junit.runners.model.FrameworkMethod.invokeExplosively(FrameworkMethod.java:44)
	at org.junit.internal.runners.statements.InvokeMethod.evaluate(InvokeMethod.java:17)
	at org.junit.runners.ParentRunner.runLeaf(ParentRunner.java:271)
	at org.junit.runners.BlockJUnit4ClassRunner.runChild(BlockJUnit4ClassRunner.java:70)
	at org.junit.runners.BlockJUnit4ClassRunner.runChild(BlockJUnit4ClassRunner.java:50)
	at org.junit.runners.ParentRunner$3.run(ParentRunner.java:238)
	at org.junit.runners.ParentRunner$1.schedule(ParentRunner.java:63)
	at org.junit.runners.ParentRunner.runChildren(ParentRunner.java:236)
	at org.junit.runners.ParentRunner.access$000(ParentRunner.java:53)
	at org.junit.runners.ParentRunner$2.evaluate(ParentRunner.java:229)
	at org.junit.runners.ParentRunner.run(ParentRunner.java:309)
	at org.apache.maven.surefire.junit4.JUnit4Provider.execute(JUnit4Provider.java:365)
	at org.apache.maven.surefire.junit4.JUnit4Provider.executeWithRerun(JUnit4Provider.java:273)
	at org.apache.maven.surefire.junit4.JUnit4Provider.executeTestSet(JUnit4Provider.java:238)
	at org.apache.maven.surefire.junit4.JUnit4Provider.invoke(JUnit4Provider.java:159)
	at org.apache.maven.surefire.booter.ForkedBooter.invokeProviderInSameClassLoader(ForkedBooter.java:384)
	at org.apache.maven.surefire.booter.ForkedBooter.runSuitesInProcess(ForkedBooter.java:345)
	at org.apache.maven.surefire.booter.ForkedBooter.execute(ForkedBooter.java:126)
	at org.apache.maven.surefire.booter.ForkedBooter.main(ForkedBooter.java:418)
</error>
    <system-out><![CDATA[2019-07-14 16:16:08,251 WARN  server.ServerUtils (ServerUtils.java:getScmDbDir(145)) - ozone.scm.db.dirs is not configured. We recommend adding this setting. Falling back to ozone.metadata.dirs instead.
2019-07-14 16:16:08,281 WARN  server.ServerUtils (ServerUtils.java:getScmDbDir(145)) - ozone.scm.db.dirs is not configured. We recommend adding this setting. Falling back to ozone.metadata.dirs instead.
2019-07-14 16:16:08,282 WARN  server.ServerUtils (ServerUtils.java:getScmDbDir(145)) - ozone.scm.db.dirs is not configured. We recommend adding this setting. Falling back to ozone.metadata.dirs instead.
2019-07-14 16:16:08,283 INFO  db.DBStoreBuilder (DBStoreBuilder.java:addTable(110)) - using custom profile for table: deletedBlocks
2019-07-14 16:16:08,283 INFO  db.DBStoreBuilder (DBStoreBuilder.java:processTables(161)) - Using default column profile:DBProfile.DISK for Table:deletedBlocks
2019-07-14 16:16:08,283 INFO  db.DBStoreBuilder (DBStoreBuilder.java:addTable(110)) - using custom profile for table: validCerts
2019-07-14 16:16:08,284 INFO  db.DBStoreBuilder (DBStoreBuilder.java:processTables(161)) - Using default column profile:DBProfile.DISK for Table:validCerts
2019-07-14 16:16:08,284 INFO  db.DBStoreBuilder (DBStoreBuilder.java:addTable(110)) - using custom profile for table: revokedCerts
2019-07-14 16:16:08,284 INFO  db.DBStoreBuilder (DBStoreBuilder.java:processTables(161)) - Using default column profile:DBProfile.DISK for Table:revokedCerts
2019-07-14 16:16:08,285 INFO  db.DBStoreBuilder (DBStoreBuilder.java:addTable(110)) - using custom profile for table: default
2019-07-14 16:16:08,285 INFO  db.DBStoreBuilder (DBStoreBuilder.java:processTables(167)) - Using default column profile:DBProfile.DISK for Table:default
2019-07-14 16:16:08,285 INFO  db.DBStoreBuilder (DBStoreBuilder.java:getDbProfile(198)) - Using default options. DBProfile.DISK
2019-07-14 16:16:08,421 INFO  net.NodeSchemaLoader (NodeSchemaLoader.java:loadSchemaFromFile(125)) - Loading file from sun.misc.CompoundEnumeration@43e3a390
2019-07-14 16:16:08,421 INFO  net.NodeSchemaLoader (NodeSchemaLoader.java:loadSchema(171)) - Loading network topology layer schema file
2019-07-14 16:16:08,426 INFO  node.SCMNodeManager (SCMNodeManager.java:<init>(119)) - Entering startup safe mode.
2019-07-14 16:16:08,427 WARN  server.ServerUtils (ServerUtils.java:getScmDbDir(145)) - ozone.scm.db.dirs is not configured. We recommend adding this setting. Falling back to ozone.metadata.dirs instead.
2019-07-14 16:16:08,473 INFO  pipeline.SCMPipelineManager (SCMPipelineManager.java:initializePipelineState(126)) - No pipeline exists in current db
2019-07-14 16:16:08,473 WARN  server.ServerUtils (ServerUtils.java:getScmDbDir(145)) - ozone.scm.db.dirs is not configured. We recommend adding this setting. Falling back to ozone.metadata.dirs instead.
2019-07-14 16:16:08,528 WARN  events.EventQueue (EventQueue.java:fireEvent(175)) - No event handler registered for event TypedEvent{payloadType=SafeModeStatus, name='SafeModeStatus'}
2019-07-14 16:16:08,529 INFO  ipc.CallQueueManager (CallQueueManager.java:<init>(84)) - Using callQueue: class java.util.concurrent.LinkedBlockingQueue, queueCapacity: 2000, scheduler: class org.apache.hadoop.ipc.DefaultRpcScheduler, ipcBackoff: false.
2019-07-14 16:16:08,530 INFO  ipc.Server (Server.java:run(1074)) - Starting Socket Reader #1 for port 41713
2019-07-14 16:16:08,532 INFO  ipc.CallQueueManager (CallQueueManager.java:<init>(84)) - Using callQueue: class java.util.concurrent.LinkedBlockingQueue, queueCapacity: 2000, scheduler: class org.apache.hadoop.ipc.DefaultRpcScheduler, ipcBackoff: false.
2019-07-14 16:16:08,533 INFO  ipc.Server (Server.java:run(1074)) - Starting Socket Reader #1 for port 37814
2019-07-14 16:16:08,535 INFO  ipc.CallQueueManager (CallQueueManager.java:<init>(84)) - Using callQueue: class java.util.concurrent.LinkedBlockingQueue, queueCapacity: 2000, scheduler: class org.apache.hadoop.ipc.DefaultRpcScheduler, ipcBackoff: false.
2019-07-14 16:16:08,536 INFO  ipc.Server (Server.java:run(1074)) - Starting Socket Reader #1 for port 33456
2019-07-14 16:16:08,538 INFO  hdfs.DFSUtil (DFSUtil.java:httpServerTemplateForNNAndJN(1641)) - Starting Web-server for scm at: http://0.0.0.0:0
2019-07-14 16:16:08,542 INFO  server.AuthenticationFilter (AuthenticationFilter.java:constructSecretProvider(240)) - Unable to initialize FileSignerSecretProvider, falling back to use random secrets.
2019-07-14 16:16:08,543 WARN  http.HttpRequestLog (HttpRequestLog.java:getRequestLog(97)) - Jetty request log can only be enabled using Log4j
2019-07-14 16:16:08,545 INFO  http.HttpServer2 (HttpServer2.java:addGlobalFilter(975)) - Added global filter 'safety' (class=org.apache.hadoop.http.HttpServer2$QuotingInputFilter)
2019-07-14 16:16:08,546 INFO  http.HttpServer2 (HttpServer2.java:addFilter(948)) - Added filter static_user_filter (class=org.apache.hadoop.http.lib.StaticUserWebFilter$StaticUserFilter) to context scm
2019-07-14 16:16:08,547 INFO  http.HttpServer2 (HttpServer2.java:addFilter(958)) - Added filter static_user_filter (class=org.apache.hadoop.http.lib.StaticUserWebFilter$StaticUserFilter) to context logs
2019-07-14 16:16:08,547 INFO  http.HttpServer2 (HttpServer2.java:addFilter(958)) - Added filter static_user_filter (class=org.apache.hadoop.http.lib.StaticUserWebFilter$StaticUserFilter) to context static
2019-07-14 16:16:08,551 INFO  server.StorageContainerManager (StorageContainerManager.java:start(761)) - StorageContainerLocationProtocol RPC server is listening at /0.0.0.0:33456
2019-07-14 16:16:08,553 WARN  impl.MetricsConfig (MetricsConfig.java:loadFirst(134)) - Cannot locate configuration: tried hadoop-metrics2-storagecontainermanager.properties,hadoop-metrics2.properties
2019-07-14 16:16:08,555 INFO  impl.MetricsSystemImpl (MetricsSystemImpl.java:startTimer(374)) - Scheduled Metric snapshot period at 10 second(s).
2019-07-14 16:16:08,555 INFO  impl.MetricsSystemImpl (MetricsSystemImpl.java:start(191)) - StorageContainerManager metrics system started
2019-07-14 16:16:08,607 INFO  server.SCMClientProtocolServer (SCMClientProtocolServer.java:start(149)) - RPC server for Client  is listening at /0.0.0.0:33456
2019-07-14 16:16:08,608 INFO  ipc.Server (Server.java:run(1314)) - IPC Server Responder: starting
2019-07-14 16:16:08,608 INFO  ipc.Server (Server.java:run(1153)) - IPC Server listener on 33456: starting
2019-07-14 16:16:08,613 INFO  server.StorageContainerManager (StorageContainerManager.java:start(771)) - ScmBlockLocationProtocol RPC server is listening at /0.0.0.0:37814
2019-07-14 16:16:08,613 INFO  server.SCMBlockProtocolServer (SCMBlockProtocolServer.java:start(140)) - RPC server for Block Protocol is listening at /0.0.0.0:37814
2019-07-14 16:16:08,613 INFO  ipc.Server (Server.java:run(1314)) - IPC Server Responder: starting
2019-07-14 16:16:08,613 INFO  ipc.Server (Server.java:run(1153)) - IPC Server listener on 37814: starting
2019-07-14 16:16:08,618 INFO  server.StorageContainerManager (StorageContainerManager.java:start(775)) - ScmDatanodeProtocl RPC server is listening at /0.0.0.0:41713
2019-07-14 16:16:08,618 INFO  server.SCMDatanodeProtocolServer (SCMDatanodeProtocolServer.java:start(191)) - RPC server for DataNodes is listening at /0.0.0.0:41713
2019-07-14 16:16:08,618 INFO  ipc.Server (Server.java:run(1314)) - IPC Server Responder: starting
2019-07-14 16:16:08,619 INFO  ipc.Server (Server.java:run(1153)) - IPC Server listener on 41713: starting
2019-07-14 16:16:08,624 INFO  http.HttpServer2 (HttpServer2.java:bindListener(1191)) - Jetty bound to port 34874
2019-07-14 16:16:08,624 INFO  server.Server (Server.java:doStart(351)) - jetty-9.3.24.v20180605, build timestamp: 2018-06-05T17:11:56Z, git hash: 84205aa28f11a4f31f2a3b86d1bba2cc8ab69827
2019-07-14 16:16:08,627 INFO  handler.ContextHandler (ContextHandler.java:doStart(781)) - Started o.e.j.s.ServletContextHandler@790ac3e0{/logs,file:///workdir/hadoop-ozone/integration-test/target/log,AVAILABLE}
2019-07-14 16:16:08,627 INFO  handler.ContextHandler (ContextHandler.java:doStart(781)) - Started o.e.j.s.ServletContextHandler@2cee5365{/static,file:///workdir/hadoop-ozone/integration-test/target/test-classes/webapps/static,AVAILABLE}
2019-07-14 16:16:08,633 INFO  handler.ContextHandler (ContextHandler.java:doStart(781)) - Started o.e.j.w.WebAppContext@496cedbb{/,file:///workdir/hadoop-ozone/integration-test/target/test-classes/webapps/scm/,AVAILABLE}{/scm}
2019-07-14 16:16:08,633 INFO  server.AbstractConnector (AbstractConnector.java:doStart(278)) - Started ServerConnector@6b6def36{HTTP/1.1,[http/1.1]}{0.0.0.0:34874}
2019-07-14 16:16:08,634 INFO  server.Server (Server.java:doStart(419)) - Started @39429ms
2019-07-14 16:16:08,635 INFO  server.BaseHttpServer (BaseHttpServer.java:updateConnectorAddress(207)) - HTTP server of SCM is listening at http://0.0.0.0:34874
2019-07-14 16:16:08,636 WARN  server.ServerUtils (ServerUtils.java:getDBPath(222)) - ozone.om.db.dirs is not configured. We recommend adding this setting. Falling back to ozone.metadata.dirs instead.
2019-07-14 16:16:08,637 INFO  util.JvmPauseMonitor (JvmPauseMonitor.java:run(188)) - Starting JVM pause monitor
2019-07-14 16:16:08,651 WARN  server.ServerUtils (ServerUtils.java:getDBPath(222)) - ozone.om.db.dirs is not configured. We recommend adding this setting. Falling back to ozone.metadata.dirs instead.
2019-07-14 16:16:08,652 INFO  om.OzoneManager (OzoneManager.java:setOMNodeDetails(632)) - OM Service ID is not set. Setting it to the default ID: omServiceIdDefault
2019-07-14 16:16:08,652 INFO  om.OzoneManager (OzoneManager.java:setOMNodeDetails(638)) - OM Node ID is not set. Setting it to the OmStorage's OmID: f7f8923a-fb26-49a6-b128-59b56bb6b5c7
2019-07-14 16:16:08,653 INFO  om.OzoneManager (OzoneManager.java:loadOMHAConfigs(589)) - Found matching OM address with OMServiceId: null, OMNodeId: null, RPC Address: localhost:0 and Ratis port: 9872
2019-07-14 16:16:08,663 WARN  server.ServerUtils (ServerUtils.java:getDBPath(222)) - ozone.om.db.dirs is not configured. We recommend adding this setting. Falling back to ozone.metadata.dirs instead.
2019-07-14 16:16:08,664 INFO  db.DBStoreBuilder (DBStoreBuilder.java:addTable(110)) - using custom profile for table: userTable
2019-07-14 16:16:08,664 INFO  db.DBStoreBuilder (DBStoreBuilder.java:processTables(161)) - Using default column profile:DBProfile.DISK for Table:userTable
2019-07-14 16:16:08,664 INFO  db.DBStoreBuilder (DBStoreBuilder.java:addTable(110)) - using custom profile for table: volumeTable
2019-07-14 16:16:08,664 INFO  db.DBStoreBuilder (DBStoreBuilder.java:processTables(161)) - Using default column profile:DBProfile.DISK for Table:volumeTable
2019-07-14 16:16:08,665 INFO  db.DBStoreBuilder (DBStoreBuilder.java:addTable(110)) - using custom profile for table: bucketTable
2019-07-14 16:16:08,665 INFO  db.DBStoreBuilder (DBStoreBuilder.java:processTables(161)) - Using default column profile:DBProfile.DISK for Table:bucketTable
2019-07-14 16:16:08,665 INFO  db.DBStoreBuilder (DBStoreBuilder.java:addTable(110)) - using custom profile for table: keyTable
2019-07-14 16:16:08,665 INFO  db.DBStoreBuilder (DBStoreBuilder.java:processTables(161)) - Using default column profile:DBProfile.DISK for Table:keyTable
2019-07-14 16:16:08,666 INFO  db.DBStoreBuilder (DBStoreBuilder.java:addTable(110)) - using custom profile for table: deletedTable
2019-07-14 16:16:08,666 INFO  db.DBStoreBuilder (DBStoreBuilder.java:processTables(161)) - Using default column profile:DBProfile.DISK for Table:deletedTable
2019-07-14 16:16:08,666 INFO  db.DBStoreBuilder (DBStoreBuilder.java:addTable(110)) - using custom profile for table: openKeyTable
2019-07-14 16:16:08,666 INFO  db.DBStoreBuilder (DBStoreBuilder.java:processTables(161)) - Using default column profile:DBProfile.DISK for Table:openKeyTable
2019-07-14 16:16:08,667 INFO  db.DBStoreBuilder (DBStoreBuilder.java:addTable(110)) - using custom profile for table: s3Table
2019-07-14 16:16:08,667 INFO  db.DBStoreBuilder (DBStoreBuilder.java:processTables(161)) - Using default column profile:DBProfile.DISK for Table:s3Table
2019-07-14 16:16:08,667 INFO  db.DBStoreBuilder (DBStoreBuilder.java:addTable(110)) - using custom profile for table: multipartInfoTable
2019-07-14 16:16:08,667 INFO  db.DBStoreBuilder (DBStoreBuilder.java:processTables(161)) - Using default column profile:DBProfile.DISK for Table:multipartInfoTable
2019-07-14 16:16:08,668 INFO  db.DBStoreBuilder (DBStoreBuilder.java:addTable(110)) - using custom profile for table: dTokenTable
2019-07-14 16:16:08,668 INFO  db.DBStoreBuilder (DBStoreBuilder.java:processTables(161)) - Using default column profile:DBProfile.DISK for Table:dTokenTable
2019-07-14 16:16:08,668 INFO  db.DBStoreBuilder (DBStoreBuilder.java:addTable(110)) - using custom profile for table: s3SecretTable
2019-07-14 16:16:08,668 INFO  db.DBStoreBuilder (DBStoreBuilder.java:processTables(161)) - Using default column profile:DBProfile.DISK for Table:s3SecretTable
2019-07-14 16:16:08,669 INFO  db.DBStoreBuilder (DBStoreBuilder.java:addTable(110)) - using custom profile for table: prefixTable
2019-07-14 16:16:08,669 INFO  db.DBStoreBuilder (DBStoreBuilder.java:processTables(161)) - Using default column profile:DBProfile.DISK for Table:prefixTable
2019-07-14 16:16:08,669 INFO  db.DBStoreBuilder (DBStoreBuilder.java:addTable(110)) - using custom profile for table: default
2019-07-14 16:16:08,669 INFO  db.DBStoreBuilder (DBStoreBuilder.java:processTables(167)) - Using default column profile:DBProfile.DISK for Table:default
2019-07-14 16:16:08,670 INFO  db.DBStoreBuilder (DBStoreBuilder.java:getDbProfile(198)) - Using default options. DBProfile.DISK
2019-07-14 16:16:09,271 INFO  ipc.CallQueueManager (CallQueueManager.java:<init>(84)) - Using callQueue: class java.util.concurrent.LinkedBlockingQueue, queueCapacity: 2000, scheduler: class org.apache.hadoop.ipc.DefaultRpcScheduler, ipcBackoff: false.
2019-07-14 16:16:09,272 INFO  ipc.Server (Server.java:run(1074)) - Starting Socket Reader #1 for port 46125
2019-07-14 16:16:09,292 WARN  server.ServerUtils (ServerUtils.java:getDBPath(222)) - ozone.om.db.dirs is not configured. We recommend adding this setting. Falling back to ozone.metadata.dirs instead.
2019-07-14 16:16:09,292 INFO  om.OzoneManager (OzoneManager.java:start(1230)) - OzoneManager RPC server is listening at localhost/127.0.0.1:46125
2019-07-14 16:16:09,292 INFO  impl.MetricsSystemImpl (MetricsSystemImpl.java:init(158)) - OzoneManager metrics system started (again)
2019-07-14 16:16:09,295 INFO  ipc.Server (Server.java:run(1314)) - IPC Server Responder: starting
2019-07-14 16:16:09,295 INFO  ipc.Server (Server.java:run(1153)) - IPC Server listener on 46125: starting
2019-07-14 16:16:09,303 INFO  hdfs.DFSUtil (DFSUtil.java:httpServerTemplateForNNAndJN(1641)) - Starting Web-server for ozoneManager at: http://0.0.0.0:0
2019-07-14 16:16:09,305 INFO  server.AuthenticationFilter (AuthenticationFilter.java:constructSecretProvider(240)) - Unable to initialize FileSignerSecretProvider, falling back to use random secrets.
2019-07-14 16:16:09,305 WARN  http.HttpRequestLog (HttpRequestLog.java:getRequestLog(97)) - Jetty request log can only be enabled using Log4j
2019-07-14 16:16:09,308 INFO  http.HttpServer2 (HttpServer2.java:addGlobalFilter(975)) - Added global filter 'safety' (class=org.apache.hadoop.http.HttpServer2$QuotingInputFilter)
2019-07-14 16:16:09,308 INFO  http.HttpServer2 (HttpServer2.java:addFilter(948)) - Added filter static_user_filter (class=org.apache.hadoop.http.lib.StaticUserWebFilter$StaticUserFilter) to context ozoneManager
2019-07-14 16:16:09,309 INFO  http.HttpServer2 (HttpServer2.java:addFilter(958)) - Added filter static_user_filter (class=org.apache.hadoop.http.lib.StaticUserWebFilter$StaticUserFilter) to context static
2019-07-14 16:16:09,309 INFO  http.HttpServer2 (HttpServer2.java:addFilter(958)) - Added filter static_user_filter (class=org.apache.hadoop.http.lib.StaticUserWebFilter$StaticUserFilter) to context logs
2019-07-14 16:16:09,310 INFO  http.HttpServer2 (HttpServer2.java:bindListener(1191)) - Jetty bound to port 35480
2019-07-14 16:16:09,310 INFO  server.Server (Server.java:doStart(351)) - jetty-9.3.24.v20180605, build timestamp: 2018-06-05T17:11:56Z, git hash: 84205aa28f11a4f31f2a3b86d1bba2cc8ab69827
2019-07-14 16:16:09,312 INFO  handler.ContextHandler (ContextHandler.java:doStart(781)) - Started o.e.j.s.ServletContextHandler@57e4b86c{/logs,file:///workdir/hadoop-ozone/integration-test/target/log,AVAILABLE}
2019-07-14 16:16:09,313 INFO  handler.ContextHandler (ContextHandler.java:doStart(781)) - Started o.e.j.s.ServletContextHandler@64bba0eb{/static,file:///workdir/hadoop-ozone/integration-test/target/test-classes/webapps/static,AVAILABLE}
2019-07-14 16:16:09,318 INFO  handler.ContextHandler (ContextHandler.java:doStart(781)) - Started o.e.j.w.WebAppContext@54567b05{/,file:///workdir/hadoop-ozone/integration-test/target/test-classes/webapps/ozoneManager/,AVAILABLE}{/ozoneManager}
2019-07-14 16:16:09,320 INFO  server.AbstractConnector (AbstractConnector.java:doStart(278)) - Started ServerConnector@3a5e2525{HTTP/1.1,[http/1.1]}{0.0.0.0:35480}
2019-07-14 16:16:09,320 INFO  server.Server (Server.java:doStart(419)) - Started @40115ms
2019-07-14 16:16:09,321 INFO  server.BaseHttpServer (BaseHttpServer.java:updateConnectorAddress(207)) - HTTP server of OZONEMANAGER is listening at http://0.0.0.0:35480
2019-07-14 16:16:09,342 INFO  impl.MetricsSystemImpl (MetricsSystemImpl.java:init(158)) - HddsDatanode metrics system started (again)
2019-07-14 16:16:09,345 INFO  ozone.HddsDatanodeService (HddsDatanodeService.java:start(185)) - HddsDatanodeService host:pr-hdds-1710-5x6jb-1204890111 ip:192.168.69.77
2019-07-14 16:16:09,353 INFO  volume.HddsVolume (HddsVolume.java:<init>(176)) - Creating Volume: /workdir/hadoop-ozone/integration-test/target/test-dir/MiniOzoneClusterImpl-cdd58879-4209-485f-b550-735d0945b7ce/datanode-0/data/containers/hdds of  storage type : DISK and capacity : 52710309888
2019-07-14 16:16:09,354 INFO  volume.VolumeSet (VolumeSet.java:initializeVolumeSet(170)) - Added Volume : /workdir/hadoop-ozone/integration-test/target/test-dir/MiniOzoneClusterImpl-cdd58879-4209-485f-b550-735d0945b7ce/datanode-0/data/containers/hdds to VolumeSet
2019-07-14 16:16:09,354 INFO  volume.ThrottledAsyncChecker (ThrottledAsyncChecker.java:schedule(140)) - Scheduling a check for org.apache.hadoop.ozone.container.common.volume.HddsVolume@1f179f51
2019-07-14 16:16:09,355 INFO  volume.HddsVolumeChecker (HddsVolumeChecker.java:checkAllVolumes(203)) - Scheduled health check for volume org.apache.hadoop.ozone.container.common.volume.HddsVolume@1f179f51
2019-07-14 16:16:09,374 INFO  impl.RaftServerProxy (ConfUtils.java:logGet(43)) - raft.rpc.type = GRPC (default)
2019-07-14 16:16:09,374 INFO  grpc.GrpcFactory (GrpcFactory.java:checkPooledByteBufAllocatorUseCacheForAllThreads(45)) - PERFORMANCE WARNING: useCacheForAllThreads is true that may cause Netty to create a lot garbage objects and, as a result, trigger GC.
	It is recommended to disable useCacheForAllThreads by setting -Dorg.apache.ratis.thirdparty.io.netty.allocator.useCacheForAllThreads=false in command line.
2019-07-14 16:16:09,375 INFO  grpc.GrpcConfigKeys$Server (ConfUtils.java:logGet(43)) - raft.grpc.server.port = 0 (default)
2019-07-14 16:16:09,375 INFO  server.GrpcService (ConfUtils.java:logGet(43)) - raft.grpc.message.size.max = 33570816 (custom)
2019-07-14 16:16:09,375 INFO  server.RaftServerConfigKeys (ConfUtils.java:logGet(43)) - raft.server.log.appender.buffer.byte-limit = 33554432 (custom)
2019-07-14 16:16:09,375 INFO  server.GrpcService (ConfUtils.java:logGet(43)) - raft.grpc.flow.control.window = 1MB (=1048576) (default)
2019-07-14 16:16:09,376 INFO  server.RaftServerConfigKeys (ConfUtils.java:logGet(43)) - raft.server.rpc.request.timeout = 3000ms (default)
2019-07-14 16:16:09,377 INFO  server.RaftServerConfigKeys (ConfUtils.java:logGet(43)) - raft.server.storage.dir = [/workdir/hadoop-ozone/integration-test/target/test-dir/MiniOzoneClusterImpl-cdd58879-4209-485f-b550-735d0945b7ce/datanode-0/data/ratis] (custom)
2019-07-14 16:16:09,378 INFO  replication.SimpleContainerDownloader (SimpleContainerDownloader.java:<init>(72)) - Starting container downloader service to copy containers to replicate.
2019-07-14 16:16:09,379 INFO  hdfs.DFSUtil (DFSUtil.java:httpServerTemplateForNNAndJN(1641)) - Starting Web-server for hddsDatanode at: http://0.0.0.0:0
2019-07-14 16:16:09,380 INFO  server.AuthenticationFilter (AuthenticationFilter.java:constructSecretProvider(240)) - Unable to initialize FileSignerSecretProvider, falling back to use random secrets.
2019-07-14 16:16:09,381 WARN  http.HttpRequestLog (HttpRequestLog.java:getRequestLog(97)) - Jetty request log can only be enabled using Log4j
2019-07-14 16:16:09,383 INFO  http.HttpServer2 (HttpServer2.java:addGlobalFilter(975)) - Added global filter 'safety' (class=org.apache.hadoop.http.HttpServer2$QuotingInputFilter)
2019-07-14 16:16:09,383 INFO  http.HttpServer2 (HttpServer2.java:addFilter(948)) - Added filter static_user_filter (class=org.apache.hadoop.http.lib.StaticUserWebFilter$StaticUserFilter) to context hddsDatanode
2019-07-14 16:16:09,384 INFO  http.HttpServer2 (HttpServer2.java:addFilter(958)) - Added filter static_user_filter (class=org.apache.hadoop.http.lib.StaticUserWebFilter$StaticUserFilter) to context logs
2019-07-14 16:16:09,384 INFO  http.HttpServer2 (HttpServer2.java:addFilter(958)) - Added filter static_user_filter (class=org.apache.hadoop.http.lib.StaticUserWebFilter$StaticUserFilter) to context static
2019-07-14 16:16:09,385 INFO  http.HttpServer2 (HttpServer2.java:bindListener(1191)) - Jetty bound to port 34286
2019-07-14 16:16:09,385 INFO  server.Server (Server.java:doStart(351)) - jetty-9.3.24.v20180605, build timestamp: 2018-06-05T17:11:56Z, git hash: 84205aa28f11a4f31f2a3b86d1bba2cc8ab69827
2019-07-14 16:16:09,387 INFO  handler.ContextHandler (ContextHandler.java:doStart(781)) - Started o.e.j.s.ServletContextHandler@22b7ef2b{/logs,file:///workdir/hadoop-ozone/integration-test/target/log,AVAILABLE}
2019-07-14 16:16:09,388 INFO  handler.ContextHandler (ContextHandler.java:doStart(781)) - Started o.e.j.s.ServletContextHandler@3c17bd0b{/static,jar:file:/home/user/.m2/repository/org/apache/hadoop/hadoop-hdds-container-service/0.5.0-SNAPSHOT/hadoop-hdds-container-service-0.5.0-SNAPSHOT.jar!/webapps/static,AVAILABLE}
2019-07-14 16:16:09,423 INFO  handler.ContextHandler (ContextHandler.java:doStart(781)) - Started o.e.j.w.WebAppContext@2c8a445b{/,file:///tmp/jetty-0.0.0.0-34286-hddsDatanode-_-any-3928423913558771587.dir/webapp/,AVAILABLE}{/hddsDatanode}
2019-07-14 16:16:09,423 INFO  server.AbstractConnector (AbstractConnector.java:doStart(278)) - Started ServerConnector@356b6b5d{HTTP/1.1,[http/1.1]}{0.0.0.0:34286}
2019-07-14 16:16:09,424 INFO  server.Server (Server.java:doStart(419)) - Started @40219ms
2019-07-14 16:16:09,425 INFO  server.BaseHttpServer (BaseHttpServer.java:updateConnectorAddress(207)) - HTTP server of HDDSDATANODE is listening at http://0.0.0.0:34286
2019-07-14 16:16:09,556 INFO  ozone.HddsDatanodeService (HddsDatanodeService.java:startPlugins(396)) - Started plug-in org.apache.hadoop.ozone.web.OzoneHddsDatanodeService@5a899811
2019-07-14 16:16:09,556 INFO  impl.MetricsSystemImpl (MetricsSystemImpl.java:init(158)) - HddsDatanode metrics system started (again)
2019-07-14 16:16:09,560 INFO  ozone.HddsDatanodeService (HddsDatanodeService.java:start(185)) - HddsDatanodeService host:pr-hdds-1710-5x6jb-1204890111 ip:192.168.69.77
2019-07-14 16:16:09,560 INFO  util.JvmPauseMonitor (JvmPauseMonitor.java:run(188)) - Starting JVM pause monitor
2019-07-14 16:16:09,564 INFO  datanode.InitDatanodeState (InitDatanodeState.java:persistContainerDatanodeDetails(140)) - DatanodeDetails is persisted to /workdir/hadoop-ozone/integration-test/target/test-dir/MiniOzoneClusterImpl-cdd58879-4209-485f-b550-735d0945b7ce/datanode-0/meta/datanode.id
2019-07-14 16:16:09,568 INFO  volume.HddsVolume (HddsVolume.java:<init>(176)) - Creating Volume: /workdir/hadoop-ozone/integration-test/target/test-dir/MiniOzoneClusterImpl-cdd58879-4209-485f-b550-735d0945b7ce/datanode-1/data/containers/hdds of  storage type : DISK and capacity : 52710309888
2019-07-14 16:16:09,568 INFO  volume.VolumeSet (VolumeSet.java:initializeVolumeSet(170)) - Added Volume : /workdir/hadoop-ozone/integration-test/target/test-dir/MiniOzoneClusterImpl-cdd58879-4209-485f-b550-735d0945b7ce/datanode-1/data/containers/hdds to VolumeSet
2019-07-14 16:16:09,568 INFO  volume.ThrottledAsyncChecker (ThrottledAsyncChecker.java:schedule(140)) - Scheduling a check for org.apache.hadoop.ozone.container.common.volume.HddsVolume@e162a35
2019-07-14 16:16:09,569 INFO  volume.HddsVolumeChecker (HddsVolumeChecker.java:checkAllVolumes(203)) - Scheduled health check for volume org.apache.hadoop.ozone.container.common.volume.HddsVolume@e162a35
2019-07-14 16:16:09,582 INFO  impl.RaftServerProxy (ConfUtils.java:logGet(43)) - raft.rpc.type = GRPC (default)
2019-07-14 16:16:09,582 INFO  grpc.GrpcFactory (GrpcFactory.java:checkPooledByteBufAllocatorUseCacheForAllThreads(45)) - PERFORMANCE WARNING: useCacheForAllThreads is true that may cause Netty to create a lot garbage objects and, as a result, trigger GC.
	It is recommended to disable useCacheForAllThreads by setting -Dorg.apache.ratis.thirdparty.io.netty.allocator.useCacheForAllThreads=false in command line.
2019-07-14 16:16:09,582 INFO  grpc.GrpcConfigKeys$Server (ConfUtils.java:logGet(43)) - raft.grpc.server.port = 0 (default)
2019-07-14 16:16:09,582 INFO  server.GrpcService (ConfUtils.java:logGet(43)) - raft.grpc.message.size.max = 33570816 (custom)
2019-07-14 16:16:09,583 INFO  server.RaftServerConfigKeys (ConfUtils.java:logGet(43)) - raft.server.log.appender.buffer.byte-limit = 33554432 (custom)
2019-07-14 16:16:09,583 INFO  server.GrpcService (ConfUtils.java:logGet(43)) - raft.grpc.flow.control.window = 1MB (=1048576) (default)
2019-07-14 16:16:09,583 INFO  server.RaftServerConfigKeys (ConfUtils.java:logGet(43)) - raft.server.rpc.request.timeout = 3000ms (default)
2019-07-14 16:16:09,584 INFO  server.RaftServerConfigKeys (ConfUtils.java:logGet(43)) - raft.server.storage.dir = [/workdir/hadoop-ozone/integration-test/target/test-dir/MiniOzoneClusterImpl-cdd58879-4209-485f-b550-735d0945b7ce/datanode-1/data/ratis] (custom)
2019-07-14 16:16:09,584 INFO  replication.SimpleContainerDownloader (SimpleContainerDownloader.java:<init>(72)) - Starting container downloader service to copy containers to replicate.
2019-07-14 16:16:09,585 INFO  hdfs.DFSUtil (DFSUtil.java:httpServerTemplateForNNAndJN(1641)) - Starting Web-server for hddsDatanode at: http://0.0.0.0:0
2019-07-14 16:16:09,587 INFO  server.AuthenticationFilter (AuthenticationFilter.java:constructSecretProvider(240)) - Unable to initialize FileSignerSecretProvider, falling back to use random secrets.
2019-07-14 16:16:09,587 WARN  http.HttpRequestLog (HttpRequestLog.java:getRequestLog(97)) - Jetty request log can only be enabled using Log4j
2019-07-14 16:16:09,588 INFO  http.HttpServer2 (HttpServer2.java:addGlobalFilter(975)) - Added global filter 'safety' (class=org.apache.hadoop.http.HttpServer2$QuotingInputFilter)
2019-07-14 16:16:09,589 INFO  http.HttpServer2 (HttpServer2.java:addFilter(948)) - Added filter static_user_filter (class=org.apache.hadoop.http.lib.StaticUserWebFilter$StaticUserFilter) to context hddsDatanode
2019-07-14 16:16:09,589 INFO  http.HttpServer2 (HttpServer2.java:addFilter(958)) - Added filter static_user_filter (class=org.apache.hadoop.http.lib.StaticUserWebFilter$StaticUserFilter) to context logs
2019-07-14 16:16:09,589 INFO  http.HttpServer2 (HttpServer2.java:addFilter(958)) - Added filter static_user_filter (class=org.apache.hadoop.http.lib.StaticUserWebFilter$StaticUserFilter) to context static
2019-07-14 16:16:09,590 INFO  http.HttpServer2 (HttpServer2.java:bindListener(1191)) - Jetty bound to port 34089
2019-07-14 16:16:09,590 INFO  server.Server (Server.java:doStart(351)) - jetty-9.3.24.v20180605, build timestamp: 2018-06-05T17:11:56Z, git hash: 84205aa28f11a4f31f2a3b86d1bba2cc8ab69827
2019-07-14 16:16:09,592 INFO  handler.ContextHandler (ContextHandler.java:doStart(781)) - Started o.e.j.s.ServletContextHandler@7db791df{/logs,file:///workdir/hadoop-ozone/integration-test/target/log,AVAILABLE}
2019-07-14 16:16:09,592 INFO  handler.ContextHandler (ContextHandler.java:doStart(781)) - Started o.e.j.s.ServletContextHandler@1b1e1f02{/static,jar:file:/home/user/.m2/repository/org/apache/hadoop/hadoop-hdds-container-service/0.5.0-SNAPSHOT/hadoop-hdds-container-service-0.5.0-SNAPSHOT.jar!/webapps/static,AVAILABLE}
2019-07-14 16:16:09,619 INFO  handler.ContextHandler (ContextHandler.java:doStart(781)) - Started o.e.j.w.WebAppContext@6cd45b6c{/,file:///tmp/jetty-0.0.0.0-34089-hddsDatanode-_-any-5816627469200139647.dir/webapp/,AVAILABLE}{/hddsDatanode}
2019-07-14 16:16:09,619 INFO  server.AbstractConnector (AbstractConnector.java:doStart(278)) - Started ServerConnector@3a5b7d7e{HTTP/1.1,[http/1.1]}{0.0.0.0:34089}
2019-07-14 16:16:09,620 INFO  server.Server (Server.java:doStart(419)) - Started @40415ms
2019-07-14 16:16:09,621 INFO  server.BaseHttpServer (BaseHttpServer.java:updateConnectorAddress(207)) - HTTP server of HDDSDATANODE is listening at http://0.0.0.0:34089
2019-07-14 16:16:09,734 INFO  ozone.HddsDatanodeService (HddsDatanodeService.java:startPlugins(396)) - Started plug-in org.apache.hadoop.ozone.web.OzoneHddsDatanodeService@1d7c9811
2019-07-14 16:16:09,735 INFO  impl.MetricsSystemImpl (MetricsSystemImpl.java:init(158)) - HddsDatanode metrics system started (again)
2019-07-14 16:16:09,739 INFO  ozone.HddsDatanodeService (HddsDatanodeService.java:start(185)) - HddsDatanodeService host:pr-hdds-1710-5x6jb-1204890111 ip:192.168.69.77
2019-07-14 16:16:09,739 INFO  util.JvmPauseMonitor (JvmPauseMonitor.java:run(188)) - Starting JVM pause monitor
2019-07-14 16:16:09,741 INFO  datanode.InitDatanodeState (InitDatanodeState.java:persistContainerDatanodeDetails(140)) - DatanodeDetails is persisted to /workdir/hadoop-ozone/integration-test/target/test-dir/MiniOzoneClusterImpl-cdd58879-4209-485f-b550-735d0945b7ce/datanode-1/meta/datanode.id
2019-07-14 16:16:09,746 INFO  volume.HddsVolume (HddsVolume.java:<init>(176)) - Creating Volume: /workdir/hadoop-ozone/integration-test/target/test-dir/MiniOzoneClusterImpl-cdd58879-4209-485f-b550-735d0945b7ce/datanode-2/data/containers/hdds of  storage type : DISK and capacity : 52710309888
2019-07-14 16:16:09,746 INFO  volume.VolumeSet (VolumeSet.java:initializeVolumeSet(170)) - Added Volume : /workdir/hadoop-ozone/integration-test/target/test-dir/MiniOzoneClusterImpl-cdd58879-4209-485f-b550-735d0945b7ce/datanode-2/data/containers/hdds to VolumeSet
2019-07-14 16:16:09,747 INFO  volume.ThrottledAsyncChecker (ThrottledAsyncChecker.java:schedule(140)) - Scheduling a check for org.apache.hadoop.ozone.container.common.volume.HddsVolume@455cbf18
2019-07-14 16:16:09,747 INFO  volume.HddsVolumeChecker (HddsVolumeChecker.java:checkAllVolumes(203)) - Scheduled health check for volume org.apache.hadoop.ozone.container.common.volume.HddsVolume@455cbf18
2019-07-14 16:16:09,762 INFO  impl.RaftServerProxy (ConfUtils.java:logGet(43)) - raft.rpc.type = GRPC (default)
2019-07-14 16:16:09,762 INFO  grpc.GrpcFactory (GrpcFactory.java:checkPooledByteBufAllocatorUseCacheForAllThreads(45)) - PERFORMANCE WARNING: useCacheForAllThreads is true that may cause Netty to create a lot garbage objects and, as a result, trigger GC.
	It is recommended to disable useCacheForAllThreads by setting -Dorg.apache.ratis.thirdparty.io.netty.allocator.useCacheForAllThreads=false in command line.
2019-07-14 16:16:09,762 INFO  grpc.GrpcConfigKeys$Server (ConfUtils.java:logGet(43)) - raft.grpc.server.port = 0 (default)
2019-07-14 16:16:09,762 INFO  server.GrpcService (ConfUtils.java:logGet(43)) - raft.grpc.message.size.max = 33570816 (custom)
2019-07-14 16:16:09,762 INFO  server.RaftServerConfigKeys (ConfUtils.java:logGet(43)) - raft.server.log.appender.buffer.byte-limit = 33554432 (custom)
2019-07-14 16:16:09,763 INFO  server.GrpcService (ConfUtils.java:logGet(43)) - raft.grpc.flow.control.window = 1MB (=1048576) (default)
2019-07-14 16:16:09,763 INFO  server.RaftServerConfigKeys (ConfUtils.java:logGet(43)) - raft.server.rpc.request.timeout = 3000ms (default)
2019-07-14 16:16:09,763 INFO  server.RaftServerConfigKeys (ConfUtils.java:logGet(43)) - raft.server.storage.dir = [/workdir/hadoop-ozone/integration-test/target/test-dir/MiniOzoneClusterImpl-cdd58879-4209-485f-b550-735d0945b7ce/datanode-2/data/ratis] (custom)
2019-07-14 16:16:09,764 INFO  replication.SimpleContainerDownloader (SimpleContainerDownloader.java:<init>(72)) - Starting container downloader service to copy containers to replicate.
2019-07-14 16:16:09,765 INFO  hdfs.DFSUtil (DFSUtil.java:httpServerTemplateForNNAndJN(1641)) - Starting Web-server for hddsDatanode at: http://0.0.0.0:0
2019-07-14 16:16:09,766 INFO  server.AuthenticationFilter (AuthenticationFilter.java:constructSecretProvider(240)) - Unable to initialize FileSignerSecretProvider, falling back to use random secrets.
2019-07-14 16:16:09,766 WARN  http.HttpRequestLog (HttpRequestLog.java:getRequestLog(97)) - Jetty request log can only be enabled using Log4j
2019-07-14 16:16:09,767 INFO  http.HttpServer2 (HttpServer2.java:addGlobalFilter(975)) - Added global filter 'safety' (class=org.apache.hadoop.http.HttpServer2$QuotingInputFilter)
2019-07-14 16:16:09,768 INFO  http.HttpServer2 (HttpServer2.java:addFilter(948)) - Added filter static_user_filter (class=org.apache.hadoop.http.lib.StaticUserWebFilter$StaticUserFilter) to context hddsDatanode
2019-07-14 16:16:09,768 INFO  http.HttpServer2 (HttpServer2.java:addFilter(958)) - Added filter static_user_filter (class=org.apache.hadoop.http.lib.StaticUserWebFilter$StaticUserFilter) to context static
2019-07-14 16:16:09,768 INFO  http.HttpServer2 (HttpServer2.java:addFilter(958)) - Added filter static_user_filter (class=org.apache.hadoop.http.lib.StaticUserWebFilter$StaticUserFilter) to context logs
2019-07-14 16:16:09,769 INFO  http.HttpServer2 (HttpServer2.java:bindListener(1191)) - Jetty bound to port 40117
2019-07-14 16:16:09,769 INFO  server.Server (Server.java:doStart(351)) - jetty-9.3.24.v20180605, build timestamp: 2018-06-05T17:11:56Z, git hash: 84205aa28f11a4f31f2a3b86d1bba2cc8ab69827
2019-07-14 16:16:09,771 INFO  handler.ContextHandler (ContextHandler.java:doStart(781)) - Started o.e.j.s.ServletContextHandler@63c99f7{/logs,file:///workdir/hadoop-ozone/integration-test/target/log,AVAILABLE}
2019-07-14 16:16:09,771 INFO  handler.ContextHandler (ContextHandler.java:doStart(781)) - Started o.e.j.s.ServletContextHandler@601f264d{/static,jar:file:/home/user/.m2/repository/org/apache/hadoop/hadoop-hdds-container-service/0.5.0-SNAPSHOT/hadoop-hdds-container-service-0.5.0-SNAPSHOT.jar!/webapps/static,AVAILABLE}
2019-07-14 16:16:09,798 INFO  handler.ContextHandler (ContextHandler.java:doStart(781)) - Started o.e.j.w.WebAppContext@485451d8{/,file:///tmp/jetty-0.0.0.0-40117-hddsDatanode-_-any-8718432280241836443.dir/webapp/,AVAILABLE}{/hddsDatanode}
2019-07-14 16:16:09,798 INFO  server.AbstractConnector (AbstractConnector.java:doStart(278)) - Started ServerConnector@35e07e19{HTTP/1.1,[http/1.1]}{0.0.0.0:40117}
2019-07-14 16:16:09,800 INFO  server.Server (Server.java:doStart(419)) - Started @40594ms
2019-07-14 16:16:09,800 INFO  server.BaseHttpServer (BaseHttpServer.java:updateConnectorAddress(207)) - HTTP server of HDDSDATANODE is listening at http://0.0.0.0:40117
2019-07-14 16:16:10,038 INFO  ozone.HddsDatanodeService (HddsDatanodeService.java:startPlugins(396)) - Started plug-in org.apache.hadoop.ozone.web.OzoneHddsDatanodeService@41be8db9
2019-07-14 16:16:10,038 INFO  impl.MetricsSystemImpl (MetricsSystemImpl.java:init(158)) - HddsDatanode metrics system started (again)
2019-07-14 16:16:10,043 INFO  ozone.HddsDatanodeService (HddsDatanodeService.java:start(185)) - HddsDatanodeService host:pr-hdds-1710-5x6jb-1204890111 ip:192.168.69.77
2019-07-14 16:16:10,043 INFO  util.JvmPauseMonitor (JvmPauseMonitor.java:run(188)) - Starting JVM pause monitor
2019-07-14 16:16:10,045 INFO  datanode.InitDatanodeState (InitDatanodeState.java:persistContainerDatanodeDetails(140)) - DatanodeDetails is persisted to /workdir/hadoop-ozone/integration-test/target/test-dir/MiniOzoneClusterImpl-cdd58879-4209-485f-b550-735d0945b7ce/datanode-2/meta/datanode.id
2019-07-14 16:16:10,051 INFO  volume.HddsVolume (HddsVolume.java:<init>(176)) - Creating Volume: /workdir/hadoop-ozone/integration-test/target/test-dir/MiniOzoneClusterImpl-cdd58879-4209-485f-b550-735d0945b7ce/datanode-3/data/containers/hdds of  storage type : DISK and capacity : 52710309888
2019-07-14 16:16:10,051 INFO  volume.VolumeSet (VolumeSet.java:initializeVolumeSet(170)) - Added Volume : /workdir/hadoop-ozone/integration-test/target/test-dir/MiniOzoneClusterImpl-cdd58879-4209-485f-b550-735d0945b7ce/datanode-3/data/containers/hdds to VolumeSet
2019-07-14 16:16:10,051 INFO  volume.ThrottledAsyncChecker (ThrottledAsyncChecker.java:schedule(140)) - Scheduling a check for org.apache.hadoop.ozone.container.common.volume.HddsVolume@15f519f7
2019-07-14 16:16:10,052 INFO  volume.HddsVolumeChecker (HddsVolumeChecker.java:checkAllVolumes(203)) - Scheduled health check for volume org.apache.hadoop.ozone.container.common.volume.HddsVolume@15f519f7
2019-07-14 16:16:10,067 INFO  impl.RaftServerProxy (ConfUtils.java:logGet(43)) - raft.rpc.type = GRPC (default)
2019-07-14 16:16:10,067 INFO  grpc.GrpcFactory (GrpcFactory.java:checkPooledByteBufAllocatorUseCacheForAllThreads(45)) - PERFORMANCE WARNING: useCacheForAllThreads is true that may cause Netty to create a lot garbage objects and, as a result, trigger GC.
	It is recommended to disable useCacheForAllThreads by setting -Dorg.apache.ratis.thirdparty.io.netty.allocator.useCacheForAllThreads=false in command line.
2019-07-14 16:16:10,068 INFO  grpc.GrpcConfigKeys$Server (ConfUtils.java:logGet(43)) - raft.grpc.server.port = 0 (default)
2019-07-14 16:16:10,068 INFO  server.GrpcService (ConfUtils.java:logGet(43)) - raft.grpc.message.size.max = 33570816 (custom)
2019-07-14 16:16:10,068 INFO  server.RaftServerConfigKeys (ConfUtils.java:logGet(43)) - raft.server.log.appender.buffer.byte-limit = 33554432 (custom)
2019-07-14 16:16:10,068 INFO  server.GrpcService (ConfUtils.java:logGet(43)) - raft.grpc.flow.control.window = 1MB (=1048576) (default)
2019-07-14 16:16:10,069 INFO  server.RaftServerConfigKeys (ConfUtils.java:logGet(43)) - raft.server.rpc.request.timeout = 3000ms (default)
2019-07-14 16:16:10,069 INFO  server.RaftServerConfigKeys (ConfUtils.java:logGet(43)) - raft.server.storage.dir = [/workdir/hadoop-ozone/integration-test/target/test-dir/MiniOzoneClusterImpl-cdd58879-4209-485f-b550-735d0945b7ce/datanode-3/data/ratis] (custom)
2019-07-14 16:16:10,069 INFO  replication.SimpleContainerDownloader (SimpleContainerDownloader.java:<init>(72)) - Starting container downloader service to copy containers to replicate.
2019-07-14 16:16:10,071 INFO  hdfs.DFSUtil (DFSUtil.java:httpServerTemplateForNNAndJN(1641)) - Starting Web-server for hddsDatanode at: http://0.0.0.0:0
2019-07-14 16:16:10,073 INFO  server.AuthenticationFilter (AuthenticationFilter.java:constructSecretProvider(240)) - Unable to initialize FileSignerSecretProvider, falling back to use random secrets.
2019-07-14 16:16:10,074 WARN  http.HttpRequestLog (HttpRequestLog.java:getRequestLog(97)) - Jetty request log can only be enabled using Log4j
2019-07-14 16:16:10,076 INFO  http.HttpServer2 (HttpServer2.java:addGlobalFilter(975)) - Added global filter 'safety' (class=org.apache.hadoop.http.HttpServer2$QuotingInputFilter)
2019-07-14 16:16:10,077 INFO  http.HttpServer2 (HttpServer2.java:addFilter(948)) - Added filter static_user_filter (class=org.apache.hadoop.http.lib.StaticUserWebFilter$StaticUserFilter) to context hddsDatanode
2019-07-14 16:16:10,077 INFO  http.HttpServer2 (HttpServer2.java:addFilter(958)) - Added filter static_user_filter (class=org.apache.hadoop.http.lib.StaticUserWebFilter$StaticUserFilter) to context logs
2019-07-14 16:16:10,077 INFO  http.HttpServer2 (HttpServer2.java:addFilter(958)) - Added filter static_user_filter (class=org.apache.hadoop.http.lib.StaticUserWebFilter$StaticUserFilter) to context static
2019-07-14 16:16:10,078 INFO  http.HttpServer2 (HttpServer2.java:bindListener(1191)) - Jetty bound to port 41034
2019-07-14 16:16:10,079 INFO  server.Server (Server.java:doStart(351)) - jetty-9.3.24.v20180605, build timestamp: 2018-06-05T17:11:56Z, git hash: 84205aa28f11a4f31f2a3b86d1bba2cc8ab69827
2019-07-14 16:16:10,081 INFO  handler.ContextHandler (ContextHandler.java:doStart(781)) - Started o.e.j.s.ServletContextHandler@a0d875d{/logs,file:///workdir/hadoop-ozone/integration-test/target/log,AVAILABLE}
2019-07-14 16:16:10,082 INFO  handler.ContextHandler (ContextHandler.java:doStart(781)) - Started o.e.j.s.ServletContextHandler@50b4364{/static,jar:file:/home/user/.m2/repository/org/apache/hadoop/hadoop-hdds-container-service/0.5.0-SNAPSHOT/hadoop-hdds-container-service-0.5.0-SNAPSHOT.jar!/webapps/static,AVAILABLE}
2019-07-14 16:16:10,124 INFO  handler.ContextHandler (ContextHandler.java:doStart(781)) - Started o.e.j.w.WebAppContext@79b7c350{/,file:///tmp/jetty-0.0.0.0-41034-hddsDatanode-_-any-804640501793274903.dir/webapp/,AVAILABLE}{/hddsDatanode}
2019-07-14 16:16:10,124 INFO  server.AbstractConnector (AbstractConnector.java:doStart(278)) - Started ServerConnector@586737ff{HTTP/1.1,[http/1.1]}{0.0.0.0:41034}
2019-07-14 16:16:10,125 INFO  server.Server (Server.java:doStart(419)) - Started @40920ms
2019-07-14 16:16:10,126 INFO  server.BaseHttpServer (BaseHttpServer.java:updateConnectorAddress(207)) - HTTP server of HDDSDATANODE is listening at http://0.0.0.0:41034
2019-07-14 16:16:10,247 INFO  ozone.HddsDatanodeService (HddsDatanodeService.java:startPlugins(396)) - Started plug-in org.apache.hadoop.ozone.web.OzoneHddsDatanodeService@6f68756d
2019-07-14 16:16:10,248 INFO  impl.MetricsSystemImpl (MetricsSystemImpl.java:init(158)) - HddsDatanode metrics system started (again)
2019-07-14 16:16:10,253 INFO  util.JvmPauseMonitor (JvmPauseMonitor.java:run(188)) - Starting JVM pause monitor
2019-07-14 16:16:10,254 INFO  ozone.HddsDatanodeService (HddsDatanodeService.java:start(185)) - HddsDatanodeService host:pr-hdds-1710-5x6jb-1204890111 ip:192.168.69.77
2019-07-14 16:16:10,256 INFO  datanode.InitDatanodeState (InitDatanodeState.java:persistContainerDatanodeDetails(140)) - DatanodeDetails is persisted to /workdir/hadoop-ozone/integration-test/target/test-dir/MiniOzoneClusterImpl-cdd58879-4209-485f-b550-735d0945b7ce/datanode-3/meta/datanode.id
2019-07-14 16:16:10,262 INFO  volume.HddsVolume (HddsVolume.java:<init>(176)) - Creating Volume: /workdir/hadoop-ozone/integration-test/target/test-dir/MiniOzoneClusterImpl-cdd58879-4209-485f-b550-735d0945b7ce/datanode-4/data/containers/hdds of  storage type : DISK and capacity : 52710309888
2019-07-14 16:16:10,262 INFO  volume.VolumeSet (VolumeSet.java:initializeVolumeSet(170)) - Added Volume : /workdir/hadoop-ozone/integration-test/target/test-dir/MiniOzoneClusterImpl-cdd58879-4209-485f-b550-735d0945b7ce/datanode-4/data/containers/hdds to VolumeSet
2019-07-14 16:16:10,262 INFO  volume.ThrottledAsyncChecker (ThrottledAsyncChecker.java:schedule(140)) - Scheduling a check for org.apache.hadoop.ozone.container.common.volume.HddsVolume@32b95de
2019-07-14 16:16:10,263 INFO  volume.HddsVolumeChecker (HddsVolumeChecker.java:checkAllVolumes(203)) - Scheduled health check for volume org.apache.hadoop.ozone.container.common.volume.HddsVolume@32b95de
2019-07-14 16:16:10,277 INFO  impl.RaftServerProxy (ConfUtils.java:logGet(43)) - raft.rpc.type = GRPC (default)
2019-07-14 16:16:10,277 INFO  grpc.GrpcFactory (GrpcFactory.java:checkPooledByteBufAllocatorUseCacheForAllThreads(45)) - PERFORMANCE WARNING: useCacheForAllThreads is true that may cause Netty to create a lot garbage objects and, as a result, trigger GC.
	It is recommended to disable useCacheForAllThreads by setting -Dorg.apache.ratis.thirdparty.io.netty.allocator.useCacheForAllThreads=false in command line.
2019-07-14 16:16:10,278 INFO  grpc.GrpcConfigKeys$Server (ConfUtils.java:logGet(43)) - raft.grpc.server.port = 0 (default)
2019-07-14 16:16:10,278 INFO  server.GrpcService (ConfUtils.java:logGet(43)) - raft.grpc.message.size.max = 33570816 (custom)
2019-07-14 16:16:10,278 INFO  server.RaftServerConfigKeys (ConfUtils.java:logGet(43)) - raft.server.log.appender.buffer.byte-limit = 33554432 (custom)
2019-07-14 16:16:10,278 INFO  server.GrpcService (ConfUtils.java:logGet(43)) - raft.grpc.flow.control.window = 1MB (=1048576) (default)
2019-07-14 16:16:10,278 INFO  server.RaftServerConfigKeys (ConfUtils.java:logGet(43)) - raft.server.rpc.request.timeout = 3000ms (default)
2019-07-14 16:16:10,279 INFO  server.RaftServerConfigKeys (ConfUtils.java:logGet(43)) - raft.server.storage.dir = [/workdir/hadoop-ozone/integration-test/target/test-dir/MiniOzoneClusterImpl-cdd58879-4209-485f-b550-735d0945b7ce/datanode-4/data/ratis] (custom)
2019-07-14 16:16:10,279 INFO  replication.SimpleContainerDownloader (SimpleContainerDownloader.java:<init>(72)) - Starting container downloader service to copy containers to replicate.
2019-07-14 16:16:10,280 INFO  hdfs.DFSUtil (DFSUtil.java:httpServerTemplateForNNAndJN(1641)) - Starting Web-server for hddsDatanode at: http://0.0.0.0:0
2019-07-14 16:16:10,282 INFO  server.AuthenticationFilter (AuthenticationFilter.java:constructSecretProvider(240)) - Unable to initialize FileSignerSecretProvider, falling back to use random secrets.
2019-07-14 16:16:10,282 WARN  http.HttpRequestLog (HttpRequestLog.java:getRequestLog(97)) - Jetty request log can only be enabled using Log4j
2019-07-14 16:16:10,284 INFO  http.HttpServer2 (HttpServer2.java:addGlobalFilter(975)) - Added global filter 'safety' (class=org.apache.hadoop.http.HttpServer2$QuotingInputFilter)
2019-07-14 16:16:10,284 INFO  http.HttpServer2 (HttpServer2.java:addFilter(948)) - Added filter static_user_filter (class=org.apache.hadoop.http.lib.StaticUserWebFilter$StaticUserFilter) to context hddsDatanode
2019-07-14 16:16:10,284 INFO  http.HttpServer2 (HttpServer2.java:addFilter(958)) - Added filter static_user_filter (class=org.apache.hadoop.http.lib.StaticUserWebFilter$StaticUserFilter) to context logs
2019-07-14 16:16:10,284 INFO  http.HttpServer2 (HttpServer2.java:addFilter(958)) - Added filter static_user_filter (class=org.apache.hadoop.http.lib.StaticUserWebFilter$StaticUserFilter) to context static
2019-07-14 16:16:10,285 INFO  http.HttpServer2 (HttpServer2.java:bindListener(1191)) - Jetty bound to port 44694
2019-07-14 16:16:10,285 INFO  server.Server (Server.java:doStart(351)) - jetty-9.3.24.v20180605, build timestamp: 2018-06-05T17:11:56Z, git hash: 84205aa28f11a4f31f2a3b86d1bba2cc8ab69827
2019-07-14 16:16:10,287 INFO  handler.ContextHandler (ContextHandler.java:doStart(781)) - Started o.e.j.s.ServletContextHandler@6d617b07{/logs,file:///workdir/hadoop-ozone/integration-test/target/log,AVAILABLE}
2019-07-14 16:16:10,287 INFO  handler.ContextHandler (ContextHandler.java:doStart(781)) - Started o.e.j.s.ServletContextHandler@137a4b54{/static,jar:file:/home/user/.m2/repository/org/apache/hadoop/hadoop-hdds-container-service/0.5.0-SNAPSHOT/hadoop-hdds-container-service-0.5.0-SNAPSHOT.jar!/webapps/static,AVAILABLE}
2019-07-14 16:16:10,314 INFO  handler.ContextHandler (ContextHandler.java:doStart(781)) - Started o.e.j.w.WebAppContext@73da7f08{/,file:///tmp/jetty-0.0.0.0-44694-hddsDatanode-_-any-7559739102074836035.dir/webapp/,AVAILABLE}{/hddsDatanode}
2019-07-14 16:16:10,314 INFO  server.AbstractConnector (AbstractConnector.java:doStart(278)) - Started ServerConnector@717a8a76{HTTP/1.1,[http/1.1]}{0.0.0.0:44694}
2019-07-14 16:16:10,316 INFO  server.Server (Server.java:doStart(419)) - Started @41111ms
2019-07-14 16:16:10,317 INFO  server.BaseHttpServer (BaseHttpServer.java:updateConnectorAddress(207)) - HTTP server of HDDSDATANODE is listening at http://0.0.0.0:44694
2019-07-14 16:16:10,425 INFO  ozone.HddsDatanodeService (HddsDatanodeService.java:startPlugins(396)) - Started plug-in org.apache.hadoop.ozone.web.OzoneHddsDatanodeService@12be4f83
2019-07-14 16:16:10,425 INFO  impl.MetricsSystemImpl (MetricsSystemImpl.java:init(158)) - HddsDatanode metrics system started (again)
2019-07-14 16:16:10,430 INFO  ozone.HddsDatanodeService (HddsDatanodeService.java:start(185)) - HddsDatanodeService host:pr-hdds-1710-5x6jb-1204890111 ip:192.168.69.77
2019-07-14 16:16:10,430 INFO  util.JvmPauseMonitor (JvmPauseMonitor.java:run(188)) - Starting JVM pause monitor
2019-07-14 16:16:10,432 INFO  datanode.InitDatanodeState (InitDatanodeState.java:persistContainerDatanodeDetails(140)) - DatanodeDetails is persisted to /workdir/hadoop-ozone/integration-test/target/test-dir/MiniOzoneClusterImpl-cdd58879-4209-485f-b550-735d0945b7ce/datanode-4/meta/datanode.id
2019-07-14 16:16:10,438 INFO  volume.HddsVolume (HddsVolume.java:<init>(176)) - Creating Volume: /workdir/hadoop-ozone/integration-test/target/test-dir/MiniOzoneClusterImpl-cdd58879-4209-485f-b550-735d0945b7ce/datanode-5/data/containers/hdds of  storage type : DISK and capacity : 52710309888
2019-07-14 16:16:10,438 INFO  volume.VolumeSet (VolumeSet.java:initializeVolumeSet(170)) - Added Volume : /workdir/hadoop-ozone/integration-test/target/test-dir/MiniOzoneClusterImpl-cdd58879-4209-485f-b550-735d0945b7ce/datanode-5/data/containers/hdds to VolumeSet
2019-07-14 16:16:10,439 INFO  volume.ThrottledAsyncChecker (ThrottledAsyncChecker.java:schedule(140)) - Scheduling a check for org.apache.hadoop.ozone.container.common.volume.HddsVolume@846b47
2019-07-14 16:16:10,439 INFO  volume.HddsVolumeChecker (HddsVolumeChecker.java:checkAllVolumes(203)) - Scheduled health check for volume org.apache.hadoop.ozone.container.common.volume.HddsVolume@846b47
2019-07-14 16:16:10,452 INFO  impl.RaftServerProxy (ConfUtils.java:logGet(43)) - raft.rpc.type = GRPC (default)
2019-07-14 16:16:10,452 INFO  grpc.GrpcFactory (GrpcFactory.java:checkPooledByteBufAllocatorUseCacheForAllThreads(45)) - PERFORMANCE WARNING: useCacheForAllThreads is true that may cause Netty to create a lot garbage objects and, as a result, trigger GC.
	It is recommended to disable useCacheForAllThreads by setting -Dorg.apache.ratis.thirdparty.io.netty.allocator.useCacheForAllThreads=false in command line.
2019-07-14 16:16:10,453 INFO  grpc.GrpcConfigKeys$Server (ConfUtils.java:logGet(43)) - raft.grpc.server.port = 0 (default)
2019-07-14 16:16:10,453 INFO  server.GrpcService (ConfUtils.java:logGet(43)) - raft.grpc.message.size.max = 33570816 (custom)
2019-07-14 16:16:10,453 INFO  server.RaftServerConfigKeys (ConfUtils.java:logGet(43)) - raft.server.log.appender.buffer.byte-limit = 33554432 (custom)
2019-07-14 16:16:10,453 INFO  server.GrpcService (ConfUtils.java:logGet(43)) - raft.grpc.flow.control.window = 1MB (=1048576) (default)
2019-07-14 16:16:10,453 INFO  server.RaftServerConfigKeys (ConfUtils.java:logGet(43)) - raft.server.rpc.request.timeout = 3000ms (default)
2019-07-14 16:16:10,454 INFO  server.RaftServerConfigKeys (ConfUtils.java:logGet(43)) - raft.server.storage.dir = [/workdir/hadoop-ozone/integration-test/target/test-dir/MiniOzoneClusterImpl-cdd58879-4209-485f-b550-735d0945b7ce/datanode-5/data/ratis] (custom)
2019-07-14 16:16:10,454 INFO  replication.SimpleContainerDownloader (SimpleContainerDownloader.java:<init>(72)) - Starting container downloader service to copy containers to replicate.
2019-07-14 16:16:10,455 INFO  hdfs.DFSUtil (DFSUtil.java:httpServerTemplateForNNAndJN(1641)) - Starting Web-server for hddsDatanode at: http://0.0.0.0:0
2019-07-14 16:16:10,457 INFO  server.AuthenticationFilter (AuthenticationFilter.java:constructSecretProvider(240)) - Unable to initialize FileSignerSecretProvider, falling back to use random secrets.
2019-07-14 16:16:10,457 WARN  http.HttpRequestLog (HttpRequestLog.java:getRequestLog(97)) - Jetty request log can only be enabled using Log4j
2019-07-14 16:16:10,459 INFO  http.HttpServer2 (HttpServer2.java:addGlobalFilter(975)) - Added global filter 'safety' (class=org.apache.hadoop.http.HttpServer2$QuotingInputFilter)
2019-07-14 16:16:10,459 INFO  http.HttpServer2 (HttpServer2.java:addFilter(948)) - Added filter static_user_filter (class=org.apache.hadoop.http.lib.StaticUserWebFilter$StaticUserFilter) to context hddsDatanode
2019-07-14 16:16:10,459 INFO  http.HttpServer2 (HttpServer2.java:addFilter(958)) - Added filter static_user_filter (class=org.apache.hadoop.http.lib.StaticUserWebFilter$StaticUserFilter) to context logs
2019-07-14 16:16:10,459 INFO  http.HttpServer2 (HttpServer2.java:addFilter(958)) - Added filter static_user_filter (class=org.apache.hadoop.http.lib.StaticUserWebFilter$StaticUserFilter) to context static
2019-07-14 16:16:10,460 INFO  http.HttpServer2 (HttpServer2.java:bindListener(1191)) - Jetty bound to port 43743
2019-07-14 16:16:10,460 INFO  server.Server (Server.java:doStart(351)) - jetty-9.3.24.v20180605, build timestamp: 2018-06-05T17:11:56Z, git hash: 84205aa28f11a4f31f2a3b86d1bba2cc8ab69827
2019-07-14 16:16:10,462 INFO  handler.ContextHandler (ContextHandler.java:doStart(781)) - Started o.e.j.s.ServletContextHandler@3cad24ae{/logs,file:///workdir/hadoop-ozone/integration-test/target/log,AVAILABLE}
2019-07-14 16:16:10,463 INFO  handler.ContextHandler (ContextHandler.java:doStart(781)) - Started o.e.j.s.ServletContextHandler@18cbc3c2{/static,jar:file:/home/user/.m2/repository/org/apache/hadoop/hadoop-hdds-container-service/0.5.0-SNAPSHOT/hadoop-hdds-container-service-0.5.0-SNAPSHOT.jar!/webapps/static,AVAILABLE}
2019-07-14 16:16:10,491 INFO  handler.ContextHandler (ContextHandler.java:doStart(781)) - Started o.e.j.w.WebAppContext@1bc6c20d{/,file:///tmp/jetty-0.0.0.0-43743-hddsDatanode-_-any-3661335274272273596.dir/webapp/,AVAILABLE}{/hddsDatanode}
2019-07-14 16:16:10,491 INFO  server.AbstractConnector (AbstractConnector.java:doStart(278)) - Started ServerConnector@aedc426{HTTP/1.1,[http/1.1]}{0.0.0.0:43743}
2019-07-14 16:16:10,492 INFO  server.Server (Server.java:doStart(419)) - Started @41287ms
2019-07-14 16:16:10,493 INFO  server.BaseHttpServer (BaseHttpServer.java:updateConnectorAddress(207)) - HTTP server of HDDSDATANODE is listening at http://0.0.0.0:43743
2019-07-14 16:16:10,600 INFO  ozone.HddsDatanodeService (HddsDatanodeService.java:startPlugins(396)) - Started plug-in org.apache.hadoop.ozone.web.OzoneHddsDatanodeService@6bdedbbd
2019-07-14 16:16:10,601 INFO  ozone.MiniOzoneClusterImpl (MiniOzoneClusterImpl.java:lambda$waitForClusterToBeReady$0(142)) - Waiting for cluster to be ready. Got 0 of 6 DN Heartbeats.
2019-07-14 16:16:10,604 INFO  util.JvmPauseMonitor (JvmPauseMonitor.java:run(188)) - Starting JVM pause monitor
2019-07-14 16:16:10,606 INFO  datanode.InitDatanodeState (InitDatanodeState.java:persistContainerDatanodeDetails(140)) - DatanodeDetails is persisted to /workdir/hadoop-ozone/integration-test/target/test-dir/MiniOzoneClusterImpl-cdd58879-4209-485f-b550-735d0945b7ce/datanode-5/meta/datanode.id
2019-07-14 16:16:11,587 INFO  ozoneimpl.OzoneContainer (OzoneContainer.java:start(186)) - Attempting to start container services.
2019-07-14 16:16:11,590 INFO  ozoneimpl.OzoneContainer (OzoneContainer.java:startContainerScrub(160)) - Background container scrubber has been disabled by hdds.containerscrub.enabled
2019-07-14 16:16:11,590 INFO  ratis.XceiverServerRatis (XceiverServerRatis.java:start(418)) - Starting XceiverServerRatis df97cdfb-6159-47bc-9492-21f4b2603b7a at port 0
2019-07-14 16:16:11,597 INFO  impl.RaftServerProxy (RaftServerProxy.java:lambda$start$3(299)) - df97cdfb-6159-47bc-9492-21f4b2603b7a: start RPC server
2019-07-14 16:16:11,600 INFO  server.GrpcService (GrpcService.java:startImpl(149)) - df97cdfb-6159-47bc-9492-21f4b2603b7a: GrpcService started, listening on 0.0.0.0/0.0.0.0:40231
2019-07-14 16:16:11,600 INFO  ratis.XceiverServerRatis (XceiverServerRatis.java:start(428)) - XceiverServerRatis df97cdfb-6159-47bc-9492-21f4b2603b7a is started using port 40231
2019-07-14 16:16:11,601 INFO  server.XceiverServerGrpc (XceiverServerGrpc.java:start(161)) - XceiverServerGrpc df97cdfb-6159-47bc-9492-21f4b2603b7a is started using port 38868
2019-07-14 16:16:11,602 INFO  ozone.MiniOzoneClusterImpl (MiniOzoneClusterImpl.java:lambda$waitForClusterToBeReady$0(142)) - Waiting for cluster to be ready. Got 0 of 6 DN Heartbeats.
2019-07-14 16:16:11,753 INFO  ozoneimpl.OzoneContainer (OzoneContainer.java:start(186)) - Attempting to start container services.
2019-07-14 16:16:11,755 INFO  ozoneimpl.OzoneContainer (OzoneContainer.java:startContainerScrub(160)) - Background container scrubber has been disabled by hdds.containerscrub.enabled
2019-07-14 16:16:11,756 INFO  ratis.XceiverServerRatis (XceiverServerRatis.java:start(418)) - Starting XceiverServerRatis e49e00ac-01e2-41d2-8ec0-d1120db36378 at port 0
2019-07-14 16:16:11,763 INFO  impl.RaftServerProxy (RaftServerProxy.java:lambda$start$3(299)) - e49e00ac-01e2-41d2-8ec0-d1120db36378: start RPC server
2019-07-14 16:16:11,764 INFO  server.GrpcService (GrpcService.java:startImpl(149)) - e49e00ac-01e2-41d2-8ec0-d1120db36378: GrpcService started, listening on 0.0.0.0/0.0.0.0:34892
2019-07-14 16:16:11,764 INFO  ratis.XceiverServerRatis (XceiverServerRatis.java:start(428)) - XceiverServerRatis e49e00ac-01e2-41d2-8ec0-d1120db36378 is started using port 34892
2019-07-14 16:16:11,766 INFO  server.XceiverServerGrpc (XceiverServerGrpc.java:start(161)) - XceiverServerGrpc e49e00ac-01e2-41d2-8ec0-d1120db36378 is started using port 35088
2019-07-14 16:16:12,075 INFO  ozoneimpl.OzoneContainer (OzoneContainer.java:start(186)) - Attempting to start container services.
2019-07-14 16:16:12,082 INFO  ozoneimpl.OzoneContainer (OzoneContainer.java:startContainerScrub(160)) - Background container scrubber has been disabled by hdds.containerscrub.enabled
2019-07-14 16:16:12,082 INFO  ratis.XceiverServerRatis (XceiverServerRatis.java:start(418)) - Starting XceiverServerRatis 26a73836-4946-4dff-9ecc-d6811ba894c4 at port 0
2019-07-14 16:16:12,090 INFO  impl.RaftServerProxy (RaftServerProxy.java:lambda$start$3(299)) - 26a73836-4946-4dff-9ecc-d6811ba894c4: start RPC server
2019-07-14 16:16:12,091 INFO  server.GrpcService (GrpcService.java:startImpl(149)) - 26a73836-4946-4dff-9ecc-d6811ba894c4: GrpcService started, listening on 0.0.0.0/0.0.0.0:40471
2019-07-14 16:16:12,091 INFO  ratis.XceiverServerRatis (XceiverServerRatis.java:start(428)) - XceiverServerRatis 26a73836-4946-4dff-9ecc-d6811ba894c4 is started using port 40471
2019-07-14 16:16:12,096 INFO  server.XceiverServerGrpc (XceiverServerGrpc.java:start(161)) - XceiverServerGrpc 26a73836-4946-4dff-9ecc-d6811ba894c4 is started using port 46668
2019-07-14 16:16:12,270 INFO  ozoneimpl.OzoneContainer (OzoneContainer.java:start(186)) - Attempting to start container services.
2019-07-14 16:16:12,270 INFO  ozoneimpl.OzoneContainer (OzoneContainer.java:startContainerScrub(160)) - Background container scrubber has been disabled by hdds.containerscrub.enabled
2019-07-14 16:16:12,270 INFO  ratis.XceiverServerRatis (XceiverServerRatis.java:start(418)) - Starting XceiverServerRatis 7cab76d5-0384-4840-a60b-a551623f6093 at port 0
2019-07-14 16:16:12,278 INFO  impl.RaftServerProxy (RaftServerProxy.java:lambda$start$3(299)) - 7cab76d5-0384-4840-a60b-a551623f6093: start RPC server
2019-07-14 16:16:12,279 INFO  server.GrpcService (GrpcService.java:startImpl(149)) - 7cab76d5-0384-4840-a60b-a551623f6093: GrpcService started, listening on 0.0.0.0/0.0.0.0:35306
2019-07-14 16:16:12,279 INFO  ratis.XceiverServerRatis (XceiverServerRatis.java:start(428)) - XceiverServerRatis 7cab76d5-0384-4840-a60b-a551623f6093 is started using port 35306
2019-07-14 16:16:12,287 INFO  server.XceiverServerGrpc (XceiverServerGrpc.java:start(161)) - XceiverServerGrpc 7cab76d5-0384-4840-a60b-a551623f6093 is started using port 44237
2019-07-14 16:16:12,457 INFO  ozoneimpl.OzoneContainer (OzoneContainer.java:start(186)) - Attempting to start container services.
2019-07-14 16:16:12,458 INFO  ozoneimpl.OzoneContainer (OzoneContainer.java:startContainerScrub(160)) - Background container scrubber has been disabled by hdds.containerscrub.enabled
2019-07-14 16:16:12,458 INFO  ratis.XceiverServerRatis (XceiverServerRatis.java:start(418)) - Starting XceiverServerRatis d32f881f-77a3-40f0-915e-9b7d112da8da at port 0
2019-07-14 16:16:12,466 INFO  impl.RaftServerProxy (RaftServerProxy.java:lambda$start$3(299)) - d32f881f-77a3-40f0-915e-9b7d112da8da: start RPC server
2019-07-14 16:16:12,466 INFO  server.GrpcService (GrpcService.java:startImpl(149)) - d32f881f-77a3-40f0-915e-9b7d112da8da: GrpcService started, listening on 0.0.0.0/0.0.0.0:34603
2019-07-14 16:16:12,467 INFO  ratis.XceiverServerRatis (XceiverServerRatis.java:start(428)) - XceiverServerRatis d32f881f-77a3-40f0-915e-9b7d112da8da is started using port 34603
2019-07-14 16:16:12,470 INFO  server.XceiverServerGrpc (XceiverServerGrpc.java:start(161)) - XceiverServerGrpc d32f881f-77a3-40f0-915e-9b7d112da8da is started using port 36470
2019-07-14 16:16:12,603 INFO  ozone.MiniOzoneClusterImpl (MiniOzoneClusterImpl.java:lambda$waitForClusterToBeReady$0(142)) - Waiting for cluster to be ready. Got 0 of 6 DN Heartbeats.
2019-07-14 16:16:12,619 INFO  ozoneimpl.OzoneContainer (OzoneContainer.java:start(186)) - Attempting to start container services.
2019-07-14 16:16:12,619 INFO  ozoneimpl.OzoneContainer (OzoneContainer.java:startContainerScrub(160)) - Background container scrubber has been disabled by hdds.containerscrub.enabled
2019-07-14 16:16:12,620 INFO  ratis.XceiverServerRatis (XceiverServerRatis.java:start(418)) - Starting XceiverServerRatis 922018ce-a699-4157-97d4-e71fe992046b at port 0
2019-07-14 16:16:12,628 INFO  impl.RaftServerProxy (RaftServerProxy.java:lambda$start$3(299)) - 922018ce-a699-4157-97d4-e71fe992046b: start RPC server
2019-07-14 16:16:12,631 INFO  server.GrpcService (GrpcService.java:startImpl(149)) - 922018ce-a699-4157-97d4-e71fe992046b: GrpcService started, listening on 0.0.0.0/0.0.0.0:45692
2019-07-14 16:16:12,631 INFO  ratis.XceiverServerRatis (XceiverServerRatis.java:start(428)) - XceiverServerRatis 922018ce-a699-4157-97d4-e71fe992046b is started using port 45692
2019-07-14 16:16:12,634 INFO  server.XceiverServerGrpc (XceiverServerGrpc.java:start(161)) - XceiverServerGrpc 922018ce-a699-4157-97d4-e71fe992046b is started using port 41870
2019-07-14 16:16:13,566 INFO  net.NetworkTopology (NetworkTopologyImpl.java:add(110)) - Added a new node: /default-rack/192.168.69.77
2019-07-14 16:16:13,568 INFO  node.SCMNodeManager (SCMNodeManager.java:register(269)) - Registered Data node : df97cdfb-6159-47bc-9492-21f4b2603b7a{ip: 192.168.69.77, host: pr-hdds-1710-5x6jb-1204890111, networkLocation: /default-rack, certSerialId: null}
2019-07-14 16:16:13,569 INFO  safemode.SCMSafeModeManager (DataNodeSafeModeRule.java:process(71)) - SCM in safe mode. 1 DataNodes registered, 1 required.
2019-07-14 16:16:13,572 INFO  safemode.SCMSafeModeManager (SCMSafeModeManager.java:validateSafeModeExitRules(177)) - ScmSafeModeManager, all rules are successfully validated
2019-07-14 16:16:13,572 INFO  safemode.SCMSafeModeManager (SCMSafeModeManager.java:exitSafeMode(193)) - SCM exiting safe mode.
2019-07-14 16:16:13,597 INFO  impl.RaftServerProxy (RaftServerProxy.java:addNew(89)) - df97cdfb-6159-47bc-9492-21f4b2603b7a: addNew group-1F6CDD80D489:[df97cdfb-6159-47bc-9492-21f4b2603b7a:192.168.69.77:40231] returns group-1F6CDD80D489:java.util.concurrent.CompletableFuture@49b5521[Not completed]
2019-07-14 16:16:13,599 INFO  impl.RaftServerImpl (RaftServerImpl.java:<init>(93)) - df97cdfb-6159-47bc-9492-21f4b2603b7a: new RaftServerImpl for group-1F6CDD80D489:[df97cdfb-6159-47bc-9492-21f4b2603b7a:192.168.69.77:40231] with ContainerStateMachine:uninitialized
2019-07-14 16:16:13,599 INFO  server.RaftServerConfigKeys (ConfUtils.java:logGet(43)) - raft.server.rpc.timeout.min = 5s (custom)
2019-07-14 16:16:13,599 INFO  server.RaftServerConfigKeys (ConfUtils.java:logGet(43)) - raft.server.rpc.timeout.max = 5200ms (custom)
2019-07-14 16:16:13,599 INFO  server.RaftServerConfigKeys (ConfUtils.java:logGet(43)) - raft.server.rpcslowness.timeout = 120s (custom)
2019-07-14 16:16:13,600 INFO  server.RaftServerConfigKeys (ConfUtils.java:logGet(43)) - raft.server.sleep.deviation.threshold = 300 (default)
2019-07-14 16:16:13,600 INFO  server.RaftServerConfigKeys (ConfUtils.java:logGet(43)) - raft.server.log.appender.install.snapshot.enabled = false (custom)
2019-07-14 16:16:13,600 INFO  impl.RaftServerImpl (ServerState.java:<init>(105)) - df97cdfb-6159-47bc-9492-21f4b2603b7a:group-1F6CDD80D489 ConfigurationManager, init=-1: [df97cdfb-6159-47bc-9492-21f4b2603b7a:192.168.69.77:40231], old=null, confs=<EMPTY_MAP>
2019-07-14 16:16:13,600 INFO  server.RaftServerConfigKeys (ConfUtils.java:logGet(43)) - raft.server.storage.dir = [/workdir/hadoop-ozone/integration-test/target/test-dir/MiniOzoneClusterImpl-cdd58879-4209-485f-b550-735d0945b7ce/datanode-0/data/ratis] (custom)
2019-07-14 16:16:13,601 INFO  storage.RaftStorageDirectory (RaftStorageDirectory.java:analyzeStorage(246)) - The storage directory /workdir/hadoop-ozone/integration-test/target/test-dir/MiniOzoneClusterImpl-cdd58879-4209-485f-b550-735d0945b7ce/datanode-0/data/ratis/8525fcdc-e044-473d-9562-1f6cdd80d489 does not exist. Creating ...
2019-07-14 16:16:13,603 INFO  ozone.MiniOzoneClusterImpl (MiniOzoneClusterImpl.java:lambda$waitForClusterToBeReady$0(142)) - Waiting for cluster to be ready. Got 1 of 6 DN Heartbeats.
2019-07-14 16:16:13,614 INFO  storage.RaftStorageDirectory (RaftStorageDirectory.java:tryLock(328)) - Lock on /workdir/hadoop-ozone/integration-test/target/test-dir/MiniOzoneClusterImpl-cdd58879-4209-485f-b550-735d0945b7ce/datanode-0/data/ratis/8525fcdc-e044-473d-9562-1f6cdd80d489/in_use.lock acquired by nodename 762@pr-hdds-1710-5x6jb-1204890111
2019-07-14 16:16:13,627 INFO  storage.RaftStorage (RaftStorage.java:format(72)) - Storage directory /workdir/hadoop-ozone/integration-test/target/test-dir/MiniOzoneClusterImpl-cdd58879-4209-485f-b550-735d0945b7ce/datanode-0/data/ratis/8525fcdc-e044-473d-9562-1f6cdd80d489 has been successfully formatted.
2019-07-14 16:16:13,628 INFO  ratis.ContainerStateMachine (ContainerStateMachine.java:loadSnapshot(200)) - The snapshot info is null.Setting the last applied index to:(t:0, i:~)
2019-07-14 16:16:13,628 INFO  server.RaftServerConfigKeys (ConfUtils.java:logGet(43)) - raft.server.leader.election.timeout = 120s (custom)
2019-07-14 16:16:13,628 INFO  server.RaftServerConfigKeys (ConfUtils.java:logGet(43)) - raft.server.log.use.memory = false (default)
2019-07-14 16:16:13,628 INFO  server.RaftServerConfigKeys (ConfUtils.java:logGet(43)) - raft.server.log.purge.gap = 1000000000 (custom)
2019-07-14 16:16:13,629 INFO  server.RaftServerConfigKeys (ConfUtils.java:logGet(43)) - raft.server.log.appender.buffer.byte-limit = 33554432 (custom)
2019-07-14 16:16:13,629 INFO  server.RaftServerConfigKeys (ConfUtils.java:logGet(43)) - raft.server.log.segment.size.max = 1048576 (custom)
2019-07-14 16:16:13,629 INFO  server.RaftServerConfigKeys (ConfUtils.java:logGet(43)) - raft.server.log.segment.cache.num.max = 2 (custom)
2019-07-14 16:16:13,629 INFO  segmented.SegmentedRaftLogWorker (SegmentedRaftLogWorker.java:<init>(172)) - new df97cdfb-6159-47bc-9492-21f4b2603b7a-SegmentedRaftLogWorker:Storage Directory /workdir/hadoop-ozone/integration-test/target/test-dir/MiniOzoneClusterImpl-cdd58879-4209-485f-b550-735d0945b7ce/datanode-0/data/ratis/8525fcdc-e044-473d-9562-1f6cdd80d489 for RaftStorage:Storage Directory /workdir/hadoop-ozone/integration-test/target/test-dir/MiniOzoneClusterImpl-cdd58879-4209-485f-b550-735d0945b7ce/datanode-0/data/ratis/8525fcdc-e044-473d-9562-1f6cdd80d489
2019-07-14 16:16:13,630 INFO  server.RaftServerConfigKeys (ConfUtils.java:logGet(43)) - raft.server.log.queue.byte-limit = 2147483647 (custom)
2019-07-14 16:16:13,630 INFO  server.RaftServerConfigKeys (ConfUtils.java:logGet(43)) - raft.server.log.queue.element-limit = 1024 (custom)
2019-07-14 16:16:13,630 INFO  server.RaftServerConfigKeys (ConfUtils.java:logGet(43)) - raft.server.log.segment.size.max = 1048576 (custom)
2019-07-14 16:16:13,630 INFO  server.RaftServerConfigKeys (ConfUtils.java:logGet(43)) - raft.server.log.preallocated.size = 16384 (custom)
2019-07-14 16:16:13,631 INFO  server.RaftServerConfigKeys (ConfUtils.java:logGet(43)) - raft.server.log.write.buffer.size = 33554432 (custom)
2019-07-14 16:16:13,631 INFO  server.RaftServerConfigKeys (ConfUtils.java:logGet(43)) - raft.server.log.force.sync.num = 128 (default)
2019-07-14 16:16:13,631 INFO  server.RaftServerConfigKeys (ConfUtils.java:logGet(43)) - raft.server.log.statemachine.data.sync = true (default)
2019-07-14 16:16:13,631 INFO  server.RaftServerConfigKeys (ConfUtils.java:logGet(43)) - raft.server.log.statemachine.data.sync.timeout = 10s (default)
2019-07-14 16:16:13,631 INFO  server.RaftServerConfigKeys (ConfUtils.java:logGet(43)) - raft.server.log.statemachine.data.sync.timeout.retry = -1 (default)
2019-07-14 16:16:13,632 INFO  server.RaftServerConfigKeys (ConfUtils.java:logGet(43)) - raft.server.log.statemachine.data.caching.enabled = true (custom)
2019-07-14 16:16:13,632 INFO  segmented.SegmentedRaftLogWorker (SegmentedRaftLogWorker.java:lambda$new$0(132)) - df97cdfb-6159-47bc-9492-21f4b2603b7a-SegmentedRaftLogWorker:Storage Directory /workdir/hadoop-ozone/integration-test/target/test-dir/MiniOzoneClusterImpl-cdd58879-4209-485f-b550-735d0945b7ce/datanode-0/data/ratis/8525fcdc-e044-473d-9562-1f6cdd80d489: flushIndex: setUnconditionally 0 -> -1
2019-07-14 16:16:13,633 INFO  server.RaftServerConfigKeys (ConfUtils.java:logGet(43)) - raft.server.snapshot.auto.trigger.enabled = true (custom)
2019-07-14 16:16:13,633 INFO  server.RaftServerConfigKeys (ConfUtils.java:logGet(43)) - raft.server.snapshot.auto.trigger.threshold = 10000 (custom)
2019-07-14 16:16:13,633 INFO  server.RaftServerConfigKeys (ConfUtils.java:logGet(43)) - raft.server.retrycache.expirytime = 600000ms (custom)
2019-07-14 16:16:13,634 INFO  impl.RaftServerImpl (RaftServerImpl.java:start(180)) - df97cdfb-6159-47bc-9492-21f4b2603b7a: start group-1F6CDD80D489
2019-07-14 16:16:13,634 INFO  impl.RaftServerImpl (RaftServerImpl.java:setRole(171)) - df97cdfb-6159-47bc-9492-21f4b2603b7a:group-1F6CDD80D489 changes role from null to FOLLOWER at term 0 for startAsFollower
2019-07-14 16:16:13,634 INFO  impl.RoleInfo (RoleInfo.java:updateAndGet(143)) - df97cdfb-6159-47bc-9492-21f4b2603b7a: start FollowerState
2019-07-14 16:16:13,636 INFO  util.JmxRegister (JmxRegister.java:tryRegister(44)) - Successfully registered JMX Bean with object name Ratis:service=RaftServer,group=group-1F6CDD80D489,id=df97cdfb-6159-47bc-9492-21f4b2603b7a
2019-07-14 16:16:13,643 INFO  pipeline.PipelineStateManager (PipelineStateManager.java:addPipeline(56)) - Created pipeline Pipeline[ Id: 8525fcdc-e044-473d-9562-1f6cdd80d489, Nodes: df97cdfb-6159-47bc-9492-21f4b2603b7a{ip: 192.168.69.77, host: pr-hdds-1710-5x6jb-1204890111, networkLocation: /default-rack, certSerialId: null}, Type:RATIS, Factor:ONE, State:OPEN]
2019-07-14 16:16:13,739 INFO  node.SCMNodeManager (SCMNodeManager.java:register(269)) - Registered Data node : e49e00ac-01e2-41d2-8ec0-d1120db36378{ip: 192.168.69.77, host: pr-hdds-1710-5x6jb-1204890111, networkLocation: /default-rack, certSerialId: null}
2019-07-14 16:16:13,753 INFO  impl.RaftServerProxy (RaftServerProxy.java:addNew(89)) - e49e00ac-01e2-41d2-8ec0-d1120db36378: addNew group-62D367501DA3:[e49e00ac-01e2-41d2-8ec0-d1120db36378:192.168.69.77:34892] returns group-62D367501DA3:java.util.concurrent.CompletableFuture@e45386e[Not completed]
2019-07-14 16:16:13,755 INFO  impl.RaftServerImpl (RaftServerImpl.java:<init>(93)) - e49e00ac-01e2-41d2-8ec0-d1120db36378: new RaftServerImpl for group-62D367501DA3:[e49e00ac-01e2-41d2-8ec0-d1120db36378:192.168.69.77:34892] with ContainerStateMachine:uninitialized
2019-07-14 16:16:13,755 INFO  server.RaftServerConfigKeys (ConfUtils.java:logGet(43)) - raft.server.rpc.timeout.min = 5s (custom)
2019-07-14 16:16:13,755 INFO  server.RaftServerConfigKeys (ConfUtils.java:logGet(43)) - raft.server.rpc.timeout.max = 5200ms (custom)
2019-07-14 16:16:13,756 INFO  server.RaftServerConfigKeys (ConfUtils.java:logGet(43)) - raft.server.rpcslowness.timeout = 120s (custom)
2019-07-14 16:16:13,756 INFO  server.RaftServerConfigKeys (ConfUtils.java:logGet(43)) - raft.server.sleep.deviation.threshold = 300 (default)
2019-07-14 16:16:13,756 INFO  server.RaftServerConfigKeys (ConfUtils.java:logGet(43)) - raft.server.log.appender.install.snapshot.enabled = false (custom)
2019-07-14 16:16:13,756 INFO  impl.RaftServerImpl (ServerState.java:<init>(105)) - e49e00ac-01e2-41d2-8ec0-d1120db36378:group-62D367501DA3 ConfigurationManager, init=-1: [e49e00ac-01e2-41d2-8ec0-d1120db36378:192.168.69.77:34892], old=null, confs=<EMPTY_MAP>
2019-07-14 16:16:13,756 INFO  server.RaftServerConfigKeys (ConfUtils.java:logGet(43)) - raft.server.storage.dir = [/workdir/hadoop-ozone/integration-test/target/test-dir/MiniOzoneClusterImpl-cdd58879-4209-485f-b550-735d0945b7ce/datanode-1/data/ratis] (custom)
2019-07-14 16:16:13,757 INFO  storage.RaftStorageDirectory (RaftStorageDirectory.java:analyzeStorage(246)) - The storage directory /workdir/hadoop-ozone/integration-test/target/test-dir/MiniOzoneClusterImpl-cdd58879-4209-485f-b550-735d0945b7ce/datanode-1/data/ratis/41a77607-f2dc-495a-bba7-62d367501da3 does not exist. Creating ...
2019-07-14 16:16:13,782 INFO  storage.RaftStorageDirectory (RaftStorageDirectory.java:tryLock(328)) - Lock on /workdir/hadoop-ozone/integration-test/target/test-dir/MiniOzoneClusterImpl-cdd58879-4209-485f-b550-735d0945b7ce/datanode-1/data/ratis/41a77607-f2dc-495a-bba7-62d367501da3/in_use.lock acquired by nodename 762@pr-hdds-1710-5x6jb-1204890111
2019-07-14 16:16:13,795 INFO  storage.RaftStorage (RaftStorage.java:format(72)) - Storage directory /workdir/hadoop-ozone/integration-test/target/test-dir/MiniOzoneClusterImpl-cdd58879-4209-485f-b550-735d0945b7ce/datanode-1/data/ratis/41a77607-f2dc-495a-bba7-62d367501da3 has been successfully formatted.
2019-07-14 16:16:13,795 INFO  ratis.ContainerStateMachine (ContainerStateMachine.java:loadSnapshot(200)) - The snapshot info is null.Setting the last applied index to:(t:0, i:~)
2019-07-14 16:16:13,795 INFO  server.RaftServerConfigKeys (ConfUtils.java:logGet(43)) - raft.server.leader.election.timeout = 120s (custom)
2019-07-14 16:16:13,796 INFO  server.RaftServerConfigKeys (ConfUtils.java:logGet(43)) - raft.server.log.use.memory = false (default)
2019-07-14 16:16:13,796 INFO  server.RaftServerConfigKeys (ConfUtils.java:logGet(43)) - raft.server.log.purge.gap = 1000000000 (custom)
2019-07-14 16:16:13,796 INFO  server.RaftServerConfigKeys (ConfUtils.java:logGet(43)) - raft.server.log.appender.buffer.byte-limit = 33554432 (custom)
2019-07-14 16:16:13,796 INFO  server.RaftServerConfigKeys (ConfUtils.java:logGet(43)) - raft.server.log.segment.size.max = 1048576 (custom)
2019-07-14 16:16:13,796 INFO  server.RaftServerConfigKeys (ConfUtils.java:logGet(43)) - raft.server.log.segment.cache.num.max = 2 (custom)
2019-07-14 16:16:13,796 INFO  segmented.SegmentedRaftLogWorker (SegmentedRaftLogWorker.java:<init>(172)) - new e49e00ac-01e2-41d2-8ec0-d1120db36378-SegmentedRaftLogWorker:Storage Directory /workdir/hadoop-ozone/integration-test/target/test-dir/MiniOzoneClusterImpl-cdd58879-4209-485f-b550-735d0945b7ce/datanode-1/data/ratis/41a77607-f2dc-495a-bba7-62d367501da3 for RaftStorage:Storage Directory /workdir/hadoop-ozone/integration-test/target/test-dir/MiniOzoneClusterImpl-cdd58879-4209-485f-b550-735d0945b7ce/datanode-1/data/ratis/41a77607-f2dc-495a-bba7-62d367501da3
2019-07-14 16:16:13,797 INFO  server.RaftServerConfigKeys (ConfUtils.java:logGet(43)) - raft.server.log.queue.byte-limit = 2147483647 (custom)
2019-07-14 16:16:13,797 INFO  server.RaftServerConfigKeys (ConfUtils.java:logGet(43)) - raft.server.log.queue.element-limit = 1024 (custom)
2019-07-14 16:16:13,797 INFO  server.RaftServerConfigKeys (ConfUtils.java:logGet(43)) - raft.server.log.segment.size.max = 1048576 (custom)
2019-07-14 16:16:13,797 INFO  server.RaftServerConfigKeys (ConfUtils.java:logGet(43)) - raft.server.log.preallocated.size = 16384 (custom)
2019-07-14 16:16:13,797 INFO  server.RaftServerConfigKeys (ConfUtils.java:logGet(43)) - raft.server.log.write.buffer.size = 33554432 (custom)
2019-07-14 16:16:13,798 INFO  server.RaftServerConfigKeys (ConfUtils.java:logGet(43)) - raft.server.log.force.sync.num = 128 (default)
2019-07-14 16:16:13,798 INFO  server.RaftServerConfigKeys (ConfUtils.java:logGet(43)) - raft.server.log.statemachine.data.sync = true (default)
2019-07-14 16:16:13,798 INFO  server.RaftServerConfigKeys (ConfUtils.java:logGet(43)) - raft.server.log.statemachine.data.sync.timeout = 10s (default)
2019-07-14 16:16:13,798 INFO  server.RaftServerConfigKeys (ConfUtils.java:logGet(43)) - raft.server.log.statemachine.data.sync.timeout.retry = -1 (default)
2019-07-14 16:16:13,799 INFO  server.RaftServerConfigKeys (ConfUtils.java:logGet(43)) - raft.server.log.statemachine.data.caching.enabled = true (custom)
2019-07-14 16:16:13,799 INFO  segmented.SegmentedRaftLogWorker (SegmentedRaftLogWorker.java:lambda$new$0(132)) - e49e00ac-01e2-41d2-8ec0-d1120db36378-SegmentedRaftLogWorker:Storage Directory /workdir/hadoop-ozone/integration-test/target/test-dir/MiniOzoneClusterImpl-cdd58879-4209-485f-b550-735d0945b7ce/datanode-1/data/ratis/41a77607-f2dc-495a-bba7-62d367501da3: flushIndex: setUnconditionally 0 -> -1
2019-07-14 16:16:13,799 INFO  server.RaftServerConfigKeys (ConfUtils.java:logGet(43)) - raft.server.snapshot.auto.trigger.enabled = true (custom)
2019-07-14 16:16:13,800 INFO  server.RaftServerConfigKeys (ConfUtils.java:logGet(43)) - raft.server.snapshot.auto.trigger.threshold = 10000 (custom)
2019-07-14 16:16:13,800 INFO  server.RaftServerConfigKeys (ConfUtils.java:logGet(43)) - raft.server.retrycache.expirytime = 600000ms (custom)
2019-07-14 16:16:13,800 INFO  impl.RaftServerImpl (RaftServerImpl.java:start(180)) - e49e00ac-01e2-41d2-8ec0-d1120db36378: start group-62D367501DA3
2019-07-14 16:16:13,800 INFO  impl.RaftServerImpl (RaftServerImpl.java:setRole(171)) - e49e00ac-01e2-41d2-8ec0-d1120db36378:group-62D367501DA3 changes role from null to FOLLOWER at term 0 for startAsFollower
2019-07-14 16:16:13,800 INFO  impl.RoleInfo (RoleInfo.java:updateAndGet(143)) - e49e00ac-01e2-41d2-8ec0-d1120db36378: start FollowerState
2019-07-14 16:16:13,801 INFO  util.JmxRegister (JmxRegister.java:tryRegister(44)) - Successfully registered JMX Bean with object name Ratis:service=RaftServer,group=group-62D367501DA3,id=e49e00ac-01e2-41d2-8ec0-d1120db36378
2019-07-14 16:16:13,806 INFO  pipeline.PipelineStateManager (PipelineStateManager.java:addPipeline(56)) - Created pipeline Pipeline[ Id: 41a77607-f2dc-495a-bba7-62d367501da3, Nodes: e49e00ac-01e2-41d2-8ec0-d1120db36378{ip: 192.168.69.77, host: pr-hdds-1710-5x6jb-1204890111, networkLocation: /default-rack, certSerialId: null}, Type:RATIS, Factor:ONE, State:OPEN]
2019-07-14 16:16:14,044 INFO  node.SCMNodeManager (SCMNodeManager.java:register(269)) - Registered Data node : 26a73836-4946-4dff-9ecc-d6811ba894c4{ip: 192.168.69.77, host: pr-hdds-1710-5x6jb-1204890111, networkLocation: /default-rack, certSerialId: null}
2019-07-14 16:16:14,057 INFO  impl.RaftServerProxy (RaftServerProxy.java:addNew(89)) - 26a73836-4946-4dff-9ecc-d6811ba894c4: addNew group-1DE19C9ED2BB:[26a73836-4946-4dff-9ecc-d6811ba894c4:192.168.69.77:40471] returns group-1DE19C9ED2BB:java.util.concurrent.CompletableFuture@e991746[Not completed]
2019-07-14 16:16:14,058 INFO  impl.RaftServerImpl (RaftServerImpl.java:<init>(93)) - 26a73836-4946-4dff-9ecc-d6811ba894c4: new RaftServerImpl for group-1DE19C9ED2BB:[26a73836-4946-4dff-9ecc-d6811ba894c4:192.168.69.77:40471] with ContainerStateMachine:uninitialized
2019-07-14 16:16:14,059 INFO  server.RaftServerConfigKeys (ConfUtils.java:logGet(43)) - raft.server.rpc.timeout.min = 5s (custom)
2019-07-14 16:16:14,059 INFO  server.RaftServerConfigKeys (ConfUtils.java:logGet(43)) - raft.server.rpc.timeout.max = 5200ms (custom)
2019-07-14 16:16:14,059 INFO  server.RaftServerConfigKeys (ConfUtils.java:logGet(43)) - raft.server.rpcslowness.timeout = 120s (custom)
2019-07-14 16:16:14,059 INFO  server.RaftServerConfigKeys (ConfUtils.java:logGet(43)) - raft.server.sleep.deviation.threshold = 300 (default)
2019-07-14 16:16:14,059 INFO  server.RaftServerConfigKeys (ConfUtils.java:logGet(43)) - raft.server.log.appender.install.snapshot.enabled = false (custom)
2019-07-14 16:16:14,060 INFO  impl.RaftServerImpl (ServerState.java:<init>(105)) - 26a73836-4946-4dff-9ecc-d6811ba894c4:group-1DE19C9ED2BB ConfigurationManager, init=-1: [26a73836-4946-4dff-9ecc-d6811ba894c4:192.168.69.77:40471], old=null, confs=<EMPTY_MAP>
2019-07-14 16:16:14,060 INFO  server.RaftServerConfigKeys (ConfUtils.java:logGet(43)) - raft.server.storage.dir = [/workdir/hadoop-ozone/integration-test/target/test-dir/MiniOzoneClusterImpl-cdd58879-4209-485f-b550-735d0945b7ce/datanode-2/data/ratis] (custom)
2019-07-14 16:16:14,060 INFO  storage.RaftStorageDirectory (RaftStorageDirectory.java:analyzeStorage(246)) - The storage directory /workdir/hadoop-ozone/integration-test/target/test-dir/MiniOzoneClusterImpl-cdd58879-4209-485f-b550-735d0945b7ce/datanode-2/data/ratis/e42aedd4-856a-45c1-81ee-1de19c9ed2bb does not exist. Creating ...
2019-07-14 16:16:14,073 INFO  storage.RaftStorageDirectory (RaftStorageDirectory.java:tryLock(328)) - Lock on /workdir/hadoop-ozone/integration-test/target/test-dir/MiniOzoneClusterImpl-cdd58879-4209-485f-b550-735d0945b7ce/datanode-2/data/ratis/e42aedd4-856a-45c1-81ee-1de19c9ed2bb/in_use.lock acquired by nodename 762@pr-hdds-1710-5x6jb-1204890111
2019-07-14 16:16:14,086 INFO  storage.RaftStorage (RaftStorage.java:format(72)) - Storage directory /workdir/hadoop-ozone/integration-test/target/test-dir/MiniOzoneClusterImpl-cdd58879-4209-485f-b550-735d0945b7ce/datanode-2/data/ratis/e42aedd4-856a-45c1-81ee-1de19c9ed2bb has been successfully formatted.
2019-07-14 16:16:14,086 INFO  ratis.ContainerStateMachine (ContainerStateMachine.java:loadSnapshot(200)) - The snapshot info is null.Setting the last applied index to:(t:0, i:~)
2019-07-14 16:16:14,086 INFO  server.RaftServerConfigKeys (ConfUtils.java:logGet(43)) - raft.server.leader.election.timeout = 120s (custom)
2019-07-14 16:16:14,087 INFO  server.RaftServerConfigKeys (ConfUtils.java:logGet(43)) - raft.server.log.use.memory = false (default)
2019-07-14 16:16:14,087 INFO  server.RaftServerConfigKeys (ConfUtils.java:logGet(43)) - raft.server.log.purge.gap = 1000000000 (custom)
2019-07-14 16:16:14,087 INFO  server.RaftServerConfigKeys (ConfUtils.java:logGet(43)) - raft.server.log.appender.buffer.byte-limit = 33554432 (custom)
2019-07-14 16:16:14,087 INFO  server.RaftServerConfigKeys (ConfUtils.java:logGet(43)) - raft.server.log.segment.size.max = 1048576 (custom)
2019-07-14 16:16:14,087 INFO  server.RaftServerConfigKeys (ConfUtils.java:logGet(43)) - raft.server.log.segment.cache.num.max = 2 (custom)
2019-07-14 16:16:14,087 INFO  segmented.SegmentedRaftLogWorker (SegmentedRaftLogWorker.java:<init>(172)) - new 26a73836-4946-4dff-9ecc-d6811ba894c4-SegmentedRaftLogWorker:Storage Directory /workdir/hadoop-ozone/integration-test/target/test-dir/MiniOzoneClusterImpl-cdd58879-4209-485f-b550-735d0945b7ce/datanode-2/data/ratis/e42aedd4-856a-45c1-81ee-1de19c9ed2bb for RaftStorage:Storage Directory /workdir/hadoop-ozone/integration-test/target/test-dir/MiniOzoneClusterImpl-cdd58879-4209-485f-b550-735d0945b7ce/datanode-2/data/ratis/e42aedd4-856a-45c1-81ee-1de19c9ed2bb
2019-07-14 16:16:14,088 INFO  server.RaftServerConfigKeys (ConfUtils.java:logGet(43)) - raft.server.log.queue.byte-limit = 2147483647 (custom)
2019-07-14 16:16:14,088 INFO  server.RaftServerConfigKeys (ConfUtils.java:logGet(43)) - raft.server.log.queue.element-limit = 1024 (custom)
2019-07-14 16:16:14,088 INFO  server.RaftServerConfigKeys (ConfUtils.java:logGet(43)) - raft.server.log.segment.size.max = 1048576 (custom)
2019-07-14 16:16:14,088 INFO  server.RaftServerConfigKeys (ConfUtils.java:logGet(43)) - raft.server.log.preallocated.size = 16384 (custom)
2019-07-14 16:16:14,088 INFO  server.RaftServerConfigKeys (ConfUtils.java:logGet(43)) - raft.server.log.write.buffer.size = 33554432 (custom)
2019-07-14 16:16:14,088 INFO  server.RaftServerConfigKeys (ConfUtils.java:logGet(43)) - raft.server.log.force.sync.num = 128 (default)
2019-07-14 16:16:14,089 INFO  server.RaftServerConfigKeys (ConfUtils.java:logGet(43)) - raft.server.log.statemachine.data.sync = true (default)
2019-07-14 16:16:14,089 INFO  server.RaftServerConfigKeys (ConfUtils.java:logGet(43)) - raft.server.log.statemachine.data.sync.timeout = 10s (default)
2019-07-14 16:16:14,089 INFO  server.RaftServerConfigKeys (ConfUtils.java:logGet(43)) - raft.server.log.statemachine.data.sync.timeout.retry = -1 (default)
2019-07-14 16:16:14,089 INFO  server.RaftServerConfigKeys (ConfUtils.java:logGet(43)) - raft.server.log.statemachine.data.caching.enabled = true (custom)
2019-07-14 16:16:14,090 INFO  segmented.SegmentedRaftLogWorker (SegmentedRaftLogWorker.java:lambda$new$0(132)) - 26a73836-4946-4dff-9ecc-d6811ba894c4-SegmentedRaftLogWorker:Storage Directory /workdir/hadoop-ozone/integration-test/target/test-dir/MiniOzoneClusterImpl-cdd58879-4209-485f-b550-735d0945b7ce/datanode-2/data/ratis/e42aedd4-856a-45c1-81ee-1de19c9ed2bb: flushIndex: setUnconditionally 0 -> -1
2019-07-14 16:16:14,090 INFO  server.RaftServerConfigKeys (ConfUtils.java:logGet(43)) - raft.server.snapshot.auto.trigger.enabled = true (custom)
2019-07-14 16:16:14,090 INFO  server.RaftServerConfigKeys (ConfUtils.java:logGet(43)) - raft.server.snapshot.auto.trigger.threshold = 10000 (custom)
2019-07-14 16:16:14,090 INFO  server.RaftServerConfigKeys (ConfUtils.java:logGet(43)) - raft.server.retrycache.expirytime = 600000ms (custom)
2019-07-14 16:16:14,091 INFO  impl.RaftServerImpl (RaftServerImpl.java:start(180)) - 26a73836-4946-4dff-9ecc-d6811ba894c4: start group-1DE19C9ED2BB
2019-07-14 16:16:14,091 INFO  impl.RaftServerImpl (RaftServerImpl.java:setRole(171)) - 26a73836-4946-4dff-9ecc-d6811ba894c4:group-1DE19C9ED2BB changes role from null to FOLLOWER at term 0 for startAsFollower
2019-07-14 16:16:14,091 INFO  impl.RoleInfo (RoleInfo.java:updateAndGet(143)) - 26a73836-4946-4dff-9ecc-d6811ba894c4: start FollowerState
2019-07-14 16:16:14,091 INFO  util.JmxRegister (JmxRegister.java:tryRegister(44)) - Successfully registered JMX Bean with object name Ratis:service=RaftServer,group=group-1DE19C9ED2BB,id=26a73836-4946-4dff-9ecc-d6811ba894c4
2019-07-14 16:16:14,096 INFO  pipeline.PipelineStateManager (PipelineStateManager.java:addPipeline(56)) - Created pipeline Pipeline[ Id: e42aedd4-856a-45c1-81ee-1de19c9ed2bb, Nodes: 26a73836-4946-4dff-9ecc-d6811ba894c4{ip: 192.168.69.77, host: pr-hdds-1710-5x6jb-1204890111, networkLocation: /default-rack, certSerialId: null}, Type:RATIS, Factor:ONE, State:OPEN]
2019-07-14 16:16:14,119 INFO  impl.RaftServerProxy (RaftServerProxy.java:addNew(89)) - df97cdfb-6159-47bc-9492-21f4b2603b7a: addNew group-07CA127FF588:[df97cdfb-6159-47bc-9492-21f4b2603b7a:192.168.69.77:40231, e49e00ac-01e2-41d2-8ec0-d1120db36378:192.168.69.77:34892, 26a73836-4946-4dff-9ecc-d6811ba894c4:192.168.69.77:40471] returns group-07CA127FF588:java.util.concurrent.CompletableFuture@7a85f8a2[Not completed]
2019-07-14 16:16:14,119 INFO  impl.RaftServerProxy (RaftServerProxy.java:addNew(89)) - 26a73836-4946-4dff-9ecc-d6811ba894c4: addNew group-07CA127FF588:[df97cdfb-6159-47bc-9492-21f4b2603b7a:192.168.69.77:40231, e49e00ac-01e2-41d2-8ec0-d1120db36378:192.168.69.77:34892, 26a73836-4946-4dff-9ecc-d6811ba894c4:192.168.69.77:40471] returns group-07CA127FF588:java.util.concurrent.CompletableFuture@6ddb3e81[Not completed]
2019-07-14 16:16:14,119 INFO  impl.RaftServerProxy (RaftServerProxy.java:addNew(89)) - e49e00ac-01e2-41d2-8ec0-d1120db36378: addNew group-07CA127FF588:[df97cdfb-6159-47bc-9492-21f4b2603b7a:192.168.69.77:40231, e49e00ac-01e2-41d2-8ec0-d1120db36378:192.168.69.77:34892, 26a73836-4946-4dff-9ecc-d6811ba894c4:192.168.69.77:40471] returns group-07CA127FF588:java.util.concurrent.CompletableFuture@33bd44c8[Not completed]
2019-07-14 16:16:14,120 INFO  impl.RaftServerImpl (RaftServerImpl.java:<init>(93)) - df97cdfb-6159-47bc-9492-21f4b2603b7a: new RaftServerImpl for group-07CA127FF588:[df97cdfb-6159-47bc-9492-21f4b2603b7a:192.168.69.77:40231, e49e00ac-01e2-41d2-8ec0-d1120db36378:192.168.69.77:34892, 26a73836-4946-4dff-9ecc-d6811ba894c4:192.168.69.77:40471] with ContainerStateMachine:uninitialized
2019-07-14 16:16:14,120 INFO  server.RaftServerConfigKeys (ConfUtils.java:logGet(43)) - raft.server.rpc.timeout.min = 5s (custom)
2019-07-14 16:16:14,120 INFO  server.RaftServerConfigKeys (ConfUtils.java:logGet(43)) - raft.server.rpc.timeout.max = 5200ms (custom)
2019-07-14 16:16:14,120 INFO  server.RaftServerConfigKeys (ConfUtils.java:logGet(43)) - raft.server.rpcslowness.timeout = 120s (custom)
2019-07-14 16:16:14,121 INFO  server.RaftServerConfigKeys (ConfUtils.java:logGet(43)) - raft.server.sleep.deviation.threshold = 300 (default)
2019-07-14 16:16:14,121 INFO  server.RaftServerConfigKeys (ConfUtils.java:logGet(43)) - raft.server.log.appender.install.snapshot.enabled = false (custom)
2019-07-14 16:16:14,121 INFO  impl.RaftServerImpl (RaftServerImpl.java:<init>(93)) - e49e00ac-01e2-41d2-8ec0-d1120db36378: new RaftServerImpl for group-07CA127FF588:[df97cdfb-6159-47bc-9492-21f4b2603b7a:192.168.69.77:40231, e49e00ac-01e2-41d2-8ec0-d1120db36378:192.168.69.77:34892, 26a73836-4946-4dff-9ecc-d6811ba894c4:192.168.69.77:40471] with ContainerStateMachine:uninitialized
2019-07-14 16:16:14,121 INFO  impl.RaftServerImpl (ServerState.java:<init>(105)) - df97cdfb-6159-47bc-9492-21f4b2603b7a:group-07CA127FF588 ConfigurationManager, init=-1: [df97cdfb-6159-47bc-9492-21f4b2603b7a:192.168.69.77:40231, e49e00ac-01e2-41d2-8ec0-d1120db36378:192.168.69.77:34892, 26a73836-4946-4dff-9ecc-d6811ba894c4:192.168.69.77:40471], old=null, confs=<EMPTY_MAP>
2019-07-14 16:16:14,121 INFO  server.RaftServerConfigKeys (ConfUtils.java:logGet(43)) - raft.server.rpc.timeout.min = 5s (custom)
2019-07-14 16:16:14,121 INFO  server.RaftServerConfigKeys (ConfUtils.java:logGet(43)) - raft.server.storage.dir = [/workdir/hadoop-ozone/integration-test/target/test-dir/MiniOzoneClusterImpl-cdd58879-4209-485f-b550-735d0945b7ce/datanode-0/data/ratis] (custom)
2019-07-14 16:16:14,121 INFO  server.RaftServerConfigKeys (ConfUtils.java:logGet(43)) - raft.server.rpc.timeout.max = 5200ms (custom)
2019-07-14 16:16:14,121 INFO  impl.RaftServerImpl (RaftServerImpl.java:<init>(93)) - 26a73836-4946-4dff-9ecc-d6811ba894c4: new RaftServerImpl for group-07CA127FF588:[df97cdfb-6159-47bc-9492-21f4b2603b7a:192.168.69.77:40231, e49e00ac-01e2-41d2-8ec0-d1120db36378:192.168.69.77:34892, 26a73836-4946-4dff-9ecc-d6811ba894c4:192.168.69.77:40471] with ContainerStateMachine:uninitialized
2019-07-14 16:16:14,122 INFO  storage.RaftStorageDirectory (RaftStorageDirectory.java:analyzeStorage(246)) - The storage directory /workdir/hadoop-ozone/integration-test/target/test-dir/MiniOzoneClusterImpl-cdd58879-4209-485f-b550-735d0945b7ce/datanode-0/data/ratis/db585593-c8c4-4679-81cb-07ca127ff588 does not exist. Creating ...
2019-07-14 16:16:14,121 INFO  server.RaftServerConfigKeys (ConfUtils.java:logGet(43)) - raft.server.rpcslowness.timeout = 120s (custom)
2019-07-14 16:16:14,122 INFO  server.RaftServerConfigKeys (ConfUtils.java:logGet(43)) - raft.server.rpc.timeout.min = 5s (custom)
2019-07-14 16:16:14,122 INFO  server.RaftServerConfigKeys (ConfUtils.java:logGet(43)) - raft.server.sleep.deviation.threshold = 300 (default)
2019-07-14 16:16:14,122 INFO  server.RaftServerConfigKeys (ConfUtils.java:logGet(43)) - raft.server.rpc.timeout.max = 5200ms (custom)
2019-07-14 16:16:14,122 INFO  server.RaftServerConfigKeys (ConfUtils.java:logGet(43)) - raft.server.log.appender.install.snapshot.enabled = false (custom)
2019-07-14 16:16:14,122 INFO  server.RaftServerConfigKeys (ConfUtils.java:logGet(43)) - raft.server.rpcslowness.timeout = 120s (custom)
2019-07-14 16:16:14,123 INFO  impl.RaftServerImpl (ServerState.java:<init>(105)) - e49e00ac-01e2-41d2-8ec0-d1120db36378:group-07CA127FF588 ConfigurationManager, init=-1: [df97cdfb-6159-47bc-9492-21f4b2603b7a:192.168.69.77:40231, e49e00ac-01e2-41d2-8ec0-d1120db36378:192.168.69.77:34892, 26a73836-4946-4dff-9ecc-d6811ba894c4:192.168.69.77:40471], old=null, confs=<EMPTY_MAP>
2019-07-14 16:16:14,123 INFO  server.RaftServerConfigKeys (ConfUtils.java:logGet(43)) - raft.server.sleep.deviation.threshold = 300 (default)
2019-07-14 16:16:14,123 INFO  server.RaftServerConfigKeys (ConfUtils.java:logGet(43)) - raft.server.storage.dir = [/workdir/hadoop-ozone/integration-test/target/test-dir/MiniOzoneClusterImpl-cdd58879-4209-485f-b550-735d0945b7ce/datanode-1/data/ratis] (custom)
2019-07-14 16:16:14,123 INFO  server.RaftServerConfigKeys (ConfUtils.java:logGet(43)) - raft.server.log.appender.install.snapshot.enabled = false (custom)
2019-07-14 16:16:14,123 INFO  impl.RaftServerImpl (ServerState.java:<init>(105)) - 26a73836-4946-4dff-9ecc-d6811ba894c4:group-07CA127FF588 ConfigurationManager, init=-1: [df97cdfb-6159-47bc-9492-21f4b2603b7a:192.168.69.77:40231, e49e00ac-01e2-41d2-8ec0-d1120db36378:192.168.69.77:34892, 26a73836-4946-4dff-9ecc-d6811ba894c4:192.168.69.77:40471], old=null, confs=<EMPTY_MAP>
2019-07-14 16:16:14,123 INFO  storage.RaftStorageDirectory (RaftStorageDirectory.java:analyzeStorage(246)) - The storage directory /workdir/hadoop-ozone/integration-test/target/test-dir/MiniOzoneClusterImpl-cdd58879-4209-485f-b550-735d0945b7ce/datanode-1/data/ratis/db585593-c8c4-4679-81cb-07ca127ff588 does not exist. Creating ...
2019-07-14 16:16:14,124 INFO  server.RaftServerConfigKeys (ConfUtils.java:logGet(43)) - raft.server.storage.dir = [/workdir/hadoop-ozone/integration-test/target/test-dir/MiniOzoneClusterImpl-cdd58879-4209-485f-b550-735d0945b7ce/datanode-2/data/ratis] (custom)
2019-07-14 16:16:14,124 INFO  storage.RaftStorageDirectory (RaftStorageDirectory.java:analyzeStorage(246)) - The storage directory /workdir/hadoop-ozone/integration-test/target/test-dir/MiniOzoneClusterImpl-cdd58879-4209-485f-b550-735d0945b7ce/datanode-2/data/ratis/db585593-c8c4-4679-81cb-07ca127ff588 does not exist. Creating ...
2019-07-14 16:16:14,135 INFO  storage.RaftStorageDirectory (RaftStorageDirectory.java:tryLock(328)) - Lock on /workdir/hadoop-ozone/integration-test/target/test-dir/MiniOzoneClusterImpl-cdd58879-4209-485f-b550-735d0945b7ce/datanode-0/data/ratis/db585593-c8c4-4679-81cb-07ca127ff588/in_use.lock acquired by nodename 762@pr-hdds-1710-5x6jb-1204890111
2019-07-14 16:16:14,135 INFO  storage.RaftStorageDirectory (RaftStorageDirectory.java:tryLock(328)) - Lock on /workdir/hadoop-ozone/integration-test/target/test-dir/MiniOzoneClusterImpl-cdd58879-4209-485f-b550-735d0945b7ce/datanode-1/data/ratis/db585593-c8c4-4679-81cb-07ca127ff588/in_use.lock acquired by nodename 762@pr-hdds-1710-5x6jb-1204890111
2019-07-14 16:16:14,135 INFO  storage.RaftStorageDirectory (RaftStorageDirectory.java:tryLock(328)) - Lock on /workdir/hadoop-ozone/integration-test/target/test-dir/MiniOzoneClusterImpl-cdd58879-4209-485f-b550-735d0945b7ce/datanode-2/data/ratis/db585593-c8c4-4679-81cb-07ca127ff588/in_use.lock acquired by nodename 762@pr-hdds-1710-5x6jb-1204890111
2019-07-14 16:16:14,149 INFO  storage.RaftStorage (RaftStorage.java:format(72)) - Storage directory /workdir/hadoop-ozone/integration-test/target/test-dir/MiniOzoneClusterImpl-cdd58879-4209-485f-b550-735d0945b7ce/datanode-0/data/ratis/db585593-c8c4-4679-81cb-07ca127ff588 has been successfully formatted.
2019-07-14 16:16:14,149 INFO  storage.RaftStorage (RaftStorage.java:format(72)) - Storage directory /workdir/hadoop-ozone/integration-test/target/test-dir/MiniOzoneClusterImpl-cdd58879-4209-485f-b550-735d0945b7ce/datanode-1/data/ratis/db585593-c8c4-4679-81cb-07ca127ff588 has been successfully formatted.
2019-07-14 16:16:14,149 INFO  storage.RaftStorage (RaftStorage.java:format(72)) - Storage directory /workdir/hadoop-ozone/integration-test/target/test-dir/MiniOzoneClusterImpl-cdd58879-4209-485f-b550-735d0945b7ce/datanode-2/data/ratis/db585593-c8c4-4679-81cb-07ca127ff588 has been successfully formatted.
2019-07-14 16:16:14,149 INFO  ratis.ContainerStateMachine (ContainerStateMachine.java:loadSnapshot(200)) - The snapshot info is null.Setting the last applied index to:(t:0, i:~)
2019-07-14 16:16:14,149 INFO  ratis.ContainerStateMachine (ContainerStateMachine.java:loadSnapshot(200)) - The snapshot info is null.Setting the last applied index to:(t:0, i:~)
2019-07-14 16:16:14,150 INFO  server.RaftServerConfigKeys (ConfUtils.java:logGet(43)) - raft.server.leader.election.timeout = 120s (custom)
2019-07-14 16:16:14,150 INFO  ratis.ContainerStateMachine (ContainerStateMachine.java:loadSnapshot(200)) - The snapshot info is null.Setting the last applied index to:(t:0, i:~)
2019-07-14 16:16:14,150 INFO  server.RaftServerConfigKeys (ConfUtils.java:logGet(43)) - raft.server.log.use.memory = false (default)
2019-07-14 16:16:14,150 INFO  server.RaftServerConfigKeys (ConfUtils.java:logGet(43)) - raft.server.leader.election.timeout = 120s (custom)
2019-07-14 16:16:14,150 INFO  server.RaftServerConfigKeys (ConfUtils.java:logGet(43)) - raft.server.log.purge.gap = 1000000000 (custom)
2019-07-14 16:16:14,150 INFO  server.RaftServerConfigKeys (ConfUtils.java:logGet(43)) - raft.server.leader.election.timeout = 120s (custom)
2019-07-14 16:16:14,151 INFO  server.RaftServerConfigKeys (ConfUtils.java:logGet(43)) - raft.server.log.appender.buffer.byte-limit = 33554432 (custom)
2019-07-14 16:16:14,150 INFO  server.RaftServerConfigKeys (ConfUtils.java:logGet(43)) - raft.server.log.use.memory = false (default)
2019-07-14 16:16:14,151 INFO  server.RaftServerConfigKeys (ConfUtils.java:logGet(43)) - raft.server.log.segment.size.max = 1048576 (custom)
2019-07-14 16:16:14,151 INFO  server.RaftServerConfigKeys (ConfUtils.java:logGet(43)) - raft.server.log.use.memory = false (default)
2019-07-14 16:16:14,151 INFO  server.RaftServerConfigKeys (ConfUtils.java:logGet(43)) - raft.server.log.segment.cache.num.max = 2 (custom)
2019-07-14 16:16:14,151 INFO  server.RaftServerConfigKeys (ConfUtils.java:logGet(43)) - raft.server.log.purge.gap = 1000000000 (custom)
2019-07-14 16:16:14,152 INFO  segmented.SegmentedRaftLogWorker (SegmentedRaftLogWorker.java:<init>(172)) - new e49e00ac-01e2-41d2-8ec0-d1120db36378-SegmentedRaftLogWorker:Storage Directory /workdir/hadoop-ozone/integration-test/target/test-dir/MiniOzoneClusterImpl-cdd58879-4209-485f-b550-735d0945b7ce/datanode-1/data/ratis/db585593-c8c4-4679-81cb-07ca127ff588 for RaftStorage:Storage Directory /workdir/hadoop-ozone/integration-test/target/test-dir/MiniOzoneClusterImpl-cdd58879-4209-485f-b550-735d0945b7ce/datanode-1/data/ratis/db585593-c8c4-4679-81cb-07ca127ff588
2019-07-14 16:16:14,151 INFO  server.RaftServerConfigKeys (ConfUtils.java:logGet(43)) - raft.server.log.purge.gap = 1000000000 (custom)
2019-07-14 16:16:14,152 INFO  server.RaftServerConfigKeys (ConfUtils.java:logGet(43)) - raft.server.log.queue.byte-limit = 2147483647 (custom)
2019-07-14 16:16:14,152 INFO  server.RaftServerConfigKeys (ConfUtils.java:logGet(43)) - raft.server.log.appender.buffer.byte-limit = 33554432 (custom)
2019-07-14 16:16:14,152 INFO  server.RaftServerConfigKeys (ConfUtils.java:logGet(43)) - raft.server.log.queue.element-limit = 1024 (custom)
2019-07-14 16:16:14,152 INFO  server.RaftServerConfigKeys (ConfUtils.java:logGet(43)) - raft.server.log.appender.buffer.byte-limit = 33554432 (custom)
2019-07-14 16:16:14,153 INFO  server.RaftServerConfigKeys (ConfUtils.java:logGet(43)) - raft.server.log.segment.size.max = 1048576 (custom)
2019-07-14 16:16:14,152 INFO  server.RaftServerConfigKeys (ConfUtils.java:logGet(43)) - raft.server.log.segment.size.max = 1048576 (custom)
2019-07-14 16:16:14,153 INFO  server.RaftServerConfigKeys (ConfUtils.java:logGet(43)) - raft.server.log.preallocated.size = 16384 (custom)
2019-07-14 16:16:14,153 INFO  server.RaftServerConfigKeys (ConfUtils.java:logGet(43)) - raft.server.log.segment.size.max = 1048576 (custom)
2019-07-14 16:16:14,153 INFO  server.RaftServerConfigKeys (ConfUtils.java:logGet(43)) - raft.server.log.write.buffer.size = 33554432 (custom)
2019-07-14 16:16:14,153 INFO  server.RaftServerConfigKeys (ConfUtils.java:logGet(43)) - raft.server.log.segment.cache.num.max = 2 (custom)
2019-07-14 16:16:14,154 INFO  server.RaftServerConfigKeys (ConfUtils.java:logGet(43)) - raft.server.log.force.sync.num = 128 (default)
2019-07-14 16:16:14,153 INFO  server.RaftServerConfigKeys (ConfUtils.java:logGet(43)) - raft.server.log.segment.cache.num.max = 2 (custom)
2019-07-14 16:16:14,154 INFO  server.RaftServerConfigKeys (ConfUtils.java:logGet(43)) - raft.server.log.statemachine.data.sync = true (default)
2019-07-14 16:16:14,154 INFO  segmented.SegmentedRaftLogWorker (SegmentedRaftLogWorker.java:<init>(172)) - new df97cdfb-6159-47bc-9492-21f4b2603b7a-SegmentedRaftLogWorker:Storage Directory /workdir/hadoop-ozone/integration-test/target/test-dir/MiniOzoneClusterImpl-cdd58879-4209-485f-b550-735d0945b7ce/datanode-0/data/ratis/db585593-c8c4-4679-81cb-07ca127ff588 for RaftStorage:Storage Directory /workdir/hadoop-ozone/integration-test/target/test-dir/MiniOzoneClusterImpl-cdd58879-4209-485f-b550-735d0945b7ce/datanode-0/data/ratis/db585593-c8c4-4679-81cb-07ca127ff588
2019-07-14 16:16:14,154 INFO  server.RaftServerConfigKeys (ConfUtils.java:logGet(43)) - raft.server.log.statemachine.data.sync.timeout = 10s (default)
2019-07-14 16:16:14,154 INFO  segmented.SegmentedRaftLogWorker (SegmentedRaftLogWorker.java:<init>(172)) - new 26a73836-4946-4dff-9ecc-d6811ba894c4-SegmentedRaftLogWorker:Storage Directory /workdir/hadoop-ozone/integration-test/target/test-dir/MiniOzoneClusterImpl-cdd58879-4209-485f-b550-735d0945b7ce/datanode-2/data/ratis/db585593-c8c4-4679-81cb-07ca127ff588 for RaftStorage:Storage Directory /workdir/hadoop-ozone/integration-test/target/test-dir/MiniOzoneClusterImpl-cdd58879-4209-485f-b550-735d0945b7ce/datanode-2/data/ratis/db585593-c8c4-4679-81cb-07ca127ff588
2019-07-14 16:16:14,155 INFO  server.RaftServerConfigKeys (ConfUtils.java:logGet(43)) - raft.server.log.statemachine.data.sync.timeout.retry = -1 (default)
2019-07-14 16:16:14,154 INFO  server.RaftServerConfigKeys (ConfUtils.java:logGet(43)) - raft.server.log.queue.byte-limit = 2147483647 (custom)
2019-07-14 16:16:14,155 INFO  server.RaftServerConfigKeys (ConfUtils.java:logGet(43)) - raft.server.log.statemachine.data.caching.enabled = true (custom)
2019-07-14 16:16:14,155 INFO  server.RaftServerConfigKeys (ConfUtils.java:logGet(43)) - raft.server.log.queue.byte-limit = 2147483647 (custom)
2019-07-14 16:16:14,155 INFO  server.RaftServerConfigKeys (ConfUtils.java:logGet(43)) - raft.server.log.queue.element-limit = 1024 (custom)
2019-07-14 16:16:14,155 INFO  segmented.SegmentedRaftLogWorker (SegmentedRaftLogWorker.java:lambda$new$0(132)) - e49e00ac-01e2-41d2-8ec0-d1120db36378-SegmentedRaftLogWorker:Storage Directory /workdir/hadoop-ozone/integration-test/target/test-dir/MiniOzoneClusterImpl-cdd58879-4209-485f-b550-735d0945b7ce/datanode-1/data/ratis/db585593-c8c4-4679-81cb-07ca127ff588: flushIndex: setUnconditionally 0 -> -1
2019-07-14 16:16:14,155 INFO  server.RaftServerConfigKeys (ConfUtils.java:logGet(43)) - raft.server.log.queue.element-limit = 1024 (custom)
2019-07-14 16:16:14,156 INFO  server.RaftServerConfigKeys (ConfUtils.java:logGet(43)) - raft.server.log.segment.size.max = 1048576 (custom)
2019-07-14 16:16:14,156 INFO  server.RaftServerConfigKeys (ConfUtils.java:logGet(43)) - raft.server.log.segment.size.max = 1048576 (custom)
2019-07-14 16:16:14,156 INFO  server.RaftServerConfigKeys (ConfUtils.java:logGet(43)) - raft.server.snapshot.auto.trigger.enabled = true (custom)
2019-07-14 16:16:14,156 INFO  server.RaftServerConfigKeys (ConfUtils.java:logGet(43)) - raft.server.log.preallocated.size = 16384 (custom)
2019-07-14 16:16:14,156 INFO  server.RaftServerConfigKeys (ConfUtils.java:logGet(43)) - raft.server.log.preallocated.size = 16384 (custom)
2019-07-14 16:16:14,156 INFO  server.RaftServerConfigKeys (ConfUtils.java:logGet(43)) - raft.server.log.write.buffer.size = 33554432 (custom)
2019-07-14 16:16:14,156 INFO  server.RaftServerConfigKeys (ConfUtils.java:logGet(43)) - raft.server.snapshot.auto.trigger.threshold = 10000 (custom)
2019-07-14 16:16:14,157 INFO  server.RaftServerConfigKeys (ConfUtils.java:logGet(43)) - raft.server.log.force.sync.num = 128 (default)
2019-07-14 16:16:14,157 INFO  server.RaftServerConfigKeys (ConfUtils.java:logGet(43)) - raft.server.log.write.buffer.size = 33554432 (custom)
2019-07-14 16:16:14,157 INFO  server.RaftServerConfigKeys (ConfUtils.java:logGet(43)) - raft.server.log.statemachine.data.sync = true (default)
2019-07-14 16:16:14,157 INFO  server.RaftServerConfigKeys (ConfUtils.java:logGet(43)) - raft.server.retrycache.expirytime = 600000ms (custom)
2019-07-14 16:16:14,157 INFO  server.RaftServerConfigKeys (ConfUtils.java:logGet(43)) - raft.server.log.statemachine.data.sync.timeout = 10s (default)
2019-07-14 16:16:14,157 INFO  server.RaftServerConfigKeys (ConfUtils.java:logGet(43)) - raft.server.log.force.sync.num = 128 (default)
2019-07-14 16:16:14,158 INFO  server.RaftServerConfigKeys (ConfUtils.java:logGet(43)) - raft.server.log.statemachine.data.sync.timeout.retry = -1 (default)
2019-07-14 16:16:14,158 INFO  impl.RaftServerImpl (RaftServerImpl.java:start(180)) - e49e00ac-01e2-41d2-8ec0-d1120db36378: start group-07CA127FF588
2019-07-14 16:16:14,158 INFO  server.RaftServerConfigKeys (ConfUtils.java:logGet(43)) - raft.server.log.statemachine.data.caching.enabled = true (custom)
2019-07-14 16:16:14,158 INFO  server.RaftServerConfigKeys (ConfUtils.java:logGet(43)) - raft.server.log.statemachine.data.sync = true (default)
2019-07-14 16:16:14,158 INFO  impl.RaftServerImpl (RaftServerImpl.java:setRole(171)) - e49e00ac-01e2-41d2-8ec0-d1120db36378:group-07CA127FF588 changes role from null to FOLLOWER at term 0 for startAsFollower
2019-07-14 16:16:14,158 INFO  segmented.SegmentedRaftLogWorker (SegmentedRaftLogWorker.java:lambda$new$0(132)) - 26a73836-4946-4dff-9ecc-d6811ba894c4-SegmentedRaftLogWorker:Storage Directory /workdir/hadoop-ozone/integration-test/target/test-dir/MiniOzoneClusterImpl-cdd58879-4209-485f-b550-735d0945b7ce/datanode-2/data/ratis/db585593-c8c4-4679-81cb-07ca127ff588: flushIndex: setUnconditionally 0 -> -1
2019-07-14 16:16:14,158 INFO  server.RaftServerConfigKeys (ConfUtils.java:logGet(43)) - raft.server.log.statemachine.data.sync.timeout = 10s (default)
2019-07-14 16:16:14,159 INFO  impl.RoleInfo (RoleInfo.java:updateAndGet(143)) - e49e00ac-01e2-41d2-8ec0-d1120db36378: start FollowerState
2019-07-14 16:16:14,159 INFO  server.RaftServerConfigKeys (ConfUtils.java:logGet(43)) - raft.server.snapshot.auto.trigger.enabled = true (custom)
2019-07-14 16:16:14,159 INFO  server.RaftServerConfigKeys (ConfUtils.java:logGet(43)) - raft.server.log.statemachine.data.sync.timeout.retry = -1 (default)
2019-07-14 16:16:14,159 INFO  server.RaftServerConfigKeys (ConfUtils.java:logGet(43)) - raft.server.snapshot.auto.trigger.threshold = 10000 (custom)
2019-07-14 16:16:14,159 INFO  server.RaftServerConfigKeys (ConfUtils.java:logGet(43)) - raft.server.log.statemachine.data.caching.enabled = true (custom)
2019-07-14 16:16:14,160 INFO  server.RaftServerConfigKeys (ConfUtils.java:logGet(43)) - raft.server.retrycache.expirytime = 600000ms (custom)
2019-07-14 16:16:14,159 INFO  util.JmxRegister (JmxRegister.java:tryRegister(44)) - Successfully registered JMX Bean with object name Ratis:service=RaftServer,group=group-07CA127FF588,id=e49e00ac-01e2-41d2-8ec0-d1120db36378
2019-07-14 16:16:14,160 INFO  impl.RaftServerImpl (RaftServerImpl.java:start(180)) - 26a73836-4946-4dff-9ecc-d6811ba894c4: start group-07CA127FF588
2019-07-14 16:16:14,160 INFO  segmented.SegmentedRaftLogWorker (SegmentedRaftLogWorker.java:lambda$new$0(132)) - df97cdfb-6159-47bc-9492-21f4b2603b7a-SegmentedRaftLogWorker:Storage Directory /workdir/hadoop-ozone/integration-test/target/test-dir/MiniOzoneClusterImpl-cdd58879-4209-485f-b550-735d0945b7ce/datanode-0/data/ratis/db585593-c8c4-4679-81cb-07ca127ff588: flushIndex: setUnconditionally 0 -> -1
2019-07-14 16:16:14,160 INFO  impl.RaftServerImpl (RaftServerImpl.java:setRole(171)) - 26a73836-4946-4dff-9ecc-d6811ba894c4:group-07CA127FF588 changes role from null to FOLLOWER at term 0 for startAsFollower
2019-07-14 16:16:14,160 INFO  server.RaftServerConfigKeys (ConfUtils.java:logGet(43)) - raft.server.snapshot.auto.trigger.enabled = true (custom)
2019-07-14 16:16:14,160 INFO  impl.RoleInfo (RoleInfo.java:updateAndGet(143)) - 26a73836-4946-4dff-9ecc-d6811ba894c4: start FollowerState
2019-07-14 16:16:14,160 INFO  server.RaftServerConfigKeys (ConfUtils.java:logGet(43)) - raft.server.snapshot.auto.trigger.threshold = 10000 (custom)
2019-07-14 16:16:14,161 INFO  server.RaftServerConfigKeys (ConfUtils.java:logGet(43)) - raft.server.retrycache.expirytime = 600000ms (custom)
2019-07-14 16:16:14,161 INFO  util.JmxRegister (JmxRegister.java:tryRegister(44)) - Successfully registered JMX Bean with object name Ratis:service=RaftServer,group=group-07CA127FF588,id=26a73836-4946-4dff-9ecc-d6811ba894c4
2019-07-14 16:16:14,161 INFO  impl.RaftServerImpl (RaftServerImpl.java:start(180)) - df97cdfb-6159-47bc-9492-21f4b2603b7a: start group-07CA127FF588
2019-07-14 16:16:14,161 INFO  impl.RaftServerImpl (RaftServerImpl.java:setRole(171)) - df97cdfb-6159-47bc-9492-21f4b2603b7a:group-07CA127FF588 changes role from null to FOLLOWER at term 0 for startAsFollower
2019-07-14 16:16:14,161 INFO  impl.RoleInfo (RoleInfo.java:updateAndGet(143)) - df97cdfb-6159-47bc-9492-21f4b2603b7a: start FollowerState
2019-07-14 16:16:14,164 INFO  util.JmxRegister (JmxRegister.java:tryRegister(44)) - Successfully registered JMX Bean with object name Ratis:service=RaftServer,group=group-07CA127FF588,id=df97cdfb-6159-47bc-9492-21f4b2603b7a
2019-07-14 16:16:14,172 INFO  pipeline.PipelineStateManager (PipelineStateManager.java:addPipeline(56)) - Created pipeline Pipeline[ Id: db585593-c8c4-4679-81cb-07ca127ff588, Nodes: df97cdfb-6159-47bc-9492-21f4b2603b7a{ip: 192.168.69.77, host: pr-hdds-1710-5x6jb-1204890111, networkLocation: /default-rack, certSerialId: null}26a73836-4946-4dff-9ecc-d6811ba894c4{ip: 192.168.69.77, host: pr-hdds-1710-5x6jb-1204890111, networkLocation: /default-rack, certSerialId: null}e49e00ac-01e2-41d2-8ec0-d1120db36378{ip: 192.168.69.77, host: pr-hdds-1710-5x6jb-1204890111, networkLocation: /default-rack, certSerialId: null}, Type:RATIS, Factor:THREE, State:OPEN]
2019-07-14 16:16:14,255 INFO  node.SCMNodeManager (SCMNodeManager.java:register(269)) - Registered Data node : 7cab76d5-0384-4840-a60b-a551623f6093{ip: 192.168.69.77, host: pr-hdds-1710-5x6jb-1204890111, networkLocation: /default-rack, certSerialId: null}
2019-07-14 16:16:14,271 INFO  impl.RaftServerProxy (RaftServerProxy.java:addNew(89)) - 7cab76d5-0384-4840-a60b-a551623f6093: addNew group-90A707B522BA:[7cab76d5-0384-4840-a60b-a551623f6093:192.168.69.77:35306] returns group-90A707B522BA:java.util.concurrent.CompletableFuture@6af7d666[Not completed]
2019-07-14 16:16:14,273 INFO  impl.RaftServerImpl (RaftServerImpl.java:<init>(93)) - 7cab76d5-0384-4840-a60b-a551623f6093: new RaftServerImpl for group-90A707B522BA:[7cab76d5-0384-4840-a60b-a551623f6093:192.168.69.77:35306] with ContainerStateMachine:uninitialized
2019-07-14 16:16:14,273 INFO  server.RaftServerConfigKeys (ConfUtils.java:logGet(43)) - raft.server.rpc.timeout.min = 5s (custom)
2019-07-14 16:16:14,273 INFO  server.RaftServerConfigKeys (ConfUtils.java:logGet(43)) - raft.server.rpc.timeout.max = 5200ms (custom)
2019-07-14 16:16:14,273 INFO  server.RaftServerConfigKeys (ConfUtils.java:logGet(43)) - raft.server.rpcslowness.timeout = 120s (custom)
2019-07-14 16:16:14,273 INFO  server.RaftServerConfigKeys (ConfUtils.java:logGet(43)) - raft.server.sleep.deviation.threshold = 300 (default)
2019-07-14 16:16:14,274 INFO  server.RaftServerConfigKeys (ConfUtils.java:logGet(43)) - raft.server.log.appender.install.snapshot.enabled = false (custom)
2019-07-14 16:16:14,274 INFO  impl.RaftServerImpl (ServerState.java:<init>(105)) - 7cab76d5-0384-4840-a60b-a551623f6093:group-90A707B522BA ConfigurationManager, init=-1: [7cab76d5-0384-4840-a60b-a551623f6093:192.168.69.77:35306], old=null, confs=<EMPTY_MAP>
2019-07-14 16:16:14,274 INFO  server.RaftServerConfigKeys (ConfUtils.java:logGet(43)) - raft.server.storage.dir = [/workdir/hadoop-ozone/integration-test/target/test-dir/MiniOzoneClusterImpl-cdd58879-4209-485f-b550-735d0945b7ce/datanode-3/data/ratis] (custom)
2019-07-14 16:16:14,274 INFO  storage.RaftStorageDirectory (RaftStorageDirectory.java:analyzeStorage(246)) - The storage directory /workdir/hadoop-ozone/integration-test/target/test-dir/MiniOzoneClusterImpl-cdd58879-4209-485f-b550-735d0945b7ce/datanode-3/data/ratis/d68da4dd-3468-43ee-80b7-90a707b522ba does not exist. Creating ...
2019-07-14 16:16:14,296 INFO  storage.RaftStorageDirectory (RaftStorageDirectory.java:tryLock(328)) - Lock on /workdir/hadoop-ozone/integration-test/target/test-dir/MiniOzoneClusterImpl-cdd58879-4209-485f-b550-735d0945b7ce/datanode-3/data/ratis/d68da4dd-3468-43ee-80b7-90a707b522ba/in_use.lock acquired by nodename 762@pr-hdds-1710-5x6jb-1204890111
2019-07-14 16:16:14,309 INFO  storage.RaftStorage (RaftStorage.java:format(72)) - Storage directory /workdir/hadoop-ozone/integration-test/target/test-dir/MiniOzoneClusterImpl-cdd58879-4209-485f-b550-735d0945b7ce/datanode-3/data/ratis/d68da4dd-3468-43ee-80b7-90a707b522ba has been successfully formatted.
2019-07-14 16:16:14,309 INFO  ratis.ContainerStateMachine (ContainerStateMachine.java:loadSnapshot(200)) - The snapshot info is null.Setting the last applied index to:(t:0, i:~)
2019-07-14 16:16:14,309 INFO  server.RaftServerConfigKeys (ConfUtils.java:logGet(43)) - raft.server.leader.election.timeout = 120s (custom)
2019-07-14 16:16:14,310 INFO  server.RaftServerConfigKeys (ConfUtils.java:logGet(43)) - raft.server.log.use.memory = false (default)
2019-07-14 16:16:14,310 INFO  server.RaftServerConfigKeys (ConfUtils.java:logGet(43)) - raft.server.log.purge.gap = 1000000000 (custom)
2019-07-14 16:16:14,310 INFO  server.RaftServerConfigKeys (ConfUtils.java:logGet(43)) - raft.server.log.appender.buffer.byte-limit = 33554432 (custom)
2019-07-14 16:16:14,310 INFO  server.RaftServerConfigKeys (ConfUtils.java:logGet(43)) - raft.server.log.segment.size.max = 1048576 (custom)
2019-07-14 16:16:14,310 INFO  server.RaftServerConfigKeys (ConfUtils.java:logGet(43)) - raft.server.log.segment.cache.num.max = 2 (custom)
2019-07-14 16:16:14,310 INFO  segmented.SegmentedRaftLogWorker (SegmentedRaftLogWorker.java:<init>(172)) - new 7cab76d5-0384-4840-a60b-a551623f6093-SegmentedRaftLogWorker:Storage Directory /workdir/hadoop-ozone/integration-test/target/test-dir/MiniOzoneClusterImpl-cdd58879-4209-485f-b550-735d0945b7ce/datanode-3/data/ratis/d68da4dd-3468-43ee-80b7-90a707b522ba for RaftStorage:Storage Directory /workdir/hadoop-ozone/integration-test/target/test-dir/MiniOzoneClusterImpl-cdd58879-4209-485f-b550-735d0945b7ce/datanode-3/data/ratis/d68da4dd-3468-43ee-80b7-90a707b522ba
2019-07-14 16:16:14,311 INFO  server.RaftServerConfigKeys (ConfUtils.java:logGet(43)) - raft.server.log.queue.byte-limit = 2147483647 (custom)
2019-07-14 16:16:14,311 INFO  server.RaftServerConfigKeys (ConfUtils.java:logGet(43)) - raft.server.log.queue.element-limit = 1024 (custom)
2019-07-14 16:16:14,311 INFO  server.RaftServerConfigKeys (ConfUtils.java:logGet(43)) - raft.server.log.segment.size.max = 1048576 (custom)
2019-07-14 16:16:14,311 INFO  server.RaftServerConfigKeys (ConfUtils.java:logGet(43)) - raft.server.log.preallocated.size = 16384 (custom)
2019-07-14 16:16:14,311 INFO  server.RaftServerConfigKeys (ConfUtils.java:logGet(43)) - raft.server.log.write.buffer.size = 33554432 (custom)
2019-07-14 16:16:14,312 INFO  server.RaftServerConfigKeys (ConfUtils.java:logGet(43)) - raft.server.log.force.sync.num = 128 (default)
2019-07-14 16:16:14,312 INFO  server.RaftServerConfigKeys (ConfUtils.java:logGet(43)) - raft.server.log.statemachine.data.sync = true (default)
2019-07-14 16:16:14,312 INFO  server.RaftServerConfigKeys (ConfUtils.java:logGet(43)) - raft.server.log.statemachine.data.sync.timeout = 10s (default)
2019-07-14 16:16:14,312 INFO  server.RaftServerConfigKeys (ConfUtils.java:logGet(43)) - raft.server.log.statemachine.data.sync.timeout.retry = -1 (default)
2019-07-14 16:16:14,312 INFO  server.RaftServerConfigKeys (ConfUtils.java:logGet(43)) - raft.server.log.statemachine.data.caching.enabled = true (custom)
2019-07-14 16:16:14,313 INFO  segmented.SegmentedRaftLogWorker (SegmentedRaftLogWorker.java:lambda$new$0(132)) - 7cab76d5-0384-4840-a60b-a551623f6093-SegmentedRaftLogWorker:Storage Directory /workdir/hadoop-ozone/integration-test/target/test-dir/MiniOzoneClusterImpl-cdd58879-4209-485f-b550-735d0945b7ce/datanode-3/data/ratis/d68da4dd-3468-43ee-80b7-90a707b522ba: flushIndex: setUnconditionally 0 -> -1
2019-07-14 16:16:14,313 INFO  server.RaftServerConfigKeys (ConfUtils.java:logGet(43)) - raft.server.snapshot.auto.trigger.enabled = true (custom)
2019-07-14 16:16:14,313 INFO  server.RaftServerConfigKeys (ConfUtils.java:logGet(43)) - raft.server.snapshot.auto.trigger.threshold = 10000 (custom)
2019-07-14 16:16:14,314 INFO  server.RaftServerConfigKeys (ConfUtils.java:logGet(43)) - raft.server.retrycache.expirytime = 600000ms (custom)
2019-07-14 16:16:14,314 INFO  impl.RaftServerImpl (RaftServerImpl.java:start(180)) - 7cab76d5-0384-4840-a60b-a551623f6093: start group-90A707B522BA
2019-07-14 16:16:14,314 INFO  impl.RaftServerImpl (RaftServerImpl.java:setRole(171)) - 7cab76d5-0384-4840-a60b-a551623f6093:group-90A707B522BA changes role from null to FOLLOWER at term 0 for startAsFollower
2019-07-14 16:16:14,314 INFO  impl.RoleInfo (RoleInfo.java:updateAndGet(143)) - 7cab76d5-0384-4840-a60b-a551623f6093: start FollowerState
2019-07-14 16:16:14,315 INFO  util.JmxRegister (JmxRegister.java:tryRegister(44)) - Successfully registered JMX Bean with object name Ratis:service=RaftServer,group=group-90A707B522BA,id=7cab76d5-0384-4840-a60b-a551623f6093
2019-07-14 16:16:14,320 INFO  pipeline.PipelineStateManager (PipelineStateManager.java:addPipeline(56)) - Created pipeline Pipeline[ Id: d68da4dd-3468-43ee-80b7-90a707b522ba, Nodes: 7cab76d5-0384-4840-a60b-a551623f6093{ip: 192.168.69.77, host: pr-hdds-1710-5x6jb-1204890111, networkLocation: /default-rack, certSerialId: null}, Type:RATIS, Factor:ONE, State:OPEN]
2019-07-14 16:16:14,432 INFO  node.SCMNodeManager (SCMNodeManager.java:register(269)) - Registered Data node : d32f881f-77a3-40f0-915e-9b7d112da8da{ip: 192.168.69.77, host: pr-hdds-1710-5x6jb-1204890111, networkLocation: /default-rack, certSerialId: null}
2019-07-14 16:16:14,444 INFO  impl.RaftServerProxy (RaftServerProxy.java:addNew(89)) - d32f881f-77a3-40f0-915e-9b7d112da8da: addNew group-430FE210230E:[d32f881f-77a3-40f0-915e-9b7d112da8da:192.168.69.77:34603] returns group-430FE210230E:java.util.concurrent.CompletableFuture@5ddecdee[Not completed]
2019-07-14 16:16:14,446 INFO  impl.RaftServerImpl (RaftServerImpl.java:<init>(93)) - d32f881f-77a3-40f0-915e-9b7d112da8da: new RaftServerImpl for group-430FE210230E:[d32f881f-77a3-40f0-915e-9b7d112da8da:192.168.69.77:34603] with ContainerStateMachine:uninitialized
2019-07-14 16:16:14,446 INFO  server.RaftServerConfigKeys (ConfUtils.java:logGet(43)) - raft.server.rpc.timeout.min = 5s (custom)
2019-07-14 16:16:14,446 INFO  server.RaftServerConfigKeys (ConfUtils.java:logGet(43)) - raft.server.rpc.timeout.max = 5200ms (custom)
2019-07-14 16:16:14,446 INFO  server.RaftServerConfigKeys (ConfUtils.java:logGet(43)) - raft.server.rpcslowness.timeout = 120s (custom)
2019-07-14 16:16:14,446 INFO  server.RaftServerConfigKeys (ConfUtils.java:logGet(43)) - raft.server.sleep.deviation.threshold = 300 (default)
2019-07-14 16:16:14,447 INFO  server.RaftServerConfigKeys (ConfUtils.java:logGet(43)) - raft.server.log.appender.install.snapshot.enabled = false (custom)
2019-07-14 16:16:14,447 INFO  impl.RaftServerImpl (ServerState.java:<init>(105)) - d32f881f-77a3-40f0-915e-9b7d112da8da:group-430FE210230E ConfigurationManager, init=-1: [d32f881f-77a3-40f0-915e-9b7d112da8da:192.168.69.77:34603], old=null, confs=<EMPTY_MAP>
2019-07-14 16:16:14,447 INFO  server.RaftServerConfigKeys (ConfUtils.java:logGet(43)) - raft.server.storage.dir = [/workdir/hadoop-ozone/integration-test/target/test-dir/MiniOzoneClusterImpl-cdd58879-4209-485f-b550-735d0945b7ce/datanode-4/data/ratis] (custom)
2019-07-14 16:16:14,447 INFO  storage.RaftStorageDirectory (RaftStorageDirectory.java:analyzeStorage(246)) - The storage directory /workdir/hadoop-ozone/integration-test/target/test-dir/MiniOzoneClusterImpl-cdd58879-4209-485f-b550-735d0945b7ce/datanode-4/data/ratis/0c0c985a-f08b-47e8-9ad3-430fe210230e does not exist. Creating ...
2019-07-14 16:16:14,461 INFO  storage.RaftStorageDirectory (RaftStorageDirectory.java:tryLock(328)) - Lock on /workdir/hadoop-ozone/integration-test/target/test-dir/MiniOzoneClusterImpl-cdd58879-4209-485f-b550-735d0945b7ce/datanode-4/data/ratis/0c0c985a-f08b-47e8-9ad3-430fe210230e/in_use.lock acquired by nodename 762@pr-hdds-1710-5x6jb-1204890111
2019-07-14 16:16:14,473 INFO  storage.RaftStorage (RaftStorage.java:format(72)) - Storage directory /workdir/hadoop-ozone/integration-test/target/test-dir/MiniOzoneClusterImpl-cdd58879-4209-485f-b550-735d0945b7ce/datanode-4/data/ratis/0c0c985a-f08b-47e8-9ad3-430fe210230e has been successfully formatted.
2019-07-14 16:16:14,474 INFO  ratis.ContainerStateMachine (ContainerStateMachine.java:loadSnapshot(200)) - The snapshot info is null.Setting the last applied index to:(t:0, i:~)
2019-07-14 16:16:14,474 INFO  server.RaftServerConfigKeys (ConfUtils.java:logGet(43)) - raft.server.leader.election.timeout = 120s (custom)
2019-07-14 16:16:14,474 INFO  server.RaftServerConfigKeys (ConfUtils.java:logGet(43)) - raft.server.log.use.memory = false (default)
2019-07-14 16:16:14,474 INFO  server.RaftServerConfigKeys (ConfUtils.java:logGet(43)) - raft.server.log.purge.gap = 1000000000 (custom)
2019-07-14 16:16:14,475 INFO  server.RaftServerConfigKeys (ConfUtils.java:logGet(43)) - raft.server.log.appender.buffer.byte-limit = 33554432 (custom)
2019-07-14 16:16:14,475 INFO  server.RaftServerConfigKeys (ConfUtils.java:logGet(43)) - raft.server.log.segment.size.max = 1048576 (custom)
2019-07-14 16:16:14,475 INFO  server.RaftServerConfigKeys (ConfUtils.java:logGet(43)) - raft.server.log.segment.cache.num.max = 2 (custom)
2019-07-14 16:16:14,475 INFO  segmented.SegmentedRaftLogWorker (SegmentedRaftLogWorker.java:<init>(172)) - new d32f881f-77a3-40f0-915e-9b7d112da8da-SegmentedRaftLogWorker:Storage Directory /workdir/hadoop-ozone/integration-test/target/test-dir/MiniOzoneClusterImpl-cdd58879-4209-485f-b550-735d0945b7ce/datanode-4/data/ratis/0c0c985a-f08b-47e8-9ad3-430fe210230e for RaftStorage:Storage Directory /workdir/hadoop-ozone/integration-test/target/test-dir/MiniOzoneClusterImpl-cdd58879-4209-485f-b550-735d0945b7ce/datanode-4/data/ratis/0c0c985a-f08b-47e8-9ad3-430fe210230e
2019-07-14 16:16:14,475 INFO  server.RaftServerConfigKeys (ConfUtils.java:logGet(43)) - raft.server.log.queue.byte-limit = 2147483647 (custom)
2019-07-14 16:16:14,476 INFO  server.RaftServerConfigKeys (ConfUtils.java:logGet(43)) - raft.server.log.queue.element-limit = 1024 (custom)
2019-07-14 16:16:14,476 INFO  server.RaftServerConfigKeys (ConfUtils.java:logGet(43)) - raft.server.log.segment.size.max = 1048576 (custom)
2019-07-14 16:16:14,476 INFO  server.RaftServerConfigKeys (ConfUtils.java:logGet(43)) - raft.server.log.preallocated.size = 16384 (custom)
2019-07-14 16:16:14,476 INFO  server.RaftServerConfigKeys (ConfUtils.java:logGet(43)) - raft.server.log.write.buffer.size = 33554432 (custom)
2019-07-14 16:16:14,476 INFO  server.RaftServerConfigKeys (ConfUtils.java:logGet(43)) - raft.server.log.force.sync.num = 128 (default)
2019-07-14 16:16:14,477 INFO  server.RaftServerConfigKeys (ConfUtils.java:logGet(43)) - raft.server.log.statemachine.data.sync = true (default)
2019-07-14 16:16:14,477 INFO  server.RaftServerConfigKeys (ConfUtils.java:logGet(43)) - raft.server.log.statemachine.data.sync.timeout = 10s (default)
2019-07-14 16:16:14,477 INFO  server.RaftServerConfigKeys (ConfUtils.java:logGet(43)) - raft.server.log.statemachine.data.sync.timeout.retry = -1 (default)
2019-07-14 16:16:14,477 INFO  server.RaftServerConfigKeys (ConfUtils.java:logGet(43)) - raft.server.log.statemachine.data.caching.enabled = true (custom)
2019-07-14 16:16:14,478 INFO  segmented.SegmentedRaftLogWorker (SegmentedRaftLogWorker.java:lambda$new$0(132)) - d32f881f-77a3-40f0-915e-9b7d112da8da-SegmentedRaftLogWorker:Storage Directory /workdir/hadoop-ozone/integration-test/target/test-dir/MiniOzoneClusterImpl-cdd58879-4209-485f-b550-735d0945b7ce/datanode-4/data/ratis/0c0c985a-f08b-47e8-9ad3-430fe210230e: flushIndex: setUnconditionally 0 -> -1
2019-07-14 16:16:14,478 INFO  server.RaftServerConfigKeys (ConfUtils.java:logGet(43)) - raft.server.snapshot.auto.trigger.enabled = true (custom)
2019-07-14 16:16:14,479 INFO  server.RaftServerConfigKeys (ConfUtils.java:logGet(43)) - raft.server.snapshot.auto.trigger.threshold = 10000 (custom)
2019-07-14 16:16:14,479 INFO  server.RaftServerConfigKeys (ConfUtils.java:logGet(43)) - raft.server.retrycache.expirytime = 600000ms (custom)
2019-07-14 16:16:14,479 INFO  impl.RaftServerImpl (RaftServerImpl.java:start(180)) - d32f881f-77a3-40f0-915e-9b7d112da8da: start group-430FE210230E
2019-07-14 16:16:14,479 INFO  impl.RaftServerImpl (RaftServerImpl.java:setRole(171)) - d32f881f-77a3-40f0-915e-9b7d112da8da:group-430FE210230E changes role from null to FOLLOWER at term 0 for startAsFollower
2019-07-14 16:16:14,479 INFO  impl.RoleInfo (RoleInfo.java:updateAndGet(143)) - d32f881f-77a3-40f0-915e-9b7d112da8da: start FollowerState
2019-07-14 16:16:14,493 INFO  util.JmxRegister (JmxRegister.java:tryRegister(44)) - Successfully registered JMX Bean with object name Ratis:service=RaftServer,group=group-430FE210230E,id=d32f881f-77a3-40f0-915e-9b7d112da8da
2019-07-14 16:16:14,505 INFO  pipeline.PipelineStateManager (PipelineStateManager.java:addPipeline(56)) - Created pipeline Pipeline[ Id: 0c0c985a-f08b-47e8-9ad3-430fe210230e, Nodes: d32f881f-77a3-40f0-915e-9b7d112da8da{ip: 192.168.69.77, host: pr-hdds-1710-5x6jb-1204890111, networkLocation: /default-rack, certSerialId: null}, Type:RATIS, Factor:ONE, State:OPEN]
2019-07-14 16:16:14,604 INFO  ozone.MiniOzoneClusterImpl (MiniOzoneClusterImpl.java:lambda$waitForClusterToBeReady$0(142)) - Waiting for cluster to be ready. Got 5 of 6 DN Heartbeats.
2019-07-14 16:16:14,606 INFO  node.SCMNodeManager (SCMNodeManager.java:register(269)) - Registered Data node : 922018ce-a699-4157-97d4-e71fe992046b{ip: 192.168.69.77, host: pr-hdds-1710-5x6jb-1204890111, networkLocation: /default-rack, certSerialId: null}
2019-07-14 16:16:14,622 INFO  impl.RaftServerProxy (RaftServerProxy.java:addNew(89)) - 922018ce-a699-4157-97d4-e71fe992046b: addNew group-9B60E9F449B7:[922018ce-a699-4157-97d4-e71fe992046b:192.168.69.77:45692] returns group-9B60E9F449B7:java.util.concurrent.CompletableFuture@215c1ddd[Not completed]
2019-07-14 16:16:14,624 INFO  impl.RaftServerImpl (RaftServerImpl.java:<init>(93)) - 922018ce-a699-4157-97d4-e71fe992046b: new RaftServerImpl for group-9B60E9F449B7:[922018ce-a699-4157-97d4-e71fe992046b:192.168.69.77:45692] with ContainerStateMachine:uninitialized
2019-07-14 16:16:14,624 INFO  server.RaftServerConfigKeys (ConfUtils.java:logGet(43)) - raft.server.rpc.timeout.min = 5s (custom)
2019-07-14 16:16:14,624 INFO  server.RaftServerConfigKeys (ConfUtils.java:logGet(43)) - raft.server.rpc.timeout.max = 5200ms (custom)
2019-07-14 16:16:14,624 INFO  server.RaftServerConfigKeys (ConfUtils.java:logGet(43)) - raft.server.rpcslowness.timeout = 120s (custom)
2019-07-14 16:16:14,625 INFO  server.RaftServerConfigKeys (ConfUtils.java:logGet(43)) - raft.server.sleep.deviation.threshold = 300 (default)
2019-07-14 16:16:14,625 INFO  server.RaftServerConfigKeys (ConfUtils.java:logGet(43)) - raft.server.log.appender.install.snapshot.enabled = false (custom)
2019-07-14 16:16:14,625 INFO  impl.RaftServerImpl (ServerState.java:<init>(105)) - 922018ce-a699-4157-97d4-e71fe992046b:group-9B60E9F449B7 ConfigurationManager, init=-1: [922018ce-a699-4157-97d4-e71fe992046b:192.168.69.77:45692], old=null, confs=<EMPTY_MAP>
2019-07-14 16:16:14,625 INFO  server.RaftServerConfigKeys (ConfUtils.java:logGet(43)) - raft.server.storage.dir = [/workdir/hadoop-ozone/integration-test/target/test-dir/MiniOzoneClusterImpl-cdd58879-4209-485f-b550-735d0945b7ce/datanode-5/data/ratis] (custom)
2019-07-14 16:16:14,626 INFO  storage.RaftStorageDirectory (RaftStorageDirectory.java:analyzeStorage(246)) - The storage directory /workdir/hadoop-ozone/integration-test/target/test-dir/MiniOzoneClusterImpl-cdd58879-4209-485f-b550-735d0945b7ce/datanode-5/data/ratis/5f737a52-49cc-4fca-b52d-9b60e9f449b7 does not exist. Creating ...
2019-07-14 16:16:14,639 INFO  storage.RaftStorageDirectory (RaftStorageDirectory.java:tryLock(328)) - Lock on /workdir/hadoop-ozone/integration-test/target/test-dir/MiniOzoneClusterImpl-cdd58879-4209-485f-b550-735d0945b7ce/datanode-5/data/ratis/5f737a52-49cc-4fca-b52d-9b60e9f449b7/in_use.lock acquired by nodename 762@pr-hdds-1710-5x6jb-1204890111
2019-07-14 16:16:14,663 INFO  storage.RaftStorage (RaftStorage.java:format(72)) - Storage directory /workdir/hadoop-ozone/integration-test/target/test-dir/MiniOzoneClusterImpl-cdd58879-4209-485f-b550-735d0945b7ce/datanode-5/data/ratis/5f737a52-49cc-4fca-b52d-9b60e9f449b7 has been successfully formatted.
2019-07-14 16:16:14,663 INFO  ratis.ContainerStateMachine (ContainerStateMachine.java:loadSnapshot(200)) - The snapshot info is null.Setting the last applied index to:(t:0, i:~)
2019-07-14 16:16:14,664 INFO  server.RaftServerConfigKeys (ConfUtils.java:logGet(43)) - raft.server.leader.election.timeout = 120s (custom)
2019-07-14 16:16:14,664 INFO  server.RaftServerConfigKeys (ConfUtils.java:logGet(43)) - raft.server.log.use.memory = false (default)
2019-07-14 16:16:14,664 INFO  server.RaftServerConfigKeys (ConfUtils.java:logGet(43)) - raft.server.log.purge.gap = 1000000000 (custom)
2019-07-14 16:16:14,664 INFO  server.RaftServerConfigKeys (ConfUtils.java:logGet(43)) - raft.server.log.appender.buffer.byte-limit = 33554432 (custom)
2019-07-14 16:16:14,664 INFO  server.RaftServerConfigKeys (ConfUtils.java:logGet(43)) - raft.server.log.segment.size.max = 1048576 (custom)
2019-07-14 16:16:14,664 INFO  server.RaftServerConfigKeys (ConfUtils.java:logGet(43)) - raft.server.log.segment.cache.num.max = 2 (custom)
2019-07-14 16:16:14,665 INFO  segmented.SegmentedRaftLogWorker (SegmentedRaftLogWorker.java:<init>(172)) - new 922018ce-a699-4157-97d4-e71fe992046b-SegmentedRaftLogWorker:Storage Directory /workdir/hadoop-ozone/integration-test/target/test-dir/MiniOzoneClusterImpl-cdd58879-4209-485f-b550-735d0945b7ce/datanode-5/data/ratis/5f737a52-49cc-4fca-b52d-9b60e9f449b7 for RaftStorage:Storage Directory /workdir/hadoop-ozone/integration-test/target/test-dir/MiniOzoneClusterImpl-cdd58879-4209-485f-b550-735d0945b7ce/datanode-5/data/ratis/5f737a52-49cc-4fca-b52d-9b60e9f449b7
2019-07-14 16:16:14,665 INFO  server.RaftServerConfigKeys (ConfUtils.java:logGet(43)) - raft.server.log.queue.byte-limit = 2147483647 (custom)
2019-07-14 16:16:14,665 INFO  server.RaftServerConfigKeys (ConfUtils.java:logGet(43)) - raft.server.log.queue.element-limit = 1024 (custom)
2019-07-14 16:16:14,665 INFO  server.RaftServerConfigKeys (ConfUtils.java:logGet(43)) - raft.server.log.segment.size.max = 1048576 (custom)
2019-07-14 16:16:14,666 INFO  server.RaftServerConfigKeys (ConfUtils.java:logGet(43)) - raft.server.log.preallocated.size = 16384 (custom)
2019-07-14 16:16:14,666 INFO  server.RaftServerConfigKeys (ConfUtils.java:logGet(43)) - raft.server.log.write.buffer.size = 33554432 (custom)
2019-07-14 16:16:14,666 INFO  server.RaftServerConfigKeys (ConfUtils.java:logGet(43)) - raft.server.log.force.sync.num = 128 (default)
2019-07-14 16:16:14,666 INFO  server.RaftServerConfigKeys (ConfUtils.java:logGet(43)) - raft.server.log.statemachine.data.sync = true (default)
2019-07-14 16:16:14,666 INFO  server.RaftServerConfigKeys (ConfUtils.java:logGet(43)) - raft.server.log.statemachine.data.sync.timeout = 10s (default)
2019-07-14 16:16:14,666 INFO  server.RaftServerConfigKeys (ConfUtils.java:logGet(43)) - raft.server.log.statemachine.data.sync.timeout.retry = -1 (default)
2019-07-14 16:16:14,667 INFO  server.RaftServerConfigKeys (ConfUtils.java:logGet(43)) - raft.server.log.statemachine.data.caching.enabled = true (custom)
2019-07-14 16:16:14,667 INFO  segmented.SegmentedRaftLogWorker (SegmentedRaftLogWorker.java:lambda$new$0(132)) - 922018ce-a699-4157-97d4-e71fe992046b-SegmentedRaftLogWorker:Storage Directory /workdir/hadoop-ozone/integration-test/target/test-dir/MiniOzoneClusterImpl-cdd58879-4209-485f-b550-735d0945b7ce/datanode-5/data/ratis/5f737a52-49cc-4fca-b52d-9b60e9f449b7: flushIndex: setUnconditionally 0 -> -1
2019-07-14 16:16:14,668 INFO  server.RaftServerConfigKeys (ConfUtils.java:logGet(43)) - raft.server.snapshot.auto.trigger.enabled = true (custom)
2019-07-14 16:16:14,668 INFO  server.RaftServerConfigKeys (ConfUtils.java:logGet(43)) - raft.server.snapshot.auto.trigger.threshold = 10000 (custom)
2019-07-14 16:16:14,668 INFO  server.RaftServerConfigKeys (ConfUtils.java:logGet(43)) - raft.server.retrycache.expirytime = 600000ms (custom)
2019-07-14 16:16:14,668 INFO  impl.RaftServerImpl (RaftServerImpl.java:start(180)) - 922018ce-a699-4157-97d4-e71fe992046b: start group-9B60E9F449B7
2019-07-14 16:16:14,668 INFO  impl.RaftServerImpl (RaftServerImpl.java:setRole(171)) - 922018ce-a699-4157-97d4-e71fe992046b:group-9B60E9F449B7 changes role from null to FOLLOWER at term 0 for startAsFollower
2019-07-14 16:16:14,669 INFO  impl.RoleInfo (RoleInfo.java:updateAndGet(143)) - 922018ce-a699-4157-97d4-e71fe992046b: start FollowerState
2019-07-14 16:16:14,669 INFO  util.JmxRegister (JmxRegister.java:tryRegister(44)) - Successfully registered JMX Bean with object name Ratis:service=RaftServer,group=group-9B60E9F449B7,id=922018ce-a699-4157-97d4-e71fe992046b
2019-07-14 16:16:14,675 INFO  pipeline.PipelineStateManager (PipelineStateManager.java:addPipeline(56)) - Created pipeline Pipeline[ Id: 5f737a52-49cc-4fca-b52d-9b60e9f449b7, Nodes: 922018ce-a699-4157-97d4-e71fe992046b{ip: 192.168.69.77, host: pr-hdds-1710-5x6jb-1204890111, networkLocation: /default-rack, certSerialId: null}, Type:RATIS, Factor:ONE, State:OPEN]
2019-07-14 16:16:14,699 INFO  impl.RaftServerProxy (RaftServerProxy.java:addNew(89)) - d32f881f-77a3-40f0-915e-9b7d112da8da: addNew group-03B869E7E0AF:[7cab76d5-0384-4840-a60b-a551623f6093:192.168.69.77:35306, 922018ce-a699-4157-97d4-e71fe992046b:192.168.69.77:45692, d32f881f-77a3-40f0-915e-9b7d112da8da:192.168.69.77:34603] returns group-03B869E7E0AF:java.util.concurrent.CompletableFuture@7b015ea4[Not completed]
2019-07-14 16:16:14,699 INFO  impl.RaftServerProxy (RaftServerProxy.java:addNew(89)) - 922018ce-a699-4157-97d4-e71fe992046b: addNew group-03B869E7E0AF:[7cab76d5-0384-4840-a60b-a551623f6093:192.168.69.77:35306, 922018ce-a699-4157-97d4-e71fe992046b:192.168.69.77:45692, d32f881f-77a3-40f0-915e-9b7d112da8da:192.168.69.77:34603] returns group-03B869E7E0AF:java.util.concurrent.CompletableFuture@48041855[Not completed]
2019-07-14 16:16:14,702 INFO  impl.RaftServerProxy (RaftServerProxy.java:addNew(89)) - 7cab76d5-0384-4840-a60b-a551623f6093: addNew group-03B869E7E0AF:[7cab76d5-0384-4840-a60b-a551623f6093:192.168.69.77:35306, 922018ce-a699-4157-97d4-e71fe992046b:192.168.69.77:45692, d32f881f-77a3-40f0-915e-9b7d112da8da:192.168.69.77:34603] returns group-03B869E7E0AF:java.util.concurrent.CompletableFuture@63fafd18[Not completed]
2019-07-14 16:16:14,703 INFO  impl.RaftServerImpl (RaftServerImpl.java:<init>(93)) - d32f881f-77a3-40f0-915e-9b7d112da8da: new RaftServerImpl for group-03B869E7E0AF:[7cab76d5-0384-4840-a60b-a551623f6093:192.168.69.77:35306, 922018ce-a699-4157-97d4-e71fe992046b:192.168.69.77:45692, d32f881f-77a3-40f0-915e-9b7d112da8da:192.168.69.77:34603] with ContainerStateMachine:uninitialized
2019-07-14 16:16:14,703 INFO  server.RaftServerConfigKeys (ConfUtils.java:logGet(43)) - raft.server.rpc.timeout.min = 5s (custom)
2019-07-14 16:16:14,703 INFO  server.RaftServerConfigKeys (ConfUtils.java:logGet(43)) - raft.server.rpc.timeout.max = 5200ms (custom)
2019-07-14 16:16:14,703 INFO  server.RaftServerConfigKeys (ConfUtils.java:logGet(43)) - raft.server.rpcslowness.timeout = 120s (custom)
2019-07-14 16:16:14,703 INFO  server.RaftServerConfigKeys (ConfUtils.java:logGet(43)) - raft.server.sleep.deviation.threshold = 300 (default)
2019-07-14 16:16:14,704 INFO  server.RaftServerConfigKeys (ConfUtils.java:logGet(43)) - raft.server.log.appender.install.snapshot.enabled = false (custom)
2019-07-14 16:16:14,704 INFO  impl.RaftServerImpl (RaftServerImpl.java:<init>(93)) - 7cab76d5-0384-4840-a60b-a551623f6093: new RaftServerImpl for group-03B869E7E0AF:[7cab76d5-0384-4840-a60b-a551623f6093:192.168.69.77:35306, 922018ce-a699-4157-97d4-e71fe992046b:192.168.69.77:45692, d32f881f-77a3-40f0-915e-9b7d112da8da:192.168.69.77:34603] with ContainerStateMachine:uninitialized
2019-07-14 16:16:14,704 INFO  impl.RaftServerImpl (ServerState.java:<init>(105)) - d32f881f-77a3-40f0-915e-9b7d112da8da:group-03B869E7E0AF ConfigurationManager, init=-1: [7cab76d5-0384-4840-a60b-a551623f6093:192.168.69.77:35306, 922018ce-a699-4157-97d4-e71fe992046b:192.168.69.77:45692, d32f881f-77a3-40f0-915e-9b7d112da8da:192.168.69.77:34603], old=null, confs=<EMPTY_MAP>
2019-07-14 16:16:14,704 INFO  server.RaftServerConfigKeys (ConfUtils.java:logGet(43)) - raft.server.rpc.timeout.min = 5s (custom)
2019-07-14 16:16:14,704 INFO  server.RaftServerConfigKeys (ConfUtils.java:logGet(43)) - raft.server.storage.dir = [/workdir/hadoop-ozone/integration-test/target/test-dir/MiniOzoneClusterImpl-cdd58879-4209-485f-b550-735d0945b7ce/datanode-4/data/ratis] (custom)
2019-07-14 16:16:14,704 INFO  server.RaftServerConfigKeys (ConfUtils.java:logGet(43)) - raft.server.rpc.timeout.max = 5200ms (custom)
2019-07-14 16:16:14,704 INFO  impl.RaftServerImpl (RaftServerImpl.java:<init>(93)) - 922018ce-a699-4157-97d4-e71fe992046b: new RaftServerImpl for group-03B869E7E0AF:[7cab76d5-0384-4840-a60b-a551623f6093:192.168.69.77:35306, 922018ce-a699-4157-97d4-e71fe992046b:192.168.69.77:45692, d32f881f-77a3-40f0-915e-9b7d112da8da:192.168.69.77:34603] with ContainerStateMachine:uninitialized
2019-07-14 16:16:14,705 INFO  storage.RaftStorageDirectory (RaftStorageDirectory.java:analyzeStorage(246)) - The storage directory /workdir/hadoop-ozone/integration-test/target/test-dir/MiniOzoneClusterImpl-cdd58879-4209-485f-b550-735d0945b7ce/datanode-4/data/ratis/cb3effe9-a0ef-40a0-bd8d-03b869e7e0af does not exist. Creating ...
2019-07-14 16:16:14,704 INFO  server.RaftServerConfigKeys (ConfUtils.java:logGet(43)) - raft.server.rpcslowness.timeout = 120s (custom)
2019-07-14 16:16:14,705 INFO  server.RaftServerConfigKeys (ConfUtils.java:logGet(43)) - raft.server.rpc.timeout.min = 5s (custom)
2019-07-14 16:16:14,705 INFO  server.RaftServerConfigKeys (ConfUtils.java:logGet(43)) - raft.server.sleep.deviation.threshold = 300 (default)
2019-07-14 16:16:14,705 INFO  server.RaftServerConfigKeys (ConfUtils.java:logGet(43)) - raft.server.rpc.timeout.max = 5200ms (custom)
2019-07-14 16:16:14,705 INFO  server.RaftServerConfigKeys (ConfUtils.java:logGet(43)) - raft.server.log.appender.install.snapshot.enabled = false (custom)
2019-07-14 16:16:14,705 INFO  server.RaftServerConfigKeys (ConfUtils.java:logGet(43)) - raft.server.rpcslowness.timeout = 120s (custom)
2019-07-14 16:16:14,706 INFO  impl.RaftServerImpl (ServerState.java:<init>(105)) - 7cab76d5-0384-4840-a60b-a551623f6093:group-03B869E7E0AF ConfigurationManager, init=-1: [7cab76d5-0384-4840-a60b-a551623f6093:192.168.69.77:35306, 922018ce-a699-4157-97d4-e71fe992046b:192.168.69.77:45692, d32f881f-77a3-40f0-915e-9b7d112da8da:192.168.69.77:34603], old=null, confs=<EMPTY_MAP>
2019-07-14 16:16:14,706 INFO  server.RaftServerConfigKeys (ConfUtils.java:logGet(43)) - raft.server.sleep.deviation.threshold = 300 (default)
2019-07-14 16:16:14,706 INFO  server.RaftServerConfigKeys (ConfUtils.java:logGet(43)) - raft.server.storage.dir = [/workdir/hadoop-ozone/integration-test/target/test-dir/MiniOzoneClusterImpl-cdd58879-4209-485f-b550-735d0945b7ce/datanode-3/data/ratis] (custom)
2019-07-14 16:16:14,706 INFO  server.RaftServerConfigKeys (ConfUtils.java:logGet(43)) - raft.server.log.appender.install.snapshot.enabled = false (custom)
2019-07-14 16:16:14,706 INFO  impl.RaftServerImpl (ServerState.java:<init>(105)) - 922018ce-a699-4157-97d4-e71fe992046b:group-03B869E7E0AF ConfigurationManager, init=-1: [7cab76d5-0384-4840-a60b-a551623f6093:192.168.69.77:35306, 922018ce-a699-4157-97d4-e71fe992046b:192.168.69.77:45692, d32f881f-77a3-40f0-915e-9b7d112da8da:192.168.69.77:34603], old=null, confs=<EMPTY_MAP>
2019-07-14 16:16:14,706 INFO  storage.RaftStorageDirectory (RaftStorageDirectory.java:analyzeStorage(246)) - The storage directory /workdir/hadoop-ozone/integration-test/target/test-dir/MiniOzoneClusterImpl-cdd58879-4209-485f-b550-735d0945b7ce/datanode-3/data/ratis/cb3effe9-a0ef-40a0-bd8d-03b869e7e0af does not exist. Creating ...
2019-07-14 16:16:14,707 INFO  server.RaftServerConfigKeys (ConfUtils.java:logGet(43)) - raft.server.storage.dir = [/workdir/hadoop-ozone/integration-test/target/test-dir/MiniOzoneClusterImpl-cdd58879-4209-485f-b550-735d0945b7ce/datanode-5/data/ratis] (custom)
2019-07-14 16:16:14,707 INFO  storage.RaftStorageDirectory (RaftStorageDirectory.java:analyzeStorage(246)) - The storage directory /workdir/hadoop-ozone/integration-test/target/test-dir/MiniOzoneClusterImpl-cdd58879-4209-485f-b550-735d0945b7ce/datanode-5/data/ratis/cb3effe9-a0ef-40a0-bd8d-03b869e7e0af does not exist. Creating ...
2019-07-14 16:16:14,719 INFO  storage.RaftStorageDirectory (RaftStorageDirectory.java:tryLock(328)) - Lock on /workdir/hadoop-ozone/integration-test/target/test-dir/MiniOzoneClusterImpl-cdd58879-4209-485f-b550-735d0945b7ce/datanode-3/data/ratis/cb3effe9-a0ef-40a0-bd8d-03b869e7e0af/in_use.lock acquired by nodename 762@pr-hdds-1710-5x6jb-1204890111
2019-07-14 16:16:14,719 INFO  storage.RaftStorageDirectory (RaftStorageDirectory.java:tryLock(328)) - Lock on /workdir/hadoop-ozone/integration-test/target/test-dir/MiniOzoneClusterImpl-cdd58879-4209-485f-b550-735d0945b7ce/datanode-5/data/ratis/cb3effe9-a0ef-40a0-bd8d-03b869e7e0af/in_use.lock acquired by nodename 762@pr-hdds-1710-5x6jb-1204890111
2019-07-14 16:16:14,719 INFO  storage.RaftStorageDirectory (RaftStorageDirectory.java:tryLock(328)) - Lock on /workdir/hadoop-ozone/integration-test/target/test-dir/MiniOzoneClusterImpl-cdd58879-4209-485f-b550-735d0945b7ce/datanode-4/data/ratis/cb3effe9-a0ef-40a0-bd8d-03b869e7e0af/in_use.lock acquired by nodename 762@pr-hdds-1710-5x6jb-1204890111
2019-07-14 16:16:14,733 INFO  storage.RaftStorage (RaftStorage.java:format(72)) - Storage directory /workdir/hadoop-ozone/integration-test/target/test-dir/MiniOzoneClusterImpl-cdd58879-4209-485f-b550-735d0945b7ce/datanode-4/data/ratis/cb3effe9-a0ef-40a0-bd8d-03b869e7e0af has been successfully formatted.
2019-07-14 16:16:14,733 INFO  storage.RaftStorage (RaftStorage.java:format(72)) - Storage directory /workdir/hadoop-ozone/integration-test/target/test-dir/MiniOzoneClusterImpl-cdd58879-4209-485f-b550-735d0945b7ce/datanode-3/data/ratis/cb3effe9-a0ef-40a0-bd8d-03b869e7e0af has been successfully formatted.
2019-07-14 16:16:14,733 INFO  storage.RaftStorage (RaftStorage.java:format(72)) - Storage directory /workdir/hadoop-ozone/integration-test/target/test-dir/MiniOzoneClusterImpl-cdd58879-4209-485f-b550-735d0945b7ce/datanode-5/data/ratis/cb3effe9-a0ef-40a0-bd8d-03b869e7e0af has been successfully formatted.
2019-07-14 16:16:14,734 INFO  ratis.ContainerStateMachine (ContainerStateMachine.java:loadSnapshot(200)) - The snapshot info is null.Setting the last applied index to:(t:0, i:~)
2019-07-14 16:16:14,734 INFO  ratis.ContainerStateMachine (ContainerStateMachine.java:loadSnapshot(200)) - The snapshot info is null.Setting the last applied index to:(t:0, i:~)
2019-07-14 16:16:14,734 INFO  server.RaftServerConfigKeys (ConfUtils.java:logGet(43)) - raft.server.leader.election.timeout = 120s (custom)
2019-07-14 16:16:14,734 INFO  ratis.ContainerStateMachine (ContainerStateMachine.java:loadSnapshot(200)) - The snapshot info is null.Setting the last applied index to:(t:0, i:~)
2019-07-14 16:16:14,734 INFO  server.RaftServerConfigKeys (ConfUtils.java:logGet(43)) - raft.server.log.use.memory = false (default)
2019-07-14 16:16:14,734 INFO  server.RaftServerConfigKeys (ConfUtils.java:logGet(43)) - raft.server.leader.election.timeout = 120s (custom)
2019-07-14 16:16:14,735 INFO  server.RaftServerConfigKeys (ConfUtils.java:logGet(43)) - raft.server.log.purge.gap = 1000000000 (custom)
2019-07-14 16:16:14,735 INFO  server.RaftServerConfigKeys (ConfUtils.java:logGet(43)) - raft.server.leader.election.timeout = 120s (custom)
2019-07-14 16:16:14,735 INFO  server.RaftServerConfigKeys (ConfUtils.java:logGet(43)) - raft.server.log.appender.buffer.byte-limit = 33554432 (custom)
2019-07-14 16:16:14,735 INFO  server.RaftServerConfigKeys (ConfUtils.java:logGet(43)) - raft.server.log.use.memory = false (default)
2019-07-14 16:16:14,735 INFO  server.RaftServerConfigKeys (ConfUtils.java:logGet(43)) - raft.server.log.segment.size.max = 1048576 (custom)
2019-07-14 16:16:14,735 INFO  server.RaftServerConfigKeys (ConfUtils.java:logGet(43)) - raft.server.log.use.memory = false (default)
2019-07-14 16:16:14,736 INFO  server.RaftServerConfigKeys (ConfUtils.java:logGet(43)) - raft.server.log.segment.cache.num.max = 2 (custom)
2019-07-14 16:16:14,736 INFO  server.RaftServerConfigKeys (ConfUtils.java:logGet(43)) - raft.server.log.purge.gap = 1000000000 (custom)
2019-07-14 16:16:14,736 INFO  segmented.SegmentedRaftLogWorker (SegmentedRaftLogWorker.java:<init>(172)) - new 7cab76d5-0384-4840-a60b-a551623f6093-SegmentedRaftLogWorker:Storage Directory /workdir/hadoop-ozone/integration-test/target/test-dir/MiniOzoneClusterImpl-cdd58879-4209-485f-b550-735d0945b7ce/datanode-3/data/ratis/cb3effe9-a0ef-40a0-bd8d-03b869e7e0af for RaftStorage:Storage Directory /workdir/hadoop-ozone/integration-test/target/test-dir/MiniOzoneClusterImpl-cdd58879-4209-485f-b550-735d0945b7ce/datanode-3/data/ratis/cb3effe9-a0ef-40a0-bd8d-03b869e7e0af
2019-07-14 16:16:14,736 INFO  server.RaftServerConfigKeys (ConfUtils.java:logGet(43)) - raft.server.log.purge.gap = 1000000000 (custom)
2019-07-14 16:16:14,736 INFO  server.RaftServerConfigKeys (ConfUtils.java:logGet(43)) - raft.server.log.queue.byte-limit = 2147483647 (custom)
2019-07-14 16:16:14,736 INFO  server.RaftServerConfigKeys (ConfUtils.java:logGet(43)) - raft.server.log.appender.buffer.byte-limit = 33554432 (custom)
2019-07-14 16:16:14,737 INFO  server.RaftServerConfigKeys (ConfUtils.java:logGet(43)) - raft.server.log.queue.element-limit = 1024 (custom)
2019-07-14 16:16:14,737 INFO  server.RaftServerConfigKeys (ConfUtils.java:logGet(43)) - raft.server.log.appender.buffer.byte-limit = 33554432 (custom)
2019-07-14 16:16:14,737 INFO  server.RaftServerConfigKeys (ConfUtils.java:logGet(43)) - raft.server.log.segment.size.max = 1048576 (custom)
2019-07-14 16:16:14,737 INFO  server.RaftServerConfigKeys (ConfUtils.java:logGet(43)) - raft.server.log.segment.size.max = 1048576 (custom)
2019-07-14 16:16:14,737 INFO  server.RaftServerConfigKeys (ConfUtils.java:logGet(43)) - raft.server.log.preallocated.size = 16384 (custom)
2019-07-14 16:16:14,737 INFO  server.RaftServerConfigKeys (ConfUtils.java:logGet(43)) - raft.server.log.segment.size.max = 1048576 (custom)
2019-07-14 16:16:14,738 INFO  server.RaftServerConfigKeys (ConfUtils.java:logGet(43)) - raft.server.log.write.buffer.size = 33554432 (custom)
2019-07-14 16:16:14,738 INFO  server.RaftServerConfigKeys (ConfUtils.java:logGet(43)) - raft.server.log.segment.cache.num.max = 2 (custom)
2019-07-14 16:16:14,738 INFO  server.RaftServerConfigKeys (ConfUtils.java:logGet(43)) - raft.server.log.force.sync.num = 128 (default)
2019-07-14 16:16:14,738 INFO  server.RaftServerConfigKeys (ConfUtils.java:logGet(43)) - raft.server.log.segment.cache.num.max = 2 (custom)
2019-07-14 16:16:14,738 INFO  server.RaftServerConfigKeys (ConfUtils.java:logGet(43)) - raft.server.log.statemachine.data.sync = true (default)
2019-07-14 16:16:14,738 INFO  segmented.SegmentedRaftLogWorker (SegmentedRaftLogWorker.java:<init>(172)) - new d32f881f-77a3-40f0-915e-9b7d112da8da-SegmentedRaftLogWorker:Storage Directory /workdir/hadoop-ozone/integration-test/target/test-dir/MiniOzoneClusterImpl-cdd58879-4209-485f-b550-735d0945b7ce/datanode-4/data/ratis/cb3effe9-a0ef-40a0-bd8d-03b869e7e0af for RaftStorage:Storage Directory /workdir/hadoop-ozone/integration-test/target/test-dir/MiniOzoneClusterImpl-cdd58879-4209-485f-b550-735d0945b7ce/datanode-4/data/ratis/cb3effe9-a0ef-40a0-bd8d-03b869e7e0af
2019-07-14 16:16:14,739 INFO  server.RaftServerConfigKeys (ConfUtils.java:logGet(43)) - raft.server.log.statemachine.data.sync.timeout = 10s (default)
2019-07-14 16:16:14,739 INFO  segmented.SegmentedRaftLogWorker (SegmentedRaftLogWorker.java:<init>(172)) - new 922018ce-a699-4157-97d4-e71fe992046b-SegmentedRaftLogWorker:Storage Directory /workdir/hadoop-ozone/integration-test/target/test-dir/MiniOzoneClusterImpl-cdd58879-4209-485f-b550-735d0945b7ce/datanode-5/data/ratis/cb3effe9-a0ef-40a0-bd8d-03b869e7e0af for RaftStorage:Storage Directory /workdir/hadoop-ozone/integration-test/target/test-dir/MiniOzoneClusterImpl-cdd58879-4209-485f-b550-735d0945b7ce/datanode-5/data/ratis/cb3effe9-a0ef-40a0-bd8d-03b869e7e0af
2019-07-14 16:16:14,739 INFO  server.RaftServerConfigKeys (ConfUtils.java:logGet(43)) - raft.server.log.statemachine.data.sync.timeout.retry = -1 (default)
2019-07-14 16:16:14,739 INFO  server.RaftServerConfigKeys (ConfUtils.java:logGet(43)) - raft.server.log.queue.byte-limit = 2147483647 (custom)
2019-07-14 16:16:14,739 INFO  server.RaftServerConfigKeys (ConfUtils.java:logGet(43)) - raft.server.log.statemachine.data.caching.enabled = true (custom)
2019-07-14 16:16:14,739 INFO  server.RaftServerConfigKeys (ConfUtils.java:logGet(43)) - raft.server.log.queue.byte-limit = 2147483647 (custom)
2019-07-14 16:16:14,740 INFO  server.RaftServerConfigKeys (ConfUtils.java:logGet(43)) - raft.server.log.queue.element-limit = 1024 (custom)
2019-07-14 16:16:14,740 INFO  segmented.SegmentedRaftLogWorker (SegmentedRaftLogWorker.java:lambda$new$0(132)) - 7cab76d5-0384-4840-a60b-a551623f6093-SegmentedRaftLogWorker:Storage Directory /workdir/hadoop-ozone/integration-test/target/test-dir/MiniOzoneClusterImpl-cdd58879-4209-485f-b550-735d0945b7ce/datanode-3/data/ratis/cb3effe9-a0ef-40a0-bd8d-03b869e7e0af: flushIndex: setUnconditionally 0 -> -1
2019-07-14 16:16:14,740 INFO  server.RaftServerConfigKeys (ConfUtils.java:logGet(43)) - raft.server.log.queue.element-limit = 1024 (custom)
2019-07-14 16:16:14,740 INFO  server.RaftServerConfigKeys (ConfUtils.java:logGet(43)) - raft.server.log.segment.size.max = 1048576 (custom)
2019-07-14 16:16:14,740 INFO  server.RaftServerConfigKeys (ConfUtils.java:logGet(43)) - raft.server.snapshot.auto.trigger.enabled = true (custom)
2019-07-14 16:16:14,740 INFO  server.RaftServerConfigKeys (ConfUtils.java:logGet(43)) - raft.server.log.segment.size.max = 1048576 (custom)
2019-07-14 16:16:14,741 INFO  server.RaftServerConfigKeys (ConfUtils.java:logGet(43)) - raft.server.snapshot.auto.trigger.threshold = 10000 (custom)
2019-07-14 16:16:14,741 INFO  server.RaftServerConfigKeys (ConfUtils.java:logGet(43)) - raft.server.log.preallocated.size = 16384 (custom)
2019-07-14 16:16:14,741 INFO  server.RaftServerConfigKeys (ConfUtils.java:logGet(43)) - raft.server.retrycache.expirytime = 600000ms (custom)
2019-07-14 16:16:14,741 INFO  server.RaftServerConfigKeys (ConfUtils.java:logGet(43)) - raft.server.log.preallocated.size = 16384 (custom)
2019-07-14 16:16:14,742 INFO  impl.RaftServerImpl (RaftServerImpl.java:start(180)) - 7cab76d5-0384-4840-a60b-a551623f6093: start group-03B869E7E0AF
2019-07-14 16:16:14,742 INFO  impl.RaftServerImpl (RaftServerImpl.java:setRole(171)) - 7cab76d5-0384-4840-a60b-a551623f6093:group-03B869E7E0AF changes role from null to FOLLOWER at term 0 for startAsFollower
2019-07-14 16:16:14,741 INFO  server.RaftServerConfigKeys (ConfUtils.java:logGet(43)) - raft.server.log.write.buffer.size = 33554432 (custom)
2019-07-14 16:16:14,742 INFO  impl.RoleInfo (RoleInfo.java:updateAndGet(143)) - 7cab76d5-0384-4840-a60b-a551623f6093: start FollowerState
2019-07-14 16:16:14,742 INFO  server.RaftServerConfigKeys (ConfUtils.java:logGet(43)) - raft.server.log.write.buffer.size = 33554432 (custom)
2019-07-14 16:16:14,742 INFO  server.RaftServerConfigKeys (ConfUtils.java:logGet(43)) - raft.server.log.force.sync.num = 128 (default)
2019-07-14 16:16:14,743 INFO  util.JmxRegister (JmxRegister.java:tryRegister(44)) - Successfully registered JMX Bean with object name Ratis:service=RaftServer,group=group-03B869E7E0AF,id=7cab76d5-0384-4840-a60b-a551623f6093
2019-07-14 16:16:14,743 INFO  server.RaftServerConfigKeys (ConfUtils.java:logGet(43)) - raft.server.log.force.sync.num = 128 (default)
2019-07-14 16:16:14,743 INFO  server.RaftServerConfigKeys (ConfUtils.java:logGet(43)) - raft.server.log.statemachine.data.sync = true (default)
2019-07-14 16:16:14,743 INFO  server.RaftServerConfigKeys (ConfUtils.java:logGet(43)) - raft.server.log.statemachine.data.sync = true (default)
2019-07-14 16:16:14,743 INFO  server.RaftServerConfigKeys (ConfUtils.java:logGet(43)) - raft.server.log.statemachine.data.sync.timeout = 10s (default)
2019-07-14 16:16:14,744 INFO  server.RaftServerConfigKeys (ConfUtils.java:logGet(43)) - raft.server.log.statemachine.data.sync.timeout = 10s (default)
2019-07-14 16:16:14,744 INFO  server.RaftServerConfigKeys (ConfUtils.java:logGet(43)) - raft.server.log.statemachine.data.sync.timeout.retry = -1 (default)
2019-07-14 16:16:14,744 INFO  server.RaftServerConfigKeys (ConfUtils.java:logGet(43)) - raft.server.log.statemachine.data.sync.timeout.retry = -1 (default)
2019-07-14 16:16:14,744 INFO  server.RaftServerConfigKeys (ConfUtils.java:logGet(43)) - raft.server.log.statemachine.data.caching.enabled = true (custom)
2019-07-14 16:16:14,744 INFO  server.RaftServerConfigKeys (ConfUtils.java:logGet(43)) - raft.server.log.statemachine.data.caching.enabled = true (custom)
2019-07-14 16:16:14,747 INFO  segmented.SegmentedRaftLogWorker (SegmentedRaftLogWorker.java:lambda$new$0(132)) - d32f881f-77a3-40f0-915e-9b7d112da8da-SegmentedRaftLogWorker:Storage Directory /workdir/hadoop-ozone/integration-test/target/test-dir/MiniOzoneClusterImpl-cdd58879-4209-485f-b550-735d0945b7ce/datanode-4/data/ratis/cb3effe9-a0ef-40a0-bd8d-03b869e7e0af: flushIndex: setUnconditionally 0 -> -1
2019-07-14 16:16:14,747 INFO  segmented.SegmentedRaftLogWorker (SegmentedRaftLogWorker.java:lambda$new$0(132)) - 922018ce-a699-4157-97d4-e71fe992046b-SegmentedRaftLogWorker:Storage Directory /workdir/hadoop-ozone/integration-test/target/test-dir/MiniOzoneClusterImpl-cdd58879-4209-485f-b550-735d0945b7ce/datanode-5/data/ratis/cb3effe9-a0ef-40a0-bd8d-03b869e7e0af: flushIndex: setUnconditionally 0 -> -1
2019-07-14 16:16:14,747 INFO  server.RaftServerConfigKeys (ConfUtils.java:logGet(43)) - raft.server.snapshot.auto.trigger.enabled = true (custom)
2019-07-14 16:16:14,748 INFO  server.RaftServerConfigKeys (ConfUtils.java:logGet(43)) - raft.server.snapshot.auto.trigger.threshold = 10000 (custom)
2019-07-14 16:16:14,748 INFO  server.RaftServerConfigKeys (ConfUtils.java:logGet(43)) - raft.server.snapshot.auto.trigger.enabled = true (custom)
2019-07-14 16:16:14,748 INFO  server.RaftServerConfigKeys (ConfUtils.java:logGet(43)) - raft.server.retrycache.expirytime = 600000ms (custom)
2019-07-14 16:16:14,748 INFO  server.RaftServerConfigKeys (ConfUtils.java:logGet(43)) - raft.server.snapshot.auto.trigger.threshold = 10000 (custom)
2019-07-14 16:16:14,748 INFO  impl.RaftServerImpl (RaftServerImpl.java:start(180)) - d32f881f-77a3-40f0-915e-9b7d112da8da: start group-03B869E7E0AF
2019-07-14 16:16:14,748 INFO  server.RaftServerConfigKeys (ConfUtils.java:logGet(43)) - raft.server.retrycache.expirytime = 600000ms (custom)
2019-07-14 16:16:14,748 INFO  impl.RaftServerImpl (RaftServerImpl.java:setRole(171)) - d32f881f-77a3-40f0-915e-9b7d112da8da:group-03B869E7E0AF changes role from null to FOLLOWER at term 0 for startAsFollower
2019-07-14 16:16:14,749 INFO  impl.RaftServerImpl (RaftServerImpl.java:start(180)) - 922018ce-a699-4157-97d4-e71fe992046b: start group-03B869E7E0AF
2019-07-14 16:16:14,749 INFO  impl.RoleInfo (RoleInfo.java:updateAndGet(143)) - d32f881f-77a3-40f0-915e-9b7d112da8da: start FollowerState
2019-07-14 16:16:14,749 INFO  impl.RaftServerImpl (RaftServerImpl.java:setRole(171)) - 922018ce-a699-4157-97d4-e71fe992046b:group-03B869E7E0AF changes role from null to FOLLOWER at term 0 for startAsFollower
2019-07-14 16:16:14,749 INFO  impl.RoleInfo (RoleInfo.java:updateAndGet(143)) - 922018ce-a699-4157-97d4-e71fe992046b: start FollowerState
2019-07-14 16:16:14,749 INFO  util.JmxRegister (JmxRegister.java:tryRegister(44)) - Successfully registered JMX Bean with object name Ratis:service=RaftServer,group=group-03B869E7E0AF,id=d32f881f-77a3-40f0-915e-9b7d112da8da
2019-07-14 16:16:14,750 INFO  util.JmxRegister (JmxRegister.java:tryRegister(44)) - Successfully registered JMX Bean with object name Ratis:service=RaftServer,group=group-03B869E7E0AF,id=922018ce-a699-4157-97d4-e71fe992046b
2019-07-14 16:16:14,757 INFO  pipeline.PipelineStateManager (PipelineStateManager.java:addPipeline(56)) - Created pipeline Pipeline[ Id: cb3effe9-a0ef-40a0-bd8d-03b869e7e0af, Nodes: 922018ce-a699-4157-97d4-e71fe992046b{ip: 192.168.69.77, host: pr-hdds-1710-5x6jb-1204890111, networkLocation: /default-rack, certSerialId: null}d32f881f-77a3-40f0-915e-9b7d112da8da{ip: 192.168.69.77, host: pr-hdds-1710-5x6jb-1204890111, networkLocation: /default-rack, certSerialId: null}7cab76d5-0384-4840-a60b-a551623f6093{ip: 192.168.69.77, host: pr-hdds-1710-5x6jb-1204890111, networkLocation: /default-rack, certSerialId: null}, Type:RATIS, Factor:THREE, State:OPEN]
2019-07-14 16:16:15,605 INFO  ozone.MiniOzoneClusterImpl (MiniOzoneClusterImpl.java:lambda$waitForClusterToBeReady$0(142)) - Cluster is ready. Got 6 of 6 DN Heartbeats.
2019-07-14 16:16:15,646 INFO  rpc.RpcClient (RpcClient.java:createVolume(287)) - Creating Volume: datanodefailurehandlingtest, with jenkins1000 as owner.
2019-07-14 16:16:15,660 INFO  rpc.RpcClient (RpcClient.java:createBucket(424)) - Creating Bucket: datanodefailurehandlingtest/datanodefailurehandlingtest, with Versioning false and Storage Type set to DISK and Encryption set to false 
2019-07-14 16:16:15,716 INFO  client.GrpcClientProtocolClient (GrpcClientProtocolClient.java:onNext(255)) - client-4F4311992A40->df97cdfb-6159-47bc-9492-21f4b2603b7a: receive RaftClientReply:client-4F4311992A40->df97cdfb-6159-47bc-9492-21f4b2603b7a@group-07CA127FF588, cid=33, FAILED org.apache.ratis.protocol.NotLeaderException: Server df97cdfb-6159-47bc-9492-21f4b2603b7a is not the leader (null). Request must be sent to leader., logIndex=0, commits[df97cdfb-6159-47bc-9492-21f4b2603b7a:c-1]
2019-07-14 16:16:16,575 INFO  container.ReplicationManager (ReplicationManager.java:start(155)) - Starting Replication Monitor Thread.
2019-07-14 16:16:16,580 INFO  container.ReplicationManager (ReplicationManager.java:run(207)) - Replication Monitor Thread took 1 milliseconds for processing 1 containers.
2019-07-14 16:16:16,753 INFO  client.GrpcClientProtocolClient (GrpcClientProtocolClient.java:onNext(255)) - client-4F4311992A40->e49e00ac-01e2-41d2-8ec0-d1120db36378: receive RaftClientReply:client-4F4311992A40->e49e00ac-01e2-41d2-8ec0-d1120db36378@group-07CA127FF588, cid=33, FAILED org.apache.ratis.protocol.NotLeaderException: Server e49e00ac-01e2-41d2-8ec0-d1120db36378 is not the leader (null). Request must be sent to leader., logIndex=0, commits[e49e00ac-01e2-41d2-8ec0-d1120db36378:c-1]
2019-07-14 16:16:17,784 INFO  client.GrpcClientProtocolClient (GrpcClientProtocolClient.java:onNext(255)) - client-4F4311992A40->df97cdfb-6159-47bc-9492-21f4b2603b7a: receive RaftClientReply:client-4F4311992A40->df97cdfb-6159-47bc-9492-21f4b2603b7a@group-07CA127FF588, cid=33, FAILED org.apache.ratis.protocol.NotLeaderException: Server df97cdfb-6159-47bc-9492-21f4b2603b7a is not the leader (null). Request must be sent to leader., logIndex=0, commits[df97cdfb-6159-47bc-9492-21f4b2603b7a:c-1]
2019-07-14 16:16:18,788 INFO  impl.FollowerState (FollowerState.java:run(106)) - df97cdfb-6159-47bc-9492-21f4b2603b7a:group-1F6CDD80D489 changes to CANDIDATE, lastRpcTime:5153, electionTimeout:5153ms
2019-07-14 16:16:18,788 INFO  impl.RoleInfo (RoleInfo.java:shutdownFollowerState(121)) - df97cdfb-6159-47bc-9492-21f4b2603b7a: shutdown FollowerState
2019-07-14 16:16:18,788 INFO  impl.RaftServerImpl (RaftServerImpl.java:setRole(171)) - df97cdfb-6159-47bc-9492-21f4b2603b7a:group-1F6CDD80D489 changes role from FOLLOWER to CANDIDATE at term 0 for changeToCandidate
2019-07-14 16:16:18,789 INFO  impl.RoleInfo (RoleInfo.java:updateAndGet(143)) - df97cdfb-6159-47bc-9492-21f4b2603b7a: start LeaderElection
2019-07-14 16:16:18,818 INFO  impl.LeaderElection (LeaderElection.java:askForVotes(181)) - df97cdfb-6159-47bc-9492-21f4b2603b7a:group-1F6CDD80D489:LeaderElection14: begin an election at term 1 for -1: [df97cdfb-6159-47bc-9492-21f4b2603b7a:192.168.69.77:40231], old=null
2019-07-14 16:16:18,818 INFO  impl.RoleInfo (RoleInfo.java:shutdownLeaderElection(134)) - df97cdfb-6159-47bc-9492-21f4b2603b7a: shutdown LeaderElection
2019-07-14 16:16:18,821 INFO  impl.RaftServerImpl (RaftServerImpl.java:setRole(171)) - df97cdfb-6159-47bc-9492-21f4b2603b7a:group-1F6CDD80D489 changes role from CANDIDATE to LEADER at term 1 for changeToLeader
2019-07-14 16:16:18,821 INFO  impl.RaftServerImpl (ServerState.java:setLeader(263)) - df97cdfb-6159-47bc-9492-21f4b2603b7a:group-1F6CDD80D489 change Leader from null to df97cdfb-6159-47bc-9492-21f4b2603b7a at term 1 for becomeLeader, leader elected after 5192ms
2019-07-14 16:16:18,823 INFO  server.RaftServerConfigKeys (ConfUtils.java:logGet(43)) - raft.server.staging.catchup.gap = 1000 (default)
2019-07-14 16:16:18,823 INFO  server.RaftServerConfigKeys (ConfUtils.java:logGet(43)) - raft.server.rpc.sleep.time = 25ms (default)
2019-07-14 16:16:18,824 INFO  server.RaftServerConfigKeys (ConfUtils.java:logGet(43)) - raft.server.write.element-limit = 4096 (default)
2019-07-14 16:16:18,824 INFO  server.RaftServerConfigKeys (ConfUtils.java:logGet(43)) - raft.server.watch.timeout = 10s (default)
2019-07-14 16:16:18,824 INFO  server.RaftServerConfigKeys (ConfUtils.java:logGet(43)) - raft.server.watch.timeout.denomination = 1s (default)
2019-07-14 16:16:18,824 INFO  server.RaftServerConfigKeys (ConfUtils.java:logGet(43)) - raft.server.watch.element-limit = 65536 (default)
2019-07-14 16:16:18,824 INFO  client.GrpcClientProtocolClient (GrpcClientProtocolClient.java:onNext(255)) - client-4F4311992A40->e49e00ac-01e2-41d2-8ec0-d1120db36378: receive RaftClientReply:client-4F4311992A40->e49e00ac-01e2-41d2-8ec0-d1120db36378@group-07CA127FF588, cid=33, FAILED org.apache.ratis.protocol.NotLeaderException: Server e49e00ac-01e2-41d2-8ec0-d1120db36378 is not the leader (null). Request must be sent to leader., logIndex=0, commits[e49e00ac-01e2-41d2-8ec0-d1120db36378:c-1]
2019-07-14 16:16:18,827 INFO  impl.RoleInfo (RoleInfo.java:updateAndGet(143)) - df97cdfb-6159-47bc-9492-21f4b2603b7a: start LeaderState
2019-07-14 16:16:18,831 INFO  segmented.SegmentedRaftLogWorker (SegmentedRaftLogWorker.java:startLogSegment(380)) - df97cdfb-6159-47bc-9492-21f4b2603b7a-SegmentedRaftLogWorker:Storage Directory /workdir/hadoop-ozone/integration-test/target/test-dir/MiniOzoneClusterImpl-cdd58879-4209-485f-b550-735d0945b7ce/datanode-0/data/ratis/8525fcdc-e044-473d-9562-1f6cdd80d489: Starting segment from index:0
2019-07-14 16:16:18,834 INFO  impl.RaftServerImpl (ServerState.java:setRaftConf(361)) - df97cdfb-6159-47bc-9492-21f4b2603b7a:group-1F6CDD80D489 set configuration 0: [df97cdfb-6159-47bc-9492-21f4b2603b7a:192.168.69.77:40231], old=null at 0
2019-07-14 16:16:18,847 INFO  impl.FollowerState (FollowerState.java:run(106)) - e49e00ac-01e2-41d2-8ec0-d1120db36378:group-62D367501DA3 changes to CANDIDATE, lastRpcTime:5046, electionTimeout:5046ms
2019-07-14 16:16:18,847 INFO  impl.RoleInfo (RoleInfo.java:shutdownFollowerState(121)) - e49e00ac-01e2-41d2-8ec0-d1120db36378: shutdown FollowerState
2019-07-14 16:16:18,847 INFO  impl.RaftServerImpl (RaftServerImpl.java:setRole(171)) - e49e00ac-01e2-41d2-8ec0-d1120db36378:group-62D367501DA3 changes role from FOLLOWER to CANDIDATE at term 0 for changeToCandidate
2019-07-14 16:16:18,848 INFO  impl.RoleInfo (RoleInfo.java:updateAndGet(143)) - e49e00ac-01e2-41d2-8ec0-d1120db36378: start LeaderElection
2019-07-14 16:16:18,864 INFO  segmented.SegmentedRaftLogWorker (SegmentedRaftLogWorker.java:execute(569)) - df97cdfb-6159-47bc-9492-21f4b2603b7a-SegmentedRaftLogWorker:Storage Directory /workdir/hadoop-ozone/integration-test/target/test-dir/MiniOzoneClusterImpl-cdd58879-4209-485f-b550-735d0945b7ce/datanode-0/data/ratis/8525fcdc-e044-473d-9562-1f6cdd80d489: created new log segment /workdir/hadoop-ozone/integration-test/target/test-dir/MiniOzoneClusterImpl-cdd58879-4209-485f-b550-735d0945b7ce/datanode-0/data/ratis/8525fcdc-e044-473d-9562-1f6cdd80d489/current/log_inprogress_0
2019-07-14 16:16:18,864 INFO  impl.LeaderElection (LeaderElection.java:askForVotes(181)) - e49e00ac-01e2-41d2-8ec0-d1120db36378:group-62D367501DA3:LeaderElection15: begin an election at term 1 for -1: [e49e00ac-01e2-41d2-8ec0-d1120db36378:192.168.69.77:34892], old=null
2019-07-14 16:16:18,865 INFO  impl.RoleInfo (RoleInfo.java:shutdownLeaderElection(134)) - e49e00ac-01e2-41d2-8ec0-d1120db36378: shutdown LeaderElection
2019-07-14 16:16:18,865 INFO  impl.RaftServerImpl (RaftServerImpl.java:setRole(171)) - e49e00ac-01e2-41d2-8ec0-d1120db36378:group-62D367501DA3 changes role from CANDIDATE to LEADER at term 1 for changeToLeader
2019-07-14 16:16:18,865 INFO  impl.RaftServerImpl (ServerState.java:setLeader(263)) - e49e00ac-01e2-41d2-8ec0-d1120db36378:group-62D367501DA3 change Leader from null to e49e00ac-01e2-41d2-8ec0-d1120db36378 at term 1 for becomeLeader, leader elected after 5069ms
2019-07-14 16:16:18,867 INFO  server.RaftServerConfigKeys (ConfUtils.java:logGet(43)) - raft.server.staging.catchup.gap = 1000 (default)
2019-07-14 16:16:18,868 INFO  server.RaftServerConfigKeys (ConfUtils.java:logGet(43)) - raft.server.rpc.sleep.time = 25ms (default)
2019-07-14 16:16:18,868 INFO  server.RaftServerConfigKeys (ConfUtils.java:logGet(43)) - raft.server.write.element-limit = 4096 (default)
2019-07-14 16:16:18,868 INFO  server.RaftServerConfigKeys (ConfUtils.java:logGet(43)) - raft.server.watch.timeout = 10s (default)
2019-07-14 16:16:18,868 INFO  server.RaftServerConfigKeys (ConfUtils.java:logGet(43)) - raft.server.watch.timeout.denomination = 1s (default)
2019-07-14 16:16:18,869 INFO  server.RaftServerConfigKeys (ConfUtils.java:logGet(43)) - raft.server.watch.element-limit = 65536 (default)
2019-07-14 16:16:18,869 INFO  impl.RoleInfo (RoleInfo.java:updateAndGet(143)) - e49e00ac-01e2-41d2-8ec0-d1120db36378: start LeaderState
2019-07-14 16:16:18,869 INFO  segmented.SegmentedRaftLogWorker (SegmentedRaftLogWorker.java:startLogSegment(380)) - e49e00ac-01e2-41d2-8ec0-d1120db36378-SegmentedRaftLogWorker:Storage Directory /workdir/hadoop-ozone/integration-test/target/test-dir/MiniOzoneClusterImpl-cdd58879-4209-485f-b550-735d0945b7ce/datanode-1/data/ratis/41a77607-f2dc-495a-bba7-62d367501da3: Starting segment from index:0
2019-07-14 16:16:18,870 INFO  impl.RaftServerImpl (ServerState.java:setRaftConf(361)) - e49e00ac-01e2-41d2-8ec0-d1120db36378:group-62D367501DA3 set configuration 0: [e49e00ac-01e2-41d2-8ec0-d1120db36378:192.168.69.77:34892], old=null at 0
2019-07-14 16:16:18,893 INFO  segmented.SegmentedRaftLogWorker (SegmentedRaftLogWorker.java:execute(569)) - e49e00ac-01e2-41d2-8ec0-d1120db36378-SegmentedRaftLogWorker:Storage Directory /workdir/hadoop-ozone/integration-test/target/test-dir/MiniOzoneClusterImpl-cdd58879-4209-485f-b550-735d0945b7ce/datanode-1/data/ratis/41a77607-f2dc-495a-bba7-62d367501da3: created new log segment /workdir/hadoop-ozone/integration-test/target/test-dir/MiniOzoneClusterImpl-cdd58879-4209-485f-b550-735d0945b7ce/datanode-1/data/ratis/41a77607-f2dc-495a-bba7-62d367501da3/current/log_inprogress_0
2019-07-14 16:16:19,207 INFO  impl.FollowerState (FollowerState.java:run(106)) - 26a73836-4946-4dff-9ecc-d6811ba894c4:group-1DE19C9ED2BB changes to CANDIDATE, lastRpcTime:5116, electionTimeout:5116ms
2019-07-14 16:16:19,208 INFO  impl.RoleInfo (RoleInfo.java:shutdownFollowerState(121)) - 26a73836-4946-4dff-9ecc-d6811ba894c4: shutdown FollowerState
2019-07-14 16:16:19,208 INFO  impl.RaftServerImpl (RaftServerImpl.java:setRole(171)) - 26a73836-4946-4dff-9ecc-d6811ba894c4:group-1DE19C9ED2BB changes role from FOLLOWER to CANDIDATE at term 0 for changeToCandidate
2019-07-14 16:16:19,208 INFO  impl.RoleInfo (RoleInfo.java:updateAndGet(143)) - 26a73836-4946-4dff-9ecc-d6811ba894c4: start LeaderElection
2019-07-14 16:16:19,233 INFO  impl.LeaderElection (LeaderElection.java:askForVotes(181)) - 26a73836-4946-4dff-9ecc-d6811ba894c4:group-1DE19C9ED2BB:LeaderElection16: begin an election at term 1 for -1: [26a73836-4946-4dff-9ecc-d6811ba894c4:192.168.69.77:40471], old=null
2019-07-14 16:16:19,234 INFO  impl.RoleInfo (RoleInfo.java:shutdownLeaderElection(134)) - 26a73836-4946-4dff-9ecc-d6811ba894c4: shutdown LeaderElection
2019-07-14 16:16:19,234 INFO  impl.RaftServerImpl (RaftServerImpl.java:setRole(171)) - 26a73836-4946-4dff-9ecc-d6811ba894c4:group-1DE19C9ED2BB changes role from CANDIDATE to LEADER at term 1 for changeToLeader
2019-07-14 16:16:19,234 INFO  impl.RaftServerImpl (ServerState.java:setLeader(263)) - 26a73836-4946-4dff-9ecc-d6811ba894c4:group-1DE19C9ED2BB change Leader from null to 26a73836-4946-4dff-9ecc-d6811ba894c4 at term 1 for becomeLeader, leader elected after 5147ms
2019-07-14 16:16:19,236 INFO  server.RaftServerConfigKeys (ConfUtils.java:logGet(43)) - raft.server.staging.catchup.gap = 1000 (default)
2019-07-14 16:16:19,236 INFO  server.RaftServerConfigKeys (ConfUtils.java:logGet(43)) - raft.server.rpc.sleep.time = 25ms (default)
2019-07-14 16:16:19,236 INFO  server.RaftServerConfigKeys (ConfUtils.java:logGet(43)) - raft.server.write.element-limit = 4096 (default)
2019-07-14 16:16:19,236 INFO  server.RaftServerConfigKeys (ConfUtils.java:logGet(43)) - raft.server.watch.timeout = 10s (default)
2019-07-14 16:16:19,236 INFO  server.RaftServerConfigKeys (ConfUtils.java:logGet(43)) - raft.server.watch.timeout.denomination = 1s (default)
2019-07-14 16:16:19,237 INFO  server.RaftServerConfigKeys (ConfUtils.java:logGet(43)) - raft.server.watch.element-limit = 65536 (default)
2019-07-14 16:16:19,237 INFO  impl.RoleInfo (RoleInfo.java:updateAndGet(143)) - 26a73836-4946-4dff-9ecc-d6811ba894c4: start LeaderState
2019-07-14 16:16:19,237 INFO  segmented.SegmentedRaftLogWorker (SegmentedRaftLogWorker.java:startLogSegment(380)) - 26a73836-4946-4dff-9ecc-d6811ba894c4-SegmentedRaftLogWorker:Storage Directory /workdir/hadoop-ozone/integration-test/target/test-dir/MiniOzoneClusterImpl-cdd58879-4209-485f-b550-735d0945b7ce/datanode-2/data/ratis/e42aedd4-856a-45c1-81ee-1de19c9ed2bb: Starting segment from index:0
2019-07-14 16:16:19,238 INFO  impl.RaftServerImpl (ServerState.java:setRaftConf(361)) - 26a73836-4946-4dff-9ecc-d6811ba894c4:group-1DE19C9ED2BB set configuration 0: [26a73836-4946-4dff-9ecc-d6811ba894c4:192.168.69.77:40471], old=null at 0
2019-07-14 16:16:19,267 INFO  segmented.SegmentedRaftLogWorker (SegmentedRaftLogWorker.java:execute(569)) - 26a73836-4946-4dff-9ecc-d6811ba894c4-SegmentedRaftLogWorker:Storage Directory /workdir/hadoop-ozone/integration-test/target/test-dir/MiniOzoneClusterImpl-cdd58879-4209-485f-b550-735d0945b7ce/datanode-2/data/ratis/e42aedd4-856a-45c1-81ee-1de19c9ed2bb: created new log segment /workdir/hadoop-ozone/integration-test/target/test-dir/MiniOzoneClusterImpl-cdd58879-4209-485f-b550-735d0945b7ce/datanode-2/data/ratis/e42aedd4-856a-45c1-81ee-1de19c9ed2bb/current/log_inprogress_0
2019-07-14 16:16:19,271 INFO  impl.FollowerState (FollowerState.java:run(106)) - e49e00ac-01e2-41d2-8ec0-d1120db36378:group-07CA127FF588 changes to CANDIDATE, lastRpcTime:5112, electionTimeout:5112ms
2019-07-14 16:16:19,272 INFO  impl.RoleInfo (RoleInfo.java:shutdownFollowerState(121)) - e49e00ac-01e2-41d2-8ec0-d1120db36378: shutdown FollowerState
2019-07-14 16:16:19,272 INFO  impl.RaftServerImpl (RaftServerImpl.java:setRole(171)) - e49e00ac-01e2-41d2-8ec0-d1120db36378:group-07CA127FF588 changes role from FOLLOWER to CANDIDATE at term 0 for changeToCandidate
2019-07-14 16:16:19,272 INFO  impl.RoleInfo (RoleInfo.java:updateAndGet(143)) - e49e00ac-01e2-41d2-8ec0-d1120db36378: start LeaderElection
2019-07-14 16:16:19,280 INFO  impl.LeaderElection (LeaderElection.java:askForVotes(181)) - e49e00ac-01e2-41d2-8ec0-d1120db36378:group-07CA127FF588:LeaderElection17: begin an election at term 1 for -1: [df97cdfb-6159-47bc-9492-21f4b2603b7a:192.168.69.77:40231, e49e00ac-01e2-41d2-8ec0-d1120db36378:192.168.69.77:34892, 26a73836-4946-4dff-9ecc-d6811ba894c4:192.168.69.77:40471], old=null
2019-07-14 16:16:19,293 INFO  impl.RaftServerImpl (RaftServerImpl.java:setRole(171)) - df97cdfb-6159-47bc-9492-21f4b2603b7a:group-07CA127FF588 changes role from FOLLOWER to FOLLOWER at term 1 for recognizeCandidate:e49e00ac-01e2-41d2-8ec0-d1120db36378
2019-07-14 16:16:19,297 INFO  impl.RaftServerImpl (RaftServerImpl.java:setRole(171)) - 26a73836-4946-4dff-9ecc-d6811ba894c4:group-07CA127FF588 changes role from FOLLOWER to FOLLOWER at term 1 for recognizeCandidate:e49e00ac-01e2-41d2-8ec0-d1120db36378
2019-07-14 16:16:19,298 INFO  impl.RoleInfo (RoleInfo.java:shutdownFollowerState(121)) - df97cdfb-6159-47bc-9492-21f4b2603b7a: shutdown FollowerState
2019-07-14 16:16:19,298 INFO  impl.RoleInfo (RoleInfo.java:shutdownFollowerState(121)) - 26a73836-4946-4dff-9ecc-d6811ba894c4: shutdown FollowerState
2019-07-14 16:16:19,298 INFO  impl.FollowerState (FollowerState.java:run(114)) - df97cdfb-6159-47bc-9492-21f4b2603b7a: FollowerState was interrupted: java.lang.InterruptedException: sleep interrupted
2019-07-14 16:16:19,298 INFO  impl.RoleInfo (RoleInfo.java:updateAndGet(143)) - df97cdfb-6159-47bc-9492-21f4b2603b7a: start FollowerState
2019-07-14 16:16:19,298 INFO  impl.FollowerState (FollowerState.java:run(114)) - 26a73836-4946-4dff-9ecc-d6811ba894c4: FollowerState was interrupted: java.lang.InterruptedException: sleep interrupted
2019-07-14 16:16:19,298 INFO  impl.RoleInfo (RoleInfo.java:updateAndGet(143)) - 26a73836-4946-4dff-9ecc-d6811ba894c4: start FollowerState
2019-07-14 16:16:19,316 INFO  impl.LeaderElection (LeaderElection.java:logAndReturn(56)) - e49e00ac-01e2-41d2-8ec0-d1120db36378:group-07CA127FF588:LeaderElection17: Election PASSED; received 1 response(s) [e49e00ac-01e2-41d2-8ec0-d1120db36378<-26a73836-4946-4dff-9ecc-d6811ba894c4#0:OK-t1] and 0 exception(s); e49e00ac-01e2-41d2-8ec0-d1120db36378:t1, leader=null, voted=e49e00ac-01e2-41d2-8ec0-d1120db36378, raftlog=e49e00ac-01e2-41d2-8ec0-d1120db36378-SegmentedRaftLog:OPENED:c-1,f-1,i0, conf=-1: [df97cdfb-6159-47bc-9492-21f4b2603b7a:192.168.69.77:40231, e49e00ac-01e2-41d2-8ec0-d1120db36378:192.168.69.77:34892, 26a73836-4946-4dff-9ecc-d6811ba894c4:192.168.69.77:40471], old=null
2019-07-14 16:16:19,317 INFO  impl.RoleInfo (RoleInfo.java:shutdownLeaderElection(134)) - e49e00ac-01e2-41d2-8ec0-d1120db36378: shutdown LeaderElection
2019-07-14 16:16:19,317 INFO  impl.RaftServerImpl (RaftServerImpl.java:setRole(171)) - e49e00ac-01e2-41d2-8ec0-d1120db36378:group-07CA127FF588 changes role from CANDIDATE to LEADER at term 1 for changeToLeader
2019-07-14 16:16:19,317 INFO  impl.RaftServerImpl (ServerState.java:setLeader(263)) - e49e00ac-01e2-41d2-8ec0-d1120db36378:group-07CA127FF588 change Leader from null to e49e00ac-01e2-41d2-8ec0-d1120db36378 at term 1 for becomeLeader, leader elected after 5167ms
2019-07-14 16:16:19,317 INFO  server.RaftServerConfigKeys (ConfUtils.java:logGet(43)) - raft.server.staging.catchup.gap = 1000 (default)
2019-07-14 16:16:19,317 INFO  server.RaftServerConfigKeys (ConfUtils.java:logGet(43)) - raft.server.rpc.sleep.time = 25ms (default)
2019-07-14 16:16:19,317 INFO  server.RaftServerConfigKeys (ConfUtils.java:logGet(43)) - raft.server.write.element-limit = 4096 (default)
2019-07-14 16:16:19,318 INFO  server.RaftServerConfigKeys (ConfUtils.java:logGet(43)) - raft.server.watch.timeout = 10s (default)
2019-07-14 16:16:19,318 INFO  server.RaftServerConfigKeys (ConfUtils.java:logGet(43)) - raft.server.watch.timeout.denomination = 1s (default)
2019-07-14 16:16:19,318 INFO  server.RaftServerConfigKeys (ConfUtils.java:logGet(43)) - raft.server.watch.element-limit = 65536 (default)
2019-07-14 16:16:19,318 INFO  server.RaftServerConfigKeys (ConfUtils.java:logGet(43)) - raft.server.log.appender.snapshot.chunk.size.max = 16MB (=16777216) (default)
2019-07-14 16:16:19,318 INFO  server.RaftServerConfigKeys (ConfUtils.java:logGet(43)) - raft.server.log.appender.buffer.byte-limit = 33554432 (custom)
2019-07-14 16:16:19,319 INFO  server.RaftServerConfigKeys (ConfUtils.java:logGet(43)) - raft.server.log.appender.buffer.element-limit = 1 (custom)
2019-07-14 16:16:19,319 INFO  grpc.GrpcConfigKeys$Server (ConfUtils.java:logGet(43)) - raft.grpc.server.leader.outstanding.appends.max = 128 (default)
2019-07-14 16:16:19,319 INFO  server.RaftServerConfigKeys (ConfUtils.java:logGet(43)) - raft.server.rpc.request.timeout = 3000ms (default)
2019-07-14 16:16:19,319 INFO  server.RaftServerConfigKeys (ConfUtils.java:logGet(43)) - raft.server.log.appender.install.snapshot.enabled = false (custom)
2019-07-14 16:16:19,320 INFO  server.RaftServerConfigKeys (ConfUtils.java:logGet(43)) - raft.server.log.appender.snapshot.chunk.size.max = 16MB (=16777216) (default)
2019-07-14 16:16:19,320 INFO  server.RaftServerConfigKeys (ConfUtils.java:logGet(43)) - raft.server.log.appender.buffer.byte-limit = 33554432 (custom)
2019-07-14 16:16:19,320 INFO  server.RaftServerConfigKeys (ConfUtils.java:logGet(43)) - raft.server.log.appender.buffer.element-limit = 1 (custom)
2019-07-14 16:16:19,320 INFO  grpc.GrpcConfigKeys$Server (ConfUtils.java:logGet(43)) - raft.grpc.server.leader.outstanding.appends.max = 128 (default)
2019-07-14 16:16:19,321 INFO  server.RaftServerConfigKeys (ConfUtils.java:logGet(43)) - raft.server.rpc.request.timeout = 3000ms (default)
2019-07-14 16:16:19,321 INFO  server.RaftServerConfigKeys (ConfUtils.java:logGet(43)) - raft.server.log.appender.install.snapshot.enabled = false (custom)
2019-07-14 16:16:19,321 INFO  impl.RoleInfo (RoleInfo.java:updateAndGet(143)) - e49e00ac-01e2-41d2-8ec0-d1120db36378: start LeaderState
2019-07-14 16:16:19,321 INFO  segmented.SegmentedRaftLogWorker (SegmentedRaftLogWorker.java:startLogSegment(380)) - e49e00ac-01e2-41d2-8ec0-d1120db36378-SegmentedRaftLogWorker:Storage Directory /workdir/hadoop-ozone/integration-test/target/test-dir/MiniOzoneClusterImpl-cdd58879-4209-485f-b550-735d0945b7ce/datanode-1/data/ratis/db585593-c8c4-4679-81cb-07ca127ff588: Starting segment from index:0
2019-07-14 16:16:19,322 INFO  impl.RaftServerImpl (ServerState.java:setRaftConf(361)) - e49e00ac-01e2-41d2-8ec0-d1120db36378:group-07CA127FF588 set configuration 0: [df97cdfb-6159-47bc-9492-21f4b2603b7a:192.168.69.77:40231, e49e00ac-01e2-41d2-8ec0-d1120db36378:192.168.69.77:34892, 26a73836-4946-4dff-9ecc-d6811ba894c4:192.168.69.77:40471], old=null at 0
2019-07-14 16:16:19,325 INFO  impl.RaftServerImpl (ServerState.java:setLeader(263)) - df97cdfb-6159-47bc-9492-21f4b2603b7a:group-07CA127FF588 change Leader from null to e49e00ac-01e2-41d2-8ec0-d1120db36378 at term 1 for appendEntries, leader elected after 5175ms
2019-07-14 16:16:19,325 INFO  impl.RaftServerImpl (ServerState.java:setLeader(263)) - 26a73836-4946-4dff-9ecc-d6811ba894c4:group-07CA127FF588 change Leader from null to e49e00ac-01e2-41d2-8ec0-d1120db36378 at term 1 for appendEntries, leader elected after 5174ms
2019-07-14 16:16:19,342 INFO  impl.FollowerState (FollowerState.java:run(106)) - 7cab76d5-0384-4840-a60b-a551623f6093:group-90A707B522BA changes to CANDIDATE, lastRpcTime:5027, electionTimeout:5014ms
2019-07-14 16:16:19,344 INFO  impl.RoleInfo (RoleInfo.java:shutdownFollowerState(121)) - 7cab76d5-0384-4840-a60b-a551623f6093: shutdown FollowerState
2019-07-14 16:16:19,344 INFO  impl.RaftServerImpl (RaftServerImpl.java:setRole(171)) - 7cab76d5-0384-4840-a60b-a551623f6093:group-90A707B522BA changes role from FOLLOWER to CANDIDATE at term 0 for changeToCandidate
2019-07-14 16:16:19,345 INFO  impl.RoleInfo (RoleInfo.java:updateAndGet(143)) - 7cab76d5-0384-4840-a60b-a551623f6093: start LeaderElection
2019-07-14 16:16:19,351 INFO  impl.RaftServerImpl (ServerState.java:setRaftConf(361)) - df97cdfb-6159-47bc-9492-21f4b2603b7a:group-07CA127FF588 set configuration 0: [df97cdfb-6159-47bc-9492-21f4b2603b7a:192.168.69.77:40231, e49e00ac-01e2-41d2-8ec0-d1120db36378:192.168.69.77:34892, 26a73836-4946-4dff-9ecc-d6811ba894c4:192.168.69.77:40471], old=null at 0
2019-07-14 16:16:19,351 INFO  impl.RaftServerImpl (ServerState.java:setRaftConf(361)) - 26a73836-4946-4dff-9ecc-d6811ba894c4:group-07CA127FF588 set configuration 0: [df97cdfb-6159-47bc-9492-21f4b2603b7a:192.168.69.77:40231, e49e00ac-01e2-41d2-8ec0-d1120db36378:192.168.69.77:34892, 26a73836-4946-4dff-9ecc-d6811ba894c4:192.168.69.77:40471], old=null at 0
2019-07-14 16:16:19,352 INFO  segmented.SegmentedRaftLogWorker (SegmentedRaftLogWorker.java:startLogSegment(380)) - df97cdfb-6159-47bc-9492-21f4b2603b7a-SegmentedRaftLogWorker:Storage Directory /workdir/hadoop-ozone/integration-test/target/test-dir/MiniOzoneClusterImpl-cdd58879-4209-485f-b550-735d0945b7ce/datanode-0/data/ratis/db585593-c8c4-4679-81cb-07ca127ff588: Starting segment from index:0
2019-07-14 16:16:19,352 INFO  segmented.SegmentedRaftLogWorker (SegmentedRaftLogWorker.java:startLogSegment(380)) - 26a73836-4946-4dff-9ecc-d6811ba894c4-SegmentedRaftLogWorker:Storage Directory /workdir/hadoop-ozone/integration-test/target/test-dir/MiniOzoneClusterImpl-cdd58879-4209-485f-b550-735d0945b7ce/datanode-2/data/ratis/db585593-c8c4-4679-81cb-07ca127ff588: Starting segment from index:0
2019-07-14 16:16:19,355 INFO  segmented.SegmentedRaftLogWorker (SegmentedRaftLogWorker.java:execute(569)) - e49e00ac-01e2-41d2-8ec0-d1120db36378-SegmentedRaftLogWorker:Storage Directory /workdir/hadoop-ozone/integration-test/target/test-dir/MiniOzoneClusterImpl-cdd58879-4209-485f-b550-735d0945b7ce/datanode-1/data/ratis/db585593-c8c4-4679-81cb-07ca127ff588: created new log segment /workdir/hadoop-ozone/integration-test/target/test-dir/MiniOzoneClusterImpl-cdd58879-4209-485f-b550-735d0945b7ce/datanode-1/data/ratis/db585593-c8c4-4679-81cb-07ca127ff588/current/log_inprogress_0
2019-07-14 16:16:19,356 INFO  impl.LeaderElection (LeaderElection.java:askForVotes(181)) - 7cab76d5-0384-4840-a60b-a551623f6093:group-90A707B522BA:LeaderElection18: begin an election at term 1 for -1: [7cab76d5-0384-4840-a60b-a551623f6093:192.168.69.77:35306], old=null
2019-07-14 16:16:19,356 INFO  impl.RoleInfo (RoleInfo.java:shutdownLeaderElection(134)) - 7cab76d5-0384-4840-a60b-a551623f6093: shutdown LeaderElection
2019-07-14 16:16:19,356 INFO  impl.RaftServerImpl (RaftServerImpl.java:setRole(171)) - 7cab76d5-0384-4840-a60b-a551623f6093:group-90A707B522BA changes role from CANDIDATE to LEADER at term 1 for changeToLeader
2019-07-14 16:16:19,356 INFO  impl.RaftServerImpl (ServerState.java:setLeader(263)) - 7cab76d5-0384-4840-a60b-a551623f6093:group-90A707B522BA change Leader from null to 7cab76d5-0384-4840-a60b-a551623f6093 at term 1 for becomeLeader, leader elected after 5046ms
2019-07-14 16:16:19,372 INFO  server.RaftServerConfigKeys (ConfUtils.java:logGet(43)) - raft.server.staging.catchup.gap = 1000 (default)
2019-07-14 16:16:19,372 INFO  server.RaftServerConfigKeys (ConfUtils.java:logGet(43)) - raft.server.rpc.sleep.time = 25ms (default)
2019-07-14 16:16:19,372 INFO  server.RaftServerConfigKeys (ConfUtils.java:logGet(43)) - raft.server.write.element-limit = 4096 (default)
2019-07-14 16:16:19,372 INFO  server.RaftServerConfigKeys (ConfUtils.java:logGet(43)) - raft.server.watch.timeout = 10s (default)
2019-07-14 16:16:19,372 INFO  server.RaftServerConfigKeys (ConfUtils.java:logGet(43)) - raft.server.watch.timeout.denomination = 1s (default)
2019-07-14 16:16:19,373 INFO  server.RaftServerConfigKeys (ConfUtils.java:logGet(43)) - raft.server.watch.element-limit = 65536 (default)
2019-07-14 16:16:19,373 INFO  impl.RoleInfo (RoleInfo.java:updateAndGet(143)) - 7cab76d5-0384-4840-a60b-a551623f6093: start LeaderState
2019-07-14 16:16:19,373 INFO  segmented.SegmentedRaftLogWorker (SegmentedRaftLogWorker.java:startLogSegment(380)) - 7cab76d5-0384-4840-a60b-a551623f6093-SegmentedRaftLogWorker:Storage Directory /workdir/hadoop-ozone/integration-test/target/test-dir/MiniOzoneClusterImpl-cdd58879-4209-485f-b550-735d0945b7ce/datanode-3/data/ratis/d68da4dd-3468-43ee-80b7-90a707b522ba: Starting segment from index:0
2019-07-14 16:16:19,374 INFO  impl.RaftServerImpl (ServerState.java:setRaftConf(361)) - 7cab76d5-0384-4840-a60b-a551623f6093:group-90A707B522BA set configuration 0: [7cab76d5-0384-4840-a60b-a551623f6093:192.168.69.77:35306], old=null at 0
2019-07-14 16:16:19,403 INFO  segmented.SegmentedRaftLogWorker (SegmentedRaftLogWorker.java:execute(569)) - 7cab76d5-0384-4840-a60b-a551623f6093-SegmentedRaftLogWorker:Storage Directory /workdir/hadoop-ozone/integration-test/target/test-dir/MiniOzoneClusterImpl-cdd58879-4209-485f-b550-735d0945b7ce/datanode-3/data/ratis/d68da4dd-3468-43ee-80b7-90a707b522ba: created new log segment /workdir/hadoop-ozone/integration-test/target/test-dir/MiniOzoneClusterImpl-cdd58879-4209-485f-b550-735d0945b7ce/datanode-3/data/ratis/d68da4dd-3468-43ee-80b7-90a707b522ba/current/log_inprogress_0
2019-07-14 16:16:19,403 INFO  segmented.SegmentedRaftLogWorker (SegmentedRaftLogWorker.java:execute(569)) - df97cdfb-6159-47bc-9492-21f4b2603b7a-SegmentedRaftLogWorker:Storage Directory /workdir/hadoop-ozone/integration-test/target/test-dir/MiniOzoneClusterImpl-cdd58879-4209-485f-b550-735d0945b7ce/datanode-0/data/ratis/db585593-c8c4-4679-81cb-07ca127ff588: created new log segment /workdir/hadoop-ozone/integration-test/target/test-dir/MiniOzoneClusterImpl-cdd58879-4209-485f-b550-735d0945b7ce/datanode-0/data/ratis/db585593-c8c4-4679-81cb-07ca127ff588/current/log_inprogress_0
2019-07-14 16:16:19,403 INFO  segmented.SegmentedRaftLogWorker (SegmentedRaftLogWorker.java:execute(569)) - 26a73836-4946-4dff-9ecc-d6811ba894c4-SegmentedRaftLogWorker:Storage Directory /workdir/hadoop-ozone/integration-test/target/test-dir/MiniOzoneClusterImpl-cdd58879-4209-485f-b550-735d0945b7ce/datanode-2/data/ratis/db585593-c8c4-4679-81cb-07ca127ff588: created new log segment /workdir/hadoop-ozone/integration-test/target/test-dir/MiniOzoneClusterImpl-cdd58879-4209-485f-b550-735d0945b7ce/datanode-2/data/ratis/db585593-c8c4-4679-81cb-07ca127ff588/current/log_inprogress_0
2019-07-14 16:16:19,624 INFO  impl.FollowerState (FollowerState.java:run(106)) - d32f881f-77a3-40f0-915e-9b7d112da8da:group-430FE210230E changes to CANDIDATE, lastRpcTime:5144, electionTimeout:5144ms
2019-07-14 16:16:19,624 INFO  impl.RoleInfo (RoleInfo.java:shutdownFollowerState(121)) - d32f881f-77a3-40f0-915e-9b7d112da8da: shutdown FollowerState
2019-07-14 16:16:19,624 INFO  impl.RaftServerImpl (RaftServerImpl.java:setRole(171)) - d32f881f-77a3-40f0-915e-9b7d112da8da:group-430FE210230E changes role from FOLLOWER to CANDIDATE at term 0 for changeToCandidate
2019-07-14 16:16:19,625 INFO  impl.RoleInfo (RoleInfo.java:updateAndGet(143)) - d32f881f-77a3-40f0-915e-9b7d112da8da: start LeaderElection
2019-07-14 16:16:19,665 INFO  impl.LeaderElection (LeaderElection.java:askForVotes(181)) - d32f881f-77a3-40f0-915e-9b7d112da8da:group-430FE210230E:LeaderElection19: begin an election at term 1 for -1: [d32f881f-77a3-40f0-915e-9b7d112da8da:192.168.69.77:34603], old=null
2019-07-14 16:16:19,665 INFO  impl.RoleInfo (RoleInfo.java:shutdownLeaderElection(134)) - d32f881f-77a3-40f0-915e-9b7d112da8da: shutdown LeaderElection
2019-07-14 16:16:19,665 INFO  impl.RaftServerImpl (RaftServerImpl.java:setRole(171)) - d32f881f-77a3-40f0-915e-9b7d112da8da:group-430FE210230E changes role from CANDIDATE to LEADER at term 1 for changeToLeader
2019-07-14 16:16:19,666 INFO  impl.RaftServerImpl (ServerState.java:setLeader(263)) - d32f881f-77a3-40f0-915e-9b7d112da8da:group-430FE210230E change Leader from null to d32f881f-77a3-40f0-915e-9b7d112da8da at term 1 for becomeLeader, leader elected after 5191ms
2019-07-14 16:16:19,668 INFO  server.RaftServerConfigKeys (ConfUtils.java:logGet(43)) - raft.server.staging.catchup.gap = 1000 (default)
2019-07-14 16:16:19,668 INFO  server.RaftServerConfigKeys (ConfUtils.java:logGet(43)) - raft.server.rpc.sleep.time = 25ms (default)
2019-07-14 16:16:19,668 INFO  server.RaftServerConfigKeys (ConfUtils.java:logGet(43)) - raft.server.write.element-limit = 4096 (default)
2019-07-14 16:16:19,668 INFO  server.RaftServerConfigKeys (ConfUtils.java:logGet(43)) - raft.server.watch.timeout = 10s (default)
2019-07-14 16:16:19,668 INFO  server.RaftServerConfigKeys (ConfUtils.java:logGet(43)) - raft.server.watch.timeout.denomination = 1s (default)
2019-07-14 16:16:19,669 INFO  server.RaftServerConfigKeys (ConfUtils.java:logGet(43)) - raft.server.watch.element-limit = 65536 (default)
2019-07-14 16:16:19,669 INFO  impl.RoleInfo (RoleInfo.java:updateAndGet(143)) - d32f881f-77a3-40f0-915e-9b7d112da8da: start LeaderState
2019-07-14 16:16:19,669 INFO  segmented.SegmentedRaftLogWorker (SegmentedRaftLogWorker.java:startLogSegment(380)) - d32f881f-77a3-40f0-915e-9b7d112da8da-SegmentedRaftLogWorker:Storage Directory /workdir/hadoop-ozone/integration-test/target/test-dir/MiniOzoneClusterImpl-cdd58879-4209-485f-b550-735d0945b7ce/datanode-4/data/ratis/0c0c985a-f08b-47e8-9ad3-430fe210230e: Starting segment from index:0
2019-07-14 16:16:19,670 INFO  impl.RaftServerImpl (ServerState.java:setRaftConf(361)) - d32f881f-77a3-40f0-915e-9b7d112da8da:group-430FE210230E set configuration 0: [d32f881f-77a3-40f0-915e-9b7d112da8da:192.168.69.77:34603], old=null at 0
2019-07-14 16:16:19,706 INFO  segmented.SegmentedRaftLogWorker (SegmentedRaftLogWorker.java:execute(569)) - d32f881f-77a3-40f0-915e-9b7d112da8da-SegmentedRaftLogWorker:Storage Directory /workdir/hadoop-ozone/integration-test/target/test-dir/MiniOzoneClusterImpl-cdd58879-4209-485f-b550-735d0945b7ce/datanode-4/data/ratis/0c0c985a-f08b-47e8-9ad3-430fe210230e: created new log segment /workdir/hadoop-ozone/integration-test/target/test-dir/MiniOzoneClusterImpl-cdd58879-4209-485f-b550-735d0945b7ce/datanode-4/data/ratis/0c0c985a-f08b-47e8-9ad3-430fe210230e/current/log_inprogress_0
2019-07-14 16:16:19,734 INFO  impl.FollowerState (FollowerState.java:run(106)) - 922018ce-a699-4157-97d4-e71fe992046b:group-9B60E9F449B7 changes to CANDIDATE, lastRpcTime:5065, electionTimeout:5065ms
2019-07-14 16:16:19,734 INFO  impl.RoleInfo (RoleInfo.java:shutdownFollowerState(121)) - 922018ce-a699-4157-97d4-e71fe992046b: shutdown FollowerState
2019-07-14 16:16:19,735 INFO  impl.RaftServerImpl (RaftServerImpl.java:setRole(171)) - 922018ce-a699-4157-97d4-e71fe992046b:group-9B60E9F449B7 changes role from FOLLOWER to CANDIDATE at term 0 for changeToCandidate
2019-07-14 16:16:19,735 INFO  impl.RoleInfo (RoleInfo.java:updateAndGet(143)) - 922018ce-a699-4157-97d4-e71fe992046b: start LeaderElection
2019-07-14 16:16:19,750 INFO  impl.LeaderElection (LeaderElection.java:askForVotes(181)) - 922018ce-a699-4157-97d4-e71fe992046b:group-9B60E9F449B7:LeaderElection20: begin an election at term 1 for -1: [922018ce-a699-4157-97d4-e71fe992046b:192.168.69.77:45692], old=null
2019-07-14 16:16:19,751 INFO  impl.RoleInfo (RoleInfo.java:shutdownLeaderElection(134)) - 922018ce-a699-4157-97d4-e71fe992046b: shutdown LeaderElection
2019-07-14 16:16:19,751 INFO  impl.RaftServerImpl (RaftServerImpl.java:setRole(171)) - 922018ce-a699-4157-97d4-e71fe992046b:group-9B60E9F449B7 changes role from CANDIDATE to LEADER at term 1 for changeToLeader
2019-07-14 16:16:19,751 INFO  impl.RaftServerImpl (ServerState.java:setLeader(263)) - 922018ce-a699-4157-97d4-e71fe992046b:group-9B60E9F449B7 change Leader from null to 922018ce-a699-4157-97d4-e71fe992046b at term 1 for becomeLeader, leader elected after 5087ms
2019-07-14 16:16:19,753 INFO  server.RaftServerConfigKeys (ConfUtils.java:logGet(43)) - raft.server.staging.catchup.gap = 1000 (default)
2019-07-14 16:16:19,753 INFO  server.RaftServerConfigKeys (ConfUtils.java:logGet(43)) - raft.server.rpc.sleep.time = 25ms (default)
2019-07-14 16:16:19,753 INFO  server.RaftServerConfigKeys (ConfUtils.java:logGet(43)) - raft.server.write.element-limit = 4096 (default)
2019-07-14 16:16:19,754 INFO  server.RaftServerConfigKeys (ConfUtils.java:logGet(43)) - raft.server.watch.timeout = 10s (default)
2019-07-14 16:16:19,754 INFO  server.RaftServerConfigKeys (ConfUtils.java:logGet(43)) - raft.server.watch.timeout.denomination = 1s (default)
2019-07-14 16:16:19,754 INFO  server.RaftServerConfigKeys (ConfUtils.java:logGet(43)) - raft.server.watch.element-limit = 65536 (default)
2019-07-14 16:16:19,754 INFO  impl.RoleInfo (RoleInfo.java:updateAndGet(143)) - 922018ce-a699-4157-97d4-e71fe992046b: start LeaderState
2019-07-14 16:16:19,755 INFO  segmented.SegmentedRaftLogWorker (SegmentedRaftLogWorker.java:startLogSegment(380)) - 922018ce-a699-4157-97d4-e71fe992046b-SegmentedRaftLogWorker:Storage Directory /workdir/hadoop-ozone/integration-test/target/test-dir/MiniOzoneClusterImpl-cdd58879-4209-485f-b550-735d0945b7ce/datanode-5/data/ratis/5f737a52-49cc-4fca-b52d-9b60e9f449b7: Starting segment from index:0
2019-07-14 16:16:19,755 INFO  impl.RaftServerImpl (ServerState.java:setRaftConf(361)) - 922018ce-a699-4157-97d4-e71fe992046b:group-9B60E9F449B7 set configuration 0: [922018ce-a699-4157-97d4-e71fe992046b:192.168.69.77:45692], old=null at 0
2019-07-14 16:16:19,789 INFO  segmented.SegmentedRaftLogWorker (SegmentedRaftLogWorker.java:execute(569)) - 922018ce-a699-4157-97d4-e71fe992046b-SegmentedRaftLogWorker:Storage Directory /workdir/hadoop-ozone/integration-test/target/test-dir/MiniOzoneClusterImpl-cdd58879-4209-485f-b550-735d0945b7ce/datanode-5/data/ratis/5f737a52-49cc-4fca-b52d-9b60e9f449b7: created new log segment /workdir/hadoop-ozone/integration-test/target/test-dir/MiniOzoneClusterImpl-cdd58879-4209-485f-b550-735d0945b7ce/datanode-5/data/ratis/5f737a52-49cc-4fca-b52d-9b60e9f449b7/current/log_inprogress_0
2019-07-14 16:16:19,842 INFO  impl.FollowerState (FollowerState.java:run(106)) - 922018ce-a699-4157-97d4-e71fe992046b:group-03B869E7E0AF changes to CANDIDATE, lastRpcTime:5092, electionTimeout:5091ms
2019-07-14 16:16:19,842 INFO  impl.RoleInfo (RoleInfo.java:shutdownFollowerState(121)) - 922018ce-a699-4157-97d4-e71fe992046b: shutdown FollowerState
2019-07-14 16:16:19,842 INFO  impl.RaftServerImpl (RaftServerImpl.java:setRole(171)) - 922018ce-a699-4157-97d4-e71fe992046b:group-03B869E7E0AF changes role from FOLLOWER to CANDIDATE at term 0 for changeToCandidate
2019-07-14 16:16:19,843 INFO  impl.RoleInfo (RoleInfo.java:updateAndGet(143)) - 922018ce-a699-4157-97d4-e71fe992046b: start LeaderElection
2019-07-14 16:16:19,854 INFO  client.GrpcClientProtocolClient (GrpcClientProtocolClient.java:onNext(255)) - client-4F4311992A40->26a73836-4946-4dff-9ecc-d6811ba894c4: receive RaftClientReply:client-4F4311992A40->26a73836-4946-4dff-9ecc-d6811ba894c4@group-07CA127FF588, cid=33, FAILED org.apache.ratis.protocol.NotLeaderException: Server 26a73836-4946-4dff-9ecc-d6811ba894c4 is not the leader (e49e00ac-01e2-41d2-8ec0-d1120db36378:192.168.69.77:34892). Request must be sent to leader., logIndex=0, commits[26a73836-4946-4dff-9ecc-d6811ba894c4:c-1, df97cdfb-6159-47bc-9492-21f4b2603b7a:c-1, e49e00ac-01e2-41d2-8ec0-d1120db36378:c-1]
2019-07-14 16:16:19,856 INFO  impl.FollowerState (FollowerState.java:run(106)) - 7cab76d5-0384-4840-a60b-a551623f6093:group-03B869E7E0AF changes to CANDIDATE, lastRpcTime:5114, electionTimeout:5113ms
2019-07-14 16:16:19,856 INFO  impl.RoleInfo (RoleInfo.java:shutdownFollowerState(121)) - 7cab76d5-0384-4840-a60b-a551623f6093: shutdown FollowerState
2019-07-14 16:16:19,856 INFO  impl.RaftServerImpl (RaftServerImpl.java:setRole(171)) - 7cab76d5-0384-4840-a60b-a551623f6093:group-03B869E7E0AF changes role from FOLLOWER to CANDIDATE at term 0 for changeToCandidate
2019-07-14 16:16:19,859 INFO  impl.RoleInfo (RoleInfo.java:updateAndGet(143)) - 7cab76d5-0384-4840-a60b-a551623f6093: start LeaderElection
2019-07-14 16:16:19,866 WARN  io.KeyOutputStream (KeyOutputStream.java:handleException(276)) - Encountered exception java.io.IOException: Unexpected Storage Container Exception: java.util.concurrent.CompletionException: java.util.concurrent.CompletionException: org.apache.ratis.protocol.RaftRetryFailureException: Failed RaftClientRequest:client-4F4311992A40->26a73836-4946-4dff-9ecc-d6811ba894c4@group-07CA127FF588, cid=33, seq=1*, RW, org.apache.hadoop.hdds.scm.XceiverClientRatis$$Lambda$309/805530136@aa16321 for 5 attempts with RetryLimited(maxAttempts=5, sleepTime=1000ms) on the pipeline Pipeline[ Id: db585593-c8c4-4679-81cb-07ca127ff588, Nodes: df97cdfb-6159-47bc-9492-21f4b2603b7a{ip: 192.168.69.77, host: pr-hdds-1710-5x6jb-1204890111, networkLocation: /default-rack, certSerialId: null}26a73836-4946-4dff-9ecc-d6811ba894c4{ip: 192.168.69.77, host: pr-hdds-1710-5x6jb-1204890111, networkLocation: /default-rack, certSerialId: null}e49e00ac-01e2-41d2-8ec0-d1120db36378{ip: 192.168.69.77, host: pr-hdds-1710-5x6jb-1204890111, networkLocation: /default-rack, certSerialId: null}, Type:RATIS, Factor:THREE, State:OPEN]. The last committed block length is 0, uncommitted data length is 1048576 retry count 0
2019-07-14 16:16:19,859 INFO  impl.LeaderElection (LeaderElection.java:askForVotes(181)) - 922018ce-a699-4157-97d4-e71fe992046b:group-03B869E7E0AF:LeaderElection21: begin an election at term 1 for -1: [7cab76d5-0384-4840-a60b-a551623f6093:192.168.69.77:35306, 922018ce-a699-4157-97d4-e71fe992046b:192.168.69.77:45692, d32f881f-77a3-40f0-915e-9b7d112da8da:192.168.69.77:34603], old=null
2019-07-14 16:16:19,887 INFO  impl.FollowerState (FollowerState.java:run(106)) - d32f881f-77a3-40f0-915e-9b7d112da8da:group-03B869E7E0AF changes to CANDIDATE, lastRpcTime:5138, electionTimeout:5134ms
2019-07-14 16:16:19,887 INFO  impl.LeaderElection (LeaderElection.java:askForVotes(181)) - 7cab76d5-0384-4840-a60b-a551623f6093:group-03B869E7E0AF:LeaderElection22: begin an election at term 1 for -1: [7cab76d5-0384-4840-a60b-a551623f6093:192.168.69.77:35306, 922018ce-a699-4157-97d4-e71fe992046b:192.168.69.77:45692, d32f881f-77a3-40f0-915e-9b7d112da8da:192.168.69.77:34603], old=null
2019-07-14 16:16:19,887 INFO  impl.RoleInfo (RoleInfo.java:shutdownFollowerState(121)) - d32f881f-77a3-40f0-915e-9b7d112da8da: shutdown FollowerState
2019-07-14 16:16:19,887 INFO  impl.RaftServerImpl (RaftServerImpl.java:setRole(171)) - d32f881f-77a3-40f0-915e-9b7d112da8da:group-03B869E7E0AF changes role from FOLLOWER to CANDIDATE at term 0 for changeToCandidate
2019-07-14 16:16:19,887 INFO  impl.RoleInfo (RoleInfo.java:updateAndGet(143)) - d32f881f-77a3-40f0-915e-9b7d112da8da: start LeaderElection
2019-07-14 16:16:19,908 INFO  impl.LeaderElection (LeaderElection.java:askForVotes(181)) - d32f881f-77a3-40f0-915e-9b7d112da8da:group-03B869E7E0AF:LeaderElection23: begin an election at term 1 for -1: [7cab76d5-0384-4840-a60b-a551623f6093:192.168.69.77:35306, 922018ce-a699-4157-97d4-e71fe992046b:192.168.69.77:45692, d32f881f-77a3-40f0-915e-9b7d112da8da:192.168.69.77:34603], old=null
2019-07-14 16:16:19,941 INFO  impl.LeaderElection (LeaderElection.java:logAndReturn(56)) - 7cab76d5-0384-4840-a60b-a551623f6093:group-03B869E7E0AF:LeaderElection22: Election REJECTED; received 2 response(s) [7cab76d5-0384-4840-a60b-a551623f6093<-922018ce-a699-4157-97d4-e71fe992046b#0:FAIL-t1, 7cab76d5-0384-4840-a60b-a551623f6093<-d32f881f-77a3-40f0-915e-9b7d112da8da#0:FAIL-t1] and 0 exception(s); 7cab76d5-0384-4840-a60b-a551623f6093:t1, leader=null, voted=7cab76d5-0384-4840-a60b-a551623f6093, raftlog=7cab76d5-0384-4840-a60b-a551623f6093-SegmentedRaftLog:OPENED:c-1,f-1,i0, conf=-1: [7cab76d5-0384-4840-a60b-a551623f6093:192.168.69.77:35306, 922018ce-a699-4157-97d4-e71fe992046b:192.168.69.77:45692, d32f881f-77a3-40f0-915e-9b7d112da8da:192.168.69.77:34603], old=null
2019-07-14 16:16:19,941 INFO  impl.RaftServerImpl (RaftServerImpl.java:setRole(171)) - 7cab76d5-0384-4840-a60b-a551623f6093:group-03B869E7E0AF changes role from CANDIDATE to FOLLOWER at term 1 for DISCOVERED_A_NEW_TERM
2019-07-14 16:16:19,942 INFO  impl.RoleInfo (RoleInfo.java:shutdownLeaderElection(134)) - 7cab76d5-0384-4840-a60b-a551623f6093: shutdown LeaderElection
2019-07-14 16:16:19,946 INFO  impl.RoleInfo (RoleInfo.java:updateAndGet(143)) - 7cab76d5-0384-4840-a60b-a551623f6093: start FollowerState
2019-07-14 16:16:19,946 INFO  impl.LeaderElection (LeaderElection.java:logAndReturn(56)) - 922018ce-a699-4157-97d4-e71fe992046b:group-03B869E7E0AF:LeaderElection21: Election REJECTED; received 2 response(s) [922018ce-a699-4157-97d4-e71fe992046b<-7cab76d5-0384-4840-a60b-a551623f6093#0:FAIL-t1, 922018ce-a699-4157-97d4-e71fe992046b<-d32f881f-77a3-40f0-915e-9b7d112da8da#0:FAIL-t1] and 0 exception(s); 922018ce-a699-4157-97d4-e71fe992046b:t1, leader=null, voted=922018ce-a699-4157-97d4-e71fe992046b, raftlog=922018ce-a699-4157-97d4-e71fe992046b-SegmentedRaftLog:OPENED:c-1,f-1,i0, conf=-1: [7cab76d5-0384-4840-a60b-a551623f6093:192.168.69.77:35306, 922018ce-a699-4157-97d4-e71fe992046b:192.168.69.77:45692, d32f881f-77a3-40f0-915e-9b7d112da8da:192.168.69.77:34603], old=null
2019-07-14 16:16:19,947 INFO  impl.RaftServerImpl (RaftServerImpl.java:setRole(171)) - 922018ce-a699-4157-97d4-e71fe992046b:group-03B869E7E0AF changes role from CANDIDATE to FOLLOWER at term 1 for DISCOVERED_A_NEW_TERM
2019-07-14 16:16:19,947 INFO  impl.RoleInfo (RoleInfo.java:shutdownLeaderElection(134)) - 922018ce-a699-4157-97d4-e71fe992046b: shutdown LeaderElection
2019-07-14 16:16:19,947 INFO  impl.RoleInfo (RoleInfo.java:updateAndGet(143)) - 922018ce-a699-4157-97d4-e71fe992046b: start FollowerState
2019-07-14 16:16:19,961 INFO  impl.LeaderElection (LeaderElection.java:logAndReturn(56)) - d32f881f-77a3-40f0-915e-9b7d112da8da:group-03B869E7E0AF:LeaderElection23: Election REJECTED; received 2 response(s) [d32f881f-77a3-40f0-915e-9b7d112da8da<-7cab76d5-0384-4840-a60b-a551623f6093#0:FAIL-t1, d32f881f-77a3-40f0-915e-9b7d112da8da<-922018ce-a699-4157-97d4-e71fe992046b#0:FAIL-t1] and 0 exception(s); d32f881f-77a3-40f0-915e-9b7d112da8da:t1, leader=null, voted=d32f881f-77a3-40f0-915e-9b7d112da8da, raftlog=d32f881f-77a3-40f0-915e-9b7d112da8da-SegmentedRaftLog:OPENED:c-1,f-1,i0, conf=-1: [7cab76d5-0384-4840-a60b-a551623f6093:192.168.69.77:35306, 922018ce-a699-4157-97d4-e71fe992046b:192.168.69.77:45692, d32f881f-77a3-40f0-915e-9b7d112da8da:192.168.69.77:34603], old=null
2019-07-14 16:16:19,962 INFO  impl.RaftServerImpl (RaftServerImpl.java:setRole(171)) - d32f881f-77a3-40f0-915e-9b7d112da8da:group-03B869E7E0AF changes role from CANDIDATE to FOLLOWER at term 1 for DISCOVERED_A_NEW_TERM
2019-07-14 16:16:19,962 INFO  impl.RoleInfo (RoleInfo.java:shutdownLeaderElection(134)) - d32f881f-77a3-40f0-915e-9b7d112da8da: shutdown LeaderElection
2019-07-14 16:16:19,962 INFO  impl.RoleInfo (RoleInfo.java:updateAndGet(143)) - d32f881f-77a3-40f0-915e-9b7d112da8da: start FollowerState
2019-07-14 16:16:19,971 INFO  client.GrpcClientProtocolClient (GrpcClientProtocolClient.java:onNext(255)) - client-A9CB6ED91683->922018ce-a699-4157-97d4-e71fe992046b: receive RaftClientReply:client-A9CB6ED91683->922018ce-a699-4157-97d4-e71fe992046b@group-03B869E7E0AF, cid=35, FAILED org.apache.ratis.protocol.NotLeaderException: Server 922018ce-a699-4157-97d4-e71fe992046b is not the leader (null). Request must be sent to leader., logIndex=0, commits[922018ce-a699-4157-97d4-e71fe992046b:c-1]
2019-07-14 16:16:21,004 INFO  client.GrpcClientProtocolClient (GrpcClientProtocolClient.java:onNext(255)) - client-A9CB6ED91683->d32f881f-77a3-40f0-915e-9b7d112da8da: receive RaftClientReply:client-A9CB6ED91683->d32f881f-77a3-40f0-915e-9b7d112da8da@group-03B869E7E0AF, cid=35, FAILED org.apache.ratis.protocol.NotLeaderException: Server d32f881f-77a3-40f0-915e-9b7d112da8da is not the leader (null). Request must be sent to leader., logIndex=0, commits[d32f881f-77a3-40f0-915e-9b7d112da8da:c-1]
2019-07-14 16:16:22,030 INFO  client.GrpcClientProtocolClient (GrpcClientProtocolClient.java:onNext(255)) - client-A9CB6ED91683->922018ce-a699-4157-97d4-e71fe992046b: receive RaftClientReply:client-A9CB6ED91683->922018ce-a699-4157-97d4-e71fe992046b@group-03B869E7E0AF, cid=35, FAILED org.apache.ratis.protocol.NotLeaderException: Server 922018ce-a699-4157-97d4-e71fe992046b is not the leader (null). Request must be sent to leader., logIndex=0, commits[922018ce-a699-4157-97d4-e71fe992046b:c-1]
2019-07-14 16:16:23,058 INFO  client.GrpcClientProtocolClient (GrpcClientProtocolClient.java:onNext(255)) - client-A9CB6ED91683->d32f881f-77a3-40f0-915e-9b7d112da8da: receive RaftClientReply:client-A9CB6ED91683->d32f881f-77a3-40f0-915e-9b7d112da8da@group-03B869E7E0AF, cid=35, FAILED org.apache.ratis.protocol.NotLeaderException: Server d32f881f-77a3-40f0-915e-9b7d112da8da is not the leader (null). Request must be sent to leader., logIndex=0, commits[d32f881f-77a3-40f0-915e-9b7d112da8da:c-1]
2019-07-14 16:16:24,086 INFO  client.GrpcClientProtocolClient (GrpcClientProtocolClient.java:onNext(255)) - client-A9CB6ED91683->7cab76d5-0384-4840-a60b-a551623f6093: receive RaftClientReply:client-A9CB6ED91683->7cab76d5-0384-4840-a60b-a551623f6093@group-03B869E7E0AF, cid=35, FAILED org.apache.ratis.protocol.NotLeaderException: Server 7cab76d5-0384-4840-a60b-a551623f6093 is not the leader (null). Request must be sent to leader., logIndex=0, commits[7cab76d5-0384-4840-a60b-a551623f6093:c-1]
2019-07-14 16:16:24,098 WARN  io.KeyOutputStream (KeyOutputStream.java:handleException(276)) - Encountered exception java.io.IOException: Unexpected Storage Container Exception: java.util.concurrent.CompletionException: java.util.concurrent.CompletionException: org.apache.ratis.protocol.RaftRetryFailureException: Failed RaftClientRequest:client-A9CB6ED91683->7cab76d5-0384-4840-a60b-a551623f6093@group-03B869E7E0AF, cid=35, seq=1*, RW, org.apache.hadoop.hdds.scm.XceiverClientRatis$$Lambda$309/805530136@db1dd25 for 5 attempts with RetryLimited(maxAttempts=5, sleepTime=1000ms) on the pipeline Pipeline[ Id: cb3effe9-a0ef-40a0-bd8d-03b869e7e0af, Nodes: 922018ce-a699-4157-97d4-e71fe992046b{ip: 192.168.69.77, host: pr-hdds-1710-5x6jb-1204890111, networkLocation: /default-rack, certSerialId: null}d32f881f-77a3-40f0-915e-9b7d112da8da{ip: 192.168.69.77, host: pr-hdds-1710-5x6jb-1204890111, networkLocation: /default-rack, certSerialId: null}7cab76d5-0384-4840-a60b-a551623f6093{ip: 192.168.69.77, host: pr-hdds-1710-5x6jb-1204890111, networkLocation: /default-rack, certSerialId: null}, Type:RATIS, Factor:THREE, State:OPEN]. The last committed block length is 0, uncommitted data length is 1048576 retry count 0
2019-07-14 16:16:24,117 WARN  block.BlockManagerImpl (BlockManagerImpl.java:allocateBlock(192)) - Pipeline creation failed for type:RATIS factor:THREE. Retrying get pipelines call once.
org.apache.hadoop.hdds.scm.pipeline.InsufficientDatanodesException: Cannot create pipeline of factor 3 using 0 nodes.
	at org.apache.hadoop.hdds.scm.pipeline.RatisPipelineProvider.create(RatisPipelineProvider.java:151)
	at org.apache.hadoop.hdds.scm.pipeline.PipelineFactory.create(PipelineFactory.java:57)
	at org.apache.hadoop.hdds.scm.pipeline.SCMPipelineManager.createPipeline(SCMPipelineManager.java:149)
	at org.apache.hadoop.hdds.scm.block.BlockManagerImpl.allocateBlock(BlockManagerImpl.java:190)
	at org.apache.hadoop.hdds.scm.server.SCMBlockProtocolServer.allocateBlock(SCMBlockProtocolServer.java:175)
	at org.apache.hadoop.ozone.protocolPB.ScmBlockLocationProtocolServerSideTranslatorPB.allocateScmBlock(ScmBlockLocationProtocolServerSideTranslatorPB.java:153)
	at org.apache.hadoop.ozone.protocolPB.ScmBlockLocationProtocolServerSideTranslatorPB.send(ScmBlockLocationProtocolServerSideTranslatorPB.java:112)
	at org.apache.hadoop.hdds.protocol.proto.ScmBlockLocationProtocolProtos$ScmBlockLocationProtocolService$2.callBlockingMethod(ScmBlockLocationProtocolProtos.java:13157)
	at org.apache.hadoop.ipc.ProtobufRpcEngine$Server$ProtoBufRpcInvoker.call(ProtobufRpcEngine.java:524)
	at org.apache.hadoop.ipc.RPC$Server.call(RPC.java:1025)
	at org.apache.hadoop.ipc.Server$RpcCall.run(Server.java:876)
	at org.apache.hadoop.ipc.Server$RpcCall.run(Server.java:822)
	at java.security.AccessController.doPrivileged(Native Method)
	at javax.security.auth.Subject.doAs(Subject.java:422)
	at org.apache.hadoop.security.UserGroupInformation.doAs(UserGroupInformation.java:1730)
	at org.apache.hadoop.ipc.Server$Handler.run(Server.java:2682)
2019-07-14 16:16:24,119 INFO  block.BlockManagerImpl (BlockManagerImpl.java:allocateBlock(198)) - Could not find available pipeline of type:RATIS and factor:THREE even after retrying
2019-07-14 16:16:24,120 ERROR block.BlockManagerImpl (BlockManagerImpl.java:allocateBlock(222)) - Unable to allocate a block for the size: 4194304, type: RATIS, factor: THREE
16:16:24.125 [IPC Server handler 11 on 46125] ERROR OMAudit - user=jenkins1000 | ip=127.0.0.1 | op=ALLOCATE_BLOCK {volume=datanodefailurehandlingtest, bucket=datanodefailurehandlingtest, key=a122bd56-ef62-4a50-84f4-302daa08981c, dataSize=0, replicationType=null, replicationFactor=null, keyLocationInfo=null, clientID=102440696261509123} | ret=FAILURE
org.apache.hadoop.hdds.scm.exceptions.SCMException: Allocated 0 blocks. Requested 1 blocks
	at org.apache.hadoop.hdds.scm.protocolPB.ScmBlockLocationProtocolClientSideTranslatorPB.handleError(ScmBlockLocationProtocolClientSideTranslatorPB.java:118) ~[hadoop-hdds-common-0.5.0-SNAPSHOT.jar:?]
	at org.apache.hadoop.hdds.scm.protocolPB.ScmBlockLocationProtocolClientSideTranslatorPB.allocateBlock(ScmBlockLocationProtocolClientSideTranslatorPB.java:156) ~[hadoop-hdds-common-0.5.0-SNAPSHOT.jar:?]
	at sun.reflect.NativeMethodAccessorImpl.invoke0(Native Method) ~[?:1.8.0_212]
	at sun.reflect.NativeMethodAccessorImpl.invoke(NativeMethodAccessorImpl.java:62) ~[?:1.8.0_212]
	at sun.reflect.DelegatingMethodAccessorImpl.invoke(DelegatingMethodAccessorImpl.java:43) ~[?:1.8.0_212]
	at java.lang.reflect.Method.invoke(Method.java:498) ~[?:1.8.0_212]
	at org.apache.hadoop.hdds.tracing.TraceAllMethod.invoke(TraceAllMethod.java:66) ~[hadoop-hdds-common-0.5.0-SNAPSHOT.jar:?]
	at com.sun.proxy.$Proxy25.allocateBlock(Unknown Source) ~[?:?]
	at org.apache.hadoop.ozone.om.KeyManagerImpl.allocateBlock(KeyManagerImpl.java:355) ~[hadoop-ozone-ozone-manager-0.5.0-SNAPSHOT.jar:?]
	at org.apache.hadoop.ozone.om.KeyManagerImpl.allocateBlock(KeyManagerImpl.java:323) ~[hadoop-ozone-ozone-manager-0.5.0-SNAPSHOT.jar:?]
	at org.apache.hadoop.ozone.om.OzoneManager.allocateBlock(OzoneManager.java:2351) [hadoop-ozone-ozone-manager-0.5.0-SNAPSHOT.jar:?]
	at org.apache.hadoop.ozone.protocolPB.OzoneManagerRequestHandler.allocateBlock(OzoneManagerRequestHandler.java:754) [hadoop-ozone-ozone-manager-0.5.0-SNAPSHOT.jar:?]
	at org.apache.hadoop.ozone.protocolPB.OzoneManagerRequestHandler.handle(OzoneManagerRequestHandler.java:249) [hadoop-ozone-ozone-manager-0.5.0-SNAPSHOT.jar:?]
	at org.apache.hadoop.ozone.protocolPB.OzoneManagerProtocolServerSideTranslatorPB.submitRequestDirectlyToOM(OzoneManagerProtocolServerSideTranslatorPB.java:192) [hadoop-ozone-ozone-manager-0.5.0-SNAPSHOT.jar:?]
	at org.apache.hadoop.ozone.protocolPB.OzoneManagerProtocolServerSideTranslatorPB.submitRequest(OzoneManagerProtocolServerSideTranslatorPB.java:110) [hadoop-ozone-ozone-manager-0.5.0-SNAPSHOT.jar:?]
	at org.apache.hadoop.ozone.protocol.proto.OzoneManagerProtocolProtos$OzoneManagerService$2.callBlockingMethod(OzoneManagerProtocolProtos.java) [hadoop-ozone-common-0.5.0-SNAPSHOT.jar:?]
	at org.apache.hadoop.ipc.ProtobufRpcEngine$Server$ProtoBufRpcInvoker.call(ProtobufRpcEngine.java:524) [hadoop-common-3.2.0.jar:?]
	at org.apache.hadoop.ipc.RPC$Server.call(RPC.java:1025) [hadoop-common-3.2.0.jar:?]
	at org.apache.hadoop.ipc.Server$RpcCall.run(Server.java:876) [hadoop-common-3.2.0.jar:?]
	at org.apache.hadoop.ipc.Server$RpcCall.run(Server.java:822) [hadoop-common-3.2.0.jar:?]
	at java.security.AccessController.doPrivileged(Native Method) [?:1.8.0_212]
	at javax.security.auth.Subject.doAs(Subject.java:422) [?:1.8.0_212]
	at org.apache.hadoop.security.UserGroupInformation.doAs(UserGroupInformation.java:1730) [hadoop-common-3.2.0.jar:?]
	at org.apache.hadoop.ipc.Server$Handler.run(Server.java:2682) [hadoop-common-3.2.0.jar:?]
2019-07-14 16:16:24,141 ERROR io.BlockOutputStreamEntryPool (BlockOutputStreamEntryPool.java:allocateBlockIfNeeded(299)) - Try to allocate more blocks for write failed, already allocated 0 blocks for this write.
INTERNAL_ERROR org.apache.hadoop.ozone.om.exceptions.OMException: Allocated 0 blocks. Requested 1 blocks
	at org.apache.hadoop.ozone.om.protocolPB.OzoneManagerProtocolClientSideTranslatorPB.handleError(OzoneManagerProtocolClientSideTranslatorPB.java:720)
	at org.apache.hadoop.ozone.om.protocolPB.OzoneManagerProtocolClientSideTranslatorPB.allocateBlock(OzoneManagerProtocolClientSideTranslatorPB.java:752)
	at org.apache.hadoop.ozone.client.io.BlockOutputStreamEntryPool.allocateNewBlock(BlockOutputStreamEntryPool.java:248)
	at org.apache.hadoop.ozone.client.io.BlockOutputStreamEntryPool.allocateBlockIfNeeded(BlockOutputStreamEntryPool.java:296)
	at org.apache.hadoop.ozone.client.io.KeyOutputStream.handleWrite(KeyOutputStream.java:201)
	at org.apache.hadoop.ozone.client.io.KeyOutputStream.handleRetry(KeyOutputStream.java:376)
	at org.apache.hadoop.ozone.client.io.KeyOutputStream.handleException(KeyOutputStream.java:325)
	at org.apache.hadoop.ozone.client.io.KeyOutputStream.handleFlushOrClose(KeyOutputStream.java:448)
	at org.apache.hadoop.ozone.client.io.KeyOutputStream.flush(KeyOutputStream.java:396)
	at org.apache.hadoop.ozone.client.io.OzoneOutputStream.flush(OzoneOutputStream.java:54)
	at org.apache.hadoop.ozone.client.rpc.TestFailureHandlingByClient.testContainerExclusionWithClosedContainerException(TestFailureHandlingByClient.java:322)
	at sun.reflect.NativeMethodAccessorImpl.invoke0(Native Method)
	at sun.reflect.NativeMethodAccessorImpl.invoke(NativeMethodAccessorImpl.java:62)
	at sun.reflect.DelegatingMethodAccessorImpl.invoke(DelegatingMethodAccessorImpl.java:43)
	at java.lang.reflect.Method.invoke(Method.java:498)
	at org.junit.runners.model.FrameworkMethod$1.runReflectiveCall(FrameworkMethod.java:47)
	at org.junit.internal.runners.model.ReflectiveCallable.run(ReflectiveCallable.java:12)
	at org.junit.runners.model.FrameworkMethod.invokeExplosively(FrameworkMethod.java:44)
	at org.junit.internal.runners.statements.InvokeMethod.evaluate(InvokeMethod.java:17)
	at org.junit.runners.ParentRunner.runLeaf(ParentRunner.java:271)
	at org.junit.runners.BlockJUnit4ClassRunner.runChild(BlockJUnit4ClassRunner.java:70)
	at org.junit.runners.BlockJUnit4ClassRunner.runChild(BlockJUnit4ClassRunner.java:50)
	at org.junit.runners.ParentRunner$3.run(ParentRunner.java:238)
	at org.junit.runners.ParentRunner$1.schedule(ParentRunner.java:63)
	at org.junit.runners.ParentRunner.runChildren(ParentRunner.java:236)
	at org.junit.runners.ParentRunner.access$000(ParentRunner.java:53)
	at org.junit.runners.ParentRunner$2.evaluate(ParentRunner.java:229)
	at org.junit.runners.ParentRunner.run(ParentRunner.java:309)
	at org.apache.maven.surefire.junit4.JUnit4Provider.execute(JUnit4Provider.java:365)
	at org.apache.maven.surefire.junit4.JUnit4Provider.executeWithRerun(JUnit4Provider.java:273)
	at org.apache.maven.surefire.junit4.JUnit4Provider.executeTestSet(JUnit4Provider.java:238)
	at org.apache.maven.surefire.junit4.JUnit4Provider.invoke(JUnit4Provider.java:159)
	at org.apache.maven.surefire.booter.ForkedBooter.invokeProviderInSameClassLoader(ForkedBooter.java:384)
	at org.apache.maven.surefire.booter.ForkedBooter.runSuitesInProcess(ForkedBooter.java:345)
	at org.apache.maven.surefire.booter.ForkedBooter.execute(ForkedBooter.java:126)
	at org.apache.maven.surefire.booter.ForkedBooter.main(ForkedBooter.java:418)
]]></system-out>
    <system-err><![CDATA[Jul 14, 2019 4:16:09 PM com.sun.jersey.server.impl.application.WebApplicationImpl _initiate
INFO: Initiating Jersey application, version 'Jersey: 1.19 02/11/2015 03:25 AM'
Jul 14, 2019 4:16:09 PM com.sun.jersey.server.impl.application.WebApplicationImpl _initiate
INFO: Initiating Jersey application, version 'Jersey: 1.19 02/11/2015 03:25 AM'
Jul 14, 2019 4:16:09 PM com.sun.jersey.server.impl.application.WebApplicationImpl _initiate
INFO: Initiating Jersey application, version 'Jersey: 1.19 02/11/2015 03:25 AM'
Jul 14, 2019 4:16:10 PM com.sun.jersey.server.impl.application.WebApplicationImpl _initiate
INFO: Initiating Jersey application, version 'Jersey: 1.19 02/11/2015 03:25 AM'
Jul 14, 2019 4:16:10 PM com.sun.jersey.server.impl.application.WebApplicationImpl _initiate
INFO: Initiating Jersey application, version 'Jersey: 1.19 02/11/2015 03:25 AM'
Jul 14, 2019 4:16:10 PM com.sun.jersey.server.impl.application.WebApplicationImpl _initiate
INFO: Initiating Jersey application, version 'Jersey: 1.19 02/11/2015 03:25 AM'
]]></system-err>
  </testcase>
  <testcase name="testWriteSmallFile" classname="org.apache.hadoop.ozone.client.rpc.TestFailureHandlingByClient" time="30.86"/>
  <testcase name="testMultiBlockWritesWithIntermittentDnFailures" classname="org.apache.hadoop.ozone.client.rpc.TestFailureHandlingByClient" time="12.943">
    <failure message="expected:&lt;6&gt; but was:&lt;3&gt;" type="java.lang.AssertionError"><![CDATA[java.lang.AssertionError: expected:<6> but was:<3>
	at org.junit.Assert.fail(Assert.java:88)
	at org.junit.Assert.failNotEquals(Assert.java:743)
	at org.junit.Assert.assertEquals(Assert.java:118)
	at org.junit.Assert.assertEquals(Assert.java:555)
	at org.junit.Assert.assertEquals(Assert.java:542)
	at org.apache.hadoop.ozone.client.rpc.TestFailureHandlingByClient.testMultiBlockWritesWithIntermittentDnFailures(TestFailureHandlingByClient.java:221)
	at sun.reflect.NativeMethodAccessorImpl.invoke0(Native Method)
	at sun.reflect.NativeMethodAccessorImpl.invoke(NativeMethodAccessorImpl.java:62)
	at sun.reflect.DelegatingMethodAccessorImpl.invoke(DelegatingMethodAccessorImpl.java:43)
	at java.lang.reflect.Method.invoke(Method.java:498)
	at org.junit.runners.model.FrameworkMethod$1.runReflectiveCall(FrameworkMethod.java:47)
	at org.junit.internal.runners.model.ReflectiveCallable.run(ReflectiveCallable.java:12)
	at org.junit.runners.model.FrameworkMethod.invokeExplosively(FrameworkMethod.java:44)
	at org.junit.internal.runners.statements.InvokeMethod.evaluate(InvokeMethod.java:17)
	at org.junit.runners.ParentRunner.runLeaf(ParentRunner.java:271)
	at org.junit.runners.BlockJUnit4ClassRunner.runChild(BlockJUnit4ClassRunner.java:70)
	at org.junit.runners.BlockJUnit4ClassRunner.runChild(BlockJUnit4ClassRunner.java:50)
	at org.junit.runners.ParentRunner$3.run(ParentRunner.java:238)
	at org.junit.runners.ParentRunner$1.schedule(ParentRunner.java:63)
	at org.junit.runners.ParentRunner.runChildren(ParentRunner.java:236)
	at org.junit.runners.ParentRunner.access$000(ParentRunner.java:53)
	at org.junit.runners.ParentRunner$2.evaluate(ParentRunner.java:229)
	at org.junit.runners.ParentRunner.run(ParentRunner.java:309)
	at org.apache.maven.surefire.junit4.JUnit4Provider.execute(JUnit4Provider.java:365)
	at org.apache.maven.surefire.junit4.JUnit4Provider.executeWithRerun(JUnit4Provider.java:273)
	at org.apache.maven.surefire.junit4.JUnit4Provider.executeTestSet(JUnit4Provider.java:238)
	at org.apache.maven.surefire.junit4.JUnit4Provider.invoke(JUnit4Provider.java:159)
	at org.apache.maven.surefire.booter.ForkedBooter.invokeProviderInSameClassLoader(ForkedBooter.java:384)
	at org.apache.maven.surefire.booter.ForkedBooter.runSuitesInProcess(ForkedBooter.java:345)
	at org.apache.maven.surefire.booter.ForkedBooter.execute(ForkedBooter.java:126)
	at org.apache.maven.surefire.booter.ForkedBooter.main(ForkedBooter.java:418)
]]></failure>
    <system-out><![CDATA[2019-07-14 16:16:55,034 WARN  server.ServerUtils (ServerUtils.java:getScmDbDir(145)) - ozone.scm.db.dirs is not configured. We recommend adding this setting. Falling back to ozone.metadata.dirs instead.
2019-07-14 16:16:55,062 WARN  server.ServerUtils (ServerUtils.java:getScmDbDir(145)) - ozone.scm.db.dirs is not configured. We recommend adding this setting. Falling back to ozone.metadata.dirs instead.
2019-07-14 16:16:55,063 WARN  server.ServerUtils (ServerUtils.java:getScmDbDir(145)) - ozone.scm.db.dirs is not configured. We recommend adding this setting. Falling back to ozone.metadata.dirs instead.
2019-07-14 16:16:55,063 INFO  db.DBStoreBuilder (DBStoreBuilder.java:addTable(110)) - using custom profile for table: deletedBlocks
2019-07-14 16:16:55,064 INFO  db.DBStoreBuilder (DBStoreBuilder.java:processTables(161)) - Using default column profile:DBProfile.DISK for Table:deletedBlocks
2019-07-14 16:16:55,065 INFO  db.DBStoreBuilder (DBStoreBuilder.java:addTable(110)) - using custom profile for table: validCerts
2019-07-14 16:16:55,065 INFO  db.DBStoreBuilder (DBStoreBuilder.java:processTables(161)) - Using default column profile:DBProfile.DISK for Table:validCerts
2019-07-14 16:16:55,065 INFO  db.DBStoreBuilder (DBStoreBuilder.java:addTable(110)) - using custom profile for table: revokedCerts
2019-07-14 16:16:55,066 INFO  db.DBStoreBuilder (DBStoreBuilder.java:processTables(161)) - Using default column profile:DBProfile.DISK for Table:revokedCerts
2019-07-14 16:16:55,066 INFO  db.DBStoreBuilder (DBStoreBuilder.java:addTable(110)) - using custom profile for table: default
2019-07-14 16:16:55,066 INFO  db.DBStoreBuilder (DBStoreBuilder.java:processTables(167)) - Using default column profile:DBProfile.DISK for Table:default
2019-07-14 16:16:55,067 INFO  db.DBStoreBuilder (DBStoreBuilder.java:getDbProfile(198)) - Using default options. DBProfile.DISK
2019-07-14 16:16:55,278 INFO  net.NodeSchemaLoader (NodeSchemaLoader.java:loadSchemaFromFile(125)) - Loading file from sun.misc.CompoundEnumeration@12765ebd
2019-07-14 16:16:55,279 INFO  net.NodeSchemaLoader (NodeSchemaLoader.java:loadSchema(171)) - Loading network topology layer schema file
2019-07-14 16:16:55,285 INFO  node.SCMNodeManager (SCMNodeManager.java:<init>(119)) - Entering startup safe mode.
2019-07-14 16:16:55,286 WARN  server.ServerUtils (ServerUtils.java:getScmDbDir(145)) - ozone.scm.db.dirs is not configured. We recommend adding this setting. Falling back to ozone.metadata.dirs instead.
2019-07-14 16:16:55,336 INFO  pipeline.SCMPipelineManager (SCMPipelineManager.java:initializePipelineState(126)) - No pipeline exists in current db
2019-07-14 16:16:55,337 WARN  server.ServerUtils (ServerUtils.java:getScmDbDir(145)) - ozone.scm.db.dirs is not configured. We recommend adding this setting. Falling back to ozone.metadata.dirs instead.
2019-07-14 16:16:55,390 WARN  events.EventQueue (EventQueue.java:fireEvent(175)) - No event handler registered for event TypedEvent{payloadType=SafeModeStatus, name='SafeModeStatus'}
2019-07-14 16:16:55,391 INFO  ipc.CallQueueManager (CallQueueManager.java:<init>(84)) - Using callQueue: class java.util.concurrent.LinkedBlockingQueue, queueCapacity: 2000, scheduler: class org.apache.hadoop.ipc.DefaultRpcScheduler, ipcBackoff: false.
2019-07-14 16:16:55,392 INFO  ipc.Server (Server.java:run(1074)) - Starting Socket Reader #1 for port 42330
2019-07-14 16:16:55,397 INFO  ipc.CallQueueManager (CallQueueManager.java:<init>(84)) - Using callQueue: class java.util.concurrent.LinkedBlockingQueue, queueCapacity: 2000, scheduler: class org.apache.hadoop.ipc.DefaultRpcScheduler, ipcBackoff: false.
2019-07-14 16:16:55,398 INFO  ipc.Server (Server.java:run(1074)) - Starting Socket Reader #1 for port 34226
2019-07-14 16:16:55,402 INFO  ipc.CallQueueManager (CallQueueManager.java:<init>(84)) - Using callQueue: class java.util.concurrent.LinkedBlockingQueue, queueCapacity: 2000, scheduler: class org.apache.hadoop.ipc.DefaultRpcScheduler, ipcBackoff: false.
2019-07-14 16:16:55,402 INFO  ipc.Server (Server.java:run(1074)) - Starting Socket Reader #1 for port 46195
2019-07-14 16:16:55,408 INFO  hdfs.DFSUtil (DFSUtil.java:httpServerTemplateForNNAndJN(1641)) - Starting Web-server for scm at: http://0.0.0.0:0
2019-07-14 16:16:55,410 INFO  server.AuthenticationFilter (AuthenticationFilter.java:constructSecretProvider(240)) - Unable to initialize FileSignerSecretProvider, falling back to use random secrets.
2019-07-14 16:16:55,411 WARN  http.HttpRequestLog (HttpRequestLog.java:getRequestLog(97)) - Jetty request log can only be enabled using Log4j
2019-07-14 16:16:55,413 INFO  http.HttpServer2 (HttpServer2.java:addGlobalFilter(975)) - Added global filter 'safety' (class=org.apache.hadoop.http.HttpServer2$QuotingInputFilter)
2019-07-14 16:16:55,414 INFO  http.HttpServer2 (HttpServer2.java:addFilter(948)) - Added filter static_user_filter (class=org.apache.hadoop.http.lib.StaticUserWebFilter$StaticUserFilter) to context scm
2019-07-14 16:16:55,414 INFO  http.HttpServer2 (HttpServer2.java:addFilter(958)) - Added filter static_user_filter (class=org.apache.hadoop.http.lib.StaticUserWebFilter$StaticUserFilter) to context logs
2019-07-14 16:16:55,414 INFO  http.HttpServer2 (HttpServer2.java:addFilter(958)) - Added filter static_user_filter (class=org.apache.hadoop.http.lib.StaticUserWebFilter$StaticUserFilter) to context static
2019-07-14 16:16:55,417 INFO  server.StorageContainerManager (StorageContainerManager.java:start(761)) - StorageContainerLocationProtocol RPC server is listening at /0.0.0.0:46195
2019-07-14 16:16:55,420 WARN  impl.MetricsConfig (MetricsConfig.java:loadFirst(134)) - Cannot locate configuration: tried hadoop-metrics2-storagecontainermanager.properties,hadoop-metrics2.properties
2019-07-14 16:16:55,421 INFO  impl.MetricsSystemImpl (MetricsSystemImpl.java:startTimer(374)) - Scheduled Metric snapshot period at 10 second(s).
2019-07-14 16:16:55,421 INFO  impl.MetricsSystemImpl (MetricsSystemImpl.java:start(191)) - StorageContainerManager metrics system started
2019-07-14 16:16:55,838 INFO  server.SCMClientProtocolServer (SCMClientProtocolServer.java:start(149)) - RPC server for Client  is listening at /0.0.0.0:46195
2019-07-14 16:16:55,839 INFO  ipc.Server (Server.java:run(1314)) - IPC Server Responder: starting
2019-07-14 16:16:55,839 INFO  ipc.Server (Server.java:run(1153)) - IPC Server listener on 46195: starting
2019-07-14 16:16:55,844 INFO  server.StorageContainerManager (StorageContainerManager.java:start(771)) - ScmBlockLocationProtocol RPC server is listening at /0.0.0.0:34226
2019-07-14 16:16:55,844 INFO  server.SCMBlockProtocolServer (SCMBlockProtocolServer.java:start(140)) - RPC server for Block Protocol is listening at /0.0.0.0:34226
2019-07-14 16:16:55,845 INFO  ipc.Server (Server.java:run(1153)) - IPC Server listener on 34226: starting
2019-07-14 16:16:55,845 INFO  ipc.Server (Server.java:run(1314)) - IPC Server Responder: starting
2019-07-14 16:16:55,851 INFO  server.StorageContainerManager (StorageContainerManager.java:start(775)) - ScmDatanodeProtocl RPC server is listening at /0.0.0.0:42330
2019-07-14 16:16:55,851 INFO  server.SCMDatanodeProtocolServer (SCMDatanodeProtocolServer.java:start(191)) - RPC server for DataNodes is listening at /0.0.0.0:42330
2019-07-14 16:16:55,852 INFO  ipc.Server (Server.java:run(1314)) - IPC Server Responder: starting
2019-07-14 16:16:55,852 INFO  ipc.Server (Server.java:run(1153)) - IPC Server listener on 42330: starting
2019-07-14 16:16:55,858 INFO  http.HttpServer2 (HttpServer2.java:bindListener(1191)) - Jetty bound to port 37715
2019-07-14 16:16:55,858 INFO  server.Server (Server.java:doStart(351)) - jetty-9.3.24.v20180605, build timestamp: 2018-06-05T17:11:56Z, git hash: 84205aa28f11a4f31f2a3b86d1bba2cc8ab69827
2019-07-14 16:16:55,861 INFO  handler.ContextHandler (ContextHandler.java:doStart(781)) - Started o.e.j.s.ServletContextHandler@77307b51{/logs,file:///workdir/hadoop-ozone/integration-test/target/log,AVAILABLE}
2019-07-14 16:16:55,861 INFO  handler.ContextHandler (ContextHandler.java:doStart(781)) - Started o.e.j.s.ServletContextHandler@1e14b269{/static,file:///workdir/hadoop-ozone/integration-test/target/test-classes/webapps/static,AVAILABLE}
2019-07-14 16:16:55,865 INFO  handler.ContextHandler (ContextHandler.java:doStart(781)) - Started o.e.j.w.WebAppContext@61ca5134{/,file:///workdir/hadoop-ozone/integration-test/target/test-classes/webapps/scm/,AVAILABLE}{/scm}
2019-07-14 16:16:55,865 INFO  server.AbstractConnector (AbstractConnector.java:doStart(278)) - Started ServerConnector@7204d98f{HTTP/1.1,[http/1.1]}{0.0.0.0:37715}
2019-07-14 16:16:55,869 INFO  server.Server (Server.java:doStart(419)) - Started @86664ms
2019-07-14 16:16:55,870 INFO  server.BaseHttpServer (BaseHttpServer.java:updateConnectorAddress(207)) - HTTP server of SCM is listening at http://0.0.0.0:37715
2019-07-14 16:16:55,870 WARN  server.ServerUtils (ServerUtils.java:getDBPath(222)) - ozone.om.db.dirs is not configured. We recommend adding this setting. Falling back to ozone.metadata.dirs instead.
2019-07-14 16:16:55,870 INFO  util.JvmPauseMonitor (JvmPauseMonitor.java:run(188)) - Starting JVM pause monitor
2019-07-14 16:16:55,885 WARN  server.ServerUtils (ServerUtils.java:getDBPath(222)) - ozone.om.db.dirs is not configured. We recommend adding this setting. Falling back to ozone.metadata.dirs instead.
2019-07-14 16:16:55,885 INFO  om.OzoneManager (OzoneManager.java:setOMNodeDetails(632)) - OM Service ID is not set. Setting it to the default ID: omServiceIdDefault
2019-07-14 16:16:55,885 INFO  om.OzoneManager (OzoneManager.java:setOMNodeDetails(638)) - OM Node ID is not set. Setting it to the OmStorage's OmID: 52c739b6-1cea-47d8-afe7-864b49a2de88
2019-07-14 16:16:55,886 INFO  om.OzoneManager (OzoneManager.java:loadOMHAConfigs(589)) - Found matching OM address with OMServiceId: null, OMNodeId: null, RPC Address: localhost:0 and Ratis port: 9872
2019-07-14 16:16:55,896 WARN  server.ServerUtils (ServerUtils.java:getDBPath(222)) - ozone.om.db.dirs is not configured. We recommend adding this setting. Falling back to ozone.metadata.dirs instead.
2019-07-14 16:16:55,896 INFO  db.DBStoreBuilder (DBStoreBuilder.java:addTable(110)) - using custom profile for table: userTable
2019-07-14 16:16:55,896 INFO  db.DBStoreBuilder (DBStoreBuilder.java:processTables(161)) - Using default column profile:DBProfile.DISK for Table:userTable
2019-07-14 16:16:55,896 INFO  db.DBStoreBuilder (DBStoreBuilder.java:addTable(110)) - using custom profile for table: volumeTable
2019-07-14 16:16:55,897 INFO  db.DBStoreBuilder (DBStoreBuilder.java:processTables(161)) - Using default column profile:DBProfile.DISK for Table:volumeTable
2019-07-14 16:16:55,897 INFO  db.DBStoreBuilder (DBStoreBuilder.java:addTable(110)) - using custom profile for table: bucketTable
2019-07-14 16:16:55,897 INFO  db.DBStoreBuilder (DBStoreBuilder.java:processTables(161)) - Using default column profile:DBProfile.DISK for Table:bucketTable
2019-07-14 16:16:55,897 INFO  db.DBStoreBuilder (DBStoreBuilder.java:addTable(110)) - using custom profile for table: keyTable
2019-07-14 16:16:55,897 INFO  db.DBStoreBuilder (DBStoreBuilder.java:processTables(161)) - Using default column profile:DBProfile.DISK for Table:keyTable
2019-07-14 16:16:55,897 INFO  db.DBStoreBuilder (DBStoreBuilder.java:addTable(110)) - using custom profile for table: deletedTable
2019-07-14 16:16:55,898 INFO  db.DBStoreBuilder (DBStoreBuilder.java:processTables(161)) - Using default column profile:DBProfile.DISK for Table:deletedTable
2019-07-14 16:16:55,898 INFO  db.DBStoreBuilder (DBStoreBuilder.java:addTable(110)) - using custom profile for table: openKeyTable
2019-07-14 16:16:55,898 INFO  db.DBStoreBuilder (DBStoreBuilder.java:processTables(161)) - Using default column profile:DBProfile.DISK for Table:openKeyTable
2019-07-14 16:16:55,898 INFO  db.DBStoreBuilder (DBStoreBuilder.java:addTable(110)) - using custom profile for table: s3Table
2019-07-14 16:16:55,898 INFO  db.DBStoreBuilder (DBStoreBuilder.java:processTables(161)) - Using default column profile:DBProfile.DISK for Table:s3Table
2019-07-14 16:16:55,898 INFO  db.DBStoreBuilder (DBStoreBuilder.java:addTable(110)) - using custom profile for table: multipartInfoTable
2019-07-14 16:16:55,899 INFO  db.DBStoreBuilder (DBStoreBuilder.java:processTables(161)) - Using default column profile:DBProfile.DISK for Table:multipartInfoTable
2019-07-14 16:16:55,899 INFO  db.DBStoreBuilder (DBStoreBuilder.java:addTable(110)) - using custom profile for table: dTokenTable
2019-07-14 16:16:55,899 INFO  db.DBStoreBuilder (DBStoreBuilder.java:processTables(161)) - Using default column profile:DBProfile.DISK for Table:dTokenTable
2019-07-14 16:16:55,899 INFO  db.DBStoreBuilder (DBStoreBuilder.java:addTable(110)) - using custom profile for table: s3SecretTable
2019-07-14 16:16:55,899 INFO  db.DBStoreBuilder (DBStoreBuilder.java:processTables(161)) - Using default column profile:DBProfile.DISK for Table:s3SecretTable
2019-07-14 16:16:55,899 INFO  db.DBStoreBuilder (DBStoreBuilder.java:addTable(110)) - using custom profile for table: prefixTable
2019-07-14 16:16:55,900 INFO  db.DBStoreBuilder (DBStoreBuilder.java:processTables(161)) - Using default column profile:DBProfile.DISK for Table:prefixTable
2019-07-14 16:16:55,900 INFO  db.DBStoreBuilder (DBStoreBuilder.java:addTable(110)) - using custom profile for table: default
2019-07-14 16:16:55,900 INFO  db.DBStoreBuilder (DBStoreBuilder.java:processTables(167)) - Using default column profile:DBProfile.DISK for Table:default
2019-07-14 16:16:55,900 INFO  db.DBStoreBuilder (DBStoreBuilder.java:getDbProfile(198)) - Using default options. DBProfile.DISK
2019-07-14 16:16:56,429 INFO  ipc.CallQueueManager (CallQueueManager.java:<init>(84)) - Using callQueue: class java.util.concurrent.LinkedBlockingQueue, queueCapacity: 2000, scheduler: class org.apache.hadoop.ipc.DefaultRpcScheduler, ipcBackoff: false.
2019-07-14 16:16:56,430 INFO  ipc.Server (Server.java:run(1074)) - Starting Socket Reader #1 for port 45703
2019-07-14 16:16:56,454 WARN  server.ServerUtils (ServerUtils.java:getDBPath(222)) - ozone.om.db.dirs is not configured. We recommend adding this setting. Falling back to ozone.metadata.dirs instead.
2019-07-14 16:16:56,454 INFO  om.OzoneManager (OzoneManager.java:start(1230)) - OzoneManager RPC server is listening at localhost/127.0.0.1:45703
2019-07-14 16:16:56,454 INFO  impl.MetricsSystemImpl (MetricsSystemImpl.java:init(158)) - OzoneManager metrics system started (again)
2019-07-14 16:16:56,475 INFO  ipc.Server (Server.java:run(1314)) - IPC Server Responder: starting
2019-07-14 16:16:56,475 INFO  ipc.Server (Server.java:run(1153)) - IPC Server listener on 45703: starting
2019-07-14 16:16:56,490 INFO  hdfs.DFSUtil (DFSUtil.java:httpServerTemplateForNNAndJN(1641)) - Starting Web-server for ozoneManager at: http://0.0.0.0:0
2019-07-14 16:16:56,492 INFO  server.AuthenticationFilter (AuthenticationFilter.java:constructSecretProvider(240)) - Unable to initialize FileSignerSecretProvider, falling back to use random secrets.
2019-07-14 16:16:56,492 WARN  http.HttpRequestLog (HttpRequestLog.java:getRequestLog(97)) - Jetty request log can only be enabled using Log4j
2019-07-14 16:16:56,494 INFO  http.HttpServer2 (HttpServer2.java:addGlobalFilter(975)) - Added global filter 'safety' (class=org.apache.hadoop.http.HttpServer2$QuotingInputFilter)
2019-07-14 16:16:56,494 INFO  http.HttpServer2 (HttpServer2.java:addFilter(948)) - Added filter static_user_filter (class=org.apache.hadoop.http.lib.StaticUserWebFilter$StaticUserFilter) to context ozoneManager
2019-07-14 16:16:56,495 INFO  http.HttpServer2 (HttpServer2.java:addFilter(958)) - Added filter static_user_filter (class=org.apache.hadoop.http.lib.StaticUserWebFilter$StaticUserFilter) to context static
2019-07-14 16:16:56,495 INFO  http.HttpServer2 (HttpServer2.java:addFilter(958)) - Added filter static_user_filter (class=org.apache.hadoop.http.lib.StaticUserWebFilter$StaticUserFilter) to context logs
2019-07-14 16:16:56,496 INFO  http.HttpServer2 (HttpServer2.java:bindListener(1191)) - Jetty bound to port 33390
2019-07-14 16:16:56,496 INFO  server.Server (Server.java:doStart(351)) - jetty-9.3.24.v20180605, build timestamp: 2018-06-05T17:11:56Z, git hash: 84205aa28f11a4f31f2a3b86d1bba2cc8ab69827
2019-07-14 16:16:56,498 INFO  handler.ContextHandler (ContextHandler.java:doStart(781)) - Started o.e.j.s.ServletContextHandler@3340ff7c{/logs,file:///workdir/hadoop-ozone/integration-test/target/log,AVAILABLE}
2019-07-14 16:16:56,499 INFO  handler.ContextHandler (ContextHandler.java:doStart(781)) - Started o.e.j.s.ServletContextHandler@5e198c40{/static,file:///workdir/hadoop-ozone/integration-test/target/test-classes/webapps/static,AVAILABLE}
2019-07-14 16:16:56,503 INFO  handler.ContextHandler (ContextHandler.java:doStart(781)) - Started o.e.j.w.WebAppContext@7ef7f414{/,file:///workdir/hadoop-ozone/integration-test/target/test-classes/webapps/ozoneManager/,AVAILABLE}{/ozoneManager}
2019-07-14 16:16:56,503 INFO  server.AbstractConnector (AbstractConnector.java:doStart(278)) - Started ServerConnector@182dcd2b{HTTP/1.1,[http/1.1]}{0.0.0.0:33390}
2019-07-14 16:16:56,506 INFO  server.Server (Server.java:doStart(419)) - Started @87301ms
2019-07-14 16:16:56,507 INFO  server.BaseHttpServer (BaseHttpServer.java:updateConnectorAddress(207)) - HTTP server of OZONEMANAGER is listening at http://0.0.0.0:33390
2019-07-14 16:16:56,519 INFO  impl.MetricsSystemImpl (MetricsSystemImpl.java:init(158)) - HddsDatanode metrics system started (again)
2019-07-14 16:16:56,537 INFO  ozone.HddsDatanodeService (HddsDatanodeService.java:start(185)) - HddsDatanodeService host:pr-hdds-1710-5x6jb-1204890111 ip:192.168.69.77
2019-07-14 16:16:56,559 INFO  volume.HddsVolume (HddsVolume.java:<init>(176)) - Creating Volume: /workdir/hadoop-ozone/integration-test/target/test-dir/MiniOzoneClusterImpl-a8c390b8-4d8e-4c05-bea8-a4587dbfd0c0/datanode-0/data/containers/hdds of  storage type : DISK and capacity : 52710309888
2019-07-14 16:16:56,559 INFO  volume.VolumeSet (VolumeSet.java:initializeVolumeSet(170)) - Added Volume : /workdir/hadoop-ozone/integration-test/target/test-dir/MiniOzoneClusterImpl-a8c390b8-4d8e-4c05-bea8-a4587dbfd0c0/datanode-0/data/containers/hdds to VolumeSet
2019-07-14 16:16:56,559 INFO  volume.ThrottledAsyncChecker (ThrottledAsyncChecker.java:schedule(140)) - Scheduling a check for org.apache.hadoop.ozone.container.common.volume.HddsVolume@319058ce
2019-07-14 16:16:56,560 INFO  volume.HddsVolumeChecker (HddsVolumeChecker.java:checkAllVolumes(203)) - Scheduled health check for volume org.apache.hadoop.ozone.container.common.volume.HddsVolume@319058ce
2019-07-14 16:16:56,582 INFO  impl.RaftServerProxy (ConfUtils.java:logGet(43)) - raft.rpc.type = GRPC (default)
2019-07-14 16:16:56,582 INFO  grpc.GrpcFactory (GrpcFactory.java:checkPooledByteBufAllocatorUseCacheForAllThreads(45)) - PERFORMANCE WARNING: useCacheForAllThreads is true that may cause Netty to create a lot garbage objects and, as a result, trigger GC.
	It is recommended to disable useCacheForAllThreads by setting -Dorg.apache.ratis.thirdparty.io.netty.allocator.useCacheForAllThreads=false in command line.
2019-07-14 16:16:56,582 INFO  grpc.GrpcConfigKeys$Server (ConfUtils.java:logGet(43)) - raft.grpc.server.port = 0 (default)
2019-07-14 16:16:56,583 INFO  server.GrpcService (ConfUtils.java:logGet(43)) - raft.grpc.message.size.max = 33570816 (custom)
2019-07-14 16:16:56,583 INFO  server.RaftServerConfigKeys (ConfUtils.java:logGet(43)) - raft.server.log.appender.buffer.byte-limit = 33554432 (custom)
2019-07-14 16:16:56,583 INFO  server.GrpcService (ConfUtils.java:logGet(43)) - raft.grpc.flow.control.window = 1MB (=1048576) (default)
2019-07-14 16:16:56,583 INFO  server.RaftServerConfigKeys (ConfUtils.java:logGet(43)) - raft.server.rpc.request.timeout = 3000ms (default)
2019-07-14 16:16:56,584 INFO  server.RaftServerConfigKeys (ConfUtils.java:logGet(43)) - raft.server.storage.dir = [/workdir/hadoop-ozone/integration-test/target/test-dir/MiniOzoneClusterImpl-a8c390b8-4d8e-4c05-bea8-a4587dbfd0c0/datanode-0/data/ratis] (custom)
2019-07-14 16:16:56,584 INFO  replication.SimpleContainerDownloader (SimpleContainerDownloader.java:<init>(72)) - Starting container downloader service to copy containers to replicate.
2019-07-14 16:16:56,586 INFO  hdfs.DFSUtil (DFSUtil.java:httpServerTemplateForNNAndJN(1641)) - Starting Web-server for hddsDatanode at: http://0.0.0.0:0
2019-07-14 16:16:56,587 INFO  server.AuthenticationFilter (AuthenticationFilter.java:constructSecretProvider(240)) - Unable to initialize FileSignerSecretProvider, falling back to use random secrets.
2019-07-14 16:16:56,588 WARN  http.HttpRequestLog (HttpRequestLog.java:getRequestLog(97)) - Jetty request log can only be enabled using Log4j
2019-07-14 16:16:56,589 INFO  http.HttpServer2 (HttpServer2.java:addGlobalFilter(975)) - Added global filter 'safety' (class=org.apache.hadoop.http.HttpServer2$QuotingInputFilter)
2019-07-14 16:16:56,590 INFO  http.HttpServer2 (HttpServer2.java:addFilter(948)) - Added filter static_user_filter (class=org.apache.hadoop.http.lib.StaticUserWebFilter$StaticUserFilter) to context hddsDatanode
2019-07-14 16:16:56,590 INFO  http.HttpServer2 (HttpServer2.java:addFilter(958)) - Added filter static_user_filter (class=org.apache.hadoop.http.lib.StaticUserWebFilter$StaticUserFilter) to context logs
2019-07-14 16:16:56,590 INFO  http.HttpServer2 (HttpServer2.java:addFilter(958)) - Added filter static_user_filter (class=org.apache.hadoop.http.lib.StaticUserWebFilter$StaticUserFilter) to context static
2019-07-14 16:16:56,591 INFO  http.HttpServer2 (HttpServer2.java:bindListener(1191)) - Jetty bound to port 44013
2019-07-14 16:16:56,591 INFO  server.Server (Server.java:doStart(351)) - jetty-9.3.24.v20180605, build timestamp: 2018-06-05T17:11:56Z, git hash: 84205aa28f11a4f31f2a3b86d1bba2cc8ab69827
2019-07-14 16:16:56,593 INFO  handler.ContextHandler (ContextHandler.java:doStart(781)) - Started o.e.j.s.ServletContextHandler@5b324447{/logs,file:///workdir/hadoop-ozone/integration-test/target/log,AVAILABLE}
2019-07-14 16:16:56,594 INFO  handler.ContextHandler (ContextHandler.java:doStart(781)) - Started o.e.j.s.ServletContextHandler@47994b51{/static,jar:file:/home/user/.m2/repository/org/apache/hadoop/hadoop-hdds-container-service/0.5.0-SNAPSHOT/hadoop-hdds-container-service-0.5.0-SNAPSHOT.jar!/webapps/static,AVAILABLE}
2019-07-14 16:16:56,625 INFO  handler.ContextHandler (ContextHandler.java:doStart(781)) - Started o.e.j.w.WebAppContext@293ecff6{/,file:///tmp/jetty-0.0.0.0-44013-hddsDatanode-_-any-2095039005506792569.dir/webapp/,AVAILABLE}{/hddsDatanode}
2019-07-14 16:16:56,625 INFO  server.AbstractConnector (AbstractConnector.java:doStart(278)) - Started ServerConnector@70eb94d7{HTTP/1.1,[http/1.1]}{0.0.0.0:44013}
2019-07-14 16:16:56,628 INFO  server.Server (Server.java:doStart(419)) - Started @87423ms
2019-07-14 16:16:56,629 INFO  server.BaseHttpServer (BaseHttpServer.java:updateConnectorAddress(207)) - HTTP server of HDDSDATANODE is listening at http://0.0.0.0:44013
2019-07-14 16:16:56,776 INFO  ozone.HddsDatanodeService (HddsDatanodeService.java:startPlugins(396)) - Started plug-in org.apache.hadoop.ozone.web.OzoneHddsDatanodeService@1c382179
2019-07-14 16:16:56,780 INFO  impl.MetricsSystemImpl (MetricsSystemImpl.java:init(158)) - HddsDatanode metrics system started (again)
2019-07-14 16:16:56,782 INFO  util.JvmPauseMonitor (JvmPauseMonitor.java:run(188)) - Starting JVM pause monitor
2019-07-14 16:16:56,785 INFO  datanode.InitDatanodeState (InitDatanodeState.java:persistContainerDatanodeDetails(140)) - DatanodeDetails is persisted to /workdir/hadoop-ozone/integration-test/target/test-dir/MiniOzoneClusterImpl-a8c390b8-4d8e-4c05-bea8-a4587dbfd0c0/datanode-0/meta/datanode.id
2019-07-14 16:16:56,796 INFO  ozone.HddsDatanodeService (HddsDatanodeService.java:start(185)) - HddsDatanodeService host:pr-hdds-1710-5x6jb-1204890111 ip:192.168.69.77
2019-07-14 16:16:56,808 INFO  volume.HddsVolume (HddsVolume.java:<init>(176)) - Creating Volume: /workdir/hadoop-ozone/integration-test/target/test-dir/MiniOzoneClusterImpl-a8c390b8-4d8e-4c05-bea8-a4587dbfd0c0/datanode-1/data/containers/hdds of  storage type : DISK and capacity : 52710309888
2019-07-14 16:16:56,809 INFO  volume.VolumeSet (VolumeSet.java:initializeVolumeSet(170)) - Added Volume : /workdir/hadoop-ozone/integration-test/target/test-dir/MiniOzoneClusterImpl-a8c390b8-4d8e-4c05-bea8-a4587dbfd0c0/datanode-1/data/containers/hdds to VolumeSet
2019-07-14 16:16:56,809 INFO  volume.ThrottledAsyncChecker (ThrottledAsyncChecker.java:schedule(140)) - Scheduling a check for org.apache.hadoop.ozone.container.common.volume.HddsVolume@6219006a
2019-07-14 16:16:56,810 INFO  volume.HddsVolumeChecker (HddsVolumeChecker.java:checkAllVolumes(203)) - Scheduled health check for volume org.apache.hadoop.ozone.container.common.volume.HddsVolume@6219006a
2019-07-14 16:16:56,826 INFO  impl.RaftServerProxy (ConfUtils.java:logGet(43)) - raft.rpc.type = GRPC (default)
2019-07-14 16:16:56,827 INFO  grpc.GrpcFactory (GrpcFactory.java:checkPooledByteBufAllocatorUseCacheForAllThreads(45)) - PERFORMANCE WARNING: useCacheForAllThreads is true that may cause Netty to create a lot garbage objects and, as a result, trigger GC.
	It is recommended to disable useCacheForAllThreads by setting -Dorg.apache.ratis.thirdparty.io.netty.allocator.useCacheForAllThreads=false in command line.
2019-07-14 16:16:56,827 INFO  grpc.GrpcConfigKeys$Server (ConfUtils.java:logGet(43)) - raft.grpc.server.port = 0 (default)
2019-07-14 16:16:56,827 INFO  server.GrpcService (ConfUtils.java:logGet(43)) - raft.grpc.message.size.max = 33570816 (custom)
2019-07-14 16:16:56,827 INFO  server.RaftServerConfigKeys (ConfUtils.java:logGet(43)) - raft.server.log.appender.buffer.byte-limit = 33554432 (custom)
2019-07-14 16:16:56,828 INFO  server.GrpcService (ConfUtils.java:logGet(43)) - raft.grpc.flow.control.window = 1MB (=1048576) (default)
2019-07-14 16:16:56,828 INFO  server.RaftServerConfigKeys (ConfUtils.java:logGet(43)) - raft.server.rpc.request.timeout = 3000ms (default)
2019-07-14 16:16:56,829 INFO  server.RaftServerConfigKeys (ConfUtils.java:logGet(43)) - raft.server.storage.dir = [/workdir/hadoop-ozone/integration-test/target/test-dir/MiniOzoneClusterImpl-a8c390b8-4d8e-4c05-bea8-a4587dbfd0c0/datanode-1/data/ratis] (custom)
2019-07-14 16:16:56,830 INFO  replication.SimpleContainerDownloader (SimpleContainerDownloader.java:<init>(72)) - Starting container downloader service to copy containers to replicate.
2019-07-14 16:16:56,831 INFO  hdfs.DFSUtil (DFSUtil.java:httpServerTemplateForNNAndJN(1641)) - Starting Web-server for hddsDatanode at: http://0.0.0.0:0
2019-07-14 16:16:56,832 INFO  server.AuthenticationFilter (AuthenticationFilter.java:constructSecretProvider(240)) - Unable to initialize FileSignerSecretProvider, falling back to use random secrets.
2019-07-14 16:16:56,833 WARN  http.HttpRequestLog (HttpRequestLog.java:getRequestLog(97)) - Jetty request log can only be enabled using Log4j
2019-07-14 16:16:56,834 INFO  http.HttpServer2 (HttpServer2.java:addGlobalFilter(975)) - Added global filter 'safety' (class=org.apache.hadoop.http.HttpServer2$QuotingInputFilter)
2019-07-14 16:16:56,835 INFO  http.HttpServer2 (HttpServer2.java:addFilter(948)) - Added filter static_user_filter (class=org.apache.hadoop.http.lib.StaticUserWebFilter$StaticUserFilter) to context hddsDatanode
2019-07-14 16:16:56,835 INFO  http.HttpServer2 (HttpServer2.java:addFilter(958)) - Added filter static_user_filter (class=org.apache.hadoop.http.lib.StaticUserWebFilter$StaticUserFilter) to context logs
2019-07-14 16:16:56,835 INFO  http.HttpServer2 (HttpServer2.java:addFilter(958)) - Added filter static_user_filter (class=org.apache.hadoop.http.lib.StaticUserWebFilter$StaticUserFilter) to context static
2019-07-14 16:16:56,835 INFO  http.HttpServer2 (HttpServer2.java:bindListener(1191)) - Jetty bound to port 45865
2019-07-14 16:16:56,836 INFO  server.Server (Server.java:doStart(351)) - jetty-9.3.24.v20180605, build timestamp: 2018-06-05T17:11:56Z, git hash: 84205aa28f11a4f31f2a3b86d1bba2cc8ab69827
2019-07-14 16:16:56,837 INFO  handler.ContextHandler (ContextHandler.java:doStart(781)) - Started o.e.j.s.ServletContextHandler@64829470{/logs,file:///workdir/hadoop-ozone/integration-test/target/log,AVAILABLE}
2019-07-14 16:16:56,838 INFO  handler.ContextHandler (ContextHandler.java:doStart(781)) - Started o.e.j.s.ServletContextHandler@31fc658f{/static,jar:file:/home/user/.m2/repository/org/apache/hadoop/hadoop-hdds-container-service/0.5.0-SNAPSHOT/hadoop-hdds-container-service-0.5.0-SNAPSHOT.jar!/webapps/static,AVAILABLE}
2019-07-14 16:16:56,864 INFO  handler.ContextHandler (ContextHandler.java:doStart(781)) - Started o.e.j.w.WebAppContext@b04a6a4{/,file:///tmp/jetty-0.0.0.0-45865-hddsDatanode-_-any-3473329188022922157.dir/webapp/,AVAILABLE}{/hddsDatanode}
2019-07-14 16:16:56,864 INFO  server.AbstractConnector (AbstractConnector.java:doStart(278)) - Started ServerConnector@3465edf9{HTTP/1.1,[http/1.1]}{0.0.0.0:45865}
2019-07-14 16:16:56,868 INFO  server.Server (Server.java:doStart(419)) - Started @87662ms
2019-07-14 16:16:56,868 INFO  server.BaseHttpServer (BaseHttpServer.java:updateConnectorAddress(207)) - HTTP server of HDDSDATANODE is listening at http://0.0.0.0:45865
2019-07-14 16:16:56,984 INFO  ozone.HddsDatanodeService (HddsDatanodeService.java:startPlugins(396)) - Started plug-in org.apache.hadoop.ozone.web.OzoneHddsDatanodeService@7a600e21
2019-07-14 16:16:56,984 INFO  impl.MetricsSystemImpl (MetricsSystemImpl.java:init(158)) - HddsDatanode metrics system started (again)
2019-07-14 16:16:56,985 INFO  util.JvmPauseMonitor (JvmPauseMonitor.java:run(188)) - Starting JVM pause monitor
2019-07-14 16:16:56,987 INFO  datanode.InitDatanodeState (InitDatanodeState.java:persistContainerDatanodeDetails(140)) - DatanodeDetails is persisted to /workdir/hadoop-ozone/integration-test/target/test-dir/MiniOzoneClusterImpl-a8c390b8-4d8e-4c05-bea8-a4587dbfd0c0/datanode-1/meta/datanode.id
2019-07-14 16:16:57,007 INFO  ozone.HddsDatanodeService (HddsDatanodeService.java:start(185)) - HddsDatanodeService host:pr-hdds-1710-5x6jb-1204890111 ip:192.168.69.77
2019-07-14 16:16:57,021 INFO  volume.HddsVolume (HddsVolume.java:<init>(176)) - Creating Volume: /workdir/hadoop-ozone/integration-test/target/test-dir/MiniOzoneClusterImpl-a8c390b8-4d8e-4c05-bea8-a4587dbfd0c0/datanode-2/data/containers/hdds of  storage type : DISK and capacity : 52710309888
2019-07-14 16:16:57,021 INFO  volume.VolumeSet (VolumeSet.java:initializeVolumeSet(170)) - Added Volume : /workdir/hadoop-ozone/integration-test/target/test-dir/MiniOzoneClusterImpl-a8c390b8-4d8e-4c05-bea8-a4587dbfd0c0/datanode-2/data/containers/hdds to VolumeSet
2019-07-14 16:16:57,022 INFO  volume.ThrottledAsyncChecker (ThrottledAsyncChecker.java:schedule(140)) - Scheduling a check for org.apache.hadoop.ozone.container.common.volume.HddsVolume@155318b5
2019-07-14 16:16:57,022 INFO  volume.HddsVolumeChecker (HddsVolumeChecker.java:checkAllVolumes(203)) - Scheduled health check for volume org.apache.hadoop.ozone.container.common.volume.HddsVolume@155318b5
2019-07-14 16:16:57,044 INFO  impl.RaftServerProxy (ConfUtils.java:logGet(43)) - raft.rpc.type = GRPC (default)
2019-07-14 16:16:57,044 INFO  grpc.GrpcFactory (GrpcFactory.java:checkPooledByteBufAllocatorUseCacheForAllThreads(45)) - PERFORMANCE WARNING: useCacheForAllThreads is true that may cause Netty to create a lot garbage objects and, as a result, trigger GC.
	It is recommended to disable useCacheForAllThreads by setting -Dorg.apache.ratis.thirdparty.io.netty.allocator.useCacheForAllThreads=false in command line.
2019-07-14 16:16:57,044 INFO  grpc.GrpcConfigKeys$Server (ConfUtils.java:logGet(43)) - raft.grpc.server.port = 0 (default)
2019-07-14 16:16:57,045 INFO  server.GrpcService (ConfUtils.java:logGet(43)) - raft.grpc.message.size.max = 33570816 (custom)
2019-07-14 16:16:57,045 INFO  server.RaftServerConfigKeys (ConfUtils.java:logGet(43)) - raft.server.log.appender.buffer.byte-limit = 33554432 (custom)
2019-07-14 16:16:57,045 INFO  server.GrpcService (ConfUtils.java:logGet(43)) - raft.grpc.flow.control.window = 1MB (=1048576) (default)
2019-07-14 16:16:57,045 INFO  server.RaftServerConfigKeys (ConfUtils.java:logGet(43)) - raft.server.rpc.request.timeout = 3000ms (default)
2019-07-14 16:16:57,046 INFO  server.RaftServerConfigKeys (ConfUtils.java:logGet(43)) - raft.server.storage.dir = [/workdir/hadoop-ozone/integration-test/target/test-dir/MiniOzoneClusterImpl-a8c390b8-4d8e-4c05-bea8-a4587dbfd0c0/datanode-2/data/ratis] (custom)
2019-07-14 16:16:57,047 INFO  replication.SimpleContainerDownloader (SimpleContainerDownloader.java:<init>(72)) - Starting container downloader service to copy containers to replicate.
2019-07-14 16:16:57,048 INFO  hdfs.DFSUtil (DFSUtil.java:httpServerTemplateForNNAndJN(1641)) - Starting Web-server for hddsDatanode at: http://0.0.0.0:0
2019-07-14 16:16:57,050 INFO  server.AuthenticationFilter (AuthenticationFilter.java:constructSecretProvider(240)) - Unable to initialize FileSignerSecretProvider, falling back to use random secrets.
2019-07-14 16:16:57,051 WARN  http.HttpRequestLog (HttpRequestLog.java:getRequestLog(97)) - Jetty request log can only be enabled using Log4j
2019-07-14 16:16:57,052 INFO  http.HttpServer2 (HttpServer2.java:addGlobalFilter(975)) - Added global filter 'safety' (class=org.apache.hadoop.http.HttpServer2$QuotingInputFilter)
2019-07-14 16:16:57,053 INFO  http.HttpServer2 (HttpServer2.java:addFilter(948)) - Added filter static_user_filter (class=org.apache.hadoop.http.lib.StaticUserWebFilter$StaticUserFilter) to context hddsDatanode
2019-07-14 16:16:57,053 INFO  http.HttpServer2 (HttpServer2.java:addFilter(958)) - Added filter static_user_filter (class=org.apache.hadoop.http.lib.StaticUserWebFilter$StaticUserFilter) to context logs
2019-07-14 16:16:57,053 INFO  http.HttpServer2 (HttpServer2.java:addFilter(958)) - Added filter static_user_filter (class=org.apache.hadoop.http.lib.StaticUserWebFilter$StaticUserFilter) to context static
2019-07-14 16:16:57,054 INFO  http.HttpServer2 (HttpServer2.java:bindListener(1191)) - Jetty bound to port 38798
2019-07-14 16:16:57,054 INFO  server.Server (Server.java:doStart(351)) - jetty-9.3.24.v20180605, build timestamp: 2018-06-05T17:11:56Z, git hash: 84205aa28f11a4f31f2a3b86d1bba2cc8ab69827
2019-07-14 16:16:57,056 INFO  handler.ContextHandler (ContextHandler.java:doStart(781)) - Started o.e.j.s.ServletContextHandler@2a349a73{/logs,file:///workdir/hadoop-ozone/integration-test/target/log,AVAILABLE}
2019-07-14 16:16:57,057 INFO  handler.ContextHandler (ContextHandler.java:doStart(781)) - Started o.e.j.s.ServletContextHandler@10e4cc6{/static,jar:file:/home/user/.m2/repository/org/apache/hadoop/hadoop-hdds-container-service/0.5.0-SNAPSHOT/hadoop-hdds-container-service-0.5.0-SNAPSHOT.jar!/webapps/static,AVAILABLE}
2019-07-14 16:16:57,111 INFO  handler.ContextHandler (ContextHandler.java:doStart(781)) - Started o.e.j.w.WebAppContext@7eea934d{/,file:///tmp/jetty-0.0.0.0-38798-hddsDatanode-_-any-917787806827461296.dir/webapp/,AVAILABLE}{/hddsDatanode}
2019-07-14 16:16:57,111 INFO  server.AbstractConnector (AbstractConnector.java:doStart(278)) - Started ServerConnector@4700963e{HTTP/1.1,[http/1.1]}{0.0.0.0:38798}
2019-07-14 16:16:57,114 INFO  server.Server (Server.java:doStart(419)) - Started @87909ms
2019-07-14 16:16:57,115 INFO  server.BaseHttpServer (BaseHttpServer.java:updateConnectorAddress(207)) - HTTP server of HDDSDATANODE is listening at http://0.0.0.0:38798
2019-07-14 16:16:57,265 INFO  ozone.HddsDatanodeService (HddsDatanodeService.java:startPlugins(396)) - Started plug-in org.apache.hadoop.ozone.web.OzoneHddsDatanodeService@c414eb3
2019-07-14 16:16:57,265 INFO  impl.MetricsSystemImpl (MetricsSystemImpl.java:init(158)) - HddsDatanode metrics system started (again)
2019-07-14 16:16:57,285 INFO  util.JvmPauseMonitor (JvmPauseMonitor.java:run(188)) - Starting JVM pause monitor
2019-07-14 16:16:57,286 INFO  ozone.HddsDatanodeService (HddsDatanodeService.java:start(185)) - HddsDatanodeService host:pr-hdds-1710-5x6jb-1204890111 ip:192.168.69.77
2019-07-14 16:16:57,287 INFO  datanode.InitDatanodeState (InitDatanodeState.java:persistContainerDatanodeDetails(140)) - DatanodeDetails is persisted to /workdir/hadoop-ozone/integration-test/target/test-dir/MiniOzoneClusterImpl-a8c390b8-4d8e-4c05-bea8-a4587dbfd0c0/datanode-2/meta/datanode.id
2019-07-14 16:16:57,299 INFO  volume.HddsVolume (HddsVolume.java:<init>(176)) - Creating Volume: /workdir/hadoop-ozone/integration-test/target/test-dir/MiniOzoneClusterImpl-a8c390b8-4d8e-4c05-bea8-a4587dbfd0c0/datanode-3/data/containers/hdds of  storage type : DISK and capacity : 52710309888
2019-07-14 16:16:57,299 INFO  volume.VolumeSet (VolumeSet.java:initializeVolumeSet(170)) - Added Volume : /workdir/hadoop-ozone/integration-test/target/test-dir/MiniOzoneClusterImpl-a8c390b8-4d8e-4c05-bea8-a4587dbfd0c0/datanode-3/data/containers/hdds to VolumeSet
2019-07-14 16:16:57,300 INFO  volume.ThrottledAsyncChecker (ThrottledAsyncChecker.java:schedule(140)) - Scheduling a check for org.apache.hadoop.ozone.container.common.volume.HddsVolume@31de8099
2019-07-14 16:16:57,300 INFO  volume.HddsVolumeChecker (HddsVolumeChecker.java:checkAllVolumes(203)) - Scheduled health check for volume org.apache.hadoop.ozone.container.common.volume.HddsVolume@31de8099
2019-07-14 16:16:57,319 INFO  impl.RaftServerProxy (ConfUtils.java:logGet(43)) - raft.rpc.type = GRPC (default)
2019-07-14 16:16:57,319 INFO  grpc.GrpcFactory (GrpcFactory.java:checkPooledByteBufAllocatorUseCacheForAllThreads(45)) - PERFORMANCE WARNING: useCacheForAllThreads is true that may cause Netty to create a lot garbage objects and, as a result, trigger GC.
	It is recommended to disable useCacheForAllThreads by setting -Dorg.apache.ratis.thirdparty.io.netty.allocator.useCacheForAllThreads=false in command line.
2019-07-14 16:16:57,319 INFO  grpc.GrpcConfigKeys$Server (ConfUtils.java:logGet(43)) - raft.grpc.server.port = 0 (default)
2019-07-14 16:16:57,320 INFO  server.GrpcService (ConfUtils.java:logGet(43)) - raft.grpc.message.size.max = 33570816 (custom)
2019-07-14 16:16:57,320 INFO  server.RaftServerConfigKeys (ConfUtils.java:logGet(43)) - raft.server.log.appender.buffer.byte-limit = 33554432 (custom)
2019-07-14 16:16:57,320 INFO  server.GrpcService (ConfUtils.java:logGet(43)) - raft.grpc.flow.control.window = 1MB (=1048576) (default)
2019-07-14 16:16:57,320 INFO  server.RaftServerConfigKeys (ConfUtils.java:logGet(43)) - raft.server.rpc.request.timeout = 3000ms (default)
2019-07-14 16:16:57,321 INFO  server.RaftServerConfigKeys (ConfUtils.java:logGet(43)) - raft.server.storage.dir = [/workdir/hadoop-ozone/integration-test/target/test-dir/MiniOzoneClusterImpl-a8c390b8-4d8e-4c05-bea8-a4587dbfd0c0/datanode-3/data/ratis] (custom)
2019-07-14 16:16:57,321 INFO  replication.SimpleContainerDownloader (SimpleContainerDownloader.java:<init>(72)) - Starting container downloader service to copy containers to replicate.
2019-07-14 16:16:57,322 INFO  hdfs.DFSUtil (DFSUtil.java:httpServerTemplateForNNAndJN(1641)) - Starting Web-server for hddsDatanode at: http://0.0.0.0:0
2019-07-14 16:16:57,324 INFO  server.AuthenticationFilter (AuthenticationFilter.java:constructSecretProvider(240)) - Unable to initialize FileSignerSecretProvider, falling back to use random secrets.
2019-07-14 16:16:57,325 WARN  http.HttpRequestLog (HttpRequestLog.java:getRequestLog(97)) - Jetty request log can only be enabled using Log4j
2019-07-14 16:16:57,327 INFO  http.HttpServer2 (HttpServer2.java:addGlobalFilter(975)) - Added global filter 'safety' (class=org.apache.hadoop.http.HttpServer2$QuotingInputFilter)
2019-07-14 16:16:57,327 INFO  http.HttpServer2 (HttpServer2.java:addFilter(948)) - Added filter static_user_filter (class=org.apache.hadoop.http.lib.StaticUserWebFilter$StaticUserFilter) to context hddsDatanode
2019-07-14 16:16:57,327 INFO  http.HttpServer2 (HttpServer2.java:addFilter(958)) - Added filter static_user_filter (class=org.apache.hadoop.http.lib.StaticUserWebFilter$StaticUserFilter) to context logs
2019-07-14 16:16:57,328 INFO  http.HttpServer2 (HttpServer2.java:addFilter(958)) - Added filter static_user_filter (class=org.apache.hadoop.http.lib.StaticUserWebFilter$StaticUserFilter) to context static
2019-07-14 16:16:57,329 INFO  http.HttpServer2 (HttpServer2.java:bindListener(1191)) - Jetty bound to port 33734
2019-07-14 16:16:57,329 INFO  server.Server (Server.java:doStart(351)) - jetty-9.3.24.v20180605, build timestamp: 2018-06-05T17:11:56Z, git hash: 84205aa28f11a4f31f2a3b86d1bba2cc8ab69827
2019-07-14 16:16:57,331 INFO  handler.ContextHandler (ContextHandler.java:doStart(781)) - Started o.e.j.s.ServletContextHandler@15fd3088{/logs,file:///workdir/hadoop-ozone/integration-test/target/log,AVAILABLE}
2019-07-14 16:16:57,332 INFO  handler.ContextHandler (ContextHandler.java:doStart(781)) - Started o.e.j.s.ServletContextHandler@329efc61{/static,jar:file:/home/user/.m2/repository/org/apache/hadoop/hadoop-hdds-container-service/0.5.0-SNAPSHOT/hadoop-hdds-container-service-0.5.0-SNAPSHOT.jar!/webapps/static,AVAILABLE}
2019-07-14 16:16:57,372 INFO  handler.ContextHandler (ContextHandler.java:doStart(781)) - Started o.e.j.w.WebAppContext@78a34c47{/,file:///tmp/jetty-0.0.0.0-33734-hddsDatanode-_-any-8422857908448686085.dir/webapp/,AVAILABLE}{/hddsDatanode}
2019-07-14 16:16:57,373 INFO  server.AbstractConnector (AbstractConnector.java:doStart(278)) - Started ServerConnector@77648321{HTTP/1.1,[http/1.1]}{0.0.0.0:33734}
2019-07-14 16:16:57,376 INFO  server.Server (Server.java:doStart(419)) - Started @88171ms
2019-07-14 16:16:57,377 INFO  server.BaseHttpServer (BaseHttpServer.java:updateConnectorAddress(207)) - HTTP server of HDDSDATANODE is listening at http://0.0.0.0:33734
2019-07-14 16:16:57,491 INFO  ozone.HddsDatanodeService (HddsDatanodeService.java:startPlugins(396)) - Started plug-in org.apache.hadoop.ozone.web.OzoneHddsDatanodeService@7804a783
2019-07-14 16:16:57,491 INFO  impl.MetricsSystemImpl (MetricsSystemImpl.java:init(158)) - HddsDatanode metrics system started (again)
2019-07-14 16:16:57,506 INFO  util.JvmPauseMonitor (JvmPauseMonitor.java:run(188)) - Starting JVM pause monitor
2019-07-14 16:16:57,507 INFO  ozone.HddsDatanodeService (HddsDatanodeService.java:start(185)) - HddsDatanodeService host:pr-hdds-1710-5x6jb-1204890111 ip:192.168.69.77
2019-07-14 16:16:57,508 INFO  datanode.InitDatanodeState (InitDatanodeState.java:persistContainerDatanodeDetails(140)) - DatanodeDetails is persisted to /workdir/hadoop-ozone/integration-test/target/test-dir/MiniOzoneClusterImpl-a8c390b8-4d8e-4c05-bea8-a4587dbfd0c0/datanode-3/meta/datanode.id
2019-07-14 16:16:57,520 INFO  volume.HddsVolume (HddsVolume.java:<init>(176)) - Creating Volume: /workdir/hadoop-ozone/integration-test/target/test-dir/MiniOzoneClusterImpl-a8c390b8-4d8e-4c05-bea8-a4587dbfd0c0/datanode-4/data/containers/hdds of  storage type : DISK and capacity : 52710309888
2019-07-14 16:16:57,520 INFO  volume.VolumeSet (VolumeSet.java:initializeVolumeSet(170)) - Added Volume : /workdir/hadoop-ozone/integration-test/target/test-dir/MiniOzoneClusterImpl-a8c390b8-4d8e-4c05-bea8-a4587dbfd0c0/datanode-4/data/containers/hdds to VolumeSet
2019-07-14 16:16:57,520 INFO  volume.ThrottledAsyncChecker (ThrottledAsyncChecker.java:schedule(140)) - Scheduling a check for org.apache.hadoop.ozone.container.common.volume.HddsVolume@1fb00a6d
2019-07-14 16:16:57,520 INFO  volume.HddsVolumeChecker (HddsVolumeChecker.java:checkAllVolumes(203)) - Scheduled health check for volume org.apache.hadoop.ozone.container.common.volume.HddsVolume@1fb00a6d
2019-07-14 16:16:57,536 INFO  impl.RaftServerProxy (ConfUtils.java:logGet(43)) - raft.rpc.type = GRPC (default)
2019-07-14 16:16:57,536 INFO  grpc.GrpcFactory (GrpcFactory.java:checkPooledByteBufAllocatorUseCacheForAllThreads(45)) - PERFORMANCE WARNING: useCacheForAllThreads is true that may cause Netty to create a lot garbage objects and, as a result, trigger GC.
	It is recommended to disable useCacheForAllThreads by setting -Dorg.apache.ratis.thirdparty.io.netty.allocator.useCacheForAllThreads=false in command line.
2019-07-14 16:16:57,536 INFO  grpc.GrpcConfigKeys$Server (ConfUtils.java:logGet(43)) - raft.grpc.server.port = 0 (default)
2019-07-14 16:16:57,537 INFO  server.GrpcService (ConfUtils.java:logGet(43)) - raft.grpc.message.size.max = 33570816 (custom)
2019-07-14 16:16:57,537 INFO  server.RaftServerConfigKeys (ConfUtils.java:logGet(43)) - raft.server.log.appender.buffer.byte-limit = 33554432 (custom)
2019-07-14 16:16:57,537 INFO  server.GrpcService (ConfUtils.java:logGet(43)) - raft.grpc.flow.control.window = 1MB (=1048576) (default)
2019-07-14 16:16:57,537 INFO  server.RaftServerConfigKeys (ConfUtils.java:logGet(43)) - raft.server.rpc.request.timeout = 3000ms (default)
2019-07-14 16:16:57,537 INFO  server.RaftServerConfigKeys (ConfUtils.java:logGet(43)) - raft.server.storage.dir = [/workdir/hadoop-ozone/integration-test/target/test-dir/MiniOzoneClusterImpl-a8c390b8-4d8e-4c05-bea8-a4587dbfd0c0/datanode-4/data/ratis] (custom)
2019-07-14 16:16:57,538 INFO  replication.SimpleContainerDownloader (SimpleContainerDownloader.java:<init>(72)) - Starting container downloader service to copy containers to replicate.
2019-07-14 16:16:57,539 INFO  hdfs.DFSUtil (DFSUtil.java:httpServerTemplateForNNAndJN(1641)) - Starting Web-server for hddsDatanode at: http://0.0.0.0:0
2019-07-14 16:16:57,540 INFO  server.AuthenticationFilter (AuthenticationFilter.java:constructSecretProvider(240)) - Unable to initialize FileSignerSecretProvider, falling back to use random secrets.
2019-07-14 16:16:57,540 WARN  http.HttpRequestLog (HttpRequestLog.java:getRequestLog(97)) - Jetty request log can only be enabled using Log4j
2019-07-14 16:16:57,541 INFO  http.HttpServer2 (HttpServer2.java:addGlobalFilter(975)) - Added global filter 'safety' (class=org.apache.hadoop.http.HttpServer2$QuotingInputFilter)
2019-07-14 16:16:57,541 INFO  http.HttpServer2 (HttpServer2.java:addFilter(948)) - Added filter static_user_filter (class=org.apache.hadoop.http.lib.StaticUserWebFilter$StaticUserFilter) to context hddsDatanode
2019-07-14 16:16:57,541 INFO  http.HttpServer2 (HttpServer2.java:addFilter(958)) - Added filter static_user_filter (class=org.apache.hadoop.http.lib.StaticUserWebFilter$StaticUserFilter) to context static
2019-07-14 16:16:57,542 INFO  http.HttpServer2 (HttpServer2.java:addFilter(958)) - Added filter static_user_filter (class=org.apache.hadoop.http.lib.StaticUserWebFilter$StaticUserFilter) to context logs
2019-07-14 16:16:57,542 INFO  http.HttpServer2 (HttpServer2.java:bindListener(1191)) - Jetty bound to port 33481
2019-07-14 16:16:57,542 INFO  server.Server (Server.java:doStart(351)) - jetty-9.3.24.v20180605, build timestamp: 2018-06-05T17:11:56Z, git hash: 84205aa28f11a4f31f2a3b86d1bba2cc8ab69827
2019-07-14 16:16:57,544 INFO  handler.ContextHandler (ContextHandler.java:doStart(781)) - Started o.e.j.s.ServletContextHandler@67b20b4c{/logs,file:///workdir/hadoop-ozone/integration-test/target/log,AVAILABLE}
2019-07-14 16:16:57,544 INFO  handler.ContextHandler (ContextHandler.java:doStart(781)) - Started o.e.j.s.ServletContextHandler@3e0a112f{/static,jar:file:/home/user/.m2/repository/org/apache/hadoop/hadoop-hdds-container-service/0.5.0-SNAPSHOT/hadoop-hdds-container-service-0.5.0-SNAPSHOT.jar!/webapps/static,AVAILABLE}
2019-07-14 16:16:57,579 INFO  handler.ContextHandler (ContextHandler.java:doStart(781)) - Started o.e.j.w.WebAppContext@67376bae{/,file:///tmp/jetty-0.0.0.0-33481-hddsDatanode-_-any-3683133903513904002.dir/webapp/,AVAILABLE}{/hddsDatanode}
2019-07-14 16:16:57,579 INFO  server.AbstractConnector (AbstractConnector.java:doStart(278)) - Started ServerConnector@6d6d81c{HTTP/1.1,[http/1.1]}{0.0.0.0:33481}
2019-07-14 16:16:57,583 INFO  server.Server (Server.java:doStart(419)) - Started @88377ms
2019-07-14 16:16:57,584 INFO  server.BaseHttpServer (BaseHttpServer.java:updateConnectorAddress(207)) - HTTP server of HDDSDATANODE is listening at http://0.0.0.0:33481
2019-07-14 16:16:57,667 INFO  ozone.HddsDatanodeService (HddsDatanodeService.java:startPlugins(396)) - Started plug-in org.apache.hadoop.ozone.web.OzoneHddsDatanodeService@28f3a218
2019-07-14 16:16:57,668 INFO  impl.MetricsSystemImpl (MetricsSystemImpl.java:init(158)) - HddsDatanode metrics system started (again)
2019-07-14 16:16:57,682 INFO  util.JvmPauseMonitor (JvmPauseMonitor.java:run(188)) - Starting JVM pause monitor
2019-07-14 16:16:57,682 INFO  ozone.HddsDatanodeService (HddsDatanodeService.java:start(185)) - HddsDatanodeService host:pr-hdds-1710-5x6jb-1204890111 ip:192.168.69.77
2019-07-14 16:16:57,683 INFO  datanode.InitDatanodeState (InitDatanodeState.java:persistContainerDatanodeDetails(140)) - DatanodeDetails is persisted to /workdir/hadoop-ozone/integration-test/target/test-dir/MiniOzoneClusterImpl-a8c390b8-4d8e-4c05-bea8-a4587dbfd0c0/datanode-4/meta/datanode.id
2019-07-14 16:16:57,695 INFO  volume.HddsVolume (HddsVolume.java:<init>(176)) - Creating Volume: /workdir/hadoop-ozone/integration-test/target/test-dir/MiniOzoneClusterImpl-a8c390b8-4d8e-4c05-bea8-a4587dbfd0c0/datanode-5/data/containers/hdds of  storage type : DISK and capacity : 52710309888
2019-07-14 16:16:57,696 INFO  volume.VolumeSet (VolumeSet.java:initializeVolumeSet(170)) - Added Volume : /workdir/hadoop-ozone/integration-test/target/test-dir/MiniOzoneClusterImpl-a8c390b8-4d8e-4c05-bea8-a4587dbfd0c0/datanode-5/data/containers/hdds to VolumeSet
2019-07-14 16:16:57,696 INFO  volume.ThrottledAsyncChecker (ThrottledAsyncChecker.java:schedule(140)) - Scheduling a check for org.apache.hadoop.ozone.container.common.volume.HddsVolume@6fd37997
2019-07-14 16:16:57,697 INFO  volume.HddsVolumeChecker (HddsVolumeChecker.java:checkAllVolumes(203)) - Scheduled health check for volume org.apache.hadoop.ozone.container.common.volume.HddsVolume@6fd37997
2019-07-14 16:16:57,720 INFO  impl.RaftServerProxy (ConfUtils.java:logGet(43)) - raft.rpc.type = GRPC (default)
2019-07-14 16:16:57,720 INFO  grpc.GrpcFactory (GrpcFactory.java:checkPooledByteBufAllocatorUseCacheForAllThreads(45)) - PERFORMANCE WARNING: useCacheForAllThreads is true that may cause Netty to create a lot garbage objects and, as a result, trigger GC.
	It is recommended to disable useCacheForAllThreads by setting -Dorg.apache.ratis.thirdparty.io.netty.allocator.useCacheForAllThreads=false in command line.
2019-07-14 16:16:57,721 INFO  grpc.GrpcConfigKeys$Server (ConfUtils.java:logGet(43)) - raft.grpc.server.port = 0 (default)
2019-07-14 16:16:57,721 INFO  server.GrpcService (ConfUtils.java:logGet(43)) - raft.grpc.message.size.max = 33570816 (custom)
2019-07-14 16:16:57,721 INFO  server.RaftServerConfigKeys (ConfUtils.java:logGet(43)) - raft.server.log.appender.buffer.byte-limit = 33554432 (custom)
2019-07-14 16:16:57,721 INFO  server.GrpcService (ConfUtils.java:logGet(43)) - raft.grpc.flow.control.window = 1MB (=1048576) (default)
2019-07-14 16:16:57,722 INFO  server.RaftServerConfigKeys (ConfUtils.java:logGet(43)) - raft.server.rpc.request.timeout = 3000ms (default)
2019-07-14 16:16:57,722 INFO  server.RaftServerConfigKeys (ConfUtils.java:logGet(43)) - raft.server.storage.dir = [/workdir/hadoop-ozone/integration-test/target/test-dir/MiniOzoneClusterImpl-a8c390b8-4d8e-4c05-bea8-a4587dbfd0c0/datanode-5/data/ratis] (custom)
2019-07-14 16:16:57,723 INFO  replication.SimpleContainerDownloader (SimpleContainerDownloader.java:<init>(72)) - Starting container downloader service to copy containers to replicate.
2019-07-14 16:16:57,724 INFO  hdfs.DFSUtil (DFSUtil.java:httpServerTemplateForNNAndJN(1641)) - Starting Web-server for hddsDatanode at: http://0.0.0.0:0
2019-07-14 16:16:57,726 INFO  server.AuthenticationFilter (AuthenticationFilter.java:constructSecretProvider(240)) - Unable to initialize FileSignerSecretProvider, falling back to use random secrets.
2019-07-14 16:16:57,727 WARN  http.HttpRequestLog (HttpRequestLog.java:getRequestLog(97)) - Jetty request log can only be enabled using Log4j
2019-07-14 16:16:57,728 INFO  http.HttpServer2 (HttpServer2.java:addGlobalFilter(975)) - Added global filter 'safety' (class=org.apache.hadoop.http.HttpServer2$QuotingInputFilter)
2019-07-14 16:16:57,729 INFO  http.HttpServer2 (HttpServer2.java:addFilter(948)) - Added filter static_user_filter (class=org.apache.hadoop.http.lib.StaticUserWebFilter$StaticUserFilter) to context hddsDatanode
2019-07-14 16:16:57,729 INFO  http.HttpServer2 (HttpServer2.java:addFilter(958)) - Added filter static_user_filter (class=org.apache.hadoop.http.lib.StaticUserWebFilter$StaticUserFilter) to context logs
2019-07-14 16:16:57,730 INFO  http.HttpServer2 (HttpServer2.java:addFilter(958)) - Added filter static_user_filter (class=org.apache.hadoop.http.lib.StaticUserWebFilter$StaticUserFilter) to context static
2019-07-14 16:16:57,730 INFO  http.HttpServer2 (HttpServer2.java:bindListener(1191)) - Jetty bound to port 37796
2019-07-14 16:16:57,731 INFO  server.Server (Server.java:doStart(351)) - jetty-9.3.24.v20180605, build timestamp: 2018-06-05T17:11:56Z, git hash: 84205aa28f11a4f31f2a3b86d1bba2cc8ab69827
2019-07-14 16:16:57,733 INFO  handler.ContextHandler (ContextHandler.java:doStart(781)) - Started o.e.j.s.ServletContextHandler@24ce5d4c{/logs,file:///workdir/hadoop-ozone/integration-test/target/log,AVAILABLE}
2019-07-14 16:16:57,733 INFO  handler.ContextHandler (ContextHandler.java:doStart(781)) - Started o.e.j.s.ServletContextHandler@7369208e{/static,jar:file:/home/user/.m2/repository/org/apache/hadoop/hadoop-hdds-container-service/0.5.0-SNAPSHOT/hadoop-hdds-container-service-0.5.0-SNAPSHOT.jar!/webapps/static,AVAILABLE}
2019-07-14 16:16:57,778 INFO  handler.ContextHandler (ContextHandler.java:doStart(781)) - Started o.e.j.w.WebAppContext@2396408a{/,file:///tmp/jetty-0.0.0.0-37796-hddsDatanode-_-any-5227030285404871023.dir/webapp/,AVAILABLE}{/hddsDatanode}
2019-07-14 16:16:57,778 INFO  server.AbstractConnector (AbstractConnector.java:doStart(278)) - Started ServerConnector@3e4ead73{HTTP/1.1,[http/1.1]}{0.0.0.0:37796}
2019-07-14 16:16:57,781 INFO  server.Server (Server.java:doStart(419)) - Started @88576ms
2019-07-14 16:16:57,782 INFO  server.BaseHttpServer (BaseHttpServer.java:updateConnectorAddress(207)) - HTTP server of HDDSDATANODE is listening at http://0.0.0.0:37796
2019-07-14 16:16:57,906 INFO  ozone.HddsDatanodeService (HddsDatanodeService.java:startPlugins(396)) - Started plug-in org.apache.hadoop.ozone.web.OzoneHddsDatanodeService@145f1f97
2019-07-14 16:16:57,906 INFO  ozone.MiniOzoneClusterImpl (MiniOzoneClusterImpl.java:lambda$waitForClusterToBeReady$0(142)) - Waiting for cluster to be ready. Got 0 of 6 DN Heartbeats.
2019-07-14 16:16:57,908 INFO  util.JvmPauseMonitor (JvmPauseMonitor.java:run(188)) - Starting JVM pause monitor
2019-07-14 16:16:57,910 INFO  datanode.InitDatanodeState (InitDatanodeState.java:persistContainerDatanodeDetails(140)) - DatanodeDetails is persisted to /workdir/hadoop-ozone/integration-test/target/test-dir/MiniOzoneClusterImpl-a8c390b8-4d8e-4c05-bea8-a4587dbfd0c0/datanode-5/meta/datanode.id
2019-07-14 16:16:58,815 INFO  ozoneimpl.OzoneContainer (OzoneContainer.java:start(186)) - Attempting to start container services.
2019-07-14 16:16:58,815 INFO  ozoneimpl.OzoneContainer (OzoneContainer.java:startContainerScrub(160)) - Background container scrubber has been disabled by hdds.containerscrub.enabled
2019-07-14 16:16:58,815 INFO  ratis.XceiverServerRatis (XceiverServerRatis.java:start(418)) - Starting XceiverServerRatis 3ffe8ba0-68ae-4ed4-9d66-ae81756a452a at port 0
2019-07-14 16:16:58,822 INFO  impl.RaftServerProxy (RaftServerProxy.java:lambda$start$3(299)) - 3ffe8ba0-68ae-4ed4-9d66-ae81756a452a: start RPC server
2019-07-14 16:16:58,824 INFO  server.GrpcService (GrpcService.java:startImpl(149)) - 3ffe8ba0-68ae-4ed4-9d66-ae81756a452a: GrpcService started, listening on 0.0.0.0/0.0.0.0:44101
2019-07-14 16:16:58,824 INFO  ratis.XceiverServerRatis (XceiverServerRatis.java:start(428)) - XceiverServerRatis 3ffe8ba0-68ae-4ed4-9d66-ae81756a452a is started using port 44101
2019-07-14 16:16:58,825 INFO  server.XceiverServerGrpc (XceiverServerGrpc.java:start(161)) - XceiverServerGrpc 3ffe8ba0-68ae-4ed4-9d66-ae81756a452a is started using port 38057
2019-07-14 16:16:58,907 INFO  ozone.MiniOzoneClusterImpl (MiniOzoneClusterImpl.java:lambda$waitForClusterToBeReady$0(142)) - Waiting for cluster to be ready. Got 0 of 6 DN Heartbeats.
2019-07-14 16:16:59,000 INFO  ozoneimpl.OzoneContainer (OzoneContainer.java:start(186)) - Attempting to start container services.
2019-07-14 16:16:59,000 INFO  ozoneimpl.OzoneContainer (OzoneContainer.java:startContainerScrub(160)) - Background container scrubber has been disabled by hdds.containerscrub.enabled
2019-07-14 16:16:59,000 INFO  ratis.XceiverServerRatis (XceiverServerRatis.java:start(418)) - Starting XceiverServerRatis 974b1e45-f3ab-4dc9-b505-d611fcd8a8c6 at port 0
2019-07-14 16:16:59,010 INFO  impl.RaftServerProxy (RaftServerProxy.java:lambda$start$3(299)) - 974b1e45-f3ab-4dc9-b505-d611fcd8a8c6: start RPC server
2019-07-14 16:16:59,011 INFO  server.GrpcService (GrpcService.java:startImpl(149)) - 974b1e45-f3ab-4dc9-b505-d611fcd8a8c6: GrpcService started, listening on 0.0.0.0/0.0.0.0:45362
2019-07-14 16:16:59,011 INFO  ratis.XceiverServerRatis (XceiverServerRatis.java:start(428)) - XceiverServerRatis 974b1e45-f3ab-4dc9-b505-d611fcd8a8c6 is started using port 45362
2019-07-14 16:16:59,011 INFO  server.XceiverServerGrpc (XceiverServerGrpc.java:start(161)) - XceiverServerGrpc 974b1e45-f3ab-4dc9-b505-d611fcd8a8c6 is started using port 44083
2019-07-14 16:16:59,304 INFO  ozoneimpl.OzoneContainer (OzoneContainer.java:start(186)) - Attempting to start container services.
2019-07-14 16:16:59,304 INFO  ozoneimpl.OzoneContainer (OzoneContainer.java:startContainerScrub(160)) - Background container scrubber has been disabled by hdds.containerscrub.enabled
2019-07-14 16:16:59,304 INFO  ratis.XceiverServerRatis (XceiverServerRatis.java:start(418)) - Starting XceiverServerRatis 9a9be6ef-2406-4fd3-9deb-459573555e59 at port 0
2019-07-14 16:16:59,312 INFO  impl.RaftServerProxy (RaftServerProxy.java:lambda$start$3(299)) - 9a9be6ef-2406-4fd3-9deb-459573555e59: start RPC server
2019-07-14 16:16:59,313 INFO  server.GrpcService (GrpcService.java:startImpl(149)) - 9a9be6ef-2406-4fd3-9deb-459573555e59: GrpcService started, listening on 0.0.0.0/0.0.0.0:33979
2019-07-14 16:16:59,313 INFO  ratis.XceiverServerRatis (XceiverServerRatis.java:start(428)) - XceiverServerRatis 9a9be6ef-2406-4fd3-9deb-459573555e59 is started using port 33979
2019-07-14 16:16:59,314 INFO  server.XceiverServerGrpc (XceiverServerGrpc.java:start(161)) - XceiverServerGrpc 9a9be6ef-2406-4fd3-9deb-459573555e59 is started using port 46006
2019-07-14 16:16:59,521 INFO  ozoneimpl.OzoneContainer (OzoneContainer.java:start(186)) - Attempting to start container services.
2019-07-14 16:16:59,521 INFO  ozoneimpl.OzoneContainer (OzoneContainer.java:startContainerScrub(160)) - Background container scrubber has been disabled by hdds.containerscrub.enabled
2019-07-14 16:16:59,521 INFO  ratis.XceiverServerRatis (XceiverServerRatis.java:start(418)) - Starting XceiverServerRatis 2bb16f2a-bfba-4dc9-b4f3-cbd9fced6e27 at port 0
2019-07-14 16:16:59,530 INFO  impl.RaftServerProxy (RaftServerProxy.java:lambda$start$3(299)) - 2bb16f2a-bfba-4dc9-b4f3-cbd9fced6e27: start RPC server
2019-07-14 16:16:59,530 INFO  server.GrpcService (GrpcService.java:startImpl(149)) - 2bb16f2a-bfba-4dc9-b4f3-cbd9fced6e27: GrpcService started, listening on 0.0.0.0/0.0.0.0:43817
2019-07-14 16:16:59,531 INFO  ratis.XceiverServerRatis (XceiverServerRatis.java:start(428)) - XceiverServerRatis 2bb16f2a-bfba-4dc9-b4f3-cbd9fced6e27 is started using port 43817
2019-07-14 16:16:59,531 INFO  server.XceiverServerGrpc (XceiverServerGrpc.java:start(161)) - XceiverServerGrpc 2bb16f2a-bfba-4dc9-b4f3-cbd9fced6e27 is started using port 34338
2019-07-14 16:16:59,701 INFO  ozoneimpl.OzoneContainer (OzoneContainer.java:start(186)) - Attempting to start container services.
2019-07-14 16:16:59,701 INFO  ozoneimpl.OzoneContainer (OzoneContainer.java:startContainerScrub(160)) - Background container scrubber has been disabled by hdds.containerscrub.enabled
2019-07-14 16:16:59,701 INFO  ratis.XceiverServerRatis (XceiverServerRatis.java:start(418)) - Starting XceiverServerRatis 21cbc6f8-007d-4470-a02c-d552d9e19d37 at port 0
2019-07-14 16:16:59,708 INFO  impl.RaftServerProxy (RaftServerProxy.java:lambda$start$3(299)) - 21cbc6f8-007d-4470-a02c-d552d9e19d37: start RPC server
2019-07-14 16:16:59,709 INFO  server.GrpcService (GrpcService.java:startImpl(149)) - 21cbc6f8-007d-4470-a02c-d552d9e19d37: GrpcService started, listening on 0.0.0.0/0.0.0.0:32863
2019-07-14 16:16:59,709 INFO  ratis.XceiverServerRatis (XceiverServerRatis.java:start(428)) - XceiverServerRatis 21cbc6f8-007d-4470-a02c-d552d9e19d37 is started using port 32863
2019-07-14 16:16:59,710 INFO  server.XceiverServerGrpc (XceiverServerGrpc.java:start(161)) - XceiverServerGrpc 21cbc6f8-007d-4470-a02c-d552d9e19d37 is started using port 38886
2019-07-14 16:16:59,911 INFO  ozone.MiniOzoneClusterImpl (MiniOzoneClusterImpl.java:lambda$waitForClusterToBeReady$0(142)) - Waiting for cluster to be ready. Got 0 of 6 DN Heartbeats.
2019-07-14 16:16:59,925 INFO  ozoneimpl.OzoneContainer (OzoneContainer.java:start(186)) - Attempting to start container services.
2019-07-14 16:16:59,925 INFO  ozoneimpl.OzoneContainer (OzoneContainer.java:startContainerScrub(160)) - Background container scrubber has been disabled by hdds.containerscrub.enabled
2019-07-14 16:16:59,925 INFO  ratis.XceiverServerRatis (XceiverServerRatis.java:start(418)) - Starting XceiverServerRatis a355b21c-145f-48fd-8e86-816dcc62e43b at port 0
2019-07-14 16:16:59,933 INFO  impl.RaftServerProxy (RaftServerProxy.java:lambda$start$3(299)) - a355b21c-145f-48fd-8e86-816dcc62e43b: start RPC server
2019-07-14 16:16:59,934 INFO  server.GrpcService (GrpcService.java:startImpl(149)) - a355b21c-145f-48fd-8e86-816dcc62e43b: GrpcService started, listening on 0.0.0.0/0.0.0.0:39335
2019-07-14 16:16:59,934 INFO  ratis.XceiverServerRatis (XceiverServerRatis.java:start(428)) - XceiverServerRatis a355b21c-145f-48fd-8e86-816dcc62e43b is started using port 39335
2019-07-14 16:16:59,935 INFO  server.XceiverServerGrpc (XceiverServerGrpc.java:start(161)) - XceiverServerGrpc a355b21c-145f-48fd-8e86-816dcc62e43b is started using port 38350
2019-07-14 16:17:00,791 INFO  net.NetworkTopology (NetworkTopologyImpl.java:add(110)) - Added a new node: /default-rack/192.168.69.77
2019-07-14 16:17:00,796 INFO  node.SCMNodeManager (SCMNodeManager.java:register(269)) - Registered Data node : 3ffe8ba0-68ae-4ed4-9d66-ae81756a452a{ip: 192.168.69.77, host: pr-hdds-1710-5x6jb-1204890111, networkLocation: /default-rack, certSerialId: null}
2019-07-14 16:17:00,797 INFO  safemode.SCMSafeModeManager (DataNodeSafeModeRule.java:process(71)) - SCM in safe mode. 1 DataNodes registered, 1 required.
2019-07-14 16:17:00,801 INFO  safemode.SCMSafeModeManager (SCMSafeModeManager.java:validateSafeModeExitRules(177)) - ScmSafeModeManager, all rules are successfully validated
2019-07-14 16:17:00,801 INFO  safemode.SCMSafeModeManager (SCMSafeModeManager.java:exitSafeMode(193)) - SCM exiting safe mode.
2019-07-14 16:17:00,814 INFO  impl.RaftServerProxy (RaftServerProxy.java:addNew(89)) - 3ffe8ba0-68ae-4ed4-9d66-ae81756a452a: addNew group-65DFE0E0D521:[3ffe8ba0-68ae-4ed4-9d66-ae81756a452a:192.168.69.77:44101] returns group-65DFE0E0D521:java.util.concurrent.CompletableFuture@4c291b6[Not completed]
2019-07-14 16:17:00,816 INFO  impl.RaftServerImpl (RaftServerImpl.java:<init>(93)) - 3ffe8ba0-68ae-4ed4-9d66-ae81756a452a: new RaftServerImpl for group-65DFE0E0D521:[3ffe8ba0-68ae-4ed4-9d66-ae81756a452a:192.168.69.77:44101] with ContainerStateMachine:uninitialized
2019-07-14 16:17:00,816 INFO  server.RaftServerConfigKeys (ConfUtils.java:logGet(43)) - raft.server.rpc.timeout.min = 5s (custom)
2019-07-14 16:17:00,816 INFO  server.RaftServerConfigKeys (ConfUtils.java:logGet(43)) - raft.server.rpc.timeout.max = 5200ms (custom)
2019-07-14 16:17:00,817 INFO  server.RaftServerConfigKeys (ConfUtils.java:logGet(43)) - raft.server.rpcslowness.timeout = 120s (custom)
2019-07-14 16:17:00,817 INFO  server.RaftServerConfigKeys (ConfUtils.java:logGet(43)) - raft.server.sleep.deviation.threshold = 300 (default)
2019-07-14 16:17:00,817 INFO  server.RaftServerConfigKeys (ConfUtils.java:logGet(43)) - raft.server.log.appender.install.snapshot.enabled = false (custom)
2019-07-14 16:17:00,817 INFO  impl.RaftServerImpl (ServerState.java:<init>(105)) - 3ffe8ba0-68ae-4ed4-9d66-ae81756a452a:group-65DFE0E0D521 ConfigurationManager, init=-1: [3ffe8ba0-68ae-4ed4-9d66-ae81756a452a:192.168.69.77:44101], old=null, confs=<EMPTY_MAP>
2019-07-14 16:17:00,818 INFO  server.RaftServerConfigKeys (ConfUtils.java:logGet(43)) - raft.server.storage.dir = [/workdir/hadoop-ozone/integration-test/target/test-dir/MiniOzoneClusterImpl-a8c390b8-4d8e-4c05-bea8-a4587dbfd0c0/datanode-0/data/ratis] (custom)
2019-07-14 16:17:00,818 INFO  storage.RaftStorageDirectory (RaftStorageDirectory.java:analyzeStorage(246)) - The storage directory /workdir/hadoop-ozone/integration-test/target/test-dir/MiniOzoneClusterImpl-a8c390b8-4d8e-4c05-bea8-a4587dbfd0c0/datanode-0/data/ratis/1e35c27d-c07f-450d-a785-65dfe0e0d521 does not exist. Creating ...
2019-07-14 16:17:00,833 INFO  storage.RaftStorageDirectory (RaftStorageDirectory.java:tryLock(328)) - Lock on /workdir/hadoop-ozone/integration-test/target/test-dir/MiniOzoneClusterImpl-a8c390b8-4d8e-4c05-bea8-a4587dbfd0c0/datanode-0/data/ratis/1e35c27d-c07f-450d-a785-65dfe0e0d521/in_use.lock acquired by nodename 762@pr-hdds-1710-5x6jb-1204890111
2019-07-14 16:17:00,858 INFO  storage.RaftStorage (RaftStorage.java:format(72)) - Storage directory /workdir/hadoop-ozone/integration-test/target/test-dir/MiniOzoneClusterImpl-a8c390b8-4d8e-4c05-bea8-a4587dbfd0c0/datanode-0/data/ratis/1e35c27d-c07f-450d-a785-65dfe0e0d521 has been successfully formatted.
2019-07-14 16:17:00,859 INFO  ratis.ContainerStateMachine (ContainerStateMachine.java:loadSnapshot(200)) - The snapshot info is null.Setting the last applied index to:(t:0, i:~)
2019-07-14 16:17:00,859 INFO  server.RaftServerConfigKeys (ConfUtils.java:logGet(43)) - raft.server.leader.election.timeout = 120s (custom)
2019-07-14 16:17:00,859 INFO  server.RaftServerConfigKeys (ConfUtils.java:logGet(43)) - raft.server.log.use.memory = false (default)
2019-07-14 16:17:00,859 INFO  server.RaftServerConfigKeys (ConfUtils.java:logGet(43)) - raft.server.log.purge.gap = 1000000000 (custom)
2019-07-14 16:17:00,859 INFO  server.RaftServerConfigKeys (ConfUtils.java:logGet(43)) - raft.server.log.appender.buffer.byte-limit = 33554432 (custom)
2019-07-14 16:17:00,859 INFO  server.RaftServerConfigKeys (ConfUtils.java:logGet(43)) - raft.server.log.segment.size.max = 1048576 (custom)
2019-07-14 16:17:00,860 INFO  server.RaftServerConfigKeys (ConfUtils.java:logGet(43)) - raft.server.log.segment.cache.num.max = 2 (custom)
2019-07-14 16:17:00,860 INFO  segmented.SegmentedRaftLogWorker (SegmentedRaftLogWorker.java:<init>(172)) - new 3ffe8ba0-68ae-4ed4-9d66-ae81756a452a-SegmentedRaftLogWorker:Storage Directory /workdir/hadoop-ozone/integration-test/target/test-dir/MiniOzoneClusterImpl-a8c390b8-4d8e-4c05-bea8-a4587dbfd0c0/datanode-0/data/ratis/1e35c27d-c07f-450d-a785-65dfe0e0d521 for RaftStorage:Storage Directory /workdir/hadoop-ozone/integration-test/target/test-dir/MiniOzoneClusterImpl-a8c390b8-4d8e-4c05-bea8-a4587dbfd0c0/datanode-0/data/ratis/1e35c27d-c07f-450d-a785-65dfe0e0d521
2019-07-14 16:17:00,860 INFO  server.RaftServerConfigKeys (ConfUtils.java:logGet(43)) - raft.server.log.queue.byte-limit = 2147483647 (custom)
2019-07-14 16:17:00,860 INFO  server.RaftServerConfigKeys (ConfUtils.java:logGet(43)) - raft.server.log.queue.element-limit = 1024 (custom)
2019-07-14 16:17:00,861 INFO  server.RaftServerConfigKeys (ConfUtils.java:logGet(43)) - raft.server.log.segment.size.max = 1048576 (custom)
2019-07-14 16:17:00,861 INFO  server.RaftServerConfigKeys (ConfUtils.java:logGet(43)) - raft.server.log.preallocated.size = 16384 (custom)
2019-07-14 16:17:00,861 INFO  server.RaftServerConfigKeys (ConfUtils.java:logGet(43)) - raft.server.log.write.buffer.size = 33554432 (custom)
2019-07-14 16:17:00,861 INFO  server.RaftServerConfigKeys (ConfUtils.java:logGet(43)) - raft.server.log.force.sync.num = 128 (default)
2019-07-14 16:17:00,861 INFO  server.RaftServerConfigKeys (ConfUtils.java:logGet(43)) - raft.server.log.statemachine.data.sync = true (default)
2019-07-14 16:17:00,861 INFO  server.RaftServerConfigKeys (ConfUtils.java:logGet(43)) - raft.server.log.statemachine.data.sync.timeout = 10s (default)
2019-07-14 16:17:00,862 INFO  server.RaftServerConfigKeys (ConfUtils.java:logGet(43)) - raft.server.log.statemachine.data.sync.timeout.retry = -1 (default)
2019-07-14 16:17:00,862 INFO  server.RaftServerConfigKeys (ConfUtils.java:logGet(43)) - raft.server.log.statemachine.data.caching.enabled = true (custom)
2019-07-14 16:17:00,862 INFO  segmented.SegmentedRaftLogWorker (SegmentedRaftLogWorker.java:lambda$new$0(132)) - 3ffe8ba0-68ae-4ed4-9d66-ae81756a452a-SegmentedRaftLogWorker:Storage Directory /workdir/hadoop-ozone/integration-test/target/test-dir/MiniOzoneClusterImpl-a8c390b8-4d8e-4c05-bea8-a4587dbfd0c0/datanode-0/data/ratis/1e35c27d-c07f-450d-a785-65dfe0e0d521: flushIndex: setUnconditionally 0 -> -1
2019-07-14 16:17:00,863 INFO  server.RaftServerConfigKeys (ConfUtils.java:logGet(43)) - raft.server.snapshot.auto.trigger.enabled = true (custom)
2019-07-14 16:17:00,863 INFO  server.RaftServerConfigKeys (ConfUtils.java:logGet(43)) - raft.server.snapshot.auto.trigger.threshold = 10000 (custom)
2019-07-14 16:17:00,863 INFO  server.RaftServerConfigKeys (ConfUtils.java:logGet(43)) - raft.server.retrycache.expirytime = 600000ms (custom)
2019-07-14 16:17:00,863 INFO  impl.RaftServerImpl (RaftServerImpl.java:start(180)) - 3ffe8ba0-68ae-4ed4-9d66-ae81756a452a: start group-65DFE0E0D521
2019-07-14 16:17:00,864 INFO  impl.RaftServerImpl (RaftServerImpl.java:setRole(171)) - 3ffe8ba0-68ae-4ed4-9d66-ae81756a452a:group-65DFE0E0D521 changes role from null to FOLLOWER at term 0 for startAsFollower
2019-07-14 16:17:00,864 INFO  impl.RoleInfo (RoleInfo.java:updateAndGet(143)) - 3ffe8ba0-68ae-4ed4-9d66-ae81756a452a: start FollowerState
2019-07-14 16:17:00,864 INFO  util.JmxRegister (JmxRegister.java:tryRegister(44)) - Successfully registered JMX Bean with object name Ratis:service=RaftServer,group=group-65DFE0E0D521,id=3ffe8ba0-68ae-4ed4-9d66-ae81756a452a
2019-07-14 16:17:00,911 INFO  ozone.MiniOzoneClusterImpl (MiniOzoneClusterImpl.java:lambda$waitForClusterToBeReady$0(142)) - Waiting for cluster to be ready. Got 1 of 6 DN Heartbeats.
2019-07-14 16:17:00,972 INFO  pipeline.PipelineStateManager (PipelineStateManager.java:addPipeline(56)) - Created pipeline Pipeline[ Id: 1e35c27d-c07f-450d-a785-65dfe0e0d521, Nodes: 3ffe8ba0-68ae-4ed4-9d66-ae81756a452a{ip: 192.168.69.77, host: pr-hdds-1710-5x6jb-1204890111, networkLocation: /default-rack, certSerialId: null}, Type:RATIS, Factor:ONE, State:OPEN]
2019-07-14 16:17:00,987 INFO  node.SCMNodeManager (SCMNodeManager.java:register(269)) - Registered Data node : 974b1e45-f3ab-4dc9-b505-d611fcd8a8c6{ip: 192.168.69.77, host: pr-hdds-1710-5x6jb-1204890111, networkLocation: /default-rack, certSerialId: null}
2019-07-14 16:17:01,019 INFO  impl.RaftServerProxy (RaftServerProxy.java:addNew(89)) - 974b1e45-f3ab-4dc9-b505-d611fcd8a8c6: addNew group-E94B676D1989:[974b1e45-f3ab-4dc9-b505-d611fcd8a8c6:192.168.69.77:45362] returns group-E94B676D1989:java.util.concurrent.CompletableFuture@6ea93c14[Not completed]
2019-07-14 16:17:01,021 INFO  impl.RaftServerImpl (RaftServerImpl.java:<init>(93)) - 974b1e45-f3ab-4dc9-b505-d611fcd8a8c6: new RaftServerImpl for group-E94B676D1989:[974b1e45-f3ab-4dc9-b505-d611fcd8a8c6:192.168.69.77:45362] with ContainerStateMachine:uninitialized
2019-07-14 16:17:01,022 INFO  server.RaftServerConfigKeys (ConfUtils.java:logGet(43)) - raft.server.rpc.timeout.min = 5s (custom)
2019-07-14 16:17:01,022 INFO  server.RaftServerConfigKeys (ConfUtils.java:logGet(43)) - raft.server.rpc.timeout.max = 5200ms (custom)
2019-07-14 16:17:01,022 INFO  server.RaftServerConfigKeys (ConfUtils.java:logGet(43)) - raft.server.rpcslowness.timeout = 120s (custom)
2019-07-14 16:17:01,022 INFO  server.RaftServerConfigKeys (ConfUtils.java:logGet(43)) - raft.server.sleep.deviation.threshold = 300 (default)
2019-07-14 16:17:01,023 INFO  server.RaftServerConfigKeys (ConfUtils.java:logGet(43)) - raft.server.log.appender.install.snapshot.enabled = false (custom)
2019-07-14 16:17:01,023 INFO  impl.RaftServerImpl (ServerState.java:<init>(105)) - 974b1e45-f3ab-4dc9-b505-d611fcd8a8c6:group-E94B676D1989 ConfigurationManager, init=-1: [974b1e45-f3ab-4dc9-b505-d611fcd8a8c6:192.168.69.77:45362], old=null, confs=<EMPTY_MAP>
2019-07-14 16:17:01,023 INFO  server.RaftServerConfigKeys (ConfUtils.java:logGet(43)) - raft.server.storage.dir = [/workdir/hadoop-ozone/integration-test/target/test-dir/MiniOzoneClusterImpl-a8c390b8-4d8e-4c05-bea8-a4587dbfd0c0/datanode-1/data/ratis] (custom)
2019-07-14 16:17:01,024 INFO  storage.RaftStorageDirectory (RaftStorageDirectory.java:analyzeStorage(246)) - The storage directory /workdir/hadoop-ozone/integration-test/target/test-dir/MiniOzoneClusterImpl-a8c390b8-4d8e-4c05-bea8-a4587dbfd0c0/datanode-1/data/ratis/cbc54cab-ae54-4f49-b469-e94b676d1989 does not exist. Creating ...
2019-07-14 16:17:01,037 INFO  storage.RaftStorageDirectory (RaftStorageDirectory.java:tryLock(328)) - Lock on /workdir/hadoop-ozone/integration-test/target/test-dir/MiniOzoneClusterImpl-a8c390b8-4d8e-4c05-bea8-a4587dbfd0c0/datanode-1/data/ratis/cbc54cab-ae54-4f49-b469-e94b676d1989/in_use.lock acquired by nodename 762@pr-hdds-1710-5x6jb-1204890111
2019-07-14 16:17:01,067 INFO  storage.RaftStorage (RaftStorage.java:format(72)) - Storage directory /workdir/hadoop-ozone/integration-test/target/test-dir/MiniOzoneClusterImpl-a8c390b8-4d8e-4c05-bea8-a4587dbfd0c0/datanode-1/data/ratis/cbc54cab-ae54-4f49-b469-e94b676d1989 has been successfully formatted.
2019-07-14 16:17:01,067 INFO  ratis.ContainerStateMachine (ContainerStateMachine.java:loadSnapshot(200)) - The snapshot info is null.Setting the last applied index to:(t:0, i:~)
2019-07-14 16:17:01,067 INFO  server.RaftServerConfigKeys (ConfUtils.java:logGet(43)) - raft.server.leader.election.timeout = 120s (custom)
2019-07-14 16:17:01,068 INFO  server.RaftServerConfigKeys (ConfUtils.java:logGet(43)) - raft.server.log.use.memory = false (default)
2019-07-14 16:17:01,068 INFO  server.RaftServerConfigKeys (ConfUtils.java:logGet(43)) - raft.server.log.purge.gap = 1000000000 (custom)
2019-07-14 16:17:01,068 INFO  server.RaftServerConfigKeys (ConfUtils.java:logGet(43)) - raft.server.log.appender.buffer.byte-limit = 33554432 (custom)
2019-07-14 16:17:01,068 INFO  server.RaftServerConfigKeys (ConfUtils.java:logGet(43)) - raft.server.log.segment.size.max = 1048576 (custom)
2019-07-14 16:17:01,068 INFO  server.RaftServerConfigKeys (ConfUtils.java:logGet(43)) - raft.server.log.segment.cache.num.max = 2 (custom)
2019-07-14 16:17:01,068 INFO  segmented.SegmentedRaftLogWorker (SegmentedRaftLogWorker.java:<init>(172)) - new 974b1e45-f3ab-4dc9-b505-d611fcd8a8c6-SegmentedRaftLogWorker:Storage Directory /workdir/hadoop-ozone/integration-test/target/test-dir/MiniOzoneClusterImpl-a8c390b8-4d8e-4c05-bea8-a4587dbfd0c0/datanode-1/data/ratis/cbc54cab-ae54-4f49-b469-e94b676d1989 for RaftStorage:Storage Directory /workdir/hadoop-ozone/integration-test/target/test-dir/MiniOzoneClusterImpl-a8c390b8-4d8e-4c05-bea8-a4587dbfd0c0/datanode-1/data/ratis/cbc54cab-ae54-4f49-b469-e94b676d1989
2019-07-14 16:17:01,069 INFO  server.RaftServerConfigKeys (ConfUtils.java:logGet(43)) - raft.server.log.queue.byte-limit = 2147483647 (custom)
2019-07-14 16:17:01,069 INFO  server.RaftServerConfigKeys (ConfUtils.java:logGet(43)) - raft.server.log.queue.element-limit = 1024 (custom)
2019-07-14 16:17:01,069 INFO  server.RaftServerConfigKeys (ConfUtils.java:logGet(43)) - raft.server.log.segment.size.max = 1048576 (custom)
2019-07-14 16:17:01,069 INFO  server.RaftServerConfigKeys (ConfUtils.java:logGet(43)) - raft.server.log.preallocated.size = 16384 (custom)
2019-07-14 16:17:01,070 INFO  server.RaftServerConfigKeys (ConfUtils.java:logGet(43)) - raft.server.log.write.buffer.size = 33554432 (custom)
2019-07-14 16:17:01,070 INFO  server.RaftServerConfigKeys (ConfUtils.java:logGet(43)) - raft.server.log.force.sync.num = 128 (default)
2019-07-14 16:17:01,070 INFO  server.RaftServerConfigKeys (ConfUtils.java:logGet(43)) - raft.server.log.statemachine.data.sync = true (default)
2019-07-14 16:17:01,070 INFO  server.RaftServerConfigKeys (ConfUtils.java:logGet(43)) - raft.server.log.statemachine.data.sync.timeout = 10s (default)
2019-07-14 16:17:01,070 INFO  server.RaftServerConfigKeys (ConfUtils.java:logGet(43)) - raft.server.log.statemachine.data.sync.timeout.retry = -1 (default)
2019-07-14 16:17:01,071 INFO  server.RaftServerConfigKeys (ConfUtils.java:logGet(43)) - raft.server.log.statemachine.data.caching.enabled = true (custom)
2019-07-14 16:17:01,071 INFO  segmented.SegmentedRaftLogWorker (SegmentedRaftLogWorker.java:lambda$new$0(132)) - 974b1e45-f3ab-4dc9-b505-d611fcd8a8c6-SegmentedRaftLogWorker:Storage Directory /workdir/hadoop-ozone/integration-test/target/test-dir/MiniOzoneClusterImpl-a8c390b8-4d8e-4c05-bea8-a4587dbfd0c0/datanode-1/data/ratis/cbc54cab-ae54-4f49-b469-e94b676d1989: flushIndex: setUnconditionally 0 -> -1
2019-07-14 16:17:01,072 INFO  server.RaftServerConfigKeys (ConfUtils.java:logGet(43)) - raft.server.snapshot.auto.trigger.enabled = true (custom)
2019-07-14 16:17:01,072 INFO  server.RaftServerConfigKeys (ConfUtils.java:logGet(43)) - raft.server.snapshot.auto.trigger.threshold = 10000 (custom)
2019-07-14 16:17:01,072 INFO  server.RaftServerConfigKeys (ConfUtils.java:logGet(43)) - raft.server.retrycache.expirytime = 600000ms (custom)
2019-07-14 16:17:01,072 INFO  impl.RaftServerImpl (RaftServerImpl.java:start(180)) - 974b1e45-f3ab-4dc9-b505-d611fcd8a8c6: start group-E94B676D1989
2019-07-14 16:17:01,072 INFO  impl.RaftServerImpl (RaftServerImpl.java:setRole(171)) - 974b1e45-f3ab-4dc9-b505-d611fcd8a8c6:group-E94B676D1989 changes role from null to FOLLOWER at term 0 for startAsFollower
2019-07-14 16:17:01,073 INFO  impl.RoleInfo (RoleInfo.java:updateAndGet(143)) - 974b1e45-f3ab-4dc9-b505-d611fcd8a8c6: start FollowerState
2019-07-14 16:17:01,073 INFO  util.JmxRegister (JmxRegister.java:tryRegister(44)) - Successfully registered JMX Bean with object name Ratis:service=RaftServer,group=group-E94B676D1989,id=974b1e45-f3ab-4dc9-b505-d611fcd8a8c6
2019-07-14 16:17:01,082 INFO  pipeline.PipelineStateManager (PipelineStateManager.java:addPipeline(56)) - Created pipeline Pipeline[ Id: cbc54cab-ae54-4f49-b469-e94b676d1989, Nodes: 974b1e45-f3ab-4dc9-b505-d611fcd8a8c6{ip: 192.168.69.77, host: pr-hdds-1710-5x6jb-1204890111, networkLocation: /default-rack, certSerialId: null}, Type:RATIS, Factor:ONE, State:OPEN]
2019-07-14 16:17:01,287 INFO  node.SCMNodeManager (SCMNodeManager.java:register(269)) - Registered Data node : 9a9be6ef-2406-4fd3-9deb-459573555e59{ip: 192.168.69.77, host: pr-hdds-1710-5x6jb-1204890111, networkLocation: /default-rack, certSerialId: null}
2019-07-14 16:17:01,302 INFO  impl.RaftServerProxy (RaftServerProxy.java:addNew(89)) - 9a9be6ef-2406-4fd3-9deb-459573555e59: addNew group-9AFC4AD28599:[9a9be6ef-2406-4fd3-9deb-459573555e59:192.168.69.77:33979] returns group-9AFC4AD28599:java.util.concurrent.CompletableFuture@79288fcd[Not completed]
2019-07-14 16:17:01,303 INFO  impl.RaftServerImpl (RaftServerImpl.java:<init>(93)) - 9a9be6ef-2406-4fd3-9deb-459573555e59: new RaftServerImpl for group-9AFC4AD28599:[9a9be6ef-2406-4fd3-9deb-459573555e59:192.168.69.77:33979] with ContainerStateMachine:uninitialized
2019-07-14 16:17:01,303 INFO  server.RaftServerConfigKeys (ConfUtils.java:logGet(43)) - raft.server.rpc.timeout.min = 5s (custom)
2019-07-14 16:17:01,304 INFO  server.RaftServerConfigKeys (ConfUtils.java:logGet(43)) - raft.server.rpc.timeout.max = 5200ms (custom)
2019-07-14 16:17:01,304 INFO  server.RaftServerConfigKeys (ConfUtils.java:logGet(43)) - raft.server.rpcslowness.timeout = 120s (custom)
2019-07-14 16:17:01,304 INFO  server.RaftServerConfigKeys (ConfUtils.java:logGet(43)) - raft.server.sleep.deviation.threshold = 300 (default)
2019-07-14 16:17:01,304 INFO  server.RaftServerConfigKeys (ConfUtils.java:logGet(43)) - raft.server.log.appender.install.snapshot.enabled = false (custom)
2019-07-14 16:17:01,304 INFO  impl.RaftServerImpl (ServerState.java:<init>(105)) - 9a9be6ef-2406-4fd3-9deb-459573555e59:group-9AFC4AD28599 ConfigurationManager, init=-1: [9a9be6ef-2406-4fd3-9deb-459573555e59:192.168.69.77:33979], old=null, confs=<EMPTY_MAP>
2019-07-14 16:17:01,304 INFO  server.RaftServerConfigKeys (ConfUtils.java:logGet(43)) - raft.server.storage.dir = [/workdir/hadoop-ozone/integration-test/target/test-dir/MiniOzoneClusterImpl-a8c390b8-4d8e-4c05-bea8-a4587dbfd0c0/datanode-2/data/ratis] (custom)
2019-07-14 16:17:01,305 INFO  storage.RaftStorageDirectory (RaftStorageDirectory.java:analyzeStorage(246)) - The storage directory /workdir/hadoop-ozone/integration-test/target/test-dir/MiniOzoneClusterImpl-a8c390b8-4d8e-4c05-bea8-a4587dbfd0c0/datanode-2/data/ratis/ab53ebdb-255d-4a6e-a7d9-9afc4ad28599 does not exist. Creating ...
2019-07-14 16:17:01,318 INFO  storage.RaftStorageDirectory (RaftStorageDirectory.java:tryLock(328)) - Lock on /workdir/hadoop-ozone/integration-test/target/test-dir/MiniOzoneClusterImpl-a8c390b8-4d8e-4c05-bea8-a4587dbfd0c0/datanode-2/data/ratis/ab53ebdb-255d-4a6e-a7d9-9afc4ad28599/in_use.lock acquired by nodename 762@pr-hdds-1710-5x6jb-1204890111
2019-07-14 16:17:01,331 INFO  storage.RaftStorage (RaftStorage.java:format(72)) - Storage directory /workdir/hadoop-ozone/integration-test/target/test-dir/MiniOzoneClusterImpl-a8c390b8-4d8e-4c05-bea8-a4587dbfd0c0/datanode-2/data/ratis/ab53ebdb-255d-4a6e-a7d9-9afc4ad28599 has been successfully formatted.
2019-07-14 16:17:01,332 INFO  ratis.ContainerStateMachine (ContainerStateMachine.java:loadSnapshot(200)) - The snapshot info is null.Setting the last applied index to:(t:0, i:~)
2019-07-14 16:17:01,332 INFO  server.RaftServerConfigKeys (ConfUtils.java:logGet(43)) - raft.server.leader.election.timeout = 120s (custom)
2019-07-14 16:17:01,332 INFO  server.RaftServerConfigKeys (ConfUtils.java:logGet(43)) - raft.server.log.use.memory = false (default)
2019-07-14 16:17:01,332 INFO  server.RaftServerConfigKeys (ConfUtils.java:logGet(43)) - raft.server.log.purge.gap = 1000000000 (custom)
2019-07-14 16:17:01,332 INFO  server.RaftServerConfigKeys (ConfUtils.java:logGet(43)) - raft.server.log.appender.buffer.byte-limit = 33554432 (custom)
2019-07-14 16:17:01,333 INFO  server.RaftServerConfigKeys (ConfUtils.java:logGet(43)) - raft.server.log.segment.size.max = 1048576 (custom)
2019-07-14 16:17:01,333 INFO  server.RaftServerConfigKeys (ConfUtils.java:logGet(43)) - raft.server.log.segment.cache.num.max = 2 (custom)
2019-07-14 16:17:01,333 INFO  segmented.SegmentedRaftLogWorker (SegmentedRaftLogWorker.java:<init>(172)) - new 9a9be6ef-2406-4fd3-9deb-459573555e59-SegmentedRaftLogWorker:Storage Directory /workdir/hadoop-ozone/integration-test/target/test-dir/MiniOzoneClusterImpl-a8c390b8-4d8e-4c05-bea8-a4587dbfd0c0/datanode-2/data/ratis/ab53ebdb-255d-4a6e-a7d9-9afc4ad28599 for RaftStorage:Storage Directory /workdir/hadoop-ozone/integration-test/target/test-dir/MiniOzoneClusterImpl-a8c390b8-4d8e-4c05-bea8-a4587dbfd0c0/datanode-2/data/ratis/ab53ebdb-255d-4a6e-a7d9-9afc4ad28599
2019-07-14 16:17:01,333 INFO  server.RaftServerConfigKeys (ConfUtils.java:logGet(43)) - raft.server.log.queue.byte-limit = 2147483647 (custom)
2019-07-14 16:17:01,333 INFO  server.RaftServerConfigKeys (ConfUtils.java:logGet(43)) - raft.server.log.queue.element-limit = 1024 (custom)
2019-07-14 16:17:01,334 INFO  server.RaftServerConfigKeys (ConfUtils.java:logGet(43)) - raft.server.log.segment.size.max = 1048576 (custom)
2019-07-14 16:17:01,334 INFO  server.RaftServerConfigKeys (ConfUtils.java:logGet(43)) - raft.server.log.preallocated.size = 16384 (custom)
2019-07-14 16:17:01,334 INFO  server.RaftServerConfigKeys (ConfUtils.java:logGet(43)) - raft.server.log.write.buffer.size = 33554432 (custom)
2019-07-14 16:17:01,334 INFO  server.RaftServerConfigKeys (ConfUtils.java:logGet(43)) - raft.server.log.force.sync.num = 128 (default)
2019-07-14 16:17:01,334 INFO  server.RaftServerConfigKeys (ConfUtils.java:logGet(43)) - raft.server.log.statemachine.data.sync = true (default)
2019-07-14 16:17:01,334 INFO  server.RaftServerConfigKeys (ConfUtils.java:logGet(43)) - raft.server.log.statemachine.data.sync.timeout = 10s (default)
2019-07-14 16:17:01,334 INFO  server.RaftServerConfigKeys (ConfUtils.java:logGet(43)) - raft.server.log.statemachine.data.sync.timeout.retry = -1 (default)
2019-07-14 16:17:01,335 INFO  server.RaftServerConfigKeys (ConfUtils.java:logGet(43)) - raft.server.log.statemachine.data.caching.enabled = true (custom)
2019-07-14 16:17:01,335 INFO  segmented.SegmentedRaftLogWorker (SegmentedRaftLogWorker.java:lambda$new$0(132)) - 9a9be6ef-2406-4fd3-9deb-459573555e59-SegmentedRaftLogWorker:Storage Directory /workdir/hadoop-ozone/integration-test/target/test-dir/MiniOzoneClusterImpl-a8c390b8-4d8e-4c05-bea8-a4587dbfd0c0/datanode-2/data/ratis/ab53ebdb-255d-4a6e-a7d9-9afc4ad28599: flushIndex: setUnconditionally 0 -> -1
2019-07-14 16:17:01,336 INFO  server.RaftServerConfigKeys (ConfUtils.java:logGet(43)) - raft.server.snapshot.auto.trigger.enabled = true (custom)
2019-07-14 16:17:01,336 INFO  server.RaftServerConfigKeys (ConfUtils.java:logGet(43)) - raft.server.snapshot.auto.trigger.threshold = 10000 (custom)
2019-07-14 16:17:01,336 INFO  server.RaftServerConfigKeys (ConfUtils.java:logGet(43)) - raft.server.retrycache.expirytime = 600000ms (custom)
2019-07-14 16:17:01,336 INFO  impl.RaftServerImpl (RaftServerImpl.java:start(180)) - 9a9be6ef-2406-4fd3-9deb-459573555e59: start group-9AFC4AD28599
2019-07-14 16:17:01,336 INFO  impl.RaftServerImpl (RaftServerImpl.java:setRole(171)) - 9a9be6ef-2406-4fd3-9deb-459573555e59:group-9AFC4AD28599 changes role from null to FOLLOWER at term 0 for startAsFollower
2019-07-14 16:17:01,336 INFO  impl.RoleInfo (RoleInfo.java:updateAndGet(143)) - 9a9be6ef-2406-4fd3-9deb-459573555e59: start FollowerState
2019-07-14 16:17:01,337 INFO  util.JmxRegister (JmxRegister.java:tryRegister(44)) - Successfully registered JMX Bean with object name Ratis:service=RaftServer,group=group-9AFC4AD28599,id=9a9be6ef-2406-4fd3-9deb-459573555e59
2019-07-14 16:17:01,343 INFO  pipeline.PipelineStateManager (PipelineStateManager.java:addPipeline(56)) - Created pipeline Pipeline[ Id: ab53ebdb-255d-4a6e-a7d9-9afc4ad28599, Nodes: 9a9be6ef-2406-4fd3-9deb-459573555e59{ip: 192.168.69.77, host: pr-hdds-1710-5x6jb-1204890111, networkLocation: /default-rack, certSerialId: null}, Type:RATIS, Factor:ONE, State:OPEN]
2019-07-14 16:17:01,354 INFO  impl.RaftServerProxy (RaftServerProxy.java:addNew(89)) - 3ffe8ba0-68ae-4ed4-9d66-ae81756a452a: addNew group-A66F450D9D49:[3ffe8ba0-68ae-4ed4-9d66-ae81756a452a:192.168.69.77:44101, 9a9be6ef-2406-4fd3-9deb-459573555e59:192.168.69.77:33979, 974b1e45-f3ab-4dc9-b505-d611fcd8a8c6:192.168.69.77:45362] returns group-A66F450D9D49:java.util.concurrent.CompletableFuture@25a9fafe[Not completed]
2019-07-14 16:17:01,354 INFO  impl.RaftServerProxy (RaftServerProxy.java:addNew(89)) - 9a9be6ef-2406-4fd3-9deb-459573555e59: addNew group-A66F450D9D49:[3ffe8ba0-68ae-4ed4-9d66-ae81756a452a:192.168.69.77:44101, 9a9be6ef-2406-4fd3-9deb-459573555e59:192.168.69.77:33979, 974b1e45-f3ab-4dc9-b505-d611fcd8a8c6:192.168.69.77:45362] returns group-A66F450D9D49:java.util.concurrent.CompletableFuture@3d52eee9[Not completed]
2019-07-14 16:17:01,355 INFO  impl.RaftServerProxy (RaftServerProxy.java:addNew(89)) - 974b1e45-f3ab-4dc9-b505-d611fcd8a8c6: addNew group-A66F450D9D49:[3ffe8ba0-68ae-4ed4-9d66-ae81756a452a:192.168.69.77:44101, 9a9be6ef-2406-4fd3-9deb-459573555e59:192.168.69.77:33979, 974b1e45-f3ab-4dc9-b505-d611fcd8a8c6:192.168.69.77:45362] returns group-A66F450D9D49:java.util.concurrent.CompletableFuture@12863d11[Not completed]
2019-07-14 16:17:01,356 INFO  impl.RaftServerImpl (RaftServerImpl.java:<init>(93)) - 3ffe8ba0-68ae-4ed4-9d66-ae81756a452a: new RaftServerImpl for group-A66F450D9D49:[3ffe8ba0-68ae-4ed4-9d66-ae81756a452a:192.168.69.77:44101, 9a9be6ef-2406-4fd3-9deb-459573555e59:192.168.69.77:33979, 974b1e45-f3ab-4dc9-b505-d611fcd8a8c6:192.168.69.77:45362] with ContainerStateMachine:uninitialized
2019-07-14 16:17:01,356 INFO  server.RaftServerConfigKeys (ConfUtils.java:logGet(43)) - raft.server.rpc.timeout.min = 5s (custom)
2019-07-14 16:17:01,356 INFO  server.RaftServerConfigKeys (ConfUtils.java:logGet(43)) - raft.server.rpc.timeout.max = 5200ms (custom)
2019-07-14 16:17:01,356 INFO  server.RaftServerConfigKeys (ConfUtils.java:logGet(43)) - raft.server.rpcslowness.timeout = 120s (custom)
2019-07-14 16:17:01,356 INFO  server.RaftServerConfigKeys (ConfUtils.java:logGet(43)) - raft.server.sleep.deviation.threshold = 300 (default)
2019-07-14 16:17:01,356 INFO  impl.RaftServerImpl (RaftServerImpl.java:<init>(93)) - 974b1e45-f3ab-4dc9-b505-d611fcd8a8c6: new RaftServerImpl for group-A66F450D9D49:[3ffe8ba0-68ae-4ed4-9d66-ae81756a452a:192.168.69.77:44101, 9a9be6ef-2406-4fd3-9deb-459573555e59:192.168.69.77:33979, 974b1e45-f3ab-4dc9-b505-d611fcd8a8c6:192.168.69.77:45362] with ContainerStateMachine:uninitialized
2019-07-14 16:17:01,356 INFO  server.RaftServerConfigKeys (ConfUtils.java:logGet(43)) - raft.server.log.appender.install.snapshot.enabled = false (custom)
2019-07-14 16:17:01,357 INFO  server.RaftServerConfigKeys (ConfUtils.java:logGet(43)) - raft.server.rpc.timeout.min = 5s (custom)
2019-07-14 16:17:01,357 INFO  impl.RaftServerImpl (ServerState.java:<init>(105)) - 3ffe8ba0-68ae-4ed4-9d66-ae81756a452a:group-A66F450D9D49 ConfigurationManager, init=-1: [3ffe8ba0-68ae-4ed4-9d66-ae81756a452a:192.168.69.77:44101, 9a9be6ef-2406-4fd3-9deb-459573555e59:192.168.69.77:33979, 974b1e45-f3ab-4dc9-b505-d611fcd8a8c6:192.168.69.77:45362], old=null, confs=<EMPTY_MAP>
2019-07-14 16:17:01,357 INFO  impl.RaftServerImpl (RaftServerImpl.java:<init>(93)) - 9a9be6ef-2406-4fd3-9deb-459573555e59: new RaftServerImpl for group-A66F450D9D49:[3ffe8ba0-68ae-4ed4-9d66-ae81756a452a:192.168.69.77:44101, 9a9be6ef-2406-4fd3-9deb-459573555e59:192.168.69.77:33979, 974b1e45-f3ab-4dc9-b505-d611fcd8a8c6:192.168.69.77:45362] with ContainerStateMachine:uninitialized
2019-07-14 16:17:01,357 INFO  server.RaftServerConfigKeys (ConfUtils.java:logGet(43)) - raft.server.storage.dir = [/workdir/hadoop-ozone/integration-test/target/test-dir/MiniOzoneClusterImpl-a8c390b8-4d8e-4c05-bea8-a4587dbfd0c0/datanode-0/data/ratis] (custom)
2019-07-14 16:17:01,357 INFO  server.RaftServerConfigKeys (ConfUtils.java:logGet(43)) - raft.server.rpc.timeout.max = 5200ms (custom)
2019-07-14 16:17:01,357 INFO  server.RaftServerConfigKeys (ConfUtils.java:logGet(43)) - raft.server.rpc.timeout.min = 5s (custom)
2019-07-14 16:17:01,358 INFO  storage.RaftStorageDirectory (RaftStorageDirectory.java:analyzeStorage(246)) - The storage directory /workdir/hadoop-ozone/integration-test/target/test-dir/MiniOzoneClusterImpl-a8c390b8-4d8e-4c05-bea8-a4587dbfd0c0/datanode-0/data/ratis/201b202a-9297-41ad-a01e-a66f450d9d49 does not exist. Creating ...
2019-07-14 16:17:01,358 INFO  server.RaftServerConfigKeys (ConfUtils.java:logGet(43)) - raft.server.rpcslowness.timeout = 120s (custom)
2019-07-14 16:17:01,358 INFO  server.RaftServerConfigKeys (ConfUtils.java:logGet(43)) - raft.server.rpc.timeout.max = 5200ms (custom)
2019-07-14 16:17:01,358 INFO  server.RaftServerConfigKeys (ConfUtils.java:logGet(43)) - raft.server.sleep.deviation.threshold = 300 (default)
2019-07-14 16:17:01,358 INFO  server.RaftServerConfigKeys (ConfUtils.java:logGet(43)) - raft.server.rpcslowness.timeout = 120s (custom)
2019-07-14 16:17:01,358 INFO  server.RaftServerConfigKeys (ConfUtils.java:logGet(43)) - raft.server.log.appender.install.snapshot.enabled = false (custom)
2019-07-14 16:17:01,358 INFO  server.RaftServerConfigKeys (ConfUtils.java:logGet(43)) - raft.server.sleep.deviation.threshold = 300 (default)
2019-07-14 16:17:01,359 INFO  impl.RaftServerImpl (ServerState.java:<init>(105)) - 974b1e45-f3ab-4dc9-b505-d611fcd8a8c6:group-A66F450D9D49 ConfigurationManager, init=-1: [3ffe8ba0-68ae-4ed4-9d66-ae81756a452a:192.168.69.77:44101, 9a9be6ef-2406-4fd3-9deb-459573555e59:192.168.69.77:33979, 974b1e45-f3ab-4dc9-b505-d611fcd8a8c6:192.168.69.77:45362], old=null, confs=<EMPTY_MAP>
2019-07-14 16:17:01,359 INFO  server.RaftServerConfigKeys (ConfUtils.java:logGet(43)) - raft.server.log.appender.install.snapshot.enabled = false (custom)
2019-07-14 16:17:01,359 INFO  server.RaftServerConfigKeys (ConfUtils.java:logGet(43)) - raft.server.storage.dir = [/workdir/hadoop-ozone/integration-test/target/test-dir/MiniOzoneClusterImpl-a8c390b8-4d8e-4c05-bea8-a4587dbfd0c0/datanode-1/data/ratis] (custom)
2019-07-14 16:17:01,359 INFO  impl.RaftServerImpl (ServerState.java:<init>(105)) - 9a9be6ef-2406-4fd3-9deb-459573555e59:group-A66F450D9D49 ConfigurationManager, init=-1: [3ffe8ba0-68ae-4ed4-9d66-ae81756a452a:192.168.69.77:44101, 9a9be6ef-2406-4fd3-9deb-459573555e59:192.168.69.77:33979, 974b1e45-f3ab-4dc9-b505-d611fcd8a8c6:192.168.69.77:45362], old=null, confs=<EMPTY_MAP>
2019-07-14 16:17:01,359 INFO  server.RaftServerConfigKeys (ConfUtils.java:logGet(43)) - raft.server.storage.dir = [/workdir/hadoop-ozone/integration-test/target/test-dir/MiniOzoneClusterImpl-a8c390b8-4d8e-4c05-bea8-a4587dbfd0c0/datanode-2/data/ratis] (custom)
2019-07-14 16:17:01,359 INFO  storage.RaftStorageDirectory (RaftStorageDirectory.java:analyzeStorage(246)) - The storage directory /workdir/hadoop-ozone/integration-test/target/test-dir/MiniOzoneClusterImpl-a8c390b8-4d8e-4c05-bea8-a4587dbfd0c0/datanode-1/data/ratis/201b202a-9297-41ad-a01e-a66f450d9d49 does not exist. Creating ...
2019-07-14 16:17:01,360 INFO  storage.RaftStorageDirectory (RaftStorageDirectory.java:analyzeStorage(246)) - The storage directory /workdir/hadoop-ozone/integration-test/target/test-dir/MiniOzoneClusterImpl-a8c390b8-4d8e-4c05-bea8-a4587dbfd0c0/datanode-2/data/ratis/201b202a-9297-41ad-a01e-a66f450d9d49 does not exist. Creating ...
2019-07-14 16:17:01,371 INFO  storage.RaftStorageDirectory (RaftStorageDirectory.java:tryLock(328)) - Lock on /workdir/hadoop-ozone/integration-test/target/test-dir/MiniOzoneClusterImpl-a8c390b8-4d8e-4c05-bea8-a4587dbfd0c0/datanode-0/data/ratis/201b202a-9297-41ad-a01e-a66f450d9d49/in_use.lock acquired by nodename 762@pr-hdds-1710-5x6jb-1204890111
2019-07-14 16:17:01,371 INFO  storage.RaftStorageDirectory (RaftStorageDirectory.java:tryLock(328)) - Lock on /workdir/hadoop-ozone/integration-test/target/test-dir/MiniOzoneClusterImpl-a8c390b8-4d8e-4c05-bea8-a4587dbfd0c0/datanode-2/data/ratis/201b202a-9297-41ad-a01e-a66f450d9d49/in_use.lock acquired by nodename 762@pr-hdds-1710-5x6jb-1204890111
2019-07-14 16:17:01,371 INFO  storage.RaftStorageDirectory (RaftStorageDirectory.java:tryLock(328)) - Lock on /workdir/hadoop-ozone/integration-test/target/test-dir/MiniOzoneClusterImpl-a8c390b8-4d8e-4c05-bea8-a4587dbfd0c0/datanode-1/data/ratis/201b202a-9297-41ad-a01e-a66f450d9d49/in_use.lock acquired by nodename 762@pr-hdds-1710-5x6jb-1204890111
2019-07-14 16:17:01,385 INFO  storage.RaftStorage (RaftStorage.java:format(72)) - Storage directory /workdir/hadoop-ozone/integration-test/target/test-dir/MiniOzoneClusterImpl-a8c390b8-4d8e-4c05-bea8-a4587dbfd0c0/datanode-0/data/ratis/201b202a-9297-41ad-a01e-a66f450d9d49 has been successfully formatted.
2019-07-14 16:17:01,385 INFO  storage.RaftStorage (RaftStorage.java:format(72)) - Storage directory /workdir/hadoop-ozone/integration-test/target/test-dir/MiniOzoneClusterImpl-a8c390b8-4d8e-4c05-bea8-a4587dbfd0c0/datanode-2/data/ratis/201b202a-9297-41ad-a01e-a66f450d9d49 has been successfully formatted.
2019-07-14 16:17:01,385 INFO  storage.RaftStorage (RaftStorage.java:format(72)) - Storage directory /workdir/hadoop-ozone/integration-test/target/test-dir/MiniOzoneClusterImpl-a8c390b8-4d8e-4c05-bea8-a4587dbfd0c0/datanode-1/data/ratis/201b202a-9297-41ad-a01e-a66f450d9d49 has been successfully formatted.
2019-07-14 16:17:01,386 INFO  ratis.ContainerStateMachine (ContainerStateMachine.java:loadSnapshot(200)) - The snapshot info is null.Setting the last applied index to:(t:0, i:~)
2019-07-14 16:17:01,386 INFO  ratis.ContainerStateMachine (ContainerStateMachine.java:loadSnapshot(200)) - The snapshot info is null.Setting the last applied index to:(t:0, i:~)
2019-07-14 16:17:01,386 INFO  ratis.ContainerStateMachine (ContainerStateMachine.java:loadSnapshot(200)) - The snapshot info is null.Setting the last applied index to:(t:0, i:~)
2019-07-14 16:17:01,386 INFO  server.RaftServerConfigKeys (ConfUtils.java:logGet(43)) - raft.server.leader.election.timeout = 120s (custom)
2019-07-14 16:17:01,386 INFO  server.RaftServerConfigKeys (ConfUtils.java:logGet(43)) - raft.server.leader.election.timeout = 120s (custom)
2019-07-14 16:17:01,386 INFO  server.RaftServerConfigKeys (ConfUtils.java:logGet(43)) - raft.server.log.use.memory = false (default)
2019-07-14 16:17:01,386 INFO  server.RaftServerConfigKeys (ConfUtils.java:logGet(43)) - raft.server.leader.election.timeout = 120s (custom)
2019-07-14 16:17:01,387 INFO  server.RaftServerConfigKeys (ConfUtils.java:logGet(43)) - raft.server.log.purge.gap = 1000000000 (custom)
2019-07-14 16:17:01,387 INFO  server.RaftServerConfigKeys (ConfUtils.java:logGet(43)) - raft.server.log.use.memory = false (default)
2019-07-14 16:17:01,387 INFO  server.RaftServerConfigKeys (ConfUtils.java:logGet(43)) - raft.server.log.appender.buffer.byte-limit = 33554432 (custom)
2019-07-14 16:17:01,387 INFO  server.RaftServerConfigKeys (ConfUtils.java:logGet(43)) - raft.server.log.use.memory = false (default)
2019-07-14 16:17:01,387 INFO  server.RaftServerConfigKeys (ConfUtils.java:logGet(43)) - raft.server.log.segment.size.max = 1048576 (custom)
2019-07-14 16:17:01,387 INFO  server.RaftServerConfigKeys (ConfUtils.java:logGet(43)) - raft.server.log.purge.gap = 1000000000 (custom)
2019-07-14 16:17:01,388 INFO  server.RaftServerConfigKeys (ConfUtils.java:logGet(43)) - raft.server.log.segment.cache.num.max = 2 (custom)
2019-07-14 16:17:01,388 INFO  server.RaftServerConfigKeys (ConfUtils.java:logGet(43)) - raft.server.log.purge.gap = 1000000000 (custom)
2019-07-14 16:17:01,388 INFO  segmented.SegmentedRaftLogWorker (SegmentedRaftLogWorker.java:<init>(172)) - new 974b1e45-f3ab-4dc9-b505-d611fcd8a8c6-SegmentedRaftLogWorker:Storage Directory /workdir/hadoop-ozone/integration-test/target/test-dir/MiniOzoneClusterImpl-a8c390b8-4d8e-4c05-bea8-a4587dbfd0c0/datanode-1/data/ratis/201b202a-9297-41ad-a01e-a66f450d9d49 for RaftStorage:Storage Directory /workdir/hadoop-ozone/integration-test/target/test-dir/MiniOzoneClusterImpl-a8c390b8-4d8e-4c05-bea8-a4587dbfd0c0/datanode-1/data/ratis/201b202a-9297-41ad-a01e-a66f450d9d49
2019-07-14 16:17:01,388 INFO  server.RaftServerConfigKeys (ConfUtils.java:logGet(43)) - raft.server.log.appender.buffer.byte-limit = 33554432 (custom)
2019-07-14 16:17:01,389 INFO  server.RaftServerConfigKeys (ConfUtils.java:logGet(43)) - raft.server.log.queue.byte-limit = 2147483647 (custom)
2019-07-14 16:17:01,388 INFO  server.RaftServerConfigKeys (ConfUtils.java:logGet(43)) - raft.server.log.appender.buffer.byte-limit = 33554432 (custom)
2019-07-14 16:17:01,389 INFO  server.RaftServerConfigKeys (ConfUtils.java:logGet(43)) - raft.server.log.queue.element-limit = 1024 (custom)
2019-07-14 16:17:01,389 INFO  server.RaftServerConfigKeys (ConfUtils.java:logGet(43)) - raft.server.log.segment.size.max = 1048576 (custom)
2019-07-14 16:17:01,389 INFO  server.RaftServerConfigKeys (ConfUtils.java:logGet(43)) - raft.server.log.segment.size.max = 1048576 (custom)
2019-07-14 16:17:01,389 INFO  server.RaftServerConfigKeys (ConfUtils.java:logGet(43)) - raft.server.log.segment.size.max = 1048576 (custom)
2019-07-14 16:17:01,390 INFO  server.RaftServerConfigKeys (ConfUtils.java:logGet(43)) - raft.server.log.preallocated.size = 16384 (custom)
2019-07-14 16:17:01,390 INFO  server.RaftServerConfigKeys (ConfUtils.java:logGet(43)) - raft.server.log.segment.cache.num.max = 2 (custom)
2019-07-14 16:17:01,390 INFO  server.RaftServerConfigKeys (ConfUtils.java:logGet(43)) - raft.server.log.write.buffer.size = 33554432 (custom)
2019-07-14 16:17:01,390 INFO  server.RaftServerConfigKeys (ConfUtils.java:logGet(43)) - raft.server.log.force.sync.num = 128 (default)
2019-07-14 16:17:01,390 INFO  server.RaftServerConfigKeys (ConfUtils.java:logGet(43)) - raft.server.log.segment.cache.num.max = 2 (custom)
2019-07-14 16:17:01,391 INFO  server.RaftServerConfigKeys (ConfUtils.java:logGet(43)) - raft.server.log.statemachine.data.sync = true (default)
2019-07-14 16:17:01,391 INFO  server.RaftServerConfigKeys (ConfUtils.java:logGet(43)) - raft.server.log.statemachine.data.sync.timeout = 10s (default)
2019-07-14 16:17:01,390 INFO  segmented.SegmentedRaftLogWorker (SegmentedRaftLogWorker.java:<init>(172)) - new 9a9be6ef-2406-4fd3-9deb-459573555e59-SegmentedRaftLogWorker:Storage Directory /workdir/hadoop-ozone/integration-test/target/test-dir/MiniOzoneClusterImpl-a8c390b8-4d8e-4c05-bea8-a4587dbfd0c0/datanode-2/data/ratis/201b202a-9297-41ad-a01e-a66f450d9d49 for RaftStorage:Storage Directory /workdir/hadoop-ozone/integration-test/target/test-dir/MiniOzoneClusterImpl-a8c390b8-4d8e-4c05-bea8-a4587dbfd0c0/datanode-2/data/ratis/201b202a-9297-41ad-a01e-a66f450d9d49
2019-07-14 16:17:01,391 INFO  server.RaftServerConfigKeys (ConfUtils.java:logGet(43)) - raft.server.log.statemachine.data.sync.timeout.retry = -1 (default)
2019-07-14 16:17:01,391 INFO  segmented.SegmentedRaftLogWorker (SegmentedRaftLogWorker.java:<init>(172)) - new 3ffe8ba0-68ae-4ed4-9d66-ae81756a452a-SegmentedRaftLogWorker:Storage Directory /workdir/hadoop-ozone/integration-test/target/test-dir/MiniOzoneClusterImpl-a8c390b8-4d8e-4c05-bea8-a4587dbfd0c0/datanode-0/data/ratis/201b202a-9297-41ad-a01e-a66f450d9d49 for RaftStorage:Storage Directory /workdir/hadoop-ozone/integration-test/target/test-dir/MiniOzoneClusterImpl-a8c390b8-4d8e-4c05-bea8-a4587dbfd0c0/datanode-0/data/ratis/201b202a-9297-41ad-a01e-a66f450d9d49
2019-07-14 16:17:01,391 INFO  server.RaftServerConfigKeys (ConfUtils.java:logGet(43)) - raft.server.log.statemachine.data.caching.enabled = true (custom)
2019-07-14 16:17:01,391 INFO  server.RaftServerConfigKeys (ConfUtils.java:logGet(43)) - raft.server.log.queue.byte-limit = 2147483647 (custom)
2019-07-14 16:17:01,392 INFO  segmented.SegmentedRaftLogWorker (SegmentedRaftLogWorker.java:lambda$new$0(132)) - 974b1e45-f3ab-4dc9-b505-d611fcd8a8c6-SegmentedRaftLogWorker:Storage Directory /workdir/hadoop-ozone/integration-test/target/test-dir/MiniOzoneClusterImpl-a8c390b8-4d8e-4c05-bea8-a4587dbfd0c0/datanode-1/data/ratis/201b202a-9297-41ad-a01e-a66f450d9d49: flushIndex: setUnconditionally 0 -> -1
2019-07-14 16:17:01,392 INFO  server.RaftServerConfigKeys (ConfUtils.java:logGet(43)) - raft.server.log.queue.byte-limit = 2147483647 (custom)
2019-07-14 16:17:01,392 INFO  server.RaftServerConfigKeys (ConfUtils.java:logGet(43)) - raft.server.log.queue.element-limit = 1024 (custom)
2019-07-14 16:17:01,392 INFO  server.RaftServerConfigKeys (ConfUtils.java:logGet(43)) - raft.server.log.queue.element-limit = 1024 (custom)
2019-07-14 16:17:01,393 INFO  server.RaftServerConfigKeys (ConfUtils.java:logGet(43)) - raft.server.snapshot.auto.trigger.enabled = true (custom)
2019-07-14 16:17:01,393 INFO  server.RaftServerConfigKeys (ConfUtils.java:logGet(43)) - raft.server.log.segment.size.max = 1048576 (custom)
2019-07-14 16:17:01,393 INFO  server.RaftServerConfigKeys (ConfUtils.java:logGet(43)) - raft.server.log.preallocated.size = 16384 (custom)
2019-07-14 16:17:01,393 INFO  server.RaftServerConfigKeys (ConfUtils.java:logGet(43)) - raft.server.log.segment.size.max = 1048576 (custom)
2019-07-14 16:17:01,393 INFO  server.RaftServerConfigKeys (ConfUtils.java:logGet(43)) - raft.server.log.write.buffer.size = 33554432 (custom)
2019-07-14 16:17:01,393 INFO  server.RaftServerConfigKeys (ConfUtils.java:logGet(43)) - raft.server.snapshot.auto.trigger.threshold = 10000 (custom)
2019-07-14 16:17:01,394 INFO  server.RaftServerConfigKeys (ConfUtils.java:logGet(43)) - raft.server.log.force.sync.num = 128 (default)
2019-07-14 16:17:01,394 INFO  server.RaftServerConfigKeys (ConfUtils.java:logGet(43)) - raft.server.log.statemachine.data.sync = true (default)
2019-07-14 16:17:01,394 INFO  server.RaftServerConfigKeys (ConfUtils.java:logGet(43)) - raft.server.log.preallocated.size = 16384 (custom)
2019-07-14 16:17:01,394 INFO  server.RaftServerConfigKeys (ConfUtils.java:logGet(43)) - raft.server.log.statemachine.data.sync.timeout = 10s (default)
2019-07-14 16:17:01,394 INFO  server.RaftServerConfigKeys (ConfUtils.java:logGet(43)) - raft.server.retrycache.expirytime = 600000ms (custom)
2019-07-14 16:17:01,395 INFO  server.RaftServerConfigKeys (ConfUtils.java:logGet(43)) - raft.server.log.statemachine.data.sync.timeout.retry = -1 (default)
2019-07-14 16:17:01,394 INFO  server.RaftServerConfigKeys (ConfUtils.java:logGet(43)) - raft.server.log.write.buffer.size = 33554432 (custom)
2019-07-14 16:17:01,395 INFO  server.RaftServerConfigKeys (ConfUtils.java:logGet(43)) - raft.server.log.statemachine.data.caching.enabled = true (custom)
2019-07-14 16:17:01,395 INFO  impl.RaftServerImpl (RaftServerImpl.java:start(180)) - 974b1e45-f3ab-4dc9-b505-d611fcd8a8c6: start group-A66F450D9D49
2019-07-14 16:17:01,395 INFO  server.RaftServerConfigKeys (ConfUtils.java:logGet(43)) - raft.server.log.force.sync.num = 128 (default)
2019-07-14 16:17:01,395 INFO  impl.RaftServerImpl (RaftServerImpl.java:setRole(171)) - 974b1e45-f3ab-4dc9-b505-d611fcd8a8c6:group-A66F450D9D49 changes role from null to FOLLOWER at term 0 for startAsFollower
2019-07-14 16:17:01,395 INFO  segmented.SegmentedRaftLogWorker (SegmentedRaftLogWorker.java:lambda$new$0(132)) - 3ffe8ba0-68ae-4ed4-9d66-ae81756a452a-SegmentedRaftLogWorker:Storage Directory /workdir/hadoop-ozone/integration-test/target/test-dir/MiniOzoneClusterImpl-a8c390b8-4d8e-4c05-bea8-a4587dbfd0c0/datanode-0/data/ratis/201b202a-9297-41ad-a01e-a66f450d9d49: flushIndex: setUnconditionally 0 -> -1
2019-07-14 16:17:01,396 INFO  impl.RoleInfo (RoleInfo.java:updateAndGet(143)) - 974b1e45-f3ab-4dc9-b505-d611fcd8a8c6: start FollowerState
2019-07-14 16:17:01,396 INFO  server.RaftServerConfigKeys (ConfUtils.java:logGet(43)) - raft.server.log.statemachine.data.sync = true (default)
2019-07-14 16:17:01,396 INFO  server.RaftServerConfigKeys (ConfUtils.java:logGet(43)) - raft.server.snapshot.auto.trigger.enabled = true (custom)
2019-07-14 16:17:01,396 INFO  server.RaftServerConfigKeys (ConfUtils.java:logGet(43)) - raft.server.log.statemachine.data.sync.timeout = 10s (default)
2019-07-14 16:17:01,396 INFO  util.JmxRegister (JmxRegister.java:tryRegister(44)) - Successfully registered JMX Bean with object name Ratis:service=RaftServer,group=group-A66F450D9D49,id=974b1e45-f3ab-4dc9-b505-d611fcd8a8c6
2019-07-14 16:17:01,397 INFO  server.RaftServerConfigKeys (ConfUtils.java:logGet(43)) - raft.server.log.statemachine.data.sync.timeout.retry = -1 (default)
2019-07-14 16:17:01,397 INFO  server.RaftServerConfigKeys (ConfUtils.java:logGet(43)) - raft.server.snapshot.auto.trigger.threshold = 10000 (custom)
2019-07-14 16:17:01,397 INFO  server.RaftServerConfigKeys (ConfUtils.java:logGet(43)) - raft.server.log.statemachine.data.caching.enabled = true (custom)
2019-07-14 16:17:01,397 INFO  server.RaftServerConfigKeys (ConfUtils.java:logGet(43)) - raft.server.retrycache.expirytime = 600000ms (custom)
2019-07-14 16:17:01,398 INFO  segmented.SegmentedRaftLogWorker (SegmentedRaftLogWorker.java:lambda$new$0(132)) - 9a9be6ef-2406-4fd3-9deb-459573555e59-SegmentedRaftLogWorker:Storage Directory /workdir/hadoop-ozone/integration-test/target/test-dir/MiniOzoneClusterImpl-a8c390b8-4d8e-4c05-bea8-a4587dbfd0c0/datanode-2/data/ratis/201b202a-9297-41ad-a01e-a66f450d9d49: flushIndex: setUnconditionally 0 -> -1
2019-07-14 16:17:01,398 INFO  impl.RaftServerImpl (RaftServerImpl.java:start(180)) - 3ffe8ba0-68ae-4ed4-9d66-ae81756a452a: start group-A66F450D9D49
2019-07-14 16:17:01,398 INFO  impl.RaftServerImpl (RaftServerImpl.java:setRole(171)) - 3ffe8ba0-68ae-4ed4-9d66-ae81756a452a:group-A66F450D9D49 changes role from null to FOLLOWER at term 0 for startAsFollower
2019-07-14 16:17:01,398 INFO  server.RaftServerConfigKeys (ConfUtils.java:logGet(43)) - raft.server.snapshot.auto.trigger.enabled = true (custom)
2019-07-14 16:17:01,398 INFO  impl.RoleInfo (RoleInfo.java:updateAndGet(143)) - 3ffe8ba0-68ae-4ed4-9d66-ae81756a452a: start FollowerState
2019-07-14 16:17:01,403 INFO  server.RaftServerConfigKeys (ConfUtils.java:logGet(43)) - raft.server.snapshot.auto.trigger.threshold = 10000 (custom)
2019-07-14 16:17:01,403 INFO  server.RaftServerConfigKeys (ConfUtils.java:logGet(43)) - raft.server.retrycache.expirytime = 600000ms (custom)
2019-07-14 16:17:01,403 INFO  util.JmxRegister (JmxRegister.java:tryRegister(44)) - Successfully registered JMX Bean with object name Ratis:service=RaftServer,group=group-A66F450D9D49,id=3ffe8ba0-68ae-4ed4-9d66-ae81756a452a
2019-07-14 16:17:01,404 INFO  impl.RaftServerImpl (RaftServerImpl.java:start(180)) - 9a9be6ef-2406-4fd3-9deb-459573555e59: start group-A66F450D9D49
2019-07-14 16:17:01,404 INFO  impl.RaftServerImpl (RaftServerImpl.java:setRole(171)) - 9a9be6ef-2406-4fd3-9deb-459573555e59:group-A66F450D9D49 changes role from null to FOLLOWER at term 0 for startAsFollower
2019-07-14 16:17:01,404 INFO  impl.RoleInfo (RoleInfo.java:updateAndGet(143)) - 9a9be6ef-2406-4fd3-9deb-459573555e59: start FollowerState
2019-07-14 16:17:01,405 INFO  util.JmxRegister (JmxRegister.java:tryRegister(44)) - Successfully registered JMX Bean with object name Ratis:service=RaftServer,group=group-A66F450D9D49,id=9a9be6ef-2406-4fd3-9deb-459573555e59
2019-07-14 16:17:01,416 INFO  pipeline.PipelineStateManager (PipelineStateManager.java:addPipeline(56)) - Created pipeline Pipeline[ Id: 201b202a-9297-41ad-a01e-a66f450d9d49, Nodes: 3ffe8ba0-68ae-4ed4-9d66-ae81756a452a{ip: 192.168.69.77, host: pr-hdds-1710-5x6jb-1204890111, networkLocation: /default-rack, certSerialId: null}9a9be6ef-2406-4fd3-9deb-459573555e59{ip: 192.168.69.77, host: pr-hdds-1710-5x6jb-1204890111, networkLocation: /default-rack, certSerialId: null}974b1e45-f3ab-4dc9-b505-d611fcd8a8c6{ip: 192.168.69.77, host: pr-hdds-1710-5x6jb-1204890111, networkLocation: /default-rack, certSerialId: null}, Type:RATIS, Factor:THREE, State:OPEN]
2019-07-14 16:17:01,508 INFO  node.SCMNodeManager (SCMNodeManager.java:register(269)) - Registered Data node : 2bb16f2a-bfba-4dc9-b4f3-cbd9fced6e27{ip: 192.168.69.77, host: pr-hdds-1710-5x6jb-1204890111, networkLocation: /default-rack, certSerialId: null}
2019-07-14 16:17:01,519 INFO  impl.RaftServerProxy (RaftServerProxy.java:addNew(89)) - 2bb16f2a-bfba-4dc9-b4f3-cbd9fced6e27: addNew group-E6B74CF1E4FB:[2bb16f2a-bfba-4dc9-b4f3-cbd9fced6e27:192.168.69.77:43817] returns group-E6B74CF1E4FB:java.util.concurrent.CompletableFuture@22193a0[Not completed]
2019-07-14 16:17:01,520 INFO  impl.RaftServerImpl (RaftServerImpl.java:<init>(93)) - 2bb16f2a-bfba-4dc9-b4f3-cbd9fced6e27: new RaftServerImpl for group-E6B74CF1E4FB:[2bb16f2a-bfba-4dc9-b4f3-cbd9fced6e27:192.168.69.77:43817] with ContainerStateMachine:uninitialized
2019-07-14 16:17:01,520 INFO  server.RaftServerConfigKeys (ConfUtils.java:logGet(43)) - raft.server.rpc.timeout.min = 5s (custom)
2019-07-14 16:17:01,520 INFO  server.RaftServerConfigKeys (ConfUtils.java:logGet(43)) - raft.server.rpc.timeout.max = 5200ms (custom)
2019-07-14 16:17:01,521 INFO  server.RaftServerConfigKeys (ConfUtils.java:logGet(43)) - raft.server.rpcslowness.timeout = 120s (custom)
2019-07-14 16:17:01,521 INFO  server.RaftServerConfigKeys (ConfUtils.java:logGet(43)) - raft.server.sleep.deviation.threshold = 300 (default)
2019-07-14 16:17:01,521 INFO  server.RaftServerConfigKeys (ConfUtils.java:logGet(43)) - raft.server.log.appender.install.snapshot.enabled = false (custom)
2019-07-14 16:17:01,521 INFO  impl.RaftServerImpl (ServerState.java:<init>(105)) - 2bb16f2a-bfba-4dc9-b4f3-cbd9fced6e27:group-E6B74CF1E4FB ConfigurationManager, init=-1: [2bb16f2a-bfba-4dc9-b4f3-cbd9fced6e27:192.168.69.77:43817], old=null, confs=<EMPTY_MAP>
2019-07-14 16:17:01,521 INFO  server.RaftServerConfigKeys (ConfUtils.java:logGet(43)) - raft.server.storage.dir = [/workdir/hadoop-ozone/integration-test/target/test-dir/MiniOzoneClusterImpl-a8c390b8-4d8e-4c05-bea8-a4587dbfd0c0/datanode-3/data/ratis] (custom)
2019-07-14 16:17:01,522 INFO  storage.RaftStorageDirectory (RaftStorageDirectory.java:analyzeStorage(246)) - The storage directory /workdir/hadoop-ozone/integration-test/target/test-dir/MiniOzoneClusterImpl-a8c390b8-4d8e-4c05-bea8-a4587dbfd0c0/datanode-3/data/ratis/351da16b-7a7e-489e-b79a-e6b74cf1e4fb does not exist. Creating ...
2019-07-14 16:17:01,534 INFO  storage.RaftStorageDirectory (RaftStorageDirectory.java:tryLock(328)) - Lock on /workdir/hadoop-ozone/integration-test/target/test-dir/MiniOzoneClusterImpl-a8c390b8-4d8e-4c05-bea8-a4587dbfd0c0/datanode-3/data/ratis/351da16b-7a7e-489e-b79a-e6b74cf1e4fb/in_use.lock acquired by nodename 762@pr-hdds-1710-5x6jb-1204890111
2019-07-14 16:17:01,557 INFO  storage.RaftStorage (RaftStorage.java:format(72)) - Storage directory /workdir/hadoop-ozone/integration-test/target/test-dir/MiniOzoneClusterImpl-a8c390b8-4d8e-4c05-bea8-a4587dbfd0c0/datanode-3/data/ratis/351da16b-7a7e-489e-b79a-e6b74cf1e4fb has been successfully formatted.
2019-07-14 16:17:01,558 INFO  ratis.ContainerStateMachine (ContainerStateMachine.java:loadSnapshot(200)) - The snapshot info is null.Setting the last applied index to:(t:0, i:~)
2019-07-14 16:17:01,558 INFO  server.RaftServerConfigKeys (ConfUtils.java:logGet(43)) - raft.server.leader.election.timeout = 120s (custom)
2019-07-14 16:17:01,558 INFO  server.RaftServerConfigKeys (ConfUtils.java:logGet(43)) - raft.server.log.use.memory = false (default)
2019-07-14 16:17:01,558 INFO  server.RaftServerConfigKeys (ConfUtils.java:logGet(43)) - raft.server.log.purge.gap = 1000000000 (custom)
2019-07-14 16:17:01,558 INFO  server.RaftServerConfigKeys (ConfUtils.java:logGet(43)) - raft.server.log.appender.buffer.byte-limit = 33554432 (custom)
2019-07-14 16:17:01,559 INFO  server.RaftServerConfigKeys (ConfUtils.java:logGet(43)) - raft.server.log.segment.size.max = 1048576 (custom)
2019-07-14 16:17:01,559 INFO  server.RaftServerConfigKeys (ConfUtils.java:logGet(43)) - raft.server.log.segment.cache.num.max = 2 (custom)
2019-07-14 16:17:01,559 INFO  segmented.SegmentedRaftLogWorker (SegmentedRaftLogWorker.java:<init>(172)) - new 2bb16f2a-bfba-4dc9-b4f3-cbd9fced6e27-SegmentedRaftLogWorker:Storage Directory /workdir/hadoop-ozone/integration-test/target/test-dir/MiniOzoneClusterImpl-a8c390b8-4d8e-4c05-bea8-a4587dbfd0c0/datanode-3/data/ratis/351da16b-7a7e-489e-b79a-e6b74cf1e4fb for RaftStorage:Storage Directory /workdir/hadoop-ozone/integration-test/target/test-dir/MiniOzoneClusterImpl-a8c390b8-4d8e-4c05-bea8-a4587dbfd0c0/datanode-3/data/ratis/351da16b-7a7e-489e-b79a-e6b74cf1e4fb
2019-07-14 16:17:01,559 INFO  server.RaftServerConfigKeys (ConfUtils.java:logGet(43)) - raft.server.log.queue.byte-limit = 2147483647 (custom)
2019-07-14 16:17:01,559 INFO  server.RaftServerConfigKeys (ConfUtils.java:logGet(43)) - raft.server.log.queue.element-limit = 1024 (custom)
2019-07-14 16:17:01,559 INFO  server.RaftServerConfigKeys (ConfUtils.java:logGet(43)) - raft.server.log.segment.size.max = 1048576 (custom)
2019-07-14 16:17:01,560 INFO  server.RaftServerConfigKeys (ConfUtils.java:logGet(43)) - raft.server.log.preallocated.size = 16384 (custom)
2019-07-14 16:17:01,560 INFO  server.RaftServerConfigKeys (ConfUtils.java:logGet(43)) - raft.server.log.write.buffer.size = 33554432 (custom)
2019-07-14 16:17:01,560 INFO  server.RaftServerConfigKeys (ConfUtils.java:logGet(43)) - raft.server.log.force.sync.num = 128 (default)
2019-07-14 16:17:01,560 INFO  server.RaftServerConfigKeys (ConfUtils.java:logGet(43)) - raft.server.log.statemachine.data.sync = true (default)
2019-07-14 16:17:01,560 INFO  server.RaftServerConfigKeys (ConfUtils.java:logGet(43)) - raft.server.log.statemachine.data.sync.timeout = 10s (default)
2019-07-14 16:17:01,560 INFO  server.RaftServerConfigKeys (ConfUtils.java:logGet(43)) - raft.server.log.statemachine.data.sync.timeout.retry = -1 (default)
2019-07-14 16:17:01,561 INFO  server.RaftServerConfigKeys (ConfUtils.java:logGet(43)) - raft.server.log.statemachine.data.caching.enabled = true (custom)
2019-07-14 16:17:01,561 INFO  segmented.SegmentedRaftLogWorker (SegmentedRaftLogWorker.java:lambda$new$0(132)) - 2bb16f2a-bfba-4dc9-b4f3-cbd9fced6e27-SegmentedRaftLogWorker:Storage Directory /workdir/hadoop-ozone/integration-test/target/test-dir/MiniOzoneClusterImpl-a8c390b8-4d8e-4c05-bea8-a4587dbfd0c0/datanode-3/data/ratis/351da16b-7a7e-489e-b79a-e6b74cf1e4fb: flushIndex: setUnconditionally 0 -> -1
2019-07-14 16:17:01,561 INFO  server.RaftServerConfigKeys (ConfUtils.java:logGet(43)) - raft.server.snapshot.auto.trigger.enabled = true (custom)
2019-07-14 16:17:01,561 INFO  server.RaftServerConfigKeys (ConfUtils.java:logGet(43)) - raft.server.snapshot.auto.trigger.threshold = 10000 (custom)
2019-07-14 16:17:01,562 INFO  server.RaftServerConfigKeys (ConfUtils.java:logGet(43)) - raft.server.retrycache.expirytime = 600000ms (custom)
2019-07-14 16:17:01,562 INFO  impl.RaftServerImpl (RaftServerImpl.java:start(180)) - 2bb16f2a-bfba-4dc9-b4f3-cbd9fced6e27: start group-E6B74CF1E4FB
2019-07-14 16:17:01,562 INFO  impl.RaftServerImpl (RaftServerImpl.java:setRole(171)) - 2bb16f2a-bfba-4dc9-b4f3-cbd9fced6e27:group-E6B74CF1E4FB changes role from null to FOLLOWER at term 0 for startAsFollower
2019-07-14 16:17:01,562 INFO  impl.RoleInfo (RoleInfo.java:updateAndGet(143)) - 2bb16f2a-bfba-4dc9-b4f3-cbd9fced6e27: start FollowerState
2019-07-14 16:17:01,563 INFO  util.JmxRegister (JmxRegister.java:tryRegister(44)) - Successfully registered JMX Bean with object name Ratis:service=RaftServer,group=group-E6B74CF1E4FB,id=2bb16f2a-bfba-4dc9-b4f3-cbd9fced6e27
2019-07-14 16:17:01,570 INFO  pipeline.PipelineStateManager (PipelineStateManager.java:addPipeline(56)) - Created pipeline Pipeline[ Id: 351da16b-7a7e-489e-b79a-e6b74cf1e4fb, Nodes: 2bb16f2a-bfba-4dc9-b4f3-cbd9fced6e27{ip: 192.168.69.77, host: pr-hdds-1710-5x6jb-1204890111, networkLocation: /default-rack, certSerialId: null}, Type:RATIS, Factor:ONE, State:OPEN]
2019-07-14 16:17:01,683 INFO  node.SCMNodeManager (SCMNodeManager.java:register(269)) - Registered Data node : 21cbc6f8-007d-4470-a02c-d552d9e19d37{ip: 192.168.69.77, host: pr-hdds-1710-5x6jb-1204890111, networkLocation: /default-rack, certSerialId: null}
2019-07-14 16:17:01,697 INFO  impl.RaftServerProxy (RaftServerProxy.java:addNew(89)) - 21cbc6f8-007d-4470-a02c-d552d9e19d37: addNew group-D2315F428D99:[21cbc6f8-007d-4470-a02c-d552d9e19d37:192.168.69.77:32863] returns group-D2315F428D99:java.util.concurrent.CompletableFuture@41bddbd5[Not completed]
2019-07-14 16:17:01,698 INFO  impl.RaftServerImpl (RaftServerImpl.java:<init>(93)) - 21cbc6f8-007d-4470-a02c-d552d9e19d37: new RaftServerImpl for group-D2315F428D99:[21cbc6f8-007d-4470-a02c-d552d9e19d37:192.168.69.77:32863] with ContainerStateMachine:uninitialized
2019-07-14 16:17:01,699 INFO  server.RaftServerConfigKeys (ConfUtils.java:logGet(43)) - raft.server.rpc.timeout.min = 5s (custom)
2019-07-14 16:17:01,699 INFO  server.RaftServerConfigKeys (ConfUtils.java:logGet(43)) - raft.server.rpc.timeout.max = 5200ms (custom)
2019-07-14 16:17:01,699 INFO  server.RaftServerConfigKeys (ConfUtils.java:logGet(43)) - raft.server.rpcslowness.timeout = 120s (custom)
2019-07-14 16:17:01,699 INFO  server.RaftServerConfigKeys (ConfUtils.java:logGet(43)) - raft.server.sleep.deviation.threshold = 300 (default)
2019-07-14 16:17:01,699 INFO  server.RaftServerConfigKeys (ConfUtils.java:logGet(43)) - raft.server.log.appender.install.snapshot.enabled = false (custom)
2019-07-14 16:17:01,699 INFO  impl.RaftServerImpl (ServerState.java:<init>(105)) - 21cbc6f8-007d-4470-a02c-d552d9e19d37:group-D2315F428D99 ConfigurationManager, init=-1: [21cbc6f8-007d-4470-a02c-d552d9e19d37:192.168.69.77:32863], old=null, confs=<EMPTY_MAP>
2019-07-14 16:17:01,700 INFO  server.RaftServerConfigKeys (ConfUtils.java:logGet(43)) - raft.server.storage.dir = [/workdir/hadoop-ozone/integration-test/target/test-dir/MiniOzoneClusterImpl-a8c390b8-4d8e-4c05-bea8-a4587dbfd0c0/datanode-4/data/ratis] (custom)
2019-07-14 16:17:01,700 INFO  storage.RaftStorageDirectory (RaftStorageDirectory.java:analyzeStorage(246)) - The storage directory /workdir/hadoop-ozone/integration-test/target/test-dir/MiniOzoneClusterImpl-a8c390b8-4d8e-4c05-bea8-a4587dbfd0c0/datanode-4/data/ratis/be880b0c-210d-4b13-b6fe-d2315f428d99 does not exist. Creating ...
2019-07-14 16:17:01,713 INFO  storage.RaftStorageDirectory (RaftStorageDirectory.java:tryLock(328)) - Lock on /workdir/hadoop-ozone/integration-test/target/test-dir/MiniOzoneClusterImpl-a8c390b8-4d8e-4c05-bea8-a4587dbfd0c0/datanode-4/data/ratis/be880b0c-210d-4b13-b6fe-d2315f428d99/in_use.lock acquired by nodename 762@pr-hdds-1710-5x6jb-1204890111
2019-07-14 16:17:01,727 INFO  storage.RaftStorage (RaftStorage.java:format(72)) - Storage directory /workdir/hadoop-ozone/integration-test/target/test-dir/MiniOzoneClusterImpl-a8c390b8-4d8e-4c05-bea8-a4587dbfd0c0/datanode-4/data/ratis/be880b0c-210d-4b13-b6fe-d2315f428d99 has been successfully formatted.
2019-07-14 16:17:01,727 INFO  ratis.ContainerStateMachine (ContainerStateMachine.java:loadSnapshot(200)) - The snapshot info is null.Setting the last applied index to:(t:0, i:~)
2019-07-14 16:17:01,727 INFO  server.RaftServerConfigKeys (ConfUtils.java:logGet(43)) - raft.server.leader.election.timeout = 120s (custom)
2019-07-14 16:17:01,728 INFO  server.RaftServerConfigKeys (ConfUtils.java:logGet(43)) - raft.server.log.use.memory = false (default)
2019-07-14 16:17:01,728 INFO  server.RaftServerConfigKeys (ConfUtils.java:logGet(43)) - raft.server.log.purge.gap = 1000000000 (custom)
2019-07-14 16:17:01,728 INFO  server.RaftServerConfigKeys (ConfUtils.java:logGet(43)) - raft.server.log.appender.buffer.byte-limit = 33554432 (custom)
2019-07-14 16:17:01,728 INFO  server.RaftServerConfigKeys (ConfUtils.java:logGet(43)) - raft.server.log.segment.size.max = 1048576 (custom)
2019-07-14 16:17:01,728 INFO  server.RaftServerConfigKeys (ConfUtils.java:logGet(43)) - raft.server.log.segment.cache.num.max = 2 (custom)
2019-07-14 16:17:01,728 INFO  segmented.SegmentedRaftLogWorker (SegmentedRaftLogWorker.java:<init>(172)) - new 21cbc6f8-007d-4470-a02c-d552d9e19d37-SegmentedRaftLogWorker:Storage Directory /workdir/hadoop-ozone/integration-test/target/test-dir/MiniOzoneClusterImpl-a8c390b8-4d8e-4c05-bea8-a4587dbfd0c0/datanode-4/data/ratis/be880b0c-210d-4b13-b6fe-d2315f428d99 for RaftStorage:Storage Directory /workdir/hadoop-ozone/integration-test/target/test-dir/MiniOzoneClusterImpl-a8c390b8-4d8e-4c05-bea8-a4587dbfd0c0/datanode-4/data/ratis/be880b0c-210d-4b13-b6fe-d2315f428d99
2019-07-14 16:17:01,729 INFO  server.RaftServerConfigKeys (ConfUtils.java:logGet(43)) - raft.server.log.queue.byte-limit = 2147483647 (custom)
2019-07-14 16:17:01,729 INFO  server.RaftServerConfigKeys (ConfUtils.java:logGet(43)) - raft.server.log.queue.element-limit = 1024 (custom)
2019-07-14 16:17:01,729 INFO  server.RaftServerConfigKeys (ConfUtils.java:logGet(43)) - raft.server.log.segment.size.max = 1048576 (custom)
2019-07-14 16:17:01,729 INFO  server.RaftServerConfigKeys (ConfUtils.java:logGet(43)) - raft.server.log.preallocated.size = 16384 (custom)
2019-07-14 16:17:01,729 INFO  server.RaftServerConfigKeys (ConfUtils.java:logGet(43)) - raft.server.log.write.buffer.size = 33554432 (custom)
2019-07-14 16:17:01,730 INFO  server.RaftServerConfigKeys (ConfUtils.java:logGet(43)) - raft.server.log.force.sync.num = 128 (default)
2019-07-14 16:17:01,730 INFO  server.RaftServerConfigKeys (ConfUtils.java:logGet(43)) - raft.server.log.statemachine.data.sync = true (default)
2019-07-14 16:17:01,730 INFO  server.RaftServerConfigKeys (ConfUtils.java:logGet(43)) - raft.server.log.statemachine.data.sync.timeout = 10s (default)
2019-07-14 16:17:01,730 INFO  server.RaftServerConfigKeys (ConfUtils.java:logGet(43)) - raft.server.log.statemachine.data.sync.timeout.retry = -1 (default)
2019-07-14 16:17:01,730 INFO  server.RaftServerConfigKeys (ConfUtils.java:logGet(43)) - raft.server.log.statemachine.data.caching.enabled = true (custom)
2019-07-14 16:17:01,731 INFO  segmented.SegmentedRaftLogWorker (SegmentedRaftLogWorker.java:lambda$new$0(132)) - 21cbc6f8-007d-4470-a02c-d552d9e19d37-SegmentedRaftLogWorker:Storage Directory /workdir/hadoop-ozone/integration-test/target/test-dir/MiniOzoneClusterImpl-a8c390b8-4d8e-4c05-bea8-a4587dbfd0c0/datanode-4/data/ratis/be880b0c-210d-4b13-b6fe-d2315f428d99: flushIndex: setUnconditionally 0 -> -1
2019-07-14 16:17:01,731 INFO  server.RaftServerConfigKeys (ConfUtils.java:logGet(43)) - raft.server.snapshot.auto.trigger.enabled = true (custom)
2019-07-14 16:17:01,731 INFO  server.RaftServerConfigKeys (ConfUtils.java:logGet(43)) - raft.server.snapshot.auto.trigger.threshold = 10000 (custom)
2019-07-14 16:17:01,731 INFO  server.RaftServerConfigKeys (ConfUtils.java:logGet(43)) - raft.server.retrycache.expirytime = 600000ms (custom)
2019-07-14 16:17:01,732 INFO  impl.RaftServerImpl (RaftServerImpl.java:start(180)) - 21cbc6f8-007d-4470-a02c-d552d9e19d37: start group-D2315F428D99
2019-07-14 16:17:01,732 INFO  impl.RaftServerImpl (RaftServerImpl.java:setRole(171)) - 21cbc6f8-007d-4470-a02c-d552d9e19d37:group-D2315F428D99 changes role from null to FOLLOWER at term 0 for startAsFollower
2019-07-14 16:17:01,732 INFO  impl.RoleInfo (RoleInfo.java:updateAndGet(143)) - 21cbc6f8-007d-4470-a02c-d552d9e19d37: start FollowerState
2019-07-14 16:17:01,732 INFO  util.JmxRegister (JmxRegister.java:tryRegister(44)) - Successfully registered JMX Bean with object name Ratis:service=RaftServer,group=group-D2315F428D99,id=21cbc6f8-007d-4470-a02c-d552d9e19d37
2019-07-14 16:17:01,739 INFO  pipeline.PipelineStateManager (PipelineStateManager.java:addPipeline(56)) - Created pipeline Pipeline[ Id: be880b0c-210d-4b13-b6fe-d2315f428d99, Nodes: 21cbc6f8-007d-4470-a02c-d552d9e19d37{ip: 192.168.69.77, host: pr-hdds-1710-5x6jb-1204890111, networkLocation: /default-rack, certSerialId: null}, Type:RATIS, Factor:ONE, State:OPEN]
2019-07-14 16:17:01,912 INFO  node.SCMNodeManager (SCMNodeManager.java:register(269)) - Registered Data node : a355b21c-145f-48fd-8e86-816dcc62e43b{ip: 192.168.69.77, host: pr-hdds-1710-5x6jb-1204890111, networkLocation: /default-rack, certSerialId: null}
2019-07-14 16:17:01,912 INFO  ozone.MiniOzoneClusterImpl (MiniOzoneClusterImpl.java:lambda$waitForClusterToBeReady$0(142)) - Cluster is ready. Got 6 of 6 DN Heartbeats.
2019-07-14 16:17:01,983 INFO  impl.RaftServerProxy (RaftServerProxy.java:addNew(89)) - a355b21c-145f-48fd-8e86-816dcc62e43b: addNew group-354F409165A4:[a355b21c-145f-48fd-8e86-816dcc62e43b:192.168.69.77:39335] returns group-354F409165A4:java.util.concurrent.CompletableFuture@211c3334[Not completed]
2019-07-14 16:17:01,988 INFO  impl.RaftServerImpl (RaftServerImpl.java:<init>(93)) - a355b21c-145f-48fd-8e86-816dcc62e43b: new RaftServerImpl for group-354F409165A4:[a355b21c-145f-48fd-8e86-816dcc62e43b:192.168.69.77:39335] with ContainerStateMachine:uninitialized
2019-07-14 16:17:01,996 INFO  server.RaftServerConfigKeys (ConfUtils.java:logGet(43)) - raft.server.rpc.timeout.min = 5s (custom)
2019-07-14 16:17:02,008 INFO  server.RaftServerConfigKeys (ConfUtils.java:logGet(43)) - raft.server.rpc.timeout.max = 5200ms (custom)
2019-07-14 16:17:02,008 INFO  server.RaftServerConfigKeys (ConfUtils.java:logGet(43)) - raft.server.rpcslowness.timeout = 120s (custom)
2019-07-14 16:17:02,008 INFO  server.RaftServerConfigKeys (ConfUtils.java:logGet(43)) - raft.server.sleep.deviation.threshold = 300 (default)
2019-07-14 16:17:02,008 INFO  server.RaftServerConfigKeys (ConfUtils.java:logGet(43)) - raft.server.log.appender.install.snapshot.enabled = false (custom)
2019-07-14 16:17:02,009 INFO  impl.RaftServerImpl (ServerState.java:<init>(105)) - a355b21c-145f-48fd-8e86-816dcc62e43b:group-354F409165A4 ConfigurationManager, init=-1: [a355b21c-145f-48fd-8e86-816dcc62e43b:192.168.69.77:39335], old=null, confs=<EMPTY_MAP>
2019-07-14 16:17:02,009 INFO  server.RaftServerConfigKeys (ConfUtils.java:logGet(43)) - raft.server.storage.dir = [/workdir/hadoop-ozone/integration-test/target/test-dir/MiniOzoneClusterImpl-a8c390b8-4d8e-4c05-bea8-a4587dbfd0c0/datanode-5/data/ratis] (custom)
2019-07-14 16:17:02,015 INFO  storage.RaftStorageDirectory (RaftStorageDirectory.java:analyzeStorage(246)) - The storage directory /workdir/hadoop-ozone/integration-test/target/test-dir/MiniOzoneClusterImpl-a8c390b8-4d8e-4c05-bea8-a4587dbfd0c0/datanode-5/data/ratis/6ba9b7d3-2f4a-4733-9b53-354f409165a4 does not exist. Creating ...
2019-07-14 16:17:02,027 INFO  rpc.RpcClient (RpcClient.java:createVolume(287)) - Creating Volume: datanodefailurehandlingtest, with jenkins1000 as owner.
2019-07-14 16:17:02,030 INFO  storage.RaftStorageDirectory (RaftStorageDirectory.java:tryLock(328)) - Lock on /workdir/hadoop-ozone/integration-test/target/test-dir/MiniOzoneClusterImpl-a8c390b8-4d8e-4c05-bea8-a4587dbfd0c0/datanode-5/data/ratis/6ba9b7d3-2f4a-4733-9b53-354f409165a4/in_use.lock acquired by nodename 762@pr-hdds-1710-5x6jb-1204890111
2019-07-14 16:17:02,043 INFO  storage.RaftStorage (RaftStorage.java:format(72)) - Storage directory /workdir/hadoop-ozone/integration-test/target/test-dir/MiniOzoneClusterImpl-a8c390b8-4d8e-4c05-bea8-a4587dbfd0c0/datanode-5/data/ratis/6ba9b7d3-2f4a-4733-9b53-354f409165a4 has been successfully formatted.
2019-07-14 16:17:02,046 INFO  ratis.ContainerStateMachine (ContainerStateMachine.java:loadSnapshot(200)) - The snapshot info is null.Setting the last applied index to:(t:0, i:~)
2019-07-14 16:17:02,046 INFO  server.RaftServerConfigKeys (ConfUtils.java:logGet(43)) - raft.server.leader.election.timeout = 120s (custom)
2019-07-14 16:17:02,046 INFO  server.RaftServerConfigKeys (ConfUtils.java:logGet(43)) - raft.server.log.use.memory = false (default)
2019-07-14 16:17:02,046 INFO  server.RaftServerConfigKeys (ConfUtils.java:logGet(43)) - raft.server.log.purge.gap = 1000000000 (custom)
2019-07-14 16:17:02,046 INFO  server.RaftServerConfigKeys (ConfUtils.java:logGet(43)) - raft.server.log.appender.buffer.byte-limit = 33554432 (custom)
2019-07-14 16:17:02,047 INFO  server.RaftServerConfigKeys (ConfUtils.java:logGet(43)) - raft.server.log.segment.size.max = 1048576 (custom)
2019-07-14 16:17:02,047 INFO  rpc.RpcClient (RpcClient.java:createBucket(424)) - Creating Bucket: datanodefailurehandlingtest/datanodefailurehandlingtest, with Versioning false and Storage Type set to DISK and Encryption set to false 
2019-07-14 16:17:02,047 INFO  server.RaftServerConfigKeys (ConfUtils.java:logGet(43)) - raft.server.log.segment.cache.num.max = 2 (custom)
2019-07-14 16:17:02,047 INFO  segmented.SegmentedRaftLogWorker (SegmentedRaftLogWorker.java:<init>(172)) - new a355b21c-145f-48fd-8e86-816dcc62e43b-SegmentedRaftLogWorker:Storage Directory /workdir/hadoop-ozone/integration-test/target/test-dir/MiniOzoneClusterImpl-a8c390b8-4d8e-4c05-bea8-a4587dbfd0c0/datanode-5/data/ratis/6ba9b7d3-2f4a-4733-9b53-354f409165a4 for RaftStorage:Storage Directory /workdir/hadoop-ozone/integration-test/target/test-dir/MiniOzoneClusterImpl-a8c390b8-4d8e-4c05-bea8-a4587dbfd0c0/datanode-5/data/ratis/6ba9b7d3-2f4a-4733-9b53-354f409165a4
2019-07-14 16:17:02,047 INFO  server.RaftServerConfigKeys (ConfUtils.java:logGet(43)) - raft.server.log.queue.byte-limit = 2147483647 (custom)
2019-07-14 16:17:02,047 INFO  server.RaftServerConfigKeys (ConfUtils.java:logGet(43)) - raft.server.log.queue.element-limit = 1024 (custom)
2019-07-14 16:17:02,048 INFO  server.RaftServerConfigKeys (ConfUtils.java:logGet(43)) - raft.server.log.segment.size.max = 1048576 (custom)
2019-07-14 16:17:02,048 INFO  server.RaftServerConfigKeys (ConfUtils.java:logGet(43)) - raft.server.log.preallocated.size = 16384 (custom)
2019-07-14 16:17:02,048 INFO  server.RaftServerConfigKeys (ConfUtils.java:logGet(43)) - raft.server.log.write.buffer.size = 33554432 (custom)
2019-07-14 16:17:02,048 INFO  server.RaftServerConfigKeys (ConfUtils.java:logGet(43)) - raft.server.log.force.sync.num = 128 (default)
2019-07-14 16:17:02,051 INFO  server.RaftServerConfigKeys (ConfUtils.java:logGet(43)) - raft.server.log.statemachine.data.sync = true (default)
2019-07-14 16:17:02,051 INFO  server.RaftServerConfigKeys (ConfUtils.java:logGet(43)) - raft.server.log.statemachine.data.sync.timeout = 10s (default)
2019-07-14 16:17:02,051 INFO  server.RaftServerConfigKeys (ConfUtils.java:logGet(43)) - raft.server.log.statemachine.data.sync.timeout.retry = -1 (default)
2019-07-14 16:17:02,051 INFO  server.RaftServerConfigKeys (ConfUtils.java:logGet(43)) - raft.server.log.statemachine.data.caching.enabled = true (custom)
2019-07-14 16:17:02,052 INFO  segmented.SegmentedRaftLogWorker (SegmentedRaftLogWorker.java:lambda$new$0(132)) - a355b21c-145f-48fd-8e86-816dcc62e43b-SegmentedRaftLogWorker:Storage Directory /workdir/hadoop-ozone/integration-test/target/test-dir/MiniOzoneClusterImpl-a8c390b8-4d8e-4c05-bea8-a4587dbfd0c0/datanode-5/data/ratis/6ba9b7d3-2f4a-4733-9b53-354f409165a4: flushIndex: setUnconditionally 0 -> -1
2019-07-14 16:17:02,052 INFO  server.RaftServerConfigKeys (ConfUtils.java:logGet(43)) - raft.server.snapshot.auto.trigger.enabled = true (custom)
2019-07-14 16:17:02,052 INFO  server.RaftServerConfigKeys (ConfUtils.java:logGet(43)) - raft.server.snapshot.auto.trigger.threshold = 10000 (custom)
2019-07-14 16:17:02,052 INFO  server.RaftServerConfigKeys (ConfUtils.java:logGet(43)) - raft.server.retrycache.expirytime = 600000ms (custom)
2019-07-14 16:17:02,052 INFO  impl.RaftServerImpl (RaftServerImpl.java:start(180)) - a355b21c-145f-48fd-8e86-816dcc62e43b: start group-354F409165A4
2019-07-14 16:17:02,053 INFO  impl.RaftServerImpl (RaftServerImpl.java:setRole(171)) - a355b21c-145f-48fd-8e86-816dcc62e43b:group-354F409165A4 changes role from null to FOLLOWER at term 0 for startAsFollower
2019-07-14 16:17:02,053 INFO  impl.RoleInfo (RoleInfo.java:updateAndGet(143)) - a355b21c-145f-48fd-8e86-816dcc62e43b: start FollowerState
2019-07-14 16:17:02,053 INFO  util.JmxRegister (JmxRegister.java:tryRegister(44)) - Successfully registered JMX Bean with object name Ratis:service=RaftServer,group=group-354F409165A4,id=a355b21c-145f-48fd-8e86-816dcc62e43b
2019-07-14 16:17:02,063 INFO  pipeline.PipelineStateManager (PipelineStateManager.java:addPipeline(56)) - Created pipeline Pipeline[ Id: 6ba9b7d3-2f4a-4733-9b53-354f409165a4, Nodes: a355b21c-145f-48fd-8e86-816dcc62e43b{ip: 192.168.69.77, host: pr-hdds-1710-5x6jb-1204890111, networkLocation: /default-rack, certSerialId: null}, Type:RATIS, Factor:ONE, State:OPEN]
2019-07-14 16:17:02,080 INFO  impl.RaftServerProxy (RaftServerProxy.java:addNew(89)) - 2bb16f2a-bfba-4dc9-b4f3-cbd9fced6e27: addNew group-8B694E9D6D20:[21cbc6f8-007d-4470-a02c-d552d9e19d37:192.168.69.77:32863, 2bb16f2a-bfba-4dc9-b4f3-cbd9fced6e27:192.168.69.77:43817, a355b21c-145f-48fd-8e86-816dcc62e43b:192.168.69.77:39335] returns group-8B694E9D6D20:java.util.concurrent.CompletableFuture@44229be5[Not completed]
2019-07-14 16:17:02,080 INFO  impl.RaftServerProxy (RaftServerProxy.java:addNew(89)) - 21cbc6f8-007d-4470-a02c-d552d9e19d37: addNew group-8B694E9D6D20:[21cbc6f8-007d-4470-a02c-d552d9e19d37:192.168.69.77:32863, 2bb16f2a-bfba-4dc9-b4f3-cbd9fced6e27:192.168.69.77:43817, a355b21c-145f-48fd-8e86-816dcc62e43b:192.168.69.77:39335] returns group-8B694E9D6D20:java.util.concurrent.CompletableFuture@7d096ec[Not completed]
2019-07-14 16:17:02,080 INFO  impl.RaftServerProxy (RaftServerProxy.java:addNew(89)) - a355b21c-145f-48fd-8e86-816dcc62e43b: addNew group-8B694E9D6D20:[21cbc6f8-007d-4470-a02c-d552d9e19d37:192.168.69.77:32863, 2bb16f2a-bfba-4dc9-b4f3-cbd9fced6e27:192.168.69.77:43817, a355b21c-145f-48fd-8e86-816dcc62e43b:192.168.69.77:39335] returns group-8B694E9D6D20:java.util.concurrent.CompletableFuture@3e09abce[Not completed]
2019-07-14 16:17:02,081 INFO  impl.RaftServerImpl (RaftServerImpl.java:<init>(93)) - 21cbc6f8-007d-4470-a02c-d552d9e19d37: new RaftServerImpl for group-8B694E9D6D20:[21cbc6f8-007d-4470-a02c-d552d9e19d37:192.168.69.77:32863, 2bb16f2a-bfba-4dc9-b4f3-cbd9fced6e27:192.168.69.77:43817, a355b21c-145f-48fd-8e86-816dcc62e43b:192.168.69.77:39335] with ContainerStateMachine:uninitialized
2019-07-14 16:17:02,081 INFO  server.RaftServerConfigKeys (ConfUtils.java:logGet(43)) - raft.server.rpc.timeout.min = 5s (custom)
2019-07-14 16:17:02,081 INFO  server.RaftServerConfigKeys (ConfUtils.java:logGet(43)) - raft.server.rpc.timeout.max = 5200ms (custom)
2019-07-14 16:17:02,081 INFO  server.RaftServerConfigKeys (ConfUtils.java:logGet(43)) - raft.server.rpcslowness.timeout = 120s (custom)
2019-07-14 16:17:02,081 INFO  impl.RaftServerImpl (RaftServerImpl.java:<init>(93)) - a355b21c-145f-48fd-8e86-816dcc62e43b: new RaftServerImpl for group-8B694E9D6D20:[21cbc6f8-007d-4470-a02c-d552d9e19d37:192.168.69.77:32863, 2bb16f2a-bfba-4dc9-b4f3-cbd9fced6e27:192.168.69.77:43817, a355b21c-145f-48fd-8e86-816dcc62e43b:192.168.69.77:39335] with ContainerStateMachine:uninitialized
2019-07-14 16:17:02,081 INFO  server.RaftServerConfigKeys (ConfUtils.java:logGet(43)) - raft.server.sleep.deviation.threshold = 300 (default)
2019-07-14 16:17:02,082 INFO  server.RaftServerConfigKeys (ConfUtils.java:logGet(43)) - raft.server.rpc.timeout.min = 5s (custom)
2019-07-14 16:17:02,082 INFO  server.RaftServerConfigKeys (ConfUtils.java:logGet(43)) - raft.server.log.appender.install.snapshot.enabled = false (custom)
2019-07-14 16:17:02,082 INFO  impl.RaftServerImpl (RaftServerImpl.java:<init>(93)) - 2bb16f2a-bfba-4dc9-b4f3-cbd9fced6e27: new RaftServerImpl for group-8B694E9D6D20:[21cbc6f8-007d-4470-a02c-d552d9e19d37:192.168.69.77:32863, 2bb16f2a-bfba-4dc9-b4f3-cbd9fced6e27:192.168.69.77:43817, a355b21c-145f-48fd-8e86-816dcc62e43b:192.168.69.77:39335] with ContainerStateMachine:uninitialized
2019-07-14 16:17:02,082 INFO  server.RaftServerConfigKeys (ConfUtils.java:logGet(43)) - raft.server.rpc.timeout.max = 5200ms (custom)
2019-07-14 16:17:02,082 INFO  server.RaftServerConfigKeys (ConfUtils.java:logGet(43)) - raft.server.rpc.timeout.min = 5s (custom)
2019-07-14 16:17:02,082 INFO  impl.RaftServerImpl (ServerState.java:<init>(105)) - 21cbc6f8-007d-4470-a02c-d552d9e19d37:group-8B694E9D6D20 ConfigurationManager, init=-1: [21cbc6f8-007d-4470-a02c-d552d9e19d37:192.168.69.77:32863, 2bb16f2a-bfba-4dc9-b4f3-cbd9fced6e27:192.168.69.77:43817, a355b21c-145f-48fd-8e86-816dcc62e43b:192.168.69.77:39335], old=null, confs=<EMPTY_MAP>
2019-07-14 16:17:02,082 INFO  server.RaftServerConfigKeys (ConfUtils.java:logGet(43)) - raft.server.rpc.timeout.max = 5200ms (custom)
2019-07-14 16:17:02,083 INFO  server.RaftServerConfigKeys (ConfUtils.java:logGet(43)) - raft.server.rpcslowness.timeout = 120s (custom)
2019-07-14 16:17:02,082 INFO  server.RaftServerConfigKeys (ConfUtils.java:logGet(43)) - raft.server.rpcslowness.timeout = 120s (custom)
2019-07-14 16:17:02,083 INFO  server.RaftServerConfigKeys (ConfUtils.java:logGet(43)) - raft.server.sleep.deviation.threshold = 300 (default)
2019-07-14 16:17:02,082 INFO  server.RaftServerConfigKeys (ConfUtils.java:logGet(43)) - raft.server.storage.dir = [/workdir/hadoop-ozone/integration-test/target/test-dir/MiniOzoneClusterImpl-a8c390b8-4d8e-4c05-bea8-a4587dbfd0c0/datanode-4/data/ratis] (custom)
2019-07-14 16:17:02,083 INFO  server.RaftServerConfigKeys (ConfUtils.java:logGet(43)) - raft.server.log.appender.install.snapshot.enabled = false (custom)
2019-07-14 16:17:02,083 INFO  server.RaftServerConfigKeys (ConfUtils.java:logGet(43)) - raft.server.sleep.deviation.threshold = 300 (default)
2019-07-14 16:17:02,083 INFO  impl.RaftServerImpl (ServerState.java:<init>(105)) - 2bb16f2a-bfba-4dc9-b4f3-cbd9fced6e27:group-8B694E9D6D20 ConfigurationManager, init=-1: [21cbc6f8-007d-4470-a02c-d552d9e19d37:192.168.69.77:32863, 2bb16f2a-bfba-4dc9-b4f3-cbd9fced6e27:192.168.69.77:43817, a355b21c-145f-48fd-8e86-816dcc62e43b:192.168.69.77:39335], old=null, confs=<EMPTY_MAP>
2019-07-14 16:17:02,083 INFO  server.RaftServerConfigKeys (ConfUtils.java:logGet(43)) - raft.server.log.appender.install.snapshot.enabled = false (custom)
2019-07-14 16:17:02,083 INFO  server.RaftServerConfigKeys (ConfUtils.java:logGet(43)) - raft.server.storage.dir = [/workdir/hadoop-ozone/integration-test/target/test-dir/MiniOzoneClusterImpl-a8c390b8-4d8e-4c05-bea8-a4587dbfd0c0/datanode-3/data/ratis] (custom)
2019-07-14 16:17:02,084 INFO  storage.RaftStorageDirectory (RaftStorageDirectory.java:analyzeStorage(246)) - The storage directory /workdir/hadoop-ozone/integration-test/target/test-dir/MiniOzoneClusterImpl-a8c390b8-4d8e-4c05-bea8-a4587dbfd0c0/datanode-4/data/ratis/fbe8b490-8ed6-42d8-ad1b-8b694e9d6d20 does not exist. Creating ...
2019-07-14 16:17:02,084 INFO  impl.RaftServerImpl (ServerState.java:<init>(105)) - a355b21c-145f-48fd-8e86-816dcc62e43b:group-8B694E9D6D20 ConfigurationManager, init=-1: [21cbc6f8-007d-4470-a02c-d552d9e19d37:192.168.69.77:32863, 2bb16f2a-bfba-4dc9-b4f3-cbd9fced6e27:192.168.69.77:43817, a355b21c-145f-48fd-8e86-816dcc62e43b:192.168.69.77:39335], old=null, confs=<EMPTY_MAP>
2019-07-14 16:17:02,084 INFO  storage.RaftStorageDirectory (RaftStorageDirectory.java:analyzeStorage(246)) - The storage directory /workdir/hadoop-ozone/integration-test/target/test-dir/MiniOzoneClusterImpl-a8c390b8-4d8e-4c05-bea8-a4587dbfd0c0/datanode-3/data/ratis/fbe8b490-8ed6-42d8-ad1b-8b694e9d6d20 does not exist. Creating ...
2019-07-14 16:17:02,084 INFO  server.RaftServerConfigKeys (ConfUtils.java:logGet(43)) - raft.server.storage.dir = [/workdir/hadoop-ozone/integration-test/target/test-dir/MiniOzoneClusterImpl-a8c390b8-4d8e-4c05-bea8-a4587dbfd0c0/datanode-5/data/ratis] (custom)
2019-07-14 16:17:02,084 INFO  storage.RaftStorageDirectory (RaftStorageDirectory.java:analyzeStorage(246)) - The storage directory /workdir/hadoop-ozone/integration-test/target/test-dir/MiniOzoneClusterImpl-a8c390b8-4d8e-4c05-bea8-a4587dbfd0c0/datanode-5/data/ratis/fbe8b490-8ed6-42d8-ad1b-8b694e9d6d20 does not exist. Creating ...
2019-07-14 16:17:02,097 INFO  storage.RaftStorageDirectory (RaftStorageDirectory.java:tryLock(328)) - Lock on /workdir/hadoop-ozone/integration-test/target/test-dir/MiniOzoneClusterImpl-a8c390b8-4d8e-4c05-bea8-a4587dbfd0c0/datanode-5/data/ratis/fbe8b490-8ed6-42d8-ad1b-8b694e9d6d20/in_use.lock acquired by nodename 762@pr-hdds-1710-5x6jb-1204890111
2019-07-14 16:17:02,097 INFO  storage.RaftStorageDirectory (RaftStorageDirectory.java:tryLock(328)) - Lock on /workdir/hadoop-ozone/integration-test/target/test-dir/MiniOzoneClusterImpl-a8c390b8-4d8e-4c05-bea8-a4587dbfd0c0/datanode-4/data/ratis/fbe8b490-8ed6-42d8-ad1b-8b694e9d6d20/in_use.lock acquired by nodename 762@pr-hdds-1710-5x6jb-1204890111
2019-07-14 16:17:02,097 INFO  storage.RaftStorageDirectory (RaftStorageDirectory.java:tryLock(328)) - Lock on /workdir/hadoop-ozone/integration-test/target/test-dir/MiniOzoneClusterImpl-a8c390b8-4d8e-4c05-bea8-a4587dbfd0c0/datanode-3/data/ratis/fbe8b490-8ed6-42d8-ad1b-8b694e9d6d20/in_use.lock acquired by nodename 762@pr-hdds-1710-5x6jb-1204890111
2019-07-14 16:17:02,118 INFO  storage.RaftStorage (RaftStorage.java:format(72)) - Storage directory /workdir/hadoop-ozone/integration-test/target/test-dir/MiniOzoneClusterImpl-a8c390b8-4d8e-4c05-bea8-a4587dbfd0c0/datanode-5/data/ratis/fbe8b490-8ed6-42d8-ad1b-8b694e9d6d20 has been successfully formatted.
2019-07-14 16:17:02,118 INFO  storage.RaftStorage (RaftStorage.java:format(72)) - Storage directory /workdir/hadoop-ozone/integration-test/target/test-dir/MiniOzoneClusterImpl-a8c390b8-4d8e-4c05-bea8-a4587dbfd0c0/datanode-4/data/ratis/fbe8b490-8ed6-42d8-ad1b-8b694e9d6d20 has been successfully formatted.
2019-07-14 16:17:02,118 INFO  storage.RaftStorage (RaftStorage.java:format(72)) - Storage directory /workdir/hadoop-ozone/integration-test/target/test-dir/MiniOzoneClusterImpl-a8c390b8-4d8e-4c05-bea8-a4587dbfd0c0/datanode-3/data/ratis/fbe8b490-8ed6-42d8-ad1b-8b694e9d6d20 has been successfully formatted.
2019-07-14 16:17:02,119 INFO  ratis.ContainerStateMachine (ContainerStateMachine.java:loadSnapshot(200)) - The snapshot info is null.Setting the last applied index to:(t:0, i:~)
2019-07-14 16:17:02,119 INFO  ratis.ContainerStateMachine (ContainerStateMachine.java:loadSnapshot(200)) - The snapshot info is null.Setting the last applied index to:(t:0, i:~)
2019-07-14 16:17:02,119 INFO  ratis.ContainerStateMachine (ContainerStateMachine.java:loadSnapshot(200)) - The snapshot info is null.Setting the last applied index to:(t:0, i:~)
2019-07-14 16:17:02,119 INFO  server.RaftServerConfigKeys (ConfUtils.java:logGet(43)) - raft.server.leader.election.timeout = 120s (custom)
2019-07-14 16:17:02,119 INFO  server.RaftServerConfigKeys (ConfUtils.java:logGet(43)) - raft.server.leader.election.timeout = 120s (custom)
2019-07-14 16:17:02,119 INFO  server.RaftServerConfigKeys (ConfUtils.java:logGet(43)) - raft.server.log.use.memory = false (default)
2019-07-14 16:17:02,119 INFO  server.RaftServerConfigKeys (ConfUtils.java:logGet(43)) - raft.server.leader.election.timeout = 120s (custom)
2019-07-14 16:17:02,120 INFO  server.RaftServerConfigKeys (ConfUtils.java:logGet(43)) - raft.server.log.purge.gap = 1000000000 (custom)
2019-07-14 16:17:02,119 INFO  server.RaftServerConfigKeys (ConfUtils.java:logGet(43)) - raft.server.log.use.memory = false (default)
2019-07-14 16:17:02,120 INFO  server.RaftServerConfigKeys (ConfUtils.java:logGet(43)) - raft.server.log.appender.buffer.byte-limit = 33554432 (custom)
2019-07-14 16:17:02,120 INFO  server.RaftServerConfigKeys (ConfUtils.java:logGet(43)) - raft.server.log.use.memory = false (default)
2019-07-14 16:17:02,120 INFO  server.RaftServerConfigKeys (ConfUtils.java:logGet(43)) - raft.server.log.segment.size.max = 1048576 (custom)
2019-07-14 16:17:02,120 INFO  server.RaftServerConfigKeys (ConfUtils.java:logGet(43)) - raft.server.log.purge.gap = 1000000000 (custom)
2019-07-14 16:17:02,120 INFO  server.RaftServerConfigKeys (ConfUtils.java:logGet(43)) - raft.server.log.segment.cache.num.max = 2 (custom)
2019-07-14 16:17:02,120 INFO  server.RaftServerConfigKeys (ConfUtils.java:logGet(43)) - raft.server.log.purge.gap = 1000000000 (custom)
2019-07-14 16:17:02,121 INFO  segmented.SegmentedRaftLogWorker (SegmentedRaftLogWorker.java:<init>(172)) - new 2bb16f2a-bfba-4dc9-b4f3-cbd9fced6e27-SegmentedRaftLogWorker:Storage Directory /workdir/hadoop-ozone/integration-test/target/test-dir/MiniOzoneClusterImpl-a8c390b8-4d8e-4c05-bea8-a4587dbfd0c0/datanode-3/data/ratis/fbe8b490-8ed6-42d8-ad1b-8b694e9d6d20 for RaftStorage:Storage Directory /workdir/hadoop-ozone/integration-test/target/test-dir/MiniOzoneClusterImpl-a8c390b8-4d8e-4c05-bea8-a4587dbfd0c0/datanode-3/data/ratis/fbe8b490-8ed6-42d8-ad1b-8b694e9d6d20
2019-07-14 16:17:02,120 INFO  server.RaftServerConfigKeys (ConfUtils.java:logGet(43)) - raft.server.log.appender.buffer.byte-limit = 33554432 (custom)
2019-07-14 16:17:02,121 INFO  server.RaftServerConfigKeys (ConfUtils.java:logGet(43)) - raft.server.log.queue.byte-limit = 2147483647 (custom)
2019-07-14 16:17:02,121 INFO  server.RaftServerConfigKeys (ConfUtils.java:logGet(43)) - raft.server.log.appender.buffer.byte-limit = 33554432 (custom)
2019-07-14 16:17:02,121 INFO  server.RaftServerConfigKeys (ConfUtils.java:logGet(43)) - raft.server.log.queue.element-limit = 1024 (custom)
2019-07-14 16:17:02,121 INFO  server.RaftServerConfigKeys (ConfUtils.java:logGet(43)) - raft.server.log.segment.size.max = 1048576 (custom)
2019-07-14 16:17:02,121 INFO  server.RaftServerConfigKeys (ConfUtils.java:logGet(43)) - raft.server.log.segment.size.max = 1048576 (custom)
2019-07-14 16:17:02,122 INFO  server.RaftServerConfigKeys (ConfUtils.java:logGet(43)) - raft.server.log.preallocated.size = 16384 (custom)
2019-07-14 16:17:02,121 INFO  server.RaftServerConfigKeys (ConfUtils.java:logGet(43)) - raft.server.log.segment.size.max = 1048576 (custom)
2019-07-14 16:17:02,122 INFO  server.RaftServerConfigKeys (ConfUtils.java:logGet(43)) - raft.server.log.write.buffer.size = 33554432 (custom)
2019-07-14 16:17:02,121 INFO  server.RaftServerConfigKeys (ConfUtils.java:logGet(43)) - raft.server.log.segment.cache.num.max = 2 (custom)
2019-07-14 16:17:02,122 INFO  server.RaftServerConfigKeys (ConfUtils.java:logGet(43)) - raft.server.log.force.sync.num = 128 (default)
2019-07-14 16:17:02,122 INFO  server.RaftServerConfigKeys (ConfUtils.java:logGet(43)) - raft.server.log.segment.cache.num.max = 2 (custom)
2019-07-14 16:17:02,122 INFO  server.RaftServerConfigKeys (ConfUtils.java:logGet(43)) - raft.server.log.statemachine.data.sync = true (default)
2019-07-14 16:17:02,122 INFO  segmented.SegmentedRaftLogWorker (SegmentedRaftLogWorker.java:<init>(172)) - new 21cbc6f8-007d-4470-a02c-d552d9e19d37-SegmentedRaftLogWorker:Storage Directory /workdir/hadoop-ozone/integration-test/target/test-dir/MiniOzoneClusterImpl-a8c390b8-4d8e-4c05-bea8-a4587dbfd0c0/datanode-4/data/ratis/fbe8b490-8ed6-42d8-ad1b-8b694e9d6d20 for RaftStorage:Storage Directory /workdir/hadoop-ozone/integration-test/target/test-dir/MiniOzoneClusterImpl-a8c390b8-4d8e-4c05-bea8-a4587dbfd0c0/datanode-4/data/ratis/fbe8b490-8ed6-42d8-ad1b-8b694e9d6d20
2019-07-14 16:17:02,123 INFO  server.RaftServerConfigKeys (ConfUtils.java:logGet(43)) - raft.server.log.statemachine.data.sync.timeout = 10s (default)
2019-07-14 16:17:02,122 INFO  segmented.SegmentedRaftLogWorker (SegmentedRaftLogWorker.java:<init>(172)) - new a355b21c-145f-48fd-8e86-816dcc62e43b-SegmentedRaftLogWorker:Storage Directory /workdir/hadoop-ozone/integration-test/target/test-dir/MiniOzoneClusterImpl-a8c390b8-4d8e-4c05-bea8-a4587dbfd0c0/datanode-5/data/ratis/fbe8b490-8ed6-42d8-ad1b-8b694e9d6d20 for RaftStorage:Storage Directory /workdir/hadoop-ozone/integration-test/target/test-dir/MiniOzoneClusterImpl-a8c390b8-4d8e-4c05-bea8-a4587dbfd0c0/datanode-5/data/ratis/fbe8b490-8ed6-42d8-ad1b-8b694e9d6d20
2019-07-14 16:17:02,123 INFO  server.RaftServerConfigKeys (ConfUtils.java:logGet(43)) - raft.server.log.statemachine.data.sync.timeout.retry = -1 (default)
2019-07-14 16:17:02,123 INFO  server.RaftServerConfigKeys (ConfUtils.java:logGet(43)) - raft.server.log.queue.byte-limit = 2147483647 (custom)
2019-07-14 16:17:02,123 INFO  server.RaftServerConfigKeys (ConfUtils.java:logGet(43)) - raft.server.log.statemachine.data.caching.enabled = true (custom)
2019-07-14 16:17:02,123 INFO  server.RaftServerConfigKeys (ConfUtils.java:logGet(43)) - raft.server.log.queue.byte-limit = 2147483647 (custom)
2019-07-14 16:17:02,123 INFO  server.RaftServerConfigKeys (ConfUtils.java:logGet(43)) - raft.server.log.queue.element-limit = 1024 (custom)
2019-07-14 16:17:02,123 INFO  segmented.SegmentedRaftLogWorker (SegmentedRaftLogWorker.java:lambda$new$0(132)) - 2bb16f2a-bfba-4dc9-b4f3-cbd9fced6e27-SegmentedRaftLogWorker:Storage Directory /workdir/hadoop-ozone/integration-test/target/test-dir/MiniOzoneClusterImpl-a8c390b8-4d8e-4c05-bea8-a4587dbfd0c0/datanode-3/data/ratis/fbe8b490-8ed6-42d8-ad1b-8b694e9d6d20: flushIndex: setUnconditionally 0 -> -1
2019-07-14 16:17:02,123 INFO  server.RaftServerConfigKeys (ConfUtils.java:logGet(43)) - raft.server.log.queue.element-limit = 1024 (custom)
2019-07-14 16:17:02,124 INFO  server.RaftServerConfigKeys (ConfUtils.java:logGet(43)) - raft.server.log.segment.size.max = 1048576 (custom)
2019-07-14 16:17:02,124 INFO  server.RaftServerConfigKeys (ConfUtils.java:logGet(43)) - raft.server.snapshot.auto.trigger.enabled = true (custom)
2019-07-14 16:17:02,124 INFO  server.RaftServerConfigKeys (ConfUtils.java:logGet(43)) - raft.server.log.segment.size.max = 1048576 (custom)
2019-07-14 16:17:02,124 INFO  server.RaftServerConfigKeys (ConfUtils.java:logGet(43)) - raft.server.snapshot.auto.trigger.threshold = 10000 (custom)
2019-07-14 16:17:02,124 INFO  server.RaftServerConfigKeys (ConfUtils.java:logGet(43)) - raft.server.log.preallocated.size = 16384 (custom)
2019-07-14 16:17:02,124 INFO  server.RaftServerConfigKeys (ConfUtils.java:logGet(43)) - raft.server.retrycache.expirytime = 600000ms (custom)
2019-07-14 16:17:02,124 INFO  server.RaftServerConfigKeys (ConfUtils.java:logGet(43)) - raft.server.log.preallocated.size = 16384 (custom)
2019-07-14 16:17:02,125 INFO  impl.RaftServerImpl (RaftServerImpl.java:start(180)) - 2bb16f2a-bfba-4dc9-b4f3-cbd9fced6e27: start group-8B694E9D6D20
2019-07-14 16:17:02,125 INFO  server.RaftServerConfigKeys (ConfUtils.java:logGet(43)) - raft.server.log.write.buffer.size = 33554432 (custom)
2019-07-14 16:17:02,125 INFO  impl.RaftServerImpl (RaftServerImpl.java:setRole(171)) - 2bb16f2a-bfba-4dc9-b4f3-cbd9fced6e27:group-8B694E9D6D20 changes role from null to FOLLOWER at term 0 for startAsFollower
2019-07-14 16:17:02,125 INFO  server.RaftServerConfigKeys (ConfUtils.java:logGet(43)) - raft.server.log.write.buffer.size = 33554432 (custom)
2019-07-14 16:17:02,125 INFO  impl.RoleInfo (RoleInfo.java:updateAndGet(143)) - 2bb16f2a-bfba-4dc9-b4f3-cbd9fced6e27: start FollowerState
2019-07-14 16:17:02,125 INFO  server.RaftServerConfigKeys (ConfUtils.java:logGet(43)) - raft.server.log.force.sync.num = 128 (default)
2019-07-14 16:17:02,125 INFO  server.RaftServerConfigKeys (ConfUtils.java:logGet(43)) - raft.server.log.force.sync.num = 128 (default)
2019-07-14 16:17:02,126 INFO  server.RaftServerConfigKeys (ConfUtils.java:logGet(43)) - raft.server.log.statemachine.data.sync = true (default)
2019-07-14 16:17:02,126 INFO  server.RaftServerConfigKeys (ConfUtils.java:logGet(43)) - raft.server.log.statemachine.data.sync = true (default)
2019-07-14 16:17:02,126 INFO  util.JmxRegister (JmxRegister.java:tryRegister(44)) - Successfully registered JMX Bean with object name Ratis:service=RaftServer,group=group-8B694E9D6D20,id=2bb16f2a-bfba-4dc9-b4f3-cbd9fced6e27
2019-07-14 16:17:02,126 INFO  server.RaftServerConfigKeys (ConfUtils.java:logGet(43)) - raft.server.log.statemachine.data.sync.timeout = 10s (default)
2019-07-14 16:17:02,126 INFO  server.RaftServerConfigKeys (ConfUtils.java:logGet(43)) - raft.server.log.statemachine.data.sync.timeout.retry = -1 (default)
2019-07-14 16:17:02,126 INFO  server.RaftServerConfigKeys (ConfUtils.java:logGet(43)) - raft.server.log.statemachine.data.sync.timeout = 10s (default)
2019-07-14 16:17:02,126 INFO  server.RaftServerConfigKeys (ConfUtils.java:logGet(43)) - raft.server.log.statemachine.data.caching.enabled = true (custom)
2019-07-14 16:17:02,127 INFO  server.RaftServerConfigKeys (ConfUtils.java:logGet(43)) - raft.server.log.statemachine.data.sync.timeout.retry = -1 (default)
2019-07-14 16:17:02,127 INFO  segmented.SegmentedRaftLogWorker (SegmentedRaftLogWorker.java:lambda$new$0(132)) - a355b21c-145f-48fd-8e86-816dcc62e43b-SegmentedRaftLogWorker:Storage Directory /workdir/hadoop-ozone/integration-test/target/test-dir/MiniOzoneClusterImpl-a8c390b8-4d8e-4c05-bea8-a4587dbfd0c0/datanode-5/data/ratis/fbe8b490-8ed6-42d8-ad1b-8b694e9d6d20: flushIndex: setUnconditionally 0 -> -1
2019-07-14 16:17:02,127 INFO  server.RaftServerConfigKeys (ConfUtils.java:logGet(43)) - raft.server.log.statemachine.data.caching.enabled = true (custom)
2019-07-14 16:17:02,132 INFO  segmented.SegmentedRaftLogWorker (SegmentedRaftLogWorker.java:lambda$new$0(132)) - 21cbc6f8-007d-4470-a02c-d552d9e19d37-SegmentedRaftLogWorker:Storage Directory /workdir/hadoop-ozone/integration-test/target/test-dir/MiniOzoneClusterImpl-a8c390b8-4d8e-4c05-bea8-a4587dbfd0c0/datanode-4/data/ratis/fbe8b490-8ed6-42d8-ad1b-8b694e9d6d20: flushIndex: setUnconditionally 0 -> -1
2019-07-14 16:17:02,132 INFO  server.RaftServerConfigKeys (ConfUtils.java:logGet(43)) - raft.server.snapshot.auto.trigger.enabled = true (custom)
2019-07-14 16:17:02,132 INFO  server.RaftServerConfigKeys (ConfUtils.java:logGet(43)) - raft.server.snapshot.auto.trigger.threshold = 10000 (custom)
2019-07-14 16:17:02,132 INFO  server.RaftServerConfigKeys (ConfUtils.java:logGet(43)) - raft.server.snapshot.auto.trigger.enabled = true (custom)
2019-07-14 16:17:02,132 INFO  server.RaftServerConfigKeys (ConfUtils.java:logGet(43)) - raft.server.retrycache.expirytime = 600000ms (custom)
2019-07-14 16:17:02,132 INFO  server.RaftServerConfigKeys (ConfUtils.java:logGet(43)) - raft.server.snapshot.auto.trigger.threshold = 10000 (custom)
2019-07-14 16:17:02,133 INFO  impl.RaftServerImpl (RaftServerImpl.java:start(180)) - a355b21c-145f-48fd-8e86-816dcc62e43b: start group-8B694E9D6D20
2019-07-14 16:17:02,133 INFO  server.RaftServerConfigKeys (ConfUtils.java:logGet(43)) - raft.server.retrycache.expirytime = 600000ms (custom)
2019-07-14 16:17:02,133 INFO  impl.RaftServerImpl (RaftServerImpl.java:setRole(171)) - a355b21c-145f-48fd-8e86-816dcc62e43b:group-8B694E9D6D20 changes role from null to FOLLOWER at term 0 for startAsFollower
2019-07-14 16:17:02,133 INFO  impl.RaftServerImpl (RaftServerImpl.java:start(180)) - 21cbc6f8-007d-4470-a02c-d552d9e19d37: start group-8B694E9D6D20
2019-07-14 16:17:02,133 INFO  impl.RoleInfo (RoleInfo.java:updateAndGet(143)) - a355b21c-145f-48fd-8e86-816dcc62e43b: start FollowerState
2019-07-14 16:17:02,133 INFO  impl.RaftServerImpl (RaftServerImpl.java:setRole(171)) - 21cbc6f8-007d-4470-a02c-d552d9e19d37:group-8B694E9D6D20 changes role from null to FOLLOWER at term 0 for startAsFollower
2019-07-14 16:17:02,133 INFO  impl.RoleInfo (RoleInfo.java:updateAndGet(143)) - 21cbc6f8-007d-4470-a02c-d552d9e19d37: start FollowerState
2019-07-14 16:17:02,133 INFO  util.JmxRegister (JmxRegister.java:tryRegister(44)) - Successfully registered JMX Bean with object name Ratis:service=RaftServer,group=group-8B694E9D6D20,id=a355b21c-145f-48fd-8e86-816dcc62e43b
2019-07-14 16:17:02,134 INFO  util.JmxRegister (JmxRegister.java:tryRegister(44)) - Successfully registered JMX Bean with object name Ratis:service=RaftServer,group=group-8B694E9D6D20,id=21cbc6f8-007d-4470-a02c-d552d9e19d37
2019-07-14 16:17:02,143 INFO  pipeline.PipelineStateManager (PipelineStateManager.java:addPipeline(56)) - Created pipeline Pipeline[ Id: fbe8b490-8ed6-42d8-ad1b-8b694e9d6d20, Nodes: 21cbc6f8-007d-4470-a02c-d552d9e19d37{ip: 192.168.69.77, host: pr-hdds-1710-5x6jb-1204890111, networkLocation: /default-rack, certSerialId: null}2bb16f2a-bfba-4dc9-b4f3-cbd9fced6e27{ip: 192.168.69.77, host: pr-hdds-1710-5x6jb-1204890111, networkLocation: /default-rack, certSerialId: null}a355b21c-145f-48fd-8e86-816dcc62e43b{ip: 192.168.69.77, host: pr-hdds-1710-5x6jb-1204890111, networkLocation: /default-rack, certSerialId: null}, Type:RATIS, Factor:THREE, State:OPEN]
2019-07-14 16:17:02,241 INFO  client.GrpcClientProtocolClient (GrpcClientProtocolClient.java:onNext(255)) - client-5DF97E734295->3ffe8ba0-68ae-4ed4-9d66-ae81756a452a: receive RaftClientReply:client-5DF97E734295->3ffe8ba0-68ae-4ed4-9d66-ae81756a452a@group-A66F450D9D49, cid=65, FAILED org.apache.ratis.protocol.NotLeaderException: Server 3ffe8ba0-68ae-4ed4-9d66-ae81756a452a is not the leader (null). Request must be sent to leader., logIndex=0, commits[3ffe8ba0-68ae-4ed4-9d66-ae81756a452a:c-1]
2019-07-14 16:17:03,284 INFO  client.GrpcClientProtocolClient (GrpcClientProtocolClient.java:onNext(255)) - client-5DF97E734295->9a9be6ef-2406-4fd3-9deb-459573555e59: receive RaftClientReply:client-5DF97E734295->9a9be6ef-2406-4fd3-9deb-459573555e59@group-A66F450D9D49, cid=65, FAILED org.apache.ratis.protocol.NotLeaderException: Server 9a9be6ef-2406-4fd3-9deb-459573555e59 is not the leader (null). Request must be sent to leader., logIndex=0, commits[9a9be6ef-2406-4fd3-9deb-459573555e59:c-1]
2019-07-14 16:17:03,802 INFO  container.ReplicationManager (ReplicationManager.java:start(155)) - Starting Replication Monitor Thread.
2019-07-14 16:17:03,808 INFO  container.ReplicationManager (ReplicationManager.java:run(207)) - Replication Monitor Thread took 0 milliseconds for processing 4 containers.
2019-07-14 16:17:04,323 INFO  client.GrpcClientProtocolClient (GrpcClientProtocolClient.java:onNext(255)) - client-5DF97E734295->974b1e45-f3ab-4dc9-b505-d611fcd8a8c6: receive RaftClientReply:client-5DF97E734295->974b1e45-f3ab-4dc9-b505-d611fcd8a8c6@group-A66F450D9D49, cid=65, FAILED org.apache.ratis.protocol.NotLeaderException: Server 974b1e45-f3ab-4dc9-b505-d611fcd8a8c6 is not the leader (null). Request must be sent to leader., logIndex=0, commits[974b1e45-f3ab-4dc9-b505-d611fcd8a8c6:c-1]
2019-07-14 16:17:05,356 INFO  client.GrpcClientProtocolClient (GrpcClientProtocolClient.java:onNext(255)) - client-5DF97E734295->3ffe8ba0-68ae-4ed4-9d66-ae81756a452a: receive RaftClientReply:client-5DF97E734295->3ffe8ba0-68ae-4ed4-9d66-ae81756a452a@group-A66F450D9D49, cid=65, FAILED org.apache.ratis.protocol.NotLeaderException: Server 3ffe8ba0-68ae-4ed4-9d66-ae81756a452a is not the leader (null). Request must be sent to leader., logIndex=0, commits[3ffe8ba0-68ae-4ed4-9d66-ae81756a452a:c-1]
2019-07-14 16:17:06,050 INFO  impl.FollowerState (FollowerState.java:run(106)) - 3ffe8ba0-68ae-4ed4-9d66-ae81756a452a:group-65DFE0E0D521 changes to CANDIDATE, lastRpcTime:5186, electionTimeout:5186ms
2019-07-14 16:17:06,051 INFO  impl.RoleInfo (RoleInfo.java:shutdownFollowerState(121)) - 3ffe8ba0-68ae-4ed4-9d66-ae81756a452a: shutdown FollowerState
2019-07-14 16:17:06,051 INFO  impl.RaftServerImpl (RaftServerImpl.java:setRole(171)) - 3ffe8ba0-68ae-4ed4-9d66-ae81756a452a:group-65DFE0E0D521 changes role from FOLLOWER to CANDIDATE at term 0 for changeToCandidate
2019-07-14 16:17:06,051 INFO  impl.RoleInfo (RoleInfo.java:updateAndGet(143)) - 3ffe8ba0-68ae-4ed4-9d66-ae81756a452a: start LeaderElection
2019-07-14 16:17:06,080 INFO  impl.LeaderElection (LeaderElection.java:askForVotes(181)) - 3ffe8ba0-68ae-4ed4-9d66-ae81756a452a:group-65DFE0E0D521:LeaderElection34: begin an election at term 1 for -1: [3ffe8ba0-68ae-4ed4-9d66-ae81756a452a:192.168.69.77:44101], old=null
2019-07-14 16:17:06,080 INFO  impl.RoleInfo (RoleInfo.java:shutdownLeaderElection(134)) - 3ffe8ba0-68ae-4ed4-9d66-ae81756a452a: shutdown LeaderElection
2019-07-14 16:17:06,080 INFO  impl.RaftServerImpl (RaftServerImpl.java:setRole(171)) - 3ffe8ba0-68ae-4ed4-9d66-ae81756a452a:group-65DFE0E0D521 changes role from CANDIDATE to LEADER at term 1 for changeToLeader
2019-07-14 16:17:06,081 INFO  impl.RaftServerImpl (ServerState.java:setLeader(263)) - 3ffe8ba0-68ae-4ed4-9d66-ae81756a452a:group-65DFE0E0D521 change Leader from null to 3ffe8ba0-68ae-4ed4-9d66-ae81756a452a at term 1 for becomeLeader, leader elected after 5221ms
2019-07-14 16:17:06,081 INFO  server.RaftServerConfigKeys (ConfUtils.java:logGet(43)) - raft.server.staging.catchup.gap = 1000 (default)
2019-07-14 16:17:06,081 INFO  server.RaftServerConfigKeys (ConfUtils.java:logGet(43)) - raft.server.rpc.sleep.time = 25ms (default)
2019-07-14 16:17:06,081 INFO  server.RaftServerConfigKeys (ConfUtils.java:logGet(43)) - raft.server.write.element-limit = 4096 (default)
2019-07-14 16:17:06,081 INFO  server.RaftServerConfigKeys (ConfUtils.java:logGet(43)) - raft.server.watch.timeout = 10s (default)
2019-07-14 16:17:06,081 INFO  server.RaftServerConfigKeys (ConfUtils.java:logGet(43)) - raft.server.watch.timeout.denomination = 1s (default)
2019-07-14 16:17:06,082 INFO  server.RaftServerConfigKeys (ConfUtils.java:logGet(43)) - raft.server.watch.element-limit = 65536 (default)
2019-07-14 16:17:06,082 INFO  impl.RoleInfo (RoleInfo.java:updateAndGet(143)) - 3ffe8ba0-68ae-4ed4-9d66-ae81756a452a: start LeaderState
2019-07-14 16:17:06,082 INFO  segmented.SegmentedRaftLogWorker (SegmentedRaftLogWorker.java:startLogSegment(380)) - 3ffe8ba0-68ae-4ed4-9d66-ae81756a452a-SegmentedRaftLogWorker:Storage Directory /workdir/hadoop-ozone/integration-test/target/test-dir/MiniOzoneClusterImpl-a8c390b8-4d8e-4c05-bea8-a4587dbfd0c0/datanode-0/data/ratis/1e35c27d-c07f-450d-a785-65dfe0e0d521: Starting segment from index:0
2019-07-14 16:17:06,083 INFO  impl.RaftServerImpl (ServerState.java:setRaftConf(361)) - 3ffe8ba0-68ae-4ed4-9d66-ae81756a452a:group-65DFE0E0D521 set configuration 0: [3ffe8ba0-68ae-4ed4-9d66-ae81756a452a:192.168.69.77:44101], old=null at 0
2019-07-14 16:17:06,113 INFO  segmented.SegmentedRaftLogWorker (SegmentedRaftLogWorker.java:execute(569)) - 3ffe8ba0-68ae-4ed4-9d66-ae81756a452a-SegmentedRaftLogWorker:Storage Directory /workdir/hadoop-ozone/integration-test/target/test-dir/MiniOzoneClusterImpl-a8c390b8-4d8e-4c05-bea8-a4587dbfd0c0/datanode-0/data/ratis/1e35c27d-c07f-450d-a785-65dfe0e0d521: created new log segment /workdir/hadoop-ozone/integration-test/target/test-dir/MiniOzoneClusterImpl-a8c390b8-4d8e-4c05-bea8-a4587dbfd0c0/datanode-0/data/ratis/1e35c27d-c07f-450d-a785-65dfe0e0d521/current/log_inprogress_0
2019-07-14 16:17:06,233 INFO  impl.FollowerState (FollowerState.java:run(106)) - 974b1e45-f3ab-4dc9-b505-d611fcd8a8c6:group-E94B676D1989 changes to CANDIDATE, lastRpcTime:5160, electionTimeout:5160ms
2019-07-14 16:17:06,233 INFO  impl.RoleInfo (RoleInfo.java:shutdownFollowerState(121)) - 974b1e45-f3ab-4dc9-b505-d611fcd8a8c6: shutdown FollowerState
2019-07-14 16:17:06,234 INFO  impl.RaftServerImpl (RaftServerImpl.java:setRole(171)) - 974b1e45-f3ab-4dc9-b505-d611fcd8a8c6:group-E94B676D1989 changes role from FOLLOWER to CANDIDATE at term 0 for changeToCandidate
2019-07-14 16:17:06,234 INFO  impl.RoleInfo (RoleInfo.java:updateAndGet(143)) - 974b1e45-f3ab-4dc9-b505-d611fcd8a8c6: start LeaderElection
2019-07-14 16:17:06,262 INFO  impl.LeaderElection (LeaderElection.java:askForVotes(181)) - 974b1e45-f3ab-4dc9-b505-d611fcd8a8c6:group-E94B676D1989:LeaderElection35: begin an election at term 1 for -1: [974b1e45-f3ab-4dc9-b505-d611fcd8a8c6:192.168.69.77:45362], old=null
2019-07-14 16:17:06,262 INFO  impl.RoleInfo (RoleInfo.java:shutdownLeaderElection(134)) - 974b1e45-f3ab-4dc9-b505-d611fcd8a8c6: shutdown LeaderElection
2019-07-14 16:17:06,262 INFO  impl.RaftServerImpl (RaftServerImpl.java:setRole(171)) - 974b1e45-f3ab-4dc9-b505-d611fcd8a8c6:group-E94B676D1989 changes role from CANDIDATE to LEADER at term 1 for changeToLeader
2019-07-14 16:17:06,262 INFO  impl.RaftServerImpl (ServerState.java:setLeader(263)) - 974b1e45-f3ab-4dc9-b505-d611fcd8a8c6:group-E94B676D1989 change Leader from null to 974b1e45-f3ab-4dc9-b505-d611fcd8a8c6 at term 1 for becomeLeader, leader elected after 5195ms
2019-07-14 16:17:06,263 INFO  server.RaftServerConfigKeys (ConfUtils.java:logGet(43)) - raft.server.staging.catchup.gap = 1000 (default)
2019-07-14 16:17:06,263 INFO  server.RaftServerConfigKeys (ConfUtils.java:logGet(43)) - raft.server.rpc.sleep.time = 25ms (default)
2019-07-14 16:17:06,263 INFO  server.RaftServerConfigKeys (ConfUtils.java:logGet(43)) - raft.server.write.element-limit = 4096 (default)
2019-07-14 16:17:06,263 INFO  server.RaftServerConfigKeys (ConfUtils.java:logGet(43)) - raft.server.watch.timeout = 10s (default)
2019-07-14 16:17:06,263 INFO  server.RaftServerConfigKeys (ConfUtils.java:logGet(43)) - raft.server.watch.timeout.denomination = 1s (default)
2019-07-14 16:17:06,263 INFO  server.RaftServerConfigKeys (ConfUtils.java:logGet(43)) - raft.server.watch.element-limit = 65536 (default)
2019-07-14 16:17:06,264 INFO  impl.RoleInfo (RoleInfo.java:updateAndGet(143)) - 974b1e45-f3ab-4dc9-b505-d611fcd8a8c6: start LeaderState
2019-07-14 16:17:06,264 INFO  segmented.SegmentedRaftLogWorker (SegmentedRaftLogWorker.java:startLogSegment(380)) - 974b1e45-f3ab-4dc9-b505-d611fcd8a8c6-SegmentedRaftLogWorker:Storage Directory /workdir/hadoop-ozone/integration-test/target/test-dir/MiniOzoneClusterImpl-a8c390b8-4d8e-4c05-bea8-a4587dbfd0c0/datanode-1/data/ratis/cbc54cab-ae54-4f49-b469-e94b676d1989: Starting segment from index:0
2019-07-14 16:17:06,265 INFO  impl.RaftServerImpl (ServerState.java:setRaftConf(361)) - 974b1e45-f3ab-4dc9-b505-d611fcd8a8c6:group-E94B676D1989 set configuration 0: [974b1e45-f3ab-4dc9-b505-d611fcd8a8c6:192.168.69.77:45362], old=null at 0
2019-07-14 16:17:06,296 INFO  segmented.SegmentedRaftLogWorker (SegmentedRaftLogWorker.java:execute(569)) - 974b1e45-f3ab-4dc9-b505-d611fcd8a8c6-SegmentedRaftLogWorker:Storage Directory /workdir/hadoop-ozone/integration-test/target/test-dir/MiniOzoneClusterImpl-a8c390b8-4d8e-4c05-bea8-a4587dbfd0c0/datanode-1/data/ratis/cbc54cab-ae54-4f49-b469-e94b676d1989: created new log segment /workdir/hadoop-ozone/integration-test/target/test-dir/MiniOzoneClusterImpl-a8c390b8-4d8e-4c05-bea8-a4587dbfd0c0/datanode-1/data/ratis/cbc54cab-ae54-4f49-b469-e94b676d1989/current/log_inprogress_0
2019-07-14 16:17:06,391 INFO  impl.FollowerState (FollowerState.java:run(106)) - 9a9be6ef-2406-4fd3-9deb-459573555e59:group-9AFC4AD28599 changes to CANDIDATE, lastRpcTime:5054, electionTimeout:5054ms
2019-07-14 16:17:06,391 INFO  impl.RoleInfo (RoleInfo.java:shutdownFollowerState(121)) - 9a9be6ef-2406-4fd3-9deb-459573555e59: shutdown FollowerState
2019-07-14 16:17:06,391 INFO  client.GrpcClientProtocolClient (GrpcClientProtocolClient.java:onNext(255)) - client-5DF97E734295->974b1e45-f3ab-4dc9-b505-d611fcd8a8c6: receive RaftClientReply:client-5DF97E734295->974b1e45-f3ab-4dc9-b505-d611fcd8a8c6@group-A66F450D9D49, cid=65, FAILED org.apache.ratis.protocol.NotLeaderException: Server 974b1e45-f3ab-4dc9-b505-d611fcd8a8c6 is not the leader (null). Request must be sent to leader., logIndex=0, commits[974b1e45-f3ab-4dc9-b505-d611fcd8a8c6:c-1]
2019-07-14 16:17:06,391 INFO  impl.RaftServerImpl (RaftServerImpl.java:setRole(171)) - 9a9be6ef-2406-4fd3-9deb-459573555e59:group-9AFC4AD28599 changes role from FOLLOWER to CANDIDATE at term 0 for changeToCandidate
2019-07-14 16:17:06,396 INFO  impl.RoleInfo (RoleInfo.java:updateAndGet(143)) - 9a9be6ef-2406-4fd3-9deb-459573555e59: start LeaderElection
2019-07-14 16:17:06,425 WARN  io.KeyOutputStream (KeyOutputStream.java:handleException(276)) - Encountered exception java.io.IOException: Unexpected Storage Container Exception: java.util.concurrent.CompletionException: java.util.concurrent.CompletionException: org.apache.ratis.protocol.RaftRetryFailureException: Failed RaftClientRequest:client-5DF97E734295->974b1e45-f3ab-4dc9-b505-d611fcd8a8c6@group-A66F450D9D49, cid=65, seq=1*, RW, org.apache.hadoop.hdds.scm.XceiverClientRatis$$Lambda$309/805530136@7591203d for 5 attempts with RetryLimited(maxAttempts=5, sleepTime=1000ms) on the pipeline Pipeline[ Id: 201b202a-9297-41ad-a01e-a66f450d9d49, Nodes: 3ffe8ba0-68ae-4ed4-9d66-ae81756a452a{ip: 192.168.69.77, host: pr-hdds-1710-5x6jb-1204890111, networkLocation: /default-rack, certSerialId: null}9a9be6ef-2406-4fd3-9deb-459573555e59{ip: 192.168.69.77, host: pr-hdds-1710-5x6jb-1204890111, networkLocation: /default-rack, certSerialId: null}974b1e45-f3ab-4dc9-b505-d611fcd8a8c6{ip: 192.168.69.77, host: pr-hdds-1710-5x6jb-1204890111, networkLocation: /default-rack, certSerialId: null}, Type:RATIS, Factor:THREE, State:OPEN]. The last committed block length is 0, uncommitted data length is 2097152 retry count 0
2019-07-14 16:17:06,447 INFO  impl.LeaderElection (LeaderElection.java:askForVotes(181)) - 9a9be6ef-2406-4fd3-9deb-459573555e59:group-9AFC4AD28599:LeaderElection36: begin an election at term 1 for -1: [9a9be6ef-2406-4fd3-9deb-459573555e59:192.168.69.77:33979], old=null
2019-07-14 16:17:06,447 INFO  impl.RoleInfo (RoleInfo.java:shutdownLeaderElection(134)) - 9a9be6ef-2406-4fd3-9deb-459573555e59: shutdown LeaderElection
2019-07-14 16:17:06,451 INFO  impl.RaftServerImpl (RaftServerImpl.java:setRole(171)) - 9a9be6ef-2406-4fd3-9deb-459573555e59:group-9AFC4AD28599 changes role from CANDIDATE to LEADER at term 1 for changeToLeader
2019-07-14 16:17:06,451 INFO  impl.RaftServerImpl (ServerState.java:setLeader(263)) - 9a9be6ef-2406-4fd3-9deb-459573555e59:group-9AFC4AD28599 change Leader from null to 9a9be6ef-2406-4fd3-9deb-459573555e59 at term 1 for becomeLeader, leader elected after 5119ms
2019-07-14 16:17:06,451 INFO  server.RaftServerConfigKeys (ConfUtils.java:logGet(43)) - raft.server.staging.catchup.gap = 1000 (default)
2019-07-14 16:17:06,451 INFO  server.RaftServerConfigKeys (ConfUtils.java:logGet(43)) - raft.server.rpc.sleep.time = 25ms (default)
2019-07-14 16:17:06,451 INFO  server.RaftServerConfigKeys (ConfUtils.java:logGet(43)) - raft.server.write.element-limit = 4096 (default)
2019-07-14 16:17:06,452 INFO  server.RaftServerConfigKeys (ConfUtils.java:logGet(43)) - raft.server.watch.timeout = 10s (default)
2019-07-14 16:17:06,452 INFO  server.RaftServerConfigKeys (ConfUtils.java:logGet(43)) - raft.server.watch.timeout.denomination = 1s (default)
2019-07-14 16:17:06,452 INFO  server.RaftServerConfigKeys (ConfUtils.java:logGet(43)) - raft.server.watch.element-limit = 65536 (default)
2019-07-14 16:17:06,452 INFO  impl.RoleInfo (RoleInfo.java:updateAndGet(143)) - 9a9be6ef-2406-4fd3-9deb-459573555e59: start LeaderState
2019-07-14 16:17:06,452 INFO  segmented.SegmentedRaftLogWorker (SegmentedRaftLogWorker.java:startLogSegment(380)) - 9a9be6ef-2406-4fd3-9deb-459573555e59-SegmentedRaftLogWorker:Storage Directory /workdir/hadoop-ozone/integration-test/target/test-dir/MiniOzoneClusterImpl-a8c390b8-4d8e-4c05-bea8-a4587dbfd0c0/datanode-2/data/ratis/ab53ebdb-255d-4a6e-a7d9-9afc4ad28599: Starting segment from index:0
2019-07-14 16:17:06,453 INFO  impl.RaftServerImpl (ServerState.java:setRaftConf(361)) - 9a9be6ef-2406-4fd3-9deb-459573555e59:group-9AFC4AD28599 set configuration 0: [9a9be6ef-2406-4fd3-9deb-459573555e59:192.168.69.77:33979], old=null at 0
2019-07-14 16:17:06,487 INFO  segmented.SegmentedRaftLogWorker (SegmentedRaftLogWorker.java:execute(569)) - 9a9be6ef-2406-4fd3-9deb-459573555e59-SegmentedRaftLogWorker:Storage Directory /workdir/hadoop-ozone/integration-test/target/test-dir/MiniOzoneClusterImpl-a8c390b8-4d8e-4c05-bea8-a4587dbfd0c0/datanode-2/data/ratis/ab53ebdb-255d-4a6e-a7d9-9afc4ad28599: created new log segment /workdir/hadoop-ozone/integration-test/target/test-dir/MiniOzoneClusterImpl-a8c390b8-4d8e-4c05-bea8-a4587dbfd0c0/datanode-2/data/ratis/ab53ebdb-255d-4a6e-a7d9-9afc4ad28599/current/log_inprogress_0
2019-07-14 16:17:06,488 INFO  client.GrpcClientProtocolClient (GrpcClientProtocolClient.java:onNext(255)) - client-2EA4BC663921->21cbc6f8-007d-4470-a02c-d552d9e19d37: receive RaftClientReply:client-2EA4BC663921->21cbc6f8-007d-4470-a02c-d552d9e19d37@group-8B694E9D6D20, cid=69, FAILED org.apache.ratis.protocol.NotLeaderException: Server 21cbc6f8-007d-4470-a02c-d552d9e19d37 is not the leader (null). Request must be sent to leader., logIndex=0, commits[21cbc6f8-007d-4470-a02c-d552d9e19d37:c-1]
2019-07-14 16:17:06,531 INFO  impl.FollowerState (FollowerState.java:run(106)) - 9a9be6ef-2406-4fd3-9deb-459573555e59:group-A66F450D9D49 changes to CANDIDATE, lastRpcTime:5126, electionTimeout:5126ms
2019-07-14 16:17:06,531 INFO  impl.RoleInfo (RoleInfo.java:shutdownFollowerState(121)) - 9a9be6ef-2406-4fd3-9deb-459573555e59: shutdown FollowerState
2019-07-14 16:17:06,531 INFO  impl.RaftServerImpl (RaftServerImpl.java:setRole(171)) - 9a9be6ef-2406-4fd3-9deb-459573555e59:group-A66F450D9D49 changes role from FOLLOWER to CANDIDATE at term 0 for changeToCandidate
2019-07-14 16:17:06,531 INFO  impl.RoleInfo (RoleInfo.java:updateAndGet(143)) - 9a9be6ef-2406-4fd3-9deb-459573555e59: start LeaderElection
2019-07-14 16:17:06,540 INFO  impl.FollowerState (FollowerState.java:run(106)) - 3ffe8ba0-68ae-4ed4-9d66-ae81756a452a:group-A66F450D9D49 changes to CANDIDATE, lastRpcTime:5141, electionTimeout:5135ms
2019-07-14 16:17:06,540 INFO  impl.FollowerState (FollowerState.java:run(106)) - 974b1e45-f3ab-4dc9-b505-d611fcd8a8c6:group-A66F450D9D49 changes to CANDIDATE, lastRpcTime:5144, electionTimeout:5142ms
2019-07-14 16:17:06,540 INFO  impl.RoleInfo (RoleInfo.java:shutdownFollowerState(121)) - 3ffe8ba0-68ae-4ed4-9d66-ae81756a452a: shutdown FollowerState
2019-07-14 16:17:06,540 INFO  impl.RoleInfo (RoleInfo.java:shutdownFollowerState(121)) - 974b1e45-f3ab-4dc9-b505-d611fcd8a8c6: shutdown FollowerState
2019-07-14 16:17:06,540 INFO  impl.RaftServerImpl (RaftServerImpl.java:setRole(171)) - 3ffe8ba0-68ae-4ed4-9d66-ae81756a452a:group-A66F450D9D49 changes role from FOLLOWER to CANDIDATE at term 0 for changeToCandidate
2019-07-14 16:17:06,541 INFO  impl.RaftServerImpl (RaftServerImpl.java:setRole(171)) - 974b1e45-f3ab-4dc9-b505-d611fcd8a8c6:group-A66F450D9D49 changes role from FOLLOWER to CANDIDATE at term 0 for changeToCandidate
2019-07-14 16:17:06,541 INFO  impl.RoleInfo (RoleInfo.java:updateAndGet(143)) - 3ffe8ba0-68ae-4ed4-9d66-ae81756a452a: start LeaderElection
2019-07-14 16:17:06,541 INFO  impl.RoleInfo (RoleInfo.java:updateAndGet(143)) - 974b1e45-f3ab-4dc9-b505-d611fcd8a8c6: start LeaderElection
2019-07-14 16:17:06,554 INFO  impl.LeaderElection (LeaderElection.java:askForVotes(181)) - 9a9be6ef-2406-4fd3-9deb-459573555e59:group-A66F450D9D49:LeaderElection37: begin an election at term 1 for -1: [3ffe8ba0-68ae-4ed4-9d66-ae81756a452a:192.168.69.77:44101, 9a9be6ef-2406-4fd3-9deb-459573555e59:192.168.69.77:33979, 974b1e45-f3ab-4dc9-b505-d611fcd8a8c6:192.168.69.77:45362], old=null
2019-07-14 16:17:06,557 INFO  impl.LeaderElection (LeaderElection.java:askForVotes(181)) - 974b1e45-f3ab-4dc9-b505-d611fcd8a8c6:group-A66F450D9D49:LeaderElection39: begin an election at term 1 for -1: [3ffe8ba0-68ae-4ed4-9d66-ae81756a452a:192.168.69.77:44101, 9a9be6ef-2406-4fd3-9deb-459573555e59:192.168.69.77:33979, 974b1e45-f3ab-4dc9-b505-d611fcd8a8c6:192.168.69.77:45362], old=null
2019-07-14 16:17:06,557 INFO  impl.LeaderElection (LeaderElection.java:askForVotes(181)) - 3ffe8ba0-68ae-4ed4-9d66-ae81756a452a:group-A66F450D9D49:LeaderElection38: begin an election at term 1 for -1: [3ffe8ba0-68ae-4ed4-9d66-ae81756a452a:192.168.69.77:44101, 9a9be6ef-2406-4fd3-9deb-459573555e59:192.168.69.77:33979, 974b1e45-f3ab-4dc9-b505-d611fcd8a8c6:192.168.69.77:45362], old=null
2019-07-14 16:17:06,583 INFO  impl.LeaderElection (LeaderElection.java:logAndReturn(56)) - 9a9be6ef-2406-4fd3-9deb-459573555e59:group-A66F450D9D49:LeaderElection37: Election REJECTED; received 2 response(s) [9a9be6ef-2406-4fd3-9deb-459573555e59<-3ffe8ba0-68ae-4ed4-9d66-ae81756a452a#0:FAIL-t1, 9a9be6ef-2406-4fd3-9deb-459573555e59<-974b1e45-f3ab-4dc9-b505-d611fcd8a8c6#0:FAIL-t1] and 0 exception(s); 9a9be6ef-2406-4fd3-9deb-459573555e59:t1, leader=null, voted=9a9be6ef-2406-4fd3-9deb-459573555e59, raftlog=9a9be6ef-2406-4fd3-9deb-459573555e59-SegmentedRaftLog:OPENED:c-1,f-1,i0, conf=-1: [3ffe8ba0-68ae-4ed4-9d66-ae81756a452a:192.168.69.77:44101, 9a9be6ef-2406-4fd3-9deb-459573555e59:192.168.69.77:33979, 974b1e45-f3ab-4dc9-b505-d611fcd8a8c6:192.168.69.77:45362], old=null
2019-07-14 16:17:06,584 INFO  impl.RaftServerImpl (RaftServerImpl.java:setRole(171)) - 9a9be6ef-2406-4fd3-9deb-459573555e59:group-A66F450D9D49 changes role from CANDIDATE to FOLLOWER at term 1 for DISCOVERED_A_NEW_TERM
2019-07-14 16:17:06,584 INFO  impl.RoleInfo (RoleInfo.java:shutdownLeaderElection(134)) - 9a9be6ef-2406-4fd3-9deb-459573555e59: shutdown LeaderElection
2019-07-14 16:17:06,584 INFO  impl.RoleInfo (RoleInfo.java:updateAndGet(143)) - 9a9be6ef-2406-4fd3-9deb-459573555e59: start FollowerState
2019-07-14 16:17:06,590 INFO  impl.LeaderElection (LeaderElection.java:logAndReturn(56)) - 3ffe8ba0-68ae-4ed4-9d66-ae81756a452a:group-A66F450D9D49:LeaderElection38: Election REJECTED; received 2 response(s) [3ffe8ba0-68ae-4ed4-9d66-ae81756a452a<-974b1e45-f3ab-4dc9-b505-d611fcd8a8c6#0:FAIL-t1, 3ffe8ba0-68ae-4ed4-9d66-ae81756a452a<-9a9be6ef-2406-4fd3-9deb-459573555e59#0:FAIL-t1] and 0 exception(s); 3ffe8ba0-68ae-4ed4-9d66-ae81756a452a:t1, leader=null, voted=3ffe8ba0-68ae-4ed4-9d66-ae81756a452a, raftlog=3ffe8ba0-68ae-4ed4-9d66-ae81756a452a-SegmentedRaftLog:OPENED:c-1,f-1,i0, conf=-1: [3ffe8ba0-68ae-4ed4-9d66-ae81756a452a:192.168.69.77:44101, 9a9be6ef-2406-4fd3-9deb-459573555e59:192.168.69.77:33979, 974b1e45-f3ab-4dc9-b505-d611fcd8a8c6:192.168.69.77:45362], old=null
2019-07-14 16:17:06,593 INFO  impl.RaftServerImpl (RaftServerImpl.java:setRole(171)) - 3ffe8ba0-68ae-4ed4-9d66-ae81756a452a:group-A66F450D9D49 changes role from CANDIDATE to FOLLOWER at term 1 for DISCOVERED_A_NEW_TERM
2019-07-14 16:17:06,594 INFO  impl.RoleInfo (RoleInfo.java:shutdownLeaderElection(134)) - 3ffe8ba0-68ae-4ed4-9d66-ae81756a452a: shutdown LeaderElection
2019-07-14 16:17:06,594 INFO  impl.RoleInfo (RoleInfo.java:updateAndGet(143)) - 3ffe8ba0-68ae-4ed4-9d66-ae81756a452a: start FollowerState
2019-07-14 16:17:06,594 INFO  impl.LeaderElection (LeaderElection.java:logAndReturn(56)) - 974b1e45-f3ab-4dc9-b505-d611fcd8a8c6:group-A66F450D9D49:LeaderElection39: Election REJECTED; received 2 response(s) [974b1e45-f3ab-4dc9-b505-d611fcd8a8c6<-9a9be6ef-2406-4fd3-9deb-459573555e59#0:FAIL-t1, 974b1e45-f3ab-4dc9-b505-d611fcd8a8c6<-3ffe8ba0-68ae-4ed4-9d66-ae81756a452a#0:FAIL-t1] and 0 exception(s); 974b1e45-f3ab-4dc9-b505-d611fcd8a8c6:t1, leader=null, voted=974b1e45-f3ab-4dc9-b505-d611fcd8a8c6, raftlog=974b1e45-f3ab-4dc9-b505-d611fcd8a8c6-SegmentedRaftLog:OPENED:c-1,f-1,i0, conf=-1: [3ffe8ba0-68ae-4ed4-9d66-ae81756a452a:192.168.69.77:44101, 9a9be6ef-2406-4fd3-9deb-459573555e59:192.168.69.77:33979, 974b1e45-f3ab-4dc9-b505-d611fcd8a8c6:192.168.69.77:45362], old=null
2019-07-14 16:17:06,594 INFO  impl.RaftServerImpl (RaftServerImpl.java:setRole(171)) - 974b1e45-f3ab-4dc9-b505-d611fcd8a8c6:group-A66F450D9D49 changes role from CANDIDATE to FOLLOWER at term 1 for DISCOVERED_A_NEW_TERM
2019-07-14 16:17:06,594 INFO  impl.RoleInfo (RoleInfo.java:shutdownLeaderElection(134)) - 974b1e45-f3ab-4dc9-b505-d611fcd8a8c6: shutdown LeaderElection
2019-07-14 16:17:06,594 INFO  impl.RoleInfo (RoleInfo.java:updateAndGet(143)) - 974b1e45-f3ab-4dc9-b505-d611fcd8a8c6: start FollowerState
2019-07-14 16:17:06,652 INFO  impl.FollowerState (FollowerState.java:run(106)) - 2bb16f2a-bfba-4dc9-b4f3-cbd9fced6e27:group-E6B74CF1E4FB changes to CANDIDATE, lastRpcTime:5089, electionTimeout:5089ms
2019-07-14 16:17:06,652 INFO  impl.RoleInfo (RoleInfo.java:shutdownFollowerState(121)) - 2bb16f2a-bfba-4dc9-b4f3-cbd9fced6e27: shutdown FollowerState
2019-07-14 16:17:06,652 INFO  impl.RaftServerImpl (RaftServerImpl.java:setRole(171)) - 2bb16f2a-bfba-4dc9-b4f3-cbd9fced6e27:group-E6B74CF1E4FB changes role from FOLLOWER to CANDIDATE at term 0 for changeToCandidate
2019-07-14 16:17:06,652 INFO  impl.RoleInfo (RoleInfo.java:updateAndGet(143)) - 2bb16f2a-bfba-4dc9-b4f3-cbd9fced6e27: start LeaderElection
2019-07-14 16:17:06,676 INFO  impl.LeaderElection (LeaderElection.java:askForVotes(181)) - 2bb16f2a-bfba-4dc9-b4f3-cbd9fced6e27:group-E6B74CF1E4FB:LeaderElection40: begin an election at term 1 for -1: [2bb16f2a-bfba-4dc9-b4f3-cbd9fced6e27:192.168.69.77:43817], old=null
2019-07-14 16:17:06,676 INFO  impl.RoleInfo (RoleInfo.java:shutdownLeaderElection(134)) - 2bb16f2a-bfba-4dc9-b4f3-cbd9fced6e27: shutdown LeaderElection
2019-07-14 16:17:06,676 INFO  impl.RaftServerImpl (RaftServerImpl.java:setRole(171)) - 2bb16f2a-bfba-4dc9-b4f3-cbd9fced6e27:group-E6B74CF1E4FB changes role from CANDIDATE to LEADER at term 1 for changeToLeader
2019-07-14 16:17:06,676 INFO  impl.RaftServerImpl (ServerState.java:setLeader(263)) - 2bb16f2a-bfba-4dc9-b4f3-cbd9fced6e27:group-E6B74CF1E4FB change Leader from null to 2bb16f2a-bfba-4dc9-b4f3-cbd9fced6e27 at term 1 for becomeLeader, leader elected after 5118ms
2019-07-14 16:17:06,676 INFO  server.RaftServerConfigKeys (ConfUtils.java:logGet(43)) - raft.server.staging.catchup.gap = 1000 (default)
2019-07-14 16:17:06,676 INFO  server.RaftServerConfigKeys (ConfUtils.java:logGet(43)) - raft.server.rpc.sleep.time = 25ms (default)
2019-07-14 16:17:06,677 INFO  server.RaftServerConfigKeys (ConfUtils.java:logGet(43)) - raft.server.write.element-limit = 4096 (default)
2019-07-14 16:17:06,677 INFO  server.RaftServerConfigKeys (ConfUtils.java:logGet(43)) - raft.server.watch.timeout = 10s (default)
2019-07-14 16:17:06,677 INFO  server.RaftServerConfigKeys (ConfUtils.java:logGet(43)) - raft.server.watch.timeout.denomination = 1s (default)
2019-07-14 16:17:06,677 INFO  server.RaftServerConfigKeys (ConfUtils.java:logGet(43)) - raft.server.watch.element-limit = 65536 (default)
2019-07-14 16:17:06,678 INFO  impl.RoleInfo (RoleInfo.java:updateAndGet(143)) - 2bb16f2a-bfba-4dc9-b4f3-cbd9fced6e27: start LeaderState
2019-07-14 16:17:06,678 INFO  segmented.SegmentedRaftLogWorker (SegmentedRaftLogWorker.java:startLogSegment(380)) - 2bb16f2a-bfba-4dc9-b4f3-cbd9fced6e27-SegmentedRaftLogWorker:Storage Directory /workdir/hadoop-ozone/integration-test/target/test-dir/MiniOzoneClusterImpl-a8c390b8-4d8e-4c05-bea8-a4587dbfd0c0/datanode-3/data/ratis/351da16b-7a7e-489e-b79a-e6b74cf1e4fb: Starting segment from index:0
2019-07-14 16:17:06,678 INFO  impl.RaftServerImpl (ServerState.java:setRaftConf(361)) - 2bb16f2a-bfba-4dc9-b4f3-cbd9fced6e27:group-E6B74CF1E4FB set configuration 0: [2bb16f2a-bfba-4dc9-b4f3-cbd9fced6e27:192.168.69.77:43817], old=null at 0
2019-07-14 16:17:06,705 INFO  segmented.SegmentedRaftLogWorker (SegmentedRaftLogWorker.java:execute(569)) - 2bb16f2a-bfba-4dc9-b4f3-cbd9fced6e27-SegmentedRaftLogWorker:Storage Directory /workdir/hadoop-ozone/integration-test/target/test-dir/MiniOzoneClusterImpl-a8c390b8-4d8e-4c05-bea8-a4587dbfd0c0/datanode-3/data/ratis/351da16b-7a7e-489e-b79a-e6b74cf1e4fb: created new log segment /workdir/hadoop-ozone/integration-test/target/test-dir/MiniOzoneClusterImpl-a8c390b8-4d8e-4c05-bea8-a4587dbfd0c0/datanode-3/data/ratis/351da16b-7a7e-489e-b79a-e6b74cf1e4fb/current/log_inprogress_0
2019-07-14 16:17:06,910 INFO  impl.FollowerState (FollowerState.java:run(106)) - 21cbc6f8-007d-4470-a02c-d552d9e19d37:group-D2315F428D99 changes to CANDIDATE, lastRpcTime:5177, electionTimeout:5177ms
2019-07-14 16:17:06,910 INFO  impl.RoleInfo (RoleInfo.java:shutdownFollowerState(121)) - 21cbc6f8-007d-4470-a02c-d552d9e19d37: shutdown FollowerState
2019-07-14 16:17:06,910 INFO  impl.RaftServerImpl (RaftServerImpl.java:setRole(171)) - 21cbc6f8-007d-4470-a02c-d552d9e19d37:group-D2315F428D99 changes role from FOLLOWER to CANDIDATE at term 0 for changeToCandidate
2019-07-14 16:17:06,910 INFO  impl.RoleInfo (RoleInfo.java:updateAndGet(143)) - 21cbc6f8-007d-4470-a02c-d552d9e19d37: start LeaderElection
2019-07-14 16:17:06,940 INFO  impl.LeaderElection (LeaderElection.java:askForVotes(181)) - 21cbc6f8-007d-4470-a02c-d552d9e19d37:group-D2315F428D99:LeaderElection41: begin an election at term 1 for -1: [21cbc6f8-007d-4470-a02c-d552d9e19d37:192.168.69.77:32863], old=null
2019-07-14 16:17:06,940 INFO  impl.RoleInfo (RoleInfo.java:shutdownLeaderElection(134)) - 21cbc6f8-007d-4470-a02c-d552d9e19d37: shutdown LeaderElection
2019-07-14 16:17:06,940 INFO  impl.RaftServerImpl (RaftServerImpl.java:setRole(171)) - 21cbc6f8-007d-4470-a02c-d552d9e19d37:group-D2315F428D99 changes role from CANDIDATE to LEADER at term 1 for changeToLeader
2019-07-14 16:17:06,940 INFO  impl.RaftServerImpl (ServerState.java:setLeader(263)) - 21cbc6f8-007d-4470-a02c-d552d9e19d37:group-D2315F428D99 change Leader from null to 21cbc6f8-007d-4470-a02c-d552d9e19d37 at term 1 for becomeLeader, leader elected after 5212ms
2019-07-14 16:17:06,940 INFO  server.RaftServerConfigKeys (ConfUtils.java:logGet(43)) - raft.server.staging.catchup.gap = 1000 (default)
2019-07-14 16:17:06,941 INFO  server.RaftServerConfigKeys (ConfUtils.java:logGet(43)) - raft.server.rpc.sleep.time = 25ms (default)
2019-07-14 16:17:06,941 INFO  server.RaftServerConfigKeys (ConfUtils.java:logGet(43)) - raft.server.write.element-limit = 4096 (default)
2019-07-14 16:17:06,941 INFO  server.RaftServerConfigKeys (ConfUtils.java:logGet(43)) - raft.server.watch.timeout = 10s (default)
2019-07-14 16:17:06,941 INFO  server.RaftServerConfigKeys (ConfUtils.java:logGet(43)) - raft.server.watch.timeout.denomination = 1s (default)
2019-07-14 16:17:06,941 INFO  server.RaftServerConfigKeys (ConfUtils.java:logGet(43)) - raft.server.watch.element-limit = 65536 (default)
2019-07-14 16:17:06,942 INFO  impl.RoleInfo (RoleInfo.java:updateAndGet(143)) - 21cbc6f8-007d-4470-a02c-d552d9e19d37: start LeaderState
2019-07-14 16:17:06,942 INFO  segmented.SegmentedRaftLogWorker (SegmentedRaftLogWorker.java:startLogSegment(380)) - 21cbc6f8-007d-4470-a02c-d552d9e19d37-SegmentedRaftLogWorker:Storage Directory /workdir/hadoop-ozone/integration-test/target/test-dir/MiniOzoneClusterImpl-a8c390b8-4d8e-4c05-bea8-a4587dbfd0c0/datanode-4/data/ratis/be880b0c-210d-4b13-b6fe-d2315f428d99: Starting segment from index:0
2019-07-14 16:17:06,943 INFO  impl.RaftServerImpl (ServerState.java:setRaftConf(361)) - 21cbc6f8-007d-4470-a02c-d552d9e19d37:group-D2315F428D99 set configuration 0: [21cbc6f8-007d-4470-a02c-d552d9e19d37:192.168.69.77:32863], old=null at 0
2019-07-14 16:17:06,974 INFO  segmented.SegmentedRaftLogWorker (SegmentedRaftLogWorker.java:execute(569)) - 21cbc6f8-007d-4470-a02c-d552d9e19d37-SegmentedRaftLogWorker:Storage Directory /workdir/hadoop-ozone/integration-test/target/test-dir/MiniOzoneClusterImpl-a8c390b8-4d8e-4c05-bea8-a4587dbfd0c0/datanode-4/data/ratis/be880b0c-210d-4b13-b6fe-d2315f428d99: created new log segment /workdir/hadoop-ozone/integration-test/target/test-dir/MiniOzoneClusterImpl-a8c390b8-4d8e-4c05-bea8-a4587dbfd0c0/datanode-4/data/ratis/be880b0c-210d-4b13-b6fe-d2315f428d99/current/log_inprogress_0
2019-07-14 16:17:07,107 INFO  impl.FollowerState (FollowerState.java:run(106)) - a355b21c-145f-48fd-8e86-816dcc62e43b:group-354F409165A4 changes to CANDIDATE, lastRpcTime:5054, electionTimeout:5054ms
2019-07-14 16:17:07,107 INFO  impl.RoleInfo (RoleInfo.java:shutdownFollowerState(121)) - a355b21c-145f-48fd-8e86-816dcc62e43b: shutdown FollowerState
2019-07-14 16:17:07,108 INFO  impl.RaftServerImpl (RaftServerImpl.java:setRole(171)) - a355b21c-145f-48fd-8e86-816dcc62e43b:group-354F409165A4 changes role from FOLLOWER to CANDIDATE at term 0 for changeToCandidate
2019-07-14 16:17:07,108 INFO  impl.RoleInfo (RoleInfo.java:updateAndGet(143)) - a355b21c-145f-48fd-8e86-816dcc62e43b: start LeaderElection
2019-07-14 16:17:07,142 INFO  impl.LeaderElection (LeaderElection.java:askForVotes(181)) - a355b21c-145f-48fd-8e86-816dcc62e43b:group-354F409165A4:LeaderElection42: begin an election at term 1 for -1: [a355b21c-145f-48fd-8e86-816dcc62e43b:192.168.69.77:39335], old=null
2019-07-14 16:17:07,142 INFO  impl.RoleInfo (RoleInfo.java:shutdownLeaderElection(134)) - a355b21c-145f-48fd-8e86-816dcc62e43b: shutdown LeaderElection
2019-07-14 16:17:07,142 INFO  impl.RaftServerImpl (RaftServerImpl.java:setRole(171)) - a355b21c-145f-48fd-8e86-816dcc62e43b:group-354F409165A4 changes role from CANDIDATE to LEADER at term 1 for changeToLeader
2019-07-14 16:17:07,142 INFO  impl.RaftServerImpl (ServerState.java:setLeader(263)) - a355b21c-145f-48fd-8e86-816dcc62e43b:group-354F409165A4 change Leader from null to a355b21c-145f-48fd-8e86-816dcc62e43b at term 1 for becomeLeader, leader elected after 5096ms
2019-07-14 16:17:07,143 INFO  server.RaftServerConfigKeys (ConfUtils.java:logGet(43)) - raft.server.staging.catchup.gap = 1000 (default)
2019-07-14 16:17:07,143 INFO  server.RaftServerConfigKeys (ConfUtils.java:logGet(43)) - raft.server.rpc.sleep.time = 25ms (default)
2019-07-14 16:17:07,143 INFO  server.RaftServerConfigKeys (ConfUtils.java:logGet(43)) - raft.server.write.element-limit = 4096 (default)
2019-07-14 16:17:07,143 INFO  server.RaftServerConfigKeys (ConfUtils.java:logGet(43)) - raft.server.watch.timeout = 10s (default)
2019-07-14 16:17:07,144 INFO  server.RaftServerConfigKeys (ConfUtils.java:logGet(43)) - raft.server.watch.timeout.denomination = 1s (default)
2019-07-14 16:17:07,144 INFO  server.RaftServerConfigKeys (ConfUtils.java:logGet(43)) - raft.server.watch.element-limit = 65536 (default)
2019-07-14 16:17:07,144 INFO  impl.RoleInfo (RoleInfo.java:updateAndGet(143)) - a355b21c-145f-48fd-8e86-816dcc62e43b: start LeaderState
2019-07-14 16:17:07,144 INFO  segmented.SegmentedRaftLogWorker (SegmentedRaftLogWorker.java:startLogSegment(380)) - a355b21c-145f-48fd-8e86-816dcc62e43b-SegmentedRaftLogWorker:Storage Directory /workdir/hadoop-ozone/integration-test/target/test-dir/MiniOzoneClusterImpl-a8c390b8-4d8e-4c05-bea8-a4587dbfd0c0/datanode-5/data/ratis/6ba9b7d3-2f4a-4733-9b53-354f409165a4: Starting segment from index:0
2019-07-14 16:17:07,145 INFO  impl.RaftServerImpl (ServerState.java:setRaftConf(361)) - a355b21c-145f-48fd-8e86-816dcc62e43b:group-354F409165A4 set configuration 0: [a355b21c-145f-48fd-8e86-816dcc62e43b:192.168.69.77:39335], old=null at 0
2019-07-14 16:17:07,176 INFO  segmented.SegmentedRaftLogWorker (SegmentedRaftLogWorker.java:execute(569)) - a355b21c-145f-48fd-8e86-816dcc62e43b-SegmentedRaftLogWorker:Storage Directory /workdir/hadoop-ozone/integration-test/target/test-dir/MiniOzoneClusterImpl-a8c390b8-4d8e-4c05-bea8-a4587dbfd0c0/datanode-5/data/ratis/6ba9b7d3-2f4a-4733-9b53-354f409165a4: created new log segment /workdir/hadoop-ozone/integration-test/target/test-dir/MiniOzoneClusterImpl-a8c390b8-4d8e-4c05-bea8-a4587dbfd0c0/datanode-5/data/ratis/6ba9b7d3-2f4a-4733-9b53-354f409165a4/current/log_inprogress_0
2019-07-14 16:17:07,204 INFO  impl.FollowerState (FollowerState.java:run(106)) - a355b21c-145f-48fd-8e86-816dcc62e43b:group-8B694E9D6D20 changes to CANDIDATE, lastRpcTime:5070, electionTimeout:5070ms
2019-07-14 16:17:07,204 INFO  impl.RoleInfo (RoleInfo.java:shutdownFollowerState(121)) - a355b21c-145f-48fd-8e86-816dcc62e43b: shutdown FollowerState
2019-07-14 16:17:07,204 INFO  impl.RaftServerImpl (RaftServerImpl.java:setRole(171)) - a355b21c-145f-48fd-8e86-816dcc62e43b:group-8B694E9D6D20 changes role from FOLLOWER to CANDIDATE at term 0 for changeToCandidate
2019-07-14 16:17:07,204 INFO  impl.RoleInfo (RoleInfo.java:updateAndGet(143)) - a355b21c-145f-48fd-8e86-816dcc62e43b: start LeaderElection
2019-07-14 16:17:07,228 INFO  impl.LeaderElection (LeaderElection.java:askForVotes(181)) - a355b21c-145f-48fd-8e86-816dcc62e43b:group-8B694E9D6D20:LeaderElection43: begin an election at term 1 for -1: [21cbc6f8-007d-4470-a02c-d552d9e19d37:192.168.69.77:32863, 2bb16f2a-bfba-4dc9-b4f3-cbd9fced6e27:192.168.69.77:43817, a355b21c-145f-48fd-8e86-816dcc62e43b:192.168.69.77:39335], old=null
2019-07-14 16:17:07,235 INFO  impl.RaftServerImpl (RaftServerImpl.java:setRole(171)) - 21cbc6f8-007d-4470-a02c-d552d9e19d37:group-8B694E9D6D20 changes role from FOLLOWER to FOLLOWER at term 1 for recognizeCandidate:a355b21c-145f-48fd-8e86-816dcc62e43b
2019-07-14 16:17:07,240 INFO  impl.RaftServerImpl (RaftServerImpl.java:setRole(171)) - 2bb16f2a-bfba-4dc9-b4f3-cbd9fced6e27:group-8B694E9D6D20 changes role from FOLLOWER to FOLLOWER at term 1 for recognizeCandidate:a355b21c-145f-48fd-8e86-816dcc62e43b
2019-07-14 16:17:07,240 INFO  impl.RoleInfo (RoleInfo.java:shutdownFollowerState(121)) - 21cbc6f8-007d-4470-a02c-d552d9e19d37: shutdown FollowerState
2019-07-14 16:17:07,240 INFO  impl.RoleInfo (RoleInfo.java:shutdownFollowerState(121)) - 2bb16f2a-bfba-4dc9-b4f3-cbd9fced6e27: shutdown FollowerState
2019-07-14 16:17:07,240 INFO  impl.FollowerState (FollowerState.java:run(114)) - 21cbc6f8-007d-4470-a02c-d552d9e19d37: FollowerState was interrupted: java.lang.InterruptedException: sleep interrupted
2019-07-14 16:17:07,240 INFO  impl.RoleInfo (RoleInfo.java:updateAndGet(143)) - 2bb16f2a-bfba-4dc9-b4f3-cbd9fced6e27: start FollowerState
2019-07-14 16:17:07,240 INFO  impl.RoleInfo (RoleInfo.java:updateAndGet(143)) - 21cbc6f8-007d-4470-a02c-d552d9e19d37: start FollowerState
2019-07-14 16:17:07,240 INFO  impl.FollowerState (FollowerState.java:run(114)) - 2bb16f2a-bfba-4dc9-b4f3-cbd9fced6e27: FollowerState was interrupted: java.lang.InterruptedException: sleep interrupted
2019-07-14 16:17:07,267 INFO  impl.LeaderElection (LeaderElection.java:logAndReturn(56)) - a355b21c-145f-48fd-8e86-816dcc62e43b:group-8B694E9D6D20:LeaderElection43: Election PASSED; received 1 response(s) [a355b21c-145f-48fd-8e86-816dcc62e43b<-2bb16f2a-bfba-4dc9-b4f3-cbd9fced6e27#0:OK-t1] and 0 exception(s); a355b21c-145f-48fd-8e86-816dcc62e43b:t1, leader=null, voted=a355b21c-145f-48fd-8e86-816dcc62e43b, raftlog=a355b21c-145f-48fd-8e86-816dcc62e43b-SegmentedRaftLog:OPENED:c-1,f-1,i0, conf=-1: [21cbc6f8-007d-4470-a02c-d552d9e19d37:192.168.69.77:32863, 2bb16f2a-bfba-4dc9-b4f3-cbd9fced6e27:192.168.69.77:43817, a355b21c-145f-48fd-8e86-816dcc62e43b:192.168.69.77:39335], old=null
2019-07-14 16:17:07,267 INFO  impl.RoleInfo (RoleInfo.java:shutdownLeaderElection(134)) - a355b21c-145f-48fd-8e86-816dcc62e43b: shutdown LeaderElection
2019-07-14 16:17:07,268 INFO  impl.RaftServerImpl (RaftServerImpl.java:setRole(171)) - a355b21c-145f-48fd-8e86-816dcc62e43b:group-8B694E9D6D20 changes role from CANDIDATE to LEADER at term 1 for changeToLeader
2019-07-14 16:17:07,268 INFO  impl.RaftServerImpl (ServerState.java:setLeader(263)) - a355b21c-145f-48fd-8e86-816dcc62e43b:group-8B694E9D6D20 change Leader from null to a355b21c-145f-48fd-8e86-816dcc62e43b at term 1 for becomeLeader, leader elected after 5148ms
2019-07-14 16:17:07,268 INFO  server.RaftServerConfigKeys (ConfUtils.java:logGet(43)) - raft.server.staging.catchup.gap = 1000 (default)
2019-07-14 16:17:07,268 INFO  server.RaftServerConfigKeys (ConfUtils.java:logGet(43)) - raft.server.rpc.sleep.time = 25ms (default)
2019-07-14 16:17:07,268 INFO  server.RaftServerConfigKeys (ConfUtils.java:logGet(43)) - raft.server.write.element-limit = 4096 (default)
2019-07-14 16:17:07,268 INFO  server.RaftServerConfigKeys (ConfUtils.java:logGet(43)) - raft.server.watch.timeout = 10s (default)
2019-07-14 16:17:07,269 INFO  server.RaftServerConfigKeys (ConfUtils.java:logGet(43)) - raft.server.watch.timeout.denomination = 1s (default)
2019-07-14 16:17:07,269 INFO  server.RaftServerConfigKeys (ConfUtils.java:logGet(43)) - raft.server.watch.element-limit = 65536 (default)
2019-07-14 16:17:07,269 INFO  server.RaftServerConfigKeys (ConfUtils.java:logGet(43)) - raft.server.log.appender.snapshot.chunk.size.max = 16MB (=16777216) (default)
2019-07-14 16:17:07,269 INFO  server.RaftServerConfigKeys (ConfUtils.java:logGet(43)) - raft.server.log.appender.buffer.byte-limit = 33554432 (custom)
2019-07-14 16:17:07,270 INFO  server.RaftServerConfigKeys (ConfUtils.java:logGet(43)) - raft.server.log.appender.buffer.element-limit = 1 (custom)
2019-07-14 16:17:07,270 INFO  grpc.GrpcConfigKeys$Server (ConfUtils.java:logGet(43)) - raft.grpc.server.leader.outstanding.appends.max = 128 (default)
2019-07-14 16:17:07,270 INFO  server.RaftServerConfigKeys (ConfUtils.java:logGet(43)) - raft.server.rpc.request.timeout = 3000ms (default)
2019-07-14 16:17:07,270 INFO  server.RaftServerConfigKeys (ConfUtils.java:logGet(43)) - raft.server.log.appender.install.snapshot.enabled = false (custom)
2019-07-14 16:17:07,271 INFO  server.RaftServerConfigKeys (ConfUtils.java:logGet(43)) - raft.server.log.appender.snapshot.chunk.size.max = 16MB (=16777216) (default)
2019-07-14 16:17:07,271 INFO  server.RaftServerConfigKeys (ConfUtils.java:logGet(43)) - raft.server.log.appender.buffer.byte-limit = 33554432 (custom)
2019-07-14 16:17:07,271 INFO  server.RaftServerConfigKeys (ConfUtils.java:logGet(43)) - raft.server.log.appender.buffer.element-limit = 1 (custom)
2019-07-14 16:17:07,271 INFO  grpc.GrpcConfigKeys$Server (ConfUtils.java:logGet(43)) - raft.grpc.server.leader.outstanding.appends.max = 128 (default)
2019-07-14 16:17:07,272 INFO  server.RaftServerConfigKeys (ConfUtils.java:logGet(43)) - raft.server.rpc.request.timeout = 3000ms (default)
2019-07-14 16:17:07,272 INFO  server.RaftServerConfigKeys (ConfUtils.java:logGet(43)) - raft.server.log.appender.install.snapshot.enabled = false (custom)
2019-07-14 16:17:07,272 INFO  impl.RoleInfo (RoleInfo.java:updateAndGet(143)) - a355b21c-145f-48fd-8e86-816dcc62e43b: start LeaderState
2019-07-14 16:17:07,273 INFO  segmented.SegmentedRaftLogWorker (SegmentedRaftLogWorker.java:startLogSegment(380)) - a355b21c-145f-48fd-8e86-816dcc62e43b-SegmentedRaftLogWorker:Storage Directory /workdir/hadoop-ozone/integration-test/target/test-dir/MiniOzoneClusterImpl-a8c390b8-4d8e-4c05-bea8-a4587dbfd0c0/datanode-5/data/ratis/fbe8b490-8ed6-42d8-ad1b-8b694e9d6d20: Starting segment from index:0
2019-07-14 16:17:07,274 INFO  impl.RaftServerImpl (ServerState.java:setRaftConf(361)) - a355b21c-145f-48fd-8e86-816dcc62e43b:group-8B694E9D6D20 set configuration 0: [21cbc6f8-007d-4470-a02c-d552d9e19d37:192.168.69.77:32863, 2bb16f2a-bfba-4dc9-b4f3-cbd9fced6e27:192.168.69.77:43817, a355b21c-145f-48fd-8e86-816dcc62e43b:192.168.69.77:39335], old=null at 0
2019-07-14 16:17:07,275 INFO  impl.RaftServerImpl (ServerState.java:setLeader(263)) - 21cbc6f8-007d-4470-a02c-d552d9e19d37:group-8B694E9D6D20 change Leader from null to a355b21c-145f-48fd-8e86-816dcc62e43b at term 1 for appendEntries, leader elected after 5156ms
2019-07-14 16:17:07,275 INFO  impl.RaftServerImpl (ServerState.java:setLeader(263)) - 2bb16f2a-bfba-4dc9-b4f3-cbd9fced6e27:group-8B694E9D6D20 change Leader from null to a355b21c-145f-48fd-8e86-816dcc62e43b at term 1 for appendEntries, leader elected after 5156ms
2019-07-14 16:17:07,305 INFO  impl.RaftServerImpl (ServerState.java:setRaftConf(361)) - 21cbc6f8-007d-4470-a02c-d552d9e19d37:group-8B694E9D6D20 set configuration 0: [21cbc6f8-007d-4470-a02c-d552d9e19d37:192.168.69.77:32863, 2bb16f2a-bfba-4dc9-b4f3-cbd9fced6e27:192.168.69.77:43817, a355b21c-145f-48fd-8e86-816dcc62e43b:192.168.69.77:39335], old=null at 0
2019-07-14 16:17:07,305 INFO  impl.RaftServerImpl (ServerState.java:setRaftConf(361)) - 2bb16f2a-bfba-4dc9-b4f3-cbd9fced6e27:group-8B694E9D6D20 set configuration 0: [21cbc6f8-007d-4470-a02c-d552d9e19d37:192.168.69.77:32863, 2bb16f2a-bfba-4dc9-b4f3-cbd9fced6e27:192.168.69.77:43817, a355b21c-145f-48fd-8e86-816dcc62e43b:192.168.69.77:39335], old=null at 0
2019-07-14 16:17:07,305 INFO  segmented.SegmentedRaftLogWorker (SegmentedRaftLogWorker.java:startLogSegment(380)) - 21cbc6f8-007d-4470-a02c-d552d9e19d37-SegmentedRaftLogWorker:Storage Directory /workdir/hadoop-ozone/integration-test/target/test-dir/MiniOzoneClusterImpl-a8c390b8-4d8e-4c05-bea8-a4587dbfd0c0/datanode-4/data/ratis/fbe8b490-8ed6-42d8-ad1b-8b694e9d6d20: Starting segment from index:0
2019-07-14 16:17:07,306 INFO  segmented.SegmentedRaftLogWorker (SegmentedRaftLogWorker.java:startLogSegment(380)) - 2bb16f2a-bfba-4dc9-b4f3-cbd9fced6e27-SegmentedRaftLogWorker:Storage Directory /workdir/hadoop-ozone/integration-test/target/test-dir/MiniOzoneClusterImpl-a8c390b8-4d8e-4c05-bea8-a4587dbfd0c0/datanode-3/data/ratis/fbe8b490-8ed6-42d8-ad1b-8b694e9d6d20: Starting segment from index:0
2019-07-14 16:17:07,319 INFO  segmented.SegmentedRaftLogWorker (SegmentedRaftLogWorker.java:execute(569)) - a355b21c-145f-48fd-8e86-816dcc62e43b-SegmentedRaftLogWorker:Storage Directory /workdir/hadoop-ozone/integration-test/target/test-dir/MiniOzoneClusterImpl-a8c390b8-4d8e-4c05-bea8-a4587dbfd0c0/datanode-5/data/ratis/fbe8b490-8ed6-42d8-ad1b-8b694e9d6d20: created new log segment /workdir/hadoop-ozone/integration-test/target/test-dir/MiniOzoneClusterImpl-a8c390b8-4d8e-4c05-bea8-a4587dbfd0c0/datanode-5/data/ratis/fbe8b490-8ed6-42d8-ad1b-8b694e9d6d20/current/log_inprogress_0
2019-07-14 16:17:07,333 INFO  segmented.SegmentedRaftLogWorker (SegmentedRaftLogWorker.java:execute(569)) - 2bb16f2a-bfba-4dc9-b4f3-cbd9fced6e27-SegmentedRaftLogWorker:Storage Directory /workdir/hadoop-ozone/integration-test/target/test-dir/MiniOzoneClusterImpl-a8c390b8-4d8e-4c05-bea8-a4587dbfd0c0/datanode-3/data/ratis/fbe8b490-8ed6-42d8-ad1b-8b694e9d6d20: created new log segment /workdir/hadoop-ozone/integration-test/target/test-dir/MiniOzoneClusterImpl-a8c390b8-4d8e-4c05-bea8-a4587dbfd0c0/datanode-3/data/ratis/fbe8b490-8ed6-42d8-ad1b-8b694e9d6d20/current/log_inprogress_0
2019-07-14 16:17:07,333 INFO  segmented.SegmentedRaftLogWorker (SegmentedRaftLogWorker.java:execute(569)) - 21cbc6f8-007d-4470-a02c-d552d9e19d37-SegmentedRaftLogWorker:Storage Directory /workdir/hadoop-ozone/integration-test/target/test-dir/MiniOzoneClusterImpl-a8c390b8-4d8e-4c05-bea8-a4587dbfd0c0/datanode-4/data/ratis/fbe8b490-8ed6-42d8-ad1b-8b694e9d6d20: created new log segment /workdir/hadoop-ozone/integration-test/target/test-dir/MiniOzoneClusterImpl-a8c390b8-4d8e-4c05-bea8-a4587dbfd0c0/datanode-4/data/ratis/fbe8b490-8ed6-42d8-ad1b-8b694e9d6d20/current/log_inprogress_0
2019-07-14 16:17:07,689 INFO  client.GrpcClientProtocolClient (GrpcClientProtocolClient.java:onNext(255)) - client-2EA4BC663921->a355b21c-145f-48fd-8e86-816dcc62e43b: receive RaftClientReply:client-2EA4BC663921->a355b21c-145f-48fd-8e86-816dcc62e43b@group-8B694E9D6D20, cid=69, SUCCESS, logIndex=1, commits[a355b21c-145f-48fd-8e86-816dcc62e43b:c1, 21cbc6f8-007d-4470-a02c-d552d9e19d37:c0, 2bb16f2a-bfba-4dc9-b4f3-cbd9fced6e27:c0]
2019-07-14 16:17:07,779 INFO  client.GrpcClientProtocolClient (GrpcClientProtocolClient.java:onNext(255)) - client-2EA4BC663921->a355b21c-145f-48fd-8e86-816dcc62e43b: receive RaftClientReply:client-2EA4BC663921->a355b21c-145f-48fd-8e86-816dcc62e43b@group-8B694E9D6D20, cid=70, SUCCESS, logIndex=3, commits[a355b21c-145f-48fd-8e86-816dcc62e43b:c8, 21cbc6f8-007d-4470-a02c-d552d9e19d37:c5, 2bb16f2a-bfba-4dc9-b4f3-cbd9fced6e27:c5]
2019-07-14 16:17:07,780 INFO  client.GrpcClientProtocolClient (GrpcClientProtocolClient.java:onNext(255)) - client-2EA4BC663921->a355b21c-145f-48fd-8e86-816dcc62e43b: receive RaftClientReply:client-2EA4BC663921->a355b21c-145f-48fd-8e86-816dcc62e43b@group-8B694E9D6D20, cid=71, SUCCESS, logIndex=4, commits[a355b21c-145f-48fd-8e86-816dcc62e43b:c8, 21cbc6f8-007d-4470-a02c-d552d9e19d37:c5, 2bb16f2a-bfba-4dc9-b4f3-cbd9fced6e27:c5]
2019-07-14 16:17:07,864 INFO  client.GrpcClientProtocolClient (GrpcClientProtocolClient.java:onNext(255)) - client-2EA4BC663921->a355b21c-145f-48fd-8e86-816dcc62e43b: receive RaftClientReply:client-2EA4BC663921->a355b21c-145f-48fd-8e86-816dcc62e43b@group-8B694E9D6D20, cid=72, SUCCESS, logIndex=5, commits[a355b21c-145f-48fd-8e86-816dcc62e43b:c8, 21cbc6f8-007d-4470-a02c-d552d9e19d37:c5, 2bb16f2a-bfba-4dc9-b4f3-cbd9fced6e27:c5]
2019-07-14 16:17:07,909 INFO  client.GrpcClientProtocolClient (GrpcClientProtocolClient.java:onNext(255)) - client-2EA4BC663921->a355b21c-145f-48fd-8e86-816dcc62e43b: receive RaftClientReply:client-2EA4BC663921->a355b21c-145f-48fd-8e86-816dcc62e43b@group-8B694E9D6D20, cid=73, SUCCESS, logIndex=9, commits[a355b21c-145f-48fd-8e86-816dcc62e43b:c10, 21cbc6f8-007d-4470-a02c-d552d9e19d37:c8, 2bb16f2a-bfba-4dc9-b4f3-cbd9fced6e27:c8]
2019-07-14 16:17:07,910 INFO  client.GrpcClientProtocolClient (GrpcClientProtocolClient.java:onNext(255)) - client-2EA4BC663921->a355b21c-145f-48fd-8e86-816dcc62e43b: receive RaftClientReply:client-2EA4BC663921->a355b21c-145f-48fd-8e86-816dcc62e43b@group-8B694E9D6D20, cid=74, SUCCESS, logIndex=10, commits[a355b21c-145f-48fd-8e86-816dcc62e43b:c12, 21cbc6f8-007d-4470-a02c-d552d9e19d37:c8, 2bb16f2a-bfba-4dc9-b4f3-cbd9fced6e27:c8]
2019-07-14 16:17:07,910 INFO  client.GrpcClientProtocolClient (GrpcClientProtocolClient.java:onNext(255)) - client-2EA4BC663921->a355b21c-145f-48fd-8e86-816dcc62e43b: receive RaftClientReply:client-2EA4BC663921->a355b21c-145f-48fd-8e86-816dcc62e43b@group-8B694E9D6D20, cid=75, SUCCESS, logIndex=11, commits[a355b21c-145f-48fd-8e86-816dcc62e43b:c12, 21cbc6f8-007d-4470-a02c-d552d9e19d37:c8, 2bb16f2a-bfba-4dc9-b4f3-cbd9fced6e27:c10]
2019-07-14 16:17:07,910 INFO  client.GrpcClientProtocolClient (GrpcClientProtocolClient.java:onNext(255)) - client-2EA4BC663921->a355b21c-145f-48fd-8e86-816dcc62e43b: receive RaftClientReply:client-2EA4BC663921->a355b21c-145f-48fd-8e86-816dcc62e43b@group-8B694E9D6D20, cid=76, SUCCESS, logIndex=12, commits[a355b21c-145f-48fd-8e86-816dcc62e43b:c13, 21cbc6f8-007d-4470-a02c-d552d9e19d37:c8, 2bb16f2a-bfba-4dc9-b4f3-cbd9fced6e27:c10]
2019-07-14 16:17:07,923 INFO  client.GrpcClientProtocolClient (GrpcClientProtocolClient.java:onNext(255)) - client-2EA4BC663921->a355b21c-145f-48fd-8e86-816dcc62e43b: receive RaftClientReply:client-2EA4BC663921->a355b21c-145f-48fd-8e86-816dcc62e43b@group-8B694E9D6D20, cid=77, SUCCESS, logIndex=0, commits[a355b21c-145f-48fd-8e86-816dcc62e43b:c13, 21cbc6f8-007d-4470-a02c-d552d9e19d37:c10, 2bb16f2a-bfba-4dc9-b4f3-cbd9fced6e27:c10]
2019-07-14 16:17:07,947 INFO  client.GrpcClientProtocolClient (GrpcClientProtocolClient.java:onNext(255)) - client-2EA4BC663921->a355b21c-145f-48fd-8e86-816dcc62e43b: receive RaftClientReply:client-2EA4BC663921->a355b21c-145f-48fd-8e86-816dcc62e43b@group-8B694E9D6D20, cid=78, SUCCESS, logIndex=0, commits[a355b21c-145f-48fd-8e86-816dcc62e43b:c15, 21cbc6f8-007d-4470-a02c-d552d9e19d37:c12, 2bb16f2a-bfba-4dc9-b4f3-cbd9fced6e27:c12]
]]></system-out>
    <system-err><![CDATA[Jul 14, 2019 4:16:56 PM com.sun.jersey.server.impl.application.WebApplicationImpl _initiate
INFO: Initiating Jersey application, version 'Jersey: 1.19 02/11/2015 03:25 AM'
Jul 14, 2019 4:16:56 PM com.sun.jersey.server.impl.application.WebApplicationImpl _initiate
INFO: Initiating Jersey application, version 'Jersey: 1.19 02/11/2015 03:25 AM'
Jul 14, 2019 4:16:57 PM com.sun.jersey.server.impl.application.WebApplicationImpl _initiate
INFO: Initiating Jersey application, version 'Jersey: 1.19 02/11/2015 03:25 AM'
Jul 14, 2019 4:16:57 PM com.sun.jersey.server.impl.application.WebApplicationImpl _initiate
INFO: Initiating Jersey application, version 'Jersey: 1.19 02/11/2015 03:25 AM'
Jul 14, 2019 4:16:57 PM com.sun.jersey.server.impl.application.WebApplicationImpl _initiate
INFO: Initiating Jersey application, version 'Jersey: 1.19 02/11/2015 03:25 AM'
Jul 14, 2019 4:16:57 PM com.sun.jersey.server.impl.application.WebApplicationImpl _initiate
INFO: Initiating Jersey application, version 'Jersey: 1.19 02/11/2015 03:25 AM'
]]></system-err>
  </testcase>
  <testcase name="testBlockWritesWithDnFailures" classname="org.apache.hadoop.ozone.client.rpc.TestFailureHandlingByClient" time="29.088">
    <error type="java.lang.IllegalArgumentException">java.lang.IllegalArgumentException
	at com.google.common.base.Preconditions.checkArgument(Preconditions.java:72)
	at org.apache.hadoop.hdds.scm.XceiverClientManager.acquireClient(XceiverClientManager.java:150)
	at org.apache.hadoop.hdds.scm.XceiverClientManager.acquireClientForReadData(XceiverClientManager.java:143)
	at org.apache.hadoop.hdds.scm.storage.BlockInputStream.getChunkInfos(BlockInputStream.java:154)
	at org.apache.hadoop.hdds.scm.storage.BlockInputStream.initialize(BlockInputStream.java:118)
	at org.apache.hadoop.hdds.scm.storage.BlockInputStream.read(BlockInputStream.java:222)
	at org.apache.hadoop.ozone.client.io.KeyInputStream.read(KeyInputStream.java:171)
	at org.apache.hadoop.ozone.client.io.OzoneInputStream.read(OzoneInputStream.java:47)
	at java.io.InputStream.read(InputStream.java:101)
	at org.apache.hadoop.ozone.container.ContainerTestHelper.validateData(ContainerTestHelper.java:709)
	at org.apache.hadoop.ozone.client.rpc.TestFailureHandlingByClient.validateData(TestFailureHandlingByClient.java:497)
	at org.apache.hadoop.ozone.client.rpc.TestFailureHandlingByClient.testBlockWritesWithDnFailures(TestFailureHandlingByClient.java:155)
	at sun.reflect.NativeMethodAccessorImpl.invoke0(Native Method)
	at sun.reflect.NativeMethodAccessorImpl.invoke(NativeMethodAccessorImpl.java:62)
	at sun.reflect.DelegatingMethodAccessorImpl.invoke(DelegatingMethodAccessorImpl.java:43)
	at java.lang.reflect.Method.invoke(Method.java:498)
	at org.junit.runners.model.FrameworkMethod$1.runReflectiveCall(FrameworkMethod.java:47)
	at org.junit.internal.runners.model.ReflectiveCallable.run(ReflectiveCallable.java:12)
	at org.junit.runners.model.FrameworkMethod.invokeExplosively(FrameworkMethod.java:44)
	at org.junit.internal.runners.statements.InvokeMethod.evaluate(InvokeMethod.java:17)
	at org.junit.runners.ParentRunner.runLeaf(ParentRunner.java:271)
	at org.junit.runners.BlockJUnit4ClassRunner.runChild(BlockJUnit4ClassRunner.java:70)
	at org.junit.runners.BlockJUnit4ClassRunner.runChild(BlockJUnit4ClassRunner.java:50)
	at org.junit.runners.ParentRunner$3.run(ParentRunner.java:238)
	at org.junit.runners.ParentRunner$1.schedule(ParentRunner.java:63)
	at org.junit.runners.ParentRunner.runChildren(ParentRunner.java:236)
	at org.junit.runners.ParentRunner.access$000(ParentRunner.java:53)
	at org.junit.runners.ParentRunner$2.evaluate(ParentRunner.java:229)
	at org.junit.runners.ParentRunner.run(ParentRunner.java:309)
	at org.apache.maven.surefire.junit4.JUnit4Provider.execute(JUnit4Provider.java:365)
	at org.apache.maven.surefire.junit4.JUnit4Provider.executeWithRerun(JUnit4Provider.java:273)
	at org.apache.maven.surefire.junit4.JUnit4Provider.executeTestSet(JUnit4Provider.java:238)
	at org.apache.maven.surefire.junit4.JUnit4Provider.invoke(JUnit4Provider.java:159)
	at org.apache.maven.surefire.booter.ForkedBooter.invokeProviderInSameClassLoader(ForkedBooter.java:384)
	at org.apache.maven.surefire.booter.ForkedBooter.runSuitesInProcess(ForkedBooter.java:345)
	at org.apache.maven.surefire.booter.ForkedBooter.execute(ForkedBooter.java:126)
	at org.apache.maven.surefire.booter.ForkedBooter.main(ForkedBooter.java:418)
</error>
    <system-out><![CDATA[2019-07-14 16:17:07,962 INFO  keyvalue.KeyValueHandler (ContainerUtils.java:logAndReturnError(146)) - Operation: CreateContainer : Trace ID: ed299922b55ec22b:ed299922b55ec22b:0:0 : Message: Container creation failed, due to disk out of space : Result: DISK_OUT_OF_SPACE
16:17:07.962 [pool-571-thread-13] ERROR DNAudit - user=null | ip=null | op=WRITE_CHUNK {blockData=conID: 5 locID: 102440699687796752 bcsId: 0} | ret=FAILURE
org.apache.hadoop.hdds.scm.container.common.helpers.StorageContainerException: ContainerID 5 creation failed
	at org.apache.hadoop.ozone.container.common.impl.HddsDispatcher.dispatchRequest(HddsDispatcher.java:227) ~[hadoop-hdds-container-service-0.5.0-SNAPSHOT.jar:?]
	at org.apache.hadoop.ozone.container.common.impl.HddsDispatcher.dispatch(HddsDispatcher.java:148) ~[hadoop-hdds-container-service-0.5.0-SNAPSHOT.jar:?]
	at org.apache.hadoop.ozone.container.common.transport.server.ratis.ContainerStateMachine.dispatchCommand(ContainerStateMachine.java:357) ~[hadoop-hdds-container-service-0.5.0-SNAPSHOT.jar:?]
	at org.apache.hadoop.ozone.container.common.transport.server.ratis.ContainerStateMachine.runCommand(ContainerStateMachine.java:364) ~[hadoop-hdds-container-service-0.5.0-SNAPSHOT.jar:?]
	at org.apache.hadoop.ozone.container.common.transport.server.ratis.ContainerStateMachine.lambda$handleWriteChunk$0(ContainerStateMachine.java:395) ~[hadoop-hdds-container-service-0.5.0-SNAPSHOT.jar:?]
	at java.util.concurrent.CompletableFuture$AsyncSupply.run(CompletableFuture.java:1590) [?:1.8.0_212]
	at java.util.concurrent.ThreadPoolExecutor.runWorker(ThreadPoolExecutor.java:1149) [?:1.8.0_212]
	at java.util.concurrent.ThreadPoolExecutor$Worker.run(ThreadPoolExecutor.java:624) [?:1.8.0_212]
	at java.lang.Thread.run(Thread.java:748) [?:1.8.0_212]
2019-07-14 16:17:07,963 INFO  impl.HddsDispatcher (ContainerUtils.java:logAndReturnError(146)) - Operation: WriteChunk : Trace ID: ed299922b55ec22b:ed299922b55ec22b:0:0 : Message: ContainerID 5 creation failed : Result: DISK_OUT_OF_SPACE
2019-07-14 16:17:08,067 INFO  keyvalue.KeyValueHandler (ContainerUtils.java:logAndReturnError(146)) - Operation: CreateContainer : Trace ID: ed299922b55ec22b:ed299922b55ec22b:0:0 : Message: Container creation failed, due to disk out of space : Result: DISK_OUT_OF_SPACE
16:17:08.073 [pool-529-thread-5] ERROR DNAudit - user=null | ip=null | op=WRITE_CHUNK {blockData=conID: 5 locID: 102440699687796752 bcsId: 0} | ret=FAILURE
org.apache.hadoop.hdds.scm.container.common.helpers.StorageContainerException: ContainerID 5 creation failed
	at org.apache.hadoop.ozone.container.common.impl.HddsDispatcher.dispatchRequest(HddsDispatcher.java:227) ~[hadoop-hdds-container-service-0.5.0-SNAPSHOT.jar:?]
	at org.apache.hadoop.ozone.container.common.impl.HddsDispatcher.dispatch(HddsDispatcher.java:148) ~[hadoop-hdds-container-service-0.5.0-SNAPSHOT.jar:?]
	at org.apache.hadoop.ozone.container.common.transport.server.ratis.ContainerStateMachine.dispatchCommand(ContainerStateMachine.java:357) ~[hadoop-hdds-container-service-0.5.0-SNAPSHOT.jar:?]
	at org.apache.hadoop.ozone.container.common.transport.server.ratis.ContainerStateMachine.runCommand(ContainerStateMachine.java:364) ~[hadoop-hdds-container-service-0.5.0-SNAPSHOT.jar:?]
	at org.apache.hadoop.ozone.container.common.transport.server.ratis.ContainerStateMachine.lambda$handleWriteChunk$0(ContainerStateMachine.java:395) ~[hadoop-hdds-container-service-0.5.0-SNAPSHOT.jar:?]
	at java.util.concurrent.CompletableFuture$AsyncSupply.run(CompletableFuture.java:1590) [?:1.8.0_212]
	at java.util.concurrent.ThreadPoolExecutor.runWorker(ThreadPoolExecutor.java:1149) [?:1.8.0_212]
	at java.util.concurrent.ThreadPoolExecutor$Worker.run(ThreadPoolExecutor.java:624) [?:1.8.0_212]
	at java.lang.Thread.run(Thread.java:748) [?:1.8.0_212]
2019-07-14 16:17:08,073 INFO  keyvalue.KeyValueHandler (ContainerUtils.java:logAndReturnError(146)) - Operation: CreateContainer : Trace ID: ed299922b55ec22b:ed299922b55ec22b:0:0 : Message: Container creation failed, due to disk out of space : Result: DISK_OUT_OF_SPACE
2019-07-14 16:17:08,073 INFO  impl.HddsDispatcher (ContainerUtils.java:logAndReturnError(146)) - Operation: WriteChunk : Trace ID: ed299922b55ec22b:ed299922b55ec22b:0:0 : Message: ContainerID 5 creation failed : Result: DISK_OUT_OF_SPACE
16:17:08.077 [pool-550-thread-5] ERROR DNAudit - user=null | ip=null | op=WRITE_CHUNK {blockData=conID: 5 locID: 102440699687796752 bcsId: 0} | ret=FAILURE
org.apache.hadoop.hdds.scm.container.common.helpers.StorageContainerException: ContainerID 5 creation failed
	at org.apache.hadoop.ozone.container.common.impl.HddsDispatcher.dispatchRequest(HddsDispatcher.java:227) ~[hadoop-hdds-container-service-0.5.0-SNAPSHOT.jar:?]
	at org.apache.hadoop.ozone.container.common.impl.HddsDispatcher.dispatch(HddsDispatcher.java:148) ~[hadoop-hdds-container-service-0.5.0-SNAPSHOT.jar:?]
	at org.apache.hadoop.ozone.container.common.transport.server.ratis.ContainerStateMachine.dispatchCommand(ContainerStateMachine.java:357) ~[hadoop-hdds-container-service-0.5.0-SNAPSHOT.jar:?]
	at org.apache.hadoop.ozone.container.common.transport.server.ratis.ContainerStateMachine.runCommand(ContainerStateMachine.java:364) ~[hadoop-hdds-container-service-0.5.0-SNAPSHOT.jar:?]
	at org.apache.hadoop.ozone.container.common.transport.server.ratis.ContainerStateMachine.lambda$handleWriteChunk$0(ContainerStateMachine.java:395) ~[hadoop-hdds-container-service-0.5.0-SNAPSHOT.jar:?]
	at java.util.concurrent.CompletableFuture$AsyncSupply.run(CompletableFuture.java:1590) [?:1.8.0_212]
	at java.util.concurrent.ThreadPoolExecutor.runWorker(ThreadPoolExecutor.java:1149) [?:1.8.0_212]
	at java.util.concurrent.ThreadPoolExecutor$Worker.run(ThreadPoolExecutor.java:624) [?:1.8.0_212]
	at java.lang.Thread.run(Thread.java:748) [?:1.8.0_212]
2019-07-14 16:17:08,077 INFO  impl.HddsDispatcher (ContainerUtils.java:logAndReturnError(146)) - Operation: WriteChunk : Trace ID: ed299922b55ec22b:ed299922b55ec22b:0:0 : Message: ContainerID 5 creation failed : Result: DISK_OUT_OF_SPACE
16:17:08.180 [pool-577-thread-1] ERROR DNAudit - user=null | ip=null | op=WRITE_CHUNK {blockData=conID: 5 locID: 102440699687796752 bcsId: 0} | ret=FAILURE
org.apache.hadoop.hdds.scm.container.common.helpers.StorageContainerException: ContainerID 5 does not exist
	at org.apache.hadoop.ozone.container.common.impl.HddsDispatcher.dispatchRequest(HddsDispatcher.java:242) ~[hadoop-hdds-container-service-0.5.0-SNAPSHOT.jar:?]
	at org.apache.hadoop.ozone.container.common.impl.HddsDispatcher.dispatch(HddsDispatcher.java:148) ~[hadoop-hdds-container-service-0.5.0-SNAPSHOT.jar:?]
	at org.apache.hadoop.ozone.container.common.transport.server.ratis.ContainerStateMachine.dispatchCommand(ContainerStateMachine.java:357) ~[hadoop-hdds-container-service-0.5.0-SNAPSHOT.jar:?]
	at org.apache.hadoop.ozone.container.common.transport.server.ratis.ContainerStateMachine.runCommand(ContainerStateMachine.java:364) ~[hadoop-hdds-container-service-0.5.0-SNAPSHOT.jar:?]
	at org.apache.hadoop.ozone.container.common.transport.server.ratis.ContainerStateMachine.lambda$applyTransaction$5(ContainerStateMachine.java:630) ~[hadoop-hdds-container-service-0.5.0-SNAPSHOT.jar:?]
	at java.util.concurrent.CompletableFuture$AsyncSupply.run(CompletableFuture.java:1590) [?:1.8.0_212]
	at java.util.concurrent.ThreadPoolExecutor.runWorker(ThreadPoolExecutor.java:1149) [?:1.8.0_212]
	at java.util.concurrent.ThreadPoolExecutor$Worker.run(ThreadPoolExecutor.java:624) [?:1.8.0_212]
	at java.lang.Thread.run(Thread.java:748) [?:1.8.0_212]
2019-07-14 16:17:08,181 INFO  impl.HddsDispatcher (ContainerUtils.java:logAndReturnError(146)) - Operation: WriteChunk : Trace ID: ed299922b55ec22b:ed299922b55ec22b:0:0 : Message: ContainerID 5 does not exist : Result: CONTAINER_NOT_FOUND
16:17:08.181 [pool-577-thread-1] ERROR DNAudit - user=null | ip=null | op=PUT_BLOCK {blockData=[blockId=conID: 5 locID: 102440699687796752 bcsId: 0,size=1048576]} | ret=FAILURE
org.apache.hadoop.hdds.scm.container.common.helpers.StorageContainerException: ContainerID 5 does not exist
	at org.apache.hadoop.ozone.container.common.impl.HddsDispatcher.dispatchRequest(HddsDispatcher.java:242) ~[hadoop-hdds-container-service-0.5.0-SNAPSHOT.jar:?]
	at org.apache.hadoop.ozone.container.common.impl.HddsDispatcher.dispatch(HddsDispatcher.java:148) ~[hadoop-hdds-container-service-0.5.0-SNAPSHOT.jar:?]
	at org.apache.hadoop.ozone.container.common.transport.server.ratis.ContainerStateMachine.dispatchCommand(ContainerStateMachine.java:357) ~[hadoop-hdds-container-service-0.5.0-SNAPSHOT.jar:?]
	at org.apache.hadoop.ozone.container.common.transport.server.ratis.ContainerStateMachine.runCommand(ContainerStateMachine.java:364) ~[hadoop-hdds-container-service-0.5.0-SNAPSHOT.jar:?]
	at org.apache.hadoop.ozone.container.common.transport.server.ratis.ContainerStateMachine.lambda$applyTransaction$5(ContainerStateMachine.java:630) ~[hadoop-hdds-container-service-0.5.0-SNAPSHOT.jar:?]
	at java.util.concurrent.CompletableFuture$AsyncSupply.run(CompletableFuture.java:1590) [?:1.8.0_212]
	at java.util.concurrent.ThreadPoolExecutor.runWorker(ThreadPoolExecutor.java:1149) [?:1.8.0_212]
	at java.util.concurrent.ThreadPoolExecutor$Worker.run(ThreadPoolExecutor.java:624) [?:1.8.0_212]
	at java.lang.Thread.run(Thread.java:748) [?:1.8.0_212]
2019-07-14 16:17:08,182 INFO  client.GrpcClientProtocolClient (GrpcClientProtocolClient.java:onNext(255)) - client-2EA4BC663921->a355b21c-145f-48fd-8e86-816dcc62e43b: receive RaftClientReply:client-2EA4BC663921->a355b21c-145f-48fd-8e86-816dcc62e43b@group-8B694E9D6D20, cid=79, SUCCESS, logIndex=16, commits[a355b21c-145f-48fd-8e86-816dcc62e43b:c17, 21cbc6f8-007d-4470-a02c-d552d9e19d37:c15, 2bb16f2a-bfba-4dc9-b4f3-cbd9fced6e27:c15]
2019-07-14 16:17:08,182 INFO  impl.HddsDispatcher (ContainerUtils.java:logAndReturnError(146)) - Operation: PutBlock : Trace ID: f8d5731f29d0f8bb:f8d5731f29d0f8bb:0:0 : Message: ContainerID 5 does not exist : Result: CONTAINER_NOT_FOUND
2019-07-14 16:17:08,183 WARN  server.ServerUtils (ServerUtils.java:getScmDbDir(145)) - ozone.scm.db.dirs is not configured. We recommend adding this setting. Falling back to ozone.metadata.dirs instead.
2019-07-14 16:17:08,183 ERROR storage.BlockOutputStream (BlockOutputStream.java:validateResponse(539)) - Unexpected Storage Container Exception: 
org.apache.hadoop.hdds.scm.container.common.helpers.StorageContainerException: ContainerID 5 does not exist
	at org.apache.hadoop.hdds.scm.storage.ContainerProtocolCalls.validateContainerResponse(ContainerProtocolCalls.java:536)
	at org.apache.hadoop.hdds.scm.storage.BlockOutputStream.validateResponse(BlockOutputStream.java:537)
	at org.apache.hadoop.hdds.scm.storage.BlockOutputStream.lambda$writeChunkToContainer$2(BlockOutputStream.java:615)
	at java.util.concurrent.CompletableFuture.uniApply(CompletableFuture.java:602)
	at java.util.concurrent.CompletableFuture$UniApply.tryFire(CompletableFuture.java:577)
	at java.util.concurrent.CompletableFuture$Completion.run(CompletableFuture.java:442)
	at java.util.concurrent.ThreadPoolExecutor.runWorker(ThreadPoolExecutor.java:1149)
	at java.util.concurrent.ThreadPoolExecutor$Worker.run(ThreadPoolExecutor.java:624)
	at java.lang.Thread.run(Thread.java:748)
2019-07-14 16:17:08,184 INFO  client.GrpcClientProtocolClient (GrpcClientProtocolClient.java:onNext(255)) - client-2EA4BC663921->a355b21c-145f-48fd-8e86-816dcc62e43b: receive RaftClientReply:client-2EA4BC663921->a355b21c-145f-48fd-8e86-816dcc62e43b@group-8B694E9D6D20, cid=80, SUCCESS, logIndex=17, commits[a355b21c-145f-48fd-8e86-816dcc62e43b:c17, 21cbc6f8-007d-4470-a02c-d552d9e19d37:c15, 2bb16f2a-bfba-4dc9-b4f3-cbd9fced6e27:c15]
16:17:08.193 [pool-556-thread-1] ERROR DNAudit - user=null | ip=null | op=WRITE_CHUNK {blockData=conID: 5 locID: 102440699687796752 bcsId: 0} | ret=FAILURE
org.apache.hadoop.hdds.scm.container.common.helpers.StorageContainerException: ContainerID 5 does not exist
	at org.apache.hadoop.ozone.container.common.impl.HddsDispatcher.dispatchRequest(HddsDispatcher.java:242) ~[hadoop-hdds-container-service-0.5.0-SNAPSHOT.jar:?]
	at org.apache.hadoop.ozone.container.common.impl.HddsDispatcher.dispatch(HddsDispatcher.java:148) ~[hadoop-hdds-container-service-0.5.0-SNAPSHOT.jar:?]
	at org.apache.hadoop.ozone.container.common.transport.server.ratis.ContainerStateMachine.dispatchCommand(ContainerStateMachine.java:357) ~[hadoop-hdds-container-service-0.5.0-SNAPSHOT.jar:?]
	at org.apache.hadoop.ozone.container.common.transport.server.ratis.ContainerStateMachine.runCommand(ContainerStateMachine.java:364) ~[hadoop-hdds-container-service-0.5.0-SNAPSHOT.jar:?]
	at org.apache.hadoop.ozone.container.common.transport.server.ratis.ContainerStateMachine.lambda$applyTransaction$5(ContainerStateMachine.java:630) ~[hadoop-hdds-container-service-0.5.0-SNAPSHOT.jar:?]
	at java.util.concurrent.CompletableFuture$AsyncSupply.run(CompletableFuture.java:1590) [?:1.8.0_212]
	at java.util.concurrent.ThreadPoolExecutor.runWorker(ThreadPoolExecutor.java:1149) [?:1.8.0_212]
	at java.util.concurrent.ThreadPoolExecutor$Worker.run(ThreadPoolExecutor.java:624) [?:1.8.0_212]
	at java.lang.Thread.run(Thread.java:748) [?:1.8.0_212]
16:17:08.193 [pool-535-thread-1] ERROR DNAudit - user=null | ip=null | op=WRITE_CHUNK {blockData=conID: 5 locID: 102440699687796752 bcsId: 0} | ret=FAILURE
org.apache.hadoop.hdds.scm.container.common.helpers.StorageContainerException: ContainerID 5 does not exist
	at org.apache.hadoop.ozone.container.common.impl.HddsDispatcher.dispatchRequest(HddsDispatcher.java:242) ~[hadoop-hdds-container-service-0.5.0-SNAPSHOT.jar:?]
	at org.apache.hadoop.ozone.container.common.impl.HddsDispatcher.dispatch(HddsDispatcher.java:148) ~[hadoop-hdds-container-service-0.5.0-SNAPSHOT.jar:?]
	at org.apache.hadoop.ozone.container.common.transport.server.ratis.ContainerStateMachine.dispatchCommand(ContainerStateMachine.java:357) ~[hadoop-hdds-container-service-0.5.0-SNAPSHOT.jar:?]
	at org.apache.hadoop.ozone.container.common.transport.server.ratis.ContainerStateMachine.runCommand(ContainerStateMachine.java:364) ~[hadoop-hdds-container-service-0.5.0-SNAPSHOT.jar:?]
	at org.apache.hadoop.ozone.container.common.transport.server.ratis.ContainerStateMachine.lambda$applyTransaction$5(ContainerStateMachine.java:630) ~[hadoop-hdds-container-service-0.5.0-SNAPSHOT.jar:?]
	at java.util.concurrent.CompletableFuture$AsyncSupply.run(CompletableFuture.java:1590) [?:1.8.0_212]
	at java.util.concurrent.ThreadPoolExecutor.runWorker(ThreadPoolExecutor.java:1149) [?:1.8.0_212]
	at java.util.concurrent.ThreadPoolExecutor$Worker.run(ThreadPoolExecutor.java:624) [?:1.8.0_212]
	at java.lang.Thread.run(Thread.java:748) [?:1.8.0_212]
2019-07-14 16:17:08,193 INFO  impl.HddsDispatcher (ContainerUtils.java:logAndReturnError(146)) - Operation: WriteChunk : Trace ID: ed299922b55ec22b:ed299922b55ec22b:0:0 : Message: ContainerID 5 does not exist : Result: CONTAINER_NOT_FOUND
2019-07-14 16:17:08,193 INFO  impl.HddsDispatcher (ContainerUtils.java:logAndReturnError(146)) - Operation: WriteChunk : Trace ID: ed299922b55ec22b:ed299922b55ec22b:0:0 : Message: ContainerID 5 does not exist : Result: CONTAINER_NOT_FOUND
2019-07-14 16:17:08,194 WARN  server.ServerUtils (ServerUtils.java:getScmDbDir(145)) - ozone.scm.db.dirs is not configured. We recommend adding this setting. Falling back to ozone.metadata.dirs instead.
16:17:08.194 [pool-535-thread-1] ERROR DNAudit - user=null | ip=null | op=PUT_BLOCK {blockData=[blockId=conID: 5 locID: 102440699687796752 bcsId: 0,size=1048576]} | ret=FAILURE
org.apache.hadoop.hdds.scm.container.common.helpers.StorageContainerException: ContainerID 5 does not exist
	at org.apache.hadoop.ozone.container.common.impl.HddsDispatcher.dispatchRequest(HddsDispatcher.java:242) ~[hadoop-hdds-container-service-0.5.0-SNAPSHOT.jar:?]
	at org.apache.hadoop.ozone.container.common.impl.HddsDispatcher.dispatch(HddsDispatcher.java:148) ~[hadoop-hdds-container-service-0.5.0-SNAPSHOT.jar:?]
	at org.apache.hadoop.ozone.container.common.transport.server.ratis.ContainerStateMachine.dispatchCommand(ContainerStateMachine.java:357) ~[hadoop-hdds-container-service-0.5.0-SNAPSHOT.jar:?]
	at org.apache.hadoop.ozone.container.common.transport.server.ratis.ContainerStateMachine.runCommand(ContainerStateMachine.java:364) ~[hadoop-hdds-container-service-0.5.0-SNAPSHOT.jar:?]
	at org.apache.hadoop.ozone.container.common.transport.server.ratis.ContainerStateMachine.lambda$applyTransaction$5(ContainerStateMachine.java:630) ~[hadoop-hdds-container-service-0.5.0-SNAPSHOT.jar:?]
	at java.util.concurrent.CompletableFuture$AsyncSupply.run(CompletableFuture.java:1590) [?:1.8.0_212]
	at java.util.concurrent.ThreadPoolExecutor.runWorker(ThreadPoolExecutor.java:1149) [?:1.8.0_212]
	at java.util.concurrent.ThreadPoolExecutor$Worker.run(ThreadPoolExecutor.java:624) [?:1.8.0_212]
	at java.lang.Thread.run(Thread.java:748) [?:1.8.0_212]
16:17:08.194 [pool-556-thread-1] ERROR DNAudit - user=null | ip=null | op=PUT_BLOCK {blockData=[blockId=conID: 5 locID: 102440699687796752 bcsId: 0,size=1048576]} | ret=FAILURE
org.apache.hadoop.hdds.scm.container.common.helpers.StorageContainerException: ContainerID 5 does not exist
	at org.apache.hadoop.ozone.container.common.impl.HddsDispatcher.dispatchRequest(HddsDispatcher.java:242) ~[hadoop-hdds-container-service-0.5.0-SNAPSHOT.jar:?]
	at org.apache.hadoop.ozone.container.common.impl.HddsDispatcher.dispatch(HddsDispatcher.java:148) ~[hadoop-hdds-container-service-0.5.0-SNAPSHOT.jar:?]
	at org.apache.hadoop.ozone.container.common.transport.server.ratis.ContainerStateMachine.dispatchCommand(ContainerStateMachine.java:357) ~[hadoop-hdds-container-service-0.5.0-SNAPSHOT.jar:?]
	at org.apache.hadoop.ozone.container.common.transport.server.ratis.ContainerStateMachine.runCommand(ContainerStateMachine.java:364) ~[hadoop-hdds-container-service-0.5.0-SNAPSHOT.jar:?]
	at org.apache.hadoop.ozone.container.common.transport.server.ratis.ContainerStateMachine.lambda$applyTransaction$5(ContainerStateMachine.java:630) ~[hadoop-hdds-container-service-0.5.0-SNAPSHOT.jar:?]
	at java.util.concurrent.CompletableFuture$AsyncSupply.run(CompletableFuture.java:1590) [?:1.8.0_212]
	at java.util.concurrent.ThreadPoolExecutor.runWorker(ThreadPoolExecutor.java:1149) [?:1.8.0_212]
	at java.util.concurrent.ThreadPoolExecutor$Worker.run(ThreadPoolExecutor.java:624) [?:1.8.0_212]
	at java.lang.Thread.run(Thread.java:748) [?:1.8.0_212]
2019-07-14 16:17:08,194 INFO  impl.HddsDispatcher (ContainerUtils.java:logAndReturnError(146)) - Operation: PutBlock : Trace ID: f8d5731f29d0f8bb:f8d5731f29d0f8bb:0:0 : Message: ContainerID 5 does not exist : Result: CONTAINER_NOT_FOUND
2019-07-14 16:17:08,194 INFO  impl.HddsDispatcher (ContainerUtils.java:logAndReturnError(146)) - Operation: PutBlock : Trace ID: f8d5731f29d0f8bb:f8d5731f29d0f8bb:0:0 : Message: ContainerID 5 does not exist : Result: CONTAINER_NOT_FOUND
2019-07-14 16:17:08,195 WARN  server.ServerUtils (ServerUtils.java:getScmDbDir(145)) - ozone.scm.db.dirs is not configured. We recommend adding this setting. Falling back to ozone.metadata.dirs instead.
2019-07-14 16:17:08,195 INFO  db.DBStoreBuilder (DBStoreBuilder.java:addTable(110)) - using custom profile for table: deletedBlocks
2019-07-14 16:17:08,195 INFO  db.DBStoreBuilder (DBStoreBuilder.java:processTables(161)) - Using default column profile:DBProfile.DISK for Table:deletedBlocks
2019-07-14 16:17:08,195 INFO  db.DBStoreBuilder (DBStoreBuilder.java:addTable(110)) - using custom profile for table: validCerts
2019-07-14 16:17:08,196 INFO  db.DBStoreBuilder (DBStoreBuilder.java:processTables(161)) - Using default column profile:DBProfile.DISK for Table:validCerts
2019-07-14 16:17:08,196 INFO  db.DBStoreBuilder (DBStoreBuilder.java:addTable(110)) - using custom profile for table: revokedCerts
2019-07-14 16:17:08,196 INFO  db.DBStoreBuilder (DBStoreBuilder.java:processTables(161)) - Using default column profile:DBProfile.DISK for Table:revokedCerts
2019-07-14 16:17:08,196 INFO  db.DBStoreBuilder (DBStoreBuilder.java:addTable(110)) - using custom profile for table: default
2019-07-14 16:17:08,196 INFO  db.DBStoreBuilder (DBStoreBuilder.java:processTables(167)) - Using default column profile:DBProfile.DISK for Table:default
2019-07-14 16:17:08,197 INFO  db.DBStoreBuilder (DBStoreBuilder.java:getDbProfile(198)) - Using default options. DBProfile.DISK
2019-07-14 16:17:08,413 INFO  net.NodeSchemaLoader (NodeSchemaLoader.java:loadSchemaFromFile(125)) - Loading file from sun.misc.CompoundEnumeration@6f00c40e
2019-07-14 16:17:08,413 INFO  net.NodeSchemaLoader (NodeSchemaLoader.java:loadSchema(171)) - Loading network topology layer schema file
2019-07-14 16:17:08,420 INFO  node.SCMNodeManager (SCMNodeManager.java:<init>(119)) - Entering startup safe mode.
2019-07-14 16:17:08,421 WARN  server.ServerUtils (ServerUtils.java:getScmDbDir(145)) - ozone.scm.db.dirs is not configured. We recommend adding this setting. Falling back to ozone.metadata.dirs instead.
2019-07-14 16:17:08,470 INFO  pipeline.SCMPipelineManager (SCMPipelineManager.java:initializePipelineState(126)) - No pipeline exists in current db
2019-07-14 16:17:08,470 WARN  server.ServerUtils (ServerUtils.java:getScmDbDir(145)) - ozone.scm.db.dirs is not configured. We recommend adding this setting. Falling back to ozone.metadata.dirs instead.
2019-07-14 16:17:08,572 WARN  events.EventQueue (EventQueue.java:fireEvent(175)) - No event handler registered for event TypedEvent{payloadType=SafeModeStatus, name='SafeModeStatus'}
2019-07-14 16:17:08,574 INFO  ipc.CallQueueManager (CallQueueManager.java:<init>(84)) - Using callQueue: class java.util.concurrent.LinkedBlockingQueue, queueCapacity: 2000, scheduler: class org.apache.hadoop.ipc.DefaultRpcScheduler, ipcBackoff: false.
2019-07-14 16:17:08,575 INFO  ipc.Server (Server.java:run(1074)) - Starting Socket Reader #1 for port 43332
2019-07-14 16:17:08,598 INFO  ipc.CallQueueManager (CallQueueManager.java:<init>(84)) - Using callQueue: class java.util.concurrent.LinkedBlockingQueue, queueCapacity: 2000, scheduler: class org.apache.hadoop.ipc.DefaultRpcScheduler, ipcBackoff: false.
2019-07-14 16:17:08,599 INFO  ipc.Server (Server.java:run(1074)) - Starting Socket Reader #1 for port 33199
2019-07-14 16:17:08,606 INFO  ipc.CallQueueManager (CallQueueManager.java:<init>(84)) - Using callQueue: class java.util.concurrent.LinkedBlockingQueue, queueCapacity: 2000, scheduler: class org.apache.hadoop.ipc.DefaultRpcScheduler, ipcBackoff: false.
2019-07-14 16:17:08,607 INFO  ipc.Server (Server.java:run(1074)) - Starting Socket Reader #1 for port 44312
2019-07-14 16:17:08,614 INFO  hdfs.DFSUtil (DFSUtil.java:httpServerTemplateForNNAndJN(1641)) - Starting Web-server for scm at: http://0.0.0.0:0
2019-07-14 16:17:08,616 INFO  server.AuthenticationFilter (AuthenticationFilter.java:constructSecretProvider(240)) - Unable to initialize FileSignerSecretProvider, falling back to use random secrets.
2019-07-14 16:17:08,617 WARN  http.HttpRequestLog (HttpRequestLog.java:getRequestLog(97)) - Jetty request log can only be enabled using Log4j
2019-07-14 16:17:08,618 INFO  http.HttpServer2 (HttpServer2.java:addGlobalFilter(975)) - Added global filter 'safety' (class=org.apache.hadoop.http.HttpServer2$QuotingInputFilter)
2019-07-14 16:17:08,619 INFO  http.HttpServer2 (HttpServer2.java:addFilter(948)) - Added filter static_user_filter (class=org.apache.hadoop.http.lib.StaticUserWebFilter$StaticUserFilter) to context scm
2019-07-14 16:17:08,619 INFO  http.HttpServer2 (HttpServer2.java:addFilter(958)) - Added filter static_user_filter (class=org.apache.hadoop.http.lib.StaticUserWebFilter$StaticUserFilter) to context static
2019-07-14 16:17:08,619 INFO  http.HttpServer2 (HttpServer2.java:addFilter(958)) - Added filter static_user_filter (class=org.apache.hadoop.http.lib.StaticUserWebFilter$StaticUserFilter) to context logs
2019-07-14 16:17:08,624 INFO  server.StorageContainerManager (StorageContainerManager.java:start(761)) - StorageContainerLocationProtocol RPC server is listening at /0.0.0.0:44312
2019-07-14 16:17:08,624 INFO  impl.MetricsSystemImpl (MetricsSystemImpl.java:init(158)) - StorageContainerManager metrics system started (again)
2019-07-14 16:17:08,676 INFO  server.SCMClientProtocolServer (SCMClientProtocolServer.java:start(149)) - RPC server for Client  is listening at /0.0.0.0:44312
2019-07-14 16:17:08,677 INFO  ipc.Server (Server.java:run(1314)) - IPC Server Responder: starting
2019-07-14 16:17:08,677 INFO  ipc.Server (Server.java:run(1153)) - IPC Server listener on 44312: starting
2019-07-14 16:17:08,689 INFO  server.StorageContainerManager (StorageContainerManager.java:start(771)) - ScmBlockLocationProtocol RPC server is listening at /0.0.0.0:33199
2019-07-14 16:17:08,689 INFO  server.SCMBlockProtocolServer (SCMBlockProtocolServer.java:start(140)) - RPC server for Block Protocol is listening at /0.0.0.0:33199
2019-07-14 16:17:08,690 INFO  ipc.Server (Server.java:run(1314)) - IPC Server Responder: starting
2019-07-14 16:17:08,690 INFO  ipc.Server (Server.java:run(1153)) - IPC Server listener on 33199: starting
2019-07-14 16:17:08,699 INFO  server.StorageContainerManager (StorageContainerManager.java:start(775)) - ScmDatanodeProtocl RPC server is listening at /0.0.0.0:43332
2019-07-14 16:17:08,699 INFO  server.SCMDatanodeProtocolServer (SCMDatanodeProtocolServer.java:start(191)) - RPC server for DataNodes is listening at /0.0.0.0:43332
2019-07-14 16:17:08,700 INFO  ipc.Server (Server.java:run(1314)) - IPC Server Responder: starting
2019-07-14 16:17:08,700 INFO  ipc.Server (Server.java:run(1153)) - IPC Server listener on 43332: starting
2019-07-14 16:17:08,709 INFO  http.HttpServer2 (HttpServer2.java:bindListener(1191)) - Jetty bound to port 42581
2019-07-14 16:17:08,709 INFO  server.Server (Server.java:doStart(351)) - jetty-9.3.24.v20180605, build timestamp: 2018-06-05T17:11:56Z, git hash: 84205aa28f11a4f31f2a3b86d1bba2cc8ab69827
2019-07-14 16:17:08,711 INFO  handler.ContextHandler (ContextHandler.java:doStart(781)) - Started o.e.j.s.ServletContextHandler@395115ac{/logs,file:///workdir/hadoop-ozone/integration-test/target/log,AVAILABLE}
2019-07-14 16:17:08,712 INFO  handler.ContextHandler (ContextHandler.java:doStart(781)) - Started o.e.j.s.ServletContextHandler@3b28ab9b{/static,file:///workdir/hadoop-ozone/integration-test/target/test-classes/webapps/static,AVAILABLE}
2019-07-14 16:17:08,715 INFO  handler.ContextHandler (ContextHandler.java:doStart(781)) - Started o.e.j.w.WebAppContext@34a99d8{/,file:///workdir/hadoop-ozone/integration-test/target/test-classes/webapps/scm/,AVAILABLE}{/scm}
2019-07-14 16:17:08,716 INFO  server.AbstractConnector (AbstractConnector.java:doStart(278)) - Started ServerConnector@3e984100{HTTP/1.1,[http/1.1]}{0.0.0.0:42581}
2019-07-14 16:17:08,718 INFO  server.Server (Server.java:doStart(419)) - Started @99513ms
2019-07-14 16:17:08,719 INFO  server.BaseHttpServer (BaseHttpServer.java:updateConnectorAddress(207)) - HTTP server of SCM is listening at http://0.0.0.0:42581
2019-07-14 16:17:08,719 WARN  server.ServerUtils (ServerUtils.java:getDBPath(222)) - ozone.om.db.dirs is not configured. We recommend adding this setting. Falling back to ozone.metadata.dirs instead.
2019-07-14 16:17:08,719 INFO  util.JvmPauseMonitor (JvmPauseMonitor.java:run(188)) - Starting JVM pause monitor
2019-07-14 16:17:08,747 WARN  server.ServerUtils (ServerUtils.java:getDBPath(222)) - ozone.om.db.dirs is not configured. We recommend adding this setting. Falling back to ozone.metadata.dirs instead.
2019-07-14 16:17:08,747 INFO  om.OzoneManager (OzoneManager.java:setOMNodeDetails(632)) - OM Service ID is not set. Setting it to the default ID: omServiceIdDefault
2019-07-14 16:17:08,747 INFO  om.OzoneManager (OzoneManager.java:setOMNodeDetails(638)) - OM Node ID is not set. Setting it to the OmStorage's OmID: 269873f3-6ca9-487e-8037-4f8bfb11936e
2019-07-14 16:17:08,748 INFO  om.OzoneManager (OzoneManager.java:loadOMHAConfigs(589)) - Found matching OM address with OMServiceId: null, OMNodeId: null, RPC Address: localhost:0 and Ratis port: 9872
2019-07-14 16:17:08,773 WARN  server.ServerUtils (ServerUtils.java:getDBPath(222)) - ozone.om.db.dirs is not configured. We recommend adding this setting. Falling back to ozone.metadata.dirs instead.
2019-07-14 16:17:08,773 INFO  db.DBStoreBuilder (DBStoreBuilder.java:addTable(110)) - using custom profile for table: userTable
2019-07-14 16:17:08,773 INFO  db.DBStoreBuilder (DBStoreBuilder.java:processTables(161)) - Using default column profile:DBProfile.DISK for Table:userTable
2019-07-14 16:17:08,773 INFO  db.DBStoreBuilder (DBStoreBuilder.java:addTable(110)) - using custom profile for table: volumeTable
2019-07-14 16:17:08,774 INFO  db.DBStoreBuilder (DBStoreBuilder.java:processTables(161)) - Using default column profile:DBProfile.DISK for Table:volumeTable
2019-07-14 16:17:08,774 INFO  db.DBStoreBuilder (DBStoreBuilder.java:addTable(110)) - using custom profile for table: bucketTable
2019-07-14 16:17:08,774 INFO  db.DBStoreBuilder (DBStoreBuilder.java:processTables(161)) - Using default column profile:DBProfile.DISK for Table:bucketTable
2019-07-14 16:17:08,774 INFO  db.DBStoreBuilder (DBStoreBuilder.java:addTable(110)) - using custom profile for table: keyTable
2019-07-14 16:17:08,774 INFO  db.DBStoreBuilder (DBStoreBuilder.java:processTables(161)) - Using default column profile:DBProfile.DISK for Table:keyTable
2019-07-14 16:17:08,775 INFO  db.DBStoreBuilder (DBStoreBuilder.java:addTable(110)) - using custom profile for table: deletedTable
2019-07-14 16:17:08,775 INFO  db.DBStoreBuilder (DBStoreBuilder.java:processTables(161)) - Using default column profile:DBProfile.DISK for Table:deletedTable
2019-07-14 16:17:08,775 INFO  db.DBStoreBuilder (DBStoreBuilder.java:addTable(110)) - using custom profile for table: openKeyTable
2019-07-14 16:17:08,775 INFO  db.DBStoreBuilder (DBStoreBuilder.java:processTables(161)) - Using default column profile:DBProfile.DISK for Table:openKeyTable
2019-07-14 16:17:08,775 INFO  db.DBStoreBuilder (DBStoreBuilder.java:addTable(110)) - using custom profile for table: s3Table
2019-07-14 16:17:08,775 INFO  db.DBStoreBuilder (DBStoreBuilder.java:processTables(161)) - Using default column profile:DBProfile.DISK for Table:s3Table
2019-07-14 16:17:08,776 INFO  db.DBStoreBuilder (DBStoreBuilder.java:addTable(110)) - using custom profile for table: multipartInfoTable
2019-07-14 16:17:08,776 INFO  db.DBStoreBuilder (DBStoreBuilder.java:processTables(161)) - Using default column profile:DBProfile.DISK for Table:multipartInfoTable
2019-07-14 16:17:08,776 INFO  db.DBStoreBuilder (DBStoreBuilder.java:addTable(110)) - using custom profile for table: dTokenTable
2019-07-14 16:17:08,776 INFO  db.DBStoreBuilder (DBStoreBuilder.java:processTables(161)) - Using default column profile:DBProfile.DISK for Table:dTokenTable
2019-07-14 16:17:08,776 INFO  db.DBStoreBuilder (DBStoreBuilder.java:addTable(110)) - using custom profile for table: s3SecretTable
2019-07-14 16:17:08,776 INFO  db.DBStoreBuilder (DBStoreBuilder.java:processTables(161)) - Using default column profile:DBProfile.DISK for Table:s3SecretTable
2019-07-14 16:17:08,776 INFO  db.DBStoreBuilder (DBStoreBuilder.java:addTable(110)) - using custom profile for table: prefixTable
2019-07-14 16:17:08,777 INFO  db.DBStoreBuilder (DBStoreBuilder.java:processTables(161)) - Using default column profile:DBProfile.DISK for Table:prefixTable
2019-07-14 16:17:08,777 INFO  db.DBStoreBuilder (DBStoreBuilder.java:addTable(110)) - using custom profile for table: default
2019-07-14 16:17:08,777 INFO  db.DBStoreBuilder (DBStoreBuilder.java:processTables(167)) - Using default column profile:DBProfile.DISK for Table:default
2019-07-14 16:17:08,777 INFO  db.DBStoreBuilder (DBStoreBuilder.java:getDbProfile(198)) - Using default options. DBProfile.DISK
2019-07-14 16:17:09,325 INFO  ipc.CallQueueManager (CallQueueManager.java:<init>(84)) - Using callQueue: class java.util.concurrent.LinkedBlockingQueue, queueCapacity: 2000, scheduler: class org.apache.hadoop.ipc.DefaultRpcScheduler, ipcBackoff: false.
2019-07-14 16:17:09,326 INFO  ipc.Server (Server.java:run(1074)) - Starting Socket Reader #1 for port 43067
2019-07-14 16:17:09,347 WARN  server.ServerUtils (ServerUtils.java:getDBPath(222)) - ozone.om.db.dirs is not configured. We recommend adding this setting. Falling back to ozone.metadata.dirs instead.
2019-07-14 16:17:09,347 INFO  om.OzoneManager (OzoneManager.java:start(1230)) - OzoneManager RPC server is listening at localhost/127.0.0.1:43067
2019-07-14 16:17:09,347 INFO  impl.MetricsSystemImpl (MetricsSystemImpl.java:init(158)) - OzoneManager metrics system started (again)
2019-07-14 16:17:09,412 INFO  ipc.Server (Server.java:run(1314)) - IPC Server Responder: starting
2019-07-14 16:17:09,412 INFO  ipc.Server (Server.java:run(1153)) - IPC Server listener on 43067: starting
2019-07-14 16:17:09,442 INFO  hdfs.DFSUtil (DFSUtil.java:httpServerTemplateForNNAndJN(1641)) - Starting Web-server for ozoneManager at: http://0.0.0.0:0
2019-07-14 16:17:09,444 INFO  server.AuthenticationFilter (AuthenticationFilter.java:constructSecretProvider(240)) - Unable to initialize FileSignerSecretProvider, falling back to use random secrets.
2019-07-14 16:17:09,445 WARN  http.HttpRequestLog (HttpRequestLog.java:getRequestLog(97)) - Jetty request log can only be enabled using Log4j
2019-07-14 16:17:09,447 INFO  http.HttpServer2 (HttpServer2.java:addGlobalFilter(975)) - Added global filter 'safety' (class=org.apache.hadoop.http.HttpServer2$QuotingInputFilter)
2019-07-14 16:17:09,448 INFO  http.HttpServer2 (HttpServer2.java:addFilter(948)) - Added filter static_user_filter (class=org.apache.hadoop.http.lib.StaticUserWebFilter$StaticUserFilter) to context ozoneManager
2019-07-14 16:17:09,448 INFO  http.HttpServer2 (HttpServer2.java:addFilter(958)) - Added filter static_user_filter (class=org.apache.hadoop.http.lib.StaticUserWebFilter$StaticUserFilter) to context logs
2019-07-14 16:17:09,448 INFO  http.HttpServer2 (HttpServer2.java:addFilter(958)) - Added filter static_user_filter (class=org.apache.hadoop.http.lib.StaticUserWebFilter$StaticUserFilter) to context static
2019-07-14 16:17:09,449 INFO  http.HttpServer2 (HttpServer2.java:bindListener(1191)) - Jetty bound to port 44094
2019-07-14 16:17:09,449 INFO  server.Server (Server.java:doStart(351)) - jetty-9.3.24.v20180605, build timestamp: 2018-06-05T17:11:56Z, git hash: 84205aa28f11a4f31f2a3b86d1bba2cc8ab69827
2019-07-14 16:17:09,452 INFO  handler.ContextHandler (ContextHandler.java:doStart(781)) - Started o.e.j.s.ServletContextHandler@64e247e{/logs,file:///workdir/hadoop-ozone/integration-test/target/log,AVAILABLE}
2019-07-14 16:17:09,452 INFO  handler.ContextHandler (ContextHandler.java:doStart(781)) - Started o.e.j.s.ServletContextHandler@125ba798{/static,file:///workdir/hadoop-ozone/integration-test/target/test-classes/webapps/static,AVAILABLE}
2019-07-14 16:17:09,463 INFO  handler.ContextHandler (ContextHandler.java:doStart(781)) - Started o.e.j.w.WebAppContext@1ec09a68{/,file:///workdir/hadoop-ozone/integration-test/target/test-classes/webapps/ozoneManager/,AVAILABLE}{/ozoneManager}
2019-07-14 16:17:09,464 INFO  server.AbstractConnector (AbstractConnector.java:doStart(278)) - Started ServerConnector@7da9b32c{HTTP/1.1,[http/1.1]}{0.0.0.0:44094}
2019-07-14 16:17:09,468 INFO  server.Server (Server.java:doStart(419)) - Started @100263ms
2019-07-14 16:17:09,469 INFO  server.BaseHttpServer (BaseHttpServer.java:updateConnectorAddress(207)) - HTTP server of OZONEMANAGER is listening at http://0.0.0.0:44094
2019-07-14 16:17:09,486 INFO  impl.MetricsSystemImpl (MetricsSystemImpl.java:init(158)) - HddsDatanode metrics system started (again)
2019-07-14 16:17:09,547 INFO  ozone.HddsDatanodeService (HddsDatanodeService.java:start(185)) - HddsDatanodeService host:pr-hdds-1710-5x6jb-1204890111 ip:192.168.69.77
2019-07-14 16:17:09,566 INFO  volume.HddsVolume (HddsVolume.java:<init>(176)) - Creating Volume: /workdir/hadoop-ozone/integration-test/target/test-dir/MiniOzoneClusterImpl-37e024c3-addb-4161-a953-d138a2f05756/datanode-0/data/containers/hdds of  storage type : DISK and capacity : 52710309888
2019-07-14 16:17:09,584 INFO  volume.VolumeSet (VolumeSet.java:initializeVolumeSet(170)) - Added Volume : /workdir/hadoop-ozone/integration-test/target/test-dir/MiniOzoneClusterImpl-37e024c3-addb-4161-a953-d138a2f05756/datanode-0/data/containers/hdds to VolumeSet
2019-07-14 16:17:09,584 INFO  volume.ThrottledAsyncChecker (ThrottledAsyncChecker.java:schedule(140)) - Scheduling a check for org.apache.hadoop.ozone.container.common.volume.HddsVolume@436d2bb9
2019-07-14 16:17:09,585 INFO  volume.HddsVolumeChecker (HddsVolumeChecker.java:checkAllVolumes(203)) - Scheduled health check for volume org.apache.hadoop.ozone.container.common.volume.HddsVolume@436d2bb9
2019-07-14 16:17:09,610 INFO  impl.RaftServerProxy (ConfUtils.java:logGet(43)) - raft.rpc.type = GRPC (default)
2019-07-14 16:17:09,610 INFO  grpc.GrpcFactory (GrpcFactory.java:checkPooledByteBufAllocatorUseCacheForAllThreads(45)) - PERFORMANCE WARNING: useCacheForAllThreads is true that may cause Netty to create a lot garbage objects and, as a result, trigger GC.
	It is recommended to disable useCacheForAllThreads by setting -Dorg.apache.ratis.thirdparty.io.netty.allocator.useCacheForAllThreads=false in command line.
2019-07-14 16:17:09,611 INFO  grpc.GrpcConfigKeys$Server (ConfUtils.java:logGet(43)) - raft.grpc.server.port = 0 (default)
2019-07-14 16:17:09,611 INFO  server.GrpcService (ConfUtils.java:logGet(43)) - raft.grpc.message.size.max = 33570816 (custom)
2019-07-14 16:17:09,611 INFO  server.RaftServerConfigKeys (ConfUtils.java:logGet(43)) - raft.server.log.appender.buffer.byte-limit = 33554432 (custom)
2019-07-14 16:17:09,612 INFO  server.GrpcService (ConfUtils.java:logGet(43)) - raft.grpc.flow.control.window = 1MB (=1048576) (default)
2019-07-14 16:17:09,612 INFO  server.RaftServerConfigKeys (ConfUtils.java:logGet(43)) - raft.server.rpc.request.timeout = 3000ms (default)
2019-07-14 16:17:09,612 INFO  server.RaftServerConfigKeys (ConfUtils.java:logGet(43)) - raft.server.storage.dir = [/workdir/hadoop-ozone/integration-test/target/test-dir/MiniOzoneClusterImpl-37e024c3-addb-4161-a953-d138a2f05756/datanode-0/data/ratis] (custom)
2019-07-14 16:17:09,613 INFO  replication.SimpleContainerDownloader (SimpleContainerDownloader.java:<init>(72)) - Starting container downloader service to copy containers to replicate.
2019-07-14 16:17:09,615 INFO  hdfs.DFSUtil (DFSUtil.java:httpServerTemplateForNNAndJN(1641)) - Starting Web-server for hddsDatanode at: http://0.0.0.0:0
2019-07-14 16:17:09,616 INFO  server.AuthenticationFilter (AuthenticationFilter.java:constructSecretProvider(240)) - Unable to initialize FileSignerSecretProvider, falling back to use random secrets.
2019-07-14 16:17:09,617 WARN  http.HttpRequestLog (HttpRequestLog.java:getRequestLog(97)) - Jetty request log can only be enabled using Log4j
2019-07-14 16:17:09,619 INFO  http.HttpServer2 (HttpServer2.java:addGlobalFilter(975)) - Added global filter 'safety' (class=org.apache.hadoop.http.HttpServer2$QuotingInputFilter)
2019-07-14 16:17:09,620 INFO  http.HttpServer2 (HttpServer2.java:addFilter(948)) - Added filter static_user_filter (class=org.apache.hadoop.http.lib.StaticUserWebFilter$StaticUserFilter) to context hddsDatanode
2019-07-14 16:17:09,620 INFO  http.HttpServer2 (HttpServer2.java:addFilter(958)) - Added filter static_user_filter (class=org.apache.hadoop.http.lib.StaticUserWebFilter$StaticUserFilter) to context static
2019-07-14 16:17:09,620 INFO  http.HttpServer2 (HttpServer2.java:addFilter(958)) - Added filter static_user_filter (class=org.apache.hadoop.http.lib.StaticUserWebFilter$StaticUserFilter) to context logs
2019-07-14 16:17:09,621 INFO  http.HttpServer2 (HttpServer2.java:bindListener(1191)) - Jetty bound to port 42185
2019-07-14 16:17:09,622 INFO  server.Server (Server.java:doStart(351)) - jetty-9.3.24.v20180605, build timestamp: 2018-06-05T17:11:56Z, git hash: 84205aa28f11a4f31f2a3b86d1bba2cc8ab69827
2019-07-14 16:17:09,624 INFO  handler.ContextHandler (ContextHandler.java:doStart(781)) - Started o.e.j.s.ServletContextHandler@62ba3045{/logs,file:///workdir/hadoop-ozone/integration-test/target/log,AVAILABLE}
2019-07-14 16:17:09,624 INFO  handler.ContextHandler (ContextHandler.java:doStart(781)) - Started o.e.j.s.ServletContextHandler@d863bb{/static,jar:file:/home/user/.m2/repository/org/apache/hadoop/hadoop-hdds-container-service/0.5.0-SNAPSHOT/hadoop-hdds-container-service-0.5.0-SNAPSHOT.jar!/webapps/static,AVAILABLE}
2019-07-14 16:17:09,667 INFO  handler.ContextHandler (ContextHandler.java:doStart(781)) - Started o.e.j.w.WebAppContext@2446be5f{/,file:///tmp/jetty-0.0.0.0-42185-hddsDatanode-_-any-2759643503784822987.dir/webapp/,AVAILABLE}{/hddsDatanode}
2019-07-14 16:17:09,668 INFO  server.AbstractConnector (AbstractConnector.java:doStart(278)) - Started ServerConnector@2d4f1ddd{HTTP/1.1,[http/1.1]}{0.0.0.0:42185}
2019-07-14 16:17:09,673 INFO  server.Server (Server.java:doStart(419)) - Started @100468ms
2019-07-14 16:17:09,674 INFO  server.BaseHttpServer (BaseHttpServer.java:updateConnectorAddress(207)) - HTTP server of HDDSDATANODE is listening at http://0.0.0.0:42185
2019-07-14 16:17:09,803 INFO  ozone.HddsDatanodeService (HddsDatanodeService.java:startPlugins(396)) - Started plug-in org.apache.hadoop.ozone.web.OzoneHddsDatanodeService@21fa19e4
2019-07-14 16:17:09,803 INFO  impl.MetricsSystemImpl (MetricsSystemImpl.java:init(158)) - HddsDatanode metrics system started (again)
2019-07-14 16:17:09,849 INFO  util.JvmPauseMonitor (JvmPauseMonitor.java:run(188)) - Starting JVM pause monitor
2019-07-14 16:17:09,851 INFO  ozone.HddsDatanodeService (HddsDatanodeService.java:start(185)) - HddsDatanodeService host:pr-hdds-1710-5x6jb-1204890111 ip:192.168.69.77
2019-07-14 16:17:09,851 INFO  datanode.InitDatanodeState (InitDatanodeState.java:persistContainerDatanodeDetails(140)) - DatanodeDetails is persisted to /workdir/hadoop-ozone/integration-test/target/test-dir/MiniOzoneClusterImpl-37e024c3-addb-4161-a953-d138a2f05756/datanode-0/meta/datanode.id
2019-07-14 16:17:09,873 INFO  volume.HddsVolume (HddsVolume.java:<init>(176)) - Creating Volume: /workdir/hadoop-ozone/integration-test/target/test-dir/MiniOzoneClusterImpl-37e024c3-addb-4161-a953-d138a2f05756/datanode-1/data/containers/hdds of  storage type : DISK and capacity : 52710309888
2019-07-14 16:17:09,873 INFO  volume.VolumeSet (VolumeSet.java:initializeVolumeSet(170)) - Added Volume : /workdir/hadoop-ozone/integration-test/target/test-dir/MiniOzoneClusterImpl-37e024c3-addb-4161-a953-d138a2f05756/datanode-1/data/containers/hdds to VolumeSet
2019-07-14 16:17:09,873 INFO  volume.ThrottledAsyncChecker (ThrottledAsyncChecker.java:schedule(140)) - Scheduling a check for org.apache.hadoop.ozone.container.common.volume.HddsVolume@5776a9f8
2019-07-14 16:17:09,874 INFO  volume.HddsVolumeChecker (HddsVolumeChecker.java:checkAllVolumes(203)) - Scheduled health check for volume org.apache.hadoop.ozone.container.common.volume.HddsVolume@5776a9f8
2019-07-14 16:17:09,893 INFO  impl.RaftServerProxy (ConfUtils.java:logGet(43)) - raft.rpc.type = GRPC (default)
2019-07-14 16:17:09,893 INFO  grpc.GrpcFactory (GrpcFactory.java:checkPooledByteBufAllocatorUseCacheForAllThreads(45)) - PERFORMANCE WARNING: useCacheForAllThreads is true that may cause Netty to create a lot garbage objects and, as a result, trigger GC.
	It is recommended to disable useCacheForAllThreads by setting -Dorg.apache.ratis.thirdparty.io.netty.allocator.useCacheForAllThreads=false in command line.
2019-07-14 16:17:09,893 INFO  grpc.GrpcConfigKeys$Server (ConfUtils.java:logGet(43)) - raft.grpc.server.port = 0 (default)
2019-07-14 16:17:09,893 INFO  server.GrpcService (ConfUtils.java:logGet(43)) - raft.grpc.message.size.max = 33570816 (custom)
2019-07-14 16:17:09,894 INFO  server.RaftServerConfigKeys (ConfUtils.java:logGet(43)) - raft.server.log.appender.buffer.byte-limit = 33554432 (custom)
2019-07-14 16:17:09,894 INFO  server.GrpcService (ConfUtils.java:logGet(43)) - raft.grpc.flow.control.window = 1MB (=1048576) (default)
2019-07-14 16:17:09,894 INFO  server.RaftServerConfigKeys (ConfUtils.java:logGet(43)) - raft.server.rpc.request.timeout = 3000ms (default)
2019-07-14 16:17:09,894 INFO  server.RaftServerConfigKeys (ConfUtils.java:logGet(43)) - raft.server.storage.dir = [/workdir/hadoop-ozone/integration-test/target/test-dir/MiniOzoneClusterImpl-37e024c3-addb-4161-a953-d138a2f05756/datanode-1/data/ratis] (custom)
2019-07-14 16:17:09,895 INFO  replication.SimpleContainerDownloader (SimpleContainerDownloader.java:<init>(72)) - Starting container downloader service to copy containers to replicate.
2019-07-14 16:17:09,896 INFO  hdfs.DFSUtil (DFSUtil.java:httpServerTemplateForNNAndJN(1641)) - Starting Web-server for hddsDatanode at: http://0.0.0.0:0
2019-07-14 16:17:09,897 INFO  server.AuthenticationFilter (AuthenticationFilter.java:constructSecretProvider(240)) - Unable to initialize FileSignerSecretProvider, falling back to use random secrets.
2019-07-14 16:17:09,897 WARN  http.HttpRequestLog (HttpRequestLog.java:getRequestLog(97)) - Jetty request log can only be enabled using Log4j
2019-07-14 16:17:09,899 INFO  http.HttpServer2 (HttpServer2.java:addGlobalFilter(975)) - Added global filter 'safety' (class=org.apache.hadoop.http.HttpServer2$QuotingInputFilter)
2019-07-14 16:17:09,899 INFO  http.HttpServer2 (HttpServer2.java:addFilter(948)) - Added filter static_user_filter (class=org.apache.hadoop.http.lib.StaticUserWebFilter$StaticUserFilter) to context hddsDatanode
2019-07-14 16:17:09,899 INFO  http.HttpServer2 (HttpServer2.java:addFilter(958)) - Added filter static_user_filter (class=org.apache.hadoop.http.lib.StaticUserWebFilter$StaticUserFilter) to context static
2019-07-14 16:17:09,899 INFO  http.HttpServer2 (HttpServer2.java:addFilter(958)) - Added filter static_user_filter (class=org.apache.hadoop.http.lib.StaticUserWebFilter$StaticUserFilter) to context logs
2019-07-14 16:17:09,900 INFO  http.HttpServer2 (HttpServer2.java:bindListener(1191)) - Jetty bound to port 41317
2019-07-14 16:17:09,900 INFO  server.Server (Server.java:doStart(351)) - jetty-9.3.24.v20180605, build timestamp: 2018-06-05T17:11:56Z, git hash: 84205aa28f11a4f31f2a3b86d1bba2cc8ab69827
2019-07-14 16:17:09,902 INFO  handler.ContextHandler (ContextHandler.java:doStart(781)) - Started o.e.j.s.ServletContextHandler@3b7dd173{/logs,file:///workdir/hadoop-ozone/integration-test/target/log,AVAILABLE}
2019-07-14 16:17:09,902 INFO  handler.ContextHandler (ContextHandler.java:doStart(781)) - Started o.e.j.s.ServletContextHandler@524418a2{/static,jar:file:/home/user/.m2/repository/org/apache/hadoop/hadoop-hdds-container-service/0.5.0-SNAPSHOT/hadoop-hdds-container-service-0.5.0-SNAPSHOT.jar!/webapps/static,AVAILABLE}
2019-07-14 16:17:09,929 INFO  handler.ContextHandler (ContextHandler.java:doStart(781)) - Started o.e.j.w.WebAppContext@8961e55{/,file:///tmp/jetty-0.0.0.0-41317-hddsDatanode-_-any-309142166753952780.dir/webapp/,AVAILABLE}{/hddsDatanode}
2019-07-14 16:17:09,930 INFO  server.AbstractConnector (AbstractConnector.java:doStart(278)) - Started ServerConnector@67eabe02{HTTP/1.1,[http/1.1]}{0.0.0.0:41317}
2019-07-14 16:17:09,935 INFO  server.Server (Server.java:doStart(419)) - Started @100730ms
2019-07-14 16:17:09,936 INFO  server.BaseHttpServer (BaseHttpServer.java:updateConnectorAddress(207)) - HTTP server of HDDSDATANODE is listening at http://0.0.0.0:41317
2019-07-14 16:17:10,050 INFO  ozone.HddsDatanodeService (HddsDatanodeService.java:startPlugins(396)) - Started plug-in org.apache.hadoop.ozone.web.OzoneHddsDatanodeService@3ef4a8fb
2019-07-14 16:17:10,051 INFO  impl.MetricsSystemImpl (MetricsSystemImpl.java:init(158)) - HddsDatanode metrics system started (again)
2019-07-14 16:17:10,103 INFO  util.JvmPauseMonitor (JvmPauseMonitor.java:run(188)) - Starting JVM pause monitor
2019-07-14 16:17:10,104 INFO  ozone.HddsDatanodeService (HddsDatanodeService.java:start(185)) - HddsDatanodeService host:pr-hdds-1710-5x6jb-1204890111 ip:192.168.69.77
2019-07-14 16:17:10,105 INFO  datanode.InitDatanodeState (InitDatanodeState.java:persistContainerDatanodeDetails(140)) - DatanodeDetails is persisted to /workdir/hadoop-ozone/integration-test/target/test-dir/MiniOzoneClusterImpl-37e024c3-addb-4161-a953-d138a2f05756/datanode-1/meta/datanode.id
2019-07-14 16:17:10,122 INFO  volume.HddsVolume (HddsVolume.java:<init>(176)) - Creating Volume: /workdir/hadoop-ozone/integration-test/target/test-dir/MiniOzoneClusterImpl-37e024c3-addb-4161-a953-d138a2f05756/datanode-2/data/containers/hdds of  storage type : DISK and capacity : 52710309888
2019-07-14 16:17:10,122 INFO  volume.VolumeSet (VolumeSet.java:initializeVolumeSet(170)) - Added Volume : /workdir/hadoop-ozone/integration-test/target/test-dir/MiniOzoneClusterImpl-37e024c3-addb-4161-a953-d138a2f05756/datanode-2/data/containers/hdds to VolumeSet
2019-07-14 16:17:10,122 INFO  volume.ThrottledAsyncChecker (ThrottledAsyncChecker.java:schedule(140)) - Scheduling a check for org.apache.hadoop.ozone.container.common.volume.HddsVolume@6e3acd7
2019-07-14 16:17:10,123 INFO  volume.HddsVolumeChecker (HddsVolumeChecker.java:checkAllVolumes(203)) - Scheduled health check for volume org.apache.hadoop.ozone.container.common.volume.HddsVolume@6e3acd7
2019-07-14 16:17:10,141 INFO  impl.RaftServerProxy (ConfUtils.java:logGet(43)) - raft.rpc.type = GRPC (default)
2019-07-14 16:17:10,141 INFO  grpc.GrpcFactory (GrpcFactory.java:checkPooledByteBufAllocatorUseCacheForAllThreads(45)) - PERFORMANCE WARNING: useCacheForAllThreads is true that may cause Netty to create a lot garbage objects and, as a result, trigger GC.
	It is recommended to disable useCacheForAllThreads by setting -Dorg.apache.ratis.thirdparty.io.netty.allocator.useCacheForAllThreads=false in command line.
2019-07-14 16:17:10,142 INFO  grpc.GrpcConfigKeys$Server (ConfUtils.java:logGet(43)) - raft.grpc.server.port = 0 (default)
2019-07-14 16:17:10,142 INFO  server.GrpcService (ConfUtils.java:logGet(43)) - raft.grpc.message.size.max = 33570816 (custom)
2019-07-14 16:17:10,142 INFO  server.RaftServerConfigKeys (ConfUtils.java:logGet(43)) - raft.server.log.appender.buffer.byte-limit = 33554432 (custom)
2019-07-14 16:17:10,142 INFO  server.GrpcService (ConfUtils.java:logGet(43)) - raft.grpc.flow.control.window = 1MB (=1048576) (default)
2019-07-14 16:17:10,142 INFO  server.RaftServerConfigKeys (ConfUtils.java:logGet(43)) - raft.server.rpc.request.timeout = 3000ms (default)
2019-07-14 16:17:10,143 INFO  server.RaftServerConfigKeys (ConfUtils.java:logGet(43)) - raft.server.storage.dir = [/workdir/hadoop-ozone/integration-test/target/test-dir/MiniOzoneClusterImpl-37e024c3-addb-4161-a953-d138a2f05756/datanode-2/data/ratis] (custom)
2019-07-14 16:17:10,143 INFO  replication.SimpleContainerDownloader (SimpleContainerDownloader.java:<init>(72)) - Starting container downloader service to copy containers to replicate.
2019-07-14 16:17:10,144 INFO  hdfs.DFSUtil (DFSUtil.java:httpServerTemplateForNNAndJN(1641)) - Starting Web-server for hddsDatanode at: http://0.0.0.0:0
2019-07-14 16:17:10,145 INFO  server.AuthenticationFilter (AuthenticationFilter.java:constructSecretProvider(240)) - Unable to initialize FileSignerSecretProvider, falling back to use random secrets.
2019-07-14 16:17:10,146 WARN  http.HttpRequestLog (HttpRequestLog.java:getRequestLog(97)) - Jetty request log can only be enabled using Log4j
2019-07-14 16:17:10,147 INFO  http.HttpServer2 (HttpServer2.java:addGlobalFilter(975)) - Added global filter 'safety' (class=org.apache.hadoop.http.HttpServer2$QuotingInputFilter)
2019-07-14 16:17:10,147 INFO  http.HttpServer2 (HttpServer2.java:addFilter(948)) - Added filter static_user_filter (class=org.apache.hadoop.http.lib.StaticUserWebFilter$StaticUserFilter) to context hddsDatanode
2019-07-14 16:17:10,147 INFO  http.HttpServer2 (HttpServer2.java:addFilter(958)) - Added filter static_user_filter (class=org.apache.hadoop.http.lib.StaticUserWebFilter$StaticUserFilter) to context logs
2019-07-14 16:17:10,148 INFO  http.HttpServer2 (HttpServer2.java:addFilter(958)) - Added filter static_user_filter (class=org.apache.hadoop.http.lib.StaticUserWebFilter$StaticUserFilter) to context static
2019-07-14 16:17:10,148 INFO  http.HttpServer2 (HttpServer2.java:bindListener(1191)) - Jetty bound to port 36672
2019-07-14 16:17:10,148 INFO  server.Server (Server.java:doStart(351)) - jetty-9.3.24.v20180605, build timestamp: 2018-06-05T17:11:56Z, git hash: 84205aa28f11a4f31f2a3b86d1bba2cc8ab69827
2019-07-14 16:17:10,150 INFO  handler.ContextHandler (ContextHandler.java:doStart(781)) - Started o.e.j.s.ServletContextHandler@818a514{/logs,file:///workdir/hadoop-ozone/integration-test/target/log,AVAILABLE}
2019-07-14 16:17:10,150 INFO  handler.ContextHandler (ContextHandler.java:doStart(781)) - Started o.e.j.s.ServletContextHandler@495e1ad1{/static,jar:file:/home/user/.m2/repository/org/apache/hadoop/hadoop-hdds-container-service/0.5.0-SNAPSHOT/hadoop-hdds-container-service-0.5.0-SNAPSHOT.jar!/webapps/static,AVAILABLE}
2019-07-14 16:17:10,177 INFO  handler.ContextHandler (ContextHandler.java:doStart(781)) - Started o.e.j.w.WebAppContext@195888a6{/,file:///tmp/jetty-0.0.0.0-36672-hddsDatanode-_-any-3316766546487034416.dir/webapp/,AVAILABLE}{/hddsDatanode}
2019-07-14 16:17:10,177 INFO  server.AbstractConnector (AbstractConnector.java:doStart(278)) - Started ServerConnector@2ced7cf{HTTP/1.1,[http/1.1]}{0.0.0.0:36672}
2019-07-14 16:17:10,182 INFO  server.Server (Server.java:doStart(419)) - Started @100977ms
2019-07-14 16:17:10,183 INFO  server.BaseHttpServer (BaseHttpServer.java:updateConnectorAddress(207)) - HTTP server of HDDSDATANODE is listening at http://0.0.0.0:36672
2019-07-14 16:17:10,301 INFO  ozone.HddsDatanodeService (HddsDatanodeService.java:startPlugins(396)) - Started plug-in org.apache.hadoop.ozone.web.OzoneHddsDatanodeService@399acce3
2019-07-14 16:17:10,301 INFO  impl.MetricsSystemImpl (MetricsSystemImpl.java:init(158)) - HddsDatanode metrics system started (again)
2019-07-14 16:17:10,352 INFO  util.JvmPauseMonitor (JvmPauseMonitor.java:run(188)) - Starting JVM pause monitor
2019-07-14 16:17:10,353 INFO  datanode.InitDatanodeState (InitDatanodeState.java:persistContainerDatanodeDetails(140)) - DatanodeDetails is persisted to /workdir/hadoop-ozone/integration-test/target/test-dir/MiniOzoneClusterImpl-37e024c3-addb-4161-a953-d138a2f05756/datanode-2/meta/datanode.id
2019-07-14 16:17:10,353 INFO  ozone.HddsDatanodeService (HddsDatanodeService.java:start(185)) - HddsDatanodeService host:pr-hdds-1710-5x6jb-1204890111 ip:192.168.69.77
2019-07-14 16:17:10,372 INFO  volume.HddsVolume (HddsVolume.java:<init>(176)) - Creating Volume: /workdir/hadoop-ozone/integration-test/target/test-dir/MiniOzoneClusterImpl-37e024c3-addb-4161-a953-d138a2f05756/datanode-3/data/containers/hdds of  storage type : DISK and capacity : 52710309888
2019-07-14 16:17:10,372 INFO  volume.VolumeSet (VolumeSet.java:initializeVolumeSet(170)) - Added Volume : /workdir/hadoop-ozone/integration-test/target/test-dir/MiniOzoneClusterImpl-37e024c3-addb-4161-a953-d138a2f05756/datanode-3/data/containers/hdds to VolumeSet
2019-07-14 16:17:10,372 INFO  volume.ThrottledAsyncChecker (ThrottledAsyncChecker.java:schedule(140)) - Scheduling a check for org.apache.hadoop.ozone.container.common.volume.HddsVolume@7f69c4c0
2019-07-14 16:17:10,373 INFO  volume.HddsVolumeChecker (HddsVolumeChecker.java:checkAllVolumes(203)) - Scheduled health check for volume org.apache.hadoop.ozone.container.common.volume.HddsVolume@7f69c4c0
2019-07-14 16:17:10,397 INFO  impl.RaftServerProxy (ConfUtils.java:logGet(43)) - raft.rpc.type = GRPC (default)
2019-07-14 16:17:10,397 INFO  grpc.GrpcFactory (GrpcFactory.java:checkPooledByteBufAllocatorUseCacheForAllThreads(45)) - PERFORMANCE WARNING: useCacheForAllThreads is true that may cause Netty to create a lot garbage objects and, as a result, trigger GC.
	It is recommended to disable useCacheForAllThreads by setting -Dorg.apache.ratis.thirdparty.io.netty.allocator.useCacheForAllThreads=false in command line.
2019-07-14 16:17:10,397 INFO  grpc.GrpcConfigKeys$Server (ConfUtils.java:logGet(43)) - raft.grpc.server.port = 0 (default)
2019-07-14 16:17:10,397 INFO  server.GrpcService (ConfUtils.java:logGet(43)) - raft.grpc.message.size.max = 33570816 (custom)
2019-07-14 16:17:10,397 INFO  server.RaftServerConfigKeys (ConfUtils.java:logGet(43)) - raft.server.log.appender.buffer.byte-limit = 33554432 (custom)
2019-07-14 16:17:10,398 INFO  server.GrpcService (ConfUtils.java:logGet(43)) - raft.grpc.flow.control.window = 1MB (=1048576) (default)
2019-07-14 16:17:10,398 INFO  server.RaftServerConfigKeys (ConfUtils.java:logGet(43)) - raft.server.rpc.request.timeout = 3000ms (default)
2019-07-14 16:17:10,398 INFO  server.RaftServerConfigKeys (ConfUtils.java:logGet(43)) - raft.server.storage.dir = [/workdir/hadoop-ozone/integration-test/target/test-dir/MiniOzoneClusterImpl-37e024c3-addb-4161-a953-d138a2f05756/datanode-3/data/ratis] (custom)
2019-07-14 16:17:10,399 INFO  replication.SimpleContainerDownloader (SimpleContainerDownloader.java:<init>(72)) - Starting container downloader service to copy containers to replicate.
2019-07-14 16:17:10,400 INFO  hdfs.DFSUtil (DFSUtil.java:httpServerTemplateForNNAndJN(1641)) - Starting Web-server for hddsDatanode at: http://0.0.0.0:0
2019-07-14 16:17:10,401 INFO  server.AuthenticationFilter (AuthenticationFilter.java:constructSecretProvider(240)) - Unable to initialize FileSignerSecretProvider, falling back to use random secrets.
2019-07-14 16:17:10,401 WARN  http.HttpRequestLog (HttpRequestLog.java:getRequestLog(97)) - Jetty request log can only be enabled using Log4j
2019-07-14 16:17:10,402 INFO  http.HttpServer2 (HttpServer2.java:addGlobalFilter(975)) - Added global filter 'safety' (class=org.apache.hadoop.http.HttpServer2$QuotingInputFilter)
2019-07-14 16:17:10,403 INFO  http.HttpServer2 (HttpServer2.java:addFilter(948)) - Added filter static_user_filter (class=org.apache.hadoop.http.lib.StaticUserWebFilter$StaticUserFilter) to context hddsDatanode
2019-07-14 16:17:10,403 INFO  http.HttpServer2 (HttpServer2.java:addFilter(958)) - Added filter static_user_filter (class=org.apache.hadoop.http.lib.StaticUserWebFilter$StaticUserFilter) to context static
2019-07-14 16:17:10,403 INFO  http.HttpServer2 (HttpServer2.java:addFilter(958)) - Added filter static_user_filter (class=org.apache.hadoop.http.lib.StaticUserWebFilter$StaticUserFilter) to context logs
2019-07-14 16:17:10,404 INFO  http.HttpServer2 (HttpServer2.java:bindListener(1191)) - Jetty bound to port 34796
2019-07-14 16:17:10,404 INFO  server.Server (Server.java:doStart(351)) - jetty-9.3.24.v20180605, build timestamp: 2018-06-05T17:11:56Z, git hash: 84205aa28f11a4f31f2a3b86d1bba2cc8ab69827
2019-07-14 16:17:10,406 INFO  handler.ContextHandler (ContextHandler.java:doStart(781)) - Started o.e.j.s.ServletContextHandler@e8fb390{/logs,file:///workdir/hadoop-ozone/integration-test/target/log,AVAILABLE}
2019-07-14 16:17:10,406 INFO  handler.ContextHandler (ContextHandler.java:doStart(781)) - Started o.e.j.s.ServletContextHandler@5cdf61d{/static,jar:file:/home/user/.m2/repository/org/apache/hadoop/hadoop-hdds-container-service/0.5.0-SNAPSHOT/hadoop-hdds-container-service-0.5.0-SNAPSHOT.jar!/webapps/static,AVAILABLE}
2019-07-14 16:17:10,433 INFO  handler.ContextHandler (ContextHandler.java:doStart(781)) - Started o.e.j.w.WebAppContext@4b8601a1{/,file:///tmp/jetty-0.0.0.0-34796-hddsDatanode-_-any-270100330515747971.dir/webapp/,AVAILABLE}{/hddsDatanode}
2019-07-14 16:17:10,433 INFO  server.AbstractConnector (AbstractConnector.java:doStart(278)) - Started ServerConnector@3f7a7ce6{HTTP/1.1,[http/1.1]}{0.0.0.0:34796}
2019-07-14 16:17:10,439 INFO  server.Server (Server.java:doStart(419)) - Started @101233ms
2019-07-14 16:17:10,439 INFO  server.BaseHttpServer (BaseHttpServer.java:updateConnectorAddress(207)) - HTTP server of HDDSDATANODE is listening at http://0.0.0.0:34796
2019-07-14 16:17:10,548 INFO  ozone.HddsDatanodeService (HddsDatanodeService.java:startPlugins(396)) - Started plug-in org.apache.hadoop.ozone.web.OzoneHddsDatanodeService@3031d9e9
2019-07-14 16:17:10,549 INFO  impl.MetricsSystemImpl (MetricsSystemImpl.java:init(158)) - HddsDatanode metrics system started (again)
2019-07-14 16:17:10,606 INFO  util.JvmPauseMonitor (JvmPauseMonitor.java:run(188)) - Starting JVM pause monitor
2019-07-14 16:17:10,612 INFO  datanode.InitDatanodeState (InitDatanodeState.java:persistContainerDatanodeDetails(140)) - DatanodeDetails is persisted to /workdir/hadoop-ozone/integration-test/target/test-dir/MiniOzoneClusterImpl-37e024c3-addb-4161-a953-d138a2f05756/datanode-3/meta/datanode.id
2019-07-14 16:17:10,615 INFO  ozone.HddsDatanodeService (HddsDatanodeService.java:start(185)) - HddsDatanodeService host:pr-hdds-1710-5x6jb-1204890111 ip:192.168.69.77
2019-07-14 16:17:10,634 INFO  volume.HddsVolume (HddsVolume.java:<init>(176)) - Creating Volume: /workdir/hadoop-ozone/integration-test/target/test-dir/MiniOzoneClusterImpl-37e024c3-addb-4161-a953-d138a2f05756/datanode-4/data/containers/hdds of  storage type : DISK and capacity : 52710309888
2019-07-14 16:17:10,635 INFO  volume.VolumeSet (VolumeSet.java:initializeVolumeSet(170)) - Added Volume : /workdir/hadoop-ozone/integration-test/target/test-dir/MiniOzoneClusterImpl-37e024c3-addb-4161-a953-d138a2f05756/datanode-4/data/containers/hdds to VolumeSet
2019-07-14 16:17:10,635 INFO  volume.ThrottledAsyncChecker (ThrottledAsyncChecker.java:schedule(140)) - Scheduling a check for org.apache.hadoop.ozone.container.common.volume.HddsVolume@2d6e09f0
2019-07-14 16:17:10,636 INFO  volume.HddsVolumeChecker (HddsVolumeChecker.java:checkAllVolumes(203)) - Scheduled health check for volume org.apache.hadoop.ozone.container.common.volume.HddsVolume@2d6e09f0
2019-07-14 16:17:10,663 INFO  impl.RaftServerProxy (ConfUtils.java:logGet(43)) - raft.rpc.type = GRPC (default)
2019-07-14 16:17:10,664 INFO  grpc.GrpcFactory (GrpcFactory.java:checkPooledByteBufAllocatorUseCacheForAllThreads(45)) - PERFORMANCE WARNING: useCacheForAllThreads is true that may cause Netty to create a lot garbage objects and, as a result, trigger GC.
	It is recommended to disable useCacheForAllThreads by setting -Dorg.apache.ratis.thirdparty.io.netty.allocator.useCacheForAllThreads=false in command line.
2019-07-14 16:17:10,664 INFO  grpc.GrpcConfigKeys$Server (ConfUtils.java:logGet(43)) - raft.grpc.server.port = 0 (default)
2019-07-14 16:17:10,664 INFO  server.GrpcService (ConfUtils.java:logGet(43)) - raft.grpc.message.size.max = 33570816 (custom)
2019-07-14 16:17:10,664 INFO  server.RaftServerConfigKeys (ConfUtils.java:logGet(43)) - raft.server.log.appender.buffer.byte-limit = 33554432 (custom)
2019-07-14 16:17:10,665 INFO  server.GrpcService (ConfUtils.java:logGet(43)) - raft.grpc.flow.control.window = 1MB (=1048576) (default)
2019-07-14 16:17:10,665 INFO  server.RaftServerConfigKeys (ConfUtils.java:logGet(43)) - raft.server.rpc.request.timeout = 3000ms (default)
2019-07-14 16:17:10,666 INFO  server.RaftServerConfigKeys (ConfUtils.java:logGet(43)) - raft.server.storage.dir = [/workdir/hadoop-ozone/integration-test/target/test-dir/MiniOzoneClusterImpl-37e024c3-addb-4161-a953-d138a2f05756/datanode-4/data/ratis] (custom)
2019-07-14 16:17:10,666 INFO  replication.SimpleContainerDownloader (SimpleContainerDownloader.java:<init>(72)) - Starting container downloader service to copy containers to replicate.
2019-07-14 16:17:10,668 INFO  hdfs.DFSUtil (DFSUtil.java:httpServerTemplateForNNAndJN(1641)) - Starting Web-server for hddsDatanode at: http://0.0.0.0:0
2019-07-14 16:17:10,670 INFO  server.AuthenticationFilter (AuthenticationFilter.java:constructSecretProvider(240)) - Unable to initialize FileSignerSecretProvider, falling back to use random secrets.
2019-07-14 16:17:10,670 WARN  http.HttpRequestLog (HttpRequestLog.java:getRequestLog(97)) - Jetty request log can only be enabled using Log4j
2019-07-14 16:17:10,672 INFO  http.HttpServer2 (HttpServer2.java:addGlobalFilter(975)) - Added global filter 'safety' (class=org.apache.hadoop.http.HttpServer2$QuotingInputFilter)
2019-07-14 16:17:10,673 INFO  http.HttpServer2 (HttpServer2.java:addFilter(948)) - Added filter static_user_filter (class=org.apache.hadoop.http.lib.StaticUserWebFilter$StaticUserFilter) to context hddsDatanode
2019-07-14 16:17:10,673 INFO  http.HttpServer2 (HttpServer2.java:addFilter(958)) - Added filter static_user_filter (class=org.apache.hadoop.http.lib.StaticUserWebFilter$StaticUserFilter) to context logs
2019-07-14 16:17:10,673 INFO  http.HttpServer2 (HttpServer2.java:addFilter(958)) - Added filter static_user_filter (class=org.apache.hadoop.http.lib.StaticUserWebFilter$StaticUserFilter) to context static
2019-07-14 16:17:10,674 INFO  http.HttpServer2 (HttpServer2.java:bindListener(1191)) - Jetty bound to port 42589
2019-07-14 16:17:10,675 INFO  server.Server (Server.java:doStart(351)) - jetty-9.3.24.v20180605, build timestamp: 2018-06-05T17:11:56Z, git hash: 84205aa28f11a4f31f2a3b86d1bba2cc8ab69827
2019-07-14 16:17:10,677 INFO  handler.ContextHandler (ContextHandler.java:doStart(781)) - Started o.e.j.s.ServletContextHandler@117be84a{/logs,file:///workdir/hadoop-ozone/integration-test/target/log,AVAILABLE}
2019-07-14 16:17:10,677 INFO  handler.ContextHandler (ContextHandler.java:doStart(781)) - Started o.e.j.s.ServletContextHandler@78de0f6f{/static,jar:file:/home/user/.m2/repository/org/apache/hadoop/hadoop-hdds-container-service/0.5.0-SNAPSHOT/hadoop-hdds-container-service-0.5.0-SNAPSHOT.jar!/webapps/static,AVAILABLE}
2019-07-14 16:17:10,718 INFO  handler.ContextHandler (ContextHandler.java:doStart(781)) - Started o.e.j.w.WebAppContext@63e4bbf9{/,file:///tmp/jetty-0.0.0.0-42589-hddsDatanode-_-any-8921152283578833128.dir/webapp/,AVAILABLE}{/hddsDatanode}
2019-07-14 16:17:10,718 INFO  server.AbstractConnector (AbstractConnector.java:doStart(278)) - Started ServerConnector@455cb6d9{HTTP/1.1,[http/1.1]}{0.0.0.0:42589}
2019-07-14 16:17:10,725 INFO  server.Server (Server.java:doStart(419)) - Started @101520ms
2019-07-14 16:17:10,726 INFO  server.BaseHttpServer (BaseHttpServer.java:updateConnectorAddress(207)) - HTTP server of HDDSDATANODE is listening at http://0.0.0.0:42589
2019-07-14 16:17:10,844 INFO  ozone.HddsDatanodeService (HddsDatanodeService.java:startPlugins(396)) - Started plug-in org.apache.hadoop.ozone.web.OzoneHddsDatanodeService@4fe4b8b6
2019-07-14 16:17:10,844 INFO  impl.MetricsSystemImpl (MetricsSystemImpl.java:init(158)) - HddsDatanode metrics system started (again)
2019-07-14 16:17:10,895 INFO  util.JvmPauseMonitor (JvmPauseMonitor.java:run(188)) - Starting JVM pause monitor
2019-07-14 16:17:10,897 INFO  ozone.HddsDatanodeService (HddsDatanodeService.java:start(185)) - HddsDatanodeService host:pr-hdds-1710-5x6jb-1204890111 ip:192.168.69.77
2019-07-14 16:17:10,897 INFO  datanode.InitDatanodeState (InitDatanodeState.java:persistContainerDatanodeDetails(140)) - DatanodeDetails is persisted to /workdir/hadoop-ozone/integration-test/target/test-dir/MiniOzoneClusterImpl-37e024c3-addb-4161-a953-d138a2f05756/datanode-4/meta/datanode.id
2019-07-14 16:17:10,915 INFO  volume.HddsVolume (HddsVolume.java:<init>(176)) - Creating Volume: /workdir/hadoop-ozone/integration-test/target/test-dir/MiniOzoneClusterImpl-37e024c3-addb-4161-a953-d138a2f05756/datanode-5/data/containers/hdds of  storage type : DISK and capacity : 52710309888
2019-07-14 16:17:10,915 INFO  volume.VolumeSet (VolumeSet.java:initializeVolumeSet(170)) - Added Volume : /workdir/hadoop-ozone/integration-test/target/test-dir/MiniOzoneClusterImpl-37e024c3-addb-4161-a953-d138a2f05756/datanode-5/data/containers/hdds to VolumeSet
2019-07-14 16:17:10,916 INFO  volume.ThrottledAsyncChecker (ThrottledAsyncChecker.java:schedule(140)) - Scheduling a check for org.apache.hadoop.ozone.container.common.volume.HddsVolume@31d791c0
2019-07-14 16:17:10,916 INFO  volume.HddsVolumeChecker (HddsVolumeChecker.java:checkAllVolumes(203)) - Scheduled health check for volume org.apache.hadoop.ozone.container.common.volume.HddsVolume@31d791c0
2019-07-14 16:17:10,940 INFO  impl.RaftServerProxy (ConfUtils.java:logGet(43)) - raft.rpc.type = GRPC (default)
2019-07-14 16:17:10,940 INFO  grpc.GrpcFactory (GrpcFactory.java:checkPooledByteBufAllocatorUseCacheForAllThreads(45)) - PERFORMANCE WARNING: useCacheForAllThreads is true that may cause Netty to create a lot garbage objects and, as a result, trigger GC.
	It is recommended to disable useCacheForAllThreads by setting -Dorg.apache.ratis.thirdparty.io.netty.allocator.useCacheForAllThreads=false in command line.
2019-07-14 16:17:10,940 INFO  grpc.GrpcConfigKeys$Server (ConfUtils.java:logGet(43)) - raft.grpc.server.port = 0 (default)
2019-07-14 16:17:10,940 INFO  server.GrpcService (ConfUtils.java:logGet(43)) - raft.grpc.message.size.max = 33570816 (custom)
2019-07-14 16:17:10,940 INFO  server.RaftServerConfigKeys (ConfUtils.java:logGet(43)) - raft.server.log.appender.buffer.byte-limit = 33554432 (custom)
2019-07-14 16:17:10,941 INFO  server.GrpcService (ConfUtils.java:logGet(43)) - raft.grpc.flow.control.window = 1MB (=1048576) (default)
2019-07-14 16:17:10,941 INFO  server.RaftServerConfigKeys (ConfUtils.java:logGet(43)) - raft.server.rpc.request.timeout = 3000ms (default)
2019-07-14 16:17:10,941 INFO  server.RaftServerConfigKeys (ConfUtils.java:logGet(43)) - raft.server.storage.dir = [/workdir/hadoop-ozone/integration-test/target/test-dir/MiniOzoneClusterImpl-37e024c3-addb-4161-a953-d138a2f05756/datanode-5/data/ratis] (custom)
2019-07-14 16:17:10,942 INFO  replication.SimpleContainerDownloader (SimpleContainerDownloader.java:<init>(72)) - Starting container downloader service to copy containers to replicate.
2019-07-14 16:17:10,943 INFO  hdfs.DFSUtil (DFSUtil.java:httpServerTemplateForNNAndJN(1641)) - Starting Web-server for hddsDatanode at: http://0.0.0.0:0
2019-07-14 16:17:10,944 INFO  server.AuthenticationFilter (AuthenticationFilter.java:constructSecretProvider(240)) - Unable to initialize FileSignerSecretProvider, falling back to use random secrets.
2019-07-14 16:17:10,944 WARN  http.HttpRequestLog (HttpRequestLog.java:getRequestLog(97)) - Jetty request log can only be enabled using Log4j
2019-07-14 16:17:10,945 INFO  http.HttpServer2 (HttpServer2.java:addGlobalFilter(975)) - Added global filter 'safety' (class=org.apache.hadoop.http.HttpServer2$QuotingInputFilter)
2019-07-14 16:17:10,946 INFO  http.HttpServer2 (HttpServer2.java:addFilter(948)) - Added filter static_user_filter (class=org.apache.hadoop.http.lib.StaticUserWebFilter$StaticUserFilter) to context hddsDatanode
2019-07-14 16:17:10,946 INFO  http.HttpServer2 (HttpServer2.java:addFilter(958)) - Added filter static_user_filter (class=org.apache.hadoop.http.lib.StaticUserWebFilter$StaticUserFilter) to context static
2019-07-14 16:17:10,946 INFO  http.HttpServer2 (HttpServer2.java:addFilter(958)) - Added filter static_user_filter (class=org.apache.hadoop.http.lib.StaticUserWebFilter$StaticUserFilter) to context logs
2019-07-14 16:17:10,947 INFO  http.HttpServer2 (HttpServer2.java:bindListener(1191)) - Jetty bound to port 45286
2019-07-14 16:17:10,947 INFO  server.Server (Server.java:doStart(351)) - jetty-9.3.24.v20180605, build timestamp: 2018-06-05T17:11:56Z, git hash: 84205aa28f11a4f31f2a3b86d1bba2cc8ab69827
2019-07-14 16:17:10,949 INFO  handler.ContextHandler (ContextHandler.java:doStart(781)) - Started o.e.j.s.ServletContextHandler@a3f1f32{/logs,file:///workdir/hadoop-ozone/integration-test/target/log,AVAILABLE}
2019-07-14 16:17:10,949 INFO  handler.ContextHandler (ContextHandler.java:doStart(781)) - Started o.e.j.s.ServletContextHandler@580a5b6e{/static,jar:file:/home/user/.m2/repository/org/apache/hadoop/hadoop-hdds-container-service/0.5.0-SNAPSHOT/hadoop-hdds-container-service-0.5.0-SNAPSHOT.jar!/webapps/static,AVAILABLE}
2019-07-14 16:17:10,975 INFO  handler.ContextHandler (ContextHandler.java:doStart(781)) - Started o.e.j.w.WebAppContext@7053a864{/,file:///tmp/jetty-0.0.0.0-45286-hddsDatanode-_-any-5196771348435938809.dir/webapp/,AVAILABLE}{/hddsDatanode}
2019-07-14 16:17:10,975 INFO  server.AbstractConnector (AbstractConnector.java:doStart(278)) - Started ServerConnector@282079b9{HTTP/1.1,[http/1.1]}{0.0.0.0:45286}
2019-07-14 16:17:10,981 INFO  server.Server (Server.java:doStart(419)) - Started @101776ms
2019-07-14 16:17:10,982 INFO  server.BaseHttpServer (BaseHttpServer.java:updateConnectorAddress(207)) - HTTP server of HDDSDATANODE is listening at http://0.0.0.0:45286
2019-07-14 16:17:11,090 INFO  ozone.HddsDatanodeService (HddsDatanodeService.java:startPlugins(396)) - Started plug-in org.apache.hadoop.ozone.web.OzoneHddsDatanodeService@28a33dc9
2019-07-14 16:17:11,091 INFO  ozone.MiniOzoneClusterImpl (MiniOzoneClusterImpl.java:lambda$waitForClusterToBeReady$0(142)) - Waiting for cluster to be ready. Got 0 of 6 DN Heartbeats.
2019-07-14 16:17:11,092 INFO  util.JvmPauseMonitor (JvmPauseMonitor.java:run(188)) - Starting JVM pause monitor
2019-07-14 16:17:11,094 INFO  datanode.InitDatanodeState (InitDatanodeState.java:persistContainerDatanodeDetails(140)) - DatanodeDetails is persisted to /workdir/hadoop-ozone/integration-test/target/test-dir/MiniOzoneClusterImpl-37e024c3-addb-4161-a953-d138a2f05756/datanode-5/meta/datanode.id
2019-07-14 16:17:11,597 INFO  impl.FollowerState (FollowerState.java:run(106)) - 9a9be6ef-2406-4fd3-9deb-459573555e59:group-A66F450D9D49 changes to CANDIDATE, lastRpcTime:5012, electionTimeout:5012ms
2019-07-14 16:17:11,597 INFO  impl.RoleInfo (RoleInfo.java:shutdownFollowerState(121)) - 9a9be6ef-2406-4fd3-9deb-459573555e59: shutdown FollowerState
2019-07-14 16:17:11,597 INFO  impl.RaftServerImpl (RaftServerImpl.java:setRole(171)) - 9a9be6ef-2406-4fd3-9deb-459573555e59:group-A66F450D9D49 changes role from FOLLOWER to CANDIDATE at term 1 for changeToCandidate
2019-07-14 16:17:11,597 INFO  impl.RoleInfo (RoleInfo.java:updateAndGet(143)) - 9a9be6ef-2406-4fd3-9deb-459573555e59: start LeaderElection
2019-07-14 16:17:11,633 INFO  impl.LeaderElection (LeaderElection.java:askForVotes(181)) - 9a9be6ef-2406-4fd3-9deb-459573555e59:group-A66F450D9D49:LeaderElection44: begin an election at term 2 for -1: [3ffe8ba0-68ae-4ed4-9d66-ae81756a452a:192.168.69.77:44101, 9a9be6ef-2406-4fd3-9deb-459573555e59:192.168.69.77:33979, 974b1e45-f3ab-4dc9-b505-d611fcd8a8c6:192.168.69.77:45362], old=null
2019-07-14 16:17:11,637 INFO  impl.RaftServerImpl (RaftServerImpl.java:setRole(171)) - 3ffe8ba0-68ae-4ed4-9d66-ae81756a452a:group-A66F450D9D49 changes role from FOLLOWER to FOLLOWER at term 2 for recognizeCandidate:9a9be6ef-2406-4fd3-9deb-459573555e59
2019-07-14 16:17:11,637 INFO  impl.RaftServerImpl (RaftServerImpl.java:setRole(171)) - 974b1e45-f3ab-4dc9-b505-d611fcd8a8c6:group-A66F450D9D49 changes role from FOLLOWER to FOLLOWER at term 2 for recognizeCandidate:9a9be6ef-2406-4fd3-9deb-459573555e59
2019-07-14 16:17:11,637 INFO  impl.RoleInfo (RoleInfo.java:shutdownFollowerState(121)) - 3ffe8ba0-68ae-4ed4-9d66-ae81756a452a: shutdown FollowerState
2019-07-14 16:17:11,637 INFO  impl.RoleInfo (RoleInfo.java:shutdownFollowerState(121)) - 974b1e45-f3ab-4dc9-b505-d611fcd8a8c6: shutdown FollowerState
2019-07-14 16:17:11,638 INFO  impl.FollowerState (FollowerState.java:run(114)) - 3ffe8ba0-68ae-4ed4-9d66-ae81756a452a: FollowerState was interrupted: java.lang.InterruptedException: sleep interrupted
2019-07-14 16:17:11,638 INFO  impl.RoleInfo (RoleInfo.java:updateAndGet(143)) - 974b1e45-f3ab-4dc9-b505-d611fcd8a8c6: start FollowerState
2019-07-14 16:17:11,638 INFO  impl.RoleInfo (RoleInfo.java:updateAndGet(143)) - 3ffe8ba0-68ae-4ed4-9d66-ae81756a452a: start FollowerState
2019-07-14 16:17:11,644 INFO  impl.FollowerState (FollowerState.java:run(114)) - 974b1e45-f3ab-4dc9-b505-d611fcd8a8c6: FollowerState was interrupted: java.lang.InterruptedException: sleep interrupted
2019-07-14 16:17:11,666 INFO  impl.LeaderElection (LeaderElection.java:logAndReturn(56)) - 9a9be6ef-2406-4fd3-9deb-459573555e59:group-A66F450D9D49:LeaderElection44: Election PASSED; received 1 response(s) [9a9be6ef-2406-4fd3-9deb-459573555e59<-3ffe8ba0-68ae-4ed4-9d66-ae81756a452a#0:OK-t2] and 0 exception(s); 9a9be6ef-2406-4fd3-9deb-459573555e59:t2, leader=null, voted=9a9be6ef-2406-4fd3-9deb-459573555e59, raftlog=9a9be6ef-2406-4fd3-9deb-459573555e59-SegmentedRaftLog:OPENED:c-1,f-1,i0, conf=-1: [3ffe8ba0-68ae-4ed4-9d66-ae81756a452a:192.168.69.77:44101, 9a9be6ef-2406-4fd3-9deb-459573555e59:192.168.69.77:33979, 974b1e45-f3ab-4dc9-b505-d611fcd8a8c6:192.168.69.77:45362], old=null
2019-07-14 16:17:11,666 INFO  impl.RoleInfo (RoleInfo.java:shutdownLeaderElection(134)) - 9a9be6ef-2406-4fd3-9deb-459573555e59: shutdown LeaderElection
2019-07-14 16:17:11,666 INFO  impl.RaftServerImpl (RaftServerImpl.java:setRole(171)) - 9a9be6ef-2406-4fd3-9deb-459573555e59:group-A66F450D9D49 changes role from CANDIDATE to LEADER at term 2 for changeToLeader
2019-07-14 16:17:11,667 INFO  impl.RaftServerImpl (ServerState.java:setLeader(263)) - 9a9be6ef-2406-4fd3-9deb-459573555e59:group-A66F450D9D49 change Leader from null to 9a9be6ef-2406-4fd3-9deb-459573555e59 at term 2 for becomeLeader, leader elected after 10280ms
2019-07-14 16:17:11,667 INFO  server.RaftServerConfigKeys (ConfUtils.java:logGet(43)) - raft.server.staging.catchup.gap = 1000 (default)
2019-07-14 16:17:11,667 INFO  server.RaftServerConfigKeys (ConfUtils.java:logGet(43)) - raft.server.rpc.sleep.time = 25ms (default)
2019-07-14 16:17:11,667 INFO  server.RaftServerConfigKeys (ConfUtils.java:logGet(43)) - raft.server.write.element-limit = 4096 (default)
2019-07-14 16:17:11,667 INFO  server.RaftServerConfigKeys (ConfUtils.java:logGet(43)) - raft.server.watch.timeout = 10s (default)
2019-07-14 16:17:11,668 INFO  server.RaftServerConfigKeys (ConfUtils.java:logGet(43)) - raft.server.watch.timeout.denomination = 1s (default)
2019-07-14 16:17:11,668 INFO  server.RaftServerConfigKeys (ConfUtils.java:logGet(43)) - raft.server.watch.element-limit = 65536 (default)
2019-07-14 16:17:11,668 INFO  server.RaftServerConfigKeys (ConfUtils.java:logGet(43)) - raft.server.log.appender.snapshot.chunk.size.max = 16MB (=16777216) (default)
2019-07-14 16:17:11,668 INFO  server.RaftServerConfigKeys (ConfUtils.java:logGet(43)) - raft.server.log.appender.buffer.byte-limit = 33554432 (custom)
2019-07-14 16:17:11,668 INFO  server.RaftServerConfigKeys (ConfUtils.java:logGet(43)) - raft.server.log.appender.buffer.element-limit = 1 (custom)
2019-07-14 16:17:11,669 INFO  grpc.GrpcConfigKeys$Server (ConfUtils.java:logGet(43)) - raft.grpc.server.leader.outstanding.appends.max = 128 (default)
2019-07-14 16:17:11,669 INFO  server.RaftServerConfigKeys (ConfUtils.java:logGet(43)) - raft.server.rpc.request.timeout = 3000ms (default)
2019-07-14 16:17:11,669 INFO  server.RaftServerConfigKeys (ConfUtils.java:logGet(43)) - raft.server.log.appender.install.snapshot.enabled = false (custom)
2019-07-14 16:17:11,669 INFO  server.RaftServerConfigKeys (ConfUtils.java:logGet(43)) - raft.server.log.appender.snapshot.chunk.size.max = 16MB (=16777216) (default)
2019-07-14 16:17:11,669 INFO  server.RaftServerConfigKeys (ConfUtils.java:logGet(43)) - raft.server.log.appender.buffer.byte-limit = 33554432 (custom)
2019-07-14 16:17:11,669 INFO  server.RaftServerConfigKeys (ConfUtils.java:logGet(43)) - raft.server.log.appender.buffer.element-limit = 1 (custom)
2019-07-14 16:17:11,670 INFO  grpc.GrpcConfigKeys$Server (ConfUtils.java:logGet(43)) - raft.grpc.server.leader.outstanding.appends.max = 128 (default)
2019-07-14 16:17:11,670 INFO  server.RaftServerConfigKeys (ConfUtils.java:logGet(43)) - raft.server.rpc.request.timeout = 3000ms (default)
2019-07-14 16:17:11,670 INFO  server.RaftServerConfigKeys (ConfUtils.java:logGet(43)) - raft.server.log.appender.install.snapshot.enabled = false (custom)
2019-07-14 16:17:11,670 INFO  impl.RoleInfo (RoleInfo.java:updateAndGet(143)) - 9a9be6ef-2406-4fd3-9deb-459573555e59: start LeaderState
2019-07-14 16:17:11,671 INFO  segmented.SegmentedRaftLogWorker (SegmentedRaftLogWorker.java:startLogSegment(380)) - 9a9be6ef-2406-4fd3-9deb-459573555e59-SegmentedRaftLogWorker:Storage Directory /workdir/hadoop-ozone/integration-test/target/test-dir/MiniOzoneClusterImpl-a8c390b8-4d8e-4c05-bea8-a4587dbfd0c0/datanode-2/data/ratis/201b202a-9297-41ad-a01e-a66f450d9d49: Starting segment from index:0
2019-07-14 16:17:11,672 INFO  impl.RaftServerImpl (ServerState.java:setRaftConf(361)) - 9a9be6ef-2406-4fd3-9deb-459573555e59:group-A66F450D9D49 set configuration 0: [3ffe8ba0-68ae-4ed4-9d66-ae81756a452a:192.168.69.77:44101, 9a9be6ef-2406-4fd3-9deb-459573555e59:192.168.69.77:33979, 974b1e45-f3ab-4dc9-b505-d611fcd8a8c6:192.168.69.77:45362], old=null at 0
2019-07-14 16:17:11,673 INFO  impl.RaftServerImpl (ServerState.java:setLeader(263)) - 3ffe8ba0-68ae-4ed4-9d66-ae81756a452a:group-A66F450D9D49 change Leader from null to 9a9be6ef-2406-4fd3-9deb-459573555e59 at term 2 for appendEntries, leader elected after 10286ms
2019-07-14 16:17:11,673 INFO  impl.RaftServerImpl (ServerState.java:setLeader(263)) - 974b1e45-f3ab-4dc9-b505-d611fcd8a8c6:group-A66F450D9D49 change Leader from null to 9a9be6ef-2406-4fd3-9deb-459573555e59 at term 2 for appendEntries, leader elected after 10287ms
2019-07-14 16:17:11,678 INFO  impl.RaftServerImpl (ServerState.java:setRaftConf(361)) - 3ffe8ba0-68ae-4ed4-9d66-ae81756a452a:group-A66F450D9D49 set configuration 0: [3ffe8ba0-68ae-4ed4-9d66-ae81756a452a:192.168.69.77:44101, 9a9be6ef-2406-4fd3-9deb-459573555e59:192.168.69.77:33979, 974b1e45-f3ab-4dc9-b505-d611fcd8a8c6:192.168.69.77:45362], old=null at 0
2019-07-14 16:17:11,678 INFO  segmented.SegmentedRaftLogWorker (SegmentedRaftLogWorker.java:startLogSegment(380)) - 3ffe8ba0-68ae-4ed4-9d66-ae81756a452a-SegmentedRaftLogWorker:Storage Directory /workdir/hadoop-ozone/integration-test/target/test-dir/MiniOzoneClusterImpl-a8c390b8-4d8e-4c05-bea8-a4587dbfd0c0/datanode-0/data/ratis/201b202a-9297-41ad-a01e-a66f450d9d49: Starting segment from index:0
2019-07-14 16:17:11,678 INFO  impl.RaftServerImpl (ServerState.java:setRaftConf(361)) - 974b1e45-f3ab-4dc9-b505-d611fcd8a8c6:group-A66F450D9D49 set configuration 0: [3ffe8ba0-68ae-4ed4-9d66-ae81756a452a:192.168.69.77:44101, 9a9be6ef-2406-4fd3-9deb-459573555e59:192.168.69.77:33979, 974b1e45-f3ab-4dc9-b505-d611fcd8a8c6:192.168.69.77:45362], old=null at 0
2019-07-14 16:17:11,678 INFO  segmented.SegmentedRaftLogWorker (SegmentedRaftLogWorker.java:startLogSegment(380)) - 974b1e45-f3ab-4dc9-b505-d611fcd8a8c6-SegmentedRaftLogWorker:Storage Directory /workdir/hadoop-ozone/integration-test/target/test-dir/MiniOzoneClusterImpl-a8c390b8-4d8e-4c05-bea8-a4587dbfd0c0/datanode-1/data/ratis/201b202a-9297-41ad-a01e-a66f450d9d49: Starting segment from index:0
2019-07-14 16:17:11,703 INFO  segmented.SegmentedRaftLogWorker (SegmentedRaftLogWorker.java:execute(569)) - 974b1e45-f3ab-4dc9-b505-d611fcd8a8c6-SegmentedRaftLogWorker:Storage Directory /workdir/hadoop-ozone/integration-test/target/test-dir/MiniOzoneClusterImpl-a8c390b8-4d8e-4c05-bea8-a4587dbfd0c0/datanode-1/data/ratis/201b202a-9297-41ad-a01e-a66f450d9d49: created new log segment /workdir/hadoop-ozone/integration-test/target/test-dir/MiniOzoneClusterImpl-a8c390b8-4d8e-4c05-bea8-a4587dbfd0c0/datanode-1/data/ratis/201b202a-9297-41ad-a01e-a66f450d9d49/current/log_inprogress_0
2019-07-14 16:17:11,703 INFO  segmented.SegmentedRaftLogWorker (SegmentedRaftLogWorker.java:execute(569)) - 3ffe8ba0-68ae-4ed4-9d66-ae81756a452a-SegmentedRaftLogWorker:Storage Directory /workdir/hadoop-ozone/integration-test/target/test-dir/MiniOzoneClusterImpl-a8c390b8-4d8e-4c05-bea8-a4587dbfd0c0/datanode-0/data/ratis/201b202a-9297-41ad-a01e-a66f450d9d49: created new log segment /workdir/hadoop-ozone/integration-test/target/test-dir/MiniOzoneClusterImpl-a8c390b8-4d8e-4c05-bea8-a4587dbfd0c0/datanode-0/data/ratis/201b202a-9297-41ad-a01e-a66f450d9d49/current/log_inprogress_0
2019-07-14 16:17:11,703 INFO  segmented.SegmentedRaftLogWorker (SegmentedRaftLogWorker.java:execute(569)) - 9a9be6ef-2406-4fd3-9deb-459573555e59-SegmentedRaftLogWorker:Storage Directory /workdir/hadoop-ozone/integration-test/target/test-dir/MiniOzoneClusterImpl-a8c390b8-4d8e-4c05-bea8-a4587dbfd0c0/datanode-2/data/ratis/201b202a-9297-41ad-a01e-a66f450d9d49: created new log segment /workdir/hadoop-ozone/integration-test/target/test-dir/MiniOzoneClusterImpl-a8c390b8-4d8e-4c05-bea8-a4587dbfd0c0/datanode-2/data/ratis/201b202a-9297-41ad-a01e-a66f450d9d49/current/log_inprogress_0
2019-07-14 16:17:11,909 INFO  ozoneimpl.OzoneContainer (OzoneContainer.java:start(186)) - Attempting to start container services.
2019-07-14 16:17:11,909 INFO  ozoneimpl.OzoneContainer (OzoneContainer.java:startContainerScrub(160)) - Background container scrubber has been disabled by hdds.containerscrub.enabled
2019-07-14 16:17:11,909 INFO  ratis.XceiverServerRatis (XceiverServerRatis.java:start(418)) - Starting XceiverServerRatis c6caa481-fc39-4fa3-8faf-817af7fe412a at port 0
2019-07-14 16:17:11,915 INFO  impl.RaftServerProxy (RaftServerProxy.java:lambda$start$3(299)) - c6caa481-fc39-4fa3-8faf-817af7fe412a: start RPC server
2019-07-14 16:17:11,917 INFO  server.GrpcService (GrpcService.java:startImpl(149)) - c6caa481-fc39-4fa3-8faf-817af7fe412a: GrpcService started, listening on 0.0.0.0/0.0.0.0:37013
2019-07-14 16:17:11,917 INFO  ratis.XceiverServerRatis (XceiverServerRatis.java:start(428)) - XceiverServerRatis c6caa481-fc39-4fa3-8faf-817af7fe412a is started using port 37013
2019-07-14 16:17:11,917 INFO  server.XceiverServerGrpc (XceiverServerGrpc.java:start(161)) - XceiverServerGrpc c6caa481-fc39-4fa3-8faf-817af7fe412a is started using port 38054
2019-07-14 16:17:12,091 INFO  ozone.MiniOzoneClusterImpl (MiniOzoneClusterImpl.java:lambda$waitForClusterToBeReady$0(142)) - Waiting for cluster to be ready. Got 0 of 6 DN Heartbeats.
2019-07-14 16:17:12,125 INFO  ozoneimpl.OzoneContainer (OzoneContainer.java:start(186)) - Attempting to start container services.
2019-07-14 16:17:12,125 INFO  ozoneimpl.OzoneContainer (OzoneContainer.java:startContainerScrub(160)) - Background container scrubber has been disabled by hdds.containerscrub.enabled
2019-07-14 16:17:12,125 INFO  ratis.XceiverServerRatis (XceiverServerRatis.java:start(418)) - Starting XceiverServerRatis bde8c970-78a9-487e-beef-ecea974b9f52 at port 0
2019-07-14 16:17:12,132 INFO  impl.RaftServerProxy (RaftServerProxy.java:lambda$start$3(299)) - bde8c970-78a9-487e-beef-ecea974b9f52: start RPC server
2019-07-14 16:17:12,133 INFO  server.GrpcService (GrpcService.java:startImpl(149)) - bde8c970-78a9-487e-beef-ecea974b9f52: GrpcService started, listening on 0.0.0.0/0.0.0.0:41057
2019-07-14 16:17:12,134 INFO  ratis.XceiverServerRatis (XceiverServerRatis.java:start(428)) - XceiverServerRatis bde8c970-78a9-487e-beef-ecea974b9f52 is started using port 41057
2019-07-14 16:17:12,134 INFO  server.XceiverServerGrpc (XceiverServerGrpc.java:start(161)) - XceiverServerGrpc bde8c970-78a9-487e-beef-ecea974b9f52 is started using port 41063
2019-07-14 16:17:12,366 INFO  ozoneimpl.OzoneContainer (OzoneContainer.java:start(186)) - Attempting to start container services.
2019-07-14 16:17:12,366 INFO  ozoneimpl.OzoneContainer (OzoneContainer.java:startContainerScrub(160)) - Background container scrubber has been disabled by hdds.containerscrub.enabled
2019-07-14 16:17:12,366 INFO  ratis.XceiverServerRatis (XceiverServerRatis.java:start(418)) - Starting XceiverServerRatis 5c3f8082-86fd-4ec8-83c5-19f28657242e at port 0
2019-07-14 16:17:12,374 INFO  impl.RaftServerProxy (RaftServerProxy.java:lambda$start$3(299)) - 5c3f8082-86fd-4ec8-83c5-19f28657242e: start RPC server
2019-07-14 16:17:12,375 INFO  server.GrpcService (GrpcService.java:startImpl(149)) - 5c3f8082-86fd-4ec8-83c5-19f28657242e: GrpcService started, listening on 0.0.0.0/0.0.0.0:37016
2019-07-14 16:17:12,375 INFO  ratis.XceiverServerRatis (XceiverServerRatis.java:start(428)) - XceiverServerRatis 5c3f8082-86fd-4ec8-83c5-19f28657242e is started using port 37016
2019-07-14 16:17:12,375 INFO  server.XceiverServerGrpc (XceiverServerGrpc.java:start(161)) - XceiverServerGrpc 5c3f8082-86fd-4ec8-83c5-19f28657242e is started using port 35805
2019-07-14 16:17:12,620 INFO  ozoneimpl.OzoneContainer (OzoneContainer.java:start(186)) - Attempting to start container services.
2019-07-14 16:17:12,620 INFO  ozoneimpl.OzoneContainer (OzoneContainer.java:startContainerScrub(160)) - Background container scrubber has been disabled by hdds.containerscrub.enabled
2019-07-14 16:17:12,620 INFO  ratis.XceiverServerRatis (XceiverServerRatis.java:start(418)) - Starting XceiverServerRatis d6bc6ec4-7c72-4408-8bf6-ee28b7dc3a60 at port 0
2019-07-14 16:17:12,628 INFO  impl.RaftServerProxy (RaftServerProxy.java:lambda$start$3(299)) - d6bc6ec4-7c72-4408-8bf6-ee28b7dc3a60: start RPC server
2019-07-14 16:17:12,629 INFO  server.GrpcService (GrpcService.java:startImpl(149)) - d6bc6ec4-7c72-4408-8bf6-ee28b7dc3a60: GrpcService started, listening on 0.0.0.0/0.0.0.0:38549
2019-07-14 16:17:12,629 INFO  ratis.XceiverServerRatis (XceiverServerRatis.java:start(428)) - XceiverServerRatis d6bc6ec4-7c72-4408-8bf6-ee28b7dc3a60 is started using port 38549
2019-07-14 16:17:12,661 INFO  server.XceiverServerGrpc (XceiverServerGrpc.java:start(161)) - XceiverServerGrpc d6bc6ec4-7c72-4408-8bf6-ee28b7dc3a60 is started using port 39868
2019-07-14 16:17:12,910 INFO  ozoneimpl.OzoneContainer (OzoneContainer.java:start(186)) - Attempting to start container services.
2019-07-14 16:17:12,910 INFO  ozoneimpl.OzoneContainer (OzoneContainer.java:startContainerScrub(160)) - Background container scrubber has been disabled by hdds.containerscrub.enabled
2019-07-14 16:17:12,910 INFO  ratis.XceiverServerRatis (XceiverServerRatis.java:start(418)) - Starting XceiverServerRatis 5e233f37-b5fd-4add-9475-62e3a7aa43be at port 0
2019-07-14 16:17:12,921 INFO  impl.RaftServerProxy (RaftServerProxy.java:lambda$start$3(299)) - 5e233f37-b5fd-4add-9475-62e3a7aa43be: start RPC server
2019-07-14 16:17:12,922 INFO  server.GrpcService (GrpcService.java:startImpl(149)) - 5e233f37-b5fd-4add-9475-62e3a7aa43be: GrpcService started, listening on 0.0.0.0/0.0.0.0:39547
2019-07-14 16:17:12,922 INFO  ratis.XceiverServerRatis (XceiverServerRatis.java:start(428)) - XceiverServerRatis 5e233f37-b5fd-4add-9475-62e3a7aa43be is started using port 39547
2019-07-14 16:17:12,923 INFO  server.XceiverServerGrpc (XceiverServerGrpc.java:start(161)) - XceiverServerGrpc 5e233f37-b5fd-4add-9475-62e3a7aa43be is started using port 46167
2019-07-14 16:17:13,092 INFO  ozone.MiniOzoneClusterImpl (MiniOzoneClusterImpl.java:lambda$waitForClusterToBeReady$0(142)) - Waiting for cluster to be ready. Got 0 of 6 DN Heartbeats.
2019-07-14 16:17:13,106 INFO  ozoneimpl.OzoneContainer (OzoneContainer.java:start(186)) - Attempting to start container services.
2019-07-14 16:17:13,107 INFO  ozoneimpl.OzoneContainer (OzoneContainer.java:startContainerScrub(160)) - Background container scrubber has been disabled by hdds.containerscrub.enabled
2019-07-14 16:17:13,107 INFO  ratis.XceiverServerRatis (XceiverServerRatis.java:start(418)) - Starting XceiverServerRatis d97ceff9-95e8-4579-a4be-6b536bf1d9a8 at port 0
2019-07-14 16:17:13,116 INFO  impl.RaftServerProxy (RaftServerProxy.java:lambda$start$3(299)) - d97ceff9-95e8-4579-a4be-6b536bf1d9a8: start RPC server
2019-07-14 16:17:13,117 INFO  server.GrpcService (GrpcService.java:startImpl(149)) - d97ceff9-95e8-4579-a4be-6b536bf1d9a8: GrpcService started, listening on 0.0.0.0/0.0.0.0:36284
2019-07-14 16:17:13,118 INFO  ratis.XceiverServerRatis (XceiverServerRatis.java:start(428)) - XceiverServerRatis d97ceff9-95e8-4579-a4be-6b536bf1d9a8 is started using port 36284
2019-07-14 16:17:13,118 INFO  server.XceiverServerGrpc (XceiverServerGrpc.java:start(161)) - XceiverServerGrpc d97ceff9-95e8-4579-a4be-6b536bf1d9a8 is started using port 43555
2019-07-14 16:17:13,857 INFO  net.NetworkTopology (NetworkTopologyImpl.java:add(110)) - Added a new node: /default-rack/192.168.69.77
2019-07-14 16:17:13,864 INFO  node.SCMNodeManager (SCMNodeManager.java:register(269)) - Registered Data node : c6caa481-fc39-4fa3-8faf-817af7fe412a{ip: 192.168.69.77, host: pr-hdds-1710-5x6jb-1204890111, networkLocation: /default-rack, certSerialId: null}
2019-07-14 16:17:13,865 INFO  safemode.SCMSafeModeManager (DataNodeSafeModeRule.java:process(71)) - SCM in safe mode. 1 DataNodes registered, 1 required.
2019-07-14 16:17:13,871 INFO  safemode.SCMSafeModeManager (SCMSafeModeManager.java:validateSafeModeExitRules(177)) - ScmSafeModeManager, all rules are successfully validated
2019-07-14 16:17:13,871 INFO  safemode.SCMSafeModeManager (SCMSafeModeManager.java:exitSafeMode(193)) - SCM exiting safe mode.
2019-07-14 16:17:13,914 INFO  impl.RaftServerProxy (RaftServerProxy.java:addNew(89)) - c6caa481-fc39-4fa3-8faf-817af7fe412a: addNew group-255B373903CF:[c6caa481-fc39-4fa3-8faf-817af7fe412a:192.168.69.77:37013] returns group-255B373903CF:java.util.concurrent.CompletableFuture@704fcb6[Not completed]
2019-07-14 16:17:13,915 INFO  impl.RaftServerImpl (RaftServerImpl.java:<init>(93)) - c6caa481-fc39-4fa3-8faf-817af7fe412a: new RaftServerImpl for group-255B373903CF:[c6caa481-fc39-4fa3-8faf-817af7fe412a:192.168.69.77:37013] with ContainerStateMachine:uninitialized
2019-07-14 16:17:13,916 INFO  server.RaftServerConfigKeys (ConfUtils.java:logGet(43)) - raft.server.rpc.timeout.min = 5s (custom)
2019-07-14 16:17:13,916 INFO  server.RaftServerConfigKeys (ConfUtils.java:logGet(43)) - raft.server.rpc.timeout.max = 5200ms (custom)
2019-07-14 16:17:13,916 INFO  server.RaftServerConfigKeys (ConfUtils.java:logGet(43)) - raft.server.rpcslowness.timeout = 120s (custom)
2019-07-14 16:17:13,916 INFO  server.RaftServerConfigKeys (ConfUtils.java:logGet(43)) - raft.server.sleep.deviation.threshold = 300 (default)
2019-07-14 16:17:13,916 INFO  server.RaftServerConfigKeys (ConfUtils.java:logGet(43)) - raft.server.log.appender.install.snapshot.enabled = false (custom)
2019-07-14 16:17:13,917 INFO  impl.RaftServerImpl (ServerState.java:<init>(105)) - c6caa481-fc39-4fa3-8faf-817af7fe412a:group-255B373903CF ConfigurationManager, init=-1: [c6caa481-fc39-4fa3-8faf-817af7fe412a:192.168.69.77:37013], old=null, confs=<EMPTY_MAP>
2019-07-14 16:17:13,917 INFO  server.RaftServerConfigKeys (ConfUtils.java:logGet(43)) - raft.server.storage.dir = [/workdir/hadoop-ozone/integration-test/target/test-dir/MiniOzoneClusterImpl-37e024c3-addb-4161-a953-d138a2f05756/datanode-0/data/ratis] (custom)
2019-07-14 16:17:13,917 INFO  storage.RaftStorageDirectory (RaftStorageDirectory.java:analyzeStorage(246)) - The storage directory /workdir/hadoop-ozone/integration-test/target/test-dir/MiniOzoneClusterImpl-37e024c3-addb-4161-a953-d138a2f05756/datanode-0/data/ratis/10c959c2-43bd-46e6-a358-255b373903cf does not exist. Creating ...
2019-07-14 16:17:13,931 INFO  storage.RaftStorageDirectory (RaftStorageDirectory.java:tryLock(328)) - Lock on /workdir/hadoop-ozone/integration-test/target/test-dir/MiniOzoneClusterImpl-37e024c3-addb-4161-a953-d138a2f05756/datanode-0/data/ratis/10c959c2-43bd-46e6-a358-255b373903cf/in_use.lock acquired by nodename 762@pr-hdds-1710-5x6jb-1204890111
2019-07-14 16:17:13,953 INFO  storage.RaftStorage (RaftStorage.java:format(72)) - Storage directory /workdir/hadoop-ozone/integration-test/target/test-dir/MiniOzoneClusterImpl-37e024c3-addb-4161-a953-d138a2f05756/datanode-0/data/ratis/10c959c2-43bd-46e6-a358-255b373903cf has been successfully formatted.
2019-07-14 16:17:13,953 INFO  ratis.ContainerStateMachine (ContainerStateMachine.java:loadSnapshot(200)) - The snapshot info is null.Setting the last applied index to:(t:0, i:~)
2019-07-14 16:17:13,953 INFO  server.RaftServerConfigKeys (ConfUtils.java:logGet(43)) - raft.server.leader.election.timeout = 120s (custom)
2019-07-14 16:17:13,953 INFO  server.RaftServerConfigKeys (ConfUtils.java:logGet(43)) - raft.server.log.use.memory = false (default)
2019-07-14 16:17:13,953 INFO  server.RaftServerConfigKeys (ConfUtils.java:logGet(43)) - raft.server.log.purge.gap = 1000000000 (custom)
2019-07-14 16:17:13,954 INFO  server.RaftServerConfigKeys (ConfUtils.java:logGet(43)) - raft.server.log.appender.buffer.byte-limit = 33554432 (custom)
2019-07-14 16:17:13,954 INFO  server.RaftServerConfigKeys (ConfUtils.java:logGet(43)) - raft.server.log.segment.size.max = 1048576 (custom)
2019-07-14 16:17:13,954 INFO  server.RaftServerConfigKeys (ConfUtils.java:logGet(43)) - raft.server.log.segment.cache.num.max = 2 (custom)
2019-07-14 16:17:13,954 INFO  segmented.SegmentedRaftLogWorker (SegmentedRaftLogWorker.java:<init>(172)) - new c6caa481-fc39-4fa3-8faf-817af7fe412a-SegmentedRaftLogWorker:Storage Directory /workdir/hadoop-ozone/integration-test/target/test-dir/MiniOzoneClusterImpl-37e024c3-addb-4161-a953-d138a2f05756/datanode-0/data/ratis/10c959c2-43bd-46e6-a358-255b373903cf for RaftStorage:Storage Directory /workdir/hadoop-ozone/integration-test/target/test-dir/MiniOzoneClusterImpl-37e024c3-addb-4161-a953-d138a2f05756/datanode-0/data/ratis/10c959c2-43bd-46e6-a358-255b373903cf
2019-07-14 16:17:13,954 INFO  server.RaftServerConfigKeys (ConfUtils.java:logGet(43)) - raft.server.log.queue.byte-limit = 2147483647 (custom)
2019-07-14 16:17:13,954 INFO  server.RaftServerConfigKeys (ConfUtils.java:logGet(43)) - raft.server.log.queue.element-limit = 1024 (custom)
2019-07-14 16:17:13,955 INFO  server.RaftServerConfigKeys (ConfUtils.java:logGet(43)) - raft.server.log.segment.size.max = 1048576 (custom)
2019-07-14 16:17:13,955 INFO  server.RaftServerConfigKeys (ConfUtils.java:logGet(43)) - raft.server.log.preallocated.size = 16384 (custom)
2019-07-14 16:17:13,955 INFO  server.RaftServerConfigKeys (ConfUtils.java:logGet(43)) - raft.server.log.write.buffer.size = 33554432 (custom)
2019-07-14 16:17:13,955 INFO  server.RaftServerConfigKeys (ConfUtils.java:logGet(43)) - raft.server.log.force.sync.num = 128 (default)
2019-07-14 16:17:13,955 INFO  server.RaftServerConfigKeys (ConfUtils.java:logGet(43)) - raft.server.log.statemachine.data.sync = true (default)
2019-07-14 16:17:13,956 INFO  server.RaftServerConfigKeys (ConfUtils.java:logGet(43)) - raft.server.log.statemachine.data.sync.timeout = 10s (default)
2019-07-14 16:17:13,956 INFO  server.RaftServerConfigKeys (ConfUtils.java:logGet(43)) - raft.server.log.statemachine.data.sync.timeout.retry = -1 (default)
2019-07-14 16:17:13,956 INFO  server.RaftServerConfigKeys (ConfUtils.java:logGet(43)) - raft.server.log.statemachine.data.caching.enabled = true (custom)
2019-07-14 16:17:13,957 INFO  segmented.SegmentedRaftLogWorker (SegmentedRaftLogWorker.java:lambda$new$0(132)) - c6caa481-fc39-4fa3-8faf-817af7fe412a-SegmentedRaftLogWorker:Storage Directory /workdir/hadoop-ozone/integration-test/target/test-dir/MiniOzoneClusterImpl-37e024c3-addb-4161-a953-d138a2f05756/datanode-0/data/ratis/10c959c2-43bd-46e6-a358-255b373903cf: flushIndex: setUnconditionally 0 -> -1
2019-07-14 16:17:13,957 INFO  server.RaftServerConfigKeys (ConfUtils.java:logGet(43)) - raft.server.snapshot.auto.trigger.enabled = true (custom)
2019-07-14 16:17:13,957 INFO  server.RaftServerConfigKeys (ConfUtils.java:logGet(43)) - raft.server.snapshot.auto.trigger.threshold = 10000 (custom)
2019-07-14 16:17:13,957 INFO  server.RaftServerConfigKeys (ConfUtils.java:logGet(43)) - raft.server.retrycache.expirytime = 600000ms (custom)
2019-07-14 16:17:13,958 INFO  impl.RaftServerImpl (RaftServerImpl.java:start(180)) - c6caa481-fc39-4fa3-8faf-817af7fe412a: start group-255B373903CF
2019-07-14 16:17:13,958 INFO  impl.RaftServerImpl (RaftServerImpl.java:setRole(171)) - c6caa481-fc39-4fa3-8faf-817af7fe412a:group-255B373903CF changes role from null to FOLLOWER at term 0 for startAsFollower
2019-07-14 16:17:13,958 INFO  impl.RoleInfo (RoleInfo.java:updateAndGet(143)) - c6caa481-fc39-4fa3-8faf-817af7fe412a: start FollowerState
2019-07-14 16:17:13,958 INFO  util.JmxRegister (JmxRegister.java:tryRegister(44)) - Successfully registered JMX Bean with object name Ratis:service=RaftServer,group=group-255B373903CF,id=c6caa481-fc39-4fa3-8faf-817af7fe412a
2019-07-14 16:17:13,967 INFO  pipeline.PipelineStateManager (PipelineStateManager.java:addPipeline(56)) - Created pipeline Pipeline[ Id: 10c959c2-43bd-46e6-a358-255b373903cf, Nodes: c6caa481-fc39-4fa3-8faf-817af7fe412a{ip: 192.168.69.77, host: pr-hdds-1710-5x6jb-1204890111, networkLocation: /default-rack, certSerialId: null}, Type:RATIS, Factor:ONE, State:OPEN]
2019-07-14 16:17:14,092 INFO  ozone.MiniOzoneClusterImpl (MiniOzoneClusterImpl.java:lambda$waitForClusterToBeReady$0(142)) - Waiting for cluster to be ready. Got 1 of 6 DN Heartbeats.
2019-07-14 16:17:14,104 INFO  node.SCMNodeManager (SCMNodeManager.java:register(269)) - Registered Data node : bde8c970-78a9-487e-beef-ecea974b9f52{ip: 192.168.69.77, host: pr-hdds-1710-5x6jb-1204890111, networkLocation: /default-rack, certSerialId: null}
2019-07-14 16:17:14,119 INFO  impl.RaftServerProxy (RaftServerProxy.java:addNew(89)) - bde8c970-78a9-487e-beef-ecea974b9f52: addNew group-D4CB9D01C576:[bde8c970-78a9-487e-beef-ecea974b9f52:192.168.69.77:41057] returns group-D4CB9D01C576:java.util.concurrent.CompletableFuture@5f85e7b[Not completed]
2019-07-14 16:17:14,120 INFO  impl.RaftServerImpl (RaftServerImpl.java:<init>(93)) - bde8c970-78a9-487e-beef-ecea974b9f52: new RaftServerImpl for group-D4CB9D01C576:[bde8c970-78a9-487e-beef-ecea974b9f52:192.168.69.77:41057] with ContainerStateMachine:uninitialized
2019-07-14 16:17:14,120 INFO  server.RaftServerConfigKeys (ConfUtils.java:logGet(43)) - raft.server.rpc.timeout.min = 5s (custom)
2019-07-14 16:17:14,120 INFO  server.RaftServerConfigKeys (ConfUtils.java:logGet(43)) - raft.server.rpc.timeout.max = 5200ms (custom)
2019-07-14 16:17:14,120 INFO  server.RaftServerConfigKeys (ConfUtils.java:logGet(43)) - raft.server.rpcslowness.timeout = 120s (custom)
2019-07-14 16:17:14,121 INFO  server.RaftServerConfigKeys (ConfUtils.java:logGet(43)) - raft.server.sleep.deviation.threshold = 300 (default)
2019-07-14 16:17:14,121 INFO  server.RaftServerConfigKeys (ConfUtils.java:logGet(43)) - raft.server.log.appender.install.snapshot.enabled = false (custom)
2019-07-14 16:17:14,121 INFO  impl.RaftServerImpl (ServerState.java:<init>(105)) - bde8c970-78a9-487e-beef-ecea974b9f52:group-D4CB9D01C576 ConfigurationManager, init=-1: [bde8c970-78a9-487e-beef-ecea974b9f52:192.168.69.77:41057], old=null, confs=<EMPTY_MAP>
2019-07-14 16:17:14,121 INFO  server.RaftServerConfigKeys (ConfUtils.java:logGet(43)) - raft.server.storage.dir = [/workdir/hadoop-ozone/integration-test/target/test-dir/MiniOzoneClusterImpl-37e024c3-addb-4161-a953-d138a2f05756/datanode-1/data/ratis] (custom)
2019-07-14 16:17:14,122 INFO  storage.RaftStorageDirectory (RaftStorageDirectory.java:analyzeStorage(246)) - The storage directory /workdir/hadoop-ozone/integration-test/target/test-dir/MiniOzoneClusterImpl-37e024c3-addb-4161-a953-d138a2f05756/datanode-1/data/ratis/454c04e3-5029-413c-b963-d4cb9d01c576 does not exist. Creating ...
2019-07-14 16:17:14,135 INFO  storage.RaftStorageDirectory (RaftStorageDirectory.java:tryLock(328)) - Lock on /workdir/hadoop-ozone/integration-test/target/test-dir/MiniOzoneClusterImpl-37e024c3-addb-4161-a953-d138a2f05756/datanode-1/data/ratis/454c04e3-5029-413c-b963-d4cb9d01c576/in_use.lock acquired by nodename 762@pr-hdds-1710-5x6jb-1204890111
2019-07-14 16:17:14,148 INFO  storage.RaftStorage (RaftStorage.java:format(72)) - Storage directory /workdir/hadoop-ozone/integration-test/target/test-dir/MiniOzoneClusterImpl-37e024c3-addb-4161-a953-d138a2f05756/datanode-1/data/ratis/454c04e3-5029-413c-b963-d4cb9d01c576 has been successfully formatted.
2019-07-14 16:17:14,148 INFO  ratis.ContainerStateMachine (ContainerStateMachine.java:loadSnapshot(200)) - The snapshot info is null.Setting the last applied index to:(t:0, i:~)
2019-07-14 16:17:14,148 INFO  server.RaftServerConfigKeys (ConfUtils.java:logGet(43)) - raft.server.leader.election.timeout = 120s (custom)
2019-07-14 16:17:14,149 INFO  server.RaftServerConfigKeys (ConfUtils.java:logGet(43)) - raft.server.log.use.memory = false (default)
2019-07-14 16:17:14,149 INFO  server.RaftServerConfigKeys (ConfUtils.java:logGet(43)) - raft.server.log.purge.gap = 1000000000 (custom)
2019-07-14 16:17:14,149 INFO  server.RaftServerConfigKeys (ConfUtils.java:logGet(43)) - raft.server.log.appender.buffer.byte-limit = 33554432 (custom)
2019-07-14 16:17:14,149 INFO  server.RaftServerConfigKeys (ConfUtils.java:logGet(43)) - raft.server.log.segment.size.max = 1048576 (custom)
2019-07-14 16:17:14,149 INFO  server.RaftServerConfigKeys (ConfUtils.java:logGet(43)) - raft.server.log.segment.cache.num.max = 2 (custom)
2019-07-14 16:17:14,149 INFO  segmented.SegmentedRaftLogWorker (SegmentedRaftLogWorker.java:<init>(172)) - new bde8c970-78a9-487e-beef-ecea974b9f52-SegmentedRaftLogWorker:Storage Directory /workdir/hadoop-ozone/integration-test/target/test-dir/MiniOzoneClusterImpl-37e024c3-addb-4161-a953-d138a2f05756/datanode-1/data/ratis/454c04e3-5029-413c-b963-d4cb9d01c576 for RaftStorage:Storage Directory /workdir/hadoop-ozone/integration-test/target/test-dir/MiniOzoneClusterImpl-37e024c3-addb-4161-a953-d138a2f05756/datanode-1/data/ratis/454c04e3-5029-413c-b963-d4cb9d01c576
2019-07-14 16:17:14,150 INFO  server.RaftServerConfigKeys (ConfUtils.java:logGet(43)) - raft.server.log.queue.byte-limit = 2147483647 (custom)
2019-07-14 16:17:14,150 INFO  server.RaftServerConfigKeys (ConfUtils.java:logGet(43)) - raft.server.log.queue.element-limit = 1024 (custom)
2019-07-14 16:17:14,150 INFO  server.RaftServerConfigKeys (ConfUtils.java:logGet(43)) - raft.server.log.segment.size.max = 1048576 (custom)
2019-07-14 16:17:14,150 INFO  server.RaftServerConfigKeys (ConfUtils.java:logGet(43)) - raft.server.log.preallocated.size = 16384 (custom)
2019-07-14 16:17:14,150 INFO  server.RaftServerConfigKeys (ConfUtils.java:logGet(43)) - raft.server.log.write.buffer.size = 33554432 (custom)
2019-07-14 16:17:14,150 INFO  server.RaftServerConfigKeys (ConfUtils.java:logGet(43)) - raft.server.log.force.sync.num = 128 (default)
2019-07-14 16:17:14,150 INFO  server.RaftServerConfigKeys (ConfUtils.java:logGet(43)) - raft.server.log.statemachine.data.sync = true (default)
2019-07-14 16:17:14,151 INFO  server.RaftServerConfigKeys (ConfUtils.java:logGet(43)) - raft.server.log.statemachine.data.sync.timeout = 10s (default)
2019-07-14 16:17:14,151 INFO  server.RaftServerConfigKeys (ConfUtils.java:logGet(43)) - raft.server.log.statemachine.data.sync.timeout.retry = -1 (default)
2019-07-14 16:17:14,151 INFO  server.RaftServerConfigKeys (ConfUtils.java:logGet(43)) - raft.server.log.statemachine.data.caching.enabled = true (custom)
2019-07-14 16:17:14,152 INFO  segmented.SegmentedRaftLogWorker (SegmentedRaftLogWorker.java:lambda$new$0(132)) - bde8c970-78a9-487e-beef-ecea974b9f52-SegmentedRaftLogWorker:Storage Directory /workdir/hadoop-ozone/integration-test/target/test-dir/MiniOzoneClusterImpl-37e024c3-addb-4161-a953-d138a2f05756/datanode-1/data/ratis/454c04e3-5029-413c-b963-d4cb9d01c576: flushIndex: setUnconditionally 0 -> -1
2019-07-14 16:17:14,152 INFO  server.RaftServerConfigKeys (ConfUtils.java:logGet(43)) - raft.server.snapshot.auto.trigger.enabled = true (custom)
2019-07-14 16:17:14,152 INFO  server.RaftServerConfigKeys (ConfUtils.java:logGet(43)) - raft.server.snapshot.auto.trigger.threshold = 10000 (custom)
2019-07-14 16:17:14,153 INFO  server.RaftServerConfigKeys (ConfUtils.java:logGet(43)) - raft.server.retrycache.expirytime = 600000ms (custom)
2019-07-14 16:17:14,153 INFO  impl.RaftServerImpl (RaftServerImpl.java:start(180)) - bde8c970-78a9-487e-beef-ecea974b9f52: start group-D4CB9D01C576
2019-07-14 16:17:14,153 INFO  impl.RaftServerImpl (RaftServerImpl.java:setRole(171)) - bde8c970-78a9-487e-beef-ecea974b9f52:group-D4CB9D01C576 changes role from null to FOLLOWER at term 0 for startAsFollower
2019-07-14 16:17:14,153 INFO  impl.RoleInfo (RoleInfo.java:updateAndGet(143)) - bde8c970-78a9-487e-beef-ecea974b9f52: start FollowerState
2019-07-14 16:17:14,153 INFO  util.JmxRegister (JmxRegister.java:tryRegister(44)) - Successfully registered JMX Bean with object name Ratis:service=RaftServer,group=group-D4CB9D01C576,id=bde8c970-78a9-487e-beef-ecea974b9f52
2019-07-14 16:17:14,163 INFO  pipeline.PipelineStateManager (PipelineStateManager.java:addPipeline(56)) - Created pipeline Pipeline[ Id: 454c04e3-5029-413c-b963-d4cb9d01c576, Nodes: bde8c970-78a9-487e-beef-ecea974b9f52{ip: 192.168.69.77, host: pr-hdds-1710-5x6jb-1204890111, networkLocation: /default-rack, certSerialId: null}, Type:RATIS, Factor:ONE, State:OPEN]
2019-07-14 16:17:14,354 INFO  node.SCMNodeManager (SCMNodeManager.java:register(269)) - Registered Data node : 5c3f8082-86fd-4ec8-83c5-19f28657242e{ip: 192.168.69.77, host: pr-hdds-1710-5x6jb-1204890111, networkLocation: /default-rack, certSerialId: null}
2019-07-14 16:17:14,375 INFO  impl.RaftServerProxy (RaftServerProxy.java:addNew(89)) - 5c3f8082-86fd-4ec8-83c5-19f28657242e: addNew group-1323B57D3B07:[5c3f8082-86fd-4ec8-83c5-19f28657242e:192.168.69.77:37016] returns group-1323B57D3B07:java.util.concurrent.CompletableFuture@3a095e3e[Not completed]
2019-07-14 16:17:14,376 INFO  impl.RaftServerImpl (RaftServerImpl.java:<init>(93)) - 5c3f8082-86fd-4ec8-83c5-19f28657242e: new RaftServerImpl for group-1323B57D3B07:[5c3f8082-86fd-4ec8-83c5-19f28657242e:192.168.69.77:37016] with ContainerStateMachine:uninitialized
2019-07-14 16:17:14,377 INFO  server.RaftServerConfigKeys (ConfUtils.java:logGet(43)) - raft.server.rpc.timeout.min = 5s (custom)
2019-07-14 16:17:14,377 INFO  server.RaftServerConfigKeys (ConfUtils.java:logGet(43)) - raft.server.rpc.timeout.max = 5200ms (custom)
2019-07-14 16:17:14,377 INFO  server.RaftServerConfigKeys (ConfUtils.java:logGet(43)) - raft.server.rpcslowness.timeout = 120s (custom)
2019-07-14 16:17:14,377 INFO  server.RaftServerConfigKeys (ConfUtils.java:logGet(43)) - raft.server.sleep.deviation.threshold = 300 (default)
2019-07-14 16:17:14,377 INFO  server.RaftServerConfigKeys (ConfUtils.java:logGet(43)) - raft.server.log.appender.install.snapshot.enabled = false (custom)
2019-07-14 16:17:14,377 INFO  impl.RaftServerImpl (ServerState.java:<init>(105)) - 5c3f8082-86fd-4ec8-83c5-19f28657242e:group-1323B57D3B07 ConfigurationManager, init=-1: [5c3f8082-86fd-4ec8-83c5-19f28657242e:192.168.69.77:37016], old=null, confs=<EMPTY_MAP>
2019-07-14 16:17:14,378 INFO  server.RaftServerConfigKeys (ConfUtils.java:logGet(43)) - raft.server.storage.dir = [/workdir/hadoop-ozone/integration-test/target/test-dir/MiniOzoneClusterImpl-37e024c3-addb-4161-a953-d138a2f05756/datanode-2/data/ratis] (custom)
2019-07-14 16:17:14,378 INFO  storage.RaftStorageDirectory (RaftStorageDirectory.java:analyzeStorage(246)) - The storage directory /workdir/hadoop-ozone/integration-test/target/test-dir/MiniOzoneClusterImpl-37e024c3-addb-4161-a953-d138a2f05756/datanode-2/data/ratis/5637f5e8-802c-4741-b63f-1323b57d3b07 does not exist. Creating ...
2019-07-14 16:17:14,408 INFO  storage.RaftStorageDirectory (RaftStorageDirectory.java:tryLock(328)) - Lock on /workdir/hadoop-ozone/integration-test/target/test-dir/MiniOzoneClusterImpl-37e024c3-addb-4161-a953-d138a2f05756/datanode-2/data/ratis/5637f5e8-802c-4741-b63f-1323b57d3b07/in_use.lock acquired by nodename 762@pr-hdds-1710-5x6jb-1204890111
2019-07-14 16:17:14,433 INFO  storage.RaftStorage (RaftStorage.java:format(72)) - Storage directory /workdir/hadoop-ozone/integration-test/target/test-dir/MiniOzoneClusterImpl-37e024c3-addb-4161-a953-d138a2f05756/datanode-2/data/ratis/5637f5e8-802c-4741-b63f-1323b57d3b07 has been successfully formatted.
2019-07-14 16:17:14,433 INFO  ratis.ContainerStateMachine (ContainerStateMachine.java:loadSnapshot(200)) - The snapshot info is null.Setting the last applied index to:(t:0, i:~)
2019-07-14 16:17:14,434 INFO  server.RaftServerConfigKeys (ConfUtils.java:logGet(43)) - raft.server.leader.election.timeout = 120s (custom)
2019-07-14 16:17:14,434 INFO  server.RaftServerConfigKeys (ConfUtils.java:logGet(43)) - raft.server.log.use.memory = false (default)
2019-07-14 16:17:14,434 INFO  server.RaftServerConfigKeys (ConfUtils.java:logGet(43)) - raft.server.log.purge.gap = 1000000000 (custom)
2019-07-14 16:17:14,434 INFO  server.RaftServerConfigKeys (ConfUtils.java:logGet(43)) - raft.server.log.appender.buffer.byte-limit = 33554432 (custom)
2019-07-14 16:17:14,435 INFO  server.RaftServerConfigKeys (ConfUtils.java:logGet(43)) - raft.server.log.segment.size.max = 1048576 (custom)
2019-07-14 16:17:14,435 INFO  server.RaftServerConfigKeys (ConfUtils.java:logGet(43)) - raft.server.log.segment.cache.num.max = 2 (custom)
2019-07-14 16:17:14,435 INFO  segmented.SegmentedRaftLogWorker (SegmentedRaftLogWorker.java:<init>(172)) - new 5c3f8082-86fd-4ec8-83c5-19f28657242e-SegmentedRaftLogWorker:Storage Directory /workdir/hadoop-ozone/integration-test/target/test-dir/MiniOzoneClusterImpl-37e024c3-addb-4161-a953-d138a2f05756/datanode-2/data/ratis/5637f5e8-802c-4741-b63f-1323b57d3b07 for RaftStorage:Storage Directory /workdir/hadoop-ozone/integration-test/target/test-dir/MiniOzoneClusterImpl-37e024c3-addb-4161-a953-d138a2f05756/datanode-2/data/ratis/5637f5e8-802c-4741-b63f-1323b57d3b07
2019-07-14 16:17:14,435 INFO  server.RaftServerConfigKeys (ConfUtils.java:logGet(43)) - raft.server.log.queue.byte-limit = 2147483647 (custom)
2019-07-14 16:17:14,435 INFO  server.RaftServerConfigKeys (ConfUtils.java:logGet(43)) - raft.server.log.queue.element-limit = 1024 (custom)
2019-07-14 16:17:14,436 INFO  server.RaftServerConfigKeys (ConfUtils.java:logGet(43)) - raft.server.log.segment.size.max = 1048576 (custom)
2019-07-14 16:17:14,436 INFO  server.RaftServerConfigKeys (ConfUtils.java:logGet(43)) - raft.server.log.preallocated.size = 16384 (custom)
2019-07-14 16:17:14,436 INFO  server.RaftServerConfigKeys (ConfUtils.java:logGet(43)) - raft.server.log.write.buffer.size = 33554432 (custom)
2019-07-14 16:17:14,436 INFO  server.RaftServerConfigKeys (ConfUtils.java:logGet(43)) - raft.server.log.force.sync.num = 128 (default)
2019-07-14 16:17:14,436 INFO  server.RaftServerConfigKeys (ConfUtils.java:logGet(43)) - raft.server.log.statemachine.data.sync = true (default)
2019-07-14 16:17:14,436 INFO  server.RaftServerConfigKeys (ConfUtils.java:logGet(43)) - raft.server.log.statemachine.data.sync.timeout = 10s (default)
2019-07-14 16:17:14,436 INFO  server.RaftServerConfigKeys (ConfUtils.java:logGet(43)) - raft.server.log.statemachine.data.sync.timeout.retry = -1 (default)
2019-07-14 16:17:14,437 INFO  server.RaftServerConfigKeys (ConfUtils.java:logGet(43)) - raft.server.log.statemachine.data.caching.enabled = true (custom)
2019-07-14 16:17:14,437 INFO  segmented.SegmentedRaftLogWorker (SegmentedRaftLogWorker.java:lambda$new$0(132)) - 5c3f8082-86fd-4ec8-83c5-19f28657242e-SegmentedRaftLogWorker:Storage Directory /workdir/hadoop-ozone/integration-test/target/test-dir/MiniOzoneClusterImpl-37e024c3-addb-4161-a953-d138a2f05756/datanode-2/data/ratis/5637f5e8-802c-4741-b63f-1323b57d3b07: flushIndex: setUnconditionally 0 -> -1
2019-07-14 16:17:14,437 INFO  server.RaftServerConfigKeys (ConfUtils.java:logGet(43)) - raft.server.snapshot.auto.trigger.enabled = true (custom)
2019-07-14 16:17:14,438 INFO  server.RaftServerConfigKeys (ConfUtils.java:logGet(43)) - raft.server.snapshot.auto.trigger.threshold = 10000 (custom)
2019-07-14 16:17:14,438 INFO  server.RaftServerConfigKeys (ConfUtils.java:logGet(43)) - raft.server.retrycache.expirytime = 600000ms (custom)
2019-07-14 16:17:14,438 INFO  impl.RaftServerImpl (RaftServerImpl.java:start(180)) - 5c3f8082-86fd-4ec8-83c5-19f28657242e: start group-1323B57D3B07
2019-07-14 16:17:14,438 INFO  impl.RaftServerImpl (RaftServerImpl.java:setRole(171)) - 5c3f8082-86fd-4ec8-83c5-19f28657242e:group-1323B57D3B07 changes role from null to FOLLOWER at term 0 for startAsFollower
2019-07-14 16:17:14,438 INFO  impl.RoleInfo (RoleInfo.java:updateAndGet(143)) - 5c3f8082-86fd-4ec8-83c5-19f28657242e: start FollowerState
2019-07-14 16:17:14,439 INFO  util.JmxRegister (JmxRegister.java:tryRegister(44)) - Successfully registered JMX Bean with object name Ratis:service=RaftServer,group=group-1323B57D3B07,id=5c3f8082-86fd-4ec8-83c5-19f28657242e
2019-07-14 16:17:14,448 INFO  pipeline.PipelineStateManager (PipelineStateManager.java:addPipeline(56)) - Created pipeline Pipeline[ Id: 5637f5e8-802c-4741-b63f-1323b57d3b07, Nodes: 5c3f8082-86fd-4ec8-83c5-19f28657242e{ip: 192.168.69.77, host: pr-hdds-1710-5x6jb-1204890111, networkLocation: /default-rack, certSerialId: null}, Type:RATIS, Factor:ONE, State:OPEN]
2019-07-14 16:17:14,466 INFO  impl.RaftServerProxy (RaftServerProxy.java:addNew(89)) - bde8c970-78a9-487e-beef-ecea974b9f52: addNew group-CE7A7065D8A6:[c6caa481-fc39-4fa3-8faf-817af7fe412a:192.168.69.77:37013, bde8c970-78a9-487e-beef-ecea974b9f52:192.168.69.77:41057, 5c3f8082-86fd-4ec8-83c5-19f28657242e:192.168.69.77:37016] returns group-CE7A7065D8A6:java.util.concurrent.CompletableFuture@75e7da74[Not completed]
2019-07-14 16:17:14,466 INFO  impl.RaftServerProxy (RaftServerProxy.java:addNew(89)) - 5c3f8082-86fd-4ec8-83c5-19f28657242e: addNew group-CE7A7065D8A6:[c6caa481-fc39-4fa3-8faf-817af7fe412a:192.168.69.77:37013, bde8c970-78a9-487e-beef-ecea974b9f52:192.168.69.77:41057, 5c3f8082-86fd-4ec8-83c5-19f28657242e:192.168.69.77:37016] returns group-CE7A7065D8A6:java.util.concurrent.CompletableFuture@48f15f97[Not completed]
2019-07-14 16:17:14,466 INFO  impl.RaftServerProxy (RaftServerProxy.java:addNew(89)) - c6caa481-fc39-4fa3-8faf-817af7fe412a: addNew group-CE7A7065D8A6:[c6caa481-fc39-4fa3-8faf-817af7fe412a:192.168.69.77:37013, bde8c970-78a9-487e-beef-ecea974b9f52:192.168.69.77:41057, 5c3f8082-86fd-4ec8-83c5-19f28657242e:192.168.69.77:37016] returns group-CE7A7065D8A6:java.util.concurrent.CompletableFuture@178fe807[Not completed]
2019-07-14 16:17:14,467 INFO  impl.RaftServerImpl (RaftServerImpl.java:<init>(93)) - bde8c970-78a9-487e-beef-ecea974b9f52: new RaftServerImpl for group-CE7A7065D8A6:[c6caa481-fc39-4fa3-8faf-817af7fe412a:192.168.69.77:37013, bde8c970-78a9-487e-beef-ecea974b9f52:192.168.69.77:41057, 5c3f8082-86fd-4ec8-83c5-19f28657242e:192.168.69.77:37016] with ContainerStateMachine:uninitialized
2019-07-14 16:17:14,468 INFO  server.RaftServerConfigKeys (ConfUtils.java:logGet(43)) - raft.server.rpc.timeout.min = 5s (custom)
2019-07-14 16:17:14,468 INFO  server.RaftServerConfigKeys (ConfUtils.java:logGet(43)) - raft.server.rpc.timeout.max = 5200ms (custom)
2019-07-14 16:17:14,468 INFO  server.RaftServerConfigKeys (ConfUtils.java:logGet(43)) - raft.server.rpcslowness.timeout = 120s (custom)
2019-07-14 16:17:14,468 INFO  server.RaftServerConfigKeys (ConfUtils.java:logGet(43)) - raft.server.sleep.deviation.threshold = 300 (default)
2019-07-14 16:17:14,468 INFO  server.RaftServerConfigKeys (ConfUtils.java:logGet(43)) - raft.server.log.appender.install.snapshot.enabled = false (custom)
2019-07-14 16:17:14,468 INFO  impl.RaftServerImpl (RaftServerImpl.java:<init>(93)) - c6caa481-fc39-4fa3-8faf-817af7fe412a: new RaftServerImpl for group-CE7A7065D8A6:[c6caa481-fc39-4fa3-8faf-817af7fe412a:192.168.69.77:37013, bde8c970-78a9-487e-beef-ecea974b9f52:192.168.69.77:41057, 5c3f8082-86fd-4ec8-83c5-19f28657242e:192.168.69.77:37016] with ContainerStateMachine:uninitialized
2019-07-14 16:17:14,468 INFO  impl.RaftServerImpl (ServerState.java:<init>(105)) - bde8c970-78a9-487e-beef-ecea974b9f52:group-CE7A7065D8A6 ConfigurationManager, init=-1: [c6caa481-fc39-4fa3-8faf-817af7fe412a:192.168.69.77:37013, bde8c970-78a9-487e-beef-ecea974b9f52:192.168.69.77:41057, 5c3f8082-86fd-4ec8-83c5-19f28657242e:192.168.69.77:37016], old=null, confs=<EMPTY_MAP>
2019-07-14 16:17:14,469 INFO  server.RaftServerConfigKeys (ConfUtils.java:logGet(43)) - raft.server.rpc.timeout.min = 5s (custom)
2019-07-14 16:17:14,468 INFO  impl.RaftServerImpl (RaftServerImpl.java:<init>(93)) - 5c3f8082-86fd-4ec8-83c5-19f28657242e: new RaftServerImpl for group-CE7A7065D8A6:[c6caa481-fc39-4fa3-8faf-817af7fe412a:192.168.69.77:37013, bde8c970-78a9-487e-beef-ecea974b9f52:192.168.69.77:41057, 5c3f8082-86fd-4ec8-83c5-19f28657242e:192.168.69.77:37016] with ContainerStateMachine:uninitialized
2019-07-14 16:17:14,469 INFO  server.RaftServerConfigKeys (ConfUtils.java:logGet(43)) - raft.server.rpc.timeout.max = 5200ms (custom)
2019-07-14 16:17:14,469 INFO  server.RaftServerConfigKeys (ConfUtils.java:logGet(43)) - raft.server.rpcslowness.timeout = 120s (custom)
2019-07-14 16:17:14,469 INFO  server.RaftServerConfigKeys (ConfUtils.java:logGet(43)) - raft.server.storage.dir = [/workdir/hadoop-ozone/integration-test/target/test-dir/MiniOzoneClusterImpl-37e024c3-addb-4161-a953-d138a2f05756/datanode-1/data/ratis] (custom)
2019-07-14 16:17:14,469 INFO  server.RaftServerConfigKeys (ConfUtils.java:logGet(43)) - raft.server.sleep.deviation.threshold = 300 (default)
2019-07-14 16:17:14,469 INFO  server.RaftServerConfigKeys (ConfUtils.java:logGet(43)) - raft.server.rpc.timeout.min = 5s (custom)
2019-07-14 16:17:14,470 INFO  storage.RaftStorageDirectory (RaftStorageDirectory.java:analyzeStorage(246)) - The storage directory /workdir/hadoop-ozone/integration-test/target/test-dir/MiniOzoneClusterImpl-37e024c3-addb-4161-a953-d138a2f05756/datanode-1/data/ratis/12d40b55-4a85-4829-aa2d-ce7a7065d8a6 does not exist. Creating ...
2019-07-14 16:17:14,470 INFO  server.RaftServerConfigKeys (ConfUtils.java:logGet(43)) - raft.server.log.appender.install.snapshot.enabled = false (custom)
2019-07-14 16:17:14,470 INFO  server.RaftServerConfigKeys (ConfUtils.java:logGet(43)) - raft.server.rpc.timeout.max = 5200ms (custom)
2019-07-14 16:17:14,470 INFO  impl.RaftServerImpl (ServerState.java:<init>(105)) - c6caa481-fc39-4fa3-8faf-817af7fe412a:group-CE7A7065D8A6 ConfigurationManager, init=-1: [c6caa481-fc39-4fa3-8faf-817af7fe412a:192.168.69.77:37013, bde8c970-78a9-487e-beef-ecea974b9f52:192.168.69.77:41057, 5c3f8082-86fd-4ec8-83c5-19f28657242e:192.168.69.77:37016], old=null, confs=<EMPTY_MAP>
2019-07-14 16:17:14,470 INFO  server.RaftServerConfigKeys (ConfUtils.java:logGet(43)) - raft.server.rpcslowness.timeout = 120s (custom)
2019-07-14 16:17:14,471 INFO  server.RaftServerConfigKeys (ConfUtils.java:logGet(43)) - raft.server.storage.dir = [/workdir/hadoop-ozone/integration-test/target/test-dir/MiniOzoneClusterImpl-37e024c3-addb-4161-a953-d138a2f05756/datanode-0/data/ratis] (custom)
2019-07-14 16:17:14,471 INFO  server.RaftServerConfigKeys (ConfUtils.java:logGet(43)) - raft.server.sleep.deviation.threshold = 300 (default)
2019-07-14 16:17:14,471 INFO  server.RaftServerConfigKeys (ConfUtils.java:logGet(43)) - raft.server.log.appender.install.snapshot.enabled = false (custom)
2019-07-14 16:17:14,471 INFO  impl.RaftServerImpl (ServerState.java:<init>(105)) - 5c3f8082-86fd-4ec8-83c5-19f28657242e:group-CE7A7065D8A6 ConfigurationManager, init=-1: [c6caa481-fc39-4fa3-8faf-817af7fe412a:192.168.69.77:37013, bde8c970-78a9-487e-beef-ecea974b9f52:192.168.69.77:41057, 5c3f8082-86fd-4ec8-83c5-19f28657242e:192.168.69.77:37016], old=null, confs=<EMPTY_MAP>
2019-07-14 16:17:14,471 INFO  storage.RaftStorageDirectory (RaftStorageDirectory.java:analyzeStorage(246)) - The storage directory /workdir/hadoop-ozone/integration-test/target/test-dir/MiniOzoneClusterImpl-37e024c3-addb-4161-a953-d138a2f05756/datanode-0/data/ratis/12d40b55-4a85-4829-aa2d-ce7a7065d8a6 does not exist. Creating ...
2019-07-14 16:17:14,471 INFO  server.RaftServerConfigKeys (ConfUtils.java:logGet(43)) - raft.server.storage.dir = [/workdir/hadoop-ozone/integration-test/target/test-dir/MiniOzoneClusterImpl-37e024c3-addb-4161-a953-d138a2f05756/datanode-2/data/ratis] (custom)
2019-07-14 16:17:14,472 INFO  storage.RaftStorageDirectory (RaftStorageDirectory.java:analyzeStorage(246)) - The storage directory /workdir/hadoop-ozone/integration-test/target/test-dir/MiniOzoneClusterImpl-37e024c3-addb-4161-a953-d138a2f05756/datanode-2/data/ratis/12d40b55-4a85-4829-aa2d-ce7a7065d8a6 does not exist. Creating ...
2019-07-14 16:17:14,483 INFO  storage.RaftStorageDirectory (RaftStorageDirectory.java:tryLock(328)) - Lock on /workdir/hadoop-ozone/integration-test/target/test-dir/MiniOzoneClusterImpl-37e024c3-addb-4161-a953-d138a2f05756/datanode-0/data/ratis/12d40b55-4a85-4829-aa2d-ce7a7065d8a6/in_use.lock acquired by nodename 762@pr-hdds-1710-5x6jb-1204890111
2019-07-14 16:17:14,483 INFO  storage.RaftStorageDirectory (RaftStorageDirectory.java:tryLock(328)) - Lock on /workdir/hadoop-ozone/integration-test/target/test-dir/MiniOzoneClusterImpl-37e024c3-addb-4161-a953-d138a2f05756/datanode-2/data/ratis/12d40b55-4a85-4829-aa2d-ce7a7065d8a6/in_use.lock acquired by nodename 762@pr-hdds-1710-5x6jb-1204890111
2019-07-14 16:17:14,483 INFO  storage.RaftStorageDirectory (RaftStorageDirectory.java:tryLock(328)) - Lock on /workdir/hadoop-ozone/integration-test/target/test-dir/MiniOzoneClusterImpl-37e024c3-addb-4161-a953-d138a2f05756/datanode-1/data/ratis/12d40b55-4a85-4829-aa2d-ce7a7065d8a6/in_use.lock acquired by nodename 762@pr-hdds-1710-5x6jb-1204890111
2019-07-14 16:17:14,498 INFO  storage.RaftStorage (RaftStorage.java:format(72)) - Storage directory /workdir/hadoop-ozone/integration-test/target/test-dir/MiniOzoneClusterImpl-37e024c3-addb-4161-a953-d138a2f05756/datanode-1/data/ratis/12d40b55-4a85-4829-aa2d-ce7a7065d8a6 has been successfully formatted.
2019-07-14 16:17:14,498 INFO  storage.RaftStorage (RaftStorage.java:format(72)) - Storage directory /workdir/hadoop-ozone/integration-test/target/test-dir/MiniOzoneClusterImpl-37e024c3-addb-4161-a953-d138a2f05756/datanode-2/data/ratis/12d40b55-4a85-4829-aa2d-ce7a7065d8a6 has been successfully formatted.
2019-07-14 16:17:14,498 INFO  storage.RaftStorage (RaftStorage.java:format(72)) - Storage directory /workdir/hadoop-ozone/integration-test/target/test-dir/MiniOzoneClusterImpl-37e024c3-addb-4161-a953-d138a2f05756/datanode-0/data/ratis/12d40b55-4a85-4829-aa2d-ce7a7065d8a6 has been successfully formatted.
2019-07-14 16:17:14,498 INFO  ratis.ContainerStateMachine (ContainerStateMachine.java:loadSnapshot(200)) - The snapshot info is null.Setting the last applied index to:(t:0, i:~)
2019-07-14 16:17:14,498 INFO  ratis.ContainerStateMachine (ContainerStateMachine.java:loadSnapshot(200)) - The snapshot info is null.Setting the last applied index to:(t:0, i:~)
2019-07-14 16:17:14,498 INFO  server.RaftServerConfigKeys (ConfUtils.java:logGet(43)) - raft.server.leader.election.timeout = 120s (custom)
2019-07-14 16:17:14,498 INFO  ratis.ContainerStateMachine (ContainerStateMachine.java:loadSnapshot(200)) - The snapshot info is null.Setting the last applied index to:(t:0, i:~)
2019-07-14 16:17:14,499 INFO  server.RaftServerConfigKeys (ConfUtils.java:logGet(43)) - raft.server.log.use.memory = false (default)
2019-07-14 16:17:14,499 INFO  server.RaftServerConfigKeys (ConfUtils.java:logGet(43)) - raft.server.leader.election.timeout = 120s (custom)
2019-07-14 16:17:14,499 INFO  server.RaftServerConfigKeys (ConfUtils.java:logGet(43)) - raft.server.log.purge.gap = 1000000000 (custom)
2019-07-14 16:17:14,499 INFO  server.RaftServerConfigKeys (ConfUtils.java:logGet(43)) - raft.server.leader.election.timeout = 120s (custom)
2019-07-14 16:17:14,499 INFO  server.RaftServerConfigKeys (ConfUtils.java:logGet(43)) - raft.server.log.appender.buffer.byte-limit = 33554432 (custom)
2019-07-14 16:17:14,499 INFO  server.RaftServerConfigKeys (ConfUtils.java:logGet(43)) - raft.server.log.use.memory = false (default)
2019-07-14 16:17:14,500 INFO  server.RaftServerConfigKeys (ConfUtils.java:logGet(43)) - raft.server.log.segment.size.max = 1048576 (custom)
2019-07-14 16:17:14,500 INFO  server.RaftServerConfigKeys (ConfUtils.java:logGet(43)) - raft.server.log.use.memory = false (default)
2019-07-14 16:17:14,500 INFO  server.RaftServerConfigKeys (ConfUtils.java:logGet(43)) - raft.server.log.segment.cache.num.max = 2 (custom)
2019-07-14 16:17:14,500 INFO  server.RaftServerConfigKeys (ConfUtils.java:logGet(43)) - raft.server.log.purge.gap = 1000000000 (custom)
2019-07-14 16:17:14,500 INFO  segmented.SegmentedRaftLogWorker (SegmentedRaftLogWorker.java:<init>(172)) - new 5c3f8082-86fd-4ec8-83c5-19f28657242e-SegmentedRaftLogWorker:Storage Directory /workdir/hadoop-ozone/integration-test/target/test-dir/MiniOzoneClusterImpl-37e024c3-addb-4161-a953-d138a2f05756/datanode-2/data/ratis/12d40b55-4a85-4829-aa2d-ce7a7065d8a6 for RaftStorage:Storage Directory /workdir/hadoop-ozone/integration-test/target/test-dir/MiniOzoneClusterImpl-37e024c3-addb-4161-a953-d138a2f05756/datanode-2/data/ratis/12d40b55-4a85-4829-aa2d-ce7a7065d8a6
2019-07-14 16:17:14,500 INFO  server.RaftServerConfigKeys (ConfUtils.java:logGet(43)) - raft.server.log.purge.gap = 1000000000 (custom)
2019-07-14 16:17:14,501 INFO  server.RaftServerConfigKeys (ConfUtils.java:logGet(43)) - raft.server.log.queue.byte-limit = 2147483647 (custom)
2019-07-14 16:17:14,501 INFO  server.RaftServerConfigKeys (ConfUtils.java:logGet(43)) - raft.server.log.appender.buffer.byte-limit = 33554432 (custom)
2019-07-14 16:17:14,501 INFO  server.RaftServerConfigKeys (ConfUtils.java:logGet(43)) - raft.server.log.queue.element-limit = 1024 (custom)
2019-07-14 16:17:14,501 INFO  server.RaftServerConfigKeys (ConfUtils.java:logGet(43)) - raft.server.log.appender.buffer.byte-limit = 33554432 (custom)
2019-07-14 16:17:14,501 INFO  server.RaftServerConfigKeys (ConfUtils.java:logGet(43)) - raft.server.log.segment.size.max = 1048576 (custom)
2019-07-14 16:17:14,501 INFO  server.RaftServerConfigKeys (ConfUtils.java:logGet(43)) - raft.server.log.segment.size.max = 1048576 (custom)
2019-07-14 16:17:14,502 INFO  server.RaftServerConfigKeys (ConfUtils.java:logGet(43)) - raft.server.log.preallocated.size = 16384 (custom)
2019-07-14 16:17:14,502 INFO  server.RaftServerConfigKeys (ConfUtils.java:logGet(43)) - raft.server.log.segment.size.max = 1048576 (custom)
2019-07-14 16:17:14,502 INFO  server.RaftServerConfigKeys (ConfUtils.java:logGet(43)) - raft.server.log.write.buffer.size = 33554432 (custom)
2019-07-14 16:17:14,502 INFO  server.RaftServerConfigKeys (ConfUtils.java:logGet(43)) - raft.server.log.segment.cache.num.max = 2 (custom)
2019-07-14 16:17:14,502 INFO  server.RaftServerConfigKeys (ConfUtils.java:logGet(43)) - raft.server.log.force.sync.num = 128 (default)
2019-07-14 16:17:14,503 INFO  server.RaftServerConfigKeys (ConfUtils.java:logGet(43)) - raft.server.log.statemachine.data.sync = true (default)
2019-07-14 16:17:14,502 INFO  server.RaftServerConfigKeys (ConfUtils.java:logGet(43)) - raft.server.log.segment.cache.num.max = 2 (custom)
2019-07-14 16:17:14,503 INFO  server.RaftServerConfigKeys (ConfUtils.java:logGet(43)) - raft.server.log.statemachine.data.sync.timeout = 10s (default)
2019-07-14 16:17:14,503 INFO  server.RaftServerConfigKeys (ConfUtils.java:logGet(43)) - raft.server.log.statemachine.data.sync.timeout.retry = -1 (default)
2019-07-14 16:17:14,503 INFO  segmented.SegmentedRaftLogWorker (SegmentedRaftLogWorker.java:<init>(172)) - new bde8c970-78a9-487e-beef-ecea974b9f52-SegmentedRaftLogWorker:Storage Directory /workdir/hadoop-ozone/integration-test/target/test-dir/MiniOzoneClusterImpl-37e024c3-addb-4161-a953-d138a2f05756/datanode-1/data/ratis/12d40b55-4a85-4829-aa2d-ce7a7065d8a6 for RaftStorage:Storage Directory /workdir/hadoop-ozone/integration-test/target/test-dir/MiniOzoneClusterImpl-37e024c3-addb-4161-a953-d138a2f05756/datanode-1/data/ratis/12d40b55-4a85-4829-aa2d-ce7a7065d8a6
2019-07-14 16:17:14,504 INFO  server.RaftServerConfigKeys (ConfUtils.java:logGet(43)) - raft.server.log.statemachine.data.caching.enabled = true (custom)
2019-07-14 16:17:14,503 INFO  segmented.SegmentedRaftLogWorker (SegmentedRaftLogWorker.java:<init>(172)) - new c6caa481-fc39-4fa3-8faf-817af7fe412a-SegmentedRaftLogWorker:Storage Directory /workdir/hadoop-ozone/integration-test/target/test-dir/MiniOzoneClusterImpl-37e024c3-addb-4161-a953-d138a2f05756/datanode-0/data/ratis/12d40b55-4a85-4829-aa2d-ce7a7065d8a6 for RaftStorage:Storage Directory /workdir/hadoop-ozone/integration-test/target/test-dir/MiniOzoneClusterImpl-37e024c3-addb-4161-a953-d138a2f05756/datanode-0/data/ratis/12d40b55-4a85-4829-aa2d-ce7a7065d8a6
2019-07-14 16:17:14,504 INFO  server.RaftServerConfigKeys (ConfUtils.java:logGet(43)) - raft.server.log.queue.byte-limit = 2147483647 (custom)
2019-07-14 16:17:14,504 INFO  segmented.SegmentedRaftLogWorker (SegmentedRaftLogWorker.java:lambda$new$0(132)) - 5c3f8082-86fd-4ec8-83c5-19f28657242e-SegmentedRaftLogWorker:Storage Directory /workdir/hadoop-ozone/integration-test/target/test-dir/MiniOzoneClusterImpl-37e024c3-addb-4161-a953-d138a2f05756/datanode-2/data/ratis/12d40b55-4a85-4829-aa2d-ce7a7065d8a6: flushIndex: setUnconditionally 0 -> -1
2019-07-14 16:17:14,504 INFO  server.RaftServerConfigKeys (ConfUtils.java:logGet(43)) - raft.server.log.queue.byte-limit = 2147483647 (custom)
2019-07-14 16:17:14,504 INFO  server.RaftServerConfigKeys (ConfUtils.java:logGet(43)) - raft.server.log.queue.element-limit = 1024 (custom)
2019-07-14 16:17:14,505 INFO  server.RaftServerConfigKeys (ConfUtils.java:logGet(43)) - raft.server.snapshot.auto.trigger.enabled = true (custom)
2019-07-14 16:17:14,505 INFO  server.RaftServerConfigKeys (ConfUtils.java:logGet(43)) - raft.server.log.queue.element-limit = 1024 (custom)
2019-07-14 16:17:14,505 INFO  server.RaftServerConfigKeys (ConfUtils.java:logGet(43)) - raft.server.snapshot.auto.trigger.threshold = 10000 (custom)
2019-07-14 16:17:14,505 INFO  server.RaftServerConfigKeys (ConfUtils.java:logGet(43)) - raft.server.log.segment.size.max = 1048576 (custom)
2019-07-14 16:17:14,505 INFO  server.RaftServerConfigKeys (ConfUtils.java:logGet(43)) - raft.server.retrycache.expirytime = 600000ms (custom)
2019-07-14 16:17:14,505 INFO  server.RaftServerConfigKeys (ConfUtils.java:logGet(43)) - raft.server.log.segment.size.max = 1048576 (custom)
2019-07-14 16:17:14,506 INFO  impl.RaftServerImpl (RaftServerImpl.java:start(180)) - 5c3f8082-86fd-4ec8-83c5-19f28657242e: start group-CE7A7065D8A6
2019-07-14 16:17:14,505 INFO  server.RaftServerConfigKeys (ConfUtils.java:logGet(43)) - raft.server.log.preallocated.size = 16384 (custom)
2019-07-14 16:17:14,506 INFO  impl.RaftServerImpl (RaftServerImpl.java:setRole(171)) - 5c3f8082-86fd-4ec8-83c5-19f28657242e:group-CE7A7065D8A6 changes role from null to FOLLOWER at term 0 for startAsFollower
2019-07-14 16:17:14,506 INFO  server.RaftServerConfigKeys (ConfUtils.java:logGet(43)) - raft.server.log.preallocated.size = 16384 (custom)
2019-07-14 16:17:14,506 INFO  impl.RoleInfo (RoleInfo.java:updateAndGet(143)) - 5c3f8082-86fd-4ec8-83c5-19f28657242e: start FollowerState
2019-07-14 16:17:14,506 INFO  server.RaftServerConfigKeys (ConfUtils.java:logGet(43)) - raft.server.log.write.buffer.size = 33554432 (custom)
2019-07-14 16:17:14,506 INFO  server.RaftServerConfigKeys (ConfUtils.java:logGet(43)) - raft.server.log.write.buffer.size = 33554432 (custom)
2019-07-14 16:17:14,507 INFO  util.JmxRegister (JmxRegister.java:tryRegister(44)) - Successfully registered JMX Bean with object name Ratis:service=RaftServer,group=group-CE7A7065D8A6,id=5c3f8082-86fd-4ec8-83c5-19f28657242e
2019-07-14 16:17:14,507 INFO  server.RaftServerConfigKeys (ConfUtils.java:logGet(43)) - raft.server.log.force.sync.num = 128 (default)
2019-07-14 16:17:14,507 INFO  server.RaftServerConfigKeys (ConfUtils.java:logGet(43)) - raft.server.log.force.sync.num = 128 (default)
2019-07-14 16:17:14,507 INFO  server.RaftServerConfigKeys (ConfUtils.java:logGet(43)) - raft.server.log.statemachine.data.sync = true (default)
2019-07-14 16:17:14,507 INFO  server.RaftServerConfigKeys (ConfUtils.java:logGet(43)) - raft.server.log.statemachine.data.sync = true (default)
2019-07-14 16:17:14,507 INFO  server.RaftServerConfigKeys (ConfUtils.java:logGet(43)) - raft.server.log.statemachine.data.sync.timeout = 10s (default)
2019-07-14 16:17:14,508 INFO  server.RaftServerConfigKeys (ConfUtils.java:logGet(43)) - raft.server.log.statemachine.data.sync.timeout = 10s (default)
2019-07-14 16:17:14,508 INFO  server.RaftServerConfigKeys (ConfUtils.java:logGet(43)) - raft.server.log.statemachine.data.sync.timeout.retry = -1 (default)
2019-07-14 16:17:14,508 INFO  server.RaftServerConfigKeys (ConfUtils.java:logGet(43)) - raft.server.log.statemachine.data.sync.timeout.retry = -1 (default)
2019-07-14 16:17:14,508 INFO  server.RaftServerConfigKeys (ConfUtils.java:logGet(43)) - raft.server.log.statemachine.data.caching.enabled = true (custom)
2019-07-14 16:17:14,515 INFO  server.RaftServerConfigKeys (ConfUtils.java:logGet(43)) - raft.server.log.statemachine.data.caching.enabled = true (custom)
2019-07-14 16:17:14,515 INFO  segmented.SegmentedRaftLogWorker (SegmentedRaftLogWorker.java:lambda$new$0(132)) - bde8c970-78a9-487e-beef-ecea974b9f52-SegmentedRaftLogWorker:Storage Directory /workdir/hadoop-ozone/integration-test/target/test-dir/MiniOzoneClusterImpl-37e024c3-addb-4161-a953-d138a2f05756/datanode-1/data/ratis/12d40b55-4a85-4829-aa2d-ce7a7065d8a6: flushIndex: setUnconditionally 0 -> -1
2019-07-14 16:17:14,516 INFO  segmented.SegmentedRaftLogWorker (SegmentedRaftLogWorker.java:lambda$new$0(132)) - c6caa481-fc39-4fa3-8faf-817af7fe412a-SegmentedRaftLogWorker:Storage Directory /workdir/hadoop-ozone/integration-test/target/test-dir/MiniOzoneClusterImpl-37e024c3-addb-4161-a953-d138a2f05756/datanode-0/data/ratis/12d40b55-4a85-4829-aa2d-ce7a7065d8a6: flushIndex: setUnconditionally 0 -> -1
2019-07-14 16:17:14,516 INFO  server.RaftServerConfigKeys (ConfUtils.java:logGet(43)) - raft.server.snapshot.auto.trigger.enabled = true (custom)
2019-07-14 16:17:14,516 INFO  server.RaftServerConfigKeys (ConfUtils.java:logGet(43)) - raft.server.snapshot.auto.trigger.threshold = 10000 (custom)
2019-07-14 16:17:14,516 INFO  server.RaftServerConfigKeys (ConfUtils.java:logGet(43)) - raft.server.snapshot.auto.trigger.enabled = true (custom)
2019-07-14 16:17:14,516 INFO  server.RaftServerConfigKeys (ConfUtils.java:logGet(43)) - raft.server.retrycache.expirytime = 600000ms (custom)
2019-07-14 16:17:14,516 INFO  server.RaftServerConfigKeys (ConfUtils.java:logGet(43)) - raft.server.snapshot.auto.trigger.threshold = 10000 (custom)
2019-07-14 16:17:14,517 INFO  impl.RaftServerImpl (RaftServerImpl.java:start(180)) - bde8c970-78a9-487e-beef-ecea974b9f52: start group-CE7A7065D8A6
2019-07-14 16:17:14,517 INFO  server.RaftServerConfigKeys (ConfUtils.java:logGet(43)) - raft.server.retrycache.expirytime = 600000ms (custom)
2019-07-14 16:17:14,517 INFO  impl.RaftServerImpl (RaftServerImpl.java:setRole(171)) - bde8c970-78a9-487e-beef-ecea974b9f52:group-CE7A7065D8A6 changes role from null to FOLLOWER at term 0 for startAsFollower
2019-07-14 16:17:14,517 INFO  impl.RaftServerImpl (RaftServerImpl.java:start(180)) - c6caa481-fc39-4fa3-8faf-817af7fe412a: start group-CE7A7065D8A6
2019-07-14 16:17:14,517 INFO  impl.RoleInfo (RoleInfo.java:updateAndGet(143)) - bde8c970-78a9-487e-beef-ecea974b9f52: start FollowerState
2019-07-14 16:17:14,517 INFO  impl.RaftServerImpl (RaftServerImpl.java:setRole(171)) - c6caa481-fc39-4fa3-8faf-817af7fe412a:group-CE7A7065D8A6 changes role from null to FOLLOWER at term 0 for startAsFollower
2019-07-14 16:17:14,518 INFO  impl.RoleInfo (RoleInfo.java:updateAndGet(143)) - c6caa481-fc39-4fa3-8faf-817af7fe412a: start FollowerState
2019-07-14 16:17:14,518 INFO  util.JmxRegister (JmxRegister.java:tryRegister(44)) - Successfully registered JMX Bean with object name Ratis:service=RaftServer,group=group-CE7A7065D8A6,id=bde8c970-78a9-487e-beef-ecea974b9f52
2019-07-14 16:17:14,518 INFO  util.JmxRegister (JmxRegister.java:tryRegister(44)) - Successfully registered JMX Bean with object name Ratis:service=RaftServer,group=group-CE7A7065D8A6,id=c6caa481-fc39-4fa3-8faf-817af7fe412a
2019-07-14 16:17:14,533 INFO  pipeline.PipelineStateManager (PipelineStateManager.java:addPipeline(56)) - Created pipeline Pipeline[ Id: 12d40b55-4a85-4829-aa2d-ce7a7065d8a6, Nodes: c6caa481-fc39-4fa3-8faf-817af7fe412a{ip: 192.168.69.77, host: pr-hdds-1710-5x6jb-1204890111, networkLocation: /default-rack, certSerialId: null}bde8c970-78a9-487e-beef-ecea974b9f52{ip: 192.168.69.77, host: pr-hdds-1710-5x6jb-1204890111, networkLocation: /default-rack, certSerialId: null}5c3f8082-86fd-4ec8-83c5-19f28657242e{ip: 192.168.69.77, host: pr-hdds-1710-5x6jb-1204890111, networkLocation: /default-rack, certSerialId: null}, Type:RATIS, Factor:THREE, State:OPEN]
2019-07-14 16:17:14,606 INFO  node.SCMNodeManager (SCMNodeManager.java:register(269)) - Registered Data node : d6bc6ec4-7c72-4408-8bf6-ee28b7dc3a60{ip: 192.168.69.77, host: pr-hdds-1710-5x6jb-1204890111, networkLocation: /default-rack, certSerialId: null}
2019-07-14 16:17:14,619 INFO  impl.RaftServerProxy (RaftServerProxy.java:addNew(89)) - d6bc6ec4-7c72-4408-8bf6-ee28b7dc3a60: addNew group-89F793CCD117:[d6bc6ec4-7c72-4408-8bf6-ee28b7dc3a60:192.168.69.77:38549] returns group-89F793CCD117:java.util.concurrent.CompletableFuture@36214f01[Not completed]
2019-07-14 16:17:14,620 INFO  impl.RaftServerImpl (RaftServerImpl.java:<init>(93)) - d6bc6ec4-7c72-4408-8bf6-ee28b7dc3a60: new RaftServerImpl for group-89F793CCD117:[d6bc6ec4-7c72-4408-8bf6-ee28b7dc3a60:192.168.69.77:38549] with ContainerStateMachine:uninitialized
2019-07-14 16:17:14,620 INFO  server.RaftServerConfigKeys (ConfUtils.java:logGet(43)) - raft.server.rpc.timeout.min = 5s (custom)
2019-07-14 16:17:14,620 INFO  server.RaftServerConfigKeys (ConfUtils.java:logGet(43)) - raft.server.rpc.timeout.max = 5200ms (custom)
2019-07-14 16:17:14,621 INFO  server.RaftServerConfigKeys (ConfUtils.java:logGet(43)) - raft.server.rpcslowness.timeout = 120s (custom)
2019-07-14 16:17:14,621 INFO  server.RaftServerConfigKeys (ConfUtils.java:logGet(43)) - raft.server.sleep.deviation.threshold = 300 (default)
2019-07-14 16:17:14,621 INFO  server.RaftServerConfigKeys (ConfUtils.java:logGet(43)) - raft.server.log.appender.install.snapshot.enabled = false (custom)
2019-07-14 16:17:14,621 INFO  impl.RaftServerImpl (ServerState.java:<init>(105)) - d6bc6ec4-7c72-4408-8bf6-ee28b7dc3a60:group-89F793CCD117 ConfigurationManager, init=-1: [d6bc6ec4-7c72-4408-8bf6-ee28b7dc3a60:192.168.69.77:38549], old=null, confs=<EMPTY_MAP>
2019-07-14 16:17:14,621 INFO  server.RaftServerConfigKeys (ConfUtils.java:logGet(43)) - raft.server.storage.dir = [/workdir/hadoop-ozone/integration-test/target/test-dir/MiniOzoneClusterImpl-37e024c3-addb-4161-a953-d138a2f05756/datanode-3/data/ratis] (custom)
2019-07-14 16:17:14,622 INFO  storage.RaftStorageDirectory (RaftStorageDirectory.java:analyzeStorage(246)) - The storage directory /workdir/hadoop-ozone/integration-test/target/test-dir/MiniOzoneClusterImpl-37e024c3-addb-4161-a953-d138a2f05756/datanode-3/data/ratis/5167a450-c381-47d6-9b28-89f793ccd117 does not exist. Creating ...
2019-07-14 16:17:14,635 INFO  storage.RaftStorageDirectory (RaftStorageDirectory.java:tryLock(328)) - Lock on /workdir/hadoop-ozone/integration-test/target/test-dir/MiniOzoneClusterImpl-37e024c3-addb-4161-a953-d138a2f05756/datanode-3/data/ratis/5167a450-c381-47d6-9b28-89f793ccd117/in_use.lock acquired by nodename 762@pr-hdds-1710-5x6jb-1204890111
2019-07-14 16:17:14,660 INFO  storage.RaftStorage (RaftStorage.java:format(72)) - Storage directory /workdir/hadoop-ozone/integration-test/target/test-dir/MiniOzoneClusterImpl-37e024c3-addb-4161-a953-d138a2f05756/datanode-3/data/ratis/5167a450-c381-47d6-9b28-89f793ccd117 has been successfully formatted.
2019-07-14 16:17:14,660 INFO  ratis.ContainerStateMachine (ContainerStateMachine.java:loadSnapshot(200)) - The snapshot info is null.Setting the last applied index to:(t:0, i:~)
2019-07-14 16:17:14,661 INFO  server.RaftServerConfigKeys (ConfUtils.java:logGet(43)) - raft.server.leader.election.timeout = 120s (custom)
2019-07-14 16:17:14,661 INFO  server.RaftServerConfigKeys (ConfUtils.java:logGet(43)) - raft.server.log.use.memory = false (default)
2019-07-14 16:17:14,661 INFO  server.RaftServerConfigKeys (ConfUtils.java:logGet(43)) - raft.server.log.purge.gap = 1000000000 (custom)
2019-07-14 16:17:14,661 INFO  server.RaftServerConfigKeys (ConfUtils.java:logGet(43)) - raft.server.log.appender.buffer.byte-limit = 33554432 (custom)
2019-07-14 16:17:14,661 INFO  server.RaftServerConfigKeys (ConfUtils.java:logGet(43)) - raft.server.log.segment.size.max = 1048576 (custom)
2019-07-14 16:17:14,661 INFO  server.RaftServerConfigKeys (ConfUtils.java:logGet(43)) - raft.server.log.segment.cache.num.max = 2 (custom)
2019-07-14 16:17:14,662 INFO  segmented.SegmentedRaftLogWorker (SegmentedRaftLogWorker.java:<init>(172)) - new d6bc6ec4-7c72-4408-8bf6-ee28b7dc3a60-SegmentedRaftLogWorker:Storage Directory /workdir/hadoop-ozone/integration-test/target/test-dir/MiniOzoneClusterImpl-37e024c3-addb-4161-a953-d138a2f05756/datanode-3/data/ratis/5167a450-c381-47d6-9b28-89f793ccd117 for RaftStorage:Storage Directory /workdir/hadoop-ozone/integration-test/target/test-dir/MiniOzoneClusterImpl-37e024c3-addb-4161-a953-d138a2f05756/datanode-3/data/ratis/5167a450-c381-47d6-9b28-89f793ccd117
2019-07-14 16:17:14,662 INFO  server.RaftServerConfigKeys (ConfUtils.java:logGet(43)) - raft.server.log.queue.byte-limit = 2147483647 (custom)
2019-07-14 16:17:14,662 INFO  server.RaftServerConfigKeys (ConfUtils.java:logGet(43)) - raft.server.log.queue.element-limit = 1024 (custom)
2019-07-14 16:17:14,662 INFO  server.RaftServerConfigKeys (ConfUtils.java:logGet(43)) - raft.server.log.segment.size.max = 1048576 (custom)
2019-07-14 16:17:14,662 INFO  server.RaftServerConfigKeys (ConfUtils.java:logGet(43)) - raft.server.log.preallocated.size = 16384 (custom)
2019-07-14 16:17:14,663 INFO  server.RaftServerConfigKeys (ConfUtils.java:logGet(43)) - raft.server.log.write.buffer.size = 33554432 (custom)
2019-07-14 16:17:14,663 INFO  server.RaftServerConfigKeys (ConfUtils.java:logGet(43)) - raft.server.log.force.sync.num = 128 (default)
2019-07-14 16:17:14,663 INFO  server.RaftServerConfigKeys (ConfUtils.java:logGet(43)) - raft.server.log.statemachine.data.sync = true (default)
2019-07-14 16:17:14,663 INFO  server.RaftServerConfigKeys (ConfUtils.java:logGet(43)) - raft.server.log.statemachine.data.sync.timeout = 10s (default)
2019-07-14 16:17:14,663 INFO  server.RaftServerConfigKeys (ConfUtils.java:logGet(43)) - raft.server.log.statemachine.data.sync.timeout.retry = -1 (default)
2019-07-14 16:17:14,664 INFO  server.RaftServerConfigKeys (ConfUtils.java:logGet(43)) - raft.server.log.statemachine.data.caching.enabled = true (custom)
2019-07-14 16:17:14,664 INFO  segmented.SegmentedRaftLogWorker (SegmentedRaftLogWorker.java:lambda$new$0(132)) - d6bc6ec4-7c72-4408-8bf6-ee28b7dc3a60-SegmentedRaftLogWorker:Storage Directory /workdir/hadoop-ozone/integration-test/target/test-dir/MiniOzoneClusterImpl-37e024c3-addb-4161-a953-d138a2f05756/datanode-3/data/ratis/5167a450-c381-47d6-9b28-89f793ccd117: flushIndex: setUnconditionally 0 -> -1
2019-07-14 16:17:14,664 INFO  server.RaftServerConfigKeys (ConfUtils.java:logGet(43)) - raft.server.snapshot.auto.trigger.enabled = true (custom)
2019-07-14 16:17:14,665 INFO  server.RaftServerConfigKeys (ConfUtils.java:logGet(43)) - raft.server.snapshot.auto.trigger.threshold = 10000 (custom)
2019-07-14 16:17:14,665 INFO  server.RaftServerConfigKeys (ConfUtils.java:logGet(43)) - raft.server.retrycache.expirytime = 600000ms (custom)
2019-07-14 16:17:14,665 INFO  impl.RaftServerImpl (RaftServerImpl.java:start(180)) - d6bc6ec4-7c72-4408-8bf6-ee28b7dc3a60: start group-89F793CCD117
2019-07-14 16:17:14,665 INFO  impl.RaftServerImpl (RaftServerImpl.java:setRole(171)) - d6bc6ec4-7c72-4408-8bf6-ee28b7dc3a60:group-89F793CCD117 changes role from null to FOLLOWER at term 0 for startAsFollower
2019-07-14 16:17:14,665 INFO  impl.RoleInfo (RoleInfo.java:updateAndGet(143)) - d6bc6ec4-7c72-4408-8bf6-ee28b7dc3a60: start FollowerState
2019-07-14 16:17:14,666 INFO  util.JmxRegister (JmxRegister.java:tryRegister(44)) - Successfully registered JMX Bean with object name Ratis:service=RaftServer,group=group-89F793CCD117,id=d6bc6ec4-7c72-4408-8bf6-ee28b7dc3a60
2019-07-14 16:17:14,690 INFO  pipeline.PipelineStateManager (PipelineStateManager.java:addPipeline(56)) - Created pipeline Pipeline[ Id: 5167a450-c381-47d6-9b28-89f793ccd117, Nodes: d6bc6ec4-7c72-4408-8bf6-ee28b7dc3a60{ip: 192.168.69.77, host: pr-hdds-1710-5x6jb-1204890111, networkLocation: /default-rack, certSerialId: null}, Type:RATIS, Factor:ONE, State:OPEN]
2019-07-14 16:17:14,897 INFO  node.SCMNodeManager (SCMNodeManager.java:register(269)) - Registered Data node : 5e233f37-b5fd-4add-9475-62e3a7aa43be{ip: 192.168.69.77, host: pr-hdds-1710-5x6jb-1204890111, networkLocation: /default-rack, certSerialId: null}
2019-07-14 16:17:14,913 INFO  impl.RaftServerProxy (RaftServerProxy.java:addNew(89)) - 5e233f37-b5fd-4add-9475-62e3a7aa43be: addNew group-7AD92B4D04A1:[5e233f37-b5fd-4add-9475-62e3a7aa43be:192.168.69.77:39547] returns group-7AD92B4D04A1:java.util.concurrent.CompletableFuture@722da039[Not completed]
2019-07-14 16:17:14,914 INFO  impl.RaftServerImpl (RaftServerImpl.java:<init>(93)) - 5e233f37-b5fd-4add-9475-62e3a7aa43be: new RaftServerImpl for group-7AD92B4D04A1:[5e233f37-b5fd-4add-9475-62e3a7aa43be:192.168.69.77:39547] with ContainerStateMachine:uninitialized
2019-07-14 16:17:14,915 INFO  server.RaftServerConfigKeys (ConfUtils.java:logGet(43)) - raft.server.rpc.timeout.min = 5s (custom)
2019-07-14 16:17:14,915 INFO  server.RaftServerConfigKeys (ConfUtils.java:logGet(43)) - raft.server.rpc.timeout.max = 5200ms (custom)
2019-07-14 16:17:14,915 INFO  server.RaftServerConfigKeys (ConfUtils.java:logGet(43)) - raft.server.rpcslowness.timeout = 120s (custom)
2019-07-14 16:17:14,915 INFO  server.RaftServerConfigKeys (ConfUtils.java:logGet(43)) - raft.server.sleep.deviation.threshold = 300 (default)
2019-07-14 16:17:14,915 INFO  server.RaftServerConfigKeys (ConfUtils.java:logGet(43)) - raft.server.log.appender.install.snapshot.enabled = false (custom)
2019-07-14 16:17:14,915 INFO  impl.RaftServerImpl (ServerState.java:<init>(105)) - 5e233f37-b5fd-4add-9475-62e3a7aa43be:group-7AD92B4D04A1 ConfigurationManager, init=-1: [5e233f37-b5fd-4add-9475-62e3a7aa43be:192.168.69.77:39547], old=null, confs=<EMPTY_MAP>
2019-07-14 16:17:14,916 INFO  server.RaftServerConfigKeys (ConfUtils.java:logGet(43)) - raft.server.storage.dir = [/workdir/hadoop-ozone/integration-test/target/test-dir/MiniOzoneClusterImpl-37e024c3-addb-4161-a953-d138a2f05756/datanode-4/data/ratis] (custom)
2019-07-14 16:17:14,916 INFO  storage.RaftStorageDirectory (RaftStorageDirectory.java:analyzeStorage(246)) - The storage directory /workdir/hadoop-ozone/integration-test/target/test-dir/MiniOzoneClusterImpl-37e024c3-addb-4161-a953-d138a2f05756/datanode-4/data/ratis/dfffe115-05b8-4ad6-a3a8-7ad92b4d04a1 does not exist. Creating ...
2019-07-14 16:17:14,929 INFO  storage.RaftStorageDirectory (RaftStorageDirectory.java:tryLock(328)) - Lock on /workdir/hadoop-ozone/integration-test/target/test-dir/MiniOzoneClusterImpl-37e024c3-addb-4161-a953-d138a2f05756/datanode-4/data/ratis/dfffe115-05b8-4ad6-a3a8-7ad92b4d04a1/in_use.lock acquired by nodename 762@pr-hdds-1710-5x6jb-1204890111
2019-07-14 16:17:14,953 INFO  storage.RaftStorage (RaftStorage.java:format(72)) - Storage directory /workdir/hadoop-ozone/integration-test/target/test-dir/MiniOzoneClusterImpl-37e024c3-addb-4161-a953-d138a2f05756/datanode-4/data/ratis/dfffe115-05b8-4ad6-a3a8-7ad92b4d04a1 has been successfully formatted.
2019-07-14 16:17:14,953 INFO  ratis.ContainerStateMachine (ContainerStateMachine.java:loadSnapshot(200)) - The snapshot info is null.Setting the last applied index to:(t:0, i:~)
2019-07-14 16:17:14,953 INFO  server.RaftServerConfigKeys (ConfUtils.java:logGet(43)) - raft.server.leader.election.timeout = 120s (custom)
2019-07-14 16:17:14,953 INFO  server.RaftServerConfigKeys (ConfUtils.java:logGet(43)) - raft.server.log.use.memory = false (default)
2019-07-14 16:17:14,954 INFO  server.RaftServerConfigKeys (ConfUtils.java:logGet(43)) - raft.server.log.purge.gap = 1000000000 (custom)
2019-07-14 16:17:14,954 INFO  server.RaftServerConfigKeys (ConfUtils.java:logGet(43)) - raft.server.log.appender.buffer.byte-limit = 33554432 (custom)
2019-07-14 16:17:14,954 INFO  server.RaftServerConfigKeys (ConfUtils.java:logGet(43)) - raft.server.log.segment.size.max = 1048576 (custom)
2019-07-14 16:17:14,954 INFO  server.RaftServerConfigKeys (ConfUtils.java:logGet(43)) - raft.server.log.segment.cache.num.max = 2 (custom)
2019-07-14 16:17:14,954 INFO  segmented.SegmentedRaftLogWorker (SegmentedRaftLogWorker.java:<init>(172)) - new 5e233f37-b5fd-4add-9475-62e3a7aa43be-SegmentedRaftLogWorker:Storage Directory /workdir/hadoop-ozone/integration-test/target/test-dir/MiniOzoneClusterImpl-37e024c3-addb-4161-a953-d138a2f05756/datanode-4/data/ratis/dfffe115-05b8-4ad6-a3a8-7ad92b4d04a1 for RaftStorage:Storage Directory /workdir/hadoop-ozone/integration-test/target/test-dir/MiniOzoneClusterImpl-37e024c3-addb-4161-a953-d138a2f05756/datanode-4/data/ratis/dfffe115-05b8-4ad6-a3a8-7ad92b4d04a1
2019-07-14 16:17:14,955 INFO  server.RaftServerConfigKeys (ConfUtils.java:logGet(43)) - raft.server.log.queue.byte-limit = 2147483647 (custom)
2019-07-14 16:17:14,955 INFO  server.RaftServerConfigKeys (ConfUtils.java:logGet(43)) - raft.server.log.queue.element-limit = 1024 (custom)
2019-07-14 16:17:14,955 INFO  server.RaftServerConfigKeys (ConfUtils.java:logGet(43)) - raft.server.log.segment.size.max = 1048576 (custom)
2019-07-14 16:17:14,955 INFO  server.RaftServerConfigKeys (ConfUtils.java:logGet(43)) - raft.server.log.preallocated.size = 16384 (custom)
2019-07-14 16:17:14,955 INFO  server.RaftServerConfigKeys (ConfUtils.java:logGet(43)) - raft.server.log.write.buffer.size = 33554432 (custom)
2019-07-14 16:17:14,956 INFO  server.RaftServerConfigKeys (ConfUtils.java:logGet(43)) - raft.server.log.force.sync.num = 128 (default)
2019-07-14 16:17:14,956 INFO  server.RaftServerConfigKeys (ConfUtils.java:logGet(43)) - raft.server.log.statemachine.data.sync = true (default)
2019-07-14 16:17:14,956 INFO  server.RaftServerConfigKeys (ConfUtils.java:logGet(43)) - raft.server.log.statemachine.data.sync.timeout = 10s (default)
2019-07-14 16:17:14,956 INFO  server.RaftServerConfigKeys (ConfUtils.java:logGet(43)) - raft.server.log.statemachine.data.sync.timeout.retry = -1 (default)
2019-07-14 16:17:14,956 INFO  server.RaftServerConfigKeys (ConfUtils.java:logGet(43)) - raft.server.log.statemachine.data.caching.enabled = true (custom)
2019-07-14 16:17:14,957 INFO  segmented.SegmentedRaftLogWorker (SegmentedRaftLogWorker.java:lambda$new$0(132)) - 5e233f37-b5fd-4add-9475-62e3a7aa43be-SegmentedRaftLogWorker:Storage Directory /workdir/hadoop-ozone/integration-test/target/test-dir/MiniOzoneClusterImpl-37e024c3-addb-4161-a953-d138a2f05756/datanode-4/data/ratis/dfffe115-05b8-4ad6-a3a8-7ad92b4d04a1: flushIndex: setUnconditionally 0 -> -1
2019-07-14 16:17:14,957 INFO  server.RaftServerConfigKeys (ConfUtils.java:logGet(43)) - raft.server.snapshot.auto.trigger.enabled = true (custom)
2019-07-14 16:17:14,957 INFO  server.RaftServerConfigKeys (ConfUtils.java:logGet(43)) - raft.server.snapshot.auto.trigger.threshold = 10000 (custom)
2019-07-14 16:17:14,958 INFO  server.RaftServerConfigKeys (ConfUtils.java:logGet(43)) - raft.server.retrycache.expirytime = 600000ms (custom)
2019-07-14 16:17:14,958 INFO  impl.RaftServerImpl (RaftServerImpl.java:start(180)) - 5e233f37-b5fd-4add-9475-62e3a7aa43be: start group-7AD92B4D04A1
2019-07-14 16:17:14,958 INFO  impl.RaftServerImpl (RaftServerImpl.java:setRole(171)) - 5e233f37-b5fd-4add-9475-62e3a7aa43be:group-7AD92B4D04A1 changes role from null to FOLLOWER at term 0 for startAsFollower
2019-07-14 16:17:14,958 INFO  impl.RoleInfo (RoleInfo.java:updateAndGet(143)) - 5e233f37-b5fd-4add-9475-62e3a7aa43be: start FollowerState
2019-07-14 16:17:14,984 INFO  util.JmxRegister (JmxRegister.java:tryRegister(44)) - Successfully registered JMX Bean with object name Ratis:service=RaftServer,group=group-7AD92B4D04A1,id=5e233f37-b5fd-4add-9475-62e3a7aa43be
2019-07-14 16:17:15,013 INFO  pipeline.PipelineStateManager (PipelineStateManager.java:addPipeline(56)) - Created pipeline Pipeline[ Id: dfffe115-05b8-4ad6-a3a8-7ad92b4d04a1, Nodes: 5e233f37-b5fd-4add-9475-62e3a7aa43be{ip: 192.168.69.77, host: pr-hdds-1710-5x6jb-1204890111, networkLocation: /default-rack, certSerialId: null}, Type:RATIS, Factor:ONE, State:OPEN]
2019-07-14 16:17:15,093 INFO  ozone.MiniOzoneClusterImpl (MiniOzoneClusterImpl.java:lambda$waitForClusterToBeReady$0(142)) - Waiting for cluster to be ready. Got 5 of 6 DN Heartbeats.
2019-07-14 16:17:15,094 INFO  node.SCMNodeManager (SCMNodeManager.java:register(269)) - Registered Data node : d97ceff9-95e8-4579-a4be-6b536bf1d9a8{ip: 192.168.69.77, host: pr-hdds-1710-5x6jb-1204890111, networkLocation: /default-rack, certSerialId: null}
2019-07-14 16:17:15,106 INFO  impl.RaftServerProxy (RaftServerProxy.java:addNew(89)) - d97ceff9-95e8-4579-a4be-6b536bf1d9a8: addNew group-EF4769AD5163:[d97ceff9-95e8-4579-a4be-6b536bf1d9a8:192.168.69.77:36284] returns group-EF4769AD5163:java.util.concurrent.CompletableFuture@63e74cfe[Not completed]
2019-07-14 16:17:15,107 INFO  impl.RaftServerImpl (RaftServerImpl.java:<init>(93)) - d97ceff9-95e8-4579-a4be-6b536bf1d9a8: new RaftServerImpl for group-EF4769AD5163:[d97ceff9-95e8-4579-a4be-6b536bf1d9a8:192.168.69.77:36284] with ContainerStateMachine:uninitialized
2019-07-14 16:17:15,108 INFO  server.RaftServerConfigKeys (ConfUtils.java:logGet(43)) - raft.server.rpc.timeout.min = 5s (custom)
2019-07-14 16:17:15,108 INFO  server.RaftServerConfigKeys (ConfUtils.java:logGet(43)) - raft.server.rpc.timeout.max = 5200ms (custom)
2019-07-14 16:17:15,108 INFO  server.RaftServerConfigKeys (ConfUtils.java:logGet(43)) - raft.server.rpcslowness.timeout = 120s (custom)
2019-07-14 16:17:15,108 INFO  server.RaftServerConfigKeys (ConfUtils.java:logGet(43)) - raft.server.sleep.deviation.threshold = 300 (default)
2019-07-14 16:17:15,108 INFO  server.RaftServerConfigKeys (ConfUtils.java:logGet(43)) - raft.server.log.appender.install.snapshot.enabled = false (custom)
2019-07-14 16:17:15,108 INFO  impl.RaftServerImpl (ServerState.java:<init>(105)) - d97ceff9-95e8-4579-a4be-6b536bf1d9a8:group-EF4769AD5163 ConfigurationManager, init=-1: [d97ceff9-95e8-4579-a4be-6b536bf1d9a8:192.168.69.77:36284], old=null, confs=<EMPTY_MAP>
2019-07-14 16:17:15,109 INFO  server.RaftServerConfigKeys (ConfUtils.java:logGet(43)) - raft.server.storage.dir = [/workdir/hadoop-ozone/integration-test/target/test-dir/MiniOzoneClusterImpl-37e024c3-addb-4161-a953-d138a2f05756/datanode-5/data/ratis] (custom)
2019-07-14 16:17:15,109 INFO  storage.RaftStorageDirectory (RaftStorageDirectory.java:analyzeStorage(246)) - The storage directory /workdir/hadoop-ozone/integration-test/target/test-dir/MiniOzoneClusterImpl-37e024c3-addb-4161-a953-d138a2f05756/datanode-5/data/ratis/e6a0c371-fd3f-4cd8-a0bb-ef4769ad5163 does not exist. Creating ...
2019-07-14 16:17:15,135 INFO  storage.RaftStorageDirectory (RaftStorageDirectory.java:tryLock(328)) - Lock on /workdir/hadoop-ozone/integration-test/target/test-dir/MiniOzoneClusterImpl-37e024c3-addb-4161-a953-d138a2f05756/datanode-5/data/ratis/e6a0c371-fd3f-4cd8-a0bb-ef4769ad5163/in_use.lock acquired by nodename 762@pr-hdds-1710-5x6jb-1204890111
2019-07-14 16:17:15,148 INFO  storage.RaftStorage (RaftStorage.java:format(72)) - Storage directory /workdir/hadoop-ozone/integration-test/target/test-dir/MiniOzoneClusterImpl-37e024c3-addb-4161-a953-d138a2f05756/datanode-5/data/ratis/e6a0c371-fd3f-4cd8-a0bb-ef4769ad5163 has been successfully formatted.
2019-07-14 16:17:15,148 INFO  ratis.ContainerStateMachine (ContainerStateMachine.java:loadSnapshot(200)) - The snapshot info is null.Setting the last applied index to:(t:0, i:~)
2019-07-14 16:17:15,149 INFO  server.RaftServerConfigKeys (ConfUtils.java:logGet(43)) - raft.server.leader.election.timeout = 120s (custom)
2019-07-14 16:17:15,149 INFO  server.RaftServerConfigKeys (ConfUtils.java:logGet(43)) - raft.server.log.use.memory = false (default)
2019-07-14 16:17:15,149 INFO  server.RaftServerConfigKeys (ConfUtils.java:logGet(43)) - raft.server.log.purge.gap = 1000000000 (custom)
2019-07-14 16:17:15,149 INFO  server.RaftServerConfigKeys (ConfUtils.java:logGet(43)) - raft.server.log.appender.buffer.byte-limit = 33554432 (custom)
2019-07-14 16:17:15,149 INFO  server.RaftServerConfigKeys (ConfUtils.java:logGet(43)) - raft.server.log.segment.size.max = 1048576 (custom)
2019-07-14 16:17:15,149 INFO  server.RaftServerConfigKeys (ConfUtils.java:logGet(43)) - raft.server.log.segment.cache.num.max = 2 (custom)
2019-07-14 16:17:15,150 INFO  segmented.SegmentedRaftLogWorker (SegmentedRaftLogWorker.java:<init>(172)) - new d97ceff9-95e8-4579-a4be-6b536bf1d9a8-SegmentedRaftLogWorker:Storage Directory /workdir/hadoop-ozone/integration-test/target/test-dir/MiniOzoneClusterImpl-37e024c3-addb-4161-a953-d138a2f05756/datanode-5/data/ratis/e6a0c371-fd3f-4cd8-a0bb-ef4769ad5163 for RaftStorage:Storage Directory /workdir/hadoop-ozone/integration-test/target/test-dir/MiniOzoneClusterImpl-37e024c3-addb-4161-a953-d138a2f05756/datanode-5/data/ratis/e6a0c371-fd3f-4cd8-a0bb-ef4769ad5163
2019-07-14 16:17:15,150 INFO  server.RaftServerConfigKeys (ConfUtils.java:logGet(43)) - raft.server.log.queue.byte-limit = 2147483647 (custom)
2019-07-14 16:17:15,150 INFO  server.RaftServerConfigKeys (ConfUtils.java:logGet(43)) - raft.server.log.queue.element-limit = 1024 (custom)
2019-07-14 16:17:15,150 INFO  server.RaftServerConfigKeys (ConfUtils.java:logGet(43)) - raft.server.log.segment.size.max = 1048576 (custom)
2019-07-14 16:17:15,150 INFO  server.RaftServerConfigKeys (ConfUtils.java:logGet(43)) - raft.server.log.preallocated.size = 16384 (custom)
2019-07-14 16:17:15,151 INFO  server.RaftServerConfigKeys (ConfUtils.java:logGet(43)) - raft.server.log.write.buffer.size = 33554432 (custom)
2019-07-14 16:17:15,151 INFO  server.RaftServerConfigKeys (ConfUtils.java:logGet(43)) - raft.server.log.force.sync.num = 128 (default)
2019-07-14 16:17:15,151 INFO  server.RaftServerConfigKeys (ConfUtils.java:logGet(43)) - raft.server.log.statemachine.data.sync = true (default)
2019-07-14 16:17:15,151 INFO  server.RaftServerConfigKeys (ConfUtils.java:logGet(43)) - raft.server.log.statemachine.data.sync.timeout = 10s (default)
2019-07-14 16:17:15,151 INFO  server.RaftServerConfigKeys (ConfUtils.java:logGet(43)) - raft.server.log.statemachine.data.sync.timeout.retry = -1 (default)
2019-07-14 16:17:15,151 INFO  server.RaftServerConfigKeys (ConfUtils.java:logGet(43)) - raft.server.log.statemachine.data.caching.enabled = true (custom)
2019-07-14 16:17:15,152 INFO  segmented.SegmentedRaftLogWorker (SegmentedRaftLogWorker.java:lambda$new$0(132)) - d97ceff9-95e8-4579-a4be-6b536bf1d9a8-SegmentedRaftLogWorker:Storage Directory /workdir/hadoop-ozone/integration-test/target/test-dir/MiniOzoneClusterImpl-37e024c3-addb-4161-a953-d138a2f05756/datanode-5/data/ratis/e6a0c371-fd3f-4cd8-a0bb-ef4769ad5163: flushIndex: setUnconditionally 0 -> -1
2019-07-14 16:17:15,152 INFO  server.RaftServerConfigKeys (ConfUtils.java:logGet(43)) - raft.server.snapshot.auto.trigger.enabled = true (custom)
2019-07-14 16:17:15,152 INFO  server.RaftServerConfigKeys (ConfUtils.java:logGet(43)) - raft.server.snapshot.auto.trigger.threshold = 10000 (custom)
2019-07-14 16:17:15,153 INFO  server.RaftServerConfigKeys (ConfUtils.java:logGet(43)) - raft.server.retrycache.expirytime = 600000ms (custom)
2019-07-14 16:17:15,153 INFO  impl.RaftServerImpl (RaftServerImpl.java:start(180)) - d97ceff9-95e8-4579-a4be-6b536bf1d9a8: start group-EF4769AD5163
2019-07-14 16:17:15,153 INFO  impl.RaftServerImpl (RaftServerImpl.java:setRole(171)) - d97ceff9-95e8-4579-a4be-6b536bf1d9a8:group-EF4769AD5163 changes role from null to FOLLOWER at term 0 for startAsFollower
2019-07-14 16:17:15,153 INFO  impl.RoleInfo (RoleInfo.java:updateAndGet(143)) - d97ceff9-95e8-4579-a4be-6b536bf1d9a8: start FollowerState
2019-07-14 16:17:15,154 INFO  util.JmxRegister (JmxRegister.java:tryRegister(44)) - Successfully registered JMX Bean with object name Ratis:service=RaftServer,group=group-EF4769AD5163,id=d97ceff9-95e8-4579-a4be-6b536bf1d9a8
2019-07-14 16:17:15,163 INFO  pipeline.PipelineStateManager (PipelineStateManager.java:addPipeline(56)) - Created pipeline Pipeline[ Id: e6a0c371-fd3f-4cd8-a0bb-ef4769ad5163, Nodes: d97ceff9-95e8-4579-a4be-6b536bf1d9a8{ip: 192.168.69.77, host: pr-hdds-1710-5x6jb-1204890111, networkLocation: /default-rack, certSerialId: null}, Type:RATIS, Factor:ONE, State:OPEN]
2019-07-14 16:17:15,200 INFO  impl.RaftServerProxy (RaftServerProxy.java:addNew(89)) - d6bc6ec4-7c72-4408-8bf6-ee28b7dc3a60: addNew group-612F148D620F:[5e233f37-b5fd-4add-9475-62e3a7aa43be:192.168.69.77:39547, d6bc6ec4-7c72-4408-8bf6-ee28b7dc3a60:192.168.69.77:38549, d97ceff9-95e8-4579-a4be-6b536bf1d9a8:192.168.69.77:36284] returns group-612F148D620F:java.util.concurrent.CompletableFuture@200e7361[Not completed]
2019-07-14 16:17:15,201 INFO  impl.RaftServerProxy (RaftServerProxy.java:addNew(89)) - 5e233f37-b5fd-4add-9475-62e3a7aa43be: addNew group-612F148D620F:[5e233f37-b5fd-4add-9475-62e3a7aa43be:192.168.69.77:39547, d6bc6ec4-7c72-4408-8bf6-ee28b7dc3a60:192.168.69.77:38549, d97ceff9-95e8-4579-a4be-6b536bf1d9a8:192.168.69.77:36284] returns group-612F148D620F:java.util.concurrent.CompletableFuture@66c9806e[Not completed]
2019-07-14 16:17:15,201 INFO  impl.RaftServerProxy (RaftServerProxy.java:addNew(89)) - d97ceff9-95e8-4579-a4be-6b536bf1d9a8: addNew group-612F148D620F:[5e233f37-b5fd-4add-9475-62e3a7aa43be:192.168.69.77:39547, d6bc6ec4-7c72-4408-8bf6-ee28b7dc3a60:192.168.69.77:38549, d97ceff9-95e8-4579-a4be-6b536bf1d9a8:192.168.69.77:36284] returns group-612F148D620F:java.util.concurrent.CompletableFuture@7716a213[Not completed]
2019-07-14 16:17:15,202 INFO  impl.RaftServerImpl (RaftServerImpl.java:<init>(93)) - d6bc6ec4-7c72-4408-8bf6-ee28b7dc3a60: new RaftServerImpl for group-612F148D620F:[5e233f37-b5fd-4add-9475-62e3a7aa43be:192.168.69.77:39547, d6bc6ec4-7c72-4408-8bf6-ee28b7dc3a60:192.168.69.77:38549, d97ceff9-95e8-4579-a4be-6b536bf1d9a8:192.168.69.77:36284] with ContainerStateMachine:uninitialized
2019-07-14 16:17:15,202 INFO  server.RaftServerConfigKeys (ConfUtils.java:logGet(43)) - raft.server.rpc.timeout.min = 5s (custom)
2019-07-14 16:17:15,202 INFO  impl.RaftServerImpl (RaftServerImpl.java:<init>(93)) - 5e233f37-b5fd-4add-9475-62e3a7aa43be: new RaftServerImpl for group-612F148D620F:[5e233f37-b5fd-4add-9475-62e3a7aa43be:192.168.69.77:39547, d6bc6ec4-7c72-4408-8bf6-ee28b7dc3a60:192.168.69.77:38549, d97ceff9-95e8-4579-a4be-6b536bf1d9a8:192.168.69.77:36284] with ContainerStateMachine:uninitialized
2019-07-14 16:17:15,202 INFO  server.RaftServerConfigKeys (ConfUtils.java:logGet(43)) - raft.server.rpc.timeout.max = 5200ms (custom)
2019-07-14 16:17:15,203 INFO  impl.RaftServerImpl (RaftServerImpl.java:<init>(93)) - d97ceff9-95e8-4579-a4be-6b536bf1d9a8: new RaftServerImpl for group-612F148D620F:[5e233f37-b5fd-4add-9475-62e3a7aa43be:192.168.69.77:39547, d6bc6ec4-7c72-4408-8bf6-ee28b7dc3a60:192.168.69.77:38549, d97ceff9-95e8-4579-a4be-6b536bf1d9a8:192.168.69.77:36284] with ContainerStateMachine:uninitialized
2019-07-14 16:17:15,203 INFO  server.RaftServerConfigKeys (ConfUtils.java:logGet(43)) - raft.server.rpc.timeout.min = 5s (custom)
2019-07-14 16:17:15,203 INFO  server.RaftServerConfigKeys (ConfUtils.java:logGet(43)) - raft.server.rpc.timeout.min = 5s (custom)
2019-07-14 16:17:15,203 INFO  server.RaftServerConfigKeys (ConfUtils.java:logGet(43)) - raft.server.rpc.timeout.max = 5200ms (custom)
2019-07-14 16:17:15,203 INFO  server.RaftServerConfigKeys (ConfUtils.java:logGet(43)) - raft.server.rpcslowness.timeout = 120s (custom)
2019-07-14 16:17:15,203 INFO  server.RaftServerConfigKeys (ConfUtils.java:logGet(43)) - raft.server.rpcslowness.timeout = 120s (custom)
2019-07-14 16:17:15,204 INFO  server.RaftServerConfigKeys (ConfUtils.java:logGet(43)) - raft.server.sleep.deviation.threshold = 300 (default)
2019-07-14 16:17:15,203 INFO  server.RaftServerConfigKeys (ConfUtils.java:logGet(43)) - raft.server.rpc.timeout.max = 5200ms (custom)
2019-07-14 16:17:15,204 INFO  server.RaftServerConfigKeys (ConfUtils.java:logGet(43)) - raft.server.log.appender.install.snapshot.enabled = false (custom)
2019-07-14 16:17:15,204 INFO  server.RaftServerConfigKeys (ConfUtils.java:logGet(43)) - raft.server.sleep.deviation.threshold = 300 (default)
2019-07-14 16:17:15,204 INFO  impl.RaftServerImpl (ServerState.java:<init>(105)) - d97ceff9-95e8-4579-a4be-6b536bf1d9a8:group-612F148D620F ConfigurationManager, init=-1: [5e233f37-b5fd-4add-9475-62e3a7aa43be:192.168.69.77:39547, d6bc6ec4-7c72-4408-8bf6-ee28b7dc3a60:192.168.69.77:38549, d97ceff9-95e8-4579-a4be-6b536bf1d9a8:192.168.69.77:36284], old=null, confs=<EMPTY_MAP>
2019-07-14 16:17:15,204 INFO  server.RaftServerConfigKeys (ConfUtils.java:logGet(43)) - raft.server.rpcslowness.timeout = 120s (custom)
2019-07-14 16:17:15,204 INFO  server.RaftServerConfigKeys (ConfUtils.java:logGet(43)) - raft.server.log.appender.install.snapshot.enabled = false (custom)
2019-07-14 16:17:15,205 INFO  server.RaftServerConfigKeys (ConfUtils.java:logGet(43)) - raft.server.storage.dir = [/workdir/hadoop-ozone/integration-test/target/test-dir/MiniOzoneClusterImpl-37e024c3-addb-4161-a953-d138a2f05756/datanode-5/data/ratis] (custom)
2019-07-14 16:17:15,205 INFO  server.RaftServerConfigKeys (ConfUtils.java:logGet(43)) - raft.server.sleep.deviation.threshold = 300 (default)
2019-07-14 16:17:15,205 INFO  server.RaftServerConfigKeys (ConfUtils.java:logGet(43)) - raft.server.log.appender.install.snapshot.enabled = false (custom)
2019-07-14 16:17:15,205 INFO  impl.RaftServerImpl (ServerState.java:<init>(105)) - d6bc6ec4-7c72-4408-8bf6-ee28b7dc3a60:group-612F148D620F ConfigurationManager, init=-1: [5e233f37-b5fd-4add-9475-62e3a7aa43be:192.168.69.77:39547, d6bc6ec4-7c72-4408-8bf6-ee28b7dc3a60:192.168.69.77:38549, d97ceff9-95e8-4579-a4be-6b536bf1d9a8:192.168.69.77:36284], old=null, confs=<EMPTY_MAP>
2019-07-14 16:17:15,206 INFO  storage.RaftStorageDirectory (RaftStorageDirectory.java:analyzeStorage(246)) - The storage directory /workdir/hadoop-ozone/integration-test/target/test-dir/MiniOzoneClusterImpl-37e024c3-addb-4161-a953-d138a2f05756/datanode-5/data/ratis/3ddf083f-3e54-4114-ab0c-612f148d620f does not exist. Creating ...
2019-07-14 16:17:15,205 INFO  impl.RaftServerImpl (ServerState.java:<init>(105)) - 5e233f37-b5fd-4add-9475-62e3a7aa43be:group-612F148D620F ConfigurationManager, init=-1: [5e233f37-b5fd-4add-9475-62e3a7aa43be:192.168.69.77:39547, d6bc6ec4-7c72-4408-8bf6-ee28b7dc3a60:192.168.69.77:38549, d97ceff9-95e8-4579-a4be-6b536bf1d9a8:192.168.69.77:36284], old=null, confs=<EMPTY_MAP>
2019-07-14 16:17:15,206 INFO  server.RaftServerConfigKeys (ConfUtils.java:logGet(43)) - raft.server.storage.dir = [/workdir/hadoop-ozone/integration-test/target/test-dir/MiniOzoneClusterImpl-37e024c3-addb-4161-a953-d138a2f05756/datanode-3/data/ratis] (custom)
2019-07-14 16:17:15,206 INFO  server.RaftServerConfigKeys (ConfUtils.java:logGet(43)) - raft.server.storage.dir = [/workdir/hadoop-ozone/integration-test/target/test-dir/MiniOzoneClusterImpl-37e024c3-addb-4161-a953-d138a2f05756/datanode-4/data/ratis] (custom)
2019-07-14 16:17:15,207 INFO  storage.RaftStorageDirectory (RaftStorageDirectory.java:analyzeStorage(246)) - The storage directory /workdir/hadoop-ozone/integration-test/target/test-dir/MiniOzoneClusterImpl-37e024c3-addb-4161-a953-d138a2f05756/datanode-3/data/ratis/3ddf083f-3e54-4114-ab0c-612f148d620f does not exist. Creating ...
2019-07-14 16:17:15,207 INFO  storage.RaftStorageDirectory (RaftStorageDirectory.java:analyzeStorage(246)) - The storage directory /workdir/hadoop-ozone/integration-test/target/test-dir/MiniOzoneClusterImpl-37e024c3-addb-4161-a953-d138a2f05756/datanode-4/data/ratis/3ddf083f-3e54-4114-ab0c-612f148d620f does not exist. Creating ...
2019-07-14 16:17:15,220 INFO  storage.RaftStorageDirectory (RaftStorageDirectory.java:tryLock(328)) - Lock on /workdir/hadoop-ozone/integration-test/target/test-dir/MiniOzoneClusterImpl-37e024c3-addb-4161-a953-d138a2f05756/datanode-5/data/ratis/3ddf083f-3e54-4114-ab0c-612f148d620f/in_use.lock acquired by nodename 762@pr-hdds-1710-5x6jb-1204890111
2019-07-14 16:17:15,220 INFO  storage.RaftStorageDirectory (RaftStorageDirectory.java:tryLock(328)) - Lock on /workdir/hadoop-ozone/integration-test/target/test-dir/MiniOzoneClusterImpl-37e024c3-addb-4161-a953-d138a2f05756/datanode-3/data/ratis/3ddf083f-3e54-4114-ab0c-612f148d620f/in_use.lock acquired by nodename 762@pr-hdds-1710-5x6jb-1204890111
2019-07-14 16:17:15,220 INFO  storage.RaftStorageDirectory (RaftStorageDirectory.java:tryLock(328)) - Lock on /workdir/hadoop-ozone/integration-test/target/test-dir/MiniOzoneClusterImpl-37e024c3-addb-4161-a953-d138a2f05756/datanode-4/data/ratis/3ddf083f-3e54-4114-ab0c-612f148d620f/in_use.lock acquired by nodename 762@pr-hdds-1710-5x6jb-1204890111
2019-07-14 16:17:15,234 INFO  storage.RaftStorage (RaftStorage.java:format(72)) - Storage directory /workdir/hadoop-ozone/integration-test/target/test-dir/MiniOzoneClusterImpl-37e024c3-addb-4161-a953-d138a2f05756/datanode-5/data/ratis/3ddf083f-3e54-4114-ab0c-612f148d620f has been successfully formatted.
2019-07-14 16:17:15,234 INFO  storage.RaftStorage (RaftStorage.java:format(72)) - Storage directory /workdir/hadoop-ozone/integration-test/target/test-dir/MiniOzoneClusterImpl-37e024c3-addb-4161-a953-d138a2f05756/datanode-4/data/ratis/3ddf083f-3e54-4114-ab0c-612f148d620f has been successfully formatted.
2019-07-14 16:17:15,234 INFO  storage.RaftStorage (RaftStorage.java:format(72)) - Storage directory /workdir/hadoop-ozone/integration-test/target/test-dir/MiniOzoneClusterImpl-37e024c3-addb-4161-a953-d138a2f05756/datanode-3/data/ratis/3ddf083f-3e54-4114-ab0c-612f148d620f has been successfully formatted.
2019-07-14 16:17:15,235 INFO  ratis.ContainerStateMachine (ContainerStateMachine.java:loadSnapshot(200)) - The snapshot info is null.Setting the last applied index to:(t:0, i:~)
2019-07-14 16:17:15,235 INFO  ratis.ContainerStateMachine (ContainerStateMachine.java:loadSnapshot(200)) - The snapshot info is null.Setting the last applied index to:(t:0, i:~)
2019-07-14 16:17:15,235 INFO  server.RaftServerConfigKeys (ConfUtils.java:logGet(43)) - raft.server.leader.election.timeout = 120s (custom)
2019-07-14 16:17:15,235 INFO  ratis.ContainerStateMachine (ContainerStateMachine.java:loadSnapshot(200)) - The snapshot info is null.Setting the last applied index to:(t:0, i:~)
2019-07-14 16:17:15,235 INFO  server.RaftServerConfigKeys (ConfUtils.java:logGet(43)) - raft.server.log.use.memory = false (default)
2019-07-14 16:17:15,235 INFO  server.RaftServerConfigKeys (ConfUtils.java:logGet(43)) - raft.server.leader.election.timeout = 120s (custom)
2019-07-14 16:17:15,236 INFO  server.RaftServerConfigKeys (ConfUtils.java:logGet(43)) - raft.server.log.purge.gap = 1000000000 (custom)
2019-07-14 16:17:15,235 INFO  server.RaftServerConfigKeys (ConfUtils.java:logGet(43)) - raft.server.leader.election.timeout = 120s (custom)
2019-07-14 16:17:15,236 INFO  server.RaftServerConfigKeys (ConfUtils.java:logGet(43)) - raft.server.log.appender.buffer.byte-limit = 33554432 (custom)
2019-07-14 16:17:15,236 INFO  server.RaftServerConfigKeys (ConfUtils.java:logGet(43)) - raft.server.log.use.memory = false (default)
2019-07-14 16:17:15,236 INFO  server.RaftServerConfigKeys (ConfUtils.java:logGet(43)) - raft.server.log.segment.size.max = 1048576 (custom)
2019-07-14 16:17:15,236 INFO  server.RaftServerConfigKeys (ConfUtils.java:logGet(43)) - raft.server.log.use.memory = false (default)
2019-07-14 16:17:15,236 INFO  server.RaftServerConfigKeys (ConfUtils.java:logGet(43)) - raft.server.log.segment.cache.num.max = 2 (custom)
2019-07-14 16:17:15,236 INFO  server.RaftServerConfigKeys (ConfUtils.java:logGet(43)) - raft.server.log.purge.gap = 1000000000 (custom)
2019-07-14 16:17:15,237 INFO  segmented.SegmentedRaftLogWorker (SegmentedRaftLogWorker.java:<init>(172)) - new 5e233f37-b5fd-4add-9475-62e3a7aa43be-SegmentedRaftLogWorker:Storage Directory /workdir/hadoop-ozone/integration-test/target/test-dir/MiniOzoneClusterImpl-37e024c3-addb-4161-a953-d138a2f05756/datanode-4/data/ratis/3ddf083f-3e54-4114-ab0c-612f148d620f for RaftStorage:Storage Directory /workdir/hadoop-ozone/integration-test/target/test-dir/MiniOzoneClusterImpl-37e024c3-addb-4161-a953-d138a2f05756/datanode-4/data/ratis/3ddf083f-3e54-4114-ab0c-612f148d620f
2019-07-14 16:17:15,237 INFO  server.RaftServerConfigKeys (ConfUtils.java:logGet(43)) - raft.server.log.purge.gap = 1000000000 (custom)
2019-07-14 16:17:15,237 INFO  server.RaftServerConfigKeys (ConfUtils.java:logGet(43)) - raft.server.log.queue.byte-limit = 2147483647 (custom)
2019-07-14 16:17:15,237 INFO  server.RaftServerConfigKeys (ConfUtils.java:logGet(43)) - raft.server.log.appender.buffer.byte-limit = 33554432 (custom)
2019-07-14 16:17:15,237 INFO  server.RaftServerConfigKeys (ConfUtils.java:logGet(43)) - raft.server.log.queue.element-limit = 1024 (custom)
2019-07-14 16:17:15,237 INFO  server.RaftServerConfigKeys (ConfUtils.java:logGet(43)) - raft.server.log.appender.buffer.byte-limit = 33554432 (custom)
2019-07-14 16:17:15,238 INFO  server.RaftServerConfigKeys (ConfUtils.java:logGet(43)) - raft.server.log.segment.size.max = 1048576 (custom)
2019-07-14 16:17:15,237 INFO  server.RaftServerConfigKeys (ConfUtils.java:logGet(43)) - raft.server.log.segment.size.max = 1048576 (custom)
2019-07-14 16:17:15,238 INFO  server.RaftServerConfigKeys (ConfUtils.java:logGet(43)) - raft.server.log.preallocated.size = 16384 (custom)
2019-07-14 16:17:15,238 INFO  server.RaftServerConfigKeys (ConfUtils.java:logGet(43)) - raft.server.log.segment.size.max = 1048576 (custom)
2019-07-14 16:17:15,238 INFO  server.RaftServerConfigKeys (ConfUtils.java:logGet(43)) - raft.server.log.write.buffer.size = 33554432 (custom)
2019-07-14 16:17:15,238 INFO  server.RaftServerConfigKeys (ConfUtils.java:logGet(43)) - raft.server.log.segment.cache.num.max = 2 (custom)
2019-07-14 16:17:15,238 INFO  server.RaftServerConfigKeys (ConfUtils.java:logGet(43)) - raft.server.log.force.sync.num = 128 (default)
2019-07-14 16:17:15,238 INFO  server.RaftServerConfigKeys (ConfUtils.java:logGet(43)) - raft.server.log.segment.cache.num.max = 2 (custom)
2019-07-14 16:17:15,239 INFO  server.RaftServerConfigKeys (ConfUtils.java:logGet(43)) - raft.server.log.statemachine.data.sync = true (default)
2019-07-14 16:17:15,238 INFO  segmented.SegmentedRaftLogWorker (SegmentedRaftLogWorker.java:<init>(172)) - new d97ceff9-95e8-4579-a4be-6b536bf1d9a8-SegmentedRaftLogWorker:Storage Directory /workdir/hadoop-ozone/integration-test/target/test-dir/MiniOzoneClusterImpl-37e024c3-addb-4161-a953-d138a2f05756/datanode-5/data/ratis/3ddf083f-3e54-4114-ab0c-612f148d620f for RaftStorage:Storage Directory /workdir/hadoop-ozone/integration-test/target/test-dir/MiniOzoneClusterImpl-37e024c3-addb-4161-a953-d138a2f05756/datanode-5/data/ratis/3ddf083f-3e54-4114-ab0c-612f148d620f
2019-07-14 16:17:15,239 INFO  server.RaftServerConfigKeys (ConfUtils.java:logGet(43)) - raft.server.log.statemachine.data.sync.timeout = 10s (default)
2019-07-14 16:17:15,239 INFO  segmented.SegmentedRaftLogWorker (SegmentedRaftLogWorker.java:<init>(172)) - new d6bc6ec4-7c72-4408-8bf6-ee28b7dc3a60-SegmentedRaftLogWorker:Storage Directory /workdir/hadoop-ozone/integration-test/target/test-dir/MiniOzoneClusterImpl-37e024c3-addb-4161-a953-d138a2f05756/datanode-3/data/ratis/3ddf083f-3e54-4114-ab0c-612f148d620f for RaftStorage:Storage Directory /workdir/hadoop-ozone/integration-test/target/test-dir/MiniOzoneClusterImpl-37e024c3-addb-4161-a953-d138a2f05756/datanode-3/data/ratis/3ddf083f-3e54-4114-ab0c-612f148d620f
2019-07-14 16:17:15,239 INFO  server.RaftServerConfigKeys (ConfUtils.java:logGet(43)) - raft.server.log.statemachine.data.sync.timeout.retry = -1 (default)
2019-07-14 16:17:15,239 INFO  server.RaftServerConfigKeys (ConfUtils.java:logGet(43)) - raft.server.log.queue.byte-limit = 2147483647 (custom)
2019-07-14 16:17:15,240 INFO  server.RaftServerConfigKeys (ConfUtils.java:logGet(43)) - raft.server.log.statemachine.data.caching.enabled = true (custom)
2019-07-14 16:17:15,239 INFO  server.RaftServerConfigKeys (ConfUtils.java:logGet(43)) - raft.server.log.queue.byte-limit = 2147483647 (custom)
2019-07-14 16:17:15,240 INFO  segmented.SegmentedRaftLogWorker (SegmentedRaftLogWorker.java:lambda$new$0(132)) - 5e233f37-b5fd-4add-9475-62e3a7aa43be-SegmentedRaftLogWorker:Storage Directory /workdir/hadoop-ozone/integration-test/target/test-dir/MiniOzoneClusterImpl-37e024c3-addb-4161-a953-d138a2f05756/datanode-4/data/ratis/3ddf083f-3e54-4114-ab0c-612f148d620f: flushIndex: setUnconditionally 0 -> -1
2019-07-14 16:17:15,240 INFO  server.RaftServerConfigKeys (ConfUtils.java:logGet(43)) - raft.server.log.queue.element-limit = 1024 (custom)
2019-07-14 16:17:15,240 INFO  server.RaftServerConfigKeys (ConfUtils.java:logGet(43)) - raft.server.log.queue.element-limit = 1024 (custom)
2019-07-14 16:17:15,240 INFO  server.RaftServerConfigKeys (ConfUtils.java:logGet(43)) - raft.server.log.segment.size.max = 1048576 (custom)
2019-07-14 16:17:15,240 INFO  server.RaftServerConfigKeys (ConfUtils.java:logGet(43)) - raft.server.log.segment.size.max = 1048576 (custom)
2019-07-14 16:17:15,240 INFO  server.RaftServerConfigKeys (ConfUtils.java:logGet(43)) - raft.server.snapshot.auto.trigger.enabled = true (custom)
2019-07-14 16:17:15,241 INFO  server.RaftServerConfigKeys (ConfUtils.java:logGet(43)) - raft.server.log.preallocated.size = 16384 (custom)
2019-07-14 16:17:15,241 INFO  server.RaftServerConfigKeys (ConfUtils.java:logGet(43)) - raft.server.log.preallocated.size = 16384 (custom)
2019-07-14 16:17:15,241 INFO  server.RaftServerConfigKeys (ConfUtils.java:logGet(43)) - raft.server.log.write.buffer.size = 33554432 (custom)
2019-07-14 16:17:15,241 INFO  server.RaftServerConfigKeys (ConfUtils.java:logGet(43)) - raft.server.log.force.sync.num = 128 (default)
2019-07-14 16:17:15,241 INFO  server.RaftServerConfigKeys (ConfUtils.java:logGet(43)) - raft.server.snapshot.auto.trigger.threshold = 10000 (custom)
2019-07-14 16:17:15,241 INFO  server.RaftServerConfigKeys (ConfUtils.java:logGet(43)) - raft.server.log.statemachine.data.sync = true (default)
2019-07-14 16:17:15,241 INFO  server.RaftServerConfigKeys (ConfUtils.java:logGet(43)) - raft.server.log.write.buffer.size = 33554432 (custom)
2019-07-14 16:17:15,242 INFO  server.RaftServerConfigKeys (ConfUtils.java:logGet(43)) - raft.server.log.statemachine.data.sync.timeout = 10s (default)
2019-07-14 16:17:15,242 INFO  server.RaftServerConfigKeys (ConfUtils.java:logGet(43)) - raft.server.retrycache.expirytime = 600000ms (custom)
2019-07-14 16:17:15,242 INFO  server.RaftServerConfigKeys (ConfUtils.java:logGet(43)) - raft.server.log.statemachine.data.sync.timeout.retry = -1 (default)
2019-07-14 16:17:15,242 INFO  impl.RaftServerImpl (RaftServerImpl.java:start(180)) - 5e233f37-b5fd-4add-9475-62e3a7aa43be: start group-612F148D620F
2019-07-14 16:17:15,242 INFO  server.RaftServerConfigKeys (ConfUtils.java:logGet(43)) - raft.server.log.force.sync.num = 128 (default)
2019-07-14 16:17:15,242 INFO  impl.RaftServerImpl (RaftServerImpl.java:setRole(171)) - 5e233f37-b5fd-4add-9475-62e3a7aa43be:group-612F148D620F changes role from null to FOLLOWER at term 0 for startAsFollower
2019-07-14 16:17:15,242 INFO  server.RaftServerConfigKeys (ConfUtils.java:logGet(43)) - raft.server.log.statemachine.data.caching.enabled = true (custom)
2019-07-14 16:17:15,243 INFO  impl.RoleInfo (RoleInfo.java:updateAndGet(143)) - 5e233f37-b5fd-4add-9475-62e3a7aa43be: start FollowerState
2019-07-14 16:17:15,243 INFO  server.RaftServerConfigKeys (ConfUtils.java:logGet(43)) - raft.server.log.statemachine.data.sync = true (default)
2019-07-14 16:17:15,243 INFO  segmented.SegmentedRaftLogWorker (SegmentedRaftLogWorker.java:lambda$new$0(132)) - d6bc6ec4-7c72-4408-8bf6-ee28b7dc3a60-SegmentedRaftLogWorker:Storage Directory /workdir/hadoop-ozone/integration-test/target/test-dir/MiniOzoneClusterImpl-37e024c3-addb-4161-a953-d138a2f05756/datanode-3/data/ratis/3ddf083f-3e54-4114-ab0c-612f148d620f: flushIndex: setUnconditionally 0 -> -1
2019-07-14 16:17:15,243 INFO  server.RaftServerConfigKeys (ConfUtils.java:logGet(43)) - raft.server.log.statemachine.data.sync.timeout = 10s (default)
2019-07-14 16:17:15,243 INFO  server.RaftServerConfigKeys (ConfUtils.java:logGet(43)) - raft.server.log.statemachine.data.sync.timeout.retry = -1 (default)
2019-07-14 16:17:15,244 INFO  server.RaftServerConfigKeys (ConfUtils.java:logGet(43)) - raft.server.snapshot.auto.trigger.enabled = true (custom)
2019-07-14 16:17:15,244 INFO  util.JmxRegister (JmxRegister.java:tryRegister(44)) - Successfully registered JMX Bean with object name Ratis:service=RaftServer,group=group-612F148D620F,id=5e233f37-b5fd-4add-9475-62e3a7aa43be
2019-07-14 16:17:15,244 INFO  server.RaftServerConfigKeys (ConfUtils.java:logGet(43)) - raft.server.snapshot.auto.trigger.threshold = 10000 (custom)
2019-07-14 16:17:15,244 INFO  server.RaftServerConfigKeys (ConfUtils.java:logGet(43)) - raft.server.log.statemachine.data.caching.enabled = true (custom)
2019-07-14 16:17:15,244 INFO  server.RaftServerConfigKeys (ConfUtils.java:logGet(43)) - raft.server.retrycache.expirytime = 600000ms (custom)
2019-07-14 16:17:15,244 INFO  segmented.SegmentedRaftLogWorker (SegmentedRaftLogWorker.java:lambda$new$0(132)) - d97ceff9-95e8-4579-a4be-6b536bf1d9a8-SegmentedRaftLogWorker:Storage Directory /workdir/hadoop-ozone/integration-test/target/test-dir/MiniOzoneClusterImpl-37e024c3-addb-4161-a953-d138a2f05756/datanode-5/data/ratis/3ddf083f-3e54-4114-ab0c-612f148d620f: flushIndex: setUnconditionally 0 -> -1
2019-07-14 16:17:15,244 INFO  impl.RaftServerImpl (RaftServerImpl.java:start(180)) - d6bc6ec4-7c72-4408-8bf6-ee28b7dc3a60: start group-612F148D620F
2019-07-14 16:17:15,245 INFO  impl.RaftServerImpl (RaftServerImpl.java:setRole(171)) - d6bc6ec4-7c72-4408-8bf6-ee28b7dc3a60:group-612F148D620F changes role from null to FOLLOWER at term 0 for startAsFollower
2019-07-14 16:17:15,245 INFO  server.RaftServerConfigKeys (ConfUtils.java:logGet(43)) - raft.server.snapshot.auto.trigger.enabled = true (custom)
2019-07-14 16:17:15,245 INFO  impl.RoleInfo (RoleInfo.java:updateAndGet(143)) - d6bc6ec4-7c72-4408-8bf6-ee28b7dc3a60: start FollowerState
2019-07-14 16:17:15,245 INFO  server.RaftServerConfigKeys (ConfUtils.java:logGet(43)) - raft.server.snapshot.auto.trigger.threshold = 10000 (custom)
2019-07-14 16:17:15,245 INFO  server.RaftServerConfigKeys (ConfUtils.java:logGet(43)) - raft.server.retrycache.expirytime = 600000ms (custom)
2019-07-14 16:17:15,245 INFO  util.JmxRegister (JmxRegister.java:tryRegister(44)) - Successfully registered JMX Bean with object name Ratis:service=RaftServer,group=group-612F148D620F,id=d6bc6ec4-7c72-4408-8bf6-ee28b7dc3a60
2019-07-14 16:17:15,245 INFO  impl.RaftServerImpl (RaftServerImpl.java:start(180)) - d97ceff9-95e8-4579-a4be-6b536bf1d9a8: start group-612F148D620F
2019-07-14 16:17:15,268 INFO  impl.RaftServerImpl (RaftServerImpl.java:setRole(171)) - d97ceff9-95e8-4579-a4be-6b536bf1d9a8:group-612F148D620F changes role from null to FOLLOWER at term 0 for startAsFollower
2019-07-14 16:17:15,268 INFO  impl.RoleInfo (RoleInfo.java:updateAndGet(143)) - d97ceff9-95e8-4579-a4be-6b536bf1d9a8: start FollowerState
2019-07-14 16:17:15,268 INFO  util.JmxRegister (JmxRegister.java:tryRegister(44)) - Successfully registered JMX Bean with object name Ratis:service=RaftServer,group=group-612F148D620F,id=d97ceff9-95e8-4579-a4be-6b536bf1d9a8
2019-07-14 16:17:15,282 INFO  pipeline.PipelineStateManager (PipelineStateManager.java:addPipeline(56)) - Created pipeline Pipeline[ Id: 3ddf083f-3e54-4114-ab0c-612f148d620f, Nodes: d6bc6ec4-7c72-4408-8bf6-ee28b7dc3a60{ip: 192.168.69.77, host: pr-hdds-1710-5x6jb-1204890111, networkLocation: /default-rack, certSerialId: null}d97ceff9-95e8-4579-a4be-6b536bf1d9a8{ip: 192.168.69.77, host: pr-hdds-1710-5x6jb-1204890111, networkLocation: /default-rack, certSerialId: null}5e233f37-b5fd-4add-9475-62e3a7aa43be{ip: 192.168.69.77, host: pr-hdds-1710-5x6jb-1204890111, networkLocation: /default-rack, certSerialId: null}, Type:RATIS, Factor:THREE, State:OPEN]
2019-07-14 16:17:16,093 INFO  ozone.MiniOzoneClusterImpl (MiniOzoneClusterImpl.java:lambda$waitForClusterToBeReady$0(142)) - Cluster is ready. Got 6 of 6 DN Heartbeats.
2019-07-14 16:17:16,140 INFO  rpc.RpcClient (RpcClient.java:createVolume(287)) - Creating Volume: datanodefailurehandlingtest, with jenkins1000 as owner.
2019-07-14 16:17:16,175 INFO  rpc.RpcClient (RpcClient.java:createBucket(424)) - Creating Bucket: datanodefailurehandlingtest/datanodefailurehandlingtest, with Versioning false and Storage Type set to DISK and Encryption set to false 
2019-07-14 16:17:16,276 INFO  datanode.ObjectStoreHandler (ObjectStoreHandler.java:close(155)) - Closing ObjectStoreHandler.
2019-07-14 16:17:16,283 INFO  ozone.HddsDatanodeService (HddsDatanodeService.java:stop(452)) - Stopped plug-in org.apache.hadoop.ozone.web.OzoneHddsDatanodeService@21fa19e4
2019-07-14 16:17:16,308 INFO  client.GrpcClientProtocolClient (GrpcClientProtocolClient.java:onNext(255)) - client-352070C52454->c6caa481-fc39-4fa3-8faf-817af7fe412a: receive RaftClientReply:client-352070C52454->c6caa481-fc39-4fa3-8faf-817af7fe412a@group-CE7A7065D8A6, cid=93, FAILED org.apache.ratis.protocol.NotLeaderException: Server c6caa481-fc39-4fa3-8faf-817af7fe412a is not the leader (null). Request must be sent to leader., logIndex=0, commits[c6caa481-fc39-4fa3-8faf-817af7fe412a:c-1]
2019-07-14 16:17:16,850 INFO  statemachine.DatanodeStateMachine (DatanodeStateMachine.java:lambda$startDaemon$0(350)) - Ozone container server started.
2019-07-14 16:17:16,882 INFO  container.ReplicationManager (ReplicationManager.java:start(155)) - Starting Replication Monitor Thread.
2019-07-14 16:17:16,892 INFO  container.ReplicationManager (ReplicationManager.java:run(207)) - Replication Monitor Thread took 1 milliseconds for processing 1 containers.
2019-07-14 16:17:17,362 INFO  client.GrpcClientProtocolClient (GrpcClientProtocolClient.java:onNext(255)) - client-352070C52454->bde8c970-78a9-487e-beef-ecea974b9f52: receive RaftClientReply:client-352070C52454->bde8c970-78a9-487e-beef-ecea974b9f52@group-CE7A7065D8A6, cid=93, FAILED org.apache.ratis.protocol.NotLeaderException: Server bde8c970-78a9-487e-beef-ecea974b9f52 is not the leader (null). Request must be sent to leader., logIndex=0, commits[bde8c970-78a9-487e-beef-ecea974b9f52:c-1]
2019-07-14 16:17:18,443 INFO  client.GrpcClientProtocolClient (GrpcClientProtocolClient.java:onNext(255)) - client-352070C52454->c6caa481-fc39-4fa3-8faf-817af7fe412a: receive RaftClientReply:client-352070C52454->c6caa481-fc39-4fa3-8faf-817af7fe412a@group-CE7A7065D8A6, cid=93, FAILED org.apache.ratis.protocol.NotLeaderException: Server c6caa481-fc39-4fa3-8faf-817af7fe412a is not the leader (null). Request must be sent to leader., logIndex=0, commits[c6caa481-fc39-4fa3-8faf-817af7fe412a:c-1]
2019-07-14 16:17:18,931 INFO  node.StaleNodeHandler (StaleNodeHandler.java:onMessage(58)) - Datanode c6caa481-fc39-4fa3-8faf-817af7fe412a{ip: 192.168.69.77, host: pr-hdds-1710-5x6jb-1204890111, networkLocation: /default-rack, certSerialId: null} moved to stale state. Finalizing its pipelines [PipelineID=10c959c2-43bd-46e6-a358-255b373903cf, PipelineID=12d40b55-4a85-4829-aa2d-ce7a7065d8a6]
2019-07-14 16:17:18,931 INFO  pipeline.SCMPipelineManager (SCMPipelineManager.java:finalizeAndDestroyPipeline(309)) - destroying pipeline:Pipeline[ Id: 10c959c2-43bd-46e6-a358-255b373903cf, Nodes: c6caa481-fc39-4fa3-8faf-817af7fe412a{ip: 192.168.69.77, host: pr-hdds-1710-5x6jb-1204890111, networkLocation: /default-rack, certSerialId: null}, Type:RATIS, Factor:ONE, State:OPEN]
2019-07-14 16:17:18,932 INFO  pipeline.PipelineStateManager (PipelineStateManager.java:finalizePipeline(123)) - Pipeline Pipeline[ Id: 10c959c2-43bd-46e6-a358-255b373903cf, Nodes: c6caa481-fc39-4fa3-8faf-817af7fe412a{ip: 192.168.69.77, host: pr-hdds-1710-5x6jb-1204890111, networkLocation: /default-rack, certSerialId: null}, Type:RATIS, Factor:ONE, State:CLOSED] moved to CLOSED state
2019-07-14 16:17:18,932 INFO  pipeline.SCMPipelineManager (SCMPipelineManager.java:finalizeAndDestroyPipeline(309)) - destroying pipeline:Pipeline[ Id: 12d40b55-4a85-4829-aa2d-ce7a7065d8a6, Nodes: c6caa481-fc39-4fa3-8faf-817af7fe412a{ip: 192.168.69.77, host: pr-hdds-1710-5x6jb-1204890111, networkLocation: /default-rack, certSerialId: null}bde8c970-78a9-487e-beef-ecea974b9f52{ip: 192.168.69.77, host: pr-hdds-1710-5x6jb-1204890111, networkLocation: /default-rack, certSerialId: null}5c3f8082-86fd-4ec8-83c5-19f28657242e{ip: 192.168.69.77, host: pr-hdds-1710-5x6jb-1204890111, networkLocation: /default-rack, certSerialId: null}, Type:RATIS, Factor:THREE, State:OPEN]
2019-07-14 16:17:18,932 INFO  pipeline.PipelineStateManager (PipelineStateManager.java:finalizePipeline(123)) - Pipeline Pipeline[ Id: 12d40b55-4a85-4829-aa2d-ce7a7065d8a6, Nodes: c6caa481-fc39-4fa3-8faf-817af7fe412a{ip: 192.168.69.77, host: pr-hdds-1710-5x6jb-1204890111, networkLocation: /default-rack, certSerialId: null}bde8c970-78a9-487e-beef-ecea974b9f52{ip: 192.168.69.77, host: pr-hdds-1710-5x6jb-1204890111, networkLocation: /default-rack, certSerialId: null}5c3f8082-86fd-4ec8-83c5-19f28657242e{ip: 192.168.69.77, host: pr-hdds-1710-5x6jb-1204890111, networkLocation: /default-rack, certSerialId: null}, Type:RATIS, Factor:THREE, State:CLOSED] moved to CLOSED state
2019-07-14 16:17:18,933 INFO  container.CloseContainerEventHandler (CloseContainerEventHandler.java:onMessage(61)) - Close container Event triggered for container : #1
2019-07-14 16:17:19,087 INFO  impl.FollowerState (FollowerState.java:run(106)) - c6caa481-fc39-4fa3-8faf-817af7fe412a:group-255B373903CF changes to CANDIDATE, lastRpcTime:5128, electionTimeout:5128ms
2019-07-14 16:17:19,087 INFO  impl.RoleInfo (RoleInfo.java:shutdownFollowerState(121)) - c6caa481-fc39-4fa3-8faf-817af7fe412a: shutdown FollowerState
2019-07-14 16:17:19,087 INFO  impl.RaftServerImpl (RaftServerImpl.java:setRole(171)) - c6caa481-fc39-4fa3-8faf-817af7fe412a:group-255B373903CF changes role from FOLLOWER to CANDIDATE at term 0 for changeToCandidate
2019-07-14 16:17:19,087 INFO  impl.RoleInfo (RoleInfo.java:updateAndGet(143)) - c6caa481-fc39-4fa3-8faf-817af7fe412a: start LeaderElection
2019-07-14 16:17:19,122 INFO  impl.LeaderElection (LeaderElection.java:askForVotes(181)) - c6caa481-fc39-4fa3-8faf-817af7fe412a:group-255B373903CF:LeaderElection45: begin an election at term 1 for -1: [c6caa481-fc39-4fa3-8faf-817af7fe412a:192.168.69.77:37013], old=null
2019-07-14 16:17:19,122 INFO  impl.RoleInfo (RoleInfo.java:shutdownLeaderElection(134)) - c6caa481-fc39-4fa3-8faf-817af7fe412a: shutdown LeaderElection
2019-07-14 16:17:19,122 INFO  impl.RaftServerImpl (RaftServerImpl.java:setRole(171)) - c6caa481-fc39-4fa3-8faf-817af7fe412a:group-255B373903CF changes role from CANDIDATE to LEADER at term 1 for changeToLeader
2019-07-14 16:17:19,122 INFO  impl.RaftServerImpl (ServerState.java:setLeader(263)) - c6caa481-fc39-4fa3-8faf-817af7fe412a:group-255B373903CF change Leader from null to c6caa481-fc39-4fa3-8faf-817af7fe412a at term 1 for becomeLeader, leader elected after 5169ms
2019-07-14 16:17:19,123 INFO  server.RaftServerConfigKeys (ConfUtils.java:logGet(43)) - raft.server.staging.catchup.gap = 1000 (default)
2019-07-14 16:17:19,123 INFO  server.RaftServerConfigKeys (ConfUtils.java:logGet(43)) - raft.server.rpc.sleep.time = 25ms (default)
2019-07-14 16:17:19,123 INFO  server.RaftServerConfigKeys (ConfUtils.java:logGet(43)) - raft.server.write.element-limit = 4096 (default)
2019-07-14 16:17:19,123 INFO  server.RaftServerConfigKeys (ConfUtils.java:logGet(43)) - raft.server.watch.timeout = 10s (default)
2019-07-14 16:17:19,123 INFO  server.RaftServerConfigKeys (ConfUtils.java:logGet(43)) - raft.server.watch.timeout.denomination = 1s (default)
2019-07-14 16:17:19,123 INFO  server.RaftServerConfigKeys (ConfUtils.java:logGet(43)) - raft.server.watch.element-limit = 65536 (default)
2019-07-14 16:17:19,124 INFO  impl.RoleInfo (RoleInfo.java:updateAndGet(143)) - c6caa481-fc39-4fa3-8faf-817af7fe412a: start LeaderState
2019-07-14 16:17:19,124 INFO  segmented.SegmentedRaftLogWorker (SegmentedRaftLogWorker.java:startLogSegment(380)) - c6caa481-fc39-4fa3-8faf-817af7fe412a-SegmentedRaftLogWorker:Storage Directory /workdir/hadoop-ozone/integration-test/target/test-dir/MiniOzoneClusterImpl-37e024c3-addb-4161-a953-d138a2f05756/datanode-0/data/ratis/10c959c2-43bd-46e6-a358-255b373903cf: Starting segment from index:0
2019-07-14 16:17:19,125 INFO  impl.RaftServerImpl (ServerState.java:setRaftConf(361)) - c6caa481-fc39-4fa3-8faf-817af7fe412a:group-255B373903CF set configuration 0: [c6caa481-fc39-4fa3-8faf-817af7fe412a:192.168.69.77:37013], old=null at 0
2019-07-14 16:17:19,157 INFO  segmented.SegmentedRaftLogWorker (SegmentedRaftLogWorker.java:execute(569)) - c6caa481-fc39-4fa3-8faf-817af7fe412a-SegmentedRaftLogWorker:Storage Directory /workdir/hadoop-ozone/integration-test/target/test-dir/MiniOzoneClusterImpl-37e024c3-addb-4161-a953-d138a2f05756/datanode-0/data/ratis/10c959c2-43bd-46e6-a358-255b373903cf: created new log segment /workdir/hadoop-ozone/integration-test/target/test-dir/MiniOzoneClusterImpl-37e024c3-addb-4161-a953-d138a2f05756/datanode-0/data/ratis/10c959c2-43bd-46e6-a358-255b373903cf/current/log_inprogress_0
2019-07-14 16:17:19,204 INFO  impl.FollowerState (FollowerState.java:run(106)) - bde8c970-78a9-487e-beef-ecea974b9f52:group-D4CB9D01C576 changes to CANDIDATE, lastRpcTime:5050, electionTimeout:5050ms
2019-07-14 16:17:19,204 INFO  impl.RoleInfo (RoleInfo.java:shutdownFollowerState(121)) - bde8c970-78a9-487e-beef-ecea974b9f52: shutdown FollowerState
2019-07-14 16:17:19,204 INFO  impl.RaftServerImpl (RaftServerImpl.java:setRole(171)) - bde8c970-78a9-487e-beef-ecea974b9f52:group-D4CB9D01C576 changes role from FOLLOWER to CANDIDATE at term 0 for changeToCandidate
2019-07-14 16:17:19,204 INFO  impl.RoleInfo (RoleInfo.java:updateAndGet(143)) - bde8c970-78a9-487e-beef-ecea974b9f52: start LeaderElection
2019-07-14 16:17:19,256 INFO  impl.LeaderElection (LeaderElection.java:askForVotes(181)) - bde8c970-78a9-487e-beef-ecea974b9f52:group-D4CB9D01C576:LeaderElection46: begin an election at term 1 for -1: [bde8c970-78a9-487e-beef-ecea974b9f52:192.168.69.77:41057], old=null
2019-07-14 16:17:19,257 INFO  impl.RoleInfo (RoleInfo.java:shutdownLeaderElection(134)) - bde8c970-78a9-487e-beef-ecea974b9f52: shutdown LeaderElection
2019-07-14 16:17:19,257 INFO  impl.RaftServerImpl (RaftServerImpl.java:setRole(171)) - bde8c970-78a9-487e-beef-ecea974b9f52:group-D4CB9D01C576 changes role from CANDIDATE to LEADER at term 1 for changeToLeader
2019-07-14 16:17:19,257 INFO  impl.RaftServerImpl (ServerState.java:setLeader(263)) - bde8c970-78a9-487e-beef-ecea974b9f52:group-D4CB9D01C576 change Leader from null to bde8c970-78a9-487e-beef-ecea974b9f52 at term 1 for becomeLeader, leader elected after 5108ms
2019-07-14 16:17:19,257 INFO  server.RaftServerConfigKeys (ConfUtils.java:logGet(43)) - raft.server.staging.catchup.gap = 1000 (default)
2019-07-14 16:17:19,257 INFO  server.RaftServerConfigKeys (ConfUtils.java:logGet(43)) - raft.server.rpc.sleep.time = 25ms (default)
2019-07-14 16:17:19,257 INFO  server.RaftServerConfigKeys (ConfUtils.java:logGet(43)) - raft.server.write.element-limit = 4096 (default)
2019-07-14 16:17:19,257 INFO  server.RaftServerConfigKeys (ConfUtils.java:logGet(43)) - raft.server.watch.timeout = 10s (default)
2019-07-14 16:17:19,258 INFO  server.RaftServerConfigKeys (ConfUtils.java:logGet(43)) - raft.server.watch.timeout.denomination = 1s (default)
2019-07-14 16:17:19,258 INFO  server.RaftServerConfigKeys (ConfUtils.java:logGet(43)) - raft.server.watch.element-limit = 65536 (default)
2019-07-14 16:17:19,258 INFO  impl.RoleInfo (RoleInfo.java:updateAndGet(143)) - bde8c970-78a9-487e-beef-ecea974b9f52: start LeaderState
2019-07-14 16:17:19,258 INFO  segmented.SegmentedRaftLogWorker (SegmentedRaftLogWorker.java:startLogSegment(380)) - bde8c970-78a9-487e-beef-ecea974b9f52-SegmentedRaftLogWorker:Storage Directory /workdir/hadoop-ozone/integration-test/target/test-dir/MiniOzoneClusterImpl-37e024c3-addb-4161-a953-d138a2f05756/datanode-1/data/ratis/454c04e3-5029-413c-b963-d4cb9d01c576: Starting segment from index:0
2019-07-14 16:17:19,259 INFO  impl.RaftServerImpl (ServerState.java:setRaftConf(361)) - bde8c970-78a9-487e-beef-ecea974b9f52:group-D4CB9D01C576 set configuration 0: [bde8c970-78a9-487e-beef-ecea974b9f52:192.168.69.77:41057], old=null at 0
2019-07-14 16:17:19,304 INFO  segmented.SegmentedRaftLogWorker (SegmentedRaftLogWorker.java:execute(569)) - bde8c970-78a9-487e-beef-ecea974b9f52-SegmentedRaftLogWorker:Storage Directory /workdir/hadoop-ozone/integration-test/target/test-dir/MiniOzoneClusterImpl-37e024c3-addb-4161-a953-d138a2f05756/datanode-1/data/ratis/454c04e3-5029-413c-b963-d4cb9d01c576: created new log segment /workdir/hadoop-ozone/integration-test/target/test-dir/MiniOzoneClusterImpl-37e024c3-addb-4161-a953-d138a2f05756/datanode-1/data/ratis/454c04e3-5029-413c-b963-d4cb9d01c576/current/log_inprogress_0
2019-07-14 16:17:19,475 INFO  client.GrpcClientProtocolClient (GrpcClientProtocolClient.java:onNext(255)) - client-352070C52454->bde8c970-78a9-487e-beef-ecea974b9f52: receive RaftClientReply:client-352070C52454->bde8c970-78a9-487e-beef-ecea974b9f52@group-CE7A7065D8A6, cid=93, FAILED org.apache.ratis.protocol.NotLeaderException: Server bde8c970-78a9-487e-beef-ecea974b9f52 is not the leader (null). Request must be sent to leader., logIndex=0, commits[bde8c970-78a9-487e-beef-ecea974b9f52:c-1]
2019-07-14 16:17:19,482 INFO  impl.FollowerState (FollowerState.java:run(106)) - 5c3f8082-86fd-4ec8-83c5-19f28657242e:group-1323B57D3B07 changes to CANDIDATE, lastRpcTime:5043, electionTimeout:5039ms
2019-07-14 16:17:19,488 INFO  impl.RoleInfo (RoleInfo.java:shutdownFollowerState(121)) - 5c3f8082-86fd-4ec8-83c5-19f28657242e: shutdown FollowerState
2019-07-14 16:17:19,494 INFO  impl.RaftServerImpl (RaftServerImpl.java:setRole(171)) - 5c3f8082-86fd-4ec8-83c5-19f28657242e:group-1323B57D3B07 changes role from FOLLOWER to CANDIDATE at term 0 for changeToCandidate
2019-07-14 16:17:19,494 INFO  impl.RoleInfo (RoleInfo.java:updateAndGet(143)) - 5c3f8082-86fd-4ec8-83c5-19f28657242e: start LeaderElection
2019-07-14 16:17:19,532 INFO  impl.FollowerState (FollowerState.java:run(106)) - 5c3f8082-86fd-4ec8-83c5-19f28657242e:group-CE7A7065D8A6 changes to CANDIDATE, lastRpcTime:5025, electionTimeout:5025ms
2019-07-14 16:17:19,532 INFO  impl.RoleInfo (RoleInfo.java:shutdownFollowerState(121)) - 5c3f8082-86fd-4ec8-83c5-19f28657242e: shutdown FollowerState
2019-07-14 16:17:19,532 INFO  impl.RaftServerImpl (RaftServerImpl.java:setRole(171)) - 5c3f8082-86fd-4ec8-83c5-19f28657242e:group-CE7A7065D8A6 changes role from FOLLOWER to CANDIDATE at term 0 for changeToCandidate
2019-07-14 16:17:19,532 INFO  impl.RoleInfo (RoleInfo.java:updateAndGet(143)) - 5c3f8082-86fd-4ec8-83c5-19f28657242e: start LeaderElection
2019-07-14 16:17:19,543 INFO  impl.LeaderElection (LeaderElection.java:askForVotes(181)) - 5c3f8082-86fd-4ec8-83c5-19f28657242e:group-1323B57D3B07:LeaderElection47: begin an election at term 1 for -1: [5c3f8082-86fd-4ec8-83c5-19f28657242e:192.168.69.77:37016], old=null
2019-07-14 16:17:19,543 INFO  impl.RoleInfo (RoleInfo.java:shutdownLeaderElection(134)) - 5c3f8082-86fd-4ec8-83c5-19f28657242e: shutdown LeaderElection
2019-07-14 16:17:19,543 INFO  impl.RaftServerImpl (RaftServerImpl.java:setRole(171)) - 5c3f8082-86fd-4ec8-83c5-19f28657242e:group-1323B57D3B07 changes role from CANDIDATE to LEADER at term 1 for changeToLeader
2019-07-14 16:17:19,543 INFO  impl.RaftServerImpl (ServerState.java:setLeader(263)) - 5c3f8082-86fd-4ec8-83c5-19f28657242e:group-1323B57D3B07 change Leader from null to 5c3f8082-86fd-4ec8-83c5-19f28657242e at term 1 for becomeLeader, leader elected after 5109ms
2019-07-14 16:17:19,543 INFO  server.RaftServerConfigKeys (ConfUtils.java:logGet(43)) - raft.server.staging.catchup.gap = 1000 (default)
2019-07-14 16:17:19,543 INFO  server.RaftServerConfigKeys (ConfUtils.java:logGet(43)) - raft.server.rpc.sleep.time = 25ms (default)
2019-07-14 16:17:19,544 INFO  server.RaftServerConfigKeys (ConfUtils.java:logGet(43)) - raft.server.write.element-limit = 4096 (default)
2019-07-14 16:17:19,544 INFO  server.RaftServerConfigKeys (ConfUtils.java:logGet(43)) - raft.server.watch.timeout = 10s (default)
2019-07-14 16:17:19,544 INFO  server.RaftServerConfigKeys (ConfUtils.java:logGet(43)) - raft.server.watch.timeout.denomination = 1s (default)
2019-07-14 16:17:19,544 INFO  server.RaftServerConfigKeys (ConfUtils.java:logGet(43)) - raft.server.watch.element-limit = 65536 (default)
2019-07-14 16:17:19,544 INFO  impl.RoleInfo (RoleInfo.java:updateAndGet(143)) - 5c3f8082-86fd-4ec8-83c5-19f28657242e: start LeaderState
2019-07-14 16:17:19,544 INFO  segmented.SegmentedRaftLogWorker (SegmentedRaftLogWorker.java:startLogSegment(380)) - 5c3f8082-86fd-4ec8-83c5-19f28657242e-SegmentedRaftLogWorker:Storage Directory /workdir/hadoop-ozone/integration-test/target/test-dir/MiniOzoneClusterImpl-37e024c3-addb-4161-a953-d138a2f05756/datanode-2/data/ratis/5637f5e8-802c-4741-b63f-1323b57d3b07: Starting segment from index:0
2019-07-14 16:17:19,545 INFO  impl.RaftServerImpl (ServerState.java:setRaftConf(361)) - 5c3f8082-86fd-4ec8-83c5-19f28657242e:group-1323B57D3B07 set configuration 0: [5c3f8082-86fd-4ec8-83c5-19f28657242e:192.168.69.77:37016], old=null at 0
2019-07-14 16:17:19,555 INFO  impl.LeaderElection (LeaderElection.java:askForVotes(181)) - 5c3f8082-86fd-4ec8-83c5-19f28657242e:group-CE7A7065D8A6:LeaderElection48: begin an election at term 1 for -1: [c6caa481-fc39-4fa3-8faf-817af7fe412a:192.168.69.77:37013, bde8c970-78a9-487e-beef-ecea974b9f52:192.168.69.77:41057, 5c3f8082-86fd-4ec8-83c5-19f28657242e:192.168.69.77:37016], old=null
2019-07-14 16:17:19,564 INFO  impl.RaftServerImpl (RaftServerImpl.java:setRole(171)) - bde8c970-78a9-487e-beef-ecea974b9f52:group-CE7A7065D8A6 changes role from FOLLOWER to FOLLOWER at term 1 for recognizeCandidate:5c3f8082-86fd-4ec8-83c5-19f28657242e
2019-07-14 16:17:19,564 INFO  impl.RoleInfo (RoleInfo.java:shutdownFollowerState(121)) - bde8c970-78a9-487e-beef-ecea974b9f52: shutdown FollowerState
2019-07-14 16:17:19,564 INFO  impl.RaftServerImpl (RaftServerImpl.java:setRole(171)) - c6caa481-fc39-4fa3-8faf-817af7fe412a:group-CE7A7065D8A6 changes role from FOLLOWER to FOLLOWER at term 1 for recognizeCandidate:5c3f8082-86fd-4ec8-83c5-19f28657242e
2019-07-14 16:17:19,565 INFO  impl.RoleInfo (RoleInfo.java:shutdownFollowerState(121)) - c6caa481-fc39-4fa3-8faf-817af7fe412a: shutdown FollowerState
2019-07-14 16:17:19,565 INFO  impl.FollowerState (FollowerState.java:run(114)) - bde8c970-78a9-487e-beef-ecea974b9f52: FollowerState was interrupted: java.lang.InterruptedException: sleep interrupted
2019-07-14 16:17:19,565 INFO  impl.RoleInfo (RoleInfo.java:updateAndGet(143)) - bde8c970-78a9-487e-beef-ecea974b9f52: start FollowerState
2019-07-14 16:17:19,565 INFO  impl.FollowerState (FollowerState.java:run(114)) - c6caa481-fc39-4fa3-8faf-817af7fe412a: FollowerState was interrupted: java.lang.InterruptedException: sleep interrupted
2019-07-14 16:17:19,565 INFO  impl.RoleInfo (RoleInfo.java:updateAndGet(143)) - c6caa481-fc39-4fa3-8faf-817af7fe412a: start FollowerState
2019-07-14 16:17:19,578 INFO  segmented.SegmentedRaftLogWorker (SegmentedRaftLogWorker.java:execute(569)) - 5c3f8082-86fd-4ec8-83c5-19f28657242e-SegmentedRaftLogWorker:Storage Directory /workdir/hadoop-ozone/integration-test/target/test-dir/MiniOzoneClusterImpl-37e024c3-addb-4161-a953-d138a2f05756/datanode-2/data/ratis/5637f5e8-802c-4741-b63f-1323b57d3b07: created new log segment /workdir/hadoop-ozone/integration-test/target/test-dir/MiniOzoneClusterImpl-37e024c3-addb-4161-a953-d138a2f05756/datanode-2/data/ratis/5637f5e8-802c-4741-b63f-1323b57d3b07/current/log_inprogress_0
2019-07-14 16:17:19,579 INFO  impl.LeaderElection (LeaderElection.java:logAndReturn(56)) - 5c3f8082-86fd-4ec8-83c5-19f28657242e:group-CE7A7065D8A6:LeaderElection48: Election PASSED; received 1 response(s) [5c3f8082-86fd-4ec8-83c5-19f28657242e<-bde8c970-78a9-487e-beef-ecea974b9f52#0:OK-t1] and 0 exception(s); 5c3f8082-86fd-4ec8-83c5-19f28657242e:t1, leader=null, voted=5c3f8082-86fd-4ec8-83c5-19f28657242e, raftlog=5c3f8082-86fd-4ec8-83c5-19f28657242e-SegmentedRaftLog:OPENED:c-1,f-1,i0, conf=-1: [c6caa481-fc39-4fa3-8faf-817af7fe412a:192.168.69.77:37013, bde8c970-78a9-487e-beef-ecea974b9f52:192.168.69.77:41057, 5c3f8082-86fd-4ec8-83c5-19f28657242e:192.168.69.77:37016], old=null
2019-07-14 16:17:19,579 INFO  impl.RoleInfo (RoleInfo.java:shutdownLeaderElection(134)) - 5c3f8082-86fd-4ec8-83c5-19f28657242e: shutdown LeaderElection
2019-07-14 16:17:19,579 INFO  impl.RaftServerImpl (RaftServerImpl.java:setRole(171)) - 5c3f8082-86fd-4ec8-83c5-19f28657242e:group-CE7A7065D8A6 changes role from CANDIDATE to LEADER at term 1 for changeToLeader
2019-07-14 16:17:19,579 INFO  impl.RaftServerImpl (ServerState.java:setLeader(263)) - 5c3f8082-86fd-4ec8-83c5-19f28657242e:group-CE7A7065D8A6 change Leader from null to 5c3f8082-86fd-4ec8-83c5-19f28657242e at term 1 for becomeLeader, leader elected after 5080ms
2019-07-14 16:17:19,580 INFO  server.RaftServerConfigKeys (ConfUtils.java:logGet(43)) - raft.server.staging.catchup.gap = 1000 (default)
2019-07-14 16:17:19,580 INFO  server.RaftServerConfigKeys (ConfUtils.java:logGet(43)) - raft.server.rpc.sleep.time = 25ms (default)
2019-07-14 16:17:19,580 INFO  server.RaftServerConfigKeys (ConfUtils.java:logGet(43)) - raft.server.write.element-limit = 4096 (default)
2019-07-14 16:17:19,580 INFO  server.RaftServerConfigKeys (ConfUtils.java:logGet(43)) - raft.server.watch.timeout = 10s (default)
2019-07-14 16:17:19,580 INFO  server.RaftServerConfigKeys (ConfUtils.java:logGet(43)) - raft.server.watch.timeout.denomination = 1s (default)
2019-07-14 16:17:19,580 INFO  server.RaftServerConfigKeys (ConfUtils.java:logGet(43)) - raft.server.watch.element-limit = 65536 (default)
2019-07-14 16:17:19,580 INFO  server.RaftServerConfigKeys (ConfUtils.java:logGet(43)) - raft.server.log.appender.snapshot.chunk.size.max = 16MB (=16777216) (default)
2019-07-14 16:17:19,581 INFO  server.RaftServerConfigKeys (ConfUtils.java:logGet(43)) - raft.server.log.appender.buffer.byte-limit = 33554432 (custom)
2019-07-14 16:17:19,581 INFO  server.RaftServerConfigKeys (ConfUtils.java:logGet(43)) - raft.server.log.appender.buffer.element-limit = 1 (custom)
2019-07-14 16:17:19,581 INFO  grpc.GrpcConfigKeys$Server (ConfUtils.java:logGet(43)) - raft.grpc.server.leader.outstanding.appends.max = 128 (default)
2019-07-14 16:17:19,581 INFO  server.RaftServerConfigKeys (ConfUtils.java:logGet(43)) - raft.server.rpc.request.timeout = 3000ms (default)
2019-07-14 16:17:19,582 INFO  server.RaftServerConfigKeys (ConfUtils.java:logGet(43)) - raft.server.log.appender.install.snapshot.enabled = false (custom)
2019-07-14 16:17:19,582 INFO  server.RaftServerConfigKeys (ConfUtils.java:logGet(43)) - raft.server.log.appender.snapshot.chunk.size.max = 16MB (=16777216) (default)
2019-07-14 16:17:19,582 INFO  server.RaftServerConfigKeys (ConfUtils.java:logGet(43)) - raft.server.log.appender.buffer.byte-limit = 33554432 (custom)
2019-07-14 16:17:19,582 INFO  server.RaftServerConfigKeys (ConfUtils.java:logGet(43)) - raft.server.log.appender.buffer.element-limit = 1 (custom)
2019-07-14 16:17:19,582 INFO  grpc.GrpcConfigKeys$Server (ConfUtils.java:logGet(43)) - raft.grpc.server.leader.outstanding.appends.max = 128 (default)
2019-07-14 16:17:19,583 INFO  server.RaftServerConfigKeys (ConfUtils.java:logGet(43)) - raft.server.rpc.request.timeout = 3000ms (default)
2019-07-14 16:17:19,583 INFO  server.RaftServerConfigKeys (ConfUtils.java:logGet(43)) - raft.server.log.appender.install.snapshot.enabled = false (custom)
2019-07-14 16:17:19,583 INFO  impl.RoleInfo (RoleInfo.java:updateAndGet(143)) - 5c3f8082-86fd-4ec8-83c5-19f28657242e: start LeaderState
2019-07-14 16:17:19,583 INFO  segmented.SegmentedRaftLogWorker (SegmentedRaftLogWorker.java:startLogSegment(380)) - 5c3f8082-86fd-4ec8-83c5-19f28657242e-SegmentedRaftLogWorker:Storage Directory /workdir/hadoop-ozone/integration-test/target/test-dir/MiniOzoneClusterImpl-37e024c3-addb-4161-a953-d138a2f05756/datanode-2/data/ratis/12d40b55-4a85-4829-aa2d-ce7a7065d8a6: Starting segment from index:0
2019-07-14 16:17:19,585 INFO  impl.RaftServerImpl (ServerState.java:setRaftConf(361)) - 5c3f8082-86fd-4ec8-83c5-19f28657242e:group-CE7A7065D8A6 set configuration 0: [c6caa481-fc39-4fa3-8faf-817af7fe412a:192.168.69.77:37013, bde8c970-78a9-487e-beef-ecea974b9f52:192.168.69.77:41057, 5c3f8082-86fd-4ec8-83c5-19f28657242e:192.168.69.77:37016], old=null at 0
2019-07-14 16:17:19,586 INFO  impl.RaftServerImpl (ServerState.java:setLeader(263)) - c6caa481-fc39-4fa3-8faf-817af7fe412a:group-CE7A7065D8A6 change Leader from null to 5c3f8082-86fd-4ec8-83c5-19f28657242e at term 1 for appendEntries, leader elected after 5087ms
2019-07-14 16:17:19,586 INFO  impl.RaftServerImpl (ServerState.java:setLeader(263)) - bde8c970-78a9-487e-beef-ecea974b9f52:group-CE7A7065D8A6 change Leader from null to 5c3f8082-86fd-4ec8-83c5-19f28657242e at term 1 for appendEntries, leader elected after 5087ms
2019-07-14 16:17:19,618 INFO  impl.RaftServerImpl (ServerState.java:setRaftConf(361)) - bde8c970-78a9-487e-beef-ecea974b9f52:group-CE7A7065D8A6 set configuration 0: [c6caa481-fc39-4fa3-8faf-817af7fe412a:192.168.69.77:37013, bde8c970-78a9-487e-beef-ecea974b9f52:192.168.69.77:41057, 5c3f8082-86fd-4ec8-83c5-19f28657242e:192.168.69.77:37016], old=null at 0
2019-07-14 16:17:19,618 INFO  impl.RaftServerImpl (ServerState.java:setRaftConf(361)) - c6caa481-fc39-4fa3-8faf-817af7fe412a:group-CE7A7065D8A6 set configuration 0: [c6caa481-fc39-4fa3-8faf-817af7fe412a:192.168.69.77:37013, bde8c970-78a9-487e-beef-ecea974b9f52:192.168.69.77:41057, 5c3f8082-86fd-4ec8-83c5-19f28657242e:192.168.69.77:37016], old=null at 0
2019-07-14 16:17:19,619 INFO  segmented.SegmentedRaftLogWorker (SegmentedRaftLogWorker.java:startLogSegment(380)) - bde8c970-78a9-487e-beef-ecea974b9f52-SegmentedRaftLogWorker:Storage Directory /workdir/hadoop-ozone/integration-test/target/test-dir/MiniOzoneClusterImpl-37e024c3-addb-4161-a953-d138a2f05756/datanode-1/data/ratis/12d40b55-4a85-4829-aa2d-ce7a7065d8a6: Starting segment from index:0
2019-07-14 16:17:19,619 INFO  segmented.SegmentedRaftLogWorker (SegmentedRaftLogWorker.java:startLogSegment(380)) - c6caa481-fc39-4fa3-8faf-817af7fe412a-SegmentedRaftLogWorker:Storage Directory /workdir/hadoop-ozone/integration-test/target/test-dir/MiniOzoneClusterImpl-37e024c3-addb-4161-a953-d138a2f05756/datanode-0/data/ratis/12d40b55-4a85-4829-aa2d-ce7a7065d8a6: Starting segment from index:0
2019-07-14 16:17:19,622 INFO  segmented.SegmentedRaftLogWorker (SegmentedRaftLogWorker.java:execute(569)) - 5c3f8082-86fd-4ec8-83c5-19f28657242e-SegmentedRaftLogWorker:Storage Directory /workdir/hadoop-ozone/integration-test/target/test-dir/MiniOzoneClusterImpl-37e024c3-addb-4161-a953-d138a2f05756/datanode-2/data/ratis/12d40b55-4a85-4829-aa2d-ce7a7065d8a6: created new log segment /workdir/hadoop-ozone/integration-test/target/test-dir/MiniOzoneClusterImpl-37e024c3-addb-4161-a953-d138a2f05756/datanode-2/data/ratis/12d40b55-4a85-4829-aa2d-ce7a7065d8a6/current/log_inprogress_0
2019-07-14 16:17:19,649 INFO  segmented.SegmentedRaftLogWorker (SegmentedRaftLogWorker.java:execute(569)) - c6caa481-fc39-4fa3-8faf-817af7fe412a-SegmentedRaftLogWorker:Storage Directory /workdir/hadoop-ozone/integration-test/target/test-dir/MiniOzoneClusterImpl-37e024c3-addb-4161-a953-d138a2f05756/datanode-0/data/ratis/12d40b55-4a85-4829-aa2d-ce7a7065d8a6: created new log segment /workdir/hadoop-ozone/integration-test/target/test-dir/MiniOzoneClusterImpl-37e024c3-addb-4161-a953-d138a2f05756/datanode-0/data/ratis/12d40b55-4a85-4829-aa2d-ce7a7065d8a6/current/log_inprogress_0
2019-07-14 16:17:19,649 INFO  segmented.SegmentedRaftLogWorker (SegmentedRaftLogWorker.java:execute(569)) - bde8c970-78a9-487e-beef-ecea974b9f52-SegmentedRaftLogWorker:Storage Directory /workdir/hadoop-ozone/integration-test/target/test-dir/MiniOzoneClusterImpl-37e024c3-addb-4161-a953-d138a2f05756/datanode-1/data/ratis/12d40b55-4a85-4829-aa2d-ce7a7065d8a6: created new log segment /workdir/hadoop-ozone/integration-test/target/test-dir/MiniOzoneClusterImpl-37e024c3-addb-4161-a953-d138a2f05756/datanode-1/data/ratis/12d40b55-4a85-4829-aa2d-ce7a7065d8a6/current/log_inprogress_0
2019-07-14 16:17:19,738 INFO  impl.FollowerState (FollowerState.java:run(106)) - d6bc6ec4-7c72-4408-8bf6-ee28b7dc3a60:group-89F793CCD117 changes to CANDIDATE, lastRpcTime:5072, electionTimeout:5072ms
2019-07-14 16:17:19,738 INFO  impl.RoleInfo (RoleInfo.java:shutdownFollowerState(121)) - d6bc6ec4-7c72-4408-8bf6-ee28b7dc3a60: shutdown FollowerState
2019-07-14 16:17:19,738 INFO  impl.RaftServerImpl (RaftServerImpl.java:setRole(171)) - d6bc6ec4-7c72-4408-8bf6-ee28b7dc3a60:group-89F793CCD117 changes role from FOLLOWER to CANDIDATE at term 0 for changeToCandidate
2019-07-14 16:17:19,738 INFO  impl.RoleInfo (RoleInfo.java:updateAndGet(143)) - d6bc6ec4-7c72-4408-8bf6-ee28b7dc3a60: start LeaderElection
2019-07-14 16:17:19,766 INFO  impl.LeaderElection (LeaderElection.java:askForVotes(181)) - d6bc6ec4-7c72-4408-8bf6-ee28b7dc3a60:group-89F793CCD117:LeaderElection49: begin an election at term 1 for -1: [d6bc6ec4-7c72-4408-8bf6-ee28b7dc3a60:192.168.69.77:38549], old=null
2019-07-14 16:17:19,766 INFO  impl.RoleInfo (RoleInfo.java:shutdownLeaderElection(134)) - d6bc6ec4-7c72-4408-8bf6-ee28b7dc3a60: shutdown LeaderElection
2019-07-14 16:17:19,766 INFO  impl.RaftServerImpl (RaftServerImpl.java:setRole(171)) - d6bc6ec4-7c72-4408-8bf6-ee28b7dc3a60:group-89F793CCD117 changes role from CANDIDATE to LEADER at term 1 for changeToLeader
2019-07-14 16:17:19,766 INFO  impl.RaftServerImpl (ServerState.java:setLeader(263)) - d6bc6ec4-7c72-4408-8bf6-ee28b7dc3a60:group-89F793CCD117 change Leader from null to d6bc6ec4-7c72-4408-8bf6-ee28b7dc3a60 at term 1 for becomeLeader, leader elected after 5105ms
2019-07-14 16:17:19,767 INFO  server.RaftServerConfigKeys (ConfUtils.java:logGet(43)) - raft.server.staging.catchup.gap = 1000 (default)
2019-07-14 16:17:19,767 INFO  server.RaftServerConfigKeys (ConfUtils.java:logGet(43)) - raft.server.rpc.sleep.time = 25ms (default)
2019-07-14 16:17:19,767 INFO  server.RaftServerConfigKeys (ConfUtils.java:logGet(43)) - raft.server.write.element-limit = 4096 (default)
2019-07-14 16:17:19,767 INFO  server.RaftServerConfigKeys (ConfUtils.java:logGet(43)) - raft.server.watch.timeout = 10s (default)
2019-07-14 16:17:19,767 INFO  server.RaftServerConfigKeys (ConfUtils.java:logGet(43)) - raft.server.watch.timeout.denomination = 1s (default)
2019-07-14 16:17:19,767 INFO  server.RaftServerConfigKeys (ConfUtils.java:logGet(43)) - raft.server.watch.element-limit = 65536 (default)
2019-07-14 16:17:19,768 INFO  impl.RoleInfo (RoleInfo.java:updateAndGet(143)) - d6bc6ec4-7c72-4408-8bf6-ee28b7dc3a60: start LeaderState
2019-07-14 16:17:19,768 INFO  segmented.SegmentedRaftLogWorker (SegmentedRaftLogWorker.java:startLogSegment(380)) - d6bc6ec4-7c72-4408-8bf6-ee28b7dc3a60-SegmentedRaftLogWorker:Storage Directory /workdir/hadoop-ozone/integration-test/target/test-dir/MiniOzoneClusterImpl-37e024c3-addb-4161-a953-d138a2f05756/datanode-3/data/ratis/5167a450-c381-47d6-9b28-89f793ccd117: Starting segment from index:0
2019-07-14 16:17:19,769 INFO  impl.RaftServerImpl (ServerState.java:setRaftConf(361)) - d6bc6ec4-7c72-4408-8bf6-ee28b7dc3a60:group-89F793CCD117 set configuration 0: [d6bc6ec4-7c72-4408-8bf6-ee28b7dc3a60:192.168.69.77:38549], old=null at 0
2019-07-14 16:17:19,791 INFO  segmented.SegmentedRaftLogWorker (SegmentedRaftLogWorker.java:execute(569)) - d6bc6ec4-7c72-4408-8bf6-ee28b7dc3a60-SegmentedRaftLogWorker:Storage Directory /workdir/hadoop-ozone/integration-test/target/test-dir/MiniOzoneClusterImpl-37e024c3-addb-4161-a953-d138a2f05756/datanode-3/data/ratis/5167a450-c381-47d6-9b28-89f793ccd117: created new log segment /workdir/hadoop-ozone/integration-test/target/test-dir/MiniOzoneClusterImpl-37e024c3-addb-4161-a953-d138a2f05756/datanode-3/data/ratis/5167a450-c381-47d6-9b28-89f793ccd117/current/log_inprogress_0
2019-07-14 16:17:20,102 INFO  impl.FollowerState (FollowerState.java:run(106)) - 5e233f37-b5fd-4add-9475-62e3a7aa43be:group-7AD92B4D04A1 changes to CANDIDATE, lastRpcTime:5143, electionTimeout:5143ms
2019-07-14 16:17:20,102 INFO  impl.RoleInfo (RoleInfo.java:shutdownFollowerState(121)) - 5e233f37-b5fd-4add-9475-62e3a7aa43be: shutdown FollowerState
2019-07-14 16:17:20,102 INFO  impl.RaftServerImpl (RaftServerImpl.java:setRole(171)) - 5e233f37-b5fd-4add-9475-62e3a7aa43be:group-7AD92B4D04A1 changes role from FOLLOWER to CANDIDATE at term 0 for changeToCandidate
2019-07-14 16:17:20,102 INFO  impl.RoleInfo (RoleInfo.java:updateAndGet(143)) - 5e233f37-b5fd-4add-9475-62e3a7aa43be: start LeaderElection
2019-07-14 16:17:20,167 ERROR commandhandler.CloseContainerCommandHandler (CloseContainerCommandHandler.java:handle(84)) - Container #1 does not exist in datanode. Container close failed.
2019-07-14 16:17:20,176 INFO  impl.FollowerState (FollowerState.java:run(106)) - d97ceff9-95e8-4579-a4be-6b536bf1d9a8:group-EF4769AD5163 changes to CANDIDATE, lastRpcTime:5022, electionTimeout:5022ms
2019-07-14 16:17:20,176 INFO  impl.RoleInfo (RoleInfo.java:shutdownFollowerState(121)) - d97ceff9-95e8-4579-a4be-6b536bf1d9a8: shutdown FollowerState
2019-07-14 16:17:20,176 INFO  impl.RaftServerImpl (RaftServerImpl.java:setRole(171)) - d97ceff9-95e8-4579-a4be-6b536bf1d9a8:group-EF4769AD5163 changes role from FOLLOWER to CANDIDATE at term 0 for changeToCandidate
2019-07-14 16:17:20,176 INFO  impl.RoleInfo (RoleInfo.java:updateAndGet(143)) - d97ceff9-95e8-4579-a4be-6b536bf1d9a8: start LeaderElection
2019-07-14 16:17:20,182 INFO  impl.LeaderElection (LeaderElection.java:askForVotes(181)) - 5e233f37-b5fd-4add-9475-62e3a7aa43be:group-7AD92B4D04A1:LeaderElection50: begin an election at term 1 for -1: [5e233f37-b5fd-4add-9475-62e3a7aa43be:192.168.69.77:39547], old=null
2019-07-14 16:17:20,183 INFO  impl.RoleInfo (RoleInfo.java:shutdownLeaderElection(134)) - 5e233f37-b5fd-4add-9475-62e3a7aa43be: shutdown LeaderElection
2019-07-14 16:17:20,183 INFO  impl.RaftServerImpl (RaftServerImpl.java:setRole(171)) - 5e233f37-b5fd-4add-9475-62e3a7aa43be:group-7AD92B4D04A1 changes role from CANDIDATE to LEADER at term 1 for changeToLeader
2019-07-14 16:17:20,183 INFO  impl.RaftServerImpl (ServerState.java:setLeader(263)) - 5e233f37-b5fd-4add-9475-62e3a7aa43be:group-7AD92B4D04A1 change Leader from null to 5e233f37-b5fd-4add-9475-62e3a7aa43be at term 1 for becomeLeader, leader elected after 5229ms
2019-07-14 16:17:20,183 INFO  server.RaftServerConfigKeys (ConfUtils.java:logGet(43)) - raft.server.staging.catchup.gap = 1000 (default)
2019-07-14 16:17:20,183 INFO  server.RaftServerConfigKeys (ConfUtils.java:logGet(43)) - raft.server.rpc.sleep.time = 25ms (default)
2019-07-14 16:17:20,183 INFO  server.RaftServerConfigKeys (ConfUtils.java:logGet(43)) - raft.server.write.element-limit = 4096 (default)
2019-07-14 16:17:20,184 INFO  server.RaftServerConfigKeys (ConfUtils.java:logGet(43)) - raft.server.watch.timeout = 10s (default)
2019-07-14 16:17:20,184 INFO  server.RaftServerConfigKeys (ConfUtils.java:logGet(43)) - raft.server.watch.timeout.denomination = 1s (default)
2019-07-14 16:17:20,184 INFO  server.RaftServerConfigKeys (ConfUtils.java:logGet(43)) - raft.server.watch.element-limit = 65536 (default)
2019-07-14 16:17:20,184 INFO  impl.RoleInfo (RoleInfo.java:updateAndGet(143)) - 5e233f37-b5fd-4add-9475-62e3a7aa43be: start LeaderState
2019-07-14 16:17:20,184 INFO  segmented.SegmentedRaftLogWorker (SegmentedRaftLogWorker.java:startLogSegment(380)) - 5e233f37-b5fd-4add-9475-62e3a7aa43be-SegmentedRaftLogWorker:Storage Directory /workdir/hadoop-ozone/integration-test/target/test-dir/MiniOzoneClusterImpl-37e024c3-addb-4161-a953-d138a2f05756/datanode-4/data/ratis/dfffe115-05b8-4ad6-a3a8-7ad92b4d04a1: Starting segment from index:0
2019-07-14 16:17:20,185 INFO  impl.RaftServerImpl (ServerState.java:setRaftConf(361)) - 5e233f37-b5fd-4add-9475-62e3a7aa43be:group-7AD92B4D04A1 set configuration 0: [5e233f37-b5fd-4add-9475-62e3a7aa43be:192.168.69.77:39547], old=null at 0
2019-07-14 16:17:20,213 INFO  segmented.SegmentedRaftLogWorker (SegmentedRaftLogWorker.java:execute(569)) - 5e233f37-b5fd-4add-9475-62e3a7aa43be-SegmentedRaftLogWorker:Storage Directory /workdir/hadoop-ozone/integration-test/target/test-dir/MiniOzoneClusterImpl-37e024c3-addb-4161-a953-d138a2f05756/datanode-4/data/ratis/dfffe115-05b8-4ad6-a3a8-7ad92b4d04a1: created new log segment /workdir/hadoop-ozone/integration-test/target/test-dir/MiniOzoneClusterImpl-37e024c3-addb-4161-a953-d138a2f05756/datanode-4/data/ratis/dfffe115-05b8-4ad6-a3a8-7ad92b4d04a1/current/log_inprogress_0
2019-07-14 16:17:20,213 INFO  impl.LeaderElection (LeaderElection.java:askForVotes(181)) - d97ceff9-95e8-4579-a4be-6b536bf1d9a8:group-EF4769AD5163:LeaderElection51: begin an election at term 1 for -1: [d97ceff9-95e8-4579-a4be-6b536bf1d9a8:192.168.69.77:36284], old=null
2019-07-14 16:17:20,214 INFO  impl.RoleInfo (RoleInfo.java:shutdownLeaderElection(134)) - d97ceff9-95e8-4579-a4be-6b536bf1d9a8: shutdown LeaderElection
2019-07-14 16:17:20,214 INFO  impl.RaftServerImpl (RaftServerImpl.java:setRole(171)) - d97ceff9-95e8-4579-a4be-6b536bf1d9a8:group-EF4769AD5163 changes role from CANDIDATE to LEADER at term 1 for changeToLeader
2019-07-14 16:17:20,214 INFO  impl.RaftServerImpl (ServerState.java:setLeader(263)) - d97ceff9-95e8-4579-a4be-6b536bf1d9a8:group-EF4769AD5163 change Leader from null to d97ceff9-95e8-4579-a4be-6b536bf1d9a8 at term 1 for becomeLeader, leader elected after 5065ms
2019-07-14 16:17:20,214 INFO  server.RaftServerConfigKeys (ConfUtils.java:logGet(43)) - raft.server.staging.catchup.gap = 1000 (default)
2019-07-14 16:17:20,214 INFO  server.RaftServerConfigKeys (ConfUtils.java:logGet(43)) - raft.server.rpc.sleep.time = 25ms (default)
2019-07-14 16:17:20,214 INFO  server.RaftServerConfigKeys (ConfUtils.java:logGet(43)) - raft.server.write.element-limit = 4096 (default)
2019-07-14 16:17:20,214 INFO  server.RaftServerConfigKeys (ConfUtils.java:logGet(43)) - raft.server.watch.timeout = 10s (default)
2019-07-14 16:17:20,215 INFO  server.RaftServerConfigKeys (ConfUtils.java:logGet(43)) - raft.server.watch.timeout.denomination = 1s (default)
2019-07-14 16:17:20,215 INFO  server.RaftServerConfigKeys (ConfUtils.java:logGet(43)) - raft.server.watch.element-limit = 65536 (default)
2019-07-14 16:17:20,215 INFO  impl.RoleInfo (RoleInfo.java:updateAndGet(143)) - d97ceff9-95e8-4579-a4be-6b536bf1d9a8: start LeaderState
2019-07-14 16:17:20,215 INFO  segmented.SegmentedRaftLogWorker (SegmentedRaftLogWorker.java:startLogSegment(380)) - d97ceff9-95e8-4579-a4be-6b536bf1d9a8-SegmentedRaftLogWorker:Storage Directory /workdir/hadoop-ozone/integration-test/target/test-dir/MiniOzoneClusterImpl-37e024c3-addb-4161-a953-d138a2f05756/datanode-5/data/ratis/e6a0c371-fd3f-4cd8-a0bb-ef4769ad5163: Starting segment from index:0
2019-07-14 16:17:20,216 INFO  impl.RaftServerImpl (ServerState.java:setRaftConf(361)) - d97ceff9-95e8-4579-a4be-6b536bf1d9a8:group-EF4769AD5163 set configuration 0: [d97ceff9-95e8-4579-a4be-6b536bf1d9a8:192.168.69.77:36284], old=null at 0
2019-07-14 16:17:20,255 INFO  segmented.SegmentedRaftLogWorker (SegmentedRaftLogWorker.java:execute(569)) - d97ceff9-95e8-4579-a4be-6b536bf1d9a8-SegmentedRaftLogWorker:Storage Directory /workdir/hadoop-ozone/integration-test/target/test-dir/MiniOzoneClusterImpl-37e024c3-addb-4161-a953-d138a2f05756/datanode-5/data/ratis/e6a0c371-fd3f-4cd8-a0bb-ef4769ad5163: created new log segment /workdir/hadoop-ozone/integration-test/target/test-dir/MiniOzoneClusterImpl-37e024c3-addb-4161-a953-d138a2f05756/datanode-5/data/ratis/e6a0c371-fd3f-4cd8-a0bb-ef4769ad5163/current/log_inprogress_0
2019-07-14 16:17:20,359 ERROR commandhandler.CloseContainerCommandHandler (CloseContainerCommandHandler.java:handle(84)) - Container #1 does not exist in datanode. Container close failed.
2019-07-14 16:17:20,359 INFO  impl.FollowerState (FollowerState.java:run(106)) - d97ceff9-95e8-4579-a4be-6b536bf1d9a8:group-612F148D620F changes to CANDIDATE, lastRpcTime:5091, electionTimeout:5077ms
2019-07-14 16:17:20,360 INFO  impl.RoleInfo (RoleInfo.java:shutdownFollowerState(121)) - d97ceff9-95e8-4579-a4be-6b536bf1d9a8: shutdown FollowerState
2019-07-14 16:17:20,360 INFO  impl.RaftServerImpl (RaftServerImpl.java:setRole(171)) - d97ceff9-95e8-4579-a4be-6b536bf1d9a8:group-612F148D620F changes role from FOLLOWER to CANDIDATE at term 0 for changeToCandidate
2019-07-14 16:17:20,360 INFO  impl.RoleInfo (RoleInfo.java:updateAndGet(143)) - d97ceff9-95e8-4579-a4be-6b536bf1d9a8: start LeaderElection
2019-07-14 16:17:20,388 INFO  impl.LeaderElection (LeaderElection.java:askForVotes(181)) - d97ceff9-95e8-4579-a4be-6b536bf1d9a8:group-612F148D620F:LeaderElection52: begin an election at term 1 for -1: [5e233f37-b5fd-4add-9475-62e3a7aa43be:192.168.69.77:39547, d6bc6ec4-7c72-4408-8bf6-ee28b7dc3a60:192.168.69.77:38549, d97ceff9-95e8-4579-a4be-6b536bf1d9a8:192.168.69.77:36284], old=null
2019-07-14 16:17:20,389 INFO  impl.FollowerState (FollowerState.java:run(106)) - 5e233f37-b5fd-4add-9475-62e3a7aa43be:group-612F148D620F changes to CANDIDATE, lastRpcTime:5146, electionTimeout:5146ms
2019-07-14 16:17:20,390 INFO  impl.RoleInfo (RoleInfo.java:shutdownFollowerState(121)) - 5e233f37-b5fd-4add-9475-62e3a7aa43be: shutdown FollowerState
2019-07-14 16:17:20,390 INFO  impl.RaftServerImpl (RaftServerImpl.java:setRole(171)) - 5e233f37-b5fd-4add-9475-62e3a7aa43be:group-612F148D620F changes role from FOLLOWER to CANDIDATE at term 0 for changeToCandidate
2019-07-14 16:17:20,390 INFO  impl.RoleInfo (RoleInfo.java:updateAndGet(143)) - 5e233f37-b5fd-4add-9475-62e3a7aa43be: start LeaderElection
2019-07-14 16:17:20,401 INFO  impl.FollowerState (FollowerState.java:run(106)) - d6bc6ec4-7c72-4408-8bf6-ee28b7dc3a60:group-612F148D620F changes to CANDIDATE, lastRpcTime:5155, electionTimeout:5155ms
2019-07-14 16:17:20,407 INFO  impl.RoleInfo (RoleInfo.java:shutdownFollowerState(121)) - d6bc6ec4-7c72-4408-8bf6-ee28b7dc3a60: shutdown FollowerState
2019-07-14 16:17:20,407 INFO  impl.RaftServerImpl (RaftServerImpl.java:setRole(171)) - d6bc6ec4-7c72-4408-8bf6-ee28b7dc3a60:group-612F148D620F changes role from FOLLOWER to CANDIDATE at term 0 for changeToCandidate
2019-07-14 16:17:20,407 INFO  impl.RoleInfo (RoleInfo.java:updateAndGet(143)) - d6bc6ec4-7c72-4408-8bf6-ee28b7dc3a60: start LeaderElection
2019-07-14 16:17:20,408 INFO  impl.RaftServerImpl (RaftServerImpl.java:setRole(171)) - d6bc6ec4-7c72-4408-8bf6-ee28b7dc3a60:group-612F148D620F changes role from CANDIDATE to FOLLOWER at term 1 for recognizeCandidate:d97ceff9-95e8-4579-a4be-6b536bf1d9a8
2019-07-14 16:17:20,408 INFO  impl.RoleInfo (RoleInfo.java:shutdownLeaderElection(134)) - d6bc6ec4-7c72-4408-8bf6-ee28b7dc3a60: shutdown LeaderElection
2019-07-14 16:17:20,408 INFO  impl.RoleInfo (RoleInfo.java:updateAndGet(143)) - d6bc6ec4-7c72-4408-8bf6-ee28b7dc3a60: start FollowerState
2019-07-14 16:17:20,410 INFO  impl.LeaderElection (LeaderElection.java:askForVotes(181)) - 5e233f37-b5fd-4add-9475-62e3a7aa43be:group-612F148D620F:LeaderElection53: begin an election at term 1 for -1: [5e233f37-b5fd-4add-9475-62e3a7aa43be:192.168.69.77:39547, d6bc6ec4-7c72-4408-8bf6-ee28b7dc3a60:192.168.69.77:38549, d97ceff9-95e8-4579-a4be-6b536bf1d9a8:192.168.69.77:36284], old=null
2019-07-14 16:17:20,423 INFO  impl.LeaderElection (LeaderElection.java:logAndReturn(56)) - d97ceff9-95e8-4579-a4be-6b536bf1d9a8:group-612F148D620F:LeaderElection52: Election REJECTED; received 2 response(s) [d97ceff9-95e8-4579-a4be-6b536bf1d9a8<-5e233f37-b5fd-4add-9475-62e3a7aa43be#0:FAIL-t1, d97ceff9-95e8-4579-a4be-6b536bf1d9a8<-d6bc6ec4-7c72-4408-8bf6-ee28b7dc3a60#0:FAIL-t1] and 0 exception(s); d97ceff9-95e8-4579-a4be-6b536bf1d9a8:t1, leader=null, voted=d97ceff9-95e8-4579-a4be-6b536bf1d9a8, raftlog=d97ceff9-95e8-4579-a4be-6b536bf1d9a8-SegmentedRaftLog:OPENED:c-1,f-1,i0, conf=-1: [5e233f37-b5fd-4add-9475-62e3a7aa43be:192.168.69.77:39547, d6bc6ec4-7c72-4408-8bf6-ee28b7dc3a60:192.168.69.77:38549, d97ceff9-95e8-4579-a4be-6b536bf1d9a8:192.168.69.77:36284], old=null
2019-07-14 16:17:20,423 INFO  impl.RaftServerImpl (RaftServerImpl.java:setRole(171)) - d97ceff9-95e8-4579-a4be-6b536bf1d9a8:group-612F148D620F changes role from CANDIDATE to FOLLOWER at term 1 for DISCOVERED_A_NEW_TERM
2019-07-14 16:17:20,424 INFO  impl.RoleInfo (RoleInfo.java:shutdownLeaderElection(134)) - d97ceff9-95e8-4579-a4be-6b536bf1d9a8: shutdown LeaderElection
2019-07-14 16:17:20,424 INFO  impl.RoleInfo (RoleInfo.java:updateAndGet(143)) - d97ceff9-95e8-4579-a4be-6b536bf1d9a8: start FollowerState
2019-07-14 16:17:20,437 INFO  impl.LeaderElection (LeaderElection.java:askForVotes(181)) - d6bc6ec4-7c72-4408-8bf6-ee28b7dc3a60:group-612F148D620F:LeaderElection54: begin an election at term 2 for -1: [5e233f37-b5fd-4add-9475-62e3a7aa43be:192.168.69.77:39547, d6bc6ec4-7c72-4408-8bf6-ee28b7dc3a60:192.168.69.77:38549, d97ceff9-95e8-4579-a4be-6b536bf1d9a8:192.168.69.77:36284], old=null
2019-07-14 16:17:20,438 INFO  impl.LeaderElection (LeaderElection.java:logAndReturn(56)) - d6bc6ec4-7c72-4408-8bf6-ee28b7dc3a60:group-612F148D620F:LeaderElection54: Election REJECTED; received 0 response(s) [] and 0 exception(s); d6bc6ec4-7c72-4408-8bf6-ee28b7dc3a60:t2, leader=null, voted=d6bc6ec4-7c72-4408-8bf6-ee28b7dc3a60, raftlog=d6bc6ec4-7c72-4408-8bf6-ee28b7dc3a60-SegmentedRaftLog:OPENED:c-1,f-1,i0, conf=-1: [5e233f37-b5fd-4add-9475-62e3a7aa43be:192.168.69.77:39547, d6bc6ec4-7c72-4408-8bf6-ee28b7dc3a60:192.168.69.77:38549, d97ceff9-95e8-4579-a4be-6b536bf1d9a8:192.168.69.77:36284], old=null
2019-07-14 16:17:20,439 INFO  impl.LeaderElection (LeaderElection.java:logAndReturn(56)) - 5e233f37-b5fd-4add-9475-62e3a7aa43be:group-612F148D620F:LeaderElection53: Election DISCOVERED_A_NEW_TERM; received 2 response(s) [5e233f37-b5fd-4add-9475-62e3a7aa43be<-d6bc6ec4-7c72-4408-8bf6-ee28b7dc3a60#0:FAIL-t2, 5e233f37-b5fd-4add-9475-62e3a7aa43be<-d97ceff9-95e8-4579-a4be-6b536bf1d9a8#0:FAIL-t1] and 0 exception(s); 5e233f37-b5fd-4add-9475-62e3a7aa43be:t1, leader=null, voted=5e233f37-b5fd-4add-9475-62e3a7aa43be, raftlog=5e233f37-b5fd-4add-9475-62e3a7aa43be-SegmentedRaftLog:OPENED:c-1,f-1,i0, conf=-1: [5e233f37-b5fd-4add-9475-62e3a7aa43be:192.168.69.77:39547, d6bc6ec4-7c72-4408-8bf6-ee28b7dc3a60:192.168.69.77:38549, d97ceff9-95e8-4579-a4be-6b536bf1d9a8:192.168.69.77:36284], old=null
2019-07-14 16:17:20,439 INFO  impl.RaftServerImpl (RaftServerImpl.java:setRole(171)) - 5e233f37-b5fd-4add-9475-62e3a7aa43be:group-612F148D620F changes role from CANDIDATE to FOLLOWER at term 2 for DISCOVERED_A_NEW_TERM
2019-07-14 16:17:20,439 INFO  impl.RoleInfo (RoleInfo.java:shutdownLeaderElection(134)) - 5e233f37-b5fd-4add-9475-62e3a7aa43be: shutdown LeaderElection
2019-07-14 16:17:20,439 INFO  impl.RoleInfo (RoleInfo.java:updateAndGet(143)) - 5e233f37-b5fd-4add-9475-62e3a7aa43be: start FollowerState
2019-07-14 16:17:20,442 INFO  impl.RaftServerImpl (RaftServerImpl.java:setRole(171)) - d97ceff9-95e8-4579-a4be-6b536bf1d9a8:group-612F148D620F changes role from FOLLOWER to FOLLOWER at term 2 for recognizeCandidate:d6bc6ec4-7c72-4408-8bf6-ee28b7dc3a60
2019-07-14 16:17:20,442 INFO  impl.RoleInfo (RoleInfo.java:shutdownFollowerState(121)) - d97ceff9-95e8-4579-a4be-6b536bf1d9a8: shutdown FollowerState
2019-07-14 16:17:20,442 INFO  impl.RoleInfo (RoleInfo.java:updateAndGet(143)) - d97ceff9-95e8-4579-a4be-6b536bf1d9a8: start FollowerState
2019-07-14 16:17:20,442 INFO  impl.FollowerState (FollowerState.java:run(114)) - d97ceff9-95e8-4579-a4be-6b536bf1d9a8: FollowerState was interrupted: java.lang.InterruptedException: sleep interrupted
2019-07-14 16:17:20,456 INFO  impl.RaftServerImpl (RaftServerImpl.java:setRole(171)) - 5e233f37-b5fd-4add-9475-62e3a7aa43be:group-612F148D620F changes role from FOLLOWER to FOLLOWER at term 2 for recognizeCandidate:d6bc6ec4-7c72-4408-8bf6-ee28b7dc3a60
2019-07-14 16:17:20,457 INFO  impl.RoleInfo (RoleInfo.java:shutdownFollowerState(121)) - 5e233f37-b5fd-4add-9475-62e3a7aa43be: shutdown FollowerState
2019-07-14 16:17:20,457 INFO  impl.RoleInfo (RoleInfo.java:updateAndGet(143)) - 5e233f37-b5fd-4add-9475-62e3a7aa43be: start FollowerState
2019-07-14 16:17:20,457 INFO  impl.FollowerState (FollowerState.java:run(114)) - 5e233f37-b5fd-4add-9475-62e3a7aa43be: FollowerState was interrupted: java.lang.InterruptedException: sleep interrupted
2019-07-14 16:17:20,670 INFO  client.GrpcClientProtocolClient (GrpcClientProtocolClient.java:onNext(255)) - client-352070C52454->5c3f8082-86fd-4ec8-83c5-19f28657242e: receive RaftClientReply:client-352070C52454->5c3f8082-86fd-4ec8-83c5-19f28657242e@group-CE7A7065D8A6, cid=93, SUCCESS, logIndex=1, commits[5c3f8082-86fd-4ec8-83c5-19f28657242e:c1, c6caa481-fc39-4fa3-8faf-817af7fe412a:c0, bde8c970-78a9-487e-beef-ecea974b9f52:c0]
2019-07-14 16:17:20,797 INFO  client.GrpcClientProtocolClient (GrpcClientProtocolClient.java:onNext(255)) - client-352070C52454->5c3f8082-86fd-4ec8-83c5-19f28657242e: receive RaftClientReply:client-352070C52454->5c3f8082-86fd-4ec8-83c5-19f28657242e@group-CE7A7065D8A6, cid=94, SUCCESS, logIndex=3, commits[5c3f8082-86fd-4ec8-83c5-19f28657242e:c4, c6caa481-fc39-4fa3-8faf-817af7fe412a:c3, bde8c970-78a9-487e-beef-ecea974b9f52:c3]
2019-07-14 16:17:21,291 INFO  ozoneimpl.OzoneContainer (OzoneContainer.java:stop(199)) - Attempting to stop container services.
2019-07-14 16:17:21,292 INFO  impl.RaftServerProxy (RaftServerProxy.java:lambda$close$4(314)) - c6caa481-fc39-4fa3-8faf-817af7fe412a: close
2019-07-14 16:17:21,293 INFO  impl.RaftServerImpl (RaftServerImpl.java:lambda$shutdown$3(245)) - c6caa481-fc39-4fa3-8faf-817af7fe412a: shutdown group-255B373903CF
2019-07-14 16:17:21,293 INFO  impl.RaftServerImpl (RaftServerImpl.java:lambda$shutdown$3(245)) - c6caa481-fc39-4fa3-8faf-817af7fe412a: shutdown group-CE7A7065D8A6
2019-07-14 16:17:21,293 INFO  util.JmxRegister (JmxRegister.java:unregister(73)) - Successfully un-registered JMX Bean with object name Ratis:service=RaftServer,group=group-255B373903CF,id=c6caa481-fc39-4fa3-8faf-817af7fe412a
2019-07-14 16:17:21,293 INFO  util.JmxRegister (JmxRegister.java:unregister(73)) - Successfully un-registered JMX Bean with object name Ratis:service=RaftServer,group=group-CE7A7065D8A6,id=c6caa481-fc39-4fa3-8faf-817af7fe412a
2019-07-14 16:17:21,294 INFO  impl.RoleInfo (RoleInfo.java:shutdownLeaderState(104)) - c6caa481-fc39-4fa3-8faf-817af7fe412a: shutdown LeaderState
2019-07-14 16:17:21,294 INFO  impl.RoleInfo (RoleInfo.java:shutdownFollowerState(121)) - c6caa481-fc39-4fa3-8faf-817af7fe412a: shutdown FollowerState
2019-07-14 16:17:21,294 INFO  impl.PendingRequests (PendingRequests.java:sendNotLeaderResponses(202)) - c6caa481-fc39-4fa3-8faf-817af7fe412a-PendingRequests: sendNotLeaderResponses
2019-07-14 16:17:21,295 INFO  impl.FollowerState (FollowerState.java:run(114)) - c6caa481-fc39-4fa3-8faf-817af7fe412a: FollowerState was interrupted: java.lang.InterruptedException: sleep interrupted
2019-07-14 16:17:21,295 INFO  impl.StateMachineUpdater (StateMachineUpdater.java:stopAndJoin(115)) - StateMachineUpdater:c6caa481-fc39-4fa3-8faf-817af7fe412a:group-255B373903CF: set stopIndex = 0
2019-07-14 16:17:21,295 INFO  ratis.ContainerStateMachine (ContainerStateMachine.java:takeSnapshot(246)) - Taking snapshot at termIndex:(t:1, i:3)
2019-07-14 16:17:21,302 INFO  ratis.ContainerStateMachine (ContainerStateMachine.java:takeSnapshot(250)) - Taking a snapshot to file /workdir/hadoop-ozone/integration-test/target/test-dir/MiniOzoneClusterImpl-37e024c3-addb-4161-a953-d138a2f05756/datanode-0/data/ratis/12d40b55-4a85-4829-aa2d-ce7a7065d8a6/sm/snapshot.1_3
2019-07-14 16:17:21,294 INFO  impl.StateMachineUpdater (StateMachineUpdater.java:stopAndJoin(115)) - StateMachineUpdater:c6caa481-fc39-4fa3-8faf-817af7fe412a:group-CE7A7065D8A6: set stopIndex = 3
2019-07-14 16:17:21,295 INFO  ratis.ContainerStateMachine (ContainerStateMachine.java:takeSnapshot(246)) - Taking snapshot at termIndex:(t:0, i:~)
2019-07-14 16:17:21,303 INFO  impl.StateMachineUpdater (StateMachineUpdater.java:takeSnapshot(242)) - StateMachineUpdater:c6caa481-fc39-4fa3-8faf-817af7fe412a:group-CE7A7065D8A6: Took a snapshot at index 3
2019-07-14 16:17:21,303 INFO  impl.RaftServerImpl (ServerState.java:close(394)) - c6caa481-fc39-4fa3-8faf-817af7fe412a:group-255B373903CF closes. The last applied log index is 0
2019-07-14 16:17:21,303 INFO  impl.StateMachineUpdater (StateMachineUpdater.java:lambda$new$0(80)) - StateMachineUpdater:c6caa481-fc39-4fa3-8faf-817af7fe412a:group-CE7A7065D8A6: snapshotIndex: updateIncreasingly -1 -> 3
2019-07-14 16:17:21,304 INFO  segmented.SegmentedRaftLogWorker (SegmentedRaftLogWorker.java:run(313)) - c6caa481-fc39-4fa3-8faf-817af7fe412a-SegmentedRaftLogWorker:Storage Directory /workdir/hadoop-ozone/integration-test/target/test-dir/MiniOzoneClusterImpl-37e024c3-addb-4161-a953-d138a2f05756/datanode-0/data/ratis/10c959c2-43bd-46e6-a358-255b373903cf was interrupted, exiting. There are 0 tasks remaining in the queue.
2019-07-14 16:17:21,304 INFO  impl.RaftServerImpl (ServerState.java:close(394)) - c6caa481-fc39-4fa3-8faf-817af7fe412a:group-CE7A7065D8A6 closes. The last applied log index is 3
2019-07-14 16:17:21,310 INFO  segmented.SegmentedRaftLogWorker (SegmentedRaftLogWorker.java:close(228)) - c6caa481-fc39-4fa3-8faf-817af7fe412a-SegmentedRaftLogWorker:Storage Directory /workdir/hadoop-ozone/integration-test/target/test-dir/MiniOzoneClusterImpl-37e024c3-addb-4161-a953-d138a2f05756/datanode-0/data/ratis/10c959c2-43bd-46e6-a358-255b373903cf close()
2019-07-14 16:17:21,310 INFO  segmented.SegmentedRaftLogWorker (SegmentedRaftLogWorker.java:run(313)) - c6caa481-fc39-4fa3-8faf-817af7fe412a-SegmentedRaftLogWorker:Storage Directory /workdir/hadoop-ozone/integration-test/target/test-dir/MiniOzoneClusterImpl-37e024c3-addb-4161-a953-d138a2f05756/datanode-0/data/ratis/12d40b55-4a85-4829-aa2d-ce7a7065d8a6 was interrupted, exiting. There are 0 tasks remaining in the queue.
2019-07-14 16:17:21,328 INFO  segmented.SegmentedRaftLogWorker (SegmentedRaftLogWorker.java:close(228)) - c6caa481-fc39-4fa3-8faf-817af7fe412a-SegmentedRaftLogWorker:Storage Directory /workdir/hadoop-ozone/integration-test/target/test-dir/MiniOzoneClusterImpl-37e024c3-addb-4161-a953-d138a2f05756/datanode-0/data/ratis/12d40b55-4a85-4829-aa2d-ce7a7065d8a6 close()
2019-07-14 16:17:21,338 INFO  server.GrpcService (GrpcService.java:closeImpl(155)) - c6caa481-fc39-4fa3-8faf-817af7fe412a: shutdown server with port 37013 now
2019-07-14 16:17:21,340 WARN  server.GrpcServerProtocolService (LogUtils.java:warn(134)) - c6caa481-fc39-4fa3-8faf-817af7fe412a: appendEntries onError: org.apache.ratis.thirdparty.io.grpc.StatusRuntimeException: CANCELLED: cancelled before receiving half close
2019-07-14 16:17:21,340 INFO  server.GrpcService (GrpcService.java:closeImpl(163)) - c6caa481-fc39-4fa3-8faf-817af7fe412a: shutdown server with port 37013 successfully
2019-07-14 16:17:21,340 WARN  server.GrpcLogAppender (LogUtils.java:warn(134)) - 5c3f8082-86fd-4ec8-83c5-19f28657242e->c6caa481-fc39-4fa3-8faf-817af7fe412a: Failed appendEntries: org.apache.ratis.thirdparty.io.grpc.StatusRuntimeException: CANCELLED: HTTP/2 error code: CANCEL
Received Rst Stream
2019-07-14 16:17:21,346 INFO  impl.FollowerInfo (FollowerInfo.java:lambda$new$0(50)) - 5c3f8082-86fd-4ec8-83c5-19f28657242e->c6caa481-fc39-4fa3-8faf-817af7fe412a: nextIndex: updateUnconditionally 5 -> 4
2019-07-14 16:17:21,350 INFO  utils.BackgroundService (BackgroundService.java:shutdown(148)) - Shutting down service BlockDeletingService
2019-07-14 16:17:21,352 WARN  fs.CachingGetSpaceUsed (CachingGetSpaceUsed.java:run(183)) - Thread Interrupted waiting to refresh disk information: sleep interrupted
2019-07-14 16:17:21,383 INFO  statemachine.DatanodeStateMachine (DatanodeStateMachine.java:stopDaemon(395)) - Ozone container server stopped.
2019-07-14 16:17:21,385 INFO  handler.ContextHandler (ContextHandler.java:doStop(910)) - Stopped o.e.j.w.WebAppContext@2446be5f{/,null,UNAVAILABLE}{/hddsDatanode}
2019-07-14 16:17:21,385 INFO  server.AbstractConnector (AbstractConnector.java:doStop(318)) - Stopped ServerConnector@2d4f1ddd{HTTP/1.1,[http/1.1]}{0.0.0.0:0}
2019-07-14 16:17:21,386 INFO  handler.ContextHandler (ContextHandler.java:doStop(910)) - Stopped o.e.j.s.ServletContextHandler@d863bb{/static,jar:file:/home/user/.m2/repository/org/apache/hadoop/hadoop-hdds-container-service/0.5.0-SNAPSHOT/hadoop-hdds-container-service-0.5.0-SNAPSHOT.jar!/webapps/static,UNAVAILABLE}
2019-07-14 16:17:21,386 INFO  handler.ContextHandler (ContextHandler.java:doStop(910)) - Stopped o.e.j.s.ServletContextHandler@62ba3045{/logs,file:///workdir/hadoop-ozone/integration-test/target/log,UNAVAILABLE}
2019-07-14 16:17:21,387 INFO  datanode.ObjectStoreHandler (ObjectStoreHandler.java:close(155)) - Closing ObjectStoreHandler.
2019-07-14 16:17:21,388 INFO  ozone.HddsDatanodeService (HddsDatanodeService.java:stop(452)) - Stopped plug-in org.apache.hadoop.ozone.web.OzoneHddsDatanodeService@3ef4a8fb
2019-07-14 16:17:21,648 INFO  statemachine.DatanodeStateMachine (DatanodeStateMachine.java:lambda$startDaemon$0(350)) - Ozone container server started.
2019-07-14 16:17:23,243 WARN  server.GrpcLogAppender (LogUtils.java:warn(134)) - 5c3f8082-86fd-4ec8-83c5-19f28657242e->c6caa481-fc39-4fa3-8faf-817af7fe412a: Failed appendEntries: org.apache.ratis.thirdparty.io.grpc.StatusRuntimeException: UNAVAILABLE: io exception
2019-07-14 16:17:23,250 INFO  impl.FollowerInfo (FollowerInfo.java:lambda$new$0(50)) - 5c3f8082-86fd-4ec8-83c5-19f28657242e->c6caa481-fc39-4fa3-8faf-817af7fe412a: nextIndex: updateUnconditionally 4 -> 3
2019-07-14 16:17:23,682 INFO  node.StaleNodeHandler (StaleNodeHandler.java:onMessage(58)) - Datanode bde8c970-78a9-487e-beef-ecea974b9f52{ip: 192.168.69.77, host: pr-hdds-1710-5x6jb-1204890111, networkLocation: /default-rack, certSerialId: null} moved to stale state. Finalizing its pipelines [PipelineID=454c04e3-5029-413c-b963-d4cb9d01c576, PipelineID=12d40b55-4a85-4829-aa2d-ce7a7065d8a6]
2019-07-14 16:17:23,683 INFO  pipeline.SCMPipelineManager (SCMPipelineManager.java:finalizeAndDestroyPipeline(309)) - destroying pipeline:Pipeline[ Id: 454c04e3-5029-413c-b963-d4cb9d01c576, Nodes: bde8c970-78a9-487e-beef-ecea974b9f52{ip: 192.168.69.77, host: pr-hdds-1710-5x6jb-1204890111, networkLocation: /default-rack, certSerialId: null}, Type:RATIS, Factor:ONE, State:OPEN]
2019-07-14 16:17:23,683 INFO  pipeline.PipelineStateManager (PipelineStateManager.java:finalizePipeline(123)) - Pipeline Pipeline[ Id: 454c04e3-5029-413c-b963-d4cb9d01c576, Nodes: bde8c970-78a9-487e-beef-ecea974b9f52{ip: 192.168.69.77, host: pr-hdds-1710-5x6jb-1204890111, networkLocation: /default-rack, certSerialId: null}, Type:RATIS, Factor:ONE, State:CLOSED] moved to CLOSED state
2019-07-14 16:17:23,683 INFO  pipeline.SCMPipelineManager (SCMPipelineManager.java:finalizeAndDestroyPipeline(309)) - destroying pipeline:Pipeline[ Id: 12d40b55-4a85-4829-aa2d-ce7a7065d8a6, Nodes: c6caa481-fc39-4fa3-8faf-817af7fe412a{ip: 192.168.69.77, host: pr-hdds-1710-5x6jb-1204890111, networkLocation: /default-rack, certSerialId: null}bde8c970-78a9-487e-beef-ecea974b9f52{ip: 192.168.69.77, host: pr-hdds-1710-5x6jb-1204890111, networkLocation: /default-rack, certSerialId: null}5c3f8082-86fd-4ec8-83c5-19f28657242e{ip: 192.168.69.77, host: pr-hdds-1710-5x6jb-1204890111, networkLocation: /default-rack, certSerialId: null}, Type:RATIS, Factor:THREE, State:CLOSED]
2019-07-14 16:17:25,551 INFO  impl.FollowerState (FollowerState.java:run(106)) - d6bc6ec4-7c72-4408-8bf6-ee28b7dc3a60:group-612F148D620F changes to CANDIDATE, lastRpcTime:5142, electionTimeout:5142ms
2019-07-14 16:17:25,551 INFO  impl.RoleInfo (RoleInfo.java:shutdownFollowerState(121)) - d6bc6ec4-7c72-4408-8bf6-ee28b7dc3a60: shutdown FollowerState
2019-07-14 16:17:25,551 INFO  impl.RaftServerImpl (RaftServerImpl.java:setRole(171)) - d6bc6ec4-7c72-4408-8bf6-ee28b7dc3a60:group-612F148D620F changes role from FOLLOWER to CANDIDATE at term 2 for changeToCandidate
2019-07-14 16:17:25,551 INFO  impl.RoleInfo (RoleInfo.java:updateAndGet(143)) - d6bc6ec4-7c72-4408-8bf6-ee28b7dc3a60: start LeaderElection
2019-07-14 16:17:25,633 INFO  impl.FollowerState (FollowerState.java:run(106)) - 5e233f37-b5fd-4add-9475-62e3a7aa43be:group-612F148D620F changes to CANDIDATE, lastRpcTime:5176, electionTimeout:5170ms
2019-07-14 16:17:25,633 INFO  impl.RoleInfo (RoleInfo.java:shutdownFollowerState(121)) - 5e233f37-b5fd-4add-9475-62e3a7aa43be: shutdown FollowerState
2019-07-14 16:17:25,633 INFO  impl.RaftServerImpl (RaftServerImpl.java:setRole(171)) - 5e233f37-b5fd-4add-9475-62e3a7aa43be:group-612F148D620F changes role from FOLLOWER to CANDIDATE at term 2 for changeToCandidate
2019-07-14 16:17:25,634 INFO  impl.RoleInfo (RoleInfo.java:updateAndGet(143)) - 5e233f37-b5fd-4add-9475-62e3a7aa43be: start LeaderElection
2019-07-14 16:17:25,641 INFO  impl.FollowerState (FollowerState.java:run(106)) - d97ceff9-95e8-4579-a4be-6b536bf1d9a8:group-612F148D620F changes to CANDIDATE, lastRpcTime:5198, electionTimeout:5187ms
2019-07-14 16:17:25,641 INFO  impl.RoleInfo (RoleInfo.java:shutdownFollowerState(121)) - d97ceff9-95e8-4579-a4be-6b536bf1d9a8: shutdown FollowerState
2019-07-14 16:17:25,641 INFO  impl.RaftServerImpl (RaftServerImpl.java:setRole(171)) - d97ceff9-95e8-4579-a4be-6b536bf1d9a8:group-612F148D620F changes role from FOLLOWER to CANDIDATE at term 2 for changeToCandidate
2019-07-14 16:17:25,641 INFO  impl.RoleInfo (RoleInfo.java:updateAndGet(143)) - d97ceff9-95e8-4579-a4be-6b536bf1d9a8: start LeaderElection
2019-07-14 16:17:25,692 INFO  impl.LeaderElection (LeaderElection.java:askForVotes(181)) - d6bc6ec4-7c72-4408-8bf6-ee28b7dc3a60:group-612F148D620F:LeaderElection55: begin an election at term 3 for -1: [5e233f37-b5fd-4add-9475-62e3a7aa43be:192.168.69.77:39547, d6bc6ec4-7c72-4408-8bf6-ee28b7dc3a60:192.168.69.77:38549, d97ceff9-95e8-4579-a4be-6b536bf1d9a8:192.168.69.77:36284], old=null
2019-07-14 16:17:25,694 INFO  impl.LeaderElection (LeaderElection.java:askForVotes(181)) - d97ceff9-95e8-4579-a4be-6b536bf1d9a8:group-612F148D620F:LeaderElection57: begin an election at term 3 for -1: [5e233f37-b5fd-4add-9475-62e3a7aa43be:192.168.69.77:39547, d6bc6ec4-7c72-4408-8bf6-ee28b7dc3a60:192.168.69.77:38549, d97ceff9-95e8-4579-a4be-6b536bf1d9a8:192.168.69.77:36284], old=null
2019-07-14 16:17:25,694 INFO  impl.LeaderElection (LeaderElection.java:askForVotes(181)) - 5e233f37-b5fd-4add-9475-62e3a7aa43be:group-612F148D620F:LeaderElection56: begin an election at term 3 for -1: [5e233f37-b5fd-4add-9475-62e3a7aa43be:192.168.69.77:39547, d6bc6ec4-7c72-4408-8bf6-ee28b7dc3a60:192.168.69.77:38549, d97ceff9-95e8-4579-a4be-6b536bf1d9a8:192.168.69.77:36284], old=null
2019-07-14 16:17:25,697 INFO  impl.LeaderElection (LeaderElection.java:logAndReturn(56)) - d6bc6ec4-7c72-4408-8bf6-ee28b7dc3a60:group-612F148D620F:LeaderElection55: Election REJECTED; received 2 response(s) [d6bc6ec4-7c72-4408-8bf6-ee28b7dc3a60<-5e233f37-b5fd-4add-9475-62e3a7aa43be#0:FAIL-t3, d6bc6ec4-7c72-4408-8bf6-ee28b7dc3a60<-d97ceff9-95e8-4579-a4be-6b536bf1d9a8#0:FAIL-t3] and 0 exception(s); d6bc6ec4-7c72-4408-8bf6-ee28b7dc3a60:t3, leader=null, voted=d6bc6ec4-7c72-4408-8bf6-ee28b7dc3a60, raftlog=d6bc6ec4-7c72-4408-8bf6-ee28b7dc3a60-SegmentedRaftLog:OPENED:c-1,f-1,i0, conf=-1: [5e233f37-b5fd-4add-9475-62e3a7aa43be:192.168.69.77:39547, d6bc6ec4-7c72-4408-8bf6-ee28b7dc3a60:192.168.69.77:38549, d97ceff9-95e8-4579-a4be-6b536bf1d9a8:192.168.69.77:36284], old=null
2019-07-14 16:17:25,697 INFO  impl.RaftServerImpl (RaftServerImpl.java:setRole(171)) - d6bc6ec4-7c72-4408-8bf6-ee28b7dc3a60:group-612F148D620F changes role from CANDIDATE to FOLLOWER at term 3 for DISCOVERED_A_NEW_TERM
2019-07-14 16:17:25,697 INFO  impl.RoleInfo (RoleInfo.java:shutdownLeaderElection(134)) - d6bc6ec4-7c72-4408-8bf6-ee28b7dc3a60: shutdown LeaderElection
2019-07-14 16:17:25,697 INFO  impl.RoleInfo (RoleInfo.java:updateAndGet(143)) - d6bc6ec4-7c72-4408-8bf6-ee28b7dc3a60: start FollowerState
2019-07-14 16:17:25,698 INFO  impl.LeaderElection (LeaderElection.java:logAndReturn(56)) - d97ceff9-95e8-4579-a4be-6b536bf1d9a8:group-612F148D620F:LeaderElection57: Election REJECTED; received 2 response(s) [d97ceff9-95e8-4579-a4be-6b536bf1d9a8<-5e233f37-b5fd-4add-9475-62e3a7aa43be#0:FAIL-t3, d97ceff9-95e8-4579-a4be-6b536bf1d9a8<-d6bc6ec4-7c72-4408-8bf6-ee28b7dc3a60#0:FAIL-t3] and 0 exception(s); d97ceff9-95e8-4579-a4be-6b536bf1d9a8:t3, leader=null, voted=d97ceff9-95e8-4579-a4be-6b536bf1d9a8, raftlog=d97ceff9-95e8-4579-a4be-6b536bf1d9a8-SegmentedRaftLog:OPENED:c-1,f-1,i0, conf=-1: [5e233f37-b5fd-4add-9475-62e3a7aa43be:192.168.69.77:39547, d6bc6ec4-7c72-4408-8bf6-ee28b7dc3a60:192.168.69.77:38549, d97ceff9-95e8-4579-a4be-6b536bf1d9a8:192.168.69.77:36284], old=null
2019-07-14 16:17:25,698 INFO  impl.RaftServerImpl (RaftServerImpl.java:setRole(171)) - d97ceff9-95e8-4579-a4be-6b536bf1d9a8:group-612F148D620F changes role from CANDIDATE to FOLLOWER at term 3 for DISCOVERED_A_NEW_TERM
2019-07-14 16:17:25,698 INFO  impl.RoleInfo (RoleInfo.java:shutdownLeaderElection(134)) - d97ceff9-95e8-4579-a4be-6b536bf1d9a8: shutdown LeaderElection
2019-07-14 16:17:25,698 INFO  impl.RoleInfo (RoleInfo.java:updateAndGet(143)) - d97ceff9-95e8-4579-a4be-6b536bf1d9a8: start FollowerState
2019-07-14 16:17:25,699 INFO  impl.LeaderElection (LeaderElection.java:logAndReturn(56)) - 5e233f37-b5fd-4add-9475-62e3a7aa43be:group-612F148D620F:LeaderElection56: Election REJECTED; received 2 response(s) [5e233f37-b5fd-4add-9475-62e3a7aa43be<-d6bc6ec4-7c72-4408-8bf6-ee28b7dc3a60#0:FAIL-t3, 5e233f37-b5fd-4add-9475-62e3a7aa43be<-d97ceff9-95e8-4579-a4be-6b536bf1d9a8#0:FAIL-t3] and 0 exception(s); 5e233f37-b5fd-4add-9475-62e3a7aa43be:t3, leader=null, voted=5e233f37-b5fd-4add-9475-62e3a7aa43be, raftlog=5e233f37-b5fd-4add-9475-62e3a7aa43be-SegmentedRaftLog:OPENED:c-1,f-1,i0, conf=-1: [5e233f37-b5fd-4add-9475-62e3a7aa43be:192.168.69.77:39547, d6bc6ec4-7c72-4408-8bf6-ee28b7dc3a60:192.168.69.77:38549, d97ceff9-95e8-4579-a4be-6b536bf1d9a8:192.168.69.77:36284], old=null
2019-07-14 16:17:25,699 INFO  impl.RaftServerImpl (RaftServerImpl.java:setRole(171)) - 5e233f37-b5fd-4add-9475-62e3a7aa43be:group-612F148D620F changes role from CANDIDATE to FOLLOWER at term 3 for DISCOVERED_A_NEW_TERM
2019-07-14 16:17:25,699 INFO  impl.RoleInfo (RoleInfo.java:shutdownLeaderElection(134)) - 5e233f37-b5fd-4add-9475-62e3a7aa43be: shutdown LeaderElection
2019-07-14 16:17:25,699 INFO  impl.RoleInfo (RoleInfo.java:updateAndGet(143)) - 5e233f37-b5fd-4add-9475-62e3a7aa43be: start FollowerState
2019-07-14 16:17:25,734 WARN  server.GrpcLogAppender (LogUtils.java:warn(134)) - 5c3f8082-86fd-4ec8-83c5-19f28657242e->c6caa481-fc39-4fa3-8faf-817af7fe412a: Failed appendEntries: org.apache.ratis.thirdparty.io.grpc.StatusRuntimeException: UNAVAILABLE: io exception
2019-07-14 16:17:25,742 INFO  impl.FollowerInfo (FollowerInfo.java:lambda$new$0(50)) - 5c3f8082-86fd-4ec8-83c5-19f28657242e->c6caa481-fc39-4fa3-8faf-817af7fe412a: nextIndex: updateUnconditionally 3 -> 2
2019-07-14 16:17:26,389 INFO  ozoneimpl.OzoneContainer (OzoneContainer.java:stop(199)) - Attempting to stop container services.
2019-07-14 16:17:26,389 INFO  impl.RaftServerProxy (RaftServerProxy.java:lambda$close$4(314)) - bde8c970-78a9-487e-beef-ecea974b9f52: close
2019-07-14 16:17:26,390 INFO  impl.RaftServerImpl (RaftServerImpl.java:lambda$shutdown$3(245)) - bde8c970-78a9-487e-beef-ecea974b9f52: shutdown group-D4CB9D01C576
2019-07-14 16:17:26,390 INFO  impl.RaftServerImpl (RaftServerImpl.java:lambda$shutdown$3(245)) - bde8c970-78a9-487e-beef-ecea974b9f52: shutdown group-CE7A7065D8A6
2019-07-14 16:17:26,390 INFO  util.JmxRegister (JmxRegister.java:unregister(73)) - Successfully un-registered JMX Bean with object name Ratis:service=RaftServer,group=group-D4CB9D01C576,id=bde8c970-78a9-487e-beef-ecea974b9f52
2019-07-14 16:17:26,391 INFO  util.JmxRegister (JmxRegister.java:unregister(73)) - Successfully un-registered JMX Bean with object name Ratis:service=RaftServer,group=group-CE7A7065D8A6,id=bde8c970-78a9-487e-beef-ecea974b9f52
2019-07-14 16:17:26,391 INFO  impl.RoleInfo (RoleInfo.java:shutdownLeaderState(104)) - bde8c970-78a9-487e-beef-ecea974b9f52: shutdown LeaderState
2019-07-14 16:17:26,391 INFO  impl.RoleInfo (RoleInfo.java:shutdownFollowerState(121)) - bde8c970-78a9-487e-beef-ecea974b9f52: shutdown FollowerState
2019-07-14 16:17:26,392 INFO  impl.PendingRequests (PendingRequests.java:sendNotLeaderResponses(202)) - bde8c970-78a9-487e-beef-ecea974b9f52-PendingRequests: sendNotLeaderResponses
2019-07-14 16:17:26,392 INFO  impl.FollowerState (FollowerState.java:run(114)) - bde8c970-78a9-487e-beef-ecea974b9f52: FollowerState was interrupted: java.lang.InterruptedException: sleep interrupted
2019-07-14 16:17:26,392 INFO  ratis.ContainerStateMachine (ContainerStateMachine.java:takeSnapshot(246)) - Taking snapshot at termIndex:(t:1, i:3)
2019-07-14 16:17:26,402 INFO  impl.StateMachineUpdater (StateMachineUpdater.java:stopAndJoin(115)) - StateMachineUpdater:bde8c970-78a9-487e-beef-ecea974b9f52:group-D4CB9D01C576: set stopIndex = 0
2019-07-14 16:17:26,392 INFO  impl.StateMachineUpdater (StateMachineUpdater.java:stopAndJoin(115)) - StateMachineUpdater:bde8c970-78a9-487e-beef-ecea974b9f52:group-CE7A7065D8A6: set stopIndex = 4
2019-07-14 16:17:26,402 INFO  ratis.ContainerStateMachine (ContainerStateMachine.java:takeSnapshot(250)) - Taking a snapshot to file /workdir/hadoop-ozone/integration-test/target/test-dir/MiniOzoneClusterImpl-37e024c3-addb-4161-a953-d138a2f05756/datanode-1/data/ratis/12d40b55-4a85-4829-aa2d-ce7a7065d8a6/sm/snapshot.1_3
2019-07-14 16:17:26,402 INFO  ratis.ContainerStateMachine (ContainerStateMachine.java:takeSnapshot(246)) - Taking snapshot at termIndex:(t:0, i:~)
2019-07-14 16:17:26,403 INFO  impl.RaftServerImpl (ServerState.java:close(394)) - bde8c970-78a9-487e-beef-ecea974b9f52:group-D4CB9D01C576 closes. The last applied log index is 0
2019-07-14 16:17:26,403 INFO  impl.StateMachineUpdater (StateMachineUpdater.java:takeSnapshot(242)) - StateMachineUpdater:bde8c970-78a9-487e-beef-ecea974b9f52:group-CE7A7065D8A6: Took a snapshot at index 3
2019-07-14 16:17:26,403 INFO  impl.StateMachineUpdater (StateMachineUpdater.java:lambda$new$0(80)) - StateMachineUpdater:bde8c970-78a9-487e-beef-ecea974b9f52:group-CE7A7065D8A6: snapshotIndex: updateIncreasingly -1 -> 3
2019-07-14 16:17:26,403 INFO  segmented.SegmentedRaftLogWorker (SegmentedRaftLogWorker.java:run(313)) - bde8c970-78a9-487e-beef-ecea974b9f52-SegmentedRaftLogWorker:Storage Directory /workdir/hadoop-ozone/integration-test/target/test-dir/MiniOzoneClusterImpl-37e024c3-addb-4161-a953-d138a2f05756/datanode-1/data/ratis/454c04e3-5029-413c-b963-d4cb9d01c576 was interrupted, exiting. There are 0 tasks remaining in the queue.
2019-07-14 16:17:26,410 INFO  impl.RaftServerImpl (ServerState.java:close(394)) - bde8c970-78a9-487e-beef-ecea974b9f52:group-CE7A7065D8A6 closes. The last applied log index is 4
2019-07-14 16:17:26,410 INFO  segmented.SegmentedRaftLogWorker (SegmentedRaftLogWorker.java:close(228)) - bde8c970-78a9-487e-beef-ecea974b9f52-SegmentedRaftLogWorker:Storage Directory /workdir/hadoop-ozone/integration-test/target/test-dir/MiniOzoneClusterImpl-37e024c3-addb-4161-a953-d138a2f05756/datanode-1/data/ratis/454c04e3-5029-413c-b963-d4cb9d01c576 close()
2019-07-14 16:17:26,411 INFO  segmented.SegmentedRaftLogWorker (SegmentedRaftLogWorker.java:run(313)) - bde8c970-78a9-487e-beef-ecea974b9f52-SegmentedRaftLogWorker:Storage Directory /workdir/hadoop-ozone/integration-test/target/test-dir/MiniOzoneClusterImpl-37e024c3-addb-4161-a953-d138a2f05756/datanode-1/data/ratis/12d40b55-4a85-4829-aa2d-ce7a7065d8a6 was interrupted, exiting. There are 0 tasks remaining in the queue.
2019-07-14 16:17:26,428 INFO  segmented.SegmentedRaftLogWorker (SegmentedRaftLogWorker.java:close(228)) - bde8c970-78a9-487e-beef-ecea974b9f52-SegmentedRaftLogWorker:Storage Directory /workdir/hadoop-ozone/integration-test/target/test-dir/MiniOzoneClusterImpl-37e024c3-addb-4161-a953-d138a2f05756/datanode-1/data/ratis/12d40b55-4a85-4829-aa2d-ce7a7065d8a6 close()
2019-07-14 16:17:26,438 INFO  server.GrpcService (GrpcService.java:closeImpl(155)) - bde8c970-78a9-487e-beef-ecea974b9f52: shutdown server with port 41057 now
2019-07-14 16:17:26,440 WARN  server.GrpcServerProtocolService (LogUtils.java:warn(134)) - bde8c970-78a9-487e-beef-ecea974b9f52: appendEntries onError: org.apache.ratis.thirdparty.io.grpc.StatusRuntimeException: CANCELLED: cancelled before receiving half close
2019-07-14 16:17:26,440 INFO  server.GrpcService (GrpcService.java:closeImpl(163)) - bde8c970-78a9-487e-beef-ecea974b9f52: shutdown server with port 41057 successfully
2019-07-14 16:17:26,440 WARN  server.GrpcLogAppender (LogUtils.java:warn(134)) - 5c3f8082-86fd-4ec8-83c5-19f28657242e->bde8c970-78a9-487e-beef-ecea974b9f52: Failed appendEntries: org.apache.ratis.thirdparty.io.grpc.StatusRuntimeException: CANCELLED: HTTP/2 error code: CANCEL
Received Rst Stream
2019-07-14 16:17:26,446 INFO  impl.FollowerInfo (FollowerInfo.java:lambda$new$0(50)) - 5c3f8082-86fd-4ec8-83c5-19f28657242e->bde8c970-78a9-487e-beef-ecea974b9f52: nextIndex: updateUnconditionally 5 -> 4
2019-07-14 16:17:26,451 INFO  utils.BackgroundService (BackgroundService.java:shutdown(148)) - Shutting down service BlockDeletingService
2019-07-14 16:17:26,452 WARN  fs.CachingGetSpaceUsed (CachingGetSpaceUsed.java:run(183)) - Thread Interrupted waiting to refresh disk information: sleep interrupted
2019-07-14 16:17:26,479 INFO  statemachine.DatanodeStateMachine (DatanodeStateMachine.java:stopDaemon(395)) - Ozone container server stopped.
2019-07-14 16:17:26,491 INFO  handler.ContextHandler (ContextHandler.java:doStop(910)) - Stopped o.e.j.w.WebAppContext@8961e55{/,null,UNAVAILABLE}{/hddsDatanode}
2019-07-14 16:17:26,492 INFO  server.AbstractConnector (AbstractConnector.java:doStop(318)) - Stopped ServerConnector@67eabe02{HTTP/1.1,[http/1.1]}{0.0.0.0:0}
2019-07-14 16:17:26,492 INFO  handler.ContextHandler (ContextHandler.java:doStop(910)) - Stopped o.e.j.s.ServletContextHandler@524418a2{/static,jar:file:/home/user/.m2/repository/org/apache/hadoop/hadoop-hdds-container-service/0.5.0-SNAPSHOT/hadoop-hdds-container-service-0.5.0-SNAPSHOT.jar!/webapps/static,UNAVAILABLE}
2019-07-14 16:17:26,493 INFO  handler.ContextHandler (ContextHandler.java:doStop(910)) - Stopped o.e.j.s.ServletContextHandler@3b7dd173{/logs,file:///workdir/hadoop-ozone/integration-test/target/log,UNAVAILABLE}
2019-07-14 16:17:26,503 WARN  server.GrpcLogAppender (LogUtils.java:warn(134)) - 5c3f8082-86fd-4ec8-83c5-19f28657242e->c6caa481-fc39-4fa3-8faf-817af7fe412a: Failed appendEntries: org.apache.ratis.thirdparty.io.grpc.StatusRuntimeException: UNAVAILABLE: io exception
2019-07-14 16:17:26,509 INFO  impl.FollowerInfo (FollowerInfo.java:lambda$new$0(50)) - 5c3f8082-86fd-4ec8-83c5-19f28657242e->c6caa481-fc39-4fa3-8faf-817af7fe412a: nextIndex: updateUnconditionally 3 -> 2
2019-07-14 16:17:26,509 WARN  server.GrpcLogAppender (LogUtils.java:warn(134)) - 5c3f8082-86fd-4ec8-83c5-19f28657242e->bde8c970-78a9-487e-beef-ecea974b9f52: Failed appendEntries: org.apache.ratis.thirdparty.io.grpc.StatusRuntimeException: UNAVAILABLE: io exception
2019-07-14 16:17:26,513 INFO  impl.FollowerInfo (FollowerInfo.java:lambda$new$0(50)) - 5c3f8082-86fd-4ec8-83c5-19f28657242e->bde8c970-78a9-487e-beef-ecea974b9f52: nextIndex: updateUnconditionally 5 -> 4
2019-07-14 16:17:29,004 WARN  server.GrpcLogAppender (LogUtils.java:warn(134)) - 5c3f8082-86fd-4ec8-83c5-19f28657242e->c6caa481-fc39-4fa3-8faf-817af7fe412a: Failed appendEntries: org.apache.ratis.thirdparty.io.grpc.StatusRuntimeException: UNAVAILABLE: io exception
2019-07-14 16:17:29,004 WARN  server.GrpcLogAppender (LogUtils.java:warn(134)) - 5c3f8082-86fd-4ec8-83c5-19f28657242e->bde8c970-78a9-487e-beef-ecea974b9f52: Failed appendEntries: org.apache.ratis.thirdparty.io.grpc.StatusRuntimeException: UNAVAILABLE: io exception
2019-07-14 16:17:29,018 INFO  impl.FollowerInfo (FollowerInfo.java:lambda$new$0(50)) - 5c3f8082-86fd-4ec8-83c5-19f28657242e->c6caa481-fc39-4fa3-8faf-817af7fe412a: nextIndex: updateUnconditionally 2 -> 1
2019-07-14 16:17:29,019 INFO  impl.FollowerInfo (FollowerInfo.java:lambda$new$0(50)) - 5c3f8082-86fd-4ec8-83c5-19f28657242e->bde8c970-78a9-487e-beef-ecea974b9f52: nextIndex: updateUnconditionally 4 -> 3
2019-07-14 16:17:30,734 INFO  impl.FollowerState (FollowerState.java:run(106)) - d97ceff9-95e8-4579-a4be-6b536bf1d9a8:group-612F148D620F changes to CANDIDATE, lastRpcTime:5035, electionTimeout:5035ms
2019-07-14 16:17:30,734 INFO  impl.RoleInfo (RoleInfo.java:shutdownFollowerState(121)) - d97ceff9-95e8-4579-a4be-6b536bf1d9a8: shutdown FollowerState
2019-07-14 16:17:30,735 INFO  impl.RaftServerImpl (RaftServerImpl.java:setRole(171)) - d97ceff9-95e8-4579-a4be-6b536bf1d9a8:group-612F148D620F changes role from FOLLOWER to CANDIDATE at term 3 for changeToCandidate
2019-07-14 16:17:30,735 INFO  impl.RoleInfo (RoleInfo.java:updateAndGet(143)) - d97ceff9-95e8-4579-a4be-6b536bf1d9a8: start LeaderElection
2019-07-14 16:17:30,759 INFO  impl.LeaderElection (LeaderElection.java:askForVotes(181)) - d97ceff9-95e8-4579-a4be-6b536bf1d9a8:group-612F148D620F:LeaderElection58: begin an election at term 4 for -1: [5e233f37-b5fd-4add-9475-62e3a7aa43be:192.168.69.77:39547, d6bc6ec4-7c72-4408-8bf6-ee28b7dc3a60:192.168.69.77:38549, d97ceff9-95e8-4579-a4be-6b536bf1d9a8:192.168.69.77:36284], old=null
2019-07-14 16:17:30,762 INFO  impl.RaftServerImpl (RaftServerImpl.java:setRole(171)) - 5e233f37-b5fd-4add-9475-62e3a7aa43be:group-612F148D620F changes role from FOLLOWER to FOLLOWER at term 4 for recognizeCandidate:d97ceff9-95e8-4579-a4be-6b536bf1d9a8
2019-07-14 16:17:30,762 INFO  impl.RaftServerImpl (RaftServerImpl.java:setRole(171)) - d6bc6ec4-7c72-4408-8bf6-ee28b7dc3a60:group-612F148D620F changes role from FOLLOWER to FOLLOWER at term 4 for recognizeCandidate:d97ceff9-95e8-4579-a4be-6b536bf1d9a8
2019-07-14 16:17:30,763 INFO  impl.RoleInfo (RoleInfo.java:shutdownFollowerState(121)) - d6bc6ec4-7c72-4408-8bf6-ee28b7dc3a60: shutdown FollowerState
2019-07-14 16:17:30,763 INFO  impl.RoleInfo (RoleInfo.java:shutdownFollowerState(121)) - 5e233f37-b5fd-4add-9475-62e3a7aa43be: shutdown FollowerState
2019-07-14 16:17:30,763 INFO  impl.FollowerState (FollowerState.java:run(114)) - d6bc6ec4-7c72-4408-8bf6-ee28b7dc3a60: FollowerState was interrupted: java.lang.InterruptedException: sleep interrupted
2019-07-14 16:17:30,763 INFO  impl.RoleInfo (RoleInfo.java:updateAndGet(143)) - d6bc6ec4-7c72-4408-8bf6-ee28b7dc3a60: start FollowerState
2019-07-14 16:17:30,763 INFO  impl.FollowerState (FollowerState.java:run(114)) - 5e233f37-b5fd-4add-9475-62e3a7aa43be: FollowerState was interrupted: java.lang.InterruptedException: sleep interrupted
2019-07-14 16:17:30,763 INFO  impl.RoleInfo (RoleInfo.java:updateAndGet(143)) - 5e233f37-b5fd-4add-9475-62e3a7aa43be: start FollowerState
2019-07-14 16:17:30,790 INFO  impl.LeaderElection (LeaderElection.java:logAndReturn(56)) - d97ceff9-95e8-4579-a4be-6b536bf1d9a8:group-612F148D620F:LeaderElection58: Election PASSED; received 1 response(s) [d97ceff9-95e8-4579-a4be-6b536bf1d9a8<-5e233f37-b5fd-4add-9475-62e3a7aa43be#0:OK-t4] and 0 exception(s); d97ceff9-95e8-4579-a4be-6b536bf1d9a8:t4, leader=null, voted=d97ceff9-95e8-4579-a4be-6b536bf1d9a8, raftlog=d97ceff9-95e8-4579-a4be-6b536bf1d9a8-SegmentedRaftLog:OPENED:c-1,f-1,i0, conf=-1: [5e233f37-b5fd-4add-9475-62e3a7aa43be:192.168.69.77:39547, d6bc6ec4-7c72-4408-8bf6-ee28b7dc3a60:192.168.69.77:38549, d97ceff9-95e8-4579-a4be-6b536bf1d9a8:192.168.69.77:36284], old=null
2019-07-14 16:17:30,790 INFO  impl.RoleInfo (RoleInfo.java:shutdownLeaderElection(134)) - d97ceff9-95e8-4579-a4be-6b536bf1d9a8: shutdown LeaderElection
2019-07-14 16:17:30,790 INFO  impl.RaftServerImpl (RaftServerImpl.java:setRole(171)) - d97ceff9-95e8-4579-a4be-6b536bf1d9a8:group-612F148D620F changes role from CANDIDATE to LEADER at term 4 for changeToLeader
2019-07-14 16:17:30,790 INFO  impl.RaftServerImpl (ServerState.java:setLeader(263)) - d97ceff9-95e8-4579-a4be-6b536bf1d9a8:group-612F148D620F change Leader from null to d97ceff9-95e8-4579-a4be-6b536bf1d9a8 at term 4 for becomeLeader, leader elected after 15555ms
2019-07-14 16:17:30,790 INFO  server.RaftServerConfigKeys (ConfUtils.java:logGet(43)) - raft.server.staging.catchup.gap = 1000 (default)
2019-07-14 16:17:30,791 INFO  server.RaftServerConfigKeys (ConfUtils.java:logGet(43)) - raft.server.rpc.sleep.time = 25ms (default)
2019-07-14 16:17:30,791 INFO  server.RaftServerConfigKeys (ConfUtils.java:logGet(43)) - raft.server.write.element-limit = 4096 (default)
2019-07-14 16:17:30,791 INFO  server.RaftServerConfigKeys (ConfUtils.java:logGet(43)) - raft.server.watch.timeout = 10s (default)
2019-07-14 16:17:30,791 INFO  server.RaftServerConfigKeys (ConfUtils.java:logGet(43)) - raft.server.watch.timeout.denomination = 1s (default)
2019-07-14 16:17:30,791 INFO  server.RaftServerConfigKeys (ConfUtils.java:logGet(43)) - raft.server.watch.element-limit = 65536 (default)
2019-07-14 16:17:30,792 INFO  server.RaftServerConfigKeys (ConfUtils.java:logGet(43)) - raft.server.log.appender.snapshot.chunk.size.max = 16MB (=16777216) (default)
2019-07-14 16:17:30,792 INFO  server.RaftServerConfigKeys (ConfUtils.java:logGet(43)) - raft.server.log.appender.buffer.byte-limit = 33554432 (custom)
2019-07-14 16:17:30,792 INFO  server.RaftServerConfigKeys (ConfUtils.java:logGet(43)) - raft.server.log.appender.buffer.element-limit = 1 (custom)
2019-07-14 16:17:30,792 INFO  grpc.GrpcConfigKeys$Server (ConfUtils.java:logGet(43)) - raft.grpc.server.leader.outstanding.appends.max = 128 (default)
2019-07-14 16:17:30,793 INFO  server.RaftServerConfigKeys (ConfUtils.java:logGet(43)) - raft.server.rpc.request.timeout = 3000ms (default)
2019-07-14 16:17:30,793 INFO  server.RaftServerConfigKeys (ConfUtils.java:logGet(43)) - raft.server.log.appender.install.snapshot.enabled = false (custom)
2019-07-14 16:17:30,793 INFO  server.RaftServerConfigKeys (ConfUtils.java:logGet(43)) - raft.server.log.appender.snapshot.chunk.size.max = 16MB (=16777216) (default)
2019-07-14 16:17:30,793 INFO  server.RaftServerConfigKeys (ConfUtils.java:logGet(43)) - raft.server.log.appender.buffer.byte-limit = 33554432 (custom)
2019-07-14 16:17:30,793 INFO  server.RaftServerConfigKeys (ConfUtils.java:logGet(43)) - raft.server.log.appender.buffer.element-limit = 1 (custom)
2019-07-14 16:17:30,794 INFO  grpc.GrpcConfigKeys$Server (ConfUtils.java:logGet(43)) - raft.grpc.server.leader.outstanding.appends.max = 128 (default)
2019-07-14 16:17:30,794 INFO  server.RaftServerConfigKeys (ConfUtils.java:logGet(43)) - raft.server.rpc.request.timeout = 3000ms (default)
2019-07-14 16:17:30,794 INFO  server.RaftServerConfigKeys (ConfUtils.java:logGet(43)) - raft.server.log.appender.install.snapshot.enabled = false (custom)
2019-07-14 16:17:30,794 INFO  impl.RoleInfo (RoleInfo.java:updateAndGet(143)) - d97ceff9-95e8-4579-a4be-6b536bf1d9a8: start LeaderState
2019-07-14 16:17:30,794 INFO  segmented.SegmentedRaftLogWorker (SegmentedRaftLogWorker.java:startLogSegment(380)) - d97ceff9-95e8-4579-a4be-6b536bf1d9a8-SegmentedRaftLogWorker:Storage Directory /workdir/hadoop-ozone/integration-test/target/test-dir/MiniOzoneClusterImpl-37e024c3-addb-4161-a953-d138a2f05756/datanode-5/data/ratis/3ddf083f-3e54-4114-ab0c-612f148d620f: Starting segment from index:0
2019-07-14 16:17:30,795 INFO  impl.RaftServerImpl (ServerState.java:setRaftConf(361)) - d97ceff9-95e8-4579-a4be-6b536bf1d9a8:group-612F148D620F set configuration 0: [5e233f37-b5fd-4add-9475-62e3a7aa43be:192.168.69.77:39547, d6bc6ec4-7c72-4408-8bf6-ee28b7dc3a60:192.168.69.77:38549, d97ceff9-95e8-4579-a4be-6b536bf1d9a8:192.168.69.77:36284], old=null at 0
2019-07-14 16:17:30,860 INFO  segmented.SegmentedRaftLogWorker (SegmentedRaftLogWorker.java:execute(569)) - d97ceff9-95e8-4579-a4be-6b536bf1d9a8-SegmentedRaftLogWorker:Storage Directory /workdir/hadoop-ozone/integration-test/target/test-dir/MiniOzoneClusterImpl-37e024c3-addb-4161-a953-d138a2f05756/datanode-5/data/ratis/3ddf083f-3e54-4114-ab0c-612f148d620f: created new log segment /workdir/hadoop-ozone/integration-test/target/test-dir/MiniOzoneClusterImpl-37e024c3-addb-4161-a953-d138a2f05756/datanode-5/data/ratis/3ddf083f-3e54-4114-ab0c-612f148d620f/current/log_inprogress_0
2019-07-14 16:17:30,860 INFO  impl.RaftServerImpl (ServerState.java:setLeader(263)) - d6bc6ec4-7c72-4408-8bf6-ee28b7dc3a60:group-612F148D620F change Leader from null to d97ceff9-95e8-4579-a4be-6b536bf1d9a8 at term 4 for appendEntries, leader elected after 15625ms
2019-07-14 16:17:30,861 INFO  impl.RaftServerImpl (ServerState.java:setLeader(263)) - 5e233f37-b5fd-4add-9475-62e3a7aa43be:group-612F148D620F change Leader from null to d97ceff9-95e8-4579-a4be-6b536bf1d9a8 at term 4 for appendEntries, leader elected after 15625ms
2019-07-14 16:17:30,864 INFO  impl.RaftServerImpl (ServerState.java:setRaftConf(361)) - d6bc6ec4-7c72-4408-8bf6-ee28b7dc3a60:group-612F148D620F set configuration 0: [5e233f37-b5fd-4add-9475-62e3a7aa43be:192.168.69.77:39547, d6bc6ec4-7c72-4408-8bf6-ee28b7dc3a60:192.168.69.77:38549, d97ceff9-95e8-4579-a4be-6b536bf1d9a8:192.168.69.77:36284], old=null at 0
2019-07-14 16:17:30,864 INFO  impl.RaftServerImpl (ServerState.java:setRaftConf(361)) - 5e233f37-b5fd-4add-9475-62e3a7aa43be:group-612F148D620F set configuration 0: [5e233f37-b5fd-4add-9475-62e3a7aa43be:192.168.69.77:39547, d6bc6ec4-7c72-4408-8bf6-ee28b7dc3a60:192.168.69.77:38549, d97ceff9-95e8-4579-a4be-6b536bf1d9a8:192.168.69.77:36284], old=null at 0
2019-07-14 16:17:30,864 INFO  segmented.SegmentedRaftLogWorker (SegmentedRaftLogWorker.java:startLogSegment(380)) - d6bc6ec4-7c72-4408-8bf6-ee28b7dc3a60-SegmentedRaftLogWorker:Storage Directory /workdir/hadoop-ozone/integration-test/target/test-dir/MiniOzoneClusterImpl-37e024c3-addb-4161-a953-d138a2f05756/datanode-3/data/ratis/3ddf083f-3e54-4114-ab0c-612f148d620f: Starting segment from index:0
2019-07-14 16:17:30,865 INFO  segmented.SegmentedRaftLogWorker (SegmentedRaftLogWorker.java:startLogSegment(380)) - 5e233f37-b5fd-4add-9475-62e3a7aa43be-SegmentedRaftLogWorker:Storage Directory /workdir/hadoop-ozone/integration-test/target/test-dir/MiniOzoneClusterImpl-37e024c3-addb-4161-a953-d138a2f05756/datanode-4/data/ratis/3ddf083f-3e54-4114-ab0c-612f148d620f: Starting segment from index:0
2019-07-14 16:17:30,896 INFO  segmented.SegmentedRaftLogWorker (SegmentedRaftLogWorker.java:execute(569)) - d6bc6ec4-7c72-4408-8bf6-ee28b7dc3a60-SegmentedRaftLogWorker:Storage Directory /workdir/hadoop-ozone/integration-test/target/test-dir/MiniOzoneClusterImpl-37e024c3-addb-4161-a953-d138a2f05756/datanode-3/data/ratis/3ddf083f-3e54-4114-ab0c-612f148d620f: created new log segment /workdir/hadoop-ozone/integration-test/target/test-dir/MiniOzoneClusterImpl-37e024c3-addb-4161-a953-d138a2f05756/datanode-3/data/ratis/3ddf083f-3e54-4114-ab0c-612f148d620f/current/log_inprogress_0
2019-07-14 16:17:30,896 INFO  segmented.SegmentedRaftLogWorker (SegmentedRaftLogWorker.java:execute(569)) - 5e233f37-b5fd-4add-9475-62e3a7aa43be-SegmentedRaftLogWorker:Storage Directory /workdir/hadoop-ozone/integration-test/target/test-dir/MiniOzoneClusterImpl-37e024c3-addb-4161-a953-d138a2f05756/datanode-4/data/ratis/3ddf083f-3e54-4114-ab0c-612f148d620f: created new log segment /workdir/hadoop-ozone/integration-test/target/test-dir/MiniOzoneClusterImpl-37e024c3-addb-4161-a953-d138a2f05756/datanode-4/data/ratis/3ddf083f-3e54-4114-ab0c-612f148d620f/current/log_inprogress_0
2019-07-14 16:17:31,506 WARN  server.GrpcLogAppender (LogUtils.java:warn(134)) - 5c3f8082-86fd-4ec8-83c5-19f28657242e->c6caa481-fc39-4fa3-8faf-817af7fe412a: Failed appendEntries: org.apache.ratis.thirdparty.io.grpc.StatusRuntimeException: UNAVAILABLE: io exception
2019-07-14 16:17:31,515 INFO  impl.FollowerInfo (FollowerInfo.java:lambda$new$0(50)) - 5c3f8082-86fd-4ec8-83c5-19f28657242e->c6caa481-fc39-4fa3-8faf-817af7fe412a: nextIndex: updateUnconditionally 1 -> 0
2019-07-14 16:17:31,516 WARN  server.GrpcLogAppender (LogUtils.java:warn(134)) - 5c3f8082-86fd-4ec8-83c5-19f28657242e->bde8c970-78a9-487e-beef-ecea974b9f52: Failed appendEntries: org.apache.ratis.thirdparty.io.grpc.StatusRuntimeException: UNAVAILABLE: io exception
2019-07-14 16:17:31,522 INFO  impl.FollowerInfo (FollowerInfo.java:lambda$new$0(50)) - 5c3f8082-86fd-4ec8-83c5-19f28657242e->bde8c970-78a9-487e-beef-ecea974b9f52: nextIndex: updateUnconditionally 3 -> 2
2019-07-14 16:17:34,007 WARN  server.GrpcLogAppender (LogUtils.java:warn(134)) - 5c3f8082-86fd-4ec8-83c5-19f28657242e->c6caa481-fc39-4fa3-8faf-817af7fe412a: Failed appendEntries: org.apache.ratis.thirdparty.io.grpc.StatusRuntimeException: UNAVAILABLE: io exception
2019-07-14 16:17:34,007 WARN  server.GrpcLogAppender (LogUtils.java:warn(134)) - 5c3f8082-86fd-4ec8-83c5-19f28657242e->bde8c970-78a9-487e-beef-ecea974b9f52: Failed appendEntries: org.apache.ratis.thirdparty.io.grpc.StatusRuntimeException: UNAVAILABLE: io exception
2019-07-14 16:17:34,013 INFO  impl.FollowerInfo (FollowerInfo.java:lambda$new$0(50)) - 5c3f8082-86fd-4ec8-83c5-19f28657242e->c6caa481-fc39-4fa3-8faf-817af7fe412a: nextIndex: updateUnconditionally 0 -> 0
2019-07-14 16:17:34,019 INFO  impl.FollowerInfo (FollowerInfo.java:lambda$new$0(50)) - 5c3f8082-86fd-4ec8-83c5-19f28657242e->bde8c970-78a9-487e-beef-ecea974b9f52: nextIndex: updateUnconditionally 2 -> 1
2019-07-14 16:17:36,508 WARN  server.GrpcLogAppender (LogUtils.java:warn(134)) - 5c3f8082-86fd-4ec8-83c5-19f28657242e->c6caa481-fc39-4fa3-8faf-817af7fe412a: Failed appendEntries: org.apache.ratis.thirdparty.io.grpc.StatusRuntimeException: UNAVAILABLE: io exception
2019-07-14 16:17:36,508 WARN  server.GrpcLogAppender (LogUtils.java:warn(134)) - 5c3f8082-86fd-4ec8-83c5-19f28657242e->bde8c970-78a9-487e-beef-ecea974b9f52: Failed appendEntries: org.apache.ratis.thirdparty.io.grpc.StatusRuntimeException: UNAVAILABLE: io exception
2019-07-14 16:17:36,521 INFO  impl.FollowerInfo (FollowerInfo.java:lambda$new$0(50)) - 5c3f8082-86fd-4ec8-83c5-19f28657242e->bde8c970-78a9-487e-beef-ecea974b9f52: nextIndex: updateUnconditionally 1 -> 0
2019-07-14 16:17:36,521 INFO  impl.FollowerInfo (FollowerInfo.java:lambda$new$0(50)) - 5c3f8082-86fd-4ec8-83c5-19f28657242e->c6caa481-fc39-4fa3-8faf-817af7fe412a: nextIndex: updateUnconditionally 0 -> 0
2019-07-14 16:17:36,628 WARN  io.KeyOutputStream (KeyOutputStream.java:handleException(276)) - Encountered exception java.io.IOException: Unexpected Storage Container Exception: java.util.concurrent.CompletionException: java.util.concurrent.CompletionException: org.apache.ratis.protocol.RaftRetryFailureException: Failed RaftClientRequest:client-352070C52454->5c3f8082-86fd-4ec8-83c5-19f28657242e@group-CE7A7065D8A6, cid=95, seq=3*, RW, org.apache.hadoop.hdds.scm.XceiverClientRatis$$Lambda$309/805530136@42224f1f for 5 attempts with RetryLimited(maxAttempts=5, sleepTime=1000ms) on the pipeline Pipeline[ Id: 12d40b55-4a85-4829-aa2d-ce7a7065d8a6, Nodes: c6caa481-fc39-4fa3-8faf-817af7fe412a{ip: 192.168.69.77, host: pr-hdds-1710-5x6jb-1204890111, networkLocation: /default-rack, certSerialId: null}bde8c970-78a9-487e-beef-ecea974b9f52{ip: 192.168.69.77, host: pr-hdds-1710-5x6jb-1204890111, networkLocation: /default-rack, certSerialId: null}5c3f8082-86fd-4ec8-83c5-19f28657242e{ip: 192.168.69.77, host: pr-hdds-1710-5x6jb-1204890111, networkLocation: /default-rack, certSerialId: null}, Type:RATIS, Factor:THREE, State:OPEN]. The last committed block length is 1048576, uncommitted data length is 524288 retry count 0
2019-07-14 16:17:36,686 INFO  client.GrpcClientProtocolClient (GrpcClientProtocolClient.java:onNext(255)) - client-1653F9DE61F9->d6bc6ec4-7c72-4408-8bf6-ee28b7dc3a60: receive RaftClientReply:client-1653F9DE61F9->d6bc6ec4-7c72-4408-8bf6-ee28b7dc3a60@group-612F148D620F, cid=97, FAILED org.apache.ratis.protocol.NotLeaderException: Server d6bc6ec4-7c72-4408-8bf6-ee28b7dc3a60 is not the leader (d97ceff9-95e8-4579-a4be-6b536bf1d9a8:192.168.69.77:36284). Request must be sent to leader., logIndex=0, commits[d6bc6ec4-7c72-4408-8bf6-ee28b7dc3a60:c0, 5e233f37-b5fd-4add-9475-62e3a7aa43be:c0, d97ceff9-95e8-4579-a4be-6b536bf1d9a8:c0]
2019-07-14 16:17:36,896 INFO  client.GrpcClientProtocolClient (GrpcClientProtocolClient.java:onNext(255)) - client-1653F9DE61F9->d97ceff9-95e8-4579-a4be-6b536bf1d9a8: receive RaftClientReply:client-1653F9DE61F9->d97ceff9-95e8-4579-a4be-6b536bf1d9a8@group-612F148D620F, cid=97, SUCCESS, logIndex=1, commits[d97ceff9-95e8-4579-a4be-6b536bf1d9a8:c1, 5e233f37-b5fd-4add-9475-62e3a7aa43be:c0, d6bc6ec4-7c72-4408-8bf6-ee28b7dc3a60:c0]
2019-07-14 16:17:36,991 INFO  client.GrpcClientProtocolClient (GrpcClientProtocolClient.java:onNext(255)) - client-1653F9DE61F9->d97ceff9-95e8-4579-a4be-6b536bf1d9a8: receive RaftClientReply:client-1653F9DE61F9->d97ceff9-95e8-4579-a4be-6b536bf1d9a8@group-612F148D620F, cid=98, SUCCESS, logIndex=3, commits[d97ceff9-95e8-4579-a4be-6b536bf1d9a8:c4, 5e233f37-b5fd-4add-9475-62e3a7aa43be:c3, d6bc6ec4-7c72-4408-8bf6-ee28b7dc3a60:c3]
2019-07-14 16:17:37,044 INFO  pipeline.Pipeline (Pipeline.java:getProtobufMessage(195)) - Serialize pipeline PipelineID=3ddf083f-3e54-4114-ab0c-612f148d620f with nodesInOrder{ }
2019-07-14 16:17:37,045 INFO  pipeline.Pipeline (Pipeline.java:build(342)) - Deserialize nodesInOrder [d97ceff9-95e8-4579-a4be-6b536bf1d9a8{ip: 192.168.69.77, host: pr-hdds-1710-5x6jb-1204890111, networkLocation: /default-rack, certSerialId: null}, d97ceff9-95e8-4579-a4be-6b536bf1d9a8{ip: 192.168.69.77, host: pr-hdds-1710-5x6jb-1204890111, networkLocation: /default-rack, certSerialId: null}, d97ceff9-95e8-4579-a4be-6b536bf1d9a8{ip: 192.168.69.77, host: pr-hdds-1710-5x6jb-1204890111, networkLocation: /default-rack, certSerialId: null}] in pipeline PipelineID=3ddf083f-3e54-4114-ab0c-612f148d620f
]]></system-out>
    <system-err><![CDATA[Jul 14, 2019 4:17:09 PM com.sun.jersey.server.impl.application.WebApplicationImpl _initiate
INFO: Initiating Jersey application, version 'Jersey: 1.19 02/11/2015 03:25 AM'
Jul 14, 2019 4:17:09 PM com.sun.jersey.server.impl.application.WebApplicationImpl _initiate
INFO: Initiating Jersey application, version 'Jersey: 1.19 02/11/2015 03:25 AM'
Jul 14, 2019 4:17:10 PM com.sun.jersey.server.impl.application.WebApplicationImpl _initiate
INFO: Initiating Jersey application, version 'Jersey: 1.19 02/11/2015 03:25 AM'
Jul 14, 2019 4:17:10 PM com.sun.jersey.server.impl.application.WebApplicationImpl _initiate
INFO: Initiating Jersey application, version 'Jersey: 1.19 02/11/2015 03:25 AM'
Jul 14, 2019 4:17:10 PM com.sun.jersey.server.impl.application.WebApplicationImpl _initiate
INFO: Initiating Jersey application, version 'Jersey: 1.19 02/11/2015 03:25 AM'
Jul 14, 2019 4:17:10 PM com.sun.jersey.server.impl.application.WebApplicationImpl _initiate
INFO: Initiating Jersey application, version 'Jersey: 1.19 02/11/2015 03:25 AM'
Jul 14, 2019 4:17:13 PM org.apache.ratis.thirdparty.io.grpc.internal.ManagedChannelOrphanWrapper$ManagedChannelReference cleanQueue
SEVERE: *~*~*~ Channel ManagedChannelImpl{logId=565, target=192.168.69.77:33803} was not shutdown properly!!! ~*~*~*
    Make sure to call shutdown()/shutdownNow() and wait until awaitTermination() returns true.
java.lang.RuntimeException: ManagedChannel allocation site
	at org.apache.ratis.thirdparty.io.grpc.internal.ManagedChannelOrphanWrapper$ManagedChannelReference.<init>(ManagedChannelOrphanWrapper.java:103)
	at org.apache.ratis.thirdparty.io.grpc.internal.ManagedChannelOrphanWrapper.<init>(ManagedChannelOrphanWrapper.java:53)
	at org.apache.ratis.thirdparty.io.grpc.internal.ManagedChannelOrphanWrapper.<init>(ManagedChannelOrphanWrapper.java:44)
	at org.apache.ratis.thirdparty.io.grpc.internal.AbstractManagedChannelImplBuilder.build(AbstractManagedChannelImplBuilder.java:411)
	at org.apache.hadoop.hdds.scm.XceiverClientGrpc.connectToDatanode(XceiverClientGrpc.java:172)
	at org.apache.hadoop.hdds.scm.XceiverClientGrpc.reconnect(XceiverClientGrpc.java:417)
	at org.apache.hadoop.hdds.scm.XceiverClientGrpc.sendCommandAsync(XceiverClientGrpc.java:366)
	at org.apache.hadoop.hdds.scm.XceiverClientGrpc.sendCommandWithRetry(XceiverClientGrpc.java:279)
	at org.apache.hadoop.hdds.scm.XceiverClientGrpc.sendCommandWithTraceIDAndRetry(XceiverClientGrpc.java:248)
	at org.apache.hadoop.hdds.scm.XceiverClientGrpc.sendCommand(XceiverClientGrpc.java:231)
	at org.apache.hadoop.hdds.scm.storage.ContainerProtocolCalls.getBlock(ContainerProtocolCalls.java:118)
	at org.apache.hadoop.hdds.scm.storage.BlockInputStream.getChunkInfos(BlockInputStream.java:167)
	at org.apache.hadoop.hdds.scm.storage.BlockInputStream.initialize(BlockInputStream.java:118)
	at org.apache.hadoop.hdds.scm.storage.BlockInputStream.read(BlockInputStream.java:222)
	at org.apache.hadoop.ozone.client.io.KeyInputStream.read(KeyInputStream.java:171)
	at org.apache.hadoop.ozone.client.io.OzoneInputStream.read(OzoneInputStream.java:47)
	at java.io.InputStream.read(InputStream.java:101)
	at org.apache.hadoop.ozone.container.ContainerTestHelper.validateData(ContainerTestHelper.java:709)
	at org.apache.hadoop.ozone.client.rpc.TestFailureHandlingByClient.validateData(TestFailureHandlingByClient.java:497)
	at org.apache.hadoop.ozone.client.rpc.TestFailureHandlingByClient.testWriteSmallFile(TestFailureHandlingByClient.java:297)
	at sun.reflect.NativeMethodAccessorImpl.invoke0(Native Method)
	at sun.reflect.NativeMethodAccessorImpl.invoke(NativeMethodAccessorImpl.java:62)
	at sun.reflect.DelegatingMethodAccessorImpl.invoke(DelegatingMethodAccessorImpl.java:43)
	at java.lang.reflect.Method.invoke(Method.java:498)
	at org.junit.runners.model.FrameworkMethod$1.runReflectiveCall(FrameworkMethod.java:47)
	at org.junit.internal.runners.model.ReflectiveCallable.run(ReflectiveCallable.java:12)
	at org.junit.runners.model.FrameworkMethod.invokeExplosively(FrameworkMethod.java:44)
	at org.junit.internal.runners.statements.InvokeMethod.evaluate(InvokeMethod.java:17)
	at org.junit.runners.ParentRunner.runLeaf(ParentRunner.java:271)
	at org.junit.runners.BlockJUnit4ClassRunner.runChild(BlockJUnit4ClassRunner.java:70)
	at org.junit.runners.BlockJUnit4ClassRunner.runChild(BlockJUnit4ClassRunner.java:50)
	at org.junit.runners.ParentRunner$3.run(ParentRunner.java:238)
	at org.junit.runners.ParentRunner$1.schedule(ParentRunner.java:63)
	at org.junit.runners.ParentRunner.runChildren(ParentRunner.java:236)
	at org.junit.runners.ParentRunner.access$000(ParentRunner.java:53)
	at org.junit.runners.ParentRunner$2.evaluate(ParentRunner.java:229)
	at org.junit.runners.ParentRunner.run(ParentRunner.java:309)
	at org.apache.maven.surefire.junit4.JUnit4Provider.execute(JUnit4Provider.java:365)
	at org.apache.maven.surefire.junit4.JUnit4Provider.executeWithRerun(JUnit4Provider.java:273)
	at org.apache.maven.surefire.junit4.JUnit4Provider.executeTestSet(JUnit4Provider.java:238)
	at org.apache.maven.surefire.junit4.JUnit4Provider.invoke(JUnit4Provider.java:159)
	at org.apache.maven.surefire.booter.ForkedBooter.invokeProviderInSameClassLoader(ForkedBooter.java:384)
	at org.apache.maven.surefire.booter.ForkedBooter.runSuitesInProcess(ForkedBooter.java:345)
	at org.apache.maven.surefire.booter.ForkedBooter.execute(ForkedBooter.java:126)
	at org.apache.maven.surefire.booter.ForkedBooter.main(ForkedBooter.java:418)

Jul 14, 2019 4:17:13 PM org.apache.ratis.thirdparty.io.grpc.internal.ManagedChannelOrphanWrapper$ManagedChannelReference cleanQueue
SEVERE: *~*~*~ Channel ManagedChannelImpl{logId=551, target=192.168.69.77:33753} was not shutdown properly!!! ~*~*~*
    Make sure to call shutdown()/shutdownNow() and wait until awaitTermination() returns true.
java.lang.RuntimeException: ManagedChannel allocation site
	at org.apache.ratis.thirdparty.io.grpc.internal.ManagedChannelOrphanWrapper$ManagedChannelReference.<init>(ManagedChannelOrphanWrapper.java:103)
	at org.apache.ratis.thirdparty.io.grpc.internal.ManagedChannelOrphanWrapper.<init>(ManagedChannelOrphanWrapper.java:53)
	at org.apache.ratis.thirdparty.io.grpc.internal.ManagedChannelOrphanWrapper.<init>(ManagedChannelOrphanWrapper.java:44)
	at org.apache.ratis.thirdparty.io.grpc.internal.AbstractManagedChannelImplBuilder.build(AbstractManagedChannelImplBuilder.java:411)
	at org.apache.ratis.grpc.client.GrpcClientProtocolClient.<init>(GrpcClientProtocolClient.java:119)
	at org.apache.ratis.grpc.client.GrpcClientRpc.lambda$new$0(GrpcClientRpc.java:55)
	at org.apache.ratis.util.PeerProxyMap$PeerAndProxy.lambda$getProxy$0(PeerProxyMap.java:61)
	at org.apache.ratis.util.LifeCycle.startAndTransition(LifeCycle.java:202)
	at org.apache.ratis.util.PeerProxyMap$PeerAndProxy.getProxy(PeerProxyMap.java:60)
	at org.apache.ratis.util.PeerProxyMap.getProxy(PeerProxyMap.java:107)
	at org.apache.ratis.grpc.client.GrpcClientRpc.sendRequestAsync(GrpcClientRpc.java:66)
	at org.apache.ratis.client.impl.OrderedAsync.sendRequest(OrderedAsync.java:208)
	at org.apache.ratis.client.impl.OrderedAsync.sendRequestWithRetry(OrderedAsync.java:169)
	at org.apache.ratis.util.SlidingWindow$Client.sendOrDelayRequest(SlidingWindow.java:278)
	at org.apache.ratis.util.SlidingWindow$Client.retry(SlidingWindow.java:294)
	at org.apache.ratis.client.impl.OrderedAsync.lambda$scheduleWithTimeout$7(OrderedAsync.java:195)
	at org.apache.ratis.util.TimeoutScheduler.lambda$onTimeout$0(TimeoutScheduler.java:85)
	at org.apache.ratis.util.TimeoutScheduler.lambda$onTimeout$1(TimeoutScheduler.java:104)
	at org.apache.ratis.util.LogUtils.runAndLog(LogUtils.java:50)
	at org.apache.ratis.util.LogUtils$1.run(LogUtils.java:91)
	at java.util.concurrent.Executors$RunnableAdapter.call(Executors.java:511)
	at java.util.concurrent.FutureTask.run(FutureTask.java:266)
	at java.util.concurrent.ScheduledThreadPoolExecutor$ScheduledFutureTask.access$201(ScheduledThreadPoolExecutor.java:180)
	at java.util.concurrent.ScheduledThreadPoolExecutor$ScheduledFutureTask.run(ScheduledThreadPoolExecutor.java:293)
	at java.util.concurrent.ThreadPoolExecutor.runWorker(ThreadPoolExecutor.java:1149)
	at java.util.concurrent.ThreadPoolExecutor$Worker.run(ThreadPoolExecutor.java:624)
	at java.lang.Thread.run(Thread.java:748)

Jul 14, 2019 4:17:13 PM org.apache.ratis.thirdparty.io.grpc.internal.ManagedChannelOrphanWrapper$ManagedChannelReference cleanQueue
SEVERE: *~*~*~ Channel ManagedChannelImpl{logId=560, target=192.168.69.77:41942} was not shutdown properly!!! ~*~*~*
    Make sure to call shutdown()/shutdownNow() and wait until awaitTermination() returns true.
java.lang.RuntimeException: ManagedChannel allocation site
	at org.apache.ratis.thirdparty.io.grpc.internal.ManagedChannelOrphanWrapper$ManagedChannelReference.<init>(ManagedChannelOrphanWrapper.java:103)
	at org.apache.ratis.thirdparty.io.grpc.internal.ManagedChannelOrphanWrapper.<init>(ManagedChannelOrphanWrapper.java:53)
	at org.apache.ratis.thirdparty.io.grpc.internal.ManagedChannelOrphanWrapper.<init>(ManagedChannelOrphanWrapper.java:44)
	at org.apache.ratis.thirdparty.io.grpc.internal.AbstractManagedChannelImplBuilder.build(AbstractManagedChannelImplBuilder.java:411)
	at org.apache.ratis.grpc.client.GrpcClientProtocolClient.<init>(GrpcClientProtocolClient.java:119)
	at org.apache.ratis.grpc.client.GrpcClientRpc.lambda$new$0(GrpcClientRpc.java:55)
	at org.apache.ratis.util.PeerProxyMap$PeerAndProxy.lambda$getProxy$0(PeerProxyMap.java:61)
	at org.apache.ratis.util.LifeCycle.startAndTransition(LifeCycle.java:202)
	at org.apache.ratis.util.PeerProxyMap$PeerAndProxy.getProxy(PeerProxyMap.java:60)
	at org.apache.ratis.util.PeerProxyMap.getProxy(PeerProxyMap.java:107)
	at org.apache.ratis.grpc.client.GrpcClientRpc.sendRequestAsync(GrpcClientRpc.java:66)
	at org.apache.ratis.client.impl.OrderedAsync.sendRequest(OrderedAsync.java:208)
	at org.apache.ratis.client.impl.OrderedAsync.sendRequestWithRetry(OrderedAsync.java:169)
	at org.apache.ratis.util.SlidingWindow$Client.sendOrDelayRequest(SlidingWindow.java:278)
	at org.apache.ratis.util.SlidingWindow$Client.retry(SlidingWindow.java:294)
	at org.apache.ratis.client.impl.OrderedAsync.lambda$scheduleWithTimeout$7(OrderedAsync.java:195)
	at org.apache.ratis.util.TimeoutScheduler.lambda$onTimeout$0(TimeoutScheduler.java:85)
	at org.apache.ratis.util.TimeoutScheduler.lambda$onTimeout$1(TimeoutScheduler.java:104)
	at org.apache.ratis.util.LogUtils.runAndLog(LogUtils.java:50)
	at org.apache.ratis.util.LogUtils$1.run(LogUtils.java:91)
	at java.util.concurrent.Executors$RunnableAdapter.call(Executors.java:511)
	at java.util.concurrent.FutureTask.run(FutureTask.java:266)
	at java.util.concurrent.ScheduledThreadPoolExecutor$ScheduledFutureTask.access$201(ScheduledThreadPoolExecutor.java:180)
	at java.util.concurrent.ScheduledThreadPoolExecutor$ScheduledFutureTask.run(ScheduledThreadPoolExecutor.java:293)
	at java.util.concurrent.ThreadPoolExecutor.runWorker(ThreadPoolExecutor.java:1149)
	at java.util.concurrent.ThreadPoolExecutor$Worker.run(ThreadPoolExecutor.java:624)
	at java.lang.Thread.run(Thread.java:748)

]]></system-err>
  </testcase>
  <testcase name="testDatanodeExclusionWithMajorityCommit" classname="org.apache.hadoop.ozone.client.rpc.TestFailureHandlingByClient" time="17.963">
    <failure type="java.lang.AssertionError">java.lang.AssertionError
	at org.junit.Assert.fail(Assert.java:86)
	at org.junit.Assert.assertTrue(Assert.java:41)
	at org.junit.Assert.assertTrue(Assert.java:52)
	at org.apache.hadoop.ozone.client.rpc.TestFailureHandlingByClient.testDatanodeExclusionWithMajorityCommit(TestFailureHandlingByClient.java:400)
	at sun.reflect.NativeMethodAccessorImpl.invoke0(Native Method)
	at sun.reflect.NativeMethodAccessorImpl.invoke(NativeMethodAccessorImpl.java:62)
	at sun.reflect.DelegatingMethodAccessorImpl.invoke(DelegatingMethodAccessorImpl.java:43)
	at java.lang.reflect.Method.invoke(Method.java:498)
	at org.junit.runners.model.FrameworkMethod$1.runReflectiveCall(FrameworkMethod.java:47)
	at org.junit.internal.runners.model.ReflectiveCallable.run(ReflectiveCallable.java:12)
	at org.junit.runners.model.FrameworkMethod.invokeExplosively(FrameworkMethod.java:44)
	at org.junit.internal.runners.statements.InvokeMethod.evaluate(InvokeMethod.java:17)
	at org.junit.runners.ParentRunner.runLeaf(ParentRunner.java:271)
	at org.junit.runners.BlockJUnit4ClassRunner.runChild(BlockJUnit4ClassRunner.java:70)
	at org.junit.runners.BlockJUnit4ClassRunner.runChild(BlockJUnit4ClassRunner.java:50)
	at org.junit.runners.ParentRunner$3.run(ParentRunner.java:238)
	at org.junit.runners.ParentRunner$1.schedule(ParentRunner.java:63)
	at org.junit.runners.ParentRunner.runChildren(ParentRunner.java:236)
	at org.junit.runners.ParentRunner.access$000(ParentRunner.java:53)
	at org.junit.runners.ParentRunner$2.evaluate(ParentRunner.java:229)
	at org.junit.runners.ParentRunner.run(ParentRunner.java:309)
	at org.apache.maven.surefire.junit4.JUnit4Provider.execute(JUnit4Provider.java:365)
	at org.apache.maven.surefire.junit4.JUnit4Provider.executeWithRerun(JUnit4Provider.java:273)
	at org.apache.maven.surefire.junit4.JUnit4Provider.executeTestSet(JUnit4Provider.java:238)
	at org.apache.maven.surefire.junit4.JUnit4Provider.invoke(JUnit4Provider.java:159)
	at org.apache.maven.surefire.booter.ForkedBooter.invokeProviderInSameClassLoader(ForkedBooter.java:384)
	at org.apache.maven.surefire.booter.ForkedBooter.runSuitesInProcess(ForkedBooter.java:345)
	at org.apache.maven.surefire.booter.ForkedBooter.execute(ForkedBooter.java:126)
	at org.apache.maven.surefire.booter.ForkedBooter.main(ForkedBooter.java:418)
</failure>
    <system-out><![CDATA[2019-07-14 16:17:37,066 WARN  server.ServerUtils (ServerUtils.java:getScmDbDir(145)) - ozone.scm.db.dirs is not configured. We recommend adding this setting. Falling back to ozone.metadata.dirs instead.
2019-07-14 16:17:37,080 WARN  server.ServerUtils (ServerUtils.java:getScmDbDir(145)) - ozone.scm.db.dirs is not configured. We recommend adding this setting. Falling back to ozone.metadata.dirs instead.
2019-07-14 16:17:37,081 WARN  server.ServerUtils (ServerUtils.java:getScmDbDir(145)) - ozone.scm.db.dirs is not configured. We recommend adding this setting. Falling back to ozone.metadata.dirs instead.
2019-07-14 16:17:37,081 INFO  db.DBStoreBuilder (DBStoreBuilder.java:addTable(110)) - using custom profile for table: deletedBlocks
2019-07-14 16:17:37,082 INFO  db.DBStoreBuilder (DBStoreBuilder.java:processTables(161)) - Using default column profile:DBProfile.DISK for Table:deletedBlocks
2019-07-14 16:17:37,082 INFO  db.DBStoreBuilder (DBStoreBuilder.java:addTable(110)) - using custom profile for table: validCerts
2019-07-14 16:17:37,082 INFO  db.DBStoreBuilder (DBStoreBuilder.java:processTables(161)) - Using default column profile:DBProfile.DISK for Table:validCerts
2019-07-14 16:17:37,082 INFO  db.DBStoreBuilder (DBStoreBuilder.java:addTable(110)) - using custom profile for table: revokedCerts
2019-07-14 16:17:37,082 INFO  db.DBStoreBuilder (DBStoreBuilder.java:processTables(161)) - Using default column profile:DBProfile.DISK for Table:revokedCerts
2019-07-14 16:17:37,083 INFO  db.DBStoreBuilder (DBStoreBuilder.java:addTable(110)) - using custom profile for table: default
2019-07-14 16:17:37,083 INFO  db.DBStoreBuilder (DBStoreBuilder.java:processTables(167)) - Using default column profile:DBProfile.DISK for Table:default
2019-07-14 16:17:37,083 INFO  db.DBStoreBuilder (DBStoreBuilder.java:getDbProfile(198)) - Using default options. DBProfile.DISK
2019-07-14 16:17:37,274 INFO  net.NodeSchemaLoader (NodeSchemaLoader.java:loadSchemaFromFile(125)) - Loading file from sun.misc.CompoundEnumeration@4bbabec8
2019-07-14 16:17:37,274 INFO  net.NodeSchemaLoader (NodeSchemaLoader.java:loadSchema(171)) - Loading network topology layer schema file
2019-07-14 16:17:37,279 INFO  node.SCMNodeManager (SCMNodeManager.java:<init>(119)) - Entering startup safe mode.
2019-07-14 16:17:37,280 WARN  server.ServerUtils (ServerUtils.java:getScmDbDir(145)) - ozone.scm.db.dirs is not configured. We recommend adding this setting. Falling back to ozone.metadata.dirs instead.
2019-07-14 16:17:37,330 INFO  pipeline.SCMPipelineManager (SCMPipelineManager.java:initializePipelineState(126)) - No pipeline exists in current db
2019-07-14 16:17:37,330 WARN  server.ServerUtils (ServerUtils.java:getScmDbDir(145)) - ozone.scm.db.dirs is not configured. We recommend adding this setting. Falling back to ozone.metadata.dirs instead.
2019-07-14 16:17:37,386 WARN  events.EventQueue (EventQueue.java:fireEvent(175)) - No event handler registered for event TypedEvent{payloadType=SafeModeStatus, name='SafeModeStatus'}
2019-07-14 16:17:37,387 INFO  ipc.CallQueueManager (CallQueueManager.java:<init>(84)) - Using callQueue: class java.util.concurrent.LinkedBlockingQueue, queueCapacity: 2000, scheduler: class org.apache.hadoop.ipc.DefaultRpcScheduler, ipcBackoff: false.
2019-07-14 16:17:37,389 INFO  ipc.Server (Server.java:run(1074)) - Starting Socket Reader #1 for port 44396
2019-07-14 16:17:37,398 INFO  ipc.CallQueueManager (CallQueueManager.java:<init>(84)) - Using callQueue: class java.util.concurrent.LinkedBlockingQueue, queueCapacity: 2000, scheduler: class org.apache.hadoop.ipc.DefaultRpcScheduler, ipcBackoff: false.
2019-07-14 16:17:37,399 INFO  ipc.Server (Server.java:run(1074)) - Starting Socket Reader #1 for port 35724
2019-07-14 16:17:37,407 INFO  ipc.CallQueueManager (CallQueueManager.java:<init>(84)) - Using callQueue: class java.util.concurrent.LinkedBlockingQueue, queueCapacity: 2000, scheduler: class org.apache.hadoop.ipc.DefaultRpcScheduler, ipcBackoff: false.
2019-07-14 16:17:37,407 INFO  ipc.Server (Server.java:run(1074)) - Starting Socket Reader #1 for port 37159
2019-07-14 16:17:37,416 INFO  hdfs.DFSUtil (DFSUtil.java:httpServerTemplateForNNAndJN(1641)) - Starting Web-server for scm at: http://0.0.0.0:0
2019-07-14 16:17:37,418 INFO  server.AuthenticationFilter (AuthenticationFilter.java:constructSecretProvider(240)) - Unable to initialize FileSignerSecretProvider, falling back to use random secrets.
2019-07-14 16:17:37,419 WARN  http.HttpRequestLog (HttpRequestLog.java:getRequestLog(97)) - Jetty request log can only be enabled using Log4j
2019-07-14 16:17:37,421 INFO  http.HttpServer2 (HttpServer2.java:addGlobalFilter(975)) - Added global filter 'safety' (class=org.apache.hadoop.http.HttpServer2$QuotingInputFilter)
2019-07-14 16:17:37,422 INFO  http.HttpServer2 (HttpServer2.java:addFilter(948)) - Added filter static_user_filter (class=org.apache.hadoop.http.lib.StaticUserWebFilter$StaticUserFilter) to context scm
2019-07-14 16:17:37,422 INFO  http.HttpServer2 (HttpServer2.java:addFilter(958)) - Added filter static_user_filter (class=org.apache.hadoop.http.lib.StaticUserWebFilter$StaticUserFilter) to context logs
2019-07-14 16:17:37,422 INFO  http.HttpServer2 (HttpServer2.java:addFilter(958)) - Added filter static_user_filter (class=org.apache.hadoop.http.lib.StaticUserWebFilter$StaticUserFilter) to context static
2019-07-14 16:17:37,427 INFO  server.StorageContainerManager (StorageContainerManager.java:start(761)) - StorageContainerLocationProtocol RPC server is listening at /0.0.0.0:37159
2019-07-14 16:17:37,427 INFO  impl.MetricsSystemImpl (MetricsSystemImpl.java:init(158)) - StorageContainerManager metrics system started (again)
2019-07-14 16:17:37,521 INFO  server.SCMClientProtocolServer (SCMClientProtocolServer.java:start(149)) - RPC server for Client  is listening at /0.0.0.0:37159
2019-07-14 16:17:37,522 INFO  ipc.Server (Server.java:run(1314)) - IPC Server Responder: starting
2019-07-14 16:17:37,522 INFO  ipc.Server (Server.java:run(1153)) - IPC Server listener on 37159: starting
2019-07-14 16:17:37,536 INFO  server.StorageContainerManager (StorageContainerManager.java:start(771)) - ScmBlockLocationProtocol RPC server is listening at /0.0.0.0:35724
2019-07-14 16:17:37,537 INFO  server.SCMBlockProtocolServer (SCMBlockProtocolServer.java:start(140)) - RPC server for Block Protocol is listening at /0.0.0.0:35724
2019-07-14 16:17:37,537 INFO  ipc.Server (Server.java:run(1314)) - IPC Server Responder: starting
2019-07-14 16:17:37,537 INFO  ipc.Server (Server.java:run(1153)) - IPC Server listener on 35724: starting
2019-07-14 16:17:37,549 INFO  server.StorageContainerManager (StorageContainerManager.java:start(775)) - ScmDatanodeProtocl RPC server is listening at /0.0.0.0:44396
2019-07-14 16:17:37,550 INFO  server.SCMDatanodeProtocolServer (SCMDatanodeProtocolServer.java:start(191)) - RPC server for DataNodes is listening at /0.0.0.0:44396
2019-07-14 16:17:37,550 INFO  ipc.Server (Server.java:run(1314)) - IPC Server Responder: starting
2019-07-14 16:17:37,550 INFO  ipc.Server (Server.java:run(1153)) - IPC Server listener on 44396: starting
2019-07-14 16:17:37,562 INFO  http.HttpServer2 (HttpServer2.java:bindListener(1191)) - Jetty bound to port 36113
2019-07-14 16:17:37,562 INFO  server.Server (Server.java:doStart(351)) - jetty-9.3.24.v20180605, build timestamp: 2018-06-05T17:11:56Z, git hash: 84205aa28f11a4f31f2a3b86d1bba2cc8ab69827
2019-07-14 16:17:37,564 INFO  handler.ContextHandler (ContextHandler.java:doStart(781)) - Started o.e.j.s.ServletContextHandler@58dd1d0c{/logs,file:///workdir/hadoop-ozone/integration-test/target/log,AVAILABLE}
2019-07-14 16:17:37,565 INFO  handler.ContextHandler (ContextHandler.java:doStart(781)) - Started o.e.j.s.ServletContextHandler@3dd8b40e{/static,file:///workdir/hadoop-ozone/integration-test/target/test-classes/webapps/static,AVAILABLE}
2019-07-14 16:17:37,569 INFO  handler.ContextHandler (ContextHandler.java:doStart(781)) - Started o.e.j.w.WebAppContext@7f93fce1{/,file:///workdir/hadoop-ozone/integration-test/target/test-classes/webapps/scm/,AVAILABLE}{/scm}
2019-07-14 16:17:37,570 INFO  server.AbstractConnector (AbstractConnector.java:doStart(278)) - Started ServerConnector@5457123a{HTTP/1.1,[http/1.1]}{0.0.0.0:36113}
2019-07-14 16:17:37,574 INFO  server.Server (Server.java:doStart(419)) - Started @128369ms
2019-07-14 16:17:37,575 INFO  server.BaseHttpServer (BaseHttpServer.java:updateConnectorAddress(207)) - HTTP server of SCM is listening at http://0.0.0.0:36113
2019-07-14 16:17:37,575 WARN  server.ServerUtils (ServerUtils.java:getDBPath(222)) - ozone.om.db.dirs is not configured. We recommend adding this setting. Falling back to ozone.metadata.dirs instead.
2019-07-14 16:17:37,579 INFO  util.JvmPauseMonitor (JvmPauseMonitor.java:run(188)) - Starting JVM pause monitor
2019-07-14 16:17:37,595 WARN  server.ServerUtils (ServerUtils.java:getDBPath(222)) - ozone.om.db.dirs is not configured. We recommend adding this setting. Falling back to ozone.metadata.dirs instead.
2019-07-14 16:17:37,595 INFO  om.OzoneManager (OzoneManager.java:setOMNodeDetails(632)) - OM Service ID is not set. Setting it to the default ID: omServiceIdDefault
2019-07-14 16:17:37,595 INFO  om.OzoneManager (OzoneManager.java:setOMNodeDetails(638)) - OM Node ID is not set. Setting it to the OmStorage's OmID: 9cb79abb-ece7-45b9-9d69-932740daaaa2
2019-07-14 16:17:37,595 INFO  om.OzoneManager (OzoneManager.java:loadOMHAConfigs(589)) - Found matching OM address with OMServiceId: null, OMNodeId: null, RPC Address: localhost:0 and Ratis port: 9872
2019-07-14 16:17:37,609 WARN  server.ServerUtils (ServerUtils.java:getDBPath(222)) - ozone.om.db.dirs is not configured. We recommend adding this setting. Falling back to ozone.metadata.dirs instead.
2019-07-14 16:17:37,610 INFO  db.DBStoreBuilder (DBStoreBuilder.java:addTable(110)) - using custom profile for table: userTable
2019-07-14 16:17:37,610 INFO  db.DBStoreBuilder (DBStoreBuilder.java:processTables(161)) - Using default column profile:DBProfile.DISK for Table:userTable
2019-07-14 16:17:37,610 INFO  db.DBStoreBuilder (DBStoreBuilder.java:addTable(110)) - using custom profile for table: volumeTable
2019-07-14 16:17:37,610 INFO  db.DBStoreBuilder (DBStoreBuilder.java:processTables(161)) - Using default column profile:DBProfile.DISK for Table:volumeTable
2019-07-14 16:17:37,610 INFO  db.DBStoreBuilder (DBStoreBuilder.java:addTable(110)) - using custom profile for table: bucketTable
2019-07-14 16:17:37,611 INFO  db.DBStoreBuilder (DBStoreBuilder.java:processTables(161)) - Using default column profile:DBProfile.DISK for Table:bucketTable
2019-07-14 16:17:37,611 INFO  db.DBStoreBuilder (DBStoreBuilder.java:addTable(110)) - using custom profile for table: keyTable
2019-07-14 16:17:37,611 INFO  db.DBStoreBuilder (DBStoreBuilder.java:processTables(161)) - Using default column profile:DBProfile.DISK for Table:keyTable
2019-07-14 16:17:37,611 INFO  db.DBStoreBuilder (DBStoreBuilder.java:addTable(110)) - using custom profile for table: deletedTable
2019-07-14 16:17:37,611 INFO  db.DBStoreBuilder (DBStoreBuilder.java:processTables(161)) - Using default column profile:DBProfile.DISK for Table:deletedTable
2019-07-14 16:17:37,611 INFO  db.DBStoreBuilder (DBStoreBuilder.java:addTable(110)) - using custom profile for table: openKeyTable
2019-07-14 16:17:37,611 INFO  db.DBStoreBuilder (DBStoreBuilder.java:processTables(161)) - Using default column profile:DBProfile.DISK for Table:openKeyTable
2019-07-14 16:17:37,612 INFO  db.DBStoreBuilder (DBStoreBuilder.java:addTable(110)) - using custom profile for table: s3Table
2019-07-14 16:17:37,612 INFO  db.DBStoreBuilder (DBStoreBuilder.java:processTables(161)) - Using default column profile:DBProfile.DISK for Table:s3Table
2019-07-14 16:17:37,612 INFO  db.DBStoreBuilder (DBStoreBuilder.java:addTable(110)) - using custom profile for table: multipartInfoTable
2019-07-14 16:17:37,612 INFO  db.DBStoreBuilder (DBStoreBuilder.java:processTables(161)) - Using default column profile:DBProfile.DISK for Table:multipartInfoTable
2019-07-14 16:17:37,612 INFO  db.DBStoreBuilder (DBStoreBuilder.java:addTable(110)) - using custom profile for table: dTokenTable
2019-07-14 16:17:37,612 INFO  db.DBStoreBuilder (DBStoreBuilder.java:processTables(161)) - Using default column profile:DBProfile.DISK for Table:dTokenTable
2019-07-14 16:17:37,613 INFO  db.DBStoreBuilder (DBStoreBuilder.java:addTable(110)) - using custom profile for table: s3SecretTable
2019-07-14 16:17:37,613 INFO  db.DBStoreBuilder (DBStoreBuilder.java:processTables(161)) - Using default column profile:DBProfile.DISK for Table:s3SecretTable
2019-07-14 16:17:37,613 INFO  db.DBStoreBuilder (DBStoreBuilder.java:addTable(110)) - using custom profile for table: prefixTable
2019-07-14 16:17:37,613 INFO  db.DBStoreBuilder (DBStoreBuilder.java:processTables(161)) - Using default column profile:DBProfile.DISK for Table:prefixTable
2019-07-14 16:17:37,613 INFO  db.DBStoreBuilder (DBStoreBuilder.java:addTable(110)) - using custom profile for table: default
2019-07-14 16:17:37,613 INFO  db.DBStoreBuilder (DBStoreBuilder.java:processTables(167)) - Using default column profile:DBProfile.DISK for Table:default
2019-07-14 16:17:37,613 INFO  db.DBStoreBuilder (DBStoreBuilder.java:getDbProfile(198)) - Using default options. DBProfile.DISK
2019-07-14 16:17:38,175 INFO  ipc.CallQueueManager (CallQueueManager.java:<init>(84)) - Using callQueue: class java.util.concurrent.LinkedBlockingQueue, queueCapacity: 2000, scheduler: class org.apache.hadoop.ipc.DefaultRpcScheduler, ipcBackoff: false.
2019-07-14 16:17:38,176 INFO  ipc.Server (Server.java:run(1074)) - Starting Socket Reader #1 for port 41132
2019-07-14 16:17:38,236 WARN  server.ServerUtils (ServerUtils.java:getDBPath(222)) - ozone.om.db.dirs is not configured. We recommend adding this setting. Falling back to ozone.metadata.dirs instead.
2019-07-14 16:17:38,236 INFO  om.OzoneManager (OzoneManager.java:start(1230)) - OzoneManager RPC server is listening at localhost/127.0.0.1:41132
2019-07-14 16:17:38,237 INFO  impl.MetricsSystemImpl (MetricsSystemImpl.java:init(158)) - OzoneManager metrics system started (again)
2019-07-14 16:17:38,332 INFO  ipc.Server (Server.java:run(1314)) - IPC Server Responder: starting
2019-07-14 16:17:38,333 INFO  ipc.Server (Server.java:run(1153)) - IPC Server listener on 41132: starting
2019-07-14 16:17:38,379 INFO  hdfs.DFSUtil (DFSUtil.java:httpServerTemplateForNNAndJN(1641)) - Starting Web-server for ozoneManager at: http://0.0.0.0:0
2019-07-14 16:17:38,381 INFO  server.AuthenticationFilter (AuthenticationFilter.java:constructSecretProvider(240)) - Unable to initialize FileSignerSecretProvider, falling back to use random secrets.
2019-07-14 16:17:38,382 WARN  http.HttpRequestLog (HttpRequestLog.java:getRequestLog(97)) - Jetty request log can only be enabled using Log4j
2019-07-14 16:17:38,384 INFO  http.HttpServer2 (HttpServer2.java:addGlobalFilter(975)) - Added global filter 'safety' (class=org.apache.hadoop.http.HttpServer2$QuotingInputFilter)
2019-07-14 16:17:38,385 INFO  http.HttpServer2 (HttpServer2.java:addFilter(948)) - Added filter static_user_filter (class=org.apache.hadoop.http.lib.StaticUserWebFilter$StaticUserFilter) to context ozoneManager
2019-07-14 16:17:38,385 INFO  http.HttpServer2 (HttpServer2.java:addFilter(958)) - Added filter static_user_filter (class=org.apache.hadoop.http.lib.StaticUserWebFilter$StaticUserFilter) to context logs
2019-07-14 16:17:38,385 INFO  http.HttpServer2 (HttpServer2.java:addFilter(958)) - Added filter static_user_filter (class=org.apache.hadoop.http.lib.StaticUserWebFilter$StaticUserFilter) to context static
2019-07-14 16:17:38,386 INFO  http.HttpServer2 (HttpServer2.java:bindListener(1191)) - Jetty bound to port 44108
2019-07-14 16:17:38,386 INFO  server.Server (Server.java:doStart(351)) - jetty-9.3.24.v20180605, build timestamp: 2018-06-05T17:11:56Z, git hash: 84205aa28f11a4f31f2a3b86d1bba2cc8ab69827
2019-07-14 16:17:38,389 INFO  handler.ContextHandler (ContextHandler.java:doStart(781)) - Started o.e.j.s.ServletContextHandler@27ea7c8f{/logs,file:///workdir/hadoop-ozone/integration-test/target/log,AVAILABLE}
2019-07-14 16:17:38,389 INFO  handler.ContextHandler (ContextHandler.java:doStart(781)) - Started o.e.j.s.ServletContextHandler@1e3c4c12{/static,file:///workdir/hadoop-ozone/integration-test/target/test-classes/webapps/static,AVAILABLE}
2019-07-14 16:17:38,406 INFO  handler.ContextHandler (ContextHandler.java:doStart(781)) - Started o.e.j.w.WebAppContext@3304362e{/,file:///workdir/hadoop-ozone/integration-test/target/test-classes/webapps/ozoneManager/,AVAILABLE}{/ozoneManager}
2019-07-14 16:17:38,407 INFO  server.AbstractConnector (AbstractConnector.java:doStart(278)) - Started ServerConnector@78b293a{HTTP/1.1,[http/1.1]}{0.0.0.0:44108}
2019-07-14 16:17:38,414 INFO  server.Server (Server.java:doStart(419)) - Started @129209ms
2019-07-14 16:17:38,416 INFO  server.BaseHttpServer (BaseHttpServer.java:updateConnectorAddress(207)) - HTTP server of OZONEMANAGER is listening at http://0.0.0.0:44108
2019-07-14 16:17:38,432 INFO  impl.MetricsSystemImpl (MetricsSystemImpl.java:init(158)) - HddsDatanode metrics system started (again)
2019-07-14 16:17:38,536 INFO  ozone.HddsDatanodeService (HddsDatanodeService.java:start(185)) - HddsDatanodeService host:pr-hdds-1710-5x6jb-1204890111 ip:192.168.69.77
2019-07-14 16:17:38,560 INFO  volume.HddsVolume (HddsVolume.java:<init>(176)) - Creating Volume: /workdir/hadoop-ozone/integration-test/target/test-dir/MiniOzoneClusterImpl-a42058f9-0926-4627-ba37-da9acccbcb73/datanode-0/data/containers/hdds of  storage type : DISK and capacity : 52710309888
2019-07-14 16:17:38,560 INFO  volume.VolumeSet (VolumeSet.java:initializeVolumeSet(170)) - Added Volume : /workdir/hadoop-ozone/integration-test/target/test-dir/MiniOzoneClusterImpl-a42058f9-0926-4627-ba37-da9acccbcb73/datanode-0/data/containers/hdds to VolumeSet
2019-07-14 16:17:38,561 INFO  volume.ThrottledAsyncChecker (ThrottledAsyncChecker.java:schedule(140)) - Scheduling a check for org.apache.hadoop.ozone.container.common.volume.HddsVolume@225b460a
2019-07-14 16:17:38,561 INFO  volume.HddsVolumeChecker (HddsVolumeChecker.java:checkAllVolumes(203)) - Scheduled health check for volume org.apache.hadoop.ozone.container.common.volume.HddsVolume@225b460a
2019-07-14 16:17:38,585 INFO  impl.RaftServerProxy (ConfUtils.java:logGet(43)) - raft.rpc.type = GRPC (default)
2019-07-14 16:17:38,585 INFO  grpc.GrpcFactory (GrpcFactory.java:checkPooledByteBufAllocatorUseCacheForAllThreads(45)) - PERFORMANCE WARNING: useCacheForAllThreads is true that may cause Netty to create a lot garbage objects and, as a result, trigger GC.
	It is recommended to disable useCacheForAllThreads by setting -Dorg.apache.ratis.thirdparty.io.netty.allocator.useCacheForAllThreads=false in command line.
2019-07-14 16:17:38,585 INFO  grpc.GrpcConfigKeys$Server (ConfUtils.java:logGet(43)) - raft.grpc.server.port = 0 (default)
2019-07-14 16:17:38,585 INFO  server.GrpcService (ConfUtils.java:logGet(43)) - raft.grpc.message.size.max = 33570816 (custom)
2019-07-14 16:17:38,585 INFO  server.RaftServerConfigKeys (ConfUtils.java:logGet(43)) - raft.server.log.appender.buffer.byte-limit = 33554432 (custom)
2019-07-14 16:17:38,586 INFO  server.GrpcService (ConfUtils.java:logGet(43)) - raft.grpc.flow.control.window = 1MB (=1048576) (default)
2019-07-14 16:17:38,586 INFO  server.RaftServerConfigKeys (ConfUtils.java:logGet(43)) - raft.server.rpc.request.timeout = 3000ms (default)
2019-07-14 16:17:38,586 INFO  server.RaftServerConfigKeys (ConfUtils.java:logGet(43)) - raft.server.storage.dir = [/workdir/hadoop-ozone/integration-test/target/test-dir/MiniOzoneClusterImpl-a42058f9-0926-4627-ba37-da9acccbcb73/datanode-0/data/ratis] (custom)
2019-07-14 16:17:38,587 INFO  replication.SimpleContainerDownloader (SimpleContainerDownloader.java:<init>(72)) - Starting container downloader service to copy containers to replicate.
2019-07-14 16:17:38,588 INFO  hdfs.DFSUtil (DFSUtil.java:httpServerTemplateForNNAndJN(1641)) - Starting Web-server for hddsDatanode at: http://0.0.0.0:0
2019-07-14 16:17:38,589 INFO  server.AuthenticationFilter (AuthenticationFilter.java:constructSecretProvider(240)) - Unable to initialize FileSignerSecretProvider, falling back to use random secrets.
2019-07-14 16:17:38,589 WARN  http.HttpRequestLog (HttpRequestLog.java:getRequestLog(97)) - Jetty request log can only be enabled using Log4j
2019-07-14 16:17:38,591 INFO  http.HttpServer2 (HttpServer2.java:addGlobalFilter(975)) - Added global filter 'safety' (class=org.apache.hadoop.http.HttpServer2$QuotingInputFilter)
2019-07-14 16:17:38,591 INFO  http.HttpServer2 (HttpServer2.java:addFilter(948)) - Added filter static_user_filter (class=org.apache.hadoop.http.lib.StaticUserWebFilter$StaticUserFilter) to context hddsDatanode
2019-07-14 16:17:38,591 INFO  http.HttpServer2 (HttpServer2.java:addFilter(958)) - Added filter static_user_filter (class=org.apache.hadoop.http.lib.StaticUserWebFilter$StaticUserFilter) to context logs
2019-07-14 16:17:38,591 INFO  http.HttpServer2 (HttpServer2.java:addFilter(958)) - Added filter static_user_filter (class=org.apache.hadoop.http.lib.StaticUserWebFilter$StaticUserFilter) to context static
2019-07-14 16:17:38,592 INFO  http.HttpServer2 (HttpServer2.java:bindListener(1191)) - Jetty bound to port 46671
2019-07-14 16:17:38,592 INFO  server.Server (Server.java:doStart(351)) - jetty-9.3.24.v20180605, build timestamp: 2018-06-05T17:11:56Z, git hash: 84205aa28f11a4f31f2a3b86d1bba2cc8ab69827
2019-07-14 16:17:38,594 INFO  handler.ContextHandler (ContextHandler.java:doStart(781)) - Started o.e.j.s.ServletContextHandler@2553fbd0{/logs,file:///workdir/hadoop-ozone/integration-test/target/log,AVAILABLE}
2019-07-14 16:17:38,594 INFO  handler.ContextHandler (ContextHandler.java:doStart(781)) - Started o.e.j.s.ServletContextHandler@20a434a8{/static,jar:file:/home/user/.m2/repository/org/apache/hadoop/hadoop-hdds-container-service/0.5.0-SNAPSHOT/hadoop-hdds-container-service-0.5.0-SNAPSHOT.jar!/webapps/static,AVAILABLE}
2019-07-14 16:17:38,622 INFO  handler.ContextHandler (ContextHandler.java:doStart(781)) - Started o.e.j.w.WebAppContext@6a25c9ad{/,file:///tmp/jetty-0.0.0.0-46671-hddsDatanode-_-any-4718256633904724550.dir/webapp/,AVAILABLE}{/hddsDatanode}
2019-07-14 16:17:38,622 INFO  server.AbstractConnector (AbstractConnector.java:doStart(278)) - Started ServerConnector@3e7940b3{HTTP/1.1,[http/1.1]}{0.0.0.0:46671}
2019-07-14 16:17:38,629 INFO  server.Server (Server.java:doStart(419)) - Started @129423ms
2019-07-14 16:17:38,629 INFO  server.BaseHttpServer (BaseHttpServer.java:updateConnectorAddress(207)) - HTTP server of HDDSDATANODE is listening at http://0.0.0.0:46671
2019-07-14 16:17:38,741 INFO  ozone.HddsDatanodeService (HddsDatanodeService.java:startPlugins(396)) - Started plug-in org.apache.hadoop.ozone.web.OzoneHddsDatanodeService@7b6e196e
2019-07-14 16:17:38,741 INFO  impl.MetricsSystemImpl (MetricsSystemImpl.java:init(158)) - HddsDatanode metrics system started (again)
2019-07-14 16:17:38,823 INFO  util.JvmPauseMonitor (JvmPauseMonitor.java:run(188)) - Starting JVM pause monitor
2019-07-14 16:17:38,825 INFO  datanode.InitDatanodeState (InitDatanodeState.java:persistContainerDatanodeDetails(140)) - DatanodeDetails is persisted to /workdir/hadoop-ozone/integration-test/target/test-dir/MiniOzoneClusterImpl-a42058f9-0926-4627-ba37-da9acccbcb73/datanode-0/meta/datanode.id
2019-07-14 16:17:38,825 INFO  ozone.HddsDatanodeService (HddsDatanodeService.java:start(185)) - HddsDatanodeService host:pr-hdds-1710-5x6jb-1204890111 ip:192.168.69.77
2019-07-14 16:17:38,849 INFO  volume.HddsVolume (HddsVolume.java:<init>(176)) - Creating Volume: /workdir/hadoop-ozone/integration-test/target/test-dir/MiniOzoneClusterImpl-a42058f9-0926-4627-ba37-da9acccbcb73/datanode-1/data/containers/hdds of  storage type : DISK and capacity : 52710309888
2019-07-14 16:17:38,849 INFO  volume.VolumeSet (VolumeSet.java:initializeVolumeSet(170)) - Added Volume : /workdir/hadoop-ozone/integration-test/target/test-dir/MiniOzoneClusterImpl-a42058f9-0926-4627-ba37-da9acccbcb73/datanode-1/data/containers/hdds to VolumeSet
2019-07-14 16:17:38,849 INFO  volume.ThrottledAsyncChecker (ThrottledAsyncChecker.java:schedule(140)) - Scheduling a check for org.apache.hadoop.ozone.container.common.volume.HddsVolume@7786c2e0
2019-07-14 16:17:38,850 INFO  volume.HddsVolumeChecker (HddsVolumeChecker.java:checkAllVolumes(203)) - Scheduled health check for volume org.apache.hadoop.ozone.container.common.volume.HddsVolume@7786c2e0
2019-07-14 16:17:38,893 INFO  impl.RaftServerProxy (ConfUtils.java:logGet(43)) - raft.rpc.type = GRPC (default)
2019-07-14 16:17:38,894 INFO  grpc.GrpcFactory (GrpcFactory.java:checkPooledByteBufAllocatorUseCacheForAllThreads(45)) - PERFORMANCE WARNING: useCacheForAllThreads is true that may cause Netty to create a lot garbage objects and, as a result, trigger GC.
	It is recommended to disable useCacheForAllThreads by setting -Dorg.apache.ratis.thirdparty.io.netty.allocator.useCacheForAllThreads=false in command line.
2019-07-14 16:17:38,894 INFO  grpc.GrpcConfigKeys$Server (ConfUtils.java:logGet(43)) - raft.grpc.server.port = 0 (default)
2019-07-14 16:17:38,894 INFO  server.GrpcService (ConfUtils.java:logGet(43)) - raft.grpc.message.size.max = 33570816 (custom)
2019-07-14 16:17:38,894 INFO  server.RaftServerConfigKeys (ConfUtils.java:logGet(43)) - raft.server.log.appender.buffer.byte-limit = 33554432 (custom)
2019-07-14 16:17:38,894 INFO  server.GrpcService (ConfUtils.java:logGet(43)) - raft.grpc.flow.control.window = 1MB (=1048576) (default)
2019-07-14 16:17:38,895 INFO  server.RaftServerConfigKeys (ConfUtils.java:logGet(43)) - raft.server.rpc.request.timeout = 3000ms (default)
2019-07-14 16:17:38,895 INFO  server.RaftServerConfigKeys (ConfUtils.java:logGet(43)) - raft.server.storage.dir = [/workdir/hadoop-ozone/integration-test/target/test-dir/MiniOzoneClusterImpl-a42058f9-0926-4627-ba37-da9acccbcb73/datanode-1/data/ratis] (custom)
2019-07-14 16:17:38,896 INFO  replication.SimpleContainerDownloader (SimpleContainerDownloader.java:<init>(72)) - Starting container downloader service to copy containers to replicate.
2019-07-14 16:17:38,897 INFO  hdfs.DFSUtil (DFSUtil.java:httpServerTemplateForNNAndJN(1641)) - Starting Web-server for hddsDatanode at: http://0.0.0.0:0
2019-07-14 16:17:38,918 INFO  server.AuthenticationFilter (AuthenticationFilter.java:constructSecretProvider(240)) - Unable to initialize FileSignerSecretProvider, falling back to use random secrets.
2019-07-14 16:17:38,919 WARN  http.HttpRequestLog (HttpRequestLog.java:getRequestLog(97)) - Jetty request log can only be enabled using Log4j
2019-07-14 16:17:38,921 INFO  http.HttpServer2 (HttpServer2.java:addGlobalFilter(975)) - Added global filter 'safety' (class=org.apache.hadoop.http.HttpServer2$QuotingInputFilter)
2019-07-14 16:17:38,921 INFO  http.HttpServer2 (HttpServer2.java:addFilter(948)) - Added filter static_user_filter (class=org.apache.hadoop.http.lib.StaticUserWebFilter$StaticUserFilter) to context hddsDatanode
2019-07-14 16:17:38,921 INFO  http.HttpServer2 (HttpServer2.java:addFilter(958)) - Added filter static_user_filter (class=org.apache.hadoop.http.lib.StaticUserWebFilter$StaticUserFilter) to context logs
2019-07-14 16:17:38,921 INFO  http.HttpServer2 (HttpServer2.java:addFilter(958)) - Added filter static_user_filter (class=org.apache.hadoop.http.lib.StaticUserWebFilter$StaticUserFilter) to context static
2019-07-14 16:17:38,922 INFO  http.HttpServer2 (HttpServer2.java:bindListener(1191)) - Jetty bound to port 35877
2019-07-14 16:17:38,922 INFO  server.Server (Server.java:doStart(351)) - jetty-9.3.24.v20180605, build timestamp: 2018-06-05T17:11:56Z, git hash: 84205aa28f11a4f31f2a3b86d1bba2cc8ab69827
2019-07-14 16:17:38,924 INFO  handler.ContextHandler (ContextHandler.java:doStart(781)) - Started o.e.j.s.ServletContextHandler@46ee9cfd{/logs,file:///workdir/hadoop-ozone/integration-test/target/log,AVAILABLE}
2019-07-14 16:17:38,925 INFO  handler.ContextHandler (ContextHandler.java:doStart(781)) - Started o.e.j.s.ServletContextHandler@7b6c3b37{/static,jar:file:/home/user/.m2/repository/org/apache/hadoop/hadoop-hdds-container-service/0.5.0-SNAPSHOT/hadoop-hdds-container-service-0.5.0-SNAPSHOT.jar!/webapps/static,AVAILABLE}
2019-07-14 16:17:38,955 INFO  handler.ContextHandler (ContextHandler.java:doStart(781)) - Started o.e.j.w.WebAppContext@315bb2bb{/,file:///tmp/jetty-0.0.0.0-35877-hddsDatanode-_-any-521338973248500572.dir/webapp/,AVAILABLE}{/hddsDatanode}
2019-07-14 16:17:38,956 INFO  server.AbstractConnector (AbstractConnector.java:doStart(278)) - Started ServerConnector@57e35236{HTTP/1.1,[http/1.1]}{0.0.0.0:35877}
2019-07-14 16:17:38,980 INFO  server.Server (Server.java:doStart(419)) - Started @129775ms
2019-07-14 16:17:38,981 INFO  server.BaseHttpServer (BaseHttpServer.java:updateConnectorAddress(207)) - HTTP server of HDDSDATANODE is listening at http://0.0.0.0:35877
2019-07-14 16:17:39,009 WARN  server.GrpcLogAppender (LogUtils.java:warn(134)) - 5c3f8082-86fd-4ec8-83c5-19f28657242e->bde8c970-78a9-487e-beef-ecea974b9f52: Failed appendEntries: org.apache.ratis.thirdparty.io.grpc.StatusRuntimeException: UNAVAILABLE: io exception
2019-07-14 16:17:39,016 WARN  server.GrpcLogAppender (LogUtils.java:warn(134)) - 5c3f8082-86fd-4ec8-83c5-19f28657242e->c6caa481-fc39-4fa3-8faf-817af7fe412a: Failed appendEntries: org.apache.ratis.thirdparty.io.grpc.StatusRuntimeException: UNAVAILABLE: io exception
2019-07-14 16:17:39,016 INFO  impl.FollowerInfo (FollowerInfo.java:lambda$new$0(50)) - 5c3f8082-86fd-4ec8-83c5-19f28657242e->bde8c970-78a9-487e-beef-ecea974b9f52: nextIndex: updateUnconditionally 0 -> 0
2019-07-14 16:17:39,021 INFO  impl.FollowerInfo (FollowerInfo.java:lambda$new$0(50)) - 5c3f8082-86fd-4ec8-83c5-19f28657242e->c6caa481-fc39-4fa3-8faf-817af7fe412a: nextIndex: updateUnconditionally 0 -> 0
2019-07-14 16:17:39,131 INFO  ozone.HddsDatanodeService (HddsDatanodeService.java:startPlugins(396)) - Started plug-in org.apache.hadoop.ozone.web.OzoneHddsDatanodeService@7e474bd
2019-07-14 16:17:39,132 INFO  impl.MetricsSystemImpl (MetricsSystemImpl.java:init(158)) - HddsDatanode metrics system started (again)
2019-07-14 16:17:39,215 INFO  util.JvmPauseMonitor (JvmPauseMonitor.java:run(188)) - Starting JVM pause monitor
2019-07-14 16:17:39,217 INFO  datanode.InitDatanodeState (InitDatanodeState.java:persistContainerDatanodeDetails(140)) - DatanodeDetails is persisted to /workdir/hadoop-ozone/integration-test/target/test-dir/MiniOzoneClusterImpl-a42058f9-0926-4627-ba37-da9acccbcb73/datanode-1/meta/datanode.id
2019-07-14 16:17:39,217 INFO  ozone.HddsDatanodeService (HddsDatanodeService.java:start(185)) - HddsDatanodeService host:pr-hdds-1710-5x6jb-1204890111 ip:192.168.69.77
2019-07-14 16:17:39,242 INFO  volume.HddsVolume (HddsVolume.java:<init>(176)) - Creating Volume: /workdir/hadoop-ozone/integration-test/target/test-dir/MiniOzoneClusterImpl-a42058f9-0926-4627-ba37-da9acccbcb73/datanode-2/data/containers/hdds of  storage type : DISK and capacity : 52710309888
2019-07-14 16:17:39,242 INFO  volume.VolumeSet (VolumeSet.java:initializeVolumeSet(170)) - Added Volume : /workdir/hadoop-ozone/integration-test/target/test-dir/MiniOzoneClusterImpl-a42058f9-0926-4627-ba37-da9acccbcb73/datanode-2/data/containers/hdds to VolumeSet
2019-07-14 16:17:39,243 INFO  volume.ThrottledAsyncChecker (ThrottledAsyncChecker.java:schedule(140)) - Scheduling a check for org.apache.hadoop.ozone.container.common.volume.HddsVolume@28df2da8
2019-07-14 16:17:39,243 INFO  volume.HddsVolumeChecker (HddsVolumeChecker.java:checkAllVolumes(203)) - Scheduled health check for volume org.apache.hadoop.ozone.container.common.volume.HddsVolume@28df2da8
2019-07-14 16:17:39,272 INFO  impl.RaftServerProxy (ConfUtils.java:logGet(43)) - raft.rpc.type = GRPC (default)
2019-07-14 16:17:39,272 INFO  grpc.GrpcFactory (GrpcFactory.java:checkPooledByteBufAllocatorUseCacheForAllThreads(45)) - PERFORMANCE WARNING: useCacheForAllThreads is true that may cause Netty to create a lot garbage objects and, as a result, trigger GC.
	It is recommended to disable useCacheForAllThreads by setting -Dorg.apache.ratis.thirdparty.io.netty.allocator.useCacheForAllThreads=false in command line.
2019-07-14 16:17:39,273 INFO  grpc.GrpcConfigKeys$Server (ConfUtils.java:logGet(43)) - raft.grpc.server.port = 0 (default)
2019-07-14 16:17:39,273 INFO  server.GrpcService (ConfUtils.java:logGet(43)) - raft.grpc.message.size.max = 33570816 (custom)
2019-07-14 16:17:39,273 INFO  server.RaftServerConfigKeys (ConfUtils.java:logGet(43)) - raft.server.log.appender.buffer.byte-limit = 33554432 (custom)
2019-07-14 16:17:39,273 INFO  server.GrpcService (ConfUtils.java:logGet(43)) - raft.grpc.flow.control.window = 1MB (=1048576) (default)
2019-07-14 16:17:39,274 INFO  server.RaftServerConfigKeys (ConfUtils.java:logGet(43)) - raft.server.rpc.request.timeout = 3000ms (default)
2019-07-14 16:17:39,274 INFO  server.RaftServerConfigKeys (ConfUtils.java:logGet(43)) - raft.server.storage.dir = [/workdir/hadoop-ozone/integration-test/target/test-dir/MiniOzoneClusterImpl-a42058f9-0926-4627-ba37-da9acccbcb73/datanode-2/data/ratis] (custom)
2019-07-14 16:17:39,275 INFO  replication.SimpleContainerDownloader (SimpleContainerDownloader.java:<init>(72)) - Starting container downloader service to copy containers to replicate.
2019-07-14 16:17:39,276 INFO  hdfs.DFSUtil (DFSUtil.java:httpServerTemplateForNNAndJN(1641)) - Starting Web-server for hddsDatanode at: http://0.0.0.0:0
2019-07-14 16:17:39,277 INFO  server.AuthenticationFilter (AuthenticationFilter.java:constructSecretProvider(240)) - Unable to initialize FileSignerSecretProvider, falling back to use random secrets.
2019-07-14 16:17:39,278 WARN  http.HttpRequestLog (HttpRequestLog.java:getRequestLog(97)) - Jetty request log can only be enabled using Log4j
2019-07-14 16:17:39,279 INFO  http.HttpServer2 (HttpServer2.java:addGlobalFilter(975)) - Added global filter 'safety' (class=org.apache.hadoop.http.HttpServer2$QuotingInputFilter)
2019-07-14 16:17:39,279 INFO  http.HttpServer2 (HttpServer2.java:addFilter(948)) - Added filter static_user_filter (class=org.apache.hadoop.http.lib.StaticUserWebFilter$StaticUserFilter) to context hddsDatanode
2019-07-14 16:17:39,279 INFO  http.HttpServer2 (HttpServer2.java:addFilter(958)) - Added filter static_user_filter (class=org.apache.hadoop.http.lib.StaticUserWebFilter$StaticUserFilter) to context static
2019-07-14 16:17:39,280 INFO  http.HttpServer2 (HttpServer2.java:addFilter(958)) - Added filter static_user_filter (class=org.apache.hadoop.http.lib.StaticUserWebFilter$StaticUserFilter) to context logs
2019-07-14 16:17:39,280 INFO  http.HttpServer2 (HttpServer2.java:bindListener(1191)) - Jetty bound to port 34665
2019-07-14 16:17:39,280 INFO  server.Server (Server.java:doStart(351)) - jetty-9.3.24.v20180605, build timestamp: 2018-06-05T17:11:56Z, git hash: 84205aa28f11a4f31f2a3b86d1bba2cc8ab69827
2019-07-14 16:17:39,282 INFO  handler.ContextHandler (ContextHandler.java:doStart(781)) - Started o.e.j.s.ServletContextHandler@6d92bfaf{/logs,file:///workdir/hadoop-ozone/integration-test/target/log,AVAILABLE}
2019-07-14 16:17:39,282 INFO  handler.ContextHandler (ContextHandler.java:doStart(781)) - Started o.e.j.s.ServletContextHandler@42af2977{/static,jar:file:/home/user/.m2/repository/org/apache/hadoop/hadoop-hdds-container-service/0.5.0-SNAPSHOT/hadoop-hdds-container-service-0.5.0-SNAPSHOT.jar!/webapps/static,AVAILABLE}
2019-07-14 16:17:39,308 INFO  handler.ContextHandler (ContextHandler.java:doStart(781)) - Started o.e.j.w.WebAppContext@26f0ab88{/,file:///tmp/jetty-0.0.0.0-34665-hddsDatanode-_-any-2064257139605209238.dir/webapp/,AVAILABLE}{/hddsDatanode}
2019-07-14 16:17:39,309 INFO  server.AbstractConnector (AbstractConnector.java:doStart(278)) - Started ServerConnector@6e49863e{HTTP/1.1,[http/1.1]}{0.0.0.0:34665}
2019-07-14 16:17:39,317 INFO  server.Server (Server.java:doStart(419)) - Started @130111ms
2019-07-14 16:17:39,318 INFO  server.BaseHttpServer (BaseHttpServer.java:updateConnectorAddress(207)) - HTTP server of HDDSDATANODE is listening at http://0.0.0.0:34665
2019-07-14 16:17:39,430 INFO  ozone.HddsDatanodeService (HddsDatanodeService.java:startPlugins(396)) - Started plug-in org.apache.hadoop.ozone.web.OzoneHddsDatanodeService@4cce421e
2019-07-14 16:17:39,431 INFO  impl.MetricsSystemImpl (MetricsSystemImpl.java:init(158)) - HddsDatanode metrics system started (again)
2019-07-14 16:17:39,517 INFO  util.JvmPauseMonitor (JvmPauseMonitor.java:run(188)) - Starting JVM pause monitor
2019-07-14 16:17:39,518 INFO  ozone.HddsDatanodeService (HddsDatanodeService.java:start(185)) - HddsDatanodeService host:pr-hdds-1710-5x6jb-1204890111 ip:192.168.69.77
2019-07-14 16:17:39,519 INFO  datanode.InitDatanodeState (InitDatanodeState.java:persistContainerDatanodeDetails(140)) - DatanodeDetails is persisted to /workdir/hadoop-ozone/integration-test/target/test-dir/MiniOzoneClusterImpl-a42058f9-0926-4627-ba37-da9acccbcb73/datanode-2/meta/datanode.id
2019-07-14 16:17:39,542 INFO  volume.HddsVolume (HddsVolume.java:<init>(176)) - Creating Volume: /workdir/hadoop-ozone/integration-test/target/test-dir/MiniOzoneClusterImpl-a42058f9-0926-4627-ba37-da9acccbcb73/datanode-3/data/containers/hdds of  storage type : DISK and capacity : 52710309888
2019-07-14 16:17:39,542 INFO  volume.VolumeSet (VolumeSet.java:initializeVolumeSet(170)) - Added Volume : /workdir/hadoop-ozone/integration-test/target/test-dir/MiniOzoneClusterImpl-a42058f9-0926-4627-ba37-da9acccbcb73/datanode-3/data/containers/hdds to VolumeSet
2019-07-14 16:17:39,543 INFO  volume.ThrottledAsyncChecker (ThrottledAsyncChecker.java:schedule(140)) - Scheduling a check for org.apache.hadoop.ozone.container.common.volume.HddsVolume@64dbb343
2019-07-14 16:17:39,543 INFO  volume.HddsVolumeChecker (HddsVolumeChecker.java:checkAllVolumes(203)) - Scheduled health check for volume org.apache.hadoop.ozone.container.common.volume.HddsVolume@64dbb343
2019-07-14 16:17:39,570 INFO  impl.RaftServerProxy (ConfUtils.java:logGet(43)) - raft.rpc.type = GRPC (default)
2019-07-14 16:17:39,570 INFO  grpc.GrpcFactory (GrpcFactory.java:checkPooledByteBufAllocatorUseCacheForAllThreads(45)) - PERFORMANCE WARNING: useCacheForAllThreads is true that may cause Netty to create a lot garbage objects and, as a result, trigger GC.
	It is recommended to disable useCacheForAllThreads by setting -Dorg.apache.ratis.thirdparty.io.netty.allocator.useCacheForAllThreads=false in command line.
2019-07-14 16:17:39,571 INFO  grpc.GrpcConfigKeys$Server (ConfUtils.java:logGet(43)) - raft.grpc.server.port = 0 (default)
2019-07-14 16:17:39,571 INFO  server.GrpcService (ConfUtils.java:logGet(43)) - raft.grpc.message.size.max = 33570816 (custom)
2019-07-14 16:17:39,571 INFO  server.RaftServerConfigKeys (ConfUtils.java:logGet(43)) - raft.server.log.appender.buffer.byte-limit = 33554432 (custom)
2019-07-14 16:17:39,572 INFO  server.GrpcService (ConfUtils.java:logGet(43)) - raft.grpc.flow.control.window = 1MB (=1048576) (default)
2019-07-14 16:17:39,572 INFO  server.RaftServerConfigKeys (ConfUtils.java:logGet(43)) - raft.server.rpc.request.timeout = 3000ms (default)
2019-07-14 16:17:39,573 INFO  server.RaftServerConfigKeys (ConfUtils.java:logGet(43)) - raft.server.storage.dir = [/workdir/hadoop-ozone/integration-test/target/test-dir/MiniOzoneClusterImpl-a42058f9-0926-4627-ba37-da9acccbcb73/datanode-3/data/ratis] (custom)
2019-07-14 16:17:39,573 INFO  replication.SimpleContainerDownloader (SimpleContainerDownloader.java:<init>(72)) - Starting container downloader service to copy containers to replicate.
2019-07-14 16:17:39,575 INFO  hdfs.DFSUtil (DFSUtil.java:httpServerTemplateForNNAndJN(1641)) - Starting Web-server for hddsDatanode at: http://0.0.0.0:0
2019-07-14 16:17:39,576 INFO  server.AuthenticationFilter (AuthenticationFilter.java:constructSecretProvider(240)) - Unable to initialize FileSignerSecretProvider, falling back to use random secrets.
2019-07-14 16:17:39,576 WARN  http.HttpRequestLog (HttpRequestLog.java:getRequestLog(97)) - Jetty request log can only be enabled using Log4j
2019-07-14 16:17:39,577 INFO  http.HttpServer2 (HttpServer2.java:addGlobalFilter(975)) - Added global filter 'safety' (class=org.apache.hadoop.http.HttpServer2$QuotingInputFilter)
2019-07-14 16:17:39,578 INFO  http.HttpServer2 (HttpServer2.java:addFilter(948)) - Added filter static_user_filter (class=org.apache.hadoop.http.lib.StaticUserWebFilter$StaticUserFilter) to context hddsDatanode
2019-07-14 16:17:39,578 INFO  http.HttpServer2 (HttpServer2.java:addFilter(958)) - Added filter static_user_filter (class=org.apache.hadoop.http.lib.StaticUserWebFilter$StaticUserFilter) to context static
2019-07-14 16:17:39,578 INFO  http.HttpServer2 (HttpServer2.java:addFilter(958)) - Added filter static_user_filter (class=org.apache.hadoop.http.lib.StaticUserWebFilter$StaticUserFilter) to context logs
2019-07-14 16:17:39,579 INFO  http.HttpServer2 (HttpServer2.java:bindListener(1191)) - Jetty bound to port 38573
2019-07-14 16:17:39,579 INFO  server.Server (Server.java:doStart(351)) - jetty-9.3.24.v20180605, build timestamp: 2018-06-05T17:11:56Z, git hash: 84205aa28f11a4f31f2a3b86d1bba2cc8ab69827
2019-07-14 16:17:39,581 INFO  handler.ContextHandler (ContextHandler.java:doStart(781)) - Started o.e.j.s.ServletContextHandler@3feeab43{/logs,file:///workdir/hadoop-ozone/integration-test/target/log,AVAILABLE}
2019-07-14 16:17:39,581 INFO  handler.ContextHandler (ContextHandler.java:doStart(781)) - Started o.e.j.s.ServletContextHandler@7413c41{/static,jar:file:/home/user/.m2/repository/org/apache/hadoop/hadoop-hdds-container-service/0.5.0-SNAPSHOT/hadoop-hdds-container-service-0.5.0-SNAPSHOT.jar!/webapps/static,AVAILABLE}
2019-07-14 16:17:39,607 INFO  handler.ContextHandler (ContextHandler.java:doStart(781)) - Started o.e.j.w.WebAppContext@465e9090{/,file:///tmp/jetty-0.0.0.0-38573-hddsDatanode-_-any-4412711358993323403.dir/webapp/,AVAILABLE}{/hddsDatanode}
2019-07-14 16:17:39,608 INFO  server.AbstractConnector (AbstractConnector.java:doStart(278)) - Started ServerConnector@7bfd8f92{HTTP/1.1,[http/1.1]}{0.0.0.0:38573}
2019-07-14 16:17:39,615 INFO  server.Server (Server.java:doStart(419)) - Started @130410ms
2019-07-14 16:17:39,616 INFO  server.BaseHttpServer (BaseHttpServer.java:updateConnectorAddress(207)) - HTTP server of HDDSDATANODE is listening at http://0.0.0.0:38573
2019-07-14 16:17:40,063 INFO  ozone.HddsDatanodeService (HddsDatanodeService.java:startPlugins(396)) - Started plug-in org.apache.hadoop.ozone.web.OzoneHddsDatanodeService@1ed763aa
2019-07-14 16:17:40,063 INFO  impl.MetricsSystemImpl (MetricsSystemImpl.java:init(158)) - HddsDatanode metrics system started (again)
2019-07-14 16:17:40,149 INFO  util.JvmPauseMonitor (JvmPauseMonitor.java:run(188)) - Starting JVM pause monitor
2019-07-14 16:17:40,151 INFO  datanode.InitDatanodeState (InitDatanodeState.java:persistContainerDatanodeDetails(140)) - DatanodeDetails is persisted to /workdir/hadoop-ozone/integration-test/target/test-dir/MiniOzoneClusterImpl-a42058f9-0926-4627-ba37-da9acccbcb73/datanode-3/meta/datanode.id
2019-07-14 16:17:40,151 INFO  ozone.HddsDatanodeService (HddsDatanodeService.java:start(185)) - HddsDatanodeService host:pr-hdds-1710-5x6jb-1204890111 ip:192.168.69.77
2019-07-14 16:17:40,179 INFO  volume.HddsVolume (HddsVolume.java:<init>(176)) - Creating Volume: /workdir/hadoop-ozone/integration-test/target/test-dir/MiniOzoneClusterImpl-a42058f9-0926-4627-ba37-da9acccbcb73/datanode-4/data/containers/hdds of  storage type : DISK and capacity : 52710309888
2019-07-14 16:17:40,179 INFO  volume.VolumeSet (VolumeSet.java:initializeVolumeSet(170)) - Added Volume : /workdir/hadoop-ozone/integration-test/target/test-dir/MiniOzoneClusterImpl-a42058f9-0926-4627-ba37-da9acccbcb73/datanode-4/data/containers/hdds to VolumeSet
2019-07-14 16:17:40,179 INFO  volume.ThrottledAsyncChecker (ThrottledAsyncChecker.java:schedule(140)) - Scheduling a check for org.apache.hadoop.ozone.container.common.volume.HddsVolume@79c9a128
2019-07-14 16:17:40,180 INFO  volume.HddsVolumeChecker (HddsVolumeChecker.java:checkAllVolumes(203)) - Scheduled health check for volume org.apache.hadoop.ozone.container.common.volume.HddsVolume@79c9a128
2019-07-14 16:17:40,206 INFO  impl.RaftServerProxy (ConfUtils.java:logGet(43)) - raft.rpc.type = GRPC (default)
2019-07-14 16:17:40,206 INFO  grpc.GrpcFactory (GrpcFactory.java:checkPooledByteBufAllocatorUseCacheForAllThreads(45)) - PERFORMANCE WARNING: useCacheForAllThreads is true that may cause Netty to create a lot garbage objects and, as a result, trigger GC.
	It is recommended to disable useCacheForAllThreads by setting -Dorg.apache.ratis.thirdparty.io.netty.allocator.useCacheForAllThreads=false in command line.
2019-07-14 16:17:40,206 INFO  grpc.GrpcConfigKeys$Server (ConfUtils.java:logGet(43)) - raft.grpc.server.port = 0 (default)
2019-07-14 16:17:40,207 INFO  server.GrpcService (ConfUtils.java:logGet(43)) - raft.grpc.message.size.max = 33570816 (custom)
2019-07-14 16:17:40,207 INFO  server.RaftServerConfigKeys (ConfUtils.java:logGet(43)) - raft.server.log.appender.buffer.byte-limit = 33554432 (custom)
2019-07-14 16:17:40,207 INFO  server.GrpcService (ConfUtils.java:logGet(43)) - raft.grpc.flow.control.window = 1MB (=1048576) (default)
2019-07-14 16:17:40,207 INFO  server.RaftServerConfigKeys (ConfUtils.java:logGet(43)) - raft.server.rpc.request.timeout = 3000ms (default)
2019-07-14 16:17:40,208 INFO  server.RaftServerConfigKeys (ConfUtils.java:logGet(43)) - raft.server.storage.dir = [/workdir/hadoop-ozone/integration-test/target/test-dir/MiniOzoneClusterImpl-a42058f9-0926-4627-ba37-da9acccbcb73/datanode-4/data/ratis] (custom)
2019-07-14 16:17:40,208 INFO  replication.SimpleContainerDownloader (SimpleContainerDownloader.java:<init>(72)) - Starting container downloader service to copy containers to replicate.
2019-07-14 16:17:40,209 INFO  hdfs.DFSUtil (DFSUtil.java:httpServerTemplateForNNAndJN(1641)) - Starting Web-server for hddsDatanode at: http://0.0.0.0:0
2019-07-14 16:17:40,210 INFO  server.AuthenticationFilter (AuthenticationFilter.java:constructSecretProvider(240)) - Unable to initialize FileSignerSecretProvider, falling back to use random secrets.
2019-07-14 16:17:40,211 WARN  http.HttpRequestLog (HttpRequestLog.java:getRequestLog(97)) - Jetty request log can only be enabled using Log4j
2019-07-14 16:17:40,212 INFO  http.HttpServer2 (HttpServer2.java:addGlobalFilter(975)) - Added global filter 'safety' (class=org.apache.hadoop.http.HttpServer2$QuotingInputFilter)
2019-07-14 16:17:40,212 INFO  http.HttpServer2 (HttpServer2.java:addFilter(948)) - Added filter static_user_filter (class=org.apache.hadoop.http.lib.StaticUserWebFilter$StaticUserFilter) to context hddsDatanode
2019-07-14 16:17:40,212 INFO  http.HttpServer2 (HttpServer2.java:addFilter(958)) - Added filter static_user_filter (class=org.apache.hadoop.http.lib.StaticUserWebFilter$StaticUserFilter) to context static
2019-07-14 16:17:40,212 INFO  http.HttpServer2 (HttpServer2.java:addFilter(958)) - Added filter static_user_filter (class=org.apache.hadoop.http.lib.StaticUserWebFilter$StaticUserFilter) to context logs
2019-07-14 16:17:40,213 INFO  http.HttpServer2 (HttpServer2.java:bindListener(1191)) - Jetty bound to port 35023
2019-07-14 16:17:40,213 INFO  server.Server (Server.java:doStart(351)) - jetty-9.3.24.v20180605, build timestamp: 2018-06-05T17:11:56Z, git hash: 84205aa28f11a4f31f2a3b86d1bba2cc8ab69827
2019-07-14 16:17:40,215 INFO  handler.ContextHandler (ContextHandler.java:doStart(781)) - Started o.e.j.s.ServletContextHandler@1ef585bb{/logs,file:///workdir/hadoop-ozone/integration-test/target/log,AVAILABLE}
2019-07-14 16:17:40,215 INFO  handler.ContextHandler (ContextHandler.java:doStart(781)) - Started o.e.j.s.ServletContextHandler@4bf2c697{/static,jar:file:/home/user/.m2/repository/org/apache/hadoop/hadoop-hdds-container-service/0.5.0-SNAPSHOT/hadoop-hdds-container-service-0.5.0-SNAPSHOT.jar!/webapps/static,AVAILABLE}
2019-07-14 16:17:40,241 INFO  handler.ContextHandler (ContextHandler.java:doStart(781)) - Started o.e.j.w.WebAppContext@6829b897{/,file:///tmp/jetty-0.0.0.0-35023-hddsDatanode-_-any-6155100894257164331.dir/webapp/,AVAILABLE}{/hddsDatanode}
2019-07-14 16:17:40,242 INFO  server.AbstractConnector (AbstractConnector.java:doStart(278)) - Started ServerConnector@519e0814{HTTP/1.1,[http/1.1]}{0.0.0.0:35023}
2019-07-14 16:17:40,248 INFO  server.Server (Server.java:doStart(419)) - Started @131043ms
2019-07-14 16:17:40,249 INFO  server.BaseHttpServer (BaseHttpServer.java:updateConnectorAddress(207)) - HTTP server of HDDSDATANODE is listening at http://0.0.0.0:35023
2019-07-14 16:17:40,363 INFO  ozone.HddsDatanodeService (HddsDatanodeService.java:startPlugins(396)) - Started plug-in org.apache.hadoop.ozone.web.OzoneHddsDatanodeService@5b5f48d5
2019-07-14 16:17:40,364 INFO  impl.MetricsSystemImpl (MetricsSystemImpl.java:init(158)) - HddsDatanode metrics system started (again)
2019-07-14 16:17:40,451 INFO  util.JvmPauseMonitor (JvmPauseMonitor.java:run(188)) - Starting JVM pause monitor
2019-07-14 16:17:40,453 INFO  ozone.HddsDatanodeService (HddsDatanodeService.java:start(185)) - HddsDatanodeService host:pr-hdds-1710-5x6jb-1204890111 ip:192.168.69.77
2019-07-14 16:17:40,453 INFO  datanode.InitDatanodeState (InitDatanodeState.java:persistContainerDatanodeDetails(140)) - DatanodeDetails is persisted to /workdir/hadoop-ozone/integration-test/target/test-dir/MiniOzoneClusterImpl-a42058f9-0926-4627-ba37-da9acccbcb73/datanode-4/meta/datanode.id
2019-07-14 16:17:40,476 INFO  volume.HddsVolume (HddsVolume.java:<init>(176)) - Creating Volume: /workdir/hadoop-ozone/integration-test/target/test-dir/MiniOzoneClusterImpl-a42058f9-0926-4627-ba37-da9acccbcb73/datanode-5/data/containers/hdds of  storage type : DISK and capacity : 52710309888
2019-07-14 16:17:40,476 INFO  volume.VolumeSet (VolumeSet.java:initializeVolumeSet(170)) - Added Volume : /workdir/hadoop-ozone/integration-test/target/test-dir/MiniOzoneClusterImpl-a42058f9-0926-4627-ba37-da9acccbcb73/datanode-5/data/containers/hdds to VolumeSet
2019-07-14 16:17:40,476 INFO  volume.ThrottledAsyncChecker (ThrottledAsyncChecker.java:schedule(140)) - Scheduling a check for org.apache.hadoop.ozone.container.common.volume.HddsVolume@1d82e396
2019-07-14 16:17:40,477 INFO  volume.HddsVolumeChecker (HddsVolumeChecker.java:checkAllVolumes(203)) - Scheduled health check for volume org.apache.hadoop.ozone.container.common.volume.HddsVolume@1d82e396
2019-07-14 16:17:40,508 INFO  impl.RaftServerProxy (ConfUtils.java:logGet(43)) - raft.rpc.type = GRPC (default)
2019-07-14 16:17:40,508 INFO  grpc.GrpcFactory (GrpcFactory.java:checkPooledByteBufAllocatorUseCacheForAllThreads(45)) - PERFORMANCE WARNING: useCacheForAllThreads is true that may cause Netty to create a lot garbage objects and, as a result, trigger GC.
	It is recommended to disable useCacheForAllThreads by setting -Dorg.apache.ratis.thirdparty.io.netty.allocator.useCacheForAllThreads=false in command line.
2019-07-14 16:17:40,508 INFO  grpc.GrpcConfigKeys$Server (ConfUtils.java:logGet(43)) - raft.grpc.server.port = 0 (default)
2019-07-14 16:17:40,509 INFO  server.GrpcService (ConfUtils.java:logGet(43)) - raft.grpc.message.size.max = 33570816 (custom)
2019-07-14 16:17:40,509 INFO  server.RaftServerConfigKeys (ConfUtils.java:logGet(43)) - raft.server.log.appender.buffer.byte-limit = 33554432 (custom)
2019-07-14 16:17:40,509 INFO  server.GrpcService (ConfUtils.java:logGet(43)) - raft.grpc.flow.control.window = 1MB (=1048576) (default)
2019-07-14 16:17:40,509 INFO  server.RaftServerConfigKeys (ConfUtils.java:logGet(43)) - raft.server.rpc.request.timeout = 3000ms (default)
2019-07-14 16:17:40,510 INFO  server.RaftServerConfigKeys (ConfUtils.java:logGet(43)) - raft.server.storage.dir = [/workdir/hadoop-ozone/integration-test/target/test-dir/MiniOzoneClusterImpl-a42058f9-0926-4627-ba37-da9acccbcb73/datanode-5/data/ratis] (custom)
2019-07-14 16:17:40,510 INFO  replication.SimpleContainerDownloader (SimpleContainerDownloader.java:<init>(72)) - Starting container downloader service to copy containers to replicate.
2019-07-14 16:17:40,511 INFO  hdfs.DFSUtil (DFSUtil.java:httpServerTemplateForNNAndJN(1641)) - Starting Web-server for hddsDatanode at: http://0.0.0.0:0
2019-07-14 16:17:40,513 INFO  server.AuthenticationFilter (AuthenticationFilter.java:constructSecretProvider(240)) - Unable to initialize FileSignerSecretProvider, falling back to use random secrets.
2019-07-14 16:17:40,513 WARN  http.HttpRequestLog (HttpRequestLog.java:getRequestLog(97)) - Jetty request log can only be enabled using Log4j
2019-07-14 16:17:40,515 INFO  http.HttpServer2 (HttpServer2.java:addGlobalFilter(975)) - Added global filter 'safety' (class=org.apache.hadoop.http.HttpServer2$QuotingInputFilter)
2019-07-14 16:17:40,515 INFO  http.HttpServer2 (HttpServer2.java:addFilter(948)) - Added filter static_user_filter (class=org.apache.hadoop.http.lib.StaticUserWebFilter$StaticUserFilter) to context hddsDatanode
2019-07-14 16:17:40,515 INFO  http.HttpServer2 (HttpServer2.java:addFilter(958)) - Added filter static_user_filter (class=org.apache.hadoop.http.lib.StaticUserWebFilter$StaticUserFilter) to context static
2019-07-14 16:17:40,516 INFO  http.HttpServer2 (HttpServer2.java:addFilter(958)) - Added filter static_user_filter (class=org.apache.hadoop.http.lib.StaticUserWebFilter$StaticUserFilter) to context logs
2019-07-14 16:17:40,516 INFO  http.HttpServer2 (HttpServer2.java:bindListener(1191)) - Jetty bound to port 38509
2019-07-14 16:17:40,517 INFO  server.Server (Server.java:doStart(351)) - jetty-9.3.24.v20180605, build timestamp: 2018-06-05T17:11:56Z, git hash: 84205aa28f11a4f31f2a3b86d1bba2cc8ab69827
2019-07-14 16:17:40,519 INFO  handler.ContextHandler (ContextHandler.java:doStart(781)) - Started o.e.j.s.ServletContextHandler@7244b40e{/logs,file:///workdir/hadoop-ozone/integration-test/target/log,AVAILABLE}
2019-07-14 16:17:40,519 INFO  handler.ContextHandler (ContextHandler.java:doStart(781)) - Started o.e.j.s.ServletContextHandler@405d123c{/static,jar:file:/home/user/.m2/repository/org/apache/hadoop/hadoop-hdds-container-service/0.5.0-SNAPSHOT/hadoop-hdds-container-service-0.5.0-SNAPSHOT.jar!/webapps/static,AVAILABLE}
2019-07-14 16:17:40,552 INFO  handler.ContextHandler (ContextHandler.java:doStart(781)) - Started o.e.j.w.WebAppContext@7cc966a9{/,file:///tmp/jetty-0.0.0.0-38509-hddsDatanode-_-any-1995022433525822819.dir/webapp/,AVAILABLE}{/hddsDatanode}
2019-07-14 16:17:40,552 INFO  server.AbstractConnector (AbstractConnector.java:doStart(278)) - Started ServerConnector@77fd5501{HTTP/1.1,[http/1.1]}{0.0.0.0:38509}
2019-07-14 16:17:40,560 INFO  server.Server (Server.java:doStart(419)) - Started @131354ms
2019-07-14 16:17:40,560 INFO  server.BaseHttpServer (BaseHttpServer.java:updateConnectorAddress(207)) - HTTP server of HDDSDATANODE is listening at http://0.0.0.0:38509
2019-07-14 16:17:40,673 INFO  ozone.HddsDatanodeService (HddsDatanodeService.java:startPlugins(396)) - Started plug-in org.apache.hadoop.ozone.web.OzoneHddsDatanodeService@5d4a1d2c
2019-07-14 16:17:40,673 INFO  ozone.MiniOzoneClusterImpl (MiniOzoneClusterImpl.java:lambda$waitForClusterToBeReady$0(142)) - Waiting for cluster to be ready. Got 0 of 6 DN Heartbeats.
2019-07-14 16:17:40,675 INFO  util.JvmPauseMonitor (JvmPauseMonitor.java:run(188)) - Starting JVM pause monitor
2019-07-14 16:17:40,676 INFO  datanode.InitDatanodeState (InitDatanodeState.java:persistContainerDatanodeDetails(140)) - DatanodeDetails is persisted to /workdir/hadoop-ozone/integration-test/target/test-dir/MiniOzoneClusterImpl-a42058f9-0926-4627-ba37-da9acccbcb73/datanode-5/meta/datanode.id
2019-07-14 16:17:40,855 INFO  ozoneimpl.OzoneContainer (OzoneContainer.java:start(186)) - Attempting to start container services.
2019-07-14 16:17:40,856 INFO  ozoneimpl.OzoneContainer (OzoneContainer.java:startContainerScrub(160)) - Background container scrubber has been disabled by hdds.containerscrub.enabled
2019-07-14 16:17:40,856 INFO  ratis.XceiverServerRatis (XceiverServerRatis.java:start(418)) - Starting XceiverServerRatis 58e1bc26-88f4-4d48-ab6d-7461377ebc32 at port 0
2019-07-14 16:17:40,863 INFO  impl.RaftServerProxy (RaftServerProxy.java:lambda$start$3(299)) - 58e1bc26-88f4-4d48-ab6d-7461377ebc32: start RPC server
2019-07-14 16:17:40,864 INFO  server.GrpcService (GrpcService.java:startImpl(149)) - 58e1bc26-88f4-4d48-ab6d-7461377ebc32: GrpcService started, listening on 0.0.0.0/0.0.0.0:41122
2019-07-14 16:17:40,864 INFO  ratis.XceiverServerRatis (XceiverServerRatis.java:start(428)) - XceiverServerRatis 58e1bc26-88f4-4d48-ab6d-7461377ebc32 is started using port 41122
2019-07-14 16:17:40,864 INFO  server.XceiverServerGrpc (XceiverServerGrpc.java:start(161)) - XceiverServerGrpc 58e1bc26-88f4-4d48-ab6d-7461377ebc32 is started using port 40178
2019-07-14 16:17:41,239 INFO  ozoneimpl.OzoneContainer (OzoneContainer.java:start(186)) - Attempting to start container services.
2019-07-14 16:17:41,239 INFO  ozoneimpl.OzoneContainer (OzoneContainer.java:startContainerScrub(160)) - Background container scrubber has been disabled by hdds.containerscrub.enabled
2019-07-14 16:17:41,239 INFO  ratis.XceiverServerRatis (XceiverServerRatis.java:start(418)) - Starting XceiverServerRatis d7574934-53ba-489d-8caa-ad6ea7b6c729 at port 0
2019-07-14 16:17:41,247 INFO  impl.RaftServerProxy (RaftServerProxy.java:lambda$start$3(299)) - d7574934-53ba-489d-8caa-ad6ea7b6c729: start RPC server
2019-07-14 16:17:41,248 INFO  server.GrpcService (GrpcService.java:startImpl(149)) - d7574934-53ba-489d-8caa-ad6ea7b6c729: GrpcService started, listening on 0.0.0.0/0.0.0.0:39060
2019-07-14 16:17:41,248 INFO  ratis.XceiverServerRatis (XceiverServerRatis.java:start(428)) - XceiverServerRatis d7574934-53ba-489d-8caa-ad6ea7b6c729 is started using port 39060
2019-07-14 16:17:41,249 INFO  server.XceiverServerGrpc (XceiverServerGrpc.java:start(161)) - XceiverServerGrpc d7574934-53ba-489d-8caa-ad6ea7b6c729 is started using port 41042
2019-07-14 16:17:41,519 WARN  server.GrpcLogAppender (LogUtils.java:warn(134)) - 5c3f8082-86fd-4ec8-83c5-19f28657242e->c6caa481-fc39-4fa3-8faf-817af7fe412a: Failed appendEntries: org.apache.ratis.thirdparty.io.grpc.StatusRuntimeException: UNAVAILABLE: io exception
2019-07-14 16:17:41,519 WARN  server.GrpcLogAppender (LogUtils.java:warn(134)) - 5c3f8082-86fd-4ec8-83c5-19f28657242e->bde8c970-78a9-487e-beef-ecea974b9f52: Failed appendEntries: org.apache.ratis.thirdparty.io.grpc.StatusRuntimeException: UNAVAILABLE: io exception
2019-07-14 16:17:41,527 INFO  impl.FollowerInfo (FollowerInfo.java:lambda$new$0(50)) - 5c3f8082-86fd-4ec8-83c5-19f28657242e->c6caa481-fc39-4fa3-8faf-817af7fe412a: nextIndex: updateUnconditionally 0 -> 0
2019-07-14 16:17:41,534 INFO  ozoneimpl.OzoneContainer (OzoneContainer.java:start(186)) - Attempting to start container services.
2019-07-14 16:17:41,534 INFO  impl.FollowerInfo (FollowerInfo.java:lambda$new$0(50)) - 5c3f8082-86fd-4ec8-83c5-19f28657242e->bde8c970-78a9-487e-beef-ecea974b9f52: nextIndex: updateUnconditionally 0 -> 0
2019-07-14 16:17:41,534 INFO  ozoneimpl.OzoneContainer (OzoneContainer.java:startContainerScrub(160)) - Background container scrubber has been disabled by hdds.containerscrub.enabled
2019-07-14 16:17:41,535 INFO  ratis.XceiverServerRatis (XceiverServerRatis.java:start(418)) - Starting XceiverServerRatis 87d50328-7ac1-415d-bb41-23cea3be7e2b at port 0
2019-07-14 16:17:41,545 INFO  impl.RaftServerProxy (RaftServerProxy.java:lambda$start$3(299)) - 87d50328-7ac1-415d-bb41-23cea3be7e2b: start RPC server
2019-07-14 16:17:41,545 INFO  server.GrpcService (GrpcService.java:startImpl(149)) - 87d50328-7ac1-415d-bb41-23cea3be7e2b: GrpcService started, listening on 0.0.0.0/0.0.0.0:45202
2019-07-14 16:17:41,546 INFO  ratis.XceiverServerRatis (XceiverServerRatis.java:start(428)) - XceiverServerRatis 87d50328-7ac1-415d-bb41-23cea3be7e2b is started using port 45202
2019-07-14 16:17:41,546 INFO  server.XceiverServerGrpc (XceiverServerGrpc.java:start(161)) - XceiverServerGrpc 87d50328-7ac1-415d-bb41-23cea3be7e2b is started using port 42958
2019-07-14 16:17:41,673 INFO  ozone.MiniOzoneClusterImpl (MiniOzoneClusterImpl.java:lambda$waitForClusterToBeReady$0(142)) - Waiting for cluster to be ready. Got 0 of 6 DN Heartbeats.
2019-07-14 16:17:42,163 INFO  ozoneimpl.OzoneContainer (OzoneContainer.java:start(186)) - Attempting to start container services.
2019-07-14 16:17:42,163 INFO  ozoneimpl.OzoneContainer (OzoneContainer.java:startContainerScrub(160)) - Background container scrubber has been disabled by hdds.containerscrub.enabled
2019-07-14 16:17:42,163 INFO  ratis.XceiverServerRatis (XceiverServerRatis.java:start(418)) - Starting XceiverServerRatis d70c80cc-b58f-497e-83d8-fc23ab4de561 at port 0
2019-07-14 16:17:42,170 INFO  impl.RaftServerProxy (RaftServerProxy.java:lambda$start$3(299)) - d70c80cc-b58f-497e-83d8-fc23ab4de561: start RPC server
2019-07-14 16:17:42,171 INFO  server.GrpcService (GrpcService.java:startImpl(149)) - d70c80cc-b58f-497e-83d8-fc23ab4de561: GrpcService started, listening on 0.0.0.0/0.0.0.0:42674
2019-07-14 16:17:42,171 INFO  ratis.XceiverServerRatis (XceiverServerRatis.java:start(428)) - XceiverServerRatis d70c80cc-b58f-497e-83d8-fc23ab4de561 is started using port 42674
2019-07-14 16:17:42,171 INFO  server.XceiverServerGrpc (XceiverServerGrpc.java:start(161)) - XceiverServerGrpc d70c80cc-b58f-497e-83d8-fc23ab4de561 is started using port 42395
2019-07-14 16:17:42,466 INFO  ozoneimpl.OzoneContainer (OzoneContainer.java:start(186)) - Attempting to start container services.
2019-07-14 16:17:42,466 INFO  ozoneimpl.OzoneContainer (OzoneContainer.java:startContainerScrub(160)) - Background container scrubber has been disabled by hdds.containerscrub.enabled
2019-07-14 16:17:42,466 INFO  ratis.XceiverServerRatis (XceiverServerRatis.java:start(418)) - Starting XceiverServerRatis 8160b874-63a6-4765-9fa0-8e802162e5de at port 0
2019-07-14 16:17:42,475 INFO  impl.RaftServerProxy (RaftServerProxy.java:lambda$start$3(299)) - 8160b874-63a6-4765-9fa0-8e802162e5de: start RPC server
2019-07-14 16:17:42,476 INFO  server.GrpcService (GrpcService.java:startImpl(149)) - 8160b874-63a6-4765-9fa0-8e802162e5de: GrpcService started, listening on 0.0.0.0/0.0.0.0:34717
2019-07-14 16:17:42,477 INFO  ratis.XceiverServerRatis (XceiverServerRatis.java:start(428)) - XceiverServerRatis 8160b874-63a6-4765-9fa0-8e802162e5de is started using port 34717
2019-07-14 16:17:42,478 INFO  server.XceiverServerGrpc (XceiverServerGrpc.java:start(161)) - XceiverServerGrpc 8160b874-63a6-4765-9fa0-8e802162e5de is started using port 34867
2019-07-14 16:17:42,674 INFO  ozone.MiniOzoneClusterImpl (MiniOzoneClusterImpl.java:lambda$waitForClusterToBeReady$0(142)) - Waiting for cluster to be ready. Got 0 of 6 DN Heartbeats.
2019-07-14 16:17:42,690 INFO  ozoneimpl.OzoneContainer (OzoneContainer.java:start(186)) - Attempting to start container services.
2019-07-14 16:17:42,691 INFO  ozoneimpl.OzoneContainer (OzoneContainer.java:startContainerScrub(160)) - Background container scrubber has been disabled by hdds.containerscrub.enabled
2019-07-14 16:17:42,691 INFO  ratis.XceiverServerRatis (XceiverServerRatis.java:start(418)) - Starting XceiverServerRatis c5d3fb7b-5f23-4188-bfd8-67ca8a27f584 at port 0
2019-07-14 16:17:42,702 INFO  impl.RaftServerProxy (RaftServerProxy.java:lambda$start$3(299)) - c5d3fb7b-5f23-4188-bfd8-67ca8a27f584: start RPC server
2019-07-14 16:17:42,703 INFO  server.GrpcService (GrpcService.java:startImpl(149)) - c5d3fb7b-5f23-4188-bfd8-67ca8a27f584: GrpcService started, listening on 0.0.0.0/0.0.0.0:35053
2019-07-14 16:17:42,704 INFO  ratis.XceiverServerRatis (XceiverServerRatis.java:start(428)) - XceiverServerRatis c5d3fb7b-5f23-4188-bfd8-67ca8a27f584 is started using port 35053
2019-07-14 16:17:42,704 INFO  server.XceiverServerGrpc (XceiverServerGrpc.java:start(161)) - XceiverServerGrpc c5d3fb7b-5f23-4188-bfd8-67ca8a27f584 is started using port 38345
2019-07-14 16:17:42,836 INFO  net.NetworkTopology (NetworkTopologyImpl.java:add(110)) - Added a new node: /default-rack/192.168.69.77
2019-07-14 16:17:42,844 INFO  node.SCMNodeManager (SCMNodeManager.java:register(269)) - Registered Data node : 58e1bc26-88f4-4d48-ab6d-7461377ebc32{ip: 192.168.69.77, host: pr-hdds-1710-5x6jb-1204890111, networkLocation: /default-rack, certSerialId: null}
2019-07-14 16:17:42,845 INFO  safemode.SCMSafeModeManager (DataNodeSafeModeRule.java:process(71)) - SCM in safe mode. 1 DataNodes registered, 1 required.
2019-07-14 16:17:42,852 INFO  safemode.SCMSafeModeManager (SCMSafeModeManager.java:validateSafeModeExitRules(177)) - ScmSafeModeManager, all rules are successfully validated
2019-07-14 16:17:42,852 INFO  safemode.SCMSafeModeManager (SCMSafeModeManager.java:exitSafeMode(193)) - SCM exiting safe mode.
2019-07-14 16:17:42,867 INFO  impl.RaftServerProxy (RaftServerProxy.java:addNew(89)) - 58e1bc26-88f4-4d48-ab6d-7461377ebc32: addNew group-8C0A03CEB9F1:[58e1bc26-88f4-4d48-ab6d-7461377ebc32:192.168.69.77:41122] returns group-8C0A03CEB9F1:java.util.concurrent.CompletableFuture@12bd07cd[Not completed]
2019-07-14 16:17:42,868 INFO  impl.RaftServerImpl (RaftServerImpl.java:<init>(93)) - 58e1bc26-88f4-4d48-ab6d-7461377ebc32: new RaftServerImpl for group-8C0A03CEB9F1:[58e1bc26-88f4-4d48-ab6d-7461377ebc32:192.168.69.77:41122] with ContainerStateMachine:uninitialized
2019-07-14 16:17:42,869 INFO  server.RaftServerConfigKeys (ConfUtils.java:logGet(43)) - raft.server.rpc.timeout.min = 5s (custom)
2019-07-14 16:17:42,869 INFO  server.RaftServerConfigKeys (ConfUtils.java:logGet(43)) - raft.server.rpc.timeout.max = 5200ms (custom)
2019-07-14 16:17:42,869 INFO  server.RaftServerConfigKeys (ConfUtils.java:logGet(43)) - raft.server.rpcslowness.timeout = 120s (custom)
2019-07-14 16:17:42,869 INFO  server.RaftServerConfigKeys (ConfUtils.java:logGet(43)) - raft.server.sleep.deviation.threshold = 300 (default)
2019-07-14 16:17:42,869 INFO  server.RaftServerConfigKeys (ConfUtils.java:logGet(43)) - raft.server.log.appender.install.snapshot.enabled = false (custom)
2019-07-14 16:17:42,869 INFO  impl.RaftServerImpl (ServerState.java:<init>(105)) - 58e1bc26-88f4-4d48-ab6d-7461377ebc32:group-8C0A03CEB9F1 ConfigurationManager, init=-1: [58e1bc26-88f4-4d48-ab6d-7461377ebc32:192.168.69.77:41122], old=null, confs=<EMPTY_MAP>
2019-07-14 16:17:42,869 INFO  server.RaftServerConfigKeys (ConfUtils.java:logGet(43)) - raft.server.storage.dir = [/workdir/hadoop-ozone/integration-test/target/test-dir/MiniOzoneClusterImpl-a42058f9-0926-4627-ba37-da9acccbcb73/datanode-0/data/ratis] (custom)
2019-07-14 16:17:42,871 INFO  storage.RaftStorageDirectory (RaftStorageDirectory.java:analyzeStorage(246)) - The storage directory /workdir/hadoop-ozone/integration-test/target/test-dir/MiniOzoneClusterImpl-a42058f9-0926-4627-ba37-da9acccbcb73/datanode-0/data/ratis/798bd512-37e3-4edd-94bc-8c0a03ceb9f1 does not exist. Creating ...
2019-07-14 16:17:42,897 INFO  storage.RaftStorageDirectory (RaftStorageDirectory.java:tryLock(328)) - Lock on /workdir/hadoop-ozone/integration-test/target/test-dir/MiniOzoneClusterImpl-a42058f9-0926-4627-ba37-da9acccbcb73/datanode-0/data/ratis/798bd512-37e3-4edd-94bc-8c0a03ceb9f1/in_use.lock acquired by nodename 762@pr-hdds-1710-5x6jb-1204890111
2019-07-14 16:17:42,922 INFO  storage.RaftStorage (RaftStorage.java:format(72)) - Storage directory /workdir/hadoop-ozone/integration-test/target/test-dir/MiniOzoneClusterImpl-a42058f9-0926-4627-ba37-da9acccbcb73/datanode-0/data/ratis/798bd512-37e3-4edd-94bc-8c0a03ceb9f1 has been successfully formatted.
2019-07-14 16:17:42,922 INFO  ratis.ContainerStateMachine (ContainerStateMachine.java:loadSnapshot(200)) - The snapshot info is null.Setting the last applied index to:(t:0, i:~)
2019-07-14 16:17:42,922 INFO  server.RaftServerConfigKeys (ConfUtils.java:logGet(43)) - raft.server.leader.election.timeout = 120s (custom)
2019-07-14 16:17:42,922 INFO  server.RaftServerConfigKeys (ConfUtils.java:logGet(43)) - raft.server.log.use.memory = false (default)
2019-07-14 16:17:42,922 INFO  server.RaftServerConfigKeys (ConfUtils.java:logGet(43)) - raft.server.log.purge.gap = 1000000000 (custom)
2019-07-14 16:17:42,923 INFO  server.RaftServerConfigKeys (ConfUtils.java:logGet(43)) - raft.server.log.appender.buffer.byte-limit = 33554432 (custom)
2019-07-14 16:17:42,923 INFO  server.RaftServerConfigKeys (ConfUtils.java:logGet(43)) - raft.server.log.segment.size.max = 1048576 (custom)
2019-07-14 16:17:42,923 INFO  server.RaftServerConfigKeys (ConfUtils.java:logGet(43)) - raft.server.log.segment.cache.num.max = 2 (custom)
2019-07-14 16:17:42,923 INFO  segmented.SegmentedRaftLogWorker (SegmentedRaftLogWorker.java:<init>(172)) - new 58e1bc26-88f4-4d48-ab6d-7461377ebc32-SegmentedRaftLogWorker:Storage Directory /workdir/hadoop-ozone/integration-test/target/test-dir/MiniOzoneClusterImpl-a42058f9-0926-4627-ba37-da9acccbcb73/datanode-0/data/ratis/798bd512-37e3-4edd-94bc-8c0a03ceb9f1 for RaftStorage:Storage Directory /workdir/hadoop-ozone/integration-test/target/test-dir/MiniOzoneClusterImpl-a42058f9-0926-4627-ba37-da9acccbcb73/datanode-0/data/ratis/798bd512-37e3-4edd-94bc-8c0a03ceb9f1
2019-07-14 16:17:42,923 INFO  server.RaftServerConfigKeys (ConfUtils.java:logGet(43)) - raft.server.log.queue.byte-limit = 2147483647 (custom)
2019-07-14 16:17:42,923 INFO  server.RaftServerConfigKeys (ConfUtils.java:logGet(43)) - raft.server.log.queue.element-limit = 1024 (custom)
2019-07-14 16:17:42,924 INFO  server.RaftServerConfigKeys (ConfUtils.java:logGet(43)) - raft.server.log.segment.size.max = 1048576 (custom)
2019-07-14 16:17:42,924 INFO  server.RaftServerConfigKeys (ConfUtils.java:logGet(43)) - raft.server.log.preallocated.size = 16384 (custom)
2019-07-14 16:17:42,924 INFO  server.RaftServerConfigKeys (ConfUtils.java:logGet(43)) - raft.server.log.write.buffer.size = 33554432 (custom)
2019-07-14 16:17:42,924 INFO  server.RaftServerConfigKeys (ConfUtils.java:logGet(43)) - raft.server.log.force.sync.num = 128 (default)
2019-07-14 16:17:42,924 INFO  server.RaftServerConfigKeys (ConfUtils.java:logGet(43)) - raft.server.log.statemachine.data.sync = true (default)
2019-07-14 16:17:42,924 INFO  server.RaftServerConfigKeys (ConfUtils.java:logGet(43)) - raft.server.log.statemachine.data.sync.timeout = 10s (default)
2019-07-14 16:17:42,925 INFO  server.RaftServerConfigKeys (ConfUtils.java:logGet(43)) - raft.server.log.statemachine.data.sync.timeout.retry = -1 (default)
2019-07-14 16:17:42,925 INFO  server.RaftServerConfigKeys (ConfUtils.java:logGet(43)) - raft.server.log.statemachine.data.caching.enabled = true (custom)
2019-07-14 16:17:42,925 INFO  segmented.SegmentedRaftLogWorker (SegmentedRaftLogWorker.java:lambda$new$0(132)) - 58e1bc26-88f4-4d48-ab6d-7461377ebc32-SegmentedRaftLogWorker:Storage Directory /workdir/hadoop-ozone/integration-test/target/test-dir/MiniOzoneClusterImpl-a42058f9-0926-4627-ba37-da9acccbcb73/datanode-0/data/ratis/798bd512-37e3-4edd-94bc-8c0a03ceb9f1: flushIndex: setUnconditionally 0 -> -1
2019-07-14 16:17:42,926 INFO  server.RaftServerConfigKeys (ConfUtils.java:logGet(43)) - raft.server.snapshot.auto.trigger.enabled = true (custom)
2019-07-14 16:17:42,926 INFO  server.RaftServerConfigKeys (ConfUtils.java:logGet(43)) - raft.server.snapshot.auto.trigger.threshold = 10000 (custom)
2019-07-14 16:17:42,926 INFO  server.RaftServerConfigKeys (ConfUtils.java:logGet(43)) - raft.server.retrycache.expirytime = 600000ms (custom)
2019-07-14 16:17:42,926 INFO  impl.RaftServerImpl (RaftServerImpl.java:start(180)) - 58e1bc26-88f4-4d48-ab6d-7461377ebc32: start group-8C0A03CEB9F1
2019-07-14 16:17:42,927 INFO  impl.RaftServerImpl (RaftServerImpl.java:setRole(171)) - 58e1bc26-88f4-4d48-ab6d-7461377ebc32:group-8C0A03CEB9F1 changes role from null to FOLLOWER at term 0 for startAsFollower
2019-07-14 16:17:42,927 INFO  impl.RoleInfo (RoleInfo.java:updateAndGet(143)) - 58e1bc26-88f4-4d48-ab6d-7461377ebc32: start FollowerState
2019-07-14 16:17:42,927 INFO  util.JmxRegister (JmxRegister.java:tryRegister(44)) - Successfully registered JMX Bean with object name Ratis:service=RaftServer,group=group-8C0A03CEB9F1,id=58e1bc26-88f4-4d48-ab6d-7461377ebc32
2019-07-14 16:17:42,931 INFO  pipeline.PipelineStateManager (PipelineStateManager.java:addPipeline(56)) - Created pipeline Pipeline[ Id: 798bd512-37e3-4edd-94bc-8c0a03ceb9f1, Nodes: 58e1bc26-88f4-4d48-ab6d-7461377ebc32{ip: 192.168.69.77, host: pr-hdds-1710-5x6jb-1204890111, networkLocation: /default-rack, certSerialId: null}, Type:RATIS, Factor:ONE, State:OPEN]
2019-07-14 16:17:43,218 INFO  node.SCMNodeManager (SCMNodeManager.java:register(269)) - Registered Data node : d7574934-53ba-489d-8caa-ad6ea7b6c729{ip: 192.168.69.77, host: pr-hdds-1710-5x6jb-1204890111, networkLocation: /default-rack, certSerialId: null}
2019-07-14 16:17:43,235 INFO  impl.RaftServerProxy (RaftServerProxy.java:addNew(89)) - d7574934-53ba-489d-8caa-ad6ea7b6c729: addNew group-E4B9375550CB:[d7574934-53ba-489d-8caa-ad6ea7b6c729:192.168.69.77:39060] returns group-E4B9375550CB:java.util.concurrent.CompletableFuture@4323b140[Not completed]
2019-07-14 16:17:43,236 INFO  impl.RaftServerImpl (RaftServerImpl.java:<init>(93)) - d7574934-53ba-489d-8caa-ad6ea7b6c729: new RaftServerImpl for group-E4B9375550CB:[d7574934-53ba-489d-8caa-ad6ea7b6c729:192.168.69.77:39060] with ContainerStateMachine:uninitialized
2019-07-14 16:17:43,236 INFO  server.RaftServerConfigKeys (ConfUtils.java:logGet(43)) - raft.server.rpc.timeout.min = 5s (custom)
2019-07-14 16:17:43,236 INFO  server.RaftServerConfigKeys (ConfUtils.java:logGet(43)) - raft.server.rpc.timeout.max = 5200ms (custom)
2019-07-14 16:17:43,236 INFO  server.RaftServerConfigKeys (ConfUtils.java:logGet(43)) - raft.server.rpcslowness.timeout = 120s (custom)
2019-07-14 16:17:43,236 INFO  server.RaftServerConfigKeys (ConfUtils.java:logGet(43)) - raft.server.sleep.deviation.threshold = 300 (default)
2019-07-14 16:17:43,237 INFO  server.RaftServerConfigKeys (ConfUtils.java:logGet(43)) - raft.server.log.appender.install.snapshot.enabled = false (custom)
2019-07-14 16:17:43,237 INFO  impl.RaftServerImpl (ServerState.java:<init>(105)) - d7574934-53ba-489d-8caa-ad6ea7b6c729:group-E4B9375550CB ConfigurationManager, init=-1: [d7574934-53ba-489d-8caa-ad6ea7b6c729:192.168.69.77:39060], old=null, confs=<EMPTY_MAP>
2019-07-14 16:17:43,237 INFO  server.RaftServerConfigKeys (ConfUtils.java:logGet(43)) - raft.server.storage.dir = [/workdir/hadoop-ozone/integration-test/target/test-dir/MiniOzoneClusterImpl-a42058f9-0926-4627-ba37-da9acccbcb73/datanode-1/data/ratis] (custom)
2019-07-14 16:17:43,237 INFO  storage.RaftStorageDirectory (RaftStorageDirectory.java:analyzeStorage(246)) - The storage directory /workdir/hadoop-ozone/integration-test/target/test-dir/MiniOzoneClusterImpl-a42058f9-0926-4627-ba37-da9acccbcb73/datanode-1/data/ratis/7fdf2712-c0d9-43ab-94b6-e4b9375550cb does not exist. Creating ...
2019-07-14 16:17:43,251 INFO  storage.RaftStorageDirectory (RaftStorageDirectory.java:tryLock(328)) - Lock on /workdir/hadoop-ozone/integration-test/target/test-dir/MiniOzoneClusterImpl-a42058f9-0926-4627-ba37-da9acccbcb73/datanode-1/data/ratis/7fdf2712-c0d9-43ab-94b6-e4b9375550cb/in_use.lock acquired by nodename 762@pr-hdds-1710-5x6jb-1204890111
2019-07-14 16:17:43,264 INFO  storage.RaftStorage (RaftStorage.java:format(72)) - Storage directory /workdir/hadoop-ozone/integration-test/target/test-dir/MiniOzoneClusterImpl-a42058f9-0926-4627-ba37-da9acccbcb73/datanode-1/data/ratis/7fdf2712-c0d9-43ab-94b6-e4b9375550cb has been successfully formatted.
2019-07-14 16:17:43,264 INFO  ratis.ContainerStateMachine (ContainerStateMachine.java:loadSnapshot(200)) - The snapshot info is null.Setting the last applied index to:(t:0, i:~)
2019-07-14 16:17:43,264 INFO  server.RaftServerConfigKeys (ConfUtils.java:logGet(43)) - raft.server.leader.election.timeout = 120s (custom)
2019-07-14 16:17:43,264 INFO  server.RaftServerConfigKeys (ConfUtils.java:logGet(43)) - raft.server.log.use.memory = false (default)
2019-07-14 16:17:43,264 INFO  server.RaftServerConfigKeys (ConfUtils.java:logGet(43)) - raft.server.log.purge.gap = 1000000000 (custom)
2019-07-14 16:17:43,265 INFO  server.RaftServerConfigKeys (ConfUtils.java:logGet(43)) - raft.server.log.appender.buffer.byte-limit = 33554432 (custom)
2019-07-14 16:17:43,265 INFO  server.RaftServerConfigKeys (ConfUtils.java:logGet(43)) - raft.server.log.segment.size.max = 1048576 (custom)
2019-07-14 16:17:43,265 INFO  server.RaftServerConfigKeys (ConfUtils.java:logGet(43)) - raft.server.log.segment.cache.num.max = 2 (custom)
2019-07-14 16:17:43,265 INFO  segmented.SegmentedRaftLogWorker (SegmentedRaftLogWorker.java:<init>(172)) - new d7574934-53ba-489d-8caa-ad6ea7b6c729-SegmentedRaftLogWorker:Storage Directory /workdir/hadoop-ozone/integration-test/target/test-dir/MiniOzoneClusterImpl-a42058f9-0926-4627-ba37-da9acccbcb73/datanode-1/data/ratis/7fdf2712-c0d9-43ab-94b6-e4b9375550cb for RaftStorage:Storage Directory /workdir/hadoop-ozone/integration-test/target/test-dir/MiniOzoneClusterImpl-a42058f9-0926-4627-ba37-da9acccbcb73/datanode-1/data/ratis/7fdf2712-c0d9-43ab-94b6-e4b9375550cb
2019-07-14 16:17:43,265 INFO  server.RaftServerConfigKeys (ConfUtils.java:logGet(43)) - raft.server.log.queue.byte-limit = 2147483647 (custom)
2019-07-14 16:17:43,265 INFO  server.RaftServerConfigKeys (ConfUtils.java:logGet(43)) - raft.server.log.queue.element-limit = 1024 (custom)
2019-07-14 16:17:43,266 INFO  server.RaftServerConfigKeys (ConfUtils.java:logGet(43)) - raft.server.log.segment.size.max = 1048576 (custom)
2019-07-14 16:17:43,266 INFO  server.RaftServerConfigKeys (ConfUtils.java:logGet(43)) - raft.server.log.preallocated.size = 16384 (custom)
2019-07-14 16:17:43,266 INFO  server.RaftServerConfigKeys (ConfUtils.java:logGet(43)) - raft.server.log.write.buffer.size = 33554432 (custom)
2019-07-14 16:17:43,266 INFO  server.RaftServerConfigKeys (ConfUtils.java:logGet(43)) - raft.server.log.force.sync.num = 128 (default)
2019-07-14 16:17:43,266 INFO  server.RaftServerConfigKeys (ConfUtils.java:logGet(43)) - raft.server.log.statemachine.data.sync = true (default)
2019-07-14 16:17:43,266 INFO  server.RaftServerConfigKeys (ConfUtils.java:logGet(43)) - raft.server.log.statemachine.data.sync.timeout = 10s (default)
2019-07-14 16:17:43,267 INFO  server.RaftServerConfigKeys (ConfUtils.java:logGet(43)) - raft.server.log.statemachine.data.sync.timeout.retry = -1 (default)
2019-07-14 16:17:43,267 INFO  server.RaftServerConfigKeys (ConfUtils.java:logGet(43)) - raft.server.log.statemachine.data.caching.enabled = true (custom)
2019-07-14 16:17:43,267 INFO  segmented.SegmentedRaftLogWorker (SegmentedRaftLogWorker.java:lambda$new$0(132)) - d7574934-53ba-489d-8caa-ad6ea7b6c729-SegmentedRaftLogWorker:Storage Directory /workdir/hadoop-ozone/integration-test/target/test-dir/MiniOzoneClusterImpl-a42058f9-0926-4627-ba37-da9acccbcb73/datanode-1/data/ratis/7fdf2712-c0d9-43ab-94b6-e4b9375550cb: flushIndex: setUnconditionally 0 -> -1
2019-07-14 16:17:43,268 INFO  server.RaftServerConfigKeys (ConfUtils.java:logGet(43)) - raft.server.snapshot.auto.trigger.enabled = true (custom)
2019-07-14 16:17:43,268 INFO  server.RaftServerConfigKeys (ConfUtils.java:logGet(43)) - raft.server.snapshot.auto.trigger.threshold = 10000 (custom)
2019-07-14 16:17:43,268 INFO  server.RaftServerConfigKeys (ConfUtils.java:logGet(43)) - raft.server.retrycache.expirytime = 600000ms (custom)
2019-07-14 16:17:43,268 INFO  impl.RaftServerImpl (RaftServerImpl.java:start(180)) - d7574934-53ba-489d-8caa-ad6ea7b6c729: start group-E4B9375550CB
2019-07-14 16:17:43,268 INFO  impl.RaftServerImpl (RaftServerImpl.java:setRole(171)) - d7574934-53ba-489d-8caa-ad6ea7b6c729:group-E4B9375550CB changes role from null to FOLLOWER at term 0 for startAsFollower
2019-07-14 16:17:43,268 INFO  impl.RoleInfo (RoleInfo.java:updateAndGet(143)) - d7574934-53ba-489d-8caa-ad6ea7b6c729: start FollowerState
2019-07-14 16:17:43,269 INFO  util.JmxRegister (JmxRegister.java:tryRegister(44)) - Successfully registered JMX Bean with object name Ratis:service=RaftServer,group=group-E4B9375550CB,id=d7574934-53ba-489d-8caa-ad6ea7b6c729
2019-07-14 16:17:43,271 INFO  pipeline.PipelineStateManager (PipelineStateManager.java:addPipeline(56)) - Created pipeline Pipeline[ Id: 7fdf2712-c0d9-43ab-94b6-e4b9375550cb, Nodes: d7574934-53ba-489d-8caa-ad6ea7b6c729{ip: 192.168.69.77, host: pr-hdds-1710-5x6jb-1204890111, networkLocation: /default-rack, certSerialId: null}, Type:RATIS, Factor:ONE, State:OPEN]
2019-07-14 16:17:43,519 INFO  node.SCMNodeManager (SCMNodeManager.java:register(269)) - Registered Data node : 87d50328-7ac1-415d-bb41-23cea3be7e2b{ip: 192.168.69.77, host: pr-hdds-1710-5x6jb-1204890111, networkLocation: /default-rack, certSerialId: null}
2019-07-14 16:17:43,536 INFO  impl.RaftServerProxy (RaftServerProxy.java:addNew(89)) - 87d50328-7ac1-415d-bb41-23cea3be7e2b: addNew group-69E960AE3234:[87d50328-7ac1-415d-bb41-23cea3be7e2b:192.168.69.77:45202] returns group-69E960AE3234:java.util.concurrent.CompletableFuture@79168612[Not completed]
2019-07-14 16:17:43,537 INFO  impl.RaftServerImpl (RaftServerImpl.java:<init>(93)) - 87d50328-7ac1-415d-bb41-23cea3be7e2b: new RaftServerImpl for group-69E960AE3234:[87d50328-7ac1-415d-bb41-23cea3be7e2b:192.168.69.77:45202] with ContainerStateMachine:uninitialized
2019-07-14 16:17:43,537 INFO  server.RaftServerConfigKeys (ConfUtils.java:logGet(43)) - raft.server.rpc.timeout.min = 5s (custom)
2019-07-14 16:17:43,537 INFO  server.RaftServerConfigKeys (ConfUtils.java:logGet(43)) - raft.server.rpc.timeout.max = 5200ms (custom)
2019-07-14 16:17:43,537 INFO  server.RaftServerConfigKeys (ConfUtils.java:logGet(43)) - raft.server.rpcslowness.timeout = 120s (custom)
2019-07-14 16:17:43,537 INFO  server.RaftServerConfigKeys (ConfUtils.java:logGet(43)) - raft.server.sleep.deviation.threshold = 300 (default)
2019-07-14 16:17:43,537 INFO  server.RaftServerConfigKeys (ConfUtils.java:logGet(43)) - raft.server.log.appender.install.snapshot.enabled = false (custom)
2019-07-14 16:17:43,538 INFO  impl.RaftServerImpl (ServerState.java:<init>(105)) - 87d50328-7ac1-415d-bb41-23cea3be7e2b:group-69E960AE3234 ConfigurationManager, init=-1: [87d50328-7ac1-415d-bb41-23cea3be7e2b:192.168.69.77:45202], old=null, confs=<EMPTY_MAP>
2019-07-14 16:17:43,538 INFO  server.RaftServerConfigKeys (ConfUtils.java:logGet(43)) - raft.server.storage.dir = [/workdir/hadoop-ozone/integration-test/target/test-dir/MiniOzoneClusterImpl-a42058f9-0926-4627-ba37-da9acccbcb73/datanode-2/data/ratis] (custom)
2019-07-14 16:17:43,538 INFO  storage.RaftStorageDirectory (RaftStorageDirectory.java:analyzeStorage(246)) - The storage directory /workdir/hadoop-ozone/integration-test/target/test-dir/MiniOzoneClusterImpl-a42058f9-0926-4627-ba37-da9acccbcb73/datanode-2/data/ratis/5f5d2fef-2c8c-4d66-a2a5-69e960ae3234 does not exist. Creating ...
2019-07-14 16:17:43,551 INFO  storage.RaftStorageDirectory (RaftStorageDirectory.java:tryLock(328)) - Lock on /workdir/hadoop-ozone/integration-test/target/test-dir/MiniOzoneClusterImpl-a42058f9-0926-4627-ba37-da9acccbcb73/datanode-2/data/ratis/5f5d2fef-2c8c-4d66-a2a5-69e960ae3234/in_use.lock acquired by nodename 762@pr-hdds-1710-5x6jb-1204890111
2019-07-14 16:17:43,565 INFO  storage.RaftStorage (RaftStorage.java:format(72)) - Storage directory /workdir/hadoop-ozone/integration-test/target/test-dir/MiniOzoneClusterImpl-a42058f9-0926-4627-ba37-da9acccbcb73/datanode-2/data/ratis/5f5d2fef-2c8c-4d66-a2a5-69e960ae3234 has been successfully formatted.
2019-07-14 16:17:43,565 INFO  ratis.ContainerStateMachine (ContainerStateMachine.java:loadSnapshot(200)) - The snapshot info is null.Setting the last applied index to:(t:0, i:~)
2019-07-14 16:17:43,565 INFO  server.RaftServerConfigKeys (ConfUtils.java:logGet(43)) - raft.server.leader.election.timeout = 120s (custom)
2019-07-14 16:17:43,565 INFO  server.RaftServerConfigKeys (ConfUtils.java:logGet(43)) - raft.server.log.use.memory = false (default)
2019-07-14 16:17:43,565 INFO  server.RaftServerConfigKeys (ConfUtils.java:logGet(43)) - raft.server.log.purge.gap = 1000000000 (custom)
2019-07-14 16:17:43,565 INFO  server.RaftServerConfigKeys (ConfUtils.java:logGet(43)) - raft.server.log.appender.buffer.byte-limit = 33554432 (custom)
2019-07-14 16:17:43,566 INFO  server.RaftServerConfigKeys (ConfUtils.java:logGet(43)) - raft.server.log.segment.size.max = 1048576 (custom)
2019-07-14 16:17:43,566 INFO  server.RaftServerConfigKeys (ConfUtils.java:logGet(43)) - raft.server.log.segment.cache.num.max = 2 (custom)
2019-07-14 16:17:43,566 INFO  segmented.SegmentedRaftLogWorker (SegmentedRaftLogWorker.java:<init>(172)) - new 87d50328-7ac1-415d-bb41-23cea3be7e2b-SegmentedRaftLogWorker:Storage Directory /workdir/hadoop-ozone/integration-test/target/test-dir/MiniOzoneClusterImpl-a42058f9-0926-4627-ba37-da9acccbcb73/datanode-2/data/ratis/5f5d2fef-2c8c-4d66-a2a5-69e960ae3234 for RaftStorage:Storage Directory /workdir/hadoop-ozone/integration-test/target/test-dir/MiniOzoneClusterImpl-a42058f9-0926-4627-ba37-da9acccbcb73/datanode-2/data/ratis/5f5d2fef-2c8c-4d66-a2a5-69e960ae3234
2019-07-14 16:17:43,566 INFO  server.RaftServerConfigKeys (ConfUtils.java:logGet(43)) - raft.server.log.queue.byte-limit = 2147483647 (custom)
2019-07-14 16:17:43,566 INFO  server.RaftServerConfigKeys (ConfUtils.java:logGet(43)) - raft.server.log.queue.element-limit = 1024 (custom)
2019-07-14 16:17:43,567 INFO  server.RaftServerConfigKeys (ConfUtils.java:logGet(43)) - raft.server.log.segment.size.max = 1048576 (custom)
2019-07-14 16:17:43,567 INFO  server.RaftServerConfigKeys (ConfUtils.java:logGet(43)) - raft.server.log.preallocated.size = 16384 (custom)
2019-07-14 16:17:43,567 INFO  server.RaftServerConfigKeys (ConfUtils.java:logGet(43)) - raft.server.log.write.buffer.size = 33554432 (custom)
2019-07-14 16:17:43,567 INFO  server.RaftServerConfigKeys (ConfUtils.java:logGet(43)) - raft.server.log.force.sync.num = 128 (default)
2019-07-14 16:17:43,567 INFO  server.RaftServerConfigKeys (ConfUtils.java:logGet(43)) - raft.server.log.statemachine.data.sync = true (default)
2019-07-14 16:17:43,567 INFO  server.RaftServerConfigKeys (ConfUtils.java:logGet(43)) - raft.server.log.statemachine.data.sync.timeout = 10s (default)
2019-07-14 16:17:43,567 INFO  server.RaftServerConfigKeys (ConfUtils.java:logGet(43)) - raft.server.log.statemachine.data.sync.timeout.retry = -1 (default)
2019-07-14 16:17:43,568 INFO  server.RaftServerConfigKeys (ConfUtils.java:logGet(43)) - raft.server.log.statemachine.data.caching.enabled = true (custom)
2019-07-14 16:17:43,568 INFO  segmented.SegmentedRaftLogWorker (SegmentedRaftLogWorker.java:lambda$new$0(132)) - 87d50328-7ac1-415d-bb41-23cea3be7e2b-SegmentedRaftLogWorker:Storage Directory /workdir/hadoop-ozone/integration-test/target/test-dir/MiniOzoneClusterImpl-a42058f9-0926-4627-ba37-da9acccbcb73/datanode-2/data/ratis/5f5d2fef-2c8c-4d66-a2a5-69e960ae3234: flushIndex: setUnconditionally 0 -> -1
2019-07-14 16:17:43,568 INFO  server.RaftServerConfigKeys (ConfUtils.java:logGet(43)) - raft.server.snapshot.auto.trigger.enabled = true (custom)
2019-07-14 16:17:43,569 INFO  server.RaftServerConfigKeys (ConfUtils.java:logGet(43)) - raft.server.snapshot.auto.trigger.threshold = 10000 (custom)
2019-07-14 16:17:43,569 INFO  server.RaftServerConfigKeys (ConfUtils.java:logGet(43)) - raft.server.retrycache.expirytime = 600000ms (custom)
2019-07-14 16:17:43,569 INFO  impl.RaftServerImpl (RaftServerImpl.java:start(180)) - 87d50328-7ac1-415d-bb41-23cea3be7e2b: start group-69E960AE3234
2019-07-14 16:17:43,569 INFO  impl.RaftServerImpl (RaftServerImpl.java:setRole(171)) - 87d50328-7ac1-415d-bb41-23cea3be7e2b:group-69E960AE3234 changes role from null to FOLLOWER at term 0 for startAsFollower
2019-07-14 16:17:43,569 INFO  impl.RoleInfo (RoleInfo.java:updateAndGet(143)) - 87d50328-7ac1-415d-bb41-23cea3be7e2b: start FollowerState
2019-07-14 16:17:43,570 INFO  util.JmxRegister (JmxRegister.java:tryRegister(44)) - Successfully registered JMX Bean with object name Ratis:service=RaftServer,group=group-69E960AE3234,id=87d50328-7ac1-415d-bb41-23cea3be7e2b
2019-07-14 16:17:43,572 INFO  pipeline.PipelineStateManager (PipelineStateManager.java:addPipeline(56)) - Created pipeline Pipeline[ Id: 5f5d2fef-2c8c-4d66-a2a5-69e960ae3234, Nodes: 87d50328-7ac1-415d-bb41-23cea3be7e2b{ip: 192.168.69.77, host: pr-hdds-1710-5x6jb-1204890111, networkLocation: /default-rack, certSerialId: null}, Type:RATIS, Factor:ONE, State:OPEN]
2019-07-14 16:17:43,643 INFO  impl.RaftServerProxy (RaftServerProxy.java:addNew(89)) - 87d50328-7ac1-415d-bb41-23cea3be7e2b: addNew group-FF713E887384:[58e1bc26-88f4-4d48-ab6d-7461377ebc32:192.168.69.77:41122, d7574934-53ba-489d-8caa-ad6ea7b6c729:192.168.69.77:39060, 87d50328-7ac1-415d-bb41-23cea3be7e2b:192.168.69.77:45202] returns group-FF713E887384:java.util.concurrent.CompletableFuture@484664cf[Not completed]
2019-07-14 16:17:43,643 INFO  impl.RaftServerProxy (RaftServerProxy.java:addNew(89)) - 58e1bc26-88f4-4d48-ab6d-7461377ebc32: addNew group-FF713E887384:[58e1bc26-88f4-4d48-ab6d-7461377ebc32:192.168.69.77:41122, d7574934-53ba-489d-8caa-ad6ea7b6c729:192.168.69.77:39060, 87d50328-7ac1-415d-bb41-23cea3be7e2b:192.168.69.77:45202] returns group-FF713E887384:java.util.concurrent.CompletableFuture@5f90a9e8[Not completed]
2019-07-14 16:17:43,643 INFO  impl.RaftServerProxy (RaftServerProxy.java:addNew(89)) - d7574934-53ba-489d-8caa-ad6ea7b6c729: addNew group-FF713E887384:[58e1bc26-88f4-4d48-ab6d-7461377ebc32:192.168.69.77:41122, d7574934-53ba-489d-8caa-ad6ea7b6c729:192.168.69.77:39060, 87d50328-7ac1-415d-bb41-23cea3be7e2b:192.168.69.77:45202] returns group-FF713E887384:java.util.concurrent.CompletableFuture@1b82dcfb[Not completed]
2019-07-14 16:17:43,644 INFO  impl.RaftServerImpl (RaftServerImpl.java:<init>(93)) - 58e1bc26-88f4-4d48-ab6d-7461377ebc32: new RaftServerImpl for group-FF713E887384:[58e1bc26-88f4-4d48-ab6d-7461377ebc32:192.168.69.77:41122, d7574934-53ba-489d-8caa-ad6ea7b6c729:192.168.69.77:39060, 87d50328-7ac1-415d-bb41-23cea3be7e2b:192.168.69.77:45202] with ContainerStateMachine:uninitialized
2019-07-14 16:17:43,644 INFO  server.RaftServerConfigKeys (ConfUtils.java:logGet(43)) - raft.server.rpc.timeout.min = 5s (custom)
2019-07-14 16:17:43,644 INFO  server.RaftServerConfigKeys (ConfUtils.java:logGet(43)) - raft.server.rpc.timeout.max = 5200ms (custom)
2019-07-14 16:17:43,644 INFO  server.RaftServerConfigKeys (ConfUtils.java:logGet(43)) - raft.server.rpcslowness.timeout = 120s (custom)
2019-07-14 16:17:43,644 INFO  impl.RaftServerImpl (RaftServerImpl.java:<init>(93)) - 87d50328-7ac1-415d-bb41-23cea3be7e2b: new RaftServerImpl for group-FF713E887384:[58e1bc26-88f4-4d48-ab6d-7461377ebc32:192.168.69.77:41122, d7574934-53ba-489d-8caa-ad6ea7b6c729:192.168.69.77:39060, 87d50328-7ac1-415d-bb41-23cea3be7e2b:192.168.69.77:45202] with ContainerStateMachine:uninitialized
2019-07-14 16:17:43,644 INFO  server.RaftServerConfigKeys (ConfUtils.java:logGet(43)) - raft.server.sleep.deviation.threshold = 300 (default)
2019-07-14 16:17:43,645 INFO  server.RaftServerConfigKeys (ConfUtils.java:logGet(43)) - raft.server.rpc.timeout.min = 5s (custom)
2019-07-14 16:17:43,645 INFO  impl.RaftServerImpl (RaftServerImpl.java:<init>(93)) - d7574934-53ba-489d-8caa-ad6ea7b6c729: new RaftServerImpl for group-FF713E887384:[58e1bc26-88f4-4d48-ab6d-7461377ebc32:192.168.69.77:41122, d7574934-53ba-489d-8caa-ad6ea7b6c729:192.168.69.77:39060, 87d50328-7ac1-415d-bb41-23cea3be7e2b:192.168.69.77:45202] with ContainerStateMachine:uninitialized
2019-07-14 16:17:43,645 INFO  server.RaftServerConfigKeys (ConfUtils.java:logGet(43)) - raft.server.log.appender.install.snapshot.enabled = false (custom)
2019-07-14 16:17:43,645 INFO  server.RaftServerConfigKeys (ConfUtils.java:logGet(43)) - raft.server.rpc.timeout.min = 5s (custom)
2019-07-14 16:17:43,645 INFO  server.RaftServerConfigKeys (ConfUtils.java:logGet(43)) - raft.server.rpc.timeout.max = 5200ms (custom)
2019-07-14 16:17:43,645 INFO  server.RaftServerConfigKeys (ConfUtils.java:logGet(43)) - raft.server.rpc.timeout.max = 5200ms (custom)
2019-07-14 16:17:43,645 INFO  impl.RaftServerImpl (ServerState.java:<init>(105)) - 58e1bc26-88f4-4d48-ab6d-7461377ebc32:group-FF713E887384 ConfigurationManager, init=-1: [58e1bc26-88f4-4d48-ab6d-7461377ebc32:192.168.69.77:41122, d7574934-53ba-489d-8caa-ad6ea7b6c729:192.168.69.77:39060, 87d50328-7ac1-415d-bb41-23cea3be7e2b:192.168.69.77:45202], old=null, confs=<EMPTY_MAP>
2019-07-14 16:17:43,646 INFO  server.RaftServerConfigKeys (ConfUtils.java:logGet(43)) - raft.server.rpcslowness.timeout = 120s (custom)
2019-07-14 16:17:43,646 INFO  server.RaftServerConfigKeys (ConfUtils.java:logGet(43)) - raft.server.sleep.deviation.threshold = 300 (default)
2019-07-14 16:17:43,645 INFO  server.RaftServerConfigKeys (ConfUtils.java:logGet(43)) - raft.server.rpcslowness.timeout = 120s (custom)
2019-07-14 16:17:43,646 INFO  server.RaftServerConfigKeys (ConfUtils.java:logGet(43)) - raft.server.log.appender.install.snapshot.enabled = false (custom)
2019-07-14 16:17:43,646 INFO  server.RaftServerConfigKeys (ConfUtils.java:logGet(43)) - raft.server.storage.dir = [/workdir/hadoop-ozone/integration-test/target/test-dir/MiniOzoneClusterImpl-a42058f9-0926-4627-ba37-da9acccbcb73/datanode-0/data/ratis] (custom)
2019-07-14 16:17:43,646 INFO  impl.RaftServerImpl (ServerState.java:<init>(105)) - d7574934-53ba-489d-8caa-ad6ea7b6c729:group-FF713E887384 ConfigurationManager, init=-1: [58e1bc26-88f4-4d48-ab6d-7461377ebc32:192.168.69.77:41122, d7574934-53ba-489d-8caa-ad6ea7b6c729:192.168.69.77:39060, 87d50328-7ac1-415d-bb41-23cea3be7e2b:192.168.69.77:45202], old=null, confs=<EMPTY_MAP>
2019-07-14 16:17:43,646 INFO  server.RaftServerConfigKeys (ConfUtils.java:logGet(43)) - raft.server.sleep.deviation.threshold = 300 (default)
2019-07-14 16:17:43,647 INFO  storage.RaftStorageDirectory (RaftStorageDirectory.java:analyzeStorage(246)) - The storage directory /workdir/hadoop-ozone/integration-test/target/test-dir/MiniOzoneClusterImpl-a42058f9-0926-4627-ba37-da9acccbcb73/datanode-0/data/ratis/c9fece4a-923f-40c6-a857-ff713e887384 does not exist. Creating ...
2019-07-14 16:17:43,647 INFO  server.RaftServerConfigKeys (ConfUtils.java:logGet(43)) - raft.server.storage.dir = [/workdir/hadoop-ozone/integration-test/target/test-dir/MiniOzoneClusterImpl-a42058f9-0926-4627-ba37-da9acccbcb73/datanode-1/data/ratis] (custom)
2019-07-14 16:17:43,647 INFO  server.RaftServerConfigKeys (ConfUtils.java:logGet(43)) - raft.server.log.appender.install.snapshot.enabled = false (custom)
2019-07-14 16:17:43,647 INFO  impl.RaftServerImpl (ServerState.java:<init>(105)) - 87d50328-7ac1-415d-bb41-23cea3be7e2b:group-FF713E887384 ConfigurationManager, init=-1: [58e1bc26-88f4-4d48-ab6d-7461377ebc32:192.168.69.77:41122, d7574934-53ba-489d-8caa-ad6ea7b6c729:192.168.69.77:39060, 87d50328-7ac1-415d-bb41-23cea3be7e2b:192.168.69.77:45202], old=null, confs=<EMPTY_MAP>
2019-07-14 16:17:43,647 INFO  storage.RaftStorageDirectory (RaftStorageDirectory.java:analyzeStorage(246)) - The storage directory /workdir/hadoop-ozone/integration-test/target/test-dir/MiniOzoneClusterImpl-a42058f9-0926-4627-ba37-da9acccbcb73/datanode-1/data/ratis/c9fece4a-923f-40c6-a857-ff713e887384 does not exist. Creating ...
2019-07-14 16:17:43,648 INFO  server.RaftServerConfigKeys (ConfUtils.java:logGet(43)) - raft.server.storage.dir = [/workdir/hadoop-ozone/integration-test/target/test-dir/MiniOzoneClusterImpl-a42058f9-0926-4627-ba37-da9acccbcb73/datanode-2/data/ratis] (custom)
2019-07-14 16:17:43,648 INFO  storage.RaftStorageDirectory (RaftStorageDirectory.java:analyzeStorage(246)) - The storage directory /workdir/hadoop-ozone/integration-test/target/test-dir/MiniOzoneClusterImpl-a42058f9-0926-4627-ba37-da9acccbcb73/datanode-2/data/ratis/c9fece4a-923f-40c6-a857-ff713e887384 does not exist. Creating ...
2019-07-14 16:17:43,660 INFO  storage.RaftStorageDirectory (RaftStorageDirectory.java:tryLock(328)) - Lock on /workdir/hadoop-ozone/integration-test/target/test-dir/MiniOzoneClusterImpl-a42058f9-0926-4627-ba37-da9acccbcb73/datanode-1/data/ratis/c9fece4a-923f-40c6-a857-ff713e887384/in_use.lock acquired by nodename 762@pr-hdds-1710-5x6jb-1204890111
2019-07-14 16:17:43,660 INFO  storage.RaftStorageDirectory (RaftStorageDirectory.java:tryLock(328)) - Lock on /workdir/hadoop-ozone/integration-test/target/test-dir/MiniOzoneClusterImpl-a42058f9-0926-4627-ba37-da9acccbcb73/datanode-0/data/ratis/c9fece4a-923f-40c6-a857-ff713e887384/in_use.lock acquired by nodename 762@pr-hdds-1710-5x6jb-1204890111
2019-07-14 16:17:43,660 INFO  storage.RaftStorageDirectory (RaftStorageDirectory.java:tryLock(328)) - Lock on /workdir/hadoop-ozone/integration-test/target/test-dir/MiniOzoneClusterImpl-a42058f9-0926-4627-ba37-da9acccbcb73/datanode-2/data/ratis/c9fece4a-923f-40c6-a857-ff713e887384/in_use.lock acquired by nodename 762@pr-hdds-1710-5x6jb-1204890111
2019-07-14 16:17:43,674 INFO  storage.RaftStorage (RaftStorage.java:format(72)) - Storage directory /workdir/hadoop-ozone/integration-test/target/test-dir/MiniOzoneClusterImpl-a42058f9-0926-4627-ba37-da9acccbcb73/datanode-0/data/ratis/c9fece4a-923f-40c6-a857-ff713e887384 has been successfully formatted.
2019-07-14 16:17:43,674 INFO  storage.RaftStorage (RaftStorage.java:format(72)) - Storage directory /workdir/hadoop-ozone/integration-test/target/test-dir/MiniOzoneClusterImpl-a42058f9-0926-4627-ba37-da9acccbcb73/datanode-1/data/ratis/c9fece4a-923f-40c6-a857-ff713e887384 has been successfully formatted.
2019-07-14 16:17:43,674 INFO  storage.RaftStorage (RaftStorage.java:format(72)) - Storage directory /workdir/hadoop-ozone/integration-test/target/test-dir/MiniOzoneClusterImpl-a42058f9-0926-4627-ba37-da9acccbcb73/datanode-2/data/ratis/c9fece4a-923f-40c6-a857-ff713e887384 has been successfully formatted.
2019-07-14 16:17:43,674 INFO  ratis.ContainerStateMachine (ContainerStateMachine.java:loadSnapshot(200)) - The snapshot info is null.Setting the last applied index to:(t:0, i:~)
2019-07-14 16:17:43,675 INFO  ratis.ContainerStateMachine (ContainerStateMachine.java:loadSnapshot(200)) - The snapshot info is null.Setting the last applied index to:(t:0, i:~)
2019-07-14 16:17:43,674 INFO  ratis.ContainerStateMachine (ContainerStateMachine.java:loadSnapshot(200)) - The snapshot info is null.Setting the last applied index to:(t:0, i:~)
2019-07-14 16:17:43,675 INFO  server.RaftServerConfigKeys (ConfUtils.java:logGet(43)) - raft.server.leader.election.timeout = 120s (custom)
2019-07-14 16:17:43,675 INFO  server.RaftServerConfigKeys (ConfUtils.java:logGet(43)) - raft.server.log.use.memory = false (default)
2019-07-14 16:17:43,675 INFO  server.RaftServerConfigKeys (ConfUtils.java:logGet(43)) - raft.server.leader.election.timeout = 120s (custom)
2019-07-14 16:17:43,676 INFO  server.RaftServerConfigKeys (ConfUtils.java:logGet(43)) - raft.server.log.use.memory = false (default)
2019-07-14 16:17:43,675 INFO  ozone.MiniOzoneClusterImpl (MiniOzoneClusterImpl.java:lambda$waitForClusterToBeReady$0(142)) - Waiting for cluster to be ready. Got 3 of 6 DN Heartbeats.
2019-07-14 16:17:43,676 INFO  server.RaftServerConfigKeys (ConfUtils.java:logGet(43)) - raft.server.log.purge.gap = 1000000000 (custom)
2019-07-14 16:17:43,676 INFO  server.RaftServerConfigKeys (ConfUtils.java:logGet(43)) - raft.server.log.appender.buffer.byte-limit = 33554432 (custom)
2019-07-14 16:17:43,675 INFO  server.RaftServerConfigKeys (ConfUtils.java:logGet(43)) - raft.server.log.purge.gap = 1000000000 (custom)
2019-07-14 16:17:43,675 INFO  server.RaftServerConfigKeys (ConfUtils.java:logGet(43)) - raft.server.leader.election.timeout = 120s (custom)
2019-07-14 16:17:43,677 INFO  server.RaftServerConfigKeys (ConfUtils.java:logGet(43)) - raft.server.log.appender.buffer.byte-limit = 33554432 (custom)
2019-07-14 16:17:43,677 INFO  server.RaftServerConfigKeys (ConfUtils.java:logGet(43)) - raft.server.log.segment.size.max = 1048576 (custom)
2019-07-14 16:17:43,677 INFO  server.RaftServerConfigKeys (ConfUtils.java:logGet(43)) - raft.server.log.segment.size.max = 1048576 (custom)
2019-07-14 16:17:43,677 INFO  server.RaftServerConfigKeys (ConfUtils.java:logGet(43)) - raft.server.log.use.memory = false (default)
2019-07-14 16:17:43,678 INFO  server.RaftServerConfigKeys (ConfUtils.java:logGet(43)) - raft.server.log.segment.cache.num.max = 2 (custom)
2019-07-14 16:17:43,677 INFO  server.RaftServerConfigKeys (ConfUtils.java:logGet(43)) - raft.server.log.segment.cache.num.max = 2 (custom)
2019-07-14 16:17:43,678 INFO  segmented.SegmentedRaftLogWorker (SegmentedRaftLogWorker.java:<init>(172)) - new 87d50328-7ac1-415d-bb41-23cea3be7e2b-SegmentedRaftLogWorker:Storage Directory /workdir/hadoop-ozone/integration-test/target/test-dir/MiniOzoneClusterImpl-a42058f9-0926-4627-ba37-da9acccbcb73/datanode-2/data/ratis/c9fece4a-923f-40c6-a857-ff713e887384 for RaftStorage:Storage Directory /workdir/hadoop-ozone/integration-test/target/test-dir/MiniOzoneClusterImpl-a42058f9-0926-4627-ba37-da9acccbcb73/datanode-2/data/ratis/c9fece4a-923f-40c6-a857-ff713e887384
2019-07-14 16:17:43,678 INFO  server.RaftServerConfigKeys (ConfUtils.java:logGet(43)) - raft.server.log.purge.gap = 1000000000 (custom)
2019-07-14 16:17:43,678 INFO  server.RaftServerConfigKeys (ConfUtils.java:logGet(43)) - raft.server.log.queue.byte-limit = 2147483647 (custom)
2019-07-14 16:17:43,678 INFO  segmented.SegmentedRaftLogWorker (SegmentedRaftLogWorker.java:<init>(172)) - new d7574934-53ba-489d-8caa-ad6ea7b6c729-SegmentedRaftLogWorker:Storage Directory /workdir/hadoop-ozone/integration-test/target/test-dir/MiniOzoneClusterImpl-a42058f9-0926-4627-ba37-da9acccbcb73/datanode-1/data/ratis/c9fece4a-923f-40c6-a857-ff713e887384 for RaftStorage:Storage Directory /workdir/hadoop-ozone/integration-test/target/test-dir/MiniOzoneClusterImpl-a42058f9-0926-4627-ba37-da9acccbcb73/datanode-1/data/ratis/c9fece4a-923f-40c6-a857-ff713e887384
2019-07-14 16:17:43,679 INFO  server.RaftServerConfigKeys (ConfUtils.java:logGet(43)) - raft.server.log.queue.element-limit = 1024 (custom)
2019-07-14 16:17:43,678 INFO  server.RaftServerConfigKeys (ConfUtils.java:logGet(43)) - raft.server.log.appender.buffer.byte-limit = 33554432 (custom)
2019-07-14 16:17:43,679 INFO  server.RaftServerConfigKeys (ConfUtils.java:logGet(43)) - raft.server.log.segment.size.max = 1048576 (custom)
2019-07-14 16:17:43,679 INFO  server.RaftServerConfigKeys (ConfUtils.java:logGet(43)) - raft.server.log.preallocated.size = 16384 (custom)
2019-07-14 16:17:43,679 INFO  server.RaftServerConfigKeys (ConfUtils.java:logGet(43)) - raft.server.log.queue.byte-limit = 2147483647 (custom)
2019-07-14 16:17:43,679 INFO  server.RaftServerConfigKeys (ConfUtils.java:logGet(43)) - raft.server.log.write.buffer.size = 33554432 (custom)
2019-07-14 16:17:43,680 INFO  server.RaftServerConfigKeys (ConfUtils.java:logGet(43)) - raft.server.log.force.sync.num = 128 (default)
2019-07-14 16:17:43,679 INFO  server.RaftServerConfigKeys (ConfUtils.java:logGet(43)) - raft.server.log.segment.size.max = 1048576 (custom)
2019-07-14 16:17:43,680 INFO  server.RaftServerConfigKeys (ConfUtils.java:logGet(43)) - raft.server.log.statemachine.data.sync = true (default)
2019-07-14 16:17:43,680 INFO  server.RaftServerConfigKeys (ConfUtils.java:logGet(43)) - raft.server.log.statemachine.data.sync.timeout = 10s (default)
2019-07-14 16:17:43,680 INFO  server.RaftServerConfigKeys (ConfUtils.java:logGet(43)) - raft.server.log.queue.element-limit = 1024 (custom)
2019-07-14 16:17:43,681 INFO  server.RaftServerConfigKeys (ConfUtils.java:logGet(43)) - raft.server.log.statemachine.data.sync.timeout.retry = -1 (default)
2019-07-14 16:17:43,680 INFO  server.RaftServerConfigKeys (ConfUtils.java:logGet(43)) - raft.server.log.segment.cache.num.max = 2 (custom)
2019-07-14 16:17:43,681 INFO  server.RaftServerConfigKeys (ConfUtils.java:logGet(43)) - raft.server.log.statemachine.data.caching.enabled = true (custom)
2019-07-14 16:17:43,681 INFO  server.RaftServerConfigKeys (ConfUtils.java:logGet(43)) - raft.server.log.segment.size.max = 1048576 (custom)
2019-07-14 16:17:43,682 INFO  segmented.SegmentedRaftLogWorker (SegmentedRaftLogWorker.java:lambda$new$0(132)) - 87d50328-7ac1-415d-bb41-23cea3be7e2b-SegmentedRaftLogWorker:Storage Directory /workdir/hadoop-ozone/integration-test/target/test-dir/MiniOzoneClusterImpl-a42058f9-0926-4627-ba37-da9acccbcb73/datanode-2/data/ratis/c9fece4a-923f-40c6-a857-ff713e887384: flushIndex: setUnconditionally 0 -> -1
2019-07-14 16:17:43,681 INFO  segmented.SegmentedRaftLogWorker (SegmentedRaftLogWorker.java:<init>(172)) - new 58e1bc26-88f4-4d48-ab6d-7461377ebc32-SegmentedRaftLogWorker:Storage Directory /workdir/hadoop-ozone/integration-test/target/test-dir/MiniOzoneClusterImpl-a42058f9-0926-4627-ba37-da9acccbcb73/datanode-0/data/ratis/c9fece4a-923f-40c6-a857-ff713e887384 for RaftStorage:Storage Directory /workdir/hadoop-ozone/integration-test/target/test-dir/MiniOzoneClusterImpl-a42058f9-0926-4627-ba37-da9acccbcb73/datanode-0/data/ratis/c9fece4a-923f-40c6-a857-ff713e887384
2019-07-14 16:17:43,682 INFO  server.RaftServerConfigKeys (ConfUtils.java:logGet(43)) - raft.server.log.preallocated.size = 16384 (custom)
2019-07-14 16:17:43,682 INFO  server.RaftServerConfigKeys (ConfUtils.java:logGet(43)) - raft.server.snapshot.auto.trigger.enabled = true (custom)
2019-07-14 16:17:43,682 INFO  server.RaftServerConfigKeys (ConfUtils.java:logGet(43)) - raft.server.log.queue.byte-limit = 2147483647 (custom)
2019-07-14 16:17:43,682 INFO  server.RaftServerConfigKeys (ConfUtils.java:logGet(43)) - raft.server.snapshot.auto.trigger.threshold = 10000 (custom)
2019-07-14 16:17:43,682 INFO  server.RaftServerConfigKeys (ConfUtils.java:logGet(43)) - raft.server.log.write.buffer.size = 33554432 (custom)
2019-07-14 16:17:43,683 INFO  server.RaftServerConfigKeys (ConfUtils.java:logGet(43)) - raft.server.retrycache.expirytime = 600000ms (custom)
2019-07-14 16:17:43,683 INFO  server.RaftServerConfigKeys (ConfUtils.java:logGet(43)) - raft.server.log.queue.element-limit = 1024 (custom)
2019-07-14 16:17:43,683 INFO  impl.RaftServerImpl (RaftServerImpl.java:start(180)) - 87d50328-7ac1-415d-bb41-23cea3be7e2b: start group-FF713E887384
2019-07-14 16:17:43,683 INFO  server.RaftServerConfigKeys (ConfUtils.java:logGet(43)) - raft.server.log.force.sync.num = 128 (default)
2019-07-14 16:17:43,683 INFO  impl.RaftServerImpl (RaftServerImpl.java:setRole(171)) - 87d50328-7ac1-415d-bb41-23cea3be7e2b:group-FF713E887384 changes role from null to FOLLOWER at term 0 for startAsFollower
2019-07-14 16:17:43,683 INFO  server.RaftServerConfigKeys (ConfUtils.java:logGet(43)) - raft.server.log.segment.size.max = 1048576 (custom)
2019-07-14 16:17:43,684 INFO  impl.RoleInfo (RoleInfo.java:updateAndGet(143)) - 87d50328-7ac1-415d-bb41-23cea3be7e2b: start FollowerState
2019-07-14 16:17:43,684 INFO  server.RaftServerConfigKeys (ConfUtils.java:logGet(43)) - raft.server.log.statemachine.data.sync = true (default)
2019-07-14 16:17:43,684 INFO  server.RaftServerConfigKeys (ConfUtils.java:logGet(43)) - raft.server.log.preallocated.size = 16384 (custom)
2019-07-14 16:17:43,685 INFO  util.JmxRegister (JmxRegister.java:tryRegister(44)) - Successfully registered JMX Bean with object name Ratis:service=RaftServer,group=group-FF713E887384,id=87d50328-7ac1-415d-bb41-23cea3be7e2b
2019-07-14 16:17:43,684 INFO  server.RaftServerConfigKeys (ConfUtils.java:logGet(43)) - raft.server.log.statemachine.data.sync.timeout = 10s (default)
2019-07-14 16:17:43,685 INFO  server.RaftServerConfigKeys (ConfUtils.java:logGet(43)) - raft.server.log.write.buffer.size = 33554432 (custom)
2019-07-14 16:17:43,685 INFO  server.RaftServerConfigKeys (ConfUtils.java:logGet(43)) - raft.server.log.statemachine.data.sync.timeout.retry = -1 (default)
2019-07-14 16:17:43,685 INFO  server.RaftServerConfigKeys (ConfUtils.java:logGet(43)) - raft.server.log.force.sync.num = 128 (default)
2019-07-14 16:17:43,685 INFO  server.RaftServerConfigKeys (ConfUtils.java:logGet(43)) - raft.server.log.statemachine.data.caching.enabled = true (custom)
2019-07-14 16:17:43,685 INFO  server.RaftServerConfigKeys (ConfUtils.java:logGet(43)) - raft.server.log.statemachine.data.sync = true (default)
2019-07-14 16:17:43,686 INFO  server.RaftServerConfigKeys (ConfUtils.java:logGet(43)) - raft.server.log.statemachine.data.sync.timeout = 10s (default)
2019-07-14 16:17:43,686 INFO  segmented.SegmentedRaftLogWorker (SegmentedRaftLogWorker.java:lambda$new$0(132)) - d7574934-53ba-489d-8caa-ad6ea7b6c729-SegmentedRaftLogWorker:Storage Directory /workdir/hadoop-ozone/integration-test/target/test-dir/MiniOzoneClusterImpl-a42058f9-0926-4627-ba37-da9acccbcb73/datanode-1/data/ratis/c9fece4a-923f-40c6-a857-ff713e887384: flushIndex: setUnconditionally 0 -> -1
2019-07-14 16:17:43,686 INFO  server.RaftServerConfigKeys (ConfUtils.java:logGet(43)) - raft.server.log.statemachine.data.sync.timeout.retry = -1 (default)
2019-07-14 16:17:43,686 INFO  server.RaftServerConfigKeys (ConfUtils.java:logGet(43)) - raft.server.snapshot.auto.trigger.enabled = true (custom)
2019-07-14 16:17:43,686 INFO  server.RaftServerConfigKeys (ConfUtils.java:logGet(43)) - raft.server.log.statemachine.data.caching.enabled = true (custom)
2019-07-14 16:17:43,686 INFO  server.RaftServerConfigKeys (ConfUtils.java:logGet(43)) - raft.server.snapshot.auto.trigger.threshold = 10000 (custom)
2019-07-14 16:17:43,687 INFO  server.RaftServerConfigKeys (ConfUtils.java:logGet(43)) - raft.server.retrycache.expirytime = 600000ms (custom)
2019-07-14 16:17:43,687 INFO  segmented.SegmentedRaftLogWorker (SegmentedRaftLogWorker.java:lambda$new$0(132)) - 58e1bc26-88f4-4d48-ab6d-7461377ebc32-SegmentedRaftLogWorker:Storage Directory /workdir/hadoop-ozone/integration-test/target/test-dir/MiniOzoneClusterImpl-a42058f9-0926-4627-ba37-da9acccbcb73/datanode-0/data/ratis/c9fece4a-923f-40c6-a857-ff713e887384: flushIndex: setUnconditionally 0 -> -1
2019-07-14 16:17:43,687 INFO  impl.RaftServerImpl (RaftServerImpl.java:start(180)) - d7574934-53ba-489d-8caa-ad6ea7b6c729: start group-FF713E887384
2019-07-14 16:17:43,687 INFO  impl.RaftServerImpl (RaftServerImpl.java:setRole(171)) - d7574934-53ba-489d-8caa-ad6ea7b6c729:group-FF713E887384 changes role from null to FOLLOWER at term 0 for startAsFollower
2019-07-14 16:17:43,687 INFO  server.RaftServerConfigKeys (ConfUtils.java:logGet(43)) - raft.server.snapshot.auto.trigger.enabled = true (custom)
2019-07-14 16:17:43,687 INFO  impl.RoleInfo (RoleInfo.java:updateAndGet(143)) - d7574934-53ba-489d-8caa-ad6ea7b6c729: start FollowerState
2019-07-14 16:17:43,687 INFO  server.RaftServerConfigKeys (ConfUtils.java:logGet(43)) - raft.server.snapshot.auto.trigger.threshold = 10000 (custom)
2019-07-14 16:17:43,688 INFO  server.RaftServerConfigKeys (ConfUtils.java:logGet(43)) - raft.server.retrycache.expirytime = 600000ms (custom)
2019-07-14 16:17:43,688 INFO  util.JmxRegister (JmxRegister.java:tryRegister(44)) - Successfully registered JMX Bean with object name Ratis:service=RaftServer,group=group-FF713E887384,id=d7574934-53ba-489d-8caa-ad6ea7b6c729
2019-07-14 16:17:43,688 INFO  impl.RaftServerImpl (RaftServerImpl.java:start(180)) - 58e1bc26-88f4-4d48-ab6d-7461377ebc32: start group-FF713E887384
2019-07-14 16:17:43,688 INFO  impl.RaftServerImpl (RaftServerImpl.java:setRole(171)) - 58e1bc26-88f4-4d48-ab6d-7461377ebc32:group-FF713E887384 changes role from null to FOLLOWER at term 0 for startAsFollower
2019-07-14 16:17:43,688 INFO  impl.RoleInfo (RoleInfo.java:updateAndGet(143)) - 58e1bc26-88f4-4d48-ab6d-7461377ebc32: start FollowerState
2019-07-14 16:17:43,689 INFO  util.JmxRegister (JmxRegister.java:tryRegister(44)) - Successfully registered JMX Bean with object name Ratis:service=RaftServer,group=group-FF713E887384,id=58e1bc26-88f4-4d48-ab6d-7461377ebc32
2019-07-14 16:17:43,691 INFO  pipeline.PipelineStateManager (PipelineStateManager.java:addPipeline(56)) - Created pipeline Pipeline[ Id: c9fece4a-923f-40c6-a857-ff713e887384, Nodes: 58e1bc26-88f4-4d48-ab6d-7461377ebc32{ip: 192.168.69.77, host: pr-hdds-1710-5x6jb-1204890111, networkLocation: /default-rack, certSerialId: null}87d50328-7ac1-415d-bb41-23cea3be7e2b{ip: 192.168.69.77, host: pr-hdds-1710-5x6jb-1204890111, networkLocation: /default-rack, certSerialId: null}d7574934-53ba-489d-8caa-ad6ea7b6c729{ip: 192.168.69.77, host: pr-hdds-1710-5x6jb-1204890111, networkLocation: /default-rack, certSerialId: null}, Type:RATIS, Factor:THREE, State:OPEN]
2019-07-14 16:17:44,020 WARN  server.GrpcLogAppender (LogUtils.java:warn(134)) - 5c3f8082-86fd-4ec8-83c5-19f28657242e->bde8c970-78a9-487e-beef-ecea974b9f52: Failed appendEntries: org.apache.ratis.thirdparty.io.grpc.StatusRuntimeException: UNAVAILABLE: io exception
2019-07-14 16:17:44,020 WARN  server.GrpcLogAppender (LogUtils.java:warn(134)) - 5c3f8082-86fd-4ec8-83c5-19f28657242e->c6caa481-fc39-4fa3-8faf-817af7fe412a: Failed appendEntries: org.apache.ratis.thirdparty.io.grpc.StatusRuntimeException: UNAVAILABLE: io exception
2019-07-14 16:17:44,031 INFO  impl.FollowerInfo (FollowerInfo.java:lambda$new$0(50)) - 5c3f8082-86fd-4ec8-83c5-19f28657242e->bde8c970-78a9-487e-beef-ecea974b9f52: nextIndex: updateUnconditionally 0 -> 0
2019-07-14 16:17:44,039 INFO  impl.FollowerInfo (FollowerInfo.java:lambda$new$0(50)) - 5c3f8082-86fd-4ec8-83c5-19f28657242e->c6caa481-fc39-4fa3-8faf-817af7fe412a: nextIndex: updateUnconditionally 0 -> 0
2019-07-14 16:17:44,150 INFO  node.SCMNodeManager (SCMNodeManager.java:register(269)) - Registered Data node : d70c80cc-b58f-497e-83d8-fc23ab4de561{ip: 192.168.69.77, host: pr-hdds-1710-5x6jb-1204890111, networkLocation: /default-rack, certSerialId: null}
2019-07-14 16:17:44,172 INFO  impl.RaftServerProxy (RaftServerProxy.java:addNew(89)) - d70c80cc-b58f-497e-83d8-fc23ab4de561: addNew group-44F4D000F934:[d70c80cc-b58f-497e-83d8-fc23ab4de561:192.168.69.77:42674] returns group-44F4D000F934:java.util.concurrent.CompletableFuture@589649ae[Not completed]
2019-07-14 16:17:44,174 INFO  impl.RaftServerImpl (RaftServerImpl.java:<init>(93)) - d70c80cc-b58f-497e-83d8-fc23ab4de561: new RaftServerImpl for group-44F4D000F934:[d70c80cc-b58f-497e-83d8-fc23ab4de561:192.168.69.77:42674] with ContainerStateMachine:uninitialized
2019-07-14 16:17:44,174 INFO  server.RaftServerConfigKeys (ConfUtils.java:logGet(43)) - raft.server.rpc.timeout.min = 5s (custom)
2019-07-14 16:17:44,174 INFO  server.RaftServerConfigKeys (ConfUtils.java:logGet(43)) - raft.server.rpc.timeout.max = 5200ms (custom)
2019-07-14 16:17:44,174 INFO  server.RaftServerConfigKeys (ConfUtils.java:logGet(43)) - raft.server.rpcslowness.timeout = 120s (custom)
2019-07-14 16:17:44,174 INFO  server.RaftServerConfigKeys (ConfUtils.java:logGet(43)) - raft.server.sleep.deviation.threshold = 300 (default)
2019-07-14 16:17:44,175 INFO  server.RaftServerConfigKeys (ConfUtils.java:logGet(43)) - raft.server.log.appender.install.snapshot.enabled = false (custom)
2019-07-14 16:17:44,175 INFO  impl.RaftServerImpl (ServerState.java:<init>(105)) - d70c80cc-b58f-497e-83d8-fc23ab4de561:group-44F4D000F934 ConfigurationManager, init=-1: [d70c80cc-b58f-497e-83d8-fc23ab4de561:192.168.69.77:42674], old=null, confs=<EMPTY_MAP>
2019-07-14 16:17:44,175 INFO  server.RaftServerConfigKeys (ConfUtils.java:logGet(43)) - raft.server.storage.dir = [/workdir/hadoop-ozone/integration-test/target/test-dir/MiniOzoneClusterImpl-a42058f9-0926-4627-ba37-da9acccbcb73/datanode-3/data/ratis] (custom)
2019-07-14 16:17:44,175 INFO  storage.RaftStorageDirectory (RaftStorageDirectory.java:analyzeStorage(246)) - The storage directory /workdir/hadoop-ozone/integration-test/target/test-dir/MiniOzoneClusterImpl-a42058f9-0926-4627-ba37-da9acccbcb73/datanode-3/data/ratis/69e2eda0-aa7a-47da-ae38-44f4d000f934 does not exist. Creating ...
2019-07-14 16:17:44,190 INFO  storage.RaftStorageDirectory (RaftStorageDirectory.java:tryLock(328)) - Lock on /workdir/hadoop-ozone/integration-test/target/test-dir/MiniOzoneClusterImpl-a42058f9-0926-4627-ba37-da9acccbcb73/datanode-3/data/ratis/69e2eda0-aa7a-47da-ae38-44f4d000f934/in_use.lock acquired by nodename 762@pr-hdds-1710-5x6jb-1204890111
2019-07-14 16:17:44,203 INFO  storage.RaftStorage (RaftStorage.java:format(72)) - Storage directory /workdir/hadoop-ozone/integration-test/target/test-dir/MiniOzoneClusterImpl-a42058f9-0926-4627-ba37-da9acccbcb73/datanode-3/data/ratis/69e2eda0-aa7a-47da-ae38-44f4d000f934 has been successfully formatted.
2019-07-14 16:17:44,203 INFO  ratis.ContainerStateMachine (ContainerStateMachine.java:loadSnapshot(200)) - The snapshot info is null.Setting the last applied index to:(t:0, i:~)
2019-07-14 16:17:44,204 INFO  server.RaftServerConfigKeys (ConfUtils.java:logGet(43)) - raft.server.leader.election.timeout = 120s (custom)
2019-07-14 16:17:44,204 INFO  server.RaftServerConfigKeys (ConfUtils.java:logGet(43)) - raft.server.log.use.memory = false (default)
2019-07-14 16:17:44,204 INFO  server.RaftServerConfigKeys (ConfUtils.java:logGet(43)) - raft.server.log.purge.gap = 1000000000 (custom)
2019-07-14 16:17:44,204 INFO  server.RaftServerConfigKeys (ConfUtils.java:logGet(43)) - raft.server.log.appender.buffer.byte-limit = 33554432 (custom)
2019-07-14 16:17:44,204 INFO  server.RaftServerConfigKeys (ConfUtils.java:logGet(43)) - raft.server.log.segment.size.max = 1048576 (custom)
2019-07-14 16:17:44,204 INFO  server.RaftServerConfigKeys (ConfUtils.java:logGet(43)) - raft.server.log.segment.cache.num.max = 2 (custom)
2019-07-14 16:17:44,205 INFO  segmented.SegmentedRaftLogWorker (SegmentedRaftLogWorker.java:<init>(172)) - new d70c80cc-b58f-497e-83d8-fc23ab4de561-SegmentedRaftLogWorker:Storage Directory /workdir/hadoop-ozone/integration-test/target/test-dir/MiniOzoneClusterImpl-a42058f9-0926-4627-ba37-da9acccbcb73/datanode-3/data/ratis/69e2eda0-aa7a-47da-ae38-44f4d000f934 for RaftStorage:Storage Directory /workdir/hadoop-ozone/integration-test/target/test-dir/MiniOzoneClusterImpl-a42058f9-0926-4627-ba37-da9acccbcb73/datanode-3/data/ratis/69e2eda0-aa7a-47da-ae38-44f4d000f934
2019-07-14 16:17:44,205 INFO  server.RaftServerConfigKeys (ConfUtils.java:logGet(43)) - raft.server.log.queue.byte-limit = 2147483647 (custom)
2019-07-14 16:17:44,205 INFO  server.RaftServerConfigKeys (ConfUtils.java:logGet(43)) - raft.server.log.queue.element-limit = 1024 (custom)
2019-07-14 16:17:44,205 INFO  server.RaftServerConfigKeys (ConfUtils.java:logGet(43)) - raft.server.log.segment.size.max = 1048576 (custom)
2019-07-14 16:17:44,205 INFO  server.RaftServerConfigKeys (ConfUtils.java:logGet(43)) - raft.server.log.preallocated.size = 16384 (custom)
2019-07-14 16:17:44,206 INFO  server.RaftServerConfigKeys (ConfUtils.java:logGet(43)) - raft.server.log.write.buffer.size = 33554432 (custom)
2019-07-14 16:17:44,206 INFO  server.RaftServerConfigKeys (ConfUtils.java:logGet(43)) - raft.server.log.force.sync.num = 128 (default)
2019-07-14 16:17:44,206 INFO  server.RaftServerConfigKeys (ConfUtils.java:logGet(43)) - raft.server.log.statemachine.data.sync = true (default)
2019-07-14 16:17:44,206 INFO  server.RaftServerConfigKeys (ConfUtils.java:logGet(43)) - raft.server.log.statemachine.data.sync.timeout = 10s (default)
2019-07-14 16:17:44,206 INFO  server.RaftServerConfigKeys (ConfUtils.java:logGet(43)) - raft.server.log.statemachine.data.sync.timeout.retry = -1 (default)
2019-07-14 16:17:44,206 INFO  server.RaftServerConfigKeys (ConfUtils.java:logGet(43)) - raft.server.log.statemachine.data.caching.enabled = true (custom)
2019-07-14 16:17:44,207 INFO  segmented.SegmentedRaftLogWorker (SegmentedRaftLogWorker.java:lambda$new$0(132)) - d70c80cc-b58f-497e-83d8-fc23ab4de561-SegmentedRaftLogWorker:Storage Directory /workdir/hadoop-ozone/integration-test/target/test-dir/MiniOzoneClusterImpl-a42058f9-0926-4627-ba37-da9acccbcb73/datanode-3/data/ratis/69e2eda0-aa7a-47da-ae38-44f4d000f934: flushIndex: setUnconditionally 0 -> -1
2019-07-14 16:17:44,207 INFO  server.RaftServerConfigKeys (ConfUtils.java:logGet(43)) - raft.server.snapshot.auto.trigger.enabled = true (custom)
2019-07-14 16:17:44,207 INFO  server.RaftServerConfigKeys (ConfUtils.java:logGet(43)) - raft.server.snapshot.auto.trigger.threshold = 10000 (custom)
2019-07-14 16:17:44,208 INFO  server.RaftServerConfigKeys (ConfUtils.java:logGet(43)) - raft.server.retrycache.expirytime = 600000ms (custom)
2019-07-14 16:17:44,208 INFO  impl.RaftServerImpl (RaftServerImpl.java:start(180)) - d70c80cc-b58f-497e-83d8-fc23ab4de561: start group-44F4D000F934
2019-07-14 16:17:44,208 INFO  impl.RaftServerImpl (RaftServerImpl.java:setRole(171)) - d70c80cc-b58f-497e-83d8-fc23ab4de561:group-44F4D000F934 changes role from null to FOLLOWER at term 0 for startAsFollower
2019-07-14 16:17:44,208 INFO  impl.RoleInfo (RoleInfo.java:updateAndGet(143)) - d70c80cc-b58f-497e-83d8-fc23ab4de561: start FollowerState
2019-07-14 16:17:44,209 INFO  util.JmxRegister (JmxRegister.java:tryRegister(44)) - Successfully registered JMX Bean with object name Ratis:service=RaftServer,group=group-44F4D000F934,id=d70c80cc-b58f-497e-83d8-fc23ab4de561
2019-07-14 16:17:44,211 INFO  pipeline.PipelineStateManager (PipelineStateManager.java:addPipeline(56)) - Created pipeline Pipeline[ Id: 69e2eda0-aa7a-47da-ae38-44f4d000f934, Nodes: d70c80cc-b58f-497e-83d8-fc23ab4de561{ip: 192.168.69.77, host: pr-hdds-1710-5x6jb-1204890111, networkLocation: /default-rack, certSerialId: null}, Type:RATIS, Factor:ONE, State:OPEN]
2019-07-14 16:17:44,452 INFO  node.SCMNodeManager (SCMNodeManager.java:register(269)) - Registered Data node : 8160b874-63a6-4765-9fa0-8e802162e5de{ip: 192.168.69.77, host: pr-hdds-1710-5x6jb-1204890111, networkLocation: /default-rack, certSerialId: null}
2019-07-14 16:17:44,466 INFO  impl.RaftServerProxy (RaftServerProxy.java:addNew(89)) - 8160b874-63a6-4765-9fa0-8e802162e5de: addNew group-83BCF36163A7:[8160b874-63a6-4765-9fa0-8e802162e5de:192.168.69.77:34717] returns group-83BCF36163A7:java.util.concurrent.CompletableFuture@b4230e9[Not completed]
2019-07-14 16:17:44,467 INFO  impl.RaftServerImpl (RaftServerImpl.java:<init>(93)) - 8160b874-63a6-4765-9fa0-8e802162e5de: new RaftServerImpl for group-83BCF36163A7:[8160b874-63a6-4765-9fa0-8e802162e5de:192.168.69.77:34717] with ContainerStateMachine:uninitialized
2019-07-14 16:17:44,467 INFO  server.RaftServerConfigKeys (ConfUtils.java:logGet(43)) - raft.server.rpc.timeout.min = 5s (custom)
2019-07-14 16:17:44,467 INFO  server.RaftServerConfigKeys (ConfUtils.java:logGet(43)) - raft.server.rpc.timeout.max = 5200ms (custom)
2019-07-14 16:17:44,468 INFO  server.RaftServerConfigKeys (ConfUtils.java:logGet(43)) - raft.server.rpcslowness.timeout = 120s (custom)
2019-07-14 16:17:44,468 INFO  server.RaftServerConfigKeys (ConfUtils.java:logGet(43)) - raft.server.sleep.deviation.threshold = 300 (default)
2019-07-14 16:17:44,468 INFO  server.RaftServerConfigKeys (ConfUtils.java:logGet(43)) - raft.server.log.appender.install.snapshot.enabled = false (custom)
2019-07-14 16:17:44,468 INFO  impl.RaftServerImpl (ServerState.java:<init>(105)) - 8160b874-63a6-4765-9fa0-8e802162e5de:group-83BCF36163A7 ConfigurationManager, init=-1: [8160b874-63a6-4765-9fa0-8e802162e5de:192.168.69.77:34717], old=null, confs=<EMPTY_MAP>
2019-07-14 16:17:44,468 INFO  server.RaftServerConfigKeys (ConfUtils.java:logGet(43)) - raft.server.storage.dir = [/workdir/hadoop-ozone/integration-test/target/test-dir/MiniOzoneClusterImpl-a42058f9-0926-4627-ba37-da9acccbcb73/datanode-4/data/ratis] (custom)
2019-07-14 16:17:44,469 INFO  storage.RaftStorageDirectory (RaftStorageDirectory.java:analyzeStorage(246)) - The storage directory /workdir/hadoop-ozone/integration-test/target/test-dir/MiniOzoneClusterImpl-a42058f9-0926-4627-ba37-da9acccbcb73/datanode-4/data/ratis/ba2be77b-8a5c-4c63-a089-83bcf36163a7 does not exist. Creating ...
2019-07-14 16:17:44,493 INFO  storage.RaftStorageDirectory (RaftStorageDirectory.java:tryLock(328)) - Lock on /workdir/hadoop-ozone/integration-test/target/test-dir/MiniOzoneClusterImpl-a42058f9-0926-4627-ba37-da9acccbcb73/datanode-4/data/ratis/ba2be77b-8a5c-4c63-a089-83bcf36163a7/in_use.lock acquired by nodename 762@pr-hdds-1710-5x6jb-1204890111
2019-07-14 16:17:44,518 INFO  storage.RaftStorage (RaftStorage.java:format(72)) - Storage directory /workdir/hadoop-ozone/integration-test/target/test-dir/MiniOzoneClusterImpl-a42058f9-0926-4627-ba37-da9acccbcb73/datanode-4/data/ratis/ba2be77b-8a5c-4c63-a089-83bcf36163a7 has been successfully formatted.
2019-07-14 16:17:44,519 INFO  ratis.ContainerStateMachine (ContainerStateMachine.java:loadSnapshot(200)) - The snapshot info is null.Setting the last applied index to:(t:0, i:~)
2019-07-14 16:17:44,519 INFO  server.RaftServerConfigKeys (ConfUtils.java:logGet(43)) - raft.server.leader.election.timeout = 120s (custom)
2019-07-14 16:17:44,519 INFO  server.RaftServerConfigKeys (ConfUtils.java:logGet(43)) - raft.server.log.use.memory = false (default)
2019-07-14 16:17:44,519 INFO  server.RaftServerConfigKeys (ConfUtils.java:logGet(43)) - raft.server.log.purge.gap = 1000000000 (custom)
2019-07-14 16:17:44,519 INFO  server.RaftServerConfigKeys (ConfUtils.java:logGet(43)) - raft.server.log.appender.buffer.byte-limit = 33554432 (custom)
2019-07-14 16:17:44,520 INFO  server.RaftServerConfigKeys (ConfUtils.java:logGet(43)) - raft.server.log.segment.size.max = 1048576 (custom)
2019-07-14 16:17:44,520 INFO  server.RaftServerConfigKeys (ConfUtils.java:logGet(43)) - raft.server.log.segment.cache.num.max = 2 (custom)
2019-07-14 16:17:44,520 INFO  segmented.SegmentedRaftLogWorker (SegmentedRaftLogWorker.java:<init>(172)) - new 8160b874-63a6-4765-9fa0-8e802162e5de-SegmentedRaftLogWorker:Storage Directory /workdir/hadoop-ozone/integration-test/target/test-dir/MiniOzoneClusterImpl-a42058f9-0926-4627-ba37-da9acccbcb73/datanode-4/data/ratis/ba2be77b-8a5c-4c63-a089-83bcf36163a7 for RaftStorage:Storage Directory /workdir/hadoop-ozone/integration-test/target/test-dir/MiniOzoneClusterImpl-a42058f9-0926-4627-ba37-da9acccbcb73/datanode-4/data/ratis/ba2be77b-8a5c-4c63-a089-83bcf36163a7
2019-07-14 16:17:44,520 INFO  server.RaftServerConfigKeys (ConfUtils.java:logGet(43)) - raft.server.log.queue.byte-limit = 2147483647 (custom)
2019-07-14 16:17:44,520 INFO  server.RaftServerConfigKeys (ConfUtils.java:logGet(43)) - raft.server.log.queue.element-limit = 1024 (custom)
2019-07-14 16:17:44,521 INFO  server.RaftServerConfigKeys (ConfUtils.java:logGet(43)) - raft.server.log.segment.size.max = 1048576 (custom)
2019-07-14 16:17:44,521 INFO  server.RaftServerConfigKeys (ConfUtils.java:logGet(43)) - raft.server.log.preallocated.size = 16384 (custom)
2019-07-14 16:17:44,521 INFO  server.RaftServerConfigKeys (ConfUtils.java:logGet(43)) - raft.server.log.write.buffer.size = 33554432 (custom)
2019-07-14 16:17:44,521 INFO  server.RaftServerConfigKeys (ConfUtils.java:logGet(43)) - raft.server.log.force.sync.num = 128 (default)
2019-07-14 16:17:44,521 INFO  server.RaftServerConfigKeys (ConfUtils.java:logGet(43)) - raft.server.log.statemachine.data.sync = true (default)
2019-07-14 16:17:44,522 INFO  server.RaftServerConfigKeys (ConfUtils.java:logGet(43)) - raft.server.log.statemachine.data.sync.timeout = 10s (default)
2019-07-14 16:17:44,522 INFO  server.RaftServerConfigKeys (ConfUtils.java:logGet(43)) - raft.server.log.statemachine.data.sync.timeout.retry = -1 (default)
2019-07-14 16:17:44,522 INFO  server.RaftServerConfigKeys (ConfUtils.java:logGet(43)) - raft.server.log.statemachine.data.caching.enabled = true (custom)
2019-07-14 16:17:44,522 INFO  segmented.SegmentedRaftLogWorker (SegmentedRaftLogWorker.java:lambda$new$0(132)) - 8160b874-63a6-4765-9fa0-8e802162e5de-SegmentedRaftLogWorker:Storage Directory /workdir/hadoop-ozone/integration-test/target/test-dir/MiniOzoneClusterImpl-a42058f9-0926-4627-ba37-da9acccbcb73/datanode-4/data/ratis/ba2be77b-8a5c-4c63-a089-83bcf36163a7: flushIndex: setUnconditionally 0 -> -1
2019-07-14 16:17:44,523 INFO  server.RaftServerConfigKeys (ConfUtils.java:logGet(43)) - raft.server.snapshot.auto.trigger.enabled = true (custom)
2019-07-14 16:17:44,523 INFO  server.RaftServerConfigKeys (ConfUtils.java:logGet(43)) - raft.server.snapshot.auto.trigger.threshold = 10000 (custom)
2019-07-14 16:17:44,523 INFO  server.RaftServerConfigKeys (ConfUtils.java:logGet(43)) - raft.server.retrycache.expirytime = 600000ms (custom)
2019-07-14 16:17:44,523 INFO  impl.RaftServerImpl (RaftServerImpl.java:start(180)) - 8160b874-63a6-4765-9fa0-8e802162e5de: start group-83BCF36163A7
2019-07-14 16:17:44,523 INFO  impl.RaftServerImpl (RaftServerImpl.java:setRole(171)) - 8160b874-63a6-4765-9fa0-8e802162e5de:group-83BCF36163A7 changes role from null to FOLLOWER at term 0 for startAsFollower
2019-07-14 16:17:44,524 INFO  impl.RoleInfo (RoleInfo.java:updateAndGet(143)) - 8160b874-63a6-4765-9fa0-8e802162e5de: start FollowerState
2019-07-14 16:17:44,524 INFO  util.JmxRegister (JmxRegister.java:tryRegister(44)) - Successfully registered JMX Bean with object name Ratis:service=RaftServer,group=group-83BCF36163A7,id=8160b874-63a6-4765-9fa0-8e802162e5de
2019-07-14 16:17:44,527 INFO  pipeline.PipelineStateManager (PipelineStateManager.java:addPipeline(56)) - Created pipeline Pipeline[ Id: ba2be77b-8a5c-4c63-a089-83bcf36163a7, Nodes: 8160b874-63a6-4765-9fa0-8e802162e5de{ip: 192.168.69.77, host: pr-hdds-1710-5x6jb-1204890111, networkLocation: /default-rack, certSerialId: null}, Type:RATIS, Factor:ONE, State:OPEN]
2019-07-14 16:17:44,676 INFO  ozone.MiniOzoneClusterImpl (MiniOzoneClusterImpl.java:lambda$waitForClusterToBeReady$0(142)) - Waiting for cluster to be ready. Got 5 of 6 DN Heartbeats.
2019-07-14 16:17:44,676 INFO  node.SCMNodeManager (SCMNodeManager.java:register(269)) - Registered Data node : c5d3fb7b-5f23-4188-bfd8-67ca8a27f584{ip: 192.168.69.77, host: pr-hdds-1710-5x6jb-1204890111, networkLocation: /default-rack, certSerialId: null}
2019-07-14 16:17:44,694 INFO  impl.RaftServerProxy (RaftServerProxy.java:addNew(89)) - c5d3fb7b-5f23-4188-bfd8-67ca8a27f584: addNew group-911ACAC63D18:[c5d3fb7b-5f23-4188-bfd8-67ca8a27f584:192.168.69.77:35053] returns group-911ACAC63D18:java.util.concurrent.CompletableFuture@52085e37[Not completed]
2019-07-14 16:17:44,696 INFO  impl.RaftServerImpl (RaftServerImpl.java:<init>(93)) - c5d3fb7b-5f23-4188-bfd8-67ca8a27f584: new RaftServerImpl for group-911ACAC63D18:[c5d3fb7b-5f23-4188-bfd8-67ca8a27f584:192.168.69.77:35053] with ContainerStateMachine:uninitialized
2019-07-14 16:17:44,696 INFO  server.RaftServerConfigKeys (ConfUtils.java:logGet(43)) - raft.server.rpc.timeout.min = 5s (custom)
2019-07-14 16:17:44,696 INFO  server.RaftServerConfigKeys (ConfUtils.java:logGet(43)) - raft.server.rpc.timeout.max = 5200ms (custom)
2019-07-14 16:17:44,697 INFO  server.RaftServerConfigKeys (ConfUtils.java:logGet(43)) - raft.server.rpcslowness.timeout = 120s (custom)
2019-07-14 16:17:44,697 INFO  server.RaftServerConfigKeys (ConfUtils.java:logGet(43)) - raft.server.sleep.deviation.threshold = 300 (default)
2019-07-14 16:17:44,697 INFO  server.RaftServerConfigKeys (ConfUtils.java:logGet(43)) - raft.server.log.appender.install.snapshot.enabled = false (custom)
2019-07-14 16:17:44,697 INFO  impl.RaftServerImpl (ServerState.java:<init>(105)) - c5d3fb7b-5f23-4188-bfd8-67ca8a27f584:group-911ACAC63D18 ConfigurationManager, init=-1: [c5d3fb7b-5f23-4188-bfd8-67ca8a27f584:192.168.69.77:35053], old=null, confs=<EMPTY_MAP>
2019-07-14 16:17:44,697 INFO  server.RaftServerConfigKeys (ConfUtils.java:logGet(43)) - raft.server.storage.dir = [/workdir/hadoop-ozone/integration-test/target/test-dir/MiniOzoneClusterImpl-a42058f9-0926-4627-ba37-da9acccbcb73/datanode-5/data/ratis] (custom)
2019-07-14 16:17:44,698 INFO  storage.RaftStorageDirectory (RaftStorageDirectory.java:analyzeStorage(246)) - The storage directory /workdir/hadoop-ozone/integration-test/target/test-dir/MiniOzoneClusterImpl-a42058f9-0926-4627-ba37-da9acccbcb73/datanode-5/data/ratis/c9406e9a-c391-45a5-99f9-911acac63d18 does not exist. Creating ...
2019-07-14 16:17:44,719 INFO  storage.RaftStorageDirectory (RaftStorageDirectory.java:tryLock(328)) - Lock on /workdir/hadoop-ozone/integration-test/target/test-dir/MiniOzoneClusterImpl-a42058f9-0926-4627-ba37-da9acccbcb73/datanode-5/data/ratis/c9406e9a-c391-45a5-99f9-911acac63d18/in_use.lock acquired by nodename 762@pr-hdds-1710-5x6jb-1204890111
2019-07-14 16:17:44,732 INFO  storage.RaftStorage (RaftStorage.java:format(72)) - Storage directory /workdir/hadoop-ozone/integration-test/target/test-dir/MiniOzoneClusterImpl-a42058f9-0926-4627-ba37-da9acccbcb73/datanode-5/data/ratis/c9406e9a-c391-45a5-99f9-911acac63d18 has been successfully formatted.
2019-07-14 16:17:44,732 INFO  ratis.ContainerStateMachine (ContainerStateMachine.java:loadSnapshot(200)) - The snapshot info is null.Setting the last applied index to:(t:0, i:~)
2019-07-14 16:17:44,732 INFO  server.RaftServerConfigKeys (ConfUtils.java:logGet(43)) - raft.server.leader.election.timeout = 120s (custom)
2019-07-14 16:17:44,732 INFO  server.RaftServerConfigKeys (ConfUtils.java:logGet(43)) - raft.server.log.use.memory = false (default)
2019-07-14 16:17:44,733 INFO  server.RaftServerConfigKeys (ConfUtils.java:logGet(43)) - raft.server.log.purge.gap = 1000000000 (custom)
2019-07-14 16:17:44,733 INFO  server.RaftServerConfigKeys (ConfUtils.java:logGet(43)) - raft.server.log.appender.buffer.byte-limit = 33554432 (custom)
2019-07-14 16:17:44,733 INFO  server.RaftServerConfigKeys (ConfUtils.java:logGet(43)) - raft.server.log.segment.size.max = 1048576 (custom)
2019-07-14 16:17:44,733 INFO  server.RaftServerConfigKeys (ConfUtils.java:logGet(43)) - raft.server.log.segment.cache.num.max = 2 (custom)
2019-07-14 16:17:44,733 INFO  segmented.SegmentedRaftLogWorker (SegmentedRaftLogWorker.java:<init>(172)) - new c5d3fb7b-5f23-4188-bfd8-67ca8a27f584-SegmentedRaftLogWorker:Storage Directory /workdir/hadoop-ozone/integration-test/target/test-dir/MiniOzoneClusterImpl-a42058f9-0926-4627-ba37-da9acccbcb73/datanode-5/data/ratis/c9406e9a-c391-45a5-99f9-911acac63d18 for RaftStorage:Storage Directory /workdir/hadoop-ozone/integration-test/target/test-dir/MiniOzoneClusterImpl-a42058f9-0926-4627-ba37-da9acccbcb73/datanode-5/data/ratis/c9406e9a-c391-45a5-99f9-911acac63d18
2019-07-14 16:17:44,733 INFO  server.RaftServerConfigKeys (ConfUtils.java:logGet(43)) - raft.server.log.queue.byte-limit = 2147483647 (custom)
2019-07-14 16:17:44,734 INFO  server.RaftServerConfigKeys (ConfUtils.java:logGet(43)) - raft.server.log.queue.element-limit = 1024 (custom)
2019-07-14 16:17:44,734 INFO  server.RaftServerConfigKeys (ConfUtils.java:logGet(43)) - raft.server.log.segment.size.max = 1048576 (custom)
2019-07-14 16:17:44,734 INFO  server.RaftServerConfigKeys (ConfUtils.java:logGet(43)) - raft.server.log.preallocated.size = 16384 (custom)
2019-07-14 16:17:44,734 INFO  server.RaftServerConfigKeys (ConfUtils.java:logGet(43)) - raft.server.log.write.buffer.size = 33554432 (custom)
2019-07-14 16:17:44,734 INFO  server.RaftServerConfigKeys (ConfUtils.java:logGet(43)) - raft.server.log.force.sync.num = 128 (default)
2019-07-14 16:17:44,734 INFO  server.RaftServerConfigKeys (ConfUtils.java:logGet(43)) - raft.server.log.statemachine.data.sync = true (default)
2019-07-14 16:17:44,735 INFO  server.RaftServerConfigKeys (ConfUtils.java:logGet(43)) - raft.server.log.statemachine.data.sync.timeout = 10s (default)
2019-07-14 16:17:44,735 INFO  server.RaftServerConfigKeys (ConfUtils.java:logGet(43)) - raft.server.log.statemachine.data.sync.timeout.retry = -1 (default)
2019-07-14 16:17:44,735 INFO  server.RaftServerConfigKeys (ConfUtils.java:logGet(43)) - raft.server.log.statemachine.data.caching.enabled = true (custom)
2019-07-14 16:17:44,735 INFO  segmented.SegmentedRaftLogWorker (SegmentedRaftLogWorker.java:lambda$new$0(132)) - c5d3fb7b-5f23-4188-bfd8-67ca8a27f584-SegmentedRaftLogWorker:Storage Directory /workdir/hadoop-ozone/integration-test/target/test-dir/MiniOzoneClusterImpl-a42058f9-0926-4627-ba37-da9acccbcb73/datanode-5/data/ratis/c9406e9a-c391-45a5-99f9-911acac63d18: flushIndex: setUnconditionally 0 -> -1
2019-07-14 16:17:44,736 INFO  server.RaftServerConfigKeys (ConfUtils.java:logGet(43)) - raft.server.snapshot.auto.trigger.enabled = true (custom)
2019-07-14 16:17:44,736 INFO  server.RaftServerConfigKeys (ConfUtils.java:logGet(43)) - raft.server.snapshot.auto.trigger.threshold = 10000 (custom)
2019-07-14 16:17:44,736 INFO  server.RaftServerConfigKeys (ConfUtils.java:logGet(43)) - raft.server.retrycache.expirytime = 600000ms (custom)
2019-07-14 16:17:44,736 INFO  impl.RaftServerImpl (RaftServerImpl.java:start(180)) - c5d3fb7b-5f23-4188-bfd8-67ca8a27f584: start group-911ACAC63D18
2019-07-14 16:17:44,736 INFO  impl.RaftServerImpl (RaftServerImpl.java:setRole(171)) - c5d3fb7b-5f23-4188-bfd8-67ca8a27f584:group-911ACAC63D18 changes role from null to FOLLOWER at term 0 for startAsFollower
2019-07-14 16:17:44,737 INFO  impl.RoleInfo (RoleInfo.java:updateAndGet(143)) - c5d3fb7b-5f23-4188-bfd8-67ca8a27f584: start FollowerState
2019-07-14 16:17:44,737 INFO  util.JmxRegister (JmxRegister.java:tryRegister(44)) - Successfully registered JMX Bean with object name Ratis:service=RaftServer,group=group-911ACAC63D18,id=c5d3fb7b-5f23-4188-bfd8-67ca8a27f584
2019-07-14 16:17:44,740 INFO  pipeline.PipelineStateManager (PipelineStateManager.java:addPipeline(56)) - Created pipeline Pipeline[ Id: c9406e9a-c391-45a5-99f9-911acac63d18, Nodes: c5d3fb7b-5f23-4188-bfd8-67ca8a27f584{ip: 192.168.69.77, host: pr-hdds-1710-5x6jb-1204890111, networkLocation: /default-rack, certSerialId: null}, Type:RATIS, Factor:ONE, State:OPEN]
2019-07-14 16:17:44,790 INFO  impl.RaftServerProxy (RaftServerProxy.java:addNew(89)) - 8160b874-63a6-4765-9fa0-8e802162e5de: addNew group-EAC856C18431:[d70c80cc-b58f-497e-83d8-fc23ab4de561:192.168.69.77:42674, 8160b874-63a6-4765-9fa0-8e802162e5de:192.168.69.77:34717, c5d3fb7b-5f23-4188-bfd8-67ca8a27f584:192.168.69.77:35053] returns group-EAC856C18431:java.util.concurrent.CompletableFuture@400560e4[Not completed]
2019-07-14 16:17:44,790 INFO  impl.RaftServerProxy (RaftServerProxy.java:addNew(89)) - d70c80cc-b58f-497e-83d8-fc23ab4de561: addNew group-EAC856C18431:[d70c80cc-b58f-497e-83d8-fc23ab4de561:192.168.69.77:42674, 8160b874-63a6-4765-9fa0-8e802162e5de:192.168.69.77:34717, c5d3fb7b-5f23-4188-bfd8-67ca8a27f584:192.168.69.77:35053] returns group-EAC856C18431:java.util.concurrent.CompletableFuture@13286adc[Not completed]
2019-07-14 16:17:44,790 INFO  impl.RaftServerProxy (RaftServerProxy.java:addNew(89)) - c5d3fb7b-5f23-4188-bfd8-67ca8a27f584: addNew group-EAC856C18431:[d70c80cc-b58f-497e-83d8-fc23ab4de561:192.168.69.77:42674, 8160b874-63a6-4765-9fa0-8e802162e5de:192.168.69.77:34717, c5d3fb7b-5f23-4188-bfd8-67ca8a27f584:192.168.69.77:35053] returns group-EAC856C18431:java.util.concurrent.CompletableFuture@725f474a[Not completed]
2019-07-14 16:17:44,791 INFO  impl.RaftServerImpl (RaftServerImpl.java:<init>(93)) - 8160b874-63a6-4765-9fa0-8e802162e5de: new RaftServerImpl for group-EAC856C18431:[d70c80cc-b58f-497e-83d8-fc23ab4de561:192.168.69.77:42674, 8160b874-63a6-4765-9fa0-8e802162e5de:192.168.69.77:34717, c5d3fb7b-5f23-4188-bfd8-67ca8a27f584:192.168.69.77:35053] with ContainerStateMachine:uninitialized
2019-07-14 16:17:44,792 INFO  server.RaftServerConfigKeys (ConfUtils.java:logGet(43)) - raft.server.rpc.timeout.min = 5s (custom)
2019-07-14 16:17:44,792 INFO  server.RaftServerConfigKeys (ConfUtils.java:logGet(43)) - raft.server.rpc.timeout.max = 5200ms (custom)
2019-07-14 16:17:44,792 INFO  impl.RaftServerImpl (RaftServerImpl.java:<init>(93)) - d70c80cc-b58f-497e-83d8-fc23ab4de561: new RaftServerImpl for group-EAC856C18431:[d70c80cc-b58f-497e-83d8-fc23ab4de561:192.168.69.77:42674, 8160b874-63a6-4765-9fa0-8e802162e5de:192.168.69.77:34717, c5d3fb7b-5f23-4188-bfd8-67ca8a27f584:192.168.69.77:35053] with ContainerStateMachine:uninitialized
2019-07-14 16:17:44,792 INFO  server.RaftServerConfigKeys (ConfUtils.java:logGet(43)) - raft.server.rpcslowness.timeout = 120s (custom)
2019-07-14 16:17:44,792 INFO  server.RaftServerConfigKeys (ConfUtils.java:logGet(43)) - raft.server.rpc.timeout.min = 5s (custom)
2019-07-14 16:17:44,792 INFO  server.RaftServerConfigKeys (ConfUtils.java:logGet(43)) - raft.server.sleep.deviation.threshold = 300 (default)
2019-07-14 16:17:44,792 INFO  impl.RaftServerImpl (RaftServerImpl.java:<init>(93)) - c5d3fb7b-5f23-4188-bfd8-67ca8a27f584: new RaftServerImpl for group-EAC856C18431:[d70c80cc-b58f-497e-83d8-fc23ab4de561:192.168.69.77:42674, 8160b874-63a6-4765-9fa0-8e802162e5de:192.168.69.77:34717, c5d3fb7b-5f23-4188-bfd8-67ca8a27f584:192.168.69.77:35053] with ContainerStateMachine:uninitialized
2019-07-14 16:17:44,792 INFO  server.RaftServerConfigKeys (ConfUtils.java:logGet(43)) - raft.server.rpc.timeout.max = 5200ms (custom)
2019-07-14 16:17:44,793 INFO  server.RaftServerConfigKeys (ConfUtils.java:logGet(43)) - raft.server.rpc.timeout.min = 5s (custom)
2019-07-14 16:17:44,792 INFO  server.RaftServerConfigKeys (ConfUtils.java:logGet(43)) - raft.server.log.appender.install.snapshot.enabled = false (custom)
2019-07-14 16:17:44,793 INFO  server.RaftServerConfigKeys (ConfUtils.java:logGet(43)) - raft.server.rpc.timeout.max = 5200ms (custom)
2019-07-14 16:17:44,793 INFO  server.RaftServerConfigKeys (ConfUtils.java:logGet(43)) - raft.server.rpcslowness.timeout = 120s (custom)
2019-07-14 16:17:44,793 INFO  server.RaftServerConfigKeys (ConfUtils.java:logGet(43)) - raft.server.rpcslowness.timeout = 120s (custom)
2019-07-14 16:17:44,793 INFO  impl.RaftServerImpl (ServerState.java:<init>(105)) - 8160b874-63a6-4765-9fa0-8e802162e5de:group-EAC856C18431 ConfigurationManager, init=-1: [d70c80cc-b58f-497e-83d8-fc23ab4de561:192.168.69.77:42674, 8160b874-63a6-4765-9fa0-8e802162e5de:192.168.69.77:34717, c5d3fb7b-5f23-4188-bfd8-67ca8a27f584:192.168.69.77:35053], old=null, confs=<EMPTY_MAP>
2019-07-14 16:17:44,793 INFO  server.RaftServerConfigKeys (ConfUtils.java:logGet(43)) - raft.server.sleep.deviation.threshold = 300 (default)
2019-07-14 16:17:44,793 INFO  server.RaftServerConfigKeys (ConfUtils.java:logGet(43)) - raft.server.sleep.deviation.threshold = 300 (default)
2019-07-14 16:17:44,794 INFO  server.RaftServerConfigKeys (ConfUtils.java:logGet(43)) - raft.server.log.appender.install.snapshot.enabled = false (custom)
2019-07-14 16:17:44,794 INFO  server.RaftServerConfigKeys (ConfUtils.java:logGet(43)) - raft.server.storage.dir = [/workdir/hadoop-ozone/integration-test/target/test-dir/MiniOzoneClusterImpl-a42058f9-0926-4627-ba37-da9acccbcb73/datanode-4/data/ratis] (custom)
2019-07-14 16:17:44,794 INFO  impl.RaftServerImpl (ServerState.java:<init>(105)) - c5d3fb7b-5f23-4188-bfd8-67ca8a27f584:group-EAC856C18431 ConfigurationManager, init=-1: [d70c80cc-b58f-497e-83d8-fc23ab4de561:192.168.69.77:42674, 8160b874-63a6-4765-9fa0-8e802162e5de:192.168.69.77:34717, c5d3fb7b-5f23-4188-bfd8-67ca8a27f584:192.168.69.77:35053], old=null, confs=<EMPTY_MAP>
2019-07-14 16:17:44,794 INFO  server.RaftServerConfigKeys (ConfUtils.java:logGet(43)) - raft.server.log.appender.install.snapshot.enabled = false (custom)
2019-07-14 16:17:44,795 INFO  storage.RaftStorageDirectory (RaftStorageDirectory.java:analyzeStorage(246)) - The storage directory /workdir/hadoop-ozone/integration-test/target/test-dir/MiniOzoneClusterImpl-a42058f9-0926-4627-ba37-da9acccbcb73/datanode-4/data/ratis/8ca85c1a-b416-47b3-8852-eac856c18431 does not exist. Creating ...
2019-07-14 16:17:44,794 INFO  server.RaftServerConfigKeys (ConfUtils.java:logGet(43)) - raft.server.storage.dir = [/workdir/hadoop-ozone/integration-test/target/test-dir/MiniOzoneClusterImpl-a42058f9-0926-4627-ba37-da9acccbcb73/datanode-5/data/ratis] (custom)
2019-07-14 16:17:44,795 INFO  impl.RaftServerImpl (ServerState.java:<init>(105)) - d70c80cc-b58f-497e-83d8-fc23ab4de561:group-EAC856C18431 ConfigurationManager, init=-1: [d70c80cc-b58f-497e-83d8-fc23ab4de561:192.168.69.77:42674, 8160b874-63a6-4765-9fa0-8e802162e5de:192.168.69.77:34717, c5d3fb7b-5f23-4188-bfd8-67ca8a27f584:192.168.69.77:35053], old=null, confs=<EMPTY_MAP>
2019-07-14 16:17:44,795 INFO  server.RaftServerConfigKeys (ConfUtils.java:logGet(43)) - raft.server.storage.dir = [/workdir/hadoop-ozone/integration-test/target/test-dir/MiniOzoneClusterImpl-a42058f9-0926-4627-ba37-da9acccbcb73/datanode-3/data/ratis] (custom)
2019-07-14 16:17:44,795 INFO  storage.RaftStorageDirectory (RaftStorageDirectory.java:analyzeStorage(246)) - The storage directory /workdir/hadoop-ozone/integration-test/target/test-dir/MiniOzoneClusterImpl-a42058f9-0926-4627-ba37-da9acccbcb73/datanode-5/data/ratis/8ca85c1a-b416-47b3-8852-eac856c18431 does not exist. Creating ...
2019-07-14 16:17:44,795 INFO  storage.RaftStorageDirectory (RaftStorageDirectory.java:analyzeStorage(246)) - The storage directory /workdir/hadoop-ozone/integration-test/target/test-dir/MiniOzoneClusterImpl-a42058f9-0926-4627-ba37-da9acccbcb73/datanode-3/data/ratis/8ca85c1a-b416-47b3-8852-eac856c18431 does not exist. Creating ...
2019-07-14 16:17:44,808 INFO  storage.RaftStorageDirectory (RaftStorageDirectory.java:tryLock(328)) - Lock on /workdir/hadoop-ozone/integration-test/target/test-dir/MiniOzoneClusterImpl-a42058f9-0926-4627-ba37-da9acccbcb73/datanode-5/data/ratis/8ca85c1a-b416-47b3-8852-eac856c18431/in_use.lock acquired by nodename 762@pr-hdds-1710-5x6jb-1204890111
2019-07-14 16:17:44,808 INFO  storage.RaftStorageDirectory (RaftStorageDirectory.java:tryLock(328)) - Lock on /workdir/hadoop-ozone/integration-test/target/test-dir/MiniOzoneClusterImpl-a42058f9-0926-4627-ba37-da9acccbcb73/datanode-3/data/ratis/8ca85c1a-b416-47b3-8852-eac856c18431/in_use.lock acquired by nodename 762@pr-hdds-1710-5x6jb-1204890111
2019-07-14 16:17:44,808 INFO  storage.RaftStorageDirectory (RaftStorageDirectory.java:tryLock(328)) - Lock on /workdir/hadoop-ozone/integration-test/target/test-dir/MiniOzoneClusterImpl-a42058f9-0926-4627-ba37-da9acccbcb73/datanode-4/data/ratis/8ca85c1a-b416-47b3-8852-eac856c18431/in_use.lock acquired by nodename 762@pr-hdds-1710-5x6jb-1204890111
2019-07-14 16:17:44,822 INFO  storage.RaftStorage (RaftStorage.java:format(72)) - Storage directory /workdir/hadoop-ozone/integration-test/target/test-dir/MiniOzoneClusterImpl-a42058f9-0926-4627-ba37-da9acccbcb73/datanode-4/data/ratis/8ca85c1a-b416-47b3-8852-eac856c18431 has been successfully formatted.
2019-07-14 16:17:44,822 INFO  storage.RaftStorage (RaftStorage.java:format(72)) - Storage directory /workdir/hadoop-ozone/integration-test/target/test-dir/MiniOzoneClusterImpl-a42058f9-0926-4627-ba37-da9acccbcb73/datanode-5/data/ratis/8ca85c1a-b416-47b3-8852-eac856c18431 has been successfully formatted.
2019-07-14 16:17:44,822 INFO  storage.RaftStorage (RaftStorage.java:format(72)) - Storage directory /workdir/hadoop-ozone/integration-test/target/test-dir/MiniOzoneClusterImpl-a42058f9-0926-4627-ba37-da9acccbcb73/datanode-3/data/ratis/8ca85c1a-b416-47b3-8852-eac856c18431 has been successfully formatted.
2019-07-14 16:17:44,823 INFO  ratis.ContainerStateMachine (ContainerStateMachine.java:loadSnapshot(200)) - The snapshot info is null.Setting the last applied index to:(t:0, i:~)
2019-07-14 16:17:44,823 INFO  ratis.ContainerStateMachine (ContainerStateMachine.java:loadSnapshot(200)) - The snapshot info is null.Setting the last applied index to:(t:0, i:~)
2019-07-14 16:17:44,823 INFO  server.RaftServerConfigKeys (ConfUtils.java:logGet(43)) - raft.server.leader.election.timeout = 120s (custom)
2019-07-14 16:17:44,823 INFO  ratis.ContainerStateMachine (ContainerStateMachine.java:loadSnapshot(200)) - The snapshot info is null.Setting the last applied index to:(t:0, i:~)
2019-07-14 16:17:44,823 INFO  server.RaftServerConfigKeys (ConfUtils.java:logGet(43)) - raft.server.log.use.memory = false (default)
2019-07-14 16:17:44,823 INFO  server.RaftServerConfigKeys (ConfUtils.java:logGet(43)) - raft.server.leader.election.timeout = 120s (custom)
2019-07-14 16:17:44,824 INFO  server.RaftServerConfigKeys (ConfUtils.java:logGet(43)) - raft.server.log.purge.gap = 1000000000 (custom)
2019-07-14 16:17:44,823 INFO  server.RaftServerConfigKeys (ConfUtils.java:logGet(43)) - raft.server.leader.election.timeout = 120s (custom)
2019-07-14 16:17:44,824 INFO  server.RaftServerConfigKeys (ConfUtils.java:logGet(43)) - raft.server.log.appender.buffer.byte-limit = 33554432 (custom)
2019-07-14 16:17:44,824 INFO  server.RaftServerConfigKeys (ConfUtils.java:logGet(43)) - raft.server.log.use.memory = false (default)
2019-07-14 16:17:44,824 INFO  server.RaftServerConfigKeys (ConfUtils.java:logGet(43)) - raft.server.log.segment.size.max = 1048576 (custom)
2019-07-14 16:17:44,825 INFO  server.RaftServerConfigKeys (ConfUtils.java:logGet(43)) - raft.server.log.segment.cache.num.max = 2 (custom)
2019-07-14 16:17:44,824 INFO  server.RaftServerConfigKeys (ConfUtils.java:logGet(43)) - raft.server.log.use.memory = false (default)
2019-07-14 16:17:44,825 INFO  segmented.SegmentedRaftLogWorker (SegmentedRaftLogWorker.java:<init>(172)) - new c5d3fb7b-5f23-4188-bfd8-67ca8a27f584-SegmentedRaftLogWorker:Storage Directory /workdir/hadoop-ozone/integration-test/target/test-dir/MiniOzoneClusterImpl-a42058f9-0926-4627-ba37-da9acccbcb73/datanode-5/data/ratis/8ca85c1a-b416-47b3-8852-eac856c18431 for RaftStorage:Storage Directory /workdir/hadoop-ozone/integration-test/target/test-dir/MiniOzoneClusterImpl-a42058f9-0926-4627-ba37-da9acccbcb73/datanode-5/data/ratis/8ca85c1a-b416-47b3-8852-eac856c18431
2019-07-14 16:17:44,825 INFO  server.RaftServerConfigKeys (ConfUtils.java:logGet(43)) - raft.server.log.queue.byte-limit = 2147483647 (custom)
2019-07-14 16:17:44,824 INFO  server.RaftServerConfigKeys (ConfUtils.java:logGet(43)) - raft.server.log.purge.gap = 1000000000 (custom)
2019-07-14 16:17:44,825 INFO  server.RaftServerConfigKeys (ConfUtils.java:logGet(43)) - raft.server.log.queue.element-limit = 1024 (custom)
2019-07-14 16:17:44,825 INFO  server.RaftServerConfigKeys (ConfUtils.java:logGet(43)) - raft.server.log.purge.gap = 1000000000 (custom)
2019-07-14 16:17:44,826 INFO  server.RaftServerConfigKeys (ConfUtils.java:logGet(43)) - raft.server.log.segment.size.max = 1048576 (custom)
2019-07-14 16:17:44,826 INFO  server.RaftServerConfigKeys (ConfUtils.java:logGet(43)) - raft.server.log.preallocated.size = 16384 (custom)
2019-07-14 16:17:44,826 INFO  server.RaftServerConfigKeys (ConfUtils.java:logGet(43)) - raft.server.log.appender.buffer.byte-limit = 33554432 (custom)
2019-07-14 16:17:44,826 INFO  server.RaftServerConfigKeys (ConfUtils.java:logGet(43)) - raft.server.log.write.buffer.size = 33554432 (custom)
2019-07-14 16:17:44,826 INFO  server.RaftServerConfigKeys (ConfUtils.java:logGet(43)) - raft.server.log.appender.buffer.byte-limit = 33554432 (custom)
2019-07-14 16:17:44,826 INFO  server.RaftServerConfigKeys (ConfUtils.java:logGet(43)) - raft.server.log.force.sync.num = 128 (default)
2019-07-14 16:17:44,827 INFO  server.RaftServerConfigKeys (ConfUtils.java:logGet(43)) - raft.server.log.statemachine.data.sync = true (default)
2019-07-14 16:17:44,826 INFO  server.RaftServerConfigKeys (ConfUtils.java:logGet(43)) - raft.server.log.segment.size.max = 1048576 (custom)
2019-07-14 16:17:44,827 INFO  server.RaftServerConfigKeys (ConfUtils.java:logGet(43)) - raft.server.log.statemachine.data.sync.timeout = 10s (default)
2019-07-14 16:17:44,827 INFO  server.RaftServerConfigKeys (ConfUtils.java:logGet(43)) - raft.server.log.statemachine.data.sync.timeout.retry = -1 (default)
2019-07-14 16:17:44,827 INFO  server.RaftServerConfigKeys (ConfUtils.java:logGet(43)) - raft.server.log.segment.size.max = 1048576 (custom)
2019-07-14 16:17:44,827 INFO  server.RaftServerConfigKeys (ConfUtils.java:logGet(43)) - raft.server.log.statemachine.data.caching.enabled = true (custom)
2019-07-14 16:17:44,827 INFO  server.RaftServerConfigKeys (ConfUtils.java:logGet(43)) - raft.server.log.segment.cache.num.max = 2 (custom)
2019-07-14 16:17:44,828 INFO  segmented.SegmentedRaftLogWorker (SegmentedRaftLogWorker.java:lambda$new$0(132)) - c5d3fb7b-5f23-4188-bfd8-67ca8a27f584-SegmentedRaftLogWorker:Storage Directory /workdir/hadoop-ozone/integration-test/target/test-dir/MiniOzoneClusterImpl-a42058f9-0926-4627-ba37-da9acccbcb73/datanode-5/data/ratis/8ca85c1a-b416-47b3-8852-eac856c18431: flushIndex: setUnconditionally 0 -> -1
2019-07-14 16:17:44,828 INFO  server.RaftServerConfigKeys (ConfUtils.java:logGet(43)) - raft.server.log.segment.cache.num.max = 2 (custom)
2019-07-14 16:17:44,828 INFO  segmented.SegmentedRaftLogWorker (SegmentedRaftLogWorker.java:<init>(172)) - new 8160b874-63a6-4765-9fa0-8e802162e5de-SegmentedRaftLogWorker:Storage Directory /workdir/hadoop-ozone/integration-test/target/test-dir/MiniOzoneClusterImpl-a42058f9-0926-4627-ba37-da9acccbcb73/datanode-4/data/ratis/8ca85c1a-b416-47b3-8852-eac856c18431 for RaftStorage:Storage Directory /workdir/hadoop-ozone/integration-test/target/test-dir/MiniOzoneClusterImpl-a42058f9-0926-4627-ba37-da9acccbcb73/datanode-4/data/ratis/8ca85c1a-b416-47b3-8852-eac856c18431
2019-07-14 16:17:44,828 INFO  segmented.SegmentedRaftLogWorker (SegmentedRaftLogWorker.java:<init>(172)) - new d70c80cc-b58f-497e-83d8-fc23ab4de561-SegmentedRaftLogWorker:Storage Directory /workdir/hadoop-ozone/integration-test/target/test-dir/MiniOzoneClusterImpl-a42058f9-0926-4627-ba37-da9acccbcb73/datanode-3/data/ratis/8ca85c1a-b416-47b3-8852-eac856c18431 for RaftStorage:Storage Directory /workdir/hadoop-ozone/integration-test/target/test-dir/MiniOzoneClusterImpl-a42058f9-0926-4627-ba37-da9acccbcb73/datanode-3/data/ratis/8ca85c1a-b416-47b3-8852-eac856c18431
2019-07-14 16:17:44,828 INFO  server.RaftServerConfigKeys (ConfUtils.java:logGet(43)) - raft.server.snapshot.auto.trigger.enabled = true (custom)
2019-07-14 16:17:44,829 INFO  server.RaftServerConfigKeys (ConfUtils.java:logGet(43)) - raft.server.log.queue.byte-limit = 2147483647 (custom)
2019-07-14 16:17:44,829 INFO  server.RaftServerConfigKeys (ConfUtils.java:logGet(43)) - raft.server.log.queue.byte-limit = 2147483647 (custom)
2019-07-14 16:17:44,829 INFO  server.RaftServerConfigKeys (ConfUtils.java:logGet(43)) - raft.server.log.queue.element-limit = 1024 (custom)
2019-07-14 16:17:44,829 INFO  server.RaftServerConfigKeys (ConfUtils.java:logGet(43)) - raft.server.snapshot.auto.trigger.threshold = 10000 (custom)
2019-07-14 16:17:44,829 INFO  server.RaftServerConfigKeys (ConfUtils.java:logGet(43)) - raft.server.log.segment.size.max = 1048576 (custom)
2019-07-14 16:17:44,830 INFO  server.RaftServerConfigKeys (ConfUtils.java:logGet(43)) - raft.server.log.preallocated.size = 16384 (custom)
2019-07-14 16:17:44,829 INFO  server.RaftServerConfigKeys (ConfUtils.java:logGet(43)) - raft.server.log.queue.element-limit = 1024 (custom)
2019-07-14 16:17:44,830 INFO  server.RaftServerConfigKeys (ConfUtils.java:logGet(43)) - raft.server.log.write.buffer.size = 33554432 (custom)
2019-07-14 16:17:44,829 INFO  server.RaftServerConfigKeys (ConfUtils.java:logGet(43)) - raft.server.retrycache.expirytime = 600000ms (custom)
2019-07-14 16:17:44,830 INFO  server.RaftServerConfigKeys (ConfUtils.java:logGet(43)) - raft.server.log.force.sync.num = 128 (default)
2019-07-14 16:17:44,830 INFO  server.RaftServerConfigKeys (ConfUtils.java:logGet(43)) - raft.server.log.segment.size.max = 1048576 (custom)
2019-07-14 16:17:44,830 INFO  server.RaftServerConfigKeys (ConfUtils.java:logGet(43)) - raft.server.log.statemachine.data.sync = true (default)
2019-07-14 16:17:44,830 INFO  impl.RaftServerImpl (RaftServerImpl.java:start(180)) - c5d3fb7b-5f23-4188-bfd8-67ca8a27f584: start group-EAC856C18431
2019-07-14 16:17:44,831 INFO  server.RaftServerConfigKeys (ConfUtils.java:logGet(43)) - raft.server.log.statemachine.data.sync.timeout = 10s (default)
2019-07-14 16:17:44,831 INFO  server.RaftServerConfigKeys (ConfUtils.java:logGet(43)) - raft.server.log.statemachine.data.sync.timeout.retry = -1 (default)
2019-07-14 16:17:44,831 INFO  server.RaftServerConfigKeys (ConfUtils.java:logGet(43)) - raft.server.log.preallocated.size = 16384 (custom)
2019-07-14 16:17:44,831 INFO  server.RaftServerConfigKeys (ConfUtils.java:logGet(43)) - raft.server.log.statemachine.data.caching.enabled = true (custom)
2019-07-14 16:17:44,831 INFO  impl.RaftServerImpl (RaftServerImpl.java:setRole(171)) - c5d3fb7b-5f23-4188-bfd8-67ca8a27f584:group-EAC856C18431 changes role from null to FOLLOWER at term 0 for startAsFollower
2019-07-14 16:17:44,832 INFO  impl.RoleInfo (RoleInfo.java:updateAndGet(143)) - c5d3fb7b-5f23-4188-bfd8-67ca8a27f584: start FollowerState
2019-07-14 16:17:44,831 INFO  server.RaftServerConfigKeys (ConfUtils.java:logGet(43)) - raft.server.log.write.buffer.size = 33554432 (custom)
2019-07-14 16:17:44,832 INFO  segmented.SegmentedRaftLogWorker (SegmentedRaftLogWorker.java:lambda$new$0(132)) - d70c80cc-b58f-497e-83d8-fc23ab4de561-SegmentedRaftLogWorker:Storage Directory /workdir/hadoop-ozone/integration-test/target/test-dir/MiniOzoneClusterImpl-a42058f9-0926-4627-ba37-da9acccbcb73/datanode-3/data/ratis/8ca85c1a-b416-47b3-8852-eac856c18431: flushIndex: setUnconditionally 0 -> -1
2019-07-14 16:17:44,832 INFO  util.JmxRegister (JmxRegister.java:tryRegister(44)) - Successfully registered JMX Bean with object name Ratis:service=RaftServer,group=group-EAC856C18431,id=c5d3fb7b-5f23-4188-bfd8-67ca8a27f584
2019-07-14 16:17:44,832 INFO  server.RaftServerConfigKeys (ConfUtils.java:logGet(43)) - raft.server.log.force.sync.num = 128 (default)
2019-07-14 16:17:44,832 INFO  server.RaftServerConfigKeys (ConfUtils.java:logGet(43)) - raft.server.snapshot.auto.trigger.enabled = true (custom)
2019-07-14 16:17:44,832 INFO  server.RaftServerConfigKeys (ConfUtils.java:logGet(43)) - raft.server.log.statemachine.data.sync = true (default)
2019-07-14 16:17:44,833 INFO  server.RaftServerConfigKeys (ConfUtils.java:logGet(43)) - raft.server.snapshot.auto.trigger.threshold = 10000 (custom)
2019-07-14 16:17:44,833 INFO  server.RaftServerConfigKeys (ConfUtils.java:logGet(43)) - raft.server.log.statemachine.data.sync.timeout = 10s (default)
2019-07-14 16:17:44,833 INFO  server.RaftServerConfigKeys (ConfUtils.java:logGet(43)) - raft.server.retrycache.expirytime = 600000ms (custom)
2019-07-14 16:17:44,833 INFO  server.RaftServerConfigKeys (ConfUtils.java:logGet(43)) - raft.server.log.statemachine.data.sync.timeout.retry = -1 (default)
2019-07-14 16:17:44,833 INFO  impl.RaftServerImpl (RaftServerImpl.java:start(180)) - d70c80cc-b58f-497e-83d8-fc23ab4de561: start group-EAC856C18431
2019-07-14 16:17:44,833 INFO  server.RaftServerConfigKeys (ConfUtils.java:logGet(43)) - raft.server.log.statemachine.data.caching.enabled = true (custom)
2019-07-14 16:17:44,834 INFO  impl.RaftServerImpl (RaftServerImpl.java:setRole(171)) - d70c80cc-b58f-497e-83d8-fc23ab4de561:group-EAC856C18431 changes role from null to FOLLOWER at term 0 for startAsFollower
2019-07-14 16:17:44,834 INFO  impl.RoleInfo (RoleInfo.java:updateAndGet(143)) - d70c80cc-b58f-497e-83d8-fc23ab4de561: start FollowerState
2019-07-14 16:17:44,834 INFO  segmented.SegmentedRaftLogWorker (SegmentedRaftLogWorker.java:lambda$new$0(132)) - 8160b874-63a6-4765-9fa0-8e802162e5de-SegmentedRaftLogWorker:Storage Directory /workdir/hadoop-ozone/integration-test/target/test-dir/MiniOzoneClusterImpl-a42058f9-0926-4627-ba37-da9acccbcb73/datanode-4/data/ratis/8ca85c1a-b416-47b3-8852-eac856c18431: flushIndex: setUnconditionally 0 -> -1
2019-07-14 16:17:44,834 INFO  util.JmxRegister (JmxRegister.java:tryRegister(44)) - Successfully registered JMX Bean with object name Ratis:service=RaftServer,group=group-EAC856C18431,id=d70c80cc-b58f-497e-83d8-fc23ab4de561
2019-07-14 16:17:44,834 INFO  server.RaftServerConfigKeys (ConfUtils.java:logGet(43)) - raft.server.snapshot.auto.trigger.enabled = true (custom)
2019-07-14 16:17:44,835 INFO  server.RaftServerConfigKeys (ConfUtils.java:logGet(43)) - raft.server.snapshot.auto.trigger.threshold = 10000 (custom)
2019-07-14 16:17:44,835 INFO  server.RaftServerConfigKeys (ConfUtils.java:logGet(43)) - raft.server.retrycache.expirytime = 600000ms (custom)
2019-07-14 16:17:44,835 INFO  impl.RaftServerImpl (RaftServerImpl.java:start(180)) - 8160b874-63a6-4765-9fa0-8e802162e5de: start group-EAC856C18431
2019-07-14 16:17:44,835 INFO  impl.RaftServerImpl (RaftServerImpl.java:setRole(171)) - 8160b874-63a6-4765-9fa0-8e802162e5de:group-EAC856C18431 changes role from null to FOLLOWER at term 0 for startAsFollower
2019-07-14 16:17:44,835 INFO  impl.RoleInfo (RoleInfo.java:updateAndGet(143)) - 8160b874-63a6-4765-9fa0-8e802162e5de: start FollowerState
2019-07-14 16:17:44,836 INFO  util.JmxRegister (JmxRegister.java:tryRegister(44)) - Successfully registered JMX Bean with object name Ratis:service=RaftServer,group=group-EAC856C18431,id=8160b874-63a6-4765-9fa0-8e802162e5de
2019-07-14 16:17:44,838 INFO  pipeline.PipelineStateManager (PipelineStateManager.java:addPipeline(56)) - Created pipeline Pipeline[ Id: 8ca85c1a-b416-47b3-8852-eac856c18431, Nodes: c5d3fb7b-5f23-4188-bfd8-67ca8a27f584{ip: 192.168.69.77, host: pr-hdds-1710-5x6jb-1204890111, networkLocation: /default-rack, certSerialId: null}d70c80cc-b58f-497e-83d8-fc23ab4de561{ip: 192.168.69.77, host: pr-hdds-1710-5x6jb-1204890111, networkLocation: /default-rack, certSerialId: null}8160b874-63a6-4765-9fa0-8e802162e5de{ip: 192.168.69.77, host: pr-hdds-1710-5x6jb-1204890111, networkLocation: /default-rack, certSerialId: null}, Type:RATIS, Factor:THREE, State:OPEN]
2019-07-14 16:17:45,677 INFO  ozone.MiniOzoneClusterImpl (MiniOzoneClusterImpl.java:lambda$waitForClusterToBeReady$0(142)) - Cluster is ready. Got 6 of 6 DN Heartbeats.
2019-07-14 16:17:45,728 INFO  rpc.RpcClient (RpcClient.java:createVolume(287)) - Creating Volume: datanodefailurehandlingtest, with jenkins1000 as owner.
2019-07-14 16:17:45,763 INFO  rpc.RpcClient (RpcClient.java:createBucket(424)) - Creating Bucket: datanodefailurehandlingtest/datanodefailurehandlingtest, with Versioning false and Storage Type set to DISK and Encryption set to false 
2019-07-14 16:17:45,824 INFO  client.GrpcClientProtocolClient (GrpcClientProtocolClient.java:onNext(255)) - client-83AE8061E6F2->58e1bc26-88f4-4d48-ab6d-7461377ebc32: receive RaftClientReply:client-83AE8061E6F2->58e1bc26-88f4-4d48-ab6d-7461377ebc32@group-FF713E887384, cid=111, FAILED org.apache.ratis.protocol.NotLeaderException: Server 58e1bc26-88f4-4d48-ab6d-7461377ebc32 is not the leader (null). Request must be sent to leader., logIndex=0, commits[58e1bc26-88f4-4d48-ab6d-7461377ebc32:c-1]
2019-07-14 16:17:45,861 INFO  container.ReplicationManager (ReplicationManager.java:start(155)) - Starting Replication Monitor Thread.
2019-07-14 16:17:45,871 INFO  container.ReplicationManager (ReplicationManager.java:run(207)) - Replication Monitor Thread took 0 milliseconds for processing 1 containers.
2019-07-14 16:17:46,521 WARN  server.GrpcLogAppender (LogUtils.java:warn(134)) - 5c3f8082-86fd-4ec8-83c5-19f28657242e->bde8c970-78a9-487e-beef-ecea974b9f52: Failed appendEntries: org.apache.ratis.thirdparty.io.grpc.StatusRuntimeException: UNAVAILABLE: io exception
2019-07-14 16:17:46,521 WARN  server.GrpcLogAppender (LogUtils.java:warn(134)) - 5c3f8082-86fd-4ec8-83c5-19f28657242e->c6caa481-fc39-4fa3-8faf-817af7fe412a: Failed appendEntries: org.apache.ratis.thirdparty.io.grpc.StatusRuntimeException: UNAVAILABLE: io exception
2019-07-14 16:17:46,533 INFO  impl.FollowerInfo (FollowerInfo.java:lambda$new$0(50)) - 5c3f8082-86fd-4ec8-83c5-19f28657242e->bde8c970-78a9-487e-beef-ecea974b9f52: nextIndex: updateUnconditionally 0 -> 0
2019-07-14 16:17:46,542 INFO  impl.FollowerInfo (FollowerInfo.java:lambda$new$0(50)) - 5c3f8082-86fd-4ec8-83c5-19f28657242e->c6caa481-fc39-4fa3-8faf-817af7fe412a: nextIndex: updateUnconditionally 0 -> 0
2019-07-14 16:17:46,895 INFO  client.GrpcClientProtocolClient (GrpcClientProtocolClient.java:onNext(255)) - client-83AE8061E6F2->d7574934-53ba-489d-8caa-ad6ea7b6c729: receive RaftClientReply:client-83AE8061E6F2->d7574934-53ba-489d-8caa-ad6ea7b6c729@group-FF713E887384, cid=111, FAILED org.apache.ratis.protocol.NotLeaderException: Server d7574934-53ba-489d-8caa-ad6ea7b6c729 is not the leader (null). Request must be sent to leader., logIndex=0, commits[d7574934-53ba-489d-8caa-ad6ea7b6c729:c-1]
2019-07-14 16:17:47,942 INFO  client.GrpcClientProtocolClient (GrpcClientProtocolClient.java:onNext(255)) - client-83AE8061E6F2->87d50328-7ac1-415d-bb41-23cea3be7e2b: receive RaftClientReply:client-83AE8061E6F2->87d50328-7ac1-415d-bb41-23cea3be7e2b@group-FF713E887384, cid=111, FAILED org.apache.ratis.protocol.NotLeaderException: Server 87d50328-7ac1-415d-bb41-23cea3be7e2b is not the leader (null). Request must be sent to leader., logIndex=0, commits[87d50328-7ac1-415d-bb41-23cea3be7e2b:c-1]
2019-07-14 16:17:48,002 INFO  impl.FollowerState (FollowerState.java:run(106)) - 58e1bc26-88f4-4d48-ab6d-7461377ebc32:group-8C0A03CEB9F1 changes to CANDIDATE, lastRpcTime:5075, electionTimeout:5075ms
2019-07-14 16:17:48,002 INFO  impl.RoleInfo (RoleInfo.java:shutdownFollowerState(121)) - 58e1bc26-88f4-4d48-ab6d-7461377ebc32: shutdown FollowerState
2019-07-14 16:17:48,002 INFO  impl.RaftServerImpl (RaftServerImpl.java:setRole(171)) - 58e1bc26-88f4-4d48-ab6d-7461377ebc32:group-8C0A03CEB9F1 changes role from FOLLOWER to CANDIDATE at term 0 for changeToCandidate
2019-07-14 16:17:48,003 INFO  impl.RoleInfo (RoleInfo.java:updateAndGet(143)) - 58e1bc26-88f4-4d48-ab6d-7461377ebc32: start LeaderElection
2019-07-14 16:17:48,041 INFO  impl.LeaderElection (LeaderElection.java:askForVotes(181)) - 58e1bc26-88f4-4d48-ab6d-7461377ebc32:group-8C0A03CEB9F1:LeaderElection59: begin an election at term 1 for -1: [58e1bc26-88f4-4d48-ab6d-7461377ebc32:192.168.69.77:41122], old=null
2019-07-14 16:17:48,042 INFO  impl.RoleInfo (RoleInfo.java:shutdownLeaderElection(134)) - 58e1bc26-88f4-4d48-ab6d-7461377ebc32: shutdown LeaderElection
2019-07-14 16:17:48,042 INFO  impl.RaftServerImpl (RaftServerImpl.java:setRole(171)) - 58e1bc26-88f4-4d48-ab6d-7461377ebc32:group-8C0A03CEB9F1 changes role from CANDIDATE to LEADER at term 1 for changeToLeader
2019-07-14 16:17:48,042 INFO  impl.RaftServerImpl (ServerState.java:setLeader(263)) - 58e1bc26-88f4-4d48-ab6d-7461377ebc32:group-8C0A03CEB9F1 change Leader from null to 58e1bc26-88f4-4d48-ab6d-7461377ebc32 at term 1 for becomeLeader, leader elected after 5119ms
2019-07-14 16:17:48,042 INFO  server.RaftServerConfigKeys (ConfUtils.java:logGet(43)) - raft.server.staging.catchup.gap = 1000 (default)
2019-07-14 16:17:48,042 INFO  server.RaftServerConfigKeys (ConfUtils.java:logGet(43)) - raft.server.rpc.sleep.time = 25ms (default)
2019-07-14 16:17:48,042 INFO  server.RaftServerConfigKeys (ConfUtils.java:logGet(43)) - raft.server.write.element-limit = 4096 (default)
2019-07-14 16:17:48,043 INFO  server.RaftServerConfigKeys (ConfUtils.java:logGet(43)) - raft.server.watch.timeout = 10s (default)
2019-07-14 16:17:48,043 INFO  server.RaftServerConfigKeys (ConfUtils.java:logGet(43)) - raft.server.watch.timeout.denomination = 1s (default)
2019-07-14 16:17:48,043 INFO  server.RaftServerConfigKeys (ConfUtils.java:logGet(43)) - raft.server.watch.element-limit = 65536 (default)
2019-07-14 16:17:48,043 INFO  impl.RoleInfo (RoleInfo.java:updateAndGet(143)) - 58e1bc26-88f4-4d48-ab6d-7461377ebc32: start LeaderState
2019-07-14 16:17:48,044 INFO  segmented.SegmentedRaftLogWorker (SegmentedRaftLogWorker.java:startLogSegment(380)) - 58e1bc26-88f4-4d48-ab6d-7461377ebc32-SegmentedRaftLogWorker:Storage Directory /workdir/hadoop-ozone/integration-test/target/test-dir/MiniOzoneClusterImpl-a42058f9-0926-4627-ba37-da9acccbcb73/datanode-0/data/ratis/798bd512-37e3-4edd-94bc-8c0a03ceb9f1: Starting segment from index:0
2019-07-14 16:17:48,044 INFO  impl.RaftServerImpl (ServerState.java:setRaftConf(361)) - 58e1bc26-88f4-4d48-ab6d-7461377ebc32:group-8C0A03CEB9F1 set configuration 0: [58e1bc26-88f4-4d48-ab6d-7461377ebc32:192.168.69.77:41122], old=null at 0
2019-07-14 16:17:48,071 INFO  segmented.SegmentedRaftLogWorker (SegmentedRaftLogWorker.java:execute(569)) - 58e1bc26-88f4-4d48-ab6d-7461377ebc32-SegmentedRaftLogWorker:Storage Directory /workdir/hadoop-ozone/integration-test/target/test-dir/MiniOzoneClusterImpl-a42058f9-0926-4627-ba37-da9acccbcb73/datanode-0/data/ratis/798bd512-37e3-4edd-94bc-8c0a03ceb9f1: created new log segment /workdir/hadoop-ozone/integration-test/target/test-dir/MiniOzoneClusterImpl-a42058f9-0926-4627-ba37-da9acccbcb73/datanode-0/data/ratis/798bd512-37e3-4edd-94bc-8c0a03ceb9f1/current/log_inprogress_0
2019-07-14 16:17:48,360 INFO  impl.FollowerState (FollowerState.java:run(106)) - d7574934-53ba-489d-8caa-ad6ea7b6c729:group-E4B9375550CB changes to CANDIDATE, lastRpcTime:5091, electionTimeout:5090ms
2019-07-14 16:17:48,360 INFO  impl.RoleInfo (RoleInfo.java:shutdownFollowerState(121)) - d7574934-53ba-489d-8caa-ad6ea7b6c729: shutdown FollowerState
2019-07-14 16:17:48,360 INFO  impl.RaftServerImpl (RaftServerImpl.java:setRole(171)) - d7574934-53ba-489d-8caa-ad6ea7b6c729:group-E4B9375550CB changes role from FOLLOWER to CANDIDATE at term 0 for changeToCandidate
2019-07-14 16:17:48,360 INFO  impl.RoleInfo (RoleInfo.java:updateAndGet(143)) - d7574934-53ba-489d-8caa-ad6ea7b6c729: start LeaderElection
2019-07-14 16:17:48,399 INFO  impl.LeaderElection (LeaderElection.java:askForVotes(181)) - d7574934-53ba-489d-8caa-ad6ea7b6c729:group-E4B9375550CB:LeaderElection60: begin an election at term 1 for -1: [d7574934-53ba-489d-8caa-ad6ea7b6c729:192.168.69.77:39060], old=null
2019-07-14 16:17:48,399 INFO  impl.RoleInfo (RoleInfo.java:shutdownLeaderElection(134)) - d7574934-53ba-489d-8caa-ad6ea7b6c729: shutdown LeaderElection
2019-07-14 16:17:48,399 INFO  impl.RaftServerImpl (RaftServerImpl.java:setRole(171)) - d7574934-53ba-489d-8caa-ad6ea7b6c729:group-E4B9375550CB changes role from CANDIDATE to LEADER at term 1 for changeToLeader
2019-07-14 16:17:48,400 INFO  impl.RaftServerImpl (ServerState.java:setLeader(263)) - d7574934-53ba-489d-8caa-ad6ea7b6c729:group-E4B9375550CB change Leader from null to d7574934-53ba-489d-8caa-ad6ea7b6c729 at term 1 for becomeLeader, leader elected after 5135ms
2019-07-14 16:17:48,400 INFO  server.RaftServerConfigKeys (ConfUtils.java:logGet(43)) - raft.server.staging.catchup.gap = 1000 (default)
2019-07-14 16:17:48,400 INFO  server.RaftServerConfigKeys (ConfUtils.java:logGet(43)) - raft.server.rpc.sleep.time = 25ms (default)
2019-07-14 16:17:48,400 INFO  server.RaftServerConfigKeys (ConfUtils.java:logGet(43)) - raft.server.write.element-limit = 4096 (default)
2019-07-14 16:17:48,400 INFO  server.RaftServerConfigKeys (ConfUtils.java:logGet(43)) - raft.server.watch.timeout = 10s (default)
2019-07-14 16:17:48,400 INFO  server.RaftServerConfigKeys (ConfUtils.java:logGet(43)) - raft.server.watch.timeout.denomination = 1s (default)
2019-07-14 16:17:48,401 INFO  server.RaftServerConfigKeys (ConfUtils.java:logGet(43)) - raft.server.watch.element-limit = 65536 (default)
2019-07-14 16:17:48,401 INFO  impl.RoleInfo (RoleInfo.java:updateAndGet(143)) - d7574934-53ba-489d-8caa-ad6ea7b6c729: start LeaderState
2019-07-14 16:17:48,401 INFO  segmented.SegmentedRaftLogWorker (SegmentedRaftLogWorker.java:startLogSegment(380)) - d7574934-53ba-489d-8caa-ad6ea7b6c729-SegmentedRaftLogWorker:Storage Directory /workdir/hadoop-ozone/integration-test/target/test-dir/MiniOzoneClusterImpl-a42058f9-0926-4627-ba37-da9acccbcb73/datanode-1/data/ratis/7fdf2712-c0d9-43ab-94b6-e4b9375550cb: Starting segment from index:0
2019-07-14 16:17:48,402 INFO  impl.RaftServerImpl (ServerState.java:setRaftConf(361)) - d7574934-53ba-489d-8caa-ad6ea7b6c729:group-E4B9375550CB set configuration 0: [d7574934-53ba-489d-8caa-ad6ea7b6c729:192.168.69.77:39060], old=null at 0
2019-07-14 16:17:48,431 INFO  segmented.SegmentedRaftLogWorker (SegmentedRaftLogWorker.java:execute(569)) - d7574934-53ba-489d-8caa-ad6ea7b6c729-SegmentedRaftLogWorker:Storage Directory /workdir/hadoop-ozone/integration-test/target/test-dir/MiniOzoneClusterImpl-a42058f9-0926-4627-ba37-da9acccbcb73/datanode-1/data/ratis/7fdf2712-c0d9-43ab-94b6-e4b9375550cb: created new log segment /workdir/hadoop-ozone/integration-test/target/test-dir/MiniOzoneClusterImpl-a42058f9-0926-4627-ba37-da9acccbcb73/datanode-1/data/ratis/7fdf2712-c0d9-43ab-94b6-e4b9375550cb/current/log_inprogress_0
2019-07-14 16:17:48,611 INFO  impl.FollowerState (FollowerState.java:run(106)) - 87d50328-7ac1-415d-bb41-23cea3be7e2b:group-69E960AE3234 changes to CANDIDATE, lastRpcTime:5041, electionTimeout:5041ms
2019-07-14 16:17:48,611 INFO  impl.RoleInfo (RoleInfo.java:shutdownFollowerState(121)) - 87d50328-7ac1-415d-bb41-23cea3be7e2b: shutdown FollowerState
2019-07-14 16:17:48,611 INFO  impl.RaftServerImpl (RaftServerImpl.java:setRole(171)) - 87d50328-7ac1-415d-bb41-23cea3be7e2b:group-69E960AE3234 changes role from FOLLOWER to CANDIDATE at term 0 for changeToCandidate
2019-07-14 16:17:48,611 INFO  impl.RoleInfo (RoleInfo.java:updateAndGet(143)) - 87d50328-7ac1-415d-bb41-23cea3be7e2b: start LeaderElection
2019-07-14 16:17:48,656 INFO  impl.LeaderElection (LeaderElection.java:askForVotes(181)) - 87d50328-7ac1-415d-bb41-23cea3be7e2b:group-69E960AE3234:LeaderElection61: begin an election at term 1 for -1: [87d50328-7ac1-415d-bb41-23cea3be7e2b:192.168.69.77:45202], old=null
2019-07-14 16:17:48,656 INFO  impl.RoleInfo (RoleInfo.java:shutdownLeaderElection(134)) - 87d50328-7ac1-415d-bb41-23cea3be7e2b: shutdown LeaderElection
2019-07-14 16:17:48,656 INFO  impl.RaftServerImpl (RaftServerImpl.java:setRole(171)) - 87d50328-7ac1-415d-bb41-23cea3be7e2b:group-69E960AE3234 changes role from CANDIDATE to LEADER at term 1 for changeToLeader
2019-07-14 16:17:48,656 INFO  impl.RaftServerImpl (ServerState.java:setLeader(263)) - 87d50328-7ac1-415d-bb41-23cea3be7e2b:group-69E960AE3234 change Leader from null to 87d50328-7ac1-415d-bb41-23cea3be7e2b at term 1 for becomeLeader, leader elected after 5091ms
2019-07-14 16:17:48,656 INFO  server.RaftServerConfigKeys (ConfUtils.java:logGet(43)) - raft.server.staging.catchup.gap = 1000 (default)
2019-07-14 16:17:48,656 INFO  server.RaftServerConfigKeys (ConfUtils.java:logGet(43)) - raft.server.rpc.sleep.time = 25ms (default)
2019-07-14 16:17:48,657 INFO  server.RaftServerConfigKeys (ConfUtils.java:logGet(43)) - raft.server.write.element-limit = 4096 (default)
2019-07-14 16:17:48,657 INFO  server.RaftServerConfigKeys (ConfUtils.java:logGet(43)) - raft.server.watch.timeout = 10s (default)
2019-07-14 16:17:48,657 INFO  server.RaftServerConfigKeys (ConfUtils.java:logGet(43)) - raft.server.watch.timeout.denomination = 1s (default)
2019-07-14 16:17:48,657 INFO  server.RaftServerConfigKeys (ConfUtils.java:logGet(43)) - raft.server.watch.element-limit = 65536 (default)
2019-07-14 16:17:48,657 INFO  impl.RoleInfo (RoleInfo.java:updateAndGet(143)) - 87d50328-7ac1-415d-bb41-23cea3be7e2b: start LeaderState
2019-07-14 16:17:48,658 INFO  segmented.SegmentedRaftLogWorker (SegmentedRaftLogWorker.java:startLogSegment(380)) - 87d50328-7ac1-415d-bb41-23cea3be7e2b-SegmentedRaftLogWorker:Storage Directory /workdir/hadoop-ozone/integration-test/target/test-dir/MiniOzoneClusterImpl-a42058f9-0926-4627-ba37-da9acccbcb73/datanode-2/data/ratis/5f5d2fef-2c8c-4d66-a2a5-69e960ae3234: Starting segment from index:0
2019-07-14 16:17:48,659 INFO  impl.RaftServerImpl (ServerState.java:setRaftConf(361)) - 87d50328-7ac1-415d-bb41-23cea3be7e2b:group-69E960AE3234 set configuration 0: [87d50328-7ac1-415d-bb41-23cea3be7e2b:192.168.69.77:45202], old=null at 0
2019-07-14 16:17:48,689 INFO  segmented.SegmentedRaftLogWorker (SegmentedRaftLogWorker.java:execute(569)) - 87d50328-7ac1-415d-bb41-23cea3be7e2b-SegmentedRaftLogWorker:Storage Directory /workdir/hadoop-ozone/integration-test/target/test-dir/MiniOzoneClusterImpl-a42058f9-0926-4627-ba37-da9acccbcb73/datanode-2/data/ratis/5f5d2fef-2c8c-4d66-a2a5-69e960ae3234: created new log segment /workdir/hadoop-ozone/integration-test/target/test-dir/MiniOzoneClusterImpl-a42058f9-0926-4627-ba37-da9acccbcb73/datanode-2/data/ratis/5f5d2fef-2c8c-4d66-a2a5-69e960ae3234/current/log_inprogress_0
2019-07-14 16:17:48,735 INFO  impl.FollowerState (FollowerState.java:run(106)) - d7574934-53ba-489d-8caa-ad6ea7b6c729:group-FF713E887384 changes to CANDIDATE, lastRpcTime:5047, electionTimeout:5047ms
2019-07-14 16:17:48,735 INFO  impl.RoleInfo (RoleInfo.java:shutdownFollowerState(121)) - d7574934-53ba-489d-8caa-ad6ea7b6c729: shutdown FollowerState
2019-07-14 16:17:48,735 INFO  impl.RaftServerImpl (RaftServerImpl.java:setRole(171)) - d7574934-53ba-489d-8caa-ad6ea7b6c729:group-FF713E887384 changes role from FOLLOWER to CANDIDATE at term 0 for changeToCandidate
2019-07-14 16:17:48,735 INFO  impl.RoleInfo (RoleInfo.java:updateAndGet(143)) - d7574934-53ba-489d-8caa-ad6ea7b6c729: start LeaderElection
2019-07-14 16:17:48,767 INFO  impl.LeaderElection (LeaderElection.java:askForVotes(181)) - d7574934-53ba-489d-8caa-ad6ea7b6c729:group-FF713E887384:LeaderElection62: begin an election at term 1 for -1: [58e1bc26-88f4-4d48-ab6d-7461377ebc32:192.168.69.77:41122, d7574934-53ba-489d-8caa-ad6ea7b6c729:192.168.69.77:39060, 87d50328-7ac1-415d-bb41-23cea3be7e2b:192.168.69.77:45202], old=null
2019-07-14 16:17:48,773 INFO  impl.RaftServerImpl (RaftServerImpl.java:setRole(171)) - 58e1bc26-88f4-4d48-ab6d-7461377ebc32:group-FF713E887384 changes role from FOLLOWER to FOLLOWER at term 1 for recognizeCandidate:d7574934-53ba-489d-8caa-ad6ea7b6c729
2019-07-14 16:17:48,773 INFO  impl.RaftServerImpl (RaftServerImpl.java:setRole(171)) - 87d50328-7ac1-415d-bb41-23cea3be7e2b:group-FF713E887384 changes role from FOLLOWER to FOLLOWER at term 1 for recognizeCandidate:d7574934-53ba-489d-8caa-ad6ea7b6c729
2019-07-14 16:17:48,773 INFO  impl.RoleInfo (RoleInfo.java:shutdownFollowerState(121)) - 58e1bc26-88f4-4d48-ab6d-7461377ebc32: shutdown FollowerState
2019-07-14 16:17:48,774 INFO  impl.RoleInfo (RoleInfo.java:shutdownFollowerState(121)) - 87d50328-7ac1-415d-bb41-23cea3be7e2b: shutdown FollowerState
2019-07-14 16:17:48,774 INFO  impl.FollowerState (FollowerState.java:run(114)) - 58e1bc26-88f4-4d48-ab6d-7461377ebc32: FollowerState was interrupted: java.lang.InterruptedException: sleep interrupted
2019-07-14 16:17:48,774 INFO  impl.RoleInfo (RoleInfo.java:updateAndGet(143)) - 58e1bc26-88f4-4d48-ab6d-7461377ebc32: start FollowerState
2019-07-14 16:17:48,774 INFO  impl.FollowerState (FollowerState.java:run(114)) - 87d50328-7ac1-415d-bb41-23cea3be7e2b: FollowerState was interrupted: java.lang.InterruptedException: sleep interrupted
2019-07-14 16:17:48,774 INFO  impl.RoleInfo (RoleInfo.java:updateAndGet(143)) - 87d50328-7ac1-415d-bb41-23cea3be7e2b: start FollowerState
2019-07-14 16:17:48,805 INFO  impl.LeaderElection (LeaderElection.java:logAndReturn(56)) - d7574934-53ba-489d-8caa-ad6ea7b6c729:group-FF713E887384:LeaderElection62: Election PASSED; received 1 response(s) [d7574934-53ba-489d-8caa-ad6ea7b6c729<-58e1bc26-88f4-4d48-ab6d-7461377ebc32#0:OK-t1] and 0 exception(s); d7574934-53ba-489d-8caa-ad6ea7b6c729:t1, leader=null, voted=d7574934-53ba-489d-8caa-ad6ea7b6c729, raftlog=d7574934-53ba-489d-8caa-ad6ea7b6c729-SegmentedRaftLog:OPENED:c-1,f-1,i0, conf=-1: [58e1bc26-88f4-4d48-ab6d-7461377ebc32:192.168.69.77:41122, d7574934-53ba-489d-8caa-ad6ea7b6c729:192.168.69.77:39060, 87d50328-7ac1-415d-bb41-23cea3be7e2b:192.168.69.77:45202], old=null
2019-07-14 16:17:48,805 INFO  impl.RoleInfo (RoleInfo.java:shutdownLeaderElection(134)) - d7574934-53ba-489d-8caa-ad6ea7b6c729: shutdown LeaderElection
2019-07-14 16:17:48,805 INFO  impl.RaftServerImpl (RaftServerImpl.java:setRole(171)) - d7574934-53ba-489d-8caa-ad6ea7b6c729:group-FF713E887384 changes role from CANDIDATE to LEADER at term 1 for changeToLeader
2019-07-14 16:17:48,806 INFO  impl.RaftServerImpl (ServerState.java:setLeader(263)) - d7574934-53ba-489d-8caa-ad6ea7b6c729:group-FF713E887384 change Leader from null to d7574934-53ba-489d-8caa-ad6ea7b6c729 at term 1 for becomeLeader, leader elected after 5130ms
2019-07-14 16:17:48,806 INFO  server.RaftServerConfigKeys (ConfUtils.java:logGet(43)) - raft.server.staging.catchup.gap = 1000 (default)
2019-07-14 16:17:48,806 INFO  server.RaftServerConfigKeys (ConfUtils.java:logGet(43)) - raft.server.rpc.sleep.time = 25ms (default)
2019-07-14 16:17:48,806 INFO  server.RaftServerConfigKeys (ConfUtils.java:logGet(43)) - raft.server.write.element-limit = 4096 (default)
2019-07-14 16:17:48,806 INFO  server.RaftServerConfigKeys (ConfUtils.java:logGet(43)) - raft.server.watch.timeout = 10s (default)
2019-07-14 16:17:48,806 INFO  server.RaftServerConfigKeys (ConfUtils.java:logGet(43)) - raft.server.watch.timeout.denomination = 1s (default)
2019-07-14 16:17:48,806 INFO  server.RaftServerConfigKeys (ConfUtils.java:logGet(43)) - raft.server.watch.element-limit = 65536 (default)
2019-07-14 16:17:48,807 INFO  server.RaftServerConfigKeys (ConfUtils.java:logGet(43)) - raft.server.log.appender.snapshot.chunk.size.max = 16MB (=16777216) (default)
2019-07-14 16:17:48,807 INFO  server.RaftServerConfigKeys (ConfUtils.java:logGet(43)) - raft.server.log.appender.buffer.byte-limit = 33554432 (custom)
2019-07-14 16:17:48,807 INFO  server.RaftServerConfigKeys (ConfUtils.java:logGet(43)) - raft.server.log.appender.buffer.element-limit = 1 (custom)
2019-07-14 16:17:48,807 INFO  grpc.GrpcConfigKeys$Server (ConfUtils.java:logGet(43)) - raft.grpc.server.leader.outstanding.appends.max = 128 (default)
2019-07-14 16:17:48,816 INFO  server.RaftServerConfigKeys (ConfUtils.java:logGet(43)) - raft.server.rpc.request.timeout = 3000ms (default)
2019-07-14 16:17:48,816 INFO  server.RaftServerConfigKeys (ConfUtils.java:logGet(43)) - raft.server.log.appender.install.snapshot.enabled = false (custom)
2019-07-14 16:17:48,816 INFO  server.RaftServerConfigKeys (ConfUtils.java:logGet(43)) - raft.server.log.appender.snapshot.chunk.size.max = 16MB (=16777216) (default)
2019-07-14 16:17:48,816 INFO  server.RaftServerConfigKeys (ConfUtils.java:logGet(43)) - raft.server.log.appender.buffer.byte-limit = 33554432 (custom)
2019-07-14 16:17:48,817 INFO  server.RaftServerConfigKeys (ConfUtils.java:logGet(43)) - raft.server.log.appender.buffer.element-limit = 1 (custom)
2019-07-14 16:17:48,817 INFO  grpc.GrpcConfigKeys$Server (ConfUtils.java:logGet(43)) - raft.grpc.server.leader.outstanding.appends.max = 128 (default)
2019-07-14 16:17:48,817 INFO  server.RaftServerConfigKeys (ConfUtils.java:logGet(43)) - raft.server.rpc.request.timeout = 3000ms (default)
2019-07-14 16:17:48,817 INFO  server.RaftServerConfigKeys (ConfUtils.java:logGet(43)) - raft.server.log.appender.install.snapshot.enabled = false (custom)
2019-07-14 16:17:48,818 INFO  impl.RoleInfo (RoleInfo.java:updateAndGet(143)) - d7574934-53ba-489d-8caa-ad6ea7b6c729: start LeaderState
2019-07-14 16:17:48,818 INFO  segmented.SegmentedRaftLogWorker (SegmentedRaftLogWorker.java:startLogSegment(380)) - d7574934-53ba-489d-8caa-ad6ea7b6c729-SegmentedRaftLogWorker:Storage Directory /workdir/hadoop-ozone/integration-test/target/test-dir/MiniOzoneClusterImpl-a42058f9-0926-4627-ba37-da9acccbcb73/datanode-1/data/ratis/c9fece4a-923f-40c6-a857-ff713e887384: Starting segment from index:0
2019-07-14 16:17:48,819 INFO  impl.RaftServerImpl (ServerState.java:setRaftConf(361)) - d7574934-53ba-489d-8caa-ad6ea7b6c729:group-FF713E887384 set configuration 0: [58e1bc26-88f4-4d48-ab6d-7461377ebc32:192.168.69.77:41122, d7574934-53ba-489d-8caa-ad6ea7b6c729:192.168.69.77:39060, 87d50328-7ac1-415d-bb41-23cea3be7e2b:192.168.69.77:45202], old=null at 0
2019-07-14 16:17:48,845 INFO  impl.RaftServerImpl (ServerState.java:setLeader(263)) - 58e1bc26-88f4-4d48-ab6d-7461377ebc32:group-FF713E887384 change Leader from null to d7574934-53ba-489d-8caa-ad6ea7b6c729 at term 1 for appendEntries, leader elected after 5169ms
2019-07-14 16:17:48,855 INFO  impl.RaftServerImpl (ServerState.java:setLeader(263)) - 87d50328-7ac1-415d-bb41-23cea3be7e2b:group-FF713E887384 change Leader from null to d7574934-53ba-489d-8caa-ad6ea7b6c729 at term 1 for appendEntries, leader elected after 5180ms
2019-07-14 16:17:48,858 INFO  impl.RaftServerImpl (ServerState.java:setRaftConf(361)) - 58e1bc26-88f4-4d48-ab6d-7461377ebc32:group-FF713E887384 set configuration 0: [58e1bc26-88f4-4d48-ab6d-7461377ebc32:192.168.69.77:41122, d7574934-53ba-489d-8caa-ad6ea7b6c729:192.168.69.77:39060, 87d50328-7ac1-415d-bb41-23cea3be7e2b:192.168.69.77:45202], old=null at 0
2019-07-14 16:17:48,858 INFO  impl.RaftServerImpl (ServerState.java:setRaftConf(361)) - 87d50328-7ac1-415d-bb41-23cea3be7e2b:group-FF713E887384 set configuration 0: [58e1bc26-88f4-4d48-ab6d-7461377ebc32:192.168.69.77:41122, d7574934-53ba-489d-8caa-ad6ea7b6c729:192.168.69.77:39060, 87d50328-7ac1-415d-bb41-23cea3be7e2b:192.168.69.77:45202], old=null at 0
2019-07-14 16:17:48,858 INFO  segmented.SegmentedRaftLogWorker (SegmentedRaftLogWorker.java:execute(569)) - d7574934-53ba-489d-8caa-ad6ea7b6c729-SegmentedRaftLogWorker:Storage Directory /workdir/hadoop-ozone/integration-test/target/test-dir/MiniOzoneClusterImpl-a42058f9-0926-4627-ba37-da9acccbcb73/datanode-1/data/ratis/c9fece4a-923f-40c6-a857-ff713e887384: created new log segment /workdir/hadoop-ozone/integration-test/target/test-dir/MiniOzoneClusterImpl-a42058f9-0926-4627-ba37-da9acccbcb73/datanode-1/data/ratis/c9fece4a-923f-40c6-a857-ff713e887384/current/log_inprogress_0
2019-07-14 16:17:48,858 INFO  segmented.SegmentedRaftLogWorker (SegmentedRaftLogWorker.java:startLogSegment(380)) - 58e1bc26-88f4-4d48-ab6d-7461377ebc32-SegmentedRaftLogWorker:Storage Directory /workdir/hadoop-ozone/integration-test/target/test-dir/MiniOzoneClusterImpl-a42058f9-0926-4627-ba37-da9acccbcb73/datanode-0/data/ratis/c9fece4a-923f-40c6-a857-ff713e887384: Starting segment from index:0
2019-07-14 16:17:48,858 INFO  segmented.SegmentedRaftLogWorker (SegmentedRaftLogWorker.java:startLogSegment(380)) - 87d50328-7ac1-415d-bb41-23cea3be7e2b-SegmentedRaftLogWorker:Storage Directory /workdir/hadoop-ozone/integration-test/target/test-dir/MiniOzoneClusterImpl-a42058f9-0926-4627-ba37-da9acccbcb73/datanode-2/data/ratis/c9fece4a-923f-40c6-a857-ff713e887384: Starting segment from index:0
2019-07-14 16:17:48,890 INFO  segmented.SegmentedRaftLogWorker (SegmentedRaftLogWorker.java:execute(569)) - 87d50328-7ac1-415d-bb41-23cea3be7e2b-SegmentedRaftLogWorker:Storage Directory /workdir/hadoop-ozone/integration-test/target/test-dir/MiniOzoneClusterImpl-a42058f9-0926-4627-ba37-da9acccbcb73/datanode-2/data/ratis/c9fece4a-923f-40c6-a857-ff713e887384: created new log segment /workdir/hadoop-ozone/integration-test/target/test-dir/MiniOzoneClusterImpl-a42058f9-0926-4627-ba37-da9acccbcb73/datanode-2/data/ratis/c9fece4a-923f-40c6-a857-ff713e887384/current/log_inprogress_0
2019-07-14 16:17:48,890 INFO  segmented.SegmentedRaftLogWorker (SegmentedRaftLogWorker.java:execute(569)) - 58e1bc26-88f4-4d48-ab6d-7461377ebc32-SegmentedRaftLogWorker:Storage Directory /workdir/hadoop-ozone/integration-test/target/test-dir/MiniOzoneClusterImpl-a42058f9-0926-4627-ba37-da9acccbcb73/datanode-0/data/ratis/c9fece4a-923f-40c6-a857-ff713e887384: created new log segment /workdir/hadoop-ozone/integration-test/target/test-dir/MiniOzoneClusterImpl-a42058f9-0926-4627-ba37-da9acccbcb73/datanode-0/data/ratis/c9fece4a-923f-40c6-a857-ff713e887384/current/log_inprogress_0
2019-07-14 16:17:49,021 WARN  server.GrpcLogAppender (LogUtils.java:warn(134)) - 5c3f8082-86fd-4ec8-83c5-19f28657242e->bde8c970-78a9-487e-beef-ecea974b9f52: Failed appendEntries: org.apache.ratis.thirdparty.io.grpc.StatusRuntimeException: UNAVAILABLE: io exception
2019-07-14 16:17:49,021 WARN  server.GrpcLogAppender (LogUtils.java:warn(134)) - 5c3f8082-86fd-4ec8-83c5-19f28657242e->c6caa481-fc39-4fa3-8faf-817af7fe412a: Failed appendEntries: org.apache.ratis.thirdparty.io.grpc.StatusRuntimeException: UNAVAILABLE: io exception
2019-07-14 16:17:49,056 INFO  impl.FollowerInfo (FollowerInfo.java:lambda$new$0(50)) - 5c3f8082-86fd-4ec8-83c5-19f28657242e->bde8c970-78a9-487e-beef-ecea974b9f52: nextIndex: updateUnconditionally 0 -> 0
2019-07-14 16:17:49,056 INFO  impl.FollowerInfo (FollowerInfo.java:lambda$new$0(50)) - 5c3f8082-86fd-4ec8-83c5-19f28657242e->c6caa481-fc39-4fa3-8faf-817af7fe412a: nextIndex: updateUnconditionally 0 -> 0
2019-07-14 16:17:49,112 INFO  client.GrpcClientProtocolClient (GrpcClientProtocolClient.java:onNext(255)) - client-83AE8061E6F2->d7574934-53ba-489d-8caa-ad6ea7b6c729: receive RaftClientReply:client-83AE8061E6F2->d7574934-53ba-489d-8caa-ad6ea7b6c729@group-FF713E887384, cid=111, SUCCESS, logIndex=1, commits[d7574934-53ba-489d-8caa-ad6ea7b6c729:c1, 58e1bc26-88f4-4d48-ab6d-7461377ebc32:c0, 87d50328-7ac1-415d-bb41-23cea3be7e2b:c0]
2019-07-14 16:17:49,229 INFO  client.GrpcClientProtocolClient (GrpcClientProtocolClient.java:onNext(255)) - client-83AE8061E6F2->d7574934-53ba-489d-8caa-ad6ea7b6c729: receive RaftClientReply:client-83AE8061E6F2->d7574934-53ba-489d-8caa-ad6ea7b6c729@group-FF713E887384, cid=112, SUCCESS, logIndex=3, commits[d7574934-53ba-489d-8caa-ad6ea7b6c729:c4, 58e1bc26-88f4-4d48-ab6d-7461377ebc32:c3, 87d50328-7ac1-415d-bb41-23cea3be7e2b:c3]
2019-07-14 16:17:49,230 INFO  datanode.ObjectStoreHandler (ObjectStoreHandler.java:close(155)) - Closing ObjectStoreHandler.
2019-07-14 16:17:49,230 INFO  ozone.HddsDatanodeService (HddsDatanodeService.java:stop(452)) - Stopped plug-in org.apache.hadoop.ozone.web.OzoneHddsDatanodeService@7b6e196e
2019-07-14 16:17:49,352 INFO  impl.FollowerState (FollowerState.java:run(106)) - d70c80cc-b58f-497e-83d8-fc23ab4de561:group-44F4D000F934 changes to CANDIDATE, lastRpcTime:5143, electionTimeout:5143ms
2019-07-14 16:17:49,352 INFO  impl.RoleInfo (RoleInfo.java:shutdownFollowerState(121)) - d70c80cc-b58f-497e-83d8-fc23ab4de561: shutdown FollowerState
2019-07-14 16:17:49,352 INFO  impl.RaftServerImpl (RaftServerImpl.java:setRole(171)) - d70c80cc-b58f-497e-83d8-fc23ab4de561:group-44F4D000F934 changes role from FOLLOWER to CANDIDATE at term 0 for changeToCandidate
2019-07-14 16:17:49,352 INFO  impl.RoleInfo (RoleInfo.java:updateAndGet(143)) - d70c80cc-b58f-497e-83d8-fc23ab4de561: start LeaderElection
2019-07-14 16:17:49,390 INFO  impl.LeaderElection (LeaderElection.java:askForVotes(181)) - d70c80cc-b58f-497e-83d8-fc23ab4de561:group-44F4D000F934:LeaderElection63: begin an election at term 1 for -1: [d70c80cc-b58f-497e-83d8-fc23ab4de561:192.168.69.77:42674], old=null
2019-07-14 16:17:49,390 INFO  impl.RoleInfo (RoleInfo.java:shutdownLeaderElection(134)) - d70c80cc-b58f-497e-83d8-fc23ab4de561: shutdown LeaderElection
2019-07-14 16:17:49,390 INFO  impl.RaftServerImpl (RaftServerImpl.java:setRole(171)) - d70c80cc-b58f-497e-83d8-fc23ab4de561:group-44F4D000F934 changes role from CANDIDATE to LEADER at term 1 for changeToLeader
2019-07-14 16:17:49,390 INFO  impl.RaftServerImpl (ServerState.java:setLeader(263)) - d70c80cc-b58f-497e-83d8-fc23ab4de561:group-44F4D000F934 change Leader from null to d70c80cc-b58f-497e-83d8-fc23ab4de561 at term 1 for becomeLeader, leader elected after 5186ms
2019-07-14 16:17:49,390 INFO  server.RaftServerConfigKeys (ConfUtils.java:logGet(43)) - raft.server.staging.catchup.gap = 1000 (default)
2019-07-14 16:17:49,390 INFO  server.RaftServerConfigKeys (ConfUtils.java:logGet(43)) - raft.server.rpc.sleep.time = 25ms (default)
2019-07-14 16:17:49,391 INFO  server.RaftServerConfigKeys (ConfUtils.java:logGet(43)) - raft.server.write.element-limit = 4096 (default)
2019-07-14 16:17:49,391 INFO  server.RaftServerConfigKeys (ConfUtils.java:logGet(43)) - raft.server.watch.timeout = 10s (default)
2019-07-14 16:17:49,391 INFO  server.RaftServerConfigKeys (ConfUtils.java:logGet(43)) - raft.server.watch.timeout.denomination = 1s (default)
2019-07-14 16:17:49,391 INFO  server.RaftServerConfigKeys (ConfUtils.java:logGet(43)) - raft.server.watch.element-limit = 65536 (default)
2019-07-14 16:17:49,391 INFO  impl.RoleInfo (RoleInfo.java:updateAndGet(143)) - d70c80cc-b58f-497e-83d8-fc23ab4de561: start LeaderState
2019-07-14 16:17:49,391 INFO  segmented.SegmentedRaftLogWorker (SegmentedRaftLogWorker.java:startLogSegment(380)) - d70c80cc-b58f-497e-83d8-fc23ab4de561-SegmentedRaftLogWorker:Storage Directory /workdir/hadoop-ozone/integration-test/target/test-dir/MiniOzoneClusterImpl-a42058f9-0926-4627-ba37-da9acccbcb73/datanode-3/data/ratis/69e2eda0-aa7a-47da-ae38-44f4d000f934: Starting segment from index:0
2019-07-14 16:17:49,392 INFO  impl.RaftServerImpl (ServerState.java:setRaftConf(361)) - d70c80cc-b58f-497e-83d8-fc23ab4de561:group-44F4D000F934 set configuration 0: [d70c80cc-b58f-497e-83d8-fc23ab4de561:192.168.69.77:42674], old=null at 0
2019-07-14 16:17:49,435 INFO  segmented.SegmentedRaftLogWorker (SegmentedRaftLogWorker.java:execute(569)) - d70c80cc-b58f-497e-83d8-fc23ab4de561-SegmentedRaftLogWorker:Storage Directory /workdir/hadoop-ozone/integration-test/target/test-dir/MiniOzoneClusterImpl-a42058f9-0926-4627-ba37-da9acccbcb73/datanode-3/data/ratis/69e2eda0-aa7a-47da-ae38-44f4d000f934: created new log segment /workdir/hadoop-ozone/integration-test/target/test-dir/MiniOzoneClusterImpl-a42058f9-0926-4627-ba37-da9acccbcb73/datanode-3/data/ratis/69e2eda0-aa7a-47da-ae38-44f4d000f934/current/log_inprogress_0
2019-07-14 16:17:49,648 INFO  impl.FollowerState (FollowerState.java:run(106)) - 8160b874-63a6-4765-9fa0-8e802162e5de:group-83BCF36163A7 changes to CANDIDATE, lastRpcTime:5124, electionTimeout:5124ms
2019-07-14 16:17:49,648 INFO  impl.RoleInfo (RoleInfo.java:shutdownFollowerState(121)) - 8160b874-63a6-4765-9fa0-8e802162e5de: shutdown FollowerState
2019-07-14 16:17:49,649 INFO  impl.RaftServerImpl (RaftServerImpl.java:setRole(171)) - 8160b874-63a6-4765-9fa0-8e802162e5de:group-83BCF36163A7 changes role from FOLLOWER to CANDIDATE at term 0 for changeToCandidate
2019-07-14 16:17:49,649 INFO  impl.RoleInfo (RoleInfo.java:updateAndGet(143)) - 8160b874-63a6-4765-9fa0-8e802162e5de: start LeaderElection
2019-07-14 16:17:49,701 INFO  impl.LeaderElection (LeaderElection.java:askForVotes(181)) - 8160b874-63a6-4765-9fa0-8e802162e5de:group-83BCF36163A7:LeaderElection64: begin an election at term 1 for -1: [8160b874-63a6-4765-9fa0-8e802162e5de:192.168.69.77:34717], old=null
2019-07-14 16:17:49,701 INFO  impl.RoleInfo (RoleInfo.java:shutdownLeaderElection(134)) - 8160b874-63a6-4765-9fa0-8e802162e5de: shutdown LeaderElection
2019-07-14 16:17:49,701 INFO  impl.RaftServerImpl (RaftServerImpl.java:setRole(171)) - 8160b874-63a6-4765-9fa0-8e802162e5de:group-83BCF36163A7 changes role from CANDIDATE to LEADER at term 1 for changeToLeader
2019-07-14 16:17:49,701 INFO  impl.RaftServerImpl (ServerState.java:setLeader(263)) - 8160b874-63a6-4765-9fa0-8e802162e5de:group-83BCF36163A7 change Leader from null to 8160b874-63a6-4765-9fa0-8e802162e5de at term 1 for becomeLeader, leader elected after 5182ms
2019-07-14 16:17:49,701 INFO  server.RaftServerConfigKeys (ConfUtils.java:logGet(43)) - raft.server.staging.catchup.gap = 1000 (default)
2019-07-14 16:17:49,702 INFO  server.RaftServerConfigKeys (ConfUtils.java:logGet(43)) - raft.server.rpc.sleep.time = 25ms (default)
2019-07-14 16:17:49,702 INFO  server.RaftServerConfigKeys (ConfUtils.java:logGet(43)) - raft.server.write.element-limit = 4096 (default)
2019-07-14 16:17:49,702 INFO  server.RaftServerConfigKeys (ConfUtils.java:logGet(43)) - raft.server.watch.timeout = 10s (default)
2019-07-14 16:17:49,702 INFO  server.RaftServerConfigKeys (ConfUtils.java:logGet(43)) - raft.server.watch.timeout.denomination = 1s (default)
2019-07-14 16:17:49,702 INFO  server.RaftServerConfigKeys (ConfUtils.java:logGet(43)) - raft.server.watch.element-limit = 65536 (default)
2019-07-14 16:17:49,703 INFO  impl.RoleInfo (RoleInfo.java:updateAndGet(143)) - 8160b874-63a6-4765-9fa0-8e802162e5de: start LeaderState
2019-07-14 16:17:49,703 INFO  segmented.SegmentedRaftLogWorker (SegmentedRaftLogWorker.java:startLogSegment(380)) - 8160b874-63a6-4765-9fa0-8e802162e5de-SegmentedRaftLogWorker:Storage Directory /workdir/hadoop-ozone/integration-test/target/test-dir/MiniOzoneClusterImpl-a42058f9-0926-4627-ba37-da9acccbcb73/datanode-4/data/ratis/ba2be77b-8a5c-4c63-a089-83bcf36163a7: Starting segment from index:0
2019-07-14 16:17:49,704 INFO  impl.RaftServerImpl (ServerState.java:setRaftConf(361)) - 8160b874-63a6-4765-9fa0-8e802162e5de:group-83BCF36163A7 set configuration 0: [8160b874-63a6-4765-9fa0-8e802162e5de:192.168.69.77:34717], old=null at 0
2019-07-14 16:17:49,736 INFO  segmented.SegmentedRaftLogWorker (SegmentedRaftLogWorker.java:execute(569)) - 8160b874-63a6-4765-9fa0-8e802162e5de-SegmentedRaftLogWorker:Storage Directory /workdir/hadoop-ozone/integration-test/target/test-dir/MiniOzoneClusterImpl-a42058f9-0926-4627-ba37-da9acccbcb73/datanode-4/data/ratis/ba2be77b-8a5c-4c63-a089-83bcf36163a7: created new log segment /workdir/hadoop-ozone/integration-test/target/test-dir/MiniOzoneClusterImpl-a42058f9-0926-4627-ba37-da9acccbcb73/datanode-4/data/ratis/ba2be77b-8a5c-4c63-a089-83bcf36163a7/current/log_inprogress_0
2019-07-14 16:17:49,806 INFO  impl.FollowerState (FollowerState.java:run(106)) - c5d3fb7b-5f23-4188-bfd8-67ca8a27f584:group-911ACAC63D18 changes to CANDIDATE, lastRpcTime:5069, electionTimeout:5069ms
2019-07-14 16:17:49,806 INFO  impl.RoleInfo (RoleInfo.java:shutdownFollowerState(121)) - c5d3fb7b-5f23-4188-bfd8-67ca8a27f584: shutdown FollowerState
2019-07-14 16:17:49,807 INFO  impl.RaftServerImpl (RaftServerImpl.java:setRole(171)) - c5d3fb7b-5f23-4188-bfd8-67ca8a27f584:group-911ACAC63D18 changes role from FOLLOWER to CANDIDATE at term 0 for changeToCandidate
2019-07-14 16:17:49,807 INFO  impl.RoleInfo (RoleInfo.java:updateAndGet(143)) - c5d3fb7b-5f23-4188-bfd8-67ca8a27f584: start LeaderElection
2019-07-14 16:17:49,871 INFO  impl.LeaderElection (LeaderElection.java:askForVotes(181)) - c5d3fb7b-5f23-4188-bfd8-67ca8a27f584:group-911ACAC63D18:LeaderElection65: begin an election at term 1 for -1: [c5d3fb7b-5f23-4188-bfd8-67ca8a27f584:192.168.69.77:35053], old=null
2019-07-14 16:17:49,871 INFO  impl.RoleInfo (RoleInfo.java:shutdownLeaderElection(134)) - c5d3fb7b-5f23-4188-bfd8-67ca8a27f584: shutdown LeaderElection
2019-07-14 16:17:49,872 INFO  impl.RaftServerImpl (RaftServerImpl.java:setRole(171)) - c5d3fb7b-5f23-4188-bfd8-67ca8a27f584:group-911ACAC63D18 changes role from CANDIDATE to LEADER at term 1 for changeToLeader
2019-07-14 16:17:49,872 INFO  impl.RaftServerImpl (ServerState.java:setLeader(263)) - c5d3fb7b-5f23-4188-bfd8-67ca8a27f584:group-911ACAC63D18 change Leader from null to c5d3fb7b-5f23-4188-bfd8-67ca8a27f584 at term 1 for becomeLeader, leader elected after 5139ms
2019-07-14 16:17:49,872 INFO  server.RaftServerConfigKeys (ConfUtils.java:logGet(43)) - raft.server.staging.catchup.gap = 1000 (default)
2019-07-14 16:17:49,872 INFO  server.RaftServerConfigKeys (ConfUtils.java:logGet(43)) - raft.server.rpc.sleep.time = 25ms (default)
2019-07-14 16:17:49,872 INFO  server.RaftServerConfigKeys (ConfUtils.java:logGet(43)) - raft.server.write.element-limit = 4096 (default)
2019-07-14 16:17:49,872 INFO  server.RaftServerConfigKeys (ConfUtils.java:logGet(43)) - raft.server.watch.timeout = 10s (default)
2019-07-14 16:17:49,873 INFO  server.RaftServerConfigKeys (ConfUtils.java:logGet(43)) - raft.server.watch.timeout.denomination = 1s (default)
2019-07-14 16:17:49,873 INFO  server.RaftServerConfigKeys (ConfUtils.java:logGet(43)) - raft.server.watch.element-limit = 65536 (default)
2019-07-14 16:17:49,873 INFO  impl.RoleInfo (RoleInfo.java:updateAndGet(143)) - c5d3fb7b-5f23-4188-bfd8-67ca8a27f584: start LeaderState
2019-07-14 16:17:49,873 INFO  segmented.SegmentedRaftLogWorker (SegmentedRaftLogWorker.java:startLogSegment(380)) - c5d3fb7b-5f23-4188-bfd8-67ca8a27f584-SegmentedRaftLogWorker:Storage Directory /workdir/hadoop-ozone/integration-test/target/test-dir/MiniOzoneClusterImpl-a42058f9-0926-4627-ba37-da9acccbcb73/datanode-5/data/ratis/c9406e9a-c391-45a5-99f9-911acac63d18: Starting segment from index:0
2019-07-14 16:17:49,874 INFO  impl.RaftServerImpl (ServerState.java:setRaftConf(361)) - c5d3fb7b-5f23-4188-bfd8-67ca8a27f584:group-911ACAC63D18 set configuration 0: [c5d3fb7b-5f23-4188-bfd8-67ca8a27f584:192.168.69.77:35053], old=null at 0
2019-07-14 16:17:49,896 INFO  segmented.SegmentedRaftLogWorker (SegmentedRaftLogWorker.java:execute(569)) - c5d3fb7b-5f23-4188-bfd8-67ca8a27f584-SegmentedRaftLogWorker:Storage Directory /workdir/hadoop-ozone/integration-test/target/test-dir/MiniOzoneClusterImpl-a42058f9-0926-4627-ba37-da9acccbcb73/datanode-5/data/ratis/c9406e9a-c391-45a5-99f9-911acac63d18: created new log segment /workdir/hadoop-ozone/integration-test/target/test-dir/MiniOzoneClusterImpl-a42058f9-0926-4627-ba37-da9acccbcb73/datanode-5/data/ratis/c9406e9a-c391-45a5-99f9-911acac63d18/current/log_inprogress_0
2019-07-14 16:17:49,903 INFO  impl.FollowerState (FollowerState.java:run(106)) - d70c80cc-b58f-497e-83d8-fc23ab4de561:group-EAC856C18431 changes to CANDIDATE, lastRpcTime:5069, electionTimeout:5069ms
2019-07-14 16:17:49,904 INFO  impl.RoleInfo (RoleInfo.java:shutdownFollowerState(121)) - d70c80cc-b58f-497e-83d8-fc23ab4de561: shutdown FollowerState
2019-07-14 16:17:49,904 INFO  impl.RaftServerImpl (RaftServerImpl.java:setRole(171)) - d70c80cc-b58f-497e-83d8-fc23ab4de561:group-EAC856C18431 changes role from FOLLOWER to CANDIDATE at term 0 for changeToCandidate
2019-07-14 16:17:49,904 INFO  impl.RoleInfo (RoleInfo.java:updateAndGet(143)) - d70c80cc-b58f-497e-83d8-fc23ab4de561: start LeaderElection
2019-07-14 16:17:49,943 INFO  impl.FollowerState (FollowerState.java:run(106)) - c5d3fb7b-5f23-4188-bfd8-67ca8a27f584:group-EAC856C18431 changes to CANDIDATE, lastRpcTime:5111, electionTimeout:5111ms
2019-07-14 16:17:49,943 INFO  impl.RoleInfo (RoleInfo.java:shutdownFollowerState(121)) - c5d3fb7b-5f23-4188-bfd8-67ca8a27f584: shutdown FollowerState
2019-07-14 16:17:49,943 INFO  impl.RaftServerImpl (RaftServerImpl.java:setRole(171)) - c5d3fb7b-5f23-4188-bfd8-67ca8a27f584:group-EAC856C18431 changes role from FOLLOWER to CANDIDATE at term 0 for changeToCandidate
2019-07-14 16:17:49,944 INFO  impl.RoleInfo (RoleInfo.java:updateAndGet(143)) - c5d3fb7b-5f23-4188-bfd8-67ca8a27f584: start LeaderElection
2019-07-14 16:17:49,962 INFO  impl.LeaderElection (LeaderElection.java:askForVotes(181)) - d70c80cc-b58f-497e-83d8-fc23ab4de561:group-EAC856C18431:LeaderElection66: begin an election at term 1 for -1: [d70c80cc-b58f-497e-83d8-fc23ab4de561:192.168.69.77:42674, 8160b874-63a6-4765-9fa0-8e802162e5de:192.168.69.77:34717, c5d3fb7b-5f23-4188-bfd8-67ca8a27f584:192.168.69.77:35053], old=null
2019-07-14 16:17:49,975 INFO  impl.RaftServerImpl (RaftServerImpl.java:setRole(171)) - 8160b874-63a6-4765-9fa0-8e802162e5de:group-EAC856C18431 changes role from FOLLOWER to FOLLOWER at term 1 for recognizeCandidate:d70c80cc-b58f-497e-83d8-fc23ab4de561
2019-07-14 16:17:49,975 INFO  impl.RoleInfo (RoleInfo.java:shutdownFollowerState(121)) - 8160b874-63a6-4765-9fa0-8e802162e5de: shutdown FollowerState
2019-07-14 16:17:49,975 INFO  impl.RoleInfo (RoleInfo.java:updateAndGet(143)) - 8160b874-63a6-4765-9fa0-8e802162e5de: start FollowerState
2019-07-14 16:17:49,976 INFO  impl.FollowerState (FollowerState.java:run(114)) - 8160b874-63a6-4765-9fa0-8e802162e5de: FollowerState was interrupted: java.lang.InterruptedException: sleep interrupted
2019-07-14 16:17:49,987 INFO  impl.LeaderElection (LeaderElection.java:askForVotes(181)) - c5d3fb7b-5f23-4188-bfd8-67ca8a27f584:group-EAC856C18431:LeaderElection67: begin an election at term 1 for -1: [d70c80cc-b58f-497e-83d8-fc23ab4de561:192.168.69.77:42674, 8160b874-63a6-4765-9fa0-8e802162e5de:192.168.69.77:34717, c5d3fb7b-5f23-4188-bfd8-67ca8a27f584:192.168.69.77:35053], old=null
2019-07-14 16:17:49,998 INFO  impl.LeaderElection (LeaderElection.java:logAndReturn(56)) - d70c80cc-b58f-497e-83d8-fc23ab4de561:group-EAC856C18431:LeaderElection66: Election PASSED; received 2 response(s) [d70c80cc-b58f-497e-83d8-fc23ab4de561<-8160b874-63a6-4765-9fa0-8e802162e5de#0:OK-t1, d70c80cc-b58f-497e-83d8-fc23ab4de561<-c5d3fb7b-5f23-4188-bfd8-67ca8a27f584#0:FAIL-t1] and 0 exception(s); d70c80cc-b58f-497e-83d8-fc23ab4de561:t1, leader=null, voted=d70c80cc-b58f-497e-83d8-fc23ab4de561, raftlog=d70c80cc-b58f-497e-83d8-fc23ab4de561-SegmentedRaftLog:OPENED:c-1,f-1,i0, conf=-1: [d70c80cc-b58f-497e-83d8-fc23ab4de561:192.168.69.77:42674, 8160b874-63a6-4765-9fa0-8e802162e5de:192.168.69.77:34717, c5d3fb7b-5f23-4188-bfd8-67ca8a27f584:192.168.69.77:35053], old=null
2019-07-14 16:17:49,998 INFO  impl.RoleInfo (RoleInfo.java:shutdownLeaderElection(134)) - d70c80cc-b58f-497e-83d8-fc23ab4de561: shutdown LeaderElection
2019-07-14 16:17:49,998 INFO  impl.RaftServerImpl (RaftServerImpl.java:setRole(171)) - d70c80cc-b58f-497e-83d8-fc23ab4de561:group-EAC856C18431 changes role from CANDIDATE to LEADER at term 1 for changeToLeader
2019-07-14 16:17:49,998 INFO  impl.RaftServerImpl (ServerState.java:setLeader(263)) - d70c80cc-b58f-497e-83d8-fc23ab4de561:group-EAC856C18431 change Leader from null to d70c80cc-b58f-497e-83d8-fc23ab4de561 at term 1 for becomeLeader, leader elected after 5174ms
2019-07-14 16:17:49,998 INFO  server.RaftServerConfigKeys (ConfUtils.java:logGet(43)) - raft.server.staging.catchup.gap = 1000 (default)
2019-07-14 16:17:49,998 INFO  server.RaftServerConfigKeys (ConfUtils.java:logGet(43)) - raft.server.rpc.sleep.time = 25ms (default)
2019-07-14 16:17:49,998 INFO  server.RaftServerConfigKeys (ConfUtils.java:logGet(43)) - raft.server.write.element-limit = 4096 (default)
2019-07-14 16:17:49,999 INFO  server.RaftServerConfigKeys (ConfUtils.java:logGet(43)) - raft.server.watch.timeout = 10s (default)
2019-07-14 16:17:49,999 INFO  server.RaftServerConfigKeys (ConfUtils.java:logGet(43)) - raft.server.watch.timeout.denomination = 1s (default)
2019-07-14 16:17:49,999 INFO  server.RaftServerConfigKeys (ConfUtils.java:logGet(43)) - raft.server.watch.element-limit = 65536 (default)
2019-07-14 16:17:49,999 INFO  server.RaftServerConfigKeys (ConfUtils.java:logGet(43)) - raft.server.log.appender.snapshot.chunk.size.max = 16MB (=16777216) (default)
2019-07-14 16:17:49,999 INFO  server.RaftServerConfigKeys (ConfUtils.java:logGet(43)) - raft.server.log.appender.buffer.byte-limit = 33554432 (custom)
2019-07-14 16:17:50,000 INFO  server.RaftServerConfigKeys (ConfUtils.java:logGet(43)) - raft.server.log.appender.buffer.element-limit = 1 (custom)
2019-07-14 16:17:50,000 INFO  grpc.GrpcConfigKeys$Server (ConfUtils.java:logGet(43)) - raft.grpc.server.leader.outstanding.appends.max = 128 (default)
2019-07-14 16:17:50,000 INFO  server.RaftServerConfigKeys (ConfUtils.java:logGet(43)) - raft.server.rpc.request.timeout = 3000ms (default)
2019-07-14 16:17:50,000 INFO  server.RaftServerConfigKeys (ConfUtils.java:logGet(43)) - raft.server.log.appender.install.snapshot.enabled = false (custom)
2019-07-14 16:17:50,000 INFO  server.RaftServerConfigKeys (ConfUtils.java:logGet(43)) - raft.server.log.appender.snapshot.chunk.size.max = 16MB (=16777216) (default)
2019-07-14 16:17:50,001 INFO  server.RaftServerConfigKeys (ConfUtils.java:logGet(43)) - raft.server.log.appender.buffer.byte-limit = 33554432 (custom)
2019-07-14 16:17:50,001 INFO  server.RaftServerConfigKeys (ConfUtils.java:logGet(43)) - raft.server.log.appender.buffer.element-limit = 1 (custom)
2019-07-14 16:17:50,001 INFO  grpc.GrpcConfigKeys$Server (ConfUtils.java:logGet(43)) - raft.grpc.server.leader.outstanding.appends.max = 128 (default)
2019-07-14 16:17:50,001 INFO  server.RaftServerConfigKeys (ConfUtils.java:logGet(43)) - raft.server.rpc.request.timeout = 3000ms (default)
2019-07-14 16:17:50,001 INFO  server.RaftServerConfigKeys (ConfUtils.java:logGet(43)) - raft.server.log.appender.install.snapshot.enabled = false (custom)
2019-07-14 16:17:50,002 INFO  impl.RoleInfo (RoleInfo.java:updateAndGet(143)) - d70c80cc-b58f-497e-83d8-fc23ab4de561: start LeaderState
2019-07-14 16:17:50,002 INFO  segmented.SegmentedRaftLogWorker (SegmentedRaftLogWorker.java:startLogSegment(380)) - d70c80cc-b58f-497e-83d8-fc23ab4de561-SegmentedRaftLogWorker:Storage Directory /workdir/hadoop-ozone/integration-test/target/test-dir/MiniOzoneClusterImpl-a42058f9-0926-4627-ba37-da9acccbcb73/datanode-3/data/ratis/8ca85c1a-b416-47b3-8852-eac856c18431: Starting segment from index:0
2019-07-14 16:17:50,003 INFO  impl.RaftServerImpl (ServerState.java:setRaftConf(361)) - d70c80cc-b58f-497e-83d8-fc23ab4de561:group-EAC856C18431 set configuration 0: [d70c80cc-b58f-497e-83d8-fc23ab4de561:192.168.69.77:42674, 8160b874-63a6-4765-9fa0-8e802162e5de:192.168.69.77:34717, c5d3fb7b-5f23-4188-bfd8-67ca8a27f584:192.168.69.77:35053], old=null at 0
2019-07-14 16:17:50,003 INFO  impl.RaftServerImpl (RaftServerImpl.java:requestVote(754)) - d70c80cc-b58f-497e-83d8-fc23ab4de561-LEADER: Withhold vote from candidate c5d3fb7b-5f23-4188-bfd8-67ca8a27f584 with term 1. State: leader=d70c80cc-b58f-497e-83d8-fc23ab4de561, term=1, lastRpcElapsed=null
2019-07-14 16:17:50,028 INFO  impl.RaftServerImpl (RaftServerImpl.java:setRole(171)) - c5d3fb7b-5f23-4188-bfd8-67ca8a27f584:group-EAC856C18431 changes role from CANDIDATE to FOLLOWER at term 1 for appendEntries
2019-07-14 16:17:50,028 INFO  impl.RaftServerImpl (ServerState.java:setLeader(263)) - 8160b874-63a6-4765-9fa0-8e802162e5de:group-EAC856C18431 change Leader from null to d70c80cc-b58f-497e-83d8-fc23ab4de561 at term 1 for appendEntries, leader elected after 5204ms
2019-07-14 16:17:50,028 INFO  impl.LeaderElection (LeaderElection.java:logAndReturn(56)) - c5d3fb7b-5f23-4188-bfd8-67ca8a27f584:group-EAC856C18431:LeaderElection67: Election REJECTED; received 2 response(s) [c5d3fb7b-5f23-4188-bfd8-67ca8a27f584<-d70c80cc-b58f-497e-83d8-fc23ab4de561#0:FAIL-t1, c5d3fb7b-5f23-4188-bfd8-67ca8a27f584<-8160b874-63a6-4765-9fa0-8e802162e5de#0:FAIL-t1] and 0 exception(s); c5d3fb7b-5f23-4188-bfd8-67ca8a27f584:t1, leader=null, voted=c5d3fb7b-5f23-4188-bfd8-67ca8a27f584, raftlog=c5d3fb7b-5f23-4188-bfd8-67ca8a27f584-SegmentedRaftLog:OPENED:c-1,f-1,i0, conf=-1: [d70c80cc-b58f-497e-83d8-fc23ab4de561:192.168.69.77:42674, 8160b874-63a6-4765-9fa0-8e802162e5de:192.168.69.77:34717, c5d3fb7b-5f23-4188-bfd8-67ca8a27f584:192.168.69.77:35053], old=null
2019-07-14 16:17:50,028 INFO  impl.RoleInfo (RoleInfo.java:shutdownLeaderElection(134)) - c5d3fb7b-5f23-4188-bfd8-67ca8a27f584: shutdown LeaderElection
2019-07-14 16:17:50,029 INFO  impl.RoleInfo (RoleInfo.java:updateAndGet(143)) - c5d3fb7b-5f23-4188-bfd8-67ca8a27f584: start FollowerState
2019-07-14 16:17:50,029 INFO  impl.RaftServerImpl (ServerState.java:setLeader(263)) - c5d3fb7b-5f23-4188-bfd8-67ca8a27f584:group-EAC856C18431 change Leader from null to d70c80cc-b58f-497e-83d8-fc23ab4de561 at term 1 for appendEntries, leader elected after 5206ms
2019-07-14 16:17:50,039 INFO  segmented.SegmentedRaftLogWorker (SegmentedRaftLogWorker.java:execute(569)) - d70c80cc-b58f-497e-83d8-fc23ab4de561-SegmentedRaftLogWorker:Storage Directory /workdir/hadoop-ozone/integration-test/target/test-dir/MiniOzoneClusterImpl-a42058f9-0926-4627-ba37-da9acccbcb73/datanode-3/data/ratis/8ca85c1a-b416-47b3-8852-eac856c18431: created new log segment /workdir/hadoop-ozone/integration-test/target/test-dir/MiniOzoneClusterImpl-a42058f9-0926-4627-ba37-da9acccbcb73/datanode-3/data/ratis/8ca85c1a-b416-47b3-8852-eac856c18431/current/log_inprogress_0
2019-07-14 16:17:50,039 INFO  impl.RaftServerImpl (ServerState.java:setRaftConf(361)) - 8160b874-63a6-4765-9fa0-8e802162e5de:group-EAC856C18431 set configuration 0: [d70c80cc-b58f-497e-83d8-fc23ab4de561:192.168.69.77:42674, 8160b874-63a6-4765-9fa0-8e802162e5de:192.168.69.77:34717, c5d3fb7b-5f23-4188-bfd8-67ca8a27f584:192.168.69.77:35053], old=null at 0
2019-07-14 16:17:50,040 INFO  segmented.SegmentedRaftLogWorker (SegmentedRaftLogWorker.java:startLogSegment(380)) - 8160b874-63a6-4765-9fa0-8e802162e5de-SegmentedRaftLogWorker:Storage Directory /workdir/hadoop-ozone/integration-test/target/test-dir/MiniOzoneClusterImpl-a42058f9-0926-4627-ba37-da9acccbcb73/datanode-4/data/ratis/8ca85c1a-b416-47b3-8852-eac856c18431: Starting segment from index:0
2019-07-14 16:17:50,040 INFO  impl.RaftServerImpl (ServerState.java:setRaftConf(361)) - c5d3fb7b-5f23-4188-bfd8-67ca8a27f584:group-EAC856C18431 set configuration 0: [d70c80cc-b58f-497e-83d8-fc23ab4de561:192.168.69.77:42674, 8160b874-63a6-4765-9fa0-8e802162e5de:192.168.69.77:34717, c5d3fb7b-5f23-4188-bfd8-67ca8a27f584:192.168.69.77:35053], old=null at 0
2019-07-14 16:17:50,040 INFO  segmented.SegmentedRaftLogWorker (SegmentedRaftLogWorker.java:startLogSegment(380)) - c5d3fb7b-5f23-4188-bfd8-67ca8a27f584-SegmentedRaftLogWorker:Storage Directory /workdir/hadoop-ozone/integration-test/target/test-dir/MiniOzoneClusterImpl-a42058f9-0926-4627-ba37-da9acccbcb73/datanode-5/data/ratis/8ca85c1a-b416-47b3-8852-eac856c18431: Starting segment from index:0
2019-07-14 16:17:50,072 INFO  segmented.SegmentedRaftLogWorker (SegmentedRaftLogWorker.java:execute(569)) - 8160b874-63a6-4765-9fa0-8e802162e5de-SegmentedRaftLogWorker:Storage Directory /workdir/hadoop-ozone/integration-test/target/test-dir/MiniOzoneClusterImpl-a42058f9-0926-4627-ba37-da9acccbcb73/datanode-4/data/ratis/8ca85c1a-b416-47b3-8852-eac856c18431: created new log segment /workdir/hadoop-ozone/integration-test/target/test-dir/MiniOzoneClusterImpl-a42058f9-0926-4627-ba37-da9acccbcb73/datanode-4/data/ratis/8ca85c1a-b416-47b3-8852-eac856c18431/current/log_inprogress_0
2019-07-14 16:17:50,072 INFO  segmented.SegmentedRaftLogWorker (SegmentedRaftLogWorker.java:execute(569)) - c5d3fb7b-5f23-4188-bfd8-67ca8a27f584-SegmentedRaftLogWorker:Storage Directory /workdir/hadoop-ozone/integration-test/target/test-dir/MiniOzoneClusterImpl-a42058f9-0926-4627-ba37-da9acccbcb73/datanode-5/data/ratis/8ca85c1a-b416-47b3-8852-eac856c18431: created new log segment /workdir/hadoop-ozone/integration-test/target/test-dir/MiniOzoneClusterImpl-a42058f9-0926-4627-ba37-da9acccbcb73/datanode-5/data/ratis/8ca85c1a-b416-47b3-8852-eac856c18431/current/log_inprogress_0
2019-07-14 16:17:50,081 INFO  statemachine.DatanodeStateMachine (DatanodeStateMachine.java:lambda$startDaemon$0(350)) - Ozone container server started.
2019-07-14 16:17:51,524 WARN  server.GrpcLogAppender (LogUtils.java:warn(134)) - 5c3f8082-86fd-4ec8-83c5-19f28657242e->c6caa481-fc39-4fa3-8faf-817af7fe412a: Failed appendEntries: org.apache.ratis.thirdparty.io.grpc.StatusRuntimeException: UNAVAILABLE: io exception
2019-07-14 16:17:51,524 WARN  server.GrpcLogAppender (LogUtils.java:warn(134)) - 5c3f8082-86fd-4ec8-83c5-19f28657242e->bde8c970-78a9-487e-beef-ecea974b9f52: Failed appendEntries: org.apache.ratis.thirdparty.io.grpc.StatusRuntimeException: UNAVAILABLE: io exception
2019-07-14 16:17:51,532 INFO  impl.FollowerInfo (FollowerInfo.java:lambda$new$0(50)) - 5c3f8082-86fd-4ec8-83c5-19f28657242e->c6caa481-fc39-4fa3-8faf-817af7fe412a: nextIndex: updateUnconditionally 0 -> 0
2019-07-14 16:17:51,540 INFO  impl.FollowerInfo (FollowerInfo.java:lambda$new$0(50)) - 5c3f8082-86fd-4ec8-83c5-19f28657242e->bde8c970-78a9-487e-beef-ecea974b9f52: nextIndex: updateUnconditionally 0 -> 0
2019-07-14 16:17:52,133 INFO  node.StaleNodeHandler (StaleNodeHandler.java:onMessage(58)) - Datanode 58e1bc26-88f4-4d48-ab6d-7461377ebc32{ip: 192.168.69.77, host: pr-hdds-1710-5x6jb-1204890111, networkLocation: /default-rack, certSerialId: null} moved to stale state. Finalizing its pipelines [PipelineID=c9fece4a-923f-40c6-a857-ff713e887384, PipelineID=798bd512-37e3-4edd-94bc-8c0a03ceb9f1]
2019-07-14 16:17:52,133 INFO  pipeline.SCMPipelineManager (SCMPipelineManager.java:finalizeAndDestroyPipeline(309)) - destroying pipeline:Pipeline[ Id: c9fece4a-923f-40c6-a857-ff713e887384, Nodes: 58e1bc26-88f4-4d48-ab6d-7461377ebc32{ip: 192.168.69.77, host: pr-hdds-1710-5x6jb-1204890111, networkLocation: /default-rack, certSerialId: null}87d50328-7ac1-415d-bb41-23cea3be7e2b{ip: 192.168.69.77, host: pr-hdds-1710-5x6jb-1204890111, networkLocation: /default-rack, certSerialId: null}d7574934-53ba-489d-8caa-ad6ea7b6c729{ip: 192.168.69.77, host: pr-hdds-1710-5x6jb-1204890111, networkLocation: /default-rack, certSerialId: null}, Type:RATIS, Factor:THREE, State:OPEN]
2019-07-14 16:17:52,134 INFO  pipeline.PipelineStateManager (PipelineStateManager.java:finalizePipeline(123)) - Pipeline Pipeline[ Id: c9fece4a-923f-40c6-a857-ff713e887384, Nodes: 58e1bc26-88f4-4d48-ab6d-7461377ebc32{ip: 192.168.69.77, host: pr-hdds-1710-5x6jb-1204890111, networkLocation: /default-rack, certSerialId: null}87d50328-7ac1-415d-bb41-23cea3be7e2b{ip: 192.168.69.77, host: pr-hdds-1710-5x6jb-1204890111, networkLocation: /default-rack, certSerialId: null}d7574934-53ba-489d-8caa-ad6ea7b6c729{ip: 192.168.69.77, host: pr-hdds-1710-5x6jb-1204890111, networkLocation: /default-rack, certSerialId: null}, Type:RATIS, Factor:THREE, State:CLOSED] moved to CLOSED state
2019-07-14 16:17:52,134 INFO  container.CloseContainerEventHandler (CloseContainerEventHandler.java:onMessage(61)) - Close container Event triggered for container : #1
2019-07-14 16:17:52,135 INFO  pipeline.SCMPipelineManager (SCMPipelineManager.java:finalizeAndDestroyPipeline(309)) - destroying pipeline:Pipeline[ Id: 798bd512-37e3-4edd-94bc-8c0a03ceb9f1, Nodes: 58e1bc26-88f4-4d48-ab6d-7461377ebc32{ip: 192.168.69.77, host: pr-hdds-1710-5x6jb-1204890111, networkLocation: /default-rack, certSerialId: null}, Type:RATIS, Factor:ONE, State:OPEN]
2019-07-14 16:17:52,135 INFO  pipeline.PipelineStateManager (PipelineStateManager.java:finalizePipeline(123)) - Pipeline Pipeline[ Id: 798bd512-37e3-4edd-94bc-8c0a03ceb9f1, Nodes: 58e1bc26-88f4-4d48-ab6d-7461377ebc32{ip: 192.168.69.77, host: pr-hdds-1710-5x6jb-1204890111, networkLocation: /default-rack, certSerialId: null}, Type:RATIS, Factor:ONE, State:CLOSED] moved to CLOSED state
2019-07-14 16:17:54,025 WARN  server.GrpcLogAppender (LogUtils.java:warn(134)) - 5c3f8082-86fd-4ec8-83c5-19f28657242e->bde8c970-78a9-487e-beef-ecea974b9f52: Failed appendEntries: org.apache.ratis.thirdparty.io.grpc.StatusRuntimeException: UNAVAILABLE: io exception
2019-07-14 16:17:54,025 WARN  server.GrpcLogAppender (LogUtils.java:warn(134)) - 5c3f8082-86fd-4ec8-83c5-19f28657242e->c6caa481-fc39-4fa3-8faf-817af7fe412a: Failed appendEntries: org.apache.ratis.thirdparty.io.grpc.StatusRuntimeException: UNAVAILABLE: io exception
2019-07-14 16:17:54,037 INFO  impl.FollowerInfo (FollowerInfo.java:lambda$new$0(50)) - 5c3f8082-86fd-4ec8-83c5-19f28657242e->bde8c970-78a9-487e-beef-ecea974b9f52: nextIndex: updateUnconditionally 0 -> 0
2019-07-14 16:17:54,044 INFO  impl.FollowerInfo (FollowerInfo.java:lambda$new$0(50)) - 5c3f8082-86fd-4ec8-83c5-19f28657242e->c6caa481-fc39-4fa3-8faf-817af7fe412a: nextIndex: updateUnconditionally 0 -> 0
2019-07-14 16:17:54,157 INFO  interfaces.Container (KeyValueContainer.java:compactDB(356)) - Container 1 is closed with bcsId 3.
2019-07-14 16:17:54,174 INFO  interfaces.Container (KeyValueContainer.java:compactDB(356)) - Container 1 is closed with bcsId 3.
2019-07-14 16:17:54,190 INFO  interfaces.Container (KeyValueContainer.java:compactDB(356)) - Container 1 is closed with bcsId 3.
2019-07-14 16:17:54,232 INFO  ozoneimpl.OzoneContainer (OzoneContainer.java:stop(199)) - Attempting to stop container services.
2019-07-14 16:17:54,232 INFO  impl.RaftServerProxy (RaftServerProxy.java:lambda$close$4(314)) - 58e1bc26-88f4-4d48-ab6d-7461377ebc32: close
2019-07-14 16:17:54,233 INFO  impl.RaftServerImpl (RaftServerImpl.java:lambda$shutdown$3(245)) - 58e1bc26-88f4-4d48-ab6d-7461377ebc32: shutdown group-FF713E887384
2019-07-14 16:17:54,234 INFO  impl.RaftServerImpl (RaftServerImpl.java:lambda$shutdown$3(245)) - 58e1bc26-88f4-4d48-ab6d-7461377ebc32: shutdown group-8C0A03CEB9F1
2019-07-14 16:17:54,234 INFO  util.JmxRegister (JmxRegister.java:unregister(73)) - Successfully un-registered JMX Bean with object name Ratis:service=RaftServer,group=group-FF713E887384,id=58e1bc26-88f4-4d48-ab6d-7461377ebc32
2019-07-14 16:17:54,234 INFO  util.JmxRegister (JmxRegister.java:unregister(73)) - Successfully un-registered JMX Bean with object name Ratis:service=RaftServer,group=group-8C0A03CEB9F1,id=58e1bc26-88f4-4d48-ab6d-7461377ebc32
2019-07-14 16:17:54,235 INFO  impl.RoleInfo (RoleInfo.java:shutdownFollowerState(121)) - 58e1bc26-88f4-4d48-ab6d-7461377ebc32: shutdown FollowerState
2019-07-14 16:17:54,235 INFO  impl.RoleInfo (RoleInfo.java:shutdownLeaderState(104)) - 58e1bc26-88f4-4d48-ab6d-7461377ebc32: shutdown LeaderState
2019-07-14 16:17:54,235 INFO  impl.StateMachineUpdater (StateMachineUpdater.java:stopAndJoin(115)) - StateMachineUpdater:58e1bc26-88f4-4d48-ab6d-7461377ebc32:group-FF713E887384: set stopIndex = 5
2019-07-14 16:17:54,235 INFO  impl.PendingRequests (PendingRequests.java:sendNotLeaderResponses(202)) - 58e1bc26-88f4-4d48-ab6d-7461377ebc32-PendingRequests: sendNotLeaderResponses
2019-07-14 16:17:54,235 INFO  ratis.ContainerStateMachine (ContainerStateMachine.java:takeSnapshot(246)) - Taking snapshot at termIndex:(t:1, i:5)
2019-07-14 16:17:54,235 INFO  impl.FollowerState (FollowerState.java:run(114)) - 58e1bc26-88f4-4d48-ab6d-7461377ebc32: FollowerState was interrupted: java.lang.InterruptedException: sleep interrupted
2019-07-14 16:17:54,236 INFO  impl.StateMachineUpdater (StateMachineUpdater.java:stopAndJoin(115)) - StateMachineUpdater:58e1bc26-88f4-4d48-ab6d-7461377ebc32:group-8C0A03CEB9F1: set stopIndex = 0
2019-07-14 16:17:54,236 INFO  ratis.ContainerStateMachine (ContainerStateMachine.java:takeSnapshot(250)) - Taking a snapshot to file /workdir/hadoop-ozone/integration-test/target/test-dir/MiniOzoneClusterImpl-a42058f9-0926-4627-ba37-da9acccbcb73/datanode-0/data/ratis/c9fece4a-923f-40c6-a857-ff713e887384/sm/snapshot.1_5
2019-07-14 16:17:54,236 INFO  ratis.ContainerStateMachine (ContainerStateMachine.java:takeSnapshot(246)) - Taking snapshot at termIndex:(t:0, i:~)
2019-07-14 16:17:54,247 INFO  impl.RaftServerImpl (ServerState.java:close(394)) - 58e1bc26-88f4-4d48-ab6d-7461377ebc32:group-8C0A03CEB9F1 closes. The last applied log index is 0
2019-07-14 16:17:54,247 INFO  impl.StateMachineUpdater (StateMachineUpdater.java:takeSnapshot(242)) - StateMachineUpdater:58e1bc26-88f4-4d48-ab6d-7461377ebc32:group-FF713E887384: Took a snapshot at index 5
2019-07-14 16:17:54,247 INFO  impl.StateMachineUpdater (StateMachineUpdater.java:lambda$new$0(80)) - StateMachineUpdater:58e1bc26-88f4-4d48-ab6d-7461377ebc32:group-FF713E887384: snapshotIndex: updateIncreasingly -1 -> 5
2019-07-14 16:17:54,247 INFO  segmented.SegmentedRaftLogWorker (SegmentedRaftLogWorker.java:run(313)) - 58e1bc26-88f4-4d48-ab6d-7461377ebc32-SegmentedRaftLogWorker:Storage Directory /workdir/hadoop-ozone/integration-test/target/test-dir/MiniOzoneClusterImpl-a42058f9-0926-4627-ba37-da9acccbcb73/datanode-0/data/ratis/798bd512-37e3-4edd-94bc-8c0a03ceb9f1 was interrupted, exiting. There are 0 tasks remaining in the queue.
2019-07-14 16:17:54,256 INFO  impl.RaftServerImpl (ServerState.java:close(394)) - 58e1bc26-88f4-4d48-ab6d-7461377ebc32:group-FF713E887384 closes. The last applied log index is 5
2019-07-14 16:17:54,256 INFO  segmented.SegmentedRaftLogWorker (SegmentedRaftLogWorker.java:close(228)) - 58e1bc26-88f4-4d48-ab6d-7461377ebc32-SegmentedRaftLogWorker:Storage Directory /workdir/hadoop-ozone/integration-test/target/test-dir/MiniOzoneClusterImpl-a42058f9-0926-4627-ba37-da9acccbcb73/datanode-0/data/ratis/798bd512-37e3-4edd-94bc-8c0a03ceb9f1 close()
2019-07-14 16:17:54,256 INFO  segmented.SegmentedRaftLogWorker (SegmentedRaftLogWorker.java:run(313)) - 58e1bc26-88f4-4d48-ab6d-7461377ebc32-SegmentedRaftLogWorker:Storage Directory /workdir/hadoop-ozone/integration-test/target/test-dir/MiniOzoneClusterImpl-a42058f9-0926-4627-ba37-da9acccbcb73/datanode-0/data/ratis/c9fece4a-923f-40c6-a857-ff713e887384 was interrupted, exiting. There are 0 tasks remaining in the queue.
2019-07-14 16:17:54,278 INFO  segmented.SegmentedRaftLogWorker (SegmentedRaftLogWorker.java:close(228)) - 58e1bc26-88f4-4d48-ab6d-7461377ebc32-SegmentedRaftLogWorker:Storage Directory /workdir/hadoop-ozone/integration-test/target/test-dir/MiniOzoneClusterImpl-a42058f9-0926-4627-ba37-da9acccbcb73/datanode-0/data/ratis/c9fece4a-923f-40c6-a857-ff713e887384 close()
2019-07-14 16:17:54,292 INFO  server.GrpcService (GrpcService.java:closeImpl(155)) - 58e1bc26-88f4-4d48-ab6d-7461377ebc32: shutdown server with port 41122 now
2019-07-14 16:17:54,294 WARN  server.GrpcServerProtocolService (LogUtils.java:warn(134)) - 58e1bc26-88f4-4d48-ab6d-7461377ebc32: appendEntries onError: org.apache.ratis.thirdparty.io.grpc.StatusRuntimeException: CANCELLED: cancelled before receiving half close
2019-07-14 16:17:54,295 WARN  server.GrpcLogAppender (LogUtils.java:warn(134)) - d7574934-53ba-489d-8caa-ad6ea7b6c729->58e1bc26-88f4-4d48-ab6d-7461377ebc32: Failed appendEntries: org.apache.ratis.thirdparty.io.grpc.StatusRuntimeException: CANCELLED: HTTP/2 error code: CANCEL
Received Rst Stream
2019-07-14 16:17:54,295 INFO  server.GrpcService (GrpcService.java:closeImpl(163)) - 58e1bc26-88f4-4d48-ab6d-7461377ebc32: shutdown server with port 41122 successfully
2019-07-14 16:17:54,295 INFO  impl.FollowerInfo (FollowerInfo.java:lambda$new$0(50)) - d7574934-53ba-489d-8caa-ad6ea7b6c729->58e1bc26-88f4-4d48-ab6d-7461377ebc32: nextIndex: updateUnconditionally 7 -> 6
2019-07-14 16:17:54,296 INFO  utils.BackgroundService (BackgroundService.java:shutdown(148)) - Shutting down service BlockDeletingService
2019-07-14 16:17:54,298 WARN  fs.CachingGetSpaceUsed (CachingGetSpaceUsed.java:run(183)) - Thread Interrupted waiting to refresh disk information: sleep interrupted
2019-07-14 16:17:54,337 INFO  statemachine.DatanodeStateMachine (DatanodeStateMachine.java:stopDaemon(395)) - Ozone container server stopped.
2019-07-14 16:17:54,339 INFO  handler.ContextHandler (ContextHandler.java:doStop(910)) - Stopped o.e.j.w.WebAppContext@6a25c9ad{/,null,UNAVAILABLE}{/hddsDatanode}
2019-07-14 16:17:54,340 INFO  server.AbstractConnector (AbstractConnector.java:doStop(318)) - Stopped ServerConnector@3e7940b3{HTTP/1.1,[http/1.1]}{0.0.0.0:0}
2019-07-14 16:17:54,341 INFO  handler.ContextHandler (ContextHandler.java:doStop(910)) - Stopped o.e.j.s.ServletContextHandler@20a434a8{/static,jar:file:/home/user/.m2/repository/org/apache/hadoop/hadoop-hdds-container-service/0.5.0-SNAPSHOT/hadoop-hdds-container-service-0.5.0-SNAPSHOT.jar!/webapps/static,UNAVAILABLE}
2019-07-14 16:17:54,341 INFO  handler.ContextHandler (ContextHandler.java:doStop(910)) - Stopped o.e.j.s.ServletContextHandler@2553fbd0{/logs,file:///workdir/hadoop-ozone/integration-test/target/log,UNAVAILABLE}
16:17:54.356 [grpc-default-executor-6] ERROR DNAudit - user=null | ip=null | op=WRITE_CHUNK {blockData=conID: 1 locID: 102440702166827029 bcsId: 3} | ret=FAILURE
org.apache.hadoop.hdds.scm.container.common.helpers.ContainerNotOpenException: Container 1 in CLOSED state
	at org.apache.hadoop.ozone.container.common.impl.HddsDispatcher.validateContainerCommand(HddsDispatcher.java:408) ~[hadoop-hdds-container-service-0.5.0-SNAPSHOT.jar:?]
	at org.apache.hadoop.ozone.container.common.transport.server.ratis.ContainerStateMachine.startTransaction(ContainerStateMachine.java:271) ~[hadoop-hdds-container-service-0.5.0-SNAPSHOT.jar:?]
	at org.apache.ratis.server.impl.RaftServerImpl.submitClientRequestAsync(RaftServerImpl.java:566) ~[ratis-server-0.4.0-2337318-SNAPSHOT.jar:0.4.0-2337318-SNAPSHOT]
	at org.apache.ratis.server.impl.RaftServerProxy.lambda$submitClientRequestAsync$7(RaftServerProxy.java:333) ~[ratis-server-0.4.0-2337318-SNAPSHOT.jar:0.4.0-2337318-SNAPSHOT]
	at org.apache.ratis.server.impl.RaftServerProxy.lambda$null$5(RaftServerProxy.java:328) ~[ratis-server-0.4.0-2337318-SNAPSHOT.jar:0.4.0-2337318-SNAPSHOT]
	at org.apache.ratis.util.JavaUtils.callAsUnchecked(JavaUtils.java:109) ~[ratis-common-0.4.0-2337318-SNAPSHOT.jar:0.4.0-2337318-SNAPSHOT]
	at org.apache.ratis.server.impl.RaftServerProxy.lambda$submitRequest$6(RaftServerProxy.java:328) ~[ratis-server-0.4.0-2337318-SNAPSHOT.jar:0.4.0-2337318-SNAPSHOT]
	at java.util.concurrent.CompletableFuture.uniComposeStage(CompletableFuture.java:981) ~[?:1.8.0_212]
	at java.util.concurrent.CompletableFuture.thenCompose(CompletableFuture.java:2124) ~[?:1.8.0_212]
	at org.apache.ratis.server.impl.RaftServerProxy.submitRequest(RaftServerProxy.java:327) ~[ratis-server-0.4.0-2337318-SNAPSHOT.jar:0.4.0-2337318-SNAPSHOT]
	at org.apache.ratis.server.impl.RaftServerProxy.submitClientRequestAsync(RaftServerProxy.java:333) ~[ratis-server-0.4.0-2337318-SNAPSHOT.jar:0.4.0-2337318-SNAPSHOT]
	at org.apache.ratis.grpc.client.GrpcClientProtocolService$RequestStreamObserver.processClientRequest(GrpcClientProtocolService.java:220) ~[ratis-grpc-0.4.0-2337318-SNAPSHOT.jar:0.4.0-2337318-SNAPSHOT]
	at org.apache.ratis.grpc.client.GrpcClientProtocolService$OrderedRequestStreamObserver.processClientRequest(GrpcClientProtocolService.java:326) ~[ratis-grpc-0.4.0-2337318-SNAPSHOT.jar:0.4.0-2337318-SNAPSHOT]
	at org.apache.ratis.util.SlidingWindow$Server.processRequestsFromHead(SlidingWindow.java:429) [ratis-common-0.4.0-2337318-SNAPSHOT.jar:0.4.0-2337318-SNAPSHOT]
	at org.apache.ratis.util.SlidingWindow$Server.receivedRequest(SlidingWindow.java:421) [ratis-common-0.4.0-2337318-SNAPSHOT.jar:0.4.0-2337318-SNAPSHOT]
	at org.apache.ratis.grpc.client.GrpcClientProtocolService$OrderedRequestStreamObserver.processClientRequest(GrpcClientProtocolService.java:345) [ratis-grpc-0.4.0-2337318-SNAPSHOT.jar:0.4.0-2337318-SNAPSHOT]
	at org.apache.ratis.grpc.client.GrpcClientProtocolService$RequestStreamObserver.onNext(GrpcClientProtocolService.java:240) [ratis-grpc-0.4.0-2337318-SNAPSHOT.jar:0.4.0-2337318-SNAPSHOT]
	at org.apache.ratis.grpc.client.GrpcClientProtocolService$RequestStreamObserver.onNext(GrpcClientProtocolService.java:168) [ratis-grpc-0.4.0-2337318-SNAPSHOT.jar:0.4.0-2337318-SNAPSHOT]
	at org.apache.ratis.thirdparty.io.grpc.stub.ServerCalls$StreamingServerCallHandler$StreamingServerCallListener.onMessage(ServerCalls.java:248) [ratis-thirdparty-misc-0.2.0.jar:0.2.0]
	at org.apache.ratis.thirdparty.io.grpc.internal.ServerCallImpl$ServerStreamListenerImpl.messagesAvailable(ServerCallImpl.java:263) [ratis-thirdparty-misc-0.2.0.jar:0.2.0]
	at org.apache.ratis.thirdparty.io.grpc.internal.ServerImpl$JumpToApplicationThreadServerStreamListener$1MessagesAvailable.runInContext(ServerImpl.java:686) [ratis-thirdparty-misc-0.2.0.jar:0.2.0]
	at org.apache.ratis.thirdparty.io.grpc.internal.ContextRunnable.run(ContextRunnable.java:37) [ratis-thirdparty-misc-0.2.0.jar:0.2.0]
	at org.apache.ratis.thirdparty.io.grpc.internal.SerializingExecutor.run(SerializingExecutor.java:123) [ratis-thirdparty-misc-0.2.0.jar:0.2.0]
	at java.util.concurrent.ThreadPoolExecutor.runWorker(ThreadPoolExecutor.java:1149) [?:1.8.0_212]
	at java.util.concurrent.ThreadPoolExecutor$Worker.run(ThreadPoolExecutor.java:624) [?:1.8.0_212]
	at java.lang.Thread.run(Thread.java:748) [?:1.8.0_212]
16:17:54.367 [grpc-default-executor-6] ERROR DNAudit - user=null | ip=null | op=PUT_BLOCK {blockData=[blockId=conID: 1 locID: 102440702166827029 bcsId: 0,size=2097152]} | ret=FAILURE
org.apache.hadoop.hdds.scm.container.common.helpers.ContainerNotOpenException: Container 1 in CLOSED state
	at org.apache.hadoop.ozone.container.common.impl.HddsDispatcher.validateContainerCommand(HddsDispatcher.java:408) ~[hadoop-hdds-container-service-0.5.0-SNAPSHOT.jar:?]
	at org.apache.hadoop.ozone.container.common.transport.server.ratis.ContainerStateMachine.startTransaction(ContainerStateMachine.java:271) ~[hadoop-hdds-container-service-0.5.0-SNAPSHOT.jar:?]
	at org.apache.ratis.server.impl.RaftServerImpl.submitClientRequestAsync(RaftServerImpl.java:566) ~[ratis-server-0.4.0-2337318-SNAPSHOT.jar:0.4.0-2337318-SNAPSHOT]
	at org.apache.ratis.server.impl.RaftServerProxy.lambda$submitClientRequestAsync$7(RaftServerProxy.java:333) ~[ratis-server-0.4.0-2337318-SNAPSHOT.jar:0.4.0-2337318-SNAPSHOT]
	at org.apache.ratis.server.impl.RaftServerProxy.lambda$null$5(RaftServerProxy.java:328) ~[ratis-server-0.4.0-2337318-SNAPSHOT.jar:0.4.0-2337318-SNAPSHOT]
	at org.apache.ratis.util.JavaUtils.callAsUnchecked(JavaUtils.java:109) ~[ratis-common-0.4.0-2337318-SNAPSHOT.jar:0.4.0-2337318-SNAPSHOT]
	at org.apache.ratis.server.impl.RaftServerProxy.lambda$submitRequest$6(RaftServerProxy.java:328) ~[ratis-server-0.4.0-2337318-SNAPSHOT.jar:0.4.0-2337318-SNAPSHOT]
	at java.util.concurrent.CompletableFuture.uniComposeStage(CompletableFuture.java:981) ~[?:1.8.0_212]
	at java.util.concurrent.CompletableFuture.thenCompose(CompletableFuture.java:2124) ~[?:1.8.0_212]
	at org.apache.ratis.server.impl.RaftServerProxy.submitRequest(RaftServerProxy.java:327) ~[ratis-server-0.4.0-2337318-SNAPSHOT.jar:0.4.0-2337318-SNAPSHOT]
	at org.apache.ratis.server.impl.RaftServerProxy.submitClientRequestAsync(RaftServerProxy.java:333) ~[ratis-server-0.4.0-2337318-SNAPSHOT.jar:0.4.0-2337318-SNAPSHOT]
	at org.apache.ratis.grpc.client.GrpcClientProtocolService$RequestStreamObserver.processClientRequest(GrpcClientProtocolService.java:220) ~[ratis-grpc-0.4.0-2337318-SNAPSHOT.jar:0.4.0-2337318-SNAPSHOT]
	at org.apache.ratis.grpc.client.GrpcClientProtocolService$OrderedRequestStreamObserver.processClientRequest(GrpcClientProtocolService.java:326) ~[ratis-grpc-0.4.0-2337318-SNAPSHOT.jar:0.4.0-2337318-SNAPSHOT]
	at org.apache.ratis.util.SlidingWindow$Server.processRequestsFromHead(SlidingWindow.java:429) [ratis-common-0.4.0-2337318-SNAPSHOT.jar:0.4.0-2337318-SNAPSHOT]
	at org.apache.ratis.util.SlidingWindow$Server.receivedRequest(SlidingWindow.java:421) [ratis-common-0.4.0-2337318-SNAPSHOT.jar:0.4.0-2337318-SNAPSHOT]
	at org.apache.ratis.grpc.client.GrpcClientProtocolService$OrderedRequestStreamObserver.processClientRequest(GrpcClientProtocolService.java:345) [ratis-grpc-0.4.0-2337318-SNAPSHOT.jar:0.4.0-2337318-SNAPSHOT]
	at org.apache.ratis.grpc.client.GrpcClientProtocolService$RequestStreamObserver.onNext(GrpcClientProtocolService.java:240) [ratis-grpc-0.4.0-2337318-SNAPSHOT.jar:0.4.0-2337318-SNAPSHOT]
	at org.apache.ratis.grpc.client.GrpcClientProtocolService$RequestStreamObserver.onNext(GrpcClientProtocolService.java:168) [ratis-grpc-0.4.0-2337318-SNAPSHOT.jar:0.4.0-2337318-SNAPSHOT]
	at org.apache.ratis.thirdparty.io.grpc.stub.ServerCalls$StreamingServerCallHandler$StreamingServerCallListener.onMessage(ServerCalls.java:248) [ratis-thirdparty-misc-0.2.0.jar:0.2.0]
	at org.apache.ratis.thirdparty.io.grpc.internal.ServerCallImpl$ServerStreamListenerImpl.messagesAvailable(ServerCallImpl.java:263) [ratis-thirdparty-misc-0.2.0.jar:0.2.0]
	at org.apache.ratis.thirdparty.io.grpc.internal.ServerImpl$JumpToApplicationThreadServerStreamListener$1MessagesAvailable.runInContext(ServerImpl.java:686) [ratis-thirdparty-misc-0.2.0.jar:0.2.0]
	at org.apache.ratis.thirdparty.io.grpc.internal.ContextRunnable.run(ContextRunnable.java:37) [ratis-thirdparty-misc-0.2.0.jar:0.2.0]
	at org.apache.ratis.thirdparty.io.grpc.internal.SerializingExecutor.run(SerializingExecutor.java:123) [ratis-thirdparty-misc-0.2.0.jar:0.2.0]
	at java.util.concurrent.ThreadPoolExecutor.runWorker(ThreadPoolExecutor.java:1149) [?:1.8.0_212]
	at java.util.concurrent.ThreadPoolExecutor$Worker.run(ThreadPoolExecutor.java:624) [?:1.8.0_212]
	at java.lang.Thread.run(Thread.java:748) [?:1.8.0_212]
16:17:54.393 [grpc-default-executor-7] ERROR DNAudit - user=null | ip=null | op=WRITE_CHUNK {blockData=conID: 1 locID: 102440702166827029 bcsId: 3} | ret=FAILURE
org.apache.hadoop.hdds.scm.container.common.helpers.ContainerNotOpenException: Container 1 in CLOSED state
	at org.apache.hadoop.ozone.container.common.impl.HddsDispatcher.validateContainerCommand(HddsDispatcher.java:408) ~[hadoop-hdds-container-service-0.5.0-SNAPSHOT.jar:?]
	at org.apache.hadoop.ozone.container.common.transport.server.ratis.ContainerStateMachine.startTransaction(ContainerStateMachine.java:271) ~[hadoop-hdds-container-service-0.5.0-SNAPSHOT.jar:?]
	at org.apache.ratis.server.impl.RaftServerImpl.submitClientRequestAsync(RaftServerImpl.java:566) ~[ratis-server-0.4.0-2337318-SNAPSHOT.jar:0.4.0-2337318-SNAPSHOT]
	at org.apache.ratis.server.impl.RaftServerProxy.lambda$submitClientRequestAsync$7(RaftServerProxy.java:333) ~[ratis-server-0.4.0-2337318-SNAPSHOT.jar:0.4.0-2337318-SNAPSHOT]
	at org.apache.ratis.server.impl.RaftServerProxy.lambda$null$5(RaftServerProxy.java:328) ~[ratis-server-0.4.0-2337318-SNAPSHOT.jar:0.4.0-2337318-SNAPSHOT]
	at org.apache.ratis.util.JavaUtils.callAsUnchecked(JavaUtils.java:109) ~[ratis-common-0.4.0-2337318-SNAPSHOT.jar:0.4.0-2337318-SNAPSHOT]
	at org.apache.ratis.server.impl.RaftServerProxy.lambda$submitRequest$6(RaftServerProxy.java:328) ~[ratis-server-0.4.0-2337318-SNAPSHOT.jar:0.4.0-2337318-SNAPSHOT]
	at java.util.concurrent.CompletableFuture.uniComposeStage(CompletableFuture.java:981) ~[?:1.8.0_212]
	at java.util.concurrent.CompletableFuture.thenCompose(CompletableFuture.java:2124) ~[?:1.8.0_212]
	at org.apache.ratis.server.impl.RaftServerProxy.submitRequest(RaftServerProxy.java:327) ~[ratis-server-0.4.0-2337318-SNAPSHOT.jar:0.4.0-2337318-SNAPSHOT]
	at org.apache.ratis.server.impl.RaftServerProxy.submitClientRequestAsync(RaftServerProxy.java:333) ~[ratis-server-0.4.0-2337318-SNAPSHOT.jar:0.4.0-2337318-SNAPSHOT]
	at org.apache.ratis.grpc.client.GrpcClientProtocolService$RequestStreamObserver.processClientRequest(GrpcClientProtocolService.java:220) ~[ratis-grpc-0.4.0-2337318-SNAPSHOT.jar:0.4.0-2337318-SNAPSHOT]
	at org.apache.ratis.grpc.client.GrpcClientProtocolService$OrderedRequestStreamObserver.processClientRequest(GrpcClientProtocolService.java:326) ~[ratis-grpc-0.4.0-2337318-SNAPSHOT.jar:0.4.0-2337318-SNAPSHOT]
	at org.apache.ratis.util.SlidingWindow$Server.processRequestsFromHead(SlidingWindow.java:429) [ratis-common-0.4.0-2337318-SNAPSHOT.jar:0.4.0-2337318-SNAPSHOT]
	at org.apache.ratis.util.SlidingWindow$Server.receivedRequest(SlidingWindow.java:421) [ratis-common-0.4.0-2337318-SNAPSHOT.jar:0.4.0-2337318-SNAPSHOT]
	at org.apache.ratis.grpc.client.GrpcClientProtocolService$OrderedRequestStreamObserver.processClientRequest(GrpcClientProtocolService.java:345) [ratis-grpc-0.4.0-2337318-SNAPSHOT.jar:0.4.0-2337318-SNAPSHOT]
	at org.apache.ratis.grpc.client.GrpcClientProtocolService$RequestStreamObserver.onNext(GrpcClientProtocolService.java:240) [ratis-grpc-0.4.0-2337318-SNAPSHOT.jar:0.4.0-2337318-SNAPSHOT]
	at org.apache.ratis.grpc.client.GrpcClientProtocolService$RequestStreamObserver.onNext(GrpcClientProtocolService.java:168) [ratis-grpc-0.4.0-2337318-SNAPSHOT.jar:0.4.0-2337318-SNAPSHOT]
	at org.apache.ratis.thirdparty.io.grpc.stub.ServerCalls$StreamingServerCallHandler$StreamingServerCallListener.onMessage(ServerCalls.java:248) [ratis-thirdparty-misc-0.2.0.jar:0.2.0]
	at org.apache.ratis.thirdparty.io.grpc.internal.ServerCallImpl$ServerStreamListenerImpl.messagesAvailable(ServerCallImpl.java:263) [ratis-thirdparty-misc-0.2.0.jar:0.2.0]
	at org.apache.ratis.thirdparty.io.grpc.internal.ServerImpl$JumpToApplicationThreadServerStreamListener$1MessagesAvailable.runInContext(ServerImpl.java:686) [ratis-thirdparty-misc-0.2.0.jar:0.2.0]
	at org.apache.ratis.thirdparty.io.grpc.internal.ContextRunnable.run(ContextRunnable.java:37) [ratis-thirdparty-misc-0.2.0.jar:0.2.0]
	at org.apache.ratis.thirdparty.io.grpc.internal.SerializingExecutor.run(SerializingExecutor.java:123) [ratis-thirdparty-misc-0.2.0.jar:0.2.0]
	at java.util.concurrent.ThreadPoolExecutor.runWorker(ThreadPoolExecutor.java:1149) [?:1.8.0_212]
	at java.util.concurrent.ThreadPoolExecutor$Worker.run(ThreadPoolExecutor.java:624) [?:1.8.0_212]
	at java.lang.Thread.run(Thread.java:748) [?:1.8.0_212]
2019-07-14 16:17:54,395 INFO  client.GrpcClientProtocolClient (GrpcClientProtocolClient.java:onNext(255)) - client-83AE8061E6F2->d7574934-53ba-489d-8caa-ad6ea7b6c729: receive RaftClientReply:client-83AE8061E6F2->d7574934-53ba-489d-8caa-ad6ea7b6c729@group-FF713E887384, cid=113, FAILED org.apache.ratis.protocol.StateMachineException: org.apache.hadoop.hdds.scm.container.common.helpers.ContainerNotOpenException from Server d7574934-53ba-489d-8caa-ad6ea7b6c729: Container 1 in CLOSED state, logIndex=0, commits[d7574934-53ba-489d-8caa-ad6ea7b6c729:c6, 58e1bc26-88f4-4d48-ab6d-7461377ebc32:c5, 87d50328-7ac1-415d-bb41-23cea3be7e2b:c5]
2019-07-14 16:17:54,426 INFO  client.GrpcClientProtocolClient (GrpcClientProtocolClient.java:onNext(255)) - client-83AE8061E6F2->d7574934-53ba-489d-8caa-ad6ea7b6c729: receive RaftClientReply:client-83AE8061E6F2->d7574934-53ba-489d-8caa-ad6ea7b6c729@group-FF713E887384, cid=114, FAILED org.apache.ratis.protocol.StateMachineException: org.apache.hadoop.hdds.scm.container.common.helpers.ContainerNotOpenException from Server d7574934-53ba-489d-8caa-ad6ea7b6c729: Container 1 in CLOSED state, logIndex=0, commits[d7574934-53ba-489d-8caa-ad6ea7b6c729:c6, 58e1bc26-88f4-4d48-ab6d-7461377ebc32:c5, 87d50328-7ac1-415d-bb41-23cea3be7e2b:c5]
16:17:54.426 [grpc-default-executor-7] ERROR DNAudit - user=null | ip=null | op=PUT_BLOCK {blockData=[blockId=conID: 1 locID: 102440702166827029 bcsId: 0,size=3145728]} | ret=FAILURE
org.apache.hadoop.hdds.scm.container.common.helpers.ContainerNotOpenException: Container 1 in CLOSED state
	at org.apache.hadoop.ozone.container.common.impl.HddsDispatcher.validateContainerCommand(HddsDispatcher.java:408) ~[hadoop-hdds-container-service-0.5.0-SNAPSHOT.jar:?]
	at org.apache.hadoop.ozone.container.common.transport.server.ratis.ContainerStateMachine.startTransaction(ContainerStateMachine.java:271) ~[hadoop-hdds-container-service-0.5.0-SNAPSHOT.jar:?]
	at org.apache.ratis.server.impl.RaftServerImpl.submitClientRequestAsync(RaftServerImpl.java:566) ~[ratis-server-0.4.0-2337318-SNAPSHOT.jar:0.4.0-2337318-SNAPSHOT]
	at org.apache.ratis.server.impl.RaftServerProxy.lambda$submitClientRequestAsync$7(RaftServerProxy.java:333) ~[ratis-server-0.4.0-2337318-SNAPSHOT.jar:0.4.0-2337318-SNAPSHOT]
	at org.apache.ratis.server.impl.RaftServerProxy.lambda$null$5(RaftServerProxy.java:328) ~[ratis-server-0.4.0-2337318-SNAPSHOT.jar:0.4.0-2337318-SNAPSHOT]
	at org.apache.ratis.util.JavaUtils.callAsUnchecked(JavaUtils.java:109) ~[ratis-common-0.4.0-2337318-SNAPSHOT.jar:0.4.0-2337318-SNAPSHOT]
	at org.apache.ratis.server.impl.RaftServerProxy.lambda$submitRequest$6(RaftServerProxy.java:328) ~[ratis-server-0.4.0-2337318-SNAPSHOT.jar:0.4.0-2337318-SNAPSHOT]
	at java.util.concurrent.CompletableFuture.uniComposeStage(CompletableFuture.java:981) ~[?:1.8.0_212]
	at java.util.concurrent.CompletableFuture.thenCompose(CompletableFuture.java:2124) ~[?:1.8.0_212]
	at org.apache.ratis.server.impl.RaftServerProxy.submitRequest(RaftServerProxy.java:327) ~[ratis-server-0.4.0-2337318-SNAPSHOT.jar:0.4.0-2337318-SNAPSHOT]
	at org.apache.ratis.server.impl.RaftServerProxy.submitClientRequestAsync(RaftServerProxy.java:333) ~[ratis-server-0.4.0-2337318-SNAPSHOT.jar:0.4.0-2337318-SNAPSHOT]
	at org.apache.ratis.grpc.client.GrpcClientProtocolService$RequestStreamObserver.processClientRequest(GrpcClientProtocolService.java:220) ~[ratis-grpc-0.4.0-2337318-SNAPSHOT.jar:0.4.0-2337318-SNAPSHOT]
	at org.apache.ratis.grpc.client.GrpcClientProtocolService$OrderedRequestStreamObserver.processClientRequest(GrpcClientProtocolService.java:326) ~[ratis-grpc-0.4.0-2337318-SNAPSHOT.jar:0.4.0-2337318-SNAPSHOT]
	at org.apache.ratis.util.SlidingWindow$Server.processRequestsFromHead(SlidingWindow.java:429) [ratis-common-0.4.0-2337318-SNAPSHOT.jar:0.4.0-2337318-SNAPSHOT]
	at org.apache.ratis.util.SlidingWindow$Server.receivedRequest(SlidingWindow.java:421) [ratis-common-0.4.0-2337318-SNAPSHOT.jar:0.4.0-2337318-SNAPSHOT]
	at org.apache.ratis.grpc.client.GrpcClientProtocolService$OrderedRequestStreamObserver.processClientRequest(GrpcClientProtocolService.java:345) [ratis-grpc-0.4.0-2337318-SNAPSHOT.jar:0.4.0-2337318-SNAPSHOT]
	at org.apache.ratis.grpc.client.GrpcClientProtocolService$RequestStreamObserver.onNext(GrpcClientProtocolService.java:240) [ratis-grpc-0.4.0-2337318-SNAPSHOT.jar:0.4.0-2337318-SNAPSHOT]
	at org.apache.ratis.grpc.client.GrpcClientProtocolService$RequestStreamObserver.onNext(GrpcClientProtocolService.java:168) [ratis-grpc-0.4.0-2337318-SNAPSHOT.jar:0.4.0-2337318-SNAPSHOT]
	at org.apache.ratis.thirdparty.io.grpc.stub.ServerCalls$StreamingServerCallHandler$StreamingServerCallListener.onMessage(ServerCalls.java:248) [ratis-thirdparty-misc-0.2.0.jar:0.2.0]
	at org.apache.ratis.thirdparty.io.grpc.internal.ServerCallImpl$ServerStreamListenerImpl.messagesAvailable(ServerCallImpl.java:263) [ratis-thirdparty-misc-0.2.0.jar:0.2.0]
	at org.apache.ratis.thirdparty.io.grpc.internal.ServerImpl$JumpToApplicationThreadServerStreamListener$1MessagesAvailable.runInContext(ServerImpl.java:686) [ratis-thirdparty-misc-0.2.0.jar:0.2.0]
	at org.apache.ratis.thirdparty.io.grpc.internal.ContextRunnable.run(ContextRunnable.java:37) [ratis-thirdparty-misc-0.2.0.jar:0.2.0]
	at org.apache.ratis.thirdparty.io.grpc.internal.SerializingExecutor.run(SerializingExecutor.java:123) [ratis-thirdparty-misc-0.2.0.jar:0.2.0]
	at java.util.concurrent.ThreadPoolExecutor.runWorker(ThreadPoolExecutor.java:1149) [?:1.8.0_212]
	at java.util.concurrent.ThreadPoolExecutor$Worker.run(ThreadPoolExecutor.java:624) [?:1.8.0_212]
	at java.lang.Thread.run(Thread.java:748) [?:1.8.0_212]
2019-07-14 16:17:54,443 INFO  client.GrpcClientProtocolClient (GrpcClientProtocolClient.java:onNext(255)) - client-83AE8061E6F2->d7574934-53ba-489d-8caa-ad6ea7b6c729: receive RaftClientReply:client-83AE8061E6F2->d7574934-53ba-489d-8caa-ad6ea7b6c729@group-FF713E887384, cid=115, FAILED org.apache.ratis.protocol.StateMachineException: org.apache.hadoop.hdds.scm.container.common.helpers.ContainerNotOpenException from Server d7574934-53ba-489d-8caa-ad6ea7b6c729: Container 1 in CLOSED state, logIndex=0, commits[d7574934-53ba-489d-8caa-ad6ea7b6c729:c6, 58e1bc26-88f4-4d48-ab6d-7461377ebc32:c5, 87d50328-7ac1-415d-bb41-23cea3be7e2b:c5]
2019-07-14 16:17:54,446 INFO  client.GrpcClientProtocolClient (GrpcClientProtocolClient.java:onNext(255)) - client-83AE8061E6F2->d7574934-53ba-489d-8caa-ad6ea7b6c729: receive RaftClientReply:client-83AE8061E6F2->d7574934-53ba-489d-8caa-ad6ea7b6c729@group-FF713E887384, cid=116, FAILED org.apache.ratis.protocol.StateMachineException: org.apache.hadoop.hdds.scm.container.common.helpers.ContainerNotOpenException from Server d7574934-53ba-489d-8caa-ad6ea7b6c729: Container 1 in CLOSED state, logIndex=0, commits[d7574934-53ba-489d-8caa-ad6ea7b6c729:c6, 58e1bc26-88f4-4d48-ab6d-7461377ebc32:c5, 87d50328-7ac1-415d-bb41-23cea3be7e2b:c5]
2019-07-14 16:17:54,544 INFO  client.GrpcClientProtocolClient (GrpcClientProtocolClient.java:onNext(255)) - client-E67871417927->c5d3fb7b-5f23-4188-bfd8-67ca8a27f584: receive RaftClientReply:client-E67871417927->c5d3fb7b-5f23-4188-bfd8-67ca8a27f584@group-EAC856C18431, cid=117, FAILED org.apache.ratis.protocol.NotLeaderException: Server c5d3fb7b-5f23-4188-bfd8-67ca8a27f584 is not the leader (d70c80cc-b58f-497e-83d8-fc23ab4de561:192.168.69.77:42674). Request must be sent to leader., logIndex=0, commits[c5d3fb7b-5f23-4188-bfd8-67ca8a27f584:c0, d70c80cc-b58f-497e-83d8-fc23ab4de561:c0, 8160b874-63a6-4765-9fa0-8e802162e5de:c-1]
2019-07-14 16:17:54,773 INFO  client.GrpcClientProtocolClient (GrpcClientProtocolClient.java:onNext(255)) - client-E67871417927->d70c80cc-b58f-497e-83d8-fc23ab4de561: receive RaftClientReply:client-E67871417927->d70c80cc-b58f-497e-83d8-fc23ab4de561@group-EAC856C18431, cid=117, SUCCESS, logIndex=1, commits[d70c80cc-b58f-497e-83d8-fc23ab4de561:c1, 8160b874-63a6-4765-9fa0-8e802162e5de:c0, c5d3fb7b-5f23-4188-bfd8-67ca8a27f584:c0]
2019-07-14 16:17:54,896 INFO  client.GrpcClientProtocolClient (GrpcClientProtocolClient.java:onNext(255)) - client-E67871417927->d70c80cc-b58f-497e-83d8-fc23ab4de561: receive RaftClientReply:client-E67871417927->d70c80cc-b58f-497e-83d8-fc23ab4de561@group-EAC856C18431, cid=118, SUCCESS, logIndex=3, commits[d70c80cc-b58f-497e-83d8-fc23ab4de561:c8, 8160b874-63a6-4765-9fa0-8e802162e5de:c5, c5d3fb7b-5f23-4188-bfd8-67ca8a27f584:c5]
2019-07-14 16:17:54,907 INFO  client.GrpcClientProtocolClient (GrpcClientProtocolClient.java:onNext(255)) - client-E67871417927->d70c80cc-b58f-497e-83d8-fc23ab4de561: receive RaftClientReply:client-E67871417927->d70c80cc-b58f-497e-83d8-fc23ab4de561@group-EAC856C18431, cid=119, SUCCESS, logIndex=4, commits[d70c80cc-b58f-497e-83d8-fc23ab4de561:c8, 8160b874-63a6-4765-9fa0-8e802162e5de:c5, c5d3fb7b-5f23-4188-bfd8-67ca8a27f584:c5]
2019-07-14 16:17:54,999 INFO  client.GrpcClientProtocolClient (GrpcClientProtocolClient.java:onNext(255)) - client-E67871417927->d70c80cc-b58f-497e-83d8-fc23ab4de561: receive RaftClientReply:client-E67871417927->d70c80cc-b58f-497e-83d8-fc23ab4de561@group-EAC856C18431, cid=120, SUCCESS, logIndex=5, commits[d70c80cc-b58f-497e-83d8-fc23ab4de561:c8, 8160b874-63a6-4765-9fa0-8e802162e5de:c5, c5d3fb7b-5f23-4188-bfd8-67ca8a27f584:c5]
]]></system-out>
    <system-err><![CDATA[Jul 14, 2019 4:17:38 PM com.sun.jersey.server.impl.application.WebApplicationImpl _initiate
INFO: Initiating Jersey application, version 'Jersey: 1.19 02/11/2015 03:25 AM'
Jul 14, 2019 4:17:38 PM com.sun.jersey.server.impl.application.WebApplicationImpl _initiate
INFO: Initiating Jersey application, version 'Jersey: 1.19 02/11/2015 03:25 AM'
Jul 14, 2019 4:17:39 PM com.sun.jersey.server.impl.application.WebApplicationImpl _initiate
INFO: Initiating Jersey application, version 'Jersey: 1.19 02/11/2015 03:25 AM'
Jul 14, 2019 4:17:39 PM com.sun.jersey.server.impl.application.WebApplicationImpl _initiate
INFO: Initiating Jersey application, version 'Jersey: 1.19 02/11/2015 03:25 AM'
Jul 14, 2019 4:17:40 PM com.sun.jersey.server.impl.application.WebApplicationImpl _initiate
INFO: Initiating Jersey application, version 'Jersey: 1.19 02/11/2015 03:25 AM'
Jul 14, 2019 4:17:40 PM com.sun.jersey.server.impl.application.WebApplicationImpl _initiate
INFO: Initiating Jersey application, version 'Jersey: 1.19 02/11/2015 03:25 AM'
Jul 14, 2019 4:17:41 PM org.apache.ratis.thirdparty.io.grpc.internal.ManagedChannelOrphanWrapper$ManagedChannelReference cleanQueue
SEVERE: *~*~*~ Channel ManagedChannelImpl{logId=953, target=192.168.69.77:37016} was not shutdown properly!!! ~*~*~*
    Make sure to call shutdown()/shutdownNow() and wait until awaitTermination() returns true.
java.lang.RuntimeException: ManagedChannel allocation site
	at org.apache.ratis.thirdparty.io.grpc.internal.ManagedChannelOrphanWrapper$ManagedChannelReference.<init>(ManagedChannelOrphanWrapper.java:103)
	at org.apache.ratis.thirdparty.io.grpc.internal.ManagedChannelOrphanWrapper.<init>(ManagedChannelOrphanWrapper.java:53)
	at org.apache.ratis.thirdparty.io.grpc.internal.ManagedChannelOrphanWrapper.<init>(ManagedChannelOrphanWrapper.java:44)
	at org.apache.ratis.thirdparty.io.grpc.internal.AbstractManagedChannelImplBuilder.build(AbstractManagedChannelImplBuilder.java:411)
	at org.apache.ratis.grpc.client.GrpcClientProtocolClient.<init>(GrpcClientProtocolClient.java:119)
	at org.apache.ratis.grpc.client.GrpcClientRpc.lambda$new$0(GrpcClientRpc.java:55)
	at org.apache.ratis.util.PeerProxyMap$PeerAndProxy.lambda$getProxy$0(PeerProxyMap.java:61)
	at org.apache.ratis.util.LifeCycle.startAndTransition(LifeCycle.java:202)
	at org.apache.ratis.util.PeerProxyMap$PeerAndProxy.getProxy(PeerProxyMap.java:60)
	at org.apache.ratis.util.PeerProxyMap.getProxy(PeerProxyMap.java:107)
	at org.apache.ratis.grpc.client.GrpcClientRpc.sendRequestAsync(GrpcClientRpc.java:66)
	at org.apache.ratis.client.impl.OrderedAsync.sendRequest(OrderedAsync.java:208)
	at org.apache.ratis.client.impl.OrderedAsync.sendRequestWithRetry(OrderedAsync.java:169)
	at org.apache.ratis.util.SlidingWindow$Client.sendOrDelayRequest(SlidingWindow.java:278)
	at org.apache.ratis.util.SlidingWindow$Client.retry(SlidingWindow.java:294)
	at org.apache.ratis.client.impl.OrderedAsync.lambda$scheduleWithTimeout$7(OrderedAsync.java:195)
	at org.apache.ratis.util.TimeoutScheduler.lambda$onTimeout$0(TimeoutScheduler.java:85)
	at org.apache.ratis.util.TimeoutScheduler.lambda$onTimeout$1(TimeoutScheduler.java:104)
	at org.apache.ratis.util.LogUtils.runAndLog(LogUtils.java:50)
	at org.apache.ratis.util.LogUtils$1.run(LogUtils.java:91)
	at java.util.concurrent.Executors$RunnableAdapter.call(Executors.java:511)
	at java.util.concurrent.FutureTask.run(FutureTask.java:266)
	at java.util.concurrent.ScheduledThreadPoolExecutor$ScheduledFutureTask.access$201(ScheduledThreadPoolExecutor.java:180)
	at java.util.concurrent.ScheduledThreadPoolExecutor$ScheduledFutureTask.run(ScheduledThreadPoolExecutor.java:293)
	at java.util.concurrent.ThreadPoolExecutor.runWorker(ThreadPoolExecutor.java:1149)
	at java.util.concurrent.ThreadPoolExecutor$Worker.run(ThreadPoolExecutor.java:624)
	at java.lang.Thread.run(Thread.java:748)

]]></system-err>
  </testcase>
  <testcase name="testMultiBlockWritesWithDnFailures" classname="org.apache.hadoop.ozone.client.rpc.TestFailureHandlingByClient" time="24.101">
    <error message="Unexpected Storage Container Exception: org.apache.hadoop.hdds.scm.container.common.helpers.StorageContainerException: ContainerID 3 does not exist" type="java.io.IOException">java.io.IOException: Unexpected Storage Container Exception: org.apache.hadoop.hdds.scm.container.common.helpers.StorageContainerException: ContainerID 3 does not exist
	at org.apache.hadoop.hdds.scm.storage.BlockOutputStream.setIoException(BlockOutputStream.java:549)
	at org.apache.hadoop.hdds.scm.storage.BlockOutputStream.validateResponse(BlockOutputStream.java:540)
	at org.apache.hadoop.hdds.scm.storage.BlockOutputStream.lambda$writeChunkToContainer$2(BlockOutputStream.java:615)
	at java.util.concurrent.CompletableFuture.uniApply(CompletableFuture.java:602)
	at java.util.concurrent.CompletableFuture$UniApply.tryFire(CompletableFuture.java:577)
	at java.util.concurrent.CompletableFuture$Completion.run(CompletableFuture.java:442)
	at java.util.concurrent.ThreadPoolExecutor.runWorker(ThreadPoolExecutor.java:1149)
	at java.util.concurrent.ThreadPoolExecutor$Worker.run(ThreadPoolExecutor.java:624)
	at java.lang.Thread.run(Thread.java:748)
Caused by: org.apache.hadoop.hdds.scm.container.common.helpers.StorageContainerException: ContainerID 3 does not exist
	at org.apache.hadoop.hdds.scm.storage.ContainerProtocolCalls.validateContainerResponse(ContainerProtocolCalls.java:536)
	at org.apache.hadoop.hdds.scm.storage.BlockOutputStream.validateResponse(BlockOutputStream.java:537)
	... 7 more
</error>
    <system-out><![CDATA[2019-07-14 16:17:55,027 WARN  server.ServerUtils (ServerUtils.java:getScmDbDir(145)) - ozone.scm.db.dirs is not configured. We recommend adding this setting. Falling back to ozone.metadata.dirs instead.
2019-07-14 16:17:55,042 WARN  server.ServerUtils (ServerUtils.java:getScmDbDir(145)) - ozone.scm.db.dirs is not configured. We recommend adding this setting. Falling back to ozone.metadata.dirs instead.
2019-07-14 16:17:55,042 WARN  server.ServerUtils (ServerUtils.java:getScmDbDir(145)) - ozone.scm.db.dirs is not configured. We recommend adding this setting. Falling back to ozone.metadata.dirs instead.
2019-07-14 16:17:55,043 INFO  db.DBStoreBuilder (DBStoreBuilder.java:addTable(110)) - using custom profile for table: deletedBlocks
2019-07-14 16:17:55,043 INFO  db.DBStoreBuilder (DBStoreBuilder.java:processTables(161)) - Using default column profile:DBProfile.DISK for Table:deletedBlocks
2019-07-14 16:17:55,043 INFO  db.DBStoreBuilder (DBStoreBuilder.java:addTable(110)) - using custom profile for table: validCerts
2019-07-14 16:17:55,044 INFO  db.DBStoreBuilder (DBStoreBuilder.java:processTables(161)) - Using default column profile:DBProfile.DISK for Table:validCerts
2019-07-14 16:17:55,044 INFO  db.DBStoreBuilder (DBStoreBuilder.java:addTable(110)) - using custom profile for table: revokedCerts
2019-07-14 16:17:55,044 INFO  db.DBStoreBuilder (DBStoreBuilder.java:processTables(161)) - Using default column profile:DBProfile.DISK for Table:revokedCerts
2019-07-14 16:17:55,045 INFO  db.DBStoreBuilder (DBStoreBuilder.java:addTable(110)) - using custom profile for table: default
2019-07-14 16:17:55,045 INFO  db.DBStoreBuilder (DBStoreBuilder.java:processTables(167)) - Using default column profile:DBProfile.DISK for Table:default
2019-07-14 16:17:55,045 INFO  db.DBStoreBuilder (DBStoreBuilder.java:getDbProfile(198)) - Using default options. DBProfile.DISK
2019-07-14 16:17:55,238 INFO  net.NodeSchemaLoader (NodeSchemaLoader.java:loadSchemaFromFile(125)) - Loading file from sun.misc.CompoundEnumeration@70028163
2019-07-14 16:17:55,238 INFO  net.NodeSchemaLoader (NodeSchemaLoader.java:loadSchema(171)) - Loading network topology layer schema file
2019-07-14 16:17:55,243 INFO  node.SCMNodeManager (SCMNodeManager.java:<init>(119)) - Entering startup safe mode.
2019-07-14 16:17:55,244 WARN  server.ServerUtils (ServerUtils.java:getScmDbDir(145)) - ozone.scm.db.dirs is not configured. We recommend adding this setting. Falling back to ozone.metadata.dirs instead.
2019-07-14 16:17:55,303 INFO  pipeline.SCMPipelineManager (SCMPipelineManager.java:initializePipelineState(126)) - No pipeline exists in current db
2019-07-14 16:17:55,303 WARN  server.ServerUtils (ServerUtils.java:getScmDbDir(145)) - ozone.scm.db.dirs is not configured. We recommend adding this setting. Falling back to ozone.metadata.dirs instead.
2019-07-14 16:17:55,386 WARN  events.EventQueue (EventQueue.java:fireEvent(175)) - No event handler registered for event TypedEvent{payloadType=SafeModeStatus, name='SafeModeStatus'}
2019-07-14 16:17:55,388 INFO  ipc.CallQueueManager (CallQueueManager.java:<init>(84)) - Using callQueue: class java.util.concurrent.LinkedBlockingQueue, queueCapacity: 2000, scheduler: class org.apache.hadoop.ipc.DefaultRpcScheduler, ipcBackoff: false.
2019-07-14 16:17:55,389 INFO  ipc.Server (Server.java:run(1074)) - Starting Socket Reader #1 for port 45348
2019-07-14 16:17:55,402 INFO  ipc.CallQueueManager (CallQueueManager.java:<init>(84)) - Using callQueue: class java.util.concurrent.LinkedBlockingQueue, queueCapacity: 2000, scheduler: class org.apache.hadoop.ipc.DefaultRpcScheduler, ipcBackoff: false.
2019-07-14 16:17:55,403 INFO  ipc.Server (Server.java:run(1074)) - Starting Socket Reader #1 for port 37999
2019-07-14 16:17:55,411 INFO  ipc.CallQueueManager (CallQueueManager.java:<init>(84)) - Using callQueue: class java.util.concurrent.LinkedBlockingQueue, queueCapacity: 2000, scheduler: class org.apache.hadoop.ipc.DefaultRpcScheduler, ipcBackoff: false.
2019-07-14 16:17:55,412 INFO  ipc.Server (Server.java:run(1074)) - Starting Socket Reader #1 for port 41200
2019-07-14 16:17:55,421 INFO  hdfs.DFSUtil (DFSUtil.java:httpServerTemplateForNNAndJN(1641)) - Starting Web-server for scm at: http://0.0.0.0:0
2019-07-14 16:17:55,424 INFO  server.AuthenticationFilter (AuthenticationFilter.java:constructSecretProvider(240)) - Unable to initialize FileSignerSecretProvider, falling back to use random secrets.
2019-07-14 16:17:55,424 WARN  http.HttpRequestLog (HttpRequestLog.java:getRequestLog(97)) - Jetty request log can only be enabled using Log4j
2019-07-14 16:17:55,427 INFO  http.HttpServer2 (HttpServer2.java:addGlobalFilter(975)) - Added global filter 'safety' (class=org.apache.hadoop.http.HttpServer2$QuotingInputFilter)
2019-07-14 16:17:55,427 INFO  http.HttpServer2 (HttpServer2.java:addFilter(948)) - Added filter static_user_filter (class=org.apache.hadoop.http.lib.StaticUserWebFilter$StaticUserFilter) to context scm
2019-07-14 16:17:55,427 INFO  http.HttpServer2 (HttpServer2.java:addFilter(958)) - Added filter static_user_filter (class=org.apache.hadoop.http.lib.StaticUserWebFilter$StaticUserFilter) to context static
2019-07-14 16:17:55,428 INFO  http.HttpServer2 (HttpServer2.java:addFilter(958)) - Added filter static_user_filter (class=org.apache.hadoop.http.lib.StaticUserWebFilter$StaticUserFilter) to context logs
2019-07-14 16:17:55,431 INFO  server.StorageContainerManager (StorageContainerManager.java:start(761)) - StorageContainerLocationProtocol RPC server is listening at /0.0.0.0:41200
2019-07-14 16:17:55,432 INFO  impl.MetricsSystemImpl (MetricsSystemImpl.java:init(158)) - StorageContainerManager metrics system started (again)
2019-07-14 16:17:55,578 INFO  server.SCMClientProtocolServer (SCMClientProtocolServer.java:start(149)) - RPC server for Client  is listening at /0.0.0.0:41200
2019-07-14 16:17:55,579 INFO  ipc.Server (Server.java:run(1314)) - IPC Server Responder: starting
2019-07-14 16:17:55,579 INFO  ipc.Server (Server.java:run(1153)) - IPC Server listener on 41200: starting
2019-07-14 16:17:55,604 INFO  server.StorageContainerManager (StorageContainerManager.java:start(771)) - ScmBlockLocationProtocol RPC server is listening at /0.0.0.0:37999
2019-07-14 16:17:55,605 INFO  server.SCMBlockProtocolServer (SCMBlockProtocolServer.java:start(140)) - RPC server for Block Protocol is listening at /0.0.0.0:37999
2019-07-14 16:17:55,605 INFO  ipc.Server (Server.java:run(1314)) - IPC Server Responder: starting
2019-07-14 16:17:55,605 INFO  ipc.Server (Server.java:run(1153)) - IPC Server listener on 37999: starting
2019-07-14 16:17:55,626 INFO  server.StorageContainerManager (StorageContainerManager.java:start(775)) - ScmDatanodeProtocl RPC server is listening at /0.0.0.0:45348
2019-07-14 16:17:55,626 INFO  server.SCMDatanodeProtocolServer (SCMDatanodeProtocolServer.java:start(191)) - RPC server for DataNodes is listening at /0.0.0.0:45348
2019-07-14 16:17:55,627 INFO  ipc.Server (Server.java:run(1314)) - IPC Server Responder: starting
2019-07-14 16:17:55,627 INFO  ipc.Server (Server.java:run(1153)) - IPC Server listener on 45348: starting
2019-07-14 16:17:55,647 INFO  http.HttpServer2 (HttpServer2.java:bindListener(1191)) - Jetty bound to port 35028
2019-07-14 16:17:55,647 INFO  server.Server (Server.java:doStart(351)) - jetty-9.3.24.v20180605, build timestamp: 2018-06-05T17:11:56Z, git hash: 84205aa28f11a4f31f2a3b86d1bba2cc8ab69827
2019-07-14 16:17:55,649 INFO  handler.ContextHandler (ContextHandler.java:doStart(781)) - Started o.e.j.s.ServletContextHandler@1923301a{/logs,file:///workdir/hadoop-ozone/integration-test/target/log,AVAILABLE}
2019-07-14 16:17:55,650 INFO  handler.ContextHandler (ContextHandler.java:doStart(781)) - Started o.e.j.s.ServletContextHandler@73ae084e{/static,file:///workdir/hadoop-ozone/integration-test/target/test-classes/webapps/static,AVAILABLE}
2019-07-14 16:17:55,656 INFO  handler.ContextHandler (ContextHandler.java:doStart(781)) - Started o.e.j.w.WebAppContext@2dac4d04{/,file:///workdir/hadoop-ozone/integration-test/target/test-classes/webapps/scm/,AVAILABLE}{/scm}
2019-07-14 16:17:55,656 INFO  server.AbstractConnector (AbstractConnector.java:doStart(278)) - Started ServerConnector@367a245e{HTTP/1.1,[http/1.1]}{0.0.0.0:35028}
2019-07-14 16:17:55,663 INFO  server.Server (Server.java:doStart(419)) - Started @146458ms
2019-07-14 16:17:55,664 INFO  server.BaseHttpServer (BaseHttpServer.java:updateConnectorAddress(207)) - HTTP server of SCM is listening at http://0.0.0.0:35028
2019-07-14 16:17:55,670 WARN  server.ServerUtils (ServerUtils.java:getDBPath(222)) - ozone.om.db.dirs is not configured. We recommend adding this setting. Falling back to ozone.metadata.dirs instead.
2019-07-14 16:17:55,671 INFO  util.JvmPauseMonitor (JvmPauseMonitor.java:run(188)) - Starting JVM pause monitor
2019-07-14 16:17:55,685 WARN  server.ServerUtils (ServerUtils.java:getDBPath(222)) - ozone.om.db.dirs is not configured. We recommend adding this setting. Falling back to ozone.metadata.dirs instead.
2019-07-14 16:17:55,685 INFO  om.OzoneManager (OzoneManager.java:setOMNodeDetails(632)) - OM Service ID is not set. Setting it to the default ID: omServiceIdDefault
2019-07-14 16:17:55,686 INFO  om.OzoneManager (OzoneManager.java:setOMNodeDetails(638)) - OM Node ID is not set. Setting it to the OmStorage's OmID: fcdeb739-e409-4fc9-935b-dfdfe694753c
2019-07-14 16:17:55,686 INFO  om.OzoneManager (OzoneManager.java:loadOMHAConfigs(589)) - Found matching OM address with OMServiceId: null, OMNodeId: null, RPC Address: localhost:0 and Ratis port: 9872
2019-07-14 16:17:55,713 WARN  server.ServerUtils (ServerUtils.java:getDBPath(222)) - ozone.om.db.dirs is not configured. We recommend adding this setting. Falling back to ozone.metadata.dirs instead.
2019-07-14 16:17:55,713 INFO  db.DBStoreBuilder (DBStoreBuilder.java:addTable(110)) - using custom profile for table: userTable
2019-07-14 16:17:55,713 INFO  db.DBStoreBuilder (DBStoreBuilder.java:processTables(161)) - Using default column profile:DBProfile.DISK for Table:userTable
2019-07-14 16:17:55,714 INFO  db.DBStoreBuilder (DBStoreBuilder.java:addTable(110)) - using custom profile for table: volumeTable
2019-07-14 16:17:55,714 INFO  db.DBStoreBuilder (DBStoreBuilder.java:processTables(161)) - Using default column profile:DBProfile.DISK for Table:volumeTable
2019-07-14 16:17:55,714 INFO  db.DBStoreBuilder (DBStoreBuilder.java:addTable(110)) - using custom profile for table: bucketTable
2019-07-14 16:17:55,715 INFO  db.DBStoreBuilder (DBStoreBuilder.java:processTables(161)) - Using default column profile:DBProfile.DISK for Table:bucketTable
2019-07-14 16:17:55,715 INFO  db.DBStoreBuilder (DBStoreBuilder.java:addTable(110)) - using custom profile for table: keyTable
2019-07-14 16:17:55,715 INFO  db.DBStoreBuilder (DBStoreBuilder.java:processTables(161)) - Using default column profile:DBProfile.DISK for Table:keyTable
2019-07-14 16:17:55,716 INFO  db.DBStoreBuilder (DBStoreBuilder.java:addTable(110)) - using custom profile for table: deletedTable
2019-07-14 16:17:55,716 INFO  db.DBStoreBuilder (DBStoreBuilder.java:processTables(161)) - Using default column profile:DBProfile.DISK for Table:deletedTable
2019-07-14 16:17:55,716 INFO  db.DBStoreBuilder (DBStoreBuilder.java:addTable(110)) - using custom profile for table: openKeyTable
2019-07-14 16:17:55,716 INFO  db.DBStoreBuilder (DBStoreBuilder.java:processTables(161)) - Using default column profile:DBProfile.DISK for Table:openKeyTable
2019-07-14 16:17:55,717 INFO  db.DBStoreBuilder (DBStoreBuilder.java:addTable(110)) - using custom profile for table: s3Table
2019-07-14 16:17:55,717 INFO  db.DBStoreBuilder (DBStoreBuilder.java:processTables(161)) - Using default column profile:DBProfile.DISK for Table:s3Table
2019-07-14 16:17:55,717 INFO  db.DBStoreBuilder (DBStoreBuilder.java:addTable(110)) - using custom profile for table: multipartInfoTable
2019-07-14 16:17:55,717 INFO  db.DBStoreBuilder (DBStoreBuilder.java:processTables(161)) - Using default column profile:DBProfile.DISK for Table:multipartInfoTable
2019-07-14 16:17:55,718 INFO  db.DBStoreBuilder (DBStoreBuilder.java:addTable(110)) - using custom profile for table: dTokenTable
2019-07-14 16:17:55,718 INFO  db.DBStoreBuilder (DBStoreBuilder.java:processTables(161)) - Using default column profile:DBProfile.DISK for Table:dTokenTable
2019-07-14 16:17:55,718 INFO  db.DBStoreBuilder (DBStoreBuilder.java:addTable(110)) - using custom profile for table: s3SecretTable
2019-07-14 16:17:55,719 INFO  db.DBStoreBuilder (DBStoreBuilder.java:processTables(161)) - Using default column profile:DBProfile.DISK for Table:s3SecretTable
2019-07-14 16:17:55,719 INFO  db.DBStoreBuilder (DBStoreBuilder.java:addTable(110)) - using custom profile for table: prefixTable
2019-07-14 16:17:55,719 INFO  db.DBStoreBuilder (DBStoreBuilder.java:processTables(161)) - Using default column profile:DBProfile.DISK for Table:prefixTable
2019-07-14 16:17:55,719 INFO  db.DBStoreBuilder (DBStoreBuilder.java:addTable(110)) - using custom profile for table: default
2019-07-14 16:17:55,720 INFO  db.DBStoreBuilder (DBStoreBuilder.java:processTables(167)) - Using default column profile:DBProfile.DISK for Table:default
2019-07-14 16:17:55,720 INFO  db.DBStoreBuilder (DBStoreBuilder.java:getDbProfile(198)) - Using default options. DBProfile.DISK
2019-07-14 16:17:56,242 INFO  ipc.CallQueueManager (CallQueueManager.java:<init>(84)) - Using callQueue: class java.util.concurrent.LinkedBlockingQueue, queueCapacity: 2000, scheduler: class org.apache.hadoop.ipc.DefaultRpcScheduler, ipcBackoff: false.
2019-07-14 16:17:56,244 INFO  ipc.Server (Server.java:run(1074)) - Starting Socket Reader #1 for port 36573
2019-07-14 16:17:56,282 WARN  server.ServerUtils (ServerUtils.java:getDBPath(222)) - ozone.om.db.dirs is not configured. We recommend adding this setting. Falling back to ozone.metadata.dirs instead.
2019-07-14 16:17:56,282 INFO  om.OzoneManager (OzoneManager.java:start(1230)) - OzoneManager RPC server is listening at localhost/127.0.0.1:36573
2019-07-14 16:17:56,282 INFO  impl.MetricsSystemImpl (MetricsSystemImpl.java:init(158)) - OzoneManager metrics system started (again)
2019-07-14 16:17:56,431 INFO  ipc.Server (Server.java:run(1314)) - IPC Server Responder: starting
2019-07-14 16:17:56,431 INFO  ipc.Server (Server.java:run(1153)) - IPC Server listener on 36573: starting
2019-07-14 16:17:56,455 INFO  hdfs.DFSUtil (DFSUtil.java:httpServerTemplateForNNAndJN(1641)) - Starting Web-server for ozoneManager at: http://0.0.0.0:0
2019-07-14 16:17:56,457 INFO  server.AuthenticationFilter (AuthenticationFilter.java:constructSecretProvider(240)) - Unable to initialize FileSignerSecretProvider, falling back to use random secrets.
2019-07-14 16:17:56,458 WARN  http.HttpRequestLog (HttpRequestLog.java:getRequestLog(97)) - Jetty request log can only be enabled using Log4j
2019-07-14 16:17:56,459 INFO  http.HttpServer2 (HttpServer2.java:addGlobalFilter(975)) - Added global filter 'safety' (class=org.apache.hadoop.http.HttpServer2$QuotingInputFilter)
2019-07-14 16:17:56,460 INFO  http.HttpServer2 (HttpServer2.java:addFilter(948)) - Added filter static_user_filter (class=org.apache.hadoop.http.lib.StaticUserWebFilter$StaticUserFilter) to context ozoneManager
2019-07-14 16:17:56,460 INFO  http.HttpServer2 (HttpServer2.java:addFilter(958)) - Added filter static_user_filter (class=org.apache.hadoop.http.lib.StaticUserWebFilter$StaticUserFilter) to context static
2019-07-14 16:17:56,460 INFO  http.HttpServer2 (HttpServer2.java:addFilter(958)) - Added filter static_user_filter (class=org.apache.hadoop.http.lib.StaticUserWebFilter$StaticUserFilter) to context logs
2019-07-14 16:17:56,461 INFO  http.HttpServer2 (HttpServer2.java:bindListener(1191)) - Jetty bound to port 32923
2019-07-14 16:17:56,461 INFO  server.Server (Server.java:doStart(351)) - jetty-9.3.24.v20180605, build timestamp: 2018-06-05T17:11:56Z, git hash: 84205aa28f11a4f31f2a3b86d1bba2cc8ab69827
2019-07-14 16:17:56,463 INFO  handler.ContextHandler (ContextHandler.java:doStart(781)) - Started o.e.j.s.ServletContextHandler@70b437bb{/logs,file:///workdir/hadoop-ozone/integration-test/target/log,AVAILABLE}
2019-07-14 16:17:56,463 INFO  handler.ContextHandler (ContextHandler.java:doStart(781)) - Started o.e.j.s.ServletContextHandler@4870d2e1{/static,file:///workdir/hadoop-ozone/integration-test/target/test-classes/webapps/static,AVAILABLE}
2019-07-14 16:17:56,468 INFO  handler.ContextHandler (ContextHandler.java:doStart(781)) - Started o.e.j.w.WebAppContext@27215154{/,file:///workdir/hadoop-ozone/integration-test/target/test-classes/webapps/ozoneManager/,AVAILABLE}{/ozoneManager}
2019-07-14 16:17:56,468 INFO  server.AbstractConnector (AbstractConnector.java:doStart(278)) - Started ServerConnector@6bca3b27{HTTP/1.1,[http/1.1]}{0.0.0.0:32923}
2019-07-14 16:17:56,469 INFO  server.Server (Server.java:doStart(419)) - Started @147263ms
2019-07-14 16:17:56,477 INFO  server.BaseHttpServer (BaseHttpServer.java:updateConnectorAddress(207)) - HTTP server of OZONEMANAGER is listening at http://0.0.0.0:32923
2019-07-14 16:17:56,490 INFO  impl.MetricsSystemImpl (MetricsSystemImpl.java:init(158)) - HddsDatanode metrics system started (again)
2019-07-14 16:17:56,525 WARN  server.GrpcLogAppender (LogUtils.java:warn(134)) - 5c3f8082-86fd-4ec8-83c5-19f28657242e->bde8c970-78a9-487e-beef-ecea974b9f52: Failed appendEntries: org.apache.ratis.thirdparty.io.grpc.StatusRuntimeException: UNAVAILABLE: io exception
2019-07-14 16:17:56,525 WARN  server.GrpcLogAppender (LogUtils.java:warn(134)) - 5c3f8082-86fd-4ec8-83c5-19f28657242e->c6caa481-fc39-4fa3-8faf-817af7fe412a: Failed appendEntries: org.apache.ratis.thirdparty.io.grpc.StatusRuntimeException: UNAVAILABLE: io exception
2019-07-14 16:17:56,626 WARN  server.GrpcLogAppender (LogUtils.java:warn(134)) - d7574934-53ba-489d-8caa-ad6ea7b6c729->58e1bc26-88f4-4d48-ab6d-7461377ebc32: Failed appendEntries: org.apache.ratis.thirdparty.io.grpc.StatusRuntimeException: UNAVAILABLE: io exception
2019-07-14 16:17:56,654 INFO  impl.FollowerInfo (FollowerInfo.java:lambda$new$0(50)) - d7574934-53ba-489d-8caa-ad6ea7b6c729->58e1bc26-88f4-4d48-ab6d-7461377ebc32: nextIndex: updateUnconditionally 6 -> 5
2019-07-14 16:17:56,662 INFO  impl.FollowerInfo (FollowerInfo.java:lambda$new$0(50)) - 5c3f8082-86fd-4ec8-83c5-19f28657242e->c6caa481-fc39-4fa3-8faf-817af7fe412a: nextIndex: updateUnconditionally 0 -> 0
2019-07-14 16:17:56,654 INFO  impl.FollowerInfo (FollowerInfo.java:lambda$new$0(50)) - 5c3f8082-86fd-4ec8-83c5-19f28657242e->bde8c970-78a9-487e-beef-ecea974b9f52: nextIndex: updateUnconditionally 0 -> 0
2019-07-14 16:17:56,670 INFO  ozone.HddsDatanodeService (HddsDatanodeService.java:start(185)) - HddsDatanodeService host:pr-hdds-1710-5x6jb-1204890111 ip:192.168.69.77
2019-07-14 16:17:56,697 INFO  volume.HddsVolume (HddsVolume.java:<init>(176)) - Creating Volume: /workdir/hadoop-ozone/integration-test/target/test-dir/MiniOzoneClusterImpl-60d218f0-a306-42c2-bb5c-6916a11a9da3/datanode-0/data/containers/hdds of  storage type : DISK and capacity : 52710309888
2019-07-14 16:17:56,698 INFO  volume.VolumeSet (VolumeSet.java:initializeVolumeSet(170)) - Added Volume : /workdir/hadoop-ozone/integration-test/target/test-dir/MiniOzoneClusterImpl-60d218f0-a306-42c2-bb5c-6916a11a9da3/datanode-0/data/containers/hdds to VolumeSet
2019-07-14 16:17:56,698 INFO  volume.ThrottledAsyncChecker (ThrottledAsyncChecker.java:schedule(140)) - Scheduling a check for org.apache.hadoop.ozone.container.common.volume.HddsVolume@3f4b59fd
2019-07-14 16:17:56,699 INFO  volume.HddsVolumeChecker (HddsVolumeChecker.java:checkAllVolumes(203)) - Scheduled health check for volume org.apache.hadoop.ozone.container.common.volume.HddsVolume@3f4b59fd
2019-07-14 16:17:56,728 INFO  impl.RaftServerProxy (ConfUtils.java:logGet(43)) - raft.rpc.type = GRPC (default)
2019-07-14 16:17:56,728 INFO  grpc.GrpcFactory (GrpcFactory.java:checkPooledByteBufAllocatorUseCacheForAllThreads(45)) - PERFORMANCE WARNING: useCacheForAllThreads is true that may cause Netty to create a lot garbage objects and, as a result, trigger GC.
	It is recommended to disable useCacheForAllThreads by setting -Dorg.apache.ratis.thirdparty.io.netty.allocator.useCacheForAllThreads=false in command line.
2019-07-14 16:17:56,728 INFO  grpc.GrpcConfigKeys$Server (ConfUtils.java:logGet(43)) - raft.grpc.server.port = 0 (default)
2019-07-14 16:17:56,729 INFO  server.GrpcService (ConfUtils.java:logGet(43)) - raft.grpc.message.size.max = 33570816 (custom)
2019-07-14 16:17:56,729 INFO  server.RaftServerConfigKeys (ConfUtils.java:logGet(43)) - raft.server.log.appender.buffer.byte-limit = 33554432 (custom)
2019-07-14 16:17:56,729 INFO  server.GrpcService (ConfUtils.java:logGet(43)) - raft.grpc.flow.control.window = 1MB (=1048576) (default)
2019-07-14 16:17:56,729 INFO  server.RaftServerConfigKeys (ConfUtils.java:logGet(43)) - raft.server.rpc.request.timeout = 3000ms (default)
2019-07-14 16:17:56,730 INFO  server.RaftServerConfigKeys (ConfUtils.java:logGet(43)) - raft.server.storage.dir = [/workdir/hadoop-ozone/integration-test/target/test-dir/MiniOzoneClusterImpl-60d218f0-a306-42c2-bb5c-6916a11a9da3/datanode-0/data/ratis] (custom)
2019-07-14 16:17:56,731 INFO  replication.SimpleContainerDownloader (SimpleContainerDownloader.java:<init>(72)) - Starting container downloader service to copy containers to replicate.
2019-07-14 16:17:56,732 INFO  hdfs.DFSUtil (DFSUtil.java:httpServerTemplateForNNAndJN(1641)) - Starting Web-server for hddsDatanode at: http://0.0.0.0:0
2019-07-14 16:17:56,734 INFO  server.AuthenticationFilter (AuthenticationFilter.java:constructSecretProvider(240)) - Unable to initialize FileSignerSecretProvider, falling back to use random secrets.
2019-07-14 16:17:56,735 WARN  http.HttpRequestLog (HttpRequestLog.java:getRequestLog(97)) - Jetty request log can only be enabled using Log4j
2019-07-14 16:17:56,737 INFO  http.HttpServer2 (HttpServer2.java:addGlobalFilter(975)) - Added global filter 'safety' (class=org.apache.hadoop.http.HttpServer2$QuotingInputFilter)
2019-07-14 16:17:56,738 INFO  http.HttpServer2 (HttpServer2.java:addFilter(948)) - Added filter static_user_filter (class=org.apache.hadoop.http.lib.StaticUserWebFilter$StaticUserFilter) to context hddsDatanode
2019-07-14 16:17:56,738 INFO  http.HttpServer2 (HttpServer2.java:addFilter(958)) - Added filter static_user_filter (class=org.apache.hadoop.http.lib.StaticUserWebFilter$StaticUserFilter) to context static
2019-07-14 16:17:56,738 INFO  http.HttpServer2 (HttpServer2.java:addFilter(958)) - Added filter static_user_filter (class=org.apache.hadoop.http.lib.StaticUserWebFilter$StaticUserFilter) to context logs
2019-07-14 16:17:56,739 INFO  http.HttpServer2 (HttpServer2.java:bindListener(1191)) - Jetty bound to port 44008
2019-07-14 16:17:56,739 INFO  server.Server (Server.java:doStart(351)) - jetty-9.3.24.v20180605, build timestamp: 2018-06-05T17:11:56Z, git hash: 84205aa28f11a4f31f2a3b86d1bba2cc8ab69827
2019-07-14 16:17:56,742 INFO  handler.ContextHandler (ContextHandler.java:doStart(781)) - Started o.e.j.s.ServletContextHandler@2afd8972{/logs,file:///workdir/hadoop-ozone/integration-test/target/log,AVAILABLE}
2019-07-14 16:17:56,743 INFO  handler.ContextHandler (ContextHandler.java:doStart(781)) - Started o.e.j.s.ServletContextHandler@5784f6b9{/static,jar:file:/home/user/.m2/repository/org/apache/hadoop/hadoop-hdds-container-service/0.5.0-SNAPSHOT/hadoop-hdds-container-service-0.5.0-SNAPSHOT.jar!/webapps/static,AVAILABLE}
2019-07-14 16:17:56,796 INFO  handler.ContextHandler (ContextHandler.java:doStart(781)) - Started o.e.j.w.WebAppContext@5545c42{/,file:///tmp/jetty-0.0.0.0-44008-hddsDatanode-_-any-8300341410946477345.dir/webapp/,AVAILABLE}{/hddsDatanode}
2019-07-14 16:17:56,796 INFO  server.AbstractConnector (AbstractConnector.java:doStart(278)) - Started ServerConnector@2420e962{HTTP/1.1,[http/1.1]}{0.0.0.0:44008}
2019-07-14 16:17:56,804 INFO  server.Server (Server.java:doStart(419)) - Started @147598ms
2019-07-14 16:17:56,805 INFO  server.BaseHttpServer (BaseHttpServer.java:updateConnectorAddress(207)) - HTTP server of HDDSDATANODE is listening at http://0.0.0.0:44008
2019-07-14 16:17:56,953 INFO  ozone.HddsDatanodeService (HddsDatanodeService.java:startPlugins(396)) - Started plug-in org.apache.hadoop.ozone.web.OzoneHddsDatanodeService@7da70124
2019-07-14 16:17:56,954 INFO  impl.MetricsSystemImpl (MetricsSystemImpl.java:init(158)) - HddsDatanode metrics system started (again)
2019-07-14 16:17:57,129 INFO  util.JvmPauseMonitor (JvmPauseMonitor.java:run(188)) - Starting JVM pause monitor
2019-07-14 16:17:57,138 INFO  datanode.InitDatanodeState (InitDatanodeState.java:persistContainerDatanodeDetails(140)) - DatanodeDetails is persisted to /workdir/hadoop-ozone/integration-test/target/test-dir/MiniOzoneClusterImpl-60d218f0-a306-42c2-bb5c-6916a11a9da3/datanode-0/meta/datanode.id
2019-07-14 16:17:57,140 INFO  ozone.HddsDatanodeService (HddsDatanodeService.java:start(185)) - HddsDatanodeService host:pr-hdds-1710-5x6jb-1204890111 ip:192.168.69.77
2019-07-14 16:17:57,194 INFO  volume.HddsVolume (HddsVolume.java:<init>(176)) - Creating Volume: /workdir/hadoop-ozone/integration-test/target/test-dir/MiniOzoneClusterImpl-60d218f0-a306-42c2-bb5c-6916a11a9da3/datanode-1/data/containers/hdds of  storage type : DISK and capacity : 52710309888
2019-07-14 16:17:57,194 INFO  volume.VolumeSet (VolumeSet.java:initializeVolumeSet(170)) - Added Volume : /workdir/hadoop-ozone/integration-test/target/test-dir/MiniOzoneClusterImpl-60d218f0-a306-42c2-bb5c-6916a11a9da3/datanode-1/data/containers/hdds to VolumeSet
2019-07-14 16:17:57,194 INFO  volume.ThrottledAsyncChecker (ThrottledAsyncChecker.java:schedule(140)) - Scheduling a check for org.apache.hadoop.ozone.container.common.volume.HddsVolume@5522f9b
2019-07-14 16:17:57,195 INFO  volume.HddsVolumeChecker (HddsVolumeChecker.java:checkAllVolumes(203)) - Scheduled health check for volume org.apache.hadoop.ozone.container.common.volume.HddsVolume@5522f9b
2019-07-14 16:17:57,222 INFO  impl.RaftServerProxy (ConfUtils.java:logGet(43)) - raft.rpc.type = GRPC (default)
2019-07-14 16:17:57,222 INFO  grpc.GrpcFactory (GrpcFactory.java:checkPooledByteBufAllocatorUseCacheForAllThreads(45)) - PERFORMANCE WARNING: useCacheForAllThreads is true that may cause Netty to create a lot garbage objects and, as a result, trigger GC.
	It is recommended to disable useCacheForAllThreads by setting -Dorg.apache.ratis.thirdparty.io.netty.allocator.useCacheForAllThreads=false in command line.
2019-07-14 16:17:57,223 INFO  grpc.GrpcConfigKeys$Server (ConfUtils.java:logGet(43)) - raft.grpc.server.port = 0 (default)
2019-07-14 16:17:57,223 INFO  server.GrpcService (ConfUtils.java:logGet(43)) - raft.grpc.message.size.max = 33570816 (custom)
2019-07-14 16:17:57,223 INFO  server.RaftServerConfigKeys (ConfUtils.java:logGet(43)) - raft.server.log.appender.buffer.byte-limit = 33554432 (custom)
2019-07-14 16:17:57,223 INFO  server.GrpcService (ConfUtils.java:logGet(43)) - raft.grpc.flow.control.window = 1MB (=1048576) (default)
2019-07-14 16:17:57,224 INFO  server.RaftServerConfigKeys (ConfUtils.java:logGet(43)) - raft.server.rpc.request.timeout = 3000ms (default)
2019-07-14 16:17:57,224 INFO  server.RaftServerConfigKeys (ConfUtils.java:logGet(43)) - raft.server.storage.dir = [/workdir/hadoop-ozone/integration-test/target/test-dir/MiniOzoneClusterImpl-60d218f0-a306-42c2-bb5c-6916a11a9da3/datanode-1/data/ratis] (custom)
2019-07-14 16:17:57,225 INFO  replication.SimpleContainerDownloader (SimpleContainerDownloader.java:<init>(72)) - Starting container downloader service to copy containers to replicate.
2019-07-14 16:17:57,226 INFO  hdfs.DFSUtil (DFSUtil.java:httpServerTemplateForNNAndJN(1641)) - Starting Web-server for hddsDatanode at: http://0.0.0.0:0
2019-07-14 16:17:57,228 INFO  server.AuthenticationFilter (AuthenticationFilter.java:constructSecretProvider(240)) - Unable to initialize FileSignerSecretProvider, falling back to use random secrets.
2019-07-14 16:17:57,229 WARN  http.HttpRequestLog (HttpRequestLog.java:getRequestLog(97)) - Jetty request log can only be enabled using Log4j
2019-07-14 16:17:57,231 INFO  http.HttpServer2 (HttpServer2.java:addGlobalFilter(975)) - Added global filter 'safety' (class=org.apache.hadoop.http.HttpServer2$QuotingInputFilter)
2019-07-14 16:17:57,231 INFO  http.HttpServer2 (HttpServer2.java:addFilter(948)) - Added filter static_user_filter (class=org.apache.hadoop.http.lib.StaticUserWebFilter$StaticUserFilter) to context hddsDatanode
2019-07-14 16:17:57,232 INFO  http.HttpServer2 (HttpServer2.java:addFilter(958)) - Added filter static_user_filter (class=org.apache.hadoop.http.lib.StaticUserWebFilter$StaticUserFilter) to context static
2019-07-14 16:17:57,232 INFO  http.HttpServer2 (HttpServer2.java:addFilter(958)) - Added filter static_user_filter (class=org.apache.hadoop.http.lib.StaticUserWebFilter$StaticUserFilter) to context logs
2019-07-14 16:17:57,233 INFO  http.HttpServer2 (HttpServer2.java:bindListener(1191)) - Jetty bound to port 39531
2019-07-14 16:17:57,233 INFO  server.Server (Server.java:doStart(351)) - jetty-9.3.24.v20180605, build timestamp: 2018-06-05T17:11:56Z, git hash: 84205aa28f11a4f31f2a3b86d1bba2cc8ab69827
2019-07-14 16:17:57,235 INFO  handler.ContextHandler (ContextHandler.java:doStart(781)) - Started o.e.j.s.ServletContextHandler@5e05dd42{/logs,file:///workdir/hadoop-ozone/integration-test/target/log,AVAILABLE}
2019-07-14 16:17:57,236 INFO  handler.ContextHandler (ContextHandler.java:doStart(781)) - Started o.e.j.s.ServletContextHandler@1ac8f29c{/static,jar:file:/home/user/.m2/repository/org/apache/hadoop/hadoop-hdds-container-service/0.5.0-SNAPSHOT/hadoop-hdds-container-service-0.5.0-SNAPSHOT.jar!/webapps/static,AVAILABLE}
2019-07-14 16:17:57,294 INFO  handler.ContextHandler (ContextHandler.java:doStart(781)) - Started o.e.j.w.WebAppContext@cb29b75{/,file:///tmp/jetty-0.0.0.0-39531-hddsDatanode-_-any-5782812654423598329.dir/webapp/,AVAILABLE}{/hddsDatanode}
2019-07-14 16:17:57,295 INFO  server.AbstractConnector (AbstractConnector.java:doStart(278)) - Started ServerConnector@68226b59{HTTP/1.1,[http/1.1]}{0.0.0.0:39531}
2019-07-14 16:17:57,303 INFO  server.Server (Server.java:doStart(419)) - Started @148098ms
2019-07-14 16:17:57,304 INFO  server.BaseHttpServer (BaseHttpServer.java:updateConnectorAddress(207)) - HTTP server of HDDSDATANODE is listening at http://0.0.0.0:39531
2019-07-14 16:17:57,446 INFO  ozone.HddsDatanodeService (HddsDatanodeService.java:startPlugins(396)) - Started plug-in org.apache.hadoop.ozone.web.OzoneHddsDatanodeService@6c1f1c03
2019-07-14 16:17:57,447 INFO  impl.MetricsSystemImpl (MetricsSystemImpl.java:init(158)) - HddsDatanode metrics system started (again)
2019-07-14 16:17:57,593 INFO  util.JvmPauseMonitor (JvmPauseMonitor.java:run(188)) - Starting JVM pause monitor
2019-07-14 16:17:57,595 INFO  datanode.InitDatanodeState (InitDatanodeState.java:persistContainerDatanodeDetails(140)) - DatanodeDetails is persisted to /workdir/hadoop-ozone/integration-test/target/test-dir/MiniOzoneClusterImpl-60d218f0-a306-42c2-bb5c-6916a11a9da3/datanode-1/meta/datanode.id
2019-07-14 16:17:57,597 INFO  ozone.HddsDatanodeService (HddsDatanodeService.java:start(185)) - HddsDatanodeService host:pr-hdds-1710-5x6jb-1204890111 ip:192.168.69.77
2019-07-14 16:17:57,624 INFO  volume.HddsVolume (HddsVolume.java:<init>(176)) - Creating Volume: /workdir/hadoop-ozone/integration-test/target/test-dir/MiniOzoneClusterImpl-60d218f0-a306-42c2-bb5c-6916a11a9da3/datanode-2/data/containers/hdds of  storage type : DISK and capacity : 52710309888
2019-07-14 16:17:57,625 INFO  volume.VolumeSet (VolumeSet.java:initializeVolumeSet(170)) - Added Volume : /workdir/hadoop-ozone/integration-test/target/test-dir/MiniOzoneClusterImpl-60d218f0-a306-42c2-bb5c-6916a11a9da3/datanode-2/data/containers/hdds to VolumeSet
2019-07-14 16:17:57,625 INFO  volume.ThrottledAsyncChecker (ThrottledAsyncChecker.java:schedule(140)) - Scheduling a check for org.apache.hadoop.ozone.container.common.volume.HddsVolume@44881fcc
2019-07-14 16:17:57,625 INFO  volume.HddsVolumeChecker (HddsVolumeChecker.java:checkAllVolumes(203)) - Scheduled health check for volume org.apache.hadoop.ozone.container.common.volume.HddsVolume@44881fcc
2019-07-14 16:17:57,655 INFO  impl.RaftServerProxy (ConfUtils.java:logGet(43)) - raft.rpc.type = GRPC (default)
2019-07-14 16:17:57,655 INFO  grpc.GrpcFactory (GrpcFactory.java:checkPooledByteBufAllocatorUseCacheForAllThreads(45)) - PERFORMANCE WARNING: useCacheForAllThreads is true that may cause Netty to create a lot garbage objects and, as a result, trigger GC.
	It is recommended to disable useCacheForAllThreads by setting -Dorg.apache.ratis.thirdparty.io.netty.allocator.useCacheForAllThreads=false in command line.
2019-07-14 16:17:57,655 INFO  grpc.GrpcConfigKeys$Server (ConfUtils.java:logGet(43)) - raft.grpc.server.port = 0 (default)
2019-07-14 16:17:57,655 INFO  server.GrpcService (ConfUtils.java:logGet(43)) - raft.grpc.message.size.max = 33570816 (custom)
2019-07-14 16:17:57,656 INFO  server.RaftServerConfigKeys (ConfUtils.java:logGet(43)) - raft.server.log.appender.buffer.byte-limit = 33554432 (custom)
2019-07-14 16:17:57,656 INFO  server.GrpcService (ConfUtils.java:logGet(43)) - raft.grpc.flow.control.window = 1MB (=1048576) (default)
2019-07-14 16:17:57,656 INFO  server.RaftServerConfigKeys (ConfUtils.java:logGet(43)) - raft.server.rpc.request.timeout = 3000ms (default)
2019-07-14 16:17:57,656 INFO  server.RaftServerConfigKeys (ConfUtils.java:logGet(43)) - raft.server.storage.dir = [/workdir/hadoop-ozone/integration-test/target/test-dir/MiniOzoneClusterImpl-60d218f0-a306-42c2-bb5c-6916a11a9da3/datanode-2/data/ratis] (custom)
2019-07-14 16:17:57,657 INFO  replication.SimpleContainerDownloader (SimpleContainerDownloader.java:<init>(72)) - Starting container downloader service to copy containers to replicate.
2019-07-14 16:17:57,658 INFO  hdfs.DFSUtil (DFSUtil.java:httpServerTemplateForNNAndJN(1641)) - Starting Web-server for hddsDatanode at: http://0.0.0.0:0
2019-07-14 16:17:57,659 INFO  server.AuthenticationFilter (AuthenticationFilter.java:constructSecretProvider(240)) - Unable to initialize FileSignerSecretProvider, falling back to use random secrets.
2019-07-14 16:17:57,659 WARN  http.HttpRequestLog (HttpRequestLog.java:getRequestLog(97)) - Jetty request log can only be enabled using Log4j
2019-07-14 16:17:57,661 INFO  http.HttpServer2 (HttpServer2.java:addGlobalFilter(975)) - Added global filter 'safety' (class=org.apache.hadoop.http.HttpServer2$QuotingInputFilter)
2019-07-14 16:17:57,661 INFO  http.HttpServer2 (HttpServer2.java:addFilter(948)) - Added filter static_user_filter (class=org.apache.hadoop.http.lib.StaticUserWebFilter$StaticUserFilter) to context hddsDatanode
2019-07-14 16:17:57,661 INFO  http.HttpServer2 (HttpServer2.java:addFilter(958)) - Added filter static_user_filter (class=org.apache.hadoop.http.lib.StaticUserWebFilter$StaticUserFilter) to context logs
2019-07-14 16:17:57,661 INFO  http.HttpServer2 (HttpServer2.java:addFilter(958)) - Added filter static_user_filter (class=org.apache.hadoop.http.lib.StaticUserWebFilter$StaticUserFilter) to context static
2019-07-14 16:17:57,662 INFO  http.HttpServer2 (HttpServer2.java:bindListener(1191)) - Jetty bound to port 34660
2019-07-14 16:17:57,662 INFO  server.Server (Server.java:doStart(351)) - jetty-9.3.24.v20180605, build timestamp: 2018-06-05T17:11:56Z, git hash: 84205aa28f11a4f31f2a3b86d1bba2cc8ab69827
2019-07-14 16:17:57,663 INFO  handler.ContextHandler (ContextHandler.java:doStart(781)) - Started o.e.j.s.ServletContextHandler@6559cbdd{/logs,file:///workdir/hadoop-ozone/integration-test/target/log,AVAILABLE}
2019-07-14 16:17:57,664 INFO  handler.ContextHandler (ContextHandler.java:doStart(781)) - Started o.e.j.s.ServletContextHandler@52b53172{/static,jar:file:/home/user/.m2/repository/org/apache/hadoop/hadoop-hdds-container-service/0.5.0-SNAPSHOT/hadoop-hdds-container-service-0.5.0-SNAPSHOT.jar!/webapps/static,AVAILABLE}
2019-07-14 16:17:57,691 INFO  handler.ContextHandler (ContextHandler.java:doStart(781)) - Started o.e.j.w.WebAppContext@7edb2a4b{/,file:///tmp/jetty-0.0.0.0-34660-hddsDatanode-_-any-4579811742739377227.dir/webapp/,AVAILABLE}{/hddsDatanode}
2019-07-14 16:17:57,691 INFO  server.AbstractConnector (AbstractConnector.java:doStart(278)) - Started ServerConnector@5811f080{HTTP/1.1,[http/1.1]}{0.0.0.0:34660}
2019-07-14 16:17:57,691 INFO  server.Server (Server.java:doStart(419)) - Started @148486ms
2019-07-14 16:17:57,699 INFO  server.BaseHttpServer (BaseHttpServer.java:updateConnectorAddress(207)) - HTTP server of HDDSDATANODE is listening at http://0.0.0.0:34660
2019-07-14 16:17:57,810 INFO  ozone.HddsDatanodeService (HddsDatanodeService.java:startPlugins(396)) - Started plug-in org.apache.hadoop.ozone.web.OzoneHddsDatanodeService@37e99c0f
2019-07-14 16:17:57,811 INFO  impl.MetricsSystemImpl (MetricsSystemImpl.java:init(158)) - HddsDatanode metrics system started (again)
2019-07-14 16:17:57,962 INFO  util.JvmPauseMonitor (JvmPauseMonitor.java:run(188)) - Starting JVM pause monitor
2019-07-14 16:17:57,964 INFO  datanode.InitDatanodeState (InitDatanodeState.java:persistContainerDatanodeDetails(140)) - DatanodeDetails is persisted to /workdir/hadoop-ozone/integration-test/target/test-dir/MiniOzoneClusterImpl-60d218f0-a306-42c2-bb5c-6916a11a9da3/datanode-2/meta/datanode.id
2019-07-14 16:17:57,965 INFO  ozone.HddsDatanodeService (HddsDatanodeService.java:start(185)) - HddsDatanodeService host:pr-hdds-1710-5x6jb-1204890111 ip:192.168.69.77
2019-07-14 16:17:57,994 INFO  volume.HddsVolume (HddsVolume.java:<init>(176)) - Creating Volume: /workdir/hadoop-ozone/integration-test/target/test-dir/MiniOzoneClusterImpl-60d218f0-a306-42c2-bb5c-6916a11a9da3/datanode-3/data/containers/hdds of  storage type : DISK and capacity : 52710309888
2019-07-14 16:17:57,995 INFO  volume.VolumeSet (VolumeSet.java:initializeVolumeSet(170)) - Added Volume : /workdir/hadoop-ozone/integration-test/target/test-dir/MiniOzoneClusterImpl-60d218f0-a306-42c2-bb5c-6916a11a9da3/datanode-3/data/containers/hdds to VolumeSet
2019-07-14 16:17:57,995 INFO  volume.ThrottledAsyncChecker (ThrottledAsyncChecker.java:schedule(140)) - Scheduling a check for org.apache.hadoop.ozone.container.common.volume.HddsVolume@5e24af83
2019-07-14 16:17:57,996 INFO  volume.HddsVolumeChecker (HddsVolumeChecker.java:checkAllVolumes(203)) - Scheduled health check for volume org.apache.hadoop.ozone.container.common.volume.HddsVolume@5e24af83
2019-07-14 16:17:58,025 INFO  impl.RaftServerProxy (ConfUtils.java:logGet(43)) - raft.rpc.type = GRPC (default)
2019-07-14 16:17:58,026 INFO  grpc.GrpcFactory (GrpcFactory.java:checkPooledByteBufAllocatorUseCacheForAllThreads(45)) - PERFORMANCE WARNING: useCacheForAllThreads is true that may cause Netty to create a lot garbage objects and, as a result, trigger GC.
	It is recommended to disable useCacheForAllThreads by setting -Dorg.apache.ratis.thirdparty.io.netty.allocator.useCacheForAllThreads=false in command line.
2019-07-14 16:17:58,026 INFO  grpc.GrpcConfigKeys$Server (ConfUtils.java:logGet(43)) - raft.grpc.server.port = 0 (default)
2019-07-14 16:17:58,026 INFO  server.GrpcService (ConfUtils.java:logGet(43)) - raft.grpc.message.size.max = 33570816 (custom)
2019-07-14 16:17:58,026 INFO  server.RaftServerConfigKeys (ConfUtils.java:logGet(43)) - raft.server.log.appender.buffer.byte-limit = 33554432 (custom)
2019-07-14 16:17:58,027 INFO  server.GrpcService (ConfUtils.java:logGet(43)) - raft.grpc.flow.control.window = 1MB (=1048576) (default)
2019-07-14 16:17:58,027 INFO  server.RaftServerConfigKeys (ConfUtils.java:logGet(43)) - raft.server.rpc.request.timeout = 3000ms (default)
2019-07-14 16:17:58,027 INFO  server.RaftServerConfigKeys (ConfUtils.java:logGet(43)) - raft.server.storage.dir = [/workdir/hadoop-ozone/integration-test/target/test-dir/MiniOzoneClusterImpl-60d218f0-a306-42c2-bb5c-6916a11a9da3/datanode-3/data/ratis] (custom)
2019-07-14 16:17:58,028 INFO  replication.SimpleContainerDownloader (SimpleContainerDownloader.java:<init>(72)) - Starting container downloader service to copy containers to replicate.
2019-07-14 16:17:58,029 INFO  hdfs.DFSUtil (DFSUtil.java:httpServerTemplateForNNAndJN(1641)) - Starting Web-server for hddsDatanode at: http://0.0.0.0:0
2019-07-14 16:17:58,031 INFO  server.AuthenticationFilter (AuthenticationFilter.java:constructSecretProvider(240)) - Unable to initialize FileSignerSecretProvider, falling back to use random secrets.
2019-07-14 16:17:58,031 WARN  http.HttpRequestLog (HttpRequestLog.java:getRequestLog(97)) - Jetty request log can only be enabled using Log4j
2019-07-14 16:17:58,033 INFO  http.HttpServer2 (HttpServer2.java:addGlobalFilter(975)) - Added global filter 'safety' (class=org.apache.hadoop.http.HttpServer2$QuotingInputFilter)
2019-07-14 16:17:58,033 INFO  http.HttpServer2 (HttpServer2.java:addFilter(948)) - Added filter static_user_filter (class=org.apache.hadoop.http.lib.StaticUserWebFilter$StaticUserFilter) to context hddsDatanode
2019-07-14 16:17:58,034 INFO  http.HttpServer2 (HttpServer2.java:addFilter(958)) - Added filter static_user_filter (class=org.apache.hadoop.http.lib.StaticUserWebFilter$StaticUserFilter) to context logs
2019-07-14 16:17:58,034 INFO  http.HttpServer2 (HttpServer2.java:addFilter(958)) - Added filter static_user_filter (class=org.apache.hadoop.http.lib.StaticUserWebFilter$StaticUserFilter) to context static
2019-07-14 16:17:58,035 INFO  http.HttpServer2 (HttpServer2.java:bindListener(1191)) - Jetty bound to port 39587
2019-07-14 16:17:58,035 INFO  server.Server (Server.java:doStart(351)) - jetty-9.3.24.v20180605, build timestamp: 2018-06-05T17:11:56Z, git hash: 84205aa28f11a4f31f2a3b86d1bba2cc8ab69827
2019-07-14 16:17:58,036 INFO  handler.ContextHandler (ContextHandler.java:doStart(781)) - Started o.e.j.s.ServletContextHandler@126320a8{/logs,file:///workdir/hadoop-ozone/integration-test/target/log,AVAILABLE}
2019-07-14 16:17:58,037 INFO  handler.ContextHandler (ContextHandler.java:doStart(781)) - Started o.e.j.s.ServletContextHandler@12b0440b{/static,jar:file:/home/user/.m2/repository/org/apache/hadoop/hadoop-hdds-container-service/0.5.0-SNAPSHOT/hadoop-hdds-container-service-0.5.0-SNAPSHOT.jar!/webapps/static,AVAILABLE}
2019-07-14 16:17:58,073 INFO  handler.ContextHandler (ContextHandler.java:doStart(781)) - Started o.e.j.w.WebAppContext@6af447b6{/,file:///tmp/jetty-0.0.0.0-39587-hddsDatanode-_-any-3784063825883186259.dir/webapp/,AVAILABLE}{/hddsDatanode}
2019-07-14 16:17:58,073 INFO  server.AbstractConnector (AbstractConnector.java:doStart(278)) - Started ServerConnector@47cce306{HTTP/1.1,[http/1.1]}{0.0.0.0:39587}
2019-07-14 16:17:58,086 INFO  server.Server (Server.java:doStart(419)) - Started @148881ms
2019-07-14 16:17:58,087 INFO  server.BaseHttpServer (BaseHttpServer.java:updateConnectorAddress(207)) - HTTP server of HDDSDATANODE is listening at http://0.0.0.0:39587
2019-07-14 16:17:58,217 INFO  ozone.HddsDatanodeService (HddsDatanodeService.java:startPlugins(396)) - Started plug-in org.apache.hadoop.ozone.web.OzoneHddsDatanodeService@2978d342
2019-07-14 16:17:58,218 INFO  impl.MetricsSystemImpl (MetricsSystemImpl.java:init(158)) - HddsDatanode metrics system started (again)
2019-07-14 16:17:58,361 INFO  util.JvmPauseMonitor (JvmPauseMonitor.java:run(188)) - Starting JVM pause monitor
2019-07-14 16:17:58,363 INFO  datanode.InitDatanodeState (InitDatanodeState.java:persistContainerDatanodeDetails(140)) - DatanodeDetails is persisted to /workdir/hadoop-ozone/integration-test/target/test-dir/MiniOzoneClusterImpl-60d218f0-a306-42c2-bb5c-6916a11a9da3/datanode-3/meta/datanode.id
2019-07-14 16:17:58,363 INFO  ozone.HddsDatanodeService (HddsDatanodeService.java:start(185)) - HddsDatanodeService host:pr-hdds-1710-5x6jb-1204890111 ip:192.168.69.77
2019-07-14 16:17:58,394 INFO  volume.HddsVolume (HddsVolume.java:<init>(176)) - Creating Volume: /workdir/hadoop-ozone/integration-test/target/test-dir/MiniOzoneClusterImpl-60d218f0-a306-42c2-bb5c-6916a11a9da3/datanode-4/data/containers/hdds of  storage type : DISK and capacity : 52710309888
2019-07-14 16:17:58,394 INFO  volume.VolumeSet (VolumeSet.java:initializeVolumeSet(170)) - Added Volume : /workdir/hadoop-ozone/integration-test/target/test-dir/MiniOzoneClusterImpl-60d218f0-a306-42c2-bb5c-6916a11a9da3/datanode-4/data/containers/hdds to VolumeSet
2019-07-14 16:17:58,394 INFO  volume.ThrottledAsyncChecker (ThrottledAsyncChecker.java:schedule(140)) - Scheduling a check for org.apache.hadoop.ozone.container.common.volume.HddsVolume@6d7e2c53
2019-07-14 16:17:58,395 INFO  volume.HddsVolumeChecker (HddsVolumeChecker.java:checkAllVolumes(203)) - Scheduled health check for volume org.apache.hadoop.ozone.container.common.volume.HddsVolume@6d7e2c53
2019-07-14 16:17:58,427 INFO  impl.RaftServerProxy (ConfUtils.java:logGet(43)) - raft.rpc.type = GRPC (default)
2019-07-14 16:17:58,427 INFO  grpc.GrpcFactory (GrpcFactory.java:checkPooledByteBufAllocatorUseCacheForAllThreads(45)) - PERFORMANCE WARNING: useCacheForAllThreads is true that may cause Netty to create a lot garbage objects and, as a result, trigger GC.
	It is recommended to disable useCacheForAllThreads by setting -Dorg.apache.ratis.thirdparty.io.netty.allocator.useCacheForAllThreads=false in command line.
2019-07-14 16:17:58,427 INFO  grpc.GrpcConfigKeys$Server (ConfUtils.java:logGet(43)) - raft.grpc.server.port = 0 (default)
2019-07-14 16:17:58,427 INFO  server.GrpcService (ConfUtils.java:logGet(43)) - raft.grpc.message.size.max = 33570816 (custom)
2019-07-14 16:17:58,427 INFO  server.RaftServerConfigKeys (ConfUtils.java:logGet(43)) - raft.server.log.appender.buffer.byte-limit = 33554432 (custom)
2019-07-14 16:17:58,428 INFO  server.GrpcService (ConfUtils.java:logGet(43)) - raft.grpc.flow.control.window = 1MB (=1048576) (default)
2019-07-14 16:17:58,428 INFO  server.RaftServerConfigKeys (ConfUtils.java:logGet(43)) - raft.server.rpc.request.timeout = 3000ms (default)
2019-07-14 16:17:58,428 INFO  server.RaftServerConfigKeys (ConfUtils.java:logGet(43)) - raft.server.storage.dir = [/workdir/hadoop-ozone/integration-test/target/test-dir/MiniOzoneClusterImpl-60d218f0-a306-42c2-bb5c-6916a11a9da3/datanode-4/data/ratis] (custom)
2019-07-14 16:17:58,429 INFO  replication.SimpleContainerDownloader (SimpleContainerDownloader.java:<init>(72)) - Starting container downloader service to copy containers to replicate.
2019-07-14 16:17:58,430 INFO  hdfs.DFSUtil (DFSUtil.java:httpServerTemplateForNNAndJN(1641)) - Starting Web-server for hddsDatanode at: http://0.0.0.0:0
2019-07-14 16:17:58,431 INFO  server.AuthenticationFilter (AuthenticationFilter.java:constructSecretProvider(240)) - Unable to initialize FileSignerSecretProvider, falling back to use random secrets.
2019-07-14 16:17:58,431 WARN  http.HttpRequestLog (HttpRequestLog.java:getRequestLog(97)) - Jetty request log can only be enabled using Log4j
2019-07-14 16:17:58,432 INFO  http.HttpServer2 (HttpServer2.java:addGlobalFilter(975)) - Added global filter 'safety' (class=org.apache.hadoop.http.HttpServer2$QuotingInputFilter)
2019-07-14 16:17:58,433 INFO  http.HttpServer2 (HttpServer2.java:addFilter(948)) - Added filter static_user_filter (class=org.apache.hadoop.http.lib.StaticUserWebFilter$StaticUserFilter) to context hddsDatanode
2019-07-14 16:17:58,433 INFO  http.HttpServer2 (HttpServer2.java:addFilter(958)) - Added filter static_user_filter (class=org.apache.hadoop.http.lib.StaticUserWebFilter$StaticUserFilter) to context static
2019-07-14 16:17:58,433 INFO  http.HttpServer2 (HttpServer2.java:addFilter(958)) - Added filter static_user_filter (class=org.apache.hadoop.http.lib.StaticUserWebFilter$StaticUserFilter) to context logs
2019-07-14 16:17:58,434 INFO  http.HttpServer2 (HttpServer2.java:bindListener(1191)) - Jetty bound to port 34017
2019-07-14 16:17:58,434 INFO  server.Server (Server.java:doStart(351)) - jetty-9.3.24.v20180605, build timestamp: 2018-06-05T17:11:56Z, git hash: 84205aa28f11a4f31f2a3b86d1bba2cc8ab69827
2019-07-14 16:17:58,435 INFO  handler.ContextHandler (ContextHandler.java:doStart(781)) - Started o.e.j.s.ServletContextHandler@1bbf7e81{/logs,file:///workdir/hadoop-ozone/integration-test/target/log,AVAILABLE}
2019-07-14 16:17:58,436 INFO  handler.ContextHandler (ContextHandler.java:doStart(781)) - Started o.e.j.s.ServletContextHandler@7172525e{/static,jar:file:/home/user/.m2/repository/org/apache/hadoop/hadoop-hdds-container-service/0.5.0-SNAPSHOT/hadoop-hdds-container-service-0.5.0-SNAPSHOT.jar!/webapps/static,AVAILABLE}
2019-07-14 16:17:58,462 INFO  handler.ContextHandler (ContextHandler.java:doStart(781)) - Started o.e.j.w.WebAppContext@67aedd28{/,file:///tmp/jetty-0.0.0.0-34017-hddsDatanode-_-any-4002156009572640294.dir/webapp/,AVAILABLE}{/hddsDatanode}
2019-07-14 16:17:58,463 INFO  server.AbstractConnector (AbstractConnector.java:doStart(278)) - Started ServerConnector@6c524a7f{HTTP/1.1,[http/1.1]}{0.0.0.0:34017}
2019-07-14 16:17:58,470 INFO  server.Server (Server.java:doStart(419)) - Started @149265ms
2019-07-14 16:17:58,471 INFO  server.BaseHttpServer (BaseHttpServer.java:updateConnectorAddress(207)) - HTTP server of HDDSDATANODE is listening at http://0.0.0.0:34017
2019-07-14 16:17:58,591 INFO  ozone.HddsDatanodeService (HddsDatanodeService.java:startPlugins(396)) - Started plug-in org.apache.hadoop.ozone.web.OzoneHddsDatanodeService@4c255e8
2019-07-14 16:17:58,591 INFO  impl.MetricsSystemImpl (MetricsSystemImpl.java:init(158)) - HddsDatanode metrics system started (again)
2019-07-14 16:17:58,737 INFO  util.JvmPauseMonitor (JvmPauseMonitor.java:run(188)) - Starting JVM pause monitor
2019-07-14 16:17:58,738 INFO  datanode.InitDatanodeState (InitDatanodeState.java:persistContainerDatanodeDetails(140)) - DatanodeDetails is persisted to /workdir/hadoop-ozone/integration-test/target/test-dir/MiniOzoneClusterImpl-60d218f0-a306-42c2-bb5c-6916a11a9da3/datanode-4/meta/datanode.id
2019-07-14 16:17:58,739 INFO  ozone.HddsDatanodeService (HddsDatanodeService.java:start(185)) - HddsDatanodeService host:pr-hdds-1710-5x6jb-1204890111 ip:192.168.69.77
2019-07-14 16:17:58,770 INFO  volume.HddsVolume (HddsVolume.java:<init>(176)) - Creating Volume: /workdir/hadoop-ozone/integration-test/target/test-dir/MiniOzoneClusterImpl-60d218f0-a306-42c2-bb5c-6916a11a9da3/datanode-5/data/containers/hdds of  storage type : DISK and capacity : 52710309888
2019-07-14 16:17:58,771 INFO  volume.VolumeSet (VolumeSet.java:initializeVolumeSet(170)) - Added Volume : /workdir/hadoop-ozone/integration-test/target/test-dir/MiniOzoneClusterImpl-60d218f0-a306-42c2-bb5c-6916a11a9da3/datanode-5/data/containers/hdds to VolumeSet
2019-07-14 16:17:58,771 INFO  volume.ThrottledAsyncChecker (ThrottledAsyncChecker.java:schedule(140)) - Scheduling a check for org.apache.hadoop.ozone.container.common.volume.HddsVolume@1f94e1
2019-07-14 16:17:58,771 INFO  volume.HddsVolumeChecker (HddsVolumeChecker.java:checkAllVolumes(203)) - Scheduled health check for volume org.apache.hadoop.ozone.container.common.volume.HddsVolume@1f94e1
2019-07-14 16:17:58,837 INFO  impl.RaftServerProxy (ConfUtils.java:logGet(43)) - raft.rpc.type = GRPC (default)
2019-07-14 16:17:58,838 INFO  grpc.GrpcFactory (GrpcFactory.java:checkPooledByteBufAllocatorUseCacheForAllThreads(45)) - PERFORMANCE WARNING: useCacheForAllThreads is true that may cause Netty to create a lot garbage objects and, as a result, trigger GC.
	It is recommended to disable useCacheForAllThreads by setting -Dorg.apache.ratis.thirdparty.io.netty.allocator.useCacheForAllThreads=false in command line.
2019-07-14 16:17:58,838 INFO  grpc.GrpcConfigKeys$Server (ConfUtils.java:logGet(43)) - raft.grpc.server.port = 0 (default)
2019-07-14 16:17:58,838 INFO  server.GrpcService (ConfUtils.java:logGet(43)) - raft.grpc.message.size.max = 33570816 (custom)
2019-07-14 16:17:58,838 INFO  server.RaftServerConfigKeys (ConfUtils.java:logGet(43)) - raft.server.log.appender.buffer.byte-limit = 33554432 (custom)
2019-07-14 16:17:58,839 INFO  server.GrpcService (ConfUtils.java:logGet(43)) - raft.grpc.flow.control.window = 1MB (=1048576) (default)
2019-07-14 16:17:58,839 INFO  server.RaftServerConfigKeys (ConfUtils.java:logGet(43)) - raft.server.rpc.request.timeout = 3000ms (default)
2019-07-14 16:17:58,840 INFO  server.RaftServerConfigKeys (ConfUtils.java:logGet(43)) - raft.server.storage.dir = [/workdir/hadoop-ozone/integration-test/target/test-dir/MiniOzoneClusterImpl-60d218f0-a306-42c2-bb5c-6916a11a9da3/datanode-5/data/ratis] (custom)
2019-07-14 16:17:58,840 INFO  replication.SimpleContainerDownloader (SimpleContainerDownloader.java:<init>(72)) - Starting container downloader service to copy containers to replicate.
2019-07-14 16:17:58,842 INFO  hdfs.DFSUtil (DFSUtil.java:httpServerTemplateForNNAndJN(1641)) - Starting Web-server for hddsDatanode at: http://0.0.0.0:0
2019-07-14 16:17:58,844 INFO  server.AuthenticationFilter (AuthenticationFilter.java:constructSecretProvider(240)) - Unable to initialize FileSignerSecretProvider, falling back to use random secrets.
2019-07-14 16:17:58,844 WARN  http.HttpRequestLog (HttpRequestLog.java:getRequestLog(97)) - Jetty request log can only be enabled using Log4j
2019-07-14 16:17:58,846 INFO  http.HttpServer2 (HttpServer2.java:addGlobalFilter(975)) - Added global filter 'safety' (class=org.apache.hadoop.http.HttpServer2$QuotingInputFilter)
2019-07-14 16:17:58,847 INFO  http.HttpServer2 (HttpServer2.java:addFilter(948)) - Added filter static_user_filter (class=org.apache.hadoop.http.lib.StaticUserWebFilter$StaticUserFilter) to context hddsDatanode
2019-07-14 16:17:58,847 INFO  http.HttpServer2 (HttpServer2.java:addFilter(958)) - Added filter static_user_filter (class=org.apache.hadoop.http.lib.StaticUserWebFilter$StaticUserFilter) to context static
2019-07-14 16:17:58,847 INFO  http.HttpServer2 (HttpServer2.java:addFilter(958)) - Added filter static_user_filter (class=org.apache.hadoop.http.lib.StaticUserWebFilter$StaticUserFilter) to context logs
2019-07-14 16:17:58,848 INFO  http.HttpServer2 (HttpServer2.java:bindListener(1191)) - Jetty bound to port 35406
2019-07-14 16:17:58,848 INFO  server.Server (Server.java:doStart(351)) - jetty-9.3.24.v20180605, build timestamp: 2018-06-05T17:11:56Z, git hash: 84205aa28f11a4f31f2a3b86d1bba2cc8ab69827
2019-07-14 16:17:58,851 INFO  handler.ContextHandler (ContextHandler.java:doStart(781)) - Started o.e.j.s.ServletContextHandler@31137f4d{/logs,file:///workdir/hadoop-ozone/integration-test/target/log,AVAILABLE}
2019-07-14 16:17:58,851 INFO  handler.ContextHandler (ContextHandler.java:doStart(781)) - Started o.e.j.s.ServletContextHandler@3177190a{/static,jar:file:/home/user/.m2/repository/org/apache/hadoop/hadoop-hdds-container-service/0.5.0-SNAPSHOT/hadoop-hdds-container-service-0.5.0-SNAPSHOT.jar!/webapps/static,AVAILABLE}
2019-07-14 16:17:58,893 INFO  handler.ContextHandler (ContextHandler.java:doStart(781)) - Started o.e.j.w.WebAppContext@24a024c8{/,file:///tmp/jetty-0.0.0.0-35406-hddsDatanode-_-any-3523515673761297940.dir/webapp/,AVAILABLE}{/hddsDatanode}
2019-07-14 16:17:58,893 INFO  server.AbstractConnector (AbstractConnector.java:doStart(278)) - Started ServerConnector@47f50549{HTTP/1.1,[http/1.1]}{0.0.0.0:35406}
2019-07-14 16:17:58,894 INFO  server.Server (Server.java:doStart(419)) - Started @149688ms
2019-07-14 16:17:58,905 INFO  server.BaseHttpServer (BaseHttpServer.java:updateConnectorAddress(207)) - HTTP server of HDDSDATANODE is listening at http://0.0.0.0:35406
2019-07-14 16:17:59,192 INFO  ozone.HddsDatanodeService (HddsDatanodeService.java:startPlugins(396)) - Started plug-in org.apache.hadoop.ozone.web.OzoneHddsDatanodeService@8e654f7
2019-07-14 16:17:59,193 INFO  ozone.MiniOzoneClusterImpl (MiniOzoneClusterImpl.java:lambda$waitForClusterToBeReady$0(142)) - Waiting for cluster to be ready. Got 0 of 6 DN Heartbeats.
2019-07-14 16:17:59,213 INFO  util.JvmPauseMonitor (JvmPauseMonitor.java:run(188)) - Starting JVM pause monitor
2019-07-14 16:17:59,214 WARN  server.GrpcLogAppender (LogUtils.java:warn(134)) - d7574934-53ba-489d-8caa-ad6ea7b6c729->58e1bc26-88f4-4d48-ab6d-7461377ebc32: Failed appendEntries: org.apache.ratis.thirdparty.io.grpc.StatusRuntimeException: UNAVAILABLE: io exception
2019-07-14 16:17:59,215 INFO  datanode.InitDatanodeState (InitDatanodeState.java:persistContainerDatanodeDetails(140)) - DatanodeDetails is persisted to /workdir/hadoop-ozone/integration-test/target/test-dir/MiniOzoneClusterImpl-60d218f0-a306-42c2-bb5c-6916a11a9da3/datanode-5/meta/datanode.id
2019-07-14 16:17:59,224 INFO  impl.FollowerInfo (FollowerInfo.java:lambda$new$0(50)) - d7574934-53ba-489d-8caa-ad6ea7b6c729->58e1bc26-88f4-4d48-ab6d-7461377ebc32: nextIndex: updateUnconditionally 5 -> 4
2019-07-14 16:17:59,238 WARN  server.GrpcLogAppender (LogUtils.java:warn(134)) - 5c3f8082-86fd-4ec8-83c5-19f28657242e->c6caa481-fc39-4fa3-8faf-817af7fe412a: Failed appendEntries: org.apache.ratis.thirdparty.io.grpc.StatusRuntimeException: UNAVAILABLE: io exception
2019-07-14 16:17:59,244 INFO  impl.FollowerInfo (FollowerInfo.java:lambda$new$0(50)) - 5c3f8082-86fd-4ec8-83c5-19f28657242e->c6caa481-fc39-4fa3-8faf-817af7fe412a: nextIndex: updateUnconditionally 0 -> 0
2019-07-14 16:17:59,251 WARN  server.GrpcLogAppender (LogUtils.java:warn(134)) - 5c3f8082-86fd-4ec8-83c5-19f28657242e->bde8c970-78a9-487e-beef-ecea974b9f52: Failed appendEntries: org.apache.ratis.thirdparty.io.grpc.StatusRuntimeException: UNAVAILABLE: io exception
2019-07-14 16:17:59,263 INFO  impl.FollowerInfo (FollowerInfo.java:lambda$new$0(50)) - 5c3f8082-86fd-4ec8-83c5-19f28657242e->bde8c970-78a9-487e-beef-ecea974b9f52: nextIndex: updateUnconditionally 0 -> 0
2019-07-14 16:17:59,308 INFO  ozoneimpl.OzoneContainer (OzoneContainer.java:start(186)) - Attempting to start container services.
2019-07-14 16:17:59,308 INFO  ozoneimpl.OzoneContainer (OzoneContainer.java:startContainerScrub(160)) - Background container scrubber has been disabled by hdds.containerscrub.enabled
2019-07-14 16:17:59,309 INFO  ratis.XceiverServerRatis (XceiverServerRatis.java:start(418)) - Starting XceiverServerRatis 5da6f978-c976-4dad-92a3-94bec5a05bbd at port 0
2019-07-14 16:17:59,413 INFO  impl.RaftServerProxy (RaftServerProxy.java:lambda$start$3(299)) - 5da6f978-c976-4dad-92a3-94bec5a05bbd: start RPC server
2019-07-14 16:17:59,414 INFO  server.GrpcService (GrpcService.java:startImpl(149)) - 5da6f978-c976-4dad-92a3-94bec5a05bbd: GrpcService started, listening on 0.0.0.0/0.0.0.0:33947
2019-07-14 16:17:59,414 INFO  ratis.XceiverServerRatis (XceiverServerRatis.java:start(428)) - XceiverServerRatis 5da6f978-c976-4dad-92a3-94bec5a05bbd is started using port 33947
2019-07-14 16:17:59,414 INFO  server.XceiverServerGrpc (XceiverServerGrpc.java:start(161)) - XceiverServerGrpc 5da6f978-c976-4dad-92a3-94bec5a05bbd is started using port 37762
2019-07-14 16:17:59,618 INFO  ozoneimpl.OzoneContainer (OzoneContainer.java:start(186)) - Attempting to start container services.
2019-07-14 16:17:59,618 INFO  ozoneimpl.OzoneContainer (OzoneContainer.java:startContainerScrub(160)) - Background container scrubber has been disabled by hdds.containerscrub.enabled
2019-07-14 16:17:59,618 INFO  ratis.XceiverServerRatis (XceiverServerRatis.java:start(418)) - Starting XceiverServerRatis 812bc747-170e-4a16-ad0c-247a093afae5 at port 0
2019-07-14 16:17:59,628 INFO  impl.RaftServerProxy (RaftServerProxy.java:lambda$start$3(299)) - 812bc747-170e-4a16-ad0c-247a093afae5: start RPC server
2019-07-14 16:17:59,629 INFO  server.GrpcService (GrpcService.java:startImpl(149)) - 812bc747-170e-4a16-ad0c-247a093afae5: GrpcService started, listening on 0.0.0.0/0.0.0.0:45590
2019-07-14 16:17:59,629 INFO  ratis.XceiverServerRatis (XceiverServerRatis.java:start(428)) - XceiverServerRatis 812bc747-170e-4a16-ad0c-247a093afae5 is started using port 45590
2019-07-14 16:17:59,629 INFO  server.XceiverServerGrpc (XceiverServerGrpc.java:start(161)) - XceiverServerGrpc 812bc747-170e-4a16-ad0c-247a093afae5 is started using port 43846
2019-07-14 16:17:59,977 INFO  ozoneimpl.OzoneContainer (OzoneContainer.java:start(186)) - Attempting to start container services.
2019-07-14 16:17:59,977 INFO  ozoneimpl.OzoneContainer (OzoneContainer.java:startContainerScrub(160)) - Background container scrubber has been disabled by hdds.containerscrub.enabled
2019-07-14 16:17:59,977 INFO  ratis.XceiverServerRatis (XceiverServerRatis.java:start(418)) - Starting XceiverServerRatis 172c9306-f167-47ab-bf06-fbd58e539972 at port 0
2019-07-14 16:17:59,984 INFO  impl.RaftServerProxy (RaftServerProxy.java:lambda$start$3(299)) - 172c9306-f167-47ab-bf06-fbd58e539972: start RPC server
2019-07-14 16:17:59,985 INFO  server.GrpcService (GrpcService.java:startImpl(149)) - 172c9306-f167-47ab-bf06-fbd58e539972: GrpcService started, listening on 0.0.0.0/0.0.0.0:45960
2019-07-14 16:17:59,985 INFO  ratis.XceiverServerRatis (XceiverServerRatis.java:start(428)) - XceiverServerRatis 172c9306-f167-47ab-bf06-fbd58e539972 is started using port 45960
2019-07-14 16:17:59,986 INFO  server.XceiverServerGrpc (XceiverServerGrpc.java:start(161)) - XceiverServerGrpc 172c9306-f167-47ab-bf06-fbd58e539972 is started using port 35869
2019-07-14 16:18:00,194 INFO  ozone.MiniOzoneClusterImpl (MiniOzoneClusterImpl.java:lambda$waitForClusterToBeReady$0(142)) - Waiting for cluster to be ready. Got 0 of 6 DN Heartbeats.
2019-07-14 16:18:00,388 INFO  ozoneimpl.OzoneContainer (OzoneContainer.java:start(186)) - Attempting to start container services.
2019-07-14 16:18:00,388 INFO  ozoneimpl.OzoneContainer (OzoneContainer.java:startContainerScrub(160)) - Background container scrubber has been disabled by hdds.containerscrub.enabled
2019-07-14 16:18:00,388 INFO  ratis.XceiverServerRatis (XceiverServerRatis.java:start(418)) - Starting XceiverServerRatis a7e8ad0b-9330-4266-8ecd-e057ec954ce9 at port 0
2019-07-14 16:18:00,395 INFO  impl.RaftServerProxy (RaftServerProxy.java:lambda$start$3(299)) - a7e8ad0b-9330-4266-8ecd-e057ec954ce9: start RPC server
2019-07-14 16:18:00,396 INFO  server.GrpcService (GrpcService.java:startImpl(149)) - a7e8ad0b-9330-4266-8ecd-e057ec954ce9: GrpcService started, listening on 0.0.0.0/0.0.0.0:42183
2019-07-14 16:18:00,396 INFO  ratis.XceiverServerRatis (XceiverServerRatis.java:start(428)) - XceiverServerRatis a7e8ad0b-9330-4266-8ecd-e057ec954ce9 is started using port 42183
2019-07-14 16:18:00,462 INFO  server.XceiverServerGrpc (XceiverServerGrpc.java:start(161)) - XceiverServerGrpc a7e8ad0b-9330-4266-8ecd-e057ec954ce9 is started using port 36878
2019-07-14 16:18:00,751 INFO  ozoneimpl.OzoneContainer (OzoneContainer.java:start(186)) - Attempting to start container services.
2019-07-14 16:18:00,751 INFO  ozoneimpl.OzoneContainer (OzoneContainer.java:startContainerScrub(160)) - Background container scrubber has been disabled by hdds.containerscrub.enabled
2019-07-14 16:18:00,752 INFO  ratis.XceiverServerRatis (XceiverServerRatis.java:start(418)) - Starting XceiverServerRatis 1fb9086d-e901-4d1c-ba49-f04b58e2d455 at port 0
2019-07-14 16:18:00,760 INFO  impl.RaftServerProxy (RaftServerProxy.java:lambda$start$3(299)) - 1fb9086d-e901-4d1c-ba49-f04b58e2d455: start RPC server
2019-07-14 16:18:00,761 INFO  server.GrpcService (GrpcService.java:startImpl(149)) - 1fb9086d-e901-4d1c-ba49-f04b58e2d455: GrpcService started, listening on 0.0.0.0/0.0.0.0:44142
2019-07-14 16:18:00,761 INFO  ratis.XceiverServerRatis (XceiverServerRatis.java:start(428)) - XceiverServerRatis 1fb9086d-e901-4d1c-ba49-f04b58e2d455 is started using port 44142
2019-07-14 16:18:00,761 INFO  server.XceiverServerGrpc (XceiverServerGrpc.java:start(161)) - XceiverServerGrpc 1fb9086d-e901-4d1c-ba49-f04b58e2d455 is started using port 44121
2019-07-14 16:18:01,208 INFO  ozone.MiniOzoneClusterImpl (MiniOzoneClusterImpl.java:lambda$waitForClusterToBeReady$0(142)) - Waiting for cluster to be ready. Got 1 of 6 DN Heartbeats.
2019-07-14 16:18:01,208 INFO  net.NetworkTopology (NetworkTopologyImpl.java:add(110)) - Added a new node: /default-rack/192.168.69.77
2019-07-14 16:18:01,218 INFO  node.SCMNodeManager (SCMNodeManager.java:register(269)) - Registered Data node : 5da6f978-c976-4dad-92a3-94bec5a05bbd{ip: 192.168.69.77, host: pr-hdds-1710-5x6jb-1204890111, networkLocation: /default-rack, certSerialId: null}
2019-07-14 16:18:01,230 INFO  safemode.SCMSafeModeManager (DataNodeSafeModeRule.java:process(71)) - SCM in safe mode. 1 DataNodes registered, 1 required.
2019-07-14 16:18:01,239 INFO  safemode.SCMSafeModeManager (SCMSafeModeManager.java:validateSafeModeExitRules(177)) - ScmSafeModeManager, all rules are successfully validated
2019-07-14 16:18:01,239 INFO  safemode.SCMSafeModeManager (SCMSafeModeManager.java:exitSafeMode(193)) - SCM exiting safe mode.
2019-07-14 16:18:01,243 INFO  ozoneimpl.OzoneContainer (OzoneContainer.java:start(186)) - Attempting to start container services.
2019-07-14 16:18:01,253 INFO  ozoneimpl.OzoneContainer (OzoneContainer.java:startContainerScrub(160)) - Background container scrubber has been disabled by hdds.containerscrub.enabled
2019-07-14 16:18:01,253 INFO  impl.RaftServerProxy (RaftServerProxy.java:addNew(89)) - 5da6f978-c976-4dad-92a3-94bec5a05bbd: addNew group-CDDE48651322:[5da6f978-c976-4dad-92a3-94bec5a05bbd:192.168.69.77:33947] returns group-CDDE48651322:java.util.concurrent.CompletableFuture@390f6595[Not completed]
2019-07-14 16:18:01,253 INFO  ratis.XceiverServerRatis (XceiverServerRatis.java:start(418)) - Starting XceiverServerRatis f0a9349c-3e22-4213-b0f9-e23551c0fd60 at port 0
2019-07-14 16:18:01,254 INFO  impl.RaftServerImpl (RaftServerImpl.java:<init>(93)) - 5da6f978-c976-4dad-92a3-94bec5a05bbd: new RaftServerImpl for group-CDDE48651322:[5da6f978-c976-4dad-92a3-94bec5a05bbd:192.168.69.77:33947] with ContainerStateMachine:uninitialized
2019-07-14 16:18:01,254 INFO  server.RaftServerConfigKeys (ConfUtils.java:logGet(43)) - raft.server.rpc.timeout.min = 5s (custom)
2019-07-14 16:18:01,254 INFO  server.RaftServerConfigKeys (ConfUtils.java:logGet(43)) - raft.server.rpc.timeout.max = 5200ms (custom)
2019-07-14 16:18:01,255 INFO  server.RaftServerConfigKeys (ConfUtils.java:logGet(43)) - raft.server.rpcslowness.timeout = 120s (custom)
2019-07-14 16:18:01,255 INFO  server.RaftServerConfigKeys (ConfUtils.java:logGet(43)) - raft.server.sleep.deviation.threshold = 300 (default)
2019-07-14 16:18:01,255 INFO  server.RaftServerConfigKeys (ConfUtils.java:logGet(43)) - raft.server.log.appender.install.snapshot.enabled = false (custom)
2019-07-14 16:18:01,255 INFO  impl.RaftServerImpl (ServerState.java:<init>(105)) - 5da6f978-c976-4dad-92a3-94bec5a05bbd:group-CDDE48651322 ConfigurationManager, init=-1: [5da6f978-c976-4dad-92a3-94bec5a05bbd:192.168.69.77:33947], old=null, confs=<EMPTY_MAP>
2019-07-14 16:18:01,255 INFO  server.RaftServerConfigKeys (ConfUtils.java:logGet(43)) - raft.server.storage.dir = [/workdir/hadoop-ozone/integration-test/target/test-dir/MiniOzoneClusterImpl-60d218f0-a306-42c2-bb5c-6916a11a9da3/datanode-0/data/ratis] (custom)
2019-07-14 16:18:01,257 INFO  storage.RaftStorageDirectory (RaftStorageDirectory.java:analyzeStorage(246)) - The storage directory /workdir/hadoop-ozone/integration-test/target/test-dir/MiniOzoneClusterImpl-60d218f0-a306-42c2-bb5c-6916a11a9da3/datanode-0/data/ratis/f3055cfd-c153-4891-97db-cdde48651322 does not exist. Creating ...
2019-07-14 16:18:01,261 INFO  impl.RaftServerProxy (RaftServerProxy.java:lambda$start$3(299)) - f0a9349c-3e22-4213-b0f9-e23551c0fd60: start RPC server
2019-07-14 16:18:01,262 INFO  server.GrpcService (GrpcService.java:startImpl(149)) - f0a9349c-3e22-4213-b0f9-e23551c0fd60: GrpcService started, listening on 0.0.0.0/0.0.0.0:41072
2019-07-14 16:18:01,262 INFO  ratis.XceiverServerRatis (XceiverServerRatis.java:start(428)) - XceiverServerRatis f0a9349c-3e22-4213-b0f9-e23551c0fd60 is started using port 41072
2019-07-14 16:18:01,263 INFO  server.XceiverServerGrpc (XceiverServerGrpc.java:start(161)) - XceiverServerGrpc f0a9349c-3e22-4213-b0f9-e23551c0fd60 is started using port 33329
2019-07-14 16:18:01,282 INFO  storage.RaftStorageDirectory (RaftStorageDirectory.java:tryLock(328)) - Lock on /workdir/hadoop-ozone/integration-test/target/test-dir/MiniOzoneClusterImpl-60d218f0-a306-42c2-bb5c-6916a11a9da3/datanode-0/data/ratis/f3055cfd-c153-4891-97db-cdde48651322/in_use.lock acquired by nodename 762@pr-hdds-1710-5x6jb-1204890111
2019-07-14 16:18:01,296 INFO  storage.RaftStorage (RaftStorage.java:format(72)) - Storage directory /workdir/hadoop-ozone/integration-test/target/test-dir/MiniOzoneClusterImpl-60d218f0-a306-42c2-bb5c-6916a11a9da3/datanode-0/data/ratis/f3055cfd-c153-4891-97db-cdde48651322 has been successfully formatted.
2019-07-14 16:18:01,297 INFO  ratis.ContainerStateMachine (ContainerStateMachine.java:loadSnapshot(200)) - The snapshot info is null.Setting the last applied index to:(t:0, i:~)
2019-07-14 16:18:01,297 INFO  server.RaftServerConfigKeys (ConfUtils.java:logGet(43)) - raft.server.leader.election.timeout = 120s (custom)
2019-07-14 16:18:01,297 INFO  server.RaftServerConfigKeys (ConfUtils.java:logGet(43)) - raft.server.log.use.memory = false (default)
2019-07-14 16:18:01,297 INFO  server.RaftServerConfigKeys (ConfUtils.java:logGet(43)) - raft.server.log.purge.gap = 1000000000 (custom)
2019-07-14 16:18:01,297 INFO  server.RaftServerConfigKeys (ConfUtils.java:logGet(43)) - raft.server.log.appender.buffer.byte-limit = 33554432 (custom)
2019-07-14 16:18:01,298 INFO  server.RaftServerConfigKeys (ConfUtils.java:logGet(43)) - raft.server.log.segment.size.max = 1048576 (custom)
2019-07-14 16:18:01,298 INFO  server.RaftServerConfigKeys (ConfUtils.java:logGet(43)) - raft.server.log.segment.cache.num.max = 2 (custom)
2019-07-14 16:18:01,298 INFO  segmented.SegmentedRaftLogWorker (SegmentedRaftLogWorker.java:<init>(172)) - new 5da6f978-c976-4dad-92a3-94bec5a05bbd-SegmentedRaftLogWorker:Storage Directory /workdir/hadoop-ozone/integration-test/target/test-dir/MiniOzoneClusterImpl-60d218f0-a306-42c2-bb5c-6916a11a9da3/datanode-0/data/ratis/f3055cfd-c153-4891-97db-cdde48651322 for RaftStorage:Storage Directory /workdir/hadoop-ozone/integration-test/target/test-dir/MiniOzoneClusterImpl-60d218f0-a306-42c2-bb5c-6916a11a9da3/datanode-0/data/ratis/f3055cfd-c153-4891-97db-cdde48651322
2019-07-14 16:18:01,298 INFO  server.RaftServerConfigKeys (ConfUtils.java:logGet(43)) - raft.server.log.queue.byte-limit = 2147483647 (custom)
2019-07-14 16:18:01,298 INFO  server.RaftServerConfigKeys (ConfUtils.java:logGet(43)) - raft.server.log.queue.element-limit = 1024 (custom)
2019-07-14 16:18:01,299 INFO  server.RaftServerConfigKeys (ConfUtils.java:logGet(43)) - raft.server.log.segment.size.max = 1048576 (custom)
2019-07-14 16:18:01,299 INFO  server.RaftServerConfigKeys (ConfUtils.java:logGet(43)) - raft.server.log.preallocated.size = 16384 (custom)
2019-07-14 16:18:01,299 INFO  server.RaftServerConfigKeys (ConfUtils.java:logGet(43)) - raft.server.log.write.buffer.size = 33554432 (custom)
2019-07-14 16:18:01,299 INFO  server.RaftServerConfigKeys (ConfUtils.java:logGet(43)) - raft.server.log.force.sync.num = 128 (default)
2019-07-14 16:18:01,299 INFO  server.RaftServerConfigKeys (ConfUtils.java:logGet(43)) - raft.server.log.statemachine.data.sync = true (default)
2019-07-14 16:18:01,300 INFO  server.RaftServerConfigKeys (ConfUtils.java:logGet(43)) - raft.server.log.statemachine.data.sync.timeout = 10s (default)
2019-07-14 16:18:01,300 INFO  server.RaftServerConfigKeys (ConfUtils.java:logGet(43)) - raft.server.log.statemachine.data.sync.timeout.retry = -1 (default)
2019-07-14 16:18:01,300 INFO  server.RaftServerConfigKeys (ConfUtils.java:logGet(43)) - raft.server.log.statemachine.data.caching.enabled = true (custom)
2019-07-14 16:18:01,300 INFO  segmented.SegmentedRaftLogWorker (SegmentedRaftLogWorker.java:lambda$new$0(132)) - 5da6f978-c976-4dad-92a3-94bec5a05bbd-SegmentedRaftLogWorker:Storage Directory /workdir/hadoop-ozone/integration-test/target/test-dir/MiniOzoneClusterImpl-60d218f0-a306-42c2-bb5c-6916a11a9da3/datanode-0/data/ratis/f3055cfd-c153-4891-97db-cdde48651322: flushIndex: setUnconditionally 0 -> -1
2019-07-14 16:18:01,301 INFO  server.RaftServerConfigKeys (ConfUtils.java:logGet(43)) - raft.server.snapshot.auto.trigger.enabled = true (custom)
2019-07-14 16:18:01,301 INFO  server.RaftServerConfigKeys (ConfUtils.java:logGet(43)) - raft.server.snapshot.auto.trigger.threshold = 10000 (custom)
2019-07-14 16:18:01,301 INFO  server.RaftServerConfigKeys (ConfUtils.java:logGet(43)) - raft.server.retrycache.expirytime = 600000ms (custom)
2019-07-14 16:18:01,301 INFO  impl.RaftServerImpl (RaftServerImpl.java:start(180)) - 5da6f978-c976-4dad-92a3-94bec5a05bbd: start group-CDDE48651322
2019-07-14 16:18:01,302 INFO  impl.RaftServerImpl (RaftServerImpl.java:setRole(171)) - 5da6f978-c976-4dad-92a3-94bec5a05bbd:group-CDDE48651322 changes role from null to FOLLOWER at term 0 for startAsFollower
2019-07-14 16:18:01,302 INFO  impl.RoleInfo (RoleInfo.java:updateAndGet(143)) - 5da6f978-c976-4dad-92a3-94bec5a05bbd: start FollowerState
2019-07-14 16:18:01,302 INFO  util.JmxRegister (JmxRegister.java:tryRegister(44)) - Successfully registered JMX Bean with object name Ratis:service=RaftServer,group=group-CDDE48651322,id=5da6f978-c976-4dad-92a3-94bec5a05bbd
2019-07-14 16:18:01,306 INFO  pipeline.PipelineStateManager (PipelineStateManager.java:addPipeline(56)) - Created pipeline Pipeline[ Id: f3055cfd-c153-4891-97db-cdde48651322, Nodes: 5da6f978-c976-4dad-92a3-94bec5a05bbd{ip: 192.168.69.77, host: pr-hdds-1710-5x6jb-1204890111, networkLocation: /default-rack, certSerialId: null}, Type:RATIS, Factor:ONE, State:OPEN]
2019-07-14 16:18:01,595 INFO  node.SCMNodeManager (SCMNodeManager.java:register(269)) - Registered Data node : 812bc747-170e-4a16-ad0c-247a093afae5{ip: 192.168.69.77, host: pr-hdds-1710-5x6jb-1204890111, networkLocation: /default-rack, certSerialId: null}
2019-07-14 16:18:01,613 INFO  impl.RaftServerProxy (RaftServerProxy.java:addNew(89)) - 812bc747-170e-4a16-ad0c-247a093afae5: addNew group-A46192CC8371:[812bc747-170e-4a16-ad0c-247a093afae5:192.168.69.77:45590] returns group-A46192CC8371:java.util.concurrent.CompletableFuture@1c3cb314[Not completed]
2019-07-14 16:18:01,614 INFO  impl.RaftServerImpl (RaftServerImpl.java:<init>(93)) - 812bc747-170e-4a16-ad0c-247a093afae5: new RaftServerImpl for group-A46192CC8371:[812bc747-170e-4a16-ad0c-247a093afae5:192.168.69.77:45590] with ContainerStateMachine:uninitialized
2019-07-14 16:18:01,614 INFO  server.RaftServerConfigKeys (ConfUtils.java:logGet(43)) - raft.server.rpc.timeout.min = 5s (custom)
2019-07-14 16:18:01,614 INFO  server.RaftServerConfigKeys (ConfUtils.java:logGet(43)) - raft.server.rpc.timeout.max = 5200ms (custom)
2019-07-14 16:18:01,614 INFO  server.RaftServerConfigKeys (ConfUtils.java:logGet(43)) - raft.server.rpcslowness.timeout = 120s (custom)
2019-07-14 16:18:01,614 INFO  server.RaftServerConfigKeys (ConfUtils.java:logGet(43)) - raft.server.sleep.deviation.threshold = 300 (default)
2019-07-14 16:18:01,615 INFO  server.RaftServerConfigKeys (ConfUtils.java:logGet(43)) - raft.server.log.appender.install.snapshot.enabled = false (custom)
2019-07-14 16:18:01,615 INFO  impl.RaftServerImpl (ServerState.java:<init>(105)) - 812bc747-170e-4a16-ad0c-247a093afae5:group-A46192CC8371 ConfigurationManager, init=-1: [812bc747-170e-4a16-ad0c-247a093afae5:192.168.69.77:45590], old=null, confs=<EMPTY_MAP>
2019-07-14 16:18:01,615 INFO  server.RaftServerConfigKeys (ConfUtils.java:logGet(43)) - raft.server.storage.dir = [/workdir/hadoop-ozone/integration-test/target/test-dir/MiniOzoneClusterImpl-60d218f0-a306-42c2-bb5c-6916a11a9da3/datanode-1/data/ratis] (custom)
2019-07-14 16:18:01,615 INFO  storage.RaftStorageDirectory (RaftStorageDirectory.java:analyzeStorage(246)) - The storage directory /workdir/hadoop-ozone/integration-test/target/test-dir/MiniOzoneClusterImpl-60d218f0-a306-42c2-bb5c-6916a11a9da3/datanode-1/data/ratis/e9ec538c-02b5-469d-a134-a46192cc8371 does not exist. Creating ...
2019-07-14 16:18:01,629 INFO  storage.RaftStorageDirectory (RaftStorageDirectory.java:tryLock(328)) - Lock on /workdir/hadoop-ozone/integration-test/target/test-dir/MiniOzoneClusterImpl-60d218f0-a306-42c2-bb5c-6916a11a9da3/datanode-1/data/ratis/e9ec538c-02b5-469d-a134-a46192cc8371/in_use.lock acquired by nodename 762@pr-hdds-1710-5x6jb-1204890111
2019-07-14 16:18:01,642 INFO  storage.RaftStorage (RaftStorage.java:format(72)) - Storage directory /workdir/hadoop-ozone/integration-test/target/test-dir/MiniOzoneClusterImpl-60d218f0-a306-42c2-bb5c-6916a11a9da3/datanode-1/data/ratis/e9ec538c-02b5-469d-a134-a46192cc8371 has been successfully formatted.
2019-07-14 16:18:01,643 INFO  ratis.ContainerStateMachine (ContainerStateMachine.java:loadSnapshot(200)) - The snapshot info is null.Setting the last applied index to:(t:0, i:~)
2019-07-14 16:18:01,643 INFO  server.RaftServerConfigKeys (ConfUtils.java:logGet(43)) - raft.server.leader.election.timeout = 120s (custom)
2019-07-14 16:18:01,643 INFO  server.RaftServerConfigKeys (ConfUtils.java:logGet(43)) - raft.server.log.use.memory = false (default)
2019-07-14 16:18:01,643 INFO  server.RaftServerConfigKeys (ConfUtils.java:logGet(43)) - raft.server.log.purge.gap = 1000000000 (custom)
2019-07-14 16:18:01,643 INFO  server.RaftServerConfigKeys (ConfUtils.java:logGet(43)) - raft.server.log.appender.buffer.byte-limit = 33554432 (custom)
2019-07-14 16:18:01,643 INFO  server.RaftServerConfigKeys (ConfUtils.java:logGet(43)) - raft.server.log.segment.size.max = 1048576 (custom)
2019-07-14 16:18:01,643 INFO  server.RaftServerConfigKeys (ConfUtils.java:logGet(43)) - raft.server.log.segment.cache.num.max = 2 (custom)
2019-07-14 16:18:01,644 INFO  segmented.SegmentedRaftLogWorker (SegmentedRaftLogWorker.java:<init>(172)) - new 812bc747-170e-4a16-ad0c-247a093afae5-SegmentedRaftLogWorker:Storage Directory /workdir/hadoop-ozone/integration-test/target/test-dir/MiniOzoneClusterImpl-60d218f0-a306-42c2-bb5c-6916a11a9da3/datanode-1/data/ratis/e9ec538c-02b5-469d-a134-a46192cc8371 for RaftStorage:Storage Directory /workdir/hadoop-ozone/integration-test/target/test-dir/MiniOzoneClusterImpl-60d218f0-a306-42c2-bb5c-6916a11a9da3/datanode-1/data/ratis/e9ec538c-02b5-469d-a134-a46192cc8371
2019-07-14 16:18:01,644 INFO  server.RaftServerConfigKeys (ConfUtils.java:logGet(43)) - raft.server.log.queue.byte-limit = 2147483647 (custom)
2019-07-14 16:18:01,644 INFO  server.RaftServerConfigKeys (ConfUtils.java:logGet(43)) - raft.server.log.queue.element-limit = 1024 (custom)
2019-07-14 16:18:01,644 INFO  server.RaftServerConfigKeys (ConfUtils.java:logGet(43)) - raft.server.log.segment.size.max = 1048576 (custom)
2019-07-14 16:18:01,644 INFO  server.RaftServerConfigKeys (ConfUtils.java:logGet(43)) - raft.server.log.preallocated.size = 16384 (custom)
2019-07-14 16:18:01,644 INFO  server.RaftServerConfigKeys (ConfUtils.java:logGet(43)) - raft.server.log.write.buffer.size = 33554432 (custom)
2019-07-14 16:18:01,645 INFO  server.RaftServerConfigKeys (ConfUtils.java:logGet(43)) - raft.server.log.force.sync.num = 128 (default)
2019-07-14 16:18:01,645 INFO  server.RaftServerConfigKeys (ConfUtils.java:logGet(43)) - raft.server.log.statemachine.data.sync = true (default)
2019-07-14 16:18:01,645 INFO  server.RaftServerConfigKeys (ConfUtils.java:logGet(43)) - raft.server.log.statemachine.data.sync.timeout = 10s (default)
2019-07-14 16:18:01,645 INFO  server.RaftServerConfigKeys (ConfUtils.java:logGet(43)) - raft.server.log.statemachine.data.sync.timeout.retry = -1 (default)
2019-07-14 16:18:01,645 INFO  server.RaftServerConfigKeys (ConfUtils.java:logGet(43)) - raft.server.log.statemachine.data.caching.enabled = true (custom)
2019-07-14 16:18:01,646 INFO  segmented.SegmentedRaftLogWorker (SegmentedRaftLogWorker.java:lambda$new$0(132)) - 812bc747-170e-4a16-ad0c-247a093afae5-SegmentedRaftLogWorker:Storage Directory /workdir/hadoop-ozone/integration-test/target/test-dir/MiniOzoneClusterImpl-60d218f0-a306-42c2-bb5c-6916a11a9da3/datanode-1/data/ratis/e9ec538c-02b5-469d-a134-a46192cc8371: flushIndex: setUnconditionally 0 -> -1
2019-07-14 16:18:01,646 INFO  server.RaftServerConfigKeys (ConfUtils.java:logGet(43)) - raft.server.snapshot.auto.trigger.enabled = true (custom)
2019-07-14 16:18:01,646 INFO  server.RaftServerConfigKeys (ConfUtils.java:logGet(43)) - raft.server.snapshot.auto.trigger.threshold = 10000 (custom)
2019-07-14 16:18:01,646 INFO  server.RaftServerConfigKeys (ConfUtils.java:logGet(43)) - raft.server.retrycache.expirytime = 600000ms (custom)
2019-07-14 16:18:01,647 INFO  impl.RaftServerImpl (RaftServerImpl.java:start(180)) - 812bc747-170e-4a16-ad0c-247a093afae5: start group-A46192CC8371
2019-07-14 16:18:01,647 INFO  impl.RaftServerImpl (RaftServerImpl.java:setRole(171)) - 812bc747-170e-4a16-ad0c-247a093afae5:group-A46192CC8371 changes role from null to FOLLOWER at term 0 for startAsFollower
2019-07-14 16:18:01,647 INFO  impl.RoleInfo (RoleInfo.java:updateAndGet(143)) - 812bc747-170e-4a16-ad0c-247a093afae5: start FollowerState
2019-07-14 16:18:01,647 INFO  util.JmxRegister (JmxRegister.java:tryRegister(44)) - Successfully registered JMX Bean with object name Ratis:service=RaftServer,group=group-A46192CC8371,id=812bc747-170e-4a16-ad0c-247a093afae5
2019-07-14 16:18:01,649 INFO  pipeline.PipelineStateManager (PipelineStateManager.java:addPipeline(56)) - Created pipeline Pipeline[ Id: e9ec538c-02b5-469d-a134-a46192cc8371, Nodes: 812bc747-170e-4a16-ad0c-247a093afae5{ip: 192.168.69.77, host: pr-hdds-1710-5x6jb-1204890111, networkLocation: /default-rack, certSerialId: null}, Type:RATIS, Factor:ONE, State:OPEN]
2019-07-14 16:18:01,695 WARN  server.GrpcLogAppender (LogUtils.java:warn(134)) - d7574934-53ba-489d-8caa-ad6ea7b6c729->58e1bc26-88f4-4d48-ab6d-7461377ebc32: Failed appendEntries: org.apache.ratis.thirdparty.io.grpc.StatusRuntimeException: UNAVAILABLE: io exception
2019-07-14 16:18:01,707 INFO  impl.FollowerInfo (FollowerInfo.java:lambda$new$0(50)) - d7574934-53ba-489d-8caa-ad6ea7b6c729->58e1bc26-88f4-4d48-ab6d-7461377ebc32: nextIndex: updateUnconditionally 4 -> 3
2019-07-14 16:18:01,716 WARN  server.GrpcLogAppender (LogUtils.java:warn(134)) - 5c3f8082-86fd-4ec8-83c5-19f28657242e->c6caa481-fc39-4fa3-8faf-817af7fe412a: Failed appendEntries: org.apache.ratis.thirdparty.io.grpc.StatusRuntimeException: UNAVAILABLE: io exception
2019-07-14 16:18:01,717 WARN  server.GrpcLogAppender (LogUtils.java:warn(134)) - 5c3f8082-86fd-4ec8-83c5-19f28657242e->bde8c970-78a9-487e-beef-ecea974b9f52: Failed appendEntries: org.apache.ratis.thirdparty.io.grpc.StatusRuntimeException: UNAVAILABLE: io exception
2019-07-14 16:18:01,726 INFO  impl.FollowerInfo (FollowerInfo.java:lambda$new$0(50)) - 5c3f8082-86fd-4ec8-83c5-19f28657242e->c6caa481-fc39-4fa3-8faf-817af7fe412a: nextIndex: updateUnconditionally 0 -> 0
2019-07-14 16:18:01,736 INFO  impl.FollowerInfo (FollowerInfo.java:lambda$new$0(50)) - 5c3f8082-86fd-4ec8-83c5-19f28657242e->bde8c970-78a9-487e-beef-ecea974b9f52: nextIndex: updateUnconditionally 0 -> 0
2019-07-14 16:18:01,963 INFO  node.SCMNodeManager (SCMNodeManager.java:register(269)) - Registered Data node : 172c9306-f167-47ab-bf06-fbd58e539972{ip: 192.168.69.77, host: pr-hdds-1710-5x6jb-1204890111, networkLocation: /default-rack, certSerialId: null}
2019-07-14 16:18:01,981 INFO  impl.RaftServerProxy (RaftServerProxy.java:addNew(89)) - 172c9306-f167-47ab-bf06-fbd58e539972: addNew group-7D549DC15874:[172c9306-f167-47ab-bf06-fbd58e539972:192.168.69.77:45960] returns group-7D549DC15874:java.util.concurrent.CompletableFuture@3f31f8d1[Not completed]
2019-07-14 16:18:01,982 INFO  impl.RaftServerImpl (RaftServerImpl.java:<init>(93)) - 172c9306-f167-47ab-bf06-fbd58e539972: new RaftServerImpl for group-7D549DC15874:[172c9306-f167-47ab-bf06-fbd58e539972:192.168.69.77:45960] with ContainerStateMachine:uninitialized
2019-07-14 16:18:01,982 INFO  server.RaftServerConfigKeys (ConfUtils.java:logGet(43)) - raft.server.rpc.timeout.min = 5s (custom)
2019-07-14 16:18:01,982 INFO  server.RaftServerConfigKeys (ConfUtils.java:logGet(43)) - raft.server.rpc.timeout.max = 5200ms (custom)
2019-07-14 16:18:01,982 INFO  server.RaftServerConfigKeys (ConfUtils.java:logGet(43)) - raft.server.rpcslowness.timeout = 120s (custom)
2019-07-14 16:18:01,982 INFO  server.RaftServerConfigKeys (ConfUtils.java:logGet(43)) - raft.server.sleep.deviation.threshold = 300 (default)
2019-07-14 16:18:01,982 INFO  server.RaftServerConfigKeys (ConfUtils.java:logGet(43)) - raft.server.log.appender.install.snapshot.enabled = false (custom)
2019-07-14 16:18:01,983 INFO  impl.RaftServerImpl (ServerState.java:<init>(105)) - 172c9306-f167-47ab-bf06-fbd58e539972:group-7D549DC15874 ConfigurationManager, init=-1: [172c9306-f167-47ab-bf06-fbd58e539972:192.168.69.77:45960], old=null, confs=<EMPTY_MAP>
2019-07-14 16:18:01,983 INFO  server.RaftServerConfigKeys (ConfUtils.java:logGet(43)) - raft.server.storage.dir = [/workdir/hadoop-ozone/integration-test/target/test-dir/MiniOzoneClusterImpl-60d218f0-a306-42c2-bb5c-6916a11a9da3/datanode-2/data/ratis] (custom)
2019-07-14 16:18:01,983 INFO  storage.RaftStorageDirectory (RaftStorageDirectory.java:analyzeStorage(246)) - The storage directory /workdir/hadoop-ozone/integration-test/target/test-dir/MiniOzoneClusterImpl-60d218f0-a306-42c2-bb5c-6916a11a9da3/datanode-2/data/ratis/e673757f-6d23-4f8a-8075-7d549dc15874 does not exist. Creating ...
2019-07-14 16:18:02,008 INFO  storage.RaftStorageDirectory (RaftStorageDirectory.java:tryLock(328)) - Lock on /workdir/hadoop-ozone/integration-test/target/test-dir/MiniOzoneClusterImpl-60d218f0-a306-42c2-bb5c-6916a11a9da3/datanode-2/data/ratis/e673757f-6d23-4f8a-8075-7d549dc15874/in_use.lock acquired by nodename 762@pr-hdds-1710-5x6jb-1204890111
2019-07-14 16:18:02,033 INFO  storage.RaftStorage (RaftStorage.java:format(72)) - Storage directory /workdir/hadoop-ozone/integration-test/target/test-dir/MiniOzoneClusterImpl-60d218f0-a306-42c2-bb5c-6916a11a9da3/datanode-2/data/ratis/e673757f-6d23-4f8a-8075-7d549dc15874 has been successfully formatted.
2019-07-14 16:18:02,033 INFO  ratis.ContainerStateMachine (ContainerStateMachine.java:loadSnapshot(200)) - The snapshot info is null.Setting the last applied index to:(t:0, i:~)
2019-07-14 16:18:02,034 INFO  server.RaftServerConfigKeys (ConfUtils.java:logGet(43)) - raft.server.leader.election.timeout = 120s (custom)
2019-07-14 16:18:02,034 INFO  server.RaftServerConfigKeys (ConfUtils.java:logGet(43)) - raft.server.log.use.memory = false (default)
2019-07-14 16:18:02,034 INFO  server.RaftServerConfigKeys (ConfUtils.java:logGet(43)) - raft.server.log.purge.gap = 1000000000 (custom)
2019-07-14 16:18:02,034 INFO  server.RaftServerConfigKeys (ConfUtils.java:logGet(43)) - raft.server.log.appender.buffer.byte-limit = 33554432 (custom)
2019-07-14 16:18:02,034 INFO  server.RaftServerConfigKeys (ConfUtils.java:logGet(43)) - raft.server.log.segment.size.max = 1048576 (custom)
2019-07-14 16:18:02,034 INFO  server.RaftServerConfigKeys (ConfUtils.java:logGet(43)) - raft.server.log.segment.cache.num.max = 2 (custom)
2019-07-14 16:18:02,035 INFO  segmented.SegmentedRaftLogWorker (SegmentedRaftLogWorker.java:<init>(172)) - new 172c9306-f167-47ab-bf06-fbd58e539972-SegmentedRaftLogWorker:Storage Directory /workdir/hadoop-ozone/integration-test/target/test-dir/MiniOzoneClusterImpl-60d218f0-a306-42c2-bb5c-6916a11a9da3/datanode-2/data/ratis/e673757f-6d23-4f8a-8075-7d549dc15874 for RaftStorage:Storage Directory /workdir/hadoop-ozone/integration-test/target/test-dir/MiniOzoneClusterImpl-60d218f0-a306-42c2-bb5c-6916a11a9da3/datanode-2/data/ratis/e673757f-6d23-4f8a-8075-7d549dc15874
2019-07-14 16:18:02,035 INFO  server.RaftServerConfigKeys (ConfUtils.java:logGet(43)) - raft.server.log.queue.byte-limit = 2147483647 (custom)
2019-07-14 16:18:02,035 INFO  server.RaftServerConfigKeys (ConfUtils.java:logGet(43)) - raft.server.log.queue.element-limit = 1024 (custom)
2019-07-14 16:18:02,035 INFO  server.RaftServerConfigKeys (ConfUtils.java:logGet(43)) - raft.server.log.segment.size.max = 1048576 (custom)
2019-07-14 16:18:02,035 INFO  server.RaftServerConfigKeys (ConfUtils.java:logGet(43)) - raft.server.log.preallocated.size = 16384 (custom)
2019-07-14 16:18:02,036 INFO  server.RaftServerConfigKeys (ConfUtils.java:logGet(43)) - raft.server.log.write.buffer.size = 33554432 (custom)
2019-07-14 16:18:02,036 INFO  server.RaftServerConfigKeys (ConfUtils.java:logGet(43)) - raft.server.log.force.sync.num = 128 (default)
2019-07-14 16:18:02,036 INFO  server.RaftServerConfigKeys (ConfUtils.java:logGet(43)) - raft.server.log.statemachine.data.sync = true (default)
2019-07-14 16:18:02,036 INFO  server.RaftServerConfigKeys (ConfUtils.java:logGet(43)) - raft.server.log.statemachine.data.sync.timeout = 10s (default)
2019-07-14 16:18:02,036 INFO  server.RaftServerConfigKeys (ConfUtils.java:logGet(43)) - raft.server.log.statemachine.data.sync.timeout.retry = -1 (default)
2019-07-14 16:18:02,037 INFO  server.RaftServerConfigKeys (ConfUtils.java:logGet(43)) - raft.server.log.statemachine.data.caching.enabled = true (custom)
2019-07-14 16:18:02,037 INFO  segmented.SegmentedRaftLogWorker (SegmentedRaftLogWorker.java:lambda$new$0(132)) - 172c9306-f167-47ab-bf06-fbd58e539972-SegmentedRaftLogWorker:Storage Directory /workdir/hadoop-ozone/integration-test/target/test-dir/MiniOzoneClusterImpl-60d218f0-a306-42c2-bb5c-6916a11a9da3/datanode-2/data/ratis/e673757f-6d23-4f8a-8075-7d549dc15874: flushIndex: setUnconditionally 0 -> -1
2019-07-14 16:18:02,037 INFO  server.RaftServerConfigKeys (ConfUtils.java:logGet(43)) - raft.server.snapshot.auto.trigger.enabled = true (custom)
2019-07-14 16:18:02,037 INFO  server.RaftServerConfigKeys (ConfUtils.java:logGet(43)) - raft.server.snapshot.auto.trigger.threshold = 10000 (custom)
2019-07-14 16:18:02,038 INFO  server.RaftServerConfigKeys (ConfUtils.java:logGet(43)) - raft.server.retrycache.expirytime = 600000ms (custom)
2019-07-14 16:18:02,038 INFO  impl.RaftServerImpl (RaftServerImpl.java:start(180)) - 172c9306-f167-47ab-bf06-fbd58e539972: start group-7D549DC15874
2019-07-14 16:18:02,038 INFO  impl.RaftServerImpl (RaftServerImpl.java:setRole(171)) - 172c9306-f167-47ab-bf06-fbd58e539972:group-7D549DC15874 changes role from null to FOLLOWER at term 0 for startAsFollower
2019-07-14 16:18:02,038 INFO  impl.RoleInfo (RoleInfo.java:updateAndGet(143)) - 172c9306-f167-47ab-bf06-fbd58e539972: start FollowerState
2019-07-14 16:18:02,039 INFO  util.JmxRegister (JmxRegister.java:tryRegister(44)) - Successfully registered JMX Bean with object name Ratis:service=RaftServer,group=group-7D549DC15874,id=172c9306-f167-47ab-bf06-fbd58e539972
2019-07-14 16:18:02,041 INFO  pipeline.PipelineStateManager (PipelineStateManager.java:addPipeline(56)) - Created pipeline Pipeline[ Id: e673757f-6d23-4f8a-8075-7d549dc15874, Nodes: 172c9306-f167-47ab-bf06-fbd58e539972{ip: 192.168.69.77, host: pr-hdds-1710-5x6jb-1204890111, networkLocation: /default-rack, certSerialId: null}, Type:RATIS, Factor:ONE, State:OPEN]
2019-07-14 16:18:02,105 INFO  impl.RaftServerProxy (RaftServerProxy.java:addNew(89)) - 5da6f978-c976-4dad-92a3-94bec5a05bbd: addNew group-6C193D126E87:[172c9306-f167-47ab-bf06-fbd58e539972:192.168.69.77:45960, 812bc747-170e-4a16-ad0c-247a093afae5:192.168.69.77:45590, 5da6f978-c976-4dad-92a3-94bec5a05bbd:192.168.69.77:33947] returns group-6C193D126E87:java.util.concurrent.CompletableFuture@52c8d162[Not completed]
2019-07-14 16:18:02,105 INFO  impl.RaftServerProxy (RaftServerProxy.java:addNew(89)) - 172c9306-f167-47ab-bf06-fbd58e539972: addNew group-6C193D126E87:[172c9306-f167-47ab-bf06-fbd58e539972:192.168.69.77:45960, 812bc747-170e-4a16-ad0c-247a093afae5:192.168.69.77:45590, 5da6f978-c976-4dad-92a3-94bec5a05bbd:192.168.69.77:33947] returns group-6C193D126E87:java.util.concurrent.CompletableFuture@6870b6dd[Not completed]
2019-07-14 16:18:02,105 INFO  impl.RaftServerProxy (RaftServerProxy.java:addNew(89)) - 812bc747-170e-4a16-ad0c-247a093afae5: addNew group-6C193D126E87:[172c9306-f167-47ab-bf06-fbd58e539972:192.168.69.77:45960, 812bc747-170e-4a16-ad0c-247a093afae5:192.168.69.77:45590, 5da6f978-c976-4dad-92a3-94bec5a05bbd:192.168.69.77:33947] returns group-6C193D126E87:java.util.concurrent.CompletableFuture@4786be4[Not completed]
2019-07-14 16:18:02,106 INFO  impl.RaftServerImpl (RaftServerImpl.java:<init>(93)) - 5da6f978-c976-4dad-92a3-94bec5a05bbd: new RaftServerImpl for group-6C193D126E87:[172c9306-f167-47ab-bf06-fbd58e539972:192.168.69.77:45960, 812bc747-170e-4a16-ad0c-247a093afae5:192.168.69.77:45590, 5da6f978-c976-4dad-92a3-94bec5a05bbd:192.168.69.77:33947] with ContainerStateMachine:uninitialized
2019-07-14 16:18:02,106 INFO  server.RaftServerConfigKeys (ConfUtils.java:logGet(43)) - raft.server.rpc.timeout.min = 5s (custom)
2019-07-14 16:18:02,106 INFO  server.RaftServerConfigKeys (ConfUtils.java:logGet(43)) - raft.server.rpc.timeout.max = 5200ms (custom)
2019-07-14 16:18:02,106 INFO  impl.RaftServerImpl (RaftServerImpl.java:<init>(93)) - 172c9306-f167-47ab-bf06-fbd58e539972: new RaftServerImpl for group-6C193D126E87:[172c9306-f167-47ab-bf06-fbd58e539972:192.168.69.77:45960, 812bc747-170e-4a16-ad0c-247a093afae5:192.168.69.77:45590, 5da6f978-c976-4dad-92a3-94bec5a05bbd:192.168.69.77:33947] with ContainerStateMachine:uninitialized
2019-07-14 16:18:02,106 INFO  server.RaftServerConfigKeys (ConfUtils.java:logGet(43)) - raft.server.rpcslowness.timeout = 120s (custom)
2019-07-14 16:18:02,106 INFO  server.RaftServerConfigKeys (ConfUtils.java:logGet(43)) - raft.server.rpc.timeout.min = 5s (custom)
2019-07-14 16:18:02,107 INFO  impl.RaftServerImpl (RaftServerImpl.java:<init>(93)) - 812bc747-170e-4a16-ad0c-247a093afae5: new RaftServerImpl for group-6C193D126E87:[172c9306-f167-47ab-bf06-fbd58e539972:192.168.69.77:45960, 812bc747-170e-4a16-ad0c-247a093afae5:192.168.69.77:45590, 5da6f978-c976-4dad-92a3-94bec5a05bbd:192.168.69.77:33947] with ContainerStateMachine:uninitialized
2019-07-14 16:18:02,106 INFO  server.RaftServerConfigKeys (ConfUtils.java:logGet(43)) - raft.server.sleep.deviation.threshold = 300 (default)
2019-07-14 16:18:02,107 INFO  server.RaftServerConfigKeys (ConfUtils.java:logGet(43)) - raft.server.rpc.timeout.min = 5s (custom)
2019-07-14 16:18:02,107 INFO  server.RaftServerConfigKeys (ConfUtils.java:logGet(43)) - raft.server.rpc.timeout.max = 5200ms (custom)
2019-07-14 16:18:02,107 INFO  server.RaftServerConfigKeys (ConfUtils.java:logGet(43)) - raft.server.rpc.timeout.max = 5200ms (custom)
2019-07-14 16:18:02,107 INFO  server.RaftServerConfigKeys (ConfUtils.java:logGet(43)) - raft.server.rpcslowness.timeout = 120s (custom)
2019-07-14 16:18:02,107 INFO  server.RaftServerConfigKeys (ConfUtils.java:logGet(43)) - raft.server.log.appender.install.snapshot.enabled = false (custom)
2019-07-14 16:18:02,108 INFO  server.RaftServerConfigKeys (ConfUtils.java:logGet(43)) - raft.server.sleep.deviation.threshold = 300 (default)
2019-07-14 16:18:02,108 INFO  server.RaftServerConfigKeys (ConfUtils.java:logGet(43)) - raft.server.log.appender.install.snapshot.enabled = false (custom)
2019-07-14 16:18:02,107 INFO  server.RaftServerConfigKeys (ConfUtils.java:logGet(43)) - raft.server.rpcslowness.timeout = 120s (custom)
2019-07-14 16:18:02,108 INFO  impl.RaftServerImpl (ServerState.java:<init>(105)) - 812bc747-170e-4a16-ad0c-247a093afae5:group-6C193D126E87 ConfigurationManager, init=-1: [172c9306-f167-47ab-bf06-fbd58e539972:192.168.69.77:45960, 812bc747-170e-4a16-ad0c-247a093afae5:192.168.69.77:45590, 5da6f978-c976-4dad-92a3-94bec5a05bbd:192.168.69.77:33947], old=null, confs=<EMPTY_MAP>
2019-07-14 16:18:02,108 INFO  impl.RaftServerImpl (ServerState.java:<init>(105)) - 5da6f978-c976-4dad-92a3-94bec5a05bbd:group-6C193D126E87 ConfigurationManager, init=-1: [172c9306-f167-47ab-bf06-fbd58e539972:192.168.69.77:45960, 812bc747-170e-4a16-ad0c-247a093afae5:192.168.69.77:45590, 5da6f978-c976-4dad-92a3-94bec5a05bbd:192.168.69.77:33947], old=null, confs=<EMPTY_MAP>
2019-07-14 16:18:02,108 INFO  server.RaftServerConfigKeys (ConfUtils.java:logGet(43)) - raft.server.storage.dir = [/workdir/hadoop-ozone/integration-test/target/test-dir/MiniOzoneClusterImpl-60d218f0-a306-42c2-bb5c-6916a11a9da3/datanode-1/data/ratis] (custom)
2019-07-14 16:18:02,108 INFO  server.RaftServerConfigKeys (ConfUtils.java:logGet(43)) - raft.server.sleep.deviation.threshold = 300 (default)
2019-07-14 16:18:02,109 INFO  server.RaftServerConfigKeys (ConfUtils.java:logGet(43)) - raft.server.log.appender.install.snapshot.enabled = false (custom)
2019-07-14 16:18:02,109 INFO  server.RaftServerConfigKeys (ConfUtils.java:logGet(43)) - raft.server.storage.dir = [/workdir/hadoop-ozone/integration-test/target/test-dir/MiniOzoneClusterImpl-60d218f0-a306-42c2-bb5c-6916a11a9da3/datanode-0/data/ratis] (custom)
2019-07-14 16:18:02,109 INFO  impl.RaftServerImpl (ServerState.java:<init>(105)) - 172c9306-f167-47ab-bf06-fbd58e539972:group-6C193D126E87 ConfigurationManager, init=-1: [172c9306-f167-47ab-bf06-fbd58e539972:192.168.69.77:45960, 812bc747-170e-4a16-ad0c-247a093afae5:192.168.69.77:45590, 5da6f978-c976-4dad-92a3-94bec5a05bbd:192.168.69.77:33947], old=null, confs=<EMPTY_MAP>
2019-07-14 16:18:02,109 INFO  storage.RaftStorageDirectory (RaftStorageDirectory.java:analyzeStorage(246)) - The storage directory /workdir/hadoop-ozone/integration-test/target/test-dir/MiniOzoneClusterImpl-60d218f0-a306-42c2-bb5c-6916a11a9da3/datanode-1/data/ratis/b516fcf4-27bb-4af0-8ca9-6c193d126e87 does not exist. Creating ...
2019-07-14 16:18:02,109 INFO  storage.RaftStorageDirectory (RaftStorageDirectory.java:analyzeStorage(246)) - The storage directory /workdir/hadoop-ozone/integration-test/target/test-dir/MiniOzoneClusterImpl-60d218f0-a306-42c2-bb5c-6916a11a9da3/datanode-0/data/ratis/b516fcf4-27bb-4af0-8ca9-6c193d126e87 does not exist. Creating ...
2019-07-14 16:18:02,109 INFO  server.RaftServerConfigKeys (ConfUtils.java:logGet(43)) - raft.server.storage.dir = [/workdir/hadoop-ozone/integration-test/target/test-dir/MiniOzoneClusterImpl-60d218f0-a306-42c2-bb5c-6916a11a9da3/datanode-2/data/ratis] (custom)
2019-07-14 16:18:02,110 INFO  storage.RaftStorageDirectory (RaftStorageDirectory.java:analyzeStorage(246)) - The storage directory /workdir/hadoop-ozone/integration-test/target/test-dir/MiniOzoneClusterImpl-60d218f0-a306-42c2-bb5c-6916a11a9da3/datanode-2/data/ratis/b516fcf4-27bb-4af0-8ca9-6c193d126e87 does not exist. Creating ...
2019-07-14 16:18:02,123 INFO  storage.RaftStorageDirectory (RaftStorageDirectory.java:tryLock(328)) - Lock on /workdir/hadoop-ozone/integration-test/target/test-dir/MiniOzoneClusterImpl-60d218f0-a306-42c2-bb5c-6916a11a9da3/datanode-0/data/ratis/b516fcf4-27bb-4af0-8ca9-6c193d126e87/in_use.lock acquired by nodename 762@pr-hdds-1710-5x6jb-1204890111
2019-07-14 16:18:02,123 INFO  storage.RaftStorageDirectory (RaftStorageDirectory.java:tryLock(328)) - Lock on /workdir/hadoop-ozone/integration-test/target/test-dir/MiniOzoneClusterImpl-60d218f0-a306-42c2-bb5c-6916a11a9da3/datanode-1/data/ratis/b516fcf4-27bb-4af0-8ca9-6c193d126e87/in_use.lock acquired by nodename 762@pr-hdds-1710-5x6jb-1204890111
2019-07-14 16:18:02,123 INFO  storage.RaftStorageDirectory (RaftStorageDirectory.java:tryLock(328)) - Lock on /workdir/hadoop-ozone/integration-test/target/test-dir/MiniOzoneClusterImpl-60d218f0-a306-42c2-bb5c-6916a11a9da3/datanode-2/data/ratis/b516fcf4-27bb-4af0-8ca9-6c193d126e87/in_use.lock acquired by nodename 762@pr-hdds-1710-5x6jb-1204890111
2019-07-14 16:18:02,150 INFO  storage.RaftStorage (RaftStorage.java:format(72)) - Storage directory /workdir/hadoop-ozone/integration-test/target/test-dir/MiniOzoneClusterImpl-60d218f0-a306-42c2-bb5c-6916a11a9da3/datanode-0/data/ratis/b516fcf4-27bb-4af0-8ca9-6c193d126e87 has been successfully formatted.
2019-07-14 16:18:02,150 INFO  storage.RaftStorage (RaftStorage.java:format(72)) - Storage directory /workdir/hadoop-ozone/integration-test/target/test-dir/MiniOzoneClusterImpl-60d218f0-a306-42c2-bb5c-6916a11a9da3/datanode-1/data/ratis/b516fcf4-27bb-4af0-8ca9-6c193d126e87 has been successfully formatted.
2019-07-14 16:18:02,150 INFO  storage.RaftStorage (RaftStorage.java:format(72)) - Storage directory /workdir/hadoop-ozone/integration-test/target/test-dir/MiniOzoneClusterImpl-60d218f0-a306-42c2-bb5c-6916a11a9da3/datanode-2/data/ratis/b516fcf4-27bb-4af0-8ca9-6c193d126e87 has been successfully formatted.
2019-07-14 16:18:02,151 INFO  ratis.ContainerStateMachine (ContainerStateMachine.java:loadSnapshot(200)) - The snapshot info is null.Setting the last applied index to:(t:0, i:~)
2019-07-14 16:18:02,151 INFO  ratis.ContainerStateMachine (ContainerStateMachine.java:loadSnapshot(200)) - The snapshot info is null.Setting the last applied index to:(t:0, i:~)
2019-07-14 16:18:02,151 INFO  server.RaftServerConfigKeys (ConfUtils.java:logGet(43)) - raft.server.leader.election.timeout = 120s (custom)
2019-07-14 16:18:02,151 INFO  server.RaftServerConfigKeys (ConfUtils.java:logGet(43)) - raft.server.log.use.memory = false (default)
2019-07-14 16:18:02,151 INFO  ratis.ContainerStateMachine (ContainerStateMachine.java:loadSnapshot(200)) - The snapshot info is null.Setting the last applied index to:(t:0, i:~)
2019-07-14 16:18:02,151 INFO  server.RaftServerConfigKeys (ConfUtils.java:logGet(43)) - raft.server.log.purge.gap = 1000000000 (custom)
2019-07-14 16:18:02,151 INFO  server.RaftServerConfigKeys (ConfUtils.java:logGet(43)) - raft.server.leader.election.timeout = 120s (custom)
2019-07-14 16:18:02,152 INFO  server.RaftServerConfigKeys (ConfUtils.java:logGet(43)) - raft.server.log.appender.buffer.byte-limit = 33554432 (custom)
2019-07-14 16:18:02,152 INFO  server.RaftServerConfigKeys (ConfUtils.java:logGet(43)) - raft.server.leader.election.timeout = 120s (custom)
2019-07-14 16:18:02,152 INFO  server.RaftServerConfigKeys (ConfUtils.java:logGet(43)) - raft.server.log.segment.size.max = 1048576 (custom)
2019-07-14 16:18:02,152 INFO  server.RaftServerConfigKeys (ConfUtils.java:logGet(43)) - raft.server.log.use.memory = false (default)
2019-07-14 16:18:02,152 INFO  server.RaftServerConfigKeys (ConfUtils.java:logGet(43)) - raft.server.log.segment.cache.num.max = 2 (custom)
2019-07-14 16:18:02,153 INFO  segmented.SegmentedRaftLogWorker (SegmentedRaftLogWorker.java:<init>(172)) - new 812bc747-170e-4a16-ad0c-247a093afae5-SegmentedRaftLogWorker:Storage Directory /workdir/hadoop-ozone/integration-test/target/test-dir/MiniOzoneClusterImpl-60d218f0-a306-42c2-bb5c-6916a11a9da3/datanode-1/data/ratis/b516fcf4-27bb-4af0-8ca9-6c193d126e87 for RaftStorage:Storage Directory /workdir/hadoop-ozone/integration-test/target/test-dir/MiniOzoneClusterImpl-60d218f0-a306-42c2-bb5c-6916a11a9da3/datanode-1/data/ratis/b516fcf4-27bb-4af0-8ca9-6c193d126e87
2019-07-14 16:18:02,152 INFO  server.RaftServerConfigKeys (ConfUtils.java:logGet(43)) - raft.server.log.use.memory = false (default)
2019-07-14 16:18:02,153 INFO  server.RaftServerConfigKeys (ConfUtils.java:logGet(43)) - raft.server.log.queue.byte-limit = 2147483647 (custom)
2019-07-14 16:18:02,153 INFO  server.RaftServerConfigKeys (ConfUtils.java:logGet(43)) - raft.server.log.purge.gap = 1000000000 (custom)
2019-07-14 16:18:02,153 INFO  server.RaftServerConfigKeys (ConfUtils.java:logGet(43)) - raft.server.log.queue.element-limit = 1024 (custom)
2019-07-14 16:18:02,153 INFO  server.RaftServerConfigKeys (ConfUtils.java:logGet(43)) - raft.server.log.purge.gap = 1000000000 (custom)
2019-07-14 16:18:02,154 INFO  server.RaftServerConfigKeys (ConfUtils.java:logGet(43)) - raft.server.log.segment.size.max = 1048576 (custom)
2019-07-14 16:18:02,153 INFO  server.RaftServerConfigKeys (ConfUtils.java:logGet(43)) - raft.server.log.appender.buffer.byte-limit = 33554432 (custom)
2019-07-14 16:18:02,154 INFO  server.RaftServerConfigKeys (ConfUtils.java:logGet(43)) - raft.server.log.preallocated.size = 16384 (custom)
2019-07-14 16:18:02,154 INFO  server.RaftServerConfigKeys (ConfUtils.java:logGet(43)) - raft.server.log.write.buffer.size = 33554432 (custom)
2019-07-14 16:18:02,154 INFO  server.RaftServerConfigKeys (ConfUtils.java:logGet(43)) - raft.server.log.appender.buffer.byte-limit = 33554432 (custom)
2019-07-14 16:18:02,154 INFO  server.RaftServerConfigKeys (ConfUtils.java:logGet(43)) - raft.server.log.force.sync.num = 128 (default)
2019-07-14 16:18:02,154 INFO  server.RaftServerConfigKeys (ConfUtils.java:logGet(43)) - raft.server.log.segment.size.max = 1048576 (custom)
2019-07-14 16:18:02,155 INFO  server.RaftServerConfigKeys (ConfUtils.java:logGet(43)) - raft.server.log.statemachine.data.sync = true (default)
2019-07-14 16:18:02,155 INFO  server.RaftServerConfigKeys (ConfUtils.java:logGet(43)) - raft.server.log.segment.size.max = 1048576 (custom)
2019-07-14 16:18:02,155 INFO  server.RaftServerConfigKeys (ConfUtils.java:logGet(43)) - raft.server.log.statemachine.data.sync.timeout = 10s (default)
2019-07-14 16:18:02,155 INFO  server.RaftServerConfigKeys (ConfUtils.java:logGet(43)) - raft.server.log.segment.cache.num.max = 2 (custom)
2019-07-14 16:18:02,155 INFO  server.RaftServerConfigKeys (ConfUtils.java:logGet(43)) - raft.server.log.statemachine.data.sync.timeout.retry = -1 (default)
2019-07-14 16:18:02,155 INFO  server.RaftServerConfigKeys (ConfUtils.java:logGet(43)) - raft.server.log.segment.cache.num.max = 2 (custom)
2019-07-14 16:18:02,156 INFO  server.RaftServerConfigKeys (ConfUtils.java:logGet(43)) - raft.server.log.statemachine.data.caching.enabled = true (custom)
2019-07-14 16:18:02,156 INFO  segmented.SegmentedRaftLogWorker (SegmentedRaftLogWorker.java:<init>(172)) - new 5da6f978-c976-4dad-92a3-94bec5a05bbd-SegmentedRaftLogWorker:Storage Directory /workdir/hadoop-ozone/integration-test/target/test-dir/MiniOzoneClusterImpl-60d218f0-a306-42c2-bb5c-6916a11a9da3/datanode-0/data/ratis/b516fcf4-27bb-4af0-8ca9-6c193d126e87 for RaftStorage:Storage Directory /workdir/hadoop-ozone/integration-test/target/test-dir/MiniOzoneClusterImpl-60d218f0-a306-42c2-bb5c-6916a11a9da3/datanode-0/data/ratis/b516fcf4-27bb-4af0-8ca9-6c193d126e87
2019-07-14 16:18:02,156 INFO  segmented.SegmentedRaftLogWorker (SegmentedRaftLogWorker.java:<init>(172)) - new 172c9306-f167-47ab-bf06-fbd58e539972-SegmentedRaftLogWorker:Storage Directory /workdir/hadoop-ozone/integration-test/target/test-dir/MiniOzoneClusterImpl-60d218f0-a306-42c2-bb5c-6916a11a9da3/datanode-2/data/ratis/b516fcf4-27bb-4af0-8ca9-6c193d126e87 for RaftStorage:Storage Directory /workdir/hadoop-ozone/integration-test/target/test-dir/MiniOzoneClusterImpl-60d218f0-a306-42c2-bb5c-6916a11a9da3/datanode-2/data/ratis/b516fcf4-27bb-4af0-8ca9-6c193d126e87
2019-07-14 16:18:02,156 INFO  server.RaftServerConfigKeys (ConfUtils.java:logGet(43)) - raft.server.log.queue.byte-limit = 2147483647 (custom)
2019-07-14 16:18:02,156 INFO  segmented.SegmentedRaftLogWorker (SegmentedRaftLogWorker.java:lambda$new$0(132)) - 812bc747-170e-4a16-ad0c-247a093afae5-SegmentedRaftLogWorker:Storage Directory /workdir/hadoop-ozone/integration-test/target/test-dir/MiniOzoneClusterImpl-60d218f0-a306-42c2-bb5c-6916a11a9da3/datanode-1/data/ratis/b516fcf4-27bb-4af0-8ca9-6c193d126e87: flushIndex: setUnconditionally 0 -> -1
2019-07-14 16:18:02,157 INFO  server.RaftServerConfigKeys (ConfUtils.java:logGet(43)) - raft.server.log.queue.element-limit = 1024 (custom)
2019-07-14 16:18:02,156 INFO  server.RaftServerConfigKeys (ConfUtils.java:logGet(43)) - raft.server.log.queue.byte-limit = 2147483647 (custom)
2019-07-14 16:18:02,157 INFO  server.RaftServerConfigKeys (ConfUtils.java:logGet(43)) - raft.server.log.segment.size.max = 1048576 (custom)
2019-07-14 16:18:02,157 INFO  server.RaftServerConfigKeys (ConfUtils.java:logGet(43)) - raft.server.snapshot.auto.trigger.enabled = true (custom)
2019-07-14 16:18:02,157 INFO  server.RaftServerConfigKeys (ConfUtils.java:logGet(43)) - raft.server.log.preallocated.size = 16384 (custom)
2019-07-14 16:18:02,157 INFO  server.RaftServerConfigKeys (ConfUtils.java:logGet(43)) - raft.server.log.queue.element-limit = 1024 (custom)
2019-07-14 16:18:02,158 INFO  server.RaftServerConfigKeys (ConfUtils.java:logGet(43)) - raft.server.log.write.buffer.size = 33554432 (custom)
2019-07-14 16:18:02,157 INFO  server.RaftServerConfigKeys (ConfUtils.java:logGet(43)) - raft.server.snapshot.auto.trigger.threshold = 10000 (custom)
2019-07-14 16:18:02,158 INFO  server.RaftServerConfigKeys (ConfUtils.java:logGet(43)) - raft.server.log.force.sync.num = 128 (default)
2019-07-14 16:18:02,158 INFO  server.RaftServerConfigKeys (ConfUtils.java:logGet(43)) - raft.server.log.segment.size.max = 1048576 (custom)
2019-07-14 16:18:02,158 INFO  server.RaftServerConfigKeys (ConfUtils.java:logGet(43)) - raft.server.log.statemachine.data.sync = true (default)
2019-07-14 16:18:02,158 INFO  server.RaftServerConfigKeys (ConfUtils.java:logGet(43)) - raft.server.retrycache.expirytime = 600000ms (custom)
2019-07-14 16:18:02,159 INFO  server.RaftServerConfigKeys (ConfUtils.java:logGet(43)) - raft.server.log.statemachine.data.sync.timeout = 10s (default)
2019-07-14 16:18:02,159 INFO  server.RaftServerConfigKeys (ConfUtils.java:logGet(43)) - raft.server.log.preallocated.size = 16384 (custom)
2019-07-14 16:18:02,159 INFO  server.RaftServerConfigKeys (ConfUtils.java:logGet(43)) - raft.server.log.statemachine.data.sync.timeout.retry = -1 (default)
2019-07-14 16:18:02,159 INFO  impl.RaftServerImpl (RaftServerImpl.java:start(180)) - 812bc747-170e-4a16-ad0c-247a093afae5: start group-6C193D126E87
2019-07-14 16:18:02,159 INFO  server.RaftServerConfigKeys (ConfUtils.java:logGet(43)) - raft.server.log.statemachine.data.caching.enabled = true (custom)
2019-07-14 16:18:02,159 INFO  server.RaftServerConfigKeys (ConfUtils.java:logGet(43)) - raft.server.log.write.buffer.size = 33554432 (custom)
2019-07-14 16:18:02,160 INFO  segmented.SegmentedRaftLogWorker (SegmentedRaftLogWorker.java:lambda$new$0(132)) - 5da6f978-c976-4dad-92a3-94bec5a05bbd-SegmentedRaftLogWorker:Storage Directory /workdir/hadoop-ozone/integration-test/target/test-dir/MiniOzoneClusterImpl-60d218f0-a306-42c2-bb5c-6916a11a9da3/datanode-0/data/ratis/b516fcf4-27bb-4af0-8ca9-6c193d126e87: flushIndex: setUnconditionally 0 -> -1
2019-07-14 16:18:02,160 INFO  impl.RaftServerImpl (RaftServerImpl.java:setRole(171)) - 812bc747-170e-4a16-ad0c-247a093afae5:group-6C193D126E87 changes role from null to FOLLOWER at term 0 for startAsFollower
2019-07-14 16:18:02,160 INFO  server.RaftServerConfigKeys (ConfUtils.java:logGet(43)) - raft.server.log.force.sync.num = 128 (default)
2019-07-14 16:18:02,160 INFO  server.RaftServerConfigKeys (ConfUtils.java:logGet(43)) - raft.server.snapshot.auto.trigger.enabled = true (custom)
2019-07-14 16:18:02,160 INFO  impl.RoleInfo (RoleInfo.java:updateAndGet(143)) - 812bc747-170e-4a16-ad0c-247a093afae5: start FollowerState
2019-07-14 16:18:02,161 INFO  server.RaftServerConfigKeys (ConfUtils.java:logGet(43)) - raft.server.snapshot.auto.trigger.threshold = 10000 (custom)
2019-07-14 16:18:02,160 INFO  server.RaftServerConfigKeys (ConfUtils.java:logGet(43)) - raft.server.log.statemachine.data.sync = true (default)
2019-07-14 16:18:02,161 INFO  server.RaftServerConfigKeys (ConfUtils.java:logGet(43)) - raft.server.retrycache.expirytime = 600000ms (custom)
2019-07-14 16:18:02,161 INFO  server.RaftServerConfigKeys (ConfUtils.java:logGet(43)) - raft.server.log.statemachine.data.sync.timeout = 10s (default)
2019-07-14 16:18:02,161 INFO  util.JmxRegister (JmxRegister.java:tryRegister(44)) - Successfully registered JMX Bean with object name Ratis:service=RaftServer,group=group-6C193D126E87,id=812bc747-170e-4a16-ad0c-247a093afae5
2019-07-14 16:18:02,161 INFO  server.RaftServerConfigKeys (ConfUtils.java:logGet(43)) - raft.server.log.statemachine.data.sync.timeout.retry = -1 (default)
2019-07-14 16:18:02,161 INFO  impl.RaftServerImpl (RaftServerImpl.java:start(180)) - 5da6f978-c976-4dad-92a3-94bec5a05bbd: start group-6C193D126E87
2019-07-14 16:18:02,162 INFO  server.RaftServerConfigKeys (ConfUtils.java:logGet(43)) - raft.server.log.statemachine.data.caching.enabled = true (custom)
2019-07-14 16:18:02,162 INFO  impl.RaftServerImpl (RaftServerImpl.java:setRole(171)) - 5da6f978-c976-4dad-92a3-94bec5a05bbd:group-6C193D126E87 changes role from null to FOLLOWER at term 0 for startAsFollower
2019-07-14 16:18:02,162 INFO  segmented.SegmentedRaftLogWorker (SegmentedRaftLogWorker.java:lambda$new$0(132)) - 172c9306-f167-47ab-bf06-fbd58e539972-SegmentedRaftLogWorker:Storage Directory /workdir/hadoop-ozone/integration-test/target/test-dir/MiniOzoneClusterImpl-60d218f0-a306-42c2-bb5c-6916a11a9da3/datanode-2/data/ratis/b516fcf4-27bb-4af0-8ca9-6c193d126e87: flushIndex: setUnconditionally 0 -> -1
2019-07-14 16:18:02,162 INFO  impl.RoleInfo (RoleInfo.java:updateAndGet(143)) - 5da6f978-c976-4dad-92a3-94bec5a05bbd: start FollowerState
2019-07-14 16:18:02,163 INFO  server.RaftServerConfigKeys (ConfUtils.java:logGet(43)) - raft.server.snapshot.auto.trigger.enabled = true (custom)
2019-07-14 16:18:02,163 INFO  server.RaftServerConfigKeys (ConfUtils.java:logGet(43)) - raft.server.snapshot.auto.trigger.threshold = 10000 (custom)
2019-07-14 16:18:02,163 INFO  util.JmxRegister (JmxRegister.java:tryRegister(44)) - Successfully registered JMX Bean with object name Ratis:service=RaftServer,group=group-6C193D126E87,id=5da6f978-c976-4dad-92a3-94bec5a05bbd
2019-07-14 16:18:02,163 INFO  server.RaftServerConfigKeys (ConfUtils.java:logGet(43)) - raft.server.retrycache.expirytime = 600000ms (custom)
2019-07-14 16:18:02,163 INFO  impl.RaftServerImpl (RaftServerImpl.java:start(180)) - 172c9306-f167-47ab-bf06-fbd58e539972: start group-6C193D126E87
2019-07-14 16:18:02,163 INFO  impl.RaftServerImpl (RaftServerImpl.java:setRole(171)) - 172c9306-f167-47ab-bf06-fbd58e539972:group-6C193D126E87 changes role from null to FOLLOWER at term 0 for startAsFollower
2019-07-14 16:18:02,163 INFO  impl.RoleInfo (RoleInfo.java:updateAndGet(143)) - 172c9306-f167-47ab-bf06-fbd58e539972: start FollowerState
2019-07-14 16:18:02,164 INFO  util.JmxRegister (JmxRegister.java:tryRegister(44)) - Successfully registered JMX Bean with object name Ratis:service=RaftServer,group=group-6C193D126E87,id=172c9306-f167-47ab-bf06-fbd58e539972
2019-07-14 16:18:02,166 INFO  pipeline.PipelineStateManager (PipelineStateManager.java:addPipeline(56)) - Created pipeline Pipeline[ Id: b516fcf4-27bb-4af0-8ca9-6c193d126e87, Nodes: 172c9306-f167-47ab-bf06-fbd58e539972{ip: 192.168.69.77, host: pr-hdds-1710-5x6jb-1204890111, networkLocation: /default-rack, certSerialId: null}5da6f978-c976-4dad-92a3-94bec5a05bbd{ip: 192.168.69.77, host: pr-hdds-1710-5x6jb-1204890111, networkLocation: /default-rack, certSerialId: null}812bc747-170e-4a16-ad0c-247a093afae5{ip: 192.168.69.77, host: pr-hdds-1710-5x6jb-1204890111, networkLocation: /default-rack, certSerialId: null}, Type:RATIS, Factor:THREE, State:OPEN]
2019-07-14 16:18:02,218 INFO  ozone.MiniOzoneClusterImpl (MiniOzoneClusterImpl.java:lambda$waitForClusterToBeReady$0(142)) - Waiting for cluster to be ready. Got 3 of 6 DN Heartbeats.
2019-07-14 16:18:02,362 INFO  node.SCMNodeManager (SCMNodeManager.java:register(269)) - Registered Data node : a7e8ad0b-9330-4266-8ecd-e057ec954ce9{ip: 192.168.69.77, host: pr-hdds-1710-5x6jb-1204890111, networkLocation: /default-rack, certSerialId: null}
2019-07-14 16:18:02,383 INFO  impl.RaftServerProxy (RaftServerProxy.java:addNew(89)) - a7e8ad0b-9330-4266-8ecd-e057ec954ce9: addNew group-1134DD6684E7:[a7e8ad0b-9330-4266-8ecd-e057ec954ce9:192.168.69.77:42183] returns group-1134DD6684E7:java.util.concurrent.CompletableFuture@13622e8b[Not completed]
2019-07-14 16:18:02,384 INFO  impl.RaftServerImpl (RaftServerImpl.java:<init>(93)) - a7e8ad0b-9330-4266-8ecd-e057ec954ce9: new RaftServerImpl for group-1134DD6684E7:[a7e8ad0b-9330-4266-8ecd-e057ec954ce9:192.168.69.77:42183] with ContainerStateMachine:uninitialized
2019-07-14 16:18:02,385 INFO  server.RaftServerConfigKeys (ConfUtils.java:logGet(43)) - raft.server.rpc.timeout.min = 5s (custom)
2019-07-14 16:18:02,385 INFO  server.RaftServerConfigKeys (ConfUtils.java:logGet(43)) - raft.server.rpc.timeout.max = 5200ms (custom)
2019-07-14 16:18:02,385 INFO  server.RaftServerConfigKeys (ConfUtils.java:logGet(43)) - raft.server.rpcslowness.timeout = 120s (custom)
2019-07-14 16:18:02,385 INFO  server.RaftServerConfigKeys (ConfUtils.java:logGet(43)) - raft.server.sleep.deviation.threshold = 300 (default)
2019-07-14 16:18:02,385 INFO  server.RaftServerConfigKeys (ConfUtils.java:logGet(43)) - raft.server.log.appender.install.snapshot.enabled = false (custom)
2019-07-14 16:18:02,386 INFO  impl.RaftServerImpl (ServerState.java:<init>(105)) - a7e8ad0b-9330-4266-8ecd-e057ec954ce9:group-1134DD6684E7 ConfigurationManager, init=-1: [a7e8ad0b-9330-4266-8ecd-e057ec954ce9:192.168.69.77:42183], old=null, confs=<EMPTY_MAP>
2019-07-14 16:18:02,386 INFO  server.RaftServerConfigKeys (ConfUtils.java:logGet(43)) - raft.server.storage.dir = [/workdir/hadoop-ozone/integration-test/target/test-dir/MiniOzoneClusterImpl-60d218f0-a306-42c2-bb5c-6916a11a9da3/datanode-3/data/ratis] (custom)
2019-07-14 16:18:02,386 INFO  storage.RaftStorageDirectory (RaftStorageDirectory.java:analyzeStorage(246)) - The storage directory /workdir/hadoop-ozone/integration-test/target/test-dir/MiniOzoneClusterImpl-60d218f0-a306-42c2-bb5c-6916a11a9da3/datanode-3/data/ratis/620198ef-a005-4620-ba9b-1134dd6684e7 does not exist. Creating ...
2019-07-14 16:18:02,411 INFO  storage.RaftStorageDirectory (RaftStorageDirectory.java:tryLock(328)) - Lock on /workdir/hadoop-ozone/integration-test/target/test-dir/MiniOzoneClusterImpl-60d218f0-a306-42c2-bb5c-6916a11a9da3/datanode-3/data/ratis/620198ef-a005-4620-ba9b-1134dd6684e7/in_use.lock acquired by nodename 762@pr-hdds-1710-5x6jb-1204890111
2019-07-14 16:18:02,426 INFO  storage.RaftStorage (RaftStorage.java:format(72)) - Storage directory /workdir/hadoop-ozone/integration-test/target/test-dir/MiniOzoneClusterImpl-60d218f0-a306-42c2-bb5c-6916a11a9da3/datanode-3/data/ratis/620198ef-a005-4620-ba9b-1134dd6684e7 has been successfully formatted.
2019-07-14 16:18:02,427 INFO  ratis.ContainerStateMachine (ContainerStateMachine.java:loadSnapshot(200)) - The snapshot info is null.Setting the last applied index to:(t:0, i:~)
2019-07-14 16:18:02,427 INFO  server.RaftServerConfigKeys (ConfUtils.java:logGet(43)) - raft.server.leader.election.timeout = 120s (custom)
2019-07-14 16:18:02,427 INFO  server.RaftServerConfigKeys (ConfUtils.java:logGet(43)) - raft.server.log.use.memory = false (default)
2019-07-14 16:18:02,427 INFO  server.RaftServerConfigKeys (ConfUtils.java:logGet(43)) - raft.server.log.purge.gap = 1000000000 (custom)
2019-07-14 16:18:02,427 INFO  server.RaftServerConfigKeys (ConfUtils.java:logGet(43)) - raft.server.log.appender.buffer.byte-limit = 33554432 (custom)
2019-07-14 16:18:02,428 INFO  server.RaftServerConfigKeys (ConfUtils.java:logGet(43)) - raft.server.log.segment.size.max = 1048576 (custom)
2019-07-14 16:18:02,428 INFO  server.RaftServerConfigKeys (ConfUtils.java:logGet(43)) - raft.server.log.segment.cache.num.max = 2 (custom)
2019-07-14 16:18:02,428 INFO  segmented.SegmentedRaftLogWorker (SegmentedRaftLogWorker.java:<init>(172)) - new a7e8ad0b-9330-4266-8ecd-e057ec954ce9-SegmentedRaftLogWorker:Storage Directory /workdir/hadoop-ozone/integration-test/target/test-dir/MiniOzoneClusterImpl-60d218f0-a306-42c2-bb5c-6916a11a9da3/datanode-3/data/ratis/620198ef-a005-4620-ba9b-1134dd6684e7 for RaftStorage:Storage Directory /workdir/hadoop-ozone/integration-test/target/test-dir/MiniOzoneClusterImpl-60d218f0-a306-42c2-bb5c-6916a11a9da3/datanode-3/data/ratis/620198ef-a005-4620-ba9b-1134dd6684e7
2019-07-14 16:18:02,428 INFO  server.RaftServerConfigKeys (ConfUtils.java:logGet(43)) - raft.server.log.queue.byte-limit = 2147483647 (custom)
2019-07-14 16:18:02,428 INFO  server.RaftServerConfigKeys (ConfUtils.java:logGet(43)) - raft.server.log.queue.element-limit = 1024 (custom)
2019-07-14 16:18:02,429 INFO  server.RaftServerConfigKeys (ConfUtils.java:logGet(43)) - raft.server.log.segment.size.max = 1048576 (custom)
2019-07-14 16:18:02,429 INFO  server.RaftServerConfigKeys (ConfUtils.java:logGet(43)) - raft.server.log.preallocated.size = 16384 (custom)
2019-07-14 16:18:02,429 INFO  server.RaftServerConfigKeys (ConfUtils.java:logGet(43)) - raft.server.log.write.buffer.size = 33554432 (custom)
2019-07-14 16:18:02,429 INFO  server.RaftServerConfigKeys (ConfUtils.java:logGet(43)) - raft.server.log.force.sync.num = 128 (default)
2019-07-14 16:18:02,429 INFO  server.RaftServerConfigKeys (ConfUtils.java:logGet(43)) - raft.server.log.statemachine.data.sync = true (default)
2019-07-14 16:18:02,429 INFO  server.RaftServerConfigKeys (ConfUtils.java:logGet(43)) - raft.server.log.statemachine.data.sync.timeout = 10s (default)
2019-07-14 16:18:02,430 INFO  server.RaftServerConfigKeys (ConfUtils.java:logGet(43)) - raft.server.log.statemachine.data.sync.timeout.retry = -1 (default)
2019-07-14 16:18:02,430 INFO  server.RaftServerConfigKeys (ConfUtils.java:logGet(43)) - raft.server.log.statemachine.data.caching.enabled = true (custom)
2019-07-14 16:18:02,430 INFO  segmented.SegmentedRaftLogWorker (SegmentedRaftLogWorker.java:lambda$new$0(132)) - a7e8ad0b-9330-4266-8ecd-e057ec954ce9-SegmentedRaftLogWorker:Storage Directory /workdir/hadoop-ozone/integration-test/target/test-dir/MiniOzoneClusterImpl-60d218f0-a306-42c2-bb5c-6916a11a9da3/datanode-3/data/ratis/620198ef-a005-4620-ba9b-1134dd6684e7: flushIndex: setUnconditionally 0 -> -1
2019-07-14 16:18:02,431 INFO  server.RaftServerConfigKeys (ConfUtils.java:logGet(43)) - raft.server.snapshot.auto.trigger.enabled = true (custom)
2019-07-14 16:18:02,431 INFO  server.RaftServerConfigKeys (ConfUtils.java:logGet(43)) - raft.server.snapshot.auto.trigger.threshold = 10000 (custom)
2019-07-14 16:18:02,431 INFO  server.RaftServerConfigKeys (ConfUtils.java:logGet(43)) - raft.server.retrycache.expirytime = 600000ms (custom)
2019-07-14 16:18:02,431 INFO  impl.RaftServerImpl (RaftServerImpl.java:start(180)) - a7e8ad0b-9330-4266-8ecd-e057ec954ce9: start group-1134DD6684E7
2019-07-14 16:18:02,431 INFO  impl.RaftServerImpl (RaftServerImpl.java:setRole(171)) - a7e8ad0b-9330-4266-8ecd-e057ec954ce9:group-1134DD6684E7 changes role from null to FOLLOWER at term 0 for startAsFollower
2019-07-14 16:18:02,432 INFO  impl.RoleInfo (RoleInfo.java:updateAndGet(143)) - a7e8ad0b-9330-4266-8ecd-e057ec954ce9: start FollowerState
2019-07-14 16:18:02,432 INFO  util.JmxRegister (JmxRegister.java:tryRegister(44)) - Successfully registered JMX Bean with object name Ratis:service=RaftServer,group=group-1134DD6684E7,id=a7e8ad0b-9330-4266-8ecd-e057ec954ce9
2019-07-14 16:18:02,434 INFO  pipeline.PipelineStateManager (PipelineStateManager.java:addPipeline(56)) - Created pipeline Pipeline[ Id: 620198ef-a005-4620-ba9b-1134dd6684e7, Nodes: a7e8ad0b-9330-4266-8ecd-e057ec954ce9{ip: 192.168.69.77, host: pr-hdds-1710-5x6jb-1204890111, networkLocation: /default-rack, certSerialId: null}, Type:RATIS, Factor:ONE, State:OPEN]
2019-07-14 16:18:02,738 INFO  node.SCMNodeManager (SCMNodeManager.java:register(269)) - Registered Data node : 1fb9086d-e901-4d1c-ba49-f04b58e2d455{ip: 192.168.69.77, host: pr-hdds-1710-5x6jb-1204890111, networkLocation: /default-rack, certSerialId: null}
2019-07-14 16:18:02,768 INFO  impl.RaftServerProxy (RaftServerProxy.java:addNew(89)) - 1fb9086d-e901-4d1c-ba49-f04b58e2d455: addNew group-686861F37563:[1fb9086d-e901-4d1c-ba49-f04b58e2d455:192.168.69.77:44142] returns group-686861F37563:java.util.concurrent.CompletableFuture@720c938e[Not completed]
2019-07-14 16:18:02,769 INFO  impl.RaftServerImpl (RaftServerImpl.java:<init>(93)) - 1fb9086d-e901-4d1c-ba49-f04b58e2d455: new RaftServerImpl for group-686861F37563:[1fb9086d-e901-4d1c-ba49-f04b58e2d455:192.168.69.77:44142] with ContainerStateMachine:uninitialized
2019-07-14 16:18:02,770 INFO  server.RaftServerConfigKeys (ConfUtils.java:logGet(43)) - raft.server.rpc.timeout.min = 5s (custom)
2019-07-14 16:18:02,770 INFO  server.RaftServerConfigKeys (ConfUtils.java:logGet(43)) - raft.server.rpc.timeout.max = 5200ms (custom)
2019-07-14 16:18:02,770 INFO  server.RaftServerConfigKeys (ConfUtils.java:logGet(43)) - raft.server.rpcslowness.timeout = 120s (custom)
2019-07-14 16:18:02,770 INFO  server.RaftServerConfigKeys (ConfUtils.java:logGet(43)) - raft.server.sleep.deviation.threshold = 300 (default)
2019-07-14 16:18:02,771 INFO  server.RaftServerConfigKeys (ConfUtils.java:logGet(43)) - raft.server.log.appender.install.snapshot.enabled = false (custom)
2019-07-14 16:18:02,771 INFO  impl.RaftServerImpl (ServerState.java:<init>(105)) - 1fb9086d-e901-4d1c-ba49-f04b58e2d455:group-686861F37563 ConfigurationManager, init=-1: [1fb9086d-e901-4d1c-ba49-f04b58e2d455:192.168.69.77:44142], old=null, confs=<EMPTY_MAP>
2019-07-14 16:18:02,771 INFO  server.RaftServerConfigKeys (ConfUtils.java:logGet(43)) - raft.server.storage.dir = [/workdir/hadoop-ozone/integration-test/target/test-dir/MiniOzoneClusterImpl-60d218f0-a306-42c2-bb5c-6916a11a9da3/datanode-4/data/ratis] (custom)
2019-07-14 16:18:02,772 INFO  storage.RaftStorageDirectory (RaftStorageDirectory.java:analyzeStorage(246)) - The storage directory /workdir/hadoop-ozone/integration-test/target/test-dir/MiniOzoneClusterImpl-60d218f0-a306-42c2-bb5c-6916a11a9da3/datanode-4/data/ratis/8bd8fc2d-e2fd-4da8-9cc2-686861f37563 does not exist. Creating ...
2019-07-14 16:18:02,798 INFO  storage.RaftStorageDirectory (RaftStorageDirectory.java:tryLock(328)) - Lock on /workdir/hadoop-ozone/integration-test/target/test-dir/MiniOzoneClusterImpl-60d218f0-a306-42c2-bb5c-6916a11a9da3/datanode-4/data/ratis/8bd8fc2d-e2fd-4da8-9cc2-686861f37563/in_use.lock acquired by nodename 762@pr-hdds-1710-5x6jb-1204890111
2019-07-14 16:18:02,813 INFO  storage.RaftStorage (RaftStorage.java:format(72)) - Storage directory /workdir/hadoop-ozone/integration-test/target/test-dir/MiniOzoneClusterImpl-60d218f0-a306-42c2-bb5c-6916a11a9da3/datanode-4/data/ratis/8bd8fc2d-e2fd-4da8-9cc2-686861f37563 has been successfully formatted.
2019-07-14 16:18:02,813 INFO  ratis.ContainerStateMachine (ContainerStateMachine.java:loadSnapshot(200)) - The snapshot info is null.Setting the last applied index to:(t:0, i:~)
2019-07-14 16:18:02,814 INFO  server.RaftServerConfigKeys (ConfUtils.java:logGet(43)) - raft.server.leader.election.timeout = 120s (custom)
2019-07-14 16:18:02,814 INFO  server.RaftServerConfigKeys (ConfUtils.java:logGet(43)) - raft.server.log.use.memory = false (default)
2019-07-14 16:18:02,814 INFO  server.RaftServerConfigKeys (ConfUtils.java:logGet(43)) - raft.server.log.purge.gap = 1000000000 (custom)
2019-07-14 16:18:02,814 INFO  server.RaftServerConfigKeys (ConfUtils.java:logGet(43)) - raft.server.log.appender.buffer.byte-limit = 33554432 (custom)
2019-07-14 16:18:02,814 INFO  server.RaftServerConfigKeys (ConfUtils.java:logGet(43)) - raft.server.log.segment.size.max = 1048576 (custom)
2019-07-14 16:18:02,814 INFO  server.RaftServerConfigKeys (ConfUtils.java:logGet(43)) - raft.server.log.segment.cache.num.max = 2 (custom)
2019-07-14 16:18:02,814 INFO  segmented.SegmentedRaftLogWorker (SegmentedRaftLogWorker.java:<init>(172)) - new 1fb9086d-e901-4d1c-ba49-f04b58e2d455-SegmentedRaftLogWorker:Storage Directory /workdir/hadoop-ozone/integration-test/target/test-dir/MiniOzoneClusterImpl-60d218f0-a306-42c2-bb5c-6916a11a9da3/datanode-4/data/ratis/8bd8fc2d-e2fd-4da8-9cc2-686861f37563 for RaftStorage:Storage Directory /workdir/hadoop-ozone/integration-test/target/test-dir/MiniOzoneClusterImpl-60d218f0-a306-42c2-bb5c-6916a11a9da3/datanode-4/data/ratis/8bd8fc2d-e2fd-4da8-9cc2-686861f37563
2019-07-14 16:18:02,815 INFO  server.RaftServerConfigKeys (ConfUtils.java:logGet(43)) - raft.server.log.queue.byte-limit = 2147483647 (custom)
2019-07-14 16:18:02,815 INFO  server.RaftServerConfigKeys (ConfUtils.java:logGet(43)) - raft.server.log.queue.element-limit = 1024 (custom)
2019-07-14 16:18:02,815 INFO  server.RaftServerConfigKeys (ConfUtils.java:logGet(43)) - raft.server.log.segment.size.max = 1048576 (custom)
2019-07-14 16:18:02,815 INFO  server.RaftServerConfigKeys (ConfUtils.java:logGet(43)) - raft.server.log.preallocated.size = 16384 (custom)
2019-07-14 16:18:02,815 INFO  server.RaftServerConfigKeys (ConfUtils.java:logGet(43)) - raft.server.log.write.buffer.size = 33554432 (custom)
2019-07-14 16:18:02,815 INFO  server.RaftServerConfigKeys (ConfUtils.java:logGet(43)) - raft.server.log.force.sync.num = 128 (default)
2019-07-14 16:18:02,815 INFO  server.RaftServerConfigKeys (ConfUtils.java:logGet(43)) - raft.server.log.statemachine.data.sync = true (default)
2019-07-14 16:18:02,816 INFO  server.RaftServerConfigKeys (ConfUtils.java:logGet(43)) - raft.server.log.statemachine.data.sync.timeout = 10s (default)
2019-07-14 16:18:02,816 INFO  server.RaftServerConfigKeys (ConfUtils.java:logGet(43)) - raft.server.log.statemachine.data.sync.timeout.retry = -1 (default)
2019-07-14 16:18:02,816 INFO  server.RaftServerConfigKeys (ConfUtils.java:logGet(43)) - raft.server.log.statemachine.data.caching.enabled = true (custom)
2019-07-14 16:18:02,816 INFO  segmented.SegmentedRaftLogWorker (SegmentedRaftLogWorker.java:lambda$new$0(132)) - 1fb9086d-e901-4d1c-ba49-f04b58e2d455-SegmentedRaftLogWorker:Storage Directory /workdir/hadoop-ozone/integration-test/target/test-dir/MiniOzoneClusterImpl-60d218f0-a306-42c2-bb5c-6916a11a9da3/datanode-4/data/ratis/8bd8fc2d-e2fd-4da8-9cc2-686861f37563: flushIndex: setUnconditionally 0 -> -1
2019-07-14 16:18:02,817 INFO  server.RaftServerConfigKeys (ConfUtils.java:logGet(43)) - raft.server.snapshot.auto.trigger.enabled = true (custom)
2019-07-14 16:18:02,817 INFO  server.RaftServerConfigKeys (ConfUtils.java:logGet(43)) - raft.server.snapshot.auto.trigger.threshold = 10000 (custom)
2019-07-14 16:18:02,817 INFO  server.RaftServerConfigKeys (ConfUtils.java:logGet(43)) - raft.server.retrycache.expirytime = 600000ms (custom)
2019-07-14 16:18:02,817 INFO  impl.RaftServerImpl (RaftServerImpl.java:start(180)) - 1fb9086d-e901-4d1c-ba49-f04b58e2d455: start group-686861F37563
2019-07-14 16:18:02,817 INFO  impl.RaftServerImpl (RaftServerImpl.java:setRole(171)) - 1fb9086d-e901-4d1c-ba49-f04b58e2d455:group-686861F37563 changes role from null to FOLLOWER at term 0 for startAsFollower
2019-07-14 16:18:02,817 INFO  impl.RoleInfo (RoleInfo.java:updateAndGet(143)) - 1fb9086d-e901-4d1c-ba49-f04b58e2d455: start FollowerState
2019-07-14 16:18:02,859 INFO  util.JmxRegister (JmxRegister.java:tryRegister(44)) - Successfully registered JMX Bean with object name Ratis:service=RaftServer,group=group-686861F37563,id=1fb9086d-e901-4d1c-ba49-f04b58e2d455
2019-07-14 16:18:02,926 INFO  pipeline.PipelineStateManager (PipelineStateManager.java:addPipeline(56)) - Created pipeline Pipeline[ Id: 8bd8fc2d-e2fd-4da8-9cc2-686861f37563, Nodes: 1fb9086d-e901-4d1c-ba49-f04b58e2d455{ip: 192.168.69.77, host: pr-hdds-1710-5x6jb-1204890111, networkLocation: /default-rack, certSerialId: null}, Type:RATIS, Factor:ONE, State:OPEN]
2019-07-14 16:18:03,218 INFO  node.SCMNodeManager (SCMNodeManager.java:register(269)) - Registered Data node : f0a9349c-3e22-4213-b0f9-e23551c0fd60{ip: 192.168.69.77, host: pr-hdds-1710-5x6jb-1204890111, networkLocation: /default-rack, certSerialId: null}
2019-07-14 16:18:03,218 INFO  ozone.MiniOzoneClusterImpl (MiniOzoneClusterImpl.java:lambda$waitForClusterToBeReady$0(142)) - Cluster is ready. Got 6 of 6 DN Heartbeats.
2019-07-14 16:18:03,294 INFO  impl.RaftServerProxy (RaftServerProxy.java:addNew(89)) - f0a9349c-3e22-4213-b0f9-e23551c0fd60: addNew group-27EF4AA67975:[f0a9349c-3e22-4213-b0f9-e23551c0fd60:192.168.69.77:41072] returns group-27EF4AA67975:java.util.concurrent.CompletableFuture@44fc4666[Not completed]
2019-07-14 16:18:03,296 INFO  impl.RaftServerImpl (RaftServerImpl.java:<init>(93)) - f0a9349c-3e22-4213-b0f9-e23551c0fd60: new RaftServerImpl for group-27EF4AA67975:[f0a9349c-3e22-4213-b0f9-e23551c0fd60:192.168.69.77:41072] with ContainerStateMachine:uninitialized
2019-07-14 16:18:03,296 INFO  server.RaftServerConfigKeys (ConfUtils.java:logGet(43)) - raft.server.rpc.timeout.min = 5s (custom)
2019-07-14 16:18:03,296 INFO  server.RaftServerConfigKeys (ConfUtils.java:logGet(43)) - raft.server.rpc.timeout.max = 5200ms (custom)
2019-07-14 16:18:03,296 INFO  server.RaftServerConfigKeys (ConfUtils.java:logGet(43)) - raft.server.rpcslowness.timeout = 120s (custom)
2019-07-14 16:18:03,296 INFO  server.RaftServerConfigKeys (ConfUtils.java:logGet(43)) - raft.server.sleep.deviation.threshold = 300 (default)
2019-07-14 16:18:03,296 INFO  server.RaftServerConfigKeys (ConfUtils.java:logGet(43)) - raft.server.log.appender.install.snapshot.enabled = false (custom)
2019-07-14 16:18:03,296 INFO  impl.RaftServerImpl (ServerState.java:<init>(105)) - f0a9349c-3e22-4213-b0f9-e23551c0fd60:group-27EF4AA67975 ConfigurationManager, init=-1: [f0a9349c-3e22-4213-b0f9-e23551c0fd60:192.168.69.77:41072], old=null, confs=<EMPTY_MAP>
2019-07-14 16:18:03,297 INFO  server.RaftServerConfigKeys (ConfUtils.java:logGet(43)) - raft.server.storage.dir = [/workdir/hadoop-ozone/integration-test/target/test-dir/MiniOzoneClusterImpl-60d218f0-a306-42c2-bb5c-6916a11a9da3/datanode-5/data/ratis] (custom)
2019-07-14 16:18:03,297 INFO  storage.RaftStorageDirectory (RaftStorageDirectory.java:analyzeStorage(246)) - The storage directory /workdir/hadoop-ozone/integration-test/target/test-dir/MiniOzoneClusterImpl-60d218f0-a306-42c2-bb5c-6916a11a9da3/datanode-5/data/ratis/9eaf7544-4a85-44e8-9439-27ef4aa67975 does not exist. Creating ...
2019-07-14 16:18:03,297 INFO  rpc.RpcClient (RpcClient.java:createVolume(287)) - Creating Volume: datanodefailurehandlingtest, with jenkins1000 as owner.
2019-07-14 16:18:03,329 INFO  storage.RaftStorageDirectory (RaftStorageDirectory.java:tryLock(328)) - Lock on /workdir/hadoop-ozone/integration-test/target/test-dir/MiniOzoneClusterImpl-60d218f0-a306-42c2-bb5c-6916a11a9da3/datanode-5/data/ratis/9eaf7544-4a85-44e8-9439-27ef4aa67975/in_use.lock acquired by nodename 762@pr-hdds-1710-5x6jb-1204890111
2019-07-14 16:18:03,344 INFO  rpc.RpcClient (RpcClient.java:createBucket(424)) - Creating Bucket: datanodefailurehandlingtest/datanodefailurehandlingtest, with Versioning false and Storage Type set to DISK and Encryption set to false 
2019-07-14 16:18:03,369 INFO  storage.RaftStorage (RaftStorage.java:format(72)) - Storage directory /workdir/hadoop-ozone/integration-test/target/test-dir/MiniOzoneClusterImpl-60d218f0-a306-42c2-bb5c-6916a11a9da3/datanode-5/data/ratis/9eaf7544-4a85-44e8-9439-27ef4aa67975 has been successfully formatted.
2019-07-14 16:18:03,369 INFO  ratis.ContainerStateMachine (ContainerStateMachine.java:loadSnapshot(200)) - The snapshot info is null.Setting the last applied index to:(t:0, i:~)
2019-07-14 16:18:03,369 INFO  server.RaftServerConfigKeys (ConfUtils.java:logGet(43)) - raft.server.leader.election.timeout = 120s (custom)
2019-07-14 16:18:03,369 INFO  server.RaftServerConfigKeys (ConfUtils.java:logGet(43)) - raft.server.log.use.memory = false (default)
2019-07-14 16:18:03,369 INFO  server.RaftServerConfigKeys (ConfUtils.java:logGet(43)) - raft.server.log.purge.gap = 1000000000 (custom)
2019-07-14 16:18:03,370 INFO  server.RaftServerConfigKeys (ConfUtils.java:logGet(43)) - raft.server.log.appender.buffer.byte-limit = 33554432 (custom)
2019-07-14 16:18:03,370 INFO  server.RaftServerConfigKeys (ConfUtils.java:logGet(43)) - raft.server.log.segment.size.max = 1048576 (custom)
2019-07-14 16:18:03,370 INFO  server.RaftServerConfigKeys (ConfUtils.java:logGet(43)) - raft.server.log.segment.cache.num.max = 2 (custom)
2019-07-14 16:18:03,370 INFO  segmented.SegmentedRaftLogWorker (SegmentedRaftLogWorker.java:<init>(172)) - new f0a9349c-3e22-4213-b0f9-e23551c0fd60-SegmentedRaftLogWorker:Storage Directory /workdir/hadoop-ozone/integration-test/target/test-dir/MiniOzoneClusterImpl-60d218f0-a306-42c2-bb5c-6916a11a9da3/datanode-5/data/ratis/9eaf7544-4a85-44e8-9439-27ef4aa67975 for RaftStorage:Storage Directory /workdir/hadoop-ozone/integration-test/target/test-dir/MiniOzoneClusterImpl-60d218f0-a306-42c2-bb5c-6916a11a9da3/datanode-5/data/ratis/9eaf7544-4a85-44e8-9439-27ef4aa67975
2019-07-14 16:18:03,370 INFO  server.RaftServerConfigKeys (ConfUtils.java:logGet(43)) - raft.server.log.queue.byte-limit = 2147483647 (custom)
2019-07-14 16:18:03,370 INFO  server.RaftServerConfigKeys (ConfUtils.java:logGet(43)) - raft.server.log.queue.element-limit = 1024 (custom)
2019-07-14 16:18:03,371 INFO  server.RaftServerConfigKeys (ConfUtils.java:logGet(43)) - raft.server.log.segment.size.max = 1048576 (custom)
2019-07-14 16:18:03,371 INFO  server.RaftServerConfigKeys (ConfUtils.java:logGet(43)) - raft.server.log.preallocated.size = 16384 (custom)
2019-07-14 16:18:03,371 INFO  server.RaftServerConfigKeys (ConfUtils.java:logGet(43)) - raft.server.log.write.buffer.size = 33554432 (custom)
2019-07-14 16:18:03,371 INFO  server.RaftServerConfigKeys (ConfUtils.java:logGet(43)) - raft.server.log.force.sync.num = 128 (default)
2019-07-14 16:18:03,371 INFO  server.RaftServerConfigKeys (ConfUtils.java:logGet(43)) - raft.server.log.statemachine.data.sync = true (default)
2019-07-14 16:18:03,371 INFO  server.RaftServerConfigKeys (ConfUtils.java:logGet(43)) - raft.server.log.statemachine.data.sync.timeout = 10s (default)
2019-07-14 16:18:03,371 INFO  server.RaftServerConfigKeys (ConfUtils.java:logGet(43)) - raft.server.log.statemachine.data.sync.timeout.retry = -1 (default)
2019-07-14 16:18:03,372 INFO  server.RaftServerConfigKeys (ConfUtils.java:logGet(43)) - raft.server.log.statemachine.data.caching.enabled = true (custom)
2019-07-14 16:18:03,372 INFO  segmented.SegmentedRaftLogWorker (SegmentedRaftLogWorker.java:lambda$new$0(132)) - f0a9349c-3e22-4213-b0f9-e23551c0fd60-SegmentedRaftLogWorker:Storage Directory /workdir/hadoop-ozone/integration-test/target/test-dir/MiniOzoneClusterImpl-60d218f0-a306-42c2-bb5c-6916a11a9da3/datanode-5/data/ratis/9eaf7544-4a85-44e8-9439-27ef4aa67975: flushIndex: setUnconditionally 0 -> -1
2019-07-14 16:18:03,372 INFO  server.RaftServerConfigKeys (ConfUtils.java:logGet(43)) - raft.server.snapshot.auto.trigger.enabled = true (custom)
2019-07-14 16:18:03,372 INFO  server.RaftServerConfigKeys (ConfUtils.java:logGet(43)) - raft.server.snapshot.auto.trigger.threshold = 10000 (custom)
2019-07-14 16:18:03,372 INFO  server.RaftServerConfigKeys (ConfUtils.java:logGet(43)) - raft.server.retrycache.expirytime = 600000ms (custom)
2019-07-14 16:18:03,373 INFO  impl.RaftServerImpl (RaftServerImpl.java:start(180)) - f0a9349c-3e22-4213-b0f9-e23551c0fd60: start group-27EF4AA67975
2019-07-14 16:18:03,373 INFO  impl.RaftServerImpl (RaftServerImpl.java:setRole(171)) - f0a9349c-3e22-4213-b0f9-e23551c0fd60:group-27EF4AA67975 changes role from null to FOLLOWER at term 0 for startAsFollower
2019-07-14 16:18:03,373 INFO  impl.RoleInfo (RoleInfo.java:updateAndGet(143)) - f0a9349c-3e22-4213-b0f9-e23551c0fd60: start FollowerState
2019-07-14 16:18:03,373 INFO  util.JmxRegister (JmxRegister.java:tryRegister(44)) - Successfully registered JMX Bean with object name Ratis:service=RaftServer,group=group-27EF4AA67975,id=f0a9349c-3e22-4213-b0f9-e23551c0fd60
2019-07-14 16:18:03,375 INFO  pipeline.PipelineStateManager (PipelineStateManager.java:addPipeline(56)) - Created pipeline Pipeline[ Id: 9eaf7544-4a85-44e8-9439-27ef4aa67975, Nodes: f0a9349c-3e22-4213-b0f9-e23551c0fd60{ip: 192.168.69.77, host: pr-hdds-1710-5x6jb-1204890111, networkLocation: /default-rack, certSerialId: null}, Type:RATIS, Factor:ONE, State:OPEN]
2019-07-14 16:18:03,447 INFO  impl.RaftServerProxy (RaftServerProxy.java:addNew(89)) - a7e8ad0b-9330-4266-8ecd-e057ec954ce9: addNew group-0292830C1C66:[1fb9086d-e901-4d1c-ba49-f04b58e2d455:192.168.69.77:44142, f0a9349c-3e22-4213-b0f9-e23551c0fd60:192.168.69.77:41072, a7e8ad0b-9330-4266-8ecd-e057ec954ce9:192.168.69.77:42183] returns group-0292830C1C66:java.util.concurrent.CompletableFuture@1631c2ac[Not completed]
2019-07-14 16:18:03,447 INFO  impl.RaftServerProxy (RaftServerProxy.java:addNew(89)) - f0a9349c-3e22-4213-b0f9-e23551c0fd60: addNew group-0292830C1C66:[1fb9086d-e901-4d1c-ba49-f04b58e2d455:192.168.69.77:44142, f0a9349c-3e22-4213-b0f9-e23551c0fd60:192.168.69.77:41072, a7e8ad0b-9330-4266-8ecd-e057ec954ce9:192.168.69.77:42183] returns group-0292830C1C66:java.util.concurrent.CompletableFuture@43418dc1[Not completed]
2019-07-14 16:18:03,447 INFO  impl.RaftServerProxy (RaftServerProxy.java:addNew(89)) - 1fb9086d-e901-4d1c-ba49-f04b58e2d455: addNew group-0292830C1C66:[1fb9086d-e901-4d1c-ba49-f04b58e2d455:192.168.69.77:44142, f0a9349c-3e22-4213-b0f9-e23551c0fd60:192.168.69.77:41072, a7e8ad0b-9330-4266-8ecd-e057ec954ce9:192.168.69.77:42183] returns group-0292830C1C66:java.util.concurrent.CompletableFuture@3894d261[Not completed]
2019-07-14 16:18:03,448 INFO  impl.RaftServerImpl (RaftServerImpl.java:<init>(93)) - f0a9349c-3e22-4213-b0f9-e23551c0fd60: new RaftServerImpl for group-0292830C1C66:[1fb9086d-e901-4d1c-ba49-f04b58e2d455:192.168.69.77:44142, f0a9349c-3e22-4213-b0f9-e23551c0fd60:192.168.69.77:41072, a7e8ad0b-9330-4266-8ecd-e057ec954ce9:192.168.69.77:42183] with ContainerStateMachine:uninitialized
2019-07-14 16:18:03,448 INFO  server.RaftServerConfigKeys (ConfUtils.java:logGet(43)) - raft.server.rpc.timeout.min = 5s (custom)
2019-07-14 16:18:03,448 INFO  server.RaftServerConfigKeys (ConfUtils.java:logGet(43)) - raft.server.rpc.timeout.max = 5200ms (custom)
2019-07-14 16:18:03,449 INFO  server.RaftServerConfigKeys (ConfUtils.java:logGet(43)) - raft.server.rpcslowness.timeout = 120s (custom)
2019-07-14 16:18:03,449 INFO  server.RaftServerConfigKeys (ConfUtils.java:logGet(43)) - raft.server.sleep.deviation.threshold = 300 (default)
2019-07-14 16:18:03,449 INFO  server.RaftServerConfigKeys (ConfUtils.java:logGet(43)) - raft.server.log.appender.install.snapshot.enabled = false (custom)
2019-07-14 16:18:03,449 INFO  impl.RaftServerImpl (ServerState.java:<init>(105)) - f0a9349c-3e22-4213-b0f9-e23551c0fd60:group-0292830C1C66 ConfigurationManager, init=-1: [1fb9086d-e901-4d1c-ba49-f04b58e2d455:192.168.69.77:44142, f0a9349c-3e22-4213-b0f9-e23551c0fd60:192.168.69.77:41072, a7e8ad0b-9330-4266-8ecd-e057ec954ce9:192.168.69.77:42183], old=null, confs=<EMPTY_MAP>
2019-07-14 16:18:03,449 INFO  impl.RaftServerImpl (RaftServerImpl.java:<init>(93)) - a7e8ad0b-9330-4266-8ecd-e057ec954ce9: new RaftServerImpl for group-0292830C1C66:[1fb9086d-e901-4d1c-ba49-f04b58e2d455:192.168.69.77:44142, f0a9349c-3e22-4213-b0f9-e23551c0fd60:192.168.69.77:41072, a7e8ad0b-9330-4266-8ecd-e057ec954ce9:192.168.69.77:42183] with ContainerStateMachine:uninitialized
2019-07-14 16:18:03,449 INFO  server.RaftServerConfigKeys (ConfUtils.java:logGet(43)) - raft.server.storage.dir = [/workdir/hadoop-ozone/integration-test/target/test-dir/MiniOzoneClusterImpl-60d218f0-a306-42c2-bb5c-6916a11a9da3/datanode-5/data/ratis] (custom)
2019-07-14 16:18:03,449 INFO  server.RaftServerConfigKeys (ConfUtils.java:logGet(43)) - raft.server.rpc.timeout.min = 5s (custom)
2019-07-14 16:18:03,449 INFO  impl.RaftServerImpl (RaftServerImpl.java:<init>(93)) - 1fb9086d-e901-4d1c-ba49-f04b58e2d455: new RaftServerImpl for group-0292830C1C66:[1fb9086d-e901-4d1c-ba49-f04b58e2d455:192.168.69.77:44142, f0a9349c-3e22-4213-b0f9-e23551c0fd60:192.168.69.77:41072, a7e8ad0b-9330-4266-8ecd-e057ec954ce9:192.168.69.77:42183] with ContainerStateMachine:uninitialized
2019-07-14 16:18:03,450 INFO  storage.RaftStorageDirectory (RaftStorageDirectory.java:analyzeStorage(246)) - The storage directory /workdir/hadoop-ozone/integration-test/target/test-dir/MiniOzoneClusterImpl-60d218f0-a306-42c2-bb5c-6916a11a9da3/datanode-5/data/ratis/e3b6fca2-8e81-473c-9218-0292830c1c66 does not exist. Creating ...
2019-07-14 16:18:03,450 INFO  server.RaftServerConfigKeys (ConfUtils.java:logGet(43)) - raft.server.rpc.timeout.max = 5200ms (custom)
2019-07-14 16:18:03,450 INFO  server.RaftServerConfigKeys (ConfUtils.java:logGet(43)) - raft.server.rpc.timeout.min = 5s (custom)
2019-07-14 16:18:03,450 INFO  server.RaftServerConfigKeys (ConfUtils.java:logGet(43)) - raft.server.rpcslowness.timeout = 120s (custom)
2019-07-14 16:18:03,450 INFO  server.RaftServerConfigKeys (ConfUtils.java:logGet(43)) - raft.server.rpc.timeout.max = 5200ms (custom)
2019-07-14 16:18:03,450 INFO  server.RaftServerConfigKeys (ConfUtils.java:logGet(43)) - raft.server.sleep.deviation.threshold = 300 (default)
2019-07-14 16:18:03,451 INFO  server.RaftServerConfigKeys (ConfUtils.java:logGet(43)) - raft.server.rpcslowness.timeout = 120s (custom)
2019-07-14 16:18:03,451 INFO  server.RaftServerConfigKeys (ConfUtils.java:logGet(43)) - raft.server.log.appender.install.snapshot.enabled = false (custom)
2019-07-14 16:18:03,451 INFO  server.RaftServerConfigKeys (ConfUtils.java:logGet(43)) - raft.server.sleep.deviation.threshold = 300 (default)
2019-07-14 16:18:03,451 INFO  impl.RaftServerImpl (ServerState.java:<init>(105)) - a7e8ad0b-9330-4266-8ecd-e057ec954ce9:group-0292830C1C66 ConfigurationManager, init=-1: [1fb9086d-e901-4d1c-ba49-f04b58e2d455:192.168.69.77:44142, f0a9349c-3e22-4213-b0f9-e23551c0fd60:192.168.69.77:41072, a7e8ad0b-9330-4266-8ecd-e057ec954ce9:192.168.69.77:42183], old=null, confs=<EMPTY_MAP>
2019-07-14 16:18:03,451 INFO  server.RaftServerConfigKeys (ConfUtils.java:logGet(43)) - raft.server.log.appender.install.snapshot.enabled = false (custom)
2019-07-14 16:18:03,451 INFO  server.RaftServerConfigKeys (ConfUtils.java:logGet(43)) - raft.server.storage.dir = [/workdir/hadoop-ozone/integration-test/target/test-dir/MiniOzoneClusterImpl-60d218f0-a306-42c2-bb5c-6916a11a9da3/datanode-3/data/ratis] (custom)
2019-07-14 16:18:03,451 INFO  impl.RaftServerImpl (ServerState.java:<init>(105)) - 1fb9086d-e901-4d1c-ba49-f04b58e2d455:group-0292830C1C66 ConfigurationManager, init=-1: [1fb9086d-e901-4d1c-ba49-f04b58e2d455:192.168.69.77:44142, f0a9349c-3e22-4213-b0f9-e23551c0fd60:192.168.69.77:41072, a7e8ad0b-9330-4266-8ecd-e057ec954ce9:192.168.69.77:42183], old=null, confs=<EMPTY_MAP>
2019-07-14 16:18:03,452 INFO  server.RaftServerConfigKeys (ConfUtils.java:logGet(43)) - raft.server.storage.dir = [/workdir/hadoop-ozone/integration-test/target/test-dir/MiniOzoneClusterImpl-60d218f0-a306-42c2-bb5c-6916a11a9da3/datanode-4/data/ratis] (custom)
2019-07-14 16:18:03,452 INFO  storage.RaftStorageDirectory (RaftStorageDirectory.java:analyzeStorage(246)) - The storage directory /workdir/hadoop-ozone/integration-test/target/test-dir/MiniOzoneClusterImpl-60d218f0-a306-42c2-bb5c-6916a11a9da3/datanode-3/data/ratis/e3b6fca2-8e81-473c-9218-0292830c1c66 does not exist. Creating ...
2019-07-14 16:18:03,452 INFO  storage.RaftStorageDirectory (RaftStorageDirectory.java:analyzeStorage(246)) - The storage directory /workdir/hadoop-ozone/integration-test/target/test-dir/MiniOzoneClusterImpl-60d218f0-a306-42c2-bb5c-6916a11a9da3/datanode-4/data/ratis/e3b6fca2-8e81-473c-9218-0292830c1c66 does not exist. Creating ...
2019-07-14 16:18:03,475 INFO  storage.RaftStorageDirectory (RaftStorageDirectory.java:tryLock(328)) - Lock on /workdir/hadoop-ozone/integration-test/target/test-dir/MiniOzoneClusterImpl-60d218f0-a306-42c2-bb5c-6916a11a9da3/datanode-4/data/ratis/e3b6fca2-8e81-473c-9218-0292830c1c66/in_use.lock acquired by nodename 762@pr-hdds-1710-5x6jb-1204890111
2019-07-14 16:18:03,475 INFO  storage.RaftStorageDirectory (RaftStorageDirectory.java:tryLock(328)) - Lock on /workdir/hadoop-ozone/integration-test/target/test-dir/MiniOzoneClusterImpl-60d218f0-a306-42c2-bb5c-6916a11a9da3/datanode-5/data/ratis/e3b6fca2-8e81-473c-9218-0292830c1c66/in_use.lock acquired by nodename 762@pr-hdds-1710-5x6jb-1204890111
2019-07-14 16:18:03,475 INFO  storage.RaftStorageDirectory (RaftStorageDirectory.java:tryLock(328)) - Lock on /workdir/hadoop-ozone/integration-test/target/test-dir/MiniOzoneClusterImpl-60d218f0-a306-42c2-bb5c-6916a11a9da3/datanode-3/data/ratis/e3b6fca2-8e81-473c-9218-0292830c1c66/in_use.lock acquired by nodename 762@pr-hdds-1710-5x6jb-1204890111
2019-07-14 16:18:03,501 INFO  storage.RaftStorage (RaftStorage.java:format(72)) - Storage directory /workdir/hadoop-ozone/integration-test/target/test-dir/MiniOzoneClusterImpl-60d218f0-a306-42c2-bb5c-6916a11a9da3/datanode-3/data/ratis/e3b6fca2-8e81-473c-9218-0292830c1c66 has been successfully formatted.
2019-07-14 16:18:03,501 INFO  storage.RaftStorage (RaftStorage.java:format(72)) - Storage directory /workdir/hadoop-ozone/integration-test/target/test-dir/MiniOzoneClusterImpl-60d218f0-a306-42c2-bb5c-6916a11a9da3/datanode-4/data/ratis/e3b6fca2-8e81-473c-9218-0292830c1c66 has been successfully formatted.
2019-07-14 16:18:03,501 INFO  ratis.ContainerStateMachine (ContainerStateMachine.java:loadSnapshot(200)) - The snapshot info is null.Setting the last applied index to:(t:0, i:~)
2019-07-14 16:18:03,501 INFO  storage.RaftStorage (RaftStorage.java:format(72)) - Storage directory /workdir/hadoop-ozone/integration-test/target/test-dir/MiniOzoneClusterImpl-60d218f0-a306-42c2-bb5c-6916a11a9da3/datanode-5/data/ratis/e3b6fca2-8e81-473c-9218-0292830c1c66 has been successfully formatted.
2019-07-14 16:18:03,501 INFO  server.RaftServerConfigKeys (ConfUtils.java:logGet(43)) - raft.server.leader.election.timeout = 120s (custom)
2019-07-14 16:18:03,502 INFO  ratis.ContainerStateMachine (ContainerStateMachine.java:loadSnapshot(200)) - The snapshot info is null.Setting the last applied index to:(t:0, i:~)
2019-07-14 16:18:03,501 INFO  ratis.ContainerStateMachine (ContainerStateMachine.java:loadSnapshot(200)) - The snapshot info is null.Setting the last applied index to:(t:0, i:~)
2019-07-14 16:18:03,502 INFO  server.RaftServerConfigKeys (ConfUtils.java:logGet(43)) - raft.server.leader.election.timeout = 120s (custom)
2019-07-14 16:18:03,502 INFO  server.RaftServerConfigKeys (ConfUtils.java:logGet(43)) - raft.server.log.use.memory = false (default)
2019-07-14 16:18:03,502 INFO  server.RaftServerConfigKeys (ConfUtils.java:logGet(43)) - raft.server.log.use.memory = false (default)
2019-07-14 16:18:03,502 INFO  server.RaftServerConfigKeys (ConfUtils.java:logGet(43)) - raft.server.leader.election.timeout = 120s (custom)
2019-07-14 16:18:03,502 INFO  server.RaftServerConfigKeys (ConfUtils.java:logGet(43)) - raft.server.log.purge.gap = 1000000000 (custom)
2019-07-14 16:18:03,502 INFO  server.RaftServerConfigKeys (ConfUtils.java:logGet(43)) - raft.server.log.purge.gap = 1000000000 (custom)
2019-07-14 16:18:03,503 INFO  server.RaftServerConfigKeys (ConfUtils.java:logGet(43)) - raft.server.log.appender.buffer.byte-limit = 33554432 (custom)
2019-07-14 16:18:03,503 INFO  server.RaftServerConfigKeys (ConfUtils.java:logGet(43)) - raft.server.log.use.memory = false (default)
2019-07-14 16:18:03,503 INFO  server.RaftServerConfigKeys (ConfUtils.java:logGet(43)) - raft.server.log.segment.size.max = 1048576 (custom)
2019-07-14 16:18:03,503 INFO  server.RaftServerConfigKeys (ConfUtils.java:logGet(43)) - raft.server.log.appender.buffer.byte-limit = 33554432 (custom)
2019-07-14 16:18:03,504 INFO  server.RaftServerConfigKeys (ConfUtils.java:logGet(43)) - raft.server.log.segment.cache.num.max = 2 (custom)
2019-07-14 16:18:03,503 INFO  server.RaftServerConfigKeys (ConfUtils.java:logGet(43)) - raft.server.log.purge.gap = 1000000000 (custom)
2019-07-14 16:18:03,504 INFO  segmented.SegmentedRaftLogWorker (SegmentedRaftLogWorker.java:<init>(172)) - new f0a9349c-3e22-4213-b0f9-e23551c0fd60-SegmentedRaftLogWorker:Storage Directory /workdir/hadoop-ozone/integration-test/target/test-dir/MiniOzoneClusterImpl-60d218f0-a306-42c2-bb5c-6916a11a9da3/datanode-5/data/ratis/e3b6fca2-8e81-473c-9218-0292830c1c66 for RaftStorage:Storage Directory /workdir/hadoop-ozone/integration-test/target/test-dir/MiniOzoneClusterImpl-60d218f0-a306-42c2-bb5c-6916a11a9da3/datanode-5/data/ratis/e3b6fca2-8e81-473c-9218-0292830c1c66
2019-07-14 16:18:03,504 INFO  server.RaftServerConfigKeys (ConfUtils.java:logGet(43)) - raft.server.log.segment.size.max = 1048576 (custom)
2019-07-14 16:18:03,504 INFO  server.RaftServerConfigKeys (ConfUtils.java:logGet(43)) - raft.server.log.queue.byte-limit = 2147483647 (custom)
2019-07-14 16:18:03,505 INFO  server.RaftServerConfigKeys (ConfUtils.java:logGet(43)) - raft.server.log.queue.element-limit = 1024 (custom)
2019-07-14 16:18:03,504 INFO  server.RaftServerConfigKeys (ConfUtils.java:logGet(43)) - raft.server.log.appender.buffer.byte-limit = 33554432 (custom)
2019-07-14 16:18:03,505 INFO  server.RaftServerConfigKeys (ConfUtils.java:logGet(43)) - raft.server.log.segment.size.max = 1048576 (custom)
2019-07-14 16:18:03,505 INFO  server.RaftServerConfigKeys (ConfUtils.java:logGet(43)) - raft.server.log.preallocated.size = 16384 (custom)
2019-07-14 16:18:03,505 INFO  server.RaftServerConfigKeys (ConfUtils.java:logGet(43)) - raft.server.log.segment.cache.num.max = 2 (custom)
2019-07-14 16:18:03,505 INFO  server.RaftServerConfigKeys (ConfUtils.java:logGet(43)) - raft.server.log.write.buffer.size = 33554432 (custom)
2019-07-14 16:18:03,506 INFO  server.RaftServerConfigKeys (ConfUtils.java:logGet(43)) - raft.server.log.force.sync.num = 128 (default)
2019-07-14 16:18:03,505 INFO  server.RaftServerConfigKeys (ConfUtils.java:logGet(43)) - raft.server.log.segment.size.max = 1048576 (custom)
2019-07-14 16:18:03,506 INFO  server.RaftServerConfigKeys (ConfUtils.java:logGet(43)) - raft.server.log.statemachine.data.sync = true (default)
2019-07-14 16:18:03,506 INFO  server.RaftServerConfigKeys (ConfUtils.java:logGet(43)) - raft.server.log.statemachine.data.sync.timeout = 10s (default)
2019-07-14 16:18:03,506 INFO  segmented.SegmentedRaftLogWorker (SegmentedRaftLogWorker.java:<init>(172)) - new a7e8ad0b-9330-4266-8ecd-e057ec954ce9-SegmentedRaftLogWorker:Storage Directory /workdir/hadoop-ozone/integration-test/target/test-dir/MiniOzoneClusterImpl-60d218f0-a306-42c2-bb5c-6916a11a9da3/datanode-3/data/ratis/e3b6fca2-8e81-473c-9218-0292830c1c66 for RaftStorage:Storage Directory /workdir/hadoop-ozone/integration-test/target/test-dir/MiniOzoneClusterImpl-60d218f0-a306-42c2-bb5c-6916a11a9da3/datanode-3/data/ratis/e3b6fca2-8e81-473c-9218-0292830c1c66
2019-07-14 16:18:03,506 INFO  server.RaftServerConfigKeys (ConfUtils.java:logGet(43)) - raft.server.log.statemachine.data.sync.timeout.retry = -1 (default)
2019-07-14 16:18:03,506 INFO  server.RaftServerConfigKeys (ConfUtils.java:logGet(43)) - raft.server.log.segment.cache.num.max = 2 (custom)
2019-07-14 16:18:03,507 INFO  server.RaftServerConfigKeys (ConfUtils.java:logGet(43)) - raft.server.log.statemachine.data.caching.enabled = true (custom)
2019-07-14 16:18:03,507 INFO  server.RaftServerConfigKeys (ConfUtils.java:logGet(43)) - raft.server.log.queue.byte-limit = 2147483647 (custom)
2019-07-14 16:18:03,507 INFO  segmented.SegmentedRaftLogWorker (SegmentedRaftLogWorker.java:lambda$new$0(132)) - f0a9349c-3e22-4213-b0f9-e23551c0fd60-SegmentedRaftLogWorker:Storage Directory /workdir/hadoop-ozone/integration-test/target/test-dir/MiniOzoneClusterImpl-60d218f0-a306-42c2-bb5c-6916a11a9da3/datanode-5/data/ratis/e3b6fca2-8e81-473c-9218-0292830c1c66: flushIndex: setUnconditionally 0 -> -1
2019-07-14 16:18:03,507 INFO  segmented.SegmentedRaftLogWorker (SegmentedRaftLogWorker.java:<init>(172)) - new 1fb9086d-e901-4d1c-ba49-f04b58e2d455-SegmentedRaftLogWorker:Storage Directory /workdir/hadoop-ozone/integration-test/target/test-dir/MiniOzoneClusterImpl-60d218f0-a306-42c2-bb5c-6916a11a9da3/datanode-4/data/ratis/e3b6fca2-8e81-473c-9218-0292830c1c66 for RaftStorage:Storage Directory /workdir/hadoop-ozone/integration-test/target/test-dir/MiniOzoneClusterImpl-60d218f0-a306-42c2-bb5c-6916a11a9da3/datanode-4/data/ratis/e3b6fca2-8e81-473c-9218-0292830c1c66
2019-07-14 16:18:03,507 INFO  server.RaftServerConfigKeys (ConfUtils.java:logGet(43)) - raft.server.log.queue.element-limit = 1024 (custom)
2019-07-14 16:18:03,508 INFO  server.RaftServerConfigKeys (ConfUtils.java:logGet(43)) - raft.server.snapshot.auto.trigger.enabled = true (custom)
2019-07-14 16:18:03,508 INFO  server.RaftServerConfigKeys (ConfUtils.java:logGet(43)) - raft.server.log.queue.byte-limit = 2147483647 (custom)
2019-07-14 16:18:03,508 INFO  server.RaftServerConfigKeys (ConfUtils.java:logGet(43)) - raft.server.snapshot.auto.trigger.threshold = 10000 (custom)
2019-07-14 16:18:03,508 INFO  server.RaftServerConfigKeys (ConfUtils.java:logGet(43)) - raft.server.log.segment.size.max = 1048576 (custom)
2019-07-14 16:18:03,509 INFO  server.RaftServerConfigKeys (ConfUtils.java:logGet(43)) - raft.server.retrycache.expirytime = 600000ms (custom)
2019-07-14 16:18:03,508 INFO  server.RaftServerConfigKeys (ConfUtils.java:logGet(43)) - raft.server.log.queue.element-limit = 1024 (custom)
2019-07-14 16:18:03,509 INFO  impl.RaftServerImpl (RaftServerImpl.java:start(180)) - f0a9349c-3e22-4213-b0f9-e23551c0fd60: start group-0292830C1C66
2019-07-14 16:18:03,509 INFO  impl.RaftServerImpl (RaftServerImpl.java:setRole(171)) - f0a9349c-3e22-4213-b0f9-e23551c0fd60:group-0292830C1C66 changes role from null to FOLLOWER at term 0 for startAsFollower
2019-07-14 16:18:03,509 INFO  server.RaftServerConfigKeys (ConfUtils.java:logGet(43)) - raft.server.log.preallocated.size = 16384 (custom)
2019-07-14 16:18:03,509 INFO  impl.RoleInfo (RoleInfo.java:updateAndGet(143)) - f0a9349c-3e22-4213-b0f9-e23551c0fd60: start FollowerState
2019-07-14 16:18:03,509 INFO  server.RaftServerConfigKeys (ConfUtils.java:logGet(43)) - raft.server.log.segment.size.max = 1048576 (custom)
2019-07-14 16:18:03,510 INFO  server.RaftServerConfigKeys (ConfUtils.java:logGet(43)) - raft.server.log.preallocated.size = 16384 (custom)
2019-07-14 16:18:03,510 INFO  server.RaftServerConfigKeys (ConfUtils.java:logGet(43)) - raft.server.log.write.buffer.size = 33554432 (custom)
2019-07-14 16:18:03,510 INFO  util.JmxRegister (JmxRegister.java:tryRegister(44)) - Successfully registered JMX Bean with object name Ratis:service=RaftServer,group=group-0292830C1C66,id=f0a9349c-3e22-4213-b0f9-e23551c0fd60
2019-07-14 16:18:03,510 INFO  server.RaftServerConfigKeys (ConfUtils.java:logGet(43)) - raft.server.log.write.buffer.size = 33554432 (custom)
2019-07-14 16:18:03,510 INFO  server.RaftServerConfigKeys (ConfUtils.java:logGet(43)) - raft.server.log.force.sync.num = 128 (default)
2019-07-14 16:18:03,510 INFO  server.RaftServerConfigKeys (ConfUtils.java:logGet(43)) - raft.server.log.force.sync.num = 128 (default)
2019-07-14 16:18:03,511 INFO  server.RaftServerConfigKeys (ConfUtils.java:logGet(43)) - raft.server.log.statemachine.data.sync = true (default)
2019-07-14 16:18:03,511 INFO  server.RaftServerConfigKeys (ConfUtils.java:logGet(43)) - raft.server.log.statemachine.data.sync = true (default)
2019-07-14 16:18:03,511 INFO  server.RaftServerConfigKeys (ConfUtils.java:logGet(43)) - raft.server.log.statemachine.data.sync.timeout = 10s (default)
2019-07-14 16:18:03,511 INFO  server.RaftServerConfigKeys (ConfUtils.java:logGet(43)) - raft.server.log.statemachine.data.sync.timeout = 10s (default)
2019-07-14 16:18:03,511 INFO  server.RaftServerConfigKeys (ConfUtils.java:logGet(43)) - raft.server.log.statemachine.data.sync.timeout.retry = -1 (default)
2019-07-14 16:18:03,511 INFO  server.RaftServerConfigKeys (ConfUtils.java:logGet(43)) - raft.server.log.statemachine.data.sync.timeout.retry = -1 (default)
2019-07-14 16:18:03,512 INFO  server.RaftServerConfigKeys (ConfUtils.java:logGet(43)) - raft.server.log.statemachine.data.caching.enabled = true (custom)
2019-07-14 16:18:03,512 INFO  server.RaftServerConfigKeys (ConfUtils.java:logGet(43)) - raft.server.log.statemachine.data.caching.enabled = true (custom)
2019-07-14 16:18:03,512 INFO  segmented.SegmentedRaftLogWorker (SegmentedRaftLogWorker.java:lambda$new$0(132)) - 1fb9086d-e901-4d1c-ba49-f04b58e2d455-SegmentedRaftLogWorker:Storage Directory /workdir/hadoop-ozone/integration-test/target/test-dir/MiniOzoneClusterImpl-60d218f0-a306-42c2-bb5c-6916a11a9da3/datanode-4/data/ratis/e3b6fca2-8e81-473c-9218-0292830c1c66: flushIndex: setUnconditionally 0 -> -1
2019-07-14 16:18:03,512 INFO  segmented.SegmentedRaftLogWorker (SegmentedRaftLogWorker.java:lambda$new$0(132)) - a7e8ad0b-9330-4266-8ecd-e057ec954ce9-SegmentedRaftLogWorker:Storage Directory /workdir/hadoop-ozone/integration-test/target/test-dir/MiniOzoneClusterImpl-60d218f0-a306-42c2-bb5c-6916a11a9da3/datanode-3/data/ratis/e3b6fca2-8e81-473c-9218-0292830c1c66: flushIndex: setUnconditionally 0 -> -1
2019-07-14 16:18:03,513 INFO  server.RaftServerConfigKeys (ConfUtils.java:logGet(43)) - raft.server.snapshot.auto.trigger.enabled = true (custom)
2019-07-14 16:18:03,513 INFO  server.RaftServerConfigKeys (ConfUtils.java:logGet(43)) - raft.server.snapshot.auto.trigger.enabled = true (custom)
2019-07-14 16:18:03,513 INFO  server.RaftServerConfigKeys (ConfUtils.java:logGet(43)) - raft.server.snapshot.auto.trigger.threshold = 10000 (custom)
2019-07-14 16:18:03,513 INFO  server.RaftServerConfigKeys (ConfUtils.java:logGet(43)) - raft.server.snapshot.auto.trigger.threshold = 10000 (custom)
2019-07-14 16:18:03,513 INFO  server.RaftServerConfigKeys (ConfUtils.java:logGet(43)) - raft.server.retrycache.expirytime = 600000ms (custom)
2019-07-14 16:18:03,513 INFO  server.RaftServerConfigKeys (ConfUtils.java:logGet(43)) - raft.server.retrycache.expirytime = 600000ms (custom)
2019-07-14 16:18:03,513 INFO  impl.RaftServerImpl (RaftServerImpl.java:start(180)) - 1fb9086d-e901-4d1c-ba49-f04b58e2d455: start group-0292830C1C66
2019-07-14 16:18:03,514 INFO  impl.RaftServerImpl (RaftServerImpl.java:start(180)) - a7e8ad0b-9330-4266-8ecd-e057ec954ce9: start group-0292830C1C66
2019-07-14 16:18:03,514 INFO  impl.RaftServerImpl (RaftServerImpl.java:setRole(171)) - 1fb9086d-e901-4d1c-ba49-f04b58e2d455:group-0292830C1C66 changes role from null to FOLLOWER at term 0 for startAsFollower
2019-07-14 16:18:03,514 INFO  impl.RaftServerImpl (RaftServerImpl.java:setRole(171)) - a7e8ad0b-9330-4266-8ecd-e057ec954ce9:group-0292830C1C66 changes role from null to FOLLOWER at term 0 for startAsFollower
2019-07-14 16:18:03,514 INFO  impl.RoleInfo (RoleInfo.java:updateAndGet(143)) - 1fb9086d-e901-4d1c-ba49-f04b58e2d455: start FollowerState
2019-07-14 16:18:03,514 INFO  impl.RoleInfo (RoleInfo.java:updateAndGet(143)) - a7e8ad0b-9330-4266-8ecd-e057ec954ce9: start FollowerState
2019-07-14 16:18:03,514 INFO  util.JmxRegister (JmxRegister.java:tryRegister(44)) - Successfully registered JMX Bean with object name Ratis:service=RaftServer,group=group-0292830C1C66,id=1fb9086d-e901-4d1c-ba49-f04b58e2d455
2019-07-14 16:18:03,515 INFO  util.JmxRegister (JmxRegister.java:tryRegister(44)) - Successfully registered JMX Bean with object name Ratis:service=RaftServer,group=group-0292830C1C66,id=a7e8ad0b-9330-4266-8ecd-e057ec954ce9
2019-07-14 16:18:03,517 INFO  pipeline.PipelineStateManager (PipelineStateManager.java:addPipeline(56)) - Created pipeline Pipeline[ Id: e3b6fca2-8e81-473c-9218-0292830c1c66, Nodes: a7e8ad0b-9330-4266-8ecd-e057ec954ce9{ip: 192.168.69.77, host: pr-hdds-1710-5x6jb-1204890111, networkLocation: /default-rack, certSerialId: null}f0a9349c-3e22-4213-b0f9-e23551c0fd60{ip: 192.168.69.77, host: pr-hdds-1710-5x6jb-1204890111, networkLocation: /default-rack, certSerialId: null}1fb9086d-e901-4d1c-ba49-f04b58e2d455{ip: 192.168.69.77, host: pr-hdds-1710-5x6jb-1204890111, networkLocation: /default-rack, certSerialId: null}, Type:RATIS, Factor:THREE, State:OPEN]
2019-07-14 16:18:03,565 INFO  client.GrpcClientProtocolClient (GrpcClientProtocolClient.java:onNext(255)) - client-39C2D4FD6C99->a7e8ad0b-9330-4266-8ecd-e057ec954ce9: receive RaftClientReply:client-39C2D4FD6C99->a7e8ad0b-9330-4266-8ecd-e057ec954ce9@group-0292830C1C66, cid=133, FAILED org.apache.ratis.protocol.NotLeaderException: Server a7e8ad0b-9330-4266-8ecd-e057ec954ce9 is not the leader (null). Request must be sent to leader., logIndex=0, commits[a7e8ad0b-9330-4266-8ecd-e057ec954ce9:c-1]
2019-07-14 16:18:04,196 WARN  server.GrpcLogAppender (LogUtils.java:warn(134)) - d7574934-53ba-489d-8caa-ad6ea7b6c729->58e1bc26-88f4-4d48-ab6d-7461377ebc32: Failed appendEntries: org.apache.ratis.thirdparty.io.grpc.StatusRuntimeException: UNAVAILABLE: io exception
2019-07-14 16:18:04,211 INFO  impl.FollowerInfo (FollowerInfo.java:lambda$new$0(50)) - d7574934-53ba-489d-8caa-ad6ea7b6c729->58e1bc26-88f4-4d48-ab6d-7461377ebc32: nextIndex: updateUnconditionally 3 -> 2
2019-07-14 16:18:04,217 WARN  server.GrpcLogAppender (LogUtils.java:warn(134)) - 5c3f8082-86fd-4ec8-83c5-19f28657242e->bde8c970-78a9-487e-beef-ecea974b9f52: Failed appendEntries: org.apache.ratis.thirdparty.io.grpc.StatusRuntimeException: UNAVAILABLE: io exception
2019-07-14 16:18:04,217 WARN  server.GrpcLogAppender (LogUtils.java:warn(134)) - 5c3f8082-86fd-4ec8-83c5-19f28657242e->c6caa481-fc39-4fa3-8faf-817af7fe412a: Failed appendEntries: org.apache.ratis.thirdparty.io.grpc.StatusRuntimeException: UNAVAILABLE: io exception
2019-07-14 16:18:04,227 INFO  impl.FollowerInfo (FollowerInfo.java:lambda$new$0(50)) - 5c3f8082-86fd-4ec8-83c5-19f28657242e->bde8c970-78a9-487e-beef-ecea974b9f52: nextIndex: updateUnconditionally 0 -> 0
2019-07-14 16:18:04,237 INFO  impl.FollowerInfo (FollowerInfo.java:lambda$new$0(50)) - 5c3f8082-86fd-4ec8-83c5-19f28657242e->c6caa481-fc39-4fa3-8faf-817af7fe412a: nextIndex: updateUnconditionally 0 -> 0
2019-07-14 16:18:04,240 INFO  container.ReplicationManager (ReplicationManager.java:start(155)) - Starting Replication Monitor Thread.
2019-07-14 16:18:04,250 INFO  container.ReplicationManager (ReplicationManager.java:run(207)) - Replication Monitor Thread took 0 milliseconds for processing 1 containers.
2019-07-14 16:18:04,642 INFO  client.GrpcClientProtocolClient (GrpcClientProtocolClient.java:onNext(255)) - client-39C2D4FD6C99->1fb9086d-e901-4d1c-ba49-f04b58e2d455: receive RaftClientReply:client-39C2D4FD6C99->1fb9086d-e901-4d1c-ba49-f04b58e2d455@group-0292830C1C66, cid=133, FAILED org.apache.ratis.protocol.NotLeaderException: Server 1fb9086d-e901-4d1c-ba49-f04b58e2d455 is not the leader (null). Request must be sent to leader., logIndex=0, commits[1fb9086d-e901-4d1c-ba49-f04b58e2d455:c-1]
2019-07-14 16:18:05,713 INFO  client.GrpcClientProtocolClient (GrpcClientProtocolClient.java:onNext(255)) - client-39C2D4FD6C99->f0a9349c-3e22-4213-b0f9-e23551c0fd60: receive RaftClientReply:client-39C2D4FD6C99->f0a9349c-3e22-4213-b0f9-e23551c0fd60@group-0292830C1C66, cid=133, FAILED org.apache.ratis.protocol.NotLeaderException: Server f0a9349c-3e22-4213-b0f9-e23551c0fd60 is not the leader (null). Request must be sent to leader., logIndex=0, commits[f0a9349c-3e22-4213-b0f9-e23551c0fd60:c-1]
2019-07-14 16:18:06,465 INFO  impl.FollowerState (FollowerState.java:run(106)) - 5da6f978-c976-4dad-92a3-94bec5a05bbd:group-CDDE48651322 changes to CANDIDATE, lastRpcTime:5163, electionTimeout:5163ms
2019-07-14 16:18:06,466 INFO  impl.RoleInfo (RoleInfo.java:shutdownFollowerState(121)) - 5da6f978-c976-4dad-92a3-94bec5a05bbd: shutdown FollowerState
2019-07-14 16:18:06,466 INFO  impl.RaftServerImpl (RaftServerImpl.java:setRole(171)) - 5da6f978-c976-4dad-92a3-94bec5a05bbd:group-CDDE48651322 changes role from FOLLOWER to CANDIDATE at term 0 for changeToCandidate
2019-07-14 16:18:06,466 INFO  impl.RoleInfo (RoleInfo.java:updateAndGet(143)) - 5da6f978-c976-4dad-92a3-94bec5a05bbd: start LeaderElection
2019-07-14 16:18:06,525 INFO  impl.LeaderElection (LeaderElection.java:askForVotes(181)) - 5da6f978-c976-4dad-92a3-94bec5a05bbd:group-CDDE48651322:LeaderElection68: begin an election at term 1 for -1: [5da6f978-c976-4dad-92a3-94bec5a05bbd:192.168.69.77:33947], old=null
2019-07-14 16:18:06,525 INFO  impl.RoleInfo (RoleInfo.java:shutdownLeaderElection(134)) - 5da6f978-c976-4dad-92a3-94bec5a05bbd: shutdown LeaderElection
2019-07-14 16:18:06,525 INFO  impl.RaftServerImpl (RaftServerImpl.java:setRole(171)) - 5da6f978-c976-4dad-92a3-94bec5a05bbd:group-CDDE48651322 changes role from CANDIDATE to LEADER at term 1 for changeToLeader
2019-07-14 16:18:06,525 INFO  impl.RaftServerImpl (ServerState.java:setLeader(263)) - 5da6f978-c976-4dad-92a3-94bec5a05bbd:group-CDDE48651322 change Leader from null to 5da6f978-c976-4dad-92a3-94bec5a05bbd at term 1 for becomeLeader, leader elected after 5228ms
2019-07-14 16:18:06,525 INFO  server.RaftServerConfigKeys (ConfUtils.java:logGet(43)) - raft.server.staging.catchup.gap = 1000 (default)
2019-07-14 16:18:06,525 INFO  server.RaftServerConfigKeys (ConfUtils.java:logGet(43)) - raft.server.rpc.sleep.time = 25ms (default)
2019-07-14 16:18:06,526 INFO  server.RaftServerConfigKeys (ConfUtils.java:logGet(43)) - raft.server.write.element-limit = 4096 (default)
2019-07-14 16:18:06,526 INFO  server.RaftServerConfigKeys (ConfUtils.java:logGet(43)) - raft.server.watch.timeout = 10s (default)
2019-07-14 16:18:06,526 INFO  server.RaftServerConfigKeys (ConfUtils.java:logGet(43)) - raft.server.watch.timeout.denomination = 1s (default)
2019-07-14 16:18:06,526 INFO  server.RaftServerConfigKeys (ConfUtils.java:logGet(43)) - raft.server.watch.element-limit = 65536 (default)
2019-07-14 16:18:06,526 INFO  impl.RoleInfo (RoleInfo.java:updateAndGet(143)) - 5da6f978-c976-4dad-92a3-94bec5a05bbd: start LeaderState
2019-07-14 16:18:06,527 INFO  segmented.SegmentedRaftLogWorker (SegmentedRaftLogWorker.java:startLogSegment(380)) - 5da6f978-c976-4dad-92a3-94bec5a05bbd-SegmentedRaftLogWorker:Storage Directory /workdir/hadoop-ozone/integration-test/target/test-dir/MiniOzoneClusterImpl-60d218f0-a306-42c2-bb5c-6916a11a9da3/datanode-0/data/ratis/f3055cfd-c153-4891-97db-cdde48651322: Starting segment from index:0
2019-07-14 16:18:06,527 INFO  impl.RaftServerImpl (ServerState.java:setRaftConf(361)) - 5da6f978-c976-4dad-92a3-94bec5a05bbd:group-CDDE48651322 set configuration 0: [5da6f978-c976-4dad-92a3-94bec5a05bbd:192.168.69.77:33947], old=null at 0
2019-07-14 16:18:06,567 INFO  segmented.SegmentedRaftLogWorker (SegmentedRaftLogWorker.java:execute(569)) - 5da6f978-c976-4dad-92a3-94bec5a05bbd-SegmentedRaftLogWorker:Storage Directory /workdir/hadoop-ozone/integration-test/target/test-dir/MiniOzoneClusterImpl-60d218f0-a306-42c2-bb5c-6916a11a9da3/datanode-0/data/ratis/f3055cfd-c153-4891-97db-cdde48651322: created new log segment /workdir/hadoop-ozone/integration-test/target/test-dir/MiniOzoneClusterImpl-60d218f0-a306-42c2-bb5c-6916a11a9da3/datanode-0/data/ratis/f3055cfd-c153-4891-97db-cdde48651322/current/log_inprogress_0
2019-07-14 16:18:06,697 WARN  server.GrpcLogAppender (LogUtils.java:warn(134)) - d7574934-53ba-489d-8caa-ad6ea7b6c729->58e1bc26-88f4-4d48-ab6d-7461377ebc32: Failed appendEntries: org.apache.ratis.thirdparty.io.grpc.StatusRuntimeException: UNAVAILABLE: io exception
2019-07-14 16:18:06,698 INFO  impl.FollowerInfo (FollowerInfo.java:lambda$new$0(50)) - d7574934-53ba-489d-8caa-ad6ea7b6c729->58e1bc26-88f4-4d48-ab6d-7461377ebc32: nextIndex: updateUnconditionally 2 -> 1
2019-07-14 16:18:06,718 WARN  server.GrpcLogAppender (LogUtils.java:warn(134)) - 5c3f8082-86fd-4ec8-83c5-19f28657242e->bde8c970-78a9-487e-beef-ecea974b9f52: Failed appendEntries: org.apache.ratis.thirdparty.io.grpc.StatusRuntimeException: UNAVAILABLE: io exception
2019-07-14 16:18:06,718 WARN  server.GrpcLogAppender (LogUtils.java:warn(134)) - 5c3f8082-86fd-4ec8-83c5-19f28657242e->c6caa481-fc39-4fa3-8faf-817af7fe412a: Failed appendEntries: org.apache.ratis.thirdparty.io.grpc.StatusRuntimeException: UNAVAILABLE: io exception
2019-07-14 16:18:06,718 INFO  impl.FollowerInfo (FollowerInfo.java:lambda$new$0(50)) - 5c3f8082-86fd-4ec8-83c5-19f28657242e->bde8c970-78a9-487e-beef-ecea974b9f52: nextIndex: updateUnconditionally 0 -> 0
2019-07-14 16:18:06,719 INFO  impl.FollowerInfo (FollowerInfo.java:lambda$new$0(50)) - 5c3f8082-86fd-4ec8-83c5-19f28657242e->c6caa481-fc39-4fa3-8faf-817af7fe412a: nextIndex: updateUnconditionally 0 -> 0
2019-07-14 16:18:06,735 INFO  impl.FollowerState (FollowerState.java:run(106)) - 812bc747-170e-4a16-ad0c-247a093afae5:group-A46192CC8371 changes to CANDIDATE, lastRpcTime:5088, electionTimeout:5088ms
2019-07-14 16:18:06,735 INFO  impl.RoleInfo (RoleInfo.java:shutdownFollowerState(121)) - 812bc747-170e-4a16-ad0c-247a093afae5: shutdown FollowerState
2019-07-14 16:18:06,736 INFO  impl.RaftServerImpl (RaftServerImpl.java:setRole(171)) - 812bc747-170e-4a16-ad0c-247a093afae5:group-A46192CC8371 changes role from FOLLOWER to CANDIDATE at term 0 for changeToCandidate
2019-07-14 16:18:06,736 INFO  impl.RoleInfo (RoleInfo.java:updateAndGet(143)) - 812bc747-170e-4a16-ad0c-247a093afae5: start LeaderElection
2019-07-14 16:18:06,782 INFO  impl.LeaderElection (LeaderElection.java:askForVotes(181)) - 812bc747-170e-4a16-ad0c-247a093afae5:group-A46192CC8371:LeaderElection69: begin an election at term 1 for -1: [812bc747-170e-4a16-ad0c-247a093afae5:192.168.69.77:45590], old=null
2019-07-14 16:18:06,782 INFO  impl.RoleInfo (RoleInfo.java:shutdownLeaderElection(134)) - 812bc747-170e-4a16-ad0c-247a093afae5: shutdown LeaderElection
2019-07-14 16:18:06,782 INFO  impl.RaftServerImpl (RaftServerImpl.java:setRole(171)) - 812bc747-170e-4a16-ad0c-247a093afae5:group-A46192CC8371 changes role from CANDIDATE to LEADER at term 1 for changeToLeader
2019-07-14 16:18:06,782 INFO  impl.RaftServerImpl (ServerState.java:setLeader(263)) - 812bc747-170e-4a16-ad0c-247a093afae5:group-A46192CC8371 change Leader from null to 812bc747-170e-4a16-ad0c-247a093afae5 at term 1 for becomeLeader, leader elected after 5139ms
2019-07-14 16:18:06,783 INFO  server.RaftServerConfigKeys (ConfUtils.java:logGet(43)) - raft.server.staging.catchup.gap = 1000 (default)
2019-07-14 16:18:06,783 INFO  server.RaftServerConfigKeys (ConfUtils.java:logGet(43)) - raft.server.rpc.sleep.time = 25ms (default)
2019-07-14 16:18:06,783 INFO  server.RaftServerConfigKeys (ConfUtils.java:logGet(43)) - raft.server.write.element-limit = 4096 (default)
2019-07-14 16:18:06,783 INFO  server.RaftServerConfigKeys (ConfUtils.java:logGet(43)) - raft.server.watch.timeout = 10s (default)
2019-07-14 16:18:06,783 INFO  server.RaftServerConfigKeys (ConfUtils.java:logGet(43)) - raft.server.watch.timeout.denomination = 1s (default)
2019-07-14 16:18:06,783 INFO  server.RaftServerConfigKeys (ConfUtils.java:logGet(43)) - raft.server.watch.element-limit = 65536 (default)
2019-07-14 16:18:06,784 INFO  impl.RoleInfo (RoleInfo.java:updateAndGet(143)) - 812bc747-170e-4a16-ad0c-247a093afae5: start LeaderState
2019-07-14 16:18:06,784 INFO  segmented.SegmentedRaftLogWorker (SegmentedRaftLogWorker.java:startLogSegment(380)) - 812bc747-170e-4a16-ad0c-247a093afae5-SegmentedRaftLogWorker:Storage Directory /workdir/hadoop-ozone/integration-test/target/test-dir/MiniOzoneClusterImpl-60d218f0-a306-42c2-bb5c-6916a11a9da3/datanode-1/data/ratis/e9ec538c-02b5-469d-a134-a46192cc8371: Starting segment from index:0
2019-07-14 16:18:06,785 INFO  impl.RaftServerImpl (ServerState.java:setRaftConf(361)) - 812bc747-170e-4a16-ad0c-247a093afae5:group-A46192CC8371 set configuration 0: [812bc747-170e-4a16-ad0c-247a093afae5:192.168.69.77:45590], old=null at 0
2019-07-14 16:18:06,812 INFO  client.GrpcClientProtocolClient (GrpcClientProtocolClient.java:onNext(255)) - client-39C2D4FD6C99->1fb9086d-e901-4d1c-ba49-f04b58e2d455: receive RaftClientReply:client-39C2D4FD6C99->1fb9086d-e901-4d1c-ba49-f04b58e2d455@group-0292830C1C66, cid=133, FAILED org.apache.ratis.protocol.NotLeaderException: Server 1fb9086d-e901-4d1c-ba49-f04b58e2d455 is not the leader (null). Request must be sent to leader., logIndex=0, commits[1fb9086d-e901-4d1c-ba49-f04b58e2d455:c-1]
2019-07-14 16:18:06,848 INFO  segmented.SegmentedRaftLogWorker (SegmentedRaftLogWorker.java:execute(569)) - 812bc747-170e-4a16-ad0c-247a093afae5-SegmentedRaftLogWorker:Storage Directory /workdir/hadoop-ozone/integration-test/target/test-dir/MiniOzoneClusterImpl-60d218f0-a306-42c2-bb5c-6916a11a9da3/datanode-1/data/ratis/e9ec538c-02b5-469d-a134-a46192cc8371: created new log segment /workdir/hadoop-ozone/integration-test/target/test-dir/MiniOzoneClusterImpl-60d218f0-a306-42c2-bb5c-6916a11a9da3/datanode-1/data/ratis/e9ec538c-02b5-469d-a134-a46192cc8371/current/log_inprogress_0
2019-07-14 16:18:07,234 INFO  impl.FollowerState (FollowerState.java:run(106)) - 172c9306-f167-47ab-bf06-fbd58e539972:group-7D549DC15874 changes to CANDIDATE, lastRpcTime:5195, electionTimeout:5195ms
2019-07-14 16:18:07,234 INFO  impl.RoleInfo (RoleInfo.java:shutdownFollowerState(121)) - 172c9306-f167-47ab-bf06-fbd58e539972: shutdown FollowerState
2019-07-14 16:18:07,234 INFO  impl.RaftServerImpl (RaftServerImpl.java:setRole(171)) - 172c9306-f167-47ab-bf06-fbd58e539972:group-7D549DC15874 changes role from FOLLOWER to CANDIDATE at term 0 for changeToCandidate
2019-07-14 16:18:07,234 INFO  impl.RoleInfo (RoleInfo.java:updateAndGet(143)) - 172c9306-f167-47ab-bf06-fbd58e539972: start LeaderElection
2019-07-14 16:18:07,249 INFO  impl.FollowerState (FollowerState.java:run(106)) - 5da6f978-c976-4dad-92a3-94bec5a05bbd:group-6C193D126E87 changes to CANDIDATE, lastRpcTime:5086, electionTimeout:5080ms
2019-07-14 16:18:07,259 INFO  impl.RoleInfo (RoleInfo.java:shutdownFollowerState(121)) - 5da6f978-c976-4dad-92a3-94bec5a05bbd: shutdown FollowerState
2019-07-14 16:18:07,260 INFO  impl.RaftServerImpl (RaftServerImpl.java:setRole(171)) - 5da6f978-c976-4dad-92a3-94bec5a05bbd:group-6C193D126E87 changes role from FOLLOWER to CANDIDATE at term 0 for changeToCandidate
2019-07-14 16:18:07,260 INFO  impl.RoleInfo (RoleInfo.java:updateAndGet(143)) - 5da6f978-c976-4dad-92a3-94bec5a05bbd: start LeaderElection
2019-07-14 16:18:07,284 INFO  impl.FollowerState (FollowerState.java:run(106)) - 812bc747-170e-4a16-ad0c-247a093afae5:group-6C193D126E87 changes to CANDIDATE, lastRpcTime:5123, electionTimeout:5110ms
2019-07-14 16:18:07,284 INFO  impl.LeaderElection (LeaderElection.java:askForVotes(181)) - 172c9306-f167-47ab-bf06-fbd58e539972:group-7D549DC15874:LeaderElection70: begin an election at term 1 for -1: [172c9306-f167-47ab-bf06-fbd58e539972:192.168.69.77:45960], old=null
2019-07-14 16:18:07,284 INFO  impl.RoleInfo (RoleInfo.java:shutdownFollowerState(121)) - 812bc747-170e-4a16-ad0c-247a093afae5: shutdown FollowerState
2019-07-14 16:18:07,284 INFO  impl.RoleInfo (RoleInfo.java:shutdownLeaderElection(134)) - 172c9306-f167-47ab-bf06-fbd58e539972: shutdown LeaderElection
2019-07-14 16:18:07,285 INFO  impl.RaftServerImpl (RaftServerImpl.java:setRole(171)) - 812bc747-170e-4a16-ad0c-247a093afae5:group-6C193D126E87 changes role from FOLLOWER to CANDIDATE at term 0 for changeToCandidate
2019-07-14 16:18:07,285 INFO  impl.RaftServerImpl (RaftServerImpl.java:setRole(171)) - 172c9306-f167-47ab-bf06-fbd58e539972:group-7D549DC15874 changes role from CANDIDATE to LEADER at term 1 for changeToLeader
2019-07-14 16:18:07,285 INFO  impl.RoleInfo (RoleInfo.java:updateAndGet(143)) - 812bc747-170e-4a16-ad0c-247a093afae5: start LeaderElection
2019-07-14 16:18:07,285 INFO  impl.RaftServerImpl (ServerState.java:setLeader(263)) - 172c9306-f167-47ab-bf06-fbd58e539972:group-7D549DC15874 change Leader from null to 172c9306-f167-47ab-bf06-fbd58e539972 at term 1 for becomeLeader, leader elected after 5251ms
2019-07-14 16:18:07,285 INFO  server.RaftServerConfigKeys (ConfUtils.java:logGet(43)) - raft.server.staging.catchup.gap = 1000 (default)
2019-07-14 16:18:07,292 INFO  server.RaftServerConfigKeys (ConfUtils.java:logGet(43)) - raft.server.rpc.sleep.time = 25ms (default)
2019-07-14 16:18:07,330 INFO  impl.LeaderElection (LeaderElection.java:askForVotes(181)) - 5da6f978-c976-4dad-92a3-94bec5a05bbd:group-6C193D126E87:LeaderElection71: begin an election at term 1 for -1: [172c9306-f167-47ab-bf06-fbd58e539972:192.168.69.77:45960, 812bc747-170e-4a16-ad0c-247a093afae5:192.168.69.77:45590, 5da6f978-c976-4dad-92a3-94bec5a05bbd:192.168.69.77:33947], old=null
2019-07-14 16:18:07,330 INFO  server.RaftServerConfigKeys (ConfUtils.java:logGet(43)) - raft.server.write.element-limit = 4096 (default)
2019-07-14 16:18:07,330 INFO  server.RaftServerConfigKeys (ConfUtils.java:logGet(43)) - raft.server.watch.timeout = 10s (default)
2019-07-14 16:18:07,331 INFO  server.RaftServerConfigKeys (ConfUtils.java:logGet(43)) - raft.server.watch.timeout.denomination = 1s (default)
2019-07-14 16:18:07,331 INFO  server.RaftServerConfigKeys (ConfUtils.java:logGet(43)) - raft.server.watch.element-limit = 65536 (default)
2019-07-14 16:18:07,331 INFO  impl.RoleInfo (RoleInfo.java:updateAndGet(143)) - 172c9306-f167-47ab-bf06-fbd58e539972: start LeaderState
2019-07-14 16:18:07,331 INFO  segmented.SegmentedRaftLogWorker (SegmentedRaftLogWorker.java:startLogSegment(380)) - 172c9306-f167-47ab-bf06-fbd58e539972-SegmentedRaftLogWorker:Storage Directory /workdir/hadoop-ozone/integration-test/target/test-dir/MiniOzoneClusterImpl-60d218f0-a306-42c2-bb5c-6916a11a9da3/datanode-2/data/ratis/e673757f-6d23-4f8a-8075-7d549dc15874: Starting segment from index:0
2019-07-14 16:18:07,333 INFO  impl.RaftServerImpl (ServerState.java:setRaftConf(361)) - 172c9306-f167-47ab-bf06-fbd58e539972:group-7D549DC15874 set configuration 0: [172c9306-f167-47ab-bf06-fbd58e539972:192.168.69.77:45960], old=null at 0
2019-07-14 16:18:07,335 INFO  impl.RaftServerImpl (RaftServerImpl.java:setRole(171)) - 172c9306-f167-47ab-bf06-fbd58e539972:group-6C193D126E87 changes role from FOLLOWER to FOLLOWER at term 1 for recognizeCandidate:5da6f978-c976-4dad-92a3-94bec5a05bbd
2019-07-14 16:18:07,336 INFO  impl.RoleInfo (RoleInfo.java:shutdownFollowerState(121)) - 172c9306-f167-47ab-bf06-fbd58e539972: shutdown FollowerState
2019-07-14 16:18:07,336 INFO  impl.RoleInfo (RoleInfo.java:updateAndGet(143)) - 172c9306-f167-47ab-bf06-fbd58e539972: start FollowerState
2019-07-14 16:18:07,336 INFO  impl.FollowerState (FollowerState.java:run(114)) - 172c9306-f167-47ab-bf06-fbd58e539972: FollowerState was interrupted: java.lang.InterruptedException: sleep interrupted
2019-07-14 16:18:07,359 INFO  impl.LeaderElection (LeaderElection.java:askForVotes(181)) - 812bc747-170e-4a16-ad0c-247a093afae5:group-6C193D126E87:LeaderElection72: begin an election at term 1 for -1: [172c9306-f167-47ab-bf06-fbd58e539972:192.168.69.77:45960, 812bc747-170e-4a16-ad0c-247a093afae5:192.168.69.77:45590, 5da6f978-c976-4dad-92a3-94bec5a05bbd:192.168.69.77:33947], old=null
2019-07-14 16:18:07,379 INFO  segmented.SegmentedRaftLogWorker (SegmentedRaftLogWorker.java:execute(569)) - 172c9306-f167-47ab-bf06-fbd58e539972-SegmentedRaftLogWorker:Storage Directory /workdir/hadoop-ozone/integration-test/target/test-dir/MiniOzoneClusterImpl-60d218f0-a306-42c2-bb5c-6916a11a9da3/datanode-2/data/ratis/e673757f-6d23-4f8a-8075-7d549dc15874: created new log segment /workdir/hadoop-ozone/integration-test/target/test-dir/MiniOzoneClusterImpl-60d218f0-a306-42c2-bb5c-6916a11a9da3/datanode-2/data/ratis/e673757f-6d23-4f8a-8075-7d549dc15874/current/log_inprogress_0
2019-07-14 16:18:07,380 INFO  impl.LeaderElection (LeaderElection.java:logAndReturn(56)) - 5da6f978-c976-4dad-92a3-94bec5a05bbd:group-6C193D126E87:LeaderElection71: Election PASSED; received 2 response(s) [5da6f978-c976-4dad-92a3-94bec5a05bbd<-172c9306-f167-47ab-bf06-fbd58e539972#0:OK-t1, 5da6f978-c976-4dad-92a3-94bec5a05bbd<-812bc747-170e-4a16-ad0c-247a093afae5#0:FAIL-t1] and 0 exception(s); 5da6f978-c976-4dad-92a3-94bec5a05bbd:t1, leader=null, voted=5da6f978-c976-4dad-92a3-94bec5a05bbd, raftlog=5da6f978-c976-4dad-92a3-94bec5a05bbd-SegmentedRaftLog:OPENED:c-1,f-1,i0, conf=-1: [172c9306-f167-47ab-bf06-fbd58e539972:192.168.69.77:45960, 812bc747-170e-4a16-ad0c-247a093afae5:192.168.69.77:45590, 5da6f978-c976-4dad-92a3-94bec5a05bbd:192.168.69.77:33947], old=null
2019-07-14 16:18:07,380 INFO  impl.RoleInfo (RoleInfo.java:shutdownLeaderElection(134)) - 5da6f978-c976-4dad-92a3-94bec5a05bbd: shutdown LeaderElection
2019-07-14 16:18:07,381 INFO  impl.RaftServerImpl (RaftServerImpl.java:setRole(171)) - 5da6f978-c976-4dad-92a3-94bec5a05bbd:group-6C193D126E87 changes role from CANDIDATE to LEADER at term 1 for changeToLeader
2019-07-14 16:18:07,381 INFO  impl.LeaderElection (LeaderElection.java:logAndReturn(56)) - 812bc747-170e-4a16-ad0c-247a093afae5:group-6C193D126E87:LeaderElection72: Election REJECTED; received 2 response(s) [812bc747-170e-4a16-ad0c-247a093afae5<-172c9306-f167-47ab-bf06-fbd58e539972#0:FAIL-t1, 812bc747-170e-4a16-ad0c-247a093afae5<-5da6f978-c976-4dad-92a3-94bec5a05bbd#0:FAIL-t1] and 0 exception(s); 812bc747-170e-4a16-ad0c-247a093afae5:t1, leader=null, voted=812bc747-170e-4a16-ad0c-247a093afae5, raftlog=812bc747-170e-4a16-ad0c-247a093afae5-SegmentedRaftLog:OPENED:c-1,f-1,i0, conf=-1: [172c9306-f167-47ab-bf06-fbd58e539972:192.168.69.77:45960, 812bc747-170e-4a16-ad0c-247a093afae5:192.168.69.77:45590, 5da6f978-c976-4dad-92a3-94bec5a05bbd:192.168.69.77:33947], old=null
2019-07-14 16:18:07,381 INFO  impl.RaftServerImpl (ServerState.java:setLeader(263)) - 5da6f978-c976-4dad-92a3-94bec5a05bbd:group-6C193D126E87 change Leader from null to 5da6f978-c976-4dad-92a3-94bec5a05bbd at term 1 for becomeLeader, leader elected after 5229ms
2019-07-14 16:18:07,381 INFO  impl.RaftServerImpl (RaftServerImpl.java:setRole(171)) - 812bc747-170e-4a16-ad0c-247a093afae5:group-6C193D126E87 changes role from CANDIDATE to FOLLOWER at term 1 for DISCOVERED_A_NEW_TERM
2019-07-14 16:18:07,381 INFO  server.RaftServerConfigKeys (ConfUtils.java:logGet(43)) - raft.server.staging.catchup.gap = 1000 (default)
2019-07-14 16:18:07,381 INFO  impl.RoleInfo (RoleInfo.java:shutdownLeaderElection(134)) - 812bc747-170e-4a16-ad0c-247a093afae5: shutdown LeaderElection
2019-07-14 16:18:07,381 INFO  server.RaftServerConfigKeys (ConfUtils.java:logGet(43)) - raft.server.rpc.sleep.time = 25ms (default)
2019-07-14 16:18:07,381 INFO  impl.RoleInfo (RoleInfo.java:updateAndGet(143)) - 812bc747-170e-4a16-ad0c-247a093afae5: start FollowerState
2019-07-14 16:18:07,382 INFO  server.RaftServerConfigKeys (ConfUtils.java:logGet(43)) - raft.server.write.element-limit = 4096 (default)
2019-07-14 16:18:07,382 INFO  server.RaftServerConfigKeys (ConfUtils.java:logGet(43)) - raft.server.watch.timeout = 10s (default)
2019-07-14 16:18:07,382 INFO  server.RaftServerConfigKeys (ConfUtils.java:logGet(43)) - raft.server.watch.timeout.denomination = 1s (default)
2019-07-14 16:18:07,382 INFO  server.RaftServerConfigKeys (ConfUtils.java:logGet(43)) - raft.server.watch.element-limit = 65536 (default)
2019-07-14 16:18:07,382 INFO  server.RaftServerConfigKeys (ConfUtils.java:logGet(43)) - raft.server.log.appender.snapshot.chunk.size.max = 16MB (=16777216) (default)
2019-07-14 16:18:07,382 INFO  server.RaftServerConfigKeys (ConfUtils.java:logGet(43)) - raft.server.log.appender.buffer.byte-limit = 33554432 (custom)
2019-07-14 16:18:07,383 INFO  server.RaftServerConfigKeys (ConfUtils.java:logGet(43)) - raft.server.log.appender.buffer.element-limit = 1 (custom)
2019-07-14 16:18:07,383 INFO  grpc.GrpcConfigKeys$Server (ConfUtils.java:logGet(43)) - raft.grpc.server.leader.outstanding.appends.max = 128 (default)
2019-07-14 16:18:07,383 INFO  server.RaftServerConfigKeys (ConfUtils.java:logGet(43)) - raft.server.rpc.request.timeout = 3000ms (default)
2019-07-14 16:18:07,383 INFO  server.RaftServerConfigKeys (ConfUtils.java:logGet(43)) - raft.server.log.appender.install.snapshot.enabled = false (custom)
2019-07-14 16:18:07,383 INFO  server.RaftServerConfigKeys (ConfUtils.java:logGet(43)) - raft.server.log.appender.snapshot.chunk.size.max = 16MB (=16777216) (default)
2019-07-14 16:18:07,384 INFO  server.RaftServerConfigKeys (ConfUtils.java:logGet(43)) - raft.server.log.appender.buffer.byte-limit = 33554432 (custom)
2019-07-14 16:18:07,384 INFO  server.RaftServerConfigKeys (ConfUtils.java:logGet(43)) - raft.server.log.appender.buffer.element-limit = 1 (custom)
2019-07-14 16:18:07,384 INFO  grpc.GrpcConfigKeys$Server (ConfUtils.java:logGet(43)) - raft.grpc.server.leader.outstanding.appends.max = 128 (default)
2019-07-14 16:18:07,384 INFO  server.RaftServerConfigKeys (ConfUtils.java:logGet(43)) - raft.server.rpc.request.timeout = 3000ms (default)
2019-07-14 16:18:07,384 INFO  server.RaftServerConfigKeys (ConfUtils.java:logGet(43)) - raft.server.log.appender.install.snapshot.enabled = false (custom)
2019-07-14 16:18:07,385 INFO  impl.RoleInfo (RoleInfo.java:updateAndGet(143)) - 5da6f978-c976-4dad-92a3-94bec5a05bbd: start LeaderState
2019-07-14 16:18:07,385 INFO  segmented.SegmentedRaftLogWorker (SegmentedRaftLogWorker.java:startLogSegment(380)) - 5da6f978-c976-4dad-92a3-94bec5a05bbd-SegmentedRaftLogWorker:Storage Directory /workdir/hadoop-ozone/integration-test/target/test-dir/MiniOzoneClusterImpl-60d218f0-a306-42c2-bb5c-6916a11a9da3/datanode-0/data/ratis/b516fcf4-27bb-4af0-8ca9-6c193d126e87: Starting segment from index:0
2019-07-14 16:18:07,385 INFO  impl.RaftServerImpl (ServerState.java:setRaftConf(361)) - 5da6f978-c976-4dad-92a3-94bec5a05bbd:group-6C193D126E87 set configuration 0: [172c9306-f167-47ab-bf06-fbd58e539972:192.168.69.77:45960, 812bc747-170e-4a16-ad0c-247a093afae5:192.168.69.77:45590, 5da6f978-c976-4dad-92a3-94bec5a05bbd:192.168.69.77:33947], old=null at 0
2019-07-14 16:18:07,412 INFO  impl.RaftServerImpl (ServerState.java:setLeader(263)) - 172c9306-f167-47ab-bf06-fbd58e539972:group-6C193D126E87 change Leader from null to 5da6f978-c976-4dad-92a3-94bec5a05bbd at term 1 for appendEntries, leader elected after 5260ms
2019-07-14 16:18:07,412 INFO  impl.RaftServerImpl (ServerState.java:setLeader(263)) - 812bc747-170e-4a16-ad0c-247a093afae5:group-6C193D126E87 change Leader from null to 5da6f978-c976-4dad-92a3-94bec5a05bbd at term 1 for appendEntries, leader elected after 5261ms
2019-07-14 16:18:07,426 INFO  impl.RaftServerImpl (ServerState.java:setRaftConf(361)) - 172c9306-f167-47ab-bf06-fbd58e539972:group-6C193D126E87 set configuration 0: [172c9306-f167-47ab-bf06-fbd58e539972:192.168.69.77:45960, 812bc747-170e-4a16-ad0c-247a093afae5:192.168.69.77:45590, 5da6f978-c976-4dad-92a3-94bec5a05bbd:192.168.69.77:33947], old=null at 0
2019-07-14 16:18:07,426 INFO  impl.RaftServerImpl (ServerState.java:setRaftConf(361)) - 812bc747-170e-4a16-ad0c-247a093afae5:group-6C193D126E87 set configuration 0: [172c9306-f167-47ab-bf06-fbd58e539972:192.168.69.77:45960, 812bc747-170e-4a16-ad0c-247a093afae5:192.168.69.77:45590, 5da6f978-c976-4dad-92a3-94bec5a05bbd:192.168.69.77:33947], old=null at 0
2019-07-14 16:18:07,426 INFO  segmented.SegmentedRaftLogWorker (SegmentedRaftLogWorker.java:startLogSegment(380)) - 172c9306-f167-47ab-bf06-fbd58e539972-SegmentedRaftLogWorker:Storage Directory /workdir/hadoop-ozone/integration-test/target/test-dir/MiniOzoneClusterImpl-60d218f0-a306-42c2-bb5c-6916a11a9da3/datanode-2/data/ratis/b516fcf4-27bb-4af0-8ca9-6c193d126e87: Starting segment from index:0
2019-07-14 16:18:07,426 INFO  segmented.SegmentedRaftLogWorker (SegmentedRaftLogWorker.java:startLogSegment(380)) - 812bc747-170e-4a16-ad0c-247a093afae5-SegmentedRaftLogWorker:Storage Directory /workdir/hadoop-ozone/integration-test/target/test-dir/MiniOzoneClusterImpl-60d218f0-a306-42c2-bb5c-6916a11a9da3/datanode-1/data/ratis/b516fcf4-27bb-4af0-8ca9-6c193d126e87: Starting segment from index:0
2019-07-14 16:18:07,435 INFO  segmented.SegmentedRaftLogWorker (SegmentedRaftLogWorker.java:execute(569)) - 5da6f978-c976-4dad-92a3-94bec5a05bbd-SegmentedRaftLogWorker:Storage Directory /workdir/hadoop-ozone/integration-test/target/test-dir/MiniOzoneClusterImpl-60d218f0-a306-42c2-bb5c-6916a11a9da3/datanode-0/data/ratis/b516fcf4-27bb-4af0-8ca9-6c193d126e87: created new log segment /workdir/hadoop-ozone/integration-test/target/test-dir/MiniOzoneClusterImpl-60d218f0-a306-42c2-bb5c-6916a11a9da3/datanode-0/data/ratis/b516fcf4-27bb-4af0-8ca9-6c193d126e87/current/log_inprogress_0
2019-07-14 16:18:07,461 INFO  segmented.SegmentedRaftLogWorker (SegmentedRaftLogWorker.java:execute(569)) - 812bc747-170e-4a16-ad0c-247a093afae5-SegmentedRaftLogWorker:Storage Directory /workdir/hadoop-ozone/integration-test/target/test-dir/MiniOzoneClusterImpl-60d218f0-a306-42c2-bb5c-6916a11a9da3/datanode-1/data/ratis/b516fcf4-27bb-4af0-8ca9-6c193d126e87: created new log segment /workdir/hadoop-ozone/integration-test/target/test-dir/MiniOzoneClusterImpl-60d218f0-a306-42c2-bb5c-6916a11a9da3/datanode-1/data/ratis/b516fcf4-27bb-4af0-8ca9-6c193d126e87/current/log_inprogress_0
2019-07-14 16:18:07,461 INFO  segmented.SegmentedRaftLogWorker (SegmentedRaftLogWorker.java:execute(569)) - 172c9306-f167-47ab-bf06-fbd58e539972-SegmentedRaftLogWorker:Storage Directory /workdir/hadoop-ozone/integration-test/target/test-dir/MiniOzoneClusterImpl-60d218f0-a306-42c2-bb5c-6916a11a9da3/datanode-2/data/ratis/b516fcf4-27bb-4af0-8ca9-6c193d126e87: created new log segment /workdir/hadoop-ozone/integration-test/target/test-dir/MiniOzoneClusterImpl-60d218f0-a306-42c2-bb5c-6916a11a9da3/datanode-2/data/ratis/b516fcf4-27bb-4af0-8ca9-6c193d126e87/current/log_inprogress_0
2019-07-14 16:18:07,620 INFO  impl.FollowerState (FollowerState.java:run(106)) - a7e8ad0b-9330-4266-8ecd-e057ec954ce9:group-1134DD6684E7 changes to CANDIDATE, lastRpcTime:5188, electionTimeout:5188ms
2019-07-14 16:18:07,620 INFO  impl.RoleInfo (RoleInfo.java:shutdownFollowerState(121)) - a7e8ad0b-9330-4266-8ecd-e057ec954ce9: shutdown FollowerState
2019-07-14 16:18:07,620 INFO  impl.RaftServerImpl (RaftServerImpl.java:setRole(171)) - a7e8ad0b-9330-4266-8ecd-e057ec954ce9:group-1134DD6684E7 changes role from FOLLOWER to CANDIDATE at term 0 for changeToCandidate
2019-07-14 16:18:07,621 INFO  impl.RoleInfo (RoleInfo.java:updateAndGet(143)) - a7e8ad0b-9330-4266-8ecd-e057ec954ce9: start LeaderElection
2019-07-14 16:18:07,686 INFO  impl.LeaderElection (LeaderElection.java:askForVotes(181)) - a7e8ad0b-9330-4266-8ecd-e057ec954ce9:group-1134DD6684E7:LeaderElection73: begin an election at term 1 for -1: [a7e8ad0b-9330-4266-8ecd-e057ec954ce9:192.168.69.77:42183], old=null
2019-07-14 16:18:07,687 INFO  impl.RoleInfo (RoleInfo.java:shutdownLeaderElection(134)) - a7e8ad0b-9330-4266-8ecd-e057ec954ce9: shutdown LeaderElection
2019-07-14 16:18:07,687 INFO  impl.RaftServerImpl (RaftServerImpl.java:setRole(171)) - a7e8ad0b-9330-4266-8ecd-e057ec954ce9:group-1134DD6684E7 changes role from CANDIDATE to LEADER at term 1 for changeToLeader
2019-07-14 16:18:07,687 INFO  impl.RaftServerImpl (ServerState.java:setLeader(263)) - a7e8ad0b-9330-4266-8ecd-e057ec954ce9:group-1134DD6684E7 change Leader from null to a7e8ad0b-9330-4266-8ecd-e057ec954ce9 at term 1 for becomeLeader, leader elected after 5260ms
2019-07-14 16:18:07,687 INFO  server.RaftServerConfigKeys (ConfUtils.java:logGet(43)) - raft.server.staging.catchup.gap = 1000 (default)
2019-07-14 16:18:07,687 INFO  server.RaftServerConfigKeys (ConfUtils.java:logGet(43)) - raft.server.rpc.sleep.time = 25ms (default)
2019-07-14 16:18:07,687 INFO  server.RaftServerConfigKeys (ConfUtils.java:logGet(43)) - raft.server.write.element-limit = 4096 (default)
2019-07-14 16:18:07,688 INFO  server.RaftServerConfigKeys (ConfUtils.java:logGet(43)) - raft.server.watch.timeout = 10s (default)
2019-07-14 16:18:07,688 INFO  server.RaftServerConfigKeys (ConfUtils.java:logGet(43)) - raft.server.watch.timeout.denomination = 1s (default)
2019-07-14 16:18:07,688 INFO  server.RaftServerConfigKeys (ConfUtils.java:logGet(43)) - raft.server.watch.element-limit = 65536 (default)
2019-07-14 16:18:07,688 INFO  impl.RoleInfo (RoleInfo.java:updateAndGet(143)) - a7e8ad0b-9330-4266-8ecd-e057ec954ce9: start LeaderState
2019-07-14 16:18:07,688 INFO  segmented.SegmentedRaftLogWorker (SegmentedRaftLogWorker.java:startLogSegment(380)) - a7e8ad0b-9330-4266-8ecd-e057ec954ce9-SegmentedRaftLogWorker:Storage Directory /workdir/hadoop-ozone/integration-test/target/test-dir/MiniOzoneClusterImpl-60d218f0-a306-42c2-bb5c-6916a11a9da3/datanode-3/data/ratis/620198ef-a005-4620-ba9b-1134dd6684e7: Starting segment from index:0
2019-07-14 16:18:07,689 INFO  impl.RaftServerImpl (ServerState.java:setRaftConf(361)) - a7e8ad0b-9330-4266-8ecd-e057ec954ce9:group-1134DD6684E7 set configuration 0: [a7e8ad0b-9330-4266-8ecd-e057ec954ce9:192.168.69.77:42183], old=null at 0
2019-07-14 16:18:07,728 INFO  segmented.SegmentedRaftLogWorker (SegmentedRaftLogWorker.java:execute(569)) - a7e8ad0b-9330-4266-8ecd-e057ec954ce9-SegmentedRaftLogWorker:Storage Directory /workdir/hadoop-ozone/integration-test/target/test-dir/MiniOzoneClusterImpl-60d218f0-a306-42c2-bb5c-6916a11a9da3/datanode-3/data/ratis/620198ef-a005-4620-ba9b-1134dd6684e7: created new log segment /workdir/hadoop-ozone/integration-test/target/test-dir/MiniOzoneClusterImpl-60d218f0-a306-42c2-bb5c-6916a11a9da3/datanode-3/data/ratis/620198ef-a005-4620-ba9b-1134dd6684e7/current/log_inprogress_0
2019-07-14 16:18:07,839 INFO  impl.FollowerState (FollowerState.java:run(106)) - 1fb9086d-e901-4d1c-ba49-f04b58e2d455:group-686861F37563 changes to CANDIDATE, lastRpcTime:5021, electionTimeout:5021ms
2019-07-14 16:18:07,839 INFO  impl.RoleInfo (RoleInfo.java:shutdownFollowerState(121)) - 1fb9086d-e901-4d1c-ba49-f04b58e2d455: shutdown FollowerState
2019-07-14 16:18:07,839 INFO  impl.RaftServerImpl (RaftServerImpl.java:setRole(171)) - 1fb9086d-e901-4d1c-ba49-f04b58e2d455:group-686861F37563 changes role from FOLLOWER to CANDIDATE at term 0 for changeToCandidate
2019-07-14 16:18:07,839 INFO  impl.RoleInfo (RoleInfo.java:updateAndGet(143)) - 1fb9086d-e901-4d1c-ba49-f04b58e2d455: start LeaderElection
2019-07-14 16:18:07,898 INFO  client.GrpcClientProtocolClient (GrpcClientProtocolClient.java:onNext(255)) - client-39C2D4FD6C99->a7e8ad0b-9330-4266-8ecd-e057ec954ce9: receive RaftClientReply:client-39C2D4FD6C99->a7e8ad0b-9330-4266-8ecd-e057ec954ce9@group-0292830C1C66, cid=133, FAILED org.apache.ratis.protocol.NotLeaderException: Server a7e8ad0b-9330-4266-8ecd-e057ec954ce9 is not the leader (null). Request must be sent to leader., logIndex=0, commits[a7e8ad0b-9330-4266-8ecd-e057ec954ce9:c-1]
2019-07-14 16:18:07,898 INFO  impl.LeaderElection (LeaderElection.java:askForVotes(181)) - 1fb9086d-e901-4d1c-ba49-f04b58e2d455:group-686861F37563:LeaderElection74: begin an election at term 1 for -1: [1fb9086d-e901-4d1c-ba49-f04b58e2d455:192.168.69.77:44142], old=null
2019-07-14 16:18:07,907 INFO  impl.RoleInfo (RoleInfo.java:shutdownLeaderElection(134)) - 1fb9086d-e901-4d1c-ba49-f04b58e2d455: shutdown LeaderElection
2019-07-14 16:18:07,907 INFO  impl.RaftServerImpl (RaftServerImpl.java:setRole(171)) - 1fb9086d-e901-4d1c-ba49-f04b58e2d455:group-686861F37563 changes role from CANDIDATE to LEADER at term 1 for changeToLeader
2019-07-14 16:18:07,907 INFO  impl.RaftServerImpl (ServerState.java:setLeader(263)) - 1fb9086d-e901-4d1c-ba49-f04b58e2d455:group-686861F37563 change Leader from null to 1fb9086d-e901-4d1c-ba49-f04b58e2d455 at term 1 for becomeLeader, leader elected after 5093ms
2019-07-14 16:18:07,907 INFO  server.RaftServerConfigKeys (ConfUtils.java:logGet(43)) - raft.server.staging.catchup.gap = 1000 (default)
2019-07-14 16:18:07,946 WARN  io.KeyOutputStream (KeyOutputStream.java:handleException(276)) - Encountered exception java.io.IOException: Unexpected Storage Container Exception: java.util.concurrent.CompletionException: java.util.concurrent.CompletionException: org.apache.ratis.protocol.RaftRetryFailureException: Failed RaftClientRequest:client-39C2D4FD6C99->a7e8ad0b-9330-4266-8ecd-e057ec954ce9@group-0292830C1C66, cid=133, seq=1*, RW, org.apache.hadoop.hdds.scm.XceiverClientRatis$$Lambda$309/805530136@3e76a501 for 5 attempts with RetryLimited(maxAttempts=5, sleepTime=1000ms) on the pipeline Pipeline[ Id: e3b6fca2-8e81-473c-9218-0292830c1c66, Nodes: a7e8ad0b-9330-4266-8ecd-e057ec954ce9{ip: 192.168.69.77, host: pr-hdds-1710-5x6jb-1204890111, networkLocation: /default-rack, certSerialId: null}f0a9349c-3e22-4213-b0f9-e23551c0fd60{ip: 192.168.69.77, host: pr-hdds-1710-5x6jb-1204890111, networkLocation: /default-rack, certSerialId: null}1fb9086d-e901-4d1c-ba49-f04b58e2d455{ip: 192.168.69.77, host: pr-hdds-1710-5x6jb-1204890111, networkLocation: /default-rack, certSerialId: null}, Type:RATIS, Factor:THREE, State:OPEN]. The last committed block length is 0, uncommitted data length is 2097152 retry count 0
2019-07-14 16:18:07,949 INFO  server.RaftServerConfigKeys (ConfUtils.java:logGet(43)) - raft.server.rpc.sleep.time = 25ms (default)
2019-07-14 16:18:07,949 INFO  server.RaftServerConfigKeys (ConfUtils.java:logGet(43)) - raft.server.write.element-limit = 4096 (default)
2019-07-14 16:18:07,949 INFO  server.RaftServerConfigKeys (ConfUtils.java:logGet(43)) - raft.server.watch.timeout = 10s (default)
2019-07-14 16:18:07,993 INFO  server.RaftServerConfigKeys (ConfUtils.java:logGet(43)) - raft.server.watch.timeout.denomination = 1s (default)
2019-07-14 16:18:07,993 INFO  server.RaftServerConfigKeys (ConfUtils.java:logGet(43)) - raft.server.watch.element-limit = 65536 (default)
2019-07-14 16:18:07,993 INFO  impl.RoleInfo (RoleInfo.java:updateAndGet(143)) - 1fb9086d-e901-4d1c-ba49-f04b58e2d455: start LeaderState
2019-07-14 16:18:07,993 INFO  segmented.SegmentedRaftLogWorker (SegmentedRaftLogWorker.java:startLogSegment(380)) - 1fb9086d-e901-4d1c-ba49-f04b58e2d455-SegmentedRaftLogWorker:Storage Directory /workdir/hadoop-ozone/integration-test/target/test-dir/MiniOzoneClusterImpl-60d218f0-a306-42c2-bb5c-6916a11a9da3/datanode-4/data/ratis/8bd8fc2d-e2fd-4da8-9cc2-686861f37563: Starting segment from index:0
2019-07-14 16:18:07,994 INFO  impl.RaftServerImpl (ServerState.java:setRaftConf(361)) - 1fb9086d-e901-4d1c-ba49-f04b58e2d455:group-686861F37563 set configuration 0: [1fb9086d-e901-4d1c-ba49-f04b58e2d455:192.168.69.77:44142], old=null at 0
2019-07-14 16:18:08,066 INFO  segmented.SegmentedRaftLogWorker (SegmentedRaftLogWorker.java:execute(569)) - 1fb9086d-e901-4d1c-ba49-f04b58e2d455-SegmentedRaftLogWorker:Storage Directory /workdir/hadoop-ozone/integration-test/target/test-dir/MiniOzoneClusterImpl-60d218f0-a306-42c2-bb5c-6916a11a9da3/datanode-4/data/ratis/8bd8fc2d-e2fd-4da8-9cc2-686861f37563: created new log segment /workdir/hadoop-ozone/integration-test/target/test-dir/MiniOzoneClusterImpl-60d218f0-a306-42c2-bb5c-6916a11a9da3/datanode-4/data/ratis/8bd8fc2d-e2fd-4da8-9cc2-686861f37563/current/log_inprogress_0
2019-07-14 16:18:08,067 INFO  client.GrpcClientProtocolClient (GrpcClientProtocolClient.java:onNext(255)) - client-FB376621154D->172c9306-f167-47ab-bf06-fbd58e539972: receive RaftClientReply:client-FB376621154D->172c9306-f167-47ab-bf06-fbd58e539972@group-6C193D126E87, cid=137, FAILED org.apache.ratis.protocol.NotLeaderException: Server 172c9306-f167-47ab-bf06-fbd58e539972 is not the leader (5da6f978-c976-4dad-92a3-94bec5a05bbd:192.168.69.77:33947). Request must be sent to leader., logIndex=0, commits[172c9306-f167-47ab-bf06-fbd58e539972:c-1, 812bc747-170e-4a16-ad0c-247a093afae5:c-1, 5da6f978-c976-4dad-92a3-94bec5a05bbd:c-1]
2019-07-14 16:18:08,250 INFO  client.GrpcClientProtocolClient (GrpcClientProtocolClient.java:onNext(255)) - client-FB376621154D->5da6f978-c976-4dad-92a3-94bec5a05bbd: receive RaftClientReply:client-FB376621154D->5da6f978-c976-4dad-92a3-94bec5a05bbd@group-6C193D126E87, cid=137, SUCCESS, logIndex=1, commits[5da6f978-c976-4dad-92a3-94bec5a05bbd:c1, 172c9306-f167-47ab-bf06-fbd58e539972:c0, 812bc747-170e-4a16-ad0c-247a093afae5:c0]
2019-07-14 16:18:08,387 INFO  client.GrpcClientProtocolClient (GrpcClientProtocolClient.java:onNext(255)) - client-FB376621154D->5da6f978-c976-4dad-92a3-94bec5a05bbd: receive RaftClientReply:client-FB376621154D->5da6f978-c976-4dad-92a3-94bec5a05bbd@group-6C193D126E87, cid=138, SUCCESS, logIndex=3, commits[5da6f978-c976-4dad-92a3-94bec5a05bbd:c8, 172c9306-f167-47ab-bf06-fbd58e539972:c5, 812bc747-170e-4a16-ad0c-247a093afae5:c5]
2019-07-14 16:18:08,399 INFO  client.GrpcClientProtocolClient (GrpcClientProtocolClient.java:onNext(255)) - client-FB376621154D->5da6f978-c976-4dad-92a3-94bec5a05bbd: receive RaftClientReply:client-FB376621154D->5da6f978-c976-4dad-92a3-94bec5a05bbd@group-6C193D126E87, cid=139, SUCCESS, logIndex=4, commits[5da6f978-c976-4dad-92a3-94bec5a05bbd:c8, 172c9306-f167-47ab-bf06-fbd58e539972:c5, 812bc747-170e-4a16-ad0c-247a093afae5:c5]
2019-07-14 16:18:08,448 INFO  client.GrpcClientProtocolClient (GrpcClientProtocolClient.java:onNext(255)) - client-FB376621154D->5da6f978-c976-4dad-92a3-94bec5a05bbd: receive RaftClientReply:client-FB376621154D->5da6f978-c976-4dad-92a3-94bec5a05bbd@group-6C193D126E87, cid=140, SUCCESS, logIndex=5, commits[5da6f978-c976-4dad-92a3-94bec5a05bbd:c8, 172c9306-f167-47ab-bf06-fbd58e539972:c5, 812bc747-170e-4a16-ad0c-247a093afae5:c5]
2019-07-14 16:18:08,500 INFO  impl.FollowerState (FollowerState.java:run(106)) - f0a9349c-3e22-4213-b0f9-e23551c0fd60:group-27EF4AA67975 changes to CANDIDATE, lastRpcTime:5127, electionTimeout:5091ms
2019-07-14 16:18:08,500 INFO  impl.RoleInfo (RoleInfo.java:shutdownFollowerState(121)) - f0a9349c-3e22-4213-b0f9-e23551c0fd60: shutdown FollowerState
2019-07-14 16:18:08,501 INFO  impl.RaftServerImpl (RaftServerImpl.java:setRole(171)) - f0a9349c-3e22-4213-b0f9-e23551c0fd60:group-27EF4AA67975 changes role from FOLLOWER to CANDIDATE at term 0 for changeToCandidate
2019-07-14 16:18:08,501 INFO  impl.RoleInfo (RoleInfo.java:updateAndGet(143)) - f0a9349c-3e22-4213-b0f9-e23551c0fd60: start LeaderElection
2019-07-14 16:18:08,529 INFO  impl.LeaderElection (LeaderElection.java:askForVotes(181)) - f0a9349c-3e22-4213-b0f9-e23551c0fd60:group-27EF4AA67975:LeaderElection75: begin an election at term 1 for -1: [f0a9349c-3e22-4213-b0f9-e23551c0fd60:192.168.69.77:41072], old=null
2019-07-14 16:18:08,529 INFO  impl.RoleInfo (RoleInfo.java:shutdownLeaderElection(134)) - f0a9349c-3e22-4213-b0f9-e23551c0fd60: shutdown LeaderElection
2019-07-14 16:18:08,529 INFO  impl.RaftServerImpl (RaftServerImpl.java:setRole(171)) - f0a9349c-3e22-4213-b0f9-e23551c0fd60:group-27EF4AA67975 changes role from CANDIDATE to LEADER at term 1 for changeToLeader
2019-07-14 16:18:08,529 INFO  impl.RaftServerImpl (ServerState.java:setLeader(263)) - f0a9349c-3e22-4213-b0f9-e23551c0fd60:group-27EF4AA67975 change Leader from null to f0a9349c-3e22-4213-b0f9-e23551c0fd60 at term 1 for becomeLeader, leader elected after 5160ms
2019-07-14 16:18:08,529 INFO  server.RaftServerConfigKeys (ConfUtils.java:logGet(43)) - raft.server.staging.catchup.gap = 1000 (default)
2019-07-14 16:18:08,529 INFO  server.RaftServerConfigKeys (ConfUtils.java:logGet(43)) - raft.server.rpc.sleep.time = 25ms (default)
2019-07-14 16:18:08,530 INFO  server.RaftServerConfigKeys (ConfUtils.java:logGet(43)) - raft.server.write.element-limit = 4096 (default)
2019-07-14 16:18:08,530 INFO  server.RaftServerConfigKeys (ConfUtils.java:logGet(43)) - raft.server.watch.timeout = 10s (default)
2019-07-14 16:18:08,530 INFO  server.RaftServerConfigKeys (ConfUtils.java:logGet(43)) - raft.server.watch.timeout.denomination = 1s (default)
2019-07-14 16:18:08,530 INFO  server.RaftServerConfigKeys (ConfUtils.java:logGet(43)) - raft.server.watch.element-limit = 65536 (default)
2019-07-14 16:18:08,530 INFO  impl.RoleInfo (RoleInfo.java:updateAndGet(143)) - f0a9349c-3e22-4213-b0f9-e23551c0fd60: start LeaderState
2019-07-14 16:18:08,531 INFO  segmented.SegmentedRaftLogWorker (SegmentedRaftLogWorker.java:startLogSegment(380)) - f0a9349c-3e22-4213-b0f9-e23551c0fd60-SegmentedRaftLogWorker:Storage Directory /workdir/hadoop-ozone/integration-test/target/test-dir/MiniOzoneClusterImpl-60d218f0-a306-42c2-bb5c-6916a11a9da3/datanode-5/data/ratis/9eaf7544-4a85-44e8-9439-27ef4aa67975: Starting segment from index:0
2019-07-14 16:18:08,531 INFO  impl.RaftServerImpl (ServerState.java:setRaftConf(361)) - f0a9349c-3e22-4213-b0f9-e23551c0fd60:group-27EF4AA67975 set configuration 0: [f0a9349c-3e22-4213-b0f9-e23551c0fd60:192.168.69.77:41072], old=null at 0
2019-07-14 16:18:08,561 INFO  impl.FollowerState (FollowerState.java:run(106)) - f0a9349c-3e22-4213-b0f9-e23551c0fd60:group-0292830C1C66 changes to CANDIDATE, lastRpcTime:5051, electionTimeout:5037ms
2019-07-14 16:18:08,561 INFO  impl.RoleInfo (RoleInfo.java:shutdownFollowerState(121)) - f0a9349c-3e22-4213-b0f9-e23551c0fd60: shutdown FollowerState
2019-07-14 16:18:08,561 INFO  impl.RaftServerImpl (RaftServerImpl.java:setRole(171)) - f0a9349c-3e22-4213-b0f9-e23551c0fd60:group-0292830C1C66 changes role from FOLLOWER to CANDIDATE at term 0 for changeToCandidate
2019-07-14 16:18:08,561 INFO  impl.RoleInfo (RoleInfo.java:updateAndGet(143)) - f0a9349c-3e22-4213-b0f9-e23551c0fd60: start LeaderElection
2019-07-14 16:18:08,573 INFO  impl.FollowerState (FollowerState.java:run(106)) - a7e8ad0b-9330-4266-8ecd-e057ec954ce9:group-0292830C1C66 changes to CANDIDATE, lastRpcTime:5058, electionTimeout:5058ms
2019-07-14 16:18:08,573 INFO  impl.RoleInfo (RoleInfo.java:shutdownFollowerState(121)) - a7e8ad0b-9330-4266-8ecd-e057ec954ce9: shutdown FollowerState
2019-07-14 16:18:08,573 INFO  impl.RaftServerImpl (RaftServerImpl.java:setRole(171)) - a7e8ad0b-9330-4266-8ecd-e057ec954ce9:group-0292830C1C66 changes role from FOLLOWER to CANDIDATE at term 0 for changeToCandidate
2019-07-14 16:18:08,573 INFO  impl.RoleInfo (RoleInfo.java:updateAndGet(143)) - a7e8ad0b-9330-4266-8ecd-e057ec954ce9: start LeaderElection
2019-07-14 16:18:08,574 INFO  segmented.SegmentedRaftLogWorker (SegmentedRaftLogWorker.java:execute(569)) - f0a9349c-3e22-4213-b0f9-e23551c0fd60-SegmentedRaftLogWorker:Storage Directory /workdir/hadoop-ozone/integration-test/target/test-dir/MiniOzoneClusterImpl-60d218f0-a306-42c2-bb5c-6916a11a9da3/datanode-5/data/ratis/9eaf7544-4a85-44e8-9439-27ef4aa67975: created new log segment /workdir/hadoop-ozone/integration-test/target/test-dir/MiniOzoneClusterImpl-60d218f0-a306-42c2-bb5c-6916a11a9da3/datanode-5/data/ratis/9eaf7544-4a85-44e8-9439-27ef4aa67975/current/log_inprogress_0
2019-07-14 16:18:08,611 INFO  impl.LeaderElection (LeaderElection.java:askForVotes(181)) - a7e8ad0b-9330-4266-8ecd-e057ec954ce9:group-0292830C1C66:LeaderElection77: begin an election at term 1 for -1: [1fb9086d-e901-4d1c-ba49-f04b58e2d455:192.168.69.77:44142, f0a9349c-3e22-4213-b0f9-e23551c0fd60:192.168.69.77:41072, a7e8ad0b-9330-4266-8ecd-e057ec954ce9:192.168.69.77:42183], old=null
2019-07-14 16:18:08,611 INFO  impl.LeaderElection (LeaderElection.java:askForVotes(181)) - f0a9349c-3e22-4213-b0f9-e23551c0fd60:group-0292830C1C66:LeaderElection76: begin an election at term 1 for -1: [1fb9086d-e901-4d1c-ba49-f04b58e2d455:192.168.69.77:44142, f0a9349c-3e22-4213-b0f9-e23551c0fd60:192.168.69.77:41072, a7e8ad0b-9330-4266-8ecd-e057ec954ce9:192.168.69.77:42183], old=null
2019-07-14 16:18:08,634 INFO  client.GrpcClientProtocolClient (GrpcClientProtocolClient.java:onNext(255)) - client-FB376621154D->5da6f978-c976-4dad-92a3-94bec5a05bbd: receive RaftClientReply:client-FB376621154D->5da6f978-c976-4dad-92a3-94bec5a05bbd@group-6C193D126E87, cid=141, SUCCESS, logIndex=9, commits[5da6f978-c976-4dad-92a3-94bec5a05bbd:c10, 172c9306-f167-47ab-bf06-fbd58e539972:c8, 812bc747-170e-4a16-ad0c-247a093afae5:c8]
2019-07-14 16:18:08,636 INFO  client.GrpcClientProtocolClient (GrpcClientProtocolClient.java:onNext(255)) - client-FB376621154D->5da6f978-c976-4dad-92a3-94bec5a05bbd: receive RaftClientReply:client-FB376621154D->5da6f978-c976-4dad-92a3-94bec5a05bbd@group-6C193D126E87, cid=142, SUCCESS, logIndex=10, commits[5da6f978-c976-4dad-92a3-94bec5a05bbd:c12, 172c9306-f167-47ab-bf06-fbd58e539972:c8, 812bc747-170e-4a16-ad0c-247a093afae5:c8]
2019-07-14 16:18:08,660 INFO  impl.FollowerState (FollowerState.java:run(106)) - 1fb9086d-e901-4d1c-ba49-f04b58e2d455:group-0292830C1C66 changes to CANDIDATE, lastRpcTime:5146, electionTimeout:5140ms
2019-07-14 16:18:08,660 INFO  impl.RoleInfo (RoleInfo.java:shutdownFollowerState(121)) - 1fb9086d-e901-4d1c-ba49-f04b58e2d455: shutdown FollowerState
2019-07-14 16:18:08,660 INFO  impl.RaftServerImpl (RaftServerImpl.java:setRole(171)) - 1fb9086d-e901-4d1c-ba49-f04b58e2d455:group-0292830C1C66 changes role from FOLLOWER to CANDIDATE at term 0 for changeToCandidate
2019-07-14 16:18:08,660 INFO  impl.RoleInfo (RoleInfo.java:updateAndGet(143)) - 1fb9086d-e901-4d1c-ba49-f04b58e2d455: start LeaderElection
2019-07-14 16:18:08,683 INFO  impl.RaftServerImpl (RaftServerImpl.java:setRole(171)) - 1fb9086d-e901-4d1c-ba49-f04b58e2d455:group-0292830C1C66 changes role from CANDIDATE to FOLLOWER at term 1 for recognizeCandidate:f0a9349c-3e22-4213-b0f9-e23551c0fd60
2019-07-14 16:18:08,683 INFO  client.GrpcClientProtocolClient (GrpcClientProtocolClient.java:onNext(255)) - client-FB376621154D->5da6f978-c976-4dad-92a3-94bec5a05bbd: receive RaftClientReply:client-FB376621154D->5da6f978-c976-4dad-92a3-94bec5a05bbd@group-6C193D126E87, cid=143, SUCCESS, logIndex=11, commits[5da6f978-c976-4dad-92a3-94bec5a05bbd:c13, 172c9306-f167-47ab-bf06-fbd58e539972:c8, 812bc747-170e-4a16-ad0c-247a093afae5:c9]
2019-07-14 16:18:08,683 INFO  impl.RoleInfo (RoleInfo.java:shutdownLeaderElection(134)) - 1fb9086d-e901-4d1c-ba49-f04b58e2d455: shutdown LeaderElection
2019-07-14 16:18:08,723 INFO  impl.RoleInfo (RoleInfo.java:updateAndGet(143)) - 1fb9086d-e901-4d1c-ba49-f04b58e2d455: start FollowerState
2019-07-14 16:18:08,724 INFO  client.GrpcClientProtocolClient (GrpcClientProtocolClient.java:onNext(255)) - client-FB376621154D->5da6f978-c976-4dad-92a3-94bec5a05bbd: receive RaftClientReply:client-FB376621154D->5da6f978-c976-4dad-92a3-94bec5a05bbd@group-6C193D126E87, cid=144, SUCCESS, logIndex=12, commits[5da6f978-c976-4dad-92a3-94bec5a05bbd:c13, 172c9306-f167-47ab-bf06-fbd58e539972:c8, 812bc747-170e-4a16-ad0c-247a093afae5:c9]
2019-07-14 16:18:08,736 INFO  client.GrpcClientProtocolClient (GrpcClientProtocolClient.java:onNext(255)) - client-FB376621154D->5da6f978-c976-4dad-92a3-94bec5a05bbd: receive RaftClientReply:client-FB376621154D->5da6f978-c976-4dad-92a3-94bec5a05bbd@group-6C193D126E87, cid=145, SUCCESS, logIndex=0, commits[5da6f978-c976-4dad-92a3-94bec5a05bbd:c15, 172c9306-f167-47ab-bf06-fbd58e539972:c12, 812bc747-170e-4a16-ad0c-247a093afae5:c12]
2019-07-14 16:18:08,738 INFO  client.GrpcClientProtocolClient (GrpcClientProtocolClient.java:onNext(255)) - client-FB376621154D->5da6f978-c976-4dad-92a3-94bec5a05bbd: receive RaftClientReply:client-FB376621154D->5da6f978-c976-4dad-92a3-94bec5a05bbd@group-6C193D126E87, cid=146, SUCCESS, logIndex=0, commits[5da6f978-c976-4dad-92a3-94bec5a05bbd:c15, 172c9306-f167-47ab-bf06-fbd58e539972:c12, 812bc747-170e-4a16-ad0c-247a093afae5:c12]
2019-07-14 16:18:08,738 INFO  impl.RaftServerImpl (RaftServerImpl.java:setRole(171)) - 1fb9086d-e901-4d1c-ba49-f04b58e2d455:group-0292830C1C66 changes role from FOLLOWER to FOLLOWER at term 1 for recognizeCandidate:a7e8ad0b-9330-4266-8ecd-e057ec954ce9
2019-07-14 16:18:08,738 INFO  impl.RoleInfo (RoleInfo.java:shutdownFollowerState(121)) - 1fb9086d-e901-4d1c-ba49-f04b58e2d455: shutdown FollowerState
2019-07-14 16:18:08,738 INFO  impl.RoleInfo (RoleInfo.java:updateAndGet(143)) - 1fb9086d-e901-4d1c-ba49-f04b58e2d455: start FollowerState
2019-07-14 16:18:08,739 INFO  impl.LeaderElection (LeaderElection.java:logAndReturn(56)) - f0a9349c-3e22-4213-b0f9-e23551c0fd60:group-0292830C1C66:LeaderElection76: Election REJECTED; received 2 response(s) [f0a9349c-3e22-4213-b0f9-e23551c0fd60<-1fb9086d-e901-4d1c-ba49-f04b58e2d455#0:FAIL-t1, f0a9349c-3e22-4213-b0f9-e23551c0fd60<-a7e8ad0b-9330-4266-8ecd-e057ec954ce9#0:FAIL-t1] and 0 exception(s); f0a9349c-3e22-4213-b0f9-e23551c0fd60:t1, leader=null, voted=f0a9349c-3e22-4213-b0f9-e23551c0fd60, raftlog=f0a9349c-3e22-4213-b0f9-e23551c0fd60-SegmentedRaftLog:OPENED:c-1,f-1,i0, conf=-1: [1fb9086d-e901-4d1c-ba49-f04b58e2d455:192.168.69.77:44142, f0a9349c-3e22-4213-b0f9-e23551c0fd60:192.168.69.77:41072, a7e8ad0b-9330-4266-8ecd-e057ec954ce9:192.168.69.77:42183], old=null
2019-07-14 16:18:08,738 INFO  impl.FollowerState (FollowerState.java:run(114)) - 1fb9086d-e901-4d1c-ba49-f04b58e2d455: FollowerState was interrupted: java.lang.InterruptedException: sleep interrupted
2019-07-14 16:18:08,739 INFO  impl.RaftServerImpl (RaftServerImpl.java:setRole(171)) - f0a9349c-3e22-4213-b0f9-e23551c0fd60:group-0292830C1C66 changes role from CANDIDATE to FOLLOWER at term 1 for DISCOVERED_A_NEW_TERM
2019-07-14 16:18:08,746 INFO  impl.RoleInfo (RoleInfo.java:shutdownLeaderElection(134)) - f0a9349c-3e22-4213-b0f9-e23551c0fd60: shutdown LeaderElection
2019-07-14 16:18:08,746 INFO  impl.RoleInfo (RoleInfo.java:updateAndGet(143)) - f0a9349c-3e22-4213-b0f9-e23551c0fd60: start FollowerState
2019-07-14 16:18:08,755 INFO  datanode.ObjectStoreHandler (ObjectStoreHandler.java:close(155)) - Closing ObjectStoreHandler.
2019-07-14 16:18:08,756 INFO  ozone.HddsDatanodeService (HddsDatanodeService.java:stop(452)) - Stopped plug-in org.apache.hadoop.ozone.web.OzoneHddsDatanodeService@37e99c0f
2019-07-14 16:18:08,758 INFO  keyvalue.KeyValueHandler (ContainerUtils.java:logAndReturnError(146)) - Operation: CreateContainer : Trace ID: a3f33c0dba35226f:a3f33c0dba35226f:0:0 : Message: Container creation failed, due to disk out of space : Result: DISK_OUT_OF_SPACE
16:18:08.759 [pool-905-thread-13] ERROR DNAudit - user=null | ip=null | op=WRITE_CHUNK {blockData=conID: 3 locID: 102440703672254490 bcsId: 0} | ret=FAILURE
org.apache.hadoop.hdds.scm.container.common.helpers.StorageContainerException: ContainerID 3 creation failed
	at org.apache.hadoop.ozone.container.common.impl.HddsDispatcher.dispatchRequest(HddsDispatcher.java:227) ~[hadoop-hdds-container-service-0.5.0-SNAPSHOT.jar:?]
	at org.apache.hadoop.ozone.container.common.impl.HddsDispatcher.dispatch(HddsDispatcher.java:148) ~[hadoop-hdds-container-service-0.5.0-SNAPSHOT.jar:?]
	at org.apache.hadoop.ozone.container.common.transport.server.ratis.ContainerStateMachine.dispatchCommand(ContainerStateMachine.java:357) ~[hadoop-hdds-container-service-0.5.0-SNAPSHOT.jar:?]
	at org.apache.hadoop.ozone.container.common.transport.server.ratis.ContainerStateMachine.runCommand(ContainerStateMachine.java:364) ~[hadoop-hdds-container-service-0.5.0-SNAPSHOT.jar:?]
	at org.apache.hadoop.ozone.container.common.transport.server.ratis.ContainerStateMachine.lambda$handleWriteChunk$0(ContainerStateMachine.java:395) ~[hadoop-hdds-container-service-0.5.0-SNAPSHOT.jar:?]
	at java.util.concurrent.CompletableFuture$AsyncSupply.run(CompletableFuture.java:1590) [?:1.8.0_212]
	at java.util.concurrent.ThreadPoolExecutor.runWorker(ThreadPoolExecutor.java:1149) [?:1.8.0_212]
	at java.util.concurrent.ThreadPoolExecutor$Worker.run(ThreadPoolExecutor.java:624) [?:1.8.0_212]
	at java.lang.Thread.run(Thread.java:748) [?:1.8.0_212]
2019-07-14 16:18:08,760 INFO  impl.HddsDispatcher (ContainerUtils.java:logAndReturnError(146)) - Operation: WriteChunk : Trace ID: a3f33c0dba35226f:a3f33c0dba35226f:0:0 : Message: ContainerID 3 creation failed : Result: DISK_OUT_OF_SPACE
2019-07-14 16:18:08,762 INFO  keyvalue.KeyValueHandler (ContainerUtils.java:logAndReturnError(146)) - Operation: CreateContainer : Trace ID: a3f33c0dba35226f:a3f33c0dba35226f:0:0 : Message: Container creation failed, due to disk out of space : Result: DISK_OUT_OF_SPACE
2019-07-14 16:18:08,763 INFO  keyvalue.KeyValueHandler (ContainerUtils.java:logAndReturnError(146)) - Operation: CreateContainer : Trace ID: a3f33c0dba35226f:a3f33c0dba35226f:0:0 : Message: Container creation failed, due to disk out of space : Result: DISK_OUT_OF_SPACE
16:18:08.763 [pool-926-thread-5] ERROR DNAudit - user=null | ip=null | op=WRITE_CHUNK {blockData=conID: 3 locID: 102440703672254490 bcsId: 0} | ret=FAILURE
org.apache.hadoop.hdds.scm.container.common.helpers.StorageContainerException: ContainerID 3 creation failed
	at org.apache.hadoop.ozone.container.common.impl.HddsDispatcher.dispatchRequest(HddsDispatcher.java:227) ~[hadoop-hdds-container-service-0.5.0-SNAPSHOT.jar:?]
	at org.apache.hadoop.ozone.container.common.impl.HddsDispatcher.dispatch(HddsDispatcher.java:148) ~[hadoop-hdds-container-service-0.5.0-SNAPSHOT.jar:?]
	at org.apache.hadoop.ozone.container.common.transport.server.ratis.ContainerStateMachine.dispatchCommand(ContainerStateMachine.java:357) ~[hadoop-hdds-container-service-0.5.0-SNAPSHOT.jar:?]
	at org.apache.hadoop.ozone.container.common.transport.server.ratis.ContainerStateMachine.runCommand(ContainerStateMachine.java:364) ~[hadoop-hdds-container-service-0.5.0-SNAPSHOT.jar:?]
	at org.apache.hadoop.ozone.container.common.transport.server.ratis.ContainerStateMachine.lambda$handleWriteChunk$0(ContainerStateMachine.java:395) ~[hadoop-hdds-container-service-0.5.0-SNAPSHOT.jar:?]
	at java.util.concurrent.CompletableFuture$AsyncSupply.run(CompletableFuture.java:1590) [?:1.8.0_212]
	at java.util.concurrent.ThreadPoolExecutor.runWorker(ThreadPoolExecutor.java:1149) [?:1.8.0_212]
	at java.util.concurrent.ThreadPoolExecutor$Worker.run(ThreadPoolExecutor.java:624) [?:1.8.0_212]
	at java.lang.Thread.run(Thread.java:748) [?:1.8.0_212]
2019-07-14 16:18:08,763 INFO  impl.HddsDispatcher (ContainerUtils.java:logAndReturnError(146)) - Operation: WriteChunk : Trace ID: a3f33c0dba35226f:a3f33c0dba35226f:0:0 : Message: ContainerID 3 creation failed : Result: DISK_OUT_OF_SPACE
16:18:08.763 [pool-947-thread-5] ERROR DNAudit - user=null | ip=null | op=WRITE_CHUNK {blockData=conID: 3 locID: 102440703672254490 bcsId: 0} | ret=FAILURE
org.apache.hadoop.hdds.scm.container.common.helpers.StorageContainerException: ContainerID 3 creation failed
	at org.apache.hadoop.ozone.container.common.impl.HddsDispatcher.dispatchRequest(HddsDispatcher.java:227) ~[hadoop-hdds-container-service-0.5.0-SNAPSHOT.jar:?]
	at org.apache.hadoop.ozone.container.common.impl.HddsDispatcher.dispatch(HddsDispatcher.java:148) ~[hadoop-hdds-container-service-0.5.0-SNAPSHOT.jar:?]
	at org.apache.hadoop.ozone.container.common.transport.server.ratis.ContainerStateMachine.dispatchCommand(ContainerStateMachine.java:357) ~[hadoop-hdds-container-service-0.5.0-SNAPSHOT.jar:?]
	at org.apache.hadoop.ozone.container.common.transport.server.ratis.ContainerStateMachine.runCommand(ContainerStateMachine.java:364) ~[hadoop-hdds-container-service-0.5.0-SNAPSHOT.jar:?]
	at org.apache.hadoop.ozone.container.common.transport.server.ratis.ContainerStateMachine.lambda$handleWriteChunk$0(ContainerStateMachine.java:395) ~[hadoop-hdds-container-service-0.5.0-SNAPSHOT.jar:?]
	at java.util.concurrent.CompletableFuture$AsyncSupply.run(CompletableFuture.java:1590) [?:1.8.0_212]
	at java.util.concurrent.ThreadPoolExecutor.runWorker(ThreadPoolExecutor.java:1149) [?:1.8.0_212]
	at java.util.concurrent.ThreadPoolExecutor$Worker.run(ThreadPoolExecutor.java:624) [?:1.8.0_212]
	at java.lang.Thread.run(Thread.java:748) [?:1.8.0_212]
2019-07-14 16:18:08,764 INFO  impl.HddsDispatcher (ContainerUtils.java:logAndReturnError(146)) - Operation: WriteChunk : Trace ID: a3f33c0dba35226f:a3f33c0dba35226f:0:0 : Message: ContainerID 3 creation failed : Result: DISK_OUT_OF_SPACE
2019-07-14 16:18:08,781 INFO  impl.LeaderElection (LeaderElection.java:logAndReturn(56)) - a7e8ad0b-9330-4266-8ecd-e057ec954ce9:group-0292830C1C66:LeaderElection77: Election PASSED; received 2 response(s) [a7e8ad0b-9330-4266-8ecd-e057ec954ce9<-1fb9086d-e901-4d1c-ba49-f04b58e2d455#0:OK-t1, a7e8ad0b-9330-4266-8ecd-e057ec954ce9<-f0a9349c-3e22-4213-b0f9-e23551c0fd60#0:FAIL-t1] and 0 exception(s); a7e8ad0b-9330-4266-8ecd-e057ec954ce9:t1, leader=null, voted=a7e8ad0b-9330-4266-8ecd-e057ec954ce9, raftlog=a7e8ad0b-9330-4266-8ecd-e057ec954ce9-SegmentedRaftLog:OPENED:c-1,f-1,i0, conf=-1: [1fb9086d-e901-4d1c-ba49-f04b58e2d455:192.168.69.77:44142, f0a9349c-3e22-4213-b0f9-e23551c0fd60:192.168.69.77:41072, a7e8ad0b-9330-4266-8ecd-e057ec954ce9:192.168.69.77:42183], old=null
2019-07-14 16:18:08,781 INFO  impl.RoleInfo (RoleInfo.java:shutdownLeaderElection(134)) - a7e8ad0b-9330-4266-8ecd-e057ec954ce9: shutdown LeaderElection
2019-07-14 16:18:08,781 INFO  impl.RaftServerImpl (RaftServerImpl.java:setRole(171)) - a7e8ad0b-9330-4266-8ecd-e057ec954ce9:group-0292830C1C66 changes role from CANDIDATE to LEADER at term 1 for changeToLeader
2019-07-14 16:18:08,781 INFO  impl.RaftServerImpl (ServerState.java:setLeader(263)) - a7e8ad0b-9330-4266-8ecd-e057ec954ce9:group-0292830C1C66 change Leader from null to a7e8ad0b-9330-4266-8ecd-e057ec954ce9 at term 1 for becomeLeader, leader elected after 5279ms
2019-07-14 16:18:08,781 INFO  server.RaftServerConfigKeys (ConfUtils.java:logGet(43)) - raft.server.staging.catchup.gap = 1000 (default)
16:18:08.781 [pool-909-thread-1] ERROR DNAudit - user=null | ip=null | op=WRITE_CHUNK {blockData=conID: 3 locID: 102440703672254490 bcsId: 0} | ret=FAILURE
org.apache.hadoop.hdds.scm.container.common.helpers.StorageContainerException: ContainerID 3 does not exist
	at org.apache.hadoop.ozone.container.common.impl.HddsDispatcher.dispatchRequest(HddsDispatcher.java:242) ~[hadoop-hdds-container-service-0.5.0-SNAPSHOT.jar:?]
	at org.apache.hadoop.ozone.container.common.impl.HddsDispatcher.dispatch(HddsDispatcher.java:148) ~[hadoop-hdds-container-service-0.5.0-SNAPSHOT.jar:?]
	at org.apache.hadoop.ozone.container.common.transport.server.ratis.ContainerStateMachine.dispatchCommand(ContainerStateMachine.java:357) ~[hadoop-hdds-container-service-0.5.0-SNAPSHOT.jar:?]
	at org.apache.hadoop.ozone.container.common.transport.server.ratis.ContainerStateMachine.runCommand(ContainerStateMachine.java:364) ~[hadoop-hdds-container-service-0.5.0-SNAPSHOT.jar:?]
	at org.apache.hadoop.ozone.container.common.transport.server.ratis.ContainerStateMachine.lambda$applyTransaction$5(ContainerStateMachine.java:630) ~[hadoop-hdds-container-service-0.5.0-SNAPSHOT.jar:?]
	at java.util.concurrent.CompletableFuture$AsyncSupply.run(CompletableFuture.java:1590) [?:1.8.0_212]
	at java.util.concurrent.ThreadPoolExecutor.runWorker(ThreadPoolExecutor.java:1149) [?:1.8.0_212]
	at java.util.concurrent.ThreadPoolExecutor$Worker.run(ThreadPoolExecutor.java:624) [?:1.8.0_212]
	at java.lang.Thread.run(Thread.java:748) [?:1.8.0_212]
2019-07-14 16:18:08,781 INFO  server.RaftServerConfigKeys (ConfUtils.java:logGet(43)) - raft.server.rpc.sleep.time = 25ms (default)
2019-07-14 16:18:08,782 INFO  impl.HddsDispatcher (ContainerUtils.java:logAndReturnError(146)) - Operation: WriteChunk : Trace ID: a3f33c0dba35226f:a3f33c0dba35226f:0:0 : Message: ContainerID 3 does not exist : Result: CONTAINER_NOT_FOUND
2019-07-14 16:18:08,782 INFO  server.RaftServerConfigKeys (ConfUtils.java:logGet(43)) - raft.server.write.element-limit = 4096 (default)
2019-07-14 16:18:08,782 INFO  server.RaftServerConfigKeys (ConfUtils.java:logGet(43)) - raft.server.watch.timeout = 10s (default)
2019-07-14 16:18:08,782 INFO  server.RaftServerConfigKeys (ConfUtils.java:logGet(43)) - raft.server.watch.timeout.denomination = 1s (default)
2019-07-14 16:18:08,782 INFO  server.RaftServerConfigKeys (ConfUtils.java:logGet(43)) - raft.server.watch.element-limit = 65536 (default)
2019-07-14 16:18:08,783 INFO  server.RaftServerConfigKeys (ConfUtils.java:logGet(43)) - raft.server.log.appender.snapshot.chunk.size.max = 16MB (=16777216) (default)
16:18:08.782 [pool-909-thread-1] ERROR DNAudit - user=null | ip=null | op=PUT_BLOCK {blockData=[blockId=conID: 3 locID: 102440703672254490 bcsId: 0,size=1048576]} | ret=FAILURE
org.apache.hadoop.hdds.scm.container.common.helpers.StorageContainerException: ContainerID 3 does not exist
	at org.apache.hadoop.ozone.container.common.impl.HddsDispatcher.dispatchRequest(HddsDispatcher.java:242) ~[hadoop-hdds-container-service-0.5.0-SNAPSHOT.jar:?]
	at org.apache.hadoop.ozone.container.common.impl.HddsDispatcher.dispatch(HddsDispatcher.java:148) ~[hadoop-hdds-container-service-0.5.0-SNAPSHOT.jar:?]
	at org.apache.hadoop.ozone.container.common.transport.server.ratis.ContainerStateMachine.dispatchCommand(ContainerStateMachine.java:357) ~[hadoop-hdds-container-service-0.5.0-SNAPSHOT.jar:?]
	at org.apache.hadoop.ozone.container.common.transport.server.ratis.ContainerStateMachine.runCommand(ContainerStateMachine.java:364) ~[hadoop-hdds-container-service-0.5.0-SNAPSHOT.jar:?]
	at org.apache.hadoop.ozone.container.common.transport.server.ratis.ContainerStateMachine.lambda$applyTransaction$5(ContainerStateMachine.java:630) ~[hadoop-hdds-container-service-0.5.0-SNAPSHOT.jar:?]
	at java.util.concurrent.CompletableFuture$AsyncSupply.run(CompletableFuture.java:1590) [?:1.8.0_212]
	at java.util.concurrent.ThreadPoolExecutor.runWorker(ThreadPoolExecutor.java:1149) [?:1.8.0_212]
	at java.util.concurrent.ThreadPoolExecutor$Worker.run(ThreadPoolExecutor.java:624) [?:1.8.0_212]
	at java.lang.Thread.run(Thread.java:748) [?:1.8.0_212]
2019-07-14 16:18:08,783 INFO  server.RaftServerConfigKeys (ConfUtils.java:logGet(43)) - raft.server.log.appender.buffer.byte-limit = 33554432 (custom)
2019-07-14 16:18:08,783 INFO  impl.HddsDispatcher (ContainerUtils.java:logAndReturnError(146)) - Operation: PutBlock : Trace ID: 5776f062d4e99da:5776f062d4e99da:0:0 : Message: ContainerID 3 does not exist : Result: CONTAINER_NOT_FOUND
2019-07-14 16:18:08,783 INFO  client.GrpcClientProtocolClient (GrpcClientProtocolClient.java:onNext(255)) - client-FB376621154D->5da6f978-c976-4dad-92a3-94bec5a05bbd: receive RaftClientReply:client-FB376621154D->5da6f978-c976-4dad-92a3-94bec5a05bbd@group-6C193D126E87, cid=147, SUCCESS, logIndex=16, commits[5da6f978-c976-4dad-92a3-94bec5a05bbd:c18, 172c9306-f167-47ab-bf06-fbd58e539972:c15, 812bc747-170e-4a16-ad0c-247a093afae5:c15]
2019-07-14 16:18:08,783 INFO  server.RaftServerConfigKeys (ConfUtils.java:logGet(43)) - raft.server.log.appender.buffer.element-limit = 1 (custom)
2019-07-14 16:18:08,784 INFO  impl.LeaderElection (LeaderElection.java:askForVotes(181)) - 1fb9086d-e901-4d1c-ba49-f04b58e2d455:group-0292830C1C66:LeaderElection78: begin an election at term 2 for -1: [1fb9086d-e901-4d1c-ba49-f04b58e2d455:192.168.69.77:44142, f0a9349c-3e22-4213-b0f9-e23551c0fd60:192.168.69.77:41072, a7e8ad0b-9330-4266-8ecd-e057ec954ce9:192.168.69.77:42183], old=null
2019-07-14 16:18:08,784 INFO  grpc.GrpcConfigKeys$Server (ConfUtils.java:logGet(43)) - raft.grpc.server.leader.outstanding.appends.max = 128 (default)
2019-07-14 16:18:08,784 INFO  server.RaftServerConfigKeys (ConfUtils.java:logGet(43)) - raft.server.rpc.request.timeout = 3000ms (default)
2019-07-14 16:18:08,784 INFO  client.GrpcClientProtocolClient (GrpcClientProtocolClient.java:onNext(255)) - client-FB376621154D->5da6f978-c976-4dad-92a3-94bec5a05bbd: receive RaftClientReply:client-FB376621154D->5da6f978-c976-4dad-92a3-94bec5a05bbd@group-6C193D126E87, cid=148, SUCCESS, logIndex=17, commits[5da6f978-c976-4dad-92a3-94bec5a05bbd:c19, 172c9306-f167-47ab-bf06-fbd58e539972:c15, 812bc747-170e-4a16-ad0c-247a093afae5:c15]
2019-07-14 16:18:08,784 ERROR storage.BlockOutputStream (BlockOutputStream.java:validateResponse(539)) - Unexpected Storage Container Exception: 
org.apache.hadoop.hdds.scm.container.common.helpers.StorageContainerException: ContainerID 3 does not exist
	at org.apache.hadoop.hdds.scm.storage.ContainerProtocolCalls.validateContainerResponse(ContainerProtocolCalls.java:536)
	at org.apache.hadoop.hdds.scm.storage.BlockOutputStream.validateResponse(BlockOutputStream.java:537)
	at org.apache.hadoop.hdds.scm.storage.BlockOutputStream.lambda$writeChunkToContainer$2(BlockOutputStream.java:615)
	at java.util.concurrent.CompletableFuture.uniApply(CompletableFuture.java:602)
	at java.util.concurrent.CompletableFuture$UniApply.tryFire(CompletableFuture.java:577)
	at java.util.concurrent.CompletableFuture$Completion.run(CompletableFuture.java:442)
	at java.util.concurrent.ThreadPoolExecutor.runWorker(ThreadPoolExecutor.java:1149)
	at java.util.concurrent.ThreadPoolExecutor$Worker.run(ThreadPoolExecutor.java:624)
	at java.lang.Thread.run(Thread.java:748)
2019-07-14 16:18:08,796 INFO  impl.LeaderElection (LeaderElection.java:logAndReturn(56)) - 1fb9086d-e901-4d1c-ba49-f04b58e2d455:group-0292830C1C66:LeaderElection78: Election REJECTED; received 0 response(s) [] and 0 exception(s); 1fb9086d-e901-4d1c-ba49-f04b58e2d455:t2, leader=null, voted=1fb9086d-e901-4d1c-ba49-f04b58e2d455, raftlog=1fb9086d-e901-4d1c-ba49-f04b58e2d455-SegmentedRaftLog:OPENED:c-1,f-1,i0, conf=-1: [1fb9086d-e901-4d1c-ba49-f04b58e2d455:192.168.69.77:44142, f0a9349c-3e22-4213-b0f9-e23551c0fd60:192.168.69.77:41072, a7e8ad0b-9330-4266-8ecd-e057ec954ce9:192.168.69.77:42183], old=null
2019-07-14 16:18:08,795 INFO  server.RaftServerConfigKeys (ConfUtils.java:logGet(43)) - raft.server.log.appender.install.snapshot.enabled = false (custom)
2019-07-14 16:18:08,796 INFO  server.RaftServerConfigKeys (ConfUtils.java:logGet(43)) - raft.server.log.appender.snapshot.chunk.size.max = 16MB (=16777216) (default)
2019-07-14 16:18:08,797 INFO  server.RaftServerConfigKeys (ConfUtils.java:logGet(43)) - raft.server.log.appender.buffer.byte-limit = 33554432 (custom)
2019-07-14 16:18:08,797 INFO  server.RaftServerConfigKeys (ConfUtils.java:logGet(43)) - raft.server.log.appender.buffer.element-limit = 1 (custom)
2019-07-14 16:18:08,797 INFO  grpc.GrpcConfigKeys$Server (ConfUtils.java:logGet(43)) - raft.grpc.server.leader.outstanding.appends.max = 128 (default)
2019-07-14 16:18:08,797 INFO  server.RaftServerConfigKeys (ConfUtils.java:logGet(43)) - raft.server.rpc.request.timeout = 3000ms (default)
2019-07-14 16:18:08,798 INFO  server.RaftServerConfigKeys (ConfUtils.java:logGet(43)) - raft.server.log.appender.install.snapshot.enabled = false (custom)
2019-07-14 16:18:08,798 INFO  impl.RoleInfo (RoleInfo.java:updateAndGet(143)) - a7e8ad0b-9330-4266-8ecd-e057ec954ce9: start LeaderState
2019-07-14 16:18:08,798 INFO  segmented.SegmentedRaftLogWorker (SegmentedRaftLogWorker.java:startLogSegment(380)) - a7e8ad0b-9330-4266-8ecd-e057ec954ce9-SegmentedRaftLogWorker:Storage Directory /workdir/hadoop-ozone/integration-test/target/test-dir/MiniOzoneClusterImpl-60d218f0-a306-42c2-bb5c-6916a11a9da3/datanode-3/data/ratis/e3b6fca2-8e81-473c-9218-0292830c1c66: Starting segment from index:0
2019-07-14 16:18:08,799 INFO  impl.RaftServerImpl (RaftServerImpl.java:setRole(171)) - f0a9349c-3e22-4213-b0f9-e23551c0fd60:group-0292830C1C66 changes role from FOLLOWER to FOLLOWER at term 2 for recognizeCandidate:1fb9086d-e901-4d1c-ba49-f04b58e2d455
2019-07-14 16:18:08,799 INFO  impl.RoleInfo (RoleInfo.java:shutdownFollowerState(121)) - f0a9349c-3e22-4213-b0f9-e23551c0fd60: shutdown FollowerState
2019-07-14 16:18:08,799 INFO  impl.RaftServerImpl (ServerState.java:setRaftConf(361)) - a7e8ad0b-9330-4266-8ecd-e057ec954ce9:group-0292830C1C66 set configuration 0: [1fb9086d-e901-4d1c-ba49-f04b58e2d455:192.168.69.77:44142, f0a9349c-3e22-4213-b0f9-e23551c0fd60:192.168.69.77:41072, a7e8ad0b-9330-4266-8ecd-e057ec954ce9:192.168.69.77:42183], old=null at 0
2019-07-14 16:18:08,799 INFO  impl.RoleInfo (RoleInfo.java:updateAndGet(143)) - f0a9349c-3e22-4213-b0f9-e23551c0fd60: start FollowerState
2019-07-14 16:18:08,799 INFO  impl.FollowerState (FollowerState.java:run(114)) - f0a9349c-3e22-4213-b0f9-e23551c0fd60: FollowerState was interrupted: java.lang.InterruptedException: sleep interrupted
2019-07-14 16:18:08,800 INFO  impl.RaftServerImpl (ServerState.java:setLeader(263)) - a7e8ad0b-9330-4266-8ecd-e057ec954ce9:group-0292830C1C66 change Leader from a7e8ad0b-9330-4266-8ecd-e057ec954ce9 to null at term 2 for updateCurrentTerm
2019-07-14 16:18:08,800 INFO  impl.RaftServerImpl (RaftServerImpl.java:setRole(171)) - a7e8ad0b-9330-4266-8ecd-e057ec954ce9:group-0292830C1C66 changes role from LEADER to FOLLOWER at term 2 for recognizeCandidate:1fb9086d-e901-4d1c-ba49-f04b58e2d455
2019-07-14 16:18:08,800 INFO  impl.RoleInfo (RoleInfo.java:shutdownLeaderState(104)) - a7e8ad0b-9330-4266-8ecd-e057ec954ce9: shutdown LeaderState
2019-07-14 16:18:08,837 INFO  impl.PendingRequests (PendingRequests.java:sendNotLeaderResponses(202)) - a7e8ad0b-9330-4266-8ecd-e057ec954ce9-PendingRequests: sendNotLeaderResponses
2019-07-14 16:18:08,837 WARN  server.GrpcLogAppender (GrpcLogAppender.java:mayWait(143)) - GrpcLogAppender(a7e8ad0b-9330-4266-8ecd-e057ec954ce9->f0a9349c-3e22-4213-b0f9-e23551c0fd60): Wait interrupted by java.lang.InterruptedException
2019-07-14 16:18:08,837 INFO  impl.RoleInfo (RoleInfo.java:updateAndGet(143)) - a7e8ad0b-9330-4266-8ecd-e057ec954ce9: start FollowerState
2019-07-14 16:18:08,838 INFO  server.GrpcServerProtocolService (GrpcServerProtocolService.java:onCompleted(104)) - 1fb9086d-e901-4d1c-ba49-f04b58e2d455: appendEntries completed
2019-07-14 16:18:08,851 INFO  segmented.SegmentedRaftLogWorker (SegmentedRaftLogWorker.java:execute(569)) - a7e8ad0b-9330-4266-8ecd-e057ec954ce9-SegmentedRaftLogWorker:Storage Directory /workdir/hadoop-ozone/integration-test/target/test-dir/MiniOzoneClusterImpl-60d218f0-a306-42c2-bb5c-6916a11a9da3/datanode-3/data/ratis/e3b6fca2-8e81-473c-9218-0292830c1c66: created new log segment /workdir/hadoop-ozone/integration-test/target/test-dir/MiniOzoneClusterImpl-60d218f0-a306-42c2-bb5c-6916a11a9da3/datanode-3/data/ratis/e3b6fca2-8e81-473c-9218-0292830c1c66/current/log_inprogress_0
2019-07-14 16:18:08,888 INFO  server.GrpcServerProtocolService (GrpcServerProtocolService.java:onCompleted(104)) - f0a9349c-3e22-4213-b0f9-e23551c0fd60: appendEntries completed
2019-07-14 16:18:08,887 INFO  server.GrpcLogAppender (GrpcLogAppender.java:onCompleted(292)) - a7e8ad0b-9330-4266-8ecd-e057ec954ce9->1fb9086d-e901-4d1c-ba49-f04b58e2d455: follower responses appendEntries COMPLETED
2019-07-14 16:18:08,888 INFO  impl.FollowerInfo (FollowerInfo.java:lambda$new$0(50)) - a7e8ad0b-9330-4266-8ecd-e057ec954ce9->1fb9086d-e901-4d1c-ba49-f04b58e2d455: nextIndex: updateUnconditionally 0 -> 0
2019-07-14 16:18:08,889 INFO  server.GrpcLogAppender (GrpcLogAppender.java:onCompleted(292)) - a7e8ad0b-9330-4266-8ecd-e057ec954ce9->f0a9349c-3e22-4213-b0f9-e23551c0fd60: follower responses appendEntries COMPLETED
2019-07-14 16:18:08,889 INFO  impl.FollowerInfo (FollowerInfo.java:lambda$new$0(50)) - a7e8ad0b-9330-4266-8ecd-e057ec954ce9->f0a9349c-3e22-4213-b0f9-e23551c0fd60: nextIndex: updateUnconditionally 0 -> 0
2019-07-14 16:18:09,198 WARN  server.GrpcLogAppender (LogUtils.java:warn(134)) - d7574934-53ba-489d-8caa-ad6ea7b6c729->58e1bc26-88f4-4d48-ab6d-7461377ebc32: Failed appendEntries: org.apache.ratis.thirdparty.io.grpc.StatusRuntimeException: UNAVAILABLE: io exception
2019-07-14 16:18:09,198 INFO  impl.FollowerInfo (FollowerInfo.java:lambda$new$0(50)) - d7574934-53ba-489d-8caa-ad6ea7b6c729->58e1bc26-88f4-4d48-ab6d-7461377ebc32: nextIndex: updateUnconditionally 1 -> 0
2019-07-14 16:18:09,216 INFO  statemachine.DatanodeStateMachine (DatanodeStateMachine.java:lambda$startDaemon$0(350)) - Ozone container server started.
2019-07-14 16:18:09,219 WARN  server.GrpcLogAppender (LogUtils.java:warn(134)) - 5c3f8082-86fd-4ec8-83c5-19f28657242e->bde8c970-78a9-487e-beef-ecea974b9f52: Failed appendEntries: org.apache.ratis.thirdparty.io.grpc.StatusRuntimeException: UNAVAILABLE: io exception
2019-07-14 16:18:09,219 WARN  server.GrpcLogAppender (LogUtils.java:warn(134)) - 5c3f8082-86fd-4ec8-83c5-19f28657242e->c6caa481-fc39-4fa3-8faf-817af7fe412a: Failed appendEntries: org.apache.ratis.thirdparty.io.grpc.StatusRuntimeException: UNAVAILABLE: io exception
2019-07-14 16:18:09,219 INFO  impl.FollowerInfo (FollowerInfo.java:lambda$new$0(50)) - 5c3f8082-86fd-4ec8-83c5-19f28657242e->bde8c970-78a9-487e-beef-ecea974b9f52: nextIndex: updateUnconditionally 0 -> 0
2019-07-14 16:18:09,219 INFO  impl.FollowerInfo (FollowerInfo.java:lambda$new$0(50)) - 5c3f8082-86fd-4ec8-83c5-19f28657242e->c6caa481-fc39-4fa3-8faf-817af7fe412a: nextIndex: updateUnconditionally 0 -> 0
2019-07-14 16:18:11,307 INFO  node.StaleNodeHandler (StaleNodeHandler.java:onMessage(58)) - Datanode 172c9306-f167-47ab-bf06-fbd58e539972{ip: 192.168.69.77, host: pr-hdds-1710-5x6jb-1204890111, networkLocation: /default-rack, certSerialId: null} moved to stale state. Finalizing its pipelines [PipelineID=e673757f-6d23-4f8a-8075-7d549dc15874, PipelineID=b516fcf4-27bb-4af0-8ca9-6c193d126e87]
2019-07-14 16:18:11,308 INFO  pipeline.SCMPipelineManager (SCMPipelineManager.java:finalizeAndDestroyPipeline(309)) - destroying pipeline:Pipeline[ Id: e673757f-6d23-4f8a-8075-7d549dc15874, Nodes: 172c9306-f167-47ab-bf06-fbd58e539972{ip: 192.168.69.77, host: pr-hdds-1710-5x6jb-1204890111, networkLocation: /default-rack, certSerialId: null}, Type:RATIS, Factor:ONE, State:OPEN]
2019-07-14 16:18:11,308 INFO  pipeline.PipelineStateManager (PipelineStateManager.java:finalizePipeline(123)) - Pipeline Pipeline[ Id: e673757f-6d23-4f8a-8075-7d549dc15874, Nodes: 172c9306-f167-47ab-bf06-fbd58e539972{ip: 192.168.69.77, host: pr-hdds-1710-5x6jb-1204890111, networkLocation: /default-rack, certSerialId: null}, Type:RATIS, Factor:ONE, State:CLOSED] moved to CLOSED state
2019-07-14 16:18:11,308 INFO  pipeline.SCMPipelineManager (SCMPipelineManager.java:finalizeAndDestroyPipeline(309)) - destroying pipeline:Pipeline[ Id: b516fcf4-27bb-4af0-8ca9-6c193d126e87, Nodes: 172c9306-f167-47ab-bf06-fbd58e539972{ip: 192.168.69.77, host: pr-hdds-1710-5x6jb-1204890111, networkLocation: /default-rack, certSerialId: null}5da6f978-c976-4dad-92a3-94bec5a05bbd{ip: 192.168.69.77, host: pr-hdds-1710-5x6jb-1204890111, networkLocation: /default-rack, certSerialId: null}812bc747-170e-4a16-ad0c-247a093afae5{ip: 192.168.69.77, host: pr-hdds-1710-5x6jb-1204890111, networkLocation: /default-rack, certSerialId: null}, Type:RATIS, Factor:THREE, State:OPEN]
2019-07-14 16:18:11,308 INFO  pipeline.PipelineStateManager (PipelineStateManager.java:finalizePipeline(123)) - Pipeline Pipeline[ Id: b516fcf4-27bb-4af0-8ca9-6c193d126e87, Nodes: 172c9306-f167-47ab-bf06-fbd58e539972{ip: 192.168.69.77, host: pr-hdds-1710-5x6jb-1204890111, networkLocation: /default-rack, certSerialId: null}5da6f978-c976-4dad-92a3-94bec5a05bbd{ip: 192.168.69.77, host: pr-hdds-1710-5x6jb-1204890111, networkLocation: /default-rack, certSerialId: null}812bc747-170e-4a16-ad0c-247a093afae5{ip: 192.168.69.77, host: pr-hdds-1710-5x6jb-1204890111, networkLocation: /default-rack, certSerialId: null}, Type:RATIS, Factor:THREE, State:CLOSED] moved to CLOSED state
2019-07-14 16:18:11,309 INFO  container.CloseContainerEventHandler (CloseContainerEventHandler.java:onMessage(61)) - Close container Event triggered for container : #2
2019-07-14 16:18:11,310 INFO  container.CloseContainerEventHandler (CloseContainerEventHandler.java:onMessage(61)) - Close container Event triggered for container : #3
16:18:11.309 [pool-951-thread-1] ERROR DNAudit - user=null | ip=null | op=WRITE_CHUNK {blockData=conID: 3 locID: 102440703672254490 bcsId: 0} | ret=FAILURE
org.apache.hadoop.hdds.scm.container.common.helpers.StorageContainerException: ContainerID 3 does not exist
	at org.apache.hadoop.ozone.container.common.impl.HddsDispatcher.dispatchRequest(HddsDispatcher.java:242) ~[hadoop-hdds-container-service-0.5.0-SNAPSHOT.jar:?]
	at org.apache.hadoop.ozone.container.common.impl.HddsDispatcher.dispatch(HddsDispatcher.java:148) ~[hadoop-hdds-container-service-0.5.0-SNAPSHOT.jar:?]
	at org.apache.hadoop.ozone.container.common.transport.server.ratis.ContainerStateMachine.dispatchCommand(ContainerStateMachine.java:357) ~[hadoop-hdds-container-service-0.5.0-SNAPSHOT.jar:?]
	at org.apache.hadoop.ozone.container.common.transport.server.ratis.ContainerStateMachine.runCommand(ContainerStateMachine.java:364) ~[hadoop-hdds-container-service-0.5.0-SNAPSHOT.jar:?]
	at org.apache.hadoop.ozone.container.common.transport.server.ratis.ContainerStateMachine.lambda$applyTransaction$5(ContainerStateMachine.java:630) ~[hadoop-hdds-container-service-0.5.0-SNAPSHOT.jar:?]
	at java.util.concurrent.CompletableFuture$AsyncSupply.run(CompletableFuture.java:1590) [?:1.8.0_212]
	at java.util.concurrent.ThreadPoolExecutor.runWorker(ThreadPoolExecutor.java:1149) [?:1.8.0_212]
	at java.util.concurrent.ThreadPoolExecutor$Worker.run(ThreadPoolExecutor.java:624) [?:1.8.0_212]
	at java.lang.Thread.run(Thread.java:748) [?:1.8.0_212]
16:18:11.309 [pool-930-thread-1] ERROR DNAudit - user=null | ip=null | op=WRITE_CHUNK {blockData=conID: 3 locID: 102440703672254490 bcsId: 0} | ret=FAILURE
org.apache.hadoop.hdds.scm.container.common.helpers.StorageContainerException: ContainerID 3 does not exist
	at org.apache.hadoop.ozone.container.common.impl.HddsDispatcher.dispatchRequest(HddsDispatcher.java:242) ~[hadoop-hdds-container-service-0.5.0-SNAPSHOT.jar:?]
	at org.apache.hadoop.ozone.container.common.impl.HddsDispatcher.dispatch(HddsDispatcher.java:148) ~[hadoop-hdds-container-service-0.5.0-SNAPSHOT.jar:?]
	at org.apache.hadoop.ozone.container.common.transport.server.ratis.ContainerStateMachine.dispatchCommand(ContainerStateMachine.java:357) ~[hadoop-hdds-container-service-0.5.0-SNAPSHOT.jar:?]
	at org.apache.hadoop.ozone.container.common.transport.server.ratis.ContainerStateMachine.runCommand(ContainerStateMachine.java:364) ~[hadoop-hdds-container-service-0.5.0-SNAPSHOT.jar:?]
	at org.apache.hadoop.ozone.container.common.transport.server.ratis.ContainerStateMachine.lambda$applyTransaction$5(ContainerStateMachine.java:630) ~[hadoop-hdds-container-service-0.5.0-SNAPSHOT.jar:?]
	at java.util.concurrent.CompletableFuture$AsyncSupply.run(CompletableFuture.java:1590) [?:1.8.0_212]
	at java.util.concurrent.ThreadPoolExecutor.runWorker(ThreadPoolExecutor.java:1149) [?:1.8.0_212]
	at java.util.concurrent.ThreadPoolExecutor$Worker.run(ThreadPoolExecutor.java:624) [?:1.8.0_212]
	at java.lang.Thread.run(Thread.java:748) [?:1.8.0_212]
2019-07-14 16:18:11,310 INFO  impl.HddsDispatcher (ContainerUtils.java:logAndReturnError(146)) - Operation: WriteChunk : Trace ID: a3f33c0dba35226f:a3f33c0dba35226f:0:0 : Message: ContainerID 3 does not exist : Result: CONTAINER_NOT_FOUND
2019-07-14 16:18:11,310 INFO  impl.HddsDispatcher (ContainerUtils.java:logAndReturnError(146)) - Operation: WriteChunk : Trace ID: a3f33c0dba35226f:a3f33c0dba35226f:0:0 : Message: ContainerID 3 does not exist : Result: CONTAINER_NOT_FOUND
16:18:11.311 [pool-930-thread-1] ERROR DNAudit - user=null | ip=null | op=PUT_BLOCK {blockData=[blockId=conID: 3 locID: 102440703672254490 bcsId: 0,size=1048576]} | ret=FAILURE
org.apache.hadoop.hdds.scm.container.common.helpers.StorageContainerException: ContainerID 3 does not exist
	at org.apache.hadoop.ozone.container.common.impl.HddsDispatcher.dispatchRequest(HddsDispatcher.java:242) ~[hadoop-hdds-container-service-0.5.0-SNAPSHOT.jar:?]
	at org.apache.hadoop.ozone.container.common.impl.HddsDispatcher.dispatch(HddsDispatcher.java:148) ~[hadoop-hdds-container-service-0.5.0-SNAPSHOT.jar:?]
	at org.apache.hadoop.ozone.container.common.transport.server.ratis.ContainerStateMachine.dispatchCommand(ContainerStateMachine.java:357) ~[hadoop-hdds-container-service-0.5.0-SNAPSHOT.jar:?]
	at org.apache.hadoop.ozone.container.common.transport.server.ratis.ContainerStateMachine.runCommand(ContainerStateMachine.java:364) ~[hadoop-hdds-container-service-0.5.0-SNAPSHOT.jar:?]
	at org.apache.hadoop.ozone.container.common.transport.server.ratis.ContainerStateMachine.lambda$applyTransaction$5(ContainerStateMachine.java:630) ~[hadoop-hdds-container-service-0.5.0-SNAPSHOT.jar:?]
	at java.util.concurrent.CompletableFuture$AsyncSupply.run(CompletableFuture.java:1590) [?:1.8.0_212]
	at java.util.concurrent.ThreadPoolExecutor.runWorker(ThreadPoolExecutor.java:1149) [?:1.8.0_212]
	at java.util.concurrent.ThreadPoolExecutor$Worker.run(ThreadPoolExecutor.java:624) [?:1.8.0_212]
	at java.lang.Thread.run(Thread.java:748) [?:1.8.0_212]
16:18:11.311 [pool-951-thread-1] ERROR DNAudit - user=null | ip=null | op=PUT_BLOCK {blockData=[blockId=conID: 3 locID: 102440703672254490 bcsId: 0,size=1048576]} | ret=FAILURE
org.apache.hadoop.hdds.scm.container.common.helpers.StorageContainerException: ContainerID 3 does not exist
	at org.apache.hadoop.ozone.container.common.impl.HddsDispatcher.dispatchRequest(HddsDispatcher.java:242) ~[hadoop-hdds-container-service-0.5.0-SNAPSHOT.jar:?]
	at org.apache.hadoop.ozone.container.common.impl.HddsDispatcher.dispatch(HddsDispatcher.java:148) ~[hadoop-hdds-container-service-0.5.0-SNAPSHOT.jar:?]
	at org.apache.hadoop.ozone.container.common.transport.server.ratis.ContainerStateMachine.dispatchCommand(ContainerStateMachine.java:357) ~[hadoop-hdds-container-service-0.5.0-SNAPSHOT.jar:?]
	at org.apache.hadoop.ozone.container.common.transport.server.ratis.ContainerStateMachine.runCommand(ContainerStateMachine.java:364) ~[hadoop-hdds-container-service-0.5.0-SNAPSHOT.jar:?]
	at org.apache.hadoop.ozone.container.common.transport.server.ratis.ContainerStateMachine.lambda$applyTransaction$5(ContainerStateMachine.java:630) ~[hadoop-hdds-container-service-0.5.0-SNAPSHOT.jar:?]
	at java.util.concurrent.CompletableFuture$AsyncSupply.run(CompletableFuture.java:1590) [?:1.8.0_212]
	at java.util.concurrent.ThreadPoolExecutor.runWorker(ThreadPoolExecutor.java:1149) [?:1.8.0_212]
	at java.util.concurrent.ThreadPoolExecutor$Worker.run(ThreadPoolExecutor.java:624) [?:1.8.0_212]
	at java.lang.Thread.run(Thread.java:748) [?:1.8.0_212]
2019-07-14 16:18:11,311 INFO  impl.HddsDispatcher (ContainerUtils.java:logAndReturnError(146)) - Operation: PutBlock : Trace ID: 5776f062d4e99da:5776f062d4e99da:0:0 : Message: ContainerID 3 does not exist : Result: CONTAINER_NOT_FOUND
2019-07-14 16:18:11,312 INFO  impl.HddsDispatcher (ContainerUtils.java:logAndReturnError(146)) - Operation: PutBlock : Trace ID: 5776f062d4e99da:5776f062d4e99da:0:0 : Message: ContainerID 3 does not exist : Result: CONTAINER_NOT_FOUND
2019-07-14 16:18:11,699 WARN  server.GrpcLogAppender (LogUtils.java:warn(134)) - d7574934-53ba-489d-8caa-ad6ea7b6c729->58e1bc26-88f4-4d48-ab6d-7461377ebc32: Failed appendEntries: org.apache.ratis.thirdparty.io.grpc.StatusRuntimeException: UNAVAILABLE: io exception
2019-07-14 16:18:11,699 INFO  impl.FollowerInfo (FollowerInfo.java:lambda$new$0(50)) - d7574934-53ba-489d-8caa-ad6ea7b6c729->58e1bc26-88f4-4d48-ab6d-7461377ebc32: nextIndex: updateUnconditionally 0 -> 0
2019-07-14 16:18:11,720 WARN  server.GrpcLogAppender (LogUtils.java:warn(134)) - 5c3f8082-86fd-4ec8-83c5-19f28657242e->bde8c970-78a9-487e-beef-ecea974b9f52: Failed appendEntries: org.apache.ratis.thirdparty.io.grpc.StatusRuntimeException: UNAVAILABLE: io exception
2019-07-14 16:18:11,720 WARN  server.GrpcLogAppender (LogUtils.java:warn(134)) - 5c3f8082-86fd-4ec8-83c5-19f28657242e->c6caa481-fc39-4fa3-8faf-817af7fe412a: Failed appendEntries: org.apache.ratis.thirdparty.io.grpc.StatusRuntimeException: UNAVAILABLE: io exception
2019-07-14 16:18:11,720 INFO  impl.FollowerInfo (FollowerInfo.java:lambda$new$0(50)) - 5c3f8082-86fd-4ec8-83c5-19f28657242e->bde8c970-78a9-487e-beef-ecea974b9f52: nextIndex: updateUnconditionally 0 -> 0
2019-07-14 16:18:11,721 INFO  impl.FollowerInfo (FollowerInfo.java:lambda$new$0(50)) - 5c3f8082-86fd-4ec8-83c5-19f28657242e->c6caa481-fc39-4fa3-8faf-817af7fe412a: nextIndex: updateUnconditionally 0 -> 0
2019-07-14 16:18:13,232 ERROR commandhandler.CloseContainerCommandHandler (CloseContainerCommandHandler.java:handle(84)) - Container #3 does not exist in datanode. Container close failed.
2019-07-14 16:18:13,757 INFO  ozoneimpl.OzoneContainer (OzoneContainer.java:stop(199)) - Attempting to stop container services.
2019-07-14 16:18:13,757 INFO  impl.RaftServerProxy (RaftServerProxy.java:lambda$close$4(314)) - 172c9306-f167-47ab-bf06-fbd58e539972: close
2019-07-14 16:18:13,758 INFO  impl.RaftServerImpl (RaftServerImpl.java:lambda$shutdown$3(245)) - 172c9306-f167-47ab-bf06-fbd58e539972: shutdown group-7D549DC15874
2019-07-14 16:18:13,758 INFO  impl.RaftServerImpl (RaftServerImpl.java:lambda$shutdown$3(245)) - 172c9306-f167-47ab-bf06-fbd58e539972: shutdown group-6C193D126E87
2019-07-14 16:18:13,758 INFO  util.JmxRegister (JmxRegister.java:unregister(73)) - Successfully un-registered JMX Bean with object name Ratis:service=RaftServer,group=group-7D549DC15874,id=172c9306-f167-47ab-bf06-fbd58e539972
2019-07-14 16:18:13,759 INFO  impl.RoleInfo (RoleInfo.java:shutdownLeaderState(104)) - 172c9306-f167-47ab-bf06-fbd58e539972: shutdown LeaderState
2019-07-14 16:18:13,758 INFO  util.JmxRegister (JmxRegister.java:unregister(73)) - Successfully un-registered JMX Bean with object name Ratis:service=RaftServer,group=group-6C193D126E87,id=172c9306-f167-47ab-bf06-fbd58e539972
2019-07-14 16:18:13,759 INFO  impl.PendingRequests (PendingRequests.java:sendNotLeaderResponses(202)) - 172c9306-f167-47ab-bf06-fbd58e539972-PendingRequests: sendNotLeaderResponses
2019-07-14 16:18:13,759 INFO  impl.RoleInfo (RoleInfo.java:shutdownFollowerState(121)) - 172c9306-f167-47ab-bf06-fbd58e539972: shutdown FollowerState
2019-07-14 16:18:13,760 INFO  ratis.ContainerStateMachine (ContainerStateMachine.java:takeSnapshot(246)) - Taking snapshot at termIndex:(t:0, i:~)
2019-07-14 16:18:13,760 INFO  impl.StateMachineUpdater (StateMachineUpdater.java:stopAndJoin(115)) - StateMachineUpdater:172c9306-f167-47ab-bf06-fbd58e539972:group-7D549DC15874: set stopIndex = 0
2019-07-14 16:18:13,760 INFO  impl.RaftServerImpl (ServerState.java:close(394)) - 172c9306-f167-47ab-bf06-fbd58e539972:group-7D549DC15874 closes. The last applied log index is 0
2019-07-14 16:18:13,760 INFO  impl.FollowerState (FollowerState.java:run(114)) - 172c9306-f167-47ab-bf06-fbd58e539972: FollowerState was interrupted: java.lang.InterruptedException: sleep interrupted
2019-07-14 16:18:13,760 INFO  ratis.ContainerStateMachine (ContainerStateMachine.java:takeSnapshot(246)) - Taking snapshot at termIndex:(t:1, i:19)
2019-07-14 16:18:13,761 INFO  ratis.ContainerStateMachine (ContainerStateMachine.java:takeSnapshot(250)) - Taking a snapshot to file /workdir/hadoop-ozone/integration-test/target/test-dir/MiniOzoneClusterImpl-60d218f0-a306-42c2-bb5c-6916a11a9da3/datanode-2/data/ratis/b516fcf4-27bb-4af0-8ca9-6c193d126e87/sm/snapshot.1_19
2019-07-14 16:18:13,760 INFO  impl.StateMachineUpdater (StateMachineUpdater.java:stopAndJoin(115)) - StateMachineUpdater:172c9306-f167-47ab-bf06-fbd58e539972:group-6C193D126E87: set stopIndex = 19
2019-07-14 16:18:13,761 INFO  segmented.SegmentedRaftLogWorker (SegmentedRaftLogWorker.java:run(313)) - 172c9306-f167-47ab-bf06-fbd58e539972-SegmentedRaftLogWorker:Storage Directory /workdir/hadoop-ozone/integration-test/target/test-dir/MiniOzoneClusterImpl-60d218f0-a306-42c2-bb5c-6916a11a9da3/datanode-2/data/ratis/e673757f-6d23-4f8a-8075-7d549dc15874 was interrupted, exiting. There are 0 tasks remaining in the queue.
2019-07-14 16:18:13,761 INFO  impl.StateMachineUpdater (StateMachineUpdater.java:takeSnapshot(242)) - StateMachineUpdater:172c9306-f167-47ab-bf06-fbd58e539972:group-6C193D126E87: Took a snapshot at index 19
2019-07-14 16:18:13,762 INFO  impl.StateMachineUpdater (StateMachineUpdater.java:lambda$new$0(80)) - StateMachineUpdater:172c9306-f167-47ab-bf06-fbd58e539972:group-6C193D126E87: snapshotIndex: updateIncreasingly -1 -> 19
2019-07-14 16:18:13,775 INFO  segmented.SegmentedRaftLogWorker (SegmentedRaftLogWorker.java:close(228)) - 172c9306-f167-47ab-bf06-fbd58e539972-SegmentedRaftLogWorker:Storage Directory /workdir/hadoop-ozone/integration-test/target/test-dir/MiniOzoneClusterImpl-60d218f0-a306-42c2-bb5c-6916a11a9da3/datanode-2/data/ratis/e673757f-6d23-4f8a-8075-7d549dc15874 close()
2019-07-14 16:18:13,775 INFO  impl.RaftServerImpl (ServerState.java:close(394)) - 172c9306-f167-47ab-bf06-fbd58e539972:group-6C193D126E87 closes. The last applied log index is 19
2019-07-14 16:18:13,794 INFO  segmented.SegmentedRaftLogWorker (SegmentedRaftLogWorker.java:run(313)) - 172c9306-f167-47ab-bf06-fbd58e539972-SegmentedRaftLogWorker:Storage Directory /workdir/hadoop-ozone/integration-test/target/test-dir/MiniOzoneClusterImpl-60d218f0-a306-42c2-bb5c-6916a11a9da3/datanode-2/data/ratis/b516fcf4-27bb-4af0-8ca9-6c193d126e87 was interrupted, exiting. There are 0 tasks remaining in the queue.
2019-07-14 16:18:13,802 INFO  segmented.SegmentedRaftLogWorker (SegmentedRaftLogWorker.java:close(228)) - 172c9306-f167-47ab-bf06-fbd58e539972-SegmentedRaftLogWorker:Storage Directory /workdir/hadoop-ozone/integration-test/target/test-dir/MiniOzoneClusterImpl-60d218f0-a306-42c2-bb5c-6916a11a9da3/datanode-2/data/ratis/b516fcf4-27bb-4af0-8ca9-6c193d126e87 close()
2019-07-14 16:18:13,809 INFO  impl.FollowerState (FollowerState.java:run(106)) - 1fb9086d-e901-4d1c-ba49-f04b58e2d455:group-0292830C1C66 changes to CANDIDATE, lastRpcTime:5070, electionTimeout:5063ms
2019-07-14 16:18:13,817 INFO  server.GrpcService (GrpcService.java:closeImpl(155)) - 172c9306-f167-47ab-bf06-fbd58e539972: shutdown server with port 45960 now
2019-07-14 16:18:13,817 INFO  impl.RoleInfo (RoleInfo.java:shutdownFollowerState(121)) - 1fb9086d-e901-4d1c-ba49-f04b58e2d455: shutdown FollowerState
2019-07-14 16:18:13,818 INFO  impl.RaftServerImpl (RaftServerImpl.java:setRole(171)) - 1fb9086d-e901-4d1c-ba49-f04b58e2d455:group-0292830C1C66 changes role from FOLLOWER to CANDIDATE at term 2 for changeToCandidate
2019-07-14 16:18:13,818 INFO  impl.RoleInfo (RoleInfo.java:updateAndGet(143)) - 1fb9086d-e901-4d1c-ba49-f04b58e2d455: start LeaderElection
2019-07-14 16:18:13,818 WARN  server.GrpcServerProtocolService (LogUtils.java:warn(134)) - 172c9306-f167-47ab-bf06-fbd58e539972: appendEntries onError: org.apache.ratis.thirdparty.io.grpc.StatusRuntimeException: CANCELLED: cancelled before receiving half close
2019-07-14 16:18:13,832 WARN  server.GrpcLogAppender (LogUtils.java:warn(134)) - 5da6f978-c976-4dad-92a3-94bec5a05bbd->172c9306-f167-47ab-bf06-fbd58e539972: Failed appendEntries: org.apache.ratis.thirdparty.io.grpc.StatusRuntimeException: CANCELLED: HTTP/2 error code: CANCEL
Received Rst Stream
2019-07-14 16:18:13,832 INFO  server.GrpcService (GrpcService.java:closeImpl(163)) - 172c9306-f167-47ab-bf06-fbd58e539972: shutdown server with port 45960 successfully
2019-07-14 16:18:13,832 INFO  impl.FollowerInfo (FollowerInfo.java:lambda$new$0(50)) - 5da6f978-c976-4dad-92a3-94bec5a05bbd->172c9306-f167-47ab-bf06-fbd58e539972: nextIndex: updateUnconditionally 20 -> 19
2019-07-14 16:18:13,833 INFO  utils.BackgroundService (BackgroundService.java:shutdown(148)) - Shutting down service BlockDeletingService
2019-07-14 16:18:13,835 WARN  fs.CachingGetSpaceUsed (CachingGetSpaceUsed.java:run(183)) - Thread Interrupted waiting to refresh disk information: sleep interrupted
2019-07-14 16:18:13,873 INFO  impl.LeaderElection (LeaderElection.java:askForVotes(181)) - 1fb9086d-e901-4d1c-ba49-f04b58e2d455:group-0292830C1C66:LeaderElection79: begin an election at term 3 for -1: [1fb9086d-e901-4d1c-ba49-f04b58e2d455:192.168.69.77:44142, f0a9349c-3e22-4213-b0f9-e23551c0fd60:192.168.69.77:41072, a7e8ad0b-9330-4266-8ecd-e057ec954ce9:192.168.69.77:42183], old=null
2019-07-14 16:18:13,881 INFO  statemachine.DatanodeStateMachine (DatanodeStateMachine.java:stopDaemon(395)) - Ozone container server stopped.
2019-07-14 16:18:13,882 INFO  handler.ContextHandler (ContextHandler.java:doStop(910)) - Stopped o.e.j.w.WebAppContext@7edb2a4b{/,null,UNAVAILABLE}{/hddsDatanode}
2019-07-14 16:18:13,883 INFO  server.AbstractConnector (AbstractConnector.java:doStop(318)) - Stopped ServerConnector@5811f080{HTTP/1.1,[http/1.1]}{0.0.0.0:0}
2019-07-14 16:18:13,884 INFO  handler.ContextHandler (ContextHandler.java:doStop(910)) - Stopped o.e.j.s.ServletContextHandler@52b53172{/static,jar:file:/home/user/.m2/repository/org/apache/hadoop/hadoop-hdds-container-service/0.5.0-SNAPSHOT/hadoop-hdds-container-service-0.5.0-SNAPSHOT.jar!/webapps/static,UNAVAILABLE}
2019-07-14 16:18:13,884 INFO  handler.ContextHandler (ContextHandler.java:doStop(910)) - Stopped o.e.j.s.ServletContextHandler@6559cbdd{/logs,file:///workdir/hadoop-ozone/integration-test/target/log,UNAVAILABLE}
2019-07-14 16:18:13,884 INFO  impl.RaftServerImpl (RaftServerImpl.java:setRole(171)) - f0a9349c-3e22-4213-b0f9-e23551c0fd60:group-0292830C1C66 changes role from FOLLOWER to FOLLOWER at term 3 for recognizeCandidate:1fb9086d-e901-4d1c-ba49-f04b58e2d455
2019-07-14 16:18:13,885 INFO  impl.RaftServerImpl (RaftServerImpl.java:setRole(171)) - a7e8ad0b-9330-4266-8ecd-e057ec954ce9:group-0292830C1C66 changes role from FOLLOWER to FOLLOWER at term 3 for recognizeCandidate:1fb9086d-e901-4d1c-ba49-f04b58e2d455
2019-07-14 16:18:13,885 INFO  datanode.ObjectStoreHandler (ObjectStoreHandler.java:close(155)) - Closing ObjectStoreHandler.
2019-07-14 16:18:13,885 INFO  impl.RoleInfo (RoleInfo.java:shutdownFollowerState(121)) - f0a9349c-3e22-4213-b0f9-e23551c0fd60: shutdown FollowerState
2019-07-14 16:18:13,886 INFO  ozone.HddsDatanodeService (HddsDatanodeService.java:stop(452)) - Stopped plug-in org.apache.hadoop.ozone.web.OzoneHddsDatanodeService@7da70124
2019-07-14 16:18:13,885 INFO  impl.RoleInfo (RoleInfo.java:shutdownFollowerState(121)) - a7e8ad0b-9330-4266-8ecd-e057ec954ce9: shutdown FollowerState
2019-07-14 16:18:13,886 INFO  impl.FollowerState (FollowerState.java:run(114)) - f0a9349c-3e22-4213-b0f9-e23551c0fd60: FollowerState was interrupted: java.lang.InterruptedException: sleep interrupted
2019-07-14 16:18:13,886 INFO  impl.RoleInfo (RoleInfo.java:updateAndGet(143)) - f0a9349c-3e22-4213-b0f9-e23551c0fd60: start FollowerState
2019-07-14 16:18:13,886 INFO  impl.FollowerState (FollowerState.java:run(114)) - a7e8ad0b-9330-4266-8ecd-e057ec954ce9: FollowerState was interrupted: java.lang.InterruptedException: sleep interrupted
2019-07-14 16:18:13,886 INFO  impl.RoleInfo (RoleInfo.java:updateAndGet(143)) - a7e8ad0b-9330-4266-8ecd-e057ec954ce9: start FollowerState
2019-07-14 16:18:13,936 INFO  impl.LeaderElection (LeaderElection.java:logAndReturn(56)) - 1fb9086d-e901-4d1c-ba49-f04b58e2d455:group-0292830C1C66:LeaderElection79: Election PASSED; received 2 response(s) [1fb9086d-e901-4d1c-ba49-f04b58e2d455<-f0a9349c-3e22-4213-b0f9-e23551c0fd60#0:OK-t3, 1fb9086d-e901-4d1c-ba49-f04b58e2d455<-a7e8ad0b-9330-4266-8ecd-e057ec954ce9#0:FAIL-t3] and 0 exception(s); 1fb9086d-e901-4d1c-ba49-f04b58e2d455:t3, leader=null, voted=1fb9086d-e901-4d1c-ba49-f04b58e2d455, raftlog=1fb9086d-e901-4d1c-ba49-f04b58e2d455-SegmentedRaftLog:OPENED:c-1,f-1,i0, conf=-1: [1fb9086d-e901-4d1c-ba49-f04b58e2d455:192.168.69.77:44142, f0a9349c-3e22-4213-b0f9-e23551c0fd60:192.168.69.77:41072, a7e8ad0b-9330-4266-8ecd-e057ec954ce9:192.168.69.77:42183], old=null
2019-07-14 16:18:13,936 INFO  impl.RoleInfo (RoleInfo.java:shutdownLeaderElection(134)) - 1fb9086d-e901-4d1c-ba49-f04b58e2d455: shutdown LeaderElection
2019-07-14 16:18:13,936 INFO  impl.RaftServerImpl (RaftServerImpl.java:setRole(171)) - 1fb9086d-e901-4d1c-ba49-f04b58e2d455:group-0292830C1C66 changes role from CANDIDATE to LEADER at term 3 for changeToLeader
2019-07-14 16:18:13,936 INFO  impl.RaftServerImpl (ServerState.java:setLeader(263)) - 1fb9086d-e901-4d1c-ba49-f04b58e2d455:group-0292830C1C66 change Leader from null to 1fb9086d-e901-4d1c-ba49-f04b58e2d455 at term 3 for becomeLeader, leader elected after 10434ms
2019-07-14 16:18:13,936 INFO  server.RaftServerConfigKeys (ConfUtils.java:logGet(43)) - raft.server.staging.catchup.gap = 1000 (default)
2019-07-14 16:18:13,936 INFO  server.RaftServerConfigKeys (ConfUtils.java:logGet(43)) - raft.server.rpc.sleep.time = 25ms (default)
2019-07-14 16:18:13,937 INFO  server.RaftServerConfigKeys (ConfUtils.java:logGet(43)) - raft.server.write.element-limit = 4096 (default)
2019-07-14 16:18:13,937 INFO  server.RaftServerConfigKeys (ConfUtils.java:logGet(43)) - raft.server.watch.timeout = 10s (default)
2019-07-14 16:18:13,937 INFO  server.RaftServerConfigKeys (ConfUtils.java:logGet(43)) - raft.server.watch.timeout.denomination = 1s (default)
2019-07-14 16:18:13,937 INFO  server.RaftServerConfigKeys (ConfUtils.java:logGet(43)) - raft.server.watch.element-limit = 65536 (default)
2019-07-14 16:18:13,937 INFO  server.RaftServerConfigKeys (ConfUtils.java:logGet(43)) - raft.server.log.appender.snapshot.chunk.size.max = 16MB (=16777216) (default)
2019-07-14 16:18:13,937 INFO  server.RaftServerConfigKeys (ConfUtils.java:logGet(43)) - raft.server.log.appender.buffer.byte-limit = 33554432 (custom)
2019-07-14 16:18:13,938 INFO  server.RaftServerConfigKeys (ConfUtils.java:logGet(43)) - raft.server.log.appender.buffer.element-limit = 1 (custom)
2019-07-14 16:18:13,938 INFO  grpc.GrpcConfigKeys$Server (ConfUtils.java:logGet(43)) - raft.grpc.server.leader.outstanding.appends.max = 128 (default)
2019-07-14 16:18:13,938 INFO  server.RaftServerConfigKeys (ConfUtils.java:logGet(43)) - raft.server.rpc.request.timeout = 3000ms (default)
2019-07-14 16:18:13,938 INFO  server.RaftServerConfigKeys (ConfUtils.java:logGet(43)) - raft.server.log.appender.install.snapshot.enabled = false (custom)
2019-07-14 16:18:13,938 INFO  server.RaftServerConfigKeys (ConfUtils.java:logGet(43)) - raft.server.log.appender.snapshot.chunk.size.max = 16MB (=16777216) (default)
2019-07-14 16:18:13,938 INFO  server.RaftServerConfigKeys (ConfUtils.java:logGet(43)) - raft.server.log.appender.buffer.byte-limit = 33554432 (custom)
2019-07-14 16:18:13,939 INFO  server.RaftServerConfigKeys (ConfUtils.java:logGet(43)) - raft.server.log.appender.buffer.element-limit = 1 (custom)
2019-07-14 16:18:13,939 INFO  grpc.GrpcConfigKeys$Server (ConfUtils.java:logGet(43)) - raft.grpc.server.leader.outstanding.appends.max = 128 (default)
2019-07-14 16:18:13,939 INFO  server.RaftServerConfigKeys (ConfUtils.java:logGet(43)) - raft.server.rpc.request.timeout = 3000ms (default)
2019-07-14 16:18:13,939 INFO  server.RaftServerConfigKeys (ConfUtils.java:logGet(43)) - raft.server.log.appender.install.snapshot.enabled = false (custom)
2019-07-14 16:18:13,939 INFO  impl.RoleInfo (RoleInfo.java:updateAndGet(143)) - 1fb9086d-e901-4d1c-ba49-f04b58e2d455: start LeaderState
2019-07-14 16:18:13,940 INFO  segmented.SegmentedRaftLogWorker (SegmentedRaftLogWorker.java:startLogSegment(380)) - 1fb9086d-e901-4d1c-ba49-f04b58e2d455-SegmentedRaftLogWorker:Storage Directory /workdir/hadoop-ozone/integration-test/target/test-dir/MiniOzoneClusterImpl-60d218f0-a306-42c2-bb5c-6916a11a9da3/datanode-4/data/ratis/e3b6fca2-8e81-473c-9218-0292830c1c66: Starting segment from index:0
2019-07-14 16:18:13,940 INFO  impl.RaftServerImpl (ServerState.java:setRaftConf(361)) - 1fb9086d-e901-4d1c-ba49-f04b58e2d455:group-0292830C1C66 set configuration 0: [1fb9086d-e901-4d1c-ba49-f04b58e2d455:192.168.69.77:44142, f0a9349c-3e22-4213-b0f9-e23551c0fd60:192.168.69.77:41072, a7e8ad0b-9330-4266-8ecd-e057ec954ce9:192.168.69.77:42183], old=null at 0
2019-07-14 16:18:13,942 INFO  impl.RaftServerImpl (ServerState.java:setLeader(263)) - a7e8ad0b-9330-4266-8ecd-e057ec954ce9:group-0292830C1C66 change Leader from null to 1fb9086d-e901-4d1c-ba49-f04b58e2d455 at term 3 for appendEntries, leader elected after 5142ms
2019-07-14 16:18:13,942 INFO  impl.RaftServerImpl (ServerState.java:setLeader(263)) - f0a9349c-3e22-4213-b0f9-e23551c0fd60:group-0292830C1C66 change Leader from null to 1fb9086d-e901-4d1c-ba49-f04b58e2d455 at term 3 for appendEntries, leader elected after 10440ms
2019-07-14 16:18:13,944 INFO  impl.RaftServerImpl (ServerState.java:setRaftConf(361)) - a7e8ad0b-9330-4266-8ecd-e057ec954ce9:group-0292830C1C66 set configuration 0: [1fb9086d-e901-4d1c-ba49-f04b58e2d455:192.168.69.77:44142, f0a9349c-3e22-4213-b0f9-e23551c0fd60:192.168.69.77:41072, a7e8ad0b-9330-4266-8ecd-e057ec954ce9:192.168.69.77:42183], old=null at 0
2019-07-14 16:18:13,945 INFO  impl.RaftServerImpl (ServerState.java:setRaftConf(361)) - f0a9349c-3e22-4213-b0f9-e23551c0fd60:group-0292830C1C66 set configuration 0: [1fb9086d-e901-4d1c-ba49-f04b58e2d455:192.168.69.77:44142, f0a9349c-3e22-4213-b0f9-e23551c0fd60:192.168.69.77:41072, a7e8ad0b-9330-4266-8ecd-e057ec954ce9:192.168.69.77:42183], old=null at 0
2019-07-14 16:18:13,946 INFO  segmented.SegmentedRaftLogWorker (SegmentedRaftLogWorker.java:startLogSegment(380)) - f0a9349c-3e22-4213-b0f9-e23551c0fd60-SegmentedRaftLogWorker:Storage Directory /workdir/hadoop-ozone/integration-test/target/test-dir/MiniOzoneClusterImpl-60d218f0-a306-42c2-bb5c-6916a11a9da3/datanode-5/data/ratis/e3b6fca2-8e81-473c-9218-0292830c1c66: Starting segment from index:0
2019-07-14 16:18:13,949 INFO  segmented.SegmentedRaftLogWorker (SegmentedRaftLogWorker.java:truncate(396)) - a7e8ad0b-9330-4266-8ecd-e057ec954ce9-SegmentedRaftLogWorker:Storage Directory /workdir/hadoop-ozone/integration-test/target/test-dir/MiniOzoneClusterImpl-60d218f0-a306-42c2-bb5c-6916a11a9da3/datanode-3/data/ratis/e3b6fca2-8e81-473c-9218-0292830c1c66: Truncating segments toTruncate: null
  toDelete: [(0, 0) isOpen? true, length=0, newEndIndex=-1], start index 0
2019-07-14 16:18:13,949 INFO  segmented.SegmentedRaftLogWorker (SegmentedRaftLogWorker.java:startLogSegment(380)) - a7e8ad0b-9330-4266-8ecd-e057ec954ce9-SegmentedRaftLogWorker:Storage Directory /workdir/hadoop-ozone/integration-test/target/test-dir/MiniOzoneClusterImpl-60d218f0-a306-42c2-bb5c-6916a11a9da3/datanode-3/data/ratis/e3b6fca2-8e81-473c-9218-0292830c1c66: Starting segment from index:0
2019-07-14 16:18:13,951 INFO  segmented.SegmentedRaftLogWorker (SegmentedRaftLogWorker.java:execute(633)) - a7e8ad0b-9330-4266-8ecd-e057ec954ce9-SegmentedRaftLogWorker:Storage Directory /workdir/hadoop-ozone/integration-test/target/test-dir/MiniOzoneClusterImpl-60d218f0-a306-42c2-bb5c-6916a11a9da3/datanode-3/data/ratis/e3b6fca2-8e81-473c-9218-0292830c1c66: Deleted log file /workdir/hadoop-ozone/integration-test/target/test-dir/MiniOzoneClusterImpl-60d218f0-a306-42c2-bb5c-6916a11a9da3/datanode-3/data/ratis/e3b6fca2-8e81-473c-9218-0292830c1c66/current/log_inprogress_0
2019-07-14 16:18:13,953 INFO  segmented.SegmentedRaftLogWorker (SegmentedRaftLogWorker.java:lambda$new$0(132)) - a7e8ad0b-9330-4266-8ecd-e057ec954ce9-SegmentedRaftLogWorker:Storage Directory /workdir/hadoop-ozone/integration-test/target/test-dir/MiniOzoneClusterImpl-60d218f0-a306-42c2-bb5c-6916a11a9da3/datanode-3/data/ratis/e3b6fca2-8e81-473c-9218-0292830c1c66: flushIndex: setUnconditionally 0 -> -1
2019-07-14 16:18:13,975 INFO  segmented.SegmentedRaftLogWorker (SegmentedRaftLogWorker.java:execute(569)) - 1fb9086d-e901-4d1c-ba49-f04b58e2d455-SegmentedRaftLogWorker:Storage Directory /workdir/hadoop-ozone/integration-test/target/test-dir/MiniOzoneClusterImpl-60d218f0-a306-42c2-bb5c-6916a11a9da3/datanode-4/data/ratis/e3b6fca2-8e81-473c-9218-0292830c1c66: created new log segment /workdir/hadoop-ozone/integration-test/target/test-dir/MiniOzoneClusterImpl-60d218f0-a306-42c2-bb5c-6916a11a9da3/datanode-4/data/ratis/e3b6fca2-8e81-473c-9218-0292830c1c66/current/log_inprogress_0
2019-07-14 16:18:13,975 INFO  segmented.SegmentedRaftLogWorker (SegmentedRaftLogWorker.java:execute(569)) - f0a9349c-3e22-4213-b0f9-e23551c0fd60-SegmentedRaftLogWorker:Storage Directory /workdir/hadoop-ozone/integration-test/target/test-dir/MiniOzoneClusterImpl-60d218f0-a306-42c2-bb5c-6916a11a9da3/datanode-5/data/ratis/e3b6fca2-8e81-473c-9218-0292830c1c66: created new log segment /workdir/hadoop-ozone/integration-test/target/test-dir/MiniOzoneClusterImpl-60d218f0-a306-42c2-bb5c-6916a11a9da3/datanode-5/data/ratis/e3b6fca2-8e81-473c-9218-0292830c1c66/current/log_inprogress_0
2019-07-14 16:18:13,989 INFO  segmented.SegmentedRaftLogWorker (SegmentedRaftLogWorker.java:execute(569)) - a7e8ad0b-9330-4266-8ecd-e057ec954ce9-SegmentedRaftLogWorker:Storage Directory /workdir/hadoop-ozone/integration-test/target/test-dir/MiniOzoneClusterImpl-60d218f0-a306-42c2-bb5c-6916a11a9da3/datanode-3/data/ratis/e3b6fca2-8e81-473c-9218-0292830c1c66: created new log segment /workdir/hadoop-ozone/integration-test/target/test-dir/MiniOzoneClusterImpl-60d218f0-a306-42c2-bb5c-6916a11a9da3/datanode-3/data/ratis/e3b6fca2-8e81-473c-9218-0292830c1c66/current/log_inprogress_0
2019-07-14 16:18:14,179 INFO  statemachine.DatanodeStateMachine (DatanodeStateMachine.java:lambda$startDaemon$0(350)) - Ozone container server started.
2019-07-14 16:18:14,200 WARN  server.GrpcLogAppender (LogUtils.java:warn(134)) - d7574934-53ba-489d-8caa-ad6ea7b6c729->58e1bc26-88f4-4d48-ab6d-7461377ebc32: Failed appendEntries: org.apache.ratis.thirdparty.io.grpc.StatusRuntimeException: UNAVAILABLE: io exception
2019-07-14 16:18:14,201 INFO  impl.FollowerInfo (FollowerInfo.java:lambda$new$0(50)) - d7574934-53ba-489d-8caa-ad6ea7b6c729->58e1bc26-88f4-4d48-ab6d-7461377ebc32: nextIndex: updateUnconditionally 0 -> 0
2019-07-14 16:18:14,221 WARN  server.GrpcLogAppender (LogUtils.java:warn(134)) - 5c3f8082-86fd-4ec8-83c5-19f28657242e->c6caa481-fc39-4fa3-8faf-817af7fe412a: Failed appendEntries: org.apache.ratis.thirdparty.io.grpc.StatusRuntimeException: UNAVAILABLE: io exception
2019-07-14 16:18:14,221 WARN  server.GrpcLogAppender (LogUtils.java:warn(134)) - 5c3f8082-86fd-4ec8-83c5-19f28657242e->bde8c970-78a9-487e-beef-ecea974b9f52: Failed appendEntries: org.apache.ratis.thirdparty.io.grpc.StatusRuntimeException: UNAVAILABLE: io exception
2019-07-14 16:18:14,221 INFO  impl.FollowerInfo (FollowerInfo.java:lambda$new$0(50)) - 5c3f8082-86fd-4ec8-83c5-19f28657242e->c6caa481-fc39-4fa3-8faf-817af7fe412a: nextIndex: updateUnconditionally 0 -> 0
2019-07-14 16:18:14,221 INFO  impl.FollowerInfo (FollowerInfo.java:lambda$new$0(50)) - 5c3f8082-86fd-4ec8-83c5-19f28657242e->bde8c970-78a9-487e-beef-ecea974b9f52: nextIndex: updateUnconditionally 0 -> 0
2019-07-14 16:18:16,235 INFO  node.StaleNodeHandler (StaleNodeHandler.java:onMessage(58)) - Datanode 5da6f978-c976-4dad-92a3-94bec5a05bbd{ip: 192.168.69.77, host: pr-hdds-1710-5x6jb-1204890111, networkLocation: /default-rack, certSerialId: null} moved to stale state. Finalizing its pipelines [PipelineID=f3055cfd-c153-4891-97db-cdde48651322, PipelineID=b516fcf4-27bb-4af0-8ca9-6c193d126e87]
2019-07-14 16:18:16,235 INFO  pipeline.SCMPipelineManager (SCMPipelineManager.java:finalizeAndDestroyPipeline(309)) - destroying pipeline:Pipeline[ Id: f3055cfd-c153-4891-97db-cdde48651322, Nodes: 5da6f978-c976-4dad-92a3-94bec5a05bbd{ip: 192.168.69.77, host: pr-hdds-1710-5x6jb-1204890111, networkLocation: /default-rack, certSerialId: null}, Type:RATIS, Factor:ONE, State:OPEN]
2019-07-14 16:18:16,235 INFO  pipeline.PipelineStateManager (PipelineStateManager.java:finalizePipeline(123)) - Pipeline Pipeline[ Id: f3055cfd-c153-4891-97db-cdde48651322, Nodes: 5da6f978-c976-4dad-92a3-94bec5a05bbd{ip: 192.168.69.77, host: pr-hdds-1710-5x6jb-1204890111, networkLocation: /default-rack, certSerialId: null}, Type:RATIS, Factor:ONE, State:CLOSED] moved to CLOSED state
2019-07-14 16:18:16,235 INFO  pipeline.SCMPipelineManager (SCMPipelineManager.java:finalizeAndDestroyPipeline(309)) - destroying pipeline:Pipeline[ Id: b516fcf4-27bb-4af0-8ca9-6c193d126e87, Nodes: 172c9306-f167-47ab-bf06-fbd58e539972{ip: 192.168.69.77, host: pr-hdds-1710-5x6jb-1204890111, networkLocation: /default-rack, certSerialId: null}5da6f978-c976-4dad-92a3-94bec5a05bbd{ip: 192.168.69.77, host: pr-hdds-1710-5x6jb-1204890111, networkLocation: /default-rack, certSerialId: null}812bc747-170e-4a16-ad0c-247a093afae5{ip: 192.168.69.77, host: pr-hdds-1710-5x6jb-1204890111, networkLocation: /default-rack, certSerialId: null}, Type:RATIS, Factor:THREE, State:CLOSED]
2019-07-14 16:18:16,320 WARN  server.GrpcLogAppender (LogUtils.java:warn(134)) - 5da6f978-c976-4dad-92a3-94bec5a05bbd->172c9306-f167-47ab-bf06-fbd58e539972: Failed appendEntries: org.apache.ratis.thirdparty.io.grpc.StatusRuntimeException: UNAVAILABLE: io exception
2019-07-14 16:18:16,321 INFO  impl.FollowerInfo (FollowerInfo.java:lambda$new$0(50)) - 5da6f978-c976-4dad-92a3-94bec5a05bbd->172c9306-f167-47ab-bf06-fbd58e539972: nextIndex: updateUnconditionally 19 -> 18
2019-07-14 16:18:16,701 WARN  server.GrpcLogAppender (LogUtils.java:warn(134)) - d7574934-53ba-489d-8caa-ad6ea7b6c729->58e1bc26-88f4-4d48-ab6d-7461377ebc32: Failed appendEntries: org.apache.ratis.thirdparty.io.grpc.StatusRuntimeException: UNAVAILABLE: io exception
2019-07-14 16:18:16,702 INFO  impl.FollowerInfo (FollowerInfo.java:lambda$new$0(50)) - d7574934-53ba-489d-8caa-ad6ea7b6c729->58e1bc26-88f4-4d48-ab6d-7461377ebc32: nextIndex: updateUnconditionally 0 -> 0
2019-07-14 16:18:16,722 WARN  server.GrpcLogAppender (LogUtils.java:warn(134)) - 5c3f8082-86fd-4ec8-83c5-19f28657242e->bde8c970-78a9-487e-beef-ecea974b9f52: Failed appendEntries: org.apache.ratis.thirdparty.io.grpc.StatusRuntimeException: UNAVAILABLE: io exception
2019-07-14 16:18:16,722 WARN  server.GrpcLogAppender (LogUtils.java:warn(134)) - 5c3f8082-86fd-4ec8-83c5-19f28657242e->c6caa481-fc39-4fa3-8faf-817af7fe412a: Failed appendEntries: org.apache.ratis.thirdparty.io.grpc.StatusRuntimeException: UNAVAILABLE: io exception
2019-07-14 16:18:16,722 INFO  impl.FollowerInfo (FollowerInfo.java:lambda$new$0(50)) - 5c3f8082-86fd-4ec8-83c5-19f28657242e->bde8c970-78a9-487e-beef-ecea974b9f52: nextIndex: updateUnconditionally 0 -> 0
2019-07-14 16:18:16,722 INFO  impl.FollowerInfo (FollowerInfo.java:lambda$new$0(50)) - 5c3f8082-86fd-4ec8-83c5-19f28657242e->c6caa481-fc39-4fa3-8faf-817af7fe412a: nextIndex: updateUnconditionally 0 -> 0
2019-07-14 16:18:18,821 WARN  server.GrpcLogAppender (LogUtils.java:warn(134)) - 5da6f978-c976-4dad-92a3-94bec5a05bbd->172c9306-f167-47ab-bf06-fbd58e539972: Failed appendEntries: org.apache.ratis.thirdparty.io.grpc.StatusRuntimeException: UNAVAILABLE: io exception
2019-07-14 16:18:18,822 INFO  impl.FollowerInfo (FollowerInfo.java:lambda$new$0(50)) - 5da6f978-c976-4dad-92a3-94bec5a05bbd->172c9306-f167-47ab-bf06-fbd58e539972: nextIndex: updateUnconditionally 18 -> 17
2019-07-14 16:18:18,886 INFO  ozoneimpl.OzoneContainer (OzoneContainer.java:stop(199)) - Attempting to stop container services.
2019-07-14 16:18:18,887 INFO  impl.RaftServerProxy (RaftServerProxy.java:lambda$close$4(314)) - 5da6f978-c976-4dad-92a3-94bec5a05bbd: close
2019-07-14 16:18:18,888 INFO  impl.RaftServerImpl (RaftServerImpl.java:lambda$shutdown$3(245)) - 5da6f978-c976-4dad-92a3-94bec5a05bbd: shutdown group-CDDE48651322
2019-07-14 16:18:18,888 INFO  util.JmxRegister (JmxRegister.java:unregister(73)) - Successfully un-registered JMX Bean with object name Ratis:service=RaftServer,group=group-CDDE48651322,id=5da6f978-c976-4dad-92a3-94bec5a05bbd
2019-07-14 16:18:18,888 INFO  impl.RoleInfo (RoleInfo.java:shutdownLeaderState(104)) - 5da6f978-c976-4dad-92a3-94bec5a05bbd: shutdown LeaderState
2019-07-14 16:18:18,889 INFO  impl.PendingRequests (PendingRequests.java:sendNotLeaderResponses(202)) - 5da6f978-c976-4dad-92a3-94bec5a05bbd-PendingRequests: sendNotLeaderResponses
2019-07-14 16:18:18,889 INFO  impl.StateMachineUpdater (StateMachineUpdater.java:stopAndJoin(115)) - StateMachineUpdater:5da6f978-c976-4dad-92a3-94bec5a05bbd:group-CDDE48651322: set stopIndex = 0
2019-07-14 16:18:18,889 INFO  ratis.ContainerStateMachine (ContainerStateMachine.java:takeSnapshot(246)) - Taking snapshot at termIndex:(t:0, i:~)
2019-07-14 16:18:18,890 INFO  impl.RaftServerImpl (ServerState.java:close(394)) - 5da6f978-c976-4dad-92a3-94bec5a05bbd:group-CDDE48651322 closes. The last applied log index is 0
2019-07-14 16:18:18,891 INFO  segmented.SegmentedRaftLogWorker (SegmentedRaftLogWorker.java:run(313)) - 5da6f978-c976-4dad-92a3-94bec5a05bbd-SegmentedRaftLogWorker:Storage Directory /workdir/hadoop-ozone/integration-test/target/test-dir/MiniOzoneClusterImpl-60d218f0-a306-42c2-bb5c-6916a11a9da3/datanode-0/data/ratis/f3055cfd-c153-4891-97db-cdde48651322 was interrupted, exiting. There are 0 tasks remaining in the queue.
2019-07-14 16:18:18,905 INFO  segmented.SegmentedRaftLogWorker (SegmentedRaftLogWorker.java:close(228)) - 5da6f978-c976-4dad-92a3-94bec5a05bbd-SegmentedRaftLogWorker:Storage Directory /workdir/hadoop-ozone/integration-test/target/test-dir/MiniOzoneClusterImpl-60d218f0-a306-42c2-bb5c-6916a11a9da3/datanode-0/data/ratis/f3055cfd-c153-4891-97db-cdde48651322 close()
2019-07-14 16:18:18,922 INFO  impl.RaftServerImpl (RaftServerImpl.java:lambda$shutdown$3(245)) - 5da6f978-c976-4dad-92a3-94bec5a05bbd: shutdown group-6C193D126E87
2019-07-14 16:18:18,923 INFO  util.JmxRegister (JmxRegister.java:unregister(73)) - Successfully un-registered JMX Bean with object name Ratis:service=RaftServer,group=group-6C193D126E87,id=5da6f978-c976-4dad-92a3-94bec5a05bbd
2019-07-14 16:18:18,923 INFO  impl.RoleInfo (RoleInfo.java:shutdownLeaderState(104)) - 5da6f978-c976-4dad-92a3-94bec5a05bbd: shutdown LeaderState
2019-07-14 16:18:18,938 INFO  impl.PendingRequests (PendingRequests.java:sendNotLeaderResponses(202)) - 5da6f978-c976-4dad-92a3-94bec5a05bbd-PendingRequests: sendNotLeaderResponses
2019-07-14 16:18:18,938 WARN  server.GrpcLogAppender (GrpcLogAppender.java:mayWait(143)) - GrpcLogAppender(5da6f978-c976-4dad-92a3-94bec5a05bbd->812bc747-170e-4a16-ad0c-247a093afae5): Wait interrupted by java.lang.InterruptedException
2019-07-14 16:18:18,960 INFO  impl.StateMachineUpdater (StateMachineUpdater.java:stopAndJoin(115)) - StateMachineUpdater:5da6f978-c976-4dad-92a3-94bec5a05bbd:group-6C193D126E87: set stopIndex = 19
2019-07-14 16:18:18,960 INFO  server.GrpcServerProtocolService (GrpcServerProtocolService.java:onCompleted(104)) - 812bc747-170e-4a16-ad0c-247a093afae5: appendEntries completed
2019-07-14 16:18:18,960 WARN  server.GrpcLogAppender (GrpcLogAppender.java:mayWait(143)) - GrpcLogAppender(5da6f978-c976-4dad-92a3-94bec5a05bbd->172c9306-f167-47ab-bf06-fbd58e539972): Wait interrupted by java.lang.InterruptedException
2019-07-14 16:18:18,960 INFO  ratis.ContainerStateMachine (ContainerStateMachine.java:takeSnapshot(246)) - Taking snapshot at termIndex:(t:1, i:19)
2019-07-14 16:18:18,961 INFO  ratis.ContainerStateMachine (ContainerStateMachine.java:takeSnapshot(250)) - Taking a snapshot to file /workdir/hadoop-ozone/integration-test/target/test-dir/MiniOzoneClusterImpl-60d218f0-a306-42c2-bb5c-6916a11a9da3/datanode-0/data/ratis/b516fcf4-27bb-4af0-8ca9-6c193d126e87/sm/snapshot.1_19
2019-07-14 16:18:18,961 INFO  server.GrpcLogAppender (GrpcLogAppender.java:onCompleted(292)) - 5da6f978-c976-4dad-92a3-94bec5a05bbd->812bc747-170e-4a16-ad0c-247a093afae5: follower responses appendEntries COMPLETED
2019-07-14 16:18:18,961 INFO  impl.FollowerInfo (FollowerInfo.java:lambda$new$0(50)) - 5da6f978-c976-4dad-92a3-94bec5a05bbd->812bc747-170e-4a16-ad0c-247a093afae5: nextIndex: updateUnconditionally 20 -> 19
2019-07-14 16:18:18,961 INFO  impl.StateMachineUpdater (StateMachineUpdater.java:takeSnapshot(242)) - StateMachineUpdater:5da6f978-c976-4dad-92a3-94bec5a05bbd:group-6C193D126E87: Took a snapshot at index 19
2019-07-14 16:18:18,961 INFO  impl.StateMachineUpdater (StateMachineUpdater.java:lambda$new$0(80)) - StateMachineUpdater:5da6f978-c976-4dad-92a3-94bec5a05bbd:group-6C193D126E87: snapshotIndex: updateIncreasingly -1 -> 19
2019-07-14 16:18:18,962 INFO  impl.RaftServerImpl (ServerState.java:close(394)) - 5da6f978-c976-4dad-92a3-94bec5a05bbd:group-6C193D126E87 closes. The last applied log index is 19
2019-07-14 16:18:18,962 INFO  segmented.SegmentedRaftLogWorker (SegmentedRaftLogWorker.java:run(313)) - 5da6f978-c976-4dad-92a3-94bec5a05bbd-SegmentedRaftLogWorker:Storage Directory /workdir/hadoop-ozone/integration-test/target/test-dir/MiniOzoneClusterImpl-60d218f0-a306-42c2-bb5c-6916a11a9da3/datanode-0/data/ratis/b516fcf4-27bb-4af0-8ca9-6c193d126e87 was interrupted, exiting. There are 0 tasks remaining in the queue.
2019-07-14 16:18:18,972 INFO  segmented.SegmentedRaftLogWorker (SegmentedRaftLogWorker.java:close(228)) - 5da6f978-c976-4dad-92a3-94bec5a05bbd-SegmentedRaftLogWorker:Storage Directory /workdir/hadoop-ozone/integration-test/target/test-dir/MiniOzoneClusterImpl-60d218f0-a306-42c2-bb5c-6916a11a9da3/datanode-0/data/ratis/b516fcf4-27bb-4af0-8ca9-6c193d126e87 close()
2019-07-14 16:18:19,036 INFO  server.GrpcService (GrpcService.java:closeImpl(155)) - 5da6f978-c976-4dad-92a3-94bec5a05bbd: shutdown server with port 33947 now
2019-07-14 16:18:19,037 INFO  server.GrpcService (GrpcService.java:closeImpl(163)) - 5da6f978-c976-4dad-92a3-94bec5a05bbd: shutdown server with port 33947 successfully
2019-07-14 16:18:19,046 WARN  client.GrpcClientProtocolService (LogUtils.java:warn(134)) - 1-UnorderedRequestStreamObserver1: onError: org.apache.ratis.thirdparty.io.grpc.StatusRuntimeException: CANCELLED: cancelled before receiving half close
2019-07-14 16:18:19,050 INFO  utils.BackgroundService (BackgroundService.java:shutdown(148)) - Shutting down service BlockDeletingService
2019-07-14 16:18:19,052 WARN  fs.CachingGetSpaceUsed (CachingGetSpaceUsed.java:run(183)) - Thread Interrupted waiting to refresh disk information: sleep interrupted
2019-07-14 16:18:19,088 INFO  statemachine.DatanodeStateMachine (DatanodeStateMachine.java:stopDaemon(395)) - Ozone container server stopped.
2019-07-14 16:18:19,089 INFO  handler.ContextHandler (ContextHandler.java:doStop(910)) - Stopped o.e.j.w.WebAppContext@5545c42{/,null,UNAVAILABLE}{/hddsDatanode}
2019-07-14 16:18:19,089 INFO  server.AbstractConnector (AbstractConnector.java:doStop(318)) - Stopped ServerConnector@2420e962{HTTP/1.1,[http/1.1]}{0.0.0.0:0}
2019-07-14 16:18:19,090 INFO  handler.ContextHandler (ContextHandler.java:doStop(910)) - Stopped o.e.j.s.ServletContextHandler@5784f6b9{/static,jar:file:/home/user/.m2/repository/org/apache/hadoop/hadoop-hdds-container-service/0.5.0-SNAPSHOT/hadoop-hdds-container-service-0.5.0-SNAPSHOT.jar!/webapps/static,UNAVAILABLE}
2019-07-14 16:18:19,090 INFO  handler.ContextHandler (ContextHandler.java:doStop(910)) - Stopped o.e.j.s.ServletContextHandler@2afd8972{/logs,file:///workdir/hadoop-ozone/integration-test/target/log,UNAVAILABLE}
]]></system-out>
    <system-err><![CDATA[Jul 14, 2019 4:17:56 PM com.sun.jersey.server.impl.application.WebApplicationImpl _initiate
INFO: Initiating Jersey application, version 'Jersey: 1.19 02/11/2015 03:25 AM'
Jul 14, 2019 4:17:57 PM com.sun.jersey.server.impl.application.WebApplicationImpl _initiate
INFO: Initiating Jersey application, version 'Jersey: 1.19 02/11/2015 03:25 AM'
Jul 14, 2019 4:17:57 PM com.sun.jersey.server.impl.application.WebApplicationImpl _initiate
INFO: Initiating Jersey application, version 'Jersey: 1.19 02/11/2015 03:25 AM'
Jul 14, 2019 4:17:58 PM com.sun.jersey.server.impl.application.WebApplicationImpl _initiate
INFO: Initiating Jersey application, version 'Jersey: 1.19 02/11/2015 03:25 AM'
Jul 14, 2019 4:17:58 PM com.sun.jersey.server.impl.application.WebApplicationImpl _initiate
INFO: Initiating Jersey application, version 'Jersey: 1.19 02/11/2015 03:25 AM'
Jul 14, 2019 4:17:58 PM com.sun.jersey.server.impl.application.WebApplicationImpl _initiate
INFO: Initiating Jersey application, version 'Jersey: 1.19 02/11/2015 03:25 AM'
]]></system-err>
  </testcase>
</testsuite>